<?xml version="1.0" encoding="utf-8"?><testsuites><testsuite name="pytest" errors="0" failures="76" skipped="0" tests="180" time="198.790" timestamp="2023-11-30T22:19:35.196000" hostname="be2d8ee410eb"><testcase classname="test.test_config.Parser" name="test_base" time="0.071" /><testcase classname="test.test_config.Parser" name="test_empty" time="0.034" /><testcase classname="test.test_config.Parser" name="test_empty_tag_prefixes" time="0.075" /><testcase classname="test.test_config.Parser" name="test_minimal" time="0.019" /><testcase classname="test.test_config.Parser" name="test_mostly_empty" time="0.037" /><testcase classname="test.test_file.Parser" name="test_crlf" time="0.018" /><testcase classname="test.test_file.Parser" name="test_lf" time="0.015" /><testcase classname="test.test_render.Testing_renderer_case_mixin" name="test_tagged_0_commits_clean" time="0.014"><failure message="AttributeError: 'Testing_renderer_case_mixin' object has no attribute 'style'">Traceback (most recent call last):
  File "/workdir/versioneer-0.28/.tox/graalpylibtest-unit-test-tests/lib/python3.10/site-packages/_pytest/runner.py", line 341, in from_call
    result: Optional[TResult] = func()
  File "/workdir/versioneer-0.28/.tox/graalpylibtest-unit-test-tests/lib/python3.10/site-packages/_pytest/runner.py", line 262, in &lt;lambda&gt;
    lambda: ihook(item=item, **kwds), when=when, reraise=reraise
  File "/workdir/versioneer-0.28/.tox/graalpylibtest-unit-test-tests/lib/python3.10/site-packages/pluggy/_hooks.py", line 493, in __call__
    return self._hookexec(self.name, self._hookimpls, kwargs, firstresult)
  File "/workdir/versioneer-0.28/.tox/graalpylibtest-unit-test-tests/lib/python3.10/site-packages/pluggy/_manager.py", line 115, in _hookexec
    return self._inner_hookexec(hook_name, methods, kwargs, firstresult)
  File "/workdir/versioneer-0.28/.tox/graalpylibtest-unit-test-tests/lib/python3.10/site-packages/pluggy/_callers.py", line 152, in _multicall
    return outcome.get_result()
  File "/workdir/versioneer-0.28/.tox/graalpylibtest-unit-test-tests/lib/python3.10/site-packages/pluggy/_result.py", line 114, in get_result
    raise exc.with_traceback(exc.__traceback__)
  File "/workdir/versioneer-0.28/.tox/graalpylibtest-unit-test-tests/lib/python3.10/site-packages/pluggy/_callers.py", line 77, in _multicall
    res = hook_impl.function(*args)
  File "/workdir/versioneer-0.28/.tox/graalpylibtest-unit-test-tests/lib/python3.10/site-packages/_pytest/runner.py", line 177, in pytest_runtest_call
    raise e
  File "/workdir/versioneer-0.28/.tox/graalpylibtest-unit-test-tests/lib/python3.10/site-packages/_pytest/runner.py", line 169, in pytest_runtest_call
    item.runtest()
  File "/workdir/versioneer-0.28/.tox/graalpylibtest-unit-test-tests/lib/python3.10/site-packages/_pytest/python.py", line 1792, in runtest
    self.ihook.pytest_pyfunc_call(pyfuncitem=self)
  File "/workdir/versioneer-0.28/.tox/graalpylibtest-unit-test-tests/lib/python3.10/site-packages/pluggy/_hooks.py", line 493, in __call__
    return self._hookexec(self.name, self._hookimpls, kwargs, firstresult)
  File "/workdir/versioneer-0.28/.tox/graalpylibtest-unit-test-tests/lib/python3.10/site-packages/pluggy/_manager.py", line 115, in _hookexec
    return self._inner_hookexec(hook_name, methods, kwargs, firstresult)
  File "/workdir/versioneer-0.28/.tox/graalpylibtest-unit-test-tests/lib/python3.10/site-packages/pluggy/_callers.py", line 113, in _multicall
    raise exception.with_traceback(exception.__traceback__)
  File "/workdir/versioneer-0.28/.tox/graalpylibtest-unit-test-tests/lib/python3.10/site-packages/pluggy/_callers.py", line 77, in _multicall
    res = hook_impl.function(*args)
  File "/workdir/versioneer-0.28/.tox/graalpylibtest-unit-test-tests/lib/python3.10/site-packages/_pytest/python.py", line 194, in pytest_pyfunc_call
    result = testfunction(**testargs)
  File "/workdir/versioneer-0.28/test/test_render.py", line 33, in test_tagged_0_commits_clean
    self.assert_rendered(self.define_pieces('v1.2.3'),
  File "/workdir/versioneer-0.28/test/test_render.py", line 24, in assert_rendered
    version = render(pieces, self.style)['version']
AttributeError: 'Testing_renderer_case_mixin' object has no attribute 'style'</failure></testcase><testcase classname="test.test_render.Testing_renderer_case_mixin" name="test_tagged_1_commits_clean" time="0.014"><failure message="AttributeError: 'Testing_renderer_case_mixin' object has no attribute 'style'">Traceback (most recent call last):
  File "/workdir/versioneer-0.28/.tox/graalpylibtest-unit-test-tests/lib/python3.10/site-packages/_pytest/runner.py", line 341, in from_call
    result: Optional[TResult] = func()
  File "/workdir/versioneer-0.28/.tox/graalpylibtest-unit-test-tests/lib/python3.10/site-packages/_pytest/runner.py", line 262, in &lt;lambda&gt;
    lambda: ihook(item=item, **kwds), when=when, reraise=reraise
  File "/workdir/versioneer-0.28/.tox/graalpylibtest-unit-test-tests/lib/python3.10/site-packages/pluggy/_hooks.py", line 493, in __call__
    return self._hookexec(self.name, self._hookimpls, kwargs, firstresult)
  File "/workdir/versioneer-0.28/.tox/graalpylibtest-unit-test-tests/lib/python3.10/site-packages/pluggy/_manager.py", line 115, in _hookexec
    return self._inner_hookexec(hook_name, methods, kwargs, firstresult)
  File "/workdir/versioneer-0.28/.tox/graalpylibtest-unit-test-tests/lib/python3.10/site-packages/pluggy/_callers.py", line 152, in _multicall
    return outcome.get_result()
  File "/workdir/versioneer-0.28/.tox/graalpylibtest-unit-test-tests/lib/python3.10/site-packages/pluggy/_result.py", line 114, in get_result
    raise exc.with_traceback(exc.__traceback__)
  File "/workdir/versioneer-0.28/.tox/graalpylibtest-unit-test-tests/lib/python3.10/site-packages/pluggy/_callers.py", line 77, in _multicall
    res = hook_impl.function(*args)
  File "/workdir/versioneer-0.28/.tox/graalpylibtest-unit-test-tests/lib/python3.10/site-packages/_pytest/runner.py", line 177, in pytest_runtest_call
    raise e
  File "/workdir/versioneer-0.28/.tox/graalpylibtest-unit-test-tests/lib/python3.10/site-packages/_pytest/runner.py", line 169, in pytest_runtest_call
    item.runtest()
  File "/workdir/versioneer-0.28/.tox/graalpylibtest-unit-test-tests/lib/python3.10/site-packages/_pytest/python.py", line 1792, in runtest
    self.ihook.pytest_pyfunc_call(pyfuncitem=self)
  File "/workdir/versioneer-0.28/.tox/graalpylibtest-unit-test-tests/lib/python3.10/site-packages/pluggy/_hooks.py", line 493, in __call__
    return self._hookexec(self.name, self._hookimpls, kwargs, firstresult)
  File "/workdir/versioneer-0.28/.tox/graalpylibtest-unit-test-tests/lib/python3.10/site-packages/pluggy/_manager.py", line 115, in _hookexec
    return self._inner_hookexec(hook_name, methods, kwargs, firstresult)
  File "/workdir/versioneer-0.28/.tox/graalpylibtest-unit-test-tests/lib/python3.10/site-packages/pluggy/_callers.py", line 113, in _multicall
    raise exception.with_traceback(exception.__traceback__)
  File "/workdir/versioneer-0.28/.tox/graalpylibtest-unit-test-tests/lib/python3.10/site-packages/pluggy/_callers.py", line 77, in _multicall
    res = hook_impl.function(*args)
  File "/workdir/versioneer-0.28/.tox/graalpylibtest-unit-test-tests/lib/python3.10/site-packages/_pytest/python.py", line 194, in pytest_pyfunc_call
    result = testfunction(**testargs)
  File "/workdir/versioneer-0.28/test/test_render.py", line 37, in test_tagged_1_commits_clean
    self.assert_rendered(self.define_pieces('v1.2.3', distance=1),
  File "/workdir/versioneer-0.28/test/test_render.py", line 24, in assert_rendered
    version = render(pieces, self.style)['version']
AttributeError: 'Testing_renderer_case_mixin' object has no attribute 'style'</failure></testcase><testcase classname="test.test_render.Testing_renderer_case_mixin" name="test_tagged_0_commits_dirty" time="0.013"><failure message="AttributeError: 'Testing_renderer_case_mixin' object has no attribute 'style'">Traceback (most recent call last):
  File "/workdir/versioneer-0.28/.tox/graalpylibtest-unit-test-tests/lib/python3.10/site-packages/_pytest/runner.py", line 341, in from_call
    result: Optional[TResult] = func()
  File "/workdir/versioneer-0.28/.tox/graalpylibtest-unit-test-tests/lib/python3.10/site-packages/_pytest/runner.py", line 262, in &lt;lambda&gt;
    lambda: ihook(item=item, **kwds), when=when, reraise=reraise
  File "/workdir/versioneer-0.28/.tox/graalpylibtest-unit-test-tests/lib/python3.10/site-packages/pluggy/_hooks.py", line 493, in __call__
    return self._hookexec(self.name, self._hookimpls, kwargs, firstresult)
  File "/workdir/versioneer-0.28/.tox/graalpylibtest-unit-test-tests/lib/python3.10/site-packages/pluggy/_manager.py", line 115, in _hookexec
    return self._inner_hookexec(hook_name, methods, kwargs, firstresult)
  File "/workdir/versioneer-0.28/.tox/graalpylibtest-unit-test-tests/lib/python3.10/site-packages/pluggy/_callers.py", line 152, in _multicall
    return outcome.get_result()
  File "/workdir/versioneer-0.28/.tox/graalpylibtest-unit-test-tests/lib/python3.10/site-packages/pluggy/_result.py", line 114, in get_result
    raise exc.with_traceback(exc.__traceback__)
  File "/workdir/versioneer-0.28/.tox/graalpylibtest-unit-test-tests/lib/python3.10/site-packages/pluggy/_callers.py", line 77, in _multicall
    res = hook_impl.function(*args)
  File "/workdir/versioneer-0.28/.tox/graalpylibtest-unit-test-tests/lib/python3.10/site-packages/_pytest/runner.py", line 177, in pytest_runtest_call
    raise e
  File "/workdir/versioneer-0.28/.tox/graalpylibtest-unit-test-tests/lib/python3.10/site-packages/_pytest/runner.py", line 169, in pytest_runtest_call
    item.runtest()
  File "/workdir/versioneer-0.28/.tox/graalpylibtest-unit-test-tests/lib/python3.10/site-packages/_pytest/python.py", line 1792, in runtest
    self.ihook.pytest_pyfunc_call(pyfuncitem=self)
  File "/workdir/versioneer-0.28/.tox/graalpylibtest-unit-test-tests/lib/python3.10/site-packages/pluggy/_hooks.py", line 493, in __call__
    return self._hookexec(self.name, self._hookimpls, kwargs, firstresult)
  File "/workdir/versioneer-0.28/.tox/graalpylibtest-unit-test-tests/lib/python3.10/site-packages/pluggy/_manager.py", line 115, in _hookexec
    return self._inner_hookexec(hook_name, methods, kwargs, firstresult)
  File "/workdir/versioneer-0.28/.tox/graalpylibtest-unit-test-tests/lib/python3.10/site-packages/pluggy/_callers.py", line 113, in _multicall
    raise exception.with_traceback(exception.__traceback__)
  File "/workdir/versioneer-0.28/.tox/graalpylibtest-unit-test-tests/lib/python3.10/site-packages/pluggy/_callers.py", line 77, in _multicall
    res = hook_impl.function(*args)
  File "/workdir/versioneer-0.28/.tox/graalpylibtest-unit-test-tests/lib/python3.10/site-packages/_pytest/python.py", line 194, in pytest_pyfunc_call
    result = testfunction(**testargs)
  File "/workdir/versioneer-0.28/test/test_render.py", line 41, in test_tagged_0_commits_dirty
    self.assert_rendered(self.define_pieces('v1.2.3', dirty=True),
  File "/workdir/versioneer-0.28/test/test_render.py", line 24, in assert_rendered
    version = render(pieces, self.style)['version']
AttributeError: 'Testing_renderer_case_mixin' object has no attribute 'style'</failure></testcase><testcase classname="test.test_render.Testing_renderer_case_mixin" name="test_tagged_1_commits_dirty" time="0.012"><failure message="AttributeError: 'Testing_renderer_case_mixin' object has no attribute 'style'">Traceback (most recent call last):
  File "/workdir/versioneer-0.28/.tox/graalpylibtest-unit-test-tests/lib/python3.10/site-packages/_pytest/runner.py", line 341, in from_call
    result: Optional[TResult] = func()
  File "/workdir/versioneer-0.28/.tox/graalpylibtest-unit-test-tests/lib/python3.10/site-packages/_pytest/runner.py", line 262, in &lt;lambda&gt;
    lambda: ihook(item=item, **kwds), when=when, reraise=reraise
  File "/workdir/versioneer-0.28/.tox/graalpylibtest-unit-test-tests/lib/python3.10/site-packages/pluggy/_hooks.py", line 493, in __call__
    return self._hookexec(self.name, self._hookimpls, kwargs, firstresult)
  File "/workdir/versioneer-0.28/.tox/graalpylibtest-unit-test-tests/lib/python3.10/site-packages/pluggy/_manager.py", line 115, in _hookexec
    return self._inner_hookexec(hook_name, methods, kwargs, firstresult)
  File "/workdir/versioneer-0.28/.tox/graalpylibtest-unit-test-tests/lib/python3.10/site-packages/pluggy/_callers.py", line 152, in _multicall
    return outcome.get_result()
  File "/workdir/versioneer-0.28/.tox/graalpylibtest-unit-test-tests/lib/python3.10/site-packages/pluggy/_result.py", line 114, in get_result
    raise exc.with_traceback(exc.__traceback__)
  File "/workdir/versioneer-0.28/.tox/graalpylibtest-unit-test-tests/lib/python3.10/site-packages/pluggy/_callers.py", line 77, in _multicall
    res = hook_impl.function(*args)
  File "/workdir/versioneer-0.28/.tox/graalpylibtest-unit-test-tests/lib/python3.10/site-packages/_pytest/runner.py", line 177, in pytest_runtest_call
    raise e
  File "/workdir/versioneer-0.28/.tox/graalpylibtest-unit-test-tests/lib/python3.10/site-packages/_pytest/runner.py", line 169, in pytest_runtest_call
    item.runtest()
  File "/workdir/versioneer-0.28/.tox/graalpylibtest-unit-test-tests/lib/python3.10/site-packages/_pytest/python.py", line 1792, in runtest
    self.ihook.pytest_pyfunc_call(pyfuncitem=self)
  File "/workdir/versioneer-0.28/.tox/graalpylibtest-unit-test-tests/lib/python3.10/site-packages/pluggy/_hooks.py", line 493, in __call__
    return self._hookexec(self.name, self._hookimpls, kwargs, firstresult)
  File "/workdir/versioneer-0.28/.tox/graalpylibtest-unit-test-tests/lib/python3.10/site-packages/pluggy/_manager.py", line 115, in _hookexec
    return self._inner_hookexec(hook_name, methods, kwargs, firstresult)
  File "/workdir/versioneer-0.28/.tox/graalpylibtest-unit-test-tests/lib/python3.10/site-packages/pluggy/_callers.py", line 113, in _multicall
    raise exception.with_traceback(exception.__traceback__)
  File "/workdir/versioneer-0.28/.tox/graalpylibtest-unit-test-tests/lib/python3.10/site-packages/pluggy/_callers.py", line 77, in _multicall
    res = hook_impl.function(*args)
  File "/workdir/versioneer-0.28/.tox/graalpylibtest-unit-test-tests/lib/python3.10/site-packages/_pytest/python.py", line 194, in pytest_pyfunc_call
    result = testfunction(**testargs)
  File "/workdir/versioneer-0.28/test/test_render.py", line 45, in test_tagged_1_commits_dirty
    self.assert_rendered(self.define_pieces('v1.2.3', distance=1,
  File "/workdir/versioneer-0.28/test/test_render.py", line 24, in assert_rendered
    version = render(pieces, self.style)['version']
AttributeError: 'Testing_renderer_case_mixin' object has no attribute 'style'</failure></testcase><testcase classname="test.test_render.Testing_renderer_case_mixin" name="test_untagged_0_commits_clean" time="0.008"><failure message="AttributeError: 'Testing_renderer_case_mixin' object has no attribute 'style'">Traceback (most recent call last):
  File "/workdir/versioneer-0.28/.tox/graalpylibtest-unit-test-tests/lib/python3.10/site-packages/_pytest/runner.py", line 341, in from_call
    result: Optional[TResult] = func()
  File "/workdir/versioneer-0.28/.tox/graalpylibtest-unit-test-tests/lib/python3.10/site-packages/_pytest/runner.py", line 262, in &lt;lambda&gt;
    lambda: ihook(item=item, **kwds), when=when, reraise=reraise
  File "/workdir/versioneer-0.28/.tox/graalpylibtest-unit-test-tests/lib/python3.10/site-packages/pluggy/_hooks.py", line 493, in __call__
    return self._hookexec(self.name, self._hookimpls, kwargs, firstresult)
  File "/workdir/versioneer-0.28/.tox/graalpylibtest-unit-test-tests/lib/python3.10/site-packages/pluggy/_manager.py", line 115, in _hookexec
    return self._inner_hookexec(hook_name, methods, kwargs, firstresult)
  File "/workdir/versioneer-0.28/.tox/graalpylibtest-unit-test-tests/lib/python3.10/site-packages/pluggy/_callers.py", line 152, in _multicall
    return outcome.get_result()
  File "/workdir/versioneer-0.28/.tox/graalpylibtest-unit-test-tests/lib/python3.10/site-packages/pluggy/_result.py", line 114, in get_result
    raise exc.with_traceback(exc.__traceback__)
  File "/workdir/versioneer-0.28/.tox/graalpylibtest-unit-test-tests/lib/python3.10/site-packages/pluggy/_callers.py", line 77, in _multicall
    res = hook_impl.function(*args)
  File "/workdir/versioneer-0.28/.tox/graalpylibtest-unit-test-tests/lib/python3.10/site-packages/_pytest/runner.py", line 177, in pytest_runtest_call
    raise e
  File "/workdir/versioneer-0.28/.tox/graalpylibtest-unit-test-tests/lib/python3.10/site-packages/_pytest/runner.py", line 169, in pytest_runtest_call
    item.runtest()
  File "/workdir/versioneer-0.28/.tox/graalpylibtest-unit-test-tests/lib/python3.10/site-packages/_pytest/python.py", line 1792, in runtest
    self.ihook.pytest_pyfunc_call(pyfuncitem=self)
  File "/workdir/versioneer-0.28/.tox/graalpylibtest-unit-test-tests/lib/python3.10/site-packages/pluggy/_hooks.py", line 493, in __call__
    return self._hookexec(self.name, self._hookimpls, kwargs, firstresult)
  File "/workdir/versioneer-0.28/.tox/graalpylibtest-unit-test-tests/lib/python3.10/site-packages/pluggy/_manager.py", line 115, in _hookexec
    return self._inner_hookexec(hook_name, methods, kwargs, firstresult)
  File "/workdir/versioneer-0.28/.tox/graalpylibtest-unit-test-tests/lib/python3.10/site-packages/pluggy/_callers.py", line 113, in _multicall
    raise exception.with_traceback(exception.__traceback__)
  File "/workdir/versioneer-0.28/.tox/graalpylibtest-unit-test-tests/lib/python3.10/site-packages/pluggy/_callers.py", line 77, in _multicall
    res = hook_impl.function(*args)
  File "/workdir/versioneer-0.28/.tox/graalpylibtest-unit-test-tests/lib/python3.10/site-packages/_pytest/python.py", line 194, in pytest_pyfunc_call
    result = testfunction(**testargs)
  File "/workdir/versioneer-0.28/test/test_render.py", line 50, in test_untagged_0_commits_clean
    self.assert_rendered(self.define_pieces(None),
  File "/workdir/versioneer-0.28/test/test_render.py", line 24, in assert_rendered
    version = render(pieces, self.style)['version']
AttributeError: 'Testing_renderer_case_mixin' object has no attribute 'style'</failure></testcase><testcase classname="test.test_render.Testing_renderer_case_mixin" name="test_untagged_1_commits_clean" time="0.010"><failure message="AttributeError: 'Testing_renderer_case_mixin' object has no attribute 'style'">Traceback (most recent call last):
  File "/workdir/versioneer-0.28/.tox/graalpylibtest-unit-test-tests/lib/python3.10/site-packages/_pytest/runner.py", line 341, in from_call
    result: Optional[TResult] = func()
  File "/workdir/versioneer-0.28/.tox/graalpylibtest-unit-test-tests/lib/python3.10/site-packages/_pytest/runner.py", line 262, in &lt;lambda&gt;
    lambda: ihook(item=item, **kwds), when=when, reraise=reraise
  File "/workdir/versioneer-0.28/.tox/graalpylibtest-unit-test-tests/lib/python3.10/site-packages/pluggy/_hooks.py", line 493, in __call__
    return self._hookexec(self.name, self._hookimpls, kwargs, firstresult)
  File "/workdir/versioneer-0.28/.tox/graalpylibtest-unit-test-tests/lib/python3.10/site-packages/pluggy/_manager.py", line 115, in _hookexec
    return self._inner_hookexec(hook_name, methods, kwargs, firstresult)
  File "/workdir/versioneer-0.28/.tox/graalpylibtest-unit-test-tests/lib/python3.10/site-packages/pluggy/_callers.py", line 152, in _multicall
    return outcome.get_result()
  File "/workdir/versioneer-0.28/.tox/graalpylibtest-unit-test-tests/lib/python3.10/site-packages/pluggy/_result.py", line 114, in get_result
    raise exc.with_traceback(exc.__traceback__)
  File "/workdir/versioneer-0.28/.tox/graalpylibtest-unit-test-tests/lib/python3.10/site-packages/pluggy/_callers.py", line 77, in _multicall
    res = hook_impl.function(*args)
  File "/workdir/versioneer-0.28/.tox/graalpylibtest-unit-test-tests/lib/python3.10/site-packages/_pytest/runner.py", line 177, in pytest_runtest_call
    raise e
  File "/workdir/versioneer-0.28/.tox/graalpylibtest-unit-test-tests/lib/python3.10/site-packages/_pytest/runner.py", line 169, in pytest_runtest_call
    item.runtest()
  File "/workdir/versioneer-0.28/.tox/graalpylibtest-unit-test-tests/lib/python3.10/site-packages/_pytest/python.py", line 1792, in runtest
    self.ihook.pytest_pyfunc_call(pyfuncitem=self)
  File "/workdir/versioneer-0.28/.tox/graalpylibtest-unit-test-tests/lib/python3.10/site-packages/pluggy/_hooks.py", line 493, in __call__
    return self._hookexec(self.name, self._hookimpls, kwargs, firstresult)
  File "/workdir/versioneer-0.28/.tox/graalpylibtest-unit-test-tests/lib/python3.10/site-packages/pluggy/_manager.py", line 115, in _hookexec
    return self._inner_hookexec(hook_name, methods, kwargs, firstresult)
  File "/workdir/versioneer-0.28/.tox/graalpylibtest-unit-test-tests/lib/python3.10/site-packages/pluggy/_callers.py", line 113, in _multicall
    raise exception.with_traceback(exception.__traceback__)
  File "/workdir/versioneer-0.28/.tox/graalpylibtest-unit-test-tests/lib/python3.10/site-packages/pluggy/_callers.py", line 77, in _multicall
    res = hook_impl.function(*args)
  File "/workdir/versioneer-0.28/.tox/graalpylibtest-unit-test-tests/lib/python3.10/site-packages/_pytest/python.py", line 194, in pytest_pyfunc_call
    result = testfunction(**testargs)
  File "/workdir/versioneer-0.28/test/test_render.py", line 54, in test_untagged_1_commits_clean
    self.assert_rendered(self.define_pieces(None, distance=1),
  File "/workdir/versioneer-0.28/test/test_render.py", line 24, in assert_rendered
    version = render(pieces, self.style)['version']
AttributeError: 'Testing_renderer_case_mixin' object has no attribute 'style'</failure></testcase><testcase classname="test.test_render.Testing_renderer_case_mixin" name="test_untagged_0_commits_dirty" time="0.009"><failure message="AttributeError: 'Testing_renderer_case_mixin' object has no attribute 'style'">Traceback (most recent call last):
  File "/workdir/versioneer-0.28/.tox/graalpylibtest-unit-test-tests/lib/python3.10/site-packages/_pytest/runner.py", line 341, in from_call
    result: Optional[TResult] = func()
  File "/workdir/versioneer-0.28/.tox/graalpylibtest-unit-test-tests/lib/python3.10/site-packages/_pytest/runner.py", line 262, in &lt;lambda&gt;
    lambda: ihook(item=item, **kwds), when=when, reraise=reraise
  File "/workdir/versioneer-0.28/.tox/graalpylibtest-unit-test-tests/lib/python3.10/site-packages/pluggy/_hooks.py", line 493, in __call__
    return self._hookexec(self.name, self._hookimpls, kwargs, firstresult)
  File "/workdir/versioneer-0.28/.tox/graalpylibtest-unit-test-tests/lib/python3.10/site-packages/pluggy/_manager.py", line 115, in _hookexec
    return self._inner_hookexec(hook_name, methods, kwargs, firstresult)
  File "/workdir/versioneer-0.28/.tox/graalpylibtest-unit-test-tests/lib/python3.10/site-packages/pluggy/_callers.py", line 152, in _multicall
    return outcome.get_result()
  File "/workdir/versioneer-0.28/.tox/graalpylibtest-unit-test-tests/lib/python3.10/site-packages/pluggy/_result.py", line 114, in get_result
    raise exc.with_traceback(exc.__traceback__)
  File "/workdir/versioneer-0.28/.tox/graalpylibtest-unit-test-tests/lib/python3.10/site-packages/pluggy/_callers.py", line 77, in _multicall
    res = hook_impl.function(*args)
  File "/workdir/versioneer-0.28/.tox/graalpylibtest-unit-test-tests/lib/python3.10/site-packages/_pytest/runner.py", line 177, in pytest_runtest_call
    raise e
  File "/workdir/versioneer-0.28/.tox/graalpylibtest-unit-test-tests/lib/python3.10/site-packages/_pytest/runner.py", line 169, in pytest_runtest_call
    item.runtest()
  File "/workdir/versioneer-0.28/.tox/graalpylibtest-unit-test-tests/lib/python3.10/site-packages/_pytest/python.py", line 1792, in runtest
    self.ihook.pytest_pyfunc_call(pyfuncitem=self)
  File "/workdir/versioneer-0.28/.tox/graalpylibtest-unit-test-tests/lib/python3.10/site-packages/pluggy/_hooks.py", line 493, in __call__
    return self._hookexec(self.name, self._hookimpls, kwargs, firstresult)
  File "/workdir/versioneer-0.28/.tox/graalpylibtest-unit-test-tests/lib/python3.10/site-packages/pluggy/_manager.py", line 115, in _hookexec
    return self._inner_hookexec(hook_name, methods, kwargs, firstresult)
  File "/workdir/versioneer-0.28/.tox/graalpylibtest-unit-test-tests/lib/python3.10/site-packages/pluggy/_callers.py", line 113, in _multicall
    raise exception.with_traceback(exception.__traceback__)
  File "/workdir/versioneer-0.28/.tox/graalpylibtest-unit-test-tests/lib/python3.10/site-packages/pluggy/_callers.py", line 77, in _multicall
    res = hook_impl.function(*args)
  File "/workdir/versioneer-0.28/.tox/graalpylibtest-unit-test-tests/lib/python3.10/site-packages/_pytest/python.py", line 194, in pytest_pyfunc_call
    result = testfunction(**testargs)
  File "/workdir/versioneer-0.28/test/test_render.py", line 58, in test_untagged_0_commits_dirty
    self.assert_rendered(self.define_pieces(None, dirty=True),
  File "/workdir/versioneer-0.28/test/test_render.py", line 24, in assert_rendered
    version = render(pieces, self.style)['version']
AttributeError: 'Testing_renderer_case_mixin' object has no attribute 'style'</failure></testcase><testcase classname="test.test_render.Testing_renderer_case_mixin" name="test_untagged_1_commits_dirty" time="0.012"><failure message="AttributeError: 'Testing_renderer_case_mixin' object has no attribute 'style'">Traceback (most recent call last):
  File "/workdir/versioneer-0.28/.tox/graalpylibtest-unit-test-tests/lib/python3.10/site-packages/_pytest/runner.py", line 341, in from_call
    result: Optional[TResult] = func()
  File "/workdir/versioneer-0.28/.tox/graalpylibtest-unit-test-tests/lib/python3.10/site-packages/_pytest/runner.py", line 262, in &lt;lambda&gt;
    lambda: ihook(item=item, **kwds), when=when, reraise=reraise
  File "/workdir/versioneer-0.28/.tox/graalpylibtest-unit-test-tests/lib/python3.10/site-packages/pluggy/_hooks.py", line 493, in __call__
    return self._hookexec(self.name, self._hookimpls, kwargs, firstresult)
  File "/workdir/versioneer-0.28/.tox/graalpylibtest-unit-test-tests/lib/python3.10/site-packages/pluggy/_manager.py", line 115, in _hookexec
    return self._inner_hookexec(hook_name, methods, kwargs, firstresult)
  File "/workdir/versioneer-0.28/.tox/graalpylibtest-unit-test-tests/lib/python3.10/site-packages/pluggy/_callers.py", line 152, in _multicall
    return outcome.get_result()
  File "/workdir/versioneer-0.28/.tox/graalpylibtest-unit-test-tests/lib/python3.10/site-packages/pluggy/_result.py", line 114, in get_result
    raise exc.with_traceback(exc.__traceback__)
  File "/workdir/versioneer-0.28/.tox/graalpylibtest-unit-test-tests/lib/python3.10/site-packages/pluggy/_callers.py", line 77, in _multicall
    res = hook_impl.function(*args)
  File "/workdir/versioneer-0.28/.tox/graalpylibtest-unit-test-tests/lib/python3.10/site-packages/_pytest/runner.py", line 177, in pytest_runtest_call
    raise e
  File "/workdir/versioneer-0.28/.tox/graalpylibtest-unit-test-tests/lib/python3.10/site-packages/_pytest/runner.py", line 169, in pytest_runtest_call
    item.runtest()
  File "/workdir/versioneer-0.28/.tox/graalpylibtest-unit-test-tests/lib/python3.10/site-packages/_pytest/python.py", line 1792, in runtest
    self.ihook.pytest_pyfunc_call(pyfuncitem=self)
  File "/workdir/versioneer-0.28/.tox/graalpylibtest-unit-test-tests/lib/python3.10/site-packages/pluggy/_hooks.py", line 493, in __call__
    return self._hookexec(self.name, self._hookimpls, kwargs, firstresult)
  File "/workdir/versioneer-0.28/.tox/graalpylibtest-unit-test-tests/lib/python3.10/site-packages/pluggy/_manager.py", line 115, in _hookexec
    return self._inner_hookexec(hook_name, methods, kwargs, firstresult)
  File "/workdir/versioneer-0.28/.tox/graalpylibtest-unit-test-tests/lib/python3.10/site-packages/pluggy/_callers.py", line 113, in _multicall
    raise exception.with_traceback(exception.__traceback__)
  File "/workdir/versioneer-0.28/.tox/graalpylibtest-unit-test-tests/lib/python3.10/site-packages/pluggy/_callers.py", line 77, in _multicall
    res = hook_impl.function(*args)
  File "/workdir/versioneer-0.28/.tox/graalpylibtest-unit-test-tests/lib/python3.10/site-packages/_pytest/python.py", line 194, in pytest_pyfunc_call
    result = testfunction(**testargs)
  File "/workdir/versioneer-0.28/test/test_render.py", line 62, in test_untagged_1_commits_dirty
    self.assert_rendered(self.define_pieces(None, distance=1,
  File "/workdir/versioneer-0.28/test/test_render.py", line 24, in assert_rendered
    version = render(pieces, self.style)['version']
AttributeError: 'Testing_renderer_case_mixin' object has no attribute 'style'</failure></testcase><testcase classname="test.test_render.Testing_renderer_case_mixin" name="test_error_getting_parts" time="0.010"><failure message="AttributeError: 'Testing_renderer_case_mixin' object has no attribute 'style'">Traceback (most recent call last):
  File "/workdir/versioneer-0.28/.tox/graalpylibtest-unit-test-tests/lib/python3.10/site-packages/_pytest/runner.py", line 341, in from_call
    result: Optional[TResult] = func()
  File "/workdir/versioneer-0.28/.tox/graalpylibtest-unit-test-tests/lib/python3.10/site-packages/_pytest/runner.py", line 262, in &lt;lambda&gt;
    lambda: ihook(item=item, **kwds), when=when, reraise=reraise
  File "/workdir/versioneer-0.28/.tox/graalpylibtest-unit-test-tests/lib/python3.10/site-packages/pluggy/_hooks.py", line 493, in __call__
    return self._hookexec(self.name, self._hookimpls, kwargs, firstresult)
  File "/workdir/versioneer-0.28/.tox/graalpylibtest-unit-test-tests/lib/python3.10/site-packages/pluggy/_manager.py", line 115, in _hookexec
    return self._inner_hookexec(hook_name, methods, kwargs, firstresult)
  File "/workdir/versioneer-0.28/.tox/graalpylibtest-unit-test-tests/lib/python3.10/site-packages/pluggy/_callers.py", line 152, in _multicall
    return outcome.get_result()
  File "/workdir/versioneer-0.28/.tox/graalpylibtest-unit-test-tests/lib/python3.10/site-packages/pluggy/_result.py", line 114, in get_result
    raise exc.with_traceback(exc.__traceback__)
  File "/workdir/versioneer-0.28/.tox/graalpylibtest-unit-test-tests/lib/python3.10/site-packages/pluggy/_callers.py", line 77, in _multicall
    res = hook_impl.function(*args)
  File "/workdir/versioneer-0.28/.tox/graalpylibtest-unit-test-tests/lib/python3.10/site-packages/_pytest/runner.py", line 177, in pytest_runtest_call
    raise e
  File "/workdir/versioneer-0.28/.tox/graalpylibtest-unit-test-tests/lib/python3.10/site-packages/_pytest/runner.py", line 169, in pytest_runtest_call
    item.runtest()
  File "/workdir/versioneer-0.28/.tox/graalpylibtest-unit-test-tests/lib/python3.10/site-packages/_pytest/python.py", line 1792, in runtest
    self.ihook.pytest_pyfunc_call(pyfuncitem=self)
  File "/workdir/versioneer-0.28/.tox/graalpylibtest-unit-test-tests/lib/python3.10/site-packages/pluggy/_hooks.py", line 493, in __call__
    return self._hookexec(self.name, self._hookimpls, kwargs, firstresult)
  File "/workdir/versioneer-0.28/.tox/graalpylibtest-unit-test-tests/lib/python3.10/site-packages/pluggy/_manager.py", line 115, in _hookexec
    return self._inner_hookexec(hook_name, methods, kwargs, firstresult)
  File "/workdir/versioneer-0.28/.tox/graalpylibtest-unit-test-tests/lib/python3.10/site-packages/pluggy/_callers.py", line 113, in _multicall
    raise exception.with_traceback(exception.__traceback__)
  File "/workdir/versioneer-0.28/.tox/graalpylibtest-unit-test-tests/lib/python3.10/site-packages/pluggy/_callers.py", line 77, in _multicall
    res = hook_impl.function(*args)
  File "/workdir/versioneer-0.28/.tox/graalpylibtest-unit-test-tests/lib/python3.10/site-packages/_pytest/python.py", line 194, in pytest_pyfunc_call
    result = testfunction(**testargs)
  File "/workdir/versioneer-0.28/test/test_render.py", line 67, in test_error_getting_parts
    self.assert_rendered({'error': 'Not a git repo'},
  File "/workdir/versioneer-0.28/test/test_render.py", line 24, in assert_rendered
    version = render(pieces, self.style)['version']
AttributeError: 'Testing_renderer_case_mixin' object has no attribute 'style'</failure></testcase><testcase classname="test.test_render.Testing_branch_renderer_case_mixin" name="test_tagged_0_commits_clean" time="0.011"><failure message="AttributeError: 'Testing_branch_renderer_case_mixin' object has no attribute 'style'">Traceback (most recent call last):
  File "/workdir/versioneer-0.28/.tox/graalpylibtest-unit-test-tests/lib/python3.10/site-packages/_pytest/runner.py", line 341, in from_call
    result: Optional[TResult] = func()
  File "/workdir/versioneer-0.28/.tox/graalpylibtest-unit-test-tests/lib/python3.10/site-packages/_pytest/runner.py", line 262, in &lt;lambda&gt;
    lambda: ihook(item=item, **kwds), when=when, reraise=reraise
  File "/workdir/versioneer-0.28/.tox/graalpylibtest-unit-test-tests/lib/python3.10/site-packages/pluggy/_hooks.py", line 493, in __call__
    return self._hookexec(self.name, self._hookimpls, kwargs, firstresult)
  File "/workdir/versioneer-0.28/.tox/graalpylibtest-unit-test-tests/lib/python3.10/site-packages/pluggy/_manager.py", line 115, in _hookexec
    return self._inner_hookexec(hook_name, methods, kwargs, firstresult)
  File "/workdir/versioneer-0.28/.tox/graalpylibtest-unit-test-tests/lib/python3.10/site-packages/pluggy/_callers.py", line 152, in _multicall
    return outcome.get_result()
  File "/workdir/versioneer-0.28/.tox/graalpylibtest-unit-test-tests/lib/python3.10/site-packages/pluggy/_result.py", line 114, in get_result
    raise exc.with_traceback(exc.__traceback__)
  File "/workdir/versioneer-0.28/.tox/graalpylibtest-unit-test-tests/lib/python3.10/site-packages/pluggy/_callers.py", line 77, in _multicall
    res = hook_impl.function(*args)
  File "/workdir/versioneer-0.28/.tox/graalpylibtest-unit-test-tests/lib/python3.10/site-packages/_pytest/runner.py", line 177, in pytest_runtest_call
    raise e
  File "/workdir/versioneer-0.28/.tox/graalpylibtest-unit-test-tests/lib/python3.10/site-packages/_pytest/runner.py", line 169, in pytest_runtest_call
    item.runtest()
  File "/workdir/versioneer-0.28/.tox/graalpylibtest-unit-test-tests/lib/python3.10/site-packages/_pytest/python.py", line 1792, in runtest
    self.ihook.pytest_pyfunc_call(pyfuncitem=self)
  File "/workdir/versioneer-0.28/.tox/graalpylibtest-unit-test-tests/lib/python3.10/site-packages/pluggy/_hooks.py", line 493, in __call__
    return self._hookexec(self.name, self._hookimpls, kwargs, firstresult)
  File "/workdir/versioneer-0.28/.tox/graalpylibtest-unit-test-tests/lib/python3.10/site-packages/pluggy/_manager.py", line 115, in _hookexec
    return self._inner_hookexec(hook_name, methods, kwargs, firstresult)
  File "/workdir/versioneer-0.28/.tox/graalpylibtest-unit-test-tests/lib/python3.10/site-packages/pluggy/_callers.py", line 113, in _multicall
    raise exception.with_traceback(exception.__traceback__)
  File "/workdir/versioneer-0.28/.tox/graalpylibtest-unit-test-tests/lib/python3.10/site-packages/pluggy/_callers.py", line 77, in _multicall
    res = hook_impl.function(*args)
  File "/workdir/versioneer-0.28/.tox/graalpylibtest-unit-test-tests/lib/python3.10/site-packages/_pytest/python.py", line 194, in pytest_pyfunc_call
    result = testfunction(**testargs)
  File "/workdir/versioneer-0.28/test/test_render.py", line 33, in test_tagged_0_commits_clean
    self.assert_rendered(self.define_pieces('v1.2.3'),
  File "/workdir/versioneer-0.28/test/test_render.py", line 24, in assert_rendered
    version = render(pieces, self.style)['version']
AttributeError: 'Testing_branch_renderer_case_mixin' object has no attribute 'style'</failure></testcase><testcase classname="test.test_render.Testing_branch_renderer_case_mixin" name="test_tagged_1_commits_clean" time="0.013"><failure message="AttributeError: 'Testing_branch_renderer_case_mixin' object has no attribute 'style'">Traceback (most recent call last):
  File "/workdir/versioneer-0.28/.tox/graalpylibtest-unit-test-tests/lib/python3.10/site-packages/_pytest/runner.py", line 341, in from_call
    result: Optional[TResult] = func()
  File "/workdir/versioneer-0.28/.tox/graalpylibtest-unit-test-tests/lib/python3.10/site-packages/_pytest/runner.py", line 262, in &lt;lambda&gt;
    lambda: ihook(item=item, **kwds), when=when, reraise=reraise
  File "/workdir/versioneer-0.28/.tox/graalpylibtest-unit-test-tests/lib/python3.10/site-packages/pluggy/_hooks.py", line 493, in __call__
    return self._hookexec(self.name, self._hookimpls, kwargs, firstresult)
  File "/workdir/versioneer-0.28/.tox/graalpylibtest-unit-test-tests/lib/python3.10/site-packages/pluggy/_manager.py", line 115, in _hookexec
    return self._inner_hookexec(hook_name, methods, kwargs, firstresult)
  File "/workdir/versioneer-0.28/.tox/graalpylibtest-unit-test-tests/lib/python3.10/site-packages/pluggy/_callers.py", line 152, in _multicall
    return outcome.get_result()
  File "/workdir/versioneer-0.28/.tox/graalpylibtest-unit-test-tests/lib/python3.10/site-packages/pluggy/_result.py", line 114, in get_result
    raise exc.with_traceback(exc.__traceback__)
  File "/workdir/versioneer-0.28/.tox/graalpylibtest-unit-test-tests/lib/python3.10/site-packages/pluggy/_callers.py", line 77, in _multicall
    res = hook_impl.function(*args)
  File "/workdir/versioneer-0.28/.tox/graalpylibtest-unit-test-tests/lib/python3.10/site-packages/_pytest/runner.py", line 177, in pytest_runtest_call
    raise e
  File "/workdir/versioneer-0.28/.tox/graalpylibtest-unit-test-tests/lib/python3.10/site-packages/_pytest/runner.py", line 169, in pytest_runtest_call
    item.runtest()
  File "/workdir/versioneer-0.28/.tox/graalpylibtest-unit-test-tests/lib/python3.10/site-packages/_pytest/python.py", line 1792, in runtest
    self.ihook.pytest_pyfunc_call(pyfuncitem=self)
  File "/workdir/versioneer-0.28/.tox/graalpylibtest-unit-test-tests/lib/python3.10/site-packages/pluggy/_hooks.py", line 493, in __call__
    return self._hookexec(self.name, self._hookimpls, kwargs, firstresult)
  File "/workdir/versioneer-0.28/.tox/graalpylibtest-unit-test-tests/lib/python3.10/site-packages/pluggy/_manager.py", line 115, in _hookexec
    return self._inner_hookexec(hook_name, methods, kwargs, firstresult)
  File "/workdir/versioneer-0.28/.tox/graalpylibtest-unit-test-tests/lib/python3.10/site-packages/pluggy/_callers.py", line 113, in _multicall
    raise exception.with_traceback(exception.__traceback__)
  File "/workdir/versioneer-0.28/.tox/graalpylibtest-unit-test-tests/lib/python3.10/site-packages/pluggy/_callers.py", line 77, in _multicall
    res = hook_impl.function(*args)
  File "/workdir/versioneer-0.28/.tox/graalpylibtest-unit-test-tests/lib/python3.10/site-packages/_pytest/python.py", line 194, in pytest_pyfunc_call
    result = testfunction(**testargs)
  File "/workdir/versioneer-0.28/test/test_render.py", line 37, in test_tagged_1_commits_clean
    self.assert_rendered(self.define_pieces('v1.2.3', distance=1),
  File "/workdir/versioneer-0.28/test/test_render.py", line 24, in assert_rendered
    version = render(pieces, self.style)['version']
AttributeError: 'Testing_branch_renderer_case_mixin' object has no attribute 'style'</failure></testcase><testcase classname="test.test_render.Testing_branch_renderer_case_mixin" name="test_tagged_0_commits_dirty" time="0.013"><failure message="AttributeError: 'Testing_branch_renderer_case_mixin' object has no attribute 'style'">Traceback (most recent call last):
  File "/workdir/versioneer-0.28/.tox/graalpylibtest-unit-test-tests/lib/python3.10/site-packages/_pytest/runner.py", line 341, in from_call
    result: Optional[TResult] = func()
  File "/workdir/versioneer-0.28/.tox/graalpylibtest-unit-test-tests/lib/python3.10/site-packages/_pytest/runner.py", line 262, in &lt;lambda&gt;
    lambda: ihook(item=item, **kwds), when=when, reraise=reraise
  File "/workdir/versioneer-0.28/.tox/graalpylibtest-unit-test-tests/lib/python3.10/site-packages/pluggy/_hooks.py", line 493, in __call__
    return self._hookexec(self.name, self._hookimpls, kwargs, firstresult)
  File "/workdir/versioneer-0.28/.tox/graalpylibtest-unit-test-tests/lib/python3.10/site-packages/pluggy/_manager.py", line 115, in _hookexec
    return self._inner_hookexec(hook_name, methods, kwargs, firstresult)
  File "/workdir/versioneer-0.28/.tox/graalpylibtest-unit-test-tests/lib/python3.10/site-packages/pluggy/_callers.py", line 152, in _multicall
    return outcome.get_result()
  File "/workdir/versioneer-0.28/.tox/graalpylibtest-unit-test-tests/lib/python3.10/site-packages/pluggy/_result.py", line 114, in get_result
    raise exc.with_traceback(exc.__traceback__)
  File "/workdir/versioneer-0.28/.tox/graalpylibtest-unit-test-tests/lib/python3.10/site-packages/pluggy/_callers.py", line 77, in _multicall
    res = hook_impl.function(*args)
  File "/workdir/versioneer-0.28/.tox/graalpylibtest-unit-test-tests/lib/python3.10/site-packages/_pytest/runner.py", line 177, in pytest_runtest_call
    raise e
  File "/workdir/versioneer-0.28/.tox/graalpylibtest-unit-test-tests/lib/python3.10/site-packages/_pytest/runner.py", line 169, in pytest_runtest_call
    item.runtest()
  File "/workdir/versioneer-0.28/.tox/graalpylibtest-unit-test-tests/lib/python3.10/site-packages/_pytest/python.py", line 1792, in runtest
    self.ihook.pytest_pyfunc_call(pyfuncitem=self)
  File "/workdir/versioneer-0.28/.tox/graalpylibtest-unit-test-tests/lib/python3.10/site-packages/pluggy/_hooks.py", line 493, in __call__
    return self._hookexec(self.name, self._hookimpls, kwargs, firstresult)
  File "/workdir/versioneer-0.28/.tox/graalpylibtest-unit-test-tests/lib/python3.10/site-packages/pluggy/_manager.py", line 115, in _hookexec
    return self._inner_hookexec(hook_name, methods, kwargs, firstresult)
  File "/workdir/versioneer-0.28/.tox/graalpylibtest-unit-test-tests/lib/python3.10/site-packages/pluggy/_callers.py", line 113, in _multicall
    raise exception.with_traceback(exception.__traceback__)
  File "/workdir/versioneer-0.28/.tox/graalpylibtest-unit-test-tests/lib/python3.10/site-packages/pluggy/_callers.py", line 77, in _multicall
    res = hook_impl.function(*args)
  File "/workdir/versioneer-0.28/.tox/graalpylibtest-unit-test-tests/lib/python3.10/site-packages/_pytest/python.py", line 194, in pytest_pyfunc_call
    result = testfunction(**testargs)
  File "/workdir/versioneer-0.28/test/test_render.py", line 41, in test_tagged_0_commits_dirty
    self.assert_rendered(self.define_pieces('v1.2.3', dirty=True),
  File "/workdir/versioneer-0.28/test/test_render.py", line 24, in assert_rendered
    version = render(pieces, self.style)['version']
AttributeError: 'Testing_branch_renderer_case_mixin' object has no attribute 'style'</failure></testcase><testcase classname="test.test_render.Testing_branch_renderer_case_mixin" name="test_tagged_1_commits_dirty" time="0.013"><failure message="AttributeError: 'Testing_branch_renderer_case_mixin' object has no attribute 'style'">Traceback (most recent call last):
  File "/workdir/versioneer-0.28/.tox/graalpylibtest-unit-test-tests/lib/python3.10/site-packages/_pytest/runner.py", line 341, in from_call
    result: Optional[TResult] = func()
  File "/workdir/versioneer-0.28/.tox/graalpylibtest-unit-test-tests/lib/python3.10/site-packages/_pytest/runner.py", line 262, in &lt;lambda&gt;
    lambda: ihook(item=item, **kwds), when=when, reraise=reraise
  File "/workdir/versioneer-0.28/.tox/graalpylibtest-unit-test-tests/lib/python3.10/site-packages/pluggy/_hooks.py", line 493, in __call__
    return self._hookexec(self.name, self._hookimpls, kwargs, firstresult)
  File "/workdir/versioneer-0.28/.tox/graalpylibtest-unit-test-tests/lib/python3.10/site-packages/pluggy/_manager.py", line 115, in _hookexec
    return self._inner_hookexec(hook_name, methods, kwargs, firstresult)
  File "/workdir/versioneer-0.28/.tox/graalpylibtest-unit-test-tests/lib/python3.10/site-packages/pluggy/_callers.py", line 152, in _multicall
    return outcome.get_result()
  File "/workdir/versioneer-0.28/.tox/graalpylibtest-unit-test-tests/lib/python3.10/site-packages/pluggy/_result.py", line 114, in get_result
    raise exc.with_traceback(exc.__traceback__)
  File "/workdir/versioneer-0.28/.tox/graalpylibtest-unit-test-tests/lib/python3.10/site-packages/pluggy/_callers.py", line 77, in _multicall
    res = hook_impl.function(*args)
  File "/workdir/versioneer-0.28/.tox/graalpylibtest-unit-test-tests/lib/python3.10/site-packages/_pytest/runner.py", line 177, in pytest_runtest_call
    raise e
  File "/workdir/versioneer-0.28/.tox/graalpylibtest-unit-test-tests/lib/python3.10/site-packages/_pytest/runner.py", line 169, in pytest_runtest_call
    item.runtest()
  File "/workdir/versioneer-0.28/.tox/graalpylibtest-unit-test-tests/lib/python3.10/site-packages/_pytest/python.py", line 1792, in runtest
    self.ihook.pytest_pyfunc_call(pyfuncitem=self)
  File "/workdir/versioneer-0.28/.tox/graalpylibtest-unit-test-tests/lib/python3.10/site-packages/pluggy/_hooks.py", line 493, in __call__
    return self._hookexec(self.name, self._hookimpls, kwargs, firstresult)
  File "/workdir/versioneer-0.28/.tox/graalpylibtest-unit-test-tests/lib/python3.10/site-packages/pluggy/_manager.py", line 115, in _hookexec
    return self._inner_hookexec(hook_name, methods, kwargs, firstresult)
  File "/workdir/versioneer-0.28/.tox/graalpylibtest-unit-test-tests/lib/python3.10/site-packages/pluggy/_callers.py", line 113, in _multicall
    raise exception.with_traceback(exception.__traceback__)
  File "/workdir/versioneer-0.28/.tox/graalpylibtest-unit-test-tests/lib/python3.10/site-packages/pluggy/_callers.py", line 77, in _multicall
    res = hook_impl.function(*args)
  File "/workdir/versioneer-0.28/.tox/graalpylibtest-unit-test-tests/lib/python3.10/site-packages/_pytest/python.py", line 194, in pytest_pyfunc_call
    result = testfunction(**testargs)
  File "/workdir/versioneer-0.28/test/test_render.py", line 45, in test_tagged_1_commits_dirty
    self.assert_rendered(self.define_pieces('v1.2.3', distance=1,
  File "/workdir/versioneer-0.28/test/test_render.py", line 24, in assert_rendered
    version = render(pieces, self.style)['version']
AttributeError: 'Testing_branch_renderer_case_mixin' object has no attribute 'style'</failure></testcase><testcase classname="test.test_render.Testing_branch_renderer_case_mixin" name="test_untagged_0_commits_clean" time="0.011"><failure message="AttributeError: 'Testing_branch_renderer_case_mixin' object has no attribute 'style'">Traceback (most recent call last):
  File "/workdir/versioneer-0.28/.tox/graalpylibtest-unit-test-tests/lib/python3.10/site-packages/_pytest/runner.py", line 341, in from_call
    result: Optional[TResult] = func()
  File "/workdir/versioneer-0.28/.tox/graalpylibtest-unit-test-tests/lib/python3.10/site-packages/_pytest/runner.py", line 262, in &lt;lambda&gt;
    lambda: ihook(item=item, **kwds), when=when, reraise=reraise
  File "/workdir/versioneer-0.28/.tox/graalpylibtest-unit-test-tests/lib/python3.10/site-packages/pluggy/_hooks.py", line 493, in __call__
    return self._hookexec(self.name, self._hookimpls, kwargs, firstresult)
  File "/workdir/versioneer-0.28/.tox/graalpylibtest-unit-test-tests/lib/python3.10/site-packages/pluggy/_manager.py", line 115, in _hookexec
    return self._inner_hookexec(hook_name, methods, kwargs, firstresult)
  File "/workdir/versioneer-0.28/.tox/graalpylibtest-unit-test-tests/lib/python3.10/site-packages/pluggy/_callers.py", line 152, in _multicall
    return outcome.get_result()
  File "/workdir/versioneer-0.28/.tox/graalpylibtest-unit-test-tests/lib/python3.10/site-packages/pluggy/_result.py", line 114, in get_result
    raise exc.with_traceback(exc.__traceback__)
  File "/workdir/versioneer-0.28/.tox/graalpylibtest-unit-test-tests/lib/python3.10/site-packages/pluggy/_callers.py", line 77, in _multicall
    res = hook_impl.function(*args)
  File "/workdir/versioneer-0.28/.tox/graalpylibtest-unit-test-tests/lib/python3.10/site-packages/_pytest/runner.py", line 177, in pytest_runtest_call
    raise e
  File "/workdir/versioneer-0.28/.tox/graalpylibtest-unit-test-tests/lib/python3.10/site-packages/_pytest/runner.py", line 169, in pytest_runtest_call
    item.runtest()
  File "/workdir/versioneer-0.28/.tox/graalpylibtest-unit-test-tests/lib/python3.10/site-packages/_pytest/python.py", line 1792, in runtest
    self.ihook.pytest_pyfunc_call(pyfuncitem=self)
  File "/workdir/versioneer-0.28/.tox/graalpylibtest-unit-test-tests/lib/python3.10/site-packages/pluggy/_hooks.py", line 493, in __call__
    return self._hookexec(self.name, self._hookimpls, kwargs, firstresult)
  File "/workdir/versioneer-0.28/.tox/graalpylibtest-unit-test-tests/lib/python3.10/site-packages/pluggy/_manager.py", line 115, in _hookexec
    return self._inner_hookexec(hook_name, methods, kwargs, firstresult)
  File "/workdir/versioneer-0.28/.tox/graalpylibtest-unit-test-tests/lib/python3.10/site-packages/pluggy/_callers.py", line 113, in _multicall
    raise exception.with_traceback(exception.__traceback__)
  File "/workdir/versioneer-0.28/.tox/graalpylibtest-unit-test-tests/lib/python3.10/site-packages/pluggy/_callers.py", line 77, in _multicall
    res = hook_impl.function(*args)
  File "/workdir/versioneer-0.28/.tox/graalpylibtest-unit-test-tests/lib/python3.10/site-packages/_pytest/python.py", line 194, in pytest_pyfunc_call
    result = testfunction(**testargs)
  File "/workdir/versioneer-0.28/test/test_render.py", line 50, in test_untagged_0_commits_clean
    self.assert_rendered(self.define_pieces(None),
  File "/workdir/versioneer-0.28/test/test_render.py", line 24, in assert_rendered
    version = render(pieces, self.style)['version']
AttributeError: 'Testing_branch_renderer_case_mixin' object has no attribute 'style'</failure></testcase><testcase classname="test.test_render.Testing_branch_renderer_case_mixin" name="test_untagged_1_commits_clean" time="0.013"><failure message="AttributeError: 'Testing_branch_renderer_case_mixin' object has no attribute 'style'">Traceback (most recent call last):
  File "/workdir/versioneer-0.28/.tox/graalpylibtest-unit-test-tests/lib/python3.10/site-packages/_pytest/runner.py", line 341, in from_call
    result: Optional[TResult] = func()
  File "/workdir/versioneer-0.28/.tox/graalpylibtest-unit-test-tests/lib/python3.10/site-packages/_pytest/runner.py", line 262, in &lt;lambda&gt;
    lambda: ihook(item=item, **kwds), when=when, reraise=reraise
  File "/workdir/versioneer-0.28/.tox/graalpylibtest-unit-test-tests/lib/python3.10/site-packages/pluggy/_hooks.py", line 493, in __call__
    return self._hookexec(self.name, self._hookimpls, kwargs, firstresult)
  File "/workdir/versioneer-0.28/.tox/graalpylibtest-unit-test-tests/lib/python3.10/site-packages/pluggy/_manager.py", line 115, in _hookexec
    return self._inner_hookexec(hook_name, methods, kwargs, firstresult)
  File "/workdir/versioneer-0.28/.tox/graalpylibtest-unit-test-tests/lib/python3.10/site-packages/pluggy/_callers.py", line 152, in _multicall
    return outcome.get_result()
  File "/workdir/versioneer-0.28/.tox/graalpylibtest-unit-test-tests/lib/python3.10/site-packages/pluggy/_result.py", line 114, in get_result
    raise exc.with_traceback(exc.__traceback__)
  File "/workdir/versioneer-0.28/.tox/graalpylibtest-unit-test-tests/lib/python3.10/site-packages/pluggy/_callers.py", line 77, in _multicall
    res = hook_impl.function(*args)
  File "/workdir/versioneer-0.28/.tox/graalpylibtest-unit-test-tests/lib/python3.10/site-packages/_pytest/runner.py", line 177, in pytest_runtest_call
    raise e
  File "/workdir/versioneer-0.28/.tox/graalpylibtest-unit-test-tests/lib/python3.10/site-packages/_pytest/runner.py", line 169, in pytest_runtest_call
    item.runtest()
  File "/workdir/versioneer-0.28/.tox/graalpylibtest-unit-test-tests/lib/python3.10/site-packages/_pytest/python.py", line 1792, in runtest
    self.ihook.pytest_pyfunc_call(pyfuncitem=self)
  File "/workdir/versioneer-0.28/.tox/graalpylibtest-unit-test-tests/lib/python3.10/site-packages/pluggy/_hooks.py", line 493, in __call__
    return self._hookexec(self.name, self._hookimpls, kwargs, firstresult)
  File "/workdir/versioneer-0.28/.tox/graalpylibtest-unit-test-tests/lib/python3.10/site-packages/pluggy/_manager.py", line 115, in _hookexec
    return self._inner_hookexec(hook_name, methods, kwargs, firstresult)
  File "/workdir/versioneer-0.28/.tox/graalpylibtest-unit-test-tests/lib/python3.10/site-packages/pluggy/_callers.py", line 113, in _multicall
    raise exception.with_traceback(exception.__traceback__)
  File "/workdir/versioneer-0.28/.tox/graalpylibtest-unit-test-tests/lib/python3.10/site-packages/pluggy/_callers.py", line 77, in _multicall
    res = hook_impl.function(*args)
  File "/workdir/versioneer-0.28/.tox/graalpylibtest-unit-test-tests/lib/python3.10/site-packages/_pytest/python.py", line 194, in pytest_pyfunc_call
    result = testfunction(**testargs)
  File "/workdir/versioneer-0.28/test/test_render.py", line 54, in test_untagged_1_commits_clean
    self.assert_rendered(self.define_pieces(None, distance=1),
  File "/workdir/versioneer-0.28/test/test_render.py", line 24, in assert_rendered
    version = render(pieces, self.style)['version']
AttributeError: 'Testing_branch_renderer_case_mixin' object has no attribute 'style'</failure></testcase><testcase classname="test.test_render.Testing_branch_renderer_case_mixin" name="test_untagged_0_commits_dirty" time="0.010"><failure message="AttributeError: 'Testing_branch_renderer_case_mixin' object has no attribute 'style'">Traceback (most recent call last):
  File "/workdir/versioneer-0.28/.tox/graalpylibtest-unit-test-tests/lib/python3.10/site-packages/_pytest/runner.py", line 341, in from_call
    result: Optional[TResult] = func()
  File "/workdir/versioneer-0.28/.tox/graalpylibtest-unit-test-tests/lib/python3.10/site-packages/_pytest/runner.py", line 262, in &lt;lambda&gt;
    lambda: ihook(item=item, **kwds), when=when, reraise=reraise
  File "/workdir/versioneer-0.28/.tox/graalpylibtest-unit-test-tests/lib/python3.10/site-packages/pluggy/_hooks.py", line 493, in __call__
    return self._hookexec(self.name, self._hookimpls, kwargs, firstresult)
  File "/workdir/versioneer-0.28/.tox/graalpylibtest-unit-test-tests/lib/python3.10/site-packages/pluggy/_manager.py", line 115, in _hookexec
    return self._inner_hookexec(hook_name, methods, kwargs, firstresult)
  File "/workdir/versioneer-0.28/.tox/graalpylibtest-unit-test-tests/lib/python3.10/site-packages/pluggy/_callers.py", line 152, in _multicall
    return outcome.get_result()
  File "/workdir/versioneer-0.28/.tox/graalpylibtest-unit-test-tests/lib/python3.10/site-packages/pluggy/_result.py", line 114, in get_result
    raise exc.with_traceback(exc.__traceback__)
  File "/workdir/versioneer-0.28/.tox/graalpylibtest-unit-test-tests/lib/python3.10/site-packages/pluggy/_callers.py", line 77, in _multicall
    res = hook_impl.function(*args)
  File "/workdir/versioneer-0.28/.tox/graalpylibtest-unit-test-tests/lib/python3.10/site-packages/_pytest/runner.py", line 177, in pytest_runtest_call
    raise e
  File "/workdir/versioneer-0.28/.tox/graalpylibtest-unit-test-tests/lib/python3.10/site-packages/_pytest/runner.py", line 169, in pytest_runtest_call
    item.runtest()
  File "/workdir/versioneer-0.28/.tox/graalpylibtest-unit-test-tests/lib/python3.10/site-packages/_pytest/python.py", line 1792, in runtest
    self.ihook.pytest_pyfunc_call(pyfuncitem=self)
  File "/workdir/versioneer-0.28/.tox/graalpylibtest-unit-test-tests/lib/python3.10/site-packages/pluggy/_hooks.py", line 493, in __call__
    return self._hookexec(self.name, self._hookimpls, kwargs, firstresult)
  File "/workdir/versioneer-0.28/.tox/graalpylibtest-unit-test-tests/lib/python3.10/site-packages/pluggy/_manager.py", line 115, in _hookexec
    return self._inner_hookexec(hook_name, methods, kwargs, firstresult)
  File "/workdir/versioneer-0.28/.tox/graalpylibtest-unit-test-tests/lib/python3.10/site-packages/pluggy/_callers.py", line 113, in _multicall
    raise exception.with_traceback(exception.__traceback__)
  File "/workdir/versioneer-0.28/.tox/graalpylibtest-unit-test-tests/lib/python3.10/site-packages/pluggy/_callers.py", line 77, in _multicall
    res = hook_impl.function(*args)
  File "/workdir/versioneer-0.28/.tox/graalpylibtest-unit-test-tests/lib/python3.10/site-packages/_pytest/python.py", line 194, in pytest_pyfunc_call
    result = testfunction(**testargs)
  File "/workdir/versioneer-0.28/test/test_render.py", line 58, in test_untagged_0_commits_dirty
    self.assert_rendered(self.define_pieces(None, dirty=True),
  File "/workdir/versioneer-0.28/test/test_render.py", line 24, in assert_rendered
    version = render(pieces, self.style)['version']
AttributeError: 'Testing_branch_renderer_case_mixin' object has no attribute 'style'</failure></testcase><testcase classname="test.test_render.Testing_branch_renderer_case_mixin" name="test_untagged_1_commits_dirty" time="0.015"><failure message="AttributeError: 'Testing_branch_renderer_case_mixin' object has no attribute 'style'">Traceback (most recent call last):
  File "/workdir/versioneer-0.28/.tox/graalpylibtest-unit-test-tests/lib/python3.10/site-packages/_pytest/runner.py", line 341, in from_call
    result: Optional[TResult] = func()
  File "/workdir/versioneer-0.28/.tox/graalpylibtest-unit-test-tests/lib/python3.10/site-packages/_pytest/runner.py", line 262, in &lt;lambda&gt;
    lambda: ihook(item=item, **kwds), when=when, reraise=reraise
  File "/workdir/versioneer-0.28/.tox/graalpylibtest-unit-test-tests/lib/python3.10/site-packages/pluggy/_hooks.py", line 493, in __call__
    return self._hookexec(self.name, self._hookimpls, kwargs, firstresult)
  File "/workdir/versioneer-0.28/.tox/graalpylibtest-unit-test-tests/lib/python3.10/site-packages/pluggy/_manager.py", line 115, in _hookexec
    return self._inner_hookexec(hook_name, methods, kwargs, firstresult)
  File "/workdir/versioneer-0.28/.tox/graalpylibtest-unit-test-tests/lib/python3.10/site-packages/pluggy/_callers.py", line 152, in _multicall
    return outcome.get_result()
  File "/workdir/versioneer-0.28/.tox/graalpylibtest-unit-test-tests/lib/python3.10/site-packages/pluggy/_result.py", line 114, in get_result
    raise exc.with_traceback(exc.__traceback__)
  File "/workdir/versioneer-0.28/.tox/graalpylibtest-unit-test-tests/lib/python3.10/site-packages/pluggy/_callers.py", line 77, in _multicall
    res = hook_impl.function(*args)
  File "/workdir/versioneer-0.28/.tox/graalpylibtest-unit-test-tests/lib/python3.10/site-packages/_pytest/runner.py", line 177, in pytest_runtest_call
    raise e
  File "/workdir/versioneer-0.28/.tox/graalpylibtest-unit-test-tests/lib/python3.10/site-packages/_pytest/runner.py", line 169, in pytest_runtest_call
    item.runtest()
  File "/workdir/versioneer-0.28/.tox/graalpylibtest-unit-test-tests/lib/python3.10/site-packages/_pytest/python.py", line 1792, in runtest
    self.ihook.pytest_pyfunc_call(pyfuncitem=self)
  File "/workdir/versioneer-0.28/.tox/graalpylibtest-unit-test-tests/lib/python3.10/site-packages/pluggy/_hooks.py", line 493, in __call__
    return self._hookexec(self.name, self._hookimpls, kwargs, firstresult)
  File "/workdir/versioneer-0.28/.tox/graalpylibtest-unit-test-tests/lib/python3.10/site-packages/pluggy/_manager.py", line 115, in _hookexec
    return self._inner_hookexec(hook_name, methods, kwargs, firstresult)
  File "/workdir/versioneer-0.28/.tox/graalpylibtest-unit-test-tests/lib/python3.10/site-packages/pluggy/_callers.py", line 113, in _multicall
    raise exception.with_traceback(exception.__traceback__)
  File "/workdir/versioneer-0.28/.tox/graalpylibtest-unit-test-tests/lib/python3.10/site-packages/pluggy/_callers.py", line 77, in _multicall
    res = hook_impl.function(*args)
  File "/workdir/versioneer-0.28/.tox/graalpylibtest-unit-test-tests/lib/python3.10/site-packages/_pytest/python.py", line 194, in pytest_pyfunc_call
    result = testfunction(**testargs)
  File "/workdir/versioneer-0.28/test/test_render.py", line 62, in test_untagged_1_commits_dirty
    self.assert_rendered(self.define_pieces(None, distance=1,
  File "/workdir/versioneer-0.28/test/test_render.py", line 24, in assert_rendered
    version = render(pieces, self.style)['version']
AttributeError: 'Testing_branch_renderer_case_mixin' object has no attribute 'style'</failure></testcase><testcase classname="test.test_render.Testing_branch_renderer_case_mixin" name="test_error_getting_parts" time="0.013"><failure message="AttributeError: 'Testing_branch_renderer_case_mixin' object has no attribute 'style'">Traceback (most recent call last):
  File "/workdir/versioneer-0.28/.tox/graalpylibtest-unit-test-tests/lib/python3.10/site-packages/_pytest/runner.py", line 341, in from_call
    result: Optional[TResult] = func()
  File "/workdir/versioneer-0.28/.tox/graalpylibtest-unit-test-tests/lib/python3.10/site-packages/_pytest/runner.py", line 262, in &lt;lambda&gt;
    lambda: ihook(item=item, **kwds), when=when, reraise=reraise
  File "/workdir/versioneer-0.28/.tox/graalpylibtest-unit-test-tests/lib/python3.10/site-packages/pluggy/_hooks.py", line 493, in __call__
    return self._hookexec(self.name, self._hookimpls, kwargs, firstresult)
  File "/workdir/versioneer-0.28/.tox/graalpylibtest-unit-test-tests/lib/python3.10/site-packages/pluggy/_manager.py", line 115, in _hookexec
    return self._inner_hookexec(hook_name, methods, kwargs, firstresult)
  File "/workdir/versioneer-0.28/.tox/graalpylibtest-unit-test-tests/lib/python3.10/site-packages/pluggy/_callers.py", line 152, in _multicall
    return outcome.get_result()
  File "/workdir/versioneer-0.28/.tox/graalpylibtest-unit-test-tests/lib/python3.10/site-packages/pluggy/_result.py", line 114, in get_result
    raise exc.with_traceback(exc.__traceback__)
  File "/workdir/versioneer-0.28/.tox/graalpylibtest-unit-test-tests/lib/python3.10/site-packages/pluggy/_callers.py", line 77, in _multicall
    res = hook_impl.function(*args)
  File "/workdir/versioneer-0.28/.tox/graalpylibtest-unit-test-tests/lib/python3.10/site-packages/_pytest/runner.py", line 177, in pytest_runtest_call
    raise e
  File "/workdir/versioneer-0.28/.tox/graalpylibtest-unit-test-tests/lib/python3.10/site-packages/_pytest/runner.py", line 169, in pytest_runtest_call
    item.runtest()
  File "/workdir/versioneer-0.28/.tox/graalpylibtest-unit-test-tests/lib/python3.10/site-packages/_pytest/python.py", line 1792, in runtest
    self.ihook.pytest_pyfunc_call(pyfuncitem=self)
  File "/workdir/versioneer-0.28/.tox/graalpylibtest-unit-test-tests/lib/python3.10/site-packages/pluggy/_hooks.py", line 493, in __call__
    return self._hookexec(self.name, self._hookimpls, kwargs, firstresult)
  File "/workdir/versioneer-0.28/.tox/graalpylibtest-unit-test-tests/lib/python3.10/site-packages/pluggy/_manager.py", line 115, in _hookexec
    return self._inner_hookexec(hook_name, methods, kwargs, firstresult)
  File "/workdir/versioneer-0.28/.tox/graalpylibtest-unit-test-tests/lib/python3.10/site-packages/pluggy/_callers.py", line 113, in _multicall
    raise exception.with_traceback(exception.__traceback__)
  File "/workdir/versioneer-0.28/.tox/graalpylibtest-unit-test-tests/lib/python3.10/site-packages/pluggy/_callers.py", line 77, in _multicall
    res = hook_impl.function(*args)
  File "/workdir/versioneer-0.28/.tox/graalpylibtest-unit-test-tests/lib/python3.10/site-packages/_pytest/python.py", line 194, in pytest_pyfunc_call
    result = testfunction(**testargs)
  File "/workdir/versioneer-0.28/test/test_render.py", line 67, in test_error_getting_parts
    self.assert_rendered({'error': 'Not a git repo'},
  File "/workdir/versioneer-0.28/test/test_render.py", line 24, in assert_rendered
    version = render(pieces, self.style)['version']
AttributeError: 'Testing_branch_renderer_case_mixin' object has no attribute 'style'</failure></testcase><testcase classname="test.test_render.Testing_branch_renderer_case_mixin" name="test_branch_tagged_0_commits_clean" time="0.010"><failure message="AttributeError: 'Testing_branch_renderer_case_mixin' object has no attribute 'style'">Traceback (most recent call last):
  File "/workdir/versioneer-0.28/.tox/graalpylibtest-unit-test-tests/lib/python3.10/site-packages/_pytest/runner.py", line 341, in from_call
    result: Optional[TResult] = func()
  File "/workdir/versioneer-0.28/.tox/graalpylibtest-unit-test-tests/lib/python3.10/site-packages/_pytest/runner.py", line 262, in &lt;lambda&gt;
    lambda: ihook(item=item, **kwds), when=when, reraise=reraise
  File "/workdir/versioneer-0.28/.tox/graalpylibtest-unit-test-tests/lib/python3.10/site-packages/pluggy/_hooks.py", line 493, in __call__
    return self._hookexec(self.name, self._hookimpls, kwargs, firstresult)
  File "/workdir/versioneer-0.28/.tox/graalpylibtest-unit-test-tests/lib/python3.10/site-packages/pluggy/_manager.py", line 115, in _hookexec
    return self._inner_hookexec(hook_name, methods, kwargs, firstresult)
  File "/workdir/versioneer-0.28/.tox/graalpylibtest-unit-test-tests/lib/python3.10/site-packages/pluggy/_callers.py", line 152, in _multicall
    return outcome.get_result()
  File "/workdir/versioneer-0.28/.tox/graalpylibtest-unit-test-tests/lib/python3.10/site-packages/pluggy/_result.py", line 114, in get_result
    raise exc.with_traceback(exc.__traceback__)
  File "/workdir/versioneer-0.28/.tox/graalpylibtest-unit-test-tests/lib/python3.10/site-packages/pluggy/_callers.py", line 77, in _multicall
    res = hook_impl.function(*args)
  File "/workdir/versioneer-0.28/.tox/graalpylibtest-unit-test-tests/lib/python3.10/site-packages/_pytest/runner.py", line 177, in pytest_runtest_call
    raise e
  File "/workdir/versioneer-0.28/.tox/graalpylibtest-unit-test-tests/lib/python3.10/site-packages/_pytest/runner.py", line 169, in pytest_runtest_call
    item.runtest()
  File "/workdir/versioneer-0.28/.tox/graalpylibtest-unit-test-tests/lib/python3.10/site-packages/_pytest/python.py", line 1792, in runtest
    self.ihook.pytest_pyfunc_call(pyfuncitem=self)
  File "/workdir/versioneer-0.28/.tox/graalpylibtest-unit-test-tests/lib/python3.10/site-packages/pluggy/_hooks.py", line 493, in __call__
    return self._hookexec(self.name, self._hookimpls, kwargs, firstresult)
  File "/workdir/versioneer-0.28/.tox/graalpylibtest-unit-test-tests/lib/python3.10/site-packages/pluggy/_manager.py", line 115, in _hookexec
    return self._inner_hookexec(hook_name, methods, kwargs, firstresult)
  File "/workdir/versioneer-0.28/.tox/graalpylibtest-unit-test-tests/lib/python3.10/site-packages/pluggy/_callers.py", line 113, in _multicall
    raise exception.with_traceback(exception.__traceback__)
  File "/workdir/versioneer-0.28/.tox/graalpylibtest-unit-test-tests/lib/python3.10/site-packages/pluggy/_callers.py", line 77, in _multicall
    res = hook_impl.function(*args)
  File "/workdir/versioneer-0.28/.tox/graalpylibtest-unit-test-tests/lib/python3.10/site-packages/_pytest/python.py", line 194, in pytest_pyfunc_call
    result = testfunction(**testargs)
  File "/workdir/versioneer-0.28/test/test_render.py", line 81, in test_branch_tagged_0_commits_clean
    self.assert_rendered(self.define_pieces('v1.2.3', branch=True),
  File "/workdir/versioneer-0.28/test/test_render.py", line 24, in assert_rendered
    version = render(pieces, self.style)['version']
AttributeError: 'Testing_branch_renderer_case_mixin' object has no attribute 'style'</failure></testcase><testcase classname="test.test_render.Testing_branch_renderer_case_mixin" name="test_branch_tagged_1_commits_clean" time="0.011"><failure message="AttributeError: 'Testing_branch_renderer_case_mixin' object has no attribute 'style'">Traceback (most recent call last):
  File "/workdir/versioneer-0.28/.tox/graalpylibtest-unit-test-tests/lib/python3.10/site-packages/_pytest/runner.py", line 341, in from_call
    result: Optional[TResult] = func()
  File "/workdir/versioneer-0.28/.tox/graalpylibtest-unit-test-tests/lib/python3.10/site-packages/_pytest/runner.py", line 262, in &lt;lambda&gt;
    lambda: ihook(item=item, **kwds), when=when, reraise=reraise
  File "/workdir/versioneer-0.28/.tox/graalpylibtest-unit-test-tests/lib/python3.10/site-packages/pluggy/_hooks.py", line 493, in __call__
    return self._hookexec(self.name, self._hookimpls, kwargs, firstresult)
  File "/workdir/versioneer-0.28/.tox/graalpylibtest-unit-test-tests/lib/python3.10/site-packages/pluggy/_manager.py", line 115, in _hookexec
    return self._inner_hookexec(hook_name, methods, kwargs, firstresult)
  File "/workdir/versioneer-0.28/.tox/graalpylibtest-unit-test-tests/lib/python3.10/site-packages/pluggy/_callers.py", line 152, in _multicall
    return outcome.get_result()
  File "/workdir/versioneer-0.28/.tox/graalpylibtest-unit-test-tests/lib/python3.10/site-packages/pluggy/_result.py", line 114, in get_result
    raise exc.with_traceback(exc.__traceback__)
  File "/workdir/versioneer-0.28/.tox/graalpylibtest-unit-test-tests/lib/python3.10/site-packages/pluggy/_callers.py", line 77, in _multicall
    res = hook_impl.function(*args)
  File "/workdir/versioneer-0.28/.tox/graalpylibtest-unit-test-tests/lib/python3.10/site-packages/_pytest/runner.py", line 177, in pytest_runtest_call
    raise e
  File "/workdir/versioneer-0.28/.tox/graalpylibtest-unit-test-tests/lib/python3.10/site-packages/_pytest/runner.py", line 169, in pytest_runtest_call
    item.runtest()
  File "/workdir/versioneer-0.28/.tox/graalpylibtest-unit-test-tests/lib/python3.10/site-packages/_pytest/python.py", line 1792, in runtest
    self.ihook.pytest_pyfunc_call(pyfuncitem=self)
  File "/workdir/versioneer-0.28/.tox/graalpylibtest-unit-test-tests/lib/python3.10/site-packages/pluggy/_hooks.py", line 493, in __call__
    return self._hookexec(self.name, self._hookimpls, kwargs, firstresult)
  File "/workdir/versioneer-0.28/.tox/graalpylibtest-unit-test-tests/lib/python3.10/site-packages/pluggy/_manager.py", line 115, in _hookexec
    return self._inner_hookexec(hook_name, methods, kwargs, firstresult)
  File "/workdir/versioneer-0.28/.tox/graalpylibtest-unit-test-tests/lib/python3.10/site-packages/pluggy/_callers.py", line 113, in _multicall
    raise exception.with_traceback(exception.__traceback__)
  File "/workdir/versioneer-0.28/.tox/graalpylibtest-unit-test-tests/lib/python3.10/site-packages/pluggy/_callers.py", line 77, in _multicall
    res = hook_impl.function(*args)
  File "/workdir/versioneer-0.28/.tox/graalpylibtest-unit-test-tests/lib/python3.10/site-packages/_pytest/python.py", line 194, in pytest_pyfunc_call
    result = testfunction(**testargs)
  File "/workdir/versioneer-0.28/test/test_render.py", line 85, in test_branch_tagged_1_commits_clean
    self.assert_rendered(self.define_pieces('v1.2.3', branch=True,
  File "/workdir/versioneer-0.28/test/test_render.py", line 24, in assert_rendered
    version = render(pieces, self.style)['version']
AttributeError: 'Testing_branch_renderer_case_mixin' object has no attribute 'style'</failure></testcase><testcase classname="test.test_render.Testing_branch_renderer_case_mixin" name="test_branch_tagged_0_commits_dirty" time="0.011"><failure message="AttributeError: 'Testing_branch_renderer_case_mixin' object has no attribute 'style'">Traceback (most recent call last):
  File "/workdir/versioneer-0.28/.tox/graalpylibtest-unit-test-tests/lib/python3.10/site-packages/_pytest/runner.py", line 341, in from_call
    result: Optional[TResult] = func()
  File "/workdir/versioneer-0.28/.tox/graalpylibtest-unit-test-tests/lib/python3.10/site-packages/_pytest/runner.py", line 262, in &lt;lambda&gt;
    lambda: ihook(item=item, **kwds), when=when, reraise=reraise
  File "/workdir/versioneer-0.28/.tox/graalpylibtest-unit-test-tests/lib/python3.10/site-packages/pluggy/_hooks.py", line 493, in __call__
    return self._hookexec(self.name, self._hookimpls, kwargs, firstresult)
  File "/workdir/versioneer-0.28/.tox/graalpylibtest-unit-test-tests/lib/python3.10/site-packages/pluggy/_manager.py", line 115, in _hookexec
    return self._inner_hookexec(hook_name, methods, kwargs, firstresult)
  File "/workdir/versioneer-0.28/.tox/graalpylibtest-unit-test-tests/lib/python3.10/site-packages/pluggy/_callers.py", line 152, in _multicall
    return outcome.get_result()
  File "/workdir/versioneer-0.28/.tox/graalpylibtest-unit-test-tests/lib/python3.10/site-packages/pluggy/_result.py", line 114, in get_result
    raise exc.with_traceback(exc.__traceback__)
  File "/workdir/versioneer-0.28/.tox/graalpylibtest-unit-test-tests/lib/python3.10/site-packages/pluggy/_callers.py", line 77, in _multicall
    res = hook_impl.function(*args)
  File "/workdir/versioneer-0.28/.tox/graalpylibtest-unit-test-tests/lib/python3.10/site-packages/_pytest/runner.py", line 177, in pytest_runtest_call
    raise e
  File "/workdir/versioneer-0.28/.tox/graalpylibtest-unit-test-tests/lib/python3.10/site-packages/_pytest/runner.py", line 169, in pytest_runtest_call
    item.runtest()
  File "/workdir/versioneer-0.28/.tox/graalpylibtest-unit-test-tests/lib/python3.10/site-packages/_pytest/python.py", line 1792, in runtest
    self.ihook.pytest_pyfunc_call(pyfuncitem=self)
  File "/workdir/versioneer-0.28/.tox/graalpylibtest-unit-test-tests/lib/python3.10/site-packages/pluggy/_hooks.py", line 493, in __call__
    return self._hookexec(self.name, self._hookimpls, kwargs, firstresult)
  File "/workdir/versioneer-0.28/.tox/graalpylibtest-unit-test-tests/lib/python3.10/site-packages/pluggy/_manager.py", line 115, in _hookexec
    return self._inner_hookexec(hook_name, methods, kwargs, firstresult)
  File "/workdir/versioneer-0.28/.tox/graalpylibtest-unit-test-tests/lib/python3.10/site-packages/pluggy/_callers.py", line 113, in _multicall
    raise exception.with_traceback(exception.__traceback__)
  File "/workdir/versioneer-0.28/.tox/graalpylibtest-unit-test-tests/lib/python3.10/site-packages/pluggy/_callers.py", line 77, in _multicall
    res = hook_impl.function(*args)
  File "/workdir/versioneer-0.28/.tox/graalpylibtest-unit-test-tests/lib/python3.10/site-packages/_pytest/python.py", line 194, in pytest_pyfunc_call
    result = testfunction(**testargs)
  File "/workdir/versioneer-0.28/test/test_render.py", line 90, in test_branch_tagged_0_commits_dirty
    self.assert_rendered(self.define_pieces('v1.2.3', branch=True,
  File "/workdir/versioneer-0.28/test/test_render.py", line 24, in assert_rendered
    version = render(pieces, self.style)['version']
AttributeError: 'Testing_branch_renderer_case_mixin' object has no attribute 'style'</failure></testcase><testcase classname="test.test_render.Testing_branch_renderer_case_mixin" name="test_branch_tagged_1_commits_dirty" time="0.009"><failure message="AttributeError: 'Testing_branch_renderer_case_mixin' object has no attribute 'style'">Traceback (most recent call last):
  File "/workdir/versioneer-0.28/.tox/graalpylibtest-unit-test-tests/lib/python3.10/site-packages/_pytest/runner.py", line 341, in from_call
    result: Optional[TResult] = func()
  File "/workdir/versioneer-0.28/.tox/graalpylibtest-unit-test-tests/lib/python3.10/site-packages/_pytest/runner.py", line 262, in &lt;lambda&gt;
    lambda: ihook(item=item, **kwds), when=when, reraise=reraise
  File "/workdir/versioneer-0.28/.tox/graalpylibtest-unit-test-tests/lib/python3.10/site-packages/pluggy/_hooks.py", line 493, in __call__
    return self._hookexec(self.name, self._hookimpls, kwargs, firstresult)
  File "/workdir/versioneer-0.28/.tox/graalpylibtest-unit-test-tests/lib/python3.10/site-packages/pluggy/_manager.py", line 115, in _hookexec
    return self._inner_hookexec(hook_name, methods, kwargs, firstresult)
  File "/workdir/versioneer-0.28/.tox/graalpylibtest-unit-test-tests/lib/python3.10/site-packages/pluggy/_callers.py", line 152, in _multicall
    return outcome.get_result()
  File "/workdir/versioneer-0.28/.tox/graalpylibtest-unit-test-tests/lib/python3.10/site-packages/pluggy/_result.py", line 114, in get_result
    raise exc.with_traceback(exc.__traceback__)
  File "/workdir/versioneer-0.28/.tox/graalpylibtest-unit-test-tests/lib/python3.10/site-packages/pluggy/_callers.py", line 77, in _multicall
    res = hook_impl.function(*args)
  File "/workdir/versioneer-0.28/.tox/graalpylibtest-unit-test-tests/lib/python3.10/site-packages/_pytest/runner.py", line 177, in pytest_runtest_call
    raise e
  File "/workdir/versioneer-0.28/.tox/graalpylibtest-unit-test-tests/lib/python3.10/site-packages/_pytest/runner.py", line 169, in pytest_runtest_call
    item.runtest()
  File "/workdir/versioneer-0.28/.tox/graalpylibtest-unit-test-tests/lib/python3.10/site-packages/_pytest/python.py", line 1792, in runtest
    self.ihook.pytest_pyfunc_call(pyfuncitem=self)
  File "/workdir/versioneer-0.28/.tox/graalpylibtest-unit-test-tests/lib/python3.10/site-packages/pluggy/_hooks.py", line 493, in __call__
    return self._hookexec(self.name, self._hookimpls, kwargs, firstresult)
  File "/workdir/versioneer-0.28/.tox/graalpylibtest-unit-test-tests/lib/python3.10/site-packages/pluggy/_manager.py", line 115, in _hookexec
    return self._inner_hookexec(hook_name, methods, kwargs, firstresult)
  File "/workdir/versioneer-0.28/.tox/graalpylibtest-unit-test-tests/lib/python3.10/site-packages/pluggy/_callers.py", line 113, in _multicall
    raise exception.with_traceback(exception.__traceback__)
  File "/workdir/versioneer-0.28/.tox/graalpylibtest-unit-test-tests/lib/python3.10/site-packages/pluggy/_callers.py", line 77, in _multicall
    res = hook_impl.function(*args)
  File "/workdir/versioneer-0.28/.tox/graalpylibtest-unit-test-tests/lib/python3.10/site-packages/_pytest/python.py", line 194, in pytest_pyfunc_call
    result = testfunction(**testargs)
  File "/workdir/versioneer-0.28/test/test_render.py", line 95, in test_branch_tagged_1_commits_dirty
    self.assert_rendered(self.define_pieces('v1.2.3', branch=True,
  File "/workdir/versioneer-0.28/test/test_render.py", line 24, in assert_rendered
    version = render(pieces, self.style)['version']
AttributeError: 'Testing_branch_renderer_case_mixin' object has no attribute 'style'</failure></testcase><testcase classname="test.test_render.Testing_branch_renderer_case_mixin" name="test_branch_untagged_0_commits_clean" time="0.009"><failure message="AttributeError: 'Testing_branch_renderer_case_mixin' object has no attribute 'style'">Traceback (most recent call last):
  File "/workdir/versioneer-0.28/.tox/graalpylibtest-unit-test-tests/lib/python3.10/site-packages/_pytest/runner.py", line 341, in from_call
    result: Optional[TResult] = func()
  File "/workdir/versioneer-0.28/.tox/graalpylibtest-unit-test-tests/lib/python3.10/site-packages/_pytest/runner.py", line 262, in &lt;lambda&gt;
    lambda: ihook(item=item, **kwds), when=when, reraise=reraise
  File "/workdir/versioneer-0.28/.tox/graalpylibtest-unit-test-tests/lib/python3.10/site-packages/pluggy/_hooks.py", line 493, in __call__
    return self._hookexec(self.name, self._hookimpls, kwargs, firstresult)
  File "/workdir/versioneer-0.28/.tox/graalpylibtest-unit-test-tests/lib/python3.10/site-packages/pluggy/_manager.py", line 115, in _hookexec
    return self._inner_hookexec(hook_name, methods, kwargs, firstresult)
  File "/workdir/versioneer-0.28/.tox/graalpylibtest-unit-test-tests/lib/python3.10/site-packages/pluggy/_callers.py", line 152, in _multicall
    return outcome.get_result()
[...]
  File "/opt/graalpy/lib/python3.10/unittest/case.py", line 59, in testPartExecutor
    yield
  File "/opt/graalpy/lib/python3.10/unittest/case.py", line 591, in run
    self._callTestMethod(testMethod)
  File "/opt/graalpy/lib/python3.10/unittest/case.py", line 549, in _callTestMethod
    method()
  File "/workdir/versioneer-0.28/test/git/test_invocations.py", line 372, in test_sdist
    sdist = self.make_setuptools_sdist() # asserts version as a side-effect
  File "/workdir/versioneer-0.28/test/git/test_invocations.py", line 215, in make_setuptools_sdist
    repodir = self.make_setuptools_repo()
  File "/workdir/versioneer-0.28/test/git/test_invocations.py", line 146, in make_setuptools_repo
    shutil.copy("versioneer.py", repodir)
  File "/opt/graalpy/lib/python3.10/shutil.py", line 417, in copy
    copyfile(src, dst, follow_symlinks=follow_symlinks)
  File "/opt/graalpy/lib/python3.10/shutil.py", line 254, in copyfile
    with open(src, 'rb') as fsrc:
FileNotFoundError: [Errno 2] No such file or directory: 'versioneer.py'</failure></testcase><testcase classname="test.git.test_invocations.SetuptoolsRepo" name="test_sdist_subproject" time="0.020"><failure message="FileNotFoundError: [Errno 2] No such file or directory: 'versioneer.py'">Traceback (most recent call last):
  File "/opt/graalpy/lib/python3.10/unittest/case.py", line 59, in testPartExecutor
    yield
  File "/opt/graalpy/lib/python3.10/unittest/case.py", line 591, in run
    self._callTestMethod(testMethod)
  File "/opt/graalpy/lib/python3.10/unittest/case.py", line 549, in _callTestMethod
    method()
  File "/workdir/versioneer-0.28/test/git/test_invocations.py", line 378, in test_sdist_subproject
    sdist = self.make_setuptools_sdist_subproject()
  File "/workdir/versioneer-0.28/test/git/test_invocations.py", line 227, in make_setuptools_sdist_subproject
    projectdir = self.make_setuptools_repo_subproject()
  File "/workdir/versioneer-0.28/test/git/test_invocations.py", line 201, in make_setuptools_repo_subproject
    shutil.copy("versioneer.py", projectdir)
  File "/opt/graalpy/lib/python3.10/shutil.py", line 417, in copy
    copyfile(src, dst, follow_symlinks=follow_symlinks)
  File "/opt/graalpy/lib/python3.10/shutil.py", line 254, in copyfile
    with open(src, 'rb') as fsrc:
FileNotFoundError: [Errno 2] No such file or directory: 'versioneer.py'</failure></testcase><testcase classname="test.git.test_invocations.SetuptoolsSdist" name="test_pip_install" time="0.023"><failure message="FileNotFoundError: [Errno 2] No such file or directory: 'versioneer.py'">Traceback (most recent call last):
  File "/opt/graalpy/lib/python3.10/unittest/case.py", line 59, in testPartExecutor
    yield
  File "/opt/graalpy/lib/python3.10/unittest/case.py", line 591, in run
    self._callTestMethod(testMethod)
  File "/opt/graalpy/lib/python3.10/unittest/case.py", line 549, in _callTestMethod
    method()
  File "/workdir/versioneer-0.28/test/git/test_invocations.py", line 433, in test_pip_install
    linkdir = self.make_linkdir()
  File "/workdir/versioneer-0.28/test/git/test_invocations.py", line 129, in make_linkdir
    demolib_sdist = self.make_demolib_sdist()
  File "/workdir/versioneer-0.28/test/git/test_invocations.py", line 111, in make_demolib_sdist
    shutil.copy("versioneer.py", libdir)
  File "/opt/graalpy/lib/python3.10/shutil.py", line 417, in copy
    copyfile(src, dst, follow_symlinks=follow_symlinks)
  File "/opt/graalpy/lib/python3.10/shutil.py", line 254, in copyfile
    with open(src, 'rb') as fsrc:
FileNotFoundError: [Errno 2] No such file or directory: 'versioneer.py'</failure></testcase><testcase classname="test.git.test_invocations.SetuptoolsSdist" name="test_pip_install_subproject" time="0.019"><failure message="FileNotFoundError: [Errno 2] No such file or directory: 'versioneer.py'">Traceback (most recent call last):
  File "/opt/graalpy/lib/python3.10/unittest/case.py", line 59, in testPartExecutor
    yield
  File "/opt/graalpy/lib/python3.10/unittest/case.py", line 591, in run
    self._callTestMethod(testMethod)
  File "/opt/graalpy/lib/python3.10/unittest/case.py", line 549, in _callTestMethod
    method()
  File "/workdir/versioneer-0.28/test/git/test_invocations.py", line 443, in test_pip_install_subproject
    linkdir = self.make_linkdir()
  File "/workdir/versioneer-0.28/test/git/test_invocations.py", line 129, in make_linkdir
    demolib_sdist = self.make_demolib_sdist()
  File "/workdir/versioneer-0.28/test/git/test_invocations.py", line 111, in make_demolib_sdist
    shutil.copy("versioneer.py", libdir)
  File "/opt/graalpy/lib/python3.10/shutil.py", line 417, in copy
    copyfile(src, dst, follow_symlinks=follow_symlinks)
  File "/opt/graalpy/lib/python3.10/shutil.py", line 254, in copyfile
    with open(src, 'rb') as fsrc:
FileNotFoundError: [Errno 2] No such file or directory: 'versioneer.py'</failure></testcase><testcase classname="test.git.test_invocations.SetuptoolsWheel" name="test_pip_install" time="0.022"><failure message="FileNotFoundError: [Errno 2] No such file or directory: 'versioneer.py'">Traceback (most recent call last):
  File "/opt/graalpy/lib/python3.10/unittest/case.py", line 59, in testPartExecutor
    yield
  File "/opt/graalpy/lib/python3.10/unittest/case.py", line 591, in run
    self._callTestMethod(testMethod)
  File "/opt/graalpy/lib/python3.10/unittest/case.py", line 549, in _callTestMethod
    method()
  File "/workdir/versioneer-0.28/test/git/test_invocations.py", line 454, in test_pip_install
    linkdir = self.make_linkdir()
  File "/workdir/versioneer-0.28/test/git/test_invocations.py", line 129, in make_linkdir
    demolib_sdist = self.make_demolib_sdist()
  File "/workdir/versioneer-0.28/test/git/test_invocations.py", line 111, in make_demolib_sdist
    shutil.copy("versioneer.py", libdir)
  File "/opt/graalpy/lib/python3.10/shutil.py", line 417, in copy
    copyfile(src, dst, follow_symlinks=follow_symlinks)
  File "/opt/graalpy/lib/python3.10/shutil.py", line 254, in copyfile
    with open(src, 'rb') as fsrc:
FileNotFoundError: [Errno 2] No such file or directory: 'versioneer.py'</failure></testcase><testcase classname="test.git.test_invocations.SetuptoolsUnpacked" name="test_extension_inplace" time="0.026"><failure message="FileNotFoundError: [Errno 2] No such file or directory: 'versioneer.py'">Traceback (most recent call last):
  File "/opt/graalpy/lib/python3.10/unittest/case.py", line 59, in testPartExecutor
    yield
  File "/opt/graalpy/lib/python3.10/unittest/case.py", line 591, in run
    self._callTestMethod(testMethod)
  File "/opt/graalpy/lib/python3.10/unittest/case.py", line 549, in _callTestMethod
    method()
  File "/workdir/versioneer-0.28/test/git/test_invocations.py", line 545, in test_extension_inplace
    unpacked = self.make_setuptools_extension_unpacked()
  File "/workdir/versioneer-0.28/test/git/test_invocations.py", line 155, in make_setuptools_extension_unpacked
    sdist = self.make_setuptools_extension_sdist()
  File "/workdir/versioneer-0.28/test/git/test_invocations.py", line 172, in make_setuptools_extension_sdist
    repodir = self.make_setuptools_extension_repo()
  File "/workdir/versioneer-0.28/test/git/test_invocations.py", line 186, in make_setuptools_extension_repo
    shutil.copy("versioneer.py", repodir)
  File "/opt/graalpy/lib/python3.10/shutil.py", line 417, in copy
    copyfile(src, dst, follow_symlinks=follow_symlinks)
  File "/opt/graalpy/lib/python3.10/shutil.py", line 254, in copyfile
    with open(src, 'rb') as fsrc:
FileNotFoundError: [Errno 2] No such file or directory: 'versioneer.py'</failure></testcase><testcase classname="test.git.test_invocations.SetuptoolsUnpacked" name="test_extension_wheel_pip" time="0.030"><failure message="FileNotFoundError: [Errno 2] No such file or directory: 'versioneer.py'">Traceback (most recent call last):
  File "/opt/graalpy/lib/python3.10/unittest/case.py", line 59, in testPartExecutor
    yield
  File "/opt/graalpy/lib/python3.10/unittest/case.py", line 591, in run
    self._callTestMethod(testMethod)
  File "/opt/graalpy/lib/python3.10/unittest/case.py", line 549, in _callTestMethod
    method()
  File "/workdir/versioneer-0.28/test/git/test_invocations.py", line 563, in test_extension_wheel_pip
    unpacked = self.make_setuptools_extension_unpacked()
  File "/workdir/versioneer-0.28/test/git/test_invocations.py", line 155, in make_setuptools_extension_unpacked
    sdist = self.make_setuptools_extension_sdist()
  File "/workdir/versioneer-0.28/test/git/test_invocations.py", line 172, in make_setuptools_extension_sdist
    repodir = self.make_setuptools_extension_repo()
  File "/workdir/versioneer-0.28/test/git/test_invocations.py", line 186, in make_setuptools_extension_repo
    shutil.copy("versioneer.py", repodir)
  File "/opt/graalpy/lib/python3.10/shutil.py", line 417, in copy
    copyfile(src, dst, follow_symlinks=follow_symlinks)
  File "/opt/graalpy/lib/python3.10/shutil.py", line 254, in copyfile
    with open(src, 'rb') as fsrc:
FileNotFoundError: [Errno 2] No such file or directory: 'versioneer.py'</failure></testcase><testcase classname="test.git.test_invocations.SetuptoolsUnpacked" name="test_extension_wheel_setuptools" time="0.025"><failure message="FileNotFoundError: [Errno 2] No such file or directory: 'versioneer.py'">Traceback (most recent call last):
  File "/opt/graalpy/lib/python3.10/unittest/case.py", line 59, in testPartExecutor
    yield
  File "/opt/graalpy/lib/python3.10/unittest/case.py", line 591, in run
    self._callTestMethod(testMethod)
  File "/opt/graalpy/lib/python3.10/unittest/case.py", line 549, in _callTestMethod
    method()
  File "/workdir/versioneer-0.28/test/git/test_invocations.py", line 538, in test_extension_wheel_setuptools
    repodir = self.make_setuptools_extension_repo()
  File "/workdir/versioneer-0.28/test/git/test_invocations.py", line 186, in make_setuptools_extension_repo
    shutil.copy("versioneer.py", repodir)
  File "/opt/graalpy/lib/python3.10/shutil.py", line 417, in copy
    copyfile(src, dst, follow_symlinks=follow_symlinks)
  File "/opt/graalpy/lib/python3.10/shutil.py", line 254, in copyfile
    with open(src, 'rb') as fsrc:
FileNotFoundError: [Errno 2] No such file or directory: 'versioneer.py'</failure></testcase><testcase classname="test.git.test_invocations.SetuptoolsUnpacked" name="test_install" time="0.024"><failure message="FileNotFoundError: [Errno 2] No such file or directory: 'versioneer.py'">Traceback (most recent call last):
  File "/opt/graalpy/lib/python3.10/unittest/case.py", line 59, in testPartExecutor
    yield
  File "/opt/graalpy/lib/python3.10/unittest/case.py", line 591, in run
    self._callTestMethod(testMethod)
  File "/opt/graalpy/lib/python3.10/unittest/case.py", line 549, in _callTestMethod
    method()
  File "/workdir/versioneer-0.28/test/git/test_invocations.py", line 465, in test_install
    unpacked = self.make_setuptools_unpacked()
  File "/workdir/versioneer-0.28/test/git/test_invocations.py", line 235, in make_setuptools_unpacked
    sdist = self.make_setuptools_sdist()
  File "/workdir/versioneer-0.28/test/git/test_invocations.py", line 215, in make_setuptools_sdist
    repodir = self.make_setuptools_repo()
  File "/workdir/versioneer-0.28/test/git/test_invocations.py", line 146, in make_setuptools_repo
    shutil.copy("versioneer.py", repodir)
  File "/opt/graalpy/lib/python3.10/shutil.py", line 417, in copy
    copyfile(src, dst, follow_symlinks=follow_symlinks)
  File "/opt/graalpy/lib/python3.10/shutil.py", line 254, in copyfile
    with open(src, 'rb') as fsrc:
FileNotFoundError: [Errno 2] No such file or directory: 'versioneer.py'</failure></testcase><testcase classname="test.git.test_invocations.SetuptoolsUnpacked" name="test_install_subproject" time="0.026"><failure message="FileNotFoundError: [Errno 2] No such file or directory: 'versioneer.py'">Traceback (most recent call last):
  File "/opt/graalpy/lib/python3.10/unittest/case.py", line 59, in testPartExecutor
    yield
  File "/opt/graalpy/lib/python3.10/unittest/case.py", line 591, in run
    self._callTestMethod(testMethod)
  File "/opt/graalpy/lib/python3.10/unittest/case.py", line 549, in _callTestMethod
    method()
  File "/workdir/versioneer-0.28/test/git/test_invocations.py", line 476, in test_install_subproject
    unpacked = self.make_setuptools_subproject_unpacked()
  File "/workdir/versioneer-0.28/test/git/test_invocations.py", line 247, in make_setuptools_subproject_unpacked
    sdist = self.make_setuptools_sdist_subproject()
  File "/workdir/versioneer-0.28/test/git/test_invocations.py", line 227, in make_setuptools_sdist_subproject
    projectdir = self.make_setuptools_repo_subproject()
  File "/workdir/versioneer-0.28/test/git/test_invocations.py", line 201, in make_setuptools_repo_subproject
    shutil.copy("versioneer.py", projectdir)
  File "/opt/graalpy/lib/python3.10/shutil.py", line 417, in copy
    copyfile(src, dst, follow_symlinks=follow_symlinks)
  File "/opt/graalpy/lib/python3.10/shutil.py", line 254, in copyfile
    with open(src, 'rb') as fsrc:
FileNotFoundError: [Errno 2] No such file or directory: 'versioneer.py'</failure></testcase><testcase classname="test.git.test_invocations.SetuptoolsUnpacked" name="test_pip_install" time="0.049"><failure message="FileNotFoundError: [Errno 2] No such file or directory: 'versioneer.py'">Traceback (most recent call last):
  File "/opt/graalpy/lib/python3.10/unittest/case.py", line 59, in testPartExecutor
    yield
  File "/opt/graalpy/lib/python3.10/unittest/case.py", line 591, in run
    self._callTestMethod(testMethod)
  File "/opt/graalpy/lib/python3.10/unittest/case.py", line 549, in _callTestMethod
    method()
  File "/workdir/versioneer-0.28/test/git/test_invocations.py", line 506, in test_pip_install
    linkdir = self.make_linkdir()
  File "/workdir/versioneer-0.28/test/git/test_invocations.py", line 129, in make_linkdir
    demolib_sdist = self.make_demolib_sdist()
  File "/workdir/versioneer-0.28/test/git/test_invocations.py", line 111, in make_demolib_sdist
    shutil.copy("versioneer.py", libdir)
  File "/opt/graalpy/lib/python3.10/shutil.py", line 417, in copy
    copyfile(src, dst, follow_symlinks=follow_symlinks)
  File "/opt/graalpy/lib/python3.10/shutil.py", line 254, in copyfile
    with open(src, 'rb') as fsrc:
FileNotFoundError: [Errno 2] No such file or directory: 'versioneer.py'</failure></testcase><testcase classname="test.git.test_invocations.SetuptoolsUnpacked" name="test_pip_install_from_afar" time="0.025"><failure message="FileNotFoundError: [Errno 2] No such file or directory: 'versioneer.py'">Traceback (most recent call last):
  File "/opt/graalpy/lib/python3.10/unittest/case.py", line 59, in testPartExecutor
    yield
  File "/opt/graalpy/lib/python3.10/unittest/case.py", line 591, in run
    self._callTestMethod(testMethod)
  File "/opt/graalpy/lib/python3.10/unittest/case.py", line 549, in _callTestMethod
    method()
  File "/workdir/versioneer-0.28/test/git/test_invocations.py", line 522, in test_pip_install_from_afar
    linkdir = self.make_linkdir()
  File "/workdir/versioneer-0.28/test/git/test_invocations.py", line 129, in make_linkdir
    demolib_sdist = self.make_demolib_sdist()
  File "/workdir/versioneer-0.28/test/git/test_invocations.py", line 111, in make_demolib_sdist
    shutil.copy("versioneer.py", libdir)
  File "/opt/graalpy/lib/python3.10/shutil.py", line 417, in copy
    copyfile(src, dst, follow_symlinks=follow_symlinks)
  File "/opt/graalpy/lib/python3.10/shutil.py", line 254, in copyfile
    with open(src, 'rb') as fsrc:
FileNotFoundError: [Errno 2] No such file or directory: 'versioneer.py'</failure></testcase><testcase classname="test.git.test_invocations.SetuptoolsUnpacked" name="test_pip_install_subproject" time="0.022"><failure message="FileNotFoundError: [Errno 2] No such file or directory: 'versioneer.py'">Traceback (most recent call last):
  File "/opt/graalpy/lib/python3.10/unittest/case.py", line 59, in testPartExecutor
    yield
  File "/opt/graalpy/lib/python3.10/unittest/case.py", line 591, in run
    self._callTestMethod(testMethod)
  File "/opt/graalpy/lib/python3.10/unittest/case.py", line 549, in _callTestMethod
    method()
  File "/workdir/versioneer-0.28/test/git/test_invocations.py", line 514, in test_pip_install_subproject
    linkdir = self.make_linkdir()
  File "/workdir/versioneer-0.28/test/git/test_invocations.py", line 129, in make_linkdir
    demolib_sdist = self.make_demolib_sdist()
  File "/workdir/versioneer-0.28/test/git/test_invocations.py", line 111, in make_demolib_sdist
    shutil.copy("versioneer.py", libdir)
  File "/opt/graalpy/lib/python3.10/shutil.py", line 417, in copy
    copyfile(src, dst, follow_symlinks=follow_symlinks)
  File "/opt/graalpy/lib/python3.10/shutil.py", line 254, in copyfile
    with open(src, 'rb') as fsrc:
FileNotFoundError: [Errno 2] No such file or directory: 'versioneer.py'</failure></testcase><testcase classname="test.git.test_invocations.SetuptoolsUnpacked" name="test_pip_wheel" time="0.022"><failure message="FileNotFoundError: [Errno 2] No such file or directory: 'versioneer.py'">Traceback (most recent call last):
  File "/opt/graalpy/lib/python3.10/unittest/case.py", line 59, in testPartExecutor
    yield
  File "/opt/graalpy/lib/python3.10/unittest/case.py", line 591, in run
    self._callTestMethod(testMethod)
  File "/opt/graalpy/lib/python3.10/unittest/case.py", line 549, in _callTestMethod
    method()
  File "/workdir/versioneer-0.28/test/git/test_invocations.py", line 494, in test_pip_wheel
    unpacked = self.make_setuptools_unpacked()
  File "/workdir/versioneer-0.28/test/git/test_invocations.py", line 235, in make_setuptools_unpacked
    sdist = self.make_setuptools_sdist()
  File "/workdir/versioneer-0.28/test/git/test_invocations.py", line 215, in make_setuptools_sdist
    repodir = self.make_setuptools_repo()
  File "/workdir/versioneer-0.28/test/git/test_invocations.py", line 146, in make_setuptools_repo
    shutil.copy("versioneer.py", repodir)
  File "/opt/graalpy/lib/python3.10/shutil.py", line 417, in copy
    copyfile(src, dst, follow_symlinks=follow_symlinks)
  File "/opt/graalpy/lib/python3.10/shutil.py", line 254, in copyfile
    with open(src, 'rb') as fsrc:
FileNotFoundError: [Errno 2] No such file or directory: 'versioneer.py'</failure></testcase><testcase classname="test.git.test_invocations.SetuptoolsUnpacked" name="test_wheel" time="0.019"><failure message="FileNotFoundError: [Errno 2] No such file or directory: 'versioneer.py'">Traceback (most recent call last):
  File "/opt/graalpy/lib/python3.10/unittest/case.py", line 59, in testPartExecutor
    yield
  File "/opt/graalpy/lib/python3.10/unittest/case.py", line 591, in run
    self._callTestMethod(testMethod)
  File "/opt/graalpy/lib/python3.10/unittest/case.py", line 549, in _callTestMethod
    method()
  File "/workdir/versioneer-0.28/test/git/test_invocations.py", line 487, in test_wheel
    unpacked = self.make_setuptools_unpacked()
  File "/workdir/versioneer-0.28/test/git/test_invocations.py", line 235, in make_setuptools_unpacked
    sdist = self.make_setuptools_sdist()
  File "/workdir/versioneer-0.28/test/git/test_invocations.py", line 215, in make_setuptools_sdist
    repodir = self.make_setuptools_repo()
  File "/workdir/versioneer-0.28/test/git/test_invocations.py", line 146, in make_setuptools_repo
    shutil.copy("versioneer.py", repodir)
  File "/opt/graalpy/lib/python3.10/shutil.py", line 417, in copy
    copyfile(src, dst, follow_symlinks=follow_symlinks)
  File "/opt/graalpy/lib/python3.10/shutil.py", line 254, in copyfile
    with open(src, 'rb') as fsrc:
FileNotFoundError: [Errno 2] No such file or directory: 'versioneer.py'</failure></testcase></testsuite></testsuites>