<?xml version="1.0" encoding="utf-8"?><testsuites><testsuite name="pytest" errors="12" failures="0" skipped="0" tests="12" time="0.886" timestamp="2023-12-01T03:35:50.656662" hostname="be2d8ee410eb"><testcase classname="" name="tests.test_async_transport" time="0.000"><error message="collection failure">ImportError while importing test module '/workdir/zeep-4.2.1/tests/test_async_transport.py'.
Hint: make sure your test modules/packages have valid Python names.
Traceback:
/usr/local/lib/python3.10/importlib/__init__.py:126: in import_module
    return _bootstrap._gcd_import(name[level:], package, level)
tests/test_async_transport.py:3: in &lt;module&gt;
    from pretend import stub
E   ModuleNotFoundError: No module named 'pretend'</error></testcase><testcase classname="" name="tests.test_cache" time="0.000"><error message="collection failure">ImportError while importing test module '/workdir/zeep-4.2.1/tests/test_cache.py'.
Hint: make sure your test modules/packages have valid Python names.
Traceback:
/usr/local/lib/python3.10/importlib/__init__.py:126: in import_module
    return _bootstrap._gcd_import(name[level:], package, level)
tests/test_cache.py:3: in &lt;module&gt;
    import freezegun
E   ModuleNotFoundError: No module named 'freezegun'</error></testcase><testcase classname="" name="tests.test_client" time="0.000"><error message="collection failure">ImportError while importing test module '/workdir/zeep-4.2.1/tests/test_client.py'.
Hint: make sure your test modules/packages have valid Python names.
Traceback:
/usr/local/lib/python3.10/importlib/__init__.py:126: in import_module
    return _bootstrap._gcd_import(name[level:], package, level)
tests/test_client.py:4: in &lt;module&gt;
    import requests_mock
E   ModuleNotFoundError: No module named 'requests_mock'</error></testcase><testcase classname="" name="tests.test_main" time="0.000"><error message="collection failure">ImportError while importing test module '/workdir/zeep-4.2.1/tests/test_main.py'.
Hint: make sure your test modules/packages have valid Python names.
Traceback:
/usr/local/lib/python3.10/importlib/__init__.py:126: in import_module
    return _bootstrap._gcd_import(name[level:], package, level)
tests/test_main.py:3: in &lt;module&gt;
    from pretend import stub
E   ModuleNotFoundError: No module named 'pretend'</error></testcase><testcase classname="" name="tests.test_soap_multiref" time="0.000"><error message="collection failure">ImportError while importing test module '/workdir/zeep-4.2.1/tests/test_soap_multiref.py'.
Hint: make sure your test modules/packages have valid Python names.
Traceback:
/usr/local/lib/python3.10/importlib/__init__.py:126: in import_module
    return _bootstrap._gcd_import(name[level:], package, level)
tests/test_soap_multiref.py:4: in &lt;module&gt;
    from pretend import stub
E   ModuleNotFoundError: No module named 'pretend'</error></testcase><testcase classname="" name="tests.test_soap_xop" time="0.000"><error message="collection failure">ImportError while importing test module '/workdir/zeep-4.2.1/tests/test_soap_xop.py'.
Hint: make sure your test modules/packages have valid Python names.
Traceback:
/usr/local/lib/python3.10/importlib/__init__.py:126: in import_module
    return _bootstrap._gcd_import(name[level:], package, level)
tests/test_soap_xop.py:3: in &lt;module&gt;
    import requests_mock
E   ModuleNotFoundError: No module named 'requests_mock'</error></testcase><testcase classname="" name="tests.test_transports" time="0.000"><error message="collection failure">ImportError while importing test module '/workdir/zeep-4.2.1/tests/test_transports.py'.
Hint: make sure your test modules/packages have valid Python names.
Traceback:
/usr/local/lib/python3.10/importlib/__init__.py:126: in import_module
    return _bootstrap._gcd_import(name[level:], package, level)
tests/test_transports.py:5: in &lt;module&gt;
    import requests_mock
E   ModuleNotFoundError: No module named 'requests_mock'</error></testcase><testcase classname="" name="tests.test_wsa" time="0.000"><error message="collection failure">ImportError while importing test module '/workdir/zeep-4.2.1/tests/test_wsa.py'.
Hint: make sure your test modules/packages have valid Python names.
Traceback:
/usr/local/lib/python3.10/importlib/__init__.py:126: in import_module
    return _bootstrap._gcd_import(name[level:], package, level)
tests/test_wsa.py:4: in &lt;module&gt;
    from pretend import stub
E   ModuleNotFoundError: No module named 'pretend'</error></testcase><testcase classname="" name="tests.test_wsdl" time="0.000"><error message="collection failure">ImportError while importing test module '/workdir/zeep-4.2.1/tests/test_wsdl.py'.
Hint: make sure your test modules/packages have valid Python names.
Traceback:
/usr/local/lib/python3.10/importlib/__init__.py:126: in import_module
    return _bootstrap._gcd_import(name[level:], package, level)
tests/test_wsdl.py:5: in &lt;module&gt;
    import requests_mock
E   ModuleNotFoundError: No module named 'requests_mock'</error></testcase><testcase classname="" name="tests.test_wsdl_soap" time="0.000"><error message="collection failure">ImportError while importing test module '/workdir/zeep-4.2.1/tests/test_wsdl_soap.py'.
Hint: make sure your test modules/packages have valid Python names.
Traceback:
/usr/local/lib/python3.10/importlib/__init__.py:126: in import_module
    return _bootstrap._gcd_import(name[level:], package, level)
tests/test_wsdl_soap.py:6: in &lt;module&gt;
    from pretend import stub
E   ModuleNotFoundError: No module named 'pretend'</error></testcase><testcase classname="" name="tests.test_wsse_username" time="0.000"><error message="collection failure">ImportError while importing test module '/workdir/zeep-4.2.1/tests/test_wsse_username.py'.
Hint: make sure your test modules/packages have valid Python names.
Traceback:
/usr/local/lib/python3.10/importlib/__init__.py:126: in import_module
    return _bootstrap._gcd_import(name[level:], package, level)
tests/test_wsse_username.py:5: in &lt;module&gt;
    import requests_mock
E   ModuleNotFoundError: No module named 'requests_mock'</error></testcase><testcase classname="" name="tests.integration.test_http_post" time="0.000"><error message="collection failure">ImportError while importing test module '/workdir/zeep-4.2.1/tests/integration/test_http_post.py'.
Hint: make sure your test modules/packages have valid Python names.
Traceback:
/usr/local/lib/python3.10/importlib/__init__.py:126: in import_module
    return _bootstrap._gcd_import(name[level:], package, level)
tests/integration/test_http_post.py:4: in &lt;module&gt;
    import requests_mock
E   ModuleNotFoundError: No module named 'requests_mock'</error></testcase></testsuite></testsuites>