GLOB sdist-make: /workdir/dice-ml-0.9/setup.py
cpythonlibtest-unit-test-tests create: /workdir/dice-ml-0.9/.tox/cpythonlibtest-unit-test-tests
cpythonlibtest-unit-test-tests installdeps: mock, pytest, -rrequirements-test.txt, -rrequirements-linting.txt, -rrequirements-deeplearning.txt, -rrequirements.txt
cpythonlibtest-unit-test-tests inst: /workdir/dice-ml-0.9/.tox/.tmp/package/1/dice_ml-0.9.zip
cpythonlibtest-unit-test-tests installed: absl-py==2.0.0,anyio==4.0.0,argon2-cffi==23.1.0,argon2-cffi-bindings==21.2.0,arrow==1.3.0,asttokens==2.4.1,astunparse==1.6.3,async-lru==2.0.4,attrs==23.1.0,Babel==2.13.1,beautifulsoup4==4.12.2,bleach==6.1.0,cachetools==5.3.2,certifi==2023.11.17,cffi==1.16.0,charset-normalizer==3.3.2,comm==0.2.0,coverage==7.3.2,cryptography==41.0.5,debugpy==1.8.0,decorator==5.1.1,defusedxml==0.7.1,dice-ml @ file:///workdir/dice-ml-0.9/.tox/.tmp/package/1/dice_ml-0.9.zip#sha256=b1559d64ecf10a2209701bb6cd1ef66dc845e945d22cc9334e32e203aa330771,docutils==0.20.1,exceptiongroup==1.1.3,executing==2.0.1,fastjsonschema==2.19.0,filelock==3.13.1,flake8==4.0.1,flake8-blind-except==0.1.1,flake8-breakpoint==1.1.0,flake8-bugbear==21.11.29,flake8-builtins==1.5.3,flake8-logging-format==0.6.0,flake8-nb==0.4.0,flake8-plugin-utils==1.3.3,flake8-pytest-style==1.7.2,flatbuffers==23.5.26,fqdn==1.5.1,fsspec==2023.10.0,gast==0.5.4,google-auth==2.23.4,google-auth-oauthlib==1.1.0,google-pasta==0.2.0,grpcio==1.59.3,h5py==3.10.0,idna==3.4,importlib-metadata==6.8.0,iniconfig==2.0.0,ipykernel==6.26.0,ipython==8.17.2,ipywidgets==8.1.1,isoduration==20.11.0,isort==5.12.0,jaraco.classes==3.3.0,jedi==0.19.1,jeepney==0.8.0,Jinja2==3.1.2,joblib==1.3.2,json5==0.9.14,jsonpointer==2.4,jsonschema==4.20.0,jsonschema-specifications==2023.11.1,jupyter==1.0.0,jupyter-console==6.6.3,jupyter-events==0.9.0,jupyter-lsp==2.2.0,jupyter_client==8.6.0,jupyter_core==5.5.0,jupyter_server==2.10.1,jupyter_server_terminals==0.4.4,jupyterlab==4.0.9,jupyterlab-pygments==0.2.2,jupyterlab-widgets==3.0.9,jupyterlab_server==2.25.2,keras==2.15.0,keyring==24.3.0,libclang==16.0.6,Markdown==3.5.1,markdown-it-py==3.0.0,MarkupSafe==2.1.3,matplotlib-inline==0.1.6,mccabe==0.6.1,mdurl==0.1.2,mistune==3.0.2,ml-dtypes==0.2.0,mock==5.1.0,more-itertools==10.1.0,mpmath==1.3.0,nbclient==0.9.0,nbconvert==7.11.0,nbformat==5.9.2,nest-asyncio==1.5.8,networkx==3.2.1,nh3==0.2.14,notebook==7.0.6,notebook_shim==0.2.3,numpy==1.26.2,nvidia-cublas-cu12==12.1.3.1,nvidia-cuda-cupti-cu12==12.1.105,nvidia-cuda-nvrtc-cu12==12.1.105,nvidia-cuda-runtime-cu12==12.1.105,nvidia-cudnn-cu12==8.9.2.26,nvidia-cufft-cu12==11.0.2.54,nvidia-curand-cu12==10.3.2.106,nvidia-cusolver-cu12==11.4.5.107,nvidia-cusparse-cu12==12.1.0.106,nvidia-nccl-cu12==2.18.1,nvidia-nvjitlink-cu12==12.3.101,nvidia-nvtx-cu12==12.1.105,oauthlib==3.2.2,opt-einsum==3.3.0,overrides==7.4.0,packaging==23.2,pandas==2.1.3,pandocfilters==1.5.0,parso==0.8.3,pexpect==4.8.0,pkginfo==1.9.6,platformdirs==4.0.0,pluggy==1.3.0,prometheus-client==0.19.0,prompt-toolkit==3.0.41,protobuf==4.23.4,psutil==5.9.6,ptyprocess==0.7.0,pure-eval==0.2.2,pyasn1==0.5.1,pyasn1-modules==0.3.0,pycodestyle==2.8.0,pycparser==2.21,pyflakes==2.4.0,Pygments==2.17.1,pytest==7.4.3,pytest-cov==4.1.0,pytest-mock==3.12.0,python-dateutil==2.8.2,python-json-logger==2.0.7,pytz==2023.3.post1,PyYAML==6.0.1,pyzmq==25.1.1,qtconsole==5.5.1,QtPy==2.4.1,readme-renderer==42.0,referencing==0.31.0,requests==2.31.0,requests-oauthlib==1.3.1,requests-toolbelt==1.0.0,rfc3339-validator==0.1.4,rfc3986==2.0.0,rfc3986-validator==0.1.1,rich==13.7.0,rpds-py==0.13.1,rsa==4.9,scikit-learn==1.1.1,scipy==1.11.4,SecretStorage==3.3.3,Send2Trash==1.8.2,six==1.16.0,sniffio==1.3.0,soupsieve==2.5,stack-data==0.6.3,sympy==1.12,tensorboard==2.15.1,tensorboard-data-server==0.7.2,tensorflow==2.15.0,tensorflow-estimator==2.15.0,tensorflow-io-gcs-filesystem==0.34.0,termcolor==2.3.0,terminado==0.18.0,threadpoolctl==3.2.0,tinycss2==1.2.1,tomli==2.0.1,torch==2.1.1,tornado==6.3.3,tqdm==4.66.1,traitlets==5.13.0,triton==2.1.0,twine==4.0.2,types-python-dateutil==2.8.19.14,typing_extensions==4.8.0,tzdata==2023.3,uri-template==1.3.0,urllib3==2.1.0,wcwidth==0.2.10,webcolors==1.13,webencodings==0.5.1,websocket-client==1.6.4,Werkzeug==3.0.1,widgetsnbextension==4.0.9,wrapt==1.14.1,zipp==3.17.0
cpythonlibtest-unit-test-tests run-test-pre: PYTHONHASHSEED='1453524288'
cpythonlibtest-unit-test-tests run-test: commands[0] | pytest -v --tb=native --junitxml /workdir/results/dice-ml/0.9/1/cpython-test-results.xml
============================= test session starts ==============================
platform linux -- Python 3.10.8, pytest-7.4.3, pluggy-1.3.0 -- /workdir/dice-ml-0.9/.tox/cpythonlibtest-unit-test-tests/bin/python
cachedir: .tox/cpythonlibtest-unit-test-tests/.pytest_cache
rootdir: /workdir/dice-ml-0.9
plugins: anyio-4.0.0, mock-3.12.0, cov-4.1.0
collecting ... collected 281 items

tests/test_counterfactual_explanations.py::TestCounterfactualExplanations::test_sorted_summary_importance_counterfactual_explanations PASSED [  0%]
tests/test_counterfactual_explanations.py::TestCounterfactualExplanations::test_sorted_local_importance_counterfactual_explanations PASSED [  0%]
tests/test_counterfactual_explanations.py::TestSerializationCounterfactualExplanations::test_counterfactual_explanations_output[0-2-1.0] PASSED [  1%]
tests/test_counterfactual_explanations.py::TestSerializationCounterfactualExplanations::test_counterfactual_explanations_output[0-2-2.0] PASSED [  1%]
tests/test_counterfactual_explanations.py::TestSerializationCounterfactualExplanations::test_local_importance_output[0-10-1.0] PASSED [  1%]
tests/test_counterfactual_explanations.py::TestSerializationCounterfactualExplanations::test_local_importance_output[0-10-2.0] PASSED [  2%]
tests/test_counterfactual_explanations.py::TestSerializationCounterfactualExplanations::test_summary_importance_output[0-10-1.0] PASSED [  2%]
tests/test_counterfactual_explanations.py::TestSerializationCounterfactualExplanations::test_summary_importance_output[0-10-2.0] PASSED [  2%]
tests/test_counterfactual_explanations.py::TestSerializationCounterfactualExplanations::test_empty_counterfactual_explanations_object[1.0] PASSED [  3%]
tests/test_counterfactual_explanations.py::TestSerializationCounterfactualExplanations::test_empty_counterfactual_explanations_object[2.0] PASSED [  3%]
tests/test_counterfactual_explanations.py::TestSerializationCounterfactualExplanations::test_no_counterfactuals_found[0-2-1.0] PASSED [  3%]
tests/test_counterfactual_explanations.py::TestSerializationCounterfactualExplanations::test_no_counterfactuals_found[0-2-2.0] PASSED [  4%]
tests/test_counterfactual_explanations.py::TestSerializationCounterfactualExplanations::test_no_counterfactuals_found_local_importance[0-10-1.0] PASSED [  4%]
tests/test_counterfactual_explanations.py::TestSerializationCounterfactualExplanations::test_no_counterfactuals_found_local_importance[0-10-2.0] PASSED [  4%]
tests/test_counterfactual_explanations.py::TestSerializationCounterfactualExplanations::test_no_counterfactuals_found_summary_importance[0-10-1.0] PASSED [  5%]
tests/test_counterfactual_explanations.py::TestSerializationCounterfactualExplanations::test_no_counterfactuals_found_summary_importance[0-10-2.0] PASSED [  5%]
tests/test_counterfactual_explanations.py::TestSerializationCounterfactualExplanations::test_unsupported_versions_from_json[3.0] PASSED [  6%]
tests/test_counterfactual_explanations.py::TestSerializationCounterfactualExplanations::test_unsupported_versions_from_json[] PASSED [  6%]
tests/test_counterfactual_explanations.py::TestSerializationCounterfactualExplanations::test_unsupported_versions_to_json[3.0] PASSED [  6%]
tests/test_counterfactual_explanations.py::TestSerializationCounterfactualExplanations::test_unsupported_versions_to_json[] PASSED [  7%]
tests/test_data.py::test_data_initiation PASSED                          [  7%]
tests/test_data.py::TestCommonDataMethods::test_get_valid_mads PASSED    [  7%]
tests/test_data.py::TestCommonDataMethods::test_ohe_min_max_transformed_query_instance PASSED [  8%]
tests/test_data.py::TestCommonDataMethods::test_encoded_categorical_features PASSED [  8%]
tests/test_data.py::TestCommonDataMethods::test_features_to_vary PASSED  [  8%]
tests/test_dice.py::TestBaseExplainerLoader::test_tf PASSED              [  9%]
tests/test_dice.py::TestBaseExplainerLoader::test_pyt PASSED             [  9%]
tests/test_dice.py::TestBaseExplainerLoader::test_sklearn[random] PASSED [  9%]
tests/test_dice.py::TestBaseExplainerLoader::test_minimum_query_instances PASSED [ 10%]
tests/test_dice.py::TestBaseExplainerLoader::test_unsupported_sampling_strategy PASSED [ 10%]
tests/test_dice.py::TestBaseExplainerLoader::test_private_data_interface_dice_kdtree PASSED [ 11%]
tests/test_model.py::TestBaseModelLoader::test_tf PASSED                 [ 11%]
tests/test_model.py::TestBaseModelLoader::test_pyt PASSED                [ 11%]
tests/test_model.py::TestBaseModelLoader::test_sklearn PASSED            [ 12%]
tests/test_model.py::TestModelUserValidations::test_model_user_validation_model_type PASSED [ 12%]
tests/test_model.py::TestModelUserValidations::test_model_user_validation_no_valid_model PASSED [ 12%]
tests/test_notebooks.py::test_notebook[DiCE_multiclass_classification_and_regression.ipynb] PASSED [ 13%]
tests/test_notebooks.py::test_notebook[DiCE_with_private_data.ipynb] FAILED [ 13%]
tests/test_notebooks.py::test_notebook[DiCE_model_agnostic_CFs.ipynb] PASSED [ 13%]
tests/test_notebooks.py::test_notebook[DiCE_getting_started_feasible.ipynb] SKIPPED [ 14%]
tests/test_notebooks.py::test_notebook[Benchmarking_different_CF_explanation_methods.ipynb] SKIPPED [ 14%]
tests/test_notebooks.py::test_notebook[DiCE_feature_importances.ipynb] PASSED [ 14%]
tests/test_notebooks.py::test_notebook[DiCE_getting_started.ipynb] SKIPPED [ 15%]
tests/test_notebooks.py::test_notebook[DiCE_with_advanced_options.ipynb] SKIPPED [ 15%]
tests/test_data_interface/test_base_data_interface.py::TestBaseData::test_base_data_initialization PASSED [ 16%]
tests/test_data_interface/test_private_data_interface.py::TestPrivateDataMethods::test_mads PASSED [ 16%]
tests/test_data_interface/test_private_data_interface.py::TestPrivateDataMethods::test_feature_precision PASSED [ 16%]
tests/test_data_interface/test_public_data_interface.py::TestPublicDataMethods::test_permitted_range PASSED [ 17%]
tests/test_data_interface/test_public_data_interface.py::TestPublicDataMethods::test_feature_precision PASSED [ 17%]
tests/test_data_interface/test_public_data_interface.py::TestErrorScenariosPublicDataInterface::test_invalid_dataframe[DataTypeCombinations.Incorrect] PASSED [ 17%]
tests/test_data_interface/test_public_data_interface.py::TestErrorScenariosPublicDataInterface::test_invalid_dataframe[DataTypeCombinations.AsNone] PASSED [ 18%]
tests/test_data_interface/test_public_data_interface.py::TestErrorScenariosPublicDataInterface::test_invalid_continuous_features[DataTypeCombinations.Incorrect] PASSED [ 18%]
tests/test_data_interface/test_public_data_interface.py::TestErrorScenariosPublicDataInterface::test_invalid_continuous_features[DataTypeCombinations.AsNone] PASSED [ 18%]
tests/test_data_interface/test_public_data_interface.py::TestErrorScenariosPublicDataInterface::test_invalid_continuous_features[DataTypeCombinations.Omitted] PASSED [ 19%]
tests/test_data_interface/test_public_data_interface.py::TestErrorScenariosPublicDataInterface::test_invalid_outcome_name[DataTypeCombinations.Incorrect] PASSED [ 19%]
tests/test_data_interface/test_public_data_interface.py::TestErrorScenariosPublicDataInterface::test_invalid_outcome_name[DataTypeCombinations.AsNone] PASSED [ 19%]
tests/test_data_interface/test_public_data_interface.py::TestErrorScenariosPublicDataInterface::test_invalid_outcome_name[DataTypeCombinations.Omitted] PASSED [ 20%]
tests/test_data_interface/test_public_data_interface.py::TestErrorScenariosPublicDataInterface::test_not_found_outcome_name PASSED [ 20%]
tests/test_data_interface/test_public_data_interface.py::TestErrorScenariosPublicDataInterface::test_unseen_continuous_feature_names PASSED [ 20%]
tests/test_data_interface/test_public_data_interface.py::TestErrorScenariosPublicDataInterface::test_unseen_permitted_range PASSED [ 21%]
tests/test_data_interface/test_public_data_interface.py::TestErrorScenariosPublicDataInterface::test_min_max_equal PASSED [ 21%]
tests/test_data_interface/test_public_data_interface.py::TestErrorScenariosPublicDataInterface::test_unseen_continuous_features_precision PASSED [ 22%]
tests/test_data_interface/test_public_data_interface.py::TestChecksPublicDataInterface::test_check_features_to_vary[all] PASSED [ 22%]
tests/test_data_interface/test_public_data_interface.py::TestChecksPublicDataInterface::test_check_features_to_vary[None] PASSED [ 22%]
tests/test_data_interface/test_public_data_interface.py::TestChecksPublicDataInterface::test_check_features_to_vary[features_to_vary2] PASSED [ 23%]
tests/test_data_interface/test_public_data_interface.py::TestChecksPublicDataInterface::test_check_permitted_range_with_unknown_feature[None] PASSED [ 23%]
tests/test_data_interface/test_public_data_interface.py::TestChecksPublicDataInterface::test_check_permitted_range_with_unknown_feature[permitted_range1] PASSED [ 23%]
tests/test_data_interface/test_public_data_interface.py::TestChecksPublicDataInterface::test_check_permitted_range_with_unknown_categorical_value PASSED [ 24%]
tests/test_data_interface/test_public_data_interface.py::TestUserDataCorruption::test_user_data_corruption PASSED [ 24%]
tests/test_dice_interface/test_dice_KD.py::TestDiceKDBinaryClassificationMethods::test_invalid_query_instance[None-0-4-features_to_vary0-permitted_range0] PASSED [ 24%]
tests/test_dice_interface/test_dice_KD.py::TestDiceKDBinaryClassificationMethods::test_KD_tree_output[linear-0-1] PASSED [ 25%]
tests/test_dice_interface/test_dice_KD.py::TestDiceKDBinaryClassificationMethods::test_KD_tree_output[binary-0-1] PASSED [ 25%]
tests/test_dice_interface/test_dice_KD.py::TestDiceKDBinaryClassificationMethods::test_KD_tree_output[None-0-1] PASSED [ 25%]
tests/test_dice_interface/test_dice_KD.py::TestDiceKDBinaryClassificationMethods::test_KD_tree_counterfactual_explanations_output[0-1] PASSED [ 26%]
tests/test_dice_interface/test_dice_KD.py::TestDiceKDBinaryClassificationMethods::test_features_to_vary[0-1-features_to_vary0] PASSED [ 26%]
tests/test_dice_interface/test_dice_KD.py::TestDiceKDBinaryClassificationMethods::test_permitted_range[0-1-permitted_range0] PASSED [ 27%]
tests/test_dice_interface/test_dice_KD.py::TestDiceKDBinaryClassificationMethods::test_permitted_range_categorical[0-4-permitted_range0] PASSED [ 27%]
tests/test_dice_interface/test_dice_KD.py::TestDiceKDBinaryClassificationMethods::test_duplicates[0-2] PASSED [ 27%]
tests/test_dice_interface/test_dice_KD.py::TestDiceKDBinaryClassificationMethods::test_index[linear-0-1] PASSED [ 28%]
tests/test_dice_interface/test_dice_KD.py::TestDiceKDBinaryClassificationMethods::test_index[binary-0-1] PASSED [ 28%]
tests/test_dice_interface/test_dice_KD.py::TestDiceKDBinaryClassificationMethods::test_index[None-0-1] PASSED [ 28%]
tests/test_dice_interface/test_dice_KD.py::TestDiceKDMultiClassificationMethods::test_KD_tree_output[linear-2-3] PASSED [ 29%]
tests/test_dice_interface/test_dice_KD.py::TestDiceKDMultiClassificationMethods::test_KD_tree_output[binary-2-3] PASSED [ 29%]
tests/test_dice_interface/test_dice_KD.py::TestDiceKDMultiClassificationMethods::test_KD_tree_output[None-2-3] PASSED [ 29%]
tests/test_dice_interface/test_dice_KD.py::TestDiceKDRegressionMethods::test_KD_tree_output[linear-2.0-desired_range0-6] PASSED [ 30%]
tests/test_dice_interface/test_dice_KD.py::TestDiceKDRegressionMethods::test_KD_tree_output[linear-1.0-desired_range0-6] PASSED [ 30%]
tests/test_dice_interface/test_dice_KD.py::TestDiceKDRegressionMethods::test_KD_tree_output[binary-2.0-desired_range0-6] PASSED [ 30%]
tests/test_dice_interface/test_dice_KD.py::TestDiceKDRegressionMethods::test_KD_tree_output[binary-1.0-desired_range0-6] PASSED [ 31%]
tests/test_dice_interface/test_dice_KD.py::TestDiceKDRegressionMethods::test_KD_tree_output[None-2.0-desired_range0-6] PASSED [ 31%]
tests/test_dice_interface/test_dice_KD.py::TestDiceKDRegressionMethods::test_KD_tree_output[None-1.0-desired_range0-6] PASSED [ 32%]
tests/test_dice_interface/test_dice_KD.py::TestDiceKDRegressionMethods::test_KD_tree_counterfactual_explanations_output[desired_range0-6] PASSED [ 32%]
tests/test_dice_interface/test_dice_KD.py::TestDiceKDRegressionMethods::test_zero_cfs[0-desired_range0-0] PASSED [ 32%]
tests/test_dice_interface/test_dice_KD.py::TestDiceKDBinaryVarsClassificationMethods::test_invalid_query_instance[None-0-4-features_to_vary0-permitted_range0] PASSED [ 33%]
tests/test_dice_interface/test_dice_KD.py::TestDiceKDBinaryVarsClassificationMethods::test_KD_tree_output[linear-0-1] PASSED [ 33%]
tests/test_dice_interface/test_dice_KD.py::TestDiceKDBinaryVarsClassificationMethods::test_KD_tree_output[binary-0-1] PASSED [ 33%]
tests/test_dice_interface/test_dice_KD.py::TestDiceKDBinaryVarsClassificationMethods::test_KD_tree_output[None-0-1] PASSED [ 34%]
tests/test_dice_interface/test_dice_KD.py::TestDiceKDBinaryVarsClassificationMethods::test_KD_tree_counterfactual_explanations_output[0-1] PASSED [ 34%]
tests/test_dice_interface/test_dice_genetic.py::TestDiceGeneticBinaryClassificationMethods::test_no_cfs[sklearn-7-3] PASSED [ 34%]
tests/test_dice_interface/test_dice_genetic.py::TestDiceGeneticBinaryClassificationMethods::test_invalid_query_instance[sklearn-features_to_vary0-permitted_range0-inverse_mad] PASSED [ 35%]
tests/test_dice_interface/test_dice_genetic.py::TestDiceGeneticBinaryClassificationMethods::test_features_to_vary[sklearn-1-2-features_to_vary0-kdtree] PASSED [ 35%]
tests/test_dice_interface/test_dice_genetic.py::TestDiceGeneticBinaryClassificationMethods::test_features_to_vary[sklearn-1-2-features_to_vary1-random] PASSED [ 35%]
tests/test_dice_interface/test_dice_genetic.py::TestDiceGeneticBinaryClassificationMethods::test_permitted_range[sklearn-1-2-all-permitted_range0-kdtree] PASSED [ 36%]
tests/test_dice_interface/test_dice_genetic.py::TestDiceGeneticBinaryClassificationMethods::test_permitted_range[sklearn-1-2-all-permitted_range1-random] PASSED [ 36%]
tests/test_dice_interface/test_dice_genetic.py::TestDiceGeneticBinaryClassificationMethods::test_permitted_range_categorical[sklearn-1-2-all-permitted_range0-kdtree] PASSED [ 37%]
tests/test_dice_interface/test_dice_genetic.py::TestDiceGeneticBinaryClassificationMethods::test_permitted_range_categorical[sklearn-1-2-all-permitted_range1-random] PASSED [ 37%]
tests/test_dice_interface/test_dice_genetic.py::TestDiceGeneticBinaryClassificationMethods::test_query_instance_with_target_column[sklearn] PASSED [ 37%]
tests/test_dice_interface/test_dice_genetic.py::TestDiceGeneticBinaryClassificationMethods::test_maxiter[sklearn-0-7-kdtree-0] PASSED [ 38%]
tests/test_dice_interface/test_dice_genetic.py::TestDiceGeneticBinaryClassificationMethods::test_maxiter[sklearn-0-7-random-0] PASSED [ 38%]
tests/test_dice_interface/test_dice_genetic.py::TestDiceGeneticBinaryClassificationMethods::test_predict_custom[sklearn-2] PASSED [ 38%]
tests/test_dice_interface/test_dice_genetic.py::TestDiceGeneticMultiClassificationMethods::test_maxiter[sklearn-2-7-kdtree-0] PASSED [ 39%]
tests/test_dice_interface/test_dice_genetic.py::TestDiceGeneticMultiClassificationMethods::test_maxiter[sklearn-2-7-random-0] PASSED [ 39%]
tests/test_dice_interface/test_dice_genetic.py::TestDiceGeneticMultiClassificationMethods::test_predict_custom[sklearn-2] PASSED [ 39%]
tests/test_dice_interface/test_dice_genetic.py::TestDiceGeneticRegressionMethods::test_desired_range[sklearn-desired_range0-2-kdtree] PASSED [ 40%]
tests/test_dice_interface/test_dice_genetic.py::TestDiceGeneticRegressionMethods::test_desired_range[sklearn-desired_range1-2-random] PASSED [ 40%]
tests/test_dice_interface/test_dice_genetic.py::TestDiceGeneticRegressionMethods::test_maxiter[sklearn-desired_range0-7-kdtree-0] PASSED [ 40%]
tests/test_dice_interface/test_dice_genetic.py::TestDiceGeneticRegressionMethods::test_maxiter[sklearn-desired_range1-7-random-0] PASSED [ 41%]
tests/test_dice_interface/test_dice_genetic.py::TestDiceGeneticRegressionMethods::test_desired_range[PYT-desired_range0-2-kdtree] FAILED [ 41%]
tests/test_dice_interface/test_dice_genetic.py::TestDiceGeneticRegressionMethods::test_desired_range[PYT-desired_range1-2-random] FAILED [ 41%]
tests/test_dice_interface/test_dice_genetic.py::TestDiceGeneticRegressionMethods::test_maxiter[PYT-desired_range0-7-kdtree-0] FAILED [ 42%]
tests/test_dice_interface/test_dice_genetic.py::TestDiceGeneticRegressionMethods::test_maxiter[PYT-desired_range1-7-random-0] FAILED [ 42%]
tests/test_dice_interface/test_dice_pytorch.py::TestDiceTorchMethods::test_yloss[hinge_loss-10.8443] PASSED [ 43%]
tests/test_dice_interface/test_dice_pytorch.py::TestDiceTorchMethods::test_yloss[l2_loss-0.9999] PASSED [ 43%]
tests/test_dice_interface/test_dice_pytorch.py::TestDiceTorchMethods::test_yloss[log_loss-9.8443] PASSED [ 43%]
tests/test_dice_interface/test_dice_pytorch.py::TestDiceTorchMethods::test_proximity_loss FAILED [ 44%]
tests/test_dice_interface/test_dice_pytorch.py::TestDiceTorchMethods::test_diversity_loss[dpp_style:inverse_dist-0.0104] PASSED [ 44%]
tests/test_dice_interface/test_dice_pytorch.py::TestDiceTorchMethods::test_diversity_loss[avg_dist-0.1743] PASSED [ 44%]
tests/test_dice_interface/test_dice_pytorch.py::TestDiceTorchMethods::test_regularization_loss PASSED [ 45%]
tests/test_dice_interface/test_dice_pytorch.py::TestDiceTorchMethods::test_final_cfs_and_preds FAILED [ 45%]
tests/test_dice_interface/test_dice_random.py::TestDiceRandomBinaryClassificationMethods::test_random_counterfactual_explanations_output[random_binary_classification_exp_object0-0-1] PASSED [ 45%]
tests/test_dice_interface/test_dice_random.py::TestDiceRandomBinaryClassificationMethods::test_no_cfs[random_binary_classification_exp_object0-7-None-3-all-None] PASSED [ 46%]
tests/test_dice_interface/test_dice_random.py::TestDiceRandomBinaryClassificationMethods::test_invalid_query_instance[random_binary_classification_exp_object0-features_to_vary0-permitted_range0-inverse_mad] PASSED [ 46%]
tests/test_dice_interface/test_dice_random.py::TestDiceRandomBinaryClassificationMethods::test_features_to_vary[random_binary_classification_exp_object0-1-None-2-features_to_vary0-None] PASSED [ 46%]
tests/test_dice_interface/test_dice_random.py::TestDiceRandomBinaryClassificationMethods::test_permitted_range_categorical[random_binary_classification_exp_object0-1-None-2-permitted_range0] PASSED [ 47%]
tests/test_dice_interface/test_dice_random.py::TestDiceRandomBinaryClassificationMethods::test_random_counterfactual_explanations_output[random_binary_classification_exp_object1-0-1] PASSED [ 47%]
tests/test_dice_interface/test_dice_random.py::TestDiceRandomBinaryClassificationMethods::test_no_cfs[random_binary_classification_exp_object1-7-None-3-all-None] PASSED [ 48%]
tests/test_dice_interface/test_dice_random.py::TestDiceRandomBinaryClassificationMethods::test_invalid_query_instance[random_binary_classification_exp_object1-features_to_vary0-permitted_range0-inverse_mad] PASSED [ 48%]
tests/test_dice_interface/test_dice_random.py::TestDiceRandomBinaryClassificationMethods::test_features_to_vary[random_binary_classification_exp_object1-1-None-2-features_to_vary0-None] PASSED [ 48%]
tests/test_dice_interface/test_dice_random.py::TestDiceRandomBinaryClassificationMethods::test_permitted_range_categorical[random_binary_classification_exp_object1-1-None-2-permitted_range0] PASSED [ 49%]
tests/test_dice_interface/test_dice_random.py::TestDiceRandomBinaryClassificationMethods::test_random_counterfactual_explanations_output[random_binary_classification_exp_object2-0-1] FAILED [ 49%]
tests/test_dice_interface/test_dice_random.py::TestDiceRandomBinaryClassificationMethods::test_no_cfs[random_binary_classification_exp_object2-7-None-3-all-None] FAILED [ 49%]
tests/test_dice_interface/test_dice_random.py::TestDiceRandomBinaryClassificationMethods::test_invalid_query_instance[random_binary_classification_exp_object2-features_to_vary0-permitted_range0-inverse_mad] PASSED [ 50%]
tests/test_dice_interface/test_dice_random.py::TestDiceRandomBinaryClassificationMethods::test_features_to_vary[random_binary_classification_exp_object2-1-None-2-features_to_vary0-None] FAILED [ 50%]
tests/test_dice_interface/test_dice_random.py::TestDiceRandomBinaryClassificationMethods::test_permitted_range_categorical[random_binary_classification_exp_object2-1-None-2-permitted_range0] FAILED [ 50%]
tests/test_dice_interface/test_dice_random.py::TestDiceRandomBinaryClassificationMethods::test_random_counterfactual_explanations_output[random_binary_classification_exp_object3-0-1] FAILED [ 51%]
tests/test_dice_interface/test_dice_random.py::TestDiceRandomBinaryClassificationMethods::test_no_cfs[random_binary_classification_exp_object3-7-None-3-all-None] FAILED [ 51%]
tests/test_dice_interface/test_dice_random.py::TestDiceRandomBinaryClassificationMethods::test_invalid_query_instance[random_binary_classification_exp_object3-features_to_vary0-permitted_range0-inverse_mad] PASSED [ 51%]
tests/test_dice_interface/test_dice_random.py::TestDiceRandomBinaryClassificationMethods::test_features_to_vary[random_binary_classification_exp_object3-1-None-2-features_to_vary0-None] FAILED [ 52%]
tests/test_dice_interface/test_dice_random.py::TestDiceRandomBinaryClassificationMethods::test_permitted_range_categorical[random_binary_classification_exp_object3-1-None-2-permitted_range0] FAILED [ 52%]
tests/test_dice_interface/test_dice_random.py::TestDiceRandomRegressionMethods::test_desired_range[random_regression_exp_object0-all-None-desired_range0-2-None] PASSED [ 53%]
tests/test_dice_interface/test_dice_random.py::TestDiceRandomRegressionMethods::test_random_output[random_regression_exp_object0-2.0-desired_range0-6] PASSED [ 53%]
tests/test_dice_interface/test_dice_random.py::TestDiceRandomRegressionMethods::test_random_output[random_regression_exp_object0-1.0-desired_range0-6] PASSED [ 53%]
tests/test_dice_interface/test_dice_random.py::TestDiceRandomRegressionMethods::test_random_counterfactual_explanations_output[random_regression_exp_object0-desired_range0-6] PASSED [ 54%]
tests/test_dice_interface/test_dice_random.py::TestDiceRandomRegressionMethods::test_zero_cfs[random_regression_exp_object0-all-None-desired_range0-0-None] PASSED [ 54%]
tests/test_dice_interface/test_dice_random.py::TestDiceRandomRegressionMethods::test_desired_range[random_regression_exp_object1-all-None-desired_range0-2-None] PASSED [ 54%]
tests/test_dice_interface/test_dice_random.py::TestDiceRandomRegressionMethods::test_random_output[random_regression_exp_object1-2.0-desired_range0-6] PASSED [ 55%]
tests/test_dice_interface/test_dice_random.py::TestDiceRandomRegressionMethods::test_random_output[random_regression_exp_object1-1.0-desired_range0-6] PASSED [ 55%]
tests/test_dice_interface/test_dice_random.py::TestDiceRandomRegressionMethods::test_random_counterfactual_explanations_output[random_regression_exp_object1-desired_range0-6] PASSED [ 55%]
tests/test_dice_interface/test_dice_random.py::TestDiceRandomRegressionMethods::test_zero_cfs[random_regression_exp_object1-all-None-desired_range0-0-None] PASSED [ 56%]
tests/test_dice_interface/test_dice_random.py::TestDiceRandomRegressionMethods::test_desired_range[random_regression_exp_object2-all-None-desired_range0-2-None] FAILED [ 56%]
tests/test_dice_interface/test_dice_random.py::TestDiceRandomRegressionMethods::test_random_output[random_regression_exp_object2-2.0-desired_range0-6] FAILED [ 56%]
tests/test_dice_interface/test_dice_random.py::TestDiceRandomRegressionMethods::test_random_output[random_regression_exp_object2-1.0-desired_range0-6] FAILED [ 57%]
tests/test_dice_interface/test_dice_random.py::TestDiceRandomRegressionMethods::test_random_counterfactual_explanations_output[random_regression_exp_object2-desired_range0-6] FAILED [ 57%]
tests/test_dice_interface/test_dice_random.py::TestDiceRandomRegressionMethods::test_zero_cfs[random_regression_exp_object2-all-None-desired_range0-0-None] FAILED [ 58%]
tests/test_dice_interface/test_dice_random.py::TestDiceRandomRegressionMethods::test_desired_range[random_regression_exp_object3-all-None-desired_range0-2-None] FAILED [ 58%]
tests/test_dice_interface/test_dice_random.py::TestDiceRandomRegressionMethods::test_random_output[random_regression_exp_object3-2.0-desired_range0-6] FAILED [ 58%]
tests/test_dice_interface/test_dice_random.py::TestDiceRandomRegressionMethods::test_random_output[random_regression_exp_object3-1.0-desired_range0-6] FAILED [ 59%]
tests/test_dice_interface/test_dice_random.py::TestDiceRandomRegressionMethods::test_random_counterfactual_explanations_output[random_regression_exp_object3-desired_range0-6] FAILED [ 59%]
tests/test_dice_interface/test_dice_random.py::TestDiceRandomRegressionMethods::test_zero_cfs[random_regression_exp_object3-all-None-desired_range0-0-None] FAILED [ 59%]
tests/test_dice_interface/test_dice_tensorflow.py::TestDiceTensorFlowMethods::test_yloss[hinge_loss-4.6711] PASSED [ 60%]
tests/test_dice_interface/test_dice_tensorflow.py::TestDiceTensorFlowMethods::test_yloss[l2_loss-0.9501] PASSED [ 60%]
tests/test_dice_interface/test_dice_tensorflow.py::TestDiceTensorFlowMethods::test_yloss[log_loss-3.6968] PASSED [ 60%]
tests/test_dice_interface/test_dice_tensorflow.py::TestDiceTensorFlowMethods::test_proximity_loss PASSED [ 61%]
tests/test_dice_interface/test_dice_tensorflow.py::TestDiceTensorFlowMethods::test_diversity_loss[dpp_style:inverse_dist-0.0104] PASSED [ 61%]
tests/test_dice_interface/test_dice_tensorflow.py::TestDiceTensorFlowMethods::test_diversity_loss[avg_dist-0.1743] PASSED [ 61%]
tests/test_dice_interface/test_dice_tensorflow.py::TestDiceTensorFlowMethods::test_regularization_loss PASSED [ 62%]
tests/test_dice_interface/test_dice_tensorflow.py::TestDiceTensorFlowMethods::test_final_cfs_and_preds PASSED [ 62%]
tests/test_dice_interface/test_explainer_base.py::TestExplainerBaseBinaryClassification::test_check_any_counterfactuals_computed[random] PASSED [ 62%]
tests/test_dice_interface/test_explainer_base.py::TestExplainerBaseBinaryClassification::test_check_any_counterfactuals_computed[genetic] PASSED [ 63%]
tests/test_dice_interface/test_explainer_base.py::TestExplainerBaseBinaryClassification::test_check_any_counterfactuals_computed[kdtree] PASSED [ 63%]
tests/test_dice_interface/test_explainer_base.py::TestExplainerBaseBinaryClassification::test_local_feature_importance[1-random] PASSED [ 64%]
tests/test_dice_interface/test_explainer_base.py::TestExplainerBaseBinaryClassification::test_local_feature_importance[1-genetic] PASSED [ 64%]
tests/test_dice_interface/test_explainer_base.py::TestExplainerBaseBinaryClassification::test_local_feature_importance[1-kdtree] PASSED [ 64%]
tests/test_dice_interface/test_explainer_base.py::TestExplainerBaseBinaryClassification::test_global_feature_importance[1-random] PASSED [ 65%]
tests/test_dice_interface/test_explainer_base.py::TestExplainerBaseBinaryClassification::test_global_feature_importance[1-genetic] PASSED [ 65%]
tests/test_dice_interface/test_explainer_base.py::TestExplainerBaseBinaryClassification::test_global_feature_importance[1-kdtree] PASSED [ 65%]
tests/test_dice_interface/test_explainer_base.py::TestExplainerBaseBinaryClassification::test_incorrect_features_to_vary_list[1-random] PASSED [ 66%]
tests/test_dice_interface/test_explainer_base.py::TestExplainerBaseBinaryClassification::test_incorrect_features_to_vary_list[1-genetic] PASSED [ 66%]
tests/test_dice_interface/test_explainer_base.py::TestExplainerBaseBinaryClassification::test_incorrect_features_to_vary_list[1-kdtree] PASSED [ 66%]
tests/test_dice_interface/test_explainer_base.py::TestExplainerBaseBinaryClassification::test_incorrect_features_permitted_range[1-random] PASSED [ 67%]
tests/test_dice_interface/test_explainer_base.py::TestExplainerBaseBinaryClassification::test_incorrect_features_permitted_range[1-genetic] PASSED [ 67%]
tests/test_dice_interface/test_explainer_base.py::TestExplainerBaseBinaryClassification::test_incorrect_features_permitted_range[1-kdtree] PASSED [ 67%]
tests/test_dice_interface/test_explainer_base.py::TestExplainerBaseBinaryClassification::test_incorrect_values_permitted_range[1-random] PASSED [ 68%]
tests/test_dice_interface/test_explainer_base.py::TestExplainerBaseBinaryClassification::test_incorrect_values_permitted_range[1-genetic] PASSED [ 68%]
tests/test_dice_interface/test_explainer_base.py::TestExplainerBaseBinaryClassification::test_incorrect_values_permitted_range[1-kdtree] PASSED [ 69%]
tests/test_dice_interface/test_explainer_base.py::TestExplainerBaseBinaryClassification::test_unsupported_binary_class[100-random] PASSED [ 69%]
tests/test_dice_interface/test_explainer_base.py::TestExplainerBaseBinaryClassification::test_unsupported_binary_class[100-genetic] PASSED [ 69%]
tests/test_dice_interface/test_explainer_base.py::TestExplainerBaseBinaryClassification::test_unsupported_binary_class[100-kdtree] PASSED [ 70%]
tests/test_dice_interface/test_explainer_base.py::TestExplainerBaseBinaryClassification::test_unsupported_binary_class[a-random] PASSED [ 70%]
tests/test_dice_interface/test_explainer_base.py::TestExplainerBaseBinaryClassification::test_unsupported_binary_class[a-genetic] PASSED [ 70%]
tests/test_dice_interface/test_explainer_base.py::TestExplainerBaseBinaryClassification::test_unsupported_binary_class[a-kdtree] PASSED [ 71%]
tests/test_dice_interface/test_explainer_base.py::TestExplainerBaseBinaryClassification::test_query_instance_unknown_column[1-random] PASSED [ 71%]
tests/test_dice_interface/test_explainer_base.py::TestExplainerBaseBinaryClassification::test_query_instance_unknown_column[1-genetic] PASSED [ 71%]
tests/test_dice_interface/test_explainer_base.py::TestExplainerBaseBinaryClassification::test_query_instance_unknown_column[1-kdtree] PASSED [ 72%]
tests/test_dice_interface/test_explainer_base.py::TestExplainerBaseBinaryClassification::test_query_instance_outside_bounds[1-random] PASSED [ 72%]
tests/test_dice_interface/test_explainer_base.py::TestExplainerBaseBinaryClassification::test_query_instance_outside_bounds[1-genetic] PASSED [ 72%]
tests/test_dice_interface/test_explainer_base.py::TestExplainerBaseBinaryClassification::test_query_instance_outside_bounds[1-kdtree] PASSED [ 73%]
tests/test_dice_interface/test_explainer_base.py::TestExplainerBaseBinaryClassification::test_desired_class[1-random] PASSED [ 73%]
tests/test_dice_interface/test_explainer_base.py::TestExplainerBaseBinaryClassification::test_desired_class[1-genetic] PASSED [ 74%]
tests/test_dice_interface/test_explainer_base.py::TestExplainerBaseBinaryClassification::test_desired_class[1-kdtree] PASSED [ 74%]
tests/test_dice_interface/test_explainer_base.py::TestExplainerBaseBinaryClassification::test_permitted_range[1-1-permitted_range0-random] PASSED [ 74%]
tests/test_dice_interface/test_explainer_base.py::TestExplainerBaseBinaryClassification::test_permitted_range[1-1-permitted_range0-genetic] PASSED [ 75%]
tests/test_dice_interface/test_explainer_base.py::TestExplainerBaseBinaryClassification::test_permitted_range[1-1-permitted_range0-kdtree] PASSED [ 75%]
tests/test_dice_interface/test_explainer_base.py::TestExplainerBaseBinaryClassification::test_zero_cfs_internal[all-0-None-0-None-random] PASSED [ 75%]
tests/test_dice_interface/test_explainer_base.py::TestExplainerBaseBinaryClassification::test_zero_cfs_internal[all-0-None-0-None-genetic] SKIPPED [ 76%]
tests/test_dice_interface/test_explainer_base.py::TestExplainerBaseBinaryClassification::test_zero_cfs_internal[all-0-None-0-None-kdtree] PASSED [ 76%]
tests/test_dice_interface/test_explainer_base.py::TestExplainerBaseMultiClassClassification::test_zero_totalcfs[1-random] PASSED [ 76%]
tests/test_dice_interface/test_explainer_base.py::TestExplainerBaseMultiClassClassification::test_zero_totalcfs[1-genetic] PASSED [ 77%]
tests/test_dice_interface/test_explainer_base.py::TestExplainerBaseMultiClassClassification::test_zero_totalcfs[1-kdtree] PASSED [ 77%]
tests/test_dice_interface/test_explainer_base.py::TestExplainerBaseMultiClassClassification::test_desired_class[kdtree-2-2-random] PASSED [ 77%]
tests/test_dice_interface/test_explainer_base.py::TestExplainerBaseMultiClassClassification::test_desired_class[kdtree-2-2-genetic] PASSED [ 78%]
tests/test_dice_interface/test_explainer_base.py::TestExplainerBaseMultiClassClassification::test_desired_class[kdtree-2-2-kdtree] PASSED [ 78%]
tests/test_dice_interface/test_explainer_base.py::TestExplainerBaseMultiClassClassification::test_desired_class[random-2-2-random] PASSED [ 79%]
tests/test_dice_interface/test_explainer_base.py::TestExplainerBaseMultiClassClassification::test_desired_class[random-2-2-genetic] PASSED [ 79%]
tests/test_dice_interface/test_explainer_base.py::TestExplainerBaseMultiClassClassification::test_desired_class[random-2-2-kdtree] PASSED [ 79%]
tests/test_dice_interface/test_explainer_base.py::TestExplainerBaseMultiClassClassification::test_unsupported_multiclass[100-3-random] PASSED [ 80%]
tests/test_dice_interface/test_explainer_base.py::TestExplainerBaseMultiClassClassification::test_unsupported_multiclass[100-3-genetic] PASSED [ 80%]
tests/test_dice_interface/test_explainer_base.py::TestExplainerBaseMultiClassClassification::test_unsupported_multiclass[100-3-kdtree] PASSED [ 80%]
tests/test_dice_interface/test_explainer_base.py::TestExplainerBaseMultiClassClassification::test_unsupported_multiclass[opposite-3-random] PASSED [ 81%]
tests/test_dice_interface/test_explainer_base.py::TestExplainerBaseMultiClassClassification::test_unsupported_multiclass[opposite-3-genetic] PASSED [ 81%]
tests/test_dice_interface/test_explainer_base.py::TestExplainerBaseMultiClassClassification::test_unsupported_multiclass[opposite-3-kdtree] PASSED [ 81%]
tests/test_dice_interface/test_explainer_base.py::TestExplainerBaseMultiClassClassification::test_zero_cfs_internal[all-0-None-0-None-random] PASSED [ 82%]
tests/test_dice_interface/test_explainer_base.py::TestExplainerBaseMultiClassClassification::test_zero_cfs_internal[all-0-None-0-None-genetic] SKIPPED [ 82%]
tests/test_dice_interface/test_explainer_base.py::TestExplainerBaseMultiClassClassification::test_zero_cfs_internal[all-0-None-0-None-kdtree] PASSED [ 82%]
tests/test_dice_interface/test_explainer_base.py::TestExplainerBaseRegression::test_zero_totalcfs[desired_range0-random] PASSED [ 83%]
tests/test_dice_interface/test_explainer_base.py::TestExplainerBaseRegression::test_zero_totalcfs[desired_range1-genetic] PASSED [ 83%]
tests/test_dice_interface/test_explainer_base.py::TestExplainerBaseRegression::test_zero_totalcfs[desired_range2-kdtree] PASSED [ 83%]
tests/test_dice_interface/test_explainer_base.py::TestExplainerBaseRegression::test_numeric_categories[desired_range0-random] PASSED [ 84%]
tests/test_dice_interface/test_explainer_base.py::TestExplainerBase::test_instantiating_explainer_base PASSED [ 84%]
tests/test_dice_interface/test_explainer_base.py::TestExplainerBaseUserConfigValidations::test_generate_counterfactuals_user_config_validations[generate_counterfactuals-random] PASSED [ 85%]
tests/test_dice_interface/test_explainer_base.py::TestExplainerBaseUserConfigValidations::test_generate_counterfactuals_user_config_validations[generate_counterfactuals-genetic] PASSED [ 85%]
tests/test_dice_interface/test_explainer_base.py::TestExplainerBaseUserConfigValidations::test_generate_counterfactuals_user_config_validations[generate_counterfactuals-kdtree] PASSED [ 85%]
tests/test_dice_interface/test_explainer_base.py::TestExplainerBaseUserConfigValidations::test_generate_counterfactuals_user_config_validations[local_feature_importance-random] PASSED [ 86%]
tests/test_dice_interface/test_explainer_base.py::TestExplainerBaseUserConfigValidations::test_generate_counterfactuals_user_config_validations[local_feature_importance-genetic] PASSED [ 86%]
tests/test_dice_interface/test_explainer_base.py::TestExplainerBaseUserConfigValidations::test_generate_counterfactuals_user_config_validations[local_feature_importance-kdtree] PASSED [ 86%]
tests/test_dice_interface/test_explainer_base.py::TestExplainerBaseUserConfigValidations::test_generate_counterfactuals_user_config_validations[feature_importance-random] PASSED [ 87%]
tests/test_dice_interface/test_explainer_base.py::TestExplainerBaseUserConfigValidations::test_generate_counterfactuals_user_config_validations[feature_importance-genetic] PASSED [ 87%]
tests/test_dice_interface/test_explainer_base.py::TestExplainerBaseUserConfigValidations::test_generate_counterfactuals_user_config_validations[feature_importance-kdtree] PASSED [ 87%]
tests/test_dice_interface/test_explainer_base.py::TestExplainerBaseUserConfigValidations::test_generate_counterfactuals_user_config_validations[global_feature_importance-random] PASSED [ 88%]
tests/test_dice_interface/test_explainer_base.py::TestExplainerBaseUserConfigValidations::test_generate_counterfactuals_user_config_validations[global_feature_importance-genetic] PASSED [ 88%]
tests/test_dice_interface/test_explainer_base.py::TestExplainerBaseUserConfigValidations::test_generate_counterfactuals_user_config_validations[global_feature_importance-kdtree] PASSED [ 88%]
tests/test_dice_interface/test_explainer_base.py::TestExplainerBaseUserConfigValidations::test_generate_counterfactuals_user_config_validations_regression[generate_counterfactuals-random] PASSED [ 89%]
tests/test_dice_interface/test_explainer_base.py::TestExplainerBaseUserConfigValidations::test_generate_counterfactuals_user_config_validations_regression[generate_counterfactuals-genetic] PASSED [ 89%]
tests/test_dice_interface/test_explainer_base.py::TestExplainerBaseUserConfigValidations::test_generate_counterfactuals_user_config_validations_regression[generate_counterfactuals-kdtree] PASSED [ 90%]
tests/test_dice_interface/test_explainer_base.py::TestExplainerBaseUserConfigValidations::test_generate_counterfactuals_user_config_validations_regression[local_feature_importance-random] PASSED [ 90%]
tests/test_dice_interface/test_explainer_base.py::TestExplainerBaseUserConfigValidations::test_generate_counterfactuals_user_config_validations_regression[local_feature_importance-genetic] PASSED [ 90%]
tests/test_dice_interface/test_explainer_base.py::TestExplainerBaseUserConfigValidations::test_generate_counterfactuals_user_config_validations_regression[local_feature_importance-kdtree] PASSED [ 91%]
tests/test_dice_interface/test_explainer_base.py::TestExplainerBaseUserConfigValidations::test_generate_counterfactuals_user_config_validations_regression[feature_importance-random] PASSED [ 91%]
tests/test_dice_interface/test_explainer_base.py::TestExplainerBaseUserConfigValidations::test_generate_counterfactuals_user_config_validations_regression[feature_importance-genetic] PASSED [ 91%]
tests/test_dice_interface/test_explainer_base.py::TestExplainerBaseUserConfigValidations::test_generate_counterfactuals_user_config_validations_regression[feature_importance-kdtree] PASSED [ 92%]
tests/test_dice_interface/test_explainer_base.py::TestExplainerBaseUserConfigValidations::test_generate_counterfactuals_user_config_validations_regression[global_feature_importance-random] PASSED [ 92%]
tests/test_dice_interface/test_explainer_base.py::TestExplainerBaseUserConfigValidations::test_generate_counterfactuals_user_config_validations_regression[global_feature_importance-genetic] PASSED [ 92%]
tests/test_dice_interface/test_explainer_base.py::TestExplainerBaseUserConfigValidations::test_generate_counterfactuals_user_config_validations_regression[global_feature_importance-kdtree] PASSED [ 93%]
tests/test_dice_interface/test_explainer_base.py::TestExplainerBaseDataValidations::test_global_feature_importance_error_conditions_with_insufficient_query_points[random] PASSED [ 93%]
tests/test_dice_interface/test_explainer_base.py::TestExplainerBaseDataValidations::test_global_feature_importance_error_conditions_with_insufficient_query_points[genetic] PASSED [ 93%]
tests/test_dice_interface/test_explainer_base.py::TestExplainerBaseDataValidations::test_global_feature_importance_error_conditions_with_insufficient_query_points[kdtree] PASSED [ 94%]
tests/test_dice_interface/test_explainer_base.py::TestExplainerBaseDataValidations::test_global_feature_importance_error_conditions_with_insufficient_cfs_per_query_point[random] PASSED [ 94%]
tests/test_dice_interface/test_explainer_base.py::TestExplainerBaseDataValidations::test_global_feature_importance_error_conditions_with_insufficient_cfs_per_query_point[genetic] PASSED [ 95%]
tests/test_dice_interface/test_explainer_base.py::TestExplainerBaseDataValidations::test_global_feature_importance_error_conditions_with_insufficient_cfs_per_query_point[kdtree] PASSED [ 95%]
tests/test_dice_interface/test_explainer_base.py::TestExplainerBaseDataValidations::test_local_feature_importance_error_conditions_with_insufficient_cfs_per_query_point[random] PASSED [ 95%]
tests/test_dice_interface/test_explainer_base.py::TestExplainerBaseDataValidations::test_local_feature_importance_error_conditions_with_insufficient_cfs_per_query_point[genetic] PASSED [ 96%]
tests/test_dice_interface/test_explainer_base.py::TestExplainerBaseDataValidations::test_local_feature_importance_error_conditions_with_insufficient_cfs_per_query_point[kdtree] PASSED [ 96%]
tests/test_model_interface/test_base_model.py::TestModelClassification::test_base_model_classification PASSED [ 96%]
tests/test_model_interface/test_base_model.py::TestModelRegression::test_base_model_regression PASSED [ 97%]
tests/test_model_interface/test_keras_tensorflow_model.py::test_model_initiation PASSED [ 97%]
tests/test_model_interface/test_keras_tensorflow_model.py::test_model_initiation_fullpath PASSED [ 97%]
tests/test_model_interface/test_keras_tensorflow_model.py::TestKerasModelMethods::test_load_model PASSED [ 98%]
tests/test_model_interface/test_keras_tensorflow_model.py::TestKerasModelMethods::test_model_output[0.747] PASSED [ 98%]
tests/test_model_interface/test_pytorch_model.py::test_model_initiation PASSED [ 98%]
tests/test_model_interface/test_pytorch_model.py::test_model_initiation_fullpath PASSED [ 99%]
tests/test_model_interface/test_pytorch_model.py::TestPyTorchModelMethods::test_load_model PASSED [ 99%]
tests/test_model_interface/test_pytorch_model.py::TestPyTorchModelMethods::test_model_output[0.0957] FAILED [100%]

=================================== FAILURES ===================================
_________________ test_notebook[DiCE_with_private_data.ipynb] __________________
Traceback (most recent call last):
  File "/workdir/dice-ml-0.9/.tox/cpythonlibtest-unit-test-tests/lib/python3.10/site-packages/_pytest/runner.py", line 341, in from_call
    result: Optional[TResult] = func()
  File "/workdir/dice-ml-0.9/.tox/cpythonlibtest-unit-test-tests/lib/python3.10/site-packages/_pytest/runner.py", line 262, in <lambda>
    lambda: ihook(item=item, **kwds), when=when, reraise=reraise
  File "/workdir/dice-ml-0.9/.tox/cpythonlibtest-unit-test-tests/lib/python3.10/site-packages/pluggy/_hooks.py", line 493, in __call__
    return self._hookexec(self.name, self._hookimpls, kwargs, firstresult)
  File "/workdir/dice-ml-0.9/.tox/cpythonlibtest-unit-test-tests/lib/python3.10/site-packages/pluggy/_manager.py", line 115, in _hookexec
    return self._inner_hookexec(hook_name, methods, kwargs, firstresult)
  File "/workdir/dice-ml-0.9/.tox/cpythonlibtest-unit-test-tests/lib/python3.10/site-packages/pluggy/_callers.py", line 152, in _multicall
    return outcome.get_result()
  File "/workdir/dice-ml-0.9/.tox/cpythonlibtest-unit-test-tests/lib/python3.10/site-packages/pluggy/_result.py", line 114, in get_result
    raise exc.with_traceback(exc.__traceback__)
  File "/workdir/dice-ml-0.9/.tox/cpythonlibtest-unit-test-tests/lib/python3.10/site-packages/pluggy/_callers.py", line 77, in _multicall
    res = hook_impl.function(*args)
  File "/workdir/dice-ml-0.9/.tox/cpythonlibtest-unit-test-tests/lib/python3.10/site-packages/_pytest/runner.py", line 177, in pytest_runtest_call
    raise e
  File "/workdir/dice-ml-0.9/.tox/cpythonlibtest-unit-test-tests/lib/python3.10/site-packages/_pytest/runner.py", line 169, in pytest_runtest_call
    item.runtest()
  File "/workdir/dice-ml-0.9/.tox/cpythonlibtest-unit-test-tests/lib/python3.10/site-packages/_pytest/python.py", line 1792, in runtest
    self.ihook.pytest_pyfunc_call(pyfuncitem=self)
  File "/workdir/dice-ml-0.9/.tox/cpythonlibtest-unit-test-tests/lib/python3.10/site-packages/pluggy/_hooks.py", line 493, in __call__
    return self._hookexec(self.name, self._hookimpls, kwargs, firstresult)
  File "/workdir/dice-ml-0.9/.tox/cpythonlibtest-unit-test-tests/lib/python3.10/site-packages/pluggy/_manager.py", line 115, in _hookexec
    return self._inner_hookexec(hook_name, methods, kwargs, firstresult)
  File "/workdir/dice-ml-0.9/.tox/cpythonlibtest-unit-test-tests/lib/python3.10/site-packages/pluggy/_callers.py", line 113, in _multicall
    raise exception.with_traceback(exception.__traceback__)
  File "/workdir/dice-ml-0.9/.tox/cpythonlibtest-unit-test-tests/lib/python3.10/site-packages/pluggy/_callers.py", line 77, in _multicall
    res = hook_impl.function(*args)
  File "/workdir/dice-ml-0.9/.tox/cpythonlibtest-unit-test-tests/lib/python3.10/site-packages/_pytest/python.py", line 194, in pytest_pyfunc_call
    result = testfunction(**testargs)
  File "/workdir/dice-ml-0.9/tests/test_notebooks.py", line 98, in test_notebook
    nb, errors = _notebook_run(NOTEBOOKS_PATH + notebook_filename)
  File "/workdir/dice-ml-0.9/tests/test_notebooks.py", line 65, in _notebook_run
    subprocess.check_call(args)
  File "/usr/local/lib/python3.10/subprocess.py", line 369, in check_call
    raise CalledProcessError(retcode, cmd)
subprocess.CalledProcessError: Command '['jupyter', 'nbconvert', '--to', 'notebook', '--execute', '-y', '--no-prompt', '--output', '/tmp/tmp_9unl9de.ipynb', 'docs/source/notebooks/DiCE_with_private_data.ipynb']' returned non-zero exit status 1.
----------------------------- Captured stderr call -----------------------------
[NbConvertApp] Converting notebook docs/source/notebooks/DiCE_with_private_data.ipynb to notebook
[NbConvertApp] Writing 10146 bytes to /tmp/tmpdnqw4opu.ipynb
[NbConvertApp] Converting notebook docs/source/notebooks/DiCE_with_private_data.ipynb to notebook
2023-11-21 02:17:02.542001: E external/local_xla/xla/stream_executor/cuda/cuda_dnn.cc:9261] Unable to register cuDNN factory: Attempting to register factory for plugin cuDNN when one has already been registered
2023-11-21 02:17:02.542054: E external/local_xla/xla/stream_executor/cuda/cuda_fft.cc:607] Unable to register cuFFT factory: Attempting to register factory for plugin cuFFT when one has already been registered
2023-11-21 02:17:02.543002: E external/local_xla/xla/stream_executor/cuda/cuda_blas.cc:1515] Unable to register cuBLAS factory: Attempting to register factory for plugin cuBLAS when one has already been registered
2023-11-21 02:17:02.547772: I tensorflow/core/platform/cpu_feature_guard.cc:182] This TensorFlow binary is optimized to use available CPU instructions in performance-critical operations.
To enable the following instructions: AVX2 FMA, in other operations, rebuild TensorFlow with the appropriate compiler flags.
2023-11-21 02:17:03.304464: W tensorflow/compiler/tf2tensorrt/utils/py_utils.cc:38] TF-TRT Warning: Could not find TensorRT
Traceback (most recent call last):
  File "/workdir/dice-ml-0.9/.tox/cpythonlibtest-unit-test-tests/bin/jupyter-nbconvert", line 8, in <module>
    sys.exit(main())
  File "/workdir/dice-ml-0.9/.tox/cpythonlibtest-unit-test-tests/lib/python3.10/site-packages/jupyter_core/application.py", line 280, in launch_instance
    super().launch_instance(argv=argv, **kwargs)
  File "/workdir/dice-ml-0.9/.tox/cpythonlibtest-unit-test-tests/lib/python3.10/site-packages/traitlets/config/application.py", line 1053, in launch_instance
    app.start()
  File "/workdir/dice-ml-0.9/.tox/cpythonlibtest-unit-test-tests/lib/python3.10/site-packages/nbconvert/nbconvertapp.py", line 412, in start
    self.convert_notebooks()
  File "/workdir/dice-ml-0.9/.tox/cpythonlibtest-unit-test-tests/lib/python3.10/site-packages/nbconvert/nbconvertapp.py", line 590, in convert_notebooks
    self.convert_single_notebook(notebook_filename)
  File "/workdir/dice-ml-0.9/.tox/cpythonlibtest-unit-test-tests/lib/python3.10/site-packages/nbconvert/nbconvertapp.py", line 556, in convert_single_notebook
    output, resources = self.export_single_notebook(
  File "/workdir/dice-ml-0.9/.tox/cpythonlibtest-unit-test-tests/lib/python3.10/site-packages/nbconvert/nbconvertapp.py", line 479, in export_single_notebook
    output, resources = self.exporter.from_filename(
  File "/workdir/dice-ml-0.9/.tox/cpythonlibtest-unit-test-tests/lib/python3.10/site-packages/nbconvert/exporters/exporter.py", line 201, in from_filename
    return self.from_file(f, resources=resources, **kw)
  File "/workdir/dice-ml-0.9/.tox/cpythonlibtest-unit-test-tests/lib/python3.10/site-packages/nbconvert/exporters/exporter.py", line 220, in from_file
    return self.from_notebook_node(
  File "/workdir/dice-ml-0.9/.tox/cpythonlibtest-unit-test-tests/lib/python3.10/site-packages/nbconvert/exporters/notebook.py", line 36, in from_notebook_node
    nb_copy, resources = super().from_notebook_node(nb, resources, **kw)
  File "/workdir/dice-ml-0.9/.tox/cpythonlibtest-unit-test-tests/lib/python3.10/site-packages/nbconvert/exporters/exporter.py", line 154, in from_notebook_node
    nb_copy, resources = self._preprocess(nb_copy, resources)
  File "/workdir/dice-ml-0.9/.tox/cpythonlibtest-unit-test-tests/lib/python3.10/site-packages/nbconvert/exporters/exporter.py", line 352, in _preprocess
    nbc, resc = preprocessor(nbc, resc)
  File "/workdir/dice-ml-0.9/.tox/cpythonlibtest-unit-test-tests/lib/python3.10/site-packages/nbconvert/preprocessors/base.py", line 48, in __call__
    return self.preprocess(nb, resources)
  File "/workdir/dice-ml-0.9/.tox/cpythonlibtest-unit-test-tests/lib/python3.10/site-packages/nbconvert/preprocessors/execute.py", line 102, in preprocess
    self.preprocess_cell(cell, resources, index)
  File "/workdir/dice-ml-0.9/.tox/cpythonlibtest-unit-test-tests/lib/python3.10/site-packages/nbconvert/preprocessors/execute.py", line 123, in preprocess_cell
    cell = self.execute_cell(cell, index, store_history=True)
  File "/workdir/dice-ml-0.9/.tox/cpythonlibtest-unit-test-tests/lib/python3.10/site-packages/jupyter_core/utils/__init__.py", line 173, in wrapped
    return loop.run_until_complete(inner)
  File "/usr/local/lib/python3.10/asyncio/base_events.py", line 649, in run_until_complete
    return future.result()
  File "/workdir/dice-ml-0.9/.tox/cpythonlibtest-unit-test-tests/lib/python3.10/site-packages/nbclient/client.py", line 1062, in async_execute_cell
    await self._check_raise_for_error(cell, cell_index, exec_reply)
  File "/workdir/dice-ml-0.9/.tox/cpythonlibtest-unit-test-tests/lib/python3.10/site-packages/nbclient/client.py", line 918, in _check_raise_for_error
    raise CellExecutionError.from_cell_and_msg(cell, exec_reply_content)
nbclient.exceptions.CellExecutionError: An error occurred while executing the following cell:
------------------
# generate counterfactuals
dice_exp = exp.generate_counterfactuals(query_instance, total_CFs=4, desired_class="opposite")
# visualize the results
dice_exp.visualize_as_dataframe(show_only_changes=True)
------------------


[0;31m---------------------------------------------------------------------------[0m
[0;31mAttributeError[0m                            Traceback (most recent call last)
[0;32m/tmp/ipykernel_15012/444722716.py[0m in [0;36m?[0;34m()[0m
[1;32m      1[0m [0;31m# generate counterfactuals[0m[0;34m[0m[0;34m[0m[0m
[0;32m----> 2[0;31m [0mdice_exp[0m [0;34m=[0m [0mexp[0m[0;34m.[0m[0mgenerate_counterfactuals[0m[0;34m([0m[0mquery_instance[0m[0;34m,[0m [0mtotal_CFs[0m[0;34m=[0m[0;36m4[0m[0;34m,[0m [0mdesired_class[0m[0;34m=[0m[0;34m"opposite"[0m[0;34m)[0m[0;34m[0m[0;34m[0m[0m
[0m[1;32m      3[0m [0;31m# visualize the results[0m[0;34m[0m[0;34m[0m[0m
[1;32m      4[0m [0mdice_exp[0m[0;34m.[0m[0mvisualize_as_dataframe[0m[0;34m([0m[0mshow_only_changes[0m[0;34m=[0m[0;32mTrue[0m[0;34m)[0m[0;34m[0m[0;34m[0m[0m

[0;32m~/dice-ml-0.9/dice_ml/explainer_interfaces/dice_tensorflow2.py[0m in [0;36m?[0;34m(self, query_instance, total_CFs, desired_class, proximity_weight, diversity_weight, categorical_penalty, algorithm, features_to_vary, permitted_range, yloss_type, diversity_loss_type, feature_weights, optimizer, learning_rate, min_iter, max_iter, project_iter, loss_diff_thres, loss_converge_maxiter, verbose, init_near_query_instance, tie_random, stopping_threshold, posthoc_sparsity_param, posthoc_sparsity_algorithm, limit_steps_ls)[0m
[1;32m    129[0m         [0;32mif[0m [0;34m[[0m[0mproximity_weight[0m[0;34m,[0m [0mdiversity_weight[0m[0;34m,[0m [0mcategorical_penalty[0m[0;34m][0m [0;34m!=[0m [0mself[0m[0;34m.[0m[0mhyperparameters[0m[0;34m:[0m[0;34m[0m[0;34m[0m[0m
[1;32m    130[0m             [0mself[0m[0;34m.[0m[0mupdate_hyperparameters[0m[0;34m([0m[0mproximity_weight[0m[0;34m,[0m [0mdiversity_weight[0m[0;34m,[0m [0mcategorical_penalty[0m[0;34m)[0m[0;34m[0m[0;34m[0m[0m
[1;32m    131[0m [0;34m[0m[0m
[1;32m    132[0m         [0mfinal_cfs_df[0m[0;34m,[0m [0mtest_instance_df[0m[0;34m,[0m [0mfinal_cfs_df_sparse[0m [0;34m=[0m[0;31m [0m[0;31m\[0m[0;34m[0m[0;34m[0m[0m
[0;32m--> 133[0;31m             self.find_counterfactuals(query_instance, desired_class, optimizer,
[0m[1;32m    134[0m                                       [0mlearning_rate[0m[0;34m,[0m [0mmin_iter[0m[0;34m,[0m [0mmax_iter[0m[0;34m,[0m [0mproject_iter[0m[0;34m,[0m[0;34m[0m[0;34m[0m[0m
[1;32m    135[0m                                       [0mloss_diff_thres[0m[0;34m,[0m [0mloss_converge_maxiter[0m[0;34m,[0m [0mverbose[0m[0;34m,[0m[0;34m[0m[0;34m[0m[0m
[1;32m    136[0m                                       [0minit_near_query_instance[0m[0;34m,[0m [0mtie_random[0m[0;34m,[0m [0mstopping_threshold[0m[0;34m,[0m[0;34m[0m[0;34m[0m[0m

[0;32m~/dice-ml-0.9/dice_ml/explainer_interfaces/dice_tensorflow2.py[0m in [0;36m?[0;34m(self, query_instance, desired_class, optimizer, learning_rate, min_iter, max_iter, project_iter, loss_diff_thres, loss_converge_maxiter, verbose, init_near_query_instance, tie_random, stopping_threshold, posthoc_sparsity_param, posthoc_sparsity_algorithm, limit_steps_ls)[0m
[1;32m    423[0m                              [0minit_near_query_instance[0m[0;34m,[0m [0mtie_random[0m[0;34m,[0m [0mstopping_threshold[0m[0;34m,[0m [0mposthoc_sparsity_param[0m[0;34m,[0m[0;34m[0m[0;34m[0m[0m
[1;32m    424[0m                              posthoc_sparsity_algorithm, limit_steps_ls):
[1;32m    425[0m         [0;34m"""Finds counterfactuals by gradient-descent."""[0m[0;34m[0m[0;34m[0m[0m
[1;32m    426[0m [0;34m[0m[0m
[0;32m--> 427[0;31m         [0mquery_instance[0m [0;34m=[0m [0mself[0m[0;34m.[0m[0mmodel[0m[0;34m.[0m[0mtransformer[0m[0;34m.[0m[0mtransform[0m[0;34m([0m[0mquery_instance[0m[0;34m)[0m[0;34m.[0m[0mto_numpy[0m[0;34m([0m[0;34m)[0m[0;34m[0m[0;34m[0m[0m
[0m[1;32m    428[0m         [0mself[0m[0;34m.[0m[0mx1[0m [0;34m=[0m [0mtf[0m[0;34m.[0m[0mconstant[0m[0;34m([0m[0mquery_instance[0m[0;34m,[0m [0mdtype[0m[0;34m=[0m[0mtf[0m[0;34m.[0m[0mfloat32[0m[0;34m)[0m[0;34m[0m[0;34m[0m[0m
[1;32m    429[0m [0;34m[0m[0m
[1;32m    430[0m         [0;31m# find the predicted value of query_instance[0m[0;34m[0m[0;34m[0m[0m

[0;32m~/dice-ml-0.9/dice_ml/utils/helpers.py[0m in [0;36m?[0;34m(self, data)[0m
[1;32m    290[0m     [0;32mdef[0m [0mtransform[0m[0;34m([0m[0mself[0m[0;34m,[0m [0mdata[0m[0;34m)[0m[0;34m:[0m[0;34m[0m[0;34m[0m[0m
[0;32m--> 291[0;31m         [0;32mreturn[0m [0mself[0m[0;34m.[0m[0mdata_transformer[0m[0;34m.[0m[0mtransform[0m[0;34m([0m[0mdata[0m[0;34m)[0m  [0;31m# should return a numpy array[0m[0;34m[0m[0;34m[0m[0m
[0m
[0;32m~/dice-ml-0.9/.tox/cpythonlibtest-unit-test-tests/lib/python3.10/site-packages/sklearn/preprocessing/_function_transformer.py[0m in [0;36m?[0;34m(self, X)[0m
[1;32m    208[0m         [0mX_out[0m [0;34m:[0m [0marray[0m[0;34m-[0m[0mlike[0m[0;34m,[0m [0mshape[0m [0;34m([0m[0mn_samples[0m[0;34m,[0m [0mn_features[0m[0;34m)[0m[0;34m[0m[0;34m[0m[0m
[1;32m    209[0m             [0mTransformed[0m [0minput[0m[0;34m.[0m[0;34m[0m[0;34m[0m[0m
[1;32m    210[0m         """
[1;32m    211[0m         [0mX[0m [0;34m=[0m [0mself[0m[0;34m.[0m[0m_check_input[0m[0;34m([0m[0mX[0m[0;34m,[0m [0mreset[0m[0;34m=[0m[0;32mFalse[0m[0;34m)[0m[0;34m[0m[0;34m[0m[0m
[0;32m--> 212[0;31m         [0;32mreturn[0m [0mself[0m[0;34m.[0m[0m_transform[0m[0;34m([0m[0mX[0m[0;34m,[0m [0mfunc[0m[0;34m=[0m[0mself[0m[0;34m.[0m[0mfunc[0m[0;34m,[0m [0mkw_args[0m[0;34m=[0m[0mself[0m[0;34m.[0m[0mkw_args[0m[0;34m)[0m[0;34m[0m[0;34m[0m[0m
[0m
[0;32m~/dice-ml-0.9/.tox/cpythonlibtest-unit-test-tests/lib/python3.10/site-packages/sklearn/preprocessing/_function_transformer.py[0m in [0;36m?[0;34m(self, X, func, kw_args)[0m
[1;32m    288[0m     [0;32mdef[0m [0m_transform[0m[0;34m([0m[0mself[0m[0;34m,[0m [0mX[0m[0;34m,[0m [0mfunc[0m[0;34m=[0m[0;32mNone[0m[0;34m,[0m [0mkw_args[0m[0;34m=[0m[0;32mNone[0m[0;34m)[0m[0;34m:[0m[0;34m[0m[0;34m[0m[0m
[1;32m    289[0m         [0;32mif[0m [0mfunc[0m [0;32mis[0m [0;32mNone[0m[0;34m:[0m[0;34m[0m[0;34m[0m[0m
[1;32m    290[0m             [0mfunc[0m [0;34m=[0m [0m_identity[0m[0;34m[0m[0;34m[0m[0m
[1;32m    291[0m [0;34m[0m[0m
[0;32m--> 292[0;31m         [0;32mreturn[0m [0mfunc[0m[0;34m([0m[0mX[0m[0;34m,[0m [0;34m**[0m[0;34m([0m[0mkw_args[0m [0;32mif[0m [0mkw_args[0m [0;32melse[0m [0;34m{[0m[0;34m}[0m[0;34m)[0m[0;34m)[0m[0;34m[0m[0;34m[0m[0m
[0m
[0;32m~/dice-ml-0.9/dice_ml/utils/helpers.py[0m in [0;36m?[0;34m(data, data_interface)[0m
[1;32m    249[0m [0;32mdef[0m [0mohe_min_max_transformation[0m[0;34m([0m[0mdata[0m[0;34m,[0m [0mdata_interface[0m[0;34m)[0m[0;34m:[0m[0;34m[0m[0;34m[0m[0m
[1;32m    250[0m     [0;34m"""the data is one-hot-encoded and min-max normalized and fed to the ML model"""[0m[0;34m[0m[0;34m[0m[0m
[0;32m--> 251[0;31m     [0;32mreturn[0m [0mdata_interface[0m[0;34m.[0m[0mget_ohe_min_max_normalized_data[0m[0;34m([0m[0mdata[0m[0;34m)[0m[0;34m[0m[0;34m[0m[0m
[0m
[0;32m~/dice-ml-0.9/dice_ml/data_interfaces/private_data_interface.py[0m in [0;36m?[0;34m(self, query_instance)[0m
[1;32m    378[0m         """Transforms query_instance into one-hot-encoded and min-max normalized data. query_instance should be a dict,
[1;32m    379[0m            a dataframe, a list, or a list of dicts"""
[1;32m    380[0m         [0mquery_instance[0m [0;34m=[0m [0mself[0m[0;34m.[0m[0mprepare_query_instance[0m[0;34m([0m[0mquery_instance[0m[0;34m)[0m[0;34m[0m[0;34m[0m[0m
[1;32m    381[0m         [0mohe_base_df[0m [0;34m=[0m [0mself[0m[0;34m.[0m[0mprepare_df_for_ohe_encoding[0m[0;34m([0m[0;34m)[0m[0;34m[0m[0;34m[0m[0m
[0;32m--> 382[0;31m         [0mtemp[0m [0;34m=[0m [0mohe_base_df[0m[0;34m.[0m[0mappend[0m[0;34m([0m[0mquery_instance[0m[0;34m,[0m [0mignore_index[0m[0;34m=[0m[0;32mTrue[0m[0;34m,[0m [0msort[0m[0;34m=[0m[0;32mFalse[0m[0;34m)[0m[0;34m[0m[0;34m[0m[0m
[0m[1;32m    383[0m         [0mtemp[0m [0;34m=[0m [0mself[0m[0;34m.[0m[0mone_hot_encode_data[0m[0;34m([0m[0mtemp[0m[0;34m)[0m[0;34m[0m[0;34m[0m[0m
[1;32m    384[0m         [0mtemp[0m [0;34m=[0m [0mtemp[0m[0;34m.[0m[0mtail[0m[0;34m([0m[0mquery_instance[0m[0;34m.[0m[0mshape[0m[0;34m[[0m[0;36m0[0m[0;34m][0m[0;34m)[0m[0;34m.[0m[0mreset_index[0m[0;34m([0m[0mdrop[0m[0;34m=[0m[0;32mTrue[0m[0;34m)[0m[0;34m[0m[0;34m[0m[0m
[1;32m    385[0m         [0;31m# returns a pandas dataframe[0m[0;34m[0m[0;34m[0m[0m

[0;32m~/dice-ml-0.9/.tox/cpythonlibtest-unit-test-tests/lib/python3.10/site-packages/pandas/core/generic.py[0m in [0;36m?[0;34m(self, name)[0m
[1;32m   6200[0m             [0;32mand[0m [0mname[0m [0;32mnot[0m [0;32min[0m [0mself[0m[0;34m.[0m[0m_accessors[0m[0;34m[0m[0;34m[0m[0m
[1;32m   6201[0m             [0;32mand[0m [0mself[0m[0;34m.[0m[0m_info_axis[0m[0;34m.[0m[0m_can_hold_identifiers_and_holds_name[0m[0;34m([0m[0mname[0m[0;34m)[0m[0;34m[0m[0;34m[0m[0m
[1;32m   6202[0m         ):
[1;32m   6203[0m             [0;32mreturn[0m [0mself[0m[0;34m[[0m[0mname[0m[0;34m][0m[0;34m[0m[0;34m[0m[0m
[0;32m-> 6204[0;31m         [0;32mreturn[0m [0mobject[0m[0;34m.[0m[0m__getattribute__[0m[0;34m([0m[0mself[0m[0;34m,[0m [0mname[0m[0;34m)[0m[0;34m[0m[0;34m[0m[0m
[0m
[0;31mAttributeError[0m: 'DataFrame' object has no attribute 'append'

_ TestDiceGeneticRegressionMethods.test_desired_range[PYT-desired_range0-2-kdtree] _
Traceback (most recent call last):
  File "/workdir/dice-ml-0.9/.tox/cpythonlibtest-unit-test-tests/lib/python3.10/site-packages/_pytest/runner.py", line 341, in from_call
    result: Optional[TResult] = func()
  File "/workdir/dice-ml-0.9/.tox/cpythonlibtest-unit-test-tests/lib/python3.10/site-packages/_pytest/runner.py", line 262, in <lambda>
    lambda: ihook(item=item, **kwds), when=when, reraise=reraise
  File "/workdir/dice-ml-0.9/.tox/cpythonlibtest-unit-test-tests/lib/python3.10/site-packages/pluggy/_hooks.py", line 493, in __call__
    return self._hookexec(self.name, self._hookimpls, kwargs, firstresult)
  File "/workdir/dice-ml-0.9/.tox/cpythonlibtest-unit-test-tests/lib/python3.10/site-packages/pluggy/_manager.py", line 115, in _hookexec
    return self._inner_hookexec(hook_name, methods, kwargs, firstresult)
  File "/workdir/dice-ml-0.9/.tox/cpythonlibtest-unit-test-tests/lib/python3.10/site-packages/pluggy/_callers.py", line 152, in _multicall
    return outcome.get_result()
  File "/workdir/dice-ml-0.9/.tox/cpythonlibtest-unit-test-tests/lib/python3.10/site-packages/pluggy/_result.py", line 114, in get_result
    raise exc.with_traceback(exc.__traceback__)
  File "/workdir/dice-ml-0.9/.tox/cpythonlibtest-unit-test-tests/lib/python3.10/site-packages/pluggy/_callers.py", line 77, in _multicall
    res = hook_impl.function(*args)
  File "/workdir/dice-ml-0.9/.tox/cpythonlibtest-unit-test-tests/lib/python3.10/site-packages/_pytest/runner.py", line 177, in pytest_runtest_call
    raise e
  File "/workdir/dice-ml-0.9/.tox/cpythonlibtest-unit-test-tests/lib/python3.10/site-packages/_pytest/runner.py", line 169, in pytest_runtest_call
    item.runtest()
  File "/workdir/dice-ml-0.9/.tox/cpythonlibtest-unit-test-tests/lib/python3.10/site-packages/_pytest/python.py", line 1792, in runtest
    self.ihook.pytest_pyfunc_call(pyfuncitem=self)
  File "/workdir/dice-ml-0.9/.tox/cpythonlibtest-unit-test-tests/lib/python3.10/site-packages/pluggy/_hooks.py", line 493, in __call__
    return self._hookexec(self.name, self._hookimpls, kwargs, firstresult)
  File "/workdir/dice-ml-0.9/.tox/cpythonlibtest-unit-test-tests/lib/python3.10/site-packages/pluggy/_manager.py", line 115, in _hookexec
    return self._inner_hookexec(hook_name, methods, kwargs, firstresult)
  File "/workdir/dice-ml-0.9/.tox/cpythonlibtest-unit-test-tests/lib/python3.10/site-packages/pluggy/_callers.py", line 113, in _multicall
    raise exception.with_traceback(exception.__traceback__)
  File "/workdir/dice-ml-0.9/.tox/cpythonlibtest-unit-test-tests/lib/python3.10/site-packages/pluggy/_callers.py", line 77, in _multicall
    res = hook_impl.function(*args)
  File "/workdir/dice-ml-0.9/.tox/cpythonlibtest-unit-test-tests/lib/python3.10/site-packages/_pytest/python.py", line 194, in pytest_pyfunc_call
    result = testfunction(**testargs)
  File "/workdir/dice-ml-0.9/tests/test_dice_interface/test_dice_genetic.py", line 191, in test_desired_range
    ans = self.exp.generate_counterfactuals(query_instances=sample_custom_query_2,
  File "/workdir/dice-ml-0.9/dice_ml/explainer_interfaces/explainer_base.py", line 161, in generate_counterfactuals
    res = self._generate_counterfactuals(
  File "/workdir/dice-ml-0.9/dice_ml/explainer_interfaces/dice_genetic.py", line 277, in _generate_counterfactuals
    test_pred = self.predict_fn(query_instance)
  File "/workdir/dice-ml-0.9/dice_ml/explainer_interfaces/dice_genetic.py", line 317, in predict_fn
    preds = self.model.get_output(input_instance, model_score=False)
  File "/workdir/dice-ml-0.9/dice_ml/model_interfaces/pytorch_model.py", line 40, in get_output
    input_tensor = torch.tensor(self.transformer.transform(input_instance).to_numpy()).float()
TypeError: can't convert np.ndarray of type numpy.object_. The only supported types are: float64, float32, float16, complex64, complex128, int64, int32, int16, int8, uint8, and bool.
----------------------------- Captured stderr call -----------------------------
  0%|          | 0/1 [00:00<?, ?it/s]  0%|          | 0/1 [00:00<?, ?it/s]
_ TestDiceGeneticRegressionMethods.test_desired_range[PYT-desired_range1-2-random] _
Traceback (most recent call last):
  File "/workdir/dice-ml-0.9/.tox/cpythonlibtest-unit-test-tests/lib/python3.10/site-packages/_pytest/runner.py", line 341, in from_call
    result: Optional[TResult] = func()
  File "/workdir/dice-ml-0.9/.tox/cpythonlibtest-unit-test-tests/lib/python3.10/site-packages/_pytest/runner.py", line 262, in <lambda>
    lambda: ihook(item=item, **kwds), when=when, reraise=reraise
  File "/workdir/dice-ml-0.9/.tox/cpythonlibtest-unit-test-tests/lib/python3.10/site-packages/pluggy/_hooks.py", line 493, in __call__
    return self._hookexec(self.name, self._hookimpls, kwargs, firstresult)
  File "/workdir/dice-ml-0.9/.tox/cpythonlibtest-unit-test-tests/lib/python3.10/site-packages/pluggy/_manager.py", line 115, in _hookexec
    return self._inner_hookexec(hook_name, methods, kwargs, firstresult)
  File "/workdir/dice-ml-0.9/.tox/cpythonlibtest-unit-test-tests/lib/python3.10/site-packages/pluggy/_callers.py", line 152, in _multicall
    return outcome.get_result()
  File "/workdir/dice-ml-0.9/.tox/cpythonlibtest-unit-test-tests/lib/python3.10/site-packages/pluggy/_result.py", line 114, in get_result
    raise exc.with_traceback(exc.__traceback__)
  File "/workdir/dice-ml-0.9/.tox/cpythonlibtest-unit-test-tests/lib/python3.10/site-packages/pluggy/_callers.py", line 77, in _multicall
    res = hook_impl.function(*args)
  File "/workdir/dice-ml-0.9/.tox/cpythonlibtest-unit-test-tests/lib/python3.10/site-packages/_pytest/runner.py", line 177, in pytest_runtest_call
    raise e
  File "/workdir/dice-ml-0.9/.tox/cpythonlibtest-unit-test-tests/lib/python3.10/site-packages/_pytest/runner.py", line 169, in pytest_runtest_call
    item.runtest()
  File "/workdir/dice-ml-0.9/.tox/cpythonlibtest-unit-test-tests/lib/python3.10/site-packages/_pytest/python.py", line 1792, in runtest
    self.ihook.pytest_pyfunc_call(pyfuncitem=self)
  File "/workdir/dice-ml-0.9/.tox/cpythonlibtest-unit-test-tests/lib/python3.10/site-packages/pluggy/_hooks.py", line 493, in __call__
    return self._hookexec(self.name, self._hookimpls, kwargs, firstresult)
  File "/workdir/dice-ml-0.9/.tox/cpythonlibtest-unit-test-tests/lib/python3.10/site-packages/pluggy/_manager.py", line 115, in _hookexec
    return self._inner_hookexec(hook_name, methods, kwargs, firstresult)
  File "/workdir/dice-ml-0.9/.tox/cpythonlibtest-unit-test-tests/lib/python3.10/site-packages/pluggy/_callers.py", line 113, in _multicall
    raise exception.with_traceback(exception.__traceback__)
  File "/workdir/dice-ml-0.9/.tox/cpythonlibtest-unit-test-tests/lib/python3.10/site-packages/pluggy/_callers.py", line 77, in _multicall
    res = hook_impl.function(*args)
  File "/workdir/dice-ml-0.9/.tox/cpythonlibtest-unit-test-tests/lib/python3.10/site-packages/_pytest/python.py", line 194, in pytest_pyfunc_call
    result = testfunction(**testargs)
  File "/workdir/dice-ml-0.9/tests/test_dice_interface/test_dice_genetic.py", line 191, in test_desired_range
    ans = self.exp.generate_counterfactuals(query_instances=sample_custom_query_2,
  File "/workdir/dice-ml-0.9/dice_ml/explainer_interfaces/explainer_base.py", line 161, in generate_counterfactuals
    res = self._generate_counterfactuals(
  File "/workdir/dice-ml-0.9/dice_ml/explainer_interfaces/dice_genetic.py", line 277, in _generate_counterfactuals
    test_pred = self.predict_fn(query_instance)
  File "/workdir/dice-ml-0.9/dice_ml/explainer_interfaces/dice_genetic.py", line 317, in predict_fn
    preds = self.model.get_output(input_instance, model_score=False)
  File "/workdir/dice-ml-0.9/dice_ml/model_interfaces/pytorch_model.py", line 40, in get_output
    input_tensor = torch.tensor(self.transformer.transform(input_instance).to_numpy()).float()
TypeError: can't convert np.ndarray of type numpy.object_. The only supported types are: float64, float32, float16, complex64, complex128, int64, int32, int16, int8, uint8, and bool.
----------------------------- Captured stderr call -----------------------------
  0%|          | 0/1 [00:00<?, ?it/s]  0%|          | 0/1 [00:00<?, ?it/s]
_ TestDiceGeneticRegressionMethods.test_maxiter[PYT-desired_range0-7-kdtree-0] _
Traceback (most recent call last):
  File "/workdir/dice-ml-0.9/.tox/cpythonlibtest-unit-test-tests/lib/python3.10/site-packages/_pytest/runner.py", line 341, in from_call
    result: Optional[TResult] = func()
  File "/workdir/dice-ml-0.9/.tox/cpythonlibtest-unit-test-tests/lib/python3.10/site-packages/_pytest/runner.py", line 262, in <lambda>
    lambda: ihook(item=item, **kwds), when=when, reraise=reraise
  File "/workdir/dice-ml-0.9/.tox/cpythonlibtest-unit-test-tests/lib/python3.10/site-packages/pluggy/_hooks.py", line 493, in __call__
    return self._hookexec(self.name, self._hookimpls, kwargs, firstresult)
  File "/workdir/dice-ml-0.9/.tox/cpythonlibtest-unit-test-tests/lib/python3.10/site-packages/pluggy/_manager.py", line 115, in _hookexec
    return self._inner_hookexec(hook_name, methods, kwargs, firstresult)
  File "/workdir/dice-ml-0.9/.tox/cpythonlibtest-unit-test-tests/lib/python3.10/site-packages/pluggy/_callers.py", line 152, in _multicall
    return outcome.get_result()
  File "/workdir/dice-ml-0.9/.tox/cpythonlibtest-unit-test-tests/lib/python3.10/site-packages/pluggy/_result.py", line 114, in get_result
    raise exc.with_traceback(exc.__traceback__)
  File "/workdir/dice-ml-0.9/.tox/cpythonlibtest-unit-test-tests/lib/python3.10/site-packages/pluggy/_callers.py", line 77, in _multicall
    res = hook_impl.function(*args)
  File "/workdir/dice-ml-0.9/.tox/cpythonlibtest-unit-test-tests/lib/python3.10/site-packages/_pytest/runner.py", line 177, in pytest_runtest_call
    raise e
  File "/workdir/dice-ml-0.9/.tox/cpythonlibtest-unit-test-tests/lib/python3.10/site-packages/_pytest/runner.py", line 169, in pytest_runtest_call
    item.runtest()
  File "/workdir/dice-ml-0.9/.tox/cpythonlibtest-unit-test-tests/lib/python3.10/site-packages/_pytest/python.py", line 1792, in runtest
    self.ihook.pytest_pyfunc_call(pyfuncitem=self)
  File "/workdir/dice-ml-0.9/.tox/cpythonlibtest-unit-test-tests/lib/python3.10/site-packages/pluggy/_hooks.py", line 493, in __call__
    return self._hookexec(self.name, self._hookimpls, kwargs, firstresult)
  File "/workdir/dice-ml-0.9/.tox/cpythonlibtest-unit-test-tests/lib/python3.10/site-packages/pluggy/_manager.py", line 115, in _hookexec
    return self._inner_hookexec(hook_name, methods, kwargs, firstresult)
  File "/workdir/dice-ml-0.9/.tox/cpythonlibtest-unit-test-tests/lib/python3.10/site-packages/pluggy/_callers.py", line 113, in _multicall
    raise exception.with_traceback(exception.__traceback__)
  File "/workdir/dice-ml-0.9/.tox/cpythonlibtest-unit-test-tests/lib/python3.10/site-packages/pluggy/_callers.py", line 77, in _multicall
    res = hook_impl.function(*args)
  File "/workdir/dice-ml-0.9/.tox/cpythonlibtest-unit-test-tests/lib/python3.10/site-packages/_pytest/python.py", line 194, in pytest_pyfunc_call
    result = testfunction(**testargs)
  File "/workdir/dice-ml-0.9/tests/test_dice_interface/test_dice_genetic.py", line 205, in test_maxiter
    ans = self.exp.generate_counterfactuals(query_instances=sample_custom_query_2,
  File "/workdir/dice-ml-0.9/dice_ml/explainer_interfaces/explainer_base.py", line 161, in generate_counterfactuals
    res = self._generate_counterfactuals(
  File "/workdir/dice-ml-0.9/dice_ml/explainer_interfaces/dice_genetic.py", line 277, in _generate_counterfactuals
    test_pred = self.predict_fn(query_instance)
  File "/workdir/dice-ml-0.9/dice_ml/explainer_interfaces/dice_genetic.py", line 317, in predict_fn
    preds = self.model.get_output(input_instance, model_score=False)
  File "/workdir/dice-ml-0.9/dice_ml/model_interfaces/pytorch_model.py", line 40, in get_output
    input_tensor = torch.tensor(self.transformer.transform(input_instance).to_numpy()).float()
TypeError: can't convert np.ndarray of type numpy.object_. The only supported types are: float64, float32, float16, complex64, complex128, int64, int32, int16, int8, uint8, and bool.
----------------------------- Captured stderr call -----------------------------
  0%|          | 0/1 [00:00<?, ?it/s]  0%|          | 0/1 [00:00<?, ?it/s]
_ TestDiceGeneticRegressionMethods.test_maxiter[PYT-desired_range1-7-random-0] _
Traceback (most recent call last):
  File "/workdir/dice-ml-0.9/.tox/cpythonlibtest-unit-test-tests/lib/python3.10/site-packages/_pytest/runner.py", line 341, in from_call
    result: Optional[TResult] = func()
  File "/workdir/dice-ml-0.9/.tox/cpythonlibtest-unit-test-tests/lib/python3.10/site-packages/_pytest/runner.py", line 262, in <lambda>
    lambda: ihook(item=item, **kwds), when=when, reraise=reraise
  File "/workdir/dice-ml-0.9/.tox/cpythonlibtest-unit-test-tests/lib/python3.10/site-packages/pluggy/_hooks.py", line 493, in __call__
    return self._hookexec(self.name, self._hookimpls, kwargs, firstresult)
  File "/workdir/dice-ml-0.9/.tox/cpythonlibtest-unit-test-tests/lib/python3.10/site-packages/pluggy/_manager.py", line 115, in _hookexec
    return self._inner_hookexec(hook_name, methods, kwargs, firstresult)
  File "/workdir/dice-ml-0.9/.tox/cpythonlibtest-unit-test-tests/lib/python3.10/site-packages/pluggy/_callers.py", line 152, in _multicall
    return outcome.get_result()
  File "/workdir/dice-ml-0.9/.tox/cpythonlibtest-unit-test-tests/lib/python3.10/site-packages/pluggy/_result.py", line 114, in get_result
    raise exc.with_traceback(exc.__traceback__)
  File "/workdir/dice-ml-0.9/.tox/cpythonlibtest-unit-test-tests/lib/python3.10/site-packages/pluggy/_callers.py", line 77, in _multicall
    res = hook_impl.function(*args)
  File "/workdir/dice-ml-0.9/.tox/cpythonlibtest-unit-test-tests/lib/python3.10/site-packages/_pytest/runner.py", line 177, in pytest_runtest_call
    raise e
  File "/workdir/dice-ml-0.9/.tox/cpythonlibtest-unit-test-tests/lib/python3.10/site-packages/_pytest/runner.py", line 169, in pytest_runtest_call
    item.runtest()
  File "/workdir/dice-ml-0.9/.tox/cpythonlibtest-unit-test-tests/lib/python3.10/site-packages/_pytest/python.py", line 1792, in runtest
    self.ihook.pytest_pyfunc_call(pyfuncitem=self)
  File "/workdir/dice-ml-0.9/.tox/cpythonlibtest-unit-test-tests/lib/python3.10/site-packages/pluggy/_hooks.py", line 493, in __call__
    return self._hookexec(self.name, self._hookimpls, kwargs, firstresult)
  File "/workdir/dice-ml-0.9/.tox/cpythonlibtest-unit-test-tests/lib/python3.10/site-packages/pluggy/_manager.py", line 115, in _hookexec
    return self._inner_hookexec(hook_name, methods, kwargs, firstresult)
  File "/workdir/dice-ml-0.9/.tox/cpythonlibtest-unit-test-tests/lib/python3.10/site-packages/pluggy/_callers.py", line 113, in _multicall
    raise exception.with_traceback(exception.__traceback__)
  File "/workdir/dice-ml-0.9/.tox/cpythonlibtest-unit-test-tests/lib/python3.10/site-packages/pluggy/_callers.py", line 77, in _multicall
    res = hook_impl.function(*args)
  File "/workdir/dice-ml-0.9/.tox/cpythonlibtest-unit-test-tests/lib/python3.10/site-packages/_pytest/python.py", line 194, in pytest_pyfunc_call
    result = testfunction(**testargs)
  File "/workdir/dice-ml-0.9/tests/test_dice_interface/test_dice_genetic.py", line 205, in test_maxiter
    ans = self.exp.generate_counterfactuals(query_instances=sample_custom_query_2,
  File "/workdir/dice-ml-0.9/dice_ml/explainer_interfaces/explainer_base.py", line 161, in generate_counterfactuals
    res = self._generate_counterfactuals(
  File "/workdir/dice-ml-0.9/dice_ml/explainer_interfaces/dice_genetic.py", line 277, in _generate_counterfactuals
    test_pred = self.predict_fn(query_instance)
  File "/workdir/dice-ml-0.9/dice_ml/explainer_interfaces/dice_genetic.py", line 317, in predict_fn
    preds = self.model.get_output(input_instance, model_score=False)
  File "/workdir/dice-ml-0.9/dice_ml/model_interfaces/pytorch_model.py", line 40, in get_output
    input_tensor = torch.tensor(self.transformer.transform(input_instance).to_numpy()).float()
TypeError: can't convert np.ndarray of type numpy.object_. The only supported types are: float64, float32, float16, complex64, complex128, int64, int32, int16, int8, uint8, and bool.
----------------------------- Captured stderr call -----------------------------
  0%|          | 0/1 [00:00<?, ?it/s]  0%|          | 0/1 [00:00<?, ?it/s]
___________________ TestDiceTorchMethods.test_proximity_loss ___________________
Traceback (most recent call last):
  File "/workdir/dice-ml-0.9/.tox/cpythonlibtest-unit-test-tests/lib/python3.10/site-packages/_pytest/runner.py", line 341, in from_call
    result: Optional[TResult] = func()
  File "/workdir/dice-ml-0.9/.tox/cpythonlibtest-unit-test-tests/lib/python3.10/site-packages/_pytest/runner.py", line 262, in <lambda>
    lambda: ihook(item=item, **kwds), when=when, reraise=reraise
  File "/workdir/dice-ml-0.9/.tox/cpythonlibtest-unit-test-tests/lib/python3.10/site-packages/pluggy/_hooks.py", line 493, in __call__
    return self._hookexec(self.name, self._hookimpls, kwargs, firstresult)
  File "/workdir/dice-ml-0.9/.tox/cpythonlibtest-unit-test-tests/lib/python3.10/site-packages/pluggy/_manager.py", line 115, in _hookexec
    return self._inner_hookexec(hook_name, methods, kwargs, firstresult)
  File "/workdir/dice-ml-0.9/.tox/cpythonlibtest-unit-test-tests/lib/python3.10/site-packages/pluggy/_callers.py", line 152, in _multicall
    return outcome.get_result()
  File "/workdir/dice-ml-0.9/.tox/cpythonlibtest-unit-test-tests/lib/python3.10/site-packages/pluggy/_result.py", line 114, in get_result
    raise exc.with_traceback(exc.__traceback__)
  File "/workdir/dice-ml-0.9/.tox/cpythonlibtest-unit-test-tests/lib/python3.10/site-packages/pluggy/_callers.py", line 77, in _multicall
    res = hook_impl.function(*args)
  File "/workdir/dice-ml-0.9/.tox/cpythonlibtest-unit-test-tests/lib/python3.10/site-packages/_pytest/runner.py", line 177, in pytest_runtest_call
    raise e
  File "/workdir/dice-ml-0.9/.tox/cpythonlibtest-unit-test-tests/lib/python3.10/site-packages/_pytest/runner.py", line 169, in pytest_runtest_call
    item.runtest()
  File "/workdir/dice-ml-0.9/.tox/cpythonlibtest-unit-test-tests/lib/python3.10/site-packages/_pytest/python.py", line 1792, in runtest
    self.ihook.pytest_pyfunc_call(pyfuncitem=self)
  File "/workdir/dice-ml-0.9/.tox/cpythonlibtest-unit-test-tests/lib/python3.10/site-packages/pluggy/_hooks.py", line 493, in __call__
    return self._hookexec(self.name, self._hookimpls, kwargs, firstresult)
  File "/workdir/dice-ml-0.9/.tox/cpythonlibtest-unit-test-tests/lib/python3.10/site-packages/pluggy/_manager.py", line 115, in _hookexec
    return self._inner_hookexec(hook_name, methods, kwargs, firstresult)
  File "/workdir/dice-ml-0.9/.tox/cpythonlibtest-unit-test-tests/lib/python3.10/site-packages/pluggy/_callers.py", line 113, in _multicall
    raise exception.with_traceback(exception.__traceback__)
  File "/workdir/dice-ml-0.9/.tox/cpythonlibtest-unit-test-tests/lib/python3.10/site-packages/pluggy/_callers.py", line 77, in _multicall
    res = hook_impl.function(*args)
  File "/workdir/dice-ml-0.9/.tox/cpythonlibtest-unit-test-tests/lib/python3.10/site-packages/_pytest/python.py", line 194, in pytest_pyfunc_call
    result = testfunction(**testargs)
  File "/workdir/dice-ml-0.9/tests/test_dice_interface/test_dice_pytorch.py", line 50, in test_proximity_loss
    self.exp.x1 = torch.tensor(self.query_instance)
TypeError: can't convert np.ndarray of type numpy.object_. The only supported types are: float64, float32, float16, complex64, complex128, int64, int32, int16, int8, uint8, and bool.
________________ TestDiceTorchMethods.test_final_cfs_and_preds _________________
Traceback (most recent call last):
  File "/workdir/dice-ml-0.9/.tox/cpythonlibtest-unit-test-tests/lib/python3.10/site-packages/_pytest/runner.py", line 341, in from_call
    result: Optional[TResult] = func()
  File "/workdir/dice-ml-0.9/.tox/cpythonlibtest-unit-test-tests/lib/python3.10/site-packages/_pytest/runner.py", line 262, in <lambda>
    lambda: ihook(item=item, **kwds), when=when, reraise=reraise
  File "/workdir/dice-ml-0.9/.tox/cpythonlibtest-unit-test-tests/lib/python3.10/site-packages/pluggy/_hooks.py", line 493, in __call__
    return self._hookexec(self.name, self._hookimpls, kwargs, firstresult)
  File "/workdir/dice-ml-0.9/.tox/cpythonlibtest-unit-test-tests/lib/python3.10/site-packages/pluggy/_manager.py", line 115, in _hookexec
    return self._inner_hookexec(hook_name, methods, kwargs, firstresult)
  File "/workdir/dice-ml-0.9/.tox/cpythonlibtest-unit-test-tests/lib/python3.10/site-packages/pluggy/_callers.py", line 152, in _multicall
    return outcome.get_result()
  File "/workdir/dice-ml-0.9/.tox/cpythonlibtest-unit-test-tests/lib/python3.10/site-packages/pluggy/_result.py", line 114, in get_result
    raise exc.with_traceback(exc.__traceback__)
  File "/workdir/dice-ml-0.9/.tox/cpythonlibtest-unit-test-tests/lib/python3.10/site-packages/pluggy/_callers.py", line 77, in _multicall
    res = hook_impl.function(*args)
  File "/workdir/dice-ml-0.9/.tox/cpythonlibtest-unit-test-tests/lib/python3.10/site-packages/_pytest/runner.py", line 177, in pytest_runtest_call
    raise e
  File "/workdir/dice-ml-0.9/.tox/cpythonlibtest-unit-test-tests/lib/python3.10/site-packages/_pytest/runner.py", line 169, in pytest_runtest_call
    item.runtest()
  File "/workdir/dice-ml-0.9/.tox/cpythonlibtest-unit-test-tests/lib/python3.10/site-packages/_pytest/python.py", line 1792, in runtest
    self.ihook.pytest_pyfunc_call(pyfuncitem=self)
  File "/workdir/dice-ml-0.9/.tox/cpythonlibtest-unit-test-tests/lib/python3.10/site-packages/pluggy/_hooks.py", line 493, in __call__
    return self._hookexec(self.name, self._hookimpls, kwargs, firstresult)
  File "/workdir/dice-ml-0.9/.tox/cpythonlibtest-unit-test-tests/lib/python3.10/site-packages/pluggy/_manager.py", line 115, in _hookexec
    return self._inner_hookexec(hook_name, methods, kwargs, firstresult)
  File "/workdir/dice-ml-0.9/.tox/cpythonlibtest-unit-test-tests/lib/python3.10/site-packages/pluggy/_callers.py", line 113, in _multicall
    raise exception.with_traceback(exception.__traceback__)
  File "/workdir/dice-ml-0.9/.tox/cpythonlibtest-unit-test-tests/lib/python3.10/site-packages/pluggy/_callers.py", line 77, in _multicall
    res = hook_impl.function(*args)
  File "/workdir/dice-ml-0.9/.tox/cpythonlibtest-unit-test-tests/lib/python3.10/site-packages/_pytest/python.py", line 194, in pytest_pyfunc_call
    result = testfunction(**testargs)
  File "/workdir/dice-ml-0.9/tests/test_dice_interface/test_dice_pytorch.py", line 70, in test_final_cfs_and_preds
    counterfactual_explanations = self.exp.generate_counterfactuals(
  File "/workdir/dice-ml-0.9/dice_ml/explainer_interfaces/explainer_base.py", line 161, in generate_counterfactuals
    res = self._generate_counterfactuals(
  File "/workdir/dice-ml-0.9/dice_ml/explainer_interfaces/dice_pytorch.py", line 123, in _generate_counterfactuals
    self.find_counterfactuals(
  File "/workdir/dice-ml-0.9/dice_ml/explainer_interfaces/dice_pytorch.py", line 422, in find_counterfactuals
    self.x1 = torch.tensor(query_instance)
TypeError: can't convert np.ndarray of type numpy.object_. The only supported types are: float64, float32, float16, complex64, complex128, int64, int32, int16, int8, uint8, and bool.
----------------------------- Captured stderr call -----------------------------
  0%|          | 0/1 [00:00<?, ?it/s]  0%|          | 0/1 [00:00<?, ?it/s]
_ TestDiceRandomBinaryClassificationMethods.test_random_counterfactual_explanations_output[random_binary_classification_exp_object2-0-1] _
Traceback (most recent call last):
  File "/workdir/dice-ml-0.9/.tox/cpythonlibtest-unit-test-tests/lib/python3.10/site-packages/_pytest/runner.py", line 341, in from_call
    result: Optional[TResult] = func()
  File "/workdir/dice-ml-0.9/.tox/cpythonlibtest-unit-test-tests/lib/python3.10/site-packages/_pytest/runner.py", line 262, in <lambda>
    lambda: ihook(item=item, **kwds), when=when, reraise=reraise
  File "/workdir/dice-ml-0.9/.tox/cpythonlibtest-unit-test-tests/lib/python3.10/site-packages/pluggy/_hooks.py", line 493, in __call__
    return self._hookexec(self.name, self._hookimpls, kwargs, firstresult)
  File "/workdir/dice-ml-0.9/.tox/cpythonlibtest-unit-test-tests/lib/python3.10/site-packages/pluggy/_manager.py", line 115, in _hookexec
    return self._inner_hookexec(hook_name, methods, kwargs, firstresult)
  File "/workdir/dice-ml-0.9/.tox/cpythonlibtest-unit-test-tests/lib/python3.10/site-packages/pluggy/_callers.py", line 152, in _multicall
    return outcome.get_result()
  File "/workdir/dice-ml-0.9/.tox/cpythonlibtest-unit-test-tests/lib/python3.10/site-packages/pluggy/_result.py", line 114, in get_result
    raise exc.with_traceback(exc.__traceback__)
  File "/workdir/dice-ml-0.9/.tox/cpythonlibtest-unit-test-tests/lib/python3.10/site-packages/pluggy/_callers.py", line 77, in _multicall
    res = hook_impl.function(*args)
  File "/workdir/dice-ml-0.9/.tox/cpythonlibtest-unit-test-tests/lib/python3.10/site-packages/_pytest/runner.py", line 177, in pytest_runtest_call
    raise e
  File "/workdir/dice-ml-0.9/.tox/cpythonlibtest-unit-test-tests/lib/python3.10/site-packages/_pytest/runner.py", line 169, in pytest_runtest_call
    item.runtest()
  File "/workdir/dice-ml-0.9/.tox/cpythonlibtest-unit-test-tests/lib/python3.10/site-packages/_pytest/python.py", line 1792, in runtest
    self.ihook.pytest_pyfunc_call(pyfuncitem=self)
  File "/workdir/dice-ml-0.9/.tox/cpythonlibtest-unit-test-tests/lib/python3.10/site-packages/pluggy/_hooks.py", line 493, in __call__
    return self._hookexec(self.name, self._hookimpls, kwargs, firstresult)
  File "/workdir/dice-ml-0.9/.tox/cpythonlibtest-unit-test-tests/lib/python3.10/site-packages/pluggy/_manager.py", line 115, in _hookexec
    return self._inner_hookexec(hook_name, methods, kwargs, firstresult)
  File "/workdir/dice-ml-0.9/.tox/cpythonlibtest-unit-test-tests/lib/python3.10/site-packages/pluggy/_callers.py", line 113, in _multicall
    raise exception.with_traceback(exception.__traceback__)
  File "/workdir/dice-ml-0.9/.tox/cpythonlibtest-unit-test-tests/lib/python3.10/site-packages/pluggy/_callers.py", line 77, in _multicall
    res = hook_impl.function(*args)
  File "/workdir/dice-ml-0.9/.tox/cpythonlibtest-unit-test-tests/lib/python3.10/site-packages/_pytest/python.py", line 194, in pytest_pyfunc_call
    result = testfunction(**testargs)
  File "/workdir/dice-ml-0.9/tests/test_dice_interface/test_dice_random.py", line 92, in test_random_counterfactual_explanations_output
    counterfactual_explanations = self.exp.generate_counterfactuals(
  File "/workdir/dice-ml-0.9/dice_ml/explainer_interfaces/explainer_base.py", line 161, in generate_counterfactuals
    res = self._generate_counterfactuals(
  File "/workdir/dice-ml-0.9/dice_ml/explainer_interfaces/dice_random.py", line 78, in _generate_counterfactuals
    model_predictions = self.predict_fn(query_instance)
  File "/workdir/dice-ml-0.9/dice_ml/explainer_interfaces/explainer_base.py", line 484, in predict_fn
    preds = self.model.get_output(input_instance)
  File "/workdir/dice-ml-0.9/dice_ml/model_interfaces/pytorch_model.py", line 40, in get_output
    input_tensor = torch.tensor(self.transformer.transform(input_instance).to_numpy()).float()
  File "/workdir/dice-ml-0.9/dice_ml/utils/helpers.py", line 291, in transform
    return self.data_transformer.transform(data)  # should return a numpy array
  File "/workdir/dice-ml-0.9/.tox/cpythonlibtest-unit-test-tests/lib/python3.10/site-packages/sklearn/preprocessing/_function_transformer.py", line 212, in transform
    return self._transform(X, func=self.func, kw_args=self.kw_args)
  File "/workdir/dice-ml-0.9/.tox/cpythonlibtest-unit-test-tests/lib/python3.10/site-packages/sklearn/preprocessing/_function_transformer.py", line 292, in _transform
    return func(X, **(kw_args if kw_args else {}))
  File "/workdir/dice-ml-0.9/dice_ml/utils/helpers.py", line 251, in ohe_min_max_transformation
    return data_interface.get_ohe_min_max_normalized_data(data)
  File "/workdir/dice-ml-0.9/dice_ml/data_interfaces/private_data_interface.py", line 382, in get_ohe_min_max_normalized_data
    temp = ohe_base_df.append(query_instance, ignore_index=True, sort=False)
  File "/workdir/dice-ml-0.9/.tox/cpythonlibtest-unit-test-tests/lib/python3.10/site-packages/pandas/core/generic.py", line 6204, in __getattr__
    return object.__getattribute__(self, name)
AttributeError: 'DataFrame' object has no attribute 'append'. Did you mean: '_append'?
----------------------------- Captured stderr call -----------------------------
  0%|          | 0/1 [00:00<?, ?it/s]  0%|          | 0/1 [00:00<?, ?it/s]
_ TestDiceRandomBinaryClassificationMethods.test_no_cfs[random_binary_classification_exp_object2-7-None-3-all-None] _
Traceback (most recent call last):
  File "/workdir/dice-ml-0.9/.tox/cpythonlibtest-unit-test-tests/lib/python3.10/site-packages/_pytest/runner.py", line 341, in from_call
    result: Optional[TResult] = func()
  File "/workdir/dice-ml-0.9/.tox/cpythonlibtest-unit-test-tests/lib/python3.10/site-packages/_pytest/runner.py", line 262, in <lambda>
    lambda: ihook(item=item, **kwds), when=when, reraise=reraise
  File "/workdir/dice-ml-0.9/.tox/cpythonlibtest-unit-test-tests/lib/python3.10/site-packages/pluggy/_hooks.py", line 493, in __call__
    return self._hookexec(self.name, self._hookimpls, kwargs, firstresult)
  File "/workdir/dice-ml-0.9/.tox/cpythonlibtest-unit-test-tests/lib/python3.10/site-packages/pluggy/_manager.py", line 115, in _hookexec
    return self._inner_hookexec(hook_name, methods, kwargs, firstresult)
  File "/workdir/dice-ml-0.9/.tox/cpythonlibtest-unit-test-tests/lib/python3.10/site-packages/pluggy/_callers.py", line 152, in _multicall
    return outcome.get_result()
  File "/workdir/dice-ml-0.9/.tox/cpythonlibtest-unit-test-tests/lib/python3.10/site-packages/pluggy/_result.py", line 114, in get_result
    raise exc.with_traceback(exc.__traceback__)
  File "/workdir/dice-ml-0.9/.tox/cpythonlibtest-unit-test-tests/lib/python3.10/site-packages/pluggy/_callers.py", line 77, in _multicall
    res = hook_impl.function(*args)
  File "/workdir/dice-ml-0.9/.tox/cpythonlibtest-unit-test-tests/lib/python3.10/site-packages/_pytest/runner.py", line 177, in pytest_runtest_call
    raise e
  File "/workdir/dice-ml-0.9/.tox/cpythonlibtest-unit-test-tests/lib/python3.10/site-packages/_pytest/runner.py", line 169, in pytest_runtest_call
    item.runtest()
  File "/workdir/dice-ml-0.9/.tox/cpythonlibtest-unit-test-tests/lib/python3.10/site-packages/_pytest/python.py", line 1792, in runtest
    self.ihook.pytest_pyfunc_call(pyfuncitem=self)
  File "/workdir/dice-ml-0.9/.tox/cpythonlibtest-unit-test-tests/lib/python3.10/site-packages/pluggy/_hooks.py", line 493, in __call__
    return self._hookexec(self.name, self._hookimpls, kwargs, firstresult)
  File "/workdir/dice-ml-0.9/.tox/cpythonlibtest-unit-test-tests/lib/python3.10/site-packages/pluggy/_manager.py", line 115, in _hookexec
    return self._inner_hookexec(hook_name, methods, kwargs, firstresult)
  File "/workdir/dice-ml-0.9/.tox/cpythonlibtest-unit-test-tests/lib/python3.10/site-packages/pluggy/_callers.py", line 113, in _multicall
    raise exception.with_traceback(exception.__traceback__)
  File "/workdir/dice-ml-0.9/.tox/cpythonlibtest-unit-test-tests/lib/python3.10/site-packages/pluggy/_callers.py", line 77, in _multicall
    res = hook_impl.function(*args)
  File "/workdir/dice-ml-0.9/.tox/cpythonlibtest-unit-test-tests/lib/python3.10/site-packages/_pytest/python.py", line 194, in pytest_pyfunc_call
    result = testfunction(**testargs)
  File "/workdir/dice-ml-0.9/tests/test_dice_interface/test_dice_random.py", line 106, in test_no_cfs
    self.exp._generate_counterfactuals(features_to_vary=features_to_vary, query_instance=sample_custom_query_1,
  File "/workdir/dice-ml-0.9/dice_ml/explainer_interfaces/dice_random.py", line 78, in _generate_counterfactuals
    model_predictions = self.predict_fn(query_instance)
  File "/workdir/dice-ml-0.9/dice_ml/explainer_interfaces/explainer_base.py", line 484, in predict_fn
    preds = self.model.get_output(input_instance)
  File "/workdir/dice-ml-0.9/dice_ml/model_interfaces/pytorch_model.py", line 40, in get_output
    input_tensor = torch.tensor(self.transformer.transform(input_instance).to_numpy()).float()
  File "/workdir/dice-ml-0.9/dice_ml/utils/helpers.py", line 291, in transform
    return self.data_transformer.transform(data)  # should return a numpy array
  File "/workdir/dice-ml-0.9/.tox/cpythonlibtest-unit-test-tests/lib/python3.10/site-packages/sklearn/preprocessing/_function_transformer.py", line 212, in transform
    return self._transform(X, func=self.func, kw_args=self.kw_args)
  File "/workdir/dice-ml-0.9/.tox/cpythonlibtest-unit-test-tests/lib/python3.10/site-packages/sklearn/preprocessing/_function_transformer.py", line 292, in _transform
    return func(X, **(kw_args if kw_args else {}))
  File "/workdir/dice-ml-0.9/dice_ml/utils/helpers.py", line 251, in ohe_min_max_transformation
    return data_interface.get_ohe_min_max_normalized_data(data)
  File "/workdir/dice-ml-0.9/dice_ml/data_interfaces/private_data_interface.py", line 382, in get_ohe_min_max_normalized_data
    temp = ohe_base_df.append(query_instance, ignore_index=True, sort=False)
  File "/workdir/dice-ml-0.9/.tox/cpythonlibtest-unit-test-tests/lib/python3.10/site-packages/pandas/core/generic.py", line 6204, in __getattr__
    return object.__getattribute__(self, name)
AttributeError: 'DataFrame' object has no attribute 'append'. Did you mean: '_append'?
_ TestDiceRandomBinaryClassificationMethods.test_features_to_vary[random_binary_classification_exp_object2-1-None-2-features_to_vary0-None] _
Traceback (most recent call last):
  File "/workdir/dice-ml-0.9/.tox/cpythonlibtest-unit-test-tests/lib/python3.10/site-packages/_pytest/runner.py", line 341, in from_call
    result: Optional[TResult] = func()
  File "/workdir/dice-ml-0.9/.tox/cpythonlibtest-unit-test-tests/lib/python3.10/site-packages/_pytest/runner.py", line 262, in <lambda>
    lambda: ihook(item=item, **kwds), when=when, reraise=reraise
  File "/workdir/dice-ml-0.9/.tox/cpythonlibtest-unit-test-tests/lib/python3.10/site-packages/pluggy/_hooks.py", line 493, in __call__
    return self._hookexec(self.name, self._hookimpls, kwargs, firstresult)
  File "/workdir/dice-ml-0.9/.tox/cpythonlibtest-unit-test-tests/lib/python3.10/site-packages/pluggy/_manager.py", line 115, in _hookexec
    return self._inner_hookexec(hook_name, methods, kwargs, firstresult)
  File "/workdir/dice-ml-0.9/.tox/cpythonlibtest-unit-test-tests/lib/python3.10/site-packages/pluggy/_callers.py", line 152, in _multicall
    return outcome.get_result()
  File "/workdir/dice-ml-0.9/.tox/cpythonlibtest-unit-test-tests/lib/python3.10/site-packages/pluggy/_result.py", line 114, in get_result
    raise exc.with_traceback(exc.__traceback__)
  File "/workdir/dice-ml-0.9/.tox/cpythonlibtest-unit-test-tests/lib/python3.10/site-packages/pluggy/_callers.py", line 77, in _multicall
    res = hook_impl.function(*args)
  File "/workdir/dice-ml-0.9/.tox/cpythonlibtest-unit-test-tests/lib/python3.10/site-packages/_pytest/runner.py", line 177, in pytest_runtest_call
    raise e
  File "/workdir/dice-ml-0.9/.tox/cpythonlibtest-unit-test-tests/lib/python3.10/site-packages/_pytest/runner.py", line 169, in pytest_runtest_call
    item.runtest()
  File "/workdir/dice-ml-0.9/.tox/cpythonlibtest-unit-test-tests/lib/python3.10/site-packages/_pytest/python.py", line 1792, in runtest
    self.ihook.pytest_pyfunc_call(pyfuncitem=self)
  File "/workdir/dice-ml-0.9/.tox/cpythonlibtest-unit-test-tests/lib/python3.10/site-packages/pluggy/_hooks.py", line 493, in __call__
    return self._hookexec(self.name, self._hookimpls, kwargs, firstresult)
  File "/workdir/dice-ml-0.9/.tox/cpythonlibtest-unit-test-tests/lib/python3.10/site-packages/pluggy/_manager.py", line 115, in _hookexec
    return self._inner_hookexec(hook_name, methods, kwargs, firstresult)
  File "/workdir/dice-ml-0.9/.tox/cpythonlibtest-unit-test-tests/lib/python3.10/site-packages/pluggy/_callers.py", line 113, in _multicall
    raise exception.with_traceback(exception.__traceback__)
  File "/workdir/dice-ml-0.9/.tox/cpythonlibtest-unit-test-tests/lib/python3.10/site-packages/pluggy/_callers.py", line 77, in _multicall
    res = hook_impl.function(*args)
  File "/workdir/dice-ml-0.9/.tox/cpythonlibtest-unit-test-tests/lib/python3.10/site-packages/_pytest/python.py", line 194, in pytest_pyfunc_call
    result = testfunction(**testargs)
  File "/workdir/dice-ml-0.9/tests/test_dice_interface/test_dice_random.py", line 125, in test_features_to_vary
    ans = self.exp._generate_counterfactuals(query_instance=sample_custom_query_2,
  File "/workdir/dice-ml-0.9/dice_ml/explainer_interfaces/dice_random.py", line 78, in _generate_counterfactuals
    model_predictions = self.predict_fn(query_instance)
  File "/workdir/dice-ml-0.9/dice_ml/explainer_interfaces/explainer_base.py", line 484, in predict_fn
    preds = self.model.get_output(input_instance)
  File "/workdir/dice-ml-0.9/dice_ml/model_interfaces/pytorch_model.py", line 40, in get_output
    input_tensor = torch.tensor(self.transformer.transform(input_instance).to_numpy()).float()
  File "/workdir/dice-ml-0.9/dice_ml/utils/helpers.py", line 291, in transform
    return self.data_transformer.transform(data)  # should return a numpy array
  File "/workdir/dice-ml-0.9/.tox/cpythonlibtest-unit-test-tests/lib/python3.10/site-packages/sklearn/preprocessing/_function_transformer.py", line 212, in transform
    return self._transform(X, func=self.func, kw_args=self.kw_args)
  File "/workdir/dice-ml-0.9/.tox/cpythonlibtest-unit-test-tests/lib/python3.10/site-packages/sklearn/preprocessing/_function_transformer.py", line 292, in _transform
    return func(X, **(kw_args if kw_args else {}))
  File "/workdir/dice-ml-0.9/dice_ml/utils/helpers.py", line 251, in ohe_min_max_transformation
    return data_interface.get_ohe_min_max_normalized_data(data)
  File "/workdir/dice-ml-0.9/dice_ml/data_interfaces/private_data_interface.py", line 382, in get_ohe_min_max_normalized_data
    temp = ohe_base_df.append(query_instance, ignore_index=True, sort=False)
  File "/workdir/dice-ml-0.9/.tox/cpythonlibtest-unit-test-tests/lib/python3.10/site-packages/pandas/core/generic.py", line 6204, in __getattr__
    return object.__getattribute__(self, name)
AttributeError: 'DataFrame' object has no attribute 'append'. Did you mean: '_append'?
_ TestDiceRandomBinaryClassificationMethods.test_permitted_range_categorical[random_binary_classification_exp_object2-1-None-2-permitted_range0] _
Traceback (most recent call last):
  File "/workdir/dice-ml-0.9/.tox/cpythonlibtest-unit-test-tests/lib/python3.10/site-packages/_pytest/runner.py", line 341, in from_call
    result: Optional[TResult] = func()
  File "/workdir/dice-ml-0.9/.tox/cpythonlibtest-unit-test-tests/lib/python3.10/site-packages/_pytest/runner.py", line 262, in <lambda>
    lambda: ihook(item=item, **kwds), when=when, reraise=reraise
  File "/workdir/dice-ml-0.9/.tox/cpythonlibtest-unit-test-tests/lib/python3.10/site-packages/pluggy/_hooks.py", line 493, in __call__
    return self._hookexec(self.name, self._hookimpls, kwargs, firstresult)
  File "/workdir/dice-ml-0.9/.tox/cpythonlibtest-unit-test-tests/lib/python3.10/site-packages/pluggy/_manager.py", line 115, in _hookexec
    return self._inner_hookexec(hook_name, methods, kwargs, firstresult)
  File "/workdir/dice-ml-0.9/.tox/cpythonlibtest-unit-test-tests/lib/python3.10/site-packages/pluggy/_callers.py", line 152, in _multicall
    return outcome.get_result()
  File "/workdir/dice-ml-0.9/.tox/cpythonlibtest-unit-test-tests/lib/python3.10/site-packages/pluggy/_result.py", line 114, in get_result
    raise exc.with_traceback(exc.__traceback__)
  File "/workdir/dice-ml-0.9/.tox/cpythonlibtest-unit-test-tests/lib/python3.10/site-packages/pluggy/_callers.py", line 77, in _multicall
    res = hook_impl.function(*args)
  File "/workdir/dice-ml-0.9/.tox/cpythonlibtest-unit-test-tests/lib/python3.10/site-packages/_pytest/runner.py", line 177, in pytest_runtest_call
    raise e
  File "/workdir/dice-ml-0.9/.tox/cpythonlibtest-unit-test-tests/lib/python3.10/site-packages/_pytest/runner.py", line 169, in pytest_runtest_call
    item.runtest()
  File "/workdir/dice-ml-0.9/.tox/cpythonlibtest-unit-test-tests/lib/python3.10/site-packages/_pytest/python.py", line 1792, in runtest
    self.ihook.pytest_pyfunc_call(pyfuncitem=self)
  File "/workdir/dice-ml-0.9/.tox/cpythonlibtest-unit-test-tests/lib/python3.10/site-packages/pluggy/_hooks.py", line 493, in __call__
    return self._hookexec(self.name, self._hookimpls, kwargs, firstresult)
  File "/workdir/dice-ml-0.9/.tox/cpythonlibtest-unit-test-tests/lib/python3.10/site-packages/pluggy/_manager.py", line 115, in _hookexec
    return self._inner_hookexec(hook_name, methods, kwargs, firstresult)
  File "/workdir/dice-ml-0.9/.tox/cpythonlibtest-unit-test-tests/lib/python3.10/site-packages/pluggy/_callers.py", line 113, in _multicall
    raise exception.with_traceback(exception.__traceback__)
  File "/workdir/dice-ml-0.9/.tox/cpythonlibtest-unit-test-tests/lib/python3.10/site-packages/pluggy/_callers.py", line 77, in _multicall
    res = hook_impl.function(*args)
  File "/workdir/dice-ml-0.9/.tox/cpythonlibtest-unit-test-tests/lib/python3.10/site-packages/_pytest/python.py", line 194, in pytest_pyfunc_call
    result = testfunction(**testargs)
  File "/workdir/dice-ml-0.9/tests/test_dice_interface/test_dice_random.py", line 141, in test_permitted_range_categorical
    ans = self.exp._generate_counterfactuals(query_instance=sample_custom_query_2,
  File "/workdir/dice-ml-0.9/dice_ml/explainer_interfaces/dice_random.py", line 78, in _generate_counterfactuals
    model_predictions = self.predict_fn(query_instance)
  File "/workdir/dice-ml-0.9/dice_ml/explainer_interfaces/explainer_base.py", line 484, in predict_fn
    preds = self.model.get_output(input_instance)
  File "/workdir/dice-ml-0.9/dice_ml/model_interfaces/pytorch_model.py", line 40, in get_output
    input_tensor = torch.tensor(self.transformer.transform(input_instance).to_numpy()).float()
  File "/workdir/dice-ml-0.9/dice_ml/utils/helpers.py", line 291, in transform
    return self.data_transformer.transform(data)  # should return a numpy array
  File "/workdir/dice-ml-0.9/.tox/cpythonlibtest-unit-test-tests/lib/python3.10/site-packages/sklearn/preprocessing/_function_transformer.py", line 212, in transform
    return self._transform(X, func=self.func, kw_args=self.kw_args)
  File "/workdir/dice-ml-0.9/.tox/cpythonlibtest-unit-test-tests/lib/python3.10/site-packages/sklearn/preprocessing/_function_transformer.py", line 292, in _transform
    return func(X, **(kw_args if kw_args else {}))
  File "/workdir/dice-ml-0.9/dice_ml/utils/helpers.py", line 251, in ohe_min_max_transformation
    return data_interface.get_ohe_min_max_normalized_data(data)
  File "/workdir/dice-ml-0.9/dice_ml/data_interfaces/private_data_interface.py", line 382, in get_ohe_min_max_normalized_data
    temp = ohe_base_df.append(query_instance, ignore_index=True, sort=False)
  File "/workdir/dice-ml-0.9/.tox/cpythonlibtest-unit-test-tests/lib/python3.10/site-packages/pandas/core/generic.py", line 6204, in __getattr__
    return object.__getattribute__(self, name)
AttributeError: 'DataFrame' object has no attribute 'append'. Did you mean: '_append'?
_ TestDiceRandomBinaryClassificationMethods.test_random_counterfactual_explanations_output[random_binary_classification_exp_object3-0-1] _
Traceback (most recent call last):
  File "/workdir/dice-ml-0.9/.tox/cpythonlibtest-unit-test-tests/lib/python3.10/site-packages/_pytest/runner.py", line 341, in from_call
    result: Optional[TResult] = func()
  File "/workdir/dice-ml-0.9/.tox/cpythonlibtest-unit-test-tests/lib/python3.10/site-packages/_pytest/runner.py", line 262, in <lambda>
    lambda: ihook(item=item, **kwds), when=when, reraise=reraise
  File "/workdir/dice-ml-0.9/.tox/cpythonlibtest-unit-test-tests/lib/python3.10/site-packages/pluggy/_hooks.py", line 493, in __call__
    return self._hookexec(self.name, self._hookimpls, kwargs, firstresult)
  File "/workdir/dice-ml-0.9/.tox/cpythonlibtest-unit-test-tests/lib/python3.10/site-packages/pluggy/_manager.py", line 115, in _hookexec
    return self._inner_hookexec(hook_name, methods, kwargs, firstresult)
  File "/workdir/dice-ml-0.9/.tox/cpythonlibtest-unit-test-tests/lib/python3.10/site-packages/pluggy/_callers.py", line 152, in _multicall
    return outcome.get_result()
  File "/workdir/dice-ml-0.9/.tox/cpythonlibtest-unit-test-tests/lib/python3.10/site-packages/pluggy/_result.py", line 114, in get_result
    raise exc.with_traceback(exc.__traceback__)
  File "/workdir/dice-ml-0.9/.tox/cpythonlibtest-unit-test-tests/lib/python3.10/site-packages/pluggy/_callers.py", line 77, in _multicall
    res = hook_impl.function(*args)
  File "/workdir/dice-ml-0.9/.tox/cpythonlibtest-unit-test-tests/lib/python3.10/site-packages/_pytest/runner.py", line 177, in pytest_runtest_call
    raise e
  File "/workdir/dice-ml-0.9/.tox/cpythonlibtest-unit-test-tests/lib/python3.10/site-packages/_pytest/runner.py", line 169, in pytest_runtest_call
    item.runtest()
  File "/workdir/dice-ml-0.9/.tox/cpythonlibtest-unit-test-tests/lib/python3.10/site-packages/_pytest/python.py", line 1792, in runtest
    self.ihook.pytest_pyfunc_call(pyfuncitem=self)
  File "/workdir/dice-ml-0.9/.tox/cpythonlibtest-unit-test-tests/lib/python3.10/site-packages/pluggy/_hooks.py", line 493, in __call__
    return self._hookexec(self.name, self._hookimpls, kwargs, firstresult)
  File "/workdir/dice-ml-0.9/.tox/cpythonlibtest-unit-test-tests/lib/python3.10/site-packages/pluggy/_manager.py", line 115, in _hookexec
    return self._inner_hookexec(hook_name, methods, kwargs, firstresult)
  File "/workdir/dice-ml-0.9/.tox/cpythonlibtest-unit-test-tests/lib/python3.10/site-packages/pluggy/_callers.py", line 113, in _multicall
    raise exception.with_traceback(exception.__traceback__)
  File "/workdir/dice-ml-0.9/.tox/cpythonlibtest-unit-test-tests/lib/python3.10/site-packages/pluggy/_callers.py", line 77, in _multicall
    res = hook_impl.function(*args)
  File "/workdir/dice-ml-0.9/.tox/cpythonlibtest-unit-test-tests/lib/python3.10/site-packages/_pytest/python.py", line 194, in pytest_pyfunc_call
    result = testfunction(**testargs)
  File "/workdir/dice-ml-0.9/tests/test_dice_interface/test_dice_random.py", line 92, in test_random_counterfactual_explanations_output
    counterfactual_explanations = self.exp.generate_counterfactuals(
  File "/workdir/dice-ml-0.9/dice_ml/explainer_interfaces/explainer_base.py", line 161, in generate_counterfactuals
    res = self._generate_counterfactuals(
  File "/workdir/dice-ml-0.9/dice_ml/explainer_interfaces/dice_random.py", line 78, in _generate_counterfactuals
    model_predictions = self.predict_fn(query_instance)
  File "/workdir/dice-ml-0.9/dice_ml/explainer_interfaces/explainer_base.py", line 484, in predict_fn
    preds = self.model.get_output(input_instance)
  File "/workdir/dice-ml-0.9/dice_ml/model_interfaces/pytorch_model.py", line 40, in get_output
    input_tensor = torch.tensor(self.transformer.transform(input_instance).to_numpy()).float()
TypeError: can't convert np.ndarray of type numpy.object_. The only supported types are: float64, float32, float16, complex64, complex128, int64, int32, int16, int8, uint8, and bool.
----------------------------- Captured stderr call -----------------------------
  0%|          | 0/1 [00:00<?, ?it/s]  0%|          | 0/1 [00:00<?, ?it/s]
_ TestDiceRandomBinaryClassificationMethods.test_no_cfs[random_binary_classification_exp_object3-7-None-3-all-None] _
Traceback (most recent call last):
  File "/workdir/dice-ml-0.9/.tox/cpythonlibtest-unit-test-tests/lib/python3.10/site-packages/_pytest/runner.py", line 341, in from_call
    result: Optional[TResult] = func()
  File "/workdir/dice-ml-0.9/.tox/cpythonlibtest-unit-test-tests/lib/python3.10/site-packages/_pytest/runner.py", line 262, in <lambda>
    lambda: ihook(item=item, **kwds), when=when, reraise=reraise
  File "/workdir/dice-ml-0.9/.tox/cpythonlibtest-unit-test-tests/lib/python3.10/site-packages/pluggy/_hooks.py", line 493, in __call__
    return self._hookexec(self.name, self._hookimpls, kwargs, firstresult)
  File "/workdir/dice-ml-0.9/.tox/cpythonlibtest-unit-test-tests/lib/python3.10/site-packages/pluggy/_manager.py", line 115, in _hookexec
    return self._inner_hookexec(hook_name, methods, kwargs, firstresult)
  File "/workdir/dice-ml-0.9/.tox/cpythonlibtest-unit-test-tests/lib/python3.10/site-packages/pluggy/_callers.py", line 152, in _multicall
    return outcome.get_result()
  File "/workdir/dice-ml-0.9/.tox/cpythonlibtest-unit-test-tests/lib/python3.10/site-packages/pluggy/_result.py", line 114, in get_result
    raise exc.with_traceback(exc.__traceback__)
  File "/workdir/dice-ml-0.9/.tox/cpythonlibtest-unit-test-tests/lib/python3.10/site-packages/pluggy/_callers.py", line 77, in _multicall
    res = hook_impl.function(*args)
  File "/workdir/dice-ml-0.9/.tox/cpythonlibtest-unit-test-tests/lib/python3.10/site-packages/_pytest/runner.py", line 177, in pytest_runtest_call
    raise e
  File "/workdir/dice-ml-0.9/.tox/cpythonlibtest-unit-test-tests/lib/python3.10/site-packages/_pytest/runner.py", line 169, in pytest_runtest_call
    item.runtest()
  File "/workdir/dice-ml-0.9/.tox/cpythonlibtest-unit-test-tests/lib/python3.10/site-packages/_pytest/python.py", line 1792, in runtest
    self.ihook.pytest_pyfunc_call(pyfuncitem=self)
  File "/workdir/dice-ml-0.9/.tox/cpythonlibtest-unit-test-tests/lib/python3.10/site-packages/pluggy/_hooks.py", line 493, in __call__
    return self._hookexec(self.name, self._hookimpls, kwargs, firstresult)
  File "/workdir/dice-ml-0.9/.tox/cpythonlibtest-unit-test-tests/lib/python3.10/site-packages/pluggy/_manager.py", line 115, in _hookexec
    return self._inner_hookexec(hook_name, methods, kwargs, firstresult)
  File "/workdir/dice-ml-0.9/.tox/cpythonlibtest-unit-test-tests/lib/python3.10/site-packages/pluggy/_callers.py", line 113, in _multicall
    raise exception.with_traceback(exception.__traceback__)
  File "/workdir/dice-ml-0.9/.tox/cpythonlibtest-unit-test-tests/lib/python3.10/site-packages/pluggy/_callers.py", line 77, in _multicall
    res = hook_impl.function(*args)
  File "/workdir/dice-ml-0.9/.tox/cpythonlibtest-unit-test-tests/lib/python3.10/site-packages/_pytest/python.py", line 194, in pytest_pyfunc_call
    result = testfunction(**testargs)
  File "/workdir/dice-ml-0.9/tests/test_dice_interface/test_dice_random.py", line 106, in test_no_cfs
    self.exp._generate_counterfactuals(features_to_vary=features_to_vary, query_instance=sample_custom_query_1,
  File "/workdir/dice-ml-0.9/dice_ml/explainer_interfaces/dice_random.py", line 78, in _generate_counterfactuals
    model_predictions = self.predict_fn(query_instance)
  File "/workdir/dice-ml-0.9/dice_ml/explainer_interfaces/explainer_base.py", line 484, in predict_fn
    preds = self.model.get_output(input_instance)
  File "/workdir/dice-ml-0.9/dice_ml/model_interfaces/pytorch_model.py", line 40, in get_output
    input_tensor = torch.tensor(self.transformer.transform(input_instance).to_numpy()).float()
TypeError: can't convert np.ndarray of type numpy.object_. The only supported types are: float64, float32, float16, complex64, complex128, int64, int32, int16, int8, uint8, and bool.
_ TestDiceRandomBinaryClassificationMethods.test_features_to_vary[random_binary_classification_exp_object3-1-None-2-features_to_vary0-None] _
Traceback (most recent call last):
  File "/workdir/dice-ml-0.9/.tox/cpythonlibtest-unit-test-tests/lib/python3.10/site-packages/_pytest/runner.py", line 341, in from_call
    result: Optional[TResult] = func()
  File "/workdir/dice-ml-0.9/.tox/cpythonlibtest-unit-test-tests/lib/python3.10/site-packages/_pytest/runner.py", line 262, in <lambda>
    lambda: ihook(item=item, **kwds), when=when, reraise=reraise
  File "/workdir/dice-ml-0.9/.tox/cpythonlibtest-unit-test-tests/lib/python3.10/site-packages/pluggy/_hooks.py", line 493, in __call__
    return self._hookexec(self.name, self._hookimpls, kwargs, firstresult)
  File "/workdir/dice-ml-0.9/.tox/cpythonlibtest-unit-test-tests/lib/python3.10/site-packages/pluggy/_manager.py", line 115, in _hookexec
    return self._inner_hookexec(hook_name, methods, kwargs, firstresult)
  File "/workdir/dice-ml-0.9/.tox/cpythonlibtest-unit-test-tests/lib/python3.10/site-packages/pluggy/_callers.py", line 152, in _multicall
    return outcome.get_result()
  File "/workdir/dice-ml-0.9/.tox/cpythonlibtest-unit-test-tests/lib/python3.10/site-packages/pluggy/_result.py", line 114, in get_result
    raise exc.with_traceback(exc.__traceback__)
  File "/workdir/dice-ml-0.9/.tox/cpythonlibtest-unit-test-tests/lib/python3.10/site-packages/pluggy/_callers.py", line 77, in _multicall
    res = hook_impl.function(*args)
  File "/workdir/dice-ml-0.9/.tox/cpythonlibtest-unit-test-tests/lib/python3.10/site-packages/_pytest/runner.py", line 177, in pytest_runtest_call
    raise e
  File "/workdir/dice-ml-0.9/.tox/cpythonlibtest-unit-test-tests/lib/python3.10/site-packages/_pytest/runner.py", line 169, in pytest_runtest_call
    item.runtest()
  File "/workdir/dice-ml-0.9/.tox/cpythonlibtest-unit-test-tests/lib/python3.10/site-packages/_pytest/python.py", line 1792, in runtest
    self.ihook.pytest_pyfunc_call(pyfuncitem=self)
  File "/workdir/dice-ml-0.9/.tox/cpythonlibtest-unit-test-tests/lib/python3.10/site-packages/pluggy/_hooks.py", line 493, in __call__
    return self._hookexec(self.name, self._hookimpls, kwargs, firstresult)
  File "/workdir/dice-ml-0.9/.tox/cpythonlibtest-unit-test-tests/lib/python3.10/site-packages/pluggy/_manager.py", line 115, in _hookexec
    return self._inner_hookexec(hook_name, methods, kwargs, firstresult)
  File "/workdir/dice-ml-0.9/.tox/cpythonlibtest-unit-test-tests/lib/python3.10/site-packages/pluggy/_callers.py", line 113, in _multicall
    raise exception.with_traceback(exception.__traceback__)
  File "/workdir/dice-ml-0.9/.tox/cpythonlibtest-unit-test-tests/lib/python3.10/site-packages/pluggy/_callers.py", line 77, in _multicall
    res = hook_impl.function(*args)
  File "/workdir/dice-ml-0.9/.tox/cpythonlibtest-unit-test-tests/lib/python3.10/site-packages/_pytest/python.py", line 194, in pytest_pyfunc_call
    result = testfunction(**testargs)
  File "/workdir/dice-ml-0.9/tests/test_dice_interface/test_dice_random.py", line 125, in test_features_to_vary
    ans = self.exp._generate_counterfactuals(query_instance=sample_custom_query_2,
  File "/workdir/dice-ml-0.9/dice_ml/explainer_interfaces/dice_random.py", line 78, in _generate_counterfactuals
    model_predictions = self.predict_fn(query_instance)
  File "/workdir/dice-ml-0.9/dice_ml/explainer_interfaces/explainer_base.py", line 484, in predict_fn
    preds = self.model.get_output(input_instance)
  File "/workdir/dice-ml-0.9/dice_ml/model_interfaces/pytorch_model.py", line 40, in get_output
    input_tensor = torch.tensor(self.transformer.transform(input_instance).to_numpy()).float()
TypeError: can't convert np.ndarray of type numpy.object_. The only supported types are: float64, float32, float16, complex64, complex128, int64, int32, int16, int8, uint8, and bool.
_ TestDiceRandomBinaryClassificationMethods.test_permitted_range_categorical[random_binary_classification_exp_object3-1-None-2-permitted_range0] _
Traceback (most recent call last):
  File "/workdir/dice-ml-0.9/.tox/cpythonlibtest-unit-test-tests/lib/python3.10/site-packages/_pytest/runner.py", line 341, in from_call
    result: Optional[TResult] = func()
  File "/workdir/dice-ml-0.9/.tox/cpythonlibtest-unit-test-tests/lib/python3.10/site-packages/_pytest/runner.py", line 262, in <lambda>
    lambda: ihook(item=item, **kwds), when=when, reraise=reraise
  File "/workdir/dice-ml-0.9/.tox/cpythonlibtest-unit-test-tests/lib/python3.10/site-packages/pluggy/_hooks.py", line 493, in __call__
    return self._hookexec(self.name, self._hookimpls, kwargs, firstresult)
  File "/workdir/dice-ml-0.9/.tox/cpythonlibtest-unit-test-tests/lib/python3.10/site-packages/pluggy/_manager.py", line 115, in _hookexec
    return self._inner_hookexec(hook_name, methods, kwargs, firstresult)
  File "/workdir/dice-ml-0.9/.tox/cpythonlibtest-unit-test-tests/lib/python3.10/site-packages/pluggy/_callers.py", line 152, in _multicall
    return outcome.get_result()
  File "/workdir/dice-ml-0.9/.tox/cpythonlibtest-unit-test-tests/lib/python3.10/site-packages/pluggy/_result.py", line 114, in get_result
    raise exc.with_traceback(exc.__traceback__)
  File "/workdir/dice-ml-0.9/.tox/cpythonlibtest-unit-test-tests/lib/python3.10/site-packages/pluggy/_callers.py", line 77, in _multicall
    res = hook_impl.function(*args)
  File "/workdir/dice-ml-0.9/.tox/cpythonlibtest-unit-test-tests/lib/python3.10/site-packages/_pytest/runner.py", line 177, in pytest_runtest_call
    raise e
  File "/workdir/dice-ml-0.9/.tox/cpythonlibtest-unit-test-tests/lib/python3.10/site-packages/_pytest/runner.py", line 169, in pytest_runtest_call
    item.runtest()
  File "/workdir/dice-ml-0.9/.tox/cpythonlibtest-unit-test-tests/lib/python3.10/site-packages/_pytest/python.py", line 1792, in runtest
    self.ihook.pytest_pyfunc_call(pyfuncitem=self)
  File "/workdir/dice-ml-0.9/.tox/cpythonlibtest-unit-test-tests/lib/python3.10/site-packages/pluggy/_hooks.py", line 493, in __call__
    return self._hookexec(self.name, self._hookimpls, kwargs, firstresult)
  File "/workdir/dice-ml-0.9/.tox/cpythonlibtest-unit-test-tests/lib/python3.10/site-packages/pluggy/_manager.py", line 115, in _hookexec
    return self._inner_hookexec(hook_name, methods, kwargs, firstresult)
  File "/workdir/dice-ml-0.9/.tox/cpythonlibtest-unit-test-tests/lib/python3.10/site-packages/pluggy/_callers.py", line 113, in _multicall
    raise exception.with_traceback(exception.__traceback__)
  File "/workdir/dice-ml-0.9/.tox/cpythonlibtest-unit-test-tests/lib/python3.10/site-packages/pluggy/_callers.py", line 77, in _multicall
    res = hook_impl.function(*args)
  File "/workdir/dice-ml-0.9/.tox/cpythonlibtest-unit-test-tests/lib/python3.10/site-packages/_pytest/python.py", line 194, in pytest_pyfunc_call
    result = testfunction(**testargs)
  File "/workdir/dice-ml-0.9/tests/test_dice_interface/test_dice_random.py", line 141, in test_permitted_range_categorical
    ans = self.exp._generate_counterfactuals(query_instance=sample_custom_query_2,
  File "/workdir/dice-ml-0.9/dice_ml/explainer_interfaces/dice_random.py", line 78, in _generate_counterfactuals
    model_predictions = self.predict_fn(query_instance)
  File "/workdir/dice-ml-0.9/dice_ml/explainer_interfaces/explainer_base.py", line 484, in predict_fn
    preds = self.model.get_output(input_instance)
  File "/workdir/dice-ml-0.9/dice_ml/model_interfaces/pytorch_model.py", line 40, in get_output
    input_tensor = torch.tensor(self.transformer.transform(input_instance).to_numpy()).float()
TypeError: can't convert np.ndarray of type numpy.object_. The only supported types are: float64, float32, float16, complex64, complex128, int64, int32, int16, int8, uint8, and bool.
_ TestDiceRandomRegressionMethods.test_desired_range[random_regression_exp_object2-all-None-desired_range0-2-None] _
Traceback (most recent call last):
  File "/workdir/dice-ml-0.9/.tox/cpythonlibtest-unit-test-tests/lib/python3.10/site-packages/_pytest/runner.py", line 341, in from_call
    result: Optional[TResult] = func()
  File "/workdir/dice-ml-0.9/.tox/cpythonlibtest-unit-test-tests/lib/python3.10/site-packages/_pytest/runner.py", line 262, in <lambda>
    lambda: ihook(item=item, **kwds), when=when, reraise=reraise
  File "/workdir/dice-ml-0.9/.tox/cpythonlibtest-unit-test-tests/lib/python3.10/site-packages/pluggy/_hooks.py", line 493, in __call__
    return self._hookexec(self.name, self._hookimpls, kwargs, firstresult)
  File "/workdir/dice-ml-0.9/.tox/cpythonlibtest-unit-test-tests/lib/python3.10/site-packages/pluggy/_manager.py", line 115, in _hookexec
    return self._inner_hookexec(hook_name, methods, kwargs, firstresult)
  File "/workdir/dice-ml-0.9/.tox/cpythonlibtest-unit-test-tests/lib/python3.10/site-packages/pluggy/_callers.py", line 152, in _multicall
    return outcome.get_result()
  File "/workdir/dice-ml-0.9/.tox/cpythonlibtest-unit-test-tests/lib/python3.10/site-packages/pluggy/_result.py", line 114, in get_result
    raise exc.with_traceback(exc.__traceback__)
  File "/workdir/dice-ml-0.9/.tox/cpythonlibtest-unit-test-tests/lib/python3.10/site-packages/pluggy/_callers.py", line 77, in _multicall
    res = hook_impl.function(*args)
  File "/workdir/dice-ml-0.9/.tox/cpythonlibtest-unit-test-tests/lib/python3.10/site-packages/_pytest/runner.py", line 177, in pytest_runtest_call
    raise e
  File "/workdir/dice-ml-0.9/.tox/cpythonlibtest-unit-test-tests/lib/python3.10/site-packages/_pytest/runner.py", line 169, in pytest_runtest_call
    item.runtest()
  File "/workdir/dice-ml-0.9/.tox/cpythonlibtest-unit-test-tests/lib/python3.10/site-packages/_pytest/python.py", line 1792, in runtest
    self.ihook.pytest_pyfunc_call(pyfuncitem=self)
  File "/workdir/dice-ml-0.9/.tox/cpythonlibtest-unit-test-tests/lib/python3.10/site-packages/pluggy/_hooks.py", line 493, in __call__
    return self._hookexec(self.name, self._hookimpls, kwargs, firstresult)
  File "/workdir/dice-ml-0.9/.tox/cpythonlibtest-unit-test-tests/lib/python3.10/site-packages/pluggy/_manager.py", line 115, in _hookexec
    return self._inner_hookexec(hook_name, methods, kwargs, firstresult)
  File "/workdir/dice-ml-0.9/.tox/cpythonlibtest-unit-test-tests/lib/python3.10/site-packages/pluggy/_callers.py", line 113, in _multicall
    raise exception.with_traceback(exception.__traceback__)
  File "/workdir/dice-ml-0.9/.tox/cpythonlibtest-unit-test-tests/lib/python3.10/site-packages/pluggy/_callers.py", line 77, in _multicall
    res = hook_impl.function(*args)
  File "/workdir/dice-ml-0.9/.tox/cpythonlibtest-unit-test-tests/lib/python3.10/site-packages/_pytest/python.py", line 194, in pytest_pyfunc_call
    result = testfunction(**testargs)
  File "/workdir/dice-ml-0.9/tests/test_dice_interface/test_dice_random.py", line 162, in test_desired_range
    ans = self.exp._generate_counterfactuals(features_to_vary=features_to_vary,
  File "/workdir/dice-ml-0.9/dice_ml/explainer_interfaces/dice_random.py", line 78, in _generate_counterfactuals
    model_predictions = self.predict_fn(query_instance)
  File "/workdir/dice-ml-0.9/dice_ml/explainer_interfaces/explainer_base.py", line 484, in predict_fn
    preds = self.model.get_output(input_instance)
  File "/workdir/dice-ml-0.9/dice_ml/model_interfaces/pytorch_model.py", line 40, in get_output
    input_tensor = torch.tensor(self.transformer.transform(input_instance).to_numpy()).float()
  File "/workdir/dice-ml-0.9/dice_ml/utils/helpers.py", line 291, in transform
    return self.data_transformer.transform(data)  # should return a numpy array
  File "/workdir/dice-ml-0.9/.tox/cpythonlibtest-unit-test-tests/lib/python3.10/site-packages/sklearn/preprocessing/_function_transformer.py", line 212, in transform
    return self._transform(X, func=self.func, kw_args=self.kw_args)
  File "/workdir/dice-ml-0.9/.tox/cpythonlibtest-unit-test-tests/lib/python3.10/site-packages/sklearn/preprocessing/_function_transformer.py", line 292, in _transform
    return func(X, **(kw_args if kw_args else {}))
  File "/workdir/dice-ml-0.9/dice_ml/utils/helpers.py", line 251, in ohe_min_max_transformation
    return data_interface.get_ohe_min_max_normalized_data(data)
  File "/workdir/dice-ml-0.9/dice_ml/data_interfaces/private_data_interface.py", line 382, in get_ohe_min_max_normalized_data
    temp = ohe_base_df.append(query_instance, ignore_index=True, sort=False)
  File "/workdir/dice-ml-0.9/.tox/cpythonlibtest-unit-test-tests/lib/python3.10/site-packages/pandas/core/generic.py", line 6204, in __getattr__
    return object.__getattribute__(self, name)
AttributeError: 'DataFrame' object has no attribute 'append'. Did you mean: '_append'?
_ TestDiceRandomRegressionMethods.test_random_output[random_regression_exp_object2-2.0-desired_range0-6] _
Traceback (most recent call last):
  File "/workdir/dice-ml-0.9/.tox/cpythonlibtest-unit-test-tests/lib/python3.10/site-packages/_pytest/runner.py", line 341, in from_call
    result: Optional[TResult] = func()
  File "/workdir/dice-ml-0.9/.tox/cpythonlibtest-unit-test-tests/lib/python3.10/site-packages/_pytest/runner.py", line 262, in <lambda>
    lambda: ihook(item=item, **kwds), when=when, reraise=reraise
  File "/workdir/dice-ml-0.9/.tox/cpythonlibtest-unit-test-tests/lib/python3.10/site-packages/pluggy/_hooks.py", line 493, in __call__
    return self._hookexec(self.name, self._hookimpls, kwargs, firstresult)
  File "/workdir/dice-ml-0.9/.tox/cpythonlibtest-unit-test-tests/lib/python3.10/site-packages/pluggy/_manager.py", line 115, in _hookexec
    return self._inner_hookexec(hook_name, methods, kwargs, firstresult)
  File "/workdir/dice-ml-0.9/.tox/cpythonlibtest-unit-test-tests/lib/python3.10/site-packages/pluggy/_callers.py", line 152, in _multicall
    return outcome.get_result()
  File "/workdir/dice-ml-0.9/.tox/cpythonlibtest-unit-test-tests/lib/python3.10/site-packages/pluggy/_result.py", line 114, in get_result
    raise exc.with_traceback(exc.__traceback__)
  File "/workdir/dice-ml-0.9/.tox/cpythonlibtest-unit-test-tests/lib/python3.10/site-packages/pluggy/_callers.py", line 77, in _multicall
    res = hook_impl.function(*args)
  File "/workdir/dice-ml-0.9/.tox/cpythonlibtest-unit-test-tests/lib/python3.10/site-packages/_pytest/runner.py", line 177, in pytest_runtest_call
    raise e
  File "/workdir/dice-ml-0.9/.tox/cpythonlibtest-unit-test-tests/lib/python3.10/site-packages/_pytest/runner.py", line 169, in pytest_runtest_call
    item.runtest()
  File "/workdir/dice-ml-0.9/.tox/cpythonlibtest-unit-test-tests/lib/python3.10/site-packages/_pytest/python.py", line 1792, in runtest
    self.ihook.pytest_pyfunc_call(pyfuncitem=self)
  File "/workdir/dice-ml-0.9/.tox/cpythonlibtest-unit-test-tests/lib/python3.10/site-packages/pluggy/_hooks.py", line 493, in __call__
    return self._hookexec(self.name, self._hookimpls, kwargs, firstresult)
  File "/workdir/dice-ml-0.9/.tox/cpythonlibtest-unit-test-tests/lib/python3.10/site-packages/pluggy/_manager.py", line 115, in _hookexec
    return self._inner_hookexec(hook_name, methods, kwargs, firstresult)
  File "/workdir/dice-ml-0.9/.tox/cpythonlibtest-unit-test-tests/lib/python3.10/site-packages/pluggy/_callers.py", line 113, in _multicall
    raise exception.with_traceback(exception.__traceback__)
  File "/workdir/dice-ml-0.9/.tox/cpythonlibtest-unit-test-tests/lib/python3.10/site-packages/pluggy/_callers.py", line 77, in _multicall
    res = hook_impl.function(*args)
  File "/workdir/dice-ml-0.9/.tox/cpythonlibtest-unit-test-tests/lib/python3.10/site-packages/_pytest/python.py", line 194, in pytest_pyfunc_call
    result = testfunction(**testargs)
  File "/workdir/dice-ml-0.9/tests/test_dice_interface/test_dice_random.py", line 175, in test_random_output
    cf_examples = self.exp._generate_counterfactuals(query_instance=sample_custom_query_2, total_CFs=total_CFs,
  File "/workdir/dice-ml-0.9/dice_ml/explainer_interfaces/dice_random.py", line 78, in _generate_counterfactuals
    model_predictions = self.predict_fn(query_instance)
  File "/workdir/dice-ml-0.9/dice_ml/explainer_interfaces/explainer_base.py", line 484, in predict_fn
    preds = self.model.get_output(input_instance)
  File "/workdir/dice-ml-0.9/dice_ml/model_interfaces/pytorch_model.py", line 40, in get_output
    input_tensor = torch.tensor(self.transformer.transform(input_instance).to_numpy()).float()
  File "/workdir/dice-ml-0.9/dice_ml/utils/helpers.py", line 291, in transform
    return self.data_transformer.transform(data)  # should return a numpy array
  File "/workdir/dice-ml-0.9/.tox/cpythonlibtest-unit-test-tests/lib/python3.10/site-packages/sklearn/preprocessing/_function_transformer.py", line 212, in transform
    return self._transform(X, func=self.func, kw_args=self.kw_args)
  File "/workdir/dice-ml-0.9/.tox/cpythonlibtest-unit-test-tests/lib/python3.10/site-packages/sklearn/preprocessing/_function_transformer.py", line 292, in _transform
    return func(X, **(kw_args if kw_args else {}))
  File "/workdir/dice-ml-0.9/dice_ml/utils/helpers.py", line 251, in ohe_min_max_transformation
    return data_interface.get_ohe_min_max_normalized_data(data)
  File "/workdir/dice-ml-0.9/dice_ml/data_interfaces/private_data_interface.py", line 382, in get_ohe_min_max_normalized_data
    temp = ohe_base_df.append(query_instance, ignore_index=True, sort=False)
  File "/workdir/dice-ml-0.9/.tox/cpythonlibtest-unit-test-tests/lib/python3.10/site-packages/pandas/core/generic.py", line 6204, in __getattr__
    return object.__getattribute__(self, name)
AttributeError: 'DataFrame' object has no attribute 'append'. Did you mean: '_append'?
_ TestDiceRandomRegressionMethods.test_random_output[random_regression_exp_object2-1.0-desired_range0-6] _
Traceback (most recent call last):
  File "/workdir/dice-ml-0.9/.tox/cpythonlibtest-unit-test-tests/lib/python3.10/site-packages/_pytest/runner.py", line 341, in from_call
    result: Optional[TResult] = func()
  File "/workdir/dice-ml-0.9/.tox/cpythonlibtest-unit-test-tests/lib/python3.10/site-packages/_pytest/runner.py", line 262, in <lambda>
    lambda: ihook(item=item, **kwds), when=when, reraise=reraise
  File "/workdir/dice-ml-0.9/.tox/cpythonlibtest-unit-test-tests/lib/python3.10/site-packages/pluggy/_hooks.py", line 493, in __call__
    return self._hookexec(self.name, self._hookimpls, kwargs, firstresult)
  File "/workdir/dice-ml-0.9/.tox/cpythonlibtest-unit-test-tests/lib/python3.10/site-packages/pluggy/_manager.py", line 115, in _hookexec
    return self._inner_hookexec(hook_name, methods, kwargs, firstresult)
  File "/workdir/dice-ml-0.9/.tox/cpythonlibtest-unit-test-tests/lib/python3.10/site-packages/pluggy/_callers.py", line 152, in _multicall
    return outcome.get_result()
  File "/workdir/dice-ml-0.9/.tox/cpythonlibtest-unit-test-tests/lib/python3.10/site-packages/pluggy/_result.py", line 114, in get_result
    raise exc.with_traceback(exc.__traceback__)
  File "/workdir/dice-ml-0.9/.tox/cpythonlibtest-unit-test-tests/lib/python3.10/site-packages/pluggy/_callers.py", line 77, in _multicall
    res = hook_impl.function(*args)
  File "/workdir/dice-ml-0.9/.tox/cpythonlibtest-unit-test-tests/lib/python3.10/site-packages/_pytest/runner.py", line 177, in pytest_runtest_call
    raise e
  File "/workdir/dice-ml-0.9/.tox/cpythonlibtest-unit-test-tests/lib/python3.10/site-packages/_pytest/runner.py", line 169, in pytest_runtest_call
    item.runtest()
  File "/workdir/dice-ml-0.9/.tox/cpythonlibtest-unit-test-tests/lib/python3.10/site-packages/_pytest/python.py", line 1792, in runtest
    self.ihook.pytest_pyfunc_call(pyfuncitem=self)
  File "/workdir/dice-ml-0.9/.tox/cpythonlibtest-unit-test-tests/lib/python3.10/site-packages/pluggy/_hooks.py", line 493, in __call__
    return self._hookexec(self.name, self._hookimpls, kwargs, firstresult)
  File "/workdir/dice-ml-0.9/.tox/cpythonlibtest-unit-test-tests/lib/python3.10/site-packages/pluggy/_manager.py", line 115, in _hookexec
    return self._inner_hookexec(hook_name, methods, kwargs, firstresult)
  File "/workdir/dice-ml-0.9/.tox/cpythonlibtest-unit-test-tests/lib/python3.10/site-packages/pluggy/_callers.py", line 113, in _multicall
    raise exception.with_traceback(exception.__traceback__)
  File "/workdir/dice-ml-0.9/.tox/cpythonlibtest-unit-test-tests/lib/python3.10/site-packages/pluggy/_callers.py", line 77, in _multicall
    res = hook_impl.function(*args)
  File "/workdir/dice-ml-0.9/.tox/cpythonlibtest-unit-test-tests/lib/python3.10/site-packages/_pytest/python.py", line 194, in pytest_pyfunc_call
    result = testfunction(**testargs)
  File "/workdir/dice-ml-0.9/tests/test_dice_interface/test_dice_random.py", line 175, in test_random_output
    cf_examples = self.exp._generate_counterfactuals(query_instance=sample_custom_query_2, total_CFs=total_CFs,
  File "/workdir/dice-ml-0.9/dice_ml/explainer_interfaces/dice_random.py", line 78, in _generate_counterfactuals
    model_predictions = self.predict_fn(query_instance)
  File "/workdir/dice-ml-0.9/dice_ml/explainer_interfaces/explainer_base.py", line 484, in predict_fn
    preds = self.model.get_output(input_instance)
  File "/workdir/dice-ml-0.9/dice_ml/model_interfaces/pytorch_model.py", line 40, in get_output
    input_tensor = torch.tensor(self.transformer.transform(input_instance).to_numpy()).float()
  File "/workdir/dice-ml-0.9/dice_ml/utils/helpers.py", line 291, in transform
    return self.data_transformer.transform(data)  # should return a numpy array
  File "/workdir/dice-ml-0.9/.tox/cpythonlibtest-unit-test-tests/lib/python3.10/site-packages/sklearn/preprocessing/_function_transformer.py", line 212, in transform
    return self._transform(X, func=self.func, kw_args=self.kw_args)
  File "/workdir/dice-ml-0.9/.tox/cpythonlibtest-unit-test-tests/lib/python3.10/site-packages/sklearn/preprocessing/_function_transformer.py", line 292, in _transform
    return func(X, **(kw_args if kw_args else {}))
  File "/workdir/dice-ml-0.9/dice_ml/utils/helpers.py", line 251, in ohe_min_max_transformation
    return data_interface.get_ohe_min_max_normalized_data(data)
  File "/workdir/dice-ml-0.9/dice_ml/data_interfaces/private_data_interface.py", line 382, in get_ohe_min_max_normalized_data
    temp = ohe_base_df.append(query_instance, ignore_index=True, sort=False)
  File "/workdir/dice-ml-0.9/.tox/cpythonlibtest-unit-test-tests/lib/python3.10/site-packages/pandas/core/generic.py", line 6204, in __getattr__
    return object.__getattribute__(self, name)
AttributeError: 'DataFrame' object has no attribute 'append'. Did you mean: '_append'?
_ TestDiceRandomRegressionMethods.test_random_counterfactual_explanations_output[random_regression_exp_object2-desired_range0-6] _
Traceback (most recent call last):
  File "/workdir/dice-ml-0.9/.tox/cpythonlibtest-unit-test-tests/lib/python3.10/site-packages/_pytest/runner.py", line 341, in from_call
    result: Optional[TResult] = func()
  File "/workdir/dice-ml-0.9/.tox/cpythonlibtest-unit-test-tests/lib/python3.10/site-packages/_pytest/runner.py", line 262, in <lambda>
    lambda: ihook(item=item, **kwds), when=when, reraise=reraise
  File "/workdir/dice-ml-0.9/.tox/cpythonlibtest-unit-test-tests/lib/python3.10/site-packages/pluggy/_hooks.py", line 493, in __call__
    return self._hookexec(self.name, self._hookimpls, kwargs, firstresult)
  File "/workdir/dice-ml-0.9/.tox/cpythonlibtest-unit-test-tests/lib/python3.10/site-packages/pluggy/_manager.py", line 115, in _hookexec
    return self._inner_hookexec(hook_name, methods, kwargs, firstresult)
  File "/workdir/dice-ml-0.9/.tox/cpythonlibtest-unit-test-tests/lib/python3.10/site-packages/pluggy/_callers.py", line 152, in _multicall
    return outcome.get_result()
  File "/workdir/dice-ml-0.9/.tox/cpythonlibtest-unit-test-tests/lib/python3.10/site-packages/pluggy/_result.py", line 114, in get_result
    raise exc.with_traceback(exc.__traceback__)
  File "/workdir/dice-ml-0.9/.tox/cpythonlibtest-unit-test-tests/lib/python3.10/site-packages/pluggy/_callers.py", line 77, in _multicall
    res = hook_impl.function(*args)
  File "/workdir/dice-ml-0.9/.tox/cpythonlibtest-unit-test-tests/lib/python3.10/site-packages/_pytest/runner.py", line 177, in pytest_runtest_call
    raise e
  File "/workdir/dice-ml-0.9/.tox/cpythonlibtest-unit-test-tests/lib/python3.10/site-packages/_pytest/runner.py", line 169, in pytest_runtest_call
    item.runtest()
  File "/workdir/dice-ml-0.9/.tox/cpythonlibtest-unit-test-tests/lib/python3.10/site-packages/_pytest/python.py", line 1792, in runtest
    self.ihook.pytest_pyfunc_call(pyfuncitem=self)
  File "/workdir/dice-ml-0.9/.tox/cpythonlibtest-unit-test-tests/lib/python3.10/site-packages/pluggy/_hooks.py", line 493, in __call__
    return self._hookexec(self.name, self._hookimpls, kwargs, firstresult)
  File "/workdir/dice-ml-0.9/.tox/cpythonlibtest-unit-test-tests/lib/python3.10/site-packages/pluggy/_manager.py", line 115, in _hookexec
    return self._inner_hookexec(hook_name, methods, kwargs, firstresult)
  File "/workdir/dice-ml-0.9/.tox/cpythonlibtest-unit-test-tests/lib/python3.10/site-packages/pluggy/_callers.py", line 113, in _multicall
    raise exception.with_traceback(exception.__traceback__)
  File "/workdir/dice-ml-0.9/.tox/cpythonlibtest-unit-test-tests/lib/python3.10/site-packages/pluggy/_callers.py", line 77, in _multicall
    res = hook_impl.function(*args)
  File "/workdir/dice-ml-0.9/.tox/cpythonlibtest-unit-test-tests/lib/python3.10/site-packages/_pytest/python.py", line 194, in pytest_pyfunc_call
    result = testfunction(**testargs)
  File "/workdir/dice-ml-0.9/tests/test_dice_interface/test_dice_random.py", line 187, in test_random_counterfactual_explanations_output
    counterfactual_explanations = self.exp.generate_counterfactuals(
  File "/workdir/dice-ml-0.9/dice_ml/explainer_interfaces/explainer_base.py", line 161, in generate_counterfactuals
    res = self._generate_counterfactuals(
  File "/workdir/dice-ml-0.9/dice_ml/explainer_interfaces/dice_random.py", line 78, in _generate_counterfactuals
    model_predictions = self.predict_fn(query_instance)
  File "/workdir/dice-ml-0.9/dice_ml/explainer_interfaces/explainer_base.py", line 484, in predict_fn
    preds = self.model.get_output(input_instance)
  File "/workdir/dice-ml-0.9/dice_ml/model_interfaces/pytorch_model.py", line 40, in get_output
    input_tensor = torch.tensor(self.transformer.transform(input_instance).to_numpy()).float()
  File "/workdir/dice-ml-0.9/dice_ml/utils/helpers.py", line 291, in transform
    return self.data_transformer.transform(data)  # should return a numpy array
  File "/workdir/dice-ml-0.9/.tox/cpythonlibtest-unit-test-tests/lib/python3.10/site-packages/sklearn/preprocessing/_function_transformer.py", line 212, in transform
    return self._transform(X, func=self.func, kw_args=self.kw_args)
  File "/workdir/dice-ml-0.9/.tox/cpythonlibtest-unit-test-tests/lib/python3.10/site-packages/sklearn/preprocessing/_function_transformer.py", line 292, in _transform
    return func(X, **(kw_args if kw_args else {}))
  File "/workdir/dice-ml-0.9/dice_ml/utils/helpers.py", line 251, in ohe_min_max_transformation
    return data_interface.get_ohe_min_max_normalized_data(data)
  File "/workdir/dice-ml-0.9/dice_ml/data_interfaces/private_data_interface.py", line 382, in get_ohe_min_max_normalized_data
    temp = ohe_base_df.append(query_instance, ignore_index=True, sort=False)
  File "/workdir/dice-ml-0.9/.tox/cpythonlibtest-unit-test-tests/lib/python3.10/site-packages/pandas/core/generic.py", line 6204, in __getattr__
    return object.__getattribute__(self, name)
AttributeError: 'DataFrame' object has no attribute 'append'. Did you mean: '_append'?
----------------------------- Captured stderr call -----------------------------
  0%|          | 0/1 [00:00<?, ?it/s]  0%|          | 0/1 [00:00<?, ?it/s]
_ TestDiceRandomRegressionMethods.test_zero_cfs[random_regression_exp_object2-all-None-desired_range0-0-None] _
Traceback (most recent call last):
  File "/workdir/dice-ml-0.9/.tox/cpythonlibtest-unit-test-tests/lib/python3.10/site-packages/_pytest/runner.py", line 341, in from_call
    result: Optional[TResult] = func()
  File "/workdir/dice-ml-0.9/.tox/cpythonlibtest-unit-test-tests/lib/python3.10/site-packages/_pytest/runner.py", line 262, in <lambda>
    lambda: ihook(item=item, **kwds), when=when, reraise=reraise
  File "/workdir/dice-ml-0.9/.tox/cpythonlibtest-unit-test-tests/lib/python3.10/site-packages/pluggy/_hooks.py", line 493, in __call__
    return self._hookexec(self.name, self._hookimpls, kwargs, firstresult)
  File "/workdir/dice-ml-0.9/.tox/cpythonlibtest-unit-test-tests/lib/python3.10/site-packages/pluggy/_manager.py", line 115, in _hookexec
    return self._inner_hookexec(hook_name, methods, kwargs, firstresult)
  File "/workdir/dice-ml-0.9/.tox/cpythonlibtest-unit-test-tests/lib/python3.10/site-packages/pluggy/_callers.py", line 152, in _multicall
    return outcome.get_result()
  File "/workdir/dice-ml-0.9/.tox/cpythonlibtest-unit-test-tests/lib/python3.10/site-packages/pluggy/_result.py", line 114, in get_result
    raise exc.with_traceback(exc.__traceback__)
  File "/workdir/dice-ml-0.9/.tox/cpythonlibtest-unit-test-tests/lib/python3.10/site-packages/pluggy/_callers.py", line 77, in _multicall
    res = hook_impl.function(*args)
  File "/workdir/dice-ml-0.9/.tox/cpythonlibtest-unit-test-tests/lib/python3.10/site-packages/_pytest/runner.py", line 177, in pytest_runtest_call
    raise e
  File "/workdir/dice-ml-0.9/.tox/cpythonlibtest-unit-test-tests/lib/python3.10/site-packages/_pytest/runner.py", line 169, in pytest_runtest_call
    item.runtest()
  File "/workdir/dice-ml-0.9/.tox/cpythonlibtest-unit-test-tests/lib/python3.10/site-packages/_pytest/python.py", line 1792, in runtest
    self.ihook.pytest_pyfunc_call(pyfuncitem=self)
  File "/workdir/dice-ml-0.9/.tox/cpythonlibtest-unit-test-tests/lib/python3.10/site-packages/pluggy/_hooks.py", line 493, in __call__
    return self._hookexec(self.name, self._hookimpls, kwargs, firstresult)
  File "/workdir/dice-ml-0.9/.tox/cpythonlibtest-unit-test-tests/lib/python3.10/site-packages/pluggy/_manager.py", line 115, in _hookexec
    return self._inner_hookexec(hook_name, methods, kwargs, firstresult)
  File "/workdir/dice-ml-0.9/.tox/cpythonlibtest-unit-test-tests/lib/python3.10/site-packages/pluggy/_callers.py", line 113, in _multicall
    raise exception.with_traceback(exception.__traceback__)
  File "/workdir/dice-ml-0.9/.tox/cpythonlibtest-unit-test-tests/lib/python3.10/site-packages/pluggy/_callers.py", line 77, in _multicall
    res = hook_impl.function(*args)
  File "/workdir/dice-ml-0.9/.tox/cpythonlibtest-unit-test-tests/lib/python3.10/site-packages/_pytest/python.py", line 194, in pytest_pyfunc_call
    result = testfunction(**testargs)
  File "/workdir/dice-ml-0.9/tests/test_dice_interface/test_dice_random.py", line 204, in test_zero_cfs
    self.exp._generate_counterfactuals(features_to_vary=features_to_vary, query_instance=sample_custom_query_2,
  File "/workdir/dice-ml-0.9/dice_ml/explainer_interfaces/dice_random.py", line 78, in _generate_counterfactuals
    model_predictions = self.predict_fn(query_instance)
  File "/workdir/dice-ml-0.9/dice_ml/explainer_interfaces/explainer_base.py", line 484, in predict_fn
    preds = self.model.get_output(input_instance)
  File "/workdir/dice-ml-0.9/dice_ml/model_interfaces/pytorch_model.py", line 40, in get_output
    input_tensor = torch.tensor(self.transformer.transform(input_instance).to_numpy()).float()
  File "/workdir/dice-ml-0.9/dice_ml/utils/helpers.py", line 291, in transform
    return self.data_transformer.transform(data)  # should return a numpy array
  File "/workdir/dice-ml-0.9/.tox/cpythonlibtest-unit-test-tests/lib/python3.10/site-packages/sklearn/preprocessing/_function_transformer.py", line 212, in transform
    return self._transform(X, func=self.func, kw_args=self.kw_args)
  File "/workdir/dice-ml-0.9/.tox/cpythonlibtest-unit-test-tests/lib/python3.10/site-packages/sklearn/preprocessing/_function_transformer.py", line 292, in _transform
    return func(X, **(kw_args if kw_args else {}))
  File "/workdir/dice-ml-0.9/dice_ml/utils/helpers.py", line 251, in ohe_min_max_transformation
    return data_interface.get_ohe_min_max_normalized_data(data)
  File "/workdir/dice-ml-0.9/dice_ml/data_interfaces/private_data_interface.py", line 382, in get_ohe_min_max_normalized_data
    temp = ohe_base_df.append(query_instance, ignore_index=True, sort=False)
  File "/workdir/dice-ml-0.9/.tox/cpythonlibtest-unit-test-tests/lib/python3.10/site-packages/pandas/core/generic.py", line 6204, in __getattr__
    return object.__getattribute__(self, name)
AttributeError: 'DataFrame' object has no attribute 'append'. Did you mean: '_append'?
_ TestDiceRandomRegressionMethods.test_desired_range[random_regression_exp_object3-all-None-desired_range0-2-None] _
Traceback (most recent call last):
  File "/workdir/dice-ml-0.9/.tox/cpythonlibtest-unit-test-tests/lib/python3.10/site-packages/_pytest/runner.py", line 341, in from_call
    result: Optional[TResult] = func()
  File "/workdir/dice-ml-0.9/.tox/cpythonlibtest-unit-test-tests/lib/python3.10/site-packages/_pytest/runner.py", line 262, in <lambda>
    lambda: ihook(item=item, **kwds), when=when, reraise=reraise
  File "/workdir/dice-ml-0.9/.tox/cpythonlibtest-unit-test-tests/lib/python3.10/site-packages/pluggy/_hooks.py", line 493, in __call__
    return self._hookexec(self.name, self._hookimpls, kwargs, firstresult)
  File "/workdir/dice-ml-0.9/.tox/cpythonlibtest-unit-test-tests/lib/python3.10/site-packages/pluggy/_manager.py", line 115, in _hookexec
    return self._inner_hookexec(hook_name, methods, kwargs, firstresult)
  File "/workdir/dice-ml-0.9/.tox/cpythonlibtest-unit-test-tests/lib/python3.10/site-packages/pluggy/_callers.py", line 152, in _multicall
    return outcome.get_result()
  File "/workdir/dice-ml-0.9/.tox/cpythonlibtest-unit-test-tests/lib/python3.10/site-packages/pluggy/_result.py", line 114, in get_result
    raise exc.with_traceback(exc.__traceback__)
  File "/workdir/dice-ml-0.9/.tox/cpythonlibtest-unit-test-tests/lib/python3.10/site-packages/pluggy/_callers.py", line 77, in _multicall
    res = hook_impl.function(*args)
  File "/workdir/dice-ml-0.9/.tox/cpythonlibtest-unit-test-tests/lib/python3.10/site-packages/_pytest/runner.py", line 177, in pytest_runtest_call
    raise e
  File "/workdir/dice-ml-0.9/.tox/cpythonlibtest-unit-test-tests/lib/python3.10/site-packages/_pytest/runner.py", line 169, in pytest_runtest_call
    item.runtest()
  File "/workdir/dice-ml-0.9/.tox/cpythonlibtest-unit-test-tests/lib/python3.10/site-packages/_pytest/python.py", line 1792, in runtest
    self.ihook.pytest_pyfunc_call(pyfuncitem=self)
  File "/workdir/dice-ml-0.9/.tox/cpythonlibtest-unit-test-tests/lib/python3.10/site-packages/pluggy/_hooks.py", line 493, in __call__
    return self._hookexec(self.name, self._hookimpls, kwargs, firstresult)
  File "/workdir/dice-ml-0.9/.tox/cpythonlibtest-unit-test-tests/lib/python3.10/site-packages/pluggy/_manager.py", line 115, in _hookexec
    return self._inner_hookexec(hook_name, methods, kwargs, firstresult)
  File "/workdir/dice-ml-0.9/.tox/cpythonlibtest-unit-test-tests/lib/python3.10/site-packages/pluggy/_callers.py", line 113, in _multicall
    raise exception.with_traceback(exception.__traceback__)
  File "/workdir/dice-ml-0.9/.tox/cpythonlibtest-unit-test-tests/lib/python3.10/site-packages/pluggy/_callers.py", line 77, in _multicall
    res = hook_impl.function(*args)
  File "/workdir/dice-ml-0.9/.tox/cpythonlibtest-unit-test-tests/lib/python3.10/site-packages/_pytest/python.py", line 194, in pytest_pyfunc_call
    result = testfunction(**testargs)
  File "/workdir/dice-ml-0.9/tests/test_dice_interface/test_dice_random.py", line 162, in test_desired_range
    ans = self.exp._generate_counterfactuals(features_to_vary=features_to_vary,
  File "/workdir/dice-ml-0.9/dice_ml/explainer_interfaces/dice_random.py", line 78, in _generate_counterfactuals
    model_predictions = self.predict_fn(query_instance)
  File "/workdir/dice-ml-0.9/dice_ml/explainer_interfaces/explainer_base.py", line 484, in predict_fn
    preds = self.model.get_output(input_instance)
  File "/workdir/dice-ml-0.9/dice_ml/model_interfaces/pytorch_model.py", line 40, in get_output
    input_tensor = torch.tensor(self.transformer.transform(input_instance).to_numpy()).float()
TypeError: can't convert np.ndarray of type numpy.object_. The only supported types are: float64, float32, float16, complex64, complex128, int64, int32, int16, int8, uint8, and bool.
_ TestDiceRandomRegressionMethods.test_random_output[random_regression_exp_object3-2.0-desired_range0-6] _
Traceback (most recent call last):
  File "/workdir/dice-ml-0.9/.tox/cpythonlibtest-unit-test-tests/lib/python3.10/site-packages/_pytest/runner.py", line 341, in from_call
    result: Optional[TResult] = func()
  File "/workdir/dice-ml-0.9/.tox/cpythonlibtest-unit-test-tests/lib/python3.10/site-packages/_pytest/runner.py", line 262, in <lambda>
    lambda: ihook(item=item, **kwds), when=when, reraise=reraise
  File "/workdir/dice-ml-0.9/.tox/cpythonlibtest-unit-test-tests/lib/python3.10/site-packages/pluggy/_hooks.py", line 493, in __call__
    return self._hookexec(self.name, self._hookimpls, kwargs, firstresult)
  File "/workdir/dice-ml-0.9/.tox/cpythonlibtest-unit-test-tests/lib/python3.10/site-packages/pluggy/_manager.py", line 115, in _hookexec
    return self._inner_hookexec(hook_name, methods, kwargs, firstresult)
  File "/workdir/dice-ml-0.9/.tox/cpythonlibtest-unit-test-tests/lib/python3.10/site-packages/pluggy/_callers.py", line 152, in _multicall
    return outcome.get_result()
  File "/workdir/dice-ml-0.9/.tox/cpythonlibtest-unit-test-tests/lib/python3.10/site-packages/pluggy/_result.py", line 114, in get_result
    raise exc.with_traceback(exc.__traceback__)
  File "/workdir/dice-ml-0.9/.tox/cpythonlibtest-unit-test-tests/lib/python3.10/site-packages/pluggy/_callers.py", line 77, in _multicall
    res = hook_impl.function(*args)
  File "/workdir/dice-ml-0.9/.tox/cpythonlibtest-unit-test-tests/lib/python3.10/site-packages/_pytest/runner.py", line 177, in pytest_runtest_call
    raise e
  File "/workdir/dice-ml-0.9/.tox/cpythonlibtest-unit-test-tests/lib/python3.10/site-packages/_pytest/runner.py", line 169, in pytest_runtest_call
    item.runtest()
  File "/workdir/dice-ml-0.9/.tox/cpythonlibtest-unit-test-tests/lib/python3.10/site-packages/_pytest/python.py", line 1792, in runtest
    self.ihook.pytest_pyfunc_call(pyfuncitem=self)
  File "/workdir/dice-ml-0.9/.tox/cpythonlibtest-unit-test-tests/lib/python3.10/site-packages/pluggy/_hooks.py", line 493, in __call__
    return self._hookexec(self.name, self._hookimpls, kwargs, firstresult)
  File "/workdir/dice-ml-0.9/.tox/cpythonlibtest-unit-test-tests/lib/python3.10/site-packages/pluggy/_manager.py", line 115, in _hookexec
    return self._inner_hookexec(hook_name, methods, kwargs, firstresult)
  File "/workdir/dice-ml-0.9/.tox/cpythonlibtest-unit-test-tests/lib/python3.10/site-packages/pluggy/_callers.py", line 113, in _multicall
    raise exception.with_traceback(exception.__traceback__)
  File "/workdir/dice-ml-0.9/.tox/cpythonlibtest-unit-test-tests/lib/python3.10/site-packages/pluggy/_callers.py", line 77, in _multicall
    res = hook_impl.function(*args)
  File "/workdir/dice-ml-0.9/.tox/cpythonlibtest-unit-test-tests/lib/python3.10/site-packages/_pytest/python.py", line 194, in pytest_pyfunc_call
    result = testfunction(**testargs)
  File "/workdir/dice-ml-0.9/tests/test_dice_interface/test_dice_random.py", line 175, in test_random_output
    cf_examples = self.exp._generate_counterfactuals(query_instance=sample_custom_query_2, total_CFs=total_CFs,
  File "/workdir/dice-ml-0.9/dice_ml/explainer_interfaces/dice_random.py", line 78, in _generate_counterfactuals
    model_predictions = self.predict_fn(query_instance)
  File "/workdir/dice-ml-0.9/dice_ml/explainer_interfaces/explainer_base.py", line 484, in predict_fn
    preds = self.model.get_output(input_instance)
  File "/workdir/dice-ml-0.9/dice_ml/model_interfaces/pytorch_model.py", line 40, in get_output
    input_tensor = torch.tensor(self.transformer.transform(input_instance).to_numpy()).float()
TypeError: can't convert np.ndarray of type numpy.object_. The only supported types are: float64, float32, float16, complex64, complex128, int64, int32, int16, int8, uint8, and bool.
_ TestDiceRandomRegressionMethods.test_random_output[random_regression_exp_object3-1.0-desired_range0-6] _
Traceback (most recent call last):
  File "/workdir/dice-ml-0.9/.tox/cpythonlibtest-unit-test-tests/lib/python3.10/site-packages/_pytest/runner.py", line 341, in from_call
    result: Optional[TResult] = func()
  File "/workdir/dice-ml-0.9/.tox/cpythonlibtest-unit-test-tests/lib/python3.10/site-packages/_pytest/runner.py", line 262, in <lambda>
    lambda: ihook(item=item, **kwds), when=when, reraise=reraise
  File "/workdir/dice-ml-0.9/.tox/cpythonlibtest-unit-test-tests/lib/python3.10/site-packages/pluggy/_hooks.py", line 493, in __call__
    return self._hookexec(self.name, self._hookimpls, kwargs, firstresult)
  File "/workdir/dice-ml-0.9/.tox/cpythonlibtest-unit-test-tests/lib/python3.10/site-packages/pluggy/_manager.py", line 115, in _hookexec
    return self._inner_hookexec(hook_name, methods, kwargs, firstresult)
  File "/workdir/dice-ml-0.9/.tox/cpythonlibtest-unit-test-tests/lib/python3.10/site-packages/pluggy/_callers.py", line 152, in _multicall
    return outcome.get_result()
  File "/workdir/dice-ml-0.9/.tox/cpythonlibtest-unit-test-tests/lib/python3.10/site-packages/pluggy/_result.py", line 114, in get_result
    raise exc.with_traceback(exc.__traceback__)
  File "/workdir/dice-ml-0.9/.tox/cpythonlibtest-unit-test-tests/lib/python3.10/site-packages/pluggy/_callers.py", line 77, in _multicall
    res = hook_impl.function(*args)
  File "/workdir/dice-ml-0.9/.tox/cpythonlibtest-unit-test-tests/lib/python3.10/site-packages/_pytest/runner.py", line 177, in pytest_runtest_call
    raise e
  File "/workdir/dice-ml-0.9/.tox/cpythonlibtest-unit-test-tests/lib/python3.10/site-packages/_pytest/runner.py", line 169, in pytest_runtest_call
    item.runtest()
  File "/workdir/dice-ml-0.9/.tox/cpythonlibtest-unit-test-tests/lib/python3.10/site-packages/_pytest/python.py", line 1792, in runtest
    self.ihook.pytest_pyfunc_call(pyfuncitem=self)
  File "/workdir/dice-ml-0.9/.tox/cpythonlibtest-unit-test-tests/lib/python3.10/site-packages/pluggy/_hooks.py", line 493, in __call__
    return self._hookexec(self.name, self._hookimpls, kwargs, firstresult)
  File "/workdir/dice-ml-0.9/.tox/cpythonlibtest-unit-test-tests/lib/python3.10/site-packages/pluggy/_manager.py", line 115, in _hookexec
    return self._inner_hookexec(hook_name, methods, kwargs, firstresult)
  File "/workdir/dice-ml-0.9/.tox/cpythonlibtest-unit-test-tests/lib/python3.10/site-packages/pluggy/_callers.py", line 113, in _multicall
    raise exception.with_traceback(exception.__traceback__)
  File "/workdir/dice-ml-0.9/.tox/cpythonlibtest-unit-test-tests/lib/python3.10/site-packages/pluggy/_callers.py", line 77, in _multicall
    res = hook_impl.function(*args)
  File "/workdir/dice-ml-0.9/.tox/cpythonlibtest-unit-test-tests/lib/python3.10/site-packages/_pytest/python.py", line 194, in pytest_pyfunc_call
    result = testfunction(**testargs)
  File "/workdir/dice-ml-0.9/tests/test_dice_interface/test_dice_random.py", line 175, in test_random_output
    cf_examples = self.exp._generate_counterfactuals(query_instance=sample_custom_query_2, total_CFs=total_CFs,
  File "/workdir/dice-ml-0.9/dice_ml/explainer_interfaces/dice_random.py", line 78, in _generate_counterfactuals
    model_predictions = self.predict_fn(query_instance)
  File "/workdir/dice-ml-0.9/dice_ml/explainer_interfaces/explainer_base.py", line 484, in predict_fn
    preds = self.model.get_output(input_instance)
  File "/workdir/dice-ml-0.9/dice_ml/model_interfaces/pytorch_model.py", line 40, in get_output
    input_tensor = torch.tensor(self.transformer.transform(input_instance).to_numpy()).float()
TypeError: can't convert np.ndarray of type numpy.object_. The only supported types are: float64, float32, float16, complex64, complex128, int64, int32, int16, int8, uint8, and bool.
_ TestDiceRandomRegressionMethods.test_random_counterfactual_explanations_output[random_regression_exp_object3-desired_range0-6] _
Traceback (most recent call last):
  File "/workdir/dice-ml-0.9/.tox/cpythonlibtest-unit-test-tests/lib/python3.10/site-packages/_pytest/runner.py", line 341, in from_call
    result: Optional[TResult] = func()
  File "/workdir/dice-ml-0.9/.tox/cpythonlibtest-unit-test-tests/lib/python3.10/site-packages/_pytest/runner.py", line 262, in <lambda>
    lambda: ihook(item=item, **kwds), when=when, reraise=reraise
  File "/workdir/dice-ml-0.9/.tox/cpythonlibtest-unit-test-tests/lib/python3.10/site-packages/pluggy/_hooks.py", line 493, in __call__
    return self._hookexec(self.name, self._hookimpls, kwargs, firstresult)
  File "/workdir/dice-ml-0.9/.tox/cpythonlibtest-unit-test-tests/lib/python3.10/site-packages/pluggy/_manager.py", line 115, in _hookexec
    return self._inner_hookexec(hook_name, methods, kwargs, firstresult)
  File "/workdir/dice-ml-0.9/.tox/cpythonlibtest-unit-test-tests/lib/python3.10/site-packages/pluggy/_callers.py", line 152, in _multicall
    return outcome.get_result()
  File "/workdir/dice-ml-0.9/.tox/cpythonlibtest-unit-test-tests/lib/python3.10/site-packages/pluggy/_result.py", line 114, in get_result
    raise exc.with_traceback(exc.__traceback__)
  File "/workdir/dice-ml-0.9/.tox/cpythonlibtest-unit-test-tests/lib/python3.10/site-packages/pluggy/_callers.py", line 77, in _multicall
    res = hook_impl.function(*args)
  File "/workdir/dice-ml-0.9/.tox/cpythonlibtest-unit-test-tests/lib/python3.10/site-packages/_pytest/runner.py", line 177, in pytest_runtest_call
    raise e
  File "/workdir/dice-ml-0.9/.tox/cpythonlibtest-unit-test-tests/lib/python3.10/site-packages/_pytest/runner.py", line 169, in pytest_runtest_call
    item.runtest()
  File "/workdir/dice-ml-0.9/.tox/cpythonlibtest-unit-test-tests/lib/python3.10/site-packages/_pytest/python.py", line 1792, in runtest
    self.ihook.pytest_pyfunc_call(pyfuncitem=self)
  File "/workdir/dice-ml-0.9/.tox/cpythonlibtest-unit-test-tests/lib/python3.10/site-packages/pluggy/_hooks.py", line 493, in __call__
    return self._hookexec(self.name, self._hookimpls, kwargs, firstresult)
  File "/workdir/dice-ml-0.9/.tox/cpythonlibtest-unit-test-tests/lib/python3.10/site-packages/pluggy/_manager.py", line 115, in _hookexec
    return self._inner_hookexec(hook_name, methods, kwargs, firstresult)
  File "/workdir/dice-ml-0.9/.tox/cpythonlibtest-unit-test-tests/lib/python3.10/site-packages/pluggy/_callers.py", line 113, in _multicall
    raise exception.with_traceback(exception.__traceback__)
  File "/workdir/dice-ml-0.9/.tox/cpythonlibtest-unit-test-tests/lib/python3.10/site-packages/pluggy/_callers.py", line 77, in _multicall
    res = hook_impl.function(*args)
  File "/workdir/dice-ml-0.9/.tox/cpythonlibtest-unit-test-tests/lib/python3.10/site-packages/_pytest/python.py", line 194, in pytest_pyfunc_call
    result = testfunction(**testargs)
  File "/workdir/dice-ml-0.9/tests/test_dice_interface/test_dice_random.py", line 187, in test_random_counterfactual_explanations_output
    counterfactual_explanations = self.exp.generate_counterfactuals(
  File "/workdir/dice-ml-0.9/dice_ml/explainer_interfaces/explainer_base.py", line 161, in generate_counterfactuals
    res = self._generate_counterfactuals(
  File "/workdir/dice-ml-0.9/dice_ml/explainer_interfaces/dice_random.py", line 78, in _generate_counterfactuals
    model_predictions = self.predict_fn(query_instance)
  File "/workdir/dice-ml-0.9/dice_ml/explainer_interfaces/explainer_base.py", line 484, in predict_fn
    preds = self.model.get_output(input_instance)
  File "/workdir/dice-ml-0.9/dice_ml/model_interfaces/pytorch_model.py", line 40, in get_output
    input_tensor = torch.tensor(self.transformer.transform(input_instance).to_numpy()).float()
TypeError: can't convert np.ndarray of type numpy.object_. The only supported types are: float64, float32, float16, complex64, complex128, int64, int32, int16, int8, uint8, and bool.
----------------------------- Captured stderr call -----------------------------
  0%|          | 0/1 [00:00<?, ?it/s]  0%|          | 0/1 [00:00<?, ?it/s]
_ TestDiceRandomRegressionMethods.test_zero_cfs[random_regression_exp_object3-all-None-desired_range0-0-None] _
Traceback (most recent call last):
  File "/workdir/dice-ml-0.9/.tox/cpythonlibtest-unit-test-tests/lib/python3.10/site-packages/_pytest/runner.py", line 341, in from_call
    result: Optional[TResult] = func()
  File "/workdir/dice-ml-0.9/.tox/cpythonlibtest-unit-test-tests/lib/python3.10/site-packages/_pytest/runner.py", line 262, in <lambda>
    lambda: ihook(item=item, **kwds), when=when, reraise=reraise
  File "/workdir/dice-ml-0.9/.tox/cpythonlibtest-unit-test-tests/lib/python3.10/site-packages/pluggy/_hooks.py", line 493, in __call__
    return self._hookexec(self.name, self._hookimpls, kwargs, firstresult)
  File "/workdir/dice-ml-0.9/.tox/cpythonlibtest-unit-test-tests/lib/python3.10/site-packages/pluggy/_manager.py", line 115, in _hookexec
    return self._inner_hookexec(hook_name, methods, kwargs, firstresult)
  File "/workdir/dice-ml-0.9/.tox/cpythonlibtest-unit-test-tests/lib/python3.10/site-packages/pluggy/_callers.py", line 152, in _multicall
    return outcome.get_result()
  File "/workdir/dice-ml-0.9/.tox/cpythonlibtest-unit-test-tests/lib/python3.10/site-packages/pluggy/_result.py", line 114, in get_result
    raise exc.with_traceback(exc.__traceback__)
  File "/workdir/dice-ml-0.9/.tox/cpythonlibtest-unit-test-tests/lib/python3.10/site-packages/pluggy/_callers.py", line 77, in _multicall
    res = hook_impl.function(*args)
  File "/workdir/dice-ml-0.9/.tox/cpythonlibtest-unit-test-tests/lib/python3.10/site-packages/_pytest/runner.py", line 177, in pytest_runtest_call
    raise e
  File "/workdir/dice-ml-0.9/.tox/cpythonlibtest-unit-test-tests/lib/python3.10/site-packages/_pytest/runner.py", line 169, in pytest_runtest_call
    item.runtest()
  File "/workdir/dice-ml-0.9/.tox/cpythonlibtest-unit-test-tests/lib/python3.10/site-packages/_pytest/python.py", line 1792, in runtest
    self.ihook.pytest_pyfunc_call(pyfuncitem=self)
  File "/workdir/dice-ml-0.9/.tox/cpythonlibtest-unit-test-tests/lib/python3.10/site-packages/pluggy/_hooks.py", line 493, in __call__
    return self._hookexec(self.name, self._hookimpls, kwargs, firstresult)
  File "/workdir/dice-ml-0.9/.tox/cpythonlibtest-unit-test-tests/lib/python3.10/site-packages/pluggy/_manager.py", line 115, in _hookexec
    return self._inner_hookexec(hook_name, methods, kwargs, firstresult)
  File "/workdir/dice-ml-0.9/.tox/cpythonlibtest-unit-test-tests/lib/python3.10/site-packages/pluggy/_callers.py", line 113, in _multicall
    raise exception.with_traceback(exception.__traceback__)
  File "/workdir/dice-ml-0.9/.tox/cpythonlibtest-unit-test-tests/lib/python3.10/site-packages/pluggy/_callers.py", line 77, in _multicall
    res = hook_impl.function(*args)
  File "/workdir/dice-ml-0.9/.tox/cpythonlibtest-unit-test-tests/lib/python3.10/site-packages/_pytest/python.py", line 194, in pytest_pyfunc_call
    result = testfunction(**testargs)
  File "/workdir/dice-ml-0.9/tests/test_dice_interface/test_dice_random.py", line 204, in test_zero_cfs
    self.exp._generate_counterfactuals(features_to_vary=features_to_vary, query_instance=sample_custom_query_2,
  File "/workdir/dice-ml-0.9/dice_ml/explainer_interfaces/dice_random.py", line 78, in _generate_counterfactuals
    model_predictions = self.predict_fn(query_instance)
  File "/workdir/dice-ml-0.9/dice_ml/explainer_interfaces/explainer_base.py", line 484, in predict_fn
    preds = self.model.get_output(input_instance)
  File "/workdir/dice-ml-0.9/dice_ml/model_interfaces/pytorch_model.py", line 40, in get_output
    input_tensor = torch.tensor(self.transformer.transform(input_instance).to_numpy()).float()
TypeError: can't convert np.ndarray of type numpy.object_. The only supported types are: float64, float32, float16, complex64, complex128, int64, int32, int16, int8, uint8, and bool.
______________ TestPyTorchModelMethods.test_model_output[0.0957] _______________
Traceback (most recent call last):
  File "/workdir/dice-ml-0.9/.tox/cpythonlibtest-unit-test-tests/lib/python3.10/site-packages/_pytest/runner.py", line 341, in from_call
    result: Optional[TResult] = func()
  File "/workdir/dice-ml-0.9/.tox/cpythonlibtest-unit-test-tests/lib/python3.10/site-packages/_pytest/runner.py", line 262, in <lambda>
    lambda: ihook(item=item, **kwds), when=when, reraise=reraise
  File "/workdir/dice-ml-0.9/.tox/cpythonlibtest-unit-test-tests/lib/python3.10/site-packages/pluggy/_hooks.py", line 493, in __call__
    return self._hookexec(self.name, self._hookimpls, kwargs, firstresult)
  File "/workdir/dice-ml-0.9/.tox/cpythonlibtest-unit-test-tests/lib/python3.10/site-packages/pluggy/_manager.py", line 115, in _hookexec
    return self._inner_hookexec(hook_name, methods, kwargs, firstresult)
  File "/workdir/dice-ml-0.9/.tox/cpythonlibtest-unit-test-tests/lib/python3.10/site-packages/pluggy/_callers.py", line 152, in _multicall
    return outcome.get_result()
  File "/workdir/dice-ml-0.9/.tox/cpythonlibtest-unit-test-tests/lib/python3.10/site-packages/pluggy/_result.py", line 114, in get_result
    raise exc.with_traceback(exc.__traceback__)
  File "/workdir/dice-ml-0.9/.tox/cpythonlibtest-unit-test-tests/lib/python3.10/site-packages/pluggy/_callers.py", line 77, in _multicall
    res = hook_impl.function(*args)
  File "/workdir/dice-ml-0.9/.tox/cpythonlibtest-unit-test-tests/lib/python3.10/site-packages/_pytest/runner.py", line 177, in pytest_runtest_call
    raise e
  File "/workdir/dice-ml-0.9/.tox/cpythonlibtest-unit-test-tests/lib/python3.10/site-packages/_pytest/runner.py", line 169, in pytest_runtest_call
    item.runtest()
  File "/workdir/dice-ml-0.9/.tox/cpythonlibtest-unit-test-tests/lib/python3.10/site-packages/_pytest/python.py", line 1792, in runtest
    self.ihook.pytest_pyfunc_call(pyfuncitem=self)
  File "/workdir/dice-ml-0.9/.tox/cpythonlibtest-unit-test-tests/lib/python3.10/site-packages/pluggy/_hooks.py", line 493, in __call__
    return self._hookexec(self.name, self._hookimpls, kwargs, firstresult)
  File "/workdir/dice-ml-0.9/.tox/cpythonlibtest-unit-test-tests/lib/python3.10/site-packages/pluggy/_manager.py", line 115, in _hookexec
    return self._inner_hookexec(hook_name, methods, kwargs, firstresult)
  File "/workdir/dice-ml-0.9/.tox/cpythonlibtest-unit-test-tests/lib/python3.10/site-packages/pluggy/_callers.py", line 113, in _multicall
    raise exception.with_traceback(exception.__traceback__)
  File "/workdir/dice-ml-0.9/.tox/cpythonlibtest-unit-test-tests/lib/python3.10/site-packages/pluggy/_callers.py", line 77, in _multicall
    res = hook_impl.function(*args)
  File "/workdir/dice-ml-0.9/.tox/cpythonlibtest-unit-test-tests/lib/python3.10/site-packages/_pytest/python.py", line 194, in pytest_pyfunc_call
    result = testfunction(**testargs)
  File "/workdir/dice-ml-0.9/tests/test_model_interface/test_pytorch_model.py", line 57, in test_model_output
    output_instance = self.m.get_output(sample_adultincome_query, transform_data=True)
  File "/workdir/dice-ml-0.9/dice_ml/model_interfaces/pytorch_model.py", line 38, in get_output
    input_tensor = torch.tensor(self.transformer.transform(input_instance).to_numpy()).float()
TypeError: can't convert np.ndarray of type numpy.object_. The only supported types are: float64, float32, float16, complex64, complex128, int64, int32, int16, int8, uint8, and bool.
=============================== warnings summary ===============================
tests/test_notebooks.py:83
  /workdir/dice-ml-0.9/tests/test_notebooks.py:83: PytestUnknownMarkWarning: Unknown pytest.mark.advanced - is this a typo?  You can register custom marks to avoid this warning - for details, see https://docs.pytest.org/en/stable/how-to/mark.html
    marks=[pytest.mark.skip, pytest.mark.advanced],

tests/test_notebooks.py:88
  /workdir/dice-ml-0.9/tests/test_notebooks.py:88: PytestUnknownMarkWarning: Unknown pytest.mark.advanced - is this a typo?  You can register custom marks to avoid this warning - for details, see https://docs.pytest.org/en/stable/how-to/mark.html
    marks=[pytest.mark.skip, pytest.mark.advanced],

tests/test_counterfactual_explanations.py: 2176 warnings
tests/test_dice_interface/test_dice_KD.py: 409 warnings
tests/test_dice_interface/test_dice_genetic.py: 2866 warnings
tests/test_dice_interface/test_dice_random.py: 224 warnings
tests/test_dice_interface/test_explainer_base.py: 23535 warnings
tests/test_model_interface/test_base_model.py: 3 warnings
  /workdir/dice-ml-0.9/.tox/cpythonlibtest-unit-test-tests/lib/python3.10/site-packages/sklearn/utils/validation.py:757: FutureWarning: is_sparse is deprecated and will be removed in a future version. Check `isinstance(dtype, pd.SparseDtype)` instead.
    if not hasattr(array, "sparse") and array.dtypes.apply(is_sparse).any():

tests/test_counterfactual_explanations.py: 2176 warnings
tests/test_dice_interface/test_dice_KD.py: 409 warnings
tests/test_dice_interface/test_dice_genetic.py: 2866 warnings
tests/test_dice_interface/test_dice_random.py: 224 warnings
tests/test_dice_interface/test_explainer_base.py: 23535 warnings
tests/test_model_interface/test_base_model.py: 3 warnings
  /workdir/dice-ml-0.9/.tox/cpythonlibtest-unit-test-tests/lib/python3.10/site-packages/sklearn/utils/validation.py:595: FutureWarning: is_sparse is deprecated and will be removed in a future version. Check `isinstance(dtype, pd.SparseDtype)` instead.
    if is_sparse(pd_dtype):

tests/test_counterfactual_explanations.py: 2176 warnings
tests/test_dice_interface/test_dice_KD.py: 409 warnings
tests/test_dice_interface/test_dice_genetic.py: 2866 warnings
tests/test_dice_interface/test_dice_random.py: 224 warnings
tests/test_dice_interface/test_explainer_base.py: 23535 warnings
tests/test_model_interface/test_base_model.py: 3 warnings
  /workdir/dice-ml-0.9/.tox/cpythonlibtest-unit-test-tests/lib/python3.10/site-packages/sklearn/utils/validation.py:604: FutureWarning: is_sparse is deprecated and will be removed in a future version. Check `isinstance(dtype, pd.SparseDtype)` instead.
    if is_sparse(pd_dtype) or not is_extension_array_dtype(pd_dtype):

tests/test_counterfactual_explanations.py: 24 warnings
tests/test_dice_interface/test_dice_KD.py: 3 warnings
tests/test_dice_interface/test_dice_random.py: 2 warnings
  /workdir/dice-ml-0.9/dice_ml/diverse_counterfactuals.py:216: FutureWarning: Passing literal json to 'read_json' is deprecated and will be removed in a future version. To read from a literal string, wrap it in a 'StringIO' object.
    test_instance_df = pd.read_json(cf_example_dict[

tests/test_counterfactual_explanations.py: 20 warnings
tests/test_dice_interface/test_dice_KD.py: 3 warnings
tests/test_dice_interface/test_dice_random.py: 2 warnings
  /workdir/dice-ml-0.9/dice_ml/diverse_counterfactuals.py:219: FutureWarning: Passing literal json to 'read_json' is deprecated and will be removed in a future version. To read from a literal string, wrap it in a 'StringIO' object.
    cfs_df = pd.read_json(cf_example_dict[_DiverseCFV1SchemaConstants.FINAL_CFS_DF])

tests/test_dice_interface/test_explainer_base.py: 12 warnings
  /workdir/dice-ml-0.9/dice_ml/explainer_interfaces/explainer_base.py:667: DeprecationWarning: Conversion of an array with ndim > 0 to a scalar is deprecated, and will error in future. Ensure you extract a single element from your array before performing this operation. (Deprecated NumPy 1.25.)
    target_class = int(1 - original_pred_1)

tests/test_model_interface/test_keras_tensorflow_model.py::test_model_initiation_fullpath
  /workdir/dice-ml-0.9/dice_ml/model.py:34: UserWarning: {'model': 'keras_tensorflow_model.KerasTensorFlowModel', 'explainer': 'dice_tensorflow2.DiceTensorFlow2'} backend not in supported backends sklearn,TF1,TF2,PYT
    warnings.warn('{0} backend not in supported backends {1}'.format(

tests/test_model_interface/test_pytorch_model.py::test_model_initiation_fullpath
  /workdir/dice-ml-0.9/dice_ml/model.py:34: UserWarning: {'model': 'pytorch_model.PyTorchModel', 'explainer': 'dice_pytorch.DicePyTorch'} backend not in supported backends sklearn,TF1,TF2,PYT
    warnings.warn('{0} backend not in supported backends {1}'.format(

-- Docs: https://docs.pytest.org/en/stable/how-to/capture-warnings.html
- generated xml file: /workdir/results/dice-ml/0.9/1/cpython-test-results.xml --
=========================== short test summary info ============================
FAILED tests/test_notebooks.py::test_notebook[DiCE_with_private_data.ipynb]
FAILED tests/test_dice_interface/test_dice_genetic.py::TestDiceGeneticRegressionMethods::test_desired_range[PYT-desired_range0-2-kdtree]
FAILED tests/test_dice_interface/test_dice_genetic.py::TestDiceGeneticRegressionMethods::test_desired_range[PYT-desired_range1-2-random]
FAILED tests/test_dice_interface/test_dice_genetic.py::TestDiceGeneticRegressionMethods::test_maxiter[PYT-desired_range0-7-kdtree-0]
FAILED tests/test_dice_interface/test_dice_genetic.py::TestDiceGeneticRegressionMethods::test_maxiter[PYT-desired_range1-7-random-0]
FAILED tests/test_dice_interface/test_dice_pytorch.py::TestDiceTorchMethods::test_proximity_loss
FAILED tests/test_dice_interface/test_dice_pytorch.py::TestDiceTorchMethods::test_final_cfs_and_preds
FAILED tests/test_dice_interface/test_dice_random.py::TestDiceRandomBinaryClassificationMethods::test_random_counterfactual_explanations_output[random_binary_classification_exp_object2-0-1]
FAILED tests/test_dice_interface/test_dice_random.py::TestDiceRandomBinaryClassificationMethods::test_no_cfs[random_binary_classification_exp_object2-7-None-3-all-None]
FAILED tests/test_dice_interface/test_dice_random.py::TestDiceRandomBinaryClassificationMethods::test_features_to_vary[random_binary_classification_exp_object2-1-None-2-features_to_vary0-None]
FAILED tests/test_dice_interface/test_dice_random.py::TestDiceRandomBinaryClassificationMethods::test_permitted_range_categorical[random_binary_classification_exp_object2-1-None-2-permitted_range0]
FAILED tests/test_dice_interface/test_dice_random.py::TestDiceRandomBinaryClassificationMethods::test_random_counterfactual_explanations_output[random_binary_classification_exp_object3-0-1]
FAILED tests/test_dice_interface/test_dice_random.py::TestDiceRandomBinaryClassificationMethods::test_no_cfs[random_binary_classification_exp_object3-7-None-3-all-None]
FAILED tests/test_dice_interface/test_dice_random.py::TestDiceRandomBinaryClassificationMethods::test_features_to_vary[random_binary_classification_exp_object3-1-None-2-features_to_vary0-None]
FAILED tests/test_dice_interface/test_dice_random.py::TestDiceRandomBinaryClassificationMethods::test_permitted_range_categorical[random_binary_classification_exp_object3-1-None-2-permitted_range0]
FAILED tests/test_dice_interface/test_dice_random.py::TestDiceRandomRegressionMethods::test_desired_range[random_regression_exp_object2-all-None-desired_range0-2-None]
FAILED tests/test_dice_interface/test_dice_random.py::TestDiceRandomRegressionMethods::test_random_output[random_regression_exp_object2-2.0-desired_range0-6]
FAILED tests/test_dice_interface/test_dice_random.py::TestDiceRandomRegressionMethods::test_random_output[random_regression_exp_object2-1.0-desired_range0-6]
FAILED tests/test_dice_interface/test_dice_random.py::TestDiceRandomRegressionMethods::test_random_counterfactual_explanations_output[random_regression_exp_object2-desired_range0-6]
FAILED tests/test_dice_interface/test_dice_random.py::TestDiceRandomRegressionMethods::test_zero_cfs[random_regression_exp_object2-all-None-desired_range0-0-None]
FAILED tests/test_dice_interface/test_dice_random.py::TestDiceRandomRegressionMethods::test_desired_range[random_regression_exp_object3-all-None-desired_range0-2-None]
FAILED tests/test_dice_interface/test_dice_random.py::TestDiceRandomRegressionMethods::test_random_output[random_regression_exp_object3-2.0-desired_range0-6]
FAILED tests/test_dice_interface/test_dice_random.py::TestDiceRandomRegressionMethods::test_random_output[random_regression_exp_object3-1.0-desired_range0-6]
FAILED tests/test_dice_interface/test_dice_random.py::TestDiceRandomRegressionMethods::test_random_counterfactual_explanations_output[random_regression_exp_object3-desired_range0-6]
FAILED tests/test_dice_interface/test_dice_random.py::TestDiceRandomRegressionMethods::test_zero_cfs[random_regression_exp_object3-all-None-desired_range0-0-None]
FAILED tests/test_model_interface/test_pytorch_model.py::TestPyTorchModelMethods::test_model_output[0.0957]
==== 26 failed, 249 passed, 6 skipped, 87709 warnings in 383.26s (0:06:23) =====
ERROR: InvocationError for command /workdir/dice-ml-0.9/.tox/cpythonlibtest-unit-test-tests/bin/pytest -v --tb=native --junitxml /workdir/results/dice-ml/0.9/1/cpython-test-results.xml (exited with code 1)
___________________________________ summary ____________________________________
ERROR:   cpythonlibtest-unit-test-tests: commands failed
