<?xml version="1.0" encoding="utf-8"?><testsuites><testsuite name="pytest" errors="0" failures="26" skipped="6" tests="281" time="383.176" timestamp="2023-11-21T02:15:57.264301" hostname="b80581c01e0f"><testcase classname="tests.test_counterfactual_explanations.TestCounterfactualExplanations" name="test_sorted_summary_importance_counterfactual_explanations" time="0.001" /><testcase classname="tests.test_counterfactual_explanations.TestCounterfactualExplanations" name="test_sorted_local_importance_counterfactual_explanations" time="0.001" /><testcase classname="tests.test_counterfactual_explanations.TestSerializationCounterfactualExplanations" name="test_counterfactual_explanations_output[0-2-1.0]" time="0.121" /><testcase classname="tests.test_counterfactual_explanations.TestSerializationCounterfactualExplanations" name="test_counterfactual_explanations_output[0-2-2.0]" time="0.093" /><testcase classname="tests.test_counterfactual_explanations.TestSerializationCounterfactualExplanations" name="test_local_importance_output[0-10-1.0]" time="0.182" /><testcase classname="tests.test_counterfactual_explanations.TestSerializationCounterfactualExplanations" name="test_local_importance_output[0-10-2.0]" time="0.185" /><testcase classname="tests.test_counterfactual_explanations.TestSerializationCounterfactualExplanations" name="test_summary_importance_output[0-10-1.0]" time="1.756" /><testcase classname="tests.test_counterfactual_explanations.TestSerializationCounterfactualExplanations" name="test_summary_importance_output[0-10-2.0]" time="1.732" /><testcase classname="tests.test_counterfactual_explanations.TestSerializationCounterfactualExplanations" name="test_empty_counterfactual_explanations_object[1.0]" time="0.007" /><testcase classname="tests.test_counterfactual_explanations.TestSerializationCounterfactualExplanations" name="test_empty_counterfactual_explanations_object[2.0]" time="0.009" /><testcase classname="tests.test_counterfactual_explanations.TestSerializationCounterfactualExplanations" name="test_no_counterfactuals_found[0-2-1.0]" time="0.092" /><testcase classname="tests.test_counterfactual_explanations.TestSerializationCounterfactualExplanations" name="test_no_counterfactuals_found[0-2-2.0]" time="0.090" /><testcase classname="tests.test_counterfactual_explanations.TestSerializationCounterfactualExplanations" name="test_no_counterfactuals_found_local_importance[0-10-1.0]" time="0.179" /><testcase classname="tests.test_counterfactual_explanations.TestSerializationCounterfactualExplanations" name="test_no_counterfactuals_found_local_importance[0-10-2.0]" time="0.181" /><testcase classname="tests.test_counterfactual_explanations.TestSerializationCounterfactualExplanations" name="test_no_counterfactuals_found_summary_importance[0-10-1.0]" time="1.968" /><testcase classname="tests.test_counterfactual_explanations.TestSerializationCounterfactualExplanations" name="test_no_counterfactuals_found_summary_importance[0-10-2.0]" time="1.716" /><testcase classname="tests.test_counterfactual_explanations.TestSerializationCounterfactualExplanations" name="test_unsupported_versions_from_json[3.0]" time="0.005" /><testcase classname="tests.test_counterfactual_explanations.TestSerializationCounterfactualExplanations" name="test_unsupported_versions_from_json[]" time="0.005" /><testcase classname="tests.test_counterfactual_explanations.TestSerializationCounterfactualExplanations" name="test_unsupported_versions_to_json[3.0]" time="0.004" /><testcase classname="tests.test_counterfactual_explanations.TestSerializationCounterfactualExplanations" name="test_unsupported_versions_to_json[]" time="0.005" /><testcase classname="tests.test_data" name="test_data_initiation" time="3.178" /><testcase classname="tests.test_data.TestCommonDataMethods" name="test_get_valid_mads" time="3.240" /><testcase classname="tests.test_data.TestCommonDataMethods" name="test_ohe_min_max_transformed_query_instance" time="3.210" /><testcase classname="tests.test_data.TestCommonDataMethods" name="test_encoded_categorical_features" time="2.918" /><testcase classname="tests.test_data.TestCommonDataMethods" name="test_features_to_vary" time="3.341" /><testcase classname="tests.test_dice.TestBaseExplainerLoader" name="test_tf" time="3.226" /><testcase classname="tests.test_dice.TestBaseExplainerLoader" name="test_pyt" time="3.076" /><testcase classname="tests.test_dice.TestBaseExplainerLoader" name="test_sklearn[random]" time="2.948" /><testcase classname="tests.test_dice.TestBaseExplainerLoader" name="test_minimum_query_instances" time="6.067" /><testcase classname="tests.test_dice.TestBaseExplainerLoader" name="test_unsupported_sampling_strategy" time="3.068" /><testcase classname="tests.test_dice.TestBaseExplainerLoader" name="test_private_data_interface_dice_kdtree" time="0.001" /><testcase classname="tests.test_model.TestBaseModelLoader" name="test_tf" time="0.001" /><testcase classname="tests.test_model.TestBaseModelLoader" name="test_pyt" time="0.001" /><testcase classname="tests.test_model.TestBaseModelLoader" name="test_sklearn" time="0.001" /><testcase classname="tests.test_model.TestModelUserValidations" name="test_model_user_validation_model_type" time="0.016" /><testcase classname="tests.test_model.TestModelUserValidations" name="test_model_user_validation_no_valid_model" time="0.001" /><testcase classname="tests.test_notebooks" name="test_notebook[DiCE_multiclass_classification_and_regression.ipynb]" time="13.762" /><testcase classname="tests.test_notebooks" name="test_notebook[DiCE_with_private_data.ipynb]" time="8.184"><failure message="subprocess.CalledProcessError: Command '['jupyter', 'nbconvert', '--to', 'notebook', '--execute', '-y', '--no-prompt', '--output', '/tmp/tmp_9unl9de.ipynb', 'docs/source/notebooks/DiCE_with_private_data.ipynb']' returned non-zero exit status 1.">Traceback (most recent call last):
  File "/workdir/dice-ml-0.9/.tox/cpythonlibtest-unit-test-tests/lib/python3.10/site-packages/_pytest/runner.py", line 341, in from_call
    result: Optional[TResult] = func()
  File "/workdir/dice-ml-0.9/.tox/cpythonlibtest-unit-test-tests/lib/python3.10/site-packages/_pytest/runner.py", line 262, in &lt;lambda&gt;
    lambda: ihook(item=item, **kwds), when=when, reraise=reraise
  File "/workdir/dice-ml-0.9/.tox/cpythonlibtest-unit-test-tests/lib/python3.10/site-packages/pluggy/_hooks.py", line 493, in __call__
    return self._hookexec(self.name, self._hookimpls, kwargs, firstresult)
  File "/workdir/dice-ml-0.9/.tox/cpythonlibtest-unit-test-tests/lib/python3.10/site-packages/pluggy/_manager.py", line 115, in _hookexec
    return self._inner_hookexec(hook_name, methods, kwargs, firstresult)
  File "/workdir/dice-ml-0.9/.tox/cpythonlibtest-unit-test-tests/lib/python3.10/site-packages/pluggy/_callers.py", line 152, in _multicall
    return outcome.get_result()
  File "/workdir/dice-ml-0.9/.tox/cpythonlibtest-unit-test-tests/lib/python3.10/site-packages/pluggy/_result.py", line 114, in get_result
    raise exc.with_traceback(exc.__traceback__)
  File "/workdir/dice-ml-0.9/.tox/cpythonlibtest-unit-test-tests/lib/python3.10/site-packages/pluggy/_callers.py", line 77, in _multicall
    res = hook_impl.function(*args)
  File "/workdir/dice-ml-0.9/.tox/cpythonlibtest-unit-test-tests/lib/python3.10/site-packages/_pytest/runner.py", line 177, in pytest_runtest_call
    raise e
  File "/workdir/dice-ml-0.9/.tox/cpythonlibtest-unit-test-tests/lib/python3.10/site-packages/_pytest/runner.py", line 169, in pytest_runtest_call
    item.runtest()
  File "/workdir/dice-ml-0.9/.tox/cpythonlibtest-unit-test-tests/lib/python3.10/site-packages/_pytest/python.py", line 1792, in runtest
    self.ihook.pytest_pyfunc_call(pyfuncitem=self)
  File "/workdir/dice-ml-0.9/.tox/cpythonlibtest-unit-test-tests/lib/python3.10/site-packages/pluggy/_hooks.py", line 493, in __call__
    return self._hookexec(self.name, self._hookimpls, kwargs, firstresult)
  File "/workdir/dice-ml-0.9/.tox/cpythonlibtest-unit-test-tests/lib/python3.10/site-packages/pluggy/_manager.py", line 115, in _hookexec
    return self._inner_hookexec(hook_name, methods, kwargs, firstresult)
  File "/workdir/dice-ml-0.9/.tox/cpythonlibtest-unit-test-tests/lib/python3.10/site-packages/pluggy/_callers.py", line 113, in _multicall
    raise exception.with_traceback(exception.__traceback__)
  File "/workdir/dice-ml-0.9/.tox/cpythonlibtest-unit-test-tests/lib/python3.10/site-packages/pluggy/_callers.py", line 77, in _multicall
    res = hook_impl.function(*args)
  File "/workdir/dice-ml-0.9/.tox/cpythonlibtest-unit-test-tests/lib/python3.10/site-packages/_pytest/python.py", line 194, in pytest_pyfunc_call
    result = testfunction(**testargs)
  File "/workdir/dice-ml-0.9/tests/test_notebooks.py", line 98, in test_notebook
    nb, errors = _notebook_run(NOTEBOOKS_PATH + notebook_filename)
  File "/workdir/dice-ml-0.9/tests/test_notebooks.py", line 65, in _notebook_run
    subprocess.check_call(args)
  File "/usr/local/lib/python3.10/subprocess.py", line 369, in check_call
    raise CalledProcessError(retcode, cmd)
subprocess.CalledProcessError: Command '['jupyter', 'nbconvert', '--to', 'notebook', '--execute', '-y', '--no-prompt', '--output', '/tmp/tmp_9unl9de.ipynb', 'docs/source/notebooks/DiCE_with_private_data.ipynb']' returned non-zero exit status 1.</failure></testcase><testcase classname="tests.test_notebooks" name="test_notebook[DiCE_model_agnostic_CFs.ipynb]" time="26.075" /><testcase classname="tests.test_notebooks" name="test_notebook[DiCE_getting_started_feasible.ipynb]" time="0.000"><skipped type="pytest.skip" message="unconditional skip">/workdir/dice-ml-0.9/tests/test_notebooks.py:95: unconditional skip</skipped></testcase><testcase classname="tests.test_notebooks" name="test_notebook[Benchmarking_different_CF_explanation_methods.ipynb]" time="0.000"><skipped type="pytest.skip" message="unconditional skip">/workdir/dice-ml-0.9/tests/test_notebooks.py:95: unconditional skip</skipped></testcase><testcase classname="tests.test_notebooks" name="test_notebook[DiCE_feature_importances.ipynb]" time="17.256" /><testcase classname="tests.test_notebooks" name="test_notebook[DiCE_getting_started.ipynb]" time="0.000"><skipped type="pytest.skip" message="unconditional skip">/workdir/dice-ml-0.9/tests/test_notebooks.py:95: unconditional skip</skipped></testcase><testcase classname="tests.test_notebooks" name="test_notebook[DiCE_with_advanced_options.ipynb]" time="0.000"><skipped type="pytest.skip" message="unconditional skip">/workdir/dice-ml-0.9/tests/test_notebooks.py:95: unconditional skip</skipped></testcase><testcase classname="tests.test_data_interface.test_base_data_interface.TestBaseData" name="test_base_data_initialization" time="0.001" /><testcase classname="tests.test_data_interface.test_private_data_interface.TestPrivateDataMethods" name="test_mads" time="0.001" /><testcase classname="tests.test_data_interface.test_private_data_interface.TestPrivateDataMethods" name="test_feature_precision" time="0.001" /><testcase classname="tests.test_data_interface.test_public_data_interface.TestPublicDataMethods" name="test_permitted_range" time="6.196" /><testcase classname="tests.test_data_interface.test_public_data_interface.TestPublicDataMethods" name="test_feature_precision" time="5.358" /><testcase classname="tests.test_data_interface.test_public_data_interface.TestErrorScenariosPublicDataInterface" name="test_invalid_dataframe[DataTypeCombinations.Incorrect]" time="0.003" /><testcase classname="tests.test_data_interface.test_public_data_interface.TestErrorScenariosPublicDataInterface" name="test_invalid_dataframe[DataTypeCombinations.AsNone]" time="0.002" /><testcase classname="tests.test_data_interface.test_public_data_interface.TestErrorScenariosPublicDataInterface" name="test_invalid_continuous_features[DataTypeCombinations.Incorrect]" time="0.002" /><testcase classname="tests.test_data_interface.test_public_data_interface.TestErrorScenariosPublicDataInterface" name="test_invalid_continuous_features[DataTypeCombinations.AsNone]" time="0.002" /><testcase classname="tests.test_data_interface.test_public_data_interface.TestErrorScenariosPublicDataInterface" name="test_invalid_continuous_features[DataTypeCombinations.Omitted]" time="0.002" /><testcase classname="tests.test_data_interface.test_public_data_interface.TestErrorScenariosPublicDataInterface" name="test_invalid_outcome_name[DataTypeCombinations.Incorrect]" time="0.002" /><testcase classname="tests.test_data_interface.test_public_data_interface.TestErrorScenariosPublicDataInterface" name="test_invalid_outcome_name[DataTypeCombinations.AsNone]" time="0.002" /><testcase classname="tests.test_data_interface.test_public_data_interface.TestErrorScenariosPublicDataInterface" name="test_invalid_outcome_name[DataTypeCombinations.Omitted]" time="0.002" /><testcase classname="tests.test_data_interface.test_public_data_interface.TestErrorScenariosPublicDataInterface" name="test_not_found_outcome_name" time="0.002" /><testcase classname="tests.test_data_interface.test_public_data_interface.TestErrorScenariosPublicDataInterface" name="test_unseen_continuous_feature_names" time="0.002" /><testcase classname="tests.test_data_interface.test_public_data_interface.TestErrorScenariosPublicDataInterface" name="test_unseen_permitted_range" time="0.003" /><testcase classname="tests.test_data_interface.test_public_data_interface.TestErrorScenariosPublicDataInterface" name="test_min_max_equal" time="0.003" /><testcase classname="tests.test_data_interface.test_public_data_interface.TestErrorScenariosPublicDataInterface" name="test_unseen_continuous_features_precision" time="0.002" /><testcase classname="tests.test_data_interface.test_public_data_interface.TestChecksPublicDataInterface" name="test_check_features_to_vary[all]" time="0.003" /><testcase classname="tests.test_data_interface.test_public_data_interface.TestChecksPublicDataInterface" name="test_check_features_to_vary[None]" time="0.003" /><testcase classname="tests.test_data_interface.test_public_data_interface.TestChecksPublicDataInterface" name="test_check_features_to_vary[features_to_vary2]" time="0.003" /><testcase classname="tests.test_data_interface.test_public_data_interface.TestChecksPublicDataInterface" name="test_check_permitted_range_with_unknown_feature[None]" time="0.003" /><testcase classname="tests.test_data_interface.test_public_data_interface.TestChecksPublicDataInterface" name="test_check_permitted_range_with_unknown_feature[permitted_range1]" time="0.003" /><testcase classname="tests.test_data_interface.test_public_data_interface.TestChecksPublicDataInterface" name="test_check_permitted_range_with_unknown_categorical_value" time="0.004" /><testcase classname="tests.test_data_interface.test_public_data_interface.TestUserDataCorruption" name="test_user_data_corruption" time="7.100" /><testcase classname="tests.test_dice_interface.test_dice_KD.TestDiceKDBinaryClassificationMethods" name="test_invalid_query_instance[None-0-4-features_to_vary0-permitted_range0]" time="0.024" /><testcase classname="tests.test_dice_interface.test_dice_KD.TestDiceKDBinaryClassificationMethods" name="test_KD_tree_output[linear-0-1]" time="0.049" /><testcase classname="tests.test_dice_interface.test_dice_KD.TestDiceKDBinaryClassificationMethods" name="test_KD_tree_output[binary-0-1]" time="0.050" /><testcase classname="tests.test_dice_interface.test_dice_KD.TestDiceKDBinaryClassificationMethods" name="test_KD_tree_output[None-0-1]" time="0.049" /><testcase classname="tests.test_dice_interface.test_dice_KD.TestDiceKDBinaryClassificationMethods" name="test_KD_tree_counterfactual_explanations_output[0-1]" time="0.049" /><testcase classname="tests.test_dice_interface.test_dice_KD.TestDiceKDBinaryClassificationMethods" name="test_features_to_vary[0-1-features_to_vary0]" time="0.049" /><testcase classname="tests.test_dice_interface.test_dice_KD.TestDiceKDBinaryClassificationMethods" name="test_permitted_range[0-1-permitted_range0]" time="0.049" /><testcase classname="tests.test_dice_interface.test_dice_KD.TestDiceKDBinaryClassificationMethods" name="test_permitted_range_categorical[0-4-permitted_range0]" time="0.061" /><testcase classname="tests.test_dice_interface.test_dice_KD.TestDiceKDBinaryClassificationMethods" name="test_duplicates[0-2]" time="0.061" /><testcase classname="tests.test_dice_interface.test_dice_KD.TestDiceKDBinaryClassificationMethods" name="test_index[linear-0-1]" time="0.049" /><testcase classname="tests.test_dice_interface.test_dice_KD.TestDiceKDBinaryClassificationMethods" name="test_index[binary-0-1]" time="0.061" /><testcase classname="tests.test_dice_interface.test_dice_KD.TestDiceKDBinaryClassificationMethods" name="test_index[None-0-1]" time="0.048" /><testcase classname="tests.test_dice_interface.test_dice_KD.TestDiceKDMultiClassificationMethods" name="test_KD_tree_output[linear-2-3]" time="0.067" /><testcase classname="tests.test_dice_interface.test_dice_KD.TestDiceKDMultiClassificationMethods" name="test_KD_tree_output[binary-2-3]" time="0.060" /><testcase classname="tests.test_dice_interface.test_dice_KD.TestDiceKDMultiClassificationMethods" name="test_KD_tree_output[None-2-3]" time="0.060" /><testcase classname="tests.test_dice_interface.test_dice_KD.TestDiceKDRegressionMethods" name="test_KD_tree_output[linear-2.0-desired_range0-6]" time="0.071" /><testcase classname="tests.test_dice_interface.test_dice_KD.TestDiceKDRegressionMethods" name="test_KD_tree_output[linear-1.0-desired_range0-6]" time="0.072" /><testcase classname="tests.test_dice_interface.test_dice_KD.TestDiceKDRegressionMethods" name="test_KD_tree_output[binary-2.0-desired_range0-6]" time="0.069" /><testcase classname="tests.test_dice_interface.test_dice_KD.TestDiceKDRegressionMethods" name="test_KD_tree_output[binary-1.0-desired_range0-6]" time="0.078" /><testcase classname="tests.test_dice_interface.test_dice_KD.TestDiceKDRegressionMethods" name="test_KD_tree_output[None-2.0-desired_range0-6]" time="0.073" /><testcase classname="tests.test_dice_interface.test_dice_KD.TestDiceKDRegressionMethods" name="test_KD_tree_output[None-1.0-desired_range0-6]" time="0.077" /><testcase classname="tests.test_dice_interface.test_dice_KD.TestDiceKDRegressionMethods" name="test_KD_tree_counterfactual_explanations_output[desired_range0-6]" time="0.074" /><testcase classname="tests.test_dice_interface.test_dice_KD.TestDiceKDRegressionMethods" name="test_zero_cfs[0-desired_range0-0]" time="0.024" /><testcase classname="tests.test_dice_interface.test_dice_KD.TestDiceKDBinaryVarsClassificationMethods" name="test_invalid_query_instance[None-0-4-features_to_vary0-permitted_range0]" time="0.025" /><testcase classname="tests.test_dice_interface.test_dice_KD.TestDiceKDBinaryVarsClassificationMethods" name="test_KD_tree_output[linear-0-1]" time="0.054" /><testcase classname="tests.test_dice_interface.test_dice_KD.TestDiceKDBinaryVarsClassificationMethods" name="test_KD_tree_output[binary-0-1]" time="0.054" /><testcase classname="tests.test_dice_interface.test_dice_KD.TestDiceKDBinaryVarsClassificationMethods" name="test_KD_tree_output[None-0-1]" time="0.054" /><testcase classname="tests.test_dice_interface.test_dice_KD.TestDiceKDBinaryVarsClassificationMethods" name="test_KD_tree_counterfactual_explanations_output[0-1]" time="0.053" /><testcase classname="tests.test_dice_interface.test_dice_genetic.TestDiceGeneticBinaryClassificationMethods" name="test_no_cfs[sklearn-7-3]" time="0.020" /><testcase classname="tests.test_dice_interface.test_dice_genetic.TestDiceGeneticBinaryClassificationMethods" name="test_invalid_query_instance[sklearn-features_to_vary0-permitted_range0-inverse_mad]" time="0.001" /><testcase classname="tests.test_dice_interface.test_dice_genetic.TestDiceGeneticBinaryClassificationMethods" name="test_features_to_vary[sklearn-1-2-features_to_vary0-kdtree]" time="0.286" /><testcase classname="tests.test_dice_interface.test_dice_genetic.TestDiceGeneticBinaryClassificationMethods" name="test_features_to_vary[sklearn-1-2-features_to_vary1-random]" time="0.405" /><testcase classname="tests.test_dice_interface.test_dice_genetic.TestDiceGeneticBinaryClassificationMethods" name="test_permitted_range[sklearn-1-2-all-permitted_range0-kdtree]" time="0.235" /><testcase classname="tests.test_dice_interface.test_dice_genetic.TestDiceGeneticBinaryClassificationMethods" name="test_permitted_range[sklearn-1-2-all-permitted_range1-random]" time="0.273" /><testcase classname="tests.test_dice_interface.test_dice_genetic.TestDiceGeneticBinaryClassificationMethods" name="test_permitted_range_categorical[sklearn-1-2-all-permitted_range0-kdtree]" time="0.651" /><testcase classname="tests.test_dice_interface.test_dice_genetic.TestDiceGeneticBinaryClassificationMethods" name="test_permitted_range_categorical[sklearn-1-2-all-permitted_range1-random]" time="0.665" /><testcase classname="tests.test_dice_interface.test_dice_genetic.TestDiceGeneticBinaryClassificationMethods" name="test_query_instance_with_target_column[sklearn]" time="0.002" /><testcase classname="tests.test_dice_interface.test_dice_genetic.TestDiceGeneticBinaryClassificationMethods" name="test_maxiter[sklearn-0-7-kdtree-0]" time="0.587" /><testcase classname="tests.test_dice_interface.test_dice_genetic.TestDiceGeneticBinaryClassificationMethods" name="test_maxiter[sklearn-0-7-random-0]" time="0.765" /><testcase classname="tests.test_dice_interface.test_dice_genetic.TestDiceGeneticBinaryClassificationMethods" name="test_predict_custom[sklearn-2]" time="0.003" /><testcase classname="tests.test_dice_interface.test_dice_genetic.TestDiceGeneticMultiClassificationMethods" name="test_maxiter[sklearn-2-7-kdtree-0]" time="1.595" /><testcase classname="tests.test_dice_interface.test_dice_genetic.TestDiceGeneticMultiClassificationMethods" name="test_maxiter[sklearn-2-7-random-0]" time="1.360" /><testcase classname="tests.test_dice_interface.test_dice_genetic.TestDiceGeneticMultiClassificationMethods" name="test_predict_custom[sklearn-2]" time="0.003" /><testcase classname="tests.test_dice_interface.test_dice_genetic.TestDiceGeneticRegressionMethods" name="test_desired_range[sklearn-desired_range0-2-kdtree]" time="0.164" /><testcase classname="tests.test_dice_interface.test_dice_genetic.TestDiceGeneticRegressionMethods" name="test_desired_range[sklearn-desired_range1-2-random]" time="0.180" /><testcase classname="tests.test_dice_interface.test_dice_genetic.TestDiceGeneticRegressionMethods" name="test_maxiter[sklearn-desired_range0-7-kdtree-0]" time="0.382" /><testcase classname="tests.test_dice_interface.test_dice_genetic.TestDiceGeneticRegressionMethods" name="test_maxiter[sklearn-desired_range1-7-random-0]" time="0.394" /><testcase classname="tests.test_dice_interface.test_dice_genetic.TestDiceGeneticRegressionMethods" name="test_desired_range[PYT-desired_range0-2-kdtree]" time="0.012"><failure message="TypeError: can't convert np.ndarray of type numpy.object_. The only supported types are: float64, float32, float16, complex64, complex128, int64, int32, int16, int8, uint8, and bool.">Traceback (most recent call last):
  File "/workdir/dice-ml-0.9/.tox/cpythonlibtest-unit-test-tests/lib/python3.10/site-packages/_pytest/runner.py", line 341, in from_call
    result: Optional[TResult] = func()
  File "/workdir/dice-ml-0.9/.tox/cpythonlibtest-unit-test-tests/lib/python3.10/site-packages/_pytest/runner.py", line 262, in &lt;lambda&gt;
    lambda: ihook(item=item, **kwds), when=when, reraise=reraise
  File "/workdir/dice-ml-0.9/.tox/cpythonlibtest-unit-test-tests/lib/python3.10/site-packages/pluggy/_hooks.py", line 493, in __call__
    return self._hookexec(self.name, self._hookimpls, kwargs, firstresult)
  File "/workdir/dice-ml-0.9/.tox/cpythonlibtest-unit-test-tests/lib/python3.10/site-packages/pluggy/_manager.py", line 115, in _hookexec
    return self._inner_hookexec(hook_name, methods, kwargs, firstresult)
  File "/workdir/dice-ml-0.9/.tox/cpythonlibtest-unit-test-tests/lib/python3.10/site-packages/pluggy/_callers.py", line 152, in _multicall
    return outcome.get_result()
  File "/workdir/dice-ml-0.9/.tox/cpythonlibtest-unit-test-tests/lib/python3.10/site-packages/pluggy/_result.py", line 114, in get_result
    raise exc.with_traceback(exc.__traceback__)
  File "/workdir/dice-ml-0.9/.tox/cpythonlibtest-unit-test-tests/lib/python3.10/site-packages/pluggy/_callers.py", line 77, in _multicall
    res = hook_impl.function(*args)
  File "/workdir/dice-ml-0.9/.tox/cpythonlibtest-unit-test-tests/lib/python3.10/site-packages/_pytest/runner.py", line 177, in pytest_runtest_call
    raise e
  File "/workdir/dice-ml-0.9/.tox/cpythonlibtest-unit-test-tests/lib/python3.10/site-packages/_pytest/runner.py", line 169, in pytest_runtest_call
    item.runtest()
  File "/workdir/dice-ml-0.9/.tox/cpythonlibtest-unit-test-tests/lib/python3.10/site-packages/_pytest/python.py", line 1792, in runtest
    self.ihook.pytest_pyfunc_call(pyfuncitem=self)
  File "/workdir/dice-ml-0.9/.tox/cpythonlibtest-unit-test-tests/lib/python3.10/site-packages/pluggy/_hooks.py", line 493, in __call__
    return self._hookexec(self.name, self._hookimpls, kwargs, firstresult)
  File "/workdir/dice-ml-0.9/.tox/cpythonlibtest-unit-test-tests/lib/python3.10/site-packages/pluggy/_manager.py", line 115, in _hookexec
    return self._inner_hookexec(hook_name, methods, kwargs, firstresult)
  File "/workdir/dice-ml-0.9/.tox/cpythonlibtest-unit-test-tests/lib/python3.10/site-packages/pluggy/_callers.py", line 113, in _multicall
    raise exception.with_traceback(exception.__traceback__)
  File "/workdir/dice-ml-0.9/.tox/cpythonlibtest-unit-test-tests/lib/python3.10/site-packages/pluggy/_callers.py", line 77, in _multicall
    res = hook_impl.function(*args)
  File "/workdir/dice-ml-0.9/.tox/cpythonlibtest-unit-test-tests/lib/python3.10/site-packages/_pytest/python.py", line 194, in pytest_pyfunc_call
    result = testfunction(**testargs)
  File "/workdir/dice-ml-0.9/tests/test_dice_interface/test_dice_genetic.py", line 191, in test_desired_range
    ans = self.exp.generate_counterfactuals(query_instances=sample_custom_query_2,
  File "/workdir/dice-ml-0.9/dice_ml/explainer_interfaces/explainer_base.py", line 161, in generate_counterfactuals
    res = self._generate_counterfactuals(
  File "/workdir/dice-ml-0.9/dice_ml/explainer_interfaces/dice_genetic.py", line 277, in _generate_counterfactuals
    test_pred = self.predict_fn(query_instance)
  File "/workdir/dice-ml-0.9/dice_ml/explainer_interfaces/dice_genetic.py", line 317, in predict_fn
    preds = self.model.get_output(input_instance, model_score=False)
  File "/workdir/dice-ml-0.9/dice_ml/model_interfaces/pytorch_model.py", line 40, in get_output
    input_tensor = torch.tensor(self.transformer.transform(input_instance).to_numpy()).float()
TypeError: can't convert np.ndarray of type numpy.object_. The only supported types are: float64, float32, float16, complex64, complex128, int64, int32, int16, int8, uint8, and bool.</failure></testcase><testcase classname="tests.test_dice_interface.test_dice_genetic.TestDiceGeneticRegressionMethods" name="test_desired_range[PYT-desired_range1-2-random]" time="0.008"><failure message="TypeError: can't convert np.ndarray of type numpy.object_. The only supported types are: float64, float32, float16, complex64, complex128, int64, int32, int16, int8, uint8, and bool.">Traceback (most recent call last):
  File "/workdir/dice-ml-0.9/.tox/cpythonlibtest-unit-test-tests/lib/python3.10/site-packages/_pytest/runner.py", line 341, in from_call
    result: Optional[TResult] = func()
  File "/workdir/dice-ml-0.9/.tox/cpythonlibtest-unit-test-tests/lib/python3.10/site-packages/_pytest/runner.py", line 262, in &lt;lambda&gt;
    lambda: ihook(item=item, **kwds), when=when, reraise=reraise
  File "/workdir/dice-ml-0.9/.tox/cpythonlibtest-unit-test-tests/lib/python3.10/site-packages/pluggy/_hooks.py", line 493, in __call__
    return self._hookexec(self.name, self._hookimpls, kwargs, firstresult)
  File "/workdir/dice-ml-0.9/.tox/cpythonlibtest-unit-test-tests/lib/python3.10/site-packages/pluggy/_manager.py", line 115, in _hookexec
    return self._inner_hookexec(hook_name, methods, kwargs, firstresult)
  File "/workdir/dice-ml-0.9/.tox/cpythonlibtest-unit-test-tests/lib/python3.10/site-packages/pluggy/_callers.py", line 152, in _multicall
    return outcome.get_result()
  File "/workdir/dice-ml-0.9/.tox/cpythonlibtest-unit-test-tests/lib/python3.10/site-packages/pluggy/_result.py", line 114, in get_result
    raise exc.with_traceback(exc.__traceback__)
  File "/workdir/dice-ml-0.9/.tox/cpythonlibtest-unit-test-tests/lib/python3.10/site-packages/pluggy/_callers.py", line 77, in _multicall
    res = hook_impl.function(*args)
  File "/workdir/dice-ml-0.9/.tox/cpythonlibtest-unit-test-tests/lib/python3.10/site-packages/_pytest/runner.py", line 177, in pytest_runtest_call
    raise e
  File "/workdir/dice-ml-0.9/.tox/cpythonlibtest-unit-test-tests/lib/python3.10/site-packages/_pytest/runner.py", line 169, in pytest_runtest_call
    item.runtest()
  File "/workdir/dice-ml-0.9/.tox/cpythonlibtest-unit-test-tests/lib/python3.10/site-packages/_pytest/python.py", line 1792, in runtest
    self.ihook.pytest_pyfunc_call(pyfuncitem=self)
  File "/workdir/dice-ml-0.9/.tox/cpythonlibtest-unit-test-tests/lib/python3.10/site-packages/pluggy/_hooks.py", line 493, in __call__
    return self._hookexec(self.name, self._hookimpls, kwargs, firstresult)
  File "/workdir/dice-ml-0.9/.tox/cpythonlibtest-unit-test-tests/lib/python3.10/site-packages/pluggy/_manager.py", line 115, in _hookexec
    return self._inner_hookexec(hook_name, methods, kwargs, firstresult)
  File "/workdir/dice-ml-0.9/.tox/cpythonlibtest-unit-test-tests/lib/python3.10/site-packages/pluggy/_callers.py", line 113, in _multicall
    raise exception.with_traceback(exception.__traceback__)
  File "/workdir/dice-ml-0.9/.tox/cpythonlibtest-unit-test-tests/lib/python3.10/site-packages/pluggy/_callers.py", line 77, in _multicall
    res = hook_impl.function(*args)
  File "/workdir/dice-ml-0.9/.tox/cpythonlibtest-unit-test-tests/lib/python3.10/site-packages/_pytest/python.py", line 194, in pytest_pyfunc_call
    result = testfunction(**testargs)
  File "/workdir/dice-ml-0.9/tests/test_dice_interface/test_dice_genetic.py", line 191, in test_desired_range
    ans = self.exp.generate_counterfactuals(query_instances=sample_custom_query_2,
  File "/workdir/dice-ml-0.9/dice_ml/explainer_interfaces/explainer_base.py", line 161, in generate_counterfactuals
    res = self._generate_counterfactuals(
  File "/workdir/dice-ml-0.9/dice_ml/explainer_interfaces/dice_genetic.py", line 277, in _generate_counterfactuals
    test_pred = self.predict_fn(query_instance)
  File "/workdir/dice-ml-0.9/dice_ml/explainer_interfaces/dice_genetic.py", line 317, in predict_fn
    preds = self.model.get_output(input_instance, model_score=False)
  File "/workdir/dice-ml-0.9/dice_ml/model_interfaces/pytorch_model.py", line 40, in get_output
    input_tensor = torch.tensor(self.transformer.transform(input_instance).to_numpy()).float()
TypeError: can't convert np.ndarray of type numpy.object_. The only supported types are: float64, float32, float16, complex64, complex128, int64, int32, int16, int8, uint8, and bool.</failure></testcase><testcase classname="tests.test_dice_interface.test_dice_genetic.TestDiceGeneticRegressionMethods" name="test_maxiter[PYT-desired_range0-7-kdtree-0]" time="0.008"><failure message="TypeError: can't convert np.ndarray of type numpy.object_. The only supported types are: float64, float32, float16, complex64, complex128, int64, int32, int16, int8, uint8, and bool.">Traceback (most recent call last):
  File "/workdir/dice-ml-0.9/.tox/cpythonlibtest-unit-test-tests/lib/python3.10/site-packages/_pytest/runner.py", line 341, in from_call
    result: Optional[TResult] = func()
  File "/workdir/dice-ml-0.9/.tox/cpythonlibtest-unit-test-tests/lib/python3.10/site-packages/_pytest/runner.py", line 262, in &lt;lambda&gt;
    lambda: ihook(item=item, **kwds), when=when, reraise=reraise
  File "/workdir/dice-ml-0.9/.tox/cpythonlibtest-unit-test-tests/lib/python3.10/site-packages/pluggy/_hooks.py", line 493, in __call__
    return self._hookexec(self.name, self._hookimpls, kwargs, firstresult)
  File "/workdir/dice-ml-0.9/.tox/cpythonlibtest-unit-test-tests/lib/python3.10/site-packages/pluggy/_manager.py", line 115, in _hookexec
    return self._inner_hookexec(hook_name, methods, kwargs, firstresult)
  File "/workdir/dice-ml-0.9/.tox/cpythonlibtest-unit-test-tests/lib/python3.10/site-packages/pluggy/_callers.py", line 152, in _multicall
    return outcome.get_result()
  File "/workdir/dice-ml-0.9/.tox/cpythonlibtest-unit-test-tests/lib/python3.10/site-packages/pluggy/_result.py", line 114, in get_result
    raise exc.with_traceback(exc.__traceback__)
  File "/workdir/dice-ml-0.9/.tox/cpythonlibtest-unit-test-tests/lib/python3.10/site-packages/pluggy/_callers.py", line 77, in _multicall
    res = hook_impl.function(*args)
  File "/workdir/dice-ml-0.9/.tox/cpythonlibtest-unit-test-tests/lib/python3.10/site-packages/_pytest/runner.py", line 177, in pytest_runtest_call
    raise e
  File "/workdir/dice-ml-0.9/.tox/cpythonlibtest-unit-test-tests/lib/python3.10/site-packages/_pytest/runner.py", line 169, in pytest_runtest_call
    item.runtest()
  File "/workdir/dice-ml-0.9/.tox/cpythonlibtest-unit-test-tests/lib/python3.10/site-packages/_pytest/python.py", line 1792, in runtest
    self.ihook.pytest_pyfunc_call(pyfuncitem=self)
  File "/workdir/dice-ml-0.9/.tox/cpythonlibtest-unit-test-tests/lib/python3.10/site-packages/pluggy/_hooks.py", line 493, in __call__
    return self._hookexec(self.name, self._hookimpls, kwargs, firstresult)
  File "/workdir/dice-ml-0.9/.tox/cpythonlibtest-unit-test-tests/lib/python3.10/site-packages/pluggy/_manager.py", line 115, in _hookexec
    return self._inner_hookexec(hook_name, methods, kwargs, firstresult)
  File "/workdir/dice-ml-0.9/.tox/cpythonlibtest-unit-test-tests/lib/python3.10/site-packages/pluggy/_callers.py", line 113, in _multicall
    raise exception.with_traceback(exception.__traceback__)
  File "/workdir/dice-ml-0.9/.tox/cpythonlibtest-unit-test-tests/lib/python3.10/site-packages/pluggy/_callers.py", line 77, in _multicall
    res = hook_impl.function(*args)
  File "/workdir/dice-ml-0.9/.tox/cpythonlibtest-unit-test-tests/lib/python3.10/site-packages/_pytest/python.py", line 194, in pytest_pyfunc_call
    result = testfunction(**testargs)
  File "/workdir/dice-ml-0.9/tests/test_dice_interface/test_dice_genetic.py", line 205, in test_maxiter
    ans = self.exp.generate_counterfactuals(query_instances=sample_custom_query_2,
  File "/workdir/dice-ml-0.9/dice_ml/explainer_interfaces/explainer_base.py", line 161, in generate_counterfactuals
    res = self._generate_counterfactuals(
  File "/workdir/dice-ml-0.9/dice_ml/explainer_interfaces/dice_genetic.py", line 277, in _generate_counterfactuals
    test_pred = self.predict_fn(query_instance)
  File "/workdir/dice-ml-0.9/dice_ml/explainer_interfaces/dice_genetic.py", line 317, in predict_fn
    preds = self.model.get_output(input_instance, model_score=False)
  File "/workdir/dice-ml-0.9/dice_ml/model_interfaces/pytorch_model.py", line 40, in get_output
    input_tensor = torch.tensor(self.transformer.transform(input_instance).to_numpy()).float()
TypeError: can't convert np.ndarray of type numpy.object_. The only supported types are: float64, float32, float16, complex64, complex128, int64, int32, int16, int8, uint8, and bool.</failure></testcase><testcase classname="tests.test_dice_interface.test_dice_genetic.TestDiceGeneticRegressionMethods" name="test_maxiter[PYT-desired_range1-7-random-0]" time="0.008"><failure message="TypeError: can't convert np.ndarray of type numpy.object_. The only supported types are: float64, float32, float16, complex64, complex128, int64, int32, int16, int8, uint8, and bool.">Traceback (most recent call last):
  File "/workdir/dice-ml-0.9/.tox/cpythonlibtest-unit-test-tests/lib/python3.10/site-packages/_pytest/runner.py", line 341, in from_call
    result: Optional[TResult] = func()
  File "/workdir/dice-ml-0.9/.tox/cpythonlibtest-unit-test-tests/lib/python3.10/site-packages/_pytest/runner.py", line 262, in &lt;lambda&gt;
    lambda: ihook(item=item, **kwds), when=when, reraise=reraise
  File "/workdir/dice-ml-0.9/.tox/cpythonlibtest-unit-test-tests/lib/python3.10/site-packages/pluggy/_hooks.py", line 493, in __call__
    return self._hookexec(self.name, self._hookimpls, kwargs, firstresult)
  File "/workdir/dice-ml-0.9/.tox/cpythonlibtest-unit-test-tests/lib/python3.10/site-packages/pluggy/_manager.py", line 115, in _hookexec
    return self._inner_hookexec(hook_name, methods, kwargs, firstresult)
  File "/workdir/dice-ml-0.9/.tox/cpythonlibtest-unit-test-tests/lib/python3.10/site-packages/pluggy/_callers.py", line 152, in _multicall
    return outcome.get_result()
  File "/workdir/dice-ml-0.9/.tox/cpythonlibtest-unit-test-tests/lib/python3.10/site-packages/pluggy/_result.py", line 114, in get_result
    raise exc.with_traceback(exc.__traceback__)
  File "/workdir/dice-ml-0.9/.tox/cpythonlibtest-unit-test-tests/lib/python3.10/site-packages/pluggy/_callers.py", line 77, in _multicall
    res = hook_impl.function(*args)
  File "/workdir/dice-ml-0.9/.tox/cpythonlibtest-unit-test-tests/lib/python3.10/site-packages/_pytest/runner.py", line 177, in pytest_runtest_call
    raise e
  File "/workdir/dice-ml-0.9/.tox/cpythonlibtest-unit-test-tests/lib/python3.10/site-packages/_pytest/runner.py", line 169, in pytest_runtest_call
    item.runtest()
  File "/workdir/dice-ml-0.9/.tox/cpythonlibtest-unit-test-tests/lib/python3.10/site-packages/_pytest/python.py", line 1792, in runtest
    self.ihook.pytest_pyfunc_call(pyfuncitem=self)
  File "/workdir/dice-ml-0.9/.tox/cpythonlibtest-unit-test-tests/lib/python3.10/site-packages/pluggy/_hooks.py", line 493, in __call__
    return self._hookexec(self.name, self._hookimpls, kwargs, firstresult)
  File "/workdir/dice-ml-0.9/.tox/cpythonlibtest-unit-test-tests/lib/python3.10/site-packages/pluggy/_manager.py", line 115, in _hookexec
    return self._inner_hookexec(hook_name, methods, kwargs, firstresult)
  File "/workdir/dice-ml-0.9/.tox/cpythonlibtest-unit-test-tests/lib/python3.10/site-packages/pluggy/_callers.py", line 113, in _multicall
    raise exception.with_traceback(exception.__traceback__)
  File "/workdir/dice-ml-0.9/.tox/cpythonlibtest-unit-test-tests/lib/python3.10/site-packages/pluggy/_callers.py", line 77, in _multicall
    res = hook_impl.function(*args)
  File "/workdir/dice-ml-0.9/.tox/cpythonlibtest-unit-test-tests/lib/python3.10/site-packages/_pytest/python.py", line 194, in pytest_pyfunc_call
    result = testfunction(**testargs)
  File "/workdir/dice-ml-0.9/tests/test_dice_interface/test_dice_genetic.py", line 205, in test_maxiter
    ans = self.exp.generate_counterfactuals(query_instances=sample_custom_query_2,
  File "/workdir/dice-ml-0.9/dice_ml/explainer_interfaces/explainer_base.py", line 161, in generate_counterfactuals
    res = self._generate_counterfactuals(
  File "/workdir/dice-ml-0.9/dice_ml/explainer_interfaces/dice_genetic.py", line 277, in _generate_counterfactuals
    test_pred = self.predict_fn(query_instance)
  File "/workdir/dice-ml-0.9/dice_ml/explainer_interfaces/dice_genetic.py", line 317, in predict_fn
    preds = self.model.get_output(input_instance, model_score=False)
  File "/workdir/dice-ml-0.9/dice_ml/model_interfaces/pytorch_model.py", line 40, in get_output
    input_tensor = torch.tensor(self.transformer.transform(input_instance).to_numpy()).float()
TypeError: can't convert np.ndarray of type numpy.object_. The only supported types are: float64, float32, float16, complex64, complex128, int64, int32, int16, int8, uint8, and bool.</failure></testcase><testcase classname="tests.test_dice_interface.test_dice_pytorch.TestDiceTorchMethods" name="test_yloss[hinge_loss-10.8443]" time="5.062" /><testcase classname="tests.test_dice_interface.test_dice_pytorch.TestDiceTorchMethods" name="test_yloss[l2_loss-0.9999]" time="6.151" /><testcase classname="tests.test_dice_interface.test_dice_pytorch.TestDiceTorchMethods" name="test_yloss[log_loss-9.8443]" time="5.008" /><testcase classname="tests.test_dice_interface.test_dice_pytorch.TestDiceTorchMethods" name="test_proximity_loss" time="6.092"><failure message="TypeError: can't convert np.ndarray of type numpy.object_. The only supported types are: float64, float32, float16, complex64, complex128, int64, int32, int16, int8, uint8, and bool.">Traceback (most recent call last):
  File "/workdir/dice-ml-0.9/.tox/cpythonlibtest-unit-test-tests/lib/python3.10/site-packages/_pytest/runner.py", line 341, in from_call
    result: Optional[TResult] = func()
  File "/workdir/dice-ml-0.9/.tox/cpythonlibtest-unit-test-tests/lib/python3.10/site-packages/_pytest/runner.py", line 262, in &lt;lambda&gt;
    lambda: ihook(item=item, **kwds), when=when, reraise=reraise
  File "/workdir/dice-ml-0.9/.tox/cpythonlibtest-unit-test-tests/lib/python3.10/site-packages/pluggy/_hooks.py", line 493, in __call__
    return self._hookexec(self.name, self._hookimpls, kwargs, firstresult)
  File "/workdir/dice-ml-0.9/.tox/cpythonlibtest-unit-test-tests/lib/python3.10/site-packages/pluggy/_manager.py", line 115, in _hookexec
    return self._inner_hookexec(hook_name, methods, kwargs, firstresult)
  File "/workdir/dice-ml-0.9/.tox/cpythonlibtest-unit-test-tests/lib/python3.10/site-packages/pluggy/_callers.py", line 152, in _multicall
    return outcome.get_result()
  File "/workdir/dice-ml-0.9/.tox/cpythonlibtest-unit-test-tests/lib/python3.10/site-packages/pluggy/_result.py", line 114, in get_result
    raise exc.with_traceback(exc.__traceback__)
  File "/workdir/dice-ml-0.9/.tox/cpythonlibtest-unit-test-tests/lib/python3.10/site-packages/pluggy/_callers.py", line 77, in _multicall
    res = hook_impl.function(*args)
  File "/workdir/dice-ml-0.9/.tox/cpythonlibtest-unit-test-tests/lib/python3.10/site-packages/_pytest/runner.py", line 177, in pytest_runtest_call
    raise e
  File "/workdir/dice-ml-0.9/.tox/cpythonlibtest-unit-test-tests/lib/python3.10/site-packages/_pytest/runner.py", line 169, in pytest_runtest_call
    item.runtest()
  File "/workdir/dice-ml-0.9/.tox/cpythonlibtest-unit-test-tests/lib/python3.10/site-packages/_pytest/python.py", line 1792, in runtest
    self.ihook.pytest_pyfunc_call(pyfuncitem=self)
  File "/workdir/dice-ml-0.9/.tox/cpythonlibtest-unit-test-tests/lib/python3.10/site-packages/pluggy/_hooks.py", line 493, in __call__
    return self._hookexec(self.name, self._hookimpls, kwargs, firstresult)
  File "/workdir/dice-ml-0.9/.tox/cpythonlibtest-unit-test-tests/lib/python3.10/site-packages/pluggy/_manager.py", line 115, in _hookexec
    return self._inner_hookexec(hook_name, methods, kwargs, firstresult)
  File "/workdir/dice-ml-0.9/.tox/cpythonlibtest-unit-test-tests/lib/python3.10/site-packages/pluggy/_callers.py", line 113, in _multicall
    raise exception.with_traceback(exception.__traceback__)
  File "/workdir/dice-ml-0.9/.tox/cpythonlibtest-unit-test-tests/lib/python3.10/site-packages/pluggy/_callers.py", line 77, in _multicall
    res = hook_impl.function(*args)
  File "/workdir/dice-ml-0.9/.tox/cpythonlibtest-unit-test-tests/lib/python3.10/site-packages/_pytest/python.py", line 194, in pytest_pyfunc_call
    result = testfunction(**testargs)
  File "/workdir/dice-ml-0.9/tests/test_dice_interface/test_dice_pytorch.py", line 50, in test_proximity_loss
    self.exp.x1 = torch.tensor(self.query_instance)
TypeError: can't convert np.ndarray of type numpy.object_. The only supported types are: float64, float32, float16, complex64, complex128, int64, int32, int16, int8, uint8, and bool.</failure></testcase><testcase classname="tests.test_dice_interface.test_dice_pytorch.TestDiceTorchMethods" name="test_diversity_loss[dpp_style:inverse_dist-0.0104]" time="5.213" /><testcase classname="tests.test_dice_interface.test_dice_pytorch.TestDiceTorchMethods" name="test_diversity_loss[avg_dist-0.1743]" time="5.027" /><testcase classname="tests.test_dice_interface.test_dice_pytorch.TestDiceTorchMethods" name="test_regularization_loss" time="6.156" /><testcase classname="tests.test_dice_interface.test_dice_pytorch.TestDiceTorchMethods" name="test_final_cfs_and_preds" time="6.173"><failure message="TypeError: can't convert np.ndarray of type numpy.object_. The only supported types are: float64, float32, float16, complex64, complex128, int64, int32, int16, int8, uint8, and bool.">Traceback (most recent call last):
  File "/workdir/dice-ml-0.9/.tox/cpythonlibtest-unit-test-tests/lib/python3.10/site-packages/_pytest/runner.py", line 341, in from_call
    result: Optional[TResult] = func()
  File "/workdir/dice-ml-0.9/.tox/cpythonlibtest-unit-test-tests/lib/python3.10/site-packages/_pytest/runner.py", line 262, in &lt;lambda&gt;
    lambda: ihook(item=item, **kwds), when=when, reraise=reraise
  File "/workdir/dice-ml-0.9/.tox/cpythonlibtest-unit-test-tests/lib/python3.10/site-packages/pluggy/_hooks.py", line 493, in __call__
    return self._hookexec(self.name, self._hookimpls, kwargs, firstresult)
  File "/workdir/dice-ml-0.9/.tox/cpythonlibtest-unit-test-tests/lib/python3.10/site-packages/pluggy/_manager.py", line 115, in _hookexec
    return self._inner_hookexec(hook_name, methods, kwargs, firstresult)
  File "/workdir/dice-ml-0.9/.tox/cpythonlibtest-unit-test-tests/lib/python3.10/site-packages/pluggy/_callers.py", line 152, in _multicall
    return outcome.get_result()
  File "/workdir/dice-ml-0.9/.tox/cpythonlibtest-unit-test-tests/lib/python3.10/site-packages/pluggy/_result.py", line 114, in get_result
    raise exc.with_traceback(exc.__traceback__)
  File "/workdir/dice-ml-0.9/.tox/cpythonlibtest-unit-test-tests/lib/python3.10/site-packages/pluggy/_callers.py", line 77, in _multicall
    res = hook_impl.function(*args)
  File "/workdir/dice-ml-0.9/.tox/cpythonlibtest-unit-test-tests/lib/python3.10/site-packages/_pytest/runner.py", line 177, in pytest_runtest_call
    raise e
  File "/workdir/dice-ml-0.9/.tox/cpythonlibtest-unit-test-tests/lib/python3.10/site-packages/_pytest/runner.py", line 169, in pytest_runtest_call
    item.runtest()
  File "/workdir/dice-ml-0.9/.tox/cpythonlibtest-unit-test-tests/lib/python3.10/site-packages/_pytest/python.py", line 1792, in runtest
    self.ihook.pytest_pyfunc_call(pyfuncitem=self)
  File "/workdir/dice-ml-0.9/.tox/cpythonlibtest-unit-test-tests/lib/python3.10/site-packages/pluggy/_hooks.py", line 493, in __call__
    return self._hookexec(self.name, self._hookimpls, kwargs, firstresult)
  File "/workdir/dice-ml-0.9/.tox/cpythonlibtest-unit-test-tests/lib/python3.10/site-packages/pluggy/_manager.py", line 115, in _hookexec
    return self._inner_hookexec(hook_name, methods, kwargs, firstresult)
  File "/workdir/dice-ml-0.9/.tox/cpythonlibtest-unit-test-tests/lib/python3.10/site-packages/pluggy/_callers.py", line 113, in _multicall
    raise exception.with_traceback(exception.__traceback__)
  File "/workdir/dice-ml-0.9/.tox/cpythonlibtest-unit-test-tests/lib/python3.10/site-packages/pluggy/_callers.py", line 77, in _multicall
    res = hook_impl.function(*args)
  File "/workdir/dice-ml-0.9/.tox/cpythonlibtest-unit-test-tests/lib/python3.10/site-packages/_pytest/python.py", line 194, in pytest_pyfunc_call
    result = testfunction(**testargs)
  File "/workdir/dice-ml-0.9/tests/test_dice_interface/test_dice_pytorch.py", line 70, in test_final_cfs_and_preds
    counterfactual_explanations = self.exp.generate_counterfactuals(
  File "/workdir/dice-ml-0.9/dice_ml/explainer_interfaces/explainer_base.py", line 161, in generate_counterfactuals
    res = self._generate_counterfactuals(
  File "/workdir/dice-ml-0.9/dice_ml/explainer_interfaces/dice_pytorch.py", line 123, in _generate_counterfactuals
    self.find_counterfactuals(
  File "/workdir/dice-ml-0.9/dice_ml/explainer_interfaces/dice_pytorch.py", line 422, in find_counterfactuals
    self.x1 = torch.tensor(query_instance)
TypeError: can't convert np.ndarray of type numpy.object_. The only supported types are: float64, float32, float16, complex64, complex128, int64, int32, int16, int8, uint8, and bool.</failure></testcase><testcase classname="tests.test_dice_interface.test_dice_random.TestDiceRandomBinaryClassificationMethods" name="test_random_counterfactual_explanations_output[random_binary_classification_exp_object0-0-1]" time="0.063" /><testcase classname="tests.test_dice_interface.test_dice_random.TestDiceRandomBinaryClassificationMethods" name="test_no_cfs[random_binary_classification_exp_object0-7-None-3-all-None]" time="0.007" /><testcase classname="tests.test_dice_interface.test_dice_random.TestDiceRandomBinaryClassificationMethods" name="test_invalid_query_instance[random_binary_classification_exp_object0-features_to_vary0-permitted_range0-inverse_mad]" time="0.001" /><testcase classname="tests.test_dice_interface.test_dice_random.TestDiceRandomBinaryClassificationMethods" name="test_features_to_vary[random_binary_classification_exp_object0-1-None-2-features_to_vary0-None]" time="0.037" /><testcase classname="tests.test_dice_interface.test_dice_random.TestDiceRandomBinaryClassificationMethods" name="test_permitted_range_categorical[random_binary_classification_exp_object0-1-None-2-permitted_range0]" time="0.060" /><testcase classname="tests.test_dice_interface.test_dice_random.TestDiceRandomBinaryClassificationMethods" name="test_random_counterfactual_explanations_output[random_binary_classification_exp_object1-0-1]" time="0.080" /><testcase classname="tests.test_dice_interface.test_dice_random.TestDiceRandomBinaryClassificationMethods" name="test_no_cfs[random_binary_classification_exp_object1-7-None-3-all-None]" time="0.007" /><testcase classname="tests.test_dice_interface.test_dice_random.TestDiceRandomBinaryClassificationMethods" name="test_invalid_query_instance[random_binary_classification_exp_object1-features_to_vary0-permitted_range0-inverse_mad]" time="0.002" /><testcase classname="tests.test_dice_interface.test_dice_random.TestDiceRandomBinaryClassificationMethods" name="test_features_to_vary[random_binary_classification_exp_object1-1-None-2-features_to_vary0-None]" time="0.068" /><testcase classname="tests.test_dice_interface.test_dice_random.TestDiceRandomBinaryClassificationMethods" name="test_permitted_range_categorical[random_binary_classification_exp_object1-1-None-2-permitted_range0]" time="0.083" /><testcase classname="tests.test_dice_interface.test_dice_random.TestDiceRandomBinaryClassificationMethods" name="test_random_counterfactual_explanations_output[random_binary_classification_exp_object2-0-1]" time="0.004"><failure message="AttributeError: 'DataFrame' object has no attribute 'append'. Did you mean: '_append'?">Traceback (most recent call last):
  File "/workdir/dice-ml-0.9/.tox/cpythonlibtest-unit-test-tests/lib/python3.10/site-packages/_pytest/runner.py", line 341, in from_call
    result: Optional[TResult] = func()
  File "/workdir/dice-ml-0.9/.tox/cpythonlibtest-unit-test-tests/lib/python3.10/site-packages/_pytest/runner.py", line 262, in &lt;lambda&gt;
    lambda: ihook(item=item, **kwds), when=when, reraise=reraise
  File "/workdir/dice-ml-0.9/.tox/cpythonlibtest-unit-test-tests/lib/python3.10/site-packages/pluggy/_hooks.py", line 493, in __call__
    return self._hookexec(self.name, self._hookimpls, kwargs, firstresult)
  File "/workdir/dice-ml-0.9/.tox/cpythonlibtest-unit-test-tests/lib/python3.10/site-packages/pluggy/_manager.py", line 115, in _hookexec
    return self._inner_hookexec(hook_name, methods, kwargs, firstresult)
  File "/workdir/dice-ml-0.9/.tox/cpythonlibtest-unit-test-tests/lib/python3.10/site-packages/pluggy/_callers.py", line 152, in _multicall
    return outcome.get_result()
  File "/workdir/dice-ml-0.9/.tox/cpythonlibtest-unit-test-tests/lib/python3.10/site-packages/pluggy/_result.py", line 114, in get_result
    raise exc.with_traceback(exc.__traceback__)
  File "/workdir/dice-ml-0.9/.tox/cpythonlibtest-unit-test-tests/lib/python3.10/site-packages/pluggy/_callers.py", line 77, in _multicall
    res = hook_impl.function(*args)
  File "/workdir/dice-ml-0.9/.tox/cpythonlibtest-unit-test-tests/lib/python3.10/site-packages/_pytest/runner.py", line 177, in pytest_runtest_call
    raise e
  File "/workdir/dice-ml-0.9/.tox/cpythonlibtest-unit-test-tests/lib/python3.10/site-packages/_pytest/runner.py", line 169, in pytest_runtest_call
    item.runtest()
  File "/workdir/dice-ml-0.9/.tox/cpythonlibtest-unit-test-tests/lib/python3.10/site-packages/_pytest/python.py", line 1792, in runtest
    self.ihook.pytest_pyfunc_call(pyfuncitem=self)
  File "/workdir/dice-ml-0.9/.tox/cpythonlibtest-unit-test-tests/lib/python3.10/site-packages/pluggy/_hooks.py", line 493, in __call__
    return self._hookexec(self.name, self._hookimpls, kwargs, firstresult)
  File "/workdir/dice-ml-0.9/.tox/cpythonlibtest-unit-test-tests/lib/python3.10/site-packages/pluggy/_manager.py", line 115, in _hookexec
    return self._inner_hookexec(hook_name, methods, kwargs, firstresult)
  File "/workdir/dice-ml-0.9/.tox/cpythonlibtest-unit-test-tests/lib/python3.10/site-packages/pluggy/_callers.py", line 113, in _multicall
    raise exception.with_traceback(exception.__traceback__)
  File "/workdir/dice-ml-0.9/.tox/cpythonlibtest-unit-test-tests/lib/python3.10/site-packages/pluggy/_callers.py", line 77, in _multicall
    res = hook_impl.function(*args)
  File "/workdir/dice-ml-0.9/.tox/cpythonlibtest-unit-test-tests/lib/python3.10/site-packages/_pytest/python.py", line 194, in pytest_pyfunc_call
    result = testfunction(**testargs)
  File "/workdir/dice-ml-0.9/tests/test_dice_interface/test_dice_random.py", line 92, in test_random_counterfactual_explanations_output
    counterfactual_explanations = self.exp.generate_counterfactuals(
  File "/workdir/dice-ml-0.9/dice_ml/explainer_interfaces/explainer_base.py", line 161, in generate_counterfactuals
    res = self._generate_counterfactuals(
  File "/workdir/dice-ml-0.9/dice_ml/explainer_interfaces/dice_random.py", line 78, in _generate_counterfactuals
    model_predictions = self.predict_fn(query_instance)
  File "/workdir/dice-ml-0.9/dice_ml/explainer_interfaces/explainer_base.py", line 484, in predict_fn
    preds = self.model.get_output(input_instance)
  File "/workdir/dice-ml-0.9/dice_ml/model_interfaces/pytorch_model.py", line 40, in get_output
    input_tensor = torch.tensor(self.transformer.transform(input_instance).to_numpy()).float()
  File "/workdir/dice-ml-0.9/dice_ml/utils/helpers.py", line 291, in transform
    return self.data_transformer.transform(data)  # should return a numpy array
  File "/workdir/dice-ml-0.9/.tox/cpythonlibtest-unit-test-tests/lib/python3.10/site-packages/sklearn/preprocessing/_function_transformer.py", line 212, in transform
    return self._transform(X, func=self.func, kw_args=self.kw_args)
  File "/workdir/dice-ml-0.9/.tox/cpythonlibtest-unit-test-tests/lib/python3.10/site-packages/sklearn/preprocessing/_function_transformer.py", line 292, in _transform
    return func(X, **(kw_args if kw_args else {}))
  File "/workdir/dice-ml-0.9/dice_ml/utils/helpers.py", line 251, in ohe_min_max_transformation
    return data_interface.get_ohe_min_max_normalized_data(data)
  File "/workdir/dice-ml-0.9/dice_ml/data_interfaces/private_data_interface.py", line 382, in get_ohe_min_max_normalized_data
    temp = ohe_base_df.append(query_instance, ignore_index=True, sort=False)
  File "/workdir/dice-ml-0.9/.tox/cpythonlibtest-unit-test-tests/lib/python3.10/site-packages/pandas/core/generic.py", line 6204, in __getattr__
    return object.__getattribute__(self, name)
AttributeError: 'DataFrame' object has no attribute 'append'. Did you mean: '_append'?</failure></testcase><testcase classname="tests.test_dice_interface.test_dice_random.TestDiceRandomBinaryClassificationMethods" name="test_no_cfs[random_binary_classification_exp_object2-7-None-3-all-None]" time="0.002"><failure message="AttributeError: 'DataFrame' object has no attribute 'append'. Did you mean: '_append'?">Traceback (most recent call last):
  File "/workdir/dice-ml-0.9/.tox/cpythonlibtest-unit-test-tests/lib/python3.10/site-packages/_pytest/runner.py", line 341, in from_call
    result: Optional[TResult] = func()
  File "/workdir/dice-ml-0.9/.tox/cpythonlibtest-unit-test-tests/lib/python3.10/site-packages/_pytest/runner.py", line 262, in &lt;lambda&gt;
    lambda: ihook(item=item, **kwds), when=when, reraise=reraise
  File "/workdir/dice-ml-0.9/.tox/cpythonlibtest-unit-test-tests/lib/python3.10/site-packages/pluggy/_hooks.py", line 493, in __call__
    return self._hookexec(self.name, self._hookimpls, kwargs, firstresult)
  File "/workdir/dice-ml-0.9/.tox/cpythonlibtest-unit-test-tests/lib/python3.10/site-packages/pluggy/_manager.py", line 115, in _hookexec
    return self._inner_hookexec(hook_name, methods, kwargs, firstresult)
  File "/workdir/dice-ml-0.9/.tox/cpythonlibtest-unit-test-tests/lib/python3.10/site-packages/pluggy/_callers.py", line 152, in _multicall
    return outcome.get_result()
  File "/workdir/dice-ml-0.9/.tox/cpythonlibtest-unit-test-tests/lib/python3.10/site-packages/pluggy/_result.py", line 114, in get_result
    raise exc.with_traceback(exc.__traceback__)
  File "/workdir/dice-ml-0.9/.tox/cpythonlibtest-unit-test-tests/lib/python3.10/site-packages/pluggy/_callers.py", line 77, in _multicall
    res = hook_impl.function(*args)
  File "/workdir/dice-ml-0.9/.tox/cpythonlibtest-unit-test-tests/lib/python3.10/site-packages/_pytest/runner.py", line 177, in pytest_runtest_call
    raise e
  File "/workdir/dice-ml-0.9/.tox/cpythonlibtest-unit-test-tests/lib/python3.10/site-packages/_pytest/runner.py", line 169, in pytest_runtest_call
    item.runtest()
  File "/workdir/dice-ml-0.9/.tox/cpythonlibtest-unit-test-tests/lib/python3.10/site-packages/_pytest/python.py", line 1792, in runtest
    self.ihook.pytest_pyfunc_call(pyfuncitem=self)
  File "/workdir/dice-ml-0.9/.tox/cpythonlibtest-unit-test-tests/lib/python3.10/site-packages/pluggy/_hooks.py", line 493, in __call__
    return self._hookexec(self.name, self._hookimpls, kwargs, firstresult)
  File "/workdir/dice-ml-0.9/.tox/cpythonlibtest-unit-test-tests/lib/python3.10/site-packages/pluggy/_manager.py", line 115, in _hookexec
    return self._inner_hookexec(hook_name, methods, kwargs, firstresult)
  File "/workdir/dice-ml-0.9/.tox/cpythonlibtest-unit-test-tests/lib/python3.10/site-packages/pluggy/_callers.py", line 113, in _multicall
    raise exception.with_traceback(exception.__traceback__)
  File "/workdir/dice-ml-0.9/.tox/cpythonlibtest-unit-test-tests/lib/python3.10/site-packages/pluggy/_callers.py", line 77, in _multicall
    res = hook_impl.function(*args)
  File "/workdir/dice-ml-0.9/.tox/cpythonlibtest-unit-test-tests/lib/python3.10/site-packages/_pytest/python.py", line 194, in pytest_pyfunc_call
    result = testfunction(**testargs)
  File "/workdir/dice-ml-0.9/tests/test_dice_interface/test_dice_random.py", line 106, in test_no_cfs
    self.exp._generate_counterfactuals(features_to_vary=features_to_vary, query_instance=sample_custom_query_1,
  File "/workdir/dice-ml-0.9/dice_ml/explainer_interfaces/dice_random.py", line 78, in _generate_counterfactuals
    model_predictions = self.predict_fn(query_instance)
  File "/workdir/dice-ml-0.9/dice_ml/explainer_interfaces/explainer_base.py", line 484, in predict_fn
    preds = self.model.get_output(input_instance)
  File "/workdir/dice-ml-0.9/dice_ml/model_interfaces/pytorch_model.py", line 40, in get_output
    input_tensor = torch.tensor(self.transformer.transform(input_instance).to_numpy()).float()
  File "/workdir/dice-ml-0.9/dice_ml/utils/helpers.py", line 291, in transform
    return self.data_transformer.transform(data)  # should return a numpy array
  File "/workdir/dice-ml-0.9/.tox/cpythonlibtest-unit-test-tests/lib/python3.10/site-packages/sklearn/preprocessing/_function_transformer.py", line 212, in transform
    return self._transform(X, func=self.func, kw_args=self.kw_args)
  File "/workdir/dice-ml-0.9/.tox/cpythonlibtest-unit-test-tests/lib/python3.10/site-packages/sklearn/preprocessing/_function_transformer.py", line 292, in _transform
    return func(X, **(kw_args if kw_args else {}))
  File "/workdir/dice-ml-0.9/dice_ml/utils/helpers.py", line 251, in ohe_min_max_transformation
    return data_interface.get_ohe_min_max_normalized_data(data)
  File "/workdir/dice-ml-0.9/dice_ml/data_interfaces/private_data_interface.py", line 382, in get_ohe_min_max_normalized_data
    temp = ohe_base_df.append(query_instance, ignore_index=True, sort=False)
  File "/workdir/dice-ml-0.9/.tox/cpythonlibtest-unit-test-tests/lib/python3.10/site-packages/pandas/core/generic.py", line 6204, in __getattr__
    return object.__getattribute__(self, name)
AttributeError: 'DataFrame' object has no attribute 'append'. Did you mean: '_append'?</failure></testcase><testcase classname="tests.test_dice_interface.test_dice_random.TestDiceRandomBinaryClassificationMethods" name="test_invalid_query_instance[random_binary_classification_exp_object2-features_to_vary0-permitted_range0-inverse_mad]" time="0.001" /><testcase classname="tests.test_dice_interface.test_dice_random.TestDiceRandomBinaryClassificationMethods" name="test_features_to_vary[random_binary_classification_exp_object2-1-None-2-features_to_vary0-None]" time="0.002"><failure message="AttributeError: 'DataFrame' object has no attribute 'append'. Did you mean: '_append'?">Traceback (most recent call last):
  File "/workdir/dice-ml-0.9/.tox/cpythonlibtest-unit-test-tests/lib/python3.10/site-packages/_pytest/runner.py", line 341, in from_call
    result: Optional[TResult] = func()
  File "/workdir/dice-ml-0.9/.tox/cpythonlibtest-unit-test-tests/lib/python3.10/site-packages/_pytest/runner.py", line 262, in &lt;lambda&gt;
    lambda: ihook(item=item, **kwds), when=when, reraise=reraise
  File "/workdir/dice-ml-0.9/.tox/cpythonlibtest-unit-test-tests/lib/python3.10/site-packages/pluggy/_hooks.py", line 493, in __call__
    return self._hookexec(self.name, self._hookimpls, kwargs, firstresult)
  File "/workdir/dice-ml-0.9/.tox/cpythonlibtest-unit-test-tests/lib/python3.10/site-packages/pluggy/_manager.py", line 115, in _hookexec
    return self._inner_hookexec(hook_name, methods, kwargs, firstresult)
  File "/workdir/dice-ml-0.9/.tox/cpythonlibtest-unit-test-tests/lib/python3.10/site-packages/pluggy/_callers.py", line 152, in _multicall
    return outcome.get_result()
  File "/workdir/dice-ml-0.9/.tox/cpythonlibtest-unit-test-tests/lib/python3.10/site-packages/pluggy/_result.py", line 114, in get_result
    raise exc.with_traceback(exc.__traceback__)
  File "/workdir/dice-ml-0.9/.tox/cpythonlibtest-unit-test-tests/lib/python3.10/site-packages/pluggy/_callers.py", line 77, in _multicall
    res = hook_impl.function(*args)
  File "/workdir/dice-ml-0.9/.tox/cpythonlibtest-unit-test-tests/lib/python3.10/site-packages/_pytest/runner.py", line 177, in pytest_runtest_call
    raise e
  File "/workdir/dice-ml-0.9/.tox/cpythonlibtest-unit-test-tests/lib/python3.10/site-packages/_pytest/runner.py", line 169, in pytest_runtest_call
    item.runtest()
  File "/workdir/dice-ml-0.9/.tox/cpythonlibtest-unit-test-tests/lib/python3.10/site-packages/_pytest/python.py", line 1792, in runtest
    self.ihook.pytest_pyfunc_call(pyfuncitem=self)
  File "/workdir/dice-ml-0.9/.tox/cpythonlibtest-unit-test-tests/lib/python3.10/site-packages/pluggy/_hooks.py", line 493, in __call__
    return self._hookexec(self.name, self._hookimpls, kwargs, firstresult)
  File "/workdir/dice-ml-0.9/.tox/cpythonlibtest-unit-test-tests/lib/python3.10/site-packages/pluggy/_manager.py", line 115, in _hookexec
    return self._inner_hookexec(hook_name, methods, kwargs, firstresult)
  File "/workdir/dice-ml-0.9/.tox/cpythonlibtest-unit-test-tests/lib/python3.10/site-packages/pluggy/_callers.py", line 113, in _multicall
    raise exception.with_traceback(exception.__traceback__)
  File "/workdir/dice-ml-0.9/.tox/cpythonlibtest-unit-test-tests/lib/python3.10/site-packages/pluggy/_callers.py", line 77, in _multicall
    res = hook_impl.function(*args)
  File "/workdir/dice-ml-0.9/.tox/cpythonlibtest-unit-test-tests/lib/python3.10/site-packages/_pytest/python.py", line 194, in pytest_pyfunc_call
    result = testfunction(**testargs)
  File "/workdir/dice-ml-0.9/tests/test_dice_interface/test_dice_random.py", line 125, in test_features_to_vary
    ans = self.exp._generate_counterfactuals(query_instance=sample_custom_query_2,
  File "/workdir/dice-ml-0.9/dice_ml/explainer_interfaces/dice_random.py", line 78, in _generate_counterfactuals
    model_predictions = self.predict_fn(query_instance)
  File "/workdir/dice-ml-0.9/dice_ml/explainer_interfaces/explainer_base.py", line 484, in predict_fn
    preds = self.model.get_output(input_instance)
  File "/workdir/dice-ml-0.9/dice_ml/model_interfaces/pytorch_model.py", line 40, in get_output
    input_tensor = torch.tensor(self.transformer.transform(input_instance).to_numpy()).float()
  File "/workdir/dice-ml-0.9/dice_ml/utils/helpers.py", line 291, in transform
    return self.data_transformer.transform(data)  # should return a numpy array
  File "/workdir/dice-ml-0.9/.tox/cpythonlibtest-unit-test-tests/lib/python3.10/site-packages/sklearn/preprocessing/_function_transformer.py", line 212, in transform
    return self._transform(X, func=self.func, kw_args=self.kw_args)
  File "/workdir/dice-ml-0.9/.tox/cpythonlibtest-unit-test-tests/lib/python3.10/site-packages/sklearn/preprocessing/_function_transformer.py", line 292, in _transform
    return func(X, **(kw_args if kw_args else {}))
  File "/workdir/dice-ml-0.9/dice_ml/utils/helpers.py", line 251, in ohe_min_max_transformation
    return data_interface.get_ohe_min_max_normalized_data(data)
  File "/workdir/dice-ml-0.9/dice_ml/data_interfaces/private_data_interface.py", line 382, in get_ohe_min_max_normalized_data
    temp = ohe_base_df.append(query_instance, ignore_index=True, sort=False)
  File "/workdir/dice-ml-0.9/.tox/cpythonlibtest-unit-test-tests/lib/python3.10/site-packages/pandas/core/generic.py", line 6204, in __getattr__
    return object.__getattribute__(self, name)
AttributeError: 'DataFrame' object has no attribute 'append'. Did you mean: '_append'?</failure></testcase><testcase classname="tests.test_dice_interface.test_dice_random.TestDiceRandomBinaryClassificationMethods" name="test_permitted_range_categorical[random_binary_classification_exp_object2-1-None-2-permitted_range0]" time="0.002"><failure message="AttributeError: 'DataFrame' object has no attribute 'append'. Did you mean: '_append'?">Traceback (most recent call last):
  File "/workdir/dice-ml-0.9/.tox/cpythonlibtest-unit-test-tests/lib/python3.10/site-packages/_pytest/runner.py", line 341, in from_call
    result: Optional[TResult] = func()
  File "/workdir/dice-ml-0.9/.tox/cpythonlibtest-unit-test-tests/lib/python3.10/site-packages/_pytest/runner.py", line 262, in &lt;lambda&gt;
    lambda: ihook(item=item, **kwds), when=when, reraise=reraise
  File "/workdir/dice-ml-0.9/.tox/cpythonlibtest-unit-test-tests/lib/python3.10/site-packages/pluggy/_hooks.py", line 493, in __call__
    return self._hookexec(self.name, self._hookimpls, kwargs, firstresult)
  File "/workdir/dice-ml-0.9/.tox/cpythonlibtest-unit-test-tests/lib/python3.10/site-packages/pluggy/_manager.py", line 115, in _hookexec
    return self._inner_hookexec(hook_name, methods, kwargs, firstresult)
  File "/workdir/dice-ml-0.9/.tox/cpythonlibtest-unit-test-tests/lib/python3.10/site-packages/pluggy/_callers.py", line 152, in _multicall
    return outcome.get_result()
  File "/workdir/dice-ml-0.9/.tox/cpythonlibtest-unit-test-tests/lib/python3.10/site-packages/pluggy/_result.py", line 114, in get_result
    raise exc.with_traceback(exc.__traceback__)
  File "/workdir/dice-ml-0.9/.tox/cpythonlibtest-unit-test-tests/lib/python3.10/site-packages/pluggy/_callers.py", line 77, in _multicall
    res = hook_impl.function(*args)
  File "/workdir/dice-ml-0.9/.tox/cpythonlibtest-unit-test-tests/lib/python3.10/site-packages/_pytest/runner.py", line 177, in pytest_runtest_call
    raise e
  File "/workdir/dice-ml-0.9/.tox/cpythonlibtest-unit-test-tests/lib/python3.10/site-packages/_pytest/runner.py", line 169, in pytest_runtest_call
    item.runtest()
  File "/workdir/dice-ml-0.9/.tox/cpythonlibtest-unit-test-tests/lib/python3.10/site-packages/_pytest/python.py", line 1792, in runtest
    self.ihook.pytest_pyfunc_call(pyfuncitem=self)
  File "/workdir/dice-ml-0.9/.tox/cpythonlibtest-unit-test-tests/lib/python3.10/site-packages/pluggy/_hooks.py", line 493, in __call__
    return self._hookexec(self.name, self._hookimpls, kwargs, firstresult)
  File "/workdir/dice-ml-0.9/.tox/cpythonlibtest-unit-test-tests/lib/python3.10/site-packages/pluggy/_manager.py", line 115, in _hookexec
    return self._inner_hookexec(hook_name, methods, kwargs, firstresult)
  File "/workdir/dice-ml-0.9/.tox/cpythonlibtest-unit-test-tests/lib/python3.10/site-packages/pluggy/_callers.py", line 113, in _multicall
    raise exception.with_traceback(exception.__traceback__)
  File "/workdir/dice-ml-0.9/.tox/cpythonlibtest-unit-test-tests/lib/python3.10/site-packages/pluggy/_callers.py", line 77, in _multicall
    res = hook_impl.function(*args)
  File "/workdir/dice-ml-0.9/.tox/cpythonlibtest-unit-test-tests/lib/python3.10/site-packages/_pytest/python.py", line 194, in pytest_pyfunc_call
    result = testfunction(**testargs)
  File "/workdir/dice-ml-0.9/tests/test_dice_interface/test_dice_random.py", line 141, in test_permitted_range_categorical
    ans = self.exp._generate_counterfactuals(query_instance=sample_custom_query_2,
  File "/workdir/dice-ml-0.9/dice_ml/explainer_interfaces/dice_random.py", line 78, in _generate_counterfactuals
    model_predictions = self.predict_fn(query_instance)
  File "/workdir/dice-ml-0.9/dice_ml/explainer_interfaces/explainer_base.py", line 484, in predict_fn
    preds = self.model.get_output(input_instance)
  File "/workdir/dice-ml-0.9/dice_ml/model_interfaces/pytorch_model.py", line 40, in get_output
    input_tensor = torch.tensor(self.transformer.transform(input_instance).to_numpy()).float()
  File "/workdir/dice-ml-0.9/dice_ml/utils/helpers.py", line 291, in transform
    return self.data_transformer.transform(data)  # should return a numpy array
  File "/workdir/dice-ml-0.9/.tox/cpythonlibtest-unit-test-tests/lib/python3.10/site-packages/sklearn/preprocessing/_function_transformer.py", line 212, in transform
    return self._transform(X, func=self.func, kw_args=self.kw_args)
  File "/workdir/dice-ml-0.9/.tox/cpythonlibtest-unit-test-tests/lib/python3.10/site-packages/sklearn/preprocessing/_function_transformer.py", line 292, in _transform
    return func(X, **(kw_args if kw_args else {}))
  File "/workdir/dice-ml-0.9/dice_ml/utils/helpers.py", line 251, in ohe_min_max_transformation
    return data_interface.get_ohe_min_max_normalized_data(data)
  File "/workdir/dice-ml-0.9/dice_ml/data_interfaces/private_data_interface.py", line 382, in get_ohe_min_max_normalized_data
    temp = ohe_base_df.append(query_instance, ignore_index=True, sort=False)
  File "/workdir/dice-ml-0.9/.tox/cpythonlibtest-unit-test-tests/lib/python3.10/site-packages/pandas/core/generic.py", line 6204, in __getattr__
    return object.__getattribute__(self, name)
AttributeError: 'DataFrame' object has no attribute 'append'. Did you mean: '_append'?</failure></testcase><testcase classname="tests.test_dice_interface.test_dice_random.TestDiceRandomBinaryClassificationMethods" name="test_random_counterfactual_explanations_output[random_binary_classification_exp_object3-0-1]" time="0.009"><failure message="TypeError: can't convert np.ndarray of type numpy.object_. The only supported types are: float64, float32, float16, complex64, complex128, int64, int32, int16, int8, uint8, and bool.">Traceback (most recent call last):
  File "/workdir/dice-ml-0.9/.tox/cpythonlibtest-unit-test-tests/lib/python3.10/site-packages/_pytest/runner.py", line 341, in from_call
    result: Optional[TResult] = func()
  File "/workdir/dice-ml-0.9/.tox/cpythonlibtest-unit-test-tests/lib/python3.10/site-packages/_pytest/runner.py", line 262, in &lt;lambda&gt;
    lambda: ihook(item=item, **kwds), when=when, reraise=reraise
  File "/workdir/dice-ml-0.9/.tox/cpythonlibtest-unit-test-tests/lib/python3.10/site-packages/pluggy/_hooks.py", line 493, in __call__
    return self._hookexec(self.name, self._hookimpls, kwargs, firstresult)
  File "/workdir/dice-ml-0.9/.tox/cpythonlibtest-unit-test-tests/lib/python3.10/site-packages/pluggy/_manager.py", line 115, in _hookexec
    return self._inner_hookexec(hook_name, methods, kwargs, firstresult)
  File "/workdir/dice-ml-0.9/.tox/cpythonlibtest-unit-test-tests/lib/python3.10/site-packages/pluggy/_callers.py", line 152, in _multicall
    return outcome.get_result()
  File "/workdir/dice-ml-0.9/.tox/cpythonlibtest-unit-test-tests/lib/python3.10/site-packages/pluggy/_result.py", line 114, in get_result
    raise exc.with_traceback(exc.__traceback__)
  File "/workdir/dice-ml-0.9/.tox/cpythonlibtest-unit-test-tests/lib/python3.10/site-packages/pluggy/_callers.py", line 77, in _multicall
    res = hook_impl.function(*args)
  File "/workdir/dice-ml-0.9/.tox/cpythonlibtest-unit-test-tests/lib/python3.10/site-packages/_pytest/runner.py", line 177, in pytest_runtest_call
    raise e
  File "/workdir/dice-ml-0.9/.tox/cpythonlibtest-unit-test-tests/lib/python3.10/site-packages/_pytest/runner.py", line 169, in pytest_runtest_call
    item.runtest()
  File "/workdir/dice-ml-0.9/.tox/cpythonlibtest-unit-test-tests/lib/python3.10/site-packages/_pytest/python.py", line 1792, in runtest
    self.ihook.pytest_pyfunc_call(pyfuncitem=self)
  File "/workdir/dice-ml-0.9/.tox/cpythonlibtest-unit-test-tests/lib/python3.10/site-packages/pluggy/_hooks.py", line 493, in __call__
    return self._hookexec(self.name, self._hookimpls, kwargs, firstresult)
  File "/workdir/dice-ml-0.9/.tox/cpythonlibtest-unit-test-tests/lib/python3.10/site-packages/pluggy/_manager.py", line 115, in _hookexec
    return self._inner_hookexec(hook_name, methods, kwargs, firstresult)
  File "/workdir/dice-ml-0.9/.tox/cpythonlibtest-unit-test-tests/lib/python3.10/site-packages/pluggy/_callers.py", line 113, in _multicall
    raise exception.with_traceback(exception.__traceback__)
  File "/workdir/dice-ml-0.9/.tox/cpythonlibtest-unit-test-tests/lib/python3.10/site-packages/pluggy/_callers.py", line 77, in _multicall
    res = hook_impl.function(*args)
  File "/workdir/dice-ml-0.9/.tox/cpythonlibtest-unit-test-tests/lib/python3.10/site-packages/_pytest/python.py", line 194, in pytest_pyfunc_call
    result = testfunction(**testargs)
  File "/workdir/dice-ml-0.9/tests/test_dice_interface/test_dice_random.py", line 92, in test_random_counterfactual_explanations_output
    counterfactual_explanations = self.exp.generate_counterfactuals(
  File "/workdir/dice-ml-0.9/dice_ml/explainer_interfaces/explainer_base.py", line 161, in generate_counterfactuals
    res = self._generate_counterfactuals(
  File "/workdir/dice-ml-0.9/dice_ml/explainer_interfaces/dice_random.py", line 78, in _generate_counterfactuals
    model_predictions = self.predict_fn(query_instance)
  File "/workdir/dice-ml-0.9/dice_ml/explainer_interfaces/explainer_base.py", line 484, in predict_fn
    preds = self.model.get_output(input_instance)
  File "/workdir/dice-ml-0.9/dice_ml/model_interfaces/pytorch_model.py", line 40, in get_output
    input_tensor = torch.tensor(self.transformer.transform(input_instance).to_numpy()).float()
TypeError: can't convert np.ndarray of type numpy.object_. The only supported types are: float64, float32, float16, complex64, complex128, int64, int32, int16, int8, uint8, and bool.</failure></testcase><testcase classname="tests.test_dice_interface.test_dice_random.TestDiceRandomBinaryClassificationMethods" name="test_no_cfs[random_binary_classification_exp_object3-7-None-3-all-None]" time="0.006"><failure message="TypeError: can't convert np.ndarray of type numpy.object_. The only supported types are: float64, float32, float16, complex64, complex128, int64, int32, int16, int8, uint8, and bool.">Traceback (most recent call last):
  File "/workdir/dice-ml-0.9/.tox/cpythonlibtest-unit-test-tests/lib/python3.10/site-packages/_pytest/runner.py", line 341, in from_call
    result: Optional[TResult] = func()
  File "/workdir/dice-ml-0.9/.tox/cpythonlibtest-unit-test-tests/lib/python3.10/site-packages/_pytest/runner.py", line 262, in &lt;lambda&gt;
    lambda: ihook(item=item, **kwds), when=when, reraise=reraise
  File "/workdir/dice-ml-0.9/.tox/cpythonlibtest-unit-test-tests/lib/python3.10/site-packages/pluggy/_hooks.py", line 493, in __call__
    return self._hookexec(self.name, self._hookimpls, kwargs, firstresult)
  File "/workdir/dice-ml-0.9/.tox/cpythonlibtest-unit-test-tests/lib/python3.10/site-packages/pluggy/_manager.py", line 115, in _hookexec
    return self._inner_hookexec(hook_name, methods, kwargs, firstresult)
  File "/workdir/dice-ml-0.9/.tox/cpythonlibtest-unit-test-tests/lib/python3.10/site-packages/pluggy/_callers.py", line 152, in _multicall
    return outcome.get_result()
  File "/workdir/dice-ml-0.9/.tox/cpythonlibtest-unit-test-tests/lib/python3.10/site-packages/pluggy/_result.py", line 114, in get_result
    raise exc.with_traceback(exc.__traceback__)
  File "/workdir/dice-ml-0.9/.tox/cpythonlibtest-unit-test-tests/lib/python3.10/site-packages/pluggy/_callers.py", line 77, in _multicall
    res = hook_impl.function(*args)
  File "/workdir/dice-ml-0.9/.tox/cpythonlibtest-unit-test-tests/lib/python3.10/site-packages/_pytest/runner.py", line 177, in pytest_runtest_call
    raise e
  File "/workdir/dice-ml-0.9/.tox/cpythonlibtest-unit-test-tests/lib/python3.10/site-packages/_pytest/runner.py", line 169, in pytest_runtest_call
    item.runtest()
  File "/workdir/dice-ml-0.9/.tox/cpythonlibtest-unit-test-tests/lib/python3.10/site-packages/_pytest/python.py", line 1792, in runtest
    self.ihook.pytest_pyfunc_call(pyfuncitem=self)
  File "/workdir/dice-ml-0.9/.tox/cpythonlibtest-unit-test-tests/lib/python3.10/site-packages/pluggy/_hooks.py", line 493, in __call__
    return self._hookexec(self.name, self._hookimpls, kwargs, firstresult)
  File "/workdir/dice-ml-0.9/.tox/cpythonlibtest-unit-test-tests/lib/python3.10/site-packages/pluggy/_manager.py", line 115, in _hookexec
    return self._inner_hookexec(hook_name, methods, kwargs, firstresult)
  File "/workdir/dice-ml-0.9/.tox/cpythonlibtest-unit-test-tests/lib/python3.10/site-packages/pluggy/_callers.py", line 113, in _multicall
    raise exception.with_traceback(exception.__traceback__)
  File "/workdir/dice-ml-0.9/.tox/cpythonlibtest-unit-test-tests/lib/python3.10/site-packages/pluggy/_callers.py", line 77, in _multicall
    res = hook_impl.function(*args)
  File "/workdir/dice-ml-0.9/.tox/cpythonlibtest-unit-test-tests/lib/python3.10/site-packages/_pytest/python.py", line 194, in pytest_pyfunc_call
    result = testfunction(**testargs)
  File "/workdir/dice-ml-0.9/tests/test_dice_interface/test_dice_random.py", line 106, in test_no_cfs
    self.exp._generate_counterfactuals(features_to_vary=features_to_vary, query_instance=sample_custom_query_1,
  File "/workdir/dice-ml-0.9/dice_ml/explainer_interfaces/dice_random.py", line 78, in _generate_counterfactuals
    model_predictions = self.predict_fn(query_instance)
  File "/workdir/dice-ml-0.9/dice_ml/explainer_interfaces/explainer_base.py", line 484, in predict_fn
    preds = self.model.get_output(input_instance)
  File "/workdir/dice-ml-0.9/dice_ml/model_interfaces/pytorch_model.py", line 40, in get_output
    input_tensor = torch.tensor(self.transformer.transform(input_instance).to_numpy()).float()
TypeError: can't convert np.ndarray of type numpy.object_. The only supported types are: float64, float32, float16, complex64, complex128, int64, int32, int16, int8, uint8, and bool.</failure></testcase><testcase classname="tests.test_dice_interface.test_dice_random.TestDiceRandomBinaryClassificationMethods" name="test_invalid_query_instance[random_binary_classification_exp_object3-features_to_vary0-permitted_range0-inverse_mad]" time="0.001" /><testcase classname="tests.test_dice_interface.test_dice_random.TestDiceRandomBinaryClassificationMethods" name="test_features_to_vary[random_binary_classification_exp_object3-1-None-2-features_to_vary0-None]" time="0.006"><failure message="TypeError: can't convert np.ndarray of type numpy.object_. The only supported types are: float64, float32, float16, complex64, complex128, int64, int32, int16, int8, uint8, and bool.">Traceback (most recent call last):
  File "/workdir/dice-ml-0.9/.tox/cpythonlibtest-unit-test-tests/lib/python3.10/site-packages/_pytest/runner.py", line 341, in from_call
    result: Optional[TResult] = func()
  File "/workdir/dice-ml-0.9/.tox/cpythonlibtest-unit-test-tests/lib/python3.10/site-packages/_pytest/runner.py", line 262, in &lt;lambda&gt;
    lambda: ihook(item=item, **kwds), when=when, reraise=reraise
  File "/workdir/dice-ml-0.9/.tox/cpythonlibtest-unit-test-tests/lib/python3.10/site-packages/pluggy/_hooks.py", line 493, in __call__
    return self._hookexec(self.name, self._hookimpls, kwargs, firstresult)
  File "/workdir/dice-ml-0.9/.tox/cpythonlibtest-unit-test-tests/lib/python3.10/site-packages/pluggy/_manager.py", line 115, in _hookexec
    return self._inner_hookexec(hook_name, methods, kwargs, firstresult)
  File "/workdir/dice-ml-0.9/.tox/cpythonlibtest-unit-test-tests/lib/python3.10/site-packages/pluggy/_callers.py", line 152, in _multicall
    return outcome.get_result()
  File "/workdir/dice-ml-0.9/.tox/cpythonlibtest-unit-test-tests/lib/python3.10/site-packages/pluggy/_result.py", line 114, in get_result
    raise exc.with_traceback(exc.__traceback__)
  File "/workdir/dice-ml-0.9/.tox/cpythonlibtest-unit-test-tests/lib/python3.10/site-packages/pluggy/_callers.py", line 77, in _multicall
    res = hook_impl.function(*args)
  File "/workdir/dice-ml-0.9/.tox/cpythonlibtest-unit-test-tests/lib/python3.10/site-packages/_pytest/runner.py", line 177, in pytest_runtest_call
    raise e
  File "/workdir/dice-ml-0.9/.tox/cpythonlibtest-unit-test-tests/lib/python3.10/site-packages/_pytest/runner.py", line 169, in pytest_runtest_call
    item.runtest()
  File "/workdir/dice-ml-0.9/.tox/cpythonlibtest-unit-test-tests/lib/python3.10/site-packages/_pytest/python.py", line 1792, in runtest
    self.ihook.pytest_pyfunc_call(pyfuncitem=self)
  File "/workdir/dice-ml-0.9/.tox/cpythonlibtest-unit-test-tests/lib/python3.10/site-packages/pluggy/_hooks.py", line 493, in __call__
    return self._hookexec(self.name, self._hookimpls, kwargs, firstresult)
  File "/workdir/dice-ml-0.9/.tox/cpythonlibtest-unit-test-tests/lib/python3.10/site-packages/pluggy/_manager.py", line 115, in _hookexec
    return self._inner_hookexec(hook_name, methods, kwargs, firstresult)
  File "/workdir/dice-ml-0.9/.tox/cpythonlibtest-unit-test-tests/lib/python3.10/site-packages/pluggy/_callers.py", line 113, in _multicall
    raise exception.with_traceback(exception.__traceback__)
  File "/workdir/dice-ml-0.9/.tox/cpythonlibtest-unit-test-tests/lib/python3.10/site-packages/pluggy/_callers.py", line 77, in _multicall
    res = hook_impl.function(*args)
  File "/workdir/dice-ml-0.9/.tox/cpythonlibtest-unit-test-tests/lib/python3.10/site-packages/_pytest/python.py", line 194, in pytest_pyfunc_call
    result = testfunction(**testargs)
  File "/workdir/dice-ml-0.9/tests/test_dice_interface/test_dice_random.py", line 125, in test_features_to_vary
    ans = self.exp._generate_counterfactuals(query_instance=sample_custom_query_2,
  File "/workdir/dice-ml-0.9/dice_ml/explainer_interfaces/dice_random.py", line 78, in _generate_counterfactuals
    model_predictions = self.predict_fn(query_instance)
  File "/workdir/dice-ml-0.9/dice_ml/explainer_interfaces/explainer_base.py", line 484, in predict_fn
    preds = self.model.get_output(input_instance)
  File "/workdir/dice-ml-0.9/dice_ml/model_interfaces/pytorch_model.py", line 40, in get_output
    input_tensor = torch.tensor(self.transformer.transform(input_instance).to_numpy()).float()
TypeError: can't convert np.ndarray of type numpy.object_. The only supported types are: float64, float32, float16, complex64, complex128, int64, int32, int16, int8, uint8, and bool.</failure></testcase><testcase classname="tests.test_dice_interface.test_dice_random.TestDiceRandomBinaryClassificationMethods" name="test_permitted_range_categorical[random_binary_classification_exp_object3-1-None-2-permitted_range0]" time="0.006"><failure message="TypeError: can't convert np.ndarray of type numpy.object_. The only supported types are: float64, float32, float16, complex64, complex128, int64, int32, int16, int8, uint8, and bool.">Traceback (most recent call last):
  File "/workdir/dice-ml-0.9/.tox/cpythonlibtest-unit-test-tests/lib/python3.10/site-packages/_pytest/runner.py", line 341, in from_call
    result: Optional[TResult] = func()
  File "/workdir/dice-ml-0.9/.tox/cpythonlibtest-unit-test-tests/lib/python3.10/site-packages/_pytest/runner.py", line 262, in &lt;lambda&gt;
    lambda: ihook(item=item, **kwds), when=when, reraise=reraise
  File "/workdir/dice-ml-0.9/.tox/cpythonlibtest-unit-test-tests/lib/python3.10/site-packages/pluggy/_hooks.py", line 493, in __call__
    return self._hookexec(self.name, self._hookimpls, kwargs, firstresult)
  File "/workdir/dice-ml-0.9/.tox/cpythonlibtest-unit-test-tests/lib/python3.10/site-packages/pluggy/_manager.py", line 115, in _hookexec
    return self._inner_hookexec(hook_name, methods, kwargs, firstresult)
  File "/workdir/dice-ml-0.9/.tox/cpythonlibtest-unit-test-tests/lib/python3.10/site-packages/pluggy/_callers.py", line 152, in _multicall
    return outcome.get_result()
  File "/workdir/dice-ml-0.9/.tox/cpythonlibtest-unit-test-tests/lib/python3.10/site-packages/pluggy/_result.py", line 114, in get_result
    raise exc.with_traceback(exc.__traceback__)
  File "/workdir/dice-ml-0.9/.tox/cpythonlibtest-unit-test-tests/lib/python3.10/site-packages/pluggy/_callers.py", line 77, in _multicall
    res = hook_impl.function(*args)
  File "/workdir/dice-ml-0.9/.tox/cpythonlibtest-unit-test-tests/lib/python3.10/site-packages/_pytest/runner.py", line 177, in pytest_runtest_call
    raise e
  File "/workdir/dice-ml-0.9/.tox/cpythonlibtest-unit-test-tests/lib/python3.10/site-packages/_pytest/runner.py", line 169, in pytest_runtest_call
    item.runtest()
  File "/workdir/dice-ml-0.9/.tox/cpythonlibtest-unit-test-tests/lib/python3.10/site-packages/_pytest/python.py", line 1792, in runtest
    self.ihook.pytest_pyfunc_call(pyfuncitem=self)
  File "/workdir/dice-ml-0.9/.tox/cpythonlibtest-unit-test-tests/lib/python3.10/site-packages/pluggy/_hooks.py", line 493, in __call__
    return self._hookexec(self.name, self._hookimpls, kwargs, firstresult)
  File "/workdir/dice-ml-0.9/.tox/cpythonlibtest-unit-test-tests/lib/python3.10/site-packages/pluggy/_manager.py", line 115, in _hookexec
    return self._inner_hookexec(hook_name, methods, kwargs, firstresult)
  File "/workdir/dice-ml-0.9/.tox/cpythonlibtest-unit-test-tests/lib/python3.10/site-packages/pluggy/_callers.py", line 113, in _multicall
    raise exception.with_traceback(exception.__traceback__)
  File "/workdir/dice-ml-0.9/.tox/cpythonlibtest-unit-test-tests/lib/python3.10/site-packages/pluggy/_callers.py", line 77, in _multicall
    res = hook_impl.function(*args)
  File "/workdir/dice-ml-0.9/.tox/cpythonlibtest-unit-test-tests/lib/python3.10/site-packages/_pytest/python.py", line 194, in pytest_pyfunc_call
    result = testfunction(**testargs)
  File "/workdir/dice-ml-0.9/tests/test_dice_interface/test_dice_random.py", line 141, in test_permitted_range_categorical
    ans = self.exp._generate_counterfactuals(query_instance=sample_custom_query_2,
  File "/workdir/dice-ml-0.9/dice_ml/explainer_interfaces/dice_random.py", line 78, in _generate_counterfactuals
    model_predictions = self.predict_fn(query_instance)
  File "/workdir/dice-ml-0.9/dice_ml/explainer_interfaces/explainer_base.py", line 484, in predict_fn
    preds = self.model.get_output(input_instance)
  File "/workdir/dice-ml-0.9/dice_ml/model_interfaces/pytorch_model.py", line 40, in get_output
    input_tensor = torch.tensor(self.transformer.transform(input_instance).to_numpy()).float()
TypeError: can't convert np.ndarray of type numpy.object_. The only supported types are: float64, float32, float16, complex64, complex128, int64, int32, int16, int8, uint8, and bool.</failure></testcase><testcase classname="tests.test_dice_interface.test_dice_random.TestDiceRandomRegressionMethods" name="test_desired_range[random_regression_exp_object0-all-None-desired_range0-2-None]" time="0.054" /><testcase classname="tests.test_dice_interface.test_dice_random.TestDiceRandomRegressionMethods" name="test_random_output[random_regression_exp_object0-2.0-desired_range0-6]" time="0.051" /><testcase classname="tests.test_dice_interface.test_dice_random.TestDiceRandomRegressionMethods" name="test_random_output[random_regression_exp_object0-1.0-desired_range0-6]" time="0.057" /><testcase classname="tests.test_dice_interface.test_dice_random.TestDiceRandomRegressionMethods" name="test_random_counterfactual_explanations_output[random_regression_exp_object0-desired_range0-6]" time="0.058" /><testcase classname="tests.test_dice_interface.test_dice_random.TestDiceRandomRegressionMethods" name="test_zero_cfs[random_regression_exp_object0-all-None-desired_range0-0-None]" time="0.047" /><testcase classname="tests.test_dice_interface.test_dice_random.TestDiceRandomRegressionMethods" name="test_desired_range[random_regression_exp_object1-all-None-desired_range0-2-None]" time="0.088" /><testcase classname="tests.test_dice_interface.test_dice_random.TestDiceRandomRegressionMethods" name="test_random_output[random_regression_exp_object1-2.0-desired_range0-6]" time="0.126" /><testcase classname="tests.test_dice_interface.test_dice_random.TestDiceRandomRegressionMethods" name="test_random_output[random_regression_exp_object1-1.0-desired_range0-6]" time="0.123" /><testcase classname="tests.test_dice_interface.test_dice_random.TestDiceRandomRegressionMethods" name="test_random_counterfactual_explanations_output[random_regression_exp_object1-desired_range0-6]" time="0.114" /><testcase classname="tests.test_dice_interface.test_dice_random.TestDiceRandomRegressionMethods" name="test_zero_cfs[random_regression_exp_object1-all-None-desired_range0-0-None]" time="0.048" /><testcase classname="tests.test_dice_interface.test_dice_random.TestDiceRandomRegressionMethods" name="test_desired_range[random_regression_exp_object2-all-None-desired_range0-2-None]" time="0.003"><failure message="AttributeError: 'DataFrame' object has no attribute 'append'. Did you mean: '_append'?">Traceback (most recent call last):
  File "/workdir/dice-ml-0.9/.tox/cpythonlibtest-unit-test-tests/lib/python3.10/site-packages/_pytest/runner.py", line 341, in from_call
    result: Optional[TResult] = func()
  File "/workdir/dice-ml-0.9/.tox/cpythonlibtest-unit-test-tests/lib/python3.10/site-packages/_pytest/runner.py", line 262, in &lt;lambda&gt;
    lambda: ihook(item=item, **kwds), when=when, reraise=reraise
  File "/workdir/dice-ml-0.9/.tox/cpythonlibtest-unit-test-tests/lib/python3.10/site-packages/pluggy/_hooks.py", line 493, in __call__
    return self._hookexec(self.name, self._hookimpls, kwargs, firstresult)
  File "/workdir/dice-ml-0.9/.tox/cpythonlibtest-unit-test-tests/lib/python3.10/site-packages/pluggy/_manager.py", line 115, in _hookexec
    return self._inner_hookexec(hook_name, methods, kwargs, firstresult)
  File "/workdir/dice-ml-0.9/.tox/cpythonlibtest-unit-test-tests/lib/python3.10/site-packages/pluggy/_callers.py", line 152, in _multicall
    return outcome.get_result()
  File "/workdir/dice-ml-0.9/.tox/cpythonlibtest-unit-test-tests/lib/python3.10/site-packages/pluggy/_result.py", line 114, in get_result
    raise exc.with_traceback(exc.__traceback__)
  File "/workdir/dice-ml-0.9/.tox/cpythonlibtest-unit-test-tests/lib/python3.10/site-packages/pluggy/_callers.py", line 77, in _multicall
    res = hook_impl.function(*args)
  File "/workdir/dice-ml-0.9/.tox/cpythonlibtest-unit-test-tests/lib/python3.10/site-packages/_pytest/runner.py", line 177, in pytest_runtest_call
    raise e
  File "/workdir/dice-ml-0.9/.tox/cpythonlibtest-unit-test-tests/lib/python3.10/site-packages/_pytest/runner.py", line 169, in pytest_runtest_call
    item.runtest()
  File "/workdir/dice-ml-0.9/.tox/cpythonlibtest-unit-test-tests/lib/python3.10/site-packages/_pytest/python.py", line 1792, in runtest
    self.ihook.pytest_pyfunc_call(pyfuncitem=self)
  File "/workdir/dice-ml-0.9/.tox/cpythonlibtest-unit-test-tests/lib/python3.10/site-packages/pluggy/_hooks.py", line 493, in __call__
    return self._hookexec(self.name, self._hookimpls, kwargs, firstresult)
  File "/workdir/dice-ml-0.9/.tox/cpythonlibtest-unit-test-tests/lib/python3.10/site-packages/pluggy/_manager.py", line 115, in _hookexec
    return self._inner_hookexec(hook_name, methods, kwargs, firstresult)
  File "/workdir/dice-ml-0.9/.tox/cpythonlibtest-unit-test-tests/lib/python3.10/site-packages/pluggy/_callers.py", line 113, in _multicall
    raise exception.with_traceback(exception.__traceback__)
  File "/workdir/dice-ml-0.9/.tox/cpythonlibtest-unit-test-tests/lib/python3.10/site-packages/pluggy/_callers.py", line 77, in _multicall
    res = hook_impl.function(*args)
  File "/workdir/dice-ml-0.9/.tox/cpythonlibtest-unit-test-tests/lib/python3.10/site-packages/_pytest/python.py", line 194, in pytest_pyfunc_call
    result = testfunction(**testargs)
  File "/workdir/dice-ml-0.9/tests/test_dice_interface/test_dice_random.py", line 162, in test_desired_range
    ans = self.exp._generate_counterfactuals(features_to_vary=features_to_vary,
  File "/workdir/dice-ml-0.9/dice_ml/explainer_interfaces/dice_random.py", line 78, in _generate_counterfactuals
    model_predictions = self.predict_fn(query_instance)
  File "/workdir/dice-ml-0.9/dice_ml/explainer_interfaces/explainer_base.py", line 484, in predict_fn
    preds = self.model.get_output(input_instance)
  File "/workdir/dice-ml-0.9/dice_ml/model_interfaces/pytorch_model.py", line 40, in get_output
    input_tensor = torch.tensor(self.transformer.transform(input_instance).to_numpy()).float()
  File "/workdir/dice-ml-0.9/dice_ml/utils/helpers.py", line 291, in transform
    return self.data_transformer.transform(data)  # should return a numpy array
  File "/workdir/dice-ml-0.9/.tox/cpythonlibtest-unit-test-tests/lib/python3.10/site-packages/sklearn/preprocessing/_function_transformer.py", line 212, in transform
    return self._transform(X, func=self.func, kw_args=self.kw_args)
  File "/workdir/dice-ml-0.9/.tox/cpythonlibtest-unit-test-tests/lib/python3.10/site-packages/sklearn/preprocessing/_function_transformer.py", line 292, in _transform
    return func(X, **(kw_args if kw_args else {}))
  File "/workdir/dice-ml-0.9/dice_ml/utils/helpers.py", line 251, in ohe_min_max_transformation
    return data_interface.get_ohe_min_max_normalized_data(data)
  File "/workdir/dice-ml-0.9/dice_ml/data_interfaces/private_data_interface.py", line 382, in get_ohe_min_max_normalized_data
    temp = ohe_base_df.append(query_instance, ignore_index=True, sort=False)
  File "/workdir/dice-ml-0.9/.tox/cpythonlibtest-unit-test-tests/lib/python3.10/site-packages/pandas/core/generic.py", line 6204, in __getattr__
    return object.__getattribute__(self, name)
AttributeError: 'DataFrame' object has no attribute 'append'. Did you mean: '_append'?</failure></testcase><testcase classname="tests.test_dice_interface.test_dice_random.TestDiceRandomRegressionMethods" name="test_random_output[random_regression_exp_object2-2.0-desired_range0-6]" time="0.002"><failure message="AttributeError: 'DataFrame' object has no attribute 'append'. Did you mean: '_append'?">Traceback (most recent call last):
  File "/workdir/dice-ml-0.9/.tox/cpythonlibtest-unit-test-tests/lib/python3.10/site-packages/_pytest/runner.py", line 341, in from_call
    result: Optional[TResult] = func()
  File "/workdir/dice-ml-0.9/.tox/cpythonlibtest-unit-test-tests/lib/python3.10/site-packages/_pytest/runner.py", line 262, in &lt;lambda&gt;
    lambda: ihook(item=item, **kwds), when=when, reraise=reraise
  File "/workdir/dice-ml-0.9/.tox/cpythonlibtest-unit-test-tests/lib/python3.10/site-packages/pluggy/_hooks.py", line 493, in __call__
    return self._hookexec(self.name, self._hookimpls, kwargs, firstresult)
  File "/workdir/dice-ml-0.9/.tox/cpythonlibtest-unit-test-tests/lib/python3.10/site-packages/pluggy/_manager.py", line 115, in _hookexec
    return self._inner_hookexec(hook_name, methods, kwargs, firstresult)
  File "/workdir/dice-ml-0.9/.tox/cpythonlibtest-unit-test-tests/lib/python3.10/site-packages/pluggy/_callers.py", line 152, in _multicall
    return outcome.get_result()
  File "/workdir/dice-ml-0.9/.tox/cpythonlibtest-unit-test-tests/lib/python3.10/site-packages/pluggy/_result.py", line 114, in get_result
    raise exc.with_traceback(exc.__traceback__)
  File "/workdir/dice-ml-0.9/.tox/cpythonlibtest-unit-test-tests/lib/python3.10/site-packages/pluggy/_callers.py", line 77, in _multicall
    res = hook_impl.function(*args)
  File "/workdir/dice-ml-0.9/.tox/cpythonlibtest-unit-test-tests/lib/python3.10/site-packages/_pytest/runner.py", line 177, in pytest_runtest_call
    raise e
  File "/workdir/dice-ml-0.9/.tox/cpythonlibtest-unit-test-tests/lib/python3.10/site-packages/_pytest/runner.py", line 169, in pytest_runtest_call
    item.runtest()
  File "/workdir/dice-ml-0.9/.tox/cpythonlibtest-unit-test-tests/lib/python3.10/site-packages/_pytest/python.py", line 1792, in runtest
    self.ihook.pytest_pyfunc_call(pyfuncitem=self)
  File "/workdir/dice-ml-0.9/.tox/cpythonlibtest-unit-test-tests/lib/python3.10/site-packages/pluggy/_hooks.py", line 493, in __call__
    return self._hookexec(self.name, self._hookimpls, kwargs, firstresult)
  File "/workdir/dice-ml-0.9/.tox/cpythonlibtest-unit-test-tests/lib/python3.10/site-packages/pluggy/_manager.py", line 115, in _hookexec
    return self._inner_hookexec(hook_name, methods, kwargs, firstresult)
  File "/workdir/dice-ml-0.9/.tox/cpythonlibtest-unit-test-tests/lib/python3.10/site-packages/pluggy/_callers.py", line 113, in _multicall
    raise exception.with_traceback(exception.__traceback__)
  File "/workdir/dice-ml-0.9/.tox/cpythonlibtest-unit-test-tests/lib/python3.10/site-packages/pluggy/_callers.py", line 77, in _multicall
    res = hook_impl.function(*args)
  File "/workdir/dice-ml-0.9/.tox/cpythonlibtest-unit-test-tests/lib/python3.10/site-packages/_pytest/python.py", line 194, in pytest_pyfunc_call
    result = testfunction(**testargs)
  File "/workdir/dice-ml-0.9/tests/test_dice_interface/test_dice_random.py", line 175, in test_random_output
    cf_examples = self.exp._generate_counterfactuals(query_instance=sample_custom_query_2, total_CFs=total_CFs,
  File "/workdir/dice-ml-0.9/dice_ml/explainer_interfaces/dice_random.py", line 78, in _generate_counterfactuals
    model_predictions = self.predict_fn(query_instance)
  File "/workdir/dice-ml-0.9/dice_ml/explainer_interfaces/explainer_base.py", line 484, in predict_fn
    preds = self.model.get_output(input_instance)
  File "/workdir/dice-ml-0.9/dice_ml/model_interfaces/pytorch_model.py", line 40, in get_output
    input_tensor = torch.tensor(self.transformer.transform(input_instance).to_numpy()).float()
  File "/workdir/dice-ml-0.9/dice_ml/utils/helpers.py", line 291, in transform
    return self.data_transformer.transform(data)  # should return a numpy array
  File "/workdir/dice-ml-0.9/.tox/cpythonlibtest-unit-test-tests/lib/python3.10/site-packages/sklearn/preprocessing/_function_transformer.py", line 212, in transform
    return self._transform(X, func=self.func, kw_args=self.kw_args)
  File "/workdir/dice-ml-0.9/.tox/cpythonlibtest-unit-test-tests/lib/python3.10/site-packages/sklearn/preprocessing/_function_transformer.py", line 292, in _transform
    return func(X, **(kw_args if kw_args else {}))
  File "/workdir/dice-ml-0.9/dice_ml/utils/helpers.py", line 251, in ohe_min_max_transformation
    return data_interface.get_ohe_min_max_normalized_data(data)
  File "/workdir/dice-ml-0.9/dice_ml/data_interfaces/private_data_interface.py", line 382, in get_ohe_min_max_normalized_data
    temp = ohe_base_df.append(query_instance, ignore_index=True, sort=False)
  File "/workdir/dice-ml-0.9/.tox/cpythonlibtest-unit-test-tests/lib/python3.10/site-packages/pandas/core/generic.py", line 6204, in __getattr__
    return object.__getattribute__(self, name)
AttributeError: 'DataFrame' object has no attribute 'append'. Did you mean: '_append'?</failure></testcase><testcase classname="tests.test_dice_interface.test_dice_random.TestDiceRandomRegressionMethods" name="test_random_output[random_regression_exp_object2-1.0-desired_range0-6]" time="0.002"><failure message="AttributeError: 'DataFrame' object has no attribute 'append'. Did you mean: '_append'?">Traceback (most recent call last):
  File "/workdir/dice-ml-0.9/.tox/cpythonlibtest-unit-test-tests/lib/python3.10/site-packages/_pytest/runner.py", line 341, in from_call
    result: Optional[TResult] = func()
  File "/workdir/dice-ml-0.9/.tox/cpythonlibtest-unit-test-tests/lib/python3.10/site-packages/_pytest/runner.py", line 262, in &lt;lambda&gt;
    lambda: ihook(item=item, **kwds), when=when, reraise=reraise
  File "/workdir/dice-ml-0.9/.tox/cpythonlibtest-unit-test-tests/lib/python3.10/site-packages/pluggy/_hooks.py", line 493, in __call__
    return self._hookexec(self.name, self._hookimpls, kwargs, firstresult)
  File "/workdir/dice-ml-0.9/.tox/cpythonlibtest-unit-test-tests/lib/python3.10/site-packages/pluggy/_manager.py", line 115, in _hookexec
    return self._inner_hookexec(hook_name, methods, kwargs, firstresult)
  File "/workdir/dice-ml-0.9/.tox/cpythonlibtest-unit-test-tests/lib/python3.10/site-packages/pluggy/_callers.py", line 152, in _multicall
    return outcome.get_result()
  File "/workdir/dice-ml-0.9/.tox/cpythonlibtest-unit-test-tests/lib/python3.10/site-packages/pluggy/_result.py", line 114, in get_result
    raise exc.with_traceback(exc.__traceback__)
  File "/workdir/dice-ml-0.9/.tox/cpythonlibtest-unit-test-tests/lib/python3.10/site-packages/pluggy/_callers.py", line 77, in _multicall
    res = hook_impl.function(*args)
  File "/workdir/dice-ml-0.9/.tox/cpythonlibtest-unit-test-tests/lib/python3.10/site-packages/_pytest/runner.py", line 177, in pytest_runtest_call
    raise e
  File "/workdir/dice-ml-0.9/.tox/cpythonlibtest-unit-test-tests/lib/python3.10/site-packages/_pytest/runner.py", line 169, in pytest_runtest_call
    item.runtest()
  File "/workdir/dice-ml-0.9/.tox/cpythonlibtest-unit-test-tests/lib/python3.10/site-packages/_pytest/python.py", line 1792, in runtest
    self.ihook.pytest_pyfunc_call(pyfuncitem=self)
  File "/workdir/dice-ml-0.9/.tox/cpythonlibtest-unit-test-tests/lib/python3.10/site-packages/pluggy/_hooks.py", line 493, in __call__
    return self._hookexec(self.name, self._hookimpls, kwargs, firstresult)
  File "/workdir/dice-ml-0.9/.tox/cpythonlibtest-unit-test-tests/lib/python3.10/site-packages/pluggy/_manager.py", line 115, in _hookexec
    return self._inner_hookexec(hook_name, methods, kwargs, firstresult)
  File "/workdir/dice-ml-0.9/.tox/cpythonlibtest-unit-test-tests/lib/python3.10/site-packages/pluggy/_callers.py", line 113, in _multicall
    raise exception.with_traceback(exception.__traceback__)
  File "/workdir/dice-ml-0.9/.tox/cpythonlibtest-unit-test-tests/lib/python3.10/site-packages/pluggy/_callers.py", line 77, in _multicall
    res = hook_impl.function(*args)
  File "/workdir/dice-ml-0.9/.tox/cpythonlibtest-unit-test-tests/lib/python3.10/site-packages/_pytest/python.py", line 194, in pytest_pyfunc_call
    result = testfunction(**testargs)
  File "/workdir/dice-ml-0.9/tests/test_dice_interface/test_dice_random.py", line 175, in test_random_output
    cf_examples = self.exp._generate_counterfactuals(query_instance=sample_custom_query_2, total_CFs=total_CFs,
  File "/workdir/dice-ml-0.9/dice_ml/explainer_interfaces/dice_random.py", line 78, in _generate_counterfactuals
    model_predictions = self.predict_fn(query_instance)
  File "/workdir/dice-ml-0.9/dice_ml/explainer_interfaces/explainer_base.py", line 484, in predict_fn
    preds = self.model.get_output(input_instance)
  File "/workdir/dice-ml-0.9/dice_ml/model_interfaces/pytorch_model.py", line 40, in get_output
    input_tensor = torch.tensor(self.transformer.transform(input_instance).to_numpy()).float()
  File "/workdir/dice-ml-0.9/dice_ml/utils/helpers.py", line 291, in transform
    return self.data_transformer.transform(data)  # should return a numpy array
  File "/workdir/dice-ml-0.9/.tox/cpythonlibtest-unit-test-tests/lib/python3.10/site-packages/sklearn/preprocessing/_function_transformer.py", line 212, in transform
    return self._transform(X, func=self.func, kw_args=self.kw_args)
  File "/workdir/dice-ml-0.9/.tox/cpythonlibtest-unit-test-tests/lib/python3.10/site-packages/sklearn/preprocessing/_function_transformer.py", line 292, in _transform
    return func(X, **(kw_args if kw_args else {}))
  File "/workdir/dice-ml-0.9/dice_ml/utils/helpers.py", line 251, in ohe_min_max_transformation
    return data_interface.get_ohe_min_max_normalized_data(data)
  File "/workdir/dice-ml-0.9/dice_ml/data_interfaces/private_data_interface.py", line 382, in get_ohe_min_max_normalized_data
    temp = ohe_base_df.append(query_instance, ignore_index=True, sort=False)
  File "/workdir/dice-ml-0.9/.tox/cpythonlibtest-unit-test-tests/lib/python3.10/site-packages/pandas/core/generic.py", line 6204, in __getattr__
    return object.__getattribute__(self, name)
AttributeError: 'DataFrame' object has no attribute 'append'. Did you mean: '_append'?</failure></testcase><testcase classname="tests.test_dice_interface.test_dice_random.TestDiceRandomRegressionMethods" name="test_random_counterfactual_explanations_output[random_regression_exp_object2-desired_range0-6]" time="0.002"><failure message="AttributeError: 'DataFrame' object has no attribute 'append'. Did you mean: '_append'?">Traceback (most recent call last):
  File "/workdir/dice-ml-0.9/.tox/cpythonlibtest-unit-test-tests/lib/python3.10/site-packages/_pytest/runner.py", line 341, in from_call
    result: Optional[TResult] = func()
  File "/workdir/dice-ml-0.9/.tox/cpythonlibtest-unit-test-tests/lib/python3.10/site-packages/_pytest/runner.py", line 262, in &lt;lambda&gt;
    lambda: ihook(item=item, **kwds), when=when, reraise=reraise
  File "/workdir/dice-ml-0.9/.tox/cpythonlibtest-unit-test-tests/lib/python3.10/site-packages/pluggy/_hooks.py", line 493, in __call__
    return self._hookexec(self.name, self._hookimpls, kwargs, firstresult)
  File "/workdir/dice-ml-0.9/.tox/cpythonlibtest-unit-test-tests/lib/python3.10/site-packages/pluggy/_manager.py", line 115, in _hookexec
    return self._inner_hookexec(hook_name, methods, kwargs, firstresult)
  File "/workdir/dice-ml-0.9/.tox/cpythonlibtest-unit-test-tests/lib/python3.10/site-packages/pluggy/_callers.py", line 152, in _multicall
    return outcome.get_result()
  File "/workdir/dice-ml-0.9/.tox/cpythonlibtest-unit-test-tests/lib/python3.10/site-packages/pluggy/_result.py", line 114, in get_result
    raise exc.with_traceback(exc.__traceback__)
  File "/workdir/dice-ml-0.9/.tox/cpythonlibtest-unit-test-tests/lib/python3.10/site-packages/pluggy/_callers.py", line 77, in _multicall
    res = hook_impl.function(*args)
  File "/workdir/dice-ml-0.9/.tox/cpythonlibtest-unit-test-tests/lib/python3.10/site-packages/_pytest/runner.py", line 177, in pytest_runtest_call
    raise e
  File "/workdir/dice-ml-0.9/.tox/cpythonlibtest-unit-test-tests/lib/python3.10/site-packages/_pytest/runner.py", line 169, in pytest_runtest_call
    item.runtest()
  File "/workdir/dice-ml-0.9/.tox/cpythonlibtest-unit-test-tests/lib/python3.10/site-packages/_pytest/python.py", line 1792, in runtest
    self.ihook.pytest_pyfunc_call(pyfuncitem=self)
  File "/workdir/dice-ml-0.9/.tox/cpythonlibtest-unit-test-tests/lib/python3.10/site-packages/pluggy/_hooks.py", line 493, in __call__
    return self._hookexec(self.name, self._hookimpls, kwargs, firstresult)
  File "/workdir/dice-ml-0.9/.tox/cpythonlibtest-unit-test-tests/lib/python3.10/site-packages/pluggy/_manager.py", line 115, in _hookexec
    return self._inner_hookexec(hook_name, methods, kwargs, firstresult)
  File "/workdir/dice-ml-0.9/.tox/cpythonlibtest-unit-test-tests/lib/python3.10/site-packages/pluggy/_callers.py", line 113, in _multicall
    raise exception.with_traceback(exception.__traceback__)
  File "/workdir/dice-ml-0.9/.tox/cpythonlibtest-unit-test-tests/lib/python3.10/site-packages/pluggy/_callers.py", line 77, in _multicall
    res = hook_impl.function(*args)
  File "/workdir/dice-ml-0.9/.tox/cpythonlibtest-unit-test-tests/lib/python3.10/site-packages/_pytest/python.py", line 194, in pytest_pyfunc_call
    result = testfunction(**testargs)
  File "/workdir/dice-ml-0.9/tests/test_dice_interface/test_dice_random.py", line 187, in test_random_counterfactual_explanations_output
    counterfactual_explanations = self.exp.generate_counterfactuals(
  File "/workdir/dice-ml-0.9/dice_ml/explainer_interfaces/explainer_base.py", line 161, in generate_counterfactuals
    res = self._generate_counterfactuals(
  File "/workdir/dice-ml-0.9/dice_ml/explainer_interfaces/dice_random.py", line 78, in _generate_counterfactuals
    model_predictions = self.predict_fn(query_instance)
  File "/workdir/dice-ml-0.9/dice_ml/explainer_interfaces/explainer_base.py", line 484, in predict_fn
    preds = self.model.get_output(input_instance)
  File "/workdir/dice-ml-0.9/dice_ml/model_interfaces/pytorch_model.py", line 40, in get_output
    input_tensor = torch.tensor(self.transformer.transform(input_instance).to_numpy()).float()
  File "/workdir/dice-ml-0.9/dice_ml/utils/helpers.py", line 291, in transform
    return self.data_transformer.transform(data)  # should return a numpy array
  File "/workdir/dice-ml-0.9/.tox/cpythonlibtest-unit-test-tests/lib/python3.10/site-packages/sklearn/preprocessing/_function_transformer.py", line 212, in transform
    return self._transform(X, func=self.func, kw_args=self.kw_args)
  File "/workdir/dice-ml-0.9/.tox/cpythonlibtest-unit-test-tests/lib/python3.10/site-packages/sklearn/preprocessing/_function_transformer.py", line 292, in _transform
    return func(X, **(kw_args if kw_args else {}))
  File "/workdir/dice-ml-0.9/dice_ml/utils/helpers.py", line 251, in ohe_min_max_transformation
    return data_interface.get_ohe_min_max_normalized_data(data)
  File "/workdir/dice-ml-0.9/dice_ml/data_interfaces/private_data_interface.py", line 382, in get_ohe_min_max_normalized_data
    temp = ohe_base_df.append(query_instance, ignore_index=True, sort=False)
  File "/workdir/dice-ml-0.9/.tox/cpythonlibtest-unit-test-tests/lib/python3.10/site-packages/pandas/core/generic.py", line 6204, in __getattr__
    return object.__getattribute__(self, name)
AttributeError: 'DataFrame' object has no attribute 'append'. Did you mean: '_append'?</failure></testcase><testcase classname="tests.test_dice_interface.test_dice_random.TestDiceRandomRegressionMethods" name="test_zero_cfs[random_regression_exp_object2-all-None-desired_range0-0-None]" time="0.002"><failure message="AttributeError: 'DataFrame' object has no attribute 'append'. Did you mean: '_append'?">Traceback (most recent call last):
  File "/workdir/dice-ml-0.9/.tox/cpythonlibtest-unit-test-tests/lib/python3.10/site-packages/_pytest/runner.py", line 341, in from_call
    result: Optional[TResult] = func()
  File "/workdir/dice-ml-0.9/.tox/cpythonlibtest-unit-test-tests/lib/python3.10/site-packages/_pytest/runner.py", line 262, in &lt;lambda&gt;
    lambda: ihook(item=item, **kwds), when=when, reraise=reraise
  File "/workdir/dice-ml-0.9/.tox/cpythonlibtest-unit-test-tests/lib/python3.10/site-packages/pluggy/_hooks.py", line 493, in __call__
    return self._hookexec(self.name, self._hookimpls, kwargs, firstresult)
  File "/workdir/dice-ml-0.9/.tox/cpythonlibtest-unit-test-tests/lib/python3.10/site-packages/pluggy/_manager.py", line 115, in _hookexec
    return self._inner_hookexec(hook_name, methods, kwargs, firstresult)
  File "/workdir/dice-ml-0.9/.tox/cpythonlibtest-unit-test-tests/lib/python3.10/site-packages/pluggy/_callers.py", line 152, in _multicall
    return outcome.get_result()
  File "/workdir/dice-ml-0.9/.tox/cpythonlibtest-unit-test-tests/lib/python3.10/site-packages/pluggy/_result.py", line 114, in get_result
    raise exc.with_traceback(exc.__traceback__)
  File "/workdir/dice-ml-0.9/.tox/cpythonlibtest-unit-test-tests/lib/python3.10/site-packages/pluggy/_callers.py", line 77, in _multicall
    res = hook_impl.function(*args)
  File "/workdir/dice-ml-0.9/.tox/cpythonlibtest-unit-test-tests/lib/python3.10/site-packages/_pytest/runner.py", line 177, in pytest_runtest_call
    raise e
  File "/workdir/dice-ml-0.9/.tox/cpythonlibtest-unit-test-tests/lib/python3.10/site-packages/_pytest/runner.py", line 169, in pytest_runtest_call
    item.runtest()
  File "/workdir/dice-ml-0.9/.tox/cpythonlibtest-unit-test-tests/lib/python3.10/site-packages/_pytest/python.py", line 1792, in runtest
    self.ihook.pytest_pyfunc_call(pyfuncitem=self)
  File "/workdir/dice-ml-0.9/.tox/cpythonlibtest-unit-test-tests/lib/python3.10/site-packages/pluggy/_hooks.py", line 493, in __call__
    return self._hookexec(self.name, self._hookimpls, kwargs, firstresult)
  File "/workdir/dice-ml-0.9/.tox/cpythonlibtest-unit-test-tests/lib/python3.10/site-packages/pluggy/_manager.py", line 115, in _hookexec
    return self._inner_hookexec(hook_name, methods, kwargs, firstresult)
  File "/workdir/dice-ml-0.9/.tox/cpythonlibtest-unit-test-tests/lib/python3.10/site-packages/pluggy/_callers.py", line 113, in _multicall
    raise exception.with_traceback(exception.__traceback__)
  File "/workdir/dice-ml-0.9/.tox/cpythonlibtest-unit-test-tests/lib/python3.10/site-packages/pluggy/_callers.py", line 77, in _multicall
    res = hook_impl.function(*args)
  File "/workdir/dice-ml-0.9/.tox/cpythonlibtest-unit-test-tests/lib/python3.10/site-packages/_pytest/python.py", line 194, in pytest_pyfunc_call
    result = testfunction(**testargs)
  File "/workdir/dice-ml-0.9/tests/test_dice_interface/test_dice_random.py", line 204, in test_zero_cfs
    self.exp._generate_counterfactuals(features_to_vary=features_to_vary, query_instance=sample_custom_query_2,
  File "/workdir/dice-ml-0.9/dice_ml/explainer_interfaces/dice_random.py", line 78, in _generate_counterfactuals
    model_predictions = self.predict_fn(query_instance)
  File "/workdir/dice-ml-0.9/dice_ml/explainer_interfaces/explainer_base.py", line 484, in predict_fn
    preds = self.model.get_output(input_instance)
  File "/workdir/dice-ml-0.9/dice_ml/model_interfaces/pytorch_model.py", line 40, in get_output
    input_tensor = torch.tensor(self.transformer.transform(input_instance).to_numpy()).float()
  File "/workdir/dice-ml-0.9/dice_ml/utils/helpers.py", line 291, in transform
    return self.data_transformer.transform(data)  # should return a numpy array
  File "/workdir/dice-ml-0.9/.tox/cpythonlibtest-unit-test-tests/lib/python3.10/site-packages/sklearn/preprocessing/_function_transformer.py", line 212, in transform
    return self._transform(X, func=self.func, kw_args=self.kw_args)
  File "/workdir/dice-ml-0.9/.tox/cpythonlibtest-unit-test-tests/lib/python3.10/site-packages/sklearn/preprocessing/_function_transformer.py", line 292, in _transform
    return func(X, **(kw_args if kw_args else {}))
  File "/workdir/dice-ml-0.9/dice_ml/utils/helpers.py", line 251, in ohe_min_max_transformation
    return data_interface.get_ohe_min_max_normalized_data(data)
  File "/workdir/dice-ml-0.9/dice_ml/data_interfaces/private_data_interface.py", line 382, in get_ohe_min_max_normalized_data
    temp = ohe_base_df.append(query_instance, ignore_index=True, sort=False)
  File "/workdir/dice-ml-0.9/.tox/cpythonlibtest-unit-test-tests/lib/python3.10/site-packages/pandas/core/generic.py", line 6204, in __getattr__
    return object.__getattribute__(self, name)
AttributeError: 'DataFrame' object has no attribute 'append'. Did you mean: '_append'?</failure></testcase><testcase classname="tests.test_dice_interface.test_dice_random.TestDiceRandomRegressionMethods" name="test_desired_range[random_regression_exp_object3-all-None-desired_range0-2-None]" time="0.008"><failure message="TypeError: can't convert np.ndarray of type numpy.object_. The only supported types are: float64, float32, float16, complex64, complex128, int64, int32, int16, int8, uint8, and bool.">Traceback (most recent call last):
  File "/workdir/dice-ml-0.9/.tox/cpythonlibtest-unit-test-tests/lib/python3.10/site-packages/_pytest/runner.py", line 341, in from_call
    result: Optional[TResult] = func()
  File "/workdir/dice-ml-0.9/.tox/cpythonlibtest-unit-test-tests/lib/python3.10/site-packages/_pytest/runner.py", line 262, in &lt;lambda&gt;
    lambda: ihook(item=item, **kwds), when=when, reraise=reraise
  File "/workdir/dice-ml-0.9/.tox/cpythonlibtest-unit-test-tests/lib/python3.10/site-packages/pluggy/_hooks.py", line 493, in __call__
    return self._hookexec(self.name, self._hookimpls, kwargs, firstresult)
  File "/workdir/dice-ml-0.9/.tox/cpythonlibtest-unit-test-tests/lib/python3.10/site-packages/pluggy/_manager.py", line 115, in _hookexec
    return self._inner_hookexec(hook_name, methods, kwargs, firstresult)
  File "/workdir/dice-ml-0.9/.tox/cpythonlibtest-unit-test-tests/lib/python3.10/site-packages/pluggy/_callers.py", line 152, in _multicall
    return outcome.get_result()
  File "/workdir/dice-ml-0.9/.tox/cpythonlibtest-unit-test-tests/lib/python3.10/site-packages/pluggy/_result.py", line 114, in get_result
    raise exc.with_traceback(exc.__traceback__)
  File "/workdir/dice-ml-0.9/.tox/cpythonlibtest-unit-test-tests/lib/python3.10/site-packages/pluggy/_callers.py", line 77, in _multicall
    res = hook_impl.function(*args)
  File "/workdir/dice-ml-0.9/.tox/cpythonlibtest-unit-test-tests/lib/python3.10/site-packages/_pytest/runner.py", line 177, in pytest_runtest_call
    raise e
  File "/workdir/dice-ml-0.9/.tox/cpythonlibtest-unit-test-tests/lib/python3.10/site-packages/_pytest/runner.py", line 169, in pytest_runtest_call
    item.runtest()
  File "/workdir/dice-ml-0.9/.tox/cpythonlibtest-unit-test-tests/lib/python3.10/site-packages/_pytest/python.py", line 1792, in runtest
    self.ihook.pytest_pyfunc_call(pyfuncitem=self)
  File "/workdir/dice-ml-0.9/.tox/cpythonlibtest-unit-test-tests/lib/python3.10/site-packages/pluggy/_hooks.py", line 493, in __call__
    return self._hookexec(self.name, self._hookimpls, kwargs, firstresult)
  File "/workdir/dice-ml-0.9/.tox/cpythonlibtest-unit-test-tests/lib/python3.10/site-packages/pluggy/_manager.py", line 115, in _hookexec
    return self._inner_hookexec(hook_name, methods, kwargs, firstresult)
  File "/workdir/dice-ml-0.9/.tox/cpythonlibtest-unit-test-tests/lib/python3.10/site-packages/pluggy/_callers.py", line 113, in _multicall
    raise exception.with_traceback(exception.__traceback__)
  File "/workdir/dice-ml-0.9/.tox/cpythonlibtest-unit-test-tests/lib/python3.10/site-packages/pluggy/_callers.py", line 77, in _multicall
    res = hook_impl.function(*args)
  File "/workdir/dice-ml-0.9/.tox/cpythonlibtest-unit-test-tests/lib/python3.10/site-packages/_pytest/python.py", line 194, in pytest_pyfunc_call
    result = testfunction(**testargs)
  File "/workdir/dice-ml-0.9/tests/test_dice_interface/test_dice_random.py", line 162, in test_desired_range
    ans = self.exp._generate_counterfactuals(features_to_vary=features_to_vary,
  File "/workdir/dice-ml-0.9/dice_ml/explainer_interfaces/dice_random.py", line 78, in _generate_counterfactuals
    model_predictions = self.predict_fn(query_instance)
  File "/workdir/dice-ml-0.9/dice_ml/explainer_interfaces/explainer_base.py", line 484, in predict_fn
    preds = self.model.get_output(input_instance)
  File "/workdir/dice-ml-0.9/dice_ml/model_interfaces/pytorch_model.py", line 40, in get_output
    input_tensor = torch.tensor(self.transformer.transform(input_instance).to_numpy()).float()
TypeError: can't convert np.ndarray of type numpy.object_. The only supported types are: float64, float32, float16, complex64, complex128, int64, int32, int16, int8, uint8, and bool.</failure></testcase><testcase classname="tests.test_dice_interface.test_dice_random.TestDiceRandomRegressionMethods" name="test_random_output[random_regression_exp_object3-2.0-desired_range0-6]" time="0.005"><failure message="TypeError: can't convert np.ndarray of type numpy.object_. The only supported types are: float64, float32, float16, complex64, complex128, int64, int32, int16, int8, uint8, and bool.">Traceback (most recent call last):
  File "/workdir/dice-ml-0.9/.tox/cpythonlibtest-unit-test-tests/lib/python3.10/site-packages/_pytest/runner.py", line 341, in from_call
    result: Optional[TResult] = func()
  File "/workdir/dice-ml-0.9/.tox/cpythonlibtest-unit-test-tests/lib/python3.10/site-packages/_pytest/runner.py", line 262, in &lt;lambda&gt;
    lambda: ihook(item=item, **kwds), when=when, reraise=reraise
  File "/workdir/dice-ml-0.9/.tox/cpythonlibtest-unit-test-tests/lib/python3.10/site-packages/pluggy/_hooks.py", line 493, in __call__
    return self._hookexec(self.name, self._hookimpls, kwargs, firstresult)
  File "/workdir/dice-ml-0.9/.tox/cpythonlibtest-unit-test-tests/lib/python3.10/site-packages/pluggy/_manager.py", line 115, in _hookexec
    return self._inner_hookexec(hook_name, methods, kwargs, firstresult)
  File "/workdir/dice-ml-0.9/.tox/cpythonlibtest-unit-test-tests/lib/python3.10/site-packages/pluggy/_callers.py", line 152, in _multicall
    return outcome.get_result()
  File "/workdir/dice-ml-0.9/.tox/cpythonlibtest-unit-test-tests/lib/python3.10/site-packages/pluggy/_result.py", line 114, in get_result
    raise exc.with_traceback(exc.__traceback__)
  File "/workdir/dice-ml-0.9/.tox/cpythonlibtest-unit-test-tests/lib/python3.10/site-packages/pluggy/_callers.py", line 77, in _multicall
    res = hook_impl.function(*args)
  File "/workdir/dice-ml-0.9/.tox/cpythonlibtest-unit-test-tests/lib/python3.10/site-packages/_pytest/runner.py", line 177, in pytest_runtest_call
    raise e
  File "/workdir/dice-ml-0.9/.tox/cpythonlibtest-unit-test-tests/lib/python3.10/site-packages/_pytest/runner.py", line 169, in pytest_runtest_call
    item.runtest()
  File "/workdir/dice-ml-0.9/.tox/cpythonlibtest-unit-test-tests/lib/python3.10/site-packages/_pytest/python.py", line 1792, in runtest
    self.ihook.pytest_pyfunc_call(pyfuncitem=self)
  File "/workdir/dice-ml-0.9/.tox/cpythonlibtest-unit-test-tests/lib/python3.10/site-packages/pluggy/_hooks.py", line 493, in __call__
    return self._hookexec(self.name, self._hookimpls, kwargs, firstresult)
  File "/workdir/dice-ml-0.9/.tox/cpythonlibtest-unit-test-tests/lib/python3.10/site-packages/pluggy/_manager.py", line 115, in _hookexec
    return self._inner_hookexec(hook_name, methods, kwargs, firstresult)
  File "/workdir/dice-ml-0.9/.tox/cpythonlibtest-unit-test-tests/lib/python3.10/site-packages/pluggy/_callers.py", line 113, in _multicall
    raise exception.with_traceback(exception.__traceback__)
  File "/workdir/dice-ml-0.9/.tox/cpythonlibtest-unit-test-tests/lib/python3.10/site-packages/pluggy/_callers.py", line 77, in _multicall
    res = hook_impl.function(*args)
  File "/workdir/dice-ml-0.9/.tox/cpythonlibtest-unit-test-tests/lib/python3.10/site-packages/_pytest/python.py", line 194, in pytest_pyfunc_call
    result = testfunction(**testargs)
  File "/workdir/dice-ml-0.9/tests/test_dice_interface/test_dice_random.py", line 175, in test_random_output
    cf_examples = self.exp._generate_counterfactuals(query_instance=sample_custom_query_2, total_CFs=total_CFs,
  File "/workdir/dice-ml-0.9/dice_ml/explainer_interfaces/dice_random.py", line 78, in _generate_counterfactuals
    model_predictions = self.predict_fn(query_instance)
  File "/workdir/dice-ml-0.9/dice_ml/explainer_interfaces/explainer_base.py", line 484, in predict_fn
    preds = self.model.get_output(input_instance)
  File "/workdir/dice-ml-0.9/dice_ml/model_interfaces/pytorch_model.py", line 40, in get_output
    input_tensor = torch.tensor(self.transformer.transform(input_instance).to_numpy()).float()
TypeError: can't convert np.ndarray of type numpy.object_. The only supported types are: float64, float32, float16, complex64, complex128, int64, int32, int16, int8, uint8, and bool.</failure></testcase><testcase classname="tests.test_dice_interface.test_dice_random.TestDiceRandomRegressionMethods" name="test_random_output[random_regression_exp_object3-1.0-desired_range0-6]" time="0.005"><failure message="TypeError: can't convert np.ndarray of type numpy.object_. The only supported types are: float64, float32, float16, complex64, complex128, int64, int32, int16, int8, uint8, and bool.">Traceback (most recent call last):
  File "/workdir/dice-ml-0.9/.tox/cpythonlibtest-unit-test-tests/lib/python3.10/site-packages/_pytest/runner.py", line 341, in from_call
    result: Optional[TResult] = func()
  File "/workdir/dice-ml-0.9/.tox/cpythonlibtest-unit-test-tests/lib/python3.10/site-packages/_pytest/runner.py", line 262, in &lt;lambda&gt;
    lambda: ihook(item=item, **kwds), when=when, reraise=reraise
  File "/workdir/dice-ml-0.9/.tox/cpythonlibtest-unit-test-tests/lib/python3.10/site-packages/pluggy/_hooks.py", line 493, in __call__
    return self._hookexec(self.name, self._hookimpls, kwargs, firstresult)
  File "/workdir/dice-ml-0.9/.tox/cpythonlibtest-unit-test-tests/lib/python3.10/site-packages/pluggy/_manager.py", line 115, in _hookexec
    return self._inner_hookexec(hook_name, methods, kwargs, firstresult)
  File "/workdir/dice-ml-0.9/.tox/cpythonlibtest-unit-test-tests/lib/python3.10/site-packages/pluggy/_callers.py", line 152, in _multicall
    return outcome.get_result()
  File "/workdir/dice-ml-0.9/.tox/cpythonlibtest-unit-test-tests/lib/python3.10/site-packages/pluggy/_result.py", line 114, in get_result
    raise exc.with_traceback(exc.__traceback__)
  File "/workdir/dice-ml-0.9/.tox/cpythonlibtest-unit-test-tests/lib/python3.10/site-packages/pluggy/_callers.py", line 77, in _multicall
    res = hook_impl.function(*args)
  File "/workdir/dice-ml-0.9/.tox/cpythonlibtest-unit-test-tests/lib/python3.10/site-packages/_pytest/runner.py", line 177, in pytest_runtest_call
    raise e
  File "/workdir/dice-ml-0.9/.tox/cpythonlibtest-unit-test-tests/lib/python3.10/site-packages/_pytest/runner.py", line 169, in pytest_runtest_call
    item.runtest()
  File "/workdir/dice-ml-0.9/.tox/cpythonlibtest-unit-test-tests/lib/python3.10/site-packages/_pytest/python.py", line 1792, in runtest
    self.ihook.pytest_pyfunc_call(pyfuncitem=self)
  File "/workdir/dice-ml-0.9/.tox/cpythonlibtest-unit-test-tests/lib/python3.10/site-packages/pluggy/_hooks.py", line 493, in __call__
    return self._hookexec(self.name, self._hookimpls, kwargs, firstresult)
  File "/workdir/dice-ml-0.9/.tox/cpythonlibtest-unit-test-tests/lib/python3.10/site-packages/pluggy/_manager.py", line 115, in _hookexec
    return self._inner_hookexec(hook_name, methods, kwargs, firstresult)
  File "/workdir/dice-ml-0.9/.tox/cpythonlibtest-unit-test-tests/lib/python3.10/site-packages/pluggy/_callers.py", line 113, in _multicall
    raise exception.with_traceback(exception.__traceback__)
  File "/workdir/dice-ml-0.9/.tox/cpythonlibtest-unit-test-tests/lib/python3.10/site-packages/pluggy/_callers.py", line 77, in _multicall
    res = hook_impl.function(*args)
  File "/workdir/dice-ml-0.9/.tox/cpythonlibtest-unit-test-tests/lib/python3.10/site-packages/_pytest/python.py", line 194, in pytest_pyfunc_call
    result = testfunction(**testargs)
  File "/workdir/dice-ml-0.9/tests/test_dice_interface/test_dice_random.py", line 175, in test_random_output
    cf_examples = self.exp._generate_counterfactuals(query_instance=sample_custom_query_2, total_CFs=total_CFs,
  File "/workdir/dice-ml-0.9/dice_ml/explainer_interfaces/dice_random.py", line 78, in _generate_counterfactuals
    model_predictions = self.predict_fn(query_instance)
  File "/workdir/dice-ml-0.9/dice_ml/explainer_interfaces/explainer_base.py", line 484, in predict_fn
    preds = self.model.get_output(input_instance)
  File "/workdir/dice-ml-0.9/dice_ml/model_interfaces/pytorch_model.py", line 40, in get_output
    input_tensor = torch.tensor(self.transformer.transform(input_instance).to_numpy()).float()
TypeError: can't convert np.ndarray of type numpy.object_. The only supported types are: float64, float32, float16, complex64, complex128, int64, int32, int16, int8, uint8, and bool.</failure></testcase><testcase classname="tests.test_dice_interface.test_dice_random.TestDiceRandomRegressionMethods" name="test_random_counterfactual_explanations_output[random_regression_exp_object3-desired_range0-6]" time="0.006"><failure message="TypeError: can't convert np.ndarray of type numpy.object_. The only supported types are: float64, float32, float16, complex64, complex128, int64, int32, int16, int8, uint8, and bool.">Traceback (most recent call last):
  File "/workdir/dice-ml-0.9/.tox/cpythonlibtest-unit-test-tests/lib/python3.10/site-packages/_pytest/runner.py", line 341, in from_call
    result: Optional[TResult] = func()
  File "/workdir/dice-ml-0.9/.tox/cpythonlibtest-unit-test-tests/lib/python3.10/site-packages/_pytest/runner.py", line 262, in &lt;lambda&gt;
    lambda: ihook(item=item, **kwds), when=when, reraise=reraise
  File "/workdir/dice-ml-0.9/.tox/cpythonlibtest-unit-test-tests/lib/python3.10/site-packages/pluggy/_hooks.py", line 493, in __call__
    return self._hookexec(self.name, self._hookimpls, kwargs, firstresult)
  File "/workdir/dice-ml-0.9/.tox/cpythonlibtest-unit-test-tests/lib/python3.10/site-packages/pluggy/_manager.py", line 115, in _hookexec
    return self._inner_hookexec(hook_name, methods, kwargs, firstresult)
  File "/workdir/dice-ml-0.9/.tox/cpythonlibtest-unit-test-tests/lib/python3.10/site-packages/pluggy/_callers.py", line 152, in _multicall
    return outcome.get_result()
  File "/workdir/dice-ml-0.9/.tox/cpythonlibtest-unit-test-tests/lib/python3.10/site-packages/pluggy/_result.py", line 114, in get_result
    raise exc.with_traceback(exc.__traceback__)
  File "/workdir/dice-ml-0.9/.tox/cpythonlibtest-unit-test-tests/lib/python3.10/site-packages/pluggy/_callers.py", line 77, in _multicall
    res = hook_impl.function(*args)
  File "/workdir/dice-ml-0.9/.tox/cpythonlibtest-unit-test-tests/lib/python3.10/site-packages/_pytest/runner.py", line 177, in pytest_runtest_call
    raise e
  File "/workdir/dice-ml-0.9/.tox/cpythonlibtest-unit-test-tests/lib/python3.10/site-packages/_pytest/runner.py", line 169, in pytest_runtest_call
    item.runtest()
  File "/workdir/dice-ml-0.9/.tox/cpythonlibtest-unit-test-tests/lib/python3.10/site-packages/_pytest/python.py", line 1792, in runtest
    self.ihook.pytest_pyfunc_call(pyfuncitem=self)
  File "/workdir/dice-ml-0.9/.tox/cpythonlibtest-unit-test-tests/lib/python3.10/site-packages/pluggy/_hooks.py", line 493, in __call__
    return self._hookexec(self.name, self._hookimpls, kwargs, firstresult)
  File "/workdir/dice-ml-0.9/.tox/cpythonlibtest-unit-test-tests/lib/python3.10/site-packages/pluggy/_manager.py", line 115, in _hookexec
    return self._inner_hookexec(hook_name, methods, kwargs, firstresult)
  File "/workdir/dice-ml-0.9/.tox/cpythonlibtest-unit-test-tests/lib/python3.10/site-packages/pluggy/_callers.py", line 113, in _multicall
    raise exception.with_traceback(exception.__traceback__)
  File "/workdir/dice-ml-0.9/.tox/cpythonlibtest-unit-test-tests/lib/python3.10/site-packages/pluggy/_callers.py", line 77, in _multicall
    res = hook_impl.function(*args)
  File "/workdir/dice-ml-0.9/.tox/cpythonlibtest-unit-test-tests/lib/python3.10/site-packages/_pytest/python.py", line 194, in pytest_pyfunc_call
    result = testfunction(**testargs)
  File "/workdir/dice-ml-0.9/tests/test_dice_interface/test_dice_random.py", line 187, in test_random_counterfactual_explanations_output
    counterfactual_explanations = self.exp.generate_counterfactuals(
  File "/workdir/dice-ml-0.9/dice_ml/explainer_interfaces/explainer_base.py", line 161, in generate_counterfactuals
    res = self._generate_counterfactuals(
  File "/workdir/dice-ml-0.9/dice_ml/explainer_interfaces/dice_random.py", line 78, in _generate_counterfactuals
    model_predictions = self.predict_fn(query_instance)
  File "/workdir/dice-ml-0.9/dice_ml/explainer_interfaces/explainer_base.py", line 484, in predict_fn
    preds = self.model.get_output(input_instance)
  File "/workdir/dice-ml-0.9/dice_ml/model_interfaces/pytorch_model.py", line 40, in get_output
    input_tensor = torch.tensor(self.transformer.transform(input_instance).to_numpy()).float()
TypeError: can't convert np.ndarray of type numpy.object_. The only supported types are: float64, float32, float16, complex64, complex128, int64, int32, int16, int8, uint8, and bool.</failure></testcase><testcase classname="tests.test_dice_interface.test_dice_random.TestDiceRandomRegressionMethods" name="test_zero_cfs[random_regression_exp_object3-all-None-desired_range0-0-None]" time="0.006"><failure message="TypeError: can't convert np.ndarray of type numpy.object_. The only supported types are: float64, float32, float16, complex64, complex128, int64, int32, int16, int8, uint8, and bool.">Traceback (most recent call last):
  File "/workdir/dice-ml-0.9/.tox/cpythonlibtest-unit-test-tests/lib/python3.10/site-packages/_pytest/runner.py", line 341, in from_call
    result: Optional[TResult] = func()
  File "/workdir/dice-ml-0.9/.tox/cpythonlibtest-unit-test-tests/lib/python3.10/site-packages/_pytest/runner.py", line 262, in &lt;lambda&gt;
    lambda: ihook(item=item, **kwds), when=when, reraise=reraise
  File "/workdir/dice-ml-0.9/.tox/cpythonlibtest-unit-test-tests/lib/python3.10/site-packages/pluggy/_hooks.py", line 493, in __call__
    return self._hookexec(self.name, self._hookimpls, kwargs, firstresult)
  File "/workdir/dice-ml-0.9/.tox/cpythonlibtest-unit-test-tests/lib/python3.10/site-packages/pluggy/_manager.py", line 115, in _hookexec
    return self._inner_hookexec(hook_name, methods, kwargs, firstresult)
  File "/workdir/dice-ml-0.9/.tox/cpythonlibtest-unit-test-tests/lib/python3.10/site-packages/pluggy/_callers.py", line 152, in _multicall
    return outcome.get_result()
  File "/workdir/dice-ml-0.9/.tox/cpythonlibtest-unit-test-tests/lib/python3.10/site-packages/pluggy/_result.py", line 114, in get_result
    raise exc.with_traceback(exc.__traceback__)
  File "/workdir/dice-ml-0.9/.tox/cpythonlibtest-unit-test-tests/lib/python3.10/site-packages/pluggy/_callers.py", line 77, in _multicall
    res = hook_impl.function(*args)
  File "/workdir/dice-ml-0.9/.tox/cpythonlibtest-unit-test-tests/lib/python3.10/site-packages/_pytest/runner.py", line 177, in pytest_runtest_call
    raise e
  File "/workdir/dice-ml-0.9/.tox/cpythonlibtest-unit-test-tests/lib/python3.10/site-packages/_pytest/runner.py", line 169, in pytest_runtest_call
    item.runtest()
  File "/workdir/dice-ml-0.9/.tox/cpythonlibtest-unit-test-tests/lib/python3.10/site-packages/_pytest/python.py", line 1792, in runtest
    self.ihook.pytest_pyfunc_call(pyfuncitem=self)
  File "/workdir/dice-ml-0.9/.tox/cpythonlibtest-unit-test-tests/lib/python3.10/site-packages/pluggy/_hooks.py", line 493, in __call__
    return self._hookexec(self.name, self._hookimpls, kwargs, firstresult)
  File "/workdir/dice-ml-0.9/.tox/cpythonlibtest-unit-test-tests/lib/python3.10/site-packages/pluggy/_manager.py", line 115, in _hookexec
    return self._inner_hookexec(hook_name, methods, kwargs, firstresult)
  File "/workdir/dice-ml-0.9/.tox/cpythonlibtest-unit-test-tests/lib/python3.10/site-packages/pluggy/_callers.py", line 113, in _multicall
    raise exception.with_traceback(exception.__traceback__)
  File "/workdir/dice-ml-0.9/.tox/cpythonlibtest-unit-test-tests/lib/python3.10/site-packages/pluggy/_callers.py", line 77, in _multicall
    res = hook_impl.function(*args)
  File "/workdir/dice-ml-0.9/.tox/cpythonlibtest-unit-test-tests/lib/python3.10/site-packages/_pytest/python.py", line 194, in pytest_pyfunc_call
    result = testfunction(**testargs)
  File "/workdir/dice-ml-0.9/tests/test_dice_interface/test_dice_random.py", line 204, in test_zero_cfs
    self.exp._generate_counterfactuals(features_to_vary=features_to_vary, query_instance=sample_custom_query_2,
  File "/workdir/dice-ml-0.9/dice_ml/explainer_interfaces/dice_random.py", line 78, in _generate_counterfactuals
    model_predictions = self.predict_fn(query_instance)
  File "/workdir/dice-ml-0.9/dice_ml/explainer_interfaces/explainer_base.py", line 484, in predict_fn
    preds = self.model.get_output(input_instance)
  File "/workdir/dice-ml-0.9/dice_ml/model_interfaces/pytorch_model.py", line 40, in get_output
    input_tensor = torch.tensor(self.transformer.transform(input_instance).to_numpy()).float()
TypeError: can't convert np.ndarray of type numpy.object_. The only supported types are: float64, float32, float16, complex64, complex128, int64, int32, int16, int8, uint8, and bool.</failure></testcase><testcase classname="tests.test_dice_interface.test_dice_tensorflow.TestDiceTensorFlowMethods" name="test_yloss[hinge_loss-4.6711]" time="6.326" /><testcase classname="tests.test_dice_interface.test_dice_tensorflow.TestDiceTensorFlowMethods" name="test_yloss[l2_loss-0.9501]" time="5.170" /><testcase classname="tests.test_dice_interface.test_dice_tensorflow.TestDiceTensorFlowMethods" name="test_yloss[log_loss-3.6968]" time="5.135" /><testcase classname="tests.test_dice_interface.test_dice_tensorflow.TestDiceTensorFlowMethods" name="test_proximity_loss" time="5.119" /><testcase classname="tests.test_dice_interface.test_dice_tensorflow.TestDiceTensorFlowMethods" name="test_diversity_loss[dpp_style:inverse_dist-0.0104]" time="6.230" /><testcase classname="tests.test_dice_interface.test_dice_tensorflow.TestDiceTensorFlowMethods" name="test_diversity_loss[avg_dist-0.1743]" time="6.223" /><testcase classname="tests.test_dice_interface.test_dice_tensorflow.TestDiceTensorFlowMethods" name="test_regularization_loss" time="6.174" /><testcase classname="tests.test_dice_interface.test_dice_tensorflow.TestDiceTensorFlowMethods" name="test_final_cfs_and_preds" time="48.562" /><testcase classname="tests.test_dice_interface.test_explainer_base.TestExplainerBaseBinaryClassification" name="test_check_any_counterfactuals_computed[random]" time="0.006" /><testcase classname="tests.test_dice_interface.test_explainer_base.TestExplainerBaseBinaryClassification" name="test_check_any_counterfactuals_computed[genetic]" time="0.003" /><testcase classname="tests.test_dice_interface.test_explainer_base.TestExplainerBaseBinaryClassification" name="test_check_any_counterfactuals_computed[kdtree]" time="0.012" /><testcase classname="tests.test_dice_interface.test_explainer_base.TestExplainerBaseBinaryClassification" name="test_local_feature_importance[1-random]" time="0.452" /><testcase classname="tests.test_dice_interface.test_explainer_base.TestExplainerBaseBinaryClassification" name="test_local_feature_importance[1-genetic]" time="18.370" /><testcase classname="tests.test_dice_interface.test_explainer_base.TestExplainerBaseBinaryClassification" name="test_local_feature_importance[1-kdtree]" time="0.133" /><testcase classname="tests.test_dice_interface.test_explainer_base.TestExplainerBaseBinaryClassification" name="test_global_feature_importance[1-random]" time="2.612" /><testcase classname="tests.test_dice_interface.test_explainer_base.TestExplainerBaseBinaryClassification" name="test_global_feature_importance[1-genetic]" time="45.522" /><testcase classname="tests.test_dice_interface.test_explainer_base.TestExplainerBaseBinaryClassification" name="test_global_feature_importance[1-kdtree]" time="0.615" /><testcase classname="tests.test_dice_interface.test_explainer_base.TestExplainerBaseBinaryClassification" name="test_incorrect_features_to_vary_list[1-random]" time="0.004" /><testcase classname="tests.test_dice_interface.test_explainer_base.TestExplainerBaseBinaryClassification" name="test_incorrect_features_to_vary_list[1-genetic]" time="0.003" /><testcase classname="tests.test_dice_interface.test_explainer_base.TestExplainerBaseBinaryClassification" name="test_incorrect_features_to_vary_list[1-kdtree]" time="0.012" /><testcase classname="tests.test_dice_interface.test_explainer_base.TestExplainerBaseBinaryClassification" name="test_incorrect_features_permitted_range[1-random]" time="0.003" /><testcase classname="tests.test_dice_interface.test_explainer_base.TestExplainerBaseBinaryClassification" name="test_incorrect_features_permitted_range[1-genetic]" time="0.003" /><testcase classname="tests.test_dice_interface.test_explainer_base.TestExplainerBaseBinaryClassification" name="test_incorrect_features_permitted_range[1-kdtree]" time="0.011" /><testcase classname="tests.test_dice_interface.test_explainer_base.TestExplainerBaseBinaryClassification" name="test_incorrect_values_permitted_range[1-random]" time="0.003" /><testcase classname="tests.test_dice_interface.test_explainer_base.TestExplainerBaseBinaryClassification" name="test_incorrect_values_permitted_range[1-genetic]" time="0.003" /><testcase classname="tests.test_dice_interface.test_explainer_base.TestExplainerBaseBinaryClassification" name="test_incorrect_values_permitted_range[1-kdtree]" time="0.012" /><testcase classname="tests.test_dice_interface.test_explainer_base.TestExplainerBaseBinaryClassification" name="test_unsupported_binary_class[100-random]" time="0.009" /><testcase classname="tests.test_dice_interface.test_explainer_base.TestExplainerBaseBinaryClassification" name="test_unsupported_binary_class[100-genetic]" time="0.018" /><testcase classname="tests.test_dice_interface.test_explainer_base.TestExplainerBaseBinaryClassification" name="test_unsupported_binary_class[100-kdtree]" time="0.019" /><testcase classname="tests.test_dice_interface.test_explainer_base.TestExplainerBaseBinaryClassification" name="test_unsupported_binary_class[a-random]" time="0.009" /><testcase classname="tests.test_dice_interface.test_explainer_base.TestExplainerBaseBinaryClassification" name="test_unsupported_binary_class[a-genetic]" time="0.021" /><testcase classname="tests.test_dice_interface.test_explainer_base.TestExplainerBaseBinaryClassification" name="test_unsupported_binary_class[a-kdtree]" time="0.020" /><testcase classname="tests.test_dice_interface.test_explainer_base.TestExplainerBaseBinaryClassification" name="test_query_instance_unknown_column[1-random]" time="0.004" /><testcase classname="tests.test_dice_interface.test_explainer_base.TestExplainerBaseBinaryClassification" name="test_query_instance_unknown_column[1-genetic]" time="0.003" /><testcase classname="tests.test_dice_interface.test_explainer_base.TestExplainerBaseBinaryClassification" name="test_query_instance_unknown_column[1-kdtree]" time="0.011" /><testcase classname="tests.test_dice_interface.test_explainer_base.TestExplainerBaseBinaryClassification" name="test_query_instance_outside_bounds[1-random]" time="0.004" /><testcase classname="tests.test_dice_interface.test_explainer_base.TestExplainerBaseBinaryClassification" name="test_query_instance_outside_bounds[1-genetic]" time="0.003" /><testcase classname="tests.test_dice_interface.test_explainer_base.TestExplainerBaseBinaryClassification" name="test_query_instance_outside_bounds[1-kdtree]" time="0.011" /><testcase classname="tests.test_dice_interface.test_explainer_base.TestExplainerBaseBinaryClassification" name="test_desired_class[1-random]" time="0.168" /><testcase classname="tests.test_dice_interface.test_explainer_base.TestExplainerBaseBinaryClassification" name="test_desired_class[1-genetic]" time="0.468" /><testcase classname="tests.test_dice_interface.test_explainer_base.TestExplainerBaseBinaryClassification" name="test_desired_class[1-kdtree]" time="0.209" /><testcase classname="tests.test_dice_interface.test_explainer_base.TestExplainerBaseBinaryClassification" name="test_permitted_range[1-1-permitted_range0-random]" time="0.082" /><testcase classname="tests.test_dice_interface.test_explainer_base.TestExplainerBaseBinaryClassification" name="test_permitted_range[1-1-permitted_range0-genetic]" time="0.185" /><testcase classname="tests.test_dice_interface.test_explainer_base.TestExplainerBaseBinaryClassification" name="test_permitted_range[1-1-permitted_range0-kdtree]" time="0.049" /><testcase classname="tests.test_dice_interface.test_explainer_base.TestExplainerBaseBinaryClassification" name="test_zero_cfs_internal[all-0-None-0-None-random]" time="0.056" /><testcase classname="tests.test_dice_interface.test_explainer_base.TestExplainerBaseBinaryClassification" name="test_zero_cfs_internal[all-0-None-0-None-genetic]" time="0.001"><skipped type="pytest.skip" message="DiceGenetic explainer does not handle the total counterfactuals as zero">/workdir/dice-ml-0.9/tests/test_dice_interface/test_explainer_base.py:306: DiceGenetic explainer does not handle the total counterfactuals as zero</skipped></testcase><testcase classname="tests.test_dice_interface.test_explainer_base.TestExplainerBaseBinaryClassification" name="test_zero_cfs_internal[all-0-None-0-None-kdtree]" time="0.031" /><testcase classname="tests.test_dice_interface.test_explainer_base.TestExplainerBaseMultiClassClassification" name="test_zero_totalcfs[1-random]" time="0.003" /><testcase classname="tests.test_dice_interface.test_explainer_base.TestExplainerBaseMultiClassClassification" name="test_zero_totalcfs[1-genetic]" time="0.003" /><testcase classname="tests.test_dice_interface.test_explainer_base.TestExplainerBaseMultiClassClassification" name="test_zero_totalcfs[1-kdtree]" time="0.012" /><testcase classname="tests.test_dice_interface.test_explainer_base.TestExplainerBaseMultiClassClassification" name="test_desired_class[kdtree-2-2-random]" time="0.179" /><testcase classname="tests.test_dice_interface.test_explainer_base.TestExplainerBaseMultiClassClassification" name="test_desired_class[kdtree-2-2-genetic]" time="0.925" /><testcase classname="tests.test_dice_interface.test_explainer_base.TestExplainerBaseMultiClassClassification" name="test_desired_class[kdtree-2-2-kdtree]" time="0.113" /><testcase classname="tests.test_dice_interface.test_explainer_base.TestExplainerBaseMultiClassClassification" name="test_desired_class[random-2-2-random]" time="0.178" /><testcase classname="tests.test_dice_interface.test_explainer_base.TestExplainerBaseMultiClassClassification" name="test_desired_class[random-2-2-genetic]" time="0.915" /><testcase classname="tests.test_dice_interface.test_explainer_base.TestExplainerBaseMultiClassClassification" name="test_desired_class[random-2-2-kdtree]" time="0.112" /><testcase classname="tests.test_dice_interface.test_explainer_base.TestExplainerBaseMultiClassClassification" name="test_unsupported_multiclass[100-3-random]" time="0.009" /><testcase classname="tests.test_dice_interface.test_explainer_base.TestExplainerBaseMultiClassClassification" name="test_unsupported_multiclass[100-3-genetic]" time="0.018" /><testcase classname="tests.test_dice_interface.test_explainer_base.TestExplainerBaseMultiClassClassification" name="test_unsupported_multiclass[100-3-kdtree]" time="0.020" /><testcase classname="tests.test_dice_interface.test_explainer_base.TestExplainerBaseMultiClassClassification" name="test_unsupported_multiclass[opposite-3-random]" time="0.009" /><testcase classname="tests.test_dice_interface.test_explainer_base.TestExplainerBaseMultiClassClassification" name="test_unsupported_multiclass[opposite-3-genetic]" time="0.017" /><testcase classname="tests.test_dice_interface.test_explainer_base.TestExplainerBaseMultiClassClassification" name="test_unsupported_multiclass[opposite-3-kdtree]" time="0.020" /><testcase classname="tests.test_dice_interface.test_explainer_base.TestExplainerBaseMultiClassClassification" name="test_zero_cfs_internal[all-0-None-0-None-random]" time="0.060" /><testcase classname="tests.test_dice_interface.test_explainer_base.TestExplainerBaseMultiClassClassification" name="test_zero_cfs_internal[all-0-None-0-None-genetic]" time="0.002"><skipped type="pytest.skip" message="DiceGenetic explainer does not handle the total counterfactuals as zero">/workdir/dice-ml-0.9/tests/test_dice_interface/test_explainer_base.py:417: DiceGenetic explainer does not handle the total counterfactuals as zero</skipped></testcase><testcase classname="tests.test_dice_interface.test_explainer_base.TestExplainerBaseMultiClassClassification" name="test_zero_cfs_internal[all-0-None-0-None-kdtree]" time="0.036" /><testcase classname="tests.test_dice_interface.test_explainer_base.TestExplainerBaseRegression" name="test_zero_totalcfs[desired_range0-random]" time="0.006" /><testcase classname="tests.test_dice_interface.test_explainer_base.TestExplainerBaseRegression" name="test_zero_totalcfs[desired_range1-genetic]" time="0.005" /><testcase classname="tests.test_dice_interface.test_explainer_base.TestExplainerBaseRegression" name="test_zero_totalcfs[desired_range2-kdtree]" time="0.005" /><testcase classname="tests.test_dice_interface.test_explainer_base.TestExplainerBaseRegression" name="test_numeric_categories[desired_range0-random]" time="0.526" /><testcase classname="tests.test_dice_interface.test_explainer_base.TestExplainerBase" name="test_instantiating_explainer_base" time="4.916" /><testcase classname="tests.test_dice_interface.test_explainer_base.TestExplainerBaseUserConfigValidations" name="test_generate_counterfactuals_user_config_validations[generate_counterfactuals-random]" time="0.004" /><testcase classname="tests.test_dice_interface.test_explainer_base.TestExplainerBaseUserConfigValidations" name="test_generate_counterfactuals_user_config_validations[generate_counterfactuals-genetic]" time="0.003" /><testcase classname="tests.test_dice_interface.test_explainer_base.TestExplainerBaseUserConfigValidations" name="test_generate_counterfactuals_user_config_validations[generate_counterfactuals-kdtree]" time="0.011" /><testcase classname="tests.test_dice_interface.test_explainer_base.TestExplainerBaseUserConfigValidations" name="test_generate_counterfactuals_user_config_validations[local_feature_importance-random]" time="0.003" /><testcase classname="tests.test_dice_interface.test_explainer_base.TestExplainerBaseUserConfigValidations" name="test_generate_counterfactuals_user_config_validations[local_feature_importance-genetic]" time="0.003" /><testcase classname="tests.test_dice_interface.test_explainer_base.TestExplainerBaseUserConfigValidations" name="test_generate_counterfactuals_user_config_validations[local_feature_importance-kdtree]" time="0.011" /><testcase classname="tests.test_dice_interface.test_explainer_base.TestExplainerBaseUserConfigValidations" name="test_generate_counterfactuals_user_config_validations[feature_importance-random]" time="0.003" /><testcase classname="tests.test_dice_interface.test_explainer_base.TestExplainerBaseUserConfigValidations" name="test_generate_counterfactuals_user_config_validations[feature_importance-genetic]" time="0.003" /><testcase classname="tests.test_dice_interface.test_explainer_base.TestExplainerBaseUserConfigValidations" name="test_generate_counterfactuals_user_config_validations[feature_importance-kdtree]" time="0.011" /><testcase classname="tests.test_dice_interface.test_explainer_base.TestExplainerBaseUserConfigValidations" name="test_generate_counterfactuals_user_config_validations[global_feature_importance-random]" time="0.003" /><testcase classname="tests.test_dice_interface.test_explainer_base.TestExplainerBaseUserConfigValidations" name="test_generate_counterfactuals_user_config_validations[global_feature_importance-genetic]" time="0.003" /><testcase classname="tests.test_dice_interface.test_explainer_base.TestExplainerBaseUserConfigValidations" name="test_generate_counterfactuals_user_config_validations[global_feature_importance-kdtree]" time="0.011" /><testcase classname="tests.test_dice_interface.test_explainer_base.TestExplainerBaseUserConfigValidations" name="test_generate_counterfactuals_user_config_validations_regression[generate_counterfactuals-random]" time="0.005" /><testcase classname="tests.test_dice_interface.test_explainer_base.TestExplainerBaseUserConfigValidations" name="test_generate_counterfactuals_user_config_validations_regression[generate_counterfactuals-genetic]" time="0.004" /><testcase classname="tests.test_dice_interface.test_explainer_base.TestExplainerBaseUserConfigValidations" name="test_generate_counterfactuals_user_config_validations_regression[generate_counterfactuals-kdtree]" time="0.004" /><testcase classname="tests.test_dice_interface.test_explainer_base.TestExplainerBaseUserConfigValidations" name="test_generate_counterfactuals_user_config_validations_regression[local_feature_importance-random]" time="0.004" /><testcase classname="tests.test_dice_interface.test_explainer_base.TestExplainerBaseUserConfigValidations" name="test_generate_counterfactuals_user_config_validations_regression[local_feature_importance-genetic]" time="0.004" /><testcase classname="tests.test_dice_interface.test_explainer_base.TestExplainerBaseUserConfigValidations" name="test_generate_counterfactuals_user_config_validations_regression[local_feature_importance-kdtree]" time="0.004" /><testcase classname="tests.test_dice_interface.test_explainer_base.TestExplainerBaseUserConfigValidations" name="test_generate_counterfactuals_user_config_validations_regression[feature_importance-random]" time="0.004" /><testcase classname="tests.test_dice_interface.test_explainer_base.TestExplainerBaseUserConfigValidations" name="test_generate_counterfactuals_user_config_validations_regression[feature_importance-genetic]" time="0.004" /><testcase classname="tests.test_dice_interface.test_explainer_base.TestExplainerBaseUserConfigValidations" name="test_generate_counterfactuals_user_config_validations_regression[feature_importance-kdtree]" time="0.004" /><testcase classname="tests.test_dice_interface.test_explainer_base.TestExplainerBaseUserConfigValidations" name="test_generate_counterfactuals_user_config_validations_regression[global_feature_importance-random]" time="0.004" /><testcase classname="tests.test_dice_interface.test_explainer_base.TestExplainerBaseUserConfigValidations" name="test_generate_counterfactuals_user_config_validations_regression[global_feature_importance-genetic]" time="0.004" /><testcase classname="tests.test_dice_interface.test_explainer_base.TestExplainerBaseUserConfigValidations" name="test_generate_counterfactuals_user_config_validations_regression[global_feature_importance-kdtree]" time="0.004" /><testcase classname="tests.test_dice_interface.test_explainer_base.TestExplainerBaseDataValidations" name="test_global_feature_importance_error_conditions_with_insufficient_query_points[random]" time="0.220" /><testcase classname="tests.test_dice_interface.test_explainer_base.TestExplainerBaseDataValidations" name="test_global_feature_importance_error_conditions_with_insufficient_query_points[genetic]" time="8.823" /><testcase classname="tests.test_dice_interface.test_explainer_base.TestExplainerBaseDataValidations" name="test_global_feature_importance_error_conditions_with_insufficient_query_points[kdtree]" time="0.072" /><testcase classname="tests.test_dice_interface.test_explainer_base.TestExplainerBaseDataValidations" name="test_global_feature_importance_error_conditions_with_insufficient_cfs_per_query_point[random]" time="0.821" /><testcase classname="tests.test_dice_interface.test_explainer_base.TestExplainerBaseDataValidations" name="test_global_feature_importance_error_conditions_with_insufficient_cfs_per_query_point[genetic]" time="2.293" /><testcase classname="tests.test_dice_interface.test_explainer_base.TestExplainerBaseDataValidations" name="test_global_feature_importance_error_conditions_with_insufficient_cfs_per_query_point[kdtree]" time="0.352" /><testcase classname="tests.test_dice_interface.test_explainer_base.TestExplainerBaseDataValidations" name="test_local_feature_importance_error_conditions_with_insufficient_cfs_per_query_point[random]" time="0.071" /><testcase classname="tests.test_dice_interface.test_explainer_base.TestExplainerBaseDataValidations" name="test_local_feature_importance_error_conditions_with_insufficient_cfs_per_query_point[genetic]" time="0.148" /><testcase classname="tests.test_dice_interface.test_explainer_base.TestExplainerBaseDataValidations" name="test_local_feature_importance_error_conditions_with_insufficient_cfs_per_query_point[kdtree]" time="0.046" /><testcase classname="tests.test_model_interface.test_base_model.TestModelClassification" name="test_base_model_classification" time="0.011" /><testcase classname="tests.test_model_interface.test_base_model.TestModelRegression" name="test_base_model_regression" time="0.236" /><testcase classname="tests.test_model_interface.test_keras_tensorflow_model" name="test_model_initiation" time="0.001" /><testcase classname="tests.test_model_interface.test_keras_tensorflow_model" name="test_model_initiation_fullpath" time="0.000" /><testcase classname="tests.test_model_interface.test_keras_tensorflow_model.TestKerasModelMethods" name="test_load_model" time="0.040" /><testcase classname="tests.test_model_interface.test_keras_tensorflow_model.TestKerasModelMethods" name="test_model_output[0.747]" time="11.375" /><testcase classname="tests.test_model_interface.test_pytorch_model" name="test_model_initiation" time="0.001" /><testcase classname="tests.test_model_interface.test_pytorch_model" name="test_model_initiation_fullpath" time="0.001" /><testcase classname="tests.test_model_interface.test_pytorch_model.TestPyTorchModelMethods" name="test_load_model" time="0.001" /><testcase classname="tests.test_model_interface.test_pytorch_model.TestPyTorchModelMethods" name="test_model_output[0.0957]" time="5.671"><failure message="TypeError: can't convert np.ndarray of type numpy.object_. The only supported types are: float64, float32, float16, complex64, complex128, int64, int32, int16, int8, uint8, and bool.">Traceback (most recent call last):
  File "/workdir/dice-ml-0.9/.tox/cpythonlibtest-unit-test-tests/lib/python3.10/site-packages/_pytest/runner.py", line 341, in from_call
    result: Optional[TResult] = func()
  File "/workdir/dice-ml-0.9/.tox/cpythonlibtest-unit-test-tests/lib/python3.10/site-packages/_pytest/runner.py", line 262, in &lt;lambda&gt;
    lambda: ihook(item=item, **kwds), when=when, reraise=reraise
  File "/workdir/dice-ml-0.9/.tox/cpythonlibtest-unit-test-tests/lib/python3.10/site-packages/pluggy/_hooks.py", line 493, in __call__
    return self._hookexec(self.name, self._hookimpls, kwargs, firstresult)
  File "/workdir/dice-ml-0.9/.tox/cpythonlibtest-unit-test-tests/lib/python3.10/site-packages/pluggy/_manager.py", line 115, in _hookexec
    return self._inner_hookexec(hook_name, methods, kwargs, firstresult)
  File "/workdir/dice-ml-0.9/.tox/cpythonlibtest-unit-test-tests/lib/python3.10/site-packages/pluggy/_callers.py", line 152, in _multicall
    return outcome.get_result()
  File "/workdir/dice-ml-0.9/.tox/cpythonlibtest-unit-test-tests/lib/python3.10/site-packages/pluggy/_result.py", line 114, in get_result
    raise exc.with_traceback(exc.__traceback__)
  File "/workdir/dice-ml-0.9/.tox/cpythonlibtest-unit-test-tests/lib/python3.10/site-packages/pluggy/_callers.py", line 77, in _multicall
    res = hook_impl.function(*args)
  File "/workdir/dice-ml-0.9/.tox/cpythonlibtest-unit-test-tests/lib/python3.10/site-packages/_pytest/runner.py", line 177, in pytest_runtest_call
    raise e
  File "/workdir/dice-ml-0.9/.tox/cpythonlibtest-unit-test-tests/lib/python3.10/site-packages/_pytest/runner.py", line 169, in pytest_runtest_call
    item.runtest()
  File "/workdir/dice-ml-0.9/.tox/cpythonlibtest-unit-test-tests/lib/python3.10/site-packages/_pytest/python.py", line 1792, in runtest
    self.ihook.pytest_pyfunc_call(pyfuncitem=self)
  File "/workdir/dice-ml-0.9/.tox/cpythonlibtest-unit-test-tests/lib/python3.10/site-packages/pluggy/_hooks.py", line 493, in __call__
    return self._hookexec(self.name, self._hookimpls, kwargs, firstresult)
  File "/workdir/dice-ml-0.9/.tox/cpythonlibtest-unit-test-tests/lib/python3.10/site-packages/pluggy/_manager.py", line 115, in _hookexec
    return self._inner_hookexec(hook_name, methods, kwargs, firstresult)
  File "/workdir/dice-ml-0.9/.tox/cpythonlibtest-unit-test-tests/lib/python3.10/site-packages/pluggy/_callers.py", line 113, in _multicall
    raise exception.with_traceback(exception.__traceback__)
  File "/workdir/dice-ml-0.9/.tox/cpythonlibtest-unit-test-tests/lib/python3.10/site-packages/pluggy/_callers.py", line 77, in _multicall
    res = hook_impl.function(*args)
  File "/workdir/dice-ml-0.9/.tox/cpythonlibtest-unit-test-tests/lib/python3.10/site-packages/_pytest/python.py", line 194, in pytest_pyfunc_call
    result = testfunction(**testargs)
  File "/workdir/dice-ml-0.9/tests/test_model_interface/test_pytorch_model.py", line 57, in test_model_output
    output_instance = self.m.get_output(sample_adultincome_query, transform_data=True)
  File "/workdir/dice-ml-0.9/dice_ml/model_interfaces/pytorch_model.py", line 38, in get_output
    input_tensor = torch.tensor(self.transformer.transform(input_instance).to_numpy()).float()
TypeError: can't convert np.ndarray of type numpy.object_. The only supported types are: float64, float32, float16, complex64, complex128, int64, int32, int16, int8, uint8, and bool.</failure></testcase></testsuite></testsuites>