<?xml version="1.0" encoding="utf-8"?><testsuites><testsuite name="pytest" errors="0" failures="5" skipped="0" tests="204" time="29.343" timestamp="2023-11-30T05:44:51.053000" hostname="be2d8ee410eb"><testcase classname="bench.test_curry" name="test_get_curried" time="0.336" /><testcase classname="bench.test_curry_baseline" name="test_get" time="0.146" /><testcase classname="bench.test_first" name="test_first" time="0.377" /><testcase classname="bench.test_first" name="test_second" time="0.424" /><testcase classname="bench.test_first_iter" name="test_first_iter" time="1.388" /><testcase classname="bench.test_first_iter" name="test_second_iter" time="1.169" /><testcase classname="bench.test_frequencies" name="test_frequencies" time="0.532" /><testcase classname="bench.test_frequencies" name="test_frequencies_small" time="0.148" /><testcase classname="bench.test_get" name="test_get" time="0.041" /><testcase classname="bench.test_get_list" name="test_get" time="0.611" /><testcase classname="bench.test_groupby" name="test_groupby" time="0.611" /><testcase classname="bench.test_join" name="test_many_to_many_large" time="1.687" /><testcase classname="bench.test_join" name="test_one_to_one_tiny" time="2.245" /><testcase classname="bench.test_join" name="test_one_to_many" time="0.684" /><testcase classname="bench.test_memoize" name="test_memoize_no_kwargs" time="0.109" /><testcase classname="bench.test_memoize_kwargs" name="test_memoize_kwargs" time="0.210" /><testcase classname="bench.test_pluck" name="test_pluck" time="0.235" /><testcase classname="bench.test_sliding_window" name="test_sliding_window" time="0.836" /><testcase classname="bench.test_wordcount" name="test_shakespeare" time="3.400" /><testcase classname="toolz.sandbox.tests.test_core" name="test_EqualityHashKey_default_key" time="0.006" /><testcase classname="toolz.sandbox.tests.test_core" name="test_EqualityHashKey_callable_key" time="0.007" /><testcase classname="toolz.sandbox.tests.test_core" name="test_EqualityHashKey_index_key" time="0.008" /><testcase classname="toolz.sandbox.tests.test_core" name="test_unzip" time="0.006" /><testcase classname="toolz.sandbox.tests.test_parallel" name="test_fold" time="8.035" /><testcase classname="toolz.tests.test_compatibility" name="test_compat_warn" time="0.012" /><testcase classname="toolz.tests.test_curried" name="test_take" time="0.006" /><testcase classname="toolz.tests.test_curried" name="test_first" time="0.004" /><testcase classname="toolz.tests.test_curried" name="test_merge" time="0.007" /><testcase classname="toolz.tests.test_curried" name="test_merge_with" time="0.007" /><testcase classname="toolz.tests.test_curried" name="test_merge_with_list" time="0.006" /><testcase classname="toolz.tests.test_curried" name="test_sorted" time="0.008" /><testcase classname="toolz.tests.test_curried" name="test_reduce" time="0.007" /><testcase classname="toolz.tests.test_curried" name="test_module_name" time="0.004" /><testcase classname="toolz.tests.test_curried" name="test_curried_operator" time="0.016"><failure message="AssertionError: __loader__">Traceback (most recent call last):
  File "/workdir/toolz-0.12.0/.tox/graalpylibtest-unit-test-tests/lib/python3.10/site-packages/_pytest/runner.py", line 341, in from_call
    result: Optional[TResult] = func()
  File "/workdir/toolz-0.12.0/.tox/graalpylibtest-unit-test-tests/lib/python3.10/site-packages/_pytest/runner.py", line 262, in &lt;lambda&gt;
    lambda: ihook(item=item, **kwds), when=when, reraise=reraise
  File "/workdir/toolz-0.12.0/.tox/graalpylibtest-unit-test-tests/lib/python3.10/site-packages/pluggy/_hooks.py", line 493, in __call__
    return self._hookexec(self.name, self._hookimpls, kwargs, firstresult)
  File "/workdir/toolz-0.12.0/.tox/graalpylibtest-unit-test-tests/lib/python3.10/site-packages/pluggy/_manager.py", line 115, in _hookexec
    return self._inner_hookexec(hook_name, methods, kwargs, firstresult)
  File "/workdir/toolz-0.12.0/.tox/graalpylibtest-unit-test-tests/lib/python3.10/site-packages/pluggy/_callers.py", line 152, in _multicall
    return outcome.get_result()
  File "/workdir/toolz-0.12.0/.tox/graalpylibtest-unit-test-tests/lib/python3.10/site-packages/pluggy/_result.py", line 114, in get_result
    raise exc.with_traceback(exc.__traceback__)
  File "/workdir/toolz-0.12.0/.tox/graalpylibtest-unit-test-tests/lib/python3.10/site-packages/pluggy/_callers.py", line 77, in _multicall
    res = hook_impl.function(*args)
  File "/workdir/toolz-0.12.0/.tox/graalpylibtest-unit-test-tests/lib/python3.10/site-packages/_pytest/runner.py", line 177, in pytest_runtest_call
    raise e
  File "/workdir/toolz-0.12.0/.tox/graalpylibtest-unit-test-tests/lib/python3.10/site-packages/_pytest/runner.py", line 169, in pytest_runtest_call
    item.runtest()
  File "/workdir/toolz-0.12.0/.tox/graalpylibtest-unit-test-tests/lib/python3.10/site-packages/_pytest/python.py", line 1792, in runtest
    self.ihook.pytest_pyfunc_call(pyfuncitem=self)
  File "/workdir/toolz-0.12.0/.tox/graalpylibtest-unit-test-tests/lib/python3.10/site-packages/pluggy/_hooks.py", line 493, in __call__
    return self._hookexec(self.name, self._hookimpls, kwargs, firstresult)
  File "/workdir/toolz-0.12.0/.tox/graalpylibtest-unit-test-tests/lib/python3.10/site-packages/pluggy/_manager.py", line 115, in _hookexec
    return self._inner_hookexec(hook_name, methods, kwargs, firstresult)
  File "/workdir/toolz-0.12.0/.tox/graalpylibtest-unit-test-tests/lib/python3.10/site-packages/pluggy/_callers.py", line 113, in _multicall
    raise exception.with_traceback(exception.__traceback__)
  File "/workdir/toolz-0.12.0/.tox/graalpylibtest-unit-test-tests/lib/python3.10/site-packages/pluggy/_callers.py", line 77, in _multicall
    res = hook_impl.function(*args)
  File "/workdir/toolz-0.12.0/.tox/graalpylibtest-unit-test-tests/lib/python3.10/site-packages/_pytest/python.py", line 194, in pytest_pyfunc_call
    result = testfunction(**testargs)
  File "/workdir/toolz-0.12.0/toolz/tests/test_curried.py", line 74, in test_curried_operator
    assert should_curry(getattr(operator, k)) == isinstance(v, toolz.curry), k
AssertionError: __loader__</failure></testcase><testcase classname="toolz.tests.test_curried" name="test_curried_namespace" time="0.056"><failure message="AssertionError: map should come from toolz and NOT be curried&#10;partial should come from toolz and NOT be curried">Traceback (most recent call last):
  File "/workdir/toolz-0.12.0/.tox/graalpylibtest-unit-test-tests/lib/python3.10/site-packages/_pytest/runner.py", line 341, in from_call
    result: Optional[TResult] = func()
  File "/workdir/toolz-0.12.0/.tox/graalpylibtest-unit-test-tests/lib/python3.10/site-packages/_pytest/runner.py", line 262, in &lt;lambda&gt;
    lambda: ihook(item=item, **kwds), when=when, reraise=reraise
  File "/workdir/toolz-0.12.0/.tox/graalpylibtest-unit-test-tests/lib/python3.10/site-packages/pluggy/_hooks.py", line 493, in __call__
    return self._hookexec(self.name, self._hookimpls, kwargs, firstresult)
  File "/workdir/toolz-0.12.0/.tox/graalpylibtest-unit-test-tests/lib/python3.10/site-packages/pluggy/_manager.py", line 115, in _hookexec
    return self._inner_hookexec(hook_name, methods, kwargs, firstresult)
  File "/workdir/toolz-0.12.0/.tox/graalpylibtest-unit-test-tests/lib/python3.10/site-packages/pluggy/_callers.py", line 152, in _multicall
    return outcome.get_result()
  File "/workdir/toolz-0.12.0/.tox/graalpylibtest-unit-test-tests/lib/python3.10/site-packages/pluggy/_result.py", line 114, in get_result
    raise exc.with_traceback(exc.__traceback__)
  File "/workdir/toolz-0.12.0/.tox/graalpylibtest-unit-test-tests/lib/python3.10/site-packages/pluggy/_callers.py", line 77, in _multicall
    res = hook_impl.function(*args)
  File "/workdir/toolz-0.12.0/.tox/graalpylibtest-unit-test-tests/lib/python3.10/site-packages/_pytest/runner.py", line 177, in pytest_runtest_call
    raise e
  File "/workdir/toolz-0.12.0/.tox/graalpylibtest-unit-test-tests/lib/python3.10/site-packages/_pytest/runner.py", line 169, in pytest_runtest_call
    item.runtest()
  File "/workdir/toolz-0.12.0/.tox/graalpylibtest-unit-test-tests/lib/python3.10/site-packages/_pytest/python.py", line 1792, in runtest
    self.ihook.pytest_pyfunc_call(pyfuncitem=self)
  File "/workdir/toolz-0.12.0/.tox/graalpylibtest-unit-test-tests/lib/python3.10/site-packages/pluggy/_hooks.py", line 493, in __call__
    return self._hookexec(self.name, self._hookimpls, kwargs, firstresult)
  File "/workdir/toolz-0.12.0/.tox/graalpylibtest-unit-test-tests/lib/python3.10/site-packages/pluggy/_manager.py", line 115, in _hookexec
    return self._inner_hookexec(hook_name, methods, kwargs, firstresult)
  File "/workdir/toolz-0.12.0/.tox/graalpylibtest-unit-test-tests/lib/python3.10/site-packages/pluggy/_callers.py", line 113, in _multicall
    raise exception.with_traceback(exception.__traceback__)
  File "/workdir/toolz-0.12.0/.tox/graalpylibtest-unit-test-tests/lib/python3.10/site-packages/pluggy/_callers.py", line 77, in _multicall
    res = hook_impl.function(*args)
  File "/workdir/toolz-0.12.0/.tox/graalpylibtest-unit-test-tests/lib/python3.10/site-packages/_pytest/python.py", line 194, in pytest_pyfunc_call
    result = testfunction(**testargs)
  File "/workdir/toolz-0.12.0/toolz/tests/test_curried.py", line 117, in test_curried_namespace
    raise AssertionError('\n'.join(messages))
AssertionError: map should come from toolz and NOT be curried
partial should come from toolz and NOT be curried</failure></testcase><testcase classname="toolz.tests.test_curried_doctests" name="test_doctests" time="0.072" /><testcase classname="toolz.tests.test_dicttoolz.TestDict" name="test_merge" time="0.005" /><testcase classname="toolz.tests.test_dicttoolz.TestDict" name="test_merge_iterable_arg" time="0.006" /><testcase classname="toolz.tests.test_dicttoolz.TestDict" name="test_merge_with" time="0.005" /><testcase classname="toolz.tests.test_dicttoolz.TestDict" name="test_merge_with_iterable_arg" time="0.006" /><testcase classname="toolz.tests.test_dicttoolz.TestDict" name="test_valmap" time="0.005" /><testcase classname="toolz.tests.test_dicttoolz.TestDict" name="test_keymap" time="0.004" /><testcase classname="toolz.tests.test_dicttoolz.TestDict" name="test_itemmap" time="0.005" /><testcase classname="toolz.tests.test_dicttoolz.TestDict" name="test_valfilter" time="0.005" /><testcase classname="toolz.tests.test_dicttoolz.TestDict" name="test_keyfilter" time="0.005" /><testcase classname="toolz.tests.test_dicttoolz.TestDict" name="test_itemfilter" time="0.005" /><testcase classname="toolz.tests.test_dicttoolz.TestDict" name="test_assoc" time="0.004" /><testcase classname="toolz.tests.test_dicttoolz.TestDict" name="test_dissoc" time="0.005" /><testcase classname="toolz.tests.test_dicttoolz.TestDict" name="test_assoc_in" time="0.005" /><testcase classname="toolz.tests.test_dicttoolz.TestDict" name="test_update_in" time="0.006" /><testcase classname="toolz.tests.test_dicttoolz.TestDict" name="test_factory" time="0.006" /><testcase classname="toolz.tests.test_dicttoolz.TestDefaultDict" name="test_merge" time="0.005" /><testcase classname="toolz.tests.test_dicttoolz.TestDefaultDict" name="test_merge_iterable_arg" time="0.005" /><testcase classname="toolz.tests.test_dicttoolz.TestDefaultDict" name="test_merge_with" time="0.006" /><testcase classname="toolz.tests.test_dicttoolz.TestDefaultDict" name="test_merge_with_iterable_arg" time="0.006" /><testcase classname="toolz.tests.test_dicttoolz.TestDefaultDict" name="test_valmap" time="0.005" /><testcase classname="toolz.tests.test_dicttoolz.TestDefaultDict" name="test_keymap" time="0.005" /><testcase classname="toolz.tests.test_dicttoolz.TestDefaultDict" name="test_itemmap" time="0.005" /><testcase classname="toolz.tests.test_dicttoolz.TestDefaultDict" name="test_valfilter" time="0.004" /><testcase classname="toolz.tests.test_dicttoolz.TestDefaultDict" name="test_keyfilter" time="0.004" /><testcase classname="toolz.tests.test_dicttoolz.TestDefaultDict" name="test_itemfilter" time="0.005" /><testcase classname="toolz.tests.test_dicttoolz.TestDefaultDict" name="test_assoc" time="0.005" /><testcase classname="toolz.tests.test_dicttoolz.TestDefaultDict" name="test_dissoc" time="0.006" /><testcase classname="toolz.tests.test_dicttoolz.TestDefaultDict" name="test_assoc_in" time="0.005" /><testcase classname="toolz.tests.test_dicttoolz.TestDefaultDict" name="test_update_in" time="0.008" /><testcase classname="toolz.tests.test_dicttoolz.TestDefaultDict" name="test_factory" time="0.006" /><testcase classname="toolz.tests.test_dicttoolz.TestCustomMapping" name="test_merge" time="0.009" /><testcase classname="toolz.tests.test_dicttoolz.TestCustomMapping" name="test_merge_iterable_arg" time="0.007" /><testcase classname="toolz.tests.test_dicttoolz.TestCustomMapping" name="test_merge_with" time="0.008" /><testcase classname="toolz.tests.test_dicttoolz.TestCustomMapping" name="test_merge_with_iterable_arg" time="0.006" /><testcase classname="toolz.tests.test_dicttoolz.TestCustomMapping" name="test_valmap" time="0.006" /><testcase classname="toolz.tests.test_dicttoolz.TestCustomMapping" name="test_keymap" time="0.005" /><testcase classname="toolz.tests.test_dicttoolz.TestCustomMapping" name="test_itemmap" time="0.005" /><testcase classname="toolz.tests.test_dicttoolz.TestCustomMapping" name="test_valfilter" time="0.005" /><testcase classname="toolz.tests.test_dicttoolz.TestCustomMapping" name="test_keyfilter" time="0.006" /><testcase classname="toolz.tests.test_dicttoolz.TestCustomMapping" name="test_itemfilter" time="0.005" /><testcase classname="toolz.tests.test_dicttoolz.TestCustomMapping" name="test_assoc" time="0.005" /><testcase classname="toolz.tests.test_dicttoolz.TestCustomMapping" name="test_dissoc" time="0.006" /><testcase classname="toolz.tests.test_dicttoolz.TestCustomMapping" name="test_assoc_in" time="0.006" /><testcase classname="toolz.tests.test_dicttoolz.TestCustomMapping" name="test_update_in" time="0.007" /><testcase classname="toolz.tests.test_dicttoolz.TestCustomMapping" name="test_factory" time="0.007" /><testcase classname="toolz.tests.test_dicttoolz" name="test_environ" time="0.011" /><testcase classname="toolz.tests.test_dicttoolz" name="test_merge_with_non_dict_mappings" time="0.006" /><testcase classname="toolz.tests.test_functoolz" name="test_apply" time="0.005" /><testcase classname="toolz.tests.test_functoolz" name="test_thread_first" time="0.005" /><testcase classname="toolz.tests.test_functoolz" name="test_thread_last" time="0.005" /><testcase classname="toolz.tests.test_functoolz" name="test_memoize" time="0.007" /><testcase classname="toolz.tests.test_functoolz" name="test_memoize_kwargs" time="0.007" /><testcase classname="toolz.tests.test_functoolz" name="test_memoize_curried" time="0.012" /><testcase classname="toolz.tests.test_functoolz" name="test_memoize_partial" time="0.014" /><testcase classname="toolz.tests.test_functoolz" name="test_memoize_key_signature" time="0.014" /><testcase classname="toolz.tests.test_functoolz" name="test_memoize_curry_cache" time="0.007" /><testcase classname="toolz.tests.test_functoolz" name="test_memoize_key" time="0.008" /><testcase classname="toolz.tests.test_functoolz" name="test_memoize_wrapped" time="0.006" /><testcase classname="toolz.tests.test_functoolz" name="test_curry_simple" time="0.011" /><testcase classname="toolz.tests.test_functoolz" name="test_curry_kwargs" time="0.010" /><testcase classname="toolz.tests.test_functoolz" name="test_curry_passes_errors" time="0.008" /><testcase classname="toolz.tests.test_functoolz" name="test_curry_docstring" time="0.005" /><testcase classname="toolz.tests.test_functoolz" name="test_curry_is_like_partial" time="0.010" /><testcase classname="toolz.tests.test_functoolz" name="test_curry_is_idempotent" time="0.030" /><testcase classname="toolz.tests.test_functoolz" name="test_curry_attributes_readonly" time="0.005" /><testcase classname="toolz.tests.test_functoolz" name="test_curry_attributes_writable" time="0.006" /><testcase classname="toolz.tests.test_functoolz" name="test_curry_module" time="0.007" /><testcase classname="toolz.tests.test_functoolz" name="test_curry_comparable" time="0.015" /><testcase classname="toolz.tests.test_functoolz" name="test_curry_doesnot_transmogrify" time="0.012" /><testcase classname="toolz.tests.test_functoolz" name="test_curry_on_classmethods" time="0.013" /><testcase classname="toolz.tests.test_functoolz" name="test_memoize_on_classmethods" time="0.009" /><testcase classname="toolz.tests.test_functoolz" name="test_curry_call" time="0.007" /><testcase classname="toolz.tests.test_functoolz" name="test_curry_bind" time="0.005" /><testcase classname="toolz.tests.test_functoolz" name="test_curry_unknown_args" time="0.010" /><testcase classname="toolz.tests.test_functoolz" name="test_curry_bad_types" time="0.005" /><testcase classname="toolz.tests.test_functoolz" name="test_curry_subclassable" time="0.011" /><testcase classname="toolz.tests.test_functoolz" name="test_compose" time="0.007" /><testcase classname="toolz.tests.test_functoolz" name="test_compose_metadata" time="0.016" /><testcase classname="toolz.tests.test_functoolz" name="test_compose_left" time="0.005" /><testcase classname="toolz.tests.test_functoolz" name="test_pipe" time="0.005" /><testcase classname="toolz.tests.test_functoolz" name="test_complement" time="0.005" /><testcase classname="toolz.tests.test_functoolz" name="test_do" time="0.005" /><testcase classname="toolz.tests.test_functoolz" name="test_juxt_generator_input" time="0.006" /><testcase classname="toolz.tests.test_functoolz" name="test_flip" time="0.005" /><testcase classname="toolz.tests.test_functoolz" name="test_excepts" time="0.015" /><testcase classname="toolz.tests.test_inspect_args" name="test_make_func" time="0.005" /><testcase classname="toolz.tests.test_inspect_args" name="test_is_valid" time="0.026" /><testcase classname="toolz.tests.test_inspect_args" name="test_is_valid_py3" time="0.036" /><testcase classname="toolz.tests.test_inspect_args" name="test_is_partial" time="0.053" /><testcase classname="toolz.tests.test_inspect_args" name="test_is_valid_curry" time="0.308" /><testcase classname="toolz.tests.test_inspect_args" name="test_func_keyword" time="0.009" /><testcase classname="toolz.tests.test_inspect_args" name="test_has_unknown_args" time="0.012" /><testcase classname="toolz.tests.test_inspect_args" name="test_num_required_args" time="0.010"><failure message="AssertionError">Traceback (most recent call last):
  File "/workdir/toolz-0.12.0/.tox/graalpylibtest-unit-test-tests/lib/python3.10/site-packages/_pytest/runner.py", line 341, in from_call
    result: Optional[TResult] = func()
  File "/workdir/toolz-0.12.0/.tox/graalpylibtest-unit-test-tests/lib/python3.10/site-packages/_pytest/runner.py", line 262, in &lt;lambda&gt;
    lambda: ihook(item=item, **kwds), when=when, reraise=reraise
  File "/workdir/toolz-0.12.0/.tox/graalpylibtest-unit-test-tests/lib/python3.10/site-packages/pluggy/_hooks.py", line 493, in __call__
    return self._hookexec(self.name, self._hookimpls, kwargs, firstresult)
  File "/workdir/toolz-0.12.0/.tox/graalpylibtest-unit-test-tests/lib/python3.10/site-packages/pluggy/_manager.py", line 115, in _hookexec
    return self._inner_hookexec(hook_name, methods, kwargs, firstresult)
  File "/workdir/toolz-0.12.0/.tox/graalpylibtest-unit-test-tests/lib/python3.10/site-packages/pluggy/_callers.py", line 152, in _multicall
    return outcome.get_result()
  File "/workdir/toolz-0.12.0/.tox/graalpylibtest-unit-test-tests/lib/python3.10/site-packages/pluggy/_result.py", line 114, in get_result
    raise exc.with_traceback(exc.__traceback__)
  File "/workdir/toolz-0.12.0/.tox/graalpylibtest-unit-test-tests/lib/python3.10/site-packages/pluggy/_callers.py", line 77, in _multicall
    res = hook_impl.function(*args)
  File "/workdir/toolz-0.12.0/.tox/graalpylibtest-unit-test-tests/lib/python3.10/site-packages/_pytest/runner.py", line 177, in pytest_runtest_call
    raise e
  File "/workdir/toolz-0.12.0/.tox/graalpylibtest-unit-test-tests/lib/python3.10/site-packages/_pytest/runner.py", line 169, in pytest_runtest_call
    item.runtest()
  File "/workdir/toolz-0.12.0/.tox/graalpylibtest-unit-test-tests/lib/python3.10/site-packages/_pytest/python.py", line 1792, in runtest
    self.ihook.pytest_pyfunc_call(pyfuncitem=self)
  File "/workdir/toolz-0.12.0/.tox/graalpylibtest-unit-test-tests/lib/python3.10/site-packages/pluggy/_hooks.py", line 493, in __call__
    return self._hookexec(self.name, self._hookimpls, kwargs, firstresult)
  File "/workdir/toolz-0.12.0/.tox/graalpylibtest-unit-test-tests/lib/python3.10/site-packages/pluggy/_manager.py", line 115, in _hookexec
    return self._inner_hookexec(hook_name, methods, kwargs, firstresult)
  File "/workdir/toolz-0.12.0/.tox/graalpylibtest-unit-test-tests/lib/python3.10/site-packages/pluggy/_callers.py", line 113, in _multicall
    raise exception.with_traceback(exception.__traceback__)
  File "/workdir/toolz-0.12.0/.tox/graalpylibtest-unit-test-tests/lib/python3.10/site-packages/pluggy/_callers.py", line 77, in _multicall
    res = hook_impl.function(*args)
  File "/workdir/toolz-0.12.0/.tox/graalpylibtest-unit-test-tests/lib/python3.10/site-packages/_pytest/python.py", line 194, in pytest_pyfunc_call
    result = testfunction(**testargs)
  File "/workdir/toolz-0.12.0/toolz/tests/test_inspect_args.py", line 276, in test_num_required_args
    assert num_required_args(map) == 2
AssertionError</failure></testcase><testcase classname="toolz.tests.test_inspect_args" name="test_has_keywords" time="0.009"><failure message="AssertionError">Traceback (most recent call last):
  File "/workdir/toolz-0.12.0/.tox/graalpylibtest-unit-test-tests/lib/python3.10/site-packages/_pytest/runner.py", line 341, in from_call
    result: Optional[TResult] = func()
  File "/workdir/toolz-0.12.0/.tox/graalpylibtest-unit-test-tests/lib/python3.10/site-packages/_pytest/runner.py", line 262, in &lt;lambda&gt;
    lambda: ihook(item=item, **kwds), when=when, reraise=reraise
  File "/workdir/toolz-0.12.0/.tox/graalpylibtest-unit-test-tests/lib/python3.10/site-packages/pluggy/_hooks.py", line 493, in __call__
    return self._hookexec(self.name, self._hookimpls, kwargs, firstresult)
  File "/workdir/toolz-0.12.0/.tox/graalpylibtest-unit-test-tests/lib/python3.10/site-packages/pluggy/_manager.py", line 115, in _hookexec
    return self._inner_hookexec(hook_name, methods, kwargs, firstresult)
  File "/workdir/toolz-0.12.0/.tox/graalpylibtest-unit-test-tests/lib/python3.10/site-packages/pluggy/_callers.py", line 152, in _multicall
    return outcome.get_result()
  File "/workdir/toolz-0.12.0/.tox/graalpylibtest-unit-test-tests/lib/python3.10/site-packages/pluggy/_result.py", line 114, in get_result
    raise exc.with_traceback(exc.__traceback__)
  File "/workdir/toolz-0.12.0/.tox/graalpylibtest-unit-test-tests/lib/python3.10/site-packages/pluggy/_callers.py", line 77, in _multicall
    res = hook_impl.function(*args)
  File "/workdir/toolz-0.12.0/.tox/graalpylibtest-unit-test-tests/lib/python3.10/site-packages/_pytest/runner.py", line 177, in pytest_runtest_call
    raise e
  File "/workdir/toolz-0.12.0/.tox/graalpylibtest-unit-test-tests/lib/python3.10/site-packages/_pytest/runner.py", line 169, in pytest_runtest_call
    item.runtest()
  File "/workdir/toolz-0.12.0/.tox/graalpylibtest-unit-test-tests/lib/python3.10/site-packages/_pytest/python.py", line 1792, in runtest
    self.ihook.pytest_pyfunc_call(pyfuncitem=self)
  File "/workdir/toolz-0.12.0/.tox/graalpylibtest-unit-test-tests/lib/python3.10/site-packages/pluggy/_hooks.py", line 493, in __call__
    return self._hookexec(self.name, self._hookimpls, kwargs, firstresult)
  File "/workdir/toolz-0.12.0/.tox/graalpylibtest-unit-test-tests/lib/python3.10/site-packages/pluggy/_manager.py", line 115, in _hookexec
    return self._inner_hookexec(hook_name, methods, kwargs, firstresult)
  File "/workdir/toolz-0.12.0/.tox/graalpylibtest-unit-test-tests/lib/python3.10/site-packages/pluggy/_callers.py", line 113, in _multicall
    raise exception.with_traceback(exception.__traceback__)
  File "/workdir/toolz-0.12.0/.tox/graalpylibtest-unit-test-tests/lib/python3.10/site-packages/pluggy/_callers.py", line 77, in _multicall
    res = hook_impl.function(*args)
  File "/workdir/toolz-0.12.0/.tox/graalpylibtest-unit-test-tests/lib/python3.10/site-packages/_pytest/python.py", line 194, in pytest_pyfunc_call
    result = testfunction(**testargs)
  File "/workdir/toolz-0.12.0/toolz/tests/test_inspect_args.py", line 285, in test_has_keywords
    assert has_keywords(int)
AssertionError</failure></testcase><testcase classname="toolz.tests.test_inspect_args" name="test_has_varargs" time="0.009" /><testcase classname="toolz.tests.test_inspect_args" name="test_is_arity" time="0.014"><failure message="AssertionError">Traceback (most recent call last):
  File "/workdir/toolz-0.12.0/.tox/graalpylibtest-unit-test-tests/lib/python3.10/site-packages/_pytest/runner.py", line 341, in from_call
    result: Optional[TResult] = func()
  File "/workdir/toolz-0.12.0/.tox/graalpylibtest-unit-test-tests/lib/python3.10/site-packages/_pytest/runner.py", line 262, in &lt;lambda&gt;
    lambda: ihook(item=item, **kwds), when=when, reraise=reraise
  File "/workdir/toolz-0.12.0/.tox/graalpylibtest-unit-test-tests/lib/python3.10/site-packages/pluggy/_hooks.py", line 493, in __call__
    return self._hookexec(self.name, self._hookimpls, kwargs, firstresult)
  File "/workdir/toolz-0.12.0/.tox/graalpylibtest-unit-test-tests/lib/python3.10/site-packages/pluggy/_manager.py", line 115, in _hookexec
    return self._inner_hookexec(hook_name, methods, kwargs, firstresult)
  File "/workdir/toolz-0.12.0/.tox/graalpylibtest-unit-test-tests/lib/python3.10/site-packages/pluggy/_callers.py", line 152, in _multicall
    return outcome.get_result()
  File "/workdir/toolz-0.12.0/.tox/graalpylibtest-unit-test-tests/lib/python3.10/site-packages/pluggy/_result.py", line 114, in get_result
    raise exc.with_traceback(exc.__traceback__)
  File "/workdir/toolz-0.12.0/.tox/graalpylibtest-unit-test-tests/lib/python3.10/site-packages/pluggy/_callers.py", line 77, in _multicall
    res = hook_impl.function(*args)
  File "/workdir/toolz-0.12.0/.tox/graalpylibtest-unit-test-tests/lib/python3.10/site-packages/_pytest/runner.py", line 177, in pytest_runtest_call
    raise e
  File "/workdir/toolz-0.12.0/.tox/graalpylibtest-unit-test-tests/lib/python3.10/site-packages/_pytest/runner.py", line 169, in pytest_runtest_call
    item.runtest()
  File "/workdir/toolz-0.12.0/.tox/graalpylibtest-unit-test-tests/lib/python3.10/site-packages/_pytest/python.py", line 1792, in runtest
    self.ihook.pytest_pyfunc_call(pyfuncitem=self)
  File "/workdir/toolz-0.12.0/.tox/graalpylibtest-unit-test-tests/lib/python3.10/site-packages/pluggy/_hooks.py", line 493, in __call__
    return self._hookexec(self.name, self._hookimpls, kwargs, firstresult)
  File "/workdir/toolz-0.12.0/.tox/graalpylibtest-unit-test-tests/lib/python3.10/site-packages/pluggy/_manager.py", line 115, in _hookexec
    return self._inner_hookexec(hook_name, methods, kwargs, firstresult)
  File "/workdir/toolz-0.12.0/.tox/graalpylibtest-unit-test-tests/lib/python3.10/site-packages/pluggy/_callers.py", line 113, in _multicall
    raise exception.with_traceback(exception.__traceback__)
  File "/workdir/toolz-0.12.0/.tox/graalpylibtest-unit-test-tests/lib/python3.10/site-packages/pluggy/_callers.py", line 77, in _multicall
    res = hook_impl.function(*args)
  File "/workdir/toolz-0.12.0/.tox/graalpylibtest-unit-test-tests/lib/python3.10/site-packages/_pytest/python.py", line 194, in pytest_pyfunc_call
    result = testfunction(**testargs)
  File "/workdir/toolz-0.12.0/toolz/tests/test_inspect_args.py", line 309, in test_is_arity
    assert is_arity(2, range) is None
AssertionError</failure></testcase><testcase classname="toolz.tests.test_inspect_args" name="test_introspect_curry_valid_py3" time="0.045" /><testcase classname="toolz.tests.test_inspect_args" name="test_introspect_curry_partial_py3" time="0.074" /><testcase classname="toolz.tests.test_inspect_args" name="test_introspect_curry_py3" time="0.023" /><testcase classname="toolz.tests.test_inspect_args" name="test_introspect_builtin_modules" time="0.249" /><testcase classname="toolz.tests.test_inspect_args" name="test_inspect_signature_property" time="0.009" /><testcase classname="toolz.tests.test_inspect_args" name="test_inspect_wrapped_property" time="0.009" /><testcase classname="toolz.tests.test_itertoolz" name="test_remove" time="0.005" /><testcase classname="toolz.tests.test_itertoolz" name="test_groupby" time="0.005" /><testcase classname="toolz.tests.test_itertoolz" name="test_groupby_non_callable" time="0.006" /><testcase classname="toolz.tests.test_itertoolz" name="test_merge_sorted" time="0.007" /><testcase classname="toolz.tests.test_itertoolz" name="test_interleave" time="0.005" /><testcase classname="toolz.tests.test_itertoolz" name="test_unique" time="0.005" /><testcase classname="toolz.tests.test_itertoolz" name="test_isiterable" time="0.004" /><testcase classname="toolz.tests.test_itertoolz" name="test_isdistinct" time="0.005" /><testcase classname="toolz.tests.test_itertoolz" name="test_nth" time="0.006" /><testcase classname="toolz.tests.test_itertoolz" name="test_first" time="0.005" /><testcase classname="toolz.tests.test_itertoolz" name="test_second" time="0.005" /><testcase classname="toolz.tests.test_itertoolz" name="test_last" time="0.012" /><testcase classname="toolz.tests.test_itertoolz" name="test_rest" time="0.004" /><testcase classname="toolz.tests.test_itertoolz" name="test_take" time="0.004" /><testcase classname="toolz.tests.test_itertoolz" name="test_tail" time="0.004" /><testcase classname="toolz.tests.test_itertoolz" name="test_drop" time="0.005" /><testcase classname="toolz.tests.test_itertoolz" name="test_take_nth" time="0.004" /><testcase classname="toolz.tests.test_itertoolz" name="test_get" time="0.007" /><testcase classname="toolz.tests.test_itertoolz" name="test_mapcat" time="0.005" /><testcase classname="toolz.tests.test_itertoolz" name="test_cons" time="0.004" /><testcase classname="toolz.tests.test_itertoolz" name="test_concat" time="0.005" /><testcase classname="toolz.tests.test_itertoolz" name="test_concatv" time="0.004" /><testcase classname="toolz.tests.test_itertoolz" name="test_interpose" time="0.005" /><testcase classname="toolz.tests.test_itertoolz" name="test_frequencies" time="0.004" /><testcase classname="toolz.tests.test_itertoolz" name="test_reduceby" time="0.005" /><testcase classname="toolz.tests.test_itertoolz" name="test_reduce_by_init" time="0.004" /><testcase classname="toolz.tests.test_itertoolz" name="test_reduce_by_callable_default" time="0.004" /><testcase classname="toolz.tests.test_itertoolz" name="test_iterate" time="0.004" /><testcase classname="toolz.tests.test_itertoolz" name="test_accumulate" time="0.005" /><testcase classname="toolz.tests.test_itertoolz" name="test_accumulate_works_on_consumable_iterables" time="0.004" /><testcase classname="toolz.tests.test_itertoolz" name="test_sliding_window" time="0.005" /><testcase classname="toolz.tests.test_itertoolz" name="test_sliding_window_of_short_iterator" time="0.005" /><testcase classname="toolz.tests.test_itertoolz" name="test_partition" time="0.005" /><testcase classname="toolz.tests.test_itertoolz" name="test_partition_all" time="0.005" /><testcase classname="toolz.tests.test_itertoolz" name="test_count" time="0.005" /><testcase classname="toolz.tests.test_itertoolz" name="test_pluck" time="0.007" /><testcase classname="toolz.tests.test_itertoolz" name="test_join" time="0.005" /><testcase classname="toolz.tests.test_itertoolz" name="test_getter" time="0.004" /><testcase classname="toolz.tests.test_itertoolz" name="test_key_as_getter" time="0.007" /><testcase classname="toolz.tests.test_itertoolz" name="test_join_double_repeats" time="0.004" /><testcase classname="toolz.tests.test_itertoolz" name="test_join_missing_element" time="0.005" /><testcase classname="toolz.tests.test_itertoolz" name="test_left_outer_join" time="0.005" /><testcase classname="toolz.tests.test_itertoolz" name="test_right_outer_join" time="0.005" /><testcase classname="toolz.tests.test_itertoolz" name="test_outer_join" time="0.005" /><testcase classname="toolz.tests.test_itertoolz" name="test_diff" time="0.006" /><testcase classname="toolz.tests.test_itertoolz" name="test_topk" time="0.006" /><testcase classname="toolz.tests.test_itertoolz" name="test_topk_is_stable" time="0.004" /><testcase classname="toolz.tests.test_itertoolz" name="test_peek" time="0.005" /><testcase classname="toolz.tests.test_itertoolz" name="test_peekn" time="0.004" /><testcase classname="toolz.tests.test_itertoolz" name="test_random_sample" time="0.010" /><testcase classname="toolz.tests.test_recipes" name="test_countby" time="0.005" /><testcase classname="toolz.tests.test_recipes" name="test_partitionby" time="0.006" /><testcase classname="toolz.tests.test_serialization" name="test_compose" time="0.010" /><testcase classname="toolz.tests.test_serialization" name="test_curry" time="0.018" /><testcase classname="toolz.tests.test_serialization" name="test_juxt" time="0.010" /><testcase classname="toolz.tests.test_serialization" name="test_complement" time="0.009" /><testcase classname="toolz.tests.test_serialization" name="test_instanceproperty" time="0.009" /><testcase classname="toolz.tests.test_serialization" name="test_flip" time="0.026" /><testcase classname="toolz.tests.test_serialization" name="test_curried_exceptions" time="0.010" /><testcase classname="toolz.tests.test_serialization" name="test_curried_qualname" time="0.088" /><testcase classname="toolz.tests.test_serialization" name="test_curried_bad_qualname" time="0.008" /><testcase classname="toolz.tests.test_signatures" name="test_is_valid" time="0.006" /><testcase classname="toolz.tests.test_signatures" name="test_is_partial" time="0.016" /><testcase classname="toolz.tests.test_signatures" name="test_for_coverage" time="0.004" /><testcase classname="toolz.tests.test_tlz" name="test_tlz" time="0.042" /><testcase classname="toolz.tests.test_utils" name="test_raises" time="0.005" /></testsuite></testsuites>