<?xml version="1.0" encoding="utf-8"?><testsuites><testsuite name="pytest" errors="1" failures="0" skipped="33" tests="34" time="0.961" timestamp="2023-11-29T15:39:48.027690" hostname="be2d8ee410eb"><testcase classname="" name="tests.integrations.aiohttp.test_aiohttp" time="0.000"><skipped message="collection skipped">('/workdir/sentry-sdk-1.15.0/tests/integrations/aiohttp/__init__.py', 3, "Skipped: could not import 'aiohttp': No module named 'aiohttp'")</skipped></testcase><testcase classname="" name="tests.integrations.asgi.test_asgi" time="0.000"><skipped message="collection skipped">('/workdir/sentry-sdk-1.15.0/tests/integrations/asgi/__init__.py', 4, "Skipped: could not import 'pytest_asyncio': No module named 'pytest_asyncio'")</skipped></testcase><testcase classname="" name="tests.integrations.asyncio.test_asyncio" time="0.000"><skipped message="collection skipped">('/workdir/sentry-sdk-1.15.0/tests/integrations/asyncio/__init__.py', 3, "Skipped: could not import 'pytest_asyncio': No module named 'pytest_asyncio'")</skipped></testcase><testcase classname="" name="tests.integrations.aws_lambda.test_aws" time="0.000"><skipped message="collection skipped">('/workdir/sentry-sdk-1.15.0/tests/integrations/aws_lambda/test_aws.py', 25, "Skipped: could not import 'boto3': No module named 'boto3'")</skipped></testcase><testcase classname="" name="tests.integrations.beam.test_beam" time="0.000"><skipped message="collection skipped">('/workdir/sentry-sdk-1.15.0/tests/integrations/beam/test_beam.py', 4, "Skipped: could not import 'apache_beam': No module named 'apache_beam'")</skipped></testcase><testcase classname="" name="tests.integrations.boto3.test_s3" time="0.000"><skipped message="collection skipped">('/workdir/sentry-sdk-1.15.0/tests/integrations/boto3/__init__.py', 4, "Skipped: could not import 'boto3': No module named 'boto3'")</skipped></testcase><testcase classname="" name="tests.integrations.bottle.test_bottle" time="0.000"><skipped message="collection skipped">('/workdir/sentry-sdk-1.15.0/tests/integrations/bottle/test_bottle.py', 6, "Skipped: could not import 'bottle': No module named 'bottle'")</skipped></testcase><testcase classname="" name="tests.integrations.celery.test_celery" time="0.000"><skipped message="collection skipped">('/workdir/sentry-sdk-1.15.0/tests/integrations/celery/test_celery.py', 5, "Skipped: could not import 'celery': No module named 'celery'")</skipped></testcase><testcase classname="" name="tests.integrations.chalice.test_chalice" time="0.000"><skipped message="collection skipped">('/workdir/sentry-sdk-1.15.0/tests/integrations/chalice/__init__.py', 3, "Skipped: could not import 'chalice': No module named 'chalice'")</skipped></testcase><testcase classname="" name="tests.integrations.django.test_basic" time="0.000"><skipped message="collection skipped">('/workdir/sentry-sdk-1.15.0/tests/integrations/django/__init__.py', 3, "Skipped: could not import 'django': No module named 'django'")</skipped></testcase><testcase classname="" name="tests.integrations.django.test_data_scrubbing" time="0.000"><skipped message="collection skipped">('/workdir/sentry-sdk-1.15.0/tests/integrations/django/__init__.py', 3, "Skipped: could not import 'django': No module named 'django'")</skipped></testcase><testcase classname="" name="tests.integrations.django.test_transactions" time="0.000"><skipped message="collection skipped">('/workdir/sentry-sdk-1.15.0/tests/integrations/django/__init__.py', 3, "Skipped: could not import 'django': No module named 'django'")</skipped></testcase><testcase classname="" name="tests.integrations.django.asgi.test_asgi" time="0.000"><skipped message="collection skipped">('/workdir/sentry-sdk-1.15.0/tests/integrations/django/__init__.py', 3, "Skipped: could not import 'django': No module named 'django'")</skipped></testcase><testcase classname="" name="tests.integrations.falcon.test_falcon" time="0.000"><skipped message="collection skipped">('/workdir/sentry-sdk-1.15.0/tests/integrations/falcon/test_falcon.py', 7, "Skipped: could not import 'falcon': No module named 'falcon'")</skipped></testcase><testcase classname="" name="tests.integrations.fastapi.test_fastapi" time="0.000"><skipped message="collection skipped">('/workdir/sentry-sdk-1.15.0/tests/integrations/fastapi/__init__.py', 3, "Skipped: could not import 'fastapi': No module named 'fastapi'")</skipped></testcase><testcase classname="" name="tests.integrations.flask.test_flask" time="0.000"><skipped message="collection skipped">('/workdir/sentry-sdk-1.15.0/tests/integrations/flask/test_flask.py', 7, "Skipped: could not import 'flask': No module named 'flask'")</skipped></testcase><testcase classname="" name="tests.integrations.httpx.test_httpx" time="0.000"><skipped message="collection skipped">('/workdir/sentry-sdk-1.15.0/tests/integrations/httpx/__init__.py', 3, "Skipped: could not import 'httpx': No module named 'httpx'")</skipped></testcase><testcase classname="" name="tests.integrations.huey.test_huey" time="0.000"><skipped message="collection skipped">('/workdir/sentry-sdk-1.15.0/tests/integrations/huey/__init__.py', 3, "Skipped: could not import 'huey': No module named 'huey'")</skipped></testcase><testcase classname="" name="tests.integrations.opentelemetry.test_propagator" time="0.000"><skipped message="collection skipped">('/workdir/sentry-sdk-1.15.0/tests/integrations/opentelemetry/__init__.py', 3, "Skipped: could not import 'opentelemetry': No module named 'opentelemetry'")</skipped></testcase><testcase classname="" name="tests.integrations.opentelemetry.test_span_processor" time="0.000"><skipped message="collection skipped">('/workdir/sentry-sdk-1.15.0/tests/integrations/opentelemetry/__init__.py', 3, "Skipped: could not import 'opentelemetry': No module named 'opentelemetry'")</skipped></testcase><testcase classname="" name="tests.integrations.pymongo.test_pymongo" time="0.000"><error message="collection failure">ImportError while importing test module '/workdir/sentry-sdk-1.15.0/tests/integrations/pymongo/test_pymongo.py'.
Hint: make sure your test modules/packages have valid Python names.
Traceback:
/usr/local/lib/python3.10/importlib/__init__.py:126: in import_module
    return _bootstrap._gcd_import(name[level:], package, level)
tests/integrations/pymongo/test_pymongo.py:4: in &lt;module&gt;
    from mockupdb import MockupDB, OpQuery
E   ModuleNotFoundError: No module named 'mockupdb'</error></testcase><testcase classname="" name="tests.integrations.pyramid.test_pyramid" time="0.000"><skipped message="collection skipped">('/workdir/sentry-sdk-1.15.0/tests/integrations/pyramid/__init__.py', 3, "Skipped: could not import 'pyramid': No module named 'pyramid'")</skipped></testcase><testcase classname="" name="tests.integrations.quart.test_quart" time="0.000"><skipped message="collection skipped">('/workdir/sentry-sdk-1.15.0/tests/integrations/quart/__init__.py', 3, "Skipped: could not import 'quart': No module named 'quart'")</skipped></testcase><testcase classname="" name="tests.integrations.redis.test_redis" time="0.000"><skipped message="collection skipped">('/workdir/sentry-sdk-1.15.0/tests/integrations/redis/__init__.py', 3, "Skipped: could not import 'redis': No module named 'redis'")</skipped></testcase><testcase classname="" name="tests.integrations.rediscluster.test_rediscluster" time="0.000"><skipped message="collection skipped">('/workdir/sentry-sdk-1.15.0/tests/integrations/rediscluster/__init__.py', 3, "Skipped: could not import 'rediscluster': No module named 'rediscluster'")</skipped></testcase><testcase classname="" name="tests.integrations.requests.test_requests" time="0.000"><skipped message="collection skipped">('/workdir/sentry-sdk-1.15.0/tests/integrations/requests/test_requests.py', 3, "Skipped: could not import 'requests': No module named 'requests'")</skipped></testcase><testcase classname="" name="tests.integrations.rq.test_rq" time="0.000"><skipped message="collection skipped">('/workdir/sentry-sdk-1.15.0/tests/integrations/rq/__init__.py', 3, "Skipped: could not import 'rq': No module named 'rq'")</skipped></testcase><testcase classname="" name="tests.integrations.sanic.test_sanic" time="0.000"><skipped message="collection skipped">('/workdir/sentry-sdk-1.15.0/tests/integrations/sanic/__init__.py', 3, "Skipped: could not import 'sanic': No module named 'sanic'")</skipped></testcase><testcase classname="" name="tests.integrations.spark.test_spark" time="0.000"><skipped message="collection skipped">('/workdir/sentry-sdk-1.15.0/tests/integrations/spark/test_spark.py', 12, "Skipped: could not import 'pyspark': No module named 'pyspark'")</skipped></testcase><testcase classname="" name="tests.integrations.sqlalchemy.test_sqlalchemy" time="0.000"><skipped message="collection skipped">('/workdir/sentry-sdk-1.15.0/tests/integrations/sqlalchemy/__init__.py', 3, "Skipped: could not import 'sqlalchemy': No module named 'sqlalchemy'")</skipped></testcase><testcase classname="" name="tests.integrations.starlette.test_starlette" time="0.000"><skipped message="collection skipped">('/workdir/sentry-sdk-1.15.0/tests/integrations/starlette/__init__.py', 3, "Skipped: could not import 'starlette': No module named 'starlette'")</skipped></testcase><testcase classname="" name="tests.integrations.starlite.test_starlite" time="0.000"><skipped message="collection skipped">('/workdir/sentry-sdk-1.15.0/tests/integrations/starlite/__init__.py', 3, "Skipped: could not import 'starlite': No module named 'starlite'")</skipped></testcase><testcase classname="" name="tests.integrations.tornado.test_tornado" time="0.000"><skipped message="collection skipped">('/workdir/sentry-sdk-1.15.0/tests/integrations/tornado/__init__.py', 3, "Skipped: could not import 'tornado': No module named 'tornado'")</skipped></testcase><testcase classname="" name="tests.integrations.trytond.test_trytond" time="0.000"><skipped message="collection skipped">('/workdir/sentry-sdk-1.15.0/tests/integrations/trytond/test_trytond.py', 3, "Skipped: could not import 'trytond': No module named 'trytond'")</skipped></testcase></testsuite></testsuites>