<?xml version="1.0" encoding="utf-8"?><testsuites><testsuite name="pytest" errors="4" failures="0" skipped="0" tests="4" time="1.726" timestamp="2023-11-29T04:30:24.760017" hostname="a1f8948d47fc"><testcase classname="" name="utest.api.test_run_and_rebot" time="0.000"><error message="collection failure">ImportError while importing test module '/workdir/robotframework-6.0.1/utest/api/test_run_and_rebot.py'.
Hint: make sure your test modules/packages have valid Python names.
Traceback:
/usr/local/lib/python3.10/importlib/__init__.py:126: in import_module
    return _bootstrap._gcd_import(name[level:], package, level)
utest/api/test_run_and_rebot.py:18: in &lt;module&gt;
    from resources.runningtestcase import RunningTestCase
E   ModuleNotFoundError: No module named 'resources'</error></testcase><testcase classname="" name="utest.running.test_handlers" time="0.000"><error message="collection failure">ImportError while importing test module '/workdir/robotframework-6.0.1/utest/running/test_handlers.py'.
Hint: make sure your test modules/packages have valid Python names.
Traceback:
/usr/local/lib/python3.10/importlib/__init__.py:126: in import_module
    return _bootstrap._gcd_import(name[level:], package, level)
utest/running/test_handlers.py:14: in &lt;module&gt;
    from classes import (NameLibrary, DocLibrary, ArgInfoLibrary,
E   ModuleNotFoundError: No module named 'classes'</error></testcase><testcase classname="" name="utest.running.test_running" time="0.000"><error message="collection failure">ImportError while importing test module '/workdir/robotframework-6.0.1/utest/running/test_running.py'.
Hint: make sure your test modules/packages have valid Python names.
Traceback:
/usr/local/lib/python3.10/importlib/__init__.py:126: in import_module
    return _bootstrap._gcd_import(name[level:], package, level)
utest/running/test_running.py:11: in &lt;module&gt;
    from resources.runningtestcase import RunningTestCase
E   ModuleNotFoundError: No module named 'resources'</error></testcase><testcase classname="" name="utest.running.test_testlibrary" time="0.000"><error message="collection failure">ImportError while importing test module '/workdir/robotframework-6.0.1/utest/running/test_testlibrary.py'.
Hint: make sure your test modules/packages have valid Python names.
Traceback:
/usr/local/lib/python3.10/importlib/__init__.py:126: in import_module
    return _bootstrap._gcd_import(name[level:], package, level)
utest/running/test_testlibrary.py:14: in &lt;module&gt;
    from classes import (NameLibrary, DocLibrary, ArgInfoLibrary, GetattrLibrary,
E   ModuleNotFoundError: No module named 'classes'</error></testcase></testsuite></testsuites>