<?xml version="1.0" encoding="utf-8"?><testsuites><testsuite name="pytest" errors="7" failures="0" skipped="6" tests="263" time="1.510" timestamp="2023-11-21T04:21:39.093115" hostname="b80581c01e0f"><testcase classname="test.test_CLI.CliTests" name="test_main_help" time="0.006" /><testcase classname="test.test__init__.ApplicationErrorTests" name="test_message" time="0.001" /><testcase classname="test.test__init__.ApplicationErrorTests" name="test_non_ASCII_message" time="0.001" /><testcase classname="test.test__init__.VersionInfoTests" name="test_VersionInfo" time="0.001" /><testcase classname="test.test__init__.VersionInfoTests" name="test_VersionInfo_value_check" time="0.001" /><testcase classname="test.test__init__.VersionInfoTests" name="test__version__" time="0.000" /><testcase classname="test.test__init__.VersionInfoTests" name="test__version_info__" time="0.000" /><testcase classname="test.test__init__.VersionInfoTests" name="test_version_info_comparing" time="0.001" /><testcase classname="test.test__init__.VersionInfoTests" name="test_version_info_tuple_comparing" time="0.001" /><testcase classname="test.test_dependencies.RecordDependenciesTests" name="test_csv_dependencies" time="0.019" /><testcase classname="test.test_dependencies.RecordDependenciesTests" name="test_dependencies_html" time="0.011" /><testcase classname="test.test_dependencies.RecordDependenciesTests" name="test_dependencies_latex" time="0.010" /><testcase classname="test.test_dependencies.RecordDependenciesTests" name="test_dependencies_xml" time="0.010" /><testcase classname="test.test_dependencies.RecordDependenciesTests" name="test_stylesheet_dependencies" time="0.029" /><testcase classname="test.test_error_reporting.SafeStringTests" name="test_7bit" time="0.001" /><testcase classname="test.test_error_reporting.SafeStringTests" name="test_str" time="0.000" /><testcase classname="test.test_error_reporting.SafeStringTests" name="test_ustr" time="0.000" /><testcase classname="test.test_error_reporting.ErrorStringTests" name="test_str" time="0.001" /><testcase classname="test.test_error_reporting.ErrorStringTests" name="test_unicode" time="0.000" /><testcase classname="test.test_error_reporting.ErrorOutputTests" name="test_bbuf" time="0.001" /><testcase classname="test.test_error_reporting.ErrorOutputTests" name="test_defaults" time="0.000" /><testcase classname="test.test_error_reporting.ErrorOutputTests" name="test_ubuf" time="0.001" /><testcase classname="test.test_error_reporting.SafeStringTests_locale" name="test_str" time="0.000" /><testcase classname="test.test_error_reporting.SafeStringTests_locale" name="test_ustr" time="0.000" /><testcase classname="test.test_error_reporting.ErrorReportingTests" name="test_csv_table" time="0.002" /><testcase classname="test.test_error_reporting.ErrorReportingTests" name="test_include" time="0.001" /><testcase classname="test.test_error_reporting.ErrorReportingTests" name="test_raw_file" time="0.001" /><testcase classname="test.test_functional.FunctionalTestCase" name="test" time="0.000"><error message="failed on setup with &quot;AssertionError: required argument&#10;assert None is not None&quot;">Traceback (most recent call last):
  File "/workdir/docutils-0.19/.tox/cpythonlibtest-unit-test-tests/lib/python3.10/site-packages/_pytest/runner.py", line 341, in from_call
    result: Optional[TResult] = func()
  File "/workdir/docutils-0.19/.tox/cpythonlibtest-unit-test-tests/lib/python3.10/site-packages/_pytest/runner.py", line 262, in &lt;lambda&gt;
    lambda: ihook(item=item, **kwds), when=when, reraise=reraise
  File "/workdir/docutils-0.19/.tox/cpythonlibtest-unit-test-tests/lib/python3.10/site-packages/pluggy/_hooks.py", line 493, in __call__
    return self._hookexec(self.name, self._hookimpls, kwargs, firstresult)
  File "/workdir/docutils-0.19/.tox/cpythonlibtest-unit-test-tests/lib/python3.10/site-packages/pluggy/_manager.py", line 115, in _hookexec
    return self._inner_hookexec(hook_name, methods, kwargs, firstresult)
  File "/workdir/docutils-0.19/.tox/cpythonlibtest-unit-test-tests/lib/python3.10/site-packages/pluggy/_callers.py", line 152, in _multicall
    return outcome.get_result()
  File "/workdir/docutils-0.19/.tox/cpythonlibtest-unit-test-tests/lib/python3.10/site-packages/pluggy/_result.py", line 114, in get_result
    raise exc.with_traceback(exc.__traceback__)
  File "/workdir/docutils-0.19/.tox/cpythonlibtest-unit-test-tests/lib/python3.10/site-packages/pluggy/_callers.py", line 77, in _multicall
    res = hook_impl.function(*args)
  File "/workdir/docutils-0.19/.tox/cpythonlibtest-unit-test-tests/lib/python3.10/site-packages/_pytest/runner.py", line 157, in pytest_runtest_setup
    item.session._setupstate.setup(item)
  File "/workdir/docutils-0.19/.tox/cpythonlibtest-unit-test-tests/lib/python3.10/site-packages/_pytest/runner.py", line 497, in setup
    raise exc
  File "/workdir/docutils-0.19/.tox/cpythonlibtest-unit-test-tests/lib/python3.10/site-packages/_pytest/runner.py", line 494, in setup
    col.setup()
  File "/workdir/docutils-0.19/.tox/cpythonlibtest-unit-test-tests/lib/python3.10/site-packages/_pytest/unittest.py", line 201, in setup
    self._testcase = self.parent.obj(self.name)  # type: ignore[attr-defined]
  File "/workdir/docutils-0.19/test/test_functional.py", line 103, in __init__
    assert configfile is not None, 'required argument'
AssertionError: required argument
assert None is not None</error></testcase><testcase classname="test.test_io.HelperTests" name="test_check_encoding_false" time="0.001" /><testcase classname="test.test_io.HelperTests" name="test_check_encoding_none" time="0.001" /><testcase classname="test.test_io.HelperTests" name="test_check_encoding_true" time="0.001" /><testcase classname="test.test_io.HelperTests" name="test_error_string" time="0.000" /><testcase classname="test.test_io.InputTests" name="test_bom" time="0.000" /><testcase classname="test.test_io.InputTests" name="test_bom_detection" time="0.001" /><testcase classname="test.test_io.InputTests" name="test_coding_slug" time="0.000" /><testcase classname="test.test_io.InputTests" name="test_decode_unicode" time="0.000" /><testcase classname="test.test_io.InputTests" name="test_heuristics_no_utf8" time="0.001" /><testcase classname="test.test_io.InputTests" name="test_readlines" time="0.001" /><testcase classname="test.test_io.OutputTests" name="test_FileOutput_hande_io_errors_deprection_warning" time="0.001" /><testcase classname="test.test_io.OutputTests" name="test_encoding_clash_nonresolvable" time="0.001" /><testcase classname="test.test_io.OutputTests" name="test_encoding_clash_resolved" time="0.000" /><testcase classname="test.test_io.OutputTests" name="test_write_bytes" time="0.000" /><testcase classname="test.test_io.OutputTests" name="test_write_bytes_to_stdout" time="0.000" /><testcase classname="test.test_io.OutputTests" name="test_write_unicode" time="0.000" /><testcase classname="test.test_io.OutputTests" name="test_write_utf8" time="0.001" /><testcase classname="test.test_io.ErrorOutputTests" name="test_bbuf" time="0.000" /><testcase classname="test.test_io.ErrorOutputTests" name="test_defaults" time="0.000" /><testcase classname="test.test_io.ErrorOutputTests" name="test_ubuf" time="0.000" /><testcase classname="test.test_io.FileInputTests" name="test_bom_utf_16" time="0.001" /><testcase classname="test.test_io.FileInputTests" name="test_bom_utf_8" time="0.000" /><testcase classname="test.test_io.FileInputTests" name="test_coding_slug" time="0.001" /><testcase classname="test.test_io.FileInputTests" name="test_fallback_no_utf8" time="0.001"><skipped type="pytest.skip" message="locale encoding not set or UTF-8">/workdir/docutils-0.19/test/test_io.py:290: locale encoding not set or UTF-8</skipped></testcase><testcase classname="test.test_io.FileInputTests" name="test_fallback_utf8" time="0.001" /><testcase classname="test.test_language.LanguageTestCase" name="test_bibliographic_fields" time="0.000"><error message="failed on setup with &quot;AssertionError: required argument&#10;assert None is not None&quot;">Traceback (most recent call last):
  File "/workdir/docutils-0.19/.tox/cpythonlibtest-unit-test-tests/lib/python3.10/site-packages/_pytest/runner.py", line 341, in from_call
    result: Optional[TResult] = func()
  File "/workdir/docutils-0.19/.tox/cpythonlibtest-unit-test-tests/lib/python3.10/site-packages/_pytest/runner.py", line 262, in &lt;lambda&gt;
    lambda: ihook(item=item, **kwds), when=when, reraise=reraise
  File "/workdir/docutils-0.19/.tox/cpythonlibtest-unit-test-tests/lib/python3.10/site-packages/pluggy/_hooks.py", line 493, in __call__
    return self._hookexec(self.name, self._hookimpls, kwargs, firstresult)
  File "/workdir/docutils-0.19/.tox/cpythonlibtest-unit-test-tests/lib/python3.10/site-packages/pluggy/_manager.py", line 115, in _hookexec
    return self._inner_hookexec(hook_name, methods, kwargs, firstresult)
  File "/workdir/docutils-0.19/.tox/cpythonlibtest-unit-test-tests/lib/python3.10/site-packages/pluggy/_callers.py", line 152, in _multicall
    return outcome.get_result()
  File "/workdir/docutils-0.19/.tox/cpythonlibtest-unit-test-tests/lib/python3.10/site-packages/pluggy/_result.py", line 114, in get_result
    raise exc.with_traceback(exc.__traceback__)
  File "/workdir/docutils-0.19/.tox/cpythonlibtest-unit-test-tests/lib/python3.10/site-packages/pluggy/_callers.py", line 77, in _multicall
    res = hook_impl.function(*args)
  File "/workdir/docutils-0.19/.tox/cpythonlibtest-unit-test-tests/lib/python3.10/site-packages/_pytest/runner.py", line 157, in pytest_runtest_setup
    item.session._setupstate.setup(item)
  File "/workdir/docutils-0.19/.tox/cpythonlibtest-unit-test-tests/lib/python3.10/site-packages/_pytest/runner.py", line 497, in setup
    raise exc
  File "/workdir/docutils-0.19/.tox/cpythonlibtest-unit-test-tests/lib/python3.10/site-packages/_pytest/runner.py", line 494, in setup
    col.setup()
  File "/workdir/docutils-0.19/.tox/cpythonlibtest-unit-test-tests/lib/python3.10/site-packages/_pytest/unittest.py", line 201, in setup
    self._testcase = self.parent.obj(self.name)  # type: ignore[attr-defined]
  File "/workdir/docutils-0.19/test/test_language.py", line 90, in __init__
    assert language is not None, 'required argument'
AssertionError: required argument
assert None is not None</error></testcase><testcase classname="test.test_language.LanguageTestCase" name="test_directives" time="0.000"><error message="failed on setup with &quot;AssertionError: required argument&#10;assert None is not None&quot;">Traceback (most recent call last):
  File "/workdir/docutils-0.19/.tox/cpythonlibtest-unit-test-tests/lib/python3.10/site-packages/_pytest/runner.py", line 341, in from_call
    result: Optional[TResult] = func()
  File "/workdir/docutils-0.19/.tox/cpythonlibtest-unit-test-tests/lib/python3.10/site-packages/_pytest/runner.py", line 262, in &lt;lambda&gt;
    lambda: ihook(item=item, **kwds), when=when, reraise=reraise
  File "/workdir/docutils-0.19/.tox/cpythonlibtest-unit-test-tests/lib/python3.10/site-packages/pluggy/_hooks.py", line 493, in __call__
    return self._hookexec(self.name, self._hookimpls, kwargs, firstresult)
  File "/workdir/docutils-0.19/.tox/cpythonlibtest-unit-test-tests/lib/python3.10/site-packages/pluggy/_manager.py", line 115, in _hookexec
    return self._inner_hookexec(hook_name, methods, kwargs, firstresult)
  File "/workdir/docutils-0.19/.tox/cpythonlibtest-unit-test-tests/lib/python3.10/site-packages/pluggy/_callers.py", line 152, in _multicall
    return outcome.get_result()
  File "/workdir/docutils-0.19/.tox/cpythonlibtest-unit-test-tests/lib/python3.10/site-packages/pluggy/_result.py", line 114, in get_result
    raise exc.with_traceback(exc.__traceback__)
  File "/workdir/docutils-0.19/.tox/cpythonlibtest-unit-test-tests/lib/python3.10/site-packages/pluggy/_callers.py", line 77, in _multicall
    res = hook_impl.function(*args)
  File "/workdir/docutils-0.19/.tox/cpythonlibtest-unit-test-tests/lib/python3.10/site-packages/_pytest/runner.py", line 157, in pytest_runtest_setup
    item.session._setupstate.setup(item)
  File "/workdir/docutils-0.19/.tox/cpythonlibtest-unit-test-tests/lib/python3.10/site-packages/_pytest/runner.py", line 497, in setup
    raise exc
  File "/workdir/docutils-0.19/.tox/cpythonlibtest-unit-test-tests/lib/python3.10/site-packages/_pytest/runner.py", line 494, in setup
    col.setup()
  File "/workdir/docutils-0.19/.tox/cpythonlibtest-unit-test-tests/lib/python3.10/site-packages/_pytest/unittest.py", line 201, in setup
    self._testcase = self.parent.obj(self.name)  # type: ignore[attr-defined]
  File "/workdir/docutils-0.19/test/test_language.py", line 90, in __init__
    assert language is not None, 'required argument'
AssertionError: required argument
assert None is not None</error></testcase><testcase classname="test.test_language.LanguageTestCase" name="test_labels" time="0.000"><error message="failed on setup with &quot;AssertionError: required argument&#10;assert None is not None&quot;">Traceback (most recent call last):
  File "/workdir/docutils-0.19/.tox/cpythonlibtest-unit-test-tests/lib/python3.10/site-packages/_pytest/runner.py", line 341, in from_call
    result: Optional[TResult] = func()
  File "/workdir/docutils-0.19/.tox/cpythonlibtest-unit-test-tests/lib/python3.10/site-packages/_pytest/runner.py", line 262, in &lt;lambda&gt;
    lambda: ihook(item=item, **kwds), when=when, reraise=reraise
  File "/workdir/docutils-0.19/.tox/cpythonlibtest-unit-test-tests/lib/python3.10/site-packages/pluggy/_hooks.py", line 493, in __call__
    return self._hookexec(self.name, self._hookimpls, kwargs, firstresult)
  File "/workdir/docutils-0.19/.tox/cpythonlibtest-unit-test-tests/lib/python3.10/site-packages/pluggy/_manager.py", line 115, in _hookexec
    return self._inner_hookexec(hook_name, methods, kwargs, firstresult)
  File "/workdir/docutils-0.19/.tox/cpythonlibtest-unit-test-tests/lib/python3.10/site-packages/pluggy/_callers.py", line 152, in _multicall
    return outcome.get_result()
  File "/workdir/docutils-0.19/.tox/cpythonlibtest-unit-test-tests/lib/python3.10/site-packages/pluggy/_result.py", line 114, in get_result
    raise exc.with_traceback(exc.__traceback__)
  File "/workdir/docutils-0.19/.tox/cpythonlibtest-unit-test-tests/lib/python3.10/site-packages/pluggy/_callers.py", line 77, in _multicall
    res = hook_impl.function(*args)
  File "/workdir/docutils-0.19/.tox/cpythonlibtest-unit-test-tests/lib/python3.10/site-packages/_pytest/runner.py", line 157, in pytest_runtest_setup
    item.session._setupstate.setup(item)
  File "/workdir/docutils-0.19/.tox/cpythonlibtest-unit-test-tests/lib/python3.10/site-packages/_pytest/runner.py", line 497, in setup
    raise exc
  File "/workdir/docutils-0.19/.tox/cpythonlibtest-unit-test-tests/lib/python3.10/site-packages/_pytest/runner.py", line 494, in setup
    col.setup()
  File "/workdir/docutils-0.19/.tox/cpythonlibtest-unit-test-tests/lib/python3.10/site-packages/_pytest/unittest.py", line 201, in setup
    self._testcase = self.parent.obj(self.name)  # type: ignore[attr-defined]
  File "/workdir/docutils-0.19/test/test_language.py", line 90, in __init__
    assert language is not None, 'required argument'
AssertionError: required argument
assert None is not None</error></testcase><testcase classname="test.test_language.LanguageTestCase" name="test_roles" time="0.000"><error message="failed on setup with &quot;AssertionError: required argument&#10;assert None is not None&quot;">Traceback (most recent call last):
  File "/workdir/docutils-0.19/.tox/cpythonlibtest-unit-test-tests/lib/python3.10/site-packages/_pytest/runner.py", line 341, in from_call
    result: Optional[TResult] = func()
  File "/workdir/docutils-0.19/.tox/cpythonlibtest-unit-test-tests/lib/python3.10/site-packages/_pytest/runner.py", line 262, in &lt;lambda&gt;
    lambda: ihook(item=item, **kwds), when=when, reraise=reraise
  File "/workdir/docutils-0.19/.tox/cpythonlibtest-unit-test-tests/lib/python3.10/site-packages/pluggy/_hooks.py", line 493, in __call__
    return self._hookexec(self.name, self._hookimpls, kwargs, firstresult)
  File "/workdir/docutils-0.19/.tox/cpythonlibtest-unit-test-tests/lib/python3.10/site-packages/pluggy/_manager.py", line 115, in _hookexec
    return self._inner_hookexec(hook_name, methods, kwargs, firstresult)
  File "/workdir/docutils-0.19/.tox/cpythonlibtest-unit-test-tests/lib/python3.10/site-packages/pluggy/_callers.py", line 152, in _multicall
    return outcome.get_result()
  File "/workdir/docutils-0.19/.tox/cpythonlibtest-unit-test-tests/lib/python3.10/site-packages/pluggy/_result.py", line 114, in get_result
    raise exc.with_traceback(exc.__traceback__)
  File "/workdir/docutils-0.19/.tox/cpythonlibtest-unit-test-tests/lib/python3.10/site-packages/pluggy/_callers.py", line 77, in _multicall
    res = hook_impl.function(*args)
  File "/workdir/docutils-0.19/.tox/cpythonlibtest-unit-test-tests/lib/python3.10/site-packages/_pytest/runner.py", line 157, in pytest_runtest_setup
    item.session._setupstate.setup(item)
  File "/workdir/docutils-0.19/.tox/cpythonlibtest-unit-test-tests/lib/python3.10/site-packages/_pytest/runner.py", line 497, in setup
    raise exc
  File "/workdir/docutils-0.19/.tox/cpythonlibtest-unit-test-tests/lib/python3.10/site-packages/_pytest/runner.py", line 494, in setup
    col.setup()
  File "/workdir/docutils-0.19/.tox/cpythonlibtest-unit-test-tests/lib/python3.10/site-packages/_pytest/unittest.py", line 201, in setup
    self._testcase = self.parent.obj(self.name)  # type: ignore[attr-defined]
  File "/workdir/docutils-0.19/test/test_language.py", line 90, in __init__
    assert language is not None, 'required argument'
AssertionError: required argument
assert None is not None</error></testcase><testcase classname="test.test_nodes.TextTests" name="test_Text_rawsource_deprection_warning" time="0.001" /><testcase classname="test.test_nodes.TextTests" name="test_asciirestriction" time="0.001" /><testcase classname="test.test_nodes.TextTests" name="test_astext" time="0.000" /><testcase classname="test.test_nodes.TextTests" name="test_comparison" time="0.000" /><testcase classname="test.test_nodes.TextTests" name="test_longrepr" time="0.000" /><testcase classname="test.test_nodes.TextTests" name="test_pformat" time="0.000" /><testcase classname="test.test_nodes.TextTests" name="test_repr" time="0.000" /><testcase classname="test.test_nodes.TextTests" name="test_str" time="0.000" /><testcase classname="test.test_nodes.TextTests" name="test_strip" time="0.000" /><testcase classname="test.test_nodes.TextTests" name="test_unicode" time="0.001" /><testcase classname="test.test_nodes.ElementTests" name="test_clear" time="0.001" /><testcase classname="test.test_nodes.ElementTests" name="test_default_attributes" time="0.001" /><testcase classname="test.test_nodes.ElementTests" name="test_empty" time="0.003" /><testcase classname="test.test_nodes.ElementTests" name="test_index" time="0.001" /><testcase classname="test.test_nodes.ElementTests" name="test_normal_attributes" time="0.000" /><testcase classname="test.test_nodes.ElementTests" name="test_replace_self" time="0.001" /><testcase classname="test.test_nodes.ElementTests" name="test_unicode" time="0.000" /><testcase classname="test.test_nodes.ElementTests" name="test_update_all_atts" time="0.001" /><testcase classname="test.test_nodes.ElementTests" name="test_update_basic_atts" time="0.000" /><testcase classname="test.test_nodes.ElementTests" name="test_withtext" time="0.001" /><testcase classname="test.test_nodes.MiscTests" name="test_copy" time="0.001" /><testcase classname="test.test_nodes.MiscTests" name="test_findall" time="0.001" /><testcase classname="test.test_nodes.MiscTests" name="test_findall_duplicate_texts" time="0.001" /><testcase classname="test.test_nodes.MiscTests" name="test_make_id" time="0.001" /><testcase classname="test.test_nodes.MiscTests" name="test_next_node" time="0.001" /><testcase classname="test.test_nodes.MiscTests" name="test_node_class_names" time="0.001" /><testcase classname="test.test_nodes.MiscTests" name="test_system_message_copy" time="0.001" /><testcase classname="test.test_nodes.TreeCopyVisitorTests" name="test_copy_whole" time="0.002" /><testcase classname="test.test_nodes.SetIdTests" name="test_set_id_custom" time="0.001" /><testcase classname="test.test_nodes.SetIdTests" name="test_set_id_custom_descriptive_auto_id" time="0.001" /><testcase classname="test.test_nodes.SetIdTests" name="test_set_id_default" time="0.001" /><testcase classname="test.test_nodes.SetIdTests" name="test_set_id_descriptive_auto_id" time="0.001" /><testcase classname="test.test_nodes.NodeVisitorTests" name="test_dispatch_visit_optional" time="0.002" /><testcase classname="test.test_nodes.NodeVisitorTests" name="test_dispatch_visit_unknown" time="0.001" /><testcase classname="test.test_nodes.MiscFunctionTests" name="test_normalize_name" time="0.001" /><testcase classname="test.test_pickle.PickleTests" name="test_pickle" time="0.003" /><testcase classname="test.test_publisher.PublisherTests" name="test_input_error_handling" time="0.002" /><testcase classname="test.test_publisher.PublisherTests" name="test_output_error_handling" time="0.003" /><testcase classname="test.test_publisher.PublishDoctreeTestCase" name="test_publish_doctree" time="0.005" /><testcase classname="test.test_publisher.PublishDoctreeTestCase" name="test_publish_pickle" time="0.003" /><testcase classname="test.test_settings.ConfigFileTests" name="test_encoding_error_handler" time="0.002" /><testcase classname="test.test_settings.ConfigFileTests" name="test_encoding_error_handler2" time="0.002" /><testcase classname="test.test_settings.ConfigFileTests" name="test_list" time="0.002" /><testcase classname="test.test_settings.ConfigFileTests" name="test_list2" time="0.002" /><testcase classname="test.test_settings.ConfigFileTests" name="test_multiple" time="0.002" /><testcase classname="test.test_settings.ConfigFileTests" name="test_multiple_with_html5_writer" time="0.003" /><testcase classname="test.test_settings.ConfigFileTests" name="test_nofiles" time="0.001" /><testcase classname="test.test_settings.ConfigFileTests" name="test_old" time="0.004" /><testcase classname="test.test_settings.ConfigFileTests" name="test_old_and_new" time="0.002" /><testcase classname="test.test_settings.ConfigFileTests" name="test_one" time="0.002" /><testcase classname="test.test_settings.ConfigFileTests" name="test_syntax_error" time="0.002" /><testcase classname="test.test_settings.ConfigEnvVarFileTests" name="test_encoding_error_handler" time="0.002" /><testcase classname="test.test_settings.ConfigEnvVarFileTests" name="test_encoding_error_handler2" time="0.002" /><testcase classname="test.test_settings.ConfigEnvVarFileTests" name="test_get_standard_config_files" time="0.002" /><testcase classname="test.test_settings.ConfigEnvVarFileTests" name="test_list" time="0.002" /><testcase classname="test.test_settings.ConfigEnvVarFileTests" name="test_list2" time="0.002" /><testcase classname="test.test_settings.ConfigEnvVarFileTests" name="test_multiple" time="0.002" /><testcase classname="test.test_settings.ConfigEnvVarFileTests" name="test_multiple_with_html5_writer" time="0.003" /><testcase classname="test.test_settings.ConfigEnvVarFileTests" name="test_nofiles" time="0.001" /><testcase classname="test.test_settings.ConfigEnvVarFileTests" name="test_old" time="0.001" /><testcase classname="test.test_settings.ConfigEnvVarFileTests" name="test_old_and_new" time="0.002" /><testcase classname="test.test_settings.ConfigEnvVarFileTests" name="test_one" time="0.002" /><testcase classname="test.test_settings.ConfigEnvVarFileTests" name="test_syntax_error" time="0.002" /><testcase classname="test.test_settings.HelperFunctionsTests" name="test_make_paths_absolute" time="0.001" /><testcase classname="test.test_settings.HelperFunctionsTests" name="test_make_paths_absolute_cwd" time="0.002" /><testcase classname="test.test_settings.HelperFunctionsTests" name="test_set_conditions_deprecation_warning" time="0.017" /><testcase classname="test.test_settings.HelperFunctionsTests" name="test_validate_boolean" time="0.001" /><testcase classname="test.test_settings.HelperFunctionsTests" name="test_validate_colon_separated_string_list" time="0.001" /><testcase classname="test.test_settings.HelperFunctionsTests" name="test_validate_comma_separated_list" time="0.001" /><testcase classname="test.test_settings.HelperFunctionsTests" name="test_validate_smartquotes_locales" time="0.001" /><testcase classname="test.test_settings.HelperFunctionsTests" name="test_validate_ternary" time="0.001" /><testcase classname="test.test_settings.HelperFunctionsTests" name="test_validate_url_trailing_slash" time="0.001" /><testcase classname="test.test_statemachine.EmptySMTests" name="test_add_state" time="0.001" /><testcase classname="test.test_statemachine.EmptySMTests" name="test_add_states" time="0.000" /><testcase classname="test.test_statemachine.EmptySMTests" name="test_get_state" time="0.001" /><testcase classname="test.test_statemachine.EmptySMWSTests" name="test_add_state" time="0.001" /><testcase classname="test.test_statemachine.EmptySMWSTests" name="test_add_states" time="0.000" /><testcase classname="test.test_statemachine.EmptySMWSTests" name="test_get_state" time="0.000" /><testcase classname="test.test_statemachine.SMWSTests" name="test___init__" time="0.000" /><testcase classname="test.test_statemachine.SMWSTests" name="test_get_indented" time="0.000" /><testcase classname="test.test_statemachine.SMWSTests" name="test_get_text_block" time="0.000" /><testcase classname="test.test_statemachine.SMWSTests" name="test_get_text_block_flush_left" time="0.000" /><testcase classname="test.test_statemachine.SMWSTests" name="test_run" time="0.001" /><testcase classname="test.test_statemachine.EmptyStateTests" name="test_add_transition" time="0.001" /><testcase classname="test.test_statemachine.EmptyStateTests" name="test_add_transitions" time="0.000" /><testcase classname="test.test_statemachine.EmptyStateTests" name="test_make_transition" time="0.001" /><testcase classname="test.test_statemachine.EmptyStateTests" name="test_make_transitions" time="0.000" /><testcase classname="test.test_statemachine.EmptyStateTests" name="test_remove_transition" time="0.001" /><testcase classname="test.test_statemachine.MiscTests" name="test_string2lines" time="0.001" /><testcase classname="test.test_traversals.StopTraversalTests" name="test_stop_traversal" time="0.007" /><testcase classname="test.test_utils.ReporterTests" name="test_level0" time="0.001" /><testcase classname="test.test_utils.ReporterTests" name="test_level1" time="0.000" /><testcase classname="test.test_utils.ReporterTests" name="test_level2" time="0.001" /><testcase classname="test.test_utils.ReporterTests" name="test_level3" time="0.000" /><testcase classname="test.test_utils.ReporterTests" name="test_level4" time="0.001" /><testcase classname="test.test_utils.ReporterTests" name="test_unicode_message" time="0.001" /><testcase classname="test.test_utils.ReporterTests" name="test_unicode_message_from_exception" time="0.001" /><testcase classname="test.test_utils.QuietReporterTests" name="test_debug" time="0.001" /><testcase classname="test.test_utils.QuietReporterTests" name="test_error" time="0.001" /><testcase classname="test.test_utils.QuietReporterTests" name="test_info" time="0.001" /><testcase classname="test.test_utils.QuietReporterTests" name="test_severe" time="0.000" /><testcase classname="test.test_utils.QuietReporterTests" name="test_warning" time="0.001" /><testcase classname="test.test_utils.NameValueTests" name="test_extract_name_value" time="0.001" /><testcase classname="test.test_utils.ExtensionOptionTests" name="test_assemble_option_dict" time="0.001" /><testcase classname="test.test_utils.ExtensionOptionTests" name="test_extract_extension_options" time="0.001" /><testcase classname="test.test_utils.HelperFunctionTests" name="test_column_width" time="0.000" /><testcase classname="test.test_utils.HelperFunctionTests" name="test_decode_path" time="0.000" /><testcase classname="test.test_utils.HelperFunctionTests" name="test_escape2null" time="0.000" /><testcase classname="test.test_utils.HelperFunctionTests" name="test_find_file_in_dirs" time="0.001" /><testcase classname="test.test_utils.HelperFunctionTests" name="test_implicit_version_identifier" time="0.000" /><testcase classname="test.test_utils.HelperFunctionTests" name="test_normalize_language_tag" time="0.001" /><testcase classname="test.test_utils.HelperFunctionTests" name="test_relative_path" time="0.001" /><testcase classname="test.test_utils.HelperFunctionTests" name="test_unescape" time="0.000" /><testcase classname="test.test_utils.HelperFunctionTests" name="test_version_identifier" time="0.001" /><testcase classname="test.test_utils.StylesheetFunctionTests" name="test_get_stylesheet_list_conflict" time="0.001" /><testcase classname="test.test_utils.StylesheetFunctionTests" name="test_get_stylesheet_list_stylesheet" time="0.000" /><testcase classname="test.test_utils.StylesheetFunctionTests" name="test_get_stylesheet_list_stylesheet_path" time="0.001" /><testcase classname="test.test_viewlist.ViewListTests" name="test_append" time="0.001" /><testcase classname="test.test_viewlist.ViewListTests" name="test_del_slice" time="0.001" /><testcase classname="test.test_viewlist.ViewListTests" name="test_extend" time="0.000" /><testcase classname="test.test_viewlist.ViewListTests" name="test_get_slice" time="0.000" /><testcase classname="test.test_viewlist.ViewListTests" name="test_info" time="0.000" /><testcase classname="test.test_viewlist.ViewListTests" name="test_insert" time="0.000" /><testcase classname="test.test_viewlist.ViewListTests" name="test_lists" time="0.001" /><testcase classname="test.test_viewlist.ViewListTests" name="test_reverse" time="0.000" /><testcase classname="test.test_viewlist.ViewListTests" name="test_set_slice" time="0.000" /><testcase classname="test.test_viewlist.ViewListTests" name="test_sort" time="0.000" /><testcase classname="test.test_viewlist.ViewListTests" name="test_special_class_methods" time="0.001" /><testcase classname="test.test_viewlist.ViewListTests" name="test_trim" time="0.000" /><testcase classname="test.test_viewlist.ViewListTests" name="test_view" time="0.001" /><testcase classname="test.test_viewlist.ViewListTests" name="test_xitems" time="0.001" /><testcase classname="test.test_viewlist.StringList" name="test_get_indented" time="0.001" /><testcase classname="test.test_viewlist.StringList" name="test_trim_left" time="0.001" /><testcase classname="test.test_parsers.test_get_parser_class.GetParserClassTestCase" name="test_bogus_parser" time="0.001" /><testcase classname="test.test_parsers.test_get_parser_class.GetParserClassTestCase" name="test_local_parser" time="0.001" /><testcase classname="test.test_parsers.test_get_parser_class.GetParserClassTestCase" name="test_registered_parser" time="0.001" /><testcase classname="test.test_parsers.test_parser.RstParserTests" name="test_inputrestrictions" time="0.002" /><testcase classname="test.test_parsers.test_recommonmark.test_misc.RecommonmarkParserTests" name="test_parser_name" time="0.001"><skipped type="pytest.skip" message="Optional &quot;recommonmark&quot; module not found.">/workdir/docutils-0.19/test/test_parsers/test_recommonmark/test_misc.py:46: Optional "recommonmark" module not found.</skipped></testcase><testcase classname="test.test_parsers.test_recommonmark.test_misc.RecommonmarkParserTests" name="test_raw_disabled" time="0.000"><skipped type="pytest.skip" message="Optional &quot;recommonmark&quot; module not found.">/workdir/docutils-0.19/test/test_parsers/test_recommonmark/test_misc.py:52: Optional "recommonmark" module not found.</skipped></testcase><testcase classname="test.test_parsers.test_recommonmark.test_misc.RecommonmarkParserTests" name="test_raw_disabled_inline" time="0.000"><skipped type="pytest.skip" message="Optional &quot;recommonmark&quot; module not found.">/workdir/docutils-0.19/test/test_parsers/test_recommonmark/test_misc.py:60: Optional "recommonmark" module not found.</skipped></testcase><testcase classname="test.test_parsers.test_recommonmark.test_misc.RecommonmarkMissingTests" name="test_missing_parser_message" time="0.001" /><testcase classname="test.test_parsers.test_rst.test_directives.test__init__.DirectiveOptionConversionTestCase" name="test_flag" time="0.001" /><testcase classname="test.test_parsers.test_rst.test_directives.test__init__.DirectiveOptionConversionTestCase" name="test_parser_name" time="0.001" /><testcase classname="test.test_parsers.test_rst.test_directives.test__init__.DirectiveOptionConversionTestCase" name="test_unchanged" time="0.000" /><testcase classname="test.test_parsers.test_rst.test_directives.test__init__.DirectiveOptionConversionTestCase" name="test_unchanged_required" time="0.000" /><testcase classname="test.test_parsers.test_rst.test_directives.test_code_parsing.CodeParsingTests" name="test_lexer_error" time="0.000"><skipped type="pytest.skip" message="optional module &quot;pygments&quot; not found">/workdir/docutils-0.19/test/test_parsers/test_rst/test_directives/test_code_parsing.py:47: optional module "pygments" not found</skipped></testcase><testcase classname="test.test_parsers.test_rst.test_directives.test_code_parsing.CodeParsingTests" name="test_lexer_error_workaround" time="0.000"><skipped type="pytest.skip" message="optional module &quot;pygments&quot; not found">/workdir/docutils-0.19/test/test_parsers/test_rst/test_directives/test_code_parsing.py:54: optional module "pygments" not found</skipped></testcase><testcase classname="test.test_readers.test_get_reader_class.GetReaderClassTestCase" name="test_bogus_reader" time="0.001" /><testcase classname="test.test_readers.test_get_reader_class.GetReaderClassTestCase" name="test_local_reader" time="0.001" /><testcase classname="test.test_readers.test_get_reader_class.GetReaderClassTestCase" name="test_registered_reader" time="0.001" /><testcase classname="test.test_transforms.test___init__.KwargsTestCase" name="test_kwargs" time="0.001" /><testcase classname="test.test_writers.test_docutils_xml.DocutilsXMLTestCase" name="test_invalid_raw_xml" time="0.007" /><testcase classname="test.test_writers.test_docutils_xml.DocutilsXMLTestCase" name="test_publish" time="0.008" /><testcase classname="test.test_writers.test_docutils_xml.DocutilsXMLTestCase" name="test_publish_indents" time="0.002" /><testcase classname="test.test_writers.test_docutils_xml.DocutilsXMLTestCase" name="test_publish_newlines" time="0.002" /><testcase classname="test.test_writers.test_docutils_xml.DocutilsXMLTestCase" name="test_raw_xml" time="0.003" /><testcase classname="test.test_writers.test_get_writer_class.GetWriterClassTestCase" name="test_bogus_writer" time="0.001" /><testcase classname="test.test_writers.test_get_writer_class.GetWriterClassTestCase" name="test_local_writer" time="0.001" /><testcase classname="test.test_writers.test_get_writer_class.GetWriterClassTestCase" name="test_registered_writer" time="0.002" /><testcase classname="test.test_writers.test_html4css1_misc.EncodingTestCase" name="test_xmlcharrefreplace" time="0.003" /><testcase classname="test.test_writers.test_html4css1_misc.MovingArgsTestCase" name="test_definition_list_item_classes" time="0.003" /><testcase classname="test.test_writers.test_html4css1_misc.MovingArgsTestCase" name="test_definition_list_item_name" time="0.004" /><testcase classname="test.test_writers.test_html4css1_misc.SettingsTestCase" name="test_custom_stylesheet_dir" time="0.004" /><testcase classname="test.test_writers.test_html4css1_misc.SettingsTestCase" name="test_custom_stylesheet_dir_embedded" time="0.002" /><testcase classname="test.test_writers.test_html4css1_misc.SettingsTestCase" name="test_custom_stylesheet_linked" time="0.002" /><testcase classname="test.test_writers.test_html4css1_misc.SettingsTestCase" name="test_default_stylesheet" time="0.002" /><testcase classname="test.test_writers.test_html4css1_misc.SettingsTestCase" name="test_default_stylesheet_linked" time="0.002" /><testcase classname="test.test_writers.test_html4css1_misc.SettingsTestCase" name="test_math_stylesheet_linked" time="0.003" /><testcase classname="test.test_writers.test_html4css1_misc.MathTestCase" name="test_math_output_default" time="0.003" /><testcase classname="test.test_writers.test_html4css1_misc.MathTestCase" name="test_math_output_html" time="0.003" /><testcase classname="test.test_writers.test_html4css1_misc.MathTestCase" name="test_math_output_html_stylesheet" time="0.003" /><testcase classname="test.test_writers.test_html4css1_misc.MathTestCase" name="test_math_output_mathjax" time="0.002" /><testcase classname="test.test_writers.test_html4css1_misc.MathTestCase" name="test_math_output_mathjax_custom" time="0.002" /><testcase classname="test.test_writers.test_html4css1_misc.MathTestCase" name="test_math_output_mathjax_no_math" time="0.004" /><testcase classname="test.test_writers.test_html5_polyglot_misc.EncodingTestCase" name="test_xmlcharrefreplace" time="0.003" /><testcase classname="test.test_writers.test_html5_polyglot_misc.MovingArgsTestCase" name="test_definition_list_item_classes" time="0.003" /><testcase classname="test.test_writers.test_html5_polyglot_misc.MovingArgsTestCase" name="test_definition_list_item_name" time="0.003" /><testcase classname="test.test_writers.test_html5_polyglot_misc.SettingsTestCase" name="test_custom_stylesheet_dir" time="0.002" /><testcase classname="test.test_writers.test_html5_polyglot_misc.SettingsTestCase" name="test_custom_stylesheet_dir_embedded" time="0.002" /><testcase classname="test.test_writers.test_html5_polyglot_misc.SettingsTestCase" name="test_custom_stylesheet_linked" time="0.002" /><testcase classname="test.test_writers.test_html5_polyglot_misc.SettingsTestCase" name="test_default_stylesheet" time="0.003" /><testcase classname="test.test_writers.test_html5_polyglot_misc.SettingsTestCase" name="test_default_stylesheet_linked" time="0.002" /><testcase classname="test.test_writers.test_html5_polyglot_misc.SettingsTestCase" name="test_future_warnings" time="0.003" /><testcase classname="test.test_writers.test_html5_polyglot_misc.SettingsTestCase" name="test_math_stylesheet_linked" time="0.004" /><testcase classname="test.test_writers.test_html5_polyglot_misc.MathTestCase" name="test_math_output_default" time="0.003" /><testcase classname="test.test_writers.test_html5_polyglot_misc.MathTestCase" name="test_math_output_html" time="0.002" /><testcase classname="test.test_writers.test_html5_polyglot_misc.MathTestCase" name="test_math_output_html_stylesheet" time="0.002" /><testcase classname="test.test_writers.test_html5_polyglot_misc.MathTestCase" name="test_math_output_mathjax" time="0.003" /><testcase classname="test.test_writers.test_html5_polyglot_misc.MathTestCase" name="test_math_output_mathjax_custom" time="0.003" /><testcase classname="test.test_writers.test_html5_polyglot_misc.MathTestCase" name="test_math_output_mathjax_no_math" time="0.003" /><testcase classname="test.test_writers.test_html5_polyglot_parts.HtmlWriterPublishPartsTestCase" name="test_publish" time="0.000"><error message="failed on setup with &quot;TypeError: CustomTestCase.__init__() missing 3 required positional arguments: 'input', 'expected', and 'id'&quot;">Traceback (most recent call last):
  File "/workdir/docutils-0.19/.tox/cpythonlibtest-unit-test-tests/lib/python3.10/site-packages/_pytest/runner.py", line 341, in from_call
    result: Optional[TResult] = func()
  File "/workdir/docutils-0.19/.tox/cpythonlibtest-unit-test-tests/lib/python3.10/site-packages/_pytest/runner.py", line 262, in &lt;lambda&gt;
    lambda: ihook(item=item, **kwds), when=when, reraise=reraise
  File "/workdir/docutils-0.19/.tox/cpythonlibtest-unit-test-tests/lib/python3.10/site-packages/pluggy/_hooks.py", line 493, in __call__
    return self._hookexec(self.name, self._hookimpls, kwargs, firstresult)
  File "/workdir/docutils-0.19/.tox/cpythonlibtest-unit-test-tests/lib/python3.10/site-packages/pluggy/_manager.py", line 115, in _hookexec
    return self._inner_hookexec(hook_name, methods, kwargs, firstresult)
  File "/workdir/docutils-0.19/.tox/cpythonlibtest-unit-test-tests/lib/python3.10/site-packages/pluggy/_callers.py", line 152, in _multicall
    return outcome.get_result()
  File "/workdir/docutils-0.19/.tox/cpythonlibtest-unit-test-tests/lib/python3.10/site-packages/pluggy/_result.py", line 114, in get_result
    raise exc.with_traceback(exc.__traceback__)
  File "/workdir/docutils-0.19/.tox/cpythonlibtest-unit-test-tests/lib/python3.10/site-packages/pluggy/_callers.py", line 77, in _multicall
    res = hook_impl.function(*args)
  File "/workdir/docutils-0.19/.tox/cpythonlibtest-unit-test-tests/lib/python3.10/site-packages/_pytest/runner.py", line 157, in pytest_runtest_setup
    item.session._setupstate.setup(item)
  File "/workdir/docutils-0.19/.tox/cpythonlibtest-unit-test-tests/lib/python3.10/site-packages/_pytest/runner.py", line 497, in setup
    raise exc
  File "/workdir/docutils-0.19/.tox/cpythonlibtest-unit-test-tests/lib/python3.10/site-packages/_pytest/runner.py", line 494, in setup
    col.setup()
  File "/workdir/docutils-0.19/.tox/cpythonlibtest-unit-test-tests/lib/python3.10/site-packages/_pytest/unittest.py", line 201, in setup
    self._testcase = self.parent.obj(self.name)  # type: ignore[attr-defined]
  File "/workdir/docutils-0.19/test/DocutilsTestSupport.py", line 668, in __init__
    super().__init__(*args, **kwargs)
TypeError: CustomTestCase.__init__() missing 3 required positional arguments: 'input', 'expected', and 'id'</error></testcase><testcase classname="test.test_writers.test_html5_polyglot_parts.Html5WriterPublishPartsTestCase" name="test_publish" time="0.000"><error message="failed on setup with &quot;TypeError: CustomTestCase.__init__() missing 3 required positional arguments: 'input', 'expected', and 'id'&quot;">Traceback (most recent call last):
  File "/workdir/docutils-0.19/.tox/cpythonlibtest-unit-test-tests/lib/python3.10/site-packages/_pytest/runner.py", line 341, in from_call
    result: Optional[TResult] = func()
  File "/workdir/docutils-0.19/.tox/cpythonlibtest-unit-test-tests/lib/python3.10/site-packages/_pytest/runner.py", line 262, in &lt;lambda&gt;
    lambda: ihook(item=item, **kwds), when=when, reraise=reraise
  File "/workdir/docutils-0.19/.tox/cpythonlibtest-unit-test-tests/lib/python3.10/site-packages/pluggy/_hooks.py", line 493, in __call__
    return self._hookexec(self.name, self._hookimpls, kwargs, firstresult)
  File "/workdir/docutils-0.19/.tox/cpythonlibtest-unit-test-tests/lib/python3.10/site-packages/pluggy/_manager.py", line 115, in _hookexec
    return self._inner_hookexec(hook_name, methods, kwargs, firstresult)
  File "/workdir/docutils-0.19/.tox/cpythonlibtest-unit-test-tests/lib/python3.10/site-packages/pluggy/_callers.py", line 152, in _multicall
    return outcome.get_result()
  File "/workdir/docutils-0.19/.tox/cpythonlibtest-unit-test-tests/lib/python3.10/site-packages/pluggy/_result.py", line 114, in get_result
    raise exc.with_traceback(exc.__traceback__)
  File "/workdir/docutils-0.19/.tox/cpythonlibtest-unit-test-tests/lib/python3.10/site-packages/pluggy/_callers.py", line 77, in _multicall
    res = hook_impl.function(*args)
  File "/workdir/docutils-0.19/.tox/cpythonlibtest-unit-test-tests/lib/python3.10/site-packages/_pytest/runner.py", line 157, in pytest_runtest_setup
    item.session._setupstate.setup(item)
  File "/workdir/docutils-0.19/.tox/cpythonlibtest-unit-test-tests/lib/python3.10/site-packages/_pytest/runner.py", line 497, in setup
    raise exc
  File "/workdir/docutils-0.19/.tox/cpythonlibtest-unit-test-tests/lib/python3.10/site-packages/_pytest/runner.py", line 494, in setup
    col.setup()
  File "/workdir/docutils-0.19/.tox/cpythonlibtest-unit-test-tests/lib/python3.10/site-packages/_pytest/unittest.py", line 201, in setup
    self._testcase = self.parent.obj(self.name)  # type: ignore[attr-defined]
  File "/workdir/docutils-0.19/test/DocutilsTestSupport.py", line 668, in __init__
    super().__init__(*args, **kwargs)
TypeError: CustomTestCase.__init__() missing 3 required positional arguments: 'input', 'expected', and 'id'</error></testcase><testcase classname="test.test_writers.test_latex2e_misc.TocTestCase" name="test_publish_from_doctree" time="0.005" /><testcase classname="test.test_writers.test_latex2e_misc.WarningsTestCase" name="test_future_warnings" time="0.006" /><testcase classname="test.test_writers.test_odt.DocutilsOdtTestCase" name="test_odt_basic" time="0.023" /><testcase classname="test.test_writers.test_odt.DocutilsOdtTestCase" name="test_odt_classifier" time="0.018" /><testcase classname="test.test_writers.test_odt.DocutilsOdtTestCase" name="test_odt_contents" time="0.017" /><testcase classname="test.test_writers.test_odt.DocutilsOdtTestCase" name="test_odt_custom_headfoot" time="0.017" /><testcase classname="test.test_writers.test_odt.DocutilsOdtTestCase" name="test_odt_footnotes" time="0.017" /><testcase classname="test.test_writers.test_odt.DocutilsOdtTestCase" name="test_odt_header_footer" time="0.017" /><testcase classname="test.test_writers.test_odt.DocutilsOdtTestCase" name="test_odt_literal_block" time="0.016" /><testcase classname="test.test_writers.test_odt.DocutilsOdtTestCase" name="test_odt_nested_class" time="0.046" /><testcase classname="test.test_writers.test_odt.DocutilsOdtTestCase" name="test_odt_raw" time="0.039" /><testcase classname="test.test_writers.test_odt.DocutilsOdtTestCase" name="test_odt_tables1" time="0.044" /><testcase classname="tools.test.test_buildhtml.BuildHtmlTests" name="test_1" time="0.085" /><testcase classname="tools.test.test_buildhtml.BuildHtmlTests" name="test_local" time="0.082" /></testsuite></testsuites>