.package create: /workdir/importlib-metadata-5.1.0/.tox/.package
.package installdeps: setuptools>=56, setuptools_scm[toml]>=3.4.1
/workdir/importlib-metadata-5.1.0/.tox/.package/lib/python3.10/site-packages/setuptools_scm/git.py:163: UserWarning: "/workdir/importlib-metadata-5.1.0" is shallow and may cause errors
  warnings.warn(f'"{wd.path}" is shallow and may cause errors')
/workdir/importlib-metadata-5.1.0/.tox/.package/lib/python3.10/site-packages/setuptools_scm/git.py:163: UserWarning: "/workdir/importlib-metadata-5.1.0" is shallow and may cause errors
  warnings.warn(f'"{wd.path}" is shallow and may cause errors')
cpythonlibtest-unit-test-tests create: /workdir/importlib-metadata-5.1.0/.tox/cpythonlibtest-unit-test-tests
cpythonlibtest-unit-test-tests installdeps: mock, pytest
cpythonlibtest-unit-test-tests inst: /workdir/importlib-metadata-5.1.0/.tox/.tmp/package/1/importlib_metadata-5.1.0.tar.gz
cpythonlibtest-unit-test-tests installed: exceptiongroup==1.2.0,importlib-metadata @ file:///workdir/importlib-metadata-5.1.0/.tox/.tmp/package/1/importlib_metadata-5.1.0.tar.gz#sha256=2b46c3789ff98f2fc98db890783a18f7450d5aa21aa9eb077cd71336b5d22c63,iniconfig==2.0.0,mock==5.1.0,packaging==23.2,pluggy==1.3.0,pytest==7.4.3,tomli==2.0.1,zipp==3.17.0
cpythonlibtest-unit-test-tests run-test-pre: PYTHONHASHSEED='4255193746'
cpythonlibtest-unit-test-tests run-test: commands[0] | pytest -v --tb=native --junitxml /workdir/results/importlib-metadata/5.1.0/1/cpython-test-results.xml
============================= test session starts ==============================
platform linux -- Python 3.10.8, pytest-7.4.3, pluggy-1.3.0 -- /workdir/importlib-metadata-5.1.0/.tox/cpythonlibtest-unit-test-tests/bin/python
cachedir: .tox/cpythonlibtest-unit-test-tests/.pytest_cache
rootdir: /workdir/importlib-metadata-5.1.0
configfile: pytest.ini
collecting ... collected 65 items / 3 errors

==================================== ERRORS ====================================
________________________ ERROR collecting exercises.py _________________________
Traceback (most recent call last):
  File "/workdir/importlib-metadata-5.1.0/.tox/cpythonlibtest-unit-test-tests/lib/python3.10/site-packages/_pytest/runner.py", line 341, in from_call
    result: Optional[TResult] = func()
  File "/workdir/importlib-metadata-5.1.0/.tox/cpythonlibtest-unit-test-tests/lib/python3.10/site-packages/_pytest/runner.py", line 372, in <lambda>
    call = CallInfo.from_call(lambda: list(collector.collect()), "collect")
  File "/workdir/importlib-metadata-5.1.0/.tox/cpythonlibtest-unit-test-tests/lib/python3.10/site-packages/_pytest/doctest.py", line 567, in collect
    module = import_path(
  File "/workdir/importlib-metadata-5.1.0/.tox/cpythonlibtest-unit-test-tests/lib/python3.10/site-packages/_pytest/pathlib.py", line 567, in import_path
    importlib.import_module(module_name)
  File "/usr/local/lib/python3.10/importlib/__init__.py", line 126, in import_module
    return _bootstrap._gcd_import(name[level:], package, level)
  File "<frozen importlib._bootstrap>", line 1050, in _gcd_import
  File "<frozen importlib._bootstrap>", line 1027, in _find_and_load
  File "<frozen importlib._bootstrap>", line 1006, in _find_and_load_unlocked
  File "<frozen importlib._bootstrap>", line 688, in _load_unlocked
  File "<frozen importlib._bootstrap_external>", line 883, in exec_module
  File "<frozen importlib._bootstrap>", line 241, in _call_with_frames_removed
  File "/workdir/importlib-metadata-5.1.0/exercises.py", line 1, in <module>
    from pytest_perf.deco import extras
ModuleNotFoundError: No module named 'pytest_perf'
_____________________ ERROR collecting tests/test_main.py ______________________
Traceback (most recent call last):
  File "/workdir/importlib-metadata-5.1.0/.tox/cpythonlibtest-unit-test-tests/lib/python3.10/site-packages/_pytest/runner.py", line 341, in from_call
    result: Optional[TResult] = func()
  File "/workdir/importlib-metadata-5.1.0/.tox/cpythonlibtest-unit-test-tests/lib/python3.10/site-packages/_pytest/runner.py", line 372, in <lambda>
    call = CallInfo.from_call(lambda: list(collector.collect()), "collect")
  File "/workdir/importlib-metadata-5.1.0/.tox/cpythonlibtest-unit-test-tests/lib/python3.10/site-packages/_pytest/doctest.py", line 567, in collect
    module = import_path(
  File "/workdir/importlib-metadata-5.1.0/.tox/cpythonlibtest-unit-test-tests/lib/python3.10/site-packages/_pytest/pathlib.py", line 567, in import_path
    importlib.import_module(module_name)
  File "/usr/local/lib/python3.10/importlib/__init__.py", line 126, in import_module
    return _bootstrap._gcd_import(name[level:], package, level)
  File "<frozen importlib._bootstrap>", line 1050, in _gcd_import
  File "<frozen importlib._bootstrap>", line 1027, in _find_and_load
  File "<frozen importlib._bootstrap>", line 1006, in _find_and_load_unlocked
  File "<frozen importlib._bootstrap>", line 688, in _load_unlocked
  File "/workdir/importlib-metadata-5.1.0/.tox/cpythonlibtest-unit-test-tests/lib/python3.10/site-packages/_pytest/assertion/rewrite.py", line 186, in exec_module
    exec(co, module.__dict__)
  File "/workdir/importlib-metadata-5.1.0/tests/test_main.py", line 6, in <module>
    import pyfakefs.fake_filesystem_unittest as ffs
ModuleNotFoundError: No module named 'pyfakefs'
_____________________ ERROR collecting tests/test_main.py ______________________
ImportError while importing test module '/workdir/importlib-metadata-5.1.0/tests/test_main.py'.
Hint: make sure your test modules/packages have valid Python names.
Traceback:
/usr/local/lib/python3.10/importlib/__init__.py:126: in import_module
    return _bootstrap._gcd_import(name[level:], package, level)
tests/test_main.py:6: in <module>
    import pyfakefs.fake_filesystem_unittest as ffs
E   ModuleNotFoundError: No module named 'pyfakefs'
- generated xml file: /workdir/results/importlib-metadata/5.1.0/1/cpython-test-results.xml -
=========================== short test summary info ============================
ERROR exercises.py - ModuleNotFoundError: No module named 'pytest_perf'
ERROR tests/test_main.py - ModuleNotFoundError: No module named 'pyfakefs'
ERROR tests/test_main.py
!!!!!!!!!!!!!!!!!!! Interrupted: 3 errors during collection !!!!!!!!!!!!!!!!!!!!
============================== 3 errors in 0.22s ===============================
ERROR: InvocationError for command /workdir/importlib-metadata-5.1.0/.tox/cpythonlibtest-unit-test-tests/bin/pytest -v --tb=native --junitxml /workdir/results/importlib-metadata/5.1.0/1/cpython-test-results.xml (exited with code 2)
___________________________________ summary ____________________________________
ERROR:   cpythonlibtest-unit-test-tests: commands failed
