GLOB sdist-make: /workdir/distributed-2022.12.0/setup.py
cpythonlibtest-unit-test-tests create: /workdir/distributed-2022.12.0/.tox/cpythonlibtest-unit-test-tests
cpythonlibtest-unit-test-tests installdeps: mock, pytest, -rrequirements.txt
cpythonlibtest-unit-test-tests inst: /workdir/distributed-2022.12.0/.tox/.tmp/package/1/distributed-2022.12.0.zip
cpythonlibtest-unit-test-tests installed: click==8.1.7,cloudpickle==3.0.0,dask==2022.12.0,distributed @ file:///workdir/distributed-2022.12.0/.tox/.tmp/package/1/distributed-2022.12.0.zip#sha256=0f7af9c5dfa54e40aae6ee3ab97e994ab547e2bdbc27bf01d02120dd108df8ac,exceptiongroup==1.1.3,fsspec==2023.10.0,iniconfig==2.0.0,Jinja2==3.1.2,locket==1.0.0,MarkupSafe==2.1.3,mock==5.1.0,msgpack==1.0.7,packaging==23.2,partd==1.4.1,pluggy==1.3.0,psutil==5.9.6,pytest==7.4.3,PyYAML==6.0.1,sortedcontainers==2.4.0,tblib==3.0.0,tomli==2.0.1,toolz==0.12.0,tornado==6.3.3,urllib3==2.1.0,zict==3.0.0
cpythonlibtest-unit-test-tests run-test-pre: PYTHONHASHSEED='4268373111'
cpythonlibtest-unit-test-tests run-test: commands[0] | pytest -v --tb=native --junitxml /workdir/results/distributed/2022.12.0/1/cpython-test-results.xml
ERROR: while parsing the following warning configuration:

  ignore:Increasing number of chunks by factor of 20:dask.array.core.PerformanceWarning

This error occurred:

Traceback (most recent call last):
  File "/workdir/distributed-2022.12.0/.tox/cpythonlibtest-unit-test-tests/lib/python3.10/site-packages/dask/array/__init__.py", line 2, in <module>
    from dask.array import backends, fft, lib, linalg, ma, overlap, random
  File "/workdir/distributed-2022.12.0/.tox/cpythonlibtest-unit-test-tests/lib/python3.10/site-packages/dask/array/backends.py", line 3, in <module>
    import numpy as np
ModuleNotFoundError: No module named 'numpy'

The above exception was the direct cause of the following exception:

Traceback (most recent call last):
  File "/workdir/distributed-2022.12.0/.tox/cpythonlibtest-unit-test-tests/lib/python3.10/site-packages/_pytest/config/__init__.py", line 1761, in parse_warning_filter
    category: Type[Warning] = _resolve_warning_category(category_)
  File "/workdir/distributed-2022.12.0/.tox/cpythonlibtest-unit-test-tests/lib/python3.10/site-packages/_pytest/config/__init__.py", line 1799, in _resolve_warning_category
    m = __import__(module, None, None, [klass])
  File "/workdir/distributed-2022.12.0/.tox/cpythonlibtest-unit-test-tests/lib/python3.10/site-packages/dask/array/__init__.py", line 271, in <module>
    raise ImportError(str(e) + "\n\n" + msg) from e
ImportError: No module named 'numpy'

Dask array requirements are not installed.

Please either conda or pip install as follows:

  conda install dask                 # either conda install
  python -m pip install "dask[array]" --upgrade  # or python -m pip install


ERROR: InvocationError for command /workdir/distributed-2022.12.0/.tox/cpythonlibtest-unit-test-tests/bin/pytest -v --tb=native --junitxml /workdir/results/distributed/2022.12.0/1/cpython-test-results.xml (exited with code 4)
___________________________________ summary ____________________________________
ERROR:   cpythonlibtest-unit-test-tests: commands failed
