.package create: /workdir/dnspython-2.2.1/.tox/.package
.package installdeps: poetry-core
cpythonlibtest-unit-test-tests create: /workdir/dnspython-2.2.1/.tox/cpythonlibtest-unit-test-tests
cpythonlibtest-unit-test-tests installdeps: mock, pytest, -rdoc/requirements.txt
cpythonlibtest-unit-test-tests inst: /workdir/dnspython-2.2.1/.tox/.tmp/package/1/dnspython-2.2.1.tar.gz
cpythonlibtest-unit-test-tests installed: alabaster==0.7.13,Babel==2.13.1,certifi==2023.11.17,charset-normalizer==3.3.2,dnspython @ file:///workdir/dnspython-2.2.1/.tox/.tmp/package/1/dnspython-2.2.1.tar.gz#sha256=53e6eea37f8f1708e48180b745f1ae7496313d0e6a433a8b6e90797791c75dcc,docutils==0.17.1,exceptiongroup==1.1.3,idna==3.4,imagesize==1.4.1,iniconfig==2.0.0,Jinja2==3.1.2,MarkupSafe==2.1.3,mock==5.1.0,packaging==23.2,pluggy==1.3.0,Pygments==2.17.1,pytest==7.4.3,readthedocs-sphinx-search==0.1.1,requests==2.31.0,snowballstemmer==2.2.0,Sphinx==4.2.0,sphinx-rtd-theme==1.0.0,sphinxcontrib-applehelp==1.0.4,sphinxcontrib-devhelp==1.0.2,sphinxcontrib-htmlhelp==2.0.1,sphinxcontrib-jsmath==1.0.1,sphinxcontrib-qthelp==1.0.3,sphinxcontrib-serializinghtml==1.1.5,tomli==2.0.1,urllib3==2.1.0
cpythonlibtest-unit-test-tests run-test-pre: PYTHONHASHSEED='4046727310'
cpythonlibtest-unit-test-tests run-test: commands[0] | pytest -v --tb=native --junitxml /workdir/results/dnspython/2.2.1/1/cpython-test-results.xml
============================= test session starts ==============================
platform linux -- Python 3.10.8, pytest-7.4.3, pluggy-1.3.0 -- /workdir/dnspython-2.2.1/.tox/cpythonlibtest-unit-test-tests/bin/python
cachedir: .tox/cpythonlibtest-unit-test-tests/.pytest_cache
rootdir: /workdir/dnspython-2.2.1
configfile: pytest.ini
collecting ... collected 1206 items

tests/test_address.py::IPv4Tests::test_invalid PASSED                    [  0%]
tests/test_address.py::IPv4Tests::test_valid PASSED                      [  0%]
tests/test_address.py::IPv6Tests::test_invalid PASSED                    [  0%]
tests/test_address.py::IPv6Tests::test_valid PASSED                      [  0%]
tests/test_async.py::AsyncDetectionTests::test_get_default_backend PASSED [  0%]
tests/test_async.py::AsyncDetectionTests::test_sniff PASSED              [  0%]
tests/test_async.py::NoSniffioAsyncDetectionTests::test_get_default_backend PASSED [  0%]
tests/test_async.py::NoSniffioAsyncDetectionTests::test_sniff PASSED     [  0%]
tests/test_async.py::MiscBackend::test_bogus_backend PASSED              [  0%]
tests/test_async.py::MiscBackend::test_sniff_without_run_loop PASSED     [  0%]
tests/test_async.py::MiscQuery::test_source_tuple PASSED                 [  0%]
tests/test_async.py::AsyncTests::testCanonicalNameCNAME PASSED           [  0%]
tests/test_async.py::AsyncTests::testCanonicalNameDangling FAILED        [  1%]
tests/test_async.py::AsyncTests::testCanonicalNameNoCNAME PASSED         [  1%]
tests/test_async.py::AsyncTests::testDOHGetRequest SKIPPED (httpx no...) [  1%]
tests/test_async.py::AsyncTests::testDOHGetRequestHttp1 SKIPPED (htt...) [  1%]
tests/test_async.py::AsyncTests::testDOHPostRequest SKIPPED (httpx n...) [  1%]
tests/test_async.py::AsyncTests::testQueryTCP PASSED                     [  1%]
tests/test_async.py::AsyncTests::testQueryTCPWithSocket PASSED           [  1%]
tests/test_async.py::AsyncTests::testQueryTLS PASSED                     [  1%]
tests/test_async.py::AsyncTests::testQueryTLSWithSocket PASSED           [  1%]
tests/test_async.py::AsyncTests::testQueryUDP PASSED                     [  1%]
tests/test_async.py::AsyncTests::testQueryUDPFallback PASSED             [  1%]
tests/test_async.py::AsyncTests::testQueryUDPFallbackNoFallback PASSED   [  1%]
tests/test_async.py::AsyncTests::testQueryUDPWithSocket PASSED           [  2%]
tests/test_async.py::AsyncTests::testResolve PASSED                      [  2%]
tests/test_async.py::AsyncTests::testResolveAddress FAILED               [  2%]
tests/test_async.py::AsyncTests::testResolverDOH SKIPPED (httpx not ...) [  2%]
tests/test_async.py::AsyncTests::testSleep PASSED                        [  2%]
tests/test_async.py::AsyncTests::testUDPReceiveQuery PASSED              [  2%]
tests/test_async.py::AsyncTests::testUDPReceiveTimeout PASSED            [  2%]
tests/test_async.py::AsyncTests::testZoneForName1 PASSED                 [  2%]
tests/test_async.py::AsyncTests::testZoneForName2 PASSED                 [  2%]
tests/test_async.py::AsyncTests::testZoneForName3 PASSED                 [  2%]
tests/test_async.py::AsyncTests::testZoneForName4 PASSED                 [  2%]
tests/test_bugs.py::BugsTestCase::test_CAA_from_wire PASSED              [  2%]
tests/test_bugs.py::BugsTestCase::test_SOA_BIND8_TTL PASSED              [  3%]
tests/test_bugs.py::BugsTestCase::test_TXT_conversions PASSED            [  3%]
tests/test_bugs.py::BugsTestCase::test_empty_NSEC3_window PASSED         [  3%]
tests/test_bugs.py::BugsTestCase::test_float_LOC PASSED                  [  3%]
tests/test_bugs.py::BugsTestCase::test_trailing_zero_APL PASSED          [  3%]
tests/test_bugs.py::BugsTestCase::test_zero_size_APL PASSED              [  3%]
tests/test_constants.py::ConstantsTestCase::test_dnssec_constants PASSED [  3%]
tests/test_constants.py::ConstantsTestCase::test_edns_constants PASSED   [  3%]
tests/test_constants.py::ConstantsTestCase::test_flags_constants PASSED  [  3%]
tests/test_constants.py::ConstantsTestCase::test_message_constants PASSED [  3%]
tests/test_constants.py::ConstantsTestCase::test_rdata_constants PASSED  [  3%]
tests/test_dnssec.py::DNSSECValidatorTestCase::testAbsoluteDSABad SKIPPED [  3%]
tests/test_dnssec.py::DNSSECValidatorTestCase::testAbsoluteDSAGood SKIPPED [  4%]
tests/test_dnssec.py::DNSSECValidatorTestCase::testAbsoluteECDSA256Bad SKIPPED [  4%]
tests/test_dnssec.py::DNSSECValidatorTestCase::testAbsoluteECDSA256Good SKIPPED [  4%]
tests/test_dnssec.py::DNSSECValidatorTestCase::testAbsoluteECDSA384Bad SKIPPED [  4%]
tests/test_dnssec.py::DNSSECValidatorTestCase::testAbsoluteECDSA384Good SKIPPED [  4%]
tests/test_dnssec.py::DNSSECValidatorTestCase::testAbsoluteED25519Bad SKIPPED [  4%]
tests/test_dnssec.py::DNSSECValidatorTestCase::testAbsoluteED25519Good SKIPPED [  4%]
tests/test_dnssec.py::DNSSECValidatorTestCase::testAbsoluteED448Bad SKIPPED [  4%]
tests/test_dnssec.py::DNSSECValidatorTestCase::testAbsoluteED448Good SKIPPED [  4%]
tests/test_dnssec.py::DNSSECValidatorTestCase::testAbsoluteKeyNotFound SKIPPED [  4%]
tests/test_dnssec.py::DNSSECValidatorTestCase::testAbsoluteRSABad SKIPPED [  4%]
tests/test_dnssec.py::DNSSECValidatorTestCase::testAbsoluteRSAGood SKIPPED [  4%]
tests/test_dnssec.py::DNSSECValidatorTestCase::testAbsoluteRSAMD5Good SKIPPED [  5%]
tests/test_dnssec.py::DNSSECValidatorTestCase::testAbsoluteRSASHA512Good SKIPPED [  5%]
tests/test_dnssec.py::DNSSECValidatorTestCase::testAlternateParameterFormats SKIPPED [  5%]
tests/test_dnssec.py::DNSSECValidatorTestCase::testDuplicateKeytag SKIPPED [  5%]
tests/test_dnssec.py::DNSSECValidatorTestCase::testGOSTNotSupported SKIPPED [  5%]
tests/test_dnssec.py::DNSSECValidatorTestCase::testOwnerNameMismatch SKIPPED [  5%]
tests/test_dnssec.py::DNSSECValidatorTestCase::testRSAMD5Keyid SKIPPED   [  5%]
tests/test_dnssec.py::DNSSECValidatorTestCase::testRelativeRSABad SKIPPED [  5%]
tests/test_dnssec.py::DNSSECValidatorTestCase::testRelativeRSAGood SKIPPED [  5%]
tests/test_dnssec.py::DNSSECValidatorTestCase::testTimeBounds SKIPPED    [  5%]
tests/test_dnssec.py::DNSSECValidatorTestCase::testUnknownAlgorithm SKIPPED [  5%]
tests/test_dnssec.py::DNSSECValidatorTestCase::testWildcardGoodAndBad SKIPPED [  5%]
tests/test_dnssec.py::DNSSECMiscTestCase::testDigestToBig PASSED         [  6%]
tests/test_dnssec.py::DNSSECMiscTestCase::testIsNotGOST PASSED           [  6%]
tests/test_dnssec.py::DNSSECMiscTestCase::testNSEC3HashTooBig PASSED     [  6%]
tests/test_dnssec.py::DNSSECMiscTestCase::testUnknownHash PASSED         [  6%]
tests/test_dnssec.py::DNSSECMakeDSTestCase::testInvalidAlgorithm PASSED  [  6%]
tests/test_dnssec.py::DNSSECMakeDSTestCase::testInvalidDigestLength PASSED [  6%]
tests/test_dnssec.py::DNSSECMakeDSTestCase::testInvalidDigestLengthCDS0 PASSED [  6%]
tests/test_dnssec.py::DNSSECMakeDSTestCase::testMakeExampleSHA1DS PASSED [  6%]
tests/test_dnssec.py::DNSSECMakeDSTestCase::testMakeExampleSHA256DS PASSED [  6%]
tests/test_dnssec.py::DNSSECMakeDSTestCase::testMakeExampleSHA384DS PASSED [  6%]
tests/test_dnssec.py::DNSSECMakeDSTestCase::testMakeSHA256DS PASSED      [  6%]
tests/test_dnssec.py::DNSSECMakeDSTestCase::testMnemonicParser PASSED    [  6%]
tests/test_dnssec.py::DNSSECMakeDSTestCase::testReservedDigestType PASSED [  7%]
tests/test_dnssec.py::DNSSECMakeDSTestCase::testUnknownDigestType PASSED [  7%]
tests/test_doh.py::DNSOverHTTPSTestCaseRequests::test_bootstrap_address SKIPPED [  7%]
tests/test_doh.py::DNSOverHTTPSTestCaseRequests::test_build_url_from_ip SKIPPED [  7%]
tests/test_doh.py::DNSOverHTTPSTestCaseRequests::test_get_request SKIPPED [  7%]
tests/test_doh.py::DNSOverHTTPSTestCaseRequests::test_new_session SKIPPED [  7%]
tests/test_doh.py::DNSOverHTTPSTestCaseRequests::test_post_request SKIPPED [  7%]
tests/test_doh.py::DNSOverHTTPSTestCaseRequests::test_resolver SKIPPED   [  7%]
tests/test_doh.py::DNSOverHTTPSTestCaseHttpx::test_bootstrap_address_fails SKIPPED [  7%]
tests/test_doh.py::DNSOverHTTPSTestCaseHttpx::test_build_url_from_ip SKIPPED [  7%]
tests/test_doh.py::DNSOverHTTPSTestCaseHttpx::test_get_request SKIPPED   [  7%]
tests/test_doh.py::DNSOverHTTPSTestCaseHttpx::test_get_request_http1 SKIPPED [  7%]
tests/test_doh.py::DNSOverHTTPSTestCaseHttpx::test_new_session SKIPPED   [  8%]
tests/test_doh.py::DNSOverHTTPSTestCaseHttpx::test_post_request SKIPPED  [  8%]
tests/test_doh.py::DNSOverHTTPSTestCaseHttpx::test_resolver SKIPPED      [  8%]
tests/test_edns.py::OptionTestCase::testECSOption PASSED                 [  8%]
tests/test_edns.py::OptionTestCase::testECSOption25 PASSED               [  8%]
tests/test_edns.py::OptionTestCase::testECSOption_from_text_invalid PASSED [  8%]
tests/test_edns.py::OptionTestCase::testECSOption_from_text_valid PASSED [  8%]
tests/test_edns.py::OptionTestCase::testECSOption_from_wire_invalid PASSED [  8%]
tests/test_edns.py::OptionTestCase::testECSOption_prefix_length PASSED   [  8%]
tests/test_edns.py::OptionTestCase::testECSOption_v6 PASSED              [  8%]
tests/test_edns.py::OptionTestCase::testEDEOption PASSED                 [  8%]
tests/test_edns.py::OptionTestCase::testEDEOption_from_wire PASSED       [  8%]
tests/test_edns.py::OptionTestCase::testEDEOption_invalid PASSED         [  9%]
tests/test_edns.py::OptionTestCase::testGenericOption PASSED             [  9%]
tests/test_edns.py::OptionTestCase::test_basic_relations PASSED          [  9%]
tests/test_edns.py::OptionTestCase::test_incompatible_relations PASSED   [  9%]
tests/test_edns.py::OptionTestCase::test_option_registration PASSED      [  9%]
tests/test_entropy.py::EntropyTestCase::test_functions PASSED            [  9%]
tests/test_entropy.py::EntropyTestCase::test_pool PASSED                 [  9%]
tests/test_entropy.py::EntropyTestCase::test_pool_random PASSED          [  9%]
tests/test_entropy.py::EntropyTestCase::test_pool_random_between PASSED  [  9%]
tests/test_entropy.py::EntropyForcePoolTestCase::test_functions PASSED   [  9%]
tests/test_exceptions.py::ExceptionTestCase::test_custom_message PASSED  [  9%]
tests/test_exceptions.py::ExceptionTestCase::test_formatted_error PASSED [  9%]
tests/test_exceptions.py::ExceptionTestCase::test_implicit_message PASSED [ 10%]
tests/test_exceptions.py::ExceptionTestCase::test_kwargs_only PASSED     [ 10%]
tests/test_exceptions.py::ExceptionTestCase::test_kwargs_unsupported PASSED [ 10%]
tests/test_flags.py::FlagsTestCase::test_flags1 PASSED                   [ 10%]
tests/test_flags.py::FlagsTestCase::test_flags2 PASSED                   [ 10%]
tests/test_flags.py::FlagsTestCase::test_rcode1 PASSED                   [ 10%]
tests/test_flags.py::FlagsTestCase::test_rcode2 PASSED                   [ 10%]
tests/test_flags.py::FlagsTestCase::test_rcode3 PASSED                   [ 10%]
tests/test_flags.py::FlagsTestCase::test_rcode4 PASSED                   [ 10%]
tests/test_flags.py::FlagsTestCase::test_rcode6 PASSED                   [ 10%]
tests/test_flags.py::FlagsTestCase::test_rcode7 PASSED                   [ 10%]
tests/test_flags.py::FlagsTestCase::test_rcode8 PASSED                   [ 10%]
tests/test_flags.py::FlagsTestCase::test_rcode_badsig PASSED             [ 11%]
tests/test_flags.py::FlagsTestCase::test_rcode_badvers PASSED            [ 11%]
tests/test_flags.py::FlagsTestCase::test_unknown_rcode PASSED            [ 11%]
tests/test_generate.py::GenerateTestCase::testBadAndDangling PASSED      [ 11%]
tests/test_generate.py::GenerateTestCase::testBadRdata PASSED            [ 11%]
tests/test_generate.py::GenerateTestCase::testClassMismatch PASSED       [ 11%]
tests/test_generate.py::GenerateTestCase::testFromText PASSED            [ 11%]
tests/test_generate.py::GenerateTestCase::testFromText1 PASSED           [ 11%]
tests/test_generate.py::GenerateTestCase::testGenerate1 PASSED           [ 11%]
tests/test_generate.py::GenerateTestCase::testGenerate2 PASSED           [ 11%]
tests/test_generate.py::GenerateTestCase::testGenerate3 PASSED           [ 11%]
tests/test_generate.py::GenerateTestCase::testGenerate4 PASSED           [ 11%]
tests/test_generate.py::GenerateTestCase::testGenerate6 PASSED           [ 12%]
tests/test_generate.py::GenerateTestCase::testGenerate7 PASSED           [ 12%]
tests/test_generate.py::GenerateTestCase::testGenerate8 PASSED           [ 12%]
tests/test_generate.py::GenerateTestCase::testIterateAllRdatas2 PASSED   [ 12%]
tests/test_generate.py::GenerateTestCase::testIterateAllRdatas3 PASSED   [ 12%]
tests/test_generate.py::GenerateTestCase::testNoOrigin PASSED            [ 12%]
tests/test_generate.py::GenerateTestCase::testUnknownRdatatype PASSED    [ 12%]
tests/test_generate.py::GenerateTestCase::testUsesLastTTL PASSED         [ 12%]
tests/test_grange.py::GRangeTestCase::testFailFromText1 PASSED           [ 12%]
tests/test_grange.py::GRangeTestCase::testFailFromText2 PASSED           [ 12%]
tests/test_grange.py::GRangeTestCase::testFailFromText3 PASSED           [ 12%]
tests/test_grange.py::GRangeTestCase::testFailFromText4 PASSED           [ 12%]
tests/test_grange.py::GRangeTestCase::testFromText1 PASSED               [ 13%]
tests/test_grange.py::GRangeTestCase::testFromText2 PASSED               [ 13%]
tests/test_grange.py::GRangeTestCase::testFromText3 PASSED               [ 13%]
tests/test_grange.py::GRangeTestCase::testFromText4 PASSED               [ 13%]
tests/test_grange.py::GRangeTestCase::testFromText5 PASSED               [ 13%]
tests/test_grange.py::GRangeTestCase::testFromText6 PASSED               [ 13%]
tests/test_immutable.py::ImmutableTestCase::test_constify PASSED         [ 13%]
tests/test_immutable.py::ImmutableTestCase::test_immutable_dict_hash PASSED [ 13%]
tests/test_immutable.py::ImmutableTestCase::test_immutable_dict_hash_cache PASSED [ 13%]
tests/test_immutable.py::DecoratorTestCase::test_basic PASSED            [ 13%]
tests/test_immutable.py::DecoratorTestCase::test_constructor_deletes_attribute PASSED [ 13%]
tests/test_immutable.py::DecoratorTestCase::test_no_collateral_damage PASSED [ 13%]
tests/test_immutable.py::CtxDecoratorTestCase::test_basic PASSED         [ 14%]
tests/test_immutable.py::CtxDecoratorTestCase::test_constructor_deletes_attribute PASSED [ 14%]
tests/test_immutable.py::CtxDecoratorTestCase::test_no_collateral_damage PASSED [ 14%]
tests/test_message.py::MessageTestCase::test_CleanTruncated PASSED       [ 14%]
tests/test_message.py::MessageTestCase::test_EDNSVersionCoherence PASSED [ 14%]
tests/test_message.py::MessageTestCase::test_EDNS_default_payload_is_1232 PASSED [ 14%]
tests/test_message.py::MessageTestCase::test_EDNS_from_wire1 PASSED      [ 14%]
tests/test_message.py::MessageTestCase::test_EDNS_from_wire2 PASSED      [ 14%]
tests/test_message.py::MessageTestCase::test_EDNS_options_wire PASSED    [ 14%]
tests/test_message.py::MessageTestCase::test_EDNS_to_wire1 PASSED        [ 14%]
tests/test_message.py::MessageTestCase::test_EDNS_to_wire2 PASSED        [ 14%]
tests/test_message.py::MessageTestCase::test_ExtendedRcodeSetting PASSED [ 14%]
tests/test_message.py::MessageTestCase::test_FindRRset PASSED            [ 15%]
tests/test_message.py::MessageTestCase::test_FindRRsetUnindexed PASSED   [ 15%]
tests/test_message.py::MessageTestCase::test_GetNonexistentRRset PASSED  [ 15%]
tests/test_message.py::MessageTestCase::test_GetRRset PASSED             [ 15%]
tests/test_message.py::MessageTestCase::test_IDNA_2003 PASSED            [ 15%]
tests/test_message.py::MessageTestCase::test_IDNA_2008 PASSED            [ 15%]
tests/test_message.py::MessageTestCase::test_MessyTruncated PASSED       [ 15%]
tests/test_message.py::MessageTestCase::test_RespondingToEDNSRequestAndSettingRA PASSED [ 15%]
tests/test_message.py::MessageTestCase::test_RespondingToResponse PASSED [ 15%]
tests/test_message.py::MessageTestCase::test_SettingEDNSFlagsImpliesEDNS PASSED [ 15%]
tests/test_message.py::MessageTestCase::test_SettingEDNSPayloadImpliesEDNS PASSED [ 15%]
tests/test_message.py::MessageTestCase::test_SettingEDNSRequestPayloadImpliesEDNS PASSED [ 15%]
tests/test_message.py::MessageTestCase::test_SettingNoEDNSOptionsImpliesNoEDNS PASSED [ 16%]
tests/test_message.py::MessageTestCase::test_SettingOptionsImpliesEDNS PASSED [ 16%]
tests/test_message.py::MessageTestCase::test_ShortHeader PASSED          [ 16%]
tests/test_message.py::MessageTestCase::test_TooBig PASSED               [ 16%]
tests/test_message.py::MessageTestCase::test_TrailingJunk PASSED         [ 16%]
tests/test_message.py::MessageTestCase::test_answer1 PASSED              [ 16%]
tests/test_message.py::MessageTestCase::test_bad_opt PASSED              [ 16%]
tests/test_message.py::MessageTestCase::test_bad_resolve_chaining PASSED [ 16%]
tests/test_message.py::MessageTestCase::test_bad_section_number PASSED   [ 16%]
tests/test_message.py::MessageTestCase::test_bad_text_questions PASSED   [ 16%]
tests/test_message.py::MessageTestCase::test_bad_text_rrs PASSED         [ 16%]
tests/test_message.py::MessageTestCase::test_bad_tsig PASSED             [ 16%]
tests/test_message.py::MessageTestCase::test_bogus_header PASSED         [ 16%]
tests/test_message.py::MessageTestCase::test_class PASSED                [ 17%]
tests/test_message.py::MessageTestCase::test_comparison_eq1 PASSED       [ 17%]
tests/test_message.py::MessageTestCase::test_comparison_ne1 PASSED       [ 17%]
tests/test_message.py::MessageTestCase::test_comparison_ne2 PASSED       [ 17%]
tests/test_message.py::MessageTestCase::test_comparison_ne3 PASSED       [ 17%]
tests/test_message.py::MessageTestCase::test_continue_on_error PASSED    [ 17%]
tests/test_message.py::MessageTestCase::test_edns_properties PASSED      [ 17%]
tests/test_message.py::MessageTestCase::test_eflags_turns_on_edns PASSED [ 17%]
tests/test_message.py::MessageTestCase::test_explicit_header_comment PASSED [ 17%]
tests/test_message.py::MessageTestCase::test_from_file PASSED            [ 17%]
tests/test_message.py::MessageTestCase::test_from_wire_makes_Flag PASSED [ 17%]
tests/test_message.py::MessageTestCase::test_generic_message_class PASSED [ 17%]
tests/test_message.py::MessageTestCase::test_is_a_response_empty_question PASSED [ 18%]
tests/test_message.py::MessageTestCase::test_more_not_equal_cases PASSED [ 18%]
tests/test_message.py::MessageTestCase::test_non_question_setters PASSED [ 18%]
tests/test_message.py::MessageTestCase::test_not_a_response PASSED       [ 18%]
tests/test_message.py::MessageTestCase::test_payload_turns_on_edns PASSED [ 18%]
tests/test_message.py::MessageTestCase::test_question_only PASSED        [ 18%]
tests/test_message.py::MessageTestCase::test_read_no_content_message PASSED [ 18%]
tests/test_message.py::MessageTestCase::test_repr PASSED                 [ 18%]
tests/test_message.py::MessageTestCase::test_resolve_chaining_no_infinite_loop PASSED [ 18%]
tests/test_message.py::MessageTestCase::test_section_from_number PASSED  [ 18%]
tests/test_message.py::MessageTestCase::test_setting_flags PASSED        [ 18%]
tests/test_message.py::MessageTestCase::test_setting_id PASSED           [ 18%]
tests/test_message.py::MessageTestCase::test_truncated_exception_message PASSED [ 19%]
tests/test_message.py::MessageTestCase::test_wanting_DNSSEC_turns_on_EDNS PASSED [ 19%]
tests/test_message.py::MessageTestCase::test_wanting_EDNS_true_is_EDNS0 PASSED [ 19%]
tests/test_name.py::NameTestCase::testAbs1 PASSED                        [ 19%]
tests/test_name.py::NameTestCase::testAbs2 PASSED                        [ 19%]
tests/test_name.py::NameTestCase::testAbs3 PASSED                        [ 19%]
tests/test_name.py::NameTestCase::testAbs4 PASSED                        [ 19%]
tests/test_name.py::NameTestCase::testBadDigestable PASSED               [ 19%]
tests/test_name.py::NameTestCase::testBadEnumToE164 PASSED               [ 19%]
tests/test_name.py::NameTestCase::testBadEscape PASSED                   [ 19%]
tests/test_name.py::NameTestCase::testBadFromWire1 PASSED                [ 19%]
tests/test_name.py::NameTestCase::testBadFromWire2 PASSED                [ 19%]
tests/test_name.py::NameTestCase::testBadFromWire3 PASSED                [ 20%]
tests/test_name.py::NameTestCase::testBadFromWire4 PASSED                [ 20%]
tests/test_name.py::NameTestCase::testBadPunycode PASSED                 [ 20%]
tests/test_name.py::NameTestCase::testBadPunycodeStrict2008 PASSED       [ 20%]
tests/test_name.py::NameTestCase::testBadReverseIPv4 PASSED              [ 20%]
tests/test_name.py::NameTestCase::testBadReverseIPv6 PASSED              [ 20%]
tests/test_name.py::NameTestCase::testBadSplit1 PASSED                   [ 20%]
tests/test_name.py::NameTestCase::testBadSplit2 PASSED                   [ 20%]
tests/test_name.py::NameTestCase::testBadToWire PASSED                   [ 20%]
tests/test_name.py::NameTestCase::testCanonicalize1 PASSED               [ 20%]
tests/test_name.py::NameTestCase::testChooseRelativity1 PASSED           [ 20%]
tests/test_name.py::NameTestCase::testChooseRelativity2 PASSED           [ 20%]
tests/test_name.py::NameTestCase::testChooseRelativity3 PASSED           [ 21%]
tests/test_name.py::NameTestCase::testChooseRelativity4 PASSED           [ 21%]
tests/test_name.py::NameTestCase::testChooseRelativity5 PASSED           [ 21%]
tests/test_name.py::NameTestCase::testChooseRelativity6 PASSED           [ 21%]
tests/test_name.py::NameTestCase::testChooseRelativity7 PASSED           [ 21%]
tests/test_name.py::NameTestCase::testCodecNotFoundRaises PASSED         [ 21%]
tests/test_name.py::NameTestCase::testCompare1 PASSED                    [ 21%]
tests/test_name.py::NameTestCase::testCompare2 PASSED                    [ 21%]
tests/test_name.py::NameTestCase::testCompare3 PASSED                    [ 21%]
tests/test_name.py::NameTestCase::testCompare4 PASSED                    [ 21%]
tests/test_name.py::NameTestCase::testConcat1 PASSED                     [ 21%]
tests/test_name.py::NameTestCase::testConcat2 PASSED                     [ 21%]
tests/test_name.py::NameTestCase::testConcat3 PASSED                     [ 22%]
tests/test_name.py::NameTestCase::testConcat4 PASSED                     [ 22%]
tests/test_name.py::NameTestCase::testConcat5 PASSED                     [ 22%]
tests/test_name.py::NameTestCase::testConcat6 PASSED                     [ 22%]
tests/test_name.py::NameTestCase::testCopy PASSED                        [ 22%]
tests/test_name.py::NameTestCase::testDeepCopy PASSED                    [ 22%]
tests/test_name.py::NameTestCase::testDefaultDecodeIsJustPunycode PASSED [ 22%]
tests/test_name.py::NameTestCase::testDerelativize1 PASSED               [ 22%]
tests/test_name.py::NameTestCase::testDerelativize2 PASSED               [ 22%]
tests/test_name.py::NameTestCase::testDerelativize3 PASSED               [ 22%]
tests/test_name.py::NameTestCase::testDigestable1 PASSED                 [ 22%]
tests/test_name.py::NameTestCase::testDigestable2 PASSED                 [ 22%]
tests/test_name.py::NameTestCase::testDigestable3 PASSED                 [ 23%]
tests/test_name.py::NameTestCase::testDigestable4 PASSED                 [ 23%]
tests/test_name.py::NameTestCase::testE164ToEnum PASSED                  [ 23%]
tests/test_name.py::NameTestCase::testEmptyLabel1 PASSED                 [ 23%]
tests/test_name.py::NameTestCase::testEmptyLabel2 PASSED                 [ 23%]
tests/test_name.py::NameTestCase::testEmptyLabel3 PASSED                 [ 23%]
tests/test_name.py::NameTestCase::testEnumToE164 PASSED                  [ 23%]
tests/test_name.py::NameTestCase::testForwardIPv4 PASSED                 [ 23%]
tests/test_name.py::NameTestCase::testForwardIPv4AlternateOrigin PASSED  [ 23%]
tests/test_name.py::NameTestCase::testForwardIPv6 PASSED                 [ 23%]
tests/test_name.py::NameTestCase::testForwardIPv6AlternateOrigin PASSED  [ 23%]
tests/test_name.py::NameTestCase::testFromTextAbs1 PASSED                [ 23%]
tests/test_name.py::NameTestCase::testFromTextBadOrigin PASSED           [ 24%]
tests/test_name.py::NameTestCase::testFromTextNotString PASSED           [ 24%]
tests/test_name.py::NameTestCase::testFromTextRel1 PASSED                [ 24%]
tests/test_name.py::NameTestCase::testFromTextRel2 PASSED                [ 24%]
tests/test_name.py::NameTestCase::testFromTextRel3 PASSED                [ 24%]
tests/test_name.py::NameTestCase::testFromTextRel4 PASSED                [ 24%]
tests/test_name.py::NameTestCase::testFromTextRel5 PASSED                [ 24%]
tests/test_name.py::NameTestCase::testFromUnicode1 PASSED                [ 24%]
tests/test_name.py::NameTestCase::testFromUnicode2 PASSED                [ 24%]
tests/test_name.py::NameTestCase::testFromUnicodeAlternateDot1 PASSED    [ 24%]
tests/test_name.py::NameTestCase::testFromUnicodeAlternateDot2 PASSED    [ 24%]
tests/test_name.py::NameTestCase::testFromUnicodeAlternateDot3 PASSED    [ 24%]
tests/test_name.py::NameTestCase::testFromUnicodeAlternateRoot1 PASSED   [ 25%]
tests/test_name.py::NameTestCase::testFromUnicodeAlternateRoot2 PASSED   [ 25%]
tests/test_name.py::NameTestCase::testFromUnicodeAlternateRoot3 PASSED   [ 25%]
tests/test_name.py::NameTestCase::testFromUnicodeBadEscape PASSED        [ 25%]
tests/test_name.py::NameTestCase::testFromUnicodeBadOrigin PASSED        [ 25%]
tests/test_name.py::NameTestCase::testFromUnicodeEmptyLabel PASSED       [ 25%]
tests/test_name.py::NameTestCase::testFromUnicodeEmptyName PASSED        [ 25%]
tests/test_name.py::NameTestCase::testFromUnicodeEscapes PASSED          [ 25%]
tests/test_name.py::NameTestCase::testFromUnicodeIDNA2003Default PASSED  [ 25%]
tests/test_name.py::NameTestCase::testFromUnicodeIDNA2003Explicit PASSED [ 25%]
tests/test_name.py::NameTestCase::testFromUnicodeIDNA2008 PASSED         [ 25%]
tests/test_name.py::NameTestCase::testFromUnicodeIDNA2008Mixed PASSED    [ 25%]
tests/test_name.py::NameTestCase::testFromUnicodeNotString PASSED        [ 26%]
tests/test_name.py::NameTestCase::testFromUnicodeRoot PASSED             [ 26%]
tests/test_name.py::NameTestCase::testFromUnicodeSimpleEscape PASSED     [ 26%]
tests/test_name.py::NameTestCase::testFromWire1 PASSED                   [ 26%]
tests/test_name.py::NameTestCase::testFromWire2 PASSED                   [ 26%]
tests/test_name.py::NameTestCase::testFromWireNotBytes PASSED            [ 26%]
tests/test_name.py::NameTestCase::testGiantCompressionTable PASSED       [ 26%]
tests/test_name.py::NameTestCase::testHash1 PASSED                       [ 26%]
tests/test_name.py::NameTestCase::testIDNA2003Misc PASSED                [ 26%]
tests/test_name.py::NameTestCase::testIDNA2008Misc PASSED                [ 26%]
tests/test_name.py::NameTestCase::testINDA2008Decode PASSED              [ 26%]
tests/test_name.py::NameTestCase::testImmutable1 PASSED                  [ 26%]
tests/test_name.py::NameTestCase::testImmutable2 PASSED                  [ 27%]
tests/test_name.py::NameTestCase::testLabelTooLong PASSED                [ 27%]
tests/test_name.py::NameTestCase::testLongLabel PASSED                   [ 27%]
tests/test_name.py::NameTestCase::testLongName PASSED                    [ 27%]
tests/test_name.py::NameTestCase::testNameTooLong PASSED                 [ 27%]
tests/test_name.py::NameTestCase::testNoAttributeDeletion PASSED         [ 27%]
tests/test_name.py::NameTestCase::testParent1 PASSED                     [ 27%]
tests/test_name.py::NameTestCase::testParent2 PASSED                     [ 27%]
tests/test_name.py::NameTestCase::testParent3 PASSED                     [ 27%]
tests/test_name.py::NameTestCase::testParent4 PASSED                     [ 27%]
tests/test_name.py::NameTestCase::testRelativize1 PASSED                 [ 27%]
tests/test_name.py::NameTestCase::testRelativize2 PASSED                 [ 27%]
tests/test_name.py::NameTestCase::testRelativize3 PASSED                 [ 28%]
tests/test_name.py::NameTestCase::testRelativize4 PASSED                 [ 28%]
tests/test_name.py::NameTestCase::testRelativizeSubtractionSyntax PASSED [ 28%]
tests/test_name.py::NameTestCase::testReverseIPv4 PASSED                 [ 28%]
tests/test_name.py::NameTestCase::testReverseIPv4AlternateOrigin PASSED  [ 28%]
tests/test_name.py::NameTestCase::testReverseIPv6 PASSED                 [ 28%]
tests/test_name.py::NameTestCase::testReverseIPv6AlternateOrigin PASSED  [ 28%]
tests/test_name.py::NameTestCase::testReverseIPv6MappedIpv4 PASSED       [ 28%]
tests/test_name.py::NameTestCase::testRootLabel2003StrictDecode PASSED   [ 28%]
tests/test_name.py::NameTestCase::testRootLabel2008StrictDecode PASSED   [ 28%]
tests/test_name.py::NameTestCase::testSlice1 PASSED                      [ 28%]
tests/test_name.py::NameTestCase::testSlice2 PASSED                      [ 28%]
tests/test_name.py::NameTestCase::testSlice3 PASSED                      [ 29%]
tests/test_name.py::NameTestCase::testSplit1 PASSED                      [ 29%]
tests/test_name.py::NameTestCase::testSplit2 PASSED                      [ 29%]
tests/test_name.py::NameTestCase::testSplit3 PASSED                      [ 29%]
tests/test_name.py::NameTestCase::testSplit4 PASSED                      [ 29%]
tests/test_name.py::NameTestCase::testStrictINDA2003Decode PASSED        [ 29%]
tests/test_name.py::NameTestCase::testSubdomain1 PASSED                  [ 29%]
tests/test_name.py::NameTestCase::testSubdomain2 PASSED                  [ 29%]
tests/test_name.py::NameTestCase::testSubdomain3 PASSED                  [ 29%]
tests/test_name.py::NameTestCase::testSubdomain4 PASSED                  [ 29%]
tests/test_name.py::NameTestCase::testSubdomain5 PASSED                  [ 29%]
tests/test_name.py::NameTestCase::testSuperdomain1 PASSED                [ 29%]
tests/test_name.py::NameTestCase::testSuperdomain2 PASSED                [ 30%]
tests/test_name.py::NameTestCase::testSuperdomain3 PASSED                [ 30%]
tests/test_name.py::NameTestCase::testSuperdomain4 PASSED                [ 30%]
tests/test_name.py::NameTestCase::testSuperdomain5 PASSED                [ 30%]
tests/test_name.py::NameTestCase::testToText1 PASSED                     [ 30%]
tests/test_name.py::NameTestCase::testToText10 PASSED                    [ 30%]
tests/test_name.py::NameTestCase::testToText11 PASSED                    [ 30%]
tests/test_name.py::NameTestCase::testToText12 PASSED                    [ 30%]
tests/test_name.py::NameTestCase::testToText13 PASSED                    [ 30%]
tests/test_name.py::NameTestCase::testToText14 PASSED                    [ 30%]
tests/test_name.py::NameTestCase::testToText2 PASSED                     [ 30%]
tests/test_name.py::NameTestCase::testToText3 PASSED                     [ 30%]
tests/test_name.py::NameTestCase::testToText4 PASSED                     [ 31%]
tests/test_name.py::NameTestCase::testToText5 PASSED                     [ 31%]
tests/test_name.py::NameTestCase::testToText6 PASSED                     [ 31%]
tests/test_name.py::NameTestCase::testToText7 PASSED                     [ 31%]
tests/test_name.py::NameTestCase::testToText8 PASSED                     [ 31%]
tests/test_name.py::NameTestCase::testToText9 PASSED                     [ 31%]
tests/test_name.py::NameTestCase::testToUnicode1 PASSED                  [ 31%]
tests/test_name.py::NameTestCase::testToUnicode2 PASSED                  [ 31%]
tests/test_name.py::NameTestCase::testToUnicode3 PASSED                  [ 31%]
tests/test_name.py::NameTestCase::testToUnicode4 PASSED                  [ 31%]
tests/test_name.py::NameTestCase::testToUnicode5 PASSED                  [ 31%]
tests/test_name.py::NameTestCase::testToUnicode6 PASSED                  [ 31%]
tests/test_name.py::NameTestCase::testToUnicodeOmitFinalDot PASSED       [ 32%]
tests/test_name.py::NameTestCase::testToWire1 PASSED                     [ 32%]
tests/test_name.py::NameTestCase::testToWire2 PASSED                     [ 32%]
tests/test_name.py::NameTestCase::testToWire3 PASSED                     [ 32%]
tests/test_name.py::NameTestCase::testToWire4 PASSED                     [ 32%]
tests/test_name.py::NameTestCase::testToWire5 PASSED                     [ 32%]
tests/test_name.py::NameTestCase::testToWire6 PASSED                     [ 32%]
tests/test_name.py::NameTestCase::testToWireRelativeNameWithOrigin PASSED [ 32%]
tests/test_name.py::NameTestCase::testToWireRelativeNameWithoutOrigin PASSED [ 32%]
tests/test_name.py::NameTestCase::testTortureFromText PASSED             [ 32%]
tests/test_name.py::NameTestCase::testUnicodeEscapify PASSED             [ 32%]
tests/test_name.py::NameTestCase::testUnknownReverseOrigin PASSED        [ 32%]
tests/test_name.py::NameTestCase::testWild1 PASSED                       [ 33%]
tests/test_name.py::NameTestCase::testWild2 PASSED                       [ 33%]
tests/test_name.py::NameTestCase::testWild3 PASSED                       [ 33%]
tests/test_name.py::NameTestCase::testWild4 PASSED                       [ 33%]
tests/test_name.py::NameTestCase::testWild5 PASSED                       [ 33%]
tests/test_name.py::NameTestCase::test_incompatible_relations PASSED     [ 33%]
tests/test_name.py::NameTestCase::test_pickle PASSED                     [ 33%]
tests/test_namedict.py::NameTestCase::testDepth PASSED                   [ 33%]
tests/test_namedict.py::NameTestCase::testLookup1 PASSED                 [ 33%]
tests/test_namedict.py::NameTestCase::testLookup2 PASSED                 [ 33%]
tests/test_namedict.py::NameTestCase::testLookup3 PASSED                 [ 33%]
tests/test_namedict.py::NameTestCase::testLookup4 PASSED                 [ 33%]
tests/test_namedict.py::NameTestCase::testLookup5 PASSED                 [ 33%]
tests/test_namedict.py::NameTestCase::testLookup6 PASSED                 [ 34%]
tests/test_namedict.py::NameTestCase::testLookup7 PASSED                 [ 34%]
tests/test_namedict.py::NameTestCase::testLookup8 PASSED                 [ 34%]
tests/test_namedict.py::NameTestCase::testRelDepth PASSED                [ 34%]
tests/test_namedict.py::NameTestCase::testRelLookup1 PASSED              [ 34%]
tests/test_namedict.py::NameTestCase::testRelLookup2 PASSED              [ 34%]
tests/test_namedict.py::NameTestCase::testRelLookup3 PASSED              [ 34%]
tests/test_namedict.py::NameTestCase::testRelLookup4 PASSED              [ 34%]
tests/test_namedict.py::NameTestCase::testRelLookup7 PASSED              [ 34%]
tests/test_namedict.py::NameTestCase::test_delete_max_depth_changes PASSED [ 34%]
tests/test_namedict.py::NameTestCase::test_delete_multiple_max_depth_changes PASSED [ 34%]
tests/test_namedict.py::NameTestCase::test_delete_no_max_depth_change PASSED [ 34%]
tests/test_namedict.py::NameTestCase::test_haskey PASSED                 [ 35%]
tests/test_namedict.py::NameTestCase::test_iter PASSED                   [ 35%]
tests/test_namedict.py::NameTestCase::test_len PASSED                    [ 35%]
tests/test_namedict.py::NameTestCase::test_max_depth_increases PASSED    [ 35%]
tests/test_nsec3.py::NSEC3TestCase::test_NSEC3_bad_bitmaps PASSED        [ 35%]
tests/test_nsec3.py::NSEC3TestCase::test_NSEC3_bitmap PASSED             [ 35%]
tests/test_nsec3_hash.py::NSEC3Hash::test_hash_function PASSED           [ 35%]
tests/test_nsec3_hash.py::NSEC3Hash::test_hash_invalid_algorithm PASSED  [ 35%]
tests/test_nsec3_hash.py::NSEC3Hash::test_hash_invalid_salt_length PASSED [ 35%]
tests/test_ntoaaton.py::NtoAAtoNTestCase::test_aton1 PASSED              [ 35%]
tests/test_ntoaaton.py::NtoAAtoNTestCase::test_aton2 PASSED              [ 35%]
tests/test_ntoaaton.py::NtoAAtoNTestCase::test_aton3 PASSED              [ 35%]
tests/test_ntoaaton.py::NtoAAtoNTestCase::test_aton4 PASSED              [ 36%]
tests/test_ntoaaton.py::NtoAAtoNTestCase::test_aton5 PASSED              [ 36%]
tests/test_ntoaaton.py::NtoAAtoNTestCase::test_aton6 PASSED              [ 36%]
tests/test_ntoaaton.py::NtoAAtoNTestCase::test_aton7 PASSED              [ 36%]
tests/test_ntoaaton.py::NtoAAtoNTestCase::test_aton8 PASSED              [ 36%]
tests/test_ntoaaton.py::NtoAAtoNTestCase::test_aton9 PASSED              [ 36%]
tests/test_ntoaaton.py::NtoAAtoNTestCase::test_bad_aton1 PASSED          [ 36%]
tests/test_ntoaaton.py::NtoAAtoNTestCase::test_bad_aton2 PASSED          [ 36%]
tests/test_ntoaaton.py::NtoAAtoNTestCase::test_bad_aton3 PASSED          [ 36%]
tests/test_ntoaaton.py::NtoAAtoNTestCase::test_bad_aton4 PASSED          [ 36%]
tests/test_ntoaaton.py::NtoAAtoNTestCase::test_bad_ntoa1 PASSED          [ 36%]
tests/test_ntoaaton.py::NtoAAtoNTestCase::test_bad_ntoa2 PASSED          [ 36%]
tests/test_ntoaaton.py::NtoAAtoNTestCase::test_bad_ntoa3 PASSED          [ 37%]
tests/test_ntoaaton.py::NtoAAtoNTestCase::test_bad_v4_aton PASSED        [ 37%]
tests/test_ntoaaton.py::NtoAAtoNTestCase::test_bad_v6_aton PASSED        [ 37%]
tests/test_ntoaaton.py::NtoAAtoNTestCase::test_bogus_family PASSED       [ 37%]
tests/test_ntoaaton.py::NtoAAtoNTestCase::test_do_not_ignore_scope PASSED [ 37%]
tests/test_ntoaaton.py::NtoAAtoNTestCase::test_good_v4_aton PASSED       [ 37%]
tests/test_ntoaaton.py::NtoAAtoNTestCase::test_ignore_scope PASSED       [ 37%]
tests/test_ntoaaton.py::NtoAAtoNTestCase::test_is_mapped PASSED          [ 37%]
tests/test_ntoaaton.py::NtoAAtoNTestCase::test_is_multicast PASSED       [ 37%]
tests/test_ntoaaton.py::NtoAAtoNTestCase::test_is_multicast_bad_input PASSED [ 37%]
tests/test_ntoaaton.py::NtoAAtoNTestCase::test_isaddress PASSED          [ 37%]
tests/test_ntoaaton.py::NtoAAtoNTestCase::test_low_level_address_tuple PASSED [ 37%]
tests/test_ntoaaton.py::NtoAAtoNTestCase::test_multiple_scopes_bad PASSED [ 38%]
tests/test_ntoaaton.py::NtoAAtoNTestCase::test_ntoa1 PASSED              [ 38%]
tests/test_ntoaaton.py::NtoAAtoNTestCase::test_ntoa10 PASSED             [ 38%]
tests/test_ntoaaton.py::NtoAAtoNTestCase::test_ntoa11 PASSED             [ 38%]
tests/test_ntoaaton.py::NtoAAtoNTestCase::test_ntoa12 PASSED             [ 38%]
tests/test_ntoaaton.py::NtoAAtoNTestCase::test_ntoa13 PASSED             [ 38%]
tests/test_ntoaaton.py::NtoAAtoNTestCase::test_ntoa14 PASSED             [ 38%]
tests/test_ntoaaton.py::NtoAAtoNTestCase::test_ntoa15 PASSED             [ 38%]
tests/test_ntoaaton.py::NtoAAtoNTestCase::test_ntoa2 PASSED              [ 38%]
tests/test_ntoaaton.py::NtoAAtoNTestCase::test_ntoa3 PASSED              [ 38%]
tests/test_ntoaaton.py::NtoAAtoNTestCase::test_ntoa4 PASSED              [ 38%]
tests/test_ntoaaton.py::NtoAAtoNTestCase::test_ntoa5 PASSED              [ 38%]
tests/test_ntoaaton.py::NtoAAtoNTestCase::test_ntoa6 PASSED              [ 39%]
tests/test_ntoaaton.py::NtoAAtoNTestCase::test_ntoa7 PASSED              [ 39%]
tests/test_ntoaaton.py::NtoAAtoNTestCase::test_ntoa8 PASSED              [ 39%]
tests/test_ntoaaton.py::NtoAAtoNTestCase::test_ntoa9 PASSED              [ 39%]
tests/test_ntoaaton.py::NtoAAtoNTestCase::test_ptontop PASSED            [ 39%]
tests/test_ntoaaton.py::NtoAAtoNTestCase::test_rfc5952_section_4_2_2 PASSED [ 39%]
tests/test_processing_order.py::test_processing_order_shuffle PASSED     [ 39%]
tests/test_processing_order.py::test_processing_order_priority_mx PASSED [ 39%]
tests/test_processing_order.py::test_processing_order_priority_weighted PASSED [ 39%]
tests/test_processing_order.py::test_processing_order_priority_naptr PASSED [ 39%]
tests/test_processing_order.py::test_processing_order_empty PASSED       [ 39%]
tests/test_processing_order.py::test_processing_singleton_priority PASSED [ 39%]
tests/test_processing_order.py::test_processing_singleton_weighted PASSED [ 40%]
tests/test_processing_order.py::test_processing_all_zero_weight_srv PASSED [ 40%]
tests/test_processing_order.py::test_processing_order_uri PASSED         [ 40%]
tests/test_processing_order.py::test_processing_order_svcb PASSED        [ 40%]
tests/test_query.py::QueryTests::testQueryTCP PASSED                     [ 40%]
tests/test_query.py::QueryTests::testQueryTCPWithSocket PASSED           [ 40%]
tests/test_query.py::QueryTests::testQueryTLS PASSED                     [ 40%]
tests/test_query.py::QueryTests::testQueryTLSWithSocket PASSED           [ 40%]
tests/test_query.py::QueryTests::testQueryUDP PASSED                     [ 40%]
tests/test_query.py::QueryTests::testQueryUDPFallback PASSED             [ 40%]
tests/test_query.py::QueryTests::testQueryUDPFallbackNoFallback PASSED   [ 40%]
tests/test_query.py::QueryTests::testQueryUDPFallbackWithSocket PASSED   [ 40%]
tests/test_query.py::QueryTests::testQueryUDPWithSocket PASSED           [ 41%]
tests/test_query.py::QueryTests::testUDPReceiveQuery PASSED              [ 41%]
tests/test_query.py::DestinationAndSourceTests::test_af_inferred_from_source PASSED [ 41%]
tests/test_query.py::DestinationAndSourceTests::test_af_inferred_from_where PASSED [ 41%]
tests/test_query.py::DestinationAndSourceTests::test_af_mismatch PASSED  [ 41%]
tests/test_query.py::DestinationAndSourceTests::test_destination_is_none_of_where_url PASSED [ 41%]
tests/test_query.py::DestinationAndSourceTests::test_source_port_but_no_af_inferred PASSED [ 41%]
tests/test_query.py::DestinationAndSourceTests::test_v4_wildcard_source_set PASSED [ 41%]
tests/test_query.py::DestinationAndSourceTests::test_v6_wildcard_source_set PASSED [ 41%]
tests/test_query.py::DestinationAndSourceTests::test_where_must_be_an_address PASSED [ 41%]
tests/test_query.py::AddressesEqualTestCase::test_mixed PASSED           [ 41%]
tests/test_query.py::AddressesEqualTestCase::test_v4 PASSED              [ 41%]
tests/test_query.py::AddressesEqualTestCase::test_v6 PASSED              [ 42%]
tests/test_query.py::XfrTests::test_axfr SKIPPED (nanonameserver req...) [ 42%]
tests/test_query.py::XfrTests::test_axfr_bad_rcode SKIPPED (nanoname...) [ 42%]
tests/test_query.py::XfrTests::test_axfr_root_tsig SKIPPED (nanoname...) [ 42%]
tests/test_query.py::XfrTests::test_axfr_trailing_junk SKIPPED (nano...) [ 42%]
tests/test_query.py::XfrTests::test_axfr_tsig SKIPPED (nanonameserve...) [ 42%]
tests/test_query.py::XfrTests::test_axfr_udp SKIPPED (nanonameserver...) [ 42%]
tests/test_query.py::XfrTests::test_ixfr_base_serial_mismatch SKIPPED    [ 42%]
tests/test_query.py::XfrTests::test_ixfr_tcp SKIPPED (nanonameserver...) [ 42%]
tests/test_query.py::XfrTests::test_ixfr_trailing_junk SKIPPED (nano...) [ 42%]
tests/test_query.py::XfrTests::test_ixfr_udp SKIPPED (nanonameserver...) [ 42%]
tests/test_query.py::XfrTests::test_ixfr_up_to_date SKIPPED (nanonam...) [ 42%]
tests/test_query.py::TsigTests::test_tsig SKIPPED (nanonameserver re...) [ 43%]
tests/test_query.py::LowLevelWaitTests::test_wait_for PASSED             [ 43%]
tests/test_query.py::MiscTests::test_matches_destination PASSED          [ 43%]
tests/test_rdata.py::RdataTestCase::test_AFSDB_properties PASSED         [ 43%]
tests/test_rdata.py::RdataTestCase::test_CERT_algorithm PASSED           [ 43%]
tests/test_rdata.py::RdataTestCase::test_CERT_with_string_type PASSED    [ 43%]
tests/test_rdata.py::RdataTestCase::test_DNSKEY_chunking PASSED          [ 43%]
tests/test_rdata.py::RdataTestCase::test_GPOS_constructor_conversion PASSED [ 43%]
tests/test_rdata.py::RdataTestCase::test_GPOS_float_converters PASSED    [ 43%]
tests/test_rdata.py::RdataTestCase::test_LOC_to_text_SW_hemispheres PASSED [ 43%]
tests/test_rdata.py::RdataTestCase::test_absolute_vs_absolute_compare PASSED [ 43%]
tests/test_rdata.py::RdataTestCase::test_bad_APLItem_address_length PASSED [ 43%]
tests/test_rdata.py::RdataTestCase::test_bad_CAA_text PASSED             [ 44%]
tests/test_rdata.py::RdataTestCase::test_bad_GPOS_text PASSED            [ 44%]
tests/test_rdata.py::RdataTestCase::test_bad_GPOS_wire PASSED            [ 44%]
tests/test_rdata.py::RdataTestCase::test_bad_HIP_text PASSED             [ 44%]
tests/test_rdata.py::RdataTestCase::test_bad_LOC_text PASSED             [ 44%]
tests/test_rdata.py::RdataTestCase::test_bad_LOC_wire PASSED             [ 44%]
tests/test_rdata.py::RdataTestCase::test_bad_NSAP_text PASSED            [ 44%]
tests/test_rdata.py::RdataTestCase::test_bad_SMIMEA PASSED               [ 44%]
tests/test_rdata.py::RdataTestCase::test_bad_URI_text PASSED             [ 44%]
tests/test_rdata.py::RdataTestCase::test_bad_URI_wire PASSED             [ 44%]
tests/test_rdata.py::RdataTestCase::test_bad_generic PASSED              [ 44%]
tests/test_rdata.py::RdataTestCase::test_bad_registration_implementing_known_type_with_wrong_name PASSED [ 44%]
tests/test_rdata.py::RdataTestCase::test_bad_sigtime PASSED              [ 45%]
tests/test_rdata.py::RdataTestCase::test_basic_relations PASSED          [ 45%]
tests/test_rdata.py::RdataTestCase::test_chaos PASSED                    [ 45%]
tests/test_rdata.py::RdataTestCase::test_covered_repr PASSED             [ 45%]
tests/test_rdata.py::RdataTestCase::test_covers_and_extended_rdatatype PASSED [ 45%]
tests/test_rdata.py::RdataTestCase::test_digestable_downcasing PASSED    [ 45%]
tests/test_rdata.py::RdataTestCase::test_digestable_no_downcasing PASSED [ 45%]
tests/test_rdata.py::RdataTestCase::test_empty_TXT PASSED                [ 45%]
tests/test_rdata.py::RdataTestCase::test_empty_generic PASSED            [ 45%]
tests/test_rdata.py::RdataTestCase::test_escaped_newline_in_nonquoted_string PASSED [ 45%]
tests/test_rdata.py::RdataTestCase::test_escaped_newline_in_quoted_string PASSED [ 45%]
tests/test_rdata.py::RdataTestCase::test_escapify PASSED                 [ 45%]
tests/test_rdata.py::RdataTestCase::test_from_wire_parser PASSED         [ 46%]
tests/test_rdata.py::RdataTestCase::test_good_SMIMEA PASSED              [ 46%]
tests/test_rdata.py::RdataTestCase::test_immutability PASSED             [ 46%]
tests/test_rdata.py::RdataTestCase::test_incompatible_relations PASSED   [ 46%]
tests/test_rdata.py::RdataTestCase::test_invalid_replace PASSED          [ 46%]
tests/test_rdata.py::RdataTestCase::test_misc_bad_WKS_text PASSED        [ 46%]
tests/test_rdata.py::RdataTestCase::test_misc_good_LOC_text PASSED       [ 46%]
tests/test_rdata.py::RdataTestCase::test_misc_good_WKS_text PASSED       [ 46%]
tests/test_rdata.py::RdataTestCase::test_module_registration PASSED      [ 46%]
tests/test_rdata.py::RdataTestCase::test_module_registration_singleton PASSED [ 46%]
tests/test_rdata.py::RdataTestCase::test_module_reregistration PASSED    [ 46%]
tests/test_rdata.py::RdataTestCase::test_no_replace_class_or_type PASSED [ 46%]
tests/test_rdata.py::RdataTestCase::test_opt_repr PASSED                 [ 47%]
tests/test_rdata.py::RdataTestCase::test_opt_short_lengths PASSED        [ 47%]
tests/test_rdata.py::RdataTestCase::test_pickle PASSED                   [ 47%]
tests/test_rdata.py::RdataTestCase::test_registration_implementing_known_type_with_right_name PASSED [ 47%]
tests/test_rdata.py::RdataTestCase::test_relative_vs_absolute_compare_strict PASSED [ 47%]
tests/test_rdata.py::RdataTestCase::test_relative_vs_absolute_compare_unstrict PASSED [ 47%]
tests/test_rdata.py::RdataTestCase::test_relative_vs_relative_compare_strict PASSED [ 47%]
tests/test_rdata.py::RdataTestCase::test_relative_vs_relative_compare_unstrict PASSED [ 47%]
tests/test_rdata.py::RdataTestCase::test_replace PASSED                  [ 47%]
tests/test_rdata.py::RdataTestCase::test_replace_comment PASSED          [ 47%]
tests/test_rdata.py::RdataTestCase::test_str PASSED                      [ 47%]
tests/test_rdata.py::RdataTestCase::test_to_generic PASSED               [ 47%]
tests/test_rdata.py::RdataTestCase::test_too_long_TXT PASSED             [ 48%]
tests/test_rdata.py::RdataTestCase::test_truncate_bitmap PASSED          [ 48%]
tests/test_rdata.py::RdataTestCase::test_txt_unicode PASSED              [ 48%]
tests/test_rdata.py::RdataTestCase::test_uncomparable PASSED             [ 48%]
tests/test_rdata.py::RdataTestCase::test_unicode PASSED                  [ 48%]
tests/test_rdata.py::RdataTestCase::test_unicode_idna2003_in_rdata PASSED [ 48%]
tests/test_rdata.py::RdataTestCase::test_unicode_idna2008_in_rdata PASSED [ 48%]
tests/test_rdata.py::RdataTestCase::test_unpickle PASSED                 [ 48%]
tests/test_rdata.py::RdataTestCase::test_wordbreak PASSED                [ 48%]
tests/test_rdata.py::RdataTestCase::test_zero_size PASSED                [ 48%]
tests/test_rdata.py::UtilTestCase::test_Bitmap PASSED                    [ 48%]
tests/test_rdata.py::UtilTestCase::test_Bitmap_0_length_window_parse PASSED [ 48%]
tests/test_rdata.py::UtilTestCase::test_Bitmap_empty_window_not_written PASSED [ 49%]
tests/test_rdata.py::UtilTestCase::test_Bitmap_has_type_0_set PASSED     [ 49%]
tests/test_rdata.py::UtilTestCase::test_Bitmap_ok_parse PASSED           [ 49%]
tests/test_rdata.py::UtilTestCase::test_Bitmap_too_long_parse PASSED     [ 49%]
tests/test_rdata.py::UtilTestCase::test_Bitmap_with_duplicate_types PASSED [ 49%]
tests/test_rdata.py::UtilTestCase::test_Bitmap_with_out_of_order_types PASSED [ 49%]
tests/test_rdata.py::UtilTestCase::test_Bitmap_zero_padding_works PASSED [ 49%]
tests/test_rdata.py::UtilTestCase::test_Gateway_bad_type0 PASSED         [ 49%]
tests/test_rdata.py::UtilTestCase::test_Gateway_bad_type3 PASSED         [ 49%]
tests/test_rdata.py::UtilTestCase::test_Gateway_type4 PASSED             [ 49%]
tests/test_rdata.py::UtilTestCase::test_compressed_in_generic_is_bad PASSED [ 49%]
tests/test_rdata.py::UtilTestCase::test_rdataset_ttl_conversion PASSED   [ 49%]
tests/test_rdata.py::RdataConvertersTestCase::test_as_bool PASSED        [ 50%]
tests/test_rdata.py::RdataConvertersTestCase::test_as_int PASSED         [ 50%]
tests/test_rdata.py::RdataConvertersTestCase::test_as_name PASSED        [ 50%]
tests/test_rdata.py::RdataConvertersTestCase::test_as_ttl PASSED         [ 50%]
tests/test_rdata.py::RdataConvertersTestCase::test_as_uint16 PASSED      [ 50%]
tests/test_rdata.py::RdataConvertersTestCase::test_as_uint32 PASSED      [ 50%]
tests/test_rdata.py::RdataConvertersTestCase::test_as_uint48 PASSED      [ 50%]
tests/test_rdata.py::RdataConvertersTestCase::test_as_uint8 PASSED       [ 50%]
tests/test_rdataset.py::RdatasetTestCase::testAddIncompatible PASSED     [ 50%]
tests/test_rdataset.py::RdatasetTestCase::testCodec2003 PASSED           [ 50%]
tests/test_rdataset.py::RdatasetTestCase::testCodec2008 PASSED           [ 50%]
tests/test_rdataset.py::RdatasetTestCase::testCopy PASSED                [ 50%]
tests/test_rdataset.py::RdatasetTestCase::testCoveredRepr PASSED         [ 50%]
tests/test_rdataset.py::RdatasetTestCase::testDifferingCovers PASSED     [ 51%]
tests/test_rdataset.py::RdatasetTestCase::testEmptyRdataList PASSED      [ 51%]
tests/test_rdataset.py::RdatasetTestCase::testIntersectionUpdate PASSED  [ 51%]
tests/test_rdataset.py::RdatasetTestCase::testMultilineToText PASSED     [ 51%]
tests/test_rdataset.py::RdatasetTestCase::testNoEqualToOther PASSED      [ 51%]
tests/test_rdataset.py::RdatasetTestCase::testRepr PASSED                [ 51%]
tests/test_rdataset.py::RdatasetTestCase::testStr PASSED                 [ 51%]
tests/test_rdataset.py::RdatasetTestCase::testToTextNoName PASSED        [ 51%]
tests/test_rdataset.py::RdatasetTestCase::testToTextOverrideClass PASSED [ 51%]
tests/test_rdataset.py::RdatasetTestCase::testTruncatedRepr PASSED       [ 51%]
tests/test_rdataset.py::RdatasetTestCase::testUnionUpdate PASSED         [ 51%]
tests/test_rdataset.py::ImmutableRdatasetTestCase::test_basic PASSED     [ 51%]
tests/test_rdataset.py::ImmutableRdatasetTestCase::test_cloning PASSED   [ 52%]
tests/test_rdtypeandclass.py::RdTypeAndClassTestCase::test_class_bytext1 PASSED [ 52%]
tests/test_rdtypeandclass.py::RdTypeAndClassTestCase::test_class_bytext2 PASSED [ 52%]
tests/test_rdtypeandclass.py::RdTypeAndClassTestCase::test_class_bytext_bounds1 PASSED [ 52%]
tests/test_rdtypeandclass.py::RdTypeAndClassTestCase::test_class_bytext_bounds2 PASSED [ 52%]
tests/test_rdtypeandclass.py::RdTypeAndClassTestCase::test_class_bytext_unknown PASSED [ 52%]
tests/test_rdtypeandclass.py::RdTypeAndClassTestCase::test_class_meta1 PASSED [ 52%]
tests/test_rdtypeandclass.py::RdTypeAndClassTestCase::test_class_meta2 PASSED [ 52%]
tests/test_rdtypeandclass.py::RdTypeAndClassTestCase::test_class_totext1 PASSED [ 52%]
tests/test_rdtypeandclass.py::RdTypeAndClassTestCase::test_class_totext2 PASSED [ 52%]
tests/test_rdtypeandclass.py::RdTypeAndClassTestCase::test_class_totext_bounds1 PASSED [ 52%]
tests/test_rdtypeandclass.py::RdTypeAndClassTestCase::test_class_totext_bounds2 PASSED [ 52%]
tests/test_rdtypeandclass.py::RdTypeAndClassTestCase::test_type0_totext PASSED [ 53%]
tests/test_rdtypeandclass.py::RdTypeAndClassTestCase::test_type_bytext1 PASSED [ 53%]
tests/test_rdtypeandclass.py::RdTypeAndClassTestCase::test_type_bytext2 PASSED [ 53%]
tests/test_rdtypeandclass.py::RdTypeAndClassTestCase::test_type_bytext_bounds1 PASSED [ 53%]
tests/test_rdtypeandclass.py::RdTypeAndClassTestCase::test_type_bytext_bounds2 PASSED [ 53%]
tests/test_rdtypeandclass.py::RdTypeAndClassTestCase::test_type_bytext_unknown PASSED [ 53%]
tests/test_rdtypeandclass.py::RdTypeAndClassTestCase::test_type_meta1 PASSED [ 53%]
tests/test_rdtypeandclass.py::RdTypeAndClassTestCase::test_type_meta2 PASSED [ 53%]
tests/test_rdtypeandclass.py::RdTypeAndClassTestCase::test_type_meta3 PASSED [ 53%]
tests/test_rdtypeandclass.py::RdTypeAndClassTestCase::test_type_singleton1 PASSED [ 53%]
tests/test_rdtypeandclass.py::RdTypeAndClassTestCase::test_type_singleton2 PASSED [ 53%]
tests/test_rdtypeandclass.py::RdTypeAndClassTestCase::test_type_totext1 PASSED [ 53%]
tests/test_rdtypeandclass.py::RdTypeAndClassTestCase::test_type_totext2 PASSED [ 54%]
tests/test_rdtypeandclass.py::RdTypeAndClassTestCase::test_type_totext_bounds1 PASSED [ 54%]
tests/test_rdtypeandclass.py::RdTypeAndClassTestCase::test_type_totext_bounds2 PASSED [ 54%]
tests/test_rdtypeanydnskey.py::RdtypeAnyDnskeyTestCase::testFlagsAll PASSED [ 54%]
tests/test_rdtypeanydnskey.py::RdtypeAnyDnskeyTestCase::testFlagsRRToText PASSED [ 54%]
tests/test_rdtypeanyeui.py::RdtypeAnyEUI48TestCase::testFromTextDelim PASSED [ 54%]
tests/test_rdtypeanyeui.py::RdtypeAnyEUI48TestCase::testFromTextExtraDash PASSED [ 54%]
tests/test_rdtypeanyeui.py::RdtypeAnyEUI48TestCase::testFromTextInvalidHex PASSED [ 54%]
tests/test_rdtypeanyeui.py::RdtypeAnyEUI48TestCase::testFromTextLength PASSED [ 54%]
tests/test_rdtypeanyeui.py::RdtypeAnyEUI48TestCase::testFromTextMultipleTokens PASSED [ 54%]
tests/test_rdtypeanyeui.py::RdtypeAnyEUI48TestCase::testFromTextOk PASSED [ 54%]
tests/test_rdtypeanyeui.py::RdtypeAnyEUI48TestCase::testFromWireLength PASSED [ 54%]
tests/test_rdtypeanyeui.py::RdtypeAnyEUI48TestCase::testFromWireOk PASSED [ 55%]
tests/test_rdtypeanyeui.py::RdtypeAnyEUI48TestCase::testInstLength PASSED [ 55%]
tests/test_rdtypeanyeui.py::RdtypeAnyEUI48TestCase::testInstOk PASSED    [ 55%]
tests/test_rdtypeanyeui.py::RdtypeAnyEUI48TestCase::testToTextOk PASSED  [ 55%]
tests/test_rdtypeanyeui.py::RdtypeAnyEUI48TestCase::testToWire PASSED    [ 55%]
tests/test_rdtypeanyeui.py::RdtypeAnyEUI64TestCase::testFromTextDelim PASSED [ 55%]
tests/test_rdtypeanyeui.py::RdtypeAnyEUI64TestCase::testFromTextExtraDash PASSED [ 55%]
tests/test_rdtypeanyeui.py::RdtypeAnyEUI64TestCase::testFromTextInvalidHex PASSED [ 55%]
tests/test_rdtypeanyeui.py::RdtypeAnyEUI64TestCase::testFromTextLength PASSED [ 55%]
tests/test_rdtypeanyeui.py::RdtypeAnyEUI64TestCase::testFromTextMultipleTokens PASSED [ 55%]
tests/test_rdtypeanyeui.py::RdtypeAnyEUI64TestCase::testFromTextOk PASSED [ 55%]
tests/test_rdtypeanyeui.py::RdtypeAnyEUI64TestCase::testFromWireLength PASSED [ 55%]
tests/test_rdtypeanyeui.py::RdtypeAnyEUI64TestCase::testFromWireOk PASSED [ 56%]
tests/test_rdtypeanyeui.py::RdtypeAnyEUI64TestCase::testInstLength PASSED [ 56%]
tests/test_rdtypeanyeui.py::RdtypeAnyEUI64TestCase::testInstOk PASSED    [ 56%]
tests/test_rdtypeanyeui.py::RdtypeAnyEUI64TestCase::testToTextOk PASSED  [ 56%]
tests/test_rdtypeanyeui.py::RdtypeAnyEUI64TestCase::testToWire PASSED    [ 56%]
tests/test_rdtypeanyloc.py::RdtypeAnyLocTestCase::testEqual1 PASSED      [ 56%]
tests/test_rdtypeanyloc.py::RdtypeAnyLocTestCase::testEqual2 PASSED      [ 56%]
tests/test_rdtypeanyloc.py::RdtypeAnyLocTestCase::testEqual3 PASSED      [ 56%]
tests/test_rdtypeanyloc.py::RdtypeAnyLocTestCase::testEqual4 PASSED      [ 56%]
tests/test_rdtypeanytkey.py::RdtypeAnyTKeyTestCase::testTextNoOptionalData PASSED [ 56%]
tests/test_rdtypeanytkey.py::RdtypeAnyTKeyTestCase::testTextOptionalData PASSED [ 56%]
tests/test_rdtypeanytkey.py::RdtypeAnyTKeyTestCase::testWireNoOptionalData PASSED [ 56%]
tests/test_rdtypeanytkey.py::RdtypeAnyTKeyTestCase::testWireOptionalData PASSED [ 57%]
tests/test_renderer.py::RendererTestCase::test_basic PASSED              [ 57%]
tests/test_renderer.py::RendererTestCase::test_going_backwards_fails PASSED [ 57%]
tests/test_renderer.py::RendererTestCase::test_multi_tsig PASSED         [ 57%]
tests/test_renderer.py::RendererTestCase::test_tsig PASSED               [ 57%]
tests/test_resolution.py::ResolutionTestCase::test_next_nameserver_no_nameservers PASSED [ 57%]
tests/test_resolution.py::ResolutionTestCase::test_next_nameserver_retry_with_tcp PASSED [ 57%]
tests/test_resolution.py::ResolutionTestCase::test_next_nameserver_udp PASSED [ 57%]
tests/test_resolution.py::ResolutionTestCase::test_next_request_TSIG PASSED [ 57%]
tests/test_resolution.py::ResolutionTestCase::test_next_request_abs PASSED [ 57%]
tests/test_resolution.py::ResolutionTestCase::test_next_request_cache_hit PASSED [ 57%]
tests/test_resolution.py::ResolutionTestCase::test_next_request_cached_no_answer PASSED [ 57%]
tests/test_resolution.py::ResolutionTestCase::test_next_request_cached_nxdomain_with_search PASSED [ 58%]
tests/test_resolution.py::ResolutionTestCase::test_next_request_cached_nxdomain_without_search PASSED [ 58%]
tests/test_resolution.py::ResolutionTestCase::test_next_request_exhaust_causes_nxdomain PASSED [ 58%]
tests/test_resolution.py::ResolutionTestCase::test_next_request_flags PASSED [ 58%]
tests/test_resolution.py::ResolutionTestCase::test_next_request_rel_with_search PASSED [ 58%]
tests/test_resolution.py::ResolutionTestCase::test_next_request_rel_without_search PASSED [ 58%]
tests/test_resolution.py::ResolutionTestCase::test_next_request_rotate PASSED [ 58%]
tests/test_resolution.py::ResolutionTestCase::test_no_metaqueries PASSED [ 58%]
tests/test_resolution.py::ResolutionTestCase::test_query_result_chain_not_too_long PASSED [ 58%]
tests/test_resolution.py::ResolutionTestCase::test_query_result_chain_too_long PASSED [ 58%]
tests/test_resolution.py::ResolutionTestCase::test_query_result_nameserver_continuing_exception PASSED [ 58%]
tests/test_resolution.py::ResolutionTestCase::test_query_result_nameserver_removing_exceptions PASSED [ 58%]
tests/test_resolution.py::ResolutionTestCase::test_query_result_no_error_no_data PASSED [ 59%]
tests/test_resolution.py::ResolutionTestCase::test_query_result_no_error_with_data PASSED [ 59%]
tests/test_resolution.py::ResolutionTestCase::test_query_result_no_error_with_data_cached PASSED [ 59%]
tests/test_resolution.py::ResolutionTestCase::test_query_result_nxdomain PASSED [ 59%]
tests/test_resolution.py::ResolutionTestCase::test_query_result_nxdomain_but_has_answer PASSED [ 59%]
tests/test_resolution.py::ResolutionTestCase::test_query_result_nxdomain_cached PASSED [ 59%]
tests/test_resolution.py::ResolutionTestCase::test_query_result_other_unhappy_rcode PASSED [ 59%]
tests/test_resolution.py::ResolutionTestCase::test_query_result_retry_with_tcp PASSED [ 59%]
tests/test_resolution.py::ResolutionTestCase::test_query_result_servfail_no_retry PASSED [ 59%]
tests/test_resolution.py::ResolutionTestCase::test_query_result_servfail_with_retry PASSED [ 59%]
tests/test_resolution.py::ResolutionTestCase::test_query_result_yxdomain PASSED [ 59%]
tests/test_resolver.py::BaseResolverTests::testCacheCleaning PASSED      [ 59%]
tests/test_resolver.py::BaseResolverTests::testCacheExpiration PASSED    [ 60%]
tests/test_resolver.py::BaseResolverTests::testCacheNonCleaning PASSED   [ 60%]
tests/test_resolver.py::BaseResolverTests::testEmptyAnswerSection PASSED [ 60%]
tests/test_resolver.py::BaseResolverTests::testIndexErrorOnEmptyRRsetAccess PASSED [ 60%]
tests/test_resolver.py::BaseResolverTests::testIndexErrorOnEmptyRRsetDelete PASSED [ 60%]
tests/test_resolver.py::BaseResolverTests::testLRUDoesLRU PASSED         [ 60%]
tests/test_resolver.py::BaseResolverTests::testLRUExpiration PASSED      [ 60%]
tests/test_resolver.py::BaseResolverTests::testLRUReplace PASSED         [ 60%]
tests/test_resolver.py::BaseResolverTests::testRRsetDelete PASSED        [ 60%]
tests/test_resolver.py::BaseResolverTests::testRead PASSED               [ 60%]
tests/test_resolver.py::BaseResolverTests::testReadNoNameservers PASSED  [ 60%]
tests/test_resolver.py::BaseResolverTests::testReadOptions PASSED        [ 60%]
tests/test_resolver.py::BaseResolverTests::testReadOptionsBadNdots PASSED [ 61%]
tests/test_resolver.py::BaseResolverTests::testReadOptionsBadTimeouts PASSED [ 61%]
tests/test_resolver.py::BaseResolverTests::testReadUnknownDirective PASSED [ 61%]
tests/test_resolver.py::BaseResolverTests::testReadUnknownOption PASSED  [ 61%]
tests/test_resolver.py::BaseResolverTests::testSearchListsAbsolute PASSED [ 61%]
tests/test_resolver.py::BaseResolverTests::testSearchListsRelative PASSED [ 61%]
tests/test_resolver.py::BaseResolverTests::testSetFlags PASSED           [ 61%]
tests/test_resolver.py::BaseResolverTests::testUseEDNS PASSED            [ 61%]
tests/test_resolver.py::BaseResolverTests::testUseTSIG PASSED            [ 61%]
tests/test_resolver.py::BaseResolverTests::test_LRUCache_overwrite PASSED [ 61%]
tests/test_resolver.py::BaseResolverTests::test_LRUCache_set_max_size PASSED [ 61%]
tests/test_resolver.py::BaseResolverTests::test_cache_flush PASSED       [ 61%]
tests/test_resolver.py::BaseResolverTests::test_cache_stats PASSED       [ 62%]
tests/test_resolver.py::LiveResolverTests::testCanonicalNameCNAME PASSED [ 62%]
tests/test_resolver.py::LiveResolverTests::testCanonicalNameDangling FAILED [ 62%]
tests/test_resolver.py::LiveResolverTests::testCanonicalNameNoCNAME PASSED [ 62%]
tests/test_resolver.py::LiveResolverTests::testNameserverSetting PASSED  [ 62%]
tests/test_resolver.py::LiveResolverTests::testResolve PASSED            [ 62%]
tests/test_resolver.py::LiveResolverTests::testResolveAddress FAILED     [ 62%]
tests/test_resolver.py::LiveResolverTests::testResolveCacheHit PASSED    [ 62%]
tests/test_resolver.py::LiveResolverTests::testResolveNXDOMAIN PASSED    [ 62%]
tests/test_resolver.py::LiveResolverTests::testResolveNodataAnswer PASSED [ 62%]
tests/test_resolver.py::LiveResolverTests::testResolveNodataException PASSED [ 62%]
tests/test_resolver.py::LiveResolverTests::testResolveTCP PASSED         [ 62%]
tests/test_resolver.py::LiveResolverTests::testZoneForName1 PASSED       [ 63%]
tests/test_resolver.py::LiveResolverTests::testZoneForName2 PASSED       [ 63%]
tests/test_resolver.py::LiveResolverTests::testZoneForName3 PASSED       [ 63%]
tests/test_resolver.py::LiveResolverTests::testZoneForName4 PASSED       [ 63%]
tests/test_resolver.py::SelectResolverTestCase::testCanonicalNameCNAME PASSED [ 63%]
tests/test_resolver.py::SelectResolverTestCase::testCanonicalNameDangling FAILED [ 63%]
tests/test_resolver.py::SelectResolverTestCase::testCanonicalNameNoCNAME PASSED [ 63%]
tests/test_resolver.py::SelectResolverTestCase::testNameserverSetting PASSED [ 63%]
tests/test_resolver.py::SelectResolverTestCase::testResolve PASSED       [ 63%]
tests/test_resolver.py::SelectResolverTestCase::testResolveAddress FAILED [ 63%]
tests/test_resolver.py::SelectResolverTestCase::testResolveCacheHit PASSED [ 63%]
tests/test_resolver.py::SelectResolverTestCase::testResolveNXDOMAIN PASSED [ 63%]
tests/test_resolver.py::SelectResolverTestCase::testResolveNodataAnswer PASSED [ 64%]
tests/test_resolver.py::SelectResolverTestCase::testResolveNodataException PASSED [ 64%]
tests/test_resolver.py::SelectResolverTestCase::testResolveTCP PASSED    [ 64%]
tests/test_resolver.py::SelectResolverTestCase::testZoneForName1 PASSED  [ 64%]
tests/test_resolver.py::SelectResolverTestCase::testZoneForName2 PASSED  [ 64%]
tests/test_resolver.py::SelectResolverTestCase::testZoneForName3 PASSED  [ 64%]
tests/test_resolver.py::SelectResolverTestCase::testZoneForName4 PASSED  [ 64%]
tests/test_resolver.py::PollResolverTestCase::testCanonicalNameCNAME PASSED [ 64%]
tests/test_resolver.py::PollResolverTestCase::testCanonicalNameDangling FAILED [ 64%]
tests/test_resolver.py::PollResolverTestCase::testCanonicalNameNoCNAME PASSED [ 64%]
tests/test_resolver.py::PollResolverTestCase::testNameserverSetting PASSED [ 64%]
tests/test_resolver.py::PollResolverTestCase::testResolve PASSED         [ 64%]
tests/test_resolver.py::PollResolverTestCase::testResolveAddress FAILED  [ 65%]
tests/test_resolver.py::PollResolverTestCase::testResolveCacheHit PASSED [ 65%]
tests/test_resolver.py::PollResolverTestCase::testResolveNXDOMAIN PASSED [ 65%]
tests/test_resolver.py::PollResolverTestCase::testResolveNodataAnswer PASSED [ 65%]
tests/test_resolver.py::PollResolverTestCase::testResolveNodataException PASSED [ 65%]
tests/test_resolver.py::PollResolverTestCase::testResolveTCP PASSED      [ 65%]
tests/test_resolver.py::PollResolverTestCase::testZoneForName1 PASSED    [ 65%]
tests/test_resolver.py::PollResolverTestCase::testZoneForName2 PASSED    [ 65%]
tests/test_resolver.py::PollResolverTestCase::testZoneForName3 PASSED    [ 65%]
tests/test_resolver.py::PollResolverTestCase::testZoneForName4 PASSED    [ 65%]
tests/test_resolver.py::NXDOMAINExceptionTestCase::test_nxdomain_canonical_name PASSED [ 65%]
tests/test_resolver.py::NXDOMAINExceptionTestCase::test_nxdomain_compatible PASSED [ 65%]
tests/test_resolver.py::NXDOMAINExceptionTestCase::test_nxdomain_merge PASSED [ 66%]
tests/test_resolver.py::ResolverMiscTestCase::test_compute_timeout PASSED [ 66%]
tests/test_resolver.py::ResolverMiscTestCase::test_read_nonexistent_config PASSED [ 66%]
tests/test_resolver.py::ResolverNameserverValidTypeTestCase::test_set_nameservers_invalid_type PASSED [ 66%]
tests/test_resolver.py::ResolverNameserverValidTypeTestCase::test_set_nameservers_to_list PASSED [ 66%]
tests/test_resolver.py::ResolverNameserverValidTypeTestCase::test_set_namservers_to_empty_list PASSED [ 66%]
tests/test_resolver.py::NanoTests::testE164Query SKIPPED (Internet a...) [ 66%]
tests/test_resolver.py::ZoneForNameTests::testHelpfulNXDOMAIN SKIPPED    [ 66%]
tests/test_resolver.py::ZoneForNameTests::testHelpfulNoErrorNoData SKIPPED [ 66%]
tests/test_resolver.py::ZoneForNameTests::testNoRootSOA SKIPPED (Int...) [ 66%]
tests/test_resolver.py::testResolverTimeout SKIPPED (Internet and Na...) [ 66%]
tests/test_resolver.py::testResolverNoNameservers SKIPPED (Internet ...) [ 66%]
tests/test_resolver.py::testZoneForNameLifetimeTimeout SKIPPED (Inte...) [ 66%]
tests/test_resolver_override.py::OverrideSystemResolverTestCase::test_basic_getaddrinfo PASSED [ 67%]
tests/test_resolver_override.py::OverrideSystemResolverTestCase::test_getaddrinfo_nxdomain PASSED [ 67%]
tests/test_resolver_override.py::OverrideSystemResolverTestCase::test_getaddrinfo_only_service PASSED [ 67%]
tests/test_resolver_override.py::OverrideSystemResolverTestCase::test_getaddrinfo_service PASSED [ 67%]
tests/test_resolver_override.py::OverrideSystemResolverTestCase::test_gethostbyaddr FAILED [ 67%]
tests/test_resolver_override.py::OverrideSystemResolverTestCase::test_getnameinfo_tcp PASSED [ 67%]
tests/test_resolver_override.py::OverrideSystemResolverTestCase::test_getnameinfo_udp PASSED [ 67%]
tests/test_resolver_override.py::OverrideSystemResolverTestCase::test_override PASSED [ 67%]
tests/test_resolver_override.py::OverrideSystemResolverTestCase::test_unknown_service_fails PASSED [ 67%]
tests/test_resolver_override.py::OverrideSystemResolverUsingFakeResolverTestCase::test_AI_ADDRCONFIG_fails PASSED [ 67%]
tests/test_resolver_override.py::OverrideSystemResolverUsingFakeResolverTestCase::test_gethostbyaddr_of_name_fails PASSED [ 67%]
tests/test_resolver_override.py::OverrideSystemResolverUsingFakeResolverTestCase::test_no_host_or_service_fails PASSED [ 67%]
tests/test_resolver_override.py::OverrideSystemResolverUsingFakeResolverTestCase::test_temporary_failure PASSED [ 68%]
tests/test_resolver_override.py::OverrideSystemResolverUsingDefaultResolverTestCase::test_override PASSED [ 68%]
tests/test_rrset.py::RRsetTestCase::testCodec2003 PASSED                 [ 68%]
tests/test_rrset.py::RRsetTestCase::testCodec2008 PASSED                 [ 68%]
tests/test_rrset.py::RRsetTestCase::testCopy PASSED                      [ 68%]
tests/test_rrset.py::RRsetTestCase::testEmptyList PASSED                 [ 68%]
tests/test_rrset.py::RRsetTestCase::testEqual1 PASSED                    [ 68%]
tests/test_rrset.py::RRsetTestCase::testEqual2 PASSED                    [ 68%]
tests/test_rrset.py::RRsetTestCase::testFromRdata PASSED                 [ 68%]
tests/test_rrset.py::RRsetTestCase::testFullMatch1 PASSED                [ 68%]
tests/test_rrset.py::RRsetTestCase::testFullMatch2 PASSED                [ 68%]
tests/test_rrset.py::RRsetTestCase::testMatchCompatibilityWithFullMatch PASSED [ 68%]
tests/test_rrset.py::RRsetTestCase::testMatchCompatibilityWithRdatasetMatch PASSED [ 69%]
tests/test_rrset.py::RRsetTestCase::testNoFullMatch1 PASSED              [ 69%]
tests/test_rrset.py::RRsetTestCase::testNoFullMatch2 PASSED              [ 69%]
tests/test_rrset.py::RRsetTestCase::testNoFullMatch3 PASSED              [ 69%]
tests/test_rrset.py::RRsetTestCase::testNotEqual1 PASSED                 [ 69%]
tests/test_rrset.py::RRsetTestCase::testNotEqual2 PASSED                 [ 69%]
tests/test_rrset.py::RRsetTestCase::testNotEqual3 PASSED                 [ 69%]
tests/test_rrset.py::RRsetTestCase::testNotEqual4 PASSED                 [ 69%]
tests/test_rrset.py::RRsetTestCase::testNotEqualOtherType PASSED         [ 69%]
tests/test_rrset.py::RRsetTestCase::testRepr PASSED                      [ 69%]
tests/test_rrset.py::RRsetTestCase::testTTLMinimization PASSED           [ 69%]
tests/test_rrset.py::RRsetTestCase::testToRdataset PASSED                [ 69%]
tests/test_rrset_reader.py::test_name_ttl_rdclass_forced PASSED          [ 70%]
tests/test_rrset_reader.py::test_name_ttl_rdclass_forced_rdata_split PASSED [ 70%]
tests/test_rrset_reader.py::test_name_ttl_rdclass_rdtype_forced PASSED   [ 70%]
tests/test_rrset_reader.py::test_name_rdclass_forced PASSED              [ 70%]
tests/test_rrset_reader.py::test_rdclass_forced PASSED                   [ 70%]
tests/test_rrset_reader.py::test_rdclass_forced_with_origin PASSED       [ 70%]
tests/test_rrset_reader.py::test_rdclass_forced_with_origin_relativized PASSED [ 70%]
tests/test_rrset_reader.py::test_rdclass_matching_default_tolerated PASSED [ 70%]
tests/test_rrset_reader.py::test_rdclass_not_matching_default_rejected PASSED [ 70%]
tests/test_rrset_reader.py::test_default_rdclass_is_none PASSED          [ 70%]
tests/test_rrset_reader.py::test_name_rdclass_rdtype_force PASSED        [ 70%]
tests/test_rrset_reader.py::test_rdclass_rdtype_force PASSED             [ 70%]
tests/test_serial.py::SerialTestCase::test_addition_bounds PASSED        [ 71%]
tests/test_serial.py::SerialTestCase::test_casting PASSED                [ 71%]
tests/test_serial.py::SerialTestCase::test_incremental_ops PASSED        [ 71%]
tests/test_serial.py::SerialTestCase::test_modulo PASSED                 [ 71%]
tests/test_serial.py::SerialTestCase::test_not_equal PASSED              [ 71%]
tests/test_serial.py::SerialTestCase::test_repr PASSED                   [ 71%]
tests/test_serial.py::SerialTestCase::test_rfc_1982_2_bit_cases PASSED   [ 71%]
tests/test_serial.py::SerialTestCase::test_rfc_1982_8_bit_cases PASSED   [ 71%]
tests/test_serial.py::SerialTestCase::test_sub PASSED                    [ 71%]
tests/test_serial.py::SerialTestCase::test_uncastable PASSED             [ 71%]
tests/test_serial.py::SerialTestCase::test_uncomparable PASSED           [ 71%]
tests/test_set.py::SetTestCase::testBadSubsetSuperset PASSED             [ 71%]
tests/test_set.py::SetTestCase::testBadUpdates PASSED                    [ 72%]
tests/test_set.py::SetTestCase::testCopy PASSED                          [ 72%]
tests/test_set.py::SetTestCase::testDelitem PASSED                       [ 72%]
tests/test_set.py::SetTestCase::testDelslice PASSED                      [ 72%]
tests/test_set.py::SetTestCase::testDifference1 PASSED                   [ 72%]
tests/test_set.py::SetTestCase::testDifference2 PASSED                   [ 72%]
tests/test_set.py::SetTestCase::testDifference3 PASSED                   [ 72%]
tests/test_set.py::SetTestCase::testDifference4 PASSED                   [ 72%]
tests/test_set.py::SetTestCase::testDiscardNonexistent PASSED            [ 72%]
tests/test_set.py::SetTestCase::testGetitem PASSED                       [ 72%]
tests/test_set.py::SetTestCase::testGetslice PASSED                      [ 72%]
tests/test_set.py::SetTestCase::testIncrementalOperators PASSED          [ 72%]
tests/test_set.py::SetTestCase::testIntersection1 PASSED                 [ 73%]
tests/test_set.py::SetTestCase::testIntersection2 PASSED                 [ 73%]
tests/test_set.py::SetTestCase::testIntersection3 PASSED                 [ 73%]
tests/test_set.py::SetTestCase::testIntersection4 PASSED                 [ 73%]
tests/test_set.py::SetTestCase::testLen1 PASSED                          [ 73%]
tests/test_set.py::SetTestCase::testLen2 PASSED                          [ 73%]
tests/test_set.py::SetTestCase::testLen3 PASSED                          [ 73%]
tests/test_set.py::SetTestCase::testRemoveNonexistent PASSED             [ 73%]
tests/test_set.py::SetTestCase::testSelfUpdates PASSED                   [ 73%]
tests/test_set.py::SetTestCase::testSubset1 PASSED                       [ 73%]
tests/test_set.py::SetTestCase::testSubset2 PASSED                       [ 73%]
tests/test_set.py::SetTestCase::testSubset3 PASSED                       [ 73%]
tests/test_set.py::SetTestCase::testSubset4 PASSED                       [ 74%]
tests/test_set.py::SetTestCase::testSubset5 PASSED                       [ 74%]
tests/test_set.py::SetTestCase::testSubset6 PASSED                       [ 74%]
tests/test_set.py::SetTestCase::testSuperset1 PASSED                     [ 74%]
tests/test_set.py::SetTestCase::testSuperset2 PASSED                     [ 74%]
tests/test_set.py::SetTestCase::testSuperset3 PASSED                     [ 74%]
tests/test_set.py::SetTestCase::testSuperset4 PASSED                     [ 74%]
tests/test_set.py::SetTestCase::testSuperset5 PASSED                     [ 74%]
tests/test_set.py::SetTestCase::testSuperset6 PASSED                     [ 74%]
tests/test_set.py::SetTestCase::testUnion1 PASSED                        [ 74%]
tests/test_set.py::SetTestCase::testUnion2 PASSED                        [ 74%]
tests/test_set.py::SetTestCase::testUnion3 PASSED                        [ 74%]
tests/test_set.py::SetTestCase::testUnionPlusSyntax PASSED               [ 75%]
tests/test_set.py::SetTestCase::testUpdate1 PASSED                       [ 75%]
tests/test_set.py::SetTestCase::testUpdate2 PASSED                       [ 75%]
tests/test_svcb.py::SVCBTestCase::test_alias_mode PASSED                 [ 75%]
tests/test_svcb.py::SVCBTestCase::test_alias_not_compressed PASSED       [ 75%]
tests/test_svcb.py::SVCBTestCase::test_immutability PASSED               [ 75%]
tests/test_svcb.py::SVCBTestCase::test_misc_escape PASSED                [ 75%]
tests/test_svcb.py::SVCBTestCase::test_svcb_alpn PASSED                  [ 75%]
tests/test_svcb.py::SVCBTestCase::test_svcb_ech PASSED                   [ 75%]
tests/test_svcb.py::SVCBTestCase::test_svcb_general_invalid PASSED       [ 75%]
tests/test_svcb.py::SVCBTestCase::test_svcb_ipv4hint PASSED              [ 75%]
tests/test_svcb.py::SVCBTestCase::test_svcb_ipv6hint PASSED              [ 75%]
tests/test_svcb.py::SVCBTestCase::test_svcb_mandatory PASSED             [ 76%]
tests/test_svcb.py::SVCBTestCase::test_svcb_no_default_alpn PASSED       [ 76%]
tests/test_svcb.py::SVCBTestCase::test_svcb_port PASSED                  [ 76%]
tests/test_svcb.py::SVCBTestCase::test_svcb_spec_failure_cases PASSED    [ 76%]
tests/test_svcb.py::SVCBTestCase::test_svcb_spec_test_vectors PASSED     [ 76%]
tests/test_svcb.py::SVCBTestCase::test_svcb_unknown PASSED               [ 76%]
tests/test_svcb.py::SVCBTestCase::test_svcb_wire PASSED                  [ 76%]
tests/test_tokenizer.py::TokenizerTestCase::testBadAsName PASSED         [ 76%]
tests/test_tokenizer.py::TokenizerTestCase::testBadConcatenateRemaining PASSED [ 76%]
tests/test_tokenizer.py::TokenizerTestCase::testBadGetEOL PASSED         [ 76%]
tests/test_tokenizer.py::TokenizerTestCase::testBadGetTTL PASSED         [ 76%]
tests/test_tokenizer.py::TokenizerTestCase::testBytesLiteral PASSED      [ 76%]
tests/test_tokenizer.py::TokenizerTestCase::testComment1 PASSED          [ 77%]
tests/test_tokenizer.py::TokenizerTestCase::testComment2 PASSED          [ 77%]
tests/test_tokenizer.py::TokenizerTestCase::testComment3 PASSED          [ 77%]
tests/test_tokenizer.py::TokenizerTestCase::testDanglingEscapes PASSED   [ 77%]
tests/test_tokenizer.py::TokenizerTestCase::testEOFAfterComment PASSED   [ 77%]
tests/test_tokenizer.py::TokenizerTestCase::testEOL PASSED               [ 77%]
tests/test_tokenizer.py::TokenizerTestCase::testEOLAfterComment PASSED   [ 77%]
tests/test_tokenizer.py::TokenizerTestCase::testEmpty1 PASSED            [ 77%]
tests/test_tokenizer.py::TokenizerTestCase::testEmpty2 PASSED            [ 77%]
tests/test_tokenizer.py::TokenizerTestCase::testEscapeBounds PASSED      [ 77%]
tests/test_tokenizer.py::TokenizerTestCase::testEscapeUnexpectedEnd PASSED [ 77%]
tests/test_tokenizer.py::TokenizerTestCase::testEscapedDelimiter1 PASSED [ 77%]
tests/test_tokenizer.py::TokenizerTestCase::testEscapedDelimiter1u PASSED [ 78%]
tests/test_tokenizer.py::TokenizerTestCase::testEscapedDelimiter2 PASSED [ 78%]
tests/test_tokenizer.py::TokenizerTestCase::testEscapedDelimiter2u PASSED [ 78%]
tests/test_tokenizer.py::TokenizerTestCase::testEscapedDelimiter3 PASSED [ 78%]
tests/test_tokenizer.py::TokenizerTestCase::testEscapedDelimiter3u PASSED [ 78%]
tests/test_tokenizer.py::TokenizerTestCase::testGetEOL1 PASSED           [ 78%]
tests/test_tokenizer.py::TokenizerTestCase::testGetEOL2 PASSED           [ 78%]
tests/test_tokenizer.py::TokenizerTestCase::testGetString PASSED         [ 78%]
tests/test_tokenizer.py::TokenizerTestCase::testGetUInt PASSED           [ 78%]
tests/test_tokenizer.py::TokenizerTestCase::testGetUngetRegetComment PASSED [ 78%]
tests/test_tokenizer.py::TokenizerTestCase::testMultiLineWithComment PASSED [ 78%]
tests/test_tokenizer.py::TokenizerTestCase::testMultiLineWithEOFAfterComment PASSED [ 78%]
tests/test_tokenizer.py::TokenizerTestCase::testMultiline1 PASSED        [ 79%]
tests/test_tokenizer.py::TokenizerTestCase::testMultiline2 PASSED        [ 79%]
tests/test_tokenizer.py::TokenizerTestCase::testMultiline3 PASSED        [ 79%]
tests/test_tokenizer.py::TokenizerTestCase::testMultiline4 PASSED        [ 79%]
tests/test_tokenizer.py::TokenizerTestCase::testQuotedString1 PASSED     [ 79%]
tests/test_tokenizer.py::TokenizerTestCase::testQuotedString2 PASSED     [ 79%]
tests/test_tokenizer.py::TokenizerTestCase::testQuotedString3 PASSED     [ 79%]
tests/test_tokenizer.py::TokenizerTestCase::testQuotedString4 PASSED     [ 79%]
tests/test_tokenizer.py::TokenizerTestCase::testQuotedString5 PASSED     [ 79%]
tests/test_tokenizer.py::TokenizerTestCase::testQuotedString6 PASSED     [ 79%]
tests/test_tokenizer.py::TokenizerTestCase::testQuotedString7 PASSED     [ 79%]
tests/test_tokenizer.py::TokenizerTestCase::testStdinFilename PASSED     [ 79%]
tests/test_tokenizer.py::TokenizerTestCase::testStr PASSED               [ 80%]
tests/test_tokenizer.py::TokenizerTestCase::testTokenMisc PASSED         [ 80%]
tests/test_tokenizer.py::TokenizerTestCase::testUnget1 PASSED            [ 80%]
tests/test_tokenizer.py::TokenizerTestCase::testUnget2 PASSED            [ 80%]
tests/test_tokenizer.py::TokenizerTestCase::testUngetBranches PASSED     [ 80%]
tests/test_tokenizer.py::TokenizerTestCase::testWS1 PASSED               [ 80%]
tests/test_tokenizer.py::TokenizerTestCase::testWS2 PASSED               [ 80%]
tests/test_transaction.py::test_basic PASSED                             [ 80%]
tests/test_transaction.py::test_get PASSED                               [ 80%]
tests/test_transaction.py::test_add PASSED                               [ 80%]
tests/test_transaction.py::test_replacement PASSED                       [ 80%]
tests/test_transaction.py::test_delete PASSED                            [ 80%]
tests/test_transaction.py::test_delete_exact PASSED                      [ 81%]
tests/test_transaction.py::test_parameter_forms PASSED                   [ 81%]
tests/test_transaction.py::test_bad_parameters PASSED                    [ 81%]
tests/test_transaction.py::test_cannot_store_non_origin_soa PASSED       [ 81%]
tests/test_transaction.py::test_zone_basic[Zone0] PASSED                 [ 81%]
tests/test_transaction.py::test_zone_basic[Zone1] PASSED                 [ 81%]
tests/test_transaction.py::test_explicit_rollback_and_commit[Zone0] PASSED [ 81%]
tests/test_transaction.py::test_explicit_rollback_and_commit[Zone1] PASSED [ 81%]
tests/test_transaction.py::test_zone_changed[Zone0] PASSED               [ 81%]
tests/test_transaction.py::test_zone_changed[Zone1] PASSED               [ 81%]
tests/test_transaction.py::test_zone_base_layer[Zone0] PASSED            [ 81%]
tests/test_transaction.py::test_zone_base_layer[Zone1] PASSED            [ 81%]
tests/test_transaction.py::test_zone_transaction_layer[Zone0] PASSED     [ 82%]
tests/test_transaction.py::test_zone_transaction_layer[Zone1] PASSED     [ 82%]
tests/test_transaction.py::test_zone_add_and_delete[Zone0] PASSED        [ 82%]
tests/test_transaction.py::test_zone_add_and_delete[Zone1] PASSED        [ 82%]
tests/test_transaction.py::test_write_after_rollback[Zone0] PASSED       [ 82%]
tests/test_transaction.py::test_write_after_rollback[Zone1] PASSED       [ 82%]
tests/test_transaction.py::test_zone_get_deleted[Zone0] PASSED           [ 82%]
tests/test_transaction.py::test_zone_get_deleted[Zone1] PASSED           [ 82%]
tests/test_transaction.py::test_zone_bad_class[Zone0] PASSED             [ 82%]
tests/test_transaction.py::test_zone_bad_class[Zone1] PASSED             [ 82%]
tests/test_transaction.py::test_update_serial[Zone0] PASSED              [ 82%]
tests/test_transaction.py::test_update_serial[Zone1] PASSED              [ 82%]
tests/test_transaction.py::test_zone_rollback[Zone0] PASSED              [ 83%]
tests/test_transaction.py::test_zone_rollback[Zone1] PASSED              [ 83%]
tests/test_transaction.py::test_zone_ooz_name[Zone0] PASSED              [ 83%]
tests/test_transaction.py::test_zone_ooz_name[Zone1] PASSED              [ 83%]
tests/test_transaction.py::test_zone_iteration[Zone0] PASSED             [ 83%]
tests/test_transaction.py::test_zone_iteration[Zone1] PASSED             [ 83%]
tests/test_transaction.py::test_iteration_in_replacement_txn[Zone0] PASSED [ 83%]
tests/test_transaction.py::test_iteration_in_replacement_txn[Zone1] PASSED [ 83%]
tests/test_transaction.py::test_replacement_commit[Zone0] PASSED         [ 83%]
tests/test_transaction.py::test_replacement_commit[Zone1] PASSED         [ 83%]
tests/test_transaction.py::test_replacement_get[Zone0] PASSED            [ 83%]
tests/test_transaction.py::test_replacement_get[Zone1] PASSED            [ 83%]
tests/test_transaction.py::test_vzone_read_only PASSED                   [ 83%]
tests/test_transaction.py::test_vzone_multiple_versions PASSED           [ 84%]
tests/test_transaction.py::test_vzone_open_txn_pins_versions PASSED      [ 84%]
tests/test_transaction.py::test_vzone_concurrency PASSED                 [ 84%]
tests/test_tsig.py::TSIGTestCase::test_get_context PASSED                [ 84%]
tests/test_tsig.py::TSIGTestCase::test_gss_key_repr PASSED               [ 84%]
tests/test_tsig.py::TSIGTestCase::test_gssapi_context PASSED             [ 84%]
tests/test_tsig.py::TSIGTestCase::test_hmac_sha256_128 PASSED            [ 84%]
tests/test_tsig.py::TSIGTestCase::test_hmac_sha384_192 PASSED            [ 84%]
tests/test_tsig.py::TSIGTestCase::test_hmac_sha512_256 PASSED            [ 84%]
tests/test_tsig.py::TSIGTestCase::test_non_gss_key_repr PASSED           [ 84%]
tests/test_tsig.py::TSIGTestCase::test_peer_errors PASSED                [ 84%]
tests/test_tsig.py::TSIGTestCase::test_sign_and_validate PASSED          [ 84%]
tests/test_tsig.py::TSIGTestCase::test_sign_and_validate_with_other_data PASSED [ 85%]
tests/test_tsig.py::TSIGTestCase::test_sign_respond_and_validate PASSED  [ 85%]
tests/test_tsig.py::TSIGTestCase::test_text_hmac_sha256_128 PASSED       [ 85%]
tests/test_tsig.py::TSIGTestCase::test_text_hmac_sha384_192 PASSED       [ 85%]
tests/test_tsig.py::TSIGTestCase::test_text_hmac_sha512_256 PASSED       [ 85%]
tests/test_tsig.py::TSIGTestCase::test_tsig_message_properties PASSED    [ 85%]
tests/test_tsig.py::TSIGTestCase::test_validate PASSED                   [ 85%]
tests/test_tsig.py::TSIGTestCase::test_validate_with_bad_keyring PASSED  [ 85%]
tests/test_tsig.py::TSIGTestCase::test_verify_mac_for_context PASSED     [ 85%]
tests/test_tsigkeyring.py::TSIGKeyRingTestCase::test_from_alt_text PASSED [ 85%]
tests/test_tsigkeyring.py::TSIGKeyRingTestCase::test_from_and_to_text PASSED [ 85%]
tests/test_tsigkeyring.py::TSIGKeyRingTestCase::test_from_old_text PASSED [ 85%]
tests/test_tsigkeyring.py::TSIGKeyRingTestCase::test_from_text PASSED    [ 86%]
tests/test_tsigkeyring.py::TSIGKeyRingTestCase::test_old_from_and_to_text PASSED [ 86%]
tests/test_tsigkeyring.py::TSIGKeyRingTestCase::test_old_to_text PASSED  [ 86%]
tests/test_tsigkeyring.py::TSIGKeyRingTestCase::test_to_text PASSED      [ 86%]
tests/test_ttl.py::TTLTestCase::test_bind_style_bad_unit PASSED          [ 86%]
tests/test_ttl.py::TTLTestCase::test_bind_style_leading_unit PASSED      [ 86%]
tests/test_ttl.py::TTLTestCase::test_bind_style_no_unit PASSED           [ 86%]
tests/test_ttl.py::TTLTestCase::test_bind_style_ok PASSED                [ 86%]
tests/test_ttl.py::TTLTestCase::test_bind_style_ok2 PASSED               [ 86%]
tests/test_ttl.py::TTLTestCase::test_bind_style_unit_without_digits PASSED [ 86%]
tests/test_ttl.py::TTLTestCase::test_empty PASSED                        [ 86%]
tests/test_update.py::UpdateTestCase::test_TSIG PASSED                   [ 86%]
tests/test_update.py::UpdateTestCase::test_added_rdata PASSED            [ 87%]
tests/test_update.py::UpdateTestCase::test_added_rdataset PASSED         [ 87%]
tests/test_update.py::UpdateTestCase::test_any_any_with_rdata_from_wire PASSED [ 87%]
tests/test_update.py::UpdateTestCase::test_any_with_rdata_from_wire PASSED [ 87%]
tests/test_update.py::UpdateTestCase::test_bad_zone_class_from_wire PASSED [ 87%]
tests/test_update.py::UpdateTestCase::test_bad_zone_multi_from_wire PASSED [ 87%]
tests/test_update.py::UpdateTestCase::test_bad_zone_type_from_wire PASSED [ 87%]
tests/test_update.py::UpdateTestCase::test_delete_rdataset PASSED        [ 87%]
tests/test_update.py::UpdateTestCase::test_deleted_rdata PASSED          [ 87%]
tests/test_update.py::UpdateTestCase::test_from_text1 PASSED             [ 87%]
tests/test_update.py::UpdateTestCase::test_from_wire PASSED              [ 87%]
tests/test_update.py::UpdateTestCase::test_good_explicit_delete_wire PASSED [ 87%]
tests/test_update.py::UpdateTestCase::test_is_response PASSED            [ 88%]
tests/test_update.py::UpdateTestCase::test_making_UpdateSection PASSED   [ 88%]
tests/test_update.py::UpdateTestCase::test_no_zone_section_from_wire PASSED [ 88%]
tests/test_update.py::UpdateTestCase::test_none_with_rdata_from_wire PASSED [ 88%]
tests/test_update.py::UpdateTestCase::test_replaced_rdata PASSED         [ 88%]
tests/test_update.py::UpdateTestCase::test_replaced_rdataset PASSED      [ 88%]
tests/test_update.py::UpdateTestCase::test_setters PASSED                [ 88%]
tests/test_update.py::UpdateTestCase::test_to_wire1 PASSED               [ 88%]
tests/test_update.py::UpdateTestCase::test_to_wire2 PASSED               [ 88%]
tests/test_update.py::UpdateTestCase::test_to_wire3 PASSED               [ 88%]
tests/test_wire.py::BinaryTestCase::test_basic PASSED                    [ 88%]
tests/test_wire.py::BinaryTestCase::test_compressed_name PASSED          [ 88%]
tests/test_wire.py::BinaryTestCase::test_name PASSED                     [ 89%]
tests/test_wire.py::BinaryTestCase::test_not_reading_everything_in_restriction PASSED [ 89%]
tests/test_wire.py::BinaryTestCase::test_relativized_name PASSED         [ 89%]
tests/test_wire.py::BinaryTestCase::test_restriction_does_not_mask_exception PASSED [ 89%]
tests/test_wire.py::BinaryTestCase::test_seek PASSED                     [ 89%]
tests/test_xfr.py::test_basic_axfr PASSED                                [ 89%]
tests/test_xfr.py::test_basic_axfr_unversioned PASSED                    [ 89%]
tests/test_xfr.py::test_basic_axfr_two_parts PASSED                      [ 89%]
tests/test_xfr.py::test_axfr_unexpected_origin PASSED                    [ 89%]
tests/test_xfr.py::test_basic_ixfr PASSED                                [ 89%]
tests/test_xfr.py::test_basic_ixfr_unversioned PASSED                    [ 89%]
tests/test_xfr.py::test_compressed_ixfr PASSED                           [ 89%]
tests/test_xfr.py::test_basic_ixfr_many_parts PASSED                     [ 90%]
tests/test_xfr.py::test_good_empty_ixfr PASSED                           [ 90%]
tests/test_xfr.py::test_retry_tcp_ixfr PASSED                            [ 90%]
tests/test_xfr.py::test_bad_empty_ixfr PASSED                            [ 90%]
tests/test_xfr.py::test_serial_went_backwards_ixfr PASSED                [ 90%]
tests/test_xfr.py::test_ixfr_is_axfr PASSED                              [ 90%]
tests/test_xfr.py::test_ixfr_requires_serial PASSED                      [ 90%]
tests/test_xfr.py::test_ixfr_unexpected_end_bad_diff_sequence PASSED     [ 90%]
tests/test_xfr.py::test_udp_ixfr_unexpected_end_just_stops PASSED        [ 90%]
tests/test_xfr.py::test_ixfr_bad_serial PASSED                           [ 90%]
tests/test_xfr.py::test_no_udp_with_axfr PASSED                          [ 90%]
tests/test_xfr.py::test_refused PASSED                                   [ 90%]
tests/test_xfr.py::test_bad_qname PASSED                                 [ 91%]
tests/test_xfr.py::test_bad_qtype PASSED                                 [ 91%]
tests/test_xfr.py::test_soa_not_first PASSED                             [ 91%]
tests/test_xfr.py::test_no_answer PASSED                                 [ 91%]
tests/test_xfr.py::test_axfr_answers_after_final_soa PASSED              [ 91%]
tests/test_xfr.py::test_make_query_basic PASSED                          [ 91%]
tests/test_xfr.py::test_make_query_bad_serial PASSED                     [ 91%]
tests/test_xfr.py::test_extract_serial_from_query PASSED                 [ 91%]
tests/test_xfr.py::test_sync_inbound_xfr SKIPPED (requires nanonames...) [ 91%]
tests/test_xfr.py::test_asyncio_inbound_xfr SKIPPED (requires nanona...) [ 91%]
tests/test_xfr.py::test_sync_retry_tcp_inbound_xfr SKIPPED (requires...) [ 91%]
tests/test_xfr.py::test_asyncio_retry_tcp_inbound_xfr SKIPPED (requi...) [ 91%]
tests/test_zone.py::ZoneTestCase::testBadClass PASSED                    [ 92%]
tests/test_zone.py::ZoneTestCase::testBadDirective PASSED                [ 92%]
tests/test_zone.py::ZoneTestCase::testBadReplacement PASSED              [ 92%]
tests/test_zone.py::ZoneTestCase::testCnameAndOtherDataAddCname PASSED   [ 92%]
tests/test_zone.py::ZoneTestCase::testCnameAndOtherDataAddOther PASSED   [ 92%]
tests/test_zone.py::ZoneTestCase::testCnameAndOtherDataInZonefile PASSED [ 92%]
tests/test_zone.py::ZoneTestCase::testCodec2003 PASSED                   [ 92%]
tests/test_zone.py::ZoneTestCase::testCodec2008 PASSED                   [ 92%]
tests/test_zone.py::ZoneTestCase::testComments PASSED                    [ 92%]
tests/test_zone.py::ZoneTestCase::testDangling PASSED                    [ 92%]
tests/test_zone.py::ZoneTestCase::testDeleteRdataset1 PASSED             [ 92%]
tests/test_zone.py::ZoneTestCase::testDeleteRdataset2 PASSED             [ 92%]
tests/test_zone.py::ZoneTestCase::testDollarOriginSetsZoneOriginIfUnknown PASSED [ 93%]
tests/test_zone.py::ZoneTestCase::testEqual PASSED                       [ 93%]
tests/test_zone.py::ZoneTestCase::testFindRRset1 PASSED                  [ 93%]
tests/test_zone.py::ZoneTestCase::testFindRRset2 PASSED                  [ 93%]
tests/test_zone.py::ZoneTestCase::testFindRdataset1 PASSED               [ 93%]
tests/test_zone.py::ZoneTestCase::testFindRdataset2 PASSED               [ 93%]
tests/test_zone.py::ZoneTestCase::testFirstRRStartsWithWhitespace PASSED [ 93%]
tests/test_zone.py::ZoneTestCase::testFromFile1 PASSED                   [ 93%]
tests/test_zone.py::ZoneTestCase::testFromFile2 PASSED                   [ 93%]
tests/test_zone.py::ZoneTestCase::testFromText PASSED                    [ 93%]
tests/test_zone.py::ZoneTestCase::testGetRRset1 PASSED                   [ 93%]
tests/test_zone.py::ZoneTestCase::testGetRRset2 PASSED                   [ 93%]
tests/test_zone.py::ZoneTestCase::testGetRdataset1 PASSED                [ 94%]
tests/test_zone.py::ZoneTestCase::testGetRdataset2 PASSED                [ 94%]
tests/test_zone.py::ZoneTestCase::testGetRdatasetWithRelativeNameFromAbsoluteZone PASSED [ 94%]
tests/test_zone.py::ZoneTestCase::testInclude PASSED                     [ 94%]
tests/test_zone.py::ZoneTestCase::testIterateAllRdatas PASSED            [ 94%]
tests/test_zone.py::ZoneTestCase::testIterateAllRdatasets PASSED         [ 94%]
tests/test_zone.py::ZoneTestCase::testIterateNodes PASSED                [ 94%]
tests/test_zone.py::ZoneTestCase::testIterateRdatas PASSED               [ 94%]
tests/test_zone.py::ZoneTestCase::testIterateRdatasets PASSED            [ 94%]
tests/test_zone.py::ZoneTestCase::testNameInZoneWhereNameIsNotValid PASSED [ 94%]
tests/test_zone.py::ZoneTestCase::testNameInZoneWithStr PASSED           [ 94%]
tests/test_zone.py::ZoneTestCase::testNoNS PASSED                        [ 94%]
tests/test_zone.py::ZoneTestCase::testNoSOA PASSED                       [ 95%]
tests/test_zone.py::ZoneTestCase::testNoTTL PASSED                       [ 95%]
tests/test_zone.py::ZoneTestCase::testNodeDeleteRdataset1 PASSED         [ 95%]
tests/test_zone.py::ZoneTestCase::testNodeDeleteRdataset2 PASSED         [ 95%]
tests/test_zone.py::ZoneTestCase::testNodeFindRdataset1 PASSED           [ 95%]
tests/test_zone.py::ZoneTestCase::testNodeFindRdataset2 PASSED           [ 95%]
tests/test_zone.py::ZoneTestCase::testNodeFindRdataset3 PASSED           [ 95%]
tests/test_zone.py::ZoneTestCase::testNodeGetRdataset1 PASSED            [ 95%]
tests/test_zone.py::ZoneTestCase::testNodeGetRdataset2 PASSED            [ 95%]
tests/test_zone.py::ZoneTestCase::testNodeGetSetDel PASSED               [ 95%]
tests/test_zone.py::ZoneTestCase::testNodeReplaceRdatasetConvertsRRsets PASSED [ 95%]
tests/test_zone.py::ZoneTestCase::testNotEqual1 PASSED                   [ 95%]
tests/test_zone.py::ZoneTestCase::testNotEqual2 PASSED                   [ 96%]
tests/test_zone.py::ZoneTestCase::testNotEqual3 PASSED                   [ 96%]
tests/test_zone.py::ZoneTestCase::testReplaceRdataset1 PASSED            [ 96%]
tests/test_zone.py::ZoneTestCase::testReplaceRdataset2 PASSED            [ 96%]
tests/test_zone.py::ZoneTestCase::testTTLFromLast PASSED                 [ 96%]
tests/test_zone.py::ZoneTestCase::testTTLFromSOA PASSED                  [ 96%]
tests/test_zone.py::ZoneTestCase::testTTLs PASSED                        [ 96%]
tests/test_zone.py::ZoneTestCase::testToFileBinary PASSED                [ 96%]
tests/test_zone.py::ZoneTestCase::testToFileBinaryStream PASSED          [ 96%]
tests/test_zone.py::ZoneTestCase::testToFileBinaryWithOrigin PASSED      [ 96%]
tests/test_zone.py::ZoneTestCase::testToFileFilename PASSED              [ 96%]
tests/test_zone.py::ZoneTestCase::testToFileTextual PASSED               [ 96%]
tests/test_zone.py::ZoneTestCase::testToFileTextualStream PASSED         [ 97%]
tests/test_zone.py::ZoneTestCase::testToFileTextualWithOrigin PASSED     [ 97%]
tests/test_zone.py::ZoneTestCase::testToText PASSED                      [ 97%]
tests/test_zone.py::ZoneTestCase::testTorture1 PASSED                    [ 97%]
tests/test_zone.py::ZoneTestCase::testUncomparable PASSED                [ 97%]
tests/test_zone.py::ZoneTestCase::testUnknownOrigin PASSED               [ 97%]
tests/test_zone.py::ZoneTestCase::testUnknownRdatatype PASSED            [ 97%]
tests/test_zone.py::ZoneTestCase::testUnsorted PASSED                    [ 97%]
tests/test_zone.py::ZoneTestCase::testUseLastTTL PASSED                  [ 97%]
tests/test_zone.py::ZoneTestCase::testValidateNameRelativizesNameInZone PASSED [ 97%]
tests/test_zone.py::ZoneTestCase::testZoneFromXFR PASSED                 [ 97%]
tests/test_zone.py::ZoneTestCase::testZoneMiscCases PASSED               [ 97%]
tests/test_zone.py::ZoneTestCase::testZoneOrigin PASSED                  [ 98%]
tests/test_zone.py::ZoneTestCase::testZoneOriginNone PASSED              [ 98%]
tests/test_zone.py::VersionedZoneTestCase::testCannotSpecifyBothSerialAndVersionIdToReader PASSED [ 98%]
tests/test_zone.py::VersionedZoneTestCase::testCnameAndOtherDataAddCname PASSED [ 98%]
tests/test_zone.py::VersionedZoneTestCase::testCnameAndOtherDataAddOther PASSED [ 98%]
tests/test_zone.py::VersionedZoneTestCase::testImmutableNodes PASSED     [ 98%]
tests/test_zone.py::VersionedZoneTestCase::testNoRelativizeReader PASSED [ 98%]
tests/test_zone.py::VersionedZoneTestCase::testNoRelativizeReaderAbsoluteGet PASSED [ 98%]
tests/test_zone.py::VersionedZoneTestCase::testNoRelativizeReaderOriginInText PASSED [ 98%]
tests/test_zone.py::VersionedZoneTestCase::testSelectDefaultPruningPolicy PASSED [ 98%]
tests/test_zone.py::VersionedZoneTestCase::testSetAlternatePruningPolicyInConstructor PASSED [ 98%]
tests/test_zone.py::VersionedZoneTestCase::testUnknownSerial PASSED      [ 98%]
tests/test_zone.py::VersionedZoneTestCase::testUnknownVersion PASSED     [ 99%]
tests/test_zone.py::VersionedZoneTestCase::testUseTransaction PASSED     [ 99%]
tests/test_zonedigest.py::ZoneDigestTestCase::test_relative_zone_sorting PASSED [ 99%]
tests/test_zonedigest.py::ZoneDigestTestCase::test_zonemd_complex PASSED [ 99%]
tests/test_zonedigest.py::ZoneDigestTestCase::test_zonemd_invalid_digest_length PASSED [ 99%]
tests/test_zonedigest.py::ZoneDigestTestCase::test_zonemd_multiple_digests PASSED [ 99%]
tests/test_zonedigest.py::ZoneDigestTestCase::test_zonemd_no_digest PASSED [ 99%]
tests/test_zonedigest.py::ZoneDigestTestCase::test_zonemd_parse_rdata PASSED [ 99%]
tests/test_zonedigest.py::ZoneDigestTestCase::test_zonemd_parse_rdata_reserved PASSED [ 99%]
tests/test_zonedigest.py::ZoneDigestTestCase::test_zonemd_simple PASSED  [ 99%]
tests/test_zonedigest.py::ZoneDigestTestCase::test_zonemd_simple_absolute PASSED [ 99%]
tests/test_zonedigest.py::ZoneDigestTestCase::test_zonemd_unknown_hash_algorithm PASSED [ 99%]
tests/test_zonedigest.py::ZoneDigestTestCase::test_zonemd_unknown_scheme PASSED [100%]

=================================== FAILURES ===================================
_____________________ AsyncTests.testCanonicalNameDangling _____________________
Traceback (most recent call last):
  File "/usr/local/lib/python3.10/unittest/case.py", line 59, in testPartExecutor
    yield
  File "/usr/local/lib/python3.10/unittest/case.py", line 591, in run
    self._callTestMethod(testMethod)
  File "/usr/local/lib/python3.10/unittest/case.py", line 549, in _callTestMethod
    method()
  File "/workdir/dnspython-2.2.1/tests/test_async.py", line 224, in testCanonicalNameDangling
    self.assertEqual(self.async_run(run), cname)
  File "/usr/local/lib/python3.10/unittest/case.py", line 845, in assertEqual
    assertion_func(first, second, msg=msg)
  File "/usr/local/lib/python3.10/unittest/case.py", line 838, in _baseAssertEqual
    raise self.failureException(msg)
AssertionError: <DNS name dangling-cname.dnspython.org.> != <DNS name dangling-target.dnspython.org.>
________________________ AsyncTests.testResolveAddress _________________________
Traceback (most recent call last):
  File "/usr/local/lib/python3.10/unittest/case.py", line 59, in testPartExecutor
    yield
  File "/usr/local/lib/python3.10/unittest/case.py", line 591, in run
    self._callTestMethod(testMethod)
  File "/usr/local/lib/python3.10/unittest/case.py", line 549, in _callTestMethod
    method()
  File "/workdir/dnspython-2.2.1/tests/test_async.py", line 201, in testResolveAddress
    answer = self.async_run(run)
  File "/workdir/dnspython-2.2.1/tests/test_async.py", line 188, in async_run
    return runner(afunc())
  File "/usr/local/lib/python3.10/asyncio/runners.py", line 44, in run
    return loop.run_until_complete(main)
  File "/usr/local/lib/python3.10/asyncio/base_events.py", line 649, in run_until_complete
    return future.result()
  File "/workdir/dnspython-2.2.1/tests/test_async.py", line 200, in run
    return await dns.asyncresolver.resolve_address('8.8.8.8')
  File "/workdir/dnspython-2.2.1/dns/asyncresolver.py", line 195, in resolve_address
    return await get_default_resolver().resolve_address(ipaddr, *args, **kwargs)
  File "/workdir/dnspython-2.2.1/dns/asyncresolver.py", line 120, in resolve_address
    return await self.resolve(dns.reversename.from_address(ipaddr),
  File "/workdir/dnspython-2.2.1/dns/asyncresolver.py", line 96, in resolve
    (answer, done) = resolution.query_result(response, None)
  File "/workdir/dnspython-2.2.1/dns/resolver.py", line 696, in query_result
    raise NoAnswer(response=answer.response)
dns.resolver.NoAnswer: The DNS response does not contain an answer to the question: 8.8.8.8.in-addr.arpa. IN PTR
_________________ LiveResolverTests.testCanonicalNameDangling __________________
Traceback (most recent call last):
  File "/usr/local/lib/python3.10/unittest/case.py", line 59, in testPartExecutor
    yield
  File "/usr/local/lib/python3.10/unittest/case.py", line 591, in run
    self._callTestMethod(testMethod)
  File "/usr/local/lib/python3.10/unittest/case.py", line 549, in _callTestMethod
    method()
  File "/workdir/dnspython-2.2.1/tests/test_resolver.py", line 701, in testCanonicalNameDangling
    self.assertEqual(dns.resolver.canonical_name(name), cname)
  File "/usr/local/lib/python3.10/unittest/case.py", line 845, in assertEqual
    assertion_func(first, second, msg=msg)
  File "/usr/local/lib/python3.10/unittest/case.py", line 838, in _baseAssertEqual
    raise self.failureException(msg)
AssertionError: <DNS name dangling-cname.dnspython.org.> != <DNS name dangling-target.dnspython.org.>
_____________________ LiveResolverTests.testResolveAddress _____________________
Traceback (most recent call last):
  File "/usr/local/lib/python3.10/unittest/case.py", line 59, in testPartExecutor
    yield
  File "/usr/local/lib/python3.10/unittest/case.py", line 591, in run
    self._callTestMethod(testMethod)
  File "/usr/local/lib/python3.10/unittest/case.py", line 549, in _callTestMethod
    method()
  File "/workdir/dnspython-2.2.1/tests/test_resolver.py", line 646, in testResolveAddress
    answer = dns.resolver.resolve_address('8.8.8.8')
  File "/workdir/dnspython-2.2.1/dns/resolver.py", line 1221, in resolve_address
    return get_default_resolver().resolve_address(ipaddr, *args, **kwargs)
  File "/workdir/dnspython-2.2.1/dns/resolver.py", line 1128, in resolve_address
    return self.resolve(dns.reversename.from_address(ipaddr),
  File "/workdir/dnspython-2.2.1/dns/resolver.py", line 1090, in resolve
    (answer, done) = resolution.query_result(response, None)
  File "/workdir/dnspython-2.2.1/dns/resolver.py", line 696, in query_result
    raise NoAnswer(response=answer.response)
dns.resolver.NoAnswer: The DNS response does not contain an answer to the question: 8.8.8.8.in-addr.arpa. IN PTR
_______________ SelectResolverTestCase.testCanonicalNameDangling _______________
Traceback (most recent call last):
  File "/usr/local/lib/python3.10/unittest/case.py", line 59, in testPartExecutor
    yield
  File "/usr/local/lib/python3.10/unittest/case.py", line 591, in run
    self._callTestMethod(testMethod)
  File "/usr/local/lib/python3.10/unittest/case.py", line 549, in _callTestMethod
    method()
  File "/workdir/dnspython-2.2.1/tests/test_resolver.py", line 701, in testCanonicalNameDangling
    self.assertEqual(dns.resolver.canonical_name(name), cname)
  File "/usr/local/lib/python3.10/unittest/case.py", line 845, in assertEqual
    assertion_func(first, second, msg=msg)
  File "/usr/local/lib/python3.10/unittest/case.py", line 838, in _baseAssertEqual
    raise self.failureException(msg)
AssertionError: <DNS name dangling-cname.dnspython.org.> != <DNS name dangling-target.dnspython.org.>
__________________ SelectResolverTestCase.testResolveAddress ___________________
Traceback (most recent call last):
  File "/usr/local/lib/python3.10/unittest/case.py", line 59, in testPartExecutor
    yield
  File "/usr/local/lib/python3.10/unittest/case.py", line 591, in run
    self._callTestMethod(testMethod)
  File "/usr/local/lib/python3.10/unittest/case.py", line 549, in _callTestMethod
    method()
  File "/workdir/dnspython-2.2.1/tests/test_resolver.py", line 646, in testResolveAddress
    answer = dns.resolver.resolve_address('8.8.8.8')
  File "/workdir/dnspython-2.2.1/dns/resolver.py", line 1221, in resolve_address
    return get_default_resolver().resolve_address(ipaddr, *args, **kwargs)
  File "/workdir/dnspython-2.2.1/dns/resolver.py", line 1128, in resolve_address
    return self.resolve(dns.reversename.from_address(ipaddr),
  File "/workdir/dnspython-2.2.1/dns/resolver.py", line 1090, in resolve
    (answer, done) = resolution.query_result(response, None)
  File "/workdir/dnspython-2.2.1/dns/resolver.py", line 696, in query_result
    raise NoAnswer(response=answer.response)
dns.resolver.NoAnswer: The DNS response does not contain an answer to the question: 8.8.8.8.in-addr.arpa. IN PTR
________________ PollResolverTestCase.testCanonicalNameDangling ________________
Traceback (most recent call last):
  File "/usr/local/lib/python3.10/unittest/case.py", line 59, in testPartExecutor
    yield
  File "/usr/local/lib/python3.10/unittest/case.py", line 591, in run
    self._callTestMethod(testMethod)
  File "/usr/local/lib/python3.10/unittest/case.py", line 549, in _callTestMethod
    method()
  File "/workdir/dnspython-2.2.1/tests/test_resolver.py", line 701, in testCanonicalNameDangling
    self.assertEqual(dns.resolver.canonical_name(name), cname)
  File "/usr/local/lib/python3.10/unittest/case.py", line 845, in assertEqual
    assertion_func(first, second, msg=msg)
  File "/usr/local/lib/python3.10/unittest/case.py", line 838, in _baseAssertEqual
    raise self.failureException(msg)
AssertionError: <DNS name dangling-cname.dnspython.org.> != <DNS name dangling-target.dnspython.org.>
___________________ PollResolverTestCase.testResolveAddress ____________________
Traceback (most recent call last):
  File "/usr/local/lib/python3.10/unittest/case.py", line 59, in testPartExecutor
    yield
  File "/usr/local/lib/python3.10/unittest/case.py", line 591, in run
    self._callTestMethod(testMethod)
  File "/usr/local/lib/python3.10/unittest/case.py", line 549, in _callTestMethod
    method()
  File "/workdir/dnspython-2.2.1/tests/test_resolver.py", line 646, in testResolveAddress
    answer = dns.resolver.resolve_address('8.8.8.8')
  File "/workdir/dnspython-2.2.1/dns/resolver.py", line 1221, in resolve_address
    return get_default_resolver().resolve_address(ipaddr, *args, **kwargs)
  File "/workdir/dnspython-2.2.1/dns/resolver.py", line 1128, in resolve_address
    return self.resolve(dns.reversename.from_address(ipaddr),
  File "/workdir/dnspython-2.2.1/dns/resolver.py", line 1090, in resolve
    (answer, done) = resolution.query_result(response, None)
  File "/workdir/dnspython-2.2.1/dns/resolver.py", line 696, in query_result
    raise NoAnswer(response=answer.response)
dns.resolver.NoAnswer: The DNS response does not contain an answer to the question: 8.8.8.8.in-addr.arpa. IN PTR
______________ OverrideSystemResolverTestCase.test_gethostbyaddr _______________
Traceback (most recent call last):
  File "/usr/local/lib/python3.10/unittest/case.py", line 59, in testPartExecutor
    yield
  File "/usr/local/lib/python3.10/unittest/case.py", line 591, in run
    self._callTestMethod(testMethod)
  File "/usr/local/lib/python3.10/unittest/case.py", line 549, in _callTestMethod
    method()
  File "/workdir/dnspython-2.2.1/tests/test_resolver_override.py", line 164, in test_gethostbyaddr
    a = dns.resolver._original_gethostbyaddr('8.8.8.8')
socket.herror: [Errno 4] No address associated with name
- generated xml file: /workdir/results/dnspython/2.2.1/1/cpython-test-results.xml -
=========================== short test summary info ============================
FAILED tests/test_async.py::AsyncTests::testCanonicalNameDangling - Assertion...
FAILED tests/test_async.py::AsyncTests::testResolveAddress - dns.resolver.NoA...
FAILED tests/test_resolver.py::LiveResolverTests::testCanonicalNameDangling
FAILED tests/test_resolver.py::LiveResolverTests::testResolveAddress - dns.re...
FAILED tests/test_resolver.py::SelectResolverTestCase::testCanonicalNameDangling
FAILED tests/test_resolver.py::SelectResolverTestCase::testResolveAddress - d...
FAILED tests/test_resolver.py::PollResolverTestCase::testCanonicalNameDangling
FAILED tests/test_resolver.py::PollResolverTestCase::testResolveAddress - dns...
FAILED tests/test_resolver_override.py::OverrideSystemResolverTestCase::test_gethostbyaddr
================== 9 failed, 1132 passed, 65 skipped in 4.67s ==================
ERROR: InvocationError for command /workdir/dnspython-2.2.1/.tox/cpythonlibtest-unit-test-tests/bin/pytest -v --tb=native --junitxml /workdir/results/dnspython/2.2.1/1/cpython-test-results.xml (exited with code 1)
___________________________________ summary ____________________________________
ERROR:   cpythonlibtest-unit-test-tests: commands failed
