graalpylibtest-unit-test-tests create: /workdir/dnspython-2.2.1/.tox/graalpylibtest-unit-test-tests
graalpylibtest-unit-test-tests installdeps: mock, pytest, -rdoc/requirements.txt
graalpylibtest-unit-test-tests inst: /workdir/dnspython-2.2.1/.tox/.tmp/package/1/dnspython-2.2.1.tar.gz
graalpylibtest-unit-test-tests installed: alabaster==0.7.13,Babel==2.13.1,certifi==2023.11.17,charset-normalizer==3.1.0,dnspython @ file:///workdir/dnspython-2.2.1/.tox/.tmp/package/1/dnspython-2.2.1.tar.gz,docutils==0.17.1,exceptiongroup==1.1.3,graalpy-virtualenv==0.0.1,hpy==0.9.0rc2,idna==3.4,imagesize==1.4.1,iniconfig==2.0.0,Jinja2==3.1.2,MarkupSafe==2.1.3,mock==5.1.0,packaging==23.2,pluggy==1.3.0,Pygments==2.17.1,pytest==7.4.3,readthedocs-sphinx-search==0.1.1,requests==2.31.0,snowballstemmer==2.2.0,Sphinx==4.2.0,sphinx-rtd-theme==1.0.0,sphinxcontrib-applehelp==1.0.4,sphinxcontrib-devhelp==1.0.2,sphinxcontrib-htmlhelp==2.0.1,sphinxcontrib-jsmath==1.0.1,sphinxcontrib-qthelp==1.0.3,sphinxcontrib-serializinghtml==1.1.5,tomli==2.0.1,urllib3==2.1.0
graalpylibtest-unit-test-tests run-test-pre: PYTHONHASHSEED='2033412396'
graalpylibtest-unit-test-tests run-test: commands[0] | pytest -v --tb=native --junitxml /workdir/results/dnspython/2.2.1/1/graalpy-test-results.xml
============================= test session starts ==============================
platform linux -- Python 3.10.8, pytest-7.4.3, pluggy-1.3.0 -- /workdir/dnspython-2.2.1/.tox/graalpylibtest-unit-test-tests/bin/python
cachedir: .tox/graalpylibtest-unit-test-tests/.pytest_cache
rootdir: /workdir/dnspython-2.2.1
configfile: pytest.ini
collecting ... collected 860 items / 6 errors

==================================== ERRORS ====================================
_____________________ ERROR collecting tests/test_async.py _____________________
Traceback (most recent call last):
  File "/workdir/dnspython-2.2.1/.tox/graalpylibtest-unit-test-tests/lib/python3.10/site-packages/_pytest/runner.py", line 341, in from_call
    result: Optional[TResult] = func()
  File "/workdir/dnspython-2.2.1/.tox/graalpylibtest-unit-test-tests/lib/python3.10/site-packages/_pytest/runner.py", line 372, in <lambda>
    call = CallInfo.from_call(lambda: list(collector.collect()), "collect")
  File "/workdir/dnspython-2.2.1/.tox/graalpylibtest-unit-test-tests/lib/python3.10/site-packages/_pytest/python.py", line 531, in collect
    self._inject_setup_module_fixture()
  File "/workdir/dnspython-2.2.1/.tox/graalpylibtest-unit-test-tests/lib/python3.10/site-packages/_pytest/python.py", line 545, in _inject_setup_module_fixture
    self.obj, ("setUpModule", "setup_module")
  File "/workdir/dnspython-2.2.1/.tox/graalpylibtest-unit-test-tests/lib/python3.10/site-packages/_pytest/python.py", line 310, in obj
    self._obj = obj = self._getobj()
  File "/workdir/dnspython-2.2.1/.tox/graalpylibtest-unit-test-tests/lib/python3.10/site-packages/_pytest/python.py", line 528, in _getobj
    return self._importtestmodule()
  File "/workdir/dnspython-2.2.1/.tox/graalpylibtest-unit-test-tests/lib/python3.10/site-packages/_pytest/python.py", line 617, in _importtestmodule
    mod = import_path(self.path, mode=importmode, root=self.config.rootpath)
  File "/workdir/dnspython-2.2.1/.tox/graalpylibtest-unit-test-tests/lib/python3.10/site-packages/_pytest/pathlib.py", line 567, in import_path
    importlib.import_module(module_name)
  File "/opt/graalpy/lib/python3.10/importlib/__init__.py", line 126, in import_module
    return _bootstrap._gcd_import(name[level:], package, level)
  File "/workdir/dnspython-2.2.1/tests/test_async.py", line 27, in <module>
    import dns.asyncresolver
  File "/workdir/dnspython-2.2.1/dns/asyncresolver.py", line 26, in <module>
    import dns.resolver
  File "/workdir/dnspython-2.2.1/dns/resolver.py", line 1325, in <module>
    _original_gethostbyname_ex = socket.gethostbyname_ex
AttributeError: module 'socket' has no attribute 'gethostbyname_ex'
______________________ ERROR collecting tests/test_doh.py ______________________
Traceback (most recent call last):
  File "/workdir/dnspython-2.2.1/.tox/graalpylibtest-unit-test-tests/lib/python3.10/site-packages/_pytest/runner.py", line 341, in from_call
    result: Optional[TResult] = func()
  File "/workdir/dnspython-2.2.1/.tox/graalpylibtest-unit-test-tests/lib/python3.10/site-packages/_pytest/runner.py", line 372, in <lambda>
    call = CallInfo.from_call(lambda: list(collector.collect()), "collect")
  File "/workdir/dnspython-2.2.1/.tox/graalpylibtest-unit-test-tests/lib/python3.10/site-packages/_pytest/python.py", line 531, in collect
    self._inject_setup_module_fixture()
  File "/workdir/dnspython-2.2.1/.tox/graalpylibtest-unit-test-tests/lib/python3.10/site-packages/_pytest/python.py", line 545, in _inject_setup_module_fixture
    self.obj, ("setUpModule", "setup_module")
  File "/workdir/dnspython-2.2.1/.tox/graalpylibtest-unit-test-tests/lib/python3.10/site-packages/_pytest/python.py", line 310, in obj
    self._obj = obj = self._getobj()
  File "/workdir/dnspython-2.2.1/.tox/graalpylibtest-unit-test-tests/lib/python3.10/site-packages/_pytest/python.py", line 528, in _getobj
    return self._importtestmodule()
  File "/workdir/dnspython-2.2.1/.tox/graalpylibtest-unit-test-tests/lib/python3.10/site-packages/_pytest/python.py", line 617, in _importtestmodule
    mod = import_path(self.path, mode=importmode, root=self.config.rootpath)
  File "/workdir/dnspython-2.2.1/.tox/graalpylibtest-unit-test-tests/lib/python3.10/site-packages/_pytest/pathlib.py", line 567, in import_path
    importlib.import_module(module_name)
  File "/opt/graalpy/lib/python3.10/importlib/__init__.py", line 126, in import_module
    return _bootstrap._gcd_import(name[level:], package, level)
  File "/workdir/dnspython-2.2.1/tests/test_doh.py", line 29, in <module>
    import dns.resolver
  File "/workdir/dnspython-2.2.1/dns/resolver.py", line 1325, in <module>
    _original_gethostbyname_ex = socket.gethostbyname_ex
AttributeError: module 'socket' has no attribute 'gethostbyname_ex'
_____________________ ERROR collecting tests/test_name.py ______________________
Traceback (most recent call last):
  File "/workdir/dnspython-2.2.1/.tox/graalpylibtest-unit-test-tests/lib/python3.10/site-packages/_pytest/runner.py", line 341, in from_call
    result: Optional[TResult] = func()
  File "/workdir/dnspython-2.2.1/.tox/graalpylibtest-unit-test-tests/lib/python3.10/site-packages/_pytest/runner.py", line 372, in <lambda>
    call = CallInfo.from_call(lambda: list(collector.collect()), "collect")
  File "/workdir/dnspython-2.2.1/.tox/graalpylibtest-unit-test-tests/lib/python3.10/site-packages/_pytest/python.py", line 531, in collect
    self._inject_setup_module_fixture()
  File "/workdir/dnspython-2.2.1/.tox/graalpylibtest-unit-test-tests/lib/python3.10/site-packages/_pytest/python.py", line 545, in _inject_setup_module_fixture
    self.obj, ("setUpModule", "setup_module")
  File "/workdir/dnspython-2.2.1/.tox/graalpylibtest-unit-test-tests/lib/python3.10/site-packages/_pytest/python.py", line 310, in obj
    self._obj = obj = self._getobj()
  File "/workdir/dnspython-2.2.1/.tox/graalpylibtest-unit-test-tests/lib/python3.10/site-packages/_pytest/python.py", line 528, in _getobj
    return self._importtestmodule()
  File "/workdir/dnspython-2.2.1/.tox/graalpylibtest-unit-test-tests/lib/python3.10/site-packages/_pytest/python.py", line 617, in _importtestmodule
    mod = import_path(self.path, mode=importmode, root=self.config.rootpath)
  File "/workdir/dnspython-2.2.1/.tox/graalpylibtest-unit-test-tests/lib/python3.10/site-packages/_pytest/pathlib.py", line 567, in import_path
    importlib.import_module(module_name)
  File "/opt/graalpy/lib/python3.10/importlib/__init__.py", line 126, in import_module
    return _bootstrap._gcd_import(name[level:], package, level)
  File "/workdir/dnspython-2.2.1/tests/test_name.py", line 29, in <module>
    import dns.e164
  File "/workdir/dnspython-2.2.1/dns/e164.py", line 22, in <module>
    import dns.resolver
  File "/workdir/dnspython-2.2.1/dns/resolver.py", line 1325, in <module>
    _original_gethostbyname_ex = socket.gethostbyname_ex
AttributeError: module 'socket' has no attribute 'gethostbyname_ex'
__________________ ERROR collecting tests/test_resolution.py ___________________
Traceback (most recent call last):
  File "/workdir/dnspython-2.2.1/.tox/graalpylibtest-unit-test-tests/lib/python3.10/site-packages/_pytest/runner.py", line 341, in from_call
    result: Optional[TResult] = func()
  File "/workdir/dnspython-2.2.1/.tox/graalpylibtest-unit-test-tests/lib/python3.10/site-packages/_pytest/runner.py", line 372, in <lambda>
    call = CallInfo.from_call(lambda: list(collector.collect()), "collect")
  File "/workdir/dnspython-2.2.1/.tox/graalpylibtest-unit-test-tests/lib/python3.10/site-packages/_pytest/python.py", line 531, in collect
    self._inject_setup_module_fixture()
  File "/workdir/dnspython-2.2.1/.tox/graalpylibtest-unit-test-tests/lib/python3.10/site-packages/_pytest/python.py", line 545, in _inject_setup_module_fixture
    self.obj, ("setUpModule", "setup_module")
  File "/workdir/dnspython-2.2.1/.tox/graalpylibtest-unit-test-tests/lib/python3.10/site-packages/_pytest/python.py", line 310, in obj
    self._obj = obj = self._getobj()
  File "/workdir/dnspython-2.2.1/.tox/graalpylibtest-unit-test-tests/lib/python3.10/site-packages/_pytest/python.py", line 528, in _getobj
    return self._importtestmodule()
  File "/workdir/dnspython-2.2.1/.tox/graalpylibtest-unit-test-tests/lib/python3.10/site-packages/_pytest/python.py", line 617, in _importtestmodule
    mod = import_path(self.path, mode=importmode, root=self.config.rootpath)
  File "/workdir/dnspython-2.2.1/.tox/graalpylibtest-unit-test-tests/lib/python3.10/site-packages/_pytest/pathlib.py", line 567, in import_path
    importlib.import_module(module_name)
  File "/opt/graalpy/lib/python3.10/importlib/__init__.py", line 126, in import_module
    return _bootstrap._gcd_import(name[level:], package, level)
  File "/workdir/dnspython-2.2.1/tests/test_resolution.py", line 11, in <module>
    import dns.resolver
  File "/workdir/dnspython-2.2.1/dns/resolver.py", line 1325, in <module>
    _original_gethostbyname_ex = socket.gethostbyname_ex
AttributeError: module 'socket' has no attribute 'gethostbyname_ex'
___________________ ERROR collecting tests/test_resolver.py ____________________
Traceback (most recent call last):
  File "/workdir/dnspython-2.2.1/.tox/graalpylibtest-unit-test-tests/lib/python3.10/site-packages/_pytest/runner.py", line 341, in from_call
    result: Optional[TResult] = func()
  File "/workdir/dnspython-2.2.1/.tox/graalpylibtest-unit-test-tests/lib/python3.10/site-packages/_pytest/runner.py", line 372, in <lambda>
    call = CallInfo.from_call(lambda: list(collector.collect()), "collect")
  File "/workdir/dnspython-2.2.1/.tox/graalpylibtest-unit-test-tests/lib/python3.10/site-packages/_pytest/python.py", line 531, in collect
    self._inject_setup_module_fixture()
  File "/workdir/dnspython-2.2.1/.tox/graalpylibtest-unit-test-tests/lib/python3.10/site-packages/_pytest/python.py", line 545, in _inject_setup_module_fixture
    self.obj, ("setUpModule", "setup_module")
  File "/workdir/dnspython-2.2.1/.tox/graalpylibtest-unit-test-tests/lib/python3.10/site-packages/_pytest/python.py", line 310, in obj
    self._obj = obj = self._getobj()
  File "/workdir/dnspython-2.2.1/.tox/graalpylibtest-unit-test-tests/lib/python3.10/site-packages/_pytest/python.py", line 528, in _getobj
    return self._importtestmodule()
  File "/workdir/dnspython-2.2.1/.tox/graalpylibtest-unit-test-tests/lib/python3.10/site-packages/_pytest/python.py", line 617, in _importtestmodule
    mod = import_path(self.path, mode=importmode, root=self.config.rootpath)
  File "/workdir/dnspython-2.2.1/.tox/graalpylibtest-unit-test-tests/lib/python3.10/site-packages/_pytest/pathlib.py", line 567, in import_path
    importlib.import_module(module_name)
  File "/opt/graalpy/lib/python3.10/importlib/__init__.py", line 126, in import_module
    return _bootstrap._gcd_import(name[level:], package, level)
  File "/workdir/dnspython-2.2.1/tests/test_resolver.py", line 27, in <module>
    import dns.e164
  File "/workdir/dnspython-2.2.1/dns/e164.py", line 22, in <module>
    import dns.resolver
  File "/workdir/dnspython-2.2.1/dns/resolver.py", line 1325, in <module>
    _original_gethostbyname_ex = socket.gethostbyname_ex
AttributeError: module 'socket' has no attribute 'gethostbyname_ex'
_______________ ERROR collecting tests/test_resolver_override.py _______________
Traceback (most recent call last):
  File "/workdir/dnspython-2.2.1/.tox/graalpylibtest-unit-test-tests/lib/python3.10/site-packages/_pytest/runner.py", line 341, in from_call
    result: Optional[TResult] = func()
  File "/workdir/dnspython-2.2.1/.tox/graalpylibtest-unit-test-tests/lib/python3.10/site-packages/_pytest/runner.py", line 372, in <lambda>
    call = CallInfo.from_call(lambda: list(collector.collect()), "collect")
  File "/workdir/dnspython-2.2.1/.tox/graalpylibtest-unit-test-tests/lib/python3.10/site-packages/_pytest/python.py", line 531, in collect
    self._inject_setup_module_fixture()
  File "/workdir/dnspython-2.2.1/.tox/graalpylibtest-unit-test-tests/lib/python3.10/site-packages/_pytest/python.py", line 545, in _inject_setup_module_fixture
    self.obj, ("setUpModule", "setup_module")
  File "/workdir/dnspython-2.2.1/.tox/graalpylibtest-unit-test-tests/lib/python3.10/site-packages/_pytest/python.py", line 310, in obj
    self._obj = obj = self._getobj()
  File "/workdir/dnspython-2.2.1/.tox/graalpylibtest-unit-test-tests/lib/python3.10/site-packages/_pytest/python.py", line 528, in _getobj
    return self._importtestmodule()
  File "/workdir/dnspython-2.2.1/.tox/graalpylibtest-unit-test-tests/lib/python3.10/site-packages/_pytest/python.py", line 617, in _importtestmodule
    mod = import_path(self.path, mode=importmode, root=self.config.rootpath)
  File "/workdir/dnspython-2.2.1/.tox/graalpylibtest-unit-test-tests/lib/python3.10/site-packages/_pytest/pathlib.py", line 567, in import_path
    importlib.import_module(module_name)
  File "/opt/graalpy/lib/python3.10/importlib/__init__.py", line 126, in import_module
    return _bootstrap._gcd_import(name[level:], package, level)
  File "/workdir/dnspython-2.2.1/tests/test_resolver_override.py", line 10, in <module>
    import dns.resolver
  File "/workdir/dnspython-2.2.1/dns/resolver.py", line 1325, in <module>
    _original_gethostbyname_ex = socket.gethostbyname_ex
AttributeError: module 'socket' has no attribute 'gethostbyname_ex'
=============================== warnings summary ===============================
.tox/graalpylibtest-unit-test-tests/lib/python3.10/site-packages/urllib3/__init__.py:34
  /workdir/dnspython-2.2.1/.tox/graalpylibtest-unit-test-tests/lib/python3.10/site-packages/urllib3/__init__.py:34: NotOpenSSLWarning: urllib3 v2 only supports OpenSSL 1.1.1+, currently the 'ssl' module is compiled with 'GraalVM JSSE'. See: https://github.com/urllib3/urllib3/issues/3020
    warnings.warn(

-- Docs: https://docs.pytest.org/en/stable/how-to/capture-warnings.html
- generated xml file: /workdir/results/dnspython/2.2.1/1/graalpy-test-results.xml -
=========================== short test summary info ============================
ERROR tests/test_async.py - AttributeError: module 'socket' has no attribute ...
ERROR tests/test_doh.py - AttributeError: module 'socket' has no attribute 'g...
ERROR tests/test_name.py - AttributeError: module 'socket' has no attribute '...
ERROR tests/test_resolution.py - AttributeError: module 'socket' has no attri...
ERROR tests/test_resolver.py - AttributeError: module 'socket' has no attribu...
ERROR tests/test_resolver_override.py - AttributeError: module 'socket' has n...
!!!!!!!!!!!!!!!!!!! Interrupted: 6 errors during collection !!!!!!!!!!!!!!!!!!!!
========================= 1 warning, 6 errors in 4.64s =========================
ERROR: InvocationError for command /workdir/dnspython-2.2.1/.tox/graalpylibtest-unit-test-tests/bin/pytest -v --tb=native --junitxml /workdir/results/dnspython/2.2.1/1/graalpy-test-results.xml (exited with code 2)
___________________________________ summary ____________________________________
ERROR:   graalpylibtest-unit-test-tests: commands failed
