/workdir/pure-eval-0.2.2/.tox/.package/lib/python3.10/site-packages/setuptools_scm/git.py:163: UserWarning: "/workdir/pure-eval-0.2.2" is shallow and may cause errors
  warnings.warn(f'"{wd.path}" is shallow and may cause errors')
graalpylibtest-unit-test-tests create: /workdir/pure-eval-0.2.2/.tox/graalpylibtest-unit-test-tests
graalpylibtest-unit-test-tests installdeps: mock, pytest
graalpylibtest-unit-test-tests inst: /workdir/pure-eval-0.2.2/.tox/.tmp/package/1/pure_eval-0.2.2.tar.gz
graalpylibtest-unit-test-tests installed: exceptiongroup==1.2.0,graalpy-virtualenv==0.0.1,hpy==0.9.0rc2,iniconfig==2.0.0,mock==5.1.0,packaging==23.2,pluggy==1.3.0,pure-eval @ file:///workdir/pure-eval-0.2.2/.tox/.tmp/package/1/pure_eval-0.2.2.tar.gz,pytest==7.4.3,tomli==2.0.1
graalpylibtest-unit-test-tests run-test-pre: PYTHONHASHSEED='257682060'
graalpylibtest-unit-test-tests run-test: commands[0] | pytest -v --tb=native --junitxml /workdir/results/pure-eval/0.2.2/1/graalpy-test-results.xml
============================= test session starts ==============================
platform linux -- Python 3.10.8, pytest-7.4.3, pluggy-1.3.0 -- /workdir/pure-eval-0.2.2/.tox/graalpylibtest-unit-test-tests/bin/python
cachedir: .tox/graalpylibtest-unit-test-tests/.pytest_cache
rootdir: /workdir/pure-eval-0.2.2
collecting ... collected 47 items

tests/test_core.py::test_eval_names PASSED                               [  2%]
tests/test_core.py::test_eval_literals PASSED                            [  4%]
tests/test_core.py::test_eval_attrs PASSED                               [  6%]
tests/test_core.py::test_eval_dict PASSED                                [  8%]
tests/test_core.py::test_eval_set PASSED                                 [ 10%]
tests/test_core.py::test_eval_sequence_subscript PASSED                  [ 12%]
tests/test_core.py::test_eval_unary_op PASSED                            [ 14%]
tests/test_core.py::test_eval_binary_op PASSED                           [ 17%]
tests/test_core.py::test_is_expression_interesting PASSED                [ 19%]
tests/test_core.py::test_boolop PASSED                                   [ 21%]
tests/test_core.py::test_is PASSED                                       [ 23%]
tests/test_core.py::test_calls PASSED                                    [ 25%]
tests/test_core.py::test_unsupported PASSED                              [ 27%]
tests/test_core.py::test_group_expressions PASSED                        [ 29%]
tests/test_core.py::test_evaluator_wrong_getitem PASSED                  [ 31%]
tests/test_core.py::test_cannot_subscript[[1][:,:]] PASSED               [ 34%]
tests/test_core.py::test_cannot_subscript[[1][9]] PASSED                 [ 36%]
tests/test_getattr_static.py::TestGetattrStatic::test_basic PASSED       [ 38%]
tests/test_getattr_static.py::TestGetattrStatic::test_classAttribute PASSED [ 40%]
tests/test_getattr_static.py::TestGetattrStatic::test_classVirtualAttribute PASSED [ 42%]
tests/test_getattr_static.py::TestGetattrStatic::test_class_as_property PASSED [ 44%]
tests/test_getattr_static.py::TestGetattrStatic::test_custom_object_dict PASSED [ 46%]
tests/test_getattr_static.py::TestGetattrStatic::test_descriptor PASSED  [ 48%]
tests/test_getattr_static.py::TestGetattrStatic::test_descriptor_raises_AttributeError PASSED [ 51%]
tests/test_getattr_static.py::TestGetattrStatic::test_dict_as_property PASSED [ 53%]
tests/test_getattr_static.py::TestGetattrStatic::test_inherited PASSED   [ 55%]
tests/test_getattr_static.py::TestGetattrStatic::test_inherited_classattribute PASSED [ 57%]
tests/test_getattr_static.py::TestGetattrStatic::test_inherited_slots PASSED [ 59%]
tests/test_getattr_static.py::TestGetattrStatic::test_instance_attr PASSED [ 61%]
tests/test_getattr_static.py::TestGetattrStatic::test_metaclass PASSED   [ 63%]
tests/test_getattr_static.py::TestGetattrStatic::test_metaclass_dict_as_property PASSED [ 65%]
tests/test_getattr_static.py::TestGetattrStatic::test_metaclass_with_descriptor PASSED [ 68%]
tests/test_getattr_static.py::TestGetattrStatic::test_metaclass_with_metaclass_with_dict_as_property PASSED [ 70%]
tests/test_getattr_static.py::TestGetattrStatic::test_module PASSED      [ 72%]
tests/test_getattr_static.py::TestGetattrStatic::test_mro_as_property PASSED [ 74%]
tests/test_getattr_static.py::TestGetattrStatic::test_no_dict_no_slots PASSED [ 76%]
tests/test_getattr_static.py::TestGetattrStatic::test_no_dict_no_slots_instance_member FAILED [ 78%]
tests/test_getattr_static.py::TestGetattrStatic::test_property PASSED    [ 80%]
tests/test_getattr_static.py::TestGetattrStatic::test_slots PASSED       [ 82%]
tests/test_getattr_static.py::test_safe_descriptors_immutable PASSED     [ 85%]
tests/test_utils.py::test_sys_modules PASSED                             [ 87%]
tests/test_utils.py::test_repr_cannot_eval PASSED                        [ 89%]
tests/test_utils.py::test_safe_name_types PASSED                         [ 91%]
tests/test_utils.py::test_safe_name_samples PASSED                       [ 93%]
tests/test_utils.py::test_safe_name_direct PASSED                        [ 95%]
tests/test_utils.py::test_is_standard_types PASSED                       [ 97%]
tests/test_utils.py::test_ensure_dict PASSED                             [100%]

=================================== FAILURES ===================================
___________ TestGetattrStatic.test_no_dict_no_slots_instance_member ____________
Traceback (most recent call last):
  File "/opt/graalpy/lib/python3.10/unittest/case.py", line 59, in testPartExecutor
    yield
  File "/opt/graalpy/lib/python3.10/unittest/case.py", line 591, in run
    self._callTestMethod(testMethod)
  File "/opt/graalpy/lib/python3.10/unittest/case.py", line 549, in _callTestMethod
    method()
  File "/workdir/pure-eval-0.2.2/tests/test_getattr_static.py", line 158, in test_no_dict_no_slots_instance_member
    self.assert_cannot_getattr(handle, 'name')
  File "/workdir/pure-eval-0.2.2/tests/test_getattr_static.py", line 19, in assert_cannot_getattr
    with self.assertRaises(CannotEval):
  File "/opt/graalpy/lib/python3.10/unittest/case.py", line 226, in __exit__
    self._raiseFailure("{} not raised".format(exc_name))
  File "/opt/graalpy/lib/python3.10/unittest/case.py", line 163, in _raiseFailure
    raise self.test_case.failureException(msg)
AssertionError: CannotEval not raised
=============================== warnings summary ===============================
tests/test_core.py::test_cannot_subscript[[1][:,:]]
  <string>:1: SyntaxWarning: list indices must be integers or slices, not tuple; perhaps you missed a comma?

-- Docs: https://docs.pytest.org/en/stable/how-to/capture-warnings.html
- generated xml file: /workdir/results/pure-eval/0.2.2/1/graalpy-test-results.xml -
=========================== short test summary info ============================
FAILED tests/test_getattr_static.py::TestGetattrStatic::test_no_dict_no_slots_instance_member
============= 1 failed, 46 passed, 1 warning in 113.62s (0:01:53) ==============
ERROR: InvocationError for command /workdir/pure-eval-0.2.2/.tox/graalpylibtest-unit-test-tests/bin/pytest -v --tb=native --junitxml /workdir/results/pure-eval/0.2.2/1/graalpy-test-results.xml (exited with code 1)
___________________________________ summary ____________________________________
ERROR:   graalpylibtest-unit-test-tests: commands failed
