<?xml version="1.0" encoding="utf-8"?><testsuites><testsuite name="pytest" errors="0" failures="1" skipped="0" tests="47" time="113.674" timestamp="2023-11-23T04:04:21.866000" hostname="80ac3eb7f7f2"><testcase classname="tests.test_core" name="test_eval_names" time="0.025" /><testcase classname="tests.test_core" name="test_eval_literals" time="0.015" /><testcase classname="tests.test_core" name="test_eval_attrs" time="0.040" /><testcase classname="tests.test_core" name="test_eval_dict" time="0.061" /><testcase classname="tests.test_core" name="test_eval_set" time="0.015" /><testcase classname="tests.test_core" name="test_eval_sequence_subscript" time="0.085" /><testcase classname="tests.test_core" name="test_eval_unary_op" time="0.027" /><testcase classname="tests.test_core" name="test_eval_binary_op" time="0.076" /><testcase classname="tests.test_core" name="test_is_expression_interesting" time="0.066" /><testcase classname="tests.test_core" name="test_boolop" time="106.840" /><testcase classname="tests.test_core" name="test_is" time="3.239" /><testcase classname="tests.test_core" name="test_calls" time="0.250" /><testcase classname="tests.test_core" name="test_unsupported" time="0.024" /><testcase classname="tests.test_core" name="test_group_expressions" time="0.015" /><testcase classname="tests.test_core" name="test_evaluator_wrong_getitem" time="0.006" /><testcase classname="tests.test_core" name="test_cannot_subscript[[1][:,:]]" time="0.012" /><testcase classname="tests.test_core" name="test_cannot_subscript[[1][9]]" time="0.015" /><testcase classname="tests.test_getattr_static.TestGetattrStatic" name="test_basic" time="0.014" /><testcase classname="tests.test_getattr_static.TestGetattrStatic" name="test_classAttribute" time="0.009" /><testcase classname="tests.test_getattr_static.TestGetattrStatic" name="test_classVirtualAttribute" time="0.008" /><testcase classname="tests.test_getattr_static.TestGetattrStatic" name="test_class_as_property" time="0.006" /><testcase classname="tests.test_getattr_static.TestGetattrStatic" name="test_custom_object_dict" time="0.006" /><testcase classname="tests.test_getattr_static.TestGetattrStatic" name="test_descriptor" time="0.007" /><testcase classname="tests.test_getattr_static.TestGetattrStatic" name="test_descriptor_raises_AttributeError" time="0.008" /><testcase classname="tests.test_getattr_static.TestGetattrStatic" name="test_dict_as_property" time="0.008" /><testcase classname="tests.test_getattr_static.TestGetattrStatic" name="test_inherited" time="0.006" /><testcase classname="tests.test_getattr_static.TestGetattrStatic" name="test_inherited_classattribute" time="0.006" /><testcase classname="tests.test_getattr_static.TestGetattrStatic" name="test_inherited_slots" time="0.007" /><testcase classname="tests.test_getattr_static.TestGetattrStatic" name="test_instance_attr" time="0.006" /><testcase classname="tests.test_getattr_static.TestGetattrStatic" name="test_metaclass" time="0.008" /><testcase classname="tests.test_getattr_static.TestGetattrStatic" name="test_metaclass_dict_as_property" time="0.007" /><testcase classname="tests.test_getattr_static.TestGetattrStatic" name="test_metaclass_with_descriptor" time="0.006" /><testcase classname="tests.test_getattr_static.TestGetattrStatic" name="test_metaclass_with_metaclass_with_dict_as_property" time="0.006" /><testcase classname="tests.test_getattr_static.TestGetattrStatic" name="test_module" time="0.005" /><testcase classname="tests.test_getattr_static.TestGetattrStatic" name="test_mro_as_property" time="0.006" /><testcase classname="tests.test_getattr_static.TestGetattrStatic" name="test_no_dict_no_slots" time="0.006" /><testcase classname="tests.test_getattr_static.TestGetattrStatic" name="test_no_dict_no_slots_instance_member" time="0.011"><failure message="AssertionError: CannotEval not raised">Traceback (most recent call last):
  File "/opt/graalpy/lib/python3.10/unittest/case.py", line 59, in testPartExecutor
    yield
  File "/opt/graalpy/lib/python3.10/unittest/case.py", line 591, in run
    self._callTestMethod(testMethod)
  File "/opt/graalpy/lib/python3.10/unittest/case.py", line 549, in _callTestMethod
    method()
  File "/workdir/pure-eval-0.2.2/tests/test_getattr_static.py", line 158, in test_no_dict_no_slots_instance_member
    self.assert_cannot_getattr(handle, 'name')
  File "/workdir/pure-eval-0.2.2/tests/test_getattr_static.py", line 19, in assert_cannot_getattr
    with self.assertRaises(CannotEval):
  File "/opt/graalpy/lib/python3.10/unittest/case.py", line 226, in __exit__
    self._raiseFailure("{} not raised".format(exc_name))
  File "/opt/graalpy/lib/python3.10/unittest/case.py", line 163, in _raiseFailure
    raise self.test_case.failureException(msg)
AssertionError: CannotEval not raised</failure></testcase><testcase classname="tests.test_getattr_static.TestGetattrStatic" name="test_property" time="0.007" /><testcase classname="tests.test_getattr_static.TestGetattrStatic" name="test_slots" time="0.014" /><testcase classname="tests.test_getattr_static" name="test_safe_descriptors_immutable" time="0.006" /><testcase classname="tests.test_utils" name="test_sys_modules" time="1.317" /><testcase classname="tests.test_utils" name="test_repr_cannot_eval" time="0.005" /><testcase classname="tests.test_utils" name="test_safe_name_types" time="0.005" /><testcase classname="tests.test_utils" name="test_safe_name_samples" time="0.006" /><testcase classname="tests.test_utils" name="test_safe_name_direct" time="0.005" /><testcase classname="tests.test_utils" name="test_is_standard_types" time="0.348" /><testcase classname="tests.test_utils" name="test_ensure_dict" time="0.007" /></testsuite></testsuites>