.package create: /workdir/aiohttp-3.8.3/.tox/.package
.package installdeps: setuptools >= 46.4.0
*********************
* Pure build *
*********************
warning: no files found matching 'aiohttp' anywhere in distribution
warning: no previously-included files matching '*.pyc' found anywhere in distribution
warning: no previously-included files matching '*.pyd' found anywhere in distribution
warning: no previously-included files matching '*.so' found anywhere in distribution
warning: no previously-included files matching '*.lib' found anywhere in distribution
warning: no previously-included files matching '*.dll' found anywhere in distribution
warning: no previously-included files matching '*.a' found anywhere in distribution
warning: no previously-included files matching '*.obj' found anywhere in distribution
warning: no previously-included files found matching 'aiohttp/*.html'
no previously-included directories found matching 'docs/_build'
*********************
* Pure build *
*********************
warning: no files found matching 'aiohttp' anywhere in distribution
warning: no previously-included files matching '*.pyc' found anywhere in distribution
warning: no previously-included files matching '*.pyd' found anywhere in distribution
warning: no previously-included files matching '*.so' found anywhere in distribution
warning: no previously-included files matching '*.lib' found anywhere in distribution
warning: no previously-included files matching '*.dll' found anywhere in distribution
warning: no previously-included files matching '*.a' found anywhere in distribution
warning: no previously-included files matching '*.obj' found anywhere in distribution
warning: no previously-included files found matching 'aiohttp/*.html'
no previously-included directories found matching 'docs/_build'
cpythonlibtest-unit-test-tests create: /workdir/aiohttp-3.8.3/.tox/cpythonlibtest-unit-test-tests
cpythonlibtest-unit-test-tests installdeps: mock, pytest, -rrequirements/doc.txt, -rrequirements/cython.txt, -rrequirements/lint.txt, -rrequirements/dev.txt, -rrequirements/base.txt, -rrequirements/test.txt, -rrequirements/multidict.txt, -rrequirements/doc-spelling.txt, -rrequirements/typing-extensions.txt, -rrequirements/constraints.txt
cpythonlibtest-unit-test-tests inst: /workdir/aiohttp-3.8.3/.tox/.tmp/package/1/aiohttp-3.8.3.tar.gz
ERROR: invocation failed (exit code 1), logfile: /workdir/aiohttp-3.8.3/.tox/cpythonlibtest-unit-test-tests/log/cpythonlibtest-unit-test-tests-2.log
================================== log start ===================================
Processing ./.tox/.tmp/package/1/aiohttp-3.8.3.tar.gz
  Installing build dependencies: started
  Installing build dependencies: finished with status 'done'
  Getting requirements to build wheel: started
  Getting requirements to build wheel: finished with status 'done'
  Installing backend dependencies: started
  Installing backend dependencies: finished with status 'done'
  Preparing metadata (pyproject.toml): started
  Preparing metadata (pyproject.toml): finished with status 'done'
Requirement already satisfied: yarl<2.0,>=1.0 in ./.tox/cpythonlibtest-unit-test-tests/lib/python3.10/site-packages (from aiohttp==3.8.3) (1.8.1)
Requirement already satisfied: multidict<7.0,>=4.5 in ./.tox/cpythonlibtest-unit-test-tests/lib/python3.10/site-packages (from aiohttp==3.8.3) (5.2.0)
Requirement already satisfied: charset-normalizer<3.0,>=2.0 in ./.tox/cpythonlibtest-unit-test-tests/lib/python3.10/site-packages (from aiohttp==3.8.3) (2.0.12)
Requirement already satisfied: attrs>=17.3.0 in ./.tox/cpythonlibtest-unit-test-tests/lib/python3.10/site-packages (from aiohttp==3.8.3) (21.2.0)
Requirement already satisfied: frozenlist>=1.1.1 in ./.tox/cpythonlibtest-unit-test-tests/lib/python3.10/site-packages (from aiohttp==3.8.3) (1.3.1)
Requirement already satisfied: async-timeout<5.0,>=4.0.0a3 in ./.tox/cpythonlibtest-unit-test-tests/lib/python3.10/site-packages (from aiohttp==3.8.3) (4.0.1)
Requirement already satisfied: aiosignal>=1.1.2 in ./.tox/cpythonlibtest-unit-test-tests/lib/python3.10/site-packages (from aiohttp==3.8.3) (1.2.0)
Requirement already satisfied: typing-extensions>=3.6.5 in ./.tox/cpythonlibtest-unit-test-tests/lib/python3.10/site-packages (from async-timeout<5.0,>=4.0.0a3->aiohttp==3.8.3) (4.1.1)
Requirement already satisfied: idna>=2.0 in ./.tox/cpythonlibtest-unit-test-tests/lib/python3.10/site-packages (from yarl<2.0,>=1.0->aiohttp==3.8.3) (3.3)
Building wheels for collected packages: aiohttp
  Building wheel for aiohttp (pyproject.toml): started
  Building wheel for aiohttp (pyproject.toml): finished with status 'error'
  ERROR: Command errored out with exit status 1:
   command: /workdir/aiohttp-3.8.3/.tox/cpythonlibtest-unit-test-tests/bin/python /workdir/aiohttp-3.8.3/.tox/cpythonlibtest-unit-test-tests/lib/python3.10/site-packages/pip/_vendor/pep517/in_process/_in_process.py build_wheel /tmp/tmpdbq9vkcx
       cwd: /tmp/pip-req-build-sfo_1y66
  Complete output (90 lines):
  *********************
  * Accelerated build *
  *********************
  running bdist_wheel
  running build
  running build_py
  creating build
  creating build/lib.linux-x86_64-cpython-310
  creating build/lib.linux-x86_64-cpython-310/aiohttp
  copying aiohttp/client_proto.py -> build/lib.linux-x86_64-cpython-310/aiohttp
  copying aiohttp/cookiejar.py -> build/lib.linux-x86_64-cpython-310/aiohttp
  copying aiohttp/hdrs.py -> build/lib.linux-x86_64-cpython-310/aiohttp
  copying aiohttp/http_writer.py -> build/lib.linux-x86_64-cpython-310/aiohttp
  copying aiohttp/web_exceptions.py -> build/lib.linux-x86_64-cpython-310/aiohttp
  copying aiohttp/web_log.py -> build/lib.linux-x86_64-cpython-310/aiohttp
  copying aiohttp/web_server.py -> build/lib.linux-x86_64-cpython-310/aiohttp
  copying aiohttp/__init__.py -> build/lib.linux-x86_64-cpython-310/aiohttp
  copying aiohttp/pytest_plugin.py -> build/lib.linux-x86_64-cpython-310/aiohttp
  copying aiohttp/base_protocol.py -> build/lib.linux-x86_64-cpython-310/aiohttp
  copying aiohttp/web_protocol.py -> build/lib.linux-x86_64-cpython-310/aiohttp
  copying aiohttp/connector.py -> build/lib.linux-x86_64-cpython-310/aiohttp
  copying aiohttp/streams.py -> build/lib.linux-x86_64-cpython-310/aiohttp
  copying aiohttp/http_exceptions.py -> build/lib.linux-x86_64-cpython-310/aiohttp
  copying aiohttp/web_response.py -> build/lib.linux-x86_64-cpython-310/aiohttp
  copying aiohttp/locks.py -> build/lib.linux-x86_64-cpython-310/aiohttp
  copying aiohttp/http_parser.py -> build/lib.linux-x86_64-cpython-310/aiohttp
  copying aiohttp/web_urldispatcher.py -> build/lib.linux-x86_64-cpython-310/aiohttp
  copying aiohttp/abc.py -> build/lib.linux-x86_64-cpython-310/aiohttp
  copying aiohttp/web_routedef.py -> build/lib.linux-x86_64-cpython-310/aiohttp
  copying aiohttp/web_app.py -> build/lib.linux-x86_64-cpython-310/aiohttp
  copying aiohttp/helpers.py -> build/lib.linux-x86_64-cpython-310/aiohttp
  copying aiohttp/log.py -> build/lib.linux-x86_64-cpython-310/aiohttp
  copying aiohttp/payload_streamer.py -> build/lib.linux-x86_64-cpython-310/aiohttp
  copying aiohttp/typedefs.py -> build/lib.linux-x86_64-cpython-310/aiohttp
  copying aiohttp/web_ws.py -> build/lib.linux-x86_64-cpython-310/aiohttp
  copying aiohttp/test_utils.py -> build/lib.linux-x86_64-cpython-310/aiohttp
  copying aiohttp/client_ws.py -> build/lib.linux-x86_64-cpython-310/aiohttp
  copying aiohttp/http.py -> build/lib.linux-x86_64-cpython-310/aiohttp
  copying aiohttp/web_middlewares.py -> build/lib.linux-x86_64-cpython-310/aiohttp
  copying aiohttp/http_websocket.py -> build/lib.linux-x86_64-cpython-310/aiohttp
  copying aiohttp/worker.py -> build/lib.linux-x86_64-cpython-310/aiohttp
  copying aiohttp/client.py -> build/lib.linux-x86_64-cpython-310/aiohttp
  copying aiohttp/web_runner.py -> build/lib.linux-x86_64-cpython-310/aiohttp
  copying aiohttp/payload.py -> build/lib.linux-x86_64-cpython-310/aiohttp
  copying aiohttp/client_reqrep.py -> build/lib.linux-x86_64-cpython-310/aiohttp
  copying aiohttp/web_fileresponse.py -> build/lib.linux-x86_64-cpython-310/aiohttp
  copying aiohttp/web.py -> build/lib.linux-x86_64-cpython-310/aiohttp
  copying aiohttp/client_exceptions.py -> build/lib.linux-x86_64-cpython-310/aiohttp
  copying aiohttp/tcp_helpers.py -> build/lib.linux-x86_64-cpython-310/aiohttp
  copying aiohttp/tracing.py -> build/lib.linux-x86_64-cpython-310/aiohttp
  copying aiohttp/multipart.py -> build/lib.linux-x86_64-cpython-310/aiohttp
  copying aiohttp/web_request.py -> build/lib.linux-x86_64-cpython-310/aiohttp
  copying aiohttp/resolver.py -> build/lib.linux-x86_64-cpython-310/aiohttp
  copying aiohttp/formdata.py -> build/lib.linux-x86_64-cpython-310/aiohttp
  running egg_info
  writing aiohttp.egg-info/PKG-INFO
  writing dependency_links to aiohttp.egg-info/dependency_links.txt
  writing requirements to aiohttp.egg-info/requires.txt
  writing top-level names to aiohttp.egg-info/top_level.txt
  reading manifest file 'aiohttp.egg-info/SOURCES.txt'
  reading manifest template 'MANIFEST.in'
  warning: no files found matching 'aiohttp' anywhere in distribution
  warning: no previously-included files matching '*.pyc' found anywhere in distribution
  warning: no previously-included files matching '*.pyd' found anywhere in distribution
  warning: no previously-included files matching '*.so' found anywhere in distribution
  warning: no previously-included files matching '*.lib' found anywhere in distribution
  warning: no previously-included files matching '*.dll' found anywhere in distribution
  warning: no previously-included files matching '*.a' found anywhere in distribution
  warning: no previously-included files matching '*.obj' found anywhere in distribution
  warning: no previously-included files found matching 'aiohttp/*.html'
  no previously-included directories found matching 'docs/_build'
  adding license file 'LICENSE.txt'
  writing manifest file 'aiohttp.egg-info/SOURCES.txt'
  copying aiohttp/_cparser.pxd -> build/lib.linux-x86_64-cpython-310/aiohttp
  copying aiohttp/_find_header.pxd -> build/lib.linux-x86_64-cpython-310/aiohttp
  copying aiohttp/_helpers.pyi -> build/lib.linux-x86_64-cpython-310/aiohttp
  copying aiohttp/_helpers.pyx -> build/lib.linux-x86_64-cpython-310/aiohttp
  copying aiohttp/_http_parser.pyx -> build/lib.linux-x86_64-cpython-310/aiohttp
  copying aiohttp/_http_writer.pyx -> build/lib.linux-x86_64-cpython-310/aiohttp
  copying aiohttp/_websocket.pyx -> build/lib.linux-x86_64-cpython-310/aiohttp
  copying aiohttp/py.typed -> build/lib.linux-x86_64-cpython-310/aiohttp
  running build_ext
  building 'aiohttp._websocket' extension
  creating build/temp.linux-x86_64-cpython-310
  creating build/temp.linux-x86_64-cpython-310/aiohttp
  gcc -pthread -Wno-unused-result -Wsign-compare -DNDEBUG -g -fwrapv -O3 -Wall -fPIC -I/workdir/aiohttp-3.8.3/.tox/cpythonlibtest-unit-test-tests/include -I/usr/local/include/python3.10 -c aiohttp/_websocket.c -o build/temp.linux-x86_64-cpython-310/aiohttp/_websocket.o
  gcc: error: aiohttp/_websocket.c: No such file or directory
  gcc: fatal error: no input files
  compilation terminated.
  error: command '/usr/bin/gcc' failed with exit code 1
  ----------------------------------------
  ERROR: Failed building wheel for aiohttp
Failed to build aiohttp
ERROR: Could not build wheels for aiohttp, which is required to install pyproject.toml-based projects

=================================== log end ====================================
___________________________________ summary ____________________________________
ERROR:   cpythonlibtest-unit-test-tests: InvocationError for command /workdir/aiohttp-3.8.3/.tox/cpythonlibtest-unit-test-tests/bin/python -m pip install --exists-action w .tox/.tmp/package/1/aiohttp-3.8.3.tar.gz (exited with code 1)
.package create: /workdir/aiohttp-3.8.3/.tox/.package
.package installdeps: setuptools >= 46.4.0
*********************
* Pure build *
*********************
warning: no files found matching 'aiohttp' anywhere in distribution
warning: no previously-included files matching '*.pyc' found anywhere in distribution
warning: no previously-included files matching '*.pyd' found anywhere in distribution
warning: no previously-included files matching '*.so' found anywhere in distribution
warning: no previously-included files matching '*.lib' found anywhere in distribution
warning: no previously-included files matching '*.dll' found anywhere in distribution
warning: no previously-included files matching '*.a' found anywhere in distribution
warning: no previously-included files matching '*.obj' found anywhere in distribution
warning: no previously-included files found matching 'aiohttp/*.html'
no previously-included directories found matching 'docs/_build'
*********************
* Pure build *
*********************
warning: no files found matching 'aiohttp' anywhere in distribution
warning: no previously-included files matching '*.pyc' found anywhere in distribution
warning: no previously-included files matching '*.pyd' found anywhere in distribution
warning: no previously-included files matching '*.so' found anywhere in distribution
warning: no previously-included files matching '*.lib' found anywhere in distribution
warning: no previously-included files matching '*.dll' found anywhere in distribution
warning: no previously-included files matching '*.a' found anywhere in distribution
warning: no previously-included files matching '*.obj' found anywhere in distribution
warning: no previously-included files found matching 'aiohttp/*.html'
no previously-included directories found matching 'docs/_build'
cpythonlibtest-unit-test-tests create: /workdir/aiohttp-3.8.3/.tox/cpythonlibtest-unit-test-tests
cpythonlibtest-unit-test-tests installdeps: mock, pytest, -rrequirements/doc.txt, -rrequirements/cython.txt, -rrequirements/lint.txt, -rrequirements/dev.txt, -rrequirements/base.txt, -rrequirements/test.txt, -rrequirements/multidict.txt, -rrequirements/doc-spelling.txt, -rrequirements/typing-extensions.txt, -rrequirements/constraints.txt
cpythonlibtest-unit-test-tests inst: /workdir/aiohttp-3.8.3/.tox/.tmp/package/1/aiohttp-3.8.3.tar.gz
ERROR: invocation failed (exit code 1), logfile: /workdir/aiohttp-3.8.3/.tox/cpythonlibtest-unit-test-tests/log/cpythonlibtest-unit-test-tests-2.log
================================== log start ===================================
Processing ./.tox/.tmp/package/1/aiohttp-3.8.3.tar.gz
  Installing build dependencies: started
  Installing build dependencies: finished with status 'done'
  Getting requirements to build wheel: started
  Getting requirements to build wheel: finished with status 'done'
  Installing backend dependencies: started
  Installing backend dependencies: finished with status 'done'
  Preparing metadata (pyproject.toml): started
  Preparing metadata (pyproject.toml): finished with status 'done'
Requirement already satisfied: yarl<2.0,>=1.0 in ./.tox/cpythonlibtest-unit-test-tests/lib/python3.10/site-packages (from aiohttp==3.8.3) (1.8.1)
Requirement already satisfied: attrs>=17.3.0 in ./.tox/cpythonlibtest-unit-test-tests/lib/python3.10/site-packages (from aiohttp==3.8.3) (21.2.0)
Requirement already satisfied: async-timeout<5.0,>=4.0.0a3 in ./.tox/cpythonlibtest-unit-test-tests/lib/python3.10/site-packages (from aiohttp==3.8.3) (4.0.1)
Requirement already satisfied: frozenlist>=1.1.1 in ./.tox/cpythonlibtest-unit-test-tests/lib/python3.10/site-packages (from aiohttp==3.8.3) (1.3.1)
Requirement already satisfied: aiosignal>=1.1.2 in ./.tox/cpythonlibtest-unit-test-tests/lib/python3.10/site-packages (from aiohttp==3.8.3) (1.2.0)
Requirement already satisfied: multidict<7.0,>=4.5 in ./.tox/cpythonlibtest-unit-test-tests/lib/python3.10/site-packages (from aiohttp==3.8.3) (5.2.0)
Requirement already satisfied: charset-normalizer<3.0,>=2.0 in ./.tox/cpythonlibtest-unit-test-tests/lib/python3.10/site-packages (from aiohttp==3.8.3) (2.0.12)
Requirement already satisfied: typing-extensions>=3.6.5 in ./.tox/cpythonlibtest-unit-test-tests/lib/python3.10/site-packages (from async-timeout<5.0,>=4.0.0a3->aiohttp==3.8.3) (4.1.1)
Requirement already satisfied: idna>=2.0 in ./.tox/cpythonlibtest-unit-test-tests/lib/python3.10/site-packages (from yarl<2.0,>=1.0->aiohttp==3.8.3) (3.3)
Building wheels for collected packages: aiohttp
  Building wheel for aiohttp (pyproject.toml): started
  Building wheel for aiohttp (pyproject.toml): finished with status 'error'
  ERROR: Command errored out with exit status 1:
   command: /workdir/aiohttp-3.8.3/.tox/cpythonlibtest-unit-test-tests/bin/python /workdir/aiohttp-3.8.3/.tox/cpythonlibtest-unit-test-tests/lib/python3.10/site-packages/pip/_vendor/pep517/in_process/_in_process.py build_wheel /tmp/tmpuap9z3i8
       cwd: /tmp/pip-req-build-vt60dish
  Complete output (90 lines):
  *********************
  * Accelerated build *
  *********************
  running bdist_wheel
  running build
  running build_py
  creating build
  creating build/lib.linux-x86_64-cpython-310
  creating build/lib.linux-x86_64-cpython-310/aiohttp
  copying aiohttp/client_proto.py -> build/lib.linux-x86_64-cpython-310/aiohttp
  copying aiohttp/cookiejar.py -> build/lib.linux-x86_64-cpython-310/aiohttp
  copying aiohttp/hdrs.py -> build/lib.linux-x86_64-cpython-310/aiohttp
  copying aiohttp/http_writer.py -> build/lib.linux-x86_64-cpython-310/aiohttp
  copying aiohttp/web_exceptions.py -> build/lib.linux-x86_64-cpython-310/aiohttp
  copying aiohttp/web_log.py -> build/lib.linux-x86_64-cpython-310/aiohttp
  copying aiohttp/web_server.py -> build/lib.linux-x86_64-cpython-310/aiohttp
  copying aiohttp/__init__.py -> build/lib.linux-x86_64-cpython-310/aiohttp
  copying aiohttp/pytest_plugin.py -> build/lib.linux-x86_64-cpython-310/aiohttp
  copying aiohttp/base_protocol.py -> build/lib.linux-x86_64-cpython-310/aiohttp
  copying aiohttp/web_protocol.py -> build/lib.linux-x86_64-cpython-310/aiohttp
  copying aiohttp/connector.py -> build/lib.linux-x86_64-cpython-310/aiohttp
  copying aiohttp/streams.py -> build/lib.linux-x86_64-cpython-310/aiohttp
  copying aiohttp/http_exceptions.py -> build/lib.linux-x86_64-cpython-310/aiohttp
  copying aiohttp/web_response.py -> build/lib.linux-x86_64-cpython-310/aiohttp
  copying aiohttp/locks.py -> build/lib.linux-x86_64-cpython-310/aiohttp
  copying aiohttp/http_parser.py -> build/lib.linux-x86_64-cpython-310/aiohttp
  copying aiohttp/web_urldispatcher.py -> build/lib.linux-x86_64-cpython-310/aiohttp
  copying aiohttp/abc.py -> build/lib.linux-x86_64-cpython-310/aiohttp
  copying aiohttp/web_routedef.py -> build/lib.linux-x86_64-cpython-310/aiohttp
  copying aiohttp/web_app.py -> build/lib.linux-x86_64-cpython-310/aiohttp
  copying aiohttp/helpers.py -> build/lib.linux-x86_64-cpython-310/aiohttp
  copying aiohttp/log.py -> build/lib.linux-x86_64-cpython-310/aiohttp
  copying aiohttp/payload_streamer.py -> build/lib.linux-x86_64-cpython-310/aiohttp
  copying aiohttp/typedefs.py -> build/lib.linux-x86_64-cpython-310/aiohttp
  copying aiohttp/web_ws.py -> build/lib.linux-x86_64-cpython-310/aiohttp
  copying aiohttp/test_utils.py -> build/lib.linux-x86_64-cpython-310/aiohttp
  copying aiohttp/client_ws.py -> build/lib.linux-x86_64-cpython-310/aiohttp
  copying aiohttp/http.py -> build/lib.linux-x86_64-cpython-310/aiohttp
  copying aiohttp/web_middlewares.py -> build/lib.linux-x86_64-cpython-310/aiohttp
  copying aiohttp/http_websocket.py -> build/lib.linux-x86_64-cpython-310/aiohttp
  copying aiohttp/worker.py -> build/lib.linux-x86_64-cpython-310/aiohttp
  copying aiohttp/client.py -> build/lib.linux-x86_64-cpython-310/aiohttp
  copying aiohttp/web_runner.py -> build/lib.linux-x86_64-cpython-310/aiohttp
  copying aiohttp/payload.py -> build/lib.linux-x86_64-cpython-310/aiohttp
  copying aiohttp/client_reqrep.py -> build/lib.linux-x86_64-cpython-310/aiohttp
  copying aiohttp/web_fileresponse.py -> build/lib.linux-x86_64-cpython-310/aiohttp
  copying aiohttp/web.py -> build/lib.linux-x86_64-cpython-310/aiohttp
  copying aiohttp/client_exceptions.py -> build/lib.linux-x86_64-cpython-310/aiohttp
  copying aiohttp/tcp_helpers.py -> build/lib.linux-x86_64-cpython-310/aiohttp
  copying aiohttp/tracing.py -> build/lib.linux-x86_64-cpython-310/aiohttp
  copying aiohttp/multipart.py -> build/lib.linux-x86_64-cpython-310/aiohttp
  copying aiohttp/web_request.py -> build/lib.linux-x86_64-cpython-310/aiohttp
  copying aiohttp/resolver.py -> build/lib.linux-x86_64-cpython-310/aiohttp
  copying aiohttp/formdata.py -> build/lib.linux-x86_64-cpython-310/aiohttp
  running egg_info
  writing aiohttp.egg-info/PKG-INFO
  writing dependency_links to aiohttp.egg-info/dependency_links.txt
  writing requirements to aiohttp.egg-info/requires.txt
  writing top-level names to aiohttp.egg-info/top_level.txt
  reading manifest file 'aiohttp.egg-info/SOURCES.txt'
  reading manifest template 'MANIFEST.in'
  warning: no files found matching 'aiohttp' anywhere in distribution
  warning: no previously-included files matching '*.pyc' found anywhere in distribution
  warning: no previously-included files matching '*.pyd' found anywhere in distribution
  warning: no previously-included files matching '*.so' found anywhere in distribution
  warning: no previously-included files matching '*.lib' found anywhere in distribution
  warning: no previously-included files matching '*.dll' found anywhere in distribution
  warning: no previously-included files matching '*.a' found anywhere in distribution
  warning: no previously-included files matching '*.obj' found anywhere in distribution
  warning: no previously-included files found matching 'aiohttp/*.html'
  no previously-included directories found matching 'docs/_build'
  adding license file 'LICENSE.txt'
  writing manifest file 'aiohttp.egg-info/SOURCES.txt'
  copying aiohttp/_cparser.pxd -> build/lib.linux-x86_64-cpython-310/aiohttp
  copying aiohttp/_find_header.pxd -> build/lib.linux-x86_64-cpython-310/aiohttp
  copying aiohttp/_helpers.pyi -> build/lib.linux-x86_64-cpython-310/aiohttp
  copying aiohttp/_helpers.pyx -> build/lib.linux-x86_64-cpython-310/aiohttp
  copying aiohttp/_http_parser.pyx -> build/lib.linux-x86_64-cpython-310/aiohttp
  copying aiohttp/_http_writer.pyx -> build/lib.linux-x86_64-cpython-310/aiohttp
  copying aiohttp/_websocket.pyx -> build/lib.linux-x86_64-cpython-310/aiohttp
  copying aiohttp/py.typed -> build/lib.linux-x86_64-cpython-310/aiohttp
  running build_ext
  building 'aiohttp._websocket' extension
  creating build/temp.linux-x86_64-cpython-310
  creating build/temp.linux-x86_64-cpython-310/aiohttp
  gcc -pthread -Wno-unused-result -Wsign-compare -DNDEBUG -g -fwrapv -O3 -Wall -fPIC -I/workdir/aiohttp-3.8.3/.tox/cpythonlibtest-unit-test-tests/include -I/usr/local/include/python3.10 -c aiohttp/_websocket.c -o build/temp.linux-x86_64-cpython-310/aiohttp/_websocket.o
  gcc: error: aiohttp/_websocket.c: No such file or directory
  gcc: fatal error: no input files
  compilation terminated.
  error: command '/usr/bin/gcc' failed with exit code 1
  ----------------------------------------
  ERROR: Failed building wheel for aiohttp
Failed to build aiohttp
ERROR: Could not build wheels for aiohttp, which is required to install pyproject.toml-based projects

=================================== log end ====================================
___________________________________ summary ____________________________________
ERROR:   cpythonlibtest-unit-test-tests: InvocationError for command /workdir/aiohttp-3.8.3/.tox/cpythonlibtest-unit-test-tests/bin/python -m pip install --exists-action w .tox/.tmp/package/1/aiohttp-3.8.3.tar.gz (exited with code 1)
