<?xml version="1.0" encoding="utf-8"?><testsuites><testsuite name="pytest" errors="10" failures="29" skipped="0" tests="101" time="0.783" timestamp="2023-11-20T23:18:05.946886" hostname="b80581c01e0f"><testcase classname="tests.test_adapter.TestSessionActions" name="test_get_caches[use_adapter]" time="0.006"><error message="failed on setup with &quot;AttributeError: 'HTTPResponse' object has no attribute 'strict'&quot;">Traceback (most recent call last):
  File "/workdir/CacheControl-0.12.11/.tox/cpythonlibtest-unit-test-tests/lib/python3.10/site-packages/_pytest/runner.py", line 341, in from_call
    result: Optional[TResult] = func()
  File "/workdir/CacheControl-0.12.11/.tox/cpythonlibtest-unit-test-tests/lib/python3.10/site-packages/_pytest/runner.py", line 262, in &lt;lambda&gt;
    lambda: ihook(item=item, **kwds), when=when, reraise=reraise
  File "/workdir/CacheControl-0.12.11/.tox/cpythonlibtest-unit-test-tests/lib/python3.10/site-packages/pluggy/_hooks.py", line 493, in __call__
    return self._hookexec(self.name, self._hookimpls, kwargs, firstresult)
  File "/workdir/CacheControl-0.12.11/.tox/cpythonlibtest-unit-test-tests/lib/python3.10/site-packages/pluggy/_manager.py", line 115, in _hookexec
    return self._inner_hookexec(hook_name, methods, kwargs, firstresult)
  File "/workdir/CacheControl-0.12.11/.tox/cpythonlibtest-unit-test-tests/lib/python3.10/site-packages/pluggy/_callers.py", line 152, in _multicall
    return outcome.get_result()
  File "/workdir/CacheControl-0.12.11/.tox/cpythonlibtest-unit-test-tests/lib/python3.10/site-packages/pluggy/_result.py", line 114, in get_result
    raise exc.with_traceback(exc.__traceback__)
  File "/workdir/CacheControl-0.12.11/.tox/cpythonlibtest-unit-test-tests/lib/python3.10/site-packages/pluggy/_callers.py", line 77, in _multicall
    res = hook_impl.function(*args)
  File "/workdir/CacheControl-0.12.11/.tox/cpythonlibtest-unit-test-tests/lib/python3.10/site-packages/_pytest/runner.py", line 157, in pytest_runtest_setup
    item.session._setupstate.setup(item)
  File "/workdir/CacheControl-0.12.11/.tox/cpythonlibtest-unit-test-tests/lib/python3.10/site-packages/_pytest/runner.py", line 497, in setup
    raise exc
  File "/workdir/CacheControl-0.12.11/.tox/cpythonlibtest-unit-test-tests/lib/python3.10/site-packages/_pytest/runner.py", line 494, in setup
    col.setup()
  File "/workdir/CacheControl-0.12.11/.tox/cpythonlibtest-unit-test-tests/lib/python3.10/site-packages/_pytest/python.py", line 1795, in setup
    self._request._fillfixtures()
  File "/workdir/CacheControl-0.12.11/.tox/cpythonlibtest-unit-test-tests/lib/python3.10/site-packages/_pytest/fixtures.py", line 566, in _fillfixtures
    item.funcargs[argname] = self.getfixturevalue(argname)
  File "/workdir/CacheControl-0.12.11/.tox/cpythonlibtest-unit-test-tests/lib/python3.10/site-packages/_pytest/fixtures.py", line 585, in getfixturevalue
    fixturedef = self._get_active_fixturedef(argname)
  File "/workdir/CacheControl-0.12.11/.tox/cpythonlibtest-unit-test-tests/lib/python3.10/site-packages/_pytest/fixtures.py", line 607, in _get_active_fixturedef
    self._compute_fixture_value(fixturedef)
  File "/workdir/CacheControl-0.12.11/.tox/cpythonlibtest-unit-test-tests/lib/python3.10/site-packages/_pytest/fixtures.py", line 693, in _compute_fixture_value
    fixturedef.execute(request=subrequest)
  File "/workdir/CacheControl-0.12.11/.tox/cpythonlibtest-unit-test-tests/lib/python3.10/site-packages/_pytest/fixtures.py", line 1069, in execute
    result = ihook.pytest_fixture_setup(fixturedef=self, request=request)
  File "/workdir/CacheControl-0.12.11/.tox/cpythonlibtest-unit-test-tests/lib/python3.10/site-packages/pluggy/_hooks.py", line 493, in __call__
    return self._hookexec(self.name, self._hookimpls, kwargs, firstresult)
  File "/workdir/CacheControl-0.12.11/.tox/cpythonlibtest-unit-test-tests/lib/python3.10/site-packages/pluggy/_manager.py", line 115, in _hookexec
    return self._inner_hookexec(hook_name, methods, kwargs, firstresult)
  File "/workdir/CacheControl-0.12.11/.tox/cpythonlibtest-unit-test-tests/lib/python3.10/site-packages/pluggy/_callers.py", line 152, in _multicall
    return outcome.get_result()
  File "/workdir/CacheControl-0.12.11/.tox/cpythonlibtest-unit-test-tests/lib/python3.10/site-packages/pluggy/_result.py", line 114, in get_result
    raise exc.with_traceback(exc.__traceback__)
  File "/workdir/CacheControl-0.12.11/.tox/cpythonlibtest-unit-test-tests/lib/python3.10/site-packages/pluggy/_callers.py", line 77, in _multicall
    res = hook_impl.function(*args)
  File "/workdir/CacheControl-0.12.11/.tox/cpythonlibtest-unit-test-tests/lib/python3.10/site-packages/_pytest/fixtures.py", line 1123, in pytest_fixture_setup
    result = call_fixture_func(fixturefunc, request, kwargs)
  File "/workdir/CacheControl-0.12.11/.tox/cpythonlibtest-unit-test-tests/lib/python3.10/site-packages/_pytest/fixtures.py", line 895, in call_fixture_func
    fixture_result = next(generator)
  File "/workdir/CacheControl-0.12.11/tests/test_adapter.py", line 30, in sess
    sess.get(url)
  File "/workdir/CacheControl-0.12.11/.tox/cpythonlibtest-unit-test-tests/lib/python3.10/site-packages/requests/sessions.py", line 602, in get
    return self.request("GET", url, **kwargs)
  File "/workdir/CacheControl-0.12.11/.tox/cpythonlibtest-unit-test-tests/lib/python3.10/site-packages/requests/sessions.py", line 589, in request
    resp = self.send(prep, **send_kwargs)
  File "/workdir/CacheControl-0.12.11/.tox/cpythonlibtest-unit-test-tests/lib/python3.10/site-packages/requests/sessions.py", line 747, in send
    r.content
  File "/workdir/CacheControl-0.12.11/.tox/cpythonlibtest-unit-test-tests/lib/python3.10/site-packages/requests/models.py", line 899, in content
    self._content = b"".join(self.iter_content(CONTENT_CHUNK_SIZE)) or b""
  File "/workdir/CacheControl-0.12.11/.tox/cpythonlibtest-unit-test-tests/lib/python3.10/site-packages/requests/models.py", line 816, in generate
    yield from self.raw.stream(chunk_size, decode_content=True)
  File "/workdir/CacheControl-0.12.11/.tox/cpythonlibtest-unit-test-tests/lib/python3.10/site-packages/urllib3/response.py", line 931, in stream
    yield from self.read_chunked(amt, decode_content=decode_content)
  File "/workdir/CacheControl-0.12.11/.tox/cpythonlibtest-unit-test-tests/lib/python3.10/site-packages/urllib3/response.py", line 1071, in read_chunked
    self._update_chunk_length()
  File "/workdir/CacheControl-0.12.11/.tox/cpythonlibtest-unit-test-tests/lib/python3.10/site-packages/cachecontrol/adapter.py", line 117, in _update_chunk_length
    self._fp._close()
  File "/workdir/CacheControl-0.12.11/.tox/cpythonlibtest-unit-test-tests/lib/python3.10/site-packages/cachecontrol/filewrapper.py", line 76, in _close
    self.__callback(result)
  File "/workdir/CacheControl-0.12.11/.tox/cpythonlibtest-unit-test-tests/lib/python3.10/site-packages/cachecontrol/controller.py", line 370, in cache_response
    self._cache_set(
  File "/workdir/CacheControl-0.12.11/.tox/cpythonlibtest-unit-test-tests/lib/python3.10/site-packages/cachecontrol/controller.py", line 274, in _cache_set
    self.serializer.dumps(request, response, body),
  File "/workdir/CacheControl-0.12.11/.tox/cpythonlibtest-unit-test-tests/lib/python3.10/site-packages/cachecontrol/serialize.py", line 54, in dumps
    u"strict": response.strict,
AttributeError: 'HTTPResponse' object has no attribute 'strict'</error></testcase><testcase classname="tests.test_adapter.TestSessionActions" name="test_get_caches[use_wrapper]" time="0.005"><error message="failed on setup with &quot;AttributeError: 'HTTPResponse' object has no attribute 'strict'&quot;">Traceback (most recent call last):
  File "/workdir/CacheControl-0.12.11/.tox/cpythonlibtest-unit-test-tests/lib/python3.10/site-packages/_pytest/runner.py", line 341, in from_call
    result: Optional[TResult] = func()
  File "/workdir/CacheControl-0.12.11/.tox/cpythonlibtest-unit-test-tests/lib/python3.10/site-packages/_pytest/runner.py", line 262, in &lt;lambda&gt;
    lambda: ihook(item=item, **kwds), when=when, reraise=reraise
  File "/workdir/CacheControl-0.12.11/.tox/cpythonlibtest-unit-test-tests/lib/python3.10/site-packages/pluggy/_hooks.py", line 493, in __call__
    return self._hookexec(self.name, self._hookimpls, kwargs, firstresult)
  File "/workdir/CacheControl-0.12.11/.tox/cpythonlibtest-unit-test-tests/lib/python3.10/site-packages/pluggy/_manager.py", line 115, in _hookexec
    return self._inner_hookexec(hook_name, methods, kwargs, firstresult)
  File "/workdir/CacheControl-0.12.11/.tox/cpythonlibtest-unit-test-tests/lib/python3.10/site-packages/pluggy/_callers.py", line 152, in _multicall
    return outcome.get_result()
  File "/workdir/CacheControl-0.12.11/.tox/cpythonlibtest-unit-test-tests/lib/python3.10/site-packages/pluggy/_result.py", line 114, in get_result
    raise exc.with_traceback(exc.__traceback__)
  File "/workdir/CacheControl-0.12.11/.tox/cpythonlibtest-unit-test-tests/lib/python3.10/site-packages/pluggy/_callers.py", line 77, in _multicall
    res = hook_impl.function(*args)
  File "/workdir/CacheControl-0.12.11/.tox/cpythonlibtest-unit-test-tests/lib/python3.10/site-packages/_pytest/runner.py", line 157, in pytest_runtest_setup
    item.session._setupstate.setup(item)
  File "/workdir/CacheControl-0.12.11/.tox/cpythonlibtest-unit-test-tests/lib/python3.10/site-packages/_pytest/runner.py", line 497, in setup
    raise exc
  File "/workdir/CacheControl-0.12.11/.tox/cpythonlibtest-unit-test-tests/lib/python3.10/site-packages/_pytest/runner.py", line 494, in setup
    col.setup()
  File "/workdir/CacheControl-0.12.11/.tox/cpythonlibtest-unit-test-tests/lib/python3.10/site-packages/_pytest/python.py", line 1795, in setup
    self._request._fillfixtures()
  File "/workdir/CacheControl-0.12.11/.tox/cpythonlibtest-unit-test-tests/lib/python3.10/site-packages/_pytest/fixtures.py", line 566, in _fillfixtures
    item.funcargs[argname] = self.getfixturevalue(argname)
  File "/workdir/CacheControl-0.12.11/.tox/cpythonlibtest-unit-test-tests/lib/python3.10/site-packages/_pytest/fixtures.py", line 585, in getfixturevalue
    fixturedef = self._get_active_fixturedef(argname)
  File "/workdir/CacheControl-0.12.11/.tox/cpythonlibtest-unit-test-tests/lib/python3.10/site-packages/_pytest/fixtures.py", line 607, in _get_active_fixturedef
    self._compute_fixture_value(fixturedef)
  File "/workdir/CacheControl-0.12.11/.tox/cpythonlibtest-unit-test-tests/lib/python3.10/site-packages/_pytest/fixtures.py", line 693, in _compute_fixture_value
    fixturedef.execute(request=subrequest)
  File "/workdir/CacheControl-0.12.11/.tox/cpythonlibtest-unit-test-tests/lib/python3.10/site-packages/_pytest/fixtures.py", line 1069, in execute
    result = ihook.pytest_fixture_setup(fixturedef=self, request=request)
  File "/workdir/CacheControl-0.12.11/.tox/cpythonlibtest-unit-test-tests/lib/python3.10/site-packages/pluggy/_hooks.py", line 493, in __call__
    return self._hookexec(self.name, self._hookimpls, kwargs, firstresult)
  File "/workdir/CacheControl-0.12.11/.tox/cpythonlibtest-unit-test-tests/lib/python3.10/site-packages/pluggy/_manager.py", line 115, in _hookexec
    return self._inner_hookexec(hook_name, methods, kwargs, firstresult)
  File "/workdir/CacheControl-0.12.11/.tox/cpythonlibtest-unit-test-tests/lib/python3.10/site-packages/pluggy/_callers.py", line 152, in _multicall
    return outcome.get_result()
  File "/workdir/CacheControl-0.12.11/.tox/cpythonlibtest-unit-test-tests/lib/python3.10/site-packages/pluggy/_result.py", line 114, in get_result
    raise exc.with_traceback(exc.__traceback__)
  File "/workdir/CacheControl-0.12.11/.tox/cpythonlibtest-unit-test-tests/lib/python3.10/site-packages/pluggy/_callers.py", line 77, in _multicall
    res = hook_impl.function(*args)
  File "/workdir/CacheControl-0.12.11/.tox/cpythonlibtest-unit-test-tests/lib/python3.10/site-packages/_pytest/fixtures.py", line 1123, in pytest_fixture_setup
    result = call_fixture_func(fixturefunc, request, kwargs)
  File "/workdir/CacheControl-0.12.11/.tox/cpythonlibtest-unit-test-tests/lib/python3.10/site-packages/_pytest/fixtures.py", line 895, in call_fixture_func
    fixture_result = next(generator)
  File "/workdir/CacheControl-0.12.11/tests/test_adapter.py", line 30, in sess
    sess.get(url)
  File "/workdir/CacheControl-0.12.11/.tox/cpythonlibtest-unit-test-tests/lib/python3.10/site-packages/requests/sessions.py", line 602, in get
    return self.request("GET", url, **kwargs)
  File "/workdir/CacheControl-0.12.11/.tox/cpythonlibtest-unit-test-tests/lib/python3.10/site-packages/requests/sessions.py", line 589, in request
    resp = self.send(prep, **send_kwargs)
  File "/workdir/CacheControl-0.12.11/.tox/cpythonlibtest-unit-test-tests/lib/python3.10/site-packages/requests/sessions.py", line 747, in send
    r.content
  File "/workdir/CacheControl-0.12.11/.tox/cpythonlibtest-unit-test-tests/lib/python3.10/site-packages/requests/models.py", line 899, in content
    self._content = b"".join(self.iter_content(CONTENT_CHUNK_SIZE)) or b""
  File "/workdir/CacheControl-0.12.11/.tox/cpythonlibtest-unit-test-tests/lib/python3.10/site-packages/requests/models.py", line 816, in generate
    yield from self.raw.stream(chunk_size, decode_content=True)
  File "/workdir/CacheControl-0.12.11/.tox/cpythonlibtest-unit-test-tests/lib/python3.10/site-packages/urllib3/response.py", line 931, in stream
    yield from self.read_chunked(amt, decode_content=decode_content)
  File "/workdir/CacheControl-0.12.11/.tox/cpythonlibtest-unit-test-tests/lib/python3.10/site-packages/urllib3/response.py", line 1071, in read_chunked
    self._update_chunk_length()
  File "/workdir/CacheControl-0.12.11/.tox/cpythonlibtest-unit-test-tests/lib/python3.10/site-packages/cachecontrol/adapter.py", line 117, in _update_chunk_length
    self._fp._close()
  File "/workdir/CacheControl-0.12.11/.tox/cpythonlibtest-unit-test-tests/lib/python3.10/site-packages/cachecontrol/filewrapper.py", line 76, in _close
    self.__callback(result)
  File "/workdir/CacheControl-0.12.11/.tox/cpythonlibtest-unit-test-tests/lib/python3.10/site-packages/cachecontrol/controller.py", line 370, in cache_response
    self._cache_set(
  File "/workdir/CacheControl-0.12.11/.tox/cpythonlibtest-unit-test-tests/lib/python3.10/site-packages/cachecontrol/controller.py", line 274, in _cache_set
    self.serializer.dumps(request, response, body),
  File "/workdir/CacheControl-0.12.11/.tox/cpythonlibtest-unit-test-tests/lib/python3.10/site-packages/cachecontrol/serialize.py", line 54, in dumps
    u"strict": response.strict,
AttributeError: 'HTTPResponse' object has no attribute 'strict'</error></testcase><testcase classname="tests.test_adapter.TestSessionActions" name="test_get_with_no_cache_does_not_cache[use_adapter]" time="0.004"><error message="failed on setup with &quot;AttributeError: 'HTTPResponse' object has no attribute 'strict'&quot;">Traceback (most recent call last):
  File "/workdir/CacheControl-0.12.11/.tox/cpythonlibtest-unit-test-tests/lib/python3.10/site-packages/_pytest/runner.py", line 341, in from_call
    result: Optional[TResult] = func()
  File "/workdir/CacheControl-0.12.11/.tox/cpythonlibtest-unit-test-tests/lib/python3.10/site-packages/_pytest/runner.py", line 262, in &lt;lambda&gt;
    lambda: ihook(item=item, **kwds), when=when, reraise=reraise
  File "/workdir/CacheControl-0.12.11/.tox/cpythonlibtest-unit-test-tests/lib/python3.10/site-packages/pluggy/_hooks.py", line 493, in __call__
    return self._hookexec(self.name, self._hookimpls, kwargs, firstresult)
  File "/workdir/CacheControl-0.12.11/.tox/cpythonlibtest-unit-test-tests/lib/python3.10/site-packages/pluggy/_manager.py", line 115, in _hookexec
    return self._inner_hookexec(hook_name, methods, kwargs, firstresult)
  File "/workdir/CacheControl-0.12.11/.tox/cpythonlibtest-unit-test-tests/lib/python3.10/site-packages/pluggy/_callers.py", line 152, in _multicall
    return outcome.get_result()
  File "/workdir/CacheControl-0.12.11/.tox/cpythonlibtest-unit-test-tests/lib/python3.10/site-packages/pluggy/_result.py", line 114, in get_result
    raise exc.with_traceback(exc.__traceback__)
  File "/workdir/CacheControl-0.12.11/.tox/cpythonlibtest-unit-test-tests/lib/python3.10/site-packages/pluggy/_callers.py", line 77, in _multicall
    res = hook_impl.function(*args)
  File "/workdir/CacheControl-0.12.11/.tox/cpythonlibtest-unit-test-tests/lib/python3.10/site-packages/_pytest/runner.py", line 157, in pytest_runtest_setup
    item.session._setupstate.setup(item)
  File "/workdir/CacheControl-0.12.11/.tox/cpythonlibtest-unit-test-tests/lib/python3.10/site-packages/_pytest/runner.py", line 497, in setup
    raise exc
  File "/workdir/CacheControl-0.12.11/.tox/cpythonlibtest-unit-test-tests/lib/python3.10/site-packages/_pytest/runner.py", line 494, in setup
    col.setup()
  File "/workdir/CacheControl-0.12.11/.tox/cpythonlibtest-unit-test-tests/lib/python3.10/site-packages/_pytest/python.py", line 1795, in setup
    self._request._fillfixtures()
  File "/workdir/CacheControl-0.12.11/.tox/cpythonlibtest-unit-test-tests/lib/python3.10/site-packages/_pytest/fixtures.py", line 566, in _fillfixtures
    item.funcargs[argname] = self.getfixturevalue(argname)
  File "/workdir/CacheControl-0.12.11/.tox/cpythonlibtest-unit-test-tests/lib/python3.10/site-packages/_pytest/fixtures.py", line 585, in getfixturevalue
    fixturedef = self._get_active_fixturedef(argname)
  File "/workdir/CacheControl-0.12.11/.tox/cpythonlibtest-unit-test-tests/lib/python3.10/site-packages/_pytest/fixtures.py", line 607, in _get_active_fixturedef
    self._compute_fixture_value(fixturedef)
  File "/workdir/CacheControl-0.12.11/.tox/cpythonlibtest-unit-test-tests/lib/python3.10/site-packages/_pytest/fixtures.py", line 693, in _compute_fixture_value
    fixturedef.execute(request=subrequest)
  File "/workdir/CacheControl-0.12.11/.tox/cpythonlibtest-unit-test-tests/lib/python3.10/site-packages/_pytest/fixtures.py", line 1069, in execute
    result = ihook.pytest_fixture_setup(fixturedef=self, request=request)
  File "/workdir/CacheControl-0.12.11/.tox/cpythonlibtest-unit-test-tests/lib/python3.10/site-packages/pluggy/_hooks.py", line 493, in __call__
    return self._hookexec(self.name, self._hookimpls, kwargs, firstresult)
  File "/workdir/CacheControl-0.12.11/.tox/cpythonlibtest-unit-test-tests/lib/python3.10/site-packages/pluggy/_manager.py", line 115, in _hookexec
    return self._inner_hookexec(hook_name, methods, kwargs, firstresult)
  File "/workdir/CacheControl-0.12.11/.tox/cpythonlibtest-unit-test-tests/lib/python3.10/site-packages/pluggy/_callers.py", line 152, in _multicall
    return outcome.get_result()
  File "/workdir/CacheControl-0.12.11/.tox/cpythonlibtest-unit-test-tests/lib/python3.10/site-packages/pluggy/_result.py", line 114, in get_result
    raise exc.with_traceback(exc.__traceback__)
  File "/workdir/CacheControl-0.12.11/.tox/cpythonlibtest-unit-test-tests/lib/python3.10/site-packages/pluggy/_callers.py", line 77, in _multicall
    res = hook_impl.function(*args)
  File "/workdir/CacheControl-0.12.11/.tox/cpythonlibtest-unit-test-tests/lib/python3.10/site-packages/_pytest/fixtures.py", line 1123, in pytest_fixture_setup
    result = call_fixture_func(fixturefunc, request, kwargs)
  File "/workdir/CacheControl-0.12.11/.tox/cpythonlibtest-unit-test-tests/lib/python3.10/site-packages/_pytest/fixtures.py", line 895, in call_fixture_func
    fixture_result = next(generator)
  File "/workdir/CacheControl-0.12.11/tests/test_adapter.py", line 30, in sess
    sess.get(url)
  File "/workdir/CacheControl-0.12.11/.tox/cpythonlibtest-unit-test-tests/lib/python3.10/site-packages/requests/sessions.py", line 602, in get
    return self.request("GET", url, **kwargs)
  File "/workdir/CacheControl-0.12.11/.tox/cpythonlibtest-unit-test-tests/lib/python3.10/site-packages/requests/sessions.py", line 589, in request
    resp = self.send(prep, **send_kwargs)
  File "/workdir/CacheControl-0.12.11/.tox/cpythonlibtest-unit-test-tests/lib/python3.10/site-packages/requests/sessions.py", line 747, in send
    r.content
  File "/workdir/CacheControl-0.12.11/.tox/cpythonlibtest-unit-test-tests/lib/python3.10/site-packages/requests/models.py", line 899, in content
    self._content = b"".join(self.iter_content(CONTENT_CHUNK_SIZE)) or b""
  File "/workdir/CacheControl-0.12.11/.tox/cpythonlibtest-unit-test-tests/lib/python3.10/site-packages/requests/models.py", line 816, in generate
    yield from self.raw.stream(chunk_size, decode_content=True)
  File "/workdir/CacheControl-0.12.11/.tox/cpythonlibtest-unit-test-tests/lib/python3.10/site-packages/urllib3/response.py", line 931, in stream
    yield from self.read_chunked(amt, decode_content=decode_content)
  File "/workdir/CacheControl-0.12.11/.tox/cpythonlibtest-unit-test-tests/lib/python3.10/site-packages/urllib3/response.py", line 1071, in read_chunked
    self._update_chunk_length()
  File "/workdir/CacheControl-0.12.11/.tox/cpythonlibtest-unit-test-tests/lib/python3.10/site-packages/cachecontrol/adapter.py", line 117, in _update_chunk_length
    self._fp._close()
  File "/workdir/CacheControl-0.12.11/.tox/cpythonlibtest-unit-test-tests/lib/python3.10/site-packages/cachecontrol/filewrapper.py", line 76, in _close
    self.__callback(result)
  File "/workdir/CacheControl-0.12.11/.tox/cpythonlibtest-unit-test-tests/lib/python3.10/site-packages/cachecontrol/controller.py", line 370, in cache_response
    self._cache_set(
  File "/workdir/CacheControl-0.12.11/.tox/cpythonlibtest-unit-test-tests/lib/python3.10/site-packages/cachecontrol/controller.py", line 274, in _cache_set
    self.serializer.dumps(request, response, body),
  File "/workdir/CacheControl-0.12.11/.tox/cpythonlibtest-unit-test-tests/lib/python3.10/site-packages/cachecontrol/serialize.py", line 54, in dumps
    u"strict": response.strict,
AttributeError: 'HTTPResponse' object has no attribute 'strict'</error></testcase><testcase classname="tests.test_adapter.TestSessionActions" name="test_get_with_no_cache_does_not_cache[use_wrapper]" time="0.005"><error message="failed on setup with &quot;AttributeError: 'HTTPResponse' object has no attribute 'strict'&quot;">Traceback (most recent call last):
  File "/workdir/CacheControl-0.12.11/.tox/cpythonlibtest-unit-test-tests/lib/python3.10/site-packages/_pytest/runner.py", line 341, in from_call
    result: Optional[TResult] = func()
  File "/workdir/CacheControl-0.12.11/.tox/cpythonlibtest-unit-test-tests/lib/python3.10/site-packages/_pytest/runner.py", line 262, in &lt;lambda&gt;
    lambda: ihook(item=item, **kwds), when=when, reraise=reraise
  File "/workdir/CacheControl-0.12.11/.tox/cpythonlibtest-unit-test-tests/lib/python3.10/site-packages/pluggy/_hooks.py", line 493, in __call__
    return self._hookexec(self.name, self._hookimpls, kwargs, firstresult)
  File "/workdir/CacheControl-0.12.11/.tox/cpythonlibtest-unit-test-tests/lib/python3.10/site-packages/pluggy/_manager.py", line 115, in _hookexec
    return self._inner_hookexec(hook_name, methods, kwargs, firstresult)
  File "/workdir/CacheControl-0.12.11/.tox/cpythonlibtest-unit-test-tests/lib/python3.10/site-packages/pluggy/_callers.py", line 152, in _multicall
    return outcome.get_result()
  File "/workdir/CacheControl-0.12.11/.tox/cpythonlibtest-unit-test-tests/lib/python3.10/site-packages/pluggy/_result.py", line 114, in get_result
    raise exc.with_traceback(exc.__traceback__)
  File "/workdir/CacheControl-0.12.11/.tox/cpythonlibtest-unit-test-tests/lib/python3.10/site-packages/pluggy/_callers.py", line 77, in _multicall
    res = hook_impl.function(*args)
  File "/workdir/CacheControl-0.12.11/.tox/cpythonlibtest-unit-test-tests/lib/python3.10/site-packages/_pytest/runner.py", line 157, in pytest_runtest_setup
    item.session._setupstate.setup(item)
  File "/workdir/CacheControl-0.12.11/.tox/cpythonlibtest-unit-test-tests/lib/python3.10/site-packages/_pytest/runner.py", line 497, in setup
    raise exc
  File "/workdir/CacheControl-0.12.11/.tox/cpythonlibtest-unit-test-tests/lib/python3.10/site-packages/_pytest/runner.py", line 494, in setup
    col.setup()
  File "/workdir/CacheControl-0.12.11/.tox/cpythonlibtest-unit-test-tests/lib/python3.10/site-packages/_pytest/python.py", line 1795, in setup
    self._request._fillfixtures()
  File "/workdir/CacheControl-0.12.11/.tox/cpythonlibtest-unit-test-tests/lib/python3.10/site-packages/_pytest/fixtures.py", line 566, in _fillfixtures
    item.funcargs[argname] = self.getfixturevalue(argname)
  File "/workdir/CacheControl-0.12.11/.tox/cpythonlibtest-unit-test-tests/lib/python3.10/site-packages/_pytest/fixtures.py", line 585, in getfixturevalue
    fixturedef = self._get_active_fixturedef(argname)
  File "/workdir/CacheControl-0.12.11/.tox/cpythonlibtest-unit-test-tests/lib/python3.10/site-packages/_pytest/fixtures.py", line 607, in _get_active_fixturedef
    self._compute_fixture_value(fixturedef)
  File "/workdir/CacheControl-0.12.11/.tox/cpythonlibtest-unit-test-tests/lib/python3.10/site-packages/_pytest/fixtures.py", line 693, in _compute_fixture_value
    fixturedef.execute(request=subrequest)
  File "/workdir/CacheControl-0.12.11/.tox/cpythonlibtest-unit-test-tests/lib/python3.10/site-packages/_pytest/fixtures.py", line 1069, in execute
    result = ihook.pytest_fixture_setup(fixturedef=self, request=request)
  File "/workdir/CacheControl-0.12.11/.tox/cpythonlibtest-unit-test-tests/lib/python3.10/site-packages/pluggy/_hooks.py", line 493, in __call__
    return self._hookexec(self.name, self._hookimpls, kwargs, firstresult)
  File "/workdir/CacheControl-0.12.11/.tox/cpythonlibtest-unit-test-tests/lib/python3.10/site-packages/pluggy/_manager.py", line 115, in _hookexec
    return self._inner_hookexec(hook_name, methods, kwargs, firstresult)
  File "/workdir/CacheControl-0.12.11/.tox/cpythonlibtest-unit-test-tests/lib/python3.10/site-packages/pluggy/_callers.py", line 152, in _multicall
    return outcome.get_result()
  File "/workdir/CacheControl-0.12.11/.tox/cpythonlibtest-unit-test-tests/lib/python3.10/site-packages/pluggy/_result.py", line 114, in get_result
    raise exc.with_traceback(exc.__traceback__)
  File "/workdir/CacheControl-0.12.11/.tox/cpythonlibtest-unit-test-tests/lib/python3.10/site-packages/pluggy/_callers.py", line 77, in _multicall
    res = hook_impl.function(*args)
  File "/workdir/CacheControl-0.12.11/.tox/cpythonlibtest-unit-test-tests/lib/python3.10/site-packages/_pytest/fixtures.py", line 1123, in pytest_fixture_setup
    result = call_fixture_func(fixturefunc, request, kwargs)
  File "/workdir/CacheControl-0.12.11/.tox/cpythonlibtest-unit-test-tests/lib/python3.10/site-packages/_pytest/fixtures.py", line 895, in call_fixture_func
    fixture_result = next(generator)
  File "/workdir/CacheControl-0.12.11/tests/test_adapter.py", line 30, in sess
    sess.get(url)
  File "/workdir/CacheControl-0.12.11/.tox/cpythonlibtest-unit-test-tests/lib/python3.10/site-packages/requests/sessions.py", line 602, in get
    return self.request("GET", url, **kwargs)
  File "/workdir/CacheControl-0.12.11/.tox/cpythonlibtest-unit-test-tests/lib/python3.10/site-packages/requests/sessions.py", line 589, in request
    resp = self.send(prep, **send_kwargs)
  File "/workdir/CacheControl-0.12.11/.tox/cpythonlibtest-unit-test-tests/lib/python3.10/site-packages/requests/sessions.py", line 747, in send
    r.content
  File "/workdir/CacheControl-0.12.11/.tox/cpythonlibtest-unit-test-tests/lib/python3.10/site-packages/requests/models.py", line 899, in content
    self._content = b"".join(self.iter_content(CONTENT_CHUNK_SIZE)) or b""
  File "/workdir/CacheControl-0.12.11/.tox/cpythonlibtest-unit-test-tests/lib/python3.10/site-packages/requests/models.py", line 816, in generate
    yield from self.raw.stream(chunk_size, decode_content=True)
  File "/workdir/CacheControl-0.12.11/.tox/cpythonlibtest-unit-test-tests/lib/python3.10/site-packages/urllib3/response.py", line 931, in stream
    yield from self.read_chunked(amt, decode_content=decode_content)
  File "/workdir/CacheControl-0.12.11/.tox/cpythonlibtest-unit-test-tests/lib/python3.10/site-packages/urllib3/response.py", line 1071, in read_chunked
    self._update_chunk_length()
  File "/workdir/CacheControl-0.12.11/.tox/cpythonlibtest-unit-test-tests/lib/python3.10/site-packages/cachecontrol/adapter.py", line 117, in _update_chunk_length
    self._fp._close()
  File "/workdir/CacheControl-0.12.11/.tox/cpythonlibtest-unit-test-tests/lib/python3.10/site-packages/cachecontrol/filewrapper.py", line 76, in _close
    self.__callback(result)
  File "/workdir/CacheControl-0.12.11/.tox/cpythonlibtest-unit-test-tests/lib/python3.10/site-packages/cachecontrol/controller.py", line 370, in cache_response
    self._cache_set(
  File "/workdir/CacheControl-0.12.11/.tox/cpythonlibtest-unit-test-tests/lib/python3.10/site-packages/cachecontrol/controller.py", line 274, in _cache_set
    self.serializer.dumps(request, response, body),
  File "/workdir/CacheControl-0.12.11/.tox/cpythonlibtest-unit-test-tests/lib/python3.10/site-packages/cachecontrol/serialize.py", line 54, in dumps
    u"strict": response.strict,
AttributeError: 'HTTPResponse' object has no attribute 'strict'</error></testcase><testcase classname="tests.test_adapter.TestSessionActions" name="test_put_invalidates_cache[use_adapter]" time="0.004"><error message="failed on setup with &quot;AttributeError: 'HTTPResponse' object has no attribute 'strict'&quot;">Traceback (most recent call last):
  File "/workdir/CacheControl-0.12.11/.tox/cpythonlibtest-unit-test-tests/lib/python3.10/site-packages/_pytest/runner.py", line 341, in from_call
    result: Optional[TResult] = func()
  File "/workdir/CacheControl-0.12.11/.tox/cpythonlibtest-unit-test-tests/lib/python3.10/site-packages/_pytest/runner.py", line 262, in &lt;lambda&gt;
    lambda: ihook(item=item, **kwds), when=when, reraise=reraise
  File "/workdir/CacheControl-0.12.11/.tox/cpythonlibtest-unit-test-tests/lib/python3.10/site-packages/pluggy/_hooks.py", line 493, in __call__
    return self._hookexec(self.name, self._hookimpls, kwargs, firstresult)
  File "/workdir/CacheControl-0.12.11/.tox/cpythonlibtest-unit-test-tests/lib/python3.10/site-packages/pluggy/_manager.py", line 115, in _hookexec
    return self._inner_hookexec(hook_name, methods, kwargs, firstresult)
  File "/workdir/CacheControl-0.12.11/.tox/cpythonlibtest-unit-test-tests/lib/python3.10/site-packages/pluggy/_callers.py", line 152, in _multicall
    return outcome.get_result()
  File "/workdir/CacheControl-0.12.11/.tox/cpythonlibtest-unit-test-tests/lib/python3.10/site-packages/pluggy/_result.py", line 114, in get_result
    raise exc.with_traceback(exc.__traceback__)
  File "/workdir/CacheControl-0.12.11/.tox/cpythonlibtest-unit-test-tests/lib/python3.10/site-packages/pluggy/_callers.py", line 77, in _multicall
    res = hook_impl.function(*args)
  File "/workdir/CacheControl-0.12.11/.tox/cpythonlibtest-unit-test-tests/lib/python3.10/site-packages/_pytest/runner.py", line 157, in pytest_runtest_setup
    item.session._setupstate.setup(item)
  File "/workdir/CacheControl-0.12.11/.tox/cpythonlibtest-unit-test-tests/lib/python3.10/site-packages/_pytest/runner.py", line 497, in setup
    raise exc
  File "/workdir/CacheControl-0.12.11/.tox/cpythonlibtest-unit-test-tests/lib/python3.10/site-packages/_pytest/runner.py", line 494, in setup
    col.setup()
  File "/workdir/CacheControl-0.12.11/.tox/cpythonlibtest-unit-test-tests/lib/python3.10/site-packages/_pytest/python.py", line 1795, in setup
    self._request._fillfixtures()
  File "/workdir/CacheControl-0.12.11/.tox/cpythonlibtest-unit-test-tests/lib/python3.10/site-packages/_pytest/fixtures.py", line 566, in _fillfixtures
    item.funcargs[argname] = self.getfixturevalue(argname)
  File "/workdir/CacheControl-0.12.11/.tox/cpythonlibtest-unit-test-tests/lib/python3.10/site-packages/_pytest/fixtures.py", line 585, in getfixturevalue
    fixturedef = self._get_active_fixturedef(argname)
  File "/workdir/CacheControl-0.12.11/.tox/cpythonlibtest-unit-test-tests/lib/python3.10/site-packages/_pytest/fixtures.py", line 607, in _get_active_fixturedef
    self._compute_fixture_value(fixturedef)
  File "/workdir/CacheControl-0.12.11/.tox/cpythonlibtest-unit-test-tests/lib/python3.10/site-packages/_pytest/fixtures.py", line 693, in _compute_fixture_value
    fixturedef.execute(request=subrequest)
  File "/workdir/CacheControl-0.12.11/.tox/cpythonlibtest-unit-test-tests/lib/python3.10/site-packages/_pytest/fixtures.py", line 1069, in execute
    result = ihook.pytest_fixture_setup(fixturedef=self, request=request)
  File "/workdir/CacheControl-0.12.11/.tox/cpythonlibtest-unit-test-tests/lib/python3.10/site-packages/pluggy/_hooks.py", line 493, in __call__
    return self._hookexec(self.name, self._hookimpls, kwargs, firstresult)
  File "/workdir/CacheControl-0.12.11/.tox/cpythonlibtest-unit-test-tests/lib/python3.10/site-packages/pluggy/_manager.py", line 115, in _hookexec
    return self._inner_hookexec(hook_name, methods, kwargs, firstresult)
  File "/workdir/CacheControl-0.12.11/.tox/cpythonlibtest-unit-test-tests/lib/python3.10/site-packages/pluggy/_callers.py", line 152, in _multicall
    return outcome.get_result()
  File "/workdir/CacheControl-0.12.11/.tox/cpythonlibtest-unit-test-tests/lib/python3.10/site-packages/pluggy/_result.py", line 114, in get_result
    raise exc.with_traceback(exc.__traceback__)
  File "/workdir/CacheControl-0.12.11/.tox/cpythonlibtest-unit-test-tests/lib/python3.10/site-packages/pluggy/_callers.py", line 77, in _multicall
    res = hook_impl.function(*args)
  File "/workdir/CacheControl-0.12.11/.tox/cpythonlibtest-unit-test-tests/lib/python3.10/site-packages/_pytest/fixtures.py", line 1123, in pytest_fixture_setup
    result = call_fixture_func(fixturefunc, request, kwargs)
  File "/workdir/CacheControl-0.12.11/.tox/cpythonlibtest-unit-test-tests/lib/python3.10/site-packages/_pytest/fixtures.py", line 895, in call_fixture_func
    fixture_result = next(generator)
  File "/workdir/CacheControl-0.12.11/tests/test_adapter.py", line 30, in sess
    sess.get(url)
  File "/workdir/CacheControl-0.12.11/.tox/cpythonlibtest-unit-test-tests/lib/python3.10/site-packages/requests/sessions.py", line 602, in get
    return self.request("GET", url, **kwargs)
  File "/workdir/CacheControl-0.12.11/.tox/cpythonlibtest-unit-test-tests/lib/python3.10/site-packages/requests/sessions.py", line 589, in request
    resp = self.send(prep, **send_kwargs)
  File "/workdir/CacheControl-0.12.11/.tox/cpythonlibtest-unit-test-tests/lib/python3.10/site-packages/requests/sessions.py", line 747, in send
    r.content
  File "/workdir/CacheControl-0.12.11/.tox/cpythonlibtest-unit-test-tests/lib/python3.10/site-packages/requests/models.py", line 899, in content
    self._content = b"".join(self.iter_content(CONTENT_CHUNK_SIZE)) or b""
  File "/workdir/CacheControl-0.12.11/.tox/cpythonlibtest-unit-test-tests/lib/python3.10/site-packages/requests/models.py", line 816, in generate
    yield from self.raw.stream(chunk_size, decode_content=True)
  File "/workdir/CacheControl-0.12.11/.tox/cpythonlibtest-unit-test-tests/lib/python3.10/site-packages/urllib3/response.py", line 931, in stream
    yield from self.read_chunked(amt, decode_content=decode_content)
  File "/workdir/CacheControl-0.12.11/.tox/cpythonlibtest-unit-test-tests/lib/python3.10/site-packages/urllib3/response.py", line 1071, in read_chunked
    self._update_chunk_length()
  File "/workdir/CacheControl-0.12.11/.tox/cpythonlibtest-unit-test-tests/lib/python3.10/site-packages/cachecontrol/adapter.py", line 117, in _update_chunk_length
    self._fp._close()
  File "/workdir/CacheControl-0.12.11/.tox/cpythonlibtest-unit-test-tests/lib/python3.10/site-packages/cachecontrol/filewrapper.py", line 76, in _close
    self.__callback(result)
  File "/workdir/CacheControl-0.12.11/.tox/cpythonlibtest-unit-test-tests/lib/python3.10/site-packages/cachecontrol/controller.py", line 370, in cache_response
    self._cache_set(
  File "/workdir/CacheControl-0.12.11/.tox/cpythonlibtest-unit-test-tests/lib/python3.10/site-packages/cachecontrol/controller.py", line 274, in _cache_set
    self.serializer.dumps(request, response, body),
  File "/workdir/CacheControl-0.12.11/.tox/cpythonlibtest-unit-test-tests/lib/python3.10/site-packages/cachecontrol/serialize.py", line 54, in dumps
    u"strict": response.strict,
AttributeError: 'HTTPResponse' object has no attribute 'strict'</error></testcase><testcase classname="tests.test_adapter.TestSessionActions" name="test_put_invalidates_cache[use_wrapper]" time="0.005"><error message="failed on setup with &quot;AttributeError: 'HTTPResponse' object has no attribute 'strict'&quot;">Traceback (most recent call last):
  File "/workdir/CacheControl-0.12.11/.tox/cpythonlibtest-unit-test-tests/lib/python3.10/site-packages/_pytest/runner.py", line 341, in from_call
    result: Optional[TResult] = func()
  File "/workdir/CacheControl-0.12.11/.tox/cpythonlibtest-unit-test-tests/lib/python3.10/site-packages/_pytest/runner.py", line 262, in &lt;lambda&gt;
    lambda: ihook(item=item, **kwds), when=when, reraise=reraise
  File "/workdir/CacheControl-0.12.11/.tox/cpythonlibtest-unit-test-tests/lib/python3.10/site-packages/pluggy/_hooks.py", line 493, in __call__
    return self._hookexec(self.name, self._hookimpls, kwargs, firstresult)
  File "/workdir/CacheControl-0.12.11/.tox/cpythonlibtest-unit-test-tests/lib/python3.10/site-packages/pluggy/_manager.py", line 115, in _hookexec
    return self._inner_hookexec(hook_name, methods, kwargs, firstresult)
  File "/workdir/CacheControl-0.12.11/.tox/cpythonlibtest-unit-test-tests/lib/python3.10/site-packages/pluggy/_callers.py", line 152, in _multicall
    return outcome.get_result()
  File "/workdir/CacheControl-0.12.11/.tox/cpythonlibtest-unit-test-tests/lib/python3.10/site-packages/pluggy/_result.py", line 114, in get_result
    raise exc.with_traceback(exc.__traceback__)
  File "/workdir/CacheControl-0.12.11/.tox/cpythonlibtest-unit-test-tests/lib/python3.10/site-packages/pluggy/_callers.py", line 77, in _multicall
    res = hook_impl.function(*args)
  File "/workdir/CacheControl-0.12.11/.tox/cpythonlibtest-unit-test-tests/lib/python3.10/site-packages/_pytest/runner.py", line 157, in pytest_runtest_setup
    item.session._setupstate.setup(item)
  File "/workdir/CacheControl-0.12.11/.tox/cpythonlibtest-unit-test-tests/lib/python3.10/site-packages/_pytest/runner.py", line 497, in setup
    raise exc
  File "/workdir/CacheControl-0.12.11/.tox/cpythonlibtest-unit-test-tests/lib/python3.10/site-packages/_pytest/runner.py", line 494, in setup
    col.setup()
  File "/workdir/CacheControl-0.12.11/.tox/cpythonlibtest-unit-test-tests/lib/python3.10/site-packages/_pytest/python.py", line 1795, in setup
    self._request._fillfixtures()
  File "/workdir/CacheControl-0.12.11/.tox/cpythonlibtest-unit-test-tests/lib/python3.10/site-packages/_pytest/fixtures.py", line 566, in _fillfixtures
    item.funcargs[argname] = self.getfixturevalue(argname)
  File "/workdir/CacheControl-0.12.11/.tox/cpythonlibtest-unit-test-tests/lib/python3.10/site-packages/_pytest/fixtures.py", line 585, in getfixturevalue
    fixturedef = self._get_active_fixturedef(argname)
  File "/workdir/CacheControl-0.12.11/.tox/cpythonlibtest-unit-test-tests/lib/python3.10/site-packages/_pytest/fixtures.py", line 607, in _get_active_fixturedef
    self._compute_fixture_value(fixturedef)
  File "/workdir/CacheControl-0.12.11/.tox/cpythonlibtest-unit-test-tests/lib/python3.10/site-packages/_pytest/fixtures.py", line 693, in _compute_fixture_value
    fixturedef.execute(request=subrequest)
  File "/workdir/CacheControl-0.12.11/.tox/cpythonlibtest-unit-test-tests/lib/python3.10/site-packages/_pytest/fixtures.py", line 1069, in execute
    result = ihook.pytest_fixture_setup(fixturedef=self, request=request)
  File "/workdir/CacheControl-0.12.11/.tox/cpythonlibtest-unit-test-tests/lib/python3.10/site-packages/pluggy/_hooks.py", line 493, in __call__
    return self._hookexec(self.name, self._hookimpls, kwargs, firstresult)
  File "/workdir/CacheControl-0.12.11/.tox/cpythonlibtest-unit-test-tests/lib/python3.10/site-packages/pluggy/_manager.py", line 115, in _hookexec
    return self._inner_hookexec(hook_name, methods, kwargs, firstresult)
  File "/workdir/CacheControl-0.12.11/.tox/cpythonlibtest-unit-test-tests/lib/python3.10/site-packages/pluggy/_callers.py", line 152, in _multicall
    return outcome.get_result()
  File "/workdir/CacheControl-0.12.11/.tox/cpythonlibtest-unit-test-tests/lib/python3.10/site-packages/pluggy/_result.py", line 114, in get_result
    raise exc.with_traceback(exc.__traceback__)
  File "/workdir/CacheControl-0.12.11/.tox/cpythonlibtest-unit-test-tests/lib/python3.10/site-packages/pluggy/_callers.py", line 77, in _multicall
    res = hook_impl.function(*args)
  File "/workdir/CacheControl-0.12.11/.tox/cpythonlibtest-unit-test-tests/lib/python3.10/site-packages/_pytest/fixtures.py", line 1123, in pytest_fixture_setup
    result = call_fixture_func(fixturefunc, request, kwargs)
  File "/workdir/CacheControl-0.12.11/.tox/cpythonlibtest-unit-test-tests/lib/python3.10/site-packages/_pytest/fixtures.py", line 895, in call_fixture_func
    fixture_result = next(generator)
  File "/workdir/CacheControl-0.12.11/tests/test_adapter.py", line 30, in sess
    sess.get(url)
  File "/workdir/CacheControl-0.12.11/.tox/cpythonlibtest-unit-test-tests/lib/python3.10/site-packages/requests/sessions.py", line 602, in get
    return self.request("GET", url, **kwargs)
  File "/workdir/CacheControl-0.12.11/.tox/cpythonlibtest-unit-test-tests/lib/python3.10/site-packages/requests/sessions.py", line 589, in request
    resp = self.send(prep, **send_kwargs)
  File "/workdir/CacheControl-0.12.11/.tox/cpythonlibtest-unit-test-tests/lib/python3.10/site-packages/requests/sessions.py", line 747, in send
    r.content
  File "/workdir/CacheControl-0.12.11/.tox/cpythonlibtest-unit-test-tests/lib/python3.10/site-packages/requests/models.py", line 899, in content
    self._content = b"".join(self.iter_content(CONTENT_CHUNK_SIZE)) or b""
  File "/workdir/CacheControl-0.12.11/.tox/cpythonlibtest-unit-test-tests/lib/python3.10/site-packages/requests/models.py", line 816, in generate
    yield from self.raw.stream(chunk_size, decode_content=True)
  File "/workdir/CacheControl-0.12.11/.tox/cpythonlibtest-unit-test-tests/lib/python3.10/site-packages/urllib3/response.py", line 931, in stream
    yield from self.read_chunked(amt, decode_content=decode_content)
  File "/workdir/CacheControl-0.12.11/.tox/cpythonlibtest-unit-test-tests/lib/python3.10/site-packages/urllib3/response.py", line 1071, in read_chunked
    self._update_chunk_length()
  File "/workdir/CacheControl-0.12.11/.tox/cpythonlibtest-unit-test-tests/lib/python3.10/site-packages/cachecontrol/adapter.py", line 117, in _update_chunk_length
    self._fp._close()
  File "/workdir/CacheControl-0.12.11/.tox/cpythonlibtest-unit-test-tests/lib/python3.10/site-packages/cachecontrol/filewrapper.py", line 76, in _close
    self.__callback(result)
  File "/workdir/CacheControl-0.12.11/.tox/cpythonlibtest-unit-test-tests/lib/python3.10/site-packages/cachecontrol/controller.py", line 370, in cache_response
    self._cache_set(
  File "/workdir/CacheControl-0.12.11/.tox/cpythonlibtest-unit-test-tests/lib/python3.10/site-packages/cachecontrol/controller.py", line 274, in _cache_set
    self.serializer.dumps(request, response, body),
  File "/workdir/CacheControl-0.12.11/.tox/cpythonlibtest-unit-test-tests/lib/python3.10/site-packages/cachecontrol/serialize.py", line 54, in dumps
    u"strict": response.strict,
AttributeError: 'HTTPResponse' object has no attribute 'strict'</error></testcase><testcase classname="tests.test_adapter.TestSessionActions" name="test_patch_invalidates_cache[use_adapter]" time="0.004"><error message="failed on setup with &quot;AttributeError: 'HTTPResponse' object has no attribute 'strict'&quot;">Traceback (most recent call last):
  File "/workdir/CacheControl-0.12.11/.tox/cpythonlibtest-unit-test-tests/lib/python3.10/site-packages/_pytest/runner.py", line 341, in from_call
    result: Optional[TResult] = func()
  File "/workdir/CacheControl-0.12.11/.tox/cpythonlibtest-unit-test-tests/lib/python3.10/site-packages/_pytest/runner.py", line 262, in &lt;lambda&gt;
    lambda: ihook(item=item, **kwds), when=when, reraise=reraise
  File "/workdir/CacheControl-0.12.11/.tox/cpythonlibtest-unit-test-tests/lib/python3.10/site-packages/pluggy/_hooks.py", line 493, in __call__
    return self._hookexec(self.name, self._hookimpls, kwargs, firstresult)
  File "/workdir/CacheControl-0.12.11/.tox/cpythonlibtest-unit-test-tests/lib/python3.10/site-packages/pluggy/_manager.py", line 115, in _hookexec
    return self._inner_hookexec(hook_name, methods, kwargs, firstresult)
  File "/workdir/CacheControl-0.12.11/.tox/cpythonlibtest-unit-test-tests/lib/python3.10/site-packages/pluggy/_callers.py", line 152, in _multicall
    return outcome.get_result()
  File "/workdir/CacheControl-0.12.11/.tox/cpythonlibtest-unit-test-tests/lib/python3.10/site-packages/pluggy/_result.py", line 114, in get_result
    raise exc.with_traceback(exc.__traceback__)
  File "/workdir/CacheControl-0.12.11/.tox/cpythonlibtest-unit-test-tests/lib/python3.10/site-packages/pluggy/_callers.py", line 77, in _multicall
    res = hook_impl.function(*args)
  File "/workdir/CacheControl-0.12.11/.tox/cpythonlibtest-unit-test-tests/lib/python3.10/site-packages/_pytest/runner.py", line 157, in pytest_runtest_setup
    item.session._setupstate.setup(item)
  File "/workdir/CacheControl-0.12.11/.tox/cpythonlibtest-unit-test-tests/lib/python3.10/site-packages/_pytest/runner.py", line 497, in setup
    raise exc
  File "/workdir/CacheControl-0.12.11/.tox/cpythonlibtest-unit-test-tests/lib/python3.10/site-packages/_pytest/runner.py", line 494, in setup
    col.setup()
  File "/workdir/CacheControl-0.12.11/.tox/cpythonlibtest-unit-test-tests/lib/python3.10/site-packages/_pytest/python.py", line 1795, in setup
    self._request._fillfixtures()
  File "/workdir/CacheControl-0.12.11/.tox/cpythonlibtest-unit-test-tests/lib/python3.10/site-packages/_pytest/fixtures.py", line 566, in _fillfixtures
    item.funcargs[argname] = self.getfixturevalue(argname)
  File "/workdir/CacheControl-0.12.11/.tox/cpythonlibtest-unit-test-tests/lib/python3.10/site-packages/_pytest/fixtures.py", line 585, in getfixturevalue
    fixturedef = self._get_active_fixturedef(argname)
  File "/workdir/CacheControl-0.12.11/.tox/cpythonlibtest-unit-test-tests/lib/python3.10/site-packages/_pytest/fixtures.py", line 607, in _get_active_fixturedef
    self._compute_fixture_value(fixturedef)
  File "/workdir/CacheControl-0.12.11/.tox/cpythonlibtest-unit-test-tests/lib/python3.10/site-packages/_pytest/fixtures.py", line 693, in _compute_fixture_value
    fixturedef.execute(request=subrequest)
  File "/workdir/CacheControl-0.12.11/.tox/cpythonlibtest-unit-test-tests/lib/python3.10/site-packages/_pytest/fixtures.py", line 1069, in execute
    result = ihook.pytest_fixture_setup(fixturedef=self, request=request)
  File "/workdir/CacheControl-0.12.11/.tox/cpythonlibtest-unit-test-tests/lib/python3.10/site-packages/pluggy/_hooks.py", line 493, in __call__
    return self._hookexec(self.name, self._hookimpls, kwargs, firstresult)
  File "/workdir/CacheControl-0.12.11/.tox/cpythonlibtest-unit-test-tests/lib/python3.10/site-packages/pluggy/_manager.py", line 115, in _hookexec
    return self._inner_hookexec(hook_name, methods, kwargs, firstresult)
  File "/workdir/CacheControl-0.12.11/.tox/cpythonlibtest-unit-test-tests/lib/python3.10/site-packages/pluggy/_callers.py", line 152, in _multicall
    return outcome.get_result()
  File "/workdir/CacheControl-0.12.11/.tox/cpythonlibtest-unit-test-tests/lib/python3.10/site-packages/pluggy/_result.py", line 114, in get_result
    raise exc.with_traceback(exc.__traceback__)
  File "/workdir/CacheControl-0.12.11/.tox/cpythonlibtest-unit-test-tests/lib/python3.10/site-packages/pluggy/_callers.py", line 77, in _multicall
    res = hook_impl.function(*args)
  File "/workdir/CacheControl-0.12.11/.tox/cpythonlibtest-unit-test-tests/lib/python3.10/site-packages/_pytest/fixtures.py", line 1123, in pytest_fixture_setup
    result = call_fixture_func(fixturefunc, request, kwargs)
  File "/workdir/CacheControl-0.12.11/.tox/cpythonlibtest-unit-test-tests/lib/python3.10/site-packages/_pytest/fixtures.py", line 895, in call_fixture_func
    fixture_result = next(generator)
  File "/workdir/CacheControl-0.12.11/tests/test_adapter.py", line 30, in sess
    sess.get(url)
  File "/workdir/CacheControl-0.12.11/.tox/cpythonlibtest-unit-test-tests/lib/python3.10/site-packages/requests/sessions.py", line 602, in get
    return self.request("GET", url, **kwargs)
  File "/workdir/CacheControl-0.12.11/.tox/cpythonlibtest-unit-test-tests/lib/python3.10/site-packages/requests/sessions.py", line 589, in request
    resp = self.send(prep, **send_kwargs)
  File "/workdir/CacheControl-0.12.11/.tox/cpythonlibtest-unit-test-tests/lib/python3.10/site-packages/requests/sessions.py", line 747, in send
    r.content
  File "/workdir/CacheControl-0.12.11/.tox/cpythonlibtest-unit-test-tests/lib/python3.10/site-packages/requests/models.py", line 899, in content
    self._content = b"".join(self.iter_content(CONTENT_CHUNK_SIZE)) or b""
  File "/workdir/CacheControl-0.12.11/.tox/cpythonlibtest-unit-test-tests/lib/python3.10/site-packages/requests/models.py", line 816, in generate
    yield from self.raw.stream(chunk_size, decode_content=True)
  File "/workdir/CacheControl-0.12.11/.tox/cpythonlibtest-unit-test-tests/lib/python3.10/site-packages/urllib3/response.py", line 931, in stream
    yield from self.read_chunked(amt, decode_content=decode_content)
  File "/workdir/CacheControl-0.12.11/.tox/cpythonlibtest-unit-test-tests/lib/python3.10/site-packages/urllib3/response.py", line 1071, in read_chunked
    self._update_chunk_length()
  File "/workdir/CacheControl-0.12.11/.tox/cpythonlibtest-unit-test-tests/lib/python3.10/site-packages/cachecontrol/adapter.py", line 117, in _update_chunk_length
    self._fp._close()
  File "/workdir/CacheControl-0.12.11/.tox/cpythonlibtest-unit-test-tests/lib/python3.10/site-packages/cachecontrol/filewrapper.py", line 76, in _close
    self.__callback(result)
  File "/workdir/CacheControl-0.12.11/.tox/cpythonlibtest-unit-test-tests/lib/python3.10/site-packages/cachecontrol/controller.py", line 370, in cache_response
    self._cache_set(
  File "/workdir/CacheControl-0.12.11/.tox/cpythonlibtest-unit-test-tests/lib/python3.10/site-packages/cachecontrol/controller.py", line 274, in _cache_set
    self.serializer.dumps(request, response, body),
  File "/workdir/CacheControl-0.12.11/.tox/cpythonlibtest-unit-test-tests/lib/python3.10/site-packages/cachecontrol/serialize.py", line 54, in dumps
    u"strict": response.strict,
AttributeError: 'HTTPResponse' object has no attribute 'strict'</error></testcase><testcase classname="tests.test_adapter.TestSessionActions" name="test_patch_invalidates_cache[use_wrapper]" time="0.005"><error message="failed on setup with &quot;AttributeError: 'HTTPResponse' object has no attribute 'strict'&quot;">Traceback (most recent call last):
  File "/workdir/CacheControl-0.12.11/.tox/cpythonlibtest-unit-test-tests/lib/python3.10/site-packages/_pytest/runner.py", line 341, in from_call
    result: Optional[TResult] = func()
  File "/workdir/CacheControl-0.12.11/.tox/cpythonlibtest-unit-test-tests/lib/python3.10/site-packages/_pytest/runner.py", line 262, in &lt;lambda&gt;
    lambda: ihook(item=item, **kwds), when=when, reraise=reraise
  File "/workdir/CacheControl-0.12.11/.tox/cpythonlibtest-unit-test-tests/lib/python3.10/site-packages/pluggy/_hooks.py", line 493, in __call__
    return self._hookexec(self.name, self._hookimpls, kwargs, firstresult)
  File "/workdir/CacheControl-0.12.11/.tox/cpythonlibtest-unit-test-tests/lib/python3.10/site-packages/pluggy/_manager.py", line 115, in _hookexec
    return self._inner_hookexec(hook_name, methods, kwargs, firstresult)
  File "/workdir/CacheControl-0.12.11/.tox/cpythonlibtest-unit-test-tests/lib/python3.10/site-packages/pluggy/_callers.py", line 152, in _multicall
    return outcome.get_result()
  File "/workdir/CacheControl-0.12.11/.tox/cpythonlibtest-unit-test-tests/lib/python3.10/site-packages/pluggy/_result.py", line 114, in get_result
    raise exc.with_traceback(exc.__traceback__)
  File "/workdir/CacheControl-0.12.11/.tox/cpythonlibtest-unit-test-tests/lib/python3.10/site-packages/pluggy/_callers.py", line 77, in _multicall
    res = hook_impl.function(*args)
  File "/workdir/CacheControl-0.12.11/.tox/cpythonlibtest-unit-test-tests/lib/python3.10/site-packages/_pytest/runner.py", line 157, in pytest_runtest_setup
    item.session._setupstate.setup(item)
  File "/workdir/CacheControl-0.12.11/.tox/cpythonlibtest-unit-test-tests/lib/python3.10/site-packages/_pytest/runner.py", line 497, in setup
    raise exc
  File "/workdir/CacheControl-0.12.11/.tox/cpythonlibtest-unit-test-tests/lib/python3.10/site-packages/_pytest/runner.py", line 494, in setup
    col.setup()
  File "/workdir/CacheControl-0.12.11/.tox/cpythonlibtest-unit-test-tests/lib/python3.10/site-packages/_pytest/python.py", line 1795, in setup
    self._request._fillfixtures()
  File "/workdir/CacheControl-0.12.11/.tox/cpythonlibtest-unit-test-tests/lib/python3.10/site-packages/_pytest/fixtures.py", line 566, in _fillfixtures
    item.funcargs[argname] = self.getfixturevalue(argname)
  File "/workdir/CacheControl-0.12.11/.tox/cpythonlibtest-unit-test-tests/lib/python3.10/site-packages/_pytest/fixtures.py", line 585, in getfixturevalue
    fixturedef = self._get_active_fixturedef(argname)
  File "/workdir/CacheControl-0.12.11/.tox/cpythonlibtest-unit-test-tests/lib/python3.10/site-packages/_pytest/fixtures.py", line 607, in _get_active_fixturedef
    self._compute_fixture_value(fixturedef)
  File "/workdir/CacheControl-0.12.11/.tox/cpythonlibtest-unit-test-tests/lib/python3.10/site-packages/_pytest/fixtures.py", line 693, in _compute_fixture_value
    fixturedef.execute(request=subrequest)
  File "/workdir/CacheControl-0.12.11/.tox/cpythonlibtest-unit-test-tests/lib/python3.10/site-packages/_pytest/fixtures.py", line 1069, in execute
    result = ihook.pytest_fixture_setup(fixturedef=self, request=request)
  File "/workdir/CacheControl-0.12.11/.tox/cpythonlibtest-unit-test-tests/lib/python3.10/site-packages/pluggy/_hooks.py", line 493, in __call__
    return self._hookexec(self.name, self._hookimpls, kwargs, firstresult)
  File "/workdir/CacheControl-0.12.11/.tox/cpythonlibtest-unit-test-tests/lib/python3.10/site-packages/pluggy/_manager.py", line 115, in _hookexec
    return self._inner_hookexec(hook_name, methods, kwargs, firstresult)
  File "/workdir/CacheControl-0.12.11/.tox/cpythonlibtest-unit-test-tests/lib/python3.10/site-packages/pluggy/_callers.py", line 152, in _multicall
    return outcome.get_result()
  File "/workdir/CacheControl-0.12.11/.tox/cpythonlibtest-unit-test-tests/lib/python3.10/site-packages/pluggy/_result.py", line 114, in get_result
    raise exc.with_traceback(exc.__traceback__)
  File "/workdir/CacheControl-0.12.11/.tox/cpythonlibtest-unit-test-tests/lib/python3.10/site-packages/pluggy/_callers.py", line 77, in _multicall
    res = hook_impl.function(*args)
  File "/workdir/CacheControl-0.12.11/.tox/cpythonlibtest-unit-test-tests/lib/python3.10/site-packages/_pytest/fixtures.py", line 1123, in pytest_fixture_setup
    result = call_fixture_func(fixturefunc, request, kwargs)
  File "/workdir/CacheControl-0.12.11/.tox/cpythonlibtest-unit-test-tests/lib/python3.10/site-packages/_pytest/fixtures.py", line 895, in call_fixture_func
    fixture_result = next(generator)
  File "/workdir/CacheControl-0.12.11/tests/test_adapter.py", line 30, in sess
    sess.get(url)
  File "/workdir/CacheControl-0.12.11/.tox/cpythonlibtest-unit-test-tests/lib/python3.10/site-packages/requests/sessions.py", line 602, in get
    return self.request("GET", url, **kwargs)
  File "/workdir/CacheControl-0.12.11/.tox/cpythonlibtest-unit-test-tests/lib/python3.10/site-packages/requests/sessions.py", line 589, in request
    resp = self.send(prep, **send_kwargs)
  File "/workdir/CacheControl-0.12.11/.tox/cpythonlibtest-unit-test-tests/lib/python3.10/site-packages/requests/sessions.py", line 747, in send
    r.content
  File "/workdir/CacheControl-0.12.11/.tox/cpythonlibtest-unit-test-tests/lib/python3.10/site-packages/requests/models.py", line 899, in content
    self._content = b"".join(self.iter_content(CONTENT_CHUNK_SIZE)) or b""
  File "/workdir/CacheControl-0.12.11/.tox/cpythonlibtest-unit-test-tests/lib/python3.10/site-packages/requests/models.py", line 816, in generate
    yield from self.raw.stream(chunk_size, decode_content=True)
  File "/workdir/CacheControl-0.12.11/.tox/cpythonlibtest-unit-test-tests/lib/python3.10/site-packages/urllib3/response.py", line 931, in stream
    yield from self.read_chunked(amt, decode_content=decode_content)
  File "/workdir/CacheControl-0.12.11/.tox/cpythonlibtest-unit-test-tests/lib/python3.10/site-packages/urllib3/response.py", line 1071, in read_chunked
    self._update_chunk_length()
  File "/workdir/CacheControl-0.12.11/.tox/cpythonlibtest-unit-test-tests/lib/python3.10/site-packages/cachecontrol/adapter.py", line 117, in _update_chunk_length
    self._fp._close()
  File "/workdir/CacheControl-0.12.11/.tox/cpythonlibtest-unit-test-tests/lib/python3.10/site-packages/cachecontrol/filewrapper.py", line 76, in _close
    self.__callback(result)
  File "/workdir/CacheControl-0.12.11/.tox/cpythonlibtest-unit-test-tests/lib/python3.10/site-packages/cachecontrol/controller.py", line 370, in cache_response
    self._cache_set(
  File "/workdir/CacheControl-0.12.11/.tox/cpythonlibtest-unit-test-tests/lib/python3.10/site-packages/cachecontrol/controller.py", line 274, in _cache_set
    self.serializer.dumps(request, response, body),
  File "/workdir/CacheControl-0.12.11/.tox/cpythonlibtest-unit-test-tests/lib/python3.10/site-packages/cachecontrol/serialize.py", line 54, in dumps
    u"strict": response.strict,
AttributeError: 'HTTPResponse' object has no attribute 'strict'</error></testcase><testcase classname="tests.test_adapter.TestSessionActions" name="test_delete_invalidates_cache[use_adapter]" time="0.004"><error message="failed on setup with &quot;AttributeError: 'HTTPResponse' object has no attribute 'strict'&quot;">Traceback (most recent call last):
  File "/workdir/CacheControl-0.12.11/.tox/cpythonlibtest-unit-test-tests/lib/python3.10/site-packages/_pytest/runner.py", line 341, in from_call
    result: Optional[TResult] = func()
  File "/workdir/CacheControl-0.12.11/.tox/cpythonlibtest-unit-test-tests/lib/python3.10/site-packages/_pytest/runner.py", line 262, in &lt;lambda&gt;
    lambda: ihook(item=item, **kwds), when=when, reraise=reraise
  File "/workdir/CacheControl-0.12.11/.tox/cpythonlibtest-unit-test-tests/lib/python3.10/site-packages/pluggy/_hooks.py", line 493, in __call__
    return self._hookexec(self.name, self._hookimpls, kwargs, firstresult)
  File "/workdir/CacheControl-0.12.11/.tox/cpythonlibtest-unit-test-tests/lib/python3.10/site-packages/pluggy/_manager.py", line 115, in _hookexec
    return self._inner_hookexec(hook_name, methods, kwargs, firstresult)
  File "/workdir/CacheControl-0.12.11/.tox/cpythonlibtest-unit-test-tests/lib/python3.10/site-packages/pluggy/_callers.py", line 152, in _multicall
    return outcome.get_result()
  File "/workdir/CacheControl-0.12.11/.tox/cpythonlibtest-unit-test-tests/lib/python3.10/site-packages/pluggy/_result.py", line 114, in get_result
    raise exc.with_traceback(exc.__traceback__)
  File "/workdir/CacheControl-0.12.11/.tox/cpythonlibtest-unit-test-tests/lib/python3.10/site-packages/pluggy/_callers.py", line 77, in _multicall
    res = hook_impl.function(*args)
  File "/workdir/CacheControl-0.12.11/.tox/cpythonlibtest-unit-test-tests/lib/python3.10/site-packages/_pytest/runner.py", line 157, in pytest_runtest_setup
    item.session._setupstate.setup(item)
  File "/workdir/CacheControl-0.12.11/.tox/cpythonlibtest-unit-test-tests/lib/python3.10/site-packages/_pytest/runner.py", line 497, in setup
    raise exc
  File "/workdir/CacheControl-0.12.11/.tox/cpythonlibtest-unit-test-tests/lib/python3.10/site-packages/_pytest/runner.py", line 494, in setup
    col.setup()
  File "/workdir/CacheControl-0.12.11/.tox/cpythonlibtest-unit-test-tests/lib/python3.10/site-packages/_pytest/python.py", line 1795, in setup
    self._request._fillfixtures()
  File "/workdir/CacheControl-0.12.11/.tox/cpythonlibtest-unit-test-tests/lib/python3.10/site-packages/_pytest/fixtures.py", line 566, in _fillfixtures
    item.funcargs[argname] = self.getfixturevalue(argname)
  File "/workdir/CacheControl-0.12.11/.tox/cpythonlibtest-unit-test-tests/lib/python3.10/site-packages/_pytest/fixtures.py", line 585, in getfixturevalue
    fixturedef = self._get_active_fixturedef(argname)
  File "/workdir/CacheControl-0.12.11/.tox/cpythonlibtest-unit-test-tests/lib/python3.10/site-packages/_pytest/fixtures.py", line 607, in _get_active_fixturedef
    self._compute_fixture_value(fixturedef)
  File "/workdir/CacheControl-0.12.11/.tox/cpythonlibtest-unit-test-tests/lib/python3.10/site-packages/_pytest/fixtures.py", line 693, in _compute_fixture_value
    fixturedef.execute(request=subrequest)
  File "/workdir/CacheControl-0.12.11/.tox/cpythonlibtest-unit-test-tests/lib/python3.10/site-packages/_pytest/fixtures.py", line 1069, in execute
    result = ihook.pytest_fixture_setup(fixturedef=self, request=request)
  File "/workdir/CacheControl-0.12.11/.tox/cpythonlibtest-unit-test-tests/lib/python3.10/site-packages/pluggy/_hooks.py", line 493, in __call__
    return self._hookexec(self.name, self._hookimpls, kwargs, firstresult)
  File "/workdir/CacheControl-0.12.11/.tox/cpythonlibtest-unit-test-tests/lib/python3.10/site-packages/pluggy/_manager.py", line 115, in _hookexec
    return self._inner_hookexec(hook_name, methods, kwargs, firstresult)
  File "/workdir/CacheControl-0.12.11/.tox/cpythonlibtest-unit-test-tests/lib/python3.10/site-packages/pluggy/_callers.py", line 152, in _multicall
    return outcome.get_result()
  File "/workdir/CacheControl-0.12.11/.tox/cpythonlibtest-unit-test-tests/lib/python3.10/site-packages/pluggy/_result.py", line 114, in get_result
    raise exc.with_traceback(exc.__traceback__)
  File "/workdir/CacheControl-0.12.11/.tox/cpythonlibtest-unit-test-tests/lib/python3.10/site-packages/pluggy/_callers.py", line 77, in _multicall
    res = hook_impl.function(*args)
  File "/workdir/CacheControl-0.12.11/.tox/cpythonlibtest-unit-test-tests/lib/python3.10/site-packages/_pytest/fixtures.py", line 1123, in pytest_fixture_setup
    result = call_fixture_func(fixturefunc, request, kwargs)
  File "/workdir/CacheControl-0.12.11/.tox/cpythonlibtest-unit-test-tests/lib/python3.10/site-packages/_pytest/fixtures.py", line 895, in call_fixture_func
    fixture_result = next(generator)
  File "/workdir/CacheControl-0.12.11/tests/test_adapter.py", line 30, in sess
    sess.get(url)
  File "/workdir/CacheControl-0.12.11/.tox/cpythonlibtest-unit-test-tests/lib/python3.10/site-packages/requests/sessions.py", line 602, in get
    return self.request("GET", url, **kwargs)
  File "/workdir/CacheControl-0.12.11/.tox/cpythonlibtest-unit-test-tests/lib/python3.10/site-packages/requests/sessions.py", line 589, in request
    resp = self.send(prep, **send_kwargs)
  File "/workdir/CacheControl-0.12.11/.tox/cpythonlibtest-unit-test-tests/lib/python3.10/site-packages/requests/sessions.py", line 747, in send
    r.content
  File "/workdir/CacheControl-0.12.11/.tox/cpythonlibtest-unit-test-tests/lib/python3.10/site-packages/requests/models.py", line 899, in content
    self._content = b"".join(self.iter_content(CONTENT_CHUNK_SIZE)) or b""
  File "/workdir/CacheControl-0.12.11/.tox/cpythonlibtest-unit-test-tests/lib/python3.10/site-packages/requests/models.py", line 816, in generate
    yield from self.raw.stream(chunk_size, decode_content=True)
  File "/workdir/CacheControl-0.12.11/.tox/cpythonlibtest-unit-test-tests/lib/python3.10/site-packages/urllib3/response.py", line 931, in stream
    yield from self.read_chunked(amt, decode_content=decode_content)
  File "/workdir/CacheControl-0.12.11/.tox/cpythonlibtest-unit-test-tests/lib/python3.10/site-packages/urllib3/response.py", line 1071, in read_chunked
    self._update_chunk_length()
  File "/workdir/CacheControl-0.12.11/.tox/cpythonlibtest-unit-test-tests/lib/python3.10/site-packages/cachecontrol/adapter.py", line 117, in _update_chunk_length
    self._fp._close()
  File "/workdir/CacheControl-0.12.11/.tox/cpythonlibtest-unit-test-tests/lib/python3.10/site-packages/cachecontrol/filewrapper.py", line 76, in _close
    self.__callback(result)
  File "/workdir/CacheControl-0.12.11/.tox/cpythonlibtest-unit-test-tests/lib/python3.10/site-packages/cachecontrol/controller.py", line 370, in cache_response
    self._cache_set(
  File "/workdir/CacheControl-0.12.11/.tox/cpythonlibtest-unit-test-tests/lib/python3.10/site-packages/cachecontrol/controller.py", line 274, in _cache_set
    self.serializer.dumps(request, response, body),
  File "/workdir/CacheControl-0.12.11/.tox/cpythonlibtest-unit-test-tests/lib/python3.10/site-packages/cachecontrol/serialize.py", line 54, in dumps
    u"strict": response.strict,
AttributeError: 'HTTPResponse' object has no attribute 'strict'</error></testcase><testcase classname="tests.test_adapter.TestSessionActions" name="test_delete_invalidates_cache[use_wrapper]" time="0.005"><error message="failed on setup with &quot;AttributeError: 'HTTPResponse' object has no attribute 'strict'&quot;">Traceback (most recent call last):
  File "/workdir/CacheControl-0.12.11/.tox/cpythonlibtest-unit-test-tests/lib/python3.10/site-packages/_pytest/runner.py", line 341, in from_call
    result: Optional[TResult] = func()
  File "/workdir/CacheControl-0.12.11/.tox/cpythonlibtest-unit-test-tests/lib/python3.10/site-packages/_pytest/runner.py", line 262, in &lt;lambda&gt;
    lambda: ihook(item=item, **kwds), when=when, reraise=reraise
  File "/workdir/CacheControl-0.12.11/.tox/cpythonlibtest-unit-test-tests/lib/python3.10/site-packages/pluggy/_hooks.py", line 493, in __call__
    return self._hookexec(self.name, self._hookimpls, kwargs, firstresult)
  File "/workdir/CacheControl-0.12.11/.tox/cpythonlibtest-unit-test-tests/lib/python3.10/site-packages/pluggy/_manager.py", line 115, in _hookexec
    return self._inner_hookexec(hook_name, methods, kwargs, firstresult)
  File "/workdir/CacheControl-0.12.11/.tox/cpythonlibtest-unit-test-tests/lib/python3.10/site-packages/pluggy/_callers.py", line 152, in _multicall
    return outcome.get_result()
  File "/workdir/CacheControl-0.12.11/.tox/cpythonlibtest-unit-test-tests/lib/python3.10/site-packages/pluggy/_result.py", line 114, in get_result
    raise exc.with_traceback(exc.__traceback__)
  File "/workdir/CacheControl-0.12.11/.tox/cpythonlibtest-unit-test-tests/lib/python3.10/site-packages/pluggy/_callers.py", line 77, in _multicall
    res = hook_impl.function(*args)
  File "/workdir/CacheControl-0.12.11/.tox/cpythonlibtest-unit-test-tests/lib/python3.10/site-packages/_pytest/runner.py", line 157, in pytest_runtest_setup
    item.session._setupstate.setup(item)
  File "/workdir/CacheControl-0.12.11/.tox/cpythonlibtest-unit-test-tests/lib/python3.10/site-packages/_pytest/runner.py", line 497, in setup
    raise exc
  File "/workdir/CacheControl-0.12.11/.tox/cpythonlibtest-unit-test-tests/lib/python3.10/site-packages/_pytest/runner.py", line 494, in setup
    col.setup()
  File "/workdir/CacheControl-0.12.11/.tox/cpythonlibtest-unit-test-tests/lib/python3.10/site-packages/_pytest/python.py", line 1795, in setup
    self._request._fillfixtures()
  File "/workdir/CacheControl-0.12.11/.tox/cpythonlibtest-unit-test-tests/lib/python3.10/site-packages/_pytest/fixtures.py", line 566, in _fillfixtures
    item.funcargs[argname] = self.getfixturevalue(argname)
  File "/workdir/CacheControl-0.12.11/.tox/cpythonlibtest-unit-test-tests/lib/python3.10/site-packages/_pytest/fixtures.py", line 585, in getfixturevalue
    fixturedef = self._get_active_fixturedef(argname)
  File "/workdir/CacheControl-0.12.11/.tox/cpythonlibtest-unit-test-tests/lib/python3.10/site-packages/_pytest/fixtures.py", line 607, in _get_active_fixturedef
    self._compute_fixture_value(fixturedef)
  File "/workdir/CacheControl-0.12.11/.tox/cpythonlibtest-unit-test-tests/lib/python3.10/site-packages/_pytest/fixtures.py", line 693, in _compute_fixture_value
    fixturedef.execute(request=subrequest)
  File "/workdir/CacheControl-0.12.11/.tox/cpythonlibtest-unit-test-tests/lib/python3.10/site-packages/_pytest/fixtures.py", line 1069, in execute
    result = ihook.pytest_fixture_setup(fixturedef=self, request=request)
  File "/workdir/CacheControl-0.12.11/.tox/cpythonlibtest-unit-test-tests/lib/python3.10/site-packages/pluggy/_hooks.py", line 493, in __call__
    return self._hookexec(self.name, self._hookimpls, kwargs, firstresult)
  File "/workdir/CacheControl-0.12.11/.tox/cpythonlibtest-unit-test-tests/lib/python3.10/site-packages/pluggy/_manager.py", line 115, in _hookexec
    return self._inner_hookexec(hook_name, methods, kwargs, firstresult)
  File "/workdir/CacheControl-0.12.11/.tox/cpythonlibtest-unit-test-tests/lib/python3.10/site-packages/pluggy/_callers.py", line 152, in _multicall
    return outcome.get_result()
  File "/workdir/CacheControl-0.12.11/.tox/cpythonlibtest-unit-test-tests/lib/python3.10/site-packages/pluggy/_result.py", line 114, in get_result
    raise exc.with_traceback(exc.__traceback__)
  File "/workdir/CacheControl-0.12.11/.tox/cpythonlibtest-unit-test-tests/lib/python3.10/site-packages/pluggy/_callers.py", line 77, in _multicall
    res = hook_impl.function(*args)
  File "/workdir/CacheControl-0.12.11/.tox/cpythonlibtest-unit-test-tests/lib/python3.10/site-packages/_pytest/fixtures.py", line 1123, in pytest_fixture_setup
    result = call_fixture_func(fixturefunc, request, kwargs)
  File "/workdir/CacheControl-0.12.11/.tox/cpythonlibtest-unit-test-tests/lib/python3.10/site-packages/_pytest/fixtures.py", line 895, in call_fixture_func
    fixture_result = next(generator)
  File "/workdir/CacheControl-0.12.11/tests/test_adapter.py", line 30, in sess
    sess.get(url)
  File "/workdir/CacheControl-0.12.11/.tox/cpythonlibtest-unit-test-tests/lib/python3.10/site-packages/requests/sessions.py", line 602, in get
    return self.request("GET", url, **kwargs)
  File "/workdir/CacheControl-0.12.11/.tox/cpythonlibtest-unit-test-tests/lib/python3.10/site-packages/requests/sessions.py", line 589, in request
    resp = self.send(prep, **send_kwargs)
  File "/workdir/CacheControl-0.12.11/.tox/cpythonlibtest-unit-test-tests/lib/python3.10/site-packages/requests/sessions.py", line 747, in send
    r.content
  File "/workdir/CacheControl-0.12.11/.tox/cpythonlibtest-unit-test-tests/lib/python3.10/site-packages/requests/models.py", line 899, in content
    self._content = b"".join(self.iter_content(CONTENT_CHUNK_SIZE)) or b""
  File "/workdir/CacheControl-0.12.11/.tox/cpythonlibtest-unit-test-tests/lib/python3.10/site-packages/requests/models.py", line 816, in generate
    yield from self.raw.stream(chunk_size, decode_content=True)
  File "/workdir/CacheControl-0.12.11/.tox/cpythonlibtest-unit-test-tests/lib/python3.10/site-packages/urllib3/response.py", line 931, in stream
    yield from self.read_chunked(amt, decode_content=decode_content)
  File "/workdir/CacheControl-0.12.11/.tox/cpythonlibtest-unit-test-tests/lib/python3.10/site-packages/urllib3/response.py", line 1071, in read_chunked
    self._update_chunk_length()
  File "/workdir/CacheControl-0.12.11/.tox/cpythonlibtest-unit-test-tests/lib/python3.10/site-packages/cachecontrol/adapter.py", line 117, in _update_chunk_length
    self._fp._close()
  File "/workdir/CacheControl-0.12.11/.tox/cpythonlibtest-unit-test-tests/lib/python3.10/site-packages/cachecontrol/filewrapper.py", line 76, in _close
    self.__callback(result)
  File "/workdir/CacheControl-0.12.11/.tox/cpythonlibtest-unit-test-tests/lib/python3.10/site-packages/cachecontrol/controller.py", line 370, in cache_response
    self._cache_set(
  File "/workdir/CacheControl-0.12.11/.tox/cpythonlibtest-unit-test-tests/lib/python3.10/site-packages/cachecontrol/controller.py", line 274, in _cache_set
    self.serializer.dumps(request, response, body),
  File "/workdir/CacheControl-0.12.11/.tox/cpythonlibtest-unit-test-tests/lib/python3.10/site-packages/cachecontrol/serialize.py", line 54, in dumps
    u"strict": response.strict,
AttributeError: 'HTTPResponse' object has no attribute 'strict'</error></testcase><testcase classname="tests.test_adapter.TestSessionActions" name="test_close" time="0.001" /><testcase classname="tests.test_cache_control.TestCacheControllerResponse" name="test_no_cache_non_20x_response" time="0.001" /><testcase classname="tests.test_cache_control.TestCacheControllerResponse" name="test_no_cache_with_no_date" time="0.001" /><testcase classname="tests.test_cache_control.TestCacheControllerResponse" name="test_no_cache_with_wrong_sized_body" time="0.001" /><testcase classname="tests.test_cache_control.TestCacheControllerResponse" name="test_cache_response_no_cache_control" time="0.001" /><testcase classname="tests.test_cache_control.TestCacheControllerResponse" name="test_cache_response_cache_max_age" time="0.001" /><testcase classname="tests.test_cache_control.TestCacheControllerResponse" name="test_cache_response_cache_max_age_with_invalid_value_not_cached" time="0.001" /><testcase classname="tests.test_cache_control.TestCacheControllerResponse" name="test_cache_response_no_store" time="0.001" /><testcase classname="tests.test_cache_control.TestCacheControllerResponse" name="test_cache_response_no_store_with_etag" time="0.001" /><testcase classname="tests.test_cache_control.TestCacheControllerResponse" name="test_no_cache_with_vary_star" time="0.001" /><testcase classname="tests.test_cache_control.TestCacheControllerResponse" name="test_update_cached_response_with_valid_headers" time="0.001" /><testcase classname="tests.test_cache_control.TestCacheControlRequest" name="test_cache_request_no_headers" time="0.001" /><testcase classname="tests.test_cache_control.TestCacheControlRequest" name="test_cache_request_no_cache" time="0.001" /><testcase classname="tests.test_cache_control.TestCacheControlRequest" name="test_cache_request_pragma_no_cache" time="0.001" /><testcase classname="tests.test_cache_control.TestCacheControlRequest" name="test_cache_request_no_store" time="0.001" /><testcase classname="tests.test_cache_control.TestCacheControlRequest" name="test_cache_request_max_age_0" time="0.001" /><testcase classname="tests.test_cache_control.TestCacheControlRequest" name="test_cache_request_not_in_cache" time="0.001" /><testcase classname="tests.test_cache_control.TestCacheControlRequest" name="test_cache_request_fresh_max_age" time="0.001" /><testcase classname="tests.test_cache_control.TestCacheControlRequest" name="test_cache_request_unfresh_max_age" time="0.001" /><testcase classname="tests.test_cache_control.TestCacheControlRequest" name="test_cache_request_fresh_expires" time="0.001" /><testcase classname="tests.test_cache_control.TestCacheControlRequest" name="test_cache_request_unfresh_expires" time="0.001" /><testcase classname="tests.test_cache_control.TestCacheControlRequest" name="test_cached_request_with_bad_max_age_headers_not_returned" time="0.001" /><testcase classname="tests.test_chunked_response.TestChunkedResponses" name="test_cache_chunked_response" time="0.006"><failure message="AttributeError: 'HTTPResponse' object has no attribute 'strict'">Traceback (most recent call last):
  File "/workdir/CacheControl-0.12.11/.tox/cpythonlibtest-unit-test-tests/lib/python3.10/site-packages/_pytest/runner.py", line 341, in from_call
    result: Optional[TResult] = func()
  File "/workdir/CacheControl-0.12.11/.tox/cpythonlibtest-unit-test-tests/lib/python3.10/site-packages/_pytest/runner.py", line 262, in &lt;lambda&gt;
    lambda: ihook(item=item, **kwds), when=when, reraise=reraise
  File "/workdir/CacheControl-0.12.11/.tox/cpythonlibtest-unit-test-tests/lib/python3.10/site-packages/pluggy/_hooks.py", line 493, in __call__
    return self._hookexec(self.name, self._hookimpls, kwargs, firstresult)
  File "/workdir/CacheControl-0.12.11/.tox/cpythonlibtest-unit-test-tests/lib/python3.10/site-packages/pluggy/_manager.py", line 115, in _hookexec
    return self._inner_hookexec(hook_name, methods, kwargs, firstresult)
  File "/workdir/CacheControl-0.12.11/.tox/cpythonlibtest-unit-test-tests/lib/python3.10/site-packages/pluggy/_callers.py", line 152, in _multicall
    return outcome.get_result()
  File "/workdir/CacheControl-0.12.11/.tox/cpythonlibtest-unit-test-tests/lib/python3.10/site-packages/pluggy/_result.py", line 114, in get_result
    raise exc.with_traceback(exc.__traceback__)
  File "/workdir/CacheControl-0.12.11/.tox/cpythonlibtest-unit-test-tests/lib/python3.10/site-packages/pluggy/_callers.py", line 77, in _multicall
    res = hook_impl.function(*args)
  File "/workdir/CacheControl-0.12.11/.tox/cpythonlibtest-unit-test-tests/lib/python3.10/site-packages/_pytest/runner.py", line 177, in pytest_runtest_call
    raise e
  File "/workdir/CacheControl-0.12.11/.tox/cpythonlibtest-unit-test-tests/lib/python3.10/site-packages/_pytest/runner.py", line 169, in pytest_runtest_call
    item.runtest()
  File "/workdir/CacheControl-0.12.11/.tox/cpythonlibtest-unit-test-tests/lib/python3.10/site-packages/_pytest/python.py", line 1792, in runtest
    self.ihook.pytest_pyfunc_call(pyfuncitem=self)
  File "/workdir/CacheControl-0.12.11/.tox/cpythonlibtest-unit-test-tests/lib/python3.10/site-packages/pluggy/_hooks.py", line 493, in __call__
    return self._hookexec(self.name, self._hookimpls, kwargs, firstresult)
  File "/workdir/CacheControl-0.12.11/.tox/cpythonlibtest-unit-test-tests/lib/python3.10/site-packages/pluggy/_manager.py", line 115, in _hookexec
    return self._inner_hookexec(hook_name, methods, kwargs, firstresult)
  File "/workdir/CacheControl-0.12.11/.tox/cpythonlibtest-unit-test-tests/lib/python3.10/site-packages/pluggy/_callers.py", line 113, in _multicall
    raise exception.with_traceback(exception.__traceback__)
  File "/workdir/CacheControl-0.12.11/.tox/cpythonlibtest-unit-test-tests/lib/python3.10/site-packages/pluggy/_callers.py", line 77, in _multicall
    res = hook_impl.function(*args)
  File "/workdir/CacheControl-0.12.11/.tox/cpythonlibtest-unit-test-tests/lib/python3.10/site-packages/_pytest/python.py", line 194, in pytest_pyfunc_call
    result = testfunction(**testargs)
  File "/workdir/CacheControl-0.12.11/tests/test_chunked_response.py", line 32, in test_cache_chunked_response
    r = sess.get(url)
  File "/workdir/CacheControl-0.12.11/.tox/cpythonlibtest-unit-test-tests/lib/python3.10/site-packages/requests/sessions.py", line 602, in get
    return self.request("GET", url, **kwargs)
  File "/workdir/CacheControl-0.12.11/.tox/cpythonlibtest-unit-test-tests/lib/python3.10/site-packages/requests/sessions.py", line 589, in request
    resp = self.send(prep, **send_kwargs)
  File "/workdir/CacheControl-0.12.11/.tox/cpythonlibtest-unit-test-tests/lib/python3.10/site-packages/requests/sessions.py", line 747, in send
    r.content
  File "/workdir/CacheControl-0.12.11/.tox/cpythonlibtest-unit-test-tests/lib/python3.10/site-packages/requests/models.py", line 899, in content
[...]
    yield from self.raw.stream(chunk_size, decode_content=True)
  File "/workdir/CacheControl-0.12.11/.tox/cpythonlibtest-unit-test-tests/lib/python3.10/site-packages/urllib3/response.py", line 931, in stream
    yield from self.read_chunked(amt, decode_content=decode_content)
  File "/workdir/CacheControl-0.12.11/.tox/cpythonlibtest-unit-test-tests/lib/python3.10/site-packages/urllib3/response.py", line 1071, in read_chunked
    self._update_chunk_length()
  File "/workdir/CacheControl-0.12.11/.tox/cpythonlibtest-unit-test-tests/lib/python3.10/site-packages/cachecontrol/adapter.py", line 117, in _update_chunk_length
    self._fp._close()
  File "/workdir/CacheControl-0.12.11/.tox/cpythonlibtest-unit-test-tests/lib/python3.10/site-packages/cachecontrol/filewrapper.py", line 76, in _close
    self.__callback(result)
  File "/workdir/CacheControl-0.12.11/.tox/cpythonlibtest-unit-test-tests/lib/python3.10/site-packages/cachecontrol/controller.py", line 370, in cache_response
    self._cache_set(
  File "/workdir/CacheControl-0.12.11/.tox/cpythonlibtest-unit-test-tests/lib/python3.10/site-packages/cachecontrol/controller.py", line 267, in _cache_set
    self.serializer.dumps(request, response, b""),
  File "/workdir/CacheControl-0.12.11/.tox/cpythonlibtest-unit-test-tests/lib/python3.10/site-packages/cachecontrol/serialize.py", line 54, in dumps
    u"strict": response.strict,
AttributeError: 'HTTPResponse' object has no attribute 'strict'</failure></testcase><testcase classname="tests.test_storage_filecache.TestSeparateBodyFileCache" name="test_filecache_directory_already_exists" time="0.008"><failure message="AttributeError: 'HTTPResponse' object has no attribute 'strict'">Traceback (most recent call last):
  File "/workdir/CacheControl-0.12.11/.tox/cpythonlibtest-unit-test-tests/lib/python3.10/site-packages/_pytest/runner.py", line 341, in from_call
    result: Optional[TResult] = func()
  File "/workdir/CacheControl-0.12.11/.tox/cpythonlibtest-unit-test-tests/lib/python3.10/site-packages/_pytest/runner.py", line 262, in &lt;lambda&gt;
    lambda: ihook(item=item, **kwds), when=when, reraise=reraise
  File "/workdir/CacheControl-0.12.11/.tox/cpythonlibtest-unit-test-tests/lib/python3.10/site-packages/pluggy/_hooks.py", line 493, in __call__
    return self._hookexec(self.name, self._hookimpls, kwargs, firstresult)
  File "/workdir/CacheControl-0.12.11/.tox/cpythonlibtest-unit-test-tests/lib/python3.10/site-packages/pluggy/_manager.py", line 115, in _hookexec
    return self._inner_hookexec(hook_name, methods, kwargs, firstresult)
  File "/workdir/CacheControl-0.12.11/.tox/cpythonlibtest-unit-test-tests/lib/python3.10/site-packages/pluggy/_callers.py", line 152, in _multicall
    return outcome.get_result()
  File "/workdir/CacheControl-0.12.11/.tox/cpythonlibtest-unit-test-tests/lib/python3.10/site-packages/pluggy/_result.py", line 114, in get_result
    raise exc.with_traceback(exc.__traceback__)
  File "/workdir/CacheControl-0.12.11/.tox/cpythonlibtest-unit-test-tests/lib/python3.10/site-packages/pluggy/_callers.py", line 77, in _multicall
    res = hook_impl.function(*args)
  File "/workdir/CacheControl-0.12.11/.tox/cpythonlibtest-unit-test-tests/lib/python3.10/site-packages/_pytest/runner.py", line 177, in pytest_runtest_call
    raise e
  File "/workdir/CacheControl-0.12.11/.tox/cpythonlibtest-unit-test-tests/lib/python3.10/site-packages/_pytest/runner.py", line 169, in pytest_runtest_call
    item.runtest()
  File "/workdir/CacheControl-0.12.11/.tox/cpythonlibtest-unit-test-tests/lib/python3.10/site-packages/_pytest/python.py", line 1792, in runtest
    self.ihook.pytest_pyfunc_call(pyfuncitem=self)
  File "/workdir/CacheControl-0.12.11/.tox/cpythonlibtest-unit-test-tests/lib/python3.10/site-packages/pluggy/_hooks.py", line 493, in __call__
    return self._hookexec(self.name, self._hookimpls, kwargs, firstresult)
  File "/workdir/CacheControl-0.12.11/.tox/cpythonlibtest-unit-test-tests/lib/python3.10/site-packages/pluggy/_manager.py", line 115, in _hookexec
    return self._inner_hookexec(hook_name, methods, kwargs, firstresult)
  File "/workdir/CacheControl-0.12.11/.tox/cpythonlibtest-unit-test-tests/lib/python3.10/site-packages/pluggy/_callers.py", line 113, in _multicall
    raise exception.with_traceback(exception.__traceback__)
  File "/workdir/CacheControl-0.12.11/.tox/cpythonlibtest-unit-test-tests/lib/python3.10/site-packages/pluggy/_callers.py", line 77, in _multicall
    res = hook_impl.function(*args)
  File "/workdir/CacheControl-0.12.11/.tox/cpythonlibtest-unit-test-tests/lib/python3.10/site-packages/_pytest/python.py", line 194, in pytest_pyfunc_call
    result = testfunction(**testargs)
  File "/workdir/CacheControl-0.12.11/tests/test_storage_filecache.py", line 79, in test_filecache_directory_already_exists
    sess.get(url)
  File "/workdir/CacheControl-0.12.11/.tox/cpythonlibtest-unit-test-tests/lib/python3.10/site-packages/requests/sessions.py", line 602, in get
    return self.request("GET", url, **kwargs)
  File "/workdir/CacheControl-0.12.11/.tox/cpythonlibtest-unit-test-tests/lib/python3.10/site-packages/requests/sessions.py", line 589, in request
    resp = self.send(prep, **send_kwargs)
  File "/workdir/CacheControl-0.12.11/.tox/cpythonlibtest-unit-test-tests/lib/python3.10/site-packages/requests/sessions.py", line 747, in send
    r.content
  File "/workdir/CacheControl-0.12.11/.tox/cpythonlibtest-unit-test-tests/lib/python3.10/site-packages/requests/models.py", line 899, in content
    self._content = b"".join(self.iter_content(CONTENT_CHUNK_SIZE)) or b""
  File "/workdir/CacheControl-0.12.11/.tox/cpythonlibtest-unit-test-tests/lib/python3.10/site-packages/requests/models.py", line 816, in generate
    yield from self.raw.stream(chunk_size, decode_content=True)
  File "/workdir/CacheControl-0.12.11/.tox/cpythonlibtest-unit-test-tests/lib/python3.10/site-packages/urllib3/response.py", line 931, in stream
    yield from self.read_chunked(amt, decode_content=decode_content)
  File "/workdir/CacheControl-0.12.11/.tox/cpythonlibtest-unit-test-tests/lib/python3.10/site-packages/urllib3/response.py", line 1071, in read_chunked
    self._update_chunk_length()
  File "/workdir/CacheControl-0.12.11/.tox/cpythonlibtest-unit-test-tests/lib/python3.10/site-packages/cachecontrol/adapter.py", line 117, in _update_chunk_length
    self._fp._close()
  File "/workdir/CacheControl-0.12.11/.tox/cpythonlibtest-unit-test-tests/lib/python3.10/site-packages/cachecontrol/filewrapper.py", line 76, in _close
    self.__callback(result)
  File "/workdir/CacheControl-0.12.11/.tox/cpythonlibtest-unit-test-tests/lib/python3.10/site-packages/cachecontrol/controller.py", line 370, in cache_response
    self._cache_set(
  File "/workdir/CacheControl-0.12.11/.tox/cpythonlibtest-unit-test-tests/lib/python3.10/site-packages/cachecontrol/controller.py", line 267, in _cache_set
    self.serializer.dumps(request, response, b""),
  File "/workdir/CacheControl-0.12.11/.tox/cpythonlibtest-unit-test-tests/lib/python3.10/site-packages/cachecontrol/serialize.py", line 54, in dumps
    u"strict": response.strict,
AttributeError: 'HTTPResponse' object has no attribute 'strict'</failure></testcase><testcase classname="tests.test_storage_filecache.TestSeparateBodyFileCache" name="test_key_length" time="0.003" /><testcase classname="tests.test_storage_filecache.TestSeparateBodyFileCache" name="test_cant_use_dir_and_lock_class" time="0.002" /><testcase classname="tests.test_storage_filecache.TestSeparateBodyFileCache" name="test_simple_lockfile_arg[None-LinkLockFile]" time="0.002" /><testcase classname="tests.test_storage_filecache.TestSeparateBodyFileCache" name="test_simple_lockfile_arg[True-MkdirLockFile]" time="0.002" /><testcase classname="tests.test_storage_filecache.TestSeparateBodyFileCache" name="test_simple_lockfile_arg[False-LinkLockFile]" time="0.002" /><testcase classname="tests.test_storage_filecache.TestSeparateBodyFileCache" name="test_lock_class" time="0.002" /><testcase classname="tests.test_storage_filecache.TestSeparateBodyFileCache" name="test_filecache_with_delete_request" time="0.006" /><testcase classname="tests.test_storage_filecache.TestSeparateBodyFileCache" name="test_filecache_with_put_request" time="0.006" /><testcase classname="tests.test_storage_filecache.TestSeparateBodyFileCache" name="test_body_actually_stored_separately" time="0.005"><failure message="AttributeError: 'HTTPResponse' object has no attribute 'strict'">Traceback (most recent call last):
  File "/workdir/CacheControl-0.12.11/.tox/cpythonlibtest-unit-test-tests/lib/python3.10/site-packages/_pytest/runner.py", line 341, in from_call
    result: Optional[TResult] = func()
  File "/workdir/CacheControl-0.12.11/.tox/cpythonlibtest-unit-test-tests/lib/python3.10/site-packages/_pytest/runner.py", line 262, in &lt;lambda&gt;
    lambda: ihook(item=item, **kwds), when=when, reraise=reraise
  File "/workdir/CacheControl-0.12.11/.tox/cpythonlibtest-unit-test-tests/lib/python3.10/site-packages/pluggy/_hooks.py", line 493, in __call__
    return self._hookexec(self.name, self._hookimpls, kwargs, firstresult)
  File "/workdir/CacheControl-0.12.11/.tox/cpythonlibtest-unit-test-tests/lib/python3.10/site-packages/pluggy/_manager.py", line 115, in _hookexec
    return self._inner_hookexec(hook_name, methods, kwargs, firstresult)
  File "/workdir/CacheControl-0.12.11/.tox/cpythonlibtest-unit-test-tests/lib/python3.10/site-packages/pluggy/_callers.py", line 152, in _multicall
    return outcome.get_result()
  File "/workdir/CacheControl-0.12.11/.tox/cpythonlibtest-unit-test-tests/lib/python3.10/site-packages/pluggy/_result.py", line 114, in get_result
    raise exc.with_traceback(exc.__traceback__)
  File "/workdir/CacheControl-0.12.11/.tox/cpythonlibtest-unit-test-tests/lib/python3.10/site-packages/pluggy/_callers.py", line 77, in _multicall
    res = hook_impl.function(*args)
  File "/workdir/CacheControl-0.12.11/.tox/cpythonlibtest-unit-test-tests/lib/python3.10/site-packages/_pytest/runner.py", line 177, in pytest_runtest_call
    raise e
  File "/workdir/CacheControl-0.12.11/.tox/cpythonlibtest-unit-test-tests/lib/python3.10/site-packages/_pytest/runner.py", line 169, in pytest_runtest_call
    item.runtest()
  File "/workdir/CacheControl-0.12.11/.tox/cpythonlibtest-unit-test-tests/lib/python3.10/site-packages/_pytest/python.py", line 1792, in runtest
    self.ihook.pytest_pyfunc_call(pyfuncitem=self)
  File "/workdir/CacheControl-0.12.11/.tox/cpythonlibtest-unit-test-tests/lib/python3.10/site-packages/pluggy/_hooks.py", line 493, in __call__
    return self._hookexec(self.name, self._hookimpls, kwargs, firstresult)
  File "/workdir/CacheControl-0.12.11/.tox/cpythonlibtest-unit-test-tests/lib/python3.10/site-packages/pluggy/_manager.py", line 115, in _hookexec
    return self._inner_hookexec(hook_name, methods, kwargs, firstresult)
  File "/workdir/CacheControl-0.12.11/.tox/cpythonlibtest-unit-test-tests/lib/python3.10/site-packages/pluggy/_callers.py", line 113, in _multicall
    raise exception.with_traceback(exception.__traceback__)
  File "/workdir/CacheControl-0.12.11/.tox/cpythonlibtest-unit-test-tests/lib/python3.10/site-packages/pluggy/_callers.py", line 77, in _multicall
    res = hook_impl.function(*args)
  File "/workdir/CacheControl-0.12.11/.tox/cpythonlibtest-unit-test-tests/lib/python3.10/site-packages/_pytest/python.py", line 194, in pytest_pyfunc_call
    result = testfunction(**testargs)
  File "/workdir/CacheControl-0.12.11/tests/test_storage_filecache.py", line 169, in test_body_actually_stored_separately
    response = sess.get(url)
  File "/workdir/CacheControl-0.12.11/.tox/cpythonlibtest-unit-test-tests/lib/python3.10/site-packages/requests/sessions.py", line 602, in get
    return self.request("GET", url, **kwargs)
  File "/workdir/CacheControl-0.12.11/.tox/cpythonlibtest-unit-test-tests/lib/python3.10/site-packages/requests/sessions.py", line 589, in request
    resp = self.send(prep, **send_kwargs)
  File "/workdir/CacheControl-0.12.11/.tox/cpythonlibtest-unit-test-tests/lib/python3.10/site-packages/requests/sessions.py", line 747, in send
    r.content
  File "/workdir/CacheControl-0.12.11/.tox/cpythonlibtest-unit-test-tests/lib/python3.10/site-packages/requests/models.py", line 899, in content
    self._content = b"".join(self.iter_content(CONTENT_CHUNK_SIZE)) or b""
  File "/workdir/CacheControl-0.12.11/.tox/cpythonlibtest-unit-test-tests/lib/python3.10/site-packages/requests/models.py", line 816, in generate
    yield from self.raw.stream(chunk_size, decode_content=True)
  File "/workdir/CacheControl-0.12.11/.tox/cpythonlibtest-unit-test-tests/lib/python3.10/site-packages/urllib3/response.py", line 931, in stream
    yield from self.read_chunked(amt, decode_content=decode_content)
  File "/workdir/CacheControl-0.12.11/.tox/cpythonlibtest-unit-test-tests/lib/python3.10/site-packages/urllib3/response.py", line 1071, in read_chunked
    self._update_chunk_length()
  File "/workdir/CacheControl-0.12.11/.tox/cpythonlibtest-unit-test-tests/lib/python3.10/site-packages/cachecontrol/adapter.py", line 117, in _update_chunk_length
    self._fp._close()
  File "/workdir/CacheControl-0.12.11/.tox/cpythonlibtest-unit-test-tests/lib/python3.10/site-packages/cachecontrol/filewrapper.py", line 76, in _close
    self.__callback(result)
  File "/workdir/CacheControl-0.12.11/.tox/cpythonlibtest-unit-test-tests/lib/python3.10/site-packages/cachecontrol/controller.py", line 370, in cache_response
    self._cache_set(
  File "/workdir/CacheControl-0.12.11/.tox/cpythonlibtest-unit-test-tests/lib/python3.10/site-packages/cachecontrol/controller.py", line 267, in _cache_set
    self.serializer.dumps(request, response, b""),
  File "/workdir/CacheControl-0.12.11/.tox/cpythonlibtest-unit-test-tests/lib/python3.10/site-packages/cachecontrol/serialize.py", line 54, in dumps
    u"strict": response.strict,
AttributeError: 'HTTPResponse' object has no attribute 'strict'</failure></testcase><testcase classname="tests.test_storage_redis.TestRedisCache" name="test_set_expiration_datetime" time="0.001" /><testcase classname="tests.test_storage_redis.TestRedisCache" name="test_set_expiration_int" time="0.001" /><testcase classname="tests.test_vary.TestVary" name="test_vary_example" time="0.006"><failure message="AttributeError: 'HTTPResponse' object has no attribute 'strict'">Traceback (most recent call last):
  File "/workdir/CacheControl-0.12.11/.tox/cpythonlibtest-unit-test-tests/lib/python3.10/site-packages/_pytest/runner.py", line 341, in from_call
    result: Optional[TResult] = func()
  File "/workdir/CacheControl-0.12.11/.tox/cpythonlibtest-unit-test-tests/lib/python3.10/site-packages/_pytest/runner.py", line 262, in &lt;lambda&gt;
    lambda: ihook(item=item, **kwds), when=when, reraise=reraise
  File "/workdir/CacheControl-0.12.11/.tox/cpythonlibtest-unit-test-tests/lib/python3.10/site-packages/pluggy/_hooks.py", line 493, in __call__
    return self._hookexec(self.name, self._hookimpls, kwargs, firstresult)
  File "/workdir/CacheControl-0.12.11/.tox/cpythonlibtest-unit-test-tests/lib/python3.10/site-packages/pluggy/_manager.py", line 115, in _hookexec
    return self._inner_hookexec(hook_name, methods, kwargs, firstresult)
  File "/workdir/CacheControl-0.12.11/.tox/cpythonlibtest-unit-test-tests/lib/python3.10/site-packages/pluggy/_callers.py", line 152, in _multicall
    return outcome.get_result()
  File "/workdir/CacheControl-0.12.11/.tox/cpythonlibtest-unit-test-tests/lib/python3.10/site-packages/pluggy/_result.py", line 114, in get_result
    raise exc.with_traceback(exc.__traceback__)
  File "/workdir/CacheControl-0.12.11/.tox/cpythonlibtest-unit-test-tests/lib/python3.10/site-packages/pluggy/_callers.py", line 77, in _multicall
    res = hook_impl.function(*args)
  File "/workdir/CacheControl-0.12.11/.tox/cpythonlibtest-unit-test-tests/lib/python3.10/site-packages/_pytest/runner.py", line 177, in pytest_runtest_call
    raise e
  File "/workdir/CacheControl-0.12.11/.tox/cpythonlibtest-unit-test-tests/lib/python3.10/site-packages/_pytest/runner.py", line 169, in pytest_runtest_call
    item.runtest()
  File "/workdir/CacheControl-0.12.11/.tox/cpythonlibtest-unit-test-tests/lib/python3.10/site-packages/_pytest/python.py", line 1792, in runtest
    self.ihook.pytest_pyfunc_call(pyfuncitem=self)
  File "/workdir/CacheControl-0.12.11/.tox/cpythonlibtest-unit-test-tests/lib/python3.10/site-packages/pluggy/_hooks.py", line 493, in __call__
    return self._hookexec(self.name, self._hookimpls, kwargs, firstresult)
  File "/workdir/CacheControl-0.12.11/.tox/cpythonlibtest-unit-test-tests/lib/python3.10/site-packages/pluggy/_manager.py", line 115, in _hookexec
    return self._inner_hookexec(hook_name, methods, kwargs, firstresult)
  File "/workdir/CacheControl-0.12.11/.tox/cpythonlibtest-unit-test-tests/lib/python3.10/site-packages/pluggy/_callers.py", line 113, in _multicall
    raise exception.with_traceback(exception.__traceback__)
  File "/workdir/CacheControl-0.12.11/.tox/cpythonlibtest-unit-test-tests/lib/python3.10/site-packages/pluggy/_callers.py", line 77, in _multicall
    res = hook_impl.function(*args)
  File "/workdir/CacheControl-0.12.11/.tox/cpythonlibtest-unit-test-tests/lib/python3.10/site-packages/_pytest/python.py", line 194, in pytest_pyfunc_call
    result = testfunction(**testargs)
  File "/workdir/CacheControl-0.12.11/tests/test_vary.py", line 61, in test_vary_example
    r = sess.get(self.url)
  File "/workdir/CacheControl-0.12.11/.tox/cpythonlibtest-unit-test-tests/lib/python3.10/site-packages/requests/sessions.py", line 602, in get
    return self.request("GET", url, **kwargs)
  File "/workdir/CacheControl-0.12.11/.tox/cpythonlibtest-unit-test-tests/lib/python3.10/site-packages/requests/sessions.py", line 589, in request
    resp = self.send(prep, **send_kwargs)
  File "/workdir/CacheControl-0.12.11/.tox/cpythonlibtest-unit-test-tests/lib/python3.10/site-packages/requests/sessions.py", line 747, in send
    r.content
  File "/workdir/CacheControl-0.12.11/.tox/cpythonlibtest-unit-test-tests/lib/python3.10/site-packages/requests/models.py", line 899, in content
    self._content = b"".join(self.iter_content(CONTENT_CHUNK_SIZE)) or b""
  File "/workdir/CacheControl-0.12.11/.tox/cpythonlibtest-unit-test-tests/lib/python3.10/site-packages/requests/models.py", line 816, in generate
    yield from self.raw.stream(chunk_size, decode_content=True)
  File "/workdir/CacheControl-0.12.11/.tox/cpythonlibtest-unit-test-tests/lib/python3.10/site-packages/urllib3/response.py", line 931, in stream
    yield from self.read_chunked(amt, decode_content=decode_content)
  File "/workdir/CacheControl-0.12.11/.tox/cpythonlibtest-unit-test-tests/lib/python3.10/site-packages/urllib3/response.py", line 1071, in read_chunked
    self._update_chunk_length()
  File "/workdir/CacheControl-0.12.11/.tox/cpythonlibtest-unit-test-tests/lib/python3.10/site-packages/cachecontrol/adapter.py", line 117, in _update_chunk_length
    self._fp._close()
  File "/workdir/CacheControl-0.12.11/.tox/cpythonlibtest-unit-test-tests/lib/python3.10/site-packages/cachecontrol/filewrapper.py", line 76, in _close
    self.__callback(result)
  File "/workdir/CacheControl-0.12.11/.tox/cpythonlibtest-unit-test-tests/lib/python3.10/site-packages/cachecontrol/controller.py", line 370, in cache_response
    self._cache_set(
  File "/workdir/CacheControl-0.12.11/.tox/cpythonlibtest-unit-test-tests/lib/python3.10/site-packages/cachecontrol/controller.py", line 274, in _cache_set
    self.serializer.dumps(request, response, body),
  File "/workdir/CacheControl-0.12.11/.tox/cpythonlibtest-unit-test-tests/lib/python3.10/site-packages/cachecontrol/serialize.py", line 54, in dumps
    u"strict": response.strict,
AttributeError: 'HTTPResponse' object has no attribute 'strict'</failure></testcase></testsuite></testsuites>