<?xml version="1.0" encoding="utf-8"?><testsuites><testsuite name="pytest" errors="10" failures="29" skipped="0" tests="101" time="0.783" timestamp="2023-11-20T23:18:05.946886" hostname="b80581c01e0f"><testcase classname="tests.test_adapter.TestSessionActions" name="test_get_caches[use_adapter]" time="0.006"><error message="failed on setup with &quot;AttributeError: 'HTTPResponse' object has no attribute 'strict'&quot;">Traceback (most recent call last):
  File "/workdir/CacheControl-0.12.11/.tox/cpythonlibtest-unit-test-tests/lib/python3.10/site-packages/_pytest/runner.py", line 341, in from_call
    result: Optional[TResult] = func()
  File "/workdir/CacheControl-0.12.11/.tox/cpythonlibtest-unit-test-tests/lib/python3.10/site-packages/_pytest/runner.py", line 262, in &lt;lambda&gt;
    lambda: ihook(item=item, **kwds), when=when, reraise=reraise
  File "/workdir/CacheControl-0.12.11/.tox/cpythonlibtest-unit-test-tests/lib/python3.10/site-packages/pluggy/_hooks.py", line 493, in __call__
    return self._hookexec(self.name, self._hookimpls, kwargs, firstresult)
  File "/workdir/CacheControl-0.12.11/.tox/cpythonlibtest-unit-test-tests/lib/python3.10/site-packages/pluggy/_manager.py", line 115, in _hookexec
    return self._inner_hookexec(hook_name, methods, kwargs, firstresult)
  File "/workdir/CacheControl-0.12.11/.tox/cpythonlibtest-unit-test-tests/lib/python3.10/site-packages/pluggy/_callers.py", line 152, in _multicall
    return outcome.get_result()
  File "/workdir/CacheControl-0.12.11/.tox/cpythonlibtest-unit-test-tests/lib/python3.10/site-packages/pluggy/_result.py", line 114, in get_result
    raise exc.with_traceback(exc.__traceback__)
  File "/workdir/CacheControl-0.12.11/.tox/cpythonlibtest-unit-test-tests/lib/python3.10/site-packages/pluggy/_callers.py", line 77, in _multicall
    res = hook_impl.function(*args)
  File "/workdir/CacheControl-0.12.11/.tox/cpythonlibtest-unit-test-tests/lib/python3.10/site-packages/_pytest/runner.py", line 157, in pytest_runtest_setup
    item.session._setupstate.setup(item)
  File "/workdir/CacheControl-0.12.11/.tox/cpythonlibtest-unit-test-tests/lib/python3.10/site-packages/_pytest/runner.py", line 497, in setup
    raise exc
  File "/workdir/CacheControl-0.12.11/.tox/cpythonlibtest-unit-test-tests/lib/python3.10/site-packages/_pytest/runner.py", line 494, in setup
    col.setup()
  File "/workdir/CacheControl-0.12.11/.tox/cpythonlibtest-unit-test-tests/lib/python3.10/site-packages/_pytest/python.py", line 1795, in setup
    self._request._fillfixtures()
  File "/workdir/CacheControl-0.12.11/.tox/cpythonlibtest-unit-test-tests/lib/python3.10/site-packages/_pytest/fixtures.py", line 566, in _fillfixtures
    item.funcargs[argname] = self.getfixturevalue(argname)
  File "/workdir/CacheControl-0.12.11/.tox/cpythonlibtest-unit-test-tests/lib/python3.10/site-packages/_pytest/fixtures.py", line 585, in getfixturevalue
    fixturedef = self._get_active_fixturedef(argname)
  File "/workdir/CacheControl-0.12.11/.tox/cpythonlibtest-unit-test-tests/lib/python3.10/site-packages/_pytest/fixtures.py", line 607, in _get_active_fixturedef
    self._compute_fixture_value(fixturedef)
  File "/workdir/CacheControl-0.12.11/.tox/cpythonlibtest-unit-test-tests/lib/python3.10/site-packages/_pytest/fixtures.py", line 693, in _compute_fixture_value
    fixturedef.execute(request=subrequest)
  File "/workdir/CacheControl-0.12.11/.tox/cpythonlibtest-unit-test-tests/lib/python3.10/site-packages/_pytest/fixtures.py", line 1069, in execute
    result = ihook.pytest_fixture_setup(fixturedef=self, request=request)
  File "/workdir/CacheControl-0.12.11/.tox/cpythonlibtest-unit-test-tests/lib/python3.10/site-packages/pluggy/_hooks.py", line 493, in __call__
    return self._hookexec(self.name, self._hookimpls, kwargs, firstresult)
  File "/workdir/CacheControl-0.12.11/.tox/cpythonlibtest-unit-test-tests/lib/python3.10/site-packages/pluggy/_manager.py", line 115, in _hookexec
    return self._inner_hookexec(hook_name, methods, kwargs, firstresult)
  File "/workdir/CacheControl-0.12.11/.tox/cpythonlibtest-unit-test-tests/lib/python3.10/site-packages/pluggy/_callers.py", line 152, in _multicall
    return outcome.get_result()
  File "/workdir/CacheControl-0.12.11/.tox/cpythonlibtest-unit-test-tests/lib/python3.10/site-packages/pluggy/_result.py", line 114, in get_result
    raise exc.with_traceback(exc.__traceback__)
  File "/workdir/CacheControl-0.12.11/.tox/cpythonlibtest-unit-test-tests/lib/python3.10/site-packages/pluggy/_callers.py", line 77, in _multicall
    res = hook_impl.function(*args)
  File "/workdir/CacheControl-0.12.11/.tox/cpythonlibtest-unit-test-tests/lib/python3.10/site-packages/_pytest/fixtures.py", line 1123, in pytest_fixture_setup
    result = call_fixture_func(fixturefunc, request, kwargs)
  File "/workdir/CacheControl-0.12.11/.tox/cpythonlibtest-unit-test-tests/lib/python3.10/site-packages/_pytest/fixtures.py", line 895, in call_fixture_func
    fixture_result = next(generator)
  File "/workdir/CacheControl-0.12.11/tests/test_adapter.py", line 30, in sess
    sess.get(url)
  File "/workdir/CacheControl-0.12.11/.tox/cpythonlibtest-unit-test-tests/lib/python3.10/site-packages/requests/sessions.py", line 602, in get
    return self.request("GET", url, **kwargs)
  File "/workdir/CacheControl-0.12.11/.tox/cpythonlibtest-unit-test-tests/lib/python3.10/site-packages/requests/sessions.py", line 589, in request
    resp = self.send(prep, **send_kwargs)
  File "/workdir/CacheControl-0.12.11/.tox/cpythonlibtest-unit-test-tests/lib/python3.10/site-packages/requests/sessions.py", line 747, in send
    r.content
  File "/workdir/CacheControl-0.12.11/.tox/cpythonlibtest-unit-test-tests/lib/python3.10/site-packages/requests/models.py", line 899, in content
    self._content = b"".join(self.iter_content(CONTENT_CHUNK_SIZE)) or b""
  File "/workdir/CacheControl-0.12.11/.tox/cpythonlibtest-unit-test-tests/lib/python3.10/site-packages/requests/models.py", line 816, in generate
    yield from self.raw.stream(chunk_size, decode_content=True)
  File "/workdir/CacheControl-0.12.11/.tox/cpythonlibtest-unit-test-tests/lib/python3.10/site-packages/urllib3/response.py", line 931, in stream
    yield from self.read_chunked(amt, decode_content=decode_content)
  File "/workdir/CacheControl-0.12.11/.tox/cpythonlibtest-unit-test-tests/lib/python3.10/site-packages/urllib3/response.py", line 1071, in read_chunked
    self._update_chunk_length()
  File "/workdir/CacheControl-0.12.11/.tox/cpythonlibtest-unit-test-tests/lib/python3.10/site-packages/cachecontrol/adapter.py", line 117, in _update_chunk_length
    self._fp._close()
  File "/workdir/CacheControl-0.12.11/.tox/cpythonlibtest-unit-test-tests/lib/python3.10/site-packages/cachecontrol/filewrapper.py", line 76, in _close
    self.__callback(result)
  File "/workdir/CacheControl-0.12.11/.tox/cpythonlibtest-unit-test-tests/lib/python3.10/site-packages/cachecontrol/controller.py", line 370, in cache_response
    self._cache_set(
  File "/workdir/CacheControl-0.12.11/.tox/cpythonlibtest-unit-test-tests/lib/python3.10/site-packages/cachecontrol/controller.py", line 274, in _cache_set
    self.serializer.dumps(request, response, body),
  File "/workdir/CacheControl-0.12.11/.tox/cpythonlibtest-unit-test-tests/lib/python3.10/site-packages/cachecontrol/serialize.py", line 54, in dumps
    u"strict": response.strict,
AttributeError: 'HTTPResponse' object has no attribute 'strict'</error></testcase><testcase classname="tests.test_adapter.TestSessionActions" name="test_get_caches[use_wrapper]" time="0.005"><error message="failed on setup with &quot;AttributeError: 'HTTPResponse' object has no attribute 'strict'&quot;">Traceback (most recent call last):
  File "/workdir/CacheControl-0.12.11/.tox/cpythonlibtest-unit-test-tests/lib/python3.10/site-packages/_pytest/runner.py", line 341, in from_call
    result: Optional[TResult] = func()
  File "/workdir/CacheControl-0.12.11/.tox/cpythonlibtest-unit-test-tests/lib/python3.10/site-packages/_pytest/runner.py", line 262, in &lt;lambda&gt;
    lambda: ihook(item=item, **kwds), when=when, reraise=reraise
  File "/workdir/CacheControl-0.12.11/.tox/cpythonlibtest-unit-test-tests/lib/python3.10/site-packages/pluggy/_hooks.py", line 493, in __call__
    return self._hookexec(self.name, self._hookimpls, kwargs, firstresult)
  File "/workdir/CacheControl-0.12.11/.tox/cpythonlibtest-unit-test-tests/lib/python3.10/site-packages/pluggy/_manager.py", line 115, in _hookexec
    return self._inner_hookexec(hook_name, methods, kwargs, firstresult)
  File "/workdir/CacheControl-0.12.11/.tox/cpythonlibtest-unit-test-tests/lib/python3.10/site-packages/pluggy/_callers.py", line 152, in _multicall
    return outcome.get_result()
  File "/workdir/CacheControl-0.12.11/.tox/cpythonlibtest-unit-test-tests/lib/python3.10/site-packages/pluggy/_result.py", line 114, in get_result
    raise exc.with_traceback(exc.__traceback__)
  File "/workdir/CacheControl-0.12.11/.tox/cpythonlibtest-unit-test-tests/lib/python3.10/site-packages/pluggy/_callers.py", line 77, in _multicall
    res = hook_impl.function(*args)
  File "/workdir/CacheControl-0.12.11/.tox/cpythonlibtest-unit-test-tests/lib/python3.10/site-packages/_pytest/runner.py", line 157, in pytest_runtest_setup
    item.session._setupstate.setup(item)
  File "/workdir/CacheControl-0.12.11/.tox/cpythonlibtest-unit-test-tests/lib/python3.10/site-packages/_pytest/runner.py", line 497, in setup
    raise exc
  File "/workdir/CacheControl-0.12.11/.tox/cpythonlibtest-unit-test-tests/lib/python3.10/site-packages/_pytest/runner.py", line 494, in setup
    col.setup()
  File "/workdir/CacheControl-0.12.11/.tox/cpythonlibtest-unit-test-tests/lib/python3.10/site-packages/_pytest/python.py", line 1795, in setup
    self._request._fillfixtures()
  File "/workdir/CacheControl-0.12.11/.tox/cpythonlibtest-unit-test-tests/lib/python3.10/site-packages/_pytest/fixtures.py", line 566, in _fillfixtures
    item.funcargs[argname] = self.getfixturevalue(argname)
  File "/workdir/CacheControl-0.12.11/.tox/cpythonlibtest-unit-test-tests/lib/python3.10/site-packages/_pytest/fixtures.py", line 585, in getfixturevalue
    fixturedef = self._get_active_fixturedef(argname)
  File "/workdir/CacheControl-0.12.11/.tox/cpythonlibtest-unit-test-tests/lib/python3.10/site-packages/_pytest/fixtures.py", line 607, in _get_active_fixturedef
    self._compute_fixture_value(fixturedef)
  File "/workdir/CacheControl-0.12.11/.tox/cpythonlibtest-unit-test-tests/lib/python3.10/site-packages/_pytest/fixtures.py", line 693, in _compute_fixture_value
    fixturedef.execute(request=subrequest)
  File "/workdir/CacheControl-0.12.11/.tox/cpythonlibtest-unit-test-tests/lib/python3.10/site-packages/_pytest/fixtures.py", line 1069, in execute
    result = ihook.pytest_fixture_setup(fixturedef=self, request=request)
  File "/workdir/CacheControl-0.12.11/.tox/cpythonlibtest-unit-test-tests/lib/python3.10/site-packages/pluggy/_hooks.py", line 493, in __call__
    return self._hookexec(self.name, self._hookimpls, kwargs, firstresult)
  File "/workdir/CacheControl-0.12.11/.tox/cpythonlibtest-unit-test-tests/lib/python3.10/site-packages/pluggy/_manager.py", line 115, in _hookexec
    return self._inner_hookexec(hook_name, methods, kwargs, firstresult)
  File "/workdir/CacheControl-0.12.11/.tox/cpythonlibtest-unit-test-tests/lib/python3.10/site-packages/pluggy/_callers.py", line 152, in _multicall
    return outcome.get_result()
  File "/workdir/CacheControl-0.12.11/.tox/cpythonlibtest-unit-test-tests/lib/python3.10/site-packages/pluggy/_result.py", line 114, in get_result
    raise exc.with_traceback(exc.__traceback__)
  File "/workdir/CacheControl-0.12.11/.tox/cpythonlibtest-unit-test-tests/lib/python3.10/site-packages/pluggy/_callers.py", line 77, in _multicall
    res = hook_impl.function(*args)
  File "/workdir/CacheControl-0.12.11/.tox/cpythonlibtest-unit-test-tests/lib/python3.10/site-packages/_pytest/fixtures.py", line 1123, in pytest_fixture_setup
    result = call_fixture_func(fixturefunc, request, kwargs)
  File "/workdir/CacheControl-0.12.11/.tox/cpythonlibtest-unit-test-tests/lib/python3.10/site-packages/_pytest/fixtures.py", line 895, in call_fixture_func
    fixture_result = next(generator)
  File "/workdir/CacheControl-0.12.11/tests/test_adapter.py", line 30, in sess
    sess.get(url)
  File "/workdir/CacheControl-0.12.11/.tox/cpythonlibtest-unit-test-tests/lib/python3.10/site-packages/requests/sessions.py", line 602, in get
    return self.request("GET", url, **kwargs)
  File "/workdir/CacheControl-0.12.11/.tox/cpythonlibtest-unit-test-tests/lib/python3.10/site-packages/requests/sessions.py", line 589, in request
    resp = self.send(prep, **send_kwargs)
  File "/workdir/CacheControl-0.12.11/.tox/cpythonlibtest-unit-test-tests/lib/python3.10/site-packages/requests/sessions.py", line 747, in send
    r.content
  File "/workdir/CacheControl-0.12.11/.tox/cpythonlibtest-unit-test-tests/lib/python3.10/site-packages/requests/models.py", line 899, in content
    self._content = b"".join(self.iter_content(CONTENT_CHUNK_SIZE)) or b""
  File "/workdir/CacheControl-0.12.11/.tox/cpythonlibtest-unit-test-tests/lib/python3.10/site-packages/requests/models.py", line 816, in generate
    yield from self.raw.stream(chunk_size, decode_content=True)
  File "/workdir/CacheControl-0.12.11/.tox/cpythonlibtest-unit-test-tests/lib/python3.10/site-packages/urllib3/response.py", line 931, in stream
    yield from self.read_chunked(amt, decode_content=decode_content)
  File "/workdir/CacheControl-0.12.11/.tox/cpythonlibtest-unit-test-tests/lib/python3.10/site-packages/urllib3/response.py", line 1071, in read_chunked
    self._update_chunk_length()
  File "/workdir/CacheControl-0.12.11/.tox/cpythonlibtest-unit-test-tests/lib/python3.10/site-packages/cachecontrol/adapter.py", line 117, in _update_chunk_length
    self._fp._close()
  File "/workdir/CacheControl-0.12.11/.tox/cpythonlibtest-unit-test-tests/lib/python3.10/site-packages/cachecontrol/filewrapper.py", line 76, in _close
    self.__callback(result)
  File "/workdir/CacheControl-0.12.11/.tox/cpythonlibtest-unit-test-tests/lib/python3.10/site-packages/cachecontrol/controller.py", line 370, in cache_response
    self._cache_set(
  File "/workdir/CacheControl-0.12.11/.tox/cpythonlibtest-unit-test-tests/lib/python3.10/site-packages/cachecontrol/controller.py", line 274, in _cache_set
    self.serializer.dumps(request, response, body),
  File "/workdir/CacheControl-0.12.11/.tox/cpythonlibtest-unit-test-tests/lib/python3.10/site-packages/cachecontrol/serialize.py", line 54, in dumps
    u"strict": response.strict,
AttributeError: 'HTTPResponse' object has no attribute 'strict'</error></testcase><testcase classname="tests.test_adapter.TestSessionActions" name="test_get_with_no_cache_does_not_cache[use_adapter]" time="0.004"><error message="failed on setup with &quot;AttributeError: 'HTTPResponse' object has no attribute 'strict'&quot;">Traceback (most recent call last):
  File "/workdir/CacheControl-0.12.11/.tox/cpythonlibtest-unit-test-tests/lib/python3.10/site-packages/_pytest/runner.py", line 341, in from_call
    result: Optional[TResult] = func()
  File "/workdir/CacheControl-0.12.11/.tox/cpythonlibtest-unit-test-tests/lib/python3.10/site-packages/_pytest/runner.py", line 262, in &lt;lambda&gt;
    lambda: ihook(item=item, **kwds), when=when, reraise=reraise
  File "/workdir/CacheControl-0.12.11/.tox/cpythonlibtest-unit-test-tests/lib/python3.10/site-packages/pluggy/_hooks.py", line 493, in __call__
    return self._hookexec(self.name, self._hookimpls, kwargs, firstresult)
  File "/workdir/CacheControl-0.12.11/.tox/cpythonlibtest-unit-test-tests/lib/python3.10/site-packages/pluggy/_manager.py", line 115, in _hookexec
    return self._inner_hookexec(hook_name, methods, kwargs, firstresult)
  File "/workdir/CacheControl-0.12.11/.tox/cpythonlibtest-unit-test-tests/lib/python3.10/site-packages/pluggy/_callers.py", line 152, in _multicall
    return outcome.get_result()
  File "/workdir/CacheControl-0.12.11/.tox/cpythonlibtest-unit-test-tests/lib/python3.10/site-packages/pluggy/_result.py", line 114, in get_result
    raise exc.with_traceback(exc.__traceback__)
  File "/workdir/CacheControl-0.12.11/.tox/cpythonlibtest-unit-test-tests/lib/python3.10/site-packages/pluggy/_callers.py", line 77, in _multicall
    res = hook_impl.function(*args)
  File "/workdir/CacheControl-0.12.11/.tox/cpythonlibtest-unit-test-tests/lib/python3.10/site-packages/_pytest/runner.py", line 157, in pytest_runtest_setup
    item.session._setupstate.setup(item)
  File "/workdir/CacheControl-0.12.11/.tox/cpythonlibtest-unit-test-tests/lib/python3.10/site-packages/_pytest/runner.py", line 497, in setup
    raise exc
  File "/workdir/CacheControl-0.12.11/.tox/cpythonlibtest-unit-test-tests/lib/python3.10/site-packages/_pytest/runner.py", line 494, in setup
    col.setup()
  File "/workdir/CacheControl-0.12.11/.tox/cpythonlibtest-unit-test-tests/lib/python3.10/site-packages/_pytest/python.py", line 1795, in setup
    self._request._fillfixtures()
  File "/workdir/CacheControl-0.12.11/.tox/cpythonlibtest-unit-test-tests/lib/python3.10/site-packages/_pytest/fixtures.py", line 566, in _fillfixtures
    item.funcargs[argname] = self.getfixturevalue(argname)
  File "/workdir/CacheControl-0.12.11/.tox/cpythonlibtest-unit-test-tests/lib/python3.10/site-packages/_pytest/fixtures.py", line 585, in getfixturevalue
    fixturedef = self._get_active_fixturedef(argname)
  File "/workdir/CacheControl-0.12.11/.tox/cpythonlibtest-unit-test-tests/lib/python3.10/site-packages/_pytest/fixtures.py", line 607, in _get_active_fixturedef
    self._compute_fixture_value(fixturedef)
  File "/workdir/CacheControl-0.12.11/.tox/cpythonlibtest-unit-test-tests/lib/python3.10/site-packages/_pytest/fixtures.py", line 693, in _compute_fixture_value
    fixturedef.execute(request=subrequest)
  File "/workdir/CacheControl-0.12.11/.tox/cpythonlibtest-unit-test-tests/lib/python3.10/site-packages/_pytest/fixtures.py", line 1069, in execute
    result = ihook.pytest_fixture_setup(fixturedef=self, request=request)
  File "/workdir/CacheControl-0.12.11/.tox/cpythonlibtest-unit-test-tests/lib/python3.10/site-packages/pluggy/_hooks.py", line 493, in __call__
    return self._hookexec(self.name, self._hookimpls, kwargs, firstresult)
  File "/workdir/CacheControl-0.12.11/.tox/cpythonlibtest-unit-test-tests/lib/python3.10/site-packages/pluggy/_manager.py", line 115, in _hookexec
    return self._inner_hookexec(hook_name, methods, kwargs, firstresult)
  File "/workdir/CacheControl-0.12.11/.tox/cpythonlibtest-unit-test-tests/lib/python3.10/site-packages/pluggy/_callers.py", line 152, in _multicall
    return outcome.get_result()
  File "/workdir/CacheControl-0.12.11/.tox/cpythonlibtest-unit-test-tests/lib/python3.10/site-packages/pluggy/_result.py", line 114, in get_result
    raise exc.with_traceback(exc.__traceback__)
  File "/workdir/CacheControl-0.12.11/.tox/cpythonlibtest-unit-test-tests/lib/python3.10/site-packages/pluggy/_callers.py", line 77, in _multicall
    res = hook_impl.function(*args)
  File "/workdir/CacheControl-0.12.11/.tox/cpythonlibtest-unit-test-tests/lib/python3.10/site-packages/_pytest/fixtures.py", line 1123, in pytest_fixture_setup
    result = call_fixture_func(fixturefunc, request, kwargs)
  File "/workdir/CacheControl-0.12.11/.tox/cpythonlibtest-unit-test-tests/lib/python3.10/site-packages/_pytest/fixtures.py", line 895, in call_fixture_func
    fixture_result = next(generator)
  File "/workdir/CacheControl-0.12.11/tests/test_adapter.py", line 30, in sess
    sess.get(url)
  File "/workdir/CacheControl-0.12.11/.tox/cpythonlibtest-unit-test-tests/lib/python3.10/site-packages/requests/sessions.py", line 602, in get
    return self.request("GET", url, **kwargs)
  File "/workdir/CacheControl-0.12.11/.tox/cpythonlibtest-unit-test-tests/lib/python3.10/site-packages/requests/sessions.py", line 589, in request
    resp = self.send(prep, **send_kwargs)
  File "/workdir/CacheControl-0.12.11/.tox/cpythonlibtest-unit-test-tests/lib/python3.10/site-packages/requests/sessions.py", line 747, in send
    r.content
  File "/workdir/CacheControl-0.12.11/.tox/cpythonlibtest-unit-test-tests/lib/python3.10/site-packages/requests/models.py", line 899, in content
    self._content = b"".join(self.iter_content(CONTENT_CHUNK_SIZE)) or b""
  File "/workdir/CacheControl-0.12.11/.tox/cpythonlibtest-unit-test-tests/lib/python3.10/site-packages/requests/models.py", line 816, in generate
    yield from self.raw.stream(chunk_size, decode_content=True)
  File "/workdir/CacheControl-0.12.11/.tox/cpythonlibtest-unit-test-tests/lib/python3.10/site-packages/urllib3/response.py", line 931, in stream
    yield from self.read_chunked(amt, decode_content=decode_content)
  File "/workdir/CacheControl-0.12.11/.tox/cpythonlibtest-unit-test-tests/lib/python3.10/site-packages/urllib3/response.py", line 1071, in read_chunked
    self._update_chunk_length()
  File "/workdir/CacheControl-0.12.11/.tox/cpythonlibtest-unit-test-tests/lib/python3.10/site-packages/cachecontrol/adapter.py", line 117, in _update_chunk_length
    self._fp._close()
  File "/workdir/CacheControl-0.12.11/.tox/cpythonlibtest-unit-test-tests/lib/python3.10/site-packages/cachecontrol/filewrapper.py", line 76, in _close
    self.__callback(result)
  File "/workdir/CacheControl-0.12.11/.tox/cpythonlibtest-unit-test-tests/lib/python3.10/site-packages/cachecontrol/controller.py", line 370, in cache_response
    self._cache_set(
  File "/workdir/CacheControl-0.12.11/.tox/cpythonlibtest-unit-test-tests/lib/python3.10/site-packages/cachecontrol/controller.py", line 274, in _cache_set
    self.serializer.dumps(request, response, body),
  File "/workdir/CacheControl-0.12.11/.tox/cpythonlibtest-unit-test-tests/lib/python3.10/site-packages/cachecontrol/serialize.py", line 54, in dumps
    u"strict": response.strict,
AttributeError: 'HTTPResponse' object has no attribute 'strict'</error></testcase><testcase classname="tests.test_adapter.TestSessionActions" name="test_get_with_no_cache_does_not_cache[use_wrapper]" time="0.005"><error message="failed on setup with &quot;AttributeError: 'HTTPResponse' object has no attribute 'strict'&quot;">Traceback (most recent call last):
  File "/workdir/CacheControl-0.12.11/.tox/cpythonlibtest-unit-test-tests/lib/python3.10/site-packages/_pytest/runner.py", line 341, in from_call
    result: Optional[TResult] = func()
  File "/workdir/CacheControl-0.12.11/.tox/cpythonlibtest-unit-test-tests/lib/python3.10/site-packages/_pytest/runner.py", line 262, in &lt;lambda&gt;
    lambda: ihook(item=item, **kwds), when=when, reraise=reraise
  File "/workdir/CacheControl-0.12.11/.tox/cpythonlibtest-unit-test-tests/lib/python3.10/site-packages/pluggy/_hooks.py", line 493, in __call__
    return self._hookexec(self.name, self._hookimpls, kwargs, firstresult)
  File "/workdir/CacheControl-0.12.11/.tox/cpythonlibtest-unit-test-tests/lib/python3.10/site-packages/pluggy/_manager.py", line 115, in _hookexec
    return self._inner_hookexec(hook_name, methods, kwargs, firstresult)
  File "/workdir/CacheControl-0.12.11/.tox/cpythonlibtest-unit-test-tests/lib/python3.10/site-packages/pluggy/_callers.py", line 152, in _multicall
    return outcome.get_result()
  File "/workdir/CacheControl-0.12.11/.tox/cpythonlibtest-unit-test-tests/lib/python3.10/site-packages/pluggy/_result.py", line 114, in get_result
    raise exc.with_traceback(exc.__traceback__)
  File "/workdir/CacheControl-0.12.11/.tox/cpythonlibtest-unit-test-tests/lib/python3.10/site-packages/pluggy/_callers.py", line 77, in _multicall
    res = hook_impl.function(*args)
  File "/workdir/CacheControl-0.12.11/.tox/cpythonlibtest-unit-test-tests/lib/python3.10/site-packages/_pytest/runner.py", line 157, in pytest_runtest_setup
    item.session._setupstate.setup(item)
  File "/workdir/CacheControl-0.12.11/.tox/cpythonlibtest-unit-test-tests/lib/python3.10/site-packages/_pytest/runner.py", line 497, in setup
    raise exc
  File "/workdir/CacheControl-0.12.11/.tox/cpythonlibtest-unit-test-tests/lib/python3.10/site-packages/_pytest/runner.py", line 494, in setup
    col.setup()
  File "/workdir/CacheControl-0.12.11/.tox/cpythonlibtest-unit-test-tests/lib/python3.10/site-packages/_pytest/python.py", line 1795, in setup
    self._request._fillfixtures()
  File "/workdir/CacheControl-0.12.11/.tox/cpythonlibtest-unit-test-tests/lib/python3.10/site-packages/_pytest/fixtures.py", line 566, in _fillfixtures
    item.funcargs[argname] = self.getfixturevalue(argname)
  File "/workdir/CacheControl-0.12.11/.tox/cpythonlibtest-unit-test-tests/lib/python3.10/site-packages/_pytest/fixtures.py", line 585, in getfixturevalue
    fixturedef = self._get_active_fixturedef(argname)
  File "/workdir/CacheControl-0.12.11/.tox/cpythonlibtest-unit-test-tests/lib/python3.10/site-packages/_pytest/fixtures.py", line 607, in _get_active_fixturedef
    self._compute_fixture_value(fixturedef)
  File "/workdir/CacheControl-0.12.11/.tox/cpythonlibtest-unit-test-tests/lib/python3.10/site-packages/_pytest/fixtures.py", line 693, in _compute_fixture_value
    fixturedef.execute(request=subrequest)
  File "/workdir/CacheControl-0.12.11/.tox/cpythonlibtest-unit-test-tests/lib/python3.10/site-packages/_pytest/fixtures.py", line 1069, in execute
    result = ihook.pytest_fixture_setup(fixturedef=self, request=request)
  File "/workdir/CacheControl-0.12.11/.tox/cpythonlibtest-unit-test-tests/lib/python3.10/site-packages/pluggy/_hooks.py", line 493, in __call__
    return self._hookexec(self.name, self._hookimpls, kwargs, firstresult)
  File "/workdir/CacheControl-0.12.11/.tox/cpythonlibtest-unit-test-tests/lib/python3.10/site-packages/pluggy/_manager.py", line 115, in _hookexec
    return self._inner_hookexec(hook_name, methods, kwargs, firstresult)
  File "/workdir/CacheControl-0.12.11/.tox/cpythonlibtest-unit-test-tests/lib/python3.10/site-packages/pluggy/_callers.py", line 152, in _multicall
    return outcome.get_result()
  File "/workdir/CacheControl-0.12.11/.tox/cpythonlibtest-unit-test-tests/lib/python3.10/site-packages/pluggy/_result.py", line 114, in get_result
    raise exc.with_traceback(exc.__traceback__)
  File "/workdir/CacheControl-0.12.11/.tox/cpythonlibtest-unit-test-tests/lib/python3.10/site-packages/pluggy/_callers.py", line 77, in _multicall
    res = hook_impl.function(*args)
  File "/workdir/CacheControl-0.12.11/.tox/cpythonlibtest-unit-test-tests/lib/python3.10/site-packages/_pytest/fixtures.py", line 1123, in pytest_fixture_setup
    result = call_fixture_func(fixturefunc, request, kwargs)
  File "/workdir/CacheControl-0.12.11/.tox/cpythonlibtest-unit-test-tests/lib/python3.10/site-packages/_pytest/fixtures.py", line 895, in call_fixture_func
    fixture_result = next(generator)
  File "/workdir/CacheControl-0.12.11/tests/test_adapter.py", line 30, in sess
    sess.get(url)
  File "/workdir/CacheControl-0.12.11/.tox/cpythonlibtest-unit-test-tests/lib/python3.10/site-packages/requests/sessions.py", line 602, in get
    return self.request("GET", url, **kwargs)
  File "/workdir/CacheControl-0.12.11/.tox/cpythonlibtest-unit-test-tests/lib/python3.10/site-packages/requests/sessions.py", line 589, in request
    resp = self.send(prep, **send_kwargs)
  File "/workdir/CacheControl-0.12.11/.tox/cpythonlibtest-unit-test-tests/lib/python3.10/site-packages/requests/sessions.py", line 747, in send
    r.content
  File "/workdir/CacheControl-0.12.11/.tox/cpythonlibtest-unit-test-tests/lib/python3.10/site-packages/requests/models.py", line 899, in content
    self._content = b"".join(self.iter_content(CONTENT_CHUNK_SIZE)) or b""
  File "/workdir/CacheControl-0.12.11/.tox/cpythonlibtest-unit-test-tests/lib/python3.10/site-packages/requests/models.py", line 816, in generate
    yield from self.raw.stream(chunk_size, decode_content=True)
  File "/workdir/CacheControl-0.12.11/.tox/cpythonlibtest-unit-test-tests/lib/python3.10/site-packages/urllib3/response.py", line 931, in stream
    yield from self.read_chunked(amt, decode_content=decode_content)
  File "/workdir/CacheControl-0.12.11/.tox/cpythonlibtest-unit-test-tests/lib/python3.10/site-packages/urllib3/response.py", line 1071, in read_chunked
    self._update_chunk_length()
  File "/workdir/CacheControl-0.12.11/.tox/cpythonlibtest-unit-test-tests/lib/python3.10/site-packages/cachecontrol/adapter.py", line 117, in _update_chunk_length
    self._fp._close()
  File "/workdir/CacheControl-0.12.11/.tox/cpythonlibtest-unit-test-tests/lib/python3.10/site-packages/cachecontrol/filewrapper.py", line 76, in _close
    self.__callback(result)
  File "/workdir/CacheControl-0.12.11/.tox/cpythonlibtest-unit-test-tests/lib/python3.10/site-packages/cachecontrol/controller.py", line 370, in cache_response
    self._cache_set(
  File "/workdir/CacheControl-0.12.11/.tox/cpythonlibtest-unit-test-tests/lib/python3.10/site-packages/cachecontrol/controller.py", line 274, in _cache_set
    self.serializer.dumps(request, response, body),
  File "/workdir/CacheControl-0.12.11/.tox/cpythonlibtest-unit-test-tests/lib/python3.10/site-packages/cachecontrol/serialize.py", line 54, in dumps
    u"strict": response.strict,
AttributeError: 'HTTPResponse' object has no attribute 'strict'</error></testcase><testcase classname="tests.test_adapter.TestSessionActions" name="test_put_invalidates_cache[use_adapter]" time="0.004"><error message="failed on setup with &quot;AttributeError: 'HTTPResponse' object has no attribute 'strict'&quot;">Traceback (most recent call last):
  File "/workdir/CacheControl-0.12.11/.tox/cpythonlibtest-unit-test-tests/lib/python3.10/site-packages/_pytest/runner.py", line 341, in from_call
    result: Optional[TResult] = func()
  File "/workdir/CacheControl-0.12.11/.tox/cpythonlibtest-unit-test-tests/lib/python3.10/site-packages/_pytest/runner.py", line 262, in &lt;lambda&gt;
    lambda: ihook(item=item, **kwds), when=when, reraise=reraise
  File "/workdir/CacheControl-0.12.11/.tox/cpythonlibtest-unit-test-tests/lib/python3.10/site-packages/pluggy/_hooks.py", line 493, in __call__
    return self._hookexec(self.name, self._hookimpls, kwargs, firstresult)
  File "/workdir/CacheControl-0.12.11/.tox/cpythonlibtest-unit-test-tests/lib/python3.10/site-packages/pluggy/_manager.py", line 115, in _hookexec
    return self._inner_hookexec(hook_name, methods, kwargs, firstresult)
  File "/workdir/CacheControl-0.12.11/.tox/cpythonlibtest-unit-test-tests/lib/python3.10/site-packages/pluggy/_callers.py", line 152, in _multicall
    return outcome.get_result()
  File "/workdir/CacheControl-0.12.11/.tox/cpythonlibtest-unit-test-tests/lib/python3.10/site-packages/pluggy/_result.py", line 114, in get_result
    raise exc.with_traceback(exc.__traceback__)
  File "/workdir/CacheControl-0.12.11/.tox/cpythonlibtest-unit-test-tests/lib/python3.10/site-packages/pluggy/_callers.py", line 77, in _multicall
    res = hook_impl.function(*args)
  File "/workdir/CacheControl-0.12.11/.tox/cpythonlibtest-unit-test-tests/lib/python3.10/site-packages/_pytest/runner.py", line 157, in pytest_runtest_setup
    item.session._setupstate.setup(item)
  File "/workdir/CacheControl-0.12.11/.tox/cpythonlibtest-unit-test-tests/lib/python3.10/site-packages/_pytest/runner.py", line 497, in setup
    raise exc
  File "/workdir/CacheControl-0.12.11/.tox/cpythonlibtest-unit-test-tests/lib/python3.10/site-packages/_pytest/runner.py", line 494, in setup
    col.setup()
  File "/workdir/CacheControl-0.12.11/.tox/cpythonlibtest-unit-test-tests/lib/python3.10/site-packages/_pytest/python.py", line 1795, in setup
    self._request._fillfixtures()
  File "/workdir/CacheControl-0.12.11/.tox/cpythonlibtest-unit-test-tests/lib/python3.10/site-packages/_pytest/fixtures.py", line 566, in _fillfixtures
    item.funcargs[argname] = self.getfixturevalue(argname)
  File "/workdir/CacheControl-0.12.11/.tox/cpythonlibtest-unit-test-tests/lib/python3.10/site-packages/_pytest/fixtures.py", line 585, in getfixturevalue
    fixturedef = self._get_active_fixturedef(argname)
  File "/workdir/CacheControl-0.12.11/.tox/cpythonlibtest-unit-test-tests/lib/python3.10/site-packages/_pytest/fixtures.py", line 607, in _get_active_fixturedef
    self._compute_fixture_value(fixturedef)
  File "/workdir/CacheControl-0.12.11/.tox/cpythonlibtest-unit-test-tests/lib/python3.10/site-packages/_pytest/fixtures.py", line 693, in _compute_fixture_value
    fixturedef.execute(request=subrequest)
  File "/workdir/CacheControl-0.12.11/.tox/cpythonlibtest-unit-test-tests/lib/python3.10/site-packages/_pytest/fixtures.py", line 1069, in execute
    result = ihook.pytest_fixture_setup(fixturedef=self, request=request)
  File "/workdir/CacheControl-0.12.11/.tox/cpythonlibtest-unit-test-tests/lib/python3.10/site-packages/pluggy/_hooks.py", line 493, in __call__
    return self._hookexec(self.name, self._hookimpls, kwargs, firstresult)
  File "/workdir/CacheControl-0.12.11/.tox/cpythonlibtest-unit-test-tests/lib/python3.10/site-packages/pluggy/_manager.py", line 115, in _hookexec
    return self._inner_hookexec(hook_name, methods, kwargs, firstresult)
  File "/workdir/CacheControl-0.12.11/.tox/cpythonlibtest-unit-test-tests/lib/python3.10/site-packages/pluggy/_callers.py", line 152, in _multicall
    return outcome.get_result()
  File "/workdir/CacheControl-0.12.11/.tox/cpythonlibtest-unit-test-tests/lib/python3.10/site-packages/pluggy/_result.py", line 114, in get_result
    raise exc.with_traceback(exc.__traceback__)
  File "/workdir/CacheControl-0.12.11/.tox/cpythonlibtest-unit-test-tests/lib/python3.10/site-packages/pluggy/_callers.py", line 77, in _multicall
    res = hook_impl.function(*args)
  File "/workdir/CacheControl-0.12.11/.tox/cpythonlibtest-unit-test-tests/lib/python3.10/site-packages/_pytest/fixtures.py", line 1123, in pytest_fixture_setup
    result = call_fixture_func(fixturefunc, request, kwargs)
  File "/workdir/CacheControl-0.12.11/.tox/cpythonlibtest-unit-test-tests/lib/python3.10/site-packages/_pytest/fixtures.py", line 895, in call_fixture_func
    fixture_result = next(generator)
  File "/workdir/CacheControl-0.12.11/tests/test_adapter.py", line 30, in sess
    sess.get(url)
  File "/workdir/CacheControl-0.12.11/.tox/cpythonlibtest-unit-test-tests/lib/python3.10/site-packages/requests/sessions.py", line 602, in get
    return self.request("GET", url, **kwargs)
  File "/workdir/CacheControl-0.12.11/.tox/cpythonlibtest-unit-test-tests/lib/python3.10/site-packages/requests/sessions.py", line 589, in request
    resp = self.send(prep, **send_kwargs)
  File "/workdir/CacheControl-0.12.11/.tox/cpythonlibtest-unit-test-tests/lib/python3.10/site-packages/requests/sessions.py", line 747, in send
    r.content
  File "/workdir/CacheControl-0.12.11/.tox/cpythonlibtest-unit-test-tests/lib/python3.10/site-packages/requests/models.py", line 899, in content
    self._content = b"".join(self.iter_content(CONTENT_CHUNK_SIZE)) or b""
  File "/workdir/CacheControl-0.12.11/.tox/cpythonlibtest-unit-test-tests/lib/python3.10/site-packages/requests/models.py", line 816, in generate
    yield from self.raw.stream(chunk_size, decode_content=True)
  File "/workdir/CacheControl-0.12.11/.tox/cpythonlibtest-unit-test-tests/lib/python3.10/site-packages/urllib3/response.py", line 931, in stream
    yield from self.read_chunked(amt, decode_content=decode_content)
  File "/workdir/CacheControl-0.12.11/.tox/cpythonlibtest-unit-test-tests/lib/python3.10/site-packages/urllib3/response.py", line 1071, in read_chunked
    self._update_chunk_length()
  File "/workdir/CacheControl-0.12.11/.tox/cpythonlibtest-unit-test-tests/lib/python3.10/site-packages/cachecontrol/adapter.py", line 117, in _update_chunk_length
    self._fp._close()
  File "/workdir/CacheControl-0.12.11/.tox/cpythonlibtest-unit-test-tests/lib/python3.10/site-packages/cachecontrol/filewrapper.py", line 76, in _close
    self.__callback(result)
  File "/workdir/CacheControl-0.12.11/.tox/cpythonlibtest-unit-test-tests/lib/python3.10/site-packages/cachecontrol/controller.py", line 370, in cache_response
    self._cache_set(
  File "/workdir/CacheControl-0.12.11/.tox/cpythonlibtest-unit-test-tests/lib/python3.10/site-packages/cachecontrol/controller.py", line 274, in _cache_set
    self.serializer.dumps(request, response, body),
  File "/workdir/CacheControl-0.12.11/.tox/cpythonlibtest-unit-test-tests/lib/python3.10/site-packages/cachecontrol/serialize.py", line 54, in dumps
    u"strict": response.strict,
AttributeError: 'HTTPResponse' object has no attribute 'strict'</error></testcase><testcase classname="tests.test_adapter.TestSessionActions" name="test_put_invalidates_cache[use_wrapper]" time="0.005"><error message="failed on setup with &quot;AttributeError: 'HTTPResponse' object has no attribute 'strict'&quot;">Traceback (most recent call last):
  File "/workdir/CacheControl-0.12.11/.tox/cpythonlibtest-unit-test-tests/lib/python3.10/site-packages/_pytest/runner.py", line 341, in from_call
    result: Optional[TResult] = func()
  File "/workdir/CacheControl-0.12.11/.tox/cpythonlibtest-unit-test-tests/lib/python3.10/site-packages/_pytest/runner.py", line 262, in &lt;lambda&gt;
    lambda: ihook(item=item, **kwds), when=when, reraise=reraise
  File "/workdir/CacheControl-0.12.11/.tox/cpythonlibtest-unit-test-tests/lib/python3.10/site-packages/pluggy/_hooks.py", line 493, in __call__
    return self._hookexec(self.name, self._hookimpls, kwargs, firstresult)
  File "/workdir/CacheControl-0.12.11/.tox/cpythonlibtest-unit-test-tests/lib/python3.10/site-packages/pluggy/_manager.py", line 115, in _hookexec
    return self._inner_hookexec(hook_name, methods, kwargs, firstresult)
  File "/workdir/CacheControl-0.12.11/.tox/cpythonlibtest-unit-test-tests/lib/python3.10/site-packages/pluggy/_callers.py", line 152, in _multicall
    return outcome.get_result()
  File "/workdir/CacheControl-0.12.11/.tox/cpythonlibtest-unit-test-tests/lib/python3.10/site-packages/pluggy/_result.py", line 114, in get_result
    raise exc.with_traceback(exc.__traceback__)
  File "/workdir/CacheControl-0.12.11/.tox/cpythonlibtest-unit-test-tests/lib/python3.10/site-packages/pluggy/_callers.py", line 77, in _multicall
    res = hook_impl.function(*args)
  File "/workdir/CacheControl-0.12.11/.tox/cpythonlibtest-unit-test-tests/lib/python3.10/site-packages/_pytest/runner.py", line 157, in pytest_runtest_setup
    item.session._setupstate.setup(item)
  File "/workdir/CacheControl-0.12.11/.tox/cpythonlibtest-unit-test-tests/lib/python3.10/site-packages/_pytest/runner.py", line 497, in setup
    raise exc
  File "/workdir/CacheControl-0.12.11/.tox/cpythonlibtest-unit-test-tests/lib/python3.10/site-packages/_pytest/runner.py", line 494, in setup
    col.setup()
  File "/workdir/CacheControl-0.12.11/.tox/cpythonlibtest-unit-test-tests/lib/python3.10/site-packages/_pytest/python.py", line 1795, in setup
    self._request._fillfixtures()
  File "/workdir/CacheControl-0.12.11/.tox/cpythonlibtest-unit-test-tests/lib/python3.10/site-packages/_pytest/fixtures.py", line 566, in _fillfixtures
    item.funcargs[argname] = self.getfixturevalue(argname)
  File "/workdir/CacheControl-0.12.11/.tox/cpythonlibtest-unit-test-tests/lib/python3.10/site-packages/_pytest/fixtures.py", line 585, in getfixturevalue
    fixturedef = self._get_active_fixturedef(argname)
  File "/workdir/CacheControl-0.12.11/.tox/cpythonlibtest-unit-test-tests/lib/python3.10/site-packages/_pytest/fixtures.py", line 607, in _get_active_fixturedef
    self._compute_fixture_value(fixturedef)
  File "/workdir/CacheControl-0.12.11/.tox/cpythonlibtest-unit-test-tests/lib/python3.10/site-packages/_pytest/fixtures.py", line 693, in _compute_fixture_value
    fixturedef.execute(request=subrequest)
  File "/workdir/CacheControl-0.12.11/.tox/cpythonlibtest-unit-test-tests/lib/python3.10/site-packages/_pytest/fixtures.py", line 1069, in execute
    result = ihook.pytest_fixture_setup(fixturedef=self, request=request)
  File "/workdir/CacheControl-0.12.11/.tox/cpythonlibtest-unit-test-tests/lib/python3.10/site-packages/pluggy/_hooks.py", line 493, in __call__
    return self._hookexec(self.name, self._hookimpls, kwargs, firstresult)
  File "/workdir/CacheControl-0.12.11/.tox/cpythonlibtest-unit-test-tests/lib/python3.10/site-packages/pluggy/_manager.py", line 115, in _hookexec
    return self._inner_hookexec(hook_name, methods, kwargs, firstresult)
  File "/workdir/CacheControl-0.12.11/.tox/cpythonlibtest-unit-test-tests/lib/python3.10/site-packages/pluggy/_callers.py", line 152, in _multicall
    return outcome.get_result()
  File "/workdir/CacheControl-0.12.11/.tox/cpythonlibtest-unit-test-tests/lib/python3.10/site-packages/pluggy/_result.py", line 114, in get_result
    raise exc.with_traceback(exc.__traceback__)
  File "/workdir/CacheControl-0.12.11/.tox/cpythonlibtest-unit-test-tests/lib/python3.10/site-packages/pluggy/_callers.py", line 77, in _multicall
    res = hook_impl.function(*args)
  File "/workdir/CacheControl-0.12.11/.tox/cpythonlibtest-unit-test-tests/lib/python3.10/site-packages/_pytest/fixtures.py", line 1123, in pytest_fixture_setup
    result = call_fixture_func(fixturefunc, request, kwargs)
  File "/workdir/CacheControl-0.12.11/.tox/cpythonlibtest-unit-test-tests/lib/python3.10/site-packages/_pytest/fixtures.py", line 895, in call_fixture_func
    fixture_result = next(generator)
  File "/workdir/CacheControl-0.12.11/tests/test_adapter.py", line 30, in sess
    sess.get(url)
  File "/workdir/CacheControl-0.12.11/.tox/cpythonlibtest-unit-test-tests/lib/python3.10/site-packages/requests/sessions.py", line 602, in get
    return self.request("GET", url, **kwargs)
  File "/workdir/CacheControl-0.12.11/.tox/cpythonlibtest-unit-test-tests/lib/python3.10/site-packages/requests/sessions.py", line 589, in request
    resp = self.send(prep, **send_kwargs)
  File "/workdir/CacheControl-0.12.11/.tox/cpythonlibtest-unit-test-tests/lib/python3.10/site-packages/requests/sessions.py", line 747, in send
    r.content
  File "/workdir/CacheControl-0.12.11/.tox/cpythonlibtest-unit-test-tests/lib/python3.10/site-packages/requests/models.py", line 899, in content
    self._content = b"".join(self.iter_content(CONTENT_CHUNK_SIZE)) or b""
  File "/workdir/CacheControl-0.12.11/.tox/cpythonlibtest-unit-test-tests/lib/python3.10/site-packages/requests/models.py", line 816, in generate
    yield from self.raw.stream(chunk_size, decode_content=True)
  File "/workdir/CacheControl-0.12.11/.tox/cpythonlibtest-unit-test-tests/lib/python3.10/site-packages/urllib3/response.py", line 931, in stream
    yield from self.read_chunked(amt, decode_content=decode_content)
  File "/workdir/CacheControl-0.12.11/.tox/cpythonlibtest-unit-test-tests/lib/python3.10/site-packages/urllib3/response.py", line 1071, in read_chunked
    self._update_chunk_length()
  File "/workdir/CacheControl-0.12.11/.tox/cpythonlibtest-unit-test-tests/lib/python3.10/site-packages/cachecontrol/adapter.py", line 117, in _update_chunk_length
    self._fp._close()
  File "/workdir/CacheControl-0.12.11/.tox/cpythonlibtest-unit-test-tests/lib/python3.10/site-packages/cachecontrol/filewrapper.py", line 76, in _close
    self.__callback(result)
  File "/workdir/CacheControl-0.12.11/.tox/cpythonlibtest-unit-test-tests/lib/python3.10/site-packages/cachecontrol/controller.py", line 370, in cache_response
    self._cache_set(
  File "/workdir/CacheControl-0.12.11/.tox/cpythonlibtest-unit-test-tests/lib/python3.10/site-packages/cachecontrol/controller.py", line 274, in _cache_set
    self.serializer.dumps(request, response, body),
  File "/workdir/CacheControl-0.12.11/.tox/cpythonlibtest-unit-test-tests/lib/python3.10/site-packages/cachecontrol/serialize.py", line 54, in dumps
    u"strict": response.strict,
AttributeError: 'HTTPResponse' object has no attribute 'strict'</error></testcase><testcase classname="tests.test_adapter.TestSessionActions" name="test_patch_invalidates_cache[use_adapter]" time="0.004"><error message="failed on setup with &quot;AttributeError: 'HTTPResponse' object has no attribute 'strict'&quot;">Traceback (most recent call last):
  File "/workdir/CacheControl-0.12.11/.tox/cpythonlibtest-unit-test-tests/lib/python3.10/site-packages/_pytest/runner.py", line 341, in from_call
    result: Optional[TResult] = func()
  File "/workdir/CacheControl-0.12.11/.tox/cpythonlibtest-unit-test-tests/lib/python3.10/site-packages/_pytest/runner.py", line 262, in &lt;lambda&gt;
    lambda: ihook(item=item, **kwds), when=when, reraise=reraise
  File "/workdir/CacheControl-0.12.11/.tox/cpythonlibtest-unit-test-tests/lib/python3.10/site-packages/pluggy/_hooks.py", line 493, in __call__
    return self._hookexec(self.name, self._hookimpls, kwargs, firstresult)
  File "/workdir/CacheControl-0.12.11/.tox/cpythonlibtest-unit-test-tests/lib/python3.10/site-packages/pluggy/_manager.py", line 115, in _hookexec
    return self._inner_hookexec(hook_name, methods, kwargs, firstresult)
  File "/workdir/CacheControl-0.12.11/.tox/cpythonlibtest-unit-test-tests/lib/python3.10/site-packages/pluggy/_callers.py", line 152, in _multicall
    return outcome.get_result()
  File "/workdir/CacheControl-0.12.11/.tox/cpythonlibtest-unit-test-tests/lib/python3.10/site-packages/pluggy/_result.py", line 114, in get_result
    raise exc.with_traceback(exc.__traceback__)
  File "/workdir/CacheControl-0.12.11/.tox/cpythonlibtest-unit-test-tests/lib/python3.10/site-packages/pluggy/_callers.py", line 77, in _multicall
    res = hook_impl.function(*args)
  File "/workdir/CacheControl-0.12.11/.tox/cpythonlibtest-unit-test-tests/lib/python3.10/site-packages/_pytest/runner.py", line 157, in pytest_runtest_setup
    item.session._setupstate.setup(item)
  File "/workdir/CacheControl-0.12.11/.tox/cpythonlibtest-unit-test-tests/lib/python3.10/site-packages/_pytest/runner.py", line 497, in setup
    raise exc
  File "/workdir/CacheControl-0.12.11/.tox/cpythonlibtest-unit-test-tests/lib/python3.10/site-packages/_pytest/runner.py", line 494, in setup
    col.setup()
  File "/workdir/CacheControl-0.12.11/.tox/cpythonlibtest-unit-test-tests/lib/python3.10/site-packages/_pytest/python.py", line 1795, in setup
    self._request._fillfixtures()
  File "/workdir/CacheControl-0.12.11/.tox/cpythonlibtest-unit-test-tests/lib/python3.10/site-packages/_pytest/fixtures.py", line 566, in _fillfixtures
    item.funcargs[argname] = self.getfixturevalue(argname)
  File "/workdir/CacheControl-0.12.11/.tox/cpythonlibtest-unit-test-tests/lib/python3.10/site-packages/_pytest/fixtures.py", line 585, in getfixturevalue
    fixturedef = self._get_active_fixturedef(argname)
  File "/workdir/CacheControl-0.12.11/.tox/cpythonlibtest-unit-test-tests/lib/python3.10/site-packages/_pytest/fixtures.py", line 607, in _get_active_fixturedef
    self._compute_fixture_value(fixturedef)
  File "/workdir/CacheControl-0.12.11/.tox/cpythonlibtest-unit-test-tests/lib/python3.10/site-packages/_pytest/fixtures.py", line 693, in _compute_fixture_value
    fixturedef.execute(request=subrequest)
  File "/workdir/CacheControl-0.12.11/.tox/cpythonlibtest-unit-test-tests/lib/python3.10/site-packages/_pytest/fixtures.py", line 1069, in execute
    result = ihook.pytest_fixture_setup(fixturedef=self, request=request)
  File "/workdir/CacheControl-0.12.11/.tox/cpythonlibtest-unit-test-tests/lib/python3.10/site-packages/pluggy/_hooks.py", line 493, in __call__
    return self._hookexec(self.name, self._hookimpls, kwargs, firstresult)
  File "/workdir/CacheControl-0.12.11/.tox/cpythonlibtest-unit-test-tests/lib/python3.10/site-packages/pluggy/_manager.py", line 115, in _hookexec
    return self._inner_hookexec(hook_name, methods, kwargs, firstresult)
  File "/workdir/CacheControl-0.12.11/.tox/cpythonlibtest-unit-test-tests/lib/python3.10/site-packages/pluggy/_callers.py", line 152, in _multicall
    return outcome.get_result()
  File "/workdir/CacheControl-0.12.11/.tox/cpythonlibtest-unit-test-tests/lib/python3.10/site-packages/pluggy/_result.py", line 114, in get_result
    raise exc.with_traceback(exc.__traceback__)
  File "/workdir/CacheControl-0.12.11/.tox/cpythonlibtest-unit-test-tests/lib/python3.10/site-packages/pluggy/_callers.py", line 77, in _multicall
    res = hook_impl.function(*args)
  File "/workdir/CacheControl-0.12.11/.tox/cpythonlibtest-unit-test-tests/lib/python3.10/site-packages/_pytest/fixtures.py", line 1123, in pytest_fixture_setup
    result = call_fixture_func(fixturefunc, request, kwargs)
  File "/workdir/CacheControl-0.12.11/.tox/cpythonlibtest-unit-test-tests/lib/python3.10/site-packages/_pytest/fixtures.py", line 895, in call_fixture_func
    fixture_result = next(generator)
  File "/workdir/CacheControl-0.12.11/tests/test_adapter.py", line 30, in sess
    sess.get(url)
  File "/workdir/CacheControl-0.12.11/.tox/cpythonlibtest-unit-test-tests/lib/python3.10/site-packages/requests/sessions.py", line 602, in get
    return self.request("GET", url, **kwargs)
  File "/workdir/CacheControl-0.12.11/.tox/cpythonlibtest-unit-test-tests/lib/python3.10/site-packages/requests/sessions.py", line 589, in request
    resp = self.send(prep, **send_kwargs)
  File "/workdir/CacheControl-0.12.11/.tox/cpythonlibtest-unit-test-tests/lib/python3.10/site-packages/requests/sessions.py", line 747, in send
    r.content
  File "/workdir/CacheControl-0.12.11/.tox/cpythonlibtest-unit-test-tests/lib/python3.10/site-packages/requests/models.py", line 899, in content
    self._content = b"".join(self.iter_content(CONTENT_CHUNK_SIZE)) or b""
  File "/workdir/CacheControl-0.12.11/.tox/cpythonlibtest-unit-test-tests/lib/python3.10/site-packages/requests/models.py", line 816, in generate
    yield from self.raw.stream(chunk_size, decode_content=True)
  File "/workdir/CacheControl-0.12.11/.tox/cpythonlibtest-unit-test-tests/lib/python3.10/site-packages/urllib3/response.py", line 931, in stream
    yield from self.read_chunked(amt, decode_content=decode_content)
  File "/workdir/CacheControl-0.12.11/.tox/cpythonlibtest-unit-test-tests/lib/python3.10/site-packages/urllib3/response.py", line 1071, in read_chunked
    self._update_chunk_length()
  File "/workdir/CacheControl-0.12.11/.tox/cpythonlibtest-unit-test-tests/lib/python3.10/site-packages/cachecontrol/adapter.py", line 117, in _update_chunk_length
    self._fp._close()
  File "/workdir/CacheControl-0.12.11/.tox/cpythonlibtest-unit-test-tests/lib/python3.10/site-packages/cachecontrol/filewrapper.py", line 76, in _close
    self.__callback(result)
  File "/workdir/CacheControl-0.12.11/.tox/cpythonlibtest-unit-test-tests/lib/python3.10/site-packages/cachecontrol/controller.py", line 370, in cache_response
    self._cache_set(
  File "/workdir/CacheControl-0.12.11/.tox/cpythonlibtest-unit-test-tests/lib/python3.10/site-packages/cachecontrol/controller.py", line 274, in _cache_set
    self.serializer.dumps(request, response, body),
  File "/workdir/CacheControl-0.12.11/.tox/cpythonlibtest-unit-test-tests/lib/python3.10/site-packages/cachecontrol/serialize.py", line 54, in dumps
    u"strict": response.strict,
AttributeError: 'HTTPResponse' object has no attribute 'strict'</error></testcase><testcase classname="tests.test_adapter.TestSessionActions" name="test_patch_invalidates_cache[use_wrapper]" time="0.005"><error message="failed on setup with &quot;AttributeError: 'HTTPResponse' object has no attribute 'strict'&quot;">Traceback (most recent call last):
  File "/workdir/CacheControl-0.12.11/.tox/cpythonlibtest-unit-test-tests/lib/python3.10/site-packages/_pytest/runner.py", line 341, in from_call
    result: Optional[TResult] = func()
  File "/workdir/CacheControl-0.12.11/.tox/cpythonlibtest-unit-test-tests/lib/python3.10/site-packages/_pytest/runner.py", line 262, in &lt;lambda&gt;
    lambda: ihook(item=item, **kwds), when=when, reraise=reraise
  File "/workdir/CacheControl-0.12.11/.tox/cpythonlibtest-unit-test-tests/lib/python3.10/site-packages/pluggy/_hooks.py", line 493, in __call__
    return self._hookexec(self.name, self._hookimpls, kwargs, firstresult)
  File "/workdir/CacheControl-0.12.11/.tox/cpythonlibtest-unit-test-tests/lib/python3.10/site-packages/pluggy/_manager.py", line 115, in _hookexec
    return self._inner_hookexec(hook_name, methods, kwargs, firstresult)
  File "/workdir/CacheControl-0.12.11/.tox/cpythonlibtest-unit-test-tests/lib/python3.10/site-packages/pluggy/_callers.py", line 152, in _multicall
    return outcome.get_result()
  File "/workdir/CacheControl-0.12.11/.tox/cpythonlibtest-unit-test-tests/lib/python3.10/site-packages/pluggy/_result.py", line 114, in get_result
    raise exc.with_traceback(exc.__traceback__)
  File "/workdir/CacheControl-0.12.11/.tox/cpythonlibtest-unit-test-tests/lib/python3.10/site-packages/pluggy/_callers.py", line 77, in _multicall
    res = hook_impl.function(*args)
  File "/workdir/CacheControl-0.12.11/.tox/cpythonlibtest-unit-test-tests/lib/python3.10/site-packages/_pytest/runner.py", line 157, in pytest_runtest_setup
    item.session._setupstate.setup(item)
  File "/workdir/CacheControl-0.12.11/.tox/cpythonlibtest-unit-test-tests/lib/python3.10/site-packages/_pytest/runner.py", line 497, in setup
    raise exc
  File "/workdir/CacheControl-0.12.11/.tox/cpythonlibtest-unit-test-tests/lib/python3.10/site-packages/_pytest/runner.py", line 494, in setup
    col.setup()
  File "/workdir/CacheControl-0.12.11/.tox/cpythonlibtest-unit-test-tests/lib/python3.10/site-packages/_pytest/python.py", line 1795, in setup
    self._request._fillfixtures()
  File "/workdir/CacheControl-0.12.11/.tox/cpythonlibtest-unit-test-tests/lib/python3.10/site-packages/_pytest/fixtures.py", line 566, in _fillfixtures
    item.funcargs[argname] = self.getfixturevalue(argname)
  File "/workdir/CacheControl-0.12.11/.tox/cpythonlibtest-unit-test-tests/lib/python3.10/site-packages/_pytest/fixtures.py", line 585, in getfixturevalue
    fixturedef = self._get_active_fixturedef(argname)
  File "/workdir/CacheControl-0.12.11/.tox/cpythonlibtest-unit-test-tests/lib/python3.10/site-packages/_pytest/fixtures.py", line 607, in _get_active_fixturedef
    self._compute_fixture_value(fixturedef)
  File "/workdir/CacheControl-0.12.11/.tox/cpythonlibtest-unit-test-tests/lib/python3.10/site-packages/_pytest/fixtures.py", line 693, in _compute_fixture_value
    fixturedef.execute(request=subrequest)
  File "/workdir/CacheControl-0.12.11/.tox/cpythonlibtest-unit-test-tests/lib/python3.10/site-packages/_pytest/fixtures.py", line 1069, in execute
    result = ihook.pytest_fixture_setup(fixturedef=self, request=request)
  File "/workdir/CacheControl-0.12.11/.tox/cpythonlibtest-unit-test-tests/lib/python3.10/site-packages/pluggy/_hooks.py", line 493, in __call__
    return self._hookexec(self.name, self._hookimpls, kwargs, firstresult)
  File "/workdir/CacheControl-0.12.11/.tox/cpythonlibtest-unit-test-tests/lib/python3.10/site-packages/pluggy/_manager.py", line 115, in _hookexec
    return self._inner_hookexec(hook_name, methods, kwargs, firstresult)
  File "/workdir/CacheControl-0.12.11/.tox/cpythonlibtest-unit-test-tests/lib/python3.10/site-packages/pluggy/_callers.py", line 152, in _multicall
    return outcome.get_result()
  File "/workdir/CacheControl-0.12.11/.tox/cpythonlibtest-unit-test-tests/lib/python3.10/site-packages/pluggy/_result.py", line 114, in get_result
    raise exc.with_traceback(exc.__traceback__)
  File "/workdir/CacheControl-0.12.11/.tox/cpythonlibtest-unit-test-tests/lib/python3.10/site-packages/pluggy/_callers.py", line 77, in _multicall
    res = hook_impl.function(*args)
  File "/workdir/CacheControl-0.12.11/.tox/cpythonlibtest-unit-test-tests/lib/python3.10/site-packages/_pytest/fixtures.py", line 1123, in pytest_fixture_setup
    result = call_fixture_func(fixturefunc, request, kwargs)
  File "/workdir/CacheControl-0.12.11/.tox/cpythonlibtest-unit-test-tests/lib/python3.10/site-packages/_pytest/fixtures.py", line 895, in call_fixture_func
    fixture_result = next(generator)
  File "/workdir/CacheControl-0.12.11/tests/test_adapter.py", line 30, in sess
    sess.get(url)
  File "/workdir/CacheControl-0.12.11/.tox/cpythonlibtest-unit-test-tests/lib/python3.10/site-packages/requests/sessions.py", line 602, in get
    return self.request("GET", url, **kwargs)
  File "/workdir/CacheControl-0.12.11/.tox/cpythonlibtest-unit-test-tests/lib/python3.10/site-packages/requests/sessions.py", line 589, in request
    resp = self.send(prep, **send_kwargs)
  File "/workdir/CacheControl-0.12.11/.tox/cpythonlibtest-unit-test-tests/lib/python3.10/site-packages/requests/sessions.py", line 747, in send
    r.content
  File "/workdir/CacheControl-0.12.11/.tox/cpythonlibtest-unit-test-tests/lib/python3.10/site-packages/requests/models.py", line 899, in content
    self._content = b"".join(self.iter_content(CONTENT_CHUNK_SIZE)) or b""
  File "/workdir/CacheControl-0.12.11/.tox/cpythonlibtest-unit-test-tests/lib/python3.10/site-packages/requests/models.py", line 816, in generate
    yield from self.raw.stream(chunk_size, decode_content=True)
  File "/workdir/CacheControl-0.12.11/.tox/cpythonlibtest-unit-test-tests/lib/python3.10/site-packages/urllib3/response.py", line 931, in stream
    yield from self.read_chunked(amt, decode_content=decode_content)
  File "/workdir/CacheControl-0.12.11/.tox/cpythonlibtest-unit-test-tests/lib/python3.10/site-packages/urllib3/response.py", line 1071, in read_chunked
    self._update_chunk_length()
  File "/workdir/CacheControl-0.12.11/.tox/cpythonlibtest-unit-test-tests/lib/python3.10/site-packages/cachecontrol/adapter.py", line 117, in _update_chunk_length
    self._fp._close()
  File "/workdir/CacheControl-0.12.11/.tox/cpythonlibtest-unit-test-tests/lib/python3.10/site-packages/cachecontrol/filewrapper.py", line 76, in _close
    self.__callback(result)
  File "/workdir/CacheControl-0.12.11/.tox/cpythonlibtest-unit-test-tests/lib/python3.10/site-packages/cachecontrol/controller.py", line 370, in cache_response
    self._cache_set(
  File "/workdir/CacheControl-0.12.11/.tox/cpythonlibtest-unit-test-tests/lib/python3.10/site-packages/cachecontrol/controller.py", line 274, in _cache_set
    self.serializer.dumps(request, response, body),
  File "/workdir/CacheControl-0.12.11/.tox/cpythonlibtest-unit-test-tests/lib/python3.10/site-packages/cachecontrol/serialize.py", line 54, in dumps
    u"strict": response.strict,
AttributeError: 'HTTPResponse' object has no attribute 'strict'</error></testcase><testcase classname="tests.test_adapter.TestSessionActions" name="test_delete_invalidates_cache[use_adapter]" time="0.004"><error message="failed on setup with &quot;AttributeError: 'HTTPResponse' object has no attribute 'strict'&quot;">Traceback (most recent call last):
  File "/workdir/CacheControl-0.12.11/.tox/cpythonlibtest-unit-test-tests/lib/python3.10/site-packages/_pytest/runner.py", line 341, in from_call
    result: Optional[TResult] = func()
  File "/workdir/CacheControl-0.12.11/.tox/cpythonlibtest-unit-test-tests/lib/python3.10/site-packages/_pytest/runner.py", line 262, in &lt;lambda&gt;
    lambda: ihook(item=item, **kwds), when=when, reraise=reraise
  File "/workdir/CacheControl-0.12.11/.tox/cpythonlibtest-unit-test-tests/lib/python3.10/site-packages/pluggy/_hooks.py", line 493, in __call__
    return self._hookexec(self.name, self._hookimpls, kwargs, firstresult)
  File "/workdir/CacheControl-0.12.11/.tox/cpythonlibtest-unit-test-tests/lib/python3.10/site-packages/pluggy/_manager.py", line 115, in _hookexec
    return self._inner_hookexec(hook_name, methods, kwargs, firstresult)
  File "/workdir/CacheControl-0.12.11/.tox/cpythonlibtest-unit-test-tests/lib/python3.10/site-packages/pluggy/_callers.py", line 152, in _multicall
    return outcome.get_result()
  File "/workdir/CacheControl-0.12.11/.tox/cpythonlibtest-unit-test-tests/lib/python3.10/site-packages/pluggy/_result.py", line 114, in get_result
    raise exc.with_traceback(exc.__traceback__)
  File "/workdir/CacheControl-0.12.11/.tox/cpythonlibtest-unit-test-tests/lib/python3.10/site-packages/pluggy/_callers.py", line 77, in _multicall
    res = hook_impl.function(*args)
  File "/workdir/CacheControl-0.12.11/.tox/cpythonlibtest-unit-test-tests/lib/python3.10/site-packages/_pytest/runner.py", line 157, in pytest_runtest_setup
    item.session._setupstate.setup(item)
  File "/workdir/CacheControl-0.12.11/.tox/cpythonlibtest-unit-test-tests/lib/python3.10/site-packages/_pytest/runner.py", line 497, in setup
    raise exc
  File "/workdir/CacheControl-0.12.11/.tox/cpythonlibtest-unit-test-tests/lib/python3.10/site-packages/_pytest/runner.py", line 494, in setup
    col.setup()
  File "/workdir/CacheControl-0.12.11/.tox/cpythonlibtest-unit-test-tests/lib/python3.10/site-packages/_pytest/python.py", line 1795, in setup
    self._request._fillfixtures()
  File "/workdir/CacheControl-0.12.11/.tox/cpythonlibtest-unit-test-tests/lib/python3.10/site-packages/_pytest/fixtures.py", line 566, in _fillfixtures
    item.funcargs[argname] = self.getfixturevalue(argname)
  File "/workdir/CacheControl-0.12.11/.tox/cpythonlibtest-unit-test-tests/lib/python3.10/site-packages/_pytest/fixtures.py", line 585, in getfixturevalue
    fixturedef = self._get_active_fixturedef(argname)
  File "/workdir/CacheControl-0.12.11/.tox/cpythonlibtest-unit-test-tests/lib/python3.10/site-packages/_pytest/fixtures.py", line 607, in _get_active_fixturedef
    self._compute_fixture_value(fixturedef)
  File "/workdir/CacheControl-0.12.11/.tox/cpythonlibtest-unit-test-tests/lib/python3.10/site-packages/_pytest/fixtures.py", line 693, in _compute_fixture_value
    fixturedef.execute(request=subrequest)
  File "/workdir/CacheControl-0.12.11/.tox/cpythonlibtest-unit-test-tests/lib/python3.10/site-packages/_pytest/fixtures.py", line 1069, in execute
    result = ihook.pytest_fixture_setup(fixturedef=self, request=request)
  File "/workdir/CacheControl-0.12.11/.tox/cpythonlibtest-unit-test-tests/lib/python3.10/site-packages/pluggy/_hooks.py", line 493, in __call__
    return self._hookexec(self.name, self._hookimpls, kwargs, firstresult)
  File "/workdir/CacheControl-0.12.11/.tox/cpythonlibtest-unit-test-tests/lib/python3.10/site-packages/pluggy/_manager.py", line 115, in _hookexec
    return self._inner_hookexec(hook_name, methods, kwargs, firstresult)
  File "/workdir/CacheControl-0.12.11/.tox/cpythonlibtest-unit-test-tests/lib/python3.10/site-packages/pluggy/_callers.py", line 152, in _multicall
    return outcome.get_result()
  File "/workdir/CacheControl-0.12.11/.tox/cpythonlibtest-unit-test-tests/lib/python3.10/site-packages/pluggy/_result.py", line 114, in get_result
    raise exc.with_traceback(exc.__traceback__)
  File "/workdir/CacheControl-0.12.11/.tox/cpythonlibtest-unit-test-tests/lib/python3.10/site-packages/pluggy/_callers.py", line 77, in _multicall
    res = hook_impl.function(*args)
  File "/workdir/CacheControl-0.12.11/.tox/cpythonlibtest-unit-test-tests/lib/python3.10/site-packages/_pytest/fixtures.py", line 1123, in pytest_fixture_setup
    result = call_fixture_func(fixturefunc, request, kwargs)
  File "/workdir/CacheControl-0.12.11/.tox/cpythonlibtest-unit-test-tests/lib/python3.10/site-packages/_pytest/fixtures.py", line 895, in call_fixture_func
    fixture_result = next(generator)
  File "/workdir/CacheControl-0.12.11/tests/test_adapter.py", line 30, in sess
    sess.get(url)
  File "/workdir/CacheControl-0.12.11/.tox/cpythonlibtest-unit-test-tests/lib/python3.10/site-packages/requests/sessions.py", line 602, in get
    return self.request("GET", url, **kwargs)
  File "/workdir/CacheControl-0.12.11/.tox/cpythonlibtest-unit-test-tests/lib/python3.10/site-packages/requests/sessions.py", line 589, in request
    resp = self.send(prep, **send_kwargs)
  File "/workdir/CacheControl-0.12.11/.tox/cpythonlibtest-unit-test-tests/lib/python3.10/site-packages/requests/sessions.py", line 747, in send
    r.content
  File "/workdir/CacheControl-0.12.11/.tox/cpythonlibtest-unit-test-tests/lib/python3.10/site-packages/requests/models.py", line 899, in content
    self._content = b"".join(self.iter_content(CONTENT_CHUNK_SIZE)) or b""
  File "/workdir/CacheControl-0.12.11/.tox/cpythonlibtest-unit-test-tests/lib/python3.10/site-packages/requests/models.py", line 816, in generate
    yield from self.raw.stream(chunk_size, decode_content=True)
  File "/workdir/CacheControl-0.12.11/.tox/cpythonlibtest-unit-test-tests/lib/python3.10/site-packages/urllib3/response.py", line 931, in stream
    yield from self.read_chunked(amt, decode_content=decode_content)
  File "/workdir/CacheControl-0.12.11/.tox/cpythonlibtest-unit-test-tests/lib/python3.10/site-packages/urllib3/response.py", line 1071, in read_chunked
    self._update_chunk_length()
  File "/workdir/CacheControl-0.12.11/.tox/cpythonlibtest-unit-test-tests/lib/python3.10/site-packages/cachecontrol/adapter.py", line 117, in _update_chunk_length
    self._fp._close()
  File "/workdir/CacheControl-0.12.11/.tox/cpythonlibtest-unit-test-tests/lib/python3.10/site-packages/cachecontrol/filewrapper.py", line 76, in _close
    self.__callback(result)
  File "/workdir/CacheControl-0.12.11/.tox/cpythonlibtest-unit-test-tests/lib/python3.10/site-packages/cachecontrol/controller.py", line 370, in cache_response
    self._cache_set(
  File "/workdir/CacheControl-0.12.11/.tox/cpythonlibtest-unit-test-tests/lib/python3.10/site-packages/cachecontrol/controller.py", line 274, in _cache_set
    self.serializer.dumps(request, response, body),
  File "/workdir/CacheControl-0.12.11/.tox/cpythonlibtest-unit-test-tests/lib/python3.10/site-packages/cachecontrol/serialize.py", line 54, in dumps
    u"strict": response.strict,
AttributeError: 'HTTPResponse' object has no attribute 'strict'</error></testcase><testcase classname="tests.test_adapter.TestSessionActions" name="test_delete_invalidates_cache[use_wrapper]" time="0.005"><error message="failed on setup with &quot;AttributeError: 'HTTPResponse' object has no attribute 'strict'&quot;">Traceback (most recent call last):
  File "/workdir/CacheControl-0.12.11/.tox/cpythonlibtest-unit-test-tests/lib/python3.10/site-packages/_pytest/runner.py", line 341, in from_call
    result: Optional[TResult] = func()
  File "/workdir/CacheControl-0.12.11/.tox/cpythonlibtest-unit-test-tests/lib/python3.10/site-packages/_pytest/runner.py", line 262, in &lt;lambda&gt;
    lambda: ihook(item=item, **kwds), when=when, reraise=reraise
  File "/workdir/CacheControl-0.12.11/.tox/cpythonlibtest-unit-test-tests/lib/python3.10/site-packages/pluggy/_hooks.py", line 493, in __call__
    return self._hookexec(self.name, self._hookimpls, kwargs, firstresult)
  File "/workdir/CacheControl-0.12.11/.tox/cpythonlibtest-unit-test-tests/lib/python3.10/site-packages/pluggy/_manager.py", line 115, in _hookexec
    return self._inner_hookexec(hook_name, methods, kwargs, firstresult)
  File "/workdir/CacheControl-0.12.11/.tox/cpythonlibtest-unit-test-tests/lib/python3.10/site-packages/pluggy/_callers.py", line 152, in _multicall
    return outcome.get_result()
  File "/workdir/CacheControl-0.12.11/.tox/cpythonlibtest-unit-test-tests/lib/python3.10/site-packages/pluggy/_result.py", line 114, in get_result
    raise exc.with_traceback(exc.__traceback__)
  File "/workdir/CacheControl-0.12.11/.tox/cpythonlibtest-unit-test-tests/lib/python3.10/site-packages/pluggy/_callers.py", line 77, in _multicall
    res = hook_impl.function(*args)
  File "/workdir/CacheControl-0.12.11/.tox/cpythonlibtest-unit-test-tests/lib/python3.10/site-packages/_pytest/runner.py", line 157, in pytest_runtest_setup
    item.session._setupstate.setup(item)
  File "/workdir/CacheControl-0.12.11/.tox/cpythonlibtest-unit-test-tests/lib/python3.10/site-packages/_pytest/runner.py", line 497, in setup
    raise exc
  File "/workdir/CacheControl-0.12.11/.tox/cpythonlibtest-unit-test-tests/lib/python3.10/site-packages/_pytest/runner.py", line 494, in setup
    col.setup()
  File "/workdir/CacheControl-0.12.11/.tox/cpythonlibtest-unit-test-tests/lib/python3.10/site-packages/_pytest/python.py", line 1795, in setup
    self._request._fillfixtures()
  File "/workdir/CacheControl-0.12.11/.tox/cpythonlibtest-unit-test-tests/lib/python3.10/site-packages/_pytest/fixtures.py", line 566, in _fillfixtures
    item.funcargs[argname] = self.getfixturevalue(argname)
  File "/workdir/CacheControl-0.12.11/.tox/cpythonlibtest-unit-test-tests/lib/python3.10/site-packages/_pytest/fixtures.py", line 585, in getfixturevalue
    fixturedef = self._get_active_fixturedef(argname)
  File "/workdir/CacheControl-0.12.11/.tox/cpythonlibtest-unit-test-tests/lib/python3.10/site-packages/_pytest/fixtures.py", line 607, in _get_active_fixturedef
    self._compute_fixture_value(fixturedef)
  File "/workdir/CacheControl-0.12.11/.tox/cpythonlibtest-unit-test-tests/lib/python3.10/site-packages/_pytest/fixtures.py", line 693, in _compute_fixture_value
    fixturedef.execute(request=subrequest)
  File "/workdir/CacheControl-0.12.11/.tox/cpythonlibtest-unit-test-tests/lib/python3.10/site-packages/_pytest/fixtures.py", line 1069, in execute
    result = ihook.pytest_fixture_setup(fixturedef=self, request=request)
  File "/workdir/CacheControl-0.12.11/.tox/cpythonlibtest-unit-test-tests/lib/python3.10/site-packages/pluggy/_hooks.py", line 493, in __call__
    return self._hookexec(self.name, self._hookimpls, kwargs, firstresult)
  File "/workdir/CacheControl-0.12.11/.tox/cpythonlibtest-unit-test-tests/lib/python3.10/site-packages/pluggy/_manager.py", line 115, in _hookexec
    return self._inner_hookexec(hook_name, methods, kwargs, firstresult)
  File "/workdir/CacheControl-0.12.11/.tox/cpythonlibtest-unit-test-tests/lib/python3.10/site-packages/pluggy/_callers.py", line 152, in _multicall
    return outcome.get_result()
  File "/workdir/CacheControl-0.12.11/.tox/cpythonlibtest-unit-test-tests/lib/python3.10/site-packages/pluggy/_result.py", line 114, in get_result
    raise exc.with_traceback(exc.__traceback__)
  File "/workdir/CacheControl-0.12.11/.tox/cpythonlibtest-unit-test-tests/lib/python3.10/site-packages/pluggy/_callers.py", line 77, in _multicall
    res = hook_impl.function(*args)
  File "/workdir/CacheControl-0.12.11/.tox/cpythonlibtest-unit-test-tests/lib/python3.10/site-packages/_pytest/fixtures.py", line 1123, in pytest_fixture_setup
    result = call_fixture_func(fixturefunc, request, kwargs)
  File "/workdir/CacheControl-0.12.11/.tox/cpythonlibtest-unit-test-tests/lib/python3.10/site-packages/_pytest/fixtures.py", line 895, in call_fixture_func
    fixture_result = next(generator)
  File "/workdir/CacheControl-0.12.11/tests/test_adapter.py", line 30, in sess
    sess.get(url)
  File "/workdir/CacheControl-0.12.11/.tox/cpythonlibtest-unit-test-tests/lib/python3.10/site-packages/requests/sessions.py", line 602, in get
    return self.request("GET", url, **kwargs)
  File "/workdir/CacheControl-0.12.11/.tox/cpythonlibtest-unit-test-tests/lib/python3.10/site-packages/requests/sessions.py", line 589, in request
    resp = self.send(prep, **send_kwargs)
  File "/workdir/CacheControl-0.12.11/.tox/cpythonlibtest-unit-test-tests/lib/python3.10/site-packages/requests/sessions.py", line 747, in send
    r.content
  File "/workdir/CacheControl-0.12.11/.tox/cpythonlibtest-unit-test-tests/lib/python3.10/site-packages/requests/models.py", line 899, in content
    self._content = b"".join(self.iter_content(CONTENT_CHUNK_SIZE)) or b""
  File "/workdir/CacheControl-0.12.11/.tox/cpythonlibtest-unit-test-tests/lib/python3.10/site-packages/requests/models.py", line 816, in generate
    yield from self.raw.stream(chunk_size, decode_content=True)
  File "/workdir/CacheControl-0.12.11/.tox/cpythonlibtest-unit-test-tests/lib/python3.10/site-packages/urllib3/response.py", line 931, in stream
    yield from self.read_chunked(amt, decode_content=decode_content)
  File "/workdir/CacheControl-0.12.11/.tox/cpythonlibtest-unit-test-tests/lib/python3.10/site-packages/urllib3/response.py", line 1071, in read_chunked
    self._update_chunk_length()
  File "/workdir/CacheControl-0.12.11/.tox/cpythonlibtest-unit-test-tests/lib/python3.10/site-packages/cachecontrol/adapter.py", line 117, in _update_chunk_length
    self._fp._close()
  File "/workdir/CacheControl-0.12.11/.tox/cpythonlibtest-unit-test-tests/lib/python3.10/site-packages/cachecontrol/filewrapper.py", line 76, in _close
    self.__callback(result)
  File "/workdir/CacheControl-0.12.11/.tox/cpythonlibtest-unit-test-tests/lib/python3.10/site-packages/cachecontrol/controller.py", line 370, in cache_response
    self._cache_set(
  File "/workdir/CacheControl-0.12.11/.tox/cpythonlibtest-unit-test-tests/lib/python3.10/site-packages/cachecontrol/controller.py", line 274, in _cache_set
    self.serializer.dumps(request, response, body),
  File "/workdir/CacheControl-0.12.11/.tox/cpythonlibtest-unit-test-tests/lib/python3.10/site-packages/cachecontrol/serialize.py", line 54, in dumps
    u"strict": response.strict,
AttributeError: 'HTTPResponse' object has no attribute 'strict'</error></testcase><testcase classname="tests.test_adapter.TestSessionActions" name="test_close" time="0.001" /><testcase classname="tests.test_cache_control.TestCacheControllerResponse" name="test_no_cache_non_20x_response" time="0.001" /><testcase classname="tests.test_cache_control.TestCacheControllerResponse" name="test_no_cache_with_no_date" time="0.001" /><testcase classname="tests.test_cache_control.TestCacheControllerResponse" name="test_no_cache_with_wrong_sized_body" time="0.001" /><testcase classname="tests.test_cache_control.TestCacheControllerResponse" name="test_cache_response_no_cache_control" time="0.001" /><testcase classname="tests.test_cache_control.TestCacheControllerResponse" name="test_cache_response_cache_max_age" time="0.001" /><testcase classname="tests.test_cache_control.TestCacheControllerResponse" name="test_cache_response_cache_max_age_with_invalid_value_not_cached" time="0.001" /><testcase classname="tests.test_cache_control.TestCacheControllerResponse" name="test_cache_response_no_store" time="0.001" /><testcase classname="tests.test_cache_control.TestCacheControllerResponse" name="test_cache_response_no_store_with_etag" time="0.001" /><testcase classname="tests.test_cache_control.TestCacheControllerResponse" name="test_no_cache_with_vary_star" time="0.001" /><testcase classname="tests.test_cache_control.TestCacheControllerResponse" name="test_update_cached_response_with_valid_headers" time="0.001" /><testcase classname="tests.test_cache_control.TestCacheControlRequest" name="test_cache_request_no_headers" time="0.001" /><testcase classname="tests.test_cache_control.TestCacheControlRequest" name="test_cache_request_no_cache" time="0.001" /><testcase classname="tests.test_cache_control.TestCacheControlRequest" name="test_cache_request_pragma_no_cache" time="0.001" /><testcase classname="tests.test_cache_control.TestCacheControlRequest" name="test_cache_request_no_store" time="0.001" /><testcase classname="tests.test_cache_control.TestCacheControlRequest" name="test_cache_request_max_age_0" time="0.001" /><testcase classname="tests.test_cache_control.TestCacheControlRequest" name="test_cache_request_not_in_cache" time="0.001" /><testcase classname="tests.test_cache_control.TestCacheControlRequest" name="test_cache_request_fresh_max_age" time="0.001" /><testcase classname="tests.test_cache_control.TestCacheControlRequest" name="test_cache_request_unfresh_max_age" time="0.001" /><testcase classname="tests.test_cache_control.TestCacheControlRequest" name="test_cache_request_fresh_expires" time="0.001" /><testcase classname="tests.test_cache_control.TestCacheControlRequest" name="test_cache_request_unfresh_expires" time="0.001" /><testcase classname="tests.test_cache_control.TestCacheControlRequest" name="test_cached_request_with_bad_max_age_headers_not_returned" time="0.001" /><testcase classname="tests.test_chunked_response.TestChunkedResponses" name="test_cache_chunked_response" time="0.006"><failure message="AttributeError: 'HTTPResponse' object has no attribute 'strict'">Traceback (most recent call last):
  File "/workdir/CacheControl-0.12.11/.tox/cpythonlibtest-unit-test-tests/lib/python3.10/site-packages/_pytest/runner.py", line 341, in from_call
    result: Optional[TResult] = func()
  File "/workdir/CacheControl-0.12.11/.tox/cpythonlibtest-unit-test-tests/lib/python3.10/site-packages/_pytest/runner.py", line 262, in &lt;lambda&gt;
    lambda: ihook(item=item, **kwds), when=when, reraise=reraise
  File "/workdir/CacheControl-0.12.11/.tox/cpythonlibtest-unit-test-tests/lib/python3.10/site-packages/pluggy/_hooks.py", line 493, in __call__
    return self._hookexec(self.name, self._hookimpls, kwargs, firstresult)
  File "/workdir/CacheControl-0.12.11/.tox/cpythonlibtest-unit-test-tests/lib/python3.10/site-packages/pluggy/_manager.py", line 115, in _hookexec
    return self._inner_hookexec(hook_name, methods, kwargs, firstresult)
  File "/workdir/CacheControl-0.12.11/.tox/cpythonlibtest-unit-test-tests/lib/python3.10/site-packages/pluggy/_callers.py", line 152, in _multicall
    return outcome.get_result()
  File "/workdir/CacheControl-0.12.11/.tox/cpythonlibtest-unit-test-tests/lib/python3.10/site-packages/pluggy/_result.py", line 114, in get_result
    raise exc.with_traceback(exc.__traceback__)
  File "/workdir/CacheControl-0.12.11/.tox/cpythonlibtest-unit-test-tests/lib/python3.10/site-packages/pluggy/_callers.py", line 77, in _multicall
    res = hook_impl.function(*args)
  File "/workdir/CacheControl-0.12.11/.tox/cpythonlibtest-unit-test-tests/lib/python3.10/site-packages/_pytest/runner.py", line 177, in pytest_runtest_call
    raise e
  File "/workdir/CacheControl-0.12.11/.tox/cpythonlibtest-unit-test-tests/lib/python3.10/site-packages/_pytest/runner.py", line 169, in pytest_runtest_call
    item.runtest()
  File "/workdir/CacheControl-0.12.11/.tox/cpythonlibtest-unit-test-tests/lib/python3.10/site-packages/_pytest/python.py", line 1792, in runtest
    self.ihook.pytest_pyfunc_call(pyfuncitem=self)
  File "/workdir/CacheControl-0.12.11/.tox/cpythonlibtest-unit-test-tests/lib/python3.10/site-packages/pluggy/_hooks.py", line 493, in __call__
    return self._hookexec(self.name, self._hookimpls, kwargs, firstresult)
  File "/workdir/CacheControl-0.12.11/.tox/cpythonlibtest-unit-test-tests/lib/python3.10/site-packages/pluggy/_manager.py", line 115, in _hookexec
    return self._inner_hookexec(hook_name, methods, kwargs, firstresult)
  File "/workdir/CacheControl-0.12.11/.tox/cpythonlibtest-unit-test-tests/lib/python3.10/site-packages/pluggy/_callers.py", line 113, in _multicall
    raise exception.with_traceback(exception.__traceback__)
  File "/workdir/CacheControl-0.12.11/.tox/cpythonlibtest-unit-test-tests/lib/python3.10/site-packages/pluggy/_callers.py", line 77, in _multicall
    res = hook_impl.function(*args)
  File "/workdir/CacheControl-0.12.11/.tox/cpythonlibtest-unit-test-tests/lib/python3.10/site-packages/_pytest/python.py", line 194, in pytest_pyfunc_call
    result = testfunction(**testargs)
  File "/workdir/CacheControl-0.12.11/tests/test_chunked_response.py", line 32, in test_cache_chunked_response
    r = sess.get(url)
  File "/workdir/CacheControl-0.12.11/.tox/cpythonlibtest-unit-test-tests/lib/python3.10/site-packages/requests/sessions.py", line 602, in get
    return self.request("GET", url, **kwargs)
  File "/workdir/CacheControl-0.12.11/.tox/cpythonlibtest-unit-test-tests/lib/python3.10/site-packages/requests/sessions.py", line 589, in request
    resp = self.send(prep, **send_kwargs)
  File "/workdir/CacheControl-0.12.11/.tox/cpythonlibtest-unit-test-tests/lib/python3.10/site-packages/requests/sessions.py", line 747, in send
    r.content
  File "/workdir/CacheControl-0.12.11/.tox/cpythonlibtest-unit-test-tests/lib/python3.10/site-packages/requests/models.py", line 899, in content
    self._content = b"".join(self.iter_content(CONTENT_CHUNK_SIZE)) or b""
  File "/workdir/CacheControl-0.12.11/.tox/cpythonlibtest-unit-test-tests/lib/python3.10/site-packages/requests/models.py", line 816, in generate
    yield from self.raw.stream(chunk_size, decode_content=True)
  File "/workdir/CacheControl-0.12.11/.tox/cpythonlibtest-unit-test-tests/lib/python3.10/site-packages/urllib3/response.py", line 931, in stream
    yield from self.read_chunked(amt, decode_content=decode_content)
  File "/workdir/CacheControl-0.12.11/.tox/cpythonlibtest-unit-test-tests/lib/python3.10/site-packages/urllib3/response.py", line 1071, in read_chunked
    self._update_chunk_length()
  File "/workdir/CacheControl-0.12.11/.tox/cpythonlibtest-unit-test-tests/lib/python3.10/site-packages/cachecontrol/adapter.py", line 117, in _update_chunk_length
    self._fp._close()
  File "/workdir/CacheControl-0.12.11/.tox/cpythonlibtest-unit-test-tests/lib/python3.10/site-packages/cachecontrol/filewrapper.py", line 76, in _close
    self.__callback(result)
  File "/workdir/CacheControl-0.12.11/.tox/cpythonlibtest-unit-test-tests/lib/python3.10/site-packages/cachecontrol/controller.py", line 370, in cache_response
    self._cache_set(
  File "/workdir/CacheControl-0.12.11/.tox/cpythonlibtest-unit-test-tests/lib/python3.10/site-packages/cachecontrol/controller.py", line 274, in _cache_set
    self.serializer.dumps(request, response, body),
  File "/workdir/CacheControl-0.12.11/.tox/cpythonlibtest-unit-test-tests/lib/python3.10/site-packages/cachecontrol/serialize.py", line 54, in dumps
    u"strict": response.strict,
AttributeError: 'HTTPResponse' object has no attribute 'strict'</failure></testcase><testcase classname="tests.test_chunked_response.TestChunkedResponses" name="test_stream_is_cached" time="0.007"><failure message="AttributeError: 'HTTPResponse' object has no attribute 'strict'">Traceback (most recent call last):
  File "/workdir/CacheControl-0.12.11/.tox/cpythonlibtest-unit-test-tests/lib/python3.10/site-packages/_pytest/runner.py", line 341, in from_call
    result: Optional[TResult] = func()
  File "/workdir/CacheControl-0.12.11/.tox/cpythonlibtest-unit-test-tests/lib/python3.10/site-packages/_pytest/runner.py", line 262, in &lt;lambda&gt;
    lambda: ihook(item=item, **kwds), when=when, reraise=reraise
  File "/workdir/CacheControl-0.12.11/.tox/cpythonlibtest-unit-test-tests/lib/python3.10/site-packages/pluggy/_hooks.py", line 493, in __call__
    return self._hookexec(self.name, self._hookimpls, kwargs, firstresult)
  File "/workdir/CacheControl-0.12.11/.tox/cpythonlibtest-unit-test-tests/lib/python3.10/site-packages/pluggy/_manager.py", line 115, in _hookexec
    return self._inner_hookexec(hook_name, methods, kwargs, firstresult)
  File "/workdir/CacheControl-0.12.11/.tox/cpythonlibtest-unit-test-tests/lib/python3.10/site-packages/pluggy/_callers.py", line 152, in _multicall
    return outcome.get_result()
  File "/workdir/CacheControl-0.12.11/.tox/cpythonlibtest-unit-test-tests/lib/python3.10/site-packages/pluggy/_result.py", line 114, in get_result
    raise exc.with_traceback(exc.__traceback__)
  File "/workdir/CacheControl-0.12.11/.tox/cpythonlibtest-unit-test-tests/lib/python3.10/site-packages/pluggy/_callers.py", line 77, in _multicall
    res = hook_impl.function(*args)
  File "/workdir/CacheControl-0.12.11/.tox/cpythonlibtest-unit-test-tests/lib/python3.10/site-packages/_pytest/runner.py", line 177, in pytest_runtest_call
    raise e
  File "/workdir/CacheControl-0.12.11/.tox/cpythonlibtest-unit-test-tests/lib/python3.10/site-packages/_pytest/runner.py", line 169, in pytest_runtest_call
    item.runtest()
  File "/workdir/CacheControl-0.12.11/.tox/cpythonlibtest-unit-test-tests/lib/python3.10/site-packages/_pytest/python.py", line 1792, in runtest
    self.ihook.pytest_pyfunc_call(pyfuncitem=self)
  File "/workdir/CacheControl-0.12.11/.tox/cpythonlibtest-unit-test-tests/lib/python3.10/site-packages/pluggy/_hooks.py", line 493, in __call__
    return self._hookexec(self.name, self._hookimpls, kwargs, firstresult)
  File "/workdir/CacheControl-0.12.11/.tox/cpythonlibtest-unit-test-tests/lib/python3.10/site-packages/pluggy/_manager.py", line 115, in _hookexec
    return self._inner_hookexec(hook_name, methods, kwargs, firstresult)
  File "/workdir/CacheControl-0.12.11/.tox/cpythonlibtest-unit-test-tests/lib/python3.10/site-packages/pluggy/_callers.py", line 113, in _multicall
    raise exception.with_traceback(exception.__traceback__)
  File "/workdir/CacheControl-0.12.11/.tox/cpythonlibtest-unit-test-tests/lib/python3.10/site-packages/pluggy/_callers.py", line 77, in _multicall
    res = hook_impl.function(*args)
  File "/workdir/CacheControl-0.12.11/.tox/cpythonlibtest-unit-test-tests/lib/python3.10/site-packages/_pytest/python.py", line 194, in pytest_pyfunc_call
    result = testfunction(**testargs)
  File "/workdir/CacheControl-0.12.11/tests/test_chunked_response.py", line 44, in test_stream_is_cached
    resp_1 = sess.get(url + "stream")
  File "/workdir/CacheControl-0.12.11/.tox/cpythonlibtest-unit-test-tests/lib/python3.10/site-packages/requests/sessions.py", line 602, in get
    return self.request("GET", url, **kwargs)
  File "/workdir/CacheControl-0.12.11/.tox/cpythonlibtest-unit-test-tests/lib/python3.10/site-packages/requests/sessions.py", line 589, in request
    resp = self.send(prep, **send_kwargs)
  File "/workdir/CacheControl-0.12.11/.tox/cpythonlibtest-unit-test-tests/lib/python3.10/site-packages/requests/sessions.py", line 747, in send
    r.content
  File "/workdir/CacheControl-0.12.11/.tox/cpythonlibtest-unit-test-tests/lib/python3.10/site-packages/requests/models.py", line 899, in content
    self._content = b"".join(self.iter_content(CONTENT_CHUNK_SIZE)) or b""
  File "/workdir/CacheControl-0.12.11/.tox/cpythonlibtest-unit-test-tests/lib/python3.10/site-packages/requests/models.py", line 816, in generate
    yield from self.raw.stream(chunk_size, decode_content=True)
  File "/workdir/CacheControl-0.12.11/.tox/cpythonlibtest-unit-test-tests/lib/python3.10/site-packages/urllib3/response.py", line 931, in stream
    yield from self.read_chunked(amt, decode_content=decode_content)
  File "/workdir/CacheControl-0.12.11/.tox/cpythonlibtest-unit-test-tests/lib/python3.10/site-packages/urllib3/response.py", line 1071, in read_chunked
    self._update_chunk_length()
  File "/workdir/CacheControl-0.12.11/.tox/cpythonlibtest-unit-test-tests/lib/python3.10/site-packages/cachecontrol/adapter.py", line 117, in _update_chunk_length
    self._fp._close()
  File "/workdir/CacheControl-0.12.11/.tox/cpythonlibtest-unit-test-tests/lib/python3.10/site-packages/cachecontrol/filewrapper.py", line 76, in _close
    self.__callback(result)
  File "/workdir/CacheControl-0.12.11/.tox/cpythonlibtest-unit-test-tests/lib/python3.10/site-packages/cachecontrol/controller.py", line 370, in cache_response
    self._cache_set(
  File "/workdir/CacheControl-0.12.11/.tox/cpythonlibtest-unit-test-tests/lib/python3.10/site-packages/cachecontrol/controller.py", line 274, in _cache_set
    self.serializer.dumps(request, response, body),
  File "/workdir/CacheControl-0.12.11/.tox/cpythonlibtest-unit-test-tests/lib/python3.10/site-packages/cachecontrol/serialize.py", line 54, in dumps
    u"strict": response.strict,
AttributeError: 'HTTPResponse' object has no attribute 'strict'</failure></testcase><testcase classname="tests.test_chunked_response.TestChunkedResponses" name="test_stream_is_not_cached_when_content_is_not_read" time="0.008" /><testcase classname="tests.test_etag.TestETag" name="test_etags_get_example" time="0.012" /><testcase classname="tests.test_etag.TestDisabledETags" name="test_expired_etags_if_none_match_response" time="0.007" /><testcase classname="tests.test_etag.TestReleaseConnection" name="test_not_modified_releases_connection" time="0.008"><failure message="AttributeError: 'HTTPResponse' object has no attribute 'strict'">Traceback (most recent call last):
  File "/workdir/CacheControl-0.12.11/.tox/cpythonlibtest-unit-test-tests/lib/python3.10/site-packages/_pytest/runner.py", line 341, in from_call
    result: Optional[TResult] = func()
  File "/workdir/CacheControl-0.12.11/.tox/cpythonlibtest-unit-test-tests/lib/python3.10/site-packages/_pytest/runner.py", line 262, in &lt;lambda&gt;
    lambda: ihook(item=item, **kwds), when=when, reraise=reraise
  File "/workdir/CacheControl-0.12.11/.tox/cpythonlibtest-unit-test-tests/lib/python3.10/site-packages/pluggy/_hooks.py", line 493, in __call__
    return self._hookexec(self.name, self._hookimpls, kwargs, firstresult)
  File "/workdir/CacheControl-0.12.11/.tox/cpythonlibtest-unit-test-tests/lib/python3.10/site-packages/pluggy/_manager.py", line 115, in _hookexec
    return self._inner_hookexec(hook_name, methods, kwargs, firstresult)
  File "/workdir/CacheControl-0.12.11/.tox/cpythonlibtest-unit-test-tests/lib/python3.10/site-packages/pluggy/_callers.py", line 152, in _multicall
    return outcome.get_result()
  File "/workdir/CacheControl-0.12.11/.tox/cpythonlibtest-unit-test-tests/lib/python3.10/site-packages/pluggy/_result.py", line 114, in get_result
    raise exc.with_traceback(exc.__traceback__)
  File "/workdir/CacheControl-0.12.11/.tox/cpythonlibtest-unit-test-tests/lib/python3.10/site-packages/pluggy/_callers.py", line 77, in _multicall
    res = hook_impl.function(*args)
  File "/workdir/CacheControl-0.12.11/.tox/cpythonlibtest-unit-test-tests/lib/python3.10/site-packages/_pytest/runner.py", line 177, in pytest_runtest_call
    raise e
  File "/workdir/CacheControl-0.12.11/.tox/cpythonlibtest-unit-test-tests/lib/python3.10/site-packages/_pytest/runner.py", line 169, in pytest_runtest_call
    item.runtest()
  File "/workdir/CacheControl-0.12.11/.tox/cpythonlibtest-unit-test-tests/lib/python3.10/site-packages/_pytest/python.py", line 1792, in runtest
    self.ihook.pytest_pyfunc_call(pyfuncitem=self)
  File "/workdir/CacheControl-0.12.11/.tox/cpythonlibtest-unit-test-tests/lib/python3.10/site-packages/pluggy/_hooks.py", line 493, in __call__
    return self._hookexec(self.name, self._hookimpls, kwargs, firstresult)
  File "/workdir/CacheControl-0.12.11/.tox/cpythonlibtest-unit-test-tests/lib/python3.10/site-packages/pluggy/_manager.py", line 115, in _hookexec
    return self._inner_hookexec(hook_name, methods, kwargs, firstresult)
  File "/workdir/CacheControl-0.12.11/.tox/cpythonlibtest-unit-test-tests/lib/python3.10/site-packages/pluggy/_callers.py", line 113, in _multicall
    raise exception.with_traceback(exception.__traceback__)
  File "/workdir/CacheControl-0.12.11/.tox/cpythonlibtest-unit-test-tests/lib/python3.10/site-packages/pluggy/_callers.py", line 77, in _multicall
    res = hook_impl.function(*args)
  File "/workdir/CacheControl-0.12.11/.tox/cpythonlibtest-unit-test-tests/lib/python3.10/site-packages/_pytest/python.py", line 194, in pytest_pyfunc_call
    result = testfunction(**testargs)
  File "/workdir/CacheControl-0.12.11/tests/test_etag.py", line 143, in test_not_modified_releases_connection
    sess.get(etag_url)
  File "/workdir/CacheControl-0.12.11/.tox/cpythonlibtest-unit-test-tests/lib/python3.10/site-packages/requests/sessions.py", line 602, in get
    return self.request("GET", url, **kwargs)
  File "/workdir/CacheControl-0.12.11/.tox/cpythonlibtest-unit-test-tests/lib/python3.10/site-packages/requests/sessions.py", line 589, in request
    resp = self.send(prep, **send_kwargs)
  File "/workdir/CacheControl-0.12.11/.tox/cpythonlibtest-unit-test-tests/lib/python3.10/site-packages/requests/sessions.py", line 747, in send
    r.content
  File "/workdir/CacheControl-0.12.11/.tox/cpythonlibtest-unit-test-tests/lib/python3.10/site-packages/requests/models.py", line 899, in content
    self._content = b"".join(self.iter_content(CONTENT_CHUNK_SIZE)) or b""
  File "/workdir/CacheControl-0.12.11/.tox/cpythonlibtest-unit-test-tests/lib/python3.10/site-packages/requests/models.py", line 816, in generate
    yield from self.raw.stream(chunk_size, decode_content=True)
  File "/workdir/CacheControl-0.12.11/.tox/cpythonlibtest-unit-test-tests/lib/python3.10/site-packages/urllib3/response.py", line 931, in stream
    yield from self.read_chunked(amt, decode_content=decode_content)
  File "/workdir/CacheControl-0.12.11/.tox/cpythonlibtest-unit-test-tests/lib/python3.10/site-packages/urllib3/response.py", line 1071, in read_chunked
    self._update_chunk_length()
  File "/workdir/CacheControl-0.12.11/.tox/cpythonlibtest-unit-test-tests/lib/python3.10/site-packages/cachecontrol/adapter.py", line 117, in _update_chunk_length
    self._fp._close()
  File "/workdir/CacheControl-0.12.11/.tox/cpythonlibtest-unit-test-tests/lib/python3.10/site-packages/cachecontrol/filewrapper.py", line 76, in _close
    self.__callback(result)
  File "/workdir/CacheControl-0.12.11/.tox/cpythonlibtest-unit-test-tests/lib/python3.10/site-packages/cachecontrol/controller.py", line 353, in cache_response
    self._cache_set(cache_url, request, response, body, expires_time)
  File "/workdir/CacheControl-0.12.11/.tox/cpythonlibtest-unit-test-tests/lib/python3.10/site-packages/cachecontrol/controller.py", line 274, in _cache_set
    self.serializer.dumps(request, response, body),
  File "/workdir/CacheControl-0.12.11/.tox/cpythonlibtest-unit-test-tests/lib/python3.10/site-packages/cachecontrol/serialize.py", line 54, in dumps
    u"strict": response.strict,
AttributeError: 'HTTPResponse' object has no attribute 'strict'</failure></testcase><testcase classname="tests.test_expires_heuristics.TestHeuristicWithoutWarning" name="test_no_header_change_means_no_warning_header" time="0.006" /><testcase classname="tests.test_expires_heuristics.TestHeuristicWith3xxResponse" name="test_heuristic_applies_to_301" time="0.004"><failure message="AttributeError: 'HTTPResponse' object has no attribute 'strict'">Traceback (most recent call last):
  File "/workdir/CacheControl-0.12.11/.tox/cpythonlibtest-unit-test-tests/lib/python3.10/site-packages/_pytest/runner.py", line 341, in from_call
    result: Optional[TResult] = func()
  File "/workdir/CacheControl-0.12.11/.tox/cpythonlibtest-unit-test-tests/lib/python3.10/site-packages/_pytest/runner.py", line 262, in &lt;lambda&gt;
    lambda: ihook(item=item, **kwds), when=when, reraise=reraise
  File "/workdir/CacheControl-0.12.11/.tox/cpythonlibtest-unit-test-tests/lib/python3.10/site-packages/pluggy/_hooks.py", line 493, in __call__
    return self._hookexec(self.name, self._hookimpls, kwargs, firstresult)
  File "/workdir/CacheControl-0.12.11/.tox/cpythonlibtest-unit-test-tests/lib/python3.10/site-packages/pluggy/_manager.py", line 115, in _hookexec
    return self._inner_hookexec(hook_name, methods, kwargs, firstresult)
  File "/workdir/CacheControl-0.12.11/.tox/cpythonlibtest-unit-test-tests/lib/python3.10/site-packages/pluggy/_callers.py", line 152, in _multicall
    return outcome.get_result()
  File "/workdir/CacheControl-0.12.11/.tox/cpythonlibtest-unit-test-tests/lib/python3.10/site-packages/pluggy/_result.py", line 114, in get_result
    raise exc.with_traceback(exc.__traceback__)
  File "/workdir/CacheControl-0.12.11/.tox/cpythonlibtest-unit-test-tests/lib/python3.10/site-packages/pluggy/_callers.py", line 77, in _multicall
    res = hook_impl.function(*args)
  File "/workdir/CacheControl-0.12.11/.tox/cpythonlibtest-unit-test-tests/lib/python3.10/site-packages/_pytest/runner.py", line 177, in pytest_runtest_call
    raise e
  File "/workdir/CacheControl-0.12.11/.tox/cpythonlibtest-unit-test-tests/lib/python3.10/site-packages/_pytest/runner.py", line 169, in pytest_runtest_call
    item.runtest()
  File "/workdir/CacheControl-0.12.11/.tox/cpythonlibtest-unit-test-tests/lib/python3.10/site-packages/_pytest/python.py", line 1792, in runtest
    self.ihook.pytest_pyfunc_call(pyfuncitem=self)
  File "/workdir/CacheControl-0.12.11/.tox/cpythonlibtest-unit-test-tests/lib/python3.10/site-packages/pluggy/_hooks.py", line 493, in __call__
    return self._hookexec(self.name, self._hookimpls, kwargs, firstresult)
  File "/workdir/CacheControl-0.12.11/.tox/cpythonlibtest-unit-test-tests/lib/python3.10/site-packages/pluggy/_manager.py", line 115, in _hookexec
    return self._inner_hookexec(hook_name, methods, kwargs, firstresult)
  File "/workdir/CacheControl-0.12.11/.tox/cpythonlibtest-unit-test-tests/lib/python3.10/site-packages/pluggy/_callers.py", line 113, in _multicall
    raise exception.with_traceback(exception.__traceback__)
  File "/workdir/CacheControl-0.12.11/.tox/cpythonlibtest-unit-test-tests/lib/python3.10/site-packages/pluggy/_callers.py", line 77, in _multicall
    res = hook_impl.function(*args)
  File "/workdir/CacheControl-0.12.11/.tox/cpythonlibtest-unit-test-tests/lib/python3.10/site-packages/_pytest/python.py", line 194, in pytest_pyfunc_call
    result = testfunction(**testargs)
  File "/workdir/CacheControl-0.12.11/tests/test_expires_heuristics.py", line 56, in test_heuristic_applies_to_301
    resp = self.sess.get(the_url)
  File "/workdir/CacheControl-0.12.11/.tox/cpythonlibtest-unit-test-tests/lib/python3.10/site-packages/requests/sessions.py", line 602, in get
    return self.request("GET", url, **kwargs)
  File "/workdir/CacheControl-0.12.11/.tox/cpythonlibtest-unit-test-tests/lib/python3.10/site-packages/requests/sessions.py", line 589, in request
    resp = self.send(prep, **send_kwargs)
  File "/workdir/CacheControl-0.12.11/.tox/cpythonlibtest-unit-test-tests/lib/python3.10/site-packages/requests/sessions.py", line 703, in send
    r = adapter.send(request, **kwargs)
  File "/workdir/CacheControl-0.12.11/.tox/cpythonlibtest-unit-test-tests/lib/python3.10/site-packages/cachecontrol/adapter.py", line 57, in send
    resp = super(CacheControlAdapter, self).send(request, **kw)
  File "/workdir/CacheControl-0.12.11/.tox/cpythonlibtest-unit-test-tests/lib/python3.10/site-packages/requests/adapters.py", line 538, in send
    return self.build_response(request, resp)
  File "/workdir/CacheControl-0.12.11/.tox/cpythonlibtest-unit-test-tests/lib/python3.10/site-packages/cachecontrol/adapter.py", line 101, in build_response
    self.controller.cache_response(request, response)
  File "/workdir/CacheControl-0.12.11/.tox/cpythonlibtest-unit-test-tests/lib/python3.10/site-packages/cachecontrol/controller.py", line 359, in cache_response
    self._cache_set(cache_url, request, response, b"")
  File "/workdir/CacheControl-0.12.11/.tox/cpythonlibtest-unit-test-tests/lib/python3.10/site-packages/cachecontrol/controller.py", line 274, in _cache_set
    self.serializer.dumps(request, response, body),
  File "/workdir/CacheControl-0.12.11/.tox/cpythonlibtest-unit-test-tests/lib/python3.10/site-packages/cachecontrol/serialize.py", line 54, in dumps
    u"strict": response.strict,
AttributeError: 'HTTPResponse' object has no attribute 'strict'</failure></testcase><testcase classname="tests.test_expires_heuristics.TestHeuristicWith3xxResponse" name="test_heuristic_applies_to_304" time="0.005" /><testcase classname="tests.test_expires_heuristics.TestUseExpiresHeuristic" name="test_expires_heuristic_arg" time="0.001" /><testcase classname="tests.test_expires_heuristics.TestOneDayCache" name="test_cache_for_one_day" time="0.005"><failure message="AttributeError: 'HTTPResponse' object has no attribute 'strict'">Traceback (most recent call last):
  File "/workdir/CacheControl-0.12.11/.tox/cpythonlibtest-unit-test-tests/lib/python3.10/site-packages/_pytest/runner.py", line 341, in from_call
    result: Optional[TResult] = func()
  File "/workdir/CacheControl-0.12.11/.tox/cpythonlibtest-unit-test-tests/lib/python3.10/site-packages/_pytest/runner.py", line 262, in &lt;lambda&gt;
    lambda: ihook(item=item, **kwds), when=when, reraise=reraise
  File "/workdir/CacheControl-0.12.11/.tox/cpythonlibtest-unit-test-tests/lib/python3.10/site-packages/pluggy/_hooks.py", line 493, in __call__
    return self._hookexec(self.name, self._hookimpls, kwargs, firstresult)
  File "/workdir/CacheControl-0.12.11/.tox/cpythonlibtest-unit-test-tests/lib/python3.10/site-packages/pluggy/_manager.py", line 115, in _hookexec
    return self._inner_hookexec(hook_name, methods, kwargs, firstresult)
  File "/workdir/CacheControl-0.12.11/.tox/cpythonlibtest-unit-test-tests/lib/python3.10/site-packages/pluggy/_callers.py", line 152, in _multicall
    return outcome.get_result()
  File "/workdir/CacheControl-0.12.11/.tox/cpythonlibtest-unit-test-tests/lib/python3.10/site-packages/pluggy/_result.py", line 114, in get_result
    raise exc.with_traceback(exc.__traceback__)
  File "/workdir/CacheControl-0.12.11/.tox/cpythonlibtest-unit-test-tests/lib/python3.10/site-packages/pluggy/_callers.py", line 77, in _multicall
    res = hook_impl.function(*args)
  File "/workdir/CacheControl-0.12.11/.tox/cpythonlibtest-unit-test-tests/lib/python3.10/site-packages/_pytest/runner.py", line 177, in pytest_runtest_call
    raise e
  File "/workdir/CacheControl-0.12.11/.tox/cpythonlibtest-unit-test-tests/lib/python3.10/site-packages/_pytest/runner.py", line 169, in pytest_runtest_call
    item.runtest()
  File "/workdir/CacheControl-0.12.11/.tox/cpythonlibtest-unit-test-tests/lib/python3.10/site-packages/_pytest/python.py", line 1792, in runtest
    self.ihook.pytest_pyfunc_call(pyfuncitem=self)
  File "/workdir/CacheControl-0.12.11/.tox/cpythonlibtest-unit-test-tests/lib/python3.10/site-packages/pluggy/_hooks.py", line 493, in __call__
    return self._hookexec(self.name, self._hookimpls, kwargs, firstresult)
  File "/workdir/CacheControl-0.12.11/.tox/cpythonlibtest-unit-test-tests/lib/python3.10/site-packages/pluggy/_manager.py", line 115, in _hookexec
    return self._inner_hookexec(hook_name, methods, kwargs, firstresult)
  File "/workdir/CacheControl-0.12.11/.tox/cpythonlibtest-unit-test-tests/lib/python3.10/site-packages/pluggy/_callers.py", line 113, in _multicall
    raise exception.with_traceback(exception.__traceback__)
  File "/workdir/CacheControl-0.12.11/.tox/cpythonlibtest-unit-test-tests/lib/python3.10/site-packages/pluggy/_callers.py", line 77, in _multicall
    res = hook_impl.function(*args)
  File "/workdir/CacheControl-0.12.11/.tox/cpythonlibtest-unit-test-tests/lib/python3.10/site-packages/_pytest/python.py", line 194, in pytest_pyfunc_call
    result = testfunction(**testargs)
  File "/workdir/CacheControl-0.12.11/tests/test_expires_heuristics.py", line 81, in test_cache_for_one_day
    r = self.sess.get(the_url)
  File "/workdir/CacheControl-0.12.11/.tox/cpythonlibtest-unit-test-tests/lib/python3.10/site-packages/requests/sessions.py", line 602, in get
    return self.request("GET", url, **kwargs)
  File "/workdir/CacheControl-0.12.11/.tox/cpythonlibtest-unit-test-tests/lib/python3.10/site-packages/requests/sessions.py", line 589, in request
    resp = self.send(prep, **send_kwargs)
  File "/workdir/CacheControl-0.12.11/.tox/cpythonlibtest-unit-test-tests/lib/python3.10/site-packages/requests/sessions.py", line 747, in send
    r.content
  File "/workdir/CacheControl-0.12.11/.tox/cpythonlibtest-unit-test-tests/lib/python3.10/site-packages/requests/models.py", line 899, in content
    self._content = b"".join(self.iter_content(CONTENT_CHUNK_SIZE)) or b""
  File "/workdir/CacheControl-0.12.11/.tox/cpythonlibtest-unit-test-tests/lib/python3.10/site-packages/requests/models.py", line 816, in generate
    yield from self.raw.stream(chunk_size, decode_content=True)
  File "/workdir/CacheControl-0.12.11/.tox/cpythonlibtest-unit-test-tests/lib/python3.10/site-packages/urllib3/response.py", line 931, in stream
    yield from self.read_chunked(amt, decode_content=decode_content)
  File "/workdir/CacheControl-0.12.11/.tox/cpythonlibtest-unit-test-tests/lib/python3.10/site-packages/urllib3/response.py", line 1071, in read_chunked
    self._update_chunk_length()
  File "/workdir/CacheControl-0.12.11/.tox/cpythonlibtest-unit-test-tests/lib/python3.10/site-packages/cachecontrol/adapter.py", line 117, in _update_chunk_length
    self._fp._close()
  File "/workdir/CacheControl-0.12.11/.tox/cpythonlibtest-unit-test-tests/lib/python3.10/site-packages/cachecontrol/filewrapper.py", line 76, in _close
    self.__callback(result)
  File "/workdir/CacheControl-0.12.11/.tox/cpythonlibtest-unit-test-tests/lib/python3.10/site-packages/cachecontrol/controller.py", line 393, in cache_response
    self._cache_set(
  File "/workdir/CacheControl-0.12.11/.tox/cpythonlibtest-unit-test-tests/lib/python3.10/site-packages/cachecontrol/controller.py", line 274, in _cache_set
    self.serializer.dumps(request, response, body),
  File "/workdir/CacheControl-0.12.11/.tox/cpythonlibtest-unit-test-tests/lib/python3.10/site-packages/cachecontrol/serialize.py", line 54, in dumps
    u"strict": response.strict,
AttributeError: 'HTTPResponse' object has no attribute 'strict'</failure></testcase><testcase classname="tests.test_expires_heuristics.TestExpiresAfter" name="test_expires_after_one_day" time="0.007"><failure message="AttributeError: 'HTTPResponse' object has no attribute 'strict'">Traceback (most recent call last):
  File "/workdir/CacheControl-0.12.11/.tox/cpythonlibtest-unit-test-tests/lib/python3.10/site-packages/_pytest/runner.py", line 341, in from_call
    result: Optional[TResult] = func()
  File "/workdir/CacheControl-0.12.11/.tox/cpythonlibtest-unit-test-tests/lib/python3.10/site-packages/_pytest/runner.py", line 262, in &lt;lambda&gt;
    lambda: ihook(item=item, **kwds), when=when, reraise=reraise
  File "/workdir/CacheControl-0.12.11/.tox/cpythonlibtest-unit-test-tests/lib/python3.10/site-packages/pluggy/_hooks.py", line 493, in __call__
    return self._hookexec(self.name, self._hookimpls, kwargs, firstresult)
  File "/workdir/CacheControl-0.12.11/.tox/cpythonlibtest-unit-test-tests/lib/python3.10/site-packages/pluggy/_manager.py", line 115, in _hookexec
    return self._inner_hookexec(hook_name, methods, kwargs, firstresult)
  File "/workdir/CacheControl-0.12.11/.tox/cpythonlibtest-unit-test-tests/lib/python3.10/site-packages/pluggy/_callers.py", line 152, in _multicall
    return outcome.get_result()
  File "/workdir/CacheControl-0.12.11/.tox/cpythonlibtest-unit-test-tests/lib/python3.10/site-packages/pluggy/_result.py", line 114, in get_result
    raise exc.with_traceback(exc.__traceback__)
  File "/workdir/CacheControl-0.12.11/.tox/cpythonlibtest-unit-test-tests/lib/python3.10/site-packages/pluggy/_callers.py", line 77, in _multicall
    res = hook_impl.function(*args)
  File "/workdir/CacheControl-0.12.11/.tox/cpythonlibtest-unit-test-tests/lib/python3.10/site-packages/_pytest/runner.py", line 177, in pytest_runtest_call
    raise e
  File "/workdir/CacheControl-0.12.11/.tox/cpythonlibtest-unit-test-tests/lib/python3.10/site-packages/_pytest/runner.py", line 169, in pytest_runtest_call
    item.runtest()
  File "/workdir/CacheControl-0.12.11/.tox/cpythonlibtest-unit-test-tests/lib/python3.10/site-packages/_pytest/python.py", line 1792, in runtest
    self.ihook.pytest_pyfunc_call(pyfuncitem=self)
  File "/workdir/CacheControl-0.12.11/.tox/cpythonlibtest-unit-test-tests/lib/python3.10/site-packages/pluggy/_hooks.py", line 493, in __call__
    return self._hookexec(self.name, self._hookimpls, kwargs, firstresult)
  File "/workdir/CacheControl-0.12.11/.tox/cpythonlibtest-unit-test-tests/lib/python3.10/site-packages/pluggy/_manager.py", line 115, in _hookexec
    return self._inner_hookexec(hook_name, methods, kwargs, firstresult)
  File "/workdir/CacheControl-0.12.11/.tox/cpythonlibtest-unit-test-tests/lib/python3.10/site-packages/pluggy/_callers.py", line 113, in _multicall
    raise exception.with_traceback(exception.__traceback__)
  File "/workdir/CacheControl-0.12.11/.tox/cpythonlibtest-unit-test-tests/lib/python3.10/site-packages/pluggy/_callers.py", line 77, in _multicall
    res = hook_impl.function(*args)
  File "/workdir/CacheControl-0.12.11/.tox/cpythonlibtest-unit-test-tests/lib/python3.10/site-packages/_pytest/python.py", line 194, in pytest_pyfunc_call
    result = testfunction(**testargs)
  File "/workdir/CacheControl-0.12.11/tests/test_expires_heuristics.py", line 104, in test_expires_after_one_day
    r = self.sess.get(the_url)
  File "/workdir/CacheControl-0.12.11/.tox/cpythonlibtest-unit-test-tests/lib/python3.10/site-packages/requests/sessions.py", line 602, in get
    return self.request("GET", url, **kwargs)
  File "/workdir/CacheControl-0.12.11/.tox/cpythonlibtest-unit-test-tests/lib/python3.10/site-packages/requests/sessions.py", line 589, in request
    resp = self.send(prep, **send_kwargs)
  File "/workdir/CacheControl-0.12.11/.tox/cpythonlibtest-unit-test-tests/lib/python3.10/site-packages/requests/sessions.py", line 747, in send
    r.content
  File "/workdir/CacheControl-0.12.11/.tox/cpythonlibtest-unit-test-tests/lib/python3.10/site-packages/requests/models.py", line 899, in content
    self._content = b"".join(self.iter_content(CONTENT_CHUNK_SIZE)) or b""
  File "/workdir/CacheControl-0.12.11/.tox/cpythonlibtest-unit-test-tests/lib/python3.10/site-packages/requests/models.py", line 816, in generate
    yield from self.raw.stream(chunk_size, decode_content=True)
  File "/workdir/CacheControl-0.12.11/.tox/cpythonlibtest-unit-test-tests/lib/python3.10/site-packages/urllib3/response.py", line 931, in stream
    yield from self.read_chunked(amt, decode_content=decode_content)
  File "/workdir/CacheControl-0.12.11/.tox/cpythonlibtest-unit-test-tests/lib/python3.10/site-packages/urllib3/response.py", line 1071, in read_chunked
    self._update_chunk_length()
  File "/workdir/CacheControl-0.12.11/.tox/cpythonlibtest-unit-test-tests/lib/python3.10/site-packages/cachecontrol/adapter.py", line 117, in _update_chunk_length
    self._fp._close()
  File "/workdir/CacheControl-0.12.11/.tox/cpythonlibtest-unit-test-tests/lib/python3.10/site-packages/cachecontrol/filewrapper.py", line 76, in _close
    self.__callback(result)
  File "/workdir/CacheControl-0.12.11/.tox/cpythonlibtest-unit-test-tests/lib/python3.10/site-packages/cachecontrol/controller.py", line 393, in cache_response
    self._cache_set(
  File "/workdir/CacheControl-0.12.11/.tox/cpythonlibtest-unit-test-tests/lib/python3.10/site-packages/cachecontrol/controller.py", line 274, in _cache_set
    self.serializer.dumps(request, response, body),
  File "/workdir/CacheControl-0.12.11/.tox/cpythonlibtest-unit-test-tests/lib/python3.10/site-packages/cachecontrol/serialize.py", line 54, in dumps
    u"strict": response.strict,
AttributeError: 'HTTPResponse' object has no attribute 'strict'</failure></testcase><testcase classname="tests.test_expires_heuristics.TestLastModified" name="test_last_modified" time="0.004"><failure message="AttributeError: 'HTTPResponse' object has no attribute 'strict'">Traceback (most recent call last):
  File "/workdir/CacheControl-0.12.11/.tox/cpythonlibtest-unit-test-tests/lib/python3.10/site-packages/_pytest/runner.py", line 341, in from_call
    result: Optional[TResult] = func()
  File "/workdir/CacheControl-0.12.11/.tox/cpythonlibtest-unit-test-tests/lib/python3.10/site-packages/_pytest/runner.py", line 262, in &lt;lambda&gt;
    lambda: ihook(item=item, **kwds), when=when, reraise=reraise
  File "/workdir/CacheControl-0.12.11/.tox/cpythonlibtest-unit-test-tests/lib/python3.10/site-packages/pluggy/_hooks.py", line 493, in __call__
    return self._hookexec(self.name, self._hookimpls, kwargs, firstresult)
  File "/workdir/CacheControl-0.12.11/.tox/cpythonlibtest-unit-test-tests/lib/python3.10/site-packages/pluggy/_manager.py", line 115, in _hookexec
    return self._inner_hookexec(hook_name, methods, kwargs, firstresult)
  File "/workdir/CacheControl-0.12.11/.tox/cpythonlibtest-unit-test-tests/lib/python3.10/site-packages/pluggy/_callers.py", line 152, in _multicall
    return outcome.get_result()
  File "/workdir/CacheControl-0.12.11/.tox/cpythonlibtest-unit-test-tests/lib/python3.10/site-packages/pluggy/_result.py", line 114, in get_result
    raise exc.with_traceback(exc.__traceback__)
  File "/workdir/CacheControl-0.12.11/.tox/cpythonlibtest-unit-test-tests/lib/python3.10/site-packages/pluggy/_callers.py", line 77, in _multicall
    res = hook_impl.function(*args)
  File "/workdir/CacheControl-0.12.11/.tox/cpythonlibtest-unit-test-tests/lib/python3.10/site-packages/_pytest/runner.py", line 177, in pytest_runtest_call
    raise e
  File "/workdir/CacheControl-0.12.11/.tox/cpythonlibtest-unit-test-tests/lib/python3.10/site-packages/_pytest/runner.py", line 169, in pytest_runtest_call
    item.runtest()
  File "/workdir/CacheControl-0.12.11/.tox/cpythonlibtest-unit-test-tests/lib/python3.10/site-packages/_pytest/python.py", line 1792, in runtest
    self.ihook.pytest_pyfunc_call(pyfuncitem=self)
  File "/workdir/CacheControl-0.12.11/.tox/cpythonlibtest-unit-test-tests/lib/python3.10/site-packages/pluggy/_hooks.py", line 493, in __call__
    return self._hookexec(self.name, self._hookimpls, kwargs, firstresult)
  File "/workdir/CacheControl-0.12.11/.tox/cpythonlibtest-unit-test-tests/lib/python3.10/site-packages/pluggy/_manager.py", line 115, in _hookexec
    return self._inner_hookexec(hook_name, methods, kwargs, firstresult)
  File "/workdir/CacheControl-0.12.11/.tox/cpythonlibtest-unit-test-tests/lib/python3.10/site-packages/pluggy/_callers.py", line 113, in _multicall
    raise exception.with_traceback(exception.__traceback__)
  File "/workdir/CacheControl-0.12.11/.tox/cpythonlibtest-unit-test-tests/lib/python3.10/site-packages/pluggy/_callers.py", line 77, in _multicall
    res = hook_impl.function(*args)
  File "/workdir/CacheControl-0.12.11/.tox/cpythonlibtest-unit-test-tests/lib/python3.10/site-packages/_pytest/python.py", line 194, in pytest_pyfunc_call
    result = testfunction(**testargs)
  File "/workdir/CacheControl-0.12.11/tests/test_expires_heuristics.py", line 122, in test_last_modified
    r = self.sess.get(the_url)
  File "/workdir/CacheControl-0.12.11/.tox/cpythonlibtest-unit-test-tests/lib/python3.10/site-packages/requests/sessions.py", line 602, in get
    return self.request("GET", url, **kwargs)
  File "/workdir/CacheControl-0.12.11/.tox/cpythonlibtest-unit-test-tests/lib/python3.10/site-packages/requests/sessions.py", line 589, in request
    resp = self.send(prep, **send_kwargs)
  File "/workdir/CacheControl-0.12.11/.tox/cpythonlibtest-unit-test-tests/lib/python3.10/site-packages/requests/sessions.py", line 747, in send
    r.content
  File "/workdir/CacheControl-0.12.11/.tox/cpythonlibtest-unit-test-tests/lib/python3.10/site-packages/requests/models.py", line 899, in content
    self._content = b"".join(self.iter_content(CONTENT_CHUNK_SIZE)) or b""
  File "/workdir/CacheControl-0.12.11/.tox/cpythonlibtest-unit-test-tests/lib/python3.10/site-packages/requests/models.py", line 816, in generate
    yield from self.raw.stream(chunk_size, decode_content=True)
  File "/workdir/CacheControl-0.12.11/.tox/cpythonlibtest-unit-test-tests/lib/python3.10/site-packages/urllib3/response.py", line 931, in stream
    yield from self.read_chunked(amt, decode_content=decode_content)
  File "/workdir/CacheControl-0.12.11/.tox/cpythonlibtest-unit-test-tests/lib/python3.10/site-packages/urllib3/response.py", line 1071, in read_chunked
    self._update_chunk_length()
  File "/workdir/CacheControl-0.12.11/.tox/cpythonlibtest-unit-test-tests/lib/python3.10/site-packages/cachecontrol/adapter.py", line 117, in _update_chunk_length
    self._fp._close()
  File "/workdir/CacheControl-0.12.11/.tox/cpythonlibtest-unit-test-tests/lib/python3.10/site-packages/cachecontrol/filewrapper.py", line 76, in _close
    self.__callback(result)
  File "/workdir/CacheControl-0.12.11/.tox/cpythonlibtest-unit-test-tests/lib/python3.10/site-packages/cachecontrol/controller.py", line 393, in cache_response
    self._cache_set(
  File "/workdir/CacheControl-0.12.11/.tox/cpythonlibtest-unit-test-tests/lib/python3.10/site-packages/cachecontrol/controller.py", line 274, in _cache_set
    self.serializer.dumps(request, response, body),
  File "/workdir/CacheControl-0.12.11/.tox/cpythonlibtest-unit-test-tests/lib/python3.10/site-packages/cachecontrol/serialize.py", line 54, in dumps
    u"strict": response.strict,
AttributeError: 'HTTPResponse' object has no attribute 'strict'</failure></testcase><testcase classname="tests.test_expires_heuristics.TestModifiedUnitTests" name="test_no_expiry_is_inferred_when_no_last_modified_is_present" time="0.002" /><testcase classname="tests.test_expires_heuristics.TestModifiedUnitTests" name="test_expires_is_not_replaced_when_present" time="0.001" /><testcase classname="tests.test_expires_heuristics.TestModifiedUnitTests" name="test_last_modified_is_used" time="0.001" /><testcase classname="tests.test_expires_heuristics.TestModifiedUnitTests" name="test_last_modified_is_not_used_when_cache_control_present" time="0.001" /><testcase classname="tests.test_expires_heuristics.TestModifiedUnitTests" name="test_last_modified_is_not_used_when_status_is_unknown" time="0.001" /><testcase classname="tests.test_expires_heuristics.TestModifiedUnitTests" name="test_last_modified_is_used_when_cache_control_public" time="0.001" /><testcase classname="tests.test_expires_heuristics.TestModifiedUnitTests" name="test_warning_not_added_when_response_more_recent_than_24_hours" time="0.001" /><testcase classname="tests.test_expires_heuristics.TestModifiedUnitTests" name="test_warning_is_not_added_when_heuristic_was_not_used" time="0.001" /><testcase classname="tests.test_expires_heuristics.TestModifiedUnitTests" name="test_expiry_is_no_more_that_twenty_four_hours" time="0.001" /><testcase classname="tests.test_max_age.TestMaxAge" name="test_client_max_age_0" time="0.006" /><testcase classname="tests.test_max_age.TestMaxAge" name="test_client_max_age_3600" time="0.008" /><testcase classname="tests.test_redirects.TestPermanentRedirects" name="test_redirect_response_is_cached" time="0.004"><failure message="AttributeError: 'HTTPResponse' object has no attribute 'strict'">Traceback (most recent call last):
  File "/workdir/CacheControl-0.12.11/.tox/cpythonlibtest-unit-test-tests/lib/python3.10/site-packages/_pytest/runner.py", line 341, in from_call
    result: Optional[TResult] = func()
  File "/workdir/CacheControl-0.12.11/.tox/cpythonlibtest-unit-test-tests/lib/python3.10/site-packages/_pytest/runner.py", line 262, in &lt;lambda&gt;
    lambda: ihook(item=item, **kwds), when=when, reraise=reraise
  File "/workdir/CacheControl-0.12.11/.tox/cpythonlibtest-unit-test-tests/lib/python3.10/site-packages/pluggy/_hooks.py", line 493, in __call__
    return self._hookexec(self.name, self._hookimpls, kwargs, firstresult)
  File "/workdir/CacheControl-0.12.11/.tox/cpythonlibtest-unit-test-tests/lib/python3.10/site-packages/pluggy/_manager.py", line 115, in _hookexec
    return self._inner_hookexec(hook_name, methods, kwargs, firstresult)
  File "/workdir/CacheControl-0.12.11/.tox/cpythonlibtest-unit-test-tests/lib/python3.10/site-packages/pluggy/_callers.py", line 152, in _multicall
    return outcome.get_result()
  File "/workdir/CacheControl-0.12.11/.tox/cpythonlibtest-unit-test-tests/lib/python3.10/site-packages/pluggy/_result.py", line 114, in get_result
    raise exc.with_traceback(exc.__traceback__)
  File "/workdir/CacheControl-0.12.11/.tox/cpythonlibtest-unit-test-tests/lib/python3.10/site-packages/pluggy/_callers.py", line 77, in _multicall
    res = hook_impl.function(*args)
  File "/workdir/CacheControl-0.12.11/.tox/cpythonlibtest-unit-test-tests/lib/python3.10/site-packages/_pytest/runner.py", line 177, in pytest_runtest_call
    raise e
  File "/workdir/CacheControl-0.12.11/.tox/cpythonlibtest-unit-test-tests/lib/python3.10/site-packages/_pytest/runner.py", line 169, in pytest_runtest_call
    item.runtest()
  File "/workdir/CacheControl-0.12.11/.tox/cpythonlibtest-unit-test-tests/lib/python3.10/site-packages/_pytest/python.py", line 1792, in runtest
    self.ihook.pytest_pyfunc_call(pyfuncitem=self)
  File "/workdir/CacheControl-0.12.11/.tox/cpythonlibtest-unit-test-tests/lib/python3.10/site-packages/pluggy/_hooks.py", line 493, in __call__
    return self._hookexec(self.name, self._hookimpls, kwargs, firstresult)
  File "/workdir/CacheControl-0.12.11/.tox/cpythonlibtest-unit-test-tests/lib/python3.10/site-packages/pluggy/_manager.py", line 115, in _hookexec
    return self._inner_hookexec(hook_name, methods, kwargs, firstresult)
  File "/workdir/CacheControl-0.12.11/.tox/cpythonlibtest-unit-test-tests/lib/python3.10/site-packages/pluggy/_callers.py", line 113, in _multicall
    raise exception.with_traceback(exception.__traceback__)
  File "/workdir/CacheControl-0.12.11/.tox/cpythonlibtest-unit-test-tests/lib/python3.10/site-packages/pluggy/_callers.py", line 77, in _multicall
    res = hook_impl.function(*args)
  File "/workdir/CacheControl-0.12.11/.tox/cpythonlibtest-unit-test-tests/lib/python3.10/site-packages/_pytest/python.py", line 194, in pytest_pyfunc_call
    result = testfunction(**testargs)
  File "/workdir/CacheControl-0.12.11/tests/test_redirects.py", line 19, in test_redirect_response_is_cached
    self.sess.get(url + "permanent_redirect", allow_redirects=False)
  File "/workdir/CacheControl-0.12.11/.tox/cpythonlibtest-unit-test-tests/lib/python3.10/site-packages/requests/sessions.py", line 602, in get
    return self.request("GET", url, **kwargs)
  File "/workdir/CacheControl-0.12.11/.tox/cpythonlibtest-unit-test-tests/lib/python3.10/site-packages/requests/sessions.py", line 589, in request
    resp = self.send(prep, **send_kwargs)
  File "/workdir/CacheControl-0.12.11/.tox/cpythonlibtest-unit-test-tests/lib/python3.10/site-packages/requests/sessions.py", line 703, in send
    r = adapter.send(request, **kwargs)
  File "/workdir/CacheControl-0.12.11/.tox/cpythonlibtest-unit-test-tests/lib/python3.10/site-packages/cachecontrol/adapter.py", line 57, in send
    resp = super(CacheControlAdapter, self).send(request, **kw)
  File "/workdir/CacheControl-0.12.11/.tox/cpythonlibtest-unit-test-tests/lib/python3.10/site-packages/requests/adapters.py", line 538, in send
    return self.build_response(request, resp)
  File "/workdir/CacheControl-0.12.11/.tox/cpythonlibtest-unit-test-tests/lib/python3.10/site-packages/cachecontrol/adapter.py", line 101, in build_response
    self.controller.cache_response(request, response)
  File "/workdir/CacheControl-0.12.11/.tox/cpythonlibtest-unit-test-tests/lib/python3.10/site-packages/cachecontrol/controller.py", line 359, in cache_response
    self._cache_set(cache_url, request, response, b"")
  File "/workdir/CacheControl-0.12.11/.tox/cpythonlibtest-unit-test-tests/lib/python3.10/site-packages/cachecontrol/controller.py", line 274, in _cache_set
    self.serializer.dumps(request, response, body),
  File "/workdir/CacheControl-0.12.11/.tox/cpythonlibtest-unit-test-tests/lib/python3.10/site-packages/cachecontrol/serialize.py", line 54, in dumps
    u"strict": response.strict,
AttributeError: 'HTTPResponse' object has no attribute 'strict'</failure></testcase><testcase classname="tests.test_redirects.TestPermanentRedirects" name="test_bust_cache_on_redirect" time="0.004"><failure message="AttributeError: 'HTTPResponse' object has no attribute 'strict'">Traceback (most recent call last):
  File "/workdir/CacheControl-0.12.11/.tox/cpythonlibtest-unit-test-tests/lib/python3.10/site-packages/_pytest/runner.py", line 341, in from_call
    result: Optional[TResult] = func()
  File "/workdir/CacheControl-0.12.11/.tox/cpythonlibtest-unit-test-tests/lib/python3.10/site-packages/_pytest/runner.py", line 262, in &lt;lambda&gt;
    lambda: ihook(item=item, **kwds), when=when, reraise=reraise
  File "/workdir/CacheControl-0.12.11/.tox/cpythonlibtest-unit-test-tests/lib/python3.10/site-packages/pluggy/_hooks.py", line 493, in __call__
    return self._hookexec(self.name, self._hookimpls, kwargs, firstresult)
  File "/workdir/CacheControl-0.12.11/.tox/cpythonlibtest-unit-test-tests/lib/python3.10/site-packages/pluggy/_manager.py", line 115, in _hookexec
    return self._inner_hookexec(hook_name, methods, kwargs, firstresult)
  File "/workdir/CacheControl-0.12.11/.tox/cpythonlibtest-unit-test-tests/lib/python3.10/site-packages/pluggy/_callers.py", line 152, in _multicall
    return outcome.get_result()
  File "/workdir/CacheControl-0.12.11/.tox/cpythonlibtest-unit-test-tests/lib/python3.10/site-packages/pluggy/_result.py", line 114, in get_result
    raise exc.with_traceback(exc.__traceback__)
  File "/workdir/CacheControl-0.12.11/.tox/cpythonlibtest-unit-test-tests/lib/python3.10/site-packages/pluggy/_callers.py", line 77, in _multicall
    res = hook_impl.function(*args)
  File "/workdir/CacheControl-0.12.11/.tox/cpythonlibtest-unit-test-tests/lib/python3.10/site-packages/_pytest/runner.py", line 177, in pytest_runtest_call
    raise e
  File "/workdir/CacheControl-0.12.11/.tox/cpythonlibtest-unit-test-tests/lib/python3.10/site-packages/_pytest/runner.py", line 169, in pytest_runtest_call
    item.runtest()
  File "/workdir/CacheControl-0.12.11/.tox/cpythonlibtest-unit-test-tests/lib/python3.10/site-packages/_pytest/python.py", line 1792, in runtest
    self.ihook.pytest_pyfunc_call(pyfuncitem=self)
  File "/workdir/CacheControl-0.12.11/.tox/cpythonlibtest-unit-test-tests/lib/python3.10/site-packages/pluggy/_hooks.py", line 493, in __call__
    return self._hookexec(self.name, self._hookimpls, kwargs, firstresult)
  File "/workdir/CacheControl-0.12.11/.tox/cpythonlibtest-unit-test-tests/lib/python3.10/site-packages/pluggy/_manager.py", line 115, in _hookexec
    return self._inner_hookexec(hook_name, methods, kwargs, firstresult)
  File "/workdir/CacheControl-0.12.11/.tox/cpythonlibtest-unit-test-tests/lib/python3.10/site-packages/pluggy/_callers.py", line 113, in _multicall
    raise exception.with_traceback(exception.__traceback__)
  File "/workdir/CacheControl-0.12.11/.tox/cpythonlibtest-unit-test-tests/lib/python3.10/site-packages/pluggy/_callers.py", line 77, in _multicall
    res = hook_impl.function(*args)
  File "/workdir/CacheControl-0.12.11/.tox/cpythonlibtest-unit-test-tests/lib/python3.10/site-packages/_pytest/python.py", line 194, in pytest_pyfunc_call
    result = testfunction(**testargs)
  File "/workdir/CacheControl-0.12.11/tests/test_redirects.py", line 25, in test_bust_cache_on_redirect
    self.sess.get(url + "permanent_redirect", allow_redirects=False)
  File "/workdir/CacheControl-0.12.11/.tox/cpythonlibtest-unit-test-tests/lib/python3.10/site-packages/requests/sessions.py", line 602, in get
    return self.request("GET", url, **kwargs)
  File "/workdir/CacheControl-0.12.11/.tox/cpythonlibtest-unit-test-tests/lib/python3.10/site-packages/requests/sessions.py", line 589, in request
    resp = self.send(prep, **send_kwargs)
  File "/workdir/CacheControl-0.12.11/.tox/cpythonlibtest-unit-test-tests/lib/python3.10/site-packages/requests/sessions.py", line 703, in send
    r = adapter.send(request, **kwargs)
  File "/workdir/CacheControl-0.12.11/.tox/cpythonlibtest-unit-test-tests/lib/python3.10/site-packages/cachecontrol/adapter.py", line 57, in send
    resp = super(CacheControlAdapter, self).send(request, **kw)
  File "/workdir/CacheControl-0.12.11/.tox/cpythonlibtest-unit-test-tests/lib/python3.10/site-packages/requests/adapters.py", line 538, in send
    return self.build_response(request, resp)
  File "/workdir/CacheControl-0.12.11/.tox/cpythonlibtest-unit-test-tests/lib/python3.10/site-packages/cachecontrol/adapter.py", line 101, in build_response
    self.controller.cache_response(request, response)
  File "/workdir/CacheControl-0.12.11/.tox/cpythonlibtest-unit-test-tests/lib/python3.10/site-packages/cachecontrol/controller.py", line 359, in cache_response
    self._cache_set(cache_url, request, response, b"")
  File "/workdir/CacheControl-0.12.11/.tox/cpythonlibtest-unit-test-tests/lib/python3.10/site-packages/cachecontrol/controller.py", line 274, in _cache_set
    self.serializer.dumps(request, response, body),
  File "/workdir/CacheControl-0.12.11/.tox/cpythonlibtest-unit-test-tests/lib/python3.10/site-packages/cachecontrol/serialize.py", line 54, in dumps
    u"strict": response.strict,
AttributeError: 'HTTPResponse' object has no attribute 'strict'</failure></testcase><testcase classname="tests.test_redirects.TestMultipleChoicesRedirects" name="test_multiple_choices_is_cacheable" time="0.006"><failure message="AttributeError: 'HTTPResponse' object has no attribute 'strict'">Traceback (most recent call last):
  File "/workdir/CacheControl-0.12.11/.tox/cpythonlibtest-unit-test-tests/lib/python3.10/site-packages/_pytest/runner.py", line 341, in from_call
    result: Optional[TResult] = func()
  File "/workdir/CacheControl-0.12.11/.tox/cpythonlibtest-unit-test-tests/lib/python3.10/site-packages/_pytest/runner.py", line 262, in &lt;lambda&gt;
    lambda: ihook(item=item, **kwds), when=when, reraise=reraise
  File "/workdir/CacheControl-0.12.11/.tox/cpythonlibtest-unit-test-tests/lib/python3.10/site-packages/pluggy/_hooks.py", line 493, in __call__
    return self._hookexec(self.name, self._hookimpls, kwargs, firstresult)
  File "/workdir/CacheControl-0.12.11/.tox/cpythonlibtest-unit-test-tests/lib/python3.10/site-packages/pluggy/_manager.py", line 115, in _hookexec
    return self._inner_hookexec(hook_name, methods, kwargs, firstresult)
  File "/workdir/CacheControl-0.12.11/.tox/cpythonlibtest-unit-test-tests/lib/python3.10/site-packages/pluggy/_callers.py", line 152, in _multicall
    return outcome.get_result()
  File "/workdir/CacheControl-0.12.11/.tox/cpythonlibtest-unit-test-tests/lib/python3.10/site-packages/pluggy/_result.py", line 114, in get_result
    raise exc.with_traceback(exc.__traceback__)
  File "/workdir/CacheControl-0.12.11/.tox/cpythonlibtest-unit-test-tests/lib/python3.10/site-packages/pluggy/_callers.py", line 77, in _multicall
    res = hook_impl.function(*args)
  File "/workdir/CacheControl-0.12.11/.tox/cpythonlibtest-unit-test-tests/lib/python3.10/site-packages/_pytest/runner.py", line 177, in pytest_runtest_call
    raise e
  File "/workdir/CacheControl-0.12.11/.tox/cpythonlibtest-unit-test-tests/lib/python3.10/site-packages/_pytest/runner.py", line 169, in pytest_runtest_call
    item.runtest()
  File "/workdir/CacheControl-0.12.11/.tox/cpythonlibtest-unit-test-tests/lib/python3.10/site-packages/_pytest/python.py", line 1792, in runtest
    self.ihook.pytest_pyfunc_call(pyfuncitem=self)
  File "/workdir/CacheControl-0.12.11/.tox/cpythonlibtest-unit-test-tests/lib/python3.10/site-packages/pluggy/_hooks.py", line 493, in __call__
    return self._hookexec(self.name, self._hookimpls, kwargs, firstresult)
  File "/workdir/CacheControl-0.12.11/.tox/cpythonlibtest-unit-test-tests/lib/python3.10/site-packages/pluggy/_manager.py", line 115, in _hookexec
    return self._inner_hookexec(hook_name, methods, kwargs, firstresult)
  File "/workdir/CacheControl-0.12.11/.tox/cpythonlibtest-unit-test-tests/lib/python3.10/site-packages/pluggy/_callers.py", line 113, in _multicall
    raise exception.with_traceback(exception.__traceback__)
  File "/workdir/CacheControl-0.12.11/.tox/cpythonlibtest-unit-test-tests/lib/python3.10/site-packages/pluggy/_callers.py", line 77, in _multicall
    res = hook_impl.function(*args)
  File "/workdir/CacheControl-0.12.11/.tox/cpythonlibtest-unit-test-tests/lib/python3.10/site-packages/_pytest/python.py", line 194, in pytest_pyfunc_call
    result = testfunction(**testargs)
  File "/workdir/CacheControl-0.12.11/tests/test_redirects.py", line 41, in test_multiple_choices_is_cacheable
    self.sess.get(url + "multiple_choices_redirect", allow_redirects=False)
  File "/workdir/CacheControl-0.12.11/.tox/cpythonlibtest-unit-test-tests/lib/python3.10/site-packages/requests/sessions.py", line 602, in get
    return self.request("GET", url, **kwargs)
  File "/workdir/CacheControl-0.12.11/.tox/cpythonlibtest-unit-test-tests/lib/python3.10/site-packages/requests/sessions.py", line 589, in request
    resp = self.send(prep, **send_kwargs)
  File "/workdir/CacheControl-0.12.11/.tox/cpythonlibtest-unit-test-tests/lib/python3.10/site-packages/requests/sessions.py", line 747, in send
    r.content
  File "/workdir/CacheControl-0.12.11/.tox/cpythonlibtest-unit-test-tests/lib/python3.10/site-packages/requests/models.py", line 899, in content
    self._content = b"".join(self.iter_content(CONTENT_CHUNK_SIZE)) or b""
  File "/workdir/CacheControl-0.12.11/.tox/cpythonlibtest-unit-test-tests/lib/python3.10/site-packages/requests/models.py", line 816, in generate
    yield from self.raw.stream(chunk_size, decode_content=True)
  File "/workdir/CacheControl-0.12.11/.tox/cpythonlibtest-unit-test-tests/lib/python3.10/site-packages/urllib3/response.py", line 931, in stream
    yield from self.read_chunked(amt, decode_content=decode_content)
  File "/workdir/CacheControl-0.12.11/.tox/cpythonlibtest-unit-test-tests/lib/python3.10/site-packages/urllib3/response.py", line 1071, in read_chunked
    self._update_chunk_length()
  File "/workdir/CacheControl-0.12.11/.tox/cpythonlibtest-unit-test-tests/lib/python3.10/site-packages/cachecontrol/adapter.py", line 117, in _update_chunk_length
    self._fp._close()
  File "/workdir/CacheControl-0.12.11/.tox/cpythonlibtest-unit-test-tests/lib/python3.10/site-packages/cachecontrol/filewrapper.py", line 76, in _close
    self.__callback(result)
  File "/workdir/CacheControl-0.12.11/.tox/cpythonlibtest-unit-test-tests/lib/python3.10/site-packages/cachecontrol/controller.py", line 370, in cache_response
    self._cache_set(
  File "/workdir/CacheControl-0.12.11/.tox/cpythonlibtest-unit-test-tests/lib/python3.10/site-packages/cachecontrol/controller.py", line 274, in _cache_set
    self.serializer.dumps(request, response, body),
  File "/workdir/CacheControl-0.12.11/.tox/cpythonlibtest-unit-test-tests/lib/python3.10/site-packages/cachecontrol/serialize.py", line 54, in dumps
    u"strict": response.strict,
AttributeError: 'HTTPResponse' object has no attribute 'strict'</failure></testcase><testcase classname="tests.test_redirects.TestMultipleChoicesRedirects" name="test_bust_cache_on_redirect" time="0.006"><failure message="AttributeError: 'HTTPResponse' object has no attribute 'strict'">Traceback (most recent call last):
  File "/workdir/CacheControl-0.12.11/.tox/cpythonlibtest-unit-test-tests/lib/python3.10/site-packages/_pytest/runner.py", line 341, in from_call
    result: Optional[TResult] = func()
  File "/workdir/CacheControl-0.12.11/.tox/cpythonlibtest-unit-test-tests/lib/python3.10/site-packages/_pytest/runner.py", line 262, in &lt;lambda&gt;
    lambda: ihook(item=item, **kwds), when=when, reraise=reraise
  File "/workdir/CacheControl-0.12.11/.tox/cpythonlibtest-unit-test-tests/lib/python3.10/site-packages/pluggy/_hooks.py", line 493, in __call__
    return self._hookexec(self.name, self._hookimpls, kwargs, firstresult)
  File "/workdir/CacheControl-0.12.11/.tox/cpythonlibtest-unit-test-tests/lib/python3.10/site-packages/pluggy/_manager.py", line 115, in _hookexec
    return self._inner_hookexec(hook_name, methods, kwargs, firstresult)
  File "/workdir/CacheControl-0.12.11/.tox/cpythonlibtest-unit-test-tests/lib/python3.10/site-packages/pluggy/_callers.py", line 152, in _multicall
    return outcome.get_result()
  File "/workdir/CacheControl-0.12.11/.tox/cpythonlibtest-unit-test-tests/lib/python3.10/site-packages/pluggy/_result.py", line 114, in get_result
    raise exc.with_traceback(exc.__traceback__)
  File "/workdir/CacheControl-0.12.11/.tox/cpythonlibtest-unit-test-tests/lib/python3.10/site-packages/pluggy/_callers.py", line 77, in _multicall
    res = hook_impl.function(*args)
  File "/workdir/CacheControl-0.12.11/.tox/cpythonlibtest-unit-test-tests/lib/python3.10/site-packages/_pytest/runner.py", line 177, in pytest_runtest_call
    raise e
  File "/workdir/CacheControl-0.12.11/.tox/cpythonlibtest-unit-test-tests/lib/python3.10/site-packages/_pytest/runner.py", line 169, in pytest_runtest_call
    item.runtest()
  File "/workdir/CacheControl-0.12.11/.tox/cpythonlibtest-unit-test-tests/lib/python3.10/site-packages/_pytest/python.py", line 1792, in runtest
    self.ihook.pytest_pyfunc_call(pyfuncitem=self)
  File "/workdir/CacheControl-0.12.11/.tox/cpythonlibtest-unit-test-tests/lib/python3.10/site-packages/pluggy/_hooks.py", line 493, in __call__
    return self._hookexec(self.name, self._hookimpls, kwargs, firstresult)
  File "/workdir/CacheControl-0.12.11/.tox/cpythonlibtest-unit-test-tests/lib/python3.10/site-packages/pluggy/_manager.py", line 115, in _hookexec
    return self._inner_hookexec(hook_name, methods, kwargs, firstresult)
  File "/workdir/CacheControl-0.12.11/.tox/cpythonlibtest-unit-test-tests/lib/python3.10/site-packages/pluggy/_callers.py", line 113, in _multicall
    raise exception.with_traceback(exception.__traceback__)
  File "/workdir/CacheControl-0.12.11/.tox/cpythonlibtest-unit-test-tests/lib/python3.10/site-packages/pluggy/_callers.py", line 77, in _multicall
    res = hook_impl.function(*args)
  File "/workdir/CacheControl-0.12.11/.tox/cpythonlibtest-unit-test-tests/lib/python3.10/site-packages/_pytest/python.py", line 194, in pytest_pyfunc_call
    result = testfunction(**testargs)
  File "/workdir/CacheControl-0.12.11/tests/test_redirects.py", line 48, in test_bust_cache_on_redirect
    self.sess.get(url + "multiple_choices_redirect", allow_redirects=False)
  File "/workdir/CacheControl-0.12.11/.tox/cpythonlibtest-unit-test-tests/lib/python3.10/site-packages/requests/sessions.py", line 602, in get
    return self.request("GET", url, **kwargs)
  File "/workdir/CacheControl-0.12.11/.tox/cpythonlibtest-unit-test-tests/lib/python3.10/site-packages/requests/sessions.py", line 589, in request
    resp = self.send(prep, **send_kwargs)
  File "/workdir/CacheControl-0.12.11/.tox/cpythonlibtest-unit-test-tests/lib/python3.10/site-packages/requests/sessions.py", line 747, in send
    r.content
  File "/workdir/CacheControl-0.12.11/.tox/cpythonlibtest-unit-test-tests/lib/python3.10/site-packages/requests/models.py", line 899, in content
    self._content = b"".join(self.iter_content(CONTENT_CHUNK_SIZE)) or b""
  File "/workdir/CacheControl-0.12.11/.tox/cpythonlibtest-unit-test-tests/lib/python3.10/site-packages/requests/models.py", line 816, in generate
    yield from self.raw.stream(chunk_size, decode_content=True)
  File "/workdir/CacheControl-0.12.11/.tox/cpythonlibtest-unit-test-tests/lib/python3.10/site-packages/urllib3/response.py", line 931, in stream
    yield from self.read_chunked(amt, decode_content=decode_content)
  File "/workdir/CacheControl-0.12.11/.tox/cpythonlibtest-unit-test-tests/lib/python3.10/site-packages/urllib3/response.py", line 1071, in read_chunked
    self._update_chunk_length()
  File "/workdir/CacheControl-0.12.11/.tox/cpythonlibtest-unit-test-tests/lib/python3.10/site-packages/cachecontrol/adapter.py", line 117, in _update_chunk_length
    self._fp._close()
  File "/workdir/CacheControl-0.12.11/.tox/cpythonlibtest-unit-test-tests/lib/python3.10/site-packages/cachecontrol/filewrapper.py", line 76, in _close
    self.__callback(result)
  File "/workdir/CacheControl-0.12.11/.tox/cpythonlibtest-unit-test-tests/lib/python3.10/site-packages/cachecontrol/controller.py", line 370, in cache_response
    self._cache_set(
  File "/workdir/CacheControl-0.12.11/.tox/cpythonlibtest-unit-test-tests/lib/python3.10/site-packages/cachecontrol/controller.py", line 274, in _cache_set
    self.serializer.dumps(request, response, body),
  File "/workdir/CacheControl-0.12.11/.tox/cpythonlibtest-unit-test-tests/lib/python3.10/site-packages/cachecontrol/serialize.py", line 54, in dumps
    u"strict": response.strict,
AttributeError: 'HTTPResponse' object has no attribute 'strict'</failure></testcase><testcase classname="tests.test_regressions.Test39" name="test_file_cache_recognizes_consumed_file_handle" time="0.005"><failure message="AttributeError: 'HTTPResponse' object has no attribute 'strict'">Traceback (most recent call last):
  File "/workdir/CacheControl-0.12.11/.tox/cpythonlibtest-unit-test-tests/lib/python3.10/site-packages/_pytest/runner.py", line 341, in from_call
    result: Optional[TResult] = func()
  File "/workdir/CacheControl-0.12.11/.tox/cpythonlibtest-unit-test-tests/lib/python3.10/site-packages/_pytest/runner.py", line 262, in &lt;lambda&gt;
    lambda: ihook(item=item, **kwds), when=when, reraise=reraise
  File "/workdir/CacheControl-0.12.11/.tox/cpythonlibtest-unit-test-tests/lib/python3.10/site-packages/pluggy/_hooks.py", line 493, in __call__
    return self._hookexec(self.name, self._hookimpls, kwargs, firstresult)
  File "/workdir/CacheControl-0.12.11/.tox/cpythonlibtest-unit-test-tests/lib/python3.10/site-packages/pluggy/_manager.py", line 115, in _hookexec
    return self._inner_hookexec(hook_name, methods, kwargs, firstresult)
  File "/workdir/CacheControl-0.12.11/.tox/cpythonlibtest-unit-test-tests/lib/python3.10/site-packages/pluggy/_callers.py", line 152, in _multicall
    return outcome.get_result()
  File "/workdir/CacheControl-0.12.11/.tox/cpythonlibtest-unit-test-tests/lib/python3.10/site-packages/pluggy/_result.py", line 114, in get_result
    raise exc.with_traceback(exc.__traceback__)
  File "/workdir/CacheControl-0.12.11/.tox/cpythonlibtest-unit-test-tests/lib/python3.10/site-packages/pluggy/_callers.py", line 77, in _multicall
    res = hook_impl.function(*args)
  File "/workdir/CacheControl-0.12.11/.tox/cpythonlibtest-unit-test-tests/lib/python3.10/site-packages/_pytest/runner.py", line 177, in pytest_runtest_call
    raise e
  File "/workdir/CacheControl-0.12.11/.tox/cpythonlibtest-unit-test-tests/lib/python3.10/site-packages/_pytest/runner.py", line 169, in pytest_runtest_call
    item.runtest()
  File "/workdir/CacheControl-0.12.11/.tox/cpythonlibtest-unit-test-tests/lib/python3.10/site-packages/_pytest/python.py", line 1792, in runtest
    self.ihook.pytest_pyfunc_call(pyfuncitem=self)
  File "/workdir/CacheControl-0.12.11/.tox/cpythonlibtest-unit-test-tests/lib/python3.10/site-packages/pluggy/_hooks.py", line 493, in __call__
    return self._hookexec(self.name, self._hookimpls, kwargs, firstresult)
  File "/workdir/CacheControl-0.12.11/.tox/cpythonlibtest-unit-test-tests/lib/python3.10/site-packages/pluggy/_manager.py", line 115, in _hookexec
    return self._inner_hookexec(hook_name, methods, kwargs, firstresult)
  File "/workdir/CacheControl-0.12.11/.tox/cpythonlibtest-unit-test-tests/lib/python3.10/site-packages/pluggy/_callers.py", line 113, in _multicall
    raise exception.with_traceback(exception.__traceback__)
  File "/workdir/CacheControl-0.12.11/.tox/cpythonlibtest-unit-test-tests/lib/python3.10/site-packages/pluggy/_callers.py", line 77, in _multicall
    res = hook_impl.function(*args)
  File "/workdir/CacheControl-0.12.11/.tox/cpythonlibtest-unit-test-tests/lib/python3.10/site-packages/_pytest/python.py", line 194, in pytest_pyfunc_call
    result = testfunction(**testargs)
  File "/workdir/CacheControl-0.12.11/tests/test_regressions.py", line 23, in test_file_cache_recognizes_consumed_file_handle
    s.get(the_url)
  File "/workdir/CacheControl-0.12.11/.tox/cpythonlibtest-unit-test-tests/lib/python3.10/site-packages/requests/sessions.py", line 602, in get
    return self.request("GET", url, **kwargs)
  File "/workdir/CacheControl-0.12.11/.tox/cpythonlibtest-unit-test-tests/lib/python3.10/site-packages/requests/sessions.py", line 589, in request
    resp = self.send(prep, **send_kwargs)
  File "/workdir/CacheControl-0.12.11/.tox/cpythonlibtest-unit-test-tests/lib/python3.10/site-packages/requests/sessions.py", line 747, in send
    r.content
  File "/workdir/CacheControl-0.12.11/.tox/cpythonlibtest-unit-test-tests/lib/python3.10/site-packages/requests/models.py", line 899, in content
    self._content = b"".join(self.iter_content(CONTENT_CHUNK_SIZE)) or b""
  File "/workdir/CacheControl-0.12.11/.tox/cpythonlibtest-unit-test-tests/lib/python3.10/site-packages/requests/models.py", line 816, in generate
    yield from self.raw.stream(chunk_size, decode_content=True)
  File "/workdir/CacheControl-0.12.11/.tox/cpythonlibtest-unit-test-tests/lib/python3.10/site-packages/urllib3/response.py", line 931, in stream
    yield from self.read_chunked(amt, decode_content=decode_content)
  File "/workdir/CacheControl-0.12.11/.tox/cpythonlibtest-unit-test-tests/lib/python3.10/site-packages/urllib3/response.py", line 1071, in read_chunked
    self._update_chunk_length()
  File "/workdir/CacheControl-0.12.11/.tox/cpythonlibtest-unit-test-tests/lib/python3.10/site-packages/cachecontrol/adapter.py", line 117, in _update_chunk_length
    self._fp._close()
  File "/workdir/CacheControl-0.12.11/.tox/cpythonlibtest-unit-test-tests/lib/python3.10/site-packages/cachecontrol/filewrapper.py", line 76, in _close
    self.__callback(result)
  File "/workdir/CacheControl-0.12.11/.tox/cpythonlibtest-unit-test-tests/lib/python3.10/site-packages/cachecontrol/controller.py", line 370, in cache_response
    self._cache_set(
  File "/workdir/CacheControl-0.12.11/.tox/cpythonlibtest-unit-test-tests/lib/python3.10/site-packages/cachecontrol/controller.py", line 274, in _cache_set
    self.serializer.dumps(request, response, body),
  File "/workdir/CacheControl-0.12.11/.tox/cpythonlibtest-unit-test-tests/lib/python3.10/site-packages/cachecontrol/serialize.py", line 54, in dumps
    u"strict": response.strict,
AttributeError: 'HTTPResponse' object has no attribute 'strict'</failure></testcase><testcase classname="tests.test_regressions" name="test_getattr_during_gc" time="0.002" /><testcase classname="tests.test_serialization.TestSerializer" name="test_load_by_version_v0" time="0.001" /><testcase classname="tests.test_serialization.TestSerializer" name="test_read_version_v1" time="0.002"><failure message="TypeError: HTTPResponse.__init__() got an unexpected keyword argument 'strict'">Traceback (most recent call last):
  File "/workdir/CacheControl-0.12.11/.tox/cpythonlibtest-unit-test-tests/lib/python3.10/site-packages/_pytest/runner.py", line 341, in from_call
    result: Optional[TResult] = func()
  File "/workdir/CacheControl-0.12.11/.tox/cpythonlibtest-unit-test-tests/lib/python3.10/site-packages/_pytest/runner.py", line 262, in &lt;lambda&gt;
    lambda: ihook(item=item, **kwds), when=when, reraise=reraise
  File "/workdir/CacheControl-0.12.11/.tox/cpythonlibtest-unit-test-tests/lib/python3.10/site-packages/pluggy/_hooks.py", line 493, in __call__
    return self._hookexec(self.name, self._hookimpls, kwargs, firstresult)
  File "/workdir/CacheControl-0.12.11/.tox/cpythonlibtest-unit-test-tests/lib/python3.10/site-packages/pluggy/_manager.py", line 115, in _hookexec
    return self._inner_hookexec(hook_name, methods, kwargs, firstresult)
  File "/workdir/CacheControl-0.12.11/.tox/cpythonlibtest-unit-test-tests/lib/python3.10/site-packages/pluggy/_callers.py", line 152, in _multicall
    return outcome.get_result()
  File "/workdir/CacheControl-0.12.11/.tox/cpythonlibtest-unit-test-tests/lib/python3.10/site-packages/pluggy/_result.py", line 114, in get_result
    raise exc.with_traceback(exc.__traceback__)
  File "/workdir/CacheControl-0.12.11/.tox/cpythonlibtest-unit-test-tests/lib/python3.10/site-packages/pluggy/_callers.py", line 77, in _multicall
    res = hook_impl.function(*args)
  File "/workdir/CacheControl-0.12.11/.tox/cpythonlibtest-unit-test-tests/lib/python3.10/site-packages/_pytest/runner.py", line 177, in pytest_runtest_call
    raise e
  File "/workdir/CacheControl-0.12.11/.tox/cpythonlibtest-unit-test-tests/lib/python3.10/site-packages/_pytest/runner.py", line 169, in pytest_runtest_call
    item.runtest()
  File "/workdir/CacheControl-0.12.11/.tox/cpythonlibtest-unit-test-tests/lib/python3.10/site-packages/_pytest/python.py", line 1792, in runtest
    self.ihook.pytest_pyfunc_call(pyfuncitem=self)
  File "/workdir/CacheControl-0.12.11/.tox/cpythonlibtest-unit-test-tests/lib/python3.10/site-packages/pluggy/_hooks.py", line 493, in __call__
    return self._hookexec(self.name, self._hookimpls, kwargs, firstresult)
  File "/workdir/CacheControl-0.12.11/.tox/cpythonlibtest-unit-test-tests/lib/python3.10/site-packages/pluggy/_manager.py", line 115, in _hookexec
    return self._inner_hookexec(hook_name, methods, kwargs, firstresult)
  File "/workdir/CacheControl-0.12.11/.tox/cpythonlibtest-unit-test-tests/lib/python3.10/site-packages/pluggy/_callers.py", line 113, in _multicall
    raise exception.with_traceback(exception.__traceback__)
  File "/workdir/CacheControl-0.12.11/.tox/cpythonlibtest-unit-test-tests/lib/python3.10/site-packages/pluggy/_callers.py", line 77, in _multicall
    res = hook_impl.function(*args)
  File "/workdir/CacheControl-0.12.11/.tox/cpythonlibtest-unit-test-tests/lib/python3.10/site-packages/_pytest/python.py", line 194, in pytest_pyfunc_call
    result = testfunction(**testargs)
  File "/workdir/CacheControl-0.12.11/tests/test_serialization.py", line 43, in test_read_version_v1
    resp = self.serializer._loads_v1(req, pickle.dumps(self.response_data))
  File "/workdir/CacheControl-0.12.11/.tox/cpythonlibtest-unit-test-tests/lib/python3.10/site-packages/cachecontrol/serialize.py", line 155, in _loads_v1
    return self.prepare_response(request, cached, body_file)
  File "/workdir/CacheControl-0.12.11/.tox/cpythonlibtest-unit-test-tests/lib/python3.10/site-packages/cachecontrol/serialize.py", line 141, in prepare_response
    return HTTPResponse(body=body, preload_content=False, **cached["response"])
TypeError: HTTPResponse.__init__() got an unexpected keyword argument 'strict'</failure></testcase><testcase classname="tests.test_serialization.TestSerializer" name="test_read_version_v2" time="0.002"><failure message="TypeError: HTTPResponse.__init__() got an unexpected keyword argument 'strict'">Traceback (most recent call last):
  File "/workdir/CacheControl-0.12.11/.tox/cpythonlibtest-unit-test-tests/lib/python3.10/site-packages/_pytest/runner.py", line 341, in from_call
    result: Optional[TResult] = func()
  File "/workdir/CacheControl-0.12.11/.tox/cpythonlibtest-unit-test-tests/lib/python3.10/site-packages/_pytest/runner.py", line 262, in &lt;lambda&gt;
    lambda: ihook(item=item, **kwds), when=when, reraise=reraise
  File "/workdir/CacheControl-0.12.11/.tox/cpythonlibtest-unit-test-tests/lib/python3.10/site-packages/pluggy/_hooks.py", line 493, in __call__
    return self._hookexec(self.name, self._hookimpls, kwargs, firstresult)
  File "/workdir/CacheControl-0.12.11/.tox/cpythonlibtest-unit-test-tests/lib/python3.10/site-packages/pluggy/_manager.py", line 115, in _hookexec
    return self._inner_hookexec(hook_name, methods, kwargs, firstresult)
  File "/workdir/CacheControl-0.12.11/.tox/cpythonlibtest-unit-test-tests/lib/python3.10/site-packages/pluggy/_callers.py", line 152, in _multicall
    return outcome.get_result()
  File "/workdir/CacheControl-0.12.11/.tox/cpythonlibtest-unit-test-tests/lib/python3.10/site-packages/pluggy/_result.py", line 114, in get_result
    raise exc.with_traceback(exc.__traceback__)
  File "/workdir/CacheControl-0.12.11/.tox/cpythonlibtest-unit-test-tests/lib/python3.10/site-packages/pluggy/_callers.py", line 77, in _multicall
    res = hook_impl.function(*args)
  File "/workdir/CacheControl-0.12.11/.tox/cpythonlibtest-unit-test-tests/lib/python3.10/site-packages/_pytest/runner.py", line 177, in pytest_runtest_call
    raise e
  File "/workdir/CacheControl-0.12.11/.tox/cpythonlibtest-unit-test-tests/lib/python3.10/site-packages/_pytest/runner.py", line 169, in pytest_runtest_call
    item.runtest()
  File "/workdir/CacheControl-0.12.11/.tox/cpythonlibtest-unit-test-tests/lib/python3.10/site-packages/_pytest/python.py", line 1792, in runtest
    self.ihook.pytest_pyfunc_call(pyfuncitem=self)
  File "/workdir/CacheControl-0.12.11/.tox/cpythonlibtest-unit-test-tests/lib/python3.10/site-packages/pluggy/_hooks.py", line 493, in __call__
    return self._hookexec(self.name, self._hookimpls, kwargs, firstresult)
  File "/workdir/CacheControl-0.12.11/.tox/cpythonlibtest-unit-test-tests/lib/python3.10/site-packages/pluggy/_manager.py", line 115, in _hookexec
    return self._inner_hookexec(hook_name, methods, kwargs, firstresult)
  File "/workdir/CacheControl-0.12.11/.tox/cpythonlibtest-unit-test-tests/lib/python3.10/site-packages/pluggy/_callers.py", line 113, in _multicall
    raise exception.with_traceback(exception.__traceback__)
  File "/workdir/CacheControl-0.12.11/.tox/cpythonlibtest-unit-test-tests/lib/python3.10/site-packages/pluggy/_callers.py", line 77, in _multicall
    res = hook_impl.function(*args)
  File "/workdir/CacheControl-0.12.11/.tox/cpythonlibtest-unit-test-tests/lib/python3.10/site-packages/_pytest/python.py", line 194, in pytest_pyfunc_call
    result = testfunction(**testargs)
  File "/workdir/CacheControl-0.12.11/tests/test_serialization.py", line 50, in test_read_version_v2
    resp = self.serializer._loads_v2(req, compressed_base64_json)
  File "/workdir/CacheControl-0.12.11/.tox/cpythonlibtest-unit-test-tests/lib/python3.10/site-packages/cachecontrol/serialize.py", line 176, in _loads_v2
    return self.prepare_response(request, cached, body_file)
  File "/workdir/CacheControl-0.12.11/.tox/cpythonlibtest-unit-test-tests/lib/python3.10/site-packages/cachecontrol/serialize.py", line 141, in prepare_response
    return HTTPResponse(body=body, preload_content=False, **cached["response"])
TypeError: HTTPResponse.__init__() got an unexpected keyword argument 'strict'</failure></testcase><testcase classname="tests.test_serialization.TestSerializer" name="test_load_by_version_v3" time="0.001" /><testcase classname="tests.test_serialization.TestSerializer" name="test_read_version_v4" time="0.001"><failure message="TypeError: HTTPResponse.__init__() got an unexpected keyword argument 'strict'">Traceback (most recent call last):
  File "/workdir/CacheControl-0.12.11/.tox/cpythonlibtest-unit-test-tests/lib/python3.10/site-packages/_pytest/runner.py", line 341, in from_call
    result: Optional[TResult] = func()
  File "/workdir/CacheControl-0.12.11/.tox/cpythonlibtest-unit-test-tests/lib/python3.10/site-packages/_pytest/runner.py", line 262, in &lt;lambda&gt;
    lambda: ihook(item=item, **kwds), when=when, reraise=reraise
  File "/workdir/CacheControl-0.12.11/.tox/cpythonlibtest-unit-test-tests/lib/python3.10/site-packages/pluggy/_hooks.py", line 493, in __call__
    return self._hookexec(self.name, self._hookimpls, kwargs, firstresult)
  File "/workdir/CacheControl-0.12.11/.tox/cpythonlibtest-unit-test-tests/lib/python3.10/site-packages/pluggy/_manager.py", line 115, in _hookexec
    return self._inner_hookexec(hook_name, methods, kwargs, firstresult)
  File "/workdir/CacheControl-0.12.11/.tox/cpythonlibtest-unit-test-tests/lib/python3.10/site-packages/pluggy/_callers.py", line 152, in _multicall
    return outcome.get_result()
  File "/workdir/CacheControl-0.12.11/.tox/cpythonlibtest-unit-test-tests/lib/python3.10/site-packages/pluggy/_result.py", line 114, in get_result
    raise exc.with_traceback(exc.__traceback__)
  File "/workdir/CacheControl-0.12.11/.tox/cpythonlibtest-unit-test-tests/lib/python3.10/site-packages/pluggy/_callers.py", line 77, in _multicall
    res = hook_impl.function(*args)
  File "/workdir/CacheControl-0.12.11/.tox/cpythonlibtest-unit-test-tests/lib/python3.10/site-packages/_pytest/runner.py", line 177, in pytest_runtest_call
    raise e
  File "/workdir/CacheControl-0.12.11/.tox/cpythonlibtest-unit-test-tests/lib/python3.10/site-packages/_pytest/runner.py", line 169, in pytest_runtest_call
    item.runtest()
  File "/workdir/CacheControl-0.12.11/.tox/cpythonlibtest-unit-test-tests/lib/python3.10/site-packages/_pytest/python.py", line 1792, in runtest
    self.ihook.pytest_pyfunc_call(pyfuncitem=self)
  File "/workdir/CacheControl-0.12.11/.tox/cpythonlibtest-unit-test-tests/lib/python3.10/site-packages/pluggy/_hooks.py", line 493, in __call__
    return self._hookexec(self.name, self._hookimpls, kwargs, firstresult)
  File "/workdir/CacheControl-0.12.11/.tox/cpythonlibtest-unit-test-tests/lib/python3.10/site-packages/pluggy/_manager.py", line 115, in _hookexec
    return self._inner_hookexec(hook_name, methods, kwargs, firstresult)
  File "/workdir/CacheControl-0.12.11/.tox/cpythonlibtest-unit-test-tests/lib/python3.10/site-packages/pluggy/_callers.py", line 113, in _multicall
    raise exception.with_traceback(exception.__traceback__)
  File "/workdir/CacheControl-0.12.11/.tox/cpythonlibtest-unit-test-tests/lib/python3.10/site-packages/pluggy/_callers.py", line 77, in _multicall
    res = hook_impl.function(*args)
  File "/workdir/CacheControl-0.12.11/.tox/cpythonlibtest-unit-test-tests/lib/python3.10/site-packages/_pytest/python.py", line 194, in pytest_pyfunc_call
    result = testfunction(**testargs)
  File "/workdir/CacheControl-0.12.11/tests/test_serialization.py", line 62, in test_read_version_v4
    resp = self.serializer._loads_v4(req, msgpack.dumps(self.response_data))
  File "/workdir/CacheControl-0.12.11/.tox/cpythonlibtest-unit-test-tests/lib/python3.10/site-packages/cachecontrol/serialize.py", line 190, in _loads_v4
    return self.prepare_response(request, cached, body_file)
  File "/workdir/CacheControl-0.12.11/.tox/cpythonlibtest-unit-test-tests/lib/python3.10/site-packages/cachecontrol/serialize.py", line 141, in prepare_response
    return HTTPResponse(body=body, preload_content=False, **cached["response"])
TypeError: HTTPResponse.__init__() got an unexpected keyword argument 'strict'</failure></testcase><testcase classname="tests.test_serialization.TestSerializer" name="test_read_v1_serialized_with_py2_TypeError" time="0.002"><failure message="TypeError: HTTPResponse.__init__() got an unexpected keyword argument 'strict'">Traceback (most recent call last):
  File "/workdir/CacheControl-0.12.11/.tox/cpythonlibtest-unit-test-tests/lib/python3.10/site-packages/_pytest/runner.py", line 341, in from_call
    result: Optional[TResult] = func()
  File "/workdir/CacheControl-0.12.11/.tox/cpythonlibtest-unit-test-tests/lib/python3.10/site-packages/_pytest/runner.py", line 262, in &lt;lambda&gt;
    lambda: ihook(item=item, **kwds), when=when, reraise=reraise
  File "/workdir/CacheControl-0.12.11/.tox/cpythonlibtest-unit-test-tests/lib/python3.10/site-packages/pluggy/_hooks.py", line 493, in __call__
    return self._hookexec(self.name, self._hookimpls, kwargs, firstresult)
  File "/workdir/CacheControl-0.12.11/.tox/cpythonlibtest-unit-test-tests/lib/python3.10/site-packages/pluggy/_manager.py", line 115, in _hookexec
    return self._inner_hookexec(hook_name, methods, kwargs, firstresult)
  File "/workdir/CacheControl-0.12.11/.tox/cpythonlibtest-unit-test-tests/lib/python3.10/site-packages/pluggy/_callers.py", line 152, in _multicall
    return outcome.get_result()
  File "/workdir/CacheControl-0.12.11/.tox/cpythonlibtest-unit-test-tests/lib/python3.10/site-packages/pluggy/_result.py", line 114, in get_result
    raise exc.with_traceback(exc.__traceback__)
  File "/workdir/CacheControl-0.12.11/.tox/cpythonlibtest-unit-test-tests/lib/python3.10/site-packages/pluggy/_callers.py", line 77, in _multicall
    res = hook_impl.function(*args)
  File "/workdir/CacheControl-0.12.11/.tox/cpythonlibtest-unit-test-tests/lib/python3.10/site-packages/_pytest/runner.py", line 177, in pytest_runtest_call
    raise e
  File "/workdir/CacheControl-0.12.11/.tox/cpythonlibtest-unit-test-tests/lib/python3.10/site-packages/_pytest/runner.py", line 169, in pytest_runtest_call
    item.runtest()
  File "/workdir/CacheControl-0.12.11/.tox/cpythonlibtest-unit-test-tests/lib/python3.10/site-packages/_pytest/python.py", line 1792, in runtest
    self.ihook.pytest_pyfunc_call(pyfuncitem=self)
  File "/workdir/CacheControl-0.12.11/.tox/cpythonlibtest-unit-test-tests/lib/python3.10/site-packages/pluggy/_hooks.py", line 493, in __call__
    return self._hookexec(self.name, self._hookimpls, kwargs, firstresult)
  File "/workdir/CacheControl-0.12.11/.tox/cpythonlibtest-unit-test-tests/lib/python3.10/site-packages/pluggy/_manager.py", line 115, in _hookexec
    return self._inner_hookexec(hook_name, methods, kwargs, firstresult)
  File "/workdir/CacheControl-0.12.11/.tox/cpythonlibtest-unit-test-tests/lib/python3.10/site-packages/pluggy/_callers.py", line 113, in _multicall
    raise exception.with_traceback(exception.__traceback__)
  File "/workdir/CacheControl-0.12.11/.tox/cpythonlibtest-unit-test-tests/lib/python3.10/site-packages/pluggy/_callers.py", line 77, in _multicall
    res = hook_impl.function(*args)
  File "/workdir/CacheControl-0.12.11/.tox/cpythonlibtest-unit-test-tests/lib/python3.10/site-packages/_pytest/python.py", line 194, in pytest_pyfunc_call
    result = testfunction(**testargs)
  File "/workdir/CacheControl-0.12.11/tests/test_serialization.py", line 81, in test_read_v1_serialized_with_py2_TypeError
    resp = self.serializer._loads_v1(req, py2_pickled_data)
  File "/workdir/CacheControl-0.12.11/.tox/cpythonlibtest-unit-test-tests/lib/python3.10/site-packages/cachecontrol/serialize.py", line 155, in _loads_v1
    return self.prepare_response(request, cached, body_file)
  File "/workdir/CacheControl-0.12.11/.tox/cpythonlibtest-unit-test-tests/lib/python3.10/site-packages/cachecontrol/serialize.py", line 141, in prepare_response
    return HTTPResponse(body=body, preload_content=False, **cached["response"])
TypeError: HTTPResponse.__init__() got an unexpected keyword argument 'strict'</failure></testcase><testcase classname="tests.test_serialization.TestSerializer" name="test_read_v2_corrupted_cache" time="0.001" /><testcase classname="tests.test_serialization.TestSerializer" name="test_read_latest_version_streamable" time="0.006"><failure message="AttributeError: 'HTTPResponse' object has no attribute 'strict'">Traceback (most recent call last):
  File "/workdir/CacheControl-0.12.11/.tox/cpythonlibtest-unit-test-tests/lib/python3.10/site-packages/_pytest/runner.py", line 341, in from_call
    result: Optional[TResult] = func()
  File "/workdir/CacheControl-0.12.11/.tox/cpythonlibtest-unit-test-tests/lib/python3.10/site-packages/_pytest/runner.py", line 262, in &lt;lambda&gt;
    lambda: ihook(item=item, **kwds), when=when, reraise=reraise
  File "/workdir/CacheControl-0.12.11/.tox/cpythonlibtest-unit-test-tests/lib/python3.10/site-packages/pluggy/_hooks.py", line 493, in __call__
    return self._hookexec(self.name, self._hookimpls, kwargs, firstresult)
  File "/workdir/CacheControl-0.12.11/.tox/cpythonlibtest-unit-test-tests/lib/python3.10/site-packages/pluggy/_manager.py", line 115, in _hookexec
    return self._inner_hookexec(hook_name, methods, kwargs, firstresult)
  File "/workdir/CacheControl-0.12.11/.tox/cpythonlibtest-unit-test-tests/lib/python3.10/site-packages/pluggy/_callers.py", line 152, in _multicall
    return outcome.get_result()
  File "/workdir/CacheControl-0.12.11/.tox/cpythonlibtest-unit-test-tests/lib/python3.10/site-packages/pluggy/_result.py", line 114, in get_result
    raise exc.with_traceback(exc.__traceback__)
  File "/workdir/CacheControl-0.12.11/.tox/cpythonlibtest-unit-test-tests/lib/python3.10/site-packages/pluggy/_callers.py", line 77, in _multicall
    res = hook_impl.function(*args)
  File "/workdir/CacheControl-0.12.11/.tox/cpythonlibtest-unit-test-tests/lib/python3.10/site-packages/_pytest/runner.py", line 177, in pytest_runtest_call
    raise e
  File "/workdir/CacheControl-0.12.11/.tox/cpythonlibtest-unit-test-tests/lib/python3.10/site-packages/_pytest/runner.py", line 169, in pytest_runtest_call
    item.runtest()
  File "/workdir/CacheControl-0.12.11/.tox/cpythonlibtest-unit-test-tests/lib/python3.10/site-packages/_pytest/python.py", line 1792, in runtest
    self.ihook.pytest_pyfunc_call(pyfuncitem=self)
  File "/workdir/CacheControl-0.12.11/.tox/cpythonlibtest-unit-test-tests/lib/python3.10/site-packages/pluggy/_hooks.py", line 493, in __call__
    return self._hookexec(self.name, self._hookimpls, kwargs, firstresult)
  File "/workdir/CacheControl-0.12.11/.tox/cpythonlibtest-unit-test-tests/lib/python3.10/site-packages/pluggy/_manager.py", line 115, in _hookexec
    return self._inner_hookexec(hook_name, methods, kwargs, firstresult)
  File "/workdir/CacheControl-0.12.11/.tox/cpythonlibtest-unit-test-tests/lib/python3.10/site-packages/pluggy/_callers.py", line 113, in _multicall
    raise exception.with_traceback(exception.__traceback__)
  File "/workdir/CacheControl-0.12.11/.tox/cpythonlibtest-unit-test-tests/lib/python3.10/site-packages/pluggy/_callers.py", line 77, in _multicall
    res = hook_impl.function(*args)
  File "/workdir/CacheControl-0.12.11/.tox/cpythonlibtest-unit-test-tests/lib/python3.10/site-packages/_pytest/python.py", line 194, in pytest_pyfunc_call
    result = testfunction(**testargs)
  File "/workdir/CacheControl-0.12.11/tests/test_serialization.py", line 96, in test_read_latest_version_streamable
    req, self.serializer.dumps(req, original_resp.raw, original_resp.content)
  File "/workdir/CacheControl-0.12.11/.tox/cpythonlibtest-unit-test-tests/lib/python3.10/site-packages/cachecontrol/serialize.py", line 54, in dumps
    u"strict": response.strict,
AttributeError: 'HTTPResponse' object has no attribute 'strict'</failure></testcase><testcase classname="tests.test_serialization.TestSerializer" name="test_read_latest_version" time="0.008"><failure message="AttributeError: 'HTTPResponse' object has no attribute 'strict'">Traceback (most recent call last):
  File "/workdir/CacheControl-0.12.11/.tox/cpythonlibtest-unit-test-tests/lib/python3.10/site-packages/_pytest/runner.py", line 341, in from_call
    result: Optional[TResult] = func()
  File "/workdir/CacheControl-0.12.11/.tox/cpythonlibtest-unit-test-tests/lib/python3.10/site-packages/_pytest/runner.py", line 262, in &lt;lambda&gt;
    lambda: ihook(item=item, **kwds), when=when, reraise=reraise
  File "/workdir/CacheControl-0.12.11/.tox/cpythonlibtest-unit-test-tests/lib/python3.10/site-packages/pluggy/_hooks.py", line 493, in __call__
    return self._hookexec(self.name, self._hookimpls, kwargs, firstresult)
  File "/workdir/CacheControl-0.12.11/.tox/cpythonlibtest-unit-test-tests/lib/python3.10/site-packages/pluggy/_manager.py", line 115, in _hookexec
    return self._inner_hookexec(hook_name, methods, kwargs, firstresult)
  File "/workdir/CacheControl-0.12.11/.tox/cpythonlibtest-unit-test-tests/lib/python3.10/site-packages/pluggy/_callers.py", line 152, in _multicall
    return outcome.get_result()
  File "/workdir/CacheControl-0.12.11/.tox/cpythonlibtest-unit-test-tests/lib/python3.10/site-packages/pluggy/_result.py", line 114, in get_result
    raise exc.with_traceback(exc.__traceback__)
  File "/workdir/CacheControl-0.12.11/.tox/cpythonlibtest-unit-test-tests/lib/python3.10/site-packages/pluggy/_callers.py", line 77, in _multicall
    res = hook_impl.function(*args)
  File "/workdir/CacheControl-0.12.11/.tox/cpythonlibtest-unit-test-tests/lib/python3.10/site-packages/_pytest/runner.py", line 177, in pytest_runtest_call
    raise e
  File "/workdir/CacheControl-0.12.11/.tox/cpythonlibtest-unit-test-tests/lib/python3.10/site-packages/_pytest/runner.py", line 169, in pytest_runtest_call
    item.runtest()
  File "/workdir/CacheControl-0.12.11/.tox/cpythonlibtest-unit-test-tests/lib/python3.10/site-packages/_pytest/python.py", line 1792, in runtest
    self.ihook.pytest_pyfunc_call(pyfuncitem=self)
  File "/workdir/CacheControl-0.12.11/.tox/cpythonlibtest-unit-test-tests/lib/python3.10/site-packages/pluggy/_hooks.py", line 493, in __call__
    return self._hookexec(self.name, self._hookimpls, kwargs, firstresult)
  File "/workdir/CacheControl-0.12.11/.tox/cpythonlibtest-unit-test-tests/lib/python3.10/site-packages/pluggy/_manager.py", line 115, in _hookexec
    return self._inner_hookexec(hook_name, methods, kwargs, firstresult)
  File "/workdir/CacheControl-0.12.11/.tox/cpythonlibtest-unit-test-tests/lib/python3.10/site-packages/pluggy/_callers.py", line 113, in _multicall
    raise exception.with_traceback(exception.__traceback__)
  File "/workdir/CacheControl-0.12.11/.tox/cpythonlibtest-unit-test-tests/lib/python3.10/site-packages/pluggy/_callers.py", line 77, in _multicall
    res = hook_impl.function(*args)
  File "/workdir/CacheControl-0.12.11/.tox/cpythonlibtest-unit-test-tests/lib/python3.10/site-packages/_pytest/python.py", line 194, in pytest_pyfunc_call
    result = testfunction(**testargs)
  File "/workdir/CacheControl-0.12.11/tests/test_serialization.py", line 107, in test_read_latest_version
    req, self.serializer.dumps(req, original_resp.raw, data)
  File "/workdir/CacheControl-0.12.11/.tox/cpythonlibtest-unit-test-tests/lib/python3.10/site-packages/cachecontrol/serialize.py", line 54, in dumps
    u"strict": response.strict,
AttributeError: 'HTTPResponse' object has no attribute 'strict'</failure></testcase><testcase classname="tests.test_serialization.TestSerializer" name="test_no_vary_header" time="0.005"><failure message="AttributeError: 'HTTPResponse' object has no attribute 'strict'">Traceback (most recent call last):
  File "/workdir/CacheControl-0.12.11/.tox/cpythonlibtest-unit-test-tests/lib/python3.10/site-packages/_pytest/runner.py", line 341, in from_call
    result: Optional[TResult] = func()
  File "/workdir/CacheControl-0.12.11/.tox/cpythonlibtest-unit-test-tests/lib/python3.10/site-packages/_pytest/runner.py", line 262, in &lt;lambda&gt;
    lambda: ihook(item=item, **kwds), when=when, reraise=reraise
  File "/workdir/CacheControl-0.12.11/.tox/cpythonlibtest-unit-test-tests/lib/python3.10/site-packages/pluggy/_hooks.py", line 493, in __call__
    return self._hookexec(self.name, self._hookimpls, kwargs, firstresult)
  File "/workdir/CacheControl-0.12.11/.tox/cpythonlibtest-unit-test-tests/lib/python3.10/site-packages/pluggy/_manager.py", line 115, in _hookexec
    return self._inner_hookexec(hook_name, methods, kwargs, firstresult)
  File "/workdir/CacheControl-0.12.11/.tox/cpythonlibtest-unit-test-tests/lib/python3.10/site-packages/pluggy/_callers.py", line 152, in _multicall
    return outcome.get_result()
  File "/workdir/CacheControl-0.12.11/.tox/cpythonlibtest-unit-test-tests/lib/python3.10/site-packages/pluggy/_result.py", line 114, in get_result
    raise exc.with_traceback(exc.__traceback__)
  File "/workdir/CacheControl-0.12.11/.tox/cpythonlibtest-unit-test-tests/lib/python3.10/site-packages/pluggy/_callers.py", line 77, in _multicall
    res = hook_impl.function(*args)
  File "/workdir/CacheControl-0.12.11/.tox/cpythonlibtest-unit-test-tests/lib/python3.10/site-packages/_pytest/runner.py", line 177, in pytest_runtest_call
    raise e
  File "/workdir/CacheControl-0.12.11/.tox/cpythonlibtest-unit-test-tests/lib/python3.10/site-packages/_pytest/runner.py", line 169, in pytest_runtest_call
    item.runtest()
  File "/workdir/CacheControl-0.12.11/.tox/cpythonlibtest-unit-test-tests/lib/python3.10/site-packages/_pytest/python.py", line 1792, in runtest
    self.ihook.pytest_pyfunc_call(pyfuncitem=self)
  File "/workdir/CacheControl-0.12.11/.tox/cpythonlibtest-unit-test-tests/lib/python3.10/site-packages/pluggy/_hooks.py", line 493, in __call__
    return self._hookexec(self.name, self._hookimpls, kwargs, firstresult)
  File "/workdir/CacheControl-0.12.11/.tox/cpythonlibtest-unit-test-tests/lib/python3.10/site-packages/pluggy/_manager.py", line 115, in _hookexec
    return self._inner_hookexec(hook_name, methods, kwargs, firstresult)
  File "/workdir/CacheControl-0.12.11/.tox/cpythonlibtest-unit-test-tests/lib/python3.10/site-packages/pluggy/_callers.py", line 113, in _multicall
    raise exception.with_traceback(exception.__traceback__)
  File "/workdir/CacheControl-0.12.11/.tox/cpythonlibtest-unit-test-tests/lib/python3.10/site-packages/pluggy/_callers.py", line 77, in _multicall
    res = hook_impl.function(*args)
  File "/workdir/CacheControl-0.12.11/.tox/cpythonlibtest-unit-test-tests/lib/python3.10/site-packages/_pytest/python.py", line 194, in pytest_pyfunc_call
    result = testfunction(**testargs)
  File "/workdir/CacheControl-0.12.11/tests/test_serialization.py", line 121, in test_no_vary_header
    assert self.serializer.loads(
  File "/workdir/CacheControl-0.12.11/.tox/cpythonlibtest-unit-test-tests/lib/python3.10/site-packages/cachecontrol/serialize.py", line 54, in dumps
    u"strict": response.strict,
AttributeError: 'HTTPResponse' object has no attribute 'strict'</failure></testcase><testcase classname="tests.test_serialization.TestSerializer" name="test_no_body_creates_response_file_handle_on_dumps" time="0.005"><failure message="AttributeError: 'HTTPResponse' object has no attribute 'strict'">Traceback (most recent call last):
  File "/workdir/CacheControl-0.12.11/.tox/cpythonlibtest-unit-test-tests/lib/python3.10/site-packages/_pytest/runner.py", line 341, in from_call
    result: Optional[TResult] = func()
  File "/workdir/CacheControl-0.12.11/.tox/cpythonlibtest-unit-test-tests/lib/python3.10/site-packages/_pytest/runner.py", line 262, in &lt;lambda&gt;
    lambda: ihook(item=item, **kwds), when=when, reraise=reraise
  File "/workdir/CacheControl-0.12.11/.tox/cpythonlibtest-unit-test-tests/lib/python3.10/site-packages/pluggy/_hooks.py", line 493, in __call__
    return self._hookexec(self.name, self._hookimpls, kwargs, firstresult)
  File "/workdir/CacheControl-0.12.11/.tox/cpythonlibtest-unit-test-tests/lib/python3.10/site-packages/pluggy/_manager.py", line 115, in _hookexec
    return self._inner_hookexec(hook_name, methods, kwargs, firstresult)
  File "/workdir/CacheControl-0.12.11/.tox/cpythonlibtest-unit-test-tests/lib/python3.10/site-packages/pluggy/_callers.py", line 152, in _multicall
    return outcome.get_result()
  File "/workdir/CacheControl-0.12.11/.tox/cpythonlibtest-unit-test-tests/lib/python3.10/site-packages/pluggy/_result.py", line 114, in get_result
    raise exc.with_traceback(exc.__traceback__)
  File "/workdir/CacheControl-0.12.11/.tox/cpythonlibtest-unit-test-tests/lib/python3.10/site-packages/pluggy/_callers.py", line 77, in _multicall
    res = hook_impl.function(*args)
  File "/workdir/CacheControl-0.12.11/.tox/cpythonlibtest-unit-test-tests/lib/python3.10/site-packages/_pytest/runner.py", line 177, in pytest_runtest_call
    raise e
  File "/workdir/CacheControl-0.12.11/.tox/cpythonlibtest-unit-test-tests/lib/python3.10/site-packages/_pytest/runner.py", line 169, in pytest_runtest_call
    item.runtest()
  File "/workdir/CacheControl-0.12.11/.tox/cpythonlibtest-unit-test-tests/lib/python3.10/site-packages/_pytest/python.py", line 1792, in runtest
    self.ihook.pytest_pyfunc_call(pyfuncitem=self)
  File "/workdir/CacheControl-0.12.11/.tox/cpythonlibtest-unit-test-tests/lib/python3.10/site-packages/pluggy/_hooks.py", line 493, in __call__
    return self._hookexec(self.name, self._hookimpls, kwargs, firstresult)
  File "/workdir/CacheControl-0.12.11/.tox/cpythonlibtest-unit-test-tests/lib/python3.10/site-packages/pluggy/_manager.py", line 115, in _hookexec
    return self._inner_hookexec(hook_name, methods, kwargs, firstresult)
  File "/workdir/CacheControl-0.12.11/.tox/cpythonlibtest-unit-test-tests/lib/python3.10/site-packages/pluggy/_callers.py", line 113, in _multicall
    raise exception.with_traceback(exception.__traceback__)
  File "/workdir/CacheControl-0.12.11/.tox/cpythonlibtest-unit-test-tests/lib/python3.10/site-packages/pluggy/_callers.py", line 77, in _multicall
    res = hook_impl.function(*args)
  File "/workdir/CacheControl-0.12.11/.tox/cpythonlibtest-unit-test-tests/lib/python3.10/site-packages/_pytest/python.py", line 194, in pytest_pyfunc_call
    result = testfunction(**testargs)
  File "/workdir/CacheControl-0.12.11/tests/test_serialization.py", line 130, in test_no_body_creates_response_file_handle_on_dumps
    assert self.serializer.loads(
  File "/workdir/CacheControl-0.12.11/.tox/cpythonlibtest-unit-test-tests/lib/python3.10/site-packages/cachecontrol/serialize.py", line 54, in dumps
    u"strict": response.strict,
AttributeError: 'HTTPResponse' object has no attribute 'strict'</failure></testcase><testcase classname="tests.test_server_http_version" name="test_http11" time="0.004" /><testcase classname="tests.test_storage_filecache.TestFileCache" name="test_filecache_from_cache" time="0.008"><failure message="AttributeError: 'HTTPResponse' object has no attribute 'strict'">Traceback (most recent call last):
  File "/workdir/CacheControl-0.12.11/.tox/cpythonlibtest-unit-test-tests/lib/python3.10/site-packages/_pytest/runner.py", line 341, in from_call
    result: Optional[TResult] = func()
  File "/workdir/CacheControl-0.12.11/.tox/cpythonlibtest-unit-test-tests/lib/python3.10/site-packages/_pytest/runner.py", line 262, in &lt;lambda&gt;
    lambda: ihook(item=item, **kwds), when=when, reraise=reraise
  File "/workdir/CacheControl-0.12.11/.tox/cpythonlibtest-unit-test-tests/lib/python3.10/site-packages/pluggy/_hooks.py", line 493, in __call__
    return self._hookexec(self.name, self._hookimpls, kwargs, firstresult)
  File "/workdir/CacheControl-0.12.11/.tox/cpythonlibtest-unit-test-tests/lib/python3.10/site-packages/pluggy/_manager.py", line 115, in _hookexec
    return self._inner_hookexec(hook_name, methods, kwargs, firstresult)
  File "/workdir/CacheControl-0.12.11/.tox/cpythonlibtest-unit-test-tests/lib/python3.10/site-packages/pluggy/_callers.py", line 152, in _multicall
    return outcome.get_result()
  File "/workdir/CacheControl-0.12.11/.tox/cpythonlibtest-unit-test-tests/lib/python3.10/site-packages/pluggy/_result.py", line 114, in get_result
    raise exc.with_traceback(exc.__traceback__)
  File "/workdir/CacheControl-0.12.11/.tox/cpythonlibtest-unit-test-tests/lib/python3.10/site-packages/pluggy/_callers.py", line 77, in _multicall
    res = hook_impl.function(*args)
  File "/workdir/CacheControl-0.12.11/.tox/cpythonlibtest-unit-test-tests/lib/python3.10/site-packages/_pytest/runner.py", line 177, in pytest_runtest_call
    raise e
  File "/workdir/CacheControl-0.12.11/.tox/cpythonlibtest-unit-test-tests/lib/python3.10/site-packages/_pytest/runner.py", line 169, in pytest_runtest_call
    item.runtest()
  File "/workdir/CacheControl-0.12.11/.tox/cpythonlibtest-unit-test-tests/lib/python3.10/site-packages/_pytest/python.py", line 1792, in runtest
    self.ihook.pytest_pyfunc_call(pyfuncitem=self)
  File "/workdir/CacheControl-0.12.11/.tox/cpythonlibtest-unit-test-tests/lib/python3.10/site-packages/pluggy/_hooks.py", line 493, in __call__
    return self._hookexec(self.name, self._hookimpls, kwargs, firstresult)
  File "/workdir/CacheControl-0.12.11/.tox/cpythonlibtest-unit-test-tests/lib/python3.10/site-packages/pluggy/_manager.py", line 115, in _hookexec
    return self._inner_hookexec(hook_name, methods, kwargs, firstresult)
  File "/workdir/CacheControl-0.12.11/.tox/cpythonlibtest-unit-test-tests/lib/python3.10/site-packages/pluggy/_callers.py", line 113, in _multicall
    raise exception.with_traceback(exception.__traceback__)
  File "/workdir/CacheControl-0.12.11/.tox/cpythonlibtest-unit-test-tests/lib/python3.10/site-packages/pluggy/_callers.py", line 77, in _multicall
    res = hook_impl.function(*args)
  File "/workdir/CacheControl-0.12.11/.tox/cpythonlibtest-unit-test-tests/lib/python3.10/site-packages/_pytest/python.py", line 194, in pytest_pyfunc_call
    result = testfunction(**testargs)
  File "/workdir/CacheControl-0.12.11/tests/test_storage_filecache.py", line 43, in test_filecache_from_cache
    response = sess.get(self.url)
  File "/workdir/CacheControl-0.12.11/.tox/cpythonlibtest-unit-test-tests/lib/python3.10/site-packages/requests/sessions.py", line 602, in get
    return self.request("GET", url, **kwargs)
  File "/workdir/CacheControl-0.12.11/.tox/cpythonlibtest-unit-test-tests/lib/python3.10/site-packages/requests/sessions.py", line 589, in request
    resp = self.send(prep, **send_kwargs)
  File "/workdir/CacheControl-0.12.11/.tox/cpythonlibtest-unit-test-tests/lib/python3.10/site-packages/requests/sessions.py", line 747, in send
    r.content
  File "/workdir/CacheControl-0.12.11/.tox/cpythonlibtest-unit-test-tests/lib/python3.10/site-packages/requests/models.py", line 899, in content
    self._content = b"".join(self.iter_content(CONTENT_CHUNK_SIZE)) or b""
  File "/workdir/CacheControl-0.12.11/.tox/cpythonlibtest-unit-test-tests/lib/python3.10/site-packages/requests/models.py", line 816, in generate
    yield from self.raw.stream(chunk_size, decode_content=True)
  File "/workdir/CacheControl-0.12.11/.tox/cpythonlibtest-unit-test-tests/lib/python3.10/site-packages/urllib3/response.py", line 931, in stream
    yield from self.read_chunked(amt, decode_content=decode_content)
  File "/workdir/CacheControl-0.12.11/.tox/cpythonlibtest-unit-test-tests/lib/python3.10/site-packages/urllib3/response.py", line 1071, in read_chunked
    self._update_chunk_length()
  File "/workdir/CacheControl-0.12.11/.tox/cpythonlibtest-unit-test-tests/lib/python3.10/site-packages/cachecontrol/adapter.py", line 117, in _update_chunk_length
    self._fp._close()
  File "/workdir/CacheControl-0.12.11/.tox/cpythonlibtest-unit-test-tests/lib/python3.10/site-packages/cachecontrol/filewrapper.py", line 76, in _close
    self.__callback(result)
  File "/workdir/CacheControl-0.12.11/.tox/cpythonlibtest-unit-test-tests/lib/python3.10/site-packages/cachecontrol/controller.py", line 370, in cache_response
    self._cache_set(
  File "/workdir/CacheControl-0.12.11/.tox/cpythonlibtest-unit-test-tests/lib/python3.10/site-packages/cachecontrol/controller.py", line 274, in _cache_set
    self.serializer.dumps(request, response, body),
  File "/workdir/CacheControl-0.12.11/.tox/cpythonlibtest-unit-test-tests/lib/python3.10/site-packages/cachecontrol/serialize.py", line 54, in dumps
    u"strict": response.strict,
AttributeError: 'HTTPResponse' object has no attribute 'strict'</failure></testcase><testcase classname="tests.test_storage_filecache.TestFileCache" name="test_filecache_directory_not_exists" time="0.014"><failure message="AttributeError: 'HTTPResponse' object has no attribute 'strict'">Traceback (most recent call last):
  File "/workdir/CacheControl-0.12.11/.tox/cpythonlibtest-unit-test-tests/lib/python3.10/site-packages/_pytest/runner.py", line 341, in from_call
    result: Optional[TResult] = func()
  File "/workdir/CacheControl-0.12.11/.tox/cpythonlibtest-unit-test-tests/lib/python3.10/site-packages/_pytest/runner.py", line 262, in &lt;lambda&gt;
    lambda: ihook(item=item, **kwds), when=when, reraise=reraise
  File "/workdir/CacheControl-0.12.11/.tox/cpythonlibtest-unit-test-tests/lib/python3.10/site-packages/pluggy/_hooks.py", line 493, in __call__
    return self._hookexec(self.name, self._hookimpls, kwargs, firstresult)
  File "/workdir/CacheControl-0.12.11/.tox/cpythonlibtest-unit-test-tests/lib/python3.10/site-packages/pluggy/_manager.py", line 115, in _hookexec
    return self._inner_hookexec(hook_name, methods, kwargs, firstresult)
  File "/workdir/CacheControl-0.12.11/.tox/cpythonlibtest-unit-test-tests/lib/python3.10/site-packages/pluggy/_callers.py", line 152, in _multicall
    return outcome.get_result()
  File "/workdir/CacheControl-0.12.11/.tox/cpythonlibtest-unit-test-tests/lib/python3.10/site-packages/pluggy/_result.py", line 114, in get_result
    raise exc.with_traceback(exc.__traceback__)
  File "/workdir/CacheControl-0.12.11/.tox/cpythonlibtest-unit-test-tests/lib/python3.10/site-packages/pluggy/_callers.py", line 77, in _multicall
    res = hook_impl.function(*args)
  File "/workdir/CacheControl-0.12.11/.tox/cpythonlibtest-unit-test-tests/lib/python3.10/site-packages/_pytest/runner.py", line 177, in pytest_runtest_call
    raise e
  File "/workdir/CacheControl-0.12.11/.tox/cpythonlibtest-unit-test-tests/lib/python3.10/site-packages/_pytest/runner.py", line 169, in pytest_runtest_call
    item.runtest()
  File "/workdir/CacheControl-0.12.11/.tox/cpythonlibtest-unit-test-tests/lib/python3.10/site-packages/_pytest/python.py", line 1792, in runtest
    self.ihook.pytest_pyfunc_call(pyfuncitem=self)
  File "/workdir/CacheControl-0.12.11/.tox/cpythonlibtest-unit-test-tests/lib/python3.10/site-packages/pluggy/_hooks.py", line 493, in __call__
    return self._hookexec(self.name, self._hookimpls, kwargs, firstresult)
  File "/workdir/CacheControl-0.12.11/.tox/cpythonlibtest-unit-test-tests/lib/python3.10/site-packages/pluggy/_manager.py", line 115, in _hookexec
    return self._inner_hookexec(hook_name, methods, kwargs, firstresult)
  File "/workdir/CacheControl-0.12.11/.tox/cpythonlibtest-unit-test-tests/lib/python3.10/site-packages/pluggy/_callers.py", line 113, in _multicall
    raise exception.with_traceback(exception.__traceback__)
  File "/workdir/CacheControl-0.12.11/.tox/cpythonlibtest-unit-test-tests/lib/python3.10/site-packages/pluggy/_callers.py", line 77, in _multicall
    res = hook_impl.function(*args)
  File "/workdir/CacheControl-0.12.11/.tox/cpythonlibtest-unit-test-tests/lib/python3.10/site-packages/_pytest/python.py", line 194, in pytest_pyfunc_call
    result = testfunction(**testargs)
  File "/workdir/CacheControl-0.12.11/tests/test_storage_filecache.py", line 58, in test_filecache_directory_not_exists
    sess.get(url)
  File "/workdir/CacheControl-0.12.11/.tox/cpythonlibtest-unit-test-tests/lib/python3.10/site-packages/requests/sessions.py", line 602, in get
    return self.request("GET", url, **kwargs)
  File "/workdir/CacheControl-0.12.11/.tox/cpythonlibtest-unit-test-tests/lib/python3.10/site-packages/requests/sessions.py", line 589, in request
    resp = self.send(prep, **send_kwargs)
  File "/workdir/CacheControl-0.12.11/.tox/cpythonlibtest-unit-test-tests/lib/python3.10/site-packages/requests/sessions.py", line 747, in send
    r.content
  File "/workdir/CacheControl-0.12.11/.tox/cpythonlibtest-unit-test-tests/lib/python3.10/site-packages/requests/models.py", line 899, in content
    self._content = b"".join(self.iter_content(CONTENT_CHUNK_SIZE)) or b""
  File "/workdir/CacheControl-0.12.11/.tox/cpythonlibtest-unit-test-tests/lib/python3.10/site-packages/requests/models.py", line 816, in generate
    yield from self.raw.stream(chunk_size, decode_content=True)
  File "/workdir/CacheControl-0.12.11/.tox/cpythonlibtest-unit-test-tests/lib/python3.10/site-packages/urllib3/response.py", line 931, in stream
    yield from self.read_chunked(amt, decode_content=decode_content)
  File "/workdir/CacheControl-0.12.11/.tox/cpythonlibtest-unit-test-tests/lib/python3.10/site-packages/urllib3/response.py", line 1071, in read_chunked
    self._update_chunk_length()
  File "/workdir/CacheControl-0.12.11/.tox/cpythonlibtest-unit-test-tests/lib/python3.10/site-packages/cachecontrol/adapter.py", line 117, in _update_chunk_length
    self._fp._close()
  File "/workdir/CacheControl-0.12.11/.tox/cpythonlibtest-unit-test-tests/lib/python3.10/site-packages/cachecontrol/filewrapper.py", line 76, in _close
    self.__callback(result)
  File "/workdir/CacheControl-0.12.11/.tox/cpythonlibtest-unit-test-tests/lib/python3.10/site-packages/cachecontrol/controller.py", line 370, in cache_response
    self._cache_set(
  File "/workdir/CacheControl-0.12.11/.tox/cpythonlibtest-unit-test-tests/lib/python3.10/site-packages/cachecontrol/controller.py", line 274, in _cache_set
    self.serializer.dumps(request, response, body),
  File "/workdir/CacheControl-0.12.11/.tox/cpythonlibtest-unit-test-tests/lib/python3.10/site-packages/cachecontrol/serialize.py", line 54, in dumps
    u"strict": response.strict,
AttributeError: 'HTTPResponse' object has no attribute 'strict'</failure></testcase><testcase classname="tests.test_storage_filecache.TestFileCache" name="test_filecache_directory_already_exists" time="0.009"><failure message="AttributeError: 'HTTPResponse' object has no attribute 'strict'">Traceback (most recent call last):
  File "/workdir/CacheControl-0.12.11/.tox/cpythonlibtest-unit-test-tests/lib/python3.10/site-packages/_pytest/runner.py", line 341, in from_call
    result: Optional[TResult] = func()
  File "/workdir/CacheControl-0.12.11/.tox/cpythonlibtest-unit-test-tests/lib/python3.10/site-packages/_pytest/runner.py", line 262, in &lt;lambda&gt;
    lambda: ihook(item=item, **kwds), when=when, reraise=reraise
  File "/workdir/CacheControl-0.12.11/.tox/cpythonlibtest-unit-test-tests/lib/python3.10/site-packages/pluggy/_hooks.py", line 493, in __call__
    return self._hookexec(self.name, self._hookimpls, kwargs, firstresult)
  File "/workdir/CacheControl-0.12.11/.tox/cpythonlibtest-unit-test-tests/lib/python3.10/site-packages/pluggy/_manager.py", line 115, in _hookexec
    return self._inner_hookexec(hook_name, methods, kwargs, firstresult)
  File "/workdir/CacheControl-0.12.11/.tox/cpythonlibtest-unit-test-tests/lib/python3.10/site-packages/pluggy/_callers.py", line 152, in _multicall
    return outcome.get_result()
  File "/workdir/CacheControl-0.12.11/.tox/cpythonlibtest-unit-test-tests/lib/python3.10/site-packages/pluggy/_result.py", line 114, in get_result
    raise exc.with_traceback(exc.__traceback__)
  File "/workdir/CacheControl-0.12.11/.tox/cpythonlibtest-unit-test-tests/lib/python3.10/site-packages/pluggy/_callers.py", line 77, in _multicall
    res = hook_impl.function(*args)
  File "/workdir/CacheControl-0.12.11/.tox/cpythonlibtest-unit-test-tests/lib/python3.10/site-packages/_pytest/runner.py", line 177, in pytest_runtest_call
    raise e
  File "/workdir/CacheControl-0.12.11/.tox/cpythonlibtest-unit-test-tests/lib/python3.10/site-packages/_pytest/runner.py", line 169, in pytest_runtest_call
    item.runtest()
  File "/workdir/CacheControl-0.12.11/.tox/cpythonlibtest-unit-test-tests/lib/python3.10/site-packages/_pytest/python.py", line 1792, in runtest
    self.ihook.pytest_pyfunc_call(pyfuncitem=self)
  File "/workdir/CacheControl-0.12.11/.tox/cpythonlibtest-unit-test-tests/lib/python3.10/site-packages/pluggy/_hooks.py", line 493, in __call__
    return self._hookexec(self.name, self._hookimpls, kwargs, firstresult)
  File "/workdir/CacheControl-0.12.11/.tox/cpythonlibtest-unit-test-tests/lib/python3.10/site-packages/pluggy/_manager.py", line 115, in _hookexec
    return self._inner_hookexec(hook_name, methods, kwargs, firstresult)
  File "/workdir/CacheControl-0.12.11/.tox/cpythonlibtest-unit-test-tests/lib/python3.10/site-packages/pluggy/_callers.py", line 113, in _multicall
    raise exception.with_traceback(exception.__traceback__)
  File "/workdir/CacheControl-0.12.11/.tox/cpythonlibtest-unit-test-tests/lib/python3.10/site-packages/pluggy/_callers.py", line 77, in _multicall
    res = hook_impl.function(*args)
  File "/workdir/CacheControl-0.12.11/.tox/cpythonlibtest-unit-test-tests/lib/python3.10/site-packages/_pytest/python.py", line 194, in pytest_pyfunc_call
    result = testfunction(**testargs)
  File "/workdir/CacheControl-0.12.11/tests/test_storage_filecache.py", line 79, in test_filecache_directory_already_exists
    sess.get(url)
  File "/workdir/CacheControl-0.12.11/.tox/cpythonlibtest-unit-test-tests/lib/python3.10/site-packages/requests/sessions.py", line 602, in get
    return self.request("GET", url, **kwargs)
  File "/workdir/CacheControl-0.12.11/.tox/cpythonlibtest-unit-test-tests/lib/python3.10/site-packages/requests/sessions.py", line 589, in request
    resp = self.send(prep, **send_kwargs)
  File "/workdir/CacheControl-0.12.11/.tox/cpythonlibtest-unit-test-tests/lib/python3.10/site-packages/requests/sessions.py", line 747, in send
    r.content
  File "/workdir/CacheControl-0.12.11/.tox/cpythonlibtest-unit-test-tests/lib/python3.10/site-packages/requests/models.py", line 899, in content
    self._content = b"".join(self.iter_content(CONTENT_CHUNK_SIZE)) or b""
  File "/workdir/CacheControl-0.12.11/.tox/cpythonlibtest-unit-test-tests/lib/python3.10/site-packages/requests/models.py", line 816, in generate
    yield from self.raw.stream(chunk_size, decode_content=True)
  File "/workdir/CacheControl-0.12.11/.tox/cpythonlibtest-unit-test-tests/lib/python3.10/site-packages/urllib3/response.py", line 931, in stream
    yield from self.read_chunked(amt, decode_content=decode_content)
  File "/workdir/CacheControl-0.12.11/.tox/cpythonlibtest-unit-test-tests/lib/python3.10/site-packages/urllib3/response.py", line 1071, in read_chunked
    self._update_chunk_length()
  File "/workdir/CacheControl-0.12.11/.tox/cpythonlibtest-unit-test-tests/lib/python3.10/site-packages/cachecontrol/adapter.py", line 117, in _update_chunk_length
    self._fp._close()
  File "/workdir/CacheControl-0.12.11/.tox/cpythonlibtest-unit-test-tests/lib/python3.10/site-packages/cachecontrol/filewrapper.py", line 76, in _close
    self.__callback(result)
  File "/workdir/CacheControl-0.12.11/.tox/cpythonlibtest-unit-test-tests/lib/python3.10/site-packages/cachecontrol/controller.py", line 370, in cache_response
    self._cache_set(
  File "/workdir/CacheControl-0.12.11/.tox/cpythonlibtest-unit-test-tests/lib/python3.10/site-packages/cachecontrol/controller.py", line 274, in _cache_set
    self.serializer.dumps(request, response, body),
  File "/workdir/CacheControl-0.12.11/.tox/cpythonlibtest-unit-test-tests/lib/python3.10/site-packages/cachecontrol/serialize.py", line 54, in dumps
    u"strict": response.strict,
AttributeError: 'HTTPResponse' object has no attribute 'strict'</failure></testcase><testcase classname="tests.test_storage_filecache.TestFileCache" name="test_key_length" time="0.003" /><testcase classname="tests.test_storage_filecache.TestFileCache" name="test_cant_use_dir_and_lock_class" time="0.002" /><testcase classname="tests.test_storage_filecache.TestFileCache" name="test_simple_lockfile_arg[None-LinkLockFile]" time="0.002" /><testcase classname="tests.test_storage_filecache.TestFileCache" name="test_simple_lockfile_arg[True-MkdirLockFile]" time="0.002" /><testcase classname="tests.test_storage_filecache.TestFileCache" name="test_simple_lockfile_arg[False-LinkLockFile]" time="0.002" /><testcase classname="tests.test_storage_filecache.TestFileCache" name="test_lock_class" time="0.001" /><testcase classname="tests.test_storage_filecache.TestFileCache" name="test_filecache_with_delete_request" time="0.005" /><testcase classname="tests.test_storage_filecache.TestFileCache" name="test_filecache_with_put_request" time="0.006" /><testcase classname="tests.test_storage_filecache.TestFileCache" name="test_body_stored_inline" time="0.007"><failure message="AttributeError: 'HTTPResponse' object has no attribute 'strict'">Traceback (most recent call last):
  File "/workdir/CacheControl-0.12.11/.tox/cpythonlibtest-unit-test-tests/lib/python3.10/site-packages/_pytest/runner.py", line 341, in from_call
    result: Optional[TResult] = func()
  File "/workdir/CacheControl-0.12.11/.tox/cpythonlibtest-unit-test-tests/lib/python3.10/site-packages/_pytest/runner.py", line 262, in &lt;lambda&gt;
    lambda: ihook(item=item, **kwds), when=when, reraise=reraise
  File "/workdir/CacheControl-0.12.11/.tox/cpythonlibtest-unit-test-tests/lib/python3.10/site-packages/pluggy/_hooks.py", line 493, in __call__
    return self._hookexec(self.name, self._hookimpls, kwargs, firstresult)
  File "/workdir/CacheControl-0.12.11/.tox/cpythonlibtest-unit-test-tests/lib/python3.10/site-packages/pluggy/_manager.py", line 115, in _hookexec
    return self._inner_hookexec(hook_name, methods, kwargs, firstresult)
  File "/workdir/CacheControl-0.12.11/.tox/cpythonlibtest-unit-test-tests/lib/python3.10/site-packages/pluggy/_callers.py", line 152, in _multicall
    return outcome.get_result()
  File "/workdir/CacheControl-0.12.11/.tox/cpythonlibtest-unit-test-tests/lib/python3.10/site-packages/pluggy/_result.py", line 114, in get_result
    raise exc.with_traceback(exc.__traceback__)
  File "/workdir/CacheControl-0.12.11/.tox/cpythonlibtest-unit-test-tests/lib/python3.10/site-packages/pluggy/_callers.py", line 77, in _multicall
    res = hook_impl.function(*args)
  File "/workdir/CacheControl-0.12.11/.tox/cpythonlibtest-unit-test-tests/lib/python3.10/site-packages/_pytest/runner.py", line 177, in pytest_runtest_call
    raise e
  File "/workdir/CacheControl-0.12.11/.tox/cpythonlibtest-unit-test-tests/lib/python3.10/site-packages/_pytest/runner.py", line 169, in pytest_runtest_call
    item.runtest()
  File "/workdir/CacheControl-0.12.11/.tox/cpythonlibtest-unit-test-tests/lib/python3.10/site-packages/_pytest/python.py", line 1792, in runtest
    self.ihook.pytest_pyfunc_call(pyfuncitem=self)
  File "/workdir/CacheControl-0.12.11/.tox/cpythonlibtest-unit-test-tests/lib/python3.10/site-packages/pluggy/_hooks.py", line 493, in __call__
    return self._hookexec(self.name, self._hookimpls, kwargs, firstresult)
  File "/workdir/CacheControl-0.12.11/.tox/cpythonlibtest-unit-test-tests/lib/python3.10/site-packages/pluggy/_manager.py", line 115, in _hookexec
    return self._inner_hookexec(hook_name, methods, kwargs, firstresult)
  File "/workdir/CacheControl-0.12.11/.tox/cpythonlibtest-unit-test-tests/lib/python3.10/site-packages/pluggy/_callers.py", line 113, in _multicall
    raise exception.with_traceback(exception.__traceback__)
  File "/workdir/CacheControl-0.12.11/.tox/cpythonlibtest-unit-test-tests/lib/python3.10/site-packages/pluggy/_callers.py", line 77, in _multicall
    res = hook_impl.function(*args)
  File "/workdir/CacheControl-0.12.11/.tox/cpythonlibtest-unit-test-tests/lib/python3.10/site-packages/_pytest/python.py", line 194, in pytest_pyfunc_call
    result = testfunction(**testargs)
  File "/workdir/CacheControl-0.12.11/tests/test_storage_filecache.py", line 143, in test_body_stored_inline
    response = sess.get(url)
  File "/workdir/CacheControl-0.12.11/.tox/cpythonlibtest-unit-test-tests/lib/python3.10/site-packages/requests/sessions.py", line 602, in get
    return self.request("GET", url, **kwargs)
  File "/workdir/CacheControl-0.12.11/.tox/cpythonlibtest-unit-test-tests/lib/python3.10/site-packages/requests/sessions.py", line 589, in request
    resp = self.send(prep, **send_kwargs)
  File "/workdir/CacheControl-0.12.11/.tox/cpythonlibtest-unit-test-tests/lib/python3.10/site-packages/requests/sessions.py", line 747, in send
    r.content
  File "/workdir/CacheControl-0.12.11/.tox/cpythonlibtest-unit-test-tests/lib/python3.10/site-packages/requests/models.py", line 899, in content
    self._content = b"".join(self.iter_content(CONTENT_CHUNK_SIZE)) or b""
  File "/workdir/CacheControl-0.12.11/.tox/cpythonlibtest-unit-test-tests/lib/python3.10/site-packages/requests/models.py", line 816, in generate
    yield from self.raw.stream(chunk_size, decode_content=True)
  File "/workdir/CacheControl-0.12.11/.tox/cpythonlibtest-unit-test-tests/lib/python3.10/site-packages/urllib3/response.py", line 931, in stream
    yield from self.read_chunked(amt, decode_content=decode_content)
  File "/workdir/CacheControl-0.12.11/.tox/cpythonlibtest-unit-test-tests/lib/python3.10/site-packages/urllib3/response.py", line 1071, in read_chunked
    self._update_chunk_length()
  File "/workdir/CacheControl-0.12.11/.tox/cpythonlibtest-unit-test-tests/lib/python3.10/site-packages/cachecontrol/adapter.py", line 117, in _update_chunk_length
    self._fp._close()
  File "/workdir/CacheControl-0.12.11/.tox/cpythonlibtest-unit-test-tests/lib/python3.10/site-packages/cachecontrol/filewrapper.py", line 76, in _close
    self.__callback(result)
  File "/workdir/CacheControl-0.12.11/.tox/cpythonlibtest-unit-test-tests/lib/python3.10/site-packages/cachecontrol/controller.py", line 370, in cache_response
    self._cache_set(
  File "/workdir/CacheControl-0.12.11/.tox/cpythonlibtest-unit-test-tests/lib/python3.10/site-packages/cachecontrol/controller.py", line 274, in _cache_set
    self.serializer.dumps(request, response, body),
  File "/workdir/CacheControl-0.12.11/.tox/cpythonlibtest-unit-test-tests/lib/python3.10/site-packages/cachecontrol/serialize.py", line 54, in dumps
    u"strict": response.strict,
AttributeError: 'HTTPResponse' object has no attribute 'strict'</failure></testcase><testcase classname="tests.test_storage_filecache.TestSeparateBodyFileCache" name="test_filecache_from_cache" time="0.006"><failure message="AttributeError: 'HTTPResponse' object has no attribute 'strict'">Traceback (most recent call last):
  File "/workdir/CacheControl-0.12.11/.tox/cpythonlibtest-unit-test-tests/lib/python3.10/site-packages/_pytest/runner.py", line 341, in from_call
    result: Optional[TResult] = func()
  File "/workdir/CacheControl-0.12.11/.tox/cpythonlibtest-unit-test-tests/lib/python3.10/site-packages/_pytest/runner.py", line 262, in &lt;lambda&gt;
    lambda: ihook(item=item, **kwds), when=when, reraise=reraise
  File "/workdir/CacheControl-0.12.11/.tox/cpythonlibtest-unit-test-tests/lib/python3.10/site-packages/pluggy/_hooks.py", line 493, in __call__
    return self._hookexec(self.name, self._hookimpls, kwargs, firstresult)
  File "/workdir/CacheControl-0.12.11/.tox/cpythonlibtest-unit-test-tests/lib/python3.10/site-packages/pluggy/_manager.py", line 115, in _hookexec
    return self._inner_hookexec(hook_name, methods, kwargs, firstresult)
  File "/workdir/CacheControl-0.12.11/.tox/cpythonlibtest-unit-test-tests/lib/python3.10/site-packages/pluggy/_callers.py", line 152, in _multicall
    return outcome.get_result()
  File "/workdir/CacheControl-0.12.11/.tox/cpythonlibtest-unit-test-tests/lib/python3.10/site-packages/pluggy/_result.py", line 114, in get_result
    raise exc.with_traceback(exc.__traceback__)
  File "/workdir/CacheControl-0.12.11/.tox/cpythonlibtest-unit-test-tests/lib/python3.10/site-packages/pluggy/_callers.py", line 77, in _multicall
    res = hook_impl.function(*args)
  File "/workdir/CacheControl-0.12.11/.tox/cpythonlibtest-unit-test-tests/lib/python3.10/site-packages/_pytest/runner.py", line 177, in pytest_runtest_call
    raise e
  File "/workdir/CacheControl-0.12.11/.tox/cpythonlibtest-unit-test-tests/lib/python3.10/site-packages/_pytest/runner.py", line 169, in pytest_runtest_call
    item.runtest()
  File "/workdir/CacheControl-0.12.11/.tox/cpythonlibtest-unit-test-tests/lib/python3.10/site-packages/_pytest/python.py", line 1792, in runtest
    self.ihook.pytest_pyfunc_call(pyfuncitem=self)
  File "/workdir/CacheControl-0.12.11/.tox/cpythonlibtest-unit-test-tests/lib/python3.10/site-packages/pluggy/_hooks.py", line 493, in __call__
    return self._hookexec(self.name, self._hookimpls, kwargs, firstresult)
  File "/workdir/CacheControl-0.12.11/.tox/cpythonlibtest-unit-test-tests/lib/python3.10/site-packages/pluggy/_manager.py", line 115, in _hookexec
    return self._inner_hookexec(hook_name, methods, kwargs, firstresult)
  File "/workdir/CacheControl-0.12.11/.tox/cpythonlibtest-unit-test-tests/lib/python3.10/site-packages/pluggy/_callers.py", line 113, in _multicall
    raise exception.with_traceback(exception.__traceback__)
  File "/workdir/CacheControl-0.12.11/.tox/cpythonlibtest-unit-test-tests/lib/python3.10/site-packages/pluggy/_callers.py", line 77, in _multicall
    res = hook_impl.function(*args)
  File "/workdir/CacheControl-0.12.11/.tox/cpythonlibtest-unit-test-tests/lib/python3.10/site-packages/_pytest/python.py", line 194, in pytest_pyfunc_call
    result = testfunction(**testargs)
  File "/workdir/CacheControl-0.12.11/tests/test_storage_filecache.py", line 43, in test_filecache_from_cache
    response = sess.get(self.url)
  File "/workdir/CacheControl-0.12.11/.tox/cpythonlibtest-unit-test-tests/lib/python3.10/site-packages/requests/sessions.py", line 602, in get
    return self.request("GET", url, **kwargs)
  File "/workdir/CacheControl-0.12.11/.tox/cpythonlibtest-unit-test-tests/lib/python3.10/site-packages/requests/sessions.py", line 589, in request
    resp = self.send(prep, **send_kwargs)
  File "/workdir/CacheControl-0.12.11/.tox/cpythonlibtest-unit-test-tests/lib/python3.10/site-packages/requests/sessions.py", line 747, in send
    r.content
  File "/workdir/CacheControl-0.12.11/.tox/cpythonlibtest-unit-test-tests/lib/python3.10/site-packages/requests/models.py", line 899, in content
    self._content = b"".join(self.iter_content(CONTENT_CHUNK_SIZE)) or b""
  File "/workdir/CacheControl-0.12.11/.tox/cpythonlibtest-unit-test-tests/lib/python3.10/site-packages/requests/models.py", line 816, in generate
    yield from self.raw.stream(chunk_size, decode_content=True)
  File "/workdir/CacheControl-0.12.11/.tox/cpythonlibtest-unit-test-tests/lib/python3.10/site-packages/urllib3/response.py", line 931, in stream
    yield from self.read_chunked(amt, decode_content=decode_content)
  File "/workdir/CacheControl-0.12.11/.tox/cpythonlibtest-unit-test-tests/lib/python3.10/site-packages/urllib3/response.py", line 1071, in read_chunked
    self._update_chunk_length()
  File "/workdir/CacheControl-0.12.11/.tox/cpythonlibtest-unit-test-tests/lib/python3.10/site-packages/cachecontrol/adapter.py", line 117, in _update_chunk_length
    self._fp._close()
  File "/workdir/CacheControl-0.12.11/.tox/cpythonlibtest-unit-test-tests/lib/python3.10/site-packages/cachecontrol/filewrapper.py", line 76, in _close
    self.__callback(result)
  File "/workdir/CacheControl-0.12.11/.tox/cpythonlibtest-unit-test-tests/lib/python3.10/site-packages/cachecontrol/controller.py", line 370, in cache_response
    self._cache_set(
  File "/workdir/CacheControl-0.12.11/.tox/cpythonlibtest-unit-test-tests/lib/python3.10/site-packages/cachecontrol/controller.py", line 267, in _cache_set
    self.serializer.dumps(request, response, b""),
  File "/workdir/CacheControl-0.12.11/.tox/cpythonlibtest-unit-test-tests/lib/python3.10/site-packages/cachecontrol/serialize.py", line 54, in dumps
    u"strict": response.strict,
AttributeError: 'HTTPResponse' object has no attribute 'strict'</failure></testcase><testcase classname="tests.test_storage_filecache.TestSeparateBodyFileCache" name="test_filecache_directory_not_exists" time="0.009"><failure message="AttributeError: 'HTTPResponse' object has no attribute 'strict'">Traceback (most recent call last):
  File "/workdir/CacheControl-0.12.11/.tox/cpythonlibtest-unit-test-tests/lib/python3.10/site-packages/_pytest/runner.py", line 341, in from_call
    result: Optional[TResult] = func()
  File "/workdir/CacheControl-0.12.11/.tox/cpythonlibtest-unit-test-tests/lib/python3.10/site-packages/_pytest/runner.py", line 262, in &lt;lambda&gt;
    lambda: ihook(item=item, **kwds), when=when, reraise=reraise
  File "/workdir/CacheControl-0.12.11/.tox/cpythonlibtest-unit-test-tests/lib/python3.10/site-packages/pluggy/_hooks.py", line 493, in __call__
    return self._hookexec(self.name, self._hookimpls, kwargs, firstresult)
  File "/workdir/CacheControl-0.12.11/.tox/cpythonlibtest-unit-test-tests/lib/python3.10/site-packages/pluggy/_manager.py", line 115, in _hookexec
    return self._inner_hookexec(hook_name, methods, kwargs, firstresult)
  File "/workdir/CacheControl-0.12.11/.tox/cpythonlibtest-unit-test-tests/lib/python3.10/site-packages/pluggy/_callers.py", line 152, in _multicall
    return outcome.get_result()
  File "/workdir/CacheControl-0.12.11/.tox/cpythonlibtest-unit-test-tests/lib/python3.10/site-packages/pluggy/_result.py", line 114, in get_result
    raise exc.with_traceback(exc.__traceback__)
  File "/workdir/CacheControl-0.12.11/.tox/cpythonlibtest-unit-test-tests/lib/python3.10/site-packages/pluggy/_callers.py", line 77, in _multicall
    res = hook_impl.function(*args)
  File "/workdir/CacheControl-0.12.11/.tox/cpythonlibtest-unit-test-tests/lib/python3.10/site-packages/_pytest/runner.py", line 177, in pytest_runtest_call
    raise e
  File "/workdir/CacheControl-0.12.11/.tox/cpythonlibtest-unit-test-tests/lib/python3.10/site-packages/_pytest/runner.py", line 169, in pytest_runtest_call
    item.runtest()
  File "/workdir/CacheControl-0.12.11/.tox/cpythonlibtest-unit-test-tests/lib/python3.10/site-packages/_pytest/python.py", line 1792, in runtest
    self.ihook.pytest_pyfunc_call(pyfuncitem=self)
  File "/workdir/CacheControl-0.12.11/.tox/cpythonlibtest-unit-test-tests/lib/python3.10/site-packages/pluggy/_hooks.py", line 493, in __call__
    return self._hookexec(self.name, self._hookimpls, kwargs, firstresult)
  File "/workdir/CacheControl-0.12.11/.tox/cpythonlibtest-unit-test-tests/lib/python3.10/site-packages/pluggy/_manager.py", line 115, in _hookexec
    return self._inner_hookexec(hook_name, methods, kwargs, firstresult)
  File "/workdir/CacheControl-0.12.11/.tox/cpythonlibtest-unit-test-tests/lib/python3.10/site-packages/pluggy/_callers.py", line 113, in _multicall
    raise exception.with_traceback(exception.__traceback__)
  File "/workdir/CacheControl-0.12.11/.tox/cpythonlibtest-unit-test-tests/lib/python3.10/site-packages/pluggy/_callers.py", line 77, in _multicall
    res = hook_impl.function(*args)
  File "/workdir/CacheControl-0.12.11/.tox/cpythonlibtest-unit-test-tests/lib/python3.10/site-packages/_pytest/python.py", line 194, in pytest_pyfunc_call
    result = testfunction(**testargs)
  File "/workdir/CacheControl-0.12.11/tests/test_storage_filecache.py", line 58, in test_filecache_directory_not_exists
    sess.get(url)
  File "/workdir/CacheControl-0.12.11/.tox/cpythonlibtest-unit-test-tests/lib/python3.10/site-packages/requests/sessions.py", line 602, in get
    return self.request("GET", url, **kwargs)
  File "/workdir/CacheControl-0.12.11/.tox/cpythonlibtest-unit-test-tests/lib/python3.10/site-packages/requests/sessions.py", line 589, in request
    resp = self.send(prep, **send_kwargs)
  File "/workdir/CacheControl-0.12.11/.tox/cpythonlibtest-unit-test-tests/lib/python3.10/site-packages/requests/sessions.py", line 747, in send
    r.content
  File "/workdir/CacheControl-0.12.11/.tox/cpythonlibtest-unit-test-tests/lib/python3.10/site-packages/requests/models.py", line 899, in content
    self._content = b"".join(self.iter_content(CONTENT_CHUNK_SIZE)) or b""
  File "/workdir/CacheControl-0.12.11/.tox/cpythonlibtest-unit-test-tests/lib/python3.10/site-packages/requests/models.py", line 816, in generate
    yield from self.raw.stream(chunk_size, decode_content=True)
  File "/workdir/CacheControl-0.12.11/.tox/cpythonlibtest-unit-test-tests/lib/python3.10/site-packages/urllib3/response.py", line 931, in stream
    yield from self.read_chunked(amt, decode_content=decode_content)
  File "/workdir/CacheControl-0.12.11/.tox/cpythonlibtest-unit-test-tests/lib/python3.10/site-packages/urllib3/response.py", line 1071, in read_chunked
    self._update_chunk_length()
  File "/workdir/CacheControl-0.12.11/.tox/cpythonlibtest-unit-test-tests/lib/python3.10/site-packages/cachecontrol/adapter.py", line 117, in _update_chunk_length
    self._fp._close()
  File "/workdir/CacheControl-0.12.11/.tox/cpythonlibtest-unit-test-tests/lib/python3.10/site-packages/cachecontrol/filewrapper.py", line 76, in _close
    self.__callback(result)
  File "/workdir/CacheControl-0.12.11/.tox/cpythonlibtest-unit-test-tests/lib/python3.10/site-packages/cachecontrol/controller.py", line 370, in cache_response
    self._cache_set(
  File "/workdir/CacheControl-0.12.11/.tox/cpythonlibtest-unit-test-tests/lib/python3.10/site-packages/cachecontrol/controller.py", line 267, in _cache_set
    self.serializer.dumps(request, response, b""),
  File "/workdir/CacheControl-0.12.11/.tox/cpythonlibtest-unit-test-tests/lib/python3.10/site-packages/cachecontrol/serialize.py", line 54, in dumps
    u"strict": response.strict,
AttributeError: 'HTTPResponse' object has no attribute 'strict'</failure></testcase><testcase classname="tests.test_storage_filecache.TestSeparateBodyFileCache" name="test_filecache_directory_already_exists" time="0.008"><failure message="AttributeError: 'HTTPResponse' object has no attribute 'strict'">Traceback (most recent call last):
  File "/workdir/CacheControl-0.12.11/.tox/cpythonlibtest-unit-test-tests/lib/python3.10/site-packages/_pytest/runner.py", line 341, in from_call
    result: Optional[TResult] = func()
  File "/workdir/CacheControl-0.12.11/.tox/cpythonlibtest-unit-test-tests/lib/python3.10/site-packages/_pytest/runner.py", line 262, in &lt;lambda&gt;
    lambda: ihook(item=item, **kwds), when=when, reraise=reraise
  File "/workdir/CacheControl-0.12.11/.tox/cpythonlibtest-unit-test-tests/lib/python3.10/site-packages/pluggy/_hooks.py", line 493, in __call__
    return self._hookexec(self.name, self._hookimpls, kwargs, firstresult)
  File "/workdir/CacheControl-0.12.11/.tox/cpythonlibtest-unit-test-tests/lib/python3.10/site-packages/pluggy/_manager.py", line 115, in _hookexec
    return self._inner_hookexec(hook_name, methods, kwargs, firstresult)
  File "/workdir/CacheControl-0.12.11/.tox/cpythonlibtest-unit-test-tests/lib/python3.10/site-packages/pluggy/_callers.py", line 152, in _multicall
    return outcome.get_result()
  File "/workdir/CacheControl-0.12.11/.tox/cpythonlibtest-unit-test-tests/lib/python3.10/site-packages/pluggy/_result.py", line 114, in get_result
    raise exc.with_traceback(exc.__traceback__)
  File "/workdir/CacheControl-0.12.11/.tox/cpythonlibtest-unit-test-tests/lib/python3.10/site-packages/pluggy/_callers.py", line 77, in _multicall
    res = hook_impl.function(*args)
  File "/workdir/CacheControl-0.12.11/.tox/cpythonlibtest-unit-test-tests/lib/python3.10/site-packages/_pytest/runner.py", line 177, in pytest_runtest_call
    raise e
  File "/workdir/CacheControl-0.12.11/.tox/cpythonlibtest-unit-test-tests/lib/python3.10/site-packages/_pytest/runner.py", line 169, in pytest_runtest_call
    item.runtest()
  File "/workdir/CacheControl-0.12.11/.tox/cpythonlibtest-unit-test-tests/lib/python3.10/site-packages/_pytest/python.py", line 1792, in runtest
    self.ihook.pytest_pyfunc_call(pyfuncitem=self)
  File "/workdir/CacheControl-0.12.11/.tox/cpythonlibtest-unit-test-tests/lib/python3.10/site-packages/pluggy/_hooks.py", line 493, in __call__
    return self._hookexec(self.name, self._hookimpls, kwargs, firstresult)
  File "/workdir/CacheControl-0.12.11/.tox/cpythonlibtest-unit-test-tests/lib/python3.10/site-packages/pluggy/_manager.py", line 115, in _hookexec
    return self._inner_hookexec(hook_name, methods, kwargs, firstresult)
  File "/workdir/CacheControl-0.12.11/.tox/cpythonlibtest-unit-test-tests/lib/python3.10/site-packages/pluggy/_callers.py", line 113, in _multicall
    raise exception.with_traceback(exception.__traceback__)
  File "/workdir/CacheControl-0.12.11/.tox/cpythonlibtest-unit-test-tests/lib/python3.10/site-packages/pluggy/_callers.py", line 77, in _multicall
    res = hook_impl.function(*args)
  File "/workdir/CacheControl-0.12.11/.tox/cpythonlibtest-unit-test-tests/lib/python3.10/site-packages/_pytest/python.py", line 194, in pytest_pyfunc_call
    result = testfunction(**testargs)
  File "/workdir/CacheControl-0.12.11/tests/test_storage_filecache.py", line 79, in test_filecache_directory_already_exists
    sess.get(url)
  File "/workdir/CacheControl-0.12.11/.tox/cpythonlibtest-unit-test-tests/lib/python3.10/site-packages/requests/sessions.py", line 602, in get
    return self.request("GET", url, **kwargs)
  File "/workdir/CacheControl-0.12.11/.tox/cpythonlibtest-unit-test-tests/lib/python3.10/site-packages/requests/sessions.py", line 589, in request
    resp = self.send(prep, **send_kwargs)
  File "/workdir/CacheControl-0.12.11/.tox/cpythonlibtest-unit-test-tests/lib/python3.10/site-packages/requests/sessions.py", line 747, in send
    r.content
  File "/workdir/CacheControl-0.12.11/.tox/cpythonlibtest-unit-test-tests/lib/python3.10/site-packages/requests/models.py", line 899, in content
    self._content = b"".join(self.iter_content(CONTENT_CHUNK_SIZE)) or b""
  File "/workdir/CacheControl-0.12.11/.tox/cpythonlibtest-unit-test-tests/lib/python3.10/site-packages/requests/models.py", line 816, in generate
    yield from self.raw.stream(chunk_size, decode_content=True)
  File "/workdir/CacheControl-0.12.11/.tox/cpythonlibtest-unit-test-tests/lib/python3.10/site-packages/urllib3/response.py", line 931, in stream
    yield from self.read_chunked(amt, decode_content=decode_content)
  File "/workdir/CacheControl-0.12.11/.tox/cpythonlibtest-unit-test-tests/lib/python3.10/site-packages/urllib3/response.py", line 1071, in read_chunked
    self._update_chunk_length()
  File "/workdir/CacheControl-0.12.11/.tox/cpythonlibtest-unit-test-tests/lib/python3.10/site-packages/cachecontrol/adapter.py", line 117, in _update_chunk_length
    self._fp._close()
  File "/workdir/CacheControl-0.12.11/.tox/cpythonlibtest-unit-test-tests/lib/python3.10/site-packages/cachecontrol/filewrapper.py", line 76, in _close
    self.__callback(result)
  File "/workdir/CacheControl-0.12.11/.tox/cpythonlibtest-unit-test-tests/lib/python3.10/site-packages/cachecontrol/controller.py", line 370, in cache_response
    self._cache_set(
  File "/workdir/CacheControl-0.12.11/.tox/cpythonlibtest-unit-test-tests/lib/python3.10/site-packages/cachecontrol/controller.py", line 267, in _cache_set
    self.serializer.dumps(request, response, b""),
  File "/workdir/CacheControl-0.12.11/.tox/cpythonlibtest-unit-test-tests/lib/python3.10/site-packages/cachecontrol/serialize.py", line 54, in dumps
    u"strict": response.strict,
AttributeError: 'HTTPResponse' object has no attribute 'strict'</failure></testcase><testcase classname="tests.test_storage_filecache.TestSeparateBodyFileCache" name="test_key_length" time="0.003" /><testcase classname="tests.test_storage_filecache.TestSeparateBodyFileCache" name="test_cant_use_dir_and_lock_class" time="0.002" /><testcase classname="tests.test_storage_filecache.TestSeparateBodyFileCache" name="test_simple_lockfile_arg[None-LinkLockFile]" time="0.002" /><testcase classname="tests.test_storage_filecache.TestSeparateBodyFileCache" name="test_simple_lockfile_arg[True-MkdirLockFile]" time="0.002" /><testcase classname="tests.test_storage_filecache.TestSeparateBodyFileCache" name="test_simple_lockfile_arg[False-LinkLockFile]" time="0.002" /><testcase classname="tests.test_storage_filecache.TestSeparateBodyFileCache" name="test_lock_class" time="0.002" /><testcase classname="tests.test_storage_filecache.TestSeparateBodyFileCache" name="test_filecache_with_delete_request" time="0.006" /><testcase classname="tests.test_storage_filecache.TestSeparateBodyFileCache" name="test_filecache_with_put_request" time="0.006" /><testcase classname="tests.test_storage_filecache.TestSeparateBodyFileCache" name="test_body_actually_stored_separately" time="0.005"><failure message="AttributeError: 'HTTPResponse' object has no attribute 'strict'">Traceback (most recent call last):
  File "/workdir/CacheControl-0.12.11/.tox/cpythonlibtest-unit-test-tests/lib/python3.10/site-packages/_pytest/runner.py", line 341, in from_call
    result: Optional[TResult] = func()
  File "/workdir/CacheControl-0.12.11/.tox/cpythonlibtest-unit-test-tests/lib/python3.10/site-packages/_pytest/runner.py", line 262, in &lt;lambda&gt;
    lambda: ihook(item=item, **kwds), when=when, reraise=reraise
  File "/workdir/CacheControl-0.12.11/.tox/cpythonlibtest-unit-test-tests/lib/python3.10/site-packages/pluggy/_hooks.py", line 493, in __call__
    return self._hookexec(self.name, self._hookimpls, kwargs, firstresult)
  File "/workdir/CacheControl-0.12.11/.tox/cpythonlibtest-unit-test-tests/lib/python3.10/site-packages/pluggy/_manager.py", line 115, in _hookexec
    return self._inner_hookexec(hook_name, methods, kwargs, firstresult)
  File "/workdir/CacheControl-0.12.11/.tox/cpythonlibtest-unit-test-tests/lib/python3.10/site-packages/pluggy/_callers.py", line 152, in _multicall
    return outcome.get_result()
  File "/workdir/CacheControl-0.12.11/.tox/cpythonlibtest-unit-test-tests/lib/python3.10/site-packages/pluggy/_result.py", line 114, in get_result
    raise exc.with_traceback(exc.__traceback__)
  File "/workdir/CacheControl-0.12.11/.tox/cpythonlibtest-unit-test-tests/lib/python3.10/site-packages/pluggy/_callers.py", line 77, in _multicall
    res = hook_impl.function(*args)
  File "/workdir/CacheControl-0.12.11/.tox/cpythonlibtest-unit-test-tests/lib/python3.10/site-packages/_pytest/runner.py", line 177, in pytest_runtest_call
    raise e
  File "/workdir/CacheControl-0.12.11/.tox/cpythonlibtest-unit-test-tests/lib/python3.10/site-packages/_pytest/runner.py", line 169, in pytest_runtest_call
    item.runtest()
  File "/workdir/CacheControl-0.12.11/.tox/cpythonlibtest-unit-test-tests/lib/python3.10/site-packages/_pytest/python.py", line 1792, in runtest
    self.ihook.pytest_pyfunc_call(pyfuncitem=self)
  File "/workdir/CacheControl-0.12.11/.tox/cpythonlibtest-unit-test-tests/lib/python3.10/site-packages/pluggy/_hooks.py", line 493, in __call__
    return self._hookexec(self.name, self._hookimpls, kwargs, firstresult)
  File "/workdir/CacheControl-0.12.11/.tox/cpythonlibtest-unit-test-tests/lib/python3.10/site-packages/pluggy/_manager.py", line 115, in _hookexec
    return self._inner_hookexec(hook_name, methods, kwargs, firstresult)
  File "/workdir/CacheControl-0.12.11/.tox/cpythonlibtest-unit-test-tests/lib/python3.10/site-packages/pluggy/_callers.py", line 113, in _multicall
    raise exception.with_traceback(exception.__traceback__)
  File "/workdir/CacheControl-0.12.11/.tox/cpythonlibtest-unit-test-tests/lib/python3.10/site-packages/pluggy/_callers.py", line 77, in _multicall
    res = hook_impl.function(*args)
  File "/workdir/CacheControl-0.12.11/.tox/cpythonlibtest-unit-test-tests/lib/python3.10/site-packages/_pytest/python.py", line 194, in pytest_pyfunc_call
    result = testfunction(**testargs)
  File "/workdir/CacheControl-0.12.11/tests/test_storage_filecache.py", line 169, in test_body_actually_stored_separately
    response = sess.get(url)
  File "/workdir/CacheControl-0.12.11/.tox/cpythonlibtest-unit-test-tests/lib/python3.10/site-packages/requests/sessions.py", line 602, in get
    return self.request("GET", url, **kwargs)
  File "/workdir/CacheControl-0.12.11/.tox/cpythonlibtest-unit-test-tests/lib/python3.10/site-packages/requests/sessions.py", line 589, in request
    resp = self.send(prep, **send_kwargs)
  File "/workdir/CacheControl-0.12.11/.tox/cpythonlibtest-unit-test-tests/lib/python3.10/site-packages/requests/sessions.py", line 747, in send
    r.content
  File "/workdir/CacheControl-0.12.11/.tox/cpythonlibtest-unit-test-tests/lib/python3.10/site-packages/requests/models.py", line 899, in content
    self._content = b"".join(self.iter_content(CONTENT_CHUNK_SIZE)) or b""
  File "/workdir/CacheControl-0.12.11/.tox/cpythonlibtest-unit-test-tests/lib/python3.10/site-packages/requests/models.py", line 816, in generate
    yield from self.raw.stream(chunk_size, decode_content=True)
  File "/workdir/CacheControl-0.12.11/.tox/cpythonlibtest-unit-test-tests/lib/python3.10/site-packages/urllib3/response.py", line 931, in stream
    yield from self.read_chunked(amt, decode_content=decode_content)
  File "/workdir/CacheControl-0.12.11/.tox/cpythonlibtest-unit-test-tests/lib/python3.10/site-packages/urllib3/response.py", line 1071, in read_chunked
    self._update_chunk_length()
  File "/workdir/CacheControl-0.12.11/.tox/cpythonlibtest-unit-test-tests/lib/python3.10/site-packages/cachecontrol/adapter.py", line 117, in _update_chunk_length
    self._fp._close()
  File "/workdir/CacheControl-0.12.11/.tox/cpythonlibtest-unit-test-tests/lib/python3.10/site-packages/cachecontrol/filewrapper.py", line 76, in _close
    self.__callback(result)
  File "/workdir/CacheControl-0.12.11/.tox/cpythonlibtest-unit-test-tests/lib/python3.10/site-packages/cachecontrol/controller.py", line 370, in cache_response
    self._cache_set(
  File "/workdir/CacheControl-0.12.11/.tox/cpythonlibtest-unit-test-tests/lib/python3.10/site-packages/cachecontrol/controller.py", line 267, in _cache_set
    self.serializer.dumps(request, response, b""),
  File "/workdir/CacheControl-0.12.11/.tox/cpythonlibtest-unit-test-tests/lib/python3.10/site-packages/cachecontrol/serialize.py", line 54, in dumps
    u"strict": response.strict,
AttributeError: 'HTTPResponse' object has no attribute 'strict'</failure></testcase><testcase classname="tests.test_storage_redis.TestRedisCache" name="test_set_expiration_datetime" time="0.001" /><testcase classname="tests.test_storage_redis.TestRedisCache" name="test_set_expiration_int" time="0.001" /><testcase classname="tests.test_vary.TestVary" name="test_vary_example" time="0.006"><failure message="AttributeError: 'HTTPResponse' object has no attribute 'strict'">Traceback (most recent call last):
  File "/workdir/CacheControl-0.12.11/.tox/cpythonlibtest-unit-test-tests/lib/python3.10/site-packages/_pytest/runner.py", line 341, in from_call
    result: Optional[TResult] = func()
  File "/workdir/CacheControl-0.12.11/.tox/cpythonlibtest-unit-test-tests/lib/python3.10/site-packages/_pytest/runner.py", line 262, in &lt;lambda&gt;
    lambda: ihook(item=item, **kwds), when=when, reraise=reraise
  File "/workdir/CacheControl-0.12.11/.tox/cpythonlibtest-unit-test-tests/lib/python3.10/site-packages/pluggy/_hooks.py", line 493, in __call__
    return self._hookexec(self.name, self._hookimpls, kwargs, firstresult)
  File "/workdir/CacheControl-0.12.11/.tox/cpythonlibtest-unit-test-tests/lib/python3.10/site-packages/pluggy/_manager.py", line 115, in _hookexec
    return self._inner_hookexec(hook_name, methods, kwargs, firstresult)
  File "/workdir/CacheControl-0.12.11/.tox/cpythonlibtest-unit-test-tests/lib/python3.10/site-packages/pluggy/_callers.py", line 152, in _multicall
    return outcome.get_result()
  File "/workdir/CacheControl-0.12.11/.tox/cpythonlibtest-unit-test-tests/lib/python3.10/site-packages/pluggy/_result.py", line 114, in get_result
    raise exc.with_traceback(exc.__traceback__)
  File "/workdir/CacheControl-0.12.11/.tox/cpythonlibtest-unit-test-tests/lib/python3.10/site-packages/pluggy/_callers.py", line 77, in _multicall
    res = hook_impl.function(*args)
  File "/workdir/CacheControl-0.12.11/.tox/cpythonlibtest-unit-test-tests/lib/python3.10/site-packages/_pytest/runner.py", line 177, in pytest_runtest_call
    raise e
  File "/workdir/CacheControl-0.12.11/.tox/cpythonlibtest-unit-test-tests/lib/python3.10/site-packages/_pytest/runner.py", line 169, in pytest_runtest_call
    item.runtest()
  File "/workdir/CacheControl-0.12.11/.tox/cpythonlibtest-unit-test-tests/lib/python3.10/site-packages/_pytest/python.py", line 1792, in runtest
    self.ihook.pytest_pyfunc_call(pyfuncitem=self)
  File "/workdir/CacheControl-0.12.11/.tox/cpythonlibtest-unit-test-tests/lib/python3.10/site-packages/pluggy/_hooks.py", line 493, in __call__
    return self._hookexec(self.name, self._hookimpls, kwargs, firstresult)
  File "/workdir/CacheControl-0.12.11/.tox/cpythonlibtest-unit-test-tests/lib/python3.10/site-packages/pluggy/_manager.py", line 115, in _hookexec
    return self._inner_hookexec(hook_name, methods, kwargs, firstresult)
  File "/workdir/CacheControl-0.12.11/.tox/cpythonlibtest-unit-test-tests/lib/python3.10/site-packages/pluggy/_callers.py", line 113, in _multicall
    raise exception.with_traceback(exception.__traceback__)
  File "/workdir/CacheControl-0.12.11/.tox/cpythonlibtest-unit-test-tests/lib/python3.10/site-packages/pluggy/_callers.py", line 77, in _multicall
    res = hook_impl.function(*args)
  File "/workdir/CacheControl-0.12.11/.tox/cpythonlibtest-unit-test-tests/lib/python3.10/site-packages/_pytest/python.py", line 194, in pytest_pyfunc_call
    result = testfunction(**testargs)
  File "/workdir/CacheControl-0.12.11/tests/test_vary.py", line 61, in test_vary_example
    r = sess.get(self.url)
  File "/workdir/CacheControl-0.12.11/.tox/cpythonlibtest-unit-test-tests/lib/python3.10/site-packages/requests/sessions.py", line 602, in get
    return self.request("GET", url, **kwargs)
  File "/workdir/CacheControl-0.12.11/.tox/cpythonlibtest-unit-test-tests/lib/python3.10/site-packages/requests/sessions.py", line 589, in request
    resp = self.send(prep, **send_kwargs)
  File "/workdir/CacheControl-0.12.11/.tox/cpythonlibtest-unit-test-tests/lib/python3.10/site-packages/requests/sessions.py", line 747, in send
    r.content
  File "/workdir/CacheControl-0.12.11/.tox/cpythonlibtest-unit-test-tests/lib/python3.10/site-packages/requests/models.py", line 899, in content
    self._content = b"".join(self.iter_content(CONTENT_CHUNK_SIZE)) or b""
  File "/workdir/CacheControl-0.12.11/.tox/cpythonlibtest-unit-test-tests/lib/python3.10/site-packages/requests/models.py", line 816, in generate
    yield from self.raw.stream(chunk_size, decode_content=True)
  File "/workdir/CacheControl-0.12.11/.tox/cpythonlibtest-unit-test-tests/lib/python3.10/site-packages/urllib3/response.py", line 931, in stream
    yield from self.read_chunked(amt, decode_content=decode_content)
  File "/workdir/CacheControl-0.12.11/.tox/cpythonlibtest-unit-test-tests/lib/python3.10/site-packages/urllib3/response.py", line 1071, in read_chunked
    self._update_chunk_length()
  File "/workdir/CacheControl-0.12.11/.tox/cpythonlibtest-unit-test-tests/lib/python3.10/site-packages/cachecontrol/adapter.py", line 117, in _update_chunk_length
    self._fp._close()
  File "/workdir/CacheControl-0.12.11/.tox/cpythonlibtest-unit-test-tests/lib/python3.10/site-packages/cachecontrol/filewrapper.py", line 76, in _close
    self.__callback(result)
  File "/workdir/CacheControl-0.12.11/.tox/cpythonlibtest-unit-test-tests/lib/python3.10/site-packages/cachecontrol/controller.py", line 370, in cache_response
    self._cache_set(
  File "/workdir/CacheControl-0.12.11/.tox/cpythonlibtest-unit-test-tests/lib/python3.10/site-packages/cachecontrol/controller.py", line 274, in _cache_set
    self.serializer.dumps(request, response, body),
  File "/workdir/CacheControl-0.12.11/.tox/cpythonlibtest-unit-test-tests/lib/python3.10/site-packages/cachecontrol/serialize.py", line 54, in dumps
    u"strict": response.strict,
AttributeError: 'HTTPResponse' object has no attribute 'strict'</failure></testcase></testsuite></testsuites>