<?xml version="1.0" encoding="utf-8"?><testsuites><testsuite name="pytest" errors="2" failures="0" skipped="0" tests="2" time="0.823" timestamp="2023-11-22T06:19:50.310035" hostname="80ac3eb7f7f2"><testcase classname="" name="tests.test_ansimarkup_basic" time="0.000"><error message="collection failure">ImportError while importing test module '/workdir/loguru-0.6.0/tests/test_ansimarkup_basic.py'.
Hint: make sure your test modules/packages have valid Python names.
Traceback:
/usr/local/lib/python3.10/importlib/__init__.py:126: in import_module
    return _bootstrap._gcd_import(name[level:], package, level)
tests/test_ansimarkup_basic.py:2: in &lt;module&gt;
    from colorama import Back as B
E   ModuleNotFoundError: No module named 'colorama'</error></testcase><testcase classname="" name="tests.test_ansimarkup_extended" time="0.000"><error message="collection failure">ImportError while importing test module '/workdir/loguru-0.6.0/tests/test_ansimarkup_extended.py'.
Hint: make sure your test modules/packages have valid Python names.
Traceback:
/usr/local/lib/python3.10/importlib/__init__.py:126: in import_module
    return _bootstrap._gcd_import(name[level:], package, level)
tests/test_ansimarkup_extended.py:2: in &lt;module&gt;
    from colorama import Back as B
E   ModuleNotFoundError: No module named 'colorama'</error></testcase></testsuite></testsuites>