<?xml version="1.0" encoding="utf-8"?><testsuites><testsuite name="pytest" errors="0" failures="1" skipped="11" tests="2430" time="221.760" timestamp="2023-11-22T18:18:03.649000" hostname="80ac3eb7f7f2"><testcase classname="openpyxl.cell.tests.test_cell" name="test_ctor" time="0.048" /><testcase classname="openpyxl.cell.tests.test_cell" name="test_null[n]" time="0.035" /><testcase classname="openpyxl.cell.tests.test_cell" name="test_null[d]" time="0.026" /><testcase classname="openpyxl.cell.tests.test_cell" name="test_null[s]" time="0.027" /><testcase classname="openpyxl.cell.tests.test_cell" name="test_null[b]" time="0.023" /><testcase classname="openpyxl.cell.tests.test_cell" name="test_null[f]" time="0.019" /><testcase classname="openpyxl.cell.tests.test_cell" name="test_null[e]" time="0.019" /><testcase classname="openpyxl.cell.tests.test_cell" name="test_string[hello]" time="0.016" /><testcase classname="openpyxl.cell.tests.test_cell" name="test_string[.]" time="0.017" /><testcase classname="openpyxl.cell.tests.test_cell" name="test_string[0800]" time="0.019" /><testcase classname="openpyxl.cell.tests.test_cell" name="test_formula[=42]" time="0.017" /><testcase classname="openpyxl.cell.tests.test_cell" name="test_formula[=if(A1&lt;4;-1;1)]" time="0.022" /><testcase classname="openpyxl.cell.tests.test_cell" name="test_not_formula" time="0.079" /><testcase classname="openpyxl.cell.tests.test_cell" name="test_boolean[True]" time="0.023" /><testcase classname="openpyxl.cell.tests.test_cell" name="test_boolean[False]" time="0.022" /><testcase classname="openpyxl.cell.tests.test_cell" name="test_error_codes[#NULL!]" time="0.020" /><testcase classname="openpyxl.cell.tests.test_cell" name="test_error_codes[#DIV/0!]" time="0.026" /><testcase classname="openpyxl.cell.tests.test_cell" name="test_error_codes[#VALUE!]" time="0.020" /><testcase classname="openpyxl.cell.tests.test_cell" name="test_error_codes[#REF!]" time="0.023" /><testcase classname="openpyxl.cell.tests.test_cell" name="test_error_codes[#NAME?]" time="0.025" /><testcase classname="openpyxl.cell.tests.test_cell" name="test_error_codes[#NUM!]" time="0.025" /><testcase classname="openpyxl.cell.tests.test_cell" name="test_error_codes[#N/A]" time="0.024" /><testcase classname="openpyxl.cell.tests.test_cell" name="test_insert_date[value0-yyyy-mm-dd h:mm:ss]" time="0.035" /><testcase classname="openpyxl.cell.tests.test_cell" name="test_insert_date[value1-yyyy-mm-dd]" time="0.020" /><testcase classname="openpyxl.cell.tests.test_cell" name="test_insert_date[value2-h:mm:ss]" time="0.022" /><testcase classname="openpyxl.cell.tests.test_cell" name="test_timstamp" time="7.109" /><testcase classname="openpyxl.cell.tests.test_cell" name="test_time_format_datetime_subclass" time="0.012" /><testcase classname="openpyxl.cell.tests.test_cell" name="test_time_format_date_subclass" time="0.011" /><testcase classname="openpyxl.cell.tests.test_cell" name="test_time_format_no_date_subclass" time="0.015" /><testcase classname="openpyxl.cell.tests.test_cell" name="test_not_overwrite_time_format" time="0.020" /><testcase classname="openpyxl.cell.tests.test_cell" name="test_cell_formatted_as_date[None-True]" time="0.024" /><testcase classname="openpyxl.cell.tests.test_cell" name="test_cell_formatted_as_date[testme-False]" time="0.026" /><testcase classname="openpyxl.cell.tests.test_cell" name="test_cell_formatted_as_date[True-False]" time="0.021" /><testcase classname="openpyxl.cell.tests.test_cell" name="test_illegal_characters" time="0.029" /><testcase classname="openpyxl.cell.tests.test_cell" name="test_timedelta" time="0.028"><skipped type="pytest.xfail" message="" /></testcase><testcase classname="openpyxl.cell.tests.test_cell" name="test_repr" time="0.023" /><testcase classname="openpyxl.cell.tests.test_cell" name="test_repr_object" time="0.021" /><testcase classname="openpyxl.cell.tests.test_cell" name="test_comment_assignment" time="0.014" /><testcase classname="openpyxl.cell.tests.test_cell" name="test_only_one_cell_per_comment" time="0.016" /><testcase classname="openpyxl.cell.tests.test_cell" name="test_remove_comment" time="0.032" /><testcase classname="openpyxl.cell.tests.test_cell" name="test_cell_offset" time="0.022" /><testcase classname="openpyxl.cell.tests.test_cell.TestEncoding" name="test_bad_encoding" time="0.184" /><testcase classname="openpyxl.cell.tests.test_cell.TestEncoding" name="test_good_encoding" time="0.092" /><testcase classname="openpyxl.cell.tests.test_cell" name="test_font" time="0.017" /><testcase classname="openpyxl.cell.tests.test_cell" name="test_fill" time="0.019" /><testcase classname="openpyxl.cell.tests.test_cell" name="test_border" time="0.020" /><testcase classname="openpyxl.cell.tests.test_cell" name="test_number_format" time="0.019" /><testcase classname="openpyxl.cell.tests.test_cell" name="test_alignment" time="0.016" /><testcase classname="openpyxl.cell.tests.test_cell" name="test_protection" time="0.016" /><testcase classname="openpyxl.cell.tests.test_cell" name="test_pivot_button" time="0.015" /><testcase classname="openpyxl.cell.tests.test_cell" name="test_quote_prefix" time="0.020" /><testcase classname="openpyxl.cell.tests.test_cell" name="test_remove_hyperlink" time="0.036" /><testcase classname="openpyxl.cell.tests.test_cell.TestMergedCell" name="test_value" time="0.030" /><testcase classname="openpyxl.cell.tests.test_cell.TestMergedCell" name="test_data_type" time="0.023" /><testcase classname="openpyxl.cell.tests.test_cell.TestMergedCell" name="test_comment" time="0.018" /><testcase classname="openpyxl.cell.tests.test_cell.TestMergedCell" name="test_coordinate" time="0.022" /><testcase classname="openpyxl.cell.tests.test_cell.TestMergedCell" name="test_repr" time="0.016" /><testcase classname="openpyxl.cell.tests.test_cell.TestMergedCell" name="test_hyperlink" time="0.017" /><testcase classname="openpyxl.cell.tests.test_cell" name="test_write_numpy_to_cell" time="0.022" /><testcase classname="openpyxl.cell.tests.test_read_only" name="test_ctor" time="0.015" /><testcase classname="openpyxl.cell.tests.test_read_only" name="test_empty_cell" time="0.010" /><testcase classname="openpyxl.cell.tests.test_read_only" name="test_coordinate" time="0.012" /><testcase classname="openpyxl.cell.tests.test_read_only.TestStyle" name="test_style_array" time="0.021" /><testcase classname="openpyxl.cell.tests.test_read_only.TestStyle" name="test_font" time="0.012" /><testcase classname="openpyxl.cell.tests.test_read_only.TestStyle" name="test_has_style" time="0.020" /><testcase classname="openpyxl.cell.tests.test_read_only" name="test_read_only" time="0.011" /><testcase classname="openpyxl.cell.tests.test_read_only" name="test_equality" time="0.011" /><testcase classname="openpyxl.cell.tests.test_read_only" name="test_is_date" time="0.020" /><testcase classname="openpyxl.cell.tests.test_text.TestInlineFont" name="test_ctor" time="0.025" /><testcase classname="openpyxl.cell.tests.test_text.TestInlineFont" name="test_from_xml" time="0.026" /><testcase classname="openpyxl.cell.tests.test_text.TestRichText" name="test_ctor" time="0.022" /><testcase classname="openpyxl.cell.tests.test_text.TestRichText" name="test_from_xml" time="0.024" /><testcase classname="openpyxl.cell.tests.test_text.TestText" name="test_ctor" time="0.036" /><testcase classname="openpyxl.cell.tests.test_text.TestText" name="test_from_xml[&lt;is&gt;&lt;t&gt;ID&lt;/t&gt;&lt;/is&gt;-ID]" time="0.023" /><testcase classname="openpyxl.cell.tests.test_text.TestText" name="test_from_xml[\n                                 &lt;is&gt;\n                                   &lt;r&gt;\n                                     &lt;rPr /&gt;\n                                     &lt;t xml:space=&quot;preserve&quot;&gt;11 de September de 2014&lt;/t&gt;\n                                   &lt;/r&gt;\n                                 &lt;/is&gt;\n                                 -11 de September de 2014]" time="0.028" /><testcase classname="openpyxl.cell.tests.test_text.TestText" name="test_empty_element" time="0.027" /><testcase classname="openpyxl.cell.tests.test_text.TestPhoneticText" name="test_ctor" time="0.032" /><testcase classname="openpyxl.cell.tests.test_text.TestPhoneticText" name="test_from_xml" time="0.019" /><testcase classname="openpyxl.cell.tests.test_text.TestPhoneticProperties" name="test_ctor" time="0.021" /><testcase classname="openpyxl.cell.tests.test_text.TestPhoneticProperties" name="test_from_xml" time="0.022" /><testcase classname="openpyxl.cell.tests.test_writer" name="test_write_cell[etree-9781231231230-&lt;c t=&quot;n&quot; r=&quot;A1&quot;&gt;&lt;v&gt;9781231231230&lt;/v&gt;&lt;/c&gt;]" time="0.135" /><testcase classname="openpyxl.cell.tests.test_writer" name="test_write_cell[etree-value1-&lt;c t=&quot;n&quot; r=&quot;A1&quot;&gt;&lt;v&gt;3.14&lt;/v&gt;&lt;/c&gt;]" time="0.149" /><testcase classname="openpyxl.cell.tests.test_writer" name="test_write_cell[etree-1234567890-&lt;c t=&quot;n&quot; r=&quot;A1&quot;&gt;&lt;v&gt;1234567890&lt;/v&gt;&lt;/c&gt;]" time="0.095" /><testcase classname="openpyxl.cell.tests.test_writer" name="test_write_cell[etree-=sum(1+1)-&lt;c r=&quot;A1&quot;&gt;&lt;f&gt;sum(1+1)&lt;/f&gt;&lt;v&gt;&lt;/v&gt;&lt;/c&gt;]" time="0.096" /><testcase classname="openpyxl.cell.tests.test_writer" name="test_write_cell[etree-True-&lt;c t=&quot;b&quot; r=&quot;A1&quot;&gt;&lt;v&gt;1&lt;/v&gt;&lt;/c&gt;]" time="0.074" /><testcase classname="openpyxl.cell.tests.test_writer" name="test_write_cell[etree-Hello-&lt;c t=&quot;inlineStr&quot; r=&quot;A1&quot;&gt;&lt;is&gt;&lt;t&gt;Hello&lt;/t&gt;&lt;/is&gt;&lt;/c&gt;]" time="0.077" /><testcase classname="openpyxl.cell.tests.test_writer" name="test_write_cell[etree--&lt;c r=&quot;A1&quot; t=&quot;inlineStr&quot;&gt;&lt;/c&gt;]" time="0.058" /><testcase classname="openpyxl.cell.tests.test_writer" name="test_write_cell[etree-None-&lt;c r=&quot;A1&quot; t=&quot;n&quot;&gt;&lt;/c&gt;]" time="0.081" /><testcase classname="openpyxl.cell.tests.test_writer" name="test_write_cell[lxml-9781231231230-&lt;c t=&quot;n&quot; r=&quot;A1&quot;&gt;&lt;v&gt;9781231231230&lt;/v&gt;&lt;/c&gt;]" time="0.077" /><testcase classname="openpyxl.cell.tests.test_writer" name="test_write_cell[lxml-value1-&lt;c t=&quot;n&quot; r=&quot;A1&quot;&gt;&lt;v&gt;3.14&lt;/v&gt;&lt;/c&gt;]" time="0.082" /><testcase classname="openpyxl.cell.tests.test_writer" name="test_write_cell[lxml-1234567890-&lt;c t=&quot;n&quot; r=&quot;A1&quot;&gt;&lt;v&gt;1234567890&lt;/v&gt;&lt;/c&gt;]" time="0.071" /><testcase classname="openpyxl.cell.tests.test_writer" name="test_write_cell[lxml-=sum(1+1)-&lt;c r=&quot;A1&quot;&gt;&lt;f&gt;sum(1+1)&lt;/f&gt;&lt;v&gt;&lt;/v&gt;&lt;/c&gt;]" time="0.078" /><testcase classname="openpyxl.cell.tests.test_writer" name="test_write_cell[lxml-True-&lt;c t=&quot;b&quot; r=&quot;A1&quot;&gt;&lt;v&gt;1&lt;/v&gt;&lt;/c&gt;]" time="0.084" /><testcase classname="openpyxl.cell.tests.test_writer" name="test_write_cell[lxml-Hello-&lt;c t=&quot;inlineStr&quot; r=&quot;A1&quot;&gt;&lt;is&gt;&lt;t&gt;Hello&lt;/t&gt;&lt;/is&gt;&lt;/c&gt;]" time="0.097" /><testcase classname="openpyxl.cell.tests.test_writer" name="test_write_cell[lxml--&lt;c r=&quot;A1&quot; t=&quot;inlineStr&quot;&gt;&lt;/c&gt;]" time="0.081" /><testcase classname="openpyxl.cell.tests.test_writer" name="test_write_cell[lxml-None-&lt;c r=&quot;A1&quot; t=&quot;n&quot;&gt;&lt;/c&gt;]" time="0.082" /><testcase classname="openpyxl.cell.tests.test_writer" name="test_write_date[etree-value0-False-&lt;c r=&quot;A1&quot; t=&quot;n&quot; s=&quot;1&quot;&gt;&lt;v&gt;40902&lt;/v&gt;&lt;/c&gt;]" time="0.091" /><testcase classname="openpyxl.cell.tests.test_writer" name="test_write_date[etree-value1-True-&lt;c r=&quot;A1&quot; t=&quot;d&quot; s=&quot;1&quot;&gt;&lt;v&gt;2011-12-25&lt;/v&gt;&lt;/c&gt;]" time="0.085" /><testcase classname="openpyxl.cell.tests.test_writer" name="test_write_date[etree-value2-False-&lt;c r=&quot;A1&quot; t=&quot;n&quot; s=&quot;1&quot;&gt;&lt;v&gt;40902.59994212963&lt;/v&gt;&lt;/c&gt;]" time="0.101" /><testcase classname="openpyxl.cell.tests.test_writer" name="test_write_date[etree-value3-True-&lt;c r=&quot;A1&quot; t=&quot;d&quot; s=&quot;1&quot;&gt;&lt;v&gt;2011-12-25T14:23:55&lt;/v&gt;&lt;/c&gt;]" time="0.113" /><testcase classname="openpyxl.cell.tests.test_writer" name="test_write_date[etree-value4-False-&lt;c r=&quot;A1&quot; t=&quot;n&quot; s=&quot;1&quot;&gt;&lt;v&gt;0.5940393518518519&lt;/v&gt;&lt;/c&gt;]" time="0.068" /><testcase classname="openpyxl.cell.tests.test_writer" name="test_write_date[etree-value5-True-&lt;c r=&quot;A1&quot; t=&quot;d&quot; s=&quot;1&quot;&gt;&lt;v&gt;14:15:25&lt;/v&gt;&lt;/c&gt;]" time="0.076" /><testcase classname="openpyxl.cell.tests.test_writer" name="test_write_date[etree-value6-False-&lt;c r=&quot;A1&quot; t=&quot;n&quot; s=&quot;1&quot;&gt;&lt;v&gt;1.000034722395833&lt;/v&gt;&lt;/c&gt;]" time="0.083" /><testcase classname="openpyxl.cell.tests.test_writer" name="test_write_date[etree-value7-True-&lt;c r=&quot;A1&quot; t=&quot;n&quot; s=&quot;1&quot;&gt;&lt;v&gt;1.000034722395833&lt;/v&gt;&lt;/c&gt;]" time="0.097" /><testcase classname="openpyxl.cell.tests.test_writer" name="test_write_date[lxml-value0-False-&lt;c r=&quot;A1&quot; t=&quot;n&quot; s=&quot;1&quot;&gt;&lt;v&gt;40902&lt;/v&gt;&lt;/c&gt;]" time="0.152" /><testcase classname="openpyxl.cell.tests.test_writer" name="test_write_date[lxml-value1-True-&lt;c r=&quot;A1&quot; t=&quot;d&quot; s=&quot;1&quot;&gt;&lt;v&gt;2011-12-25&lt;/v&gt;&lt;/c&gt;]" time="0.185" /><testcase classname="openpyxl.cell.tests.test_writer" name="test_write_date[lxml-value2-False-&lt;c r=&quot;A1&quot; t=&quot;n&quot; s=&quot;1&quot;&gt;&lt;v&gt;40902.59994212963&lt;/v&gt;&lt;/c&gt;]" time="0.064" /><testcase classname="openpyxl.cell.tests.test_writer" name="test_write_date[lxml-value3-True-&lt;c r=&quot;A1&quot; t=&quot;d&quot; s=&quot;1&quot;&gt;&lt;v&gt;2011-12-25T14:23:55&lt;/v&gt;&lt;/c&gt;]" time="0.094" /><testcase classname="openpyxl.cell.tests.test_writer" name="test_write_date[lxml-value4-False-&lt;c r=&quot;A1&quot; t=&quot;n&quot; s=&quot;1&quot;&gt;&lt;v&gt;0.5940393518518519&lt;/v&gt;&lt;/c&gt;]" time="0.083" /><testcase classname="openpyxl.cell.tests.test_writer" name="test_write_date[lxml-value5-True-&lt;c r=&quot;A1&quot; t=&quot;d&quot; s=&quot;1&quot;&gt;&lt;v&gt;14:15:25&lt;/v&gt;&lt;/c&gt;]" time="0.107" /><testcase classname="openpyxl.cell.tests.test_writer" name="test_write_date[lxml-value6-False-&lt;c r=&quot;A1&quot; t=&quot;n&quot; s=&quot;1&quot;&gt;&lt;v&gt;1.000034722395833&lt;/v&gt;&lt;/c&gt;]" time="0.095" /><testcase classname="openpyxl.cell.tests.test_writer" name="test_write_date[lxml-value7-True-&lt;c r=&quot;A1&quot; t=&quot;n&quot; s=&quot;1&quot;&gt;&lt;v&gt;1.000034722395833&lt;/v&gt;&lt;/c&gt;]" time="0.076" /><testcase classname="openpyxl.cell.tests.test_writer" name="test_write_invalid_date[etree-value0-True]" time="0.065" /><testcase classname="openpyxl.cell.tests.test_writer" name="test_write_invalid_date[etree-value1-False]" time="0.069" /><testcase classname="openpyxl.cell.tests.test_writer" name="test_write_invalid_date[etree-value2-True]" time="0.069" /><testcase classname="openpyxl.cell.tests.test_writer" name="test_write_invalid_date[etree-value3-False]" time="0.096" /><testcase classname="openpyxl.cell.tests.test_writer" name="test_write_invalid_date[lxml-value0-True]" time="0.065" /><testcase classname="openpyxl.cell.tests.test_writer" name="test_write_invalid_date[lxml-value1-False]" time="0.077" /><testcase classname="openpyxl.cell.tests.test_writer" name="test_write_invalid_date[lxml-value2-True]" time="0.081" /><testcase classname="openpyxl.cell.tests.test_writer" name="test_write_invalid_date[lxml-value3-False]" time="0.080" /><testcase classname="openpyxl.cell.tests.test_writer" name="test_write_epoch[etree-value0-&lt;c r=&quot;A1&quot; t=&quot;n&quot; s=&quot;1&quot;&gt;&lt;v&gt;40902&lt;/v&gt;&lt;/c&gt;-epoch0]" time="0.088" /><testcase classname="openpyxl.cell.tests.test_writer" name="test_write_epoch[etree-value1-&lt;c r=&quot;A1&quot; t=&quot;n&quot; s=&quot;1&quot;&gt;&lt;v&gt;39440&lt;/v&gt;&lt;/c&gt;-epoch1]" time="0.080" /><testcase classname="openpyxl.cell.tests.test_writer" name="test_write_epoch[lxml-value0-&lt;c r=&quot;A1&quot; t=&quot;n&quot; s=&quot;1&quot;&gt;&lt;v&gt;40902&lt;/v&gt;&lt;/c&gt;-epoch0]" time="0.104" /><testcase classname="openpyxl.cell.tests.test_writer" name="test_write_epoch[lxml-value1-&lt;c r=&quot;A1&quot; t=&quot;n&quot; s=&quot;1&quot;&gt;&lt;v&gt;39440&lt;/v&gt;&lt;/c&gt;-epoch1]" time="0.083" /><testcase classname="openpyxl.cell.tests.test_writer" name="test_write_hyperlink[etree]" time="0.068" /><testcase classname="openpyxl.cell.tests.test_writer" name="test_write_hyperlink[lxml]" time="0.083" /><testcase classname="openpyxl.cell.tests.test_writer" name="test_attributes[test-test-attrs0]" time="0.072" /><testcase classname="openpyxl.cell.tests.test_writer" name="test_attributes[=SUM(A1:A2)-=SUM(A1:A2)-attrs1]" time="0.065" /><testcase classname="openpyxl.cell.tests.test_writer" name="test_attributes[value2-43337-attrs2]" time="0.070" /><testcase classname="openpyxl.cell.tests.test_writer" name="test_whitespace[etree]" time="0.072" /><testcase classname="openpyxl.cell.tests.test_writer" name="test_whitespace[lxml]" time="0.078" /><testcase classname="openpyxl.chart.tests.test_3d.TestView3D" name="test_ctor" time="0.035" /><testcase classname="openpyxl.chart.tests.test_3d.TestView3D" name="test_from_xml" time="0.020" /><testcase classname="openpyxl.chart.tests.test_3d.TestSurface" name="test_ctor" time="0.040" /><testcase classname="openpyxl.chart.tests.test_3d.TestSurface" name="test_from_xml" time="0.028" /><testcase classname="openpyxl.chart.tests.test_area_chart.TestAreaChart" name="test_ctor" time="0.049" /><testcase classname="openpyxl.chart.tests.test_area_chart.TestAreaChart" name="test_from_xml" time="0.051" /><testcase classname="openpyxl.chart.tests.test_area_chart.TestAreaChart" name="test_write" time="0.259" /><testcase classname="openpyxl.chart.tests.test_area_chart.TestAreaChart3D" name="test_ctor" time="0.065" /><testcase classname="openpyxl.chart.tests.test_area_chart.TestAreaChart3D" name="test_from_xml" time="0.048" /><testcase classname="openpyxl.chart.tests.test_axis.TestScale" name="test_ctor" time="0.021" /><testcase classname="openpyxl.chart.tests.test_axis.TestScale" name="test_from_xml" time="0.022" /><testcase classname="openpyxl.chart.tests.test_axis.TestAxis" name="test_ctor" time="0.039" /><testcase classname="openpyxl.chart.tests.test_axis.TestTextAxis" name="test_ctor" time="0.038" /><testcase classname="openpyxl.chart.tests.test_axis.TestTextAxis" name="test_from_xml" time="0.027" /><testcase classname="openpyxl.chart.tests.test_axis.TestValAx" name="test_ctor" time="0.036" /><testcase classname="openpyxl.chart.tests.test_axis.TestValAx" name="test_from_xml" time="0.031" /><testcase classname="openpyxl.chart.tests.test_axis.TestDateAx" name="test_ctor" time="0.052" /><testcase classname="openpyxl.chart.tests.test_axis.TestDateAx" name="test_from_xml" time="0.028" /><testcase classname="openpyxl.chart.tests.test_axis.TestSeriesAxis" name="test_ctor" time="0.043" /><testcase classname="openpyxl.chart.tests.test_axis.TestSeriesAxis" name="test_from_xml" time="0.027" /><testcase classname="openpyxl.chart.tests.test_axis.TestDispUnitsLabel" name="test_ctor" time="0.018" /><testcase classname="openpyxl.chart.tests.test_axis.TestDispUnitsLabel" name="test_from_xml" time="0.020" /><testcase classname="openpyxl.chart.tests.test_axis.TestDisplayUnitList" name="test_ctor" time="0.019" /><testcase classname="openpyxl.chart.tests.test_axis.TestDisplayUnitList" name="test_from_xml" time="0.015" /><testcase classname="openpyxl.chart.tests.test_axis.TestChartLines" name="test_ctor" time="1.141" /><testcase classname="openpyxl.chart.tests.test_axis.TestChartLines" name="test_from_xml" time="0.018" /><testcase classname="openpyxl.chart.tests.test_bar_chart.TestBarChart" name="test_ctor" time="0.066" /><testcase classname="openpyxl.chart.tests.test_bar_chart.TestBarChart" name="test_from_tree" time="0.042" /><testcase classname="openpyxl.chart.tests.test_bar_chart.TestBarChart" name="test_write" time="0.294" /><testcase classname="openpyxl.chart.tests.test_bar_chart.TestBarChart" name="test_series" time="0.133" /><testcase classname="openpyxl.chart.tests.test_bar_chart.TestBarChart3D" name="test_ctor" time="0.052" /><testcase classname="openpyxl.chart.tests.test_bar_chart.TestBarChart3D" name="test_from_xml" time="0.034" /><testcase classname="openpyxl.chart.tests.test_bubble_chart.TestBubbleChart" name="test_ctor" time="0.035" /><testcase classname="openpyxl.chart.tests.test_bubble_chart.TestBubbleChart" name="test_from_xml" time="0.018" /><testcase classname="openpyxl.chart.tests.test_chart.TestChartBase" name="test_ctor" time="0.014" /><testcase classname="openpyxl.chart.tests.test_chart.TestChartBase" name="test_iadd" time="0.315" /><testcase classname="openpyxl.chart.tests.test_chart.TestChartBase" name="test_invalid_add" time="0.021" /><testcase classname="openpyxl.chart.tests.test_chart.TestChartBase" name="test_set_catgories" time="0.033" /><testcase classname="openpyxl.chart.tests.test_chart.TestChartBase" name="test_add_data_cols" time="0.027" /><testcase classname="openpyxl.chart.tests.test_chart.TestChartBase" name="test_add_data_rows" time="0.022" /><testcase classname="openpyxl.chart.tests.test_chart.TestChartBase" name="test_hash_function" time="0.018" /><testcase classname="openpyxl.chart.tests.test_chart.TestChartBase" name="test_path" time="0.016" /><testcase classname="openpyxl.chart.tests.test_chart.TestChartBase" name="test_plot_area" time="0.013" /><testcase classname="openpyxl.chart.tests.test_chart.TestChartBase" name="test_save_twice" time="0.049" /><testcase classname="openpyxl.chart.tests.test_chart.TestChartBase" name="test_axIds" time="0.014" /><testcase classname="openpyxl.chart.tests.test_chart.TestChartBase" name="test_plot_visible_cells" time="0.043" /><testcase classname="openpyxl.chart.tests.test_chart.TestChartBase" name="test_pivot_source" time="0.063" /><testcase classname="openpyxl.chart.tests.test_chart.TestChartBase" name="test_pivot_format" time="0.050" /><testcase classname="openpyxl.chart.tests.test_chart.TestChartBase" name="test_reindex" time="0.039" /><testcase classname="openpyxl.chart.tests.test_chartspace.TestChartContainer" name="test_ctor" time="0.034" /><testcase classname="openpyxl.chart.tests.test_chartspace.TestChartContainer" name="test_from_xml" time="0.023" /><testcase classname="openpyxl.chart.tests.test_chartspace.TestProtection" name="test_ctor" time="0.020" /><testcase classname="openpyxl.chart.tests.test_chartspace.TestProtection" name="test_from_xml" time="0.017" /><testcase classname="openpyxl.chart.tests.test_chartspace.TestExternalData" name="test_ctor" time="0.017" /><testcase classname="openpyxl.chart.tests.test_chartspace.TestExternalData" name="test_from_xml" time="0.021" /><testcase classname="openpyxl.chart.tests.test_chartspace.TestChartSpace" name="test_ctor" time="0.031" /><testcase classname="openpyxl.chart.tests.test_chartspace.TestChartSpace" name="test_from_xml" time="0.067" /><testcase classname="openpyxl.chart.tests.test_data_source.TestNumRef" name="test_from_xml" time="0.016" /><testcase classname="openpyxl.chart.tests.test_data_source.TestNumRef" name="test_to_xml" time="0.022" /><testcase classname="openpyxl.chart.tests.test_data_source.TestNumRef" name="test_from_tree_degree_sign" time="0.024" /><testcase classname="openpyxl.chart.tests.test_data_source.TestStrRef" name="test_ctor" time="0.018" /><testcase classname="openpyxl.chart.tests.test_data_source.TestStrRef" name="test_from_xml" time="0.017" /><testcase classname="openpyxl.chart.tests.test_data_source.TestStrVal" name="test_ctor" time="0.028" /><testcase classname="openpyxl.chart.tests.test_data_source.TestStrVal" name="test_from_xml" time="0.020" /><testcase classname="openpyxl.chart.tests.test_data_source.TestStrData" name="test_ctor" time="0.018" /><testcase classname="openpyxl.chart.tests.test_data_source.TestStrData" name="test_from_xml" time="0.018" /><testcase classname="openpyxl.chart.tests.test_data_source.TestLevel" name="test_ctor" time="0.020" /><testcase classname="openpyxl.chart.tests.test_data_source.TestLevel" name="test_from_xml" time="0.012" /><testcase classname="openpyxl.chart.tests.test_data_source.TestMultiLevelStrData" name="test_ctor" time="0.018" /><testcase classname="openpyxl.chart.tests.test_data_source.TestMultiLevelStrData" name="test_from_xml" time="0.015" /><testcase classname="openpyxl.chart.tests.test_data_source.TestMultiLevelStrRef" name="test_ctor" time="0.020" /><testcase classname="openpyxl.chart.tests.test_data_source.TestMultiLevelStrRef" name="test_from_xml" time="0.017" /><testcase classname="openpyxl.chart.tests.test_data_source.TestAxDataSource" name="test_ctor" time="0.030" /><testcase classname="openpyxl.chart.tests.test_data_source.TestAxDataSource" name="test_no_source" time="0.012" /><testcase classname="openpyxl.chart.tests.test_data_source.TestAxDataSource" name="test_from_xml" time="0.016" /><testcase classname="openpyxl.chart.tests.test_error_bar.TestErrorBar" name="test_ctor" time="0.021" /><testcase classname="openpyxl.chart.tests.test_error_bar.TestErrorBar" name="test_from_xml" time="0.023" /><testcase classname="openpyxl.chart.tests.test_label.TestDataLabeList" name="test_ctor" time="0.031" /><testcase classname="openpyxl.chart.tests.test_label.TestDataLabeList" name="test_from_xml" time="0.016" /><testcase classname="openpyxl.chart.tests.test_label.TestDataLabel" name="test_ctor" time="0.023" /><testcase classname="openpyxl.chart.tests.test_label.TestDataLabel" name="test_from_xml" time="0.019" /><testcase classname="openpyxl.chart.tests.test_layout.TestManualLayout" name="test_ctor" time="0.047" /><testcase classname="openpyxl.chart.tests.test_layout.TestManualLayout" name="test_from_xml" time="0.024" /><testcase classname="openpyxl.chart.tests.test_layout.TestLayout" name="test_ctor" time="0.015" /><testcase classname="openpyxl.chart.tests.test_legend.TestLegend" name="test_ctor" time="0.032" /><testcase classname="openpyxl.chart.tests.test_legend.TestLegend" name="test_from_xml" time="0.019" /><testcase classname="openpyxl.chart.tests.test_legend.TestLegendEntry" name="test_ctor" time="0.026" /><testcase classname="openpyxl.chart.tests.test_legend.TestLegendEntry" name="test_from_xml" time="0.016" /><testcase classname="openpyxl.chart.tests.test_line_chart.TestLineChart" name="test_ctor" time="0.038" /><testcase classname="openpyxl.chart.tests.test_line_chart.TestLineChart" name="test_from_xml" time="0.026" /><testcase classname="openpyxl.chart.tests.test_line_chart.TestLineChart" name="test_axes" time="0.025" /><testcase classname="openpyxl.chart.tests.test_line_chart.TestLineChart3D" name="test_ctor" time="0.047" /><testcase classname="openpyxl.chart.tests.test_line_chart.TestLineChart3D" name="test_from_xml" time="0.029" /><testcase classname="openpyxl.chart.tests.test_marker.TestMarker" name="test_ctor" time="0.031" /><testcase classname="openpyxl.chart.tests.test_marker.TestMarker" name="test_from_xml" time="0.016" /><testcase classname="openpyxl.chart.tests.test_marker.TestDataPoint" name="test_ctor" time="0.030" /><testcase classname="openpyxl.chart.tests.test_marker.TestDataPoint" name="test_from_xml" time="0.023" /><testcase classname="openpyxl.chart.tests.test_picture.TestPictureOptions" name="test_ctor" time="0.020" /><testcase classname="openpyxl.chart.tests.test_picture.TestPictureOptions" name="test_from_xml" time="0.021" /><testcase classname="openpyxl.chart.tests.test_pie_chart.TestPieChart" name="test_ctor" time="0.029" /><testcase classname="openpyxl.chart.tests.test_pie_chart.TestPieChart" name="test_from_xml" time="0.021" /><testcase classname="openpyxl.chart.tests.test_pie_chart.TestPieChart3D" name="test_ctor" time="0.023" /><testcase classname="openpyxl.chart.tests.test_pie_chart.TestDoughnutChart" name="test_ctor" time="0.032" /><testcase classname="openpyxl.chart.tests.test_pie_chart.TestDoughnutChart" name="test_from_xml" time="0.017" /><testcase classname="openpyxl.chart.tests.test_pie_chart.TestProjectedPieChart" name="test_ctor" time="0.044" /><testcase classname="openpyxl.chart.tests.test_pie_chart.TestProjectedPieChart" name="test_from_xml" time="0.033" /><testcase classname="openpyxl.chart.tests.test_pie_chart.TestCustomSplit" name="test_ctor" time="0.077" /><testcase classname="openpyxl.chart.tests.test_pie_chart.TestCustomSplit" name="test_from_xml" time="0.014" /><testcase classname="openpyxl.chart.tests.test_pivot.TestPivotSource" name="test_ctor" time="0.023" /><testcase classname="openpyxl.chart.tests.test_pivot.TestPivotSource" name="test_from_xml" time="0.018" /><testcase classname="openpyxl.chart.tests.test_pivot.TestPivotFormat" name="test_ctor" time="0.018" /><testcase classname="openpyxl.chart.tests.test_pivot.TestPivotFormat" name="test_from_xml" time="0.015" /><testcase classname="openpyxl.chart.tests.test_plotarea.TestPlotArea" name="test_ctor" time="0.020" /><testcase classname="openpyxl.chart.tests.test_plotarea.TestPlotArea" name="test_from_xml" time="0.015" /><testcase classname="openpyxl.chart.tests.test_plotarea.TestPlotArea" name="test_multi_chart" time="0.182" /><testcase classname="openpyxl.chart.tests.test_plotarea.TestPlotArea" name="test_read_multi_chart" time="0.227" /><testcase classname="openpyxl.chart.tests.test_plotarea.TestPlotArea" name="test_read_multi_axes" time="0.327" /><testcase classname="openpyxl.chart.tests.test_plotarea.TestPlotArea" name="test_read_scatter_chart" time="0.143" /><testcase classname="openpyxl.chart.tests.test_plotarea.TestPlotArea" name="test_read_bubble_chart" time="1.197" /><testcase classname="openpyxl.chart.tests.test_plotarea.TestPlotArea" name="test_read_surface_chart_3d" time="0.240" /><testcase classname="openpyxl.chart.tests.test_plotarea.TestPlotArea" name="test_read_bar_chart_3d" time="0.117" /><testcase classname="openpyxl.chart.tests.test_plotarea.TestPlotArea" name="test_read_bar_chart_3d_no_series_axis" time="0.095" /><testcase classname="openpyxl.chart.tests.test_plotarea.TestDataTable" name="test_ctor" time="0.016" /><testcase classname="openpyxl.chart.tests.test_plotarea.TestDataTable" name="test_from_xml" time="0.015" /><testcase classname="openpyxl.chart.tests.test_print.TestPrintSettings" name="test_ctor" time="0.017" /><testcase classname="openpyxl.chart.tests.test_print.TestPrintSettings" name="test_from_xml" time="0.020" /><testcase classname="openpyxl.chart.tests.test_print.TestPageMargins" name="test_ctor" time="0.019" /><testcase classname="openpyxl.chart.tests.test_print.TestPageMargins" name="test_from_xml" time="0.025" /><testcase classname="openpyxl.chart.tests.test_radar_chart.TestRadarChart" name="test_ctor" time="0.042" /><testcase classname="openpyxl.chart.tests.test_radar_chart.TestRadarChart" name="test_from_xml" time="0.020" /><testcase classname="openpyxl.chart.tests.test_reader" name="test_read" time="0.998" /><testcase classname="openpyxl.chart.tests.test_reader" name="test_read_chart_with_no_series" time="0.129" /><testcase classname="openpyxl.chart.tests.test_reference.TestReference" name="test_ctor" time="0.012" /><testcase classname="openpyxl.chart.tests.test_reference.TestReference" name="test_single_cell" time="0.014" /><testcase classname="openpyxl.chart.tests.test_reference.TestReference" name="test_from_string" time="0.013" /><testcase classname="openpyxl.chart.tests.test_reference.TestReference" name="test_cols" time="0.013" /><testcase classname="openpyxl.chart.tests.test_reference.TestReference" name="test_rows" time="0.019" /><testcase classname="openpyxl.chart.tests.test_reference.TestReference" name="test_pop[Sheet1!A1:A10-A1-1-2]" time="0.021" /><testcase classname="openpyxl.chart.tests.test_reference.TestReference" name="test_pop[Sheet!A1:E1-A1-2-1]" time="0.025" /><testcase classname="openpyxl.chart.tests.test_reference.TestReference" name="test_length[Sheet1!A1:A10-10]" time="0.018" /><testcase classname="openpyxl.chart.tests.test_reference.TestReference" name="test_length[Sheet!A1:E1-5]" time="0.018" /><testcase classname="openpyxl.chart.tests.test_reference.TestReference" name="test_repr" time="0.014" /><testcase classname="openpyxl.chart.tests.test_scatter_chart.TestScatterChart" name="test_ctor" time="0.046" /><testcase classname="openpyxl.chart.tests.test_scatter_chart.TestScatterChart" name="test_from_xml" time="0.027" /><testcase classname="openpyxl.chart.tests.test_series.TestBarSer" name="test_from_tree" time="0.059" /><testcase classname="openpyxl.chart.tests.test_series.TestAreaSer" name="test_from_tree" time="0.059" /><testcase classname="openpyxl.chart.tests.test_series.TestBubbleSer" name="test_from_tree" time="0.181" /><testcase classname="openpyxl.chart.tests.test_series.TestPieSer" name="test_from_tree" time="0.048" /><testcase classname="openpyxl.chart.tests.test_series.TestRadarSer" name="test_from_tree" time="0.192" /><testcase classname="openpyxl.chart.tests.test_series.TestScatterSer" name="test_from_tree" time="0.094" /><testcase classname="openpyxl.chart.tests.test_series.TestSurfaceSer" name="test_from_tree" time="0.061" /><testcase classname="openpyxl.chart.tests.test_series.TestSeriesLabel" name="test_ctor" time="0.018" /><testcase classname="openpyxl.chart.tests.test_series.TestSeriesLabel" name="test_from_xml" time="0.019" /><testcase classname="openpyxl.chart.tests.test_series_factory.TestSeriesFactory" name="test_ctor" time="0.036" /><testcase classname="openpyxl.chart.tests.test_series_factory.TestSeriesFactory" name="test_manual_idx" time="0.034" /><testcase classname="openpyxl.chart.tests.test_series_factory.TestSeriesFactory" name="test_manual_order" time="0.047" /><testcase classname="openpyxl.chart.tests.test_series_factory.TestSeriesFactory" name="test_title" time="0.035" /><testcase classname="openpyxl.chart.tests.test_series_factory.TestSeriesFactory" name="test_title_from_data" time="0.045" /><testcase classname="openpyxl.chart.tests.test_series_factory.TestSeriesFactory" name="test_xy" time="0.020" /><testcase classname="openpyxl.chart.tests.test_series_factory.TestSeriesFactory" name="test_zvalues" time="0.058" /><testcase classname="openpyxl.chart.tests.test_shapes.TestShapeProperties" name="test_ctor" time="0.025" /><testcase classname="openpyxl.chart.tests.test_shapes.TestShapeProperties" name="test_from_xml" time="0.032" /><testcase classname="openpyxl.chart.tests.test_stock_chart.TestStockChart" name="test_ctor" time="0.202" /><testcase classname="openpyxl.chart.tests.test_stock_chart.TestStockChart" name="test_from_xml" time="0.022" /><testcase classname="openpyxl.chart.tests.test_surface_chart.TestSurfaceChart" name="test_ctor" time="0.043" /><testcase classname="openpyxl.chart.tests.test_surface_chart.TestSurfaceChart" name="test_from_xml" time="0.044" /><testcase classname="openpyxl.chart.tests.test_surface_chart.TestSurfaceChart3D" name="test_ctor" time="0.038" /><testcase classname="openpyxl.chart.tests.test_surface_chart.TestSurfaceChart3D" name="test_from_xml" time="0.055" /><testcase classname="openpyxl.chart.tests.test_surface_chart.TestBandFormat" name="test_ctor" time="0.020" /><testcase classname="openpyxl.chart.tests.test_surface_chart.TestBandFormat" name="test_from_xml" time="0.019" /><testcase classname="openpyxl.chart.tests.test_surface_chart.TestBandFormatList" name="test_ctor" time="0.017" /><testcase classname="openpyxl.chart.tests.test_surface_chart.TestBandFormatList" name="test_from_xml" time="0.014" /><testcase classname="openpyxl.chart.tests.test_text.TestRichText" name="test_ctor" time="0.028" /><testcase classname="openpyxl.chart.tests.test_text.TestRichText" name="test_from_xml" time="0.016" /><testcase classname="openpyxl.chart.tests.test_text.TestText" name="test_ctor" time="0.024" /><testcase classname="openpyxl.chart.tests.test_text.TestText" name="test_from_xml" time="0.017" /><testcase classname="openpyxl.chart.tests.test_text.TestText" name="test_only_one" time="0.033" /><testcase classname="openpyxl.chart.tests.test_title.TestTitle" name="test_ctor" time="0.030" /><testcase classname="openpyxl.chart.tests.test_title.TestTitle" name="test_from_xml" time="0.023" /><testcase classname="openpyxl.chart.tests.test_title" name="test_title_maker" time="0.063" /><testcase classname="openpyxl.chart.tests.test_trendline.TestTrendlineLabel" name="test_ctor" time="0.020" /><testcase classname="openpyxl.chart.tests.test_trendline.TestTrendlineLabel" name="test_from_xml" time="0.014" /><testcase classname="openpyxl.chart.tests.test_trendline.TestTrendline" name="test_ctor" time="0.032" /><testcase classname="openpyxl.chart.tests.test_trendline.TestTrendline" name="test_from_xml" time="0.021" /><testcase classname="openpyxl.chart.tests.test_updown_bars.TestUpDownBars" name="test_ctor" time="0.089" /><testcase classname="openpyxl.chart.tests.test_updown_bars.TestUpDownBars" name="test_from_xml" time="0.012" /><testcase classname="openpyxl.chartsheet.tests.test_chartsheet.TestChartsheet" name="test_ctor" time="0.033" /><testcase classname="openpyxl.chartsheet.tests.test_chartsheet.TestChartsheet" name="test_read" time="0.031" /><testcase classname="openpyxl.chartsheet.tests.test_chartsheet.TestChartsheet" name="test_write" time="0.049" /><testcase classname="openpyxl.chartsheet.tests.test_chartsheet.TestChartsheet" name="test_write_charts" time="0.046" /><testcase classname="openpyxl.chartsheet.tests.test_custom.TestCustomChartsheetView" name="test_read" time="0.021" /><testcase classname="openpyxl.chartsheet.tests.test_custom.TestCustomChartsheetView" name="test_write" time="0.027" /><testcase classname="openpyxl.chartsheet.tests.test_custom.TestCustomChartsheetViews" name="test_read" time="0.021" /><testcase classname="openpyxl.chartsheet.tests.test_custom.TestCustomChartsheetViews" name="test_write" time="0.026" /><testcase classname="openpyxl.chartsheet.tests.test_properties.TestChartsheetPr" name="test_read" time="0.017" /><testcase classname="openpyxl.chartsheet.tests.test_properties.TestChartsheetPr" name="test_write" time="0.025" /><testcase classname="openpyxl.chartsheet.tests.test_protection.TestChartsheetProtection" name="test_read" time="0.012" /><testcase classname="openpyxl.chartsheet.tests.test_protection.TestChartsheetProtection" name="test_write" time="0.081" /><testcase classname="openpyxl.chartsheet.tests.test_protection.TestChartsheetProtection" name="test_password" time="0.016" /><testcase classname="openpyxl.chartsheet.tests.test_publish.TestWebPulishItem" name="test_read" time="0.012" /><testcase classname="openpyxl.chartsheet.tests.test_publish.TestWebPulishItem" name="test_write" time="0.029" /><testcase classname="openpyxl.chartsheet.tests.test_publish.TestWebPublishItems" name="test_read" time="0.020" /><testcase classname="openpyxl.chartsheet.tests.test_publish.TestWebPublishItems" name="test_write" time="0.042" /><testcase classname="openpyxl.chartsheet.tests.test_relation.TestSheetBackgroundPicture" name="test_read" time="0.013" /><testcase classname="openpyxl.chartsheet.tests.test_relation.TestSheetBackgroundPicture" name="test_write" time="0.016" /><testcase classname="openpyxl.chartsheet.tests.test_relation.TestDrawingHF" name="test_read" time="0.014" /><testcase classname="openpyxl.chartsheet.tests.test_relation.TestDrawingHF" name="test_write" time="0.019" /><testcase classname="openpyxl.chartsheet.tests.test_views.TestChartsheetView" name="test_read" time="0.016" /><testcase classname="openpyxl.chartsheet.tests.test_views.TestChartsheetView" name="test_write" time="0.022" /><testcase classname="openpyxl.chartsheet.tests.test_views.TestChartsheetViewList" name="test_read" time="0.013" /><testcase classname="openpyxl.chartsheet.tests.test_views.TestChartsheetViewList" name="test_write" time="0.024" /><testcase classname="openpyxl.comments.tests.test_author.TestAuthor" name="test_ctor" time="0.031" /><testcase classname="openpyxl.comments.tests.test_author.TestAuthor" name="test_from_xml" time="0.017" /><testcase classname="openpyxl.comments.tests.test_comment.TestComment" name="test_ctor" time="0.013" /><testcase classname="openpyxl.comments.tests.test_comment.TestComment" name="test_bind" time="0.010" /><testcase classname="openpyxl.comments.tests.test_comment.TestComment" name="test_unbind" time="0.010" /><testcase classname="openpyxl.comments.tests.test_comment.TestComment" name="test_copy" time="0.010" /><testcase classname="openpyxl.comments.tests.test_comment_reader" name="test_read_comments" time="0.090" /><testcase classname="openpyxl.comments.tests.test_comment_reader" name="test_comments_cell_association" time="0.612" /><testcase classname="openpyxl.comments.tests.test_comment_reader" name="test_comments_with_iterators" time="0.428" /><testcase classname="openpyxl.comments.tests.test_comment_sheet.TestComment" name="test_ctor" time="0.021" /><testcase classname="openpyxl.comments.tests.test_comment_sheet.TestComment" name="test_from_xml" time="0.014" /><testcase classname="openpyxl.comments.tests.test_comment_sheet.TestCommentSheet" name="test_read_comments" time="0.049" /><testcase classname="openpyxl.comments.tests.test_comment_sheet.TestCommentSheet" name="test_from_comments" time="0.132" /><testcase classname="openpyxl.comments.tests.test_comment_sheet.TestCommentSheet" name="test_path" time="0.010" /><testcase classname="openpyxl.comments.tests.test_comment_sheet" name="test_read_google_docs" time="0.017" /><testcase classname="openpyxl.comments.tests.test_shape_writer" name="test_merge_comments_vml" time="0.185" /><testcase classname="openpyxl.comments.tests.test_shape_writer" name="test_write_comments_vml" time="0.236" /><testcase classname="openpyxl.comments.tests.test_shape_writer" name="test_shape" time="0.037" /><testcase classname="openpyxl.comments.tests.test_shape_writer" name="test_shape_with_custom_size" time="0.054" /><testcase classname="openpyxl.compat.tests.test_compat" name="test_safe_string[s-s]" time="0.017" /><testcase classname="openpyxl.compat.tests.test_compat" name="test_safe_string[0.6666666666666666-0.6666666666666666]" time="0.013" /><testcase classname="openpyxl.compat.tests.test_compat" name="test_safe_string[1-1]" time="0.022" /><testcase classname="openpyxl.compat.tests.test_compat" name="test_safe_string[None-none]" time="0.014" /><testcase classname="openpyxl.compat.tests.test_compat" name="test_safe_string[nan-]" time="0.015" /><testcase classname="openpyxl.compat.tests.test_compat" name="test_safe_string[inf-]" time="0.010" /><testcase classname="openpyxl.compat.tests.test_compat" name="test_numeric_types" time="0.011" /><testcase classname="openpyxl.compat.tests.test_compat" name="test_numpy_tostring" time="0.016" /><testcase classname="openpyxl.compat.tests.test_compat" name="test_safe_repr" time="0.009"><skipped type="pytest.skip" message="condition: sys.version_info[0]&gt;=3">/workdir/openpyxl-3.0.10/openpyxl/compat/tests/test_compat.py:69: condition: sys.version_info[0]&gt;=3</skipped></testcase><testcase classname="openpyxl.compat.tests.test_compat" name="test_deprecated_function" time="0.015" /><testcase classname="openpyxl.compat.tests.test_compat" name="test_deprecated_class" time="0.019" /><testcase classname="openpyxl.compat.tests.test_compat" name="test_deprecated_method" time="0.016" /><testcase classname="openpyxl.compat.tests.test_compat" name="test_no_deprecation_reason" time="0.012" /><testcase classname="openpyxl.compat.tests.test_compat" name="test_product" time="0.017" /><testcase classname="openpyxl.descriptors.tests.test_base.TestDescriptor" name="test_ctor" time="0.015" /><testcase classname="openpyxl.descriptors.tests.test_base.TestDescriptor" name="test_setter" time="0.013" /><testcase classname="openpyxl.descriptors.tests.test_base.TestBool" name="test_valid" time="0.013" /><testcase classname="openpyxl.descriptors.tests.test_base.TestBool" name="test_cast[1-True]" time="0.021" /><testcase classname="openpyxl.descriptors.tests.test_base.TestBool" name="test_cast[0-False0]" time="0.015" /><testcase classname="openpyxl.descriptors.tests.test_base.TestBool" name="test_cast[true-True]" time="0.014" /><testcase classname="openpyxl.descriptors.tests.test_base.TestBool" name="test_cast[false-False]" time="0.015" /><testcase classname="openpyxl.descriptors.tests.test_base.TestBool" name="test_cast[0-False1]" time="0.014" /><testcase classname="openpyxl.descriptors.tests.test_base.TestBool" name="test_cast[f-False]" time="0.017" /><testcase classname="openpyxl.descriptors.tests.test_base.TestBool" name="test_cast[-False]" time="0.014" /><testcase classname="openpyxl.descriptors.tests.test_base.TestBool" name="test_cast[value7-False]" time="0.019" /><testcase classname="openpyxl.descriptors.tests.test_base" name="test_nested" time="0.013" /><testcase classname="openpyxl.descriptors.tests.test_base.TestInt" name="test_valid" time="0.017" /><testcase classname="openpyxl.descriptors.tests.test_base.TestInt" name="test_invalid[a]" time="0.024" /><testcase classname="openpyxl.descriptors.tests.test_base.TestInt" name="test_invalid[4.5]" time="0.022" /><testcase classname="openpyxl.descriptors.tests.test_base.TestInt" name="test_invalid[None]" time="0.018" /><testcase classname="openpyxl.descriptors.tests.test_base.TestInt" name="test_cast[4-4]" time="0.016" /><testcase classname="openpyxl.descriptors.tests.test_base.TestInt" name="test_cast[4.5-4]" time="0.016" /><testcase classname="openpyxl.descriptors.tests.test_base.TestFloat" name="test_valid" time="0.016" /><testcase classname="openpyxl.descriptors.tests.test_base.TestFloat" name="test_invalid[a]" time="0.021" /><testcase classname="openpyxl.descriptors.tests.test_base.TestFloat" name="test_invalid[None]" time="0.108" /><testcase classname="openpyxl.descriptors.tests.test_base.TestFloat" name="test_cast[4.5-4.50]" time="0.015" /><testcase classname="openpyxl.descriptors.tests.test_base.TestFloat" name="test_cast[4.5-4.51]" time="0.014" /><testcase classname="openpyxl.descriptors.tests.test_base.TestFloat" name="test_cast[4-4.0]" time="0.018" /><testcase classname="openpyxl.descriptors.tests.test_base.TestAllowNone" name="test_valid" time="0.014" /><testcase classname="openpyxl.descriptors.tests.test_base.TestMax" name="test_ctor" time="0.011" /><testcase classname="openpyxl.descriptors.tests.test_base.TestMax" name="test_valid" time="0.013" /><testcase classname="openpyxl.descriptors.tests.test_base.TestMax" name="test_invalid" time="0.016" /><testcase classname="openpyxl.descriptors.tests.test_base.TestMin" name="test_ctor" time="0.010" /><testcase classname="openpyxl.descriptors.tests.test_base.TestMin" name="test_valid" time="0.018" /><testcase classname="openpyxl.descriptors.tests.test_base.TestMin" name="test_invalid" time="0.018" /><testcase classname="openpyxl.descriptors.tests.test_base.TestMinMax" name="test_ctor" time="0.013" /><testcase classname="openpyxl.descriptors.tests.test_base.TestMinMax" name="test_valid" time="0.013" /><testcase classname="openpyxl.descriptors.tests.test_base.TestMinMax" name="test_invalid" time="0.016" /><testcase classname="openpyxl.descriptors.tests.test_base.TestValues" name="test_ctor" time="0.010" /><testcase classname="openpyxl.descriptors.tests.test_base.TestValues" name="test_valid" time="0.011" /><testcase classname="openpyxl.descriptors.tests.test_base.TestValues" name="test_invalid" time="0.018" /><testcase classname="openpyxl.descriptors.tests.test_base" name="test_noneset" time="0.010" /><testcase classname="openpyxl.descriptors.tests.test_base.TestASCII" name="test_valid" time="0.013" /><testcase classname="openpyxl.descriptors.tests.test_base.TestASCII" name="test_invalid[\xfc]" time="0.018" /><testcase classname="openpyxl.descriptors.tests.test_base.TestASCII" name="test_invalid[10]" time="0.015" /><testcase classname="openpyxl.descriptors.tests.test_base.TestASCII" name="test_invalid[value2]" time="0.016" /><testcase classname="openpyxl.descriptors.tests.test_base.TestString" name="test_valid" time="0.020" /><testcase classname="openpyxl.descriptors.tests.test_base.TestString" name="test_invalid" time="0.018" /><testcase classname="openpyxl.descriptors.tests.test_base.TestTuple" name="test_valid" time="0.014" /><testcase classname="openpyxl.descriptors.tests.test_base.TestTuple" name="test_invalid" time="0.017" /><testcase classname="openpyxl.descriptors.tests.test_base.TestLength" name="test_valid" time="0.015" /><testcase classname="openpyxl.descriptors.tests.test_base.TestLength" name="test_invalid" time="0.021" /><testcase classname="openpyxl.descriptors.tests.test_excel.TestUniversalMeasure" name="test_valid[24.73mm]" time="0.016" /><testcase classname="openpyxl.descriptors.tests.test_excel.TestUniversalMeasure" name="test_valid[0cm]" time="0.015" /><testcase classname="openpyxl.descriptors.tests.test_excel.TestUniversalMeasure" name="test_valid[24pt]" time="0.014" /><testcase classname="openpyxl.descriptors.tests.test_excel.TestUniversalMeasure" name="test_valid[999pc]" time="0.015" /><testcase classname="openpyxl.descriptors.tests.test_excel.TestUniversalMeasure" name="test_valid[50pi]" time="0.016" /><testcase classname="openpyxl.descriptors.tests.test_excel.TestUniversalMeasure" name="test_invalid[24.73]" time="0.016" /><testcase classname="openpyxl.descriptors.tests.test_excel.TestUniversalMeasure" name="test_invalid[24.73zz]" time="0.014" /><testcase classname="openpyxl.descriptors.tests.test_excel.TestUniversalMeasure" name="test_invalid[24.73 mm]" time="0.015" /><testcase classname="openpyxl.descriptors.tests.test_excel.TestUniversalMeasure" name="test_invalid[None]" time="0.016" /><testcase classname="openpyxl.descriptors.tests.test_excel.TestUniversalMeasure" name="test_invalid[-24.73cm]" time="0.013" /><testcase classname="openpyxl.descriptors.tests.test_excel.TestHexBinary" name="test_valid[aa35efd]" time="0.014" /><testcase classname="openpyxl.descriptors.tests.test_excel.TestHexBinary" name="test_valid[AABBCCDD]" time="0.018" /><testcase classname="openpyxl.descriptors.tests.test_excel.TestHexBinary" name="test_invalid[GGII]" time="0.015" /><testcase classname="openpyxl.descriptors.tests.test_excel.TestHexBinary" name="test_invalid[35.5]" time="0.018" /><testcase classname="openpyxl.descriptors.tests.test_excel.TestTextPoint" name="test_valid[-400000]" time="0.019" /><testcase classname="openpyxl.descriptors.tests.test_excel.TestTextPoint" name="test_valid[400000]" time="0.017" /><testcase classname="openpyxl.descriptors.tests.test_excel.TestTextPoint" name="test_valid[0]" time="0.016" /><testcase classname="openpyxl.descriptors.tests.test_excel.TestTextPoint" name="test_invalid_value" time="0.012" /><testcase classname="openpyxl.descriptors.tests.test_excel.TestTextPoint" name="test_invalid_type" time="0.013" /><testcase classname="openpyxl.descriptors.tests.test_excel.TestPercentage" name="test_valid[15%-15000]" time="0.015" /><testcase classname="openpyxl.descriptors.tests.test_excel.TestPercentage" name="test_valid[1500-1500]" time="0.022" /><testcase classname="openpyxl.descriptors.tests.test_excel.TestPercentage" name="test_valid[15.5%-15500]" time="0.015" /><testcase classname="openpyxl.descriptors.tests.test_excel.TestPercentage" name="test_invalid[2000000]" time="0.013" /><testcase classname="openpyxl.descriptors.tests.test_excel.TestPercentage" name="test_invalid[-1000001]" time="0.017" /><testcase classname="openpyxl.descriptors.tests.test_excel.TestGuid" name="test_valid[{00000000-5BD2-4BC8-9F70-7020E1357FB2]" time="0.020" /><testcase classname="openpyxl.descriptors.tests.test_excel.TestBase64Binary" name="test_valid[==0F]" time="0.014" /><testcase classname="openpyxl.descriptors.tests.test_excel.TestCellRange" name="test_valid[A1]" time="0.026" /><testcase classname="openpyxl.descriptors.tests.test_excel.TestCellRange" name="test_valid[A1:H5]" time="0.027" /><testcase classname="openpyxl.descriptors.tests.test_excel.TestCellRange" name="test_valid[A:B]" time="0.034" /><testcase classname="openpyxl.descriptors.tests.test_excel.TestCellRange" name="test_invalid[A1:]" time="0.024" /><testcase classname="openpyxl.descriptors.tests.test_excel.TestCellRange" name="test_invalid[A1:5]" time="0.074" /><testcase classname="openpyxl.descriptors.tests.test_excel.TestCellRange" name="test_invalid[A1:B4:C7]" time="0.022" /><testcase classname="openpyxl.descriptors.tests.test_namespace" name="test_no_namespace" time="0.011" /><testcase classname="openpyxl.descriptors.tests.test_namespace" name="test_object_namespace" time="0.011" /><testcase classname="openpyxl.descriptors.tests.test_namespace" name="test_overwrite_namespace" time="0.009" /><testcase classname="openpyxl.descriptors.tests.test_nested.TestValue" name="test_to_tree" time="0.043" /><testcase classname="openpyxl.descriptors.tests.test_nested.TestValue" name="test_from_tree" time="0.016" /><testcase classname="openpyxl.descriptors.tests.test_nested.TestValue" name="test_tag_mismatch" time="0.016" /><testcase classname="openpyxl.descriptors.tests.test_nested.TestValue" name="test_nested_to_tree" time="0.023" /><testcase classname="openpyxl.descriptors.tests.test_nested.TestValue" name="test_nested_from_tree" time="0.023" /><testcase classname="openpyxl.descriptors.tests.test_nested.TestText" name="test_to_tree" time="0.020" /><testcase classname="openpyxl.descriptors.tests.test_nested.TestText" name="test_from_tree" time="0.023" /><testcase classname="openpyxl.descriptors.tests.test_nested.TestText" name="test_nested_to_tree" time="0.032" /><testcase classname="openpyxl.descriptors.tests.test_nested.TestText" name="test_nested_from_tree" time="0.022" /><testcase classname="openpyxl.descriptors.tests.test_nested" name="test_bool_value" time="0.012" /><testcase classname="openpyxl.descriptors.tests.test_nested" name="test_noneset_value" time="0.015" /><testcase classname="openpyxl.descriptors.tests.test_nested" name="test_min_max_value" time="0.018" /><testcase classname="openpyxl.descriptors.tests.test_nested" name="test_nested_integer" time="0.013" /><testcase classname="openpyxl.descriptors.tests.test_nested" name="test_nested_float" time="0.014" /><testcase classname="openpyxl.descriptors.tests.test_nested" name="test_nested_string" time="0.012" /><testcase classname="openpyxl.descriptors.tests.test_nested.TestEmptyTag" name="test_ctor[False-False]" time="0.018" /><testcase classname="openpyxl.descriptors.tests.test_nested.TestEmptyTag" name="test_ctor[True-True]" time="0.023" /><testcase classname="openpyxl.descriptors.tests.test_nested.TestEmptyTag" name="test_ctor[None-False]" time="0.016" /><testcase classname="openpyxl.descriptors.tests.test_nested.TestEmptyTag" name="test_ctor[1-True]" time="0.019" /><testcase classname="openpyxl.descriptors.tests.test_nested.TestEmptyTag" name="test_to_tree[False-&lt;break /&gt;]" time="0.023" /><testcase classname="openpyxl.descriptors.tests.test_nested.TestEmptyTag" name="test_to_tree[True-&lt;break&gt;&lt;height /&gt;&lt;/break&gt;]" time="0.026" /><testcase classname="openpyxl.descriptors.tests.test_nested.TestEmptyTag" name="test_from_xml[False-&lt;break /&gt;]" time="0.021" /><testcase classname="openpyxl.descriptors.tests.test_nested.TestEmptyTag" name="test_from_xml[True-&lt;break&gt;&lt;height /&gt;&lt;/break&gt;]" time="0.023" /><testcase classname="openpyxl.descriptors.tests.test_nested.TestCustomAttribute" name="test_to_tree" time="0.022" /><testcase classname="openpyxl.descriptors.tests.test_nested.TestCustomAttribute" name="test_from_tree" time="0.016" /><testcase classname="openpyxl.descriptors.tests.test_sequence.TestSequence" name="test_valid_ctor[value0]" time="0.021" /><testcase classname="openpyxl.descriptors.tests.test_sequence.TestSequence" name="test_valid_ctor[value1]" time="0.023" /><testcase classname="openpyxl.descriptors.tests.test_sequence.TestSequence" name="test_invalid_container[0]" time="0.017" /><testcase classname="openpyxl.descriptors.tests.test_sequence.TestSequence" name="test_invalid_container[1]" time="0.023" /><testcase classname="openpyxl.descriptors.tests.test_sequence.TestSequence" name="test_invalid_container[value2]" time="0.047" /><testcase classname="openpyxl.descriptors.tests.test_sequence.TestSequence" name="test_invalid_container[1]" time="0.021" /><testcase classname="openpyxl.descriptors.tests.test_sequence.TestSequence" name="test_invalid_container[None]" time="0.020" /><testcase classname="openpyxl.descriptors.tests.test_sequence.TestPrimitive" name="test_to_tree" time="0.034" /><testcase classname="openpyxl.descriptors.tests.test_sequence.TestPrimitive" name="test_from_xml" time="0.015" /><testcase classname="openpyxl.descriptors.tests.test_sequence.TestComplex" name="test_to_tree" time="0.037" /><testcase classname="openpyxl.descriptors.tests.test_sequence.TestComplex" name="test_from_xml" time="0.022" /><testcase classname="openpyxl.descriptors.tests.test_sequence.TestValueSequence" name="test_to_tree" time="0.033" /><testcase classname="openpyxl.descriptors.tests.test_sequence.TestValueSequence" name="test_from_tree" time="0.014" /><testcase classname="openpyxl.descriptors.tests.test_sequence.TestNestedSequence" name="test_ctor" time="0.040" /><testcase classname="openpyxl.descriptors.tests.test_sequence.TestNestedSequence" name="test_from_tree" time="0.032" /><testcase classname="openpyxl.descriptors.tests.test_sequence.TestMultiSequence" name="test_elements" time="0.021" /><testcase classname="openpyxl.descriptors.tests.test_sequence.TestMultiSequence" name="test_attrs" time="0.020" /><testcase classname="openpyxl.descriptors.tests.test_sequence.TestMultiSequence" name="test_to_tree" time="0.040" /><testcase classname="openpyxl.descriptors.tests.test_sequence.TestMultiSequence" name="test_from_xml" time="0.027" /><testcase classname="openpyxl.descriptors.tests.test_serialisable.TestSerialisable" name="test_hash" time="0.013" /><testcase classname="openpyxl.descriptors.tests.test_serialisable.TestSerialisable" name="test_add_attrs" time="0.015" /><testcase classname="openpyxl.descriptors.tests.test_serialisable.TestSerialisable" name="test_str" time="0.018" /><testcase classname="openpyxl.descriptors.tests.test_serialisable.TestSerialisable" name="test_eq" time="0.017" /><testcase classname="openpyxl.descriptors.tests.test_serialisable.TestSerialisable" name="test_ne" time="0.014" /><testcase classname="openpyxl.descriptors.tests.test_serialisable.TestSerialisable" name="test_copy" time="0.020" /><testcase classname="openpyxl.descriptors.tests.test_serialisable.TestRelation" name="test_binding" time="0.012" /><testcase classname="openpyxl.descriptors.tests.test_serialisable.TestRelation" name="test_to_tree" time="0.018" /><testcase classname="openpyxl.descriptors.tests.test_serialisable.TestRelation" name="test_from_tree" time="0.061" /><testcase classname="openpyxl.descriptors.tests.test_serialisable.TestKeywordAttribute" name="test_to_tree" time="0.018" /><testcase classname="openpyxl.descriptors.tests.test_serialisable.TestKeywordAttribute" name="test_from_tree" time="0.021" /><testcase classname="openpyxl.descriptors.tests.test_serialisable.TestKeywordNode" name="test_to_tree" time="0.027" /><testcase classname="openpyxl.descriptors.tests.test_serialisable.TestKeywordNode" name="test_from_tree" time="0.027" /><testcase classname="openpyxl.descriptors.tests.test_serialisable.TestHyphenatedAttribute" name="test_to_tree" time="0.022" /><testcase classname="openpyxl.descriptors.tests.test_serialisable.TestHyphenatedAttribute" name="test_from_tree" time="0.017" /><testcase classname="openpyxl.drawing.tests.test_color.TestColorChoice" name="test_ctor" time="0.022" /><testcase classname="openpyxl.drawing.tests.test_color.TestColorChoice" name="test_from_xml" time="0.014" /><testcase classname="openpyxl.drawing.tests.test_color.TestSystemColor" name="test_ctor" time="0.022" /><testcase classname="openpyxl.drawing.tests.test_color.TestSystemColor" name="test_from_xml" time="0.029" /><testcase classname="openpyxl.drawing.tests.test_color.TestHSLColor" name="test_ctor" time="0.022" /><testcase classname="openpyxl.drawing.tests.test_color.TestHSLColor" name="test_from_xml" time="0.018" /><testcase classname="openpyxl.drawing.tests.test_color.TestRGBPercent" name="test_ctor" time="0.020" /><testcase classname="openpyxl.drawing.tests.test_color.TestRGBPercent" name="test_from_xml" time="0.015" /><testcase classname="openpyxl.drawing.tests.test_color.TestColorMapping" name="test_ctor" time="0.029" /><testcase classname="openpyxl.drawing.tests.test_color.TestColorMapping" name="test_from_xml" time="0.019" /><testcase classname="openpyxl.drawing.tests.test_color.TestSchemeColor" name="test_ctor" time="0.027" /><testcase classname="openpyxl.drawing.tests.test_color.TestSchemeColor" name="test_from_xml" time="0.035" /><testcase classname="openpyxl.drawing.tests.test_connector.TestConnectorShape" name="test_ctor" time="0.014"><skipped type="pytest.xfail" message="" /></testcase><testcase classname="openpyxl.drawing.tests.test_connector.TestConnectorShape" name="test_from_xml" time="0.038" /><testcase classname="openpyxl.drawing.tests.test_descriptors" name="test_color_descriptor" time="0.011" /><testcase classname="openpyxl.drawing.tests.test_drawing.TestDrawing" name="test_ctor" time="0.024" /><testcase classname="openpyxl.drawing.tests.test_drawing.TestDrawing" name="test_width" time="0.018" /><testcase classname="openpyxl.drawing.tests.test_drawing.TestDrawing" name="test_proportional_width" time="0.020" /><testcase classname="openpyxl.drawing.tests.test_drawing.TestDrawing" name="test_height" time="0.017" /><testcase classname="openpyxl.drawing.tests.test_drawing.TestDrawing" name="test_proportional_height" time="0.015" /><testcase classname="openpyxl.drawing.tests.test_drawing.TestDrawing" name="test_set_dimension" time="0.016" /><testcase classname="openpyxl.drawing.tests.test_drawing.TestDrawing" name="test_get_emu" time="0.015" /><testcase classname="openpyxl.drawing.tests.test_drawing.TestDrawing" name="test_absolute_anchor" time="0.036" /><testcase classname="openpyxl.drawing.tests.test_drawing.TestDrawing" name="test_onecell_anchor" time="0.046" /><testcase classname="openpyxl.drawing.tests.test_effect.TestOuterShadow" name="test_ctor" time="0.025" /><testcase classname="openpyxl.drawing.tests.test_effect.TestOuterShadow" name="test_from_xml" time="0.021" /><testcase classname="openpyxl.drawing.tests.test_effect.TestTintEffect" name="test_ctor" time="0.018" /><testcase classname="openpyxl.drawing.tests.test_effect.TestTintEffect" name="test_from_xml" time="0.015" /><testcase classname="openpyxl.drawing.tests.test_effect.TestLuminanceEffect" name="test_ctor" time="0.019" /><testcase classname="openpyxl.drawing.tests.test_effect.TestLuminanceEffect" name="test_from_xml" time="0.015" /><testcase classname="openpyxl.drawing.tests.test_fill.TestPatternFillProperties" name="test_ctor" time="0.020" /><testcase classname="openpyxl.drawing.tests.test_fill.TestPatternFillProperties" name="test_from_xml" time="0.017" /><testcase classname="openpyxl.drawing.tests.test_fill.TestRelativeRect" name="test_ctor" time="0.117" /><testcase classname="openpyxl.drawing.tests.test_fill.TestRelativeRect" name="test_from_xml" time="0.020" /><testcase classname="openpyxl.drawing.tests.test_fill.TestRelativeRect" name="test_from_src_rect" time="0.015" /><testcase classname="openpyxl.drawing.tests.test_fill.TestStretchInfoProperties" name="test_ctor" time="0.017" /><testcase classname="openpyxl.drawing.tests.test_fill.TestStretchInfoProperties" name="test_from_xml" time="0.014" /><testcase classname="openpyxl.drawing.tests.test_fill.TestGradientStop" name="test_ctor" time="0.027" /><testcase classname="openpyxl.drawing.tests.test_fill.TestGradientStop" name="test_from_xml" time="0.017" /><testcase classname="openpyxl.drawing.tests.test_fill.TestLinearShadeProperties" name="test_ctor" time="0.016" /><testcase classname="openpyxl.drawing.tests.test_fill.TestLinearShadeProperties" name="test_from_xml" time="0.016" /><testcase classname="openpyxl.drawing.tests.test_fill.TestGradientFillProperties" name="test_ctor" time="0.017" /><testcase classname="openpyxl.drawing.tests.test_fill.TestGradientFillProperties" name="test_from_xml" time="0.017" /><testcase classname="openpyxl.drawing.tests.test_fill.TestBlip" name="test_ctor" time="0.017" /><testcase classname="openpyxl.drawing.tests.test_fill.TestBlip" name="test_from_xml" time="0.030" /><testcase classname="openpyxl.drawing.tests.test_fill.TestBlipFillProperties" name="test_ctor" time="0.018" /><testcase classname="openpyxl.drawing.tests.test_fill.TestBlipFillProperties" name="test_from_xml" time="0.014" /><testcase classname="openpyxl.drawing.tests.test_geometry.TestGradientFillProperties" name="test_ctor" time="0.015" /><testcase classname="openpyxl.drawing.tests.test_geometry.TestGradientFillProperties" name="test_from_xml" time="0.017" /><testcase classname="openpyxl.drawing.tests.test_geometry.TestTransform2D" name="test_ctor" time="0.023" /><testcase classname="openpyxl.drawing.tests.test_geometry.TestTransform2D" name="test_from_xml" time="0.022" /><testcase classname="openpyxl.drawing.tests.test_geometry.TestCamera" name="test_ctor" time="0.024" /><testcase classname="openpyxl.drawing.tests.test_geometry.TestCamera" name="test_from_xml" time="0.017" /><testcase classname="openpyxl.drawing.tests.test_geometry.TestLightRig" name="test_ctor" time="0.017" /><testcase classname="openpyxl.drawing.tests.test_geometry.TestLightRig" name="test_from_xml" time="0.016" /><testcase classname="openpyxl.drawing.tests.test_geometry.TestBevel" name="test_ctor" time="0.018" /><testcase classname="openpyxl.drawing.tests.test_geometry.TestBevel" name="test_from_xml" time="0.016" /><testcase classname="openpyxl.drawing.tests.test_geometry.TestSphereCoords" name="test_ctor" time="0.019" /><testcase classname="openpyxl.drawing.tests.test_geometry.TestSphereCoords" name="test_from_xml" time="0.017" /><testcase classname="openpyxl.drawing.tests.test_geometry.TestVector3D" name="test_ctor" time="0.023" /><testcase classname="openpyxl.drawing.tests.test_geometry.TestVector3D" name="test_from_xml" time="0.018" /><testcase classname="openpyxl.drawing.tests.test_geometry.TestPoint3D" name="test_ctor" time="0.018" /><testcase classname="openpyxl.drawing.tests.test_geometry.TestPoint3D" name="test_from_xml" time="0.016" /><testcase classname="openpyxl.drawing.tests.test_graphic.TestNonVisualGraphicFrame" name="test_ctor" time="0.026" /><testcase classname="openpyxl.drawing.tests.test_graphic.TestNonVisualGraphicFrame" name="test_from_xml" time="0.020" /><testcase classname="openpyxl.drawing.tests.test_graphic.TestGraphicData" name="test_ctor" time="0.021" /><testcase classname="openpyxl.drawing.tests.test_graphic.TestGraphicData" name="test_from_xml" time="0.020" /><testcase classname="openpyxl.drawing.tests.test_graphic.TestGraphicData" name="test_contains_chart" time="0.019" /><testcase classname="openpyxl.drawing.tests.test_graphic.TestGraphicObject" name="test_ctor" time="0.024" /><testcase classname="openpyxl.drawing.tests.test_graphic.TestGraphicObject" name="test_from_xml" time="0.023" /><testcase classname="openpyxl.drawing.tests.test_graphic.TestGraphicFrame" name="test_ctor" time="0.037" /><testcase classname="openpyxl.drawing.tests.test_graphic.TestGraphicFrame" name="test_from_xml" time="0.031" /><testcase classname="openpyxl.drawing.tests.test_graphic.TestGroupTransform2D" name="test_ctor" time="0.022" /><testcase classname="openpyxl.drawing.tests.test_graphic.TestGroupTransform2D" name="test_from_xml" time="0.024" /><testcase classname="openpyxl.drawing.tests.test_graphic.TestGroupShape" name="test_ctor" time="0.012"><skipped type="pytest.xfail" message="" /></testcase><testcase classname="openpyxl.drawing.tests.test_graphic.TestGroupShape" name="test_from_xml" time="0.032"><skipped type="pytest.xfail" message="" /></testcase><testcase classname="openpyxl.drawing.tests.test_graphic.TestNonVisualGraphicFrameProperties" name="test_ctor" time="0.019" /><testcase classname="openpyxl.drawing.tests.test_graphic.TestNonVisualGraphicFrameProperties" name="test_from_xml" time="0.013" /><testcase classname="openpyxl.drawing.tests.test_image.TestImage" name="test_import" time="0.006"><skipped type="pytest.skip" message="PIL is installed">/workdir/openpyxl-3.0.10/conftest.py:19: PIL is installed</skipped></testcase><testcase classname="openpyxl.drawing.tests.test_image.TestImage" name="test_ctor" time="0.078" /><testcase classname="openpyxl.drawing.tests.test_image.TestImage" name="test_write_image" time="0.021" /><testcase classname="openpyxl.drawing.tests.test_image.TestImage" name="test_dont_close_pil" time="0.020" /><testcase classname="openpyxl.drawing.tests.test_image.TestImage" name="test_save" time="0.028" /><testcase classname="openpyxl.drawing.tests.test_image.TestImage" name="test_convert" time="0.556" /><testcase classname="openpyxl.drawing.tests.test_line.TestLineProperties" name="test_ctor" time="0.056" /><testcase classname="openpyxl.drawing.tests.test_line.TestLineProperties" name="test_color" time="0.035" /><testcase classname="openpyxl.drawing.tests.test_line.TestLineProperties" name="test_from_xml" time="0.021" /><testcase classname="openpyxl.drawing.tests.test_line.TestLineEndProperties" name="test_ctor" time="0.015" /><testcase classname="openpyxl.drawing.tests.test_line.TestLineEndProperties" name="test_from_xml" time="0.012" /><testcase classname="openpyxl.drawing.tests.test_line.TestDashStop" name="test_ctor" time="0.015" /><testcase classname="openpyxl.drawing.tests.test_line.TestDashStop" name="test_from_xml" time="0.022" /><testcase classname="openpyxl.drawing.tests.test_picture.TestPictureLocking" name="test_ctor" time="0.020" /><testcase classname="openpyxl.drawing.tests.test_picture.TestPictureLocking" name="test_from_xml" time="0.025" /><testcase classname="openpyxl.drawing.tests.test_picture.TestNonVisualPictureProperties" name="test_ctor" time="0.021" /><testcase classname="openpyxl.drawing.tests.test_picture.TestNonVisualPictureProperties" name="test_from_xml" time="0.019" /><testcase classname="openpyxl.drawing.tests.test_picture.TestPictureNonVisual" name="test_ctor" time="0.027" /><testcase classname="openpyxl.drawing.tests.test_picture.TestPictureNonVisual" name="test_from_xml" time="0.017" /><testcase classname="openpyxl.drawing.tests.test_picture.TestPicture" name="test_ctor" time="0.046" /><testcase classname="openpyxl.drawing.tests.test_picture.TestPicture" name="test_from_xml" time="0.096" /><testcase classname="openpyxl.drawing.tests.test_properties.TestNonVisualDrawingProps" name="test_ctor" time="0.019" /><testcase classname="openpyxl.drawing.tests.test_properties.TestNonVisualDrawingProps" name="test_from_xml" time="0.014" /><testcase classname="openpyxl.drawing.tests.test_properties.TestNonVisualGroupDrawingShapeProps" name="test_ctor" time="0.017" /><testcase classname="openpyxl.drawing.tests.test_properties.TestNonVisualGroupDrawingShapeProps" name="test_from_xml" time="0.014" /><testcase classname="openpyxl.drawing.tests.test_properties.TestNonVisualGroupShape" name="test_ctor" time="0.027" /><testcase classname="openpyxl.drawing.tests.test_properties.TestNonVisualGroupShape" name="test_from_xml" time="0.023" /><testcase classname="openpyxl.drawing.tests.test_properties.TestGroupLocking" name="test_ctor" time="0.020" /><testcase classname="openpyxl.drawing.tests.test_properties.TestGroupLocking" name="test_from_xml" time="0.024" /><testcase classname="openpyxl.drawing.tests.test_properties.TestGroupShapeProperties" name="test_ctor" time="0.044" /><testcase classname="openpyxl.drawing.tests.test_properties.TestGroupShapeProperties" name="test_from_xml" time="0.013" /><testcase classname="openpyxl.drawing.tests.test_relation.TestChartRelation" name="test_ctor" time="0.020" /><testcase classname="openpyxl.drawing.tests.test_relation.TestChartRelation" name="test_from_xml" time="0.016" /><testcase classname="openpyxl.drawing.tests.test_spreadsheet_drawing.TestTwoCellAnchor" name="test_ctor" time="0.044" /><testcase classname="openpyxl.drawing.tests.test_spreadsheet_drawing.TestTwoCellAnchor" name="test_from_xml" time="0.034" /><testcase classname="openpyxl.drawing.tests.test_spreadsheet_drawing.TestOneCellAnchor" name="test_ctor" time="0.030" /><testcase classname="openpyxl.drawing.tests.test_spreadsheet_drawing.TestOneCellAnchor" name="test_from_xml" time="0.023" /><testcase classname="openpyxl.drawing.tests.test_spreadsheet_drawing.TestAbsoluteAnchor" name="test_ctor" time="0.036" /><testcase classname="openpyxl.drawing.tests.test_spreadsheet_drawing.TestAbsoluteAnchor" name="test_from_xml" time="0.022" /><testcase classname="openpyxl.drawing.tests.test_spreadsheet_drawing.TestSpreadsheetDrawing" name="test_ctor" time="0.101" /><testcase classname="openpyxl.drawing.tests.test_spreadsheet_drawing.TestSpreadsheetDrawing" name="test_write_chart" time="0.102" /><testcase classname="openpyxl.drawing.tests.test_spreadsheet_drawing.TestSpreadsheetDrawing" name="test_hash_function" time="0.014" /><testcase classname="openpyxl.drawing.tests.test_spreadsheet_drawing.TestSpreadsheetDrawing" name="test_write_picture" time="0.067" /><testcase classname="openpyxl.drawing.tests.test_spreadsheet_drawing.TestSpreadsheetDrawing" name="test_read_chart" time="0.045" /><testcase classname="openpyxl.drawing.tests.test_spreadsheet_drawing.TestSpreadsheetDrawing" name="test_read_blip[spreadsheet_drawing_with_blip.xml]" time="0.056" /><testcase classname="openpyxl.drawing.tests.test_spreadsheet_drawing.TestSpreadsheetDrawing" name="test_read_blip[two_cell_anchor_group.xml]" time="0.070" /><testcase classname="openpyxl.drawing.tests.test_spreadsheet_drawing.TestSpreadsheetDrawing" name="test_read_blip[two_cell_anchor_pic.xml]" time="0.056" /><testcase classname="openpyxl.drawing.tests.test_spreadsheet_drawing.TestSpreadsheetDrawing" name="test_ignore_external_blip" time="0.052" /><testcase classname="openpyxl.drawing.tests.test_spreadsheet_drawing.TestSpreadsheetDrawing" name="test_write_rels" time="0.026" /><testcase classname="openpyxl.drawing.tests.test_spreadsheet_drawing.TestSpreadsheetDrawing" name="test_path" time="0.012" /><testcase classname="openpyxl.drawing.tests.test_spreadsheet_drawing.TestSpreadsheetDrawing" name="test_empty" time="0.014" /><testcase classname="openpyxl.drawing.tests.test_spreadsheet_drawing.TestSpreadsheetDrawing" name="test_bool[charts]" time="0.013" /><testcase classname="openpyxl.drawing.tests.test_spreadsheet_drawing.TestSpreadsheetDrawing" name="test_bool[images]" time="0.015" /><testcase classname="openpyxl.drawing.tests.test_spreadsheet_drawing.TestSpreadsheetDrawing" name="test_image_as_pic" time="0.148" /><testcase classname="openpyxl.drawing.tests.test_spreadsheet_drawing.TestSpreadsheetDrawing" name="test_image_as_group" time="0.162" /><testcase classname="openpyxl.drawing.tests.test_spreadsheet_drawing" name="test_check_anchor_chart" time="0.024" /><testcase classname="openpyxl.drawing.tests.test_spreadsheet_drawing" name="test_check_chart_with_anchor[E17]" time="0.027" /><testcase classname="openpyxl.drawing.tests.test_spreadsheet_drawing" name="test_check_chart_with_anchor[e17]" time="0.020" /><testcase classname="openpyxl.drawing.tests.test_spreadsheet_drawing" name="test_check_anchor_image" time="0.016" /><testcase classname="openpyxl.drawing.tests.test_text.TestParagraph" name="test_ctor" time="0.018" /><testcase classname="openpyxl.drawing.tests.test_text.TestParagraph" name="test_from_xml" time="0.013" /><testcase classname="openpyxl.drawing.tests.test_text.TestParagraph" name="test_multiline" time="0.014" /><testcase classname="openpyxl.drawing.tests.test_text.TestParagraphProperties" name="test_ctor" time="0.017" /><testcase classname="openpyxl.drawing.tests.test_text.TestParagraphProperties" name="test_from_xml" time="0.021" /><testcase classname="openpyxl.drawing.tests.test_text.TestTextBox" name="test_from_xml" time="0.118" /><testcase classname="openpyxl.drawing.tests.test_text.TestCharacterProperties" name="test_ctor" time="0.029" /><testcase classname="openpyxl.drawing.tests.test_text.TestCharacterProperties" name="test_from_xml" time="0.017" /><testcase classname="openpyxl.drawing.tests.test_text.TestFont" name="test_ctor" time="0.021" /><testcase classname="openpyxl.drawing.tests.test_text.TestFont" name="test_from_xml" time="0.024" /><testcase classname="openpyxl.drawing.tests.test_text.TestHyperlink" name="test_ctor" time="0.022" /><testcase classname="openpyxl.drawing.tests.test_text.TestHyperlink" name="test_from_xml" time="0.016" /><testcase classname="openpyxl.drawing.tests.test_text.TestLineBreak" name="test_ctor" time="0.025" /><testcase classname="openpyxl.drawing.tests.test_text.TestLineBreak" name="test_from_xml" time="0.018" /><testcase classname="openpyxl.formatting.tests.test_formatting" name="test_conditional_formatting_read" time="3.059" /><testcase classname="openpyxl.formatting.tests.test_formatting.TestConditionalFormatting" name="test_ctor" time="0.018" /><testcase classname="openpyxl.formatting.tests.test_formatting.TestConditionalFormatting" name="test_from_tree" time="0.016" /><testcase classname="openpyxl.formatting.tests.test_formatting.TestConditionalFormatting" name="test_eq" time="0.011" /><testcase classname="openpyxl.formatting.tests.test_formatting.TestConditionalFormatting" name="test_hash" time="0.010" /><testcase classname="openpyxl.formatting.tests.test_formatting.TestConditionalFormatting" name="test_repr" time="0.015" /><testcase classname="openpyxl.formatting.tests.test_formatting.TestConditionalFormatting" name="test_contains" time="0.016" /><testcase classname="openpyxl.formatting.tests.test_rule.TestFormatObject" name="test_create" time="0.012" /><testcase classname="openpyxl.formatting.tests.test_rule.TestFormatObject" name="test_serialise" time="0.016" /><testcase classname="openpyxl.formatting.tests.test_rule.TestFormatObject" name="test_value_types[num-5-5.0]" time="0.013" /><testcase classname="openpyxl.formatting.tests.test_rule.TestFormatObject" name="test_value_types[percent-70-70]" time="0.013" /><testcase classname="openpyxl.formatting.tests.test_rule.TestFormatObject" name="test_value_types[max-10-10]" time="0.013" /><testcase classname="openpyxl.formatting.tests.test_rule.TestFormatObject" name="test_value_types[min-4.2-4.2]" time="0.017" /><testcase classname="openpyxl.formatting.tests.test_rule.TestFormatObject" name="test_value_types[formula-=A2*4-=A2*4]" time="0.016" /><testcase classname="openpyxl.formatting.tests.test_rule.TestFormatObject" name="test_value_types[percentile-10-10]" time="0.013" /><testcase classname="openpyxl.formatting.tests.test_rule.TestFormatObject" name="test_value_types[formula-None-None]" time="0.015" /><testcase classname="openpyxl.formatting.tests.test_rule.TestFormatObject" name="test_cell_reference" time="0.011" /><testcase classname="openpyxl.formatting.tests.test_rule.TestColorScale" name="test_create" time="0.017" /><testcase classname="openpyxl.formatting.tests.test_rule.TestColorScale" name="test_serialise" time="0.033" /><testcase classname="openpyxl.formatting.tests.test_rule.TestColorScale" name="test_two_colors" time="0.031" /><testcase classname="openpyxl.formatting.tests.test_rule.TestColorScale" name="test_three_colors" time="0.043" /><testcase classname="openpyxl.formatting.tests.test_rule.TestDataBar" name="test_create" time="0.020" /><test
[...]
rksheet.tests.test_worksheet" name="test_freeze_panes_horiz" time="0.067" /><testcase classname="openpyxl.worksheet.tests.test_worksheet" name="test_freeze_panes_vert" time="0.059" /><testcase classname="openpyxl.worksheet.tests.test_worksheet" name="test_freeze_panes_both" time="0.066" /><testcase classname="openpyxl.worksheet.tests.test_worksheet" name="test_min_column" time="0.016" /><testcase classname="openpyxl.worksheet.tests.test_worksheet" name="test_max_column" time="0.023" /><testcase classname="openpyxl.worksheet.tests.test_worksheet" name="test_min_row" time="0.019" /><testcase classname="openpyxl.worksheet.tests.test_worksheet" name="test_max_row" time="0.042" /><testcase classname="openpyxl.worksheet.tests.test_worksheet" name="test_add_chart" time="0.080" /><testcase classname="openpyxl.worksheet.tests.test_worksheet" name="test_add_image" time="0.022" /><testcase classname="openpyxl.worksheet.tests.test_worksheet.TestEditableWorksheet" name="test_move_row_down" time="0.100" /><testcase classname="openpyxl.worksheet.tests.test_worksheet.TestEditableWorksheet" name="test_move_col_right" time="0.047" /><testcase classname="openpyxl.worksheet.tests.test_worksheet.TestEditableWorksheet" name="test_move_row_up" time="0.036" /><testcase classname="openpyxl.worksheet.tests.test_worksheet.TestEditableWorksheet" name="test_insert_rows" time="0.023" /><testcase classname="openpyxl.worksheet.tests.test_worksheet.TestEditableWorksheet" name="test_insert_cols" time="0.023" /><testcase classname="openpyxl.worksheet.tests.test_worksheet.TestEditableWorksheet" name="test_delete_rows" time="0.023" /><testcase classname="openpyxl.worksheet.tests.test_worksheet.TestEditableWorksheet" name="test_deleta_all_rows" time="0.029" /><testcase classname="openpyxl.worksheet.tests.test_worksheet.TestEditableWorksheet" name="test_delete_cols" time="0.042" /><testcase classname="openpyxl.worksheet.tests.test_worksheet.TestEditableWorksheet" name="test_delete_missing_cols" time="0.141" /><testcase classname="openpyxl.worksheet.tests.test_worksheet.TestEditableWorksheet" name="test_delete_missing_rows" time="0.040" /><testcase classname="openpyxl.worksheet.tests.test_worksheet.TestEditableWorksheet" name="test_remainder[1-3-6-remainder0]" time="0.038" /><testcase classname="openpyxl.worksheet.tests.test_worksheet.TestEditableWorksheet" name="test_remainder[2-3-6-remainder1]" time="0.048" /><testcase classname="openpyxl.worksheet.tests.test_worksheet.TestEditableWorksheet" name="test_remainder[3-3-6-remainder2]" time="0.040" /><testcase classname="openpyxl.worksheet.tests.test_worksheet.TestEditableWorksheet" name="test_remainder[4-3-6-remainder3]" time="0.054" /><testcase classname="openpyxl.worksheet.tests.test_worksheet.TestEditableWorksheet" name="test_remainder[5-3-6-remainder4]" time="0.047" /><testcase classname="openpyxl.worksheet.tests.test_worksheet.TestEditableWorksheet" name="test_remainder[6-3-6-remainder5]" time="0.039" /><testcase classname="openpyxl.worksheet.tests.test_worksheet.TestEditableWorksheet" name="test_remainder[6-1-6-remainder6]" time="0.044" /><testcase classname="openpyxl.worksheet.tests.test_worksheet.TestEditableWorksheet" name="test_delete_last_col" time="0.039" /><testcase classname="openpyxl.worksheet.tests.test_worksheet.TestEditableWorksheet" name="test_delete_last_row" time="0.039" /><testcase classname="openpyxl.worksheet.tests.test_worksheet.TestEditableWorksheet" name="test_move_cell" time="0.037" /><testcase classname="openpyxl.worksheet.tests.test_worksheet.TestEditableWorksheet" name="test_move_translated_fomula[False-=SUM(G1:G3)-=SUM(G1:G3)]" time="0.044" /><testcase classname="openpyxl.worksheet.tests.test_worksheet.TestEditableWorksheet" name="test_move_translated_fomula[True-=SUM(G1:G3)-=SUM(I2:I4)]" time="0.048" /><testcase classname="openpyxl.worksheet.tests.test_worksheet.TestEditableWorksheet" name="test_move_translated_fomula[True-I2:I4-I2:I4]" time="0.043" /><testcase classname="openpyxl.worksheet.tests.test_worksheet.TestEditableWorksheet" name="test_move_nothing" time="0.044" /><testcase classname="openpyxl.worksheet.tests.test_worksheet.TestEditableWorksheet" name="test_move_range_down" time="0.051" /><testcase classname="openpyxl.worksheet.tests.test_worksheet.TestEditableWorksheet" name="test_move_range_up" time="0.032" /><testcase classname="openpyxl.worksheet.tests.test_worksheet.TestEditableWorksheet" name="test_move_range_right" time="0.029" /><testcase classname="openpyxl.worksheet.tests.test_worksheet.TestEditableWorksheet" name="test_move_range_left" time="0.042" /><testcase classname="openpyxl.worksheet.tests.test_worksheet.TestEditableWorksheet" name="test_move_empty_range" time="0.044" /><testcase classname="openpyxl.worksheet.tests.test_worksheet.TestEditableWorksheet" name="test_move_range_from_string" time="0.038" /><testcase classname="openpyxl.worksheet.tests.test_worksheet.TestEditableWorksheet" name="test_move_range_with_formula" time="0.045" /><testcase classname="openpyxl.worksheet.tests.test_worksheet_copy.TestWorksheetCopy" name="test_ctor" time="0.143" /><testcase classname="openpyxl.worksheet.tests.test_worksheet_copy.TestWorksheetCopy" name="test_cannot_copy_between_workbooks" time="0.074" /><testcase classname="openpyxl.worksheet.tests.test_worksheet_copy.TestWorksheetCopy" name="test_cannot_copy_to_self" time="0.051" /><testcase classname="openpyxl.worksheet.tests.test_worksheet_copy.TestWorksheetCopy" name="test_cannot_copy_junk" time="0.010" /><testcase classname="openpyxl.worksheet.tests.test_worksheet_copy.TestWorksheetCopy" name="test_merged_cell_copy" time="0.098" /><testcase classname="openpyxl.worksheet.tests.test_worksheet_copy.TestWorksheetCopy" name="test_cell_copy_value" time="0.062" /><testcase classname="openpyxl.worksheet.tests.test_worksheet_copy.TestWorksheetCopy" name="test_cell_copy_style" time="0.069" /><testcase classname="openpyxl.worksheet.tests.test_worksheet_copy.TestWorksheetCopy" name="test_cell_copy_comment" time="0.075" /><testcase classname="openpyxl.worksheet.tests.test_worksheet_copy.TestWorksheetCopy" name="test_cell_copy_hyperlink" time="0.072" /><testcase classname="openpyxl.worksheet.tests.test_worksheet_copy.TestWorksheetCopy" name="test_copy_row_dimensions" time="0.084" /><testcase classname="openpyxl.worksheet.tests.test_worksheet_copy.TestWorksheetCopy" name="test_copy_col_dimensions" time="0.066" /><testcase classname="openpyxl.worksheet.tests.test_worksheet_copy.TestWorksheetCopy" name="test_copy_page_margins" time="0.228" /><testcase classname="openpyxl.worksheet.tests.test_worksheet_copy.TestWorksheetCopy" name="test_copy_page_setup" time="0.063" /><testcase classname="openpyxl.worksheet.tests.test_worksheet_copy.TestWorksheetCopy" name="test_copy_print_options" time="0.057" /><testcase classname="openpyxl.worksheet.tests.test_worksheet_copy" name="test_copy_worksheet" time="0.329" /><testcase classname="openpyxl.worksheet.tests.test_write_only" name="test_path" time="0.014" /><testcase classname="openpyxl.worksheet.tests.test_write_only" name="test_values_to_rows" time="0.015" /><testcase classname="openpyxl.worksheet.tests.test_write_only" name="test_append" time="0.095" /><testcase classname="openpyxl.worksheet.tests.test_write_only" name="test_invalid_append[string]" time="0.022" /><testcase classname="openpyxl.worksheet.tests.test_write_only" name="test_invalid_append[row1]" time="0.021" /><testcase classname="openpyxl.worksheet.tests.test_write_only" name="test_cannot_save_twice" time="0.032" /><testcase classname="openpyxl.worksheet.tests.test_write_only" name="test_close" time="0.054" /><testcase classname="openpyxl.worksheet.tests.test_write_only" name="test_read_after_closing" time="0.042" /><testcase classname="openpyxl.worksheet.tests.test_write_only" name="test_write_only_cell" time="0.068" /><testcase classname="openpyxl.worksheet.tests.test_write_only" name="test_hyperlink" time="0.043" /><testcase classname="openpyxl.worksheet.tests.test_writer.TestWorksheetWriter" name="test_setup" time="0.056" /><testcase classname="openpyxl.worksheet.tests.test_writer.TestWorksheetWriter" name="test_properties" time="0.065" /><testcase classname="openpyxl.worksheet.tests.test_writer.TestWorksheetWriter" name="test_dimensions" time="0.071" /><testcase classname="openpyxl.worksheet.tests.test_writer.TestWorksheetWriter" name="test_format" time="0.067" /><testcase classname="openpyxl.worksheet.tests.test_writer.TestWorksheetWriter" name="test_views" time="0.090" /><testcase classname="openpyxl.worksheet.tests.test_writer.TestWorksheetWriter" name="test_cols" time="0.213" /><testcase classname="openpyxl.worksheet.tests.test_writer.TestWorksheetWriter" name="test_write_top" time="0.115" /><testcase classname="openpyxl.worksheet.tests.test_writer.TestWorksheetWriter" name="test_protection" time="0.100" /><testcase classname="openpyxl.worksheet.tests.test_writer.TestWorksheetWriter" name="test_scenarios" time="0.090" /><testcase classname="openpyxl.worksheet.tests.test_writer.TestWorksheetWriter" name="test_filter" time="0.066" /><testcase classname="openpyxl.worksheet.tests.test_writer.TestWorksheetWriter" name="test_sort" time="0.056" /><testcase classname="openpyxl.worksheet.tests.test_writer.TestWorksheetWriter" name="test_merged_cells" time="0.058" /><testcase classname="openpyxl.worksheet.tests.test_writer.TestWorksheetWriter" name="test_formatting" time="0.064" /><testcase classname="openpyxl.worksheet.tests.test_writer.TestWorksheetWriter" name="test_validations" time="0.193" /><testcase classname="openpyxl.worksheet.tests.test_writer.TestWorksheetWriter" name="test_hyperlinks" time="0.057" /><testcase classname="openpyxl.worksheet.tests.test_writer.TestWorksheetWriter" name="test_print" time="0.065" /><testcase classname="openpyxl.worksheet.tests.test_writer.TestWorksheetWriter" name="test_margins" time="0.080" /><testcase classname="openpyxl.worksheet.tests.test_writer.TestWorksheetWriter" name="test_page_setup" time="0.054" /><testcase classname="openpyxl.worksheet.tests.test_writer.TestWorksheetWriter" name="test_header" time="0.126" /><testcase classname="openpyxl.worksheet.tests.test_writer.TestWorksheetWriter" name="test_breaks" time="0.130" /><testcase classname="openpyxl.worksheet.tests.test_writer.TestWorksheetWriter" name="test_drawings" time="0.066" /><testcase classname="openpyxl.worksheet.tests.test_writer.TestWorksheetWriter" name="test_comments" time="0.053" /><testcase classname="openpyxl.worksheet.tests.test_writer.TestWorksheetWriter" name="test_legacy" time="0.045" /><testcase classname="openpyxl.worksheet.tests.test_writer.TestWorksheetWriter" name="test_vba" time="0.068" /><testcase classname="openpyxl.worksheet.tests.test_writer.TestWorksheetWriter" name="test_tables" time="0.183" /><testcase classname="openpyxl.worksheet.tests.test_writer.TestWorksheetWriter" name="test_write_tail" time="0.063" /><testcase classname="openpyxl.worksheet.tests.test_writer.TestWorksheetWriter" name="test_row_dimensons" time="0.056" /><testcase classname="openpyxl.worksheet.tests.test_writer.TestWorksheetWriter" name="test_rows_sort" time="0.055" /><testcase classname="openpyxl.worksheet.tests.test_writer.TestWorksheetWriter" name="test_write_rows" time="0.096" /><testcase classname="openpyxl.worksheet.tests.test_writer.TestWorksheetWriter" name="test_write_rows_comment" time="0.064" /><testcase classname="openpyxl.worksheet.tests.test_writer.TestWorksheetWriter" name="test_write_row" time="0.078" /><testcase classname="openpyxl.worksheet.tests.test_writer.TestWorksheetWriter" name="test_write_sheet" time="0.119" /><testcase classname="openpyxl.worksheet.tests.test_writer.TestWorksheetWriter" name="test_cleanup" time="0.067" /><testcase classname="openpyxl.writer.tests.test_excel" name="test_worksheet" time="0.070" /><testcase classname="openpyxl.writer.tests.test_excel" name="test_tables" time="0.311" /><testcase classname="openpyxl.writer.tests.test_excel" name="test_drawing" time="0.048" /><testcase classname="openpyxl.writer.tests.test_excel" name="test_write_chart" time="0.105" /><testcase classname="openpyxl.writer.tests.test_excel" name="test_write_images" time="0.018" /><testcase classname="openpyxl.writer.tests.test_excel" name="test_chartsheet" time="0.057" /><testcase classname="openpyxl.writer.tests.test_excel" name="test_comment" time="0.076" /><testcase classname="openpyxl.writer.tests.test_excel" name="test_duplicate_comment" time="0.103" /><testcase classname="openpyxl.writer.tests.test_excel" name="test_merge_vba" time="0.384" /><testcase classname="openpyxl.writer.tests.test_excel" name="test_duplicate_chart" time="0.049" /><testcase classname="openpyxl.writer.tests.test_excel" name="test_write_empty_workbook" time="0.187" /><testcase classname="openpyxl.writer.tests.test_excel" name="test_write_virtual_workbook" time="0.514" /><testcase classname="openpyxl.writer.tests.test_template" name="test_workbook_is_template[empty.xlsx-False]" time="0.398" /><testcase classname="openpyxl.writer.tests.test_template" name="test_workbook_is_template[empty.xlsm-False]" time="0.169" /><testcase classname="openpyxl.writer.tests.test_template" name="test_workbook_is_template[empty.xltx-True]" time="0.172" /><testcase classname="openpyxl.writer.tests.test_template" name="test_workbook_is_template[empty.xltm-True]" time="0.160" /><testcase classname="openpyxl.writer.tests.test_template" name="test_xl_content_type[empty.xlsx-application/vnd.openxmlformats-officedocument.spreadsheetml.sheet.main+xml]" time="0.022" /><testcase classname="openpyxl.writer.tests.test_template" name="test_xl_content_type[empty.xlsm-application/vnd.ms-excel.sheet.macroEnabled.main+xml]" time="0.099" /><testcase classname="openpyxl.writer.tests.test_template" name="test_xl_content_type[empty.xltx-application/vnd.openxmlformats-officedocument.spreadsheetml.template.main+xml]" time="0.033" /><testcase classname="openpyxl.writer.tests.test_template" name="test_xl_content_type[empty.xltm-application/vnd.ms-excel.template.macroEnabled.main+xml]" time="0.021" /><testcase classname="openpyxl.writer.tests.test_template" name="test_save_xl_as_no_template[empty.xlsx-False-application/vnd.openxmlformats-officedocument.spreadsheetml.sheet.main+xml]" time="0.833" /><testcase classname="openpyxl.writer.tests.test_template" name="test_save_xl_as_no_template[empty.xlsm-True-application/vnd.ms-excel.sheet.macroEnabled.main+xml]" time="0.520" /><testcase classname="openpyxl.writer.tests.test_template" name="test_save_xl_as_no_template[empty.xltx-False-application/vnd.openxmlformats-officedocument.spreadsheetml.sheet.main+xml]" time="0.603" /><testcase classname="openpyxl.writer.tests.test_template" name="test_save_xl_as_no_template[empty.xltm-True-application/vnd.ms-excel.sheet.macroEnabled.main+xml]" time="0.588" /><testcase classname="openpyxl.writer.tests.test_template" name="test_save_xl_as_template[empty.xlsx-False-application/vnd.openxmlformats-officedocument.spreadsheetml.template.main+xml]" time="0.928" /><testcase classname="openpyxl.writer.tests.test_template" name="test_save_xl_as_template[empty.xlsm-True-application/vnd.ms-excel.template.macroEnabled.main+xml]" time="3.118" /><testcase classname="openpyxl.writer.tests.test_template" name="test_save_xl_as_template[empty.xltx-False-application/vnd.openxmlformats-officedocument.spreadsheetml.template.main+xml]" time="1.131" /><testcase classname="openpyxl.writer.tests.test_template" name="test_save_xl_as_template[empty.xltm-True-application/vnd.ms-excel.template.macroEnabled.main+xml]" time="0.421" /><testcase classname="openpyxl.xml.tests.test_functions" name="test_localtag[&lt;root xmlns='http://openpyxl.org/ns' /&gt;-root]" time="0.013" /><testcase classname="openpyxl.xml.tests.test_functions" name="test_localtag[&lt;root /&gt;-root]" time="0.012" /><testcase classname="openpyxl.xml.tests.test_functions" name="test_fromstring[&lt;?xml version=&quot;1.0&quot; encoding=&quot;ISO-8859-1&quot;?&gt;\n            &lt;!DOCTYPE foo [\n            &lt;!ELEMENT foo ANY &gt;\n            &lt;!ENTITY xxe SYSTEM &quot;file:///dev/random&quot; &gt;]&gt;\n            &lt;foo&gt;&amp;xxe;&lt;/foo&gt;]" time="0.005"><skipped type="pytest.skip" message="defusedxml is required to guard against these vulnerabilities">/workdir/openpyxl-3.0.10/conftest.py:24: defusedxml is required to guard against these vulnerabilities</skipped></testcase><testcase classname="openpyxl.xml.tests.test_functions" name="test_fromstring[&lt;?xml version=&quot;1.0&quot; encoding=&quot;UTF-8&quot;?&gt;\n          &lt;!DOCTYPE xmlbomb [\n          &lt;!ENTITY a &quot;1234567890&quot; &gt;\n          &lt;!ENTITY b &quot;&amp;a;&amp;a;&amp;a;&amp;a;&amp;a;&amp;a;&amp;a;&amp;a;&quot;&gt;\n          &lt;!ENTITY c &quot;&amp;b;&amp;b;&amp;b;&amp;b;&amp;b;&amp;b;&amp;b;&amp;b;&quot;&gt;\n          &lt;!ENTITY d &quot;&amp;c;&amp;c;&amp;c;&amp;c;&amp;c;&amp;c;&amp;c;&amp;c;&quot;&gt;\n          ]&gt;\n          &lt;foo&gt;&amp;d;&lt;/foo&gt;]" time="0.004"><skipped type="pytest.skip" message="defusedxml is required to guard against these vulnerabilities">/workdir/openpyxl-3.0.10/conftest.py:24: defusedxml is required to guard against these vulnerabilities</skipped></testcase><testcase classname="openpyxl.xml.tests.test_functions" name="test_fromstring[&lt;?xml version=&quot;1.0&quot; encoding=&quot;UTF-8&quot;?&gt;\n          &lt;!DOCTYPE test [\n          &lt;!ENTITY % one SYSTEM &quot;http://127.0.0.1:8100/x.xml&quot; &gt;\n          %one;\n          ]&gt;]" time="0.004"><skipped type="pytest.skip" message="defusedxml is required to guard against these vulnerabilities">/workdir/openpyxl-3.0.10/conftest.py:24: defusedxml is required to guard against these vulnerabilities</skipped></testcase><testcase classname="openpyxl.xml.tests.test_functions" name="test_fromstring[&lt;?xml version=&quot;1.0&quot; encoding=&quot;UTF-8&quot; standalone=&quot;yes&quot;?&gt;\n        &lt;!DOCTYPE bomb [\n        &lt;!ENTITY a &quot;{loads_of_bs}&quot;&gt;\n        ]&gt;\n        &lt;foo&gt;&amp;a;&amp;a;&amp;a;&lt;/foo&gt;]" time="0.003"><skipped type="pytest.skip" message="defusedxml is required to guard against these vulnerabilities">/workdir/openpyxl-3.0.10/conftest.py:24: defusedxml is required to guard against these vulnerabilities</skipped></testcase><testcase classname="openpyxl.xml.tests.test_functions" name="test_iterparse[&lt;?xml version=&quot;1.0&quot; encoding=&quot;ISO-8859-1&quot;?&gt;\n            &lt;!DOCTYPE foo [\n            &lt;!ELEMENT foo ANY &gt;\n            &lt;!ENTITY xxe SYSTEM &quot;file:///dev/random&quot; &gt;]&gt;\n            &lt;foo&gt;&amp;xxe;&lt;/foo&gt;]" time="0.011" /><testcase classname="openpyxl.xml.tests.test_functions" name="test_iterparse[&lt;?xml version=&quot;1.0&quot; encoding=&quot;UTF-8&quot;?&gt;\n          &lt;!DOCTYPE xmlbomb [\n          &lt;!ENTITY a &quot;1234567890&quot; &gt;\n          &lt;!ENTITY b &quot;&amp;a;&amp;a;&amp;a;&amp;a;&amp;a;&amp;a;&amp;a;&amp;a;&quot;&gt;\n          &lt;!ENTITY c &quot;&amp;b;&amp;b;&amp;b;&amp;b;&amp;b;&amp;b;&amp;b;&amp;b;&quot;&gt;\n          &lt;!ENTITY d &quot;&amp;c;&amp;c;&amp;c;&amp;c;&amp;c;&amp;c;&amp;c;&amp;c;&quot;&gt;\n          ]&gt;\n          &lt;foo&gt;&amp;d;&lt;/foo&gt;]" time="0.008" /><testcase classname="openpyxl.xml.tests.test_functions" name="test_iterparse[&lt;?xml version=&quot;1.0&quot; encoding=&quot;UTF-8&quot;?&gt;\n          &lt;!DOCTYPE test [\n          &lt;!ENTITY % one SYSTEM &quot;http://127.0.0.1:8100/x.xml&quot; &gt;\n          %one;\n          ]&gt;]" time="0.012" /><testcase classname="openpyxl.xml.tests.test_functions" name="test_iterparse[&lt;?xml version=&quot;1.0&quot; encoding=&quot;UTF-8&quot; standalone=&quot;yes&quot;?&gt;\n        &lt;!DOCTYPE bomb [\n        &lt;!ENTITY a &quot;{loads_of_bs}&quot;&gt;\n        ]&gt;\n        &lt;foo&gt;&amp;a;&amp;a;&amp;a;&lt;/foo&gt;]" time="0.022" /></testsuite></testsuites>