<?xml version="1.0" encoding="utf-8"?><testsuites><testsuite name="pytest" errors="0" failures="5" skipped="1" tests="284" time="17.765" timestamp="2023-11-30T02:13:55.912000" hostname="be2d8ee410eb"><testcase classname="test.test_api" name="test_tabulate_formats" time="0.010" /><testcase classname="test.test_api" name="test_tabulate_signature" time="0.009" /><testcase classname="test.test_api" name="test_simple_separated_format_signature" time="0.006" /><testcase classname="test.test_cli" name="test_script_from_stdin_to_stdout" time="0.608" /><testcase classname="test.test_cli" name="test_script_from_file_to_stdout" time="0.692" /><testcase classname="test.test_cli" name="test_script_from_file_to_file" time="0.628" /><testcase classname="test.test_cli" name="test_script_header_option" time="1.375" /><testcase classname="test.test_cli" name="test_script_sep_option" time="1.240" /><testcase classname="test.test_cli" name="test_script_floatfmt_option" time="1.487" /><testcase classname="test.test_cli" name="test_script_format_option" time="1.341" /><testcase classname="test.test_input" name="test_iterable_of_iterables" time="0.015" /><testcase classname="test.test_input" name="test_iterable_of_iterables_headers" time="0.011" /><testcase classname="test.test_input" name="test_iterable_of_iterables_firstrow" time="0.009" /><testcase classname="test.test_input" name="test_list_of_lists" time="0.011" /><testcase classname="test.test_input" name="test_list_of_lists_firstrow" time="0.009" /><testcase classname="test.test_input" name="test_list_of_lists_keys" time="0.008" /><testcase classname="test.test_input" name="test_dict_like" time="0.008" /><testcase classname="test.test_input" name="test_numpy_2d" time="1.175" /><testcase classname="test.test_input" name="test_numpy_2d_firstrow" time="0.013" /><testcase classname="test.test_input" name="test_numpy_2d_keys" time="0.013" /><testcase classname="test.test_input" name="test_numpy_record_array" time="0.013"><failure message="TypeError: cannot use a bytes pattern on a string-like object">Traceback (most recent call last):
  File "/workdir/tabulate-0.9.0/.tox/graalpylibtest-unit-test-tests/lib/python3.10/site-packages/_pytest/runner.py", line 341, in from_call
    result: Optional[TResult] = func()
  File "/workdir/tabulate-0.9.0/.tox/graalpylibtest-unit-test-tests/lib/python3.10/site-packages/_pytest/runner.py", line 262, in &lt;lambda&gt;
    lambda: ihook(item=item, **kwds), when=when, reraise=reraise
  File "/workdir/tabulate-0.9.0/.tox/graalpylibtest-unit-test-tests/lib/python3.10/site-packages/pluggy/_hooks.py", line 493, in __call__
    return self._hookexec(self.name, self._hookimpls, kwargs, firstresult)
  File "/workdir/tabulate-0.9.0/.tox/graalpylibtest-unit-test-tests/lib/python3.10/site-packages/pluggy/_manager.py", line 115, in _hookexec
    return self._inner_hookexec(hook_name, methods, kwargs, firstresult)
  File "/workdir/tabulate-0.9.0/.tox/graalpylibtest-unit-test-tests/lib/python3.10/site-packages/pluggy/_callers.py", line 152, in _multicall
    return outcome.get_result()
  File "/workdir/tabulate-0.9.0/.tox/graalpylibtest-unit-test-tests/lib/python3.10/site-packages/pluggy/_result.py", line 114, in get_result
    raise exc.with_traceback(exc.__traceback__)
  File "/workdir/tabulate-0.9.0/.tox/graalpylibtest-unit-test-tests/lib/python3.10/site-packages/pluggy/_callers.py", line 77, in _multicall
    res = hook_impl.function(*args)
  File "/workdir/tabulate-0.9.0/.tox/graalpylibtest-unit-test-tests/lib/python3.10/site-packages/_pytest/runner.py", line 177, in pytest_runtest_call
    raise e
  File "/workdir/tabulate-0.9.0/.tox/graalpylibtest-unit-test-tests/lib/python3.10/site-packages/_pytest/runner.py", line 169, in pytest_runtest_call
    item.runtest()
  File "/workdir/tabulate-0.9.0/.tox/graalpylibtest-unit-test-tests/lib/python3.10/site-packages/_pytest/python.py", line 1792, in runtest
    self.ihook.pytest_pyfunc_call(pyfuncitem=self)
  File "/workdir/tabulate-0.9.0/.tox/graalpylibtest-unit-test-tests/lib/python3.10/site-packages/pluggy/_hooks.py", line 493, in __call__
    return self._hookexec(self.name, self._hookimpls, kwargs, firstresult)
  File "/workdir/tabulate-0.9.0/.tox/graalpylibtest-unit-test-tests/lib/python3.10/site-packages/pluggy/_manager.py", line 115, in _hookexec
    return self._inner_hookexec(hook_name, methods, kwargs, firstresult)
  File "/workdir/tabulate-0.9.0/.tox/graalpylibtest-unit-test-tests/lib/python3.10/site-packages/pluggy/_callers.py", line 113, in _multicall
    raise exception.with_traceback(exception.__traceback__)
  File "/workdir/tabulate-0.9.0/.tox/graalpylibtest-unit-test-tests/lib/python3.10/site-packages/pluggy/_callers.py", line 77, in _multicall
    res = hook_impl.function(*args)
  File "/workdir/tabulate-0.9.0/.tox/graalpylibtest-unit-test-tests/lib/python3.10/site-packages/_pytest/python.py", line 194, in pytest_pyfunc_call
    result = testfunction(**testargs)
  File "/workdir/tabulate-0.9.0/test/test_input.py", line 187, in test_numpy_record_array
    result = tabulate(na)
  File "/workdir/tabulate-0.9.0/.tox/graalpylibtest-unit-test-tests/lib/python3.10/site-packages/tabulate/__init__.py", line 2130, in tabulate
    coltypes = [_column_type(col, numparse=np) for col, np in zip(cols, numparses)]
  File "/workdir/tabulate-0.9.0/.tox/graalpylibtest-unit-test-tests/lib/python3.10/site-packages/tabulate/__init__.py", line 2130, in &lt;listcomp&gt;
    coltypes = [_column_type(col, numparse=np) for col, np in zip(cols, numparses)]
  File "/workdir/tabulate-0.9.0/.tox/graalpylibtest-unit-test-tests/lib/python3.10/site-packages/tabulate/__init__.py", line 1197, in _column_type
    types = [_type(s, has_invisible, numparse) for s in strings]
  File "/workdir/tabulate-0.9.0/.tox/graalpylibtest-unit-test-tests/lib/python3.10/site-packages/tabulate/__init__.py", line 1197, in &lt;listcomp&gt;
    types = [_type(s, has_invisible, numparse) for s in strings]
  File "/workdir/tabulate-0.9.0/.tox/graalpylibtest-unit-test-tests/lib/python3.10/site-packages/tabulate/__init__.py", line 900, in _type
    string = _strip_ansi(string)
  File "/workdir/tabulate-0.9.0/.tox/graalpylibtest-unit-test-tests/lib/python3.10/site-packages/tabulate/__init__.py", line 1001, in _strip_ansi
    return _ansi_codes_bytes.sub(r"\4", s)
TypeError: cannot use a bytes pattern on a string-like object</failure></testcase><testcase classname="test.test_input" name="test_numpy_record_array_keys" time="0.010"><failure message="TypeError: cannot use a bytes pattern on a string-like object">Traceback (most recent call last):
  File "/workdir/tabulate-0.9.0/.tox/graalpylibtest-unit-test-tests/lib/python3.10/site-packages/_pytest/runner.py", line 341, in from_call
    result: Optional[TResult] = func()
  File "/workdir/tabulate-0.9.0/.tox/graalpylibtest-unit-test-tests/lib/python3.10/site-packages/_pytest/runner.py", line 262, in &lt;lambda&gt;
    lambda: ihook(item=item, **kwds), when=when, reraise=reraise
  File "/workdir/tabulate-0.9.0/.tox/graalpylibtest-unit-test-tests/lib/python3.10/site-packages/pluggy/_hooks.py", line 493, in __call__
    return self._hookexec(self.name, self._hookimpls, kwargs, firstresult)
  File "/workdir/tabulate-0.9.0/.tox/graalpylibtest-unit-test-tests/lib/python3.10/site-packages/pluggy/_manager.py", line 115, in _hookexec
    return self._inner_hookexec(hook_name, methods, kwargs, firstresult)
  File "/workdir/tabulate-0.9.0/.tox/graalpylibtest-unit-test-tests/lib/python3.10/site-packages/pluggy/_callers.py", line 152, in _multicall
    return outcome.get_result()
  File "/workdir/tabulate-0.9.0/.tox/graalpylibtest-unit-test-tests/lib/python3.10/site-packages/pluggy/_result.py", line 114, in get_result
    raise exc.with_traceback(exc.__traceback__)
  File "/workdir/tabulate-0.9.0/.tox/graalpylibtest-unit-test-tests/lib/python3.10/site-packages/pluggy/_callers.py", line 77, in _multicall
    res = hook_impl.function(*args)
  File "/workdir/tabulate-0.9.0/.tox/graalpylibtest-unit-test-tests/lib/python3.10/site-packages/_pytest/runner.py", line 177, in pytest_runtest_call
    raise e
  File "/workdir/tabulate-0.9.0/.tox/graalpylibtest-unit-test-tests/lib/python3.10/site-packages/_pytest/runner.py", line 169, in pytest_runtest_call
    item.runtest()
  File "/workdir/tabulate-0.9.0/.tox/graalpylibtest-unit-test-tests/lib/python3.10/site-packages/_pytest/python.py", line 1792, in runtest
    self.ihook.pytest_pyfunc_call(pyfuncitem=self)
  File "/workdir/tabulate-0.9.0/.tox/graalpylibtest-unit-test-tests/lib/python3.10/site-packages/pluggy/_hooks.py", line 493, in __call__
    return self._hookexec(self.name, self._hookimpls, kwargs, firstresult)
  File "/workdir/tabulate-0.9.0/.tox/graalpylibtest-unit-test-tests/lib/python3.10/site-packages/pluggy/_manager.py", line 115, in _hookexec
    return self._inner_hookexec(hook_name, methods, kwargs, firstresult)
  File "/workdir/tabulate-0.9.0/.tox/graalpylibtest-unit-test-tests/lib/python3.10/site-packages/pluggy/_callers.py", line 113, in _multicall
    raise exception.with_traceback(exception.__traceback__)
  File "/workdir/tabulate-0.9.0/.tox/graalpylibtest-unit-test-tests/lib/python3.10/site-packages/pluggy/_callers.py", line 77, in _multicall
    res = hook_impl.function(*args)
  File "/workdir/tabulate-0.9.0/.tox/graalpylibtest-unit-test-tests/lib/python3.10/site-packages/_pytest/python.py", line 194, in pytest_pyfunc_call
    result = testfunction(**testargs)
  File "/workdir/tabulate-0.9.0/test/test_input.py", line 213, in test_numpy_record_array_keys
    result = tabulate(na, headers="keys")
  File "/workdir/tabulate-0.9.0/.tox/graalpylibtest-unit-test-tests/lib/python3.10/site-packages/tabulate/__init__.py", line 2130, in tabulate
    coltypes = [_column_type(col, numparse=np) for col, np in zip(cols, numparses)]
  File "/workdir/tabulate-0.9.0/.tox/graalpylibtest-unit-test-tests/lib/python3.10/site-packages/tabulate/__init__.py", line 2130, in &lt;listcomp&gt;
    coltypes = [_column_type(col, numparse=np) for col, np in zip(cols, numparses)]
  File "/workdir/tabulate-0.9.0/.tox/graalpylibtest-unit-test-tests/lib/python3.10/site-packages/tabulate/__init__.py", line 1197, in _column_type
    types = [_type(s, has_invisible, numparse) for s in strings]
  File "/workdir/tabulate-0.9.0/.tox/graalpylibtest-unit-test-tests/lib/python3.10/site-packages/tabulate/__init__.py", line 1197, in &lt;listcomp&gt;
    types = [_type(s, has_invisible, numparse) for s in strings]
  File "/workdir/tabulate-0.9.0/.tox/graalpylibtest-unit-test-tests/lib/python3.10/site-packages/tabulate/__init__.py", line 900, in _type
    string = _strip_ansi(string)
  File "/workdir/tabulate-0.9.0/.tox/graalpylibtest-unit-test-tests/lib/python3.10/site-packages/tabulate/__init__.py", line 1001, in _strip_ansi
    return _ansi_codes_bytes.sub(r"\4", s)
TypeError: cannot use a bytes pattern on a string-like object</failure></testcase><testcase classname="test.test_input" name="test_numpy_record_array_headers" time="0.011"><failure message="TypeError: cannot use a bytes pattern on a string-like object">Traceback (most recent call last):
  File "/workdir/tabulate-0.9.0/.tox/graalpylibtest-unit-test-tests/lib/python3.10/site-packages/_pytest/runner.py", line 341, in from_call
    result: Optional[TResult] = func()
  File "/workdir/tabulate-0.9.0/.tox/graalpylibtest-unit-test-tests/lib/python3.10/site-packages/_pytest/runner.py", line 262, in &lt;lambda&gt;
    lambda: ihook(item=item, **kwds), when=when, reraise=reraise
  File "/workdir/tabulate-0.9.0/.tox/graalpylibtest-unit-test-tests/lib/python3.10/site-packages/pluggy/_hooks.py", line 493, in __call__
    return self._hookexec(self.name, self._hookimpls, kwargs, firstresult)
  File "/workdir/tabulate-0.9.0/.tox/graalpylibtest-unit-test-tests/lib/python3.10/site-packages/pluggy/_manager.py", line 115, in _hookexec
    return self._inner_hookexec(hook_name, methods, kwargs, firstresult)
  File "/workdir/tabulate-0.9.0/.tox/graalpylibtest-unit-test-tests/lib/python3.10/site-packages/pluggy/_callers.py", line 152, in _multicall
    return outcome.get_result()
  File "/workdir/tabulate-0.9.0/.tox/graalpylibtest-unit-test-tests/lib/python3.10/site-packages/pluggy/_result.py", line 114, in get_result
    raise exc.with_traceback(exc.__traceback__)
  File "/workdir/tabulate-0.9.0/.tox/graalpylibtest-unit-test-tests/lib/python3.10/site-packages/pluggy/_callers.py", line 77, in _multicall
    res = hook_impl.function(*args)
  File "/workdir/tabulate-0.9.0/.tox/graalpylibtest-unit-test-tests/lib/python3.10/site-packages/_pytest/runner.py", line 177, in pytest_runtest_call
    raise e
  File "/workdir/tabulate-0.9.0/.tox/graalpylibtest-unit-test-tests/lib/python3.10/site-packages/_pytest/runner.py", line 169, in pytest_runtest_call
    item.runtest()
  File "/workdir/tabulate-0.9.0/.tox/graalpylibtest-unit-test-tests/lib/python3.10/site-packages/_pytest/python.py", line 1792, in runtest
    self.ihook.pytest_pyfunc_call(pyfuncitem=self)
  File "/workdir/tabulate-0.9.0/.tox/graalpylibtest-unit-test-tests/lib/python3.10/site-packages/pluggy/_hooks.py", line 493, in __call__
    return self._hookexec(self.name, self._hookimpls, kwargs, firstresult)
  File "/workdir/tabulate-0.9.0/.tox/graalpylibtest-unit-test-tests/lib/python3.10/site-packages/pluggy/_manager.py", line 115, in _hookexec
    return self._inner_hookexec(hook_name, methods, kwargs, firstresult)
  File "/workdir/tabulate-0.9.0/.tox/graalpylibtest-unit-test-tests/lib/python3.10/site-packages/pluggy/_callers.py", line 113, in _multicall
    raise exception.with_traceback(exception.__traceback__)
  File "/workdir/tabulate-0.9.0/.tox/graalpylibtest-unit-test-tests/lib/python3.10/site-packages/pluggy/_callers.py", line 77, in _multicall
    res = hook_impl.function(*args)
  File "/workdir/tabulate-0.9.0/.tox/graalpylibtest-unit-test-tests/lib/python3.10/site-packages/_pytest/python.py", line 194, in pytest_pyfunc_call
    result = testfunction(**testargs)
  File "/workdir/tabulate-0.9.0/test/test_input.py", line 239, in test_numpy_record_array_headers
    result = tabulate(na, headers=["person", "years", "cm"])
  File "/workdir/tabulate-0.9.0/.tox/graalpylibtest-unit-test-tests/lib/python3.10/site-packages/tabulate/__init__.py", line 2130, in tabulate
    coltypes = [_column_type(col, numparse=np) for col, np in zip(cols, numparses)]
  File "/workdir/tabulate-0.9.0/.tox/graalpylibtest-unit-test-tests/lib/python3.10/site-packages/tabulate/__init__.py", line 2130, in &lt;listcomp&gt;
    coltypes = [_column_type(col, numparse=np) for col, np in zip(cols, numparses)]
  File "/workdir/tabulate-0.9.0/.tox/graalpylibtest-unit-test-tests/lib/python3.10/site-packages/tabulate/__init__.py", line 1197, in _column_type
    types = [_type(s, has_invisible, numparse) for s in strings]
  File "/workdir/tabulate-0.9.0/.tox/graalpylibtest-unit-test-tests/lib/python3.10/site-packages/tabulate/__init__.py", line 1197, in &lt;listcomp&gt;
    types = [_type(s, has_invisible, numparse) for s in strings]
  File "/workdir/tabulate-0.9.0/.tox/graalpylibtest-unit-test-tests/lib/python3.10/site-packages/tabulate/__init__.py", line 900, in _type
    string = _strip_ansi(string)
  File "/workdir/tabulate-0.9.0/.tox/graalpylibtest-unit-test-tests/lib/python3.10/site-packages/tabulate/__init__.py", line 1001, in _strip_ansi
    return _ansi_codes_bytes.sub(r"\4", s)
TypeError: cannot use a bytes pattern on a string-like object</failure></testcase><testcase classname="test.test_input" name="test_pandas" time="2.706" /><testcase classname="test.test_input" name="test_pandas_firstrow" time="0.042" /><testcase classname="test.test_input" name="test_pandas_keys" time="0.033" /><testcase classname="test.test_input" name="test_sqlite3" time="0.030" /><testcase classname="test.test_input" name="test_sqlite3_keys" time="0.039" /><testcase classname="test.test_input" name="test_list_of_namedtuples" time="0.008" /><testcase classname="test.test_input" name="test_list_of_namedtuples_keys" time="0.008" /><testcase classname="test.test_input" name="test_list_of_dicts" time="0.007" /><testcase classname="test.test_input" name="test_list_of_userdicts" time="0.008" /><testcase classname="test.test_input" name="test_list_of_dicts_keys" time="0.007" /><testcase classname="test.test_input" name="test_list_of_userdicts_keys" time="0.008" /><testcase classname="test.test_input" name="test_list_of_dicts_with_missing_keys" time="0.008" /><testcase classname="test.test_input" name="test_list_of_dicts_firstrow" time="0.008" /><testcase classname="test.test_input" name="test_list_of_dicts_with_dict_of_headers" time="0.007" /><testcase classname="test.test_input" name="test_list_of_dicts_with_list_of_headers" time="0.006" /><testcase classname="test.test_input" name="test_list_of_ordereddicts" time="0.009" /><testcase classname="test.test_input" name="test_py37orlater_list_of_dataclasses_keys" time="0.015" /><testcase classname="test.test_input" name="test_py37orlater_list_of_dataclasses_headers" time="0.012" /><testcase classname="test.test_input" name="test_list_bytes" time="0.006"><failure message="TypeError: cannot use a bytes pattern on a string-like object">Traceback (most recent call last):
  File "/workdir/tabulate-0.9.0/.tox/graalpylibtest-unit-test-tests/lib/python3.10/site-packages/_pytest/runner.py", line 341, in from_call
    result: Optional[TResult] = func()
  File "/workdir/tabulate-0.9.0/.tox/graalpylibtest-unit-test-tests/lib/python3.10/site-packages/_pytest/runner.py", line 262, in &lt;lambda&gt;
    lambda: ihook(item=item, **kwds), when=when, reraise=reraise
  File "/workdir/tabulate-0.9.0/.tox/graalpylibtest-unit-test-tests/lib/python3.10/site-packages/pluggy/_hooks.py", line 493, in __call__
    return self._hookexec(self.name, self._hookimpls, kwargs, firstresult)
  File "/workdir/tabulate-0.9.0/.tox/graalpylibtest-unit-test-tests/lib/python3.10/site-packages/pluggy/_manager.py", line 115, in _hookexec
    return self._inner_hookexec(hook_name, methods, kwargs, firstresult)
  File "/workdir/tabulate-0.9.0/.tox/graalpylibtest-unit-test-tests/lib/python3.10/site-packages/pluggy/_callers.py", line 152, in _multicall
    return outcome.get_result()
  File "/workdir/tabulate-0.9.0/.tox/graalpylibtest-unit-test-tests/lib/python3.10/site-packages/pluggy/_result.py", line 114, in get_result
    raise exc.with_traceback(exc.__traceback__)
  File "/workdir/tabulate-0.9.0/.tox/graalpylibtest-unit-test-tests/lib/python3.10/site-packages/pluggy/_callers.py", line 77, in _multicall
    res = hook_impl.function(*args)
  File "/workdir/tabulate-0.9.0/.tox/graalpylibtest-unit-test-tests/lib/python3.10/site-packages/_pytest/runner.py", line 177, in pytest_runtest_call
    raise e
  File "/workdir/tabulate-0.9.0/.tox/graalpylibtest-unit-test-tests/lib/python3.10/site-packages/_pytest/runner.py", line 169, in pytest_runtest_call
    item.runtest()
  File "/workdir/tabulate-0.9.0/.tox/graalpylibtest-unit-test-tests/lib/python3.10/site-packages/_pytest/python.py", line 1792, in runtest
    self.ihook.pytest_pyfunc_call(pyfuncitem=self)
  File "/workdir/tabulate-0.9.0/.tox/graalpylibtest-unit-test-tests/lib/python3.10/site-packages/pluggy/_hooks.py", line 493, in __call__
    return self._hookexec(self.name, self._hookimpls, kwargs, firstresult)
  File "/workdir/tabulate-0.9.0/.tox/graalpylibtest-unit-test-tests/lib/python3.10/site-packages/pluggy/_manager.py", line 115, in _hookexec
    return self._inner_hookexec(hook_name, methods, kwargs, firstresult)
  File "/workdir/tabulate-0.9.0/.tox/graalpylibtest-unit-test-tests/lib/python3.10/site-packages/pluggy/_callers.py", line 113, in _multicall
    raise exception.with_traceback(exception.__traceback__)
  File "/workdir/tabulate-0.9.0/.tox/graalpylibtest-unit-test-tests/lib/python3.10/site-packages/pluggy/_callers.py", line 77, in _multicall
    res = hook_impl.function(*args)
  File "/workdir/tabulate-0.9.0/.tox/graalpylibtest-unit-test-tests/lib/python3.10/site-packages/_pytest/python.py", line 194, in pytest_pyfunc_call
    result = testfunction(**testargs)
  File "/workdir/tabulate-0.9.0/test/test_input.py", line 529, in test_list_bytes
    result = tabulate(lb, headers=["bytes"])
  File "/workdir/tabulate-0.9.0/.tox/graalpylibtest-unit-test-tests/lib/python3.10/site-packages/tabulate/__init__.py", line 2130, in tabulate
    coltypes = [_column_type(col, numparse=np) for col, np in zip(cols, numparses)]
  File "/workdir/tabulate-0.9.0/.tox/graalpylibtest-unit-test-tests/lib/python3.10/site-packages/tabulate/__init__.py", line 2130, in &lt;listcomp&gt;
    coltypes = [_column_type(col, numparse=np) for col, np in zip(cols, numparses)]
  File "/workdir/tabulate-0.9.0/.tox/graalpylibtest-unit-test-tests/lib/python3.10/site-packages/tabulate/__init__.py", line 1197, in _column_type
    types = [_type(s, has_invisible, numparse) for s in strings]
  File "/workdir/tabulate-0.9.0/.tox/graalpylibtest-unit-test-tests/lib/python3.10/site-packages/tabulate/__init__.py", line 1197, in &lt;listcomp&gt;
    types = [_type(s, has_invisible, numparse) for s in strings]
  File "/workdir/tabulate-0.9.0/.tox/graalpylibtest-unit-test-tests/lib/python3.10/site-packages/tabulate/__init__.py", line 900, in _type
    string = _strip_ansi(string)
  File "/workdir/tabulate-0.9.0/.tox/graalpylibtest-unit-test-tests/lib/python3.10/site-packages/tabulate/__init__.py", line 1001, in _strip_ansi
    return _ansi_codes_bytes.sub(r"\4", s)
TypeError: cannot use a bytes pattern on a string-like object</failure></testcase><testcase classname="test.test_internal" name="test_multiline_width" time="0.006" /><testcase classname="test.test_internal" name="test_align_column_decimal" time="0.008" /><testcase classname="test.test_internal" name="test_align_column_decimal_with_thousand_separators" time="0.006" /><testcase classname="test.test_internal" name="test_align_column_decimal_with_incorrect_thousand_separators" time="0.006" /><testcase classname="test.test_internal" name="test_align_column_none" time="0.005" /><testcase classname="test.test_internal" name="test_align_column_multiline" time="0.007" /><testcase classname="test.test_internal" name="test_align_cell_veritically_one_line_only" time="0.004" /><testcase classname="test.test_internal" name="test_align_cell_veritically_top_single_text_multiple_pad" time="0.004" /><testcase classname="test.test_internal" name="test_align_cell_veritically_center_single_text_multiple_pad" time="0.004" /><testcase classname="test.test_internal" name="test_align_cell_veritically_bottom_single_text_multiple_pad" time="0.005" /><testcase classname="test.test_internal" name="test_align_cell_veritically_top_multi_text_multiple_pad" time="0.004" /><testcase classname="test.test_internal" name="test_align_cell_veritically_center_multi_text_multiple_pad" time="0.005" /><testcase classname="test.test_internal" name="test_align_cell_veritically_bottom_multi_text_multiple_pad" time="0.005" /><testcase classname="test.test_internal" name="test_wrap_text_to_colwidths" time="0.018" /><testcase classname="test.test_internal" name="test_wrap_text_wide_chars" time="0.015" /><testcase classname="test.test_internal" name="test_wrap_text_to_numbers" time="0.011" /><testcase classname="test.test_internal" name="test_wrap_text_to_colwidths_single_ansi_colors_full_cell" time="0.012" /><testcase classname="test.test_internal" name="test_wrap_text_to_colwidths_colors_wide_char" time="0.009" /><testcase classname="test.test_internal" name="test_wrap_text_to_colwidths_multi_ansi_colors_full_cell" time="0.014" /><testcase classname="test.test_internal" name="test_wrap_text_to_colwidths_multi_ansi_colors_in_subset" time="0.016" /><testcase classname="test.test_internal" name="test__remove_separating_lines" time="0.006" /><testcase classname="test.test_internal" name="test__reinsert_separating_lines" time="0.005" /><testcase classname="test.test_output" name="test_plain" time="0.009" /><testcase classname="test.test_output" name="test_plain_headerless" time="0.009" /><testcase classname="test.test_output" name="test_plain_multiline_headerless" time="0.012" /><testcase classname="test.test_output" name="test_plain_multiline" time="0.014" /><testcase classname="test.test_output" name="test_plain_multiline_with_links" time="0.011" /><testcase classname="test.test_output" name="test_plain_multiline_with_empty_cells" time="0.018" /><testcase classname="test.test_output" name="test_plain_multiline_with_empty_cells_headerless" time="0.010" /><testcase classname="test.test_output" name="test_plain_maxcolwidth_autowraps" time="0.010" /><testcase classname="test.test_output" name="test_plain_maxcolwidth_autowraps_with_sep" time="0.017" /><testcase classname="test.test_output" name="test_plain_maxcolwidth_autowraps_wide_chars" time="0.013" /><testcase classname="test.test_output" name="test_maxcolwidth_single_value" time="0.380" /><testcase classname="test.test_output" name="test_maxcolwidth_pad_tailing_widths" time="0.010" /><testcase classname="test.test_output" name="test_maxcolwidth_honor_disable_parsenum" time="0.017" /><testcase classname="test.test_output" name="test_plain_maxheadercolwidths_autowraps" time="0.013" /><testcase classname="test.test_output" name="test_simple" time="0.008" /><testcase classname="test.test_output" name="test_simple_with_sep_line" time="0.008" /><testcase classname="test.test_output" name="test_readme_example_with_sep" time="0.007" /><testcase classname="test.test_output" name="test_simple_multiline_2" time="0.008" /><testcase classname="test.test_output" name="test_simple_multiline_2_with_sep_line" time="0.008" /><testcase classname="test.test_output" name="test_simple_headerless" time="0.007" /><testcase classname="test.test_output" name="test_simple_headerless_with_sep_line" time="0.007" /><testcase classname="test.test_output" name="test_simple_multiline_headerless" time="0.009" /><testcase classname="test.test_output" name="test_simple_multiline" time="0.011" /><testcase classname="test.test_output" name="test_simple_multiline_with_links" time="0.011" /><testcase classname="test.test_output" name="test_simple_multiline_with_empty_cells" time="0.011" /><testcase classname="test.test_output" name="test_simple_multiline_with_empty_cells_headerless" time="0.012" /><testcase classname="test.test_output" name="test_github" time="0.009" /><testcase classname="test.test_output" name="test_grid" time="0.008" /><testcase classname="test.test_output" name="test_grid_wide_characters" time="0.008" /><testcase classname="test.test_output" name="test_grid_headerless" time="0.007" /><testcase classname="test.test_output" name="test_grid_multiline_headerless" time="0.008" /><testcase classname="test.test_output" name="test_grid_multiline" time="0.011" /><testcase classname="test.test_output" name="test_grid_multiline_with_empty_cells" time="0.010" /><testcase classname="test.test_output" name="test_grid_multiline_with_empty_cells_headerless" time="0.105" /><testcase classname="test.test_output" name="test_simple_grid" time="0.009" /><testcase classname="test.test_output" name="test_simple_grid_wide_characters" time="0.008" /><testcase classname="test.test_output" name="test_simple_grid_headerless" time="0.007" /><testcase classname="test.test_output" name="test_simple_grid_multiline_headerless" time="0.008" /><testcase classname="test.test_output" name="test_simple_grid_multiline" time="0.009" /><testcase classname="test.test_output" name="test_simple_grid_multiline_with_empty_cells" time="0.008" /><testcase classname="test.test_output" name="test_simple_grid_multiline_with_empty_cells_headerless" time="0.007" /><testcase classname="test.test_output" name="test_rounded_grid" time="0.006" /><testcase classname="test.test_output" name="test_rounded_grid_wide_characters" time="0.006" /><testcase classname="test.test_output" name="test_rounded_grid_headerless" time="0.006" /><testcase classname="test.test_output" name="test_rounded_grid_multiline_headerless" time="0.006" /><testcase classname="test.test_output" name="test_rounded_grid_multiline" time="0.008" /><testcase classname="test.test_output" name="test_rounded_grid_multiline_with_empty_cells" time="0.008" /><testcase classname="test.test_output" name="test_rounded_grid_multiline_with_empty_cells_headerless" time="0.008" /><testcase classname="test.test_output" name="test_heavy_grid" time="0.007" /><testcase classname="test.test_output" name="test_heavy_grid_wide_characters" time="0.007" /><testcase classname="test.test_output" name="test_heavy_grid_headerless" time="0.006" /><testcase classname="test.test_output" name="test_heavy_grid_multiline_headerless" time="0.007" /><testcase classname="test.test_output" name="test_heavy_grid_multiline" time="0.009" /><testcase classname="test.test_output" name="test_heavy_grid_multiline_with_empty_cells" time="0.009" /><testcase classname="test.test_output" name="test_heavy_grid_multiline_with_empty_cells_headerless" time="0.009" /><testcase classname="test.test_output" name="test_mixed_grid" time="0.007" /><testcase classname="test.test_output" name="test_mixed_grid_wide_characters" time="0.007" /><testcase classname="test.test_output" name="test_mixed_grid_headerless" time="0.007" /><testcase classname="test.test_output" name="test_mixed_grid_multiline_headerless" time="0.008" /><testcase classname="test.test_output" name="test_mixed_grid_multiline" time="0.010" /><testcase classname="test.test_output" name="test_mixed_grid_multiline_with_empty_cells" time="0.010" /><testcase classname="test.test_output" name="test_mixed_grid_multiline_with_empty_cells_headerless" time="0.009" /><testcase classname="test.test_output" name="test_double_grid" time="0.006" /><testcase classname="test.test_output" name="test_double_grid_wide_characters" time="0.006" /><testcase classname="test.test_output" name="test_double_grid_headerless" time="0.006" /><testcase classname="test.test_output" name="test_double_grid_multiline_headerless" time="0.007" /><testcase classname="test.test_output" name="test_double_grid_multiline" time="0.009" /><testcase classname="test.test_output" name="test_double_grid_multiline_with_empty_cells" time="0.008" /><testcase classname="test.test_output" name="test_double_grid_multiline_with_empty_cells_headerless" time="0.009" /><testcase classname="test.test_output" name="test_fancy_grid" time="0.008" /><testcase classname="test.test_output" name="test_fancy_grid_wide_characters" time="0.007" /><testcase classname="test.test_output" name="test_fancy_grid_headerless" time="0.007" /><testcase classname="test.test_output" name="test_fancy_grid_multiline_headerless" time="0.008" /><testcase classname="test.test_output" name="test_fancy_grid_multiline" time="0.010" /><testcase classname="test.test_output" name="test_fancy_grid_multiline_with_empty_cells" time="0.009" /><testcase classname="test.test_output" name="test_fancy_grid_multiline_with_empty_cells_headerless" time="0.009" /><testcase classname="test.test_output" name="test_fancy_grid_multiline_row_align" time="0.011" /><testcase classname="test.test_output" name="test_outline" time="0.007" /><testcase classname="test.test_output" name="test_outline_wide_characters" time="0.007" /><testcase classname="test.test_output" name="test_outline_headerless" time="0.007" /><testcase classname="test.test_output" name="test_simple_outline" time="0.007" /><testcase classname="test.test_output" name="test_simple_outline_wide_characters" time="0.007" /><testcase classname="test.test_output" name="test_simple_outline_headerless" time="0.013" /><testcase classname="test.test_output" name="test_rounded_outline" time="0.006" /><testcase classname="test.test_output" name="test_rounded_outline_wide_characters" time="0.006" /><testcase classname="test.test_output" name="test_rounded_outline_headerless" time="0.006" /><testcase classname="test.test_output" name="test_heavy_outline" time="0.005" /><testcase classname="test.test_output" name="test_heavy_outline_wide_characters" time="0.005" /><testcase classname="test.test_output" name="test_heavy_outline_headerless" time="0.006" /><testcase classname="test.test_output" name="test_mixed_outline" time="0.006" /><testcase classname="test.test_output" name="test_mixed_outline_wide_characters" time="0.007" /><testcase classname="test.test_output" name="test_mixed_outline_headerless" time="0.006" /><testcase classname="test.test_output" name="test_double_outline" time="0.006" /><testcase classname="test.test_output" name="test_double_outline_wide_characters" time="0.007" /><testcase classname="test.test_output" name="test_double_outline_headerless" time="0.006" /><testcase classname="test.test_output" name="test_fancy_outline" time="0.007" /><testcase classname="test.test_output" name="test_fancy_outline_wide_characters" time="0.008" /><testcase classname="test.test_output" name="test_fancy_outline_headerless" time="0.006" /><testcase classname="test.test_output" name="test_pipe" time="0.007" /><testcase classname="test.test_output" name="test_pipe_headerless" time="0.007" /><testcase classname="test.test_output" name="test_presto" time="0.007" /><testcase classname="test.test_output" name="test_presto_headerless" time="0.007" /><testcase classname="test.test_output" name="test_presto_multiline_headerless" time="0.008" /><testcase classname="test.test_output" name="test_presto_multiline" time="0.011" /><testcase classname="test.test_output" name="test_presto_multiline_with_empty_cells" time="0.009" /><testcase classname="test.test_output" name="test_presto_multiline_with_empty_cells_headerless" time="0.008" /><testcase classname="test.test_output" name="test_orgtbl" time="0.006" /><testcase classname="test.test_output" name="test_orgtbl_headerless" time="0.006" /><testcase classname="test.test_output" name="test_asciidoc" time="0.008" /><testcase classname="test.test_output" name="test_asciidoc_headerless" time="0.008" /><testcase classname="test.test_output" name="test_psql" time="0.007" /><testcase classname="test.test_output" name="test_psql_headerless" time="0.007" /><testcase classname="test.test_output" name="test_psql_multiline_headerless" time="0.008" /><testcase classname="test.test_output" name="test_psql_multiline" time="0.010" /><testcase classname="test.test_output" name="test_psql_multiline_with_empty_cells" time="0.010" /><testcase classname="test.test_output" name="test_psql_multiline_with_empty_cells_headerless" time="0.011" /><testcase classname="test.test_output" name="test_pretty" time="0.015" /><testcase classname="test.test_output" name="test_pretty_headerless" time="0.011" /><testcase classname="test.test_output" name="test_pretty_multiline_headerless" time="0.014" /><testcase classname="test.test_output" name="test_pretty_multiline" time="0.030" /><testcase classname="test.test_output" name="test_pretty_multiline_with_links" time="0.034" /><testcase classname="test.test_output" name="test_pretty_multiline_with_empty_cells" time="0.013" /><testcase classname="test.test_output" name="test_pretty_multiline_with_empty_cells_headerless" time="0.009" /><testcase classname="test.test_output" name="test_jira" time="0.007" /><testcase classname="test.test_output" name="test_jira_headerless" time="0.006" /><testcase classname="test.test_output" name="test_rst" time="0.007" /><testcase classname="test.test_output" name="test_rst_with_empty_values_in_first_column" time="0.007" /><testcase classname="test.test_output" name="test_rst_headerless" time="0.006" /><testcase classname="test.test_output" name="test_rst_multiline" time="0.009" /><testcase classname="test.test_output" name="test_rst_multiline_with_links" time="0.009" /><testcase classname="test.test_output" name="test_rst_multiline_with_empty_cells" time="0.009" /><testcase classname="test.test_output" name="test_rst_multiline_with_empty_cells_headerless" time="0.008" /><testcase classname="test.test_output" name="test_mediawiki" time="0.007" /><testcase classname="test.test_output" name="test_mediawiki_headerless" time="0.007" /><testcase classname="test.test_output" name="test_moinmoin" time="0.014" /><testcase classname="test.test_output" name="test_youtrack" time="0.006" /><testcase classname="test.test_output" name="test_moinmoin_headerless" time="0.006" /><testcase classname="test.test_output" name="test_html" time="0.007" /><testcase classname="test.test_output" name="test_unsafehtml" time="0.007" /><testcase classname="test.test_output" name="test_html_headerless" time="0.006" /><testcase classname="test.test_output" name="test_unsafehtml_headerless" time="0.006" /><testcase classname="test.test_output" name="test_latex" time="0.007" /><testcase classname="test.test_output" name="test_latex_raw" time="0.007" /><testcase classname="test.test_output" name="test_latex_headerless" time="0.006" /><testcase classname="test.test_output" name="test_latex_booktabs" time="0.006" /><testcase classname="test.test_output" name="test_latex_booktabs_headerless" time="0.006" /><testcase classname="test.test_output" name="test_textile" time="0.006" /><testcase classname="test.test_output" name="test_textile_with_header" time="0.006" /><testcase classname="test.test_output" name="test_textile_with_center_align" time="0.006" /><testcase classname="test.test_output" name="test_no_data" time="0.005" /><testcase classname="test.test_output" name="test_empty_data" time="0.004" /><testcase classname="test.test_output" name="test_no_data_without_headers" time="0.004" /><testcase classname="test.test_output" name="test_empty_data_without_headers" time="0.004" /><testcase classname="test.test_output" name="test_intfmt" time="0.006" /><testcase classname="test.test_output" name="test_empty_data_with_headers" time="0.005" /><testcase classname="test.test_output" name="test_floatfmt" time="0.006" /><testcase classname="test.test_output" name="test_floatfmt_multi" time="0.006" /><testcase classname="test.test_output" name="test_colalign_multi" time="0.007" /><testcase classname="test.test_output" name="test_colalign_multi_with_sep_line" time="0.007" /><testcase classname="test.test_output" name="test_float_conversions" time="0.010" /><testcase classname="test.test_output" name="test_missingval" time="0.006" /><testcase classname="test.test_output" name="test_missingval_multi" time="0.007" /><testcase classname="test.test_output" name="test_column_alignment" time="0.015" /><testcase classname="test.test_output" name="test_unaligned_separated" time="0.007" /><testcase classname="test.test_output" name="test_pandas_with_index" time="0.037" /><testcase classname="test.test_output" name="test_pandas_without_index" time="0.033" /><testcase classname="test.test_output" name="test_pandas_rst_with_index" time="0.034" /><testcase classname="test.test_output" name="test_pandas_rst_with_named_index" time="0.033" /><testcase classname="test.test_output" name="test_dict_like_with_index" time="0.007" /><testcase classname="test.test_output" name="test_list_of_lists_with_index" time="0.007" /><testcase classname="test.test_output" name="test_list_of_lists_with_index_with_sep_line" time="0.007" /><testcase classname="test.test_output" name="test_list_of_lists_with_supplied_index" time="0.008" /><testcase classname="test.test_output" name="test_list_of_lists_with_index_firstrow" time="0.025" /><testcase classname="test.test_output" name="test_disable_numparse_default" time="0.008" /><testcase classname="test.test_output" name="test_disable_numparse_true" time="0.006" /><testcase classname="test.test_output" name="test_disable_numparse_list" time="0.009" /><testcase classname="test.test_output" name="test_preserve_whitespace" time="0.008" /><testcase classname="test.test_regression" name="test_ansi_color_in_table_cells" time="0.009" /><testcase classname="test.test_regression" name="test_alignment_of_colored_cells" time="0.010" /><testcase classname="test.test_regression" name="test_alignment_of_link_cells" time="0.008" /><testcase classname="test.test_regression" name="test_alignment_of_link_text_cells" time="0.010" /><testcase classname="test.test_regression" name="test_iter_of_iters_with_headers" time="0.008" /><testcase classname="test.test_regression" name="test_datetime_values" time="0.009" /><testcase classname="test.test_regression" name="test_simple_separated_format" time="0.008" /><testcase classname="test.test_regression" name="test_simple_separated_format_with_headers" time="0.007" /><testcase classname="test.test_regression" name="test_column_type_of_bytestring_columns" time="0.006"><failure message="TypeError: cannot use a bytes pattern on a string-like object">Traceback (most recent call last):
  File "/workdir/tabulate-0.9.0/.tox/graalpylibtest-unit-test-tests/lib/python3.10/site-packages/_pytest/runner.py", line 341, in from_call
    result: Optional[TResult] = func()
  File "/workdir/tabulate-0.9.0/.tox/graalpylibtest-unit-test-tests/lib/python3.10/site-packages/_pytest/runner.py", line 262, in &lt;lambda&gt;
    lambda: ihook(item=item, **kwds), when=when, reraise=reraise
  File "/workdir/tabulate-0.9.0/.tox/graalpylibtest-unit-test-tests/lib/python3.10/site-packages/pluggy/_hooks.py", line 493, in __call__
    return self._hookexec(self.name, self._hookimpls, kwargs, firstresult)
  File "/workdir/tabulate-0.9.0/.tox/graalpylibtest-unit-test-tests/lib/python3.10/site-packages/pluggy/_manager.py", line 115, in _hookexec
    return self._inner_hookexec(hook_name, methods, kwargs, firstresult)
  File "/workdir/tabulate-0.9.0/.tox/graalpylibtest-unit-test-tests/lib/python3.10/site-packages/pluggy/_callers.py", line 152, in _multicall
    return outcome.get_result()
  File "/workdir/tabulate-0.9.0/.tox/graalpylibtest-unit-test-tests/lib/python3.10/site-packages/pluggy/_result.py", line 114, in get_result
    raise exc.with_traceback(exc.__traceback__)
  File "/workdir/tabulate-0.9.0/.tox/graalpylibtest-unit-test-tests/lib/python3.10/site-packages/pluggy/_callers.py", line 77, in _multicall
    res = hook_impl.function(*args)
  File "/workdir/tabulate-0.9.0/.tox/graalpylibtest-unit-test-tests/lib/python3.10/site-packages/_pytest/runner.py", line 177, in pytest_runtest_call
    raise e
  File "/workdir/tabulate-0.9.0/.tox/graalpylibtest-unit-test-tests/lib/python3.10/site-packages/_pytest/runner.py", line 169, in pytest_runtest_call
    item.runtest()
  File "/workdir/tabulate-0.9.0/.tox/graalpylibtest-unit-test-tests/lib/python3.10/site-packages/_pytest/python.py", line 1792, in runtest
    self.ihook.pytest_pyfunc_call(pyfuncitem=self)
  File "/workdir/tabulate-0.9.0/.tox/graalpylibtest-unit-test-tests/lib/python3.10/site-packages/pluggy/_hooks.py", line 493, in __call__
    return self._hookexec(self.name, self._hookimpls, kwargs, firstresult)
  File "/workdir/tabulate-0.9.0/.tox/graalpylibtest-unit-test-tests/lib/python3.10/site-packages/pluggy/_manager.py", line 115, in _hookexec
    return self._inner_hookexec(hook_name, methods, kwargs, firstresult)
  File "/workdir/tabulate-0.9.0/.tox/graalpylibtest-unit-test-tests/lib/python3.10/site-packages/pluggy/_callers.py", line 113, in _multicall
    raise exception.with_traceback(exception.__traceback__)
  File "/workdir/tabulate-0.9.0/.tox/graalpylibtest-unit-test-tests/lib/python3.10/site-packages/pluggy/_callers.py", line 77, in _multicall
    res = hook_impl.function(*args)
  File "/workdir/tabulate-0.9.0/.tox/graalpylibtest-unit-test-tests/lib/python3.10/site-packages/_pytest/python.py", line 194, in pytest_pyfunc_call
    result = testfunction(**testargs)
  File "/workdir/tabulate-0.9.0/test/test_regression.py", line 164, in test_column_type_of_bytestring_columns
    result = _column_type([b"foo", b"bar"])
  File "/workdir/tabulate-0.9.0/.tox/graalpylibtest-unit-test-tests/lib/python3.10/site-packages/tabulate/__init__.py", line 1197, in _column_type
    types = [_type(s, has_invisible, numparse) for s in strings]
  File "/workdir/tabulate-0.9.0/.tox/graalpylibtest-unit-test-tests/lib/python3.10/site-packages/tabulate/__init__.py", line 1197, in &lt;listcomp&gt;
    types = [_type(s, has_invisible, numparse) for s in strings]
  File "/workdir/tabulate-0.9.0/.tox/graalpylibtest-unit-test-tests/lib/python3.10/site-packages/tabulate/__init__.py", line 900, in _type
    string = _strip_ansi(string)
  File "/workdir/tabulate-0.9.0/.tox/graalpylibtest-unit-test-tests/lib/python3.10/site-packages/tabulate/__init__.py", line 1001, in _strip_ansi
    return _ansi_codes_bytes.sub(r"\4", s)
TypeError: cannot use a bytes pattern on a string-like object</failure></testcase><testcase classname="test.test_regression" name="test_numeric_column_headers" time="0.009" /><testcase classname="test.test_regression" name="test_88_256_ANSI_color_codes" time="0.008" /><testcase classname="test.test_regression" name="test_column_with_mixed_value_types" time="0.006" /><testcase classname="test.test_regression" name="test_latex_escape_special_chars" time="0.005" /><testcase classname="test.test_regression" name="test_isconvertible_on_set_values" time="0.006" /><testcase classname="test.test_regression" name="test_ansi_color_for_decimal_numbers" time="0.008" /><testcase classname="test.test_regression" name="test_alignment_of_decimal_numbers_with_ansi_color" time="0.009" /><testcase classname="test.test_regression" name="test_alignment_of_decimal_numbers_with_commas" time="0.005"><skipped type="pytest.skip" message="test is temporarily disable until the feature is reimplemented">/workdir/tabulate-0.9.0/test/test_regression.py:261: test is temporarily disable until the feature is reimplemented</skipped></testcase><testcase classname="test.test_regression" name="test_long_integers" time="0.020" /><testcase classname="test.test_regression" name="test_colorclass_colors" time="0.010" /><testcase classname="test.test_regression" name="test_mix_normal_and_wide_characters" time="0.007" /><testcase classname="test.test_regression" name="test_multiline_with_wide_characters" time="0.008" /><testcase classname="test.test_regression" name="test_align_long_integers" time="0.006" /><testcase classname="test.test_regression" name="test_numpy_array_as_headers" time="0.009" /><testcase classname="test.test_regression" name="test_boolean_columns" time="0.006" /><testcase classname="test.test_regression" name="test_ansi_color_bold_and_fgcolor" time="0.010" /><testcase classname="test.test_regression" name="test_empty_table_with_keys_as_header" time="0.006" /><testcase classname="test.test_regression" name="test_escape_empty_cell_in_first_column_in_rst" time="0.007" /><testcase classname="test.test_regression" name="test_ragged_rows" time="0.008" /><testcase classname="test.test_regression" name="test_empty_pipe_table_with_columns" time="0.006" /><testcase classname="test.test_regression" name="test_custom_tablefmt" time="0.007" /><testcase classname="test.test_regression" name="test_string_with_comma_between_digits_without_floatfmt_grouping_option" time="0.006" /><testcase classname="test.test_regression" name="test_iterable_row_index" time="0.009" /><testcase classname="test.test_textwrapper" name="test_wrap_multiword_non_wide" time="0.145" /><testcase classname="test.test_textwrapper" name="test_wrap_multiword_non_wide_with_hypens" time="0.230" /><testcase classname="test.test_textwrapper" name="test_wrap_longword_non_wide" time="0.275" /><testcase classname="test.test_textwrapper" name="test_wrap_wide_char_multiword" time="0.022" /><testcase classname="test.test_textwrapper" name="test_wrap_wide_char_longword" time="0.011" /><testcase classname="test.test_textwrapper" name="test_wrap_mixed_string" time="0.022" /><testcase classname="test.test_textwrapper" name="test_wrapper_len_ignores_color_chars" time="0.006" /><testcase classname="test.test_textwrapper" name="test_wrap_full_line_color" time="0.010" /><testcase classname="test.test_textwrapper" name="test_wrap_color_in_single_line" time="0.011" /><testcase classname="test.test_textwrapper" name="test_wrap_color_line_splillover" time="0.009" /><testcase classname="test.test_textwrapper" name="test_wrap_datetime" time="0.019" /></testsuite></testsuites>