/workdir/tabulate-0.9.0/.tox/.package/lib/python3.10/site-packages/setuptools_scm/git.py:163: UserWarning: "/workdir/tabulate-0.9.0" is shallow and may cause errors
  warnings.warn(f'"{wd.path}" is shallow and may cause errors')
/workdir/tabulate-0.9.0/.tox/.package/lib/python3.10/site-packages/setuptools/config/pyprojecttoml.py:104: _BetaConfiguration: Support for `[tool.setuptools]` in `pyproject.toml` is still *beta*.
  warnings.warn(msg, _BetaConfiguration)
/workdir/tabulate-0.9.0/.tox/.package/lib/python3.10/site-packages/setuptools_scm/git.py:163: UserWarning: "/workdir/tabulate-0.9.0" is shallow and may cause errors
  warnings.warn(f'"{wd.path}" is shallow and may cause errors')
/workdir/tabulate-0.9.0/.tox/.package/lib/python3.10/site-packages/setuptools/config/pyprojecttoml.py:104: _BetaConfiguration: Support for `[tool.setuptools]` in `pyproject.toml` is still *beta*.
  warnings.warn(msg, _BetaConfiguration)
warning: check: missing required meta-data: url

warning: check: missing meta-data: either (author and author_email) or (maintainer and maintainer_email) should be supplied

graalpylibtest-unit-test-tests create: /workdir/tabulate-0.9.0/.tox/graalpylibtest-unit-test-tests
graalpylibtest-unit-test-tests installdeps: mock, pytest, -r.circleci/requirements.txt
graalpylibtest-unit-test-tests inst: /workdir/tabulate-0.9.0/.tox/.tmp/package/1/tabulate-0.9.0.tar.gz
graalpylibtest-unit-test-tests installed: build==1.0.3,distlib==0.3.7,exceptiongroup==1.2.0,filelock==3.13.1,graalpy-virtualenv==0.0.1,hpy==0.9.0rc2,iniconfig==2.0.0,mock==5.1.0,numpy==1.23.5,packaging==23.2,pandas==1.5.2,platformdirs==4.0.0,pluggy==1.3.0,py==1.11.0,pyproject_hooks==1.0.0,pytest==7.4.3,python-dateutil==2.8.2,pytz==2022.2.1,setuptools-scm==8.0.4,six==1.16.0,tabulate @ file:///workdir/tabulate-0.9.0/.tox/.tmp/package/1/tabulate-0.9.0.tar.gz,tomli==2.0.1,tox==3.28.0,typing_extensions==4.8.0,virtualenv==20.24.7,wcwidth==0.2.12
graalpylibtest-unit-test-tests run-test-pre: PYTHONHASHSEED='1090626107'
graalpylibtest-unit-test-tests run-test: commands[0] | pytest -v --tb=native --junitxml /workdir/results/tabulate/0.9.0/1/graalpy-test-results.xml
============================= test session starts ==============================
platform linux -- Python 3.10.8, pytest-7.4.3, pluggy-1.3.0 -- /workdir/tabulate-0.9.0/.tox/graalpylibtest-unit-test-tests/bin/python
cachedir: .tox/graalpylibtest-unit-test-tests/.pytest_cache
rootdir: /workdir/tabulate-0.9.0
collecting ... collected 284 items

test/test_api.py::test_tabulate_formats PASSED                           [  0%]
test/test_api.py::test_tabulate_signature PASSED                         [  0%]
test/test_api.py::test_simple_separated_format_signature PASSED          [  1%]
test/test_cli.py::test_script_from_stdin_to_stdout PASSED                [  1%]
test/test_cli.py::test_script_from_file_to_stdout PASSED                 [  1%]
test/test_cli.py::test_script_from_file_to_file PASSED                   [  2%]
test/test_cli.py::test_script_header_option PASSED                       [  2%]
test/test_cli.py::test_script_sep_option PASSED                          [  2%]
test/test_cli.py::test_script_floatfmt_option PASSED                     [  3%]
test/test_cli.py::test_script_format_option PASSED                       [  3%]
test/test_input.py::test_iterable_of_iterables PASSED                    [  3%]
test/test_input.py::test_iterable_of_iterables_headers PASSED            [  4%]
test/test_input.py::test_iterable_of_iterables_firstrow PASSED           [  4%]
test/test_input.py::test_list_of_lists PASSED                            [  4%]
test/test_input.py::test_list_of_lists_firstrow PASSED                   [  5%]
test/test_input.py::test_list_of_lists_keys PASSED                       [  5%]
test/test_input.py::test_dict_like PASSED                                [  5%]
test/test_input.py::test_numpy_2d PASSED                                 [  6%]
test/test_input.py::test_numpy_2d_firstrow PASSED                        [  6%]
test/test_input.py::test_numpy_2d_keys PASSED                            [  7%]
test/test_input.py::test_numpy_record_array FAILED                       [  7%]
test/test_input.py::test_numpy_record_array_keys FAILED                  [  7%]
test/test_input.py::test_numpy_record_array_headers FAILED               [  8%]
test/test_input.py::test_pandas PASSED                                   [  8%]
test/test_input.py::test_pandas_firstrow PASSED                          [  8%]
test/test_input.py::test_pandas_keys PASSED                              [  9%]
test/test_input.py::test_sqlite3 PASSED                                  [  9%]
test/test_input.py::test_sqlite3_keys PASSED                             [  9%]
test/test_input.py::test_list_of_namedtuples PASSED                      [ 10%]
test/test_input.py::test_list_of_namedtuples_keys PASSED                 [ 10%]
test/test_input.py::test_list_of_dicts PASSED                            [ 10%]
test/test_input.py::test_list_of_userdicts PASSED                        [ 11%]
test/test_input.py::test_list_of_dicts_keys PASSED                       [ 11%]
test/test_input.py::test_list_of_userdicts_keys PASSED                   [ 11%]
test/test_input.py::test_list_of_dicts_with_missing_keys PASSED          [ 12%]
test/test_input.py::test_list_of_dicts_firstrow PASSED                   [ 12%]
test/test_input.py::test_list_of_dicts_with_dict_of_headers PASSED       [ 13%]
test/test_input.py::test_list_of_dicts_with_list_of_headers PASSED       [ 13%]
test/test_input.py::test_list_of_ordereddicts PASSED                     [ 13%]
test/test_input.py::test_py37orlater_list_of_dataclasses_keys PASSED     [ 14%]
test/test_input.py::test_py37orlater_list_of_dataclasses_headers PASSED  [ 14%]
test/test_input.py::test_list_bytes FAILED                               [ 14%]
test/test_internal.py::test_multiline_width PASSED                       [ 15%]
test/test_internal.py::test_align_column_decimal PASSED                  [ 15%]
test/test_internal.py::test_align_column_decimal_with_thousand_separators PASSED [ 15%]
test/test_internal.py::test_align_column_decimal_with_incorrect_thousand_separators PASSED [ 16%]
test/test_internal.py::test_align_column_none PASSED                     [ 16%]
test/test_internal.py::test_align_column_multiline PASSED                [ 16%]
test/test_internal.py::test_align_cell_veritically_one_line_only PASSED  [ 17%]
test/test_internal.py::test_align_cell_veritically_top_single_text_multiple_pad PASSED [ 17%]
test/test_internal.py::test_align_cell_veritically_center_single_text_multiple_pad PASSED [ 17%]
test/test_internal.py::test_align_cell_veritically_bottom_single_text_multiple_pad PASSED [ 18%]
test/test_internal.py::test_align_cell_veritically_top_multi_text_multiple_pad PASSED [ 18%]
test/test_internal.py::test_align_cell_veritically_center_multi_text_multiple_pad PASSED [ 19%]
test/test_internal.py::test_align_cell_veritically_bottom_multi_text_multiple_pad PASSED [ 19%]
test/test_internal.py::test_wrap_text_to_colwidths PASSED                [ 19%]
test/test_internal.py::test_wrap_text_wide_chars PASSED                  [ 20%]
test/test_internal.py::test_wrap_text_to_numbers PASSED                  [ 20%]
test/test_internal.py::test_wrap_text_to_colwidths_single_ansi_colors_full_cell PASSED [ 20%]
test/test_internal.py::test_wrap_text_to_colwidths_colors_wide_char PASSED [ 21%]
test/test_internal.py::test_wrap_text_to_colwidths_multi_ansi_colors_full_cell PASSED [ 21%]
test/test_internal.py::test_wrap_text_to_colwidths_multi_ansi_colors_in_subset PASSED [ 21%]
test/test_internal.py::test__remove_separating_lines PASSED              [ 22%]
test/test_internal.py::test__reinsert_separating_lines PASSED            [ 22%]
test/test_output.py::test_plain PASSED                                   [ 22%]
test/test_output.py::test_plain_headerless PASSED                        [ 23%]
test/test_output.py::test_plain_multiline_headerless PASSED              [ 23%]
test/test_output.py::test_plain_multiline PASSED                         [ 23%]
test/test_output.py::test_plain_multiline_with_links PASSED              [ 24%]
test/test_output.py::test_plain_multiline_with_empty_cells PASSED        [ 24%]
test/test_output.py::test_plain_multiline_with_empty_cells_headerless PASSED [ 25%]
test/test_output.py::test_plain_maxcolwidth_autowraps PASSED             [ 25%]
test/test_output.py::test_plain_maxcolwidth_autowraps_with_sep PASSED    [ 25%]
test/test_output.py::test_plain_maxcolwidth_autowraps_wide_chars PASSED  [ 26%]
test/test_output.py::test_maxcolwidth_single_value PASSED                [ 26%]
test/test_output.py::test_maxcolwidth_pad_tailing_widths PASSED          [ 26%]
test/test_output.py::test_maxcolwidth_honor_disable_parsenum PASSED      [ 27%]
test/test_output.py::test_plain_maxheadercolwidths_autowraps PASSED      [ 27%]
test/test_output.py::test_simple PASSED                                  [ 27%]
test/test_output.py::test_simple_with_sep_line PASSED                    [ 28%]
test/test_output.py::test_readme_example_with_sep PASSED                 [ 28%]
test/test_output.py::test_simple_multiline_2 PASSED                      [ 28%]
test/test_output.py::test_simple_multiline_2_with_sep_line PASSED        [ 29%]
test/test_output.py::test_simple_headerless PASSED                       [ 29%]
test/test_output.py::test_simple_headerless_with_sep_line PASSED         [ 29%]
test/test_output.py::test_simple_multiline_headerless PASSED             [ 30%]
test/test_output.py::test_simple_multiline PASSED                        [ 30%]
test/test_output.py::test_simple_multiline_with_links PASSED             [ 30%]
test/test_output.py::test_simple_multiline_with_empty_cells PASSED       [ 31%]
test/test_output.py::test_simple_multiline_with_empty_cells_headerless PASSED [ 31%]
test/test_output.py::test_github PASSED                                  [ 32%]
test/test_output.py::test_grid PASSED                                    [ 32%]
test/test_output.py::test_grid_wide_characters PASSED                    [ 32%]
test/test_output.py::test_grid_headerless PASSED                         [ 33%]
test/test_output.py::test_grid_multiline_headerless PASSED               [ 33%]
test/test_output.py::test_grid_multiline PASSED                          [ 33%]
test/test_output.py::test_grid_multiline_with_empty_cells PASSED         [ 34%]
test/test_output.py::test_grid_multiline_with_empty_cells_headerless PASSED [ 34%]
test/test_output.py::test_simple_grid PASSED                             [ 34%]
test/test_output.py::test_simple_grid_wide_characters PASSED             [ 35%]
test/test_output.py::test_simple_grid_headerless PASSED                  [ 35%]
test/test_output.py::test_simple_grid_multiline_headerless PASSED        [ 35%]
test/test_output.py::test_simple_grid_multiline PASSED                   [ 36%]
test/test_output.py::test_simple_grid_multiline_with_empty_cells PASSED  [ 36%]
test/test_output.py::test_simple_grid_multiline_with_empty_cells_headerless PASSED [ 36%]
test/test_output.py::test_rounded_grid PASSED                            [ 37%]
test/test_output.py::test_rounded_grid_wide_characters PASSED            [ 37%]
test/test_output.py::test_rounded_grid_headerless PASSED                 [ 38%]
test/test_output.py::test_rounded_grid_multiline_headerless PASSED       [ 38%]
test/test_output.py::test_rounded_grid_multiline PASSED                  [ 38%]
test/test_output.py::test_rounded_grid_multiline_with_empty_cells PASSED [ 39%]
test/test_output.py::test_rounded_grid_multiline_with_empty_cells_headerless PASSED [ 39%]
test/test_output.py::test_heavy_grid PASSED                              [ 39%]
test/test_output.py::test_heavy_grid_wide_characters PASSED              [ 40%]
test/test_output.py::test_heavy_grid_headerless PASSED                   [ 40%]
test/test_output.py::test_heavy_grid_multiline_headerless PASSED         [ 40%]
test/test_output.py::test_heavy_grid_multiline PASSED                    [ 41%]
test/test_output.py::test_heavy_grid_multiline_with_empty_cells PASSED   [ 41%]
test/test_output.py::test_heavy_grid_multiline_with_empty_cells_headerless PASSED [ 41%]
test/test_output.py::test_mixed_grid PASSED                              [ 42%]
test/test_output.py::test_mixed_grid_wide_characters PASSED              [ 42%]
test/test_output.py::test_mixed_grid_headerless PASSED                   [ 42%]
test/test_output.py::test_mixed_grid_multiline_headerless PASSED         [ 43%]
test/test_output.py::test_mixed_grid_multiline PASSED                    [ 43%]
test/test_output.py::test_mixed_grid_multiline_with_empty_cells PASSED   [ 44%]
test/test_output.py::test_mixed_grid_multiline_with_empty_cells_headerless PASSED [ 44%]
test/test_output.py::test_double_grid PASSED                             [ 44%]
test/test_output.py::test_double_grid_wide_characters PASSED             [ 45%]
test/test_output.py::test_double_grid_headerless PASSED                  [ 45%]
test/test_output.py::test_double_grid_multiline_headerless PASSED        [ 45%]
test/test_output.py::test_double_grid_multiline PASSED                   [ 46%]
test/test_output.py::test_double_grid_multiline_with_empty_cells PASSED  [ 46%]
test/test_output.py::test_double_grid_multiline_with_empty_cells_headerless PASSED [ 46%]
test/test_output.py::test_fancy_grid PASSED                              [ 47%]
test/test_output.py::test_fancy_grid_wide_characters PASSED              [ 47%]
test/test_output.py::test_fancy_grid_headerless PASSED                   [ 47%]
test/test_output.py::test_fancy_grid_multiline_headerless PASSED         [ 48%]
test/test_output.py::test_fancy_grid_multiline PASSED                    [ 48%]
test/test_output.py::test_fancy_grid_multiline_with_empty_cells PASSED   [ 48%]
test/test_output.py::test_fancy_grid_multiline_with_empty_cells_headerless PASSED [ 49%]
test/test_output.py::test_fancy_grid_multiline_row_align PASSED          [ 49%]
test/test_output.py::test_outline PASSED                                 [ 50%]
test/test_output.py::test_outline_wide_characters PASSED                 [ 50%]
test/test_output.py::test_outline_headerless PASSED                      [ 50%]
test/test_output.py::test_simple_outline PASSED                          [ 51%]
test/test_output.py::test_simple_outline_wide_characters PASSED          [ 51%]
test/test_output.py::test_simple_outline_headerless PASSED               [ 51%]
test/test_output.py::test_rounded_outline PASSED                         [ 52%]
test/test_output.py::test_rounded_outline_wide_characters PASSED         [ 52%]
test/test_output.py::test_rounded_outline_headerless PASSED              [ 52%]
test/test_output.py::test_heavy_outline PASSED                           [ 53%]
test/test_output.py::test_heavy_outline_wide_characters PASSED           [ 53%]
test/test_output.py::test_heavy_outline_headerless PASSED                [ 53%]
test/test_output.py::test_mixed_outline PASSED                           [ 54%]
test/test_output.py::test_mixed_outline_wide_characters PASSED           [ 54%]
test/test_output.py::test_mixed_outline_headerless PASSED                [ 54%]
test/test_output.py::test_double_outline PASSED                          [ 55%]
test/test_output.py::test_double_outline_wide_characters PASSED          [ 55%]
test/test_output.py::test_double_outline_headerless PASSED               [ 55%]
test/test_output.py::test_fancy_outline PASSED                           [ 56%]
test/test_output.py::test_fancy_outline_wide_characters PASSED           [ 56%]
test/test_output.py::test_fancy_outline_headerless PASSED                [ 57%]
test/test_output.py::test_pipe PASSED                                    [ 57%]
test/test_output.py::test_pipe_headerless PASSED                         [ 57%]
test/test_output.py::test_presto PASSED                                  [ 58%]
test/test_output.py::test_presto_headerless PASSED                       [ 58%]
test/test_output.py::test_presto_multiline_headerless PASSED             [ 58%]
test/test_output.py::test_presto_multiline PASSED                        [ 59%]
test/test_output.py::test_presto_multiline_with_empty_cells PASSED       [ 59%]
test/test_output.py::test_presto_multiline_with_empty_cells_headerless PASSED [ 59%]
test/test_output.py::test_orgtbl PASSED                                  [ 60%]
test/test_output.py::test_orgtbl_headerless PASSED                       [ 60%]
test/test_output.py::test_asciidoc PASSED                                [ 60%]
test/test_output.py::test_asciidoc_headerless PASSED                     [ 61%]
test/test_output.py::test_psql PASSED                                    [ 61%]
test/test_output.py::test_psql_headerless PASSED                         [ 61%]
test/test_output.py::test_psql_multiline_headerless PASSED               [ 62%]
test/test_output.py::test_psql_multiline PASSED                          [ 62%]
test/test_output.py::test_psql_multiline_with_empty_cells PASSED         [ 63%]
test/test_output.py::test_psql_multiline_with_empty_cells_headerless PASSED [ 63%]
test/test_output.py::test_pretty PASSED                                  [ 63%]
test/test_output.py::test_pretty_headerless PASSED                       [ 64%]
test/test_output.py::test_pretty_multiline_headerless PASSED             [ 64%]
test/test_output.py::test_pretty_multiline PASSED                        [ 64%]
test/test_output.py::test_pretty_multiline_with_links PASSED             [ 65%]
test/test_output.py::test_pretty_multiline_with_empty_cells PASSED       [ 65%]
test/test_output.py::test_pretty_multiline_with_empty_cells_headerless PASSED [ 65%]
test/test_output.py::test_jira PASSED                                    [ 66%]
test/test_output.py::test_jira_headerless PASSED                         [ 66%]
test/test_output.py::test_rst PASSED                                     [ 66%]
test/test_output.py::test_rst_with_empty_values_in_first_column PASSED   [ 67%]
test/test_output.py::test_rst_headerless PASSED                          [ 67%]
test/test_output.py::test_rst_multiline PASSED                           [ 67%]
test/test_output.py::test_rst_multiline_with_links PASSED                [ 68%]
test/test_output.py::test_rst_multiline_with_empty_cells PASSED          [ 68%]
test/test_output.py::test_rst_multiline_with_empty_cells_headerless PASSED [ 69%]
test/test_output.py::test_mediawiki PASSED                               [ 69%]
test/test_output.py::test_mediawiki_headerless PASSED                    [ 69%]
test/test_output.py::test_moinmoin PASSED                                [ 70%]
test/test_output.py::test_youtrack PASSED                                [ 70%]
test/test_output.py::test_moinmoin_headerless PASSED                     [ 70%]
test/test_output.py::test_html PASSED                                    [ 71%]
test/test_output.py::test_unsafehtml PASSED                              [ 71%]
test/test_output.py::test_html_headerless PASSED                         [ 71%]
test/test_output.py::test_unsafehtml_headerless PASSED                   [ 72%]
test/test_output.py::test_latex PASSED                                   [ 72%]
test/test_output.py::test_latex_raw PASSED                               [ 72%]
test/test_output.py::test_latex_headerless PASSED                        [ 73%]
test/test_output.py::test_latex_booktabs PASSED                          [ 73%]
test/test_output.py::test_latex_booktabs_headerless PASSED               [ 73%]
test/test_output.py::test_textile PASSED                                 [ 74%]
test/test_output.py::test_textile_with_header PASSED                     [ 74%]
test/test_output.py::test_textile_with_center_align PASSED               [ 75%]
test/test_output.py::test_no_data PASSED                                 [ 75%]
test/test_output.py::test_empty_data PASSED                              [ 75%]
test/test_output.py::test_no_data_without_headers PASSED                 [ 76%]
test/test_output.py::test_empty_data_without_headers PASSED              [ 76%]
test/test_output.py::test_intfmt PASSED                                  [ 76%]
test/test_output.py::test_empty_data_with_headers PASSED                 [ 77%]
test/test_output.py::test_floatfmt PASSED                                [ 77%]
test/test_output.py::test_floatfmt_multi PASSED                          [ 77%]
test/test_output.py::test_colalign_multi PASSED                          [ 78%]
test/test_output.py::test_colalign_multi_with_sep_line PASSED            [ 78%]
test/test_output.py::test_float_conversions PASSED                       [ 78%]
test/test_output.py::test_missingval PASSED                              [ 79%]
test/test_output.py::test_missingval_multi PASSED                        [ 79%]
test/test_output.py::test_column_alignment PASSED                        [ 79%]
test/test_output.py::test_unaligned_separated PASSED                     [ 80%]
test/test_output.py::test_pandas_with_index PASSED                       [ 80%]
test/test_output.py::test_pandas_without_index PASSED                    [ 80%]
test/test_output.py::test_pandas_rst_with_index PASSED                   [ 81%]
test/test_output.py::test_pandas_rst_with_named_index PASSED             [ 81%]
test/test_output.py::test_dict_like_with_index PASSED                    [ 82%]
test/test_output.py::test_list_of_lists_with_index PASSED                [ 82%]
test/test_output.py::test_list_of_lists_with_index_with_sep_line PASSED  [ 82%]
test/test_output.py::test_list_of_lists_with_supplied_index PASSED       [ 83%]
test/test_output.py::test_list_of_lists_with_index_firstrow PASSED       [ 83%]
test/test_output.py::test_disable_numparse_default PASSED                [ 83%]
test/test_output.py::test_disable_numparse_true PASSED                   [ 84%]
test/test_output.py::test_disable_numparse_list PASSED                   [ 84%]
test/test_output.py::test_preserve_whitespace PASSED                     [ 84%]
test/test_regression.py::test_ansi_color_in_table_cells PASSED           [ 85%]
test/test_regression.py::test_alignment_of_colored_cells PASSED          [ 85%]
test/test_regression.py::test_alignment_of_link_cells PASSED             [ 85%]
test/test_regression.py::test_alignment_of_link_text_cells PASSED        [ 86%]
test/test_regression.py::test_iter_of_iters_with_headers PASSED          [ 86%]
test/test_regression.py::test_datetime_values PASSED                     [ 86%]
test/test_regression.py::test_simple_separated_format PASSED             [ 87%]
test/test_regression.py::test_simple_separated_format_with_headers PASSED [ 87%]
test/test_regression.py::test_column_type_of_bytestring_columns FAILED   [ 88%]
test/test_regression.py::test_numeric_column_headers PASSED              [ 88%]
test/test_regression.py::test_88_256_ANSI_color_codes PASSED             [ 88%]
test/test_regression.py::test_column_with_mixed_value_types PASSED       [ 89%]
test/test_regression.py::test_latex_escape_special_chars PASSED          [ 89%]
test/test_regression.py::test_isconvertible_on_set_values PASSED         [ 89%]
test/test_regression.py::test_ansi_color_for_decimal_numbers PASSED      [ 90%]
test/test_regression.py::test_alignment_of_decimal_numbers_with_ansi_color PASSED [ 90%]
test/test_regression.py::test_alignment_of_decimal_numbers_with_commas SKIPPED [ 90%]
test/test_regression.py::test_long_integers PASSED                       [ 91%]
test/test_regression.py::test_colorclass_colors PASSED                   [ 91%]
test/test_regression.py::test_mix_normal_and_wide_characters PASSED      [ 91%]
test/test_regression.py::test_multiline_with_wide_characters PASSED      [ 92%]
test/test_regression.py::test_align_long_integers PASSED                 [ 92%]
test/test_regression.py::test_numpy_array_as_headers PASSED              [ 92%]
test/test_regression.py::test_boolean_columns PASSED                     [ 93%]
test/test_regression.py::test_ansi_color_bold_and_fgcolor PASSED         [ 93%]
test/test_regression.py::test_empty_table_with_keys_as_header PASSED     [ 94%]
test/test_regression.py::test_escape_empty_cell_in_first_column_in_rst PASSED [ 94%]
test/test_regression.py::test_ragged_rows PASSED                         [ 94%]
test/test_regression.py::test_empty_pipe_table_with_columns PASSED       [ 95%]
test/test_regression.py::test_custom_tablefmt PASSED                     [ 95%]
test/test_regression.py::test_string_with_comma_between_digits_without_floatfmt_grouping_option PASSED [ 95%]
test/test_regression.py::test_iterable_row_index PASSED                  [ 96%]
test/test_textwrapper.py::test_wrap_multiword_non_wide PASSED            [ 96%]
test/test_textwrapper.py::test_wrap_multiword_non_wide_with_hypens PASSED [ 96%]
test/test_textwrapper.py::test_wrap_longword_non_wide PASSED             [ 97%]
test/test_textwrapper.py::test_wrap_wide_char_multiword PASSED           [ 97%]
test/test_textwrapper.py::test_wrap_wide_char_longword PASSED            [ 97%]
test/test_textwrapper.py::test_wrap_mixed_string PASSED                  [ 98%]
test/test_textwrapper.py::test_wrapper_len_ignores_color_chars PASSED    [ 98%]
test/test_textwrapper.py::test_wrap_full_line_color PASSED               [ 98%]
test/test_textwrapper.py::test_wrap_color_in_single_line PASSED          [ 99%]
test/test_textwrapper.py::test_wrap_color_line_splillover PASSED         [ 99%]
test/test_textwrapper.py::test_wrap_datetime PASSED                      [100%]

=================================== FAILURES ===================================
___________________________ test_numpy_record_array ____________________________
Traceback (most recent call last):
  File "/workdir/tabulate-0.9.0/.tox/graalpylibtest-unit-test-tests/lib/python3.10/site-packages/_pytest/runner.py", line 341, in from_call
    result: Optional[TResult] = func()
  File "/workdir/tabulate-0.9.0/.tox/graalpylibtest-unit-test-tests/lib/python3.10/site-packages/_pytest/runner.py", line 262, in <lambda>
    lambda: ihook(item=item, **kwds), when=when, reraise=reraise
  File "/workdir/tabulate-0.9.0/.tox/graalpylibtest-unit-test-tests/lib/python3.10/site-packages/pluggy/_hooks.py", line 493, in __call__
    return self._hookexec(self.name, self._hookimpls, kwargs, firstresult)
  File "/workdir/tabulate-0.9.0/.tox/graalpylibtest-unit-test-tests/lib/python3.10/site-packages/pluggy/_manager.py", line 115, in _hookexec
    return self._inner_hookexec(hook_name, methods, kwargs, firstresult)
  File "/workdir/tabulate-0.9.0/.tox/graalpylibtest-unit-test-tests/lib/python3.10/site-packages/pluggy/_callers.py", line 152, in _multicall
    return outcome.get_result()
  File "/workdir/tabulate-0.9.0/.tox/graalpylibtest-unit-test-tests/lib/python3.10/site-packages/pluggy/_result.py", line 114, in get_result
    raise exc.with_traceback(exc.__traceback__)
  File "/workdir/tabulate-0.9.0/.tox/graalpylibtest-unit-test-tests/lib/python3.10/site-packages/pluggy/_callers.py", line 77, in _multicall
    res = hook_impl.function(*args)
  File "/workdir/tabulate-0.9.0/.tox/graalpylibtest-unit-test-tests/lib/python3.10/site-packages/_pytest/runner.py", line 177, in pytest_runtest_call
    raise e
  File "/workdir/tabulate-0.9.0/.tox/graalpylibtest-unit-test-tests/lib/python3.10/site-packages/_pytest/runner.py", line 169, in pytest_runtest_call
    item.runtest()
  File "/workdir/tabulate-0.9.0/.tox/graalpylibtest-unit-test-tests/lib/python3.10/site-packages/_pytest/python.py", line 1792, in runtest
    self.ihook.pytest_pyfunc_call(pyfuncitem=self)
  File "/workdir/tabulate-0.9.0/.tox/graalpylibtest-unit-test-tests/lib/python3.10/site-packages/pluggy/_hooks.py", line 493, in __call__
    return self._hookexec(self.name, self._hookimpls, kwargs, firstresult)
  File "/workdir/tabulate-0.9.0/.tox/graalpylibtest-unit-test-tests/lib/python3.10/site-packages/pluggy/_manager.py", line 115, in _hookexec
    return self._inner_hookexec(hook_name, methods, kwargs, firstresult)
  File "/workdir/tabulate-0.9.0/.tox/graalpylibtest-unit-test-tests/lib/python3.10/site-packages/pluggy/_callers.py", line 113, in _multicall
    raise exception.with_traceback(exception.__traceback__)
  File "/workdir/tabulate-0.9.0/.tox/graalpylibtest-unit-test-tests/lib/python3.10/site-packages/pluggy/_callers.py", line 77, in _multicall
    res = hook_impl.function(*args)
  File "/workdir/tabulate-0.9.0/.tox/graalpylibtest-unit-test-tests/lib/python3.10/site-packages/_pytest/python.py", line 194, in pytest_pyfunc_call
    result = testfunction(**testargs)
  File "/workdir/tabulate-0.9.0/test/test_input.py", line 187, in test_numpy_record_array
    result = tabulate(na)
  File "/workdir/tabulate-0.9.0/.tox/graalpylibtest-unit-test-tests/lib/python3.10/site-packages/tabulate/__init__.py", line 2130, in tabulate
    coltypes = [_column_type(col, numparse=np) for col, np in zip(cols, numparses)]
  File "/workdir/tabulate-0.9.0/.tox/graalpylibtest-unit-test-tests/lib/python3.10/site-packages/tabulate/__init__.py", line 2130, in <listcomp>
    coltypes = [_column_type(col, numparse=np) for col, np in zip(cols, numparses)]
  File "/workdir/tabulate-0.9.0/.tox/graalpylibtest-unit-test-tests/lib/python3.10/site-packages/tabulate/__init__.py", line 1197, in _column_type
    types = [_type(s, has_invisible, numparse) for s in strings]
  File "/workdir/tabulate-0.9.0/.tox/graalpylibtest-unit-test-tests/lib/python3.10/site-packages/tabulate/__init__.py", line 1197, in <listcomp>
    types = [_type(s, has_invisible, numparse) for s in strings]
  File "/workdir/tabulate-0.9.0/.tox/graalpylibtest-unit-test-tests/lib/python3.10/site-packages/tabulate/__init__.py", line 900, in _type
    string = _strip_ansi(string)
  File "/workdir/tabulate-0.9.0/.tox/graalpylibtest-unit-test-tests/lib/python3.10/site-packages/tabulate/__init__.py", line 1001, in _strip_ansi
    return _ansi_codes_bytes.sub(r"\4", s)
TypeError: cannot use a bytes pattern on a string-like object
_________________________ test_numpy_record_array_keys _________________________
Traceback (most recent call last):
  File "/workdir/tabulate-0.9.0/.tox/graalpylibtest-unit-test-tests/lib/python3.10/site-packages/_pytest/runner.py", line 341, in from_call
    result: Optional[TResult] = func()
  File "/workdir/tabulate-0.9.0/.tox/graalpylibtest-unit-test-tests/lib/python3.10/site-packages/_pytest/runner.py", line 262, in <lambda>
    lambda: ihook(item=item, **kwds), when=when, reraise=reraise
  File "/workdir/tabulate-0.9.0/.tox/graalpylibtest-unit-test-tests/lib/python3.10/site-packages/pluggy/_hooks.py", line 493, in __call__
    return self._hookexec(self.name, self._hookimpls, kwargs, firstresult)
  File "/workdir/tabulate-0.9.0/.tox/graalpylibtest-unit-test-tests/lib/python3.10/site-packages/pluggy/_manager.py", line 115, in _hookexec
    return self._inner_hookexec(hook_name, methods, kwargs, firstresult)
  File "/workdir/tabulate-0.9.0/.tox/graalpylibtest-unit-test-tests/lib/python3.10/site-packages/pluggy/_callers.py", line 152, in _multicall
    return outcome.get_result()
  File "/workdir/tabulate-0.9.0/.tox/graalpylibtest-unit-test-tests/lib/python3.10/site-packages/pluggy/_result.py", line 114, in get_result
    raise exc.with_traceback(exc.__traceback__)
  File "/workdir/tabulate-0.9.0/.tox/graalpylibtest-unit-test-tests/lib/python3.10/site-packages/pluggy/_callers.py", line 77, in _multicall
    res = hook_impl.function(*args)
  File "/workdir/tabulate-0.9.0/.tox/graalpylibtest-unit-test-tests/lib/python3.10/site-packages/_pytest/runner.py", line 177, in pytest_runtest_call
    raise e
  File "/workdir/tabulate-0.9.0/.tox/graalpylibtest-unit-test-tests/lib/python3.10/site-packages/_pytest/runner.py", line 169, in pytest_runtest_call
    item.runtest()
  File "/workdir/tabulate-0.9.0/.tox/graalpylibtest-unit-test-tests/lib/python3.10/site-packages/_pytest/python.py", line 1792, in runtest
    self.ihook.pytest_pyfunc_call(pyfuncitem=self)
  File "/workdir/tabulate-0.9.0/.tox/graalpylibtest-unit-test-tests/lib/python3.10/site-packages/pluggy/_hooks.py", line 493, in __call__
    return self._hookexec(self.name, self._hookimpls, kwargs, firstresult)
  File "/workdir/tabulate-0.9.0/.tox/graalpylibtest-unit-test-tests/lib/python3.10/site-packages/pluggy/_manager.py", line 115, in _hookexec
    return self._inner_hookexec(hook_name, methods, kwargs, firstresult)
  File "/workdir/tabulate-0.9.0/.tox/graalpylibtest-unit-test-tests/lib/python3.10/site-packages/pluggy/_callers.py", line 113, in _multicall
    raise exception.with_traceback(exception.__traceback__)
  File "/workdir/tabulate-0.9.0/.tox/graalpylibtest-unit-test-tests/lib/python3.10/site-packages/pluggy/_callers.py", line 77, in _multicall
    res = hook_impl.function(*args)
  File "/workdir/tabulate-0.9.0/.tox/graalpylibtest-unit-test-tests/lib/python3.10/site-packages/_pytest/python.py", line 194, in pytest_pyfunc_call
    result = testfunction(**testargs)
  File "/workdir/tabulate-0.9.0/test/test_input.py", line 213, in test_numpy_record_array_keys
    result = tabulate(na, headers="keys")
  File "/workdir/tabulate-0.9.0/.tox/graalpylibtest-unit-test-tests/lib/python3.10/site-packages/tabulate/__init__.py", line 2130, in tabulate
    coltypes = [_column_type(col, numparse=np) for col, np in zip(cols, numparses)]
  File "/workdir/tabulate-0.9.0/.tox/graalpylibtest-unit-test-tests/lib/python3.10/site-packages/tabulate/__init__.py", line 2130, in <listcomp>
    coltypes = [_column_type(col, numparse=np) for col, np in zip(cols, numparses)]
  File "/workdir/tabulate-0.9.0/.tox/graalpylibtest-unit-test-tests/lib/python3.10/site-packages/tabulate/__init__.py", line 1197, in _column_type
    types = [_type(s, has_invisible, numparse) for s in strings]
  File "/workdir/tabulate-0.9.0/.tox/graalpylibtest-unit-test-tests/lib/python3.10/site-packages/tabulate/__init__.py", line 1197, in <listcomp>
    types = [_type(s, has_invisible, numparse) for s in strings]
  File "/workdir/tabulate-0.9.0/.tox/graalpylibtest-unit-test-tests/lib/python3.10/site-packages/tabulate/__init__.py", line 900, in _type
    string = _strip_ansi(string)
  File "/workdir/tabulate-0.9.0/.tox/graalpylibtest-unit-test-tests/lib/python3.10/site-packages/tabulate/__init__.py", line 1001, in _strip_ansi
    return _ansi_codes_bytes.sub(r"\4", s)
TypeError: cannot use a bytes pattern on a string-like object
_______________________ test_numpy_record_array_headers ________________________
Traceback (most recent call last):
  File "/workdir/tabulate-0.9.0/.tox/graalpylibtest-unit-test-tests/lib/python3.10/site-packages/_pytest/runner.py", line 341, in from_call
    result: Optional[TResult] = func()
  File "/workdir/tabulate-0.9.0/.tox/graalpylibtest-unit-test-tests/lib/python3.10/site-packages/_pytest/runner.py", line 262, in <lambda>
    lambda: ihook(item=item, **kwds), when=when, reraise=reraise
  File "/workdir/tabulate-0.9.0/.tox/graalpylibtest-unit-test-tests/lib/python3.10/site-packages/pluggy/_hooks.py", line 493, in __call__
    return self._hookexec(self.name, self._hookimpls, kwargs, firstresult)
  File "/workdir/tabulate-0.9.0/.tox/graalpylibtest-unit-test-tests/lib/python3.10/site-packages/pluggy/_manager.py", line 115, in _hookexec
    return self._inner_hookexec(hook_name, methods, kwargs, firstresult)
  File "/workdir/tabulate-0.9.0/.tox/graalpylibtest-unit-test-tests/lib/python3.10/site-packages/pluggy/_callers.py", line 152, in _multicall
    return outcome.get_result()
  File "/workdir/tabulate-0.9.0/.tox/graalpylibtest-unit-test-tests/lib/python3.10/site-packages/pluggy/_result.py", line 114, in get_result
    raise exc.with_traceback(exc.__traceback__)
  File "/workdir/tabulate-0.9.0/.tox/graalpylibtest-unit-test-tests/lib/python3.10/site-packages/pluggy/_callers.py", line 77, in _multicall
    res = hook_impl.function(*args)
  File "/workdir/tabulate-0.9.0/.tox/graalpylibtest-unit-test-tests/lib/python3.10/site-packages/_pytest/runner.py", line 177, in pytest_runtest_call
    raise e
  File "/workdir/tabulate-0.9.0/.tox/graalpylibtest-unit-test-tests/lib/python3.10/site-packages/_pytest/runner.py", line 169, in pytest_runtest_call
    item.runtest()
  File "/workdir/tabulate-0.9.0/.tox/graalpylibtest-unit-test-tests/lib/python3.10/site-packages/_pytest/python.py", line 1792, in runtest
    self.ihook.pytest_pyfunc_call(pyfuncitem=self)
  File "/workdir/tabulate-0.9.0/.tox/graalpylibtest-unit-test-tests/lib/python3.10/site-packages/pluggy/_hooks.py", line 493, in __call__
    return self._hookexec(self.name, self._hookimpls, kwargs, firstresult)
  File "/workdir/tabulate-0.9.0/.tox/graalpylibtest-unit-test-tests/lib/python3.10/site-packages/pluggy/_manager.py", line 115, in _hookexec
    return self._inner_hookexec(hook_name, methods, kwargs, firstresult)
  File "/workdir/tabulate-0.9.0/.tox/graalpylibtest-unit-test-tests/lib/python3.10/site-packages/pluggy/_callers.py", line 113, in _multicall
    raise exception.with_traceback(exception.__traceback__)
  File "/workdir/tabulate-0.9.0/.tox/graalpylibtest-unit-test-tests/lib/python3.10/site-packages/pluggy/_callers.py", line 77, in _multicall
    res = hook_impl.function(*args)
  File "/workdir/tabulate-0.9.0/.tox/graalpylibtest-unit-test-tests/lib/python3.10/site-packages/_pytest/python.py", line 194, in pytest_pyfunc_call
    result = testfunction(**testargs)
  File "/workdir/tabulate-0.9.0/test/test_input.py", line 239, in test_numpy_record_array_headers
    result = tabulate(na, headers=["person", "years", "cm"])
  File "/workdir/tabulate-0.9.0/.tox/graalpylibtest-unit-test-tests/lib/python3.10/site-packages/tabulate/__init__.py", line 2130, in tabulate
    coltypes = [_column_type(col, numparse=np) for col, np in zip(cols, numparses)]
  File "/workdir/tabulate-0.9.0/.tox/graalpylibtest-unit-test-tests/lib/python3.10/site-packages/tabulate/__init__.py", line 2130, in <listcomp>
    coltypes = [_column_type(col, numparse=np) for col, np in zip(cols, numparses)]
  File "/workdir/tabulate-0.9.0/.tox/graalpylibtest-unit-test-tests/lib/python3.10/site-packages/tabulate/__init__.py", line 1197, in _column_type
    types = [_type(s, has_invisible, numparse) for s in strings]
  File "/workdir/tabulate-0.9.0/.tox/graalpylibtest-unit-test-tests/lib/python3.10/site-packages/tabulate/__init__.py", line 1197, in <listcomp>
    types = [_type(s, has_invisible, numparse) for s in strings]
  File "/workdir/tabulate-0.9.0/.tox/graalpylibtest-unit-test-tests/lib/python3.10/site-packages/tabulate/__init__.py", line 900, in _type
    string = _strip_ansi(string)
  File "/workdir/tabulate-0.9.0/.tox/graalpylibtest-unit-test-tests/lib/python3.10/site-packages/tabulate/__init__.py", line 1001, in _strip_ansi
    return _ansi_codes_bytes.sub(r"\4", s)
TypeError: cannot use a bytes pattern on a string-like object
_______________________________ test_list_bytes ________________________________
Traceback (most recent call last):
  File "/workdir/tabulate-0.9.0/.tox/graalpylibtest-unit-test-tests/lib/python3.10/site-packages/_pytest/runner.py", line 341, in from_call
    result: Optional[TResult] = func()
  File "/workdir/tabulate-0.9.0/.tox/graalpylibtest-unit-test-tests/lib/python3.10/site-packages/_pytest/runner.py", line 262, in <lambda>
    lambda: ihook(item=item, **kwds), when=when, reraise=reraise
  File "/workdir/tabulate-0.9.0/.tox/graalpylibtest-unit-test-tests/lib/python3.10/site-packages/pluggy/_hooks.py", line 493, in __call__
    return self._hookexec(self.name, self._hookimpls, kwargs, firstresult)
  File "/workdir/tabulate-0.9.0/.tox/graalpylibtest-unit-test-tests/lib/python3.10/site-packages/pluggy/_manager.py", line 115, in _hookexec
    return self._inner_hookexec(hook_name, methods, kwargs, firstresult)
  File "/workdir/tabulate-0.9.0/.tox/graalpylibtest-unit-test-tests/lib/python3.10/site-packages/pluggy/_callers.py", line 152, in _multicall
    return outcome.get_result()
  File "/workdir/tabulate-0.9.0/.tox/graalpylibtest-unit-test-tests/lib/python3.10/site-packages/pluggy/_result.py", line 114, in get_result
    raise exc.with_traceback(exc.__traceback__)
  File "/workdir/tabulate-0.9.0/.tox/graalpylibtest-unit-test-tests/lib/python3.10/site-packages/pluggy/_callers.py", line 77, in _multicall
    res = hook_impl.function(*args)
  File "/workdir/tabulate-0.9.0/.tox/graalpylibtest-unit-test-tests/lib/python3.10/site-packages/_pytest/runner.py", line 177, in pytest_runtest_call
    raise e
  File "/workdir/tabulate-0.9.0/.tox/graalpylibtest-unit-test-tests/lib/python3.10/site-packages/_pytest/runner.py", line 169, in pytest_runtest_call
    item.runtest()
  File "/workdir/tabulate-0.9.0/.tox/graalpylibtest-unit-test-tests/lib/python3.10/site-packages/_pytest/python.py", line 1792, in runtest
    self.ihook.pytest_pyfunc_call(pyfuncitem=self)
  File "/workdir/tabulate-0.9.0/.tox/graalpylibtest-unit-test-tests/lib/python3.10/site-packages/pluggy/_hooks.py", line 493, in __call__
    return self._hookexec(self.name, self._hookimpls, kwargs, firstresult)
  File "/workdir/tabulate-0.9.0/.tox/graalpylibtest-unit-test-tests/lib/python3.10/site-packages/pluggy/_manager.py", line 115, in _hookexec
    return self._inner_hookexec(hook_name, methods, kwargs, firstresult)
  File "/workdir/tabulate-0.9.0/.tox/graalpylibtest-unit-test-tests/lib/python3.10/site-packages/pluggy/_callers.py", line 113, in _multicall
    raise exception.with_traceback(exception.__traceback__)
  File "/workdir/tabulate-0.9.0/.tox/graalpylibtest-unit-test-tests/lib/python3.10/site-packages/pluggy/_callers.py", line 77, in _multicall
    res = hook_impl.function(*args)
  File "/workdir/tabulate-0.9.0/.tox/graalpylibtest-unit-test-tests/lib/python3.10/site-packages/_pytest/python.py", line 194, in pytest_pyfunc_call
    result = testfunction(**testargs)
  File "/workdir/tabulate-0.9.0/test/test_input.py", line 529, in test_list_bytes
    result = tabulate(lb, headers=["bytes"])
  File "/workdir/tabulate-0.9.0/.tox/graalpylibtest-unit-test-tests/lib/python3.10/site-packages/tabulate/__init__.py", line 2130, in tabulate
    coltypes = [_column_type(col, numparse=np) for col, np in zip(cols, numparses)]
  File "/workdir/tabulate-0.9.0/.tox/graalpylibtest-unit-test-tests/lib/python3.10/site-packages/tabulate/__init__.py", line 2130, in <listcomp>
    coltypes = [_column_type(col, numparse=np) for col, np in zip(cols, numparses)]
  File "/workdir/tabulate-0.9.0/.tox/graalpylibtest-unit-test-tests/lib/python3.10/site-packages/tabulate/__init__.py", line 1197, in _column_type
    types = [_type(s, has_invisible, numparse) for s in strings]
  File "/workdir/tabulate-0.9.0/.tox/graalpylibtest-unit-test-tests/lib/python3.10/site-packages/tabulate/__init__.py", line 1197, in <listcomp>
    types = [_type(s, has_invisible, numparse) for s in strings]
  File "/workdir/tabulate-0.9.0/.tox/graalpylibtest-unit-test-tests/lib/python3.10/site-packages/tabulate/__init__.py", line 900, in _type
    string = _strip_ansi(string)
  File "/workdir/tabulate-0.9.0/.tox/graalpylibtest-unit-test-tests/lib/python3.10/site-packages/tabulate/__init__.py", line 1001, in _strip_ansi
    return _ansi_codes_bytes.sub(r"\4", s)
TypeError: cannot use a bytes pattern on a string-like object
____________________ test_column_type_of_bytestring_columns ____________________
Traceback (most recent call last):
  File "/workdir/tabulate-0.9.0/.tox/graalpylibtest-unit-test-tests/lib/python3.10/site-packages/_pytest/runner.py", line 341, in from_call
    result: Optional[TResult] = func()
  File "/workdir/tabulate-0.9.0/.tox/graalpylibtest-unit-test-tests/lib/python3.10/site-packages/_pytest/runner.py", line 262, in <lambda>
    lambda: ihook(item=item, **kwds), when=when, reraise=reraise
  File "/workdir/tabulate-0.9.0/.tox/graalpylibtest-unit-test-tests/lib/python3.10/site-packages/pluggy/_hooks.py", line 493, in __call__
    return self._hookexec(self.name, self._hookimpls, kwargs, firstresult)
  File "/workdir/tabulate-0.9.0/.tox/graalpylibtest-unit-test-tests/lib/python3.10/site-packages/pluggy/_manager.py", line 115, in _hookexec
    return self._inner_hookexec(hook_name, methods, kwargs, firstresult)
  File "/workdir/tabulate-0.9.0/.tox/graalpylibtest-unit-test-tests/lib/python3.10/site-packages/pluggy/_callers.py", line 152, in _multicall
    return outcome.get_result()
  File "/workdir/tabulate-0.9.0/.tox/graalpylibtest-unit-test-tests/lib/python3.10/site-packages/pluggy/_result.py", line 114, in get_result
    raise exc.with_traceback(exc.__traceback__)
  File "/workdir/tabulate-0.9.0/.tox/graalpylibtest-unit-test-tests/lib/python3.10/site-packages/pluggy/_callers.py", line 77, in _multicall
    res = hook_impl.function(*args)
  File "/workdir/tabulate-0.9.0/.tox/graalpylibtest-unit-test-tests/lib/python3.10/site-packages/_pytest/runner.py", line 177, in pytest_runtest_call
    raise e
  File "/workdir/tabulate-0.9.0/.tox/graalpylibtest-unit-test-tests/lib/python3.10/site-packages/_pytest/runner.py", line 169, in pytest_runtest_call
    item.runtest()
  File "/workdir/tabulate-0.9.0/.tox/graalpylibtest-unit-test-tests/lib/python3.10/site-packages/_pytest/python.py", line 1792, in runtest
    self.ihook.pytest_pyfunc_call(pyfuncitem=self)
  File "/workdir/tabulate-0.9.0/.tox/graalpylibtest-unit-test-tests/lib/python3.10/site-packages/pluggy/_hooks.py", line 493, in __call__
    return self._hookexec(self.name, self._hookimpls, kwargs, firstresult)
  File "/workdir/tabulate-0.9.0/.tox/graalpylibtest-unit-test-tests/lib/python3.10/site-packages/pluggy/_manager.py", line 115, in _hookexec
    return self._inner_hookexec(hook_name, methods, kwargs, firstresult)
  File "/workdir/tabulate-0.9.0/.tox/graalpylibtest-unit-test-tests/lib/python3.10/site-packages/pluggy/_callers.py", line 113, in _multicall
    raise exception.with_traceback(exception.__traceback__)
  File "/workdir/tabulate-0.9.0/.tox/graalpylibtest-unit-test-tests/lib/python3.10/site-packages/pluggy/_callers.py", line 77, in _multicall
    res = hook_impl.function(*args)
  File "/workdir/tabulate-0.9.0/.tox/graalpylibtest-unit-test-tests/lib/python3.10/site-packages/_pytest/python.py", line 194, in pytest_pyfunc_call
    result = testfunction(**testargs)
  File "/workdir/tabulate-0.9.0/test/test_regression.py", line 164, in test_column_type_of_bytestring_columns
    result = _column_type([b"foo", b"bar"])
  File "/workdir/tabulate-0.9.0/.tox/graalpylibtest-unit-test-tests/lib/python3.10/site-packages/tabulate/__init__.py", line 1197, in _column_type
    types = [_type(s, has_invisible, numparse) for s in strings]
  File "/workdir/tabulate-0.9.0/.tox/graalpylibtest-unit-test-tests/lib/python3.10/site-packages/tabulate/__init__.py", line 1197, in <listcomp>
    types = [_type(s, has_invisible, numparse) for s in strings]
  File "/workdir/tabulate-0.9.0/.tox/graalpylibtest-unit-test-tests/lib/python3.10/site-packages/tabulate/__init__.py", line 900, in _type
    string = _strip_ansi(string)
  File "/workdir/tabulate-0.9.0/.tox/graalpylibtest-unit-test-tests/lib/python3.10/site-packages/tabulate/__init__.py", line 1001, in _strip_ansi
    return _ansi_codes_bytes.sub(r"\4", s)
TypeError: cannot use a bytes pattern on a string-like object
- generated xml file: /workdir/results/tabulate/0.9.0/1/graalpy-test-results.xml -
=========================== short test summary info ============================
FAILED test/test_input.py::test_numpy_record_array - TypeError: cannot use a ...
FAILED test/test_input.py::test_numpy_record_array_keys - TypeError: cannot u...
FAILED test/test_input.py::test_numpy_record_array_headers - TypeError: canno...
FAILED test/test_input.py::test_list_bytes - TypeError: cannot use a bytes pa...
FAILED test/test_regression.py::test_column_type_of_bytestring_columns - Type...
================== 5 failed, 278 passed, 1 skipped in 17.75s ===================
ERROR: InvocationError for command /workdir/tabulate-0.9.0/.tox/graalpylibtest-unit-test-tests/bin/pytest -v --tb=native --junitxml /workdir/results/tabulate/0.9.0/1/graalpy-test-results.xml (exited with code 1)
___________________________________ summary ____________________________________
ERROR:   graalpylibtest-unit-test-tests: commands failed
