GLOB sdist-make: /workdir/requests-kerberos-0.14.0/setup.py
graalpylibtest-unit-test-tests create: /workdir/requests-kerberos-0.14.0/.tox/graalpylibtest-unit-test-tests
graalpylibtest-unit-test-tests installdeps: mock, pytest, -rrequirements-test.txt, -rrequirements.txt
graalpylibtest-unit-test-tests inst: /workdir/requests-kerberos-0.14.0/.tox/.tmp/package/1/requests-kerberos-0.14.0.zip
graalpylibtest-unit-test-tests installed: certifi==2023.11.17,cffi==1.15.1,charset-normalizer==3.1.0,coverage==7.3.2,cryptography==3.4.7,decorator==5.1.1,exceptiongroup==1.2.0,graalpy-virtualenv==0.0.1,gssapi==1.8.3,hpy==0.9.0rc2,idna==3.6,iniconfig==2.0.0,krb5==0.5.1,mock==5.1.0,packaging==23.2,pluggy==1.3.0,pycparser==2.21,pyspnego==0.10.2,pytest==7.4.3,pytest-cov==4.1.0,pytest-mock==3.12.0,requests==2.31.0,requests-kerberos @ file:///workdir/requests-kerberos-0.14.0/.tox/.tmp/package/1/requests-kerberos-0.14.0.zip,tomli==2.0.1,urllib3==2.1.0
graalpylibtest-unit-test-tests run-test-pre: PYTHONHASHSEED='2028599696'
graalpylibtest-unit-test-tests run-test: commands[0] | pytest -v --tb=native --junitxml /workdir/results/requests-kerberos/0.14.0/1/graalpy-test-results.xml
============================= test session starts ==============================
platform linux -- Python 3.10.8, pytest-7.4.3, pluggy-1.3.0 -- /workdir/requests-kerberos-0.14.0/.tox/graalpylibtest-unit-test-tests/bin/python
cachedir: .tox/graalpylibtest-unit-test-tests/.pytest_cache
rootdir: /workdir/requests-kerberos-0.14.0
plugins: mock-3.12.0, cov-4.1.0
collecting ... collected 0 items / 2 errors

==================================== ERRORS ====================================
______________ ERROR collecting tests/test_functional_kerberos.py ______________
Traceback (most recent call last):
  File "/workdir/requests-kerberos-0.14.0/.tox/graalpylibtest-unit-test-tests/lib/python3.10/site-packages/_pytest/runner.py", line 341, in from_call
    result: Optional[TResult] = func()
  File "/workdir/requests-kerberos-0.14.0/.tox/graalpylibtest-unit-test-tests/lib/python3.10/site-packages/_pytest/runner.py", line 372, in <lambda>
    call = CallInfo.from_call(lambda: list(collector.collect()), "collect")
  File "/workdir/requests-kerberos-0.14.0/.tox/graalpylibtest-unit-test-tests/lib/python3.10/site-packages/_pytest/python.py", line 531, in collect
    self._inject_setup_module_fixture()
  File "/workdir/requests-kerberos-0.14.0/.tox/graalpylibtest-unit-test-tests/lib/python3.10/site-packages/_pytest/python.py", line 545, in _inject_setup_module_fixture
    self.obj, ("setUpModule", "setup_module")
  File "/workdir/requests-kerberos-0.14.0/.tox/graalpylibtest-unit-test-tests/lib/python3.10/site-packages/_pytest/python.py", line 310, in obj
    self._obj = obj = self._getobj()
  File "/workdir/requests-kerberos-0.14.0/.tox/graalpylibtest-unit-test-tests/lib/python3.10/site-packages/_pytest/python.py", line 528, in _getobj
    return self._importtestmodule()
  File "/workdir/requests-kerberos-0.14.0/.tox/graalpylibtest-unit-test-tests/lib/python3.10/site-packages/_pytest/python.py", line 617, in _importtestmodule
    mod = import_path(self.path, mode=importmode, root=self.config.rootpath)
  File "/workdir/requests-kerberos-0.14.0/.tox/graalpylibtest-unit-test-tests/lib/python3.10/site-packages/_pytest/pathlib.py", line 567, in import_path
    importlib.import_module(module_name)
  File "/opt/graalpy/lib/python3.10/importlib/__init__.py", line 126, in import_module
    return _bootstrap._gcd_import(name[level:], package, level)
  File "/workdir/requests-kerberos-0.14.0/tests/test_functional_kerberos.py", line 8, in <module>
    from requests_kerberos import HTTPKerberosAuth, REQUIRED
  File "/workdir/requests-kerberos-0.14.0/requests_kerberos/__init__.py", line 17, in <module>
    from .kerberos_ import HTTPKerberosAuth, REQUIRED, OPTIONAL, DISABLED
  File "/workdir/requests-kerberos-0.14.0/requests_kerberos/kerberos_.py", line 6, in <module>
    import spnego
  File "/workdir/requests-kerberos-0.14.0/.tox/graalpylibtest-unit-test-tests/lib/python3.10/site-packages/spnego/__init__.py", line 9, in <module>
    from spnego._context import (
  File "/workdir/requests-kerberos-0.14.0/.tox/graalpylibtest-unit-test-tests/lib/python3.10/site-packages/spnego/_context.py", line 10, in <module>
    from spnego._credential import Credential
  File "/workdir/requests-kerberos-0.14.0/.tox/graalpylibtest-unit-test-tests/lib/python3.10/site-packages/spnego/_credential.py", line 15, in <module>
    from spnego.exceptions import InvalidCredentialError, NoCredentialError
  File "/workdir/requests-kerberos-0.14.0/.tox/graalpylibtest-unit-test-tests/lib/python3.10/site-packages/spnego/exceptions.py", line 9, in <module>
    from gssapi.raw import GSSError  # type: ignore
  File "/workdir/requests-kerberos-0.14.0/.tox/graalpylibtest-unit-test-tests/lib/python3.10/site-packages/gssapi/__init__.py", line 31, in <module>
    from gssapi.raw.types import NameType, RequirementFlag, AddressType  # noqa
  File "/workdir/requests-kerberos-0.14.0/.tox/graalpylibtest-unit-test-tests/lib/python3.10/site-packages/gssapi/raw/__init__.py", line 50, in <module>
    from gssapi.raw.creds import *  # noqa
  File "gssapi/raw/creds.pyx", line 1, in init gssapi.raw.creds
TypeError: __slots__ items must be strings, not str
_______________ ERROR collecting tests/test_requests_kerberos.py _______________
Traceback (most recent call last):
  File "/workdir/requests-kerberos-0.14.0/.tox/graalpylibtest-unit-test-tests/lib/python3.10/site-packages/_pytest/runner.py", line 341, in from_call
    result: Optional[TResult] = func()
  File "/workdir/requests-kerberos-0.14.0/.tox/graalpylibtest-unit-test-tests/lib/python3.10/site-packages/_pytest/runner.py", line 372, in <lambda>
    call = CallInfo.from_call(lambda: list(collector.collect()), "collect")
  File "/workdir/requests-kerberos-0.14.0/.tox/graalpylibtest-unit-test-tests/lib/python3.10/site-packages/_pytest/python.py", line 531, in collect
    self._inject_setup_module_fixture()
  File "/workdir/requests-kerberos-0.14.0/.tox/graalpylibtest-unit-test-tests/lib/python3.10/site-packages/_pytest/python.py", line 545, in _inject_setup_module_fixture
    self.obj, ("setUpModule", "setup_module")
  File "/workdir/requests-kerberos-0.14.0/.tox/graalpylibtest-unit-test-tests/lib/python3.10/site-packages/_pytest/python.py", line 310, in obj
    self._obj = obj = self._getobj()
  File "/workdir/requests-kerberos-0.14.0/.tox/graalpylibtest-unit-test-tests/lib/python3.10/site-packages/_pytest/python.py", line 528, in _getobj
    return self._importtestmodule()
  File "/workdir/requests-kerberos-0.14.0/.tox/graalpylibtest-unit-test-tests/lib/python3.10/site-packages/_pytest/python.py", line 617, in _importtestmodule
    mod = import_path(self.path, mode=importmode, root=self.config.rootpath)
  File "/workdir/requests-kerberos-0.14.0/.tox/graalpylibtest-unit-test-tests/lib/python3.10/site-packages/_pytest/pathlib.py", line 567, in import_path
    importlib.import_module(module_name)
  File "/opt/graalpy/lib/python3.10/importlib/__init__.py", line 126, in import_module
    return _bootstrap._gcd_import(name[level:], package, level)
  File "/workdir/requests-kerberos-0.14.0/tests/test_requests_kerberos.py", line 11, in <module>
    import requests_kerberos
  File "/workdir/requests-kerberos-0.14.0/requests_kerberos/__init__.py", line 17, in <module>
    from .kerberos_ import HTTPKerberosAuth, REQUIRED, OPTIONAL, DISABLED
  File "/workdir/requests-kerberos-0.14.0/requests_kerberos/kerberos_.py", line 6, in <module>
    import spnego
  File "/workdir/requests-kerberos-0.14.0/.tox/graalpylibtest-unit-test-tests/lib/python3.10/site-packages/spnego/__init__.py", line 9, in <module>
    from spnego._context import (
  File "/workdir/requests-kerberos-0.14.0/.tox/graalpylibtest-unit-test-tests/lib/python3.10/site-packages/spnego/_context.py", line 10, in <module>
    from spnego._credential import Credential
  File "/workdir/requests-kerberos-0.14.0/.tox/graalpylibtest-unit-test-tests/lib/python3.10/site-packages/spnego/_credential.py", line 15, in <module>
    from spnego.exceptions import InvalidCredentialError, NoCredentialError
  File "/workdir/requests-kerberos-0.14.0/.tox/graalpylibtest-unit-test-tests/lib/python3.10/site-packages/spnego/exceptions.py", line 9, in <module>
    from gssapi.raw import GSSError  # type: ignore
  File "/workdir/requests-kerberos-0.14.0/.tox/graalpylibtest-unit-test-tests/lib/python3.10/site-packages/gssapi/__init__.py", line 31, in <module>
    from gssapi.raw.types import NameType, RequirementFlag, AddressType  # noqa
  File "/workdir/requests-kerberos-0.14.0/.tox/graalpylibtest-unit-test-tests/lib/python3.10/site-packages/gssapi/raw/__init__.py", line 50, in <module>
    from gssapi.raw.creds import *  # noqa
  File "gssapi/raw/creds.pyx", line 1, in init gssapi.raw.creds
TypeError: __slots__ items must be strings, not str
=============================== warnings summary ===============================
.tox/graalpylibtest-unit-test-tests/lib/python3.10/site-packages/urllib3/__init__.py:34
  /workdir/requests-kerberos-0.14.0/.tox/graalpylibtest-unit-test-tests/lib/python3.10/site-packages/urllib3/__init__.py:34: NotOpenSSLWarning: urllib3 v2 only supports OpenSSL 1.1.1+, currently the 'ssl' module is compiled with 'GraalVM JSSE'. See: https://github.com/urllib3/urllib3/issues/3020
    warnings.warn(

-- Docs: https://docs.pytest.org/en/stable/how-to/capture-warnings.html
- generated xml file: /workdir/results/requests-kerberos/0.14.0/1/graalpy-test-results.xml -
=========================== short test summary info ============================
ERROR tests/test_functional_kerberos.py - TypeError: __slots__ items must be ...
ERROR tests/test_requests_kerberos.py - TypeError: __slots__ items must be st...
!!!!!!!!!!!!!!!!!!! Interrupted: 2 errors during collection !!!!!!!!!!!!!!!!!!!!
========================= 1 warning, 2 errors in 1.37s =========================
ERROR: InvocationError for command /workdir/requests-kerberos-0.14.0/.tox/graalpylibtest-unit-test-tests/bin/pytest -v --tb=native --junitxml /workdir/results/requests-kerberos/0.14.0/1/graalpy-test-results.xml (exited with code 2)
___________________________________ summary ____________________________________
ERROR:   graalpylibtest-unit-test-tests: commands failed
