<?xml version="1.0" encoding="utf-8"?><testsuites><testsuite name="pytest" errors="0" failures="0" skipped="14" tests="52" time="1.903" timestamp="2023-11-21T00:34:55.227000" hostname="b80581c01e0f"><testcase classname="colorama.tests.ansi_test.AnsiTest" name="testBackAttributes" time="0.016" /><testcase classname="colorama.tests.ansi_test.AnsiTest" name="testForeAttributes" time="0.009" /><testcase classname="colorama.tests.ansi_test.AnsiTest" name="testStyleAttributes" time="0.008" /><testcase classname="colorama.tests.ansitowin32_test.StreamWrapperTest" name="testDelegatesContext" time="0.011" /><testcase classname="colorama.tests.ansitowin32_test.StreamWrapperTest" name="testDelegatesWrite" time="0.013" /><testcase classname="colorama.tests.ansitowin32_test.StreamWrapperTest" name="testIsAProxy" time="0.008" /><testcase classname="colorama.tests.ansitowin32_test.StreamWrapperTest" name="testProxyNoContextManager" time="0.014" /><testcase classname="colorama.tests.ansitowin32_test.StreamWrapperTest" name="test_closed_shouldnt_raise_on_closed_stream" time="0.006" /><testcase classname="colorama.tests.ansitowin32_test.StreamWrapperTest" name="test_closed_shouldnt_raise_on_detached_stream" time="0.008" /><testcase classname="colorama.tests.ansitowin32_test.AnsiToWin32Test" name="testCallWin32UsesLookup" time="0.014" /><testcase classname="colorama.tests.ansitowin32_test.AnsiToWin32Test" name="testExtractParams" time="0.012" /><testcase classname="colorama.tests.ansitowin32_test.AnsiToWin32Test" name="testInit" time="0.011" /><testcase classname="colorama.tests.ansitowin32_test.AnsiToWin32Test" name="testStripIsFalseOffWindows" time="0.013" /><testcase classname="colorama.tests.ansitowin32_test.AnsiToWin32Test" name="testStripIsTrueOnWindows" time="0.013" /><testcase classname="colorama.tests.ansitowin32_test.AnsiToWin32Test" name="testWriteAndConvertCallsWin32WithParamsAndCommand" time="0.023" /><testcase classname="colorama.tests.ansitowin32_test.AnsiToWin32Test" name="testWriteAndConvertSkipsEmptySnippets" time="0.014" /><testcase classname="colorama.tests.ansitowin32_test.AnsiToWin32Test" name="testWriteAndConvertStripsAllValidAnsi" time="0.026" /><testcase classname="colorama.tests.ansitowin32_test.AnsiToWin32Test" name="testWriteAndConvertWritesPlainText" time="0.015" /><testcase classname="colorama.tests.ansitowin32_test.AnsiToWin32Test" name="testWriteAutoresets" time="0.048" /><testcase classname="colorama.tests.ansitowin32_test.AnsiToWin32Test" name="testWriteDoesNotStripAnsi" time="0.018" /><testcase classname="colorama.tests.ansitowin32_test.AnsiToWin32Test" name="testWriteStripsAnsi" time="0.015" /><testcase classname="colorama.tests.ansitowin32_test.AnsiToWin32Test" name="test_native_windows_ansi" time="0.035" /><testcase classname="colorama.tests.ansitowin32_test.AnsiToWin32Test" name="test_osc_codes" time="0.025" /><testcase classname="colorama.tests.ansitowin32_test.AnsiToWin32Test" name="test_reset_all_shouldnt_raise_on_closed_orig_stdout" time="0.006" /><testcase classname="colorama.tests.ansitowin32_test.AnsiToWin32Test" name="test_wrap_shouldnt_raise_on_closed_orig_stdout" time="0.007" /><testcase classname="colorama.tests.ansitowin32_test.AnsiToWin32Test" name="test_wrap_shouldnt_raise_on_missing_closed_attr" time="0.009" /><testcase classname="colorama.tests.initialise_test.InitTest" name="testAtexitRegisteredOnlyOnce" time="0.009"><skipped type="pytest.skip" message="sys.stdout is not a tty">/workdir/colorama-0.4.6/colorama/tests/initialise_test.py:111: sys.stdout is not a tty</skipped></testcase><testcase classname="colorama.tests.initialise_test.InitTest" name="testAutoResetChangeable" time="0.008"><skipped type="pytest.skip" message="sys.stdout is not a tty">/workdir/colorama-0.4.6/colorama/tests/initialise_test.py:93: sys.stdout is not a tty</skipped></testcase><testcase classname="colorama.tests.initialise_test.InitTest" name="testAutoResetPassedOn" time="0.006"><skipped type="pytest.skip" message="sys.stdout is not a tty">/workdir/colorama-0.4.6/colorama/tests/initialise_test.py:85: sys.stdout is not a tty</skipped></testcase><testcase classname="colorama.tests.initialise_test.InitTest" name="testInitAutoresetOnWrapsOnAllPlatforms" time="0.006"><skipped type="pytest.skip" message="sys.stdout is not a tty">/workdir/colorama-0.4.6/colorama/tests/initialise_test.py:70: sys.stdout is not a tty</skipped></testcase><testcase classname="colorama.tests.initialise_test.InitTest" name="testInitDoesntWrapIfNone" time="0.007"><skipped type="pytest.skip" message="sys.stdout is not a tty">/workdir/colorama-0.4.6/colorama/tests/initialise_test.py:62: sys.stdout is not a tty</skipped></testcase><testcase classname="colorama.tests.initialise_test.InitTest" name="testInitDoesntWrapOnEmulatedWindows" time="0.006"><skipped type="pytest.skip" message="sys.stdout is not a tty">/workdir/colorama-0.4.6/colorama/tests/initialise_test.py:52: sys.stdout is not a tty</skipped></testcase><testcase classname="colorama.tests.initialise_test.InitTest" name="testInitDoesntWrapOnNonWindows" time="0.006"><skipped type="pytest.skip" message="sys.stdout is not a tty">/workdir/colorama-0.4.6/colorama/tests/initialise_test.py:57: sys.stdout is not a tty</skipped></testcase><testcase classname="colorama.tests.initialise_test.InitTest" name="testInitWrapOffDoesntWrapOnWindows" time="0.006"><skipped type="pytest.skip" message="sys.stdout is not a tty">/workdir/colorama-0.4.6/colorama/tests/initialise_test.py:75: sys.stdout is not a tty</skipped></testcase><testcase classname="colorama.tests.initialise_test.InitTest" name="testInitWrapOffIncompatibleWithAutoresetOn" time="0.006"><skipped type="pytest.skip" message="sys.stdout is not a tty">/workdir/colorama-0.4.6/colorama/tests/initialise_test.py:80: sys.stdout is not a tty</skipped></testcase><testcase classname="colorama.tests.initialise_test.InitTest" name="testInitWrapsOnWindows" time="0.008"><skipped type="pytest.skip" message="sys.stdout is not a tty">/workdir/colorama-0.4.6/colorama/tests/initialise_test.py:45: sys.stdout is not a tty</skipped></testcase><testcase classname="colorama.tests.initialise_test.JustFixWindowsConsoleTest" name="testJustFixWindowsConsole" time="0.009" /><testcase classname="colorama.tests.isatty_test.IsattyTest" name="test_TTY" time="0.008" /><testcase classname="colorama.tests.isatty_test.IsattyTest" name="test_nonTTY" time="0.007" /><testcase classname="colorama.tests.isatty_test.IsattyTest" name="test_withPycharm" time="0.008" /><testcase classname="colorama.tests.isatty_test.IsattyTest" name="test_withPycharmNonTTYOverride" time="0.007" /><testcase classname="colorama.tests.isatty_test.IsattyTest" name="test_withPycharmNoneOverride" time="0.007" /><testcase classname="colorama.tests.isatty_test.IsattyTest" name="test_withPycharmStreamWrapped" time="0.007" /><testcase classname="colorama.tests.isatty_test.IsattyTest" name="test_withPycharmTTYOverride" time="0.007" /><testcase classname="colorama.tests.winterm_test.WinTermTest" name="testBack" time="0.008"><skipped type="pytest.skip" message="requires Windows">/workdir/colorama-0.4.6/colorama/tests/winterm_test.py:78: requires Windows</skipped></testcase><testcase classname="colorama.tests.winterm_test.WinTermTest" name="testFore" time="0.006"><skipped type="pytest.skip" message="requires Windows">/workdir/colorama-0.4.6/colorama/tests/winterm_test.py:67: requires Windows</skipped></testcase><testcase classname="colorama.tests.winterm_test.WinTermTest" name="testGetAttrs" time="0.006"><skipped type="pytest.skip" message="requires Windows">/workdir/colorama-0.4.6/colorama/tests/winterm_test.py:26: requires Windows</skipped></testcase><testcase classname="colorama.tests.winterm_test.WinTermTest" name="testInit" time="0.018" /><testcase classname="colorama.tests.winterm_test.WinTermTest" name="testResetAll" time="0.018" /><testcase classname="colorama.tests.winterm_test.WinTermTest" name="testSetConsole" time="0.021" /><testcase classname="colorama.tests.winterm_test.WinTermTest" name="testSetConsoleOnStderr" time="0.021" /><testcase classname="colorama.tests.winterm_test.WinTermTest" name="testStyle" time="0.007"><skipped type="pytest.skip" message="requires Windows">/workdir/colorama-0.4.6/colorama/tests/winterm_test.py:89: requires Windows</skipped></testcase></testsuite></testsuites>