GLOB sdist-make: /workdir/smmap-5.0.0/setup.py
graalpylibtest-unit-test-tests create: /workdir/smmap-5.0.0/.tox/graalpylibtest-unit-test-tests
graalpylibtest-unit-test-tests installdeps: mock, pytest
graalpylibtest-unit-test-tests inst: /workdir/smmap-5.0.0/.tox/.tmp/package/1/smmap-5.0.0.zip
graalpylibtest-unit-test-tests installed: exceptiongroup==1.2.0,graalpy-virtualenv==0.0.1,hpy==0.9.0rc2,iniconfig==2.0.0,mock==5.1.0,packaging==23.2,pluggy==1.3.0,pytest==7.4.3,smmap @ file:///workdir/smmap-5.0.0/.tox/.tmp/package/1/smmap-5.0.0.zip,tomli==2.0.1
graalpylibtest-unit-test-tests run-test-pre: PYTHONHASHSEED='3353922214'
graalpylibtest-unit-test-tests run-test: commands[0] | pytest -v --tb=native --junitxml /workdir/results/smmap/5.0.0/1/graalpy-test-results.xml
============================= test session starts ==============================
platform linux -- Python 3.10.8, pytest-7.4.3, pluggy-1.3.0 -- /workdir/smmap-5.0.0/.tox/graalpylibtest-unit-test-tests/bin/python
cachedir: .tox/graalpylibtest-unit-test-tests/.pytest_cache
rootdir: /workdir/smmap-5.0.0
collecting ... collected 9 items

smmap/test/test_buf.py::TestBuf::test_basics FAILED                      [ 11%]
smmap/test/test_mman.py::TestMMan::test_cursor PASSED                    [ 22%]
smmap/test/test_mman.py::TestMMan::test_memman_operation PASSED          [ 33%]
smmap/test/test_mman.py::TestMMan::test_memory_manager PASSED            [ 44%]
smmap/test/test_tutorial.py::TestTutorial::test_example PASSED           [ 55%]
smmap/test/test_util.py::TestMMan::test_region PASSED                    [ 66%]
smmap/test/test_util.py::TestMMan::test_region_list PASSED               [ 77%]
smmap/test/test_util.py::TestMMan::test_util PASSED                      [ 88%]
smmap/test/test_util.py::TestMMan::test_window PASSED                    [100%]

=================================== FAILURES ===================================
_____________________________ TestBuf.test_basics ______________________________
Traceback (most recent call last):
  File "/opt/graalpy/lib/python3.10/unittest/case.py", line 59, in testPartExecutor
    yield
  File "/opt/graalpy/lib/python3.10/unittest/case.py", line 591, in run
    self._callTestMethod(testMethod)
  File "/opt/graalpy/lib/python3.10/unittest/case.py", line 549, in _callTestMethod
    method()
  File "/workdir/smmap-5.0.0/smmap/test/test_buf.py", line 114, in test_basics
    assert manager.collect()
AssertionError
- generated xml file: /workdir/results/smmap/5.0.0/1/graalpy-test-results.xml --
=========================== short test summary info ============================
FAILED smmap/test/test_buf.py::TestBuf::test_basics - AssertionError
==================== 1 failed, 8 passed in 60.54s (0:01:00) ====================
ERROR: InvocationError for command /workdir/smmap-5.0.0/.tox/graalpylibtest-unit-test-tests/bin/pytest -v --tb=native --junitxml /workdir/results/smmap/5.0.0/1/graalpy-test-results.xml (exited with code 1)
___________________________________ summary ____________________________________
ERROR:   graalpylibtest-unit-test-tests: commands failed
