<?xml version="1.0" encoding="utf-8"?><testsuites><testsuite name="pytest" errors="0" failures="24" skipped="0" tests="1141" time="24.150" timestamp="2023-11-23T04:23:45.069000" hostname="80ac3eb7f7f2"><testcase classname="tests.test_debug.DebugCaseBase" name="testKnownFlags" time="0.025" /><testcase classname="tests.test_debug.DebugCaseBase" name="testUnknownFlags" time="0.024" /><testcase classname="tests.codec.ber.test_decoder.LargeTagDecoderTestCase" name="testLargeTag" time="0.019" /><testcase classname="tests.codec.ber.test_decoder.LargeTagDecoderTestCase" name="testLongTag" time="0.012" /><testcase classname="tests.codec.ber.test_decoder.LargeTagDecoderTestCase" name="testTagsEquivalence" time="0.016" /><testcase classname="tests.codec.ber.test_decoder.DecoderCacheTestCase" name="testCache" time="0.016" /><testcase classname="tests.codec.ber.test_decoder.IntegerDecoderTestCase" name="testMinusOne" time="0.010" /><testcase classname="tests.codec.ber.test_decoder.IntegerDecoderTestCase" name="testNegInt" time="0.008" /><testcase classname="tests.codec.ber.test_decoder.IntegerDecoderTestCase" name="testNegLong" time="0.010" /><testcase classname="tests.codec.ber.test_decoder.IntegerDecoderTestCase" name="testPosInt" time="0.011" /><testcase classname="tests.codec.ber.test_decoder.IntegerDecoderTestCase" name="testPosLong" time="0.012" /><testcase classname="tests.codec.ber.test_decoder.IntegerDecoderTestCase" name="testSpec" time="0.013" /><testcase classname="tests.codec.ber.test_decoder.IntegerDecoderTestCase" name="testTagFormat" time="0.008" /><testcase classname="tests.codec.ber.test_decoder.IntegerDecoderTestCase" name="testZero" time="0.010" /><testcase classname="tests.codec.ber.test_decoder.IntegerDecoderTestCase" name="testZeroLong" time="0.013" /><testcase classname="tests.codec.ber.test_decoder.BooleanDecoderTestCase" name="testExtraTrue" time="0.222" /><testcase classname="tests.codec.ber.test_decoder.BooleanDecoderTestCase" name="testFalse" time="0.009" /><testcase classname="tests.codec.ber.test_decoder.BooleanDecoderTestCase" name="testTagFormat" time="0.007" /><testcase classname="tests.codec.ber.test_decoder.BooleanDecoderTestCase" name="testTrue" time="0.008" /><testcase classname="tests.codec.ber.test_decoder.BooleanDecoderTestCase" name="testTrueNeg" time="0.010" /><testcase classname="tests.codec.ber.test_decoder.BitStringDecoderTestCase" name="testDefMode" time="0.011" /><testcase classname="tests.codec.ber.test_decoder.BitStringDecoderTestCase" name="testDefModeChunked" time="0.012" /><testcase classname="tests.codec.ber.test_decoder.BitStringDecoderTestCase" name="testDefModeChunkedSubst" time="0.008" /><testcase classname="tests.codec.ber.test_decoder.BitStringDecoderTestCase" name="testIndefMode" time="0.008" /><testcase classname="tests.codec.ber.test_decoder.BitStringDecoderTestCase" name="testIndefModeChunked" time="0.013" /><testcase classname="tests.codec.ber.test_decoder.BitStringDecoderTestCase" name="testIndefModeChunkedSubst" time="0.008" /><testcase classname="tests.codec.ber.test_decoder.BitStringDecoderTestCase" name="testTypeChecking" time="0.011" /><testcase classname="tests.codec.ber.test_decoder.OctetStringDecoderTestCase" name="testDefMode" time="0.010" /><testcase classname="tests.codec.ber.test_decoder.OctetStringDecoderTestCase" name="testDefModeChunked" time="0.011" /><testcase classname="tests.codec.ber.test_decoder.OctetStringDecoderTestCase" name="testDefModeChunkedSubst" time="0.009" /><testcase classname="tests.codec.ber.test_decoder.OctetStringDecoderTestCase" name="testIndefMode" time="0.010" /><testcase classname="tests.codec.ber.test_decoder.OctetStringDecoderTestCase" name="testIndefModeChunked" time="0.011" /><testcase classname="tests.codec.ber.test_decoder.OctetStringDecoderTestCase" name="testIndefModeChunkedSubst" time="0.010" /><testcase classname="tests.codec.ber.test_decoder.ExpTaggedOctetStringDecoderTestCase" name="testDefMode" time="0.012" /><testcase classname="tests.codec.ber.test_decoder.ExpTaggedOctetStringDecoderTestCase" name="testDefModeChunked" time="0.012" /><testcase classname="tests.codec.ber.test_decoder.ExpTaggedOctetStringDecoderTestCase" name="testDefModeSubst" time="0.009" /><testcase classname="tests.codec.ber.test_decoder.ExpTaggedOctetStringDecoderTestCase" name="testIndefMode" time="0.011" /><testcase classname="tests.codec.ber.test_decoder.ExpTaggedOctetStringDecoderTestCase" name="testIndefModeChunked" time="0.011" /><testcase classname="tests.codec.ber.test_decoder.ExpTaggedOctetStringDecoderTestCase" name="testIndefModeSubst" time="0.010" /><testcase classname="tests.codec.ber.test_decoder.NullDecoderTestCase" name="testNull" time="0.009" /><testcase classname="tests.codec.ber.test_decoder.NullDecoderTestCase" name="testTagFormat" time="0.008" /><testcase classname="tests.codec.ber.test_decoder.ObjectIdentifierDecoderTestCase" name="testEdge1" time="0.009" /><testcase classname="tests.codec.ber.test_decoder.ObjectIdentifierDecoderTestCase" name="testEdge2" time="0.009" /><testcase classname="tests.codec.ber.test_decoder.ObjectIdentifierDecoderTestCase" name="testEdge3" time="0.008" /><testcase classname="tests.codec.ber.test_decoder.ObjectIdentifierDecoderTestCase" name="testEdge4" time="0.008" /><testcase classname="tests.codec.ber.test_decoder.ObjectIdentifierDecoderTestCase" name="testEdge5" time="0.008" /><testcase classname="tests.codec.ber.test_decoder.ObjectIdentifierDecoderTestCase" name="testEdge6" time="0.008" /><testcase classname="tests.codec.ber.test_decoder.ObjectIdentifierDecoderTestCase" name="testEdge7" time="0.007" /><testcase classname="tests.codec.ber.test_decoder.ObjectIdentifierDecoderTestCase" name="testEdge8" time="0.010" /><testcase classname="tests.codec.ber.test_decoder.ObjectIdentifierDecoderTestCase" name="testEdge9" time="0.008" /><testcase classname="tests.codec.ber.test_decoder.ObjectIdentifierDecoderTestCase" name="testIndefiniteLength" time="0.008" /><testcase classname="tests.codec.ber.test_decoder.ObjectIdentifierDecoderTestCase" name="testLarge1" time="0.009" /><testcase classname="tests.codec.ber.test_decoder.ObjectIdentifierDecoderTestCase" name="testLarge2" time="0.011" /><testcase classname="tests.codec.ber.test_decoder.ObjectIdentifierDecoderTestCase" name="testLeading0x80Case1" time="0.007" /><testcase classname="tests.codec.ber.test_decoder.ObjectIdentifierDecoderTestCase" name="testLeading0x80Case2" time="0.006" /><testcase classname="tests.codec.ber.test_decoder.ObjectIdentifierDecoderTestCase" name="testLeading0x80Case3" time="0.008" /><testcase classname="tests.codec.ber.test_decoder.ObjectIdentifierDecoderTestCase" name="testLeading0x80Case4" time="0.008" /><testcase classname="tests.codec.ber.test_decoder.ObjectIdentifierDecoderTestCase" name="testNonLeading0x80" time="0.008" /><testcase classname="tests.codec.ber.test_decoder.ObjectIdentifierDecoderTestCase" name="testOne" time="0.008" /><testcase classname="tests.codec.ber.test_decoder.ObjectIdentifierDecoderTestCase" name="testReservedLength" time="0.008" /><testcase classname="tests.codec.ber.test_decoder.ObjectIdentifierDecoderTestCase" name="testTagFormat" time="0.008" /><testcase classname="tests.codec.ber.test_decoder.ObjectIdentifierDecoderTestCase" name="testZeroLength" time="0.010" /><testcase classname="tests.codec.ber.test_decoder.RealDecoderTestCase" name="testBin1" time="0.010" /><testcase classname="tests.codec.ber.test_decoder.RealDecoderTestCase" name="testBin2" time="0.009" /><testcase classname="tests.codec.ber.test_decoder.RealDecoderTestCase" name="testBin3" time="0.009" /><testcase classname="tests.codec.ber.test_decoder.RealDecoderTestCase" name="testBin4" time="0.008" /><testcase classname="tests.codec.ber.test_decoder.RealDecoderTestCase" name="testBin5" time="0.007" /><testcase classname="tests.codec.ber.test_decoder.RealDecoderTestCase" name="testChar" time="0.009" /><testcase classname="tests.codec.ber.test_decoder.RealDecoderTestCase" name="testEmpty" time="0.012" /><testcase classname="tests.codec.ber.test_decoder.RealDecoderTestCase" name="testMinusInf" time="0.008" /><testcase classname="tests.codec.ber.test_decoder.RealDecoderTestCase" name="testPlusInf" time="0.008" /><testcase classname="tests.codec.ber.test_decoder.RealDecoderTestCase" name="testShortEncoding" time="0.008" /><testcase classname="tests.codec.ber.test_decoder.RealDecoderTestCase" name="testTagFormat" time="0.011" /><testcase classname="tests.codec.ber.test_decoder.UniversalStringDecoderTestCase" name="testDecoder" time="0.012" /><testcase classname="tests.codec.ber.test_decoder.BMPStringDecoderTestCase" name="testDecoder" time="0.015" /><testcase classname="tests.codec.ber.test_decoder.UTF8StringDecoderTestCase" name="testDecoder" time="0.010" /><testcase classname="tests.codec.ber.test_decoder.SequenceOfDecoderTestCase" name="testDefMode" time="0.016" /><testcase classname="tests.codec.ber.test_decoder.SequenceOfDecoderTestCase" name="testDefModeChunked" time="0.013" /><testcase classname="tests.codec.ber.test_decoder.SequenceOfDecoderTestCase" name="testIndefMode" time="0.011" /><testcase classname="tests.codec.ber.test_decoder.SequenceOfDecoderTestCase" name="testIndefModeChunked" time="0.013" /><testcase classname="tests.codec.ber.test_decoder.SequenceOfDecoderTestCase" name="testSchemalessDecoder" time="0.011" /><testcase classname="tests.codec.ber.test_decoder.ExpTaggedSequenceOfDecoderTestCase" name="testWithSchema" time="0.012" /><testcase classname="tests.codec.ber.test_decoder.ExpTaggedSequenceOfDecoderTestCase" name="testWithoutSchema" time="0.012" /><testcase classname="tests.codec.ber.test_decoder.SequenceOfDecoderWithSchemaTestCase" name="testDefMode" time="0.011" /><testcase classname="tests.codec.ber.test_decoder.SequenceOfDecoderWithSchemaTestCase" name="testDefModeChunked" time="0.011" /><testcase classname="tests.codec.ber.test_decoder.SequenceOfDecoderWithSchemaTestCase" name="testIndefMode" time="0.010" /><testcase classname="tests.codec.ber.test_decoder.SequenceOfDecoderWithSchemaTestCase" name="testIndefModeChunked" time="0.013" /><testcase classname="tests.codec.ber.test_decoder.SetOfDecoderTestCase" name="testDefMode" time="0.014" /><testcase classname="tests.codec.ber.test_decoder.SetOfDecoderTestCase" name="testDefModeChunked" time="0.014" /><testcase classname="tests.codec.ber.test_decoder.SetOfDecoderTestCase" name="testIndefMode" time="0.011" /><testcase classname="tests.codec.ber.test_decoder.SetOfDecoderTestCase" name="testIndefModeChunked" time="0.013" /><testcase classname="tests.codec.ber.test_decoder.SetOfDecoderTestCase" name="testSchemalessDecoder" time="0.012" /><testcase classname="tests.codec.ber.test_decoder.SetOfDecoderWithSchemaTestCase" name="testDefMode" time="0.013" /><testcase classname="tests.codec.ber.test_decoder.SetOfDecoderWithSchemaTestCase" name="testDefModeChunked" time="0.011" /><testcase classname="tests.codec.ber.test_decoder.SetOfDecoderWithSchemaTestCase" name="testIndefMode" time="0.009" /><testcase classname="tests.codec.ber.test_decoder.SetOfDecoderWithSchemaTestCase" name="testIndefModeChunked" time="0.013" /><testcase classname="tests.codec.ber.test_decoder.SequenceDecoderTestCase" name="testTagFormat" time="0.014" /><testcase classname="tests.codec.ber.test_decoder.SequenceDecoderTestCase" name="testWithOptionalAndDefaultedDefMode" time="0.015" /><testcase classname="tests.codec.ber.test_decoder.SequenceDecoderTestCase" name="testWithOptionalAndDefaultedDefModeChunked" time="0.016" /><testcase classname="tests.codec.ber.test_decoder.SequenceDecoderTestCase" name="testWithOptionalAndDefaultedDefModeSubst" time="0.013" /><testcase classname="tests.codec.ber.test_decoder.SequenceDecoderTestCase" name="testWithOptionalAndDefaultedIndefMode" time="0.015" /><testcase classname="tests.codec.ber.test_decoder.SequenceDecoderTestCase" name="testWithOptionalAndDefaultedIndefModeChunked" time="0.016" /><testcase classname="tests.codec.ber.test_decoder.SequenceDecoderTestCase" name="testWithOptionalAndDefaultedIndefModeSubst" time="0.011" /><testcase classname="tests.codec.ber.test_decoder.SequenceDecoderWithSchemaTestCase" name="testDefMode" time="0.015" /><testcase classname="tests.codec.ber.test_decoder.SequenceDecoderWithSchemaTestCase" name="testDefModeChunked" time="0.014" /><testcase classname="tests.codec.ber.test_decoder.SequenceDecoderWithSchemaTestCase" name="testIndefMode" time="0.013" /><testcase classname="tests.codec.ber.test_decoder.SequenceDecoderWithSchemaTestCase" name="testIndefModeChunked" time="0.012" /><testcase classname="tests.codec.ber.test_decoder.SequenceDecoderWithSchemaTestCase" name="testWithDefaultedDefMode" time="0.013" /><testcase classname="tests.codec.ber.test_decoder.SequenceDecoderWithSchemaTestCase" name="testWithDefaultedDefModeChunked" time="0.011" /><testcase classname="tests.codec.ber.test_decoder.SequenceDecoderWithSchemaTestCase" name="testWithDefaultedIndefMode" time="0.012" /><testcase classname="tests.codec.ber.test_decoder.SequenceDecoderWithSchemaTestCase" name="testWithDefaultedIndefModeChunked" time="0.012" /><testcase classname="tests.codec.ber.test_decoder.SequenceDecoderWithSchemaTestCase" name="testWithOptionaIndefMode" time="0.013" /><testcase classname="tests.codec.ber.test_decoder.SequenceDecoderWithSchemaTestCase" name="testWithOptionalAndDefaultedDefMode" time="0.013" /><testcase classname="tests.codec.ber.test_decoder.SequenceDecoderWithSchemaTestCase" name="testWithOptionalAndDefaultedDefModeChunked" time="0.015" /><testcase classname="tests.codec.ber.test_decoder.SequenceDecoderWithSchemaTestCase" name="testWithOptionalAndDefaultedIndefMode" time="0.014" /><testcase classname="tests.codec.ber.test_decoder.SequenceDecoderWithSchemaTestCase" name="testWithOptionalAndDefaultedIndefModeChunked" time="0.014" /><testcase classname="tests.codec.ber.test_decoder.SequenceDecoderWithSchemaTestCase" name="testWithOptionalDefMode" time="0.012" /><testcase classname="tests.codec.ber.test_decoder.SequenceDecoderWithSchemaTestCase" name="testWithOptionalDefModeChunked" time="0.013" /><testcase classname="tests.codec.ber.test_decoder.SequenceDecoderWithSchemaTestCase" name="testWithOptionalIndefModeChunked" time="0.016" /><testcase classname="tests.codec.ber.test_decoder.SequenceDecoderWithUntaggedOpenTypesTestCase" name="testDecodeOpenTypesChoiceOne" time="0.012" /><testcase classname="tests.codec.ber.test_decoder.SequenceDecoderWithUntaggedOpenTypesTestCase" name="testDecodeOpenTypesChoiceTwo" time="0.011" /><testcase classname="tests.codec.ber.test_decoder.SequenceDecoderWithUntaggedOpenTypesTestCase" name="testDecodeOpenTypesUnknownId" time="0.009" /><testcase classname="tests.codec.ber.test_decoder.SequenceDecoderWithUntaggedOpenTypesTestCase" name="testDecodeOpenTypesUnknownType" time="0.010" /><testcase classname="tests.codec.ber.test_decoder.SequenceDecoderWithUntaggedOpenTypesTestCase" name="testDontDecodeOpenTypesChoiceOne" time="0.009" /><testcase classname="tests.codec.ber.test_decoder.SequenceDecoderWithUntaggedOpenTypesTestCase" name="testDontDecodeOpenTypesChoiceTwo" time="0.011" /><testcase classname="tests.codec.ber.test_decoder.SequenceDecoderWithImplicitlyTaggedOpenTypesTestCase" name="testDecodeOpenTypesChoiceOne" time="0.012" /><testcase classname="tests.codec.ber.test_decoder.SequenceDecoderWithImplicitlyTaggedOpenTypesTestCase" name="testDecodeOpenTypesUnknownId" time="0.011" /><testcase classname="tests.codec.ber.test_decoder.SequenceDecoderWithExplicitlyTaggedOpenTypesTestCase" name="testDecodeOpenTypesChoiceOne" time="0.010" /><testcase classname="tests.codec.ber.test_decoder.SequenceDecoderWithExplicitlyTaggedOpenTypesTestCase" name="testDecodeOpenTypesUnknownId" time="0.012" /><testcase classname="tests.codec.ber.test_decoder.SequenceDecoderWithUnaggedSetOfOpenTypesTestCase" name="testDecodeOpenTypesChoiceOne" time="0.012" /><testcase classname="tests.codec.ber.test_decoder.SequenceDecoderWithUnaggedSetOfOpenTypesTestCase" name="testDecodeOpenTypesChoiceTwo" time="0.012" /><testcase classname="tests.codec.ber.test_decoder.SequenceDecoderWithUnaggedSetOfOpenTypesTestCase" name="testDecodeOpenTypesUnknownId" time="0.010" /><testcase classname="tests.codec.ber.test_decoder.SequenceDecoderWithUnaggedSetOfOpenTypesTestCase" name="testDecodeOpenTypesUnknownType" time="0.009" /><testcase classname="tests.codec.ber.test_decoder.SequenceDecoderWithUnaggedSetOfOpenTypesTestCase" name="testDontDecodeOpenTypesChoiceOne" time="0.010" /><testcase classname="tests.codec.ber.test_decoder.SequenceDecoderWithUnaggedSetOfOpenTypesTestCase" name="testDontDecodeOpenTypesChoiceTwo" time="0.012" /><testcase classname="tests.codec.ber.test_decoder.SequenceDecoderWithImplicitlyTaggedSetOfOpenTypesTestCase" name="testDecodeOpenTypesChoiceOne" time="0.012" /><testcase classname="tests.codec.ber.test_decoder.SequenceDecoderWithImplicitlyTaggedSetOfOpenTypesTestCase" name="testDecodeOpenTypesUnknownId" time="0.011" /><testcase classname="tests.codec.ber.test_decoder.SequenceDecoderWithExplicitlyTaggedSetOfOpenTypesTestCase" name="testDecodeOpenTypesChoiceOne" time="0.011" /><testcase classname="tests.codec.ber.test_decoder.SequenceDecoderWithExplicitlyTaggedSetOfOpenTypesTestCase" name="testDecodeOpenTypesUnknownId" time="0.010" /><testcase classname="tests.codec.ber.test_decoder.SetDecoderTestCase" name="testTagFormat" time="0.010" /><testcase classname="tests.codec.ber.test_decoder.SetDecoderTestCase" name="testWithOptionalAndDefaultedDefMode" time="0.014" /><testcase classname="tests.codec.ber.test_decoder.SetDecoderTestCase" name="testWithOptionalAndDefaultedDefModeChunked" time="0.015" /><testcase classname="tests.codec.ber.test_decoder.SetDecoderTestCase" name="testWithOptionalAndDefaultedDefModeSubst" time="0.011" /><testcase classname="tests.codec.ber.test_decoder.SetDecoderTestCase" name="testWithOptionalAndDefaultedIndefMode" time="0.014" /><testcase classname="tests.codec.ber.test_decoder.SetDecoderTestCase" name="testWithOptionalAndDefaultedIndefModeChunked" time="0.019" /><testcase classname="tests.codec.ber.test_decoder.SetDecoderTestCase" name="testWithOptionalAndDefaultedIndefModeSubst" time="0.011" /><testcase classname="tests.codec.ber.test_decoder.SetDecoderWithSchemaTestCase" name="testDefMode" time="0.014" /><testcase classname="tests.codec.ber.test_decoder.SetDecoderWithSchemaTestCase" name="testDefModeChunked" time="0.012" /><testcase classname="tests.codec.ber.test_decoder.SetDecoderWithSchemaTestCase" name="testIndefMode" time="0.012" /><testcase classname="tests.codec.ber.test_decoder.SetDecoderWithSchemaTestCase" name="testIndefModeChunked" time="0.013" /><testcase classname="tests.codec.ber.test_decoder.SetDecoderWithSchemaTestCase" name="testWithDefaultedDefMode" time="0.013" /><testcase classname="tests.codec.ber.test_decoder.SetDecoderWithSchemaTestCase" name="testWithDefaultedDefModeChunked" time="0.013" /><testcase classname="tests.codec.ber.test_decoder.SetDecoderWithSchemaTestCase" name="testWithDefaultedIndefMode" time="0.012" /><testcase classname="tests.codec.ber.test_decoder.SetDecoderWithSchemaTestCase" name="testWithDefaultedIndefModeChunked" time="0.012" /><testcase classname="tests.codec.ber.test_decoder.SetDecoderWithSchemaTestCase" name="testWithOptionalAndDefaultedDefMode" time="0.038" /><testcase classname="tests.codec.ber.test_decoder.SetDecoderWithSchemaTestCase" name="testWithOptionalAndDefaultedDefModeChunked" time="0.019" /><testcase classname="tests.codec.ber.test_decoder.SetDecoderWithSchemaTestCase" name="testWithOptionalAndDefaultedDefModeReordered" time="0.020" /><testcase classname="tests.codec.ber.test_decoder.SetDecoderWithSchemaTestCase" name="testWithOptionalAndDefaultedIndefMode" time="0.016" /><testcase classname="tests.codec.ber.test_decoder.SetDecoderWithSchemaTestCase" name="testWithOptionalAndDefaultedIndefModeChunked" time="0.015" /><testcase classname="tests.codec.ber.test_decoder.SetDecoderWithSchemaTestCase" name="testWithOptionalAndDefaultedIndefModeReordered" time="0.013" /><testcase classname="tests.codec.ber.test_decoder.SetDecoderWithSchemaTestCase" name="testWithOptionalDefMode" time="0.013" /><testcase classname="tests.codec.ber.test_decoder.SetDecoderWithSchemaTestCase" name="testWithOptionalDefModeChunked" time="0.013" /><testcase classname="tests.codec.ber.test_decoder.SetDecoderWithSchemaTestCase" name="testWithOptionalIndefMode" time="0.014" /><testcase classname="tests.codec.ber.test_decoder.SetDecoderWithSchemaTestCase" name="testWithOptionalIndefModeChunked" time="0.015" /><testcase classname="tests.codec.ber.test_decoder.SequenceOfWithExpTaggedOctetStringDecoder" name="testDefModeNoComponent" time="0.009" /><testcase classname="tests.codec.ber.test_decoder.SequenceOfWithExpTaggedOctetStringDecoder" name="testDefModeSchema" time="0.009" /><testcase classname="tests.codec.ber.test_decoder.SequenceOfWithExpTaggedOctetStringDecoder" name="testDefModeSchemaless" time="0.011" /><testcase classname="tests.codec.ber.test_decoder.SequenceOfWithExpTaggedOctetStringDecoder" name="testIndefModeNoComponent" time="0.015" /><testcase classname="tests.codec.ber.test_decoder.SequenceOfWithExpTaggedOctetStringDecoder" name="testIndefModeSchema" time="0.009" /><testcase classname="tests.codec.ber.test_decoder.SequenceOfWithExpTaggedOctetStringDecoder" name="testIndefModeSchemaless" time="0.010" /><testcase classname="tests.codec.ber.test_decoder.SequenceWithExpTaggedOctetStringDecoder" name="testDefModeNoComponent" time="0.011" /><testcase classname="tests.codec.ber.test_decoder.SequenceWithExpTaggedOctetStringDecoder" name="testDefModeSchema" time="0.012" /><testcase classname="tests.codec.ber.test_decoder.SequenceWithExpTaggedOctetStringDecoder" name="testDefModeSchemaless" time="0.010" /><testcase classname="tests.codec.ber.test_decoder.SequenceWithExpTaggedOctetStringDecoder" name="testIndefModeNoComponent" time="0.012" /><testcase classname="tests.codec.ber.test_decoder.SequenceWithExpTaggedOctetStringDecoder" name="testIndefModeSchema" time="0.012" /><testcase classname="tests.codec.ber.test_decoder.SequenceWithExpTaggedOctetStringDecoder" name="testIndefModeSchemaless" time="0.021" /><testcase classname="tests.codec.ber.test_decoder.ChoiceDecoderTestCase" name="testBySpec" time="0.021" /><testcase classname="tests.codec.ber.test_decoder.ChoiceDecoderTestCase" name="testExplicitTag" time="0.013" /><testcase classname="tests.codec.ber.test_decoder.ChoiceDecoderTestCase" name="testExplicitTagUndefLength" time="0.013" /><testcase classname="tests.codec.ber.test_decoder.ChoiceDecoderTestCase" name="testUndefLength" time="0.013" /><testcase classname="tests.codec.ber.test_decoder.ChoiceDecoderTestCase" name="testWithoutSpec" time="0.012" /><testcase classname="tests.codec.ber.test_decoder.AnyDecoderTestCase" name="testByUntagged" time="0.009" /><testcase classname="tests.codec.ber.test_decoder.AnyDecoderTestCase" name="testByUntaggedIndefMode" time="0.009" /><testcase classname="tests.codec.ber.test_decoder.AnyDecoderTestCase" name="testByUntaggedSubst" time="0.008" /><testcase classname="tests.codec.ber.test_decoder.AnyDecoderTestCase" name="testTaggedEx" time="0.009" /><testcase classname="tests.codec.ber.test_decoder.AnyDecoderTestCase" name="testTaggedExIndefMode" time="0.009" /><testcase classname="tests.codec.ber.test_decoder.AnyDecoderTestCase" name="testTaggedExSubst" time="0.008" /><testcase classname="tests.codec.ber.test_decoder.AnyDecoderTestCase" name="testTaggedIm" time="0.008" /><testcase classname="tests.codec.ber.test_decoder.AnyDecoderTestCase" name="testTaggedImIndefMode" time="0.010" /><testcase classname="tests.codec.ber.test_decoder.EndOfOctetsTestCase" name="testDefiniteNoEoo" time="0.009" /><testcase classname="tests.codec.ber.test_decoder.EndOfOctetsTestCase" name="testExpectedEoo" time="0.007" /><testcase classname="tests.codec.ber.test_decoder.EndOfOctetsTestCase" name="testIndefiniteEoo" time="0.009" /><testcase classname="tests.codec.ber.test_decoder.EndOfOctetsTestCase" name="testNoConstructedEoo" time="0.008" /><testcase classname="tests.codec.ber.test_decoder.EndOfOctetsTestCase" name="testNoEooData" time="0.007" /><testcase classname="tests.codec.ber.test_decoder.EndOfOctetsTestCase" name="testNoLongFormEoo" time="0.008" /><testcase classname="tests.codec.ber.test_decoder.EndOfOctetsTestCase" name="testUnexpectedEoo" time="0.008" /><testcase classname="tests.codec.ber.test_decoder.NonStringDecoderTestCase" name="testAny" time="0.022" /><testcase classname="tests.codec.ber.test_decoder.NonStringDecoderTestCase" name="testOctetString" time="0.021" /><testcase classname="tests.codec.ber.test_decoder.ErrorOnDecodingTestCase" name="testErrorCondition" time="0.008" /><testcase classname="tests.codec.ber.test_decoder.ErrorOnDecodingTestCase" name="testRawDump" time="0.009" /><testcase classname="tests.codec.ber.test_encoder.LargeTagEncoderTestCase" name="testEncoder" time="0.011" /><testcase classname="tests.codec.ber.test_encoder.IntegerEncoderTestCase" name="testCompactZero" time="0.010" /><testcase classname="tests.codec.ber.test_encoder.IntegerEncoderTestCase" name="testMinusOne" time="0.009" /><testcase classname="tests.codec.ber.test_encoder.IntegerEncoderTestCase" name="testNegInt" time="0.008" /><testcase classname="tests.codec.ber.test_encoder.IntegerEncoderTestCase" name="testNegLong" time="0.008" /><testcase classname="tests.codec.ber.test_encoder.IntegerEncoderTestCase" name="testPosInt" time="0.008" /><testcase classname="tests.codec.ber.test_encoder.IntegerEncoderTestCase" name="testPosLong" time="0.008" /><testcase classname="tests.codec.ber.test_encoder.IntegerEncoderTestCase" name="testZero" time="0.010" /><testcase classname="tests.codec.ber.test_encoder.IntegerEncoderWithSchemaTestCase" name="testNegInt" time="0.008" /><testcase classname="tests.codec.ber.test_encoder.IntegerEncoderWithSchemaTestCase" name="testPosInt" time="0.008" /><testcase classname="tests.codec.ber.test_encoder.IntegerEncoderWithSchemaTestCase" name="testPosLong" time="0.008" /><testcase classname="tests.codec.ber.test_encoder.IntegerEncoderWithSchemaTestCase" name="testZero" time="0.007" /><testcase classname="tests.codec.ber.test_encoder.BooleanEncoderTestCase" name="testFalse" time="0.009" /><testcase classname="tests.codec.ber.test_encoder.BooleanEncoderTestCase" name="testTrue" time="0.009" /><testcase classname="tests.codec.ber.test_encoder.BooleanEncoderWithSchemaTestCase" name="testFalse" time="0.008" /><testcase classname="tests.codec.ber.test_encoder.BooleanEncoderWithSchemaTestCase" name="testTrue" time="0.008" /><testcase classname="tests.codec.ber.test_encoder.BitStringEncoderTestCase" name="testDefMode" time="0.011" /><testcase classname="tests.codec.ber.test_encoder.BitStringEncoderTestCase" name="testDefModeChunked" time="0.012" /><testcase classname="tests.codec.ber.test_encoder.BitStringEncoderTestCase" name="testEmptyValue" time="0.008" /><testcase classname="tests.codec.ber.test_encoder.BitStringEncoderTestCase" name="testIndefMode" time="0.008" /><testcase classname="tests.codec.ber.test_encoder.BitStringEncoderTestCase" name="testIndefModeChunked" time="0.012" /><testcase classname="tests.codec.ber.test_encoder.BitStringEncoderWithSchemaTestCase" name="testDefMode" time="0.009" /><testcase classname="tests.codec.ber.test_encoder.BitStringEncoderWithSchemaTestCase" name="testDefModeChunked" time="0.012" /><testcase classname="tests.codec.ber.test_encoder.BitStringEncoderWithSchemaTestCase" name="testEmptyValue" time="0.008" /><testcase classname="tests.codec.ber.test_encoder.BitStringEncoderWithSchemaTestCase" name="testIndefMode" time="0.008" /><testcase classname="tests.codec.ber.test_encoder.BitStringEncoderWithSchemaTestCase" name="testIndefModeChunked" time="0.011" /><testcase classname="tests.codec.ber.test_encoder.OctetStringEncoderTestCase" name="testDefMode" time="0.007" /><testcase classname="tests.codec.ber.test_encoder.OctetStringEncoderTestCase" name="testDefModeChunked" time="0.011" /><testcase classname="tests.codec.ber.test_encoder.OctetStringEncoderTestCase" name="testIndefMode" time="0.007" /><testcase classname="tests.codec.ber.test_encoder.OctetStringEncoderTestCase" name="testIndefModeChunked" time="0.010" /><testcase classname="tests.codec.ber.test_encoder.OctetStringEncoderWithSchemaTestCase" name="testDefMode" time="0.008" /><testcase classname="tests.codec.ber.test_encoder.OctetStringEncoderWithSchemaTestCase" name="testDefModeChunked" time="0.011" /><testcase classname="tests.codec.ber.test_encoder.OctetStringEncoderWithSchemaTestCase" name="testIndefMode" time="0.006" /><testcase classname="tests.codec.ber.test_encoder.OctetStringEncoderWithSchemaTestCase" name="testIndefModeChunked" time="0.010" /><testcase classname="tests.codec.ber.test_encoder.ExpTaggedOctetStringEncoderTestCase" name="testDefMode" time="0.008" /><testcase classname="tests.codec.ber.test_encoder.ExpTaggedOctetStringEncoderTestCase" name="testDefModeChunked" time="0.011" /><testcase classname="tests.codec.ber.test_encoder.ExpTaggedOctetStringEncoderTestCase" name="testIndefMode" time="0.008" /><testcase classname="tests.codec.ber.test_encoder.ExpTaggedOctetStringEncoderTestCase" name="testIndefModeChunked" time="0.013" /><testcase classname="tests.codec.ber.test_encoder.NullEncoderTestCase" name="testNull" time="0.009" /><testcase classname="tests.codec.ber.test_encoder.NullEncoderWithSchemaTestCase" name="testNull" time="0.009" /><testcase classname="tests.codec.ber.test_encoder.ObjectIdentifierEncoderTestCase" name="testEdge1" time="0.008" /><testcase classname="tests.codec.ber.test_encoder.ObjectIdentifierEncoderTestCase" name="testEdge2" time="0.007" /><testcase classname="tests.codec.ber.test_encoder.ObjectIdentifierEncoderTestCase" name="testEdge3" time="0.007" /><testcase classname="tests.codec.ber.test_encoder.ObjectIdentifierEncoderTestCase" name="testEdge4" time="0.007" /><testcase classname="tests.codec.ber.test_encoder.ObjectIdentifierEncoderTestCase" name="testEdge5" time="0.007" /><testcase classname="tests.codec.ber.test_encoder.ObjectIdentifierEncoderTestCase" name="testEdge6" time="0.007" /><testcase classname="tests.codec.ber.test_encoder.ObjectIdentifierEncoderTestCase" name="testEdge7" time="0.007" /><testcase classname="tests.codec.ber.test_encoder.ObjectIdentifierEncoderTestCase" name="testEdge8" time="0.007" /><testcase classname="tests.codec.ber.test_encoder.ObjectIdentifierEncoderTestCase" name="testEdge9" time="0.007" /><testcase classname="tests.codec.ber.test_encoder.ObjectIdentifierEncoderTestCase" name="testEdgeA" time="0.006" /><testcase classname="tests.codec.ber.test_encoder.ObjectIdentifierEncoderTestCase" name="testImpossible1" time="0.007" /><testcase classname="tests.codec.ber.test_encoder.ObjectIdentifierEncoderTestCase" name="testImpossible2" time="0.008" /><testcase classname="tests.codec.ber.test_encoder.ObjectIdentifierEncoderTestCase" name="testImpossible3" time="0.007" /><testcase classname="tests.codec.ber.test_encoder.ObjectIdentifierEncoderTestCase" name="testImpossible4" time="0.006" /><testcase classname="tests.codec.ber.test_encoder.ObjectIdentifierEncoderTestCase" name="testLarge1" time="0.008" /><testcase classname="tests.codec.ber.test_encoder.ObjectIdentifierEncoderTestCase" name="testLarge2" time="0.007" /><testcase classname="tests.codec.ber.test_encoder.ObjectIdentifierEncoderTestCase" name="testOne" time="0.008" /><testcase classname="tests.codec.ber.test_encoder.ObjectIdentifierWithSchemaEncoderTestCase" name="testOne" time="0.009" /><testcase classname="tests.codec.ber.test_encoder.RealEncoderTestCase" name="testBin1" time="0.009" /><testcase classname="tests.codec.ber.test_encoder.RealEncoderTestCase" name="testBin2" time="0.008" /><testcase classname="tests.codec.ber.test_encoder.RealEncoderTestCase" name="testBin3" time="0.008" /><testcase classname="tests.codec.ber.test_encoder.RealEncoderTestCase" name="testBin4" time="0.008" /><testcase classname="tests.codec.ber.test_encoder.RealEncoderTestCase" name="testBin5" time="0.007" /><testcase classname="tests.codec.ber.test_encoder.RealEncoderTestCase" name="testBin6" time="0.008" /><testcase classname="tests.codec.ber.test_encoder.RealEncoderTestCase" name="testBin7" time="0.026" /><testcase classname="tests.codec.ber.test_encoder.RealEncoderTestCase" name="testChar" time="0.007" /><testcase classname="tests.codec.ber.test_encoder.RealEncoderTestCase" name="testMinusInf" time="0.008" /><testcase classname="tests.codec.ber.test_encoder.RealEncoderTestCase" name="testPlusInf" time="0.007" /><testcase classname="tests.codec.ber.test_encoder.RealEncoderTestCase" name="testZero" time="0.009" /><testcase classname="tests.codec.ber.test_encoder.RealEncoderWithSchemaTestCase" name="testChar" time="0.008" /><testcase classname="tests.codec.ber.test_encoder.UniversalStringEncoderTestCase" name="testEncoding" time="0.008" /><testcase classname="tests.codec.ber.test_encoder.UniversalStringEncoderWithSchemaTestCase" name="testEncoding" time="0.008" /><testcase classname="tests.codec.ber.test_encoder.BMPStringEncoderTestCase" name="testEncoding" time="0.007" /><testcase classname="tests.codec.ber.test_encoder.BMPStringEncoderWithSchemaTestCase" name="testEncoding" time="0.007" /><testcase classname="tests.codec.ber.test_encoder.UTF8StringEncoderTestCase" name="testEncoding" time="0.007" /><testcase classname="tests.codec.ber.test_encoder.UTF8StringEncoderWithSchemaTestCase" name="testEncoding" time="0.007" /><testcase classname="tests.codec.ber.test_encoder.SequenceOfEncoderTestCase" name="testDefMode" time="0.009" /><testcase classname="tests.codec.ber.test_encoder.SequenceOfEncoderTestCase" name="testDefModeChunked" time="0.011" /><testcase classname="tests.codec.ber.test_encoder.SequenceOfEncoderTestCase" name="testEmpty" time="0.007" /><testcase classname="tests.codec.ber.test_encoder.SequenceOfEncoderTestCase" name="testIndefMode" time="0.008" /><testcase classname="tests.codec.ber.test_encoder.SequenceOfEncoderTestCase" name="testIndefModeChunked" time="0.012" /><testcase classname="tests.codec.ber.test_encoder.SequenceOfEncoderWithSchemaTestCase" name="testDefMode" time="0.009" /><testcase classname="tests.codec.ber.test_encoder.SequenceOfEncoderWithSchemaTestCase" name="testDefModeChunked" time="0.011" /><testcase classname="tests.codec.ber.test_encoder.SequenceOfEncoderWithSchemaTestCase" name="testEmpty" time="0.007" /><testcase classname="tests.codec.ber.test_encoder.SequenceOfEncoderWithSchemaTestCase" name="testIndefMode" time="0.008" /><testcase classname="tests.codec.ber.test_encoder.SequenceOfEncoderWithSchemaTestCase" name="testIndefModeChunked" time="0.010" /><testcase classname="tests.codec.ber.test_encoder.SequenceOfEncoderWithComponentsSchemaTestCase" name="testDefMode" time="0.009" /><testcase classname="tests.codec.ber.test_encoder.SequenceOfEncoderWithComponentsSchemaTestCase" name="testDefModeChunked" time="0.010" /><testcase classname="tests.codec.ber.test_encoder.SequenceOfEncoderWithComponentsSchemaTestCase" name="testIndefMode" time="0.009" /><testcase classname="tests.codec.ber.test_encoder.SequenceOfEncoderWithComponentsSchemaTestCase" name="testIndefModeChunked" time="0.013" /><testcase classname="tests.codec.ber.test_encoder.SetOfEncoderTestCase" name="testDefMode" time="0.010" /><testcase classname="tests.codec.ber.test_encoder.SetOfEncoderTestCase" name="testDefModeChunked" time="0.011" /><testcase classname="tests.codec.ber.test_encoder.SetOfEncoderTestCase" name="testEmpty" time="0.008" /><testcase classname="tests.codec.ber.test_encoder.SetOfEncoderTestCase" name="testIndefMode" time="0.009" /><testcase classname="tests.codec.ber.test_encoder.SetOfEncoderTestCase" name="testIndefModeChunked" time="0.010" /><testcase classname="tests.codec.ber.test_encoder.SetOfEncoderWithSchemaTestCase" name="testDefMode" time="0.008" /><testcase classname="tests.codec.ber.test_encoder.SetOfEncoderWithSchemaTestCase" name="testDefModeChunked" time="0.009" /><testcase classname="tests.codec.ber.test_encoder.SetOfEncoderWithSchemaTestCase" name="testEmpty" time="0.008" /><testcase classname="tests.codec.ber.test_encoder.SetOfEncoderWithSchemaTestCase" name="testIndefMode" time="0.008" /><testcase classname="tests.codec.ber.test_encoder.SetOfEncoderWithSchemaTestCase" name="testIndefModeChunked" time="0.011" /><testcase classname="tests.codec.ber.test_encoder.SetOfEncoderWithComponentsSchemaTestCase" name="testDefMode" time="0.009" /><testcase classname="tests.codec.ber.test_encoder.SetOfEncoderWithComponentsSchemaTestCase" name="testDefModeChunked" time="0.012" /><testcase classname="tests.codec.ber.test_encoder.SetOfEncoderWithComponentsSchemaTestCase" name="testIndefMode" time="0.012" /><testcase classname="tests.codec.ber.test_encoder.SetOfEncoderWithComponentsSchemaTestCase" name="testIndefModeChunked" time="0.012" /><testcase classname="tests.codec.ber.test_encoder.SequenceEncoderTestCase" name="testDefMode" time="0.013" /><testcase classname="tests.codec.ber.test_encoder.SequenceEncoderTestCase" name="testDefModeChunked" time="0.016" /><testcase classname="tests.codec.ber.test_encoder.SequenceEncoderTestCase" name="testIndefMode" time="0.010" /><testcase classname="tests.codec.ber.test_encoder.SequenceEncoderTestCase" name="testIndefModeChunked" time="0.015" /><testcase classname="tests.codec.ber.test_encoder.SequenceEncoderWithSchemaTestCase" name="testDefMode" time="0.014" /><testcase classname="tests.codec.ber.test_encoder.SequenceEncoderWithSchemaTestCase" name="testDefModeChunked" time="0.048" /><testcase classname="tests.codec.ber.test_encoder.SequenceEncoderWithSchemaTestCase" name="testEmpty" time="0.009" /><testcase classname="tests.codec.ber.test_encoder.SequenceEncoderWithSchemaTestCase" name="testIndefMode" time="0.011" /><testcase classname="tests.codec.ber.test_encoder.SequenceEncoderWithSchemaTestCase" name="testIndefModeChunked" time="0.014" /><testcase classname="tests.codec.ber.test_encoder.SequenceEncoderWithUntaggedOpenTypesTestCase" name="testEncodeOpenTypeChoiceOne" time="0.014" /><testcase classname="tests.codec.ber.test_encoder.SequenceEncoderWithUntaggedOpenTypesTestCase" name="testEncodeOpenTypeChoiceTwo" time="0.012" /><testcase classname="tests.codec.ber.test_encoder.SequenceEncoderWithUntaggedOpenTypesTestCase" name="testEncodeOpenTypeIncompatibleType" time="0.013" /><testcase classname="tests.codec.ber.test_encoder.SequenceEncoderWithUntaggedOpenTypesTestCase" name="testEncodeOpenTypeUnknownId" time="0.016" /><testcase classname="tests.codec.ber.test_encoder.SequenceEncoderWithImplicitlyTaggedOpenTypesTestCase" name="testEncodeOpenTypeChoiceOne" time="0.014" /><testcase classname="tests.codec.ber.test_encoder.SequenceEncoderWithExplicitlyTaggedOpenTypesTestCase" name="testEncodeOpenTypeChoiceOne" time="0.014" /><testcase classname="tests.codec.ber.test_encoder.SequenceEncoderWithUntaggedSetOfOpenTypesTestCase" name="testEncodeOpenTypeChoiceOne" time="0.015" /><testcase classname="tests.codec.ber.test_encoder.SequenceEncoderWithUntaggedSetOfOpenTypesTestCase" name="testEncodeOpenTypeChoiceTwo" time="0.014" /><testcase classname="tests.codec.ber.test_encoder.SequenceEncoderWithUntaggedSetOfOpenTypesTestCase" name="testEncodeOpenTypeIncompatibleType" time="0.015" /><testcase classname="tests.codec.ber.test_encoder.SequenceEncoderWithUntaggedSetOfOpenTypesTestCase" name="testEncodeOpenTypeUnknownId" time="0.013" /><testcase classname="tests.codec.ber.test_encoder.SequenceEncoderWithImplicitlyTaggedSetOfOpenTypesTestCase" name="testEncodeOpenTypeChoiceOne" time="0.015" /><testcase classname="tests.codec.ber.test_encoder.SequenceEncoderWithExplicitlyTaggedSetOfOpenTypesTestCase" name="testEncodeOpenTypeChoiceOne" time="0.014" /><testcase classname="tests.codec.ber.test_encoder.SequenceEncoderWithComponentsSchemaTestCase" name="testDefMode" time="0.012" /><testcase classname="tests.codec.ber.test_encoder.SequenceEncoderWithComponentsSchemaTestCase" name="testDefModeChunked" time="0.012" /><testcase classname="tests.codec.ber.test_encoder.SequenceEncoderWithComponentsSchemaTestCase" name="testIndefMode" time="0.012" /><testcase classname="tests.codec.ber.test_encoder.SequenceEncoderWithComponentsSchemaTestCase" name="testIndefModeChunked" time="0.012" /><testcase classname="tests.codec.ber.test_encoder.SequenceEncoderWithComponentsSchemaTestCase" name="testWithDefaultedDefMode" time="0.013" /><testcase classname="tests.codec.ber.test_encoder.SequenceEncoderWithComponentsSchemaTestCase" name="testWithDefaultedDefModeChunked" time="0.011" /><testcase classname="tests.codec.ber.test_encoder.SequenceEncoderWithComponentsSchemaTestCase" name="testWithDefaultedIndefMode" time="0.011" /><testcase classname="tests.codec.ber.test_encoder.SequenceEncoderWithComponentsSchemaTestCase" name="testWithDefaultedIndefModeChunked" time="0.012" /><testcase classname="tests.codec.ber.test_encoder.SequenceEncoderWithComponentsSchemaTestCase" name="testWithOptionalAndDefaultedDefMode" time="0.012" /><testcase classname="tests.codec.ber.test_encoder.SequenceEncoderWithComponentsSchemaTestCase" name="testWithOptionalAndDefaultedDefModeChunked" time="0.014" /><testcase classname="tests.codec.ber.test_encoder.SequenceEncoderWithComponentsSchemaTestCase" name="testWithOptionalAndDefaultedIndefMode" time="0.011" /><testcase classname="tests.codec.ber.test_encoder.SequenceEncoderWithComponentsSchemaTestCase" name="testWithOptionalAndDefaultedIndefModeChunked" time="0.014" /><testcase classname="tests.codec.ber.test_encoder.SequenceEncoderWithComponentsSchemaTestCase" name="testWithOptionalDefMode" time="0.011" /><testcase classname="tests.codec.ber.test_encoder.SequenceEncoderWithComponentsSchemaTestCase" name="testWithOptionalDefModeChunked" time="0.013" /><testcase classname="tests.codec.ber.test_encoder.SequenceEncoderWithComponentsSchemaTestCase" name="testWithOptionalIndefMode" time="0.011" /><testcase classname="tests.codec.ber.test_encoder.SequenceEncoderWithComponentsSchemaTestCase" name="testWithOptionalIndefModeChunked" time="0.013" /><testcase classname="tests.codec.ber.test_encoder.ExpTaggedSequenceEncoderTestCase" name="testDefMode" time="0.009" /><testcase classname="tests.codec.ber.test_encoder.ExpTaggedSequenceEncoderTestCase" name="testIndefMode" time="0.010" /><testcase classname="tests.codec.ber.test_encoder.ExpTaggedSequenceComponentEncoderTestCase" name="testDefMode" time="0.010" /><testcase classname="tests.codec.ber.test_encoder.ExpTaggedSequenceComponentEncoderTestCase" name="testIndefMode" time="0.011" /><testcase classname="tests.codec.ber.test_encoder.SetEncoderTestCase" name="testDefMode" time="0.010" /><testcase classname="tests.codec.ber.test_encoder.SetEncoderTestCase" name="testDefModeChunked" time="0.012" /><testcase classname="tests.codec.ber.test_encoder.SetEncoderTestCase" name="testIndefMode" time="0.010" /><testcase classname="tests.codec.ber.test_encoder.SetEncoderTestCase" name="testIndefModeChunked" time="0.012" /><testcase classname="tests.codec.ber.test_encoder.SetEncoderWithSchemaTestCase" name="testDefMode" time="0.010" /><testcase classname="tests.codec.ber.test_encoder.SetEncoderWithSchemaTestCase" name="testDefModeChunked" time="0.012" /><testcase classname="tests.codec.ber.test_encoder.SetEncoderWithSchemaTestCase" name="testEmpty" time="0.009" /><testcase classname="tests.codec.ber.test_encoder.SetEncoderWithSchemaTestCase" name="testIndefMode" time="0.010" /><testcase classname="tests.codec.ber.test_encoder.SetEncoderWithSchemaTestCase" name="testIndefModeChunked" time="0.013" /><testcase classname="tests.codec.ber.test_encoder.SetEncoderWithComponentsSchemaTestCase" name="testDefMode" time="0.011" /><testcase classname="tests.codec.ber.test_encoder.SetEncoderWithComponentsSchemaTestCase" name="testDefModeChunked" time="0.011" /><testcase classname="tests.codec.ber.test_encoder.SetEncoderWithComponentsSchemaTestCase" name="testIndefMode" time="0.010" /><testcase classname="tests.codec.ber.test_encoder.SetEncoderWithComponentsSchemaTestCase" name="testIndefModeChunked" time="0.012" /><testcase classname="tests.codec.ber.test_encoder.SetEncoderWithComponentsSchemaTestCase" name="testWithDefaultedDefMode" time="0.013" /><testcase classname="tests.codec.ber.test_encoder.SetEncoderWithComponentsSchemaTestCase" name="testWithDefaultedDefModeChunked" time="0.013" /><testcase classname="tests.codec.ber.test_encoder.SetEncoderWithComponentsSchemaTestCase" name="testWithDefaultedIndefMode" time="0.012" /><testcase classname="tests.codec.ber.test_encoder.SetEncoderWithComponentsSchemaTestCase" name="testWithDefaultedIndefModeChunked" time="0.011" /><testcase classname="tests.codec.ber.test_encoder.SetEncoderWithComponentsSchemaTestCase" name="testWithOptionalAndDefaultedDefMode" time="0.012" /><testcase classname="tests.codec.ber.test_encoder.SetEncoderWithComponentsSchemaTestCase" name="testWithOptionalAndDefaultedDefModeChunked" time="0.019" /><testcase classname="tests.codec.ber.test_encoder.SetEncoderWithComponentsSchemaTestCase" name="testWithOptionalAndDefaultedIndefMode" time="0.012" /><testcase classname="tests.codec.ber.test_encoder.SetEncoderWithComponentsSchemaTestCase" name="testWithOptionalAndDefaultedIndefModeChunked" time="0.015" /><testcase classname="tests.codec.ber.test_encoder.SetEncoderWithComponentsSchemaTestCase" name="testWithOptionalDefMode" time="0.012" /><testcase classname="tests.codec.ber.test_encoder.SetEncoderWithComponentsSchemaTestCase" name="testWithOptionalDefModeChunked" time="0.014" /><testcase classname="tests.codec.ber.test_encoder.SetEncoderWithComponentsSchemaTestCase" name="testWithOptionalIndefMode" time="0.011" /><testcase classname="tests.codec.ber.test_encoder.SetEncoderWithComponentsSchemaTestCase" name="testWithOptionalIndefModeChunked" time="0.013" /><testcase classname="tests.codec.ber.test_encoder.ChoiceEncoderTestCase" name="testDefModeChunked" time="0.010" /><testcase classname="tests.codec.ber.test_encoder.ChoiceEncoderTestCase" name="testDefModeOptionOne" time="0.007" /><testcase classname="tests.codec.ber.test_encoder.ChoiceEncoderTestCase" name="testDefModeOptionTwo" time="0.008" /><testcase classname="tests.codec.ber.test_encoder.ChoiceEncoderTestCase" name="testEmpty" time="0.006" /><testcase classname="tests.codec.ber.test_encoder.ChoiceEncoderTestCase" name="testIndefMode" time="0.008" /><testcase classname="tests.codec.ber.test_encoder.ChoiceEncoderTestCase" name="testIndefModeChunked" time="0.011" /><testcase classname="tests.codec.ber.test_encoder.ChoiceEncoderWithSchemaTestCase" name="testFilled" time="0.010" /><testcase classname="tests.codec.ber.test_encoder.ChoiceEncoderWithComponentsSchemaTestCase" name="testEmpty" time="0.008" /><testcase classname="tests.codec.ber.test_encoder.ChoiceEncoderWithComponentsSchemaTestCase" name="testFilled" time="0.010" /><testcase classname="tests.codec.ber.test_encoder.ChoiceEncoderWithComponentsSchemaTestCase" name="testTagged" time="0.009" /><testcase classname="tests.codec.ber.test_encoder.ChoiceEncoderWithComponentsSchemaTestCase" name="testTaggedUndefLength" time="0.012" /><testcase classname="tests.codec.ber.test_encoder.ChoiceEncoderWithComponentsSchemaTestCase" name="testUndefLength" time="0.013" /><testcase classname="tests.codec.ber.test_encoder.AnyEncoderTestCase" name="testTaggedEx" time="0.009" /><testcase classname="tests.codec.ber.test_encoder.AnyEncoderTestCase" name="testTaggedIm" time="0.009" /><testcase classname="tests.codec.ber.test_encoder.AnyEncoderTestCase" name="testUntagged" time="0.008" /><testcase classname="tests.codec.ber.test_encoder.AnyEncoderWithSchemaTestCase" name="testTaggedEx" time="0.007" /><testcase classname="tests.codec.ber.test_encoder.AnyEncoderWithSchemaTestCase" name="testTaggedIm" time="0.008" /><testcase classname="tests.codec.ber.test_encoder.AnyEncoderWithSchemaTestCase" name="testUntagged" time="0.009" /><testcase classname="tests.codec.cer.test_decoder.BooleanDecoderTestCase" name="testEmpty" time="0.011" /><testcase classname="tests.codec.cer.test_decoder.BooleanDecoderTestCase" name="testFalse" time="0.006" /><testcase classname="tests.codec.cer.test_decoder.BooleanDecoderTestCase" name="testOverflow" time="0.064" /><testcase classname="tests.codec.cer.test_decoder.BooleanDecoderTestCase" name="testTrue" time="0.007" /><testcase classname="tests.codec.cer.test_decoder.BitStringDecoderTestCase" name="testLongMode" time="0.009" /><testcase classname="tests.codec.cer.test_decoder.BitStringDecoderTestCase" name="testShortMode" time="0.008" /><testcase classname="tests.codec.cer.test_decoder.OctetStringDecoderTestCase" name="testLongMode" time="0.018" /><testcase classname="tests.codec.cer.test_decoder.OctetStringDecoderTestCase" name="testShortMode" time="0.007" /><testcase classname="tests.codec.cer.test_decoder.SequenceDecoderWithUntaggedOpenTypesTestCase" name="testDecodeOpenTypesChoiceOne" time="0.010" /><testcase classname="tests.codec.cer.test_decoder.SequenceDecoderWithUntaggedOpenTypesTestCase" name="testDecodeOpenTypesChoiceTwo" time="0.011" /><testcase classname="tests.codec.cer.test_decoder.SequenceDecoderWithUntaggedOpenTypesTestCase" name="testDecodeOpenTypesUnknownId" time="0.010" /><testcase classname="tests.codec.cer.test_decoder.SequenceDecoderWithUntaggedOpenTypesTestCase" name="testDecodeOpenTypesUnknownType" time="0.009" /><testcase classname="tests.codec.cer.test_decoder.SequenceDecoderWithUntaggedOpenTypesTestCase" name="testDontDecodeOpenTypesChoiceOne" time="0.009" /><testcase classname="tests.codec.cer.test_decoder.SequenceDecoderWithUntaggedOpenTypesTestCase" name="testDontDecodeOpenTypesChoiceTwo" time="0.010" /><testcase classname="tests.codec.cer.test_decoder.SequenceDecoderWithImplicitlyTaggedOpenTypesTestCase" name="testDecodeOpenTypesChoiceOne" time="0.014" /><testcase classname="tests.codec.cer.test_decoder.SequenceDecoderWithImplicitlyTaggedOpenTypesTestCase" name="testDecodeOpenTypesUnknownId" time="0.011" /><testcase classname="tests.codec.cer.test_decoder.SequenceDecoderWithExplicitlyTaggedOpenTypesTestCase" name="testDecodeOpenTypesChoiceOne" time="0.011" /><testcase classname="tests.codec.cer.test_decoder.SequenceDecoderWithExplicitlyTaggedOpenTypesTestCase" name="testDecodeOpenTypesUnknownId" time="0.011" /><testcase classname="tests.codec.cer.test_decoder.SequenceDecoderWithUntaggedSetOfOpenTypesTestCase" name="testDecodeOpenTypesChoiceOne" time="0.011" /><testcase classname="tests.codec.cer.test_decoder.SequenceDecoderWithUntaggedSetOfOpenTypesTestCase" name="testDecodeOpenTypesChoiceTwo" time="0.010" /><testcase classname="tests.codec.cer.test_decoder.SequenceDecoderWithUntaggedSetOfOpenTypesTestCase" name="testDecodeOpenTypesUnknownId" time="0.010" /><testcase classname="tests.codec.cer.test_decoder.SequenceDecoderWithUntaggedSetOfOpenTypesTestCase" name="testDecodeOpenTypesUnknownType" time="0.015" /><testcase classname="tests.codec.cer.test_decoder.SequenceDecoderWithUntaggedSetOfOpenTypesTestCase" name="testDontDecodeOpenTypesChoiceOne" time="0.016" /><testcase classname="tests.codec.cer.test_decoder.SequenceDecoderWithUntaggedSetOfOpenTypesTestCase" name="testDontDecodeOpenTypesChoiceTwo" time="0.011" /><testcase classname="tests.codec.cer.test_decoder.SequenceDecoderWithImplicitlyTaggedSetOfOpenTypesTestCase" name="testDecodeOpenTypesChoiceOne" time="0.010" /><testcase classname="tests.codec.cer.test_decoder.SequenceDecoderWithImplicitlyTaggedSetOfOpenTypesTestCase" name="testDecodeOpenTypesUnknownId" time="0.011" /><testcase classname="tests.codec.cer.test_decoder.SequenceDecoderWithExplicitlyTaggedSetOfOpenTypesTestCase" name="testDecodeOpenTypesChoiceOne" time="0.011" /><testcase classname="tests.codec.cer.test_decoder.SequenceDecoderWithExplicitlyTaggedSetOfOpenTypesTestCase" name="testDecodeOpenTypesUnknownId" time="0.012" /><testcase classname="tests.codec.cer.test_encoder.BooleanEncoderTestCase" name="testFalse" time="0.008" /><testcase classname="tests.codec.cer.test_encoder.BooleanEncoderTestCase" name="testTrue" time="0.008" /><testcase classname="tests.codec.cer.test_encoder.BitStringEncoderTestCase" name="testLongMode" time="0.008" /><testcase classname="tests.codec.cer.test_encoder.BitStringEncoderTestCase" name="testShortMode" time="0.008" /><testcase classname="tests.codec.cer.test_encoder.OctetStringEncoderTestCase" name="testLongMode" time="0.013" /><testcase classname="tests.codec.cer.test_encoder.OctetStringEncoderTestCase" name="testShortMode" time="0.008" /><testcase classname="tests.codec.cer.test_encoder.GeneralizedTimeEncoderTestCase" name="testDecimalCommaPoint" time="0.010" /><testcase classname="tests.codec.cer.test_encoder.GeneralizedTimeEncoderTestCase" name="testLocalTimezone" time="0.010" /><testcase classname="tests.codec.cer.test_encoder.GeneralizedTimeEncoderTestCase" name="testMissingTimezone" time="0.008" /><testcase classname="tests.codec.cer.test_encoder.GeneralizedTimeEncoderTestCase" name="testWithMinutes" time="0.008" /><testcase classname="tests.codec.cer.test_encoder.GeneralizedTimeEncoderTestCase" name="testWithSeconds" time="0.006" /><testcase classname="tests.codec.cer.test_encoder.GeneralizedTimeEncoderTestCase" name="testWithSubseconds" time="0.008" /><testcase classname="tests.codec.cer.test_encoder.GeneralizedTimeEncoderTestCase" name="testWithSubsecondsDanglingDot" time="0.008" /><testcase classname="tests.codec.cer.test_encoder.GeneralizedTimeEncoderTestCase" name="testWithSubsecondsMax" time="0.008" /><testcase classname="tests.codec.cer.test_encoder.GeneralizedTimeEncoderTestCase" name="testWithSubsecondsMin" time="0.009" /><testcase classname="tests.codec.cer.test_encoder.GeneralizedTimeEncoderTestCase" name="testWithSubsecondsWithZeros" time="0.008" /><testcase classname="tests.codec.cer.test_encoder.UTCTimeEncoderTestCase" name="testFractionOfSecond" time="0.008" /><testcase classname="tests.codec.cer.test_encoder.UTCTimeEncoderTestCase" name="testLocalTimezone" time="0.006" /><testcase classname="tests.codec.cer.test_encoder.UTCTimeEncoderTestCase" name="testMissingTimezone" time="0.006" /><testcase classname="tests.codec.cer.test_encoder.UTCTimeEncoderTestCase" name="testWithMinutes" time="0.007" /><testcase classname="tests.codec.cer.test_encoder.UTCTimeEncoderTestCase" name="testWithSeconds" time="0.007" /><testcase classname="tests.codec.cer.test_encoder.SequenceOfEncoderTestCase" name="testDefMode1" time="0.009" /><testcase classname="tests.codec.cer.test_encoder.SequenceOfEncoderTestCase" name="testDefMode2" time="0.008" /><testcase classname="tests.codec.cer.test_encoder.SequenceOfEncoderTestCase" name="testDefMode3" time="0.008" /><testcase classname="tests.codec.cer.test_encoder.SequenceOfEncoderTestCase" name="testDefMode4" time="0.007" /><testcase classname="tests.codec.cer.test_encoder.SequenceOfEncoderTestCase" name="testEmpty" time="0.006" /><testcase classname="tests.codec.cer.test_encoder.SequenceOfEncoderWithSchemaTestCase" name="testEmpty" time="0.007" /><testcase classname="tests.codec.cer.test_encoder.SequenceOfEncoderWithSchemaTestCase" name="testIndefMode1" time="0.008" /><testcase classname="tests.codec.cer.test_encoder.SequenceOfEncoderWithSchemaTestCase" name="testIndefMode2" time="0.008" /><testcase classname="tests.codec.cer.test_encoder.SequenceOfEncoderWithSchemaTestCase" name="testIndefMode3" time="0.009" /><testcase classname="tests.codec.cer.test_encoder.SequenceOfEncoderWithSchemaTestCase" name="testIndefMode4" time="0.010" /><testcase classname="tests.codec.cer.test_encoder.SetOfEncoderTestCase" name="testDefMode1" time="0.012" /><testcase classname="tests.codec.cer.test_encoder.SetOfEncoderTestCase" name="testDefMode2" time="0.009" /><testcase classname="tests.codec.cer.test_encoder.SetOfEncoderTestCase" name="testDefMode3" time="0.009" /><testcase classname="tests.codec.cer.test_encoder.SetOfEncoderTestCase" name="testDefMode4" time="0.009" /><testcase classname="tests.codec.cer.test_encoder.SetOfEncoderTestCase" name="testEmpty" time="0.008" /><testcase classname="tests.codec.cer.test_encoder.SetOfEncoderWithSchemaTestCase" name="testEmpty" time="0.007" /><testcase classname="tests.codec.cer.test_encoder.SetOfEncoderWithSchemaTestCase" name="testIndefMode1" time="0.008" /><testcase classname="tests.codec.cer.test_encoder.SetOfEncoderWithSchemaTestCase" name="testIndefMode2" time="0.008" /><testcase classname="tests.codec.cer.test_encoder.SetOfEncoderWithSchemaTestCase" name="testIndefMode3" time="0.009" /><testcase classname="tests.codec.cer.test_encoder.SetOfEncoderWithSchemaTestCase" name="testIndefMode4" time="0.010" /><testcase classname="tests.codec.cer.test_encoder.SetEncoderTestCase" name="testIndefMode" time="0.011" /><testcase classname="tests.codec.cer.test_encoder.SetEncoderTestCase" name="testWithDefaultedIndefMode" time="0.011" /><testcase classname="tests.codec.cer.test_encoder.SetEncoderTestCase" name="testWithOptionalAndDefaultedIndefMode" time="0.010" /><testcase classname="tests.codec.cer.test_encoder.SetEncoderTestCase" name="testWithOptionalIndefMode" time="0.011" /><testcase classname="tests.codec.cer.test_encoder.SetEncoderWithSchemaTestCase" name="testIndefMode" time="0.010" /><testcase classname="tests.codec.cer.test_encoder.SetEncoderWithSchemaTestCase" name="testWithDefaultedIndefMode" time="0.010" /><testcase classname="tests.codec.cer.test_encoder.SetEncoderWithSchemaTestCase" name="testWithOptionalAndDefaultedIndefMode" time="0.012" /><testcase classname="tests.codec.cer.test_encoder.SetEncoderWithSchemaTestCase" name="testWithOptionalIndefMode" time="0.011" /><testcase classname="tests.codec.cer.test_encoder.SetEncoderWithChoiceWithSchemaEncoderTestCase" name="testIndefMode" time="0.014" /><testcase classname="tests.codec.cer.test_encoder.SetEncoderWithTaggedChoiceEncoderTestCase" name="testWithTaggedChoice" time="0.014" /><testcase classname="tests.codec.cer.test_encoder.SetEncoderWithTaggedChoiceEncoderTestCase" name="testWithUntaggedChoice" time="0.012" /><testcase classname="tests.codec.cer.test_encoder.SequenceEncoderTestCase" name="testIndefMode" time="0.010" /><testcase classname="tests.codec.cer.test_encoder.SequenceEncoderTestCase" name="testWithDefaultedIndefMode" time="0.011" /><testcase classname="tests.codec.cer.test_encoder.SequenceEncoderTestCase" name="testWithOptionalAndDefaultedIndefMode" time="0.009" /><testcase classname="tests.codec.cer.test_encoder.SequenceEncoderTestCase" name="testWithOptionalIndefMode" time="0.010" /><testcase classname="tests.codec.cer.test_encoder.SequenceEncoderWithSchemaTestCase" name="testIndefMode" time="0.011" /><testcase classname="tests.codec.cer.test_encoder.SequenceEncoderWithSchemaTestCase" name="testWithDefaultedIndefMode" time="0.013" /><testcase classname="tests.codec.cer.test_encoder.SequenceEncoderWithSchemaTestCase" name="testWithOptionalAndDefaultedIndefMode" time="0.013" /><testcase classname="tests.codec.cer.test_encoder.SequenceEncoderWithSchemaTestCase" name="testWithOptionalIndefMode" time="0.012" /><testcase classname="tests.codec.cer.test_encoder.SequenceEncoderWithUntaggedOpenTypesTestCase" name="testEncodeOpenTypeChoiceOne" time="0.013" /><testcase classname="tests.codec.cer.test_encoder.SequenceEncoderWithUntaggedOpenTypesTestCase" name="testEncodeOpenTypeChoiceTwo" time="0.012" /><testcase classname="tests.codec.cer.test_encoder.SequenceEncoderWithUntaggedOpenTypesTestCase" name="testEncodeOpenTypeIncompatibleType" time="0.011" /><testcase classname="tests.codec.cer.test_encoder.SequenceEncoderWithUntaggedOpenTypesTestCase" name="testEncodeOpenTypeUnknownId" time="0.011" /><testcase classname="tests.codec.cer.test_encoder.SequenceEncoderWithImplicitlyTaggedOpenTypesTestCase" name="testEncodeOpenTypeChoiceOne" time="0.012" /><testcase classname="tests.codec.cer.test_encoder.SequenceEncoderWithExplicitlyTaggedOpenTypesTestCase" name="testEncodeOpenTypeChoiceOne" time="0.013" /><testcase classname="tests.codec.cer.test_encoder.SequenceEncoderWithUntaggedSetOfOpenTypesTestCase" name="testEncodeOpenTypeChoiceOne" time="0.014" /><testcase classname="tests.codec.cer.test_encoder.SequenceEncoderWithUntaggedSetOfOpenTypesTestCase" name="testEncodeOpenTypeChoiceTwo" time="0.014" /><testcase classname="tests.codec.cer.test_encoder.SequenceEncoderWithUntaggedSetOfOpenTypesTestCase" name="testEncodeOpenTypeIncompatibleType" time="0.013" /><testcase classname="tests.codec.cer.test_encoder.SequenceEncoderWithUntaggedSetOfOpenTypesTestCase" name="testEncodeOpenTypeUnknownId" time="0.013" /><testcase classname="tests.codec.cer.test_encoder.SequenceEncoderWithImplicitlyTaggedSetOfOpenTypesTestCase" name="testEncodeOpenTypeChoiceOne" time="0.013" /><testcase classname="tests.codec.cer.test_encoder.SequenceEncoderWithExplicitlyTaggedSetOfOpenTypesTestCase" name="testEncodeOpenTypeChoiceOne" time="0.014" /><testcase classname="tests.codec.cer.test_encoder.NestedOptionalSequenceEncoderTestCase" name="testDefaultWithDefault" time="0.073" /><testcase classname="tests.codec.cer.test_encoder.NestedOptionalSequenceEncoderTestCase" name="testDefaultWithDefaultAndOptional" time="0.013" /><testcase classname="tests.codec.cer.test_encoder.NestedOptionalSequenceEncoderTestCase" name="testDefaultWithOptional" time="0.013" /><testcase classname="tests.codec.cer.test_encoder.NestedOptionalSequenceEncoderTestCase" name="testOptional" time="0.011" /><testcase classname="tests.codec.cer.test_encoder.NestedOptionalSequenceEncoderTestCase" name="testOptionalWithDefault" time="0.013" /><testcase classname="tests.codec.cer.test_encoder.NestedOptionalSequenceEncoderTestCase" name="testOptionalWithDefaultAndOptional" time="0.013" /><testcase classname="tests.codec.cer.test_encoder.NestedOptionalSequenceEncoderTestCase" name="testOptionalWithOptional" time="0.013" /><testcase classname="tests.codec.cer.test_encoder.NestedOptionalChoiceEncoderTestCase" name="testOptional" time="0.012" /><testcase classname="tests.codec.cer.test_encoder.NestedOptionalChoiceEncoderTestCase" name="testOptionalWithDefault" time="0.014" /><testcase classname="tests.codec.cer.test_encoder.NestedOptionalChoiceEncoderTestCase" name="testOptionalWithDefaultAndOptional" time="0.015" /><testcase classname="tests.codec.cer.test_encoder.NestedOptionalChoiceEncoderTestCase" name="testOptionalWithOptional" time="0.014" /><testcase classname="tests.codec.cer.test_encoder.NestedOptionalSequenceOfEncoderTestCase" name="testOptional" time="0.010" /><testcase classname="tests.codec.cer.test_encoder.NestedOptionalSequenceOfEncoderTestCase" name="testOptionalWithValue" time="0.011" /><testcase classname="tests.codec.der.test_decoder.BitStringDecoderTestCase" name="testDefModeChunked" time="0.010" /><testcase classname="tests.codec.der.test_decoder.BitStringDecoderTestCase" name="testIndefMode" time="0.005" /><testcase classname="tests.codec.der.test_decoder.BitStringDecoderTestCase" name="testShortMode" time="0.008" /><testcase classname="tests.codec.der.test_decoder.OctetStringDecoderTestCase" name="testChunkedMode" time="0.007" /><testcase classname="tests.codec.der.test_decoder.OctetStringDecoderTestCase" name="testIndefMode" time="0.005" /><testcase classname="tests.codec.der.test_decoder.OctetStringDecoderTestCase" name="testShortMode" time="0.008" /><testcase classname="tests.codec.der.test_decoder.SequenceDecoderWithUntaggedOpenTypesTestCase" name="testDecodeOpenTypesChoiceOne" time="0.011" /><testcase classname="tests.codec.der.test_decoder.SequenceDecoderWithUntaggedOpenTypesTestCase" name="testDecodeOpenTypesChoiceTwo" time="0.010" /><testcase classname="tests.codec.der.test_decoder.SequenceDecoderWithUntaggedOpenTypesTestCase" name="testDecodeOpenTypesUnknownId" time="0.010" /><testcase classname="tests.codec.der.test_decoder.SequenceDecoderWithUntaggedOpenTypesTestCase" name="testDecodeOpenTypesUnknownType" time="0.010" /><testcase classname="tests.codec.der.test_decoder.SequenceDecoderWithUntaggedOpenTypesTestCase" name="testDontDecodeOpenTypesChoiceOne" time="0.010" /><testcase classname="tests.codec.der.test_decoder.SequenceDecoderWithUntaggedOpenTypesTestCase" name="testDontDecodeOpenTypesChoiceTwo" time="0.010" /><testcase classname="tests.codec.der.test_decoder.SequenceDecoderWithImplicitlyTaggedOpenTypesTestCase" name="testDecodeOpenTypesChoiceOne" time="0.010" /><testcase classname="tests.codec.der.test_decoder.SequenceDecoderWithImplicitlyTaggedOpenTypesTestCase" name="testDecodeOpenTypesUnknownId" time="0.012" /><testcase classname="tests.codec.der.test_decoder.SequenceDecoderWithExplicitlyTaggedOpenTypesTestCase" name="testDecodeOpenTypesChoiceOne" time="0.010" /><testcase classname="tests.codec.der.test_decoder.SequenceDecoderWithExplicitlyTaggedOpenTypesTestCase" name="testDecodeOpenTypesUnknownId" time="0.011" /><testcase classname="tests.codec.der.test_decoder.SequenceDecoderWithUnaggedSetOfOpenTypesTestCase" name="testDecodeOpenTypesChoiceOne" time="0.009" /><testcase classname="tests.codec.der.test_decoder.SequenceDecoderWithUnaggedSetOfOpenTypesTestCase" name="testDecodeOpenTypesChoiceTwo" time="0.009" /><testcase classname="tests.codec.der.test_decoder.SequenceDecoderWithUnaggedSetOfOpenTypesTestCase" name="testDecodeOpenTypesUnknownId" time="0.009" /><testcase classname="tests.codec.der.test_decoder.SequenceDecoderWithUnaggedSetOfOpenTypesTestCase" name="testDecodeOpenTypesUnknownType" time="0.009" /><testcase classname="tests.codec.der.test_decoder.SequenceDecoderWithUnaggedSetOfOpenTypesTestCase" name="testDontDecodeOpenTypesChoiceOne" time="0.009" /><testcase classname="tests.codec.der.test_decoder.SequenceDecoderWithUnaggedSetOfOpenTypesTestCase" name="testDontDecodeOpenTypesChoiceTwo" time="0.009" /><testcase classname="tests.codec.der.test_decoder.SequenceDecoderWithImplicitlyTaggedSetOfOpenTypesTestCase" name="testDecodeOpenTypesChoiceOne" time="0.010" /><testcase classname="tests.codec.der.test_decoder.SequenceDecoderWithImplicitlyTaggedSetOfOpenTypesTestCase" name="testDecodeOpenTypesUnknownId" time="0.010" /><testcase classname="tests.codec.der.test_decoder.SequenceDecoderWithExplicitlyTaggedSetOfOpenTypesTestCase" name="testDecodeOpenTypesChoiceOne" time="0.010" /><testcase classname="tests.codec.der.test_decoder.SequenceDecoderWithExplicitlyTaggedSetOfOpenTypesTestCase" name="testDecodeOpenTypesUnknownId" time="0.011" /><testcase classname="tests.codec.der.test_encoder.OctetStringEncoderTestCase" name="testDefModeLong" time="0.014" /><testcase classname="tests.codec.der.test_encoder.OctetStringEncoderTestCase" name="testDefModeShort" time="0.006" /><testcase classname="tests.codec.der.test_encoder.BitStringEncoderTestCase" name="testDefModeLong" time="0.062" /><testcase classname="tests.codec.der.test_encoder.BitStringEncoderTestCase" name="testDefModeShort" time="0.008" /><testcase classname="tests.codec.der.test_encoder.SetOfEncoderTestCase" name="testDefMode1" time="0.012" /><testcase classname="tests.codec.der.test_encoder.SetOfEncoderTestCase" name="testDefMode2" time="0.010" /><testcase classname="tests.codec.der.test_encoder.SetOfEncoderTestCase" name="testDefMode3" time="0.010" /><testcase classname="tests.codec.der.test_encoder.SetOfEncoderTestCase" name="testDefMode4" time="0.010" /><testcase classname="tests.codec.der.test_encoder.SetWithAlternatingChoiceEncoderTestCase" name="testComponentsOrdering1" time="0.015" /><testcase classname="tests.codec.der.test_encoder.SetWithAlternatingChoiceEncoderTestCase" name="testComponentsOrdering2" time="0.013" /><testcase classname="tests.codec.der.test_encoder.SetWithTaggedChoiceEncoderTestCase" name="testWithTaggedChoice" time="0.012" /><testcase classname="tests.codec.der.test_encoder.SetWithTaggedChoiceEncoderTestCase" name="testWithUntaggedChoice" time="0.014" /><testcase classname="tests.codec.der.test_encoder.SequenceEncoderWithUntaggedOpenTypesTestCase" name="testEncodeOpenTypeChoiceOne" time="0.012" /><testcase classname="tests.codec.der.test_encoder.SequenceEncoderWithUntaggedOpenTypesTestCase" name="testEncodeOpenTypeChoiceTwo" time="0.013" /><testcase classname="tests.codec.der.test_encoder.SequenceEncoderWithUntaggedOpenTypesTestCase" name="testEncodeOpenTypeIncompatibleType" time="0.011" /><testcase classname="tests.codec.der.test_encoder.SequenceEncoderWithUntaggedOpenTypesTestCase" name="testEncodeOpenTypeUnknownId" time="0.011" /><testcase classname="tests.codec.der.test_encoder.SequenceEncoderWithImplicitlyTaggedOpenTypesTestCase" name="testEncodeOpenTypeChoiceOne" time="0.013" /><testcase classname="tests.codec.der.test_encoder.SequenceEncoderWithExplicitlyTaggedOpenTypesTestCase" name="testEncodeOpenTypeChoiceOne" time="0.013" /><testcase classname="tests.codec.der.test_encoder.SequenceEncoderWithUntaggedSetOfOpenTypesTestCase" name="testEncodeOpenTypeChoiceOne" time="0.014" /><testcase classname="tests.codec.der.test_encoder.SequenceEncoderWithUntaggedSetOfOpenTypesTestCase" name="testEncodeOpenTypeChoiceTwo" time="0.014" /><testcase classname="tests.codec.der.test_encoder.SequenceEncoderWithUntaggedSetOfOpenTypesTestCase" name="testEncodeOpenTypeIncompatibleType" time="0.013" /><testcase classname="tests.codec.der.test_encoder.SequenceEncoderWithUntaggedSetOfOpenTypesTestCase" name="testEncodeOpenTypeUnknownId" time="0.015" /><testcase classname="tests.codec.der.test_encoder.SequenceEncoderWithImplicitlyTaggedSetOfOpenTypesTestCase" name="testEncodeOpenTypeChoiceOne" time="0.013" /><testcase classname="tests.codec.der.test_encoder.SequenceEncoderWithExplicitlyTaggedSetOfOpenTypesTestCase" name="testEncodeOpenTypeChoiceOne" time="0.014" /><testcase classname="tests.codec.der.test_encoder.NestedOptionalSequenceEncoderTestCase" name="testDefModeDefaultWithDefault" time="0.013" /><testcase classname="tests.codec.der.test_encoder.NestedOptionalSequenceEncoderTestCase" name="testDefModeDefaultWithDefaultAndOptional" time="0.013" /><testcase classname="tests.codec.der.test_encoder.NestedOptionalSequenceEncoderTestCase" name="testDefModeDefaultWithOptional" time="0.012" /><testcase classname="tests.codec.der.test_encoder.NestedOptionalSequenceEncoderTestCase" name="testDefModeOptional" time="0.012" /><testcase classname="tests.codec.der.test_encoder.NestedOptionalSequenceEncoderTestCase" name="testDefModeOptionalWithDefault" time="0.015" /><testcase classname="tests.codec.der.test_encoder.NestedOptionalSequenceEncoderTestCase" name="testDefModeOptionalWithDefaultAndOptional" time="0.014" /><testcase classname="tests.codec.der.test_encoder.NestedOptionalSequenceEncoderTestCase" name="testDefModeOptionalWithOptional" time="0.012" /><testcase classname="tests.codec.der.test_encoder.NestedOptionalChoiceEncoderTestCase" name="testDefModeOptional" time="0.279" /><testcase classname="tests.codec.der.test_encoder.NestedOptionalChoiceEncoderTestCase" name="testDefModeOptionalWithDefault" time="0.015" /><testcase classname="tests.codec.der.test_encoder.NestedOptionalChoiceEncoderTestCase" name="testDefModeOptionalWithDefaultAndOptional" time="0.014" /><testcase classname="tests.codec.der.test_encoder.NestedOptionalChoiceEncoderTestCase" name="testDefModeOptionalWithOptional" time="0.013" /><testcase classname="tests.codec.der.test_encoder.NestedOptionalSequenceOfEncoderTestCase" name="testDefModeOptional" time="0.008" /><testcase classname="tests.codec.der.test_encoder.NestedOptionalSequenceOfEncoderTestCase" name="testDefModeOptionalWithValue" time="0.011" /><testcase classname="tests.codec.der.test_encoder.EmptyInnerFieldOfSequenceEncoderTestCase" name="testInitializedDefaultNullIsNotEncoded" time="0.010" /><testcase classname="tests.codec.der.test_encoder.EmptyInnerFieldOfSequenceEncoderTestCase" name="testInitializedDefaultOctetStringIsNotEncoded" time="0.009" /><testcase classname="tests.codec.der.test_encoder.EmptyInnerFieldOfSequenceEncoderTestCase" name="testInitializedOptionalNullIsEncoded" time="0.009" /><testcase classname="tests.codec.der.test_encoder.EmptyInnerFieldOfSequenceEncoderTestCase" name="testInitializedOptionalOctetStringIsEncoded" time="0.009" /><testcase classname="tests.codec.der.test_encoder.EmptyInnerFieldOfSequenceEncoderTestCase" name="testUninitializedOptionalNullIsNotEncoded" time="0.009" /><testcase classname="tests.codec.der.test_encoder.EmptyInnerFieldOfSequenceEncoderTestCase" name="testUninitializedOptionalOctetStringIsNotEncoded" time="0.009" /><testcase classname="tests.codec.native.test_decoder.BadAsn1SpecTestCase" name="testBadSpec" time="0.009" /><testcase classname="tests.codec.native.test_decoder.IntegerDecoderTestCase" name="testNegInt" time="0.011" /><testcase classname="tests.codec.native.test_decoder.IntegerDecoderTestCase" name="testPosInt" time="0.008" /><testcase classname="tests.codec.native.test_decoder.BooleanDecoderTestCase" name="testTrue" time="0.008" /><testcase classname="tests.codec.native.test_decoder.BooleanDecoderTestCase" name="testTrueNeg" time="0.008" /><testcase classname="tests.codec.native.test_decoder.BitStringDecoderTestCase" name="testSimple" time="0.009" /><testcase classname="tests.codec.native.test_decoder.OctetStringDecoderTestCase" name="testSimple" time="0.008" /><testcase classname="tests.codec.native.test_decoder.NullDecoderTestCase" name="testNull" time="0.009" /><testcase classname="tests.codec.native.test_decoder.ObjectIdentifierDecoderTestCase" name="testOne" time="0.009" /><testcase classname="tests.codec.native.test_decoder.RealDecoderTestCase" name="testSimple" time="0.009" /><testcase classname="tests.codec.native.test_decoder.SequenceDecoderTestCase" name="testSimple" time="0.016" /><testcase classname="tests.codec.native.test_decoder.ChoiceDecoderTestCase" name="testSimple" time="0.013" /><testcase classname="tests.codec.native.test_decoder.AnyDecoderTestCase" name="testSimple" time="0.007" /><testcase classname="tests.codec.native.test_encoder.BadAsn1SpecTestCase" name="testBadValueType" time="0.007" /><testcase classname="tests.codec.native.test_encoder.IntegerEncoderTestCase" name="testNegInt" time="0.008" /><testcase classname="tests.codec.native.test_encoder.IntegerEncoderTestCase" name="testPosInt" time="0.007" /><testcase classname="tests.codec.native.test_encoder.BooleanEncoderTestCase" name="testFalse" time="0.008" /><testcase classname="tests.codec.native.test_encoder.BooleanEncoderTestCase" name="testTrue" time="0.007" /><testcase classname="tests.codec.native.test_encoder.BitStringEncoderTestCase" name="testValue" time="0.009" /><testcase classname="tests.codec.native.test_encoder.OctetStringEncoderTestCase" name="testValue" time="0.008" /><testcase classname="tests.codec.native.test_encoder.NullEncoderTestCase" name="testNull" time="0.007" /><testcase classname="tests.codec.native.test_encoder.ObjectIdentifierEncoderTestCase" name="testOne" time="0.008" /><testcase classname="tests.codec.native.test_encoder.RealEncoderTestCase" name="testChar" time="0.008" /><testcase classname="tests.codec.native.test_encoder.RealEncoderTestCase" name="testMinusInf" time="0.007" /><testcase classname="tests.codec.native.test_encoder.RealEncoderTestCase" name="testPlusInf" time="0.008" /><testcase classname="tests.codec.native.test_encoder.SequenceEncoderTestCase" name="testSimple" time="0.016" /><testcase classname="tests.codec.native.test_encoder.ChoiceEncoderTestCase" name="testEmpty" time="0.010" /><testcase classname="tests.codec.native.test_encoder.ChoiceEncoderTestCase" name="testFilled" time="0.013" /><testcase classname="tests.codec.native.test_encoder.AnyEncoderTestCase" name="testSimple" time="0.009" /><testcase classname="tests.compat.test_binary.BinaryTestCase" name="test_bin_allones" time="0.009" /><testcase classname="tests.compat.test_binary.BinaryTestCase" name="test_bin_allzeros" time="0.006" /><testcase classname="tests.compat.test_binary.BinaryTestCase" name="test_bin_neg" time="0.006" /><testcase classname="tests.compat.test_binary.BinaryTestCase" name="test_bin_noarg" time="0.006" /><testcase classname="tests.compat.test_binary.BinaryTestCase" name="test_bin_pos" time="0.006" /><testcase classname="tests.compat.test_binary.BinaryTestCase" name="test_bin_zero" time="0.007" /><testcase classname="tests.compat.test_integer.IntegerTestCase" name="test_from_bytes_empty" time="0.007" /><testcase classname="tests.compat.test_integer.IntegerTestCase" name="test_from_bytes_signed" time="0.006" /><testcase classname="tests.compat.test_integer.IntegerTestCase" name="test_from_bytes_unsigned" time="0.006" /><testcase classname="tests.compat.test_integer.IntegerTestCase" name="test_from_bytes_zero" time="0.007" /><testcase classname="tests.compat.test_octets.OctetsTestCase" name="test_ensureString" time="0.006" /><testcase classname="tests.compat.test_octets.OctetsTestCase" name="test_int2oct" time="0.006" /><testcase classname="tests.compat.test_octets.OctetsTestCase" name="test_ints2octs" time="0.006" /><testcase classname="tests.compat.test_octets.OctetsTestCase" name="test_ints2octs_empty" time="0.006" /><testcase classname="tests.compat.test_octets.OctetsTestCase" name="test_isOctetsType" time="0.007" /><testcase classname="tests.compat.test_octets.OctetsTestCase" name="test_isStringType" time="0.007" /><testcase classname="tests.compat.test_octets.OctetsTestCase" name="test_oct2int" time="0.007" /><testcase classname="tests.compat.test_octets.OctetsTestCase" name="test_octs2ints" time="0.006" /><testcase classname="tests.compat.test_octets.OctetsTestCase" name="test_octs2ints_empty" time="0.006" /><testcase classname="tests.compat.test_octets.OctetsTestCase" name="test_octs2str" time="0.006" /><testcase classname="tests.compat.test_octets.OctetsTestCase" name="test_octs2str_empty" time="0.007" /><testcase classname="tests.compat.test_octets.OctetsTestCase" name="test_str2octs" time="0.007" /><testcase classname="tests.compat.test_octets.OctetsTestCase" name="test_str2octs_empty" time="0.007" /><testcase classname="tests.type.test_char.VisibleStringTestCase" name="testAdd" time="0.012" /><testcase classname="tests.type.test_char.VisibleStringTestCase" name="testAsNumbers" time="0.007" /><testcase classname="tests.type.test_char.VisibleStringTestCase" name="testAsOctets" time="0.007" /><testcase classname="tests.type.test_char.VisibleStringTestCase" name="testContains" time="0.007" /><testcase classname="tests.type.test_char.VisibleStringTestCase" name="testEmpty" time="0.008" /><testcase classname="tests.type.test_char.VisibleStringTestCase" name="testInit" time="0.008" /><testcase classname="tests.type.test_char.VisibleStringTestCase" name="testInitFromAsn1" time="0.008" /><testcase classname="tests.type.test_char.VisibleStringTestCase" name="testLength" time="0.006" /><testcase classname="tests.type.test_char.VisibleStringTestCase" name="testMul" time="0.006" /><testcase classname="tests.type.test_char.VisibleStringTestCase" name="testPrintable" time="0.005" /><testcase classname="tests.type.test_char.VisibleStringTestCase" name="testRadd" time="0.007" /><testcase classname="tests.type.test_char.VisibleStringTestCase" name="testReverse" time="0.009" /><testcase classname="tests.type.test_char.VisibleStringTestCase" name="testRmul" time="0.008" /><testcase classname="tests.type.test_char.VisibleStringTestCase" name="testSchemaPickling" time="0.026"><failure message="pyasn1.error.PyAsn1Error: Attempted &quot;__getnewargs_ex__&quot; operation on ASN.1 schema object">Traceback (most recent call last):
  File "/opt/graalpy/lib/python3.10/unittest/case.py", line 59, in testPartExecutor
    yield
  File "/opt/graalpy/lib/python3.10/unittest/case.py", line 591, in run
    self._callTestMethod(testMethod)
  File "/opt/graalpy/lib/python3.10/unittest/case.py", line 549, in _callTestMethod
    method()
  File "/workdir/pyasn1-0.4.8/tests/type/test_char.py", line 120, in testSchemaPickling
    serialised = pickle.dumps(old_asn1)
  File "/opt/graalpy/lib/python3.10/pickle.py", line 1756, in _dumps
    _Pickler(f, protocol, fix_imports=fix_imports,
  File "/opt/graalpy/lib/python3.10/pickle.py", line 487, in dump
    self.save(obj)
  File "/opt/graalpy/lib/python3.10/pickle.py", line 603, in save
    self.save_reduce(obj=obj, *rv)
  File "/opt/graalpy/lib/python3.10/pickle.py", line 717, in save_reduce
    save(state)
  File "/opt/graalpy/lib/python3.10/pickle.py", line 560, in save
    f(self, obj)  # Call unbound method with explicit self
  File "/opt/graalpy/lib/python3.10/pickle.py", line 972, in save_dict
    self._batch_setitems(obj.items())
  File "/opt/graalpy/lib/python3.10/pickle.py", line 998, in _batch_setitems
    save(v)
  File "/opt/graalpy/lib/python3.10/pickle.py", line 578, in save
    rv = reduce(self.proto)
  File "/workdir/pyasn1-0.4.8/pyasn1/type/base.py", line 236, in __getattr__
    raise error.PyAsn1Error('Attempted "%s" operation on ASN.1 schema object' % attr)
pyasn1.error.PyAsn1Error: Attempted "__getnewargs_ex__" operation on ASN.1 schema object</failure></testcase><testcase classname="tests.type.test_char.VisibleStringTestCase" name="testSeq" time="0.007" /><testcase classname="tests.type.test_char.VisibleStringTestCase" name="testSerialised" time="0.007" /><testcase classname="tests.type.test_char.VisibleStringTestCase" name="testSizeConstraint" time="0.009" /><testcase classname="tests.type.test_char.VisibleStringTestCase" name="testUnicode" time="0.007" /><testcase classname="tests.type.test_char.VisibleStringTestCase" name="testValuePickling" time="0.025" /><testcase classname="tests.type.test_char.GeneralStringTestCase" name="testAdd" time="0.008" /><testcase classname="tests.type.test_char.GeneralStringTestCase" name="testAsNumbers" time="0.007" /><testcase classname="tests.type.test_char.GeneralStringTestCase" name="testAsOctets" time="0.006" /><testcase classname="tests.type.test_char.GeneralStringTestCase" name="testContains" time="0.006" /><testcase classname="tests.type.test_char.GeneralStringTestCase" name="testEmpty" time="0.006" /><testcase classname="tests.type.test_char.GeneralStringTestCase" name="testInit" time="0.007" /><testcase classname="tests.type.test_char.GeneralStringTestCase" name="testInitFromAsn1" time="0.007" /><testcase classname="tests.type.test_char.GeneralStringTestCase" name="testLength" time="0.006" /><testcase classname="tests.type.test_char.GeneralStringTestCase" name="testMul" time="0.006" /><testcase classname="tests.type.test_char.GeneralStringTestCase" name="testPrintable" time="0.006" /><testcase classname="tests.type.test_char.GeneralStringTestCase" name="testRadd" time="0.006" /><testcase classname="tests.type.test_char.GeneralStringTestCase" name="testReverse" time="0.006" /><testcase classname="tests.type.test_char.GeneralStringTestCase" name="testRmul" time="0.006" /><testcase classname="tests.type.test_char.GeneralStringTestCase" name="testSchemaPickling" time="0.015"><failure message="pyasn1.error.PyAsn1Error: Attempted &quot;__getnewargs_ex__&quot; operation on ASN.1 schema object">Traceback (most recent call last):
  File "/opt/graalpy/lib/python3.10/unittest/case.py", line 59, in testPartExecutor
    yield
  File "/opt/graalpy/lib/python3.10/unittest/case.py", line 591, in run
    self._callTestMethod(testMethod)
  File "/opt/graalpy/lib/python3.10/unittest/case.py", line 549, in _callTestMethod
    method()
  File "/workdir/pyasn1-0.4.8/tests/type/test_char.py", line 120, in testSchemaPickling
    serialised = pickle.dumps(old_asn1)
  File "/opt/graalpy/lib/python3.10/pickle.py", line 1756, in _dumps
    _Pickler(f, protocol, fix_imports=fix_imports,
  File "/opt/graalpy/lib/python3.10/pickle.py", line 487, in dump
    self.save(obj)
  File "/opt/graalpy/lib/python3.10/pickle.py", line 603, in save
    self.save_reduce(obj=obj, *rv)
  File "/opt/graalpy/lib/python3.10/pickle.py", line 717, in save_reduce
    save(state)
  File "/opt/graalpy/lib/python3.10/pickle.py", line 560, in save
    f(self, obj)  # Call unbound method with explicit self
  File "/opt/graalpy/lib/python3.10/pickle.py", line 972, in save_dict
    self._batch_setitems(obj.items())
  File "/opt/graalpy/lib/python3.10/pickle.py", line 998, in _batch_setitems
    save(v)
  File "/opt/graalpy/lib/python3.10/pickle.py", line 578, in save
    rv = reduce(self.proto)
  File "/workdir/pyasn1-0.4.8/pyasn1/type/base.py", line 236, in __getattr__
    raise error.PyAsn1Error('Attempted "%s" operation on ASN.1 schema object' % attr)
pyasn1.error.PyAsn1Error: Attempted "__getnewargs_ex__" operation on ASN.1 schema object</failure></testcase><testcase classname="tests.type.test_char.GeneralStringTestCase" name="testSeq" time="0.007" /><testcase classname="tests.type.test_char.GeneralStringTestCase" name="testSerialised" time="0.007" /><testcase classname="tests.type.test_char.GeneralStringTestCase" name="testSizeConstraint" time="0.008" /><testcase classname="tests.type.test_char.GeneralStringTestCase" name="testUnicode" time="0.007" /><testcase classname="tests.type.test_char.GeneralStringTestCase" name="testValuePickling" time="0.021" /><testcase classname="tests.type.test_char.UTF8StringTestCase" name="testAdd" time="0.008" /><testcase classname="tests.type.test_char.UTF8StringTestCase" name="testAsNumbers" time="0.006" /><testcase classname="tests.type.test_char.UTF8StringTestCase" name="testAsOctets" time="0.008" /><testcase classname="tests.type.test_char.UTF8StringTestCase" name="testContains" time="0.006" /><testcase classname="tests.type.test_char.UTF8StringTestCase" name="testEmpty" time="0.007" /><testcase classname="tests.type.test_char.UTF8StringTestCase" name="testInit" time="0.008" /><testcase classname="tests.type.test_char.UTF8StringTestCase" name="testInitFromAsn1" time="0.008" /><testcase classname="tests.type.test_char.UTF8StringTestCase" name="testLength" time="0.007" /><testcase classname="tests.type.test_char.UTF8StringTestCase" name="testMul" time="0.007" /><testcase classname="tests.type.test_char.UTF8StringTestCase" name="testPrintable" time="0.008" /><testcase classname="tests.type.test_char.UTF8StringTestCase" name="testRadd" time="0.011" /><testcase classname="tests.type.test_char.UTF8StringTestCase" name="testReverse" time="0.007" /><testcase classname="tests.type.test_char.UTF8StringTestCase" name="testRmul" time="0.006" /><testcase classname="tests.type.test_char.UTF8StringTestCase" name="testSchemaPickling" time="0.014"><failure message="pyasn1.error.PyAsn1Error: Attempted &quot;__getnewargs_ex__&quot; operation on ASN.1 schema object">Traceback (most recent call last):
  File "/opt/graalpy/lib/python3.10/unittest/case.py", line 59, in testPartExecutor
    yield
  File "/opt/graalpy/lib/python3.10/unittest/case.py", line 591, in run
    self._callTestMethod(testMethod)
  File "/opt/graalpy/lib/python3.10/unittest/case.py", line 549, in _callTestMethod
    method()
  File "/workdir/pyasn1-0.4.8/tests/type/test_char.py", line 120, in testSchemaPickling
    serialised = pickle.dumps(old_asn1)
  File "/opt/graalpy/lib/python3.10/pickle.py", line 1756, in _dumps
    _Pickler(f, protocol, fix_imports=fix_imports,
  File "/opt/graalpy/lib/python3.10/pickle.py", line 487, in dump
    self.save(obj)
  File "/opt/graalpy/lib/python3.10/pickle.py", line 603, in save
    self.save_reduce(obj=obj, *rv)
  File "/opt/graalpy/lib/python3.10/pickle.py", line 717, in save_reduce
    save(state)
  File "/opt/graalpy/lib/python3.10/pickle.py", line 560, in save
    f(self, obj)  # Call unbound method with explicit self
  File "/opt/graalpy/lib/python3.10/pickle.py", line 972, in save_dict
    self._batch_setitems(obj.items())
  File "/opt/graalpy/lib/python3.10/pickle.py", line 998, in _batch_setitems
    save(v)
  File "/opt/graalpy/lib/python3.10/pickle.py", line 578, in save
    rv = reduce(self.proto)
  File "/workdir/pyasn1-0.4.8/pyasn1/type/base.py", line 236, in __getattr__
    raise error.PyAsn1Error('Attempted "%s" operation on ASN.1 schema object' % attr)
pyasn1.error.PyAsn1Error: Attempted "__getnewargs_ex__" operation on ASN.1 schema object</failure></testcase><testcase classname="tests.type.test_char.UTF8StringTestCase" name="testSeq" time="0.006" /><testcase classname="tests.type.test_char.UTF8StringTestCase" name="testSerialised" time="0.007" /><testcase classname="tests.type.test_char.UTF8StringTestCase" name="testSizeConstraint" time="0.008" /><testcase classname="tests.type.test_char.UTF8StringTestCase" name="testUnicode" time="0.006" /><testcase classname="tests.type.test_char.UTF8StringTestCase" name="testValuePickling" time="0.018" /><testcase classname="tests.type.test_char.BMPStringTestCase" name="testAdd" time="0.008" /><testcase classname="tests.type.test_char.BMPStringTestCase" name="testAsNumbers" time="0.006" /><testcase classname="tests.type.test_char.BMPStringTestCase" name="testAsOctets" time="0.007" /><testcase classname="tests.type.test_char.BMPStringTestCase" name="testContains" time="0.006" /><testcase classname="tests.type.test_char.BMPStringTestCase" name="testEmpty" time="0.006" /><testcase classname="tests.type.test_char.BMPStringTestCase" name="testInit" time="0.009" /><testcase classname="tests.type.test_char.BMPStringTestCase" name="testInitFromAsn1" time="0.008" /><testcase classname="tests.type.test_char.BMPStringTestCase" name="testLength" time="0.006" /><testcase classname="tests.type.test_char.BMPStringTestCase" name="testMul" time="0.006" /><testcase classname="tests.type.test_char.BMPStringTestCase" name="testPrintable" time="0.006" /><testcase classname="tests.type.test_char.BMPStringTestCase" name="testRadd" time="0.007" /><testcase classname="tests.type.test_char.BMPStringTestCase" name="testReverse" time="0.006" /><testcase classname="tests.type.test_char.BMPStringTestCase" name="testRmul" time="0.007" /><testcase classname="tests.type.test_char.BMPStringTestCase" name="testSchemaPickling" time="0.016"><failure message="pyasn1.error.PyAsn1Error: Attempted &quot;__getnewargs_ex__&quot; operation on ASN.1 schema object">Traceback (most recent call last):
  File "/opt/graalpy/lib/python3.10/unittest/case.py", line 59, in testPartExecutor
    yield
  File "/opt/graalpy/lib/python3.10/unittest/case.py", line 591, in run
    self._callTestMethod(testMethod)
  File "/opt/graalpy/lib/python3.10/unittest/case.py", line 549, in _callTestMethod
    method()
  File "/workdir/pyasn1-0.4.8/tests/type/test_char.py", line 120, in testSchemaPickling
    serialised = pickle.dumps(old_asn1)
  File "/opt/graalpy/lib/python3.10/pickle.py", line 1756, in _dumps
    _Pickler(f, protocol, fix_imports=fix_imports,
  File "/opt/graalpy/lib/python3.10/pickle.py", line 487, in dump
    self.save(obj)
  File "/opt/graalpy/lib/python3.10/pickle.py", line 603, in save
    self.save_reduce(obj=obj, *rv)
  File "/opt/graalpy/lib/python3.10/pickle.py", line 717, in save_reduce
    save(state)
  File "/opt/graalpy/lib/python3.10/pickle.py", line 560, in save
    f(self, obj)  # Call unbound method with explicit self
  File "/opt/graalpy/lib/python3.10/pickle.py", line 972, in save_dict
    self._batch_setitems(obj.items())
  File "/opt/graalpy/lib/python3.10/pickle.py", line 998, in _batch_setitems
    save(v)
  File "/opt/graalpy/lib/python3.10/pickle.py", line 578, in save
    rv = reduce(self.proto)
  File "/workdir/pyasn1-0.4.8/pyasn1/type/base.py", line 236, in __getattr__
    raise error.PyAsn1Error('Attempted "%s" operation on ASN.1 schema object' % attr)
pyasn1.error.PyAsn1Error: Attempted "__getnewargs_ex__" operation on ASN.1 schema object</failure></testcase><testcase classname="tests.type.test_char.BMPStringTestCase" name="testSeq" time="0.006" /><testcase classname="tests.type.test_char.BMPStringTestCase" name="testSerialised" time="0.006" /><testcase classname="tests.type.test_char.BMPStringTestCase" name="testSizeConstraint" time="0.008" /><testcase classname="tests.type.test_char.BMPStringTestCase" name="testUnicode" time="0.006" /><testcase classname="tests.type.test_char.BMPStringTestCase" name="testValuePickling" time="0.019" /><testcase classname="tests.type.test_char.UniversalStringTestCase" name="testAdd" time="0.008" /><testcase classname="tests.type.test_char.UniversalStringTestCase" name="testAsNumbers" time="0.006" /><testcase classname="tests.type.test_char.UniversalStringTestCase" name="testAsOctets" time="0.007" /><testcase classname="tests.type.test_char.UniversalStringTestCase" name="testContains" time="0.006" /><testcase classname="tests.type.test_char.UniversalStringTestCase" name="testEmpty" time="0.007" /><testcase classname="tests.type.test_char.UniversalStringTestCase" name="testInit" time="0.010" /><testcase classname="tests.type.test_char.UniversalStringTestCase" name="testInitFromAsn1" time="0.009" /><testcase classname="tests.type.test_char.UniversalStringTestCase" name="testLength" time="0.006" /><testcase classname="tests.type.test_char.UniversalStringTestCase" name="testMul" time="0.006" /><testcase classname="tests.type.test_char.UniversalStringTestCase" name="testPrintable" time="0.006" /><testcase classname="tests.type.test_char.UniversalStringTestCase" name="testRadd" time="0.007" /><testcase classname="tests.type.test_char.UniversalStringTestCase" name="testReverse" time="0.006" /><testcase classname="tests.type.test_char.UniversalStringTestCase" name="testRmul" time="0.009" /><testcase classname="tests.type.test_char.UniversalStringTestCase" name="testSchemaPickling" time="0.017"><failure message="pyasn1.error.PyAsn1Error: Attempted &quot;__getnewargs_ex__&quot; operation on ASN.1 schema object">Traceback (most recent call last):
  File "/opt/graalpy/lib/python3.10/unittest/case.py", line 59, in testPartExecutor
    yield
  File "/opt/graalpy/lib/python3.10/unittest/case.py", line 591, in run
    self._callTestMethod(testMethod)
  File "/opt/graalpy/lib/python3.10/unittest/case.py", line 549, in _callTestMethod
    method()
  File "/workdir/pyasn1-0.4.8/tests/type/test_char.py", line 120, in testSchemaPickling
    serialised = pickle.dumps(old_asn1)
  File "/opt/graalpy/lib/python3.10/pickle.py", line 1756, in _dumps
    _Pickler(f, protocol, fix_imports=fix_imports,
  File "/opt/graalpy/lib/python3.10/pickle.py", line 487, in dump
    self.save(obj)
  File "/opt/graalpy/lib/python3.10/pickle.py", line 603, in save
    self.save_reduce(obj=obj, *rv)
  File "/opt/graalpy/lib/python3.10/pickle.py", line 717, in save_reduce
    save(state)
  File "/opt/graalpy/lib/python3.10/pickle.py", line 560, in save
    f(self, obj)  # Call unbound method with explicit self
  File "/opt/graalpy/lib/python3.10/pickle.py", line 972, in save_dict
    self._batch_setitems(obj.items())
  File "/opt/graalpy/lib/python3.10/pickle.py", line 998, in _batch_setitems
    save(v)
  File "/opt/graalpy/lib/python3.10/pickle.py", line 578, in save
    rv = reduce(self.proto)
  File "/workdir/pyasn1-0.4.8/pyasn1/type/base.py", line 236, in __getattr__
    raise error.PyAsn1Error('Attempted "%s" operation on ASN.1 schema object' % attr)
pyasn1.error.PyAsn1Error: Attempted "__getnewargs_ex__" operation on ASN.1 schema object</failure></testcase><testcase classname="tests.type.test_char.UniversalStringTestCase" name="testSeq" time="0.006" /><testcase classname="tests.type.test_char.UniversalStringTestCase" name="testSerialised" time="0.006" /><testcase classname="tests.type.test_char.UniversalStringTestCase" name="testSizeConstraint" time="0.010" /><testcase classname="tests.type.test_char.UniversalStringTestCase" name="testUnicode" time="0.006" /><testcase classname="tests.type.test_char.UniversalStringTestCase" name="testValuePickling" time="0.018" /><testcase classname="tests.type.test_constraint.SingleValueConstraintTestCase" name="testAdd" time="0.007" /><testcase classname="tests.type.test_constraint.SingleValueConstraintTestCase" name="testBadVal" time="0.007" /><testcase classname="tests.type.test_constraint.SingleValueConstraintTestCase" name="testCmp" time="0.006" /><testcase classname="tests.type.test_constraint.SingleValueConstraintTestCase" name="testContains" time="0.006" /><testcase classname="tests.type.test_constraint.SingleValueConstraintTestCase" name="testGoodVal" time="0.006" /><testcase classname="tests.type.test_constraint.SingleValueConstraintTestCase" name="testHash" time="0.006" /><testcase classname="tests.type.test_constraint.SingleValueConstraintTestCase" name="testIter" time="0.006" /><testcase classname="tests.type.test_constraint.SingleValueConstraintTestCase" name="testSub" time="0.007" /><testcase classname="tests.type.test_constraint.ContainedSubtypeConstraintTestCase" name="testBadVal" time="0.008" /><testcase classname="tests.type.test_constraint.ContainedSubtypeConstraintTestCase" name="testGoodVal" time="0.007" /><testcase classname="tests.type.test_constraint.ValueRangeConstraintTestCase" name="testBadVal" time="0.007" /><testcase classname="tests.type.test_constraint.ValueRangeConstraintTestCase" name="testGoodVal" time="0.007" /><testcase classname="tests.type.test_constraint.ValueSizeConstraintTestCase" name="testBadVal" time="0.007" /><testcase classname="tests.type.test_constraint.ValueSizeConstraintTestCase" name="testGoodVal" time="0.007" /><testcase classname="tests.type.test_constraint.PermittedAlphabetConstraintTestCase" name="testAdd" time="0.007" /><testcase classname="tests.type.test_constraint.PermittedAlphabetConstraintTestCase" name="testBadVal" time="0.006" /><testcase classname="tests.type.test_constraint.PermittedAlphabetConstraintTestCase" name="testCmp" time="0.006" /><testcase classname="tests.type.test_constraint.PermittedAlphabetConstraintTestCase" name="testContains" time="0.006" /><testcase classname="tests.type.test_constraint.PermittedAlphabetConstraintTestCase" name="testGoodVal" time="0.011" /><testcase classname="tests.type.test_constraint.PermittedAlphabetConstraintTestCase" name="testHash" time="0.008" /><testcase classname="tests.type.test_constraint.PermittedAlphabetConstraintTestCase" name="testIter" time="0.007" /><testcase classname="tests.type.test_constraint.PermittedAlphabetConstraintTestCase" name="testSub" time="0.008" /><testcase classname="tests.type.test_constraint.WithComponentsConstraintTestCase" name="testBadVal" time="0.008" /><testcase classname="tests.type.test_constraint.WithComponentsConstraintTestCase" name="testBadValExtraFields" time="0.008" /><testcase classname="tests.type.test_constraint.WithComponentsConstraintTestCase" name="testEmptyConstraint" time="0.006" /><testcase classname="tests.type.test_constraint.WithComponentsConstraintTestCase" name="testGoodVal" time="0.006" /><testcase classname="tests.type.test_constraint.WithComponentsConstraintTestCase" name="testGoodValWithExtraFields" time="0.007" /><testcase classname="tests.type.test_constraint.ConstraintsIntersectionTestCase" name="testBadVal" time="0.008" /><testcase classname="tests.type.test_constraint.ConstraintsIntersectionTestCase" name="testCmp1" time="0.007" /><testcase classname="tests.type.test_constraint.ConstraintsIntersectionTestCase" name="testCmp2" time="0.007" /><testcase classname="tests.type.test_constraint.ConstraintsIntersectionTestCase" name="testCmp3" time="0.007" /><testcase classname="tests.type.test_constraint.ConstraintsIntersectionTestCase" name="testCmp4" time="0.006" /><testcase classname="tests.type.test_constraint.ConstraintsIntersectionTestCase" name="testGoodVal" time="0.007" /><testcase classname="tests.type.test_constraint.InnerTypeConstraintTestCase" name="testConst1" time="0.008" /><testcase classname="tests.type.test_constraint.InnerTypeConstraintTestCase" name="testConst2" time="0.008" /><testcase classname="tests.type.test_constraint.ConstraintsIntersectionRangeTestCase" name="testBadVal" time="0.007" /><testcase classname="tests.type.test_constraint.ConstraintsIntersectionRangeTestCase" name="testGoodVal" time="0.007" /><testcase classname="tests.type.test_constraint.ConstraintsUnionTestCase" name="testBadVal" time="0.009" /><testcase classname="tests.type.test_constraint.ConstraintsUnionTestCase" name="testGoodVal" time="0.008" /><testcase classname="tests.type.test_constraint.ConstraintsExclusionTestCase" name="testBadVal" time="0.007" /><testcase classname="tests.type.test_constraint.ConstraintsExclusionTestCase" name="testGoodVal" time="0.007" /><testcase classname="tests.type.test_constraint.DirectDerivationTestCase" name="testBadVal" time="0.007" /><testcase classname="tests.type.test_constraint.DirectDerivationTestCase" name="testGoodVal" time="0.007" /><testcase classname="tests.type.test_constraint.IndirectDerivationTestCase" name="testBadVal" time="0.007" /><testcase classname="tests.type.test_constraint.IndirectDerivationTestCase" name="testGoodVal" time="0.007" /><testcase classname="tests.type.test_namedtype.NamedTypeCaseBase" name="testIter" time="0.007" /><testcase classname="tests.type.test_namedtype.NamedTypeCaseBase" name="testRepr" time="0.008" /><testcase classname="tests.type.test_namedtype.NamedTypesCaseBase" name="testContains" time="0.012" /><testcase classname="tests.type.test_namedtype.NamedTypesCaseBase" name="testGetItem" time="0.011" /><testcase classname="tests.type.test_namedtype.NamedTypesCaseBase" name="testGetNameByPosition" time="0.010" /><testcase classname="tests.type.test_namedtype.NamedTypesCaseBase" name="testGetPositionByName" time="0.010" /><testcase classname="tests.type.test_namedtype.NamedTypesCaseBase" name="testGetPositionNearType" time="0.010" /><testcase classname="tests.type.test_namedtype.NamedTypesCaseBase" name="testGetTagMap" time="0.010" /><testcase classname="tests.type.test_namedtype.NamedTypesCaseBase" name="testGetTagMapWithDups" time="0.009" /><testcase classname="tests.type.test_namedtype.NamedTypesCaseBase" name="testGetTypeByPosition" time="0.009" /><testcase classname="tests.type.test_namedtype.NamedTypesCaseBase" name="testGetTypesNearPosition" time="0.010" /><testcase classname="tests.type.test_namedtype.NamedTypesCaseBase" name="testIter" time="0.009" /><testcase classname="tests.type.test_namedtype.NamedTypesCaseBase" name="testRepr" time="0.009" /><testcase classname="tests.type.test_namedtype.NamedTypesCaseBase" name="testReprTagMap" time="0.011" /><testcase classname="tests.type.test_namedtype.NamedTypesCaseBase" name="testStrTagMap" time="0.011" /><testcase classname="tests.type.test_namedtype.OrderedNamedTypesCaseBase" name="testGetTypeByPosition" time="0.008" /><testcase classname="tests.type.test_namedtype.DuplicateNamedTypesCaseBase" name="testDuplicateDefaultTags" time="0.009" /><testcase classname="tests.type.test_namedval.NamedValuesCaseBase" name="testAdd" time="0.007" /><testcase classname="tests.type.test_namedval.NamedValuesCaseBase" name="testClone" time="0.007" /><testcase classname="tests.type.test_namedval.NamedValuesCaseBase" name="testDict" time="0.006" /><testcase classname="tests.type.test_namedval.NamedValuesCaseBase" name="testInit" time="0.006" /><testcase classname="tests.type.test_namedval.NamedValuesCaseBase" name="testLen" time="0.006" /><testcase classname="tests.type.test_namedval.NamedValuesCaseBase" name="testStrRepr" time="0.007" /><testcase classname="tests.type.test_opentype.UntaggedAnyTestCase" name="testTypeCheckOnAssignment" time="0.010" /><testcase classname="tests.type.test_opentype.TaggedAnyTestCase" name="testTypeCheckOnAssignment" time="0.011" /><testcase classname="tests.type.test_opentype.TaggedAnyOpenTypeTestCase" name="testTypeCheckOnAssignment" time="0.009" /><testcase classname="tests.type.test_tag.TagReprTestCase" name="testRepr" time="0.006" /><testcase classname="tests.type.test_tag.TagCmpTestCase" name="testCmp" time="0.007" /><testcase classname="tests.type.test_tag.TagCmpTestCase" name="testHash" time="0.006" /><testcase classname="tests.type.test_tag.TagCmpTestCase" name="testSequence" time="0.006" /><testcase classname="tests.type.test_tag.TagSetReprTestCase" name="testRepr" time="0.008" /><testcase classname="tests.type.test_tag.TagSetCmpTestCase" name="testCmp" time="0.007" /><testcase classname="tests.type.test_tag.TagSetCmpTestCase" name="testHash" time="0.006" /><testcase classname="tests.type.test_tag.TagSetCmpTestCase" name="testLen" time="0.007" /><testcase classname="tests.type.test_tag.TaggingTestSuite" name="testExplicitTag" time="0.007" /><testcase classname="tests.type.test_tag.TaggingTestSuite" name="testImplicitTag" time="0.006" /><testcase classname="tests.type.test_tag.TagSetAddTestSuite" name="testAdd" time="0.007" /><testcase classname="tests.type.test_tag.TagSetAddTestSuite" name="testRadd" time="0.006" /><testcase classname="tests.type.test_tag.SuperTagSetTestCase" name="testSuperTagCheck1" time="0.007" /><testcase classname="tests.type.test_tag.SuperTagSetTestCase" name="testSuperTagCheck2" time="0.006" /><testcase classname="tests.type.test_tag.SuperTagSetTestCase" name="testSuperTagCheck3" time="0.006" /><testcase classname="tests.type.test_univ.NoValueTestCase" name="testAdd" time="0.007" /><testcase classname="tests.type.test_univ.NoValueTestCase" name="testBitShift" time="0.006" /><testcase classname="tests.type.test_univ.NoValueTestCase" name="testBooleanEvaluation" time="0.006" /><testcase classname="tests.type.test_univ.NoValueTestCase" name="testCmp" time="0.007" /><testcase classname="tests.type.test_univ.NoValueTestCase" name="testInt" time="0.006" /><testcase classname="tests.type.test_univ.NoValueTestCase" name="testIsInstance" time="0.006" /><testcase classname="tests.type.test_univ.NoValueTestCase" name="testKey" time="0.008" /><testcase classname="tests.type.test_univ.NoValueTestCase" name="testKeyAssignment" time="0.007" /><testcase classname="tests.type.test_univ.NoValueTestCase" name="testLen" time="0.009" /><testcase classname="tests.type.test_univ.NoValueTestCase" name="testRepr" time="0.009" /><testcase classname="tests.type.test_univ.NoValueTestCase" name="testSingleton" time="0.007" /><testcase classname="tests.type.test_univ.NoValueTestCase" name="testSizeOf" time="0.006" /><testcase classname="tests.type.test_univ.NoValueTestCase" name="testStr" time="0.006" /><testcase classname="tests.type.test_univ.NoValueTestCase" name="testSubs" time="0.007" /><testcase classname="tests.type.test_univ.IntegerTestCase" name="testAdd" time="0.049" /><testcase classname="tests.type.test_univ.IntegerTestCase" name="testAnd" time="0.006" /><testcase classname="tests.type.test_univ.IntegerTestCase" name="testCeil" time="0.005" /><testcase classname="tests.type.test_univ.IntegerTestCase" name="testDivFloat" time="0.006" /><testcase classname="tests.type.test_univ.IntegerTestCase" name="testDivInt" time="0.006" /><testcase classname="tests.type.test_univ.IntegerTestCase" name="testFloat" time="0.006" /><testcase classname="tests.type.test_univ.IntegerTestCase" name="testFloor" time="0.006" /><testcase classname="tests.type.test_univ.IntegerTestCase" name="testFloorDiv" time="0.006" /><testcase classname="tests.type.test_univ.IntegerTestCase" name="testInt" time="0.006" /><testcase classname="tests.type.test_univ.IntegerTestCase" name="testInvert" time="0.006" /><testcase classname="tests.type.test_univ.IntegerTestCase" name="testLong" time="0.005" /><testcase classname="tests.type.test_univ.IntegerTestCase" name="testLshift" time="0.006" /><testcase classname="tests.type.test_univ.IntegerTestCase" name="testMod" time="0.006" /><testcase classname="tests.type.test_univ.IntegerTestCase" name="testMul" time="0.006" /><testcase classname="tests.type.test_univ.IntegerTestCase" name="testNamedVals" time="0.007" /><testcase classname="tests.type.test_univ.IntegerTestCase" name="testNeg" time="0.006" /><testcase classname="tests.type.test_univ.IntegerTestCase" name="testOr" time="0.006" /><testcase classname="tests.type.test_univ.IntegerTestCase" name="testPos" time="0.006" /><testcase classname="tests.type.test_univ.IntegerTestCase" name="testPow" time="0.006" /><testcase classname="tests.type.test_univ.IntegerTestCase" name="testPrettyIn" time="0.005" /><testcase classname="tests.type.test_univ.IntegerTestCase" name="testRadd" time="0.005" /><testcase classname="tests.type.test_univ.IntegerTestCase" name="testRand" time="0.006" /><testcase classname="tests.type.test_univ.IntegerTestCase" name="testRdivFloat" time="0.005" /><testcase classname="tests.type.test_univ.IntegerTestCase" name="testRdivInt" time="0.006" /><testcase classname="tests.type.test_univ.IntegerTestCase" name="testRepr" time="0.006" /><testcase classname="tests.type.test_univ.IntegerTestCase" name="testRmod" time="0.005" /><testcase classname="tests.type.test_univ.IntegerTestCase" name="testRmul" time="0.006" /><testcase classname="tests.type.test_univ.IntegerTestCase" name="testRor" time="0.006" /><testcase classname="tests.type.test_univ.IntegerTestCase" name="testRound" time="0.006" /><testcase classname="tests.type.test_univ.IntegerTestCase" name="testRpow" time="0.006" /><testcase classname="tests.type.test_univ.IntegerTestCase" name="testRshift" time="0.005" /><testcase classname="tests.type.test_univ.IntegerTestCase" name="testRsub" time="0.006" /><testcase classname="tests.type.test_univ.IntegerTestCase" name="testRxor" time="0.005" /><testcase classname="tests.type.test_univ.IntegerTestCase" name="testStr" time="0.006" /><testcase classname="tests.type.test_univ.IntegerTestCase" name="testSub" time="0.006" /><testcase classname="tests.type.test_univ.IntegerTestCase" name="testSubtype" time="0.007" /><testcase classname="tests.type.test_univ.IntegerTestCase" name="testTag" time="0.006" /><testcase classname="tests.type.test_univ.IntegerTestCase" name="testTrueDiv" time="0.007" /><testcase classname="tests.type.test_univ.IntegerTestCase" name="testTrunc" time="0.005" /><testcase classname="tests.type.test_univ.IntegerTestCase" name="testXor" time="0.007" /><testcase classname="tests.type.test_univ.IntegerPicklingTestCase" name="testSchemaPickling" time="0.015"><failure message="pyasn1.error.PyAsn1Error: Attempted &quot;__getnewargs_ex__&quot; operation on ASN.1 schema object">Traceback (most recent call last):
  File "/opt/graalpy/lib/python3.10/unittest/case.py", line 59, in testPartExecutor
    yield
  File "/opt/graalpy/lib/python3.10/unittest/case.py", line 591, in run
    self._callTestMethod(testMethod)
  File "/opt/graalpy/lib/python3.10/unittest/case.py", line 549, in _callTestMethod
    method()
  File "/workdir/pyasn1-0.4.8/tests/type/test_univ.py", line 320, in testSchemaPickling
    serialised = pickle.dumps(old_asn1)
  File "/opt/graalpy/lib/python3.10/pickle.py", line 1756, in _dumps
    _Pickler(f, protocol, fix_imports=fix_imports,
  File "/opt/graalpy/lib/python3.10/pickle.py", line 487, in dump
    self.save(obj)
  File "/opt/graalpy/lib/python3.10/pickle.py", line 603, in save
    self.save_reduce(obj=obj, *rv)
  File "/opt/graalpy/lib/python3.10/pickle.py", line 717, in save_reduce
    save(state)
  File "/opt/graalpy/lib/python3.10/pickle.py", line 560, in save
    f(self, obj)  # Call unbound method with explicit self
  File "/opt/graalpy/lib/python3.10/pickle.py", line 972, in save_dict
    self._batch_setitems(obj.items())
  File "/opt/graalpy/lib/python3.10/pickle.py", line 998, in _batch_setitems
    save(v)
  File "/opt/graalpy/lib/python3.10/pickle.py", line 578, in save
    rv = reduce(self.proto)
  File "/workdir/pyasn1-0.4.8/pyasn1/type/base.py", line 236, in __getattr__
    raise error.PyAsn1Error('Attempted "%s" operation on ASN.1 schema object' % attr)
pyasn1.error.PyAsn1Error: Attempted "__getnewargs_ex__" operation on ASN.1 schema object</failure></testcase><testcase classname="tests.type.test_univ.IntegerPicklingTestCase" name="testValuePickling" time="0.017" /><testcase classname="tests.type.test_univ.BooleanTestCase" name="testConstraints" time="0.008" /><testcase classname="tests.type.test_univ.BooleanTestCase" name="testFalse" time="0.006" /><testcase classname="tests.type.test_univ.BooleanTestCase" name="testInt" time="0.005" /><testcase classname="tests.type.test_univ.BooleanTestCase" name="testRepr" time="0.006" /><testcase classname="tests.type.test_univ.BooleanTestCase" name="testStr" time="0.006" /><testcase classname="tests.type.test_univ.BooleanTestCase" name="testTag" time="0.005" /><testcase classname="tests.type.test_univ.BooleanTestCase" name="testTruth" time="0.006" /><testcase classname="tests.type.test_univ.BooleanPicklingTestCase" name="testSchemaPickling" time="0.017"><failure message="pyasn1.error.PyAsn1Error: Attempted &quot;__getnewargs_ex__&quot; operation on ASN.1 schema object">Traceback (most recent call last):
  File "/opt/graalpy/lib/python3.10/unittest/case.py", line 59, in testPartExecutor
    yield
  File "/opt/graalpy/lib/python3.10/unittest/case.py", line 591, in run
    self._callTestMethod(testMethod)
  File "/opt/graalpy/lib/python3.10/unittest/case.py", line 549, in _callTestMethod
    method()
  File "/workdir/pyasn1-0.4.8/tests/type/test_univ.py", line 373, in testSchemaPickling
    serialised = pickle.dumps(old_asn1)
  File "/opt/graalpy/lib/python3.10/pickle.py", line 1756, in _dumps
    _Pickler(f, protocol, fix_imports=fix_imports,
  File "/opt/graalpy/lib/python3.10/pickle.py", line 487, in dump
    self.save(obj)
  File "/opt/graalpy/lib/python3.10/pickle.py", line 603, in save
    self.save_reduce(obj=obj, *rv)
  File "/opt/graalpy/lib/python3.10/pickle.py", line 717, in save_reduce
    save(state)
  File "/opt/graalpy/lib/python3.10/pickle.py", line 560, in save
    f(self, obj)  # Call unbound method with explicit self
  File "/opt/graalpy/lib/python3.10/pickle.py", line 972, in save_dict
    self._batch_setitems(obj.items())
  File "/opt/graalpy/lib/python3.10/pickle.py", line 998, in _batch_setitems
    save(v)
  File "/opt/graalpy/lib/python3.10/pickle.py", line 578, in save
    rv = reduce(self.proto)
  File "/workdir/pyasn1-0.4.8/pyasn1/type/base.py", line 236, in __getattr__
    raise error.PyAsn1Error('Attempted "%s" operation on ASN.1 schema object' % attr)
pyasn1.error.PyAsn1Error: Attempted "__getnewargs_ex__" operation on ASN.1 schema object</failure></testcase><testcase classname="tests.type.test_univ.BooleanPicklingTestCase" name="testValuePickling" time="0.019" /><testcase classname="tests.type.test_univ.BitStringTestCase" name="testAsInteger" time="0.007" /><testcase classname="tests.type.test_univ.BitStringTestCase" name="testAsInts" time="0.006" /><testcase classname="tests.type.test_univ.BitStringTestCase" name="testAsOctets" time="0.006" /><testcase classname="tests.type.test_univ.BitStringTestCase" name="testBinDefault" time="0.007" /><testcase classname="tests.type.test_univ.BitStringTestCase" name="testGetItem" time="0.006" /><testcase classname="tests.type.test_univ.BitStringTestCase" name="testHexDefault" time="0.007" /><testcase classname="tests.type.test_univ.BitStringTestCase" name="testLen" time="0.006" /><testcase classname="tests.type.test_univ.BitStringTestCase" name="testMultipleOfEightPadding" time="0.007" /><testcase classname="tests.type.test_univ.BitStringTestCase" name="testRepr" time="0.007" /><testcase classname="tests.type.test_univ.BitStringTestCase" name="testReverse" time="0.008" /><testcase classname="tests.type.test_univ.BitStringTestCase" name="testSet" time="0.012" /><testcase classname="tests.type.test_univ.BitStringTestCase" name="testStaticDef" time="0.006" /><testcase classname="tests.type.test_univ.BitStringTestCase" name="testStr" time="0.006" /><testcase classname="tests.type.test_univ.BitStringTestCase" name="testTag" time="0.007" /><testcase classname="tests.type.test_univ.BitStringPicklingTestCase" name="testSchemaPickling" time="0.015"><failure message="pyasn1.error.PyAsn1Error: Attempted &quot;__getnewargs_ex__&quot; operation on ASN.1 schema object">Traceback (most recent call last):
  File "/opt/graalpy/lib/python3.10/unittest/case.py", line 59, in testPartExecutor
    yield
  File "/opt/graalpy/lib/python3.10/unittest/case.py", line 591, in run
    self._callTestMethod(testMethod)
  File "/opt/graalpy/lib/python3.10/unittest/case.py", line 549, in _callTestMethod
    method()
  File "/workdir/pyasn1-0.4.8/tests/type/test_univ.py", line 469, in testSchemaPickling
    serialised = pickle.dumps(old_asn1)
  File "/opt/graalpy/lib/python3.10/pickle.py", line 1756, in _dumps
    _Pickler(f, protocol, fix_imports=fix_imports,
  File "/opt/graalpy/lib/python3.10/pickle.py", line 487, in dump
    self.save(obj)
  File "/opt/graalpy/lib/python3.10/pickle.py", line 603, in save
    self.save_reduce(obj=obj, *rv)
  File "/opt/graalpy/lib/python3.10/pickle.py", line 717, in save_reduce
    save(state)
  File "/opt/graalpy/lib/python3.10/pickle.py", line 560, in save
    f(self, obj)  # Call unbound method with explicit self
  File "/opt/graalpy/lib/python3.10/pickle.py", line 972, in save_dict
    self._batch_setitems(obj.items())
  File "/opt/graalpy/lib/python3.10/pickle.py", line 998, in _batch_setitems
    save(v)
  File "/opt/graalpy/lib/python3.10/pickle.py", line 578, in save
    rv = reduce(self.proto)
  File "/workdir/pyasn1-0.4.8/pyasn1/type/base.py", line 236, in __getattr__
    raise error.PyAsn1Error('Attempted "%s" operation on ASN.1 schema object' % attr)
pyasn1.error.PyAsn1Error: Attempted "__getnewargs_ex__" operation on ASN.1 schema object</failure></testcase><testcase classname="tests.type.test_univ.BitStringPicklingTestCase" name="testValuePickling" time="0.020" /><testcase classname="tests.type.test_univ.OctetStringWithAsciiTestCase" name="testAdd" time="0.007" /><testcase classname="tests.type.test_univ.OctetStringWithAsciiTestCase" name="testAsInts" time="0.006" /><testcase classname="tests.type.test_univ.OctetStringWithAsciiTestCase" name="testAsOctets" time="0.006" /><testcase classname="tests.type.test_univ.OctetStringWithAsciiTestCase" name="testContains" time="0.005" /><testcase classname="tests.type.test_univ.OctetStringWithAsciiTestCase" name="testInit" time="0.005" /><testcase classname="tests.type.test_univ.OctetStringWithAsciiTestCase" name="testInitFromAsn1" time="0.007" /><testcase classname="tests.type.test_univ.OctetStringWithAsciiTestCase" name="testMul" time="0.006" /><testcase classname="tests.type.test_univ.OctetStringWithAsciiTestCase" name="testPrintable" time="0.005" /><testcase classname="tests.type.test_univ.OctetStringWithAsciiTestCase" name="testRadd" time="0.006" /><testcase classname="tests.type.test_univ.OctetStringWithAsciiTestCase" name="testRepr" time="0.006" /><testcase classname="tests.type.test_univ.OctetStringWithAsciiTestCase" name="testReverse" time="0.006" /><testcase classname="tests.type.test_univ.OctetStringWithAsciiTestCase" name="testRmul" time="0.006" /><testcase classname="tests.type.test_univ.OctetStringWithAsciiTestCase" name="testSeq" time="0.005" /><testcase classname="tests.type.test_univ.OctetStringWithAsciiTestCase" name="testSerialised" time="0.006" /><testcase classname="tests.type.test_univ.OctetStringUnicodeErrorTestCase" name="testDecodeError" time="0.007" /><testcase classname="tests.type.test_univ.OctetStringUnicodeErrorTestCase" name="testEncodeError" time="0.006" /><testcase classname="tests.type.test_univ.OctetStringWithUtf8TestCase" name="testAdd" time="0.006" /><testcase classname="tests.type.test_univ.OctetStringWithUtf8TestCase" name="testAsInts" time="0.005" /><testcase classname="tests.type.test_univ.OctetStringWithUtf8TestCase" name="testAsOctets" time="0.005" /><testcase classname="tests.type.test_univ.OctetStringWithUtf8TestCase" name="testContains" time="0.005" /><testcase classname="tests.type.test_univ.OctetStringWithUtf8TestCase" name="testInit" time="0.006" /><testcase classname="tests.type.test_univ.OctetStringWithUtf8TestCase" name="testInitFromAsn1" time="0.007" /><testcase classname="tests.type.test_univ.OctetStringWithUtf8TestCase" name="testMul" time="0.006" /><testcase classname="tests.type.test_univ.OctetStringWithUtf8TestCase" name="testPrintable" time="0.006" /><testcase classname="tests.type.test_univ.OctetStringWithUtf8TestCase" name="testRadd" time="0.005" /><testcase classname="tests.type.test_univ.OctetStringWithUtf8TestCase" name="testRepr" time="0.006" /><testcase classname="tests.type.test_univ.OctetStringWithUtf8TestCase" name="testReverse" time="0.006" /><testcase classname="tests.type.test_univ.OctetStringWithUtf8TestCase" name="testRmul" time="0.006" /><testcase classname="tests.type.test_univ.OctetStringWithUtf8TestCase" name="testSeq" time="0.005" /><testcase classname="tests.type.test_univ.OctetStringWithUtf8TestCase" name="testSerialised" time="0.006" /><testcase classname="tests.type.test_univ.OctetStringWithUtf16TestCase" name="testAdd" time="0.006" /><testcase classname="tests.type.test_univ.OctetStringWithUtf16TestCase" name="testAsInts" time="0.006" /><testcase classname="tests.type.test_univ.OctetStringWithUtf16TestCase" name="testAsOctets" time="0.005" /><testcase classname="tests.type.test_univ.OctetStringWithUtf16TestCase" name="testContains" time="0.008" /><testcase classname="tests.type.test_univ.OctetStringWithUtf16TestCase" name="testInit" time="0.008" /><testcase classname="tests.type.test_univ.OctetStringWithUtf16TestCase" name="testInitFromAsn1" time="0.007" /><testcase classname="tests.type.test_univ.OctetStringWithUtf16TestCase" name="testMul" time="0.006" /><testcase classname="tests.type.test_univ.OctetStringWithUtf16TestCase" name="testPrintable" time="0.006" /><testcase classname="tests.type.test_univ.OctetStringWithUtf16TestCase" name="testRadd" time="0.006" /><testcase classname="tests.type.test_univ.OctetStringWithUtf16TestCase" name="testRepr" time="0.007" /><testcase classname="tests.type.test_univ.OctetStringWithUtf16TestCase" name="testReverse" time="0.006" /><testcase classname="tests.type.test_univ.OctetStringWithUtf16TestCase" name="testRmul" time="0.006" /><testcase classname="tests.type.test_univ.OctetStringWithUtf16TestCase" name="testSeq" time="0.006" /><testcase classname="tests.type.test_univ.OctetStringWithUtf16TestCase" name="testSerialised" time="0.007" /><testcase classname="tests.type.test_univ.OctetStringWithUtf32TestCase" name="testAdd" time="0.007" /><testcase classname="tests.type.test_univ.OctetStringWithUtf32TestCase" name="testAsInts" time="0.006" /><testcase classname="tests.type.test_univ.OctetStringWithUtf32TestCase" name="testAsOctets" time="0.006" /><testcase classname="tests.type.test_univ.OctetStringWithUtf32TestCase" name="testContains" time="0.006" /><testcase classname="tests.type.test_univ.OctetStringWithUtf32TestCase" name="testInit" time="0.006" /><testcase classname="tests.type.test_univ.OctetStringWithUtf32TestCase" name="testInitFromAsn1" time="0.007" /><testcase classname="tests.type.test_univ.OctetStringWithUtf32TestCase" name="testMul" time="0.006" /><testcase classname="tests.type.test_univ.OctetStringWithUtf32TestCase" name="testPrintable" time="0.006" /><testcase classname="tests.type.test_univ.OctetStringWithUtf32TestCase" name="testRadd" time="0.007" /><testcase classname="tests.type.test_univ.OctetStringWithUtf32TestCase" name="testRepr" time="0.007" /><testcase classname="tests.type.test_univ.OctetStringWithUtf32TestCase" name="testReverse" time="0.006" /><testcase classname="tests.type.test_univ.OctetStringWithUtf32TestCase" name="testRmul" time="0.006" /><testcase classname="tests.type.test_univ.OctetStringWithUtf32TestCase" name="testSeq" time="0.006" /><testcase classname="tests.type.test_univ.OctetStringWithUtf32TestCase" name="testSerialised" time="0.007" /><testcase classname="tests.type.test_univ.OctetStringTestCase" name="testBinDefault" time="0.007" /><testcase classname="tests.type.test_univ.OctetStringTestCase" name="testBinStr" time="0.006" /><testcase classname="tests.type.test_univ.OctetStringTestCase" name="testEmpty" time="0.006" /><testcase classname="tests.type.test_univ.OctetStringTestCase" name="testHexDefault" time="0.006" /><testcase classname="tests.type.test_univ.OctetStringTestCase" name="testHexStr" time="0.006" /><testcase classname="tests.type.test_univ.OctetStringTestCase" name="testRepr" time="0.006" /><testcase classname="tests.type.test_univ.OctetStringTestCase" name="testStaticDef" time="0.006" /><testcase classname="tests.type.test_univ.OctetStringTestCase" name="testTag" time="0.006" /><testcase classname="tests.type.test_univ.OctetStringTestCase" name="testTuple" time="0.007" /><testcase classname="tests.type.test_univ.OctetStringPicklingTestCase" name="testSchemaPickling" time="0.015"><failure message="pyasn1.error.PyAsn1Error: Attempted &quot;__getnewargs_ex__&quot; operation on ASN.1 schema object">Traceback (most recent call last):
  File "/opt/graalpy/lib/python3.10/unittest/case.py", line 59, in testPartExecutor
    yield
  File "/opt/graalpy/lib/python3.10/unittest/case.py", line 591, in run
    self._callTestMethod(testMethod)
  File "/opt/graalpy/lib/python3.10/unittest/case.py", line 549, in _callTestMethod
    method()
  File "/workdir/pyasn1-0.4.8/tests/type/test_univ.py", line 667, in testSchemaPickling
    serialised = pickle.dumps(old_asn1)
  File "/opt/graalpy/lib/python3.10/pickle.py", line 1756, in _dumps
    _Pickler(f, protocol, fix_imports=fix_imports,
  File "/opt/graalpy/lib/python3.10/pickle.py", line 487, in dump
    self.save(obj)
  File "/opt/graalpy/lib/python3.10/pickle.py", line 603, in save
    self.save_reduce(obj=obj, *rv)
  File "/opt/graalpy/lib/python3.10/pickle.py", line 717, in save_reduce
    save(state)
  File "/opt/graalpy/lib/python3.10/pickle.py", line 560, in save
    f(self, obj)  # Call unbound method with explicit self
  File "/opt/graalpy/lib/python3.10/pickle.py", line 972, in save_dict
    self._batch_setitems(obj.items())
  File "/opt/graalpy/lib/python3.10/pickle.py", line 998, in _batch_setitems
    save(v)
  File "/opt/graalpy/lib/python3.10/pickle.py", line 578, in save
    rv = reduce(self.proto)
  File "/workdir/pyasn1-0.4.8/pyasn1/type/base.py", line 236, in __getattr__
    raise error.PyAsn1Error('Attempted "%s" operation on ASN.1 schema object' % attr)
pyasn1.error.PyAsn1Error: Attempted "__getnewargs_ex__" operation on ASN.1 schema object</failure></testcase><testcase classname="tests.type.test_univ.OctetStringPicklingTestCase" name="testValuePickling" time="0.069" /><testcase classname="tests.type.test_univ.Null" name="testConstraints" time="0.008" /><testcase classname="tests.type.test_univ.Null" name="testInit" time="0.008" /><testcase classname="tests.type.test_univ.Null" name="testRepr" time="0.006" /><testcase classname="tests.type.test_univ.Null" name="testStaticDef" time="0.005" /><testcase classname="tests.type.test_univ.Null" name="testStr" time="0.006" /><testcase classname="tests.type.test_univ.Null" name="testTag" time="0.006" /><testcase classname="tests.type.test_univ.NullPicklingTestCase" name="testSchemaPickling" time="0.016"><failure message="pyasn1.error.PyAsn1Error: Attempted &quot;__getnewargs_ex__&quot; operation on ASN.1 schema object">Traceback (most recent call last):
  File "/opt/graalpy/lib/python3.10/unittest/case.py", line 59, in testPartExecutor
    yield
  File "/opt/graalpy/lib/python3.10/unittest/case.py", line 591, in run
    self._callTestMethod(testMethod)
  File "/opt/graalpy/lib/python3.10/unittest/case.py", line 549, in _callTestMethod
    method()
  File "/workdir/pyasn1-0.4.8/tests/type/test_univ.py", line 734, in testSchemaPickling
    serialised = pickle.dumps(old_asn1)
  File "/opt/graalpy/lib/python3.10/pickle.py", line 1756, in _dumps
    _Pickler(f, protocol, fix_imports=fix_imports,
  File "/opt/graalpy/lib/python3.10/pickle.py", line 487, in dump
    self.save(obj)
  File "/opt/graalpy/lib/python3.10/pickle.py", line 603, in save
    self.save_reduce(obj=obj, *rv)
  File "/opt/graalpy/lib/python3.10/pickle.py", line 717, in save_reduce
    save(state)
  File "/opt/graalpy/lib/python3.10/pickle.py", line 560, in save
    f(self, obj)  # Call unbound method with explicit self
  File "/opt/graalpy/lib/python3.10/pickle.py", line 972, in save_dict
    self._batch_setitems(obj.items())
  File "/opt/graalpy/lib/python3.10/pickle.py", line 998, in _batch_setitems
    save(v)
  File "/opt/graalpy/lib/python3.10/pickle.py", line 578, in save
    rv = reduce(self.proto)
  File "/workdir/pyasn1-0.4.8/pyasn1/type/base.py", line 236, in __getattr__
    raise error.PyAsn1Error('Attempted "%s" operation on ASN.1 schema object' % attr)
pyasn1.error.PyAsn1Error: Attempted "__getnewargs_ex__" operation on ASN.1 schema object</failure></testcase><testcase classname="tests.type.test_univ.NullPicklingTestCase" name="testValuePickling" time="0.018" /><testcase classname="tests.type.test_univ.RealTestCase" name="testAdd" time="0.007" /><testcase classname="tests.type.test_univ.RealTestCase" name="testAddInf" time="0.006" /><testcase classname="tests.type.test_univ.RealTestCase" name="testCeil" time="0.007" /><testcase classname="tests.type.test_univ.RealTestCase" name="testDiv" time="0.006" /><testcase classname="tests.type.test_univ.RealTestCase" name="testFloat" time="0.006" /><testcase classname="tests.type.test_univ.RealTestCase" name="testFloat4BinEnc" time="0.006" /><testcase classname="tests.type.test_univ.RealTestCase" name="testFloatInf" time="0.007" /><testcase classname="tests.type.test_univ.RealTestCase" name="testFloor" time="0.007" /><testcase classname="tests.type.test_univ.RealTestCase" name="testInt" time="0.006" /><testcase classname="tests.type.test_univ.RealTestCase" name="testIntInf" time="0.007" /><testcase classname="tests.type.test_univ.RealTestCase" name="testLong" time="0.006" /><testcase classname="tests.type.test_univ.RealTestCase" name="testLongInf" time="0.006" /><testcase classname="tests.type.test_univ.RealTestCase" name="testMinusInf" time="0.006" /><testcase classname="tests.type.test_univ.RealTestCase" name="testMod" time="0.007" /><testcase classname="tests.type.test_univ.RealTestCase" name="testMul" time="0.006" /><testcase classname="tests.type.test_univ.RealTestCase" name="testNeg" time="0.006" /><testcase classname="tests.type.test_univ.RealTestCase" name="testPlusInf" time="0.006" /><testcase classname="tests.type.test_univ.RealTestCase" name="testPos" time="0.006" /><testcase classname="tests.type.test_univ.RealTestCase" name="testPow" time="0.006" /><testcase classname="tests.type.test_univ.RealTestCase" name="testPrettyIn" time="0.006" /><testcase classname="tests.type.test_univ.RealTestCase" name="testPrettyInInf" time="0.005" /><testcase classname="tests.type.test_univ.RealTestCase" name="testRadd" time="0.007" /><testcase classname="tests.type.test_univ.RealTestCase" name="testRaddInf" time="0.007" /><testcase classname="tests.type.test_univ.RealTestCase" name="testRdiv" time="0.006" /><testcase classname="tests.type.test_univ.RealTestCase" name="testRepr" time="0.007" /><testcase classname="tests.type.test_univ.RealTestCase" name="testRmod" time="0.006" /><testcase classname="tests.type.test_univ.RealTestCase" name="testRmul" time="0.006" /><testcase classname="tests.type.test_univ.RealTestCase" name="testRound" time="0.006" /><testcase classname="tests.type.test_univ.RealTestCase" name="testRpow" time="0.006" /><testcase classname="tests.type.test_univ.RealTestCase" name="testRsub" time="0.006" /><testcase classname="tests.type.test_univ.RealTestCase" name="testStaticDef" time="0.006" /><testcase classname="tests.type.test_univ.RealTestCase" name="testStr" time="0.007" /><testcase classname="tests.type.test_univ.RealTestCase" name="testStrInf" time="0.006" /><testcase classname="tests.type.test_univ.RealTestCase" name="testSub" time="0.006" /><testcase classname="tests.type.test_univ.RealTestCase" name="testTag" time="0.006" /><testcase classname="tests.type.test_univ.RealTestCase" name="testTrunc" time="0.008" /><testcase classname="tests.type.test_univ.RealPicklingTestCase" name="testSchemaPickling" time="0.015"><failure message="pyasn1.error.PyAsn1Error: Attempted &quot;__getnewargs_ex__&quot; operation on ASN.1 schema object">Traceback (most recent call last):
  File "/opt/graalpy/lib/python3.10/unittest/case.py", line 59, in testPartExecutor
    yield
  File "/opt/graalpy/lib/python3.10/unittest/case.py", line 591, in run
    self._callTestMethod(testMethod)
  File "/opt/graalpy/lib/python3.10/unittest/case.py", line 549, in _callTestMethod
    method()
  File "/workdir/pyasn1-0.4.8/tests/type/test_univ.py", line 885, in testSchemaPickling
    serialised = pickle.dumps(old_asn1)
  File "/opt/graalpy/lib/python3.10/pickle.py", line 1756, in _dumps
    _Pickler(f, protocol, fix_imports=fix_imports,
  File "/opt/graalpy/lib/python3.10/pickle.py", line 487, in dump
    self.save(obj)
  File "/opt/graalpy/lib/python3.10/pickle.py", line 603, in save
    self.save_reduce(obj=obj, *rv)
  File "/opt/graalpy/lib/python3.10/pickle.py", line 717, in save_reduce
    save(state)
  File "/opt/graalpy/lib/python3.10/pickle.py", line 560, in save
    f(self, obj)  # Call unbound method with explicit self
  File "/opt/graalpy/lib/python3.10/pickle.py", line 972, in save_dict
    self._batch_setitems(obj.items())
  File "/opt/graalpy/lib/python3.10/pickle.py", line 998, in _batch_setitems
    save(v)
  File "/opt/graalpy/lib/python3.10/pickle.py", line 578, in save
    rv = reduce(self.proto)
  File "/workdir/pyasn1-0.4.8/pyasn1/type/base.py", line 236, in __getattr__
    raise error.PyAsn1Error('Attempted "%s" operation on ASN.1 schema object' % attr)
pyasn1.error.PyAsn1Error: Attempted "__getnewargs_ex__" operation on ASN.1 schema object</failure></testcase><testcase classname="tests.type.test_univ.RealPicklingTestCase" name="testValuePickling" time="0.015" /><testcase classname="tests.type.test_univ.ObjectIdentifier" name="testAdd" time="0.007" /><testcase classname="tests.type.test_univ.ObjectIdentifier" name="testContains" time="0.007" /><testcase classname="tests.type.test_univ.ObjectIdentifier" name="testEq" time="0.007" /><testcase classname="tests.type.test_univ.ObjectIdentifier" name="testInput1" time="0.006" /><testcase classname="tests.type.test_univ.ObjectIdentifier" name="testInput2" time="0.006" /><testcase classname="tests.type.test_univ.ObjectIdentifier" name="testInput3" time="0.006" /><testcase classname="tests.type.test_univ.ObjectIdentifier" name="testLen" time="0.005" /><testcase classname="tests.type.test_univ.ObjectIdentifier" name="testPrefix" time="0.006" /><testcase classname="tests.type.test_univ.ObjectIdentifier" name="testRadd" time="0.006" /><testcase classname="tests.type.test_univ.ObjectIdentifier" name="testRepr" time="0.006" /><testcase classname="tests.type.test_univ.ObjectIdentifier" name="testStaticDef" time="0.006" /><testcase classname="tests.type.test_univ.ObjectIdentifier" name="testStr" time="0.005" /><testcase classname="tests.type.test_univ.ObjectIdentifier" name="testTag" time="0.006" /><testcase classname="tests.type.test_univ.ObjectIdentifier" name="testUnicode" time="0.006" /><testcase classname="tests.type.test_univ.ObjectIdentifierPicklingTestCase" name="testSchemaPickling" time="0.013"><failure message="pyasn1.error.PyAsn1Error: Attempted &quot;__getnewargs_ex__&quot; operation on ASN.1 schema object">Traceback (most recent call last):
  File "/opt/graalpy/lib/python3.10/unittest/case.py", line 59, in testPartExecutor
    yield
  File "/opt/graalpy/lib/python3.10/unittest/case.py", line 591, in run
    self._callTestMethod(testMethod)
  File "/opt/graalpy/lib/python3.10/unittest/case.py", line 549, in _callTestMethod
    method()
  File "/workdir/pyasn1-0.4.8/tests/type/test_univ.py", line 962, in testSchemaPickling
    serialised = pickle.dumps(old_asn1)
  File "/opt/graalpy/lib/python3.10/pickle.py", line 1756, in _dumps
    _Pickler(f, protocol, fix_imports=fix_imports,
  File "/opt/graalpy/lib/python3.10/pickle.py", line 487, in dump
    self.save(obj)
  File "/opt/graalpy/lib/python3.10/pickle.py", line 603, in save
    self.save_reduce(obj=obj, *rv)
  File "/opt/graalpy/lib/python3.10/pickle.py", line 717, in save_reduce
    save(state)
  File "/opt/graalpy/lib/python3.10/pickle.py", line 560, in save
    f(self, obj)  # Call unbound method with explicit self
  File "/opt/graalpy/lib/python3.10/pickle.py", line 972, in save_dict
    self._batch_setitems(obj.items())
  File "/opt/graalpy/lib/python3.10/pickle.py", line 998, in _batch_setitems
    save(v)
  File "/opt/graalpy/lib/python3.10/pickle.py", line 578, in save
    rv = reduce(self.proto)
  File "/workdir/pyasn1-0.4.8/pyasn1/type/base.py", line 236, in __getattr__
    raise error.PyAsn1Error('Attempted "%s" operation on ASN.1 schema object' % attr)
pyasn1.error.PyAsn1Error: Attempted "__getnewargs_ex__" operation on ASN.1 schema object</failure></testcase><testcase classname="tests.type.test_univ.ObjectIdentifierPicklingTestCase" name="testValuePickling" time="0.016" /><testcase classname="tests.type.test_univ.SequenceOf" name="testAppend" time="0.009" /><testcase classname="tests.type.test_univ.SequenceOf" name="testClear" time="0.009" /><testcase classname="tests.type.test_univ.SequenceOf" name="testClone" time="0.008" /><testcase classname="tests.type.test_univ.SequenceOf" name="testCmp" time="0.007" /><testcase classname="tests.type.test_univ.SequenceOf" name="testComponentConstraintsMatching" time="0.010" /><testcase classname="tests.type.test_univ.SequenceOf" name="testComponentTagsMatching" time="0.012" /><testcase classname="tests.type.test_univ.SequenceOf" name="testConsistency" time="0.009" /><testcase classname="tests.type.test_univ.SequenceOf" name="testCount" time="0.007" /><testcase classname="tests.type.test_univ.SequenceOf" name="testExtend" time="0.007" /><testcase classname="tests.type.test_univ.SequenceOf" name="testGetComponentNoInstantiation" time="0.008" /><testcase classname="tests.type.test_univ.SequenceOf" name="testGetComponentTagMap" time="0.006" /><testcase classname="tests.type.test_univ.SequenceOf" name="testGetComponentWithDefault" time="0.007" /><testcase classname="tests.type.test_univ.SequenceOf" name="testGetItem" time="0.006" /><testcase classname="tests.type.test_univ.SequenceOf" name="testGetItemSlice" time="0.007" /><testcase classname="tests.type.test_univ.SequenceOf" name="testIndex" time="0.008" /><testcase classname="tests.type.test_univ.SequenceOf" name="testIsInconsistentSizeConstraint" time="0.009" /><testcase classname="tests.type.test_univ.SequenceOf" name="testLegacyInitializer" time="0.008" /><testcase classname="tests.type.test_univ.SequenceOf" name="testRepr" time="0.008" /><testcase classname="tests.type.test_univ.SequenceOf" name="testReset" time="0.007" /><testcase classname="tests.type.test_univ.SequenceOf" name="testSeq" time="0.006" /><testcase classname="tests.type.test_univ.SequenceOf" name="testSetComponents" time="0.006" /><testcase classname="tests.type.test_univ.SequenceOf" name="testSetItem" time="0.006" /><testcase classname="tests.type.test_univ.SequenceOf" name="testSetItemSlice" time="0.007" /><testcase classname="tests.type.test_univ.SequenceOf" name="testSort" time="0.007" /><testcase classname="tests.type.test_univ.SequenceOf" name="testStaticDef" time="0.007" /><testcase classname="tests.type.test_univ.SequenceOf" name="testSubtype" time="0.007" /><testcase classname="tests.type.test_univ.SequenceOf" name="testSubtypeSpec" time="0.009" /><testcase classname="tests.type.test_univ.SequenceOf" name="testTag" time="0.008" /><testcase classname="tests.type.test_univ.SequenceOf" name="testUntyped" time="0.008" /><testcase classname="tests.type.test_univ.SequenceOfPicklingTestCase" name="testSchemaPickling" time="0.010"><failure message="pyasn1.error.PyAsn1Error: Attempted &quot;__getnewargs_ex__&quot; operation on ASN.1 schema object">Traceback (most recent call last):
  File "/opt/graalpy/lib/python3.10/unittest/case.py", line 59, in testPartExecutor
    yield
  File "/opt/graalpy/lib/python3.10/unittest/case.py", line 591, in run
    self._callTestMethod(testMethod)
  File "/opt/graalpy/lib/python3.10/unittest/case.py", line 549, in _callTestMethod
    method()
  File "/workdir/pyasn1-0.4.8/tests/type/test_univ.py", line 1300, in testSchemaPickling
    serialised = pickle.dumps(old_asn1)
  File "/opt/graalpy/lib/python3.10/pickle.py", line 1756, in _dumps
    _Pickler(f, protocol, fix_imports=fix_imports,
  File "/opt/graalpy/lib/python3.10/pickle.py", line 487, in dump
    self.save(obj)
  File "/opt/graalpy/lib/python3.10/pickle.py", line 603, in save
    self.save_reduce(obj=obj, *rv)
  File "/opt/graalpy/lib/python3.10/pickle.py", line 717, in save_reduce
    save(state)
  File "/opt/graalpy/lib/python3.10/pickle.py", line 560, in save
    f(self, obj)  # Call unbound method with explicit self
  File "/opt/graalpy/lib/python3.10/pickle.py", line 972, in save_dict
    self._batch_setitems(obj.items())
  File "/opt/graalpy/lib/python3.10/pickle.py", line 998, in _batch_setitems
    save(v)
  File "/opt/graalpy/lib/python3.10/pickle.py", line 578, in save
    rv = reduce(self.proto)
  File "/workdir/pyasn1-0.4.8/pyasn1/type/base.py", line 236, in __getattr__
    raise error.PyAsn1Error('Attempted "%s" operation on ASN.1 schema object' % attr)
pyasn1.error.PyAsn1Error: Attempted "__getnewargs_ex__" operation on ASN.1 schema object</failure></testcase><testcase classname="tests.type.test_univ.SequenceOfPicklingTestCase" name="testValuePickling" time="0.019"><failure message="pyasn1.error.PyAsn1Error: Attempted &quot;__getnewargs_ex__&quot; operation on ASN.1 schema object">Traceback (most recent call last):
  File "/opt/graalpy/lib/python3.10/unittest/case.py", line 59, in testPartExecutor
    yield
  File "/opt/graalpy/lib/python3.10/unittest/case.py", line 591, in run
    self._callTestMethod(testMethod)
  File "/opt/graalpy/lib/python3.10/unittest/case.py", line 549, in _callTestMethod
    method()
  File "/workdir/pyasn1-0.4.8/tests/type/test_univ.py", line 1309, in testValuePickling
    serialised = pickle.dumps(old_asn1)
  File "/opt/graalpy/lib/python3.10/pickle.py", line 1756, in _dumps
    _Pickler(f, protocol, fix_imports=fix_imports,
  File "/opt/graalpy/lib/python3.10/pickle.py", line 487, in dump
    self.save(obj)
  File "/opt/graalpy/lib/python3.10/pickle.py", line 603, in save
    self.save_reduce(obj=obj, *rv)
  File "/opt/graalpy/lib/python3.10/pickle.py", line 717, in save_reduce
    save(state)
  File "/opt/graalpy/lib/python3.10/pickle.py", line 560, in save
    f(self, obj)  # Call unbound method with explicit self
  File "/opt/graalpy/lib/python3.10/pickle.py", line 972, in save_dict
    self._batch_setitems(obj.items())
  File "/opt/graalpy/lib/python3.10/pickle.py", line 998, in _batch_setitems
    save(v)
  File "/opt/graalpy/lib/python3.10/pickle.py", line 603, in save
    self.save_reduce(obj=obj, *rv)
  File "/opt/graalpy/lib/python3.10/pickle.py", line 717, in save_reduce
    save(state)
  File "/opt/graalpy/lib/python3.10/pickle.py", line 560, in save
    f(self, obj)  # Call unbound method with explicit self
  File "/opt/graalpy/lib/python3.10/pickle.py", line 972, in save_dict
    self._batch_setitems(obj.items())
  File "/opt/graalpy/lib/python3.10/pickle.py", line 998, in _batch_setitems
    save(v)
  File "/opt/graalpy/lib/python3.10/pickle.py", line 578, in save
    rv = reduce(self.proto)
  File "/workdir/pyasn1-0.4.8/pyasn1/type/base.py", line 236, in __getattr__
    raise error.PyAsn1Error('Attempted "%s" operation on ASN.1 schema object' % attr)
pyasn1.error.PyAsn1Error: Attempted "__getnewargs_ex__" operation on ASN.1 schema object</failure></testcase><testcase classname="tests.type.test_univ.Sequence" name="testById" time="0.011" /><testcase classname="tests.type.test_univ.Sequence" name="testByKey" time="0.010" /><testcase classname="tests.type.test_univ.Sequence" name="testClone" time="0.013" /><testcase classname="tests.type.test_univ.Sequence" name="testComponentConstraintsMatching" time="0.013" /><testcase classname="tests.type.test_univ.Sequence" name="testComponentTagsMatching" time="0.012" /><testcase classname="tests.type.test_univ.Sequence" name="testContains" time="0.009" /><testcase classname="tests.type.test_univ.Sequence" name="testGetComponentNoInstantiation" time="0.012" /><testcase classname="tests.type.test_univ.Sequence" name="testGetComponentWithConstructedDefault" time="0.012" /><testcase classname="tests.type.test_univ.Sequence" name="testGetComponentWithDefault" time="0.012" /><testcase classname="tests.type.test_univ.Sequence" name="testGetItem" time="0.010" /><testcase classname="tests.type.test_univ.Sequence" name="testGetNearPosition" time="0.010" /><testcase classname="tests.type.test_univ.Sequence" name="testIsInconsistentSizeConstraint" time="0.014" /><testcase classname="tests.type.test_univ.Sequence" name="testIsInconsistentWithComponentsConstraint" time="0.014" /><testcase classname="tests.type.test_univ.Sequence" name="testItems" time="0.011" /><testcase classname="tests.type.test_univ.Sequence" name="testIter" time="0.010" /><testcase classname="tests.type.test_univ.Sequence" name="testKeys" time="0.010" /><testcase classname="tests.type.test_univ.Sequence" name="testRepr" time="0.011" /><testcase classname="tests.type.test_univ.Sequence" name="testSchemaWithComponents" time="0.010" /><testcase classname="tests.type.test_univ.Sequence" name="testSchemaWithOptionalComponents" time="0.010" /><testcase classname="tests.type.test_univ.Sequence" name="testSetComponents" time="0.010" /><testcase classname="tests.type.test_univ.Sequence" name="testSetDefaultComponents" time="0.010" /><testcase classname="tests.type.test_univ.Sequence" name="testSetItem" time="0.010" /><testcase classname="tests.type.test_univ.Sequence" name="testSetToDefault" time="0.010" /><testcase classname="tests.type.test_univ.Sequence" name="testStaticDef" time="0.014" /><testcase classname="tests.type.test_univ.Sequence" name="testTag" time="0.010" /><testcase classname="tests.type.test_univ.Sequence" name="testUpdate" time="0.012" /><testcase classname="tests.type.test_univ.Sequence" name="testValues" time="0.012" /><testcase classname="tests.type.test_univ.SequenceWithoutSchema" name="testGetItem" time="0.008" /><testcase classname="tests.type.test_univ.SequenceWithoutSchema" name="testItems" time="0.007" /><testcase classname="tests.type.test_univ.SequenceWithoutSchema" name="testIter" time="0.007" /><testcase classname="tests.type.test_univ.SequenceWithoutSchema" name="testKeys" time="0.006" /><testcase classname="tests.type.test_univ.SequenceWithoutSchema" name="testSchema" time="0.007" /><testcase classname="tests.type.test_univ.SequenceWithoutSchema" name="testSetItem" time="0.007" /><testcase classname="tests.type.test_univ.SequenceWithoutSchema" name="testUpdate" time="0.008" /><testcase classname="tests.type.test_univ.SequenceWithoutSchema" name="testValues" time="0.007" /><testcase classname="tests.type.test_univ.SequencePicklingTestCase" name="testSchemaPickling" time="0.021"><failure message="pyasn1.error.PyAsn1Error: Attempted &quot;__getnewargs_ex__&quot; operation on ASN.1 schema object">Traceback (most recent call last):
  File "/opt/graalpy/lib/python3.10/unittest/case.py", line 59, in testPartExecutor
    yield
  File "/opt/graalpy/lib/python3.10/unittest/case.py", line 591, in run
    self._callTestMethod(testMethod)
  File "/opt/graalpy/lib/python3.10/unittest/case.py", line 549, in _callTestMethod
    method()
  File "/workdir/pyasn1-0.4.8/tests/type/test_univ.py", line 1813, in testSchemaPickling
    serialised = pickle.dumps(old_asn1)
  File "/opt/graalpy/lib/python3.10/pickle.py", line 1756, in _dumps
    _Pickler(f, protocol, fix_imports=fix_imports,
  File "/opt/graalpy/lib/python3.10/pickle.py", line 487, in dump
    self.save(obj)
  File "/opt/graalpy/lib/python3.10/pickle.py", line 603, in save
    self.save_reduce(obj=obj, *rv)
  File "/opt/graalpy/lib/python3.10/pickle.py", line 717, in save_reduce
    save(state)
  File "/opt/graalpy/lib/python3.10/pickle.py", line 560, in save
    f(self, obj)  # Call unbound method with explicit self
  File "/opt/graalpy/lib/python3.10/pickle.py", line 972, in save_dict
    self._batch_setitems(obj.items())
  File "/opt/graalpy/lib/python3.10/pickle.py", line 998, in _batch_setitems
    save(v)
  File "/opt/graalpy/lib/python3.10/pickle.py", line 603, in save
    self.save_reduce(obj=obj, *rv)
  File "/opt/graalpy/lib/python3.10/pickle.py", line 717, in save_reduce
    save(state)
  File "/opt/graalpy/lib/python3.10/pickle.py", line 560, in save
    f(self, obj)  # Call unbound method with explicit self
  File "/opt/graalpy/lib/python3.10/pickle.py", line 972, in save_dict
    self._batch_setitems(obj.items())
  File "/opt/graalpy/lib/python3.10/pickle.py", line 998, in _batch_setitems
    save(v)
  File "/opt/graalpy/lib/python3.10/pickle.py", line 560, in save
    f(self, obj)  # Call unbound method with explicit self
  File "/opt/graalpy/lib/python3.10/pickle.py", line 887, in save_tuple
    save(element)
  File "/opt/graalpy/lib/python3.10/pickle.py", line 603, in save
    self.save_reduce(obj=obj, *rv)
  File "/opt/graalpy/lib/python3.10/pickle.py", line 717, in save_reduce
    save(state)
  File "/opt/graalpy/lib/python3.10/pickle.py", line 560, in save
    f(self, obj)  # Call unbound method with explicit self
  File "/opt/graalpy/lib/python3.10/pickle.py", line 972, in save_dict
    self._batch_setitems(obj.items())
  File "/opt/graalpy/lib/python3.10/pickle.py", line 998, in _batch_setitems
    save(v)
  File "/opt/graalpy/lib/python3.10/pickle.py", line 603, in save
    self.save_reduce(obj=obj, *rv)
  File "/opt/graalpy/lib/python3.10/pickle.py", line 717, in save_reduce
    save(state)
  File "/opt/graalpy/lib/python3.10/pickle.py", line 560, in save
    f(self, obj)  # Call unbound method with explicit self
  File "/opt/graalpy/lib/python3.10/pickle.py", line 972, in save_dict
    self._batch_setitems(obj.items())
  File "/opt/graalpy/lib/python3.10/pickle.py", line 998, in _batch_setitems
    save(v)
  File "/opt/graalpy/lib/python3.10/pickle.py", line 578, in save
    rv = reduce(self.proto)
  File "/workdir/pyasn1-0.4.8/pyasn1/type/base.py", line 236, in __getattr__
    raise error.PyAsn1Error('Attempted "%s" operation on ASN.1 schema object' % attr)
pyasn1.error.PyAsn1Error: Attempted "__getnewargs_ex__" operation on ASN.1 schema object</failure></testcase><testcase classname="tests.type.test_univ.SequencePicklingTestCase" name="testValuePickling" time="0.086"><failure message="pyasn1.error.PyAsn1Error: Attempted &quot;__getnewargs_ex__&quot; operation on ASN.1 schema object">Traceback (most recent call last):
  File "/opt/graalpy/lib/python3.10/unittest/case.py", line 59, in testPartExecutor
    yield
  File "/opt/graalpy/lib/python3.10/unittest/case.py", line 591, in run
    self._callTestMethod(testMethod)
  File "/opt/graalpy/lib/python3.10/unittest/case.py", line 549, in _callTestMethod
    method()
  File "/workdir/pyasn1-0.4.8/tests/type/test_univ.py", line 1826, in testValuePickling
    serialised = pickle.dumps(old_asn1)
  File "/opt/graalpy/lib/python3.10/pickle.py", line 1756, in _dumps
    _Pickler(f, protocol, fix_imports=fix_imports,
  File "/opt/graalpy/lib/python3.10/pickle.py", line 487, in dump
    self.save(obj)
  File "/opt/graalpy/lib/python3.10/pickle.py", line 603, in save
    self.save_reduce(obj=obj, *rv)
  File "/opt/graalpy/lib/python3.10/pickle.py", line 717, in save_reduce
    save(state)
  File "/opt/graalpy/lib/python3.10/pickle.py", line 560, in save
    f(self, obj)  # Call unbound method with explicit self
  File "/opt/graalpy/lib/python3.10/pickle.py", line 972, in save_dict
    self._batch_setitems(obj.items())
  File "/opt/graalpy/lib/python3.10/pickle.py", line 998, in _batch_setitems
    save(v)
  File "/opt/graalpy/lib/python3.10/pickle.py", line 603, in save
    self.save_reduce(obj=obj, *rv)
  File "/opt/graalpy/lib/python3.10/pickle.py", line 717, in save_reduce
    save(state)
  File "/opt/graalpy/lib/python3.10/pickle.py", line 560, in save
    f(self, obj)  # Call unbound method with explicit self
  File "/opt/graalpy/lib/python3.10/pickle.py", line 972, in save_dict
    self._batch_setitems(obj.items())
  File "/opt/graalpy/lib/python3.10/pickle.py", line 998, in _batch_setitems
    save(v)
  File "/opt/graalpy/lib/python3.10/pickle.py", line 560, in save
    f(self, obj)  # Call unbound method with explicit self
  File "/opt/graalpy/lib/python3.10/pickle.py", line 887, in save_tuple
    save(element)
  File "/opt/graalpy/lib/python3.10/pickle.py", line 603, in save
    self.save_reduce(obj=obj, *rv)
  File "/opt/graalpy/lib/python3.10/pickle.py", line 717, in save_reduce
    save(state)
  File "/opt/graalpy/lib/python3.10/pickle.py", line 560, in save
    f(self, obj)  # Call unbound method with explicit self
  File "/opt/graalpy/lib/python3.10/pickle.py", line 972, in save_dict
    self._batch_setitems(obj.items())
  File "/opt/graalpy/lib/python3.10/pickle.py", line 998, in _batch_setitems
    save(v)
  File "/opt/graalpy/lib/python3.10/pickle.py", line 603, in save
    self.save_reduce(obj=obj, *rv)
  File "/opt/graalpy/lib/python3.10/pickle.py", line 717, in save_reduce
    save(state)
  File "/opt/graalpy/lib/python3.10/pickle.py", line 560, in save
    f(self, obj)  # Call unbound method with explicit self
  File "/opt/graalpy/lib/python3.10/pickle.py", line 972, in save_dict
    self._batch_setitems(obj.items())
  File "/opt/graalpy/lib/python3.10/pickle.py", line 998, in _batch_setitems
    save(v)
  File "/opt/graalpy/lib/python3.10/pickle.py", line 578, in save
    rv = reduce(self.proto)
  File "/workdir/pyasn1-0.4.8/pyasn1/type/base.py", line 236, in __getattr__
    raise error.PyAsn1Error('Attempted "%s" operation on ASN.1 schema object' % attr)
pyasn1.error.PyAsn1Error: Attempted "__getnewargs_ex__" operation on ASN.1 schema object</failure></testcase><testcase classname="tests.type.test_univ.SetOf" name="testSeq" time="0.008" /><testcase classname="tests.type.test_univ.SetOf" name="testStaticDef" time="0.007" /><testcase classname="tests.type.test_univ.SetOf" name="testTag" time="0.008" /><testcase classname="tests.type.test_univ.SetOfPicklingTestCase" name="testSchemaPickling" time="0.009"><failure message="pyasn1.error.PyAsn1Error: Attempted &quot;__getnewargs_ex__&quot; operation on ASN.1 schema object">Traceback (most recent call last):
  File "/opt/graalpy/lib/python3.10/unittest/case.py", line 59, in testPartExecutor
    yield
  File "/opt/graalpy/lib/python3.10/unittest/case.py", line 591, in run
    self._callTestMethod(testMethod)
  File "/opt/graalpy/lib/python3.10/unittest/case.py", line 549, in _callTestMethod
    method()
  File "/workdir/pyasn1-0.4.8/tests/type/test_univ.py", line 1866, in testSchemaPickling
    serialised = pickle.dumps(old_asn1)
  File "/opt/graalpy/lib/python3.10/pickle.py", line 1756, in _dumps
    _Pickler(f, protocol, fix_imports=fix_imports,
  File "/opt/graalpy/lib/python3.10/pickle.py", line 487, in dump
    self.save(obj)
  File "/opt/graalpy/lib/python3.10/pickle.py", line 603, in save
    self.save_reduce(obj=obj, *rv)
  File "/opt/graalpy/lib/python3.10/pickle.py", line 717, in save_reduce
    save(state)
  File "/opt/graalpy/lib/python3.10/pickle.py", line 560, in save
    f(self, obj)  # Call unbound method with explicit self
  File "/opt/graalpy/lib/python3.10/pickle.py", line 972, in save_dict
    self._batch_setitems(obj.items())
  File "/opt/graalpy/lib/python3.10/pickle.py", line 998, in _batch_setitems
    save(v)
  File "/opt/graalpy/lib/python3.10/pickle.py", line 578, in save
    rv = reduce(self.proto)
  File "/workdir/pyasn1-0.4.8/pyasn1/type/base.py", line 236, in __getattr__
    raise error.PyAsn1Error('Attempted "%s" operation on ASN.1 schema object' % attr)
pyasn1.error.PyAsn1Error: Attempted "__getnewargs_ex__" operation on ASN.1 schema object</failure></testcase><testcase classname="tests.type.test_univ.SetOfPicklingTestCase" name="testValuePickling" time="0.019"><failure message="pyasn1.error.PyAsn1Error: Attempted &quot;__getnewargs_ex__&quot; operation on ASN.1 schema object">Traceback (most recent call last):
  File "/opt/graalpy/lib/python3.10/unittest/case.py", line 59, in testPartExecutor
    yield
  File "/opt/graalpy/lib/python3.10/unittest/case.py", line 591, in run
    self._callTestMethod(testMethod)
  File "/opt/graalpy/lib/python3.10/unittest/case.py", line 549, in _callTestMethod
    method()
  File "/workdir/pyasn1-0.4.8/tests/type/test_univ.py", line 1875, in testValuePickling
    serialised = pickle.dumps(old_asn1)
  File "/opt/graalpy/lib/python3.10/pickle.py", line 1756, in _dumps
    _Pickler(f, protocol, fix_imports=fix_imports,
  File "/opt/graalpy/lib/python3.10/pickle.py", line 487, in dump
    self.save(obj)
  File "/opt/graalpy/lib/python3.10/pickle.py", line 603, in save
    self.save_reduce(obj=obj, *rv)
  File "/opt/graalpy/lib/python3.10/pickle.py", line 717, in save_reduce
    save(state)
  File "/opt/graalpy/lib/python3.10/pickle.py", line 560, in save
    f(self, obj)  # Call unbound method with explicit self
  File "/opt/graalpy/lib/python3.10/pickle.py", line 972, in save_dict
    self._batch_setitems(obj.items())
  File "/opt/graalpy/lib/python3.10/pickle.py", line 998, in _batch_setitems
    save(v)
  File "/opt/graalpy/lib/python3.10/pickle.py", line 603, in save
    self.save_reduce(obj=obj, *rv)
  File "/opt/graalpy/lib/python3.10/pickle.py", line 717, in save_reduce
    save(state)
  File "/opt/graalpy/lib/python3.10/pickle.py", line 560, in save
    f(self, obj)  # Call unbound method with explicit self
  File "/opt/graalpy/lib/python3.10/pickle.py", line 972, in save_dict
    self._batch_setitems(obj.items())
  File "/opt/graalpy/lib/python3.10/pickle.py", line 998, in _batch_setitems
    save(v)
  File "/opt/graalpy/lib/python3.10/pickle.py", line 578, in save
    rv = reduce(self.proto)
  File "/workdir/pyasn1-0.4.8/pyasn1/type/base.py", line 236, in __getattr__
    raise error.PyAsn1Error('Attempted "%s" operation on ASN.1 schema object' % attr)
pyasn1.error.PyAsn1Error: Attempted "__getnewargs_ex__" operation on ASN.1 schema object</failure></testcase><testcase classname="tests.type.test_univ.Set" name="testByTypeWithInstance" time="0.009" /><testcase classname="tests.type.test_univ.Set" name="testByTypeWithPythonValue" time="0.009" /><testcase classname="tests.type.test_univ.Set" name="testGetComponentNoInstantiation" time="0.011" /><testcase classname="tests.type.test_univ.Set" name="testGetComponentTagMap" time="0.009" /><testcase classname="tests.type.test_univ.Set" name="testGetComponentWithDefault" time="0.014" /><testcase classname="tests.type.test_univ.Set" name="testGetPositionByType" time="0.008" /><testcase classname="tests.type.test_univ.Set" name="testGetTagMap" time="0.008" /><testcase classname="tests.type.test_univ.Set" name="testIter" time="0.008" /><testcase classname="tests.type.test_univ.Set" name="testSetToDefault" time="0.008" /><testcase classname="tests.type.test_univ.Set" name="testStaticDef" time="0.015" /><testcase classname="tests.type.test_univ.Set" name="testTag" time="0.008" /><testcase classname="tests.type.test_univ.SetPicklingTestCase" name="testSchemaPickling" time="0.020"><failure message="pyasn1.error.PyAsn1Error: Attempted &quot;__getnewargs_ex__&quot; operation on ASN.1 schema object">Traceback (most recent call last):
  File "/opt/graalpy/lib/python3.10/unittest/case.py", line 59, in testPartExecutor
    yield
  File "/opt/graalpy/lib/python3.10/unittest/case.py", line 591, in run
    self._callTestMethod(testMethod)
  File "/opt/graalpy/lib/python3.10/unittest/case.py", line 549, in _callTestMethod
    method()
  File "/workdir/pyasn1-0.4.8/tests/type/test_univ.py", line 1994, in testSchemaPickling
    serialised = pickle.dumps(old_asn1)
  File "/opt/graalpy/lib/python3.10/pickle.py", line 1756, in _dumps
    _Pickler(f, protocol, fix_imports=fix_imports,
  File "/opt/graalpy/lib/python3.10/pickle.py", line 487, in dump
    self.save(obj)
  File "/opt/graalpy/lib/python3.10/pickle.py", line 603, in save
    self.save_reduce(obj=obj, *rv)
  File "/opt/graalpy/lib/python3.10/pickle.py", line 717, in save_reduce
    save(state)
  File "/opt/graalpy/lib/python3.10/pickle.py", line 560, in save
    f(self, obj)  # Call unbound method with explicit self
  File "/opt/graalpy/lib/python3.10/pickle.py", line 972, in save_dict
    self._batch_setitems(obj.items())
  File "/opt/graalpy/lib/python3.10/pickle.py", line 998, in _batch_setitems
    save(v)
  File "/opt/graalpy/lib/python3.10/pickle.py", line 603, in save
    self.save_reduce(obj=obj, *rv)
  File "/opt/graalpy/lib/python3.10/pickle.py", line 717, in save_reduce
    save(state)
  File "/opt/graalpy/lib/python3.10/pickle.py", line 560, in save
    f(self, obj)  # Call unbound method with explicit self
  File "/opt/graalpy/lib/python3.10/pickle.py", line 972, in save_dict
    self._batch_setitems(obj.items())
  File "/opt/graalpy/lib/python3.10/pickle.py", line 998, in _batch_setitems
    save(v)
  File "/opt/graalpy/lib/python3.10/pickle.py", line 560, in save
    f(self, obj)  # Call unbound method with explicit self
  File "/opt/graalpy/lib/python3.10/pickle.py", line 887, in save_tuple
    save(element)
  File "/opt/graalpy/lib/python3.10/pickle.py", line 603, in save
    self.save_reduce(obj=obj, *rv)
  File "/opt/graalpy/lib/python3.10/pickle.py", line 717, in save_reduce
    save(state)
  File "/opt/graalpy/lib/python3.10/pickle.py", line 560, in save
    f(self, obj)  # Call unbound method with explicit self
  File "/opt/graalpy/lib/python3.10/pickle.py", line 972, in save_dict
    self._batch_setitems(obj.items())
  File "/opt/graalpy/lib/python3.10/pickle.py", line 998, in _batch_setitems
    save(v)
  File "/opt/graalpy/lib/python3.10/pickle.py", line 603, in save
    self.save_reduce(obj=obj, *rv)
  File "/opt/graalpy/lib/python3.10/pickle.py", line 717, in save_reduce
    save(state)
  File "/opt/graalpy/lib/python3.10/pickle.py", line 560, in save
    f(self, obj)  # Call unbound method with explicit self
  File "/opt/graalpy/lib/python3.10/pickle.py", line 972, in save_dict
    self._batch_setitems(obj.items())
  File "/opt/graalpy/lib/python3.10/pickle.py", line 998, in _batch_setitems
    save(v)
  File "/opt/graalpy/lib/python3.10/pickle.py", line 578, in save
    rv = reduce(self.proto)
  File "/workdir/pyasn1-0.4.8/pyasn1/type/base.py", line 236, in __getattr__
    raise error.PyAsn1Error('Attempted "%s" operation on ASN.1 schema object' % attr)
pyasn1.error.PyAsn1Error: Attempted "__getnewargs_ex__" operation on ASN.1 schema object</failure></testcase><testcase classname="tests.type.test_univ.SetPicklingTestCase" name="testValuePickling" time="0.020"><failure message="pyasn1.error.PyAsn1Error: Attempted &quot;__getnewargs_ex__&quot; operation on ASN.1 schema object">Traceback (most recent call last):
  File "/opt/graalpy/lib/python3.10/unittest/case.py", line 59, in testPartExecutor
    yield
  File "/opt/graalpy/lib/python3.10/unittest/case.py", line 591, in run
    self._callTestMethod(testMethod)
  File "/opt/graalpy/lib/python3.10/unittest/case.py", line 549, in _callTestMethod
    method()
  File "/workdir/pyasn1-0.4.8/tests/type/test_univ.py", line 2007, in testValuePickling
    serialised = pickle.dumps(old_asn1)
  File "/opt/graalpy/lib/python3.10/pickle.py", line 1756, in _dumps
    _Pickler(f, protocol, fix_imports=fix_imports,
  File "/opt/graalpy/lib/python3.10/pickle.py", line 487, in dump
    self.save(obj)
  File "/opt/graalpy/lib/python3.10/pickle.py", line 603, in save
    self.save_reduce(obj=obj, *rv)
  File "/opt/graalpy/lib/python3.10/pickle.py", line 717, in save_reduce
    save(state)
  File "/opt/graalpy/lib/python3.10/pickle.py", line 560, in save
    f(self, obj)  # Call unbound method with explicit self
  File "/opt/graalpy/lib/python3.10/pickle.py", line 972, in save_dict
    self._batch_setitems(obj.items())
  File "/opt/graalpy/lib/python3.10/pickle.py", line 998, in _batch_setitems
    save(v)
  File "/opt/graalpy/lib/python3.10/pickle.py", line 603, in save
    self.save_reduce(obj=obj, *rv)
  File "/opt/graalpy/lib/python3.10/pickle.py", line 717, in save_reduce
    save(state)
  File "/opt/graalpy/lib/python3.10/pickle.py", line 560, in save
    f(self, obj)  # Call unbound method with explicit self
  File "/opt/graalpy/lib/python3.10/pickle.py", line 972, in save_dict
    self._batch_setitems(obj.items())
  File "/opt/graalpy/lib/python3.10/pickle.py", line 998, in _batch_setitems
    save(v)
  File "/opt/graalpy/lib/python3.10/pickle.py", line 560, in save
    f(self, obj)  # Call unbound method with explicit self
  File "/opt/graalpy/lib/python3.10/pickle.py", line 887, in save_tuple
    save(element)
  File "/opt/graalpy/lib/python3.10/pickle.py", line 603, in save
    self.save_reduce(obj=obj, *rv)
  File "/opt/graalpy/lib/python3.10/pickle.py", line 717, in save_reduce
    save(state)
  File "/opt/graalpy/lib/python3.10/pickle.py", line 560, in save
    f(self, obj)  # Call unbound method with explicit self
  File "/opt/graalpy/lib/python3.10/pickle.py", line 972, in save_dict
    self._batch_setitems(obj.items())
  File "/opt/graalpy/lib/python3.10/pickle.py", line 998, in _batch_setitems
    save(v)
  File "/opt/graalpy/lib/python3.10/pickle.py", line 603, in save
    self.save_reduce(obj=obj, *rv)
  File "/opt/graalpy/lib/python3.10/pickle.py", line 717, in save_reduce
    save(state)
  File "/opt/graalpy/lib/python3.10/pickle.py", line 560, in save
    f(self, obj)  # Call unbound method with explicit self
  File "/opt/graalpy/lib/python3.10/pickle.py", line 972, in save_dict
    self._batch_setitems(obj.items())
  File "/opt/graalpy/lib/python3.10/pickle.py", line 998, in _batch_setitems
    save(v)
  File "/opt/graalpy/lib/python3.10/pickle.py", line 578, in save
    rv = reduce(self.proto)
  File "/workdir/pyasn1-0.4.8/pyasn1/type/base.py", line 236, in __getattr__
    raise error.PyAsn1Error('Attempted "%s" operation on ASN.1 schema object' % attr)
pyasn1.error.PyAsn1Error: Attempted "__getnewargs_ex__" operation on ASN.1 schema object</failure></testcase><testcase classname="tests.type.test_univ.Choice" name="testClone" time="0.015" /><testcase classname="tests.type.test_univ.Choice" name="testCmp" time="0.011" /><testcase classname="tests.type.test_univ.Choice" name="testContains" time="0.011" /><testcase classname="tests.type.test_univ.Choice" name="testGetComponent" time="0.011" /><testcase classname="tests.type.test_univ.Choice" name="testGetComponentNoInstantiation" time="0.011" /><testcase classname="tests.type.test_univ.Choice" name="testGetComponentWithDefault" time="0.010" /><testcase classname="tests.type.test_univ.Choice" name="testGetName" time="0.010" /><testcase classname="tests.type.test_univ.Choice" name="testInnerByTypeWithInstanceValue" time="0.009" /><testcase classname="tests.type.test_univ.Choice" name="testInnerByTypeWithPythonValue" time="0.011" /><testcase classname="tests.type.test_univ.Choice" name="testIter" time="0.010" /><testcase classname="tests.type.test_univ.Choice" name="testOuterByTypeWithInstanceValue" time="0.009" /><testcase classname="tests.type.test_univ.Choice" name="testOuterByTypeWithPythonValue" time="0.009" /><testcase classname="tests.type.test_univ.Choice" name="testRepr" time="0.018" /><testcase classname="tests.type.test_univ.Choice" name="testSetComponentByPosition" time="0.011" /><testcase classname="tests.type.test_univ.Choice" name="testSetToDefault" time="0.012" /><testcase classname="tests.type.test_univ.Choice" name="testStaticDef" time="0.012" /><testcase classname="tests.type.test_univ.Choice" name="testTag" time="0.009" /><testcase classname="tests.type.test_univ.ChoicePicklingTestCase" name="testSchemaPickling" time="0.020"><failure message="pyasn1.error.PyAsn1Error: Attempted &quot;__getnewargs_ex__&quot; operation on ASN.1 schema object">Traceback (most recent call last):
  File "/opt/graalpy/lib/python3.10/unittest/case.py", line 59, in testPartExecutor
    yield
  File "/opt/graalpy/lib/python3.10/unittest/case.py", line 591, in run
    self._callTestMethod(testMethod)
  File "/opt/graalpy/lib/python3.10/unittest/case.py", line 549, in _callTestMethod
    method()
  File "/workdir/pyasn1-0.4.8/tests/type/test_univ.py", line 2184, in testSchemaPickling
    serialised = pickle.dumps(old_asn1)
  File "/opt/graalpy/lib/python3.10/pickle.py", line 1756, in _dumps
    _Pickler(f, protocol, fix_imports=fix_imports,
  File "/opt/graalpy/lib/python3.10/pickle.py", line 487, in dump
    self.save(obj)
  File "/opt/graalpy/lib/python3.10/pickle.py", line 603, in save
    self.save_reduce(obj=obj, *rv)
  File "/opt/graalpy/lib/python3.10/pickle.py", line 717, in save_reduce
    save(state)
  File "/opt/graalpy/lib/python3.10/pickle.py", line 560, in save
    f(self, obj)  # Call unbound method with explicit self
  File "/opt/graalpy/lib/python3.10/pickle.py", line 972, in save_dict
    self._batch_setitems(obj.items())
  File "/opt/graalpy/lib/python3.10/pickle.py", line 998, in _batch_setitems
    save(v)
  File "/opt/graalpy/lib/python3.10/pickle.py", line 603, in save
    self.save_reduce(obj=obj, *rv)
  File "/opt/graalpy/lib/python3.10/pickle.py", line 717, in save_reduce
    save(state)
  File "/opt/graalpy/lib/python3.10/pickle.py", line 560, in save
    f(self, obj)  # Call unbound method with explicit self
  File "/opt/graalpy/lib/python3.10/pickle.py", line 972, in save_dict
    self._batch_setitems(obj.items())
  File "/opt/graalpy/lib/python3.10/pickle.py", line 998, in _batch_setitems
    save(v)
  File "/opt/graalpy/lib/python3.10/pickle.py", line 560, in save
    f(self, obj)  # Call unbound method with explicit self
  File "/opt/graalpy/lib/python3.10/pickle.py", line 887, in save_tuple
    save(element)
  File "/opt/graalpy/lib/python3.10/pickle.py", line 603, in save
    self.save_reduce(obj=obj, *rv)
  File "/opt/graalpy/lib/python3.10/pickle.py", line 717, in save_reduce
    save(state)
  File "/opt/graalpy/lib/python3.10/pickle.py", line 560, in save
    f(self, obj)  # Call unbound method with explicit self
  File "/opt/graalpy/lib/python3.10/pickle.py", line 972, in save_dict
    self._batch_setitems(obj.items())
  File "/opt/graalpy/lib/python3.10/pickle.py", line 998, in _batch_setitems
    save(v)
  File "/opt/graalpy/lib/python3.10/pickle.py", line 603, in save
    self.save_reduce(obj=obj, *rv)
  File "/opt/graalpy/lib/python3.10/pickle.py", line 717, in save_reduce
    save(state)
  File "/opt/graalpy/lib/python3.10/pickle.py", line 560, in save
    f(self, obj)  # Call unbound method with explicit self
  File "/opt/graalpy/lib/python3.10/pickle.py", line 972, in save_dict
    self._batch_setitems(obj.items())
  File "/opt/graalpy/lib/python3.10/pickle.py", line 998, in _batch_setitems
    save(v)
  File "/opt/graalpy/lib/python3.10/pickle.py", line 578, in save
    rv = reduce(self.proto)
  File "/workdir/pyasn1-0.4.8/pyasn1/type/base.py", line 236, in __getattr__
    raise error.PyAsn1Error('Attempted "%s" operation on ASN.1 schema object' % attr)
pyasn1.error.PyAsn1Error: Attempted "__getnewargs_ex__" operation on ASN.1 schema object</failure></testcase><testcase classname="tests.type.test_univ.ChoicePicklingTestCase" name="testValuePickling" time="0.019"><failure message="pyasn1.error.PyAsn1Error: Attempted &quot;__getnewargs_ex__&quot; operation on ASN.1 schema object">Traceback (most recent call last):
  File "/opt/graalpy/lib/python3.10/unittest/case.py", line 59, in testPartExecutor
    yield
  File "/opt/graalpy/lib/python3.10/unittest/case.py", line 591, in run
    self._callTestMethod(testMethod)
  File "/opt/graalpy/lib/python3.10/unittest/case.py", line 549, in _callTestMethod
    method()
  File "/workdir/pyasn1-0.4.8/tests/type/test_univ.py", line 2198, in testValuePickling
    serialised = pickle.dumps(old_asn1)
  File "/opt/graalpy/lib/python3.10/pickle.py", line 1756, in _dumps
    _Pickler(f, protocol, fix_imports=fix_imports,
  File "/opt/graalpy/lib/python3.10/pickle.py", line 487, in dump
    self.save(obj)
  File "/opt/graalpy/lib/python3.10/pickle.py", line 603, in save
    self.save_reduce(obj=obj, *rv)
  File "/opt/graalpy/lib/python3.10/pickle.py", line 717, in save_reduce
    save(state)
  File "/opt/graalpy/lib/python3.10/pickle.py", line 560, in save
    f(self, obj)  # Call unbound method with explicit self
  File "/opt/graalpy/lib/python3.10/pickle.py", line 972, in save_dict
    self._batch_setitems(obj.items())
  File "/opt/graalpy/lib/python3.10/pickle.py", line 998, in _batch_setitems
    save(v)
  File "/opt/graalpy/lib/python3.10/pickle.py", line 603, in save
    self.save_reduce(obj=obj, *rv)
  File "/opt/graalpy/lib/python3.10/pickle.py", line 717, in save_reduce
    save(state)
  File "/opt/graalpy/lib/python3.10/pickle.py", line 560, in save
    f(self, obj)  # Call unbound method with explicit self
  File "/opt/graalpy/lib/python3.10/pickle.py", line 972, in save_dict
    self._batch_setitems(obj.items())
  File "/opt/graalpy/lib/python3.10/pickle.py", line 998, in _batch_setitems
    save(v)
  File "/opt/graalpy/lib/python3.10/pickle.py", line 560, in save
    f(self, obj)  # Call unbound method with explicit self
  File "/opt/graalpy/lib/python3.10/pickle.py", line 887, in save_tuple
    save(element)
  File "/opt/graalpy/lib/python3.10/pickle.py", line 603, in save
    self.save_reduce(obj=obj, *rv)
  File "/opt/graalpy/lib/python3.10/pickle.py", line 717, in save_reduce
    save(state)
  File "/opt/graalpy/lib/python3.10/pickle.py", line 560, in save
    f(self, obj)  # Call unbound method with explicit self
  File "/opt/graalpy/lib/python3.10/pickle.py", line 972, in save_dict
    self._batch_setitems(obj.items())
  File "/opt/graalpy/lib/python3.10/pickle.py", line 998, in _batch_setitems
    save(v)
  File "/opt/graalpy/lib/python3.10/pickle.py", line 603, in save
    self.save_reduce(obj=obj, *rv)
  File "/opt/graalpy/lib/python3.10/pickle.py", line 717, in save_reduce
    save(state)
  File "/opt/graalpy/lib/python3.10/pickle.py", line 560, in save
    f(self, obj)  # Call unbound method with explicit self
  File "/opt/graalpy/lib/python3.10/pickle.py", line 972, in save_dict
    self._batch_setitems(obj.items())
  File "/opt/graalpy/lib/python3.10/pickle.py", line 998, in _batch_setitems
    save(v)
  File "/opt/graalpy/lib/python3.10/pickle.py", line 578, in save
    rv = reduce(self.proto)
  File "/workdir/pyasn1-0.4.8/pyasn1/type/base.py", line 236, in __getattr__
    raise error.PyAsn1Error('Attempted "%s" operation on ASN.1 schema object' % attr)
pyasn1.error.PyAsn1Error: Attempted "__getnewargs_ex__" operation on ASN.1 schema object</failure></testcase><testcase classname="tests.type.test_useful.GeneralizedTimeTestCase" name="testCopy" time="0.037" /><testcase classname="tests.type.test_useful.GeneralizedTimeTestCase" name="testFromDateTime" time="0.007" /><testcase classname="tests.type.test_useful.GeneralizedTimeTestCase" name="testToDateTime0" time="0.008" /><testcase classname="tests.type.test_useful.GeneralizedTimeTestCase" name="testToDateTime1" time="0.013" /><testcase classname="tests.type.test_useful.GeneralizedTimeTestCase" name="testToDateTime2" time="0.010" /><testcase classname="tests.type.test_useful.GeneralizedTimeTestCase" name="testToDateTime3" time="0.008" /><testcase classname="tests.type.test_useful.GeneralizedTimeTestCase" name="testToDateTime4" time="0.008" /><testcase classname="tests.type.test_useful.GeneralizedTimeTestCase" name="testToDateTime5" time="0.008" /><testcase classname="tests.type.test_useful.GeneralizedTimeTestCase" name="testToDateTime6" time="0.008" /><testcase classname="tests.type.test_useful.GeneralizedTimeTestCase" name="testToDateTime7" time="0.007" /><testcase classname="tests.type.test_useful.GeneralizedTimeTestCase" name="testToDateTime8" time="0.007" /><testcase classname="tests.type.test_useful.GeneralizedTimePicklingTestCase" name="testSchemaPickling" time="0.015"><failure message="pyasn1.error.PyAsn1Error: Attempted &quot;__getnewargs_ex__&quot; operation on ASN.1 schema object">Traceback (most recent call last):
  File "/opt/graalpy/lib/python3.10/unittest/case.py", line 59, in testPartExecutor
    yield
  File "/opt/graalpy/lib/python3.10/unittest/case.py", line 591, in run
    self._callTestMethod(testMethod)
  File "/opt/graalpy/lib/python3.10/unittest/case.py", line 549, in _callTestMethod
    method()
  File "/workdir/pyasn1-0.4.8/tests/type/test_useful.py", line 87, in testSchemaPickling
    serialised = pickle.dumps(old_asn1)
  File "/opt/graalpy/lib/python3.10/pickle.py", line 1756, in _dumps
    _Pickler(f, protocol, fix_imports=fix_imports,
  File "/opt/graalpy/lib/python3.10/pickle.py", line 487, in dump
    self.save(obj)
  File "/opt/graalpy/lib/python3.10/pickle.py", line 603, in save
    self.save_reduce(obj=obj, *rv)
  File "/opt/graalpy/lib/python3.10/pickle.py", line 717, in save_reduce
    save(state)
  File "/opt/graalpy/lib/python3.10/pickle.py", line 560, in save
    f(self, obj)  # Call unbound method with explicit self
  File "/opt/graalpy/lib/python3.10/pickle.py", line 972, in save_dict
    self._batch_setitems(obj.items())
  File "/opt/graalpy/lib/python3.10/pickle.py", line 998, in _batch_setitems
    save(v)
  File "/opt/graalpy/lib/python3.10/pickle.py", line 578, in save
    rv = reduce(self.proto)
  File "/workdir/pyasn1-0.4.8/pyasn1/type/base.py", line 236, in __getattr__
    raise error.PyAsn1Error('Attempted "%s" operation on ASN.1 schema object' % attr)
pyasn1.error.PyAsn1Error: Attempted "__getnewargs_ex__" operation on ASN.1 schema object</failure></testcase><testcase classname="tests.type.test_useful.GeneralizedTimePicklingTestCase" name="testValuePickling" time="0.017" /><testcase classname="tests.type.test_useful.UTCTimeTestCase" name="testFromDateTime" time="0.008" /><testcase classname="tests.type.test_useful.UTCTimeTestCase" name="testToDateTime0" time="0.008" /><testcase classname="tests.type.test_useful.UTCTimeTestCase" name="testToDateTime1" time="0.007" /><testcase classname="tests.type.test_useful.UTCTimeTestCase" name="testToDateTime2" time="0.007" /><testcase classname="tests.type.test_useful.UTCTimeTestCase" name="testToDateTime3" time="0.007" /><testcase classname="tests.type.test_useful.UTCTimeTestCase" name="testToDateTime4" time="0.007" /><testcase classname="tests.type.test_useful.UTCTimePicklingTestCase" name="testSchemaPickling" time="0.015"><failure message="pyasn1.error.PyAsn1Error: Attempted &quot;__getnewargs_ex__&quot; operation on ASN.1 schema object">Traceback (most recent call last):
  File "/opt/graalpy/lib/python3.10/unittest/case.py", line 59, in testPartExecutor
    yield
  File "/opt/graalpy/lib/python3.10/unittest/case.py", line 591, in run
    self._callTestMethod(testMethod)
  File "/opt/graalpy/lib/python3.10/unittest/case.py", line 549, in _callTestMethod
    method()
  File "/workdir/pyasn1-0.4.8/tests/type/test_useful.py", line 126, in testSchemaPickling
    serialised = pickle.dumps(old_asn1)
  File "/opt/graalpy/lib/python3.10/pickle.py", line 1756, in _dumps
    _Pickler(f, protocol, fix_imports=fix_imports,
  File "/opt/graalpy/lib/python3.10/pickle.py", line 487, in dump
    self.save(obj)
  File "/opt/graalpy/lib/python3.10/pickle.py", line 603, in save
    self.save_reduce(obj=obj, *rv)
  File "/opt/graalpy/lib/python3.10/pickle.py", line 717, in save_reduce
    save(state)
  File "/opt/graalpy/lib/python3.10/pickle.py", line 560, in save
    f(self, obj)  # Call unbound method with explicit self
  File "/opt/graalpy/lib/python3.10/pickle.py", line 972, in save_dict
    self._batch_setitems(obj.items())
  File "/opt/graalpy/lib/python3.10/pickle.py", line 998, in _batch_setitems
    save(v)
  File "/opt/graalpy/lib/python3.10/pickle.py", line 578, in save
    rv = reduce(self.proto)
  File "/workdir/pyasn1-0.4.8/pyasn1/type/base.py", line 236, in __getattr__
    raise error.PyAsn1Error('Attempted "%s" operation on ASN.1 schema object' % attr)
pyasn1.error.PyAsn1Error: Attempted "__getnewargs_ex__" operation on ASN.1 schema object</failure></testcase><testcase classname="tests.type.test_useful.UTCTimePicklingTestCase" name="testValuePickling" time="0.017" /></testsuite></testsuites>