<?xml version="1.0" encoding="utf-8"?><testsuites><testsuite name="pytest" errors="7" failures="0" skipped="0" tests="7" time="0.520" timestamp="2023-11-29T23:59:58.608872" hostname="be2d8ee410eb"><testcase classname="" name="tests.test_base" time="0.000"><error message="collection failure">ImportError while importing test module '/workdir/structlog-22.3.0/tests/test_base.py'.
Hint: make sure your test modules/packages have valid Python names.
Traceback:
/usr/local/lib/python3.10/importlib/__init__.py:126: in import_module
    return _bootstrap._gcd_import(name[level:], package, level)
tests/test_base.py:8: in &lt;module&gt;
    from pretend import raiser, stub
E   ModuleNotFoundError: No module named 'pretend'</error></testcase><testcase classname="" name="tests.test_config" time="0.000"><error message="collection failure">ImportError while importing test module '/workdir/structlog-22.3.0/tests/test_config.py'.
Hint: make sure your test modules/packages have valid Python names.
Traceback:
/usr/local/lib/python3.10/importlib/__init__.py:126: in import_module
    return _bootstrap._gcd_import(name[level:], package, level)
tests/test_config.py:12: in &lt;module&gt;
    from pretend import call, call_recorder, stub
E   ModuleNotFoundError: No module named 'pretend'</error></testcase><testcase classname="" name="tests.test_frames" time="0.000"><error message="collection failure">ImportError while importing test module '/workdir/structlog-22.3.0/tests/test_frames.py'.
Hint: make sure your test modules/packages have valid Python names.
Traceback:
/usr/local/lib/python3.10/importlib/__init__.py:126: in import_module
    return _bootstrap._gcd_import(name[level:], package, level)
tests/test_frames.py:10: in &lt;module&gt;
    from pretend import stub
E   ModuleNotFoundError: No module named 'pretend'</error></testcase><testcase classname="" name="tests.test_processors" time="0.000"><error message="collection failure">ImportError while importing test module '/workdir/structlog-22.3.0/tests/test_processors.py'.
Hint: make sure your test modules/packages have valid Python names.
Traceback:
/usr/local/lib/python3.10/importlib/__init__.py:126: in import_module
    return _bootstrap._gcd_import(name[level:], package, level)
tests/test_processors.py:22: in &lt;module&gt;
    from freezegun import freeze_time
E   ModuleNotFoundError: No module named 'freezegun'</error></testcase><testcase classname="" name="tests.test_stdlib" time="0.000"><error message="collection failure">ImportError while importing test module '/workdir/structlog-22.3.0/tests/test_stdlib.py'.
Hint: make sure your test modules/packages have valid Python names.
Traceback:
/usr/local/lib/python3.10/importlib/__init__.py:126: in import_module
    return _bootstrap._gcd_import(name[level:], package, level)
tests/test_stdlib.py:16: in &lt;module&gt;
    import pytest_asyncio
E   ModuleNotFoundError: No module named 'pytest_asyncio'</error></testcase><testcase classname="" name="tests.test_twisted" time="0.000"><error message="collection failure">ImportError while importing test module '/workdir/structlog-22.3.0/tests/test_twisted.py'.
Hint: make sure your test modules/packages have valid Python names.
Traceback:
/usr/local/lib/python3.10/importlib/__init__.py:126: in import_module
    return _bootstrap._gcd_import(name[level:], package, level)
tests/test_twisted.py:10: in &lt;module&gt;
    from pretend import call_recorder
E   ModuleNotFoundError: No module named 'pretend'</error></testcase><testcase classname="" name="tests.test_utils" time="0.000"><error message="collection failure">ImportError while importing test module '/workdir/structlog-22.3.0/tests/test_utils.py'.
Hint: make sure your test modules/packages have valid Python names.
Traceback:
/usr/local/lib/python3.10/importlib/__init__.py:126: in import_module
    return _bootstrap._gcd_import(name[level:], package, level)
tests/test_utils.py:12: in &lt;module&gt;
    from pretend import raiser
E   ModuleNotFoundError: No module named 'pretend'</error></testcase></testsuite></testsuites>