<?xml version="1.0" encoding="utf-8"?><testsuites><testsuite name="pytest" errors="0" failures="0" skipped="0" tests="15" time="0.196" timestamp="2023-11-30T06:40:23.742709" hostname="be2d8ee410eb"><testcase classname="ast3.tests.test_basics" name="test_basics" time="0.002" /><testcase classname="ast3.tests.test_basics" name="test_redundantdef" time="0.002" /><testcase classname="ast3.tests.test_basics" name="test_vardecl" time="0.001" /><testcase classname="ast3.tests.test_basics" name="test_forstmt" time="0.001" /><testcase classname="ast3.tests.test_basics" name="test_withstmt" time="0.002" /><testcase classname="ast3.tests.test_basics" name="test_longargs" time="0.003" /><testcase classname="ast3.tests.test_basics" name="test_ignores" time="0.002" /><testcase classname="ast3.tests.test_basics" name="test_asyncfunc" time="0.001" /><testcase classname="ast3.tests.test_basics" name="test_asyncvar" time="0.001" /><testcase classname="ast3.tests.test_basics" name="test_asynccomp" time="0.002" /><testcase classname="ast3.tests.test_basics" name="test_matmul" time="0.002" /><testcase classname="ast3.tests.test_basics" name="test_strkind" time="0.001" /><testcase classname="ast3.tests.test_basics" name="test_convert_strs" time="0.002" /><testcase classname="ast3.tests.test_basics" name="test_simple_fstring" time="0.001" /><testcase classname="ast3.tests.test_basics" name="test_await_fstring" time="0.001" /></testsuite></testsuites>