GLOB sdist-make: /workdir/logzero-1.7.0/setup.py
cpythonlibtest-unit-test-tests create: /workdir/logzero-1.7.0/.tox/cpythonlibtest-unit-test-tests
cpythonlibtest-unit-test-tests installdeps: mock, pytest, -rrequirements_windows.txt, -rrequirements_dev.txt
cpythonlibtest-unit-test-tests inst: /workdir/logzero-1.7.0/.tox/.tmp/package/1/logzero-1.7.0.zip
cpythonlibtest-unit-test-tests installed: alabaster==0.7.13,atomicwrites==1.4.1,attrs==23.1.0,Babel==2.13.1,bump2version==1.0.1,bumpversion==0.6.0,certifi==2023.11.17,cffi==1.16.0,charset-normalizer==3.3.2,colorama==0.4.4,coverage==5.3,cryptography==3.4.6,docutils==0.20.1,flake8==3.8.4,idna==3.4,imagesize==1.4.1,importlib-metadata==6.8.0,Jinja2==3.1.2,logzero @ file:///workdir/logzero-1.7.0/.tox/.tmp/package/1/logzero-1.7.0.zip#sha256=eb2d3984f5883f09459abfda1dc58db326e329bad1538076b286b63de5ba83e6,MarkupSafe==2.1.3,mccabe==0.6.1,mock==5.1.0,more-itertools==10.1.0,packaging==23.2,pathtools==0.1.2,pluggy==0.13.1,py==1.11.0,pycodestyle==2.6.0,pycparser==2.21,pyflakes==2.2.0,Pygments==2.17.2,pytest==4.6.0,pytest-runner==5.2,requests==2.31.0,six==1.16.0,snowballstemmer==2.2.0,Sphinx==3.3.1,sphinx-rtd-theme==0.5.0,sphinxcontrib-applehelp==1.0.4,sphinxcontrib-devhelp==1.0.2,sphinxcontrib-htmlhelp==2.0.1,sphinxcontrib-jsmath==1.0.1,sphinxcontrib-qthelp==1.0.3,sphinxcontrib-serializinghtml==1.1.5,urllib3==2.1.0,watchdog==0.10.3,wcwidth==0.2.12,zipp==3.17.0
cpythonlibtest-unit-test-tests run-test-pre: PYTHONHASHSEED='285673494'
cpythonlibtest-unit-test-tests run-test: commands[0] | pytest -v --tb=native --junitxml /workdir/results/logzero/1.7.0/1/cpython-test-results.xml
============================= test session starts ==============================
platform linux -- Python 3.10.8, pytest-4.6.0, py-1.11.0, pluggy-0.13.1 -- /workdir/logzero-1.7.0/.tox/cpythonlibtest-unit-test-tests/bin/python
cachedir: .tox/cpythonlibtest-unit-test-tests/.pytest_cache
rootdir: /workdir/logzero-1.7.0
collecting ... collected 0 items / 3 errors

==================================== ERRORS ====================================
_____________________ ERROR collecting tests/test_json.py ______________________
Traceback (most recent call last):
  File "<frozen importlib._bootstrap>", line 939, in _find_spec
AttributeError: 'AssertionRewritingHook' object has no attribute 'find_spec'

During handling of the above exception, another exception occurred:

Traceback (most recent call last):
  File "/workdir/logzero-1.7.0/.tox/cpythonlibtest-unit-test-tests/lib/python3.10/site-packages/py/_path/local.py", line 704, in pyimport
    __import__(modname)
  File "<frozen importlib._bootstrap>", line 1027, in _find_and_load
  File "<frozen importlib._bootstrap>", line 1002, in _find_and_load_unlocked
  File "<frozen importlib._bootstrap>", line 941, in _find_spec
  File "<frozen importlib._bootstrap>", line 915, in _find_spec_legacy
  File "/workdir/logzero-1.7.0/.tox/cpythonlibtest-unit-test-tests/lib/python3.10/site-packages/_pytest/assertion/rewrite.py", line 169, in find_module
    source_stat, co = _rewrite_test(self.config, fn_pypath)
  File "/workdir/logzero-1.7.0/.tox/cpythonlibtest-unit-test-tests/lib/python3.10/site-packages/_pytest/assertion/rewrite.py", line 406, in _rewrite_test
    co = compile(tree, fn.strpath, "exec", dont_inherit=True)
TypeError: required field "lineno" missing from alias
____________________ ERROR collecting tests/test_logzero.py ____________________
Traceback (most recent call last):
  File "<frozen importlib._bootstrap>", line 939, in _find_spec
AttributeError: 'AssertionRewritingHook' object has no attribute 'find_spec'

During handling of the above exception, another exception occurred:

Traceback (most recent call last):
  File "/workdir/logzero-1.7.0/.tox/cpythonlibtest-unit-test-tests/lib/python3.10/site-packages/py/_path/local.py", line 704, in pyimport
    __import__(modname)
  File "<frozen importlib._bootstrap>", line 1027, in _find_and_load
  File "<frozen importlib._bootstrap>", line 1002, in _find_and_load_unlocked
  File "<frozen importlib._bootstrap>", line 941, in _find_spec
  File "<frozen importlib._bootstrap>", line 915, in _find_spec_legacy
  File "/workdir/logzero-1.7.0/.tox/cpythonlibtest-unit-test-tests/lib/python3.10/site-packages/_pytest/assertion/rewrite.py", line 169, in find_module
    source_stat, co = _rewrite_test(self.config, fn_pypath)
  File "/workdir/logzero-1.7.0/.tox/cpythonlibtest-unit-test-tests/lib/python3.10/site-packages/_pytest/assertion/rewrite.py", line 406, in _rewrite_test
    co = compile(tree, fn.strpath, "exec", dont_inherit=True)
TypeError: required field "lineno" missing from alias
____________________ ERROR collecting tests/test_new_api.py ____________________
Traceback (most recent call last):
  File "<frozen importlib._bootstrap>", line 939, in _find_spec
AttributeError: 'AssertionRewritingHook' object has no attribute 'find_spec'

During handling of the above exception, another exception occurred:

Traceback (most recent call last):
  File "/workdir/logzero-1.7.0/.tox/cpythonlibtest-unit-test-tests/lib/python3.10/site-packages/py/_path/local.py", line 704, in pyimport
    __import__(modname)
  File "<frozen importlib._bootstrap>", line 1027, in _find_and_load
  File "<frozen importlib._bootstrap>", line 1002, in _find_and_load_unlocked
  File "<frozen importlib._bootstrap>", line 941, in _find_spec
  File "<frozen importlib._bootstrap>", line 915, in _find_spec_legacy
  File "/workdir/logzero-1.7.0/.tox/cpythonlibtest-unit-test-tests/lib/python3.10/site-packages/_pytest/assertion/rewrite.py", line 169, in find_module
    source_stat, co = _rewrite_test(self.config, fn_pypath)
  File "/workdir/logzero-1.7.0/.tox/cpythonlibtest-unit-test-tests/lib/python3.10/site-packages/_pytest/assertion/rewrite.py", line 406, in _rewrite_test
    co = compile(tree, fn.strpath, "exec", dont_inherit=True)
TypeError: required field "lineno" missing from alias
- generated xml file: /workdir/results/logzero/1.7.0/1/cpython-test-results.xml -
!!!!!!!!!!!!!!!!!!! Interrupted: 3 errors during collection !!!!!!!!!!!!!!!!!!!!
=========================== 3 error in 0.08 seconds ============================
ERROR: InvocationError for command /workdir/logzero-1.7.0/.tox/cpythonlibtest-unit-test-tests/bin/pytest -v --tb=native --junitxml /workdir/results/logzero/1.7.0/1/cpython-test-results.xml (exited with code 2)
___________________________________ summary ____________________________________
ERROR:   cpythonlibtest-unit-test-tests: commands failed
