<?xml version="1.0" encoding="utf-8"?><testsuite errors="3" failures="0" name="pytest" skipped="0" tests="3" time="0.081"><testcase classname="" file="tests/test_json.py" name="tests.test_json" time="0.000"><error message="collection failure">Traceback (most recent call last):
  File &quot;&lt;frozen importlib._bootstrap&gt;&quot;, line 939, in _find_spec
AttributeError: &apos;AssertionRewritingHook&apos; object has no attribute &apos;find_spec&apos;

During handling of the above exception, another exception occurred:

Traceback (most recent call last):
  File &quot;/workdir/logzero-1.7.0/.tox/cpythonlibtest-unit-test-tests/lib/python3.10/site-packages/py/_path/local.py&quot;, line 704, in pyimport
    __import__(modname)
  File &quot;&lt;frozen importlib._bootstrap&gt;&quot;, line 1027, in _find_and_load
  File &quot;&lt;frozen importlib._bootstrap&gt;&quot;, line 1002, in _find_and_load_unlocked
  File &quot;&lt;frozen importlib._bootstrap&gt;&quot;, line 941, in _find_spec
  File &quot;&lt;frozen importlib._bootstrap&gt;&quot;, line 915, in _find_spec_legacy
  File &quot;/workdir/logzero-1.7.0/.tox/cpythonlibtest-unit-test-tests/lib/python3.10/site-packages/_pytest/assertion/rewrite.py&quot;, line 169, in find_module
    source_stat, co = _rewrite_test(self.config, fn_pypath)
  File &quot;/workdir/logzero-1.7.0/.tox/cpythonlibtest-unit-test-tests/lib/python3.10/site-packages/_pytest/assertion/rewrite.py&quot;, line 406, in _rewrite_test
    co = compile(tree, fn.strpath, &quot;exec&quot;, dont_inherit=True)
TypeError: required field &quot;lineno&quot; missing from alias</error></testcase><testcase classname="" file="tests/test_logzero.py" name="tests.test_logzero" time="0.000"><error message="collection failure">Traceback (most recent call last):
  File &quot;&lt;frozen importlib._bootstrap&gt;&quot;, line 939, in _find_spec
AttributeError: &apos;AssertionRewritingHook&apos; object has no attribute &apos;find_spec&apos;

During handling of the above exception, another exception occurred:

Traceback (most recent call last):
  File &quot;/workdir/logzero-1.7.0/.tox/cpythonlibtest-unit-test-tests/lib/python3.10/site-packages/py/_path/local.py&quot;, line 704, in pyimport
    __import__(modname)
  File &quot;&lt;frozen importlib._bootstrap&gt;&quot;, line 1027, in _find_and_load
  File &quot;&lt;frozen importlib._bootstrap&gt;&quot;, line 1002, in _find_and_load_unlocked
  File &quot;&lt;frozen importlib._bootstrap&gt;&quot;, line 941, in _find_spec
  File &quot;&lt;frozen importlib._bootstrap&gt;&quot;, line 915, in _find_spec_legacy
  File &quot;/workdir/logzero-1.7.0/.tox/cpythonlibtest-unit-test-tests/lib/python3.10/site-packages/_pytest/assertion/rewrite.py&quot;, line 169, in find_module
    source_stat, co = _rewrite_test(self.config, fn_pypath)
  File &quot;/workdir/logzero-1.7.0/.tox/cpythonlibtest-unit-test-tests/lib/python3.10/site-packages/_pytest/assertion/rewrite.py&quot;, line 406, in _rewrite_test
    co = compile(tree, fn.strpath, &quot;exec&quot;, dont_inherit=True)
TypeError: required field &quot;lineno&quot; missing from alias</error></testcase><testcase classname="" file="tests/test_new_api.py" name="tests.test_new_api" time="0.000"><error message="collection failure">Traceback (most recent call last):
  File &quot;&lt;frozen importlib._bootstrap&gt;&quot;, line 939, in _find_spec
AttributeError: &apos;AssertionRewritingHook&apos; object has no attribute &apos;find_spec&apos;

During handling of the above exception, another exception occurred:

Traceback (most recent call last):
  File &quot;/workdir/logzero-1.7.0/.tox/cpythonlibtest-unit-test-tests/lib/python3.10/site-packages/py/_path/local.py&quot;, line 704, in pyimport
    __import__(modname)
  File &quot;&lt;frozen importlib._bootstrap&gt;&quot;, line 1027, in _find_and_load
  File &quot;&lt;frozen importlib._bootstrap&gt;&quot;, line 1002, in _find_and_load_unlocked
  File &quot;&lt;frozen importlib._bootstrap&gt;&quot;, line 941, in _find_spec
  File &quot;&lt;frozen importlib._bootstrap&gt;&quot;, line 915, in _find_spec_legacy
  File &quot;/workdir/logzero-1.7.0/.tox/cpythonlibtest-unit-test-tests/lib/python3.10/site-packages/_pytest/assertion/rewrite.py&quot;, line 169, in find_module
    source_stat, co = _rewrite_test(self.config, fn_pypath)
  File &quot;/workdir/logzero-1.7.0/.tox/cpythonlibtest-unit-test-tests/lib/python3.10/site-packages/_pytest/assertion/rewrite.py&quot;, line 406, in _rewrite_test
    co = compile(tree, fn.strpath, &quot;exec&quot;, dont_inherit=True)
TypeError: required field &quot;lineno&quot; missing from alias</error></testcase></testsuite>