Collecting Scrapy==2.7.1
  Downloading Scrapy-2.7.1-py2.py3-none-any.whl (271 kB)
     ━━━━━━━━━━━━━━━━━━━━━━━━━━━━━━━━━━━━━━━ 271.5/271.5 kB 4.4 MB/s eta 0:00:00
Collecting Twisted>=18.9.0
  Downloading twisted-23.10.0-py3-none-any.whl (3.2 MB)
     ━━━━━━━━━━━━━━━━━━━━━━━━━━━━━━━━━━━━━━━━ 3.2/3.2 MB 8.3 MB/s eta 0:00:00
Collecting cryptography>=3.3
  Using cached cryptography-3.4.7-graalpy310-graalpy231_310_native-linux_x86_64.whl
Collecting cssselect>=0.9.1
  Downloading cssselect-1.2.0-py2.py3-none-any.whl (18 kB)
Collecting itemloaders>=1.0.1
  Downloading itemloaders-1.1.0-py3-none-any.whl (11 kB)
Collecting parsel>=1.5.0
  Downloading parsel-1.8.1-py2.py3-none-any.whl (17 kB)
Collecting pyOpenSSL>=21.0.0
  Downloading pyOpenSSL-21.0.0-py2.py3-none-any.whl (55 kB)
     ━━━━━━━━━━━━━━━━━━━━━━━━━━━━━━━━━━━━━━━━ 55.1/55.1 kB 2.7 MB/s eta 0:00:00
Collecting queuelib>=1.4.2
  Downloading queuelib-1.6.2-py2.py3-none-any.whl (13 kB)
Collecting service-identity>=18.1.0
  Downloading service_identity-23.1.0-py3-none-any.whl (12 kB)
Collecting w3lib>=1.17.0
  Downloading w3lib-2.1.2-py3-none-any.whl (21 kB)
Collecting zope.interface>=5.1.0
  Using cached zope.interface-6.1-graalpy310-graalpy231_310_native-linux_x86_64.whl
Collecting protego>=0.1.15
  Downloading Protego-0.3.0-py2.py3-none-any.whl (8.5 kB)
Collecting itemadapter>=0.1.0
  Downloading itemadapter-0.8.0-py3-none-any.whl (11 kB)
Requirement already satisfied: setuptools in ./install-virtualenv/lib/python3.10/site-packages (from Scrapy==2.7.1) (63.2.0)
Collecting packaging
  Using cached packaging-23.2-py3-none-any.whl (53 kB)
Collecting tldextract
  Downloading tldextract-5.1.1-py3-none-any.whl (97 kB)
     ━━━━━━━━━━━━━━━━━━━━━━━━━━━━━━━━━━━━━━━━ 97.7/97.7 kB 4.4 MB/s eta 0:00:00
Collecting lxml>=4.3.0
  Using cached lxml-4.9.1-graalpy310-graalpy231_310_native-linux_x86_64.whl
Collecting cffi>=1.12
  Using cached cffi-1.15.1-graalpy310-graalpy231_310_native-linux_x86_64.whl
Collecting jmespath>=0.9.5
  Using cached jmespath-1.0.1-py3-none-any.whl (20 kB)
Collecting six>=1.5.2
  Using cached six-1.16.0-py2.py3-none-any.whl (11 kB)
Collecting attrs>=19.1.0
  Using cached attrs-23.1.0-py3-none-any.whl (61 kB)
Collecting pyasn1
  Using cached pyasn1-0.5.1-py2.py3-none-any.whl (84 kB)
Collecting pyasn1-modules
  Downloading pyasn1_modules-0.3.0-py2.py3-none-any.whl (181 kB)
     ━━━━━━━━━━━━━━━━━━━━━━━━━━━━━━━━━━━━━━━ 181.3/181.3 kB 5.0 MB/s eta 0:00:00
Collecting automat>=0.8.0
  Downloading Automat-22.10.0-py2.py3-none-any.whl (26 kB)
Collecting constantly>=15.1
  Downloading constantly-23.10.4-py3-none-any.whl (13 kB)
Collecting hyperlink>=17.1.1
  Downloading hyperlink-21.0.0-py2.py3-none-any.whl (74 kB)
     ━━━━━━━━━━━━━━━━━━━━━━━━━━━━━━━━━━━━━━━━ 74.6/74.6 kB 3.5 MB/s eta 0:00:00
Collecting incremental>=22.10.0
  Downloading incremental-22.10.0-py2.py3-none-any.whl (16 kB)
Collecting typing-extensions>=4.2.0
  Using cached typing_extensions-4.8.0-py3-none-any.whl (31 kB)
Collecting idna
  Using cached idna-3.6-py3-none-any.whl (61 kB)
Collecting requests>=2.1.0
  Using cached requests-2.31.0-py3-none-any.whl (62 kB)
Collecting requests-file>=1.4
  Downloading requests_file-1.5.1-py2.py3-none-any.whl (3.7 kB)
Collecting filelock>=3.0.8
  Using cached filelock-3.13.1-py3-none-any.whl (11 kB)
Collecting pycparser
  Using cached pycparser-2.21-py2.py3-none-any.whl (118 kB)
Collecting charset-normalizer<4,>=2
  Using cached charset_normalizer-3.1.0-py3-none-any.whl (46 kB)
Collecting urllib3<3,>=1.21.1
  Using cached urllib3-2.1.0-py3-none-any.whl (104 kB)
Collecting certifi>=2017.4.17
  Using cached certifi-2023.11.17-py3-none-any.whl (162 kB)
Installing collected packages: incremental, zope.interface, w3lib, urllib3, typing-extensions, six, queuelib, pycparser, pyasn1, protego, packaging, lxml, jmespath, itemadapter, idna, filelock, cssselect, constantly, charset-normalizer, certifi, attrs, requests, pyasn1-modules, parsel, hyperlink, cffi, automat, Twisted, requests-file, itemloaders, cryptography, tldextract, service-identity, pyOpenSSL, Scrapy
Looking for GraalPy patches for incremental
Looking for GraalPy patches for zope.interface
Looking for GraalPy patches for w3lib
Looking for GraalPy patches for urllib3
Looking for GraalPy patches for typing_extensions
Looking for GraalPy patches for six
Looking for GraalPy patches for queuelib
Looking for GraalPy patches for pycparser
Looking for GraalPy patches for pyasn1
Looking for GraalPy patches for Protego
Looking for GraalPy patches for packaging
Patching package packaging using /opt/graalpy/lib/graalpy23.1/patches/packaging/packaging.patch
patching file packaging/tags.py
Hunk #1 FAILED at 4.
Hunk #2 FAILED at 37.
2 out of 2 hunks FAILED -- saving rejects to file packaging/tags.py.rej
Applying GraalPy patch failed for packaging. The package may still work.
Looking for GraalPy patches for lxml
Patching package lxml using /opt/graalpy/lib/graalpy23.1/patches/lxml/lxml-4.9.1.patch
patching file pyproject.toml
can't find file to patch at input line 14
Perhaps you used the wrong -p or --strip option?
The text leading up to this was:
--------------------------
|diff --git a/setupinfo.py b/setupinfo.py
|index 6758914..288d09e 100644
|--- a/setupinfo.py
|+++ b/setupinfo.py
--------------------------
No file to patch.  Skipping patch.
1 out of 1 hunk ignored
can't find file to patch at input line 27
Perhaps you used the wrong -p or --strip option?
The text leading up to this was:
--------------------------
|diff --git a/src/lxml/etree.c b/src/lxml/etree.c
|index 28ad548..cb066dc 100644
|--- a/src/lxml/etree.c
|+++ b/src/lxml/etree.c
--------------------------
No file to patch.  Skipping patch.
1 out of 1 hunk ignored
Applying GraalPy patch failed for lxml. The package may still work.
Looking for GraalPy patches for jmespath
Looking for GraalPy patches for itemadapter
Looking for GraalPy patches for idna
Looking for GraalPy patches for filelock
Looking for GraalPy patches for cssselect
Looking for GraalPy patches for constantly
Looking for GraalPy patches for charset_normalizer
Patching package charset_normalizer using /opt/graalpy/lib/graalpy23.1/patches/charset_normalizer/charset_normalizer-3.1.0.patch
patching file charset_normalizer/utils.py
Hunk #1 succeeded at 7 with fuzz 2 (offset -4 lines).
Hunk #2 succeeded at 258 with fuzz 2 (offset 11 lines).
Looking for GraalPy patches for certifi
Looking for GraalPy patches for attrs
Looking for GraalPy patches for requests
Looking for GraalPy patches for pyasn1_modules
Looking for GraalPy patches for parsel
Looking for GraalPy patches for hyperlink
Looking for GraalPy patches for cffi
Patching package cffi using /opt/graalpy/lib/graalpy23.1/patches/cffi/cffi-1.15.1.patch
can't find file to patch at input line 5
Perhaps you used the wrong -p or --strip option?
The text leading up to this was:
--------------------------
|diff --git a/c/_cffi_backend.c b/c/_cffi_backend.c
|index 2cdb76b..ab91032 100644
|--- a/c/_cffi_backend.c
|+++ b/c/_cffi_backend.c
--------------------------
No file to patch.  Skipping patch.
1 out of 1 hunk ignored
can't find file to patch at input line 18
Perhaps you used the wrong -p or --strip option?
The text leading up to this was:
--------------------------
|diff --git a/c/lib_obj.c b/c/lib_obj.c
|index 38bf3d5..9954f3b 100644
|--- a/c/lib_obj.c
|+++ b/c/lib_obj.c
--------------------------
No file to patch.  Skipping patch.
1 out of 1 hunk ignored
can't find file to patch at input line 35
Perhaps you used the wrong -p or --strip option?
The text leading up to this was:
--------------------------
|diff --git a/c/misc_thread_common.h b/c/misc_thread_common.h
|index 66e2835..b48fd85 100644
|--- a/c/misc_thread_common.h
|+++ b/c/misc_thread_common.h
--------------------------
No file to patch.  Skipping patch.
1 out of 1 hunk ignored
Applying GraalPy patch failed for cffi. The package may still work.
Looking for GraalPy patches for Automat
Looking for GraalPy patches for twisted
Looking for GraalPy patches for requests_file
Looking for GraalPy patches for itemloaders
Looking for GraalPy patches for cryptography
Patching package cryptography using /opt/graalpy/lib/graalpy23.1/patches/cryptography/cryptography-3.4.7.patch
can't find file to patch at input line 14
Perhaps you used the wrong -p or --strip option?
The text leading up to this was:
--------------------------
|From 48c48e16800c6331598aa63849873f121122a3b0 Mon Sep 17 00:00:00 2001
|From: Michael Simacek <michael.simacek@oracle.com>
|Date: Mon, 24 Jan 2022 10:09:39 +0100
|Subject: [PATCH] Disable rust
|
|---
| setup.py | 2 +-
| 1 file changed, 1 insertion(+), 1 deletion(-)
|
|diff --git a/setup.py b/setup.py
|index 74f69e7..f24c626 100644
|--- a/setup.py
|+++ b/setup.py
--------------------------
No file to patch.  Skipping patch.
1 out of 1 hunk ignored
Applying GraalPy patch failed for cryptography. The package may still work.
Looking for GraalPy patches for tldextract
Looking for GraalPy patches for service_identity
Looking for GraalPy patches for pyOpenSSL
Looking for GraalPy patches for Scrapy
Successfully installed Scrapy-2.7.1 Twisted-23.10.0 attrs-23.1.0 automat-22.10.0 certifi-2023.11.17 cffi-1.15.1 charset-normalizer-3.1.0 constantly-23.10.4 cryptography-3.4.7 cssselect-1.2.0 filelock-3.13.1 hyperlink-21.0.0 idna-3.6 incremental-22.10.0 itemadapter-0.8.0 itemloaders-1.1.0 jmespath-1.0.1 lxml-4.9.1 packaging-23.2 parsel-1.8.1 protego-0.3.0 pyOpenSSL-21.0.0 pyasn1-0.5.1 pyasn1-modules-0.3.0 pycparser-2.21 queuelib-1.6.2 requests-2.31.0 requests-file-1.5.1 service-identity-23.1.0 six-1.16.0 tldextract-5.1.1 typing-extensions-4.8.0 urllib3-2.1.0 w3lib-2.1.2 zope.interface-6.1
