<?xml version="1.0" encoding="utf-8"?><testsuites><testsuite name="pytest" errors="0" failures="12" skipped="2" tests="14" time="0.752" timestamp="2023-11-23T04:00:48.099000" hostname="80ac3eb7f7f2"><testcase classname="tests.test_echo.PtyEchoTestCase" name="test_waitnoecho_forever" time="0.020"><failure message="AttributeError: module 'os' has no attribute 'fork'">Traceback (most recent call last):
  File "/opt/graalpy/lib/python3.10/unittest/case.py", line 59, in testPartExecutor
    yield
  File "/opt/graalpy/lib/python3.10/unittest/case.py", line 591, in run
    self._callTestMethod(testMethod)
  File "/opt/graalpy/lib/python3.10/unittest/case.py", line 549, in _callTestMethod
    method()
  File "/workdir/ptyprocess-0.7.0/tests/test_echo.py", line 19, in test_waitnoecho_forever
    cat = PtyProcess.spawn(['cat'], echo=False)
  File "/workdir/ptyprocess-0.7.0/ptyprocess/ptyprocess.py", line 230, in spawn
    pid, fd = pty.fork()
  File "/opt/graalpy/lib/python3.10/pty.py", line 102, in fork
    pid = os.fork()
AttributeError: module 'os' has no attribute 'fork'</failure></testcase><testcase classname="tests.test_echo.PtyEchoTestCase" name="test_waitnoecho_timeout" time="0.014"><failure message="AttributeError: module 'os' has no attribute 'fork'">Traceback (most recent call last):
  File "/opt/graalpy/lib/python3.10/unittest/case.py", line 59, in testPartExecutor
    yield
  File "/opt/graalpy/lib/python3.10/unittest/case.py", line 591, in run
    self._callTestMethod(testMethod)
  File "/opt/graalpy/lib/python3.10/unittest/case.py", line 549, in _callTestMethod
    method()
  File "/workdir/ptyprocess-0.7.0/tests/test_echo.py", line 30, in test_waitnoecho_timeout
    cat = PtyProcess.spawn(['cat'], echo=True)
  File "/workdir/ptyprocess-0.7.0/ptyprocess/ptyprocess.py", line 230, in spawn
    pid, fd = pty.fork()
  File "/opt/graalpy/lib/python3.10/pty.py", line 102, in fork
    pid = os.fork()
AttributeError: module 'os' has no attribute 'fork'</failure></testcase><testcase classname="tests.test_invalid_binary.InvalidBinaryChars" name="test_invalid_binary" time="0.011"><failure message="AttributeError: module 'os' has no attribute 'fork'">Traceback (most recent call last):
  File "/opt/graalpy/lib/python3.10/unittest/case.py", line 59, in testPartExecutor
    yield
  File "/opt/graalpy/lib/python3.10/unittest/case.py", line 591, in run
    self._callTestMethod(testMethod)
  File "/opt/graalpy/lib/python3.10/unittest/case.py", line 549, in _callTestMethod
    method()
  File "/workdir/ptyprocess-0.7.0/tests/test_invalid_binary.py", line 55, in test_invalid_binary
    child = PtyProcess.spawn([fullpath])
  File "/workdir/ptyprocess-0.7.0/ptyprocess/ptyprocess.py", line 230, in spawn
    pid, fd = pty.fork()
  File "/opt/graalpy/lib/python3.10/pty.py", line 102, in fork
    pid = os.fork()
AttributeError: module 'os' has no attribute 'fork'</failure></testcase><testcase classname="tests.test_preexec_fn.PreexecFns" name="test_preexec" time="0.010"><failure message="AttributeError: module 'os' has no attribute 'fork'">Traceback (most recent call last):
  File "/opt/graalpy/lib/python3.10/unittest/case.py", line 59, in testPartExecutor
    yield
  File "/opt/graalpy/lib/python3.10/unittest/case.py", line 591, in run
    self._callTestMethod(testMethod)
  File "/opt/graalpy/lib/python3.10/unittest/case.py", line 549, in _callTestMethod
    method()
  File "/workdir/ptyprocess-0.7.0/tests/test_preexec_fn.py", line 36, in test_preexec
    child = PtyProcess.spawn(['ls'], preexec_fn=pef)
  File "/workdir/ptyprocess-0.7.0/ptyprocess/ptyprocess.py", line 230, in spawn
    pid, fd = pty.fork()
  File "/opt/graalpy/lib/python3.10/pty.py", line 102, in fork
    pid = os.fork()
AttributeError: module 'os' has no attribute 'fork'</failure></testcase><testcase classname="tests.test_preexec_fn.PreexecFns" name="test_preexec_error" time="0.008"><failure message="AttributeError: module 'os' has no attribute 'fork'">Traceback (most recent call last):
  File "/opt/graalpy/lib/python3.10/unittest/case.py", line 59, in testPartExecutor
    yield
  File "/opt/graalpy/lib/python3.10/unittest/case.py", line 591, in run
    self._callTestMethod(testMethod)
  File "/opt/graalpy/lib/python3.10/unittest/case.py", line 549, in _callTestMethod
    method()
  File "/workdir/ptyprocess-0.7.0/tests/test_preexec_fn.py", line 49, in test_preexec_error
    child = PtyProcess.spawn(['ls'], preexec_fn=func)
  File "/workdir/ptyprocess-0.7.0/ptyprocess/ptyprocess.py", line 230, in spawn
    pid, fd = pty.fork()
  File "/opt/graalpy/lib/python3.10/pty.py", line 102, in fork
    pid = os.fork()
AttributeError: module 'os' has no attribute 'fork'</failure></testcase><testcase classname="tests.test_spawn.PtyTestCase" name="test_interactive_repl_unicode_echo" time="0.008"><skipped type="pytest.skip" message="bc(1) not found on this server.">/workdir/ptyprocess-0.7.0/tests/test_spawn.py:114: bc(1) not found on this server.</skipped></testcase><testcase classname="tests.test_spawn.PtyTestCase" name="test_interactive_repl_unicode_noecho" time="0.052"><skipped type="pytest.skip" message="bc(1) not found on this server.">/workdir/ptyprocess-0.7.0/tests/test_spawn.py:110: bc(1) not found on this server.</skipped></testcase><testcase classname="tests.test_spawn.PtyTestCase" name="test_pass_fds" time="0.009"><failure message="AttributeError: module 'fcntl' has no attribute 'fcntl'">Traceback (most recent call last):
  File "/opt/graalpy/lib/python3.10/unittest/case.py", line 59, in testPartExecutor
    yield
  File "/opt/graalpy/lib/python3.10/unittest/case.py", line 591, in run
    self._callTestMethod(testMethod)
  File "/opt/graalpy/lib/python3.10/unittest/case.py", line 549, in _callTestMethod
    method()
  File "/workdir/ptyprocess-0.7.0/tests/test_spawn.py", line 123, in test_pass_fds
    fcntl.fcntl(temp_file_fd,
AttributeError: module 'fcntl' has no attribute 'fcntl'</failure></testcase><testcase classname="tests.test_spawn.PtyTestCase" name="test_quick_spawn" time="0.009"><failure message="AttributeError: module 'os' has no attribute 'fork'">Traceback (most recent call last):
  File "/opt/graalpy/lib/python3.10/unittest/case.py", line 59, in testPartExecutor
    yield
  File "/opt/graalpy/lib/python3.10/unittest/case.py", line 591, in run
    self._callTestMethod(testMethod)
  File "/opt/graalpy/lib/python3.10/unittest/case.py", line 549, in _callTestMethod
    method()
  File "/workdir/ptyprocess-0.7.0/tests/test_spawn.py", line 58, in test_quick_spawn
    PtyProcess.spawn(['true'])
  File "/workdir/ptyprocess-0.7.0/ptyprocess/ptyprocess.py", line 230, in spawn
    pid, fd = pty.fork()
  File "/opt/graalpy/lib/python3.10/pty.py", line 102, in fork
    pid = os.fork()
AttributeError: module 'os' has no attribute 'fork'</failure></testcase><testcase classname="tests.test_spawn.PtyTestCase" name="test_spawn_sh" time="0.008"><failure message="AttributeError: module 'os' has no attribute 'fork'">Traceback (most recent call last):
  File "/opt/graalpy/lib/python3.10/unittest/case.py", line 59, in testPartExecutor
    yield
  File "/opt/graalpy/lib/python3.10/unittest/case.py", line 591, in run
    self._callTestMethod(testMethod)
  File "/opt/graalpy/lib/python3.10/unittest/case.py", line 549, in _callTestMethod
    method()
  File "/workdir/ptyprocess-0.7.0/tests/test_spawn.py", line 45, in test_spawn_sh
    self._spawn_sh(PtyProcess, self.cmd.encode('ascii'),
  File "/workdir/ptyprocess-0.7.0/tests/test_spawn.py", line 23, in _spawn_sh
    p = ptyp.spawn(['sh'], env=self.env)
  File "/workdir/ptyprocess-0.7.0/ptyprocess/ptyprocess.py", line 230, in spawn
    pid, fd = pty.fork()
  File "/opt/graalpy/lib/python3.10/pty.py", line 102, in fork
    pid = os.fork()
AttributeError: module 'os' has no attribute 'fork'</failure></testcase><testcase classname="tests.test_spawn.PtyTestCase" name="test_spawn_sh_unicode" time="0.009"><failure message="AttributeError: module 'os' has no attribute 'fork'">Traceback (most recent call last):
  File "/opt/graalpy/lib/python3.10/unittest/case.py", line 59, in testPartExecutor
    yield
  File "/opt/graalpy/lib/python3.10/unittest/case.py", line 591, in run
    self._callTestMethod(testMethod)
  File "/opt/graalpy/lib/python3.10/unittest/case.py", line 549, in _callTestMethod
    method()
  File "/workdir/ptyprocess-0.7.0/tests/test_spawn.py", line 50, in test_spawn_sh_unicode
    self._spawn_sh(PtyProcessUnicode, self.cmd,
  File "/workdir/ptyprocess-0.7.0/tests/test_spawn.py", line 23, in _spawn_sh
    p = ptyp.spawn(['sh'], env=self.env)
  File "/workdir/ptyprocess-0.7.0/ptyprocess/ptyprocess.py", line 230, in spawn
    pid, fd = pty.fork()
  File "/opt/graalpy/lib/python3.10/pty.py", line 102, in fork
    pid = os.fork()
AttributeError: module 'os' has no attribute 'fork'</failure></testcase><testcase classname="tests.test_wait.TestWaitAfterTermination" name="test_wait_false_shortproc" time="0.008"><failure message="AttributeError: module 'os' has no attribute 'fork'">Traceback (most recent call last):
  File "/opt/graalpy/lib/python3.10/unittest/case.py", line 59, in testPartExecutor
    yield
  File "/opt/graalpy/lib/python3.10/unittest/case.py", line 591, in run
    self._callTestMethod(testMethod)
  File "/opt/graalpy/lib/python3.10/unittest/case.py", line 549, in _callTestMethod
    method()
  File "/workdir/ptyprocess-0.7.0/tests/test_wait.py", line 19, in test_wait_false_shortproc
    child = PtyProcess.spawn(['false'])
  File "/workdir/ptyprocess-0.7.0/ptyprocess/ptyprocess.py", line 230, in spawn
    pid, fd = pty.fork()
  File "/opt/graalpy/lib/python3.10/pty.py", line 102, in fork
    pid = os.fork()
AttributeError: module 'os' has no attribute 'fork'</failure></testcase><testcase classname="tests.test_wait.TestWaitAfterTermination" name="test_wait_true_shortproc" time="0.007"><failure message="AttributeError: module 'os' has no attribute 'fork'">Traceback (most recent call last):
  File "/opt/graalpy/lib/python3.10/unittest/case.py", line 59, in testPartExecutor
    yield
  File "/opt/graalpy/lib/python3.10/unittest/case.py", line 591, in run
    self._callTestMethod(testMethod)
  File "/opt/graalpy/lib/python3.10/unittest/case.py", line 549, in _callTestMethod
    method()
  File "/workdir/ptyprocess-0.7.0/tests/test_wait.py", line 12, in test_wait_true_shortproc
    child = PtyProcess.spawn(['true'])
  File "/workdir/ptyprocess-0.7.0/ptyprocess/ptyprocess.py", line 230, in spawn
    pid, fd = pty.fork()
  File "/opt/graalpy/lib/python3.10/pty.py", line 102, in fork
    pid = os.fork()
AttributeError: module 'os' has no attribute 'fork'</failure></testcase><testcase classname="tests.test_wait.TestWaitAfterTermination" name="test_wait_twice_longproc" time="0.009"><failure message="AttributeError: module 'os' has no attribute 'fork'">Traceback (most recent call last):
  File "/opt/graalpy/lib/python3.10/unittest/case.py", line 59, in testPartExecutor
    yield
  File "/opt/graalpy/lib/python3.10/unittest/case.py", line 591, in run
    self._callTestMethod(testMethod)
  File "/opt/graalpy/lib/python3.10/unittest/case.py", line 549, in _callTestMethod
    method()
  File "/workdir/ptyprocess-0.7.0/tests/test_wait.py", line 29, in test_wait_twice_longproc
    child = PtyProcess.spawn(['sleep', '1'])
  File "/workdir/ptyprocess-0.7.0/ptyprocess/ptyprocess.py", line 230, in spawn
    pid, fd = pty.fork()
  File "/opt/graalpy/lib/python3.10/pty.py", line 102, in fork
    pid = os.fork()
AttributeError: module 'os' has no attribute 'fork'</failure></testcase></testsuite></testsuites>