<?xml version="1.0" encoding="utf-8"?><testsuites><testsuite name="pytest" errors="3" failures="0" skipped="0" tests="3" time="0.370" timestamp="2023-11-22T23:26:36.130845" hostname="80ac3eb7f7f2"><testcase classname="" name="tests.acceptance.blocking_adapter_test" time="0.000"><error message="collection failure">ImportError while importing test module '/workdir/pika-1.3.1/tests/acceptance/blocking_adapter_test.py'.
Hint: make sure your test modules/packages have valid Python names.
Traceback:
/usr/local/lib/python3.10/importlib/__init__.py:126: in import_module
    return _bootstrap._gcd_import(name[level:], package, level)
tests/acceptance/blocking_adapter_test.py:17: in &lt;module&gt;
    from tests.misc.forward_server import ForwardServer
E   ModuleNotFoundError: No module named 'tests'</error></testcase><testcase classname="" name="tests.unit.io_services_test_stubs_test" time="0.000"><error message="collection failure">ImportError while importing test module '/workdir/pika-1.3.1/tests/unit/io_services_test_stubs_test.py'.
Hint: make sure your test modules/packages have valid Python names.
Traceback:
/usr/local/lib/python3.10/importlib/__init__.py:126: in import_module
    return _bootstrap._gcd_import(name[level:], package, level)
tests/unit/io_services_test_stubs_test.py:20: in &lt;module&gt;
    from tests.stubs.io_services_test_stubs import IOServicesTestStubs
E   ModuleNotFoundError: No module named 'tests'</error></testcase><testcase classname="" name="tests.unit.threaded_test_wrapper_test" time="0.000"><error message="collection failure">ImportError while importing test module '/workdir/pika-1.3.1/tests/unit/threaded_test_wrapper_test.py'.
Hint: make sure your test modules/packages have valid Python names.
Traceback:
/usr/local/lib/python3.10/importlib/__init__.py:126: in import_module
    return _bootstrap._gcd_import(name[level:], package, level)
tests/unit/threaded_test_wrapper_test.py:15: in &lt;module&gt;
    from tests.wrappers import threaded_test_wrapper
E   ModuleNotFoundError: No module named 'tests'</error></testcase></testsuite></testsuites>