GLOB sdist-make: /workdir/colorful-0.5.5/setup.py
graalpylibtest-unit-test-tests create: /workdir/colorful-0.5.5/.tox/graalpylibtest-unit-test-tests
graalpylibtest-unit-test-tests installdeps: mock, pytest, -rrequirements-dev.txt
graalpylibtest-unit-test-tests inst: /workdir/colorful-0.5.5/.tox/.tmp/package/1/colorful-0.5.5.zip
graalpylibtest-unit-test-tests installed: colorful @ file:///workdir/colorful-0.5.5/.tox/.tmp/package/1/colorful-0.5.5.zip,coverage==7.3.2,exceptiongroup==1.1.3,flake8==6.1.0,graalpy-virtualenv==0.0.1,hpy==0.9.0rc2,iniconfig==2.0.0,mccabe==0.7.0,mock==5.1.0,packaging==23.2,pluggy==1.3.0,pycodestyle==2.11.1,pyflakes==3.1.0,pytest==7.4.3,tomli==2.0.1
graalpylibtest-unit-test-tests run-test-pre: PYTHONHASHSEED='3234934002'
graalpylibtest-unit-test-tests run-test: commands[0] | pytest -v --tb=native --junitxml /workdir/results/colorful/0.5.5/1/graalpy-test-results.xml
============================= test session starts ==============================
platform linux -- Python 3.10.8, pytest-7.4.3, pluggy-1.3.0 -- /workdir/colorful-0.5.5/.tox/graalpylibtest-unit-test-tests/bin/python
cachedir: .tox/graalpylibtest-unit-test-tests/.pytest_cache
rootdir: /workdir/colorful-0.5.5
collecting ... collected 288 items

tests/test_ansi.py::test_rgb_to_ansi256[118-118-118-243] PASSED          [  0%]
tests/test_colors.py::test_sanitize_color_palette[colorpalette0-expected0] PASSED [  0%]
tests/test_colors.py::test_sanitize_color_palette[colorpalette1-expected1] PASSED [  1%]
tests/test_colors.py::test_sanitize_color_palette[colorpalette2-expected2] PASSED [  1%]
tests/test_colors.py::test_sanitize_color_palette[colorpalette3-expected3] PASSED [  1%]
tests/test_core.py::test_translate_style_8[bold-expected0] PASSED        [  2%]
tests/test_core.py::test_translate_style_8[struckthrough-expected1] PASSED [  2%]
tests/test_core.py::test_translate_style_8[black-expected2] PASSED       [  2%]
tests/test_core.py::test_translate_style_8[blue-expected3] PASSED        [  3%]
tests/test_core.py::test_translate_style_8[white-expected4] PASSED       [  3%]
tests/test_core.py::test_translate_style_8[on_black-expected5] PASSED    [  3%]
tests/test_core.py::test_translate_style_8[on_blue-expected6] PASSED     [  4%]
tests/test_core.py::test_translate_style_8[on_white-expected7] PASSED    [  4%]
tests/test_core.py::test_translate_style_8[bold_black-expected8] PASSED  [  4%]
tests/test_core.py::test_translate_style_8[italic_blue-expected9] PASSED [  5%]
tests/test_core.py::test_translate_style_8[struckthrough_white-expected10] PASSED [  5%]
tests/test_core.py::test_translate_style_8[bold_on_black-expected11] PASSED [  5%]
tests/test_core.py::test_translate_style_8[italic_on_blue-expected12] PASSED [  6%]
tests/test_core.py::test_translate_style_8[struckthrough_on_white-expected13] PASSED [  6%]
tests/test_core.py::test_translate_style_8[bold_green_on_black-expected14] PASSED [  6%]
tests/test_core.py::test_translate_style_8[italic_cyan_on_blue-expected15] PASSED [  7%]
tests/test_core.py::test_translate_style_8[struckthrough_yellow_on_white-expected16] PASSED [  7%]
tests/test_core.py::test_translate_style_8[bold_italic-expected17] PASSED [  7%]
tests/test_core.py::test_translate_style_8[underlined_struckthrough-expected18] PASSED [  8%]
tests/test_core.py::test_translate_style_8[bold_italic_green-expected19] PASSED [  8%]
tests/test_core.py::test_translate_style_8[underlined_struckthrough_cyan-expected20] PASSED [  9%]
tests/test_core.py::test_translate_style_16[bold-expected0] PASSED       [  9%]
tests/test_core.py::test_translate_style_16[struckthrough-expected1] PASSED [  9%]
tests/test_core.py::test_translate_style_16[black-expected2] PASSED      [ 10%]
tests/test_core.py::test_translate_style_16[blue-expected3] PASSED       [ 10%]
tests/test_core.py::test_translate_style_16[white-expected4] PASSED      [ 10%]
tests/test_core.py::test_translate_style_16[on_black-expected5] PASSED   [ 11%]
tests/test_core.py::test_translate_style_16[on_blue-expected6] PASSED    [ 11%]
tests/test_core.py::test_translate_style_16[on_white-expected7] PASSED   [ 11%]
tests/test_core.py::test_translate_style_16[bold_black-expected8] PASSED [ 12%]
tests/test_core.py::test_translate_style_16[italic_blue-expected9] PASSED [ 12%]
tests/test_core.py::test_translate_style_16[struckthrough_white-expected10] PASSED [ 12%]
tests/test_core.py::test_translate_style_16[bold_on_black-expected11] PASSED [ 13%]
tests/test_core.py::test_translate_style_16[italic_on_blue-expected12] PASSED [ 13%]
tests/test_core.py::test_translate_style_16[struckthrough_on_white-expected13] PASSED [ 13%]
tests/test_core.py::test_translate_style_16[bold_green_on_black-expected14] PASSED [ 14%]
tests/test_core.py::test_translate_style_16[italic_cyan_on_blue-expected15] PASSED [ 14%]
tests/test_core.py::test_translate_style_16[struckthrough_yellow_on_white-expected16] PASSED [ 14%]
tests/test_core.py::test_translate_style_16[bold_italic-expected17] PASSED [ 15%]
tests/test_core.py::test_translate_style_16[underlined_struckthrough-expected18] PASSED [ 15%]
tests/test_core.py::test_translate_style_16[bold_italic_green-expected19] PASSED [ 15%]
tests/test_core.py::test_translate_style_16[underlined_struckthrough_cyan-expected20] PASSED [ 16%]
tests/test_core.py::test_translate_style_256[bold-expected0] PASSED      [ 16%]
tests/test_core.py::test_translate_style_256[struckthrough-expected1] PASSED [ 17%]
tests/test_core.py::test_translate_style_256[black-expected2] PASSED     [ 17%]
tests/test_core.py::test_translate_style_256[blue-expected3] PASSED      [ 17%]
tests/test_core.py::test_translate_style_256[white-expected4] PASSED     [ 18%]
tests/test_core.py::test_translate_style_256[on_black-expected5] PASSED  [ 18%]
tests/test_core.py::test_translate_style_256[on_blue-expected6] PASSED   [ 18%]
tests/test_core.py::test_translate_style_256[on_white-expected7] PASSED  [ 19%]
tests/test_core.py::test_translate_style_256[bold_black-expected8] PASSED [ 19%]
tests/test_core.py::test_translate_style_256[italic_blue-expected9] PASSED [ 19%]
tests/test_core.py::test_translate_style_256[struckthrough_white-expected10] PASSED [ 20%]
tests/test_core.py::test_translate_style_256[bold_on_black-expected11] PASSED [ 20%]
tests/test_core.py::test_translate_style_256[italic_on_blue-expected12] PASSED [ 20%]
tests/test_core.py::test_translate_style_256[struckthrough_on_white-expected13] PASSED [ 21%]
tests/test_core.py::test_translate_style_256[bold_green_on_black-expected14] PASSED [ 21%]
tests/test_core.py::test_translate_style_256[italic_cyan_on_blue-expected15] PASSED [ 21%]
tests/test_core.py::test_translate_style_256[struckthrough_yellow_on_white-expected16] PASSED [ 22%]
tests/test_core.py::test_translate_style_256[bold_italic-expected17] PASSED [ 22%]
tests/test_core.py::test_translate_style_256[underlined_struckthrough-expected18] PASSED [ 22%]
tests/test_core.py::test_translate_style_256[bold_italic_green-expected19] PASSED [ 23%]
tests/test_core.py::test_translate_style_256[underlined_struckthrough_cyan-expected20] PASSED [ 23%]
tests/test_core.py::test_translate_style_true_colors[bold-expected0] PASSED [ 23%]
tests/test_core.py::test_translate_style_true_colors[struckthrough-expected1] PASSED [ 24%]
tests/test_core.py::test_translate_style_true_colors[black-expected2] PASSED [ 24%]
tests/test_core.py::test_translate_style_true_colors[blue-expected3] PASSED [ 25%]
tests/test_core.py::test_translate_style_true_colors[white-expected4] PASSED [ 25%]
tests/test_core.py::test_translate_style_true_colors[on_black-expected5] PASSED [ 25%]
tests/test_core.py::test_translate_style_true_colors[on_blue-expected6] PASSED [ 26%]
tests/test_core.py::test_translate_style_true_colors[on_white-expected7] PASSED [ 26%]
tests/test_core.py::test_translate_style_true_colors[bold_black-expected8] PASSED [ 26%]
tests/test_core.py::test_translate_style_true_colors[italic_blue-expected9] PASSED [ 27%]
tests/test_core.py::test_translate_style_true_colors[struckthrough_white-expected10] PASSED [ 27%]
tests/test_core.py::test_translate_style_true_colors[bold_on_black-expected11] PASSED [ 27%]
tests/test_core.py::test_translate_style_true_colors[italic_on_blue-expected12] PASSED [ 28%]
tests/test_core.py::test_translate_style_true_colors[struckthrough_on_white-expected13] PASSED [ 28%]
tests/test_core.py::test_translate_style_true_colors[bold_green_on_black-expected14] PASSED [ 28%]
tests/test_core.py::test_translate_style_true_colors[italic_cyan_on_blue-expected15] PASSED [ 29%]
tests/test_core.py::test_translate_style_true_colors[struckthrough_yellow_on_white-expected16] PASSED [ 29%]
tests/test_core.py::test_translate_style_true_colors[bold_italic-expected17] PASSED [ 29%]
tests/test_core.py::test_translate_style_true_colors[underlined_struckthrough-expected18] PASSED [ 30%]
tests/test_core.py::test_translate_style_true_colors[bold_italic_green-expected19] PASSED [ 30%]
tests/test_core.py::test_translate_style_true_colors[underlined_struckthrough_cyan-expected20] PASSED [ 30%]
tests/test_core.py::test_method_call_to_style_conversion[bold-\x1b[1mNo, I am your father\x1b[22m] PASSED [ 31%]
tests/test_core.py::test_method_call_to_style_conversion[struckthrough-\x1b[9mNo, I am your father\x1b[29m] PASSED [ 31%]
tests/test_core.py::test_method_call_to_style_conversion[black-\x1b[30mNo, I am your father\x1b[39m] PASSED [ 31%]
tests/test_core.py::test_method_call_to_style_conversion[blue-\x1b[34mNo, I am your father\x1b[39m] PASSED [ 32%]
tests/test_core.py::test_method_call_to_style_conversion[white-\x1b[37mNo, I am your father\x1b[39m] PASSED [ 32%]
tests/test_core.py::test_method_call_to_style_conversion[on_black-\x1b[40mNo, I am your father\x1b[49m] PASSED [ 32%]
tests/test_core.py::test_method_call_to_style_conversion[on_blue-\x1b[44mNo, I am your father\x1b[49m] PASSED [ 33%]
tests/test_core.py::test_method_call_to_style_conversion[on_white-\x1b[47mNo, I am your father\x1b[49m] PASSED [ 33%]
tests/test_core.py::test_method_call_to_style_conversion[bold_black-\x1b[1m\x1b[30mNo, I am your father\x1b[22m\x1b[39m] PASSED [ 34%]
tests/test_core.py::test_method_call_to_style_conversion[italic_blue-\x1b[3m\x1b[34mNo, I am your father\x1b[23m\x1b[39m] PASSED [ 34%]
tests/test_core.py::test_method_call_to_style_conversion[struckthrough_white-\x1b[9m\x1b[37mNo, I am your father\x1b[29m\x1b[39m] PASSED [ 34%]
tests/test_core.py::test_method_call_to_style_conversion[bold_on_black-\x1b[1m\x1b[40mNo, I am your father\x1b[22m\x1b[49m] PASSED [ 35%]
tests/test_core.py::test_method_call_to_style_conversion[italic_on_blue-\x1b[3m\x1b[44mNo, I am your father\x1b[23m\x1b[49m] PASSED [ 35%]
tests/test_core.py::test_method_call_to_style_conversion[struckthrough_on_white-\x1b[9m\x1b[47mNo, I am your father\x1b[29m\x1b[49m] PASSED [ 35%]
tests/test_core.py::test_method_call_to_style_conversion[bold_green_on_black-\x1b[1m\x1b[32m\x1b[40mNo, I am your father\x1b[22m\x1b[39m\x1b[49m] PASSED [ 36%]
tests/test_core.py::test_method_call_to_style_conversion[italic_cyan_on_blue-\x1b[3m\x1b[36m\x1b[44mNo, I am your father\x1b[23m\x1b[39m\x1b[49m] PASSED [ 36%]
tests/test_core.py::test_method_call_to_style_conversion[struckthrough_yellow_on_white-\x1b[9m\x1b[33m\x1b[47mNo, I am your father\x1b[29m\x1b[39m\x1b[49m] PASSED [ 36%]
tests/test_core.py::test_method_call_to_style_conversion[bold_italic-\x1b[1m\x1b[3mNo, I am your father\x1b[22m\x1b[23m] PASSED [ 37%]
tests/test_core.py::test_method_call_to_style_conversion[underlined_struckthrough-\x1b[4m\x1b[9mNo, I am your father\x1b[24m\x1b[29m] PASSED [ 37%]
tests/test_core.py::test_method_call_to_style_conversion[bold_italic_green-\x1b[1m\x1b[3m\x1b[32mNo, I am your father\x1b[22m\x1b[23m\x1b[39m] PASSED [ 37%]
tests/test_core.py::test_method_call_to_style_conversion[underlined_struckthrough_cyan-\x1b[4m\x1b[9m\x1b[36mNo, I am your father\x1b[24m\x1b[29m\x1b[39m] PASSED [ 38%]
tests/test_core.py::test_method_call_to_style_conversion_disabled_colors[bold] PASSED [ 38%]
tests/test_core.py::test_method_call_to_style_conversion_disabled_colors[struckthrough] PASSED [ 38%]
tests/test_core.py::test_method_call_to_style_conversion_disabled_colors[black] PASSED [ 39%]
tests/test_core.py::test_method_call_to_style_conversion_disabled_colors[blue] PASSED [ 39%]
tests/test_core.py::test_method_call_to_style_conversion_disabled_colors[white] PASSED [ 39%]
tests/test_core.py::test_method_call_to_style_conversion_disabled_colors[on_black] PASSED [ 40%]
tests/test_core.py::test_method_call_to_style_conversion_disabled_colors[on_blue] PASSED [ 40%]
tests/test_core.py::test_method_call_to_style_conversion_disabled_colors[on_white] PASSED [ 40%]
tests/test_core.py::test_method_call_to_style_conversion_disabled_colors[bold_black] PASSED [ 41%]
tests/test_core.py::test_method_call_to_style_conversion_disabled_colors[italic_blue] PASSED [ 41%]
tests/test_core.py::test_method_call_to_style_conversion_disabled_colors[struckthrough_white] PASSED [ 42%]
tests/test_core.py::test_method_call_to_style_conversion_disabled_colors[bold_on_black] PASSED [ 42%]
tests/test_core.py::test_method_call_to_style_conversion_disabled_colors[italic_on_blue] PASSED [ 42%]
tests/test_core.py::test_method_call_to_style_conversion_disabled_colors[struckthrough_on_white] PASSED [ 43%]
tests/test_core.py::test_method_call_to_style_conversion_disabled_colors[bold_green_on_black] PASSED [ 43%]
tests/test_core.py::test_method_call_to_style_conversion_disabled_colors[italic_cyan_on_blue] PASSED [ 43%]
tests/test_core.py::test_method_call_to_style_conversion_disabled_colors[struckthrough_yellow_on_white] PASSED [ 44%]
tests/test_core.py::test_method_call_to_style_conversion_disabled_colors[bold_italic] PASSED [ 44%]
tests/test_core.py::test_method_call_to_style_conversion_disabled_colors[underlined_struckthrough] PASSED [ 44%]
tests/test_core.py::test_method_call_to_style_conversion_disabled_colors[bold_italic_green] PASSED [ 45%]
tests/test_core.py::test_method_call_to_style_conversion_disabled_colors[underlined_struckthrough_cyan] PASSED [ 45%]
tests/test_core.py::test_method_str_to_style_conversion[bold-\x1b[1m] PASSED [ 45%]
tests/test_core.py::test_method_str_to_style_conversion[struckthrough-\x1b[9m] PASSED [ 46%]
tests/test_core.py::test_method_str_to_style_conversion[black-\x1b[30m] PASSED [ 46%]
tests/test_core.py::test_method_str_to_style_conversion[blue-\x1b[34m] PASSED [ 46%]
tests/test_core.py::test_method_str_to_style_conversion[white-\x1b[37m] PASSED [ 47%]
tests/test_core.py::test_method_str_to_style_conversion[on_black-\x1b[40m] PASSED [ 47%]
tests/test_core.py::test_method_str_to_style_conversion[on_blue-\x1b[44m] PASSED [ 47%]
tests/test_core.py::test_method_str_to_style_conversion[on_white-\x1b[47m] PASSED [ 48%]
tests/test_core.py::test_method_str_to_style_conversion[bold_black-\x1b[1m\x1b[30m] PASSED [ 48%]
tests/test_core.py::test_method_str_to_style_conversion[italic_blue-\x1b[3m\x1b[34m] PASSED [ 48%]
tests/test_core.py::test_method_str_to_style_conversion[struckthrough_white-\x1b[9m\x1b[37m] PASSED [ 49%]
tests/test_core.py::test_method_str_to_style_conversion[bold_on_black-\x1b[1m\x1b[40m] PASSED [ 49%]
tests/test_core.py::test_method_str_to_style_conversion[italic_on_blue-\x1b[3m\x1b[44m] PASSED [ 50%]
tests/test_core.py::test_method_str_to_style_conversion[struckthrough_on_white-\x1b[9m\x1b[47m] PASSED [ 50%]
tests/test_core.py::test_method_str_to_style_conversion[bold_green_on_black-\x1b[1m\x1b[32m\x1b[40m] PASSED [ 50%]
tests/test_core.py::test_method_str_to_style_conversion[italic_cyan_on_blue-\x1b[3m\x1b[36m\x1b[44m] PASSED [ 51%]
tests/test_core.py::test_method_str_to_style_conversion[struckthrough_yellow_on_white-\x1b[9m\x1b[33m\x1b[47m] PASSED [ 51%]
tests/test_core.py::test_method_str_to_style_conversion[bold_italic-\x1b[1m\x1b[3m] PASSED [ 51%]
tests/test_core.py::test_method_str_to_style_conversion[underlined_struckthrough-\x1b[4m\x1b[9m] PASSED [ 52%]
tests/test_core.py::test_method_str_to_style_conversion[bold_italic_green-\x1b[1m\x1b[3m\x1b[32m] PASSED [ 52%]
tests/test_core.py::test_method_str_to_style_conversion[underlined_struckthrough_cyan-\x1b[4m\x1b[9m\x1b[36m] PASSED [ 52%]
tests/test_core.py::test_method_in_format_to_style_conversion[{c.bold}No, I am your father{c.reset}-\x1b[1mNo, I am your father\x1b[0m] PASSED [ 53%]
tests/test_core.py::test_method_in_format_to_style_conversion[{c.struckthrough}No, I am your father{c.reset}-\x1b[9mNo, I am your father\x1b[0m] PASSED [ 53%]
tests/test_core.py::test_method_in_format_to_style_conversion[{c.black}No, I am your father{c.reset}-\x1b[30mNo, I am your father\x1b[0m] PASSED [ 53%]
tests/test_core.py::test_method_in_format_to_style_conversion[{c.blue}No, I am your father{c.reset}-\x1b[34mNo, I am your father\x1b[0m] PASSED [ 54%]
tests/test_core.py::test_method_in_format_to_style_conversion[{c.white}No, I am your father{c.reset}-\x1b[37mNo, I am your father\x1b[0m] PASSED [ 54%]
tests/test_core.py::test_method_in_format_to_style_conversion[{c.on_black}No, I am your father{c.reset}-\x1b[40mNo, I am your father\x1b[0m] PASSED [ 54%]
tests/test_core.py::test_method_in_format_to_style_conversion[{c.on_blue}No, I am your father{c.reset}-\x1b[44mNo, I am your father\x1b[0m] PASSED [ 55%]
tests/test_core.py::test_method_in_format_to_style_conversion[{c.on_white}No, I am your father{c.reset}-\x1b[47mNo, I am your father\x1b[0m] PASSED [ 55%]
tests/test_core.py::test_method_in_format_to_style_conversion[{c.bold_black}No, I am your father{c.reset}-\x1b[1m\x1b[30mNo, I am your father\x1b[0m] PASSED [ 55%]
tests/test_core.py::test_method_in_format_to_style_conversion[{c.italic_blue}No, I am your father{c.reset}-\x1b[3m\x1b[34mNo, I am your father\x1b[0m] PASSED [ 56%]
tests/test_core.py::test_method_in_format_to_style_conversion[{c.struckthrough_white}No, I am your father{c.reset}-\x1b[9m\x1b[37mNo, I am your father\x1b[0m] PASSED [ 56%]
tests/test_core.py::test_method_in_format_to_style_conversion[{c.bold_on_black}No, I am your father{c.reset}-\x1b[1m\x1b[40mNo, I am your father\x1b[0m] PASSED [ 56%]
tests/test_core.py::test_method_in_format_to_style_conversion[{c.italic_on_blue}No, I am your father{c.reset}-\x1b[3m\x1b[44mNo, I am your father\x1b[0m] PASSED [ 57%]
tests/test_core.py::test_method_in_format_to_style_conversion[{c.struckthrough_on_white}No, I am your father{c.reset}-\x1b[9m\x1b[47mNo, I am your father\x1b[0m] PASSED [ 57%]
tests/test_core.py::test_method_in_format_to_style_conversion[{c.bold_green_on_black}No, I am your father{c.reset}-\x1b[1m\x1b[32m\x1b[40mNo, I am your father\x1b[0m] PASSED [ 57%]
tests/test_core.py::test_method_in_format_to_style_conversion[{c.italic_cyan_on_blue}No, I am your father{c.reset}-\x1b[3m\x1b[36m\x1b[44mNo, I am your father\x1b[0m] PASSED [ 58%]
tests/test_core.py::test_method_in_format_to_style_conversion[{c.struckthrough_yellow_on_white}No, I am your father{c.reset}-\x1b[9m\x1b[33m\x1b[47mNo, I am your father\x1b[0m] PASSED [ 58%]
tests/test_core.py::test_method_in_format_to_style_conversion[{c.bold_italic}No, I am your father{c.reset}-\x1b[1m\x1b[3mNo, I am your father\x1b[0m] PASSED [ 59%]
tests/test_core.py::test_method_in_format_to_style_conversion[{c.underlined_struckthrough}No, I am your father{c.reset}-\x1b[4m\x1b[9mNo, I am your father\x1b[0m] PASSED [ 59%]
tests/test_core.py::test_method_in_format_to_style_conversion[{c.bold_italic_green}No, I am your father{c.reset}-\x1b[1m\x1b[3m\x1b[32mNo, I am your father\x1b[0m] PASSED [ 59%]
tests/test_core.py::test_method_in_format_to_style_conversion[{c.underlined_struckthrough_cyan}No, I am your father{c.reset}-\x1b[4m\x1b[9m\x1b[36mNo, I am your father\x1b[0m] PASSED [ 60%]
tests/test_core.py::test_method_in_format_to_style_conversion[{c.black}No, I am your father{c.close_fg_color}-\x1b[30mNo, I am your father\x1b[39m] PASSED [ 60%]
tests/test_core.py::test_method_in_format_to_style_conversion[{c.on_black}No, I am your father{c.close_bg_color}-\x1b[40mNo, I am your father\x1b[49m] PASSED [ 60%]
tests/test_core.py::test_method_in_format_to_style_conversion[{c.bold}No, I am your father{c.no_bold}-\x1b[1mNo, I am your father\x1b[22m] PASSED [ 61%]
tests/test_core.py::test_method_in_format_to_style_conversion[{c.struckthrough}No, I am your father{c.no_struckthrough}-\x1b[9mNo, I am your father\x1b[29m] PASSED [ 61%]
tests/test_core.py::test_invalid_color_mode PASSED                       [ 61%]
tests/test_core.py::test_invalid_color_name PASSED                       [ 62%]
tests/test_core.py::test_colorful_obj_color_auto_detection[env0-0] SKIPPED [ 62%]
tests/test_core.py::test_colorful_obj_color_auto_detection[env1-16777215] SKIPPED [ 62%]
tests/test_core.py::test_colorful_obj_color_auto_detection[env2-16777215] SKIPPED [ 63%]
tests/test_core.py::test_colorful_obj_color_auto_detection[env3-256] SKIPPED [ 63%]
tests/test_core.py::test_colorful_obj_color_auto_detection[env4-16] SKIPPED [ 63%]
tests/test_core.py::test_colorful_obj_color_auto_detection[env5-8] SKIPPED [ 64%]
tests/test_core.py::test_reading_color_palette PASSED                    [ 64%]
tests/test_core.py::test_colorful_obj_setup PASSED                       [ 64%]
tests/test_core.py::test_colorful_obj_setup_with_extending_palette PASSED [ 65%]
tests/test_core.py::test_colorful_obj_setup_with_no_colors PASSED        [ 65%]
tests/test_core.py::test_set_color_mode_methods[use_8_ansi_colors-black-\x1b[30m] PASSED [ 65%]
tests/test_core.py::test_set_color_mode_methods[use_16_ansi_colors-black-\x1b[30m] PASSED [ 66%]
tests/test_core.py::test_set_color_mode_methods[use_256_ansi_colors-black-\x1b[38;5;16m] PASSED [ 66%]
tests/test_core.py::test_set_color_mode_methods[use_true_colors-black-\x1b[38;2;0;0;0m] PASSED [ 67%]
tests/test_core.py::test_change_color_palette PASSED                     [ 67%]
tests/test_core.py::test_use_styles PASSED                               [ 67%]
tests/test_core.py::test_use_unknown_style PASSED                        [ 68%]
tests/test_core.py::test_colorful_format PASSED                          [ 68%]
tests/test_core.py::test_colorful_direct_print PASSED                    [ 68%]
tests/test_core.py::test_length_of_styled_string[bold-No, I am your father] PASSED [ 69%]
tests/test_core.py::test_length_of_styled_string[struckthrough-No, I am your father] PASSED [ 69%]
tests/test_core.py::test_length_of_styled_string[black-No, I am your father] PASSED [ 69%]
tests/test_core.py::test_length_of_styled_string[blue-No, I am your father] PASSED [ 70%]
tests/test_core.py::test_length_of_styled_string[white-No, I am your father] PASSED [ 70%]
tests/test_core.py::test_length_of_styled_string[on_black-No, I am your father] PASSED [ 70%]
tests/test_core.py::test_length_of_styled_string[on_blue-No, I am your father] PASSED [ 71%]
tests/test_core.py::test_length_of_styled_string[on_white-No, I am your father] PASSED [ 71%]
tests/test_core.py::test_length_of_styled_string[bold_black-No, I am your father] PASSED [ 71%]
tests/test_core.py::test_length_of_styled_string[italic_blue-No, I am your father] PASSED [ 72%]
tests/test_core.py::test_length_of_styled_string[struckthrough_white-No, I am your father] PASSED [ 72%]
tests/test_core.py::test_length_of_styled_string[bold_on_black-No, I am your father] PASSED [ 72%]
tests/test_core.py::test_length_of_styled_string[italic_on_blue-No, I am your father] PASSED [ 73%]
tests/test_core.py::test_length_of_styled_string[struckthrough_on_white-No, I am your father] PASSED [ 73%]
tests/test_core.py::test_length_of_styled_string[bold_green_on_black-No, I am your father] PASSED [ 73%]
tests/test_core.py::test_length_of_styled_string[italic_cyan_on_blue-No, I am your father] PASSED [ 74%]
tests/test_core.py::test_length_of_styled_string[struckthrough_yellow_on_white-No, I am your father] PASSED [ 74%]
tests/test_core.py::test_length_of_styled_string[bold_italic-No, I am your father] PASSED [ 75%]
tests/test_core.py::test_length_of_styled_string[underlined_struckthrough-No, I am your father] PASSED [ 75%]
tests/test_core.py::test_length_of_styled_string[bold_italic_green-No, I am your father] PASSED [ 75%]
tests/test_core.py::test_length_of_styled_string[underlined_struckthrough_cyan-No, I am your father] PASSED [ 76%]
tests/test_core.py::test_nested_styled_string PASSED                     [ 76%]
tests/test_core.py::test_nested_styled_string_with_format PASSED         [ 76%]
tests/test_core.py::test_styling_object_which_implements_str_proto PASSED [ 77%]
tests/test_core.py::test_str_behavior_for_colorfulstring PASSED          [ 77%]
tests/test_core.py::test_joining_colorfulstrings PASSED                  [ 77%]
tests/test_core.py::test_creating_unstyled_colorfulstring PASSED         [ 78%]
tests/test_core.py::test_unicode_support FAILED                          [ 78%]
tests/test_core.py::test_combining_styles PASSED                         [ 78%]
tests/test_core.py::test_piping_str_into_style PASSED                    [ 79%]
tests/test_core.py::test_piping_styled_str_into_style PASSED             [ 79%]
tests/test_core.py::test_piping_constitency PASSED                       [ 79%]
tests/test_core.py::test_colorfulstring_format_protocol PASSED           [ 80%]
tests/test_core.py::test_colorfulstring_format_protocol_no_placeholder_when_disabled PASSED [ 80%]
tests/test_core.py::test_underling_type_should_be_stored_as_str PASSED   [ 80%]
tests/test_core.py::test_colorfulstyles_support_equals_protocol[red == red] PASSED [ 81%]
tests/test_core.py::test_colorfulstyles_support_equals_protocol[red != blue] PASSED [ 81%]
tests/test_core.py::test_colorfulstyles_support_equals_protocol[bold_red == bold_red] PASSED [ 81%]
tests/test_core.py::test_colorfulstyles_support_equals_protocol[bold_red == bold_blue] PASSED [ 82%]
tests/test_module.py::test_color_method_resolution PASSED                [ 82%]
tests/test_module.py::test_setup_contextmanager PASSED                   [ 82%]
tests/test_module.py::test_set_color_mode_methods[with_8_ansi_colors-black-\x1b[30m-\x1b[30m] PASSED [ 83%]
tests/test_module.py::test_set_color_mode_methods[with_16_ansi_colors-black-\x1b[30m-\x1b[30m] PASSED [ 83%]
tests/test_module.py::test_set_color_mode_methods[with_256_ansi_colors-black-\x1b[38;5;16m-\x1b[30m] PASSED [ 84%]
tests/test_module.py::test_set_color_mode_methods[with_true_colors-black-\x1b[38;2;0;0;0m-\x1b[30m] PASSED [ 84%]
tests/test_module.py::test_change_color_palette PASSED                   [ 84%]
tests/test_module.py::test_use_styles PASSED                             [ 85%]
tests/test_terminal.py::test_color_support_detection[env0-0] SKIPPED     [ 85%]
tests/test_terminal.py::test_color_support_detection[env1-8] SKIPPED     [ 85%]
tests/test_terminal.py::test_color_support_detection[env2-16] SKIPPED    [ 86%]
tests/test_terminal.py::test_color_support_detection[env3-256] SKIPPED   [ 86%]
tests/test_terminal.py::test_color_support_detection[env4-16777215] SKIPPED [ 86%]
tests/test_terminal.py::test_color_support_detection[env5-16777215] SKIPPED [ 87%]
tests/test_terminal.py::test_color_support_detection[env6-16777215] SKIPPED [ 87%]
tests/test_terminal.py::test_color_support_detection[env7-256] SKIPPED   [ 87%]
tests/test_terminal.py::test_color_support_detection[env8-16] SKIPPED    [ 88%]
tests/test_terminal.py::test_color_support_detection[env9-16777215] SKIPPED [ 88%]
tests/test_terminal.py::test_color_support_detection[env10-16777215] SKIPPED [ 88%]
tests/test_terminal.py::test_color_support_detection[env11-256] SKIPPED  [ 89%]
tests/test_terminal.py::test_color_support_detection[env12-256] SKIPPED  [ 89%]
tests/test_terminal.py::test_color_support_detection[env13-256] SKIPPED  [ 89%]
tests/test_terminal.py::test_color_support_detection[env14-256] SKIPPED  [ 90%]
tests/test_terminal.py::test_color_support_detection[env15-256] SKIPPED  [ 90%]
tests/test_terminal.py::test_color_support_detection[env16-16] SKIPPED   [ 90%]
tests/test_terminal.py::test_color_support_detection[env17-16] SKIPPED   [ 91%]
tests/test_terminal.py::test_color_support_detection[env18-16] SKIPPED   [ 91%]
tests/test_terminal.py::test_color_support_detection[env19-16] SKIPPED   [ 92%]
tests/test_terminal.py::test_color_support_detection[env20-16] SKIPPED   [ 92%]
tests/test_terminal.py::test_color_support_detection[env21-16] SKIPPED   [ 92%]
tests/test_terminal.py::test_color_support_detection[env22-16] SKIPPED   [ 93%]
tests/test_terminal.py::test_color_support_detection[env23-8] SKIPPED    [ 93%]
tests/test_terminal.py::test_color_support_detection[env24-0] SKIPPED    [ 93%]
tests/test_terminal.py::test_color_support_detection[env25-16777215] SKIPPED [ 94%]
tests/test_terminal.py::test_color_support_detection[env26-16777215] SKIPPED [ 94%]
tests/test_terminal.py::test_color_support_detection[env27-16777215] SKIPPED [ 94%]
tests/test_utils.py::test_hex_to_rgb_conversion[#FFFFFF] PASSED          [ 95%]
tests/test_utils.py::test_hex_to_rgb_conversion[#0000FF] PASSED          [ 95%]
tests/test_utils.py::test_hex_to_rgb_conversion[#FF0000] PASSED          [ 95%]
tests/test_utils.py::test_hex_to_rgb_conversion[#00FF00] PASSED          [ 96%]
tests/test_utils.py::test_hex_to_rgb_conversion[#808080] PASSED          [ 96%]
tests/test_utils.py::test_hex_to_rgb_conversion[#FFFF00] PASSED          [ 96%]
tests/test_utils.py::test_hex_to_rgb_conversion[#00FFFF] PASSED          [ 97%]
tests/test_utils.py::test_hex_to_rgb_conversion[#EF8BA0] PASSED          [ 97%]
tests/test_utils.py::test_hex_to_rgb_conversion[#012345] PASSED          [ 97%]
tests/test_utils.py::test_hex_to_rgb_conversion[#999FFF] PASSED          [ 98%]
tests/test_utils.py::test_hex_to_rgb_conversion[#05fecA] PASSED          [ 98%]
tests/test_utils.py::test_hex_to_rgb_error[#FFFFF] PASSED                [ 98%]
tests/test_utils.py::test_hex_to_rgb_error[#FFFFFFF] PASSED              [ 99%]
tests/test_utils.py::test_hex_to_rgb_error[#FFFFFG] PASSED               [ 99%]
tests/test_utils.py::test_hex_to_rgb_error[#fffffG] PASSED               [100%]

=================================== FAILURES ===================================
_____________________________ test_unicode_support _____________________________
Traceback (most recent call last):
  File "/workdir/colorful-0.5.5/.tox/graalpylibtest-unit-test-tests/lib/python3.10/site-packages/_pytest/runner.py", line 341, in from_call
    result: Optional[TResult] = func()
  File "/workdir/colorful-0.5.5/.tox/graalpylibtest-unit-test-tests/lib/python3.10/site-packages/_pytest/runner.py", line 262, in <lambda>
    lambda: ihook(item=item, **kwds), when=when, reraise=reraise
  File "/workdir/colorful-0.5.5/.tox/graalpylibtest-unit-test-tests/lib/python3.10/site-packages/pluggy/_hooks.py", line 493, in __call__
    return self._hookexec(self.name, self._hookimpls, kwargs, firstresult)
  File "/workdir/colorful-0.5.5/.tox/graalpylibtest-unit-test-tests/lib/python3.10/site-packages/pluggy/_manager.py", line 115, in _hookexec
    return self._inner_hookexec(hook_name, methods, kwargs, firstresult)
  File "/workdir/colorful-0.5.5/.tox/graalpylibtest-unit-test-tests/lib/python3.10/site-packages/pluggy/_callers.py", line 152, in _multicall
    return outcome.get_result()
  File "/workdir/colorful-0.5.5/.tox/graalpylibtest-unit-test-tests/lib/python3.10/site-packages/pluggy/_result.py", line 114, in get_result
    raise exc.with_traceback(exc.__traceback__)
  File "/workdir/colorful-0.5.5/.tox/graalpylibtest-unit-test-tests/lib/python3.10/site-packages/pluggy/_callers.py", line 77, in _multicall
    res = hook_impl.function(*args)
  File "/workdir/colorful-0.5.5/.tox/graalpylibtest-unit-test-tests/lib/python3.10/site-packages/_pytest/runner.py", line 177, in pytest_runtest_call
    raise e
  File "/workdir/colorful-0.5.5/.tox/graalpylibtest-unit-test-tests/lib/python3.10/site-packages/_pytest/runner.py", line 169, in pytest_runtest_call
    item.runtest()
  File "/workdir/colorful-0.5.5/.tox/graalpylibtest-unit-test-tests/lib/python3.10/site-packages/_pytest/python.py", line 1792, in runtest
    self.ihook.pytest_pyfunc_call(pyfuncitem=self)
  File "/workdir/colorful-0.5.5/.tox/graalpylibtest-unit-test-tests/lib/python3.10/site-packages/pluggy/_hooks.py", line 493, in __call__
    return self._hookexec(self.name, self._hookimpls, kwargs, firstresult)
  File "/workdir/colorful-0.5.5/.tox/graalpylibtest-unit-test-tests/lib/python3.10/site-packages/pluggy/_manager.py", line 115, in _hookexec
    return self._inner_hookexec(hook_name, methods, kwargs, firstresult)
  File "/workdir/colorful-0.5.5/.tox/graalpylibtest-unit-test-tests/lib/python3.10/site-packages/pluggy/_callers.py", line 113, in _multicall
    raise exception.with_traceback(exception.__traceback__)
  File "/workdir/colorful-0.5.5/.tox/graalpylibtest-unit-test-tests/lib/python3.10/site-packages/pluggy/_callers.py", line 77, in _multicall
    res = hook_impl.function(*args)
  File "/workdir/colorful-0.5.5/.tox/graalpylibtest-unit-test-tests/lib/python3.10/site-packages/_pytest/python.py", line 194, in pytest_pyfunc_call
    result = testfunction(**testargs)
  File "/workdir/colorful-0.5.5/tests/test_core.py", line 773, in test_unicode_support
    assert str(styled_s) == u'\033[30müêßüéâüêß\033[39m'
AssertionError
- generated xml file: /workdir/results/colorful/0.5.5/1/graalpy-test-results.xml -
=========================== short test summary info ============================
FAILED tests/test_core.py::test_unicode_support - AssertionError
================== 1 failed, 253 passed, 34 skipped in 5.12s ===================
ERROR: InvocationError for command /workdir/colorful-0.5.5/.tox/graalpylibtest-unit-test-tests/bin/pytest -v --tb=native --junitxml /workdir/results/colorful/0.5.5/1/graalpy-test-results.xml (exited with code 1)
___________________________________ summary ____________________________________
ERROR:   graalpylibtest-unit-test-tests: commands failed
