<?xml version="1.0" encoding="utf-8"?><testsuites><testsuite name="pytest" errors="4" failures="0" skipped="0" tests="4" time="0.417" timestamp="2023-11-29T01:32:21.362514" hostname="a1f8948d47fc"><testcase classname="" name="tests.test_elasticsearch_storage" time="0.000"><error message="collection failure">Traceback (most recent call last):
  File "/workdir/pytest-benchmark-4.0.0/.tox/cpythonlibtest-unit-test-tests/lib/python3.10/site-packages/_pytest/runner.py", line 341, in from_call
    result: Optional[TResult] = func()
  File "/workdir/pytest-benchmark-4.0.0/.tox/cpythonlibtest-unit-test-tests/lib/python3.10/site-packages/_pytest/runner.py", line 372, in &lt;lambda&gt;
    call = CallInfo.from_call(lambda: list(collector.collect()), "collect")
  File "/workdir/pytest-benchmark-4.0.0/.tox/cpythonlibtest-unit-test-tests/lib/python3.10/site-packages/_pytest/doctest.py", line 567, in collect
    module = import_path(
  File "/workdir/pytest-benchmark-4.0.0/.tox/cpythonlibtest-unit-test-tests/lib/python3.10/site-packages/_pytest/pathlib.py", line 567, in import_path
    importlib.import_module(module_name)
  File "/usr/local/lib/python3.10/importlib/__init__.py", line 126, in import_module
    return _bootstrap._gcd_import(name[level:], package, level)
  File "&lt;frozen importlib._bootstrap&gt;", line 1050, in _gcd_import
  File "&lt;frozen importlib._bootstrap&gt;", line 1027, in _find_and_load
  File "&lt;frozen importlib._bootstrap&gt;", line 1006, in _find_and_load_unlocked
  File "&lt;frozen importlib._bootstrap&gt;", line 688, in _load_unlocked
  File "/workdir/pytest-benchmark-4.0.0/.tox/cpythonlibtest-unit-test-tests/lib/python3.10/site-packages/_pytest/assertion/rewrite.py", line 186, in exec_module
    exec(co, module.__dict__)
  File "/workdir/pytest-benchmark-4.0.0/tests/test_elasticsearch_storage.py", line 9, in &lt;module&gt;
    import elasticsearch
ModuleNotFoundError: No module named 'elasticsearch'</error><error message="collection failure">ImportError while importing test module '/workdir/pytest-benchmark-4.0.0/tests/test_elasticsearch_storage.py'.
Hint: make sure your test modules/packages have valid Python names.
Traceback:
/usr/local/lib/python3.10/importlib/__init__.py:126: in import_module
    return _bootstrap._gcd_import(name[level:], package, level)
tests/test_elasticsearch_storage.py:9: in &lt;module&gt;
    import elasticsearch
E   ModuleNotFoundError: No module named 'elasticsearch'</error></testcase><testcase classname="" name="tests.test_storage" time="0.000"><error message="collection failure">Traceback (most recent call last):
  File "/workdir/pytest-benchmark-4.0.0/.tox/cpythonlibtest-unit-test-tests/lib/python3.10/site-packages/_pytest/runner.py", line 341, in from_call
    result: Optional[TResult] = func()
  File "/workdir/pytest-benchmark-4.0.0/.tox/cpythonlibtest-unit-test-tests/lib/python3.10/site-packages/_pytest/runner.py", line 372, in &lt;lambda&gt;
    call = CallInfo.from_call(lambda: list(collector.collect()), "collect")
  File "/workdir/pytest-benchmark-4.0.0/.tox/cpythonlibtest-unit-test-tests/lib/python3.10/site-packages/_pytest/doctest.py", line 567, in collect
    module = import_path(
  File "/workdir/pytest-benchmark-4.0.0/.tox/cpythonlibtest-unit-test-tests/lib/python3.10/site-packages/_pytest/pathlib.py", line 567, in import_path
    importlib.import_module(module_name)
  File "/usr/local/lib/python3.10/importlib/__init__.py", line 126, in import_module
    return _bootstrap._gcd_import(name[level:], package, level)
  File "&lt;frozen importlib._bootstrap&gt;", line 1050, in _gcd_import
  File "&lt;frozen importlib._bootstrap&gt;", line 1027, in _find_and_load
  File "&lt;frozen importlib._bootstrap&gt;", line 1006, in _find_and_load_unlocked
  File "&lt;frozen importlib._bootstrap&gt;", line 688, in _load_unlocked
  File "/workdir/pytest-benchmark-4.0.0/.tox/cpythonlibtest-unit-test-tests/lib/python3.10/site-packages/_pytest/assertion/rewrite.py", line 186, in exec_module
    exec(co, module.__dict__)
  File "/workdir/pytest-benchmark-4.0.0/tests/test_storage.py", line 11, in &lt;module&gt;
    from freezegun import freeze_time
ModuleNotFoundError: No module named 'freezegun'</error><error message="collection failure">ImportError while importing test module '/workdir/pytest-benchmark-4.0.0/tests/test_storage.py'.
Hint: make sure your test modules/packages have valid Python names.
Traceback:
/usr/local/lib/python3.10/importlib/__init__.py:126: in import_module
    return _bootstrap._gcd_import(name[level:], package, level)
tests/test_storage.py:11: in &lt;module&gt;
    from freezegun import freeze_time
E   ModuleNotFoundError: No module named 'freezegun'</error></testcase></testsuite></testsuites>