GLOB sdist-make: /workdir/pytest-benchmark-4.0.0/setup.py
cpythonlibtest-unit-test-tests create: /workdir/pytest-benchmark-4.0.0/.tox/cpythonlibtest-unit-test-tests
cpythonlibtest-unit-test-tests installdeps: mock, pytest, -rci/requirements.txt
cpythonlibtest-unit-test-tests inst: /workdir/pytest-benchmark-4.0.0/.tox/.tmp/package/1/pytest-benchmark-4.0.0.zip
cpythonlibtest-unit-test-tests installed: cachetools==5.3.2,chardet==5.2.0,colorama==0.4.6,distlib==0.3.7,exceptiongroup==1.2.0,filelock==3.13.1,iniconfig==2.0.0,mock==5.1.0,packaging==23.2,platformdirs==4.0.0,pluggy==1.3.0,py-cpuinfo==9.0.0,pyproject-api==1.6.1,pytest==7.4.3,pytest-benchmark @ file:///workdir/pytest-benchmark-4.0.0/.tox/.tmp/package/1/pytest-benchmark-4.0.0.zip#sha256=e87766daa47d40331ba48a12c8f7ec3b1a6ee2dea6d3a86c115f34edaf202910,six==1.16.0,tomli==2.0.1,tox==4.11.4,virtualenv==20.24.7
cpythonlibtest-unit-test-tests run-test-pre: PYTHONHASHSEED='2030335194'
cpythonlibtest-unit-test-tests run-test: commands[0] | pytest -v --tb=native --junitxml /workdir/results/pytest-benchmark/4.0.0/1/cpython-test-results.xml
============================= test session starts ==============================
platform linux -- Python 3.10.8, pytest-7.4.3, pluggy-1.3.0 -- /workdir/pytest-benchmark-4.0.0/.tox/cpythonlibtest-unit-test-tests/bin/python
cachedir: .tox/cpythonlibtest-unit-test-tests/.pytest_cache
benchmark: 4.0.0 (defaults: timer=time.perf_counter disable_gc=False min_rounds=5 min_time=0.000005 max_time=1.0 calibration_precision=10 warmup=False warmup_iterations=100000)
rootdir: /workdir/pytest-benchmark-4.0.0
configfile: pytest.ini
testpaths: tests
plugins: benchmark-4.0.0
collecting ... collected 185 items / 4 errors

==================================== ERRORS ====================================
_____________ ERROR collecting tests/test_elasticsearch_storage.py _____________
Traceback (most recent call last):
  File "/workdir/pytest-benchmark-4.0.0/.tox/cpythonlibtest-unit-test-tests/lib/python3.10/site-packages/_pytest/runner.py", line 341, in from_call
    result: Optional[TResult] = func()
  File "/workdir/pytest-benchmark-4.0.0/.tox/cpythonlibtest-unit-test-tests/lib/python3.10/site-packages/_pytest/runner.py", line 372, in <lambda>
    call = CallInfo.from_call(lambda: list(collector.collect()), "collect")
  File "/workdir/pytest-benchmark-4.0.0/.tox/cpythonlibtest-unit-test-tests/lib/python3.10/site-packages/_pytest/doctest.py", line 567, in collect
    module = import_path(
  File "/workdir/pytest-benchmark-4.0.0/.tox/cpythonlibtest-unit-test-tests/lib/python3.10/site-packages/_pytest/pathlib.py", line 567, in import_path
    importlib.import_module(module_name)
  File "/usr/local/lib/python3.10/importlib/__init__.py", line 126, in import_module
    return _bootstrap._gcd_import(name[level:], package, level)
  File "<frozen importlib._bootstrap>", line 1050, in _gcd_import
  File "<frozen importlib._bootstrap>", line 1027, in _find_and_load
  File "<frozen importlib._bootstrap>", line 1006, in _find_and_load_unlocked
  File "<frozen importlib._bootstrap>", line 688, in _load_unlocked
  File "/workdir/pytest-benchmark-4.0.0/.tox/cpythonlibtest-unit-test-tests/lib/python3.10/site-packages/_pytest/assertion/rewrite.py", line 186, in exec_module
    exec(co, module.__dict__)
  File "/workdir/pytest-benchmark-4.0.0/tests/test_elasticsearch_storage.py", line 9, in <module>
    import elasticsearch
ModuleNotFoundError: No module named 'elasticsearch'
_____________ ERROR collecting tests/test_elasticsearch_storage.py _____________
ImportError while importing test module '/workdir/pytest-benchmark-4.0.0/tests/test_elasticsearch_storage.py'.
Hint: make sure your test modules/packages have valid Python names.
Traceback:
/usr/local/lib/python3.10/importlib/__init__.py:126: in import_module
    return _bootstrap._gcd_import(name[level:], package, level)
tests/test_elasticsearch_storage.py:9: in <module>
    import elasticsearch
E   ModuleNotFoundError: No module named 'elasticsearch'
____________________ ERROR collecting tests/test_storage.py ____________________
Traceback (most recent call last):
  File "/workdir/pytest-benchmark-4.0.0/.tox/cpythonlibtest-unit-test-tests/lib/python3.10/site-packages/_pytest/runner.py", line 341, in from_call
    result: Optional[TResult] = func()
  File "/workdir/pytest-benchmark-4.0.0/.tox/cpythonlibtest-unit-test-tests/lib/python3.10/site-packages/_pytest/runner.py", line 372, in <lambda>
    call = CallInfo.from_call(lambda: list(collector.collect()), "collect")
  File "/workdir/pytest-benchmark-4.0.0/.tox/cpythonlibtest-unit-test-tests/lib/python3.10/site-packages/_pytest/doctest.py", line 567, in collect
    module = import_path(
  File "/workdir/pytest-benchmark-4.0.0/.tox/cpythonlibtest-unit-test-tests/lib/python3.10/site-packages/_pytest/pathlib.py", line 567, in import_path
    importlib.import_module(module_name)
  File "/usr/local/lib/python3.10/importlib/__init__.py", line 126, in import_module
    return _bootstrap._gcd_import(name[level:], package, level)
  File "<frozen importlib._bootstrap>", line 1050, in _gcd_import
  File "<frozen importlib._bootstrap>", line 1027, in _find_and_load
  File "<frozen importlib._bootstrap>", line 1006, in _find_and_load_unlocked
  File "<frozen importlib._bootstrap>", line 688, in _load_unlocked
  File "/workdir/pytest-benchmark-4.0.0/.tox/cpythonlibtest-unit-test-tests/lib/python3.10/site-packages/_pytest/assertion/rewrite.py", line 186, in exec_module
    exec(co, module.__dict__)
  File "/workdir/pytest-benchmark-4.0.0/tests/test_storage.py", line 11, in <module>
    from freezegun import freeze_time
ModuleNotFoundError: No module named 'freezegun'
____________________ ERROR collecting tests/test_storage.py ____________________
ImportError while importing test module '/workdir/pytest-benchmark-4.0.0/tests/test_storage.py'.
Hint: make sure your test modules/packages have valid Python names.
Traceback:
/usr/local/lib/python3.10/importlib/__init__.py:126: in import_module
    return _bootstrap._gcd_import(name[level:], package, level)
tests/test_storage.py:11: in <module>
    from freezegun import freeze_time
E   ModuleNotFoundError: No module named 'freezegun'
- generated xml file: /workdir/results/pytest-benchmark/4.0.0/1/cpython-test-results.xml -
=========================== short test summary info ============================
ERROR tests/test_elasticsearch_storage.py - ModuleNotFoundError: No module na...
ERROR tests/test_elasticsearch_storage.py
ERROR tests/test_storage.py - ModuleNotFoundError: No module named 'freezegun'
ERROR tests/test_storage.py
!!!!!!!!!!!!!!!!!!! Interrupted: 4 errors during collection !!!!!!!!!!!!!!!!!!!!
============================== 4 errors in 0.41s ===============================
ERROR: InvocationError for command /workdir/pytest-benchmark-4.0.0/.tox/cpythonlibtest-unit-test-tests/bin/pytest -v --tb=native --junitxml /workdir/results/pytest-benchmark/4.0.0/1/cpython-test-results.xml (exited with code 2)
___________________________________ summary ____________________________________
ERROR:   cpythonlibtest-unit-test-tests: commands failed
