<?xml version="1.0" encoding="UTF-8"?>
<testsuites>
	<testsuite name="humanfriendly.tests.HumanFriendlyTestCase-20231122034518" tests="69" file="humanfriendly/tests.py" time="10.194" timestamp="2023-11-22T03:45:28" failures="0" errors="2" skipped="0">
		<testcase classname="humanfriendly.tests.HumanFriendlyTestCase" name="test_alias_proxy_deprecation_warning" time="0.004" timestamp="2023-11-22T03:45:18" file="humanfriendly/tests.py" line="1393">
			<!--Test that the DeprecationProxy class emits deprecation warnings.-->
			<system-err><![CDATA[
]]></system-err>
		</testcase>
		<testcase classname="humanfriendly.tests.HumanFriendlyTestCase" name="test_alias_proxy_sphinx_compensation" time="0.001" timestamp="2023-11-22T03:45:18" file="humanfriendly/tests.py" line="1403">
			<!--Test that the DeprecationProxy class emits deprecation warnings.-->
			<system-err><![CDATA[
]]></system-err>
		</testcase>
		<testcase classname="humanfriendly.tests.HumanFriendlyTestCase" name="test_alias_proxy_sphinx_integration" time="0.001" timestamp="2023-11-22T03:45:18" file="humanfriendly/tests.py" line="1410">
			<!--Test that aliases can be injected into generated documentation.-->
			<system-err><![CDATA[
]]></system-err>
		</testcase>
		<testcase classname="humanfriendly.tests.HumanFriendlyTestCase" name="test_ansi_style" time="0.001" timestamp="2023-11-22T03:45:18" file="humanfriendly/tests.py" line="970">
			<!--Test :func:`humanfriendly.terminal.ansi_style()`.-->
			<system-err><![CDATA[
]]></system-err>
		</testcase>
		<testcase classname="humanfriendly.tests.HumanFriendlyTestCase" name="test_ansi_width" time="0.001" timestamp="2023-11-22T03:45:18" file="humanfriendly/tests.py" line="989">
			<!--Test :func:`humanfriendly.terminal.ansi_width()`.-->
			<system-err><![CDATA[
]]></system-err>
		</testcase>
		<testcase classname="humanfriendly.tests.HumanFriendlyTestCase" name="test_ansi_wrap" time="0.000" timestamp="2023-11-22T03:45:18" file="humanfriendly/tests.py" line="1003">
			<!--Test :func:`humanfriendly.terminal.ansi_wrap()`.-->
			<system-err><![CDATA[
]]></system-err>
		</testcase>
		<testcase classname="humanfriendly.tests.HumanFriendlyTestCase" name="test_automatic_spinner" time="1.007" timestamp="2023-11-22T03:45:19" file="humanfriendly/tests.py" line="800">
			<!--
        Test :func:`humanfriendly.AutomaticSpinner`.

        There's not a lot to test about the :class:`.AutomaticSpinner` class,
        but by at least running it here we are assured that the code functions
        on all supported Python versions. :class:`.AutomaticSpinner` is built
        on top of the :class:`.Spinner` class so at least we also have the
        tests for the :class:`.Spinner` class to back us up.
        -->
			<system-err><![CDATA[
]]></system-err>
		</testcase>
		<testcase classname="humanfriendly.tests.HumanFriendlyTestCase" name="test_boolean_coercion" time="0.002" timestamp="2023-11-22T03:45:19" file="humanfriendly/tests.py" line="385">
			<!--Test :func:`humanfriendly.coerce_boolean()`.-->
			<system-err><![CDATA[
]]></system-err>
		</testcase>
		<testcase classname="humanfriendly.tests.HumanFriendlyTestCase" name="test_caching_decorator" time="0.002" timestamp="2023-11-22T03:45:19" file="humanfriendly/tests.py" line="321">
			<!--Test the caching decorator.-->
			<system-err><![CDATA[
]]></system-err>
		</testcase>
		<testcase classname="humanfriendly.tests.HumanFriendlyTestCase" name="test_capture_output" time="0.011" timestamp="2023-11-22T03:45:19" file="humanfriendly/tests.py" line="187">
			<!--Test the CaptureOutput class.-->
			<system-err><![CDATA[
]]></system-err>
		</testcase>
		<testcase classname="humanfriendly.tests.HumanFriendlyTestCase" name="test_case_insensitive_dict" time="0.006" timestamp="2023-11-22T03:45:19" file="humanfriendly/tests.py" line="133">
			<!--Test the CaseInsensitiveDict class.-->
			<system-err><![CDATA[
]]></system-err>
		</testcase>
		<testcase classname="humanfriendly.tests.HumanFriendlyTestCase" name="test_case_insensitive_key" time="0.001" timestamp="2023-11-22T03:45:19" file="humanfriendly/tests.py" line="175">
			<!--Test the CaseInsensitiveKey class.-->
			<system-err><![CDATA[
]]></system-err>
		</testcase>
		<testcase classname="humanfriendly.tests.HumanFriendlyTestCase" name="test_clean_output" time="0.001" timestamp="2023-11-22T03:45:19" file="humanfriendly/tests.py" line="1117">
			<!--Test :func:`humanfriendly.terminal.clean_terminal_output()`.-->
			<system-err><![CDATA[
]]></system-err>
		</testcase>
		<testcase classname="humanfriendly.tests.HumanFriendlyTestCase" name="test_cli" time="2.060" timestamp="2023-11-22T03:45:21" file="humanfriendly/tests.py" line="897">
			<!--Test the command line interface.-->
			<system-err><![CDATA[
2023-11-22 03:45:19 80ac3eb7f7f2 humanfriendly.testing[22415] DEBUG Calling command line entry point with arguments: ['/workdir/humanfriendly-10.0/.tox/cpythonlibtest-unit-test-tests/bin/python']
2023-11-22 03:45:19 80ac3eb7f7f2 humanfriendly.testing[22415] DEBUG Command line entry point returned successfully!
2023-11-22 03:45:19 80ac3eb7f7f2 humanfriendly.testing[22415] DEBUG Output on stdout:

Usage: humanfriendly [OPTIONS]

Human friendly input/output (text formatting) on the command
line based on the Python package with the same name.

Supported options:

  -c, --run-command

    Execute an external command (given as the positional arguments) and render
    a spinner and timer while the command is running. The exit status of the
    command is propagated.

  --format-table

    Read tabular data from standard input (each line is a row and each
    whitespace separated field is a column), format the data as a table and
    print the resulting table to standard output. See also the --delimiter
    option.

  -d, --delimiter=VALUE

    Change the delimiter used by --format-table to VALUE (a string). By default
    all whitespace is treated as a delimiter.

  -l, --format-length=LENGTH

    Convert a length count (given as the integer or float LENGTH) into a human
    readable string and print that string to standard output.

  -n, --format-number=VALUE

    Format a number (given as the integer or floating point number VALUE) with
    thousands separators and two decimal places (if needed) and print the
    formatted number to standard output.

  -s, --format-size=BYTES

    Convert a byte count (given as the integer BYTES) into a human readable
    string and print that string to standard output.

  -b, --binary

    Change the output of -s, --format-size to use binary multiples of bytes
    (base-2) instead of the default decimal multiples of bytes (base-10).

  -t, --format-timespan=SECONDS

    Convert a number of seconds (given as the floating point number SECONDS)
    into a human readable timespan and print that string to standard output.

  --parse-length=VALUE

    Parse a human readable length (given as the string VALUE) and print the
    number of metres to standard output.

  --parse-size=VALUE

    Parse a human readable data size (given as the string VALUE) and print the
    number of bytes to standard output.

  --demo

    Demonstrate changing the style and color of the terminal font using ANSI
    escape sequences.

  -h, --help

    Show this message and exit.


2023-11-22 03:45:19 80ac3eb7f7f2 humanfriendly.testing[22415] DEBUG No output on stderr.
2023-11-22 03:45:19 80ac3eb7f7f2 humanfriendly.testing[22415] DEBUG Calling command line entry point with arguments: ['/workdir/humanfriendly-10.0/.tox/cpythonlibtest-unit-test-tests/bin/python', '--help']
2023-11-22 03:45:19 80ac3eb7f7f2 humanfriendly.testing[22415] DEBUG Command line entry point returned successfully!
2023-11-22 03:45:19 80ac3eb7f7f2 humanfriendly.testing[22415] DEBUG Output on stdout:

Usage: humanfriendly [OPTIONS]

Human friendly input/output (text formatting) on the command
line based on the Python package with the same name.

Supported options:

  -c, --run-command

    Execute an external command (given as the positional arguments) and render
    a spinner and timer while the command is running. The exit status of the
    command is propagated.

  --format-table

    Read tabular data from standard input (each line is a row and each
    whitespace separated field is a column), format the data as a table and
    print the resulting table to standard output. See also the --delimiter
    option.

  -d, --delimiter=VALUE

    Change the delimiter used by --format-table to VALUE (a string). By default
    all whitespace is treated as a delimiter.

  -l, --format-length=LENGTH

    Convert a length count (given as the integer or float LENGTH) into a human
    readable string and print that string to standard output.

  -n, --format-number=VALUE

    Format a number (given as the integer or floating point number VALUE) with
    thousands separators and two decimal places (if needed) and print the
    formatted number to standard output.

  -s, --format-size=BYTES

    Convert a byte count (given as the integer BYTES) into a human readable
    string and print that string to standard output.

  -b, --binary

    Change the output of -s, --format-size to use binary multiples of bytes
    (base-2) instead of the default decimal multiples of bytes (base-10).

  -t, --format-timespan=SECONDS

    Convert a number of seconds (given as the floating point number SECONDS)
    into a human readable timespan and print that string to standard output.

  --parse-length=VALUE

    Parse a human readable length (given as the string VALUE) and print the
    number of metres to standard output.

  --parse-size=VALUE

    Parse a human readable data size (given as the string VALUE) and print the
    number of bytes to standard output.

  --demo

    Demonstrate changing the style and color of the terminal font using ANSI
    escape sequences.

  -h, --help

    Show this message and exit.


2023-11-22 03:45:19 80ac3eb7f7f2 humanfriendly.testing[22415] DEBUG No output on stderr.
2023-11-22 03:45:19 80ac3eb7f7f2 humanfriendly.testing[22415] DEBUG Calling command line entry point with arguments: ['/workdir/humanfriendly-10.0/.tox/cpythonlibtest-unit-test-tests/bin/python', '--unsupported-option']
2023-11-22 03:45:19 80ac3eb7f7f2 humanfriendly.testing[22415] DEBUG Intercepting return code 1 from SystemExit exception.
2023-11-22 03:45:19 80ac3eb7f7f2 humanfriendly.testing[22415] DEBUG No output on stdout.
2023-11-22 03:45:19 80ac3eb7f7f2 humanfriendly.testing[22415] DEBUG Output on stderr:
Error: option --unsupported-option not recognized

2023-11-22 03:45:19 80ac3eb7f7f2 humanfriendly.testing[22415] DEBUG Calling command line entry point with arguments: ['/workdir/humanfriendly-10.0/.tox/cpythonlibtest-unit-test-tests/bin/python', '--format-number=1234567']
2023-11-22 03:45:19 80ac3eb7f7f2 humanfriendly.testing[22415] DEBUG Command line entry point returned successfully!
2023-11-22 03:45:19 80ac3eb7f7f2 humanfriendly.testing[22415] DEBUG Output on stdout:
1,234,567

2023-11-22 03:45:19 80ac3eb7f7f2 humanfriendly.testing[22415] DEBUG No output on stderr.
2023-11-22 03:45:19 80ac3eb7f7f2 humanfriendly.testing[22415] DEBUG Calling command line entry point with arguments: ['/workdir/humanfriendly-10.0/.tox/cpythonlibtest-unit-test-tests/bin/python', '--format-size=801742']
2023-11-22 03:45:19 80ac3eb7f7f2 humanfriendly.testing[22415] DEBUG Command line entry point returned successfully!
2023-11-22 03:45:19 80ac3eb7f7f2 humanfriendly.testing[22415] DEBUG Output on stdout:
801.74 KB

2023-11-22 03:45:19 80ac3eb7f7f2 humanfriendly.testing[22415] DEBUG No output on stderr.
2023-11-22 03:45:19 80ac3eb7f7f2 humanfriendly.testing[22415] DEBUG Calling command line entry point with arguments: ['/workdir/humanfriendly-10.0/.tox/cpythonlibtest-unit-test-tests/bin/python', '--format-size=374019', '--binary']
2023-11-22 03:45:19 80ac3eb7f7f2 humanfriendly.testing[22415] DEBUG Command line entry point returned successfully!
2023-11-22 03:45:19 80ac3eb7f7f2 humanfriendly.testing[22415] DEBUG Output on stdout:
365.25 KiB

2023-11-22 03:45:19 80ac3eb7f7f2 humanfriendly.testing[22415] DEBUG No output on stderr.
2023-11-22 03:45:19 80ac3eb7f7f2 humanfriendly.testing[22415] DEBUG Calling command line entry point with arguments: ['/workdir/humanfriendly-10.0/.tox/cpythonlibtest-unit-test-tests/bin/python', '--format-length=149363']
2023-11-22 03:45:19 80ac3eb7f7f2 humanfriendly.testing[22415] DEBUG Command line entry point returned successfully!
2023-11-22 03:45:19 80ac3eb7f7f2 humanfriendly.testing[22415] DEBUG Output on stdout:
149.36 km

2023-11-22 03:45:19 80ac3eb7f7f2 humanfriendly.testing[22415] DEBUG No output on stderr.
2023-11-22 03:45:19 80ac3eb7f7f2 humanfriendly.testing[22415] DEBUG Calling command line entry point with arguments: ['/workdir/humanfriendly-10.0/.tox/cpythonlibtest-unit-test-tests/bin/python', '--format-length=12.098480']
2023-11-22 03:45:19 80ac3eb7f7f2 humanfriendly.testing[22415] DEBUG Command line entry point returned successfully!
2023-11-22 03:45:19 80ac3eb7f7f2 humanfriendly.testing[22415] DEBUG Output on stdout:
12.1 metres

2023-11-22 03:45:19 80ac3eb7f7f2 humanfriendly.testing[22415] DEBUG No output on stderr.
2023-11-22 03:45:19 80ac3eb7f7f2 humanfriendly.testing[22415] DEBUG Calling command line entry point with arguments: ['/workdir/humanfriendly-10.0/.tox/cpythonlibtest-unit-test-tests/bin/python', '--format-table', '--delimiter=\t']
2023-11-22 03:45:19 80ac3eb7f7f2 humanfriendly.testing[22415] DEBUG Command line entry point returned successfully!
2023-11-22 03:45:19 80ac3eb7f7f2 humanfriendly.testing[22415] DEBUG Output on stdout:
-------------
| 1 | 2 | 3 |
| 4 | 5 | 6 |
| 7 | 8 | 9 |
-------------

2023-11-22 03:45:19 80ac3eb7f7f2 humanfriendly.testing[22415] DEBUG No output on stderr.
2023-11-22 03:45:19 80ac3eb7f7f2 humanfriendly.testing[22415] DEBUG Calling command line entry point with arguments: ['/workdir/humanfriendly-10.0/.tox/cpythonlibtest-unit-test-tests/bin/python', '--format-timespan=261']
2023-11-22 03:45:19 80ac3eb7f7f2 humanfriendly.testing[22415] DEBUG Command line entry point returned successfully!
2023-11-22 03:45:19 80ac3eb7f7f2 humanfriendly.testing[22415] DEBUG Output on stdout:
4 minutes and 21 seconds

2023-11-22 03:45:19 80ac3eb7f7f2 humanfriendly.testing[22415] DEBUG No output on stderr.
2023-11-22 03:45:19 80ac3eb7f7f2 humanfriendly.testing[22415] DEBUG Calling command line entry point with arguments: ['/workdir/humanfriendly-10.0/.tox/cpythonlibtest-unit-test-tests/bin/python', '--parse-size=5 KB']
2023-11-22 03:45:19 80ac3eb7f7f2 humanfriendly.testing[22415] DEBUG Command line entry point returned successfully!
2023-11-22 03:45:19 80ac3eb7f7f2 humanfriendly.testing[22415] DEBUG Output on stdout:
5000

2023-11-22 03:45:19 80ac3eb7f7f2 humanfriendly.testing[22415] DEBUG No output on stderr.
2023-11-22 03:45:19 80ac3eb7f7f2 humanfriendly.testing[22415] DEBUG Calling command line entry point with arguments: ['/workdir/humanfriendly-10.0/.tox/cpythonlibtest-unit-test-tests/bin/python', '--parse-size=5 YiB']
2023-11-22 03:45:19 80ac3eb7f7f2 humanfriendly.testing[22415] DEBUG Command line entry point returned successfully!
2023-11-22 03:45:19 80ac3eb7f7f2 humanfriendly.testing[22415] DEBUG Output on stdout:
6044629098073145873530880

2023-11-22 03:45:19 80ac3eb7f7f2 humanfriendly.testing[22415] DEBUG No output on stderr.
2023-11-22 03:45:19 80ac3eb7f7f2 humanfriendly.testing[22415] DEBUG Calling command line entry point with arguments: ['/workdir/humanfriendly-10.0/.tox/cpythonlibtest-unit-test-tests/bin/python', '--parse-length=5 km']
2023-11-22 03:45:19 80ac3eb7f7f2 humanfriendly.testing[22415] DEBUG Command line entry point returned successfully!
2023-11-22 03:45:19 80ac3eb7f7f2 humanfriendly.testing[22415] DEBUG Output on stdout:
5000

2023-11-22 03:45:19 80ac3eb7f7f2 humanfriendly.testing[22415] DEBUG No output on stderr.
2023-11-22 03:45:19 80ac3eb7f7f2 humanfriendly.testing[22415] DEBUG Calling command line entry point with arguments: ['/workdir/humanfriendly-10.0/.tox/cpythonlibtest-unit-test-tests/bin/python', '--parse-length=1.05 km']
2023-11-22 03:45:19 80ac3eb7f7f2 humanfriendly.testing[22415] DEBUG Command line entry point returned successfully!
2023-11-22 03:45:19 80ac3eb7f7f2 humanfriendly.testing[22415] DEBUG Output on stdout:
1050.0

2023-11-22 03:45:19 80ac3eb7f7f2 humanfriendly.testing[22415] DEBUG No output on stderr.
2023-11-22 03:45:19 80ac3eb7f7f2 humanfriendly.testing[22415] DEBUG Calling command line entry point with arguments: ['/workdir/humanfriendly-10.0/.tox/cpythonlibtest-unit-test-tests/bin/python', '--run-command', 'bash', '-c', 'sleep 2 && exit 42']
2023-11-22 03:45:21 80ac3eb7f7f2 humanfriendly.testing[22415] DEBUG Intercepting return code 42 from SystemExit exception.
2023-11-22 03:45:21 80ac3eb7f7f2 humanfriendly.testing[22415] DEBUG No output on stdout.
2023-11-22 03:45:21 80ac3eb7f7f2 humanfriendly.testing[22415] DEBUG No output on stderr.
2023-11-22 03:45:21 80ac3eb7f7f2 humanfriendly.testing[22415] DEBUG Calling command line entry point with arguments: ['/workdir/humanfriendly-10.0/.tox/cpythonlibtest-unit-test-tests/bin/python', '--demo']
2023-11-22 03:45:21 80ac3eb7f7f2 humanfriendly.testing[22415] DEBUG Command line entry point returned successfully!
2023-11-22 03:45:21 80ac3eb7f7f2 humanfriendly.testing[22415] DEBUG Output on stdout:
[1mText styles:[0m
 - [1;32mBold[0m
 - [92mBright[0m
 - [2;32mFaint[0m
 - [7;32mInverse[0m
 - [3;32mItalic[0m
 - [32mNormal[0m
 - [9;32mStrike through[0m
 - [4;32mUnderline[0m

[1mForeground colors:[0m
--------------------------------------
| Color   | Faint  | Normal | Bright |
--------------------------------------
| black   | [2;30mXXXXXX[0m | [30mXXXXXX[0m | [90mXXXXXX[0m |
| blue    | [2;34mXXXXXX[0m | [34mXXXXXX[0m | [94mXXXXXX[0m |
| cyan    | [2;36mXXXXXX[0m | [36mXXXXXX[0m | [96mXXXXXX[0m |
| green   | [2;32mXXXXXX[0m | [32mXXXXXX[0m | [92mXXXXXX[0m |
| magenta | [2;35mXXXXXX[0m | [35mXXXXXX[0m | [95mXXXXXX[0m |
| red     | [2;31mXXXXXX[0m | [31mXXXXXX[0m | [91mXXXXXX[0m |
| white   | [2;37mXXXXXX[0m | [37mXXXXXX[0m | [97mXXXXXX[0m |
| yellow  | [2;33mXXXXXX[0m | [33mXXXXXX[0m | [93mXXXXXX[0m |
--------------------------------------

[1mBackground colors:[0m
-----------------------------
| Color   | Normal | Bright |
-----------------------------
| black   | [40m      [0m | [100m      [0m |
| blue    | [44m      [0m | [104m      [0m |
| cyan    | [46m      [0m | [106m      [0m |
| green   | [42m      [0m | [102m      [0m |
| magenta | [45m      [0m | [105m      [0m |
| red     | [41m      [0m | [101m      [0m |
| white   | [47m      [0m | [107m      [0m |
| yellow  | [43m      [0m | [103m      [0m |
-----------------------------

[1m256 color mode (standard colors):[0m
 [38;5;0m0[0m [38;5;1m1[0m [38;5;2m2[0m [38;5;3m3[0m [38;5;4m4[0m [38;5;5m5[0m [38;5;6m6[0m [38;5;7m7[0m

[1m256 color mode (high-intensity colors):[0m
 [38;5;8m8[0m [38;5;9m9[0m [38;5;10m10[0m [38;5;11m11[0m [38;5;12m12[0m [38;5;13m13[0m [38;5;14m14[0m [38;5;15m15[0m

[1m256 color mode (216 colors):[0m
[38;5;16m  16[0m[38;5;17m  17[0m[38;5;18m  18[0m[38;5;19m  19[0m[38;5;20m  20[0m[38;5;21m  21[0m[38;5;22m  22[0m[38;5;23m  23[0m[38;5;24m  24[0m[38;5;25m  25[0m[38;5;26m  26[0m[38;5;27m  27[0m[38;5;28m  28[0m[38;5;29m  29[0m[38;5;30m  30[0m[38;5;31m  31[0m[38;5;32m  32[0m[38;5;33m  33[0m[38;5;34m  34[0m[38;5;35m  35[0m
[38;5;36m  36[0m[38;5;37m  37[0m[38;5;38m  38[0m[38;5;39m  39[0m[38;5;40m  40[0m[38;5;41m  41[0m[38;5;42m  42[0m[38;5;43m  43[0m[38;5;44m  44[0m[38;5;45m  45[0m[38;5;46m  46[0m[38;5;47m  47[0m[38;5;48m  48[0m[38;5;49m  49[0m[38;5;50m  50[0m[38;5;51m  51[0m[38;5;52m  52[0m[38;5;53m  53[0m[38;5;54m  54[0m[38;5;55m  55[0m
[38;5;56m  56[0m[38;5;57m  57[0m[38;5;58m  58[0m[38;5;59m  59[0m[38;5;60m  60[0m[38;5;61m  61[0m[38;5;62m  62[0m[38;5;63m  63[0m[38;5;64m  64[0m[38;5;65m  65[0m[38;5;66m  66[0m[38;5;67m  67[0m[38;5;68m  68[0m[38;5;69m  69[0m[38;5;70m  70[0m[38;5;71m  71[0m[38;5;72m  72[0m[38;5;73m  73[0m[38;5;74m  74[0m[38;5;75m  75[0m
[38;5;76m  76[0m[38;5;77m  77[0m[38;5;78m  78[0m[38;5;79m  79[0m[38;5;80m  80[0m[38;5;81m  81[0m[38;5;82m  82[0m[38;5;83m  83[0m[38;5;84m  84[0m[38;5;85m  85[0m[38;5;86m  86[0m[38;5;87m  87[0m[38;5;88m  88[0m[38;5;89m  89[0m[38;5;90m  90[0m[38;5;91m  91[0m[38;5;92m  92[0m[38;5;93m  93[0m[38;5;94m  94[0m[38;5;95m  95[0m
[38;5;96m  96[0m[38;5;97m  97[0m[38;5;98m  98[0m[38;5;99m  99[0m[38;5;100m 100[0m[38;5;101m 101[0m[38;5;102m 102[0m[38;5;103m 103[0m[38;5;104m 104[0m[38;5;105m 105[0m[38;5;106m 106[0m[38;5;107m 107[0m[38;5;108m 108[0m[38;5;109m 109[0m[38;5;110m 110[0m[38;5;111m 111[0m[38;5;112m 112[0m[38;5;113m 113[0m[38;5;114m 114[0m[38;5;115m 115[0m
[38;5;116m 116[0m[38;5;117m 117[0m[38;5;118m 118[0m[38;5;119m 119[0m[38;5;120m 120[0m[38;5;121m 121[0m[38;5;122m 122[0m[38;5;123m 123[0m[38;5;124m 124[0m[38;5;125m 125[0m[38;5;126m 126[0m[38;5;127m 127[0m[38;5;128m 128[0m[38;5;129m 129[0m[38;5;130m 130[0m[38;5;131m 131[0m[38;5;132m 132[0m[38;5;133m 133[0m[38;5;134m 134[0m[38;5;135m 135[0m
[38;5;136m 136[0m[38;5;137m 137[0m[38;5;138m 138[0m[38;5;139m 139[0m[38;5;140m 140[0m[38;5;141m 141[0m[38;5;142m 142[0m[38;5;143m 143[0m[38;5;144m 144[0m[38;5;145m 145[0m[38;5;146m 146[0m[38;5;147m 147[0m[38;5;148m 148[0m[38;5;149m 149[0m[38;5;150m 150[0m[38;5;151m 151[0m[38;5;152m 152[0m[38;5;153m 153[0m[38;5;154m 154[0m[38;5;155m 155[0m
[38;5;156m 156[0m[38;5;157m 157[0m[38;5;158m 158[0m[38;5;159m 159[0m[38;5;160m 160[0m[38;5;161m 161[0m[38;5;162m 162[0m[38;5;163m 163[0m[38;5;164m 164[0m[38;5;165m 165[0m[38;5;166m 166[0m[38;5;167m 167[0m[38;5;168m 168[0m[38;5;169m 169[0m[38;5;170m 170[0m[38;5;171m 171[0m[38;5;172m 172[0m[38;5;173m 173[0m[38;5;174m 174[0m[38;5;175m 175[0m
[38;5;176m 176[0m[38;5;177m 177[0m[38;5;178m 178[0m[38;5;179m 179[0m[38;5;180m 180[0m[38;5;181m 181[0m[38;5;182m 182[0m[38;5;183m 183[0m[38;5;184m 184[0m[38;5;185m 185[0m[38;5;186m 186[0m[38;5;187m 187[0m[38;5;188m 188[0m[38;5;189m 189[0m[38;5;190m 190[0m[38;5;191m 191[0m[38;5;192m 192[0m[38;5;193m 193[0m[38;5;194m 194[0m[38;5;195m 195[0m
[38;5;196m 196[0m[38;5;197m 197[0m[38;5;198m 198[0m[38;5;199m 199[0m[38;5;200m 200[0m[38;5;201m 201[0m[38;5;202m 202[0m[38;5;203m 203[0m[38;5;204m 204[0m[38;5;205m 205[0m[38;5;206m 206[0m[38;5;207m 207[0m[38;5;208m 208[0m[38;5;209m 209[0m[38;5;210m 210[0m[38;5;211m 211[0m[38;5;212m 212[0m[38;5;213m 213[0m[38;5;214m 214[0m[38;5;215m 215[0m
[38;5;216m 216[0m[38;5;217m 217[0m[38;5;218m 218[0m[38;5;219m 219[0m[38;5;220m 220[0m[38;5;221m 221[0m[38;5;222m 222[0m[38;5;223m 223[0m[38;5;224m 224[0m[38;5;225m 225[0m[38;5;226m 226[0m[38;5;227m 227[0m[38;5;228m 228[0m[38;5;229m 229[0m[38;5;230m 230[0m[38;5;231m 231[0m

[1m256 color mode (gray scale colors):[0m
[38;5;232m 232[0m[38;5;233m 233[0m[38;5;234m 234[0m[38;5;235m 235[0m[38;5;236m 236[0m[38;5;237m 237[0m[38;5;238m 238[0m[38;5;239m 239[0m[38;5;240m 240[0m[38;5;241m 241[0m[38;5;242m 242[0m[38;5;243m 243[0m[38;5;244m 244[0m[38;5;245m 245[0m[38;5;246m 246[0m[38;5;247m 247[0m[38;5;248m 248[0m[38;5;249m 249[0m[38;5;250m 250[0m[38;5;251m 251[0m
[38;5;252m 252[0m[38;5;253m 253[0m[38;5;254m 254[0m[38;5;255m 255[0m

2023-11-22 03:45:21 80ac3eb7f7f2 humanfriendly.testing[22415] DEBUG No output on stderr.
]]></system-err>
		</testcase>
		<testcase classname="humanfriendly.tests.HumanFriendlyTestCase" name="test_compact" time="0.000" timestamp="2023-11-22T03:45:21" file="humanfriendly/tests.py" line="331">
			<!--Test :func:`humanfriendly.text.compact()`.-->
			<system-err><![CDATA[
]]></system-err>
		</testcase>
		<testcase classname="humanfriendly.tests.HumanFriendlyTestCase" name="test_compact_empty_lines" time="0.001" timestamp="2023-11-22T03:45:21" file="humanfriendly/tests.py" line="341">
			<!--Test :func:`humanfriendly.text.compact_empty_lines()`.-->
			<system-err><![CDATA[
]]></system-err>
		</testcase>
		<testcase classname="humanfriendly.tests.HumanFriendlyTestCase" name="test_concatenate" time="0.001" timestamp="2023-11-22T03:45:21" file="humanfriendly/tests.py" line="727">
			<!--Test :func:`humanfriendly.text.concatenate()`.-->
			<system-err><![CDATA[
]]></system-err>
		</testcase>
		<testcase classname="humanfriendly.tests.HumanFriendlyTestCase" name="test_dedent" time="0.001" timestamp="2023-11-22T03:45:21" file="humanfriendly/tests.py" line="356">
			<!--Test :func:`humanfriendly.text.dedent()`.-->
			<system-err><![CDATA[
]]></system-err>
		</testcase>
		<testcase classname="humanfriendly.tests.HumanFriendlyTestCase" name="test_deprecated_args" time="0.001" timestamp="2023-11-22T03:45:21" file="humanfriendly/tests.py" line="1379">
			<!--Test the deprecated_args() decorator function.-->
			<system-err><![CDATA[
]]></system-err>
		</testcase>
		<testcase classname="humanfriendly.tests.HumanFriendlyTestCase" name="test_find_meta_variables" time="0.000" timestamp="2023-11-22T03:45:21" file="humanfriendly/tests.py" line="1241">
			<!--Test :func:`humanfriendly.usage.find_meta_variables()`.-->
			<system-err><![CDATA[
]]></system-err>
		</testcase>
		<testcase classname="humanfriendly.tests.HumanFriendlyTestCase" name="test_find_terminal_size" time="0.003" timestamp="2023-11-22T03:45:21" file="humanfriendly/tests.py" line="1132">
			<!--Test :func:`humanfriendly.terminal.find_terminal_size()`.-->
			<system-err><![CDATA[
]]></system-err>
		</testcase>
		<testcase classname="humanfriendly.tests.HumanFriendlyTestCase" name="test_format_length" time="0.001" timestamp="2023-11-22T03:45:21" file="humanfriendly/tests.py" line="541">
			<!--Test :func:`humanfriendly.format_length()`.-->
			<system-err><![CDATA[
]]></system-err>
		</testcase>
		<testcase classname="humanfriendly.tests.HumanFriendlyTestCase" name="test_format_number" time="0.001" timestamp="2023-11-22T03:45:21" file="humanfriendly/tests.py" line="568">
			<!--Test :func:`humanfriendly.format_number()`.-->
			<system-err><![CDATA[
]]></system-err>
		</testcase>
		<testcase classname="humanfriendly.tests.HumanFriendlyTestCase" name="test_format_path" time="0.001" timestamp="2023-11-22T03:45:21" file="humanfriendly/tests.py" line="588">
			<!--Test :func:`humanfriendly.format_path()`.-->
			<system-err><![CDATA[
]]></system-err>
		</testcase>
		<testcase classname="humanfriendly.tests.HumanFriendlyTestCase" name="test_format_size" time="0.001" timestamp="2023-11-22T03:45:21" file="humanfriendly/tests.py" line="493">
			<!--Test :func:`humanfriendly.format_size()`.-->
			<system-err><![CDATA[
]]></system-err>
		</testcase>
		<testcase classname="humanfriendly.tests.HumanFriendlyTestCase" name="test_format_timespan" time="0.002" timestamp="2023-11-22T03:45:21" file="humanfriendly/tests.py" line="408">
			<!--Test :func:`humanfriendly.format_timespan()`.-->
			<system-err><![CDATA[
]]></system-err>
		</testcase>
		<testcase classname="humanfriendly.tests.HumanFriendlyTestCase" name="test_format_usage" time="0.001" timestamp="2023-11-22T03:45:21" file="humanfriendly/tests.py" line="1335">
			<!--Test :func:`humanfriendly.usage.format_usage()`.-->
			<system-err><![CDATA[
]]></system-err>
		</testcase>
		<testcase classname="humanfriendly.tests.HumanFriendlyTestCase" name="test_generate_message" time="0.000" timestamp="2023-11-22T03:45:21" file="humanfriendly/tests.py" line="1089">
			<!--Test the :func:`humanfriendly.terminal.message()` function.-->
			<system-err><![CDATA[
]]></system-err>
		</testcase>
		<testcase classname="humanfriendly.tests.HumanFriendlyTestCase" name="test_generate_output" time="0.000" timestamp="2023-11-22T03:45:21" file="humanfriendly/tests.py" line="1081">
			<!--Test the :func:`humanfriendly.terminal.output()` function.-->
			<system-err><![CDATA[
]]></system-err>
		</testcase>
		<testcase classname="humanfriendly.tests.HumanFriendlyTestCase" name="test_generate_slug" time="0.001" timestamp="2023-11-22T03:45:21" file="humanfriendly/tests.py" line="373">
			<!--Test :func:`humanfriendly.text.generate_slug()`.-->
			<system-err><![CDATA[
]]></system-err>
		</testcase>
		<testcase classname="humanfriendly.tests.HumanFriendlyTestCase" name="test_get_pager_command" time="0.001" timestamp="2023-11-22T03:45:21" file="humanfriendly/tests.py" line="1213">
			<!--Test :func:`humanfriendly.terminal.get_pager_command()`.-->
			<system-err><![CDATA[
]]></system-err>
		</testcase>
		<testcase classname="humanfriendly.tests.HumanFriendlyTestCase" name="test_html_to_ansi" time="0.002" timestamp="2023-11-22T03:45:21" file="humanfriendly/tests.py" line="1013">
			<!--Test the :func:`humanfriendly.terminal.html_to_ansi()` function.-->
			<system-err><![CDATA[
]]></system-err>
		</testcase>
		<testcase classname="humanfriendly.tests.HumanFriendlyTestCase" name="test_mocked_program" time="0.004" timestamp="2023-11-22T03:45:21" file="humanfriendly/tests.py" line="238">
			<!--Test :class:`humanfriendly.testing.MockedProgram`.-->
			<system-err><![CDATA[
]]></system-err>
		</testcase>
		<testcase classname="humanfriendly.tests.HumanFriendlyTestCase" name="test_parse_date" time="0.001" timestamp="2023-11-22T03:45:21" file="humanfriendly/tests.py" line="485">
			<!--Test :func:`humanfriendly.parse_date()`.-->
			<system-err><![CDATA[
]]></system-err>
		</testcase>
		<testcase classname="humanfriendly.tests.HumanFriendlyTestCase" name="test_parse_length" time="0.001" timestamp="2023-11-22T03:45:21" file="humanfriendly/tests.py" line="552">
			<!--Test :func:`humanfriendly.parse_length()`.-->
			<system-err><![CDATA[
]]></system-err>
		</testcase>
		<testcase classname="humanfriendly.tests.HumanFriendlyTestCase" name="test_parse_path" time="0.001" timestamp="2023-11-22T03:45:21" file="humanfriendly/tests.py" line="594">
			<!--Test :func:`humanfriendly.parse_path()`.-->
			<system-err><![CDATA[
]]></system-err>
		</testcase>
		<testcase classname="humanfriendly.tests.HumanFriendlyTestCase" name="test_parse_size" time="0.001" timestamp="2023-11-22T03:45:21" file="humanfriendly/tests.py" line="517">
			<!--Test :func:`humanfriendly.parse_size()`.-->
			<system-err><![CDATA[
]]></system-err>
		</testcase>
		<testcase classname="humanfriendly.tests.HumanFriendlyTestCase" name="test_parse_timespan" time="0.001" timestamp="2023-11-22T03:45:21" file="humanfriendly/tests.py" line="458">
			<!--Test :func:`humanfriendly.parse_timespan()`.-->
			<system-err><![CDATA[
]]></system-err>
		</testcase>
		<testcase classname="humanfriendly.tests.HumanFriendlyTestCase" name="test_parse_usage_commas" time="0.001" timestamp="2023-11-22T03:45:21" file="humanfriendly/tests.py" line="1304">
			<!--Test :func:`humanfriendly.usage.parse_usage()` against option labels containing commas.-->
			<system-err><![CDATA[
2023-11-22 03:45:21 80ac3eb7f7f2 humanfriendly.usage[22415] DEBUG Parsed introduction: ['Usage: my-fancy-app [OPTIONS]', 'Some introduction goes here.', 'Supported options:']
2023-11-22 03:45:21 80ac3eb7f7f2 humanfriendly.usage[22415] DEBUG Parsed options: ['-f, --first-option', 'Explanation of first option.', '-s, --second-option=WITH,COMMA', "This should be a separate option's description.\n"]
]]></system-err>
		</testcase>
		<testcase classname="humanfriendly.tests.HumanFriendlyTestCase" name="test_parse_usage_simple" time="0.001" timestamp="2023-11-22T03:45:21" file="humanfriendly/tests.py" line="1250">
			<!--Test :func:`humanfriendly.usage.parse_usage()` (a simple case).-->
			<system-err><![CDATA[
2023-11-22 03:45:21 80ac3eb7f7f2 humanfriendly.usage[22415] DEBUG Parsed introduction: ['Usage: my-fancy-app [OPTIONS]', 'Boring description.', 'Supported options:']
2023-11-22 03:45:21 80ac3eb7f7f2 humanfriendly.usage[22415] DEBUG Parsed options: ['-h, --help', 'Show this message and exit.\n']
]]></system-err>
		</testcase>
		<testcase classname="humanfriendly.tests.HumanFriendlyTestCase" name="test_parse_usage_tricky" time="0.001" timestamp="2023-11-22T03:45:21" file="humanfriendly/tests.py" line="1271">
			<!--Test :func:`humanfriendly.usage.parse_usage()` (a tricky case).-->
			<system-err><![CDATA[
2023-11-22 03:45:21 80ac3eb7f7f2 humanfriendly.usage[22415] DEBUG Parsed introduction: ['Usage: my-fancy-app [OPTIONS]', "Here's the introduction to my-fancy-app. Some of the lines in the\nintroduction start with a command line option just to confuse the\nparsing algorithm :-)", 'For example\n--an-awesome-option\nis still part of the introduction.', 'Supported options:']
2023-11-22 03:45:21 80ac3eb7f7f2 humanfriendly.usage[22415] DEBUG Parsed options: ['-a, --an-awesome-option', 'Explanation why this is an awesome option.', '-b, --a-boring-option', 'Explanation why this is a boring option.\n']
]]></system-err>
		</testcase>
		<testcase classname="humanfriendly.tests.HumanFriendlyTestCase" name="test_patch_attribute" time="0.001" timestamp="2023-11-22T03:45:21" file="humanfriendly/tests.py" line="280">
			<!--Test :class:`humanfriendly.testing.PatchedAttribute`.-->
			<system-err><![CDATA[
]]></system-err>
		</testcase>
		<testcase classname="humanfriendly.tests.HumanFriendlyTestCase" name="test_patch_item" time="0.001" timestamp="2023-11-22T03:45:21" file="humanfriendly/tests.py" line="291">
			<!--Test :class:`humanfriendly.testing.PatchedItem`.-->
			<system-err><![CDATA[
]]></system-err>
		</testcase>
		<testcase classname="humanfriendly.tests.HumanFriendlyTestCase" name="test_pattern_coercion" time="0.001" timestamp="2023-11-22T03:45:21" file="humanfriendly/tests.py" line="394">
			<!--Test :func:`humanfriendly.coerce_pattern()`.-->
			<system-err><![CDATA[
]]></system-err>
		</testcase>
		<testcase classname="humanfriendly.tests.HumanFriendlyTestCase" name="test_pluralization" time="0.000" timestamp="2023-11-22T03:45:21" file="humanfriendly/tests.py" line="366">
			<!--Test :func:`humanfriendly.text.pluralize()`.-->
			<system-err><![CDATA[
]]></system-err>
		</testcase>
		<testcase classname="humanfriendly.tests.HumanFriendlyTestCase" name="test_pretty_tables" time="0.001" timestamp="2023-11-22T03:45:21" file="humanfriendly/tests.py" line="600">
			<!--Test :func:`humanfriendly.tables.format_pretty_table()`.-->
			<system-err><![CDATA[
]]></system-err>
		</testcase>
		<testcase classname="humanfriendly.tests.HumanFriendlyTestCase" name="test_prompt_for_choice" time="0.008" timestamp="2023-11-22T03:45:21" file="humanfriendly/tests.py" line="813">
			<!--Test :func:`humanfriendly.prompts.prompt_for_choice()`.-->
			<system-err><![CDATA[
2023-11-22 03:45:21 80ac3eb7f7f2 humanfriendly.prompts[22415] DEBUG Skipping interactive prompt because there's only option ('only one option (shortcut)').
2023-11-22 03:45:21 80ac3eb7f7f2 humanfriendly.prompts[22415] DEBUG Requesting interactive choice on terminal (options are 'foo' and 'bar') ..

2023-11-22 03:45:21 80ac3eb7f7f2 humanfriendly.prompts[22415] DEBUG Option ('foo') selected by reply (exact match).
2023-11-22 03:45:21 80ac3eb7f7f2 humanfriendly.prompts[22415] DEBUG Requesting interactive choice on terminal (options are 'foo' and 'bar') ..

2023-11-22 03:45:21 80ac3eb7f7f2 humanfriendly.prompts[22415] DEBUG Option ('foo') selected by reply (substring match on 'f').
2023-11-22 03:45:21 80ac3eb7f7f2 humanfriendly.prompts[22415] DEBUG Requesting interactive choice on terminal (options are 'foo' and 'bar') ..

2023-11-22 03:45:21 80ac3eb7f7f2 humanfriendly.prompts[22415] DEBUG Option ('bar') selected by numeric reply (2).
2023-11-22 03:45:21 80ac3eb7f7f2 humanfriendly.prompts[22415] DEBUG Requesting interactive choice on terminal (options are 'foo' and 'bar') ..

2023-11-22 03:45:21 80ac3eb7f7f2 humanfriendly.prompts[22415] DEBUG Default choice selected by empty reply ('bar').
2023-11-22 03:45:21 80ac3eb7f7f2 humanfriendly.prompts[22415] DEBUG Requesting interactive choice on terminal (options are 'foo', 'bar' and 'baz') ..

2023-11-22 03:45:21 80ac3eb7f7f2 humanfriendly.prompts[22415] DEBUG Got empty reply (there's no default choice), retrying (1/10) ..
 Error: Invalid input (there's no default choice).

2023-11-22 03:45:21 80ac3eb7f7f2 humanfriendly.prompts[22415] DEBUG Got invalid reply (text 'q' doesn't match any choices), retrying (2/10) ..
 Error: Invalid input (text 'q' doesn't match any choices).

2023-11-22 03:45:21 80ac3eb7f7f2 humanfriendly.prompts[22415] DEBUG Option ('baz') selected by reply (substring match on 'z').
2023-11-22 03:45:21 80ac3eb7f7f2 humanfriendly.prompts[22415] DEBUG Requesting interactive choice on terminal (options are 'foo', 'bar', 'baz' and 'qux') ..

2023-11-22 03:45:21 80ac3eb7f7f2 humanfriendly.prompts[22415] DEBUG Got invalid reply (text 'a' matches more than one choice: bar and baz), retrying (1/10) ..
 Error: Invalid input (text 'a' matches more than one choice: bar and baz).

2023-11-22 03:45:21 80ac3eb7f7f2 humanfriendly.prompts[22415] DEBUG Option ('qux') selected by reply (substring match on 'q').
2023-11-22 03:45:21 80ac3eb7f7f2 humanfriendly.prompts[22415] DEBUG Requesting interactive choice on terminal (options are 'foo', 'bar' and 'baz') ..

2023-11-22 03:45:21 80ac3eb7f7f2 humanfriendly.prompts[22415] DEBUG Got invalid reply (number 42 is not a valid choice), retrying (1/10) ..
 Error: Invalid input (number 42 is not a valid choice).

2023-11-22 03:45:21 80ac3eb7f7f2 humanfriendly.prompts[22415] DEBUG Option ('bar') selected by numeric reply (2).
2023-11-22 03:45:21 80ac3eb7f7f2 humanfriendly.prompts[22415] DEBUG Requesting interactive choice on terminal (options are 'a', 'b' and 'c') ..

2023-11-22 03:45:21 80ac3eb7f7f2 humanfriendly.prompts[22415] DEBUG Got empty reply (there's no default choice), retrying (1/10) ..
 Error: Invalid input (there's no default choice).

2023-11-22 03:45:21 80ac3eb7f7f2 humanfriendly.prompts[22415] DEBUG Got empty reply (there's no default choice), retrying (2/10) ..
 Error: Invalid input (there's no default choice).

2023-11-22 03:45:21 80ac3eb7f7f2 humanfriendly.prompts[22415] DEBUG Got empty reply (there's no default choice), retrying (3/10) ..
 Error: Invalid input (there's no default choice).

2023-11-22 03:45:21 80ac3eb7f7f2 humanfriendly.prompts[22415] DEBUG Got empty reply (there's no default choice), retrying (4/10) ..
 Error: Invalid input (there's no default choice).

2023-11-22 03:45:21 80ac3eb7f7f2 humanfriendly.prompts[22415] DEBUG Got empty reply (there's no default choice), retrying (5/10) ..
 Error: Invalid input (there's no default choice).

2023-11-22 03:45:21 80ac3eb7f7f2 humanfriendly.prompts[22415] DEBUG Got empty reply (there's no default choice), retrying (6/10) ..
 Error: Invalid input (there's no default choice).

2023-11-22 03:45:21 80ac3eb7f7f2 humanfriendly.prompts[22415] DEBUG Got empty reply (there's no default choice), retrying (7/10) ..
 Error: Invalid input (there's no default choice).

2023-11-22 03:45:21 80ac3eb7f7f2 humanfriendly.prompts[22415] DEBUG Got empty reply (there's no default choice), retrying (8/10) ..
 Error: Invalid input (there's no default choice).

2023-11-22 03:45:21 80ac3eb7f7f2 humanfriendly.prompts[22415] DEBUG Got empty reply (there's no default choice), retrying (9/10) ..
 Error: Invalid input (there's no default choice).

2023-11-22 03:45:21 80ac3eb7f7f2 humanfriendly.prompts[22415] DEBUG Got empty reply (there's no default choice), retrying (10/10) ..
 Error: Invalid input (there's no default choice).
2023-11-22 03:45:21 80ac3eb7f7f2 humanfriendly.prompts[22415] WARNING Received too many invalid replies on interactive prompt, giving up! (tried 10 times)
]]></system-err>
		</testcase>
		<testcase classname="humanfriendly.tests.HumanFriendlyTestCase" name="test_prompt_for_confirmation" time="0.009" timestamp="2023-11-22T03:45:21" file="humanfriendly/tests.py" line="854">
			<!--Test :func:`humanfriendly.prompts.prompt_for_confirmation()`.-->
			<system-err><![CDATA[
2023-11-22 03:45:21 80ac3eb7f7f2 humanfriendly.prompts[22415] DEBUG Requesting interactive confirmation from terminal: 'Are you sure? [y/n]'

2023-11-22 03:45:21 80ac3eb7f7f2 humanfriendly.prompts[22415] DEBUG Confirmation granted by reply ('yes').
2023-11-22 03:45:21 80ac3eb7f7f2 humanfriendly.prompts[22415] DEBUG Requesting interactive confirmation from terminal: 'Are you sure? [y/n]'

2023-11-22 03:45:21 80ac3eb7f7f2 humanfriendly.prompts[22415] DEBUG Confirmation granted by reply ('Yes').
2023-11-22 03:45:21 80ac3eb7f7f2 humanfriendly.prompts[22415] DEBUG Requesting interactive confirmation from terminal: 'Are you sure? [y/n]'

2023-11-22 03:45:21 80ac3eb7f7f2 humanfriendly.prompts[22415] DEBUG Confirmation granted by reply ('YES').
2023-11-22 03:45:21 80ac3eb7f7f2 humanfriendly.prompts[22415] DEBUG Requesting interactive confirmation from terminal: 'Are you sure? [y/n]'

2023-11-22 03:45:21 80ac3eb7f7f2 humanfriendly.prompts[22415] DEBUG Confirmation granted by reply ('y').
2023-11-22 03:45:21 80ac3eb7f7f2 humanfriendly.prompts[22415] DEBUG Requesting interactive confirmation from terminal: 'Are you sure? [y/n]'

2023-11-22 03:45:21 80ac3eb7f7f2 humanfriendly.prompts[22415] DEBUG Confirmation granted by reply ('Y').
2023-11-22 03:45:21 80ac3eb7f7f2 humanfriendly.prompts[22415] DEBUG Requesting interactive confirmation from terminal: 'Are you sure? [y/n]'

2023-11-22 03:45:21 80ac3eb7f7f2 humanfriendly.prompts[22415] DEBUG Confirmation denied by reply ('no').
2023-11-22 03:45:21 80ac3eb7f7f2 humanfriendly.prompts[22415] DEBUG Requesting interactive confirmation from terminal: 'Are you sure? [y/n]'

2023-11-22 03:45:21 80ac3eb7f7f2 humanfriendly.prompts[22415] DEBUG Confirmation denied by reply ('No').
2023-11-22 03:45:21 80ac3eb7f7f2 humanfriendly.prompts[22415] DEBUG Requesting interactive confirmation from terminal: 'Are you sure? [y/n]'

2023-11-22 03:45:21 80ac3eb7f7f2 humanfriendly.prompts[22415] DEBUG Confirmation denied by reply ('NO').
2023-11-22 03:45:21 80ac3eb7f7f2 humanfriendly.prompts[22415] DEBUG Requesting interactive confirmation from terminal: 'Are you sure? [y/n]'

2023-11-22 03:45:21 80ac3eb7f7f2 humanfriendly.prompts[22415] DEBUG Confirmation denied by reply ('n').
2023-11-22 03:45:21 80ac3eb7f7f2 humanfriendly.prompts[22415] DEBUG Requesting interactive confirmation from terminal: 'Are you sure? [y/n]'

2023-11-22 03:45:21 80ac3eb7f7f2 humanfriendly.prompts[22415] DEBUG Confirmation denied by reply ('N').
2023-11-22 03:45:21 80ac3eb7f7f2 humanfriendly.prompts[22415] DEBUG Requesting interactive confirmation from terminal: 'Are you sure? [Y/n]'

2023-11-22 03:45:21 80ac3eb7f7f2 humanfriendly.prompts[22415] DEBUG Default choice selected by empty reply ('granted').
2023-11-22 03:45:21 80ac3eb7f7f2 humanfriendly.prompts[22415] DEBUG Requesting interactive confirmation from terminal: 'Are you sure? [y/N]'

2023-11-22 03:45:21 80ac3eb7f7f2 humanfriendly.prompts[22415] DEBUG Default choice selected by empty reply ('denied').
2023-11-22 03:45:21 80ac3eb7f7f2 humanfriendly.prompts[22415] DEBUG Requesting interactive confirmation from terminal: 'Are you sure? [y/n]'

2023-11-22 03:45:21 80ac3eb7f7f2 humanfriendly.prompts[22415] DEBUG Got empty reply (there's no default choice), retrying (1/10) ..
 Error: Please enter 'yes' or 'no' (there's no default choice).

2023-11-22 03:45:21 80ac3eb7f7f2 humanfriendly.prompts[22415] DEBUG Got empty reply (there's no default choice), retrying (2/10) ..
 Error: Please enter 'yes' or 'no' (there's no default choice).

2023-11-22 03:45:21 80ac3eb7f7f2 humanfriendly.prompts[22415] DEBUG Got empty reply (there's no default choice), retrying (3/10) ..
 Error: Please enter 'yes' or 'no' (there's no default choice).

2023-11-22 03:45:21 80ac3eb7f7f2 humanfriendly.prompts[22415] DEBUG Got empty reply (there's no default choice), retrying (4/10) ..
 Error: Please enter 'yes' or 'no' (there's no default choice).

2023-11-22 03:45:21 80ac3eb7f7f2 humanfriendly.prompts[22415] DEBUG Got empty reply (there's no default choice), retrying (5/10) ..
 Error: Please enter 'yes' or 'no' (there's no default choice).

2023-11-22 03:45:21 80ac3eb7f7f2 humanfriendly.prompts[22415] DEBUG Got empty reply (there's no default choice), retrying (6/10) ..
 Error: Please enter 'yes' or 'no' (there's no default choice).

2023-11-22 03:45:21 80ac3eb7f7f2 humanfriendly.prompts[22415] DEBUG Got empty reply (there's no default choice), retrying (7/10) ..
 Error: Please enter 'yes' or 'no' (there's no default choice).

2023-11-22 03:45:21 80ac3eb7f7f2 humanfriendly.prompts[22415] DEBUG Got empty reply (there's no default choice), retrying (8/10) ..
 Error: Please enter 'yes' or 'no' (there's no default choice).

2023-11-22 03:45:21 80ac3eb7f7f2 humanfriendly.prompts[22415] DEBUG Got empty reply (there's no default choice), retrying (9/10) ..
 Error: Please enter 'yes' or 'no' (there's no default choice).

2023-11-22 03:45:21 80ac3eb7f7f2 humanfriendly.prompts[22415] DEBUG Got empty reply (there's no default choice), retrying (10/10) ..
 Error: Please enter 'yes' or 'no' (there's no default choice).
2023-11-22 03:45:21 80ac3eb7f7f2 humanfriendly.prompts[22415] WARNING Received too many invalid replies on interactive prompt, giving up! (tried 10 times)
]]></system-err>
		</testcase>
		<testcase classname="humanfriendly.tests.HumanFriendlyTestCase" name="test_prompt_for_input" time="0.002" timestamp="2023-11-22T03:45:21" file="humanfriendly/tests.py" line="885">
			<!--Test :func:`humanfriendly.prompts.prompt_for_input()`.-->
			<system-out><![CDATA[
 What is your quest?
 What is your favorite color?]]></system-out>
			<system-err><![CDATA[


2023-11-22 03:45:21 80ac3eb7f7f2 humanfriendly.prompts[22415] DEBUG Got EOF from terminal, returning default value ('To seek the holy grail!') ..


2023-11-22 03:45:21 80ac3eb7f7f2 humanfriendly.prompts[22415] WARNING Interactive prompt was interrupted by exception!
Traceback (most recent call last):
  File "/workdir/humanfriendly-10.0/humanfriendly/prompts.py", line 270, in prompt_for_input
    reply = interactive_prompt(question)
EOFError: EOF when reading a line
]]></system-err>
		</testcase>
		<testcase classname="humanfriendly.tests.HumanFriendlyTestCase" name="test_render_usage" time="0.003" timestamp="2023-11-22T03:45:21" file="humanfriendly/tests.py" line="1361">
			<!--Test :func:`humanfriendly.usage.render_usage()`.-->
			<system-err><![CDATA[
2023-11-22 03:45:21 80ac3eb7f7f2 humanfriendly.usage[22415] DEBUG Parsed introduction: ['Usage: some-command WITH ARGS']
2023-11-22 03:45:21 80ac3eb7f7f2 humanfriendly.usage[22415] DEBUG Parsed options: []
2023-11-22 03:45:21 80ac3eb7f7f2 humanfriendly.usage[22415] DEBUG Rendered output: ['**Usage:** `some-command WITH ARGS`']
2023-11-22 03:45:21 80ac3eb7f7f2 humanfriendly.usage[22415] DEBUG Parsed introduction: ['Supported options:']
2023-11-22 03:45:21 80ac3eb7f7f2 humanfriendly.usage[22415] DEBUG Parsed options: []
2023-11-22 03:45:21 80ac3eb7f7f2 humanfriendly.usage[22415] DEBUG Rendered output: ['**Supported options:**']
2023-11-22 03:45:21 80ac3eb7f7f2 humanfriendly.usage[22415] DEBUG Parsed introduction: ['Here comes a shell command:', '  $ echo test\n  test\n']
2023-11-22 03:45:21 80ac3eb7f7f2 humanfriendly.usage[22415] DEBUG Parsed options: []
2023-11-22 03:45:21 80ac3eb7f7f2 humanfriendly.usage[22415] DEBUG Rendered output: ['Here comes a shell command:', '.. code-block:: sh\n\n  $ echo test\n  test']
2023-11-22 03:45:21 80ac3eb7f7f2 humanfriendly.usage[22415] DEBUG Parsed introduction: ['Supported options:']
2023-11-22 03:45:21 80ac3eb7f7f2 humanfriendly.usage[22415] DEBUG Parsed options: ['-n, --dry-run', "Don't change anything.\n"]
2023-11-22 03:45:21 80ac3eb7f7f2 humanfriendly.usage[22415] DEBUG Rendered output: ['**Supported options:**', '.. csv-table::\n   :header: Option, Description\n   :widths: 30, 70\n', '   "``-n``, ``--dry-run``",Don\'t change anything.']
2023-11-22 03:45:21 80ac3eb7f7f2 humanfriendly.usage[22415] DEBUG Parsed introduction: ['Supported options:']
2023-11-22 03:45:21 80ac3eb7f7f2 humanfriendly.usage[22415] DEBUG Parsed options: ['-n, --dry-run', "Don't change anything.\n"]
2023-11-22 03:45:21 80ac3eb7f7f2 humanfriendly.usage[22415] DEBUG Rendered output: ['**Supported options:**', '.. csv-table::\n   :header: Option, Description\n   :widths: 30, 70\n', '   "``-n``, ``--dry-run``",Don\'t change anything.']
]]></system-err>
		</testcase>
		<testcase classname="humanfriendly.tests.HumanFriendlyTestCase" name="test_retry_raise" time="1.603" timestamp="2023-11-22T03:45:23" file="humanfriendly/tests.py" line="204">
			<!--Test :func:`~humanfriendly.testing.retry()` based on assertion errors.-->
			<system-err><![CDATA[
]]></system-err>
		</testcase>
		<testcase classname="humanfriendly.tests.HumanFriendlyTestCase" name="test_retry_return" time="1.605" timestamp="2023-11-22T03:45:24" file="humanfriendly/tests.py" line="222">
			<!--Test :func:`~humanfriendly.testing.retry()` based on return values.-->
			<system-err><![CDATA[
]]></system-err>
		</testcase>
		<testcase classname="humanfriendly.tests.HumanFriendlyTestCase" name="test_robust_tables" time="0.003" timestamp="2023-11-22T03:45:24" file="humanfriendly/tests.py" line="640">
			<!--Test :func:`humanfriendly.tables.format_robust_table()`.-->
			<system-err><![CDATA[
]]></system-err>
		</testcase>
		<testcase classname="humanfriendly.tests.HumanFriendlyTestCase" name="test_round_number" time="0.001" timestamp="2023-11-22T03:45:24" file="humanfriendly/tests.py" line="581">
			<!--Test :func:`humanfriendly.round_number()`.-->
			<system-err><![CDATA[
]]></system-err>
		</testcase>
		<testcase classname="humanfriendly.tests.HumanFriendlyTestCase" name="test_rst_tables" time="0.001" timestamp="2023-11-22T03:45:24" file="humanfriendly/tests.py" line="699">
			<!--Test :func:`humanfriendly.tables.format_rst_table()`.-->
			<system-err><![CDATA[
]]></system-err>
		</testcase>
		<testcase classname="humanfriendly.tests.HumanFriendlyTestCase" name="test_run_cli_intercepts_error" time="0.001" timestamp="2023-11-22T03:45:24" file="humanfriendly/tests.py" line="305">
			<!--Test that run_cli() intercepts exceptions.-->
			<system-err><![CDATA[
2023-11-22 03:45:24 80ac3eb7f7f2 humanfriendly.testing[22415] DEBUG Calling command line entry point with arguments: ['/workdir/humanfriendly-10.0/.tox/cpythonlibtest-unit-test-tests/bin/python']
2023-11-22 03:45:24 80ac3eb7f7f2 humanfriendly.testing[22415] WARNING Defaulting return code to 1 due to raised exception.
Traceback (most recent call last):
  File "/workdir/humanfriendly-10.0/humanfriendly/testing.py", line 181, in run_cli
    entry_point()
  File "/workdir/humanfriendly-10.0/humanfriendly/tests.py", line 312, in run_cli_raise_other
    raise ValueError()
ValueError
2023-11-22 03:45:24 80ac3eb7f7f2 humanfriendly.testing[22415] DEBUG No output on stdout.
2023-11-22 03:45:24 80ac3eb7f7f2 humanfriendly.testing[22415] DEBUG No output on stderr.
]]></system-err>
		</testcase>
		<testcase classname="humanfriendly.tests.HumanFriendlyTestCase" name="test_run_cli_intercepts_exit" time="0.001" timestamp="2023-11-22T03:45:24" file="humanfriendly/tests.py" line="300">
			<!--Test that run_cli() intercepts SystemExit.-->
			<system-err><![CDATA[
2023-11-22 03:45:24 80ac3eb7f7f2 humanfriendly.testing[22415] DEBUG Calling command line entry point with arguments: ['/workdir/humanfriendly-10.0/.tox/cpythonlibtest-unit-test-tests/bin/python']
2023-11-22 03:45:24 80ac3eb7f7f2 humanfriendly.testing[22415] DEBUG Intercepting return code 42 from SystemExit exception.
2023-11-22 03:45:24 80ac3eb7f7f2 humanfriendly.testing[22415] DEBUG No output on stdout.
2023-11-22 03:45:24 80ac3eb7f7f2 humanfriendly.testing[22415] DEBUG No output on stderr.
]]></system-err>
		</testcase>
		<testcase classname="humanfriendly.tests.HumanFriendlyTestCase" name="test_run_cli_intercepts_output" time="0.001" timestamp="2023-11-22T03:45:24" file="humanfriendly/tests.py" line="314">
			<!--Test that run_cli() intercepts output.-->
			<system-err><![CDATA[
2023-11-22 03:45:24 80ac3eb7f7f2 humanfriendly.testing[22415] DEBUG Calling command line entry point with arguments: ['/workdir/humanfriendly-10.0/.tox/cpythonlibtest-unit-test-tests/bin/python']
2023-11-22 03:45:24 80ac3eb7f7f2 humanfriendly.testing[22415] DEBUG Command line entry point returned successfully!
2023-11-22 03:45:24 80ac3eb7f7f2 humanfriendly.testing[22415] DEBUG Output on stdout:
PANGgFLPIUGMMbEyrfdveDvfmQpiTUFRabtdvLNhbpKYiTCwqFskcIFPTEJRcPhAML

2023-11-22 03:45:24 80ac3eb7f7f2 humanfriendly.testing[22415] DEBUG No output on stderr.
]]></system-err>
		</testcase>
		<testcase classname="humanfriendly.tests.HumanFriendlyTestCase" name="test_show_pager" time="0.002" timestamp="2023-11-22T03:45:24" file="humanfriendly/tests.py" line="1191">
			<!--Test :func:`humanfriendly.terminal.show_pager()`.-->
			<system-err><![CDATA[
]]></system-err>
		</testcase>
		<testcase classname="humanfriendly.tests.HumanFriendlyTestCase" name="test_skip_on_raise" time="0.001" timestamp="2023-11-22T03:45:24" file="humanfriendly/tests.py" line="195">
			<!--Test the skip_on_raise() decorator.-->
			<system-err><![CDATA[
2023-11-22 03:45:24 80ac3eb7f7f2 humanfriendly.testing[22415] DEBUG Translating exception to unittest.SkipTest ..
Traceback (most recent call last):
  File "/workdir/humanfriendly-10.0/humanfriendly/testing.py", line 225, in wrapper
    return function(*args, **kw)
  File "/workdir/humanfriendly-10.0/humanfriendly/tests.py", line 198, in test_fn
    raise NotImplementedError()
NotImplementedError
]]></system-err>
		</testcase>
		<testcase classname="humanfriendly.tests.HumanFriendlyTestCase" name="test_smart_tables" time="0.003" timestamp="2023-11-22T03:45:24" file="humanfriendly/tests.py" line="671">
			<!--Test :func:`humanfriendly.tables.format_smart_table()`.-->
			<system-err><![CDATA[
]]></system-err>
		</testcase>
		<testcase classname="humanfriendly.tests.HumanFriendlyTestCase" name="test_sphinx_customizations" time="0.002" timestamp="2023-11-22T03:45:24" file="humanfriendly/tests.py" line="1419">
			<!--Test the :mod:`humanfriendly.sphinx` module.-->
			<system-err><![CDATA[
2023-11-22 03:45:24 80ac3eb7f7f2 humanfriendly.usage[22415] DEBUG Parsed introduction: ['Usage: humanfriendly [OPTIONS]', 'Human friendly input/output (text formatting) on the command\nline based on the Python package with the same name.', 'Supported options:']
2023-11-22 03:45:24 80ac3eb7f7f2 humanfriendly.usage[22415] DEBUG Parsed options: ['-c, --run-command', 'Execute an external command (given as the positional arguments) and render\na spinner and timer while the command is running. The exit status of the\ncommand is propagated.', '--format-table', 'Read tabular data from standard input (each line is a row and each\nwhitespace separated field is a column), format the data as a table and\nprint the resulting table to standard output. See also the --delimiter\noption.', '-d, --delimiter=VALUE', 'Change the delimiter used by --format-table to VALUE (a string). By default\nall whitespace is treated as a delimiter.', '-l, --format-length=LENGTH', 'Convert a length count (given as the integer or float LENGTH) into a human\nreadable string and print that string to standard output.', '-n, --format-number=VALUE', 'Format a number (given as the integer or floating point number VALUE) with\nthousands separators and two decimal places (if needed) and print the\nformatted number to standard output.', '-s, --format-size=BYTES', 'Convert a byte count (given as the integer BYTES) into a human readable\nstring and print that string to standard output.', '-b, --binary', 'Change the output of -s, --format-size to use binary multiples of bytes\n(base-2) instead of the default decimal multiples of bytes (base-10).', '-t, --format-timespan=SECONDS', 'Convert a number of seconds (given as the floating point number SECONDS)\ninto a human readable timespan and print that string to standard output.', '--parse-length=VALUE', 'Parse a human readable length (given as the string VALUE) and print the\nnumber of metres to standard output.', '--parse-size=VALUE', 'Parse a human readable data size (given as the string VALUE) and print the\nnumber of bytes to standard output.', '--demo', 'Demonstrate changing the style and color of the terminal font using ANSI\nescape sequences.', '-h, --help', 'Show this message and exit.']
2023-11-22 03:45:24 80ac3eb7f7f2 humanfriendly.usage[22415] DEBUG Rendered output: ['**Usage:** `humanfriendly [OPTIONS]`', 'Human friendly input/output (text formatting) on the command\nline based on the Python package with the same name.', '**Supported options:**', '.. csv-table::\n   :header: Option, Description\n   :widths: 30, 70\n', '   "``-c``, ``--run-command``","Execute an external command (given as the positional arguments) and render\n   a spinner and timer while the command is running. The exit status of the\n   command is propagated."\n   ``--format-table``,"Read tabular data from standard input (each line is a row and each\n   whitespace separated field is a column), format the data as a table and\n   print the resulting table to standard output. See also the ``--delimiter``\n   option."\n   "``-d``, ``--delimiter=VALUE``","Change the delimiter used by ``--format-table`` to ``VALUE`` (a string). By default\n   all whitespace is treated as a delimiter."\n   "``-l``, ``--format-length=LENGTH``","Convert a length count (given as the integer or float ``LENGTH``) into a human\n   readable string and print that string to standard output."\n   "``-n``, ``--format-number=VALUE``","Format a number (given as the integer or floating point number ``VALUE``) with\n   thousands separators and two decimal places (if needed) and print the\n   formatted number to standard output."\n   "``-s``, ``--format-size=BYTES``","Convert a byte count (given as the integer ``BYTES``) into a human readable\n   string and print that string to standard output."\n   "``-b``, ``--binary``","Change the output of ``-s``, ``--format-size`` to use binary multiples of bytes\n   (base-2) instead of the default decimal multiples of bytes (base-10)."\n   "``-t``, ``--format-timespan=SECONDS``","Convert a number of seconds (given as the floating point number ``SECONDS``)\n   into a human readable timespan and print that string to standard output."\n   ``--parse-length=VALUE``,"Parse a human readable length (given as the string ``VALUE``) and print the\n   number of metres to standard output."\n   ``--parse-size=VALUE``,"Parse a human readable data size (given as the string ``VALUE``) and print the\n   number of bytes to standard output."\n   ``--demo``,"Demonstrate changing the style and color of the terminal font using ANSI\n   escape sequences."\n   "``-h``, ``--help``",Show this message and exit.']
]]></system-err>
		</testcase>
		<testcase classname="humanfriendly.tests.HumanFriendlyTestCase" name="test_spinner" time="0.803" timestamp="2023-11-22T03:45:25" file="humanfriendly/tests.py" line="783">
			<!--Test :func:`humanfriendly.Spinner`.-->
			<system-err><![CDATA[
]]></system-err>
		</testcase>
		<testcase classname="humanfriendly.tests.HumanFriendlyTestCase" name="test_split" time="0.001" timestamp="2023-11-22T03:45:25" file="humanfriendly/tests.py" line="738">
			<!--Test :func:`humanfriendly.text.split()`.-->
			<system-err><![CDATA[
]]></system-err>
		</testcase>
		<testcase classname="humanfriendly.tests.HumanFriendlyTestCase" name="test_temporary_directory" time="0.001" timestamp="2023-11-22T03:45:25" file="humanfriendly/tests.py" line="256">
			<!--Test :class:`humanfriendly.testing.TemporaryDirectory`.-->
			<system-err><![CDATA[
]]></system-err>
		</testcase>
		<testcase classname="humanfriendly.tests.HumanFriendlyTestCase" name="test_timer" time="3.008" timestamp="2023-11-22T03:45:28" file="humanfriendly/tests.py" line="747">
			<!--Test :func:`humanfriendly.Timer`.-->
			<system-err><![CDATA[
]]></system-err>
		</testcase>
		<testcase classname="humanfriendly.tests.HumanFriendlyTestCase" name="test_touch" time="0.002" timestamp="2023-11-22T03:45:28" file="humanfriendly/tests.py" line="266">
			<!--Test :func:`humanfriendly.testing.touch()`.-->
			<system-err><![CDATA[
]]></system-err>
		</testcase>
		<testcase classname="humanfriendly.tests.HumanFriendlyTestCase" name="test_generate_warning" time="0.003" timestamp="2023-11-22T03:45:21" file="humanfriendly/tests.py" line="1097">
			<!--Test the :func:`humanfriendly.terminal.warning()` function.-->
			<error type="UnsupportedOperation" message="fileno"><![CDATA[Traceback (most recent call last):
  File "/workdir/humanfriendly-10.0/humanfriendly/tests.py", line 1101, in test_generate_warning
    with CaptureOutput(merged=False) as capturer:
  File "/workdir/humanfriendly-10.0/.tox/cpythonlibtest-unit-test-tests/lib/python3.10/site-packages/capturer/__init__.py", line 233, in __init__
    self.stdout_stream = self.initialize_stream(sys.stdout, STDOUT_FD)
  File "/workdir/humanfriendly-10.0/.tox/cpythonlibtest-unit-test-tests/lib/python3.10/site-packages/capturer/__init__.py", line 267, in initialize_stream
    real_fd = file_obj.fileno()
io.UnsupportedOperation: fileno
]]></error>
			<system-err><![CDATA[
]]></system-err>
		</testcase>
		<testcase classname="humanfriendly.tests.HumanFriendlyTestCase" name="test_terminal_capabilities" time="0.001" timestamp="2023-11-22T03:45:25" file="humanfriendly/tests.py" line="1174">
			<!--Test the functions that check for terminal capabilities.-->
			<error type="UnsupportedOperation" message="fileno"><![CDATA[Traceback (most recent call last):
  File "/workdir/humanfriendly-10.0/humanfriendly/tests.py", line 1183, in test_terminal_capabilities
    with CaptureOutput():
  File "/workdir/humanfriendly-10.0/.tox/cpythonlibtest-unit-test-tests/lib/python3.10/site-packages/capturer/__init__.py", line 233, in __init__
    self.stdout_stream = self.initialize_stream(sys.stdout, STDOUT_FD)
  File "/workdir/humanfriendly-10.0/.tox/cpythonlibtest-unit-test-tests/lib/python3.10/site-packages/capturer/__init__.py", line 267, in initialize_stream
    real_fd = file_obj.fileno()
io.UnsupportedOperation: fileno
]]></error>
			<system-err><![CDATA[
]]></system-err>
		</testcase>
	</testsuite>
</testsuites>
