<?xml version="1.0" encoding="utf-8"?><testsuites><testsuite name="pytest" errors="12" failures="0" skipped="0" tests="12" time="0.372" timestamp="2023-11-23T00:44:29.002809" hostname="80ac3eb7f7f2"><testcase classname="" name="progressbar.__about__" time="0.000"><error message="collection failure">Traceback (most recent call last):
  File "/workdir/progressbar2-4.2.0/.tox/cpythonlibtest-unit-test-tests/lib/python3.10/site-packages/_pytest/runner.py", line 341, in from_call
    result: Optional[TResult] = func()
  File "/workdir/progressbar2-4.2.0/.tox/cpythonlibtest-unit-test-tests/lib/python3.10/site-packages/_pytest/runner.py", line 372, in &lt;lambda&gt;
    call = CallInfo.from_call(lambda: list(collector.collect()), "collect")
  File "/workdir/progressbar2-4.2.0/.tox/cpythonlibtest-unit-test-tests/lib/python3.10/site-packages/_pytest/doctest.py", line 567, in collect
    module = import_path(
  File "/workdir/progressbar2-4.2.0/.tox/cpythonlibtest-unit-test-tests/lib/python3.10/site-packages/_pytest/pathlib.py", line 590, in import_path
    raise ImportPathMismatchError(module_name, module_file, path)
_pytest.pathlib.ImportPathMismatchError: ('progressbar.__about__', '/workdir/progressbar2-4.2.0/.tox/cpythonlibtest-unit-test-tests/lib/python3.10/site-packages/progressbar/__about__.py', PosixPath('/workdir/progressbar2-4.2.0/progressbar/__about__.py'))</error><error message="collection failure">import file mismatch:
imported module 'progressbar.__about__' has this __file__ attribute:
  /workdir/progressbar2-4.2.0/.tox/cpythonlibtest-unit-test-tests/lib/python3.10/site-packages/progressbar/__about__.py
which is not the same as the test file we want to collect:
  /workdir/progressbar2-4.2.0/progressbar/__about__.py
HINT: remove __pycache__ / .pyc files and/or use a unique basename for your test file modules</error></testcase><testcase classname="" name="progressbar.bar" time="0.000"><error message="collection failure">Traceback (most recent call last):
  File "/workdir/progressbar2-4.2.0/.tox/cpythonlibtest-unit-test-tests/lib/python3.10/site-packages/_pytest/runner.py", line 341, in from_call
    result: Optional[TResult] = func()
  File "/workdir/progressbar2-4.2.0/.tox/cpythonlibtest-unit-test-tests/lib/python3.10/site-packages/_pytest/runner.py", line 372, in &lt;lambda&gt;
    call = CallInfo.from_call(lambda: list(collector.collect()), "collect")
  File "/workdir/progressbar2-4.2.0/.tox/cpythonlibtest-unit-test-tests/lib/python3.10/site-packages/_pytest/doctest.py", line 567, in collect
    module = import_path(
  File "/workdir/progressbar2-4.2.0/.tox/cpythonlibtest-unit-test-tests/lib/python3.10/site-packages/_pytest/pathlib.py", line 590, in import_path
    raise ImportPathMismatchError(module_name, module_file, path)
_pytest.pathlib.ImportPathMismatchError: ('progressbar.bar', '/workdir/progressbar2-4.2.0/.tox/cpythonlibtest-unit-test-tests/lib/python3.10/site-packages/progressbar/bar.py', PosixPath('/workdir/progressbar2-4.2.0/progressbar/bar.py'))</error><error message="collection failure">import file mismatch:
imported module 'progressbar.bar' has this __file__ attribute:
  /workdir/progressbar2-4.2.0/.tox/cpythonlibtest-unit-test-tests/lib/python3.10/site-packages/progressbar/bar.py
which is not the same as the test file we want to collect:
  /workdir/progressbar2-4.2.0/progressbar/bar.py
HINT: remove __pycache__ / .pyc files and/or use a unique basename for your test file modules</error></testcase><testcase classname="" name="progressbar.base" time="0.000"><error message="collection failure">Traceback (most recent call last):
  File "/workdir/progressbar2-4.2.0/.tox/cpythonlibtest-unit-test-tests/lib/python3.10/site-packages/_pytest/runner.py", line 341, in from_call
    result: Optional[TResult] = func()
  File "/workdir/progressbar2-4.2.0/.tox/cpythonlibtest-unit-test-tests/lib/python3.10/site-packages/_pytest/runner.py", line 372, in &lt;lambda&gt;
    call = CallInfo.from_call(lambda: list(collector.collect()), "collect")
  File "/workdir/progressbar2-4.2.0/.tox/cpythonlibtest-unit-test-tests/lib/python3.10/site-packages/_pytest/doctest.py", line 567, in collect
    module = import_path(
  File "/workdir/progressbar2-4.2.0/.tox/cpythonlibtest-unit-test-tests/lib/python3.10/site-packages/_pytest/pathlib.py", line 590, in import_path
    raise ImportPathMismatchError(module_name, module_file, path)
_pytest.pathlib.ImportPathMismatchError: ('progressbar.base', '/workdir/progressbar2-4.2.0/.tox/cpythonlibtest-unit-test-tests/lib/python3.10/site-packages/progressbar/base.py', PosixPath('/workdir/progressbar2-4.2.0/progressbar/base.py'))</error><error message="collection failure">import file mismatch:
imported module 'progressbar.base' has this __file__ attribute:
  /workdir/progressbar2-4.2.0/.tox/cpythonlibtest-unit-test-tests/lib/python3.10/site-packages/progressbar/base.py
which is not the same as the test file we want to collect:
  /workdir/progressbar2-4.2.0/progressbar/base.py
HINT: remove __pycache__ / .pyc files and/or use a unique basename for your test file modules</error></testcase><testcase classname="" name="progressbar.shortcuts" time="0.000"><error message="collection failure">Traceback (most recent call last):
  File "/workdir/progressbar2-4.2.0/.tox/cpythonlibtest-unit-test-tests/lib/python3.10/site-packages/_pytest/runner.py", line 341, in from_call
    result: Optional[TResult] = func()
  File "/workdir/progressbar2-4.2.0/.tox/cpythonlibtest-unit-test-tests/lib/python3.10/site-packages/_pytest/runner.py", line 372, in &lt;lambda&gt;
    call = CallInfo.from_call(lambda: list(collector.collect()), "collect")
  File "/workdir/progressbar2-4.2.0/.tox/cpythonlibtest-unit-test-tests/lib/python3.10/site-packages/_pytest/doctest.py", line 567, in collect
    module = import_path(
  File "/workdir/progressbar2-4.2.0/.tox/cpythonlibtest-unit-test-tests/lib/python3.10/site-packages/_pytest/pathlib.py", line 590, in import_path
    raise ImportPathMismatchError(module_name, module_file, path)
_pytest.pathlib.ImportPathMismatchError: ('progressbar.shortcuts', '/workdir/progressbar2-4.2.0/.tox/cpythonlibtest-unit-test-tests/lib/python3.10/site-packages/progressbar/shortcuts.py', PosixPath('/workdir/progressbar2-4.2.0/progressbar/shortcuts.py'))</error><error message="collection failure">import file mismatch:
imported module 'progressbar.shortcuts' has this __file__ attribute:
  /workdir/progressbar2-4.2.0/.tox/cpythonlibtest-unit-test-tests/lib/python3.10/site-packages/progressbar/shortcuts.py
which is not the same as the test file we want to collect:
  /workdir/progressbar2-4.2.0/progressbar/shortcuts.py
HINT: remove __pycache__ / .pyc files and/or use a unique basename for your test file modules</error></testcase><testcase classname="" name="progressbar.utils" time="0.000"><error message="collection failure">Traceback (most recent call last):
  File "/workdir/progressbar2-4.2.0/.tox/cpythonlibtest-unit-test-tests/lib/python3.10/site-packages/_pytest/runner.py", line 341, in from_call
    result: Optional[TResult] = func()
  File "/workdir/progressbar2-4.2.0/.tox/cpythonlibtest-unit-test-tests/lib/python3.10/site-packages/_pytest/runner.py", line 372, in &lt;lambda&gt;
    call = CallInfo.from_call(lambda: list(collector.collect()), "collect")
  File "/workdir/progressbar2-4.2.0/.tox/cpythonlibtest-unit-test-tests/lib/python3.10/site-packages/_pytest/doctest.py", line 567, in collect
    module = import_path(
  File "/workdir/progressbar2-4.2.0/.tox/cpythonlibtest-unit-test-tests/lib/python3.10/site-packages/_pytest/pathlib.py", line 590, in import_path
    raise ImportPathMismatchError(module_name, module_file, path)
_pytest.pathlib.ImportPathMismatchError: ('progressbar.utils', '/workdir/progressbar2-4.2.0/.tox/cpythonlibtest-unit-test-tests/lib/python3.10/site-packages/progressbar/utils.py', PosixPath('/workdir/progressbar2-4.2.0/progressbar/utils.py'))</error><error message="collection failure">import file mismatch:
imported module 'progressbar.utils' has this __file__ attribute:
  /workdir/progressbar2-4.2.0/.tox/cpythonlibtest-unit-test-tests/lib/python3.10/site-packages/progressbar/utils.py
which is not the same as the test file we want to collect:
  /workdir/progressbar2-4.2.0/progressbar/utils.py
HINT: remove __pycache__ / .pyc files and/or use a unique basename for your test file modules</error></testcase><testcase classname="" name="progressbar.widgets" time="0.000"><error message="collection failure">Traceback (most recent call last):
  File "/workdir/progressbar2-4.2.0/.tox/cpythonlibtest-unit-test-tests/lib/python3.10/site-packages/_pytest/runner.py", line 341, in from_call
    result: Optional[TResult] = func()
  File "/workdir/progressbar2-4.2.0/.tox/cpythonlibtest-unit-test-tests/lib/python3.10/site-packages/_pytest/runner.py", line 372, in &lt;lambda&gt;
    call = CallInfo.from_call(lambda: list(collector.collect()), "collect")
  File "/workdir/progressbar2-4.2.0/.tox/cpythonlibtest-unit-test-tests/lib/python3.10/site-packages/_pytest/doctest.py", line 567, in collect
    module = import_path(
  File "/workdir/progressbar2-4.2.0/.tox/cpythonlibtest-unit-test-tests/lib/python3.10/site-packages/_pytest/pathlib.py", line 590, in import_path
    raise ImportPathMismatchError(module_name, module_file, path)
_pytest.pathlib.ImportPathMismatchError: ('progressbar.widgets', '/workdir/progressbar2-4.2.0/.tox/cpythonlibtest-unit-test-tests/lib/python3.10/site-packages/progressbar/widgets.py', PosixPath('/workdir/progressbar2-4.2.0/progressbar/widgets.py'))</error><error message="collection failure">import file mismatch:
imported module 'progressbar.widgets' has this __file__ attribute:
  /workdir/progressbar2-4.2.0/.tox/cpythonlibtest-unit-test-tests/lib/python3.10/site-packages/progressbar/widgets.py
which is not the same as the test file we want to collect:
  /workdir/progressbar2-4.2.0/progressbar/widgets.py
HINT: remove __pycache__ / .pyc files and/or use a unique basename for your test file modules</error></testcase></testsuite></testsuites>