<?xml version="1.0" encoding="utf-8"?><testsuites><testsuite name="pytest" errors="316" failures="0" skipped="0" tests="316" time="11.128" timestamp="2023-11-30T06:37:09.042757" hostname="be2d8ee410eb"><testcase classname="" name="src.twisted._threads.test.test_convenience" time="0.000"><error message="collection failure">import file mismatch:
imported module 'twisted._threads.test.test_convenience' has this __file__ attribute:
  /workdir/Twisted-22.10.0/.tox/cpythonlibtest-alldeps-nocov/lib/python3.10/site-packages/twisted/_threads/test/test_convenience.py
which is not the same as the test file we want to collect:
  /workdir/Twisted-22.10.0/src/twisted/_threads/test/test_convenience.py
HINT: remove __pycache__ / .pyc files and/or use a unique basename for your test file modules</error></testcase><testcase classname="" name="src.twisted._threads.test.test_memory" time="0.000"><error message="collection failure">import file mismatch:
imported module 'twisted._threads.test.test_memory' has this __file__ attribute:
  /workdir/Twisted-22.10.0/.tox/cpythonlibtest-alldeps-nocov/lib/python3.10/site-packages/twisted/_threads/test/test_memory.py
which is not the same as the test file we want to collect:
  /workdir/Twisted-22.10.0/src/twisted/_threads/test/test_memory.py
HINT: remove __pycache__ / .pyc files and/or use a unique basename for your test file modules</error></testcase><testcase classname="" name="src.twisted._threads.test.test_team" time="0.000"><error message="collection failure">import file mismatch:
imported module 'twisted._threads.test.test_team' has this __file__ attribute:
  /workdir/Twisted-22.10.0/.tox/cpythonlibtest-alldeps-nocov/lib/python3.10/site-packages/twisted/_threads/test/test_team.py
which is not the same as the test file we want to collect:
  /workdir/Twisted-22.10.0/src/twisted/_threads/test/test_team.py
HINT: remove __pycache__ / .pyc files and/or use a unique basename for your test file modules</error></testcase><testcase classname="" name="src.twisted._threads.test.test_threadworker" time="0.000"><error message="collection failure">import file mismatch:
imported module 'twisted._threads.test.test_threadworker' has this __file__ attribute:
  /workdir/Twisted-22.10.0/.tox/cpythonlibtest-alldeps-nocov/lib/python3.10/site-packages/twisted/_threads/test/test_threadworker.py
which is not the same as the test file we want to collect:
  /workdir/Twisted-22.10.0/src/twisted/_threads/test/test_threadworker.py
HINT: remove __pycache__ / .pyc files and/or use a unique basename for your test file modules</error></testcase><testcase classname="" name="src.twisted.application.runner.test.test_exit" time="0.000"><error message="collection failure">import file mismatch:
imported module 'twisted.application.runner.test.test_exit' has this __file__ attribute:
  /workdir/Twisted-22.10.0/.tox/cpythonlibtest-alldeps-nocov/lib/python3.10/site-packages/twisted/application/runner/test/test_exit.py
which is not the same as the test file we want to collect:
  /workdir/Twisted-22.10.0/src/twisted/application/runner/test/test_exit.py
HINT: remove __pycache__ / .pyc files and/or use a unique basename for your test file modules</error></testcase><testcase classname="" name="src.twisted.application.runner.test.test_pidfile" time="0.000"><error message="collection failure">import file mismatch:
imported module 'twisted.application.runner.test.test_pidfile' has this __file__ attribute:
  /workdir/Twisted-22.10.0/.tox/cpythonlibtest-alldeps-nocov/lib/python3.10/site-packages/twisted/application/runner/test/test_pidfile.py
which is not the same as the test file we want to collect:
  /workdir/Twisted-22.10.0/src/twisted/application/runner/test/test_pidfile.py
HINT: remove __pycache__ / .pyc files and/or use a unique basename for your test file modules</error></testcase><testcase classname="" name="src.twisted.application.runner.test.test_runner" time="0.000"><error message="collection failure">import file mismatch:
imported module 'twisted.application.runner.test.test_runner' has this __file__ attribute:
  /workdir/Twisted-22.10.0/.tox/cpythonlibtest-alldeps-nocov/lib/python3.10/site-packages/twisted/application/runner/test/test_runner.py
which is not the same as the test file we want to collect:
  /workdir/Twisted-22.10.0/src/twisted/application/runner/test/test_runner.py
HINT: remove __pycache__ / .pyc files and/or use a unique basename for your test file modules</error></testcase><testcase classname="" name="src.twisted.application.test.test_internet" time="0.000"><error message="collection failure">import file mismatch:
imported module 'twisted.application.test.test_internet' has this __file__ attribute:
  /workdir/Twisted-22.10.0/.tox/cpythonlibtest-alldeps-nocov/lib/python3.10/site-packages/twisted/application/test/test_internet.py
which is not the same as the test file we want to collect:
  /workdir/Twisted-22.10.0/src/twisted/application/test/test_internet.py
HINT: remove __pycache__ / .pyc files and/or use a unique basename for your test file modules</error></testcase><testcase classname="" name="src.twisted.application.test.test_service" time="0.000"><error message="collection failure">import file mismatch:
imported module 'twisted.application.test.test_service' has this __file__ attribute:
  /workdir/Twisted-22.10.0/.tox/cpythonlibtest-alldeps-nocov/lib/python3.10/site-packages/twisted/application/test/test_service.py
which is not the same as the test file we want to collect:
  /workdir/Twisted-22.10.0/src/twisted/application/test/test_service.py
HINT: remove __pycache__ / .pyc files and/or use a unique basename for your test file modules</error></testcase><testcase classname="" name="src.twisted.application.twist.test.test_options" time="0.000"><error message="collection failure">import file mismatch:
imported module 'twisted.application.twist.test.test_options' has this __file__ attribute:
  /workdir/Twisted-22.10.0/.tox/cpythonlibtest-alldeps-nocov/lib/python3.10/site-packages/twisted/application/twist/test/test_options.py
which is not the same as the test file we want to collect:
  /workdir/Twisted-22.10.0/src/twisted/application/twist/test/test_options.py
HINT: remove __pycache__ / .pyc files and/or use a unique basename for your test file modules</error></testcase><testcase classname="" name="src.twisted.application.twist.test.test_twist" time="0.000"><error message="collection failure">import file mismatch:
imported module 'twisted.application.twist.test.test_twist' has this __file__ attribute:
  /workdir/Twisted-22.10.0/.tox/cpythonlibtest-alldeps-nocov/lib/python3.10/site-packages/twisted/application/twist/test/test_twist.py
which is not the same as the test file we want to collect:
  /workdir/Twisted-22.10.0/src/twisted/application/twist/test/test_twist.py
HINT: remove __pycache__ / .pyc files and/or use a unique basename for your test file modules</error></testcase><testcase classname="" name="src.twisted.conch.test.test_address" time="0.000"><error message="collection failure">import file mismatch:
imported module 'twisted.conch.test.test_address' has this __file__ attribute:
  /workdir/Twisted-22.10.0/.tox/cpythonlibtest-alldeps-nocov/lib/python3.10/site-packages/twisted/conch/test/test_address.py
which is not the same as the test file we want to collect:
  /workdir/Twisted-22.10.0/src/twisted/conch/test/test_address.py
HINT: remove __pycache__ / .pyc files and/or use a unique basename for your test file modules</error></testcase><testcase classname="" name="src.twisted.conch.test.test_agent" time="0.000"><error message="collection failure">import file mismatch:
imported module 'twisted.conch.test.test_agent' has this __file__ attribute:
  /workdir/Twisted-22.10.0/.tox/cpythonlibtest-alldeps-nocov/lib/python3.10/site-packages/twisted/conch/test/test_agent.py
which is not the same as the test file we want to collect:
  /workdir/Twisted-22.10.0/src/twisted/conch/test/test_agent.py
HINT: remove __pycache__ / .pyc files and/or use a unique basename for your test file modules</error></testcase><testcase classname="" name="src.twisted.conch.test.test_cftp" time="0.000"><error message="collection failure">ImportError while importing test module '/workdir/Twisted-22.10.0/src/twisted/conch/test/test_cftp.py'.
Hint: make sure your test modules/packages have valid Python names.
Traceback:
/usr/local/lib/python3.10/importlib/__init__.py:126: in import_module
    return _bootstrap._gcd_import(name[level:], package, level)
.tox/cpythonlibtest-alldeps-nocov/lib/python3.10/site-packages/twisted/conch/test/test_cftp.py:23: in &lt;module&gt;
    from twisted.conch.test.test_filetransfer import FileTransferTestAvatar, SFTPTestBase
.tox/cpythonlibtest-alldeps-nocov/lib/python3.10/site-packages/twisted/conch/test/test_filetransfer.py:15: in &lt;module&gt;
    from hamcrest import assert_that, equal_to
E   ModuleNotFoundError: No module named 'hamcrest'</error></testcase><testcase classname="" name="src.twisted.conch.test.test_channel" time="0.000"><error message="collection failure">import file mismatch:
imported module 'twisted.conch.test.test_channel' has this __file__ attribute:
  /workdir/Twisted-22.10.0/.tox/cpythonlibtest-alldeps-nocov/lib/python3.10/site-packages/twisted/conch/test/test_channel.py
which is not the same as the test file we want to collect:
  /workdir/Twisted-22.10.0/src/twisted/conch/test/test_channel.py
HINT: remove __pycache__ / .pyc files and/or use a unique basename for your test file modules</error></testcase><testcase classname="" name="src.twisted.conch.test.test_checkers" time="0.000"><error message="collection failure">import file mismatch:
imported module 'twisted.conch.test.test_checkers' has this __file__ attribute:
  /workdir/Twisted-22.10.0/.tox/cpythonlibtest-alldeps-nocov/lib/python3.10/site-packages/twisted/conch/test/test_checkers.py
which is not the same as the test file we want to collect:
  /workdir/Twisted-22.10.0/src/twisted/conch/test/test_checkers.py
HINT: remove __pycache__ / .pyc files and/or use a unique basename for your test file modules</error></testcase><testcase classname="" name="src.twisted.conch.test.test_ckeygen" time="0.000"><error message="collection failure">import file mismatch:
imported module 'twisted.conch.test.test_ckeygen' has this __file__ attribute:
  /workdir/Twisted-22.10.0/.tox/cpythonlibtest-alldeps-nocov/lib/python3.10/site-packages/twisted/conch/test/test_ckeygen.py
which is not the same as the test file we want to collect:
  /workdir/Twisted-22.10.0/src/twisted/conch/test/test_ckeygen.py
HINT: remove __pycache__ / .pyc files and/or use a unique basename for your test file modules</error></testcase><testcase classname="" name="src.twisted.conch.test.test_conch" time="0.000"><error message="collection failure">import file mismatch:
imported module 'twisted.conch.test.test_conch' has this __file__ attribute:
  /workdir/Twisted-22.10.0/.tox/cpythonlibtest-alldeps-nocov/lib/python3.10/site-packages/twisted/conch/test/test_conch.py
which is not the same as the test file we want to collect:
  /workdir/Twisted-22.10.0/src/twisted/conch/test/test_conch.py
HINT: remove __pycache__ / .pyc files and/or use a unique basename for your test file modules</error></testcase><testcase classname="" name="src.twisted.conch.test.test_connection" time="0.000"><error message="collection failure">import file mismatch:
imported module 'twisted.conch.test.test_connection' has this __file__ attribute:
  /workdir/Twisted-22.10.0/.tox/cpythonlibtest-alldeps-nocov/lib/python3.10/site-packages/twisted/conch/test/test_connection.py
which is not the same as the test file we want to collect:
  /workdir/Twisted-22.10.0/src/twisted/conch/test/test_connection.py
HINT: remove __pycache__ / .pyc files and/or use a unique basename for your test file modules</error></testcase><testcase classname="" name="src.twisted.conch.test.test_default" time="0.000"><error message="collection failure">import file mismatch:
imported module 'twisted.conch.test.test_default' has this __file__ attribute:
  /workdir/Twisted-22.10.0/.tox/cpythonlibtest-alldeps-nocov/lib/python3.10/site-packages/twisted/conch/test/test_default.py
which is not the same as the test file we want to collect:
  /workdir/Twisted-22.10.0/src/twisted/conch/test/test_default.py
HINT: remove __pycache__ / .pyc files and/or use a unique basename for your test file modules</error></testcase><testcase classname="" name="src.twisted.conch.test.test_endpoints" time="0.000"><error message="collection failure">ImportError while importing test module '/workdir/Twisted-22.10.0/src/twisted/conch/test/test_endpoints.py'.
Hint: make sure your test modules/packages have valid Python names.
Traceback:
/usr/local/lib/python3.10/importlib/__init__.py:126: in import_module
    return _bootstrap._gcd_import(name[level:], package, level)
.tox/cpythonlibtest-alldeps-nocov/lib/python3.10/site-packages/twisted/conch/test/test_endpoints.py:15: in &lt;module&gt;
    import hamcrest
E   ModuleNotFoundError: No module named 'hamcrest'</error></testcase><testcase classname="" name="src.twisted.conch.test.test_filetransfer" time="0.000"><error message="collection failure">ImportError while importing test module '/workdir/Twisted-22.10.0/src/twisted/conch/test/test_filetransfer.py'.
Hint: make sure your test modules/packages have valid Python names.
Traceback:
/usr/local/lib/python3.10/importlib/__init__.py:126: in import_module
    return _bootstrap._gcd_import(name[level:], package, level)
.tox/cpythonlibtest-alldeps-nocov/lib/python3.10/site-packages/twisted/conch/test/test_filetransfer.py:15: in &lt;module&gt;
    from hamcrest import assert_that, equal_to
E   ModuleNotFoundError: No module named 'hamcrest'</error></testcase><testcase classname="" name="src.twisted.conch.test.test_forwarding" time="0.000"><error message="collection failure">import file mismatch:
imported module 'twisted.conch.test.test_forwarding' has this __file__ attribute:
  /workdir/Twisted-22.10.0/.tox/cpythonlibtest-alldeps-nocov/lib/python3.10/site-packages/twisted/conch/test/test_forwarding.py
which is not the same as the test file we want to collect:
  /workdir/Twisted-22.10.0/src/twisted/conch/test/test_forwarding.py
HINT: remove __pycache__ / .pyc files and/or use a unique basename for your test file modules</error></testcase><testcase classname="" name="src.twisted.conch.test.test_helper" time="0.000"><error message="collection failure">import file mismatch:
imported module 'twisted.conch.test.test_helper' has this __file__ attribute:
  /workdir/Twisted-22.10.0/.tox/cpythonlibtest-alldeps-nocov/lib/python3.10/site-packages/twisted/conch/test/test_helper.py
which is not the same as the test file we want to collect:
  /workdir/Twisted-22.10.0/src/twisted/conch/test/test_helper.py
HINT: remove __pycache__ / .pyc files and/or use a unique basename for your test file modules</error></testcase><testcase classname="" name="src.twisted.conch.test.test_insults" time="0.000"><error message="collection failure">import file mismatch:
imported module 'twisted.conch.test.test_insults' has this __file__ attribute:
  /workdir/Twisted-22.10.0/.tox/cpythonlibtest-alldeps-nocov/lib/python3.10/site-packages/twisted/conch/test/test_insults.py
which is not the same as the test file we want to collect:
  /workdir/Twisted-22.10.0/src/twisted/conch/test/test_insults.py
HINT: remove __pycache__ / .pyc files and/or use a unique basename for your test file modules</error></testcase><testcase classname="" name="src.twisted.conch.test.test_keys" time="0.000"><error message="collection failure">import file mismatch:
imported module 'twisted.conch.test.test_keys' has this __file__ attribute:
  /workdir/Twisted-22.10.0/.tox/cpythonlibtest-alldeps-nocov/lib/python3.10/site-packages/twisted/conch/test/test_keys.py
which is not the same as the test file we want to collect:
  /workdir/Twisted-22.10.0/src/twisted/conch/test/test_keys.py
HINT: remove __pycache__ / .pyc files and/or use a unique basename for your test file modules</error></testcase><testcase classname="" name="src.twisted.conch.test.test_knownhosts" time="0.000"><error message="collection failure">import file mismatch:
imported module 'twisted.conch.test.test_knownhosts' has this __file__ attribute:
  /workdir/Twisted-22.10.0/.tox/cpythonlibtest-alldeps-nocov/lib/python3.10/site-packages/twisted/conch/test/test_knownhosts.py
which is not the same as the test file we want to collect:
  /workdir/Twisted-22.10.0/src/twisted/conch/test/test_knownhosts.py
HINT: remove __pycache__ / .pyc files and/or use a unique basename for your test file modules</error></testcase><testcase classname="" name="src.twisted.conch.test.test_manhole" time="0.000"><error message="collection failure">import file mismatch:
imported module 'twisted.conch.test.test_manhole' has this __file__ attribute:
  /workdir/Twisted-22.10.0/.tox/cpythonlibtest-alldeps-nocov/lib/python3.10/site-packages/twisted/conch/test/test_manhole.py
which is not the same as the test file we want to collect:
  /workdir/Twisted-22.10.0/src/twisted/conch/test/test_manhole.py
HINT: remove __pycache__ / .pyc files and/or use a unique basename for your test file modules</error></testcase><testcase classname="" name="src.twisted.conch.test.test_manhole_tap" time="0.000"><error message="collection failure">import file mismatch:
imported module 'twisted.conch.test.test_manhole_tap' has this __file__ attribute:
  /workdir/Twisted-22.10.0/.tox/cpythonlibtest-alldeps-nocov/lib/python3.10/site-packages/twisted/conch/test/test_manhole_tap.py
which is not the same as the test file we want to collect:
  /workdir/Twisted-22.10.0/src/twisted/conch/test/test_manhole_tap.py
HINT: remove __pycache__ / .pyc files and/or use a unique basename for your test file modules</error></testcase><testcase classname="" name="src.twisted.conch.test.test_mixin" time="0.000"><error message="collection failure">import file mismatch:
imported module 'twisted.conch.test.test_mixin' has this __file__ attribute:
  /workdir/Twisted-22.10.0/.tox/cpythonlibtest-alldeps-nocov/lib/python3.10/site-packages/twisted/conch/test/test_mixin.py
which is not the same as the test file we want to collect:
  /workdir/Twisted-22.10.0/src/twisted/conch/test/test_mixin.py
HINT: remove __pycache__ / .pyc files and/or use a unique basename for your test file modules</error></testcase><testcase classname="" name="src.twisted.conch.test.test_openssh_compat" time="0.000"><error message="collection failure">import file mismatch:
imported module 'twisted.conch.test.test_openssh_compat' has this __file__ attribute:
  /workdir/Twisted-22.10.0/.tox/cpythonlibtest-alldeps-nocov/lib/python3.10/site-packages/twisted/conch/test/test_openssh_compat.py
which is not the same as the test file we want to collect:
  /workdir/Twisted-22.10.0/src/twisted/conch/test/test_openssh_compat.py
HINT: remove __pycache__ / .pyc files and/or use a unique basename for your test file modules</error></testcase><testcase classname="" name="src.twisted.conch.test.test_recvline" time="0.000"><error message="collection failure">import file mismatch:
imported module 'twisted.conch.test.test_recvline' has this __file__ attribute:
  /workdir/Twisted-22.10.0/.tox/cpythonlibtest-alldeps-nocov/lib/python3.10/site-packages/twisted/conch/test/test_recvline.py
which is not the same as the test file we want to collect:
  /workdir/Twisted-22.10.0/src/twisted/conch/test/test_recvline.py
HINT: remove __pycache__ / .pyc files and/or use a unique basename for your test file modules</error></testcase><testcase classname="" name="src.twisted.conch.test.test_scripts" time="0.000"><error message="collection failure">import file mismatch:
imported module 'twisted.conch.test.test_scripts' has this __file__ attribute:
  /workdir/Twisted-22.10.0/.tox/cpythonlibtest-alldeps-nocov/lib/python3.10/site-packages/twisted/conch/test/test_scripts.py
which is not the same as the test file we want to collect:
  /workdir/Twisted-22.10.0/src/twisted/conch/test/test_scripts.py
HINT: remove __pycache__ / .pyc files and/or use a unique basename for your test file modules</error></testcase><testcase classname="" name="src.twisted.conch.test.test_session" time="0.000"><error message="collection failure">import file mismatch:
imported module 'twisted.conch.test.test_session' has this __file__ attribute:
  /workdir/Twisted-22.10.0/.tox/cpythonlibtest-alldeps-nocov/lib/python3.10/site-packages/twisted/conch/test/test_session.py
which is not the same as the test file we want to collect:
  /workdir/Twisted-22.10.0/src/twisted/conch/test/test_session.py
HINT: remove __pycache__ / .pyc files and/or use a unique basename for your test file modules</error></testcase><testcase classname="" name="src.twisted.conch.test.test_ssh" time="0.000"><error message="collection failure">import file mismatch:
imported module 'twisted.conch.test.test_ssh' has this __file__ attribute:
  /workdir/Twisted-22.10.0/.tox/cpythonlibtest-alldeps-nocov/lib/python3.10/site-packages/twisted/conch/test/test_ssh.py
which is not the same as the test file we want to collect:
  /workdir/Twisted-22.10.0/src/twisted/conch/test/test_ssh.py
HINT: remove __pycache__ / .pyc files and/or use a unique basename for your test file modules</error></testcase><testcase classname="" name="src.twisted.conch.test.test_tap" time="0.000"><error message="collection failure">import file mismatch:
imported module 'twisted.conch.test.test_tap' has this __file__ attribute:
  /workdir/Twisted-22.10.0/.tox/cpythonlibtest-alldeps-nocov/lib/python3.10/site-packages/twisted/conch/test/test_tap.py
which is not the same as the test file we want to collect:
  /workdir/Twisted-22.10.0/src/twisted/conch/test/test_tap.py
HINT: remove __pycache__ / .pyc files and/or use a unique basename for your test file modules</error></testcase><testcase classname="" name="src.twisted.conch.test.test_telnet" time="0.000"><error message="collection failure">import file mismatch:
imported module 'twisted.conch.test.test_telnet' has this __file__ attribute:
  /workdir/Twisted-22.10.0/.tox/cpythonlibtest-alldeps-nocov/lib/python3.10/site-packages/twisted/conch/test/test_telnet.py
which is not the same as the test file we want to collect:
  /workdir/Twisted-22.10.0/src/twisted/conch/test/test_telnet.py
HINT: remove __pycache__ / .pyc files and/or use a unique basename for your test file modules</error></testcase><testcase classname="" name="src.twisted.conch.test.test_text" time="0.000"><error message="collection failure">import file mismatch:
imported module 'twisted.conch.test.test_text' has this __file__ attribute:
  /workdir/Twisted-22.10.0/.tox/cpythonlibtest-alldeps-nocov/lib/python3.10/site-packages/twisted/conch/test/test_text.py
which is not the same as the test file we want to collect:
  /workdir/Twisted-22.10.0/src/twisted/conch/test/test_text.py
HINT: remove __pycache__ / .pyc files and/or use a unique basename for your test file modules</error></testcase><testcase classname="" name="src.twisted.conch.test.test_transport" time="0.000"><error message="collection failure">import file mismatch:
imported module 'twisted.conch.test.test_transport' has this __file__ attribute:
  /workdir/Twisted-22.10.0/.tox/cpythonlibtest-alldeps-nocov/lib/python3.10/site-packages/twisted/conch/test/test_transport.py
which is not the same as the test file we want to collect:
  /workdir/Twisted-22.10.0/src/twisted/conch/test/test_transport.py
HINT: remove __pycache__ / .pyc files and/or use a unique basename for your test file modules</error></testcase><testcase classname="" name="src.twisted.conch.test.test_unix" time="0.000"><error message="collection failure">import file mismatch:
imported module 'twisted.conch.test.test_unix' has this __file__ attribute:
  /workdir/Twisted-22.10.0/.tox/cpythonlibtest-alldeps-nocov/lib/python3.10/site-packages/twisted/conch/test/test_unix.py
which is not the same as the test file we want to collect:
  /workdir/Twisted-22.10.0/src/twisted/conch/test/test_unix.py
HINT: remove __pycache__ / .pyc files and/or use a unique basename for your test file modules</error></testcase><testcase classname="" name="src.twisted.conch.test.test_userauth" time="0.000"><error message="collection failure">import file mismatch:
imported module 'twisted.conch.test.test_userauth' has this __file__ attribute:
  /workdir/Twisted-22.10.0/.tox/cpythonlibtest-alldeps-nocov/lib/python3.10/site-packages/twisted/conch/test/test_userauth.py
which is not the same as the test file we want to collect:
  /workdir/Twisted-22.10.0/src/twisted/conch/test/test_userauth.py
HINT: remove __pycache__ / .pyc files and/or use a unique basename for your test file modules</error></testcase><testcase classname="" name="src.twisted.conch.test.test_window" time="0.000"><error message="collection failure">import file mismatch:
imported module 'twisted.conch.test.test_window' has this __file__ attribute:
  /workdir/Twisted-22.10.0/.tox/cpythonlibtest-alldeps-nocov/lib/python3.10/site-packages/twisted/conch/test/test_window.py
which is not the same as the test file we want to collect:
  /workdir/Twisted-22.10.0/src/twisted/conch/test/test_window.py
HINT: remove __pycache__ / .pyc files and/or use a unique basename for your test file modules</error></testcase><testcase classname="" name="src.twisted.cred.test.test_cramauth" time="0.000"><error message="collection failure">import file mismatch:
imported module 'twisted.cred.test.test_cramauth' has this __file__ attribute:
  /workdir/Twisted-22.10.0/.tox/cpythonlibtest-alldeps-nocov/lib/python3.10/site-packages/twisted/cred/test/test_cramauth.py
which is not the same as the test file we want to collect:
  /workdir/Twisted-22.10.0/src/twisted/cred/test/test_cramauth.py
HINT: remove __pycache__ / .pyc files and/or use a unique basename for your test file modules</error></testcase><testcase classname="" name="src.twisted.cred.test.test_cred" time="0.000"><error message="collection failure">import file mismatch:
imported module 'twisted.cred.test.test_cred' has this __file__ attribute:
  /workdir/Twisted-22.10.0/.tox/cpythonlibtest-alldeps-nocov/lib/python3.10/site-packages/twisted/cred/test/test_cred.py
which is not the same as the test file we want to collect:
  /workdir/Twisted-22.10.0/src/twisted/cred/test/test_cred.py
HINT: remove __pycache__ / .pyc files and/or use a unique basename for your test file modules</error></testcase><testcase classname="" name="src.twisted.cred.test.test_digestauth" time="0.000"><error message="collection failure">import file mismatch:
imported module 'twisted.cred.test.test_digestauth' has this __file__ attribute:
  /workdir/Twisted-22.10.0/.tox/cpythonlibtest-alldeps-nocov/lib/python3.10/site-packages/twisted/cred/test/test_digestauth.py
which is not the same as the test file we want to collect:
  /workdir/Twisted-22.10.0/src/twisted/cred/test/test_digestauth.py
HINT: remove __pycache__ / .pyc files and/or use a unique basename for your test file modules</error></testcase><testcase classname="" name="src.twisted.cred.test.test_simpleauth" time="0.000"><error message="collection failure">import file mismatch:
imported module 'twisted.cred.test.test_simpleauth' has this __file__ attribute:
  /workdir/Twisted-22.10.0/.tox/cpythonlibtest-alldeps-nocov/lib/python3.10/site-packages/twisted/cred/test/test_simpleauth.py
which is not the same as the test file we want to collect:
  /workdir/Twisted-22.10.0/src/twisted/cred/test/test_simpleauth.py
HINT: remove __pycache__ / .pyc files and/or use a unique basename for your test file modules</error></testcase><testcase classname="" name="src.twisted.cred.test.test_strcred" time="0.000"><error message="collection failure">import file mismatch:
imported module 'twisted.cred.test.test_strcred' has this __file__ attribute:
  /workdir/Twisted-22.10.0/.tox/cpythonlibtest-alldeps-nocov/lib/python3.10/site-packages/twisted/cred/test/test_strcred.py
which is not the same as the test file we want to collect:
  /workdir/Twisted-22.10.0/src/twisted/cred/test/test_strcred.py
HINT: remove __pycache__ / .pyc files and/or use a unique basename for your test file modules</error></testcase><testcase classname="" name="src.twisted.internet.test.test_abstract" time="0.000"><error message="collection failure">import file mismatch:
imported module 'twisted.internet.test.test_abstract' has this __file__ attribute:
  /workdir/Twisted-22.10.0/.tox/cpythonlibtest-alldeps-nocov/lib/python3.10/site-packages/twisted/internet/test/test_abstract.py
which is not the same as the test file we want to collect:
  /workdir/Twisted-22.10.0/src/twisted/internet/test/test_abstract.py
HINT: remove __pycache__ / .pyc files and/or use a unique basename for your test file modules</error></testcase><testcase classname="" name="src.twisted.internet.test.test_address" time="0.000"><error message="collection failure">import file mismatch:
imported module 'twisted.internet.test.test_address' has this __file__ attribute:
  /workdir/Twisted-22.10.0/.tox/cpythonlibtest-alldeps-nocov/lib/python3.10/site-packages/twisted/internet/test/test_address.py
which is not the same as the test file we want to collect:
  /workdir/Twisted-22.10.0/src/twisted/internet/test/test_address.py
HINT: remove __pycache__ / .pyc files and/or use a unique basename for your test file modules</error></testcase><testcase classname="" name="src.twisted.internet.test.test_asyncioreactor" time="0.000"><error message="collection failure">import file mismatch:
imported module 'twisted.internet.test.test_asyncioreactor' has this __file__ attribute:
  /workdir/Twisted-22.10.0/.tox/cpythonlibtest-alldeps-nocov/lib/python3.10/site-packages/twisted/internet/test/test_asyncioreactor.py
which is not the same as the test file we want to collect:
  /workdir/Twisted-22.10.0/src/twisted/internet/test/test_asyncioreactor.py
HINT: remove __pycache__ / .pyc files and/or use a unique basename for your test file modules</error></testcase><testcase classname="" name="src.twisted.internet.test.test_base" time="0.000"><error message="collection failure">import file mismatch:
imported module 'twisted.internet.test.test_base' has this __file__ attribute:
  /workdir/Twisted-22.10.0/.tox/cpythonlibtest-alldeps-nocov/lib/python3.10/site-packages/twisted/internet/test/test_base.py
which is not the same as the test file we want to collect:
  /workdir/Twisted-22.10.0/src/twisted/internet/test/test_base.py
HINT: remove __pycache__ / .pyc files and/or use a unique basename for your test file modules</error></testcase><testcase classname="" name="src.twisted.internet.test.test_baseprocess" time="0.000"><error message="collection failure">import file mismatch:
imported module 'twisted.internet.test.test_baseprocess' has this __file__ attribute:
  /workdir/Twisted-22.10.0/.tox/cpythonlibtest-alldeps-nocov/lib/python3.10/site-packages/twisted/internet/test/test_baseprocess.py
which is not the same as the test file we want to collect:
  /workdir/Twisted-22.10.0/src/twisted/internet/test/test_baseprocess.py
HINT: remove __pycache__ / .pyc files and/or use a unique basename for your test file modules</error></testcase><testcase classname="" name="src.twisted.internet.test.test_core" time="0.000"><error message="collection failure">import file mismatch:
imported module 'twisted.internet.test.test_core' has this __file__ attribute:
  /workdir/Twisted-22.10.0/.tox/cpythonlibtest-alldeps-nocov/lib/python3.10/site-packages/twisted/internet/test/test_core.py
which is not the same as the test file we want to collect:
  /workdir/Twisted-22.10.0/src/twisted/internet/test/test_core.py
HINT: remove __pycache__ / .pyc files and/or use a unique basename for your test file modules</error></testcase><testcase classname="" name="src.twisted.internet.test.test_default" time="0.000"><error message="collection failure">import file mismatch:
imported module 'twisted.internet.test.test_default' has this __file__ attribute:
  /workdir/Twisted-22.10.0/.tox/cpythonlibtest-alldeps-nocov/lib/python3.10/site-packages/twisted/internet/test/test_default.py
which is not the same as the test file we want to collect:
  /workdir/Twisted-22.10.0/src/twisted/internet/test/test_default.py
HINT: remove __pycache__ / .pyc files and/or use a unique basename for your test file modules</error></testcase><testcase classname="" name="src.twisted.internet.test.test_defer_await" time="0.000"><error message="collection failure">import file mismatch:
imported module 'twisted.internet.test.test_defer_await' has this __file__ attribute:
  /workdir/Twisted-22.10.0/.tox/cpythonlibtest-alldeps-nocov/lib/python3.10/site-packages/twisted/internet/test/test_defer_await.py
which is not the same as the test file we want to collect:
  /workdir/Twisted-22.10.0/src/twisted/internet/test/test_defer_await.py
HINT: remove __pycache__ / .pyc files and/or use a unique basename for your test file modules</error></testcase><testcase classname="" name="src.twisted.internet.test.test_defer_yieldfrom" time="0.000"><error message="collection failure">import file mismatch:
imported module 'twisted.internet.test.test_defer_yieldfrom' has this __file__ attribute:
  /workdir/Twisted-22.10.0/.tox/cpythonlibtest-alldeps-nocov/lib/python3.10/site-packages/twisted/internet/test/test_defer_yieldfrom.py
which is not the same as the test file we want to collect:
  /workdir/Twisted-22.10.0/src/twisted/internet/test/test_defer_yieldfrom.py
HINT: remove __pycache__ / .pyc files and/or use a unique basename for your test file modules</error></testcase><testcase classname="" name="src.twisted.internet.test.test_endpoints" time="0.000"><error message="collection failure">import file mismatch:
imported module 'twisted.internet.test.test_endpoints' has this __file__ attribute:
  /workdir/Twisted-22.10.0/.tox/cpythonlibtest-alldeps-nocov/lib/python3.10/site-packages/twisted/internet/test/test_endpoints.py
which is not the same as the test file we want to collect:
  /workdir/Twisted-22.10.0/src/twisted/internet/test/test_endpoints.py
HINT: remove __pycache__ / .pyc files and/or use a unique basename for your test file modules</error></testcase><testcase classname="" name="src.twisted.internet.test.test_epollreactor" time="0.000"><error message="collection failure">import file mismatch:
imported module 'twisted.internet.test.test_epollreactor' has this __file__ attribute:
  /workdir/Twisted-22.10.0/.tox/cpythonlibtest-alldeps-nocov/lib/python3.10/site-packages/twisted/internet/test/test_epollreactor.py
which is not the same as the test file we want to collect:
  /workdir/Twisted-22.10.0/src/twisted/internet/test/test_epollreactor.py
HINT: remove __pycache__ / .pyc files and/or use a unique basename for your test file modules</error></testcase><testcase classname="" name="src.twisted.internet.test.test_error" time="0.000"><error message="collection failure">import file mismatch:
imported module 'twisted.internet.test.test_error' has this __file__ attribute:
  /workdir/Twisted-22.10.0/.tox/cpythonlibtest-alldeps-nocov/lib/python3.10/site-packages/twisted/internet/test/test_error.py
which is not the same as the test file we want to collect:
  /workdir/Twisted-22.10.0/src/twisted/internet/test/test_error.py
HINT: remove __pycache__ / .pyc files and/or use a unique basename for your test file modules</error></testcase><testcase classname="" name="src.twisted.internet.test.test_fdset" time="0.000"><error message="collection failure">import file mismatch:
imported module 'twisted.internet.test.test_fdset' has this __file__ attribute:
  /workdir/Twisted-22.10.0/.tox/cpythonlibtest-alldeps-nocov/lib/python3.10/site-packages/twisted/internet/test/test_fdset.py
which is not the same as the test file we want to collect:
  /workdir/Twisted-22.10.0/src/twisted/internet/test/test_fdset.py
HINT: remove __pycache__ / .pyc files and/or use a unique basename for your test file modules</error></testcase><testcase classname="" name="src.twisted.internet.test.test_filedescriptor" time="0.000"><error message="collection failure">import file mismatch:
imported module 'twisted.internet.test.test_filedescriptor' has this __file__ attribute:
  /workdir/Twisted-22.10.0/.tox/cpythonlibtest-alldeps-nocov/lib/python3.10/site-packages/twisted/internet/test/test_filedescriptor.py
which is not the same as the test file we want to collect:
  /workdir/Twisted-22.10.0/src/twisted/internet/test/test_filedescriptor.py
HINT: remove __pycache__ / .pyc files and/or use a unique basename for your test file modules</error></testcase><testcase classname="" name="src.twisted.internet.test.test_gireactor" time="0.000"><error message="collection failure">import file mismatch:
imported module 'twisted.internet.test.test_gireactor' has this __file__ attribute:
  /workdir/Twisted-22.10.0/.tox/cpythonlibtest-alldeps-nocov/lib/python3.10/site-packages/twisted/internet/test/test_gireactor.py
which is not the same as the test file we want to collect:
  /workdir/Twisted-22.10.0/src/twisted/internet/test/test_gireactor.py
HINT: remove __pycache__ / .pyc files and/or use a unique basename for your test file modules</error></testcase><testcase classname="" name="src.twisted.internet.test.test_glibbase" time="0.000"><error message="collection failure">import file mismatch:
imported module 'twisted.internet.test.test_glibbase' has this __file__ attribute:
  /workdir/Twisted-22.10.0/.tox/cpythonlibtest-alldeps-nocov/lib/python3.10/site-packages/twisted/internet/test/test_glibbase.py
which is not the same as the test file we want to collect:
  /workdir/Twisted-22.10.0/src/twisted/internet/test/test_glibbase.py
HINT: remove __pycache__ / .pyc files and/or use a unique basename for your test file modules</error></testcase><testcase classname="" name="src.twisted.internet.test.test_inlinecb" time="0.000"><error message="collection failure">import file mismatch:
imported module 'twisted.internet.test.test_inlinecb' has this __file__ attribute:
  /workdir/Twisted-22.10.0/.tox/cpythonlibtest-alldeps-nocov/lib/python3.10/site-packages/twisted/internet/test/test_inlinecb.py
which is not the same as the test file we want to collect:
  /workdir/Twisted-22.10.0/src/twisted/internet/test/test_inlinecb.py
HINT: remove __pycache__ / .pyc files and/or use a unique basename for your test file modules</error></testcase><testcase classname="" name="src.twisted.internet.test.test_inotify" time="0.000"><error message="collection failure">import file mismatch:
imported module 'twisted.internet.test.test_inotify' has this __file__ attribute:
  /workdir/Twisted-22.10.0/.tox/cpythonlibtest-alldeps-nocov/lib/python3.10/site-packages/twisted/internet/test/test_inotify.py
which is not the same as the test file we want to collect:
  /workdir/Twisted-22.10.0/src/twisted/internet/test/test_inotify.py
HINT: remove __pycache__ / .pyc files and/or use a unique basename for your test file modules</error></testcase><testcase classname="" name="src.twisted.internet.test.test_iocp" time="0.000"><error message="collection failure">import file mismatch:
imported module 'twisted.internet.test.test_iocp' has this __file__ attribute:
  /workdir/Twisted-22.10.0/.tox/cpythonlibtest-alldeps-nocov/lib/python3.10/site-packages/twisted/internet/test/test_iocp.py
which is not the same as the test file we want to collect:
  /workdir/Twisted-22.10.0/src/twisted/internet/test/test_iocp.py
HINT: remove __pycache__ / .pyc files and/or use a unique basename for your test file modules</error></testcase><testcase classname="" name="src.twisted.internet.test.test_kqueuereactor" time="0.000"><error message="collection failure">import file mismatch:
imported module 'twisted.internet.test.test_kqueuereactor' has this __file__ attribute:
  /workdir/Twisted-22.10.0/.tox/cpythonlibtest-alldeps-nocov/lib/python3.10/site-packages/twisted/internet/test/test_kqueuereactor.py
which is not the same as the test file we want to collect:
  /workdir/Twisted-22.10.0/src/twisted/internet/test/test_kqueuereactor.py
HINT: remove __pycache__ / .pyc files and/or use a unique basename for your test file modules</error></testcase><testcase classname="" name="src.twisted.internet.test.test_main" time="0.000"><error message="collection failure">import file mismatch:
imported module 'twisted.internet.test.test_main' has this __file__ attribute:
  /workdir/Twisted-22.10.0/.tox/cpythonlibtest-alldeps-nocov/lib/python3.10/site-packages/twisted/internet/test/test_main.py
which is not the same as the test file we want to collect:
  /workdir/Twisted-22.10.0/src/twisted/internet/test/test_main.py
HINT: remove __pycache__ / .pyc files and/or use a unique basename for your test file modules</error></testcase><testcase classname="" name="src.twisted.internet.test.test_newtls" time="0.000"><error message="collection failure">ImportError while importing test module '/workdir/Twisted-22.10.0/src/twisted/internet/test/test_newtls.py'.
Hint: make sure your test modules/packages have valid Python names.
Traceback:
/usr/local/lib/python3.10/importlib/__init__.py:126: in import_module
    return _bootstrap._gcd_import(name[level:], package, level)
.tox/cpythonlibtest-alldeps-nocov/lib/python3.10/site-packages/twisted/internet/test/test_newtls.py:10: in &lt;module&gt;
    from twisted.internet.test.connectionmixins import (
.tox/cpythonlibtest-alldeps-nocov/lib/python3.10/site-packages/twisted/internet/test/connectionmixins.py:25: in &lt;module&gt;
    from twisted.test.test_tcp import ClosingProtocol
.tox/cpythonlibtest-alldeps-nocov/lib/python3.10/site-packages/twisted/test/test_tcp.py:18: in &lt;module&gt;
    import hamcrest
E   ModuleNotFoundError: No module named 'hamcrest'</error></testcase><testcase classname="" name="src.twisted.internet.test.test_pollingfile" time="0.000"><error message="collection failure">import file mismatch:
imported module 'twisted.internet.test.test_pollingfile' has this __file__ attribute:
  /workdir/Twisted-22.10.0/.tox/cpythonlibtest-alldeps-nocov/lib/python3.10/site-packages/twisted/internet/test/test_pollingfile.py
which is not the same as the test file we want to collect:
  /workdir/Twisted-22.10.0/src/twisted/internet/test/test_pollingfile.py
HINT: remove __pycache__ / .pyc files and/or use a unique basename for your test file modules</error></testcase><testcase classname="" name="src.twisted.internet.test.test_posixbase" time="0.000"><error message="collection failure">import file mismatch:
imported module 'twisted.internet.test.test_posixbase' has this __file__ attribute:
  /workdir/Twisted-22.10.0/.tox/cpythonlibtest-alldeps-nocov/lib/python3.10/site-packages/twisted/internet/test/test_posixbase.py
which is not the same as the test file we want to collect:
  /workdir/Twisted-22.10.0/src/twisted/internet/test/test_posixbase.py
HINT: remove __pycache__ / .pyc files and/or use a unique basename for your test file modules</error></testcase><testcase classname="" name="src.twisted.internet.test.test_posixprocess" time="0.000"><error message="collection failure">import file mismatch:
imported module 'twisted.internet.test.test_posixprocess' has this __file__ attribute:
  /workdir/Twisted-22.10.0/.tox/cpythonlibtest-alldeps-nocov/lib/python3.10/site-packages/twisted/internet/test/test_posixprocess.py
which is not the same as the test file we want to collect:
  /workdir/Twisted-22.10.0/src/twisted/internet/test/test_posixprocess.py
HINT: remove __pycache__ / .pyc files and/or use a unique basename for your test file modules</error></testcase><testcase classname="" name="src.twisted.internet.test.test_process" time="0.000"><error message="collection failure">ImportError while importing test module '/workdir/Twisted-22.10.0/src/twisted/internet/test/test_process.py'.
Hint: make sure your test modules/packages have valid Python names.
Traceback:
/usr/local/lib/python3.10/importlib/__init__.py:126: in import_module
    return _bootstrap._gcd_import(name[level:], package, level)
.tox/cpythonlibtest-alldeps-nocov/lib/python3.10/site-packages/twisted/internet/test/test_process.py:20: in &lt;module&gt;
    import hamcrest
E   ModuleNotFoundError: No module named 'hamcrest'</error></testcase><testcase classname="" name="src.twisted.internet.test.test_protocol" time="0.000"><error message="collection failure">import file mismatch:
imported module 'twisted.internet.test.test_protocol' has this __file__ attribute:
  /workdir/Twisted-22.10.0/.tox/cpythonlibtest-alldeps-nocov/lib/python3.10/site-packages/twisted/internet/test/test_protocol.py
which is not the same as the test file we want to collect:
  /workdir/Twisted-22.10.0/src/twisted/internet/test/test_protocol.py
HINT: remove __pycache__ / .pyc files and/or use a unique basename for your test file modules</error></testcase><testcase classname="" name="src.twisted.internet.test.test_resolver" time="0.000"><error message="collection failure">import file mismatch:
imported module 'twisted.internet.test.test_resolver' has this __file__ attribute:
  /workdir/Twisted-22.10.0/.tox/cpythonlibtest-alldeps-nocov/lib/python3.10/site-packages/twisted/internet/test/test_resolver.py
which is not the same as the test file we want to collect:
  /workdir/Twisted-22.10.0/src/twisted/internet/test/test_resolver.py
HINT: remove __pycache__ / .pyc files and/or use a unique basename for your test file modules</error></testcase><testcase classname="" name="src.twisted.internet.test.test_serialport" time="0.000"><error message="collection failure">import file mismatch:
imported module 'twisted.internet.test.test_serialport' has this __file__ attribute:
  /workdir/Twisted-22.10.0/.tox/cpythonlibtest-alldeps-nocov/lib/python3.10/site-packages/twisted/internet/test/test_serialport.py
which is not the same as the test file we want to collect:
  /workdir/Twisted-22.10.0/src/twisted/internet/test/test_serialport.py
HINT: remove __pycache__ / .pyc files and/or use a unique basename for your test file modules</error></testcase><testcase classname="" name="src.twisted.internet.test.test_sigchld" time="0.000"><error message="collection failure">import file mismatch:
imported module 'twisted.internet.test.test_sigchld' has this __file__ attribute:
  /workdir/Twisted-22.10.0/.tox/cpythonlibtest-alldeps-nocov/lib/python3.10/site-packages/twisted/internet/test/test_sigchld.py
which is not the same as the test file we want to collect:
  /workdir/Twisted-22.10.0/src/twisted/internet/test/test_sigchld.py
HINT: remove __pycache__ / .pyc files and/or use a unique basename for your test file modules</error></testcase><testcase classname="" name="src.twisted.internet.test.test_socket" time="0.000"><error message="collection failure">import file mismatch:
imported module 'twisted.internet.test.test_socket' has this __file__ attribute:
  /workdir/Twisted-22.10.0/.tox/cpythonlibtest-alldeps-nocov/lib/python3.10/site-packages/twisted/internet/test/test_socket.py
which is not the same as the test file we want to collect:
  /workdir/Twisted-22.10.0/src/twisted/internet/test/test_socket.py
HINT: remove __pycache__ / .pyc files and/or use a unique basename for your test file modules</error></testcase><testcase classname="" name="src.twisted.internet.test.test_stdio" time="0.000"><error message="collection failure">import file mismatch:
imported module 'twisted.internet.test.test_stdio' has this __file__ attribute:
  /workdir/Twisted-22.10.0/.tox/cpythonlibtest-alldeps-nocov/lib/python3.10/site-packages/twisted/internet/test/test_stdio.py
which is not the same as the test file we want to collect:
  /workdir/Twisted-22.10.0/src/twisted/internet/test/test_stdio.py
HINT: remove __pycache__ / .pyc files and/or use a unique basename for your test file modules</error></testcase><testcase classname="" name="src.twisted.internet.test.test_tcp" time="0.000"><error message="collection failure">ImportError while importing test module '/workdir/Twisted-22.10.0/src/twisted/internet/test/test_tcp.py'.
Hint: make sure your test modules/packages have valid Python names.
Traceback:
/usr/local/lib/python3.10/importlib/__init__.py:126: in import_module
    return _bootstrap._gcd_import(name[level:], package, level)
.tox/cpythonlibtest-alldeps-nocov/lib/python3.10/site-packages/twisted/internet/test/test_tcp.py:68: in &lt;module&gt;
    from twisted.internet.test.connectionmixins import (
.tox/cpythonlibtest-alldeps-nocov/lib/python3.10/site-packages/twisted/internet/test/connectionmixins.py:25: in &lt;module&gt;
    from twisted.test.test_tcp import ClosingProtocol
.tox/cpythonlibtest-alldeps-nocov/lib/python3.10/site-packages/twisted/test/test_tcp.py:18: in &lt;module&gt;
    import hamcrest
E   ModuleNotFoundError: No module named 'hamcrest'</error></testcase><testcase classname="" name="src.twisted.internet.test.test_testing" time="0.000"><error message="collection failure">import file mismatch:
imported module 'twisted.internet.test.test_testing' has this __file__ attribute:
  /workdir/Twisted-22.10.0/.tox/cpythonlibtest-alldeps-nocov/lib/python3.10/site-packages/twisted/internet/test/test_testing.py
which is not the same as the test file we want to collect:
  /workdir/Twisted-22.10.0/src/twisted/internet/test/test_testing.py
HINT: remove __pycache__ / .pyc files and/or use a unique basename for your test file modules</error></testcase><testcase classname="" name="src.twisted.internet.test.test_threads" time="0.000"><error message="collection failure">import file mismatch:
imported module 'twisted.internet.test.test_threads' has this __file__ attribute:
  /workdir/Twisted-22.10.0/.tox/cpythonlibtest-alldeps-nocov/lib/python3.10/site-packages/twisted/internet/test/test_threads.py
which is not the same as the test file we want to collect:
  /workdir/Twisted-22.10.0/src/twisted/internet/test/test_threads.py
HINT: remove __pycache__ / .pyc files and/or use a unique basename for your test file modules</error></testcase><testcase classname="" name="src.twisted.internet.test.test_time" time="0.000"><error message="collection failure">import file mismatch:
imported module 'twisted.internet.test.test_time' has this __file__ attribute:
  /workdir/Twisted-22.10.0/.tox/cpythonlibtest-alldeps-nocov/lib/python3.10/site-packages/twisted/internet/test/test_time.py
which is not the same as the test file we want to collect:
  /workdir/Twisted-22.10.0/src/twisted/internet/test/test_time.py
HINT: remove __pycache__ / .pyc files and/or use a unique basename for your test file modules</error></testcase><testcase classname="" name="src.twisted.internet.test.test_tls" time="0.000"><error message="collection failure">ImportError while importing test module '/workdir/Twisted-22.10.0/src/twisted/internet/test/test_tls.py'.
Hint: make sure your test modules/packages have valid Python names.
Traceback:
/usr/local/lib/python3.10/importlib/__init__.py:126: in import_module
    return _bootstrap._gcd_import(name[level:], package, level)
.tox/cpythonlibtest-alldeps-nocov/lib/python3.10/site-packages/twisted/internet/test/test_tls.py:27: in &lt;module&gt;
    from twisted.internet.test.connectionmixins import (
.tox/cpythonlibtest-alldeps-nocov/lib/python3.10/site-packages/twisted/internet/test/connectionmixins.py:25: in &lt;module&gt;
    from twisted.test.test_tcp import ClosingProtocol
.tox/cpythonlibtest-alldeps-nocov/lib/python3.10/site-packages/twisted/test/test_tcp.py:18: in &lt;module&gt;
    import hamcrest
E   ModuleNotFoundError: No module named 'hamcrest'</error></testcase><testcase classname="" name="src.twisted.internet.test.test_udp" time="0.000"><error message="collection failure">ImportError while importing test module '/workdir/Twisted-22.10.0/src/twisted/internet/test/test_udp.py'.
Hint: make sure your test modules/packages have valid Python names.
Traceback:
/usr/local/lib/python3.10/importlib/__init__.py:126: in import_module
    return _bootstrap._gcd_import(name[level:], package, level)
.tox/cpythonlibtest-alldeps-nocov/lib/python3.10/site-packages/twisted/internet/test/test_udp.py:25: in &lt;module&gt;
    from twisted.internet.test.connectionmixins import LogObserverMixin, findFreePort
.tox/cpythonlibtest-alldeps-nocov/lib/python3.10/site-packages/twisted/internet/test/connectionmixins.py:25: in &lt;module&gt;
    from twisted.test.test_tcp import ClosingProtocol
.tox/cpythonlibtest-alldeps-nocov/lib/python3.10/site-packages/twisted/test/test_tcp.py:18: in &lt;module&gt;
    import hamcrest
E   ModuleNotFoundError: No module named 'hamcrest'</error></testcase><testcase classname="" name="src.twisted.internet.test.test_udp_internals" time="0.000"><error message="collection failure">import file mismatch:
imported module 'twisted.internet.test.test_udp_internals' has this __file__ attribute:
  /workdir/Twisted-22.10.0/.tox/cpythonlibtest-alldeps-nocov/lib/python3.10/site-packages/twisted/internet/test/test_udp_internals.py
which is not the same as the test file we want to collect:
  /workdir/Twisted-22.10.0/src/twisted/internet/test/test_udp_internals.py
HINT: remove __pycache__ / .pyc files and/or use a unique basename for your test file modules</error></testcase><testcase classname="" name="src.twisted.internet.test.test_unix" time="0.000"><error message="collection failure">ImportError while importing test module '/workdir/Twisted-22.10.0/src/twisted/internet/test/test_unix.py'.
Hint: make sure your test modules/packages have valid Python names.
Traceback:
/usr/local/lib/python3.10/importlib/__init__.py:126: in import_module
    return _bootstrap._gcd_import(name[level:], package, level)
.tox/cpythonlibtest-alldeps-nocov/lib/python3.10/site-packages/twisted/internet/test/test_unix.py:45: in &lt;module&gt;
    from twisted.internet.test.connectionmixins import (
.tox/cpythonlibtest-alldeps-nocov/lib/python3.10/site-packages/twisted/internet/test/connectionmixins.py:25: in &lt;module&gt;
    from twisted.test.test_tcp import ClosingProtocol
.tox/cpythonlibtest-alldeps-nocov/lib/python3.10/site-packages/twisted/test/test_tcp.py:18: in &lt;module&gt;
    import hamcrest
E   ModuleNotFoundError: No module named 'hamcrest'</error></testcase><testcase classname="" name="src.twisted.internet.test.test_win32events" time="0.000"><error message="collection failure">import file mismatch:
imported module 'twisted.internet.test.test_win32events' has this __file__ attribute:
  /workdir/Twisted-22.10.0/.tox/cpythonlibtest-alldeps-nocov/lib/python3.10/site-packages/twisted/internet/test/test_win32events.py
which is not the same as the test file we want to collect:
  /workdir/Twisted-22.10.0/src/twisted/internet/test/test_win32events.py
HINT: remove __pycache__ / .pyc files and/or use a unique basename for your test file modules</error></testcase><testcase classname="" name="src.twisted.internet.test.test_win32serialport" time="0.000"><error message="collection failure">import file mismatch:
imported module 'twisted.internet.test.test_win32serialport' has this __file__ attribute:
  /workdir/Twisted-22.10.0/.tox/cpythonlibtest-alldeps-nocov/lib/python3.10/site-packages/twisted/internet/test/test_win32serialport.py
which is not the same as the test file we want to collect:
  /workdir/Twisted-22.10.0/src/twisted/internet/test/test_win32serialport.py
HINT: remove __pycache__ / .pyc files and/or use a unique basename for your test file modules</error></testcase><testcase classname="" name="src.twisted.logger.test.test_buffer" time="0.000"><error message="collection failure">import file mismatch:
imported module 'twisted.logger.test.test_buffer' has this __file__ attribute:
  /workdir/Twisted-22.10.0/.tox/cpythonlibtest-alldeps-nocov/lib/python3.10/site-packages/twisted/logger/test/test_buffer.py
which is not the same as the test file we want to collect:
  /workdir/Twisted-22.10.0/src/twisted/logger/test/test_buffer.py
HINT: remove __pycache__ / .pyc files and/or use a unique basename for your test file modules</error></testcase><testcase classname="" name="src.twisted.logger.test.test_capture" time="0.000"><error message="collection failure">import file mismatch:
imported module 'twisted.logger.test.test_capture' has this __file__ attribute:
  /workdir/Twisted-22.10.0/.tox/cpythonlibtest-alldeps-nocov/lib/python3.10/site-packages/twisted/logger/test/test_capture.py
which is not the same as the test file we want to collect:
  /workdir/Twisted-22.10.0/src/twisted/logger/test/test_capture.py
HINT: remove __pycache__ / .pyc files and/or use a unique basename for your test file modules</error></testcase><testcase classname="" name="src.twisted.logger.test.test_file" time="0.000"><error message="collection failure">import file mismatch:
imported module 'twisted.logger.test.test_file' has this __file__ attribute:
  /workdir/Twisted-22.10.0/.tox/cpythonlibtest-alldeps-nocov/lib/python3.10/site-packages/twisted/logger/test/test_file.py
which is not the same as the test file we want to collect:
  /workdir/Twisted-22.10.0/src/twisted/logger/test/test_file.py
HINT: remove __pycache__ / .pyc files and/or use a unique basename for your test file modules</error></testcase><testcase classname="" name="src.twisted.logger.test.test_filter" time="0.000"><error message="collection failure">import file mismatch:
imported module 'twisted.logger.test.test_filter' has this __file__ attribute:
  /workdir/Twisted-22.10.0/.tox/cpythonlibtest-alldeps-nocov/lib/python3.10/site-packages/twisted/logger/test/test_filter.py
which is not the same as the test file we want to collect:
  /workdir/Twisted-22.10.0/src/twisted/logger/test/test_filter.py
HINT: remove __pycache__ / .pyc files and/or use a unique basename for your test file modules</error></testcase><testcase classname="" name="src.twisted.logger.test.test_flatten" time="0.000"><error message="collection failure">import file mismatch:
imported module 'twisted.logger.test.test_flatten' has this __file__ attribute:
  /workdir/Twisted-22.10.0/.tox/cpythonlibtest-alldeps-nocov/lib/python3.10/site-packages/twisted/logger/test/test_flatten.py
which is not the same as the test file we want to collect:
  /workdir/Twisted-22.10.0/src/twisted/logger/test/test_flatten.py
HINT: remove __pycache__ / .pyc files and/or use a unique basename for your test file modules</error></testcase><testcase classname="" name="src.twisted.logger.test.test_format" time="0.000"><error message="collection failure">import file mismatch:
imported module 'twisted.logger.test.test_format' has this __file__ attribute:
  /workdir/Twisted-22.10.0/.tox/cpythonlibtest-alldeps-nocov/lib/python3.10/site-packages/twisted/logger/test/test_format.py
which is not the same as the test file we want to collect:
  /workdir/Twisted-22.10.0/src/twisted/logger/test/test_format.py
HINT: remove __pycache__ / .pyc files and/or use a unique basename for your test file modules</error></testcase><testcase classname="" name="src.twisted.logger.test.test_global" time="0.000"><error message="collection failure">import file mismatch:
imported module 'twisted.logger.test.test_global' has this __file__ attribute:
  /workdir/Twisted-22.10.0/.tox/cpythonlibtest-alldeps-nocov/lib/python3.10/site-packages/twisted/logger/test/test_global.py
which is not the same as the test file we want to collect:
  /workdir/Twisted-22.10.0/src/twisted/logger/test/test_global.py
HINT: remove __pycache__ / .pyc files and/or use a unique basename for your test file modules</error></testcase><testcase classname="" name="src.twisted.logger.test.test_io" time="0.000"><error message="collection failure">import file mismatch:
imported module 'twisted.logger.test.test_io' has this __file__ attribute:
  /workdir/Twisted-22.10.0/.tox/cpythonlibtest-alldeps-nocov/lib/python3.10/site-packages/twisted/logger/test/test_io.py
which is not the same as the test file we want to collect:
  /workdir/Twisted-22.10.0/src/twisted/logger/test/test_io.py
HINT: remove __pycache__ / .pyc files and/or use a unique basename for your test file modules</error></testcase><testcase classname="" name="src.twisted.logger.test.test_json" time="0.000"><error message="collection failure">import file mismatch:
imported module 'twisted.logger.test.test_json' has this __file__ attribute:
  /workdir/Twisted-22.10.0/.tox/cpythonlibtest-alldeps-nocov/lib/python3.10/site-packages/twisted/logger/test/test_json.py
which is not the same as the test file we want to collect:
  /workdir/Twisted-22.10.0/src/twisted/logger/test/test_json.py
HINT: remove __pycache__ / .pyc files and/or use a unique basename for your test file modules</error></testcase><testcase classname="" name="src.twisted.logger.test.test_legacy" time="0.000"><error message="collection failure">import file mismatch:
imported module 'twisted.logger.test.test_legacy' has this __file__ attribute:
  /workdir/Twisted-22.10.0/.tox/cpythonlibtest-alldeps-nocov/lib/python3.10/site-packages/twisted/logger/test/test_legacy.py
which is not the same as the test file we want to collect:
  /workdir/Twisted-22.10.0/src/twisted/logger/test/test_legacy.py
HINT: remove __pycache__ / .pyc files and/or use a unique basename for your test file modules</error></testcase><testcase classname="" name="src.twisted.logger.test.test_levels" time="0.000"><error message="collection failure">import file mismatch:
imported module 'twisted.logger.test.test_levels' has this __file__ attribute:
  /workdir/Twisted-22.10.0/.tox/cpythonlibtest-alldeps-nocov/lib/python3.10/site-packages/twisted/logger/test/test_levels.py
which is not the same as the test file we want to collect:
  /workdir/Twisted-22.10.0/src/twisted/logger/test/test_levels.py
HINT: remove __pycache__ / .pyc files and/or use a unique basename for your test file modules</error></testcase><testcase classname="" name="src.twisted.logger.test.test_logger" time="0.000"><error message="collection failure">import file mismatch:
imported module 'twisted.logger.test.test_logger' has this __file__ attribute:
  /workdir/Twisted-22.10.0/.tox/cpythonlibtest-alldeps-nocov/lib/python3.10/site-packages/twisted/logger/test/test_logger.py
which is not the same as the test file we want to collect:
  /workdir/Twisted-22.10.0/src/twisted/logger/test/test_logger.py
HINT: remove __pycache__ / .pyc files and/or use a unique basename for your test file modules</error></testcase><testcase classname="" name="src.twisted.logger.test.test_observer" time="0.000"><error message="collection failure">import file mismatch:
imported module 'twisted.logger.test.test_observer' has this __file__ attribute:
  /workdir/Twisted-22.10.0/.tox/cpythonlibtest-alldeps-nocov/lib/python3.10/site-packages/twisted/logger/test/test_observer.py
which is not the same as the test file we want to collect:
  /workdir/Twisted-22.10.0/src/twisted/logger/test/test_observer.py
HINT: remove __pycache__ / .pyc files and/or use a unique basename for your test file modules</error></testcase><testcase classname="" name="src.twisted.logger.test.test_stdlib" time="0.000"><error message="collection failure">import file mismatch:
imported module 'twisted.logger.test.test_stdlib' has this __file__ attribute:
  /workdir/Twisted-22.10.0/.tox/cpythonlibtest-alldeps-nocov/lib/python3.10/site-packages/twisted/logger/test/test_stdlib.py
which is not the same as the test file we want to collect:
  /workdir/Twisted-22.10.0/src/twisted/logger/test/test_stdlib.py
HINT: remove __pycache__ / .pyc files and/or use a unique basename for your test file modules</error></testcase><testcase classname="" name="src.twisted.logger.test.test_util" time="0.000"><error message="collection failure">import file mismatch:
imported module 'twisted.logger.test.test_util' has this __file__ attribute:
  /workdir/Twisted-22.10.0/.tox/cpythonlibtest-alldeps-nocov/lib/python3.10/site-packages/twisted/logger/test/test_util.py
which is not the same as the test file we want to collect:
  /workdir/Twisted-22.10.0/src/twisted/logger/test/test_util.py
HINT: remove __pycache__ / .pyc files and/or use a unique basename for your test file modules</error></testcase><testcase classname="" name="src.twisted.mail.test.test_bounce" time="0.000"><error message="collection failure">import file mismatch:
imported module 'twisted.mail.test.test_bounce' has this __file__ attribute:
  /workdir/Twisted-22.10.0/.tox/cpythonlibtest-alldeps-nocov/lib/python3.10/site-packages/twisted/mail/test/test_bounce.py
which is not the same as the test file we want to collect:
  /workdir/Twisted-22.10.0/src/twisted/mail/test/test_bounce.py
HINT: remove __pycache__ / .pyc files and/or use a unique basename for your test file modules</error></testcase><testcase classname="" name="src.twisted.mail.test.test_imap" time="0.000"><error message="collection failure">import file mismatch:
imported module 'twisted.mail.test.test_imap' has this __file__ attribute:
  /workdir/Twisted-22.10.0/.tox/cpythonlibtest-alldeps-nocov/lib/python3.10/site-packages/twisted/mail/test/test_imap.py
which is not the same as the test file we want to collect:
  /workdir/Twisted-22.10.0/src/twisted/mail/test/test_imap.py
HINT: remove __pycache__ / .pyc files and/or use a unique basename for your test file modules</error></testcase><testcase classname="" name="src.twisted.mail.test.test_mail" time="0.000"><error message="collection failure">import file mismatch:
imported module 'twisted.mail.test.test_mail' has this __file__ attribute:
  /workdir/Twisted-22.10.0/.tox/cpythonlibtest-alldeps-nocov/lib/python3.10/site-packages/twisted/mail/test/test_mail.py
which is not the same as the test file we want to collect:
  /workdir/Twisted-22.10.0/src/twisted/mail/test/test_mail.py
HINT: remove __pycache__ / .pyc files and/or use a unique basename for your test file modules</error></testcase><testcase classname="" name="src.twisted.mail.test.test_mailmail" time="0.000"><error message="collection failure">import file mismatch:
imported module 'twisted.mail.test.test_mailmail' has this __file__ attribute:
  /workdir/Twisted-22.10.0/.tox/cpythonlibtest-alldeps-nocov/lib/python3.10/site-packages/twisted/mail/test/test_mailmail.py
which is not the same as the test file we want to collect:
  /workdir/Twisted-22.10.0/src/twisted/mail/test/test_mailmail.py
HINT: remove __pycache__ / .pyc files and/or use a unique basename for your test file modules</error></testcase><testcase classname="" name="src.twisted.mail.test.test_options" time="0.000"><error message="collection failure">import file mismatch:
imported module 'twisted.mail.test.test_options' has this __file__ attribute:
  /workdir/Twisted-22.10.0/.tox/cpythonlibtest-alldeps-nocov/lib/python3.10/site-packages/twisted/mail/test/test_options.py
which is not the same as the test file we want to collect:
  /workdir/Twisted-22.10.0/src/twisted/mail/test/test_options.py
HINT: remove __pycache__ / .pyc files and/or use a unique basename for your test file modules</error></testcase><testcase classname="" name="src.twisted.mail.test.test_pop3" time="0.000"><error message="collection failure">import file mismatch:
imported module 'twisted.mail.test.test_pop3' has this __file__ attribute:
  /workdir/Twisted-22.10.0/.tox/cpythonlibtest-alldeps-nocov/lib/python3.10/site-packages/twisted/mail/test/test_pop3.py
which is not the same as the test file we want to collect:
  /workdir/Twisted-22.10.0/src/twisted/mail/test/test_pop3.py
HINT: remove __pycache__ / .pyc files and/or use a unique basename for your test file modules</error></testcase><testcase classname="" name="src.twisted.mail.test.test_pop3client" time="0.000"><error message="collection failure">import file mismatch:
imported module 'twisted.mail.test.test_pop3client' has this __file__ attribute:
  /workdir/Twisted-22.10.0/.tox/cpythonlibtest-alldeps-nocov/lib/python3.10/site-packages/twisted/mail/test/test_pop3client.py
which is not the same as the test file we want to collect:
  /workdir/Twisted-22.10.0/src/twisted/mail/test/test_pop3client.py
HINT: remove __pycache__ / .pyc files and/or use a unique basename for your test file modules</error></testcase><testcase classname="" name="src.twisted.mail.test.test_scripts" time="0.000"><error message="collection failure">import file mismatch:
imported module 'twisted.mail.test.test_scripts' has this __file__ attribute:
  /workdir/Twisted-22.10.0/.tox/cpythonlibtest-alldeps-nocov/lib/python3.10/site-packages/twisted/mail/test/test_scripts.py
which is not the same as the test file we want to collect:
  /workdir/Twisted-22.10.0/src/twisted/mail/test/test_scripts.py
HINT: remove __pycache__ / .pyc files and/or use a unique basename for your test file modules</error></testcase><testcase classname="" name="src.twisted.mail.test.test_smtp" time="0.000"><error message="collection failure">import file mismatch:
imported module 'twisted.mail.test.test_smtp' has this __file__ attribute:
  /workdir/Twisted-22.10.0/.tox/cpythonlibtest-alldeps-nocov/lib/python3.10/site-packages/twisted/mail/test/test_smtp.py
which is not the same as the test file we want to collect:
  /workdir/Twisted-22.10.0/src/twisted/mail/test/test_smtp.py
HINT: remove __pycache__ / .pyc files and/or use a unique basename for your test file modules</error></testcase><testcase classname="" name="src.twisted.names.test.test_cache" time="0.000"><error message="collection failure">import file mismatch:
imported module 'twisted.names.test.test_cache' has this __file__ attribute:
  /workdir/Twisted-22.10.0/.tox/cpythonlibtest-alldeps-nocov/lib/python3.10/site-packages/twisted/names/test/test_cache.py
which is not the same as the test file we want to collect:
  /workdir/Twisted-22.10.0/src/twisted/names/test/test_cache.py
HINT: remove __pycache__ / .pyc files and/or use a unique basename for your test file modules</error></testcase><testcase classname="" name="src.twisted.names.test.test_client" time="0.000"><error message="collection failure">import file mismatch:
imported module 'twisted.names.test.test_client' has this __file__ attribute:
  /workdir/Twisted-22.10.0/.tox/cpythonlibtest-alldeps-nocov/lib/python3.10/site-packages/twisted/names/test/test_client.py
which is not the same as the test file we want to collect:
  /workdir/Twisted-22.10.0/src/twisted/names/test/test_client.py
HINT: remove __pycache__ / .pyc files and/or use a unique basename for your test file modules</error></testcase><testcase classname="" name="src.twisted.names.test.test_common" time="0.000"><error message="collection failure">import file mismatch:
imported module 'twisted.names.test.test_common' has this __file__ attribute:
  /workdir/Twisted-22.10.0/.tox/cpythonlibtest-alldeps-nocov/lib/python3.10/site-packages/twisted/names/test/test_common.py
which is not the same as the test file we want to collect:
  /workdir/Twisted-22.10.0/src/twisted/names/test/test_common.py
HINT: remove __pycache__ / .pyc files and/or use a unique basename for your test file modules</error></testcase><testcase classname="" name="src.twisted.names.test.test_dns" time="0.000"><error message="collection failure">import file mismatch:
imported module 'twisted.names.test.test_dns' has this __file__ attribute:
  /workdir/Twisted-22.10.0/.tox/cpythonlibtest-alldeps-nocov/lib/python3.10/site-packages/twisted/names/test/test_dns.py
which is not the same as the test file we want to collect:
  /workdir/Twisted-22.10.0/src/twisted/names/test/test_dns.py
HINT: remove __pycache__ / .pyc files and/or use a unique basename for your test file modules</error></testcase><testcase classname="" name="src.twisted.names.test.test_examples" time="0.000"><error message="collection failure">import file mismatch:
imported module 'twisted.names.test.test_examples' has this __file__ attribute:
  /workdir/Twisted-22.10.0/.tox/cpythonlibtest-alldeps-nocov/lib/python3.10/site-packages/twisted/names/test/test_examples.py
which is not the same as the test file we want to collect:
  /workdir/Twisted-22.10.0/src/twisted/names/test/test_examples.py
HINT: remove __pycache__ / .pyc files and/or use a unique basename for your test file modules</error></testcase><testcase classname="" name="src.twisted.names.test.test_hosts" time="0.000"><error message="collection failure">import file mismatch:
imported module 'twisted.names.test.test_hosts' has this __file__ attribute:
  /workdir/Twisted-22.10.0/.tox/cpythonlibtest-alldeps-nocov/lib/python3.10/site-packages/twisted/names/test/test_hosts.py
which is not the same as the test file we want to collect:
  /workdir/Twisted-22.10.0/src/twisted/names/test/test_hosts.py
HINT: remove __pycache__ / .pyc files and/or use a unique basename for your test file modules</error></testcase><testcase classname="" name="src.twisted.names.test.test_names" time="0.000"><error message="collection failure">import file mismatch:
imported module 'twisted.names.test.test_names' has this __file__ attribute:
  /workdir/Twisted-22.10.0/.tox/cpythonlibtest-alldeps-nocov/lib/python3.10/site-packages/twisted/names/test/test_names.py
which is not the same as the test file we want to collect:
  /workdir/Twisted-22.10.0/src/twisted/names/test/test_names.py
HINT: remove __pycache__ / .pyc files and/or use a unique basename for your test file modules</error></testcase><testcase classname="" name="src.twisted.names.test.test_resolve" time="0.000"><error message="collection failure">import file mismatch:
imported module 'twisted.names.test.test_resolve' has this __file__ attribute:
  /workdir/Twisted-22.10.0/.tox/cpythonlibtest-alldeps-nocov/lib/python3.10/site-packages/twisted/names/test/test_resolve.py
which is not the same as the test file we want to collect:
  /workdir/Twisted-22.10.0/src/twisted/names/test/test_resolve.py
HINT: remove __pycache__ / .pyc files and/or use a unique basename for your test file modules</error></testcase><testcase classname="" name="src.twisted.names.test.test_rfc1982" time="0.000"><error message="collection failure">import file mismatch:
imported module 'twisted.names.test.test_rfc1982' has this __file__ attribute:
  /workdir/Twisted-22.10.0/.tox/cpythonlibtest-alldeps-nocov/lib/python3.10/site-packages/twisted/names/test/test_rfc1982.py
which is not the same as the test file we want to collect:
  /workdir/Twisted-22.10.0/src/twisted/names/test/test_rfc1982.py
HINT: remove __pycache__ / .pyc files and/or use a unique basename for your test file modules</error></testcase><testcase classname="" name="src.twisted.names.test.test_rootresolve" time="0.000"><error message="collection failure">import file mismatch:
imported module 'twisted.names.test.test_rootresolve' has this __file__ attribute:
  /workdir/Twisted-22.10.0/.tox/cpythonlibtest-alldeps-nocov/lib/python3.10/site-packages/twisted/names/test/test_rootresolve.py
which is not the same as the test file we want to collect:
  /workdir/Twisted-22.10.0/src/twisted/names/test/test_rootresolve.py
HINT: remove __pycache__ / .pyc files and/or use a unique basename for your test file modules</error></testcase><testcase classname="" name="src.twisted.names.test.test_server" time="0.000"><error message="collection failure">import file mismatch:
imported module 'twisted.names.test.test_server' has this __file__ attribute:
  /workdir/Twisted-22.10.0/.tox/cpythonlibtest-alldeps-nocov/lib/python3.10/site-packages/twisted/names/test/test_server.py
which is not the same as the test file we want to collect:
  /workdir/Twisted-22.10.0/src/twisted/names/test/test_server.py
HINT: remove __pycache__ / .pyc files and/or use a unique basename for your test file modules</error></testcase><testcase classname="" name="src.twisted.names.test.test_srvconnect" time="0.000"><error message="collection failure">import file mismatch:
imported module 'twisted.names.test.test_srvconnect' has this __file__ attribute:
  /workdir/Twisted-22.10.0/.tox/cpythonlibtest-alldeps-nocov/lib/python3.10/site-packages/twisted/names/test/test_srvconnect.py
which is not the same as the test file we want to collect:
  /workdir/Twisted-22.10.0/src/twisted/names/test/test_srvconnect.py
HINT: remove __pycache__ / .pyc files and/or use a unique basename for your test file modules</error></testcase><testcase classname="" name="src.twisted.names.test.test_tap" time="0.000"><error message="collection failure">import file mismatch:
imported module 'twisted.names.test.test_tap' has this __file__ attribute:
  /workdir/Twisted-22.10.0/.tox/cpythonlibtest-alldeps-nocov/lib/python3.10/site-packages/twisted/names/test/test_tap.py
which is not the same as the test file we want to collect:
  /workdir/Twisted-22.10.0/src/twisted/names/test/test_tap.py
HINT: remove __pycache__ / .pyc files and/or use a unique basename for your test file modules</error></testcase><testcase classname="" name="src.twisted.names.test.test_util" time="0.000"><error message="collection failure">import file mismatch:
imported module 'twisted.names.test.test_util' has this __file__ attribute:
  /workdir/Twisted-22.10.0/.tox/cpythonlibtest-alldeps-nocov/lib/python3.10/site-packages/twisted/names/test/test_util.py
which is not the same as the test file we want to collect:
  /workdir/Twisted-22.10.0/src/twisted/names/test/test_util.py
HINT: remove __pycache__ / .pyc files and/or use a unique basename for your test file modules</error></testcase><testcase classname="" name="src.twisted.pair.test.test_ethernet" time="0.000"><error message="collection failure">import file mismatch:
imported module 'twisted.pair.test.test_ethernet' has this __file__ attribute:
  /workdir/Twisted-22.10.0/.tox/cpythonlibtest-alldeps-nocov/lib/python3.10/site-packages/twisted/pair/test/test_ethernet.py
which is not the same as the test file we want to collect:
  /workdir/Twisted-22.10.0/src/twisted/pair/test/test_ethernet.py
HINT: remove __pycache__ / .pyc files and/or use a unique basename for your test file modules</error></testcase><testcase classname="" name="src.twisted.pair.test.test_ip" time="0.000"><error message="collection failure">import file mismatch:
imported module 'twisted.pair.test.test_ip' has this __file__ attribute:
  /workdir/Twisted-22.10.0/.tox/cpythonlibtest-alldeps-nocov/lib/python3.10/site-packages/twisted/pair/test/test_ip.py
which is not the same as the test file we want to collect:
  /workdir/Twisted-22.10.0/src/twisted/pair/test/test_ip.py
HINT: remove __pycache__ / .pyc files and/or use a unique basename for your test file modules</error></testcase><testcase classname="" name="src.twisted.pair.test.test_rawudp" time="0.000"><error message="collection failure">import file mismatch:
imported module 'twisted.pair.test.test_rawudp' has this __file__ attribute:
  /workdir/Twisted-22.10.0/.tox/cpythonlibtest-alldeps-nocov/lib/python3.10/site-packages/twisted/pair/test/test_rawudp.py
which is not the same as the test file we want to collect:
  /workdir/Twisted-22.10.0/src/twisted/pair/test/test_rawudp.py
HINT: remove __pycache__ / .pyc files and/or use a unique basename for your test file modules</error></testcase><testcase classname="" name="src.twisted.pair.test.test_tuntap" time="0.000"><error message="collection failure">import file mismatch:
imported module 'twisted.pair.test.test_tuntap' has this __file__ attribute:
  /workdir/Twisted-22.10.0/.tox/cpythonlibtest-alldeps-nocov/lib/python3.10/site-packages/twisted/pair/test/test_tuntap.py
which is not the same as the test file we want to collect:
  /workdir/Twisted-22.10.0/src/twisted/pair/test/test_tuntap.py
HINT: remove __pycache__ / .pyc files and/or use a unique basename for your test file modules</error></testcase><testcase classname="" name="src.twisted.persisted.test.test_styles" time="0.000"><error message="collection failure">import file mismatch:
imported module 'twisted.persisted.test.test_styles' has this __file__ attribute:
  /workdir/Twisted-22.10.0/.tox/cpythonlibtest-alldeps-nocov/lib/python3.10/site-packages/twisted/persisted/test/test_styles.py
which is not the same as the test file we want to collect:
  /workdir/Twisted-22.10.0/src/twisted/persisted/test/test_styles.py
[...]
  /workdir/Twisted-22.10.0/src/twisted/web/test/test_script.py
HINT: remove __pycache__ / .pyc files and/or use a unique basename for your test file modules</error></testcase><testcase classname="" name="src.twisted.web.test.test_soap" time="0.000"><error message="collection failure">import file mismatch:
imported module 'twisted.web.test.test_soap' has this __file__ attribute:
  /workdir/Twisted-22.10.0/.tox/cpythonlibtest-alldeps-nocov/lib/python3.10/site-packages/twisted/web/test/test_soap.py
which is not the same as the test file we want to collect:
  /workdir/Twisted-22.10.0/src/twisted/web/test/test_soap.py
HINT: remove __pycache__ / .pyc files and/or use a unique basename for your test file modules</error></testcase><testcase classname="" name="src.twisted.web.test.test_stan" time="0.000"><error message="collection failure">import file mismatch:
imported module 'twisted.web.test.test_stan' has this __file__ attribute:
  /workdir/Twisted-22.10.0/.tox/cpythonlibtest-alldeps-nocov/lib/python3.10/site-packages/twisted/web/test/test_stan.py
which is not the same as the test file we want to collect:
  /workdir/Twisted-22.10.0/src/twisted/web/test/test_stan.py
HINT: remove __pycache__ / .pyc files and/or use a unique basename for your test file modules</error></testcase><testcase classname="" name="src.twisted.web.test.test_static" time="0.000"><error message="collection failure">import file mismatch:
imported module 'twisted.web.test.test_static' has this __file__ attribute:
  /workdir/Twisted-22.10.0/.tox/cpythonlibtest-alldeps-nocov/lib/python3.10/site-packages/twisted/web/test/test_static.py
which is not the same as the test file we want to collect:
  /workdir/Twisted-22.10.0/src/twisted/web/test/test_static.py
HINT: remove __pycache__ / .pyc files and/or use a unique basename for your test file modules</error></testcase><testcase classname="" name="src.twisted.web.test.test_tap" time="0.000"><error message="collection failure">import file mismatch:
imported module 'twisted.web.test.test_tap' has this __file__ attribute:
  /workdir/Twisted-22.10.0/.tox/cpythonlibtest-alldeps-nocov/lib/python3.10/site-packages/twisted/web/test/test_tap.py
which is not the same as the test file we want to collect:
  /workdir/Twisted-22.10.0/src/twisted/web/test/test_tap.py
HINT: remove __pycache__ / .pyc files and/or use a unique basename for your test file modules</error></testcase><testcase classname="" name="src.twisted.web.test.test_template" time="0.000"><error message="collection failure">import file mismatch:
imported module 'twisted.web.test.test_template' has this __file__ attribute:
  /workdir/Twisted-22.10.0/.tox/cpythonlibtest-alldeps-nocov/lib/python3.10/site-packages/twisted/web/test/test_template.py
which is not the same as the test file we want to collect:
  /workdir/Twisted-22.10.0/src/twisted/web/test/test_template.py
HINT: remove __pycache__ / .pyc files and/or use a unique basename for your test file modules</error></testcase><testcase classname="" name="src.twisted.web.test.test_util" time="0.000"><error message="collection failure">import file mismatch:
imported module 'twisted.web.test.test_util' has this __file__ attribute:
  /workdir/Twisted-22.10.0/.tox/cpythonlibtest-alldeps-nocov/lib/python3.10/site-packages/twisted/web/test/test_util.py
which is not the same as the test file we want to collect:
  /workdir/Twisted-22.10.0/src/twisted/web/test/test_util.py
HINT: remove __pycache__ / .pyc files and/or use a unique basename for your test file modules</error></testcase><testcase classname="" name="src.twisted.web.test.test_vhost" time="0.000"><error message="collection failure">import file mismatch:
imported module 'twisted.web.test.test_vhost' has this __file__ attribute:
  /workdir/Twisted-22.10.0/.tox/cpythonlibtest-alldeps-nocov/lib/python3.10/site-packages/twisted/web/test/test_vhost.py
which is not the same as the test file we want to collect:
  /workdir/Twisted-22.10.0/src/twisted/web/test/test_vhost.py
HINT: remove __pycache__ / .pyc files and/or use a unique basename for your test file modules</error></testcase><testcase classname="" name="src.twisted.web.test.test_web" time="0.000"><error message="collection failure">import file mismatch:
imported module 'twisted.web.test.test_web' has this __file__ attribute:
  /workdir/Twisted-22.10.0/.tox/cpythonlibtest-alldeps-nocov/lib/python3.10/site-packages/twisted/web/test/test_web.py
which is not the same as the test file we want to collect:
  /workdir/Twisted-22.10.0/src/twisted/web/test/test_web.py
HINT: remove __pycache__ / .pyc files and/or use a unique basename for your test file modules</error></testcase><testcase classname="" name="src.twisted.web.test.test_web__responses" time="0.000"><error message="collection failure">import file mismatch:
imported module 'twisted.web.test.test_web__responses' has this __file__ attribute:
  /workdir/Twisted-22.10.0/.tox/cpythonlibtest-alldeps-nocov/lib/python3.10/site-packages/twisted/web/test/test_web__responses.py
which is not the same as the test file we want to collect:
  /workdir/Twisted-22.10.0/src/twisted/web/test/test_web__responses.py
HINT: remove __pycache__ / .pyc files and/or use a unique basename for your test file modules</error></testcase><testcase classname="" name="src.twisted.web.test.test_webclient" time="0.000"><error message="collection failure">import file mismatch:
imported module 'twisted.web.test.test_webclient' has this __file__ attribute:
  /workdir/Twisted-22.10.0/.tox/cpythonlibtest-alldeps-nocov/lib/python3.10/site-packages/twisted/web/test/test_webclient.py
which is not the same as the test file we want to collect:
  /workdir/Twisted-22.10.0/src/twisted/web/test/test_webclient.py
HINT: remove __pycache__ / .pyc files and/or use a unique basename for your test file modules</error></testcase><testcase classname="" name="src.twisted.web.test.test_wsgi" time="0.000"><error message="collection failure">import file mismatch:
imported module 'twisted.web.test.test_wsgi' has this __file__ attribute:
  /workdir/Twisted-22.10.0/.tox/cpythonlibtest-alldeps-nocov/lib/python3.10/site-packages/twisted/web/test/test_wsgi.py
which is not the same as the test file we want to collect:
  /workdir/Twisted-22.10.0/src/twisted/web/test/test_wsgi.py
HINT: remove __pycache__ / .pyc files and/or use a unique basename for your test file modules</error></testcase><testcase classname="" name="src.twisted.web.test.test_xml" time="0.000"><error message="collection failure">import file mismatch:
imported module 'twisted.web.test.test_xml' has this __file__ attribute:
  /workdir/Twisted-22.10.0/.tox/cpythonlibtest-alldeps-nocov/lib/python3.10/site-packages/twisted/web/test/test_xml.py
which is not the same as the test file we want to collect:
  /workdir/Twisted-22.10.0/src/twisted/web/test/test_xml.py
HINT: remove __pycache__ / .pyc files and/or use a unique basename for your test file modules</error></testcase><testcase classname="" name="src.twisted.web.test.test_xmlrpc" time="0.000"><error message="collection failure">import file mismatch:
imported module 'twisted.web.test.test_xmlrpc' has this __file__ attribute:
  /workdir/Twisted-22.10.0/.tox/cpythonlibtest-alldeps-nocov/lib/python3.10/site-packages/twisted/web/test/test_xmlrpc.py
which is not the same as the test file we want to collect:
  /workdir/Twisted-22.10.0/src/twisted/web/test/test_xmlrpc.py
HINT: remove __pycache__ / .pyc files and/or use a unique basename for your test file modules</error></testcase><testcase classname="" name="src.twisted.words.test.test_basechat" time="0.000"><error message="collection failure">import file mismatch:
imported module 'twisted.words.test.test_basechat' has this __file__ attribute:
  /workdir/Twisted-22.10.0/.tox/cpythonlibtest-alldeps-nocov/lib/python3.10/site-packages/twisted/words/test/test_basechat.py
which is not the same as the test file we want to collect:
  /workdir/Twisted-22.10.0/src/twisted/words/test/test_basechat.py
HINT: remove __pycache__ / .pyc files and/or use a unique basename for your test file modules</error></testcase><testcase classname="" name="src.twisted.words.test.test_basesupport" time="0.000"><error message="collection failure">import file mismatch:
imported module 'twisted.words.test.test_basesupport' has this __file__ attribute:
  /workdir/Twisted-22.10.0/.tox/cpythonlibtest-alldeps-nocov/lib/python3.10/site-packages/twisted/words/test/test_basesupport.py
which is not the same as the test file we want to collect:
  /workdir/Twisted-22.10.0/src/twisted/words/test/test_basesupport.py
HINT: remove __pycache__ / .pyc files and/or use a unique basename for your test file modules</error></testcase><testcase classname="" name="src.twisted.words.test.test_domish" time="0.000"><error message="collection failure">import file mismatch:
imported module 'twisted.words.test.test_domish' has this __file__ attribute:
  /workdir/Twisted-22.10.0/.tox/cpythonlibtest-alldeps-nocov/lib/python3.10/site-packages/twisted/words/test/test_domish.py
which is not the same as the test file we want to collect:
  /workdir/Twisted-22.10.0/src/twisted/words/test/test_domish.py
HINT: remove __pycache__ / .pyc files and/or use a unique basename for your test file modules</error></testcase><testcase classname="" name="src.twisted.words.test.test_irc" time="0.000"><error message="collection failure">import file mismatch:
imported module 'twisted.words.test.test_irc' has this __file__ attribute:
  /workdir/Twisted-22.10.0/.tox/cpythonlibtest-alldeps-nocov/lib/python3.10/site-packages/twisted/words/test/test_irc.py
which is not the same as the test file we want to collect:
  /workdir/Twisted-22.10.0/src/twisted/words/test/test_irc.py
HINT: remove __pycache__ / .pyc files and/or use a unique basename for your test file modules</error></testcase><testcase classname="" name="src.twisted.words.test.test_irc_service" time="0.000"><error message="collection failure">import file mismatch:
imported module 'twisted.words.test.test_irc_service' has this __file__ attribute:
  /workdir/Twisted-22.10.0/.tox/cpythonlibtest-alldeps-nocov/lib/python3.10/site-packages/twisted/words/test/test_irc_service.py
which is not the same as the test file we want to collect:
  /workdir/Twisted-22.10.0/src/twisted/words/test/test_irc_service.py
HINT: remove __pycache__ / .pyc files and/or use a unique basename for your test file modules</error></testcase><testcase classname="" name="src.twisted.words.test.test_ircsupport" time="0.000"><error message="collection failure">import file mismatch:
imported module 'twisted.words.test.test_ircsupport' has this __file__ attribute:
  /workdir/Twisted-22.10.0/.tox/cpythonlibtest-alldeps-nocov/lib/python3.10/site-packages/twisted/words/test/test_ircsupport.py
which is not the same as the test file we want to collect:
  /workdir/Twisted-22.10.0/src/twisted/words/test/test_ircsupport.py
HINT: remove __pycache__ / .pyc files and/or use a unique basename for your test file modules</error></testcase><testcase classname="" name="src.twisted.words.test.test_jabberclient" time="0.000"><error message="collection failure">import file mismatch:
imported module 'twisted.words.test.test_jabberclient' has this __file__ attribute:
  /workdir/Twisted-22.10.0/.tox/cpythonlibtest-alldeps-nocov/lib/python3.10/site-packages/twisted/words/test/test_jabberclient.py
which is not the same as the test file we want to collect:
  /workdir/Twisted-22.10.0/src/twisted/words/test/test_jabberclient.py
HINT: remove __pycache__ / .pyc files and/or use a unique basename for your test file modules</error></testcase><testcase classname="" name="src.twisted.words.test.test_jabbercomponent" time="0.000"><error message="collection failure">import file mismatch:
imported module 'twisted.words.test.test_jabbercomponent' has this __file__ attribute:
  /workdir/Twisted-22.10.0/.tox/cpythonlibtest-alldeps-nocov/lib/python3.10/site-packages/twisted/words/test/test_jabbercomponent.py
which is not the same as the test file we want to collect:
  /workdir/Twisted-22.10.0/src/twisted/words/test/test_jabbercomponent.py
HINT: remove __pycache__ / .pyc files and/or use a unique basename for your test file modules</error></testcase><testcase classname="" name="src.twisted.words.test.test_jabbererror" time="0.000"><error message="collection failure">import file mismatch:
imported module 'twisted.words.test.test_jabbererror' has this __file__ attribute:
  /workdir/Twisted-22.10.0/.tox/cpythonlibtest-alldeps-nocov/lib/python3.10/site-packages/twisted/words/test/test_jabbererror.py
which is not the same as the test file we want to collect:
  /workdir/Twisted-22.10.0/src/twisted/words/test/test_jabbererror.py
HINT: remove __pycache__ / .pyc files and/or use a unique basename for your test file modules</error></testcase><testcase classname="" name="src.twisted.words.test.test_jabberjid" time="0.000"><error message="collection failure">import file mismatch:
imported module 'twisted.words.test.test_jabberjid' has this __file__ attribute:
  /workdir/Twisted-22.10.0/.tox/cpythonlibtest-alldeps-nocov/lib/python3.10/site-packages/twisted/words/test/test_jabberjid.py
which is not the same as the test file we want to collect:
  /workdir/Twisted-22.10.0/src/twisted/words/test/test_jabberjid.py
HINT: remove __pycache__ / .pyc files and/or use a unique basename for your test file modules</error></testcase><testcase classname="" name="src.twisted.words.test.test_jabberjstrports" time="0.000"><error message="collection failure">import file mismatch:
imported module 'twisted.words.test.test_jabberjstrports' has this __file__ attribute:
  /workdir/Twisted-22.10.0/.tox/cpythonlibtest-alldeps-nocov/lib/python3.10/site-packages/twisted/words/test/test_jabberjstrports.py
which is not the same as the test file we want to collect:
  /workdir/Twisted-22.10.0/src/twisted/words/test/test_jabberjstrports.py
HINT: remove __pycache__ / .pyc files and/or use a unique basename for your test file modules</error></testcase><testcase classname="" name="src.twisted.words.test.test_jabbersasl" time="0.000"><error message="collection failure">import file mismatch:
imported module 'twisted.words.test.test_jabbersasl' has this __file__ attribute:
  /workdir/Twisted-22.10.0/.tox/cpythonlibtest-alldeps-nocov/lib/python3.10/site-packages/twisted/words/test/test_jabbersasl.py
which is not the same as the test file we want to collect:
  /workdir/Twisted-22.10.0/src/twisted/words/test/test_jabbersasl.py
HINT: remove __pycache__ / .pyc files and/or use a unique basename for your test file modules</error></testcase><testcase classname="" name="src.twisted.words.test.test_jabbersaslmechanisms" time="0.000"><error message="collection failure">import file mismatch:
imported module 'twisted.words.test.test_jabbersaslmechanisms' has this __file__ attribute:
  /workdir/Twisted-22.10.0/.tox/cpythonlibtest-alldeps-nocov/lib/python3.10/site-packages/twisted/words/test/test_jabbersaslmechanisms.py
which is not the same as the test file we want to collect:
  /workdir/Twisted-22.10.0/src/twisted/words/test/test_jabbersaslmechanisms.py
HINT: remove __pycache__ / .pyc files and/or use a unique basename for your test file modules</error></testcase><testcase classname="" name="src.twisted.words.test.test_jabberxmlstream" time="0.000"><error message="collection failure">import file mismatch:
imported module 'twisted.words.test.test_jabberxmlstream' has this __file__ attribute:
  /workdir/Twisted-22.10.0/.tox/cpythonlibtest-alldeps-nocov/lib/python3.10/site-packages/twisted/words/test/test_jabberxmlstream.py
which is not the same as the test file we want to collect:
  /workdir/Twisted-22.10.0/src/twisted/words/test/test_jabberxmlstream.py
HINT: remove __pycache__ / .pyc files and/or use a unique basename for your test file modules</error></testcase><testcase classname="" name="src.twisted.words.test.test_jabberxmppstringprep" time="0.000"><error message="collection failure">import file mismatch:
imported module 'twisted.words.test.test_jabberxmppstringprep' has this __file__ attribute:
  /workdir/Twisted-22.10.0/.tox/cpythonlibtest-alldeps-nocov/lib/python3.10/site-packages/twisted/words/test/test_jabberxmppstringprep.py
which is not the same as the test file we want to collect:
  /workdir/Twisted-22.10.0/src/twisted/words/test/test_jabberxmppstringprep.py
HINT: remove __pycache__ / .pyc files and/or use a unique basename for your test file modules</error></testcase><testcase classname="" name="src.twisted.words.test.test_service" time="0.000"><error message="collection failure">import file mismatch:
imported module 'twisted.words.test.test_service' has this __file__ attribute:
  /workdir/Twisted-22.10.0/.tox/cpythonlibtest-alldeps-nocov/lib/python3.10/site-packages/twisted/words/test/test_service.py
which is not the same as the test file we want to collect:
  /workdir/Twisted-22.10.0/src/twisted/words/test/test_service.py
HINT: remove __pycache__ / .pyc files and/or use a unique basename for your test file modules</error></testcase><testcase classname="" name="src.twisted.words.test.test_tap" time="0.000"><error message="collection failure">import file mismatch:
imported module 'twisted.words.test.test_tap' has this __file__ attribute:
  /workdir/Twisted-22.10.0/.tox/cpythonlibtest-alldeps-nocov/lib/python3.10/site-packages/twisted/words/test/test_tap.py
which is not the same as the test file we want to collect:
  /workdir/Twisted-22.10.0/src/twisted/words/test/test_tap.py
HINT: remove __pycache__ / .pyc files and/or use a unique basename for your test file modules</error></testcase><testcase classname="" name="src.twisted.words.test.test_xishutil" time="0.000"><error message="collection failure">import file mismatch:
imported module 'twisted.words.test.test_xishutil' has this __file__ attribute:
  /workdir/Twisted-22.10.0/.tox/cpythonlibtest-alldeps-nocov/lib/python3.10/site-packages/twisted/words/test/test_xishutil.py
which is not the same as the test file we want to collect:
  /workdir/Twisted-22.10.0/src/twisted/words/test/test_xishutil.py
HINT: remove __pycache__ / .pyc files and/or use a unique basename for your test file modules</error></testcase><testcase classname="" name="src.twisted.words.test.test_xmlstream" time="0.000"><error message="collection failure">import file mismatch:
imported module 'twisted.words.test.test_xmlstream' has this __file__ attribute:
  /workdir/Twisted-22.10.0/.tox/cpythonlibtest-alldeps-nocov/lib/python3.10/site-packages/twisted/words/test/test_xmlstream.py
which is not the same as the test file we want to collect:
  /workdir/Twisted-22.10.0/src/twisted/words/test/test_xmlstream.py
HINT: remove __pycache__ / .pyc files and/or use a unique basename for your test file modules</error></testcase><testcase classname="" name="src.twisted.words.test.test_xmpproutertap" time="0.000"><error message="collection failure">import file mismatch:
imported module 'twisted.words.test.test_xmpproutertap' has this __file__ attribute:
  /workdir/Twisted-22.10.0/.tox/cpythonlibtest-alldeps-nocov/lib/python3.10/site-packages/twisted/words/test/test_xmpproutertap.py
which is not the same as the test file we want to collect:
  /workdir/Twisted-22.10.0/src/twisted/words/test/test_xmpproutertap.py
HINT: remove __pycache__ / .pyc files and/or use a unique basename for your test file modules</error></testcase><testcase classname="" name="src.twisted.words.test.test_xpath" time="0.000"><error message="collection failure">import file mismatch:
imported module 'twisted.words.test.test_xpath' has this __file__ attribute:
  /workdir/Twisted-22.10.0/.tox/cpythonlibtest-alldeps-nocov/lib/python3.10/site-packages/twisted/words/test/test_xpath.py
which is not the same as the test file we want to collect:
  /workdir/Twisted-22.10.0/src/twisted/words/test/test_xpath.py
HINT: remove __pycache__ / .pyc files and/or use a unique basename for your test file modules</error></testcase></testsuite></testsuites>