<?xml version="1.0" encoding="utf-8"?><testsuites><testsuite name="pytest" errors="316" failures="0" skipped="0" tests="316" time="11.128" timestamp="2023-11-30T06:37:09.042757" hostname="be2d8ee410eb"><testcase classname="" name="src.twisted._threads.test.test_convenience" time="0.000"><error message="collection failure">import file mismatch:
imported module 'twisted._threads.test.test_convenience' has this __file__ attribute:
  /workdir/Twisted-22.10.0/.tox/cpythonlibtest-alldeps-nocov/lib/python3.10/site-packages/twisted/_threads/test/test_convenience.py
which is not the same as the test file we want to collect:
  /workdir/Twisted-22.10.0/src/twisted/_threads/test/test_convenience.py
HINT: remove __pycache__ / .pyc files and/or use a unique basename for your test file modules</error></testcase><testcase classname="" name="src.twisted._threads.test.test_memory" time="0.000"><error message="collection failure">import file mismatch:
imported module 'twisted._threads.test.test_memory' has this __file__ attribute:
  /workdir/Twisted-22.10.0/.tox/cpythonlibtest-alldeps-nocov/lib/python3.10/site-packages/twisted/_threads/test/test_memory.py
which is not the same as the test file we want to collect:
  /workdir/Twisted-22.10.0/src/twisted/_threads/test/test_memory.py
HINT: remove __pycache__ / .pyc files and/or use a unique basename for your test file modules</error></testcase><testcase classname="" name="src.twisted._threads.test.test_team" time="0.000"><error message="collection failure">import file mismatch:
imported module 'twisted._threads.test.test_team' has this __file__ attribute:
  /workdir/Twisted-22.10.0/.tox/cpythonlibtest-alldeps-nocov/lib/python3.10/site-packages/twisted/_threads/test/test_team.py
which is not the same as the test file we want to collect:
  /workdir/Twisted-22.10.0/src/twisted/_threads/test/test_team.py
HINT: remove __pycache__ / .pyc files and/or use a unique basename for your test file modules</error></testcase><testcase classname="" name="src.twisted._threads.test.test_threadworker" time="0.000"><error message="collection failure">import file mismatch:
imported module 'twisted._threads.test.test_threadworker' has this __file__ attribute:
  /workdir/Twisted-22.10.0/.tox/cpythonlibtest-alldeps-nocov/lib/python3.10/site-packages/twisted/_threads/test/test_threadworker.py
which is not the same as the test file we want to collect:
  /workdir/Twisted-22.10.0/src/twisted/_threads/test/test_threadworker.py
HINT: remove __pycache__ / .pyc files and/or use a unique basename for your test file modules</error></testcase><testcase classname="" name="src.twisted.application.runner.test.test_exit" time="0.000"><error message="collection failure">import file mismatch:
imported module 'twisted.application.runner.test.test_exit' has this __file__ attribute:
  /workdir/Twisted-22.10.0/.tox/cpythonlibtest-alldeps-nocov/lib/python3.10/site-packages/twisted/application/runner/test/test_exit.py
which is not the same as the test file we want to collect:
  /workdir/Twisted-22.10.0/src/twisted/application/runner/test/test_exit.py
HINT: remove __pycache__ / .pyc files and/or use a unique basename for your test file modules</error></testcase><testcase classname="" name="src.twisted.application.runner.test.test_pidfile" time="0.000"><error message="collection failure">import file mismatch:
imported module 'twisted.application.runner.test.test_pidfile' has this __file__ attribute:
  /workdir/Twisted-22.10.0/.tox/cpythonlibtest-alldeps-nocov/lib/python3.10/site-packages/twisted/application/runner/test/test_pidfile.py
which is not the same as the test file we want to collect:
  /workdir/Twisted-22.10.0/src/twisted/application/runner/test/test_pidfile.py
HINT: remove __pycache__ / .pyc files and/or use a unique basename for your test file modules</error></testcase><testcase classname="" name="src.twisted.application.runner.test.test_runner" time="0.000"><error message="collection failure">import file mismatch:
imported module 'twisted.application.runner.test.test_runner' has this __file__ attribute:
  /workdir/Twisted-22.10.0/.tox/cpythonlibtest-alldeps-nocov/lib/python3.10/site-packages/twisted/application/runner/test/test_runner.py
which is not the same as the test file we want to collect:
  /workdir/Twisted-22.10.0/src/twisted/application/runner/test/test_runner.py
HINT: remove __pycache__ / .pyc files and/or use a unique basename for your test file modules</error></testcase><testcase classname="" name="src.twisted.application.test.test_internet" time="0.000"><error message="collection failure">import file mismatch:
imported module 'twisted.application.test.test_internet' has this __file__ attribute:
  /workdir/Twisted-22.10.0/.tox/cpythonlibtest-alldeps-nocov/lib/python3.10/site-packages/twisted/application/test/test_internet.py
which is not the same as the test file we want to collect:
  /workdir/Twisted-22.10.0/src/twisted/application/test/test_internet.py
HINT: remove __pycache__ / .pyc files and/or use a unique basename for your test file modules</error></testcase><testcase classname="" name="src.twisted.application.test.test_service" time="0.000"><error message="collection failure">import file mismatch:
imported module 'twisted.application.test.test_service' has this __file__ attribute:
  /workdir/Twisted-22.10.0/.tox/cpythonlibtest-alldeps-nocov/lib/python3.10/site-packages/twisted/application/test/test_service.py
which is not the same as the test file we want to collect:
  /workdir/Twisted-22.10.0/src/twisted/application/test/test_service.py
HINT: remove __pycache__ / .pyc files and/or use a unique basename for your test file modules</error></testcase><testcase classname="" name="src.twisted.application.twist.test.test_options" time="0.000"><error message="collection failure">import file mismatch:
imported module 'twisted.application.twist.test.test_options' has this __file__ attribute:
  /workdir/Twisted-22.10.0/.tox/cpythonlibtest-alldeps-nocov/lib/python3.10/site-packages/twisted/application/twist/test/test_options.py
which is not the same as the test file we want to collect:
  /workdir/Twisted-22.10.0/src/twisted/application/twist/test/test_options.py
HINT: remove __pycache__ / .pyc files and/or use a unique basename for your test file modules</error></testcase><testcase classname="" name="src.twisted.application.twist.test.test_twist" time="0.000"><error message="collection failure">import file mismatch:
imported module 'twisted.application.twist.test.test_twist' has this __file__ attribute:
  /workdir/Twisted-22.10.0/.tox/cpythonlibtest-alldeps-nocov/lib/python3.10/site-packages/twisted/application/twist/test/test_twist.py
which is not the same as the test file we want to collect:
  /workdir/Twisted-22.10.0/src/twisted/application/twist/test/test_twist.py
HINT: remove __pycache__ / .pyc files and/or use a unique basename for your test file modules</error></testcase><testcase classname="" name="src.twisted.conch.test.test_address" time="0.000"><error message="collection failure">import file mismatch:
imported module 'twisted.conch.test.test_address' has this __file__ attribute:
  /workdir/Twisted-22.10.0/.tox/cpythonlibtest-alldeps-nocov/lib/python3.10/site-packages/twisted/conch/test/test_address.py
which is not the same as the test file we want to collect:
  /workdir/Twisted-22.10.0/src/twisted/conch/test/test_address.py
HINT: remove __pycache__ / .pyc files and/or use a unique basename for your test file modules</error></testcase><testcase classname="" name="src.twisted.conch.test.test_agent" time="0.000"><error message="collection failure">import file mismatch:
imported module 'twisted.conch.test.test_agent' has this __file__ attribute:
  /workdir/Twisted-22.10.0/.tox/cpythonlibtest-alldeps-nocov/lib/python3.10/site-packages/twisted/conch/test/test_agent.py
which is not the same as the test file we want to collect:
  /workdir/Twisted-22.10.0/src/twisted/conch/test/test_agent.py
HINT: remove __pycache__ / .pyc files and/or use a unique basename for your test file modules</error></testcase><testcase classname="" name="src.twisted.conch.test.test_cftp" time="0.000"><error message="collection failure">ImportError while importing test module '/workdir/Twisted-22.10.0/src/twisted/conch/test/test_cftp.py'.
Hint: make sure your test modules/packages have valid Python names.
Traceback:
/usr/local/lib/python3.10/importlib/__init__.py:126: in import_module
    return _bootstrap._gcd_import(name[level:], package, level)
.tox/cpythonlibtest-alldeps-nocov/lib/python3.10/site-packages/twisted/conch/test/test_cftp.py:23: in &lt;module&gt;
    from twisted.conch.test.test_filetransfer import FileTransferTestAvatar, SFTPTestBase
.tox/cpythonlibtest-alldeps-nocov/lib/python3.10/site-packages/twisted/conch/test/test_filetransfer.py:15: in &lt;module&gt;
    from hamcrest import assert_that, equal_to
E   ModuleNotFoundError: No module named 'hamcrest'</error></testcase><testcase classname="" name="src.twisted.conch.test.test_channel" time="0.000"><error message="collection failure">import file mismatch:
imported module 'twisted.conch.test.test_channel' has this __file__ attribute:
  /workdir/Twisted-22.10.0/.tox/cpythonlibtest-alldeps-nocov/lib/python3.10/site-packages/twisted/conch/test/test_channel.py
which is not the same as the test file we want to collect:
  /workdir/Twisted-22.10.0/src/twisted/conch/test/test_channel.py
HINT: remove __pycache__ / .pyc files and/or use a unique basename for your test file modules</error></testcase><testcase classname="" name="src.twisted.conch.test.test_checkers" time="0.000"><error message="collection failure">import file mismatch:
imported module 'twisted.conch.test.test_checkers' has this __file__ attribute:
  /workdir/Twisted-22.10.0/.tox/cpythonlibtest-alldeps-nocov/lib/python3.10/site-packages/twisted/conch/test/test_checkers.py
which is not the same as the test file we want to collect:
  /workdir/Twisted-22.10.0/src/twisted/conch/test/test_checkers.py
HINT: remove __pycache__ / .pyc files and/or use a unique basename for your test file modules</error></testcase><testcase classname="" name="src.twisted.conch.test.test_ckeygen" time="0.000"><error message="collection failure">import file mismatch:
imported module 'twisted.conch.test.test_ckeygen' has this __file__ attribute:
  /workdir/Twisted-22.10.0/.tox/cpythonlibtest-alldeps-nocov/lib/python3.10/site-packages/twisted/conch/test/test_ckeygen.py
which is not the same as the test file we want to collect:
  /workdir/Twisted-22.10.0/src/twisted/conch/test/test_ckeygen.py
HINT: remove __pycache__ / .pyc files and/or use a unique basename for your test file modules</error></testcase><testcase classname="" name="src.twisted.conch.test.test_conch" time="0.000"><error message="collection failure">import file mismatch:
imported module 'twisted.conch.test.test_conch' has this __file__ attribute:
  /workdir/Twisted-22.10.0/.tox/cpythonlibtest-alldeps-nocov/lib/python3.10/site-packages/twisted/conch/test/test_conch.py
which is not the same as the test file we want to collect:
  /workdir/Twisted-22.10.0/src/twisted/conch/test/test_conch.py
HINT: remove __pycache__ / .pyc files and/or use a unique basename for your test file modules</error></testcase><testcase classname="" name="src.twisted.conch.test.test_connection" time="0.000"><error message="collection failure">import file mismatch:
imported module 'twisted.conch.test.test_connection' has this __file__ attribute:
  /workdir/Twisted-22.10.0/.tox/cpythonlibtest-alldeps-nocov/lib/python3.10/site-packages/twisted/conch/test/test_connection.py
which is not the same as the test file we want to collect:
  /workdir/Twisted-22.10.0/src/twisted/conch/test/test_connection.py
HINT: remove __pycache__ / .pyc files and/or use a unique basename for your test file modules</error></testcase><testcase classname="" name="src.twisted.conch.test.test_default" time="0.000"><error message="collection failure">import file mismatch:
imported module 'twisted.conch.test.test_default' has this __file__ attribute:
  /workdir/Twisted-22.10.0/.tox/cpythonlibtest-alldeps-nocov/lib/python3.10/site-packages/twisted/conch/test/test_default.py
which is not the same as the test file we want to collect:
  /workdir/Twisted-22.10.0/src/twisted/conch/test/test_default.py
HINT: remove __pycache__ / .pyc files and/or use a unique basename for your test file modules</error></testcase><testcase classname="" name="src.twisted.conch.test.test_endpoints" time="0.000"><error message="collection failure">ImportError while importing test module '/workdir/Twisted-22.10.0/src/twisted/conch/test/test_endpoints.py'.
Hint: make sure your test modules/packages have valid Python names.
Traceback:
/usr/local/lib/python3.10/importlib/__init__.py:126: in import_module
    return _bootstrap._gcd_import(name[level:], package, level)
.tox/cpythonlibtest-alldeps-nocov/lib/python3.10/site-packages/twisted/conch/test/test_endpoints.py:15: in &lt;module&gt;
    import hamcrest
E   ModuleNotFoundError: No module named 'hamcrest'</error></testcase><testcase classname="" name="src.twisted.conch.test.test_filetransfer" time="0.000"><error message="collection failure">ImportError while importing test module '/workdir/Twisted-22.10.0/src/twisted/conch/test/test_filetransfer.py'.
Hint: make sure your test modules/packages have valid Python names.
Traceback:
/usr/local/lib/python3.10/importlib/__init__.py:126: in import_module
    return _bootstrap._gcd_import(name[level:], package, level)
.tox/cpythonlibtest-alldeps-nocov/lib/python3.10/site-packages/twisted/conch/test/test_filetransfer.py:15: in &lt;module&gt;
    from hamcrest import assert_that, equal_to
E   ModuleNotFoundError: No module named 'hamcrest'</error></testcase><testcase classname="" name="src.twisted.conch.test.test_forwarding" time="0.000"><error message="collection failure">import file mismatch:
imported module 'twisted.conch.test.test_forwarding' has this __file__ attribute:
  /workdir/Twisted-22.10.0/.tox/cpythonlibtest-alldeps-nocov/lib/python3.10/site-packages/twisted/conch/test/test_forwarding.py
which is not the same as the test file we want to collect:
  /workdir/Twisted-22.10.0/src/twisted/conch/test/test_forwarding.py
HINT: remove __pycache__ / .pyc files and/or use a unique basename for your test file modules</error></testcase><testcase classname="" name="src.twisted.conch.test.test_helper" time="0.000"><error message="collection failure">import file mismatch:
imported module 'twisted.conch.test.test_helper' has this __file__ attribute:
  /workdir/Twisted-22.10.0/.tox/cpythonlibtest-alldeps-nocov/lib/python3.10/site-packages/twisted/conch/test/test_helper.py
which is not the same as the test file we want to collect:
  /workdir/Twisted-22.10.0/src/twisted/conch/test/test_helper.py
HINT: remove __pycache__ / .pyc files and/or use a unique basename for your test file modules</error></testcase><testcase classname="" name="src.twisted.conch.test.test_insults" time="0.000"><error message="collection failure">import file mismatch:
imported module 'twisted.conch.test.test_insults' has this __file__ attribute:
  /workdir/Twisted-22.10.0/.tox/cpythonlibtest-alldeps-nocov/lib/python3.10/site-packages/twisted/conch/test/test_insults.py
which is not the same as the test file we want to collect:
  /workdir/Twisted-22.10.0/src/twisted/conch/test/test_insults.py
HINT: remove __pycache__ / .pyc files and/or use a unique basename for your test file modules</error></testcase><testcase classname="" name="src.twisted.conch.test.test_keys" time="0.000"><error message="collection failure">import file mismatch:
imported module 'twisted.conch.test.test_keys' has this __file__ attribute:
  /workdir/Twisted-22.10.0/.tox/cpythonlibtest-alldeps-nocov/lib/python3.10/site-packages/twisted/conch/test/test_keys.py
which is not the same as the test file we want to collect:
  /workdir/Twisted-22.10.0/src/twisted/conch/test/test_keys.py
HINT: remove __pycache__ / .pyc files and/or use a unique basename for your test file modules</error></testcase><testcase classname="" name="src.twisted.conch.test.test_knownhosts" time="0.000"><error message="collection failure">import file mismatch:
imported module 'twisted.conch.test.test_knownhosts' has this __file__ attribute:
  /workdir/Twisted-22.10.0/.tox/cpythonlibtest-alldeps-nocov/lib/python3.10/site-packages/twisted/conch/test/test_knownhosts.py
which is not the same as the test file we want to collect:
  /workdir/Twisted-22.10.0/src/twisted/conch/test/test_knownhosts.py
HINT: remove __pycache__ / .pyc files and/or use a unique basename for your test file modules</error></testcase><testcase classname="" name="src.twisted.conch.test.test_manhole" time="0.000"><error message="collection failure">import file mismatch:
imported module 'twisted.conch.test.test_manhole' has this __file__ attribute:
  /workdir/Twisted-22.10.0/.tox/cpythonlibtest-alldeps-nocov/lib/python3.10/site-packages/twisted/conch/test/test_manhole.py
which is not the same as the test file we want to collect:
  /workdir/Twisted-22.10.0/src/twisted/conch/test/test_manhole.py
HINT: remove __pycache__ / .pyc files and/or use a unique basename for your test file modules</error></testcase><testcase classname="" name="src.twisted.conch.test.test_manhole_tap" time="0.000"><error message="collection failure">import file mismatch:
imported module 'twisted.conch.test.test_manhole_tap' has this __file__ attribute:
  /workdir/Twisted-22.10.0/.tox/cpythonlibtest-alldeps-nocov/lib/python3.10/site-packages/twisted/conch/test/test_manhole_tap.py
which is not the same as the test file we want to collect:
  /workdir/Twisted-22.10.0/src/twisted/conch/test/test_manhole_tap.py
HINT: remove __pycache__ / .pyc files and/or use a unique basename for your test file modules</error></testcase><testcase classname="" name="src.twisted.conch.test.test_mixin" time="0.000"><error message="collection failure">import file mismatch:
imported module 'twisted.conch.test.test_mixin' has this __file__ attribute:
  /workdir/Twisted-22.10.0/.tox/cpythonlibtest-alldeps-nocov/lib/python3.10/site-packages/twisted/conch/test/test_mixin.py
which is not the same as the test file we want to collect:
  /workdir/Twisted-22.10.0/src/twisted/conch/test/test_mixin.py
HINT: remove __pycache__ / .pyc files and/or use a unique basename for your test file modules</error></testcase><testcase classname="" name="src.twisted.conch.test.test_openssh_compat" time="0.000"><error message="collection failure">import file mismatch:
imported module 'twisted.conch.test.test_openssh_compat' has this __file__ attribute:
  /workdir/Twisted-22.10.0/.tox/cpythonlibtest-alldeps-nocov/lib/python3.10/site-packages/twisted/conch/test/test_openssh_compat.py
which is not the same as the test file we want to collect:
  /workdir/Twisted-22.10.0/src/twisted/conch/test/test_openssh_compat.py
HINT: remove __pycache__ / .pyc files and/or use a unique basename for your test file modules</error></testcase><testcase classname="" name="src.twisted.conch.test.test_recvline" time="0.000"><error message="collection failure">import file mismatch:
imported module 'twisted.conch.test.test_recvline' has this __file__ attribute:
  /workdir/Twisted-22.10.0/.tox/cpythonlibtest-alldeps-nocov/lib/python3.10/site-packages/twisted/conch/test/test_recvline.py
which is not the same as the test file we want to collect:
  /workdir/Twisted-22.10.0/src/twisted/conch/test/test_recvline.py
HINT: remove __pycache__ / .pyc files and/or use a unique basename for your test file modules</error></testcase><testcase classname="" name="src.twisted.conch.test.test_scripts" time="0.000"><error message="collection failure">import file mismatch:
imported module 'twisted.conch.test.test_scripts' has this __file__ attribute:
  /workdir/Twisted-22.10.0/.tox/cpythonlibtest-alldeps-nocov/lib/python3.10/site-packages/twisted/conch/test/test_scripts.py
which is not the same as the test file we want to collect:
  /workdir/Twisted-22.10.0/src/twisted/conch/test/test_scripts.py
HINT: remove __pycache__ / .pyc files and/or use a unique basename for your test file modules</error></testcase><testcase classname="" name="src.twisted.conch.test.test_session" time="0.000"><error message="collection failure">import file mismatch:
imported module 'twisted.conch.test.test_session' has this __file__ attribute:
  /workdir/Twisted-22.10.0/.tox/cpythonlibtest-alldeps-nocov/lib/python3.10/site-packages/twisted/conch/test/test_session.py
which is not the same as the test file we want to collect:
  /workdir/Twisted-22.10.0/src/twisted/conch/test/test_session.py
HINT: remove __pycache__ / .pyc files and/or use a unique basename for your test file modules</error></testcase><testcase classname="" name="src.twisted.conch.test.test_ssh" time="0.000"><error message="collection failure">import file mismatch:
imported module 'twisted.conch.test.test_ssh' has this __file__ attribute:
  /workdir/Twisted-22.10.0/.tox/cpythonlibtest-alldeps-nocov/lib/python3.10/site-packages/twisted/conch/test/test_ssh.py
which is not the same as the test file we want to collect:
  /workdir/Twisted-22.10.0/src/twisted/conch/test/test_ssh.py
HINT: remove __pycache__ / .pyc files and/or use a unique basename for your test file modules</error></testcase><testcase classname="" name="src.twisted.conch.test.test_tap" time="0.000"><error message="collection failure">import file mismatch:
imported module 'twisted.conch.test.test_tap' has this __file__ attribute:
  /workdir/Twisted-22.10.0/.tox/cpythonlibtest-alldeps-nocov/lib/python3.10/site-packages/twisted/conch/test/test_tap.py
which is not the same as the test file we want to collect:
  /workdir/Twisted-22.10.0/src/twisted/conch/test/test_tap.py
HINT: remove __pycache__ / .pyc files and/or use a unique basename for your test file modules</error></testcase><testcase classname="" name="src.twisted.conch.test.test_telnet" time="0.000"><error message="collection failure">import file mismatch:
imported module 'twisted.conch.test.test_telnet' has this __file__ attribute:
  /workdir/Twisted-22.10.0/.tox/cpythonlibtest-alldeps-nocov/lib/python3.10/site-packages/twisted/conch/test/test_telnet.py
which is not the same as the test file we want to collect:
  /workdir/Twisted-22.10.0/src/twisted/conch/test/test_telnet.py
HINT: remove __pycache__ / .pyc files and/or use a unique basename for your test file modules</error></testcase><testcase classname="" name="src.twisted.conch.test.test_text" time="0.000"><error message="collection failure">import file mismatch:
imported module 'twisted.conch.test.test_text' has this __file__ attribute:
  /workdir/Twisted-22.10.0/.tox/cpythonlibtest-alldeps-nocov/lib/python3.10/site-packages/twisted/conch/test/test_text.py
which is not the same as the test file we want to collect:
  /workdir/Twisted-22.10.0/src/twisted/conch/test/test_text.py
HINT: remove __pycache__ / .pyc files and/or use a unique basename for your test file modules</error></testcase><testcase classname="" name="src.twisted.conch.test.test_transport" time="0.000"><error message="collection failure">import file mismatch:
imported module 'twisted.conch.test.test_transport' has this __file__ attribute:
  /workdir/Twisted-22.10.0/.tox/cpythonlibtest-alldeps-nocov/lib/python3.10/site-packages/twisted/conch/test/test_transport.py
which is not the same as the test file we want to collect:
  /workdir/Twisted-22.10.0/src/twisted/conch/test/test_transport.py
HINT: remove __pycache__ / .pyc files and/or use a unique basename for your test file modules</error></testcase><testcase classname="" name="src.twisted.conch.test.test_unix" time="0.000"><error message="collection failure">import file mismatch:
imported module 'twisted.conch.test.test_unix' has this __file__ attribute:
  /workdir/Twisted-22.10.0/.tox/cpythonlibtest-alldeps-nocov/lib/python3.10/site-packages/twisted/conch/test/test_unix.py
which is not the same as the test file we want to collect:
  /workdir/Twisted-22.10.0/src/twisted/conch/test/test_unix.py
HINT: remove __pycache__ / .pyc files and/or use a unique basename for your test file modules</error></testcase><testcase classname="" name="src.twisted.conch.test.test_userauth" time="0.000"><error message="collection failure">import file mismatch:
imported module 'twisted.conch.test.test_userauth' has this __file__ attribute:
  /workdir/Twisted-22.10.0/.tox/cpythonlibtest-alldeps-nocov/lib/python3.10/site-packages/twisted/conch/test/test_userauth.py
which is not the same as the test file we want to collect:
  /workdir/Twisted-22.10.0/src/twisted/conch/test/test_userauth.py
HINT: remove __pycache__ / .pyc files and/or use a unique basename for your test file modules</error></testcase><testcase classname="" name="src.twisted.conch.test.test_window" time="0.000"><error message="collection failure">import file mismatch:
imported module 'twisted.conch.test.test_window' has this __file__ attribute:
  /workdir/Twisted-22.10.0/.tox/cpythonlibtest-alldeps-nocov/lib/python3.10/site-packages/twisted/conch/test/test_window.py
which is not the same as the test file we want to collect:
  /workdir/Twisted-22.10.0/src/twisted/conch/test/test_window.py
HINT: remove __pycache__ / .pyc files and/or use a unique basename for your test file modules</error></testcase><testcase classname="" name="src.twisted.cred.test.test_cramauth" time="0.000"><error message="collection failure">import file mismatch:
imported module 'twisted.cred.test.test_cramauth' has this __file__ attribute:
  /workdir/Twisted-22.10.0/.tox/cpythonlibtest-alldeps-nocov/lib/python3.10/site-packages/twisted/cred/test/test_cramauth.py
which is not the same as the test file we want to collect:
  /workdir/Twisted-22.10.0/src/twisted/cred/test/test_cramauth.py
HINT: remove __pycache__ / .pyc files and/or use a unique basename for your test file modules</error></testcase><testcase classname="" name="src.twisted.cred.test.test_cred" time="0.000"><error message="collection failure">import file mismatch:
imported module 'twisted.cred.test.test_cred' has this __file__ attribute:
  /workdir/Twisted-22.10.0/.tox/cpythonlibtest-alldeps-nocov/lib/python3.10/site-packages/twisted/cred/test/test_cred.py
which is not the same as the test file we want to collect:
  /workdir/Twisted-22.10.0/src/twisted/cred/test/test_cred.py
HINT: remove __pycache__ / .pyc files and/or use a unique basename for your test file modules</error></testcase><testcase classname="" name="src.twisted.cred.test.test_digestauth" time="0.000"><error message="collection failure">import file mismatch:
imported module 'twisted.cred.test.test_digestauth' has this __file__ attribute:
  /workdir/Twisted-22.10.0/.tox/cpythonlibtest-alldeps-nocov/lib/python3.10/site-packages/twisted/cred/test/test_digestauth.py
which is not the same as the test file we want to collect:
  /workdir/Twisted-22.10.0/src/twisted/cred/test/test_digestauth.py
HINT: remove __pycache__ / .pyc files and/or use a unique basename for your test file modules</error></testcase><testcase classname="" name="src.twisted.cred.test.test_simpleauth" time="0.000"><error message="collection failure">import file mismatch:
imported module 'twisted.cred.test.test_simpleauth' has this __file__ attribute:
  /workdir/Twisted-22.10.0/.tox/cpythonlibtest-alldeps-nocov/lib/python3.10/site-packages/twisted/cred/test/test_simpleauth.py
which is not the same as the test file we want to collect:
  /workdir/Twisted-22.10.0/src/twisted/cred/test/test_simpleauth.py
HINT: remove __pycache__ / .pyc files and/or use a unique basename for your test file modules</error></testcase><testcase classname="" name="src.twisted.cred.test.test_strcred" time="0.000"><error message="collection failure">import file mismatch:
imported module 'twisted.cred.test.test_strcred' has this __file__ attribute:
  /workdir/Twisted-22.10.0/.tox/cpythonlibtest-alldeps-nocov/lib/python3.10/site-packages/twisted/cred/test/test_strcred.py
which is not the same as the test file we want to collect:
  /workdir/Twisted-22.10.0/src/twisted/cred/test/test_strcred.py
HINT: remove __pycache__ / .pyc files and/or use a unique basename for your test file modules</error></testcase><testcase classname="" name="src.twisted.internet.test.test_abstract" time="0.000"><error message="collection failure">import file mismatch:
imported module 'twisted.internet.test.test_abstract' has this __file__ attribute:
  /workdir/Twisted-22.10.0/.tox/cpythonlibtest-alldeps-nocov/lib/python3.10/site-packages/twisted/internet/test/test_abstract.py
which is not the same as the test file we want to collect:
  /workdir/Twisted-22.10.0/src/twisted/internet/test/test_abstract.py
HINT: remove __pycache__ / .pyc files and/or use a unique basename for your test file modules</error></testcase><testcase classname="" name="src.twisted.internet.test.test_address" time="0.000"><error message="collection failure">import file mismatch:
imported module 'twisted.internet.test.test_address' has this __file__ attribute:
  /workdir/Twisted-22.10.0/.tox/cpythonlibtest-alldeps-nocov/lib/python3.10/site-packages/twisted/internet/test/test_address.py
which is not the same as the test file we want to collect:
  /workdir/Twisted-22.10.0/src/twisted/internet/test/test_address.py
HINT: remove __pycache__ / .pyc files and/or use a unique basename for your test file modules</error></testcase><testcase classname="" name="src.twisted.internet.test.test_asyncioreactor" time="0.000"><error message="collection failure">import file mismatch:
imported module 'twisted.internet.test.test_asyncioreactor' has this __file__ attribute:
  /workdir/Twisted-22.10.0/.tox/cpythonlibtest-alldeps-nocov/lib/python3.10/site-packages/twisted/internet/test/test_asyncioreactor.py
which is not the same as the test file we want to collect:
  /workdir/Twisted-22.10.0/src/twisted/internet/test/test_asyncioreactor.py
HINT: remove __pycache__ / .pyc files and/or use a unique basename for your test file modules</error></testcase><testcase classname="" name="src.twisted.internet.test.test_base" time="0.000"><error message="collection failure">import file mismatch:
imported module 'twisted.internet.test.test_base' has this __file__ attribute:
  /workdir/Twisted-22.10.0/.tox/cpythonlibtest-alldeps-nocov/lib/python3.10/site-packages/twisted/internet/test/test_base.py
which is not the same as the test file we want to collect:
  /workdir/Twisted-22.10.0/src/twisted/internet/test/test_base.py
HINT: remove __pycache__ / .pyc files and/or use a unique basename for your test file modules</error></testcase><testcase classname="" name="src.twisted.internet.test.test_baseprocess" time="0.000"><error message="collection failure">import file mismatch:
imported module 'twisted.internet.test.test_baseprocess' has this __file__ attribute:
  /workdir/Twisted-22.10.0/.tox/cpythonlibtest-alldeps-nocov/lib/python3.10/site-packages/twisted/internet/test/test_baseprocess.py
which is not the same as the test file we want to collect:
  /workdir/Twisted-22.10.0/src/twisted/internet/test/test_baseprocess.py
HINT: remove __pycache__ / .pyc files and/or use a unique basename for your test file modules</error></testcase><testcase classname="" name="src.twisted.internet.test.test_core" time="0.000"><error message="collection failure">import file mismatch:
imported module 'twisted.internet.test.test_core' has this __file__ attribute:
  /workdir/Twisted-22.10.0/.tox/cpythonlibtest-alldeps-nocov/lib/python3.10/site-packages/twisted/internet/test/test_core.py
which is not the same as the test file we want to collect:
  /workdir/Twisted-22.10.0/src/twisted/internet/test/test_core.py
HINT: remove __pycache__ / .pyc files and/or use a unique basename for your test file modules</error></testcase><testcase classname="" name="src.twisted.internet.test.test_default" time="0.000"><error message="collection failure">import file mismatch:
imported module 'twisted.internet.test.test_default' has this __file__ attribute:
  /workdir/Twisted-22.10.0/.tox/cpythonlibtest-alldeps-nocov/lib/python3.10/site-packages/twisted/internet/test/test_default.py
which is not the same as the test file we want to collect:
  /workdir/Twisted-22.10.0/src/twisted/internet/test/test_default.py
HINT: remove __pycache__ / .pyc files and/or use a unique basename for your test file modules</error></testcase><testcase classname="" name="src.twisted.internet.test.test_defer_await" time="0.000"><error message="collection failure">import file mismatch:
imported module 'twisted.internet.test.test_defer_await' has this __file__ attribute:
  /workdir/Twisted-22.10.0/.tox/cpythonlibtest-alldeps-nocov/lib/python3.10/site-packages/twisted/internet/test/test_defer_await.py
which is not the same as the test file we want to collect:
  /workdir/Twisted-22.10.0/src/twisted/internet/test/test_defer_await.py
HINT: remove __pycache__ / .pyc files and/or use a unique basename for your test file modules</error></testcase><testcase classname="" name="src.twisted.internet.test.test_defer_yieldfrom" time="0.000"><error message="collection failure">import file mismatch:
imported module 'twisted.internet.test.test_defer_yieldfrom' has this __file__ attribute:
  /workdir/Twisted-22.10.0/.tox/cpythonlibtest-alldeps-nocov/lib/python3.10/site-packages/twisted/internet/test/test_defer_yieldfrom.py
which is not the same as the test file we want to collect:
  /workdir/Twisted-22.10.0/src/twisted/internet/test/test_defer_yieldfrom.py
HINT: remove __pycache__ / .pyc files and/or use a unique basename for your test file modules</error></testcase><testcase classname="" name="src.twisted.internet.test.test_endpoints" time="0.000"><error message="collection failure">import file mismatch:
imported module 'twisted.internet.test.test_endpoints' has this __file__ attribute:
  /workdir/Twisted-22.10.0/.tox/cpythonlibtest-alldeps-nocov/lib/python3.10/site-packages/twisted/internet/test/test_endpoints.py
which is not the same as the test file we want to collect:
  /workdir/Twisted-22.10.0/src/twisted/internet/test/test_endpoints.py
HINT: remove __pycache__ / .pyc files and/or use a unique basename for your test file modules</error></testcase><testcase classname="" name="src.twisted.internet.test.test_epollreactor" time="0.000"><error message="collection failure">import file mismatch:
imported module 'twisted.internet.test.test_epollreactor' has this __file__ attribute:
  /workdir/Twisted-22.10.0/.tox/cpythonlibtest-alldeps-nocov/lib/python3.10/site-packages/twisted/internet/test/test_epollreactor.py
which is not the same as the test file we want to collect:
  /workdir/Twisted-22.10.0/src/twisted/internet/test/test_epollreactor.py
HINT: remove __pycache__ / .pyc files and/or use a unique basename for your test file modules</error></testcase><testcase classname="" name="src.twisted.internet.test.test_error" time="0.000"><error message="collection failure">import file mismatch:
imported module 'twisted.internet.test.test_error' has this __file__ attribute:
  /workdir/Twisted-22.10.0/.tox/cpythonlibtest-alldeps-nocov/lib/python3.10/site-packages/twisted/internet/test/test_error.py
which is not the same as the test file we want to collect:
  /workdir/Twisted-22.10.0/src/twisted/internet/test/test_error.py
HINT: remove __pycache__ / .pyc files and/or use a unique basename for your test file modules</error></testcase><testcase classname="" name="src.twisted.internet.test.test_fdset" time="0.000"><error message="collection failure">import file mismatch:
imported module 'twisted.internet.test.test_fdset' has this __file__ attribute:
  /workdir/Twisted-22.10.0/.tox/cpythonlibtest-alldeps-nocov/lib/python3.10/site-packages/twisted/internet/test/test_fdset.py
which is not the same as the test file we want to collect:
  /workdir/Twisted-22.10.0/src/twisted/internet/test/test_fdset.py
HINT: remove __pycache__ / .pyc files and/or use a unique basename for your test file modules</error></testcase><testcase classname="" name="src.twisted.internet.test.test_filedescriptor" time="0.000"><error message="collection failure">import file mismatch:
imported module 'twisted.internet.test.test_filedescriptor' has this __file__ attribute:
  /workdir/Twisted-22.10.0/.tox/cpythonlibtest-alldeps-nocov/lib/python3.10/site-packages/twisted/internet/test/test_filedescriptor.py
which is not the same as the test file we want to collect:
  /workdir/Twisted-22.10.0/src/twisted/internet/test/test_filedescriptor.py
HINT: remove __pycache__ / .pyc files and/or use a unique basename for your test file modules</error></testcase><testcase classname="" name="src.twisted.internet.test.test_gireactor" time="0.000"><error message="collection failure">import file mismatch:
imported module 'twisted.internet.test.test_gireactor' has this __file__ attribute:
  /workdir/Twisted-22.10.0/.tox/cpythonlibtest-alldeps-nocov/lib/python3.10/site-packages/twisted/internet/test/test_gireactor.py
which is not the same as the test file we want to collect:
  /workdir/Twisted-22.10.0/src/twisted/internet/test/test_gireactor.py
HINT: remove __pycache__ / .pyc files and/or use a unique basename for your test file modules</error></testcase><testcase classname="" name="src.twisted.internet.test.test_glibbase" time="0.000"><error message="collection failure">import file mismatch:
imported module 'twisted.internet.test.test_glibbase' has this __file__ attribute:
  /workdir/Twisted-22.10.0/.tox/cpythonlibtest-alldeps-nocov/lib/python3.10/site-packages/twisted/internet/test/test_glibbase.py
which is not the same as the test file we want to collect:
  /workdir/Twisted-22.10.0/src/twisted/internet/test/test_glibbase.py
HINT: remove __pycache__ / .pyc files and/or use a unique basename for your test file modules</error></testcase><testcase classname="" name="src.twisted.internet.test.test_inlinecb" time="0.000"><error message="collection failure">import file mismatch:
imported module 'twisted.internet.test.test_inlinecb' has this __file__ attribute:
  /workdir/Twisted-22.10.0/.tox/cpythonlibtest-alldeps-nocov/lib/python3.10/site-packages/twisted/internet/test/test_inlinecb.py
which is not the same as the test file we want to collect:
  /workdir/Twisted-22.10.0/src/twisted/internet/test/test_inlinecb.py
HINT: remove __pycache__ / .pyc files and/or use a unique basename for your test file modules</error></testcase><testcase classname="" name="src.twisted.internet.test.test_inotify" time="0.000"><error message="collection failure">import file mismatch:
imported module 'twisted.internet.test.test_inotify' has this __file__ attribute:
  /workdir/Twisted-22.10.0/.tox/cpythonlibtest-alldeps-nocov/lib/python3.10/site-packages/twisted/internet/test/test_inotify.py
which is not the same as the test file we want to collect:
  /workdir/Twisted-22.10.0/src/twisted/internet/test/test_inotify.py
HINT: remove __pycache__ / .pyc files and/or use a unique basename for your test file modules</error></testcase><testcase classname="" name="src.twisted.internet.test.test_iocp" time="0.000"><error message="collection failure">import file mismatch:
imported module 'twisted.internet.test.test_iocp' has this __file__ attribute:
  /workdir/Twisted-22.10.0/.tox/cpythonlibtest-alldeps-nocov/lib/python3.10/site-packages/twisted/internet/test/test_iocp.py
which is not the same as the test file we want to collect:
  /workdir/Twisted-22.10.0/src/twisted/internet/test/test_iocp.py
HINT: remove __pycache__ / .pyc files and/or use a unique basename for your test file modules</error></testcase><testcase classname="" name="src.twisted.internet.test.test_kqueuereactor" time="0.000"><error message="collection failure">import file mismatch:
imported module 'twisted.internet.test.test_kqueuereactor' has this __file__ attribute:
  /workdir/Twisted-22.10.0/.tox/cpythonlibtest-alldeps-nocov/lib/python3.10/site-packages/twisted/internet/test/test_kqueuereactor.py
which is not the same as the test file we want to collect:
  /workdir/Twisted-22.10.0/src/twisted/internet/test/test_kqueuereactor.py
HINT: remove __pycache__ / .pyc files and/or use a unique basename for your test file modules</error></testcase><testcase classname="" name="src.twisted.internet.test.test_main" time="0.000"><error message="collection failure">import file mismatch:
imported module 'twisted.internet.test.test_main' has this __file__ attribute:
  /workdir/Twisted-22.10.0/.tox/cpythonlibtest-alldeps-nocov/lib/python3.10/site-packages/twisted/internet/test/test_main.py
which is not the same as the test file we want to collect:
  /workdir/Twisted-22.10.0/src/twisted/internet/test/test_main.py
HINT: remove __pycache__ / .pyc files and/or use a unique basename for your test file modules</error></testcase><testcase classname="" name="src.twisted.internet.test.test_newtls" time="0.000"><error message="collection failure">ImportError while importing test module '/workdir/Twisted-22.10.0/src/twisted/internet/test/test_newtls.py'.
Hint: make sure your test modules/packages have valid Python names.
Traceback:
/usr/local/lib/python3.10/importlib/__init__.py:126: in import_module
    return _bootstrap._gcd_import(name[level:], package, level)
.tox/cpythonlibtest-alldeps-nocov/lib/python3.10/site-packages/twisted/internet/test/test_newtls.py:10: in &lt;module&gt;
    from twisted.internet.test.connectionmixins import (
.tox/cpythonlibtest-alldeps-nocov/lib/python3.10/site-packages/twisted/internet/test/connectionmixins.py:25: in &lt;module&gt;
    from twisted.test.test_tcp import ClosingProtocol
.tox/cpythonlibtest-alldeps-nocov/lib/python3.10/site-packages/twisted/test/test_tcp.py:18: in &lt;module&gt;
    import hamcrest
E   ModuleNotFoundError: No module named 'hamcrest'</error></testcase><testcase classname="" name="src.twisted.internet.test.test_pollingfile" time="0.000"><error message="collection failure">import file mismatch:
imported module 'twisted.internet.test.test_pollingfile' has this __file__ attribute:
  /workdir/Twisted-22.10.0/.tox/cpythonlibtest-alldeps-nocov/lib/python3.10/site-packages/twisted/internet/test/test_pollingfile.py
which is not the same as the test file we want to collect:
  /workdir/Twisted-22.10.0/src/twisted/internet/test/test_pollingfile.py
HINT: remove __pycache__ / .pyc files and/or use a unique basename for your test file modules</error></testcase><testcase classname="" name="src.twisted.internet.test.test_posixbase" time="0.000"><error message="collection failure">import file mismatch:
imported module 'twisted.internet.test.test_posixbase' has this __file__ attribute:
  /workdir/Twisted-22.10.0/.tox/cpythonlibtest-alldeps-nocov/lib/python3.10/site-packages/twisted/internet/test/test_posixbase.py
which is not the same as the test file we want to collect:
  /workdir/Twisted-22.10.0/src/twisted/internet/test/test_posixbase.py
HINT: remove __pycache__ / .pyc files and/or use a unique basename for your test file modules</error></testcase><testcase classname="" name="src.twisted.internet.test.test_posixprocess" time="0.000"><error message="collection failure">import file mismatch:
imported module 'twisted.internet.test.test_posixprocess' has this __file__ attribute:
  /workdir/Twisted-22.10.0/.tox/cpythonlibtest-alldeps-nocov/lib/python3.10/site-packages/twisted/internet/test/test_posixprocess.py
which is not the same as the test file we want to collect:
  /workdir/Twisted-22.10.0/src/twisted/internet/test/test_posixprocess.py
HINT: remove __pycache__ / .pyc files and/or use a unique basename for your test file modules</error></testcase><testcase classname="" name="src.twisted.internet.test.test_process" time="0.000"><error message="collection failure">ImportError while importing test module '/workdir/Twisted-22.10.0/src/twisted/internet/test/test_process.py'.
Hint: make sure your test modules/packages have valid Python names.
Traceback:
/usr/local/lib/python3.10/importlib/__init__.py:126: in import_module
    return _bootstrap._gcd_import(name[level:], package, level)
.tox/cpythonlibtest-alldeps-nocov/lib/python3.10/site-packages/twisted/internet/test/test_process.py:20: in &lt;module&gt;
    import hamcrest
E   ModuleNotFoundError: No module named 'hamcrest'</error></testcase><testcase classname="" name="src.twisted.internet.test.test_protocol" time="0.000"><error message="collection failure">import file mismatch:
imported module 'twisted.internet.test.test_protocol' has this __file__ attribute:
  /workdir/Twisted-22.10.0/.tox/cpythonlibtest-alldeps-nocov/lib/python3.10/site-packages/twisted/internet/test/test_protocol.py
which is not the same as the test file we want to collect:
  /workdir/Twisted-22.10.0/src/twisted/internet/test/test_protocol.py
HINT: remove __pycache__ / .pyc files and/or use a unique basename for your test file modules</error></testcase><testcase classname="" name="src.twisted.internet.test.test_resolver" time="0.000"><error message="collection failure">import file mismatch:
imported module 'twisted.internet.test.test_resolver' has this __file__ attribute:
  /workdir/Twisted-22.10.0/.tox/cpythonlibtest-alldeps-nocov/lib/python3.10/site-packages/twisted/internet/test/test_resolver.py
which is not the same as the test file we want to collect:
  /workdir/Twisted-22.10.0/src/twisted/internet/test/test_resolver.py
HINT: remove __pycache__ / .pyc files and/or use a unique basename for your test file modules</error></testcase><testcase classname="" name="src.twisted.internet.test.test_serialport" time="0.000"><error message="collection failure">import file mismatch:
imported module 'twisted.internet.test.test_serialport' has this __file__ attribute:
  /workdir/Twisted-22.10.0/.tox/cpythonlibtest-alldeps-nocov/lib/python3.10/site-packages/twisted/internet/test/test_serialport.py
which is not the same as the test file we want to collect:
  /workdir/Twisted-22.10.0/src/twisted/internet/test/test_serialport.py
HINT: remove __pycache__ / .pyc files and/or use a unique basename for your test file modules</error></testcase><testcase classname="" name="src.twisted.internet.test.test_sigchld" time="0.000"><error message="collection failure">import file mismatch:
imported module 'twisted.internet.test.test_sigchld' has this __file__ attribute:
  /workdir/Twisted-22.10.0/.tox/cpythonlibtest-alldeps-nocov/lib/python3.10/site-packages/twisted/internet/test/test_sigchld.py
which is not the same as the test file we want to collect:
  /workdir/Twisted-22.10.0/src/twisted/internet/test/test_sigchld.py
HINT: remove __pycache__ / .pyc files and/or use a unique basename for your test file modules</error></testcase><testcase classname="" name="src.twisted.internet.test.test_socket" time="0.000"><error message="collection failure">import file mismatch:
imported module 'twisted.internet.test.test_socket' has this __file__ attribute:
  /workdir/Twisted-22.10.0/.tox/cpythonlibtest-alldeps-nocov/lib/python3.10/site-packages/twisted/internet/test/test_socket.py
which is not the same as the test file we want to collect:
  /workdir/Twisted-22.10.0/src/twisted/internet/test/test_socket.py
HINT: remove __pycache__ / .pyc files and/or use a unique basename for your test file modules</error></testcase><testcase classname="" name="src.twisted.internet.test.test_stdio" time="0.000"><error message="collection failure">import file mismatch:
imported module 'twisted.internet.test.test_stdio' has this __file__ attribute:
  /workdir/Twisted-22.10.0/.tox/cpythonlibtest-alldeps-nocov/lib/python3.10/site-packages/twisted/internet/test/test_stdio.py
which is not the same as the test file we want to collect:
  /workdir/Twisted-22.10.0/src/twisted/internet/test/test_stdio.py
HINT: remove __pycache__ / .pyc files and/or use a unique basename for your test file modules</error></testcase><testcase classname="" name="src.twisted.internet.test.test_tcp" time="0.000"><error message="collection failure">ImportError while importing test module '/workdir/Twisted-22.10.0/src/twisted/internet/test/test_tcp.py'.
Hint: make sure your test modules/packages have valid Python names.
Traceback:
/usr/local/lib/python3.10/importlib/__init__.py:126: in import_module
    return _bootstrap._gcd_import(name[level:], package, level)
.tox/cpythonlibtest-alldeps-nocov/lib/python3.10/site-packages/twisted/internet/test/test_tcp.py:68: in &lt;module&gt;
    from twisted.internet.test.connectionmixins import (
.tox/cpythonlibtest-alldeps-nocov/lib/python3.10/site-packages/twisted/internet/test/connectionmixins.py:25: in &lt;module&gt;
    from twisted.test.test_tcp import ClosingProtocol
.tox/cpythonlibtest-alldeps-nocov/lib/python3.10/site-packages/twisted/test/test_tcp.py:18: in &lt;module&gt;
    import hamcrest
E   ModuleNotFoundError: No module named 'hamcrest'</error></testcase><testcase classname="" name="src.twisted.internet.test.test_testing" time="0.000"><error message="collection failure">import file mismatch:
imported module 'twisted.internet.test.test_testing' has this __file__ attribute:
  /workdir/Twisted-22.10.0/.tox/cpythonlibtest-alldeps-nocov/lib/python3.10/site-packages/twisted/internet/test/test_testing.py
which is not the same as the test file we want to collect:
  /workdir/Twisted-22.10.0/src/twisted/internet/test/test_testing.py
HINT: remove __pycache__ / .pyc files and/or use a unique basename for your test file modules</error></testcase><testcase classname="" name="src.twisted.internet.test.test_threads" time="0.000"><error message="collection failure">import file mismatch:
imported module 'twisted.internet.test.test_threads' has this __file__ attribute:
  /workdir/Twisted-22.10.0/.tox/cpythonlibtest-alldeps-nocov/lib/python3.10/site-packages/twisted/internet/test/test_threads.py
which is not the same as the test file we want to collect:
  /workdir/Twisted-22.10.0/src/twisted/internet/test/test_threads.py
HINT: remove __pycache__ / .pyc files and/or use a unique basename for your test file modules</error></testcase><testcase classname="" name="src.twisted.internet.test.test_time" time="0.000"><error message="collection failure">import file mismatch:
imported module 'twisted.internet.test.test_time' has this __file__ attribute:
  /workdir/Twisted-22.10.0/.tox/cpythonlibtest-alldeps-nocov/lib/python3.10/site-packages/twisted/internet/test/test_time.py
which is not the same as the test file we want to collect:
  /workdir/Twisted-22.10.0/src/twisted/internet/test/test_time.py
HINT: remove __pycache__ / .pyc files and/or use a unique basename for your test file modules</error></testcase><testcase classname="" name="src.twisted.internet.test.test_tls" time="0.000"><error message="collection failure">ImportError while importing test module '/workdir/Twisted-22.10.0/src/twisted/internet/test/test_tls.py'.
Hint: make sure your test modules/packages have valid Python names.
Traceback:
/usr/local/lib/python3.10/importlib/__init__.py:126: in import_module
    return _bootstrap._gcd_import(name[level:], package, level)
.tox/cpythonlibtest-alldeps-nocov/lib/python3.10/site-packages/twisted/internet/test/test_tls.py:27: in &lt;module&gt;
    from twisted.internet.test.connectionmixins import (
.tox/cpythonlibtest-alldeps-nocov/lib/python3.10/site-packages/twisted/internet/test/connectionmixins.py:25: in &lt;module&gt;
    from twisted.test.test_tcp import ClosingProtocol
.tox/cpythonlibtest-alldeps-nocov/lib/python3.10/site-packages/twisted/test/test_tcp.py:18: in &lt;module&gt;
    import hamcrest
E   ModuleNotFoundError: No module named 'hamcrest'</error></testcase><testcase classname="" name="src.twisted.internet.test.test_udp" time="0.000"><error message="collection failure">ImportError while importing test module '/workdir/Twisted-22.10.0/src/twisted/internet/test/test_udp.py'.
Hint: make sure your test modules/packages have valid Python names.
Traceback:
/usr/local/lib/python3.10/importlib/__init__.py:126: in import_module
    return _bootstrap._gcd_import(name[level:], package, level)
.tox/cpythonlibtest-alldeps-nocov/lib/python3.10/site-packages/twisted/internet/test/test_udp.py:25: in &lt;module&gt;
    from twisted.internet.test.connectionmixins import LogObserverMixin, findFreePort
.tox/cpythonlibtest-alldeps-nocov/lib/python3.10/site-packages/twisted/internet/test/connectionmixins.py:25: in &lt;module&gt;
    from twisted.test.test_tcp import ClosingProtocol
.tox/cpythonlibtest-alldeps-nocov/lib/python3.10/site-packages/twisted/test/test_tcp.py:18: in &lt;module&gt;
    import hamcrest
E   ModuleNotFoundError: No module named 'hamcrest'</error></testcase><testcase classname="" name="src.twisted.internet.test.test_udp_internals" time="0.000"><error message="collection failure">import file mismatch:
imported module 'twisted.internet.test.test_udp_internals' has this __file__ attribute:
  /workdir/Twisted-22.10.0/.tox/cpythonlibtest-alldeps-nocov/lib/python3.10/site-packages/twisted/internet/test/test_udp_internals.py
which is not the same as the test file we want to collect:
  /workdir/Twisted-22.10.0/src/twisted/internet/test/test_udp_internals.py
HINT: remove __pycache__ / .pyc files and/or use a unique basename for your test file modules</error></testcase><testcase classname="" name="src.twisted.internet.test.test_unix" time="0.000"><error message="collection failure">ImportError while importing test module '/workdir/Twisted-22.10.0/src/twisted/internet/test/test_unix.py'.
Hint: make sure your test modules/packages have valid Python names.
Traceback:
/usr/local/lib/python3.10/importlib/__init__.py:126: in import_module
    return _bootstrap._gcd_import(name[level:], package, level)
.tox/cpythonlibtest-alldeps-nocov/lib/python3.10/site-packages/twisted/internet/test/test_unix.py:45: in &lt;module&gt;
    from twisted.internet.test.connectionmixins import (
.tox/cpythonlibtest-alldeps-nocov/lib/python3.10/site-packages/twisted/internet/test/connectionmixins.py:25: in &lt;module&gt;
    from twisted.test.test_tcp import ClosingProtocol
.tox/cpythonlibtest-alldeps-nocov/lib/python3.10/site-packages/twisted/test/test_tcp.py:18: in &lt;module&gt;
    import hamcrest
E   ModuleNotFoundError: No module named 'hamcrest'</error></testcase><testcase classname="" name="src.twisted.internet.test.test_win32events" time="0.000"><error message="collection failure">import file mismatch:
imported module 'twisted.internet.test.test_win32events' has this __file__ attribute:
  /workdir/Twisted-22.10.0/.tox/cpythonlibtest-alldeps-nocov/lib/python3.10/site-packages/twisted/internet/test/test_win32events.py
which is not the same as the test file we want to collect:
  /workdir/Twisted-22.10.0/src/twisted/internet/test/test_win32events.py
HINT: remove __pycache__ / .pyc files and/or use a unique basename for your test file modules</error></testcase><testcase classname="" name="src.twisted.internet.test.test_win32serialport" time="0.000"><error message="collection failure">import file mismatch:
imported module 'twisted.internet.test.test_win32serialport' has this __file__ attribute:
  /workdir/Twisted-22.10.0/.tox/cpythonlibtest-alldeps-nocov/lib/python3.10/site-packages/twisted/internet/test/test_win32serialport.py
which is not the same as the test file we want to collect:
  /workdir/Twisted-22.10.0/src/twisted/internet/test/test_win32serialport.py
HINT: remove __pycache__ / .pyc files and/or use a unique basename for your test file modules</error></testcase><testcase classname="" name="src.twisted.logger.test.test_buffer" time="0.000"><error message="collection failure">import file mismatch:
imported module 'twisted.logger.test.test_buffer' has this __file__ attribute:
  /workdir/Twisted-22.10.0/.tox/cpythonlibtest-alldeps-nocov/lib/python3.10/site-packages/twisted/logger/test/test_buffer.py
which is not the same as the test file we want to collect:
  /workdir/Twisted-22.10.0/src/twisted/logger/test/test_buffer.py
HINT: remove __pycache__ / .pyc files and/or use a unique basename for your test file modules</error></testcase><testcase classname="" name="src.twisted.logger.test.test_capture" time="0.000"><error message="collection failure">import file mismatch:
imported module 'twisted.logger.test.test_capture' has this __file__ attribute:
  /workdir/Twisted-22.10.0/.tox/cpythonlibtest-alldeps-nocov/lib/python3.10/site-packages/twisted/logger/test/test_capture.py
which is not the same as the test file we want to collect:
  /workdir/Twisted-22.10.0/src/twisted/logger/test/test_capture.py
HINT: remove __pycache__ / .pyc files and/or use a unique basename for your test file modules</error></testcase><testcase classname="" name="src.twisted.logger.test.test_file" time="0.000"><error message="collection failure">import file mismatch:
imported module 'twisted.logger.test.test_file' has this __file__ attribute:
  /workdir/Twisted-22.10.0/.tox/cpythonlibtest-alldeps-nocov/lib/python3.10/site-packages/twisted/logger/test/test_file.py
which is not the same as the test file we want to collect:
  /workdir/Twisted-22.10.0/src/twisted/logger/test/test_file.py
HINT: remove __pycache__ / .pyc files and/or use a unique basename for your test file modules</error></testcase><testcase classname="" name="src.twisted.logger.test.test_filter" time="0.000"><error message="collection failure">import file mismatch:
imported module 'twisted.logger.test.test_filter' has this __file__ attribute:
  /workdir/Twisted-22.10.0/.tox/cpythonlibtest-alldeps-nocov/lib/python3.10/site-packages/twisted/logger/test/test_filter.py
which is not the same as the test file we want to collect:
  /workdir/Twisted-22.10.0/src/twisted/logger/test/test_filter.py
HINT: remove __pycache__ / .pyc files and/or use a unique basename for your test file modules</error></testcase><testcase classname="" name="src.twisted.logger.test.test_flatten" time="0.000"><error message="collection failure">import file mismatch:
imported module 'twisted.logger.test.test_flatten' has this __file__ attribute:
  /workdir/Twisted-22.10.0/.tox/cpythonlibtest-alldeps-nocov/lib/python3.10/site-packages/twisted/logger/test/test_flatten.py
which is not the same as the test file we want to collect:
  /workdir/Twisted-22.10.0/src/twisted/logger/test/test_flatten.py
HINT: remove __pycache__ / .pyc files and/or use a unique basename for your test file modules</error></testcase><testcase classname="" name="src.twisted.logger.test.test_format" time="0.000"><error message="collection failure">import file mismatch:
imported module 'twisted.logger.test.test_format' has this __file__ attribute:
  /workdir/Twisted-22.10.0/.tox/cpythonlibtest-alldeps-nocov/lib/python3.10/site-packages/twisted/logger/test/test_format.py
which is not the same as the test file we want to collect:
  /workdir/Twisted-22.10.0/src/twisted/logger/test/test_format.py
HINT: remove __pycache__ / .pyc files and/or use a unique basename for your test file modules</error></testcase><testcase classname="" name="src.twisted.logger.test.test_global" time="0.000"><error message="collection failure">import file mismatch:
imported module 'twisted.logger.test.test_global' has this __file__ attribute:
  /workdir/Twisted-22.10.0/.tox/cpythonlibtest-alldeps-nocov/lib/python3.10/site-packages/twisted/logger/test/test_global.py
which is not the same as the test file we want to collect:
  /workdir/Twisted-22.10.0/src/twisted/logger/test/test_global.py
HINT: remove __pycache__ / .pyc files and/or use a unique basename for your test file modules</error></testcase><testcase classname="" name="src.twisted.logger.test.test_io" time="0.000"><error message="collection failure">import file mismatch:
imported module 'twisted.logger.test.test_io' has this __file__ attribute:
  /workdir/Twisted-22.10.0/.tox/cpythonlibtest-alldeps-nocov/lib/python3.10/site-packages/twisted/logger/test/test_io.py
which is not the same as the test file we want to collect:
  /workdir/Twisted-22.10.0/src/twisted/logger/test/test_io.py
HINT: remove __pycache__ / .pyc files and/or use a unique basename for your test file modules</error></testcase><testcase classname="" name="src.twisted.logger.test.test_json" time="0.000"><error message="collection failure">import file mismatch:
imported module 'twisted.logger.test.test_json' has this __file__ attribute:
  /workdir/Twisted-22.10.0/.tox/cpythonlibtest-alldeps-nocov/lib/python3.10/site-packages/twisted/logger/test/test_json.py
which is not the same as the test file we want to collect:
  /workdir/Twisted-22.10.0/src/twisted/logger/test/test_json.py
HINT: remove __pycache__ / .pyc files and/or use a unique basename for your test file modules</error></testcase><testcase classname="" name="src.twisted.logger.test.test_legacy" time="0.000"><error message="collection failure">import file mismatch:
imported module 'twisted.logger.test.test_legacy' has this __file__ attribute:
  /workdir/Twisted-22.10.0/.tox/cpythonlibtest-alldeps-nocov/lib/python3.10/site-packages/twisted/logger/test/test_legacy.py
which is not the same as the test file we want to collect:
  /workdir/Twisted-22.10.0/src/twisted/logger/test/test_legacy.py
HINT: remove __pycache__ / .pyc files and/or use a unique basename for your test file modules</error></testcase><testcase classname="" name="src.twisted.logger.test.test_levels" time="0.000"><error message="collection failure">import file mismatch:
imported module 'twisted.logger.test.test_levels' has this __file__ attribute:
  /workdir/Twisted-22.10.0/.tox/cpythonlibtest-alldeps-nocov/lib/python3.10/site-packages/twisted/logger/test/test_levels.py
which is not the same as the test file we want to collect:
  /workdir/Twisted-22.10.0/src/twisted/logger/test/test_levels.py
HINT: remove __pycache__ / .pyc files and/or use a unique basename for your test file modules</error></testcase><testcase classname="" name="src.twisted.logger.test.test_logger" time="0.000"><error message="collection failure">import file mismatch:
imported module 'twisted.logger.test.test_logger' has this __file__ attribute:
  /workdir/Twisted-22.10.0/.tox/cpythonlibtest-alldeps-nocov/lib/python3.10/site-packages/twisted/logger/test/test_logger.py
which is not the same as the test file we want to collect:
  /workdir/Twisted-22.10.0/src/twisted/logger/test/test_logger.py
HINT: remove __pycache__ / .pyc files and/or use a unique basename for your test file modules</error></testcase><testcase classname="" name="src.twisted.logger.test.test_observer" time="0.000"><error message="collection failure">import file mismatch:
imported module 'twisted.logger.test.test_observer' has this __file__ attribute:
  /workdir/Twisted-22.10.0/.tox/cpythonlibtest-alldeps-nocov/lib/python3.10/site-packages/twisted/logger/test/test_observer.py
which is not the same as the test file we want to collect:
  /workdir/Twisted-22.10.0/src/twisted/logger/test/test_observer.py
HINT: remove __pycache__ / .pyc files and/or use a unique basename for your test file modules</error></testcase><testcase classname="" name="src.twisted.logger.test.test_stdlib" time="0.000"><error message="collection failure">import file mismatch:
imported module 'twisted.logger.test.test_stdlib' has this __file__ attribute:
  /workdir/Twisted-22.10.0/.tox/cpythonlibtest-alldeps-nocov/lib/python3.10/site-packages/twisted/logger/test/test_stdlib.py
which is not the same as the test file we want to collect:
  /workdir/Twisted-22.10.0/src/twisted/logger/test/test_stdlib.py
HINT: remove __pycache__ / .pyc files and/or use a unique basename for your test file modules</error></testcase><testcase classname="" name="src.twisted.logger.test.test_util" time="0.000"><error message="collection failure">import file mismatch:
imported module 'twisted.logger.test.test_util' has this __file__ attribute:
  /workdir/Twisted-22.10.0/.tox/cpythonlibtest-alldeps-nocov/lib/python3.10/site-packages/twisted/logger/test/test_util.py
which is not the same as the test file we want to collect:
  /workdir/Twisted-22.10.0/src/twisted/logger/test/test_util.py
HINT: remove __pycache__ / .pyc files and/or use a unique basename for your test file modules</error></testcase><testcase classname="" name="src.twisted.mail.test.test_bounce" time="0.000"><error message="collection failure">import file mismatch:
imported module 'twisted.mail.test.test_bounce' has this __file__ attribute:
  /workdir/Twisted-22.10.0/.tox/cpythonlibtest-alldeps-nocov/lib/python3.10/site-packages/twisted/mail/test/test_bounce.py
which is not the same as the test file we want to collect:
  /workdir/Twisted-22.10.0/src/twisted/mail/test/test_bounce.py
HINT: remove __pycache__ / .pyc files and/or use a unique basename for your test file modules</error></testcase><testcase classname="" name="src.twisted.mail.test.test_imap" time="0.000"><error message="collection failure">import file mismatch:
imported module 'twisted.mail.test.test_imap' has this __file__ attribute:
  /workdir/Twisted-22.10.0/.tox/cpythonlibtest-alldeps-nocov/lib/python3.10/site-packages/twisted/mail/test/test_imap.py
which is not the same as the test file we want to collect:
  /workdir/Twisted-22.10.0/src/twisted/mail/test/test_imap.py
HINT: remove __pycache__ / .pyc files and/or use a unique basename for your test file modules</error></testcase><testcase classname="" name="src.twisted.mail.test.test_mail" time="0.000"><error message="collection failure">import file mismatch:
imported module 'twisted.mail.test.test_mail' has this __file__ attribute:
  /workdir/Twisted-22.10.0/.tox/cpythonlibtest-alldeps-nocov/lib/python3.10/site-packages/twisted/mail/test/test_mail.py
which is not the same as the test file we want to collect:
  /workdir/Twisted-22.10.0/src/twisted/mail/test/test_mail.py
HINT: remove __pycache__ / .pyc files and/or use a unique basename for your test file modules</error></testcase><testcase classname="" name="src.twisted.mail.test.test_mailmail" time="0.000"><error message="collection failure">import file mismatch:
imported module 'twisted.mail.test.test_mailmail' has this __file__ attribute:
  /workdir/Twisted-22.10.0/.tox/cpythonlibtest-alldeps-nocov/lib/python3.10/site-packages/twisted/mail/test/test_mailmail.py
which is not the same as the test file we want to collect:
  /workdir/Twisted-22.10.0/src/twisted/mail/test/test_mailmail.py
HINT: remove __pycache__ / .pyc files and/or use a unique basename for your test file modules</error></testcase><testcase classname="" name="src.twisted.mail.test.test_options" time="0.000"><error message="collection failure">import file mismatch:
imported module 'twisted.mail.test.test_options' has this __file__ attribute:
  /workdir/Twisted-22.10.0/.tox/cpythonlibtest-alldeps-nocov/lib/python3.10/site-packages/twisted/mail/test/test_options.py
which is not the same as the test file we want to collect:
  /workdir/Twisted-22.10.0/src/twisted/mail/test/test_options.py
HINT: remove __pycache__ / .pyc files and/or use a unique basename for your test file modules</error></testcase><testcase classname="" name="src.twisted.mail.test.test_pop3" time="0.000"><error message="collection failure">import file mismatch:
imported module 'twisted.mail.test.test_pop3' has this __file__ attribute:
  /workdir/Twisted-22.10.0/.tox/cpythonlibtest-alldeps-nocov/lib/python3.10/site-packages/twisted/mail/test/test_pop3.py
which is not the same as the test file we want to collect:
  /workdir/Twisted-22.10.0/src/twisted/mail/test/test_pop3.py
HINT: remove __pycache__ / .pyc files and/or use a unique basename for your test file modules</error></testcase><testcase classname="" name="src.twisted.mail.test.test_pop3client" time="0.000"><error message="collection failure">import file mismatch:
imported module 'twisted.mail.test.test_pop3client' has this __file__ attribute:
  /workdir/Twisted-22.10.0/.tox/cpythonlibtest-alldeps-nocov/lib/python3.10/site-packages/twisted/mail/test/test_pop3client.py
which is not the same as the test file we want to collect:
  /workdir/Twisted-22.10.0/src/twisted/mail/test/test_pop3client.py
HINT: remove __pycache__ / .pyc files and/or use a unique basename for your test file modules</error></testcase><testcase classname="" name="src.twisted.mail.test.test_scripts" time="0.000"><error message="collection failure">import file mismatch:
imported module 'twisted.mail.test.test_scripts' has this __file__ attribute:
  /workdir/Twisted-22.10.0/.tox/cpythonlibtest-alldeps-nocov/lib/python3.10/site-packages/twisted/mail/test/test_scripts.py
which is not the same as the test file we want to collect:
  /workdir/Twisted-22.10.0/src/twisted/mail/test/test_scripts.py
HINT: remove __pycache__ / .pyc files and/or use a unique basename for your test file modules</error></testcase><testcase classname="" name="src.twisted.mail.test.test_smtp" time="0.000"><error message="collection failure">import file mismatch:
imported module 'twisted.mail.test.test_smtp' has this __file__ attribute:
  /workdir/Twisted-22.10.0/.tox/cpythonlibtest-alldeps-nocov/lib/python3.10/site-packages/twisted/mail/test/test_smtp.py
which is not the same as the test file we want to collect:
  /workdir/Twisted-22.10.0/src/twisted/mail/test/test_smtp.py
HINT: remove __pycache__ / .pyc files and/or use a unique basename for your test file modules</error></testcase><testcase classname="" name="src.twisted.names.test.test_cache" time="0.000"><error message="collection failure">import file mismatch:
imported module 'twisted.names.test.test_cache' has this __file__ attribute:
  /workdir/Twisted-22.10.0/.tox/cpythonlibtest-alldeps-nocov/lib/python3.10/site-packages/twisted/names/test/test_cache.py
which is not the same as the test file we want to collect:
  /workdir/Twisted-22.10.0/src/twisted/names/test/test_cache.py
HINT: remove __pycache__ / .pyc files and/or use a unique basename for your test file modules</error></testcase><testcase classname="" name="src.twisted.names.test.test_client" time="0.000"><error message="collection failure">import file mismatch:
imported module 'twisted.names.test.test_client' has this __file__ attribute:
  /workdir/Twisted-22.10.0/.tox/cpythonlibtest-alldeps-nocov/lib/python3.10/site-packages/twisted/names/test/test_client.py
which is not the same as the test file we want to collect:
  /workdir/Twisted-22.10.0/src/twisted/names/test/test_client.py
HINT: remove __pycache__ / .pyc files and/or use a unique basename for your test file modules</error></testcase><testcase classname="" name="src.twisted.names.test.test_common" time="0.000"><error message="collection failure">import file mismatch:
imported module 'twisted.names.test.test_common' has this __file__ attribute:
  /workdir/Twisted-22.10.0/.tox/cpythonlibtest-alldeps-nocov/lib/python3.10/site-packages/twisted/names/test/test_common.py
which is not the same as the test file we want to collect:
  /workdir/Twisted-22.10.0/src/twisted/names/test/test_common.py
HINT: remove __pycache__ / .pyc files and/or use a unique basename for your test file modules</error></testcase><testcase classname="" name="src.twisted.names.test.test_dns" time="0.000"><error message="collection failure">import file mismatch:
imported module 'twisted.names.test.test_dns' has this __file__ attribute:
  /workdir/Twisted-22.10.0/.tox/cpythonlibtest-alldeps-nocov/lib/python3.10/site-packages/twisted/names/test/test_dns.py
which is not the same as the test file we want to collect:
  /workdir/Twisted-22.10.0/src/twisted/names/test/test_dns.py
HINT: remove __pycache__ / .pyc files and/or use a unique basename for your test file modules</error></testcase><testcase classname="" name="src.twisted.names.test.test_examples" time="0.000"><error message="collection failure">import file mismatch:
imported module 'twisted.names.test.test_examples' has this __file__ attribute:
  /workdir/Twisted-22.10.0/.tox/cpythonlibtest-alldeps-nocov/lib/python3.10/site-packages/twisted/names/test/test_examples.py
which is not the same as the test file we want to collect:
  /workdir/Twisted-22.10.0/src/twisted/names/test/test_examples.py
HINT: remove __pycache__ / .pyc files and/or use a unique basename for your test file modules</error></testcase><testcase classname="" name="src.twisted.names.test.test_hosts" time="0.000"><error message="collection failure">import file mismatch:
imported module 'twisted.names.test.test_hosts' has this __file__ attribute:
  /workdir/Twisted-22.10.0/.tox/cpythonlibtest-alldeps-nocov/lib/python3.10/site-packages/twisted/names/test/test_hosts.py
which is not the same as the test file we want to collect:
  /workdir/Twisted-22.10.0/src/twisted/names/test/test_hosts.py
HINT: remove __pycache__ / .pyc files and/or use a unique basename for your test file modules</error></testcase><testcase classname="" name="src.twisted.names.test.test_names" time="0.000"><error message="collection failure">import file mismatch:
imported module 'twisted.names.test.test_names' has this __file__ attribute:
  /workdir/Twisted-22.10.0/.tox/cpythonlibtest-alldeps-nocov/lib/python3.10/site-packages/twisted/names/test/test_names.py
which is not the same as the test file we want to collect:
  /workdir/Twisted-22.10.0/src/twisted/names/test/test_names.py
HINT: remove __pycache__ / .pyc files and/or use a unique basename for your test file modules</error></testcase><testcase classname="" name="src.twisted.names.test.test_resolve" time="0.000"><error message="collection failure">import file mismatch:
imported module 'twisted.names.test.test_resolve' has this __file__ attribute:
  /workdir/Twisted-22.10.0/.tox/cpythonlibtest-alldeps-nocov/lib/python3.10/site-packages/twisted/names/test/test_resolve.py
which is not the same as the test file we want to collect:
  /workdir/Twisted-22.10.0/src/twisted/names/test/test_resolve.py
HINT: remove __pycache__ / .pyc files and/or use a unique basename for your test file modules</error></testcase><testcase classname="" name="src.twisted.names.test.test_rfc1982" time="0.000"><error message="collection failure">import file mismatch:
imported module 'twisted.names.test.test_rfc1982' has this __file__ attribute:
  /workdir/Twisted-22.10.0/.tox/cpythonlibtest-alldeps-nocov/lib/python3.10/site-packages/twisted/names/test/test_rfc1982.py
which is not the same as the test file we want to collect:
  /workdir/Twisted-22.10.0/src/twisted/names/test/test_rfc1982.py
HINT: remove __pycache__ / .pyc files and/or use a unique basename for your test file modules</error></testcase><testcase classname="" name="src.twisted.names.test.test_rootresolve" time="0.000"><error message="collection failure">import file mismatch:
imported module 'twisted.names.test.test_rootresolve' has this __file__ attribute:
  /workdir/Twisted-22.10.0/.tox/cpythonlibtest-alldeps-nocov/lib/python3.10/site-packages/twisted/names/test/test_rootresolve.py
which is not the same as the test file we want to collect:
  /workdir/Twisted-22.10.0/src/twisted/names/test/test_rootresolve.py
HINT: remove __pycache__ / .pyc files and/or use a unique basename for your test file modules</error></testcase><testcase classname="" name="src.twisted.names.test.test_server" time="0.000"><error message="collection failure">import file mismatch:
imported module 'twisted.names.test.test_server' has this __file__ attribute:
  /workdir/Twisted-22.10.0/.tox/cpythonlibtest-alldeps-nocov/lib/python3.10/site-packages/twisted/names/test/test_server.py
which is not the same as the test file we want to collect:
  /workdir/Twisted-22.10.0/src/twisted/names/test/test_server.py
HINT: remove __pycache__ / .pyc files and/or use a unique basename for your test file modules</error></testcase><testcase classname="" name="src.twisted.names.test.test_srvconnect" time="0.000"><error message="collection failure">import file mismatch:
imported module 'twisted.names.test.test_srvconnect' has this __file__ attribute:
  /workdir/Twisted-22.10.0/.tox/cpythonlibtest-alldeps-nocov/lib/python3.10/site-packages/twisted/names/test/test_srvconnect.py
which is not the same as the test file we want to collect:
  /workdir/Twisted-22.10.0/src/twisted/names/test/test_srvconnect.py
HINT: remove __pycache__ / .pyc files and/or use a unique basename for your test file modules</error></testcase><testcase classname="" name="src.twisted.names.test.test_tap" time="0.000"><error message="collection failure">import file mismatch:
imported module 'twisted.names.test.test_tap' has this __file__ attribute:
  /workdir/Twisted-22.10.0/.tox/cpythonlibtest-alldeps-nocov/lib/python3.10/site-packages/twisted/names/test/test_tap.py
which is not the same as the test file we want to collect:
  /workdir/Twisted-22.10.0/src/twisted/names/test/test_tap.py
HINT: remove __pycache__ / .pyc files and/or use a unique basename for your test file modules</error></testcase><testcase classname="" name="src.twisted.names.test.test_util" time="0.000"><error message="collection failure">import file mismatch:
imported module 'twisted.names.test.test_util' has this __file__ attribute:
  /workdir/Twisted-22.10.0/.tox/cpythonlibtest-alldeps-nocov/lib/python3.10/site-packages/twisted/names/test/test_util.py
which is not the same as the test file we want to collect:
  /workdir/Twisted-22.10.0/src/twisted/names/test/test_util.py
HINT: remove __pycache__ / .pyc files and/or use a unique basename for your test file modules</error></testcase><testcase classname="" name="src.twisted.pair.test.test_ethernet" time="0.000"><error message="collection failure">import file mismatch:
imported module 'twisted.pair.test.test_ethernet' has this __file__ attribute:
  /workdir/Twisted-22.10.0/.tox/cpythonlibtest-alldeps-nocov/lib/python3.10/site-packages/twisted/pair/test/test_ethernet.py
which is not the same as the test file we want to collect:
  /workdir/Twisted-22.10.0/src/twisted/pair/test/test_ethernet.py
HINT: remove __pycache__ / .pyc files and/or use a unique basename for your test file modules</error></testcase><testcase classname="" name="src.twisted.pair.test.test_ip" time="0.000"><error message="collection failure">import file mismatch:
imported module 'twisted.pair.test.test_ip' has this __file__ attribute:
  /workdir/Twisted-22.10.0/.tox/cpythonlibtest-alldeps-nocov/lib/python3.10/site-packages/twisted/pair/test/test_ip.py
which is not the same as the test file we want to collect:
  /workdir/Twisted-22.10.0/src/twisted/pair/test/test_ip.py
HINT: remove __pycache__ / .pyc files and/or use a unique basename for your test file modules</error></testcase><testcase classname="" name="src.twisted.pair.test.test_rawudp" time="0.000"><error message="collection failure">import file mismatch:
imported module 'twisted.pair.test.test_rawudp' has this __file__ attribute:
  /workdir/Twisted-22.10.0/.tox/cpythonlibtest-alldeps-nocov/lib/python3.10/site-packages/twisted/pair/test/test_rawudp.py
which is not the same as the test file we want to collect:
  /workdir/Twisted-22.10.0/src/twisted/pair/test/test_rawudp.py
HINT: remove __pycache__ / .pyc files and/or use a unique basename for your test file modules</error></testcase><testcase classname="" name="src.twisted.pair.test.test_tuntap" time="0.000"><error message="collection failure">import file mismatch:
imported module 'twisted.pair.test.test_tuntap' has this __file__ attribute:
  /workdir/Twisted-22.10.0/.tox/cpythonlibtest-alldeps-nocov/lib/python3.10/site-packages/twisted/pair/test/test_tuntap.py
which is not the same as the test file we want to collect:
  /workdir/Twisted-22.10.0/src/twisted/pair/test/test_tuntap.py
HINT: remove __pycache__ / .pyc files and/or use a unique basename for your test file modules</error></testcase><testcase classname="" name="src.twisted.persisted.test.test_styles" time="0.000"><error message="collection failure">import file mismatch:
imported module 'twisted.persisted.test.test_styles' has this __file__ attribute:
  /workdir/Twisted-22.10.0/.tox/cpythonlibtest-alldeps-nocov/lib/python3.10/site-packages/twisted/persisted/test/test_styles.py
which is not the same as the test file we want to collect:
  /workdir/Twisted-22.10.0/src/twisted/persisted/test/test_styles.py
HINT: remove __pycache__ / .pyc files and/or use a unique basename for your test file modules</error></testcase><testcase classname="" name="src.twisted.positioning.test.test_base" time="0.000"><error message="collection failure">import file mismatch:
imported module 'twisted.positioning.test.test_base' has this __file__ attribute:
  /workdir/Twisted-22.10.0/.tox/cpythonlibtest-alldeps-nocov/lib/python3.10/site-packages/twisted/positioning/test/test_base.py
which is not the same as the test file we want to collect:
  /workdir/Twisted-22.10.0/src/twisted/positioning/test/test_base.py
HINT: remove __pycache__ / .pyc files and/or use a unique basename for your test file modules</error></testcase><testcase classname="" name="src.twisted.positioning.test.test_nmea" time="0.000"><error message="collection failure">import file mismatch:
imported module 'twisted.positioning.test.test_nmea' has this __file__ attribute:
  /workdir/Twisted-22.10.0/.tox/cpythonlibtest-alldeps-nocov/lib/python3.10/site-packages/twisted/positioning/test/test_nmea.py
which is not the same as the test file we want to collect:
  /workdir/Twisted-22.10.0/src/twisted/positioning/test/test_nmea.py
HINT: remove __pycache__ / .pyc files and/or use a unique basename for your test file modules</error></testcase><testcase classname="" name="src.twisted.positioning.test.test_sentence" time="0.000"><error message="collection failure">import file mismatch:
imported module 'twisted.positioning.test.test_sentence' has this __file__ attribute:
  /workdir/Twisted-22.10.0/.tox/cpythonlibtest-alldeps-nocov/lib/python3.10/site-packages/twisted/positioning/test/test_sentence.py
which is not the same as the test file we want to collect:
  /workdir/Twisted-22.10.0/src/twisted/positioning/test/test_sentence.py
HINT: remove __pycache__ / .pyc files and/or use a unique basename for your test file modules</error></testcase><testcase classname="" name="src.twisted.protocols.haproxy.test.test_parser" time="0.000"><error message="collection failure">import file mismatch:
imported module 'twisted.protocols.haproxy.test.test_parser' has this __file__ attribute:
  /workdir/Twisted-22.10.0/.tox/cpythonlibtest-alldeps-nocov/lib/python3.10/site-packages/twisted/protocols/haproxy/test/test_parser.py
which is not the same as the test file we want to collect:
  /workdir/Twisted-22.10.0/src/twisted/protocols/haproxy/test/test_parser.py
HINT: remove __pycache__ / .pyc files and/or use a unique basename for your test file modules</error></testcase><testcase classname="" name="src.twisted.protocols.haproxy.test.test_v1parser" time="0.000"><error message="collection failure">import file mismatch:
imported module 'twisted.protocols.haproxy.test.test_v1parser' has this __file__ attribute:
  /workdir/Twisted-22.10.0/.tox/cpythonlibtest-alldeps-nocov/lib/python3.10/site-packages/twisted/protocols/haproxy/test/test_v1parser.py
which is not the same as the test file we want to collect:
  /workdir/Twisted-22.10.0/src/twisted/protocols/haproxy/test/test_v1parser.py
HINT: remove __pycache__ / .pyc files and/or use a unique basename for your test file modules</error></testcase><testcase classname="" name="src.twisted.protocols.haproxy.test.test_v2parser" time="0.000"><error message="collection failure">import file mismatch:
imported module 'twisted.protocols.haproxy.test.test_v2parser' has this __file__ attribute:
  /workdir/Twisted-22.10.0/.tox/cpythonlibtest-alldeps-nocov/lib/python3.10/site-packages/twisted/protocols/haproxy/test/test_v2parser.py
which is not the same as the test file we want to collect:
  /workdir/Twisted-22.10.0/src/twisted/protocols/haproxy/test/test_v2parser.py
HINT: remove __pycache__ / .pyc files and/or use a unique basename for your test file modules</error></testcase><testcase classname="" name="src.twisted.protocols.haproxy.test.test_wrapper" time="0.000"><error message="collection failure">import file mismatch:
imported module 'twisted.protocols.haproxy.test.test_wrapper' has this __file__ attribute:
  /workdir/Twisted-22.10.0/.tox/cpythonlibtest-alldeps-nocov/lib/python3.10/site-packages/twisted/protocols/haproxy/test/test_wrapper.py
which is not the same as the test file we want to collect:
  /workdir/Twisted-22.10.0/src/twisted/protocols/haproxy/test/test_wrapper.py
HINT: remove __pycache__ / .pyc files and/or use a unique basename for your test file modules</error></testcase><testcase classname="" name="src.twisted.protocols.test.test_basic" time="0.000"><error message="collection failure">import file mismatch:
imported module 'twisted.protocols.test.test_basic' has this __file__ attribute:
  /workdir/Twisted-22.10.0/.tox/cpythonlibtest-alldeps-nocov/lib/python3.10/site-packages/twisted/protocols/test/test_basic.py
which is not the same as the test file we want to collect:
  /workdir/Twisted-22.10.0/src/twisted/protocols/test/test_basic.py
HINT: remove __pycache__ / .pyc files and/or use a unique basename for your test file modules</error></testcase><testcase classname="" name="src.twisted.protocols.test.test_tls" time="0.000"><error message="collection failure">ImportError while importing test module '/workdir/Twisted-22.10.0/src/twisted/protocols/test/test_tls.py'.
Hint: make sure your test modules/packages have valid Python names.
Traceback:
/usr/local/lib/python3.10/importlib/__init__.py:126: in import_module
    return _bootstrap._gcd_import(name[level:], package, level)
.tox/cpythonlibtest-alldeps-nocov/lib/python3.10/site-packages/twisted/protocols/test/test_tls.py:64: in &lt;module&gt;
    from twisted.test.test_tcp import ConnectionLostNotifyingProtocol
.tox/cpythonlibtest-alldeps-nocov/lib/python3.10/site-packages/twisted/test/test_tcp.py:18: in &lt;module&gt;
    import hamcrest
E   ModuleNotFoundError: No module named 'hamcrest'</error></testcase><testcase classname="" name="src.twisted.python.test.test_appdirs" time="0.000"><error message="collection failure">import file mismatch:
imported module 'twisted.python.test.test_appdirs' has this __file__ attribute:
  /workdir/Twisted-22.10.0/.tox/cpythonlibtest-alldeps-nocov/lib/python3.10/site-packages/twisted/python/test/test_appdirs.py
which is not the same as the test file we want to collect:
  /workdir/Twisted-22.10.0/src/twisted/python/test/test_appdirs.py
HINT: remove __pycache__ / .pyc files and/or use a unique basename for your test file modules</error></testcase><testcase classname="" name="src.twisted.python.test.test_components" time="0.000"><error message="collection failure">import file mismatch:
imported module 'twisted.python.test.test_components' has this __file__ attribute:
  /workdir/Twisted-22.10.0/.tox/cpythonlibtest-alldeps-nocov/lib/python3.10/site-packages/twisted/python/test/test_components.py
which is not the same as the test file we want to collect:
  /workdir/Twisted-22.10.0/src/twisted/python/test/test_components.py
HINT: remove __pycache__ / .pyc files and/or use a unique basename for your test file modules</error></testcase><testcase classname="" name="src.twisted.python.test.test_constants" time="0.000"><error message="collection failure">import file mismatch:
imported module 'twisted.python.test.test_constants' has this __file__ attribute:
  /workdir/Twisted-22.10.0/.tox/cpythonlibtest-alldeps-nocov/lib/python3.10/site-packages/twisted/python/test/test_constants.py
which is not the same as the test file we want to collect:
  /workdir/Twisted-22.10.0/src/twisted/python/test/test_constants.py
HINT: remove __pycache__ / .pyc files and/or use a unique basename for your test file modules</error></testcase><testcase classname="" name="src.twisted.python.test.test_deprecate" time="0.000"><error message="collection failure">import file mismatch:
imported module 'twisted.python.test.test_deprecate' has this __file__ attribute:
  /workdir/Twisted-22.10.0/.tox/cpythonlibtest-alldeps-nocov/lib/python3.10/site-packages/twisted/python/test/test_deprecate.py
which is not the same as the test file we want to collect:
  /workdir/Twisted-22.10.0/src/twisted/python/test/test_deprecate.py
HINT: remove __pycache__ / .pyc files and/or use a unique basename for your test file modules</error></testcase><testcase classname="" name="src.twisted.python.test.test_fakepwd" time="0.000"><error message="collection failure">import file mismatch:
imported module 'twisted.python.test.test_fakepwd' has this __file__ attribute:
  /workdir/Twisted-22.10.0/.tox/cpythonlibtest-alldeps-nocov/lib/python3.10/site-packages/twisted/python/test/test_fakepwd.py
which is not the same as the test file we want to collect:
  /workdir/Twisted-22.10.0/src/twisted/python/test/test_fakepwd.py
HINT: remove __pycache__ / .pyc files and/or use a unique basename for your test file modules</error></testcase><testcase classname="" name="src.twisted.python.test.test_htmlizer" time="0.000"><error message="collection failure">import file mismatch:
imported module 'twisted.python.test.test_htmlizer' has this __file__ attribute:
  /workdir/Twisted-22.10.0/.tox/cpythonlibtest-alldeps-nocov/lib/python3.10/site-packages/twisted/python/test/test_htmlizer.py
which is not the same as the test file we want to collect:
  /workdir/Twisted-22.10.0/src/twisted/python/test/test_htmlizer.py
HINT: remove __pycache__ / .pyc files and/or use a unique basename for your test file modules</error></testcase><testcase classname="" name="src.twisted.python.test.test_inotify" time="0.000"><error message="collection failure">import file mismatch:
imported module 'twisted.python.test.test_inotify' has this __file__ attribute:
  /workdir/Twisted-22.10.0/.tox/cpythonlibtest-alldeps-nocov/lib/python3.10/site-packages/twisted/python/test/test_inotify.py
which is not the same as the test file we want to collect:
  /workdir/Twisted-22.10.0/src/twisted/python/test/test_inotify.py
HINT: remove __pycache__ / .pyc files and/or use a unique basename for your test file modules</error></testcase><testcase classname="" name="src.twisted.python.test.test_release" time="0.000"><error message="collection failure">import file mismatch:
imported module 'twisted.python.test.test_release' has this __file__ attribute:
  /workdir/Twisted-22.10.0/.tox/cpythonlibtest-alldeps-nocov/lib/python3.10/site-packages/twisted/python/test/test_release.py
which is not the same as the test file we want to collect:
  /workdir/Twisted-22.10.0/src/twisted/python/test/test_release.py
HINT: remove __pycache__ / .pyc files and/or use a unique basename for your test file modules</error></testcase><testcase classname="" name="src.twisted.python.test.test_runtime" time="0.000"><error message="collection failure">import file mismatch:
imported module 'twisted.python.test.test_runtime' has this __file__ attribute:
  /workdir/Twisted-22.10.0/.tox/cpythonlibtest-alldeps-nocov/lib/python3.10/site-packages/twisted/python/test/test_runtime.py
which is not the same as the test file we want to collect:
  /workdir/Twisted-22.10.0/src/twisted/python/test/test_runtime.py
HINT: remove __pycache__ / .pyc files and/or use a unique basename for your test file modules</error></testcase><testcase classname="" name="src.twisted.python.test.test_sendmsg" time="0.000"><error message="collection failure">import file mismatch:
imported module 'twisted.python.test.test_sendmsg' has this __file__ attribute:
  /workdir/Twisted-22.10.0/.tox/cpythonlibtest-alldeps-nocov/lib/python3.10/site-packages/twisted/python/test/test_sendmsg.py
which is not the same as the test file we want to collect:
  /workdir/Twisted-22.10.0/src/twisted/python/test/test_sendmsg.py
HINT: remove __pycache__ / .pyc files and/or use a unique basename for your test file modules</error></testcase><testcase classname="" name="src.twisted.python.test.test_shellcomp" time="0.000"><error message="collection failure">import file mismatch:
imported module 'twisted.python.test.test_shellcomp' has this __file__ attribute:
  /workdir/Twisted-22.10.0/.tox/cpythonlibtest-alldeps-nocov/lib/python3.10/site-packages/twisted/python/test/test_shellcomp.py
which is not the same as the test file we want to collect:
  /workdir/Twisted-22.10.0/src/twisted/python/test/test_shellcomp.py
HINT: remove __pycache__ / .pyc files and/or use a unique basename for your test file modules</error></testcase><testcase classname="" name="src.twisted.python.test.test_syslog" time="0.000"><error message="collection failure">import file mismatch:
imported module 'twisted.python.test.test_syslog' has this __file__ attribute:
  /workdir/Twisted-22.10.0/.tox/cpythonlibtest-alldeps-nocov/lib/python3.10/site-packages/twisted/python/test/test_syslog.py
which is not the same as the test file we want to collect:
  /workdir/Twisted-22.10.0/src/twisted/python/test/test_syslog.py
HINT: remove __pycache__ / .pyc files and/or use a unique basename for your test file modules</error></testcase><testcase classname="" name="src.twisted.python.test.test_systemd" time="0.000"><error message="collection failure">ImportError while importing test module '/workdir/Twisted-22.10.0/src/twisted/python/test/test_systemd.py'.
Hint: make sure your test modules/packages have valid Python names.
Traceback:
/usr/local/lib/python3.10/importlib/__init__.py:126: in import_module
    return _bootstrap._gcd_import(name[level:], package, level)
.tox/cpythonlibtest-alldeps-nocov/lib/python3.10/site-packages/twisted/python/test/test_systemd.py:12: in &lt;module&gt;
    from hamcrest import assert_that, equal_to, not_
E   ModuleNotFoundError: No module named 'hamcrest'</error></testcase><testcase classname="" name="src.twisted.python.test.test_textattributes" time="0.000"><error message="collection failure">import file mismatch:
imported module 'twisted.python.test.test_textattributes' has this __file__ attribute:
  /workdir/Twisted-22.10.0/.tox/cpythonlibtest-alldeps-nocov/lib/python3.10/site-packages/twisted/python/test/test_textattributes.py
which is not the same as the test file we want to collect:
  /workdir/Twisted-22.10.0/src/twisted/python/test/test_textattributes.py
HINT: remove __pycache__ / .pyc files and/or use a unique basename for your test file modules</error></testcase><testcase classname="" name="src.twisted.python.test.test_tzhelper" time="0.000"><error message="collection failure">import file mismatch:
imported module 'twisted.python.test.test_tzhelper' has this __file__ attribute:
  /workdir/Twisted-22.10.0/.tox/cpythonlibtest-alldeps-nocov/lib/python3.10/site-packages/twisted/python/test/test_tzhelper.py
which is not the same as the test file we want to collect:
  /workdir/Twisted-22.10.0/src/twisted/python/test/test_tzhelper.py
HINT: remove __pycache__ / .pyc files and/or use a unique basename for your test file modules</error></testcase><testcase classname="" name="src.twisted.python.test.test_url" time="0.000"><error message="collection failure">import file mismatch:
imported module 'twisted.python.test.test_url' has this __file__ attribute:
  /workdir/Twisted-22.10.0/.tox/cpythonlibtest-alldeps-nocov/lib/python3.10/site-packages/twisted/python/test/test_url.py
which is not the same as the test file we want to collect:
  /workdir/Twisted-22.10.0/src/twisted/python/test/test_url.py
HINT: remove __pycache__ / .pyc files and/or use a unique basename for your test file modules</error></testcase><testcase classname="" name="src.twisted.python.test.test_urlpath" time="0.000"><error message="collection failure">import file mismatch:
imported module 'twisted.python.test.test_urlpath' has this __file__ attribute:
  /workdir/Twisted-22.10.0/.tox/cpythonlibtest-alldeps-nocov/lib/python3.10/site-packages/twisted/python/test/test_urlpath.py
which is not the same as the test file we want to collect:
  /workdir/Twisted-22.10.0/src/twisted/python/test/test_urlpath.py
HINT: remove __pycache__ / .pyc files and/or use a unique basename for your test file modules</error></testcase><testcase classname="" name="src.twisted.python.test.test_util" time="0.000"><error message="collection failure">import file mismatch:
imported module 'twisted.python.test.test_util' has this __file__ attribute:
  /workdir/Twisted-22.10.0/.tox/cpythonlibtest-alldeps-nocov/lib/python3.10/site-packages/twisted/python/test/test_util.py
which is not the same as the test file we want to collect:
  /workdir/Twisted-22.10.0/src/twisted/python/test/test_util.py
HINT: remove __pycache__ / .pyc files and/or use a unique basename for your test file modules</error></testcase><testcase classname="" name="src.twisted.python.test.test_versions" time="0.000"><error message="collection failure">import file mismatch:
imported module 'twisted.python.test.test_versions' has this __file__ attribute:
  /workdir/Twisted-22.10.0/.tox/cpythonlibtest-alldeps-nocov/lib/python3.10/site-packages/twisted/python/test/test_versions.py
which is not the same as the test file we want to collect:
  /workdir/Twisted-22.10.0/src/twisted/python/test/test_versions.py
HINT: remove __pycache__ / .pyc files and/or use a unique basename for your test file modules</error></testcase><testcase classname="" name="src.twisted.python.test.test_win32" time="0.000"><error message="collection failure">import file mismatch:
imported module 'twisted.python.test.test_win32' has this __file__ attribute:
  /workdir/Twisted-22.10.0/.tox/cpythonlibtest-alldeps-nocov/lib/python3.10/site-packages/twisted/python/test/test_win32.py
which is not the same as the test file we want to collect:
  /workdir/Twisted-22.10.0/src/twisted/python/test/test_win32.py
HINT: remove __pycache__ / .pyc files and/or use a unique basename for your test file modules</error></testcase><testcase classname="" name="src.twisted.python.test.test_zippath" time="0.000"><error message="collection failure">import file mismatch:
imported module 'twisted.python.test.test_zippath' has this __file__ attribute:
  /workdir/Twisted-22.10.0/.tox/cpythonlibtest-alldeps-nocov/lib/python3.10/site-packages/twisted/python/test/test_zippath.py
which is not the same as the test file we want to collect:
  /workdir/Twisted-22.10.0/src/twisted/python/test/test_zippath.py
HINT: remove __pycache__ / .pyc files and/or use a unique basename for your test file modules</error></testcase><testcase classname="" name="src.twisted.python.test.test_zipstream" time="0.000"><error message="collection failure">import file mismatch:
imported module 'twisted.python.test.test_zipstream' has this __file__ attribute:
  /workdir/Twisted-22.10.0/.tox/cpythonlibtest-alldeps-nocov/lib/python3.10/site-packages/twisted/python/test/test_zipstream.py
which is not the same as the test file we want to collect:
  /workdir/Twisted-22.10.0/src/twisted/python/test/test_zipstream.py
HINT: remove __pycache__ / .pyc files and/or use a unique basename for your test file modules</error></testcase><testcase classname="" name="src.twisted.runner.test.test_inetdconf" time="0.000"><error message="collection failure">import file mismatch:
imported module 'twisted.runner.test.test_inetdconf' has this __file__ attribute:
  /workdir/Twisted-22.10.0/.tox/cpythonlibtest-alldeps-nocov/lib/python3.10/site-packages/twisted/runner/test/test_inetdconf.py
which is not the same as the test file we want to collect:
  /workdir/Twisted-22.10.0/src/twisted/runner/test/test_inetdconf.py
HINT: remove __pycache__ / .pyc files and/or use a unique basename for your test file modules</error></testcase><testcase classname="" name="src.twisted.runner.test.test_procmon" time="0.000"><error message="collection failure">import file mismatch:
imported module 'twisted.runner.test.test_procmon' has this __file__ attribute:
  /workdir/Twisted-22.10.0/.tox/cpythonlibtest-alldeps-nocov/lib/python3.10/site-packages/twisted/runner/test/test_procmon.py
which is not the same as the test file we want to collect:
  /workdir/Twisted-22.10.0/src/twisted/runner/test/test_procmon.py
HINT: remove __pycache__ / .pyc files and/or use a unique basename for your test file modules</error></testcase><testcase classname="" name="src.twisted.runner.test.test_procmontap" time="0.000"><error message="collection failure">import file mismatch:
imported module 'twisted.runner.test.test_procmontap' has this __file__ attribute:
  /workdir/Twisted-22.10.0/.tox/cpythonlibtest-alldeps-nocov/lib/python3.10/site-packages/twisted/runner/test/test_procmontap.py
which is not the same as the test file we want to collect:
  /workdir/Twisted-22.10.0/src/twisted/runner/test/test_procmontap.py
HINT: remove __pycache__ / .pyc files and/or use a unique basename for your test file modules</error></testcase><testcase classname="" name="src.twisted.scripts.test.test_scripts" time="0.000"><error message="collection failure">import file mismatch:
imported module 'twisted.scripts.test.test_scripts' has this __file__ attribute:
  /workdir/Twisted-22.10.0/.tox/cpythonlibtest-alldeps-nocov/lib/python3.10/site-packages/twisted/scripts/test/test_scripts.py
which is not the same as the test file we want to collect:
  /workdir/Twisted-22.10.0/src/twisted/scripts/test/test_scripts.py
HINT: remove __pycache__ / .pyc files and/or use a unique basename for your test file modules</error></testcase><testcase classname="" name="src.twisted.spread.test.test_banana" time="0.000"><error message="collection failure">import file mismatch:
imported module 'twisted.spread.test.test_banana' has this __file__ attribute:
  /workdir/Twisted-22.10.0/.tox/cpythonlibtest-alldeps-nocov/lib/python3.10/site-packages/twisted/spread/test/test_banana.py
which is not the same as the test file we want to collect:
  /workdir/Twisted-22.10.0/src/twisted/spread/test/test_banana.py
HINT: remove __pycache__ / .pyc files and/or use a unique basename for your test file modules</error></testcase><testcase classname="" name="src.twisted.spread.test.test_jelly" time="0.000"><error message="collection failure">import file mismatch:
imported module 'twisted.spread.test.test_jelly' has this __file__ attribute:
  /workdir/Twisted-22.10.0/.tox/cpythonlibtest-alldeps-nocov/lib/python3.10/site-packages/twisted/spread/test/test_jelly.py
which is not the same as the test file we want to collect:
  /workdir/Twisted-22.10.0/src/twisted/spread/test/test_jelly.py
HINT: remove __pycache__ / .pyc files and/or use a unique basename for your test file modules</error></testcase><testcase classname="" name="src.twisted.spread.test.test_pb" time="0.000"><error message="collection failure">import file mismatch:
imported module 'twisted.spread.test.test_pb' has this __file__ attribute:
  /workdir/Twisted-22.10.0/.tox/cpythonlibtest-alldeps-nocov/lib/python3.10/site-packages/twisted/spread/test/test_pb.py
which is not the same as the test file we want to collect:
  /workdir/Twisted-22.10.0/src/twisted/spread/test/test_pb.py
HINT: remove __pycache__ / .pyc files and/or use a unique basename for your test file modules</error></testcase><testcase classname="" name="src.twisted.spread.test.test_pbfailure" time="0.000"><error message="collection failure">import file mismatch:
imported module 'twisted.spread.test.test_pbfailure' has this __file__ attribute:
  /workdir/Twisted-22.10.0/.tox/cpythonlibtest-alldeps-nocov/lib/python3.10/site-packages/twisted/spread/test/test_pbfailure.py
which is not the same as the test file we want to collect:
  /workdir/Twisted-22.10.0/src/twisted/spread/test/test_pbfailure.py
HINT: remove __pycache__ / .pyc files and/or use a unique basename for your test file modules</error></testcase><testcase classname="" name="src.twisted.test.test_abstract" time="0.000"><error message="collection failure">import file mismatch:
imported module 'twisted.test.test_abstract' has this __file__ attribute:
  /workdir/Twisted-22.10.0/.tox/cpythonlibtest-alldeps-nocov/lib/python3.10/site-packages/twisted/test/test_abstract.py
which is not the same as the test file we want to collect:
  /workdir/Twisted-22.10.0/src/twisted/test/test_abstract.py
HINT: remove __pycache__ / .pyc files and/or use a unique basename for your test file modules</error></testcase><testcase classname="" name="src.twisted.test.test_adbapi" time="0.000"><error message="collection failure">import file mismatch:
imported module 'twisted.test.test_adbapi' has this __file__ attribute:
  /workdir/Twisted-22.10.0/.tox/cpythonlibtest-alldeps-nocov/lib/python3.10/site-packages/twisted/test/test_adbapi.py
which is not the same as the test file we want to collect:
  /workdir/Twisted-22.10.0/src/twisted/test/test_adbapi.py
HINT: remove __pycache__ / .pyc files and/or use a unique basename for your test file modules</error></testcase><testcase classname="" name="src.twisted.test.test_amp" time="0.000"><error message="collection failure">import file mismatch:
imported module 'twisted.test.test_amp' has this __file__ attribute:
  /workdir/Twisted-22.10.0/.tox/cpythonlibtest-alldeps-nocov/lib/python3.10/site-packages/twisted/test/test_amp.py
which is not the same as the test file we want to collect:
  /workdir/Twisted-22.10.0/src/twisted/test/test_amp.py
HINT: remove __pycache__ / .pyc files and/or use a unique basename for your test file modules</error></testcase><testcase classname="" name="src.twisted.test.test_application" time="0.000"><error message="collection failure">import file mismatch:
imported module 'twisted.test.test_application' has this __file__ attribute:
  /workdir/Twisted-22.10.0/.tox/cpythonlibtest-alldeps-nocov/lib/python3.10/site-packages/twisted/test/test_application.py
which is not the same as the test file we want to collect:
  /workdir/Twisted-22.10.0/src/twisted/test/test_application.py
HINT: remove __pycache__ / .pyc files and/or use a unique basename for your test file modules</error></testcase><testcase classname="" name="src.twisted.test.test_compat" time="0.000"><error message="collection failure">import file mismatch:
imported module 'twisted.test.test_compat' has this __file__ attribute:
  /workdir/Twisted-22.10.0/.tox/cpythonlibtest-alldeps-nocov/lib/python3.10/site-packages/twisted/test/test_compat.py
which is not the same as the test file we want to collect:
  /workdir/Twisted-22.10.0/src/twisted/test/test_compat.py
HINT: remove __pycache__ / .pyc files and/or use a unique basename for your test file modules</error></testcase><testcase classname="" name="src.twisted.test.test_context" time="0.000"><error message="collection failure">import file mismatch:
imported module 'twisted.test.test_context' has this __file__ attribute:
  /workdir/Twisted-22.10.0/.tox/cpythonlibtest-alldeps-nocov/lib/python3.10/site-packages/twisted/test/test_context.py
which is not the same as the test file we want to collect:
  /workdir/Twisted-22.10.0/src/twisted/test/test_context.py
HINT: remove __pycache__ / .pyc files and/or use a unique basename for your test file modules</error></testcase><testcase classname="" name="src.twisted.test.test_cooperator" time="0.000"><error message="collection failure">import file mismatch:
imported module 'twisted.test.test_cooperator' has this __file__ attribute:
  /workdir/Twisted-22.10.0/.tox/cpythonlibtest-alldeps-nocov/lib/python3.10/site-packages/twisted/test/test_cooperator.py
which is not the same as the test file we want to collect:
  /workdir/Twisted-22.10.0/src/twisted/test/test_cooperator.py
HINT: remove __pycache__ / .pyc files and/or use a unique basename for your test file modules</error></testcase><testcase classname="" name="src.twisted.test.test_defer" time="0.000"><error message="collection failure">ImportError while importing test module '/workdir/Twisted-22.10.0/src/twisted/test/test_defer.py'.
Hint: make sure your test modules/packages have valid Python names.
Traceback:
/usr/local/lib/python3.10/importlib/__init__.py:126: in import_module
    return _bootstrap._gcd_import(name[level:], package, level)
.tox/cpythonlibtest-alldeps-nocov/lib/python3.10/site-packages/twisted/test/test_defer.py:34: in &lt;module&gt;
    from hamcrest import assert_that, equal_to, is_
E   ModuleNotFoundError: No module named 'hamcrest'</error></testcase><testcase classname="" name="src.twisted.test.test_defgen" time="0.000"><error message="collection failure">import file mismatch:
imported module 'twisted.test.test_defgen' has this __file__ attribute:
  /workdir/Twisted-22.10.0/.tox/cpythonlibtest-alldeps-nocov/lib/python3.10/site-packages/twisted/test/test_defgen.py
which is not the same as the test file we want to collect:
  /workdir/Twisted-22.10.0/src/twisted/test/test_defgen.py
HINT: remove __pycache__ / .pyc files and/or use a unique basename for your test file modules</error></testcase><testcase classname="" name="src.twisted.test.test_dirdbm" time="0.000"><error message="collection failure">import file mismatch:
imported module 'twisted.test.test_dirdbm' has this __file__ attribute:
  /workdir/Twisted-22.10.0/.tox/cpythonlibtest-alldeps-nocov/lib/python3.10/site-packages/twisted/test/test_dirdbm.py
which is not the same as the test file we want to collect:
  /workdir/Twisted-22.10.0/src/twisted/test/test_dirdbm.py
HINT: remove __pycache__ / .pyc files and/or use a unique basename for your test file modules</error></testcase><testcase classname="" name="src.twisted.test.test_error" time="0.000"><error message="collection failure">import file mismatch:
imported module 'twisted.test.test_error' has this __file__ attribute:
  /workdir/Twisted-22.10.0/.tox/cpythonlibtest-alldeps-nocov/lib/python3.10/site-packages/twisted/test/test_error.py
which is not the same as the test file we want to collect:
  /workdir/Twisted-22.10.0/src/twisted/test/test_error.py
HINT: remove __pycache__ / .pyc files and/or use a unique basename for your test file modules</error></testcase><testcase classname="" name="src.twisted.test.test_factories" time="0.000"><error message="collection failure">import file mismatch:
imported module 'twisted.test.test_factories' has this __file__ attribute:
  /workdir/Twisted-22.10.0/.tox/cpythonlibtest-alldeps-nocov/lib/python3.10/site-packages/twisted/test/test_factories.py
which is not the same as the test file we want to collect:
  /workdir/Twisted-22.10.0/src/twisted/test/test_factories.py
HINT: remove __pycache__ / .pyc files and/or use a unique basename for your test file modules</error></testcase><testcase classname="" name="src.twisted.test.test_failure" time="0.000"><error message="collection failure">ImportError while importing test module '/workdir/Twisted-22.10.0/src/twisted/test/test_failure.py'.
Hint: make sure your test modules/packages have valid Python names.
Traceback:
/usr/local/lib/python3.10/importlib/__init__.py:126: in import_module
    return _bootstrap._gcd_import(name[level:], package, level)
.tox/cpythonlibtest-alldeps-nocov/lib/python3.10/site-packages/twisted/test/test_failure.py:19: in &lt;module&gt;
    from cython_test_exception_raiser import raiser  # type: ignore[import]
E   ModuleNotFoundError: No module named 'cython_test_exception_raiser'</error></testcase><testcase classname="" name="src.twisted.test.test_fdesc" time="0.000"><error message="collection failure">import file mismatch:
imported module 'twisted.test.test_fdesc' has this __file__ attribute:
  /workdir/Twisted-22.10.0/.tox/cpythonlibtest-alldeps-nocov/lib/python3.10/site-packages/twisted/test/test_fdesc.py
which is not the same as the test file we want to collect:
  /workdir/Twisted-22.10.0/src/twisted/test/test_fdesc.py
HINT: remove __pycache__ / .pyc files and/or use a unique basename for your test file modules</error></testcase><testcase classname="" name="src.twisted.test.test_finger" time="0.000"><error message="collection failure">import file mismatch:
imported module 'twisted.test.test_finger' has this __file__ attribute:
  /workdir/Twisted-22.10.0/.tox/cpythonlibtest-alldeps-nocov/lib/python3.10/site-packages/twisted/test/test_finger.py
which is not the same as the test file we want to collect:
  /workdir/Twisted-22.10.0/src/twisted/test/test_finger.py
HINT: remove __pycache__ / .pyc files and/or use a unique basename for your test file modules</error></testcase><testcase classname="" name="src.twisted.test.test_formmethod" time="0.000"><error message="collection failure">import file mismatch:
imported module 'twisted.test.test_formmethod' has this __file__ attribute:
  /workdir/Twisted-22.10.0/.tox/cpythonlibtest-alldeps-nocov/lib/python3.10/site-packages/twisted/test/test_formmethod.py
which is not the same as the test file we want to collect:
  /workdir/Twisted-22.10.0/src/twisted/test/test_formmethod.py
HINT: remove __pycache__ / .pyc files and/or use a unique basename for your test file modules</error></testcase><testcase classname="" name="src.twisted.test.test_ftp" time="0.000"><error message="collection failure">import file mismatch:
imported module 'twisted.test.test_ftp' has this __file__ attribute:
  /workdir/Twisted-22.10.0/.tox/cpythonlibtest-alldeps-nocov/lib/python3.10/site-packages/twisted/test/test_ftp.py
which is not the same as the test file we want to collect:
  /workdir/Twisted-22.10.0/src/twisted/test/test_ftp.py
HINT: remove __pycache__ / .pyc files and/or use a unique basename for your test file modules</error></testcase><testcase classname="" name="src.twisted.test.test_ftp_options" time="0.000"><error message="collection failure">import file mismatch:
imported module 'twisted.test.test_ftp_options' has this __file__ attribute:
  /workdir/Twisted-22.10.0/.tox/cpythonlibtest-alldeps-nocov/lib/python3.10/site-packages/twisted/test/test_ftp_options.py
which is not the same as the test file we want to collect:
  /workdir/Twisted-22.10.0/src/twisted/test/test_ftp_options.py
HINT: remove __pycache__ / .pyc files and/or use a unique basename for your test file modules</error></testcase><testcase classname="" name="src.twisted.test.test_htb" time="0.000"><error message="collection failure">import file mismatch:
imported module 'twisted.test.test_htb' has this __file__ attribute:
  /workdir/Twisted-22.10.0/.tox/cpythonlibtest-alldeps-nocov/lib/python3.10/site-packages/twisted/test/test_htb.py
which is not the same as the test file we want to collect:
  /workdir/Twisted-22.10.0/src/twisted/test/test_htb.py
HINT: remove __pycache__ / .pyc files and/or use a unique basename for your test file modules</error></testcase><testcase classname="" name="src.twisted.test.test_ident" time="0.000"><error message="collection failure">import file mismatch:
imported module 'twisted.test.test_ident' has this __file__ attribute:
  /workdir/Twisted-22.10.0/.tox/cpythonlibtest-alldeps-nocov/lib/python3.10/site-packages/twisted/test/test_ident.py
which is not the same as the test file we want to collect:
  /workdir/Twisted-22.10.0/src/twisted/test/test_ident.py
HINT: remove __pycache__ / .pyc files and/or use a unique basename for your test file modules</error></testcase><testcase classname="" name="src.twisted.test.test_internet" time="0.000"><error message="collection failure">import file mismatch:
imported module 'twisted.test.test_internet' has this __file__ attribute:
  /workdir/Twisted-22.10.0/.tox/cpythonlibtest-alldeps-nocov/lib/python3.10/site-packages/twisted/test/test_internet.py
which is not the same as the test file we want to collect:
  /workdir/Twisted-22.10.0/src/twisted/test/test_internet.py
HINT: remove __pycache__ / .pyc files and/or use a unique basename for your test file modules</error></testcase><testcase classname="" name="src.twisted.test.test_iosim" time="0.000"><error message="collection failure">import file mismatch:
imported module 'twisted.test.test_iosim' has this __file__ attribute:
  /workdir/Twisted-22.10.0/.tox/cpythonlibtest-alldeps-nocov/lib/python3.10/site-packages/twisted/test/test_iosim.py
which is not the same as the test file we want to collect:
  /workdir/Twisted-22.10.0/src/twisted/test/test_iosim.py
HINT: remove __pycache__ / .pyc files and/or use a unique basename for your test file modules</error></testcase><testcase classname="" name="src.twisted.test.test_iutils" time="0.000"><error message="collection failure">import file mismatch:
imported module 'twisted.test.test_iutils' has this __file__ attribute:
  /workdir/Twisted-22.10.0/.tox/cpythonlibtest-alldeps-nocov/lib/python3.10/site-packages/twisted/test/test_iutils.py
which is not the same as the test file we want to collect:
  /workdir/Twisted-22.10.0/src/twisted/test/test_iutils.py
HINT: remove __pycache__ / .pyc files and/or use a unique basename for your test file modules</error></testcase><testcase classname="" name="src.twisted.test.test_lockfile" time="0.000"><error message="collection failure">import file mismatch:
imported module 'twisted.test.test_lockfile' has this __file__ attribute:
  /workdir/Twisted-22.10.0/.tox/cpythonlibtest-alldeps-nocov/lib/python3.10/site-packages/twisted/test/test_lockfile.py
which is not the same as the test file we want to collect:
  /workdir/Twisted-22.10.0/src/twisted/test/test_lockfile.py
HINT: remove __pycache__ / .pyc files and/or use a unique basename for your test file modules</error></testcase><testcase classname="" name="src.twisted.test.test_log" time="0.000"><error message="collection failure">import file mismatch:
imported module 'twisted.test.test_log' has this __file__ attribute:
  /workdir/Twisted-22.10.0/.tox/cpythonlibtest-alldeps-nocov/lib/python3.10/site-packages/twisted/test/test_log.py
which is not the same as the test file we want to collect:
  /workdir/Twisted-22.10.0/src/twisted/test/test_log.py
HINT: remove __pycache__ / .pyc files and/or use a unique basename for your test file modules</error></testcase><testcase classname="" name="src.twisted.test.test_logfile" time="0.000"><error message="collection failure">import file mismatch:
imported module 'twisted.test.test_logfile' has this __file__ attribute:
  /workdir/Twisted-22.10.0/.tox/cpythonlibtest-alldeps-nocov/lib/python3.10/site-packages/twisted/test/test_logfile.py
which is not the same as the test file we want to collect:
  /workdir/Twisted-22.10.0/src/twisted/test/test_logfile.py
HINT: remove __pycache__ / .pyc files and/or use a unique basename for your test file modules</error></testcase><testcase classname="" name="src.twisted.test.test_loopback" time="0.000"><error message="collection failure">import file mismatch:
imported module 'twisted.test.test_loopback' has this __file__ attribute:
  /workdir/Twisted-22.10.0/.tox/cpythonlibtest-alldeps-nocov/lib/python3.10/site-packages/twisted/test/test_loopback.py
which is not the same as the test file we want to collect:
  /workdir/Twisted-22.10.0/src/twisted/test/test_loopback.py
HINT: remove __pycache__ / .pyc files and/or use a unique basename for your test file modules</error></testcase><testcase classname="" name="src.twisted.test.test_main" time="0.000"><error message="collection failure">import file mismatch:
imported module 'twisted.test.test_main' has this __file__ attribute:
  /workdir/Twisted-22.10.0/.tox/cpythonlibtest-alldeps-nocov/lib/python3.10/site-packages/twisted/test/test_main.py
which is not the same as the test file we want to collect:
  /workdir/Twisted-22.10.0/src/twisted/test/test_main.py
HINT: remove __pycache__ / .pyc files and/or use a unique basename for your test file modules</error></testcase><testcase classname="" name="src.twisted.test.test_memcache" time="0.000"><error message="collection failure">import file mismatch:
imported module 'twisted.test.test_memcache' has this __file__ attribute:
  /workdir/Twisted-22.10.0/.tox/cpythonlibtest-alldeps-nocov/lib/python3.10/site-packages/twisted/test/test_memcache.py
which is not the same as the test file we want to collect:
  /workdir/Twisted-22.10.0/src/twisted/test/test_memcache.py
HINT: remove __pycache__ / .pyc files and/or use a unique basename for your test file modules</error></testcase><testcase classname="" name="src.twisted.test.test_modules" time="0.000"><error message="collection failure">import file mismatch:
imported module 'twisted.test.test_modules' has this __file__ attribute:
  /workdir/Twisted-22.10.0/.tox/cpythonlibtest-alldeps-nocov/lib/python3.10/site-packages/twisted/test/test_modules.py
which is not the same as the test file we want to collect:
  /workdir/Twisted-22.10.0/src/twisted/test/test_modules.py
HINT: remove __pycache__ / .pyc files and/or use a unique basename for your test file modules</error></testcase><testcase classname="" name="src.twisted.test.test_monkey" time="0.000"><error message="collection failure">import file mismatch:
imported module 'twisted.test.test_monkey' has this __file__ attribute:
  /workdir/Twisted-22.10.0/.tox/cpythonlibtest-alldeps-nocov/lib/python3.10/site-packages/twisted/test/test_monkey.py
which is not the same as the test file we want to collect:
  /workdir/Twisted-22.10.0/src/twisted/test/test_monkey.py
HINT: remove __pycache__ / .pyc files and/or use a unique basename for your test file modules</error></testcase><testcase classname="" name="src.twisted.test.test_paths" time="0.000"><error message="collection failure">import file mismatch:
imported module 'twisted.test.test_paths' has this __file__ attribute:
  /workdir/Twisted-22.10.0/.tox/cpythonlibtest-alldeps-nocov/lib/python3.10/site-packages/twisted/test/test_paths.py
which is not the same as the test file we want to collect:
  /workdir/Twisted-22.10.0/src/twisted/test/test_paths.py
HINT: remove __pycache__ / .pyc files and/or use a unique basename for your test file modules</error></testcase><testcase classname="" name="src.twisted.test.test_pcp" time="0.000"><error message="collection failure">import file mismatch:
imported module 'twisted.test.test_pcp' has this __file__ attribute:
  /workdir/Twisted-22.10.0/.tox/cpythonlibtest-alldeps-nocov/lib/python3.10/site-packages/twisted/test/test_pcp.py
which is not the same as the test file we want to collect:
  /workdir/Twisted-22.10.0/src/twisted/test/test_pcp.py
HINT: remove __pycache__ / .pyc files and/or use a unique basename for your test file modules</error></testcase><testcase classname="" name="src.twisted.test.test_persisted" time="0.000"><error message="collection failure">import file mismatch:
imported module 'twisted.test.test_persisted' has this __file__ attribute:
  /workdir/Twisted-22.10.0/.tox/cpythonlibtest-alldeps-nocov/lib/python3.10/site-packages/twisted/test/test_persisted.py
which is not the same as the test file we want to collect:
  /workdir/Twisted-22.10.0/src/twisted/test/test_persisted.py
HINT: remove __pycache__ / .pyc files and/or use a unique basename for your test file modules</error></testcase><testcase classname="" name="src.twisted.test.test_plugin" time="0.000"><error message="collection failure">import file mismatch:
imported module 'twisted.test.test_plugin' has this __file__ attribute:
  /workdir/Twisted-22.10.0/.tox/cpythonlibtest-alldeps-nocov/lib/python3.10/site-packages/twisted/test/test_plugin.py
which is not the same as the test file we want to collect:
  /workdir/Twisted-22.10.0/src/twisted/test/test_plugin.py
HINT: remove __pycache__ / .pyc files and/or use a unique basename for your test file modules</error></testcase><testcase classname="" name="src.twisted.test.test_policies" time="0.000"><error message="collection failure">import file mismatch:
imported module 'twisted.test.test_policies' has this __file__ attribute:
  /workdir/Twisted-22.10.0/.tox/cpythonlibtest-alldeps-nocov/lib/python3.10/site-packages/twisted/test/test_policies.py
which is not the same as the test file we want to collect:
  /workdir/Twisted-22.10.0/src/twisted/test/test_policies.py
HINT: remove __pycache__ / .pyc files and/or use a unique basename for your test file modules</error></testcase><testcase classname="" name="src.twisted.test.test_postfix" time="0.000"><error message="collection failure">import file mismatch:
imported module 'twisted.test.test_postfix' has this __file__ attribute:
  /workdir/Twisted-22.10.0/.tox/cpythonlibtest-alldeps-nocov/lib/python3.10/site-packages/twisted/test/test_postfix.py
which is not the same as the test file we want to collect:
  /workdir/Twisted-22.10.0/src/twisted/test/test_postfix.py
HINT: remove __pycache__ / .pyc files and/or use a unique basename for your test file modules</error></testcase><testcase classname="" name="src.twisted.test.test_process" time="0.000"><error message="collection failure">import file mismatch:
imported module 'twisted.test.test_process' has this __file__ attribute:
  /workdir/Twisted-22.10.0/.tox/cpythonlibtest-alldeps-nocov/lib/python3.10/site-packages/twisted/test/test_process.py
which is not the same as the test file we want to collect:
  /workdir/Twisted-22.10.0/src/twisted/test/test_process.py
HINT: remove __pycache__ / .pyc files and/or use a unique basename for your test file modules</error></testcase><testcase classname="" name="src.twisted.test.test_protocols" time="0.000"><error message="collection failure">import file mismatch:
imported module 'twisted.test.test_protocols' has this __file__ attribute:
  /workdir/Twisted-22.10.0/.tox/cpythonlibtest-alldeps-nocov/lib/python3.10/site-packages/twisted/test/test_protocols.py
which is not the same as the test file we want to collect:
  /workdir/Twisted-22.10.0/src/twisted/test/test_protocols.py
HINT: remove __pycache__ / .pyc files and/or use a unique basename for your test file modules</error></testcase><testcase classname="" name="src.twisted.test.test_randbytes" time="0.000"><error message="collection failure">import file mismatch:
imported module 'twisted.test.test_randbytes' has this __file__ attribute:
  /workdir/Twisted-22.10.0/.tox/cpythonlibtest-alldeps-nocov/lib/python3.10/site-packages/twisted/test/test_randbytes.py
which is not the same as the test file we want to collect:
  /workdir/Twisted-22.10.0/src/twisted/test/test_randbytes.py
HINT: remove __pycache__ / .pyc files and/or use a unique basename for your test file modules</error></testcase><testcase classname="" name="src.twisted.test.test_rebuild" time="0.000"><error message="collection failure">import file mismatch:
imported module 'twisted.test.test_rebuild' has this __file__ attribute:
  /workdir/Twisted-22.10.0/.tox/cpythonlibtest-alldeps-nocov/lib/python3.10/site-packages/twisted/test/test_rebuild.py
which is not the same as the test file we want to collect:
  /workdir/Twisted-22.10.0/src/twisted/test/test_rebuild.py
HINT: remove __pycache__ / .pyc files and/or use a unique basename for your test file modules</error></testcase><testcase classname="" name="src.twisted.test.test_reflect" time="0.000"><error message="collection failure">import file mismatch:
imported module 'twisted.test.test_reflect' has this __file__ attribute:
  /workdir/Twisted-22.10.0/.tox/cpythonlibtest-alldeps-nocov/lib/python3.10/site-packages/twisted/test/test_reflect.py
which is not the same as the test file we want to collect:
  /workdir/Twisted-22.10.0/src/twisted/test/test_reflect.py
HINT: remove __pycache__ / .pyc files and/or use a unique basename for your test file modules</error></testcase><testcase classname="" name="src.twisted.test.test_roots" time="0.000"><error message="collection failure">import file mismatch:
imported module 'twisted.test.test_roots' has this __file__ attribute:
  /workdir/Twisted-22.10.0/.tox/cpythonlibtest-alldeps-nocov/lib/python3.10/site-packages/twisted/test/test_roots.py
which is not the same as the test file we want to collect:
  /workdir/Twisted-22.10.0/src/twisted/test/test_roots.py
HINT: remove __pycache__ / .pyc files and/or use a unique basename for your test file modules</error></testcase><testcase classname="" name="src.twisted.test.test_shortcut" time="0.000"><error message="collection failure">import file mismatch:
imported module 'twisted.test.test_shortcut' has this __file__ attribute:
  /workdir/Twisted-22.10.0/.tox/cpythonlibtest-alldeps-nocov/lib/python3.10/site-packages/twisted/test/test_shortcut.py
which is not the same as the test file we want to collect:
  /workdir/Twisted-22.10.0/src/twisted/test/test_shortcut.py
HINT: remove __pycache__ / .pyc files and/or use a unique basename for your test file modules</error></testcase><testcase classname="" name="src.twisted.test.test_sip" time="0.000"><error message="collection failure">import file mismatch:
imported module 'twisted.test.test_sip' has this __file__ attribute:
  /workdir/Twisted-22.10.0/.tox/cpythonlibtest-alldeps-nocov/lib/python3.10/site-packages/twisted/test/test_sip.py
which is not the same as the test file we want to collect:
  /workdir/Twisted-22.10.0/src/twisted/test/test_sip.py
HINT: remove __pycache__ / .pyc files and/or use a unique basename for your test file modules</error></testcase><testcase classname="" name="src.twisted.test.test_sob" time="0.000"><error message="collection failure">import file mismatch:
imported module 'twisted.test.test_sob' has this __file__ attribute:
  /workdir/Twisted-22.10.0/.tox/cpythonlibtest-alldeps-nocov/lib/python3.10/site-packages/twisted/test/test_sob.py
which is not the same as the test file we want to collect:
  /workdir/Twisted-22.10.0/src/twisted/test/test_sob.py
HINT: remove __pycache__ / .pyc files and/or use a unique basename for your test file modules</error></testcase><testcase classname="" name="src.twisted.test.test_socks" time="0.000"><error message="collection failure">import file mismatch:
imported module 'twisted.test.test_socks' has this __file__ attribute:
  /workdir/Twisted-22.10.0/.tox/cpythonlibtest-alldeps-nocov/lib/python3.10/site-packages/twisted/test/test_socks.py
which is not the same as the test file we want to collect:
  /workdir/Twisted-22.10.0/src/twisted/test/test_socks.py
HINT: remove __pycache__ / .pyc files and/or use a unique basename for your test file modules</error></testcase><testcase classname="" name="src.twisted.test.test_ssl" time="0.000"><error message="collection failure">ImportError while importing test module '/workdir/Twisted-22.10.0/src/twisted/test/test_ssl.py'.
Hint: make sure your test modules/packages have valid Python names.
Traceback:
/usr/local/lib/python3.10/importlib/__init__.py:126: in import_module
    return _bootstrap._gcd_import(name[level:], package, level)
.tox/cpythonlibtest-alldeps-nocov/lib/python3.10/site-packages/twisted/test/test_ssl.py:10: in &lt;module&gt;
    import hamcrest
E   ModuleNotFoundError: No module named 'hamcrest'</error></testcase><testcase classname="" name="src.twisted.test.test_sslverify" time="0.000"><error message="collection failure">import file mismatch:
imported module 'twisted.test.test_sslverify' has this __file__ attribute:
  /workdir/Twisted-22.10.0/.tox/cpythonlibtest-alldeps-nocov/lib/python3.10/site-packages/twisted/test/test_sslverify.py
which is not the same as the test file we want to collect:
  /workdir/Twisted-22.10.0/src/twisted/test/test_sslverify.py
HINT: remove __pycache__ / .pyc files and/or use a unique basename for your test file modules</error></testcase><testcase classname="" name="src.twisted.test.test_stateful" time="0.000"><error message="collection failure">import file mismatch:
imported module 'twisted.test.test_stateful' has this __file__ attribute:
  /workdir/Twisted-22.10.0/.tox/cpythonlibtest-alldeps-nocov/lib/python3.10/site-packages/twisted/test/test_stateful.py
which is not the same as the test file we want to collect:
  /workdir/Twisted-22.10.0/src/twisted/test/test_stateful.py
HINT: remove __pycache__ / .pyc files and/or use a unique basename for your test file modules</error></testcase><testcase classname="" name="src.twisted.test.test_stdio" time="0.000"><error message="collection failure">ImportError while importing test module '/workdir/Twisted-22.10.0/src/twisted/test/test_stdio.py'.
Hint: make sure your test modules/packages have valid Python names.
Traceback:
/usr/local/lib/python3.10/importlib/__init__.py:126: in import_module
    return _bootstrap._gcd_import(name[level:], package, level)
.tox/cpythonlibtest-alldeps-nocov/lib/python3.10/site-packages/twisted/test/test_stdio.py:21: in &lt;module&gt;
    from twisted.test.test_tcp import ConnectionLostNotifyingProtocol
.tox/cpythonlibtest-alldeps-nocov/lib/python3.10/site-packages/twisted/test/test_tcp.py:18: in &lt;module&gt;
    import hamcrest
E   ModuleNotFoundError: No module named 'hamcrest'</error></testcase><testcase classname="" name="src.twisted.test.test_strerror" time="0.000"><error message="collection failure">import file mismatch:
imported module 'twisted.test.test_strerror' has this __file__ attribute:
  /workdir/Twisted-22.10.0/.tox/cpythonlibtest-alldeps-nocov/lib/python3.10/site-packages/twisted/test/test_strerror.py
which is not the same as the test file we want to collect:
  /workdir/Twisted-22.10.0/src/twisted/test/test_strerror.py
HINT: remove __pycache__ / .pyc files and/or use a unique basename for your test file modules</error></testcase><testcase classname="" name="src.twisted.test.test_strports" time="0.000"><error message="collection failure">import file mismatch:
imported module 'twisted.test.test_strports' has this __file__ attribute:
  /workdir/Twisted-22.10.0/.tox/cpythonlibtest-alldeps-nocov/lib/python3.10/site-packages/twisted/test/test_strports.py
which is not the same as the test file we want to collect:
  /workdir/Twisted-22.10.0/src/twisted/test/test_strports.py
HINT: remove __pycache__ / .pyc files and/or use a unique basename for your test file modules</error></testcase><testcase classname="" name="src.twisted.test.test_task" time="0.000"><error message="collection failure">import file mismatch:
imported module 'twisted.test.test_task' has this __file__ attribute:
  /workdir/Twisted-22.10.0/.tox/cpythonlibtest-alldeps-nocov/lib/python3.10/site-packages/twisted/test/test_task.py
which is not the same as the test file we want to collect:
  /workdir/Twisted-22.10.0/src/twisted/test/test_task.py
HINT: remove __pycache__ / .pyc files and/or use a unique basename for your test file modules</error></testcase><testcase classname="" name="src.twisted.test.test_tcp" time="0.000"><error message="collection failure">ImportError while importing test module '/workdir/Twisted-22.10.0/src/twisted/test/test_tcp.py'.
Hint: make sure your test modules/packages have valid Python names.
Traceback:
/usr/local/lib/python3.10/importlib/__init__.py:126: in import_module
    return _bootstrap._gcd_import(name[level:], package, level)
.tox/cpythonlibtest-alldeps-nocov/lib/python3.10/site-packages/twisted/test/test_tcp.py:18: in &lt;module&gt;
    import hamcrest
E   ModuleNotFoundError: No module named 'hamcrest'</error></testcase><testcase classname="" name="src.twisted.test.test_tcp_internals" time="0.000"><error message="collection failure">import file mismatch:
imported module 'twisted.test.test_tcp_internals' has this __file__ attribute:
  /workdir/Twisted-22.10.0/.tox/cpythonlibtest-alldeps-nocov/lib/python3.10/site-packages/twisted/test/test_tcp_internals.py
which is not the same as the test file we want to collect:
  /workdir/Twisted-22.10.0/src/twisted/test/test_tcp_internals.py
HINT: remove __pycache__ / .pyc files and/or use a unique basename for your test file modules</error></testcase><testcase classname="" name="src.twisted.test.test_text" time="0.000"><error message="collection failure">import file mismatch:
imported module 'twisted.test.test_text' has this __file__ attribute:
  /workdir/Twisted-22.10.0/.tox/cpythonlibtest-alldeps-nocov/lib/python3.10/site-packages/twisted/test/test_text.py
which is not the same as the test file we want to collect:
  /workdir/Twisted-22.10.0/src/twisted/test/test_text.py
HINT: remove __pycache__ / .pyc files and/or use a unique basename for your test file modules</error></testcase><testcase classname="" name="src.twisted.test.test_threadable" time="0.000"><error message="collection failure">import file mismatch:
imported module 'twisted.test.test_threadable' has this __file__ attribute:
  /workdir/Twisted-22.10.0/.tox/cpythonlibtest-alldeps-nocov/lib/python3.10/site-packages/twisted/test/test_threadable.py
which is not the same as the test file we want to collect:
  /workdir/Twisted-22.10.0/src/twisted/test/test_threadable.py
HINT: remove __pycache__ / .pyc files and/or use a unique basename for your test file modules</error></testcase><testcase classname="" name="src.twisted.test.test_threadpool" time="0.000"><error message="collection failure">import file mismatch:
imported module 'twisted.test.test_threadpool' has this __file__ attribute:
  /workdir/Twisted-22.10.0/.tox/cpythonlibtest-alldeps-nocov/lib/python3.10/site-packages/twisted/test/test_threadpool.py
which is not the same as the test file we want to collect:
  /workdir/Twisted-22.10.0/src/twisted/test/test_threadpool.py
HINT: remove __pycache__ / .pyc files and/or use a unique basename for your test file modules</error></testcase><testcase classname="" name="src.twisted.test.test_threads" time="0.000"><error message="collection failure">import file mismatch:
imported module 'twisted.test.test_threads' has this __file__ attribute:
  /workdir/Twisted-22.10.0/.tox/cpythonlibtest-alldeps-nocov/lib/python3.10/site-packages/twisted/test/test_threads.py
which is not the same as the test file we want to collect:
  /workdir/Twisted-22.10.0/src/twisted/test/test_threads.py
HINT: remove __pycache__ / .pyc files and/or use a unique basename for your test file modules</error></testcase><testcase classname="" name="src.twisted.test.test_tpfile" time="0.000"><error message="collection failure">import file mismatch:
imported module 'twisted.test.test_tpfile' has this __file__ attribute:
  /workdir/Twisted-22.10.0/.tox/cpythonlibtest-alldeps-nocov/lib/python3.10/site-packages/twisted/test/test_tpfile.py
which is not the same as the test file we want to collect:
  /workdir/Twisted-22.10.0/src/twisted/test/test_tpfile.py
HINT: remove __pycache__ / .pyc files and/or use a unique basename for your test file modules</error></testcase><testcase classname="" name="src.twisted.test.test_twistd" time="0.000"><error message="collection failure">import file mismatch:
imported module 'twisted.test.test_twistd' has this __file__ attribute:
  /workdir/Twisted-22.10.0/.tox/cpythonlibtest-alldeps-nocov/lib/python3.10/site-packages/twisted/test/test_twistd.py
which is not the same as the test file we want to collect:
  /workdir/Twisted-22.10.0/src/twisted/test/test_twistd.py
HINT: remove __pycache__ / .pyc files and/or use a unique basename for your test file modules</error></testcase><testcase classname="" name="src.twisted.test.test_twisted" time="0.000"><error message="collection failure">import file mismatch:
imported module 'twisted.test.test_twisted' has this __file__ attribute:
  /workdir/Twisted-22.10.0/.tox/cpythonlibtest-alldeps-nocov/lib/python3.10/site-packages/twisted/test/test_twisted.py
which is not the same as the test file we want to collect:
  /workdir/Twisted-22.10.0/src/twisted/test/test_twisted.py
HINT: remove __pycache__ / .pyc files and/or use a unique basename for your test file modules</error></testcase><testcase classname="" name="src.twisted.test.test_udp" time="0.000"><error message="collection failure">import file mismatch:
imported module 'twisted.test.test_udp' has this __file__ attribute:
  /workdir/Twisted-22.10.0/.tox/cpythonlibtest-alldeps-nocov/lib/python3.10/site-packages/twisted/test/test_udp.py
which is not the same as the test file we want to collect:
  /workdir/Twisted-22.10.0/src/twisted/test/test_udp.py
HINT: remove __pycache__ / .pyc files and/or use a unique basename for your test file modules</error></testcase><testcase classname="" name="src.twisted.test.test_unix" time="0.000"><error message="collection failure">ImportError while importing test module '/workdir/Twisted-22.10.0/src/twisted/test/test_unix.py'.
Hint: make sure your test modules/packages have valid Python names.
Traceback:
/usr/local/lib/python3.10/importlib/__init__.py:126: in import_module
    return _bootstrap._gcd_import(name[level:], package, level)
.tox/cpythonlibtest-alldeps-nocov/lib/python3.10/site-packages/twisted/test/test_unix.py:18: in &lt;module&gt;
    from twisted.test.test_tcp import MyClientFactory, MyServerFactory
.tox/cpythonlibtest-alldeps-nocov/lib/python3.10/site-packages/twisted/test/test_tcp.py:18: in &lt;module&gt;
    import hamcrest
E   ModuleNotFoundError: No module named 'hamcrest'</error></testcase><testcase classname="" name="src.twisted.test.test_usage" time="0.000"><error message="collection failure">import file mismatch:
imported module 'twisted.test.test_usage' has this __file__ attribute:
  /workdir/Twisted-22.10.0/.tox/cpythonlibtest-alldeps-nocov/lib/python3.10/site-packages/twisted/test/test_usage.py
which is not the same as the test file we want to collect:
  /workdir/Twisted-22.10.0/src/twisted/test/test_usage.py
HINT: remove __pycache__ / .pyc files and/or use a unique basename for your test file modules</error></testcase><testcase classname="" name="src.twisted.trial._dist.test.test_distreporter" time="0.000"><error message="collection failure">import file mismatch:
imported module 'twisted.trial._dist.test.test_distreporter' has this __file__ attribute:
  /workdir/Twisted-22.10.0/.tox/cpythonlibtest-alldeps-nocov/lib/python3.10/site-packages/twisted/trial/_dist/test/test_distreporter.py
which is not the same as the test file we want to collect:
  /workdir/Twisted-22.10.0/src/twisted/trial/_dist/test/test_distreporter.py
HINT: remove __pycache__ / .pyc files and/or use a unique basename for your test file modules</error></testcase><testcase classname="" name="src.twisted.trial._dist.test.test_disttrial" time="0.000"><error message="collection failure">ImportError while importing test module '/workdir/Twisted-22.10.0/src/twisted/trial/_dist/test/test_disttrial.py'.
Hint: make sure your test modules/packages have valid Python names.
Traceback:
/usr/local/lib/python3.10/importlib/__init__.py:126: in import_module
    return _bootstrap._gcd_import(name[level:], package, level)
.tox/cpythonlibtest-alldeps-nocov/lib/python3.10/site-packages/twisted/trial/_dist/test/test_disttrial.py:19: in &lt;module&gt;
    from hamcrest import (
E   ModuleNotFoundError: No module named 'hamcrest'</error></testcase><testcase classname="" name="src.twisted.trial._dist.test.test_matchers" time="0.000"><error message="collection failure">ImportError while importing test module '/workdir/Twisted-22.10.0/src/twisted/trial/_dist/test/test_matchers.py'.
Hint: make sure your test modules/packages have valid Python names.
Traceback:
/usr/local/lib/python3.10/importlib/__init__.py:126: in import_module
    return _bootstrap._gcd_import(name[level:], package, level)
.tox/cpythonlibtest-alldeps-nocov/lib/python3.10/site-packages/twisted/trial/_dist/test/test_matchers.py:7: in &lt;module&gt;
    from hamcrest import anything, assert_that, contains, contains_string, equal_to, not_
E   ModuleNotFoundError: No module named 'hamcrest'</error></testcase><testcase classname="" name="src.twisted.trial._dist.test.test_options" time="0.000"><error message="collection failure">import file mismatch:
imported module 'twisted.trial._dist.test.test_options' has this __file__ attribute:
  /workdir/Twisted-22.10.0/.tox/cpythonlibtest-alldeps-nocov/lib/python3.10/site-packages/twisted/trial/_dist/test/test_options.py
which is not the same as the test file we want to collect:
  /workdir/Twisted-22.10.0/src/twisted/trial/_dist/test/test_options.py
HINT: remove __pycache__ / .pyc files and/or use a unique basename for your test file modules</error></testcase><testcase classname="" name="src.twisted.trial._dist.test.test_stream" time="0.000"><error message="collection failure">ImportError while importing test module '/workdir/Twisted-22.10.0/src/twisted/trial/_dist/test/test_stream.py'.
Hint: make sure your test modules/packages have valid Python names.
Traceback:
/usr/local/lib/python3.10/importlib/__init__.py:126: in import_module
    return _bootstrap._gcd_import(name[level:], package, level)
.tox/cpythonlibtest-alldeps-nocov/lib/python3.10/site-packages/twisted/trial/_dist/test/test_stream.py:8: in &lt;module&gt;
    from hamcrest import (
E   ModuleNotFoundError: No module named 'hamcrest'</error></testcase><testcase classname="" name="src.twisted.trial._dist.test.test_worker" time="0.000"><error message="collection failure">ImportError while importing test module '/workdir/Twisted-22.10.0/src/twisted/trial/_dist/test/test_worker.py'.
Hint: make sure your test modules/packages have valid Python names.
Traceback:
/usr/local/lib/python3.10/importlib/__init__.py:126: in import_module
    return _bootstrap._gcd_import(name[level:], package, level)
.tox/cpythonlibtest-alldeps-nocov/lib/python3.10/site-packages/twisted/trial/_dist/test/test_worker.py:15: in &lt;module&gt;
    from hamcrest import assert_that, equal_to, has_item, has_length
E   ModuleNotFoundError: No module named 'hamcrest'</error></testcase><testcase classname="" name="src.twisted.trial._dist.test.test_workerreporter" time="0.000"><error message="collection failure">ImportError while importing test module '/workdir/Twisted-22.10.0/src/twisted/trial/_dist/test/test_workerreporter.py'.
Hint: make sure your test modules/packages have valid Python names.
Traceback:
/usr/local/lib/python3.10/importlib/__init__.py:126: in import_module
    return _bootstrap._gcd_import(name[level:], package, level)
.tox/cpythonlibtest-alldeps-nocov/lib/python3.10/site-packages/twisted/trial/_dist/test/test_workerreporter.py:11: in &lt;module&gt;
    from hamcrest import assert_that, equal_to, has_length
E   ModuleNotFoundError: No module named 'hamcrest'</error></testcase><testcase classname="" name="src.twisted.trial._dist.test.test_workertrial" time="0.000"><error message="collection failure">import file mismatch:
imported module 'twisted.trial._dist.test.test_workertrial' has this __file__ attribute:
  /workdir/Twisted-22.10.0/.tox/cpythonlibtest-alldeps-nocov/lib/python3.10/site-packages/twisted/trial/_dist/test/test_workertrial.py
which is not the same as the test file we want to collect:
  /workdir/Twisted-22.10.0/src/twisted/trial/_dist/test/test_workertrial.py
HINT: remove __pycache__ / .pyc files and/or use a unique basename for your test file modules</error></testcase><testcase classname="" name="src.twisted.trial.test.test_assertions" time="0.000"><error message="collection failure">ImportError while importing test module '/workdir/Twisted-22.10.0/src/twisted/trial/test/test_assertions.py'.
Hint: make sure your test modules/packages have valid Python names.
Traceback:
/usr/local/lib/python3.10/importlib/__init__.py:126: in import_module
    return _bootstrap._gcd_import(name[level:], package, level)
.tox/cpythonlibtest-alldeps-nocov/lib/python3.10/site-packages/twisted/trial/test/__init__.py:8: in &lt;module&gt;
    from hypothesis import HealthCheck, settings
E   ModuleNotFoundError: No module named 'hypothesis'</error></testcase><testcase classname="" name="src.twisted.trial.test.test_asyncassertions" time="0.000"><error message="collection failure">ImportError while importing test module '/workdir/Twisted-22.10.0/src/twisted/trial/test/test_asyncassertions.py'.
Hint: make sure your test modules/packages have valid Python names.
Traceback:
/usr/local/lib/python3.10/importlib/__init__.py:126: in import_module
    return _bootstrap._gcd_import(name[level:], package, level)
.tox/cpythonlibtest-alldeps-nocov/lib/python3.10/site-packages/twisted/trial/test/__init__.py:8: in &lt;module&gt;
    from hypothesis import HealthCheck, settings
E   ModuleNotFoundError: No module named 'hypothesis'</error></testcase><testcase classname="" name="src.twisted.trial.test.test_deferred" time="0.000"><error message="collection failure">ImportError while importing test module '/workdir/Twisted-22.10.0/src/twisted/trial/test/test_deferred.py'.
Hint: make sure your test modules/packages have valid Python names.
Traceback:
/usr/local/lib/python3.10/importlib/__init__.py:126: in import_module
    return _bootstrap._gcd_import(name[level:], package, level)
.tox/cpythonlibtest-alldeps-nocov/lib/python3.10/site-packages/twisted/trial/test/__init__.py:8: in &lt;module&gt;
    from hypothesis import HealthCheck, settings
E   ModuleNotFoundError: No module named 'hypothesis'</error></testcase><testcase classname="" name="src.twisted.trial.test.test_doctest" time="0.000"><error message="collection failure">ImportError while importing test module '/workdir/Twisted-22.10.0/src/twisted/trial/test/test_doctest.py'.
Hint: make sure your test modules/packages have valid Python names.
Traceback:
/usr/local/lib/python3.10/importlib/__init__.py:126: in import_module
    return _bootstrap._gcd_import(name[level:], package, level)
.tox/cpythonlibtest-alldeps-nocov/lib/python3.10/site-packages/twisted/trial/test/__init__.py:8: in &lt;module&gt;
    from hypothesis import HealthCheck, settings
E   ModuleNotFoundError: No module named 'hypothesis'</error></testcase><testcase classname="" name="src.twisted.trial.test.test_keyboard" time="0.000"><error message="collection failure">ImportError while importing test module '/workdir/Twisted-22.10.0/src/twisted/trial/test/test_keyboard.py'.
Hint: make sure your test modules/packages have valid Python names.
Traceback:
/usr/local/lib/python3.10/importlib/__init__.py:126: in import_module
    return _bootstrap._gcd_import(name[level:], package, level)
.tox/cpythonlibtest-alldeps-nocov/lib/python3.10/site-packages/twisted/trial/test/__init__.py:8: in &lt;module&gt;
    from hypothesis import HealthCheck, settings
E   ModuleNotFoundError: No module named 'hypothesis'</error></testcase><testcase classname="" name="src.twisted.trial.test.test_loader" time="0.000"><error message="collection failure">ImportError while importing test module '/workdir/Twisted-22.10.0/src/twisted/trial/test/test_loader.py'.
Hint: make sure your test modules/packages have valid Python names.
Traceback:
/usr/local/lib/python3.10/importlib/__init__.py:126: in import_module
    return _bootstrap._gcd_import(name[level:], package, level)
.tox/cpythonlibtest-alldeps-nocov/lib/python3.10/site-packages/twisted/trial/test/__init__.py:8: in &lt;module&gt;
    from hypothesis import HealthCheck, settings
E   ModuleNotFoundError: No module named 'hypothesis'</error></testcase><testcase classname="" name="src.twisted.trial.test.test_log" time="0.000"><error message="collection failure">ImportError while importing test module '/workdir/Twisted-22.10.0/src/twisted/trial/test/test_log.py'.
Hint: make sure your test modules/packages have valid Python names.
Traceback:
/usr/local/lib/python3.10/importlib/__init__.py:126: in import_module
    return _bootstrap._gcd_import(name[level:], package, level)
.tox/cpythonlibtest-alldeps-nocov/lib/python3.10/site-packages/twisted/trial/test/__init__.py:8: in &lt;module&gt;
    from hypothesis import HealthCheck, settings
E   ModuleNotFoundError: No module named 'hypothesis'</error></testcase><testcase classname="" name="src.twisted.trial.test.test_matchers" time="0.000"><error message="collection failure">ImportError while importing test module '/workdir/Twisted-22.10.0/src/twisted/trial/test/test_matchers.py'.
Hint: make sure your test modules/packages have valid Python names.
Traceback:
/usr/local/lib/python3.10/importlib/__init__.py:126: in import_module
    return _bootstrap._gcd_import(name[level:], package, level)
.tox/cpythonlibtest-alldeps-nocov/lib/python3.10/site-packages/twisted/trial/test/__init__.py:8: in &lt;module&gt;
    from hypothesis import HealthCheck, settings
E   ModuleNotFoundError: No module named 'hypothesis'</error></testcase><testcase classname="" name="src.twisted.trial.test.test_output" time="0.000"><error message="collection failure">ImportError while importing test module '/workdir/Twisted-22.10.0/src/twisted/trial/test/test_output.py'.
Hint: make sure your test modules/packages have valid Python names.
Traceback:
/usr/local/lib/python3.10/importlib/__init__.py:126: in import_module
    return _bootstrap._gcd_import(name[level:], package, level)
.tox/cpythonlibtest-alldeps-nocov/lib/python3.10/site-packages/twisted/trial/test/__init__.py:8: in &lt;module&gt;
    from hypothesis import HealthCheck, settings
E   ModuleNotFoundError: No module named 'hypothesis'</error></testcase><testcase classname="" name="src.twisted.trial.test.test_plugins" time="0.000"><error message="collection failure">ImportError while importing test module '/workdir/Twisted-22.10.0/src/twisted/trial/test/test_plugins.py'.
Hint: make sure your test modules/packages have valid Python names.
Traceback:
/usr/local/lib/python3.10/importlib/__init__.py:126: in import_module
    return _bootstrap._gcd_import(name[level:], package, level)
.tox/cpythonlibtest-alldeps-nocov/lib/python3.10/site-packages/twisted/trial/test/__init__.py:8: in &lt;module&gt;
    from hypothesis import HealthCheck, settings
E   ModuleNotFoundError: No module named 'hypothesis'</error></testcase><testcase classname="" name="src.twisted.trial.test.test_pyunitcompat" time="0.000"><error message="collection failure">ImportError while importing test module '/workdir/Twisted-22.10.0/src/twisted/trial/test/test_pyunitcompat.py'.
Hint: make sure your test modules/packages have valid Python names.
Traceback:
/usr/local/lib/python3.10/importlib/__init__.py:126: in import_module
    return _bootstrap._gcd_import(name[level:], package, level)
.tox/cpythonlibtest-alldeps-nocov/lib/python3.10/site-packages/twisted/trial/test/__init__.py:8: in &lt;module&gt;
    from hypothesis import HealthCheck, settings
E   ModuleNotFoundError: No module named 'hypothesis'</error></testcase><testcase classname="" name="src.twisted.trial.test.test_reporter" time="0.000"><error message="collection failure">ImportError while importing test module '/workdir/Twisted-22.10.0/src/twisted/trial/test/test_reporter.py'.
Hint: make sure your test modules/packages have valid Python names.
Traceback:
/usr/local/lib/python3.10/importlib/__init__.py:126: in import_module
    return _bootstrap._gcd_import(name[level:], package, level)
.tox/cpythonlibtest-alldeps-nocov/lib/python3.10/site-packages/twisted/trial/test/__init__.py:8: in &lt;module&gt;
    from hypothesis import HealthCheck, settings
E   ModuleNotFoundError: No module named 'hypothesis'</error></testcase><testcase classname="" name="src.twisted.trial.test.test_runner" time="0.000"><error message="collection failure">ImportError while importing test module '/workdir/Twisted-22.10.0/src/twisted/trial/test/test_runner.py'.
Hint: make sure your test modules/packages have valid Python names.
Traceback:
/usr/local/lib/python3.10/importlib/__init__.py:126: in import_module
    return _bootstrap._gcd_import(name[level:], package, level)
.tox/cpythonlibtest-alldeps-nocov/lib/python3.10/site-packages/twisted/trial/test/__init__.py:8: in &lt;module&gt;
    from hypothesis import HealthCheck, settings
E   ModuleNotFoundError: No module named 'hypothesis'</error></testcase><testcase classname="" name="src.twisted.trial.test.test_script" time="0.000"><error message="collection failure">ImportError while importing test module '/workdir/Twisted-22.10.0/src/twisted/trial/test/test_script.py'.
Hint: make sure your test modules/packages have valid Python names.
Traceback:
/usr/local/lib/python3.10/importlib/__init__.py:126: in import_module
    return _bootstrap._gcd_import(name[level:], package, level)
.tox/cpythonlibtest-alldeps-nocov/lib/python3.10/site-packages/twisted/trial/test/__init__.py:8: in &lt;module&gt;
    from hypothesis import HealthCheck, settings
E   ModuleNotFoundError: No module named 'hypothesis'</error></testcase><testcase classname="" name="src.twisted.trial.test.test_skip" time="0.000"><error message="collection failure">ImportError while importing test module '/workdir/Twisted-22.10.0/src/twisted/trial/test/test_skip.py'.
Hint: make sure your test modules/packages have valid Python names.
Traceback:
/usr/local/lib/python3.10/importlib/__init__.py:126: in import_module
    return _bootstrap._gcd_import(name[level:], package, level)
.tox/cpythonlibtest-alldeps-nocov/lib/python3.10/site-packages/twisted/trial/test/__init__.py:8: in &lt;module&gt;
    from hypothesis import HealthCheck, settings
E   ModuleNotFoundError: No module named 'hypothesis'</error></testcase><testcase classname="" name="src.twisted.trial.test.test_suppression" time="0.000"><error message="collection failure">ImportError while importing test module '/workdir/Twisted-22.10.0/src/twisted/trial/test/test_suppression.py'.
Hint: make sure your test modules/packages have valid Python names.
Traceback:
/usr/local/lib/python3.10/importlib/__init__.py:126: in import_module
    return _bootstrap._gcd_import(name[level:], package, level)
.tox/cpythonlibtest-alldeps-nocov/lib/python3.10/site-packages/twisted/trial/test/__init__.py:8: in &lt;module&gt;
    from hypothesis import HealthCheck, settings
E   ModuleNotFoundError: No module named 'hypothesis'</error></testcase><testcase classname="" name="src.twisted.trial.test.test_testcase" time="0.000"><error message="collection failure">ImportError while importing test module '/workdir/Twisted-22.10.0/src/twisted/trial/test/test_testcase.py'.
Hint: make sure your test modules/packages have valid Python names.
Traceback:
/usr/local/lib/python3.10/importlib/__init__.py:126: in import_module
    return _bootstrap._gcd_import(name[level:], package, level)
.tox/cpythonlibtest-alldeps-nocov/lib/python3.10/site-packages/twisted/trial/test/__init__.py:8: in &lt;module&gt;
    from hypothesis import HealthCheck, settings
E   ModuleNotFoundError: No module named 'hypothesis'</error></testcase><testcase classname="" name="src.twisted.trial.test.test_tests" time="0.000"><error message="collection failure">ImportError while importing test module '/workdir/Twisted-22.10.0/src/twisted/trial/test/test_tests.py'.
Hint: make sure your test modules/packages have valid Python names.
Traceback:
/usr/local/lib/python3.10/importlib/__init__.py:126: in import_module
    return _bootstrap._gcd_import(name[level:], package, level)
.tox/cpythonlibtest-alldeps-nocov/lib/python3.10/site-packages/twisted/trial/test/__init__.py:8: in &lt;module&gt;
    from hypothesis import HealthCheck, settings
E   ModuleNotFoundError: No module named 'hypothesis'</error></testcase><testcase classname="" name="src.twisted.trial.test.test_util" time="0.000"><error message="collection failure">ImportError while importing test module '/workdir/Twisted-22.10.0/src/twisted/trial/test/test_util.py'.
Hint: make sure your test modules/packages have valid Python names.
Traceback:
/usr/local/lib/python3.10/importlib/__init__.py:126: in import_module
    return _bootstrap._gcd_import(name[level:], package, level)
.tox/cpythonlibtest-alldeps-nocov/lib/python3.10/site-packages/twisted/trial/test/__init__.py:8: in &lt;module&gt;
    from hypothesis import HealthCheck, settings
E   ModuleNotFoundError: No module named 'hypothesis'</error></testcase><testcase classname="" name="src.twisted.trial.test.test_warning" time="0.000"><error message="collection failure">ImportError while importing test module '/workdir/Twisted-22.10.0/src/twisted/trial/test/test_warning.py'.
Hint: make sure your test modules/packages have valid Python names.
Traceback:
/usr/local/lib/python3.10/importlib/__init__.py:126: in import_module
    return _bootstrap._gcd_import(name[level:], package, level)
.tox/cpythonlibtest-alldeps-nocov/lib/python3.10/site-packages/twisted/trial/test/__init__.py:8: in &lt;module&gt;
    from hypothesis import HealthCheck, settings
E   ModuleNotFoundError: No module named 'hypothesis'</error></testcase><testcase classname="" name="src.twisted.web.test.test_agent" time="0.000"><error message="collection failure">import file mismatch:
imported module 'twisted.web.test.test_agent' has this __file__ attribute:
  /workdir/Twisted-22.10.0/.tox/cpythonlibtest-alldeps-nocov/lib/python3.10/site-packages/twisted/web/test/test_agent.py
which is not the same as the test file we want to collect:
  /workdir/Twisted-22.10.0/src/twisted/web/test/test_agent.py
HINT: remove __pycache__ / .pyc files and/or use a unique basename for your test file modules</error></testcase><testcase classname="" name="src.twisted.web.test.test_cgi" time="0.000"><error message="collection failure">import file mismatch:
imported module 'twisted.web.test.test_cgi' has this __file__ attribute:
  /workdir/Twisted-22.10.0/.tox/cpythonlibtest-alldeps-nocov/lib/python3.10/site-packages/twisted/web/test/test_cgi.py
which is not the same as the test file we want to collect:
  /workdir/Twisted-22.10.0/src/twisted/web/test/test_cgi.py
HINT: remove __pycache__ / .pyc files and/or use a unique basename for your test file modules</error></testcase><testcase classname="" name="src.twisted.web.test.test_client" time="0.000"><error message="collection failure">import file mismatch:
imported module 'twisted.web.test.test_client' has this __file__ attribute:
  /workdir/Twisted-22.10.0/.tox/cpythonlibtest-alldeps-nocov/lib/python3.10/site-packages/twisted/web/test/test_client.py
which is not the same as the test file we want to collect:
  /workdir/Twisted-22.10.0/src/twisted/web/test/test_client.py
HINT: remove __pycache__ / .pyc files and/or use a unique basename for your test file modules</error></testcase><testcase classname="" name="src.twisted.web.test.test_distrib" time="0.000"><error message="collection failure">import file mismatch:
imported module 'twisted.web.test.test_distrib' has this __file__ attribute:
  /workdir/Twisted-22.10.0/.tox/cpythonlibtest-alldeps-nocov/lib/python3.10/site-packages/twisted/web/test/test_distrib.py
which is not the same as the test file we want to collect:
  /workdir/Twisted-22.10.0/src/twisted/web/test/test_distrib.py
HINT: remove __pycache__ / .pyc files and/or use a unique basename for your test file modules</error></testcase><testcase classname="" name="src.twisted.web.test.test_domhelpers" time="0.000"><error message="collection failure">import file mismatch:
imported module 'twisted.web.test.test_domhelpers' has this __file__ attribute:
  /workdir/Twisted-22.10.0/.tox/cpythonlibtest-alldeps-nocov/lib/python3.10/site-packages/twisted/web/test/test_domhelpers.py
which is not the same as the test file we want to collect:
  /workdir/Twisted-22.10.0/src/twisted/web/test/test_domhelpers.py
HINT: remove __pycache__ / .pyc files and/or use a unique basename for your test file modules</error></testcase><testcase classname="" name="src.twisted.web.test.test_error" time="0.000"><error message="collection failure">import file mismatch:
imported module 'twisted.web.test.test_error' has this __file__ attribute:
  /workdir/Twisted-22.10.0/.tox/cpythonlibtest-alldeps-nocov/lib/python3.10/site-packages/twisted/web/test/test_error.py
which is not the same as the test file we want to collect:
  /workdir/Twisted-22.10.0/src/twisted/web/test/test_error.py
HINT: remove __pycache__ / .pyc files and/or use a unique basename for your test file modules</error></testcase><testcase classname="" name="src.twisted.web.test.test_flatten" time="0.000"><error message="collection failure">ImportError while importing test module '/workdir/Twisted-22.10.0/src/twisted/web/test/test_flatten.py'.
Hint: make sure your test modules/packages have valid Python names.
Traceback:
/usr/local/lib/python3.10/importlib/__init__.py:126: in import_module
    return _bootstrap._gcd_import(name[level:], package, level)
.tox/cpythonlibtest-alldeps-nocov/lib/python3.10/site-packages/twisted/web/test/test_flatten.py:20: in &lt;module&gt;
    from hamcrest import assert_that, equal_to
E   ModuleNotFoundError: No module named 'hamcrest'</error></testcase><testcase classname="" name="src.twisted.web.test.test_html" time="0.000"><error message="collection failure">import file mismatch:
imported module 'twisted.web.test.test_html' has this __file__ attribute:
  /workdir/Twisted-22.10.0/.tox/cpythonlibtest-alldeps-nocov/lib/python3.10/site-packages/twisted/web/test/test_html.py
which is not the same as the test file we want to collect:
  /workdir/Twisted-22.10.0/src/twisted/web/test/test_html.py
HINT: remove __pycache__ / .pyc files and/or use a unique basename for your test file modules</error></testcase><testcase classname="" name="src.twisted.web.test.test_http" time="0.000"><error message="collection failure">ImportError while importing test module '/workdir/Twisted-22.10.0/src/twisted/web/test/test_http.py'.
Hint: make sure your test modules/packages have valid Python names.
Traceback:
/usr/local/lib/python3.10/importlib/__init__.py:126: in import_module
    return _bootstrap._gcd_import(name[level:], package, level)
.tox/cpythonlibtest-alldeps-nocov/lib/python3.10/site-packages/twisted/web/test/test_http.py:22: in &lt;module&gt;
    import hamcrest
E   ModuleNotFoundError: No module named 'hamcrest'</error></testcase><testcase classname="" name="src.twisted.web.test.test_http2" time="0.000"><error message="collection failure">ImportError while importing test module '/workdir/Twisted-22.10.0/src/twisted/web/test/test_http2.py'.
Hint: make sure your test modules/packages have valid Python names.
Traceback:
/usr/local/lib/python3.10/importlib/__init__.py:126: in import_module
    return _bootstrap._gcd_import(name[level:], package, level)
.tox/cpythonlibtest-alldeps-nocov/lib/python3.10/site-packages/twisted/web/test/test_http2.py:21: in &lt;module&gt;
    from twisted.web.test.test_http import (
.tox/cpythonlibtest-alldeps-nocov/lib/python3.10/site-packages/twisted/web/test/test_http.py:22: in &lt;module&gt;
    import hamcrest
E   ModuleNotFoundError: No module named 'hamcrest'</error></testcase><testcase classname="" name="src.twisted.web.test.test_http_headers" time="0.000"><error message="collection failure">import file mismatch:
imported module 'twisted.web.test.test_http_headers' has this __file__ attribute:
  /workdir/Twisted-22.10.0/.tox/cpythonlibtest-alldeps-nocov/lib/python3.10/site-packages/twisted/web/test/test_http_headers.py
which is not the same as the test file we want to collect:
  /workdir/Twisted-22.10.0/src/twisted/web/test/test_http_headers.py
HINT: remove __pycache__ / .pyc files and/or use a unique basename for your test file modules</error></testcase><testcase classname="" name="src.twisted.web.test.test_httpauth" time="0.000"><error message="collection failure">import file mismatch:
imported module 'twisted.web.test.test_httpauth' has this __file__ attribute:
  /workdir/Twisted-22.10.0/.tox/cpythonlibtest-alldeps-nocov/lib/python3.10/site-packages/twisted/web/test/test_httpauth.py
which is not the same as the test file we want to collect:
  /workdir/Twisted-22.10.0/src/twisted/web/test/test_httpauth.py
HINT: remove __pycache__ / .pyc files and/or use a unique basename for your test file modules</error></testcase><testcase classname="" name="src.twisted.web.test.test_newclient" time="0.000"><error message="collection failure">import file mismatch:
imported module 'twisted.web.test.test_newclient' has this __file__ attribute:
  /workdir/Twisted-22.10.0/.tox/cpythonlibtest-alldeps-nocov/lib/python3.10/site-packages/twisted/web/test/test_newclient.py
which is not the same as the test file we want to collect:
  /workdir/Twisted-22.10.0/src/twisted/web/test/test_newclient.py
HINT: remove __pycache__ / .pyc files and/or use a unique basename for your test file modules</error></testcase><testcase classname="" name="src.twisted.web.test.test_pages" time="0.000"><error message="collection failure">import file mismatch:
imported module 'twisted.web.test.test_pages' has this __file__ attribute:
  /workdir/Twisted-22.10.0/.tox/cpythonlibtest-alldeps-nocov/lib/python3.10/site-packages/twisted/web/test/test_pages.py
which is not the same as the test file we want to collect:
  /workdir/Twisted-22.10.0/src/twisted/web/test/test_pages.py
HINT: remove __pycache__ / .pyc files and/or use a unique basename for your test file modules</error></testcase><testcase classname="" name="src.twisted.web.test.test_proxy" time="0.000"><error message="collection failure">import file mismatch:
imported module 'twisted.web.test.test_proxy' has this __file__ attribute:
  /workdir/Twisted-22.10.0/.tox/cpythonlibtest-alldeps-nocov/lib/python3.10/site-packages/twisted/web/test/test_proxy.py
which is not the same as the test file we want to collect:
  /workdir/Twisted-22.10.0/src/twisted/web/test/test_proxy.py
HINT: remove __pycache__ / .pyc files and/or use a unique basename for your test file modules</error></testcase><testcase classname="" name="src.twisted.web.test.test_resource" time="0.000"><error message="collection failure">import file mismatch:
imported module 'twisted.web.test.test_resource' has this __file__ attribute:
  /workdir/Twisted-22.10.0/.tox/cpythonlibtest-alldeps-nocov/lib/python3.10/site-packages/twisted/web/test/test_resource.py
which is not the same as the test file we want to collect:
  /workdir/Twisted-22.10.0/src/twisted/web/test/test_resource.py
HINT: remove __pycache__ / .pyc files and/or use a unique basename for your test file modules</error></testcase><testcase classname="" name="src.twisted.web.test.test_script" time="0.000"><error message="collection failure">import file mismatch:
imported module 'twisted.web.test.test_script' has this __file__ attribute:
  /workdir/Twisted-22.10.0/.tox/cpythonlibtest-alldeps-nocov/lib/python3.10/site-packages/twisted/web/test/test_script.py
which is not the same as the test file we want to collect:
  /workdir/Twisted-22.10.0/src/twisted/web/test/test_script.py
HINT: remove __pycache__ / .pyc files and/or use a unique basename for your test file modules</error></testcase><testcase classname="" name="src.twisted.web.test.test_soap" time="0.000"><error message="collection failure">import file mismatch:
imported module 'twisted.web.test.test_soap' has this __file__ attribute:
  /workdir/Twisted-22.10.0/.tox/cpythonlibtest-alldeps-nocov/lib/python3.10/site-packages/twisted/web/test/test_soap.py
which is not the same as the test file we want to collect:
  /workdir/Twisted-22.10.0/src/twisted/web/test/test_soap.py
HINT: remove __pycache__ / .pyc files and/or use a unique basename for your test file modules</error></testcase><testcase classname="" name="src.twisted.web.test.test_stan" time="0.000"><error message="collection failure">import file mismatch:
imported module 'twisted.web.test.test_stan' has this __file__ attribute:
  /workdir/Twisted-22.10.0/.tox/cpythonlibtest-alldeps-nocov/lib/python3.10/site-packages/twisted/web/test/test_stan.py
which is not the same as the test file we want to collect:
  /workdir/Twisted-22.10.0/src/twisted/web/test/test_stan.py
HINT: remove __pycache__ / .pyc files and/or use a unique basename for your test file modules</error></testcase><testcase classname="" name="src.twisted.web.test.test_static" time="0.000"><error message="collection failure">import file mismatch:
imported module 'twisted.web.test.test_static' has this __file__ attribute:
  /workdir/Twisted-22.10.0/.tox/cpythonlibtest-alldeps-nocov/lib/python3.10/site-packages/twisted/web/test/test_static.py
which is not the same as the test file we want to collect:
  /workdir/Twisted-22.10.0/src/twisted/web/test/test_static.py
HINT: remove __pycache__ / .pyc files and/or use a unique basename for your test file modules</error></testcase><testcase classname="" name="src.twisted.web.test.test_tap" time="0.000"><error message="collection failure">import file mismatch:
imported module 'twisted.web.test.test_tap' has this __file__ attribute:
  /workdir/Twisted-22.10.0/.tox/cpythonlibtest-alldeps-nocov/lib/python3.10/site-packages/twisted/web/test/test_tap.py
which is not the same as the test file we want to collect:
  /workdir/Twisted-22.10.0/src/twisted/web/test/test_tap.py
HINT: remove __pycache__ / .pyc files and/or use a unique basename for your test file modules</error></testcase><testcase classname="" name="src.twisted.web.test.test_template" time="0.000"><error message="collection failure">import file mismatch:
imported module 'twisted.web.test.test_template' has this __file__ attribute:
  /workdir/Twisted-22.10.0/.tox/cpythonlibtest-alldeps-nocov/lib/python3.10/site-packages/twisted/web/test/test_template.py
which is not the same as the test file we want to collect:
  /workdir/Twisted-22.10.0/src/twisted/web/test/test_template.py
HINT: remove __pycache__ / .pyc files and/or use a unique basename for your test file modules</error></testcase><testcase classname="" name="src.twisted.web.test.test_util" time="0.000"><error message="collection failure">import file mismatch:
imported module 'twisted.web.test.test_util' has this __file__ attribute:
  /workdir/Twisted-22.10.0/.tox/cpythonlibtest-alldeps-nocov/lib/python3.10/site-packages/twisted/web/test/test_util.py
which is not the same as the test file we want to collect:
  /workdir/Twisted-22.10.0/src/twisted/web/test/test_util.py
HINT: remove __pycache__ / .pyc files and/or use a unique basename for your test file modules</error></testcase><testcase classname="" name="src.twisted.web.test.test_vhost" time="0.000"><error message="collection failure">import file mismatch:
imported module 'twisted.web.test.test_vhost' has this __file__ attribute:
  /workdir/Twisted-22.10.0/.tox/cpythonlibtest-alldeps-nocov/lib/python3.10/site-packages/twisted/web/test/test_vhost.py
which is not the same as the test file we want to collect:
  /workdir/Twisted-22.10.0/src/twisted/web/test/test_vhost.py
HINT: remove __pycache__ / .pyc files and/or use a unique basename for your test file modules</error></testcase><testcase classname="" name="src.twisted.web.test.test_web" time="0.000"><error message="collection failure">import file mismatch:
imported module 'twisted.web.test.test_web' has this __file__ attribute:
  /workdir/Twisted-22.10.0/.tox/cpythonlibtest-alldeps-nocov/lib/python3.10/site-packages/twisted/web/test/test_web.py
which is not the same as the test file we want to collect:
  /workdir/Twisted-22.10.0/src/twisted/web/test/test_web.py
HINT: remove __pycache__ / .pyc files and/or use a unique basename for your test file modules</error></testcase><testcase classname="" name="src.twisted.web.test.test_web__responses" time="0.000"><error message="collection failure">import file mismatch:
imported module 'twisted.web.test.test_web__responses' has this __file__ attribute:
  /workdir/Twisted-22.10.0/.tox/cpythonlibtest-alldeps-nocov/lib/python3.10/site-packages/twisted/web/test/test_web__responses.py
which is not the same as the test file we want to collect:
  /workdir/Twisted-22.10.0/src/twisted/web/test/test_web__responses.py
HINT: remove __pycache__ / .pyc files and/or use a unique basename for your test file modules</error></testcase><testcase classname="" name="src.twisted.web.test.test_webclient" time="0.000"><error message="collection failure">import file mismatch:
imported module 'twisted.web.test.test_webclient' has this __file__ attribute:
  /workdir/Twisted-22.10.0/.tox/cpythonlibtest-alldeps-nocov/lib/python3.10/site-packages/twisted/web/test/test_webclient.py
which is not the same as the test file we want to collect:
  /workdir/Twisted-22.10.0/src/twisted/web/test/test_webclient.py
HINT: remove __pycache__ / .pyc files and/or use a unique basename for your test file modules</error></testcase><testcase classname="" name="src.twisted.web.test.test_wsgi" time="0.000"><error message="collection failure">import file mismatch:
imported module 'twisted.web.test.test_wsgi' has this __file__ attribute:
  /workdir/Twisted-22.10.0/.tox/cpythonlibtest-alldeps-nocov/lib/python3.10/site-packages/twisted/web/test/test_wsgi.py
which is not the same as the test file we want to collect:
  /workdir/Twisted-22.10.0/src/twisted/web/test/test_wsgi.py
HINT: remove __pycache__ / .pyc files and/or use a unique basename for your test file modules</error></testcase><testcase classname="" name="src.twisted.web.test.test_xml" time="0.000"><error message="collection failure">import file mismatch:
imported module 'twisted.web.test.test_xml' has this __file__ attribute:
  /workdir/Twisted-22.10.0/.tox/cpythonlibtest-alldeps-nocov/lib/python3.10/site-packages/twisted/web/test/test_xml.py
which is not the same as the test file we want to collect:
  /workdir/Twisted-22.10.0/src/twisted/web/test/test_xml.py
HINT: remove __pycache__ / .pyc files and/or use a unique basename for your test file modules</error></testcase><testcase classname="" name="src.twisted.web.test.test_xmlrpc" time="0.000"><error message="collection failure">import file mismatch:
imported module 'twisted.web.test.test_xmlrpc' has this __file__ attribute:
  /workdir/Twisted-22.10.0/.tox/cpythonlibtest-alldeps-nocov/lib/python3.10/site-packages/twisted/web/test/test_xmlrpc.py
which is not the same as the test file we want to collect:
  /workdir/Twisted-22.10.0/src/twisted/web/test/test_xmlrpc.py
HINT: remove __pycache__ / .pyc files and/or use a unique basename for your test file modules</error></testcase><testcase classname="" name="src.twisted.words.test.test_basechat" time="0.000"><error message="collection failure">import file mismatch:
imported module 'twisted.words.test.test_basechat' has this __file__ attribute:
  /workdir/Twisted-22.10.0/.tox/cpythonlibtest-alldeps-nocov/lib/python3.10/site-packages/twisted/words/test/test_basechat.py
which is not the same as the test file we want to collect:
  /workdir/Twisted-22.10.0/src/twisted/words/test/test_basechat.py
HINT: remove __pycache__ / .pyc files and/or use a unique basename for your test file modules</error></testcase><testcase classname="" name="src.twisted.words.test.test_basesupport" time="0.000"><error message="collection failure">import file mismatch:
imported module 'twisted.words.test.test_basesupport' has this __file__ attribute:
  /workdir/Twisted-22.10.0/.tox/cpythonlibtest-alldeps-nocov/lib/python3.10/site-packages/twisted/words/test/test_basesupport.py
which is not the same as the test file we want to collect:
  /workdir/Twisted-22.10.0/src/twisted/words/test/test_basesupport.py
HINT: remove __pycache__ / .pyc files and/or use a unique basename for your test file modules</error></testcase><testcase classname="" name="src.twisted.words.test.test_domish" time="0.000"><error message="collection failure">import file mismatch:
imported module 'twisted.words.test.test_domish' has this __file__ attribute:
  /workdir/Twisted-22.10.0/.tox/cpythonlibtest-alldeps-nocov/lib/python3.10/site-packages/twisted/words/test/test_domish.py
which is not the same as the test file we want to collect:
  /workdir/Twisted-22.10.0/src/twisted/words/test/test_domish.py
HINT: remove __pycache__ / .pyc files and/or use a unique basename for your test file modules</error></testcase><testcase classname="" name="src.twisted.words.test.test_irc" time="0.000"><error message="collection failure">import file mismatch:
imported module 'twisted.words.test.test_irc' has this __file__ attribute:
  /workdir/Twisted-22.10.0/.tox/cpythonlibtest-alldeps-nocov/lib/python3.10/site-packages/twisted/words/test/test_irc.py
which is not the same as the test file we want to collect:
  /workdir/Twisted-22.10.0/src/twisted/words/test/test_irc.py
HINT: remove __pycache__ / .pyc files and/or use a unique basename for your test file modules</error></testcase><testcase classname="" name="src.twisted.words.test.test_irc_service" time="0.000"><error message="collection failure">import file mismatch:
imported module 'twisted.words.test.test_irc_service' has this __file__ attribute:
  /workdir/Twisted-22.10.0/.tox/cpythonlibtest-alldeps-nocov/lib/python3.10/site-packages/twisted/words/test/test_irc_service.py
which is not the same as the test file we want to collect:
  /workdir/Twisted-22.10.0/src/twisted/words/test/test_irc_service.py
HINT: remove __pycache__ / .pyc files and/or use a unique basename for your test file modules</error></testcase><testcase classname="" name="src.twisted.words.test.test_ircsupport" time="0.000"><error message="collection failure">import file mismatch:
imported module 'twisted.words.test.test_ircsupport' has this __file__ attribute:
  /workdir/Twisted-22.10.0/.tox/cpythonlibtest-alldeps-nocov/lib/python3.10/site-packages/twisted/words/test/test_ircsupport.py
which is not the same as the test file we want to collect:
  /workdir/Twisted-22.10.0/src/twisted/words/test/test_ircsupport.py
HINT: remove __pycache__ / .pyc files and/or use a unique basename for your test file modules</error></testcase><testcase classname="" name="src.twisted.words.test.test_jabberclient" time="0.000"><error message="collection failure">import file mismatch:
imported module 'twisted.words.test.test_jabberclient' has this __file__ attribute:
  /workdir/Twisted-22.10.0/.tox/cpythonlibtest-alldeps-nocov/lib/python3.10/site-packages/twisted/words/test/test_jabberclient.py
which is not the same as the test file we want to collect:
  /workdir/Twisted-22.10.0/src/twisted/words/test/test_jabberclient.py
HINT: remove __pycache__ / .pyc files and/or use a unique basename for your test file modules</error></testcase><testcase classname="" name="src.twisted.words.test.test_jabbercomponent" time="0.000"><error message="collection failure">import file mismatch:
imported module 'twisted.words.test.test_jabbercomponent' has this __file__ attribute:
  /workdir/Twisted-22.10.0/.tox/cpythonlibtest-alldeps-nocov/lib/python3.10/site-packages/twisted/words/test/test_jabbercomponent.py
which is not the same as the test file we want to collect:
  /workdir/Twisted-22.10.0/src/twisted/words/test/test_jabbercomponent.py
HINT: remove __pycache__ / .pyc files and/or use a unique basename for your test file modules</error></testcase><testcase classname="" name="src.twisted.words.test.test_jabbererror" time="0.000"><error message="collection failure">import file mismatch:
imported module 'twisted.words.test.test_jabbererror' has this __file__ attribute:
  /workdir/Twisted-22.10.0/.tox/cpythonlibtest-alldeps-nocov/lib/python3.10/site-packages/twisted/words/test/test_jabbererror.py
which is not the same as the test file we want to collect:
  /workdir/Twisted-22.10.0/src/twisted/words/test/test_jabbererror.py
HINT: remove __pycache__ / .pyc files and/or use a unique basename for your test file modules</error></testcase><testcase classname="" name="src.twisted.words.test.test_jabberjid" time="0.000"><error message="collection failure">import file mismatch:
imported module 'twisted.words.test.test_jabberjid' has this __file__ attribute:
  /workdir/Twisted-22.10.0/.tox/cpythonlibtest-alldeps-nocov/lib/python3.10/site-packages/twisted/words/test/test_jabberjid.py
which is not the same as the test file we want to collect:
  /workdir/Twisted-22.10.0/src/twisted/words/test/test_jabberjid.py
HINT: remove __pycache__ / .pyc files and/or use a unique basename for your test file modules</error></testcase><testcase classname="" name="src.twisted.words.test.test_jabberjstrports" time="0.000"><error message="collection failure">import file mismatch:
imported module 'twisted.words.test.test_jabberjstrports' has this __file__ attribute:
  /workdir/Twisted-22.10.0/.tox/cpythonlibtest-alldeps-nocov/lib/python3.10/site-packages/twisted/words/test/test_jabberjstrports.py
which is not the same as the test file we want to collect:
  /workdir/Twisted-22.10.0/src/twisted/words/test/test_jabberjstrports.py
HINT: remove __pycache__ / .pyc files and/or use a unique basename for your test file modules</error></testcase><testcase classname="" name="src.twisted.words.test.test_jabbersasl" time="0.000"><error message="collection failure">import file mismatch:
imported module 'twisted.words.test.test_jabbersasl' has this __file__ attribute:
  /workdir/Twisted-22.10.0/.tox/cpythonlibtest-alldeps-nocov/lib/python3.10/site-packages/twisted/words/test/test_jabbersasl.py
which is not the same as the test file we want to collect:
  /workdir/Twisted-22.10.0/src/twisted/words/test/test_jabbersasl.py
HINT: remove __pycache__ / .pyc files and/or use a unique basename for your test file modules</error></testcase><testcase classname="" name="src.twisted.words.test.test_jabbersaslmechanisms" time="0.000"><error message="collection failure">import file mismatch:
imported module 'twisted.words.test.test_jabbersaslmechanisms' has this __file__ attribute:
  /workdir/Twisted-22.10.0/.tox/cpythonlibtest-alldeps-nocov/lib/python3.10/site-packages/twisted/words/test/test_jabbersaslmechanisms.py
which is not the same as the test file we want to collect:
  /workdir/Twisted-22.10.0/src/twisted/words/test/test_jabbersaslmechanisms.py
HINT: remove __pycache__ / .pyc files and/or use a unique basename for your test file modules</error></testcase><testcase classname="" name="src.twisted.words.test.test_jabberxmlstream" time="0.000"><error message="collection failure">import file mismatch:
imported module 'twisted.words.test.test_jabberxmlstream' has this __file__ attribute:
  /workdir/Twisted-22.10.0/.tox/cpythonlibtest-alldeps-nocov/lib/python3.10/site-packages/twisted/words/test/test_jabberxmlstream.py
which is not the same as the test file we want to collect:
  /workdir/Twisted-22.10.0/src/twisted/words/test/test_jabberxmlstream.py
HINT: remove __pycache__ / .pyc files and/or use a unique basename for your test file modules</error></testcase><testcase classname="" name="src.twisted.words.test.test_jabberxmppstringprep" time="0.000"><error message="collection failure">import file mismatch:
imported module 'twisted.words.test.test_jabberxmppstringprep' has this __file__ attribute:
  /workdir/Twisted-22.10.0/.tox/cpythonlibtest-alldeps-nocov/lib/python3.10/site-packages/twisted/words/test/test_jabberxmppstringprep.py
which is not the same as the test file we want to collect:
  /workdir/Twisted-22.10.0/src/twisted/words/test/test_jabberxmppstringprep.py
HINT: remove __pycache__ / .pyc files and/or use a unique basename for your test file modules</error></testcase><testcase classname="" name="src.twisted.words.test.test_service" time="0.000"><error message="collection failure">import file mismatch:
imported module 'twisted.words.test.test_service' has this __file__ attribute:
  /workdir/Twisted-22.10.0/.tox/cpythonlibtest-alldeps-nocov/lib/python3.10/site-packages/twisted/words/test/test_service.py
which is not the same as the test file we want to collect:
  /workdir/Twisted-22.10.0/src/twisted/words/test/test_service.py
HINT: remove __pycache__ / .pyc files and/or use a unique basename for your test file modules</error></testcase><testcase classname="" name="src.twisted.words.test.test_tap" time="0.000"><error message="collection failure">import file mismatch:
imported module 'twisted.words.test.test_tap' has this __file__ attribute:
  /workdir/Twisted-22.10.0/.tox/cpythonlibtest-alldeps-nocov/lib/python3.10/site-packages/twisted/words/test/test_tap.py
which is not the same as the test file we want to collect:
  /workdir/Twisted-22.10.0/src/twisted/words/test/test_tap.py
HINT: remove __pycache__ / .pyc files and/or use a unique basename for your test file modules</error></testcase><testcase classname="" name="src.twisted.words.test.test_xishutil" time="0.000"><error message="collection failure">import file mismatch:
imported module 'twisted.words.test.test_xishutil' has this __file__ attribute:
  /workdir/Twisted-22.10.0/.tox/cpythonlibtest-alldeps-nocov/lib/python3.10/site-packages/twisted/words/test/test_xishutil.py
which is not the same as the test file we want to collect:
  /workdir/Twisted-22.10.0/src/twisted/words/test/test_xishutil.py
HINT: remove __pycache__ / .pyc files and/or use a unique basename for your test file modules</error></testcase><testcase classname="" name="src.twisted.words.test.test_xmlstream" time="0.000"><error message="collection failure">import file mismatch:
imported module 'twisted.words.test.test_xmlstream' has this __file__ attribute:
  /workdir/Twisted-22.10.0/.tox/cpythonlibtest-alldeps-nocov/lib/python3.10/site-packages/twisted/words/test/test_xmlstream.py
which is not the same as the test file we want to collect:
  /workdir/Twisted-22.10.0/src/twisted/words/test/test_xmlstream.py
HINT: remove __pycache__ / .pyc files and/or use a unique basename for your test file modules</error></testcase><testcase classname="" name="src.twisted.words.test.test_xmpproutertap" time="0.000"><error message="collection failure">import file mismatch:
imported module 'twisted.words.test.test_xmpproutertap' has this __file__ attribute:
  /workdir/Twisted-22.10.0/.tox/cpythonlibtest-alldeps-nocov/lib/python3.10/site-packages/twisted/words/test/test_xmpproutertap.py
which is not the same as the test file we want to collect:
  /workdir/Twisted-22.10.0/src/twisted/words/test/test_xmpproutertap.py
HINT: remove __pycache__ / .pyc files and/or use a unique basename for your test file modules</error></testcase><testcase classname="" name="src.twisted.words.test.test_xpath" time="0.000"><error message="collection failure">import file mismatch:
imported module 'twisted.words.test.test_xpath' has this __file__ attribute:
  /workdir/Twisted-22.10.0/.tox/cpythonlibtest-alldeps-nocov/lib/python3.10/site-packages/twisted/words/test/test_xpath.py
which is not the same as the test file we want to collect:
  /workdir/Twisted-22.10.0/src/twisted/words/test/test_xpath.py
HINT: remove __pycache__ / .pyc files and/or use a unique basename for your test file modules</error></testcase></testsuite></testsuites>