<?xml version="1.0" encoding="utf-8"?><testsuites><testsuite name="pytest" errors="4" failures="0" skipped="0" tests="4" time="0.168" timestamp="2023-11-20T21:41:53.693563" hostname="b80581c01e0f"><testcase classname="" name="tests.test_astroid" time="0.000"><error message="collection failure">ImportError while importing test module '/workdir/asttokens-2.2.1/tests/test_astroid.py'.
Hint: make sure your test modules/packages have valid Python names.
Traceback:
/usr/local/lib/python3.10/importlib/__init__.py:126: in import_module
    return _bootstrap._gcd_import(name[level:], package, level)
tests/test_astroid.py:4: in &lt;module&gt;
    import astroid
E   ModuleNotFoundError: No module named 'astroid'</error></testcase><testcase classname="" name="tests.test_mark_tokens" time="0.000"><error message="collection failure">ImportError while importing test module '/workdir/asttokens-2.2.1/tests/test_mark_tokens.py'.
Hint: make sure your test modules/packages have valid Python names.
Traceback:
/usr/local/lib/python3.10/importlib/__init__.py:126: in import_module
    return _bootstrap._gcd_import(name[level:], package, level)
tests/test_mark_tokens.py:16: in &lt;module&gt;
    import astroid
E   ModuleNotFoundError: No module named 'astroid'</error></testcase><testcase classname="" name="tests.test_tokenless" time="0.000"><error message="collection failure">ImportError while importing test module '/workdir/asttokens-2.2.1/tests/test_tokenless.py'.
Hint: make sure your test modules/packages have valid Python names.
Traceback:
/usr/local/lib/python3.10/importlib/__init__.py:126: in import_module
    return _bootstrap._gcd_import(name[level:], package, level)
tests/test_tokenless.py:5: in &lt;module&gt;
    import astroid
E   ModuleNotFoundError: No module named 'astroid'</error></testcase><testcase classname="" name="tests.test_util" time="0.000"><error message="collection failure">ImportError while importing test module '/workdir/asttokens-2.2.1/tests/test_util.py'.
Hint: make sure your test modules/packages have valid Python names.
Traceback:
/usr/local/lib/python3.10/importlib/__init__.py:126: in import_module
    return _bootstrap._gcd_import(name[level:], package, level)
tests/test_util.py:9: in &lt;module&gt;
    import astroid
E   ModuleNotFoundError: No module named 'astroid'</error></testcase></testsuite></testsuites>