Collecting mlflow==2.0.1
  Downloading mlflow-2.0.1-py3-none-any.whl (16.5 MB)
     â”â”â”â”â”â”â”â”â”â”â”â”â”â”â”â”â”â”â”â”â”â”â”â”â”â”â”â”â”â”â”â”â”â”â”â”â”â”â”â” 16.5/16.5 MB 5.5 MB/s eta 0:00:00
Collecting click<9,>=7.0
  Using cached click-8.1.7-py3-none-any.whl (97 kB)
Collecting cloudpickle<3
  Using cached cloudpickle-2.2.1-py3-none-any.whl (25 kB)
Collecting databricks-cli<1,>=0.8.7
  Downloading databricks_cli-0.18.0-py2.py3-none-any.whl (150 kB)
     â”â”â”â”â”â”â”â”â”â”â”â”â”â”â”â”â”â”â”â”â”â”â”â”â”â”â”â”â”â”â”â”â”â”â”â”â”â”â” 150.3/150.3 kB 3.7 MB/s eta 0:00:00
Collecting entrypoints<1
  Using cached entrypoints-0.4-py3-none-any.whl (5.3 kB)
Collecting gitpython<4,>=2.1.0
  Using cached GitPython-3.1.40-py3-none-any.whl (190 kB)
Collecting pyyaml<7,>=5.1
  Using cached PyYAML-6.0.1-py3-none-any.whl
Collecting protobuf<5,>=3.12.0
  Using cached protobuf-4.25.1-py3-none-any.whl (156 kB)
Collecting pytz<2023
  Using cached pytz-2022.2.1-py2.py3-none-any.whl (500 kB)
Collecting requests<3,>=2.17.3
  Using cached requests-2.31.0-py3-none-any.whl (62 kB)
Collecting packaging<22
  Using cached packaging-21.3-py3-none-any.whl (40 kB)
Collecting importlib-metadata!=4.7.0,<6,>=3.7.0
  Downloading importlib_metadata-5.2.0-py3-none-any.whl (21 kB)
Collecting sqlparse<1,>=0.4.0
  Downloading sqlparse-0.4.4-py3-none-any.whl (41 kB)
     â”â”â”â”â”â”â”â”â”â”â”â”â”â”â”â”â”â”â”â”â”â”â”â”â”â”â”â”â”â”â”â”â”â”â”â”â”â”â”â” 41.2/41.2 kB 2.1 MB/s eta 0:00:00
Collecting alembic<2
  Downloading alembic-1.12.1-py3-none-any.whl (226 kB)
     â”â”â”â”â”â”â”â”â”â”â”â”â”â”â”â”â”â”â”â”â”â”â”â”â”â”â”â”â”â”â”â”â”â”â”â”â”â”â” 226.8/226.8 kB 4.9 MB/s eta 0:00:00
Collecting docker<7,>=4.0.0
  Downloading docker-6.1.3-py3-none-any.whl (148 kB)
     â”â”â”â”â”â”â”â”â”â”â”â”â”â”â”â”â”â”â”â”â”â”â”â”â”â”â”â”â”â”â”â”â”â”â”â”â”â”â” 148.1/148.1 kB 5.3 MB/s eta 0:00:00
Collecting Flask<3
  Downloading flask-2.3.3-py3-none-any.whl (96 kB)
     â”â”â”â”â”â”â”â”â”â”â”â”â”â”â”â”â”â”â”â”â”â”â”â”â”â”â”â”â”â”â”â”â”â”â”â”â”â”â”â” 96.1/96.1 kB 4.3 MB/s eta 0:00:00
Collecting numpy<2
  Using cached numpy-1.23.5-graalpy310-graalpy231_310_native-linux_x86_64.whl
Collecting scipy<2
  Using cached scipy-1.10.1-graalpy310-graalpy231_310_native-linux_x86_64.whl
Collecting pandas<2
  Using cached pandas-1.5.2-graalpy310-graalpy231_310_native-linux_x86_64.whl
Collecting querystring-parser<2
  Downloading querystring_parser-1.2.4-py2.py3-none-any.whl (7.9 kB)
Collecting sqlalchemy<2,>=1.4.0
  Downloading SQLAlchemy-1.4.50.tar.gz (8.5 MB)
     â”â”â”â”â”â”â”â”â”â”â”â”â”â”â”â”â”â”â”â”â”â”â”â”â”â”â”â”â”â”â”â”â”â”â”â”â”â”â”â” 8.5/8.5 MB 8.5 MB/s eta 0:00:00
auto-patching C API usages in /tmp/pip-install-a2a8__qi/sqlalchemy_3f4a7e24648440428ff057e5cd57ad76/lib/sqlalchemy/cextension/processors.c
Looking for GraalPy patches for SQLAlchemy
  Preparing metadata (setup.py): started
  Preparing metadata (setup.py): finished with status 'done'
Collecting scikit-learn<2
  Using cached scikit_learn-1.1.3-graalpy310-graalpy231_310_native-linux_x86_64.whl
Collecting pyarrow<11,>=4.0.0
  Using cached pyarrow-10.0.1.tar.gz (994 kB)
Looking for GraalPy patches for pyarrow
  Installing build dependencies: started
  Installing build dependencies: finished with status 'done'
  Getting requirements to build wheel: started
  Getting requirements to build wheel: finished with status 'done'
  Preparing metadata (pyproject.toml): started
  Preparing metadata (pyproject.toml): finished with status 'done'
Collecting shap<1,>=0.40
  Downloading shap-0.43.0.tar.gz (389 kB)
     â”â”â”â”â”â”â”â”â”â”â”â”â”â”â”â”â”â”â”â”â”â”â”â”â”â”â”â”â”â”â”â”â”â”â”â”â”â” 389.1/389.1 kB 13.0 MB/s eta 0:00:00
Looking for GraalPy patches for shap
  Installing build dependencies: started
  Installing build dependencies: finished with status 'done'
  Getting requirements to build wheel: started
  Getting requirements to build wheel: finished with status 'done'
  Installing backend dependencies: started
  Installing backend dependencies: finished with status 'done'
  Preparing metadata (pyproject.toml): started
  Preparing metadata (pyproject.toml): finished with status 'done'
Collecting markdown<4,>=3.3
  Using cached Markdown-3.5.1-py3-none-any.whl (102 kB)
Collecting matplotlib<4
  Using cached matplotlib-3.7.0-graalpy310-graalpy231_310_native-linux_x86_64.whl
Collecting gunicorn<21
  Using cached gunicorn-20.1.0-py3-none-any.whl (79 kB)
Collecting Jinja2<4,>=2.11
  Using cached Jinja2-3.1.2-py3-none-any.whl (133 kB)
Collecting Mako
  Using cached Mako-1.3.0-py3-none-any.whl (78 kB)
Collecting typing-extensions>=4
  Using cached typing_extensions-4.8.0-py3-none-any.whl (31 kB)
Collecting pyjwt>=1.7.0
  Downloading PyJWT-2.8.0-py3-none-any.whl (22 kB)
Collecting oauthlib>=3.1.0
  Using cached oauthlib-3.2.2-py3-none-any.whl (151 kB)
Collecting tabulate>=0.7.7
  Downloading tabulate-0.9.0-py3-none-any.whl (35 kB)
Collecting six>=1.10.0
  Using cached six-1.16.0-py2.py3-none-any.whl (11 kB)
Collecting urllib3<3,>=1.26.7
  Using cached urllib3-2.1.0-py3-none-any.whl (104 kB)
Collecting websocket-client>=0.32.0
  Using cached websocket_client-1.6.4-py3-none-any.whl (57 kB)
Collecting Werkzeug>=2.3.7
  Using cached werkzeug-3.0.1-py3-none-any.whl (226 kB)
Collecting itsdangerous>=2.1.2
  Using cached itsdangerous-2.1.2-py3-none-any.whl (15 kB)
Collecting blinker>=1.6.2
  Using cached blinker-1.7.0-py3-none-any.whl (13 kB)
Collecting gitdb<5,>=4.0.1
  Using cached gitdb-4.0.11-py3-none-any.whl (62 kB)
Requirement already satisfied: setuptools>=3.0 in ./install-virtualenv/lib/python3.10/site-packages (from gunicorn<21->mlflow==2.0.1) (63.2.0)
Collecting zipp>=0.5
  Using cached zipp-3.17.0-py3-none-any.whl (7.4 kB)
Collecting MarkupSafe>=2.0
  Using cached MarkupSafe-2.1.3-py3-none-any.whl
Collecting contourpy>=1.0.1
  Using cached contourpy-1.2.0-graalpy310-graalpy231_310_native-linux_x86_64.whl
Collecting cycler>=0.10
  Using cached cycler-0.12.1-py3-none-any.whl (8.3 kB)
Collecting fonttools>=4.22.0
  Using cached fonttools-4.45.0-py3-none-any.whl (1.0 MB)
Collecting kiwisolver>=1.0.1
  Using cached kiwisolver-1.4.5-graalpy310-graalpy231_310_native-linux_x86_64.whl
Collecting pillow>=6.2.0
  Using cached Pillow-10.1.0-graalpy310-graalpy231_310_native-linux_x86_64.whl
Collecting pyparsing>=2.3.1
  Using cached pyparsing-3.0.8-py3-none-any.whl (98 kB)
Collecting python-dateutil>=2.7
  Using cached python_dateutil-2.8.2-py2.py3-none-any.whl (247 kB)
Collecting charset-normalizer<4,>=2
  Using cached charset_normalizer-3.1.0-py3-none-any.whl (46 kB)
Collecting idna<4,>=2.5
  Using cached idna-3.4-py3-none-any.whl (61 kB)
Collecting certifi>=2017.4.17
  Using cached certifi-2023.11.17-py3-none-any.whl (162 kB)
Collecting joblib>=1.0.0
  Using cached joblib-1.3.2-py3-none-any.whl (302 kB)
Collecting threadpoolctl>=2.0.0
  Using cached threadpoolctl-3.2.0-py3-none-any.whl (15 kB)
Collecting tqdm>=4.27.0
  Using cached tqdm-4.66.1-py3-none-any.whl (78 kB)
Collecting slicer==0.0.7
  Downloading slicer-0.0.7-py3-none-any.whl (14 kB)
Collecting numba
  Using cached numba-0.58.1.tar.gz (2.6 MB)
Looking for GraalPy patches for numba
  Preparing metadata (setup.py): started
  Preparing metadata (setup.py): finished with status 'done'
Collecting greenlet!=0.4.17
  Using cached greenlet-3.0.1-graalpy310-graalpy231_310_native-linux_x86_64.whl
Collecting smmap<6,>=3.0.1
  Using cached smmap-5.0.1-py3-none-any.whl (24 kB)
Collecting llvmlite<0.42,>=0.41.0dev0
  Using cached llvmlite-0.41.1-graalpy310-graalpy231_310_native-linux_x86_64.whl
Building wheels for collected packages: pyarrow, shap, sqlalchemy, numba
  Building wheel for pyarrow (pyproject.toml): started
  Building wheel for pyarrow (pyproject.toml): finished with status 'error'
  error: subprocess-exited-with-error
  
  Ã— Building wheel for pyarrow (pyproject.toml) did not run successfully.
  â”‚ exit code: 1
  â•°â”€> [414 lines of output]
      WARNING setuptools_scm.pyproject_reading toml section missing 'pyproject.toml does not contain a tool.setuptools_scm section'
      running bdist_wheel
      running build
      running build_py
      creating build
      creating build/lib.linux-x86_64-3.10
      creating build/lib.linux-x86_64-3.10/pyarrow
      copying pyarrow/pandas_compat.py -> build/lib.linux-x86_64-3.10/pyarrow
      copying pyarrow/__init__.py -> build/lib.linux-x86_64-3.10/pyarrow
      copying pyarrow/conftest.py -> build/lib.linux-x86_64-3.10/pyarrow
      copying pyarrow/_generated_version.py -> build/lib.linux-x86_64-3.10/pyarrow
      copying pyarrow/dataset.py -> build/lib.linux-x86_64-3.10/pyarrow
      copying pyarrow/cuda.py -> build/lib.linux-x86_64-3.10/pyarrow
      copying pyarrow/compute.py -> build/lib.linux-x86_64-3.10/pyarrow
      copying pyarrow/benchmark.py -> build/lib.linux-x86_64-3.10/pyarrow
      copying pyarrow/json.py -> build/lib.linux-x86_64-3.10/pyarrow
      copying pyarrow/plasma.py -> build/lib.linux-x86_64-3.10/pyarrow
      copying pyarrow/serialization.py -> build/lib.linux-x86_64-3.10/pyarrow
      copying pyarrow/ipc.py -> build/lib.linux-x86_64-3.10/pyarrow
      copying pyarrow/substrait.py -> build/lib.linux-x86_64-3.10/pyarrow
      copying pyarrow/fs.py -> build/lib.linux-x86_64-3.10/pyarrow
      copying pyarrow/cffi.py -> build/lib.linux-x86_64-3.10/pyarrow
      copying pyarrow/csv.py -> build/lib.linux-x86_64-3.10/pyarrow
      copying pyarrow/_compute_docstrings.py -> build/lib.linux-x86_64-3.10/pyarrow
      copying pyarrow/jvm.py -> build/lib.linux-x86_64-3.10/pyarrow
      copying pyarrow/hdfs.py -> build/lib.linux-x86_64-3.10/pyarrow
      copying pyarrow/util.py -> build/lib.linux-x86_64-3.10/pyarrow
      copying pyarrow/orc.py -> build/lib.linux-x86_64-3.10/pyarrow
      copying pyarrow/flight.py -> build/lib.linux-x86_64-3.10/pyarrow
      copying pyarrow/feather.py -> build/lib.linux-x86_64-3.10/pyarrow
      copying pyarrow/types.py -> build/lib.linux-x86_64-3.10/pyarrow
      copying pyarrow/filesystem.py -> build/lib.linux-x86_64-3.10/pyarrow
      creating build/lib.linux-x86_64-3.10/pyarrow/vendored
      copying pyarrow/vendored/docscrape.py -> build/lib.linux-x86_64-3.10/pyarrow/vendored
      copying pyarrow/vendored/__init__.py -> build/lib.linux-x86_64-3.10/pyarrow/vendored
      copying pyarrow/vendored/version.py -> build/lib.linux-x86_64-3.10/pyarrow/vendored
      package init file 'pyarrow/src/__init__.py' not found (or not a regular file)
      creating build/lib.linux-x86_64-3.10/pyarrow/parquet
      copying pyarrow/parquet/__init__.py -> build/lib.linux-x86_64-3.10/pyarrow/parquet
      copying pyarrow/parquet/encryption.py -> build/lib.linux-x86_64-3.10/pyarrow/parquet
      copying pyarrow/parquet/core.py -> build/lib.linux-x86_64-3.10/pyarrow/parquet
      creating build/lib.linux-x86_64-3.10/pyarrow/tests
      copying pyarrow/tests/test_feather.py -> build/lib.linux-x86_64-3.10/pyarrow/tests
      copying pyarrow/tests/test_serialization_deprecated.py -> build/lib.linux-x86_64-3.10/pyarrow/tests
      copying pyarrow/tests/test_gandiva.py -> build/lib.linux-x86_64-3.10/pyarrow/tests
      copying pyarrow/tests/test_csv.py -> build/lib.linux-x86_64-3.10/pyarrow/tests
      copying pyarrow/tests/test_filesystem.py -> build/lib.linux-x86_64-3.10/pyarrow/tests
      copying pyarrow/tests/test_serialization.py -> build/lib.linux-x86_64-3.10/pyarrow/tests
      copying pyarrow/tests/test_memory.py -> build/lib.linux-x86_64-3.10/pyarrow/tests
      copying pyarrow/tests/__init__.py -> build/lib.linux-x86_64-3.10/pyarrow/tests
      copying pyarrow/tests/test_types.py -> build/lib.linux-x86_64-3.10/pyarrow/tests
      copying pyarrow/tests/conftest.py -> build/lib.linux-x86_64-3.10/pyarrow/tests
      copying pyarrow/tests/test_convert_builtin.py -> build/lib.linux-x86_64-3.10/pyarrow/tests
      copying pyarrow/tests/test_jvm.py -> build/lib.linux-x86_64-3.10/pyarrow/tests
      copying pyarrow/tests/test_flight.py -> build/lib.linux-x86_64-3.10/pyarrow/tests
      copying pyarrow/tests/test_misc.py -> build/lib.linux-x86_64-3.10/pyarrow/tests
      copying pyarrow/tests/test_deprecations.py -> build/lib.linux-x86_64-3.10/pyarrow/tests
      copying pyarrow/tests/test_ipc.py -> build/lib.linux-x86_64-3.10/pyarrow/tests
      copying pyarrow/tests/test_plasma_tf_op.py -> build/lib.linux-x86_64-3.10/pyarrow/tests
      copying pyarrow/tests/test_gdb.py -> build/lib.linux-x86_64-3.10/pyarrow/tests
      copying pyarrow/tests/test_builder.py -> build/lib.linux-x86_64-3.10/pyarrow/tests
      copying pyarrow/tests/test_pandas.py -> build/lib.linux-x86_64-3.10/pyarrow/tests
      copying pyarrow/tests/test_strategies.py -> build/lib.linux-x86_64-3.10/pyarrow/tests
      copying pyarrow/tests/deserialize_buffer.py -> build/lib.linux-x86_64-3.10/pyarrow/tests
      copying pyarrow/tests/test_compute.py -> build/lib.linux-x86_64-3.10/pyarrow/tests
      copying pyarrow/tests/strategies.py -> build/lib.linux-x86_64-3.10/pyarrow/tests
      copying pyarrow/tests/test_hdfs.py -> build/lib.linux-x86_64-3.10/pyarrow/tests
      copying pyarrow/tests/test_scalars.py -> build/lib.linux-x86_64-3.10/pyarrow/tests
      copying pyarrow/tests/pandas_examples.py -> build/lib.linux-x86_64-3.10/pyarrow/tests
      copying pyarrow/tests/test_plasma.py -> build/lib.linux-x86_64-3.10/pyarrow/tests
      copying pyarrow/tests/test_cython.py -> build/lib.linux-x86_64-3.10/pyarrow/tests
      copying pyarrow/tests/test_json.py -> build/lib.linux-x86_64-3.10/pyarrow/tests
      copying pyarrow/tests/test_adhoc_memory_leak.py -> build/lib.linux-x86_64-3.10/pyarrow/tests
      copying pyarrow/tests/test_fs.py -> build/lib.linux-x86_64-3.10/pyarrow/tests
      copying pyarrow/tests/test_exec_plan.py -> build/lib.linux-x86_64-3.10/pyarrow/tests
      copying pyarrow/tests/test_substrait.py -> build/lib.linux-x86_64-3.10/pyarrow/tests
      copying pyarrow/tests/arrow_16597.py -> build/lib.linux-x86_64-3.10/pyarrow/tests
      copying pyarrow/tests/test_orc.py -> build/lib.linux-x86_64-3.10/pyarrow/tests
      copying pyarrow/tests/test_cuda.py -> build/lib.linux-x86_64-3.10/pyarrow/tests
      copying pyarrow/tests/test_sparse_tensor.py -> build/lib.linux-x86_64-3.10/pyarrow/tests
      copying pyarrow/tests/test_cffi.py -> build/lib.linux-x86_64-3.10/pyarrow/tests
      copying pyarrow/tests/test_tensor.py -> build/lib.linux-x86_64-3.10/pyarrow/tests
      copying pyarrow/tests/arrow_7980.py -> build/lib.linux-x86_64-3.10/pyarrow/tests
      copying pyarrow/tests/test_array.py -> build/lib.linux-x86_64-3.10/pyarrow/tests
      copying pyarrow/tests/test_util.py -> build/lib.linux-x86_64-3.10/pyarrow/tests
      copying pyarrow/tests/test_schema.py -> build/lib.linux-x86_64-3.10/pyarrow/tests
      copying pyarrow/tests/test_dataset.py -> build/lib.linux-x86_64-3.10/pyarrow/tests
      copying pyarrow/tests/test_cpp_internals.py -> build/lib.linux-x86_64-3.10/pyarrow/tests
      copying pyarrow/tests/util.py -> build/lib.linux-x86_64-3.10/pyarrow/tests
      copying pyarrow/tests/test_table.py -> build/lib.linux-x86_64-3.10/pyarrow/tests
      copying pyarrow/tests/test_io.py -> build/lib.linux-x86_64-3.10/pyarrow/tests
      copying pyarrow/tests/test_udf.py -> build/lib.linux-x86_64-3.10/pyarrow/tests
      copying pyarrow/tests/pandas_threaded_import.py -> build/lib.linux-x86_64-3.10/pyarrow/tests
      copying pyarrow/tests/read_record_batch.py -> build/lib.linux-x86_64-3.10/pyarrow/tests
      copying pyarrow/tests/test_extension_type.py -> build/lib.linux-x86_64-3.10/pyarrow/tests
      copying pyarrow/tests/test_cuda_numba_interop.py -> build/lib.linux-x86_64-3.10/pyarrow/tests
      package init file 'pyarrow/tensorflow/__init__.py' not found (or not a regular file)
      package init file 'pyarrow/includes/__init__.py' not found (or not a regular file)
      package init file 'pyarrow/src/arrow/__init__.py' not found (or not a regular file)
      package init file 'pyarrow/src/arrow/python/__init__.py' not found (or not a regular file)
      creating build/lib.linux-x86_64-3.10/pyarrow/tests/parquet
      copying pyarrow/tests/parquet/test_parquet_file.py -> build/lib.linux-x86_64-3.10/pyarrow/tests/parquet
      copying pyarrow/tests/parquet/test_basic.py -> build/lib.linux-x86_64-3.10/pyarrow/tests/parquet
      copying pyarrow/tests/parquet/test_metadata.py -> build/lib.linux-x86_64-3.10/pyarrow/tests/parquet
      copying pyarrow/tests/parquet/__init__.py -> build/lib.linux-x86_64-3.10/pyarrow/tests/parquet
      copying pyarrow/tests/parquet/conftest.py -> build/lib.linux-x86_64-3.10/pyarrow/tests/parquet
      copying pyarrow/tests/parquet/common.py -> build/lib.linux-x86_64-3.10/pyarrow/tests/parquet
      copying pyarrow/tests/parquet/test_pandas.py -> build/lib.linux-x86_64-3.10/pyarrow/tests/parquet
      copying pyarrow/tests/parquet/test_encryption.py -> build/lib.linux-x86_64-3.10/pyarrow/tests/parquet
      copying pyarrow/tests/parquet/test_parquet_writer.py -> build/lib.linux-x86_64-3.10/pyarrow/tests/parquet
      copying pyarrow/tests/parquet/encryption.py -> build/lib.linux-x86_64-3.10/pyarrow/tests/parquet
      copying pyarrow/tests/parquet/test_data_types.py -> build/lib.linux-x86_64-3.10/pyarrow/tests/parquet
      copying pyarrow/tests/parquet/test_dataset.py -> build/lib.linux-x86_64-3.10/pyarrow/tests/parquet
      copying pyarrow/tests/parquet/test_compliant_nested_type.py -> build/lib.linux-x86_64-3.10/pyarrow/tests/parquet
      copying pyarrow/tests/parquet/test_datetime.py -> build/lib.linux-x86_64-3.10/pyarrow/tests/parquet
      package init file 'pyarrow/tests/data/__init__.py' not found (or not a regular file)
      package init file 'pyarrow/tests/data/parquet/__init__.py' not found (or not a regular file)
      package init file 'pyarrow/tests/data/orc/__init__.py' not found (or not a regular file)
      package init file 'pyarrow/tests/data/feather/__init__.py' not found (or not a regular file)
      running egg_info
      writing pyarrow.egg-info/PKG-INFO
      writing dependency_links to pyarrow.egg-info/dependency_links.txt
      writing entry points to pyarrow.egg-info/entry_points.txt
      writing requirements to pyarrow.egg-info/requires.txt
      writing top-level names to pyarrow.egg-info/top_level.txt
      ERROR setuptools_scm._file_finders.git listing git files failed - pretending there aren't any
      reading manifest file 'pyarrow.egg-info/SOURCES.txt'
      reading manifest template 'MANIFEST.in'
      warning: no files found matching '../LICENSE.txt'
      warning: no files found matching '../NOTICE.txt'
      warning: no previously-included files matching '*.so' found anywhere in distribution
      warning: no previously-included files matching '*.pyc' found anywhere in distribution
      warning: no previously-included files matching '*~' found anywhere in distribution
      warning: no previously-included files matching '#*' found anywhere in distribution
      warning: no previously-included files matching '.git*' found anywhere in distribution
      warning: no previously-included files matching '.DS_Store' found anywhere in distribution
      no previously-included directories found matching '.asv'
      writing manifest file 'pyarrow.egg-info/SOURCES.txt'
      copying pyarrow/__init__.pxd -> build/lib.linux-x86_64-3.10/pyarrow
      copying pyarrow/_compute.pxd -> build/lib.linux-x86_64-3.10/pyarrow
      copying pyarrow/_compute.pyx -> build/lib.linux-x86_64-3.10/pyarrow
      copying pyarrow/_csv.pxd -> build/lib.linux-x86_64-3.10/pyarrow
      copying pyarrow/_csv.pyx -> build/lib.linux-x86_64-3.10/pyarrow
      copying pyarrow/_cuda.pxd -> build/lib.linux-x86_64-3.10/pyarrow
      copying pyarrow/_cuda.pyx -> build/lib.linux-x86_64-3.10/pyarrow
      copying pyarrow/_dataset.pxd -> build/lib.linux-x86_64-3.10/pyarrow
      copying pyarrow/_dataset.pyx -> build/lib.linux-x86_64-3.10/pyarrow
      copying pyarrow/_dataset_orc.pyx -> build/lib.linux-x86_64-3.10/pyarrow
      copying pyarrow/_dataset_parquet.pyx -> build/lib.linux-x86_64-3.10/pyarrow
      copying pyarrow/_exec_plan.pyx -> build/lib.linux-x86_64-3.10/pyarrow
      copying pyarrow/_feather.pyx -> build/lib.linux-x86_64-3.10/pyarrow
      copying pyarrow/_flight.pyx -> build/lib.linux-x86_64-3.10/pyarrow
      copying pyarrow/_fs.pxd -> build/lib.linux-x86_64-3.10/pyarrow
      copying pyarrow/_fs.pyx -> build/lib.linux-x86_64-3.10/pyarrow
      copying pyarrow/_gcsfs.pyx -> build/lib.linux-x86_64-3.10/pyarrow
      copying pyarrow/_hdfs.pyx -> build/lib.linux-x86_64-3.10/pyarrow
      copying pyarrow/_hdfsio.pyx -> build/lib.linux-x86_64-3.10/pyarrow
      copying pyarrow/_json.pyx -> build/lib.linux-x86_64-3.10/pyarrow
      copying pyarrow/_orc.pxd -> build/lib.linux-x86_64-3.10/pyarrow
      copying pyarrow/_orc.pyx -> build/lib.linux-x86_64-3.10/pyarrow
      copying pyarrow/_parquet.pxd -> build/lib.linux-x86_64-3.10/pyarrow
      copying pyarrow/_parquet.pyx -> build/lib.linux-x86_64-3.10/pyarrow
      copying pyarrow/_parquet_encryption.pxd -> build/lib.linux-x86_64-3.10/pyarrow
      copying pyarrow/_parquet_encryption.pyx -> build/lib.linux-x86_64-3.10/pyarrow
      copying pyarrow/_plasma.pyx -> build/lib.linux-x86_64-3.10/pyarrow
      copying pyarrow/_pyarrow_cpp_tests.pxd -> build/lib.linux-x86_64-3.10/pyarrow
      copying pyarrow/_pyarrow_cpp_tests.pyx -> build/lib.linux-x86_64-3.10/pyarrow
      copying pyarrow/_s3fs.pyx -> build/lib.linux-x86_64-3.10/pyarrow
      copying pyarrow/_substrait.pyx -> build/lib.linux-x86_64-3.10/pyarrow
      copying pyarrow/array.pxi -> build/lib.linux-x86_64-3.10/pyarrow
      copying pyarrow/benchmark.pxi -> build/lib.linux-x86_64-3.10/pyarrow
      copying pyarrow/builder.pxi -> build/lib.linux-x86_64-3.10/pyarrow
      copying pyarrow/compat.pxi -> build/lib.linux-x86_64-3.10/pyarrow
      copying pyarrow/config.pxi -> build/lib.linux-x86_64-3.10/pyarrow
      copying pyarrow/error.pxi -> build/lib.linux-x86_64-3.10/pyarrow
      copying pyarrow/gandiva.pyx -> build/lib.linux-x86_64-3.10/pyarrow
      copying pyarrow/io.pxi -> build/lib.linux-x86_64-3.10/pyarrow
      copying pyarrow/ipc.pxi -> build/lib.linux-x86_64-3.10/pyarrow
      copying pyarrow/lib.pxd -> build/lib.linux-x86_64-3.10/pyarrow
      copying pyarrow/lib.pyx -> build/lib.linux-x86_64-3.10/pyarrow
      copying pyarrow/memory.pxi -> build/lib.linux-x86_64-3.10/pyarrow
      copying pyarrow/pandas-shim.pxi -> build/lib.linux-x86_64-3.10/pyarrow
      copying pyarrow/public-api.pxi -> build/lib.linux-x86_64-3.10/pyarrow
      copying pyarrow/scalar.pxi -> build/lib.linux-x86_64-3.10/pyarrow
      copying pyarrow/serialization.pxi -> build/lib.linux-x86_64-3.10/pyarrow
      copying pyarrow/table.pxi -> build/lib.linux-x86_64-3.10/pyarrow
      copying pyarrow/tensor.pxi -> build/lib.linux-x86_64-3.10/pyarrow
      copying pyarrow/types.pxi -> build/lib.linux-x86_64-3.10/pyarrow
      creating build/lib.linux-x86_64-3.10/pyarrow/includes
      copying pyarrow/includes/libarrow_dataset.pxd -> build/lib.linux-x86_64-3.10/pyarrow/includes
      copying pyarrow/includes/libarrow_cuda.pxd -> build/lib.linux-x86_64-3.10/pyarrow/includes
      copying pyarrow/includes/libplasma.pxd -> build/lib.linux-x86_64-3.10/pyarrow/includes
      copying pyarrow/includes/libarrow_python.pxd -> build/lib.linux-x86_64-3.10/pyarrow/includes
      copying pyarrow/includes/libarrow_dataset_parquet.pxd -> build/lib.linux-x86_64-3.10/pyarrow/includes
      copying pyarrow/includes/__init__.pxd -> build/lib.linux-x86_64-3.10/pyarrow/includes
      copying pyarrow/includes/libarrow_feather.pxd -> build/lib.linux-x86_64-3.10/pyarrow/includes
      copying pyarrow/includes/libarrow_substrait.pxd -> build/lib.linux-x86_64-3.10/pyarrow/includes
      copying pyarrow/includes/common.pxd -> build/lib.linux-x86_64-3.10/pyarrow/includes
      copying pyarrow/includes/libarrow.pxd -> build/lib.linux-x86_64-3.10/pyarrow/includes
      copying pyarrow/includes/libarrow_flight.pxd -> build/lib.linux-x86_64-3.10/pyarrow/includes
      copying pyarrow/includes/libarrow_fs.pxd -> build/lib.linux-x86_64-3.10/pyarrow/includes
      copying pyarrow/includes/libgandiva.pxd -> build/lib.linux-x86_64-3.10/pyarrow/includes
      creating build/lib.linux-x86_64-3.10/pyarrow/src
      copying pyarrow/src/ArrowPythonConfig.cmake.in -> build/lib.linux-x86_64-3.10/pyarrow/src
      copying pyarrow/src/ArrowPythonFlightConfig.cmake.in -> build/lib.linux-x86_64-3.10/pyarrow/src
      copying pyarrow/src/CMakeLists.txt -> build/lib.linux-x86_64-3.10/pyarrow/src
      copying pyarrow/src/arrow-python-flight.pc.in -> build/lib.linux-x86_64-3.10/pyarrow/src
      copying pyarrow/src/arrow-python.pc.in -> build/lib.linux-x86_64-3.10/pyarrow/src
      copying pyarrow/tests/bound_function_visit_strings.pyx -> build/lib.linux-x86_64-3.10/pyarrow/tests
      copying pyarrow/tests/pyarrow_cython_example.pyx -> build/lib.linux-x86_64-3.10/pyarrow/tests
      creating build/lib.linux-x86_64-3.10/pyarrow/tensorflow
      copying pyarrow/tensorflow/plasma_op.cc -> build/lib.linux-x86_64-3.10/pyarrow/tensorflow
      creating build/lib.linux-x86_64-3.10/pyarrow/src/arrow
      creating build/lib.linux-x86_64-3.10/pyarrow/src/arrow/python
      copying pyarrow/src/arrow/python/CMakeLists.txt -> build/lib.linux-x86_64-3.10/pyarrow/src/arrow/python
      copying pyarrow/src/arrow/python/api.h -> build/lib.linux-x86_64-3.10/pyarrow/src/arrow/python
      copying pyarrow/src/arrow/python/arrow_to_pandas.cc -> build/lib.linux-x86_64-3.10/pyarrow/src/arrow/python
      copying pyarrow/src/arrow/python/arrow_to_pandas.h -> build/lib.linux-x86_64-3.10/pyarrow/src/arrow/python
      copying pyarrow/src/arrow/python/arrow_to_python_internal.h -> build/lib.linux-x86_64-3.10/pyarrow/src/arrow/python
      copying pyarrow/src/arrow/python/benchmark.cc -> build/lib.linux-x86_64-3.10/pyarrow/src/arrow/python
      copying pyarrow/src/arrow/python/benchmark.h -> build/lib.linux-x86_64-3.10/pyarrow/src/arrow/python
      copying pyarrow/src/arrow/python/common.cc -> build/lib.linux-x86_64-3.10/pyarrow/src/arrow/python
      copying pyarrow/src/arrow/python/common.h -> build/lib.linux-x86_64-3.10/pyarrow/src/arrow/python
      copying pyarrow/src/arrow/python/csv.cc -> build/lib.linux-x86_64-3.10/pyarrow/src/arrow/python
      copying pyarrow/src/arrow/python/csv.h -> build/lib.linux-x86_64-3.10/pyarrow/src/arrow/python
      copying pyarrow/src/arrow/python/datetime.cc -> build/lib.linux-x86_64-3.10/pyarrow/src/arrow/python
      copying pyarrow/src/arrow/python/datetime.h -> build/lib.linux-x86_64-3.10/pyarrow/src/arrow/python
      copying pyarrow/src/arrow/python/decimal.cc -> build/lib.linux-x86_64-3.10/pyarrow/src/arrow/python
      copying pyarrow/src/arrow/python/decimal.h -> build/lib.linux-x86_64-3.10/pyarrow/src/arrow/python
      copying pyarrow/src/arrow/python/deserialize.cc -> build/lib.linux-x86_64-3.10/pyarrow/src/arrow/python
      copying pyarrow/src/arrow/python/deserialize.h -> build/lib.linux-x86_64-3.10/pyarrow/src/arrow/python
      copying pyarrow/src/arrow/python/extension_type.cc -> build/lib.linux-x86_64-3.10/pyarrow/src/arrow/python
      copying pyarrow/src/arrow/python/extension_type.h -> build/lib.linux-x86_64-3.10/pyarrow/src/arrow/python
      copying pyarrow/src/arrow/python/filesystem.cc -> build/lib.linux-x86_64-3.10/pyarrow/src/arrow/python
      copying pyarrow/src/arrow/python/filesystem.h -> build/lib.linux-x86_64-3.10/pyarrow/src/arrow/python
      copying pyarrow/src/arrow/python/flight.cc -> build/lib.linux-x86_64-3.10/pyarrow/src/arrow/python
      copying pyarrow/src/arrow/python/flight.h -> build/lib.linux-x86_64-3.10/pyarrow/src/arrow/python
      copying pyarrow/src/arrow/python/gdb.cc -> build/lib.linux-x86_64-3.10/pyarrow/src/arrow/python
      copying pyarrow/src/arrow/python/gdb.h -> build/lib.linux-x86_64-3.10/pyarrow/src/arrow/python
      copying pyarrow/src/arrow/python/helpers.cc -> build/lib.linux-x86_64-3.10/pyarrow/src/arrow/python
      copying pyarrow/src/arrow/python/helpers.h -> build/lib.linux-x86_64-3.10/pyarrow/src/arrow/python
      copying pyarrow/src/arrow/python/inference.cc -> build/lib.linux-x86_64-3.10/pyarrow/src/arrow/python
      copying pyarrow/src/arrow/python/inference.h -> build/lib.linux-x86_64-3.10/pyarrow/src/arrow/python
      copying pyarrow/src/arrow/python/init.cc -> build/lib.linux-x86_64-3.10/pyarrow/src/arrow/python
      copying pyarrow/src/arrow/python/init.h -> build/lib.linux-x86_64-3.10/pyarrow/src/arrow/python
      copying pyarrow/src/arrow/python/io.cc -> build/lib.linux-x86_64-3.10/pyarrow/src/arrow/python
      copying pyarrow/src/arrow/python/io.h -> build/lib.linux-x86_64-3.10/pyarrow/src/arrow/python
      copying pyarrow/src/arrow/python/ipc.cc -> build/lib.linux-x86_64-3.10/pyarrow/src/arrow/python
      copying pyarrow/src/arrow/python/ipc.h -> build/lib.linux-x86_64-3.10/pyarrow/src/arrow/python
      copying pyarrow/src/arrow/python/iterators.h -> build/lib.linux-x86_64-3.10/pyarrow/src/arrow/python
      copying pyarrow/src/arrow/python/numpy_convert.cc -> build/lib.linux-x86_64-3.10/pyarrow/src/arrow/python
      copying pyarrow/src/arrow/python/numpy_convert.h -> build/lib.linux-x86_64-3.10/pyarrow/src/arrow/python
      copying pyarrow/src/arrow/python/numpy_internal.h -> build/lib.linux-x86_64-3.10/pyarrow/src/arrow/python
      copying pyarrow/src/arrow/python/numpy_interop.h -> build/lib.linux-x86_64-3.10/pyarrow/src/arrow/python
      copying pyarrow/src/arrow/python/numpy_to_arrow.cc -> build/lib.linux-x86_64-3.10/pyarrow/src/arrow/python
      copying pyarrow/src/arrow/python/numpy_to_arrow.h -> build/lib.linux-x86_64-3.10/pyarrow/src/arrow/python
      copying pyarrow/src/arrow/python/parquet_encryption.cc -> build/lib.linux-x86_64-3.10/pyarrow/src/arrow/python
      copying pyarrow/src/arrow/python/parquet_encryption.h -> build/lib.linux-x86_64-3.10/pyarrow/src/arrow/python
      copying pyarrow/src/arrow/python/pch.h -> build/lib.linux-x86_64-3.10/pyarrow/src/arrow/python
      copying pyarrow/src/arrow/python/platform.h -> build/lib.linux-x86_64-3.10/pyarrow/src/arrow/python
      copying pyarrow/src/arrow/python/pyarrow.cc -> build/lib.linux-x86_64-3.10/pyarrow/src/arrow/python
      copying pyarrow/src/arrow/python/pyarrow.h -> build/lib.linux-x86_64-3.10/pyarrow/src/arrow/python
      copying pyarrow/src/arrow/python/pyarrow_api.h -> build/lib.linux-x86_64-3.10/pyarrow/src/arrow/python
      copying pyarrow/src/arrow/python/pyarrow_lib.h -> build/lib.linux-x86_64-3.10/pyarrow/src/arrow/python
      copying pyarrow/src/arrow/python/python_test.cc -> build/lib.linux-x86_64-3.10/pyarrow/src/arrow/python
      copying pyarrow/src/arrow/python/python_test.h -> build/lib.linux-x86_64-3.10/pyarrow/src/arrow/python
      copying pyarrow/src/arrow/python/python_to_arrow.cc -> build/lib.linux-x86_64-3.10/pyarrow/src/arrow/python
      copying pyarrow/src/arrow/python/python_to_arrow.h -> build/lib.linux-x86_64-3.10/pyarrow/src/arrow/python
      copying pyarrow/src/arrow/python/serialize.cc -> build/lib.linux-x86_64-3.10/pyarrow/src/arrow/python
      copying pyarrow/src/arrow/python/serialize.h -> build/lib.linux-x86_64-3.10/pyarrow/src/arrow/python
      copying pyarrow/src/arrow/python/type_traits.h -> build/lib.linux-x86_64-3.10/pyarrow/src/arrow/python
      copying pyarrow/src/arrow/python/udf.cc -> build/lib.linux-x86_64-3.10/pyarrow/src/arrow/python
      copying pyarrow/src/arrow/python/udf.h -> build/lib.linux-x86_64-3.10/pyarrow/src/arrow/python
      copying pyarrow/src/arrow/python/visibility.h -> build/lib.linux-x86_64-3.10/pyarrow/src/arrow/python
      creating build/lib.linux-x86_64-3.10/pyarrow/tests/data
      creating build/lib.linux-x86_64-3.10/pyarrow/tests/data/parquet
      copying pyarrow/tests/data/parquet/v0.7.1.all-named-index.parquet -> build/lib.linux-x86_64-3.10/pyarrow/tests/data/parquet
      copying pyarrow/tests/data/parquet/v0.7.1.column-metadata-handling.parquet -> build/lib.linux-x86_64-3.10/pyarrow/tests/data/parquet
      copying pyarrow/tests/data/parquet/v0.7.1.parquet -> build/lib.linux-x86_64-3.10/pyarrow/tests/data/parquet
      copying pyarrow/tests/data/parquet/v0.7.1.some-named-index.parquet -> build/lib.linux-x86_64-3.10/pyarrow/tests/data/parquet
      creating build/lib.linux-x86_64-3.10/pyarrow/tests/data/orc
      copying pyarrow/tests/data/orc/README.md -> build/lib.linux-x86_64-3.10/pyarrow/tests/data/orc
      copying pyarrow/tests/data/orc/TestOrcFile.emptyFile.jsn.gz -> build/lib.linux-x86_64-3.10/pyarrow/tests/data/orc
      copying pyarrow/tests/data/orc/TestOrcFile.emptyFile.orc -> build/lib.linux-x86_64-3.10/pyarrow/tests/data/orc
      copying pyarrow/tests/data/orc/TestOrcFile.test1.jsn.gz -> build/lib.linux-x86_64-3.10/pyarrow/tests/data/orc
      copying pyarrow/tests/data/orc/TestOrcFile.test1.orc -> build/lib.linux-x86_64-3.10/pyarrow/tests/data/orc
      copying pyarrow/tests/data/orc/TestOrcFile.testDate1900.jsn.gz -> build/lib.linux-x86_64-3.10/pyarrow/tests/data/orc
      copying pyarrow/tests/data/orc/TestOrcFile.testDate1900.orc -> build/lib.linux-x86_64-3.10/pyarrow/tests/data/orc
      copying pyarrow/tests/data/orc/decimal.jsn.gz -> build/lib.linux-x86_64-3.10/pyarrow/tests/data/orc
      copying pyarrow/tests/data/orc/decimal.orc -> build/lib.linux-x86_64-3.10/pyarrow/tests/data/orc
      creating build/lib.linux-x86_64-3.10/pyarrow/tests/data/feather
      copying pyarrow/tests/data/feather/v0.17.0.version.2-compression.lz4.feather -> build/lib.linux-x86_64-3.10/pyarrow/tests/data/feather
      running build_ext
      creating /tmp/pip-install-a2a8__qi/pyarrow_719ec9ae19774cbbaecfa4b32dd94af2/build/cpp
      -- Running CMake for PyArrow C++
      cmake -DARROW_BUILD_DIR=build -DCMAKE_BUILD_TYPE=release -DCMAKE_INSTALL_LIBDIR=lib -DCMAKE_INSTALL_PREFIX=/tmp/pip-install-a2a8__qi/pyarrow_719ec9ae19774cbbaecfa4b32dd94af2/build/dist -DPYTHON_EXECUTABLE=/workdir/install-virtualenv/bin/graalpy -DPython3_EXECUTABLE=/workdir/install-virtualenv/bin/graalpy -DPYARROW_CXXFLAGS= -DPYARROW_WITH_DATASET=off -DPYARROW_WITH_PARQUET_ENCRYPTION=off -DPYARROW_WITH_HDFS=off -DPYARROW_WITH_FLIGHT=off /tmp/pip-install-a2a8__qi/pyarrow_719ec9ae19774cbbaecfa4b32dd94af2/pyarrow/src
      -- The C compiler identification is GNU 8.5.0
      -- The CXX compiler identification is GNU 8.5.0
      -- Detecting C compiler ABI info
      -- Detecting C compiler ABI info - done
      -- Check for working C compiler: /usr/bin/cc - skipped
      -- Detecting C compile features
      -- Detecting C compile features - done
      -- Detecting CXX compiler ABI info
      -- Detecting CXX compiler ABI info - done
      -- Check for working CXX compiler: /usr/bin/c++ - skipped
      -- Detecting CXX compile features
      -- Detecting CXX compile features - done
      -- Performing Test CMAKE_HAVE_LIBC_PTHREAD
      -- Performing Test CMAKE_HAVE_LIBC_PTHREAD - Failed
      -- Check if compiler accepts -pthread
      -- Check if compiler accepts -pthread - yes
      -- Found Threads: TRUE
      -- Arrow version: 12.0.1
      -- Found the Arrow shared library: /usr/local/lib64/libarrow.so.1200.1.0
      -- Found the Arrow import library: ARROW_IMPORT_LIB-NOTFOUND
      -- Found the Arrow static library: /usr/local/lib64/libarrow.a
      -- Found Python3: /workdir/install-virtualenv/bin/graalpy (found suitable version "3.10.8", minimum required is "3.7") found components: Interpreter Development.Module NumPy
      -- Found Python3Alt: /workdir/install-virtualenv/bin/graalpy (Required is at least version "3.7")
      -- System processor: x86_64
      -- Performing Test CXX_SUPPORTS_SSE4_2
      -- Performing Test CXX_SUPPORTS_SSE4_2 - Success
      -- Performing Test CXX_SUPPORTS_AVX2
      -- Performing Test CXX_SUPPORTS_AVX2 - Success
      -- Performing Test CXX_SUPPORTS_AVX512
      -- Performing Test CXX_SUPPORTS_AVX512 - Success
      -- Arrow build warning level: PRODUCTION
      -- Using ld linker
      -- Configured for RELEASE build (set with cmake -DCMAKE_BUILD_TYPE={release,debug,...})
      -- Build Type: RELEASE
      -- CMAKE_C_FLAGS:  -O2 -DNDEBUG -ftree-vectorize
      -- CMAKE_CXX_FLAGS:  -Wall -fno-semantic-interposition -msse4.2  -fdiagnostics-color=always -O2 -DNDEBUG -ftree-vectorize
      -- Configuring done
      -- Generating done
      CMake Warning:
        Manually-specified variables were not used by the project:
      
          ARROW_BUILD_DIR
      
      
      -- Build files have been written to: /tmp/pip-install-a2a8__qi/pyarrow_719ec9ae19774cbbaecfa4b32dd94af2/build/cpp
      -- Finished CMake for PyArrow C++
      -- Running CMake build and install for PyArrow C++
      cmake --build . --config release --target install
      [  4%] Building CXX object CMakeFiles/arrow_python_objlib.dir/arrow/python/arrow_to_pandas.cc.o
      In file included from [01m[K/usr/local/include/arrow/scalar.h:41[m[K,
                       from [01m[K/usr/local/include/arrow/datum.h:29[m[K,
                       from [01m[K/tmp/pip-install-a2a8__qi/pyarrow_719ec9ae19774cbbaecfa4b32dd94af2/pyarrow/src/arrow/python/arrow_to_pandas.cc:36[m[K:
      /usr/local/include/arrow/visit_type_inline.h: In instantiation of â€˜[01m[Karrow::Status arrow::VisitTypeInline(const arrow::DataType&, VISITOR*, ARGS&& ...) [with VISITOR = arrow::py::{anonymous}::ObjectWriterVisitor; ARGS = {}][m[Kâ€™:
      [01m[K/tmp/pip-install-a2a8__qi/pyarrow_719ec9ae19774cbbaecfa4b32dd94af2/pyarrow/src/arrow/python/arrow_to_pandas.cc:1229:51:[m[K   required from here
      [01m[K/usr/local/include/arrow/visit_type_inline.h:54:5:[m[K [01;31m[Kerror: [m[Kno matching function for call to â€˜[01m[Karrow::py::{anonymous}::ObjectWriterVisitor::Visit(const arrow::RunEndEncodedType&)[m[Kâ€™
           [01;31m[KARROW_GENERATE_FOR_ALL_TYPES[m[K(TYPE_VISIT_INLINE);
           [01;31m[K^~~~~~~~~~~~~~~~~~~~~~~~~~~~[m[K
      [01m[K/tmp/pip-install-a2a8__qi/pyarrow_719ec9ae19774cbbaecfa4b32dd94af2/pyarrow/src/arrow/python/arrow_to_pandas.cc:980:10:[m[K [01;36m[Knote: [m[Kcandidate: â€˜[01m[Karrow::Status arrow::py::{anonymous}::ObjectWriterVisitor::Visit(const arrow::NullType&)[m[Kâ€™
         Status [01;36m[KVisit[m[K(const NullType& type) {
                [01;36m[K^~~~~[m[K
      [01m[K/tmp/pip-install-a2a8__qi/pyarrow_719ec9ae19774cbbaecfa4b32dd94af2/pyarrow/src/arrow/python/arrow_to_pandas.cc:980:10:[m[K [01;36m[Knote: [m[K  no known conversion for argument 1 from â€˜[01m[Kconst arrow::RunEndEncodedType[m[Kâ€™ to â€˜[01m[Kconst arrow::NullType&[m[Kâ€™
      [01m[K/tmp/pip-install-a2a8__qi/pyarrow_719ec9ae19774cbbaecfa4b32dd94af2/pyarrow/src/arrow/python/arrow_to_pandas.cc:994:10:[m[K [01;36m[Knote: [m[Kcandidate: â€˜[01m[Karrow::Status arrow::py::{anonymous}::ObjectWriterVisitor::Visit(const arrow::BooleanType&)[m[Kâ€™
         Status [01;36m[KVisit[m[K(const BooleanType& type) {
                [01;36m[K^~~~~[m[K
      [01m[K/tmp/pip-install-a2a8__qi/pyarrow_719ec9ae19774cbbaecfa4b32dd94af2/pyarrow/src/arrow/python/arrow_to_pandas.cc:994:10:[m[K [01;36m[Knote: [m[K  no known conversion for argument 1 from â€˜[01m[Kconst arrow::RunEndEncodedType[m[Kâ€™ to â€˜[01m[Kconst arrow::BooleanType&[m[Kâ€™
      [01m[K/tmp/pip-install-a2a8__qi/pyarrow_719ec9ae19774cbbaecfa4b32dd94af2/pyarrow/src/arrow/python/arrow_to_pandas.cc:1017:35:[m[K [01;36m[Knote: [m[Kcandidate: â€˜[01m[Ktemplate<class Type> arrow::enable_if_integer<Type, arrow::Status> arrow::py::{anonymous}::ObjectWriterVisitor::Visit(const Type&)[m[Kâ€™
         enable_if_integer<Type, Status> [01;36m[KVisit[m[K(const Type& type) {
                                         [01;36m[K^~~~~[m[K
      [01m[K/tmp/pip-install-a2a8__qi/pyarrow_719ec9ae19774cbbaecfa4b32dd94af2/pyarrow/src/arrow/python/arrow_to_pandas.cc:1017:35:[m[K [01;36m[Knote: [m[K  template argument deduction/substitution failed:
      [01m[K/tmp/pip-install-a2a8__qi/pyarrow_719ec9ae19774cbbaecfa4b32dd94af2/pyarrow/src/arrow/python/arrow_to_pandas.cc:1031:3:[m[K [01;36m[Knote: [m[Kcandidate: â€˜[01m[Ktemplate<class Type> arrow::enable_if_t<(std::is_base_of<arrow::BaseBinaryType, T>::value || std::is_base_of<arrow::FixedSizeBinaryType, T>::value), arrow::Status> arrow::py::{anonymous}::ObjectWriterVisitor::Visit(const Type&)[m[Kâ€™
         [01;36m[KVisit[m[K(const Type& type) {
         [01;36m[K^~~~~[m[K
      [01m[K/tmp/pip-install-a2a8__qi/pyarrow_719ec9ae19774cbbaecfa4b32dd94af2/pyarrow/src/arrow/python/arrow_to_pandas.cc:1031:3:[m[K [01;36m[Knote: [m[K  template argument deduction/substitution failed:
      [01m[K/tmp/pip-install-a2a8__qi/pyarrow_719ec9ae19774cbbaecfa4b32dd94af2/pyarrow/src/arrow/python/arrow_to_pandas.cc:1044:32:[m[K [01;36m[Knote: [m[Kcandidate: â€˜[01m[Ktemplate<class Type> arrow::enable_if_date<Type, arrow::Status> arrow::py::{anonymous}::ObjectWriterVisitor::Visit(const Type&)[m[Kâ€™
         enable_if_date<Type, Status> [01;36m[KVisit[m[K(const Type& type) {
                                      [01;36m[K^~~~~[m[K
      [01m[K/tmp/pip-install-a2a8__qi/pyarrow_719ec9ae19774cbbaecfa4b32dd94af2/pyarrow/src/arrow/python/arrow_to_pandas.cc:1044:32:[m[K [01;36m[Knote: [m[K  template argument deduction/substitution failed:
      [01m[K/tmp/pip-install-a2a8__qi/pyarrow_719ec9ae19774cbbaecfa4b32dd94af2/pyarrow/src/arrow/python/arrow_to_pandas.cc:1054:32:[m[K [01;36m[Knote: [m[Kcandidate: â€˜[01m[Ktemplate<class Type> arrow::enable_if_time<Type, arrow::Status> arrow::py::{anonymous}::ObjectWriterVisitor::Visit(const Type&)[m[Kâ€™
         enable_if_time<Type, Status> [01;36m[KVisit[m[K(const Type& type) {
                                      [01;36m[K^~~~~[m[K
      [01m[K/tmp/pip-install-a2a8__qi/pyarrow_719ec9ae19774cbbaecfa4b32dd94af2/pyarrow/src/arrow/python/arrow_to_pandas.cc:1054:32:[m[K [01;36m[Knote: [m[K  template argument deduction/substitution failed:
      [01m[K/tmp/pip-install-a2a8__qi/pyarrow_719ec9ae19774cbbaecfa4b32dd94af2/pyarrow/src/arrow/python/arrow_to_pandas.cc:1065:37:[m[K [01;36m[Knote: [m[Kcandidate: â€˜[01m[Ktemplate<class Type> arrow::enable_if_timestamp<Type, arrow::Status> arrow::py::{anonymous}::ObjectWriterVisitor::Visit(const Type&)[m[Kâ€™
         enable_if_timestamp<Type, Status> [01;36m[KVisit[m[K(const Type& type) {
                                           [01;36m[K^~~~~[m[K
      [01m[K/tmp/pip-install-a2a8__qi/pyarrow_719ec9ae19774cbbaecfa4b32dd94af2/pyarrow/src/arrow/python/arrow_to_pandas.cc:1065:37:[m[K [01;36m[Knote: [m[K  template argument deduction/substitution failed:
      [01m[K/tmp/pip-install-a2a8__qi/pyarrow_719ec9ae19774cbbaecfa4b32dd94af2/pyarrow/src/arrow/python/arrow_to_pandas.cc:1103:76:[m[K [01;36m[Knote: [m[Kcandidate: â€˜[01m[Ktemplate<class Type> arrow::enable_if_t<std::is_same<Type, arrow::MonthDayNanoIntervalType>::value, arrow::Status> arrow::py::{anonymous}::ObjectWriterVisitor::Visit(const Type&)[m[Kâ€™
         enable_if_t<std::is_same<Type, MonthDayNanoIntervalType>::value, Status> [01;36m[KVisit[m[K(
                                                                                  [01;36m[K^~~~~[m[K
      [01m[K/tmp/pip-install-a2a8__qi/pyarrow_719ec9ae19774cbbaecfa4b32dd94af2/pyarrow/src/arrow/python/arrow_to_pandas.cc:1103:76:[m[K [01;36m[Knote: [m[K  template argument deduction/substitution failed:
      [01m[K/tmp/pip-install-a2a8__qi/pyarrow_719ec9ae19774cbbaecfa4b32dd94af2/pyarrow/src/arrow/python/arrow_to_pandas.cc:1138:10:[m[K [01;36m[Knote: [m[Kcandidate: â€˜[01m[Karrow::Status arrow::py::{anonymous}::ObjectWriterVisitor::Visit(const arrow::Decimal128Type&)[m[Kâ€™
         Status [01;36m[KVisit[m[K(const Decimal128Type& type) {
                [01;36m[K^~~~~[m[K
      [01m[K/tmp/pip-install-a2a8__qi/pyarrow_719ec9ae19774cbbaecfa4b32dd94af2/pyarrow/src/arrow/python/arrow_to_pandas.cc:1138:10:[m[K [01;36m[Knote: [m[K  no known conversion for argument 1 from â€˜[01m[Kconst arrow::RunEndEncodedType[m[Kâ€™ to â€˜[01m[Kconst arrow::Decimal128Type&[m[Kâ€™
      [01m[K/tmp/pip-install-a2a8__qi/pyarrow_719ec9ae19774cbbaecfa4b32dd94af2/pyarrow/src/arrow/python/arrow_to_pandas.cc:1163:10:[m[K [01;36m[Knote: [m[Kcandidate: â€˜[01m[Karrow::Status arrow::py::{anonymous}::ObjectWriterVisitor::Visit(const arrow::Decimal256Type&)[m[Kâ€™
         Status [01;36m[KVisit[m[K(const Decimal256Type& type) {
                [01;36m[K^~~~~[m[K
      [01m[K/tmp/pip-install-a2a8__qi/pyarrow_719ec9ae19774cbbaecfa4b32dd94af2/pyarrow/src/arrow/python/arrow_to_pandas.cc:1163:10:[m[K [01;36m[Knote: [m[K  no known conversion for argument 1 from â€˜[01m[Kconst arrow::RunEndEncodedType[m[Kâ€™ to â€˜[01m[Kconst arrow::Decimal256Type&[m[Kâ€™
      [01m[K/tmp/pip-install-a2a8__qi/pyarrow_719ec9ae19774cbbaecfa4b32dd94af2/pyarrow/src/arrow/python/arrow_to_pandas.cc:1191:3:[m[K [01;36m[Knote: [m[Kcandidate: â€˜[01m[Ktemplate<class T> arrow::enable_if_t<(std::is_same<arrow::FixedSizeListType, T>::value || std::integral_constant<bool, (std::is_base_of<arrow::LargeListType, T>::value || std::is_base_of<arrow::ListType, T>::value)>::value), arrow::Status> arrow::py::{anonymous}::ObjectWriterVisitor::Visit(const T&)[m[Kâ€™
         [01;36m[KVisit[m[K(const T& type) {
         [01;36m[K^~~~~[m[K
      [01m[K/tmp/pip-install-a2a8__qi/pyarrow_719ec9ae19774cbbaecfa4b32dd94af2/pyarrow/src/arrow/python/arrow_to_pandas.cc:1191:3:[m[K [01;36m[Knote: [m[K  template argument deduction/substitution failed:
      [01m[K/tmp/pip-install-a2a8__qi/pyarrow_719ec9ae19774cbbaecfa4b32dd94af2/pyarrow/src/arrow/python/arrow_to_pandas.cc:1201:10:[m[K [01;36m[Knote: [m[Kcandidate: â€˜[01m[Karrow::Status arrow::py::{anonymous}::ObjectWriterVisitor::Visit(const arrow::MapType&)[m[Kâ€™
         Status [01;36m[KVisit[m[K(const MapType& type) { return ConvertMap(options, data, out_values); }
                [01;36m[K^~~~~[m[K
      [01m[K/tmp/pip-install-a2a8__qi/pyarrow_719ec9ae19774cbbaecfa4b32dd94af2/pyarrow/src/arrow/python/arrow_to_pandas.cc:1201:10:[m[K [01;36m[Knote: [m[K  no known conversion for argument 1 from â€˜[01m[Kconst arrow::RunEndEncodedType[m[Kâ€™ to â€˜[01m[Kconst arrow::MapType&[m[Kâ€™
      [01m[K/tmp/pip-install-a2a8__qi/pyarrow_719ec9ae19774cbbaecfa4b32dd94af2/pyarrow/src/arrow/python/arrow_to_pandas.cc:1203:10:[m[K [01;36m[Knote: [m[Kcandidate: â€˜[01m[Karrow::Status arrow::py::{anonymous}::ObjectWriterVisitor::Visit(const arrow::StructType&)[m[Kâ€™
         Status [01;36m[KVisit[m[K(const StructType& type) {
                [01;36m[K^~~~~[m[K
      [01m[K/tmp/pip-install-a2a8__qi/pyarrow_719ec9ae19774cbbaecfa4b32dd94af2/pyarrow/src/arrow/python/arrow_to_pandas.cc:1203:10:[m[K [01;36m[Knote: [m[K  no known conversion for argument 1 from â€˜[01m[Kconst arrow::RunEndEncodedType[m[Kâ€™ to â€˜[01m[Kconst arrow::StructType&[m[Kâ€™
      [01m[K/tmp/pip-install-a2a8__qi/pyarrow_719ec9ae19774cbbaecfa4b32dd94af2/pyarrow/src/arrow/python/arrow_to_pandas.cc:1216:3:[m[K [01;36m[Knote: [m[Kcandidate: â€˜[01m[Ktemplate<class Type> arrow::enable_if_t<(((((std::is_base_of<arrow::FloatingPointType, T>::value || std::is_same<arrow::DictionaryType, Type>::value) || std::is_same<arrow::DurationType, Type>::value) || std::is_same<arrow::ExtensionType, Type>::value) || (std::is_base_of<arrow::IntervalType, T>::value && (! std::is_same<arrow::MonthDayNanoIntervalType, Type>::value))) || std::is_base_of<arrow::UnionType, T>::value), arrow::Status> arrow::py::{anonymous}::ObjectWriterVisitor::Visit(const Type&)[m[Kâ€™
         [01;36m[KVisit[m[K(const Type& type) {
         [01;36m[K^~~~~[m[K
      [01m[K/tmp/pip-install-a2a8__qi/pyarrow_719ec9ae19774cbbaecfa4b32dd94af2/pyarrow/src/arrow/python/arrow_to_pandas.cc:1216:3:[m[K [01;36m[Knote: [m[K  template argument deduction/substitution failed:
      [01m[K/tmp/pip-install-a2a8__qi/pyarrow_719ec9ae19774cbbaecfa4b32dd94af2/pyarrow/src/arrow/python/arrow_to_pandas.cc:1216:3:[m[K [01;35m[Kwarning: [m[Kâ€˜[01m[Karrow::enable_if_t<(((((std::is_base_of<arrow::FloatingPointType, T>::value || std::is_same<arrow::DictionaryType, Type>::value) || std::is_same<arrow::DurationType, Type>::value) || std::is_same<arrow::ExtensionType, Type>::value) || (std::is_base_of<arrow::IntervalType, T>::value && (! std::is_same<arrow::MonthDayNanoIntervalType, Type>::value))) || std::is_base_of<arrow::UnionType, T>::value), arrow::Status> arrow::py::{anonymous}::ObjectWriterVisitor::Visit(const Type&) [with Type = arrow::ExtensionType][m[Kâ€™ used but never defined
      gmake[2]: *** [CMakeFiles/arrow_python_objlib.dir/build.make:76: CMakeFiles/arrow_python_objlib.dir/arrow/python/arrow_to_pandas.cc.o] Error 1
      gmake[1]: *** [CMakeFiles/Makefile2:133: CMakeFiles/arrow_python_objlib.dir/all] Error 2
      gmake: *** [Makefile:136: all] Error 2
      error: command '/usr/local/bin/cmake' failed with exit code 2
      [end of output]
  
  note: This error originates from a subprocess, and is likely not a problem with pip.
  ERROR: Failed building wheel for pyarrow
  Building wheel for shap (pyproject.toml): started
  Building wheel for shap (pyproject.toml): finished with status 'done'
  Created wheel for shap: filename=shap-0.43.0-graalpy310-graalpy231_310_native-linux_x86_64.whl size=445932 sha256=0a47fc83d4dadd674f84525805c68f9829c04101049df69b4c04c394c7a07930
  Stored in directory: /workdir/.cache/pip-graalpy/wheels/9d/91/7a/1b2c68410cd5e4a43d0d7d14fc3f975decc1530757eb21469c
  Building wheel for sqlalchemy (setup.py): started
  Building wheel for sqlalchemy (setup.py): finished with status 'done'
  Created wheel for sqlalchemy: filename=SQLAlchemy-1.4.50-graalpy310-graalpy231_310_native-linux_x86_64.whl size=1563166 sha256=22a51386107b4bd803781cefe00160dda552a82c0ac29a016a49681150ca9874
  Stored in directory: /workdir/.cache/pip-graalpy/wheels/73/f6/a3/5431389797ce5a24d204079cf59183b6ccca173132a1df8744
  Building wheel for numba (setup.py): started
  Building wheel for numba (setup.py): finished with status 'error'
  error: subprocess-exited-with-error
  
  Ã— python setup.py bdist_wheel did not run successfully.
  â”‚ exit code: 1
  â•°â”€> [8 lines of output]
      Traceback (most recent call last):
        File "<string>", line 2, in <module>
        File "<pip-setuptools-caller>", line 34, in <module>
        File "/tmp/pip-install-a2a8__qi/numba_4450b2c8a8244eeb91c3050654c74b10/setup.py", line 424, in <module>
          metadata['ext_modules'] = get_ext_modules()
        File "/tmp/pip-install-a2a8__qi/numba_4450b2c8a8244eeb91c3050654c74b10/setup.py", line 138, in get_ext_modules
          import numpy as np
      ModuleNotFoundError: No module named 'numpy'
      [end of output]
  
  note: This error originates from a subprocess, and is likely not a problem with pip.
  ERROR: Failed building wheel for numba
  Running setup.py clean for numba
Successfully built shap sqlalchemy
Failed to build pyarrow numba
ERROR: Could not build wheels for pyarrow, which is required to install pyproject.toml-based projects
