<?xml version="1.0" encoding="utf-8"?><testsuites><testsuite name="pytest" errors="15" failures="11" skipped="0" tests="83" time="0.529" timestamp="2023-11-21T04:24:23.197559" hostname="b80581c01e0f"><testcase classname="tests.integration.test_admin.TestUser" name="test_create_delete" time="0.004"><failure message="requests.exceptions.ConnectionError: HTTPConnectionPool(host='localhost', port=8081): Max retries exceeded with url: /artifactory/api/security/users/test_create_delete_user (Caused by NewConnectionError('&lt;urllib3.connection.HTTPConnection object at 0x7fd9ef527160&gt;: Failed to establish a new connection: [Errno 111] Connection refused'))">Traceback (most recent call last):
  File "/workdir/dohq-artifactory-0.8.4/.tox/cpythonlibtest-unit-test-tests/lib/python3.10/site-packages/urllib3/connection.py", line 203, in _new_conn
    sock = connection.create_connection(
  File "/workdir/dohq-artifactory-0.8.4/.tox/cpythonlibtest-unit-test-tests/lib/python3.10/site-packages/urllib3/util/connection.py", line 85, in create_connection
    raise err
  File "/workdir/dohq-artifactory-0.8.4/.tox/cpythonlibtest-unit-test-tests/lib/python3.10/site-packages/urllib3/util/connection.py", line 73, in create_connection
    sock.connect(sa)
ConnectionRefusedError: [Errno 111] Connection refused

The above exception was the direct cause of the following exception:

Traceback (most recent call last):
  File "/workdir/dohq-artifactory-0.8.4/.tox/cpythonlibtest-unit-test-tests/lib/python3.10/site-packages/urllib3/connectionpool.py", line 790, in urlopen
    response = self._make_request(
  File "/workdir/dohq-artifactory-0.8.4/.tox/cpythonlibtest-unit-test-tests/lib/python3.10/site-packages/urllib3/connectionpool.py", line 496, in _make_request
    conn.request(
  File "/workdir/dohq-artifactory-0.8.4/.tox/cpythonlibtest-unit-test-tests/lib/python3.10/site-packages/urllib3/connection.py", line 395, in request
    self.endheaders()
  File "/usr/local/lib/python3.10/http/client.py", line 1277, in endheaders
    self._send_output(message_body, encode_chunked=encode_chunked)
  File "/usr/local/lib/python3.10/http/client.py", line 1037, in _send_output
    self.send(msg)
  File "/usr/local/lib/python3.10/http/client.py", line 975, in send
    self.connect()
  File "/workdir/dohq-artifactory-0.8.4/.tox/cpythonlibtest-unit-test-tests/lib/python3.10/site-packages/urllib3/connection.py", line 243, in connect
    self.sock = self._new_conn()
  File "/workdir/dohq-artifactory-0.8.4/.tox/cpythonlibtest-unit-test-tests/lib/python3.10/site-packages/urllib3/connection.py", line 218, in _new_conn
    raise NewConnectionError(
urllib3.exceptions.NewConnectionError: &lt;urllib3.connection.HTTPConnection object at 0x7fd9ef527160&gt;: Failed to establish a new connection: [Errno 111] Connection refused

The above exception was the direct cause of the following exception:

Traceback (most recent call last):
  File "/workdir/dohq-artifactory-0.8.4/.tox/cpythonlibtest-unit-test-tests/lib/python3.10/site-packages/requests/adapters.py", line 486, in send
    resp = conn.urlopen(
  File "/workdir/dohq-artifactory-0.8.4/.tox/cpythonlibtest-unit-test-tests/lib/python3.10/site-packages/urllib3/connectionpool.py", line 844, in urlopen
    retries = retries.increment(
  File "/workdir/dohq-artifactory-0.8.4/.tox/cpythonlibtest-unit-test-tests/lib/python3.10/site-packages/urllib3/util/retry.py", line 515, in increment
    raise MaxRetryError(_pool, url, reason) from reason  # type: ignore[arg-type]
urllib3.exceptions.MaxRetryError: HTTPConnectionPool(host='localhost', port=8081): Max retries exceeded with url: /artifactory/api/security/users/test_create_delete_user (Caused by NewConnectionError('&lt;urllib3.connection.HTTPConnection object at 0x7fd9ef527160&gt;: Failed to establish a new connection: [Errno 111] Connection refused'))

During handling of the above exception, another exception occurred:

Traceback (most recent call last):
  File "/workdir/dohq-artifactory-0.8.4/.tox/cpythonlibtest-unit-test-tests/lib/python3.10/site-packages/_pytest/runner.py", line 341, in from_call
    result: Optional[TResult] = func()
  File "/workdir/dohq-artifactory-0.8.4/.tox/cpythonlibtest-unit-test-tests/lib/python3.10/site-packages/_pytest/runner.py", line 262, in &lt;lambda&gt;
    lambda: ihook(item=item, **kwds), when=when, reraise=reraise
  File "/workdir/dohq-artifactory-0.8.4/.tox/cpythonlibtest-unit-test-tests/lib/python3.10/site-packages/pluggy/_hooks.py", line 493, in __call__
    return self._hookexec(self.name, self._hookimpls, kwargs, firstresult)
  File "/workdir/dohq-artifactory-0.8.4/.tox/cpythonlibtest-unit-test-tests/lib/python3.10/site-packages/pluggy/_manager.py", line 115, in _hookexec
    return self._inner_hookexec(hook_name, methods, kwargs, firstresult)
  File "/workdir/dohq-artifactory-0.8.4/.tox/cpythonlibtest-unit-test-tests/lib/python3.10/site-packages/pluggy/_callers.py", line 152, in _multicall
    return outcome.get_result()
  File "/workdir/dohq-artifactory-0.8.4/.tox/cpythonlibtest-unit-test-tests/lib/python3.10/site-packages/pluggy/_result.py", line 114, in get_result
    raise exc.with_traceback(exc.__traceback__)
  File "/workdir/dohq-artifactory-0.8.4/.tox/cpythonlibtest-unit-test-tests/lib/python3.10/site-packages/pluggy/_callers.py", line 77, in _multicall
    res = hook_impl.function(*args)
  File "/workdir/dohq-artifactory-0.8.4/.tox/cpythonlibtest-unit-test-tests/lib/python3.10/site-packages/_pytest/runner.py", line 177, in pytest_runtest_call
    raise e
  File "/workdir/dohq-artifactory-0.8.4/.tox/cpythonlibtest-unit-test-tests/lib/python3.10/site-packages/_pytest/runner.py", line 169, in pytest_runtest_call
    item.runtest()
  File "/workdir/dohq-artifactory-0.8.4/.tox/cpythonlibtest-unit-test-tests/lib/python3.10/site-packages/_pytest/python.py", line 1792, in runtest
    self.ihook.pytest_pyfunc_call(pyfuncitem=self)
  File "/workdir/dohq-artifactory-0.8.4/.tox/cpythonlibtest-unit-test-tests/lib/python3.10/site-packages/pluggy/_hooks.py", line 493, in __call__
    return self._hookexec(self.name, self._hookimpls, kwargs, firstresult)
  File "/workdir/dohq-artifactory-0.8.4/.tox/cpythonlibtest-unit-test-tests/lib/python3.10/site-packages/pluggy/_manager.py", line 115, in _hookexec
    return self._inner_hookexec(hook_name, methods, kwargs, firstresult)
  File "/workdir/dohq-artifactory-0.8.4/.tox/cpythonlibtest-unit-test-tests/lib/python3.10/site-packages/pluggy/_callers.py", line 113, in _multicall
    raise exception.with_traceback(exception.__traceback__)
  File "/workdir/dohq-artifactory-0.8.4/.tox/cpythonlibtest-unit-test-tests/lib/python3.10/site-packages/pluggy/_callers.py", line 77, in _multicall
    res = hook_impl.function(*args)
  File "/workdir/dohq-artifactory-0.8.4/.tox/cpythonlibtest-unit-test-tests/lib/python3.10/site-packages/_pytest/python.py", line 194, in pytest_pyfunc_call
    result = testfunction(**testargs)
  File "/workdir/dohq-artifactory-0.8.4/tests/integration/test_admin.py", line 14, in test_create_delete
    test_user = artifactory.find_user(user_name)
  File "/workdir/dohq-artifactory-0.8.4/.tox/cpythonlibtest-unit-test-tests/lib/python3.10/site-packages/artifactory.py", line 2303, in find_user
    if obj.read():
  File "/workdir/dohq-artifactory-0.8.4/.tox/cpythonlibtest-unit-test-tests/lib/python3.10/site-packages/dohq_artifactory/admin.py", line 139, in read
    r = self._session.get(request_url, auth=self._auth)
  File "/workdir/dohq-artifactory-0.8.4/.tox/cpythonlibtest-unit-test-tests/lib/python3.10/site-packages/requests/sessions.py", line 602, in get
    return self.request("GET", url, **kwargs)
  File "/workdir/dohq-artifactory-0.8.4/.tox/cpythonlibtest-unit-test-tests/lib/python3.10/site-packages/requests/sessions.py", line 589, in request
    resp = self.send(prep, **send_kwargs)
  File "/workdir/dohq-artifactory-0.8.4/.tox/cpythonlibtest-unit-test-tests/lib/python3.10/site-packages/requests/sessions.py", line 703, in send
    r = adapter.send(request, **kwargs)
  File "/workdir/dohq-artifactory-0.8.4/.tox/cpythonlibtest-unit-test-tests/lib/python3.10/site-packages/requests/adapters.py", line 519, in send
    raise ConnectionError(e, request=request)
requests.exceptions.ConnectionError: HTTPConnectionPool(host='localhost', port=8081): Max retries exceeded with url: /artifactory/api/security/users/test_create_delete_user (Caused by NewConnectionError('&lt;urllib3.connection.HTTPConnection object at 0x7fd9ef527160&gt;: Failed to establish a new connection: [Errno 111] Connection refused'))</failure></testcase><testcase classname="tests.integration.test_admin.TestUser" name="test_create_update" time="0.002"><failure message="requests.exceptions.ConnectionError: HTTPConnectionPool(host='localhost', port=8081): Max retries exceeded with url: /artifactory/api/security/users/test_create_update_user (Caused by NewConnectionError('&lt;urllib3.connection.HTTPConnection object at 0x7fd9ef526e30&gt;: Failed to establish a new connection: [Errno 111] Connection refused'))">Traceback (most recent call last):
  File "/workdir/dohq-artifactory-0.8.4/.tox/cpythonlibtest-unit-test-tests/lib/python3.10/site-packages/urllib3/connection.py", line 203, in _new_conn
    sock = connection.create_connection(
  File "/workdir/dohq-artifactory-0.8.4/.tox/cpythonlibtest-unit-test-tests/lib/python3.10/site-packages/urllib3/util/connection.py", line 85, in create_connection
    raise err
  File "/workdir/dohq-artifactory-0.8.4/.tox/cpythonlibtest-unit-test-tests/lib/python3.10/site-packages/urllib3/util/connection.py", line 73, in create_connection
    sock.connect(sa)
ConnectionRefusedError: [Errno 111] Connection refused

The above exception was the direct cause of the following exception:

Traceback (most recent call last):
  File "/workdir/dohq-artifactory-0.8.4/.tox/cpythonlibtest-unit-test-tests/lib/python3.10/site-packages/urllib3/connectionpool.py", line 790, in urlopen
    response = self._make_request(
  File "/workdir/dohq-artifactory-0.8.4/.tox/cpythonlibtest-unit-test-tests/lib/python3.10/site-packages/urllib3/connectionpool.py", line 496, in _make_request
    conn.request(
  File "/workdir/dohq-artifactory-0.8.4/.tox/cpythonlibtest-unit-test-tests/lib/python3.10/site-packages/urllib3/connection.py", line 395, in request
    self.endheaders()
  File "/usr/local/lib/python3.10/http/client.py", line 1277, in endheaders
    self._send_output(message_body, encode_chunked=encode_chunked)
  File "/usr/local/lib/python3.10/http/client.py", line 1037, in _send_output
    self.send(msg)
  File "/usr/local/lib/python3.10/http/client.py", line 975, in send
    self.connect()
  File "/workdir/dohq-artifactory-0.8.4/.tox/cpythonlibtest-unit-test-tests/lib/python3.10/site-packages/urllib3/connection.py", line 243, in connect
    self.sock = self._new_conn()
  File "/workdir/dohq-artifactory-0.8.4/.tox/cpythonlibtest-unit-test-tests/lib/python3.10/site-packages/urllib3/connection.py", line 218, in _new_conn
    raise NewConnectionError(
urllib3.exceptions.NewConnectionError: &lt;urllib3.connection.HTTPConnection object at 0x7fd9ef526e30&gt;: Failed to establish a new connection: [Errno 111] Connection refused

The above exception was the direct cause of the following exception:

Traceback (most recent call last):
  File "/workdir/dohq-artifactory-0.8.4/.tox/cpythonlibtest-unit-test-tests/lib/python3.10/site-packages/requests/adapters.py", line 486, in send
    resp = conn.urlopen(
  File "/workdir/dohq-artifactory-0.8.4/.tox/cpythonlibtest-unit-test-tests/lib/python3.10/site-packages/urllib3/connectionpool.py", line 844, in urlopen
    retries = retries.increment(
  File "/workdir/dohq-artifactory-0.8.4/.tox/cpythonlibtest-unit-test-tests/lib/python3.10/site-packages/urllib3/util/retry.py", line 515, in increment
    raise MaxRetryError(_pool, url, reason) from reason  # type: ignore[arg-type]
urllib3.exceptions.MaxRetryError: HTTPConnectionPool(host='localhost', port=8081): Max retries exceeded with url: /artifactory/api/security/users/test_create_update_user (Caused by NewConnectionError('&lt;urllib3.connection.HTTPConnection object at 0x7fd9ef526e30&gt;: Failed to establish a new connection: [Errno 111] Connection refused'))

During handling of the above exception, another exception occurred:

Traceback (most recent call last):
  File "/workdir/dohq-artifactory-0.8.4/.tox/cpythonlibtest-unit-test-tests/lib/python3.10/site-packages/_pytest/runner.py", line 341, in from_call
    result: Optional[TResult] = func()
  File "/workdir/dohq-artifactory-0.8.4/.tox/cpythonlibtest-unit-test-tests/lib/python3.10/site-packages/_pytest/runner.py", line 262, in &lt;lambda&gt;
    lambda: ihook(item=item, **kwds), when=when, reraise=reraise
  File "/workdir/dohq-artifactory-0.8.4/.tox/cpythonlibtest-unit-test-tests/lib/python3.10/site-packages/pluggy/_hooks.py", line 493, in __call__
    return self._hookexec(self.name, self._hookimpls, kwargs, firstresult)
  File "/workdir/dohq-artifactory-0.8.4/.tox/cpythonlibtest-unit-test-tests/lib/python3.10/site-packages/pluggy/_manager.py", line 115, in _hookexec
    return self._inner_hookexec(hook_name, methods, kwargs, firstresult)
  File "/workdir/dohq-artifactory-0.8.4/.tox/cpythonlibtest-unit-test-tests/lib/python3.10/site-packages/pluggy/_callers.py", line 152, in _multicall
    return outcome.get_result()
  File "/workdir/dohq-artifactory-0.8.4/.tox/cpythonlibtest-unit-test-tests/lib/python3.10/site-packages/pluggy/_result.py", line 114, in get_result
    raise exc.with_traceback(exc.__traceback__)
  File "/workdir/dohq-artifactory-0.8.4/.tox/cpythonlibtest-unit-test-tests/lib/python3.10/site-packages/pluggy/_callers.py", line 77, in _multicall
    res = hook_impl.function(*args)
  File "/workdir/dohq-artifactory-0.8.4/.tox/cpythonlibtest-unit-test-tests/lib/python3.10/site-packages/_pytest/runner.py", line 177, in pytest_runtest_call
    raise e
  File "/workdir/dohq-artifactory-0.8.4/.tox/cpythonlibtest-unit-test-tests/lib/python3.10/site-packages/_pytest/runner.py", line 169, in pytest_runtest_call
    item.runtest()
  File "/workdir/dohq-artifactory-0.8.4/.tox/cpythonlibtest-unit-test-tests/lib/python3.10/site-packages/_pytest/python.py", line 1792, in runtest
    self.ihook.pytest_pyfunc_call(pyfuncitem=self)
  File "/workdir/dohq-artifactory-0.8.4/.tox/cpythonlibtest-unit-test-tests/lib/python3.10/site-packages/pluggy/_hooks.py", line 493, in __call__
    return self._hookexec(self.name, self._hookimpls, kwargs, firstresult)
  File "/workdir/dohq-artifactory-0.8.4/.tox/cpythonlibtest-unit-test-tests/lib/python3.10/site-packages/pluggy/_manager.py", line 115, in _hookexec
    return self._inner_hookexec(hook_name, methods, kwargs, firstresult)
  File "/workdir/dohq-artifactory-0.8.4/.tox/cpythonlibtest-unit-test-tests/lib/python3.10/site-packages/pluggy/_callers.py", line 113, in _multicall
    raise exception.with_traceback(exception.__traceback__)
  File "/workdir/dohq-artifactory-0.8.4/.tox/cpythonlibtest-unit-test-tests/lib/python3.10/site-packages/pluggy/_callers.py", line 77, in _multicall
    res = hook_impl.function(*args)
  File "/workdir/dohq-artifactory-0.8.4/.tox/cpythonlibtest-unit-test-tests/lib/python3.10/site-packages/_pytest/python.py", line 194, in pytest_pyfunc_call
    result = testfunction(**testargs)
  File "/workdir/dohq-artifactory-0.8.4/tests/integration/test_admin.py", line 38, in test_create_update
    test_user = artifactory.find_user(user_name)
  File "/workdir/dohq-artifactory-0.8.4/.tox/cpythonlibtest-unit-test-tests/lib/python3.10/site-packages/artifactory.py", line 2303, in find_user
    if obj.read():
  File "/workdir/dohq-artifactory-0.8.4/.tox/cpythonlibtest-unit-test-tests/lib/python3.10/site-packages/dohq_artifactory/admin.py", line 139, in read
    r = self._session.get(request_url, auth=self._auth)
  File "/workdir/dohq-artifactory-0.8.4/.tox/cpythonlibtest-unit-test-tests/lib/python3.10/site-packages/requests/sessions.py", line 602, in get
    return self.request("GET", url, **kwargs)
  File "/workdir/dohq-artifactory-0.8.4/.tox/cpythonlibtest-unit-test-tests/lib/python3.10/site-packages/requests/sessions.py", line 589, in request
    resp = self.send(prep, **send_kwargs)
  File "/workdir/dohq-artifactory-0.8.4/.tox/cpythonlibtest-unit-test-tests/lib/python3.10/site-packages/requests/sessions.py", line 703, in send
    r = adapter.send(request, **kwargs)
  File "/workdir/dohq-artifactory-0.8.4/.tox/cpythonlibtest-unit-test-tests/lib/python3.10/site-packages/requests/adapters.py", line 519, in send
    raise ConnectionError(e, request=request)
requests.exceptions.ConnectionError: HTTPConnectionPool(host='localhost', port=8081): Max retries exceeded with url: /artifactory/api/security/users/test_create_update_user (Caused by NewConnectionError('&lt;urllib3.connection.HTTPConnection object at 0x7fd9ef526e30&gt;: Failed to establish a new connection: [Errno 111] Connection refused'))</failure></testcase><testcase classname="tests.integration.test_admin.TestUser" name="test_add_to_group" time="0.002"><error message="failed on setup with &quot;requests.exceptions.ConnectionError: HTTPConnectionPool(host='localhost', port=8081): Max retries exceeded with url: /artifactory/api/security/groups/group1 (Caused by NewConnectionError('&lt;urllib3.connection.HTTPConnection object at 0x7fd9ef4eece0&gt;: Failed to establish a new connection: [Errno 111] Connection refused'))&quot;">Traceback (most recent call last):
  File "/workdir/dohq-artifactory-0.8.4/.tox/cpythonlibtest-unit-test-tests/lib/python3.10/site-packages/urllib3/connection.py", line 203, in _new_conn
    sock = connection.create_connection(
  File "/workdir/dohq-artifactory-0.8.4/.tox/cpythonlibtest-unit-test-tests/lib/python3.10/site-packages/urllib3/util/connection.py", line 85, in create_connection
    raise err
  File "/workdir/dohq-artifactory-0.8.4/.tox/cpythonlibtest-unit-test-tests/lib/python3.10/site-packages/urllib3/util/connection.py", line 73, in create_connection
    sock.connect(sa)
ConnectionRefusedError: [Errno 111] Connection refused

The above exception was the direct cause of the following exception:

Traceback (most recent call last):
  File "/workdir/dohq-artifactory-0.8.4/.tox/cpythonlibtest-unit-test-tests/lib/python3.10/site-packages/urllib3/connectionpool.py", line 790, in urlopen
    response = self._make_request(
  File "/workdir/dohq-artifactory-0.8.4/.tox/cpythonlibtest-unit-test-tests/lib/python3.10/site-packages/urllib3/connectionpool.py", line 496, in _make_request
    conn.request(
  File "/workdir/dohq-artifactory-0.8.4/.tox/cpythonlibtest-unit-test-tests/lib/python3.10/site-packages/urllib3/connection.py", line 395, in request
    self.endheaders()
  File "/usr/local/lib/python3.10/http/client.py", line 1277, in endheaders
    self._send_output(message_body, encode_chunked=encode_chunked)
  File "/usr/local/lib/python3.10/http/client.py", line 1037, in _send_output
    self.send(msg)
  File "/usr/local/lib/python3.10/http/client.py", line 975, in send
    self.connect()
  File "/workdir/dohq-artifactory-0.8.4/.tox/cpythonlibtest-unit-test-tests/lib/python3.10/site-packages/urllib3/connection.py", line 243, in connect
    self.sock = self._new_conn()
  File "/workdir/dohq-artifactory-0.8.4/.tox/cpythonlibtest-unit-test-tests/lib/python3.10/site-packages/urllib3/connection.py", line 218, in _new_conn
    raise NewConnectionError(
urllib3.exceptions.NewConnectionError: &lt;urllib3.connection.HTTPConnection object at 0x7fd9ef4eece0&gt;: Failed to establish a new connection: [Errno 111] Connection refused

The above exception was the direct cause of the following exception:

Traceback (most recent call last):
  File "/workdir/dohq-artifactory-0.8.4/.tox/cpythonlibtest-unit-test-tests/lib/python3.10/site-packages/requests/adapters.py", line 486, in send
    resp = conn.urlopen(
  File "/workdir/dohq-artifactory-0.8.4/.tox/cpythonlibtest-unit-test-tests/lib/python3.10/site-packages/urllib3/connectionpool.py", line 844, in urlopen
    retries = retries.increment(
  File "/workdir/dohq-artifactory-0.8.4/.tox/cpythonlibtest-unit-test-tests/lib/python3.10/site-packages/urllib3/util/retry.py", line 515, in increment
    raise MaxRetryError(_pool, url, reason) from reason  # type: ignore[arg-type]
urllib3.exceptions.MaxRetryError: HTTPConnectionPool(host='localhost', port=8081): Max retries exceeded with url: /artifactory/api/security/groups/group1 (Caused by NewConnectionError('&lt;urllib3.connection.HTTPConnection object at 0x7fd9ef4eece0&gt;: Failed to establish a new connection: [Errno 111] Connection refused'))

During handling of the above exception, another exception occurred:

Traceback (most recent call last):
  File "/workdir/dohq-artifactory-0.8.4/.tox/cpythonlibtest-unit-test-tests/lib/python3.10/site-packages/_pytest/runner.py", line 341, in from_call
    result: Optional[TResult] = func()
  File "/workdir/dohq-artifactory-0.8.4/.tox/cpythonlibtest-unit-test-tests/lib/python3.10/site-packages/_pytest/runner.py", line 262, in &lt;lambda&gt;
    lambda: ihook(item=item, **kwds), when=when, reraise=reraise
  File "/workdir/dohq-artifactory-0.8.4/.tox/cpythonlibtest-unit-test-tests/lib/python3.10/site-packages/pluggy/_hooks.py", line 493, in __call__
    return self._hookexec(self.name, self._hookimpls, kwargs, firstresult)
  File "/workdir/dohq-artifactory-0.8.4/.tox/cpythonlibtest-unit-test-tests/lib/python3.10/site-packages/pluggy/_manager.py", line 115, in _hookexec
    return self._inner_hookexec(hook_name, methods, kwargs, firstresult)
  File "/workdir/dohq-artifactory-0.8.4/.tox/cpythonlibtest-unit-test-tests/lib/python3.10/site-packages/pluggy/_callers.py", line 152, in _multicall
    return outcome.get_result()
  File "/workdir/dohq-artifactory-0.8.4/.tox/cpythonlibtest-unit-test-tests/lib/python3.10/site-packages/pluggy/_result.py", line 114, in get_result
    raise exc.with_traceback(exc.__traceback__)
  File "/workdir/dohq-artifactory-0.8.4/.tox/cpythonlibtest-unit-test-tests/lib/python3.10/site-packages/pluggy/_callers.py", line 77, in _multicall
    res = hook_impl.function(*args)
  File "/workdir/dohq-artifactory-0.8.4/.tox/cpythonlibtest-unit-test-tests/lib/python3.10/site-packages/_pytest/runner.py", line 157, in pytest_runtest_setup
    item.session._setupstate.setup(item)
  File "/workdir/dohq-artifactory-0.8.4/.tox/cpythonlibtest-unit-test-tests/lib/python3.10/site-packages/_pytest/runner.py", line 497, in setup
    raise exc
  File "/workdir/dohq-artifactory-0.8.4/.tox/cpythonlibtest-unit-test-tests/lib/python3.10/site-packages/_pytest/runner.py", line 494, in setup
    col.setup()
  File "/workdir/dohq-artifactory-0.8.4/.tox/cpythonlibtest-unit-test-tests/lib/python3.10/site-packages/_pytest/python.py", line 1795, in setup
    self._request._fillfixtures()
  File "/workdir/dohq-artifactory-0.8.4/.tox/cpythonlibtest-unit-test-tests/lib/python3.10/site-packages/_pytest/fixtures.py", line 566, in _fillfixtures
    item.funcargs[argname] = self.getfixturevalue(argname)
  File "/workdir/dohq-artifactory-0.8.4/.tox/cpythonlibtest-unit-test-tests/lib/python3.10/site-packages/_pytest/fixtures.py", line 585, in getfixturevalue
    fixturedef = self._get_active_fixturedef(argname)
  File "/workdir/dohq-artifactory-0.8.4/.tox/cpythonlibtest-unit-test-tests/lib/python3.10/site-packages/_pytest/fixtures.py", line 607, in _get_active_fixturedef
    self._compute_fixture_value(fixturedef)
  File "/workdir/dohq-artifactory-0.8.4/.tox/cpythonlibtest-unit-test-tests/lib/python3.10/site-packages/_pytest/fixtures.py", line 693, in _compute_fixture_value
    fixturedef.execute(request=subrequest)
  File "/workdir/dohq-artifactory-0.8.4/.tox/cpythonlibtest-unit-test-tests/lib/python3.10/site-packages/_pytest/fixtures.py", line 1069, in execute
    result = ihook.pytest_fixture_setup(fixturedef=self, request=request)
  File "/workdir/dohq-artifactory-0.8.4/.tox/cpythonlibtest-unit-test-tests/lib/python3.10/site-packages/pluggy/_hooks.py", line 493, in __call__
    return self._hookexec(self.name, self._hookimpls, kwargs, firstresult)
  File "/workdir/dohq-artifactory-0.8.4/.tox/cpythonlibtest-unit-test-tests/lib/python3.10/site-packages/pluggy/_manager.py", line 115, in _hookexec
    return self._inner_hookexec(hook_name, methods, kwargs, firstresult)
  File "/workdir/dohq-artifactory-0.8.4/.tox/cpythonlibtest-unit-test-tests/lib/python3.10/site-packages/pluggy/_callers.py", line 152, in _multicall
    return outcome.get_result()
  File "/workdir/dohq-artifactory-0.8.4/.tox/cpythonlibtest-unit-test-tests/lib/python3.10/site-packages/pluggy/_result.py", line 114, in get_result
    raise exc.with_traceback(exc.__traceback__)
  File "/workdir/dohq-artifactory-0.8.4/.tox/cpythonlibtest-unit-test-tests/lib/python3.10/site-packages/pluggy/_callers.py", line 77, in _multicall
    res = hook_impl.function(*args)
  File "/workdir/dohq-artifactory-0.8.4/.tox/cpythonlibtest-unit-test-tests/lib/python3.10/site-packages/_pytest/fixtures.py", line 1123, in pytest_fixture_setup
    result = call_fixture_func(fixturefunc, request, kwargs)
  File "/workdir/dohq-artifactory-0.8.4/.tox/cpythonlibtest-unit-test-tests/lib/python3.10/site-packages/_pytest/fixtures.py", line 895, in call_fixture_func
    fixture_result = next(generator)
  File "/workdir/dohq-artifactory-0.8.4/tests/conftest.py", line 186, in group1
    group = artifactory.find_group(name)
  File "/workdir/dohq-artifactory-0.8.4/.tox/cpythonlibtest-unit-test-tests/lib/python3.10/site-packages/artifactory.py", line 2309, in find_group
    if obj.read():
  File "/workdir/dohq-artifactory-0.8.4/.tox/cpythonlibtest-unit-test-tests/lib/python3.10/site-packages/dohq_artifactory/admin.py", line 139, in read
    r = self._session.get(request_url, auth=self._auth)
  File "/workdir/dohq-artifactory-0.8.4/.tox/cpythonlibtest-unit-test-tests/lib/python3.10/site-packages/requests/sessions.py", line 602, in get
    return self.request("GET", url, **kwargs)
  File "/workdir/dohq-artifactory-0.8.4/.tox/cpythonlibtest-unit-test-tests/lib/python3.10/site-packages/requests/sessions.py", line 589, in request
    resp = self.send(prep, **send_kwargs)
  File "/workdir/dohq-artifactory-0.8.4/.tox/cpythonlibtest-unit-test-tests/lib/python3.10/site-packages/requests/sessions.py", line 703, in send
    r = adapter.send(request, **kwargs)
  File "/workdir/dohq-artifactory-0.8.4/.tox/cpythonlibtest-unit-test-tests/lib/python3.10/site-packages/requests/adapters.py", line 519, in send
    raise ConnectionError(e, request=request)
requests.exceptions.ConnectionError: HTTPConnectionPool(host='localhost', port=8081): Max retries exceeded with url: /artifactory/api/security/groups/group1 (Caused by NewConnectionError('&lt;urllib3.connection.HTTPConnection object at 0x7fd9ef4eece0&gt;: Failed to establish a new connection: [Errno 111] Connection refused'))</error></testcase><testcase classname="tests.integration.test_admin.TestGroup" name="test_create_delete" time="0.002"><failure message="requests.exceptions.ConnectionError: HTTPConnectionPool(host='localhost', port=8081): Max retries exceeded with url: /artifactory/api/security/groups/test_create_delete_group (Caused by NewConnectionError('&lt;urllib3.connection.HTTPConnection object at 0x7fd9ef4ecca0&gt;: Failed to establish a new connection: [Errno 111] Connection refused'))">Traceback (most recent call last):
  File "/workdir/dohq-artifactory-0.8.4/.tox/cpythonlibtest-unit-test-tests/lib/python3.10/site-packages/urllib3/connection.py", line 203, in _new_conn
    sock = connection.create_connection(
  File "/workdir/dohq-artifactory-0.8.4/.tox/cpythonlibtest-unit-test-tests/lib/python3.10/site-packages/urllib3/util/connection.py", line 85, in create_connection
    raise err
  File "/workdir/dohq-artifactory-0.8.4/.tox/cpythonlibtest-unit-test-tests/lib/python3.10/site-packages/urllib3/util/connection.py", line 73, in create_connection
    sock.connect(sa)
ConnectionRefusedError: [Errno 111] Connection refused

The above exception was the direct cause of the following exception:

Traceback (most recent call last):
  File "/workdir/dohq-artifactory-0.8.4/.tox/cpythonlibtest-unit-test-tests/lib/python3.10/site-packages/urllib3/connectionpool.py", line 790, in urlopen
    response = self._make_request(
  File "/workdir/dohq-artifactory-0.8.4/.tox/cpythonlibtest-unit-test-tests/lib/python3.10/site-packages/urllib3/connectionpool.py", line 496, in _make_request
    conn.request(
  File "/workdir/dohq-artifactory-0.8.4/.tox/cpythonlibtest-unit-test-tests/lib/python3.10/site-packages/urllib3/connection.py", line 395, in request
    self.endheaders()
  File "/usr/local/lib/python3.10/http/client.py", line 1277, in endheaders
    self._send_output(message_body, encode_chunked=encode_chunked)
  File "/usr/local/lib/python3.10/http/client.py", line 1037, in _send_output
    self.send(msg)
  File "/usr/local/lib/python3.10/http/client.py", line 975, in send
    self.connect()
  File "/workdir/dohq-artifactory-0.8.4/.tox/cpythonlibtest-unit-test-tests/lib/python3.10/site-packages/urllib3/connection.py", line 243, in connect
    self.sock = self._new_conn()
  File "/workdir/dohq-artifactory-0.8.4/.tox/cpythonlibtest-unit-test-tests/lib/python3.10/site-packages/urllib3/connection.py", line 218, in _new_conn
    raise NewConnectionError(
urllib3.exceptions.NewConnectionError: &lt;urllib3.connection.HTTPConnection object at 0x7fd9ef4ecca0&gt;: Failed to establish a new connection: [Errno 111] Connection refused

The above exception was the direct cause of the following exception:

Traceback (most recent call last):
  File "/workdir/dohq-artifactory-0.8.4/.tox/cpythonlibtest-unit-test-tests/lib/python3.10/site-packages/requests/adapters.py", line 486, in send
    resp = conn.urlopen(
  File "/workdir/dohq-artifactory-0.8.4/.tox/cpythonlibtest-unit-test-tests/lib/python3.10/site-packages/urllib3/connectionpool.py", line 844, in urlopen
    retries = retries.increment(
  File "/workdir/dohq-artifactory-0.8.4/.tox/cpythonlibtest-unit-test-tests/lib/python3.10/site-packages/urllib3/util/retry.py", line 515, in increment
    raise MaxRetryError(_pool, url, reason) from reason  # type: ignore[arg-type]
urllib3.exceptions.MaxRetryError: HTTPConnectionPool(host='localhost', port=8081): Max retries exceeded with url: /artifactory/api/security/groups/test_create_delete_group (Caused by NewConnectionError('&lt;urllib3.connection.HTTPConnection object at 0x7fd9ef4ecca0&gt;: Failed to establish a new connection: [Errno 111] Connection refused'))

During handling of the above exception, another exception occurred:

Traceback (most recent call last):
  File "/workdir/dohq-artifactory-0.8.4/.tox/cpythonlibtest-unit-test-tests/lib/python3.10/site-packages/_pytest/runner.py", line 341, in from_call
    result: Optional[TResult] = func()
  File "/workdir/dohq-artifactory-0.8.4/.tox/cpythonlibtest-unit-test-tests/lib/python3.10/site-packages/_pytest/runner.py", line 262, in &lt;lambda&gt;
    lambda: ihook(item=item, **kwds), when=when, reraise=reraise
  File "/workdir/dohq-artifactory-0.8.4/.tox/cpythonlibtest-unit-test-tests/lib/python3.10/site-packages/pluggy/_hooks.py", line 493, in __call__
    return self._hookexec(self.name, self._hookimpls, kwargs, firstresult)
  File "/workdir/dohq-artifactory-0.8.4/.tox/cpythonlibtest-unit-test-tests/lib/python3.10/site-packages/pluggy/_manager.py", line 115, in _hookexec
    return self._inner_hookexec(hook_name, methods, kwargs, firstresult)
  File "/workdir/dohq-artifactory-0.8.4/.tox/cpythonlibtest-unit-test-tests/lib/python3.10/site-packages/pluggy/_callers.py", line 152, in _multicall
    return outcome.get_result()
  File "/workdir/dohq-artifactory-0.8.4/.tox/cpythonlibtest-unit-test-tests/lib/python3.10/site-packages/pluggy/_result.py", line 114, in get_result
    raise exc.with_traceback(exc.__traceback__)
  File "/workdir/dohq-artifactory-0.8.4/.tox/cpythonlibtest-unit-test-tests/lib/python3.10/site-packages/pluggy/_callers.py", line 77, in _multicall
    res = hook_impl.function(*args)
  File "/workdir/dohq-artifactory-0.8.4/.tox/cpythonlibtest-unit-test-tests/lib/python3.10/site-packages/_pytest/runner.py", line 177, in pytest_runtest_call
    raise e
  File "/workdir/dohq-artifactory-0.8.4/.tox/cpythonlibtest-unit-test-tests/lib/python3.10/site-packages/_pytest/runner.py", line 169, in pytest_runtest_call
    item.runtest()
  File "/workdir/dohq-artifactory-0.8.4/.tox/cpythonlibtest-unit-test-tests/lib/python3.10/site-packages/_pytest/python.py", line 1792, in runtest
    self.ihook.pytest_pyfunc_call(pyfuncitem=self)
  File "/workdir/dohq-artifactory-0.8.4/.tox/cpythonlibtest-unit-test-tests/lib/python3.10/site-packages/pluggy/_hooks.py", line 493, in __call__
    return self._hookexec(self.name, self._hookimpls, kwargs, firstresult)
  File "/workdir/dohq-artifactory-0.8.4/.tox/cpythonlibtest-unit-test-tests/lib/python3.10/site-packages/pluggy/_manager.py", line 115, in _hookexec
    return self._inner_hookexec(hook_name, methods, kwargs, firstresult)
  File "/workdir/dohq-artifactory-0.8.4/.tox/cpythonlibtest-unit-test-tests/lib/python3.10/site-packages/pluggy/_callers.py", line 113, in _multicall
    raise exception.with_traceback(exception.__traceback__)
  File "/workdir/dohq-artifactory-0.8.4/.tox/cpythonlibtest-unit-test-tests/lib/python3.10/site-packages/pluggy/_callers.py", line 77, in _multicall
    res = hook_impl.function(*args)
  File "/workdir/dohq-artifactory-0.8.4/.tox/cpythonlibtest-unit-test-tests/lib/python3.10/site-packages/_pytest/python.py", line 194, in pytest_pyfunc_call
    result = testfunction(**testargs)
  File "/workdir/dohq-artifactory-0.8.4/tests/integration/test_admin.py", line 79, in test_create_delete
    test_group = artifactory.find_group(name)
  File "/workdir/dohq-artifactory-0.8.4/.tox/cpythonlibtest-unit-test-tests/lib/python3.10/site-packages/artifactory.py", line 2309, in find_group
    if obj.read():
  File "/workdir/dohq-artifactory-0.8.4/.tox/cpythonlibtest-unit-test-tests/lib/python3.10/site-packages/dohq_artifactory/admin.py", line 139, in read
    r = self._session.get(request_url, auth=self._auth)
  File "/workdir/dohq-artifactory-0.8.4/.tox/cpythonlibtest-unit-test-tests/lib/python3.10/site-packages/requests/sessions.py", line 602, in get
    return self.request("GET", url, **kwargs)
  File "/workdir/dohq-artifactory-0.8.4/.tox/cpythonlibtest-unit-test-tests/lib/python3.10/site-packages/requests/sessions.py", line 589, in request
    resp = self.send(prep, **send_kwargs)
  File "/workdir/dohq-artifactory-0.8.4/.tox/cpythonlibtest-unit-test-tests/lib/python3.10/site-packages/requests/sessions.py", line 703, in send
    r = adapter.send(request, **kwargs)
  File "/workdir/dohq-artifactory-0.8.4/.tox/cpythonlibtest-unit-test-tests/lib/python3.10/site-packages/requests/adapters.py", line 519, in send
    raise ConnectionError(e, request=request)
requests.exceptions.ConnectionError: HTTPConnectionPool(host='localhost', port=8081): Max retries exceeded with url: /artifactory/api/security/groups/test_create_delete_group (Caused by NewConnectionError('&lt;urllib3.connection.HTTPConnection object at 0x7fd9ef4ecca0&gt;: Failed to establish a new connection: [Errno 111] Connection refused'))</failure></testcase><testcase classname="tests.integration.test_admin.TestGroup" name="test_create_delete_with_user" time="0.002"><failure message="requests.exceptions.ConnectionError: HTTPConnectionPool(host='localhost', port=8081): Max retries exceeded with url: /artifactory/api/security/groups/test_adding_user_to_group (Caused by NewConnectionError('&lt;urllib3.connection.HTTPConnection object at 0x7fd9ef4ed5a0&gt;: Failed to establish a new connection: [Errno 111] Connection refused'))">Traceback (most recent call last):
  File "/workdir/dohq-artifactory-0.8.4/.tox/cpythonlibtest-unit-test-tests/lib/python3.10/site-packages/urllib3/connection.py", line 203, in _new_conn
    sock = connection.create_connection(
  File "/workdir/dohq-artifactory-0.8.4/.tox/cpythonlibtest-unit-test-tests/lib/python3.10/site-packages/urllib3/util/connection.py", line 85, in create_connection
    raise err
  File "/workdir/dohq-artifactory-0.8.4/.tox/cpythonlibtest-unit-test-tests/lib/python3.10/site-packages/urllib3/util/connection.py", line 73, in create_connection
    sock.connect(sa)
ConnectionRefusedError: [Errno 111] Connection refused

The above exception was the direct cause of the following exception:

Traceback (most recent call last):
  File "/workdir/dohq-artifactory-0.8.4/.tox/cpythonlibtest-unit-test-tests/lib/python3.10/site-packages/urllib3/connectionpool.py", line 790, in urlopen
    response = self._make_request(
  File "/workdir/dohq-artifactory-0.8.4/.tox/cpythonlibtest-unit-test-tests/lib/python3.10/site-packages/urllib3/connectionpool.py", line 496, in _make_request
    conn.request(
  File "/workdir/dohq-artifactory-0.8.4/.tox/cpythonlibtest-unit-test-tests/lib/python3.10/site-packages/urllib3/connection.py", line 395, in request
    self.endheaders()
  File "/usr/local/lib/python3.10/http/client.py", line 1277, in endheaders
    self._send_output(message_body, encode_chunked=encode_chunked)
  File "/usr/local/lib/python3.10/http/client.py", line 1037, in _send_output
    self.send(msg)
  File "/usr/local/lib/python3.10/http/client.py", line 975, in send
    self.connect()
  File "/workdir/dohq-artifactory-0.8.4/.tox/cpythonlibtest-unit-test-tests/lib/python3.10/site-packages/urllib3/connection.py", line 243, in connect
    self.sock = self._new_conn()
  File "/workdir/dohq-artifactory-0.8.4/.tox/cpythonlibtest-unit-test-tests/lib/python3.10/site-packages/urllib3/connection.py", line 218, in _new_conn
    raise NewConnectionError(
urllib3.exceptions.NewConnectionError: &lt;urllib3.connection.HTTPConnection object at 0x7fd9ef4ed5a0&gt;: Failed to establish a new connection: [Errno 111] Connection refused

The above exception was the direct cause of the following exception:

Traceback (most recent call last):
  File "/workdir/dohq-artifactory-0.8.4/.tox/cpythonlibtest-unit-test-tests/lib/python3.10/site-packages/requests/adapters.py", line 486, in send
    resp = conn.urlopen(
  File "/workdir/dohq-artifactory-0.8.4/.tox/cpythonlibtest-unit-test-tests/lib/python3.10/site-packages/urllib3/connectionpool.py", line 844, in urlopen
    retries = retries.increment(
  File "/workdir/dohq-artifactory-0.8.4/.tox/cpythonlibtest-unit-test-tests/lib/python3.10/site-packages/urllib3/util/retry.py", line 515, in increment
    raise MaxRetryError(_pool, url, reason) from reason  # type: ignore[arg-type]
urllib3.exceptions.MaxRetryError: HTTPConnectionPool(host='localhost', port=8081): Max retries exceeded with url: /artifactory/api/security/groups/test_adding_user_to_group (Caused by NewConnectionError('&lt;urllib3.connection.HTTPConnection object at 0x7fd9ef4ed5a0&gt;: Failed to establish a new connection: [Errno 111] Connection refused'))

During handling of the above exception, another exception occurred:

Traceback (most recent call last):
  File "/workdir/dohq-artifactory-0.8.4/.tox/cpythonlibtest-unit-test-tests/lib/python3.10/site-packages/_pytest/runner.py", line 341, in from_call
    result: Optional[TResult] = func()
  File "/workdir/dohq-artifactory-0.8.4/.tox/cpythonlibtest-unit-test-tests/lib/python3.10/site-packages/_pytest/runner.py", line 262, in &lt;lambda&gt;
    lambda: ihook(item=item, **kwds), when=when, reraise=reraise
  File "/workdir/dohq-artifactory-0.8.4/.tox/cpythonlibtest-unit-test-tests/lib/python3.10/site-packages/pluggy/_hooks.py", line 493, in __call__
    return self._hookexec(self.name, self._hookimpls, kwargs, firstresult)
  File "/workdir/dohq-artifactory-0.8.4/.tox/cpythonlibtest-unit-test-tests/lib/python3.10/site-packages/pluggy/_manager.py", line 115, in _hookexec
    return self._inner_hookexec(hook_name, methods, kwargs, firstresult)
  File "/workdir/dohq-artifactory-0.8.4/.tox/cpythonlibtest-unit-test-tests/lib/python3.10/site-packages/pluggy/_callers.py", line 152, in _multicall
    return outcome.get_result()
  File "/workdir/dohq-artifactory-0.8.4/.tox/cpythonlibtest-unit-test-tests/lib/python3.10/site-packages/pluggy/_result.py", line 114, in get_result
    raise exc.with_traceback(exc.__traceback__)
  File "/workdir/dohq-artifactory-0.8.4/.tox/cpythonlibtest-unit-test-tests/lib/python3.10/site-packages/pluggy/_callers.py", line 77, in _multicall
    res = hook_impl.function(*args)
  File "/workdir/dohq-artifactory-0.8.4/.tox/cpythonlibtest-unit-test-tests/lib/python3.10/site-packages/_pytest/runner.py", line 177, in pytest_runtest_call
    raise e
  File "/workdir/dohq-artifactory-0.8.4/.tox/cpythonlibtest-unit-test-tests/lib/python3.10/site-packages/_pytest/runner.py", line 169, in pytest_runtest_call
    item.runtest()
  File "/workdir/dohq-artifactory-0.8.4/.tox/cpythonlibtest-unit-test-tests/lib/python3.10/site-packages/_pytest/python.py", line 1792, in runtest
    self.ihook.pytest_pyfunc_call(pyfuncitem=self)
  File "/workdir/dohq-artifactory-0.8.4/.tox/cpythonlibtest-unit-test-tests/lib/python3.10/site-packages/pluggy/_hooks.py", line 493, in __call__
    return self._hookexec(self.name, self._hookimpls, kwargs, firstresult)
  File "/workdir/dohq-artifactory-0.8.4/.tox/cpythonlibtest-unit-test-tests/lib/python3.10/site-packages/pluggy/_manager.py", line 115, in _hookexec
    return self._inner_hookexec(hook_name, methods, kwargs, firstresult)
  File "/workdir/dohq-artifactory-0.8.4/.tox/cpythonlibtest-unit-test-tests/lib/python3.10/site-packages/pluggy/_callers.py", line 113, in _multicall
    raise exception.with_traceback(exception.__traceback__)
  File "/workdir/dohq-artifactory-0.8.4/.tox/cpythonlibtest-unit-test-tests/lib/python3.10/site-packages/pluggy/_callers.py", line 77, in _multicall
    res = hook_impl.function(*args)
  File "/workdir/dohq-artifactory-0.8.4/.tox/cpythonlibtest-unit-test-tests/lib/python3.10/site-packages/_pytest/python.py", line 194, in pytest_pyfunc_call
    result = testfunction(**testargs)
  File "/workdir/dohq-artifactory-0.8.4/tests/integration/test_admin.py", line 98, in test_create_delete_with_user
    test_group = artifactory.find_group(name)
  File "/workdir/dohq-artifactory-0.8.4/.tox/cpythonlibtest-unit-test-tests/lib/python3.10/site-packages/artifactory.py", line 2309, in find_group
    if obj.read():
  File "/workdir/dohq-artifactory-0.8.4/.tox/cpythonlibtest-unit-test-tests/lib/python3.10/site-packages/dohq_artifactory/admin.py", line 139, in read
    r = self._session.get(request_url, auth=self._auth)
  File "/workdir/dohq-artifactory-0.8.4/.tox/cpythonlibtest-unit-test-tests/lib/python3.10/site-packages/requests/sessions.py", line 602, in get
    return self.request("GET", url, **kwargs)
  File "/workdir/dohq-artifactory-0.8.4/.tox/cpythonlibtest-unit-test-tests/lib/python3.10/site-packages/requests/sessions.py", line 589, in request
    resp = self.send(prep, **send_kwargs)
  File "/workdir/dohq-artifactory-0.8.4/.tox/cpythonlibtest-unit-test-tests/lib/python3.10/site-packages/requests/sessions.py", line 703, in send
    r = adapter.send(request, **kwargs)
  File "/workdir/dohq-artifactory-0.8.4/.tox/cpythonlibtest-unit-test-tests/lib/python3.10/site-packages/requests/adapters.py", line 519, in send
    raise ConnectionError(e, request=request)
requests.exceptions.ConnectionError: HTTPConnectionPool(host='localhost', port=8081): Max retries exceeded with url: /artifactory/api/security/groups/test_adding_user_to_group (Caused by NewConnectionError('&lt;urllib3.connection.HTTPConnection object at 0x7fd9ef4ed5a0&gt;: Failed to establish a new connection: [Errno 111] Connection refused'))</failure></testcase><testcase classname="tests.integration.test_admin.TestLocalRepositories" name="test_create_delete" time="0.002"><failure message="requests.exceptions.ConnectionError: HTTPConnectionPool(host='localhost', port=8081): Max retries exceeded with url: /artifactory/api/repositories/test-debian-repo (Caused by NewConnectionError('&lt;urllib3.connection.HTTPConnection object at 0x7fd9ef4ed5d0&gt;: Failed to establish a new connection: [Errno 111] Connection refused'))">Traceback (most recent call last):
  File "/workdir/dohq-artifactory-0.8.4/.tox/cpythonlibtest-unit-test-tests/lib/python3.10/site-packages/urllib3/connection.py", line 203, in _new_conn
    sock = connection.create_connection(
  File "/workdir/dohq-artifactory-0.8.4/.tox/cpythonlibtest-unit-test-tests/lib/python3.10/site-packages/urllib3/util/connection.py", line 85, in create_connection
    raise err
  File "/workdir/dohq-artifactory-0.8.4/.tox/cpythonlibtest-unit-test-tests/lib/python3.10/site-packages/urllib3/util/connection.py", line 73, in create_connection
    sock.connect(sa)
ConnectionRefusedError: [Errno 111] Connection refused

The above exception was the direct cause of the following exception:

Traceback (most recent call last):
  File "/workdir/dohq-artifactory-0.8.4/.tox/cpythonlibtest-unit-test-tests/lib/python3.10/site-packages/urllib3/connectionpool.py", line 790, in urlopen
    response = self._make_request(
  File "/workdir/dohq-artifactory-0.8.4/.tox/cpythonlibtest-unit-test-tests/lib/python3.10/site-packages/urllib3/connectionpool.py", line 496, in _make_request
    conn.request(
  File "/workdir/dohq-artifactory-0.8.4/.tox/cpythonlibtest-unit-test-tests/lib/python3.10/site-packages/urllib3/connection.py", line 395, in request
    self.endheaders()
  File "/usr/local/lib/python3.10/http/client.py", line 1277, in endheaders
    self._send_output(message_body, encode_chunked=encode_chunked)
  File "/usr/local/lib/python3.10/http/client.py", line 1037, in _send_output
    self.send(msg)
  File "/usr/local/lib/python3.10/http/client.py", line 975, in send
    self.connect()
  File "/workdir/dohq-artifactory-0.8.4/.tox/cpythonlibtest-unit-test-tests/lib/python3.10/site-packages/urllib3/connection.py", line 243, in connect
    self.sock = self._new_conn()
  File "/workdir/dohq-artifactory-0.8.4/.tox/cpythonlibtest-unit-test-tests/lib/python3.10/site-packages/urllib3/connection.py", line 218, in _new_conn
    raise NewConnectionError(
urllib3.exceptions.NewConnectionError: &lt;urllib3.connection.HTTPConnection object at 0x7fd9ef4ed5d0&gt;: Failed to establish a new connection: [Errno 111] Connection refused

The above exception was the direct cause of the following exception:

Traceback (most recent call last):
  File "/workdir/dohq-artifactory-0.8.4/.tox/cpythonlibtest-unit-test-tests/lib/python3.10/site-packages/requests/adapters.py", line 486, in send
    resp = conn.urlopen(
  File "/workdir/dohq-artifactory-0.8.4/.tox/cpythonlibtest-unit-test-tests/lib/python3.10/site-packages/urllib3/connectionpool.py", line 844, in urlopen
    retries = retries.increment(
  File "/workdir/dohq-artifactory-0.8.4/.tox/cpythonlibtest-unit-test-tests/lib/python3.10/site-packages/urllib3/util/retry.py", line 515, in increment
    raise MaxRetryError(_pool, url, reason) from reason  # type: ignore[arg-type]
urllib3.exceptions.MaxRetryError: HTTPConnectionPool(host='localhost', port=8081): Max retries exceeded with url: /artifactory/api/repositories/test-debian-repo (Caused by NewConnectionError('&lt;urllib3.connection.HTTPConnection object at 0x7fd9ef4ed5d0&gt;: Failed to establish a new connection: [Errno 111] Connection refused'))

During handling of the above exception, another exception occurred:

Traceback (most recent call last):
  File "/workdir/dohq-artifactory-0.8.4/.tox/cpythonlibtest-unit-test-tests/lib/python3.10/site-packages/_pytest/runner.py", line 341, in from_call
    result: Optional[TResult] = func()
  File "/workdir/dohq-artifactory-0.8.4/.tox/cpythonlibtest-unit-test-tests/lib/python3.10/site-packages/_pytest/runner.py", line 262, in &lt;lambda&gt;
    lambda: ihook(item=item, **kwds), when=when, reraise=reraise
  File "/workdir/dohq-artifactory-0.8.4/.tox/cpythonlibtest-unit-test-tests/lib/python3.10/site-packages/pluggy/_hooks.py", line 493, in __call__
    return self._hookexec(self.name, self._hookimpls, kwargs, firstresult)
  File "/workdir/dohq-artifactory-0.8.4/.tox/cpythonlibtest-unit-test-tests/lib/python3.10/site-packages/pluggy/_manager.py", line 115, in _hookexec
    return self._inner_hookexec(hook_name, methods, kwargs, firstresult)
  File "/workdir/dohq-artifactory-0.8.4/.tox/cpythonlibtest-unit-test-tests/lib/python3.10/site-packages/pluggy/_callers.py", line 152, in _multicall
    return outcome.get_result()
  File "/workdir/dohq-artifactory-0.8.4/.tox/cpythonlibtest-unit-test-tests/lib/python3.10/site-packages/pluggy/_result.py", line 114, in get_result
    raise exc.with_traceback(exc.__traceback__)
  File "/workdir/dohq-artifactory-0.8.4/.tox/cpythonlibtest-unit-test-tests/lib/python3.10/site-packages/pluggy/_callers.py", line 77, in _multicall
    res = hook_impl.function(*args)
  File "/workdir/dohq-artifactory-0.8.4/.tox/cpythonlibtest-unit-test-tests/lib/python3.10/site-packages/_pytest/runner.py", line 177, in pytest_runtest_call
    raise e
  File "/workdir/dohq-artifactory-0.8.4/.tox/cpythonlibtest-unit-test-tests/lib/python3.10/site-packages/_pytest/runner.py", line 169, in pytest_runtest_call
    item.runtest()
  File "/workdir/dohq-artifactory-0.8.4/.tox/cpythonlibtest-unit-test-tests/lib/python3.10/site-packages/_pytest/python.py", line 1792, in runtest
    self.ihook.pytest_pyfunc_call(pyfuncitem=self)
  File "/workdir/dohq-artifactory-0.8.4/.tox/cpythonlibtest-unit-test-tests/lib/python3.10/site-packages/pluggy/_hooks.py", line 493, in __call__
    return self._hookexec(self.name, self._hookimpls, kwargs, firstresult)
  File "/workdir/dohq-artifactory-0.8.4/.tox/cpythonlibtest-unit-test-tests/lib/python3.10/site-packages/pluggy/_manager.py", line 115, in _hookexec
    return self._inner_hookexec(hook_name, methods, kwargs, firstresult)
  File "/workdir/dohq-artifactory-0.8.4/.tox/cpythonlibtest-unit-test-tests/lib/python3.10/site-packages/pluggy/_callers.py", line 113, in _multicall
    raise exception.with_traceback(exception.__traceback__)
  File "/workdir/dohq-artifactory-0.8.4/.tox/cpythonlibtest-unit-test-tests/lib/python3.10/site-packages/pluggy/_callers.py", line 77, in _multicall
    res = hook_impl.function(*args)
  File "/workdir/dohq-artifactory-0.8.4/.tox/cpythonlibtest-unit-test-tests/lib/python3.10/site-packages/_pytest/python.py", line 194, in pytest_pyfunc_call
    result = testfunction(**testargs)
  File "/workdir/dohq-artifactory-0.8.4/tests/integration/test_admin.py", line 125, in test_create_delete
    test_repo = artifactory.find_repository_local(name)
  File "/workdir/dohq-artifactory-0.8.4/.tox/cpythonlibtest-unit-test-tests/lib/python3.10/site-packages/artifactory.py", line 2315, in find_repository_local
    if obj.read():
  File "/workdir/dohq-artifactory-0.8.4/.tox/cpythonlibtest-unit-test-tests/lib/python3.10/site-packages/dohq_artifactory/admin.py", line 139, in read
    r = self._session.get(request_url, auth=self._auth)
  File "/workdir/dohq-artifactory-0.8.4/.tox/cpythonlibtest-unit-test-tests/lib/python3.10/site-packages/requests/sessions.py", line 602, in get
    return self.request("GET", url, **kwargs)
  File "/workdir/dohq-artifactory-0.8.4/.tox/cpythonlibtest-unit-test-tests/lib/python3.10/site-packages/requests/sessions.py", line 589, in request
    resp = self.send(prep, **send_kwargs)
  File "/workdir/dohq-artifactory-0.8.4/.tox/cpythonlibtest-unit-test-tests/lib/python3.10/site-packages/requests/sessions.py", line 703, in send
    r = adapter.send(request, **kwargs)
  File "/workdir/dohq-artifactory-0.8.4/.tox/cpythonlibtest-unit-test-tests/lib/python3.10/site-packages/requests/adapters.py", line 519, in send
    raise ConnectionError(e, request=request)
requests.exceptions.ConnectionError: HTTPConnectionPool(host='localhost', port=8081): Max retries exceeded with url: /artifactory/api/repositories/test-debian-repo (Caused by NewConnectionError('&lt;urllib3.connection.HTTPConnection object at 0x7fd9ef4ed5d0&gt;: Failed to establish a new connection: [Errno 111] Connection refused'))</failure></testcase><testcase classname="tests.integration.test_admin.TestTargetPermission" name="test_create_delete" time="0.002"><failure message="requests.exceptions.ConnectionError: HTTPConnectionPool(host='localhost', port=8081): Max retries exceeded with url: /artifactory/api/security/permissions/create_delete_permission (Caused by NewConnectionError('&lt;urllib3.connection.HTTPConnection object at 0x7fd9ef4ed690&gt;: Failed to establish a new connection: [Errno 111] Connection refused'))">Traceback (most recent call last):
  File "/workdir/dohq-artifactory-0.8.4/.tox/cpythonlibtest-unit-test-tests/lib/python3.10/site-packages/urllib3/connection.py", line 203, in _new_conn
    sock = connection.create_connection(
  File "/workdir/dohq-artifactory-0.8.4/.tox/cpythonlibtest-unit-test-tests/lib/python3.10/site-packages/urllib3/util/connection.py", line 85, in create_connection
    raise err
  File "/workdir/dohq-artifactory-0.8.4/.tox/cpythonlibtest-unit-test-tests/lib/python3.10/site-packages/urllib3/util/connection.py", line 73, in create_connection
    sock.connect(sa)
ConnectionRefusedError: [Errno 111] Connection refused

The above exception was the direct cause of the following exception:

Traceback (most recent call last):
  File "/workdir/dohq-artifactory-0.8.4/.tox/cpythonlibtest-unit-test-tests/lib/python3.10/site-packages/urllib3/connectionpool.py", line 790, in urlopen
    response = self._make_request(
  File "/workdir/dohq-artifactory-0.8.4/.tox/cpythonlibtest-unit-test-tests/lib/python3.10/site-packages/urllib3/connectionpool.py", line 496, in _make_request
    conn.request(
  File "/workdir/dohq-artifactory-0.8.4/.tox/cpythonlibtest-unit-test-tests/lib/python3.10/site-packages/urllib3/connection.py", line 395, in request
    self.endheaders()
  File "/usr/local/lib/python3.10/http/client.py", line 1277, in endheaders
    self._send_output(message_body, encode_chunked=encode_chunked)
  File "/usr/local/lib/python3.10/http/client.py", line 1037, in _send_output
    self.send(msg)
  File "/usr/local/lib/python3.10/http/client.py", line 975, in send
    self.connect()
  File "/workdir/dohq-artifactory-0.8.4/.tox/cpythonlibtest-unit-test-tests/lib/python3.10/site-packages/urllib3/connection.py", line 243, in connect
    self.sock = self._new_conn()
  File "/workdir/dohq-artifactory-0.8.4/.tox/cpythonlibtest-unit-test-tests/lib/python3.10/site-packages/urllib3/connection.py", line 218, in _new_conn
    raise NewConnectionError(
urllib3.exceptions.NewConnectionError: &lt;urllib3.connection.HTTPConnection object at 0x7fd9ef4ed690&gt;: Failed to establish a new connection: [Errno 111] Connection refused

The above exception was the direct cause of the following exception:

Traceback (most recent call last):
  File "/workdir/dohq-artifactory-0.8.4/.tox/cpythonlibtest-unit-test-tests/lib/python3.10/site-packages/requests/adapters.py", line 486, in send
    resp = conn.urlopen(
  File "/workdir/dohq-artifactory-0.8.4/.tox/cpythonlibtest-unit-test-tests/lib/python3.10/site-packages/urllib3/connectionpool.py", line 844, in urlopen
    retries = retries.increment(
  File "/workdir/dohq-artifactory-0.8.4/.tox/cpythonlibtest-unit-test-tests/lib/python3.10/site-packages/urllib3/util/retry.py", line 515, in increment
    raise MaxRetryError(_pool, url, reason) from reason  # type: ignore[arg-type]
urllib3.exceptions.MaxRetryError: HTTPConnectionPool(host='localhost', port=8081): Max retries exceeded with url: /artifactory/api/security/permissions/create_delete_permission (Caused by NewConnectionError('&lt;urllib3.connection.HTTPConnection object at 0x7fd9ef4ed690&gt;: Failed to establish a new connection: [Errno 111] Connection refused'))

During handling of the above exception, another exception occurred:

Traceback (most recent call last):
  File "/workdir/dohq-artifactory-0.8.4/.tox/cpythonlibtest-unit-test-tests/lib/python3.10/site-packages/_pytest/runner.py", line 341, in from_call
    result: Optional[TResult] = func()
  File "/workdir/dohq-artifactory-0.8.4/.tox/cpythonlibtest-unit-test-tests/lib/python3.10/site-packages/_pytest/runner.py", line 262, in &lt;lambda&gt;
    lambda: ihook(item=item, **kwds), when=when, reraise=reraise
  File "/workdir/dohq-artifactory-0.8.4/.tox/cpythonlibtest-unit-test-tests/lib/python3.10/site-packages/pluggy/_hooks.py", line 493, in __call__
    return self._hookexec(self.name, self._hookimpls, kwargs, firstresult)
  File "/workdir/dohq-artifactory-0.8.4/.tox/cpythonlibtest-unit-test-tests/lib/python3.10/site-packages/pluggy/_manager.py", line 115, in _hookexec
    return self._inner_hookexec(hook_name, methods, kwargs, firstresult)
  File "/workdir/dohq-artifactory-0.8.4/.tox/cpythonlibtest-unit-test-tests/lib/python3.10/site-packages/pluggy/_callers.py", line 152, in _multicall
    return outcome.get_result()
  File "/workdir/dohq-artifactory-0.8.4/.tox/cpythonlibtest-unit-test-tests/lib/python3.10/site-packages/pluggy/_result.py", line 114, in get_result
    raise exc.with_traceback(exc.__traceback__)
  File "/workdir/dohq-artifactory-0.8.4/.tox/cpythonlibtest-unit-test-tests/lib/python3.10/site-packages/pluggy/_callers.py", line 77, in _multicall
    res = hook_impl.function(*args)
  File "/workdir/dohq-artifactory-0.8.4/.tox/cpythonlibtest-unit-test-tests/lib/python3.10/site-packages/_pytest/runner.py", line 177, in pytest_runtest_call
    raise e
  File "/workdir/dohq-artifactory-0.8.4/.tox/cpythonlibtest-unit-test-tests/lib/python3.10/site-packages/_pytest/runner.py", line 169, in pytest_runtest_call
    item.runtest()
  File "/workdir/dohq-artifactory-0.8.4/.tox/cpythonlibtest-unit-test-tests/lib/python3.10/site-packages/_pytest/python.py", line 1792, in runtest
    self.ihook.pytest_pyfunc_call(pyfuncitem=self)
  File "/workdir/dohq-artifactory-0.8.4/.tox/cpythonlibtest-unit-test-tests/lib/python3.10/site-packages/pluggy/_hooks.py", line 493, in __call__
    return self._hookexec(self.name, self._hookimpls, kwargs, firstresult)
  File "/workdir/dohq-artifactory-0.8.4/.tox/cpythonlibtest-unit-test-tests/lib/python3.10/site-packages/pluggy/_manager.py", line 115, in _hookexec
    return self._inner_hookexec(hook_name, methods, kwargs, firstresult)
  File "/workdir/dohq-artifactory-0.8.4/.tox/cpythonlibtest-unit-test-tests/lib/python3.10/site-packages/pluggy/_callers.py", line 113, in _multicall
    raise exception.with_traceback(exception.__traceback__)
  File "/workdir/dohq-artifactory-0.8.4/.tox/cpythonlibtest-unit-test-tests/lib/python3.10/site-packages/pluggy/_callers.py", line 77, in _multicall
    res = hook_impl.function(*args)
  File "/workdir/dohq-artifactory-0.8.4/.tox/cpythonlibtest-unit-test-tests/lib/python3.10/site-packages/_pytest/python.py", line 194, in pytest_pyfunc_call
    result = testfunction(**testargs)
  File "/workdir/dohq-artifactory-0.8.4/tests/integration/test_admin.py", line 148, in test_create_delete
    test_permission = artifactory.find_permission_target(name)
  File "/workdir/dohq-artifactory-0.8.4/.tox/cpythonlibtest-unit-test-tests/lib/python3.10/site-packages/artifactory.py", line 2351, in find_permission_target
    if obj.read():
  File "/workdir/dohq-artifactory-0.8.4/.tox/cpythonlibtest-unit-test-tests/lib/python3.10/site-packages/dohq_artifactory/admin.py", line 139, in read
    r = self._session.get(request_url, auth=self._auth)
  File "/workdir/dohq-artifactory-0.8.4/.tox/cpythonlibtest-unit-test-tests/lib/python3.10/site-packages/requests/sessions.py", line 602, in get
    return self.request("GET", url, **kwargs)
  File "/workdir/dohq-artifactory-0.8.4/.tox/cpythonlibtest-unit-test-tests/lib/python3.10/site-packages/requests/sessions.py", line 589, in request
    resp = self.send(prep, **send_kwargs)
  File "/workdir/dohq-artifactory-0.8.4/.tox/cpythonlibtest-unit-test-tests/lib/python3.10/site-packages/requests/sessions.py", line 703, in send
    r = adapter.send(request, **kwargs)
  File "/workdir/dohq-artifactory-0.8.4/.tox/cpythonlibtest-unit-test-tests/lib/python3.10/site-packages/requests/adapters.py", line 519, in send
    raise ConnectionError(e, request=request)
requests.exceptions.ConnectionError: HTTPConnectionPool(host='localhost', port=8081): Max retries exceeded with url: /artifactory/api/security/permissions/create_delete_permission (Caused by NewConnectionError('&lt;urllib3.connection.HTTPConnection object at 0x7fd9ef4ed690&gt;: Failed to establish a new connection: [Errno 111] Connection refused'))</failure></testcase><testcase classname="tests.integration.test_admin.TestTargetPermission" name="test_add_repositories" time="0.002"><error message="failed on setup with &quot;requests.exceptions.ConnectionError: HTTPConnectionPool(host='localhost', port=8081): Max retries exceeded with url: /artifactory/api/security/permissions/fixture_permission (Caused by NewConnectionError('&lt;urllib3.connection.HTTPConnection object at 0x7fd9ef518520&gt;: Failed to establish a new connection: [Errno 111] Connection refused'))&quot;">Traceback (most recent call last):
  File "/workdir/dohq-artifactory-0.8.4/.tox/cpythonlibtest-unit-test-tests/lib/python3.10/site-packages/urllib3/connection.py", line 203, in _new_conn
    sock = connection.create_connection(
  File "/workdir/dohq-artifactory-0.8.4/.tox/cpythonlibtest-unit-test-tests/lib/python3.10/site-packages/urllib3/util/connection.py", line 85, in create_connection
    raise err
  File "/workdir/dohq-artifactory-0.8.4/.tox/cpythonlibtest-unit-test-tests/lib/python3.10/site-packages/urllib3/util/connection.py", line 73, in create_connection
    sock.connect(sa)
ConnectionRefusedError: [Errno 111] Connection refused

The above exception was the direct cause of the following exception:

Traceback (most recent call last):
  File "/workdir/dohq-artifactory-0.8.4/.tox/cpythonlibtest-unit-test-tests/lib/python3.10/site-packages/urllib3/connectionpool.py", line 790, in urlopen
    response = self._make_request(
  File "/workdir/dohq-artifactory-0.8.4/.tox/cpythonlibtest-unit-test-tests/lib/python3.10/site-packages/urllib3/connectionpool.py", line 496, in _make_request
    conn.request(
  File "/workdir/dohq-artifactory-0.8.4/.tox/cpythonlibtest-unit-test-tests/lib/python3.10/site-packages/urllib3/connection.py", line 395, in request
    self.endheaders()
  File "/usr/local/lib/python3.10/http/client.py", line 1277, in endheaders
    self._send_output(message_body, encode_chunked=encode_chunked)
  File "/usr/local/lib/python3.10/http/client.py", line 1037, in _send_output
    self.send(msg)
  File "/usr/local/lib/python3.10/http/client.py", line 975, in send
    self.connect()
  File "/workdir/dohq-artifactory-0.8.4/.tox/cpythonlibtest-unit-test-tests/lib/python3.10/site-packages/urllib3/connection.py", line 243, in connect
    self.sock = self._new_conn()
  File "/workdir/dohq-artifactory-0.8.4/.tox/cpythonlibtest-unit-test-tests/lib/python3.10/site-packages/urllib3/connection.py", line 218, in _new_conn
    raise NewConnectionError(
urllib3.exceptions.NewConnectionError: &lt;urllib3.connection.HTTPConnection object at 0x7fd9ef518520&gt;: Failed to establish a new connection: [Errno 111] Connection refused

The above exception was the direct cause of the following exception:

Traceback (most recent call last):
  File "/workdir/dohq-artifactory-0.8.4/.tox/cpythonlibtest-unit-test-tests/lib/python3.10/site-packages/requests/adapters.py", line 486, in send
    resp = conn.urlopen(
  File "/workdir/dohq-artifactory-0.8.4/.tox/cpythonlibtest-unit-test-tests/lib/python3.10/site-packages/urllib3/connectionpool.py", line 844, in urlopen
    retries = retries.increment(
  File "/workdir/dohq-artifactory-0.8.4/.tox/cpythonlibtest-unit-test-tests/lib/python3.10/site-packages/urllib3/util/retry.py", line 515, in increment
    raise MaxRetryError(_pool, url, reason) from reason  # type: ignore[arg-type]
urllib3.exceptions.MaxRetryError: HTTPConnectionPool(host='localhost', port=8081): Max retries exceeded with url: /artifactory/api/security/permissions/fixture_permission (Caused by NewConnectionError('&lt;urllib3.connection.HTTPConnection object at 0x7fd9ef518520&gt;: Failed to establish a new connection: [Errno 111] Connection refused'))

During handling of the above exception, another exception occurred:

Traceback (most recent call last):
  File "/workdir/dohq-artifactory-0.8.4/.tox/cpythonlibtest-unit-test-tests/lib/python3.10/site-packages/_pytest/runner.py", line 341, in from_call
    result: Optional[TResult] = func()
  File "/workdir/dohq-artifactory-0.8.4/.tox/cpythonlibtest-unit-test-tests/lib/python3.10/site-packages/_pytest/runner.py", line 262, in &lt;lambda&gt;
    lambda: ihook(item=item, **kwds), when=when, reraise=reraise
  File "/workdir/dohq-artifactory-0.8.4/.tox/cpythonlibtest-unit-test-tests/lib/python3.10/site-packages/pluggy/_hooks.py", line 493, in __call__
    return self._hookexec(self.name, self._hookimpls, kwargs, firstresult)
  File "/workdir/dohq-artifactory-0.8.4/.tox/cpythonlibtest-unit-test-tests/lib/python3.10/site-packages/pluggy/_manager.py", line 115, in _hookexec
    return self._inner_hookexec(hook_name, methods, kwargs, firstresult)
  File "/workdir/dohq-artifactory-0.8.4/.tox/cpythonlibtest-unit-test-tests/lib/python3.10/site-packages/pluggy/_callers.py", line 152, in _multicall
    return outcome.get_result()
  File "/workdir/dohq-artifactory-0.8.4/.tox/cpythonlibtest-unit-test-tests/lib/python3.10/site-packages/pluggy/_result.py", line 114, in get_result
    raise exc.with_traceback(exc.__traceback__)
  File "/workdir/dohq-artifactory-0.8.4/.tox/cpythonlibtest-unit-test-tests/lib/python3.10/site-packages/pluggy/_callers.py", line 77, in _multicall
    res = hook_impl.function(*args)
  File "/workdir/dohq-artifactory-0.8.4/.tox/cpythonlibtest-unit-test-tests/lib/python3.10/site-packages/_pytest/runner.py", line 157, in pytest_runtest_setup
    item.session._setupstate.setup(item)
  File "/workdir/dohq-artifactory-0.8.4/.tox/cpythonlibtest-unit-test-tests/lib/python3.10/site-packages/_pytest/runner.py", line 497, in setup
    raise exc
  File "/workdir/dohq-artifactory-0.8.4/.tox/cpythonlibtest-unit-test-tests/lib/python3.10/site-packages/_pytest/runner.py", line 494, in setup
    col.setup()
  File "/workdir/dohq-artifactory-0.8.4/.tox/cpythonlibtest-unit-test-tests/lib/python3.10/site-packages/_pytest/python.py", line 1795, in setup
    self._request._fillfixtures()
  File "/workdir/dohq-artifactory-0.8.4/.tox/cpythonlibtest-unit-test-tests/lib/python3.10/site-packages/_pytest/fixtures.py", line 566, in _fillfixtures
    item.funcargs[argname] = self.getfixturevalue(argname)
  File "/workdir/dohq-artifactory-0.8.4/.tox/cpythonlibtest-unit-test-tests/lib/python3.10/site-packages/_pytest/fixtures.py", line 585, in getfixturevalue
    fixturedef = self._get_active_fixturedef(argname)
  File "/workdir/dohq-artifactory-0.8.4/.tox/cpythonlibtest-unit-test-tests/lib/python3.10/site-packages/_pytest/fixtures.py", line 607, in _get_active_fixturedef
    self._compute_fixture_value(fixturedef)
  File "/workdir/dohq-artifactory-0.8.4/.tox/cpythonlibtest-unit-test-tests/lib/python3.10/site-packages/_pytest/fixtures.py", line 693, in _compute_fixture_value
    fixturedef.execute(request=subrequest)
  File "/workdir/dohq-artifactory-0.8.4/.tox/cpythonlibtest-unit-test-tests/lib/python3.10/site-packages/_pytest/fixtures.py", line 1069, in execute
    result = ihook.pytest_fixture_setup(fixturedef=self, request=request)
  File "/workdir/dohq-artifactory-0.8.4/.tox/cpythonlibtest-unit-test-tests/lib/python3.10/site-packages/pluggy/_hooks.py", line 493, in __call__
    return self._hookexec(self.name, self._hookimpls, kwargs, firstresult)
  File "/workdir/dohq-artifactory-0.8.4/.tox/cpythonlibtest-unit-test-tests/lib/python3.10/site-packages/pluggy/_manager.py", line 115, in _hookexec
    return self._inner_hookexec(hook_name, methods, kwargs, firstresult)
  File "/workdir/dohq-artifactory-0.8.4/.tox/cpythonlibtest-unit-test-tests/lib/python3.10/site-packages/pluggy/_callers.py", line 152, in _multicall
    return outcome.get_result()
  File "/workdir/dohq-artifactory-0.8.4/.tox/cpythonlibtest-unit-test-tests/lib/python3.10/site-packages/pluggy/_result.py", line 114, in get_result
    raise exc.with_traceback(exc.__traceback__)
  File "/workdir/dohq-artifactory-0.8.4/.tox/cpythonlibtest-unit-test-tests/lib/python3.10/site-packages/pluggy/_callers.py", line 77, in _multicall
    res = hook_impl.function(*args)
  File "/workdir/dohq-artifactory-0.8.4/.tox/cpythonlibtest-unit-test-tests/lib/python3.10/site-packages/_pytest/fixtures.py", line 1123, in pytest_fixture_setup
    result = call_fixture_func(fixturefunc, request, kwargs)
  File "/workdir/dohq-artifactory-0.8.4/.tox/cpythonlibtest-unit-test-tests/lib/python3.10/site-packages/_pytest/fixtures.py", line 895, in call_fixture_func
    fixture_result = next(generator)
  File "/workdir/dohq-artifactory-0.8.4/tests/conftest.py", line 139, in permission
    permission_ = artifactory.find_permission_target(name)
  File "/workdir/dohq-artifactory-0.8.4/.tox/cpythonlibtest-unit-test-tests/lib/python3.10/site-packages/artifactory.py", line 2351, in find_permission_target
    if obj.read():
  File "/workdir/dohq-artifactory-0.8.4/.tox/cpythonlibtest-unit-test-tests/lib/python3.10/site-packages/dohq_artifactory/admin.py", line 139, in read
    r = self._session.get(request_url, auth=self._auth)
  File "/workdir/dohq-artifactory-0.8.4/.tox/cpythonlibtest-unit-test-tests/lib/python3.10/site-packages/requests/sessions.py", line 602, in get
    return self.request("GET", url, **kwargs)
  File "/workdir/dohq-artifactory-0.8.4/.tox/cpythonlibtest-unit-test-tests/lib/python3.10/site-packages/requests/sessions.py", line 589, in request
    resp = self.send(prep, **send_kwargs)
  File "/workdir/dohq-artifactory-0.8.4/.tox/cpythonlibtest-unit-test-tests/lib/python3.10/site-packages/requests/sessions.py", line 703, in send
    r = adapter.send(request, **kwargs)
  File "/workdir/dohq-artifactory-0.8.4/.tox/cpythonlibtest-unit-test-tests/lib/python3.10/site-packages/requests/adapters.py", line 519, in send
    raise ConnectionError(e, request=request)
requests.exceptions.ConnectionError: HTTPConnectionPool(host='localhost', port=8081): Max retries exceeded with url: /artifactory/api/security/permissions/fixture_permission (Caused by NewConnectionError('&lt;urllib3.connection.HTTPConnection object at 0x7fd9ef518520&gt;: Failed to establish a new connection: [Errno 111] Connection refused'))</error></testcase><testcase classname="tests.integration.test_admin.TestTargetPermission" name="test_add_user_group" time="0.001"><error message="failed on setup with &quot;requests.exceptions.ConnectionError: HTTPConnectionPool(host='localhost', port=8081): Max retries exceeded with url: /artifactory/api/security/permissions/fixture_permission (Caused by NewConnectionError('&lt;urllib3.connection.HTTPConnection object at 0x7fd9ef4ec640&gt;: Failed to establish a new connection: [Errno 111] Connection refused'))&quot;">Traceback (most recent call last):
  File "/workdir/dohq-artifactory-0.8.4/.tox/cpythonlibtest-unit-test-tests/lib/python3.10/site-packages/urllib3/connection.py", line 203, in _new_conn
    sock = connection.create_connection(
  File "/workdir/dohq-artifactory-0.8.4/.tox/cpythonlibtest-unit-test-tests/lib/python3.10/site-packages/urllib3/util/connection.py", line 85, in create_connection
    raise err
  File "/workdir/dohq-artifactory-0.8.4/.tox/cpythonlibtest-unit-test-tests/lib/python3.10/site-packages/urllib3/util/connection.py", line 73, in create_connection
    sock.connect(sa)
ConnectionRefusedError: [Errno 111] Connection refused

The above exception was the direct cause of the following exception:

Traceback (most recent call last):
  File "/workdir/dohq-artifactory-0.8.4/.tox/cpythonlibtest-unit-test-tests/lib/python3.10/site-packages/urllib3/connectionpool.py", line 790, in urlopen
    response = self._make_request(
  File "/workdir/dohq-artifactory-0.8.4/.tox/cpythonlibtest-unit-test-tests/lib/python3.10/site-packages/urllib3/connectionpool.py", line 496, in _make_request
    conn.request(
  File "/workdir/dohq-artifactory-0.8.4/.tox/cpythonlibtest-unit-test-tests/lib/python3.10/site-packages/urllib3/connection.py", line 395, in request
    self.endheaders()
  File "/usr/local/lib/python3.10/http/client.py", line 1277, in endheaders
    self._send_output(message_body, encode_chunked=encode_chunked)
  File "/usr/local/lib/python3.10/http/client.py", line 1037, in _send_output
    self.send(msg)
  File "/usr/local/lib/python3.10/http/client.py", line 975, in send
    self.connect()
  File "/workdir/dohq-artifactory-0.8.4/.tox/cpythonlibtest-unit-test-tests/lib/python3.10/site-packages/urllib3/connection.py", line 243, in connect
    self.sock = self._new_conn()
  File "/workdir/dohq-artifactory-0.8.4/.tox/cpythonlibtest-unit-test-tests/lib/python3.10/site-packages/urllib3/connection.py", line 218, in _new_conn
    raise NewConnectionError(
urllib3.exceptions.NewConnectionError: &lt;urllib3.connection.HTTPConnection object at 0x7fd9ef4ec640&gt;: Failed to establish a new connection: [Errno 111] Connection refused

The above exception was the direct cause of the following exception:

Traceback (most recent call last):
  File "/workdir/dohq-artifactory-0.8.4/.tox/cpythonlibtest-unit-test-tests/lib/python3.10/site-packages/requests/adapters.py", line 486, in send
    resp = conn.urlopen(
  File "/workdir/dohq-artifactory-0.8.4/.tox/cpythonlibtest-unit-test-tests/lib/python3.10/site-packages/urllib3/connectionpool.py", line 844, in urlopen
    retries = retries.increment(
  File "/workdir/dohq-artifactory-0.8.4/.tox/cpythonlibtest-unit-test-tests/lib/python3.10/site-packages/urllib3/util/retry.py", line 515, in increment
    raise MaxRetryError(_pool, url, reason) from reason  # type: ignore[arg-type]
urllib3.exceptions.MaxRetryError: HTTPConnectionPool(host='localhost', port=8081): Max retries exceeded with url: /artifactory/api/security/permissions/fixture_permission (Caused by NewConnectionError('&lt;urllib3.connection.HTTPConnection object at 0x7fd9ef4ec640&gt;: Failed to establish a new connection: [Errno 111] Connection refused'))

During handling of the above exception, another exception occurred:

Traceback (most recent call last):
  File "/workdir/dohq-artifactory-0.8.4/.tox/cpythonlibtest-unit-test-tests/lib/python3.10/site-packages/_pytest/runner.py", line 341, in from_call
    result: Optional[TResult] = func()
  File "/workdir/dohq-artifactory-0.8.4/.tox/cpythonlibtest-unit-test-tests/lib/python3.10/site-packages/_pytest/runner.py", line 262, in &lt;lambda&gt;
    lambda: ihook(item=item, **kwds), when=when, reraise=reraise
  File "/workdir/dohq-artifactory-0.8.4/.tox/cpythonlibtest-unit-test-tests/lib/python3.10/site-packages/pluggy/_hooks.py", line 493, in __call__
    return self._hookexec(self.name, self._hookimpls, kwargs, firstresult)
  File "/workdir/dohq-artifactory-0.8.4/.tox/cpythonlibtest-unit-test-tests/lib/python3.10/site-packages/pluggy/_manager.py", line 115, in _hookexec
    return self._inner_hookexec(hook_name, methods, kwargs, firstresult)
  File "/workdir/dohq-artifactory-0.8.4/.tox/cpythonlibtest-unit-test-tests/lib/python3.10/site-packages/pluggy/_callers.py", line 152, in _multicall
    return outcome.get_result()
  File "/workdir/dohq-artifactory-0.8.4/.tox/cpythonlibtest-unit-test-tests/lib/python3.10/site-packages/pluggy/_result.py", line 114, in get_result
    raise exc.with_traceback(exc.__traceback__)
  File "/workdir/dohq-artifactory-0.8.4/.tox/cpythonlibtest-unit-test-tests/lib/python3.10/site-packages/pluggy/_callers.py", line 77, in _multicall
    res = hook_impl.function(*args)
  File "/workdir/dohq-artifactory-0.8.4/.tox/cpythonlibtest-unit-test-tests/lib/python3.10/site-packages/_pytest/runner.py", line 157, in pytest_runtest_setup
    item.session._setupstate.setup(item)
  File "/workdir/dohq-artifactory-0.8.4/.tox/cpythonlibtest-unit-test-tests/lib/python3.10/site-packages/_pytest/runner.py", line 497, in setup
    raise exc
  File "/workdir/dohq-artifactory-0.8.4/.tox/cpythonlibtest-unit-test-tests/lib/python3.10/site-packages/_pytest/runner.py", line 494, in setup
    col.setup()
  File "/workdir/dohq-artifactory-0.8.4/.tox/cpythonlibtest-unit-test-tests/lib/python3.10/site-packages/_pytest/python.py", line 1795, in setup
    self._request._fillfixtures()
  File "/workdir/dohq-artifactory-0.8.4/.tox/cpythonlibtest-unit-test-tests/lib/python3.10/site-packages/_pytest/fixtures.py", line 566, in _fillfixtures
    item.funcargs[argname] = self.getfixturevalue(argname)
  File "/workdir/dohq-artifactory-0.8.4/.tox/cpythonlibtest-unit-test-tests/lib/python3.10/site-packages/_pytest/fixtures.py", line 585, in getfixturevalue
    fixturedef = self._get_active_fixturedef(argname)
  File "/workdir/dohq-artifactory-0.8.4/.tox/cpythonlibtest-unit-test-tests/lib/python3.10/site-packages/_pytest/fixtures.py", line 607, in _get_active_fixturedef
    self._compute_fixture_value(fixturedef)
  File "/workdir/dohq-artifactory-0.8.4/.tox/cpythonlibtest-unit-test-tests/lib/python3.10/site-packages/_pytest/fixtures.py", line 693, in _compute_fixture_value
    fixturedef.execute(request=subrequest)
  File "/workdir/dohq-artifactory-0.8.4/.tox/cpythonlibtest-unit-test-tests/lib/python3.10/site-packages/_pytest/fixtures.py", line 1069, in execute
    result = ihook.pytest_fixture_setup(fixturedef=self, request=request)
  File "/workdir/dohq-artifactory-0.8.4/.tox/cpythonlibtest-unit-test-tests/lib/python3.10/site-packages/pluggy/_hooks.py", line 493, in __call__
    return self._hookexec(self.name, self._hookimpls, kwargs, firstresult)
  File "/workdir/dohq-artifactory-0.8.4/.tox/cpythonlibtest-unit-test-tests/lib/python3.10/site-packages/pluggy/_manager.py", line 115, in _hookexec
    return self._inner_hookexec(hook_name, methods, kwargs, firstresult)
  File "/workdir/dohq-artifactory-0.8.4/.tox/cpythonlibtest-unit-test-tests/lib/python3.10/site-packages/pluggy/_callers.py", line 152, in _multicall
    return outcome.get_result()
  File "/workdir/dohq-artifactory-0.8.4/.tox/cpythonlibtest-unit-test-tests/lib/python3.10/site-packages/pluggy/_result.py", line 114, in get_result
    raise exc.with_traceback(exc.__traceback__)
  File "/workdir/dohq-artifactory-0.8.4/.tox/cpythonlibtest-unit-test-tests/lib/python3.10/site-packages/pluggy/_callers.py", line 77, in _multicall
    res = hook_impl.function(*args)
  File "/workdir/dohq-artifactory-0.8.4/.tox/cpythonlibtest-unit-test-tests/lib/python3.10/site-packages/_pytest/fixtures.py", line 1123, in pytest_fixture_setup
    result = call_fixture_func(fixturefunc, request, kwargs)
  File "/workdir/dohq-artifactory-0.8.4/.tox/cpythonlibtest-unit-test-tests/lib/python3.10/site-packages/_pytest/fixtures.py", line 895, in call_fixture_func
    fixture_result = next(generator)
  File "/workdir/dohq-artifactory-0.8.4/tests/conftest.py", line 139, in permission
    permission_ = artifactory.find_permission_target(name)
  File "/workdir/dohq-artifactory-0.8.4/.tox/cpythonlibtest-unit-test-tests/lib/python3.10/site-packages/artifactory.py", line 2351, in find_permission_target
    if obj.read():
  File "/workdir/dohq-artifactory-0.8.4/.tox/cpythonlibtest-unit-test-tests/lib/python3.10/site-packages/dohq_artifactory/admin.py", line 139, in read
    r = self._session.get(request_url, auth=self._auth)
  File "/workdir/dohq-artifactory-0.8.4/.tox/cpythonlibtest-unit-test-tests/lib/python3.10/site-packages/requests/sessions.py", line 602, in get
    return self.request("GET", url, **kwargs)
  File "/workdir/dohq-artifactory-0.8.4/.tox/cpythonlibtest-unit-test-tests/lib/python3.10/site-packages/requests/sessions.py", line 589, in request
    resp = self.send(prep, **send_kwargs)
  File "/workdir/dohq-artifactory-0.8.4/.tox/cpythonlibtest-unit-test-tests/lib/python3.10/site-packages/requests/sessions.py", line 703, in send
    r = adapter.send(request, **kwargs)
  File "/workdir/dohq-artifactory-0.8.4/.tox/cpythonlibtest-unit-test-tests/lib/python3.10/site-packages/requests/adapters.py", line 519, in send
    raise ConnectionError(e, request=request)
requests.exceptions.ConnectionError: HTTPConnectionPool(host='localhost', port=8081): Max retries exceeded with url: /artifactory/api/security/permissions/fixture_permission (Caused by NewConnectionError('&lt;urllib3.connection.HTTPConnection object at 0x7fd9ef4ec640&gt;: Failed to establish a new connection: [Errno 111] Connection refused'))</error></testcase><testcase classname="tests.integration.test_admin.TestProject" name="test_create_delete" time="0.002"><failure message="requests.exceptions.ConnectionError: HTTPConnectionPool(host='localhost', port=8081): Max retries exceeded with url: /access/api/v1/projects/t1k1 (Caused by NewConnectionError('&lt;urllib3.connection.HTTPConnection object at 0x7fd9ef519ea0&gt;: Failed to establish a new connection: [Errno 111] Connection refused'))">Traceback (most recent call last):
  File "/workdir/dohq-artifactory-0.8.4/.tox/cpythonlibtest-unit-test-tests/lib/python3.10/site-packages/urllib3/connection.py", line 203, in _new_conn
    sock = connection.create_connection(
  File "/workdir/dohq-artifactory-0.8.4/.tox/cpythonlibtest-unit-test-tests/lib/python3.10/site-packages/urllib3/util/connection.py", line 85, in create_connection
    raise err
  File "/workdir/dohq-artifactory-0.8.4/.tox/cpythonlibtest-unit-test-tests/lib/python3.10/site-packages/urllib3/util/connection.py", line 73, in create_connection
    sock.connect(sa)
ConnectionRefusedError: [Errno 111] Connection refused

The above exception was the direct cause of the following exception:

Traceback (most recent call last):
  File "/workdir/dohq-artifactory-0.8.4/.tox/cpythonlibtest-unit-test-tests/lib/python3.10/site-packages/urllib3/connectionpool.py", line 790, in urlopen
    response = self._make_request(
  File "/workdir/dohq-artifactory-0.8.4/.tox/cpythonlibtest-unit-test-tests/lib/python3.10/site-packages/urllib3/connectionpool.py", line 496, in _make_request
    conn.request(
  File "/workdir/dohq-artifactory-0.8.4/.tox/cpythonlibtest-unit-test-tests/lib/python3.10/site-packages/urllib3/connection.py", line 395, in request
    self.endheaders()
  File "/usr/local/lib/python3.10/http/client.py", line 1277, in endheaders
    self._send_output(message_body, encode_chunked=encode_chunked)
  File "/usr/local/lib/python3.10/http/client.py", line 1037, in _send_output
    self.send(msg)
  File "/usr/local/lib/python3.10/http/client.py", line 975, in send
    self.connect()
  File "/workdir/dohq-artifactory-0.8.4/.tox/cpythonlibtest-unit-test-tests/lib/python3.10/site-packages/urllib3/connection.py", line 243, in connect
    self.sock = self._new_conn()
  File "/workdir/dohq-artifactory-0.8.4/.tox/cpythonlibtest-unit-test-tests/lib/python3.10/site-packages/urllib3/connection.py", line 218, in _new_conn
    raise NewConnectionError(
urllib3.exceptions.NewConnectionError: &lt;urllib3.connection.HTTPConnection object at 0x7fd9ef519ea0&gt;: Failed to establish a new connection: [Errno 111] Connection refused

The above exception was the direct cause of the following exception:

Traceback (most recent call last):
  File "/workdir/dohq-artifactory-0.8.4/.tox/cpythonlibtest-unit-test-tests/lib/python3.10/site-packages/requests/adapters.py", line 486, in send
    resp = conn.urlopen(
  File "/workdir/dohq-artifactory-0.8.4/.tox/cpythonlibtest-unit-test-tests/lib/python3.10/site-packages/urllib3/connectionpool.py", line 844, in urlopen
    retries = retries.increment(
  File "/workdir/dohq-artifactory-0.8.4/.tox/cpythonlibtest-unit-test-tests/lib/python3.10/site-packages/urllib3/util/retry.py", line 515, in increment
    raise MaxRetryError(_pool, url, reason) from reason  # type: ignore[arg-type]
urllib3.exceptions.MaxRetryError: HTTPConnectionPool(host='localhost', port=8081): Max retries exceeded with url: /access/api/v1/projects/t1k1 (Caused by NewConnectionError('&lt;urllib3.connection.HTTPConnection object at 0x7fd9ef519ea0&gt;: Failed to establish a new connection: [Errno 111] Connection refused'))

During handling of the above exception, another exception occurred:

Traceback (most recent call last):
  File "/workdir/dohq-artifactory-0.8.4/.tox/cpythonlibtest-unit-test-tests/lib/python3.10/site-packages/_pytest/runner.py", line 341, in from_call
    result: Optional[TResult] = func()
  File "/workdir/dohq-artifactory-0.8.4/.tox/cpythonlibtest-unit-test-tests/lib/python3.10/site-packages/_pytest/runner.py", line 262, in &lt;lambda&gt;
    lambda: ihook(item=item, **kwds), when=when, reraise=reraise
  File "/workdir/dohq-artifactory-0.8.4/.tox/cpythonlibtest-unit-test-tests/lib/python3.10/site-packages/pluggy/_hooks.py", line 493, in __call__
    return self._hookexec(self.name, self._hookimpls, kwargs, firstresult)
  File "/workdir/dohq-artifactory-0.8.4/.tox/cpythonlibtest-unit-test-tests/lib/python3.10/site-packages/pluggy/_manager.py", line 115, in _hookexec
    return self._inner_hookexec(hook_name, methods, kwargs, firstresult)
  File "/workdir/dohq-artifactory-0.8.4/.tox/cpythonlibtest-unit-test-tests/lib/python3.10/site-packages/pluggy/_callers.py", line 152, in _multicall
    return outcome.get_result()
  File "/workdir/dohq-artifactory-0.8.4/.tox/cpythonlibtest-unit-test-tests/lib/python3.10/site-packages/pluggy/_result.py", line 114, in get_result
    raise exc.with_traceback(exc.__traceback__)
  File "/workdir/dohq-artifactory-0.8.4/.tox/cpythonlibtest-unit-test-tests/lib/python3.10/site-packages/pluggy/_callers.py", line 77, in _multicall
    res = hook_impl.function(*args)
  File "/workdir/dohq-artifactory-0.8.4/.tox/cpythonlibtest-unit-test-tests/lib/python3.10/site-packages/_pytest/runner.py", line 177, in pytest_runtest_call
    raise e
  File "/workdir/dohq-artifactory-0.8.4/.tox/cpythonlibtest-unit-test-tests/lib/python3.10/site-packages/_pytest/runner.py", line 169, in pytest_runtest_call
    item.runtest()
  File "/workdir/dohq-artifactory-0.8.4/.tox/cpythonlibtest-unit-test-tests/lib/python3.10/site-packages/_pytest/python.py", line 1792, in runtest
    self.ihook.pytest_pyfunc_call(pyfuncitem=self)
  File "/workdir/dohq-artifactory-0.8.4/.tox/cpythonlibtest-unit-test-tests/lib/python3.10/site-packages/pluggy/_hooks.py", line 493, in __call__
    return self._hookexec(self.name, self._hookimpls, kwargs, firstresult)
  File "/workdir/dohq-artifactory-0.8.4/.tox/cpythonlibtest-unit-test-tests/lib/python3.10/site-packages/pluggy/_manager.py", line 115, in _hookexec
    return self._inner_hookexec(hook_name, methods, kwargs, firstresult)
  File "/workdir/dohq-artifactory-0.8.4/.tox/cpythonlibtest-unit-test-tests/lib/python3.10/site-packages/pluggy/_callers.py", line 113, in _multicall
    raise exception.with_traceback(exception.__traceback__)
  File "/workdir/dohq-artifactory-0.8.4/.tox/cpythonlibtest-unit-test-tests/lib/python3.10/site-packages/pluggy/_callers.py", line 77, in _multicall
    res = hook_impl.function(*args)
  File "/workdir/dohq-artifactory-0.8.4/.tox/cpythonlibtest-unit-test-tests/lib/python3.10/site-packages/_pytest/python.py", line 194, in pytest_pyfunc_call
    result = testfunction(**testargs)
  File "/workdir/dohq-artifactory-0.8.4/tests/integration/test_admin.py", line 202, in test_create_delete
    test_project = artifactory_token.find_project(project_key)
  File "/workdir/dohq-artifactory-0.8.4/.tox/cpythonlibtest-unit-test-tests/lib/python3.10/site-packages/artifactory.py", line 2357, in find_project
    if obj.read():
  File "/workdir/dohq-artifactory-0.8.4/.tox/cpythonlibtest-unit-test-tests/lib/python3.10/site-packages/dohq_artifactory/admin.py", line 139, in read
    r = self._session.get(request_url, auth=self._auth)
  File "/workdir/dohq-artifactory-0.8.4/.tox/cpythonlibtest-unit-test-tests/lib/python3.10/site-packages/requests/sessions.py", line 602, in get
    return self.request("GET", url, **kwargs)
  File "/workdir/dohq-artifactory-0.8.4/.tox/cpythonlibtest-unit-test-tests/lib/python3.10/site-packages/requests/sessions.py", line 589, in request
    resp = self.send(prep, **send_kwargs)
  File "/workdir/dohq-artifactory-0.8.4/.tox/cpythonlibtest-unit-test-tests/lib/python3.10/site-packages/requests/sessions.py", line 703, in send
    r = adapter.send(request, **kwargs)
  File "/workdir/dohq-artifactory-0.8.4/.tox/cpythonlibtest-unit-test-tests/lib/python3.10/site-packages/requests/adapters.py", line 519, in send
    raise ConnectionError(e, request=request)
requests.exceptions.ConnectionError: HTTPConnectionPool(host='localhost', port=8081): Max retries exceeded with url: /access/api/v1/projects/t1k1 (Caused by NewConnectionError('&lt;urllib3.connection.HTTPConnection object at 0x7fd9ef519ea0&gt;: Failed to establish a new connection: [Errno 111] Connection refused'))</failure></testcase><testcase classname="tests.integration.test_admin.TestProject" name="test_create_update" time="0.002"><failure message="requests.exceptions.ConnectionError: HTTPConnectionPool(host='localhost', port=8081): Max retries exceeded with url: /access/api/v1/projects/t1k1 (Caused by NewConnectionError('&lt;urllib3.connection.HTTPConnection object at 0x7fd9ef4ef6a0&gt;: Failed to establish a new connection: [Errno 111] Connection refused'))">Traceback (most recent call last):
  File "/workdir/dohq-artifactory-0.8.4/.tox/cpythonlibtest-unit-test-tests/lib/python3.10/site-packages/urllib3/connection.py", line 203, in _new_conn
    sock = connection.create_connection(
  File "/workdir/dohq-artifactory-0.8.4/.tox/cpythonlibtest-unit-test-tests/lib/python3.10/site-packages/urllib3/util/connection.py", line 85, in create_connection
    raise err
  File "/workdir/dohq-artifactory-0.8.4/.tox/cpythonlibtest-unit-test-tests/lib/python3.10/site-packages/urllib3/util/connection.py", line 73, in create_connection
    sock.connect(sa)
ConnectionRefusedError: [Errno 111] Connection refused

The above exception was the direct cause of the following exception:

Traceback (most recent call last):
  File "/workdir/dohq-artifactory-0.8.4/.tox/cpythonlibtest-unit-test-tests/lib/python3.10/site-packages/urllib3/connectionpool.py", line 790, in urlopen
    response = self._make_request(
  File "/workdir/dohq-artifactory-0.8.4/.tox/cpythonlibtest-unit-test-tests/lib/python3.10/site-packages/urllib3/connectionpool.py", line 496, in _make_request
    conn.request(
  File "/workdir/dohq-artifactory-0.8.4/.tox/cpythonlibtest-unit-test-tests/lib/python3.10/site-packages/urllib3/connection.py", line 395, in request
    self.endheaders()
  File "/usr/local/lib/python3.10/http/client.py", line 1277, in endheaders
    self._send_output(message_body, encode_chunked=encode_chunked)
  File "/usr/local/lib/python3.10/http/client.py", line 1037, in _send_output
    self.send(msg)
  File "/usr/local/lib/python3.10/http/client.py", line 975, in send
    self.connect()
  File "/workdir/dohq-artifactory-0.8.4/.tox/cpythonlibtest-unit-test-tests/lib/python3.10/site-packages/urllib3/connection.py", line 243, in connect
    self.sock = self._new_conn()
  File "/workdir/dohq-artifactory-0.8.4/.tox/cpythonlibtest-unit-test-tests/lib/python3.10/site-packages/urllib3/connection.py", line 218, in _new_conn
    raise NewConnectionError(
urllib3.exceptions.NewConnectionError: &lt;urllib3.connection.HTTPConnection object at 0x7fd9ef4ef6a0&gt;: Failed to establish a new connection: [Errno 111] Connection refused

The above exception was the direct cause of the following exception:

Traceback (most recent call last):
  File "/workdir/dohq-artifactory-0.8.4/.tox/cpythonlibtest-unit-test-tests/lib/python3.10/site-packages/requests/adapters.py", line 486, in send
    resp = conn.urlopen(
  File "/workdir/dohq-artifactory-0.8.4/.tox/cpythonlibtest-unit-test-tests/lib/python3.10/site-packages/urllib3/connectionpool.py", line 844, in urlopen
    retries = retries.increment(
  File "/workdir/dohq-artifactory-0.8.4/.tox/cpythonlibtest-unit-test-tests/lib/python3.10/site-packages/urllib3/util/retry.py", line 515, in increment
    raise MaxRetryError(_pool, url, reason) from reason  # type: ignore[arg-type]
urllib3.exceptions.MaxRetryError: HTTPConnectionPool(host='localhost', port=8081): Max retries exceeded with url: /access/api/v1/projects/t1k1 (Caused by NewConnectionError('&lt;urllib3.connection.HTTPConnection object at 0x7fd9ef4ef6a0&gt;: Failed to establish a new connection: [Errno 111] Connection refused'))

During handling of the above exception, another exception occurred:

Traceback (most recent call last):
  File "/workdir/dohq-artifactory-0.8.4/.tox/cpythonlibtest-unit-test-tests/lib/python3.10/site-packages/_pytest/runner.py", line 341, in from_call
    result: Optional[TResult] = func()
  File "/workdir/dohq-artifactory-0.8.4/.tox/cpythonlibtest-unit-test-tests/lib/python3.10/site-packages/_pytest/runner.py", line 262, in &lt;lambda&gt;
    lambda: ihook(item=item, **kwds), when=when, reraise=reraise
  File "/workdir/dohq-artifactory-0.8.4/.tox/cpythonlibtest-unit-test-tests/lib/python3.10/site-packages/pluggy/_hooks.py", line 493, in __call__
    return self._hookexec(self.name, self._hookimpls, kwargs, firstresult)
  File "/workdir/dohq-artifactory-0.8.4/.tox/cpythonlibtest-unit-test-tests/lib/python3.10/site-packages/pluggy/_manager.py", line 115, in _hookexec
    return self._inner_hookexec(hook_name, methods, kwargs, firstresult)
  File "/workdir/dohq-artifactory-0.8.4/.tox/cpythonlibtest-unit-test-tests/lib/python3.10/site-packages/pluggy/_callers.py", line 152, in _multicall
    return outcome.get_result()
  File "/workdir/dohq-artifactory-0.8.4/.tox/cpythonlibtest-unit-test-tests/lib/python3.10/site-packages/pluggy/_result.py", line 114, in get_result
    raise exc.with_traceback(exc.__traceback__)
  File "/workdir/dohq-artifactory-0.8.4/.tox/cpythonlibtest-unit-test-tests/lib/python3.10/site-packages/pluggy/_callers.py", line 77, in _multicall
    res = hook_impl.function(*args)
  File "/workdir/dohq-artifactory-0.8.4/.tox/cpythonlibtest-unit-test-tests/lib/python3.10/site-packages/_pytest/runner.py", line 177, in pytest_runtest_call
    raise e
  File "/workdir/dohq-artifactory-0.8.4/.tox/cpythonlibtest-unit-test-tests/lib/python3.10/site-packages/_pytest/runner.py", line 169, in pytest_runtest_call
    item.runtest()
  File "/workdir/dohq-artifactory-0.8.4/.tox/cpythonlibtest-unit-test-tests/lib/python3.10/site-packages/_pytest/python.py", line 1792, in runtest
    self.ihook.pytest_pyfunc_call(pyfuncitem=self)
  File "/workdir/dohq-artifactory-0.8.4/.tox/cpythonlibtest-unit-test-tests/lib/python3.10/site-packages/pluggy/_hooks.py", line 493, in __call__
    return self._hookexec(self.name, self._hookimpls, kwargs, firstresult)
  File "/workdir/dohq-artifactory-0.8.4/.tox/cpythonlibtest-unit-test-tests/lib/python3.10/site-packages/pluggy/_manager.py", line 115, in _hookexec
    return self._inner_hookexec(hook_name, methods, kwargs, firstresult)
  File "/workdir/dohq-artifactory-0.8.4/.tox/cpythonlibtest-unit-test-tests/lib/python3.10/site-packages/pluggy/_callers.py", line 113, in _multicall
    raise exception.with_traceback(exception.__traceback__)
  File "/workdir/dohq-artifactory-0.8.4/.tox/cpythonlibtest-unit-test-tests/lib/python3.10/site-packages/pluggy/_callers.py", line 77, in _multicall
    res = hook_impl.function(*args)
  File "/workdir/dohq-artifactory-0.8.4/.tox/cpythonlibtest-unit-test-tests/lib/python3.10/site-packages/_pytest/python.py", line 194, in pytest_pyfunc_call
    result = testfunction(**testargs)
  File "/workdir/dohq-artifactory-0.8.4/tests/integration/test_admin.py", line 226, in test_create_update
    test_project = artifactory_token.find_project(project_key)
  File "/workdir/dohq-artifactory-0.8.4/.tox/cpythonlibtest-unit-test-tests/lib/python3.10/site-packages/artifactory.py", line 2357, in find_project
    if obj.read():
  File "/workdir/dohq-artifactory-0.8.4/.tox/cpythonlibtest-unit-test-tests/lib/python3.10/site-packages/dohq_artifactory/admin.py", line 139, in read
    r = self._session.get(request_url, auth=self._auth)
  File "/workdir/dohq-artifactory-0.8.4/.tox/cpythonlibtest-unit-test-tests/lib/python3.10/site-packages/requests/sessions.py", line 602, in get
    return self.request("GET", url, **kwargs)
  File "/workdir/dohq-artifactory-0.8.4/.tox/cpythonlibtest-unit-test-tests/lib/python3.10/site-packages/requests/sessions.py", line 589, in request
    resp = self.send(prep, **send_kwargs)
  File "/workdir/dohq-artifactory-0.8.4/.tox/cpythonlibtest-unit-test-tests/lib/python3.10/site-packages/requests/sessions.py", line 703, in send
    r = adapter.send(request, **kwargs)
  File "/workdir/dohq-artifactory-0.8.4/.tox/cpythonlibtest-unit-test-tests/lib/python3.10/site-packages/requests/adapters.py", line 519, in send
    raise ConnectionError(e, request=request)
requests.exceptions.ConnectionError: HTTPConnectionPool(host='localhost', port=8081): Max retries exceeded with url: /access/api/v1/projects/t1k1 (Caused by NewConnectionError('&lt;urllib3.connection.HTTPConnection object at 0x7fd9ef4ef6a0&gt;: Failed to establish a new connection: [Errno 111] Connection refused'))</failure></testcase><testcase classname="tests.integration.test_integration_artifactory_path" name="test_root" time="0.002"><error message="failed on setup with &quot;requests.exceptions.ConnectionError: HTTPConnectionPool(host='localhost', port=8081): Max retries exceeded with url: /artifactory/api/repositories/integration-artifactory-path-repo (Caused by NewConnectionError('&lt;urllib3.connection.HTTPConnection object at 0x7fd9ef4ee050&gt;: Failed to establish a new connection: [Errno 111] Connection refused'))&quot;">Traceback (most recent call last):
  File "/workdir/dohq-artifactory-0.8.4/.tox/cpythonlibtest-unit-test-tests/lib/python3.10/site-packages/urllib3/connection.py", line 203, in _new_conn
    sock = connection.create_connection(
  File "/workdir/dohq-artifactory-0.8.4/.tox/cpythonlibtest-unit-test-tests/lib/python3.10/site-packages/urllib3/util/connection.py", line 85, in create_connection
    raise err
  File "/workdir/dohq-artifactory-0.8.4/.tox/cpythonlibtest-unit-test-tests/lib/python3.10/site-packages/urllib3/util/connection.py", line 73, in create_connection
    sock.connect(sa)
ConnectionRefusedError: [Errno 111] Connection refused

The above exception was the direct cause of the following exception:

Traceback (most recent call last):
  File "/workdir/dohq-artifactory-0.8.4/.tox/cpythonlibtest-unit-test-tests/lib/python3.10/site-packages/urllib3/connectionpool.py", line 790, in urlopen
    response = self._make_request(
  File "/workdir/dohq-artifactory-0.8.4/.tox/cpythonlibtest-unit-test-tests/lib/python3.10/site-packages/urllib3/connectionpool.py", line 496, in _make_request
    conn.request(
  File "/workdir/dohq-artifactory-0.8.4/.tox/cpythonlibtest-unit-test-tests/lib/python3.10/site-packages/urllib3/connection.py", line 395, in request
    self.endheaders()
  File "/usr/local/lib/python3.10/http/client.py", line 1277, in endheaders
    self._send_output(message_body, encode_chunked=encode_chunked)
  File "/usr/local/lib/python3.10/http/client.py", line 1037, in _send_output
    self.send(msg)
  File "/usr/local/lib/python3.10/http/client.py", line 975, in send
    self.connect()
  File "/workdir/dohq-artifactory-0.8.4/.tox/cpythonlibtest-unit-test-tests/lib/python3.10/site-packages/urllib3/connection.py", line 243, in connect
    self.sock = self._new_conn()
  File "/workdir/dohq-artifactory-0.8.4/.tox/cpythonlibtest-unit-test-tests/lib/python3.10/site-packages/urllib3/connection.py", line 218, in _new_conn
    raise NewConnectionError(
urllib3.exceptions.NewConnectionError: &lt;urllib3.connection.HTTPConnection object at 0x7fd9ef4ee050&gt;: Failed to establish a new connection: [Errno 111] Connection refused

The above exception was the direct cause of the following exception:

Traceback (most recent call last):
  File "/workdir/dohq-artifactory-0.8.4/.tox/cpythonlibtest-unit-test-tests/lib/python3.10/site-packages/requests/adapters.py", line 486, in send
    resp = conn.urlopen(
  File "/workdir/dohq-artifactory-0.8.4/.tox/cpythonlibtest-unit-test-tests/lib/python3.10/site-packages/urllib3/connectionpool.py", line 844, in urlopen
    retries = retries.increment(
  File "/workdir/dohq-artifactory-0.8.4/.tox/cpythonlibtest-unit-test-tests/lib/python3.10/site-packages/urllib3/util/retry.py", line 515, in increment
    raise MaxRetryError(_pool, url, reason) from reason  # type: ignore[arg-type]
urllib3.exceptions.MaxRetryError: HTTPConnectionPool(host='localhost', port=8081): Max retries exceeded with url: /artifactory/api/repositories/integration-artifactory-path-repo (Caused by NewConnectionError('&lt;urllib3.connection.HTTPConnection object at 0x7fd9ef4ee050&gt;: Failed to establish a new connection: [Errno 111] Connection refused'))

During handling of the above exception, another exception occurred:

Traceback (most recent call last):
  File "/workdir/dohq-artifactory-0.8.4/.tox/cpythonlibtest-unit-test-tests/lib/python3.10/site-packages/_pytest/runner.py", line 341, in from_call
    result: Optional[TResult] = func()
  File "/workdir/dohq-artifactory-0.8.4/.tox/cpythonlibtest-unit-test-tests/lib/python3.10/site-packages/_pytest/runner.py", line 262, in &lt;lambda&gt;
    lambda: ihook(item=item, **kwds), when=when, reraise=reraise
  File "/workdir/dohq-artifactory-0.8.4/.tox/cpythonlibtest-unit-test-tests/lib/python3.10/site-packages/pluggy/_hooks.py", line 493, in __call__
    return self._hookexec(self.name, self._hookimpls, kwargs, firstresult)
  File "/workdir/dohq-artifactory-0.8.4/.tox/cpythonlibtest-unit-test-tests/lib/python3.10/site-packages/pluggy/_manager.py", line 115, in _hookexec
    return self._inner_hookexec(hook_name, methods, kwargs, firstresult)
  File "/workdir/dohq-artifactory-0.8.4/.tox/cpythonlibtest-unit-test-tests/lib/python3.10/site-packages/pluggy/_callers.py", line 152, in _multicall
    return outcome.get_result()
  File "/workdir/dohq-artifactory-0.8.4/.tox/cpythonlibtest-unit-test-tests/lib/python3.10/site-packages/pluggy/_result.py", line 114, in get_result
    raise exc.with_traceback(exc.__traceback__)
  File "/workdir/dohq-artifactory-0.8.4/.tox/cpythonlibtest-unit-test-tests/lib/python3.10/site-packages/pluggy/_callers.py", line 77, in _multicall
    res = hook_impl.function(*args)
  File "/workdir/dohq-artifactory-0.8.4/.tox/cpythonlibtest-unit-test-tests/lib/python3.10/site-packages/_pytest/runner.py", line 157, in pytest_runtest_setup
    item.session._setupstate.setup(item)
  File "/workdir/dohq-artifactory-0.8.4/.tox/cpythonlibtest-unit-test-tests/lib/python3.10/site-packages/_pytest/runner.py", line 497, in setup
    raise exc
  File "/workdir/dohq-artifactory-0.8.4/.tox/cpythonlibtest-unit-test-tests/lib/python3.10/site-packages/_pytest/runner.py", line 494, in setup
    col.setup()
  File "/workdir/dohq-artifactory-0.8.4/.tox/cpythonlibtest-unit-test-tests/lib/python3.10/site-packages/_pytest/python.py", line 1795, in setup
    self._request._fillfixtures()
  File "/workdir/dohq-artifactory-0.8.4/.tox/cpythonlibtest-unit-test-tests/lib/python3.10/site-packages/_pytest/fixtures.py", line 566, in _fillfixtures
    item.funcargs[argname] = self.getfixturevalue(argname)
  File "/workdir/dohq-artifactory-0.8.4/.tox/cpythonlibtest-unit-test-tests/lib/python3.10/site-packages/_pytest/fixtures.py", line 585, in getfixturevalue
    fixturedef = self._get_active_fixturedef(argname)
  File "/workdir/dohq-artifactory-0.8.4/.tox/cpythonlibtest-unit-test-tests/lib/python3.10/site-packages/_pytest/fixtures.py", line 607, in _get_active_fixturedef
    self._compute_fixture_value(fixturedef)
  File "/workdir/dohq-artifactory-0.8.4/.tox/cpythonlibtest-unit-test-tests/lib/python3.10/site-packages/_pytest/fixtures.py", line 693, in _compute_fixture_value
    fixturedef.execute(request=subrequest)
  File "/workdir/dohq-artifactory-0.8.4/.tox/cpythonlibtest-unit-test-tests/lib/python3.10/site-packages/_pytest/fixtures.py", line 1045, in execute
    fixturedef = request._get_active_fixturedef(argname)
  File "/workdir/dohq-artifactory-0.8.4/.tox/cpythonlibtest-unit-test-tests/lib/python3.10/site-packages/_pytest/fixtures.py", line 607, in _get_active_fixturedef
    self._compute_fixture_value(fixturedef)
  File "/workdir/dohq-artifactory-0.8.4/.tox/cpythonlibtest-unit-test-tests/lib/python3.10/site-packages/_pytest/fixtures.py", line 693, in _compute_fixture_value
    fixturedef.execute(request=subrequest)
  File "/workdir/dohq-artifactory-0.8.4/.tox/cpythonlibtest-unit-test-tests/lib/python3.10/site-packages/_pytest/fixtures.py", line 1069, in execute
    result = ihook.pytest_fixture_setup(fixturedef=self, request=request)
  File "/workdir/dohq-artifactory-0.8.4/.tox/cpythonlibtest-unit-test-tests/lib/python3.10/site-packages/pluggy/_hooks.py", line 493, in __call__
    return self._hookexec(self.name, self._hookimpls, kwargs, firstresult)
  File "/workdir/dohq-artifactory-0.8.4/.tox/cpythonlibtest-unit-test-tests/lib/python3.10/site-packages/pluggy/_manager.py", line 115, in _hookexec
    return self._inner_hookexec(hook_name, methods, kwargs, firstresult)
  File "/workdir/dohq-artifactory-0.8.4/.tox/cpythonlibtest-unit-test-tests/lib/python3.10/site-packages/pluggy/_callers.py", line 152, in _multicall
    return outcome.get_result()
  File "/workdir/dohq-artifactory-0.8.4/.tox/cpythonlibtest-unit-test-tests/lib/python3.10/site-packages/pluggy/_result.py", line 114, in get_result
    raise exc.with_traceback(exc.__traceback__)
  File "/workdir/dohq-artifactory-0.8.4/.tox/cpythonlibtest-unit-test-tests/lib/python3.10/site-packages/pluggy/_callers.py", line 77, in _multicall
    res = hook_impl.function(*args)
  File "/workdir/dohq-artifactory-0.8.4/.tox/cpythonlibtest-unit-test-tests/lib/python3.10/site-packages/_pytest/fixtures.py", line 1123, in pytest_fixture_setup
    result = call_fixture_func(fixturefunc, request, kwargs)
  File "/workdir/dohq-artifactory-0.8.4/.tox/cpythonlibtest-unit-test-tests/lib/python3.10/site-packages/_pytest/fixtures.py", line 895, in call_fixture_func
    fixture_result = next(generator)
  File "/workdir/dohq-artifactory-0.8.4/tests/conftest.py", line 123, in integration_artifactory_path_repo
    repo_ = artifactory.find_repository_local(name)
  File "/workdir/dohq-artifactory-0.8.4/.tox/cpythonlibtest-unit-test-tests/lib/python3.10/site-packages/artifactory.py", line 2315, in find_repository_local
    if obj.read():
  File "/workdir/dohq-artifactory-0.8.4/.tox/cpythonlibtest-unit-test-tests/lib/python3.10/site-packages/dohq_artifactory/admin.py", line 139, in read
    r = self._session.get(request_url, auth=self._auth)
  File "/workdir/dohq-artifactory-0.8.4/.tox/cpythonlibtest-unit-test-tests/lib/python3.10/site-packages/requests/sessions.py", line 602, in get
    return self.request("GET", url, **kwargs)
  File "/workdir/dohq-artifactory-0.8.4/.tox/cpythonlibtest-unit-test-tests/lib/python3.10/site-packages/requests/sessions.py", line 589, in request
    resp = self.send(prep, **send_kwargs)
  File "/workdir/dohq-artifactory-0.8.4/.tox/cpythonlibtest-unit-test-tests/lib/python3.10/site-packages/requests/sessions.py", line 703, in send
    r = adapter.send(request, **kwargs)
  File "/workdir/dohq-artifactory-0.8.4/.tox/cpythonlibtest-unit-test-tests/lib/python3.10/site-packages/requests/adapters.py", line 519, in send
    raise ConnectionError(e, request=request)
requests.exceptions.ConnectionError: HTTPConnectionPool(host='localhost', port=8081): Max retries exceeded with url: /artifactory/api/repositories/integration-artifactory-path-repo (Caused by NewConnectionError('&lt;urllib3.connection.HTTPConnection object at 0x7fd9ef4ee050&gt;: Failed to establish a new connection: [Errno 111] Connection refused'))</error></testcase><testcase classname="tests.integration.test_integration_artifactory_path" name="test_repository_isdir" time="0.002"><error message="failed on setup with &quot;requests.exceptions.ConnectionError: HTTPConnectionPool(host='localhost', port=8081): Max retries exceeded with url: /artifactory/api/repositories/integration-artifactory-path-repo (Caused by NewConnectionError('&lt;urllib3.connection.HTTPConnection object at 0x7fd9ef524ca0&gt;: Failed to establish a new connection: [Errno 111] Connection refused'))&quot;">Traceback (most recent call last):
  File "/workdir/dohq-artifactory-0.8.4/.tox/cpythonlibtest-unit-test-tests/lib/python3.10/site-packages/urllib3/connection.py", line 203, in _new_conn
    sock = connection.create_connection(
  File "/workdir/dohq-artifactory-0.8.4/.tox/cpythonlibtest-unit-test-tests/lib/python3.10/site-packages/urllib3/util/connection.py", line 85, in create_connection
    raise err
  File "/workdir/dohq-artifactory-0.8.4/.tox/cpythonlibtest-unit-test-tests/lib/python3.10/site-packages/urllib3/util/connection.py", line 73, in create_connection
    sock.connect(sa)
ConnectionRefusedError: [Errno 111] Connection refused

The above exception was the direct cause of the following exception:

Traceback (most recent call last):
  File "/workdir/dohq-artifactory-0.8.4/.tox/cpythonlibtest-unit-test-tests/lib/python3.10/site-packages/urllib3/connectionpool.py", line 790, in urlopen
    response = self._make_request(
  File "/workdir/dohq-artifactory-0.8.4/.tox/cpythonlibtest-unit-test-tests/lib/python3.10/site-packages/urllib3/connectionpool.py", line 496, in _make_request
    conn.request(
  File "/workdir/dohq-artifactory-0.8.4/.tox/cpythonlibtest-unit-test-tests/lib/python3.10/site-packages/urllib3/connection.py", line 395, in request
    self.endheaders()
  File "/usr/local/lib/python3.10/http/client.py", line 1277, in endheaders
    self._send_output(message_body, encode_chunked=encode_chunked)
  File "/usr/local/lib/python3.10/http/client.py", line 1037, in _send_output
    self.send(msg)
  File "/usr/local/lib/python3.10/http/client.py", line 975, in send
    self.connect()
  File "/workdir/dohq-artifactory-0.8.4/.tox/cpythonlibtest-unit-test-tests/lib/python3.10/site-packages/urllib3/connection.py", line 243, in connect
    self.sock = self._new_conn()
  File "/workdir/dohq-artifactory-0.8.4/.tox/cpythonlibtest-unit-test-tests/lib/python3.10/site-packages/urllib3/connection.py", line 218, in _new_conn
    raise NewConnectionError(
urllib3.exceptions.NewConnectionError: &lt;urllib3.connection.HTTPConnection object at 0x7fd9ef524ca0&gt;: Failed to establish a new connection: [Errno 111] Connection refused

The above exception was the direct cause of the following exception:

Traceback (most recent call last):
  File "/workdir/dohq-artifactory-0.8.4/.tox/cpythonlibtest-unit-test-tests/lib/python3.10/site-packages/requests/adapters.py", line 486, in send
    resp = conn.urlopen(
  File "/workdir/dohq-artifactory-0.8.4/.tox/cpythonlibtest-unit-test-tests/lib/python3.10/site-packages/urllib3/connectionpool.py", line 844, in urlopen
    retries = retries.increment(
  File "/workdir/dohq-artifactory-0.8.4/.tox/cpythonlibtest-unit-test-tests/lib/python3.10/site-packages/urllib3/util/retry.py", line 515, in increment
    raise MaxRetryError(_pool, url, reason) from reason  # type: ignore[arg-type]
urllib3.exceptions.MaxRetryError: HTTPConnectionPool(host='localhost', port=8081): Max retries exceeded with url: /artifactory/api/repositories/integration-artifactory-path-repo (Caused by NewConnectionError('&lt;urllib3.connection.HTTPConnection object at 0x7fd9ef524ca0&gt;: Failed to establish a new connection: [Errno 111] Connection refused'))

During handling of the above exception, another exception occurred:

Traceback (most recent call last):
  File "/workdir/dohq-artifactory-0.8.4/.tox/cpythonlibtest-unit-test-tests/lib/python3.10/site-packages/_pytest/runner.py", line 341, in from_call
    result: Optional[TResult] = func()
  File "/workdir/dohq-artifactory-0.8.4/.tox/cpythonlibtest-unit-test-tests/lib/python3.10/site-packages/_pytest/runner.py", line 262, in &lt;lambda&gt;
    lambda: ihook(item=item, **kwds), when=when, reraise=reraise
  File "/workdir/dohq-artifactory-0.8.4/.tox/cpythonlibtest-unit-test-tests/lib/python3.10/site-packages/pluggy/_hooks.py", line 493, in __call__
    return self._hookexec(self.name, self._hookimpls, kwargs, firstresult)
  File "/workdir/dohq-artifactory-0.8.4/.tox/cpythonlibtest-unit-test-tests/lib/python3.10/site-packages/pluggy/_manager.py", line 115, in _hookexec
    return self._inner_hookexec(hook_name, methods, kwargs, firstresult)
  File "/workdir/dohq-artifactory-0.8.4/.tox/cpythonlibtest-unit-test-tests/lib/python3.10/site-packages/pluggy/_callers.py", line 152, in _multicall
    return outcome.get_result()
  File "/workdir/dohq-artifactory-0.8.4/.tox/cpythonlibtest-unit-test-tests/lib/python3.10/site-packages/pluggy/_result.py", line 114, in get_result
    raise exc.with_traceback(exc.__traceback__)
  File "/workdir/dohq-artifactory-0.8.4/.tox/cpythonlibtest-unit-test-tests/lib/python3.10/site-packages/pluggy/_callers.py", line 77, in _multicall
    res = hook_impl.function(*args)
  File "/workdir/dohq-artifactory-0.8.4/.tox/cpythonlibtest-unit-test-tests/lib/python3.10/site-packages/_pytest/runner.py", line 157, in pytest_runtest_setup
    item.session._setupstate.setup(item)
  File "/workdir/dohq-artifactory-0.8.4/.tox/cpythonlibtest-unit-test-tests/lib/python3.10/site-packages/_pytest/runner.py", line 497, in setup
    raise exc
  File "/workdir/dohq-artifactory-0.8.4/.tox/cpythonlibtest-unit-test-tests/lib/python3.10/site-packages/_pytest/runner.py", line 494, in setup
    col.setup()
  File "/workdir/dohq-artifactory-0.8.4/.tox/cpythonlibtest-unit-test-tests/lib/python3.10/site-packages/_pytest/python.py", line 1795, in setup
    self._request._fillfixtures()
  File "/workdir/dohq-artifactory-0.8.4/.tox/cpythonlibtest-unit-test-tests/lib/python3.10/site-packages/_pytest/fixtures.py", line 566, in _fillfixtures
    item.funcargs[argname] = self.getfixturevalue(argname)
  File "/workdir/dohq-artifactory-0.8.4/.tox/cpythonlibtest-unit-test-tests/lib/python3.10/site-packages/_pytest/fixtures.py", line 585, in getfixturevalue
    fixturedef = self._get_active_fixturedef(argname)
  File "/workdir/dohq-artifactory-0.8.4/.tox/cpythonlibtest-unit-test-tests/lib/python3.10/site-packages/_pytest/fixtures.py", line 607, in _get_active_fixturedef
    self._compute_fixture_value(fixturedef)
  File "/workdir/dohq-artifactory-0.8.4/.tox/cpythonlibtest-unit-test-tests/lib/python3.10/site-packages/_pytest/fixtures.py", line 693, in _compute_fixture_value
    fixturedef.execute(request=subrequest)
  File "/workdir/dohq-artifactory-0.8.4/.tox/cpythonlibtest-unit-test-tests/lib/python3.10/site-packages/_pytest/fixtures.py", line 1045, in execute
    fixturedef = request._get_active_fixturedef(argname)
  File "/workdir/dohq-artifactory-0.8.4/.tox/cpythonlibtest-unit-test-tests/lib/python3.10/site-packages/_pytest/fixtures.py", line 607, in _get_active_fixturedef
    self._compute_fixture_value(fixturedef)
  File "/workdir/dohq-artifactory-0.8.4/.tox/cpythonlibtest-unit-test-tests/lib/python3.10/site-packages/_pytest/fixtures.py", line 693, in _compute_fixture_value
    fixturedef.execute(request=subrequest)
  File "/workdir/dohq-artifactory-0.8.4/.tox/cpythonlibtest-unit-test-tests/lib/python3.10/site-packages/_pytest/fixtures.py", line 1069, in execute
    result = ihook.pytest_fixture_setup(fixturedef=self, request=request)
  File "/workdir/dohq-artifactory-0.8.4/.tox/cpythonlibtest-unit-test-tests/lib/python3.10/site-packages/pluggy/_hooks.py", line 493, in __call__
    return self._hookexec(self.name, self._hookimpls, kwargs, firstresult)
  File "/workdir/dohq-artifactory-0.8.4/.tox/cpythonlibtest-unit-test-tests/lib/python3.10/site-packages/pluggy/_manager.py", line 115, in _hookexec
    return self._inner_hookexec(hook_name, methods, kwargs, firstresult)
  File "/workdir/dohq-artifactory-0.8.4/.tox/cpythonlibtest-unit-test-tests/lib/python3.10/site-packages/pluggy/_callers.py", line 152, in _multicall
    return outcome.get_result()
  File "/workdir/dohq-artifactory-0.8.4/.tox/cpythonlibtest-unit-test-tests/lib/python3.10/site-packages/pluggy/_result.py", line 114, in get_result
    raise exc.with_traceback(exc.__traceback__)
  File "/workdir/dohq-artifactory-0.8.4/.tox/cpythonlibtest-unit-test-tests/lib/python3.10/site-packages/pluggy/_callers.py", line 77, in _multicall
    res = hook_impl.function(*args)
  File "/workdir/dohq-artifactory-0.8.4/.tox/cpythonlibtest-unit-test-tests/lib/python3.10/site-packages/_pytest/fixtures.py", line 1123, in pytest_fixture_setup
    result = call_fixture_func(fixturefunc, request, kwargs)
  File "/workdir/dohq-artifactory-0.8.4/.tox/cpythonlibtest-unit-test-tests/lib/python3.10/site-packages/_pytest/fixtures.py", line 895, in call_fixture_func
    fixture_result = next(generator)
  File "/workdir/dohq-artifactory-0.8.4/tests/conftest.py", line 123, in integration_artifactory_path_repo
    repo_ = artifactory.find_repository_local(name)
  File "/workdir/dohq-artifactory-0.8.4/.tox/cpythonlibtest-unit-test-tests/lib/python3.10/site-packages/artifactory.py", line 2315, in find_repository_local
    if obj.read():
  File "/workdir/dohq-artifactory-0.8.4/.tox/cpythonlibtest-unit-test-tests/lib/python3.10/site-packages/dohq_artifactory/admin.py", line 139, in read
    r = self._session.get(request_url, auth=self._auth)
  File "/workdir/dohq-artifactory-0.8.4/.tox/cpythonlibtest-unit-test-tests/lib/python3.10/site-packages/requests/sessions.py", line 602, in get
    return self.request("GET", url, **kwargs)
  File "/workdir/dohq-artifactory-0.8.4/.tox/cpythonlibtest-unit-test-tests/lib/python3.10/site-packages/requests/sessions.py", line 589, in request
    resp = self.send(prep, **send_kwargs)
  File "/workdir/dohq-artifactory-0.8.4/.tox/cpythonlibtest-unit-test-tests/lib/python3.10/site-packages/requests/sessions.py", line 703, in send
    r = adapter.send(request, **kwargs)
  File "/workdir/dohq-artifactory-0.8.4/.tox/cpythonlibtest-unit-test-tests/lib/python3.10/site-packages/requests/adapters.py", line 519, in send
    raise ConnectionError(e, request=request)
requests.exceptions.ConnectionError: HTTPConnectionPool(host='localhost', port=8081): Max retries exceeded with url: /artifactory/api/repositories/integration-artifactory-path-repo (Caused by NewConnectionError('&lt;urllib3.connection.HTTPConnection object at 0x7fd9ef524ca0&gt;: Failed to establish a new connection: [Errno 111] Connection refused'))</error></testcase><testcase classname="tests.integration.test_integration_artifactory_path" name="test_owner" time="0.003"><error message="failed on setup with &quot;requests.exceptions.ConnectionError: HTTPConnectionPool(host='localhost', port=8081): Max retries exceeded with url: /artifactory/api/repositories/integration-artifactory-path-repo (Caused by NewConnectionError('&lt;urllib3.connection.HTTPConnection object at 0x7fd9ef4ecfa0&gt;: Failed to establish a new connection: [Errno 111] Connection refused'))&quot;">Traceback (most recent call last):
  File "/workdir/dohq-artifactory-0.8.4/.tox/cpythonlibtest-unit-test-tests/lib/python3.10/site-packages/urllib3/connection.py", line 203, in _new_conn
    sock = connection.create_connection(
  File "/workdir/dohq-artifactory-0.8.4/.tox/cpythonlibtest-unit-test-tests/lib/python3.10/site-packages/urllib3/util/connection.py", line 85, in create_connection
    raise err
  File "/workdir/dohq-artifactory-0.8.4/.tox/cpythonlibtest-unit-test-tests/lib/python3.10/site-packages/urllib3/util/connection.py", line 73, in create_connection
    sock.connect(sa)
ConnectionRefusedError: [Errno 111] Connection refused

The above exception was the direct cause of the following exception:

Traceback (most recent call last):
  File "/workdir/dohq-artifactory-0.8.4/.tox/cpythonlibtest-unit-test-tests/lib/python3.10/site-packages/urllib3/connectionpool.py", line 790, in urlopen
    response = self._make_request(
  File "/workdir/dohq-artifactory-0.8.4/.tox/cpythonlibtest-unit-test-tests/lib/python3.10/site-packages/urllib3/connectionpool.py", line 496, in _make_request
    conn.request(
  File "/workdir/dohq-artifactory-0.8.4/.tox/cpythonlibtest-unit-test-tests/lib/python3.10/site-packages/urllib3/connection.py", line 395, in request
    self.endheaders()
  File "/usr/local/lib/python3.10/http/client.py", line 1277, in endheaders
    self._send_output(message_body, encode_chunked=encode_chunked)
  File "/usr/local/lib/python3.10/http/client.py", line 1037, in _send_output
    self.send(msg)
  File "/usr/local/lib/python3.10/http/client.py", line 975, in send
    self.connect()
  File "/workdir/dohq-artifactory-0.8.4/.tox/cpythonlibtest-unit-test-tests/lib/python3.10/site-packages/urllib3/connection.py", line 243, in connect
    self.sock = self._new_conn()
  File "/workdir/dohq-artifactory-0.8.4/.tox/cpythonlibtest-unit-test-tests/lib/python3.10/site-packages/urllib3/connection.py", line 218, in _new_conn
    raise NewConnectionError(
urllib3.exceptions.NewConnectionError: &lt;urllib3.connection.HTTPConnection object at 0x7fd9ef4ecfa0&gt;: Failed to establish a new connection: [Errno 111] Connection refused

The above exception was the direct cause of the following exception:

Traceback (most recent call last):
  File "/workdir/dohq-artifactory-0.8.4/.tox/cpythonlibtest-unit-test-tests/lib/python3.10/site-packages/requests/adapters.py", line 486, in send
    resp = conn.urlopen(
  File "/workdir/dohq-artifactory-0.8.4/.tox/cpythonlibtest-unit-test-tests/lib/python3.10/site-packages/urllib3/connectionpool.py", line 844, in urlopen
    retries = retries.increment(
  File "/workdir/dohq-artifactory-0.8.4/.tox/cpythonlibtest-unit-test-tests/lib/python3.10/site-packages/urllib3/util/retry.py", line 515, in increment
    raise MaxRetryError(_pool, url, reason) from reason  # type: ignore[arg-type]
urllib3.exceptions.MaxRetryError: HTTPConnectionPool(host='localhost', port=8081): Max retries exceeded with url: /artifactory/api/repositories/integration-artifactory-path-repo (Caused by NewConnectionError('&lt;urllib3.connection.HTTPConnection object at 0x7fd9ef4ecfa0&gt;: Failed to establish a new connection: [Errno 111] Connection refused'))

During handling of the above exception, another exception occurred:

Traceback (most recent call last):
  File "/workdir/dohq-artifactory-0.8.4/.tox/cpythonlibtest-unit-test-tests/lib/python3.10/site-packages/_pytest/runner.py", line 341, in from_call
    result: Optional[TResult] = func()
  File "/workdir/dohq-artifactory-0.8.4/.tox/cpythonlibtest-unit-test-tests/lib/python3.10/site-packages/_pytest/runner.py", line 262, in &lt;lambda&gt;
    lambda: ihook(item=item, **kwds), when=when, reraise=reraise
  File "/workdir/dohq-artifactory-0.8.4/.tox/cpythonlibtest-unit-test-tests/lib/python3.10/site-packages/pluggy/_hooks.py", line 493, in __call__
    return self._hookexec(self.name, self._hookimpls, kwargs, firstresult)
  File "/workdir/dohq-artifactory-0.8.4/.tox/cpythonlibtest-unit-test-tests/lib/python3.10/site-packages/pluggy/_manager.py", line 115, in _hookexec
    return self._inner_hookexec(hook_name, methods, kwargs, firstresult)
  File "/workdir/dohq-artifactory-0.8.4/.tox/cpythonlibtest-unit-test-tests/lib/python3.10/site-packages/pluggy/_callers.py", line 152, in _multicall
    return outcome.get_result()
  File "/workdir/dohq-artifactory-0.8.4/.tox/cpythonlibtest-unit-test-tests/lib/python3.10/site-packages/pluggy/_result.py", line 114, in get_result
    raise exc.with_traceback(exc.__traceback__)
  File "/workdir/dohq-artifactory-0.8.4/.tox/cpythonlibtest-unit-test-tests/lib/python3.10/site-packages/pluggy/_callers.py", line 77, in _multicall
    res = hook_impl.function(*args)
  File "/workdir/dohq-artifactory-0.8.4/.tox/cpythonlibtest-unit-test-tests/lib/python3.10/site-packages/_pytest/runner.py", line 157, in pytest_runtest_setup
    item.session._setupstate.setup(item)
  File "/workdir/dohq-artifactory-0.8.4/.tox/cpythonlibtest-unit-test-tests/lib/python3.10/site-packages/_pytest/runner.py", line 497, in setup
    raise exc
  File "/workdir/dohq-artifactory-0.8.4/.tox/cpythonlibtest-unit-test-tests/lib/python3.10/site-packages/_pytest/runner.py", line 494, in setup
    col.setup()
  File "/workdir/dohq-artifactory-0.8.4/.tox/cpythonlibtest-unit-test-tests/lib/python3.10/site-packages/_pytest/python.py", line 1795, in setup
    self._request._fillfixtures()
  File "/workdir/dohq-artifactory-0.8.4/.tox/cpythonlibtest-unit-test-tests/lib/python3.10/site-packages/_pytest/fixtures.py", line 566, in _fillfixtures
    item.funcargs[argname] = self.getfixturevalue(argname)
  File "/workdir/dohq-artifactory-0.8.4/.tox/cpythonlibtest-unit-test-tests/lib/python3.10/site-packages/_pytest/fixtures.py", line 585, in getfixturevalue
    fixturedef = self._get_active_fixturedef(argname)
  File "/workdir/dohq-artifactory-0.8.4/.tox/cpythonlibtest-unit-test-tests/lib/python3.10/site-packages/_pytest/fixtures.py", line 607, in _get_active_fixturedef
    self._compute_fixture_value(fixturedef)
  File "/workdir/dohq-artifactory-0.8.4/.tox/cpythonlibtest-unit-test-tests/lib/python3.10/site-packages/_pytest/fixtures.py", line 693, in _compute_fixture_value
    fixturedef.execute(request=subrequest)
  File "/workdir/dohq-artifactory-0.8.4/.tox/cpythonlibtest-unit-test-tests/lib/python3.10/site-packages/_pytest/fixtures.py", line 1045, in execute
    fixturedef = request._get_active_fixturedef(argname)
  File "/workdir/dohq-artifactory-0.8.4/.tox/cpythonlibtest-unit-test-tests/lib/python3.10/site-packages/_pytest/fixtures.py", line 607, in _get_active_fixturedef
    self._compute_fixture_value(fixturedef)
  File "/workdir/dohq-artifactory-0.8.4/.tox/cpythonlibtest-unit-test-tests/lib/python3.10/site-packages/_pytest/fixtures.py", line 693, in _compute_fixture_value
    fixturedef.execute(request=subrequest)
  File "/workdir/dohq-artifactory-0.8.4/.tox/cpythonlibtest-unit-test-tests/lib/python3.10/site-packages/_pytest/fixtures.py", line 1069, in execute
    result = ihook.pytest_fixture_setup(fixturedef=self, request=request)
  File "/workdir/dohq-artifactory-0.8.4/.tox/cpythonlibtest-unit-test-tests/lib/python3.10/site-packages/pluggy/_hooks.py", line 493, in __call__
    return self._hookexec(self.name, self._hookimpls, kwargs, firstresult)
  File "/workdir/dohq-artifactory-0.8.4/.tox/cpythonlibtest-unit-test-tests/lib/python3.10/site-packages/pluggy/_manager.py", line 115, in _hookexec
    return self._inner_hookexec(hook_name, methods, kwargs, firstresult)
  File "/workdir/dohq-artifactory-0.8.4/.tox/cpythonlibtest-unit-test-tests/lib/python3.10/site-packages/pluggy/_callers.py", line 152, in _multicall
    return outcome.get_result()
  File "/workdir/dohq-artifactory-0.8.4/.tox/cpythonlibtest-unit-test-tests/lib/python3.10/site-packages/pluggy/_result.py", line 114, in get_result
    raise exc.with_traceback(exc.__traceback__)
  File "/workdir/dohq-artifactory-0.8.4/.tox/cpythonlibtest-unit-test-tests/lib/python3.10/site-packages/pluggy/_callers.py", line 77, in _multicall
    res = hook_impl.function(*args)
  File "/workdir/dohq-artifactory-0.8.4/.tox/cpythonlibtest-unit-test-tests/lib/python3.10/site-packages/_pytest/fixtures.py", line 1123, in pytest_fixture_setup
    result = call_fixture_func(fixturefunc, request, kwargs)
  File "/workdir/dohq-artifactory-0.8.4/.tox/cpythonlibtest-unit-test-tests/lib/python3.10/site-packages/_pytest/fixtures.py", line 895, in call_fixture_func
    fixture_result = next(generator)
  File "/workdir/dohq-artifactory-0.8.4/tests/conftest.py", line 123, in integration_artifactory_path_repo
    repo_ = artifactory.find_repository_local(name)
  File "/workdir/dohq-artifactory-0.8.4/.tox/cpythonlibtest-unit-test-tests/lib/python3.10/site-packages/artifactory.py", line 2315, in find_repository_local
    if obj.read():
  File "/workdir/dohq-artifactory-0.8.4/.tox/cpythonlibtest-unit-test-tests/lib/python3.10/site-packages/dohq_artifactory/admin.py", line 139, in read
    r = self._session.get(request_url, auth=self._auth)
  File "/workdir/dohq-artifactory-0.8.4/.tox/cpythonlibtest-unit-test-tests/lib/python3.10/site-packages/requests/sessions.py", line 602, in get
    return self.request("GET", url, **kwargs)
  File "/workdir/dohq-artifactory-0.8.4/.tox/cpythonlibtest-unit-test-tests/lib/python3.10/site-packages/requests/sessions.py", line 589, in request
    resp = self.send(prep, **send_kwargs)
  File "/workdir/dohq-artifactory-0.8.4/.tox/cpythonlibtest-unit-test-tests/lib/python3.10/site-packages/requests/sessions.py", line 703, in send
    r = adapter.send(request, **kwargs)
  File "/workdir/dohq-artifactory-0.8.4/.tox/cpythonlibtest-unit-test-tests/lib/python3.10/site-packages/requests/adapters.py", line 519, in send
    raise ConnectionError(e, request=request)
requests.exceptions.ConnectionError: HTTPConnectionPool(host='localhost', port=8081): Max retries exceeded with url: /artifactory/api/repositories/integration-artifactory-path-repo (Caused by NewConnectionError('&lt;urllib3.connection.HTTPConnection object at 0x7fd9ef4ecfa0&gt;: Failed to establish a new connection: [Errno 111] Connection refused'))</error></testcase><testcase classname="tests.integration.test_integration_artifactory_path" name="test_mkdir" time="0.005"><error message="failed on setup with &quot;requests.exceptions.ConnectionError: HTTPConnectionPool(host='localhost', port=8081): Max retries exceeded with url: /artifactory/api/repositories/integration-artifactory-path-repo (Caused by NewConnectionError('&lt;urllib3.connection.HTTPConnection object at 0x7fd9ef51bf10&gt;: Failed to establish a new connection: [Errno 111] Connection refused'))&quot;">Traceback (most recent call last):
  File "/workdir/dohq-artifactory-0.8.4/.tox/cpythonlibtest-unit-test-tests/lib/python3.10/site-packages/urllib3/connection.py", line 203, in _new_conn
    sock = connection.create_connection(
  File "/workdir/dohq-artifactory-0.8.4/.tox/cpythonlibtest-unit-test-tests/lib/python3.10/site-packages/urllib3/util/connection.py", line 85, in create_connection
    raise err
  File "/workdir/dohq-artifactory-0.8.4/.tox/cpythonlibtest-unit-test-tests/lib/python3.10/site-packages/urllib3/util/connection.py", line 73, in create_connection
    sock.connect(sa)
ConnectionRefusedError: [Errno 111] Connection refused

The above exception was the direct cause of the following exception:

Traceback (most recent call last):
  File "/workdir/dohq-artifactory-0.8.4/.tox/cpythonlibtest-unit-test-tests/lib/python3.10/site-packages/urllib3/connectionpool.py", line 790, in urlopen
    response = self._make_request(
  File "/workdir/dohq-artifactory-0.8.4/.tox/cpythonlibtest-unit-test-tests/lib/python3.10/site-packages/urllib3/connectionpool.py", line 496, in _make_request
    conn.request(
  File "/workdir/dohq-artifactory-0.8.4/.tox/cpythonlibtest-unit-test-tests/lib/python3.10/site-packages/urllib3/connection.py", line 395, in request
    self.endheaders()
  File "/usr/local/lib/python3.10/http/client.py", line 1277, in endheaders
    self._send_output(message_body, encode_chunked=encode_chunked)
  File "/usr/local/lib/python3.10/http/client.py", line 1037, in _send_output
    self.send(msg)
  File "/usr/local/lib/python3.10/http/client.py", line 975, in send
    self.connect()
  File "/workdir/dohq-artifactory-0.8.4/.tox/cpythonlibtest-unit-test-tests/lib/python3.10/site-packages/urllib3/connection.py", line 243, in connect
    self.sock = self._new_conn()
  File "/workdir/dohq-artifactory-0.8.4/.tox/cpythonlibtest-unit-test-tests/lib/python3.10/site-packages/urllib3/connection.py", line 218, in _new_conn
    raise NewConnectionError(
urllib3.exceptions.NewConnectionError: &lt;urllib3.connection.HTTPConnection object at 0x7fd9ef51bf10&gt;: Failed to establish a new connection: [Errno 111] Connection refused

The above exception was the direct cause of the following exception:

Traceback (most recent call last):
  File "/workdir/dohq-artifactory-0.8.4/.tox/cpythonlibtest-unit-test-tests/lib/python3.10/site-packages/requests/adapters.py", line 486, in send
    resp = conn.urlopen(
  File "/workdir/dohq-artifactory-0.8.4/.tox/cpythonlibtest-unit-test-tests/lib/python3.10/site-packages/urllib3/connectionpool.py", line 844, in urlopen
    retries = retries.increment(
  File "/workdir/dohq-artifactory-0.8.4/.tox/cpythonlibtest-unit-test-tests/lib/python3.10/site-packages/urllib3/util/retry.py", line 515, in increment
    raise MaxRetryError(_pool, url, reason) from reason  # type: ignore[arg-type]
urllib3.exceptions.MaxRetryError: HTTPConnectionPool(host='localhost', port=8081): Max retries exceeded with url: /artifactory/api/repositories/integration-artifactory-path-repo (Caused by NewConnectionError('&lt;urllib3.connection.HTTPConnection object at 0x7fd9ef51bf10&gt;: Failed to establish a new connection: [Errno 111] Connection refused'))

During handling of the above exception, another exception occurred:

Traceback (most recent call last):
  File "/workdir/dohq-artifactory-0.8.4/.tox/cpythonlibtest-unit-test-tests/lib/python3.10/site-packages/_pytest/runner.py", line 341, in from_call
    result: Optional[TResult] = func()
  File "/workdir/dohq-artifactory-0.8.4/.tox/cpythonlibtest-unit-test-tests/lib/python3.10/site-packages/_pytest/runner.py", line 262, in &lt;lambda&gt;
    lambda: ihook(item=item, **kwds), when=when, reraise=reraise
  File "/workdir/dohq-artifactory-0.8.4/.tox/cpythonlibtest-unit-test-tests/lib/python3.10/site-packages/pluggy/_hooks.py", line 493, in __call__
    return self._hookexec(self.name, self._hookimpls, kwargs, firstresult)
  File "/workdir/dohq-artifactory-0.8.4/.tox/cpythonlibtest-unit-test-tests/lib/python3.10/site-packages/pluggy/_manager.py", line 115, in _hookexec
    return self._inner_hookexec(hook_name, methods, kwargs, firstresult)
  File "/workdir/dohq-artifactory-0.8.4/.tox/cpythonlibtest-unit-test-tests/lib/python3.10/site-packages/pluggy/_callers.py", line 152, in _multicall
    return outcome.get_result()
  File "/workdir/dohq-artifactory-0.8.4/.tox/cpythonlibtest-unit-test-tests/lib/python3.10/site-packages/pluggy/_result.py", line 114, in get_result
    raise exc.with_traceback(exc.__traceback__)
  File "/workdir/dohq-artifactory-0.8.4/.tox/cpythonlibtest-unit-test-tests/lib/python3.10/site-packages/pluggy/_callers.py", line 77, in _multicall
    res = hook_impl.function(*args)
  File "/workdir/dohq-artifactory-0.8.4/.tox/cpythonlibtest-unit-test-tests/lib/python3.10/site-packages/_pytest/runner.py", line 157, in pytest_runtest_setup
    item.session._setupstate.setup(item)
  File "/workdir/dohq-artifactory-0.8.4/.tox/cpythonlibtest-unit-test-tests/lib/python3.10/site-packages/_pytest/runner.py", line 497, in setup
    raise exc
  File "/workdir/dohq-artifactory-0.8.4/.tox/cpythonlibtest-unit-test-tests/lib/python3.10/site-packages/_pytest/runner.py", line 494, in setup
    col.setup()
  File "/workdir/dohq-artifactory-0.8.4/.tox/cpythonlibtest-unit-test-tests/lib/python3.10/site-packages/_pytest/python.py", line 1795, in setup
    self._request._fillfixtures()
  File "/workdir/dohq-artifactory-0.8.4/.tox/cpythonlibtest-unit-test-tests/lib/python3.10/site-packages/_pytest/fixtures.py", line 566, in _fillfixtures
    item.funcargs[argname] = self.getfixturevalue(argname)
  File "/workdir/dohq-artifactory-0.8.4/.tox/cpythonlibtest-unit-test-tests/lib/python3.10/site-packages/_pytest/fixtures.py", line 585, in getfixturevalue
    fixturedef = self._get_active_fixturedef(argname)
  File "/workdir/dohq-artifactory-0.8.4/.tox/cpythonlibtest-unit-test-tests/lib/python3.10/site-packages/_pytest/fixtures.py", line 607, in _get_active_fixturedef
    self._compute_fixture_value(fixturedef)
  File "/workdir/dohq-artifactory-0.8.4/.tox/cpythonlibtest-unit-test-tests/lib/python3.10/site-packages/_pytest/fixtures.py", line 693, in _compute_fixture_value
    fixturedef.execute(request=subrequest)
  File "/workdir/dohq-artifactory-0.8.4/.tox/cpythonlibtest-unit-test-tests/lib/python3.10/site-packages/_pytest/fixtures.py", line 1045, in execute
    fixturedef = request._get_active_fixturedef(argname)
  File "/workdir/dohq-artifactory-0.8.4/.tox/cpythonlibtest-unit-test-tests/lib/python3.10/site-packages/_pytest/fixtures.py", line 607, in _get_active_fixturedef
    self._compute_fixture_value(fixturedef)
  File "/workdir/dohq-artifactory-0.8.4/.tox/cpythonlibtest-unit-test-tests/lib/python3.10/site-packages/_pytest/fixtures.py", line 693, in _compute_fixture_value
    fixturedef.execute(request=subrequest)
  File "/workdir/dohq-artifactory-0.8.4/.tox/cpythonlibtest-unit-test-tests/lib/python3.10/site-packages/_pytest/fixtures.py", line 1069, in execute
    result = ihook.pytest_fixture_setup(fixturedef=self, request=request)
  File "/workdir/dohq-artifactory-0.8.4/.tox/cpythonlibtest-unit-test-tests/lib/python3.10/site-packages/pluggy/_hooks.py", line 493, in __call__
    return self._hookexec(self.name, self._hookimpls, kwargs, firstresult)
  File "/workdir/dohq-artifactory-0.8.4/.tox/cpythonlibtest-unit-test-tests/lib/python3.10/site-packages/pluggy/_manager.py", line 115, in _hookexec
    return self._inner_hookexec(hook_name, methods, kwargs, firstresult)
  File "/workdir/dohq-artifactory-0.8.4/.tox/cpythonlibtest-unit-test-tests/lib/python3.10/site-packages/pluggy/_callers.py", line 152, in _multicall
    return outcome.get_result()
  File "/workdir/dohq-artifactory-0.8.4/.tox/cpythonlibtest-unit-test-tests/lib/python3.10/site-packages/pluggy/_result.py", line 114, in get_result
    raise exc.with_traceback(exc.__traceback__)
  File "/workdir/dohq-artifactory-0.8.4/.tox/cpythonlibtest-unit-test-tests/lib/python3.10/site-packages/pluggy/_callers.py", line 77, in _multicall
    res = hook_impl.function(*args)
  File "/workdir/dohq-artifactory-0.8.4/.tox/cpythonlibtest-unit-test-tests/lib/python3.10/site-packages/_pytest/fixtures.py", line 1123, in pytest_fixture_setup
    result = call_fixture_func(fixturefunc, request, kwargs)
  File "/workdir/dohq-artifactory-0.8.4/.tox/cpythonlibtest-unit-test-tests/lib/python3.10/site-packages/_pytest/fixtures.py", line 895, in call_fixture_func
    fixture_result = next(generator)
  File "/workdir/dohq-artifactory-0.8.4/tests/conftest.py", line 123, in integration_artifactory_path_repo
    repo_ = artifactory.find_repository_local(name)
  File "/workdir/dohq-artifactory-0.8.4/.tox/cpythonlibtest-unit-test-tests/lib/python3.10/site-packages/artifactory.py", line 2315, in find_repository_local
    if obj.read():
  File "/workdir/dohq-artifactory-0.8.4/.tox/cpythonlibtest-unit-test-tests/lib/python3.10/site-packages/dohq_artifactory/admin.py", line 139, in read
    r = self._session.get(request_url, auth=self._auth)
  File "/workdir/dohq-artifactory-0.8.4/.tox/cpythonlibtest-unit-test-tests/lib/python3.10/site-packages/requests/sessions.py", line 602, in get
    return self.request("GET", url, **kwargs)
  File "/workdir/dohq-artifactory-0.8.4/.tox/cpythonlibtest-unit-test-tests/lib/python3.10/site-packages/requests/sessions.py", line 589, in request
    resp = self.send(prep, **send_kwargs)
  File "/workdir/dohq-artifactory-0.8.4/.tox/cpythonlibtest-unit-test-tests/lib/python3.10/site-packages/requests/sessions.py", line 703, in send
    r = adapter.send(request, **kwargs)
  File "/workdir/dohq-artifactory-0.8.4/.tox/cpythonlibtest-unit-test-tests/lib/python3.10/site-packages/requests/adapters.py", line 519, in send
    raise ConnectionError(e, request=request)
requests.exceptions.ConnectionError: HTTPConnectionPool(host='localhost', port=8081): Max retries exceeded with url: /artifactory/api/repositories/integration-artifactory-path-repo (Caused by NewConnectionError('&lt;urllib3.connection.HTTPConnection object at 0x7fd9ef51bf10&gt;: Failed to establish a new connection: [Errno 111] Connection refused'))</error></testcase><testcase classname="tests.integration.test_integration_artifactory_path" name="test_touch" time="0.005"><error message="failed on setup with &quot;requests.exceptions.ConnectionError: HTTPConnectionPool(host='localhost', port=8081): Max retries exceeded with url: /artifactory/api/repositories/integration-artifactory-path-repo (Caused by NewConnectionError('&lt;urllib3.connection.HTTPConnection object at 0x7fd9ef4f1930&gt;: Failed to establish a new connection: [Errno 111] Connection refused'))&quot;">Traceback (most recent call last):
  File "/workdir/dohq-artifactory-0.8.4/.tox/cpythonlibtest-unit-test-tests/lib/python3.10/site-packages/urllib3/connection.py", line 203, in _new_conn
    sock = connection.create_connection(
  File "/workdir/dohq-artifactory-0.8.4/.tox/cpythonlibtest-unit-test-tests/lib/python3.10/site-packages/urllib3/util/connection.py", line 85, in create_connection
    raise err
  File "/workdir/dohq-artifactory-0.8.4/.tox/cpythonlibtest-unit-test-tests/lib/python3.10/site-packages/urllib3/util/connection.py", line 73, in create_connection
    sock.connect(sa)
ConnectionRefusedError: [Errno 111] Connection refused

The above exception was the direct cause of the following exception:

Traceback (most recent call last):
  File "/workdir/dohq-artifactory-0.8.4/.tox/cpythonlibtest-unit-test-tests/lib/python3.10/site-packages/urllib3/connectionpool.py", line 790, in urlopen
    response = self._make_request(
  File "/workdir/dohq-artifactory-0.8.4/.tox/cpythonlibtest-unit-test-tests/lib/python3.10/site-packages/urllib3/connectionpool.py", line 496, in _make_request
    conn.request(
  File "/workdir/dohq-artifactory-0.8.4/.tox/cpythonlibtest-unit-test-tests/lib/python3.10/site-packages/urllib3/connection.py", line 395, in request
    self.endheaders()
  File "/usr/local/lib/python3.10/http/client.py", line 1277, in endheaders
    self._send_output(message_body, encode_chunked=encode_chunked)
  File "/usr/local/lib/python3.10/http/client.py", line 1037, in _send_output
    self.send(msg)
  File "/usr/local/lib/python3.10/http/client.py", line 975, in send
    self.connect()
  File "/workdir/dohq-artifactory-0.8.4/.tox/cpythonlibtest-unit-test-tests/lib/python3.10/site-packages/urllib3/connection.py", line 243, in connect
    self.sock = self._new_conn()
  File "/workdir/dohq-artifactory-0.8.4/.tox/cpythonlibtest-unit-test-tests/lib/python3.10/site-packages/urllib3/connection.py", line 218, in _new_conn
    raise NewConnectionError(
urllib3.exceptions.NewConnectionError: &lt;urllib3.connection.HTTPConnection object at 0x7fd9ef4f1930&gt;: Failed to establish a new connection: [Errno 111] Connection refused

The above exception was the direct cause of the following exception:

Traceback (most recent call last):
  File "/workdir/dohq-artifactory-0.8.4/.tox/cpythonlibtest-unit-test-tests/lib/python3.10/site-packages/requests/adapters.py", line 486, in send
    resp = conn.urlopen(
  File "/workdir/dohq-artifactory-0.8.4/.tox/cpythonlibtest-unit-test-tests/lib/python3.10/site-packages/urllib3/connectionpool.py", line 844, in urlopen
    retries = retries.increment(
  File "/workdir/dohq-artifactory-0.8.4/.tox/cpythonlibtest-unit-test-tests/lib/python3.10/site-packages/urllib3/util/retry.py", line 515, in increment
    raise MaxRetryError(_pool, url, reason) from reason  # type: ignore[arg-type]
urllib3.exceptions.MaxRetryError: HTTPConnectionPool(host='localhost', port=8081): Max retries exceeded with url: /artifactory/api/repositories/integration-artifactory-path-repo (Caused by NewConnectionError('&lt;urllib3.connection.HTTPConnection object at 0x7fd9ef4f1930&gt;: Failed to establish a new connection: [Errno 111] Connection refused'))

During handling of the above exception, another exception occurred:

Traceback (most recent call last):
  File "/workdir/dohq-artifactory-0.8.4/.tox/cpythonlibtest-unit-test-tests/lib/python3.10/site-packages/_pytest/runner.py", line 341, in from_call
    result: Optional[TResult] = func()
  File "/workdir/dohq-artifactory-0.8.4/.tox/cpythonlibtest-unit-test-tests/lib/python3.10/site-packages/_pytest/runner.py", line 262, in &lt;lambda&gt;
    lambda: ihook(item=item, **kwds), when=when, reraise=reraise
  File "/workdir/dohq-artifactory-0.8.4/.tox/cpythonlibtest-unit-test-tests/lib/python3.10/site-packages/pluggy/_hooks.py", line 493, in __call__
    return self._hookexec(self.name, self._hookimpls, kwargs, firstresult)
  File "/workdir/dohq-artifactory-0.8.4/.tox/cpythonlibtest-unit-test-tests/lib/python3.10/site-packages/pluggy/_manager.py", line 115, in _hookexec
    return self._inner_hookexec(hook_name, methods, kwargs, firstresult)
  File "/workdir/dohq-artifactory-0.8.4/.tox/cpythonlibtest-unit-test-tests/lib/python3.10/site-packages/pluggy/_callers.py", line 152, in _multicall
    return outcome.get_result()
  File "/workdir/dohq-artifactory-0.8.4/.tox/cpythonlibtest-unit-test-tests/lib/python3.10/site-packages/pluggy/_result.py", line 114, in get_result
    raise exc.with_traceback(exc.__traceback__)
  File "/workdir/dohq-artifactory-0.8.4/.tox/cpythonlibtest-unit-test-tests/lib/python3.10/site-packages/pluggy/_callers.py", line 77, in _multicall
    res = hook_impl.function(*args)
  File "/workdir/dohq-artifactory-0.8.4/.tox/cpythonlibtest-unit-test-tests/lib/python3.10/site-packages/_pytest/runner.py", line 157, in pytest_runtest_setup
    item.session._setupstate.setup(item)
  File "/workdir/dohq-artifactory-0.8.4/.tox/cpythonlibtest-unit-test-tests/lib/python3.10/site-packages/_pytest/runner.py", line 497, in setup
    raise exc
  File "/workdir/dohq-artifactory-0.8.4/.tox/cpythonlibtest-unit-test-tests/lib/python3.10/site-packages/_pytest/runner.py", line 494, in setup
    col.setup()
  File "/workdir/dohq-artifactory-0.8.4/.tox/cpythonlibtest-unit-test-tests/lib/python3.10/site-packages/_pytest/python.py", line 1795, in setup
    self._request._fillfixtures()
  File "/workdir/dohq-artifactory-0.8.4/.tox/cpythonlibtest-unit-test-tests/lib/python3.10/site-packages/_pytest/fixtures.py", line 566, in _fillfixtures
    item.funcargs[argname] = self.getfixturevalue(argname)
  File "/workdir/dohq-artifactory-0.8.4/.tox/cpythonlibtest-unit-test-tests/lib/python3.10/site-packages/_pytest/fixtures.py", line 585, in getfixturevalue
    fixturedef = self._get_active_fixturedef(argname)
  File "/workdir/dohq-artifactory-0.8.4/.tox/cpythonlibtest-unit-test-tests/lib/python3.10/site-packages/_pytest/fixtures.py", line 607, in _get_active_fixturedef
    self._compute_fixture_value(fixturedef)
  File "/workdir/dohq-artifactory-0.8.4/.tox/cpythonlibtest-unit-test-tests/lib/python3.10/site-packages/_pytest/fixtures.py", line 693, in _compute_fixture_value
    fixturedef.execute(request=subrequest)
  File "/workdir/dohq-artifactory-0.8.4/.tox/cpythonlibtest-unit-test-tests/lib/python3.10/site-packages/_pytest/fixtures.py", line 1045, in execute
    fixturedef = request._get_active_fixturedef(argname)
  File "/workdir/dohq-artifactory-0.8.4/.tox/cpythonlibtest-unit-test-tests/lib/python3.10/site-packages/_pytest/fixtures.py", line 607, in _get_active_fixturedef
    self._compute_fixture_value(fixturedef)
  File "/workdir/dohq-artifactory-0.8.4/.tox/cpythonlibtest-unit-test-tests/lib/python3.10/site-packages/_pytest/fixtures.py", line 693, in _compute_fixture_value
    fixturedef.execute(request=subrequest)
  File "/workdir/dohq-artifactory-0.8.4/.tox/cpythonlibtest-unit-test-tests/lib/python3.10/site-packages/_pytest/fixtures.py", line 1069, in execute
    result = ihook.pytest_fixture_setup(fixturedef=self, request=request)
  File "/workdir/dohq-artifactory-0.8.4/.tox/cpythonlibtest-unit-test-tests/lib/python3.10/site-packages/pluggy/_hooks.py", line 493, in __call__
    return self._hookexec(self.name, self._hookimpls, kwargs, firstresult)
  File "/workdir/dohq-artifactory-0.8.4/.tox/cpythonlibtest-unit-test-tests/lib/python3.10/site-packages/pluggy/_manager.py", line 115, in _hookexec
    return self._inner_hookexec(hook_name, methods, kwargs, firstresult)
  File "/workdir/dohq-artifactory-0.8.4/.tox/cpythonlibtest-unit-test-tests/lib/python3.10/site-packages/pluggy/_callers.py", line 152, in _multicall
    return outcome.get_result()
  File "/workdir/dohq-artifactory-0.8.4/.tox/cpythonlibtest-unit-test-tests/lib/python3.10/site-packages/pluggy/_result.py", line 114, in get_result
    raise exc.with_traceback(exc.__traceback__)
  File "/workdir/dohq-artifactory-0.8.4/.tox/cpythonlibtest-unit-test-tests/lib/python3.10/site-packages/pluggy/_callers.py", line 77, in _multicall
    res = hook_impl.function(*args)
  File "/workdir/dohq-artifactory-0.8.4/.tox/cpythonlibtest-unit-test-tests/lib/python3.10/site-packages/_pytest/fixtures.py", line 1123, in pytest_fixture_setup
    result = call_fixture_func(fixturefunc, request, kwargs)
  File "/workdir/dohq-artifactory-0.8.4/.tox/cpythonlibtest-unit-test-tests/lib/python3.10/site-packages/_pytest/fixtures.py", line 895, in call_fixture_func
    fixture_result = next(generator)
  File "/workdir/dohq-artifactory-0.8.4/tests/conftest.py", line 123, in integration_artifactory_path_repo
    repo_ = artifactory.find_repository_local(name)
  File "/workdir/dohq-artifactory-0.8.4/.tox/cpythonlibtest-unit-test-tests/lib/python3.10/site-packages/artifactory.py", line 2315, in find_repository_local
    if obj.read():
  File "/workdir/dohq-artifactory-0.8.4/.tox/cpythonlibtest-unit-test-tests/lib/python3.10/site-packages/dohq_artifactory/admin.py", line 139, in read
    r = self._session.get(request_url, auth=self._auth)
  File "/workdir/dohq-artifactory-0.8.4/.tox/cpythonlibtest-unit-test-tests/lib/python3.10/site-packages/requests/sessions.py", line 602, in get
    return self.request("GET", url, **kwargs)
  File "/workdir/dohq-artifactory-0.8.4/.tox/cpythonlibtest-unit-test-tests/lib/python3.10/site-packages/requests/sessions.py", line 589, in request
    resp = self.send(prep, **send_kwargs)
  File "/workdir/dohq-artifactory-0.8.4/.tox/cpythonlibtest-unit-test-tests/lib/python3.10/site-packages/requests/sessions.py", line 703, in send
    r = adapter.send(request, **kwargs)
  File "/workdir/dohq-artifactory-0.8.4/.tox/cpythonlibtest-unit-test-tests/lib/python3.10/site-packages/requests/adapters.py", line 519, in send
    raise ConnectionError(e, request=request)
requests.exceptions.ConnectionError: HTTPConnectionPool(host='localhost', port=8081): Max retries exceeded with url: /artifactory/api/repositories/integration-artifactory-path-repo (Caused by NewConnectionError('&lt;urllib3.connection.HTTPConnection object at 0x7fd9ef4f1930&gt;: Failed to establish a new connection: [Errno 111] Connection refused'))</error></testcase><testcase classname="tests.integration.test_integration_artifactory_path" name="test_iterdir" time="0.003"><error message="failed on setup with &quot;requests.exceptions.ConnectionError: HTTPConnectionPool(host='localhost', port=8081): Max retries exceeded with url: /artifactory/api/repositories/integration-artifactory-path-repo (Caused by NewConnectionError('&lt;urllib3.connection.HTTPConnection object at 0x7fd9ef51bee0&gt;: Failed to establish a new connection: [Errno 111] Connection refused'))&quot;">Traceback (most recent call last):
  File "/workdir/dohq-artifactory-0.8.4/.tox/cpythonlibtest-unit-test-tests/lib/python3.10/site-packages/urllib3/connection.py", line 203, in _new_conn
    sock = connection.create_connection(
  File "/workdir/dohq-artifactory-0.8.4/.tox/cpythonlibtest-unit-test-tests/lib/python3.10/site-packages/urllib3/util/connection.py", line 85, in create_connection
    raise err
  File "/workdir/dohq-artifactory-0.8.4/.tox/cpythonlibtest-unit-test-tests/lib/python3.10/site-packages/urllib3/util/connection.py", line 73, in create_connection
    sock.connect(sa)
ConnectionRefusedError: [Errno 111] Connection refused

The above exception was the direct cause of the following exception:

Traceback (most recent call last):
  File "/workdir/dohq-artifactory-0.8.4/.tox/cpythonlibtest-unit-test-tests/lib/python3.10/site-packages/urllib3/connectionpool.py", line 790, in urlopen
    response = self._make_request(
  File "/workdir/dohq-artifactory-0.8.4/.tox/cpythonlibtest-unit-test-tests/lib/python3.10/site-packages/urllib3/connectionpool.py", line 496, in _make_request
    conn.request(
  File "/workdir/dohq-artifactory-0.8.4/.tox/cpythonlibtest-unit-test-tests/lib/python3.10/site-packages/urllib3/connection.py", line 395, in request
    self.endheaders()
  File "/usr/local/lib/python3.10/http/client.py", line 1277, in endheaders
    self._send_output(message_body, encode_chunked=encode_chunked)
  File "/usr/local/lib/python3.10/http/client.py", line 1037, in _send_output
    self.send(msg)
  File "/usr/local/lib/python3.10/http/client.py", line 975, in send
    self.connect()
  File "/workdir/dohq-artifactory-0.8.4/.tox/cpythonlibtest-unit-test-tests/lib/python3.10/site-packages/urllib3/connection.py", line 243, in connect
    self.sock = self._new_conn()
  File "/workdir/dohq-artifactory-0.8.4/.tox/cpythonlibtest-unit-test-tests/lib/python3.10/site-packages/urllib3/connection.py", line 218, in _new_conn
    raise NewConnectionError(
urllib3.exceptions.NewConnectionError: &lt;urllib3.connection.HTTPConnection object at 0x7fd9ef51bee0&gt;: Failed to establish a new connection: [Errno 111] Connection refused

The above exception was the direct cause of the following exception:

Traceback (most recent call last):
  File "/workdir/dohq-artifactory-0.8.4/.tox/cpythonlibtest-unit-test-tests/lib/python3.10/site-packages/requests/adapters.py", line 486, in send
    resp = conn.urlopen(
  File "/workdir/dohq-artifactory-0.8.4/.tox/cpythonlibtest-unit-test-tests/lib/python3.10/site-packages/urllib3/connectionpool.py", line 844, in urlopen
    retries = retries.increment(
  File "/workdir/dohq-artifactory-0.8.4/.tox/cpythonlibtest-unit-test-tests/lib/python3.10/site-packages/urllib3/util/retry.py", line 515, in increment
    raise MaxRetryError(_pool, url, reason) from reason  # type: ignore[arg-type]
urllib3.exceptions.MaxRetryError: HTTPConnectionPool(host='localhost', port=8081): Max retries exceeded with url: /artifactory/api/repositories/integration-artifactory-path-repo (Caused by NewConnectionError('&lt;urllib3.connection.HTTPConnection object at 0x7fd9ef51bee0&gt;: Failed to establish a new connection: [Errno 111] Connection refused'))

During handling of the above exception, another exception occurred:

Traceback (most recent call last):
  File "/workdir/dohq-artifactory-0.8.4/.tox/cpythonlibtest-unit-test-tests/lib/python3.10/site-packages/_pytest/runner.py", line 341, in from_call
    result: Optional[TResult] = func()
  File "/workdir/dohq-artifactory-0.8.4/.tox/cpythonlibtest-unit-test-tests/lib/python3.10/site-packages/_pytest/runner.py", line 262, in &lt;lambda&gt;
    lambda: ihook(item=item, **kwds), when=when, reraise=reraise
  File "/workdir/dohq-artifactory-0.8.4/.tox/cpythonlibtest-unit-test-tests/lib/python3.10/site-packages/pluggy/_hooks.py", line 493, in __call__
    return self._hookexec(self.name, self._hookimpls, kwargs, firstresult)
  File "/workdir/dohq-artifactory-0.8.4/.tox/cpythonlibtest-unit-test-tests/lib/python3.10/site-packages/pluggy/_manager.py", line 115, in _hookexec
    return self._inner_hookexec(hook_name, methods, kwargs, firstresult)
  File "/workdir/dohq-artifactory-0.8.4/.tox/cpythonlibtest-unit-test-tests/lib/python3.10/site-packages/pluggy/_callers.py", line 152, in _multicall
    return outcome.get_result()
  File "/workdir/dohq-artifactory-0.8.4/.tox/cpythonlibtest-unit-test-tests/lib/python3.10/site-packages/pluggy/_result.py", line 114, in get_result
    raise exc.with_traceback(exc.__traceback__)
  File "/workdir/dohq-artifactory-0.8.4/.tox/cpythonlibtest-unit-test-tests/lib/python3.10/site-packages/pluggy/_callers.py", line 77, in _multicall
    res = hook_impl.function(*args)
  File "/workdir/dohq-artifactory-0.8.4/.tox/cpythonlibtest-unit-test-tests/lib/python3.10/site-packages/_pytest/runner.py", line 157, in pytest_runtest_setup
    item.session._setupstate.setup(item)
  File "/workdir/dohq-artifactory-0.8.4/.tox/cpythonlibtest-unit-test-tests/lib/python3.10/site-packages/_pytest/runner.py", line 497, in setup
    raise exc
  File "/workdir/dohq-artifactory-0.8.4/.tox/cpythonlibtest-unit-test-tests/lib/python3.10/site-packages/_pytest/runner.py", line 494, in setup
    col.setup()
  File "/workdir/dohq-artifactory-0.8.4/.tox/cpythonlibtest-unit-test-tests/lib/python3.10/site-packages/_pytest/python.py", line 1795, in setup
    self._request._fillfixtures()
  File "/workdir/dohq-artifactory-0.8.4/.tox/cpythonlibtest-unit-test-tests/lib/python3.10/site-packages/_pytest/fixtures.py", line 566, in _fillfixtures
    item.funcargs[argname] = self.getfixturevalue(argname)
  File "/workdir/dohq-artifactory-0.8.4/.tox/cpythonlibtest-unit-test-tests/lib/python3.10/site-packages/_pytest/fixtures.py", line 585, in getfixturevalue
    fixturedef = self._get_active_fixturedef(argname)
  File "/workdir/dohq-artifactory-0.8.4/.tox/cpythonlibtest-unit-test-tests/lib/python3.10/site-packages/_pytest/fixtures.py", line 607, in _get_active_fixturedef
    self._compute_fixture_value(fixturedef)
  File "/workdir/dohq-artifactory-0.8.4/.tox/cpythonlibtest-unit-test-tests/lib/python3.10/site-packages/_pytest/fixtures.py", line 693, in _compute_fixture_value
    fixturedef.execute(request=subrequest)
  File "/workdir/dohq-artifactory-0.8.4/.tox/cpythonlibtest-unit-test-tests/lib/python3.10/site-packages/_pytest/fixtures.py", line 1045, in execute
    fixturedef = request._get_active_fixturedef(argname)
  File "/workdir/dohq-artifactory-0.8.4/.tox/cpythonlibtest-unit-test-tests/lib/python3.10/site-packages/_pytest/fixtures.py", line 607, in _get_active_fixturedef
    self._compute_fixture_value(fixturedef)
  File "/workdir/dohq-artifactory-0.8.4/.tox/cpythonlibtest-unit-test-tests/lib/python3.10/site-packages/_pytest/fixtures.py", line 693, in _compute_fixture_value
    fixturedef.execute(request=subrequest)
  File "/workdir/dohq-artifactory-0.8.4/.tox/cpythonlibtest-unit-test-tests/lib/python3.10/site-packages/_pytest/fixtures.py", line 1069, in execute
    result = ihook.pytest_fixture_setup(fixturedef=self, request=request)
  File "/workdir/dohq-artifactory-0.8.4/.tox/cpythonlibtest-unit-test-tests/lib/python3.10/site-packages/pluggy/_hooks.py", line 493, in __call__
    return self._hookexec(self.name, self._hookimpls, kwargs, firstresult)
  File "/workdir/dohq-artifactory-0.8.4/.tox/cpythonlibtest-unit-test-tests/lib/python3.10/site-packages/pluggy/_manager.py", line 115, in _hookexec
    return self._inner_hookexec(hook_name, methods, kwargs, firstresult)
  File "/workdir/dohq-artifactory-0.8.4/.tox/cpythonlibtest-unit-test-tests/lib/python3.10/site-packages/pluggy/_callers.py", line 152, in _multicall
    return outcome.get_result()
  File "/workdir/dohq-artifactory-0.8.4/.tox/cpythonlibtest-unit-test-tests/lib/python3.10/site-packages/pluggy/_result.py", line 114, in get_result
    raise exc.with_traceback(exc.__traceback__)
  File "/workdir/dohq-artifactory-0.8.4/.tox/cpythonlibtest-unit-test-tests/lib/python3.10/site-packages/pluggy/_callers.py", line 77, in _multicall
    res = hook_impl.function(*args)
  File "/workdir/dohq-artifactory-0.8.4/.tox/cpythonlibtest-unit-test-tests/lib/python3.10/site-packages/_pytest/fixtures.py", line 1123, in pytest_fixture_setup
    result = call_fixture_func(fixturefunc, request, kwargs)
  File "/workdir/dohq-artifactory-0.8.4/.tox/cpythonlibtest-unit-test-tests/lib/python3.10/site-packages/_pytest/fixtures.py", line 895, in call_fixture_func
    fixture_result = next(generator)
  File "/workdir/dohq-artifactory-0.8.4/tests/conftest.py", line 123, in integration_artifactory_path_repo
    repo_ = artifactory.find_repository_local(name)
  File "/workdir/dohq-artifactory-0.8.4/.tox/cpythonlibtest-unit-test-tests/lib/python3.10/site-packages/artifactory.py", line 2315, in find_repository_local
    if obj.read():
  File "/workdir/dohq-artifactory-0.8.4/.tox/cpythonlibtest-unit-test-tests/lib/python3.10/site-packages/dohq_artifactory/admin.py", line 139, in read
    r = self._session.get(request_url, auth=self._auth)
  File "/workdir/dohq-artifactory-0.8.4/.tox/cpythonlibtest-unit-test-tests/lib/python3.10/site-packages/requests/sessions.py", line 602, in get
    return self.request("GET", url, **kwargs)
  File "/workdir/dohq-artifactory-0.8.4/.tox/cpythonlibtest-unit-test-tests/lib/python3.10/site-packages/requests/sessions.py", line 589, in request
    resp = self.send(prep, **send_kwargs)
  File "/workdir/dohq-artifactory-0.8.4/.tox/cpythonlibtest-unit-test-tests/lib/python3.10/site-packages/requests/sessions.py", line 703, in send
    r = adapter.send(request, **kwargs)
  File "/workdir/dohq-artifactory-0.8.4/.tox/cpythonlibtest-unit-test-tests/lib/python3.10/site-packages/requests/adapters.py", line 519, in send
    raise ConnectionError(e, request=request)
requests.exceptions.ConnectionError: HTTPConnectionPool(host='localhost', port=8081): Max retries exceeded with url: /artifactory/api/repositories/integration-artifactory-path-repo (Caused by NewConnectionError('&lt;urllib3.connection.HTTPConnection object at 0x7fd9ef51bee0&gt;: Failed to establish a new connection: [Errno 111] Connection refused'))</error></testcase><testcase classname="tests.integration.test_integration_artifactory_path" name="test_glob" time="0.002"><error message="failed on setup with &quot;requests.exceptions.ConnectionError: HTTPConnectionPool(host='localhost', port=8081): Max retries exceeded with url: /artifactory/api/repositories/integration-artifactory-path-repo (Caused by NewConnectionError('&lt;urllib3.connection.HTTPConnection object at 0x7fd9ef4f3670&gt;: Failed to establish a new connection: [Errno 111] Connection refused'))&quot;">Traceback (most recent call last):
  File "/workdir/dohq-artifactory-0.8.4/.tox/cpythonlibtest-unit-test-tests/lib/python3.10/site-packages/urllib3/connection.py", line 203, in _new_conn
    sock = connection.create_connection(
  File "/workdir/dohq-artifactory-0.8.4/.tox/cpythonlibtest-unit-test-tests/lib/python3.10/site-packages/urllib3/util/connection.py", line 85, in create_connection
    raise err
  File "/workdir/dohq-artifactory-0.8.4/.tox/cpythonlibtest-unit-test-tests/lib/python3.10/site-packages/urllib3/util/connection.py", line 73, in create_connection
    sock.connect(sa)
ConnectionRefusedError: [Errno 111] Connection refused

The above exception was the direct cause of the following exception:

Traceback (most recent call last):
  File "/workdir/dohq-artifactory-0.8.4/.tox/cpythonlibtest-unit-test-tests/lib/python3.10/site-packages/urllib3/connectionpool.py", line 790, in urlopen
    response = self._make_request(
  File "/workdir/dohq-artifactory-0.8.4/.tox/cpythonlibtest-unit-test-tests/lib/python3.10/site-packages/urllib3/connectionpool.py", line 496, in _make_request
    conn.request(
  File "/workdir/dohq-artifactory-0.8.4/.tox/cpythonlibtest-unit-test-tests/lib/python3.10/site-packages/urllib3/connection.py", line 395, in request
    self.endheaders()
  File "/usr/local/lib/python3.10/http/client.py", line 1277, in endheaders
    self._send_output(message_body, encode_chunked=encode_chunked)
  File "/usr/local/lib/python3.10/http/client.py", line 1037, in _send_output
    self.send(msg)
  File "/usr/local/lib/python3.10/http/client.py", line 975, in send
    self.connect()
  File "/workdir/dohq-artifactory-0.8.4/.tox/cpythonlibtest-unit-test-tests/lib/python3.10/site-packages/urllib3/connection.py", line 243, in connect
    self.sock = self._new_conn()
  File "/workdir/dohq-artifactory-0.8.4/.tox/cpythonlibtest-unit-test-tests/lib/python3.10/site-packages/urllib3/connection.py", line 218, in _new_conn
    raise NewConnectionError(
urllib3.exceptions.NewConnectionError: &lt;urllib3.connection.HTTPConnection object at 0x7fd9ef4f3670&gt;: Failed to establish a new connection: [Errno 111] Connection refused

The above exception was the direct cause of the following exception:

Traceback (most recent call last):
  File "/workdir/dohq-artifactory-0.8.4/.tox/cpythonlibtest-unit-test-tests/lib/python3.10/site-packages/requests/adapters.py", line 486, in send
    resp = conn.urlopen(
  File "/workdir/dohq-artifactory-0.8.4/.tox/cpythonlibtest-unit-test-tests/lib/python3.10/site-packages/urllib3/connectionpool.py", line 844, in urlopen
    retries = retries.increment(
  File "/workdir/dohq-artifactory-0.8.4/.tox/cpythonlibtest-unit-test-tests/lib/python3.10/site-packages/urllib3/util/retry.py", line 515, in increment
    raise MaxRetryError(_pool, url, reason) from reason  # type: ignore[arg-type]
urllib3.exceptions.MaxRetryError: HTTPConnectionPool(host='localhost', port=8081): Max retries exceeded with url: /artifactory/api/repositories/integration-artifactory-path-repo (Caused by NewConnectionError('&lt;urllib3.connection.HTTPConnection object at 0x7fd9ef4f3670&gt;: Failed to establish a new connection: [Errno 111] Connection refused'))

During handling of the above exception, another exception occurred:

Traceback (most recent call last):
  File "/workdir/dohq-artifactory-0.8.4/.tox/cpythonlibtest-unit-test-tests/lib/python3.10/site-packages/_pytest/runner.py", line 341, in from_call
    result: Optional[TResult] = func()
  File "/workdir/dohq-artifactory-0.8.4/.tox/cpythonlibtest-unit-test-tests/lib/python3.10/site-packages/_pytest/runner.py", line 262, in &lt;lambda&gt;
    lambda: ihook(item=item, **kwds), when=when, reraise=reraise
  File "/workdir/dohq-artifactory-0.8.4/.tox/cpythonlibtest-unit-test-tests/lib/python3.10/site-packages/pluggy/_hooks.py", line 493, in __call__
    return self._hookexec(self.name, self._hookimpls, kwargs, firstresult)
  File "/workdir/dohq-artifactory-0.8.4/.tox/cpythonlibtest-unit-test-tests/lib/python3.10/site-packages/pluggy/_manager.py", line 115, in _hookexec
    return self._inner_hookexec(hook_name, methods, kwargs, firstresult)
  File "/workdir/dohq-artifactory-0.8.4/.tox/cpythonlibtest-unit-test-tests/lib/python3.10/site-packages/pluggy/_callers.py", line 152, in _multicall
    return outcome.get_result()
  File "/workdir/dohq-artifactory-0.8.4/.tox/cpythonlibtest-unit-test-tests/lib/python3.10/site-packages/pluggy/_result.py", line 114, in get_result
    raise exc.with_traceback(exc.__traceback__)
  File "/workdir/dohq-artifactory-0.8.4/.tox/cpythonlibtest-unit-test-tests/lib/python3.10/site-packages/pluggy/_callers.py", line 77, in _multicall
    res = hook_impl.function(*args)
  File "/workdir/dohq-artifactory-0.8.4/.tox/cpythonlibtest-unit-test-tests/lib/python3.10/site-packages/_pytest/runner.py", line 157, in pytest_runtest_setup
    item.session._setupstate.setup(item)
  File "/workdir/dohq-artifactory-0.8.4/.tox/cpythonlibtest-unit-test-tests/lib/python3.10/site-packages/_pytest/runner.py", line 497, in setup
    raise exc
  File "/workdir/dohq-artifactory-0.8.4/.tox/cpythonlibtest-unit-test-tests/lib/python3.10/site-packages/_pytest/runner.py", line 494, in setup
    col.setup()
  File "/workdir/dohq-artifactory-0.8.4/.tox/cpythonlibtest-unit-test-tests/lib/python3.10/site-packages/_pytest/python.py", line 1795, in setup
    self._request._fillfixtures()
  File "/workdir/dohq-artifactory-0.8.4/.tox/cpythonlibtest-unit-test-tests/lib/python3.10/site-packages/_pytest/fixtures.py", line 566, in _fillfixtures
    item.funcargs[argname] = self.getfixturevalue(argname)
  File "/workdir/dohq-artifactory-0.8.4/.tox/cpythonlibtest-unit-test-tests/lib/python3.10/site-packages/_pytest/fixtures.py", line 585, in getfixturevalue
    fixturedef = self._get_active_fixturedef(argname)
  File "/workdir/dohq-artifactory-0.8.4/.tox/cpythonlibtest-unit-test-tests/lib/python3.10/site-packages/_pytest/fixtures.py", line 607, in _get_active_fixturedef
    self._compute_fixture_value(fixturedef)
  File "/workdir/dohq-artifactory-0.8.4/.tox/cpythonlibtest-unit-test-tests/lib/python3.10/site-packages/_pytest/fixtures.py", line 693, in _compute_fixture_value
    fixturedef.execute(request=subrequest)
  File "/workdir/dohq-artifactory-0.8.4/.tox/cpythonlibtest-unit-test-tests/lib/python3.10/site-packages/_pytest/fixtures.py", line 1045, in execute
    fixturedef = request._get_active_fixturedef(argname)
  File "/workdir/dohq-artifactory-0.8.4/.tox/cpythonlibtest-unit-test-tests/lib/python3.10/site-packages/_pytest/fixtures.py", line 607, in _get_active_fixturedef
    self._compute_fixture_value(fixturedef)
  File "/workdir/dohq-artifactory-0.8.4/.tox/cpythonlibtest-unit-test-tests/lib/python3.10/site-packages/_pytest/fixtures.py", line 693, in _compute_fixture_value
    fixturedef.execute(request=subrequest)
  File "/workdir/dohq-artifactory-0.8.4/.tox/cpythonlibtest-unit-test-tests/lib/python3.10/site-packages/_pytest/fixtures.py", line 1069, in execute
    result = ihook.pytest_fixture_setup(fixturedef=self, request=request)
  File "/workdir/dohq-artifactory-0.8.4/.tox/cpythonlibtest-unit-test-tests/lib/python3.10/site-packages/pluggy/_hooks.py", line 493, in __call__
    return self._hookexec(self.name, self._hookimpls, kwargs, firstresult)
  File "/workdir/dohq-artifactory-0.8.4/.tox/cpythonlibtest-unit-test-tests/lib/python3.10/site-packages/pluggy/_manager.py", line 115, in _hookexec
    return self._inner_hookexec(hook_name, methods, kwargs, firstresult)
  File "/workdir/dohq-artifactory-0.8.4/.tox/cpythonlibtest-unit-test-tests/lib/python3.10/site-packages/pluggy/_callers.py", line 152, in _multicall
    return outcome.get_result()
  File "/workdir/dohq-artifactory-0.8.4/.tox/cpythonlibtest-unit-test-tests/lib/python3.10/site-packages/pluggy/_result.py", line 114, in get_result
    raise exc.with_traceback(exc.__traceback__)
  File "/workdir/dohq-artifactory-0.8.4/.tox/cpythonlibtest-unit-test-tests/lib/python3.10/site-packages/pluggy/_callers.py", line 77, in _multicall
    res = hook_impl.function(*args)
  File "/workdir/dohq-artifactory-0.8.4/.tox/cpythonlibtest-unit-test-tests/lib/python3.10/site-packages/_pytest/fixtures.py", line 1123, in pytest_fixture_setup
    result = call_fixture_func(fixturefunc, request, kwargs)
  File "/workdir/dohq-artifactory-0.8.4/.tox/cpythonlibtest-unit-test-tests/lib/python3.10/site-packages/_pytest/fixtures.py", line 895, in call_fixture_func
    fixture_result = next(generator)
  File "/workdir/dohq-artifactory-0.8.4/tests/conftest.py", line 123, in integration_artifactory_path_repo
    repo_ = artifactory.find_repository_local(name)
  File "/workdir/dohq-artifactory-0.8.4/.tox/cpythonlibtest-unit-test-tests/lib/python3.10/site-packages/artifactory.py", line 2315, in find_repository_local
    if obj.read():
  File "/workdir/dohq-artifactory-0.8.4/.tox/cpythonlibtest-unit-test-tests/lib/python3.10/site-packages/dohq_artifactory/admin.py", line 139, in read
    r = self._session.get(request_url, auth=self._auth)
  File "/workdir/dohq-artifactory-0.8.4/.tox/cpythonlibtest-unit-test-tests/lib/python3.10/site-packages/requests/sessions.py", line 602, in get
    return self.request("GET", url, **kwargs)
  File "/workdir/dohq-artifactory-0.8.4/.tox/cpythonlibtest-unit-test-tests/lib/python3.10/site-packages/requests/sessions.py", line 589, in request
    resp = self.send(prep, **send_kwargs)
  File "/workdir/dohq-artifactory-0.8.4/.tox/cpythonlibtest-unit-test-tests/lib/python3.10/site-packages/requests/sessions.py", line 703, in send
    r = adapter.send(request, **kwargs)
  File "/workdir/dohq-artifactory-0.8.4/.tox/cpythonlibtest-unit-test-tests/lib/python3.10/site-packages/requests/adapters.py", line 519, in send
    raise ConnectionError(e, request=request)
requests.exceptions.ConnectionError: HTTPConnectionPool(host='localhost', port=8081): Max retries exceeded with url: /artifactory/api/repositories/integration-artifactory-path-repo (Caused by NewConnectionError('&lt;urllib3.connection.HTTPConnection object at 0x7fd9ef4f3670&gt;: Failed to establish a new connection: [Errno 111] Connection refused'))</error></testcase><testcase classname="tests.integration.test_integration_artifactory_path" name="test_deploy" time="0.002"><error message="failed on setup with &quot;requests.exceptions.ConnectionError: HTTPConnectionPool(host='localhost', port=8081): Max retries exceeded with url: /artifactory/api/repositories/integration-artifactory-path-repo (Caused by NewConnectionError('&lt;urllib3.connection.HTTPConnection object at 0x7fd9ef4f01f0&gt;: Failed to establish a new connection: [Errno 111] Connection refused'))&quot;">Traceback (most recent call last):
  File "/workdir/dohq-artifactory-0.8.4/.tox/cpythonlibtest-unit-test-tests/lib/python3.10/site-packages/urllib3/connection.py", line 203, in _new_conn
    sock = connection.create_connection(
  File "/workdir/dohq-artifactory-0.8.4/.tox/cpythonlibtest-unit-test-tests/lib/python3.10/site-packages/urllib3/util/connection.py", line 85, in create_connection
    raise err
  File "/workdir/dohq-artifactory-0.8.4/.tox/cpythonlibtest-unit-test-tests/lib/python3.10/site-packages/urllib3/util/connection.py", line 73, in create_connection
    sock.connect(sa)
ConnectionRefusedError: [Errno 111] Connection refused

The above exception was the direct cause of the following exception:

Traceback (most recent call last):
  File "/workdir/dohq-artifactory-0.8.4/.tox/cpythonlibtest-unit-test-tests/lib/python3.10/site-packages/urllib3/connectionpool.py", line 790, in urlopen
    response = self._make_request(
  File "/workdir/dohq-artifactory-0.8.4/.tox/cpythonlibtest-unit-test-tests/lib/python3.10/site-packages/urllib3/connectionpool.py", line 496, in _make_request
    conn.request(
  File "/workdir/dohq-artifactory-0.8.4/.tox/cpythonlibtest-unit-test-tests/lib/python3.10/site-packages/urllib3/connection.py", line 395, in request
    self.endheaders()
  File "/usr/local/lib/python3.10/http/client.py", line 1277, in endheaders
    self._send_output(message_body, encode_chunked=encode_chunked)
  File "/usr/local/lib/python3.10/http/client.py", line 1037, in _send_output
    self.send(msg)
  File "/usr/local/lib/python3.10/http/client.py", line 975, in send
    self.connect()
  File "/workdir/dohq-artifactory-0.8.4/.tox/cpythonlibtest-unit-test-tests/lib/python3.10/site-packages/urllib3/connection.py", line 243, in connect
    self.sock = self._new_conn()
  File "/workdir/dohq-artifactory-0.8.4/.tox/cpythonlibtest-unit-test-tests/lib/python3.10/site-packages/urllib3/connection.py", line 218, in _new_conn
    raise NewConnectionError(
urllib3.exceptions.NewConnectionError: &lt;urllib3.connection.HTTPConnection object at 0x7fd9ef4f01f0&gt;: Failed to establish a new connection: [Errno 111] Connection refused

The above exception was the direct cause of the following exception:

Traceback (most recent call last):
  File "/workdir/dohq-artifactory-0.8.4/.tox/cpythonlibtest-unit-test-tests/lib/python3.10/site-packages/requests/adapters.py", line 486, in send
    resp = conn.urlopen(
  File "/workdir/dohq-artifactory-0.8.4/.tox/cpythonlibtest-unit-test-tests/lib/python3.10/site-packages/urllib3/connectionpool.py", line 844, in urlopen
    retries = retries.increment(
  File "/workdir/dohq-artifactory-0.8.4/.tox/cpythonlibtest-unit-test-tests/lib/python3.10/site-packages/urllib3/util/retry.py", line 515, in increment
    raise MaxRetryError(_pool, url, reason) from reason  # type: ignore[arg-type]
urllib3.exceptions.MaxRetryError: HTTPConnectionPool(host='localhost', port=8081): Max retries exceeded with url: /artifactory/api/repositories/integration-artifactory-path-repo (Caused by NewConnectionError('&lt;urllib3.connection.HTTPConnection object at 0x7fd9ef4f01f0&gt;: Failed to establish a new connection: [Errno 111] Connection refused'))

During handling of the above exception, another exception occurred:

Traceback (most recent call last):
  File "/workdir/dohq-artifactory-0.8.4/.tox/cpythonlibtest-unit-test-tests/lib/python3.10/site-packages/_pytest/runner.py", line 341, in from_call
    result: Optional[TResult] = func()
  File "/workdir/dohq-artifactory-0.8.4/.tox/cpythonlibtest-unit-test-tests/lib/python3.10/site-packages/_pytest/runner.py", line 262, in &lt;lambda&gt;
    lambda: ihook(item=item, **kwds), when=when, reraise=reraise
  File "/workdir/dohq-artifactory-0.8.4/.tox/cpythonlibtest-unit-test-tests/lib/python3.10/site-packages/pluggy/_hooks.py", line 493, in __call__
    return self._hookexec(self.name, self._hookimpls, kwargs, firstresult)
  File "/workdir/dohq-artifactory-0.8.4/.tox/cpythonlibtest-unit-test-tests/lib/python3.10/site-packages/pluggy/_manager.py", line 115, in _hookexec
    return self._inner_hookexec(hook_name, methods, kwargs, firstresult)
  File "/workdir/dohq-artifactory-0.8.4/.tox/cpythonlibtest-unit-test-tests/lib/python3.10/site-packages/pluggy/_callers.py", line 152, in _multicall
    return outcome.get_result()
  File "/workdir/dohq-artifactory-0.8.4/.tox/cpythonlibtest-unit-test-tests/lib/python3.10/site-packages/pluggy/_result.py", line 114, in get_result
    raise exc.with_traceback(exc.__traceback__)
  File "/workdir/dohq-artifactory-0.8.4/.tox/cpythonlibtest-unit-test-tests/lib/python3.10/site-packages/pluggy/_callers.py", line 77, in _multicall
    res = hook_impl.function(*args)
  File "/workdir/dohq-artifactory-0.8.4/.tox/cpythonlibtest-unit-test-tests/lib/python3.10/site-packages/_pytest/runner.py", line 157, in pytest_runtest_setup
    item.session._setupstate.setup(item)
  File "/workdir/dohq-artifactory-0.8.4/.tox/cpythonlibtest-unit-test-tests/lib/python3.10/site-packages/_pytest/runner.py", line 497, in setup
    raise exc
  File "/workdir/dohq-artifactory-0.8.4/.tox/cpythonlibtest-unit-test-tests/lib/python3.10/site-packages/_pytest/runner.py", line 494, in setup
    col.setup()
  File "/workdir/dohq-artifactory-0.8.4/.tox/cpythonlibtest-unit-test-tests/lib/python3.10/site-packages/_pytest/python.py", line 1795, in setup
    self._request._fillfixtures()
  File "/workdir/dohq-artifactory-0.8.4/.tox/cpythonlibtest-unit-test-tests/lib/python3.10/site-packages/_pytest/fixtures.py", line 566, in _fillfixtures
    item.funcargs[argname] = self.getfixturevalue(argname)
  File "/workdir/dohq-artifactory-0.8.4/.tox/cpythonlibtest-unit-test-tests/lib/python3.10/site-packages/_pytest/fixtures.py", line 585, in getfixturevalue
    fixturedef = self._get_active_fixturedef(argname)
  File "/workdir/dohq-artifactory-0.8.4/.tox/cpythonlibtest-unit-test-tests/lib/python3.10/site-packages/_pytest/fixtures.py", line 607, in _get_active_fixturedef
    self._compute_fixture_value(fixturedef)
  File "/workdir/dohq-artifactory-0.8.4/.tox/cpythonlibtest-unit-test-tests/lib/python3.10/site-packages/_pytest/fixtures.py", line 693, in _compute_fixture_value
    fixturedef.execute(request=subrequest)
  File "/workdir/dohq-artifactory-0.8.4/.tox/cpythonlibtest-unit-test-tests/lib/python3.10/site-packages/_pytest/fixtures.py", line 1045, in execute
    fixturedef = request._get_active_fixturedef(argname)
  File "/workdir/dohq-artifactory-0.8.4/.tox/cpythonlibtest-unit-test-tests/lib/python3.10/site-packages/_pytest/fixtures.py", line 607, in _get_active_fixturedef
    self._compute_fixture_value(fixturedef)
  File "/workdir/dohq-artifactory-0.8.4/.tox/cpythonlibtest-unit-test-tests/lib/python3.10/site-packages/_pytest/fixtures.py", line 693, in _compute_fixture_value
    fixturedef.execute(request=subrequest)
  File "/workdir/dohq-artifactory-0.8.4/.tox/cpythonlibtest-unit-test-tests/lib/python3.10/site-packages/_pytest/fixtures.py", line 1069, in execute
    result = ihook.pytest_fixture_setup(fixturedef=self, request=request)
  File "/workdir/dohq-artifactory-0.8.4/.tox/cpythonlibtest-unit-test-tests/lib/python3.10/site-packages/pluggy/_hooks.py", line 493, in __call__
    return self._hookexec(self.name, self._hookimpls, kwargs, firstresult)
  File "/workdir/dohq-artifactory-0.8.4/.tox/cpythonlibtest-unit-test-tests/lib/python3.10/site-packages/pluggy/_manager.py", line 115, in _hookexec
    return self._inner_hookexec(hook_name, methods, kwargs, firstresult)
  File "/workdir/dohq-artifactory-0.8.4/.tox/cpythonlibtest-unit-test-tests/lib/python3.10/site-packages/pluggy/_callers.py", line 152, in _multicall
    return outcome.get_result()
  File "/workdir/dohq-artifactory-0.8.4/.tox/cpythonlibtest-unit-test-tests/lib/python3.10/site-packages/pluggy/_result.py", line 114, in get_result
    raise exc.with_traceback(exc.__traceback__)
  File "/workdir/dohq-artifactory-0.8.4/.tox/cpythonlibtest-unit-test-tests/lib/python3.10/site-packages/pluggy/_callers.py", line 77, in _multicall
    res = hook_impl.function(*args)
  File "/workdir/dohq-artifactory-0.8.4/.tox/cpythonlibtest-unit-test-tests/lib/python3.10/site-packages/_pytest/fixtures.py", line 1123, in pytest_fixture_setup
    result = call_fixture_func(fixturefunc, request, kwargs)
  File "/workdir/dohq-artifactory-0.8.4/.tox/cpythonlibtest-unit-test-tests/lib/python3.10/site-packages/_pytest/fixtures.py", line 895, in call_fixture_func
    fixture_result = next(generator)
  File "/workdir/dohq-artifactory-0.8.4/tests/conftest.py", line 123, in integration_artifactory_path_repo
    repo_ = artifactory.find_repository_local(name)
  File "/workdir/dohq-artifactory-0.8.4/.tox/cpythonlibtest-unit-test-tests/lib/python3.10/site-packages/artifactory.py", line 2315, in find_repository_local
    if obj.read():
  File "/workdir/dohq-artifactory-0.8.4/.tox/cpythonlibtest-unit-test-tests/lib/python3.10/site-packages/dohq_artifactory/admin.py", line 139, in read
    r = self._session.get(request_url, auth=self._auth)
  File "/workdir/dohq-artifactory-0.8.4/.tox/cpythonlibtest-unit-test-tests/lib/python3.10/site-packages/requests/sessions.py", line 602, in get
    return self.request("GET", url, **kwargs)
  File "/workdir/dohq-artifactory-0.8.4/.tox/cpythonlibtest-unit-test-tests/lib/python3.10/site-packages/requests/sessions.py", line 589, in request
    resp = self.send(prep, **send_kwargs)
  File "/workdir/dohq-artifactory-0.8.4/.tox/cpythonlibtest-unit-test-tests/lib/python3.10/site-packages/requests/sessions.py", line 703, in send
    r = adapter.send(request, **kwargs)
  File "/workdir/dohq-artifactory-0.8.4/.tox/cpythonlibtest-unit-test-tests/lib/python3.10/site-packages/requests/adapters.py", line 519, in send
    raise ConnectionError(e, request=request)
requests.exceptions.ConnectionError: HTTPConnectionPool(host='localhost', port=8081): Max retries exceeded with url: /artifactory/api/repositories/integration-artifactory-path-repo (Caused by NewConnectionError('&lt;urllib3.connection.HTTPConnection object at 0x7fd9ef4f01f0&gt;: Failed to establish a new connection: [Errno 111] Connection refused'))</error></testcase><testcase classname="tests.integration.test_integration_artifactory_path" name="test_deploy_file" time="0.003"><error message="failed on setup with &quot;requests.exceptions.ConnectionError: HTTPConnectionPool(host='localhost', port=8081): Max retries exceeded with url: /artifactory/api/repositories/integration-artifactory-path-repo (Caused by NewConnectionError('&lt;urllib3.connection.HTTPConnection object at 0x7fd9ef4f3520&gt;: Failed to establish a new connection: [Errno 111] Connection refused'))&quot;">Traceback (most recent call last):
  File "/workdir/dohq-artifactory-0.8.4/.tox/cpythonlibtest-unit-test-tests/lib/python3.10/site-packages/urllib3/connection.py", line 203, in _new_conn
    sock = connection.create_connection(
  File "/workdir/dohq-artifactory-0.8.4/.tox/cpythonlibtest-unit-test-tests/lib/python3.10/site-packages/urllib3/util/connection.py", line 85, in create_connection
    raise err
  File "/workdir/dohq-artifactory-0.8.4/.tox/cpythonlibtest-unit-test-tests/lib/python3.10/site-packages/urllib3/util/connection.py", line 73, in create_connection
    sock.connect(sa)
ConnectionRefusedError: [Errno 111] Connection refused

The above exception was the direct cause of the following exception:

Traceback (most recent call last):
  File "/workdir/dohq-artifactory-0.8.4/.tox/cpythonlibtest-unit-test-tests/lib/python3.10/site-packages/urllib3/connectionpool.py", line 790, in urlopen
    response = self._make_request(
  File "/workdir/dohq-artifactory-0.8.4/.tox/cpythonlibtest-unit-test-tests/lib/python3.10/site-packages/urllib3/connectionpool.py", line 496, in _make_request
    conn.request(
  File "/workdir/dohq-artifactory-0.8.4/.tox/cpythonlibtest-unit-test-tests/lib/python3.10/site-packages/urllib3/connection.py", line 395, in request
    self.endheaders()
  File "/usr/local/lib/python3.10/http/client.py", line 1277, in endheaders
    self._send_output(message_body, encode_chunked=encode_chunked)
  File "/usr/local/lib/python3.10/http/client.py", line 1037, in _send_output
    self.send(msg)
  File "/usr/local/lib/python3.10/http/client.py", line 975, in send
    self.connect()
  File "/workdir/dohq-artifactory-0.8.4/.tox/cpythonlibtest-unit-test-tests/lib/python3.10/site-packages/urllib3/connection.py", line 243, in connect
    self.sock = self._new_conn()
  File "/workdir/dohq-artifactory-0.8.4/.tox/cpythonlibtest-unit-test-tests/lib/python3.10/site-packages/urllib3/connection.py", line 218, in _new_conn
    raise NewConnectionError(
urllib3.exceptions.NewConnectionError: &lt;urllib3.connection.HTTPConnection object at 0x7fd9ef4f3520&gt;: Failed to establish a new connection: [Errno 111] Connection refused

The above exception was the direct cause of the following exception:

Traceback (most recent call last):
  File "/workdir/dohq-artifactory-0.8.4/.tox/cpythonlibtest-unit-test-tests/lib/python3.10/site-packages/requests/adapters.py", line 486, in send
    resp = conn.urlopen(
  File "/workdir/dohq-artifactory-0.8.4/.tox/cpythonlibtest-unit-test-tests/lib/python3.10/site-packages/urllib3/connectionpool.py", line 844, in urlopen
    retries = retries.increment(
  File "/workdir/dohq-artifactory-0.8.4/.tox/cpythonlibtest-unit-test-tests/lib/python3.10/site-packages/urllib3/util/retry.py", line 515, in increment
    raise MaxRetryError(_pool, url, reason) from reason  # type: ignore[arg-type]
urllib3.exceptions.MaxRetryError: HTTPConnectionPool(host='localhost', port=8081): Max retries exceeded with url: /artifactory/api/repositories/integration-artifactory-path-repo (Caused by NewConnectionError('&lt;urllib3.connection.HTTPConnection object at 0x7fd9ef4f3520&gt;: Failed to establish a new connection: [Errno 111] Connection refused'))

During handling of the above exception, another exception occurred:

Traceback (most recent call last):
  File "/workdir/dohq-artifactory-0.8.4/.tox/cpythonlibtest-unit-test-tests/lib/python3.10/site-packages/_pytest/runner.py", line 341, in from_call
    result: Optional[TResult] = func()
  File "/workdir/dohq-artifactory-0.8.4/.tox/cpythonlibtest-unit-test-tests/lib/python3.10/site-packages/_pytest/runner.py", line 262, in &lt;lambda&gt;
    lambda: ihook(item=item, **kwds), when=when, reraise=reraise
  File "/workdir/dohq-artifactory-0.8.4/.tox/cpythonlibtest-unit-test-tests/lib/python3.10/site-packages/pluggy/_hooks.py", line 493, in __call__
    return self._hookexec(self.name, self._hookimpls, kwargs, firstresult)
  File "/workdir/dohq-artifactory-0.8.4/.tox/cpythonlibtest-unit-test-tests/lib/python3.10/site-packages/pluggy/_manager.py", line 115, in _hookexec
    return self._inner_hookexec(hook_name, methods, kwargs, firstresult)
  File "/workdir/dohq-artifactory-0.8.4/.tox/cpythonlibtest-unit-test-tests/lib/python3.10/site-packages/pluggy/_callers.py", line 152, in _multicall
    return outcome.get_result()
  File "/workdir/dohq-artifactory-0.8.4/.tox/cpythonlibtest-unit-test-tests/lib/python3.10/site-packages/pluggy/_result.py", line 114, in get_result
    raise exc.with_traceback(exc.__traceback__)
  File "/workdir/dohq-artifactory-0.8.4/.tox/cpythonlibtest-unit-test-tests/lib/python3.10/site-packages/pluggy/_callers.py", line 77, in _multicall
    res = hook_impl.function(*args)
  File "/workdir/dohq-artifactory-0.8.4/.tox/cpythonlibtest-unit-test-tests/lib/python3.10/site-packages/_pytest/runner.py", line 157, in pytest_runtest_setup
    item.session._setupstate.setup(item)
  File "/workdir/dohq-artifactory-0.8.4/.tox/cpythonlibtest-unit-test-tests/lib/python3.10/site-packages/_pytest/runner.py", line 497, in setup
    raise exc
  File "/workdir/dohq-artifactory-0.8.4/.tox/cpythonlibtest-unit-test-tests/lib/python3.10/site-packages/_pytest/runner.py", line 494, in setup
    col.setup()
  File "/workdir/dohq-artifactory-0.8.4/.tox/cpythonlibtest-unit-test-tests/lib/python3.10/site-packages/_pytest/python.py", line 1795, in setup
    self._request._fillfixtures()
  File "/workdir/dohq-artifactory-0.8.4/.tox/cpythonlibtest-unit-test-tests/lib/python3.10/site-packages/_pytest/fixtures.py", line 566, in _fillfixtures
    item.funcargs[argname] = self.getfixturevalue(argname)
  File "/workdir/dohq-artifactory-0.8.4/.tox/cpythonlibtest-unit-test-tests/lib/python3.10/site-packages/_pytest/fixtures.py", line 585, in getfixturevalue
    fixturedef = self._get_active_fixturedef(argname)
  File "/workdir/dohq-artifactory-0.8.4/.tox/cpythonlibtest-unit-test-tests/lib/python3.10/site-packages/_pytest/fixtures.py", line 607, in _get_active_fixturedef
    self._compute_fixture_value(fixturedef)
  File "/workdir/dohq-artifactory-0.8.4/.tox/cpythonlibtest-unit-test-tests/lib/python3.10/site-packages/_pytest/fixtures.py", line 693, in _compute_fixture_value
    fixturedef.execute(request=subrequest)
  File "/workdir/dohq-artifactory-0.8.4/.tox/cpythonlibtest-unit-test-tests/lib/python3.10/site-packages/_pytest/fixtures.py", line 1045, in execute
    fixturedef = request._get_active_fixturedef(argname)
  File "/workdir/dohq-artifactory-0.8.4/.tox/cpythonlibtest-unit-test-tests/lib/python3.10/site-packages/_pytest/fixtures.py", line 607, in _get_active_fixturedef
    self._compute_fixture_value(fixturedef)
  File "/workdir/dohq-artifactory-0.8.4/.tox/cpythonlibtest-unit-test-tests/lib/python3.10/site-packages/_pytest/fixtures.py", line 693, in _compute_fixture_value
    fixturedef.execute(request=subrequest)
  File "/workdir/dohq-artifactory-0.8.4/.tox/cpythonlibtest-unit-test-tests/lib/python3.10/site-packages/_pytest/fixtures.py", line 1069, in execute
    result = ihook.pytest_fixture_setup(fixturedef=self, request=request)
  File "/workdir/dohq-artifactory-0.8.4/.tox/cpythonlibtest-unit-test-tests/lib/python3.10/site-packages/pluggy/_hooks.py", line 493, in __call__
    return self._hookexec(self.name, self._hookimpls, kwargs, firstresult)
  File "/workdir/dohq-artifactory-0.8.4/.tox/cpythonlibtest-unit-test-tests/lib/python3.10/site-packages/pluggy/_manager.py", line 115, in _hookexec
    return self._inner_hookexec(hook_name, methods, kwargs, firstresult)
  File "/workdir/dohq-artifactory-0.8.4/.tox/cpythonlibtest-unit-test-tests/lib/python3.10/site-packages/pluggy/_callers.py", line 152, in _multicall
    return outcome.get_result()
  File "/workdir/dohq-artifactory-0.8.4/.tox/cpythonlibtest-unit-test-tests/lib/python3.10/site-packages/pluggy/_result.py", line 114, in get_result
    raise exc.with_traceback(exc.__traceback__)
  File "/workdir/dohq-artifactory-0.8.4/.tox/cpythonlibtest-unit-test-tests/lib/python3.10/site-packages/pluggy/_callers.py", line 77, in _multicall
    res = hook_impl.function(*args)
  File "/workdir/dohq-artifactory-0.8.4/.tox/cpythonlibtest-unit-test-tests/lib/python3.10/site-packages/_pytest/fixtures.py", line 1123, in pytest_fixture_setup
    result = call_fixture_func(fixturefunc, request, kwargs)
  File "/workdir/dohq-artifactory-0.8.4/.tox/cpythonlibtest-unit-test-tests/lib/python3.10/site-packages/_pytest/fixtures.py", line 895, in call_fixture_func
    fixture_result = next(generator)
  File "/workdir/dohq-artifactory-0.8.4/tests/conftest.py", line 123, in integration_artifactory_path_repo
    repo_ = artifactory.find_repository_local(name)
  File "/workdir/dohq-artifactory-0.8.4/.tox/cpythonlibtest-unit-test-tests/lib/python3.10/site-packages/artifactory.py", line 2315, in find_repository_local
    if obj.read():
  File "/workdir/dohq-artifactory-0.8.4/.tox/cpythonlibtest-unit-test-tests/lib/python3.10/site-packages/dohq_artifactory/admin.py", line 139, in read
    r = self._session.get(request_url, auth=self._auth)
  File "/workdir/dohq-artifactory-0.8.4/.tox/cpythonlibtest-unit-test-tests/lib/python3.10/site-packages/requests/sessions.py", line 602, in get
    return self.request("GET", url, **kwargs)
  File "/workdir/dohq-artifactory-0.8.4/.tox/cpythonlibtest-unit-test-tests/lib/python3.10/site-packages/requests/sessions.py", line 589, in request
    resp = self.send(prep, **send_kwargs)
  File "/workdir/dohq-artifactory-0.8.4/.tox/cpythonlibtest-unit-test-tests/lib/python3.10/site-packages/requests/sessions.py", line 703, in send
    r = adapter.send(request, **kwargs)
  File "/workdir/dohq-artifactory-0.8.4/.tox/cpythonlibtest-unit-test-tests/lib/python3.10/site-packages/requests/adapters.py", line 519, in send
    raise ConnectionError(e, request=request)
requests.exceptions.ConnectionError: HTTPConnectionPool(host='localhost', port=8081): Max retries exceeded with url: /artifactory/api/repositories/integration-artifactory-path-repo (Caused by NewConnectionError('&lt;urllib3.connection.HTTPConnection object at 0x7fd9ef4f3520&gt;: Failed to establish a new connection: [Errno 111] Connection refused'))</error></testcase><testcase classname="tests.integration.test_integration_artifactory_path" name="test_deploy_file_by_checksum" time="0.004"><error message="failed on setup with &quot;requests.exceptions.ConnectionError: HTTPConnectionPool(host='localhost', port=8081): Max retries exceeded with url: /artifactory/api/repositories/integration-artifactory-path-repo (Caused by NewConnectionError('&lt;urllib3.connection.HTTPConnection object at 0x7fd9ef4f0880&gt;: Failed to establish a new connection: [Errno 111] Connection refused'))&quot;">Traceback (most recent call last):
  File "/workdir/dohq-artifactory-0.8.4/.tox/cpythonlibtest-unit-test-tests/lib/python3.10/site-packages/urllib3/connection.py", line 203, in _new_conn
    sock = connection.create_connection(
  File "/workdir/dohq-artifactory-0.8.4/.tox/cpythonlibtest-unit-test-tests/lib/python3.10/site-packages/urllib3/util/connection.py", line 85, in create_connection
    raise err
  File "/workdir/dohq-artifactory-0.8.4/.tox/cpythonlibtest-unit-test-tests/lib/python3.10/site-packages/urllib3/util/connection.py", line 73, in create_connection
    sock.connect(sa)
ConnectionRefusedError: [Errno 111] Connection refused

The above exception was the direct cause of the following exception:

Traceback (most recent call last):
  File "/workdir/dohq-artifactory-0.8.4/.tox/cpythonlibtest-unit-test-tests/lib/python3.10/site-packages/urllib3/connectionpool.py", line 790, in urlopen
    response = self._make_request(
  File "/workdir/dohq-artifactory-0.8.4/.tox/cpythonlibtest-unit-test-tests/lib/python3.10/site-packages/urllib3/connectionpool.py", line 496, in _make_request
    conn.request(
  File "/workdir/dohq-artifactory-0.8.4/.tox/cpythonlibtest-unit-test-tests/lib/python3.10/site-packages/urllib3/connection.py", line 395, in request
    self.endheaders()
  File "/usr/local/lib/python3.10/http/client.py", line 1277, in endheaders
    self._send_output(message_body, encode_chunked=encode_chunked)
  File "/usr/local/lib/python3.10/http/client.py", line 1037, in _send_output
    self.send(msg)
  File "/usr/local/lib/python3.10/http/client.py", line 975, in send
    self.connect()
  File "/workdir/dohq-artifactory-0.8.4/.tox/cpythonlibtest-unit-test-tests/lib/python3.10/site-packages/urllib3/connection.py", line 243, in connect
    self.sock = self._new_conn()
  File "/workdir/dohq-artifactory-0.8.4/.tox/cpythonlibtest-unit-test-tests/lib/python3.10/site-packages/urllib3/connection.py", line 218, in _new_conn
    raise NewConnectionError(
urllib3.exceptions.NewConnectionError: &lt;urllib3.connection.HTTPConnection object at 0x7fd9ef4f0880&gt;: Failed to establish a new connection: [Errno 111] Connection refused

The above exception was the direct cause of the following exception:

Traceback (most recent call last):
  File "/workdir/dohq-artifactory-0.8.4/.tox/cpythonlibtest-unit-test-tests/lib/python3.10/site-packages/requests/adapters.py", line 486, in send
    resp = conn.urlopen(
  File "/workdir/dohq-artifactory-0.8.4/.tox/cpythonlibtest-unit-test-tests/lib/python3.10/site-packages/urllib3/connectionpool.py", line 844, in urlopen
    retries = retries.increment(
  File "/workdir/dohq-artifactory-0.8.4/.tox/cpythonlibtest-unit-test-tests/lib/python3.10/site-packages/urllib3/util/retry.py", line 515, in increment
    raise MaxRetryError(_pool, url, reason) from reason  # type: ignore[arg-type]
urllib3.exceptions.MaxRetryError: HTTPConnectionPool(host='localhost', port=8081): Max retries exceeded with url: /artifactory/api/repositories/integration-artifactory-path-repo (Caused by NewConnectionError('&lt;urllib3.connection.HTTPConnection object at 0x7fd9ef4f0880&gt;: Failed to establish a new connection: [Errno 111] Connection refused'))

During handling of the above exception, another exception occurred:

Traceback (most recent call last):
  File "/workdir/dohq-artifactory-0.8.4/.tox/cpythonlibtest-unit-test-tests/lib/python3.10/site-packages/_pytest/runner.py", line 341, in from_call
    result: Optional[TResult] = func()
  File "/workdir/dohq-artifactory-0.8.4/.tox/cpythonlibtest-unit-test-tests/lib/python3.10/site-packages/_pytest/runner.py", line 262, in &lt;lambda&gt;
    lambda: ihook(item=item, **kwds), when=when, reraise=reraise
  File "/workdir/dohq-artifactory-0.8.4/.tox/cpythonlibtest-unit-test-tests/lib/python3.10/site-packages/pluggy/_hooks.py", line 493, in __call__
    return self._hookexec(self.name, self._hookimpls, kwargs, firstresult)
  File "/workdir/dohq-artifactory-0.8.4/.tox/cpythonlibtest-unit-test-tests/lib/python3.10/site-packages/pluggy/_manager.py", line 115, in _hookexec
    return self._inner_hookexec(hook_name, methods, kwargs, firstresult)
  File "/workdir/dohq-artifactory-0.8.4/.tox/cpythonlibtest-unit-test-tests/lib/python3.10/site-packages/pluggy/_callers.py", line 152, in _multicall
    return outcome.get_result()
  File "/workdir/dohq-artifactory-0.8.4/.tox/cpythonlibtest-unit-test-tests/lib/python3.10/site-packages/pluggy/_result.py", line 114, in get_result
    raise exc.with_traceback(exc.__traceback__)
  File "/workdir/dohq-artifactory-0.8.4/.tox/cpythonlibtest-unit-test-tests/lib/python3.10/site-packages/pluggy/_callers.py", line 77, in _multicall
    res = hook_impl.function(*args)
  File "/workdir/dohq-artifactory-0.8.4/.tox/cpythonlibtest-unit-test-tests/lib/python3.10/site-packages/_pytest/runner.py", line 157, in pytest_runtest_setup
    item.session._setupstate.setup(item)
  File "/workdir/dohq-artifactory-0.8.4/.tox/cpythonlibtest-unit-test-tests/lib/python3.10/site-packages/_pytest/runner.py", line 497, in setup
    raise exc
  File "/workdir/dohq-artifactory-0.8.4/.tox/cpythonlibtest-unit-test-tests/lib/python3.10/site-packages/_pytest/runner.py", line 494, in setup
    col.setup()
  File "/workdir/dohq-artifactory-0.8.4/.tox/cpythonlibtest-unit-test-tests/lib/python3.10/site-packages/_pytest/python.py", line 1795, in setup
    self._request._fillfixtures()
  File "/workdir/dohq-artifactory-0.8.4/.tox/cpythonlibtest-unit-test-tests/lib/python3.10/site-packages/_pytest/fixtures.py", line 566, in _fillfixtures
    item.funcargs[argname] = self.getfixturevalue(argname)
  File "/workdir/dohq-artifactory-0.8.4/.tox/cpythonlibtest-unit-test-tests/lib/python3.10/site-packages/_pytest/fixtures.py", line 585, in getfixturevalue
    fixturedef = self._get_active_fixturedef(argname)
  File "/workdir/dohq-artifactory-0.8.4/.tox/cpythonlibtest-unit-test-tests/lib/python3.10/site-packages/_pytest/fixtures.py", line 607, in _get_active_fixturedef
    self._compute_fixture_value(fixturedef)
  File "/workdir/dohq-artifactory-0.8.4/.tox/cpythonlibtest-unit-test-tests/lib/python3.10/site-packages/_pytest/fixtures.py", line 693, in _compute_fixture_value
    fixturedef.execute(request=subrequest)
  File "/workdir/dohq-artifactory-0.8.4/.tox/cpythonlibtest-unit-test-tests/lib/python3.10/site-packages/_pytest/fixtures.py", line 1045, in execute
    fixturedef = request._get_active_fixturedef(argname)
  File "/workdir/dohq-artifactory-0.8.4/.tox/cpythonlibtest-unit-test-tests/lib/python3.10/site-packages/_pytest/fixtures.py", line 607, in _get_active_fixturedef
    self._compute_fixture_value(fixturedef)
  File "/workdir/dohq-artifactory-0.8.4/.tox/cpythonlibtest-unit-test-tests/lib/python3.10/site-packages/_pytest/fixtures.py", line 693, in _compute_fixture_value
    fixturedef.execute(request=subrequest)
  File "/workdir/dohq-artifactory-0.8.4/.tox/cpythonlibtest-unit-test-tests/lib/python3.10/site-packages/_pytest/fixtures.py", line 1069, in execute
    result = ihook.pytest_fixture_setup(fixturedef=self, request=request)
  File "/workdir/dohq-artifactory-0.8.4/.tox/cpythonlibtest-unit-test-tests/lib/python3.10/site-packages/pluggy/_hooks.py", line 493, in __call__
    return self._hookexec(self.name, self._hookimpls, kwargs, firstresult)
  File "/workdir/dohq-artifactory-0.8.4/.tox/cpythonlibtest-unit-test-tests/lib/python3.10/site-packages/pluggy/_manager.py", line 115, in _hookexec
    return self._inner_hookexec(hook_name, methods, kwargs, firstresult)
  File "/workdir/dohq-artifactory-0.8.4/.tox/cpythonlibtest-unit-test-tests/lib/python3.10/site-packages/pluggy/_callers.py", line 152, in _multicall
    return outcome.get_result()
  File "/workdir/dohq-artifactory-0.8.4/.tox/cpythonlibtest-unit-test-tests/lib/python3.10/site-packages/pluggy/_result.py", line 114, in get_result
    raise exc.with_traceback(exc.__traceback__)
  File "/workdir/dohq-artifactory-0.8.4/.tox/cpythonlibtest-unit-test-tests/lib/python3.10/site-packages/pluggy/_callers.py", line 77, in _multicall
    res = hook_impl.function(*args)
  File "/workdir/dohq-artifactory-0.8.4/.tox/cpythonlibtest-unit-test-tests/lib/python3.10/site-packages/_pytest/fixtures.py", line 1123, in pytest_fixture_setup
    result = call_fixture_func(fixturefunc, request, kwargs)
  File "/workdir/dohq-artifactory-0.8.4/.tox/cpythonlibtest-unit-test-tests/lib/python3.10/site-packages/_pytest/fixtures.py", line 895, in call_fixture_func
    fixture_result = next(generator)
  File "/workdir/dohq-artifactory-0.8.4/tests/conftest.py", line 123, in integration_artifactory_path_repo
    repo_ = artifactory.find_repository_local(name)
  File "/workdir/dohq-artifactory-0.8.4/.tox/cpythonlibtest-unit-test-tests/lib/python3.10/site-packages/artifactory.py", line 2315, in find_repository_local
    if obj.read():
  File "/workdir/dohq-artifactory-0.8.4/.tox/cpythonlibtest-unit-test-tests/lib/python3.10/site-packages/dohq_artifactory/admin.py", line 139, in read
    r = self._session.get(request_url, auth=self._auth)
  File "/workdir/dohq-artifactory-0.8.4/.tox/cpythonlibtest-unit-test-tests/lib/python3.10/site-packages/requests/sessions.py", line 602, in get
    return self.request("GET", url, **kwargs)
  File "/workdir/dohq-artifactory-0.8.4/.tox/cpythonlibtest-unit-test-tests/lib/python3.10/site-packages/requests/sessions.py", line 589, in request
    resp = self.send(prep, **send_kwargs)
  File "/workdir/dohq-artifactory-0.8.4/.tox/cpythonlibtest-unit-test-tests/lib/python3.10/site-packages/requests/sessions.py", line 703, in send
    r = adapter.send(request, **kwargs)
  File "/workdir/dohq-artifactory-0.8.4/.tox/cpythonlibtest-unit-test-tests/lib/python3.10/site-packages/requests/adapters.py", line 519, in send
    raise ConnectionError(e, request=request)
requests.exceptions.ConnectionError: HTTPConnectionPool(host='localhost', port=8081): Max retries exceeded with url: /artifactory/api/repositories/integration-artifactory-path-repo (Caused by NewConnectionError('&lt;urllib3.connection.HTTPConnection object at 0x7fd9ef4f0880&gt;: Failed to establish a new connection: [Errno 111] Connection refused'))</error></testcase><testcase classname="tests.integration.test_integration_artifactory_path" name="test_open" time="0.004"><error message="failed on setup with &quot;requests.exceptions.ConnectionError: HTTPConnectionPool(host='localhost', port=8081): Max retries exceeded with url: /artifactory/api/repositories/integration-artifactory-path-repo (Caused by NewConnectionError('&lt;urllib3.connection.HTTPConnection object at 0x7fd9ef4f2230&gt;: Failed to establish a new connection: [Errno 111] Connection refused'))&quot;">Traceback (most recent call last):
  File "/workdir/dohq-artifactory-0.8.4/.tox/cpythonlibtest-unit-test-tests/lib/python3.10/site-packages/urllib3/connection.py", line 203, in _new_conn
    sock = connection.create_connection(
  File "/workdir/dohq-artifactory-0.8.4/.tox/cpythonlibtest-unit-test-tests/lib/python3.10/site-packages/urllib3/util/connection.py", line 85, in create_connection
    raise err
  File "/workdir/dohq-artifactory-0.8.4/.tox/cpythonlibtest-unit-test-tests/lib/python3.10/site-packages/urllib3/util/connection.py", line 73, in create_connection
    sock.connect(sa)
ConnectionRefusedError: [Errno 111] Connection refused

The above exception was the direct cause of the following exception:

Traceback (most recent call last):
  File "/workdir/dohq-artifactory-0.8.4/.tox/cpythonlibtest-unit-test-tests/lib/python3.10/site-packages/urllib3/connectionpool.py", line 790, in urlopen
    response = self._make_request(
  File "/workdir/dohq-artifactory-0.8.4/.tox/cpythonlibtest-unit-test-tests/lib/python3.10/site-packages/urllib3/connectionpool.py", line 496, in _make_request
    conn.request(
  File "/workdir/dohq-artifactory-0.8.4/.tox/cpythonlibtest-unit-test-tests/lib/python3.10/site-packages/urllib3/connection.py", line 395, in request
    self.endheaders()
  File "/usr/local/lib/python3.10/http/client.py", line 1277, in endheaders
    self._send_output(message_body, encode_chunked=encode_chunked)
  File "/usr/local/lib/python3.10/http/client.py", line 1037, in _send_output
    self.send(msg)
  File "/usr/local/lib/python3.10/http/client.py", line 975, in send
    self.connect()
  File "/workdir/dohq-artifactory-0.8.4/.tox/cpythonlibtest-unit-test-tests/lib/python3.10/site-packages/urllib3/connection.py", line 243, in connect
    self.sock = self._new_conn()
  File "/workdir/dohq-artifactory-0.8.4/.tox/cpythonlibtest-unit-test-tests/lib/python3.10/site-packages/urllib3/connection.py", line 218, in _new_conn
    raise NewConnectionError(
urllib3.exceptions.NewConnectionError: &lt;urllib3.connection.HTTPConnection object at 0x7fd9ef4f2230&gt;: Failed to establish a new connection: [Errno 111] Connection refused

The above exception was the direct cause of the following exception:

Traceback (most recent call last):
  File "/workdir/dohq-artifactory-0.8.4/.tox/cpythonlibtest-unit-test-tests/lib/python3.10/site-packages/requests/adapters.py", line 486, in send
    resp = conn.urlopen(
  File "/workdir/dohq-artifactory-0.8.4/.tox/cpythonlibtest-unit-test-tests/lib/python3.10/site-packages/urllib3/connectionpool.py", line 844, in urlopen
    retries = retries.increment(
  File "/workdir/dohq-artifactory-0.8.4/.tox/cpythonlibtest-unit-test-tests/lib/python3.10/site-packages/urllib3/util/retry.py", line 515, in increment
    raise MaxRetryError(_pool, url, reason) from reason  # type: ignore[arg-type]
urllib3.exceptions.MaxRetryError: HTTPConnectionPool(host='localhost', port=8081): Max retries exceeded with url: /artifactory/api/repositories/integration-artifactory-path-repo (Caused by NewConnectionError('&lt;urllib3.connection.HTTPConnection object at 0x7fd9ef4f2230&gt;: Failed to establish a new connection: [Errno 111] Connection refused'))

During handling of the above exception, another exception occurred:

Traceback (most recent call last):
  File "/workdir/dohq-artifactory-0.8.4/.tox/cpythonlibtest-unit-test-tests/lib/python3.10/site-packages/_pytest/runner.py", line 341, in from_call
    result: Optional[TResult] = func()
  File "/workdir/dohq-artifactory-0.8.4/.tox/cpythonlibtest-unit-test-tests/lib/python3.10/site-packages/_pytest/runner.py", line 262, in &lt;lambda&gt;
    lambda: ihook(item=item, **kwds), when=when, reraise=reraise
  File "/workdir/dohq-artifactory-0.8.4/.tox/cpythonlibtest-unit-test-tests/lib/python3.10/site-packages/pluggy/_hooks.py", line 493, in __call__
    return self._hookexec(self.name, self._hookimpls, kwargs, firstresult)
  File "/workdir/dohq-artifactory-0.8.4/.tox/cpythonlibtest-unit-test-tests/lib/python3.10/site-packages/pluggy/_manager.py", line 115, in _hookexec
    return self._inner_hookexec(hook_name, methods, kwargs, firstresult)
  File "/workdir/dohq-artifactory-0.8.4/.tox/cpythonlibtest-unit-test-tests/lib/python3.10/site-packages/pluggy/_callers.py", line 152, in _multicall
    return outcome.get_result()
  File "/workdir/dohq-artifactory-0.8.4/.tox/cpythonlibtest-unit-test-tests/lib/python3.10/site-packages/pluggy/_result.py", line 114, in get_result
    raise exc.with_traceback(exc.__traceback__)
  File "/workdir/dohq-artifactory-0.8.4/.tox/cpythonlibtest-unit-test-tests/lib/python3.10/site-packages/pluggy/_callers.py", line 77, in _multicall
    res = hook_impl.function(*args)
  File "/workdir/dohq-artifactory-0.8.4/.tox/cpythonlibtest-unit-test-tests/lib/python3.10/site-packages/_pytest/runner.py", line 157, in pytest_runtest_setup
    item.session._setupstate.setup(item)
  File "/workdir/dohq-artifactory-0.8.4/.tox/cpythonlibtest-unit-test-tests/lib/python3.10/site-packages/_pytest/runner.py", line 497, in setup
    raise exc
  File "/workdir/dohq-artifactory-0.8.4/.tox/cpythonlibtest-unit-test-tests/lib/python3.10/site-packages/_pytest/runner.py", line 494, in setup
    col.setup()
  File "/workdir/dohq-artifactory-0.8.4/.tox/cpythonlibtest-unit-test-tests/lib/python3.10/site-packages/_pytest/python.py", line 1795, in setup
    self._request._fillfixtures()
  File "/workdir/dohq-artifactory-0.8.4/.tox/cpythonlibtest-unit-test-tests/lib/python3.10/site-packages/_pytest/fixtures.py", line 566, in _fillfixtures
    item.funcargs[argname] = self.getfixturevalue(argname)
  File "/workdir/dohq-artifactory-0.8.4/.tox/cpythonlibtest-unit-test-tests/lib/python3.10/site-packages/_pytest/fixtures.py", line 585, in getfixturevalue
    fixturedef = self._get_active_fixturedef(argname)
  File "/workdir/dohq-artifactory-0.8.4/.tox/cpythonlibtest-unit-test-tests/lib/python3.10/site-packages/_pytest/fixtures.py", line 607, in _get_active_fixturedef
    self._compute_fixture_value(fixturedef)
  File "/workdir/dohq-artifactory-0.8.4/.tox/cpythonlibtest-unit-test-tests/lib/python3.10/site-packages/_pytest/fixtures.py", line 693, in _compute_fixture_value
    fixturedef.execute(request=subrequest)
  File "/workdir/dohq-artifactory-0.8.4/.tox/cpythonlibtest-unit-test-tests/lib/python3.10/site-packages/_pytest/fixtures.py", line 1045, in execute
    fixturedef = request._get_active_fixturedef(argname)
  File "/workdir/dohq-artifactory-0.8.4/.tox/cpythonlibtest-unit-test-tests/lib/python3.10/site-packages/_pytest/fixtures.py", line 607, in _get_active_fixturedef
    self._compute_fixture_value(fixturedef)
  File "/workdir/dohq-artifactory-0.8.4/.tox/cpythonlibtest-unit-test-tests/lib/python3.10/site-packages/_pytest/fixtures.py", line 693, in _compute_fixture_value
    fixturedef.execute(request=subrequest)
  File "/workdir/dohq-artifactory-0.8.4/.tox/cpythonlibtest-unit-test-tests/lib/python3.10/site-packages/_pytest/fixtures.py", line 1069, in execute
    result = ihook.pytest_fixture_setup(fixturedef=self, request=request)
  File "/workdir/dohq-artifactory-0.8.4/.tox/cpythonlibtest-unit-test-tests/lib/python3.10/site-packages/pluggy/_hooks.py", line 493, in __call__
    return self._hookexec(self.name, self._hookimpls, kwargs, firstresult)
  File "/workdir/dohq-artifactory-0.8.4/.tox/cpythonlibtest-unit-test-tests/lib/python3.10/site-packages/pluggy/_manager.py", line 115, in _hookexec
    return self._inner_hookexec(hook_name, methods, kwargs, firstresult)
  File "/workdir/dohq-artifactory-0.8.4/.tox/cpythonlibtest-unit-test-tests/lib/python3.10/site-packages/pluggy/_callers.py", line 152, in _multicall
    return outcome.get_result()
  File "/workdir/dohq-artifactory-0.8.4/.tox/cpythonlibtest-unit-test-tests/lib/python3.10/site-packages/pluggy/_result.py", line 114, in get_result
    raise exc.with_traceback(exc.__traceback__)
  File "/workdir/dohq-artifactory-0.8.4/.tox/cpythonlibtest-unit-test-tests/lib/python3.10/site-packages/pluggy/_callers.py", line 77, in _multicall
    res = hook_impl.function(*args)
  File "/workdir/dohq-artifactory-0.8.4/.tox/cpythonlibtest-unit-test-tests/lib/python3.10/site-packages/_pytest/fixtures.py", line 1123, in pytest_fixture_setup
    result = call_fixture_func(fixturefunc, request, kwargs)
  File "/workdir/dohq-artifactory-0.8.4/.tox/cpythonlibtest-unit-test-tests/lib/python3.10/site-packages/_pytest/fixtures.py", line 895, in call_fixture_func
    fixture_result = next(generator)
  File "/workdir/dohq-artifactory-0.8.4/tests/conftest.py", line 123, in integration_artifactory_path_repo
    repo_ = artifactory.find_repository_local(name)
  File "/workdir/dohq-artifactory-0.8.4/.tox/cpythonlibtest-unit-test-tests/lib/python3.10/site-packages/artifactory.py", line 2315, in find_repository_local
    if obj.read():
  File "/workdir/dohq-artifactory-0.8.4/.tox/cpythonlibtest-unit-test-tests/lib/python3.10/site-packages/dohq_artifactory/admin.py", line 139, in read
    r = self._session.get(request_url, auth=self._auth)
  File "/workdir/dohq-artifactory-0.8.4/.tox/cpythonlibtest-unit-test-tests/lib/python3.10/site-packages/requests/sessions.py", line 602, in get
    return self.request("GET", url, **kwargs)
  File "/workdir/dohq-artifactory-0.8.4/.tox/cpythonlibtest-unit-test-tests/lib/python3.10/site-packages/requests/sessions.py", line 589, in request
    resp = self.send(prep, **send_kwargs)
  File "/workdir/dohq-artifactory-0.8.4/.tox/cpythonlibtest-unit-test-tests/lib/python3.10/site-packages/requests/sessions.py", line 703, in send
    r = adapter.send(request, **kwargs)
  File "/workdir/dohq-artifactory-0.8.4/.tox/cpythonlibtest-unit-test-tests/lib/python3.10/site-packages/requests/adapters.py", line 519, in send
    raise ConnectionError(e, request=request)
requests.exceptions.ConnectionError: HTTPConnectionPool(host='localhost', port=8081): Max retries exceeded with url: /artifactory/api/repositories/integration-artifactory-path-repo (Caused by NewConnectionError('&lt;urllib3.connection.HTTPConnection object at 0x7fd9ef4f2230&gt;: Failed to establish a new connection: [Errno 111] Connection refused'))</error></testcase><testcase classname="tests.integration.test_integration_artifactory_path" name="test_read_and_write" time="0.003"><error message="failed on setup with &quot;requests.exceptions.ConnectionError: HTTPConnectionPool(host='localhost', port=8081): Max retries exceeded with url: /artifactory/api/repositories/integration-artifactory-path-repo (Caused by NewConnectionError('&lt;urllib3.connection.HTTPConnection object at 0x7fd9ef4f0f40&gt;: Failed to establish a new connection: [Errno 111] Connection refused'))&quot;">Traceback (most recent call last):
  File "/workdir/dohq-artifactory-0.8.4/.tox/cpythonlibtest-unit-test-tests/lib/python3.10/site-packages/urllib3/connection.py", line 203, in _new_conn
    sock = connection.create_connection(
  File "/workdir/dohq-artifactory-0.8.4/.tox/cpythonlibtest-unit-test-tests/lib/python3.10/site-packages/urllib3/util/connection.py", line 85, in create_connection
    raise err
  File "/workdir/dohq-artifactory-0.8.4/.tox/cpythonlibtest-unit-test-tests/lib/python3.10/site-packages/urllib3/util/connection.py", line 73, in create_connection
    sock.connect(sa)
ConnectionRefusedError: [Errno 111] Connection refused

The above exception was the direct cause of the following exception:

Traceback (most recent call last):
  File "/workdir/dohq-artifactory-0.8.4/.tox/cpythonlibtest-unit-test-tests/lib/python3.10/site-packages/urllib3/connectionpool.py", line 790, in urlopen
    response = self._make_request(
  File "/workdir/dohq-artifactory-0.8.4/.tox/cpythonlibtest-unit-test-tests/lib/python3.10/site-packages/urllib3/connectionpool.py", line 496, in _make_request
    conn.request(
  File "/workdir/dohq-artifactory-0.8.4/.tox/cpythonlibtest-unit-test-tests/lib/python3.10/site-packages/urllib3/connection.py", line 395, in request
    self.endheaders()
  File "/usr/local/lib/python3.10/http/client.py", line 1277, in endheaders
    self._send_output(message_body, encode_chunked=encode_chunked)
  File "/usr/local/lib/python3.10/http/client.py", line 1037, in _send_output
    self.send(msg)
  File "/usr/local/lib/python3.10/http/client.py", line 975, in send
    self.connect()
  File "/workdir/dohq-artifactory-0.8.4/.tox/cpythonlibtest-unit-test-tests/lib/python3.10/site-packages/urllib3/connection.py", line 243, in connect
    self.sock = self._new_conn()
  File "/workdir/dohq-artifactory-0.8.4/.tox/cpythonlibtest-unit-test-tests/lib/python3.10/site-packages/urllib3/connection.py", line 218, in _new_conn
    raise NewConnectionError(
urllib3.exceptions.NewConnectionError: &lt;urllib3.connection.HTTPConnection object at 0x7fd9ef4f0f40&gt;: Failed to establish a new connection: [Errno 111] Connection refused

The above exception was the direct cause of the following exception:

Traceback (most recent call last):
  File "/workdir/dohq-artifactory-0.8.4/.tox/cpythonlibtest-unit-test-tests/lib/python3.10/site-packages/requests/adapters.py", line 486, in send
    resp = conn.urlopen(
  File "/workdir/dohq-artifactory-0.8.4/.tox/cpythonlibtest-unit-test-tests/lib/python3.10/site-packages/urllib3/connectionpool.py", line 844, in urlopen
    retries = retries.increment(
  File "/workdir/dohq-artifactory-0.8.4/.tox/cpythonlibtest-unit-test-tests/lib/python3.10/site-packages/urllib3/util/retry.py", line 515, in increment
    raise MaxRetryError(_pool, url, reason) from reason  # type: ignore[arg-type]
urllib3.exceptions.MaxRetryError: HTTPConnectionPool(host='localhost', port=8081): Max retries exceeded with url: /artifactory/api/repositories/integration-artifactory-path-repo (Caused by NewConnectionError('&lt;urllib3.connection.HTTPConnection object at 0x7fd9ef4f0f40&gt;: Failed to establish a new connection: [Errno 111] Connection refused'))

During handling of the above exception, another exception occurred:

Traceback (most recent call last):
  File "/workdir/dohq-artifactory-0.8.4/.tox/cpythonlibtest-unit-test-tests/lib/python3.10/site-packages/_pytest/runner.py", line 341, in from_call
    result: Optional[TResult] = func()
  File "/workdir/dohq-artifactory-0.8.4/.tox/cpythonlibtest-unit-test-tests/lib/python3.10/site-packages/_pytest/runner.py", line 262, in &lt;lambda&gt;
    lambda: ihook(item=item, **kwds), when=when, reraise=reraise
  File "/workdir/dohq-artifactory-0.8.4/.tox/cpythonlibtest-unit-test-tests/lib/python3.10/site-packages/pluggy/_hooks.py", line 493, in __call__
    return self._hookexec(self.name, self._hookimpls, kwargs, firstresult)
  File "/workdir/dohq-artifactory-0.8.4/.tox/cpythonlibtest-unit-test-tests/lib/python3.10/site-packages/pluggy/_manager.py", line 115, in _hookexec
    return self._inner_hookexec(hook_name, methods, kwargs, firstresult)
  File "/workdir/dohq-artifactory-0.8.4/.tox/cpythonlibtest-unit-test-tests/lib/python3.10/site-packages/pluggy/_callers.py", line 152, in _multicall
    return outcome.get_result()
  File "/workdir/dohq-artifactory-0.8.4/.tox/cpythonlibtest-unit-test-tests/lib/python3.10/site-packages/pluggy/_result.py", line 114, in get_result
    raise exc.with_traceback(exc.__traceback__)
  File "/workdir/dohq-artifactory-0.8.4/.tox/cpythonlibtest-unit-test-tests/lib/python3.10/site-packages/pluggy/_callers.py", line 77, in _multicall
    res = hook_impl.function(*args)
  File "/workdir/dohq-artifactory-0.8.4/.tox/cpythonlibtest-unit-test-tests/lib/python3.10/site-packages/_pytest/runner.py", line 157, in pytest_runtest_setup
    item.session._setupstate.setup(item)
  File "/workdir/dohq-artifactory-0.8.4/.tox/cpythonlibtest-unit-test-tests/lib/python3.10/site-packages/_pytest/runner.py", line 497, in setup
    raise exc
  File "/workdir/dohq-artifactory-0.8.4/.tox/cpythonlibtest-unit-test-tests/lib/python3.10/site-packages/_pytest/runner.py", line 494, in setup
    col.setup()
  File "/workdir/dohq-artifactory-0.8.4/.tox/cpythonlibtest-unit-test-tests/lib/python3.10/site-packages/_pytest/python.py", line 1795, in setup
    self._request._fillfixtures()
  File "/workdir/dohq-artifactory-0.8.4/.tox/cpythonlibtest-unit-test-tests/lib/python3.10/site-packages/_pytest/fixtures.py", line 566, in _fillfixtures
    item.funcargs[argname] = self.getfixturevalue(argname)
  File "/workdir/dohq-artifactory-0.8.4/.tox/cpythonlibtest-unit-test-tests/lib/python3.10/site-packages/_pytest/fixtures.py", line 585, in getfixturevalue
    fixturedef = self._get_active_fixturedef(argname)
  File "/workdir/dohq-artifactory-0.8.4/.tox/cpythonlibtest-unit-test-tests/lib/python3.10/site-packages/_pytest/fixtures.py", line 607, in _get_active_fixturedef
    self._compute_fixture_value(fixturedef)
  File "/workdir/dohq-artifactory-0.8.4/.tox/cpythonlibtest-unit-test-tests/lib/python3.10/site-packages/_pytest/fixtures.py", line 693, in _compute_fixture_value
    fixturedef.execute(request=subrequest)
  File "/workdir/dohq-artifactory-0.8.4/.tox/cpythonlibtest-unit-test-tests/lib/python3.10/site-packages/_pytest/fixtures.py", line 1045, in execute
    fixturedef = request._get_active_fixturedef(argname)
  File "/workdir/dohq-artifactory-0.8.4/.tox/cpythonlibtest-unit-test-tests/lib/python3.10/site-packages/_pytest/fixtures.py", line 607, in _get_active_fixturedef
    self._compute_fixture_value(fixturedef)
  File "/workdir/dohq-artifactory-0.8.4/.tox/cpythonlibtest-unit-test-tests/lib/python3.10/site-packages/_pytest/fixtures.py", line 693, in _compute_fixture_value
    fixturedef.execute(request=subrequest)
  File "/workdir/dohq-artifactory-0.8.4/.tox/cpythonlibtest-unit-test-tests/lib/python3.10/site-packages/_pytest/fixtures.py", line 1069, in execute
    result = ihook.pytest_fixture_setup(fixturedef=self, request=request)
  File "/workdir/dohq-artifactory-0.8.4/.tox/cpythonlibtest-unit-test-tests/lib/python3.10/site-packages/pluggy/_hooks.py", line 493, in __call__
    return self._hookexec(self.name, self._hookimpls, kwargs, firstresult)
  File "/workdir/dohq-artifactory-0.8.4/.tox/cpythonlibtest-unit-test-tests/lib/python3.10/site-packages/pluggy/_manager.py", line 115, in _hookexec
    return self._inner_hookexec(hook_name, methods, kwargs, firstresult)
  File "/workdir/dohq-artifactory-0.8.4/.tox/cpythonlibtest-unit-test-tests/lib/python3.10/site-packages/pluggy/_callers.py", line 152, in _multicall
    return outcome.get_result()
  File "/workdir/dohq-artifactory-0.8.4/.tox/cpythonlibtest-unit-test-tests/lib/python3.10/site-packages/pluggy/_result.py", line 114, in get_result
    raise exc.with_traceback(exc.__traceback__)
  File "/workdir/dohq-artifactory-0.8.4/.tox/cpythonlibtest-unit-test-tests/lib/python3.10/site-packages/pluggy/_callers.py", line 77, in _multicall
    res = hook_impl.function(*args)
  File "/workdir/dohq-artifactory-0.8.4/.tox/cpythonlibtest-unit-test-tests/lib/python3.10/site-packages/_pytest/fixtures.py", line 1123, in pytest_fixture_setup
    result = call_fixture_func(fixturefunc, request, kwargs)
  File "/workdir/dohq-artifactory-0.8.4/.tox/cpythonlibtest-unit-test-tests/lib/python3.10/site-packages/_pytest/fixtures.py", line 895, in call_fixture_func
    fixture_result = next(generator)
  File "/workdir/dohq-artifactory-0.8.4/tests/conftest.py", line 123, in integration_artifactory_path_repo
    repo_ = artifactory.find_repository_local(name)
  File "/workdir/dohq-artifactory-0.8.4/.tox/cpythonlibtest-unit-test-tests/lib/python3.10/site-packages/artifactory.py", line 2315, in find_repository_local
    if obj.read():
  File "/workdir/dohq-artifactory-0.8.4/.tox/cpythonlibtest-unit-test-tests/lib/python3.10/site-packages/dohq_artifactory/admin.py", line 139, in read
    r = self._session.get(request_url, auth=self._auth)
  File "/workdir/dohq-artifactory-0.8.4/.tox/cpythonlibtest-unit-test-tests/lib/python3.10/site-packages/requests/sessions.py", line 602, in get
    return self.request("GET", url, **kwargs)
  File "/workdir/dohq-artifactory-0.8.4/.tox/cpythonlibtest-unit-test-tests/lib/python3.10/site-packages/requests/sessions.py", line 589, in request
    resp = self.send(prep, **send_kwargs)
  File "/workdir/dohq-artifactory-0.8.4/.tox/cpythonlibtest-unit-test-tests/lib/python3.10/site-packages/requests/sessions.py", line 703, in send
    r = adapter.send(request, **kwargs)
  File "/workdir/dohq-artifactory-0.8.4/.tox/cpythonlibtest-unit-test-tests/lib/python3.10/site-packages/requests/adapters.py", line 519, in send
    raise ConnectionError(e, request=request)
requests.exceptions.ConnectionError: HTTPConnectionPool(host='localhost', port=8081): Max retries exceeded with url: /artifactory/api/repositories/integration-artifactory-path-repo (Caused by NewConnectionError('&lt;urllib3.connection.HTTPConnection object at 0x7fd9ef4f0f40&gt;: Failed to establish a new connection: [Errno 111] Connection refused'))</error></testcase><testcase classname="tests.unit.test_artifactory_path.UtilTest" name="test_checksum" time="0.001" /><testcase classname="tests.unit.test_artifactory_path.UtilTest" name="test_escape_chars" time="0.002" /><testcase classname="tests.unit.test_artifactory_path.UtilTest" name="test_matrix_encode" time="0.002" /><testcase classname="tests.unit.test_artifactory_path.UtilTest" name="test_properties_encode" time="0.001" /><testcase classname="tests.unit.test_artifactory_path.UtilTest" name="test_properties_encode_multi" time="0.013" /><testcase classname="tests.unit.test_artifactory_path.ArtifactoryFlavorTest" name="test_parse_parts" time="0.004" /><testcase classname="tests.unit.test_artifactory_path.ArtifactoryFlavorTest" name="test_quote_url" time="0.007" /><testcase classname="tests.unit.test_artifactory_path.ArtifactoryFlavorTest" name="test_special_characters" time="0.004" /><testcase classname="tests.unit.test_artifactory_path.ArtifactoryFlavorTest" name="test_splitroot" time="0.002" /><testcase classname="tests.unit.test_artifactory_path.ArtifactoryFlavorTest" name="test_splitroot_custom_drv" time="0.002" /><testcase classname="tests.unit.test_artifactory_path.ArtifactoryFlavorTest" name="test_splitroot_custom_root" time="0.004" /><testcase classname="tests.unit.test_artifactory_path.PureArtifactoryPathTest" name="test_anchor" time="0.002" /><testcase classname="tests.unit.test_artifactory_path.PureArtifactoryPathTest" name="test_join_endswith_slash" time="0.001" /><testcase classname="tests.unit.test_artifactory_path.PureArtifactoryPathTest" name="test_join_endswithout_slash" time="0.001" /><testcase classname="tests.unit.test_artifactory_path.PureArtifactoryPathTest" name="test_join_with_artifactory_folder" time="0.001" /><testcase classname="tests.unit.test_artifactory_path.PureArtifactoryPathTest" name="test_join_with_multiple_folder_and_artifactory_substr_in_it" time="0.002" /><testcase classname="tests.unit.test_artifactory_path.PureArtifactoryPathTest" name="test_join_with_repo" time="0.002" /><testcase classname="tests.unit.test_artifactory_path.PureArtifactoryPathTest" name="test_join_with_repo_folder" time="0.005" /><testcase classname="tests.unit.test_artifactory_path.PureArtifactoryPathTest" name="test_root" time="0.004" /><testcase classname="tests.unit.test_artifactory_path.PureArtifactoryPathTest" name="test_with_suffix" time="0.007" /><testcase classname="tests.unit.test_artifactory_path.ArtifactoryAccessorTest" name="test_get_properties" time="0.005"><failure message="requests.exceptions.ChunkedEncodingError: ('Connection broken: IncompleteRead(236 bytes read, -236 more expected)', IncompleteRead(236 bytes read, -236 more expected))">Traceback (most recent call last):
  File "/workdir/dohq-artifactory-0.8.4/.tox/cpythonlibtest-unit-test-tests/lib/python3.10/site-packages/urllib3/response.py", line 712, in _error_catcher
    yield
  File "/workdir/dohq-artifactory-0.8.4/.tox/cpythonlibtest-unit-test-tests/lib/python3.10/site-packages/urllib3/response.py", line 833, in _raw_read
    raise IncompleteRead(self._fp_bytes_read, self.length_remaining)
urllib3.exceptions.IncompleteRead: IncompleteRead(236 bytes read, -236 more expected)

The above exception was the direct cause of the following exception:

Traceback (most recent call last):
  File "/workdir/dohq-artifactory-0.8.4/.tox/cpythonlibtest-unit-test-tests/lib/python3.10/site-packages/requests/models.py", line 816, in generate
    yield from self.raw.stream(chunk_size, decode_content=True)
  File "/workdir/dohq-artifactory-0.8.4/.tox/cpythonlibtest-unit-test-tests/lib/python3.10/site-packages/urllib3/response.py", line 934, in stream
    data = self.read(amt=amt, decode_content=decode_content)
  File "/workdir/dohq-artifactory-0.8.4/.tox/cpythonlibtest-unit-test-tests/lib/python3.10/site-packages/urllib3/response.py", line 905, in read
    data = self._raw_read(amt)
  File "/workdir/dohq-artifactory-0.8.4/.tox/cpythonlibtest-unit-test-tests/lib/python3.10/site-packages/urllib3/response.py", line 811, in _raw_read
    with self._error_catcher():
  File "/usr/local/lib/python3.10/contextlib.py", line 153, in __exit__
    self.gen.throw(typ, value, traceback)
  File "/workdir/dohq-artifactory-0.8.4/.tox/cpythonlibtest-unit-test-tests/lib/python3.10/site-packages/urllib3/response.py", line 729, in _error_catcher
    raise ProtocolError(f"Connection broken: {e!r}", e) from e
urllib3.exceptions.ProtocolError: ('Connection broken: IncompleteRead(236 bytes read, -236 more expected)', IncompleteRead(236 bytes read, -236 more expected))

During handling of the above exception, another exception occurred:

Traceback (most recent call last):
  File "/usr/local/lib/python3.10/unittest/case.py", line 59, in testPartExecutor
    yield
  File "/usr/local/lib/python3.10/unittest/case.py", line 591, in run
    self._callTestMethod(testMethod)
  File "/usr/local/lib/python3.10/unittest/case.py", line 549, in _callTestMethod
    method()
  File "/workdir/dohq-artifactory-0.8.4/.tox/cpythonlibtest-unit-test-tests/lib/python3.10/site-packages/responses/__init__.py", line 232, in wrapper
    return func(*args, **kwargs)
  File "/workdir/dohq-artifactory-0.8.4/tests/unit/test_artifactory_path.py", line 682, in test_get_properties
    self.assertEqual(path.properties, properties)
  File "/workdir/dohq-artifactory-0.8.4/.tox/cpythonlibtest-unit-test-tests/lib/python3.10/site-packages/artifactory.py", line 2145, in properties
    return self._accessor.get_properties(self)
  File "/workdir/dohq-artifactory-0.8.4/.tox/cpythonlibtest-unit-test-tests/lib/python3.10/site-packages/artifactory.py", line 1286, in get_properties
    response = self.rest_get(
  File "/workdir/dohq-artifactory-0.8.4/.tox/cpythonlibtest-unit-test-tests/lib/python3.10/site-packages/artifactory.py", line 674, in rest_get
    response = session.get(
  File "/workdir/dohq-artifactory-0.8.4/.tox/cpythonlibtest-unit-test-tests/lib/python3.10/site-packages/requests/sessions.py", line 602, in get
    return self.request("GET", url, **kwargs)
  File "/workdir/dohq-artifactory-0.8.4/.tox/cpythonlibtest-unit-test-tests/lib/python3.10/site-packages/requests/sessions.py", line 589, in request
    resp = self.send(prep, **send_kwargs)
  File "/workdir/dohq-artifactory-0.8.4/.tox/cpythonlibtest-unit-test-tests/lib/python3.10/site-packages/requests/sessions.py", line 747, in send
    r.content
  File "/workdir/dohq-artifactory-0.8.4/.tox/cpythonlibtest-unit-test-tests/lib/python3.10/site-packages/requests/models.py", line 899, in content
    self._content = b"".join(self.iter_content(CONTENT_CHUNK_SIZE)) or b""
  File "/workdir/dohq-artifactory-0.8.4/.tox/cpythonlibtest-unit-test-tests/lib/python3.10/site-packages/requests/models.py", line 818, in generate
    raise ChunkedEncodingError(e)
requests.exceptions.ChunkedEncodingError: ('Connection broken: IncompleteRead(236 bytes read, -236 more expected)', IncompleteRead(236 bytes read, -236 more expected))</failure></testcase><testcase classname="tests.unit.test_artifactory_path.ArtifactoryAccessorTest" name="test_listdir" time="0.005" /><testcase classname="tests.unit.test_artifactory_path.ArtifactoryAccessorTest" name="test_mkdir" time="0.001" /><testcase classname="tests.unit.test_artifactory_path.ArtifactoryAccessorTest" name="test_set_properties" time="0.002"><failure message="requests.exceptions.ChunkedEncodingError: ('Connection broken: IncompleteRead(236 bytes read, -236 more expected)', IncompleteRead(236 bytes read, -236 more expected))">Traceback (most recent call last):
  File "/workdir/dohq-artifactory-0.8.4/.tox/cpythonlibtest-unit-test-tests/lib/python3.10/site-packages/urllib3/response.py", line 712, in _error_catcher
    yield
  File "/workdir/dohq-artifactory-0.8.4/.tox/cpythonlibtest-unit-test-tests/lib/python3.10/site-packages/urllib3/response.py", line 833, in _raw_read
    raise IncompleteRead(self._fp_bytes_read, self.length_remaining)
urllib3.exceptions.IncompleteRead: IncompleteRead(236 bytes read, -236 more expected)

The above exception was the direct cause of the following exception:

Traceback (most recent call last):
  File "/workdir/dohq-artifactory-0.8.4/.tox/cpythonlibtest-unit-test-tests/lib/python3.10/site-packages/requests/models.py", line 816, in generate
    yield from self.raw.stream(chunk_size, decode_content=True)
  File "/workdir/dohq-artifactory-0.8.4/.tox/cpythonlibtest-unit-test-tests/lib/python3.10/site-packages/urllib3/response.py", line 934, in stream
    data = self.read(amt=amt, decode_content=decode_content)
  File "/workdir/dohq-artifactory-0.8.4/.tox/cpythonlibtest-unit-test-tests/lib/python3.10/site-packages/urllib3/response.py", line 905, in read
    data = self._raw_read(amt)
  File "/workdir/dohq-artifactory-0.8.4/.tox/cpythonlibtest-unit-test-tests/lib/python3.10/site-packages/urllib3/response.py", line 811, in _raw_read
    with self._error_catcher():
  File "/usr/local/lib/python3.10/contextlib.py", line 153, in __exit__
    self.gen.throw(typ, value, traceback)
  File "/workdir/dohq-artifactory-0.8.4/.tox/cpythonlibtest-unit-test-tests/lib/python3.10/site-packages/urllib3/response.py", line 729, in _error_catcher
    raise ProtocolError(f"Connection broken: {e!r}", e) from e
urllib3.exceptions.ProtocolError: ('Connection broken: IncompleteRead(236 bytes read, -236 more expected)', IncompleteRead(236 bytes read, -236 more expected))

During handling of the above exception, another exception occurred:

Traceback (most recent call last):
  File "/usr/local/lib/python3.10/unittest/case.py", line 59, in testPartExecutor
    yield
  File "/usr/local/lib/python3.10/unittest/case.py", line 591, in run
    self._callTestMethod(testMethod)
  File "/usr/local/lib/python3.10/unittest/case.py", line 549, in _callTestMethod
    method()
  File "/workdir/dohq-artifactory-0.8.4/.tox/cpythonlibtest-unit-test-tests/lib/python3.10/site-packages/responses/__init__.py", line 232, in wrapper
    return func(*args, **kwargs)
  File "/workdir/dohq-artifactory-0.8.4/tests/unit/test_artifactory_path.py", line 719, in test_set_properties
    path.properties = properties
  File "/workdir/dohq-artifactory-0.8.4/.tox/cpythonlibtest-unit-test-tests/lib/python3.10/site-packages/artifactory.py", line 2149, in properties
    properties_to_remove = set(self.properties) - set(properties)
  File "/workdir/dohq-artifactory-0.8.4/.tox/cpythonlibtest-unit-test-tests/lib/python3.10/site-packages/artifactory.py", line 2145, in properties
    return self._accessor.get_properties(self)
  File "/workdir/dohq-artifactory-0.8.4/.tox/cpythonlibtest-unit-test-tests/lib/python3.10/site-packages/artifactory.py", line 1286, in get_properties
    response = self.rest_get(
  File "/workdir/dohq-artifactory-0.8.4/.tox/cpythonlibtest-unit-test-tests/lib/python3.10/site-packages/artifactory.py", line 674, in rest_get
    response = session.get(
  File "/workdir/dohq-artifactory-0.8.4/.tox/cpythonlibtest-unit-test-tests/lib/python3.10/site-packages/requests/sessions.py", line 602, in get
    return self.request("GET", url, **kwargs)
  File "/workdir/dohq-artifactory-0.8.4/.tox/cpythonlibtest-unit-test-tests/lib/python3.10/site-packages/requests/sessions.py", line 589, in request
    resp = self.send(prep, **send_kwargs)
  File "/workdir/dohq-artifactory-0.8.4/.tox/cpythonlibtest-unit-test-tests/lib/python3.10/site-packages/requests/sessions.py", line 747, in send
    r.content
  File "/workdir/dohq-artifactory-0.8.4/.tox/cpythonlibtest-unit-test-tests/lib/python3.10/site-packages/requests/models.py", line 899, in content
    self._content = b"".join(self.iter_content(CONTENT_CHUNK_SIZE)) or b""
  File "/workdir/dohq-artifactory-0.8.4/.tox/cpythonlibtest-unit-test-tests/lib/python3.10/site-packages/requests/models.py", line 818, in generate
    raise ChunkedEncodingError(e)
requests.exceptions.ChunkedEncodingError: ('Connection broken: IncompleteRead(236 bytes read, -236 more expected)', IncompleteRead(236 bytes read, -236 more expected))</failure></testcase><testcase classname="tests.unit.test_artifactory_path.ArtifactoryAccessorTest" name="test_set_properties_without_remove" time="0.002"><failure message="requests.exceptions.ChunkedEncodingError: ('Connection broken: IncompleteRead(236 bytes read, -236 more expected)', IncompleteRead(236 bytes read, -236 more expected))">Traceback (most recent call last):
  File "/workdir/dohq-artifactory-0.8.4/.tox/cpythonlibtest-unit-test-tests/lib/python3.10/site-packages/urllib3/response.py", line 712, in _error_catcher
    yield
  File "/workdir/dohq-artifactory-0.8.4/.tox/cpythonlibtest-unit-test-tests/lib/python3.10/site-packages/urllib3/response.py", line 833, in _raw_read
    raise IncompleteRead(self._fp_bytes_read, self.length_remaining)
urllib3.exceptions.IncompleteRead: IncompleteRead(236 bytes read, -236 more expected)

The above exception was the direct cause of the following exception:

Traceback (most recent call last):
  File "/workdir/dohq-artifactory-0.8.4/.tox/cpythonlibtest-unit-test-tests/lib/python3.10/site-packages/requests/models.py", line 816, in generate
    yield from self.raw.stream(chunk_size, decode_content=True)
  File "/workdir/dohq-artifactory-0.8.4/.tox/cpythonlibtest-unit-test-tests/lib/python3.10/site-packages/urllib3/response.py", line 934, in stream
    data = self.read(amt=amt, decode_content=decode_content)
  File "/workdir/dohq-artifactory-0.8.4/.tox/cpythonlibtest-unit-test-tests/lib/python3.10/site-packages/urllib3/response.py", line 905, in read
    data = self._raw_read(amt)
  File "/workdir/dohq-artifactory-0.8.4/.tox/cpythonlibtest-unit-test-tests/lib/python3.10/site-packages/urllib3/response.py", line 811, in _raw_read
    with self._error_catcher():
  File "/usr/local/lib/python3.10/contextlib.py", line 153, in __exit__
    self.gen.throw(typ, value, traceback)
  File "/workdir/dohq-artifactory-0.8.4/.tox/cpythonlibtest-unit-test-tests/lib/python3.10/site-packages/urllib3/response.py", line 729, in _error_catcher
    raise ProtocolError(f"Connection broken: {e!r}", e) from e
urllib3.exceptions.ProtocolError: ('Connection broken: IncompleteRead(236 bytes read, -236 more expected)', IncompleteRead(236 bytes read, -236 more expected))

During handling of the above exception, another exception occurred:

Traceback (most recent call last):
  File "/usr/local/lib/python3.10/unittest/case.py", line 59, in testPartExecutor
    yield
  File "/usr/local/lib/python3.10/unittest/case.py", line 591, in run
    self._callTestMethod(testMethod)
  File "/usr/local/lib/python3.10/unittest/case.py", line 549, in _callTestMethod
    method()
  File "/workdir/dohq-artifactory-0.8.4/.tox/cpythonlibtest-unit-test-tests/lib/python3.10/site-packages/responses/__init__.py", line 232, in wrapper
    return func(*args, **kwargs)
  File "/workdir/dohq-artifactory-0.8.4/tests/unit/test_artifactory_path.py", line 751, in test_set_properties_without_remove
    path.properties = properties
  File "/workdir/dohq-artifactory-0.8.4/.tox/cpythonlibtest-unit-test-tests/lib/python3.10/site-packages/artifactory.py", line 2149, in properties
    properties_to_remove = set(self.properties) - set(properties)
  File "/workdir/dohq-artifactory-0.8.4/.tox/cpythonlibtest-unit-test-tests/lib/python3.10/site-packages/artifactory.py", line 2145, in properties
    return self._accessor.get_properties(self)
  File "/workdir/dohq-artifactory-0.8.4/.tox/cpythonlibtest-unit-test-tests/lib/python3.10/site-packages/artifactory.py", line 1286, in get_properties
    response = self.rest_get(
  File "/workdir/dohq-artifactory-0.8.4/.tox/cpythonlibtest-unit-test-tests/lib/python3.10/site-packages/artifactory.py", line 674, in rest_get
    response = session.get(
  File "/workdir/dohq-artifactory-0.8.4/.tox/cpythonlibtest-unit-test-tests/lib/python3.10/site-packages/requests/sessions.py", line 602, in get
    return self.request("GET", url, **kwargs)
  File "/workdir/dohq-artifactory-0.8.4/.tox/cpythonlibtest-unit-test-tests/lib/python3.10/site-packages/requests/sessions.py", line 589, in request
    resp = self.send(prep, **send_kwargs)
  File "/workdir/dohq-artifactory-0.8.4/.tox/cpythonlibtest-unit-test-tests/lib/python3.10/site-packages/requests/sessions.py", line 747, in send
    r.content
  File "/workdir/dohq-artifactory-0.8.4/.tox/cpythonlibtest-unit-test-tests/lib/python3.10/site-packages/requests/models.py", line 899, in content
    self._content = b"".join(self.iter_content(CONTENT_CHUNK_SIZE)) or b""
  File "/workdir/dohq-artifactory-0.8.4/.tox/cpythonlibtest-unit-test-tests/lib/python3.10/site-packages/requests/models.py", line 818, in generate
    raise ChunkedEncodingError(e)
requests.exceptions.ChunkedEncodingError: ('Connection broken: IncompleteRead(236 bytes read, -236 more expected)', IncompleteRead(236 bytes read, -236 more expected))</failure></testcase><testcase classname="tests.unit.test_artifactory_path.ArtifactoryAccessorTest" name="test_stat" time="0.007" /><testcase classname="tests.unit.test_artifactory_path.ArtifactoryAccessorTest" name="test_stat_no_sha256" time="0.003" /><testcase classname="tests.unit.test_artifactory_path.ArtifactoryAccessorTest" name="test_unlink" time="0.005" /><testcase classname="tests.unit.test_artifactory_path.ArtifactoryAccessorTest" name="test_unlink_raises_not_found" time="0.003" /><testcase classname="tests.unit.test_artifactory_path.ArtifactoryAccessorTest" name="test_unlink_raises_on_404" time="0.004" /><testcase classname="tests.unit.test_artifactory_path.ArtifactoryPathTest" name="test_archive" time="0.004" /><testcase classname="tests.unit.test_artifactory_path.ArtifactoryPathTest" name="test_archive_download" time="0.005" /><testcase classname="tests.unit.test_artifactory_path.ArtifactoryPathTest" name="test_auth" time="0.003" /><testcase classname="tests.unit.test_artifactory_path.ArtifactoryPathTest" name="test_auth_inheritance" time="0.003" /><testcase classname="tests.unit.test_artifactory_path.ArtifactoryPathTest" name="test_basic" time="0.002" /><testcase classname="tests.unit.test_artifactory_path.ArtifactoryPathTest" name="test_deploy_by_checksum_error" time="0.003" /><testcase classname="tests.unit.test_artifactory_path.ArtifactoryPathTest" name="test_deploy_by_checksum_sha1" time="0.003" /><testcase classname="tests.unit.test_artifactory_path.ArtifactoryPathTest" name="test_deploy_by_checksum_sha1_or_sha256" time="0.005" /><testcase classname="tests.unit.test_artifactory_path.ArtifactoryPathTest" name="test_deploy_by_checksum_sha256" time="0.003" /><testcase classname="tests.unit.test_artifactory_path.ArtifactoryPathTest" name="test_deploy_deb" time="0.005" /><testcase classname="tests.unit.test_artifactory_path.ArtifactoryPathTest" name="test_deploy_file" time="0.004" /><testcase classname="tests.unit.test_artifactory_path.ArtifactoryPathTest" name="test_joinpath_repo" time="0.003" /><testcase classname="tests.unit.test_artifactory_path.ArtifactoryPathTest" name="test_path_in_repo" time="0.002" /><testcase classname="tests.unit.test_artifactory_path.ArtifactoryPathTest" name="test_repo" time="0.001" /><testcase classname="tests.unit.test_artifactory_path.ArtifactorySaaSPathTest" name="test_basic" time="0.001" /><testcase classname="tests.unit.test_artifactory_path.ArtifactorySaaSPathTest" name="test_drive" time="0.001" /><testcase classname="tests.unit.test_artifactory_path.ArtifactorySaaSPathTest" name="test_path_in_repo" time="0.001" /><testcase classname="tests.unit.test_artifactory_path.ArtifactorySaaSPathTest" name="test_repo" time="0.001" /><testcase classname="tests.unit.test_artifactory_path.TestArtifactoryConfig" name="test_artifactory_config" time="0.002" /><testcase classname="tests.unit.test_artifactory_path.TestArtifactoryAql" name="test_create_aql_text_list" time="0.001" /><testcase classname="tests.unit.test_artifactory_path.TestArtifactoryAql" name="test_create_aql_text_list_in_dict" time="0.001" /><testcase classname="tests.unit.test_artifactory_path.TestArtifactoryAql" name="test_create_aql_text_simple" time="0.001" /><testcase classname="tests.unit.test_artifactory_path.TestArtifactoryAql" name="test_from_aql_file" time="0.001" /><testcase classname="tests.unit.test_artifactory_path.TestArtifactoryPathGetAll" name="test_get_groups" time="0.004" /><testcase classname="tests.unit.test_artifactory_path.TestArtifactoryPathGetAll" name="test_get_groups_lazy" time="0.002" /><testcase classname="tests.unit.test_artifactory_path.TestArtifactoryPathGetAll" name="test_get_projects" time="0.004" /><testcase classname="tests.unit.test_artifactory_path.TestArtifactoryPathGetAll" name="test_get_projects_lazy" time="0.002" /><testcase classname="tests.unit.test_artifactory_path.TestArtifactoryPathGetAll" name="test_get_users" time="0.003" /><testcase classname="tests.unit.test_artifactory_path.TestArtifactoryPathGetAll" name="test_get_users_lazy" time="0.002" /><testcase classname="tests.unit.test_exceptions.UtilTest" name="test_raise_errors" time="0.005" /></testsuite></testsuites>