GLOB sdist-make: /workdir/dohq-artifactory-0.8.4/setup.py
graalpylibtest-unit-test-tests create: /workdir/dohq-artifactory-0.8.4/.tox/graalpylibtest-unit-test-tests
graalpylibtest-unit-test-tests installdeps: mock, pytest, -rrequirements-dev.txt
graalpylibtest-unit-test-tests inst: /workdir/dohq-artifactory-0.8.4/.tox/.tmp/package/1/dohq-artifactory-0.8.0a0.zip
graalpylibtest-unit-test-tests installed: certifi==2023.11.17,cfgv==3.4.0,charset-normalizer==3.1.0,distlib==0.3.7,dohq-artifactory @ file:///workdir/dohq-artifactory-0.8.4/.tox/.tmp/package/1/dohq-artifactory-0.8.0a0.zip,exceptiongroup==1.1.3,filelock==3.13.1,flake8==6.1.0,graalpy-virtualenv==0.0.1,hpy==0.9.0rc2,identify==2.5.32,idna==3.4,iniconfig==2.0.0,mccabe==0.7.0,mock==5.1.0,nodeenv==1.8.0,packaging==23.2,platformdirs==3.11.0,pluggy==1.3.0,pre-commit==3.5.0,py==1.11.0,pycodestyle==2.11.1,pyflakes==3.1.0,PyJWT==2.8.0,pytest==7.4.3,python-dateutil==2.8.2,PyYAML==6.0.1,requests==2.31.0,responses==0.24.1,six==1.16.0,tomli==2.0.1,tox==3.28.0,urllib3==2.1.0,virtualenv==20.24.6
graalpylibtest-unit-test-tests run-test-pre: PYTHONHASHSEED='1487994644'
graalpylibtest-unit-test-tests run-test: commands[0] | pytest -v --tb=native --junitxml /workdir/results/dohq-artifactory/0.8.4/1/graalpy-test-results.xml
============================= test session starts ==============================
platform linux -- Python 3.10.8, pytest-7.4.3, pluggy-1.3.0 -- /workdir/dohq-artifactory-0.8.4/.tox/graalpylibtest-unit-test-tests/bin/python
cachedir: .tox/graalpylibtest-unit-test-tests/.pytest_cache
rootdir: /workdir/dohq-artifactory-0.8.4
collecting ... collected 83 items

tests/integration/test_admin.py::TestUser::test_create_delete FAILED     [  1%]
tests/integration/test_admin.py::TestUser::test_create_update FAILED     [  2%]
tests/integration/test_admin.py::TestUser::test_add_to_group ERROR       [  3%]
tests/integration/test_admin.py::TestGroup::test_create_delete FAILED    [  4%]
tests/integration/test_admin.py::TestGroup::test_create_delete_with_user FAILED [  6%]
tests/integration/test_admin.py::TestLocalRepositories::test_create_delete FAILED [  7%]
tests/integration/test_admin.py::TestTargetPermission::test_create_delete FAILED [  8%]
tests/integration/test_admin.py::TestTargetPermission::test_add_repositories ERROR [  9%]
tests/integration/test_admin.py::TestTargetPermission::test_add_user_group ERROR [ 10%]
tests/integration/test_admin.py::TestProject::test_create_delete FAILED  [ 12%]
tests/integration/test_admin.py::TestProject::test_create_update FAILED  [ 13%]
tests/integration/test_integration_artifactory_path.py::test_root ERROR  [ 14%]
tests/integration/test_integration_artifactory_path.py::test_repository_isdir ERROR [ 15%]
tests/integration/test_integration_artifactory_path.py::test_owner ERROR [ 16%]
tests/integration/test_integration_artifactory_path.py::test_mkdir ERROR [ 18%]
tests/integration/test_integration_artifactory_path.py::test_touch ERROR [ 19%]
tests/integration/test_integration_artifactory_path.py::test_iterdir ERROR [ 20%]
tests/integration/test_integration_artifactory_path.py::test_glob ERROR  [ 21%]
tests/integration/test_integration_artifactory_path.py::test_deploy ERROR [ 22%]
tests/integration/test_integration_artifactory_path.py::test_deploy_file ERROR [ 24%]
tests/integration/test_integration_artifactory_path.py::test_deploy_file_by_checksum ERROR [ 25%]
tests/integration/test_integration_artifactory_path.py::test_open ERROR  [ 26%]
tests/integration/test_integration_artifactory_path.py::test_read_and_write ERROR [ 27%]
tests/unit/test_artifactory_path.py::UtilTest::test_checksum PASSED      [ 28%]
tests/unit/test_artifactory_path.py::UtilTest::test_escape_chars PASSED  [ 30%]
tests/unit/test_artifactory_path.py::UtilTest::test_matrix_encode PASSED [ 31%]
tests/unit/test_artifactory_path.py::UtilTest::test_properties_encode PASSED [ 32%]
tests/unit/test_artifactory_path.py::UtilTest::test_properties_encode_multi PASSED [ 33%]
tests/unit/test_artifactory_path.py::ArtifactoryFlavorTest::test_parse_parts PASSED [ 34%]
tests/unit/test_artifactory_path.py::ArtifactoryFlavorTest::test_quote_url PASSED [ 36%]
tests/unit/test_artifactory_path.py::ArtifactoryFlavorTest::test_special_characters PASSED [ 37%]
tests/unit/test_artifactory_path.py::ArtifactoryFlavorTest::test_splitroot PASSED [ 38%]
tests/unit/test_artifactory_path.py::ArtifactoryFlavorTest::test_splitroot_custom_drv PASSED [ 39%]
tests/unit/test_artifactory_path.py::ArtifactoryFlavorTest::test_splitroot_custom_root PASSED [ 40%]
tests/unit/test_artifactory_path.py::PureArtifactoryPathTest::test_anchor PASSED [ 42%]
tests/unit/test_artifactory_path.py::PureArtifactoryPathTest::test_join_endswith_slash PASSED [ 43%]
tests/unit/test_artifactory_path.py::PureArtifactoryPathTest::test_join_endswithout_slash PASSED [ 44%]
tests/unit/test_artifactory_path.py::PureArtifactoryPathTest::test_join_with_artifactory_folder PASSED [ 45%]
tests/unit/test_artifactory_path.py::PureArtifactoryPathTest::test_join_with_multiple_folder_and_artifactory_substr_in_it PASSED [ 46%]
tests/unit/test_artifactory_path.py::PureArtifactoryPathTest::test_join_with_repo PASSED [ 48%]
tests/unit/test_artifactory_path.py::PureArtifactoryPathTest::test_join_with_repo_folder PASSED [ 49%]
tests/unit/test_artifactory_path.py::PureArtifactoryPathTest::test_root PASSED [ 50%]
tests/unit/test_artifactory_path.py::PureArtifactoryPathTest::test_with_suffix PASSED [ 51%]
tests/unit/test_artifactory_path.py::ArtifactoryAccessorTest::test_get_properties FAILED [ 53%]
tests/unit/test_artifactory_path.py::ArtifactoryAccessorTest::test_listdir PASSED [ 54%]
tests/unit/test_artifactory_path.py::ArtifactoryAccessorTest::test_mkdir PASSED [ 55%]
tests/unit/test_artifactory_path.py::ArtifactoryAccessorTest::test_set_properties FAILED [ 56%]
tests/unit/test_artifactory_path.py::ArtifactoryAccessorTest::test_set_properties_without_remove FAILED [ 57%]
tests/unit/test_artifactory_path.py::ArtifactoryAccessorTest::test_stat PASSED [ 59%]
tests/unit/test_artifactory_path.py::ArtifactoryAccessorTest::test_stat_no_sha256 PASSED [ 60%]
tests/unit/test_artifactory_path.py::ArtifactoryAccessorTest::test_unlink PASSED [ 61%]
tests/unit/test_artifactory_path.py::ArtifactoryAccessorTest::test_unlink_raises_not_found PASSED [ 62%]
tests/unit/test_artifactory_path.py::ArtifactoryAccessorTest::test_unlink_raises_on_404 PASSED [ 63%]
tests/unit/test_artifactory_path.py::ArtifactoryPathTest::test_archive PASSED [ 65%]
tests/unit/test_artifactory_path.py::ArtifactoryPathTest::test_archive_download PASSED [ 66%]
tests/unit/test_artifactory_path.py::ArtifactoryPathTest::test_auth PASSED [ 67%]
tests/unit/test_artifactory_path.py::ArtifactoryPathTest::test_auth_inheritance PASSED [ 68%]
tests/unit/test_artifactory_path.py::ArtifactoryPathTest::test_basic PASSED [ 69%]
tests/unit/test_artifactory_path.py::ArtifactoryPathTest::test_deploy_by_checksum_error PASSED [ 71%]
tests/unit/test_artifactory_path.py::ArtifactoryPathTest::test_deploy_by_checksum_sha1 PASSED [ 72%]
tests/unit/test_artifactory_path.py::ArtifactoryPathTest::test_deploy_by_checksum_sha1_or_sha256 PASSED [ 73%]
tests/unit/test_artifactory_path.py::ArtifactoryPathTest::test_deploy_by_checksum_sha256 PASSED [ 74%]
tests/unit/test_artifactory_path.py::ArtifactoryPathTest::test_deploy_deb PASSED [ 75%]
tests/unit/test_artifactory_path.py::ArtifactoryPathTest::test_deploy_file PASSED [ 77%]
tests/unit/test_artifactory_path.py::ArtifactoryPathTest::test_joinpath_repo PASSED [ 78%]
tests/unit/test_artifactory_path.py::ArtifactoryPathTest::test_path_in_repo PASSED [ 79%]
tests/unit/test_artifactory_path.py::ArtifactoryPathTest::test_repo PASSED [ 80%]
tests/unit/test_artifactory_path.py::ArtifactorySaaSPathTest::test_basic PASSED [ 81%]
tests/unit/test_artifactory_path.py::ArtifactorySaaSPathTest::test_drive PASSED [ 83%]
tests/unit/test_artifactory_path.py::ArtifactorySaaSPathTest::test_path_in_repo PASSED [ 84%]
tests/unit/test_artifactory_path.py::ArtifactorySaaSPathTest::test_repo PASSED [ 85%]
tests/unit/test_artifactory_path.py::TestArtifactoryConfig::test_artifactory_config PASSED [ 86%]
tests/unit/test_artifactory_path.py::TestArtifactoryAql::test_create_aql_text_list PASSED [ 87%]
tests/unit/test_artifactory_path.py::TestArtifactoryAql::test_create_aql_text_list_in_dict PASSED [ 89%]
tests/unit/test_artifactory_path.py::TestArtifactoryAql::test_create_aql_text_simple PASSED [ 90%]
tests/unit/test_artifactory_path.py::TestArtifactoryAql::test_from_aql_file PASSED [ 91%]
tests/unit/test_artifactory_path.py::TestArtifactoryPathGetAll::test_get_groups PASSED [ 92%]
tests/unit/test_artifactory_path.py::TestArtifactoryPathGetAll::test_get_groups_lazy PASSED [ 93%]
tests/unit/test_artifactory_path.py::TestArtifactoryPathGetAll::test_get_projects PASSED [ 95%]
tests/unit/test_artifactory_path.py::TestArtifactoryPathGetAll::test_get_projects_lazy PASSED [ 96%]
tests/unit/test_artifactory_path.py::TestArtifactoryPathGetAll::test_get_users PASSED [ 97%]
tests/unit/test_artifactory_path.py::TestArtifactoryPathGetAll::test_get_users_lazy PASSED [ 98%]
tests/unit/test_exceptions.py::UtilTest::test_raise_errors PASSED        [100%]

==================================== ERRORS ====================================
_________________ ERROR at setup of TestUser.test_add_to_group _________________
Traceback (most recent call last):
  File "/workdir/dohq-artifactory-0.8.4/.tox/graalpylibtest-unit-test-tests/lib/python3.10/site-packages/urllib3/connection.py", line 203, in _new_conn
    sock = connection.create_connection(
  File "/workdir/dohq-artifactory-0.8.4/.tox/graalpylibtest-unit-test-tests/lib/python3.10/site-packages/urllib3/util/connection.py", line 85, in create_connection
    raise err
  File "/workdir/dohq-artifactory-0.8.4/.tox/graalpylibtest-unit-test-tests/lib/python3.10/site-packages/urllib3/util/connection.py", line 73, in create_connection
    sock.connect(sa)
ConnectionRefusedError: [Errno 111] Connection refused

The above exception was the direct cause of the following exception:

Traceback (most recent call last):
  File "/workdir/dohq-artifactory-0.8.4/.tox/graalpylibtest-unit-test-tests/lib/python3.10/site-packages/urllib3/connectionpool.py", line 790, in urlopen
    response = self._make_request(
  File "/workdir/dohq-artifactory-0.8.4/.tox/graalpylibtest-unit-test-tests/lib/python3.10/site-packages/urllib3/connectionpool.py", line 496, in _make_request
    conn.request(
  File "/workdir/dohq-artifactory-0.8.4/.tox/graalpylibtest-unit-test-tests/lib/python3.10/site-packages/urllib3/connection.py", line 395, in request
    self.endheaders()
  File "/opt/graalpy/lib/python3.10/http/client.py", line 1277, in endheaders
    self._send_output(message_body, encode_chunked=encode_chunked)
  File "/opt/graalpy/lib/python3.10/http/client.py", line 1037, in _send_output
    self.send(msg)
  File "/opt/graalpy/lib/python3.10/http/client.py", line 975, in send
    self.connect()
  File "/workdir/dohq-artifactory-0.8.4/.tox/graalpylibtest-unit-test-tests/lib/python3.10/site-packages/urllib3/connection.py", line 243, in connect
    self.sock = self._new_conn()
  File "/workdir/dohq-artifactory-0.8.4/.tox/graalpylibtest-unit-test-tests/lib/python3.10/site-packages/urllib3/connection.py", line 218, in _new_conn
    raise NewConnectionError(
urllib3.exceptions.NewConnectionError: <urllib3.connection.HTTPConnection object at 0x4ce99834>: Failed to establish a new connection: [Errno 111] Connection refused

The above exception was the direct cause of the following exception:

Traceback (most recent call last):
  File "/workdir/dohq-artifactory-0.8.4/.tox/graalpylibtest-unit-test-tests/lib/python3.10/site-packages/requests/adapters.py", line 486, in send
    resp = conn.urlopen(
  File "/workdir/dohq-artifactory-0.8.4/.tox/graalpylibtest-unit-test-tests/lib/python3.10/site-packages/urllib3/connectionpool.py", line 844, in urlopen
    retries = retries.increment(
  File "/workdir/dohq-artifactory-0.8.4/.tox/graalpylibtest-unit-test-tests/lib/python3.10/site-packages/urllib3/util/retry.py", line 515, in increment
    raise MaxRetryError(_pool, url, reason) from reason  # type: ignore[arg-type]
urllib3.exceptions.MaxRetryError: HTTPConnectionPool(host='localhost', port=8081): Max retries exceeded with url: /artifactory/api/security/groups/group1 (Caused by NewConnectionError('<urllib3.connection.HTTPConnection object at 0x4ce99834>: Failed to establish a new connection: [Errno 111] Connection refused'))

During handling of the above exception, another exception occurred:

Traceback (most recent call last):
  File "/workdir/dohq-artifactory-0.8.4/.tox/graalpylibtest-unit-test-tests/lib/python3.10/site-packages/_pytest/runner.py", line 341, in from_call
    result: Optional[TResult] = func()
  File "/workdir/dohq-artifactory-0.8.4/.tox/graalpylibtest-unit-test-tests/lib/python3.10/site-packages/_pytest/runner.py", line 262, in <lambda>
    lambda: ihook(item=item, **kwds), when=when, reraise=reraise
  File "/workdir/dohq-artifactory-0.8.4/.tox/graalpylibtest-unit-test-tests/lib/python3.10/site-packages/pluggy/_hooks.py", line 493, in __call__
    return self._hookexec(self.name, self._hookimpls, kwargs, firstresult)
  File "/workdir/dohq-artifactory-0.8.4/.tox/graalpylibtest-unit-test-tests/lib/python3.10/site-packages/pluggy/_manager.py", line 115, in _hookexec
    return self._inner_hookexec(hook_name, methods, kwargs, firstresult)
  File "/workdir/dohq-artifactory-0.8.4/.tox/graalpylibtest-unit-test-tests/lib/python3.10/site-packages/pluggy/_callers.py", line 152, in _multicall
    return outcome.get_result()
  File "/workdir/dohq-artifactory-0.8.4/.tox/graalpylibtest-unit-test-tests/lib/python3.10/site-packages/pluggy/_result.py", line 114, in get_result
    raise exc.with_traceback(exc.__traceback__)
  File "/workdir/dohq-artifactory-0.8.4/.tox/graalpylibtest-unit-test-tests/lib/python3.10/site-packages/pluggy/_callers.py", line 77, in _multicall
    res = hook_impl.function(*args)
  File "/workdir/dohq-artifactory-0.8.4/.tox/graalpylibtest-unit-test-tests/lib/python3.10/site-packages/_pytest/runner.py", line 157, in pytest_runtest_setup
    item.session._setupstate.setup(item)
  File "/workdir/dohq-artifactory-0.8.4/.tox/graalpylibtest-unit-test-tests/lib/python3.10/site-packages/_pytest/runner.py", line 497, in setup
    raise exc
  File "/workdir/dohq-artifactory-0.8.4/.tox/graalpylibtest-unit-test-tests/lib/python3.10/site-packages/_pytest/runner.py", line 494, in setup
    col.setup()
  File "/workdir/dohq-artifactory-0.8.4/.tox/graalpylibtest-unit-test-tests/lib/python3.10/site-packages/_pytest/python.py", line 1795, in setup
    self._request._fillfixtures()
  File "/workdir/dohq-artifactory-0.8.4/.tox/graalpylibtest-unit-test-tests/lib/python3.10/site-packages/_pytest/fixtures.py", line 566, in _fillfixtures
    item.funcargs[argname] = self.getfixturevalue(argname)
  File "/workdir/dohq-artifactory-0.8.4/.tox/graalpylibtest-unit-test-tests/lib/python3.10/site-packages/_pytest/fixtures.py", line 585, in getfixturevalue
    fixturedef = self._get_active_fixturedef(argname)
  File "/workdir/dohq-artifactory-0.8.4/.tox/graalpylibtest-unit-test-tests/lib/python3.10/site-packages/_pytest/fixtures.py", line 607, in _get_active_fixturedef
    self._compute_fixture_value(fixturedef)
  File "/workdir/dohq-artifactory-0.8.4/.tox/graalpylibtest-unit-test-tests/lib/python3.10/site-packages/_pytest/fixtures.py", line 693, in _compute_fixture_value
    fixturedef.execute(request=subrequest)
  File "/workdir/dohq-artifactory-0.8.4/.tox/graalpylibtest-unit-test-tests/lib/python3.10/site-packages/_pytest/fixtures.py", line 1069, in execute
    result = ihook.pytest_fixture_setup(fixturedef=self, request=request)
  File "/workdir/dohq-artifactory-0.8.4/.tox/graalpylibtest-unit-test-tests/lib/python3.10/site-packages/pluggy/_hooks.py", line 493, in __call__
    return self._hookexec(self.name, self._hookimpls, kwargs, firstresult)
  File "/workdir/dohq-artifactory-0.8.4/.tox/graalpylibtest-unit-test-tests/lib/python3.10/site-packages/pluggy/_manager.py", line 115, in _hookexec
    return self._inner_hookexec(hook_name, methods, kwargs, firstresult)
  File "/workdir/dohq-artifactory-0.8.4/.tox/graalpylibtest-unit-test-tests/lib/python3.10/site-packages/pluggy/_callers.py", line 152, in _multicall
    return outcome.get_result()
  File "/workdir/dohq-artifactory-0.8.4/.tox/graalpylibtest-unit-test-tests/lib/python3.10/site-packages/pluggy/_result.py", line 114, in get_result
    raise exc.with_traceback(exc.__traceback__)
  File "/workdir/dohq-artifactory-0.8.4/.tox/graalpylibtest-unit-test-tests/lib/python3.10/site-packages/pluggy/_callers.py", line 77, in _multicall
    res = hook_impl.function(*args)
  File "/workdir/dohq-artifactory-0.8.4/.tox/graalpylibtest-unit-test-tests/lib/python3.10/site-packages/_pytest/fixtures.py", line 1123, in pytest_fixture_setup
    result = call_fixture_func(fixturefunc, request, kwargs)
  File "/workdir/dohq-artifactory-0.8.4/.tox/graalpylibtest-unit-test-tests/lib/python3.10/site-packages/_pytest/fixtures.py", line 895, in call_fixture_func
    fixture_result = next(generator)
  File "/workdir/dohq-artifactory-0.8.4/tests/conftest.py", line 186, in group1
    group = artifactory.find_group(name)
  File "/workdir/dohq-artifactory-0.8.4/.tox/graalpylibtest-unit-test-tests/lib/python3.10/site-packages/artifactory.py", line 2309, in find_group
    if obj.read():
  File "/workdir/dohq-artifactory-0.8.4/.tox/graalpylibtest-unit-test-tests/lib/python3.10/site-packages/dohq_artifactory/admin.py", line 139, in read
    r = self._session.get(request_url, auth=self._auth)
  File "/workdir/dohq-artifactory-0.8.4/.tox/graalpylibtest-unit-test-tests/lib/python3.10/site-packages/requests/sessions.py", line 602, in get
    return self.request("GET", url, **kwargs)
  File "/workdir/dohq-artifactory-0.8.4/.tox/graalpylibtest-unit-test-tests/lib/python3.10/site-packages/requests/sessions.py", line 589, in request
    resp = self.send(prep, **send_kwargs)
  File "/workdir/dohq-artifactory-0.8.4/.tox/graalpylibtest-unit-test-tests/lib/python3.10/site-packages/requests/sessions.py", line 703, in send
    r = adapter.send(request, **kwargs)
  File "/workdir/dohq-artifactory-0.8.4/.tox/graalpylibtest-unit-test-tests/lib/python3.10/site-packages/requests/adapters.py", line 519, in send
    raise ConnectionError(e, request=request)
requests.exceptions.ConnectionError: HTTPConnectionPool(host='localhost', port=8081): Max retries exceeded with url: /artifactory/api/security/groups/group1 (Caused by NewConnectionError('<urllib3.connection.HTTPConnection object at 0x4ce99834>: Failed to establish a new connection: [Errno 111] Connection refused'))
_________ ERROR at setup of TestTargetPermission.test_add_repositories _________
Traceback (most recent call last):
  File "/workdir/dohq-artifactory-0.8.4/.tox/graalpylibtest-unit-test-tests/lib/python3.10/site-packages/urllib3/connection.py", line 203, in _new_conn
    sock = connection.create_connection(
  File "/workdir/dohq-artifactory-0.8.4/.tox/graalpylibtest-unit-test-tests/lib/python3.10/site-packages/urllib3/util/connection.py", line 85, in create_connection
    raise err
  File "/workdir/dohq-artifactory-0.8.4/.tox/graalpylibtest-unit-test-tests/lib/python3.10/site-packages/urllib3/util/connection.py", line 73, in create_connection
    sock.connect(sa)
ConnectionRefusedError: [Errno 111] Connection refused

The above exception was the direct cause of the following exception:

Traceback (most recent call last):
  File "/workdir/dohq-artifactory-0.8.4/.tox/graalpylibtest-unit-test-tests/lib/python3.10/site-packages/urllib3/connectionpool.py", line 790, in urlopen
    response = self._make_request(
  File "/workdir/dohq-artifactory-0.8.4/.tox/graalpylibtest-unit-test-tests/lib/python3.10/site-packages/urllib3/connectionpool.py", line 496, in _make_request
    conn.request(
  File "/workdir/dohq-artifactory-0.8.4/.tox/graalpylibtest-unit-test-tests/lib/python3.10/site-packages/urllib3/connection.py", line 395, in request
    self.endheaders()
  File "/opt/graalpy/lib/python3.10/http/client.py", line 1277, in endheaders
    self._send_output(message_body, encode_chunked=encode_chunked)
  File "/opt/graalpy/lib/python3.10/http/client.py", line 1037, in _send_output
    self.send(msg)
  File "/opt/graalpy/lib/python3.10/http/client.py", line 975, in send
    self.connect()
  File "/workdir/dohq-artifactory-0.8.4/.tox/graalpylibtest-unit-test-tests/lib/python3.10/site-packages/urllib3/connection.py", line 243, in connect
    self.sock = self._new_conn()
  File "/workdir/dohq-artifactory-0.8.4/.tox/graalpylibtest-unit-test-tests/lib/python3.10/site-packages/urllib3/connection.py", line 218, in _new_conn
    raise NewConnectionError(
urllib3.exceptions.NewConnectionError: <urllib3.connection.HTTPConnection object at 0xf82bfd>: Failed to establish a new connection: [Errno 111] Connection refused

The above exception was the direct cause of the following exception:

Traceback (most recent call last):
  File "/workdir/dohq-artifactory-0.8.4/.tox/graalpylibtest-unit-test-tests/lib/python3.10/site-packages/requests/adapters.py", line 486, in send
    resp = conn.urlopen(
  File "/workdir/dohq-artifactory-0.8.4/.tox/graalpylibtest-unit-test-tests/lib/python3.10/site-packages/urllib3/connectionpool.py", line 844, in urlopen
    retries = retries.increment(
  File "/workdir/dohq-artifactory-0.8.4/.tox/graalpylibtest-unit-test-tests/lib/python3.10/site-packages/urllib3/util/retry.py", line 515, in increment
    raise MaxRetryError(_pool, url, reason) from reason  # type: ignore[arg-type]
urllib3.exceptions.MaxRetryError: HTTPConnectionPool(host='localhost', port=8081): Max retries exceeded with url: /artifactory/api/security/permissions/fixture_permission (Caused by NewConnectionError('<urllib3.connection.HTTPConnection object at 0xf82bfd>: Failed to establish a new connection: [Errno 111] Connection refused'))

During handling of the above exception, another exception occurred:

Traceback (most recent call last):
  File "/workdir/dohq-artifactory-0.8.4/.tox/graalpylibtest-unit-test-tests/lib/python3.10/site-packages/_pytest/runner.py", line 341, in from_call
    result: Optional[TResult] = func()
  File "/workdir/dohq-artifactory-0.8.4/.tox/graalpylibtest-unit-test-tests/lib/python3.10/site-packages/_pytest/runner.py", line 262, in <lambda>
    lambda: ihook(item=item, **kwds), when=when, reraise=reraise
  File "/workdir/dohq-artifactory-0.8.4/.tox/graalpylibtest-unit-test-tests/lib/python3.10/site-packages/pluggy/_hooks.py", line 493, in __call__
    return self._hookexec(self.name, self._hookimpls, kwargs, firstresult)
  File "/workdir/dohq-artifactory-0.8.4/.tox/graalpylibtest-unit-test-tests/lib/python3.10/site-packages/pluggy/_manager.py", line 115, in _hookexec
    return self._inner_hookexec(hook_name, methods, kwargs, firstresult)
  File "/workdir/dohq-artifactory-0.8.4/.tox/graalpylibtest-unit-test-tests/lib/python3.10/site-packages/pluggy/_callers.py", line 152, in _multicall
    return outcome.get_result()
  File "/workdir/dohq-artifactory-0.8.4/.tox/graalpylibtest-unit-test-tests/lib/python3.10/site-packages/pluggy/_result.py", line 114, in get_result
    raise exc.with_traceback(exc.__traceback__)
  File "/workdir/dohq-artifactory-0.8.4/.tox/graalpylibtest-unit-test-tests/lib/python3.10/site-packages/pluggy/_callers.py", line 77, in _multicall
    res = hook_impl.function(*args)
  File "/workdir/dohq-artifactory-0.8.4/.tox/graalpylibtest-unit-test-tests/lib/python3.10/site-packages/_pytest/runner.py", line 157, in pytest_runtest_setup
    item.session._setupstate.setup(item)
  File "/workdir/dohq-artifactory-0.8.4/.tox/graalpylibtest-unit-test-tests/lib/python3.10/site-packages/_pytest/runner.py", line 497, in setup
    raise exc
  File "/workdir/dohq-artifactory-0.8.4/.tox/graalpylibtest-unit-test-tests/lib/python3.10/site-packages/_pytest/runner.py", line 494, in setup
    col.setup()
  File "/workdir/dohq-artifactory-0.8.4/.tox/graalpylibtest-unit-test-tests/lib/python3.10/site-packages/_pytest/python.py", line 1795, in setup
    self._request._fillfixtures()
  File "/workdir/dohq-artifactory-0.8.4/.tox/graalpylibtest-unit-test-tests/lib/python3.10/site-packages/_pytest/fixtures.py", line 566, in _fillfixtures
    item.funcargs[argname] = self.getfixturevalue(argname)
  File "/workdir/dohq-artifactory-0.8.4/.tox/graalpylibtest-unit-test-tests/lib/python3.10/site-packages/_pytest/fixtures.py", line 585, in getfixturevalue
    fixturedef = self._get_active_fixturedef(argname)
  File "/workdir/dohq-artifactory-0.8.4/.tox/graalpylibtest-unit-test-tests/lib/python3.10/site-packages/_pytest/fixtures.py", line 607, in _get_active_fixturedef
    self._compute_fixture_value(fixturedef)
  File "/workdir/dohq-artifactory-0.8.4/.tox/graalpylibtest-unit-test-tests/lib/python3.10/site-packages/_pytest/fixtures.py", line 693, in _compute_fixture_value
    fixturedef.execute(request=subrequest)
  File "/workdir/dohq-artifactory-0.8.4/.tox/graalpylibtest-unit-test-tests/lib/python3.10/site-packages/_pytest/fixtures.py", line 1069, in execute
    result = ihook.pytest_fixture_setup(fixturedef=self, request=request)
  File "/workdir/dohq-artifactory-0.8.4/.tox/graalpylibtest-unit-test-tests/lib/python3.10/site-packages/pluggy/_hooks.py", line 493, in __call__
    return self._hookexec(self.name, self._hookimpls, kwargs, firstresult)
  File "/workdir/dohq-artifactory-0.8.4/.tox/graalpylibtest-unit-test-tests/lib/python3.10/site-packages/pluggy/_manager.py", line 115, in _hookexec
    return self._inner_hookexec(hook_name, methods, kwargs, firstresult)
  File "/workdir/dohq-artifactory-0.8.4/.tox/graalpylibtest-unit-test-tests/lib/python3.10/site-packages/pluggy/_callers.py", line 152, in _multicall
    return outcome.get_result()
  File "/workdir/dohq-artifactory-0.8.4/.tox/graalpylibtest-unit-test-tests/lib/python3.10/site-packages/pluggy/_result.py", line 114, in get_result
    raise exc.with_traceback(exc.__traceback__)
  File "/workdir/dohq-artifactory-0.8.4/.tox/graalpylibtest-unit-test-tests/lib/python3.10/site-packages/pluggy/_callers.py", line 77, in _multicall
    res = hook_impl.function(*args)
  File "/workdir/dohq-artifactory-0.8.4/.tox/graalpylibtest-unit-test-tests/lib/python3.10/site-packages/_pytest/fixtures.py", line 1123, in pytest_fixture_setup
    result = call_fixture_func(fixturefunc, request, kwargs)
  File "/workdir/dohq-artifactory-0.8.4/.tox/graalpylibtest-unit-test-tests/lib/python3.10/site-packages/_pytest/fixtures.py", line 895, in call_fixture_func
    fixture_result = next(generator)
  File "/workdir/dohq-artifactory-0.8.4/tests/conftest.py", line 139, in permission
    permission_ = artifactory.find_permission_target(name)
  File "/workdir/dohq-artifactory-0.8.4/.tox/graalpylibtest-unit-test-tests/lib/python3.10/site-packages/artifactory.py", line 2351, in find_permission_target
    if obj.read():
  File "/workdir/dohq-artifactory-0.8.4/.tox/graalpylibtest-unit-test-tests/lib/python3.10/site-packages/dohq_artifactory/admin.py", line 139, in read
    r = self._session.get(request_url, auth=self._auth)
  File "/workdir/dohq-artifactory-0.8.4/.tox/graalpylibtest-unit-test-tests/lib/python3.10/site-packages/requests/sessions.py", line 602, in get
    return self.request("GET", url, **kwargs)
  File "/workdir/dohq-artifactory-0.8.4/.tox/graalpylibtest-unit-test-tests/lib/python3.10/site-packages/requests/sessions.py", line 589, in request
    resp = self.send(prep, **send_kwargs)
  File "/workdir/dohq-artifactory-0.8.4/.tox/graalpylibtest-unit-test-tests/lib/python3.10/site-packages/requests/sessions.py", line 703, in send
    r = adapter.send(request, **kwargs)
  File "/workdir/dohq-artifactory-0.8.4/.tox/graalpylibtest-unit-test-tests/lib/python3.10/site-packages/requests/adapters.py", line 519, in send
    raise ConnectionError(e, request=request)
requests.exceptions.ConnectionError: HTTPConnectionPool(host='localhost', port=8081): Max retries exceeded with url: /artifactory/api/security/permissions/fixture_permission (Caused by NewConnectionError('<urllib3.connection.HTTPConnection object at 0xf82bfd>: Failed to establish a new connection: [Errno 111] Connection refused'))
__________ ERROR at setup of TestTargetPermission.test_add_user_group __________
Traceback (most recent call last):
  File "/workdir/dohq-artifactory-0.8.4/.tox/graalpylibtest-unit-test-tests/lib/python3.10/site-packages/urllib3/connection.py", line 203, in _new_conn
    sock = connection.create_connection(
  File "/workdir/dohq-artifactory-0.8.4/.tox/graalpylibtest-unit-test-tests/lib/python3.10/site-packages/urllib3/util/connection.py", line 85, in create_connection
    raise err
  File "/workdir/dohq-artifactory-0.8.4/.tox/graalpylibtest-unit-test-tests/lib/python3.10/site-packages/urllib3/util/connection.py", line 73, in create_connection
    sock.connect(sa)
ConnectionRefusedError: [Errno 111] Connection refused

The above exception was the direct cause of the following exception:

Traceback (most recent call last):
  File "/workdir/dohq-artifactory-0.8.4/.tox/graalpylibtest-unit-test-tests/lib/python3.10/site-packages/urllib3/connectionpool.py", line 790, in urlopen
    response = self._make_request(
  File "/workdir/dohq-artifactory-0.8.4/.tox/graalpylibtest-unit-test-tests/lib/python3.10/site-packages/urllib3/connectionpool.py", line 496, in _make_request
    conn.request(
  File "/workdir/dohq-artifactory-0.8.4/.tox/graalpylibtest-unit-test-tests/lib/python3.10/site-packages/urllib3/connection.py", line 395, in request
    self.endheaders()
  File "/opt/graalpy/lib/python3.10/http/client.py", line 1277, in endheaders
    self._send_output(message_body, encode_chunked=encode_chunked)
  File "/opt/graalpy/lib/python3.10/http/client.py", line 1037, in _send_output
    self.send(msg)
  File "/opt/graalpy/lib/python3.10/http/client.py", line 975, in send
    self.connect()
  File "/workdir/dohq-artifactory-0.8.4/.tox/graalpylibtest-unit-test-tests/lib/python3.10/site-packages/urllib3/connection.py", line 243, in connect
    self.sock = self._new_conn()
  File "/workdir/dohq-artifactory-0.8.4/.tox/graalpylibtest-unit-test-tests/lib/python3.10/site-packages/urllib3/connection.py", line 218, in _new_conn
    raise NewConnectionError(
urllib3.exceptions.NewConnectionError: <urllib3.connection.HTTPConnection object at 0xbe9be53>: Failed to establish a new connection: [Errno 111] Connection refused

The above exception was the direct cause of the following exception:

Traceback (most recent call last):
  File "/workdir/dohq-artifactory-0.8.4/.tox/graalpylibtest-unit-test-tests/lib/python3.10/site-packages/requests/adapters.py", line 486, in send
    resp = conn.urlopen(
  File "/workdir/dohq-artifactory-0.8.4/.tox/graalpylibtest-unit-test-tests/lib/python3.10/site-packages/urllib3/connectionpool.py", line 844, in urlopen
    retries = retries.increment(
  File "/workdir/dohq-artifactory-0.8.4/.tox/graalpylibtest-unit-test-tests/lib/python3.10/site-packages/urllib3/util/retry.py", line 515, in increment
    raise MaxRetryError(_pool, url, reason) from reason  # type: ignore[arg-type]
urllib3.exceptions.MaxRetryError: HTTPConnectionPool(host='localhost', port=8081): Max retries exceeded with url: /artifactory/api/security/permissions/fixture_permission (Caused by NewConnectionError('<urllib3.connection.HTTPConnection object at 0xbe9be53>: Failed to establish a new connection: [Errno 111] Connection refused'))

During handling of the above exception, another exception occurred:

Traceback (most recent call last):
  File "/workdir/dohq-artifactory-0.8.4/.tox/graalpylibtest-unit-test-tests/lib/python3.10/site-packages/_pytest/runner.py", line 341, in from_call
    result: Optional[TResult] = func()
  File "/workdir/dohq-artifactory-0.8.4/.tox/graalpylibtest-unit-test-tests/lib/python3.10/site-packages/_pytest/runner.py", line 262, in <lambda>
    lambda: ihook(item=item, **kwds), when=when, reraise=reraise
  File "/workdir/dohq-artifactory-0.8.4/.tox/graalpylibtest-unit-test-tests/lib/python3.10/site-packages/pluggy/_hooks.py", line 493, in __call__
    return self._hookexec(self.name, self._hookimpls, kwargs, firstresult)
  File "/workdir/dohq-artifactory-0.8.4/.tox/graalpylibtest-unit-test-tests/lib/python3.10/site-packages/pluggy/_manager.py", line 115, in _hookexec
    return self._inner_hookexec(hook_name, methods, kwargs, firstresult)
  File "/workdir/dohq-artifactory-0.8.4/.tox/graalpylibtest-unit-test-tests/lib/python3.10/site-packages/pluggy/_callers.py", line 152, in _multicall
    return outcome.get_result()
  File "/workdir/dohq-artifactory-0.8.4/.tox/graalpylibtest-unit-test-tests/lib/python3.10/site-packages/pluggy/_result.py", line 114, in get_result
    raise exc.with_traceback(exc.__traceback__)
  File "/workdir/dohq-artifactory-0.8.4/.tox/graalpylibtest-unit-test-tests/lib/python3.10/site-packages/pluggy/_callers.py", line 77, in _multicall
    res = hook_impl.function(*args)
  File "/workdir/dohq-artifactory-0.8.4/.tox/graalpylibtest-unit-test-tests/lib/python3.10/site-packages/_pytest/runner.py", line 157, in pytest_runtest_setup
    item.session._setupstate.setup(item)
  File "/workdir/dohq-artifactory-0.8.4/.tox/graalpylibtest-unit-test-tests/lib/python3.10/site-packages/_pytest/runner.py", line 497, in setup
    raise exc
  File "/workdir/dohq-artifactory-0.8.4/.tox/graalpylibtest-unit-test-tests/lib/python3.10/site-packages/_pytest/runner.py", line 494, in setup
    col.setup()
  File "/workdir/dohq-artifactory-0.8.4/.tox/graalpylibtest-unit-test-tests/lib/python3.10/site-packages/_pytest/python.py", line 1795, in setup
    self._request._fillfixtures()
  File "/workdir/dohq-artifactory-0.8.4/.tox/graalpylibtest-unit-test-tests/lib/python3.10/site-packages/_pytest/fixtures.py", line 566, in _fillfixtures
    item.funcargs[argname] = self.getfixturevalue(argname)
  File "/workdir/dohq-artifactory-0.8.4/.tox/graalpylibtest-unit-test-tests/lib/python3.10/site-packages/_pytest/fixtures.py", line 585, in getfixturevalue
    fixturedef = self._get_active_fixturedef(argname)
  File "/workdir/dohq-artifactory-0.8.4/.tox/graalpylibtest-unit-test-tests/lib/python3.10/site-packages/_pytest/fixtures.py", line 607, in _get_active_fixturedef
    self._compute_fixture_value(fixturedef)
  File "/workdir/dohq-artifactory-0.8.4/.tox/graalpylibtest-unit-test-tests/lib/python3.10/site-packages/_pytest/fixtures.py", line 693, in _compute_fixture_value
    fixturedef.execute(request=subrequest)
  File "/workdir/dohq-artifactory-0.8.4/.tox/graalpylibtest-unit-test-tests/lib/python3.10/site-packages/_pytest/fixtures.py", line 1069, in execute
    result = ihook.pytest_fixture_setup(fixturedef=self, request=request)
  File "/workdir/dohq-artifactory-0.8.4/.tox/graalpylibtest-unit-test-tests/lib/python3.10/site-packages/pluggy/_hooks.py", line 493, in __call__
    return self._hookexec(self.name, self._hookimpls, kwargs, firstresult)
  File "/workdir/dohq-artifactory-0.8.4/.tox/graalpylibtest-unit-test-tests/lib/python3.10/site-packages/pluggy/_manager.py", line 115, in _hookexec
    return self._inner_hookexec(hook_name, methods, kwargs, firstresult)
  File "/workdir/dohq-artifactory-0.8.4/.tox/graalpylibtest-unit-test-tests/lib/python3.10/site-packages/pluggy/_callers.py", line 152, in _multicall
    return outcome.get_result()
  File "/workdir/dohq-artifactory-0.8.4/.tox/graalpylibtest-unit-test-tests/lib/python3.10/site-packages/pluggy/_result.py", line 114, in get_result
    raise exc.with_traceback(exc.__traceback__)
  File "/workdir/dohq-artifactory-0.8.4/.tox/graalpylibtest-unit-test-tests/lib/python3.10/site-packages/pluggy/_callers.py", line 77, in _multicall
    res = hook_impl.function(*args)
  File "/workdir/dohq-artifactory-0.8.4/.tox/graalpylibtest-unit-test-tests/lib/python3.10/site-packages/_pytest/fixtures.py", line 1123, in pytest_fixture_setup
    result = call_fixture_func(fixturefunc, request, kwargs)
  File "/workdir/dohq-artifactory-0.8.4/.tox/graalpylibtest-unit-test-tests/lib/python3.10/site-packages/_pytest/fixtures.py", line 895, in call_fixture_func
    fixture_result = next(generator)
  File "/workdir/dohq-artifactory-0.8.4/tests/conftest.py", line 139, in permission
    permission_ = artifactory.find_permission_target(name)
  File "/workdir/dohq-artifactory-0.8.4/.tox/graalpylibtest-unit-test-tests/lib/python3.10/site-packages/artifactory.py", line 2351, in find_permission_target
    if obj.read():
  File "/workdir/dohq-artifactory-0.8.4/.tox/graalpylibtest-unit-test-tests/lib/python3.10/site-packages/dohq_artifactory/admin.py", line 139, in read
    r = self._session.get(request_url, auth=self._auth)
  File "/workdir/dohq-artifactory-0.8.4/.tox/graalpylibtest-unit-test-tests/lib/python3.10/site-packages/requests/sessions.py", line 602, in get
    return self.request("GET", url, **kwargs)
  File "/workdir/dohq-artifactory-0.8.4/.tox/graalpylibtest-unit-test-tests/lib/python3.10/site-packages/requests/sessions.py", line 589, in request
    resp = self.send(prep, **send_kwargs)
  File "/workdir/dohq-artifactory-0.8.4/.tox/graalpylibtest-unit-test-tests/lib/python3.10/site-packages/requests/sessions.py", line 703, in send
    r = adapter.send(request, **kwargs)
  File "/workdir/dohq-artifactory-0.8.4/.tox/graalpylibtest-unit-test-tests/lib/python3.10/site-packages/requests/adapters.py", line 519, in send
    raise ConnectionError(e, request=request)
requests.exceptions.ConnectionError: HTTPConnectionPool(host='localhost', port=8081): Max retries exceeded with url: /artifactory/api/security/permissions/fixture_permission (Caused by NewConnectionError('<urllib3.connection.HTTPConnection object at 0xbe9be53>: Failed to establish a new connection: [Errno 111] Connection refused'))
_________________________ ERROR at setup of test_root __________________________
Traceback (most recent call last):
  File "/workdir/dohq-artifactory-0.8.4/.tox/graalpylibtest-unit-test-tests/lib/python3.10/site-packages/urllib3/connection.py", line 203, in _new_conn
    sock = connection.create_connection(
  File "/workdir/dohq-artifactory-0.8.4/.tox/graalpylibtest-unit-test-tests/lib/python3.10/site-packages/urllib3/util/connection.py", line 85, in create_connection
    raise err
  File "/workdir/dohq-artifactory-0.8.4/.tox/graalpylibtest-unit-test-tests/lib/python3.10/site-packages/urllib3/util/connection.py", line 73, in create_connection
    sock.connect(sa)
ConnectionRefusedError: [Errno 111] Connection refused

The above exception was the direct cause of the following exception:

Traceback (most recent call last):
  File "/workdir/dohq-artifactory-0.8.4/.tox/graalpylibtest-unit-test-tests/lib/python3.10/site-packages/urllib3/connectionpool.py", line 790, in urlopen
    response = self._make_request(
  File "/workdir/dohq-artifactory-0.8.4/.tox/graalpylibtest-unit-test-tests/lib/python3.10/site-packages/urllib3/connectionpool.py", line 496, in _make_request
    conn.request(
  File "/workdir/dohq-artifactory-0.8.4/.tox/graalpylibtest-unit-test-tests/lib/python3.10/site-packages/urllib3/connection.py", line 395, in request
    self.endheaders()
  File "/opt/graalpy/lib/python3.10/http/client.py", line 1277, in endheaders
    self._send_output(message_body, encode_chunked=encode_chunked)
  File "/opt/graalpy/lib/python3.10/http/client.py", line 1037, in _send_output
    self.send(msg)
  File "/opt/graalpy/lib/python3.10/http/client.py", line 975, in send
    self.connect()
  File "/workdir/dohq-artifactory-0.8.4/.tox/graalpylibtest-unit-test-tests/lib/python3.10/site-packages/urllib3/connection.py", line 243, in connect
    self.sock = self._new_conn()
  File "/workdir/dohq-artifactory-0.8.4/.tox/graalpylibtest-unit-test-tests/lib/python3.10/site-packages/urllib3/connection.py", line 218, in _new_conn
    raise NewConnectionError(
urllib3.exceptions.NewConnectionError: <urllib3.connection.HTTPConnection object at 0x1f412d04>: Failed to establish a new connection: [Errno 111] Connection refused

The above exception was the direct cause of the following exception:

Traceback (most recent call last):
  File "/workdir/dohq-artifactory-0.8.4/.tox/graalpylibtest-unit-test-tests/lib/python3.10/site-packages/requests/adapters.py", line 486, in send
    resp = conn.urlopen(
  File "/workdir/dohq-artifactory-0.8.4/.tox/graalpylibtest-unit-test-tests/lib/python3.10/site-packages/urllib3/connectionpool.py", line 844, in urlopen
    retries = retries.increment(
  File "/workdir/dohq-artifactory-0.8.4/.tox/graalpylibtest-unit-test-tests/lib/python3.10/site-packages/urllib3/util/retry.py", line 515, in increment
    raise MaxRetryError(_pool, url, reason) from reason  # type: ignore[arg-type]
urllib3.exceptions.MaxRetryError: HTTPConnectionPool(host='localhost', port=8081): Max retries exceeded with url: /artifactory/api/repositories/integration-artifactory-path-repo (Caused by NewConnectionError('<urllib3.connection.HTTPConnection object at 0x1f412d04>: Failed to establish a new connection: [Errno 111] Connection refused'))

During handling of the above exception, another exception occurred:

Traceback (most recent call last):
  File "/workdir/dohq-artifactory-0.8.4/.tox/graalpylibtest-unit-test-tests/lib/python3.10/site-packages/_pytest/runner.py", line 341, in from_call
    result: Optional[TResult] = func()
  File "/workdir/dohq-artifactory-0.8.4/.tox/graalpylibtest-unit-test-tests/lib/python3.10/site-packages/_pytest/runner.py", line 262, in <lambda>
    lambda: ihook(item=item, **kwds), when=when, reraise=reraise
  File "/workdir/dohq-artifactory-0.8.4/.tox/graalpylibtest-unit-test-tests/lib/python3.10/site-packages/pluggy/_hooks.py", line 493, in __call__
    return self._hookexec(self.name, self._hookimpls, kwargs, firstresult)
  File "/workdir/dohq-artifactory-0.8.4/.tox/graalpylibtest-unit-test-tests/lib/python3.10/site-packages/pluggy/_manager.py", line 115, in _hookexec
    return self._inner_hookexec(hook_name, methods, kwargs, firstresult)
  File "/workdir/dohq-artifactory-0.8.4/.tox/graalpylibtest-unit-test-tests/lib/python3.10/site-packages/pluggy/_callers.py", line 152, in _multicall
    return outcome.get_result()
  File "/workdir/dohq-artifactory-0.8.4/.tox/graalpylibtest-unit-test-tests/lib/python3.10/site-packages/pluggy/_result.py", line 114, in get_result
    raise exc.with_traceback(exc.__traceback__)
  File "/workdir/dohq-artifactory-0.8.4/.tox/graalpylibtest-unit-test-tests/lib/python3.10/site-packages/pluggy/_callers.py", line 77, in _multicall
    res = hook_impl.function(*args)
  File "/workdir/dohq-artifactory-0.8.4/.tox/graalpylibtest-unit-test-tests/lib/python3.10/site-packages/_pytest/runner.py", line 157, in pytest_runtest_setup
    item.session._setupstate.setup(item)
  File "/workdir/dohq-artifactory-0.8.4/.tox/graalpylibtest-unit-test-tests/lib/python3.10/site-packages/_pytest/runner.py", line 497, in setup
    raise exc
  File "/workdir/dohq-artifactory-0.8.4/.tox/graalpylibtest-unit-test-tests/lib/python3.10/site-packages/_pytest/runner.py", line 494, in setup
    col.setup()
  File "/workdir/dohq-artifactory-0.8.4/.tox/graalpylibtest-unit-test-tests/lib/python3.10/site-packages/_pytest/python.py", line 1795, in setup
    self._request._fillfixtures()
  File "/workdir/dohq-artifactory-0.8.4/.tox/graalpylibtest-unit-test-tests/lib/python3.10/site-packages/_pytest/fixtures.py", line 566, in _fillfixtures
    item.funcargs[argname] = self.getfixturevalue(argname)
  File "/workdir/dohq-artifactory-0.8.4/.tox/graalpylibtest-unit-test-tests/lib/python3.10/site-packages/_pytest/fixtures.py", line 585, in getfixturevalue
    fixturedef = self._get_active_fixturedef(argname)
  File "/workdir/dohq-artifactory-0.8.4/.tox/graalpylibtest-unit-test-tests/lib/python3.10/site-packages/_pytest/fixtures.py", line 607, in _get_active_fixturedef
    self._compute_fixture_value(fixturedef)
  File "/workdir/dohq-artifactory-0.8.4/.tox/graalpylibtest-unit-test-tests/lib/python3.10/site-packages/_pytest/fixtures.py", line 693, in _compute_fixture_value
    fixturedef.execute(request=subrequest)
  File "/workdir/dohq-artifactory-0.8.4/.tox/graalpylibtest-unit-test-tests/lib/python3.10/site-packages/_pytest/fixtures.py", line 1045, in execute
    fixturedef = request._get_active_fixturedef(argname)
  File "/workdir/dohq-artifactory-0.8.4/.tox/graalpylibtest-unit-test-tests/lib/python3.10/site-packages/_pytest/fixtures.py", line 607, in _get_active_fixturedef
    self._compute_fixture_value(fixturedef)
  File "/workdir/dohq-artifactory-0.8.4/.tox/graalpylibtest-unit-test-tests/lib/python3.10/site-packages/_pytest/fixtures.py", line 693, in _compute_fixture_value
    fixturedef.execute(request=subrequest)
  File "/workdir/dohq-artifactory-0.8.4/.tox/graalpylibtest-unit-test-tests/lib/python3.10/site-packages/_pytest/fixtures.py", line 1069, in execute
    result = ihook.pytest_fixture_setup(fixturedef=self, request=request)
  File "/workdir/dohq-artifactory-0.8.4/.tox/graalpylibtest-unit-test-tests/lib/python3.10/site-packages/pluggy/_hooks.py", line 493, in __call__
    return self._hookexec(self.name, self._hookimpls, kwargs, firstresult)
  File "/workdir/dohq-artifactory-0.8.4/.tox/graalpylibtest-unit-test-tests/lib/python3.10/site-packages/pluggy/_manager.py", line 115, in _hookexec
    return self._inner_hookexec(hook_name, methods, kwargs, firstresult)
  File "/workdir/dohq-artifactory-0.8.4/.tox/graalpylibtest-unit-test-tests/lib/python3.10/site-packages/pluggy/_callers.py", line 152, in _multicall
    return outcome.get_result()
  File "/workdir/dohq-artifactory-0.8.4/.tox/graalpylibtest-unit-test-tests/lib/python3.10/site-packages/pluggy/_result.py", line 114, in get_result
    raise exc.with_traceback(exc.__traceback__)
  File "/workdir/dohq-artifactory-0.8.4/.tox/graalpylibtest-unit-test-tests/lib/python3.10/site-packages/pluggy/_callers.py", line 77, in _multicall
    res = hook_impl.function(*args)
  File "/workdir/dohq-artifactory-0.8.4/.tox/graalpylibtest-unit-test-tests/lib/python3.10/site-packages/_pytest/fixtures.py", line 1123, in pytest_fixture_setup
    result = call_fixture_func(fixturefunc, request, kwargs)
  File "/workdir/dohq-artifactory-0.8.4/.tox/graalpylibtest-unit-test-tests/lib/python3.10/site-packages/_pytest/fixtures.py", line 895, in call_fixture_func
    fixture_result = next(generator)
  File "/workdir/dohq-artifactory-0.8.4/tests/conftest.py", line 123, in integration_artifactory_path_repo
    repo_ = artifactory.find_repository_local(name)
  File "/workdir/dohq-artifactory-0.8.4/.tox/graalpylibtest-unit-test-tests/lib/python3.10/site-packages/artifactory.py", line 2315, in find_repository_local
    if obj.read():
  File "/workdir/dohq-artifactory-0.8.4/.tox/graalpylibtest-unit-test-tests/lib/python3.10/site-packages/dohq_artifactory/admin.py", line 139, in read
    r = self._session.get(request_url, auth=self._auth)
  File "/workdir/dohq-artifactory-0.8.4/.tox/graalpylibtest-unit-test-tests/lib/python3.10/site-packages/requests/sessions.py", line 602, in get
    return self.request("GET", url, **kwargs)
  File "/workdir/dohq-artifactory-0.8.4/.tox/graalpylibtest-unit-test-tests/lib/python3.10/site-packages/requests/sessions.py", line 589, in request
    resp = self.send(prep, **send_kwargs)
  File "/workdir/dohq-artifactory-0.8.4/.tox/graalpylibtest-unit-test-tests/lib/python3.10/site-packages/requests/sessions.py", line 703, in send
    r = adapter.send(request, **kwargs)
  File "/workdir/dohq-artifactory-0.8.4/.tox/graalpylibtest-unit-test-tests/lib/python3.10/site-packages/requests/adapters.py", line 519, in send
    raise ConnectionError(e, request=request)
requests.exceptions.ConnectionError: HTTPConnectionPool(host='localhost', port=8081): Max retries exceeded with url: /artifactory/api/repositories/integration-artifactory-path-repo (Caused by NewConnectionError('<urllib3.connection.HTTPConnection object at 0x1f412d04>: Failed to establish a new connection: [Errno 111] Connection refused'))
___________________ ERROR at setup of test_repository_isdir ____________________
Traceback (most recent call last):
  File "/workdir/dohq-artifactory-0.8.4/.tox/graalpylibtest-unit-test-tests/lib/python3.10/site-packages/urllib3/connection.py", line 203, in _new_conn
    sock = connection.create_connection(
  File "/workdir/dohq-artifactory-0.8.4/.tox/graalpylibtest-unit-test-tests/lib/python3.10/site-packages/urllib3/util/connection.py", line 85, in create_connection
    raise err
  File "/workdir/dohq-artifactory-0.8.4/.tox/graalpylibtest-unit-test-tests/lib/python3.10/site-packages/urllib3/util/connection.py", line 73, in create_connection
    sock.connect(sa)
ConnectionRefusedError: [Errno 111] Connection refused

The above exception was the direct cause of the following exception:

Traceback (most recent call last):
  File "/workdir/dohq-artifactory-0.8.4/.tox/graalpylibtest-unit-test-tests/lib/python3.10/site-packages/urllib3/connectionpool.py", line 790, in urlopen
    response = self._make_request(
  File "/workdir/dohq-artifactory-0.8.4/.tox/graalpylibtest-unit-test-tests/lib/python3.10/site-packages/urllib3/connectionpool.py", line 496, in _make_request
    conn.request(
  File "/workdir/dohq-artifactory-0.8.4/.tox/graalpylibtest-unit-test-tests/lib/python3.10/site-packages/urllib3/connection.py", line 395, in request
    self.endheaders()
  File "/opt/graalpy/lib/python3.10/http/client.py", line 1277, in endheaders
    self._send_output(message_body, encode_chunked=encode_chunked)
  File "/opt/graalpy/lib/python3.10/http/client.py", line 1037, in _send_output
    self.send(msg)
  File "/opt/graalpy/lib/python3.10/http/client.py", line 975, in send
    self.connect()
  File "/workdir/dohq-artifactory-0.8.4/.tox/graalpylibtest-unit-test-tests/lib/python3.10/site-packages/urllib3/connection.py", line 243, in connect
    self.sock = self._new_conn()
  File "/workdir/dohq-artifactory-0.8.4/.tox/graalpylibtest-unit-test-tests/lib/python3.10/site-packages/urllib3/connection.py", line 218, in _new_conn
    raise NewConnectionError(
urllib3.exceptions.NewConnectionError: <urllib3.connection.HTTPConnection object at 0x5d33b8a2>: Failed to establish a new connection: [Errno 111] Connection refused

The above exception was the direct cause of the following exception:

Traceback (most recent call last):
  File "/workdir/dohq-artifactory-0.8.4/.tox/graalpylibtest-unit-test-tests/lib/python3.10/site-packages/requests/adapters.py", line 486, in send
    resp = conn.urlopen(
  File "/workdir/dohq-artifactory-0.8.4/.tox/graalpylibtest-unit-test-tests/lib/python3.10/site-packages/urllib3/connectionpool.py", line 844, in urlopen
    retries = retries.increment(
  File "/workdir/dohq-artifactory-0.8.4/.tox/graalpylibtest-unit-test-tests/lib/python3.10/site-packages/urllib3/util/retry.py", line 515, in increment
    raise MaxRetryError(_pool, url, reason) from reason  # type: ignore[arg-type]
urllib3.exceptions.MaxRetryError: HTTPConnectionPool(host='localhost', port=8081): Max retries exceeded with url: /artifactory/api/repositories/integration-artifactory-path-repo (Caused by NewConnectionError('<urllib3.connection.HTTPConnection object at 0x5d33b8a2>: Failed to establish a new connection: [Errno 111] Connection refused'))

During handling of the above exception, another exception occurred:

Traceback (most recent call last):
  File "/workdir/dohq-artifactory-0.8.4/.tox/graalpylibtest-unit-test-tests/lib/python3.10/site-packages/_pytest/runner.py", line 341, in from_call
    result: Optional[TResult] = func()
  File "/workdir/dohq-artifactory-0.8.4/.tox/graalpylibtest-unit-test-tests/lib/python3.10/site-packages/_pytest/runner.py", line 262, in <lambda>
    lambda: ihook(item=item, **kwds), when=when, reraise=reraise
  File "/workdir/dohq-artifactory-0.8.4/.tox/graalpylibtest-unit-test-tests/lib/python3.10/site-packages/pluggy/_hooks.py", line 493, in __call__
    return self._hookexec(self.name, self._hookimpls, kwargs, firstresult)
  File "/workdir/dohq-artifactory-0.8.4/.tox/graalpylibtest-unit-test-tests/lib/python3.10/site-packages/pluggy/_manager.py", line 115, in _hookexec
    return self._inner_hookexec(hook_name, methods, kwargs, firstresult)
  File "/workdir/dohq-artifactory-0.8.4/.tox/graalpylibtest-unit-test-tests/lib/python3.10/site-packages/pluggy/_callers.py", line 152, in _multicall
    return outcome.get_result()
  File "/workdir/dohq-artifactory-0.8.4/.tox/graalpylibtest-unit-test-tests/lib/python3.10/site-packages/pluggy/_result.py", line 114, in get_result
    raise exc.with_traceback(exc.__traceback__)
  File "/workdir/dohq-artifactory-0.8.4/.tox/graalpylibtest-unit-test-tests/lib/python3.10/site-packages/pluggy/_callers.py", line 77, in _multicall
    res = hook_impl.function(*args)
  File "/workdir/dohq-artifactory-0.8.4/.tox/graalpylibtest-unit-test-tests/lib/python3.10/site-packages/_pytest/runner.py", line 157, in pytest_runtest_setup
    item.session._setupstate.setup(item)
  File "/workdir/dohq-artifactory-0.8.4/.tox/graalpylibtest-unit-test-tests/lib/python3.10/site-packages/_pytest/runner.py", line 497, in setup
    raise exc
  File "/workdir/dohq-artifactory-0.8.4/.tox/graalpylibtest-unit-test-tests/lib/python3.10/site-packages/_pytest/runner.py", line 494, in setup
    col.setup()
  File "/workdir/dohq-artifactory-0.8.4/.tox/graalpylibtest-unit-test-tests/lib/python3.10/site-packages/_pytest/python.py", line 1795, in setup
    self._request._fillfixtures()
  File "/workdir/dohq-artifactory-0.8.4/.tox/graalpylibtest-unit-test-tests/lib/python3.10/site-packages/_pytest/fixtures.py", line 566, in _fillfixtures
    item.funcargs[argname] = self.getfixturevalue(argname)
  File "/workdir/dohq-artifactory-0.8.4/.tox/graalpylibtest-unit-test-tests/lib/python3.10/site-packages/_pytest/fixtures.py", line 585, in getfixturevalue
    fixturedef = self._get_active_fixturedef(argname)
  File "/workdir/dohq-artifactory-0.8.4/.tox/graalpylibtest-unit-test-tests/lib/python3.10/site-packages/_pytest/fixtures.py", line 607, in _get_active_fixturedef
    self._compute_fixture_value(fixturedef)
  File "/workdir/dohq-artifactory-0.8.4/.tox/graalpylibtest-unit-test-tests/lib/python3.10/site-packages/_pytest/fixtures.py", line 693, in _compute_fixture_value
    fixturedef.execute(request=subrequest)
  File "/workdir/dohq-artifactory-0.8.4/.tox/graalpylibtest-unit-test-tests/lib/python3.10/site-packages/_pytest/fixtures.py", line 1045, in execute
    fixturedef = request._get_active_fixturedef(argname)
  File "/workdir/dohq-artifactory-0.8.4/.tox/graalpylibtest-unit-test-tests/lib/python3.10/site-packages/_pytest/fixtures.py", line 607, in _get_active_fixturedef
    self._compute_fixture_value(fixturedef)
  File "/workdir/dohq-artifactory-0.8.4/.tox/graalpylibtest-unit-test-tests/lib/python3.10/site-packages/_pytest/fixtures.py", line 693, in _compute_fixture_value
    fixturedef.execute(request=subrequest)
  File "/workdir/dohq-artifactory-0.8.4/.tox/graalpylibtest-unit-test-tests/lib/python3.10/site-packages/_pytest/fixtures.py", line 1069, in execute
    result = ihook.pytest_fixture_setup(fixturedef=self, request=request)
  File "/workdir/dohq-artifactory-0.8.4/.tox/graalpylibtest-unit-test-tests/lib/python3.10/site-packages/pluggy/_hooks.py", line 493, in __call__
    return self._hookexec(self.name, self._hookimpls, kwargs, firstresult)
  File "/workdir/dohq-artifactory-0.8.4/.tox/graalpylibtest-unit-test-tests/lib/python3.10/site-packages/pluggy/_manager.py", line 115, in _hookexec
    return self._inner_hookexec(hook_name, methods, kwargs, firstresult)
  File "/workdir/dohq-artifactory-0.8.4/.tox/graalpylibtest-unit-test-tests/lib/python3.10/site-packages/pluggy/_callers.py", line 152, in _multicall
    return outcome.get_result()
  File "/workdir/dohq-artifactory-0.8.4/.tox/graalpylibtest-unit-test-tests/lib/python3.10/site-packages/pluggy/_result.py", line 114, in get_result
    raise exc.with_traceback(exc.__traceback__)
  File "/workdir/dohq-artifactory-0.8.4/.tox/graalpylibtest-unit-test-tests/lib/python3.10/site-packages/pluggy/_callers.py", line 77, in _multicall
    res = hook_impl.function(*args)
  File "/workdir/dohq-artifactory-0.8.4/.tox/graalpylibtest-unit-test-tests/lib/python3.10/site-packages/_pytest/fixtures.py", line 1123, in pytest_fixture_setup
    result = call_fixture_func(fixturefunc, request, kwargs)
  File "/workdir/dohq-artifactory-0.8.4/.tox/graalpylibtest-unit-test-tests/lib/python3.10/site-packages/_pytest/fixtures.py", line 895, in call_fixture_func
    fixture_result = next(generator)
  File "/workdir/dohq-artifactory-0.8.4/tests/conftest.py", line 123, in integration_artifactory_path_repo
    repo_ = artifactory.find_repository_local(name)
  File "/workdir/dohq-artifactory-0.8.4/.tox/graalpylibtest-unit-test-tests/lib/python3.10/site-packages/artifactory.py", line 2315, in find_repository_local
    if obj.read():
  File "/workdir/dohq-artifactory-0.8.4/.tox/graalpylibtest-unit-test-tests/lib/python3.10/site-packages/dohq_artifactory/admin.py", line 139, in read
    r = self._session.get(request_url, auth=self._auth)
  File "/workdir/dohq-artifactory-0.8.4/.tox/graalpylibtest-unit-test-tests/lib/python3.10/site-packages/requests/sessions.py", line 602, in get
    return self.request("GET", url, **kwargs)
  File "/workdir/dohq-artifactory-0.8.4/.tox/graalpylibtest-unit-test-tests/lib/python3.10/site-packages/requests/sessions.py", line 589, in request
    resp = self.send(prep, **send_kwargs)
  File "/workdir/dohq-artifactory-0.8.4/.tox/graalpylibtest-unit-test-tests/lib/python3.10/site-packages/requests/sessions.py", line 703, in send
    r = adapter.send(request, **kwargs)
  File "/workdir/dohq-artifactory-0.8.4/.tox/graalpylibtest-unit-test-tests/lib/python3.10/site-packages/requests/adapters.py", line 519, in send
    raise ConnectionError(e, request=request)
requests.exceptions.ConnectionError: HTTPConnectionPool(host='localhost', port=8081): Max retries exceeded with url: /artifactory/api/repositories/integration-artifactory-path-repo (Caused by NewConnectionError('<urllib3.connection.HTTPConnection object at 0x5d33b8a2>: Failed to establish a new connection: [Errno 111] Connection refused'))
_________________________ ERROR at setup of test_owner _________________________
Traceback (most recent call last):
  File "/workdir/dohq-artifactory-0.8.4/.tox/graalpylibtest-unit-test-tests/lib/python3.10/site-packages/urllib3/connection.py", line 203, in _new_conn
    sock = connection.create_connection(
  File "/workdir/dohq-artifactory-0.8.4/.tox/graalpylibtest-unit-test-tests/lib/python3.10/site-packages/urllib3/util/connection.py", line 85, in create_connection
    raise err
  File "/workdir/dohq-artifactory-0.8.4/.tox/graalpylibtest-unit-test-tests/lib/python3.10/site-packages/urllib3/util/connection.py", line 73, in create_connection
    sock.connect(sa)
ConnectionRefusedError: [Errno 111] Connection refused

The above exception was the direct cause of the following exception:

Traceback (most recent call last):
  File "/workdir/dohq-artifactory-0.8.4/.tox/graalpylibtest-unit-test-tests/lib/python3.10/site-packages/urllib3/connectionpool.py", line 790, in urlopen
    response = self._make_request(
  File "/workdir/dohq-artifactory-0.8.4/.tox/graalpylibtest-unit-test-tests/lib/python3.10/site-packages/urllib3/connectionpool.py", line 496, in _make_request
    conn.request(
  File "/workdir/dohq-artifactory-0.8.4/.tox/graalpylibtest-unit-test-tests/lib/python3.10/site-packages/urllib3/connection.py", line 395, in request
    self.endheaders()
  File "/opt/graalpy/lib/python3.10/http/client.py", line 1277, in endheaders
    self._send_output(message_body, encode_chunked=encode_chunked)
  File "/opt/graalpy/lib/python3.10/http/client.py", line 1037, in _send_output
    self.send(msg)
  File "/opt/graalpy/lib/python3.10/http/client.py", line 975, in send
    self.connect()
  File "/workdir/dohq-artifactory-0.8.4/.tox/graalpylibtest-unit-test-tests/lib/python3.10/site-packages/urllib3/connection.py", line 243, in connect
    self.sock = self._new_conn()
  File "/workdir/dohq-artifactory-0.8.4/.tox/graalpylibtest-unit-test-tests/lib/python3.10/site-packages/urllib3/connection.py", line 218, in _new_conn
    raise NewConnectionError(
urllib3.exceptions.NewConnectionError: <urllib3.connection.HTTPConnection object at 0x6ec3655d>: Failed to establish a new connection: [Errno 111] Connection refused

The above exception was the direct cause of the following exception:

Traceback (most recent call last):
  File "/workdir/dohq-artifactory-0.8.4/.tox/graalpylibtest-unit-test-tests/lib/python3.10/site-packages/requests/adapters.py", line 486, in send
    resp = conn.urlopen(
  File "/workdir/dohq-artifactory-0.8.4/.tox/graalpylibtest-unit-test-tests/lib/python3.10/site-packages/urllib3/connectionpool.py", line 844, in urlopen
    retries = retries.increment(
  File "/workdir/dohq-artifactory-0.8.4/.tox/graalpylibtest-unit-test-tests/lib/python3.10/site-packages/urllib3/util/retry.py", line 515, in increment
    raise MaxRetryError(_pool, url, reason) from reason  # type: ignore[arg-type]
urllib3.exceptions.MaxRetryError: HTTPConnectionPool(host='localhost', port=8081): Max retries exceeded with url: /artifactory/api/repositories/integration-artifactory-path-repo (Caused by NewConnectionError('<urllib3.connection.HTTPConnection object at 0x6ec3655d>: Failed to establish a new connection: [Errno 111] Connection refused'))

During handling of the above exception, another exception occurred:

Traceback (most recent call last):
  File "/workdir/dohq-artifactory-0.8.4/.tox/graalpylibtest-unit-test-tests/lib/python3.10/site-packages/_pytest/runner.py", line 341, in from_call
    result: Optional[TResult] = func()
  File "/workdir/dohq-artifactory-0.8.4/.tox/graalpylibtest-unit-test-tests/lib/python3.10/site-packages/_pytest/runner.py", line 262, in <lambda>
    lambda: ihook(item=item, **kwds), when=when, reraise=reraise
  File "/workdir/dohq-artifactory-0.8.4/.tox/graalpylibtest-unit-test-tests/lib/python3.10/site-packages/pluggy/_hooks.py", line 493, in __call__
    return self._hookexec(self.name, self._hookimpls, kwargs, firstresult)
  File "/workdir/dohq-artifactory-0.8.4/.tox/graalpylibtest-unit-test-tests/lib/python3.10/site-packages/pluggy/_manager.py", line 115, in _hookexec
    return self._inner_hookexec(hook_name, methods, kwargs, firstresult)
  File "/workdir/dohq-artifactory-0.8.4/.tox/graalpylibtest-unit-test-tests/lib/python3.10/site-packages/pluggy/_callers.py", line 152, in _multicall
    return outcome.get_result()
  File "/workdir/dohq-artifactory-0.8.4/.tox/graalpylibtest-unit-test-tests/lib/python3.10/site-packages/pluggy/_result.py", line 114, in get_result
    raise exc.with_traceback(exc.__traceback__)
  File "/workdir/dohq-artifactory-0.8.4/.tox/graalpylibtest-unit-test-tests/lib/python3.10/site-packages/pluggy/_callers.py", line 77, in _multicall
    res = hook_impl.function(*args)
  File "/workdir/dohq-artifactory-0.8.4/.tox/graalpylibtest-unit-test-tests/lib/python3.10/site-packages/_pytest/runner.py", line 157, in pytest_runtest_setup
    item.session._setupstate.setup(item)
  File "/workdir/dohq-artifactory-0.8.4/.tox/graalpylibtest-unit-test-tests/lib/python3.10/site-packages/_pytest/runner.py", line 497, in setup
    raise exc
  File "/workdir/dohq-artifactory-0.8.4/.tox/graalpylibtest-unit-test-tests/lib/python3.10/site-packages/_pytest/runner.py", line 494, in setup
    col.setup()
  File "/workdir/dohq-artifactory-0.8.4/.tox/graalpylibtest-unit-test-tests/lib/python3.10/site-packages/_pytest/python.py", line 1795, in setup
    self._request._fillfixtures()
  File "/workdir/dohq-artifactory-0.8.4/.tox/graalpylibtest-unit-test-tests/lib/python3.10/site-packages/_pytest/fixtures.py", line 566, in _fillfixtures
    item.funcargs[argname] = self.getfixturevalue(argname)
  File "/workdir/dohq-artifactory-0.8.4/.tox/graalpylibtest-unit-test-tests/lib/python3.10/site-packages/_pytest/fixtures.py", line 585, in getfixturevalue
    fixturedef = self._get_active_fixturedef(argname)
  File "/workdir/dohq-artifactory-0.8.4/.tox/graalpylibtest-unit-test-tests/lib/python3.10/site-packages/_pytest/fixtures.py", line 607, in _get_active_fixturedef
    self._compute_fixture_value(fixturedef)
  File "/workdir/dohq-artifactory-0.8.4/.tox/graalpylibtest-unit-test-tests/lib/python3.10/site-packages/_pytest/fixtures.py", line 693, in _compute_fixture_value
    fixturedef.execute(request=subrequest)
  File "/workdir/dohq-artifactory-0.8.4/.tox/graalpylibtest-unit-test-tests/lib/python3.10/site-packages/_pytest/fixtures.py", line 1045, in execute
    fixturedef = request._get_active_fixturedef(argname)
  File "/workdir/dohq-artifactory-0.8.4/.tox/graalpylibtest-unit-test-tests/lib/python3.10/site-packages/_pytest/fixtures.py", line 607, in _get_active_fixturedef
    self._compute_fixture_value(fixturedef)
  File "/workdir/dohq-artifactory-0.8.4/.tox/graalpylibtest-unit-test-tests/lib/python3.10/site-packages/_pytest/fixtures.py", line 693, in _compute_fixture_value
    fixturedef.execute(request=subrequest)
  File "/workdir/dohq-artifactory-0.8.4/.tox/graalpylibtest-unit-test-tests/lib/python3.10/site-packages/_pytest/fixtures.py", line 1069, in execute
    result = ihook.pytest_fixture_setup(fixturedef=self, request=request)
  File "/workdir/dohq-artifactory-0.8.4/.tox/graalpylibtest-unit-test-tests/lib/python3.10/site-packages/pluggy/_hooks.py", line 493, in __call__
    return self._hookexec(self.name, self._hookimpls, kwargs, firstresult)
  File "/workdir/dohq-artifactory-0.8.4/.tox/graalpylibtest-unit-test-tests/lib/python3.10/site-packages/pluggy/_manager.py", line 115, in _hookexec
    return self._inner_hookexec(hook_name, methods, kwargs, firstresult)
  File "/workdir/dohq-artifactory-0.8.4/.tox/graalpylibtest-unit-test-tests/lib/python3.10/site-packages/pluggy/_callers.py", line 152, in _multicall
    return outcome.get_result()
  File "/workdir/dohq-artifactory-0.8.4/.tox/graalpylibtest-unit-test-tests/lib/python3.10/site-packages/pluggy/_result.py", line 114, in get_result
    raise exc.with_traceback(exc.__traceback__)
  File "/workdir/dohq-artifactory-0.8.4/.tox/graalpylibtest-unit-test-tests/lib/python3.10/site-packages/pluggy/_callers.py", line 77, in _multicall
    res = hook_impl.function(*args)
  File "/workdir/dohq-artifactory-0.8.4/.tox/graalpylibtest-unit-test-tests/lib/python3.10/site-packages/_pytest/fixtures.py", line 1123, in pytest_fixture_setup
    result = call_fixture_func(fixturefunc, request, kwargs)
  File "/workdir/dohq-artifactory-0.8.4/.tox/graalpylibtest-unit-test-tests/lib/python3.10/site-packages/_pytest/fixtures.py", line 895, in call_fixture_func
    fixture_result = next(generator)
  File "/workdir/dohq-artifactory-0.8.4/tests/conftest.py", line 123, in integration_artifactory_path_repo
    repo_ = artifactory.find_repository_local(name)
  File "/workdir/dohq-artifactory-0.8.4/.tox/graalpylibtest-unit-test-tests/lib/python3.10/site-packages/artifactory.py", line 2315, in find_repository_local
    if obj.read():
  File "/workdir/dohq-artifactory-0.8.4/.tox/graalpylibtest-unit-test-tests/lib/python3.10/site-packages/dohq_artifactory/admin.py", line 139, in read
    r = self._session.get(request_url, auth=self._auth)
  File "/workdir/dohq-artifactory-0.8.4/.tox/graalpylibtest-unit-test-tests/lib/python3.10/site-packages/requests/sessions.py", line 602, in get
    return self.request("GET", url, **kwargs)
  File "/workdir/dohq-artifactory-0.8.4/.tox/graalpylibtest-unit-test-tests/lib/python3.10/site-packages/requests/sessions.py", line 589, in request
    resp = self.send(prep, **send_kwargs)
  File "/workdir/dohq-artifactory-0.8.4/.tox/graalpylibtest-unit-test-tests/lib/python3.10/site-packages/requests/sessions.py", line 703, in send
    r = adapter.send(request, **kwargs)
  File "/workdir/dohq-artifactory-0.8.4/.tox/graalpylibtest-unit-test-tests/lib/python3.10/site-packages/requests/adapters.py", line 519, in send
    raise ConnectionError(e, request=request)
requests.exceptions.ConnectionError: HTTPConnectionPool(host='localhost', port=8081): Max retries exceeded with url: /artifactory/api/repositories/integration-artifactory-path-repo (Caused by NewConnectionError('<urllib3.connection.HTTPConnection object at 0x6ec3655d>: Failed to establish a new connection: [Errno 111] Connection refused'))
_________________________ ERROR at setup of test_mkdir _________________________
Traceback (most recent call last):
  File "/workdir/dohq-artifactory-0.8.4/.tox/graalpylibtest-unit-test-tests/lib/python3.10/site-packages/urllib3/connection.py", line 203, in _new_conn
    sock = connection.create_connection(
  File "/workdir/dohq-artifactory-0.8.4/.tox/graalpylibtest-unit-test-tests/lib/python3.10/site-packages/urllib3/util/connection.py", line 85, in create_connection
    raise err
  File "/workdir/dohq-artifactory-0.8.4/.tox/graalpylibtest-unit-test-tests/lib/python3.10/site-packages/urllib3/util/connection.py", line 73, in create_connection
    sock.connect(sa)
ConnectionRefusedError: [Errno 111] Connection refused

The above exception was the direct cause of the following exception:

Traceback (most recent call last):
  File "/workdir/dohq-artifactory-0.8.4/.tox/graalpylibtest-unit-test-tests/lib/python3.10/site-packages/urllib3/connectionpool.py", line 790, in urlopen
    response = self._make_request(
  File "/workdir/dohq-artifactory-0.8.4/.tox/graalpylibtest-unit-test-tests/lib/python3.10/site-packages/urllib3/connectionpool.py", line 496, in _make_request
    conn.request(
  File "/workdir/dohq-artifactory-0.8.4/.tox/graalpylibtest-unit-test-tests/lib/python3.10/site-packages/urllib3/connection.py", line 395, in request
    self.endheaders()
  File "/opt/graalpy/lib/python3.10/http/client.py", line 1277, in endheaders
    self._send_output(message_body, encode_chunked=encode_chunked)
  File "/opt/graalpy/lib/python3.10/http/client.py", line 1037, in _send_output
    self.send(msg)
  File "/opt/graalpy/lib/python3.10/http/client.py", line 975, in send
    self.connect()
  File "/workdir/dohq-artifactory-0.8.4/.tox/graalpylibtest-unit-test-tests/lib/python3.10/site-packages/urllib3/connection.py", line 243, in connect
    self.sock = self._new_conn()
  File "/workdir/dohq-artifactory-0.8.4/.tox/graalpylibtest-unit-test-tests/lib/python3.10/site-packages/urllib3/connection.py", line 218, in _new_conn
    raise NewConnectionError(
urllib3.exceptions.NewConnectionError: <urllib3.connection.HTTPConnection object at 0x4020be5e>: Failed to establish a new connection: [Errno 111] Connection refused

The above exception was the direct cause of the following exception:

Traceback (most recent call last):
  File "/workdir/dohq-artifactory-0.8.4/.tox/graalpylibtest-unit-test-tests/lib/python3.10/site-packages/requests/adapters.py", line 486, in send
    resp = conn.urlopen(
  File "/workdir/dohq-artifactory-0.8.4/.tox/graalpylibtest-unit-test-tests/lib/python3.10/site-packages/urllib3/connectionpool.py", line 844, in urlopen
    retries = retries.increment(
  File "/workdir/dohq-artifactory-0.8.4/.tox/graalpylibtest-unit-test-tests/lib/python3.10/site-packages/urllib3/util/retry.py", line 515, in increment
    raise MaxRetryError(_pool, url, reason) from reason  # type: ignore[arg-type]
urllib3.exceptions.MaxRetryError: HTTPConnectionPool(host='localhost', port=8081): Max retries exceeded with url: /artifactory/api/repositories/integration-artifactory-path-repo (Caused by NewConnectionError('<urllib3.connection.HTTPConnection object at 0x4020be5e>: Failed to establish a new connection: [Errno 111] Connection refused'))

During handling of the above exception, another exception occurred:

Traceback (most recent call last):
  File "/workdir/dohq-artifactory-0.8.4/.tox/graalpylibtest-unit-test-tests/lib/python3.10/site-packages/_pytest/runner.py", line 341, in from_call
    result: Optional[TResult] = func()
  File "/workdir/dohq-artifactory-0.8.4/.tox/graalpylibtest-unit-test-tests/lib/python3.10/site-packages/_pytest/runner.py", line 262, in <lambda>
    lambda: ihook(item=item, **kwds), when=when, reraise=reraise
  File "/workdir/dohq-artifactory-0.8.4/.tox/graalpylibtest-unit-test-tests/lib/python3.10/site-packages/pluggy/_hooks.py", line 493, in __call__
    return self._hookexec(self.name, self._hookimpls, kwargs, firstresult)
  File "/workdir/dohq-artifactory-0.8.4/.tox/graalpylibtest-unit-test-tests/lib/python3.10/site-packages/pluggy/_manager.py", line 115, in _hookexec
    return self._inner_hookexec(hook_name, methods, kwargs, firstresult)
  File "/workdir/dohq-artifactory-0.8.4/.tox/graalpylibtest-unit-test-tests/lib/python3.10/site-packages/pluggy/_callers.py", line 152, in _multicall
    return outcome.get_result()
  File "/workdir/dohq-artifactory-0.8.4/.tox/graalpylibtest-unit-test-tests/lib/python3.10/site-packages/pluggy/_result.py", line 114, in get_result
    raise exc.with_traceback(exc.__traceback__)
  File "/workdir/dohq-artifactory-0.8.4/.tox/graalpylibtest-unit-test-tests/lib/python3.10/site-packages/pluggy/_callers.py", line 77, in _multicall
    res = hook_impl.function(*args)
  File "/workdir/dohq-artifactory-0.8.4/.tox/graalpylibtest-unit-test-tests/lib/python3.10/site-packages/_pytest/runner.py", line 157, in pytest_runtest_setup
    item.session._setupstate.setup(item)
  File "/workdir/dohq-artifactory-0.8.4/.tox/graalpylibtest-unit-test-tests/lib/python3.10/site-packages/_pytest/runner.py", line 497, in setup
    raise exc
  File "/workdir/dohq-artifactory-0.8.4/.tox/graalpylibtest-unit-test-tests/lib/python3.10/site-packages/_pytest/runner.py", line 494, in setup
    col.setup()
  File "/workdir/dohq-artifactory-0.8.4/.tox/graalpylibtest-unit-test-tests/lib/python3.10/site-packages/_pytest/python.py", line 1795, in setup
    self._request._fillfixtures()
  File "/workdir/dohq-artifactory-0.8.4/.tox/graalpylibtest-unit-test-tests/lib/python3.10/site-packages/_pytest/fixtures.py", line 566, in _fillfixtures
    item.funcargs[argname] = self.getfixturevalue(argname)
  File "/workdir/dohq-artifactory-0.8.4/.tox/graalpylibtest-unit-test-tests/lib/python3.10/site-packages/_pytest/fixtures.py", line 585, in getfixturevalue
    fixturedef = self._get_active_fixturedef(argname)
  File "/workdir/dohq-artifactory-0.8.4/.tox/graalpylibtest-unit-test-tests/lib/python3.10/site-packages/_pytest/fixtures.py", line 607, in _get_active_fixturedef
    self._compute_fixture_value(fixturedef)
  File "/workdir/dohq-artifactory-0.8.4/.tox/graalpylibtest-unit-test-tests/lib/python3.10/site-packages/_pytest/fixtures.py", line 693, in _compute_fixture_value
    fixturedef.execute(request=subrequest)
  File "/workdir/dohq-artifactory-0.8.4/.tox/graalpylibtest-unit-test-tests/lib/python3.10/site-packages/_pytest/fixtures.py", line 1045, in execute
    fixturedef = request._get_active_fixturedef(argname)
  File "/workdir/dohq-artifactory-0.8.4/.tox/graalpylibtest-unit-test-tests/lib/python3.10/site-packages/_pytest/fixtures.py", line 607, in _get_active_fixturedef
    self._compute_fixture_value(fixturedef)
  File "/workdir/dohq-artifactory-0.8.4/.tox/graalpylibtest-unit-test-tests/lib/python3.10/site-packages/_pytest/fixtures.py", line 693, in _compute_fixture_value
    fixturedef.execute(request=subrequest)
  File "/workdir/dohq-artifactory-0.8.4/.tox/graalpylibtest-unit-test-tests/lib/python3.10/site-packages/_pytest/fixtures.py", line 1069, in execute
    result = ihook.pytest_fixture_setup(fixturedef=self, request=request)
  File "/workdir/dohq-artifactory-0.8.4/.tox/graalpylibtest-unit-test-tests/lib/python3.10/site-packages/pluggy/_hooks.py", line 493, in __call__
    return self._hookexec(self.name, self._hookimpls, kwargs, firstresult)
  File "/workdir/dohq-artifactory-0.8.4/.tox/graalpylibtest-unit-test-tests/lib/python3.10/site-packages/pluggy/_manager.py", line 115, in _hookexec
    return self._inner_hookexec(hook_name, methods, kwargs, firstresult)
  File "/workdir/dohq-artifactory-0.8.4/.tox/graalpylibtest-unit-test-tests/lib/python3.10/site-packages/pluggy/_callers.py", line 152, in _multicall
    return outcome.get_result()
  File "/workdir/dohq-artifactory-0.8.4/.tox/graalpylibtest-unit-test-tests/lib/python3.10/site-packages/pluggy/_result.py", line 114, in get_result
    raise exc.with_traceback(exc.__traceback__)
  File "/workdir/dohq-artifactory-0.8.4/.tox/graalpylibtest-unit-test-tests/lib/python3.10/site-packages/pluggy/_callers.py", line 77, in _multicall
    res = hook_impl.function(*args)
  File "/workdir/dohq-artifactory-0.8.4/.tox/graalpylibtest-unit-test-tests/lib/python3.10/site-packages/_pytest/fixtures.py", line 1123, in pytest_fixture_setup
    result = call_fixture_func(fixturefunc, request, kwargs)
  File "/workdir/dohq-artifactory-0.8.4/.tox/graalpylibtest-unit-test-tests/lib/python3.10/site-packages/_pytest/fixtures.py", line 895, in call_fixture_func
    fixture_result = next(generator)
  File "/workdir/dohq-artifactory-0.8.4/tests/conftest.py", line 123, in integration_artifactory_path_repo
    repo_ = artifactory.find_repository_local(name)
  File "/workdir/dohq-artifactory-0.8.4/.tox/graalpylibtest-unit-test-tests/lib/python3.10/site-packages/artifactory.py", line 2315, in find_repository_local
    if obj.read():
  File "/workdir/dohq-artifactory-0.8.4/.tox/graalpylibtest-unit-test-tests/lib/python3.10/site-packages/dohq_artifactory/admin.py", line 139, in read
    r = self._session.get(request_url, auth=self._auth)
  File "/workdir/dohq-artifactory-0.8.4/.tox/graalpylibtest-unit-test-tests/lib/python3.10/site-packages/requests/sessions.py", line 602, in get
    return self.request("GET", url, **kwargs)
  File "/workdir/dohq-artifactory-0.8.4/.tox/graalpylibtest-unit-test-tests/lib/python3.10/site-packages/requests/sessions.py", line 589, in request
    resp = self.send(prep, **send_kwargs)
  File "/workdir/dohq-artifactory-0.8.4/.tox/graalpylibtest-unit-test-tests/lib/python3.10/site-packages/requests/sessions.py", line 703, in send
    r = adapter.send(request, **kwargs)
  File "/workdir/dohq-artifactory-0.8.4/.tox/graalpylibtest-unit-test-tests/lib/python3.10/site-packages/requests/adapters.py", line 519, in send
    raise ConnectionError(e, request=request)
requests.exceptions.ConnectionError: HTTPConnectionPool(host='localhost', port=8081): Max retries exceeded with url: /artifactory/api/repositories/integration-artifactory-path-repo (Caused by NewConnectionError('<urllib3.connection.HTTPConnection object at 0x4020be5e>: Failed to establish a new connection: [Errno 111] Connection refused'))
_________________________ ERROR at setup of test_touch _________________________
Traceback (most recent call last):
  File "/workdir/dohq-artifactory-0.8.4/.tox/graalpylibtest-unit-test-tests/lib/python3.10/site-packages/urllib3/connection.py", line 203, in _new_conn
    sock = connection.create_connection(
  File "/workdir/dohq-artifactory-0.8.4/.tox/graalpylibtest-unit-test-tests/lib/python3.10/site-packages/urllib3/util/connection.py", line 85, in create_connection
    raise err
  File "/workdir/dohq-artifactory-0.8.4/.tox/graalpylibtest-unit-test-tests/lib/python3.10/site-packages/urllib3/util/connection.py", line 73, in create_connection
    sock.connect(sa)
ConnectionRefusedError: [Errno 111] Connection refused

The above exception was the direct cause of the following exception:

Traceback (most recent call last):
  File "/workdir/dohq-artifactory-0.8.4/.tox/graalpylibtest-unit-test-tests/lib/python3.10/site-packages/urllib3/connectionpool.py", line 790, in urlopen
    response = self._make_request(
  File "/workdir/dohq-artifactory-0.8.4/.tox/graalpylibtest-unit-test-tests/lib/python3.10/site-packages/urllib3/connectionpool.py", line 496, in _make_request
    conn.request(
  File "/workdir/dohq-artifactory-0.8.4/.tox/graalpylibtest-unit-test-tests/lib/python3.10/site-packages/urllib3/connection.py", line 395, in request
    self.endheaders()
  File "/opt/graalpy/lib/python3.10/http/client.py", line 1277, in endheaders
    self._send_output(message_body, encode_chunked=encode_chunked)
  File "/opt/graalpy/lib/python3.10/http/client.py", line 1037, in _send_output
    self.send(msg)
  File "/opt/graalpy/lib/python3.10/http/client.py", line 975, in send
    self.connect()
  File "/workdir/dohq-artifactory-0.8.4/.tox/graalpylibtest-unit-test-tests/lib/python3.10/site-packages/urllib3/connection.py", line 243, in connect
    self.sock = self._new_conn()
  File "/workdir/dohq-artifactory-0.8.4/.tox/graalpylibtest-unit-test-tests/lib/python3.10/site-packages/urllib3/connection.py", line 218, in _new_conn
    raise NewConnectionError(
urllib3.exceptions.NewConnectionError: <urllib3.connection.HTTPConnection object at 0x7c4737e6>: Failed to establish a new connection: [Errno 111] Connection refused

The above exception was the direct cause of the following exception:

Traceback (most recent call last):
  File "/workdir/dohq-artifactory-0.8.4/.tox/graalpylibtest-unit-test-tests/lib/python3.10/site-packages/requests/adapters.py", line 486, in send
    resp = conn.urlopen(
  File "/workdir/dohq-artifactory-0.8.4/.tox/graalpylibtest-unit-test-tests/lib/python3.10/site-packages/urllib3/connectionpool.py", line 844, in urlopen
    retries = retries.increment(
  File "/workdir/dohq-artifactory-0.8.4/.tox/graalpylibtest-unit-test-tests/lib/python3.10/site-packages/urllib3/util/retry.py", line 515, in increment
    raise MaxRetryError(_pool, url, reason) from reason  # type: ignore[arg-type]
urllib3.exceptions.MaxRetryError: HTTPConnectionPool(host='localhost', port=8081): Max retries exceeded with url: /artifactory/api/repositories/integration-artifactory-path-repo (Caused by NewConnectionError('<urllib3.connection.HTTPConnection object at 0x7c4737e6>: Failed to establish a new connection: [Errno 111] Connection refused'))

During handling of the above exception, another exception occurred:

Traceback (most recent call last):
  File "/workdir/dohq-artifactory-0.8.4/.tox/graalpylibtest-unit-test-tests/lib/python3.10/site-packages/_pytest/runner.py", line 341, in from_call
    result: Optional[TResult] = func()
  File "/workdir/dohq-artifactory-0.8.4/.tox/graalpylibtest-unit-test-tests/lib/python3.10/site-packages/_pytest/runner.py", line 262, in <lambda>
    lambda: ihook(item=item, **kwds), when=when, reraise=reraise
  File "/workdir/dohq-artifactory-0.8.4/.tox/graalpylibtest-unit-test-tests/lib/python3.10/site-packages/pluggy/_hooks.py", line 493, in __call__
    return self._hookexec(self.name, self._hookimpls, kwargs, firstresult)
  File "/workdir/dohq-artifactory-0.8.4/.tox/graalpylibtest-unit-test-tests/lib/python3.10/site-packages/pluggy/_manager.py", line 115, in _hookexec
    return self._inner_hookexec(hook_name, methods, kwargs, firstresult)
  File "/workdir/dohq-artifactory-0.8.4/.tox/graalpylibtest-unit-test-tests/lib/python3.10/site-packages/pluggy/_callers.py", line 152, in _multicall
    return outcome.get_result()
  File "/workdir/dohq-artifactory-0.8.4/.tox/graalpylibtest-unit-test-tests/lib/python3.10/site-packages/pluggy/_result.py", line 114, in get_result
    raise exc.with_traceback(exc.__traceback__)
  File "/workdir/dohq-artifactory-0.8.4/.tox/graalpylibtest-unit-test-tests/lib/python3.10/site-packages/pluggy/_callers.py", line 77, in _multicall
    res = hook_impl.function(*args)
  File "/workdir/dohq-artifactory-0.8.4/.tox/graalpylibtest-unit-test-tests/lib/python3.10/site-packages/_pytest/runner.py", line 157, in pytest_runtest_setup
    item.session._setupstate.setup(item)
  File "/workdir/dohq-artifactory-0.8.4/.tox/graalpylibtest-unit-test-tests/lib/python3.10/site-packages/_pytest/runner.py", line 497, in setup
    raise exc
  File "/workdir/dohq-artifactory-0.8.4/.tox/graalpylibtest-unit-test-tests/lib/python3.10/site-packages/_pytest/runner.py", line 494, in setup
    col.setup()
  File "/workdir/dohq-artifactory-0.8.4/.tox/graalpylibtest-unit-test-tests/lib/python3.10/site-packages/_pytest/python.py", line 1795, in setup
    self._request._fillfixtures()
  File "/workdir/dohq-artifactory-0.8.4/.tox/graalpylibtest-unit-test-tests/lib/python3.10/site-packages/_pytest/fixtures.py", line 566, in _fillfixtures
    item.funcargs[argname] = self.getfixturevalue(argname)
  File "/workdir/dohq-artifactory-0.8.4/.tox/graalpylibtest-unit-test-tests/lib/python3.10/site-packages/_pytest/fixtures.py", line 585, in getfixturevalue
    fixturedef = self._get_active_fixturedef(argname)
  File "/workdir/dohq-artifactory-0.8.4/.tox/graalpylibtest-unit-test-tests/lib/python3.10/site-packages/_pytest/fixtures.py", line 607, in _get_active_fixturedef
    self._compute_fixture_value(fixturedef)
  File "/workdir/dohq-artifactory-0.8.4/.tox/graalpylibtest-unit-test-tests/lib/python3.10/site-packages/_pytest/fixtures.py", line 693, in _compute_fixture_value
    fixturedef.execute(request=subrequest)
  File "/workdir/dohq-artifactory-0.8.4/.tox/graalpylibtest-unit-test-tests/lib/python3.10/site-packages/_pytest/fixtures.py", line 1045, in execute
    fixturedef = request._get_active_fixturedef(argname)
  File "/workdir/dohq-artifactory-0.8.4/.tox/graalpylibtest-unit-test-tests/lib/python3.10/site-packages/_pytest/fixtures.py", line 607, in _get_active_fixturedef
    self._compute_fixture_value(fixturedef)
  File "/workdir/dohq-artifactory-0.8.4/.tox/graalpylibtest-unit-test-tests/lib/python3.10/site-packages/_pytest/fixtures.py", line 693, in _compute_fixture_value
    fixturedef.execute(request=subrequest)
  File "/workdir/dohq-artifactory-0.8.4/.tox/graalpylibtest-unit-test-tests/lib/python3.10/site-packages/_pytest/fixtures.py", line 1069, in execute
    result = ihook.pytest_fixture_setup(fixturedef=self, request=request)
  File "/workdir/dohq-artifactory-0.8.4/.tox/graalpylibtest-unit-test-tests/lib/python3.10/site-packages/pluggy/_hooks.py", line 493, in __call__
    return self._hookexec(self.name, self._hookimpls, kwargs, firstresult)
  File "/workdir/dohq-artifactory-0.8.4/.tox/graalpylibtest-unit-test-tests/lib/python3.10/site-packages/pluggy/_manager.py", line 115, in _hookexec
    return self._inner_hookexec(hook_name, methods, kwargs, firstresult)
  File "/workdir/dohq-artifactory-0.8.4/.tox/graalpylibtest-unit-test-tests/lib/python3.10/site-packages/pluggy/_callers.py", line 152, in _multicall
    return outcome.get_result()
  File "/workdir/dohq-artifactory-0.8.4/.tox/graalpylibtest-unit-test-tests/lib/python3.10/site-packages/pluggy/_result.py", line 114, in get_result
    raise exc.with_traceback(exc.__traceback__)
  File "/workdir/dohq-artifactory-0.8.4/.tox/graalpylibtest-unit-test-tests/lib/python3.10/site-packages/pluggy/_callers.py", line 77, in _multicall
    res = hook_impl.function(*args)
  File "/workdir/dohq-artifactory-0.8.4/.tox/graalpylibtest-unit-test-tests/lib/python3.10/site-packages/_pytest/fixtures.py", line 1123, in pytest_fixture_setup
    result = call_fixture_func(fixturefunc, request, kwargs)
  File "/workdir/dohq-artifactory-0.8.4/.tox/graalpylibtest-unit-test-tests/lib/python3.10/site-packages/_pytest/fixtures.py", line 895, in call_fixture_func
    fixture_result = next(generator)
  File "/workdir/dohq-artifactory-0.8.4/tests/conftest.py", line 123, in integration_artifactory_path_repo
    repo_ = artifactory.find_repository_local(name)
  File "/workdir/dohq-artifactory-0.8.4/.tox/graalpylibtest-unit-test-tests/lib/python3.10/site-packages/artifactory.py", line 2315, in find_repository_local
    if obj.read():
  File "/workdir/dohq-artifactory-0.8.4/.tox/graalpylibtest-unit-test-tests/lib/python3.10/site-packages/dohq_artifactory/admin.py", line 139, in read
    r = self._session.get(request_url, auth=self._auth)
  File "/workdir/dohq-artifactory-0.8.4/.tox/graalpylibtest-unit-test-tests/lib/python3.10/site-packages/requests/sessions.py", line 602, in get
    return self.request("GET", url, **kwargs)
  File "/workdir/dohq-artifactory-0.8.4/.tox/graalpylibtest-unit-test-tests/lib/python3.10/site-packages/requests/sessions.py", line 589, in request
    resp = self.send(prep, **send_kwargs)
  File "/workdir/dohq-artifactory-0.8.4/.tox/graalpylibtest-unit-test-tests/lib/python3.10/site-packages/requests/sessions.py", line 703, in send
    r = adapter.send(request, **kwargs)
  File "/workdir/dohq-artifactory-0.8.4/.tox/graalpylibtest-unit-test-tests/lib/python3.10/site-packages/requests/adapters.py", line 519, in send
    raise ConnectionError(e, request=request)
requests.exceptions.ConnectionError: HTTPConnectionPool(host='localhost', port=8081): Max retries exceeded with url: /artifactory/api/repositories/integration-artifactory-path-repo (Caused by NewConnectionError('<urllib3.connection.HTTPConnection object at 0x7c4737e6>: Failed to establish a new connection: [Errno 111] Connection refused'))
________________________ ERROR at setup of test_iterdir ________________________
Traceback (most recent call last):
  File "/workdir/dohq-artifactory-0.8.4/.tox/graalpylibtest-unit-test-tests/lib/python3.10/site-packages/urllib3/connection.py", line 203, in _new_conn
    sock = connection.create_connection(
  File "/workdir/dohq-artifactory-0.8.4/.tox/graalpylibtest-unit-test-tests/lib/python3.10/site-packages/urllib3/util/connection.py", line 85, in create_connection
    raise err
  File "/workdir/dohq-artifactory-0.8.4/.tox/graalpylibtest-unit-test-tests/lib/python3.10/site-packages/urllib3/util/connection.py", line 73, in create_connection
    sock.connect(sa)
ConnectionRefusedError: [Errno 111] Connection refused

The above exception was the direct cause of the following exception:

Traceback (most recent call last):
  File "/workdir/dohq-artifactory-0.8.4/.tox/graalpylibtest-unit-test-tests/lib/python3.10/site-packages/urllib3/connectionpool.py", line 790, in urlopen
    response = self._make_request(
  File "/workdir/dohq-artifactory-0.8.4/.tox/graalpylibtest-unit-test-tests/lib/python3.10/site-packages/urllib3/connectionpool.py", line 496, in _make_request
    conn.request(
  File "/workdir/dohq-artifactory-0.8.4/.tox/graalpylibtest-unit-test-tests/lib/python3.10/site-packages/urllib3/connection.py", line 395, in request
    self.endheaders()
  File "/opt/graalpy/lib/python3.10/http/client.py", line 1277, in endheaders
    self._send_output(message_body, encode_chunked=encode_chunked)
  File "/opt/graalpy/lib/python3.10/http/client.py", line 1037, in _send_output
    self.send(msg)
  File "/opt/graalpy/lib/python3.10/http/client.py", line 975, in send
    self.connect()
  File "/workdir/dohq-artifactory-0.8.4/.tox/graalpylibtest-unit-test-tests/lib/python3.10/site-packages/urllib3/connection.py", line 243, in connect
    self.sock = self._new_conn()
  File "/workdir/dohq-artifactory-0.8.4/.tox/graalpylibtest-unit-test-tests/lib/python3.10/site-packages/urllib3/connection.py", line 218, in _new_conn
    raise NewConnectionError(
urllib3.exceptions.NewConnectionError: <urllib3.connection.HTTPConnection object at 0x310105d5>: Failed to establish a new connection: [Errno 111] Connection refused

The above exception was the direct cause of the following exception:

Traceback (most recent call last):
  File "/workdir/dohq-artifactory-0.8.4/.tox/graalpylibtest-unit-test-tests/lib/python3.10/site-packages/requests/adapters.py", line 486, in send
    resp = conn.urlopen(
  File "/workdir/dohq-artifactory-0.8.4/.tox/graalpylibtest-unit-test-tests/lib/python3.10/site-packages/urllib3/connectionpool.py", line 844, in urlopen
    retries = retries.increment(
  File "/workdir/dohq-artifactory-0.8.4/.tox/graalpylibtest-unit-test-tests/lib/python3.10/site-packages/urllib3/util/retry.py", line 515, in increment
    raise MaxRetryError(_pool, url, reason) from reason  # type: ignore[arg-type]
urllib3.exceptions.MaxRetryError: HTTPConnectionPool(host='localhost', port=8081): Max retries exceeded with url: /artifactory/api/repositories/integration-artifactory-path-repo (Caused by NewConnectionError('<urllib3.connection.HTTPConnection object at 0x310105d5>: Failed to establish a new connection: [Errno 111] Connection refused'))

During handling of the above exception, another exception occurred:

Traceback (most recent call last):
  File "/workdir/dohq-artifactory-0.8.4/.tox/graalpylibtest-unit-test-tests/lib/python3.10/site-packages/_pytest/runner.py", line 341, in from_call
    result: Optional[TResult] = func()
  File "/workdir/dohq-artifactory-0.8.4/.tox/graalpylibtest-unit-test-tests/lib/python3.10/site-packages/_pytest/runner.py", line 262, in <lambda>
    lambda: ihook(item=item, **kwds), when=when, reraise=reraise
  File "/workdir/dohq-artifactory-0.8.4/.tox/graalpylibtest-unit-test-tests/lib/python3.10/site-packages/pluggy/_hooks.py", line 493, in __call__
    return self._hookexec(self.name, self._hookimpls, kwargs, firstresult)
  File "/workdir/dohq-artifactory-0.8.4/.tox/graalpylibtest-unit-test-tests/lib/python3.10/site-packages/pluggy/_manager.py", line 115, in _hookexec
    return self._inner_hookexec(hook_name, methods, kwargs, firstresult)
  File "/workdir/dohq-artifactory-0.8.4/.tox/graalpylibtest-unit-test-tests/lib/python3.10/site-packages/pluggy/_callers.py", line 152, in _multicall
    return outcome.get_result()
  File "/workdir/dohq-artifactory-0.8.4/.tox/graalpylibtest-unit-test-tests/lib/python3.10/site-packages/pluggy/_result.py", line 114, in get_result
    raise exc.with_traceback(exc.__traceback__)
  File "/workdir/dohq-artifactory-0.8.4/.tox/graalpylibtest-unit-test-tests/lib/python3.10/site-packages/pluggy/_callers.py", line 77, in _multicall
    res = hook_impl.function(*args)
  File "/workdir/dohq-artifactory-0.8.4/.tox/graalpylibtest-unit-test-tests/lib/python3.10/site-packages/_pytest/runner.py", line 157, in pytest_runtest_setup
    item.session._setupstate.setup(item)
  File "/workdir/dohq-artifactory-0.8.4/.tox/graalpylibtest-unit-test-tests/lib/python3.10/site-packages/_pytest/runner.py", line 497, in setup
    raise exc
  File "/workdir/dohq-artifactory-0.8.4/.tox/graalpylibtest-unit-test-tests/lib/python3.10/site-packages/_pytest/runner.py", line 494, in setup
    col.setup()
  File "/workdir/dohq-artifactory-0.8.4/.tox/graalpylibtest-unit-test-tests/lib/python3.10/site-packages/_pytest/python.py", line 1795, in setup
    self._request._fillfixtures()
  File "/workdir/dohq-artifactory-0.8.4/.tox/graalpylibtest-unit-test-tests/lib/python3.10/site-packages/_pytest/fixtures.py", line 566, in _fillfixtures
    item.funcargs[argname] = self.getfixturevalue(argname)
  File "/workdir/dohq-artifactory-0.8.4/.tox/graalpylibtest-unit-test-tests/lib/python3.10/site-packages/_pytest/fixtures.py", line 585, in getfixturevalue
    fixturedef = self._get_active_fixturedef(argname)
  File "/workdir/dohq-artifactory-0.8.4/.tox/graalpylibtest-unit-test-tests/lib/python3.10/site-packages/_pytest/fixtures.py", line 607, in _get_active_fixturedef
    self._compute_fixture_value(fixturedef)
  File "/workdir/dohq-artifactory-0.8.4/.tox/graalpylibtest-unit-test-tests/lib/python3.10/site-packages/_pytest/fixtures.py", line 693, in _compute_fixture_value
    fixturedef.execute(request=subrequest)
  File "/workdir/dohq-artifactory-0.8.4/.tox/graalpylibtest-unit-test-tests/lib/python3.10/site-packages/_pytest/fixtures.py", line 1045, in execute
    fixturedef = request._get_active_fixturedef(argname)
  File "/workdir/dohq-artifactory-0.8.4/.tox/graalpylibtest-unit-test-tests/lib/python3.10/site-packages/_pytest/fixtures.py", line 607, in _get_active_fixturedef
    self._compute_fixture_value(fixturedef)
  File "/workdir/dohq-artifactory-0.8.4/.tox/graalpylibtest-unit-test-tests/lib/python3.10/site-packages/_pytest/fixtures.py", line 693, in _compute_fixture_value
    fixturedef.execute(request=subrequest)
  File "/workdir/dohq-artifactory-0.8.4/.tox/graalpylibtest-unit-test-tests/lib/python3.10/site-packages/_pytest/fixtures.py", line 1069, in execute
    result = ihook.pytest_fixture_setup(fixturedef=self, request=request)
  File "/workdir/dohq-artifactory-0.8.4/.tox/graalpylibtest-unit-test-tests/lib/python3.10/site-packages/pluggy/_hooks.py", line 493, in __call__
    return self._hookexec(self.name, self._hookimpls, kwargs, firstresult)
  File "/workdir/dohq-artifactory-0.8.4/.tox/graalpylibtest-unit-test-tests/lib/python3.10/site-packages/pluggy/_manager.py", line 115, in _hookexec
    return self._inner_hookexec(hook_name, methods, kwargs, firstresult)
  File "/workdir/dohq-artifactory-0.8.4/.tox/graalpylibtest-unit-test-tests/lib/python3.10/site-packages/pluggy/_callers.py", line 152, in _multicall
    return outcome.get_result()
  File "/workdir/dohq-artifactory-0.8.4/.tox/graalpylibtest-unit-test-tests/lib/python3.10/site-packages/pluggy/_result.py", line 114, in get_result
    raise exc.with_traceback(exc.__traceback__)
  File "/workdir/dohq-artifactory-0.8.4/.tox/graalpylibtest-unit-test-tests/lib/python3.10/site-packages/pluggy/_callers.py", line 77, in _multicall
    res = hook_impl.function(*args)
  File "/workdir/dohq-artifactory-0.8.4/.tox/graalpylibtest-unit-test-tests/lib/python3.10/site-packages/_pytest/fixtures.py", line 1123, in pytest_fixture_setup
    result = call_fixture_func(fixturefunc, request, kwargs)
  File "/workdir/dohq-artifactory-0.8.4/.tox/graalpylibtest-unit-test-tests/lib/python3.10/site-packages/_pytest/fixtures.py", line 895, in call_fixture_func
    fixture_result = next(generator)
  File "/workdir/dohq-artifactory-0.8.4/tests/conftest.py", line 123, in integration_artifactory_path_repo
    repo_ = artifactory.find_repository_local(name)
  File "/workdir/dohq-artifactory-0.8.4/.tox/graalpylibtest-unit-test-tests/lib/python3.10/site-packages/artifactory.py", line 2315, in find_repository_local
    if obj.read():
  File "/workdir/dohq-artifactory-0.8.4/.tox/graalpylibtest-unit-test-tests/lib/python3.10/site-packages/dohq_artifactory/admin.py", line 139, in read
    r = self._session.get(request_url, auth=self._auth)
  File "/workdir/dohq-artifactory-0.8.4/.tox/graalpylibtest-unit-test-tests/lib/python3.10/site-packages/requests/sessions.py", line 602, in get
    return self.request("GET", url, **kwargs)
  File "/workdir/dohq-artifactory-0.8.4/.tox/graalpylibtest-unit-test-tests/lib/python3.10/site-packages/requests/sessions.py", line 589, in request
    resp = self.send(prep, **send_kwargs)
  File "/workdir/dohq-artifactory-0.8.4/.tox/graalpylibtest-unit-test-tests/lib/python3.10/site-packages/requests/sessions.py", line 703, in send
    r = adapter.send(request, **kwargs)
  File "/workdir/dohq-artifactory-0.8.4/.tox/graalpylibtest-unit-test-tests/lib/python3.10/site-packages/requests/adapters.py", line 519, in send
    raise ConnectionError(e, request=request)
requests.exceptions.ConnectionError: HTTPConnectionPool(host='localhost', port=8081): Max retries exceeded with url: /artifactory/api/repositories/integration-artifactory-path-repo (Caused by NewConnectionError('<urllib3.connection.HTTPConnection object at 0x310105d5>: Failed to establish a new connection: [Errno 111] Connection refused'))
_________________________ ERROR at setup of test_glob __________________________
Traceback (most recent call last):
  File "/workdir/dohq-artifactory-0.8.4/.tox/graalpylibtest-unit-test-tests/lib/python3.10/site-packages/urllib3/connection.py", line 203, in _new_conn
    sock = connection.create_connection(
  File "/workdir/dohq-artifactory-0.8.4/.tox/graalpylibtest-unit-test-tests/lib/python3.10/site-packages/urllib3/util/connection.py", line 85, in create_connection
    raise err
  File "/workdir/dohq-artifactory-0.8.4/.tox/graalpylibtest-unit-test-tests/lib/python3.10/site-packages/urllib3/util/connection.py", line 73, in create_connection
    sock.connect(sa)
ConnectionRefusedError: [Errno 111] Connection refused

The above exception was the direct cause of the following exception:

Traceback (most recent call last):
  File "/workdir/dohq-artifactory-0.8.4/.tox/graalpylibtest-unit-test-tests/lib/python3.10/site-packages/urllib3/connectionpool.py", line 790, in urlopen
    response = self._make_request(
  File "/workdir/dohq-artifactory-0.8.4/.tox/graalpylibtest-unit-test-tests/lib/python3.10/site-packages/urllib3/connectionpool.py", line 496, in _make_request
    conn.request(
  File "/workdir/dohq-artifactory-0.8.4/.tox/graalpylibtest-unit-test-tests/lib/python3.10/site-packages/urllib3/connection.py", line 395, in request
    self.endheaders()
  File "/opt/graalpy/lib/python3.10/http/client.py", line 1277, in endheaders
    self._send_output(message_body, encode_chunked=encode_chunked)
  File "/opt/graalpy/lib/python3.10/http/client.py", line 1037, in _send_output
    self.send(msg)
  File "/opt/graalpy/lib/python3.10/http/client.py", line 975, in send
    self.connect()
  File "/workdir/dohq-artifactory-0.8.4/.tox/graalpylibtest-unit-test-tests/lib/python3.10/site-packages/urllib3/connection.py", line 243, in connect
    self.sock = self._new_conn()
  File "/workdir/dohq-artifactory-0.8.4/.tox/graalpylibtest-unit-test-tests/lib/python3.10/site-packages/urllib3/connection.py", line 218, in _new_conn
    raise NewConnectionError(
urllib3.exceptions.NewConnectionError: <urllib3.connection.HTTPConnection object at 0x3200a1df>: Failed to establish a new connection: [Errno 111] Connection refused

The above exception was the direct cause of the following exception:

Traceback (most recent call last):
  File "/workdir/dohq-artifactory-0.8.4/.tox/graalpylibtest-unit-test-tests/lib/python3.10/site-packages/requests/adapters.py", line 486, in send
    resp = conn.urlopen(
  File "/workdir/dohq-artifactory-0.8.4/.tox/graalpylibtest-unit-test-tests/lib/python3.10/site-packages/urllib3/connectionpool.py", line 844, in urlopen
    retries = retries.increment(
  File "/workdir/dohq-artifactory-0.8.4/.tox/graalpylibtest-unit-test-tests/lib/python3.10/site-packages/urllib3/util/retry.py", line 515, in increment
    raise MaxRetryError(_pool, url, reason) from reason  # type: ignore[arg-type]
urllib3.exceptions.MaxRetryError: HTTPConnectionPool(host='localhost', port=8081): Max retries exceeded with url: /artifactory/api/repositories/integration-artifactory-path-repo (Caused by NewConnectionError('<urllib3.connection.HTTPConnection object at 0x3200a1df>: Failed to establish a new connection: [Errno 111] Connection refused'))

During handling of the above exception, another exception occurred:

Traceback (most recent call last):
  File "/workdir/dohq-artifactory-0.8.4/.tox/graalpylibtest-unit-test-tests/lib/python3.10/site-packages/_pytest/runner.py", line 341, in from_call
    result: Optional[TResult] = func()
  File "/workdir/dohq-artifactory-0.8.4/.tox/graalpylibtest-unit-test-tests/lib/python3.10/site-packages/_pytest/runner.py", line 262, in <lambda>
    lambda: ihook(item=item, **kwds), when=when, reraise=reraise
  File "/workdir/dohq-artifactory-0.8.4/.tox/graalpylibtest-unit-test-tests/lib/python3.10/site-packages/pluggy/_hooks.py", line 493, in __call__
    return self._hookexec(self.name, self._hookimpls, kwargs, firstresult)
  File "/workdir/dohq-artifactory-0.8.4/.tox/graalpylibtest-unit-test-tests/lib/python3.10/site-packages/pluggy/_manager.py", line 115, in _hookexec
    return self._inner_hookexec(hook_name, methods, kwargs, firstresult)
  File "/workdir/dohq-artifactory-0.8.4/.tox/graalpylibtest-unit-test-tests/lib/python3.10/site-packages/pluggy/_callers.py", line 152, in _multicall
    return outcome.get_result()
  File "/workdir/dohq-artifactory-0.8.4/.tox/graalpylibtest-unit-test-tests/lib/python3.10/site-packages/pluggy/_result.py", line 114, in get_result
    raise exc.with_traceback(exc.__traceback__)
  File "/workdir/dohq-artifactory-0.8.4/.tox/graalpylibtest-unit-test-tests/lib/python3.10/site-packages/pluggy/_callers.py", line 77, in _multicall
    res = hook_impl.function(*args)
  File "/workdir/dohq-artifactory-0.8.4/.tox/graalpylibtest-unit-test-tests/lib/python3.10/site-packages/_pytest/runner.py", line 157, in pytest_runtest_setup
    item.session._setupstate.setup(item)
  File "/workdir/dohq-artifactory-0.8.4/.tox/graalpylibtest-unit-test-tests/lib/python3.10/site-packages/_pytest/runner.py", line 497, in setup
    raise exc
  File "/workdir/dohq-artifactory-0.8.4/.tox/graalpylibtest-unit-test-tests/lib/python3.10/site-packages/_pytest/runner.py", line 494, in setup
    col.setup()
  File "/workdir/dohq-artifactory-0.8.4/.tox/graalpylibtest-unit-test-tests/lib/python3.10/site-packages/_pytest/python.py", line 1795, in setup
    self._request._fillfixtures()
  File "/workdir/dohq-artifactory-0.8.4/.tox/graalpylibtest-unit-test-tests/lib/python3.10/site-packages/_pytest/fixtures.py", line 566, in _fillfixtures
    item.funcargs[argname] = self.getfixturevalue(argname)
  File "/workdir/dohq-artifactory-0.8.4/.tox/graalpylibtest-unit-test-tests/lib/python3.10/site-packages/_pytest/fixtures.py", line 585, in getfixturevalue
    fixturedef = self._get_active_fixturedef(argname)
  File "/workdir/dohq-artifactory-0.8.4/.tox/graalpylibtest-unit-test-tests/lib/python3.10/site-packages/_pytest/fixtures.py", line 607, in _get_active_fixturedef
    self._compute_fixture_value(fixturedef)
  File "/workdir/dohq-artifactory-0.8.4/.tox/graalpylibtest-unit-test-tests/lib/python3.10/site-packages/_pytest/fixtures.py", line 693, in _compute_fixture_value
    fixturedef.execute(request=subrequest)
  File "/workdir/dohq-artifactory-0.8.4/.tox/graalpylibtest-unit-test-tests/lib/python3.10/site-packages/_pytest/fixtures.py", line 1045, in execute
    fixturedef = request._get_active_fixturedef(argname)
  File "/workdir/dohq-artifactory-0.8.4/.tox/graalpylibtest-unit-test-tests/lib/python3.10/site-packages/_pytest/fixtures.py", line 607, in _get_active_fixturedef
    self._compute_fixture_value(fixturedef)
  File "/workdir/dohq-artifactory-0.8.4/.tox/graalpylibtest-unit-test-tests/lib/python3.10/site-packages/_pytest/fixtures.py", line 693, in _compute_fixture_value
    fixturedef.execute(request=subrequest)
  File "/workdir/dohq-artifactory-0.8.4/.tox/graalpylibtest-unit-test-tests/lib/python3.10/site-packages/_pytest/fixtures.py", line 1069, in execute
    result = ihook.pytest_fixture_setup(fixturedef=self, request=request)
  File "/workdir/dohq-artifactory-0.8.4/.tox/graalpylibtest-unit-test-tests/lib/python3.10/site-packages/pluggy/_hooks.py", line 493, in __call__
    return self._hookexec(self.name, self._hookimpls, kwargs, firstresult)
  File "/workdir/dohq-artifactory-0.8.4/.tox/graalpylibtest-unit-test-tests/lib/python3.10/site-packages/pluggy/_manager.py", line 115, in _hookexec
    return self._inner_hookexec(hook_name, methods, kwargs, firstresult)
  File "/workdir/dohq-artifactory-0.8.4/.tox/graalpylibtest-unit-test-tests/lib/python3.10/site-packages/pluggy/_callers.py", line 152, in _multicall
    return outcome.get_result()
  File "/workdir/dohq-artifactory-0.8.4/.tox/graalpylibtest-unit-test-tests/lib/python3.10/site-packages/pluggy/_result.py", line 114, in get_result
    raise exc.with_traceback(exc.__traceback__)
  File "/workdir/dohq-artifactory-0.8.4/.tox/graalpylibtest-unit-test-tests/lib/python3.10/site-packages/pluggy/_callers.py", line 77, in _multicall
    res = hook_impl.function(*args)
  File "/workdir/dohq-artifactory-0.8.4/.tox/graalpylibtest-unit-test-tests/lib/python3.10/site-packages/_pytest/fixtures.py", line 1123, in pytest_fixture_setup
    result = call_fixture_func(fixturefunc, request, kwargs)
  File "/workdir/dohq-artifactory-0.8.4/.tox/graalpylibtest-unit-test-tests/lib/python3.10/site-packages/_pytest/fixtures.py", line 895, in call_fixture_func
    fixture_result = next(generator)
  File "/workdir/dohq-artifactory-0.8.4/tests/conftest.py", line 123, in integration_artifactory_path_repo
    repo_ = artifactory.find_repository_local(name)
  File "/workdir/dohq-artifactory-0.8.4/.tox/graalpylibtest-unit-test-tests/lib/python3.10/site-packages/artifactory.py", line 2315, in find_repository_local
    if obj.read():
  File "/workdir/dohq-artifactory-0.8.4/.tox/graalpylibtest-unit-test-tests/lib/python3.10/site-packages/dohq_artifactory/admin.py", line 139, in read
    r = self._session.get(request_url, auth=self._auth)
  File "/workdir/dohq-artifactory-0.8.4/.tox/graalpylibtest-unit-test-tests/lib/python3.10/site-packages/requests/sessions.py", line 602, in get
    return self.request("GET", url, **kwargs)
  File "/workdir/dohq-artifactory-0.8.4/.tox/graalpylibtest-unit-test-tests/lib/python3.10/site-packages/requests/sessions.py", line 589, in request
    resp = self.send(prep, **send_kwargs)
  File "/workdir/dohq-artifactory-0.8.4/.tox/graalpylibtest-unit-test-tests/lib/python3.10/site-packages/requests/sessions.py", line 703, in send
    r = adapter.send(request, **kwargs)
  File "/workdir/dohq-artifactory-0.8.4/.tox/graalpylibtest-unit-test-tests/lib/python3.10/site-packages/requests/adapters.py", line 519, in send
    raise ConnectionError(e, request=request)
requests.exceptions.ConnectionError: HTTPConnectionPool(host='localhost', port=8081): Max retries exceeded with url: /artifactory/api/repositories/integration-artifactory-path-repo (Caused by NewConnectionError('<urllib3.connection.HTTPConnection object at 0x3200a1df>: Failed to establish a new connection: [Errno 111] Connection refused'))
________________________ ERROR at setup of test_deploy _________________________
Traceback (most recent call last):
  File "/workdir/dohq-artifactory-0.8.4/.tox/graalpylibtest-unit-test-tests/lib/python3.10/site-packages/urllib3/connection.py", line 203, in _new_conn
    sock = connection.create_connection(
  File "/workdir/dohq-artifactory-0.8.4/.tox/graalpylibtest-unit-test-tests/lib/python3.10/site-packages/urllib3/util/connection.py", line 85, in create_connection
    raise err
  File "/workdir/dohq-artifactory-0.8.4/.tox/graalpylibtest-unit-test-tests/lib/python3.10/site-packages/urllib3/util/connection.py", line 73, in create_connection
    sock.connect(sa)
ConnectionRefusedError: [Errno 111] Connection refused

The above exception was the direct cause of the following exception:

Traceback (most recent call last):
  File "/workdir/dohq-artifactory-0.8.4/.tox/graalpylibtest-unit-test-tests/lib/python3.10/site-packages/urllib3/connectionpool.py", line 790, in urlopen
    response = self._make_request(
  File "/workdir/dohq-artifactory-0.8.4/.tox/graalpylibtest-unit-test-tests/lib/python3.10/site-packages/urllib3/connectionpool.py", line 496, in _make_request
    conn.request(
  File "/workdir/dohq-artifactory-0.8.4/.tox/graalpylibtest-unit-test-tests/lib/python3.10/site-packages/urllib3/connection.py", line 395, in request
    self.endheaders()
  File "/opt/graalpy/lib/python3.10/http/client.py", line 1277, in endheaders
    self._send_output(message_body, encode_chunked=encode_chunked)
  File "/opt/graalpy/lib/python3.10/http/client.py", line 1037, in _send_output
    self.send(msg)
  File "/opt/graalpy/lib/python3.10/http/client.py", line 975, in send
    self.connect()
  File "/workdir/dohq-artifactory-0.8.4/.tox/graalpylibtest-unit-test-tests/lib/python3.10/site-packages/urllib3/connection.py", line 243, in connect
    self.sock = self._new_conn()
  File "/workdir/dohq-artifactory-0.8.4/.tox/graalpylibtest-unit-test-tests/lib/python3.10/site-packages/urllib3/connection.py", line 218, in _new_conn
    raise NewConnectionError(
urllib3.exceptions.NewConnectionError: <urllib3.connection.HTTPConnection object at 0x54ef206>: Failed to establish a new connection: [Errno 111] Connection refused

The above exception was the direct cause of the following exception:

Traceback (most recent call last):
  File "/workdir/dohq-artifactory-0.8.4/.tox/graalpylibtest-unit-test-tests/lib/python3.10/site-packages/requests/adapters.py", line 486, in send
    resp = conn.urlopen(
  File "/workdir/dohq-artifactory-0.8.4/.tox/graalpylibtest-unit-test-tests/lib/python3.10/site-packages/urllib3/connectionpool.py", line 844, in urlopen
    retries = retries.increment(
  File "/workdir/dohq-artifactory-0.8.4/.tox/graalpylibtest-unit-test-tests/lib/python3.10/site-packages/urllib3/util/retry.py", line 515, in increment
    raise MaxRetryError(_pool, url, reason) from reason  # type: ignore[arg-type]
urllib3.exceptions.MaxRetryError: HTTPConnectionPool(host='localhost', port=8081): Max retries exceeded with url: /artifactory/api/repositories/integration-artifactory-path-repo (Caused by NewConnectionError('<urllib3.connection.HTTPConnection object at 0x54ef206>: Failed to establish a new connection: [Errno 111] Connection refused'))

During handling of the above exception, another exception occurred:

Traceback (most recent call last):
  File "/workdir/dohq-artifactory-0.8.4/.tox/graalpylibtest-unit-test-tests/lib/python3.10/site-packages/_pytest/runner.py", line 341, in from_call
    result: Optional[TResult] = func()
  File "/workdir/dohq-artifactory-0.8.4/.tox/graalpylibtest-unit-test-tests/lib/python3.10/site-packages/_pytest/runner.py", line 262, in <lambda>
    lambda: ihook(item=item, **kwds), when=when, reraise=reraise
  File "/workdir/dohq-artifactory-0.8.4/.tox/graalpylibtest-unit-test-tests/lib/python3.10/site-packages/pluggy/_hooks.py", line 493, in __call__
    return self._hookexec(self.name, self._hookimpls, kwargs, firstresult)
  File "/workdir/dohq-artifactory-0.8.4/.tox/graalpylibtest-unit-test-tests/lib/python3.10/site-packages/pluggy/_manager.py", line 115, in _hookexec
    return self._inner_hookexec(hook_name, methods, kwargs, firstresult)
  File "/workdir/dohq-artifactory-0.8.4/.tox/graalpylibtest-unit-test-tests/lib/python3.10/site-packages/pluggy/_callers.py", line 152, in _multicall
    return outcome.get_result()
  File "/workdir/dohq-artifactory-0.8.4/.tox/graalpylibtest-unit-test-tests/lib/python3.10/site-packages/pluggy/_result.py", line 114, in get_result
    raise exc.with_traceback(exc.__traceback__)
  File "/workdir/dohq-artifactory-0.8.4/.tox/graalpylibtest-unit-test-tests/lib/python3.10/site-packages/pluggy/_callers.py", line 77, in _multicall
    res = hook_impl.function(*args)
  File "/workdir/dohq-artifactory-0.8.4/.tox/graalpylibtest-unit-test-tests/lib/python3.10/site-packages/_pytest/runner.py", line 157, in pytest_runtest_setup
    item.session._setupstate.setup(item)
  File "/workdir/dohq-artifactory-0.8.4/.tox/graalpylibtest-unit-test-tests/lib/python3.10/site-packages/_pytest/runner.py", line 497, in setup
    raise exc
  File "/workdir/dohq-artifactory-0.8.4/.tox/graalpylibtest-unit-test-tests/lib/python3.10/site-packages/_pytest/runner.py", line 494, in setup
    col.setup()
  File "/workdir/dohq-artifactory-0.8.4/.tox/graalpylibtest-unit-test-tests/lib/python3.10/site-packages/_pytest/python.py", line 1795, in setup
    self._request._fillfixtures()
  File "/workdir/dohq-artifactory-0.8.4/.tox/graalpylibtest-unit-test-tests/lib/python3.10/site-packages/_pytest/fixtures.py", line 566, in _fillfixtures
    item.funcargs[argname] = self.getfixturevalue(argname)
  File "/workdir/dohq-artifactory-0.8.4/.tox/graalpylibtest-unit-test-tests/lib/python3.10/site-packages/_pytest/fixtures.py", line 585, in getfixturevalue
    fixturedef = self._get_active_fixturedef(argname)
  File "/workdir/dohq-artifactory-0.8.4/.tox/graalpylibtest-unit-test-tests/lib/python3.10/site-packages/_pytest/fixtures.py", line 607, in _get_active_fixturedef
    self._compute_fixture_value(fixturedef)
  File "/workdir/dohq-artifactory-0.8.4/.tox/graalpylibtest-unit-test-tests/lib/python3.10/site-packages/_pytest/fixtures.py", line 693, in _compute_fixture_value
    fixturedef.execute(request=subrequest)
  File "/workdir/dohq-artifactory-0.8.4/.tox/graalpylibtest-unit-test-tests/lib/python3.10/site-packages/_pytest/fixtures.py", line 1045, in execute
    fixturedef = request._get_active_fixturedef(argname)
  File "/workdir/dohq-artifactory-0.8.4/.tox/graalpylibtest-unit-test-tests/lib/python3.10/site-packages/_pytest/fixtures.py", line 607, in _get_active_fixturedef
    self._compute_fixture_value(fixturedef)
  File "/workdir/dohq-artifactory-0.8.4/.tox/graalpylibtest-unit-test-tests/lib/python3.10/site-packages/_pytest/fixtures.py", line 693, in _compute_fixture_value
    fixturedef.execute(request=subrequest)
  File "/workdir/dohq-artifactory-0.8.4/.tox/graalpylibtest-unit-test-tests/lib/python3.10/site-packages/_pytest/fixtures.py", line 1069, in execute
    result = ihook.pytest_fixture_setup(fixturedef=self, request=request)
  File "/workdir/dohq-artifactory-0.8.4/.tox/graalpylibtest-unit-test-tests/lib/python3.10/site-packages/pluggy/_hooks.py", line 493, in __call__
    return self._hookexec(self.name, self._hookimpls, kwargs, firstresult)
  File "/workdir/dohq-artifactory-0.8.4/.tox/graalpylibtest-unit-test-tests/lib/python3.10/site-packages/pluggy/_manager.py", line 115, in _hookexec
    return self._inner_hookexec(hook_name, methods, kwargs, firstresult)
  File "/workdir/dohq-artifactory-0.8.4/.tox/graalpylibtest-unit-test-tests/lib/python3.10/site-packages/pluggy/_callers.py", line 152, in _multicall
    return outcome.get_result()
  File "/workdir/dohq-artifactory-0.8.4/.tox/graalpylibtest-unit-test-tests/lib/python3.10/site-packages/pluggy/_result.py", line 114, in get_result
    raise exc.with_traceback(exc.__traceback__)
  File "/workdir/dohq-artifactory-0.8.4/.tox/graalpylibtest-unit-test-tests/lib/python3.10/site-packages/pluggy/_callers.py", line 77, in _multicall
    res = hook_impl.function(*args)
  File "/workdir/dohq-artifactory-0.8.4/.tox/graalpylibtest-unit-test-tests/lib/python3.10/site-packages/_pytest/fixtures.py", line 1123, in pytest_fixture_setup
    result = call_fixture_func(fixturefunc, request, kwargs)
  File "/workdir/dohq-artifactory-0.8.4/.tox/graalpylibtest-unit-test-tests/lib/python3.10/site-packages/_pytest/fixtures.py", line 895, in call_fixture_func
    fixture_result = next(generator)
  File "/workdir/dohq-artifactory-0.8.4/tests/conftest.py", line 123, in integration_artifactory_path_repo
    repo_ = artifactory.find_repository_local(name)
  File "/workdir/dohq-artifactory-0.8.4/.tox/graalpylibtest-unit-test-tests/lib/python3.10/site-packages/artifactory.py", line 2315, in find_repository_local
    if obj.read():
  File "/workdir/dohq-artifactory-0.8.4/.tox/graalpylibtest-unit-test-tests/lib/python3.10/site-packages/dohq_artifactory/admin.py", line 139, in read
    r = self._session.get(request_url, auth=self._auth)
  File "/workdir/dohq-artifactory-0.8.4/.tox/graalpylibtest-unit-test-tests/lib/python3.10/site-packages/requests/sessions.py", line 602, in get
    return self.request("GET", url, **kwargs)
  File "/workdir/dohq-artifactory-0.8.4/.tox/graalpylibtest-unit-test-tests/lib/python3.10/site-packages/requests/sessions.py", line 589, in request
    resp = self.send(prep, **send_kwargs)
  File "/workdir/dohq-artifactory-0.8.4/.tox/graalpylibtest-unit-test-tests/lib/python3.10/site-packages/requests/sessions.py", line 703, in send
    r = adapter.send(request, **kwargs)
  File "/workdir/dohq-artifactory-0.8.4/.tox/graalpylibtest-unit-test-tests/lib/python3.10/site-packages/requests/adapters.py", line 519, in send
    raise ConnectionError(e, request=request)
requests.exceptions.ConnectionError: HTTPConnectionPool(host='localhost', port=8081): Max retries exceeded with url: /artifactory/api/repositories/integration-artifactory-path-repo (Caused by NewConnectionError('<urllib3.connection.HTTPConnection object at 0x54ef206>: Failed to establish a new connection: [Errno 111] Connection refused'))
______________________ ERROR at setup of test_deploy_file ______________________
Traceback (most recent call last):
  File "/workdir/dohq-artifactory-0.8.4/.tox/graalpylibtest-unit-test-tests/lib/python3.10/site-packages/urllib3/connection.py", line 203, in _new_conn
    sock = connection.create_connection(
  File "/workdir/dohq-artifactory-0.8.4/.tox/graalpylibtest-unit-test-tests/lib/python3.10/site-packages/urllib3/util/connection.py", line 85, in create_connection
    raise err
  File "/workdir/dohq-artifactory-0.8.4/.tox/graalpylibtest-unit-test-tests/lib/python3.10/site-packages/urllib3/util/connection.py", line 73, in create_connection
    sock.connect(sa)
ConnectionRefusedError: [Errno 111] Connection refused

The above exception was the direct cause of the following exception:

Traceback (most recent call last):
  File "/workdir/dohq-artifactory-0.8.4/.tox/graalpylibtest-unit-test-tests/lib/python3.10/site-packages/urllib3/connectionpool.py", line 790, in urlopen
    response = self._make_request(
  File "/workdir/dohq-artifactory-0.8.4/.tox/graalpylibtest-unit-test-tests/lib/python3.10/site-packages/urllib3/connectionpool.py", line 496, in _make_request
    conn.request(
  File "/workdir/dohq-artifactory-0.8.4/.tox/graalpylibtest-unit-test-tests/lib/python3.10/site-packages/urllib3/connection.py", line 395, in request
    self.endheaders()
  File "/opt/graalpy/lib/python3.10/http/client.py", line 1277, in endheaders
    self._send_output(message_body, encode_chunked=encode_chunked)
  File "/opt/graalpy/lib/python3.10/http/client.py", line 1037, in _send_output
    self.send(msg)
  File "/opt/graalpy/lib/python3.10/http/client.py", line 975, in send
    self.connect()
  File "/workdir/dohq-artifactory-0.8.4/.tox/graalpylibtest-unit-test-tests/lib/python3.10/site-packages/urllib3/connection.py", line 243, in connect
    self.sock = self._new_conn()
  File "/workdir/dohq-artifactory-0.8.4/.tox/graalpylibtest-unit-test-tests/lib/python3.10/site-packages/urllib3/connection.py", line 218, in _new_conn
    raise NewConnectionError(
urllib3.exceptions.NewConnectionError: <urllib3.connection.HTTPConnection object at 0x2940701b>: Failed to establish a new connection: [Errno 111] Connection refused

The above exception was the direct cause of the following exception:

Traceback (most recent call last):
  File "/workdir/dohq-artifactory-0.8.4/.tox/graalpylibtest-unit-test-tests/lib/python3.10/site-packages/requests/adapters.py", line 486, in send
    resp = conn.urlopen(
  File "/workdir/dohq-artifactory-0.8.4/.tox/graalpylibtest-unit-test-tests/lib/python3.10/site-packages/urllib3/connectionpool.py", line 844, in urlopen
    retries = retries.increment(
  File "/workdir/dohq-artifactory-0.8.4/.tox/graalpylibtest-unit-test-tests/lib/python3.10/site-packages/urllib3/util/retry.py", line 515, in increment
    raise MaxRetryError(_pool, url, reason) from reason  # type: ignore[arg-type]
urllib3.exceptions.MaxRetryError: HTTPConnectionPool(host='localhost', port=8081): Max retries exceeded with url: /artifactory/api/repositories/integration-artifactory-path-repo (Caused by NewConnectionError('<urllib3.connection.HTTPConnection object at 0x2940701b>: Failed to establish a new connection: [Errno 111] Connection refused'))

During handling of the above exception, another exception occurred:

Traceback (most recent call last):
  File "/workdir/dohq-artifactory-0.8.4/.tox/graalpylibtest-unit-test-tests/lib/python3.10/site-packages/_pytest/runner.py", line 341, in from_call
    result: Optional[TResult] = func()
  File "/workdir/dohq-artifactory-0.8.4/.tox/graalpylibtest-unit-test-tests/lib/python3.10/site-packages/_pytest/runner.py", line 262, in <lambda>
    lambda: ihook(item=item, **kwds), when=when, reraise=reraise
  File "/workdir/dohq-artifactory-0.8.4/.tox/graalpylibtest-unit-test-tests/lib/python3.10/site-packages/pluggy/_hooks.py", line 493, in __call__
    return self._hookexec(self.name, self._hookimpls, kwargs, firstresult)
  File "/workdir/dohq-artifactory-0.8.4/.tox/graalpylibtest-unit-test-tests/lib/python3.10/site-packages/pluggy/_manager.py", line 115, in _hookexec
    return self._inner_hookexec(hook_name, methods, kwargs, firstresult)
  File "/workdir/dohq-artifactory-0.8.4/.tox/graalpylibtest-unit-test-tests/lib/python3.10/site-packages/pluggy/_callers.py", line 152, in _multicall
    return outcome.get_result()
  File "/workdir/dohq-artifactory-0.8.4/.tox/graalpylibtest-unit-test-tests/lib/python3.10/site-packages/pluggy/_result.py", line 114, in get_result
    raise exc.with_traceback(exc.__traceback__)
  File "/workdir/dohq-artifactory-0.8.4/.tox/graalpylibtest-unit-test-tests/lib/python3.10/site-packages/pluggy/_callers.py", line 77, in _multicall
    res = hook_impl.function(*args)
  File "/workdir/dohq-artifactory-0.8.4/.tox/graalpylibtest-unit-test-tests/lib/python3.10/site-packages/_pytest/runner.py", line 157, in pytest_runtest_setup
    item.session._setupstate.setup(item)
  File "/workdir/dohq-artifactory-0.8.4/.tox/graalpylibtest-unit-test-tests/lib/python3.10/site-packages/_pytest/runner.py", line 497, in setup
    raise exc
  File "/workdir/dohq-artifactory-0.8.4/.tox/graalpylibtest-unit-test-tests/lib/python3.10/site-packages/_pytest/runner.py", line 494, in setup
    col.setup()
  File "/workdir/dohq-artifactory-0.8.4/.tox/graalpylibtest-unit-test-tests/lib/python3.10/site-packages/_pytest/python.py", line 1795, in setup
    self._request._fillfixtures()
  File "/workdir/dohq-artifactory-0.8.4/.tox/graalpylibtest-unit-test-tests/lib/python3.10/site-packages/_pytest/fixtures.py", line 566, in _fillfixtures
    item.funcargs[argname] = self.getfixturevalue(argname)
  File "/workdir/dohq-artifactory-0.8.4/.tox/graalpylibtest-unit-test-tests/lib/python3.10/site-packages/_pytest/fixtures.py", line 585, in getfixturevalue
    fixturedef = self._get_active_fixturedef(argname)
  File "/workdir/dohq-artifactory-0.8.4/.tox/graalpylibtest-unit-test-tests/lib/python3.10/site-packages/_pytest/fixtures.py", line 607, in _get_active_fixturedef
    self._compute_fixture_value(fixturedef)
  File "/workdir/dohq-artifactory-0.8.4/.tox/graalpylibtest-unit-test-tests/lib/python3.10/site-packages/_pytest/fixtures.py", line 693, in _compute_fixture_value
    fixturedef.execute(request=subrequest)
  File "/workdir/dohq-artifactory-0.8.4/.tox/graalpylibtest-unit-test-tests/lib/python3.10/site-packages/_pytest/fixtures.py", line 1045, in execute
    fixturedef = request._get_active_fixturedef(argname)
  File "/workdir/dohq-artifactory-0.8.4/.tox/graalpylibtest-unit-test-tests/lib/python3.10/site-packages/_pytest/fixtures.py", line 607, in _get_active_fixturedef
    self._compute_fixture_value(fixturedef)
  File "/workdir/dohq-artifactory-0.8.4/.tox/graalpylibtest-unit-test-tests/lib/python3.10/site-packages/_pytest/fixtures.py", line 693, in _compute_fixture_value
    fixturedef.execute(request=subrequest)
  File "/workdir/dohq-artifactory-0.8.4/.tox/graalpylibtest-unit-test-tests/lib/python3.10/site-packages/_pytest/fixtures.py", line 1069, in execute
    result = ihook.pytest_fixture_setup(fixturedef=self, request=request)
  File "/workdir/dohq-artifactory-0.8.4/.tox/graalpylibtest-unit-test-tests/lib/python3.10/site-packages/pluggy/_hooks.py", line 493, in __call__
    return self._hookexec(self.name, self._hookimpls, kwargs, firstresult)
  File "/workdir/dohq-artifactory-0.8.4/.tox/graalpylibtest-unit-test-tests/lib/python3.10/site-packages/pluggy/_manager.py", line 115, in _hookexec
    return self._inner_hookexec(hook_name, methods, kwargs, firstresult)
  File "/workdir/dohq-artifactory-0.8.4/.tox/graalpylibtest-unit-test-tests/lib/python3.10/site-packages/pluggy/_callers.py", line 152, in _multicall
    return outcome.get_result()
  File "/workdir/dohq-artifactory-0.8.4/.tox/graalpylibtest-unit-test-tests/lib/python3.10/site-packages/pluggy/_result.py", line 114, in get_result
    raise exc.with_traceback(exc.__traceback__)
  File "/workdir/dohq-artifactory-0.8.4/.tox/graalpylibtest-unit-test-tests/lib/python3.10/site-packages/pluggy/_callers.py", line 77, in _multicall
    res = hook_impl.function(*args)
  File "/workdir/dohq-artifactory-0.8.4/.tox/graalpylibtest-unit-test-tests/lib/python3.10/site-packages/_pytest/fixtures.py", line 1123, in pytest_fixture_setup
    result = call_fixture_func(fixturefunc, request, kwargs)
  File "/workdir/dohq-artifactory-0.8.4/.tox/graalpylibtest-unit-test-tests/lib/python3.10/site-packages/_pytest/fixtures.py", line 895, in call_fixture_func
    fixture_result = next(generator)
  File "/workdir/dohq-artifactory-0.8.4/tests/conftest.py", line 123, in integration_artifactory_path_repo
    repo_ = artifactory.find_repository_local(name)
  File "/workdir/dohq-artifactory-0.8.4/.tox/graalpylibtest-unit-test-tests/lib/python3.10/site-packages/artifactory.py", line 2315, in find_repository_local
    if obj.read():
  File "/workdir/dohq-artifactory-0.8.4/.tox/graalpylibtest-unit-test-tests/lib/python3.10/site-packages/dohq_artifactory/admin.py", line 139, in read
    r = self._session.get(request_url, auth=self._auth)
  File "/workdir/dohq-artifactory-0.8.4/.tox/graalpylibtest-unit-test-tests/lib/python3.10/site-packages/requests/sessions.py", line 602, in get
    return self.request("GET", url, **kwargs)
  File "/workdir/dohq-artifactory-0.8.4/.tox/graalpylibtest-unit-test-tests/lib/python3.10/site-packages/requests/sessions.py", line 589, in request
    resp = self.send(prep, **send_kwargs)
  File "/workdir/dohq-artifactory-0.8.4/.tox/graalpylibtest-unit-test-tests/lib/python3.10/site-packages/requests/sessions.py", line 703, in send
    r = adapter.send(request, **kwargs)
  File "/workdir/dohq-artifactory-0.8.4/.tox/graalpylibtest-unit-test-tests/lib/python3.10/site-packages/requests/adapters.py", line 519, in send
    raise ConnectionError(e, request=request)
requests.exceptions.ConnectionError: HTTPConnectionPool(host='localhost', port=8081): Max retries exceeded with url: /artifactory/api/repositories/integration-artifactory-path-repo (Caused by NewConnectionError('<urllib3.connection.HTTPConnection object at 0x2940701b>: Failed to establish a new connection: [Errno 111] Connection refused'))
________________ ERROR at setup of test_deploy_file_by_checksum ________________
Traceback (most recent call last):
  File "/workdir/dohq-artifactory-0.8.4/.tox/graalpylibtest-unit-test-tests/lib/python3.10/site-packages/urllib3/connection.py", line 203, in _new_conn
    sock = connection.create_connection(
  File "/workdir/dohq-artifactory-0.8.4/.tox/graalpylibtest-unit-test-tests/lib/python3.10/site-packages/urllib3/util/connection.py", line 85, in create_connection
    raise err
  File "/workdir/dohq-artifactory-0.8.4/.tox/graalpylibtest-unit-test-tests/lib/python3.10/site-packages/urllib3/util/connection.py", line 73, in create_connection
    sock.connect(sa)
ConnectionRefusedError: [Errno 111] Connection refused

The above exception was the direct cause of the following exception:

Traceback (most recent call last):
  File "/workdir/dohq-artifactory-0.8.4/.tox/graalpylibtest-unit-test-tests/lib/python3.10/site-packages/urllib3/connectionpool.py", line 790, in urlopen
    response = self._make_request(
  File "/workdir/dohq-artifactory-0.8.4/.tox/graalpylibtest-unit-test-tests/lib/python3.10/site-packages/urllib3/connectionpool.py", line 496, in _make_request
    conn.request(
  File "/workdir/dohq-artifactory-0.8.4/.tox/graalpylibtest-unit-test-tests/lib/python3.10/site-packages/urllib3/connection.py", line 395, in request
    self.endheaders()
  File "/opt/graalpy/lib/python3.10/http/client.py", line 1277, in endheaders
    self._send_output(message_body, encode_chunked=encode_chunked)
  File "/opt/graalpy/lib/python3.10/http/client.py", line 1037, in _send_output
    self.send(msg)
  File "/opt/graalpy/lib/python3.10/http/client.py", line 975, in send
    self.connect()
  File "/workdir/dohq-artifactory-0.8.4/.tox/graalpylibtest-unit-test-tests/lib/python3.10/site-packages/urllib3/connection.py", line 243, in connect
    self.sock = self._new_conn()
  File "/workdir/dohq-artifactory-0.8.4/.tox/graalpylibtest-unit-test-tests/lib/python3.10/site-packages/urllib3/connection.py", line 218, in _new_conn
    raise NewConnectionError(
urllib3.exceptions.NewConnectionError: <urllib3.connection.HTTPConnection object at 0x52e74c9>: Failed to establish a new connection: [Errno 111] Connection refused

The above exception was the direct cause of the following exception:

Traceback (most recent call last):
  File "/workdir/dohq-artifactory-0.8.4/.tox/graalpylibtest-unit-test-tests/lib/python3.10/site-packages/requests/adapters.py", line 486, in send
    resp = conn.urlopen(
  File "/workdir/dohq-artifactory-0.8.4/.tox/graalpylibtest-unit-test-tests/lib/python3.10/site-packages/urllib3/connectionpool.py", line 844, in urlopen
    retries = retries.increment(
  File "/workdir/dohq-artifactory-0.8.4/.tox/graalpylibtest-unit-test-tests/lib/python3.10/site-packages/urllib3/util/retry.py", line 515, in increment
    raise MaxRetryError(_pool, url, reason) from reason  # type: ignore[arg-type]
urllib3.exceptions.MaxRetryError: HTTPConnectionPool(host='localhost', port=8081): Max retries exceeded with url: /artifactory/api/repositories/integration-artifactory-path-repo (Caused by NewConnectionError('<urllib3.connection.HTTPConnection object at 0x52e74c9>: Failed to establish a new connection: [Errno 111] Connection refused'))

During handling of the above exception, another exception occurred:

Traceback (most recent call last):
  File "/workdir/dohq-artifactory-0.8.4/.tox/graalpylibtest-unit-test-tests/lib/python3.10/site-packages/_pytest/runner.py", line 341, in from_call
    result: Optional[TResult] = func()
  File "/workdir/dohq-artifactory-0.8.4/.tox/graalpylibtest-unit-test-tests/lib/python3.10/site-packages/_pytest/runner.py", line 262, in <lambda>
    lambda: ihook(item=item, **kwds), when=when, reraise=reraise
  File "/workdir/dohq-artifactory-0.8.4/.tox/graalpylibtest-unit-test-tests/lib/python3.10/site-packages/pluggy/_hooks.py", line 493, in __call__
    return self._hookexec(self.name, self._hookimpls, kwargs, firstresult)
  File "/workdir/dohq-artifactory-0.8.4/.tox/graalpylibtest-unit-test-tests/lib/python3.10/site-packages/pluggy/_manager.py", line 115, in _hookexec
    return self._inner_hookexec(hook_name, methods, kwargs, firstresult)
  File "/workdir/dohq-artifactory-0.8.4/.tox/graalpylibtest-unit-test-tests/lib/python3.10/site-packages/pluggy/_callers.py", line 152, in _multicall
    return outcome.get_result()
  File "/workdir/dohq-artifactory-0.8.4/.tox/graalpylibtest-unit-test-tests/lib/python3.10/site-packages/pluggy/_result.py", line 114, in get_result
    raise exc.with_traceback(exc.__traceback__)
  File "/workdir/dohq-artifactory-0.8.4/.tox/graalpylibtest-unit-test-tests/lib/python3.10/site-packages/pluggy/_callers.py", line 77, in _multicall
    res = hook_impl.function(*args)
  File "/workdir/dohq-artifactory-0.8.4/.tox/graalpylibtest-unit-test-tests/lib/python3.10/site-packages/_pytest/runner.py", line 157, in pytest_runtest_setup
    item.session._setupstate.setup(item)
  File "/workdir/dohq-artifactory-0.8.4/.tox/graalpylibtest-unit-test-tests/lib/python3.10/site-packages/_pytest/runner.py", line 497, in setup
    raise exc
  File "/workdir/dohq-artifactory-0.8.4/.tox/graalpylibtest-unit-test-tests/lib/python3.10/site-packages/_pytest/runner.py", line 494, in setup
    col.setup()
  File "/workdir/dohq-artifactory-0.8.4/.tox/graalpylibtest-unit-test-tests/lib/python3.10/site-packages/_pytest/python.py", line 1795, in setup
    self._request._fillfixtures()
  File "/workdir/dohq-artifactory-0.8.4/.tox/graalpylibtest-unit-test-tests/lib/python3.10/site-packages/_pytest/fixtures.py", line 566, in _fillfixtures
    item.funcargs[argname] = self.getfixturevalue(argname)
  File "/workdir/dohq-artifactory-0.8.4/.tox/graalpylibtest-unit-test-tests/lib/python3.10/site-packages/_pytest/fixtures.py", line 585, in getfixturevalue
    fixturedef = self._get_active_fixturedef(argname)
  File "/workdir/dohq-artifactory-0.8.4/.tox/graalpylibtest-unit-test-tests/lib/python3.10/site-packages/_pytest/fixtures.py", line 607, in _get_active_fixturedef
    self._compute_fixture_value(fixturedef)
  File "/workdir/dohq-artifactory-0.8.4/.tox/graalpylibtest-unit-test-tests/lib/python3.10/site-packages/_pytest/fixtures.py", line 693, in _compute_fixture_value
    fixturedef.execute(request=subrequest)
  File "/workdir/dohq-artifactory-0.8.4/.tox/graalpylibtest-unit-test-tests/lib/python3.10/site-packages/_pytest/fixtures.py", line 1045, in execute
    fixturedef = request._get_active_fixturedef(argname)
  File "/workdir/dohq-artifactory-0.8.4/.tox/graalpylibtest-unit-test-tests/lib/python3.10/site-packages/_pytest/fixtures.py", line 607, in _get_active_fixturedef
    self._compute_fixture_value(fixturedef)
  File "/workdir/dohq-artifactory-0.8.4/.tox/graalpylibtest-unit-test-tests/lib/python3.10/site-packages/_pytest/fixtures.py", line 693, in _compute_fixture_value
    fixturedef.execute(request=subrequest)
  File "/workdir/dohq-artifactory-0.8.4/.tox/graalpylibtest-unit-test-tests/lib/python3.10/site-packages/_pytest/fixtures.py", line 1069, in execute
    result = ihook.pytest_fixture_setup(fixturedef=self, request=request)
  File "/workdir/dohq-artifactory-0.8.4/.tox/graalpylibtest-unit-test-tests/lib/python3.10/site-packages/pluggy/_hooks.py", line 493, in __call__
    return self._hookexec(self.name, self._hookimpls, kwargs, firstresult)
  File "/workdir/dohq-artifactory-0.8.4/.tox/graalpylibtest-unit-test-tests/lib/python3.10/site-packages/pluggy/_manager.py", line 115, in _hookexec
    return self._inner_hookexec(hook_name, methods, kwargs, firstresult)
  File "/workdir/dohq-artifactory-0.8.4/.tox/graalpylibtest-unit-test-tests/lib/python3.10/site-packages/pluggy/_callers.py", line 152, in _multicall
    return outcome.get_result()
  File "/workdir/dohq-artifactory-0.8.4/.tox/graalpylibtest-unit-test-tests/lib/python3.10/site-packages/pluggy/_result.py", line 114, in get_result
    raise exc.with_traceback(exc.__traceback__)
  File "/workdir/dohq-artifactory-0.8.4/.tox/graalpylibtest-unit-test-tests/lib/python3.10/site-packages/pluggy/_callers.py", line 77, in _multicall
    res = hook_impl.function(*args)
  File "/workdir/dohq-artifactory-0.8.4/.tox/graalpylibtest-unit-test-tests/lib/python3.10/site-packages/_pytest/fixtures.py", line 1123, in pytest_fixture_setup
    result = call_fixture_func(fixturefunc, request, kwargs)
  File "/workdir/dohq-artifactory-0.8.4/.tox/graalpylibtest-unit-test-tests/lib/python3.10/site-packages/_pytest/fixtures.py", line 895, in call_fixture_func
    fixture_result = next(generator)
  File "/workdir/dohq-artifactory-0.8.4/tests/conftest.py", line 123, in integration_artifactory_path_repo
    repo_ = artifactory.find_repository_local(name)
  File "/workdir/dohq-artifactory-0.8.4/.tox/graalpylibtest-unit-test-tests/lib/python3.10/site-packages/artifactory.py", line 2315, in find_repository_local
    if obj.read():
  File "/workdir/dohq-artifactory-0.8.4/.tox/graalpylibtest-unit-test-tests/lib/python3.10/site-packages/dohq_artifactory/admin.py", line 139, in read
    r = self._session.get(request_url, auth=self._auth)
  File "/workdir/dohq-artifactory-0.8.4/.tox/graalpylibtest-unit-test-tests/lib/python3.10/site-packages/requests/sessions.py", line 602, in get
    return self.request("GET", url, **kwargs)
  File "/workdir/dohq-artifactory-0.8.4/.tox/graalpylibtest-unit-test-tests/lib/python3.10/site-packages/requests/sessions.py", line 589, in request
    resp = self.send(prep, **send_kwargs)
  File "/workdir/dohq-artifactory-0.8.4/.tox/graalpylibtest-unit-test-tests/lib/python3.10/site-packages/requests/sessions.py", line 703, in send
    r = adapter.send(request, **kwargs)
  File "/workdir/dohq-artifactory-0.8.4/.tox/graalpylibtest-unit-test-tests/lib/python3.10/site-packages/requests/adapters.py", line 519, in send
    raise ConnectionError(e, request=request)
requests.exceptions.ConnectionError: HTTPConnectionPool(host='localhost', port=8081): Max retries exceeded with url: /artifactory/api/repositories/integration-artifactory-path-repo (Caused by NewConnectionError('<urllib3.connection.HTTPConnection object at 0x52e74c9>: Failed to establish a new connection: [Errno 111] Connection refused'))
_________________________ ERROR at setup of test_open __________________________
Traceback (most recent call last):
  File "/workdir/dohq-artifactory-0.8.4/.tox/graalpylibtest-unit-test-tests/lib/python3.10/site-packages/urllib3/connection.py", line 203, in _new_conn
    sock = connection.create_connection(
  File "/workdir/dohq-artifactory-0.8.4/.tox/graalpylibtest-unit-test-tests/lib/python3.10/site-packages/urllib3/util/connection.py", line 85, in create_connection
    raise err
  File "/workdir/dohq-artifactory-0.8.4/.tox/graalpylibtest-unit-test-tests/lib/python3.10/site-packages/urllib3/util/connection.py", line 73, in create_connection
    sock.connect(sa)
ConnectionRefusedError: [Errno 111] Connection refused

The above exception was the direct cause of the following exception:

Traceback (most recent call last):
  File "/workdir/dohq-artifactory-0.8.4/.tox/graalpylibtest-unit-test-tests/lib/python3.10/site-packages/urllib3/connectionpool.py", line 790, in urlopen
    response = self._make_request(
  File "/workdir/dohq-artifactory-0.8.4/.tox/graalpylibtest-unit-test-tests/lib/python3.10/site-packages/urllib3/connectionpool.py", line 496, in _make_request
    conn.request(
  File "/workdir/dohq-artifactory-0.8.4/.tox/graalpylibtest-unit-test-tests/lib/python3.10/site-packages/urllib3/connection.py", line 395, in request
    self.endheaders()
  File "/opt/graalpy/lib/python3.10/http/client.py", line 1277, in endheaders
    self._send_output(message_body, encode_chunked=encode_chunked)
  File "/opt/graalpy/lib/python3.10/http/client.py", line 1037, in _send_output
    self.send(msg)
  File "/opt/graalpy/lib/python3.10/http/client.py", line 975, in send
    self.connect()
  File "/workdir/dohq-artifactory-0.8.4/.tox/graalpylibtest-unit-test-tests/lib/python3.10/site-packages/urllib3/connection.py", line 243, in connect
    self.sock = self._new_conn()
  File "/workdir/dohq-artifactory-0.8.4/.tox/graalpylibtest-unit-test-tests/lib/python3.10/site-packages/urllib3/connection.py", line 218, in _new_conn
    raise NewConnectionError(
urllib3.exceptions.NewConnectionError: <urllib3.connection.HTTPConnection object at 0x4ec620c4>: Failed to establish a new connection: [Errno 111] Connection refused

The above exception was the direct cause of the following exception:

Traceback (most recent call last):
  File "/workdir/dohq-artifactory-0.8.4/.tox/graalpylibtest-unit-test-tests/lib/python3.10/site-packages/requests/adapters.py", line 486, in send
    resp = conn.urlopen(
  File "/workdir/dohq-artifactory-0.8.4/.tox/graalpylibtest-unit-test-tests/lib/python3.10/site-packages/urllib3/connectionpool.py", line 844, in urlopen
    retries = retries.increment(
  File "/workdir/dohq-artifactory-0.8.4/.tox/graalpylibtest-unit-test-tests/lib/python3.10/site-packages/urllib3/util/retry.py", line 515, in increment
    raise MaxRetryError(_pool, url, reason) from reason  # type: ignore[arg-type]
urllib3.exceptions.MaxRetryError: HTTPConnectionPool(host='localhost', port=8081): Max retries exceeded with url: /artifactory/api/repositories/integration-artifactory-path-repo (Caused by NewConnectionError('<urllib3.connection.HTTPConnection object at 0x4ec620c4>: Failed to establish a new connection: [Errno 111] Connection refused'))

During handling of the above exception, another exception occurred:

Traceback (most recent call last):
  File "/workdir/dohq-artifactory-0.8.4/.tox/graalpylibtest-unit-test-tests/lib/python3.10/site-packages/_pytest/runner.py", line 341, in from_call
    result: Optional[TResult] = func()
  File "/workdir/dohq-artifactory-0.8.4/.tox/graalpylibtest-unit-test-tests/lib/python3.10/site-packages/_pytest/runner.py", line 262, in <lambda>
    lambda: ihook(item=item, **kwds), when=when, reraise=reraise
  File "/workdir/dohq-artifactory-0.8.4/.tox/graalpylibtest-unit-test-tests/lib/python3.10/site-packages/pluggy/_hooks.py", line 493, in __call__
    return self._hookexec(self.name, self._hookimpls, kwargs, firstresult)
  File "/workdir/dohq-artifactory-0.8.4/.tox/graalpylibtest-unit-test-tests/lib/python3.10/site-packages/pluggy/_manager.py", line 115, in _hookexec
    return self._inner_hookexec(hook_name, methods, kwargs, firstresult)
  File "/workdir/dohq-artifactory-0.8.4/.tox/graalpylibtest-unit-test-tests/lib/python3.10/site-packages/pluggy/_callers.py", line 152, in _multicall
    return outcome.get_result()
  File "/workdir/dohq-artifactory-0.8.4/.tox/graalpylibtest-unit-test-tests/lib/python3.10/site-packages/pluggy/_result.py", line 114, in get_result
    raise exc.with_traceback(exc.__traceback__)
  File "/workdir/dohq-artifactory-0.8.4/.tox/graalpylibtest-unit-test-tests/lib/python3.10/site-packages/pluggy/_callers.py", line 77, in _multicall
    res = hook_impl.function(*args)
  File "/workdir/dohq-artifactory-0.8.4/.tox/graalpylibtest-unit-test-tests/lib/python3.10/site-packages/_pytest/runner.py", line 157, in pytest_runtest_setup
    item.session._setupstate.setup(item)
  File "/workdir/dohq-artifactory-0.8.4/.tox/graalpylibtest-unit-test-tests/lib/python3.10/site-packages/_pytest/runner.py", line 497, in setup
    raise exc
  File "/workdir/dohq-artifactory-0.8.4/.tox/graalpylibtest-unit-test-tests/lib/python3.10/site-packages/_pytest/runner.py", line 494, in setup
    col.setup()
  File "/workdir/dohq-artifactory-0.8.4/.tox/graalpylibtest-unit-test-tests/lib/python3.10/site-packages/_pytest/python.py", line 1795, in setup
    self._request._fillfixtures()
  File "/workdir/dohq-artifactory-0.8.4/.tox/graalpylibtest-unit-test-tests/lib/python3.10/site-packages/_pytest/fixtures.py", line 566, in _fillfixtures
    item.funcargs[argname] = self.getfixturevalue(argname)
  File "/workdir/dohq-artifactory-0.8.4/.tox/graalpylibtest-unit-test-tests/lib/python3.10/site-packages/_pytest/fixtures.py", line 585, in getfixturevalue
    fixturedef = self._get_active_fixturedef(argname)
  File "/workdir/dohq-artifactory-0.8.4/.tox/graalpylibtest-unit-test-tests/lib/python3.10/site-packages/_pytest/fixtures.py", line 607, in _get_active_fixturedef
    self._compute_fixture_value(fixturedef)
  File "/workdir/dohq-artifactory-0.8.4/.tox/graalpylibtest-unit-test-tests/lib/python3.10/site-packages/_pytest/fixtures.py", line 693, in _compute_fixture_value
    fixturedef.execute(request=subrequest)
  File "/workdir/dohq-artifactory-0.8.4/.tox/graalpylibtest-unit-test-tests/lib/python3.10/site-packages/_pytest/fixtures.py", line 1045, in execute
    fixturedef = request._get_active_fixturedef(argname)
  File "/workdir/dohq-artifactory-0.8.4/.tox/graalpylibtest-unit-test-tests/lib/python3.10/site-packages/_pytest/fixtures.py", line 607, in _get_active_fixturedef
    self._compute_fixture_value(fixturedef)
  File "/workdir/dohq-artifactory-0.8.4/.tox/graalpylibtest-unit-test-tests/lib/python3.10/site-packages/_pytest/fixtures.py", line 693, in _compute_fixture_value
    fixturedef.execute(request=subrequest)
  File "/workdir/dohq-artifactory-0.8.4/.tox/graalpylibtest-unit-test-tests/lib/python3.10/site-packages/_pytest/fixtures.py", line 1069, in execute
    result = ihook.pytest_fixture_setup(fixturedef=self, request=request)
  File "/workdir/dohq-artifactory-0.8.4/.tox/graalpylibtest-unit-test-tests/lib/python3.10/site-packages/pluggy/_hooks.py", line 493, in __call__
    return self._hookexec(self.name, self._hookimpls, kwargs, firstresult)
  File "/workdir/dohq-artifactory-0.8.4/.tox/graalpylibtest-unit-test-tests/lib/python3.10/site-packages/pluggy/_manager.py", line 115, in _hookexec
    return self._inner_hookexec(hook_name, methods, kwargs, firstresult)
  File "/workdir/dohq-artifactory-0.8.4/.tox/graalpylibtest-unit-test-tests/lib/python3.10/site-packages/pluggy/_callers.py", line 152, in _multicall
    return outcome.get_result()
  File "/workdir/dohq-artifactory-0.8.4/.tox/graalpylibtest-unit-test-tests/lib/python3.10/site-packages/pluggy/_result.py", line 114, in get_result
    raise exc.with_traceback(exc.__traceback__)
  File "/workdir/dohq-artifactory-0.8.4/.tox/graalpylibtest-unit-test-tests/lib/python3.10/site-packages/pluggy/_callers.py", line 77, in _multicall
    res = hook_impl.function(*args)
  File "/workdir/dohq-artifactory-0.8.4/.tox/graalpylibtest-unit-test-tests/lib/python3.10/site-packages/_pytest/fixtures.py", line 1123, in pytest_fixture_setup
    result = call_fixture_func(fixturefunc, request, kwargs)
  File "/workdir/dohq-artifactory-0.8.4/.tox/graalpylibtest-unit-test-tests/lib/python3.10/site-packages/_pytest/fixtures.py", line 895, in call_fixture_func
    fixture_result = next(generator)
  File "/workdir/dohq-artifactory-0.8.4/tests/conftest.py", line 123, in integration_artifactory_path_repo
    repo_ = artifactory.find_repository_local(name)
  File "/workdir/dohq-artifactory-0.8.4/.tox/graalpylibtest-unit-test-tests/lib/python3.10/site-packages/artifactory.py", line 2315, in find_repository_local
    if obj.read():
  File "/workdir/dohq-artifactory-0.8.4/.tox/graalpylibtest-unit-test-tests/lib/python3.10/site-packages/dohq_artifactory/admin.py", line 139, in read
    r = self._session.get(request_url, auth=self._auth)
  File "/workdir/dohq-artifactory-0.8.4/.tox/graalpylibtest-unit-test-tests/lib/python3.10/site-packages/requests/sessions.py", line 602, in get
    return self.request("GET", url, **kwargs)
  File "/workdir/dohq-artifactory-0.8.4/.tox/graalpylibtest-unit-test-tests/lib/python3.10/site-packages/requests/sessions.py", line 589, in request
    resp = self.send(prep, **send_kwargs)
  File "/workdir/dohq-artifactory-0.8.4/.tox/graalpylibtest-unit-test-tests/lib/python3.10/site-packages/requests/sessions.py", line 703, in send
    r = adapter.send(request, **kwargs)
  File "/workdir/dohq-artifactory-0.8.4/.tox/graalpylibtest-unit-test-tests/lib/python3.10/site-packages/requests/adapters.py", line 519, in send
    raise ConnectionError(e, request=request)
requests.exceptions.ConnectionError: HTTPConnectionPool(host='localhost', port=8081): Max retries exceeded with url: /artifactory/api/repositories/integration-artifactory-path-repo (Caused by NewConnectionError('<urllib3.connection.HTTPConnection object at 0x4ec620c4>: Failed to establish a new connection: [Errno 111] Connection refused'))
____________________ ERROR at setup of test_read_and_write _____________________
Traceback (most recent call last):
  File "/workdir/dohq-artifactory-0.8.4/.tox/graalpylibtest-unit-test-tests/lib/python3.10/site-packages/urllib3/connection.py", line 203, in _new_conn
    sock = connection.create_connection(
  File "/workdir/dohq-artifactory-0.8.4/.tox/graalpylibtest-unit-test-tests/lib/python3.10/site-packages/urllib3/util/connection.py", line 85, in create_connection
    raise err
  File "/workdir/dohq-artifactory-0.8.4/.tox/graalpylibtest-unit-test-tests/lib/python3.10/site-packages/urllib3/util/connection.py", line 73, in create_connection
    sock.connect(sa)
ConnectionRefusedError: [Errno 111] Connection refused

The above exception was the direct cause of the following exception:

Traceback (most recent call last):
  File "/workdir/dohq-artifactory-0.8.4/.tox/graalpylibtest-unit-test-tests/lib/python3.10/site-packages/urllib3/connectionpool.py", line 790, in urlopen
    response = self._make_request(
  File "/workdir/dohq-artifactory-0.8.4/.tox/graalpylibtest-unit-test-tests/lib/python3.10/site-packages/urllib3/connectionpool.py", line 496, in _make_request
    conn.request(
  File "/workdir/dohq-artifactory-0.8.4/.tox/graalpylibtest-unit-test-tests/lib/python3.10/site-packages/urllib3/connection.py", line 395, in request
    self.endheaders()
  File "/opt/graalpy/lib/python3.10/http/client.py", line 1277, in endheaders
    self._send_output(message_body, encode_chunked=encode_chunked)
  File "/opt/graalpy/lib/python3.10/http/client.py", line 1037, in _send_output
    self.send(msg)
  File "/opt/graalpy/lib/python3.10/http/client.py", line 975, in send
    self.connect()
  File "/workdir/dohq-artifactory-0.8.4/.tox/graalpylibtest-unit-test-tests/lib/python3.10/site-packages/urllib3/connection.py", line 243, in connect
    self.sock = self._new_conn()
  File "/workdir/dohq-artifactory-0.8.4/.tox/graalpylibtest-unit-test-tests/lib/python3.10/site-packages/urllib3/connection.py", line 218, in _new_conn
    raise NewConnectionError(
urllib3.exceptions.NewConnectionError: <urllib3.connection.HTTPConnection object at 0x32c75374>: Failed to establish a new connection: [Errno 111] Connection refused

The above exception was the direct cause of the following exception:

Traceback (most recent call last):
  File "/workdir/dohq-artifactory-0.8.4/.tox/graalpylibtest-unit-test-tests/lib/python3.10/site-packages/requests/adapters.py", line 486, in send
    resp = conn.urlopen(
  File "/workdir/dohq-artifactory-0.8.4/.tox/graalpylibtest-unit-test-tests/lib/python3.10/site-packages/urllib3/connectionpool.py", line 844, in urlopen
    retries = retries.increment(
  File "/workdir/dohq-artifactory-0.8.4/.tox/graalpylibtest-unit-test-tests/lib/python3.10/site-packages/urllib3/util/retry.py", line 515, in increment
    raise MaxRetryError(_pool, url, reason) from reason  # type: ignore[arg-type]
urllib3.exceptions.MaxRetryError: HTTPConnectionPool(host='localhost', port=8081): Max retries exceeded with url: /artifactory/api/repositories/integration-artifactory-path-repo (Caused by NewConnectionError('<urllib3.connection.HTTPConnection object at 0x32c75374>: Failed to establish a new connection: [Errno 111] Connection refused'))

During handling of the above exception, another exception occurred:

Traceback (most recent call last):
  File "/workdir/dohq-artifactory-0.8.4/.tox/graalpylibtest-unit-test-tests/lib/python3.10/site-packages/_pytest/runner.py", line 341, in from_call
    result: Optional[TResult] = func()
  File "/workdir/dohq-artifactory-0.8.4/.tox/graalpylibtest-unit-test-tests/lib/python3.10/site-packages/_pytest/runner.py", line 262, in <lambda>
    lambda: ihook(item=item, **kwds), when=when, reraise=reraise
  File "/workdir/dohq-artifactory-0.8.4/.tox/graalpylibtest-unit-test-tests/lib/python3.10/site-packages/pluggy/_hooks.py", line 493, in __call__
    return self._hookexec(self.name, self._hookimpls, kwargs, firstresult)
  File "/workdir/dohq-artifactory-0.8.4/.tox/graalpylibtest-unit-test-tests/lib/python3.10/site-packages/pluggy/_manager.py", line 115, in _hookexec
    return self._inner_hookexec(hook_name, methods, kwargs, firstresult)
  File "/workdir/dohq-artifactory-0.8.4/.tox/graalpylibtest-unit-test-tests/lib/python3.10/site-packages/pluggy/_callers.py", line 152, in _multicall
    return outcome.get_result()
  File "/workdir/dohq-artifactory-0.8.4/.tox/graalpylibtest-unit-test-tests/lib/python3.10/site-packages/pluggy/_result.py", line 114, in get_result
    raise exc.with_traceback(exc.__traceback__)
  File "/workdir/dohq-artifactory-0.8.4/.tox/graalpylibtest-unit-test-tests/lib/python3.10/site-packages/pluggy/_callers.py", line 77, in _multicall
    res = hook_impl.function(*args)
  File "/workdir/dohq-artifactory-0.8.4/.tox/graalpylibtest-unit-test-tests/lib/python3.10/site-packages/_pytest/runner.py", line 157, in pytest_runtest_setup
    item.session._setupstate.setup(item)
  File "/workdir/dohq-artifactory-0.8.4/.tox/graalpylibtest-unit-test-tests/lib/python3.10/site-packages/_pytest/runner.py", line 497, in setup
    raise exc
  File "/workdir/dohq-artifactory-0.8.4/.tox/graalpylibtest-unit-test-tests/lib/python3.10/site-packages/_pytest/runner.py", line 494, in setup
    col.setup()
  File "/workdir/dohq-artifactory-0.8.4/.tox/graalpylibtest-unit-test-tests/lib/python3.10/site-packages/_pytest/python.py", line 1795, in setup
    self._request._fillfixtures()
  File "/workdir/dohq-artifactory-0.8.4/.tox/graalpylibtest-unit-test-tests/lib/python3.10/site-packages/_pytest/fixtures.py", line 566, in _fillfixtures
    item.funcargs[argname] = self.getfixturevalue(argname)
  File "/workdir/dohq-artifactory-0.8.4/.tox/graalpylibtest-unit-test-tests/lib/python3.10/site-packages/_pytest/fixtures.py", line 585, in getfixturevalue
    fixturedef = self._get_active_fixturedef(argname)
  File "/workdir/dohq-artifactory-0.8.4/.tox/graalpylibtest-unit-test-tests/lib/python3.10/site-packages/_pytest/fixtures.py", line 607, in _get_active_fixturedef
    self._compute_fixture_value(fixturedef)
  File "/workdir/dohq-artifactory-0.8.4/.tox/graalpylibtest-unit-test-tests/lib/python3.10/site-packages/_pytest/fixtures.py", line 693, in _compute_fixture_value
    fixturedef.execute(request=subrequest)
  File "/workdir/dohq-artifactory-0.8.4/.tox/graalpylibtest-unit-test-tests/lib/python3.10/site-packages/_pytest/fixtures.py", line 1045, in execute
    fixturedef = request._get_active_fixturedef(argname)
  File "/workdir/dohq-artifactory-0.8.4/.tox/graalpylibtest-unit-test-tests/lib/python3.10/site-packages/_pytest/fixtures.py", line 607, in _get_active_fixturedef
    self._compute_fixture_value(fixturedef)
  File "/workdir/dohq-artifactory-0.8.4/.tox/graalpylibtest-unit-test-tests/lib/python3.10/site-packages/_pytest/fixtures.py", line 693, in _compute_fixture_value
    fixturedef.execute(request=subrequest)
  File "/workdir/dohq-artifactory-0.8.4/.tox/graalpylibtest-unit-test-tests/lib/python3.10/site-packages/_pytest/fixtures.py", line 1069, in execute
    result = ihook.pytest_fixture_setup(fixturedef=self, request=request)
  File "/workdir/dohq-artifactory-0.8.4/.tox/graalpylibtest-unit-test-tests/lib/python3.10/site-packages/pluggy/_hooks.py", line 493, in __call__
    return self._hookexec(self.name, self._hookimpls, kwargs, firstresult)
  File "/workdir/dohq-artifactory-0.8.4/.tox/graalpylibtest-unit-test-tests/lib/python3.10/site-packages/pluggy/_manager.py", line 115, in _hookexec
    return self._inner_hookexec(hook_name, methods, kwargs, firstresult)
  File "/workdir/dohq-artifactory-0.8.4/.tox/graalpylibtest-unit-test-tests/lib/python3.10/site-packages/pluggy/_callers.py", line 152, in _multicall
    return outcome.get_result()
  File "/workdir/dohq-artifactory-0.8.4/.tox/graalpylibtest-unit-test-tests/lib/python3.10/site-packages/pluggy/_result.py", line 114, in get_result
    raise exc.with_traceback(exc.__traceback__)
  File "/workdir/dohq-artifactory-0.8.4/.tox/graalpylibtest-unit-test-tests/lib/python3.10/site-packages/pluggy/_callers.py", line 77, in _multicall
    res = hook_impl.function(*args)
  File "/workdir/dohq-artifactory-0.8.4/.tox/graalpylibtest-unit-test-tests/lib/python3.10/site-packages/_pytest/fixtures.py", line 1123, in pytest_fixture_setup
    result = call_fixture_func(fixturefunc, request, kwargs)
  File "/workdir/dohq-artifactory-0.8.4/.tox/graalpylibtest-unit-test-tests/lib/python3.10/site-packages/_pytest/fixtures.py", line 895, in call_fixture_func
    fixture_result = next(generator)
  File "/workdir/dohq-artifactory-0.8.4/tests/conftest.py", line 123, in integration_artifactory_path_repo
    repo_ = artifactory.find_repository_local(name)
  File "/workdir/dohq-artifactory-0.8.4/.tox/graalpylibtest-unit-test-tests/lib/python3.10/site-packages/artifactory.py", line 2315, in find_repository_local
    if obj.read():
  File "/workdir/dohq-artifactory-0.8.4/.tox/graalpylibtest-unit-test-tests/lib/python3.10/site-packages/dohq_artifactory/admin.py", line 139, in read
    r = self._session.get(request_url, auth=self._auth)
  File "/workdir/dohq-artifactory-0.8.4/.tox/graalpylibtest-unit-test-tests/lib/python3.10/site-packages/requests/sessions.py", line 602, in get
    return self.request("GET", url, **kwargs)
  File "/workdir/dohq-artifactory-0.8.4/.tox/graalpylibtest-unit-test-tests/lib/python3.10/site-packages/requests/sessions.py", line 589, in request
    resp = self.send(prep, **send_kwargs)
  File "/workdir/dohq-artifactory-0.8.4/.tox/graalpylibtest-unit-test-tests/lib/python3.10/site-packages/requests/sessions.py", line 703, in send
    r = adapter.send(request, **kwargs)
  File "/workdir/dohq-artifactory-0.8.4/.tox/graalpylibtest-unit-test-tests/lib/python3.10/site-packages/requests/adapters.py", line 519, in send
    raise ConnectionError(e, request=request)
requests.exceptions.ConnectionError: HTTPConnectionPool(host='localhost', port=8081): Max retries exceeded with url: /artifactory/api/repositories/integration-artifactory-path-repo (Caused by NewConnectionError('<urllib3.connection.HTTPConnection object at 0x32c75374>: Failed to establish a new connection: [Errno 111] Connection refused'))
=================================== FAILURES ===================================
_________________________ TestUser.test_create_delete __________________________
Traceback (most recent call last):
  File "/workdir/dohq-artifactory-0.8.4/.tox/graalpylibtest-unit-test-tests/lib/python3.10/site-packages/urllib3/connection.py", line 203, in _new_conn
    sock = connection.create_connection(
  File "/workdir/dohq-artifactory-0.8.4/.tox/graalpylibtest-unit-test-tests/lib/python3.10/site-packages/urllib3/util/connection.py", line 85, in create_connection
    raise err
  File "/workdir/dohq-artifactory-0.8.4/.tox/graalpylibtest-unit-test-tests/lib/python3.10/site-packages/urllib3/util/connection.py", line 73, in create_connection
    sock.connect(sa)
ConnectionRefusedError: [Errno 111] Connection refused

The above exception was the direct cause of the following exception:

Traceback (most recent call last):
  File "/workdir/dohq-artifactory-0.8.4/.tox/graalpylibtest-unit-test-tests/lib/python3.10/site-packages/urllib3/connectionpool.py", line 790, in urlopen
    response = self._make_request(
  File "/workdir/dohq-artifactory-0.8.4/.tox/graalpylibtest-unit-test-tests/lib/python3.10/site-packages/urllib3/connectionpool.py", line 496, in _make_request
    conn.request(
  File "/workdir/dohq-artifactory-0.8.4/.tox/graalpylibtest-unit-test-tests/lib/python3.10/site-packages/urllib3/connection.py", line 395, in request
    self.endheaders()
  File "/opt/graalpy/lib/python3.10/http/client.py", line 1277, in endheaders
    self._send_output(message_body, encode_chunked=encode_chunked)
  File "/opt/graalpy/lib/python3.10/http/client.py", line 1037, in _send_output
    self.send(msg)
  File "/opt/graalpy/lib/python3.10/http/client.py", line 975, in send
    self.connect()
  File "/workdir/dohq-artifactory-0.8.4/.tox/graalpylibtest-unit-test-tests/lib/python3.10/site-packages/urllib3/connection.py", line 243, in connect
    self.sock = self._new_conn()
  File "/workdir/dohq-artifactory-0.8.4/.tox/graalpylibtest-unit-test-tests/lib/python3.10/site-packages/urllib3/connection.py", line 218, in _new_conn
    raise NewConnectionError(
urllib3.exceptions.NewConnectionError: <urllib3.connection.HTTPConnection object at 0x17549eb3>: Failed to establish a new connection: [Errno 111] Connection refused

The above exception was the direct cause of the following exception:

Traceback (most recent call last):
  File "/workdir/dohq-artifactory-0.8.4/.tox/graalpylibtest-unit-test-tests/lib/python3.10/site-packages/requests/adapters.py", line 486, in send
    resp = conn.urlopen(
  File "/workdir/dohq-artifactory-0.8.4/.tox/graalpylibtest-unit-test-tests/lib/python3.10/site-packages/urllib3/connectionpool.py", line 844, in urlopen
    retries = retries.increment(
  File "/workdir/dohq-artifactory-0.8.4/.tox/graalpylibtest-unit-test-tests/lib/python3.10/site-packages/urllib3/util/retry.py", line 515, in increment
    raise MaxRetryError(_pool, url, reason) from reason  # type: ignore[arg-type]
urllib3.exceptions.MaxRetryError: HTTPConnectionPool(host='localhost', port=8081): Max retries exceeded with url: /artifactory/api/security/users/test_create_delete_user (Caused by NewConnectionError('<urllib3.connection.HTTPConnection object at 0x17549eb3>: Failed to establish a new connection: [Errno 111] Connection refused'))

During handling of the above exception, another exception occurred:

Traceback (most recent call last):
  File "/workdir/dohq-artifactory-0.8.4/.tox/graalpylibtest-unit-test-tests/lib/python3.10/site-packages/_pytest/runner.py", line 341, in from_call
    result: Optional[TResult] = func()
  File "/workdir/dohq-artifactory-0.8.4/.tox/graalpylibtest-unit-test-tests/lib/python3.10/site-packages/_pytest/runner.py", line 262, in <lambda>
    lambda: ihook(item=item, **kwds), when=when, reraise=reraise
  File "/workdir/dohq-artifactory-0.8.4/.tox/graalpylibtest-unit-test-tests/lib/python3.10/site-packages/pluggy/_hooks.py", line 493, in __call__
    return self._hookexec(self.name, self._hookimpls, kwargs, firstresult)
  File "/workdir/dohq-artifactory-0.8.4/.tox/graalpylibtest-unit-test-tests/lib/python3.10/site-packages/pluggy/_manager.py", line 115, in _hookexec
    return self._inner_hookexec(hook_name, methods, kwargs, firstresult)
  File "/workdir/dohq-artifactory-0.8.4/.tox/graalpylibtest-unit-test-tests/lib/python3.10/site-packages/pluggy/_callers.py", line 152, in _multicall
    return outcome.get_result()
  File "/workdir/dohq-artifactory-0.8.4/.tox/graalpylibtest-unit-test-tests/lib/python3.10/site-packages/pluggy/_result.py", line 114, in get_result
    raise exc.with_traceback(exc.__traceback__)
  File "/workdir/dohq-artifactory-0.8.4/.tox/graalpylibtest-unit-test-tests/lib/python3.10/site-packages/pluggy/_callers.py", line 77, in _multicall
    res = hook_impl.function(*args)
  File "/workdir/dohq-artifactory-0.8.4/.tox/graalpylibtest-unit-test-tests/lib/python3.10/site-packages/_pytest/runner.py", line 177, in pytest_runtest_call
    raise e
  File "/workdir/dohq-artifactory-0.8.4/.tox/graalpylibtest-unit-test-tests/lib/python3.10/site-packages/_pytest/runner.py", line 169, in pytest_runtest_call
    item.runtest()
  File "/workdir/dohq-artifactory-0.8.4/.tox/graalpylibtest-unit-test-tests/lib/python3.10/site-packages/_pytest/python.py", line 1792, in runtest
    self.ihook.pytest_pyfunc_call(pyfuncitem=self)
  File "/workdir/dohq-artifactory-0.8.4/.tox/graalpylibtest-unit-test-tests/lib/python3.10/site-packages/pluggy/_hooks.py", line 493, in __call__
    return self._hookexec(self.name, self._hookimpls, kwargs, firstresult)
  File "/workdir/dohq-artifactory-0.8.4/.tox/graalpylibtest-unit-test-tests/lib/python3.10/site-packages/pluggy/_manager.py", line 115, in _hookexec
    return self._inner_hookexec(hook_name, methods, kwargs, firstresult)
  File "/workdir/dohq-artifactory-0.8.4/.tox/graalpylibtest-unit-test-tests/lib/python3.10/site-packages/pluggy/_callers.py", line 113, in _multicall
    raise exception.with_traceback(exception.__traceback__)
  File "/workdir/dohq-artifactory-0.8.4/.tox/graalpylibtest-unit-test-tests/lib/python3.10/site-packages/pluggy/_callers.py", line 77, in _multicall
    res = hook_impl.function(*args)
  File "/workdir/dohq-artifactory-0.8.4/.tox/graalpylibtest-unit-test-tests/lib/python3.10/site-packages/_pytest/python.py", line 194, in pytest_pyfunc_call
    result = testfunction(**testargs)
  File "/workdir/dohq-artifactory-0.8.4/tests/integration/test_admin.py", line 14, in test_create_delete
    test_user = artifactory.find_user(user_name)
  File "/workdir/dohq-artifactory-0.8.4/.tox/graalpylibtest-unit-test-tests/lib/python3.10/site-packages/artifactory.py", line 2303, in find_user
    if obj.read():
  File "/workdir/dohq-artifactory-0.8.4/.tox/graalpylibtest-unit-test-tests/lib/python3.10/site-packages/dohq_artifactory/admin.py", line 139, in read
    r = self._session.get(request_url, auth=self._auth)
  File "/workdir/dohq-artifactory-0.8.4/.tox/graalpylibtest-unit-test-tests/lib/python3.10/site-packages/requests/sessions.py", line 602, in get
    return self.request("GET", url, **kwargs)
  File "/workdir/dohq-artifactory-0.8.4/.tox/graalpylibtest-unit-test-tests/lib/python3.10/site-packages/requests/sessions.py", line 589, in request
    resp = self.send(prep, **send_kwargs)
  File "/workdir/dohq-artifactory-0.8.4/.tox/graalpylibtest-unit-test-tests/lib/python3.10/site-packages/requests/sessions.py", line 703, in send
    r = adapter.send(request, **kwargs)
  File "/workdir/dohq-artifactory-0.8.4/.tox/graalpylibtest-unit-test-tests/lib/python3.10/site-packages/requests/adapters.py", line 519, in send
    raise ConnectionError(e, request=request)
requests.exceptions.ConnectionError: HTTPConnectionPool(host='localhost', port=8081): Max retries exceeded with url: /artifactory/api/security/users/test_create_delete_user (Caused by NewConnectionError('<urllib3.connection.HTTPConnection object at 0x17549eb3>: Failed to establish a new connection: [Errno 111] Connection refused'))
_________________________ TestUser.test_create_update __________________________
Traceback (most recent call last):
  File "/workdir/dohq-artifactory-0.8.4/.tox/graalpylibtest-unit-test-tests/lib/python3.10/site-packages/urllib3/connection.py", line 203, in _new_conn
    sock = connection.create_connection(
  File "/workdir/dohq-artifactory-0.8.4/.tox/graalpylibtest-unit-test-tests/lib/python3.10/site-packages/urllib3/util/connection.py", line 85, in create_connection
    raise err
  File "/workdir/dohq-artifactory-0.8.4/.tox/graalpylibtest-unit-test-tests/lib/python3.10/site-packages/urllib3/util/connection.py", line 73, in create_connection
    sock.connect(sa)
ConnectionRefusedError: [Errno 111] Connection refused

The above exception was the direct cause of the following exception:

Traceback (most recent call last):
  File "/workdir/dohq-artifactory-0.8.4/.tox/graalpylibtest-unit-test-tests/lib/python3.10/site-packages/urllib3/connectionpool.py", line 790, in urlopen
    response = self._make_request(
  File "/workdir/dohq-artifactory-0.8.4/.tox/graalpylibtest-unit-test-tests/lib/python3.10/site-packages/urllib3/connectionpool.py", line 496, in _make_request
    conn.request(
  File "/workdir/dohq-artifactory-0.8.4/.tox/graalpylibtest-unit-test-tests/lib/python3.10/site-packages/urllib3/connection.py", line 395, in request
    self.endheaders()
  File "/opt/graalpy/lib/python3.10/http/client.py", line 1277, in endheaders
    self._send_output(message_body, encode_chunked=encode_chunked)
  File "/opt/graalpy/lib/python3.10/http/client.py", line 1037, in _send_output
    self.send(msg)
  File "/opt/graalpy/lib/python3.10/http/client.py", line 975, in send
    self.connect()
  File "/workdir/dohq-artifactory-0.8.4/.tox/graalpylibtest-unit-test-tests/lib/python3.10/site-packages/urllib3/connection.py", line 243, in connect
    self.sock = self._new_conn()
  File "/workdir/dohq-artifactory-0.8.4/.tox/graalpylibtest-unit-test-tests/lib/python3.10/site-packages/urllib3/connection.py", line 218, in _new_conn
    raise NewConnectionError(
urllib3.exceptions.NewConnectionError: <urllib3.connection.HTTPConnection object at 0x2757c992>: Failed to establish a new connection: [Errno 111] Connection refused

The above exception was the direct cause of the following exception:

Traceback (most recent call last):
  File "/workdir/dohq-artifactory-0.8.4/.tox/graalpylibtest-unit-test-tests/lib/python3.10/site-packages/requests/adapters.py", line 486, in send
    resp = conn.urlopen(
  File "/workdir/dohq-artifactory-0.8.4/.tox/graalpylibtest-unit-test-tests/lib/python3.10/site-packages/urllib3/connectionpool.py", line 844, in urlopen
    retries = retries.increment(
  File "/workdir/dohq-artifactory-0.8.4/.tox/graalpylibtest-unit-test-tests/lib/python3.10/site-packages/urllib3/util/retry.py", line 515, in increment
    raise MaxRetryError(_pool, url, reason) from reason  # type: ignore[arg-type]
urllib3.exceptions.MaxRetryError: HTTPConnectionPool(host='localhost', port=8081): Max retries exceeded with url: /artifactory/api/security/users/test_create_update_user (Caused by NewConnectionError('<urllib3.connection.HTTPConnection object at 0x2757c992>: Failed to establish a new connection: [Errno 111] Connection refused'))

During handling of the above exception, another exception occurred:

Traceback (most recent call last):
  File "/workdir/dohq-artifactory-0.8.4/.tox/graalpylibtest-unit-test-tests/lib/python3.10/site-packages/_pytest/runner.py", line 341, in from_call
    result: Optional[TResult] = func()
  File "/workdir/dohq-artifactory-0.8.4/.tox/graalpylibtest-unit-test-tests/lib/python3.10/site-packages/_pytest/runner.py", line 262, in <lambda>
    lambda: ihook(item=item, **kwds), when=when, reraise=reraise
  File "/workdir/dohq-artifactory-0.8.4/.tox/graalpylibtest-unit-test-tests/lib/python3.10/site-packages/pluggy/_hooks.py", line 493, in __call__
    return self._hookexec(self.name, self._hookimpls, kwargs, firstresult)
  File "/workdir/dohq-artifactory-0.8.4/.tox/graalpylibtest-unit-test-tests/lib/python3.10/site-packages/pluggy/_manager.py", line 115, in _hookexec
    return self._inner_hookexec(hook_name, methods, kwargs, firstresult)
  File "/workdir/dohq-artifactory-0.8.4/.tox/graalpylibtest-unit-test-tests/lib/python3.10/site-packages/pluggy/_callers.py", line 152, in _multicall
    return outcome.get_result()
  File "/workdir/dohq-artifactory-0.8.4/.tox/graalpylibtest-unit-test-tests/lib/python3.10/site-packages/pluggy/_result.py", line 114, in get_result
    raise exc.with_traceback(exc.__traceback__)
  File "/workdir/dohq-artifactory-0.8.4/.tox/graalpylibtest-unit-test-tests/lib/python3.10/site-packages/pluggy/_callers.py", line 77, in _multicall
    res = hook_impl.function(*args)
  File "/workdir/dohq-artifactory-0.8.4/.tox/graalpylibtest-unit-test-tests/lib/python3.10/site-packages/_pytest/runner.py", line 177, in pytest_runtest_call
    raise e
  File "/workdir/dohq-artifactory-0.8.4/.tox/graalpylibtest-unit-test-tests/lib/python3.10/site-packages/_pytest/runner.py", line 169, in pytest_runtest_call
    item.runtest()
  File "/workdir/dohq-artifactory-0.8.4/.tox/graalpylibtest-unit-test-tests/lib/python3.10/site-packages/_pytest/python.py", line 1792, in runtest
    self.ihook.pytest_pyfunc_call(pyfuncitem=self)
  File "/workdir/dohq-artifactory-0.8.4/.tox/graalpylibtest-unit-test-tests/lib/python3.10/site-packages/pluggy/_hooks.py", line 493, in __call__
    return self._hookexec(self.name, self._hookimpls, kwargs, firstresult)
  File "/workdir/dohq-artifactory-0.8.4/.tox/graalpylibtest-unit-test-tests/lib/python3.10/site-packages/pluggy/_manager.py", line 115, in _hookexec
    return self._inner_hookexec(hook_name, methods, kwargs, firstresult)
  File "/workdir/dohq-artifactory-0.8.4/.tox/graalpylibtest-unit-test-tests/lib/python3.10/site-packages/pluggy/_callers.py", line 113, in _multicall
    raise exception.with_traceback(exception.__traceback__)
  File "/workdir/dohq-artifactory-0.8.4/.tox/graalpylibtest-unit-test-tests/lib/python3.10/site-packages/pluggy/_callers.py", line 77, in _multicall
    res = hook_impl.function(*args)
  File "/workdir/dohq-artifactory-0.8.4/.tox/graalpylibtest-unit-test-tests/lib/python3.10/site-packages/_pytest/python.py", line 194, in pytest_pyfunc_call
    result = testfunction(**testargs)
  File "/workdir/dohq-artifactory-0.8.4/tests/integration/test_admin.py", line 38, in test_create_update
    test_user = artifactory.find_user(user_name)
  File "/workdir/dohq-artifactory-0.8.4/.tox/graalpylibtest-unit-test-tests/lib/python3.10/site-packages/artifactory.py", line 2303, in find_user
    if obj.read():
  File "/workdir/dohq-artifactory-0.8.4/.tox/graalpylibtest-unit-test-tests/lib/python3.10/site-packages/dohq_artifactory/admin.py", line 139, in read
    r = self._session.get(request_url, auth=self._auth)
  File "/workdir/dohq-artifactory-0.8.4/.tox/graalpylibtest-unit-test-tests/lib/python3.10/site-packages/requests/sessions.py", line 602, in get
    return self.request("GET", url, **kwargs)
  File "/workdir/dohq-artifactory-0.8.4/.tox/graalpylibtest-unit-test-tests/lib/python3.10/site-packages/requests/sessions.py", line 589, in request
    resp = self.send(prep, **send_kwargs)
  File "/workdir/dohq-artifactory-0.8.4/.tox/graalpylibtest-unit-test-tests/lib/python3.10/site-packages/requests/sessions.py", line 703, in send
    r = adapter.send(request, **kwargs)
  File "/workdir/dohq-artifactory-0.8.4/.tox/graalpylibtest-unit-test-tests/lib/python3.10/site-packages/requests/adapters.py", line 519, in send
    raise ConnectionError(e, request=request)
requests.exceptions.ConnectionError: HTTPConnectionPool(host='localhost', port=8081): Max retries exceeded with url: /artifactory/api/security/users/test_create_update_user (Caused by NewConnectionError('<urllib3.connection.HTTPConnection object at 0x2757c992>: Failed to establish a new connection: [Errno 111] Connection refused'))
_________________________ TestGroup.test_create_delete _________________________
Traceback (most recent call last):
  File "/workdir/dohq-artifactory-0.8.4/.tox/graalpylibtest-unit-test-tests/lib/python3.10/site-packages/urllib3/connection.py", line 203, in _new_conn
    sock = connection.create_connection(
  File "/workdir/dohq-artifactory-0.8.4/.tox/graalpylibtest-unit-test-tests/lib/python3.10/site-packages/urllib3/util/connection.py", line 85, in create_connection
    raise err
  File "/workdir/dohq-artifactory-0.8.4/.tox/graalpylibtest-unit-test-tests/lib/python3.10/site-packages/urllib3/util/connection.py", line 73, in create_connection
    sock.connect(sa)
ConnectionRefusedError: [Errno 111] Connection refused

The above exception was the direct cause of the following exception:

Traceback (most recent call last):
  File "/workdir/dohq-artifactory-0.8.4/.tox/graalpylibtest-unit-test-tests/lib/python3.10/site-packages/urllib3/connectionpool.py", line 790, in urlopen
    response = self._make_request(
  File "/workdir/dohq-artifactory-0.8.4/.tox/graalpylibtest-unit-test-tests/lib/python3.10/site-packages/urllib3/connectionpool.py", line 496, in _make_request
    conn.request(
  File "/workdir/dohq-artifactory-0.8.4/.tox/graalpylibtest-unit-test-tests/lib/python3.10/site-packages/urllib3/connection.py", line 395, in request
    self.endheaders()
  File "/opt/graalpy/lib/python3.10/http/client.py", line 1277, in endheaders
    self._send_output(message_body, encode_chunked=encode_chunked)
  File "/opt/graalpy/lib/python3.10/http/client.py", line 1037, in _send_output
    self.send(msg)
  File "/opt/graalpy/lib/python3.10/http/client.py", line 975, in send
    self.connect()
  File "/workdir/dohq-artifactory-0.8.4/.tox/graalpylibtest-unit-test-tests/lib/python3.10/site-packages/urllib3/connection.py", line 243, in connect
    self.sock = self._new_conn()
  File "/workdir/dohq-artifactory-0.8.4/.tox/graalpylibtest-unit-test-tests/lib/python3.10/site-packages/urllib3/connection.py", line 218, in _new_conn
    raise NewConnectionError(
urllib3.exceptions.NewConnectionError: <urllib3.connection.HTTPConnection object at 0x3deb6c11>: Failed to establish a new connection: [Errno 111] Connection refused

The above exception was the direct cause of the following exception:

Traceback (most recent call last):
  File "/workdir/dohq-artifactory-0.8.4/.tox/graalpylibtest-unit-test-tests/lib/python3.10/site-packages/requests/adapters.py", line 486, in send
    resp = conn.urlopen(
  File "/workdir/dohq-artifactory-0.8.4/.tox/graalpylibtest-unit-test-tests/lib/python3.10/site-packages/urllib3/connectionpool.py", line 844, in urlopen
    retries = retries.increment(
  File "/workdir/dohq-artifactory-0.8.4/.tox/graalpylibtest-unit-test-tests/lib/python3.10/site-packages/urllib3/util/retry.py", line 515, in increment
    raise MaxRetryError(_pool, url, reason) from reason  # type: ignore[arg-type]
urllib3.exceptions.MaxRetryError: HTTPConnectionPool(host='localhost', port=8081): Max retries exceeded with url: /artifactory/api/security/groups/test_create_delete_group (Caused by NewConnectionError('<urllib3.connection.HTTPConnection object at 0x3deb6c11>: Failed to establish a new connection: [Errno 111] Connection refused'))

During handling of the above exception, another exception occurred:

Traceback (most recent call last):
  File "/workdir/dohq-artifactory-0.8.4/.tox/graalpylibtest-unit-test-tests/lib/python3.10/site-packages/_pytest/runner.py", line 341, in from_call
    result: Optional[TResult] = func()
  File "/workdir/dohq-artifactory-0.8.4/.tox/graalpylibtest-unit-test-tests/lib/python3.10/site-packages/_pytest/runner.py", line 262, in <lambda>
    lambda: ihook(item=item, **kwds), when=when, reraise=reraise
  File "/workdir/dohq-artifactory-0.8.4/.tox/graalpylibtest-unit-test-tests/lib/python3.10/site-packages/pluggy/_hooks.py", line 493, in __call__
    return self._hookexec(self.name, self._hookimpls, kwargs, firstresult)
  File "/workdir/dohq-artifactory-0.8.4/.tox/graalpylibtest-unit-test-tests/lib/python3.10/site-packages/pluggy/_manager.py", line 115, in _hookexec
    return self._inner_hookexec(hook_name, methods, kwargs, firstresult)
  File "/workdir/dohq-artifactory-0.8.4/.tox/graalpylibtest-unit-test-tests/lib/python3.10/site-packages/pluggy/_callers.py", line 152, in _multicall
    return outcome.get_result()
  File "/workdir/dohq-artifactory-0.8.4/.tox/graalpylibtest-unit-test-tests/lib/python3.10/site-packages/pluggy/_result.py", line 114, in get_result
    raise exc.with_traceback(exc.__traceback__)
  File "/workdir/dohq-artifactory-0.8.4/.tox/graalpylibtest-unit-test-tests/lib/python3.10/site-packages/pluggy/_callers.py", line 77, in _multicall
    res = hook_impl.function(*args)
  File "/workdir/dohq-artifactory-0.8.4/.tox/graalpylibtest-unit-test-tests/lib/python3.10/site-packages/_pytest/runner.py", line 177, in pytest_runtest_call
    raise e
  File "/workdir/dohq-artifactory-0.8.4/.tox/graalpylibtest-unit-test-tests/lib/python3.10/site-packages/_pytest/runner.py", line 169, in pytest_runtest_call
    item.runtest()
  File "/workdir/dohq-artifactory-0.8.4/.tox/graalpylibtest-unit-test-tests/lib/python3.10/site-packages/_pytest/python.py", line 1792, in runtest
    self.ihook.pytest_pyfunc_call(pyfuncitem=self)
  File "/workdir/dohq-artifactory-0.8.4/.tox/graalpylibtest-unit-test-tests/lib/python3.10/site-packages/pluggy/_hooks.py", line 493, in __call__
    return self._hookexec(self.name, self._hookimpls, kwargs, firstresult)
  File "/workdir/dohq-artifactory-0.8.4/.tox/graalpylibtest-unit-test-tests/lib/python3.10/site-packages/pluggy/_manager.py", line 115, in _hookexec
    return self._inner_hookexec(hook_name, methods, kwargs, firstresult)
  File "/workdir/dohq-artifactory-0.8.4/.tox/graalpylibtest-unit-test-tests/lib/python3.10/site-packages/pluggy/_callers.py", line 113, in _multicall
    raise exception.with_traceback(exception.__traceback__)
  File "/workdir/dohq-artifactory-0.8.4/.tox/graalpylibtest-unit-test-tests/lib/python3.10/site-packages/pluggy/_callers.py", line 77, in _multicall
    res = hook_impl.function(*args)
  File "/workdir/dohq-artifactory-0.8.4/.tox/graalpylibtest-unit-test-tests/lib/python3.10/site-packages/_pytest/python.py", line 194, in pytest_pyfunc_call
    result = testfunction(**testargs)
  File "/workdir/dohq-artifactory-0.8.4/tests/integration/test_admin.py", line 79, in test_create_delete
    test_group = artifactory.find_group(name)
  File "/workdir/dohq-artifactory-0.8.4/.tox/graalpylibtest-unit-test-tests/lib/python3.10/site-packages/artifactory.py", line 2309, in find_group
    if obj.read():
  File "/workdir/dohq-artifactory-0.8.4/.tox/graalpylibtest-unit-test-tests/lib/python3.10/site-packages/dohq_artifactory/admin.py", line 139, in read
    r = self._session.get(request_url, auth=self._auth)
  File "/workdir/dohq-artifactory-0.8.4/.tox/graalpylibtest-unit-test-tests/lib/python3.10/site-packages/requests/sessions.py", line 602, in get
    return self.request("GET", url, **kwargs)
  File "/workdir/dohq-artifactory-0.8.4/.tox/graalpylibtest-unit-test-tests/lib/python3.10/site-packages/requests/sessions.py", line 589, in request
    resp = self.send(prep, **send_kwargs)
  File "/workdir/dohq-artifactory-0.8.4/.tox/graalpylibtest-unit-test-tests/lib/python3.10/site-packages/requests/sessions.py", line 703, in send
    r = adapter.send(request, **kwargs)
  File "/workdir/dohq-artifactory-0.8.4/.tox/graalpylibtest-unit-test-tests/lib/python3.10/site-packages/requests/adapters.py", line 519, in send
    raise ConnectionError(e, request=request)
requests.exceptions.ConnectionError: HTTPConnectionPool(host='localhost', port=8081): Max retries exceeded with url: /artifactory/api/security/groups/test_create_delete_group (Caused by NewConnectionError('<urllib3.connection.HTTPConnection object at 0x3deb6c11>: Failed to establish a new connection: [Errno 111] Connection refused'))
____________________ TestGroup.test_create_delete_with_user ____________________
Traceback (most recent call last):
  File "/workdir/dohq-artifactory-0.8.4/.tox/graalpylibtest-unit-test-tests/lib/python3.10/site-packages/urllib3/connection.py", line 203, in _new_conn
    sock = connection.create_connection(
  File "/workdir/dohq-artifactory-0.8.4/.tox/graalpylibtest-unit-test-tests/lib/python3.10/site-packages/urllib3/util/connection.py", line 85, in create_connection
    raise err
  File "/workdir/dohq-artifactory-0.8.4/.tox/graalpylibtest-unit-test-tests/lib/python3.10/site-packages/urllib3/util/connection.py", line 73, in create_connection
    sock.connect(sa)
ConnectionRefusedError: [Errno 111] Connection refused

The above exception was the direct cause of the following exception:

Traceback (most recent call last):
  File "/workdir/dohq-artifactory-0.8.4/.tox/graalpylibtest-unit-test-tests/lib/python3.10/site-packages/urllib3/connectionpool.py", line 790, in urlopen
    response = self._make_request(
  File "/workdir/dohq-artifactory-0.8.4/.tox/graalpylibtest-unit-test-tests/lib/python3.10/site-packages/urllib3/connectionpool.py", line 496, in _make_request
    conn.request(
  File "/workdir/dohq-artifactory-0.8.4/.tox/graalpylibtest-unit-test-tests/lib/python3.10/site-packages/urllib3/connection.py", line 395, in request
    self.endheaders()
  File "/opt/graalpy/lib/python3.10/http/client.py", line 1277, in endheaders
    self._send_output(message_body, encode_chunked=encode_chunked)
  File "/opt/graalpy/lib/python3.10/http/client.py", line 1037, in _send_output
    self.send(msg)
  File "/opt/graalpy/lib/python3.10/http/client.py", line 975, in send
    self.connect()
  File "/workdir/dohq-artifactory-0.8.4/.tox/graalpylibtest-unit-test-tests/lib/python3.10/site-packages/urllib3/connection.py", line 243, in connect
    self.sock = self._new_conn()
  File "/workdir/dohq-artifactory-0.8.4/.tox/graalpylibtest-unit-test-tests/lib/python3.10/site-packages/urllib3/connection.py", line 218, in _new_conn
    raise NewConnectionError(
urllib3.exceptions.NewConnectionError: <urllib3.connection.HTTPConnection object at 0x47c7b36>: Failed to establish a new connection: [Errno 111] Connection refused

The above exception was the direct cause of the following exception:

Traceback (most recent call last):
  File "/workdir/dohq-artifactory-0.8.4/.tox/graalpylibtest-unit-test-tests/lib/python3.10/site-packages/requests/adapters.py", line 486, in send
    resp = conn.urlopen(
  File "/workdir/dohq-artifactory-0.8.4/.tox/graalpylibtest-unit-test-tests/lib/python3.10/site-packages/urllib3/connectionpool.py", line 844, in urlopen
    retries = retries.increment(
  File "/workdir/dohq-artifactory-0.8.4/.tox/graalpylibtest-unit-test-tests/lib/python3.10/site-packages/urllib3/util/retry.py", line 515, in increment
    raise MaxRetryError(_pool, url, reason) from reason  # type: ignore[arg-type]
urllib3.exceptions.MaxRetryError: HTTPConnectionPool(host='localhost', port=8081): Max retries exceeded with url: /artifactory/api/security/groups/test_adding_user_to_group (Caused by NewConnectionError('<urllib3.connection.HTTPConnection object at 0x47c7b36>: Failed to establish a new connection: [Errno 111] Connection refused'))

During handling of the above exception, another exception occurred:

Traceback (most recent call last):
  File "/workdir/dohq-artifactory-0.8.4/.tox/graalpylibtest-unit-test-tests/lib/python3.10/site-packages/_pytest/runner.py", line 341, in from_call
    result: Optional[TResult] = func()
  File "/workdir/dohq-artifactory-0.8.4/.tox/graalpylibtest-unit-test-tests/lib/python3.10/site-packages/_pytest/runner.py", line 262, in <lambda>
    lambda: ihook(item=item, **kwds), when=when, reraise=reraise
  File "/workdir/dohq-artifactory-0.8.4/.tox/graalpylibtest-unit-test-tests/lib/python3.10/site-packages/pluggy/_hooks.py", line 493, in __call__
    return self._hookexec(self.name, self._hookimpls, kwargs, firstresult)
  File "/workdir/dohq-artifactory-0.8.4/.tox/graalpylibtest-unit-test-tests/lib/python3.10/site-packages/pluggy/_manager.py", line 115, in _hookexec
    return self._inner_hookexec(hook_name, methods, kwargs, firstresult)
  File "/workdir/dohq-artifactory-0.8.4/.tox/graalpylibtest-unit-test-tests/lib/python3.10/site-packages/pluggy/_callers.py", line 152, in _multicall
    return outcome.get_result()
  File "/workdir/dohq-artifactory-0.8.4/.tox/graalpylibtest-unit-test-tests/lib/python3.10/site-packages/pluggy/_result.py", line 114, in get_result
    raise exc.with_traceback(exc.__traceback__)
  File "/workdir/dohq-artifactory-0.8.4/.tox/graalpylibtest-unit-test-tests/lib/python3.10/site-packages/pluggy/_callers.py", line 77, in _multicall
    res = hook_impl.function(*args)
  File "/workdir/dohq-artifactory-0.8.4/.tox/graalpylibtest-unit-test-tests/lib/python3.10/site-packages/_pytest/runner.py", line 177, in pytest_runtest_call
    raise e
  File "/workdir/dohq-artifactory-0.8.4/.tox/graalpylibtest-unit-test-tests/lib/python3.10/site-packages/_pytest/runner.py", line 169, in pytest_runtest_call
    item.runtest()
  File "/workdir/dohq-artifactory-0.8.4/.tox/graalpylibtest-unit-test-tests/lib/python3.10/site-packages/_pytest/python.py", line 1792, in runtest
    self.ihook.pytest_pyfunc_call(pyfuncitem=self)
  File "/workdir/dohq-artifactory-0.8.4/.tox/graalpylibtest-unit-test-tests/lib/python3.10/site-packages/pluggy/_hooks.py", line 493, in __call__
    return self._hookexec(self.name, self._hookimpls, kwargs, firstresult)
  File "/workdir/dohq-artifactory-0.8.4/.tox/graalpylibtest-unit-test-tests/lib/python3.10/site-packages/pluggy/_manager.py", line 115, in _hookexec
    return self._inner_hookexec(hook_name, methods, kwargs, firstresult)
  File "/workdir/dohq-artifactory-0.8.4/.tox/graalpylibtest-unit-test-tests/lib/python3.10/site-packages/pluggy/_callers.py", line 113, in _multicall
    raise exception.with_traceback(exception.__traceback__)
  File "/workdir/dohq-artifactory-0.8.4/.tox/graalpylibtest-unit-test-tests/lib/python3.10/site-packages/pluggy/_callers.py", line 77, in _multicall
    res = hook_impl.function(*args)
  File "/workdir/dohq-artifactory-0.8.4/.tox/graalpylibtest-unit-test-tests/lib/python3.10/site-packages/_pytest/python.py", line 194, in pytest_pyfunc_call
    result = testfunction(**testargs)
  File "/workdir/dohq-artifactory-0.8.4/tests/integration/test_admin.py", line 98, in test_create_delete_with_user
    test_group = artifactory.find_group(name)
  File "/workdir/dohq-artifactory-0.8.4/.tox/graalpylibtest-unit-test-tests/lib/python3.10/site-packages/artifactory.py", line 2309, in find_group
    if obj.read():
  File "/workdir/dohq-artifactory-0.8.4/.tox/graalpylibtest-unit-test-tests/lib/python3.10/site-packages/dohq_artifactory/admin.py", line 139, in read
    r = self._session.get(request_url, auth=self._auth)
  File "/workdir/dohq-artifactory-0.8.4/.tox/graalpylibtest-unit-test-tests/lib/python3.10/site-packages/requests/sessions.py", line 602, in get
    return self.request("GET", url, **kwargs)
  File "/workdir/dohq-artifactory-0.8.4/.tox/graalpylibtest-unit-test-tests/lib/python3.10/site-packages/requests/sessions.py", line 589, in request
    resp = self.send(prep, **send_kwargs)
  File "/workdir/dohq-artifactory-0.8.4/.tox/graalpylibtest-unit-test-tests/lib/python3.10/site-packages/requests/sessions.py", line 703, in send
    r = adapter.send(request, **kwargs)
  File "/workdir/dohq-artifactory-0.8.4/.tox/graalpylibtest-unit-test-tests/lib/python3.10/site-packages/requests/adapters.py", line 519, in send
    raise ConnectionError(e, request=request)
requests.exceptions.ConnectionError: HTTPConnectionPool(host='localhost', port=8081): Max retries exceeded with url: /artifactory/api/security/groups/test_adding_user_to_group (Caused by NewConnectionError('<urllib3.connection.HTTPConnection object at 0x47c7b36>: Failed to establish a new connection: [Errno 111] Connection refused'))
___________________ TestLocalRepositories.test_create_delete ___________________
Traceback (most recent call last):
  File "/workdir/dohq-artifactory-0.8.4/.tox/graalpylibtest-unit-test-tests/lib/python3.10/site-packages/urllib3/connection.py", line 203, in _new_conn
    sock = connection.create_connection(
  File "/workdir/dohq-artifactory-0.8.4/.tox/graalpylibtest-unit-test-tests/lib/python3.10/site-packages/urllib3/util/connection.py", line 85, in create_connection
    raise err
  File "/workdir/dohq-artifactory-0.8.4/.tox/graalpylibtest-unit-test-tests/lib/python3.10/site-packages/urllib3/util/connection.py", line 73, in create_connection
    sock.connect(sa)
ConnectionRefusedError: [Errno 111] Connection refused

The above exception was the direct cause of the following exception:

Traceback (most recent call last):
  File "/workdir/dohq-artifactory-0.8.4/.tox/graalpylibtest-unit-test-tests/lib/python3.10/site-packages/urllib3/connectionpool.py", line 790, in urlopen
    response = self._make_request(
  File "/workdir/dohq-artifactory-0.8.4/.tox/graalpylibtest-unit-test-tests/lib/python3.10/site-packages/urllib3/connectionpool.py", line 496, in _make_request
    conn.request(
  File "/workdir/dohq-artifactory-0.8.4/.tox/graalpylibtest-unit-test-tests/lib/python3.10/site-packages/urllib3/connection.py", line 395, in request
    self.endheaders()
  File "/opt/graalpy/lib/python3.10/http/client.py", line 1277, in endheaders
    self._send_output(message_body, encode_chunked=encode_chunked)
  File "/opt/graalpy/lib/python3.10/http/client.py", line 1037, in _send_output
    self.send(msg)
  File "/opt/graalpy/lib/python3.10/http/client.py", line 975, in send
    self.connect()
  File "/workdir/dohq-artifactory-0.8.4/.tox/graalpylibtest-unit-test-tests/lib/python3.10/site-packages/urllib3/connection.py", line 243, in connect
    self.sock = self._new_conn()
  File "/workdir/dohq-artifactory-0.8.4/.tox/graalpylibtest-unit-test-tests/lib/python3.10/site-packages/urllib3/connection.py", line 218, in _new_conn
    raise NewConnectionError(
urllib3.exceptions.NewConnectionError: <urllib3.connection.HTTPConnection object at 0x2f3c5eea>: Failed to establish a new connection: [Errno 111] Connection refused

The above exception was the direct cause of the following exception:

Traceback (most recent call last):
  File "/workdir/dohq-artifactory-0.8.4/.tox/graalpylibtest-unit-test-tests/lib/python3.10/site-packages/requests/adapters.py", line 486, in send
    resp = conn.urlopen(
  File "/workdir/dohq-artifactory-0.8.4/.tox/graalpylibtest-unit-test-tests/lib/python3.10/site-packages/urllib3/connectionpool.py", line 844, in urlopen
    retries = retries.increment(
  File "/workdir/dohq-artifactory-0.8.4/.tox/graalpylibtest-unit-test-tests/lib/python3.10/site-packages/urllib3/util/retry.py", line 515, in increment
    raise MaxRetryError(_pool, url, reason) from reason  # type: ignore[arg-type]
urllib3.exceptions.MaxRetryError: HTTPConnectionPool(host='localhost', port=8081): Max retries exceeded with url: /artifactory/api/repositories/test-debian-repo (Caused by NewConnectionError('<urllib3.connection.HTTPConnection object at 0x2f3c5eea>: Failed to establish a new connection: [Errno 111] Connection refused'))

During handling of the above exception, another exception occurred:

Traceback (most recent call last):
  File "/workdir/dohq-artifactory-0.8.4/.tox/graalpylibtest-unit-test-tests/lib/python3.10/site-packages/_pytest/runner.py", line 341, in from_call
    result: Optional[TResult] = func()
  File "/workdir/dohq-artifactory-0.8.4/.tox/graalpylibtest-unit-test-tests/lib/python3.10/site-packages/_pytest/runner.py", line 262, in <lambda>
    lambda: ihook(item=item, **kwds), when=when, reraise=reraise
  File "/workdir/dohq-artifactory-0.8.4/.tox/graalpylibtest-unit-test-tests/lib/python3.10/site-packages/pluggy/_hooks.py", line 493, in __call__
    return self._hookexec(self.name, self._hookimpls, kwargs, firstresult)
  File "/workdir/dohq-artifactory-0.8.4/.tox/graalpylibtest-unit-test-tests/lib/python3.10/site-packages/pluggy/_manager.py", line 115, in _hookexec
    return self._inner_hookexec(hook_name, methods, kwargs, firstresult)
  File "/workdir/dohq-artifactory-0.8.4/.tox/graalpylibtest-unit-test-tests/lib/python3.10/site-packages/pluggy/_callers.py", line 152, in _multicall
    return outcome.get_result()
  File "/workdir/dohq-artifactory-0.8.4/.tox/graalpylibtest-unit-test-tests/lib/python3.10/site-packages/pluggy/_result.py", line 114, in get_result
    raise exc.with_traceback(exc.__traceback__)
  File "/workdir/dohq-artifactory-0.8.4/.tox/graalpylibtest-unit-test-tests/lib/python3.10/site-packages/pluggy/_callers.py", line 77, in _multicall
    res = hook_impl.function(*args)
  File "/workdir/dohq-artifactory-0.8.4/.tox/graalpylibtest-unit-test-tests/lib/python3.10/site-packages/_pytest/runner.py", line 177, in pytest_runtest_call
    raise e
  File "/workdir/dohq-artifactory-0.8.4/.tox/graalpylibtest-unit-test-tests/lib/python3.10/site-packages/_pytest/runner.py", line 169, in pytest_runtest_call
    item.runtest()
  File "/workdir/dohq-artifactory-0.8.4/.tox/graalpylibtest-unit-test-tests/lib/python3.10/site-packages/_pytest/python.py", line 1792, in runtest
    self.ihook.pytest_pyfunc_call(pyfuncitem=self)
  File "/workdir/dohq-artifactory-0.8.4/.tox/graalpylibtest-unit-test-tests/lib/python3.10/site-packages/pluggy/_hooks.py", line 493, in __call__
    return self._hookexec(self.name, self._hookimpls, kwargs, firstresult)
  File "/workdir/dohq-artifactory-0.8.4/.tox/graalpylibtest-unit-test-tests/lib/python3.10/site-packages/pluggy/_manager.py", line 115, in _hookexec
    return self._inner_hookexec(hook_name, methods, kwargs, firstresult)
  File "/workdir/dohq-artifactory-0.8.4/.tox/graalpylibtest-unit-test-tests/lib/python3.10/site-packages/pluggy/_callers.py", line 113, in _multicall
    raise exception.with_traceback(exception.__traceback__)
  File "/workdir/dohq-artifactory-0.8.4/.tox/graalpylibtest-unit-test-tests/lib/python3.10/site-packages/pluggy/_callers.py", line 77, in _multicall
    res = hook_impl.function(*args)
  File "/workdir/dohq-artifactory-0.8.4/.tox/graalpylibtest-unit-test-tests/lib/python3.10/site-packages/_pytest/python.py", line 194, in pytest_pyfunc_call
    result = testfunction(**testargs)
  File "/workdir/dohq-artifactory-0.8.4/tests/integration/test_admin.py", line 125, in test_create_delete
    test_repo = artifactory.find_repository_local(name)
  File "/workdir/dohq-artifactory-0.8.4/.tox/graalpylibtest-unit-test-tests/lib/python3.10/site-packages/artifactory.py", line 2315, in find_repository_local
    if obj.read():
  File "/workdir/dohq-artifactory-0.8.4/.tox/graalpylibtest-unit-test-tests/lib/python3.10/site-packages/dohq_artifactory/admin.py", line 139, in read
    r = self._session.get(request_url, auth=self._auth)
  File "/workdir/dohq-artifactory-0.8.4/.tox/graalpylibtest-unit-test-tests/lib/python3.10/site-packages/requests/sessions.py", line 602, in get
    return self.request("GET", url, **kwargs)
  File "/workdir/dohq-artifactory-0.8.4/.tox/graalpylibtest-unit-test-tests/lib/python3.10/site-packages/requests/sessions.py", line 589, in request
    resp = self.send(prep, **send_kwargs)
  File "/workdir/dohq-artifactory-0.8.4/.tox/graalpylibtest-unit-test-tests/lib/python3.10/site-packages/requests/sessions.py", line 703, in send
    r = adapter.send(request, **kwargs)
  File "/workdir/dohq-artifactory-0.8.4/.tox/graalpylibtest-unit-test-tests/lib/python3.10/site-packages/requests/adapters.py", line 519, in send
    raise ConnectionError(e, request=request)
requests.exceptions.ConnectionError: HTTPConnectionPool(host='localhost', port=8081): Max retries exceeded with url: /artifactory/api/repositories/test-debian-repo (Caused by NewConnectionError('<urllib3.connection.HTTPConnection object at 0x2f3c5eea>: Failed to establish a new connection: [Errno 111] Connection refused'))
___________________ TestTargetPermission.test_create_delete ____________________
Traceback (most recent call last):
  File "/workdir/dohq-artifactory-0.8.4/.tox/graalpylibtest-unit-test-tests/lib/python3.10/site-packages/urllib3/connection.py", line 203, in _new_conn
    sock = connection.create_connection(
  File "/workdir/dohq-artifactory-0.8.4/.tox/graalpylibtest-unit-test-tests/lib/python3.10/site-packages/urllib3/util/connection.py", line 85, in create_connection
    raise err
  File "/workdir/dohq-artifactory-0.8.4/.tox/graalpylibtest-unit-test-tests/lib/python3.10/site-packages/urllib3/util/connection.py", line 73, in create_connection
    sock.connect(sa)
ConnectionRefusedError: [Errno 111] Connection refused

The above exception was the direct cause of the following exception:

Traceback (most recent call last):
  File "/workdir/dohq-artifactory-0.8.4/.tox/graalpylibtest-unit-test-tests/lib/python3.10/site-packages/urllib3/connectionpool.py", line 790, in urlopen
    response = self._make_request(
  File "/workdir/dohq-artifactory-0.8.4/.tox/graalpylibtest-unit-test-tests/lib/python3.10/site-packages/urllib3/connectionpool.py", line 496, in _make_request
    conn.request(
  File "/workdir/dohq-artifactory-0.8.4/.tox/graalpylibtest-unit-test-tests/lib/python3.10/site-packages/urllib3/connection.py", line 395, in request
    self.endheaders()
  File "/opt/graalpy/lib/python3.10/http/client.py", line 1277, in endheaders
    self._send_output(message_body, encode_chunked=encode_chunked)
  File "/opt/graalpy/lib/python3.10/http/client.py", line 1037, in _send_output
    self.send(msg)
  File "/opt/graalpy/lib/python3.10/http/client.py", line 975, in send
    self.connect()
  File "/workdir/dohq-artifactory-0.8.4/.tox/graalpylibtest-unit-test-tests/lib/python3.10/site-packages/urllib3/connection.py", line 243, in connect
    self.sock = self._new_conn()
  File "/workdir/dohq-artifactory-0.8.4/.tox/graalpylibtest-unit-test-tests/lib/python3.10/site-packages/urllib3/connection.py", line 218, in _new_conn
    raise NewConnectionError(
urllib3.exceptions.NewConnectionError: <urllib3.connection.HTTPConnection object at 0x4ffab2f2>: Failed to establish a new connection: [Errno 111] Connection refused

The above exception was the direct cause of the following exception:

Traceback (most recent call last):
  File "/workdir/dohq-artifactory-0.8.4/.tox/graalpylibtest-unit-test-tests/lib/python3.10/site-packages/requests/adapters.py", line 486, in send
    resp = conn.urlopen(
  File "/workdir/dohq-artifactory-0.8.4/.tox/graalpylibtest-unit-test-tests/lib/python3.10/site-packages/urllib3/connectionpool.py", line 844, in urlopen
    retries = retries.increment(
  File "/workdir/dohq-artifactory-0.8.4/.tox/graalpylibtest-unit-test-tests/lib/python3.10/site-packages/urllib3/util/retry.py", line 515, in increment
    raise MaxRetryError(_pool, url, reason) from reason  # type: ignore[arg-type]
urllib3.exceptions.MaxRetryError: HTTPConnectionPool(host='localhost', port=8081): Max retries exceeded with url: /artifactory/api/security/permissions/create_delete_permission (Caused by NewConnectionError('<urllib3.connection.HTTPConnection object at 0x4ffab2f2>: Failed to establish a new connection: [Errno 111] Connection refused'))

During handling of the above exception, another exception occurred:

Traceback (most recent call last):
  File "/workdir/dohq-artifactory-0.8.4/.tox/graalpylibtest-unit-test-tests/lib/python3.10/site-packages/_pytest/runner.py", line 341, in from_call
    result: Optional[TResult] = func()
  File "/workdir/dohq-artifactory-0.8.4/.tox/graalpylibtest-unit-test-tests/lib/python3.10/site-packages/_pytest/runner.py", line 262, in <lambda>
    lambda: ihook(item=item, **kwds), when=when, reraise=reraise
  File "/workdir/dohq-artifactory-0.8.4/.tox/graalpylibtest-unit-test-tests/lib/python3.10/site-packages/pluggy/_hooks.py", line 493, in __call__
    return self._hookexec(self.name, self._hookimpls, kwargs, firstresult)
  File "/workdir/dohq-artifactory-0.8.4/.tox/graalpylibtest-unit-test-tests/lib/python3.10/site-packages/pluggy/_manager.py", line 115, in _hookexec
    return self._inner_hookexec(hook_name, methods, kwargs, firstresult)
  File "/workdir/dohq-artifactory-0.8.4/.tox/graalpylibtest-unit-test-tests/lib/python3.10/site-packages/pluggy/_callers.py", line 152, in _multicall
    return outcome.get_result()
  File "/workdir/dohq-artifactory-0.8.4/.tox/graalpylibtest-unit-test-tests/lib/python3.10/site-packages/pluggy/_result.py", line 114, in get_result
    raise exc.with_traceback(exc.__traceback__)
  File "/workdir/dohq-artifactory-0.8.4/.tox/graalpylibtest-unit-test-tests/lib/python3.10/site-packages/pluggy/_callers.py", line 77, in _multicall
    res = hook_impl.function(*args)
  File "/workdir/dohq-artifactory-0.8.4/.tox/graalpylibtest-unit-test-tests/lib/python3.10/site-packages/_pytest/runner.py", line 177, in pytest_runtest_call
    raise e
  File "/workdir/dohq-artifactory-0.8.4/.tox/graalpylibtest-unit-test-tests/lib/python3.10/site-packages/_pytest/runner.py", line 169, in pytest_runtest_call
    item.runtest()
  File "/workdir/dohq-artifactory-0.8.4/.tox/graalpylibtest-unit-test-tests/lib/python3.10/site-packages/_pytest/python.py", line 1792, in runtest
    self.ihook.pytest_pyfunc_call(pyfuncitem=self)
  File "/workdir/dohq-artifactory-0.8.4/.tox/graalpylibtest-unit-test-tests/lib/python3.10/site-packages/pluggy/_hooks.py", line 493, in __call__
    return self._hookexec(self.name, self._hookimpls, kwargs, firstresult)
  File "/workdir/dohq-artifactory-0.8.4/.tox/graalpylibtest-unit-test-tests/lib/python3.10/site-packages/pluggy/_manager.py", line 115, in _hookexec
    return self._inner_hookexec(hook_name, methods, kwargs, firstresult)
  File "/workdir/dohq-artifactory-0.8.4/.tox/graalpylibtest-unit-test-tests/lib/python3.10/site-packages/pluggy/_callers.py", line 113, in _multicall
    raise exception.with_traceback(exception.__traceback__)
  File "/workdir/dohq-artifactory-0.8.4/.tox/graalpylibtest-unit-test-tests/lib/python3.10/site-packages/pluggy/_callers.py", line 77, in _multicall
    res = hook_impl.function(*args)
  File "/workdir/dohq-artifactory-0.8.4/.tox/graalpylibtest-unit-test-tests/lib/python3.10/site-packages/_pytest/python.py", line 194, in pytest_pyfunc_call
    result = testfunction(**testargs)
  File "/workdir/dohq-artifactory-0.8.4/tests/integration/test_admin.py", line 148, in test_create_delete
    test_permission = artifactory.find_permission_target(name)
  File "/workdir/dohq-artifactory-0.8.4/.tox/graalpylibtest-unit-test-tests/lib/python3.10/site-packages/artifactory.py", line 2351, in find_permission_target
    if obj.read():
  File "/workdir/dohq-artifactory-0.8.4/.tox/graalpylibtest-unit-test-tests/lib/python3.10/site-packages/dohq_artifactory/admin.py", line 139, in read
    r = self._session.get(request_url, auth=self._auth)
  File "/workdir/dohq-artifactory-0.8.4/.tox/graalpylibtest-unit-test-tests/lib/python3.10/site-packages/requests/sessions.py", line 602, in get
    return self.request("GET", url, **kwargs)
  File "/workdir/dohq-artifactory-0.8.4/.tox/graalpylibtest-unit-test-tests/lib/python3.10/site-packages/requests/sessions.py", line 589, in request
    resp = self.send(prep, **send_kwargs)
  File "/workdir/dohq-artifactory-0.8.4/.tox/graalpylibtest-unit-test-tests/lib/python3.10/site-packages/requests/sessions.py", line 703, in send
    r = adapter.send(request, **kwargs)
  File "/workdir/dohq-artifactory-0.8.4/.tox/graalpylibtest-unit-test-tests/lib/python3.10/site-packages/requests/adapters.py", line 519, in send
    raise ConnectionError(e, request=request)
requests.exceptions.ConnectionError: HTTPConnectionPool(host='localhost', port=8081): Max retries exceeded with url: /artifactory/api/security/permissions/create_delete_permission (Caused by NewConnectionError('<urllib3.connection.HTTPConnection object at 0x4ffab2f2>: Failed to establish a new connection: [Errno 111] Connection refused'))
________________________ TestProject.test_create_delete ________________________
Traceback (most recent call last):
  File "/workdir/dohq-artifactory-0.8.4/.tox/graalpylibtest-unit-test-tests/lib/python3.10/site-packages/urllib3/connection.py", line 203, in _new_conn
    sock = connection.create_connection(
  File "/workdir/dohq-artifactory-0.8.4/.tox/graalpylibtest-unit-test-tests/lib/python3.10/site-packages/urllib3/util/connection.py", line 85, in create_connection
    raise err
  File "/workdir/dohq-artifactory-0.8.4/.tox/graalpylibtest-unit-test-tests/lib/python3.10/site-packages/urllib3/util/connection.py", line 73, in create_connection
    sock.connect(sa)
ConnectionRefusedError: [Errno 111] Connection refused

The above exception was the direct cause of the following exception:

Traceback (most recent call last):
  File "/workdir/dohq-artifactory-0.8.4/.tox/graalpylibtest-unit-test-tests/lib/python3.10/site-packages/urllib3/connectionpool.py", line 790, in urlopen
    response = self._make_request(
  File "/workdir/dohq-artifactory-0.8.4/.tox/graalpylibtest-unit-test-tests/lib/python3.10/site-packages/urllib3/connectionpool.py", line 496, in _make_request
    conn.request(
  File "/workdir/dohq-artifactory-0.8.4/.tox/graalpylibtest-unit-test-tests/lib/python3.10/site-packages/urllib3/connection.py", line 395, in request
    self.endheaders()
  File "/opt/graalpy/lib/python3.10/http/client.py", line 1277, in endheaders
    self._send_output(message_body, encode_chunked=encode_chunked)
  File "/opt/graalpy/lib/python3.10/http/client.py", line 1037, in _send_output
    self.send(msg)
  File "/opt/graalpy/lib/python3.10/http/client.py", line 975, in send
    self.connect()
  File "/workdir/dohq-artifactory-0.8.4/.tox/graalpylibtest-unit-test-tests/lib/python3.10/site-packages/urllib3/connection.py", line 243, in connect
    self.sock = self._new_conn()
  File "/workdir/dohq-artifactory-0.8.4/.tox/graalpylibtest-unit-test-tests/lib/python3.10/site-packages/urllib3/connection.py", line 218, in _new_conn
    raise NewConnectionError(
urllib3.exceptions.NewConnectionError: <urllib3.connection.HTTPConnection object at 0x40c136bc>: Failed to establish a new connection: [Errno 111] Connection refused

The above exception was the direct cause of the following exception:

Traceback (most recent call last):
  File "/workdir/dohq-artifactory-0.8.4/.tox/graalpylibtest-unit-test-tests/lib/python3.10/site-packages/requests/adapters.py", line 486, in send
    resp = conn.urlopen(
  File "/workdir/dohq-artifactory-0.8.4/.tox/graalpylibtest-unit-test-tests/lib/python3.10/site-packages/urllib3/connectionpool.py", line 844, in urlopen
    retries = retries.increment(
  File "/workdir/dohq-artifactory-0.8.4/.tox/graalpylibtest-unit-test-tests/lib/python3.10/site-packages/urllib3/util/retry.py", line 515, in increment
    raise MaxRetryError(_pool, url, reason) from reason  # type: ignore[arg-type]
urllib3.exceptions.MaxRetryError: HTTPConnectionPool(host='localhost', port=8081): Max retries exceeded with url: /access/api/v1/projects/t1k1 (Caused by NewConnectionError('<urllib3.connection.HTTPConnection object at 0x40c136bc>: Failed to establish a new connection: [Errno 111] Connection refused'))

During handling of the above exception, another exception occurred:

Traceback (most recent call last):
  File "/workdir/dohq-artifactory-0.8.4/.tox/graalpylibtest-unit-test-tests/lib/python3.10/site-packages/_pytest/runner.py", line 341, in from_call
    result: Optional[TResult] = func()
  File "/workdir/dohq-artifactory-0.8.4/.tox/graalpylibtest-unit-test-tests/lib/python3.10/site-packages/_pytest/runner.py", line 262, in <lambda>
    lambda: ihook(item=item, **kwds), when=when, reraise=reraise
  File "/workdir/dohq-artifactory-0.8.4/.tox/graalpylibtest-unit-test-tests/lib/python3.10/site-packages/pluggy/_hooks.py", line 493, in __call__
    return self._hookexec(self.name, self._hookimpls, kwargs, firstresult)
  File "/workdir/dohq-artifactory-0.8.4/.tox/graalpylibtest-unit-test-tests/lib/python3.10/site-packages/pluggy/_manager.py", line 115, in _hookexec
    return self._inner_hookexec(hook_name, methods, kwargs, firstresult)
  File "/workdir/dohq-artifactory-0.8.4/.tox/graalpylibtest-unit-test-tests/lib/python3.10/site-packages/pluggy/_callers.py", line 152, in _multicall
    return outcome.get_result()
  File "/workdir/dohq-artifactory-0.8.4/.tox/graalpylibtest-unit-test-tests/lib/python3.10/site-packages/pluggy/_result.py", line 114, in get_result
    raise exc.with_traceback(exc.__traceback__)
  File "/workdir/dohq-artifactory-0.8.4/.tox/graalpylibtest-unit-test-tests/lib/python3.10/site-packages/pluggy/_callers.py", line 77, in _multicall
    res = hook_impl.function(*args)
  File "/workdir/dohq-artifactory-0.8.4/.tox/graalpylibtest-unit-test-tests/lib/python3.10/site-packages/_pytest/runner.py", line 177, in pytest_runtest_call
    raise e
  File "/workdir/dohq-artifactory-0.8.4/.tox/graalpylibtest-unit-test-tests/lib/python3.10/site-packages/_pytest/runner.py", line 169, in pytest_runtest_call
    item.runtest()
  File "/workdir/dohq-artifactory-0.8.4/.tox/graalpylibtest-unit-test-tests/lib/python3.10/site-packages/_pytest/python.py", line 1792, in runtest
    self.ihook.pytest_pyfunc_call(pyfuncitem=self)
  File "/workdir/dohq-artifactory-0.8.4/.tox/graalpylibtest-unit-test-tests/lib/python3.10/site-packages/pluggy/_hooks.py", line 493, in __call__
    return self._hookexec(self.name, self._hookimpls, kwargs, firstresult)
  File "/workdir/dohq-artifactory-0.8.4/.tox/graalpylibtest-unit-test-tests/lib/python3.10/site-packages/pluggy/_manager.py", line 115, in _hookexec
    return self._inner_hookexec(hook_name, methods, kwargs, firstresult)
  File "/workdir/dohq-artifactory-0.8.4/.tox/graalpylibtest-unit-test-tests/lib/python3.10/site-packages/pluggy/_callers.py", line 113, in _multicall
    raise exception.with_traceback(exception.__traceback__)
  File "/workdir/dohq-artifactory-0.8.4/.tox/graalpylibtest-unit-test-tests/lib/python3.10/site-packages/pluggy/_callers.py", line 77, in _multicall
    res = hook_impl.function(*args)
  File "/workdir/dohq-artifactory-0.8.4/.tox/graalpylibtest-unit-test-tests/lib/python3.10/site-packages/_pytest/python.py", line 194, in pytest_pyfunc_call
    result = testfunction(**testargs)
  File "/workdir/dohq-artifactory-0.8.4/tests/integration/test_admin.py", line 202, in test_create_delete
    test_project = artifactory_token.find_project(project_key)
  File "/workdir/dohq-artifactory-0.8.4/.tox/graalpylibtest-unit-test-tests/lib/python3.10/site-packages/artifactory.py", line 2357, in find_project
    if obj.read():
  File "/workdir/dohq-artifactory-0.8.4/.tox/graalpylibtest-unit-test-tests/lib/python3.10/site-packages/dohq_artifactory/admin.py", line 139, in read
    r = self._session.get(request_url, auth=self._auth)
  File "/workdir/dohq-artifactory-0.8.4/.tox/graalpylibtest-unit-test-tests/lib/python3.10/site-packages/requests/sessions.py", line 602, in get
    return self.request("GET", url, **kwargs)
  File "/workdir/dohq-artifactory-0.8.4/.tox/graalpylibtest-unit-test-tests/lib/python3.10/site-packages/requests/sessions.py", line 589, in request
    resp = self.send(prep, **send_kwargs)
  File "/workdir/dohq-artifactory-0.8.4/.tox/graalpylibtest-unit-test-tests/lib/python3.10/site-packages/requests/sessions.py", line 703, in send
    r = adapter.send(request, **kwargs)
  File "/workdir/dohq-artifactory-0.8.4/.tox/graalpylibtest-unit-test-tests/lib/python3.10/site-packages/requests/adapters.py", line 519, in send
    raise ConnectionError(e, request=request)
requests.exceptions.ConnectionError: HTTPConnectionPool(host='localhost', port=8081): Max retries exceeded with url: /access/api/v1/projects/t1k1 (Caused by NewConnectionError('<urllib3.connection.HTTPConnection object at 0x40c136bc>: Failed to establish a new connection: [Errno 111] Connection refused'))
________________________ TestProject.test_create_update ________________________
Traceback (most recent call last):
  File "/workdir/dohq-artifactory-0.8.4/.tox/graalpylibtest-unit-test-tests/lib/python3.10/site-packages/urllib3/connection.py", line 203, in _new_conn
    sock = connection.create_connection(
  File "/workdir/dohq-artifactory-0.8.4/.tox/graalpylibtest-unit-test-tests/lib/python3.10/site-packages/urllib3/util/connection.py", line 85, in create_connection
    raise err
  File "/workdir/dohq-artifactory-0.8.4/.tox/graalpylibtest-unit-test-tests/lib/python3.10/site-packages/urllib3/util/connection.py", line 73, in create_connection
    sock.connect(sa)
ConnectionRefusedError: [Errno 111] Connection refused

The above exception was the direct cause of the following exception:

Traceback (most recent call last):
  File "/workdir/dohq-artifactory-0.8.4/.tox/graalpylibtest-unit-test-tests/lib/python3.10/site-packages/urllib3/connectionpool.py", line 790, in urlopen
    response = self._make_request(
  File "/workdir/dohq-artifactory-0.8.4/.tox/graalpylibtest-unit-test-tests/lib/python3.10/site-packages/urllib3/connectionpool.py", line 496, in _make_request
    conn.request(
  File "/workdir/dohq-artifactory-0.8.4/.tox/graalpylibtest-unit-test-tests/lib/python3.10/site-packages/urllib3/connection.py", line 395, in request
    self.endheaders()
  File "/opt/graalpy/lib/python3.10/http/client.py", line 1277, in endheaders
    self._send_output(message_body, encode_chunked=encode_chunked)
  File "/opt/graalpy/lib/python3.10/http/client.py", line 1037, in _send_output
    self.send(msg)
  File "/opt/graalpy/lib/python3.10/http/client.py", line 975, in send
    self.connect()
  File "/workdir/dohq-artifactory-0.8.4/.tox/graalpylibtest-unit-test-tests/lib/python3.10/site-packages/urllib3/connection.py", line 243, in connect
    self.sock = self._new_conn()
  File "/workdir/dohq-artifactory-0.8.4/.tox/graalpylibtest-unit-test-tests/lib/python3.10/site-packages/urllib3/connection.py", line 218, in _new_conn
    raise NewConnectionError(
urllib3.exceptions.NewConnectionError: <urllib3.connection.HTTPConnection object at 0x7e533a63>: Failed to establish a new connection: [Errno 111] Connection refused

The above exception was the direct cause of the following exception:

Traceback (most recent call last):
  File "/workdir/dohq-artifactory-0.8.4/.tox/graalpylibtest-unit-test-tests/lib/python3.10/site-packages/requests/adapters.py", line 486, in send
    resp = conn.urlopen(
  File "/workdir/dohq-artifactory-0.8.4/.tox/graalpylibtest-unit-test-tests/lib/python3.10/site-packages/urllib3/connectionpool.py", line 844, in urlopen
    retries = retries.increment(
  File "/workdir/dohq-artifactory-0.8.4/.tox/graalpylibtest-unit-test-tests/lib/python3.10/site-packages/urllib3/util/retry.py", line 515, in increment
    raise MaxRetryError(_pool, url, reason) from reason  # type: ignore[arg-type]
urllib3.exceptions.MaxRetryError: HTTPConnectionPool(host='localhost', port=8081): Max retries exceeded with url: /access/api/v1/projects/t1k1 (Caused by NewConnectionError('<urllib3.connection.HTTPConnection object at 0x7e533a63>: Failed to establish a new connection: [Errno 111] Connection refused'))

During handling of the above exception, another exception occurred:

Traceback (most recent call last):
  File "/workdir/dohq-artifactory-0.8.4/.tox/graalpylibtest-unit-test-tests/lib/python3.10/site-packages/_pytest/runner.py", line 341, in from_call
    result: Optional[TResult] = func()
  File "/workdir/dohq-artifactory-0.8.4/.tox/graalpylibtest-unit-test-tests/lib/python3.10/site-packages/_pytest/runner.py", line 262, in <lambda>
    lambda: ihook(item=item, **kwds), when=when, reraise=reraise
  File "/workdir/dohq-artifactory-0.8.4/.tox/graalpylibtest-unit-test-tests/lib/python3.10/site-packages/pluggy/_hooks.py", line 493, in __call__
    return self._hookexec(self.name, self._hookimpls, kwargs, firstresult)
  File "/workdir/dohq-artifactory-0.8.4/.tox/graalpylibtest-unit-test-tests/lib/python3.10/site-packages/pluggy/_manager.py", line 115, in _hookexec
    return self._inner_hookexec(hook_name, methods, kwargs, firstresult)
  File "/workdir/dohq-artifactory-0.8.4/.tox/graalpylibtest-unit-test-tests/lib/python3.10/site-packages/pluggy/_callers.py", line 152, in _multicall
    return outcome.get_result()
  File "/workdir/dohq-artifactory-0.8.4/.tox/graalpylibtest-unit-test-tests/lib/python3.10/site-packages/pluggy/_result.py", line 114, in get_result
    raise exc.with_traceback(exc.__traceback__)
  File "/workdir/dohq-artifactory-0.8.4/.tox/graalpylibtest-unit-test-tests/lib/python3.10/site-packages/pluggy/_callers.py", line 77, in _multicall
    res = hook_impl.function(*args)
  File "/workdir/dohq-artifactory-0.8.4/.tox/graalpylibtest-unit-test-tests/lib/python3.10/site-packages/_pytest/runner.py", line 177, in pytest_runtest_call
    raise e
  File "/workdir/dohq-artifactory-0.8.4/.tox/graalpylibtest-unit-test-tests/lib/python3.10/site-packages/_pytest/runner.py", line 169, in pytest_runtest_call
    item.runtest()
  File "/workdir/dohq-artifactory-0.8.4/.tox/graalpylibtest-unit-test-tests/lib/python3.10/site-packages/_pytest/python.py", line 1792, in runtest
    self.ihook.pytest_pyfunc_call(pyfuncitem=self)
  File "/workdir/dohq-artifactory-0.8.4/.tox/graalpylibtest-unit-test-tests/lib/python3.10/site-packages/pluggy/_hooks.py", line 493, in __call__
    return self._hookexec(self.name, self._hookimpls, kwargs, firstresult)
  File "/workdir/dohq-artifactory-0.8.4/.tox/graalpylibtest-unit-test-tests/lib/python3.10/site-packages/pluggy/_manager.py", line 115, in _hookexec
    return self._inner_hookexec(hook_name, methods, kwargs, firstresult)
  File "/workdir/dohq-artifactory-0.8.4/.tox/graalpylibtest-unit-test-tests/lib/python3.10/site-packages/pluggy/_callers.py", line 113, in _multicall
    raise exception.with_traceback(exception.__traceback__)
  File "/workdir/dohq-artifactory-0.8.4/.tox/graalpylibtest-unit-test-tests/lib/python3.10/site-packages/pluggy/_callers.py", line 77, in _multicall
    res = hook_impl.function(*args)
  File "/workdir/dohq-artifactory-0.8.4/.tox/graalpylibtest-unit-test-tests/lib/python3.10/site-packages/_pytest/python.py", line 194, in pytest_pyfunc_call
    result = testfunction(**testargs)
  File "/workdir/dohq-artifactory-0.8.4/tests/integration/test_admin.py", line 226, in test_create_update
    test_project = artifactory_token.find_project(project_key)
  File "/workdir/dohq-artifactory-0.8.4/.tox/graalpylibtest-unit-test-tests/lib/python3.10/site-packages/artifactory.py", line 2357, in find_project
    if obj.read():
  File "/workdir/dohq-artifactory-0.8.4/.tox/graalpylibtest-unit-test-tests/lib/python3.10/site-packages/dohq_artifactory/admin.py", line 139, in read
    r = self._session.get(request_url, auth=self._auth)
  File "/workdir/dohq-artifactory-0.8.4/.tox/graalpylibtest-unit-test-tests/lib/python3.10/site-packages/requests/sessions.py", line 602, in get
    return self.request("GET", url, **kwargs)
  File "/workdir/dohq-artifactory-0.8.4/.tox/graalpylibtest-unit-test-tests/lib/python3.10/site-packages/requests/sessions.py", line 589, in request
    resp = self.send(prep, **send_kwargs)
  File "/workdir/dohq-artifactory-0.8.4/.tox/graalpylibtest-unit-test-tests/lib/python3.10/site-packages/requests/sessions.py", line 703, in send
    r = adapter.send(request, **kwargs)
  File "/workdir/dohq-artifactory-0.8.4/.tox/graalpylibtest-unit-test-tests/lib/python3.10/site-packages/requests/adapters.py", line 519, in send
    raise ConnectionError(e, request=request)
requests.exceptions.ConnectionError: HTTPConnectionPool(host='localhost', port=8081): Max retries exceeded with url: /access/api/v1/projects/t1k1 (Caused by NewConnectionError('<urllib3.connection.HTTPConnection object at 0x7e533a63>: Failed to establish a new connection: [Errno 111] Connection refused'))
_________________ ArtifactoryAccessorTest.test_get_properties __________________
Traceback (most recent call last):
  File "/opt/graalpy/lib/python3.10/unittest/case.py", line 59, in testPartExecutor
    yield
  File "/opt/graalpy/lib/python3.10/unittest/case.py", line 591, in run
    self._callTestMethod(testMethod)
  File "/opt/graalpy/lib/python3.10/unittest/case.py", line 549, in _callTestMethod
    method()
  File "/workdir/dohq-artifactory-0.8.4/.tox/graalpylibtest-unit-test-tests/lib/python3.10/site-packages/responses/__init__.py", line 232, in wrapper
    return func(*args, **kwargs)
  File "/workdir/dohq-artifactory-0.8.4/tests/unit/test_artifactory_path.py", line 682, in test_get_properties
    self.assertEqual(path.properties, properties)
  File "/workdir/dohq-artifactory-0.8.4/.tox/graalpylibtest-unit-test-tests/lib/python3.10/site-packages/artifactory.py", line 2145, in properties
    return self._accessor.get_properties(self)
  File "/workdir/dohq-artifactory-0.8.4/.tox/graalpylibtest-unit-test-tests/lib/python3.10/site-packages/artifactory.py", line 1286, in get_properties
    response = self.rest_get(
  File "/workdir/dohq-artifactory-0.8.4/.tox/graalpylibtest-unit-test-tests/lib/python3.10/site-packages/artifactory.py", line 674, in rest_get
    response = session.get(
  File "/workdir/dohq-artifactory-0.8.4/.tox/graalpylibtest-unit-test-tests/lib/python3.10/site-packages/requests/sessions.py", line 602, in get
    return self.request("GET", url, **kwargs)
  File "/workdir/dohq-artifactory-0.8.4/.tox/graalpylibtest-unit-test-tests/lib/python3.10/site-packages/requests/sessions.py", line 589, in request
    resp = self.send(prep, **send_kwargs)
  File "/workdir/dohq-artifactory-0.8.4/.tox/graalpylibtest-unit-test-tests/lib/python3.10/site-packages/requests/sessions.py", line 747, in send
    r.content
  File "/workdir/dohq-artifactory-0.8.4/.tox/graalpylibtest-unit-test-tests/lib/python3.10/site-packages/requests/models.py", line 899, in content
    self._content = b"".join(self.iter_content(CONTENT_CHUNK_SIZE)) or b""
  File "/workdir/dohq-artifactory-0.8.4/.tox/graalpylibtest-unit-test-tests/lib/python3.10/site-packages/requests/models.py", line 818, in generate
    raise ChunkedEncodingError(e)
requests.exceptions.ChunkedEncodingError: ('Connection broken: IncompleteRead(236 bytes read, -236 more expected)', IncompleteRead(236 bytes read, -236 more expected))
_________________ ArtifactoryAccessorTest.test_set_properties __________________
Traceback (most recent call last):
  File "/opt/graalpy/lib/python3.10/unittest/case.py", line 59, in testPartExecutor
    yield
  File "/opt/graalpy/lib/python3.10/unittest/case.py", line 591, in run
    self._callTestMethod(testMethod)
  File "/opt/graalpy/lib/python3.10/unittest/case.py", line 549, in _callTestMethod
    method()
  File "/workdir/dohq-artifactory-0.8.4/.tox/graalpylibtest-unit-test-tests/lib/python3.10/site-packages/responses/__init__.py", line 232, in wrapper
    return func(*args, **kwargs)
  File "/workdir/dohq-artifactory-0.8.4/tests/unit/test_artifactory_path.py", line 719, in test_set_properties
    path.properties = properties
  File "/workdir/dohq-artifactory-0.8.4/.tox/graalpylibtest-unit-test-tests/lib/python3.10/site-packages/artifactory.py", line 2149, in properties
    properties_to_remove = set(self.properties) - set(properties)
  File "/workdir/dohq-artifactory-0.8.4/.tox/graalpylibtest-unit-test-tests/lib/python3.10/site-packages/artifactory.py", line 2145, in properties
    return self._accessor.get_properties(self)
  File "/workdir/dohq-artifactory-0.8.4/.tox/graalpylibtest-unit-test-tests/lib/python3.10/site-packages/artifactory.py", line 1286, in get_properties
    response = self.rest_get(
  File "/workdir/dohq-artifactory-0.8.4/.tox/graalpylibtest-unit-test-tests/lib/python3.10/site-packages/artifactory.py", line 674, in rest_get
    response = session.get(
  File "/workdir/dohq-artifactory-0.8.4/.tox/graalpylibtest-unit-test-tests/lib/python3.10/site-packages/requests/sessions.py", line 602, in get
    return self.request("GET", url, **kwargs)
  File "/workdir/dohq-artifactory-0.8.4/.tox/graalpylibtest-unit-test-tests/lib/python3.10/site-packages/requests/sessions.py", line 589, in request
    resp = self.send(prep, **send_kwargs)
  File "/workdir/dohq-artifactory-0.8.4/.tox/graalpylibtest-unit-test-tests/lib/python3.10/site-packages/requests/sessions.py", line 747, in send
    r.content
  File "/workdir/dohq-artifactory-0.8.4/.tox/graalpylibtest-unit-test-tests/lib/python3.10/site-packages/requests/models.py", line 899, in content
    self._content = b"".join(self.iter_content(CONTENT_CHUNK_SIZE)) or b""
  File "/workdir/dohq-artifactory-0.8.4/.tox/graalpylibtest-unit-test-tests/lib/python3.10/site-packages/requests/models.py", line 818, in generate
    raise ChunkedEncodingError(e)
requests.exceptions.ChunkedEncodingError: ('Connection broken: IncompleteRead(236 bytes read, -236 more expected)', IncompleteRead(236 bytes read, -236 more expected))
__________ ArtifactoryAccessorTest.test_set_properties_without_remove __________
Traceback (most recent call last):
  File "/opt/graalpy/lib/python3.10/unittest/case.py", line 59, in testPartExecutor
    yield
  File "/opt/graalpy/lib/python3.10/unittest/case.py", line 591, in run
    self._callTestMethod(testMethod)
  File "/opt/graalpy/lib/python3.10/unittest/case.py", line 549, in _callTestMethod
    method()
  File "/workdir/dohq-artifactory-0.8.4/.tox/graalpylibtest-unit-test-tests/lib/python3.10/site-packages/responses/__init__.py", line 232, in wrapper
    return func(*args, **kwargs)
  File "/workdir/dohq-artifactory-0.8.4/tests/unit/test_artifactory_path.py", line 751, in test_set_properties_without_remove
    path.properties = properties
  File "/workdir/dohq-artifactory-0.8.4/.tox/graalpylibtest-unit-test-tests/lib/python3.10/site-packages/artifactory.py", line 2149, in properties
    properties_to_remove = set(self.properties) - set(properties)
  File "/workdir/dohq-artifactory-0.8.4/.tox/graalpylibtest-unit-test-tests/lib/python3.10/site-packages/artifactory.py", line 2145, in properties
    return self._accessor.get_properties(self)
  File "/workdir/dohq-artifactory-0.8.4/.tox/graalpylibtest-unit-test-tests/lib/python3.10/site-packages/artifactory.py", line 1286, in get_properties
    response = self.rest_get(
  File "/workdir/dohq-artifactory-0.8.4/.tox/graalpylibtest-unit-test-tests/lib/python3.10/site-packages/artifactory.py", line 674, in rest_get
    response = session.get(
  File "/workdir/dohq-artifactory-0.8.4/.tox/graalpylibtest-unit-test-tests/lib/python3.10/site-packages/requests/sessions.py", line 602, in get
    return self.request("GET", url, **kwargs)
  File "/workdir/dohq-artifactory-0.8.4/.tox/graalpylibtest-unit-test-tests/lib/python3.10/site-packages/requests/sessions.py", line 589, in request
    resp = self.send(prep, **send_kwargs)
  File "/workdir/dohq-artifactory-0.8.4/.tox/graalpylibtest-unit-test-tests/lib/python3.10/site-packages/requests/sessions.py", line 747, in send
    r.content
  File "/workdir/dohq-artifactory-0.8.4/.tox/graalpylibtest-unit-test-tests/lib/python3.10/site-packages/requests/models.py", line 899, in content
    self._content = b"".join(self.iter_content(CONTENT_CHUNK_SIZE)) or b""
  File "/workdir/dohq-artifactory-0.8.4/.tox/graalpylibtest-unit-test-tests/lib/python3.10/site-packages/requests/models.py", line 818, in generate
    raise ChunkedEncodingError(e)
requests.exceptions.ChunkedEncodingError: ('Connection broken: IncompleteRead(236 bytes read, -236 more expected)', IncompleteRead(236 bytes read, -236 more expected))
=============================== warnings summary ===============================
.tox/graalpylibtest-unit-test-tests/lib/python3.10/site-packages/urllib3/__init__.py:34
  /workdir/dohq-artifactory-0.8.4/.tox/graalpylibtest-unit-test-tests/lib/python3.10/site-packages/urllib3/__init__.py:34: NotOpenSSLWarning: urllib3 v2 only supports OpenSSL 1.1.1+, currently the 'ssl' module is compiled with 'GraalVM JSSE'. See: https://github.com/urllib3/urllib3/issues/3020
    warnings.warn(

tests/unit/test_artifactory_path.py::ArtifactoryPathTest::test_deploy_deb
tests/unit/test_artifactory_path.py::ArtifactoryPathTest::test_deploy_file
  /workdir/dohq-artifactory-0.8.4/.tox/graalpylibtest-unit-test-tests/lib/python3.10/site-packages/responses/__init__.py:436: DeprecationWarning: Argument 'match_querystring' is deprecated. Use 'responses.matchers.query_param_matcher' or 'responses.matchers.query_string_matcher'
    warn(

-- Docs: https://docs.pytest.org/en/stable/how-to/capture-warnings.html
- generated xml file: /workdir/results/dohq-artifactory/0.8.4/1/graalpy-test-results.xml -
=========================== short test summary info ============================
FAILED tests/integration/test_admin.py::TestUser::test_create_delete - reques...
FAILED tests/integration/test_admin.py::TestUser::test_create_update - reques...
FAILED tests/integration/test_admin.py::TestGroup::test_create_delete - reque...
FAILED tests/integration/test_admin.py::TestGroup::test_create_delete_with_user
FAILED tests/integration/test_admin.py::TestLocalRepositories::test_create_delete
FAILED tests/integration/test_admin.py::TestTargetPermission::test_create_delete
FAILED tests/integration/test_admin.py::TestProject::test_create_delete - req...
FAILED tests/integration/test_admin.py::TestProject::test_create_update - req...
FAILED tests/unit/test_artifactory_path.py::ArtifactoryAccessorTest::test_get_properties
FAILED tests/unit/test_artifactory_path.py::ArtifactoryAccessorTest::test_set_properties
FAILED tests/unit/test_artifactory_path.py::ArtifactoryAccessorTest::test_set_properties_without_remove
ERROR tests/integration/test_admin.py::TestUser::test_add_to_group - requests...
ERROR tests/integration/test_admin.py::TestTargetPermission::test_add_repositories
ERROR tests/integration/test_admin.py::TestTargetPermission::test_add_user_group
ERROR tests/integration/test_integration_artifactory_path.py::test_root - req...
ERROR tests/integration/test_integration_artifactory_path.py::test_repository_isdir
ERROR tests/integration/test_integration_artifactory_path.py::test_owner - re...
ERROR tests/integration/test_integration_artifactory_path.py::test_mkdir - re...
ERROR tests/integration/test_integration_artifactory_path.py::test_touch - re...
ERROR tests/integration/test_integration_artifactory_path.py::test_iterdir - ...
ERROR tests/integration/test_integration_artifactory_path.py::test_glob - req...
ERROR tests/integration/test_integration_artifactory_path.py::test_deploy - r...
ERROR tests/integration/test_integration_artifactory_path.py::test_deploy_file
ERROR tests/integration/test_integration_artifactory_path.py::test_deploy_file_by_checksum
ERROR tests/integration/test_integration_artifactory_path.py::test_open - req...
ERROR tests/integration/test_integration_artifactory_path.py::test_read_and_write
============= 11 failed, 57 passed, 3 warnings, 15 errors in 4.35s =============
ERROR: InvocationError for command /workdir/dohq-artifactory-0.8.4/.tox/graalpylibtest-unit-test-tests/bin/pytest -v --tb=native --junitxml /workdir/results/dohq-artifactory/0.8.4/1/graalpy-test-results.xml (exited with code 1)
___________________________________ summary ____________________________________
ERROR:   graalpylibtest-unit-test-tests: commands failed
