<?xml version="1.0" encoding="utf-8"?><testsuites><testsuite name="pytest" errors="2" failures="0" skipped="0" tests="2" time="0.534" timestamp="2023-11-30T06:47:19.803818" hostname="be2d8ee410eb"><testcase classname="" name="tests.test_typeguard" time="0.000"><error message="collection failure">ImportError while importing test module '/workdir/typeguard-2.13.3/tests/test_typeguard.py'.
Hint: make sure your test modules/packages have valid Python names.
Traceback:
/usr/local/lib/python3.10/importlib/__init__.py:126: in import_module
    return _bootstrap._gcd_import(name[level:], package, level)
tests/test_typeguard.py:15: in &lt;module&gt;
    from typing_extensions import Literal, NoReturn, Protocol, TypedDict, runtime_checkable
E   ModuleNotFoundError: No module named 'typing_extensions'</error></testcase><testcase classname="" name="tests.test_typeguard_py36" time="0.000"><error message="collection failure">ImportError while importing test module '/workdir/typeguard-2.13.3/tests/test_typeguard_py36.py'.
Hint: make sure your test modules/packages have valid Python names.
Traceback:
/usr/local/lib/python3.10/importlib/__init__.py:126: in import_module
    return _bootstrap._gcd_import(name[level:], package, level)
tests/test_typeguard_py36.py:6: in &lt;module&gt;
    from typing_extensions import Protocol, runtime_checkable
E   ModuleNotFoundError: No module named 'typing_extensions'</error></testcase></testsuite></testsuites>