graalpylibtest-unit-test-tests create: /workdir/traitlets-5.6.0/.tox/graalpylibtest-unit-test-tests
graalpylibtest-unit-test-tests installdeps: mock, pytest
graalpylibtest-unit-test-tests inst: /workdir/traitlets-5.6.0/.tox/.tmp/package/1/traitlets-5.6.0.tar.gz
graalpylibtest-unit-test-tests installed: exceptiongroup==1.2.0,graalpy-virtualenv==0.0.1,hpy==0.9.0rc2,iniconfig==2.0.0,mock==5.1.0,packaging==23.2,pluggy==1.3.0,pytest==7.4.3,tomli==2.0.1,traitlets @ file:///workdir/traitlets-5.6.0/.tox/.tmp/package/1/traitlets-5.6.0.tar.gz
graalpylibtest-unit-test-tests run-test-pre: PYTHONHASHSEED='3057407140'
graalpylibtest-unit-test-tests run-test: commands[0] | pytest -v --tb=native --junitxml /workdir/results/traitlets/5.6.0/1/graalpy-test-results.xml
[1m============================= test session starts ==============================[0m
platform linux -- Python 3.10.8, pytest-7.4.3, pluggy-1.3.0 -- /workdir/traitlets-5.6.0/.tox/graalpylibtest-unit-test-tests/bin/python
cachedir: .tox/graalpylibtest-unit-test-tests/.pytest_cache
rootdir: /workdir/traitlets-5.6.0
configfile: pyproject.toml
testpaths: traitlets, examples
[1mcollecting ... [0mcollected 568 items

traitlets/traitlets.py::traitlets.traitlets.Dict.__init__ [32mPASSED[0m[32m         [  0%][0m
traitlets/traitlets.py::traitlets.traitlets.TraitType.tag [32mPASSED[0m[32m         [  0%][0m
traitlets/traitlets.py::traitlets.traitlets.directional_link [32mPASSED[0m[32m      [  0%][0m
traitlets/traitlets.py::traitlets.traitlets.link [32mPASSED[0m[32m                  [  0%][0m
traitlets/traitlets.py::traitlets.traitlets.parse_notifier_name [32mPASSED[0m[32m   [  0%][0m
traitlets/config/configurable.py::traitlets.config.configurable.SingletonConfigurable.instance [32mPASSED[0m[32m [  1%][0m
traitlets/config/loader.py::traitlets.config.loader.ConfigLoader.__init__ [32mPASSED[0m[32m [  1%][0m
traitlets/config/tests/test_application.py::TestApplication::test_aliases [32mPASSED[0m[32m [  1%][0m
traitlets/config/tests/test_application.py::TestApplication::test_aliases_help_msg [32mPASSED[0m[32m [  1%][0m
traitlets/config/tests/test_application.py::TestApplication::test_aliases_multiple [32mPASSED[0m[32m [  1%][0m
traitlets/config/tests/test_application.py::TestApplication::test_basic [32mPASSED[0m[32m [  1%][0m
traitlets/config/tests/test_application.py::TestApplication::test_cli_allow_none [32mPASSED[0m[32m [  2%][0m
traitlets/config/tests/test_application.py::TestApplication::test_cli_priority [32mPASSED[0m[32m [  2%][0m
traitlets/config/tests/test_application.py::TestApplication::test_config [32mPASSED[0m[32m [  2%][0m
traitlets/config/tests/test_application.py::TestApplication::test_config_dict_args [32mPASSED[0m[32m [  2%][0m
traitlets/config/tests/test_application.py::TestApplication::test_config_propagation [32mPASSED[0m[32m [  2%][0m
traitlets/config/tests/test_application.py::TestApplication::test_config_seq_args [32mPASSED[0m[32m [  2%][0m
traitlets/config/tests/test_application.py::TestApplication::test_document_config_option [32mPASSED[0m[32m [  3%][0m
traitlets/config/tests/test_application.py::TestApplication::test_extra_args [32mPASSED[0m[32m [  3%][0m
traitlets/config/tests/test_application.py::TestApplication::test_flag_clobber [32mPASSED[0m[32m [  3%][0m
traitlets/config/tests/test_application.py::TestApplication::test_flags [32mPASSED[0m[32m [  3%][0m
traitlets/config/tests/test_application.py::TestApplication::test_flags_help_msg [32mPASSED[0m[32m [  3%][0m
traitlets/config/tests/test_application.py::TestApplication::test_flatten_aliases [32mPASSED[0m[32m [  4%][0m
traitlets/config/tests/test_application.py::TestApplication::test_flatten_flags [32mPASSED[0m[32m [  4%][0m
traitlets/config/tests/test_application.py::TestApplication::test_generate_config_file [32mPASSED[0m[32m [  4%][0m
traitlets/config/tests/test_application.py::TestApplication::test_generate_config_file_classes_to_include [32mPASSED[0m[32m [  4%][0m
traitlets/config/tests/test_application.py::TestApplication::test_ipython_cli_priority [32mPASSED[0m[32m [  4%][0m
traitlets/config/tests/test_application.py::TestApplication::test_loaded_config_files [32mPASSED[0m[32m [  4%][0m
traitlets/config/tests/test_application.py::TestApplication::test_log [32mPASSED[0m[32m [  5%][0m
traitlets/config/tests/test_application.py::TestApplication::test_log_bad_config [32mPASSED[0m[32m [  5%][0m
traitlets/config/tests/test_application.py::TestApplication::test_log_collisions [32mPASSED[0m[32m [  5%][0m
traitlets/config/tests/test_application.py::TestApplication::test_mro_discovery [32mPASSED[0m[32m [  5%][0m
traitlets/config/tests/test_application.py::TestApplication::test_multi_file [32mPASSED[0m[32m [  5%][0m
traitlets/config/tests/test_application.py::TestApplication::test_no_eval_cli_text [32mPASSED[0m[32m [  5%][0m
traitlets/config/tests/test_application.py::TestApplication::test_raise_on_bad_config [32mPASSED[0m[32m [  6%][0m
traitlets/config/tests/test_application.py::TestApplication::test_subcommands_instanciation [32mPASSED[0m[32m [  6%][0m
traitlets/config/tests/test_application.py::TestApplication::test_unicode_argv [32mPASSED[0m[32m [  6%][0m
traitlets/config/tests/test_application.py::TestApplication::test_warn_autocorrect [32mPASSED[0m[32m [  6%][0m
traitlets/config/tests/test_application.py::test_cli_multi_scalar [32mPASSED[0m[32m [  6%][0m
traitlets/config/tests/test_application.py::test_deprecated_notifier [32mPASSED[0m[32m [  7%][0m
traitlets/config/tests/test_application.py::test_help_output [32mPASSED[0m[32m      [  7%][0m
traitlets/config/tests/test_application.py::test_help_all_output [32mPASSED[0m[32m  [  7%][0m
traitlets/config/tests/test_application.py::test_show_config_cli [32mPASSED[0m[32m  [  7%][0m
traitlets/config/tests/test_application.py::test_show_config_json_cli [32mPASSED[0m[32m [  7%][0m
traitlets/config/tests/test_application.py::test_show_config [32mPASSED[0m[32m      [  7%][0m
traitlets/config/tests/test_application.py::test_show_config_json [32mPASSED[0m[32m [  8%][0m
traitlets/config/tests/test_application.py::test_deep_alias [32mPASSED[0m[32m       [  8%][0m
traitlets/config/tests/test_application.py::test_logging_config [32mPASSED[0m[32m   [  8%][0m
traitlets/config/tests/test_application.py::test_get_default_logging_config_pythonw [32mPASSED[0m[32m [  8%][0m
traitlets/config/tests/test_application.py::test_logging_teardown_on_error [31mFAILED[0m[31m [  8%][0m
traitlets/config/tests/test_configurable.py::TestConfigurable::test_custom [32mPASSED[0m[31m [  8%][0m
traitlets/config/tests/test_configurable.py::TestConfigurable::test_default [32mPASSED[0m[31m [  9%][0m
traitlets/config/tests/test_configurable.py::TestConfigurable::test_generated_config_enum_comments [32mPASSED[0m[31m [  9%][0m
traitlets/config/tests/test_configurable.py::TestConfigurable::test_generated_config_strenum_comments [32mPASSED[0m[31m [  9%][0m
traitlets/config/tests/test_configurable.py::TestConfigurable::test_help [32mPASSED[0m[31m [  9%][0m
traitlets/config/tests/test_configurable.py::TestConfigurable::test_help_inst [32mPASSED[0m[31m [  9%][0m
traitlets/config/tests/test_configurable.py::TestConfigurable::test_inheritance [32mPASSED[0m[31m [ 10%][0m
traitlets/config/tests/test_configurable.py::TestConfigurable::test_override1 [32mPASSED[0m[31m [ 10%][0m
traitlets/config/tests/test_configurable.py::TestConfigurable::test_override2 [32mPASSED[0m[31m [ 10%][0m
traitlets/config/tests/test_configurable.py::TestConfigurable::test_parent [32mPASSED[0m[31m [ 10%][0m
traitlets/config/tests/test_configurable.py::TestSingletonConfigurable::test_inheritance [32mPASSED[0m[31m [ 10%][0m
traitlets/config/tests/test_configurable.py::TestSingletonConfigurable::test_instance [32mPASSED[0m[31m [ 10%][0m
traitlets/config/tests/test_configurable.py::TestLoggingConfigurable::test_parent_logger [32mPASSED[0m[31m [ 11%][0m
traitlets/config/tests/test_configurable.py::TestLoggingConfigurable::test_parent_not_logging_configurable [32mPASSED[0m[31m [ 11%][0m
traitlets/config/tests/test_configurable.py::TestParentConfigurable::test_multi_parent [32mPASSED[0m[31m [ 11%][0m
traitlets/config/tests/test_configurable.py::TestParentConfigurable::test_multi_parent_priority [32mPASSED[0m[31m [ 11%][0m
traitlets/config/tests/test_configurable.py::TestParentConfigurable::test_parent_config [32mPASSED[0m[31m [ 11%][0m
traitlets/config/tests/test_configurable.py::TestParentConfigurable::test_parent_inheritance [32mPASSED[0m[31m [ 11%][0m
traitlets/config/tests/test_configurable.py::TestParentConfigurable::test_parent_priority [32mPASSED[0m[31m [ 12%][0m
traitlets/config/tests/test_configurable.py::TestConfigContainers::test_append_extend [32mPASSED[0m[31m [ 12%][0m
traitlets/config/tests/test_configurable.py::TestConfigContainers::test_config_default [32mPASSED[0m[31m [ 12%][0m
traitlets/config/tests/test_configurable.py::TestConfigContainers::test_config_default_deprecated [32mPASSED[0m[31m [ 12%][0m
traitlets/config/tests/test_configurable.py::TestConfigContainers::test_dict_update [32mPASSED[0m[31m [ 12%][0m
traitlets/config/tests/test_configurable.py::TestConfigContainers::test_extend [32mPASSED[0m[31m [ 13%][0m
traitlets/config/tests/test_configurable.py::TestConfigContainers::test_extend_append [32mPASSED[0m[31m [ 13%][0m
traitlets/config/tests/test_configurable.py::TestConfigContainers::test_insert [32mPASSED[0m[31m [ 13%][0m
traitlets/config/tests/test_configurable.py::TestConfigContainers::test_insert_extend [32mPASSED[0m[31m [ 13%][0m
traitlets/config/tests/test_configurable.py::TestConfigContainers::test_kwarg_config_priority [32mPASSED[0m[31m [ 13%][0m
traitlets/config/tests/test_configurable.py::TestConfigContainers::test_prepend [32mPASSED[0m[31m [ 13%][0m
traitlets/config/tests/test_configurable.py::TestConfigContainers::test_prepend_extend [32mPASSED[0m[31m [ 14%][0m
traitlets/config/tests/test_configurable.py::TestConfigContainers::test_set_update [32mPASSED[0m[31m [ 14%][0m
traitlets/config/tests/test_configurable.py::TestConfigContainers::test_update_self [32mPASSED[0m[31m [ 14%][0m
traitlets/config/tests/test_configurable.py::TestConfigContainers::test_update_twice [32mPASSED[0m[31m [ 14%][0m
traitlets/config/tests/test_configurable.py::TestLogger::test_warn_match [32mPASSED[0m[31m [ 14%][0m
traitlets/config/tests/test_configurable.py::test_logger_adapter [32mPASSED[0m[31m  [ 14%][0m
traitlets/config/tests/test_loader.py::TestFileCL::test_collision [32mPASSED[0m[31m [ 15%][0m
traitlets/config/tests/test_loader.py::TestFileCL::test_context_manager [32mPASSED[0m[31m [ 15%][0m
traitlets/config/tests/test_loader.py::TestFileCL::test_json [32mPASSED[0m[31m      [ 15%][0m
traitlets/config/tests/test_loader.py::TestFileCL::test_json_context_bad_write [32mPASSED[0m[31m [ 15%][0m
traitlets/config/tests/test_loader.py::TestFileCL::test_python [32mPASSED[0m[31m    [ 15%][0m
traitlets/config/tests/test_loader.py::TestFileCL::test_v2raise [32mPASSED[0m[31m   [ 16%][0m
traitlets/config/tests/test_loader.py::TestArgParseCL::test_add_arguments [32mPASSED[0m[31m [ 16%][0m
traitlets/config/tests/test_loader.py::TestArgParseCL::test_argv [32mPASSED[0m[31m  [ 16%][0m
traitlets/config/tests/test_loader.py::TestArgParseCL::test_basic [32mPASSED[0m[31m [ 16%][0m
traitlets/config/tests/test_loader.py::TestArgParseCL::test_list_args [32mPASSED[0m[31m [ 16%][0m
traitlets/config/tests/test_loader.py::TestKeyValueCL::test_basic [32mPASSED[0m[31m [ 16%][0m
traitlets/config/tests/test_loader.py::TestKeyValueCL::test_dict [32mPASSED[0m[31m  [ 17%][0m
traitlets/config/tests/test_loader.py::TestKeyValueCL::test_dict_key_traits [32mPASSED[0m[31m [ 17%][0m
traitlets/config/tests/test_loader.py::TestKeyValueCL::test_eval [32mPASSED[0m[31m  [ 17%][0m
traitlets/config/tests/test_loader.py::TestKeyValueCL::test_expanduser [32mPASSED[0m[31m [ 17%][0m
traitlets/config/tests/test_loader.py::TestKeyValueCL::test_extra_args [32mPASSED[0m[31m [ 17%][0m
traitlets/config/tests/test_loader.py::TestKeyValueCL::test_list_append [32mPASSED[0m[31m [ 17%][0m
traitlets/config/tests/test_loader.py::TestKeyValueCL::test_list_single_item [32mPASSED[0m[31m [ 18%][0m
traitlets/config/tests/test_loader.py::TestKeyValueCL::test_unicode_args [32mPASSED[0m[31m [ 18%][0m
traitlets/config/tests/test_loader.py::TestArgParseKVCL::test_basic [32mPASSED[0m[31m [ 18%][0m
traitlets/config/tests/test_loader.py::TestArgParseKVCL::test_dict [32mPASSED[0m[31m [ 18%][0m
traitlets/config/tests/test_loader.py::TestArgParseKVCL::test_dict_key_traits [32mPASSED[0m[31m [ 18%][0m
traitlets/config/tests/test_loader.py::TestArgParseKVCL::test_dict_traits [32mPASSED[0m[31m [ 19%][0m
traitlets/config/tests/test_loader.py::TestArgParseKVCL::test_eval [32mPASSED[0m[31m [ 19%][0m
traitlets/config/tests/test_loader.py::TestArgParseKVCL::test_expanduser [32mPASSED[0m[31m [ 19%][0m
traitlets/config/tests/test_loader.py::TestArgParseKVCL::test_expanduser2 [32mPASSED[0m[31m [ 19%][0m
traitlets/config/tests/test_loader.py::TestArgParseKVCL::test_extra_args [32mPASSED[0m[31m [ 19%][0m
traitlets/config/tests/test_loader.py::TestArgParseKVCL::test_int_literals [32mPASSED[0m[31m [ 19%][0m
traitlets/config/tests/test_loader.py::TestArgParseKVCL::test_list_append [32mPASSED[0m[31m [ 20%][0m
traitlets/config/tests/test_loader.py::TestArgParseKVCL::test_list_single_item [32mPASSED[0m[31m [ 20%][0m
traitlets/config/tests/test_loader.py::TestArgParseKVCL::test_mixed_seq_positional [32mPASSED[0m[31m [ 20%][0m
traitlets/config/tests/test_loader.py::TestArgParseKVCL::test_no_cast_literals [32mPASSED[0m[31m [ 20%][0m
traitlets/config/tests/test_loader.py::TestArgParseKVCL::test_seq_traits [32mPASSED[0m[31m [ 20%][0m
traitlets/config/tests/test_loader.py::TestArgParseKVCL::test_seq_traits_single_empty_string [32mPASSED[0m[31m [ 20%][0m
traitlets/config/tests/test_loader.py::TestArgParseKVCL::test_split_positional [32mPASSED[0m[31m [ 21%][0m
traitlets/config/tests/test_loader.py::TestArgParseKVCL::test_unicode_alias [32mPASSED[0m[31m [ 21%][0m
traitlets/config/tests/test_loader.py::TestArgParseKVCL::test_unicode_args [32mPASSED[0m[31m [ 21%][0m
traitlets/config/tests/test_loader.py::TestConfig::test_auto_section [32mPASSED[0m[31m [ 21%][0m
traitlets/config/tests/test_loader.py::TestConfig::test_builtin [32mPASSED[0m[31m   [ 21%][0m
traitlets/config/tests/test_loader.py::TestConfig::test_contains [32mPASSED[0m[31m  [ 22%][0m
traitlets/config/tests/test_loader.py::TestConfig::test_deepcopy [32mPASSED[0m[31m  [ 22%][0m
traitlets/config/tests/test_loader.py::TestConfig::test_fromdict [32mPASSED[0m[31m  [ 22%][0m
traitlets/config/tests/test_loader.py::TestConfig::test_fromdictmerge [32mPASSED[0m[31m [ 22%][0m
traitlets/config/tests/test_loader.py::TestConfig::test_fromdictmerge2 [32mPASSED[0m[31m [ 22%][0m
traitlets/config/tests/test_loader.py::TestConfig::test_getattr_not_section [32mPASSED[0m[31m [ 22%][0m
traitlets/config/tests/test_loader.py::TestConfig::test_getattr_private_missing [32mPASSED[0m[31m [ 23%][0m
traitlets/config/tests/test_loader.py::TestConfig::test_getattr_section [32mPASSED[0m[31m [ 23%][0m
traitlets/config/tests/test_loader.py::TestConfig::test_getitem_not_section [32mPASSED[0m[31m [ 23%][0m
traitlets/config/tests/test_loader.py::TestConfig::test_getitem_section [32mPASSED[0m[31m [ 23%][0m
traitlets/config/tests/test_loader.py::TestConfig::test_lazy_config_repr [32mPASSED[0m[31m [ 23%][0m
traitlets/config/tests/test_loader.py::TestConfig::test_merge_doesnt_exist [32mPASSED[0m[31m [ 23%][0m
traitlets/config/tests/test_loader.py::TestConfig::test_merge_exists [32mPASSED[0m[31m [ 24%][0m
traitlets/config/tests/test_loader.py::TestConfig::test_merge_multi_lazy [32mPASSED[0m[31m [ 24%][0m
traitlets/config/tests/test_loader.py::TestConfig::test_merge_multi_lazyII [32mPASSED[0m[31m [ 24%][0m
traitlets/config/tests/test_loader.py::TestConfig::test_merge_multi_lazy_III [32mPASSED[0m[31m [ 24%][0m
traitlets/config/tests/test_loader.py::TestConfig::test_merge_multi_lazy_IV [32mPASSED[0m[31m [ 24%][0m
traitlets/config/tests/test_loader.py::TestConfig::test_merge_multi_lazy_update_I [32mPASSED[0m[31m [ 25%][0m
traitlets/config/tests/test_loader.py::TestConfig::test_merge_multi_lazy_update_II [32mPASSED[0m[31m [ 25%][0m
traitlets/config/tests/test_loader.py::TestConfig::test_merge_multi_lazy_update_III [32mPASSED[0m[31m [ 25%][0m
traitlets/config/tests/test_loader.py::TestConfig::test_merge_no_copies [32mPASSED[0m[31m [ 25%][0m
traitlets/config/tests/test_loader.py::TestConfig::test_pickle_config [32mPASSED[0m[31m [ 25%][0m
traitlets/config/tests/test_loader.py::TestConfig::test_setget [32mPASSED[0m[31m    [ 25%][0m
traitlets/tests/_warnings.py::traitlets.tests._warnings.all_warnings [32mPASSED[0m[31m [ 26%][0m
traitlets/tests/_warnings.py::traitlets.tests._warnings.expected_warnings [33mSKIPPED[0m[31m [ 26%][0m
traitlets/tests/test_traitlets.py::TestTraitType::test_default_validate [32mPASSED[0m[31m [ 26%][0m
traitlets/tests/test_traitlets.py::TestTraitType::test_deprecated_dynamic_initializer [32mPASSED[0m[31m [ 26%][0m
traitlets/tests/test_traitlets.py::TestTraitType::test_deprecated_metadata_access [32mPASSED[0m[31m [ 26%][0m
traitlets/tests/test_traitlets.py::TestTraitType::test_deprecated_method_warnings [32mPASSED[0m[31m [ 26%][0m
traitlets/tests/test_traitlets.py::TestTraitType::test_dynamic_initializer [32mPASSED[0m[31m [ 27%][0m
traitlets/tests/test_traitlets.py::TestTraitType::test_error [32mPASSED[0m[31m      [ 27%][0m
traitlets/tests/test_traitlets.py::TestTraitType::test_get_undefined [32mPASSED[0m[31m [ 27%][0m
traitlets/tests/test_traitlets.py::TestTraitType::test_info [32mPASSED[0m[31m       [ 27%][0m
traitlets/tests/test_traitlets.py::TestTraitType::test_metadata_localized_instance [32mPASSED[0m[31m [ 27%][0m
traitlets/tests/test_traitlets.py::TestTraitType::test_set [32mPASSED[0m[31m        [ 27%][0m
traitlets/tests/test_traitlets.py::TestTraitType::test_tag_metadata [32mPASSED[0m[31m [ 28%][0m
traitlets/tests/test_traitlets.py::TestTraitType::test_trait_types_deprecated [32mPASSED[0m[31m [ 28%][0m
traitlets/tests/test_traitlets.py::TestTraitType::test_trait_types_dict_deprecated [32mPASSED[0m[31m [ 28%][0m
traitlets/tests/test_traitlets.py::TestTraitType::test_trait_types_list_deprecated [32mPASSED[0m[31m [ 28%][0m
traitlets/tests/test_traitlets.py::TestTraitType::test_trait_types_tuple_deprecated [32mPASSED[0m[31m [ 28%][0m
traitlets/tests/test_traitlets.py::TestTraitType::test_union_default_value [32mPASSED[0m[31m [ 29%][0m
traitlets/tests/test_traitlets.py::TestTraitType::test_union_metadata [32mPASSED[0m[31m [ 29%][0m
traitlets/tests/test_traitlets.py::TestTraitType::test_union_trait_default_value [32mPASSED[0m[31m [ 29%][0m
traitlets/tests/test_traitlets.py::TestTraitType::test_union_validation_priority [32mPASSED[0m[31m [ 29%][0m
traitlets/tests/test_traitlets.py::TestTraitType::test_validate [32mPASSED[0m[31m   [ 29%][0m
traitlets/tests/test_traitlets.py::TestHasDescriptorsMeta::test_metaclass [32mPASSED[0m[31m [ 29%][0m
traitlets/tests/test_traitlets.py::TestHasDescriptorsMeta::test_this_class [32mPASSED[0m[31m [ 30%][0m
traitlets/tests/test_traitlets.py::TestHasDescriptors::test_setup_instance [32mPASSED[0m[31m [ 30%][0m
traitlets/tests/test_traitlets.py::TestHasTraitsNotify::test_notify_all [32mPASSED[0m[31m [ 30%][0m
traitlets/tests/test_traitlets.py::TestHasTraitsNotify::test_notify_args [32mPASSED[0m[31m [ 30%][0m
traitlets/tests/test_traitlets.py::TestHasTraitsNotify::test_notify_one [32mPASSED[0m[31m [ 30%][0m
traitlets/tests/test_traitlets.py::TestHasTraitsNotify::test_notify_only_once [32mPASSED[0m[31m [ 30%][0m
traitlets/tests/test_traitlets.py::TestHasTraitsNotify::test_notify_subclass [32mPASSED[0m[31m [ 31%][0m
traitlets/tests/test_traitlets.py::TestHasTraitsNotify::test_static_notify [32mPASSED[0m[31m [ 31%][0m
traitlets/tests/test_traitlets.py::TestHasTraitsNotify::test_subclass [32mPASSED[0m[31m [ 31%][0m
traitlets/tests/test_traitlets.py::TestObserveDecorator::test_notify_all [32mPASSED[0m[31m [ 31%][0m
traitlets/tests/test_traitlets.py::TestObserveDecorator::test_notify_args [32mPASSED[0m[31m [ 31%][0m
traitlets/tests/test_traitlets.py::TestObserveDecorator::test_notify_one [32mPASSED[0m[31m [ 32%][0m
traitlets/tests/test_traitlets.py::TestObserveDecorator::test_notify_only_once [32mPASSED[0m[31m [ 32%][0m
traitlets/tests/test_traitlets.py::TestObserveDecorator::test_notify_subclass [32mPASSED[0m[31m [ 32%][0m
traitlets/tests/test_traitlets.py::TestObserveDecorator::test_static_notify [32mPASSED[0m[31m [ 32%][0m
traitlets/tests/test_traitlets.py::TestObserveDecorator::test_subclass [32mPASSED[0m[31m [ 32%][0m
traitlets/tests/test_traitlets.py::TestHasTraits::test_init [32mPASSED[0m[31m       [ 32%][0m
traitlets/tests/test_traitlets.py::TestHasTraits::test_positional_args [32mPASSED[0m[31m [ 33%][0m
traitlets/tests/test_traitlets.py::TestHasTraits::test_trait_has_value [32mPASSED[0m[31m [ 33%][0m
traitlets/tests/test_traitlets.py::TestHasTraits::test_trait_metadata [32mPASSED[0m[31m [ 33%][0m
traitlets/tests/test_traitlets.py::TestHasTraits::test_trait_metadata_default [32mPASSED[0m[31m [ 33%][0m
traitlets/tests/test_traitlets.py::TestHasTraits::test_trait_metadata_deprecated [32mPASSED[0m[31m [ 33%][0m
traitlets/tests/test_traitlets.py::TestHasTraits::test_trait_names [32mPASSED[0m[31m [ 33%][0m
traitlets/tests/test_traitlets.py::TestHasTraits::test_traits [32mPASSED[0m[31m     [ 34%][0m
traitlets/tests/test_traitlets.py::TestHasTraits::test_traits_metadata [32mPASSED[0m[31m [ 34%][0m
traitlets/tests/test_traitlets.py::TestHasTraits::test_traits_metadata_deprecated [32mPASSED[0m[31m [ 34%][0m
traitlets/tests/test_traitlets.py::TestType::test_allow_none [32mPASSED[0m[31m      [ 34%][0m
traitlets/tests/test_traitlets.py::TestType::test_default [32mPASSED[0m[31m         [ 34%][0m
traitlets/tests/test_traitlets.py::TestType::test_default_options [32mPASSED[0m[31m [ 35%][0m
traitlets/tests/test_traitlets.py::TestType::test_set_str_klass [32mPASSED[0m[31m   [ 35%][0m
traitlets/tests/test_traitlets.py::TestType::test_str_klass [32mPASSED[0m[31m       [ 35%][0m
traitlets/tests/test_traitlets.py::TestType::test_validate_default [32mPASSED[0m[31m [ 35%][0m
traitlets/tests/test_traitlets.py::TestType::test_validate_klass [32mPASSED[0m[31m  [ 35%][0m
traitlets/tests/test_traitlets.py::TestType::test_value [32mPASSED[0m[31m           [ 35%][0m
traitlets/tests/test_traitlets.py::TestInstance::test_args_kw [32mPASSED[0m[31m     [ 36%][0m
traitlets/tests/test_traitlets.py::TestInstance::test_bad_default [32mPASSED[0m[31m [ 36%][0m
traitlets/tests/test_traitlets.py::TestInstance::test_basic [32mPASSED[0m[31m       [ 36%][0m
traitlets/tests/test_traitlets.py::TestInstance::test_default_klass [32mPASSED[0m[31m [ 36%][0m
traitlets/tests/test_traitlets.py::TestInstance::test_instance [32mPASSED[0m[31m    [ 36%][0m
traitlets/tests/test_traitlets.py::TestInstance::test_unique_default_value [32mPASSED[0m[31m [ 36%][0m
traitlets/tests/test_traitlets.py::TestThis::test_subclass [32mPASSED[0m[31m        [ 37%][0m
traitlets/tests/test_traitlets.py::TestThis::test_subclass_override [32mPASSED[0m[31m [ 37%][0m
traitlets/tests/test_traitlets.py::TestThis::test_this_class [32mPASSED[0m[31m      [ 37%][0m
traitlets/tests/test_traitlets.py::TestThis::test_this_in_container [32mPASSED[0m[31m [ 37%][0m
traitlets/tests/test_traitlets.py::TestThis::test_this_inst [32mPASSED[0m[31m       [ 37%][0m
traitlets/tests/test_traitlets.py::TraitTestBase::test_allow_none [32mPASSED[0m[31m [ 38%][0m
traitlets/tests/test_traitlets.py::TraitTestBase::test_bad_values [32mPASSED[0m[31m [ 38%][0m
traitlets/tests/test_traitlets.py::TraitTestBase::test_default_value [32mPASSED[0m[31m [ 38%][0m
traitlets/tests/test_traitlets.py::TraitTestBase::test_good_values [32mPASSED[0m[31m [ 38%][0m
traitlets/tests/test_traitlets.py::AnyTraitTest::test_allow_none [32mPASSED[0m[31m  [ 38%][0m
traitlets/tests/test_traitlets.py::AnyTraitTest::test_bad_values [32mPASSED[0m[31m  [ 38%][0m
traitlets/tests/test_traitlets.py::AnyTraitTest::test_default_value [32mPASSED[0m[31m [ 39%][0m
traitlets/tests/test_traitlets.py::AnyTraitTest::test_good_values [32mPASSED[0m[31m [ 39%][0m
traitlets/tests/test_traitlets.py::UnionTraitTest::test_allow_none [32mPASSED[0m[31m [ 39%][0m
traitlets/tests/test_traitlets.py::UnionTraitTest::test_bad_values [32mPASSED[0m[31m [ 39%][0m
traitlets/tests/test_traitlets.py::UnionTraitTest::test_default_value [32mPASSED[0m[31m [ 39%][0m
traitlets/tests/test_traitlets.py::UnionTraitTest::test_good_values [32mPASSED[0m[31m [ 39%][0m
traitlets/tests/test_traitlets.py::CallableTraitTest::test_allow_none [32mPASSED[0m[31m [ 40%][0m
traitlets/tests/test_traitlets.py::CallableTraitTest::test_bad_values [32mPASSED[0m[31m [ 40%][0m
traitlets/tests/test_traitlets.py::CallableTraitTest::test_default_value [32mPASSED[0m[31m [ 40%][0m
traitlets/tests/test_traitlets.py::CallableTraitTest::test_good_values [32mPASSED[0m[31m [ 40%][0m
traitlets/tests/test_traitlets.py::OrTraitTest::test_allow_none [32mPASSED[0m[31m   [ 40%][0m
traitlets/tests/test_traitlets.py::OrTraitTest::test_bad_values [32mPASSED[0m[31m   [ 41%][0m
traitlets/tests/test_traitlets.py::OrTraitTest::test_default_value [32mPASSED[0m[31m [ 41%][0m
traitlets/tests/test_traitlets.py::OrTraitTest::test_good_values [32mPASSED[0m[31m  [ 41%][0m
traitlets/tests/test_traitlets.py::TestInt::test_allow_none [32mPASSED[0m[31m       [ 41%][0m
traitlets/tests/test_traitlets.py::TestInt::test_bad_values [32mPASSED[0m[31m       [ 41%][0m
traitlets/tests/test_traitlets.py::TestInt::test_default_value [32mPASSED[0m[31m    [ 41%][0m
traitlets/tests/test_traitlets.py::TestInt::test_good_values [32mPASSED[0m[31m      [ 42%][0m
traitlets/tests/test_traitlets.py::TestCInt::test_allow_none [32mPASSED[0m[31m      [ 42%][0m
traitlets/tests/test_traitlets.py::TestCInt::test_bad_values [32mPASSED[0m[31m      [ 42%][0m
traitlets/tests/test_traitlets.py::TestCInt::test_default_value [32mPASSED[0m[31m   [ 42%][0m
traitlets/tests/test_traitlets.py::TestCInt::test_good_values [32mPASSED[0m[31m     [ 42%][0m
traitlets/tests/test_traitlets.py::TestMinBoundCInt::test_allow_none [32mPASSED[0m[31m [ 42%][0m
traitlets/tests/test_traitlets.py::TestMinBoundCInt::test_bad_values [32mPASSED[0m[31m [ 43%][0m
traitlets/tests/test_traitlets.py::TestMinBoundCInt::test_default_value [32mPASSED[0m[31m [ 43%][0m
traitlets/tests/test_traitlets.py::TestMinBoundCInt::test_good_values [32mPASSED[0m[31m [ 43%][0m
traitlets/tests/test_traitlets.py::TestLong::test_allow_none [32mPASSED[0m[31m      [ 43%][0m
traitlets/tests/test_traitlets.py::TestLong::test_bad_values [32mPASSED[0m[31m      [ 43%][0m
traitlets/tests/test_traitlets.py::TestLong::test_default_value [32mPASSED[0m[31m   [ 44%][0m
traitlets/tests/test_traitlets.py::TestLong::test_good_values [32mPASSED[0m[31m     [ 44%][0m
traitlets/tests/test_traitlets.py::TestMinBoundLong::test_allow_none [32mPASSED[0m[31m [ 44%][0m
traitlets/tests/test_traitlets.py::TestMinBoundLong::test_bad_values [32mPASSED[0m[31m [ 44%][0m
traitlets/tests/test_traitlets.py::TestMinBoundLong::test_default_value [32mPASSED[0m[31m [ 44%][0m
traitlets/tests/test_traitlets.py::TestMinBoundLong::test_good_values [32mPASSED[0m[31m [ 44%][0m
traitlets/tests/test_traitlets.py::TestMaxBoundLong::test_allow_none [32mPASSED[0m[31m [ 45%][0m
traitlets/tests/test_traitlets.py::TestMaxBoundLong::test_bad_values [32mPASSED[0m[31m [ 45%][0m
traitlets/tests/test_traitlets.py::TestMaxBoundLong::test_default_value [32mPASSED[0m[31m [ 45%][0m
traitlets/tests/test_traitlets.py::TestMaxBoundLong::test_good_values [32mPASSED[0m[31m [ 45%][0m
traitlets/tests/test_traitlets.py::TestCLong::test_allow_none [32mPASSED[0m[31m     [ 45%][0m
traitlets/tests/test_traitlets.py::TestCLong::test_bad_values [32mPASSED[0m[31m     [ 45%][0m
traitlets/tests/test_traitlets.py::TestCLong::test_default_value [32mPASSED[0m[31m  [ 46%][0m
traitlets/tests/test_traitlets.py::TestCLong::test_good_values [32mPASSED[0m[31m    [ 46%][0m
traitlets/tests/test_traitlets.py::TestMaxBoundCLong::test_allow_none [32mPASSED[0m[31m [ 46%][0m
traitlets/tests/test_traitlets.py::TestMaxBoundCLong::test_bad_values [32mPASSED[0m[31m [ 46%][0m
traitlets/tests/test_traitlets.py::TestMaxBoundCLong::test_default_value [32mPASSED[0m[31m [ 46%][0m
traitlets/tests/test_traitlets.py::TestMaxBoundCLong::test_good_values [32mPASSED[0m[31m [ 47%][0m
traitlets/tests/test_traitlets.py::TestInteger::test_allow_none [32mPASSED[0m[31m   [ 47%][0m
traitlets/tests/test_traitlets.py::TestInteger::test_bad_values [32mPASSED[0m[31m   [ 47%][0m
traitlets/tests/test_traitlets.py::TestInteger::test_default_value [32mPASSED[0m[31m [ 47%][0m
traitlets/tests/test_traitlets.py::TestInteger::test_good_values [32mPASSED[0m[31m  [ 47%][0m
traitlets/tests/test_traitlets.py::TestMinBoundInteger::test_allow_none [32mPASSED[0m[31m [ 47%][0m
traitlets/tests/test_traitlets.py::TestMinBoundInteger::test_bad_values [32mPASSED[0m[31m [ 48%][0m
traitlets/tests/test_traitlets.py::TestMinBoundInteger::test_default_value [32mPASSED[0m[31m [ 48%][0m
traitlets/tests/test_traitlets.py::TestMinBoundInteger::test_good_values [32mPASSED[0m[31m [ 48%][0m
traitlets/tests/test_traitlets.py::TestMaxBoundInteger::test_allow_none [32mPASSED[0m[31m [ 48%][0m
traitlets/tests/test_traitlets.py::TestMaxBoundInteger::test_bad_values [32mPASSED[0m[31m [ 48%][0m
traitlets/tests/test_traitlets.py::TestMaxBoundInteger::test_default_value [32mPASSED[0m[31m [ 48%][0m
traitlets/tests/test_traitlets.py::TestMaxBoundInteger::test_good_values [32mPASSED[0m[31m [ 49%][0m
traitlets/tests/test_traitlets.py::TestFloat::test_allow_none [32mPASSED[0m[31m     [ 49%][0m
traitlets/tests/test_traitlets.py::TestFloat::test_bad_values [32mPASSED[0m[31m     [ 49%][0m
traitlets/tests/test_traitlets.py::TestFloat::test_default_value [32mPASSED[0m[31m  [ 49%][0m
traitlets/tests/test_traitlets.py::TestFloat::test_good_values [32mPASSED[0m[31m    [ 49%][0m
traitlets/tests/test_traitlets.py::TestCFloat::test_allow_none [32mPASSED[0m[31m    [ 50%][0m
traitlets/tests/test_traitlets.py::TestCFloat::test_bad_values [32mPASSED[0m[31m    [ 50%][0m
traitlets/tests/test_traitlets.py::TestCFloat::test_default_value [32mPASSED[0m[31m [ 50%][0m
traitlets/tests/test_traitlets.py::TestCFloat::test_good_values [32mPASSED[0m[31m   [ 50%][0m
traitlets/tests/test_traitlets.py::TestComplex::test_allow_none [32mPASSED[0m[31m   [ 50%][0m
traitlets/tests/test_traitlets.py::TestComplex::test_bad_values [32mPASSED[0m[31m   [ 50%][0m
traitlets/tests/test_traitlets.py::TestComplex::test_default_value [32mPASSED[0m[31m [ 51%][0m
traitlets/tests/test_traitlets.py::TestComplex::test_good_values [32mPASSED[0m[31m  [ 51%][0m
traitlets/tests/test_traitlets.py::TestBytes::test_allow_none [32mPASSED[0m[31m     [ 51%][0m
traitlets/tests/test_traitlets.py::TestBytes::test_bad_values [32mPASSED[0m[31m     [ 51%][0m
traitlets/tests/test_traitlets.py::TestBytes::test_default_value [32mPASSED[0m[31m  [ 51%][0m
traitlets/tests/test_traitlets.py::TestBytes::test_good_values [32mPASSED[0m[31m    [ 51%][0m
traitlets/tests/test_traitlets.py::TestUnicode::test_allow_none [32mPASSED[0m[31m   [ 52%][0m
traitlets/tests/test_traitlets.py::TestUnicode::test_bad_values [32mPASSED[0m[31m   [ 52%][0m
traitlets/tests/test_traitlets.py::TestUnicode::test_default_value [32mPASSED[0m[31m [ 52%][0m
traitlets/tests/test_traitlets.py::TestUnicode::test_good_values [32mPASSED[0m[31m  [ 52%][0m
traitlets/tests/test_traitlets.py::TestObjectName::test_allow_none [32mPASSED[0m[31m [ 52%][0m
traitlets/tests/test_traitlets.py::TestObjectName::test_bad_values [32mPASSED[0m[31m [ 52%][0m
traitlets/tests/test_traitlets.py::TestObjectName::test_default_value [32mPASSED[0m[31m [ 53%][0m
traitlets/tests/test_traitlets.py::TestObjectName::test_good_values [32mPASSED[0m[31m [ 53%][0m
traitlets/tests/test_traitlets.py::TestDottedObjectName::test_allow_none [32mPASSED[0m[31m [ 53%][0m
traitlets/tests/test_traitlets.py::TestDottedObjectName::test_bad_values [32mPASSED[0m[31m [ 53%][0m
traitlets/tests/test_traitlets.py::TestDottedObjectName::test_default_value [32mPASSED[0m[31m [ 53%][0m
traitlets/tests/test_traitlets.py::TestDottedObjectName::test_good_values [32mPASSED[0m[31m [ 54%][0m
traitlets/tests/test_traitlets.py::TestTCPAddress::test_allow_none [32mPASSED[0m[31m [ 54%][0m
traitlets/tests/test_traitlets.py::TestTCPAddress::test_bad_values [32mPASSED[0m[31m [ 54%][0m
traitlets/tests/test_traitlets.py::TestTCPAddress::test_default_value [32mPASSED[0m[31m [ 54%][0m
traitlets/tests/test_traitlets.py::TestTCPAddress::test_good_values [32mPASSED[0m[31m [ 54%][0m
traitlets/tests/test_traitlets.py::TestList::test_allow_none [32mPASSED[0m[31m      [ 54%][0m
traitlets/tests/test_traitlets.py::TestList::test_bad_values [32mPASSED[0m[31m      [ 55%][0m
traitlets/tests/test_traitlets.py::TestList::test_default_value [32mPASSED[0m[31m   [ 55%][0m
traitlets/tests/test_traitlets.py::TestList::test_good_values [32mPASSED[0m[31m     [ 55%][0m
traitlets/tests/test_traitlets.py::TestNoneInstanceList::test_allow_none [32mPASSED[0m[31m [ 55%][0m
traitlets/tests/test_traitlets.py::TestNoneInstanceList::test_bad_values [32mPASSED[0m[31m [ 55%][0m
traitlets/tests/test_traitlets.py::TestNoneInstanceList::test_default_value [32mPASSED[0m[31m [ 55%][0m
traitlets/tests/test_traitlets.py::TestNoneInstanceList::test_good_values [32mPASSED[0m[31m [ 56%][0m
traitlets/tests/test_traitlets.py::TestInstanceList::test_allow_none [32mPASSED[0m[31m [ 56%][0m
traitlets/tests/test_traitlets.py::TestInstanceList::test_bad_values [32mPASSED[0m[31m [ 56%][0m
traitlets/tests/test_traitlets.py::TestInstanceList::test_default_value [32mPASSED[0m[31m [ 56%][0m
traitlets/tests/test_traitlets.py::TestInstanceList::test_good_values [32mPASSED[0m[31m [ 56%][0m
traitlets/tests/test_traitlets.py::TestInstanceList::test_klass [32mPASSED[0m[31m   [ 57%][0m
traitlets/tests/test_traitlets.py::TestUnionListTrait::test_allow_none [32mPASSED[0m[31m [ 57%][0m
traitlets/tests/test_traitlets.py::TestUnionListTrait::test_bad_values [32mPASSED[0m[31m [ 57%][0m
traitlets/tests/test_traitlets.py::TestUnionListTrait::test_default_value [32mPASSED[0m[31m [ 57%][0m
traitlets/tests/test_traitlets.py::TestUnionListTrait::test_good_values [32mPASSED[0m[31m [ 57%][0m
traitlets/tests/test_traitlets.py::TestLenList::test_allow_none [32mPASSED[0m[31m   [ 57%][0m
traitlets/tests/test_traitlets.py::TestLenList::test_bad_values [32mPASSED[0m[31m   [ 58%][0m
traitlets/tests/test_traitlets.py::TestLenList::test_default_value [32mPASSED[0m[31m [ 58%][0m
traitlets/tests/test_traitlets.py::TestLenList::test_good_values [32mPASSED[0m[31m  [ 58%][0m
traitlets/tests/test_traitlets.py::TestTupleTrait::test_allow_none [32mPASSED[0m[31m [ 58%][0m
traitlets/tests/test_traitlets.py::TestTupleTrait::test_bad_values [32mPASSED[0m[31m [ 58%][0m
traitlets/tests/test_traitlets.py::TestTupleTrait::test_default_value [32mPASSED[0m[31m [ 58%][0m
traitlets/tests/test_traitlets.py::TestTupleTrait::test_good_values [32mPASSED[0m[31m [ 59%][0m
traitlets/tests/test_traitlets.py::TestTupleTrait::test_invalid_args [32mPASSED[0m[31m [ 59%][0m
traitlets/tests/test_traitlets.py::TestLooseTupleTrait::test_allow_none [32mPASSED[0m[31m [ 59%][0m
traitlets/tests/test_traitlets.py::TestLooseTupleTrait::test_bad_values [32mPASSED[0m[31m [ 59%][0m
traitlets/tests/test_traitlets.py::TestLooseTupleTrait::test_default_value [32mPASSED[0m[31m [ 59%][0m
traitlets/tests/test_traitlets.py::TestLooseTupleTrait::test_good_values [32mPASSED[0m[31m [ 60%][0m
traitlets/tests/test_traitlets.py::TestLooseTupleTrait::test_invalid_args [32mPASSED[0m[31m [ 60%][0m
traitlets/tests/test_traitlets.py::TestMultiTuple::test_allow_none [32mPASSED[0m[31m [ 60%][0m
traitlets/tests/test_traitlets.py::TestMultiTuple::test_bad_values [32mPASSED[0m[31m [ 60%][0m
traitlets/tests/test_traitlets.py::TestMultiTuple::test_default_value [32mPASSED[0m[31m [ 60%][0m
traitlets/tests/test_traitlets.py::TestMultiTuple::test_good_values [32mPASSED[0m[31m [ 60%][0m
traitlets/tests/test_traitlets.py::test_allow_none_default_value[List] [32mPASSED[0m[31m [ 61%][0m
traitlets/tests/test_traitlets.py::test_allow_none_default_value[Tuple] [32mPASSED[0m[31m [ 61%][0m
traitlets/tests/test_traitlets.py::test_allow_none_default_value[Set] [32mPASSED[0m[31m [ 61%][0m
traitlets/tests/test_traitlets.py::test_allow_none_default_value[Dict] [32mPASSED[0m[31m [ 61%][0m
traitlets/tests/test_traitlets.py::test_allow_none_default_value[Int] [32mPASSED[0m[31m [ 61%][0m
traitlets/tests/test_traitlets.py::test_allow_none_default_value[Unicode] [32mPASSED[0m[31m [ 61%][0m
traitlets/tests/test_traitlets.py::test_default_value[List-default_value0] [32mPASSED[0m[31m [ 62%][0m
traitlets/tests/test_traitlets.py::test_default_value[Tuple-default_value1] [32mPASSED[0m[31m [ 62%][0m
traitlets/tests/test_traitlets.py::test_default_value[Set-default_value2] [32mPASSED[0m[31m [ 62%][0m
traitlets/tests/test_traitlets.py::test_default_value[Dict-default_value3] [32mPASSED[0m[31m [ 62%][0m
traitlets/tests/test_traitlets.py::test_default_value[Int-0] [32mPASSED[0m[31m      [ 62%][0m
traitlets/tests/test_traitlets.py::test_default_value[Unicode-] [32mPASSED[0m[31m   [ 63%][0m
traitlets/tests/test_traitlets.py::test_subclass_default_value[List-default_value0] [32mPASSED[0m[31m [ 63%][0m
traitlets/tests/test_traitlets.py::test_subclass_default_value[Tuple-default_value1] [32mPASSED[0m[31m [ 63%][0m
traitlets/tests/test_traitlets.py::test_subclass_default_value[Set-default_value2] [32mPASSED[0m[31m [ 63%][0m
traitlets/tests/test_traitlets.py::TestCRegExp::test_allow_none [32mPASSED[0m[31m   [ 63%][0m
traitlets/tests/test_traitlets.py::TestCRegExp::test_bad_values [32mPASSED[0m[31m   [ 63%][0m
traitlets/tests/test_traitlets.py::TestCRegExp::test_default_value [32mPASSED[0m[31m [ 64%][0m
traitlets/tests/test_traitlets.py::TestCRegExp::test_good_values [32mPASSED[0m[31m  [ 64%][0m
traitlets/tests/test_traitlets.py::test_dict_assignment [32mPASSED[0m[31m           [ 64%][0m
traitlets/tests/test_traitlets.py::TestInstanceUniformlyValueValidatedDict::test_allow_none [32mPASSED[0m[31m [ 64%][0m
traitlets/tests/test_traitlets.py::TestInstanceUniformlyValueValidatedDict::test_bad_values [32mPASSED[0m[31m [ 64%][0m
traitlets/tests/test_traitlets.py::TestInstanceUniformlyValueValidatedDict::test_default_value [32mPASSED[0m[31m [ 64%][0m
traitlets/tests/test_traitlets.py::TestInstanceUniformlyValueValidatedDict::test_good_values [32mPASSED[0m[31m [ 65%][0m
traitlets/tests/test_traitlets.py::TestInstanceNonuniformlyValueValidatedDict::test_allow_none [32mPASSED[0m[31m [ 65%][0m
traitlets/tests/test_traitlets.py::TestInstanceNonuniformlyValueValidatedDict::test_bad_values [32mPASSED[0m[31m [ 65%][0m
traitlets/tests/test_traitlets.py::TestInstanceNonuniformlyValueValidatedDict::test_default_value [32mPASSED[0m[31m [ 65%][0m
traitlets/tests/test_traitlets.py::TestInstanceNonuniformlyValueValidatedDict::test_good_values [32mPASSED[0m[31m [ 65%][0m
traitlets/tests/test_traitlets.py::TestInstanceKeyValidatedDict::test_allow_none [32mPASSED[0m[31m [ 66%][0m
traitlets/tests/test_traitlets.py::TestInstanceKeyValidatedDict::test_bad_values [32mPASSED[0m[31m [ 66%][0m
traitlets/tests/test_traitlets.py::TestInstanceKeyValidatedDict::test_default_value [32mPASSED[0m[31m [ 66%][0m
traitlets/tests/test_traitlets.py::TestInstanceKeyValidatedDict::test_good_values [32mPASSED[0m[31m [ 66%][0m
traitlets/tests/test_traitlets.py::TestInstanceFullyValidatedDict::test_allow_none [32mPASSED[0m[31m [ 66%][0m
traitlets/tests/test_traitlets.py::TestInstanceFullyValidatedDict::test_bad_values [32mPASSED[0m[31m [ 66%][0m
traitlets/tests/test_traitlets.py::TestInstanceFullyValidatedDict::test_default_value [32mPASSED[0m[31m [ 67%][0m
traitlets/tests/test_traitlets.py::TestInstanceFullyValidatedDict::test_good_values [32mPASSED[0m[31m [ 67%][0m
traitlets/tests/test_traitlets.py::test_dict_default_value [32mPASSED[0m[31m        [ 67%][0m
traitlets/tests/test_traitlets.py::TestValidationHook::test_multiple_validate [32mPASSED[0m[31m [ 67%][0m
traitlets/tests/test_traitlets.py::TestValidationHook::test_parity_trait [32mPASSED[0m[31m [ 67%][0m
traitlets/tests/test_traitlets.py::TestLink::test_callbacks [32mPASSED[0m[31m       [ 67%][0m
traitlets/tests/test_traitlets.py::TestLink::test_connect_same [32mPASSED[0m[31m    [ 68%][0m
traitlets/tests/test_traitlets.py::TestLink::test_link_broken_at_source [32mPASSED[0m[31m [ 68%][0m
traitlets/tests/test_traitlets.py::TestLink::test_link_broken_at_target [32mPASSED[0m[31m [ 68%][0m
traitlets/tests/test_traitlets.py::TestLink::test_link_different [32mPASSED[0m[31m  [ 68%][0m
traitlets/tests/test_traitlets.py::TestLink::test_tranform [32mPASSED[0m[31m        [ 68%][0m
traitlets/tests/test_traitlets.py::TestLink::test_unlink_link [32mPASSED[0m[31m     [ 69%][0m
traitlets/tests/test_traitlets.py::TestDirectionalLink::test_connect_same [32mPASSED[0m[31m [ 69%][0m
traitlets/tests/test_traitlets.py::TestDirectionalLink::test_link_different [32mPASSED[0m[31m [ 69%][0m
traitlets/tests/test_traitlets.py::TestDirectionalLink::test_tranform [32mPASSED[0m[31m [ 69%][0m
traitlets/tests/test_traitlets.py::TestDirectionalLink::test_unlink_link [32mPASSED[0m[31m [ 69%][0m
traitlets/tests/test_traitlets.py::test_pickle_hastraits [32mPASSED[0m[31m          [ 69%][0m
traitlets/tests/test_traitlets.py::test_hold_trait_notifications [32mPASSED[0m[31m  [ 70%][0m
traitlets/tests/test_traitlets.py::TestRollback::test_roll_back [32mPASSED[0m[31m   [ 70%][0m
traitlets/tests/test_traitlets.py::test_cache_modification [32mPASSED[0m[31m        [ 70%][0m
traitlets/tests/test_traitlets.py::test_notification_order [32mPASSED[0m[31m        [ 70%][0m
traitlets/tests/test_traitlets.py::TestForwardDeclaredInstanceTrait::test_allow_none [32mPASSED[0m[31m [ 70%][0m
traitlets/tests/test_traitlets.py::TestForwardDeclaredInstanceTrait::test_bad_values [32mPASSED[0m[31m [ 70%][0m
traitlets/tests/test_traitlets.py::TestForwardDeclaredInstanceTrait::test_default_value [32mPASSED[0m[31m [ 71%][0m
traitlets/tests/test_traitlets.py::TestForwardDeclaredInstanceTrait::test_good_values [32mPASSED[0m[31m [ 71%][0m
traitlets/tests/test_traitlets.py::TestForwardDeclaredTypeTrait::test_allow_none [32mPASSED[0m[31m [ 71%][0m
traitlets/tests/test_traitlets.py::TestForwardDeclaredTypeTrait::test_bad_values [32mPASSED[0m[31m [ 71%][0m
traitlets/tests/test_traitlets.py::TestForwardDeclaredTypeTrait::test_default_value [32mPASSED[0m[31m [ 71%][0m
traitlets/tests/test_traitlets.py::TestForwardDeclaredTypeTrait::test_good_values [32mPASSED[0m[31m [ 72%][0m
traitlets/tests/test_traitlets.py::TestForwardDeclaredInstanceList::test_allow_none [32mPASSED[0m[31m [ 72%][0m
traitlets/tests/test_traitlets.py::TestForwardDeclaredInstanceList::test_bad_values [32mPASSED[0m[31m [ 72%][0m
traitlets/tests/test_traitlets.py::TestForwardDeclaredInstanceList::test_default_value [32mPASSED[0m[31m [ 72%][0m
traitlets/tests/test_traitlets.py::TestForwardDeclaredInstanceList::test_good_values [32mPASSED[0m[31m [ 72%][0m
traitlets/tests/test_traitlets.py::TestForwardDeclaredInstanceList::test_klass [32mPASSED[0m[31m [ 72%][0m
traitlets/tests/test_traitlets.py::TestForwardDeclaredTypeList::test_allow_none [32mPASSED[0m[31m [ 73%][0m
traitlets/tests/test_traitlets.py::TestForwardDeclaredTypeList::test_bad_values [32mPASSED[0m[31m [ 73%][0m
traitlets/tests/test_traitlets.py::TestForwardDeclaredTypeList::test_default_value [32mPASSED[0m[31m [ 73%][0m
traitlets/tests/test_traitlets.py::TestForwardDeclaredTypeList::test_good_values [32mPASSED[0m[31m [ 73%][0m
traitlets/tests/test_traitlets.py::TestForwardDeclaredTypeList::test_klass [32mPASSED[0m[31m [ 73%][0m
traitlets/tests/test_traitlets.py::TestDynamicTraits::test_notify_all [32mPASSED[0m[31m [ 73%][0m
traitlets/tests/test_traitlets.py::test_enum_no_default [32mPASSED[0m[31m           [ 74%][0m
traitlets/tests/test_traitlets.py::test_default_value_repr [32mPASSED[0m[31m        [ 74%][0m
traitlets/tests/test_traitlets.py::test_subclass_compat [32mPASSED[0m[31m           [ 74%][0m
traitlets/tests/test_traitlets.py::test_subclass_override_observer [32mPASSED[0m[31m [ 74%][0m
traitlets/tests/test_traitlets.py::test_subclass_override_not_registered [32mPASSED[0m[31m [ 74%][0m
traitlets/tests/test_traitlets.py::test_subclass_add_observer [32mPASSED[0m[31m     [ 75%][0m
traitlets/tests/test_traitlets.py::test_observe_iterables [32mPASSED[0m[31m         [ 75%][0m
traitlets/tests/test_traitlets.py::test_super_args [32mPASSED[0m[31m                [ 75%][0m
traitlets/tests/test_traitlets.py::test_super_bad_args [32mPASSED[0m[31m            [ 75%][0m
traitlets/tests/test_traitlets.py::test_default_mro [32mPASSED[0m[31m               [ 75%][0m
traitlets/tests/test_traitlets.py::test_cls_self_argument [32mPASSED[0m[31m         [ 75%][0m
traitlets/tests/test_traitlets.py::test_override_default [32mPASSED[0m[31m          [ 76%][0m
traitlets/tests/test_traitlets.py::test_override_default_decorator [32mPASSED[0m[31m [ 76%][0m
traitlets/tests/test_traitlets.py::test_override_default_instance [32mPASSED[0m[31m [ 76%][0m
traitlets/tests/test_traitlets.py::test_copy_HasTraits [32mPASSED[0m[31m            [ 76%][0m
traitlets/tests/test_traitlets.py::test_unicode_from_string[xyz-xyz] [32mPASSED[0m[31m [ 76%][0m
traitlets/tests/test_traitlets.py::test_unicode_from_string[1-1] [32mPASSED[0m[31m  [ 76%][0m
traitlets/tests/test_traitlets.py::test_unicode_from_string["xx"-xx] [32mPASSED[0m[31m [ 77%][0m
traitlets/tests/test_traitlets.py::test_unicode_from_string['abc'-abc] [32mPASSED[0m[31m [ 77%][0m
traitlets/tests/test_traitlets.py::test_unicode_from_string[None-None] [32mPASSED[0m[31m [ 77%][0m
traitlets/tests/test_traitlets.py::test_cunicode_from_string[xyz-xyz] [32mPASSED[0m[31m [ 77%][0m
traitlets/tests/test_traitlets.py::test_cunicode_from_string[1-1] [32mPASSED[0m[31m [ 77%][0m
traitlets/tests/test_traitlets.py::test_cunicode_from_string["xx"-xx] [32mPASSED[0m[31m [ 77%][0m
traitlets/tests/test_traitlets.py::test_cunicode_from_string['abc'-abc] [32mPASSED[0m[31m [ 78%][0m
traitlets/tests/test_traitlets.py::test_cunicode_from_string[None-None] [32mPASSED[0m[31m [ 78%][0m
traitlets/tests/test_traitlets.py::test_bytes_from_string[xyz-xyz] [32mPASSED[0m[31m [ 78%][0m
traitlets/tests/test_traitlets.py::test_bytes_from_string[1-1] [32mPASSED[0m[31m    [ 78%][0m
traitlets/tests/test_traitlets.py::test_bytes_from_string[b"xx"-xx] [32mPASSED[0m[31m [ 78%][0m
traitlets/tests/test_traitlets.py::test_bytes_from_string[b'abc'-abc] [32mPASSED[0m[31m [ 79%][0m
traitlets/tests/test_traitlets.py::test_bytes_from_string[None-None] [32mPASSED[0m[31m [ 79%][0m
traitlets/tests/test_traitlets.py::test_cbytes_from_string[xyz-xyz] [32mPASSED[0m[31m [ 79%][0m
traitlets/tests/test_traitlets.py::test_cbytes_from_string[1-1] [32mPASSED[0m[31m   [ 79%][0m
traitlets/tests/test_traitlets.py::test_cbytes_from_string[b"xx"-xx] [32mPASSED[0m[31m [ 79%][0m
traitlets/tests/test_traitlets.py::test_cbytes_from_string[b'abc'-abc] [32mPASSED[0m[31m [ 79%][0m
traitlets/tests/test_traitlets.py::test_cbytes_from_string[None-None] [32mPASSED[0m[31m [ 80%][0m
traitlets/tests/test_traitlets.py::test_int_from_string[x-ValueError] [32mPASSED[0m[31m [ 80%][0m
traitlets/tests/test_traitlets.py::test_int_from_string[1-1] [32mPASSED[0m[31m      [ 80%][0m
traitlets/tests/test_traitlets.py::test_int_from_string[123-123] [32mPASSED[0m[31m  [ 80%][0m
traitlets/tests/test_traitlets.py::test_int_from_string[2.0-ValueError] [32mPASSED[0m[31m [ 80%][0m
traitlets/tests/test_traitlets.py::test_int_from_string[None-None] [32mPASSED[0m[31m [ 80%][0m
traitlets/tests/test_traitlets.py::test_float_from_string[x-ValueError] [32mPASSED[0m[31m [ 81%][0m
traitlets/tests/test_traitlets.py::test_float_from_string[1-1.0] [32mPASSED[0m[31m  [ 81%][0m
traitlets/tests/test_traitlets.py::test_float_from_string[123.5-123.5] [32mPASSED[0m[31m [ 81%][0m
traitlets/tests/test_traitlets.py::test_float_from_string[2.5-2.5] [32mPASSED[0m[31m [ 81%][0m
traitlets/tests/test_traitlets.py::test_float_from_string[None-None] [32mPASSED[0m[31m [ 81%][0m
traitlets/tests/test_traitlets.py::test_complex_from_string[x-ValueError] [32mPASSED[0m[31m [ 82%][0m
traitlets/tests/test_traitlets.py::test_complex_from_string[1-1.0] [32mPASSED[0m[31m [ 82%][0m
traitlets/tests/test_traitlets.py::test_complex_from_string[123.5-123.5] [32mPASSED[0m[31m [ 82%][0m
traitlets/tests/test_traitlets.py::test_complex_from_string[2.5-2.5] [32mPASSED[0m[31m [ 82%][0m
traitlets/tests/test_traitlets.py::test_complex_from_string[1+2j-(1+2j)] [32mPASSED[0m[31m [ 82%][0m
traitlets/tests/test_traitlets.py::test_complex_from_string[None-None] [32mPASSED[0m[31m [ 82%][0m
traitlets/tests/test_traitlets.py::test_bool_from_string[true-True] [32mPASSED[0m[31m [ 83%][0m
traitlets/tests/test_traitlets.py::test_bool_from_string[TRUE-True] [32mPASSED[0m[31m [ 83%][0m
traitlets/tests/test_traitlets.py::test_bool_from_string[1-True] [32mPASSED[0m[31m  [ 83%][0m
traitlets/tests/test_traitlets.py::test_bool_from_string[0-False] [32mPASSED[0m[31m [ 83%][0m
traitlets/tests/test_traitlets.py::test_bool_from_string[False-False] [32mPASSED[0m[31m [ 83%][0m
traitlets/tests/test_traitlets.py::test_bool_from_string[false-False] [32mPASSED[0m[31m [ 83%][0m
traitlets/tests/test_traitlets.py::test_bool_from_string[1.0-ValueError] [32mPASSED[0m[31m [ 84%][0m
traitlets/tests/test_traitlets.py::test_bool_from_string[None-None] [32mPASSED[0m[31m [ 84%][0m
traitlets/tests/test_traitlets.py::test_dict_from_string[{}-expected0] [32mPASSED[0m[31m [ 84%][0m
traitlets/tests/test_traitlets.py::test_dict_from_string[1-TraitError] [32mPASSED[0m[31m [ 84%][0m
traitlets/tests/test_traitlets.py::test_dict_from_string[{1: 2}-expected2] [32mPASSED[0m[31m [ 84%][0m
traitlets/tests/test_traitlets.py::test_dict_from_string[{"key": "value"}-expected3] [32mPASSED[0m[31m [ 85%][0m
traitlets/tests/test_traitlets.py::test_dict_from_string[x-TraitError] [32mPASSED[0m[31m [ 85%][0m
traitlets/tests/test_traitlets.py::test_dict_from_string[None-None] [32mPASSED[0m[31m [ 85%][0m
traitlets/tests/test_traitlets.py::test_list_from_string[[]-expected0] [32mPASSED[0m[31m [ 85%][0m
traitlets/tests/test_traitlets.py::test_list_from_string[[1, 2, "x"]-expected1] [32mPASSED[0m[31m [ 85%][0m
traitlets/tests/test_traitlets.py::test_list_from_string[s2-expected2] [32mPASSED[0m[31m [ 85%][0m
traitlets/tests/test_traitlets.py::test_list_from_string[s3-None] [32mPASSED[0m[31m [ 86%][0m
traitlets/tests/test_traitlets.py::test_list_items_from_string[s0-expected0-value_trait0] [32mPASSED[0m[31m [ 86%][0m
traitlets/tests/test_traitlets.py::test_list_items_from_string[s1-ValueError-value_trait1] [32mPASSED[0m[31m [ 86%][0m
traitlets/tests/test_traitlets.py::test_list_items_from_string[s2-expected2-value_trait2] [32mPASSED[0m[31m [ 86%][0m
traitlets/tests/test_traitlets.py::test_list_items_from_string[s3-expected3-value_trait3] [32mPASSED[0m[31m [ 86%][0m
traitlets/tests/test_traitlets.py::test_list_items_from_string[s4-expected4-value_trait4] [32mPASSED[0m[31m [ 86%][0m
traitlets/tests/test_traitlets.py::test_set_from_string[[]-expected0] [32mPASSED[0m[31m [ 87%][0m
traitlets/tests/test_traitlets.py::test_set_from_string[[1, 2, "x"]-expected1] [32mPASSED[0m[31m [ 87%][0m
traitlets/tests/test_traitlets.py::test_set_from_string[{1, 2, "x"}-expected2] [32mPASSED[0m[31m [ 87%][0m
traitlets/tests/test_traitlets.py::test_set_from_string[s3-expected3] [32mPASSED[0m[31m [ 87%][0m
traitlets/tests/test_traitlets.py::test_set_from_string[s4-None] [32mPASSED[0m[31m  [ 87%][0m
traitlets/tests/test_traitlets.py::test_set_items_from_string[s0-expected0-value_trait0] [32mPASSED[0m[31m [ 88%][0m
traitlets/tests/test_traitlets.py::test_set_items_from_string[s1-ValueError-value_trait1] [32mPASSED[0m[31m [ 88%][0m
traitlets/tests/test_traitlets.py::test_set_items_from_string[s2-expected2-value_trait2] [32mPASSED[0m[31m [ 88%][0m
traitlets/tests/test_traitlets.py::test_set_items_from_string[s3-expected3-value_trait3] [32mPASSED[0m[31m [ 88%][0m
traitlets/tests/test_traitlets.py::test_tuple_from_string[[]-expected0] [32mPASSED[0m[31m [ 88%][0m
traitlets/tests/test_traitlets.py::test_tuple_from_string[()-expected1] [32mPASSED[0m[31m [ 88%][0m
traitlets/tests/test_traitlets.py::test_tuple_from_string[[1, 2, "x"]-expected2] [32mPASSED[0m[31m [ 89%][0m
traitlets/tests/test_traitlets.py::test_tuple_from_string[(1, 2, "x")-expected3] [32mPASSED[0m[31m [ 89%][0m
traitlets/tests/test_traitlets.py::test_tuple_from_string[s4-expected4] [32mPASSED[0m[31m [ 89%][0m
traitlets/tests/test_traitlets.py::test_tuple_from_string[s5-None] [32mPASSED[0m[31m [ 89%][0m
traitlets/tests/test_traitlets.py::test_tuple_items_from_string[s0-expected0-value_traits0] [32mPASSED[0m[31m [ 89%][0m
traitlets/tests/test_traitlets.py::test_tuple_items_from_string[s1-ValueError-value_traits1] [32mPASSED[0m[31m [ 89%][0m
traitlets/tests/test_traitlets.py::test_tuple_items_from_string[s2-expected2-value_traits2] [32mPASSED[0m[31m [ 90%][0m
traitlets/tests/test_traitlets.py::test_tuple_items_from_string[s3-expected3-value_traits3] [32mPASSED[0m[31m [ 90%][0m
traitlets/tests/test_traitlets.py::test_tuple_items_from_string[s4-expected4-value_traits4] [32mPASSED[0m[31m [ 90%][0m
traitlets/tests/test_traitlets.py::test_object_from_string[x-x] [32mPASSED[0m[31m   [ 90%][0m
traitlets/tests/test_traitlets.py::test_object_from_string[mod.submod-mod.submod] [32mPASSED[0m[31m [ 90%][0m
traitlets/tests/test_traitlets.py::test_object_from_string[not an identifier-TraitError] [32mPASSED[0m[31m [ 91%][0m
traitlets/tests/test_traitlets.py::test_object_from_string[1-1] [32mPASSED[0m[31m   [ 91%][0m
traitlets/tests/test_traitlets.py::test_object_from_string[None-None] [32mPASSED[0m[31m [ 91%][0m
traitlets/tests/test_traitlets.py::test_tcp_from_string[127.0.0.1:8000-expected0] [32mPASSED[0m[31m [ 91%][0m
traitlets/tests/test_traitlets.py::test_tcp_from_string[host.tld:80-expected1] [32mPASSED[0m[31m [ 91%][0m
traitlets/tests/test_traitlets.py::test_tcp_from_string[host:notaport-ValueError] [32mPASSED[0m[31m [ 91%][0m
traitlets/tests/test_traitlets.py::test_tcp_from_string[127.0.0.1-ValueError] [32mPASSED[0m[31m [ 92%][0m
traitlets/tests/test_traitlets.py::test_tcp_from_string[None-None] [32mPASSED[0m[31m [ 92%][0m
traitlets/tests/test_traitlets.py::test_union_of_list_and_unicode_from_string[[]-expected0] [32mPASSED[0m[31m [ 92%][0m
traitlets/tests/test_traitlets.py::test_union_of_list_and_unicode_from_string[{}-{}] [32mPASSED[0m[31m [ 92%][0m
traitlets/tests/test_traitlets.py::test_union_of_int_and_float_from_string[1-1] [32mPASSED[0m[31m [ 92%][0m
traitlets/tests/test_traitlets.py::test_union_of_int_and_float_from_string[1.5-1.5] [32mPASSED[0m[31m [ 92%][0m
traitlets/tests/test_traitlets.py::test_union_of_list_and_dict_from_string[[]-expected0-False] [32mPASSED[0m[31m [ 93%][0m
traitlets/tests/test_traitlets.py::test_union_of_list_and_dict_from_string[{}-expected1-False] [32mPASSED[0m[31m [ 93%][0m
traitlets/tests/test_traitlets.py::test_union_of_list_and_dict_from_string[None-TraitError-False] [32mPASSED[0m[31m [ 93%][0m
traitlets/tests/test_traitlets.py::test_union_of_list_and_dict_from_string[None-None-True] [32mPASSED[0m[31m [ 93%][0m
traitlets/tests/test_traitlets.py::test_all_attribute [32mPASSED[0m[31m             [ 93%][0m
traitlets/tests/test_traitlets_enum.py::TestUseEnum::test_assign_all_enum_values [32mPASSED[0m[31m [ 94%][0m
traitlets/tests/test_traitlets_enum.py::TestUseEnum::test_assign_bad_enum_value_name__raises_error [32mPASSED[0m[31m [ 94%][0m
traitlets/tests/test_traitlets_enum.py::TestUseEnum::test_assign_bad_enum_value_number__raises_error [32mPASSED[0m[31m [ 94%][0m
traitlets/tests/test_traitlets_enum.py::TestUseEnum::test_assign_bad_value_with_to_enum_or_none [32mPASSED[0m[31m [ 94%][0m
traitlets/tests/test_traitlets_enum.py::TestUseEnum::test_assign_enum_name_1 [32mPASSED[0m[31m [ 94%][0m
traitlets/tests/test_traitlets_enum.py::TestUseEnum::test_assign_enum_value [32mPASSED[0m[31m [ 94%][0m
traitlets/tests/test_traitlets_enum.py::TestUseEnum::test_assign_enum_value__with_other_enum_raises_error [32mPASSED[0m[31m [ 95%][0m
traitlets/tests/test_traitlets_enum.py::TestUseEnum::test_assign_enum_value_name [32mPASSED[0m[31m [ 95%][0m
traitlets/tests/test_traitlets_enum.py::TestUseEnum::test_assign_enum_value_number [32mPASSED[0m[31m [ 95%][0m
traitlets/tests/test_traitlets_enum.py::TestUseEnum::test_assign_enum_value_number_1 [32mPASSED[0m[31m [ 95%][0m
traitlets/tests/test_traitlets_enum.py::TestUseEnum::test_assign_none_to_enum_or_none [32mPASSED[0m[31m [ 95%][0m
traitlets/tests/test_traitlets_enum.py::TestUseEnum::test_assign_none_without_allow_none_resets_to_default_value [32mPASSED[0m[31m [ 95%][0m
traitlets/tests/test_traitlets_enum.py::TestUseEnum::test_assign_scoped_enum_value_name [32mPASSED[0m[31m [ 96%][0m
traitlets/tests/test_traitlets_enum.py::TestUseEnum::test_ctor_with_default_value_as_enum_value [32mPASSED[0m[31m [ 96%][0m
traitlets/tests/test_traitlets_enum.py::TestUseEnum::test_ctor_with_default_value_none_and_allow_none [32mPASSED[0m[31m [ 96%][0m
traitlets/tests/test_traitlets_enum.py::TestUseEnum::test_ctor_with_default_value_none_and_not_allow_none [32mPASSED[0m[31m [ 96%][0m
traitlets/tests/test_traitlets_enum.py::TestUseEnum::test_ctor_without_default_value [32mPASSED[0m[31m [ 96%][0m
traitlets/tests/test_traitlets_enum.py::TestUseEnum::test_info [32mPASSED[0m[31m    [ 97%][0m
traitlets/tests/test_traitlets_enum.py::TestFuzzyEnum::test_assign_other_raises [32mPASSED[0m[31m [ 97%][0m
traitlets/tests/test_traitlets_enum.py::TestFuzzyEnum::test_ctor_with_default_value [32mPASSED[0m[31m [ 97%][0m
traitlets/tests/test_traitlets_enum.py::TestFuzzyEnum::test_search_all_prefixes__ctor [32mPASSED[0m[31m [ 97%][0m
traitlets/tests/test_traitlets_enum.py::TestFuzzyEnum::test_search_all_prefixes__overwrite [32mPASSED[0m[31m [ 97%][0m
traitlets/tests/test_traitlets_enum.py::TestFuzzyEnum::test_search_substrings__ctor [32mPASSED[0m[31m [ 97%][0m
traitlets/tests/test_traitlets_enum.py::TestFuzzyEnum::test_search_substrings__overwrite [32mPASSED[0m[31m [ 98%][0m
traitlets/utils/descriptions.py::traitlets.utils.descriptions.describe [32mPASSED[0m[31m [ 98%][0m
traitlets/utils/nested_update.py::traitlets.utils.nested_update.nested_update [32mPASSED[0m[31m [ 98%][0m
traitlets/utils/tests/test_bunch.py::test_bunch [32mPASSED[0m[31m                   [ 98%][0m
traitlets/utils/tests/test_bunch.py::test_bunch_dir [32mPASSED[0m[31m               [ 98%][0m
traitlets/utils/tests/test_decorators.py::TestExpandSignature::test_duplicate_init [32mPASSED[0m[31m [ 98%][0m
traitlets/utils/tests/test_decorators.py::TestExpandSignature::test_full_init [32mPASSED[0m[31m [ 99%][0m
traitlets/utils/tests/test_decorators.py::TestExpandSignature::test_no_init [32mPASSED[0m[31m [ 99%][0m
traitlets/utils/tests/test_decorators.py::TestExpandSignature::test_no_kwargs [32mPASSED[0m[31m [ 99%][0m
traitlets/utils/tests/test_decorators.py::TestExpandSignature::test_partial_init [32mPASSED[0m[31m [ 99%][0m
traitlets/utils/tests/test_importstring.py::TestImportItem::test_bad_input [32mPASSED[0m[31m [ 99%][0m
traitlets/utils/tests/test_importstring.py::TestImportItem::test_import_unicode [32mPASSED[0m[31m [100%][0m

=================================== FAILURES ===================================
[31m[1m________________________ test_logging_teardown_on_error ________________________[0m
Traceback (most recent call last):
  File "/workdir/traitlets-5.6.0/.tox/graalpylibtest-unit-test-tests/lib/python3.10/site-packages/_pytest/runner.py", line 341, in from_call
    result: Optional[TResult] = func()
  File "/workdir/traitlets-5.6.0/.tox/graalpylibtest-unit-test-tests/lib/python3.10/site-packages/_pytest/runner.py", line 262, in <lambda>
    lambda: ihook(item=item, **kwds), when=when, reraise=reraise
  File "/workdir/traitlets-5.6.0/.tox/graalpylibtest-unit-test-tests/lib/python3.10/site-packages/pluggy/_hooks.py", line 493, in __call__
    return self._hookexec(self.name, self._hookimpls, kwargs, firstresult)
  File "/workdir/traitlets-5.6.0/.tox/graalpylibtest-unit-test-tests/lib/python3.10/site-packages/pluggy/_manager.py", line 115, in _hookexec
    return self._inner_hookexec(hook_name, methods, kwargs, firstresult)
  File "/workdir/traitlets-5.6.0/.tox/graalpylibtest-unit-test-tests/lib/python3.10/site-packages/pluggy/_callers.py", line 152, in _multicall
    return outcome.get_result()
  File "/workdir/traitlets-5.6.0/.tox/graalpylibtest-unit-test-tests/lib/python3.10/site-packages/pluggy/_result.py", line 114, in get_result
    raise exc.with_traceback(exc.__traceback__)
  File "/workdir/traitlets-5.6.0/.tox/graalpylibtest-unit-test-tests/lib/python3.10/site-packages/pluggy/_callers.py", line 77, in _multicall
    res = hook_impl.function(*args)
  File "/workdir/traitlets-5.6.0/.tox/graalpylibtest-unit-test-tests/lib/python3.10/site-packages/_pytest/runner.py", line 177, in pytest_runtest_call
    raise e
  File "/workdir/traitlets-5.6.0/.tox/graalpylibtest-unit-test-tests/lib/python3.10/site-packages/_pytest/runner.py", line 169, in pytest_runtest_call
    item.runtest()
  File "/workdir/traitlets-5.6.0/.tox/graalpylibtest-unit-test-tests/lib/python3.10/site-packages/_pytest/python.py", line 1792, in runtest
    self.ihook.pytest_pyfunc_call(pyfuncitem=self)
  File "/workdir/traitlets-5.6.0/.tox/graalpylibtest-unit-test-tests/lib/python3.10/site-packages/pluggy/_hooks.py", line 493, in __call__
    return self._hookexec(self.name, self._hookimpls, kwargs, firstresult)
  File "/workdir/traitlets-5.6.0/.tox/graalpylibtest-unit-test-tests/lib/python3.10/site-packages/pluggy/_manager.py", line 115, in _hookexec
    return self._inner_hookexec(hook_name, methods, kwargs, firstresult)
  File "/workdir/traitlets-5.6.0/.tox/graalpylibtest-unit-test-tests/lib/python3.10/site-packages/pluggy/_callers.py", line 113, in _multicall
    raise exception.with_traceback(exception.__traceback__)
  File "/workdir/traitlets-5.6.0/.tox/graalpylibtest-unit-test-tests/lib/python3.10/site-packages/pluggy/_callers.py", line 77, in _multicall
    res = hook_impl.function(*args)
  File "/workdir/traitlets-5.6.0/.tox/graalpylibtest-unit-test-tests/lib/python3.10/site-packages/_pytest/python.py", line 194, in pytest_pyfunc_call
    result = testfunction(**testargs)
  File "/workdir/traitlets-5.6.0/traitlets/config/tests/test_application.py", line 880, in test_logging_teardown_on_error
    assert len(caplogconfig) == 1  # logging was configured
AssertionError
[33m=============================== warnings summary ===============================[0m
traitlets/tests/_warnings.py::traitlets.tests._warnings.all_warnings
  <doctest traitlets.tests._warnings.all_warnings[1]>:2: RuntimeWarning: bar

-- Docs: https://docs.pytest.org/en/stable/how-to/capture-warnings.html
- generated xml file: /workdir/results/traitlets/5.6.0/1/graalpy-test-results.xml -
============================= slowest 10 durations =============================
7.09s call     traitlets/config/tests/test_application.py::test_show_config_cli
6.76s call     traitlets/config/tests/test_application.py::test_help_output
6.65s call     traitlets/config/tests/test_application.py::test_help_all_output
6.56s call     traitlets/config/tests/test_application.py::test_show_config_json_cli
0.70s call     traitlets/config/tests/test_application.py::TestApplication::test_config_propagation
0.50s call     traitlets/config/tests/test_application.py::TestApplication::test_flags
0.46s call     traitlets/config/tests/test_configurable.py::TestConfigurable::test_override2
0.44s call     traitlets/config/tests/test_application.py::TestApplication::test_aliases
0.44s call     traitlets/config/tests/test_application.py::TestApplication::test_generate_config_file_classes_to_include
0.39s call     traitlets/config/tests/test_application.py::TestApplication::test_aliases_multiple
[36m[1m=========================== short test summary info ============================[0m
[33mSKIPPED[0m [1] .tox/graalpylibtest-unit-test-tests/lib/python3.10/site-packages/_pytest/doctest.py:456: all tests skipped by +SKIP option
[31mFAILED[0m traitlets/config/tests/test_application.py::[1mtest_logging_teardown_on_error[0m - AssertionError
[31m======== [31m[1m1 failed[0m, [32m566 passed[0m, [33m1 skipped[0m, [33m1 warning[0m[31m in 68.65s (0:01:08)[0m[31m ========[0m
ERROR: InvocationError for command /workdir/traitlets-5.6.0/.tox/graalpylibtest-unit-test-tests/bin/pytest -v --tb=native --junitxml /workdir/results/traitlets/5.6.0/1/graalpy-test-results.xml (exited with code 1)
___________________________________ summary ____________________________________
ERROR:   graalpylibtest-unit-test-tests: commands failed
