<?xml version="1.0" encoding="utf-8"?><testsuites><testsuite name="pytest" errors="2" failures="0" skipped="0" tests="2" time="0.393" timestamp="2023-11-21T01:30:25.289021" hostname="b80581c01e0f"><testcase classname="" name="tests.test_annotations" time="0.000"><error message="collection failure">ImportError while importing test module '/workdir/dataclasses-json-0.5.7/tests/test_annotations.py'.
Hint: make sure your test modules/packages have valid Python names.
Traceback:
/usr/local/lib/python3.10/importlib/__init__.py:126: in import_module
    return _bootstrap._gcd_import(name[level:], package, level)
tests/test_annotations.py:9: in &lt;module&gt;
    from mypy.main import main as mypy_main
E   ModuleNotFoundError: No module named 'mypy'</error></testcase><testcase classname="" name="tests.test_invariants" time="0.000"><error message="collection failure">ImportError while importing test module '/workdir/dataclasses-json-0.5.7/tests/test_invariants.py'.
Hint: make sure your test modules/packages have valid Python names.
Traceback:
/usr/local/lib/python3.10/importlib/__init__.py:126: in import_module
    return _bootstrap._gcd_import(name[level:], package, level)
tests/test_invariants.py:3: in &lt;module&gt;
    from hypothesis import given
E   ModuleNotFoundError: No module named 'hypothesis'</error></testcase></testsuite></testsuites>