<?xml version="1.0" encoding="utf-8"?><testsuites><testsuite name="pytest" errors="35" failures="0" skipped="0" tests="35" time="4.041" timestamp="2023-11-21T01:40:41.275019" hostname="b80581c01e0f"><testcase classname="" name="metrics.cer.test_cer" time="0.000"><error message="collection failure">ImportError while importing test module '/workdir/datasets-2.10.0/metrics/cer/test_cer.py'.
Hint: make sure your test modules/packages have valid Python names.
Traceback:
/usr/local/lib/python3.10/importlib/__init__.py:126: in import_module
    return _bootstrap._gcd_import(name[level:], package, level)
metrics/cer/test_cer.py:16: in &lt;module&gt;
    from cer import CER
metrics/cer/cer.py:18: in &lt;module&gt;
    import jiwer
E   ModuleNotFoundError: No module named 'jiwer'</error></testcase><testcase classname="" name="tests.test_arrow_dataset" time="0.000"><error message="collection failure">ImportError while importing test module '/workdir/datasets-2.10.0/tests/test_arrow_dataset.py'.
Hint: make sure your test modules/packages have valid Python names.
Traceback:
/usr/local/lib/python3.10/importlib/__init__.py:126: in import_module
    return _bootstrap._gcd_import(name[level:], package, level)
tests/test_arrow_dataset.py:54: in &lt;module&gt;
    from .utils import (
tests/utils.py:66: in &lt;module&gt;
    version.parse(import_module("soundfile").__libsndfile_version__) &lt; version.parse("1.0.30")
/usr/local/lib/python3.10/importlib/__init__.py:126: in import_module
    return _bootstrap._gcd_import(name[level:], package, level)
E   ModuleNotFoundError: No module named 'soundfile'</error></testcase><testcase classname="" name="tests.test_arrow_reader" time="0.000"><error message="collection failure">ImportError while importing test module '/workdir/datasets-2.10.0/tests/test_arrow_reader.py'.
Hint: make sure your test modules/packages have valid Python names.
Traceback:
/usr/local/lib/python3.10/importlib/__init__.py:126: in import_module
    return _bootstrap._gcd_import(name[level:], package, level)
tests/test_arrow_reader.py:14: in &lt;module&gt;
    from .utils import assert_arrow_memory_doesnt_increase, assert_arrow_memory_increases
tests/utils.py:66: in &lt;module&gt;
    version.parse(import_module("soundfile").__libsndfile_version__) &lt; version.parse("1.0.30")
/usr/local/lib/python3.10/importlib/__init__.py:126: in import_module
    return _bootstrap._gcd_import(name[level:], package, level)
E   ModuleNotFoundError: No module named 'soundfile'</error></testcase><testcase classname="" name="tests.test_arrow_writer" time="0.000"><error message="collection failure">ImportError while importing test module '/workdir/datasets-2.10.0/tests/test_arrow_writer.py'.
Hint: make sure your test modules/packages have valid Python names.
Traceback:
/usr/local/lib/python3.10/importlib/__init__.py:126: in import_module
    return _bootstrap._gcd_import(name[level:], package, level)
tests/test_arrow_writer.py:17: in &lt;module&gt;
    from .utils import require_pil
tests/utils.py:66: in &lt;module&gt;
    version.parse(import_module("soundfile").__libsndfile_version__) &lt; version.parse("1.0.30")
/usr/local/lib/python3.10/importlib/__init__.py:126: in import_module
    return _bootstrap._gcd_import(name[level:], package, level)
E   ModuleNotFoundError: No module named 'soundfile'</error></testcase><testcase classname="" name="tests.test_beam" time="0.000"><error message="collection failure">ImportError while importing test module '/workdir/datasets-2.10.0/tests/test_beam.py'.
Hint: make sure your test modules/packages have valid Python names.
Traceback:
/usr/local/lib/python3.10/importlib/__init__.py:126: in import_module
    return _bootstrap._gcd_import(name[level:], package, level)
tests/test_beam.py:10: in &lt;module&gt;
    from .utils import require_beam
tests/utils.py:66: in &lt;module&gt;
    version.parse(import_module("soundfile").__libsndfile_version__) &lt; version.parse("1.0.30")
/usr/local/lib/python3.10/importlib/__init__.py:126: in import_module
    return _bootstrap._gcd_import(name[level:], package, level)
E   ModuleNotFoundError: No module named 'soundfile'</error></testcase><testcase classname="" name="tests.test_builder" time="0.000"><error message="collection failure">ImportError while importing test module '/workdir/datasets-2.10.0/tests/test_builder.py'.
Hint: make sure your test modules/packages have valid Python names.
Traceback:
/usr/local/lib/python3.10/importlib/__init__.py:126: in import_module
    return _bootstrap._gcd_import(name[level:], package, level)
tests/test_builder.py:30: in &lt;module&gt;
    from .utils import (
tests/utils.py:66: in &lt;module&gt;
    version.parse(import_module("soundfile").__libsndfile_version__) &lt; version.parse("1.0.30")
/usr/local/lib/python3.10/importlib/__init__.py:126: in import_module
    return _bootstrap._gcd_import(name[level:], package, level)
E   ModuleNotFoundError: No module named 'soundfile'</error></testcase><testcase classname="" name="tests.test_dataset_dict" time="0.000"><error message="collection failure">ImportError while importing test module '/workdir/datasets-2.10.0/tests/test_dataset_dict.py'.
Hint: make sure your test modules/packages have valid Python names.
Traceback:
/usr/local/lib/python3.10/importlib/__init__.py:126: in import_module
    return _bootstrap._gcd_import(name[level:], package, level)
tests/test_dataset_dict.py:15: in &lt;module&gt;
    from .utils import assert_arrow_memory_doesnt_increase, assert_arrow_memory_increases, require_tf, require_torch
tests/utils.py:66: in &lt;module&gt;
    version.parse(import_module("soundfile").__libsndfile_version__) &lt; version.parse("1.0.30")
/usr/local/lib/python3.10/importlib/__init__.py:126: in import_module
    return _bootstrap._gcd_import(name[level:], package, level)
E   ModuleNotFoundError: No module named 'soundfile'</error></testcase><testcase classname="" name="tests.test_distributed" time="0.000"><error message="collection failure">ImportError while importing test module '/workdir/datasets-2.10.0/tests/test_distributed.py'.
Hint: make sure your test modules/packages have valid Python names.
Traceback:
/usr/local/lib/python3.10/importlib/__init__.py:126: in import_module
    return _bootstrap._gcd_import(name[level:], package, level)
tests/test_distributed.py:10: in &lt;module&gt;
    from .utils import execute_subprocess_async, get_torch_dist_unique_port, require_torch
tests/utils.py:66: in &lt;module&gt;
    version.parse(import_module("soundfile").__libsndfile_version__) &lt; version.parse("1.0.30")
/usr/local/lib/python3.10/importlib/__init__.py:126: in import_module
    return _bootstrap._gcd_import(name[level:], package, level)
E   ModuleNotFoundError: No module named 'soundfile'</error></testcase><testcase classname="" name="tests.test_extract" time="0.000"><error message="collection failure">ImportError while importing test module '/workdir/datasets-2.10.0/tests/test_extract.py'.
Hint: make sure your test modules/packages have valid Python names.
Traceback:
/usr/local/lib/python3.10/importlib/__init__.py:126: in import_module
    return _bootstrap._gcd_import(name[level:], package, level)
tests/test_extract.py:17: in &lt;module&gt;
    from .utils import require_lz4, require_py7zr, require_zstandard
tests/utils.py:66: in &lt;module&gt;
    version.parse(import_module("soundfile").__libsndfile_version__) &lt; version.parse("1.0.30")
/usr/local/lib/python3.10/importlib/__init__.py:126: in import_module
    return _bootstrap._gcd_import(name[level:], package, level)
E   ModuleNotFoundError: No module named 'soundfile'</error></testcase><testcase classname="" name="tests.test_file_utils" time="0.000"><error message="collection failure">ImportError while importing test module '/workdir/datasets-2.10.0/tests/test_file_utils.py'.
Hint: make sure your test modules/packages have valid Python names.
Traceback:
/usr/local/lib/python3.10/importlib/__init__.py:126: in import_module
    return _bootstrap._gcd_import(name[level:], package, level)
tests/test_file_utils.py:6: in &lt;module&gt;
    import zstandard as zstd
E   ModuleNotFoundError: No module named 'zstandard'</error></testcase><testcase classname="" name="tests.test_filesystem" time="0.000"><error message="collection failure">ImportError while importing test module '/workdir/datasets-2.10.0/tests/test_filesystem.py'.
Hint: make sure your test modules/packages have valid Python names.
Traceback:
/usr/local/lib/python3.10/importlib/__init__.py:126: in import_module
    return _bootstrap._gcd_import(name[level:], package, level)
tests/test_filesystem.py:9: in &lt;module&gt;
    from .utils import require_lz4, require_zstandard
tests/utils.py:66: in &lt;module&gt;
    version.parse(import_module("soundfile").__libsndfile_version__) &lt; version.parse("1.0.30")
/usr/local/lib/python3.10/importlib/__init__.py:126: in import_module
    return _bootstrap._gcd_import(name[level:], package, level)
E   ModuleNotFoundError: No module named 'soundfile'</error></testcase><testcase classname="" name="tests.test_fingerprint" time="0.000"><error message="collection failure">ImportError while importing test module '/workdir/datasets-2.10.0/tests/test_fingerprint.py'.
Hint: make sure your test modules/packages have valid Python names.
Traceback:
/usr/local/lib/python3.10/importlib/__init__.py:126: in import_module
    return _bootstrap._gcd_import(name[level:], package, level)
tests/test_fingerprint.py:21: in &lt;module&gt;
    from .utils import (
tests/utils.py:66: in &lt;module&gt;
    version.parse(import_module("soundfile").__libsndfile_version__) &lt; version.parse("1.0.30")
/usr/local/lib/python3.10/importlib/__init__.py:126: in import_module
    return _bootstrap._gcd_import(name[level:], package, level)
E   ModuleNotFoundError: No module named 'soundfile'</error></testcase><testcase classname="" name="tests.test_formatting" time="0.000"><error message="collection failure">ImportError while importing test module '/workdir/datasets-2.10.0/tests/test_formatting.py'.
Hint: make sure your test modules/packages have valid Python names.
Traceback:
/usr/local/lib/python3.10/importlib/__init__.py:126: in import_module
    return _bootstrap._gcd_import(name[level:], package, level)
tests/test_formatting.py:21: in &lt;module&gt;
    from .utils import require_jax, require_pil, require_sndfile, require_tf, require_torch
tests/utils.py:66: in &lt;module&gt;
    version.parse(import_module("soundfile").__libsndfile_version__) &lt; version.parse("1.0.30")
/usr/local/lib/python3.10/importlib/__init__.py:126: in import_module
    return _bootstrap._gcd_import(name[level:], package, level)
E   ModuleNotFoundError: No module named 'soundfile'</error></testcase><testcase classname="" name="tests.test_iterable_dataset" time="0.000"><error message="collection failure">ImportError while importing test module '/workdir/datasets-2.10.0/tests/test_iterable_dataset.py'.
Hint: make sure your test modules/packages have valid Python names.
Traceback:
/usr/local/lib/python3.10/importlib/__init__.py:126: in import_module
    return _bootstrap._gcd_import(name[level:], package, level)
tests/test_iterable_dataset.py:30: in &lt;module&gt;
    from .utils import is_rng_equal, require_torch
tests/utils.py:66: in &lt;module&gt;
    version.parse(import_module("soundfile").__libsndfile_version__) &lt; version.parse("1.0.30")
/usr/local/lib/python3.10/importlib/__init__.py:126: in import_module
    return _bootstrap._gcd_import(name[level:], package, level)
E   ModuleNotFoundError: No module named 'soundfile'</error></testcase><testcase classname="" name="tests.test_load" time="0.000"><error message="collection failure">ImportError while importing test module '/workdir/datasets-2.10.0/tests/test_load.py'.
Hint: make sure your test modules/packages have valid Python names.
Traceback:
/usr/local/lib/python3.10/importlib/__init__.py:126: in import_module
    return _bootstrap._gcd_import(name[level:], package, level)
tests/test_load.py:38: in &lt;module&gt;
    from .utils import (
tests/utils.py:66: in &lt;module&gt;
    version.parse(import_module("soundfile").__libsndfile_version__) &lt; version.parse("1.0.30")
/usr/local/lib/python3.10/importlib/__init__.py:126: in import_module
    return _bootstrap._gcd_import(name[level:], package, level)
E   ModuleNotFoundError: No module named 'soundfile'</error></testcase><testcase classname="" name="tests.test_metric" time="0.000"><error message="collection failure">ImportError while importing test module '/workdir/datasets-2.10.0/tests/test_metric.py'.
Hint: make sure your test modules/packages have valid Python names.
Traceback:
/usr/local/lib/python3.10/importlib/__init__.py:126: in import_module
    return _bootstrap._gcd_import(name[level:], package, level)
tests/test_metric.py:13: in &lt;module&gt;
    from .utils import require_tf, require_torch
tests/utils.py:66: in &lt;module&gt;
    version.parse(import_module("soundfile").__libsndfile_version__) &lt; version.parse("1.0.30")
/usr/local/lib/python3.10/importlib/__init__.py:126: in import_module
    return _bootstrap._gcd_import(name[level:], package, level)
E   ModuleNotFoundError: No module named 'soundfile'</error></testcase><testcase classname="" name="tests.test_metric_common" time="0.000"><error message="collection failure">ImportError while importing test module '/workdir/datasets-2.10.0/tests/test_metric_common.py'.
Hint: make sure your test modules/packages have valid Python names.
Traceback:
/usr/local/lib/python3.10/importlib/__init__.py:126: in import_module
    return _bootstrap._gcd_import(name[level:], package, level)
tests/test_metric_common.py:32: in &lt;module&gt;
    from .utils import for_all_test_methods, local, slow
tests/utils.py:66: in &lt;module&gt;
    version.parse(import_module("soundfile").__libsndfile_version__) &lt; version.parse("1.0.30")
/usr/local/lib/python3.10/importlib/__init__.py:126: in import_module
    return _bootstrap._gcd_import(name[level:], package, level)
E   ModuleNotFoundError: No module named 'soundfile'</error></testcase><testcase classname="" name="tests.test_offline_util" time="0.000"><error message="collection failure">ImportError while importing test module '/workdir/datasets-2.10.0/tests/test_offline_util.py'.
Hint: make sure your test modules/packages have valid Python names.
Traceback:
/usr/local/lib/python3.10/importlib/__init__.py:126: in import_module
    return _bootstrap._gcd_import(name[level:], package, level)
tests/test_offline_util.py:6: in &lt;module&gt;
    from .utils import OfflineSimulationMode, RequestWouldHangIndefinitelyError, offline
tests/utils.py:66: in &lt;module&gt;
    version.parse(import_module("soundfile").__libsndfile_version__) &lt; version.parse("1.0.30")
/usr/local/lib/python3.10/importlib/__init__.py:126: in import_module
    return _bootstrap._gcd_import(name[level:], package, level)
E   ModuleNotFoundError: No module named 'soundfile'</error></testcase><testcase classname="" name="tests.test_py_utils" time="0.000"><error message="collection failure">ImportError while importing test module '/workdir/datasets-2.10.0/tests/test_py_utils.py'.
Hint: make sure your test modules/packages have valid Python names.
Traceback:
/usr/local/lib/python3.10/importlib/__init__.py:126: in import_module
    return _bootstrap._gcd_import(name[level:], package, level)
tests/test_py_utils.py:21: in &lt;module&gt;
    from .utils import require_tf, require_torch
tests/utils.py:66: in &lt;module&gt;
    version.parse(import_module("soundfile").__libsndfile_version__) &lt; version.parse("1.0.30")
/usr/local/lib/python3.10/importlib/__init__.py:126: in import_module
    return _bootstrap._gcd_import(name[level:], package, level)
E   ModuleNotFoundError: No module named 'soundfile'</error></testcase><testcase classname="" name="tests.test_search" time="0.000"><error message="collection failure">ImportError while importing test module '/workdir/datasets-2.10.0/tests/test_search.py'.
Hint: make sure your test modules/packages have valid Python names.
Traceback:
/usr/local/lib/python3.10/importlib/__init__.py:126: in import_module
    return _bootstrap._gcd_import(name[level:], package, level)
tests/test_search.py:13: in &lt;module&gt;
    from .utils import require_elasticsearch, require_faiss
tests/utils.py:66: in &lt;module&gt;
    version.parse(import_module("soundfile").__libsndfile_version__) &lt; version.parse("1.0.30")
/usr/local/lib/python3.10/importlib/__init__.py:126: in import_module
    return _bootstrap._gcd_import(name[level:], package, level)
E   ModuleNotFoundError: No module named 'soundfile'</error></testcase><testcase classname="" name="tests.test_streaming_download_manager" time="0.000"><error message="collection failure">ImportError while importing test module '/workdir/datasets-2.10.0/tests/test_streaming_download_manager.py'.
Hint: make sure your test modules/packages have valid Python names.
Traceback:
/usr/local/lib/python3.10/importlib/__init__.py:126: in import_module
    return _bootstrap._gcd_import(name[level:], package, level)
tests/test_streaming_download_manager.py:31: in &lt;module&gt;
    from .utils import require_lz4, require_zstandard, slow
tests/utils.py:66: in &lt;module&gt;
    version.parse(import_module("soundfile").__libsndfile_version__) &lt; version.parse("1.0.30")
/usr/local/lib/python3.10/importlib/__init__.py:126: in import_module
    return _bootstrap._gcd_import(name[level:], package, level)
E   ModuleNotFoundError: No module named 'soundfile'</error></testcase><testcase classname="" name="tests.test_table" time="0.000"><error message="collection failure">ImportError while importing test module '/workdir/datasets-2.10.0/tests/test_table.py'.
Hint: make sure your test modules/packages have valid Python names.
Traceback:
/usr/local/lib/python3.10/importlib/__init__.py:126: in import_module
    return _bootstrap._gcd_import(name[level:], package, level)
tests/test_table.py:34: in &lt;module&gt;
    from .utils import assert_arrow_memory_doesnt_increase, assert_arrow_memory_increases, slow
tests/utils.py:66: in &lt;module&gt;
    version.parse(import_module("soundfile").__libsndfile_version__) &lt; version.parse("1.0.30")
/usr/local/lib/python3.10/importlib/__init__.py:126: in import_module
    return _bootstrap._gcd_import(name[level:], package, level)
E   ModuleNotFoundError: No module named 'soundfile'</error></testcase><testcase classname="" name="tests.test_upstream_hub" time="0.000"><error message="collection failure">ImportError while importing test module '/workdir/datasets-2.10.0/tests/test_upstream_hub.py'.
Hint: make sure your test modules/packages have valid Python names.
Traceback:
/usr/local/lib/python3.10/importlib/__init__.py:126: in import_module
    return _bootstrap._gcd_import(name[level:], package, level)
tests/test_upstream_hub.py:16: in &lt;module&gt;
    from tests.utils import for_all_test_methods, require_pil, require_sndfile, xfail_if_500_502_http_error
tests/utils.py:66: in &lt;module&gt;
    version.parse(import_module("soundfile").__libsndfile_version__) &lt; version.parse("1.0.30")
/usr/local/lib/python3.10/importlib/__init__.py:126: in import_module
    return _bootstrap._gcd_import(name[level:], package, level)
E   ModuleNotFoundError: No module named 'soundfile'</error></testcase><testcase classname="" name="tests.features.test_audio" time="0.000"><error message="collection failure">ImportError while importing test module '/workdir/datasets-2.10.0/tests/features/test_audio.py'.
Hint: make sure your test modules/packages have valid Python names.
Traceback:
/usr/local/lib/python3.10/importlib/__init__.py:126: in import_module
    return _bootstrap._gcd_import(name[level:], package, level)
tests/features/test_audio.py:12: in &lt;module&gt;
    from ..utils import (
tests/utils.py:66: in &lt;module&gt;
    version.parse(import_module("soundfile").__libsndfile_version__) &lt; version.parse("1.0.30")
/usr/local/lib/python3.10/importlib/__init__.py:126: in import_module
    return _bootstrap._gcd_import(name[level:], package, level)
E   ModuleNotFoundError: No module named 'soundfile'</error></testcase><testcase classname="" name="tests.features.test_features" time="0.000"><error message="collection failure">ImportError while importing test module '/workdir/datasets-2.10.0/tests/features/test_features.py'.
Hint: make sure your test modules/packages have valid Python names.
Traceback:
/usr/local/lib/python3.10/importlib/__init__.py:126: in import_module
    return _bootstrap._gcd_import(name[level:], package, level)
tests/features/test_features.py:25: in &lt;module&gt;
    from ..utils import require_jax, require_tf, require_torch
tests/utils.py:66: in &lt;module&gt;
    version.parse(import_module("soundfile").__libsndfile_version__) &lt; version.parse("1.0.30")
/usr/local/lib/python3.10/importlib/__init__.py:126: in import_module
    return _bootstrap._gcd_import(name[level:], package, level)
E   ModuleNotFoundError: No module named 'soundfile'</error></testcase><testcase classname="" name="tests.features.test_image" time="0.000"><error message="collection failure">ImportError while importing test module '/workdir/datasets-2.10.0/tests/features/test_image.py'.
Hint: make sure your test modules/packages have valid Python names.
Traceback:
/usr/local/lib/python3.10/importlib/__init__.py:126: in import_module
    return _bootstrap._gcd_import(name[level:], package, level)
tests/features/test_image.py:13: in &lt;module&gt;
    from ..utils import require_pil
tests/utils.py:66: in &lt;module&gt;
    version.parse(import_module("soundfile").__libsndfile_version__) &lt; version.parse("1.0.30")
/usr/local/lib/python3.10/importlib/__init__.py:126: in import_module
    return _bootstrap._gcd_import(name[level:], package, level)
E   ModuleNotFoundError: No module named 'soundfile'</error></testcase><testcase classname="" name="tests.io.test_csv" time="0.000"><error message="collection failure">ImportError while importing test module '/workdir/datasets-2.10.0/tests/io/test_csv.py'.
Hint: make sure your test modules/packages have valid Python names.
Traceback:
/usr/local/lib/python3.10/importlib/__init__.py:126: in import_module
    return _bootstrap._gcd_import(name[level:], package, level)
tests/io/test_csv.py:9: in &lt;module&gt;
    from ..utils import assert_arrow_memory_doesnt_increase, assert_arrow_memory_increases
tests/utils.py:66: in &lt;module&gt;
    version.parse(import_module("soundfile").__libsndfile_version__) &lt; version.parse("1.0.30")
/usr/local/lib/python3.10/importlib/__init__.py:126: in import_module
    return _bootstrap._gcd_import(name[level:], package, level)
E   ModuleNotFoundError: No module named 'soundfile'</error></testcase><testcase classname="" name="tests.io.test_json" time="0.000"><error message="collection failure">ImportError while importing test module '/workdir/datasets-2.10.0/tests/io/test_json.py'.
Hint: make sure your test modules/packages have valid Python names.
Traceback:
/usr/local/lib/python3.10/importlib/__init__.py:126: in import_module
    return _bootstrap._gcd_import(name[level:], package, level)
tests/io/test_json.py:10: in &lt;module&gt;
    from ..utils import assert_arrow_memory_doesnt_increase, assert_arrow_memory_increases
tests/utils.py:66: in &lt;module&gt;
    version.parse(import_module("soundfile").__libsndfile_version__) &lt; version.parse("1.0.30")
/usr/local/lib/python3.10/importlib/__init__.py:126: in import_module
    return _bootstrap._gcd_import(name[level:], package, level)
E   ModuleNotFoundError: No module named 'soundfile'</error></testcase><testcase classname="" name="tests.io.test_parquet" time="0.000"><error message="collection failure">ImportError while importing test module '/workdir/datasets-2.10.0/tests/io/test_parquet.py'.
Hint: make sure your test modules/packages have valid Python names.
Traceback:
/usr/local/lib/python3.10/importlib/__init__.py:126: in import_module
    return _bootstrap._gcd_import(name[level:], package, level)
tests/io/test_parquet.py:8: in &lt;module&gt;
    from ..utils import assert_arrow_memory_doesnt_increase, assert_arrow_memory_increases
tests/utils.py:66: in &lt;module&gt;
    version.parse(import_module("soundfile").__libsndfile_version__) &lt; version.parse("1.0.30")
/usr/local/lib/python3.10/importlib/__init__.py:126: in import_module
    return _bootstrap._gcd_import(name[level:], package, level)
E   ModuleNotFoundError: No module named 'soundfile'</error></testcase><testcase classname="" name="tests.io.test_sql" time="0.000"><error message="collection failure">ImportError while importing test module '/workdir/datasets-2.10.0/tests/io/test_sql.py'.
Hint: make sure your test modules/packages have valid Python names.
Traceback:
/usr/local/lib/python3.10/importlib/__init__.py:126: in import_module
    return _bootstrap._gcd_import(name[level:], package, level)
tests/io/test_sql.py:10: in &lt;module&gt;
    from ..utils import assert_arrow_memory_doesnt_increase, assert_arrow_memory_increases, require_sqlalchemy
tests/utils.py:66: in &lt;module&gt;
    version.parse(import_module("soundfile").__libsndfile_version__) &lt; version.parse("1.0.30")
/usr/local/lib/python3.10/importlib/__init__.py:126: in import_module
    return _bootstrap._gcd_import(name[level:], package, level)
E   ModuleNotFoundError: No module named 'soundfile'</error></testcase><testcase classname="" name="tests.io.test_text" time="0.000"><error message="collection failure">ImportError while importing test module '/workdir/datasets-2.10.0/tests/io/test_text.py'.
Hint: make sure your test modules/packages have valid Python names.
Traceback:
/usr/local/lib/python3.10/importlib/__init__.py:126: in import_module
    return _bootstrap._gcd_import(name[level:], package, level)
tests/io/test_text.py:6: in &lt;module&gt;
    from ..utils import assert_arrow_memory_doesnt_increase, assert_arrow_memory_increases
tests/utils.py:66: in &lt;module&gt;
    version.parse(import_module("soundfile").__libsndfile_version__) &lt; version.parse("1.0.30")
/usr/local/lib/python3.10/importlib/__init__.py:126: in import_module
    return _bootstrap._gcd_import(name[level:], package, level)
E   ModuleNotFoundError: No module named 'soundfile'</error></testcase><testcase classname="" name="tests.packaged_modules.test_audiofolder" time="0.000"><error message="collection failure">ImportError while importing test module '/workdir/datasets-2.10.0/tests/packaged_modules/test_audiofolder.py'.
Hint: make sure your test modules/packages have valid Python names.
Traceback:
/usr/local/lib/python3.10/importlib/__init__.py:126: in import_module
    return _bootstrap._gcd_import(name[level:], package, level)
tests/packaged_modules/test_audiofolder.py:4: in &lt;module&gt;
    import librosa
E   ModuleNotFoundError: No module named 'librosa'</error></testcase><testcase classname="" name="tests.packaged_modules.test_csv" time="0.000"><error message="collection failure">ImportError while importing test module '/workdir/datasets-2.10.0/tests/packaged_modules/test_csv.py'.
Hint: make sure your test modules/packages have valid Python names.
Traceback:
/usr/local/lib/python3.10/importlib/__init__.py:126: in import_module
    return _bootstrap._gcd_import(name[level:], package, level)
tests/packaged_modules/test_csv.py:10: in &lt;module&gt;
    from ..utils import require_pil
tests/utils.py:66: in &lt;module&gt;
    version.parse(import_module("soundfile").__libsndfile_version__) &lt; version.parse("1.0.30")
/usr/local/lib/python3.10/importlib/__init__.py:126: in import_module
    return _bootstrap._gcd_import(name[level:], package, level)
E   ModuleNotFoundError: No module named 'soundfile'</error></testcase><testcase classname="" name="tests.packaged_modules.test_imagefolder" time="0.000"><error message="collection failure">ImportError while importing test module '/workdir/datasets-2.10.0/tests/packaged_modules/test_imagefolder.py'.
Hint: make sure your test modules/packages have valid Python names.
Traceback:
/usr/local/lib/python3.10/importlib/__init__.py:126: in import_module
    return _bootstrap._gcd_import(name[level:], package, level)
tests/packaged_modules/test_imagefolder.py:12: in &lt;module&gt;
    from ..utils import require_pil
tests/utils.py:66: in &lt;module&gt;
    version.parse(import_module("soundfile").__libsndfile_version__) &lt; version.parse("1.0.30")
/usr/local/lib/python3.10/importlib/__init__.py:126: in import_module
    return _bootstrap._gcd_import(name[level:], package, level)
E   ModuleNotFoundError: No module named 'soundfile'</error></testcase><testcase classname="" name="tests.packaged_modules.test_text" time="0.000"><error message="collection failure">ImportError while importing test module '/workdir/datasets-2.10.0/tests/packaged_modules/test_text.py'.
Hint: make sure your test modules/packages have valid Python names.
Traceback:
/usr/local/lib/python3.10/importlib/__init__.py:126: in import_module
    return _bootstrap._gcd_import(name[level:], package, level)
tests/packaged_modules/test_text.py:9: in &lt;module&gt;
    from ..utils import require_pil
tests/utils.py:66: in &lt;module&gt;
    version.parse(import_module("soundfile").__libsndfile_version__) &lt; version.parse("1.0.30")
/usr/local/lib/python3.10/importlib/__init__.py:126: in import_module
    return _bootstrap._gcd_import(name[level:], package, level)
E   ModuleNotFoundError: No module named 'soundfile'</error></testcase></testsuite></testsuites>