<?xml version="1.0" encoding="utf-8"?><testsuites><testsuite name="pytest" errors="4" failures="0" skipped="0" tests="5" time="2.759" timestamp="2023-11-29T01:49:22.061000" hostname="a1f8948d47fc"><testcase classname="ptr.__init__" name="ptr.PyTest" time="0.501" /><testcase classname="tests.test_ptr" name="test_egg_fetcher[setuptools-]" time="0.007"><error message="failed on setup with &quot;file /workdir/pytest-runner-6.0.0/tests/test_ptr.py, line 53&#10;  def test_egg_fetcher(venv, setuptools_req, test_args):&#10;file /workdir/pytest-runner-6.0.0/tests/test_ptr.py, line 34&#10;  def venv(virtualenv):&#10;E       fixture 'virtualenv' not found&#10;&gt;       available fixtures: cache, capfd, capfdbinary, caplog, capsys, capsysbinary, doctest_namespace, monkeypatch, pytestconfig, record_property, record_testsuite_property, record_xml_attribute, recwarn, tmp_path, tmp_path_factory, tmpdir, tmpdir_factory, venv&#10;&gt;       use 'pytest --fixtures [testpath]' for help on them.&#10;&#10;/workdir/pytest-runner-6.0.0/tests/test_ptr.py:34&quot;">file /workdir/pytest-runner-6.0.0/tests/test_ptr.py, line 53
  def test_egg_fetcher(venv, setuptools_req, test_args):
file /workdir/pytest-runner-6.0.0/tests/test_ptr.py, line 34
  def venv(virtualenv):
E       fixture 'virtualenv' not found
&gt;       available fixtures: cache, capfd, capfdbinary, caplog, capsys, capsysbinary, doctest_namespace, monkeypatch, pytestconfig, record_property, record_testsuite_property, record_xml_attribute, recwarn, tmp_path, tmp_path_factory, tmpdir, tmpdir_factory, venv
&gt;       use 'pytest --fixtures [testpath]' for help on them.

/workdir/pytest-runner-6.0.0/tests/test_ptr.py:34</error></testcase><testcase classname="tests.test_ptr" name="test_egg_fetcher[setuptools---extras]" time="0.005"><error message="failed on setup with &quot;file /workdir/pytest-runner-6.0.0/tests/test_ptr.py, line 53&#10;  def test_egg_fetcher(venv, setuptools_req, test_args):&#10;file /workdir/pytest-runner-6.0.0/tests/test_ptr.py, line 34&#10;  def venv(virtualenv):&#10;E       fixture 'virtualenv' not found&#10;&gt;       available fixtures: cache, capfd, capfdbinary, caplog, capsys, capsysbinary, doctest_namespace, monkeypatch, pytestconfig, record_property, record_testsuite_property, record_xml_attribute, recwarn, tmp_path, tmp_path_factory, tmpdir, tmpdir_factory, venv&#10;&gt;       use 'pytest --fixtures [testpath]' for help on them.&#10;&#10;/workdir/pytest-runner-6.0.0/tests/test_ptr.py:34&quot;">file /workdir/pytest-runner-6.0.0/tests/test_ptr.py, line 53
  def test_egg_fetcher(venv, setuptools_req, test_args):
file /workdir/pytest-runner-6.0.0/tests/test_ptr.py, line 34
  def venv(virtualenv):
E       fixture 'virtualenv' not found
&gt;       available fixtures: cache, capfd, capfdbinary, caplog, capsys, capsysbinary, doctest_namespace, monkeypatch, pytestconfig, record_property, record_testsuite_property, record_xml_attribute, recwarn, tmp_path, tmp_path_factory, tmpdir, tmpdir_factory, venv
&gt;       use 'pytest --fixtures [testpath]' for help on them.

/workdir/pytest-runner-6.0.0/tests/test_ptr.py:34</error></testcase><testcase classname="tests.test_ptr" name="test_egg_fetcher[setuptools==49.0.0-]" time="0.005"><error message="failed on setup with &quot;file /workdir/pytest-runner-6.0.0/tests/test_ptr.py, line 53&#10;  def test_egg_fetcher(venv, setuptools_req, test_args):&#10;file /workdir/pytest-runner-6.0.0/tests/test_ptr.py, line 34&#10;  def venv(virtualenv):&#10;E       fixture 'virtualenv' not found&#10;&gt;       available fixtures: cache, capfd, capfdbinary, caplog, capsys, capsysbinary, doctest_namespace, monkeypatch, pytestconfig, record_property, record_testsuite_property, record_xml_attribute, recwarn, tmp_path, tmp_path_factory, tmpdir, tmpdir_factory, venv&#10;&gt;       use 'pytest --fixtures [testpath]' for help on them.&#10;&#10;/workdir/pytest-runner-6.0.0/tests/test_ptr.py:34&quot;">file /workdir/pytest-runner-6.0.0/tests/test_ptr.py, line 53
  def test_egg_fetcher(venv, setuptools_req, test_args):
file /workdir/pytest-runner-6.0.0/tests/test_ptr.py, line 34
  def venv(virtualenv):
E       fixture 'virtualenv' not found
&gt;       available fixtures: cache, capfd, capfdbinary, caplog, capsys, capsysbinary, doctest_namespace, monkeypatch, pytestconfig, record_property, record_testsuite_property, record_xml_attribute, recwarn, tmp_path, tmp_path_factory, tmpdir, tmpdir_factory, venv
&gt;       use 'pytest --fixtures [testpath]' for help on them.

/workdir/pytest-runner-6.0.0/tests/test_ptr.py:34</error></testcase><testcase classname="tests.test_ptr" name="test_egg_fetcher[setuptools==49.0.0---extras]" time="0.005"><error message="failed on setup with &quot;file /workdir/pytest-runner-6.0.0/tests/test_ptr.py, line 53&#10;  def test_egg_fetcher(venv, setuptools_req, test_args):&#10;file /workdir/pytest-runner-6.0.0/tests/test_ptr.py, line 34&#10;  def venv(virtualenv):&#10;E       fixture 'virtualenv' not found&#10;&gt;       available fixtures: cache, capfd, capfdbinary, caplog, capsys, capsysbinary, doctest_namespace, monkeypatch, pytestconfig, record_property, record_testsuite_property, record_xml_attribute, recwarn, tmp_path, tmp_path_factory, tmpdir, tmpdir_factory, venv&#10;&gt;       use 'pytest --fixtures [testpath]' for help on them.&#10;&#10;/workdir/pytest-runner-6.0.0/tests/test_ptr.py:34&quot;">file /workdir/pytest-runner-6.0.0/tests/test_ptr.py, line 53
  def test_egg_fetcher(venv, setuptools_req, test_args):
file /workdir/pytest-runner-6.0.0/tests/test_ptr.py, line 34
  def venv(virtualenv):
E       fixture 'virtualenv' not found
&gt;       available fixtures: cache, capfd, capfdbinary, caplog, capsys, capsysbinary, doctest_namespace, monkeypatch, pytestconfig, record_property, record_testsuite_property, record_xml_attribute, recwarn, tmp_path, tmp_path_factory, tmpdir, tmpdir_factory, venv
&gt;       use 'pytest --fixtures [testpath]' for help on them.

/workdir/pytest-runner-6.0.0/tests/test_ptr.py:34</error></testcase></testsuite></testsuites>