Collecting check-manifest==0.49
  Downloading check_manifest-0.49-py3-none-any.whl (20 kB)
Collecting build>=0.1
  Downloading build-1.0.3-py3-none-any.whl (18 kB)
Requirement already satisfied: setuptools in ./install-virtualenv/lib/python3.10/site-packages (from check-manifest==0.49) (63.2.0)
Collecting tomli
  Using cached tomli-2.0.1-py3-none-any.whl (12 kB)
Collecting packaging>=19.0
  Using cached packaging-23.2-py3-none-any.whl (53 kB)
Collecting pyproject_hooks
  Downloading pyproject_hooks-1.0.0-py3-none-any.whl (9.3 kB)
Installing collected packages: tomli, packaging, pyproject_hooks, build, check-manifest
Looking for GraalPy patches for tomli
Looking for GraalPy patches for packaging
Patching package packaging using /opt/graalpy/lib/graalpy23.1/patches/packaging/packaging.patch
patching file packaging/tags.py
Hunk #1 FAILED at 4.
Hunk #2 FAILED at 37.
2 out of 2 hunks FAILED -- saving rejects to file packaging/tags.py.rej
Applying GraalPy patch failed for packaging. The package may still work.
Looking for GraalPy patches for pyproject_hooks
Looking for GraalPy patches for build
Looking for GraalPy patches for check_manifest
Successfully installed build-1.0.3 check-manifest-0.49 packaging-23.2 pyproject_hooks-1.0.0 tomli-2.0.1
