GLOB sdist-make: /workdir/nibabel-4.0.2/setup.py
cpythonlibtest-unit-test-tests create: /workdir/nibabel-4.0.2/.tox/cpythonlibtest-unit-test-tests
cpythonlibtest-unit-test-tests installdeps: mock, pytest, -rdoc-requirements.txt, -rdev-requirements.txt, -rmin-requirements.txt, -rrequirements.txt
ERROR: invocation failed (exit code 1), logfile: /workdir/nibabel-4.0.2/.tox/cpythonlibtest-unit-test-tests/log/cpythonlibtest-unit-test-tests-1.log
================================== log start ===================================
Collecting mock
  Using cached mock-5.1.0-py3-none-any.whl.metadata (3.0 kB)
Collecting pytest
  Using cached pytest-7.4.3-py3-none-any.whl.metadata (7.9 kB)
Collecting numpy>=1.17 (from -r requirements.txt (line 2))
  Using cached numpy-1.26.2-cp310-cp310-manylinux_2_17_x86_64.manylinux2014_x86_64.whl.metadata (61 kB)
Collecting packaging>=17.0 (from -r requirements.txt (line 3))
  Using cached packaging-23.2-py3-none-any.whl.metadata (3.2 kB)
Requirement already satisfied: setuptools in ./.tox/cpythonlibtest-unit-test-tests/lib/python3.10/site-packages (from -r requirements.txt (line 4)) (68.2.2)
Collecting sphinx<3 (from -r doc-requirements.txt (line 3))
  Downloading Sphinx-2.4.5-py3-none-any.whl (2.7 MB)
     ━━━━━━━━━━━━━━━━━━━━━━━━━━━━━━━━━━━━━━━━ 2.7/2.7 MB 3.2 MB/s eta 0:00:00
Collecting numpydoc (from -r doc-requirements.txt (line 4))
  Using cached numpydoc-1.6.0-py3-none-any.whl.metadata (4.2 kB)
Collecting texext (from -r doc-requirements.txt (line 5))
  Using cached texext-0.6.7-py3-none-any.whl (24 kB)
Collecting matplotlib>=1.3.1 (from -r doc-requirements.txt (line 6))
  Using cached matplotlib-3.8.2-cp310-cp310-manylinux_2_17_x86_64.manylinux2014_x86_64.whl.metadata (5.8 kB)
Collecting numpy>=1.17 (from -r requirements.txt (line 2))
  Downloading numpy-1.17.0.zip (6.5 MB)
     ━━━━━━━━━━━━━━━━━━━━━━━━━━━━━━━━━━━━━━━━ 6.5/6.5 MB 9.7 MB/s eta 0:00:00
  Preparing metadata (setup.py): started
  Preparing metadata (setup.py): finished with status 'done'
Collecting packaging>=17.0 (from -r requirements.txt (line 3))
  Downloading packaging-17.0-py2.py3-none-any.whl (23 kB)
Collecting pyparsing>=2.0.2 (from packaging>=17.0->-r requirements.txt (line 3))
  Using cached pyparsing-3.1.1-py3-none-any.whl.metadata (5.1 kB)
Collecting six (from packaging>=17.0->-r requirements.txt (line 3))
  Using cached six-1.16.0-py2.py3-none-any.whl (11 kB)
Collecting iniconfig (from pytest)
  Using cached iniconfig-2.0.0-py3-none-any.whl (5.9 kB)
Collecting pluggy<2.0,>=0.12 (from pytest)
  Using cached pluggy-1.3.0-py3-none-any.whl.metadata (4.3 kB)
Collecting exceptiongroup>=1.0.0rc8 (from pytest)
  Using cached exceptiongroup-1.2.0-py3-none-any.whl.metadata (6.6 kB)
Collecting tomli>=1.0.0 (from pytest)
  Using cached tomli-2.0.1-py3-none-any.whl (12 kB)
Collecting sphinxcontrib-applehelp (from sphinx<3->-r doc-requirements.txt (line 3))
  Using cached sphinxcontrib_applehelp-1.0.7-py3-none-any.whl.metadata (2.2 kB)
Collecting sphinxcontrib-devhelp (from sphinx<3->-r doc-requirements.txt (line 3))
  Using cached sphinxcontrib_devhelp-1.0.5-py3-none-any.whl.metadata (2.2 kB)
Collecting sphinxcontrib-jsmath (from sphinx<3->-r doc-requirements.txt (line 3))
  Using cached sphinxcontrib_jsmath-1.0.1-py2.py3-none-any.whl (5.1 kB)
Collecting sphinxcontrib-htmlhelp (from sphinx<3->-r doc-requirements.txt (line 3))
  Using cached sphinxcontrib_htmlhelp-2.0.4-py3-none-any.whl.metadata (2.2 kB)
Collecting sphinxcontrib-serializinghtml (from sphinx<3->-r doc-requirements.txt (line 3))
  Using cached sphinxcontrib_serializinghtml-1.1.9-py3-none-any.whl.metadata (2.3 kB)
Collecting sphinxcontrib-qthelp (from sphinx<3->-r doc-requirements.txt (line 3))
  Using cached sphinxcontrib_qthelp-1.0.6-py3-none-any.whl.metadata (2.2 kB)
Collecting Jinja2>=2.3 (from sphinx<3->-r doc-requirements.txt (line 3))
  Using cached Jinja2-3.1.2-py3-none-any.whl (133 kB)
Collecting Pygments>=2.0 (from sphinx<3->-r doc-requirements.txt (line 3))
  Using cached pygments-2.17.2-py3-none-any.whl.metadata (2.6 kB)
Collecting docutils<0.18,>=0.12 (from sphinx<3->-r doc-requirements.txt (line 3))
  Using cached docutils-0.17.1-py2.py3-none-any.whl (575 kB)
Collecting snowballstemmer>=1.1 (from sphinx<3->-r doc-requirements.txt (line 3))
  Using cached snowballstemmer-2.2.0-py2.py3-none-any.whl (93 kB)
Collecting babel!=2.0,>=1.3 (from sphinx<3->-r doc-requirements.txt (line 3))
  Using cached Babel-2.13.1-py3-none-any.whl.metadata (1.6 kB)
Collecting alabaster<0.8,>=0.7 (from sphinx<3->-r doc-requirements.txt (line 3))
  Using cached alabaster-0.7.13-py3-none-any.whl (13 kB)
Collecting imagesize (from sphinx<3->-r doc-requirements.txt (line 3))
  Using cached imagesize-1.4.1-py2.py3-none-any.whl (8.8 kB)
Collecting requests>=2.5.0 (from sphinx<3->-r doc-requirements.txt (line 3))
  Using cached requests-2.31.0-py3-none-any.whl.metadata (4.6 kB)
INFO: pip is looking at multiple versions of numpydoc to determine which version is compatible with other requirements. This could take a while.
Collecting numpydoc (from -r doc-requirements.txt (line 4))
  Downloading numpydoc-1.5.0-py3-none-any.whl (52 kB)
     ━━━━━━━━━━━━━━━━━━━━━━━━━━━━━━━━━━━━━━━━ 52.4/52.4 kB 3.8 MB/s eta 0:00:00
  Downloading numpydoc-1.4.0-py3-none-any.whl (51 kB)
     ━━━━━━━━━━━━━━━━━━━━━━━━━━━━━━━━━━━━━━━━ 51.9/51.9 kB 4.2 MB/s eta 0:00:00
  Downloading numpydoc-1.3.1-py3-none-any.whl (51 kB)
     ━━━━━━━━━━━━━━━━━━━━━━━━━━━━━━━━━━━━━━━━ 51.7/51.7 kB 4.4 MB/s eta 0:00:00
  Downloading numpydoc-1.3-py3-none-any.whl (51 kB)
     ━━━━━━━━━━━━━━━━━━━━━━━━━━━━━━━━━━━━━━━━ 51.7/51.7 kB 2.3 MB/s eta 0:00:00
  Downloading numpydoc-1.2.1-py3-none-any.whl (51 kB)
     ━━━━━━━━━━━━━━━━━━━━━━━━━━━━━━━━━━━━━━━━ 51.4/51.4 kB 2.6 MB/s eta 0:00:00
Collecting Jinja2>=2.3 (from sphinx<3->-r doc-requirements.txt (line 3))
  Using cached Jinja2-3.0.3-py3-none-any.whl (133 kB)
INFO: pip is looking at multiple versions of texext to determine which version is compatible with other requirements. This could take a while.
Collecting texext (from -r doc-requirements.txt (line 5))
  Downloading texext-0.6.6.tar.gz (38 kB)
  Preparing metadata (setup.py): started
  Preparing metadata (setup.py): finished with status 'done'
Collecting contourpy>=1.0.1 (from matplotlib>=1.3.1->-r doc-requirements.txt (line 6))
  Using cached contourpy-1.2.0-cp310-cp310-manylinux_2_17_x86_64.manylinux2014_x86_64.whl.metadata (5.8 kB)
Collecting cycler>=0.10 (from matplotlib>=1.3.1->-r doc-requirements.txt (line 6))
  Using cached cycler-0.12.1-py3-none-any.whl.metadata (3.8 kB)
Collecting fonttools>=4.22.0 (from matplotlib>=1.3.1->-r doc-requirements.txt (line 6))
  Using cached fonttools-4.45.0-cp310-cp310-manylinux_2_17_x86_64.manylinux2014_x86_64.whl.metadata (154 kB)
Collecting kiwisolver>=1.3.1 (from matplotlib>=1.3.1->-r doc-requirements.txt (line 6))
  Using cached kiwisolver-1.4.5-cp310-cp310-manylinux_2_12_x86_64.manylinux2010_x86_64.whl.metadata (6.4 kB)
INFO: pip is looking at multiple versions of matplotlib to determine which version is compatible with other requirements. This could take a while.
Collecting matplotlib>=1.3.1 (from -r doc-requirements.txt (line 6))
  Downloading matplotlib-3.8.1-cp310-cp310-manylinux_2_17_x86_64.manylinux2014_x86_64.whl.metadata (5.8 kB)
  Downloading matplotlib-3.8.0-cp310-cp310-manylinux_2_17_x86_64.manylinux2014_x86_64.whl.metadata (5.8 kB)
  Downloading matplotlib-3.7.4-cp310-cp310-manylinux_2_17_x86_64.manylinux2014_x86_64.whl.metadata (5.7 kB)
  Downloading matplotlib-3.7.3-cp310-cp310-manylinux_2_17_x86_64.manylinux2014_x86_64.whl.metadata (5.7 kB)
  Downloading matplotlib-3.7.2-cp310-cp310-manylinux_2_17_x86_64.manylinux2014_x86_64.whl.metadata (5.6 kB)
  Downloading matplotlib-3.7.1-cp310-cp310-manylinux_2_17_x86_64.manylinux2014_x86_64.whl (11.6 MB)
     ━━━━━━━━━━━━━━━━━━━━━━━━━━━━━━━━━━━━━━━━ 11.6/11.6 MB 20.0 MB/s eta 0:00:00
  Using cached matplotlib-3.7.0-cp310-cp310-manylinux_2_17_x86_64.manylinux2014_x86_64.whl (11.6 MB)
INFO: pip is still looking at multiple versions of matplotlib to determine which version is compatible with other requirements. This could take a while.
  Downloading matplotlib-3.6.3-cp310-cp310-manylinux_2_17_x86_64.manylinux2014_x86_64.whl (11.8 MB)
     ━━━━━━━━━━━━━━━━━━━━━━━━━━━━━━━━━━━━━━━━ 11.8/11.8 MB 18.2 MB/s eta 0:00:00
  Downloading matplotlib-3.6.2-cp310-cp310-manylinux_2_17_x86_64.manylinux2014_x86_64.whl (11.8 MB)
     ━━━━━━━━━━━━━━━━━━━━━━━━━━━━━━━━━━━━━━━━ 11.8/11.8 MB 21.0 MB/s eta 0:00:00
  Downloading matplotlib-3.6.1-cp310-cp310-manylinux_2_17_x86_64.manylinux2014_x86_64.whl (11.8 MB)
     ━━━━━━━━━━━━━━━━━━━━━━━━━━━━━━━━━━━━━━━━ 11.8/11.8 MB 21.2 MB/s eta 0:00:00
  Downloading matplotlib-3.6.0-cp310-cp310-manylinux_2_17_x86_64.manylinux2014_x86_64.whl (11.8 MB)
     ━━━━━━━━━━━━━━━━━━━━━━━━━━━━━━━━━━━━━━━━ 11.8/11.8 MB 21.5 MB/s eta 0:00:00
  Downloading matplotlib-3.5.3-cp310-cp310-manylinux_2_17_x86_64.manylinux2014_x86_64.whl (11.9 MB)
     ━━━━━━━━━━━━━━━━━━━━━━━━━━━━━━━━━━━━━━━━ 11.9/11.9 MB 17.8 MB/s eta 0:00:00
INFO: This is taking longer than usual. You might need to provide the dependency resolver with stricter constraints to reduce runtime. See https://pip.pypa.io/warnings/backtracking for guidance. If you want to abort this run, press Ctrl + C.
  Downloading matplotlib-3.5.2-cp310-cp310-manylinux_2_17_x86_64.manylinux2014_x86_64.whl (11.9 MB)
     ━━━━━━━━━━━━━━━━━━━━━━━━━━━━━━━━━━━━━━━━ 11.9/11.9 MB 18.9 MB/s eta 0:00:00
  Downloading matplotlib-3.5.1-cp310-cp310-manylinux_2_17_x86_64.manylinux2014_x86_64.whl (11.9 MB)
     ━━━━━━━━━━━━━━━━━━━━━━━━━━━━━━━━━━━━━━━━ 11.9/11.9 MB 18.9 MB/s eta 0:00:00
  Downloading matplotlib-3.5.0-cp310-cp310-manylinux_2_17_x86_64.manylinux2014_x86_64.whl (11.9 MB)
     ━━━━━━━━━━━━━━━━━━━━━━━━━━━━━━━━━━━━━━━━ 11.9/11.9 MB 13.9 MB/s eta 0:00:00
  Downloading matplotlib-3.4.3.tar.gz (37.9 MB)
     ━━━━━━━━━━━━━━━━━━━━━━━━━━━━━━━━━━━━━━━━ 37.9/37.9 MB 17.8 MB/s eta 0:00:00
  Preparing metadata (setup.py): started
  Preparing metadata (setup.py): finished with status 'done'
Collecting pillow>=6.2.0 (from matplotlib>=1.3.1->-r doc-requirements.txt (line 6))
  Using cached Pillow-10.1.0-cp310-cp310-manylinux_2_28_x86_64.whl.metadata (9.5 kB)
Collecting python-dateutil>=2.7 (from matplotlib>=1.3.1->-r doc-requirements.txt (line 6))
  Using cached python_dateutil-2.8.2-py2.py3-none-any.whl (247 kB)
Collecting MarkupSafe>=2.0 (from Jinja2>=2.3->sphinx<3->-r doc-requirements.txt (line 3))
  Using cached MarkupSafe-2.1.3-cp310-cp310-manylinux_2_17_x86_64.manylinux2014_x86_64.whl.metadata (3.0 kB)
Collecting charset-normalizer<4,>=2 (from requests>=2.5.0->sphinx<3->-r doc-requirements.txt (line 3))
  Using cached charset_normalizer-3.3.2-cp310-cp310-manylinux_2_17_x86_64.manylinux2014_x86_64.whl.metadata (33 kB)
Collecting idna<4,>=2.5 (from requests>=2.5.0->sphinx<3->-r doc-requirements.txt (line 3))
  Using cached idna-3.4-py3-none-any.whl (61 kB)
Collecting urllib3<3,>=1.21.1 (from requests>=2.5.0->sphinx<3->-r doc-requirements.txt (line 3))
  Using cached urllib3-2.1.0-py3-none-any.whl.metadata (6.4 kB)
Collecting certifi>=2017.4.17 (from requests>=2.5.0->sphinx<3->-r doc-requirements.txt (line 3))
  Using cached certifi-2023.11.17-py3-none-any.whl.metadata (2.2 kB)
INFO: pip is looking at multiple versions of sphinxcontrib-applehelp to determine which version is compatible with other requirements. This could take a while.
Collecting sphinxcontrib-applehelp (from sphinx<3->-r doc-requirements.txt (line 3))
  Using cached sphinxcontrib_applehelp-1.0.6-py3-none-any.whl.metadata (2.2 kB)
  Using cached sphinxcontrib_applehelp-1.0.5-py3-none-any.whl.metadata (2.2 kB)
  Using cached sphinxcontrib_applehelp-1.0.4-py3-none-any.whl (120 kB)
INFO: pip is looking at multiple versions of sphinxcontrib-devhelp to determine which version is compatible with other requirements. This could take a while.
Collecting sphinxcontrib-devhelp (from sphinx<3->-r doc-requirements.txt (line 3))
  Using cached sphinxcontrib_devhelp-1.0.4-py3-none-any.whl.metadata (2.2 kB)
  Using cached sphinxcontrib_devhelp-1.0.3-py3-none-any.whl.metadata (2.2 kB)
  Using cached sphinxcontrib_devhelp-1.0.2-py2.py3-none-any.whl (84 kB)
INFO: pip is looking at multiple versions of sphinxcontrib-htmlhelp to determine which version is compatible with other requirements. This could take a while.
Collecting sphinxcontrib-htmlhelp (from sphinx<3->-r doc-requirements.txt (line 3))
  Using cached sphinxcontrib_htmlhelp-2.0.3-py3-none-any.whl.metadata (2.2 kB)
  Using cached sphinxcontrib_htmlhelp-2.0.2-py3-none-any.whl.metadata (2.2 kB)
  Using cached sphinxcontrib_htmlhelp-2.0.1-py3-none-any.whl (99 kB)
INFO: pip is looking at multiple versions of sphinxcontrib-qthelp to determine which version is compatible with other requirements. This could take a while.
Collecting sphinxcontrib-qthelp (from sphinx<3->-r doc-requirements.txt (line 3))
  Using cached sphinxcontrib_qthelp-1.0.5-py3-none-any.whl.metadata (2.2 kB)
  Using cached sphinxcontrib_qthelp-1.0.4-py3-none-any.whl.metadata (2.2 kB)
  Using cached sphinxcontrib_qthelp-1.0.3-py2.py3-none-any.whl (90 kB)
INFO: pip is looking at multiple versions of sphinxcontrib-serializinghtml to determine which version is compatible with other requirements. This could take a while.
Collecting sphinxcontrib-serializinghtml (from sphinx<3->-r doc-requirements.txt (line 3))
  Using cached sphinxcontrib_serializinghtml-1.1.8-py3-none-any.whl.metadata (2.3 kB)
  Using cached sphinxcontrib_serializinghtml-1.1.7-py3-none-any.whl.metadata (2.3 kB)
  Using cached sphinxcontrib_serializinghtml-1.1.6-py3-none-any.whl.metadata (2.3 kB)
  Using cached sphinxcontrib_serializinghtml-1.1.5-py2.py3-none-any.whl (94 kB)
Using cached mock-5.1.0-py3-none-any.whl (30 kB)
Using cached pytest-7.4.3-py3-none-any.whl (325 kB)
Using cached Babel-2.13.1-py3-none-any.whl (10.1 MB)
Using cached cycler-0.12.1-py3-none-any.whl (8.3 kB)
Using cached exceptiongroup-1.2.0-py3-none-any.whl (16 kB)
Using cached kiwisolver-1.4.5-cp310-cp310-manylinux_2_12_x86_64.manylinux2010_x86_64.whl (1.6 MB)
Using cached Pillow-10.1.0-cp310-cp310-manylinux_2_28_x86_64.whl (3.6 MB)
Using cached pluggy-1.3.0-py3-none-any.whl (18 kB)
Using cached pygments-2.17.2-py3-none-any.whl (1.2 MB)
Using cached pyparsing-3.1.1-py3-none-any.whl (103 kB)
Using cached requests-2.31.0-py3-none-any.whl (62 kB)
Using cached certifi-2023.11.17-py3-none-any.whl (162 kB)
Using cached charset_normalizer-3.3.2-cp310-cp310-manylinux_2_17_x86_64.manylinux2014_x86_64.whl (142 kB)
Using cached MarkupSafe-2.1.3-cp310-cp310-manylinux_2_17_x86_64.manylinux2014_x86_64.whl (25 kB)
Using cached urllib3-2.1.0-py3-none-any.whl (104 kB)
Building wheels for collected packages: numpy, texext, matplotlib
  Building wheel for numpy (setup.py): started
  Building wheel for numpy (setup.py): still running...
  Building wheel for numpy (setup.py): finished with status 'error'
  error: subprocess-exited-with-error
  
  × python setup.py bdist_wheel did not run successfully.
  │ exit code: 1
  ╰─> [2760 lines of output]
      Running from numpy source directory.
      blas_opt_info:
      blas_mkl_info:
      customize UnixCCompiler
        libraries mkl_rt not found in ['/workdir/nibabel-4.0.2/.tox/cpythonlibtest-unit-test-tests/lib', '/usr/local/lib64', '/usr/local/lib', '/usr/lib64', '/usr/lib', '/usr/lib/']
        NOT AVAILABLE
      
      blis_info:
      customize UnixCCompiler
        libraries blis not found in ['/workdir/nibabel-4.0.2/.tox/cpythonlibtest-unit-test-tests/lib', '/usr/local/lib64', '/usr/local/lib', '/usr/lib64', '/usr/lib', '/usr/lib/']
        NOT AVAILABLE
      
      openblas_info:
      customize UnixCCompiler
      customize UnixCCompiler
      customize UnixCCompiler
        FOUND:
          libraries = ['openblas', 'openblas']
          library_dirs = ['/usr/lib64']
          language = c
          define_macros = [('HAVE_CBLAS', None)]
      
        FOUND:
          libraries = ['openblas', 'openblas']
          library_dirs = ['/usr/lib64']
          language = c
          define_macros = [('HAVE_CBLAS', None)]
      
      /bin/sh: svnversion: command not found
      non-existing path in 'numpy/distutils': 'site.cfg'
      lapack_opt_info:
      lapack_mkl_info:
      customize UnixCCompiler
        libraries mkl_rt not found in ['/workdir/nibabel-4.0.2/.tox/cpythonlibtest-unit-test-tests/lib', '/usr/local/lib64', '/usr/local/lib', '/usr/lib64', '/usr/lib', '/usr/lib/']
        NOT AVAILABLE
      
      openblas_lapack_info:
      customize UnixCCompiler
      customize UnixCCompiler
      customize UnixCCompiler
      C compiler: gcc -pthread -Wno-unused-result -Wsign-compare -DNDEBUG -g -fwrapv -O3 -Wall -fPIC
      
      creating /tmp/tmpmk8rjoya/tmp
      creating /tmp/tmpmk8rjoya/tmp/tmpmk8rjoya
      compile options: '-c'
      gcc: /tmp/tmpmk8rjoya/source.c
      gcc -pthread /tmp/tmpmk8rjoya/tmp/tmpmk8rjoya/source.o -L/usr/lib64 -lopenblas -o /tmp/tmpmk8rjoya/a.out
      customize UnixCCompiler
        FOUND:
          libraries = ['openblas', 'openblas']
          library_dirs = ['/usr/lib64']
          language = c
          define_macros = [('HAVE_CBLAS', None)]
      
        FOUND:
          libraries = ['openblas', 'openblas']
          library_dirs = ['/usr/lib64']
          language = c
          define_macros = [('HAVE_CBLAS', None)]
      
      non-existing path in 'numpy/random': 'src/splitmix64/splitmix.h'
      /workdir/nibabel-4.0.2/.tox/cpythonlibtest-unit-test-tests/lib/python3.10/site-packages/setuptools/_distutils/dist.py:265: UserWarning: Unknown distribution option: 'define_macros'
        warnings.warn(msg)
      running bdist_wheel
      running build
      running config_cc
      unifing config_cc, config, build_clib, build_ext, build commands --compiler options
      running config_fc
      unifing config_fc, config, build_clib, build_ext, build commands --fcompiler options
      running build_src
      build_src
      building py_modules sources
      creating build
      creating build/src.linux-x86_64-3.1
      creating build/src.linux-x86_64-3.1/numpy
      creating build/src.linux-x86_64-3.1/numpy/distutils
      building library "npymath" sources
      get_default_fcompiler: matching types: '['gnu95', 'intel', 'lahey', 'pg', 'absoft', 'nag', 'vast', 'compaq', 'intele', 'intelem', 'gnu', 'g95', 'pathf95', 'nagfor']'
      customize Gnu95FCompiler
      Found executable /usr/bin/gfortran
      customize Gnu95FCompiler
      customize Gnu95FCompiler using config
      C compiler: gcc -pthread -Wno-unused-result -Wsign-compare -DNDEBUG -g -fwrapv -O3 -Wall -fPIC
      
      compile options: '-Inumpy/core/src/common -Inumpy/core/src -Inumpy/core -Inumpy/core/src/npymath -Inumpy/core/src/multiarray -Inumpy/core/src/umath -Inumpy/core/src/npysort -I/workdir/nibabel-4.0.2/.tox/cpythonlibtest-unit-test-tests/include -I/usr/local/include/python3.10 -c'
      gcc: _configtest.c
      gcc -pthread _configtest.o -o _configtest
      success!
      removing: _configtest.c _configtest.o _configtest.o.d _configtest
      C compiler: gcc -pthread -Wno-unused-result -Wsign-compare -DNDEBUG -g -fwrapv -O3 -Wall -fPIC
      
      compile options: '-Inumpy/core/src/common -Inumpy/core/src -Inumpy/core -Inumpy/core/src/npymath -Inumpy/core/src/multiarray -Inumpy/core/src/umath -Inumpy/core/src/npysort -I/workdir/nibabel-4.0.2/.tox/cpythonlibtest-unit-test-tests/include -I/usr/local/include/python3.10 -c'
      gcc: _configtest.c
      _configtest.c:1:5: warning: conflicting types for built-in function ‘exp’ [-Wbuiltin-declaration-mismatch]
       int exp (void);
           ^~~
      gcc -pthread _configtest.o -o _configtest
      _configtest.o: In function `main':
      /tmp/pip-install-395hjhwa/numpy_5f78170c152b42539cc80e03aa5fa9b2/_configtest.c:6: undefined reference to `exp'
      collect2: error: ld returned 1 exit status
      failure.
      removing: _configtest.c _configtest.o _configtest.o.d
      C compiler: gcc -pthread -Wno-unused-result -Wsign-compare -DNDEBUG -g -fwrapv -O3 -Wall -fPIC
      
      compile options: '-Inumpy/core/src/common -Inumpy/core/src -Inumpy/core -Inumpy/core/src/npymath -Inumpy/core/src/multiarray -Inumpy/core/src/umath -Inumpy/core/src/npysort -I/workdir/nibabel-4.0.2/.tox/cpythonlibtest-unit-test-tests/include -I/usr/local/include/python3.10 -c'
      gcc: _configtest.c
      _configtest.c:1:5: warning: conflicting types for built-in function ‘exp’ [-Wbuiltin-declaration-mismatch]
       int exp (void);
           ^~~
      gcc -pthread _configtest.o -lm -o _configtest
      success!
      removing: _configtest.c _configtest.o _configtest.o.d _configtest
      creating build/src.linux-x86_64-3.1/numpy/core
      creating build/src.linux-x86_64-3.1/numpy/core/src
      creating build/src.linux-x86_64-3.1/numpy/core/src/npymath
      conv_template:> build/src.linux-x86_64-3.1/numpy/core/src/npymath/npy_math_internal.h
        adding 'build/src.linux-x86_64-3.1/numpy/core/src/npymath' to include_dirs.
      conv_template:> build/src.linux-x86_64-3.1/numpy/core/src/npymath/ieee754.c
      conv_template:> build/src.linux-x86_64-3.1/numpy/core/src/npymath/npy_math_complex.c
      None - nothing done with h_files = ['build/src.linux-x86_64-3.1/numpy/core/src/npymath/npy_math_internal.h']
      building library "npysort" sources
      creating build/src.linux-x86_64-3.1/numpy/core/src/common
      conv_template:> build/src.linux-x86_64-3.1/numpy/core/src/common/npy_sort.h
        adding 'build/src.linux-x86_64-3.1/numpy/core/src/common' to include_dirs.
      creating build/src.linux-x86_64-3.1/numpy/core/src/npysort
      conv_template:> build/src.linux-x86_64-3.1/numpy/core/src/npysort/quicksort.c
      conv_template:> build/src.linux-x86_64-3.1/numpy/core/src/npysort/mergesort.c
      conv_template:> build/src.linux-x86_64-3.1/numpy/core/src/npysort/timsort.c
      conv_template:> build/src.linux-x86_64-3.1/numpy/core/src/npysort/heapsort.c
      conv_template:> build/src.linux-x86_64-3.1/numpy/core/src/npysort/radixsort.c
      conv_template:> build/src.linux-x86_64-3.1/numpy/core/src/common/npy_partition.h
      conv_template:> build/src.linux-x86_64-3.1/numpy/core/src/npysort/selection.c
      conv_template:> build/src.linux-x86_64-3.1/numpy/core/src/common/npy_binsearch.h
      conv_template:> build/src.linux-x86_64-3.1/numpy/core/src/npysort/binsearch.c
      None - nothing done with h_files = ['build/src.linux-x86_64-3.1/numpy/core/src/common/npy_sort.h', 'build/src.linux-x86_64-3.1/numpy/core/src/common/npy_partition.h', 'build/src.linux-x86_64-3.1/numpy/core/src/common/npy_binsearch.h']
      building extension "numpy.core._dummy" sources
      Generating build/src.linux-x86_64-3.1/numpy/core/include/numpy/config.h
      C compiler: gcc -pthread -Wno-unused-result -Wsign-compare -DNDEBUG -g -fwrapv -O3 -Wall -fPIC
      
      compile options: '-Inumpy/core/src/common -Inumpy/core/src -Inumpy/core -Inumpy/core/src/npymath -Inumpy/core/src/multiarray -Inumpy/core/src/umath -Inumpy/core/src/npysort -I/workdir/nibabel-4.0.2/.tox/cpythonlibtest-unit-test-tests/include -I/usr/local/include/python3.10 -c'
      gcc: _configtest.c
      success!
      removing: _configtest.c _configtest.o _configtest.o.d
      C compiler: gcc -pthread -Wno-unused-result -Wsign-compare -DNDEBUG -g -fwrapv -O3 -Wall -fPIC
      
      compile options: '-Inumpy/core/src/common -Inumpy/core/src -Inumpy/core -Inumpy/core/src/npymath -Inumpy/core/src/multiarray -Inumpy/core/src/umath -Inumpy/core/src/npysort -I/workdir/nibabel-4.0.2/.tox/cpythonlibtest-unit-test-tests/include -I/usr/local/include/python3.10 -c'
      gcc: _configtest.c
      success!
      removing: _configtest.c _configtest.o _configtest.o.d
      C compiler: gcc -pthread -Wno-unused-result -Wsign-compare -DNDEBUG -g -fwrapv -O3 -Wall -fPIC
      
      compile options: '-Inumpy/core/src/common -Inumpy/core/src -Inumpy/core -Inumpy/core/src/npymath -Inumpy/core/src/multiarray -Inumpy/core/src/umath -Inumpy/core/src/npysort -I/workdir/nibabel-4.0.2/.tox/cpythonlibtest-unit-test-tests/include -I/usr/local/include/python3.10 -c'
      gcc: _configtest.c
      _configtest.c:1:10: fatal error: sys/endian.h: No such file or directory
       #include <sys/endian.h>
                ^~~~~~~~~~~~~~
      compilation terminated.
      failure.
      removing: _configtest.c _configtest.o
      C compiler: gcc -pthread -Wno-unused-result -Wsign-compare -DNDEBUG -g -fwrapv -O3 -Wall -fPIC
      
      compile options: '-Inumpy/core/src/common -Inumpy/core/src -Inumpy/core -Inumpy/core/src/npymath -Inumpy/core/src/multiarray -Inumpy/core/src/umath -Inumpy/core/src/npysort -I/workdir/nibabel-4.0.2/.tox/cpythonlibtest-unit-test-tests/include -I/usr/local/include/python3.10 -c'
      gcc: _configtest.c
      success!
      removing: _configtest.c _configtest.o _configtest.o.d
      C compiler: gcc -pthread -Wno-unused-result -Wsign-compare -DNDEBUG -g -fwrapv -O3 -Wall -fPIC
      
      compile options: '-Inumpy/core/src/common -Inumpy/core/src -Inumpy/core -Inumpy/core/src/npymath -Inumpy/core/src/multiarray -Inumpy/core/src/umath -Inumpy/core/src/npysort -I/workdir/nibabel-4.0.2/.tox/cpythonlibtest-unit-test-tests/include -I/usr/local/include/python3.10 -c'
      gcc: _configtest.c
      success!
      removing: _configtest.c _configtest.o _configtest.o.d
      C compiler: gcc -pthread -Wno-unused-result -Wsign-compare -DNDEBUG -g -fwrapv -O3 -Wall -fPIC
      
      compile options: '-Inumpy/core/src/common -Inumpy/core/src -Inumpy/core -Inumpy/core/src/npymath -Inumpy/core/src/multiarray -Inumpy/core/src/umath -Inumpy/core/src/npysort -I/workdir/nibabel-4.0.2/.tox/cpythonlibtest-unit-test-tests/include -I/usr/local/include/python3.10 -c'
      gcc: _configtest.c
      success!
      removing: _configtest.c _configtest.o _configtest.o.d
      C compiler: gcc -pthread -Wno-unused-result -Wsign-compare -DNDEBUG -g -fwrapv -O3 -Wall -fPIC
      
      compile options: '-Inumpy/core/src/common -Inumpy/core/src -Inumpy/core -Inumpy/core/src/npymath -Inumpy/core/src/multiarray -Inumpy/core/src/umath -Inumpy/core/src/npysort -I/workdir/nibabel-4.0.2/.tox/cpythonlibtest-unit-test-tests/include -I/usr/local/include/python3.10 -c'
      gcc: _configtest.c
      success!
      removing: _configtest.c _configtest.o _configtest.o.d
      C compiler: gcc -pthread -Wno-unused-result -Wsign-compare -DNDEBUG -g -fwrapv -O3 -Wall -fPIC
      
      compile options: '-Inumpy/core/src/common -Inumpy/core/src -Inumpy/core -Inumpy/core/src/npymath -Inumpy/core/src/multiarray -Inumpy/core/src/umath -Inumpy/core/src/npysort -I/workdir/nibabel-4.0.2/.tox/cpythonlibtest-unit-test-tests/include -I/usr/local/include/python3.10 -c'
      gcc: _configtest.c
      _configtest.c: In function ‘main’:
      _configtest.c:5:16: warning: variable ‘test_array’ set but not used [-Wunused-but-set-variable]
           static int test_array [1 - 2 * !(((long) (sizeof (npy_check_sizeof_type))) >= 0)];
                      ^~~~~~~~~~
      removing: _configtest.c _configtest.o _configtest.o.d
      C compiler: gcc -pthread -Wno-unused-result -Wsign-compare -DNDEBUG -g -fwrapv -O3 -Wall -fPIC
      
      compile options: '-Inumpy/core/src/common -Inumpy/core/src -Inumpy/core -Inumpy/core/src/npymath -Inumpy/core/src/multiarray -Inumpy/core/src/umath -Inumpy/core/src/npysort -I/workdir/nibabel-4.0.2/.tox/cpythonlibtest-unit-test-tests/include -I/usr/local/include/python3.10 -c'
      gcc: _configtest.c
      _configtest.c: In function ‘main’:
      _configtest.c:5:16: warning: variable ‘test_array’ set but not used [-Wunused-but-set-variable]
           static int test_array [1 - 2 * !(((long) (sizeof (npy_check_sizeof_type))) == 4)];
                      ^~~~~~~~~~
      removing: _configtest.c _configtest.o _configtest.o.d
      C compiler: gcc -pthread -Wno-unused-result -Wsign-compare -DNDEBUG -g -fwrapv -O3 -Wall -fPIC
      
      compile options: '-Inumpy/core/src/common -Inumpy/core/src -Inumpy/core -Inumpy/core/src/npymath -Inumpy/core/src/multiarray -Inumpy/core/src/umath -Inumpy/core/src/npysort -I/workdir/nibabel-4.0.2/.tox/cpythonlibtest-unit-test-tests/include -I/usr/local/include/python3.10 -c'
      gcc: _configtest.c
      _configtest.c: In function ‘main’:
      _configtest.c:5:16: warning: variable ‘test_array’ set but not used [-Wunused-but-set-variable]
           static int test_array [1 - 2 * !(((long) (sizeof (npy_check_sizeof_type))) >= 0)];
                      ^~~~~~~~~~
      removing: _configtest.c _configtest.o _configtest.o.d
      C compiler: gcc -pthread -Wno-unused-result -Wsign-compare -DNDEBUG -g -fwrapv -O3 -Wall -fPIC
      
      compile options: '-Inumpy/core/src/common -Inumpy/core/src -Inumpy/core -Inumpy/core/src/npymath -Inumpy/core/src/multiarray -Inumpy/core/src/umath -Inumpy/core/src/npysort -I/workdir/nibabel-4.0.2/.tox/cpythonlibtest-unit-test-tests/include -I/usr/local/include/python3.10 -c'
      gcc: _configtest.c
      _configtest.c: In function ‘main’:
      _configtest.c:5:16: warning: variable ‘test_array’ set but not used [-Wunused-but-set-variable]
           static int test_array [1 - 2 * !(((long) (sizeof (npy_check_sizeof_type))) == 8)];
                      ^~~~~~~~~~
      removing: _configtest.c _configtest.o _configtest.o.d
      C compiler: gcc -pthread -Wno-unused-result -Wsign-compare -DNDEBUG -g -fwrapv -O3 -Wall -fPIC
      
      compile options: '-Inumpy/core/src/common -Inumpy/core/src -Inumpy/core -Inumpy/core/src/npymath -Inumpy/core/src/multiarray -Inumpy/core/src/umath -Inumpy/core/src/npysort -I/workdir/nibabel-4.0.2/.tox/cpythonlibtest-unit-test-tests/include -I/usr/local/include/python3.10 -c'
      gcc: _configtest.c
      success!
      removing: _configtest.c _configtest.o _configtest.o.d
      C compiler: gcc -pthread -Wno-unused-result -Wsign-compare -DNDEBUG -g -fwrapv -O3 -Wall -fPIC
      
      compile options: '-Inumpy/core/src/common -Inumpy/core/src -Inumpy/core -Inumpy/core/src/npymath -Inumpy/core/src/multiarray -Inumpy/core/src/umath -Inumpy/core/src/npysort -I/workdir/nibabel-4.0.2/.tox/cpythonlibtest-unit-test-tests/include -I/usr/local/include/python3.10 -c'
      gcc: _configtest.c
      _configtest.c: In function ‘main’:
      _configtest.c:5:16: warning: variable ‘test_array’ set but not used [-Wunused-but-set-variable]
           static int test_array [1 - 2 * !(((long) (sizeof (npy_check_sizeof_type))) >= 0)];
                      ^~~~~~~~~~
      removing: _configtest.c _configtest.o _configtest.o.d
      C compiler: gcc -pthread -Wno-unused-result -Wsign-compare -DNDEBUG -g -fwrapv -O3 -Wall -fPIC
      
      compile options: '-Inumpy/core/src/common -Inumpy/core/src -Inumpy/core -Inumpy/core/src/npymath -Inumpy/core/src/multiarray -Inumpy/core/src/umath -Inumpy/core/src/npysort -I/workdir/nibabel-4.0.2/.tox/cpythonlibtest-unit-test-tests/include -I/usr/local/include/python3.10 -c'
      gcc: _configtest.c
      _configtest.c: In function ‘main’:
      _configtest.c:5:16: warning: variable ‘test_array’ set but not used [-Wunused-but-set-variable]
           static int test_array [1 - 2 * !(((long) (sizeof (npy_check_sizeof_type))) == 8)];
                      ^~~~~~~~~~
      removing: _configtest.c _configtest.o _configtest.o.d
      C compiler: gcc -pthread -Wno-unused-result -Wsign-compare -DNDEBUG -g -fwrapv -O3 -Wall -fPIC
      
      compile options: '-Inumpy/core/src/common -Inumpy/core/src -Inumpy/core -Inumpy/core/src/npymath -Inumpy/core/src/multiarray -Inumpy/core/src/umath -Inumpy/core/src/npysort -I/workdir/nibabel-4.0.2/.tox/cpythonlibtest-unit-test-tests/include -I/usr/local/include/python3.10 -c'
      gcc: _configtest.c
      _configtest.c: In function ‘main’:
      _configtest.c:5:16: warning: variable ‘test_array’ set but not used [-Wunused-but-set-variable]
           static int test_array [1 - 2 * !(((long) (sizeof (npy_check_sizeof_type))) >= 0)];
                      ^~~~~~~~~~
      removing: _configtest.c _configtest.o _configtest.o.d
      C compiler: gcc -pthread -Wno-unused-result -Wsign-compare -DNDEBUG -g -fwrapv -O3 -Wall -fPIC
      
      compile options: '-Inumpy/core/src/common -Inumpy/core/src -Inumpy/core -Inumpy/core/src/npymath -Inumpy/core/src/multiarray -Inumpy/core/src/umath -Inumpy/core/src/npysort -I/workdir/nibabel-4.0.2/.tox/cpythonlibtest-unit-test-tests/include -I/usr/local/include/python3.10 -c'
      gcc: _configtest.c
      _configtest.c: In function ‘main’:
      _configtest.c:5:16: warning: variable ‘test_array’ set but not used [-Wunused-but-set-variable]
           static int test_array [1 - 2 * !(((long) (sizeof (npy_check_sizeof_type))) == 16)];
                      ^~~~~~~~~~
      removing: _configtest.c _configtest.o _configtest.o.d
      C compiler: gcc -pthread -Wno-unused-result -Wsign-compare -DNDEBUG -g -fwrapv -O3 -Wall -fPIC
      
      compile options: '-Inumpy/core/src/common -Inumpy/core/src -Inumpy/core -Inumpy/core/src/npymath -Inumpy/core/src/multiarray -Inumpy/core/src/umath -Inumpy/core/src/npysort -I/workdir/nibabel-4.0.2/.tox/cpythonlibtest-unit-test-tests/include -I/usr/local/include/python3.10 -c'
      gcc: _configtest.c
      _configtest.c: In function ‘main’:
      _configtest.c:7:12: error: ‘SIZEOF_LONGDOUBLE’ undeclared (first use in this function); did you mean ‘SIZEOF_LONG_DOUBLE’?
           (void) SIZEOF_LONGDOUBLE;
                  ^~~~~~~~~~~~~~~~~
                  SIZEOF_LONG_DOUBLE
      _configtest.c:7:12: note: each undeclared identifier is reported only once for each function it appears in
      failure.
      removing: _configtest.c _configtest.o
      C compiler: gcc -pthread -Wno-unused-result -Wsign-compare -DNDEBUG -g -fwrapv -O3 -Wall -fPIC
      
      compile options: '-Inumpy/core/src/common -Inumpy/core/src -Inumpy/core -Inumpy/core/src/npymath -Inumpy/core/src/multiarray -Inumpy/core/src/umath -Inumpy/core/src/npysort -I/workdir/nibabel-4.0.2/.tox/cpythonlibtest-unit-test-tests/include -I/usr/local/include/python3.10 -c'
      gcc: _configtest.c
      _configtest.c: In function ‘main’:
      _configtest.c:5:16: warning: variable ‘test_array’ set but not used [-Wunused-but-set-variable]
           static int test_array [1 - 2 * !(((long) (sizeof (npy_check_sizeof_type))) >= 0)];
                      ^~~~~~~~~~
      removing: _configtest.c _configtest.o _configtest.o.d
      C compiler: gcc -pthread -Wno-unused-result -Wsign-compare -DNDEBUG -g -fwrapv -O3 -Wall -fPIC
      
      compile options: '-Inumpy/core/src/common -Inumpy/core/src -Inumpy/core -Inumpy/core/src/npymath -Inumpy/core/src/multiarray -Inumpy/core/src/umath -Inumpy/core/src/npysort -I/workdir/nibabel-4.0.2/.tox/cpythonlibtest-unit-test-tests/include -I/usr/local/include/python3.10 -c'
      gcc: _configtest.c
      _configtest.c: In function ‘main’:
      _configtest.c:5:16: warning: variable ‘test_array’ set but not used [-Wunused-but-set-variable]
           static int test_array [1 - 2 * !(((long) (sizeof (npy_check_sizeof_type))) == 16)];
                      ^~~~~~~~~~
      removing: _configtest.c _configtest.o _configtest.o.d
      C compiler: gcc -pthread -Wno-unused-result -Wsign-compare -DNDEBUG -g -fwrapv -O3 -Wall -fPIC
      
      compile options: '-Inumpy/core/src/common -Inumpy/core/src -Inumpy/core -Inumpy/core/src/npymath -Inumpy/core/src/multiarray -Inumpy/core/src/umath -Inumpy/core/src/npysort -I/workdir/nibabel-4.0.2/.tox/cpythonlibtest-unit-test-tests/include -I/usr/local/include/python3.10 -c'
      gcc: _configtest.c
      _configtest.c: In function ‘main’:
      _configtest.c:5:16: warning: variable ‘test_array’ set but not used [-Wunused-but-set-variable]
           static int test_array [1 - 2 * !(((long) (sizeof (npy_check_sizeof_type))) >= 0)];
                      ^~~~~~~~~~
      removing: _configtest.c _configtest.o _configtest.o.d
      C compiler: gcc -pthread -Wno-unused-result -Wsign-compare -DNDEBUG -g -fwrapv -O3 -Wall -fPIC
      
      compile options: '-Inumpy/core/src/common -Inumpy/core/src -Inumpy/core -Inumpy/core/src/npymath -Inumpy/core/src/multiarray -Inumpy/core/src/umath -Inumpy/core/src/npysort -I/workdir/nibabel-4.0.2/.tox/cpythonlibtest-unit-test-tests/include -I/usr/local/include/python3.10 -c'
      gcc: _configtest.c
      _configtest.c: In function ‘main’:
      _configtest.c:5:16: warning: variable ‘test_array’ set but not used [-Wunused-but-set-variable]
           static int test_array [1 - 2 * !(((long) (sizeof (npy_check_sizeof_type))) == 32)];
                      ^~~~~~~~~~
      removing: _configtest.c _configtest.o _configtest.o.d
      C compiler: gcc -pthread -Wno-unused-result -Wsign-compare -DNDEBUG -g -fwrapv -O3 -Wall -fPIC
      
      compile options: '-Inumpy/core/src/common -Inumpy/core/src -Inumpy/core -Inumpy/core/src/npymath -Inumpy/core/src/multiarray -Inumpy/core/src/umath -Inumpy/core/src/npysort -I/workdir/nibabel-4.0.2/.tox/cpythonlibtest-unit-test-tests/include -I/usr/local/include/python3.10 -c'
      gcc: _configtest.c
      _configtest.c: In function ‘main’:
      _configtest.c:7:16: warning: variable ‘test_array’ set but not used [-Wunused-but-set-variable]
           static int test_array [1 - 2 * !(((long) (sizeof (npy_check_sizeof_type))) >= 0)];
                      ^~~~~~~~~~
      removing: _configtest.c _configtest.o _configtest.o.d
      C compiler: gcc -pthread -Wno-unused-result -Wsign-compare -DNDEBUG -g -fwrapv -O3 -Wall -fPIC
      
      compile options: '-Inumpy/core/src/common -Inumpy/core/src -Inumpy/core -Inumpy/core/src/npymath -Inumpy/core/src/multiarray -Inumpy/core/src/umath -Inumpy/core/src/npysort -I/workdir/nibabel-4.0.2/.tox/cpythonlibtest-unit-test-tests/include -I/usr/local/include/python3.10 -c'
      gcc: _configtest.c
      _configtest.c: In function ‘main’:
      _configtest.c:7:16: warning: variable ‘test_array’ set but not used [-Wunused-but-set-variable]
           static int test_array [1 - 2 * !(((long) (sizeof (npy_check_sizeof_type))) == 8)];
                      ^~~~~~~~~~
      removing: _configtest.c _configtest.o _configtest.o.d
      C compiler: gcc -pthread -Wno-unused-result -Wsign-compare -DNDEBUG -g -fwrapv -O3 -Wall -fPIC
      
      compile options: '-Inumpy/core/src/common -Inumpy/core/src -Inumpy/core -Inumpy/core/src/npymath -Inumpy/core/src/multiarray -Inumpy/core/src/umath -Inumpy/core/src/npysort -I/workdir/nibabel-4.0.2/.tox/cpythonlibtest-unit-test-tests/include -I/usr/local/include/python3.10 -c'
      gcc: _configtest.c
      _configtest.c: In function ‘main’:
      _configtest.c:7:16: warning: variable ‘test_array’ set but not used [-Wunused-but-set-variable]
           static int test_array [1 - 2 * !(((long) (sizeof (npy_check_sizeof_type))) >= 0)];
                      ^~~~~~~~~~
      removing: _configtest.c _configtest.o _configtest.o.d
      C compiler: gcc -pthread -Wno-unused-result -Wsign-compare -DNDEBUG -g -fwrapv -O3 -Wall -fPIC
      
      compile options: '-Inumpy/core/src/common -Inumpy/core/src -Inumpy/core -Inumpy/core/src/npymath -Inumpy/core/src/multiarray -Inumpy/core/src/umath -Inumpy/core/src/npysort -I/workdir/nibabel-4.0.2/.tox/cpythonlibtest-unit-test-tests/include -I/usr/local/include/python3.10 -c'
      gcc: _configtest.c
      _configtest.c: In function ‘main’:
      _configtest.c:7:16: warning: variable ‘test_array’ set but not used [-Wunused-but-set-variable]
           static int test_array [1 - 2 * !(((long) (sizeof (npy_check_sizeof_type))) == 8)];
                      ^~~~~~~~~~
      removing: _configtest.c _configtest.o _configtest.o.d
      C compiler: gcc -pthread -Wno-unused-result -Wsign-compare -DNDEBUG -g -fwrapv -O3 -Wall -fPIC
      
      compile options: '-Inumpy/core/src/common -Inumpy/core/src -Inumpy/core -Inumpy/core/src/npymath -Inumpy/core/src/multiarray -Inumpy/core/src/umath -Inumpy/core/src/npysort -I/workdir/nibabel-4.0.2/.tox/cpythonlibtest-unit-test-tests/include -I/usr/local/include/python3.10 -c'
      gcc: _configtest.c
      success!
      removing: _configtest.c _configtest.o _configtest.o.d
      C compiler: gcc -pthread -Wno-unused-result -Wsign-compare -DNDEBUG -g -fwrapv -O3 -Wall -fPIC
      
      compile options: '-Inumpy/core/src/common -Inumpy/core/src -Inumpy/core -Inumpy/core/src/npymath -Inumpy/core/src/multiarray -Inumpy/core/src/umath -Inumpy/core/src/npysort -I/workdir/nibabel-4.0.2/.tox/cpythonlibtest-unit-test-tests/include -I/usr/local/include/python3.10 -c'
      gcc: _configtest.c
      _configtest.c: In function ‘main’:
      _configtest.c:7:16: warning: variable ‘test_array’ set but not used [-Wunused-but-set-variable]
           static int test_array [1 - 2 * !(((long) (sizeof (npy_check_sizeof_type))) >= 0)];
                      ^~~~~~~~~~
      removing: _configtest.c _configtest.o _configtest.o.d
      C compiler: gcc -pthread -Wno-unused-result -Wsign-compare -DNDEBUG -g -fwrapv -O3 -Wall -fPIC
      
      compile options: '-Inumpy/core/src/common -Inumpy/core/src -Inumpy/core -Inumpy/core/src/npymath -Inumpy/core/src/multiarray -Inumpy/core/src/umath -Inumpy/core/src/npysort -I/workdir/nibabel-4.0.2/.tox/cpythonlibtest-unit-test-tests/include -I/usr/local/include/python3.10 -c'
      gcc: _configtest.c
      _configtest.c: In function ‘main’:
      _configtest.c:7:16: warning: variable ‘test_array’ set but not used [-Wunused-but-set-variable]
           static int test_array [1 - 2 * !(((long) (sizeof (npy_check_sizeof_type))) == 8)];
                      ^~~~~~~~~~
      removing: _configtest.c _configtest.o _configtest.o.d
      C compiler: gcc -pthread -Wno-unused-result -Wsign-compare -DNDEBUG -g -fwrapv -O3 -Wall -fPIC
      
      compile options: '-Inumpy/core/src/common -Inumpy/core/src -Inumpy/core -Inumpy/core/src/npymath -Inumpy/core/src/multiarray -Inumpy/core/src/umath -Inumpy/core/src/npysort -I/workdir/nibabel-4.0.2/.tox/cpythonlibtest-unit-test-tests/include -I/usr/local/include/python3.10 -c'
      gcc: _configtest.c
      _configtest.c: In function ‘main’:
      _configtest.c:5:16: warning: variable ‘test_array’ set but not used [-Wunused-but-set-variable]
           static int test_array [1 - 2 * !(((long) (sizeof (npy_check_sizeof_type))) >= 0)];
                      ^~~~~~~~~~
      removing: _configtest.c _configtest.o _configtest.o.d
      C compiler: gcc -pthread -Wno-unused-result -Wsign-compare -DNDEBUG -g -fwrapv -O3 -Wall -fPIC
      
      compile options: '-Inumpy/core/src/common -Inumpy/core/src -Inumpy/core -Inumpy/core/src/npymath -Inumpy/core/src/multiarray -Inumpy/core/src/umath -Inumpy/core/src/npysort -I/workdir/nibabel-4.0.2/.tox/cpythonlibtest-unit-test-tests/include -I/usr/local/include/python3.10 -c'
      gcc: _configtest.c
      _configtest.c: In function ‘main’:
      _configtest.c:5:16: warning: variable ‘test_array’ set but not used [-Wunused-but-set-variable]
           static int test_array [1 - 2 * !(((long) (sizeof (npy_check_sizeof_type))) == 8)];
                      ^~~~~~~~~~
      removing: _configtest.c _configtest.o _configtest.o.d
      C compiler: gcc -pthread -Wno-unused-result -Wsign-compare -DNDEBUG -g -fwrapv -O3 -Wall -fPIC
      
      compile options: '-Inumpy/core/src/common -Inumpy/core/src -Inumpy/core -Inumpy/core/src/npymath -Inumpy/core/src/multiarray -Inumpy/core/src/umath -Inumpy/core/src/npysort -I/workdir/nibabel-4.0.2/.tox/cpythonlibtest-unit-test-tests/include -I/usr/local/include/python3.10 -c'
      gcc: _configtest.c
      success!
      removing: _configtest.c _configtest.o _configtest.o.d
      C compiler: gcc -pthread -Wno-unused-result -Wsign-compare -DNDEBUG -g -fwrapv -O3 -Wall -fPIC
      
      compile options: '-Inumpy/core/src/common -Inumpy/core/src -Inumpy/core -Inumpy/core/src/npymath -Inumpy/core/src/multiarray -Inumpy/core/src/umath -Inumpy/core/src/npysort -I/workdir/nibabel-4.0.2/.tox/cpythonlibtest-unit-test-tests/include -I/usr/local/include/python3.10 -c'
      gcc: _configtest.c
      _configtest.c:1:5: warning: conflicting types for built-in function ‘exp’ [-Wbuiltin-declaration-mismatch]
       int exp (void);
           ^~~
      gcc -pthread _configtest.o -o _configtest
      _configtest.o: In function `main':
      /tmp/pip-install-395hjhwa/numpy_5f78170c152b42539cc80e03aa5fa9b2/_configtest.c:6: undefined reference to `exp'
      collect2: error: ld returned 1 exit status
      failure.
      removing: _configtest.c _configtest.o _configtest.o.d
      C compiler: gcc -pthread -Wno-unused-result -Wsign-compare -DNDEBUG -g -fwrapv -O3 -Wall -fPIC
      
      compile options: '-Inumpy/core/src/common -Inumpy/core/src -Inumpy/core -Inumpy/core/src/npymath -Inumpy/core/src/multiarray -Inumpy/core/src/umath -Inumpy/core/src/npysort -I/workdir/nibabel-4.0.2/.tox/cpythonlibtest-unit-test-tests/include -I/usr/local/include/python3.10 -c'
      gcc: _configtest.c
      _configtest.c:1:5: warning: conflicting types for built-in function ‘exp’ [-Wbuiltin-declaration-mismatch]
       int exp (void);
           ^~~
      gcc -pthread _configtest.o -lm -o _configtest
      success!
      removing: _configtest.c _configtest.o _configtest.o.d _configtest
      C compiler: gcc -pthread -Wno-unused-result -Wsign-compare -DNDEBUG -g -fwrapv -O3 -Wall -fPIC
      
      compile options: '-Inumpy/core/src/common -Inumpy/core/src -Inumpy/core -Inumpy/core/src/npymath -Inumpy/core/src/multiarray -Inumpy/core/src/umath -Inumpy/core/src/npysort -I/workdir/nibabel-4.0.2/.tox/cpythonlibtest-unit-test-tests/include -I/usr/local/include/python3.10 -c'
      gcc: _configtest.c
      _configtest.c:1:5: warning: conflicting types for built-in function ‘sin’ [-Wbuiltin-declaration-mismatch]
       int sin (void);
           ^~~
      _configtest.c:2:5: warning: conflicting types for built-in function ‘cos’ [-Wbuiltin-declaration-mismatch]
       int cos (void);
           ^~~
      _configtest.c:3:5: warning: conflicting types for built-in function ‘tan’ [-Wbuiltin-declaration-mismatch]
       int tan (void);
           ^~~
      _configtest.c:4:5: warning: conflicting types for built-in function ‘sinh’ [-Wbuiltin-declaration-mismatch]
       int sinh (void);
           ^~~~
      _configtest.c:5:5: warning: conflicting types for built-in function ‘cosh’ [-Wbuiltin-declaration-mismatch]
       int cosh (void);
           ^~~~
      _configtest.c:6:5: warning: conflicting types for built-in function ‘tanh’ [-Wbuiltin-declaration-mismatch]
       int tanh (void);
           ^~~~
      _configtest.c:7:5: warning: conflicting types for built-in function ‘fabs’ [-Wbuiltin-declaration-mismatch]
       int fabs (void);
           ^~~~
      _configtest.c:8:5: warning: conflicting types for built-in function ‘floor’ [-Wbuiltin-declaration-mismatch]
       int floor (void);
           ^~~~~
      _configtest.c:9:5: warning: conflicting types for built-in function ‘ceil’ [-Wbuiltin-declaration-mismatch]
       int ceil (void);
           ^~~~
      _configtest.c:10:5: warning: conflicting types for built-in function ‘sqrt’ [-Wbuiltin-declaration-mismatch]
       int sqrt (void);
           ^~~~
      _configtest.c:11:5: warning: conflicting types for built-in function ‘log10’ [-Wbuiltin-declaration-mismatch]
       int log10 (void);
           ^~~~~
      _configtest.c:12:5: warning: conflicting types for built-in function ‘log’ [-Wbuiltin-declaration-mismatch]
       int log (void);
           ^~~
      _configtest.c:13:5: warning: conflicting types for built-in function ‘exp’ [-Wbuiltin-declaration-mismatch]
       int exp (void);
           ^~~
      _configtest.c:14:5: warning: conflicting types for built-in function ‘asin’ [-Wbuiltin-declaration-mismatch]
       int asin (void);
           ^~~~
      _configtest.c:15:5: warning: conflicting types for built-in function ‘acos’ [-Wbuiltin-declaration-mismatch]
       int acos (void);
           ^~~~
      _configtest.c:16:5: warning: conflicting types for built-in function ‘atan’ [-Wbuiltin-declaration-mismatch]
       int atan (void);
           ^~~~
      _configtest.c:17:5: warning: conflicting types for built-in function ‘fmod’ [-Wbuiltin-declaration-mismatch]
       int fmod (void);
           ^~~~
      _configtest.c:18:5: warning: conflicting types for built-in function ‘modf’ [-Wbuiltin-declaration-mismatch]
       int modf (void);
           ^~~~
      _configtest.c:19:5: warning: conflicting types for built-in function ‘frexp’ [-Wbuiltin-declaration-mismatch]
       int frexp (void);
           ^~~~~
      _configtest.c:20:5: warning: conflicting types for built-in function ‘ldexp’ [-Wbuiltin-declaration-mismatch]
       int ldexp (void);
           ^~~~~
      gcc -pthread _configtest.o -lm -o _configtest
      success!
      removing: _configtest.c _configtest.o _configtest.o.d _configtest
      C compiler: gcc -pthread -Wno-unused-result -Wsign-compare -DNDEBUG -g -fwrapv -O3 -Wall -fPIC
      
      compile options: '-Inumpy/core/src/common -Inumpy/core/src -Inumpy/core -Inumpy/core/src/npymath -Inumpy/core/src/multiarray -Inumpy/core/src/umath -Inumpy/core/src/npysort -I/workdir/nibabel-4.0.2/.tox/cpythonlibtest-unit-test-tests/include -I/usr/local/include/python3.10 -c'
      gcc: _configtest.c
      success!
      removing: _configtest.c _configtest.o _configtest.o.d
      C compiler: gcc -pthread -Wno-unused-result -Wsign-compare -DNDEBUG -g -fwrapv -O3 -Wall -fPIC
      
      compile options: '-Inumpy/core/src/common -Inumpy/core/src -Inumpy/core -Inumpy/core/src/npymath -Inumpy/core/src/multiarray -Inumpy/core/src/umath -Inumpy/core/src/npysort -I/workdir/nibabel-4.0.2/.tox/cpythonlibtest-unit-test-tests/include -I/usr/local/include/python3.10 -c'
      gcc: _configtest.c
      success!
      removing: _configtest.c _configtest.o _configtest.o.d
      C compiler: gcc -pthread -Wno-unused-result -Wsign-compare -DNDEBUG -g -fwrapv -O3 -Wall -fPIC
      
      compile options: '-Inumpy/core/src/common -Inumpy/core/src -Inumpy/core -Inumpy/core/src/npymath -Inumpy/core/src/multiarray -Inumpy/core/src/umath -Inumpy/core/src/npysort -I/workdir/nibabel-4.0.2/.tox/cpythonlibtest-unit-test-tests/include -I/usr/local/include/python3.10 -c'
      gcc: _configtest.c
      success!
      removing: _configtest.c _configtest.o _configtest.o.d
      C compiler: gcc -pthread -Wno-unused-result -Wsign-compare -DNDEBUG -g -fwrapv -O3 -Wall -fPIC
      
      compile options: '-Inumpy/core/src/common -Inumpy/core/src -Inumpy/core -Inumpy/core/src/npymath -Inumpy/core/src/multiarray -Inumpy/core/src/umath -Inumpy/core/src/npysort -I/workdir/nibabel-4.0.2/.tox/cpythonlibtest-unit-test-tests/include -I/usr/local/include/python3.10 -c'
      gcc: _configtest.c
      success!
      removing: _configtest.c _configtest.o _configtest.o.d
      C compiler: gcc -pthread -Wno-unused-result -Wsign-compare -DNDEBUG -g -fwrapv -O3 -Wall -fPIC
      
      compile options: '-Inumpy/core/src/common -Inumpy/core/src -Inumpy/core -Inumpy/core/src/npymath -Inumpy/core/src/multiarray -Inumpy/core/src/umath -Inumpy/core/src/npysort -I/workdir/nibabel-4.0.2/.tox/cpythonlibtest-unit-test-tests/include -I/usr/local/include/python3.10 -c'
      gcc: _configtest.c
      success!
      removing: _configtest.c _configtest.o _configtest.o.d
      C compiler: gcc -pthread -Wno-unused-result -Wsign-compare -DNDEBUG -g -fwrapv -O3 -Wall -fPIC
      
      compile options: '-Inumpy/core/src/common -Inumpy/core/src -Inumpy/core -Inumpy/core/src/npymath -Inumpy/core/src/multiarray -Inumpy/core/src/umath -Inumpy/core/src/npysort -I/workdir/nibabel-4.0.2/.tox/cpythonlibtest-unit-test-tests/include -I/usr/local/include/python3.10 -c'
      gcc: _configtest.c
      success!
      removing: _configtest.c _configtest.o _configtest.o.d
      C compiler: gcc -pthread -Wno-unused-result -Wsign-compare -DNDEBUG -g -fwrapv -O3 -Wall -fPIC
      
      compile options: '-Inumpy/core/src/common -Inumpy/core/src -Inumpy/core -Inumpy/core/src/npymath -Inumpy/core/src/multiarray -Inumpy/core/src/umath -Inumpy/core/src/npysort -I/workdir/nibabel-4.0.2/.tox/cpythonlibtest-unit-test-tests/include -I/usr/local/include/python3.10 -c'
      gcc: _configtest.c
      success!
      removing: _configtest.c _configtest.o _configtest.o.d
      C compiler: gcc -pthread -Wno-unused-result -Wsign-compare -DNDEBUG -g -fwrapv -O3 -Wall -fPIC
      
      compile options: '-Inumpy/core/src/common -Inumpy/core/src -Inumpy/core -Inumpy/core/src/npymath -Inumpy/core/src/multiarray -Inumpy/core/src/umath -Inumpy/core/src/npysort -I/workdir/nibabel-4.0.2/.tox/cpythonlibtest-unit-test-tests/include -I/usr/local/include/python3.10 -c'
      gcc: _configtest.c
      success!
      removing: _configtest.c _configtest.o _configtest.o.d
      C compiler: gcc -pthread -Wno-unused-result -Wsign-compare -DNDEBUG -g -fwrapv -O3 -Wall -fPIC
      
      compile options: '-Inumpy/core/src/common -Inumpy/core/src -Inumpy/core -Inumpy/core/src/npymath -Inumpy/core/src/multiarray -Inumpy/core/src/umath -Inumpy/core/src/npysort -I/workdir/nibabel-4.0.2/.tox/cpythonlibtest-unit-test-tests/include -I/usr/local/include/python3.10 -c'
      gcc: _configtest.c
      success!
      removing: _configtest.c _configtest.o _configtest.o.d
      C compiler: gcc -pthread -Wno-unused-result -Wsign-compare -DNDEBUG -g -fwrapv -O3 -Wall -fPIC
      
      compile options: '-Inumpy/core/src/common -Inumpy/core/src -Inumpy/core -Inumpy/core/src/npymath -Inumpy/core/src/multiarray -Inumpy/core/src/umath -Inumpy/core/src/npysort -I/workdir/nibabel-4.0.2/.tox/cpythonlibtest-unit-test-tests/include -I/usr/local/include/python3.10 -c'
      gcc: _configtest.c
      _configtest.c:1:5: warning: conflicting types for built-in function ‘rint’ [-Wbuiltin-declaration-mismatch]
       int rint (void);
           ^~~~
      _configtest.c:2:5: warning: conflicting types for built-in function ‘trunc’ [-Wbuiltin-declaration-mismatch]
       int trunc (void);
           ^~~~~
      _configtest.c:3:5: warning: conflicting types for built-in function ‘exp2’ [-Wbuiltin-declaration-mismatch]
       int exp2 (void);
           ^~~~
      _configtest.c:4:5: warning: conflicting types for built-in function ‘log2’ [-Wbuiltin-declaration-mismatch]
       int log2 (void);
           ^~~~
      _configtest.c:5:5: warning: conflicting types for built-in function ‘atan2’ [-Wbuiltin-declaration-mismatch]
       int atan2 (void);
           ^~~~~
      _configtest.c:6:5: warning: conflicting types for built-in function ‘pow’ [-Wbuiltin-declaration-mismatch]
       int pow (void);
           ^~~
      _configtest.c:7:5: warning: conflicting types for built-in function ‘nextafter’ [-Wbuiltin-declaration-mismatch]
       int nextafter (void);
           ^~~~~~~~~
      _configtest.c:10:5: warning: conflicting types for built-in function ‘cbrt’ [-Wbuiltin-declaration-mismatch]
       int cbrt (void);
           ^~~~
      gcc -pthread _configtest.o -lm -o _configtest
      success!
      removing: _configtest.c _configtest.o _configtest.o.d _configtest
      C compiler: gcc -pthread -Wno-unused-result -Wsign-compare -DNDEBUG -g -fwrapv -O3 -Wall -fPIC
      
      compile options: '-Inumpy/core/src/common -Inumpy/core/src -Inumpy/core -Inumpy/core/src/npymath -Inumpy/core/src/multiarray -Inumpy/core/src/umath -Inumpy/core/src/npysort -I/workdir/nibabel-4.0.2/.tox/cpythonlibtest-unit-test-tests/include -I/usr/local/include/python3.10 -c'
      gcc: _configtest.c
      gcc -pthread _configtest.o -o _configtest
      success!
      removing: _configtest.c _configtest.o _configtest.o.d _configtest
      C compiler: gcc -pthread -Wno-unused-result -Wsign-compare -DNDEBUG -g -fwrapv -O3 -Wall -fPIC
      
      compile options: '-Inumpy/core/src/common -Inumpy/core/src -Inumpy/core -Inumpy/core/src/npymath -Inumpy/core/src/multiarray -Inumpy/core/src/umath -Inumpy/core/src/npysort -I/workdir/nibabel-4.0.2/.tox/cpythonlibtest-unit-test-tests/include -I/usr/local/include/python3.10 -c'
      gcc: _configtest.c
      gcc -pthread _configtest.o -o _configtest
      success!
      removing: _configtest.c _configtest.o _configtest.o.d _configtest
      C compiler: gcc -pthread -Wno-unused-result -Wsign-compare -DNDEBUG -g -fwrapv -O3 -Wall -fPIC
      
      compile options: '-Inumpy/core/src/common -Inumpy/core/src -Inumpy/core -Inumpy/core/src/npymath -Inumpy/core/src/multiarray -Inumpy/core/src/umath -Inumpy/core/src/npysort -I/workdir/nibabel-4.0.2/.tox/cpythonlibtest-unit-test-tests/include -I/usr/local/include/python3.10 -c'
      gcc: _configtest.c
      gcc -pthread _configtest.o -o _configtest
      success!
      removing: _configtest.c _configtest.o _configtest.o.d _configtest
      C compiler: gcc -pthread -Wno-unused-result -Wsign-compare -DNDEBUG -g -fwrapv -O3 -Wall -fPIC
      
      compile options: '-Inumpy/core/src/common -Inumpy/core/src -Inumpy/core -Inumpy/core/src/npymath -Inumpy/core/src/multiarray -Inumpy/core/src/umath -Inumpy/core/src/npysort -I/workdir/nibabel-4.0.2/.tox/cpythonlibtest-unit-test-tests/include -I/usr/local/include/python3.10 -c'
      gcc: _configtest.c
      gcc -pthread _configtest.o -o _configtest
      success!
      removing: _configtest.c _configtest.o _configtest.o.d _configtest
      C compiler: gcc -pthread -Wno-unused-result -Wsign-compare -DNDEBUG -g -fwrapv -O3 -Wall -fPIC
      
      compile options: '-Inumpy/core/src/common -Inumpy/core/src -Inumpy/core -Inumpy/core/src/npymath -Inumpy/core/src/multiarray -Inumpy/core/src/umath -Inumpy/core/src/npysort -I/workdir/nibabel-4.0.2/.tox/cpythonlibtest-unit-test-tests/include -I/usr/local/include/python3.10 -c'
      gcc: _configtest.c
      _configtest.c:1:10: fatal error: xlocale.h: No such file or directory
       #include <xlocale.h>
                ^~~~~~~~~~~
      compilation terminated.
      failure.
      removing: _configtest.c _configtest.o
      C compiler: gcc -pthread -Wno-unused-result -Wsign-compare -DNDEBUG -g -fwrapv -O3 -Wall -fPIC
      
      compile options: '-Inumpy/core/src/common -Inumpy/core/src -Inumpy/core -Inumpy/core/src/npymath -Inumpy/core/src/multiarray -Inumpy/core/src/umath -Inumpy/core/src/npysort -I/workdir/nibabel-4.0.2/.tox/cpythonlibtest-unit-test-tests/include -I/usr/local/include/python3.10 -c'
      gcc: _configtest.c
      gcc -pthread _configtest.o -o _configtest
      success!
      removing: _configtest.c _configtest.o _configtest.o.d _configtest
      C compiler: gcc -pthread -Wno-unused-result -Wsign-compare -DNDEBUG -g -fwrapv -O3 -Wall -fPIC
      
      compile options: '-Inumpy/core/src/common -Inumpy/core/src -Inumpy/core -Inumpy/core/src/npymath -Inumpy/core/src/multiarray -Inumpy/core/src/umath -Inumpy/core/src/npysort -I/workdir/nibabel-4.0.2/.tox/cpythonlibtest-unit-test-tests/include -I/usr/local/include/python3.10 -c'
      gcc: _configtest.c
      gcc -pthread _configtest.o -o _configtest
      success!
      removing: _configtest.c _configtest.o _configtest.o.d _configtest
      C compiler: gcc -pthread -Wno-unused-result -Wsign-compare -DNDEBUG -g -fwrapv -O3 -Wall -fPIC
      
      compile options: '-Inumpy/core/src/common -Inumpy/core/src -Inumpy/core -Inumpy/core/src/npymath -Inumpy/core/src/multiarray -Inumpy/core/src/umath -Inumpy/core/src/npysort -I/workdir/nibabel-4.0.2/.tox/cpythonlibtest-unit-test-tests/include -I/usr/local/include/python3.10 -c'
      gcc: _configtest.c
      _configtest.c: In function ‘main’:
      _configtest.c:5:3: warning: statement with no effect [-Wunused-value]
         __builtin_isnan(5.);
         ^~~~~~~~~~~~~~~
      gcc -pthread _configtest.o -o _configtest
      success!
      removing: _configtest.c _configtest.o _configtest.o.d _configtest
      C compiler: gcc -pthread -Wno-unused-result -Wsign-compare -DNDEBUG -g -fwrapv -O3 -Wall -fPIC
      
      compile options: '-Inumpy/core/src/common -Inumpy/core/src -Inumpy/core -Inumpy/core/src/npymath -Inumpy/core/src/multiarray -Inumpy/core/src/umath -Inumpy/core/src/npysort -I/workdir/nibabel-4.0.2/.tox/cpythonlibtest-unit-test-tests/include -I/usr/local/include/python3.10 -c'
      gcc: _configtest.c
      _configtest.c: In function ‘main’:
      _configtest.c:5:3: warning: statement with no effect [-Wunused-value]
         __builtin_isinf(5.);
         ^~~~~~~~~~~~~~~
      gcc -pthread _configtest.o -o _configtest
      success!
      removing: _configtest.c _configtest.o _configtest.o.d _configtest
      C compiler: gcc -pthread -Wno-unused-result -Wsign-compare -DNDEBUG -g -fwrapv -O3 -Wall -fPIC
      
      compile options: '-Inumpy/core/src/common -Inumpy/core/src -Inumpy/core -Inumpy/core/src/npymath -Inumpy/core/src/multiarray -Inumpy/core/src/umath -Inumpy/core/src/npysort -I/workdir/nibabel-4.0.2/.tox/cpythonlibtest-unit-test-tests/include -I/usr/local/include/python3.10 -c'
      gcc: _configtest.c
      _configtest.c: In function ‘main’:
      _configtest.c:5:3: warning: statement with no effect [-Wunused-value]
         __builtin_isfinite(5.);
         ^~~~~~~~~~~~~~~~~~
      gcc -pthread _configtest.o -o _configtest
      success!
      removing: _configtest.c _configtest.o _configtest.o.d _configtest
      C compiler: gcc -pthread -Wno-unused-result -Wsign-compare -DNDEBUG -g -fwrapv -O3 -Wall -fPIC
      
      compile options: '-Inumpy/core/src/common -Inumpy/core/src -Inumpy/core -Inumpy/core/src/npymath -Inumpy/core/src/multiarray -Inumpy/core/src/umath -Inumpy/core/src/npysort -I/workdir/nibabel-4.0.2/.tox/cpythonlibtest-unit-test-tests/include -I/usr/local/include/python3.10 -c'
      gcc: _configtest.c
      _configtest.c: In function ‘main’:
      _configtest.c:5:3: warning: statement with no effect [-Wunused-value]
         __builtin_bswap32(5u);
         ^~~~~~~~~~~~~~~~~
      gcc -pthread _configtest.o -o _configtest
      success!
      removing: _configtest.c _configtest.o _configtest.o.d _configtest
      C compiler: gcc -pthread -Wno-unused-result -Wsign-compare -DNDEBUG -g -fwrapv -O3 -Wall -fPIC
      
      compile options: '-Inumpy/core/src/common -Inumpy/core/src -Inumpy/core -Inumpy/core/src/npymath -Inumpy/core/src/multiarray -Inumpy/core/src/umath -Inumpy/core/src/npysort -I/workdir/nibabel-4.0.2/.tox/cpythonlibtest-unit-test-tests/include -I/usr/local/include/python3.10 -c'
      gcc: _configtest.c
      _configtest.c: In function ‘main’:
      _configtest.c:5:3: warning: statement with no effect [-Wunused-value]
         __builtin_bswap64(5u);
         ^~~~~~~~~~~~~~~~~
      gcc -pthread _configtest.o -o _configtest
      success!
      removing: _configtest.c _configtest.o _configtest.o.d _configtest
      C compiler: gcc -pthread -Wno-unused-result -Wsign-compare -DNDEBUG -g -fwrapv -O3 -Wall -fPIC
      
      compile options: '-Inumpy/core/src/common -Inumpy/core/src -Inumpy/core -Inumpy/core/src/npymath -Inumpy/core/src/multiarray -Inumpy/core/src/umath -Inumpy/core/src/npysort -I/workdir/nibabel-4.0.2/.tox/cpythonlibtest-unit-test-tests/include -I/usr/local/include/python3.10 -c'
      gcc: _configtest.c
      _configtest.c: In function ‘main’:
      _configtest.c:5:3: warning: statement with no effect [-Wunused-value]
         __builtin_expect(5, 0);
         ^~~~~~~~~~~~~~~~
      gcc -pthread _configtest.o -o _configtest
      success!
      removing: _configtest.c _configtest.o _configtest.o.d _configtest
      C compiler: gcc -pthread -Wno-unused-result -Wsign-compare -DNDEBUG -g -fwrapv -O3 -Wall -fPIC
      
      compile options: '-Inumpy/core/src/common -Inumpy/core/src -Inumpy/core -Inumpy/core/src/npymath -Inumpy/core/src/multiarray -Inumpy/core/src/umath -Inumpy/core/src/npysort -I/workdir/nibabel-4.0.2/.tox/cpythonlibtest-unit-test-tests/include -I/usr/local/include/python3.10 -c'
      gcc: _configtest.c
      gcc -pthread _configtest.o -o _configtest
      success!
      removing: _configtest.c _configtest.o _configtest.o.d _configtest
      C compiler: gcc -pthread -Wno-unused-result -Wsign-compare -DNDEBUG -g -fwrapv -O3 -Wall -fPIC
      
      compile options: '-Inumpy/core/src/common -Inumpy/core/src -Inumpy/core -Inumpy/core/src/npymath -Inumpy/core/src/multiarray -Inumpy/core/src/umath -Inumpy/core/src/npysort -I/workdir/nibabel-4.0.2/.tox/cpythonlibtest-unit-test-tests/include -I/usr/local/include/python3.10 -c'
      gcc: _configtest.c
      _configtest.c: In function ‘main’:
      _configtest.c:7:16: warning: unused variable ‘r’ [-Wunused-variable]
         volatile int r = __builtin_cpu_supports("sse");
                      ^
      gcc -pthread _configtest.o -o _configtest
      success!
      removing: _configtest.c _configtest.o _configtest.o.d _configtest
      C compiler: gcc -pthread -Wno-unused-result -Wsign-compare -DNDEBUG -g -fwrapv -O3 -Wall -fPIC
      
      compile options: '-Inumpy/core/src/common -Inumpy/core/src -Inumpy/core -Inumpy/core/src/npymath -Inumpy/core/src/multiarray -Inumpy/core/src/umath -Inumpy/core/src/npysort -I/workdir/nibabel-4.0.2/.tox/cpythonlibtest-unit-test-tests/include -I/usr/local/include/python3.10 -c'
      gcc: _configtest.c
      _configtest.c: In function ‘main’:
      _configtest.c:7:16: warning: unused variable ‘r’ [-Wunused-variable]
         volatile int r = __builtin_cpu_supports("avx512f");
                      ^
      gcc -pthread _configtest.o -o _configtest
      success!
      removing: _configtest.c _configtest.o _configtest.o.d _configtest
      C compiler: gcc -pthread -Wno-unused-result -Wsign-compare -DNDEBUG -g -fwrapv -O3 -Wall -fPIC
      
      compile options: '-Inumpy/core/src/common -Inumpy/core/src -Inumpy/core -Inumpy/core/src/npymath -Inumpy/core/src/multiarray -Inumpy/core/src/umath -Inumpy/core/src/npysort -I/workdir/nibabel-4.0.2/.tox/cpythonlibtest-unit-test-tests/include -I/usr/local/include/python3.10 -c'
      gcc: _configtest.c
      gcc -pthread _configtest.o -o _configtest
      success!
      removing: _configtest.c _configtest.o _configtest.o.d _configtest
      C compiler: gcc -pthread -Wno-unused-result -Wsign-compare -DNDEBUG -g -fwrapv -O3 -Wall -fPIC
      
      compile options: '-Inumpy/core/src/common -Inumpy/core/src -Inumpy/core -Inumpy/core/src/npymath -Inumpy/core/src/multiarray -Inumpy/core/src/umath -Inumpy/core/src/npysort -I/workdir/nibabel-4.0.2/.tox/cpythonlibtest-unit-test-tests/include -I/usr/local/include/python3.10 -c'
      gcc: _configtest.c
      gcc -pthread _configtest.o -o _configtest
      success!
      removing: _configtest.c _configtest.o _configtest.o.d _configtest
      C compiler: gcc -pthread -Wno-unused-result -Wsign-compare -DNDEBUG -g -fwrapv -O3 -Wall -fPIC
      
      compile options: '-Inumpy/core/src/common -Inumpy/core/src -Inumpy/core -Inumpy/core/src/npymath -Inumpy/core/src/multiarray -Inumpy/core/src/umath -Inumpy/core/src/npysort -I/workdir/nibabel-4.0.2/.tox/cpythonlibtest-unit-test-tests/include -I/usr/local/include/python3.10 -c'
      gcc: _configtest.c
      gcc -pthread _configtest.o -o _configtest
      success!
      removing: _configtest.c _configtest.o _configtest.o.d _configtest
      C compiler: gcc -pthread -Wno-unused-result -Wsign-compare -DNDEBUG -g -fwrapv -O3 -Wall -fPIC
      
      compile options: '-Inumpy/core/src/common -Inumpy/core/src -Inumpy/core -Inumpy/core/src/npymath -Inumpy/core/src/multiarray -Inumpy/core/src/umath -Inumpy/core/src/npysort -I/workdir/nibabel-4.0.2/.tox/cpythonlibtest-unit-test-tests/include -I/usr/local/include/python3.10 -c'
      gcc: _configtest.c
      gcc -pthread _configtest.o -o _configtest
      success!
      removing: _configtest.c _configtest.o _configtest.o.d _configtest
      C compiler: gcc -pthread -Wno-unused-result -Wsign-compare -DNDEBUG -g -fwrapv -O3 -Wall -fPIC
      
      compile options: '-Inumpy/core/src/common -Inumpy/core/src -Inumpy/core -Inumpy/core/src/npymath -Inumpy/core/src/multiarray -Inumpy/core/src/umath -Inumpy/core/src/npysort -I/workdir/nibabel-4.0.2/.tox/cpythonlibtest-unit-test-tests/include -I/usr/local/include/python3.10 -c'
      gcc: _configtest.c
      gcc -pthread _configtest.o -o _configtest
      success!
      removing: _configtest.c _configtest.o _configtest.o.d _configtest
      C compiler: gcc -pthread -Wno-unused-result -Wsign-compare -DNDEBUG -g -fwrapv -O3 -Wall -fPIC
      
      compile options: '-Inumpy/core/src/common -Inumpy/core/src -Inumpy/core -Inumpy/core/src/npymath -Inumpy/core/src/multiarray -Inumpy/core/src/umath -Inumpy/core/src/npysort -I/workdir/nibabel-4.0.2/.tox/cpythonlibtest-unit-test-tests/include -I/usr/local/include/python3.10 -c'
      gcc: _configtest.c
      gcc -pthread _configtest.o -o _configtest
      success!
      removing: _configtest.c _configtest.o _configtest.o.d _configtest
      C compiler: gcc -pthread -Wno-unused-result -Wsign-compare -DNDEBUG -g -fwrapv -O3 -Wall -fPIC
      
      compile options: '-Inumpy/core/src/common -Inumpy/core/src -Inumpy/core -Inumpy/core/src/npymath -Inumpy/core/src/multiarray -Inumpy/core/src/umath -Inumpy/core/src/npysort -I/workdir/nibabel-4.0.2/.tox/cpythonlibtest-unit-test-tests/include -I/usr/local/include/python3.10 -c'
      gcc: _configtest.c
      gcc -pthread _configtest.o -o _configtest
      success!
      removing: _configtest.c _configtest.o _configtest.o.d _configtest
      C compiler: gcc -pthread -Wno-unused-result -Wsign-compare -DNDEBUG -g -fwrapv -O3 -Wall -fPIC
      
      compile options: '-Inumpy/core/src/common -Inumpy/core/src -Inumpy/core -Inumpy/core/src/npymath -Inumpy/core/src/multiarray -Inumpy/core/src/umath -Inumpy/core/src/npysort -I/workdir/nibabel-4.0.2/.tox/cpythonlibtest-unit-test-tests/include -I/usr/local/include/python3.10 -c'
      gcc: _configtest.c
      gcc -pthread _configtest.o -o _configtest
      success!
      removing: _configtest.c _configtest.o _configtest.o.d _configtest
      C compiler: gcc -pthread -Wno-unused-result -Wsign-compare -DNDEBUG -g -fwrapv -O3 -Wall -fPIC
      
      compile options: '-Inumpy/core/src/common -Inumpy/core/src -Inumpy/core -Inumpy/core/src/npymath -Inumpy/core/src/multiarray -Inumpy/core/src/umath -Inumpy/core/src/npysort -I/workdir/nibabel-4.0.2/.tox/cpythonlibtest-unit-test-tests/include -I/usr/local/include/python3.10 -c'
      gcc: _configtest.c
      gcc -pthread _configtest.o -o _configtest
      success!
      removing: _configtest.c _configtest.o _configtest.o.d _configtest
      C compiler: gcc -pthread -Wno-unused-result -Wsign-compare -DNDEBUG -g -fwrapv -O3 -Wall -fPIC
      
      compile options: '-Inumpy/core/src/common -Inumpy/core/src -Inumpy/core -Inumpy/core/src/npymath -Inumpy/core/src/multiarray -Inumpy/core/src/umath -Inumpy/core/src/npysort -I/workdir/nibabel-4.0.2/.tox/cpythonlibtest-unit-test-tests/include -I/usr/local/include/python3.10 -c'
      gcc: _configtest.c
      _configtest.c:3: warning: ignoring #pragma clang diagnostic [-Wunknown-pragmas]
       #pragma clang diagnostic error "-Wattributes"
      
      success!
      removing: _configtest.c _configtest.o _configtest.o.d
      C compiler: gcc -pthread -Wno-unused-result -Wsign-compare -DNDEBUG -g -fwrapv -O3 -Wall -fPIC
      
      compile options: '-Inumpy/core/src/common -Inumpy/core/src -Inumpy/core -Inumpy/core/src/npymath -Inumpy/core/src/multiarray -Inumpy/core/src/umath -Inumpy/core/src/npysort -I/workdir/nibabel-4.0.2/.tox/cpythonlibtest-unit-test-tests/include -I/usr/local/include/python3.10 -c'
      gcc: _configtest.c
      _configtest.c:3: warning: ignoring #pragma clang diagnostic [-Wunknown-pragmas]
       #pragma clang diagnostic error "-Wattributes"
      
      success!
      removing: _configtest.c _configtest.o _configtest.o.d
      C compiler: gcc -pthread -Wno-unused-result -Wsign-compare -DNDEBUG -g -fwrapv -O3 -Wall -fPIC
      
      compile options: '-Inumpy/core/src/common -Inumpy/core/src -Inumpy/core -Inumpy/core/src/npymath -Inumpy/core/src/multiarray -Inumpy/core/src/umath -Inumpy/core/src/npysort -I/workdir/nibabel-4.0.2/.tox/cpythonlibtest-unit-test-tests/include -I/usr/local/include/python3.10 -c'
      gcc: _configtest.c
      _configtest.c:3: warning: ignoring #pragma clang diagnostic [-Wunknown-pragmas]
       #pragma clang diagnostic error "-Wattributes"
      
      success!
      removing: _configtest.c _configtest.o _configtest.o.d
      C compiler: gcc -pthread -Wno-unused-result -Wsign-compare -DNDEBUG -g -fwrapv -O3 -Wall -fPIC
      
      compile options: '-Inumpy/core/src/common -Inumpy/core/src -Inumpy/core -Inumpy/core/src/npymath -Inumpy/core/src/multiarray -Inumpy/core/src/umath -Inumpy/core/src/npysort -I/workdir/nibabel-4.0.2/.tox/cpythonlibtest-unit-test-tests/include -I/usr/local/include/python3.10 -c'
      gcc: _configtest.c
      _configtest.c:3: warning: ignoring #pragma clang diagnostic [-Wunknown-pragmas]
       #pragma clang diagnostic error "-Wattributes"
      
      success!
      removing: _configtest.c _configtest.o _configtest.o.d
      C compiler: gcc -pthread -Wno-unused-result -Wsign-compare -DNDEBUG -g -fwrapv -O3 -Wall -fPIC
      
      compile options: '-Inumpy/core/src/common -Inumpy/core/src -Inumpy/core -Inumpy/core/src/npymath -Inumpy/core/src/multiarray -Inumpy/core/src/umath -Inumpy/core/src/npysort -I/workdir/nibabel-4.0.2/.tox/cpythonlibtest-unit-test-tests/include -I/usr/local/include/python3.10 -c'
      gcc: _configtest.c
      _configtest.c:3: warning: ignoring #pragma clang diagnostic [-Wunknown-pragmas]
       #pragma clang diagnostic error "-Wattributes"
      
      success!
      removing: _configtest.c _configtest.o _configtest.o.d
      C compiler: gcc -pthread -Wno-unused-result -Wsign-compare -DNDEBUG -g -fwrapv -O3 -Wall -fPIC
      
      compile options: '-Inumpy/core/src/common -Inumpy/core/src -Inumpy/core -Inumpy/core/src/npymath -Inumpy/core/src/multiarray -Inumpy/core/src/umath -Inumpy/core/src/npysort -I/workdir/nibabel-4.0.2/.tox/cpythonlibtest-unit-test-tests/include -I/usr/local/include/python3.10 -c'
      gcc: _configtest.c
      _configtest.c:3: warning: ignoring #pragma clang diagnostic [-Wunknown-pragmas]
       #pragma clang diagnostic error "-Wattributes"
      
      success!
      removing: _configtest.c _configtest.o _configtest.o.d
      C compiler: gcc -pthread -Wno-unused-result -Wsign-compare -DNDEBUG -g -fwrapv -O3 -Wall -fPIC
      
      compile options: '-Inumpy/core/src/common -Inumpy/core/src -Inumpy/core -Inumpy/core/src/npymath -Inumpy/core/src/multiarray -Inumpy/core/src/umath -Inumpy/core/src/npysort -I/workdir/nibabel-4.0.2/.tox/cpythonlibtest-unit-test-tests/include -I/usr/local/include/python3.10 -c'
      gcc: _configtest.c
      _configtest.c: In function ‘attribute_target_avx2_with_intrinsics’:
      _configtest.c:5:12: warning: unused variable ‘temp’ [-Wunused-variable]
           __m256 temp = _mm256_set1_ps(1.0);
                  ^~~~
      success!
      removing: _configtest.c _configtest.o _configtest.o.d
      C compiler: gcc -pthread -Wno-unused-result -Wsign-compare -DNDEBUG -g -fwrapv -O3 -Wall -fPIC
      
      compile options: '-Inumpy/core/src/common -Inumpy/core/src -Inumpy/core -Inumpy/core/src/npymath -Inumpy/core/src/multiarray -Inumpy/core/src/umath -Inumpy/core/src/npysort -I/workdir/nibabel-4.0.2/.tox/cpythonlibtest-unit-test-tests/include -I/usr/local/include/python3.10 -c'
      gcc: _configtest.c
      _configtest.c: In function ‘attribute_target_avx512f_with_intrinsics’:
      _configtest.c:5:12: warning: unused variable ‘temp’ [-Wunused-variable]
           __m512 temp = _mm512_set1_ps(1.0);
                  ^~~~
      success!
      removing: _configtest.c _configtest.o _configtest.o.d
      C compiler: gcc -pthread -Wno-unused-result -Wsign-compare -DNDEBUG -g -fwrapv -O3 -Wall -fPIC
      
      compile options: '-Inumpy/core/src/common -Inumpy/core/src -Inumpy/core -Inumpy/core/src/npymath -Inumpy/core/src/multiarray -Inumpy/core/src/umath -Inumpy/core/src/npysort -I/workdir/nibabel-4.0.2/.tox/cpythonlibtest-unit-test-tests/include -I/usr/local/include/python3.10 -c'
      gcc: _configtest.c
      _configtest.c:3: warning: ignoring #pragma clang diagnostic [-Wunknown-pragmas]
       #pragma clang diagnostic error "-Wattributes"
      
      success!
      removing: _configtest.c _configtest.o _configtest.o.d
      C compiler: gcc -pthread -Wno-unused-result -Wsign-compare -DNDEBUG -g -fwrapv -O3 -Wall -fPIC
      
      compile options: '-Inumpy/core/src/common -Inumpy/core/src -Inumpy/core -Inumpy/core/src/npymath -Inumpy/core/src/multiarray -Inumpy/core/src/umath -Inumpy/core/src/npysort -I/workdir/nibabel-4.0.2/.tox/cpythonlibtest-unit-test-tests/include -I/usr/local/include/python3.10 -c'
      gcc: _configtest.c
      _configtest.c:3: warning: ignoring #pragma clang diagnostic [-Wunknown-pragmas]
       #pragma clang diagnostic error "-Wattributes"
      
      _configtest.c: In function ‘__declspec’:
      _configtest.c:5:24: error: expected declaration specifiers before ‘foo’
       int __declspec(thread) foo;
                              ^~~
      _configtest.c:9:1: error: expected ‘=’, ‘,’, ‘;’, ‘asm’ or ‘__attribute__’ before ‘{’ token
       {
       ^
      _configtest.c:5:5: warning: type of ‘thread’ defaults to ‘int’ [-Wimplicit-int]
       int __declspec(thread) foo;
           ^~~~~~~~~~
      _configtest.c:11: error: expected ‘{’ at end of input
       }
      
      _configtest.c:11:1: warning: control reaches end of non-void function [-Wreturn-type]
       }
       ^
      failure.
      removing: _configtest.c _configtest.o
      C compiler: gcc -pthread -Wno-unused-result -Wsign-compare -DNDEBUG -g -fwrapv -O3 -Wall -fPIC
      
      compile options: '-Inumpy/core/src/common -Inumpy/core/src -Inumpy/core -Inumpy/core/src/npymath -Inumpy/core/src/multiarray -Inumpy/core/src/umath -Inumpy/core/src/npysort -I/workdir/nibabel-4.0.2/.tox/cpythonlibtest-unit-test-tests/include -I/usr/local/include/python3.10 -c'
      gcc: _configtest.c
      _configtest.c:1:5: warning: conflicting types for built-in function ‘sinf’ [-Wbuiltin-declaration-mismatch]
       int sinf (void);
           ^~~~
      _configtest.c:2:5: warning: conflicting types for built-in function ‘cosf’ [-Wbuiltin-declaration-mismatch]
       int cosf (void);
           ^~~~
      _configtest.c:3:5: warning: conflicting types for built-in function ‘tanf’ [-Wbuiltin-declaration-mismatch]
       int tanf (void);
           ^~~~
      _configtest.c:4:5: warning: conflicting types for built-in function ‘sinhf’ [-Wbuiltin-declaration-mismatch]
       int sinhf (void);
           ^~~~~
      _configtest.c:5:5: warning: conflicting types for built-in function ‘coshf’ [-Wbuiltin-declaration-mismatch]
       int coshf (void);
           ^~~~~
      _configtest.c:6:5: warning: conflicting types for built-in function ‘tanhf’ [-Wbuiltin-declaration-mismatch]
       int tanhf (void);
           ^~~~~
      _configtest.c:7:5: warning: conflicting types for built-in function ‘fabsf’ [-Wbuiltin-declaration-mismatch]
       int fabsf (void);
           ^~~~~
      _configtest.c:8:5: warning: conflicting types for built-in function ‘floorf’ [-Wbuiltin-declaration-mismatch]
       int floorf (void);
           ^~~~~~
      _configtest.c:9:5: warning: conflicting types for built-in function ‘ceilf’ [-Wbuiltin-declaration-mismatch]
       int ceilf (void);
           ^~~~~
      _configtest.c:10:5: warning: conflicting types for built-in function ‘rintf’ [-Wbuiltin-declaration-mismatch]
       int rintf (void);
           ^~~~~
      _configtest.c:11:5: warning: conflicting types for built-in function ‘truncf’ [-Wbuiltin-declaration-mismatch]
       int truncf (void);
           ^~~~~~
      _configtest.c:12:5: warning: conflicting types for built-in function ‘sqrtf’ [-Wbuiltin-declaration-mismatch]
       int sqrtf (void);
           ^~~~~
      _configtest.c:13:5: warning: conflicting types for built-in function ‘log10f’ [-Wbuiltin-declaration-mismatch]
       int log10f (void);
           ^~~~~~
      _configtest.c:14:5: warning: conflicting types for built-in function ‘logf’ [-Wbuiltin-declaration-mismatch]
       int logf (void);
           ^~~~
      _configtest.c:15:5: warning: conflicting types for built-in function ‘log1pf’ [-Wbuiltin-declaration-mismatch]
       int log1pf (void);
           ^~~~~~
      _configtest.c:16:5: warning: conflicting types for built-in function ‘expf’ [-Wbuiltin-declaration-mismatch]
       int expf (void);
           ^~~~
      _configtest.c:17:5: warning: conflicting types for built-in function ‘expm1f’ [-Wbuiltin-declaration-mismatch]
       int expm1f (void);
           ^~~~~~
      _configtest.c:18:5: warning: conflicting types for built-in function ‘asinf’ [-Wbuiltin-declaration-mismatch]
       int asinf (void);
           ^~~~~
      _configtest.c:19:5: warning: conflicting types for built-in function ‘acosf’ [-Wbuiltin-declaration-mismatch]
       int acosf (void);
           ^~~~~
      _configtest.c:20:5: warning: conflicting types for built-in function ‘atanf’ [-Wbuiltin-declaration-mismatch]
       int atanf (void);
           ^~~~~
      _configtest.c:21:5: warning: conflicting types for built-in function ‘asinhf’ [-Wbuiltin-declaration-mismatch]
       int asinhf (void);
           ^~~~~~
      _configtest.c:22:5: warning: conflicting types for built-in function ‘acoshf’ [-Wbuiltin-declaration-mismatch]
       int acoshf (void);
           ^~~~~~
      _configtest.c:23:5: warning: conflicting types for built-in function ‘atanhf’ [-Wbuiltin-declaration-mismatch]
       int atanhf (void);
           ^~~~~~
      _configtest.c:24:5: warning: conflicting types for built-in function ‘hypotf’ [-Wbuiltin-declaration-mismatch]
       int hypotf (void);
           ^~~~~~
      _configtest.c:25:5: warning: conflicting types for built-in function ‘atan2f’ [-Wbuiltin-declaration-mismatch]
       int atan2f (void);
           ^~~~~~
      _configtest.c:26:5: warning: conflicting types for built-in function ‘powf’ [-Wbuiltin-declaration-mismatch]
       int powf (void);
           ^~~~
      _configtest.c:27:5: warning: conflicting types for built-in function ‘fmodf’ [-Wbuiltin-declaration-mismatch]
       int fmodf (void);
           ^~~~~
      _configtest.c:28:5: warning: conflicting types for built-in function ‘modff’ [-Wbuiltin-declaration-mismatch]
       int modff (void);
           ^~~~~
      _configtest.c:29:5: warning: conflicting types for built-in function ‘frexpf’ [-Wbuiltin-declaration-mismatch]
       int frexpf (void);
           ^~~~~~
      _configtest.c:30:5: warning: conflicting types for built-in function ‘ldexpf’ [-Wbuiltin-declaration-mismatch]
       int ldexpf (void);
           ^~~~~~
      _configtest.c:31:5: warning: conflicting types for built-in function ‘exp2f’ [-Wbuiltin-declaration-mismatch]
       int exp2f (void);
           ^~~~~
      _configtest.c:32:5: warning: conflicting types for built-in function ‘log2f’ [-Wbuiltin-declaration-mismatch]
       int log2f (void);
           ^~~~~
      _configtest.c:33:5: warning: conflicting types for built-in function ‘copysignf’ [-Wbuiltin-declaration-mismatch]
       int copysignf (void);
           ^~~~~~~~~
      _configtest.c:34:5: warning: conflicting types for built-in function ‘nextafterf’ [-Wbuiltin-declaration-mismatch]
       int nextafterf (void);
           ^~~~~~~~~~
      _configtest.c:35:5: warning: conflicting types for built-in function ‘cbrtf’ [-Wbuiltin-declaration-mismatch]
       int cbrtf (void);
           ^~~~~
      gcc -pthread _configtest.o -lm -o _configtest
      success!
      removing: _configtest.c _configtest.o _configtest.o.d _configtest
      C compiler: gcc -pthread -Wno-unused-result -Wsign-compare -DNDEBUG -g -fwrapv -O3 -Wall -fPIC
      
      compile options: '-Inumpy/core/src/common -Inumpy/core/src -Inumpy/core -Inumpy/core/src/npymath -Inumpy/core/src/multiarray -Inumpy/core/src/umath -Inumpy/core/src/npysort -I/workdir/nibabel-4.0.2/.tox/cpythonlibtest-unit-test-tests/include -I/usr/local/include/python3.10 -c'
      gcc: _configtest.c
      _configtest.c:1:5: warning: conflicting types for built-in function ‘sinl’ [-Wbuiltin-declaration-mismatch]
       int sinl (void);
           ^~~~
      _configtest.c:2:5: warning: conflicting types for built-in function ‘cosl’ [-Wbuiltin-declaration-mismatch]
       int cosl (void);
           ^~~~
      _configtest.c:3:5: warning: conflicting types for built-in function ‘tanl’ [-Wbuiltin-declaration-mismatch]
       int tanl (void);
           ^~~~
      _configtest.c:4:5: warning: conflicting types for built-in function ‘sinhl’ [-Wbuiltin-declaration-mismatch]
       int sinhl (void);
           ^~~~~
      _configtest.c:5:5: warning: conflicting types for built-in function ‘coshl’ [-Wbuiltin-declaration-mismatch]
       int coshl (void);
           ^~~~~
      _configtest.c:6:5: warning: conflicting types for built-in function ‘tanhl’ [-Wbuiltin-declaration-mismatch]
       int tanhl (void);
           ^~~~~
      _configtest.c:7:5: warning: conflicting types for built-in function ‘fabsl’ [-Wbuiltin-declaration-mismatch]
       int fabsl (void);
           ^~~~~
      _configtest.c:8:5: warning: conflicting types for built-in function ‘floorl’ [-Wbuiltin-declaration-mismatch]
       int floorl (void);
           ^~~~~~
      _configtest.c:9:5: warning: conflicting types for built-in function ‘ceill’ [-Wbuiltin-declaration-mismatch]
       int ceill (void);
           ^~~~~
      _configtest.c:10:5: warning: conflicting types for built-in function ‘rintl’ [-Wbuiltin-declaration-mismatch]
       int rintl (void);
           ^~~~~
      _configtest.c:11:5: warning: conflicting types for built-in function ‘truncl’ [-Wbuiltin-declaration-mismatch]
       int truncl (void);
           ^~~~~~
      _configtest.c:12:5: warning: conflicting types for built-in function ‘sqrtl’ [-Wbuiltin-declaration-mismatch]
       int sqrtl (void);
           ^~~~~
      _configtest.c:13:5: warning: conflicting types for built-in function ‘log10l’ [-Wbuiltin-declaration-mismatch]
       int log10l (void);
           ^~~~~~
      _configtest.c:14:5: warning: conflicting types for built-in function ‘logl’ [-Wbuiltin-declaration-mismatch]
       int logl (void);
           ^~~~
      _configtest.c:15:5: warning: conflicting types for built-in function ‘log1pl’ [-Wbuiltin-declaration-mismatch]
       int log1pl (void);
           ^~~~~~
      _configtest.c:16:5: warning: conflicting types for built-in function ‘expl’ [-Wbuiltin-declaration-mismatch]
       int expl (void);
           ^~~~
      _configtest.c:17:5: warning: conflicting types for built-in function ‘expm1l’ [-Wbuiltin-declaration-mismatch]
       int expm1l (void);
           ^~~~~~
      _configtest.c:18:5: warning: conflicting types for built-in function ‘asinl’ [-Wbuiltin-declaration-mismatch]
       int asinl (void);
           ^~~~~
      _configtest.c:19:5: warning: conflicting types for built-in function ‘acosl’ [-Wbuiltin-declaration-mismatch]
       int acosl (void);
           ^~~~~
      _configtest.c:20:5: warning: conflicting types for built-in function ‘atanl’ [-Wbuiltin-declaration-mismatch]
       int atanl (void);
           ^~~~~
      _configtest.c:21:5: warning: conflicting types for built-in function ‘asinhl’ [-Wbuiltin-declaration-mismatch]
       int asinhl (void);
           ^~~~~~
      _configtest.c:22:5: warning: conflicting types for built-in function ‘acoshl’ [-Wbuiltin-declaration-mismatch]
       int acoshl (void);
           ^~~~~~
      _configtest.c:23:5: warning: conflicting types for built-in function ‘atanhl’ [-Wbuiltin-declaration-mismatch]
       int atanhl (void);
           ^~~~~~
      _configtest.c:24:5: warning: conflicting types for built-in function ‘hypotl’ [-Wbuiltin-declaration-mismatch]
       int hypotl (void);
           ^~~~~~
      _configtest.c:25:5: warning: conflicting types for built-in function ‘atan2l’ [-Wbuiltin-declaration-mismatch]
       int atan2l (void);
           ^~~~~~
      _configtest.c:26:5: warning: conflicting types for built-in function ‘powl’ [-Wbuiltin-declaration-mismatch]
       int powl (void);
           ^~~~
      _configtest.c:27:5: warning: conflicting types for built-in function ‘fmodl’ [-Wbuiltin-declaration-mismatch]
       int fmodl (void);
           ^~~~~
      _configtest.c:28:5: warning: conflicting types for built-in function ‘modfl’ [-Wbuiltin-declaration-mismatch]
       int modfl (void);
           ^~~~~
      _configtest.c:29:5: warning: conflicting types for built-in function ‘frexpl’ [-Wbuiltin-declaration-mismatch]
       int frexpl (void);
           ^~~~~~
      _configtest.c:30:5: warning: conflicting types for built-in function ‘ldexpl’ [-Wbuiltin-declaration-mismatch]
       int ldexpl (void);
           ^~~~~~
      _configtest.c:31:5: warning: conflicting types for built-in function ‘exp2l’ [-Wbuiltin-declaration-mismatch]
       int exp2l (void);
           ^~~~~
      _configtest.c:32:5: warning: conflicting types for built-in function ‘log2l’ [-Wbuiltin-declaration-mismatch]
       int log2l (void);
           ^~~~~
      _configtest.c:33:5: warning: conflicting types for built-in function ‘copysignl’ [-Wbuiltin-declaration-mismatch]
       int copysignl (void);
           ^~~~~~~~~
      _configtest.c:34:5: warning: conflicting types for built-in function ‘nextafterl’ [-Wbuiltin-declaration-mismatch]
       int nextafterl (void);
           ^~~~~~~~~~
      _configtest.c:35:5: warning: conflicting types for built-in function ‘cbrtl’ [-Wbuiltin-declaration-mismatch]
       int cbrtl (void);
           ^~~~~
      gcc -pthread _configtest.o -lm -o _configtest
      success!
      removing: _configtest.c _configtest.o _configtest.o.d _configtest
      C compiler: gcc -pthread -Wno-unused-result -Wsign-compare -DNDEBUG -g -fwrapv -O3 -Wall -fPIC
      
      compile options: '-Inumpy/core/src/common -Inumpy/core/src -Inumpy/core -Inumpy/core/src/npymath -Inumpy/core/src/multiarray -Inumpy/core/src/umath -Inumpy/core/src/npysort -I/workdir/nibabel-4.0.2/.tox/cpythonlibtest-unit-test-tests/include -I/usr/local/include/python3.10 -c'
      gcc: _configtest.c
      success!
      removing: _configtest.c _configtest.o _configtest.o.d
      C compiler: gcc -pthread -Wno-unused-result -Wsign-compare -DNDEBUG -g -fwrapv -O3 -Wall -fPIC
      
      compile options: '-Inumpy/core/src/common -Inumpy/core/src -Inumpy/core -Inumpy/core/src/npymath -Inumpy/core/src/multiarray -Inumpy/core/src/umath -Inumpy/core/src/npysort -I/workdir/nibabel-4.0.2/.tox/cpythonlibtest-unit-test-tests/include -I/usr/local/include/python3.10 -c'
      gcc: _configtest.c
      success!
      removing: _configtest.c _configtest.o _configtest.o.d
      C compiler: gcc -pthread -Wno-unused-result -Wsign-compare -DNDEBUG -g -fwrapv -O3 -Wall -fPIC
      
      compile options: '-Inumpy/core/src/common -Inumpy/core/src -Inumpy/core -Inumpy/core/src/npymath -Inumpy/core/src/multiarray -Inumpy/core/src/umath -Inumpy/core/src/npysort -I/workdir/nibabel-4.0.2/.tox/cpythonlibtest-unit-test-tests/include -I/usr/local/include/python3.10 -c'
      gcc: _configtest.c
      success!
      removing: _configtest.c _configtest.o _configtest.o.d
      C compiler: gcc -pthread -Wno-unused-result -Wsign-compare -DNDEBUG -g -fwrapv -O3 -Wall -fPIC
      
      compile options: '-Inumpy/core/src/common -Inumpy/core/src -Inumpy/core -Inumpy/core/src/npymath -Inumpy/core/src/multiarray -Inumpy/core/src/umath -Inumpy/core/src/npysort -I/workdir/nibabel-4.0.2/.tox/cpythonlibtest-unit-test-tests/include -I/usr/local/include/python3.10 -c'
      gcc: _configtest.c
      success!
      removing: _configtest.c _configtest.o _configtest.o.d
      C compiler: gcc -pthread -Wno-unused-result -Wsign-compare -DNDEBUG -g -fwrapv -O3 -Wall -fPIC
      
      compile options: '-Inumpy/core/src/common -Inumpy/core/src -Inumpy/core -Inumpy/core/src/npymath -Inumpy/core/src/multiarray -Inumpy/core/src/umath -Inumpy/core/src/npysort -I/workdir/nibabel-4.0.2/.tox/cpythonlibtest-unit-test-tests/include -I/usr/local/include/python3.10 -c'
      gcc: _configtest.c
      _configtest.c: In function ‘main’:
      _configtest.c:8:12: error: ‘HAVE_DECL_SIGNBIT’ undeclared (first use in this function); did you mean ‘HAVE_DECL_ISNAN’?
           (void) HAVE_DECL_SIGNBIT;
                  ^~~~~~~~~~~~~~~~~
                  HAVE_DECL_ISNAN
      _configtest.c:8:12: note: each undeclared identifier is reported only once for each function it appears in
      failure.
      removing: _configtest.c _configtest.o
      C compiler: gcc -pthread -Wno-unused-result -Wsign-compare -DNDEBUG -g -fwrapv -O3 -Wall -fPIC
      
      compile options: '-Inumpy/core/src/common -Inumpy/core/src -Inumpy/core -Inumpy/core/src/npymath -Inumpy/core/src/multiarray -Inumpy/core/src/umath -Inumpy/core/src/npysort -I/workdir/nibabel-4.0.2/.tox/cpythonlibtest-unit-test-tests/include -I/usr/local/include/python3.10 -c'
      gcc: _configtest.c
      success!
      removing: _configtest.c _configtest.o _configtest.o.d
      C compiler: gcc -pthread -Wno-unused-result -Wsign-compare -DNDEBUG -g -fwrapv -O3 -Wall -fPIC
      
      compile options: '-Inumpy/core/src/common -Inumpy/core/src -Inumpy/core -Inumpy/core/src/npymath -Inumpy/core/src/multiarray -Inumpy/core/src/umath -Inumpy/core/src/npysort -I/workdir/nibabel-4.0.2/.tox/cpythonlibtest-unit-test-tests/include -I/usr/local/include/python3.10 -c'
      gcc: _configtest.c
      success!
      removing: _configtest.c _configtest.o _configtest.o.d
      C compiler: gcc -pthread -Wno-unused-result -Wsign-compare -DNDEBUG -g -fwrapv -O3 -Wall -fPIC
      
      compile options: '-Inumpy/core/src/common -Inumpy/core/src -Inumpy/core -Inumpy/core/src/npymath -Inumpy/core/src/multiarray -Inumpy/core/src/umath -Inumpy/core/src/npysort -I/workdir/nibabel-4.0.2/.tox/cpythonlibtest-unit-test-tests/include -I/usr/local/include/python3.10 -c'
      gcc: _configtest.c
      success!
      removing: _configtest.c _configtest.o _configtest.o.d
      C compiler: gcc -pthread -Wno-unused-result -Wsign-compare -DNDEBUG -g -fwrapv -O3 -Wall -fPIC
      
      compile options: '-Inumpy/core/src/common -Inumpy/core/src -Inumpy/core -Inumpy/core/src/npymath -Inumpy/core/src/multiarray -Inumpy/core/src/umath -Inumpy/core/src/npysort -I/workdir/nibabel-4.0.2/.tox/cpythonlibtest-unit-test-tests/include -I/usr/local/include/python3.10 -c'
      gcc: _configtest.c
      success!
      removing: _configtest.c _configtest.o _configtest.o.d
      C compiler: gcc -pthread -Wno-unused-result -Wsign-compare -DNDEBUG -g -fwrapv -O3 -Wall -fPIC
      
      compile options: '-Inumpy/core/src/common -Inumpy/core/src -Inumpy/core -Inumpy/core/src/npymath -Inumpy/core/src/multiarray -Inumpy/core/src/umath -Inumpy/core/src/npysort -I/workdir/nibabel-4.0.2/.tox/cpythonlibtest-unit-test-tests/include -I/usr/local/include/python3.10 -c'
      gcc: _configtest.c
      removing: _configtest.c _configtest.o _configtest.o.d
      C compiler: gcc -pthread -Wno-unused-result -Wsign-compare -DNDEBUG -g -fwrapv -O3 -Wall -fPIC
      
      compile options: '-Inumpy/core/src/common -Inumpy/core/src -Inumpy/core -Inumpy/core/src/npymath -Inumpy/core/src/multiarray -Inumpy/core/src/umath -Inumpy/core/src/npysort -I/workdir/nibabel-4.0.2/.tox/cpythonlibtest-unit-test-tests/include -I/usr/local/include/python3.10 -c'
      gcc: _configtest.c
      removing: _configtest.c _configtest.o _configtest.o.d
      C compiler: gcc -pthread -Wno-unused-result -Wsign-compare -DNDEBUG -g -fwrapv -O3 -Wall -fPIC
      
      compile options: '-Inumpy/core/src/common -Inumpy/core/src -Inumpy/core -Inumpy/core/src/npymath -Inumpy/core/src/multiarray -Inumpy/core/src/umath -Inumpy/core/src/npysort -I/workdir/nibabel-4.0.2/.tox/cpythonlibtest-unit-test-tests/include -I/usr/local/include/python3.10 -c'
      gcc: _configtest.c
      removing: _configtest.c _configtest.o _configtest.o.d
      C compiler: gcc -pthread -Wno-unused-result -Wsign-compare -DNDEBUG -g -fwrapv -O3 -Wall -fPIC
      
      compile options: '-Inumpy/core/src/common -Inumpy/core/src -Inumpy/core -Inumpy/core/src/npymath -Inumpy/core/src/multiarray -Inumpy/core/src/umath -Inumpy/core/src/npysort -I/workdir/nibabel-4.0.2/.tox/cpythonlibtest-unit-test-tests/include -I/usr/local/include/python3.10 -c'
      gcc: _configtest.c
      _configtest.c:1:5: warning: conflicting types for built-in function ‘cabs’ [-Wbuiltin-declaration-mismatch]
       int cabs (void);
           ^~~~
      _configtest.c:2:5: warning: conflicting types for built-in function ‘cacos’ [-Wbuiltin-declaration-mismatch]
       int cacos (void);
           ^~~~~
      _configtest.c:3:5: warning: conflicting types for built-in function ‘cacosh’ [-Wbuiltin-declaration-mismatch]
       int cacosh (void);
           ^~~~~~
      _configtest.c:4:5: warning: conflicting types for built-in function ‘carg’ [-Wbuiltin-declaration-mismatch]
       int carg (void);
           ^~~~
      _configtest.c:5:5: warning: conflicting types for built-in function ‘casin’ [-Wbuiltin-declaration-mismatch]
       int casin (void);
           ^~~~~
      _configtest.c:6:5: warning: conflicting types for built-in function ‘casinh’ [-Wbuiltin-declaration-mismatch]
       int casinh (void);
           ^~~~~~
      _configtest.c:7:5: warning: conflicting types for built-in function ‘catan’ [-Wbuiltin-declaration-mismatch]
       int catan (void);
           ^~~~~
      _configtest.c:8:5: warning: conflicting types for built-in function ‘catanh’ [-Wbuiltin-declaration-mismatch]
       int catanh (void);
           ^~~~~~
      _configtest.c:9:5: warning: conflicting types for built-in function ‘ccos’ [-Wbuiltin-declaration-mismatch]
       int ccos (void);
           ^~~~
      _configtest.c:10:5: warning: conflicting types for built-in function ‘ccosh’ [-Wbuiltin-declaration-mismatch]
       int ccosh (void);
           ^~~~~
      _configtest.c:11:5: warning: conflicting types for built-in function ‘cexp’ [-Wbuiltin-declaration-mismatch]
       int cexp (void);
           ^~~~
      _configtest.c:12:5: warning: conflicting types for built-in function ‘cimag’ [-Wbuiltin-declaration-mismatch]
       int cimag (void);
           ^~~~~
      _configtest.c:13:5: warning: conflicting types for built-in function ‘clog’ [-Wbuiltin-declaration-mismatch]
       int clog (void);
           ^~~~
      _configtest.c:14:5: warning: conflicting types for built-in function ‘conj’ [-Wbuiltin-declaration-mismatch]
       int conj (void);
           ^~~~
      _configtest.c:15:5: warning: conflicting types for built-in function ‘cpow’ [-Wbuiltin-declaration-mismatch]
       int cpow (void);
           ^~~~
      _configtest.c:16:5: warning: conflicting types for built-in function ‘cproj’ [-Wbuiltin-declaration-mismatch]
       int cproj (void);
           ^~~~~
      _configtest.c:17:5: warning: conflicting types for built-in function ‘creal’ [-Wbuiltin-declaration-mismatch]
       int creal (void);
           ^~~~~
      _configtest.c:18:5: warning: conflicting types for built-in function ‘csin’ [-Wbuiltin-declaration-mismatch]
       int csin (void);
           ^~~~
      _configtest.c:19:5: warning: conflicting types for built-in function ‘csinh’ [-Wbuiltin-declaration-mismatch]
       int csinh (void);
           ^~~~~
      _configtest.c:20:5: warning: conflicting types for built-in function ‘csqrt’ [-Wbuiltin-declaration-mismatch]
       int csqrt (void);
           ^~~~~
      _configtest.c:21:5: warning: conflicting types for built-in function ‘ctan’ [-Wbuiltin-declaration-mismatch]
       int ctan (void);
           ^~~~
      _configtest.c:22:5: warning: conflicting types for built-in function ‘ctanh’ [-Wbuiltin-declaration-mismatch]
       int ctanh (void);
           ^~~~~
      gcc -pthread _configtest.o -lm -o _configtest
      success!
      removing: _configtest.c _configtest.o _configtest.o.d _configtest
      C compiler: gcc -pthread -Wno-unused-result -Wsign-compare -DNDEBUG -g -fwrapv -O3 -Wall -fPIC
      
      compile options: '-Inumpy/core/src/common -Inumpy/core/src -Inumpy/core -Inumpy/core/src/npymath -Inumpy/core/src/multiarray -Inumpy/core/src/umath -Inumpy/core/src/npysort -I/workdir/nibabel-4.0.2/.tox/cpythonlibtest-unit-test-tests/include -I/usr/local/include/python3.10 -c'
      gcc: _configtest.c
      _configtest.c:1:5: warning: conflicting types for built-in function ‘cabsf’ [-Wbuiltin-declaration-mismatch]
       int cabsf (void);
           ^~~~~
      _configtest.c:2:5: warning: conflicting types for built-in function ‘cacosf’ [-Wbuiltin-declaration-mismatch]
       int cacosf (void);
           ^~~~~~
      _configtest.c:3:5: warning: conflicting types for built-in function ‘cacoshf’ [-Wbuiltin-declaration-mismatch]
       int cacoshf (void);
           ^~~~~~~
      _configtest.c:4:5: warning: conflicting types for built-in function ‘cargf’ [-Wbuiltin-declaration-mismatch]
       int cargf (void);
           ^~~~~
      _configtest.c:5:5: warning: conflicting types for built-in function ‘casinf’ [-Wbuiltin-declaration-mismatch]
       int casinf (void);
           ^~~~~~
      _configtest.c:6:5: warning: conflicting types for built-in function ‘casinhf’ [-Wbuiltin-declaration-mismatch]
       int casinhf (void);
           ^~~~~~~
      _configtest.c:7:5: warning: conflicting types for built-in function ‘catanf’ [-Wbuiltin-declaration-mismatch]
       int catanf (void);
           ^~~~~~
      _configtest.c:8:5: warning: conflicting types for built-in function ‘catanhf’ [-Wbuiltin-declaration-mismatch]
       int catanhf (void);
           ^~~~~~~
      _configtest.c:9:5: warning: conflicting types for built-in function ‘ccosf’ [-Wbuiltin-declaration-mismatch]
       int ccosf (void);
           ^~~~~
      _configtest.c:10:5: warning: conflicting types for built-in function ‘ccoshf’ [-Wbuiltin-declaration-mismatch]
       int ccoshf (void);
           ^~~~~~
      _configtest.c:11:5: warning: conflicting types for built-in function ‘cexpf’ [-Wbuiltin-declaration-mismatch]
       int cexpf (void);
           ^~~~~
      _configtest.c:12:5: warning: conflicting types for built-in function ‘cimagf’ [-Wbuiltin-declaration-mismatch]
       int cimagf (void);
           ^~~~~~
      _configtest.c:13:5: warning: conflicting types for built-in function ‘clogf’ [-Wbuiltin-declaration-mismatch]
       int clogf (void);
           ^~~~~
      _configtest.c:14:5: warning: conflicting types for built-in function ‘conjf’ [-Wbuiltin-declaration-mismatch]
       int conjf (void);
           ^~~~~
      _configtest.c:15:5: warning: conflicting types for built-in function ‘cpowf’ [-Wbuiltin-declaration-mismatch]
       int cpowf (void);
           ^~~~~
      _configtest.c:16:5: warning: conflicting types for built-in function ‘cprojf’ [-Wbuiltin-declaration-mismatch]
       int cprojf (void);
           ^~~~~~
      _configtest.c:17:5: warning: conflicting types for built-in function ‘crealf’ [-Wbuiltin-declaration-mismatch]
       int crealf (void);
           ^~~~~~
      _configtest.c:18:5: warning: conflicting types for built-in function ‘csinf’ [-Wbuiltin-declaration-mismatch]
       int csinf (void);
           ^~~~~
      _configtest.c:19:5: warning: conflicting types for built-in function ‘csinhf’ [-Wbuiltin-declaration-mismatch]
       int csinhf (void);
           ^~~~~~
      _configtest.c:20:5: warning: conflicting types for built-in function ‘csqrtf’ [-Wbuiltin-declaration-mismatch]
       int csqrtf (void);
           ^~~~~~
      _configtest.c:21:5: warning: conflicting types for built-in function ‘ctanf’ [-Wbuiltin-declaration-mismatch]
       int ctanf (void);
           ^~~~~
      _configtest.c:22:5: warning: conflicting types for built-in function ‘ctanhf’ [-Wbuiltin-declaration-mismatch]
       int ctanhf (void);
           ^~~~~~
      gcc -pthread _configtest.o -lm -o _configtest
      success!
      removing: _configtest.c _configtest.o _configtest.o.d _configtest
      C compiler: gcc -pthread -Wno-unused-result -Wsign-compare -DNDEBUG -g -fwrapv -O3 -Wall -fPIC
      
      compile options: '-Inumpy/core/src/common -Inumpy/core/src -Inumpy/core -Inumpy/core/src/npymath -Inumpy/core/src/multiarray -Inumpy/core/src/umath -Inumpy/core/src/npysort -I/workdir/nibabel-4.0.2/.tox/cpythonlibtest-unit-test-tests/include -I/usr/local/include/python3.10 -c'
      gcc: _configtest.c
      _configtest.c:1:5: warning: conflicting types for built-in function ‘cabsl’ [-Wbuiltin-declaration-mismatch]
       int cabsl (void);
           ^~~~~
      _configtest.c:2:5: warning: conflicting types for built-in function ‘cacosl’ [-Wbuiltin-declaration-mismatch]
       int cacosl (void);
           ^~~~~~
      _configtest.c:3:5: warning: conflicting types for built-in function ‘cacoshl’ [-Wbuiltin-declaration-mismatch]
       int cacoshl (void);
           ^~~~~~~
      _configtest.c:4:5: warning: conflicting types for built-in function ‘cargl’ [-Wbuiltin-declaration-mismatch]
       int cargl (void);
           ^~~~~
      _configtest.c:5:5: warning: conflicting types for built-in function ‘casinl’ [-Wbuiltin-declaration-mismatch]
       int casinl (void);
           ^~~~~~
      _configtest.c:6:5: warning: conflicting types for built-in function ‘casinhl’ [-Wbuiltin-declaration-mismatch]
       int casinhl (void);
           ^~~~~~~
      _configtest.c:7:5: warning: conflicting types for built-in function ‘catanl’ [-Wbuiltin-declaration-mismatch]
       int catanl (void);
           ^~~~~~
      _configtest.c:8:5: warning: conflicting types for built-in function ‘catanhl’ [-Wbuiltin-declaration-mismatch]
       int catanhl (void);
           ^~~~~~~
      _configtest.c:9:5: warning: conflicting types for built-in function ‘ccosl’ [-Wbuiltin-declaration-mismatch]
       int ccosl (void);
           ^~~~~
      _configtest.c:10:5: warning: conflicting types for built-in function ‘ccoshl’ [-Wbuiltin-declaration-mismatch]
       int ccoshl (void);
           ^~~~~~
      _configtest.c:11:5: warning: conflicting types for built-in function ‘cexpl’ [-Wbuiltin-declaration-mismatch]
       int cexpl (void);
           ^~~~~
      _configtest.c:12:5: warning: conflicting types for built-in function ‘cimagl’ [-Wbuiltin-declaration-mismatch]
       int cimagl (void);
           ^~~~~~
      _configtest.c:13:5: warning: conflicting types for built-in function ‘clogl’ [-Wbuiltin-declaration-mismatch]
       int clogl (void);
           ^~~~~
      _configtest.c:14:5: warning: conflicting types for built-in function ‘conjl’ [-Wbuiltin-declaration-mismatch]
       int conjl (void);
           ^~~~~
      _configtest.c:15:5: warning: conflicting types for built-in function ‘cpowl’ [-Wbuiltin-declaration-mismatch]
       int cpowl (void);
           ^~~~~
      _configtest.c:16:5: warning: conflicting types for built-in function ‘cprojl’ [-Wbuiltin-declaration-mismatch]
       int cprojl (void);
           ^~~~~~
      _configtest.c:17:5: warning: conflicting types for built-in function ‘creall’ [-Wbuiltin-declaration-mismatch]
       int creall (void);
           ^~~~~~
      _configtest.c:18:5: warning: conflicting types for built-in function ‘csinl’ [-Wbuiltin-declaration-mismatch]
       int csinl (void);
           ^~~~~
      _configtest.c:19:5: warning: conflicting types for built-in function ‘csinhl’ [-Wbuiltin-declaration-mismatch]
       int csinhl (void);
           ^~~~~~
      _configtest.c:20:5: warning: conflicting types for built-in function ‘csqrtl’ [-Wbuiltin-declaration-mismatch]
       int csqrtl (void);
           ^~~~~~
      _configtest.c:21:5: warning: conflicting types for built-in function ‘ctanl’ [-Wbuiltin-declaration-mismatch]
       int ctanl (void);
           ^~~~~
      _configtest.c:22:5: warning: conflicting types for built-in function ‘ctanhl’ [-Wbuiltin-declaration-mismatch]
       int ctanhl (void);
           ^~~~~~
      gcc -pthread _configtest.o -lm -o _configtest
      success!
      removing: _configtest.c _configtest.o _configtest.o.d _configtest
      C compiler: gcc -pthread -Wno-unused-result -Wsign-compare -DNDEBUG -g -fwrapv -O3 -Wall -fPIC
      
      compile options: '-Inumpy/core/src/common -Inumpy/core/src -Inumpy/core -Inumpy/core/src/npymath -Inumpy/core/src/multiarray -Inumpy/core/src/umath -Inumpy/core/src/npysort -I/workdir/nibabel-4.0.2/.tox/cpythonlibtest-unit-test-tests/include -I/usr/local/include/python3.10 -c'
      gcc: _configtest.c
      _configtest.c:2:12: warning: ‘static_func’ defined but not used [-Wunused-function]
       static int static_func (char * restrict a)
                  ^~~~~~~~~~~
      success!
      removing: _configtest.c _configtest.o _configtest.o.d
      C compiler: gcc -pthread -Wno-unused-result -Wsign-compare -DNDEBUG -g -fwrapv -O3 -Wall -fPIC
      
      compile options: '-Inumpy/core/src/common -Inumpy/core/src -Inumpy/core -Inumpy/core/src/npymath -Inumpy/core/src/multiarray -Inumpy/core/src/umath -Inumpy/core/src/npysort -I/workdir/nibabel-4.0.2/.tox/cpythonlibtest-unit-test-tests/include -I/usr/local/include/python3.10 -c'
      gcc: _configtest.c
      success!
      removing: _configtest.c _configtest.o _configtest.o.d
      C compiler: gcc -pthread -Wno-unused-result -Wsign-compare -DNDEBUG -g -fwrapv -O3 -Wall -fPIC
      
      compile options: '-Inumpy/core/src/common -Inumpy/core/src -Inumpy/core -Inumpy/core/src/npymath -Inumpy/core/src/multiarray -Inumpy/core/src/umath -Inumpy/core/src/npysort -I/workdir/nibabel-4.0.2/.tox/cpythonlibtest-unit-test-tests/include -I/usr/local/include/python3.10 -c'
      gcc: _configtest.c
      removing: _configtest.c _configtest.o _configtest.o.d
      File: build/src.linux-x86_64-3.1/numpy/core/include/numpy/config.h
      #define HAVE_ENDIAN_H 1
      #define SIZEOF_PY_INTPTR_T 8
      #define SIZEOF_OFF_T 8
      #define SIZEOF_PY_LONG_LONG 8
      #define MATHLIB m
      #define HAVE_SIN 1
      #define HAVE_COS 1
      #define HAVE_TAN 1
      #define HAVE_SINH 1
      #define HAVE_COSH 1
      #define HAVE_TANH 1
      #define HAVE_FABS 1
      #define HAVE_FLOOR 1
      #define HAVE_CEIL 1
      #define HAVE_SQRT 1
      #define HAVE_LOG10 1
      #define HAVE_LOG 1
      #define HAVE_EXP 1
      #define HAVE_ASIN 1
      #define HAVE_ACOS 1
      #define HAVE_ATAN 1
      #define HAVE_FMOD 1
      #define HAVE_MODF 1
      #define HAVE_FREXP 1
      #define HAVE_LDEXP 1
      #define HAVE_RINT 1
      #define HAVE_TRUNC 1
      #define HAVE_EXP2 1
      #define HAVE_LOG2 1
      #define HAVE_ATAN2 1
      #define HAVE_POW 1
      #define HAVE_NEXTAFTER 1
      #define HAVE_STRTOLL 1
      #define HAVE_STRTOULL 1
      #define HAVE_CBRT 1
      #define HAVE_STRTOLD_L 1
      #define HAVE_FALLOCATE 1
      #define HAVE_BACKTRACE 1
      #define HAVE_MADVISE 1
      #define HAVE_XMMINTRIN_H 1
      #define HAVE_EMMINTRIN_H 1
      #define HAVE_IMMINTRIN_H 1
      #define HAVE_FEATURES_H 1
      #define HAVE_DLFCN_H 1
      #define HAVE_SYS_MMAN_H 1
      #define HAVE___BUILTIN_ISNAN 1
      #define HAVE___BUILTIN_ISINF 1
      #define HAVE___BUILTIN_ISFINITE 1
      #define HAVE___BUILTIN_BSWAP32 1
      #define HAVE___BUILTIN_BSWAP64 1
      #define HAVE___BUILTIN_EXPECT 1
      #define HAVE___BUILTIN_MUL_OVERFLOW 1
      #define HAVE___BUILTIN_CPU_SUPPORTS 1
      #define HAVE___BUILTIN_CPU_SUPPORTS_AVX512F 1
      #define HAVE__M_FROM_INT64 1
      #define HAVE__MM_LOAD_PS 1
      #define HAVE__MM_PREFETCH 1
      #define HAVE__MM_LOAD_PD 1
      #define HAVE___BUILTIN_PREFETCH 1
      #define HAVE_LINK_AVX 1
      #define HAVE_LINK_AVX2 1
      #define HAVE_LINK_AVX512F 1
      #define HAVE_XGETBV 1
      #define HAVE_ATTRIBUTE_OPTIMIZE_UNROLL_LOOPS 1
      #define HAVE_ATTRIBUTE_OPTIMIZE_OPT_3 1
      #define HAVE_ATTRIBUTE_NONNULL 1
      #define HAVE_ATTRIBUTE_TARGET_AVX 1
      #define HAVE_ATTRIBUTE_TARGET_AVX2 1
      #define HAVE_ATTRIBUTE_TARGET_AVX512F 1
      #define HAVE_ATTRIBUTE_TARGET_AVX2_WITH_INTRINSICS 1
      #define HAVE_ATTRIBUTE_TARGET_AVX512F_WITH_INTRINSICS 1
      #define HAVE___THREAD 1
      #define HAVE_SINF 1
      #define HAVE_COSF 1
      #define HAVE_TANF 1
      #define HAVE_SINHF 1
      #define HAVE_COSHF 1
      #define HAVE_TANHF 1
      #define HAVE_FABSF 1
      #define HAVE_FLOORF 1
      #define HAVE_CEILF 1
      #define HAVE_RINTF 1
      #define HAVE_TRUNCF 1
      #define HAVE_SQRTF 1
      #define HAVE_LOG10F 1
      #define HAVE_LOGF 1
      #define HAVE_LOG1PF 1
      #define HAVE_EXPF 1
      #define HAVE_EXPM1F 1
      #define HAVE_ASINF 1
      #define HAVE_ACOSF 1
      #define HAVE_ATANF 1
      #define HAVE_ASINHF 1
      #define HAVE_ACOSHF 1
      #define HAVE_ATANHF 1
      #define HAVE_HYPOTF 1
      #define HAVE_ATAN2F 1
      #define HAVE_POWF 1
      #define HAVE_FMODF 1
      #define HAVE_MODFF 1
      #define HAVE_FREXPF 1
      #define HAVE_LDEXPF 1
      #define HAVE_EXP2F 1
      #define HAVE_LOG2F 1
      #define HAVE_COPYSIGNF 1
      #define HAVE_NEXTAFTERF 1
      #define HAVE_CBRTF 1
      #define HAVE_SINL 1
      #define HAVE_COSL 1
      #define HAVE_TANL 1
      #define HAVE_SINHL 1
      #define HAVE_COSHL 1
      #define HAVE_TANHL 1
      #define HAVE_FABSL 1
      #define HAVE_FLOORL 1
      #define HAVE_CEILL 1
      #define HAVE_RINTL 1
      #define HAVE_TRUNCL 1
      #define HAVE_SQRTL 1
      #define HAVE_LOG10L 1
      #define HAVE_LOGL 1
      #define HAVE_LOG1PL 1
      #define HAVE_EXPL 1
      #define HAVE_EXPM1L 1
      #define HAVE_ASINL 1
      #define HAVE_ACOSL 1
      #define HAVE_ATANL 1
      #define HAVE_ASINHL 1
      #define HAVE_ACOSHL 1
      #define HAVE_ATANHL 1
      #define HAVE_HYPOTL 1
      #define HAVE_ATAN2L 1
      #define HAVE_POWL 1
      #define HAVE_FMODL 1
      #define HAVE_MODFL 1
      #define HAVE_FREXPL 1
      #define HAVE_LDEXPL 1
      #define HAVE_EXP2L 1
      #define HAVE_LOG2L 1
      #define HAVE_COPYSIGNL 1
      #define HAVE_NEXTAFTERL 1
      #define HAVE_CBRTL 1
      #define HAVE_DECL_SIGNBIT
      #define HAVE_COMPLEX_H 1
      #define HAVE_CABS 1
      #define HAVE_CACOS 1
      #define HAVE_CACOSH 1
      #define HAVE_CARG 1
      #define HAVE_CASIN 1
      #define HAVE_CASINH 1
      #define HAVE_CATAN 1
      #define HAVE_CATANH 1
      #define HAVE_CCOS 1
      #define HAVE_CCOSH 1
      #define HAVE_CEXP 1
      #define HAVE_CIMAG 1
      #define HAVE_CLOG 1
      #define HAVE_CONJ 1
      #define HAVE_CPOW 1
      #define HAVE_CPROJ 1
      #define HAVE_CREAL 1
      #define HAVE_CSIN 1
      #define HAVE_CSINH 1
      #define HAVE_CSQRT 1
      #define HAVE_CTAN 1
      #define HAVE_CTANH 1
      #define HAVE_CABSF 1
      #define HAVE_CACOSF 1
      #define HAVE_CACOSHF 1
      #define HAVE_CARGF 1
      #define HAVE_CASINF 1
      #define HAVE_CASINHF 1
      #define HAVE_CATANF 1
      #define HAVE_CATANHF 1
      #define HAVE_CCOSF 1
      #define HAVE_CCOSHF 1
      #define HAVE_CEXPF 1
      #define HAVE_CIMAGF 1
      #define HAVE_CLOGF 1
      #define HAVE_CONJF 1
      #define HAVE_CPOWF 1
      #define HAVE_CPROJF 1
      #define HAVE_CREALF 1
      #define HAVE_CSINF 1
      #define HAVE_CSINHF 1
      #define HAVE_CSQRTF 1
      #define HAVE_CTANF 1
      #define HAVE_CTANHF 1
      #define HAVE_CABSL 1
      #define HAVE_CACOSL 1
      #define HAVE_CACOSHL 1
      #define HAVE_CARGL 1
      #define HAVE_CASINL 1
      #define HAVE_CASINHL 1
      #define HAVE_CATANL 1
      #define HAVE_CATANHL 1
      #define HAVE_CCOSL 1
      #define HAVE_CCOSHL 1
      #define HAVE_CEXPL 1
      #define HAVE_CIMAGL 1
      #define HAVE_CLOGL 1
      #define HAVE_CONJL 1
      #define HAVE_CPOWL 1
      #define HAVE_CPROJL 1
      #define HAVE_CREALL 1
      #define HAVE_CSINL 1
      #define HAVE_CSINHL 1
      #define HAVE_CSQRTL 1
      #define HAVE_CTANL 1
      #define HAVE_CTANHL 1
      #define NPY_RESTRICT restrict
      #define NPY_RELAXED_STRIDES_CHECKING 1
      #define HAVE_LDOUBLE_INTEL_EXTENDED_16_BYTES_LE 1
      #define NPY_PY3K 1
      #ifndef __cplusplus
      /* #undef inline */
      #endif
      
      #ifndef _NPY_NPY_CONFIG_H_
      #error config.h should never be included directly, include npy_config.h instead
      #endif
      
      EOF
        adding 'build/src.linux-x86_64-3.1/numpy/core/include/numpy/config.h' to sources.
      Generating build/src.linux-x86_64-3.1/numpy/core/include/numpy/_numpyconfig.h
      C compiler: gcc -pthread -Wno-unused-result -Wsign-compare -DNDEBUG -g -fwrapv -O3 -Wall -fPIC
      
      compile options: '-Inumpy/core/src/common -Inumpy/core/src -Inumpy/core -Inumpy/core/src/npymath -Inumpy/core/src/multiarray -Inumpy/core/src/umath -Inumpy/core/src/npysort -I/workdir/nibabel-4.0.2/.tox/cpythonlibtest-unit-test-tests/include -I/usr/local/include/python3.10 -c'
      gcc: _configtest.c
      _configtest.c:1:5: warning: conflicting types for built-in function ‘exp’ [-Wbuiltin-declaration-mismatch]
       int exp (void);
           ^~~
      gcc -pthread _configtest.o -o _configtest
      _configtest.o: In function `main':
      /tmp/pip-install-395hjhwa/numpy_5f78170c152b42539cc80e03aa5fa9b2/_configtest.c:6: undefined reference to `exp'
      collect2: error: ld returned 1 exit status
      failure.
      removing: _configtest.c _configtest.o _configtest.o.d
      C compiler: gcc -pthread -Wno-unused-result -Wsign-compare -DNDEBUG -g -fwrapv -O3 -Wall -fPIC
      
      compile options: '-Inumpy/core/src/common -Inumpy/core/src -Inumpy/core -Inumpy/core/src/npymath -Inumpy/core/src/multiarray -Inumpy/core/src/umath -Inumpy/core/src/npysort -I/workdir/nibabel-4.0.2/.tox/cpythonlibtest-unit-test-tests/include -I/usr/local/include/python3.10 -c'
      gcc: _configtest.c
      _configtest.c:1:5: warning: conflicting types for built-in function ‘exp’ [-Wbuiltin-declaration-mismatch]
       int exp (void);
           ^~~
      gcc -pthread _configtest.o -lm -o _configtest
      success!
      removing: _configtest.c _configtest.o _configtest.o.d _configtest
      C compiler: gcc -pthread -Wno-unused-result -Wsign-compare -DNDEBUG -g -fwrapv -O3 -Wall -fPIC
      
      compile options: '-Inumpy/core/src/common -Inumpy/core/src -Inumpy/core -Inumpy/core/src/npymath -Inumpy/core/src/multiarray -Inumpy/core/src/umath -Inumpy/core/src/npysort -I/workdir/nibabel-4.0.2/.tox/cpythonlibtest-unit-test-tests/include -I/usr/local/include/python3.10 -c'
      gcc: _configtest.c
      success!
      removing: _configtest.c _configtest.o _configtest.o.d
      C compiler: gcc -pthread -Wno-unused-result -Wsign-compare -DNDEBUG -g -fwrapv -O3 -Wall -fPIC
      
      compile options: '-Inumpy/core/src/common -Inumpy/core/src -Inumpy/core -Inumpy/core/src/npymath -Inumpy/core/src/multiarray -Inumpy/core/src/umath -Inumpy/core/src/npysort -I/workdir/nibabel-4.0.2/.tox/cpythonlibtest-unit-test-tests/include -I/usr/local/include/python3.10 -c'
      gcc: _configtest.c
      _configtest.c:3: warning: ignoring #pragma clang diagnostic [-Wunknown-pragmas]
       #pragma clang diagnostic error "-Wattributes"
      
      success!
      removing: _configtest.c _configtest.o _configtest.o.d
      File: build/src.linux-x86_64-3.1/numpy/core/include/numpy/_numpyconfig.h
      #define NPY_HAVE_ENDIAN_H 1
      #define NPY_SIZEOF_SHORT SIZEOF_SHORT
      #define NPY_SIZEOF_INT SIZEOF_INT
      #define NPY_SIZEOF_LONG SIZEOF_LONG
      #define NPY_SIZEOF_FLOAT 4
      #define NPY_SIZEOF_COMPLEX_FLOAT 8
      #define NPY_SIZEOF_DOUBLE 8
      #define NPY_SIZEOF_COMPLEX_DOUBLE 16
      #define NPY_SIZEOF_LONGDOUBLE 16
      #define NPY_SIZEOF_COMPLEX_LONGDOUBLE 32
      #define NPY_SIZEOF_PY_INTPTR_T 8
      #define NPY_SIZEOF_OFF_T 8
      #define NPY_SIZEOF_PY_LONG_LONG 8
      #define NPY_SIZEOF_LONGLONG 8
      #define NPY_NO_SMP 0
      #define NPY_HAVE_DECL_ISNAN
      #define NPY_HAVE_DECL_ISINF
      #define NPY_HAVE_DECL_ISFINITE
      #define NPY_HAVE_DECL_SIGNBIT
      #define NPY_USE_C99_COMPLEX 1
      #define NPY_HAVE_COMPLEX_DOUBLE 1
      #define NPY_HAVE_COMPLEX_FLOAT 1
      #define NPY_HAVE_COMPLEX_LONG_DOUBLE 1
      #define NPY_RELAXED_STRIDES_CHECKING 1
      #define NPY_USE_C99_FORMATS 1
      #define NPY_VISIBILITY_HIDDEN __attribute__((visibility("hidden")))
      #define NPY_ABI_VERSION 0x01000009
      #define NPY_API_VERSION 0x0000000D
      
      #ifndef __STDC_FORMAT_MACROS
      #define __STDC_FORMAT_MACROS 1
      #endif
      
      EOF
        adding 'build/src.linux-x86_64-3.1/numpy/core/include/numpy/_numpyconfig.h' to sources.
      executing numpy/core/code_generators/generate_numpy_api.py
        adding 'build/src.linux-x86_64-3.1/numpy/core/include/numpy/__multiarray_api.h' to sources.
      numpy.core - nothing done with h_files = ['build/src.linux-x86_64-3.1/numpy/core/include/numpy/config.h', 'build/src.linux-x86_64-3.1/numpy/core/include/numpy/_numpyconfig.h', 'build/src.linux-x86_64-3.1/numpy/core/include/numpy/__multiarray_api.h']
      building extension "numpy.core._multiarray_tests" sources
      creating build/src.linux-x86_64-3.1/numpy/core/src/multiarray
      conv_template:> build/src.linux-x86_64-3.1/numpy/core/src/multiarray/_multiarray_tests.c
      building extension "numpy.core._multiarray_umath" sources
        adding 'build/src.linux-x86_64-3.1/numpy/core/include/numpy/config.h' to sources.
        adding 'build/src.linux-x86_64-3.1/numpy/core/include/numpy/_numpyconfig.h' to sources.
      executing numpy/core/code_generators/generate_numpy_api.py
        adding 'build/src.linux-x86_64-3.1/numpy/core/include/numpy/__multiarray_api.h' to sources.
      executing numpy/core/code_generators/generate_ufunc_api.py
        adding 'build/src.linux-x86_64-3.1/numpy/core/include/numpy/__ufunc_api.h' to sources.
      conv_template:> build/src.linux-x86_64-3.1/numpy/core/src/multiarray/arraytypes.c
      conv_template:> build/src.linux-x86_64-3.1/numpy/core/src/multiarray/einsum.c
      conv_template:> build/src.linux-x86_64-3.1/numpy/core/src/multiarray/lowlevel_strided_loops.c
      conv_template:> build/src.linux-x86_64-3.1/numpy/core/src/multiarray/nditer_templ.c
      conv_template:> build/src.linux-x86_64-3.1/numpy/core/src/multiarray/scalartypes.c
      creating build/src.linux-x86_64-3.1/numpy/core/src/umath
      conv_template:> build/src.linux-x86_64-3.1/numpy/core/src/umath/funcs.inc
        adding 'build/src.linux-x86_64-3.1/numpy/core/src/umath' to include_dirs.
      conv_template:> build/src.linux-x86_64-3.1/numpy/core/src/umath/simd.inc
      conv_template:> build/src.linux-x86_64-3.1/numpy/core/src/umath/loops.h
      conv_template:> build/src.linux-x86_64-3.1/numpy/core/src/umath/loops.c
      conv_template:> build/src.linux-x86_64-3.1/numpy/core/src/umath/matmul.h
      conv_template:> build/src.linux-x86_64-3.1/numpy/core/src/umath/matmul.c
      conv_template:> build/src.linux-x86_64-3.1/numpy/core/src/umath/clip.h
      conv_template:> build/src.linux-x86_64-3.1/numpy/core/src/umath/clip.c
      conv_template:> build/src.linux-x86_64-3.1/numpy/core/src/umath/scalarmath.c
        adding 'build/src.linux-x86_64-3.1/numpy/core/src/npymath' to include_dirs.
      conv_template:> build/src.linux-x86_64-3.1/numpy/core/src/common/templ_common.h
        adding 'build/src.linux-x86_64-3.1/numpy/core/src/common' to include_dirs.
      numpy.core - nothing done with h_files = ['build/src.linux-x86_64-3.1/numpy/core/src/umath/funcs.inc', 'build/src.linux-x86_64-3.1/numpy/core/src/umath/simd.inc', 'build/src.linux-x86_64-3.1/numpy/core/src/umath/loops.h', 'build/src.linux-x86_64-3.1/numpy/core/src/umath/matmul.h', 'build/src.linux-x86_64-3.1/numpy/core/src/umath/clip.h', 'build/src.linux-x86_64-3.1/numpy/core/src/npymath/npy_math_internal.h', 'build/src.linux-x86_64-3.1/numpy/core/src/common/templ_common.h', 'build/src.linux-x86_64-3.1/numpy/core/include/numpy/config.h', 'build/src.linux-x86_64-3.1/numpy/core/include/numpy/_numpyconfig.h', 'build/src.linux-x86_64-3.1/numpy/core/include/numpy/__multiarray_api.h', 'build/src.linux-x86_64-3.1/numpy/core/include/numpy/__ufunc_api.h']
      building extension "numpy.core._umath_tests" sources
      conv_template:> build/src.linux-x86_64-3.1/numpy/core/src/umath/_umath_tests.c
      building extension "numpy.core._rational_tests" sources
      conv_template:> build/src.linux-x86_64-3.1/numpy/core/src/umath/_rational_tests.c
      building extension "numpy.core._struct_ufunc_tests" sources
      conv_template:> build/src.linux-x86_64-3.1/numpy/core/src/umath/_struct_ufunc_tests.c
      building extension "numpy.core._operand_flag_tests" sources
      conv_template:> build/src.linux-x86_64-3.1/numpy/core/src/umath/_operand_flag_tests.c
      building extension "numpy.fft.pocketfft_internal" sources
      building extension "numpy.linalg.lapack_lite" sources
      creating build/src.linux-x86_64-3.1/numpy/linalg
        adding 'numpy/linalg/lapack_lite/python_xerbla.c' to sources.
      building extension "numpy.linalg._umath_linalg" sources
        adding 'numpy/linalg/lapack_lite/python_xerbla.c' to sources.
      conv_template:> build/src.linux-x86_64-3.1/numpy/linalg/umath_linalg.c
      building extension "numpy.random.entropy" sources
      creating build/src.linux-x86_64-3.1/numpy/random
      building extension "numpy.random.mt19937" sources
      building extension "numpy.random.philox" sources
      building extension "numpy.random.pcg64" sources
      building extension "numpy.random.sfc64" sources
      building extension "numpy.random.common" sources
      building extension "numpy.random.bit_generator" sources
      building extension "numpy.random.generator" sources
      building extension "numpy.random.bounded_integers" sources
      building extension "numpy.random.mtrand" sources
      building data_files sources
      build_src: building npy-pkg config files
      /workdir/nibabel-4.0.2/.tox/cpythonlibtest-unit-test-tests/lib/python3.10/site-packages/setuptools/_distutils/cmd.py:66: SetuptoolsDeprecationWarning: setup.py install is deprecated.
      !!
      
              ********************************************************************************
              Please avoid running ``setup.py`` directly.
              Instead, use pypa/build, pypa/installer or other
              standards-based tools.
      
              See https://blog.ganssle.io/articles/2021/10/setup-py-deprecated.html for details.
              ********************************************************************************
      
      !!
        self.initialize_options()
      running build_py
      creating build/lib.linux-x86_64-cpython-310
      creating build/lib.linux-x86_64-cpython-310/numpy
      copying numpy/__init__.py -> build/lib.linux-x86_64-cpython-310/numpy
      copying numpy/conftest.py -> build/lib.linux-x86_64-cpython-310/numpy
      copying numpy/dual.py -> build/lib.linux-x86_64-cpython-310/numpy
      copying numpy/_distributor_init.py -> build/lib.linux-x86_64-cpython-310/numpy
      copying numpy/_pytesttester.py -> build/lib.linux-x86_64-cpython-310/numpy
      copying numpy/_globals.py -> build/lib.linux-x86_64-cpython-310/numpy
      copying numpy/version.py -> build/lib.linux-x86_64-cpython-310/numpy
      copying numpy/setup.py -> build/lib.linux-x86_64-cpython-310/numpy
      copying numpy/ctypeslib.py -> build/lib.linux-x86_64-cpython-310/numpy
      copying numpy/matlib.py -> build/lib.linux-x86_64-cpython-310/numpy
      copying build/src.linux-x86_64-3.1/numpy/__config__.py -> build/lib.linux-x86_64-cpython-310/numpy
      creating build/lib.linux-x86_64-cpython-310/numpy/compat
      copying numpy/compat/__init__.py -> build/lib.linux-x86_64-cpython-310/numpy/compat
      copying numpy/compat/setup.py -> build/lib.linux-x86_64-cpython-310/numpy/compat
      copying numpy/compat/_inspect.py -> build/lib.linux-x86_64-cpython-310/numpy/compat
      copying numpy/compat/py3k.py -> build/lib.linux-x86_64-cpython-310/numpy/compat
      creating build/lib.linux-x86_64-cpython-310/numpy/core
      copying numpy/core/function_base.py -> build/lib.linux-x86_64-cpython-310/numpy/core
      copying numpy/core/getlimits.py -> build/lib.linux-x86_64-cpython-310/numpy/core
      copying numpy/core/_string_helpers.py -> build/lib.linux-x86_64-cpython-310/numpy/core
      copying numpy/core/__init__.py -> build/lib.linux-x86_64-cpython-310/numpy/core
      copying numpy/core/_type_aliases.py -> build/lib.linux-x86_64-cpython-310/numpy/core
      copying numpy/core/umath.py -> build/lib.linux-x86_64-cpython-310/numpy/core
      copying numpy/core/_dtype_ctypes.py -> build/lib.linux-x86_64-cpython-310/numpy/core
      copying numpy/core/_exceptions.py -> build/lib.linux-x86_64-cpython-310/numpy/core
      copying numpy/core/fromnumeric.py -> build/lib.linux-x86_64-cpython-310/numpy/core
      copying numpy/core/machar.py -> build/lib.linux-x86_64-cpython-310/numpy/core
      copying numpy/core/_internal.py -> build/lib.linux-x86_64-cpython-310/numpy/core
      copying numpy/core/_aliased_types.py -> build/lib.linux-x86_64-cpython-310/numpy/core
      copying numpy/core/info.py -> build/lib.linux-x86_64-cpython-310/numpy/core
      copying numpy/core/_dtype.py -> build/lib.linux-x86_64-cpython-310/numpy/core
      copying numpy/core/setup_common.py -> build/lib.linux-x86_64-cpython-310/numpy/core
      copying numpy/core/overrides.py -> build/lib.linux-x86_64-cpython-310/numpy/core
      copying numpy/core/_add_newdocs.py -> build/lib.linux-x86_64-cpython-310/numpy/core
      copying numpy/core/_ufunc_config.py -> build/lib.linux-x86_64-cpython-310/numpy/core
      copying numpy/core/_methods.py -> build/lib.linux-x86_64-cpython-310/numpy/core
      copying numpy/core/memmap.py -> build/lib.linux-x86_64-cpython-310/numpy/core
      copying numpy/core/numerictypes.py -> build/lib.linux-x86_64-cpython-310/numpy/core
      copying numpy/core/einsumfunc.py -> build/lib.linux-x86_64-cpython-310/numpy/core
      copying numpy/core/setup.py -> build/lib.linux-x86_64-cpython-310/numpy/core
      copying numpy/core/records.py -> build/lib.linux-x86_64-cpython-310/numpy/core
      copying numpy/core/_asarray.py -> build/lib.linux-x86_64-cpython-310/numpy/core
      copying numpy/core/umath_tests.py -> build/lib.linux-x86_64-cpython-310/numpy/core
      copying numpy/core/defchararray.py -> build/lib.linux-x86_64-cpython-310/numpy/core
      copying numpy/core/multiarray.py -> build/lib.linux-x86_64-cpython-310/numpy/core
      copying numpy/core/arrayprint.py -> build/lib.linux-x86_64-cpython-310/numpy/core
      copying numpy/core/numeric.py -> build/lib.linux-x86_64-cpython-310/numpy/core
      copying numpy/core/shape_base.py -> build/lib.linux-x86_64-cpython-310/numpy/core
      copying numpy/core/cversions.py -> build/lib.linux-x86_64-cpython-310/numpy/core
      copying numpy/core/code_generators/generate_numpy_api.py -> build/lib.linux-x86_64-cpython-310/numpy/core
      creating build/lib.linux-x86_64-cpython-310/numpy/distutils
      copying numpy/distutils/exec_command.py -> build/lib.linux-x86_64-cpython-310/numpy/distutils
      copying numpy/distutils/pathccompiler.py -> build/lib.linux-x86_64-cpython-310/numpy/distutils
      copying numpy/distutils/lib2def.py -> build/lib.linux-x86_64-cpython-310/numpy/distutils
      copying numpy/distutils/compat.py -> build/lib.linux-x86_64-cpython-310/numpy/distutils
      copying numpy/distutils/__init__.py -> build/lib.linux-x86_64-cpython-310/numpy/distutils
      copying numpy/distutils/_shell_utils.py -> build/lib.linux-x86_64-cpython-310/numpy/distutils
      copying numpy/distutils/extension.py -> build/lib.linux-x86_64-cpython-310/numpy/distutils
      copying numpy/distutils/msvccompiler.py -> build/lib.linux-x86_64-cpython-310/numpy/distutils
      copying numpy/distutils/unixccompiler.py -> build/lib.linux-x86_64-cpython-310/numpy/distutils
      copying numpy/distutils/info.py -> build/lib.linux-x86_64-cpython-310/numpy/distutils
      copying numpy/distutils/numpy_distribution.py -> build/lib.linux-x86_64-cpython-310/numpy/distutils
      copying numpy/distutils/conv_template.py -> build/lib.linux-x86_64-cpython-310/numpy/distutils
      copying numpy/distutils/from_template.py -> build/lib.linux-x86_64-cpython-310/numpy/distutils
      copying numpy/distutils/log.py -> build/lib.linux-x86_64-cpython-310/numpy/distutils
      copying numpy/distutils/npy_pkg_config.py -> build/lib.linux-x86_64-cpython-310/numpy/distutils
      copying numpy/distutils/cpuinfo.py -> build/lib.linux-x86_64-cpython-310/numpy/distutils
      copying numpy/distutils/setup.py -> build/lib.linux-x86_64-cpython-310/numpy/distutils
      copying numpy/distutils/core.py -> build/lib.linux-x86_64-cpython-310/numpy/distutils
      copying numpy/distutils/misc_util.py -> build/lib.linux-x86_64-cpython-310/numpy/distutils
      copying numpy/distutils/mingw32ccompiler.py -> build/lib.linux-x86_64-cpython-310/numpy/distutils
      copying numpy/distutils/system_info.py -> build/lib.linux-x86_64-cpython-310/numpy/distutils
      copying numpy/distutils/msvc9compiler.py -> build/lib.linux-x86_64-cpython-310/numpy/distutils
      copying numpy/distutils/line_endings.py -> build/lib.linux-x86_64-cpython-310/numpy/distutils
      copying numpy/distutils/intelccompiler.py -> build/lib.linux-x86_64-cpython-310/numpy/distutils
      copying numpy/distutils/__version__.py -> build/lib.linux-x86_64-cpython-310/numpy/distutils
      copying numpy/distutils/ccompiler.py -> build/lib.linux-x86_64-cpython-310/numpy/distutils
      copying build/src.linux-x86_64-3.1/numpy/distutils/__config__.py -> build/lib.linux-x86_64-cpython-310/numpy/distutils
      creating build/lib.linux-x86_64-cpython-310/numpy/distutils/command
      copying numpy/distutils/command/develop.py -> build/lib.linux-x86_64-cpython-310/numpy/distutils/command
      copying numpy/distutils/command/__init__.py -> build/lib.linux-x86_64-cpython-310/numpy/distutils/command
      copying numpy/distutils/command/build_py.py -> build/lib.linux-x86_64-cpython-310/numpy/distutils/command
      copying numpy/distutils/command/sdist.py -> build/lib.linux-x86_64-cpython-310/numpy/distutils/command
      copying numpy/distutils/command/build.py -> build/lib.linux-x86_64-cpython-310/numpy/distutils/command
      copying numpy/distutils/command/egg_info.py -> build/lib.linux-x86_64-cpython-310/numpy/distutils/command
      copying numpy/distutils/command/build_src.py -> build/lib.linux-x86_64-cpython-310/numpy/distutils/command
      copying numpy/distutils/command/build_scripts.py -> build/lib.linux-x86_64-cpython-310/numpy/distutils/command
      copying numpy/distutils/command/install_clib.py -> build/lib.linux-x86_64-cpython-310/numpy/distutils/command
      copying numpy/distutils/command/build_clib.py -> build/lib.linux-x86_64-cpython-310/numpy/distutils/command
      copying numpy/distutils/command/bdist_rpm.py -> build/lib.linux-x86_64-cpython-310/numpy/distutils/command
      copying numpy/distutils/command/install.py -> build/lib.linux-x86_64-cpython-310/numpy/distutils/command
      copying numpy/distutils/command/config_compiler.py -> build/lib.linux-x86_64-cpython-310/numpy/distutils/command
      copying numpy/distutils/command/install_data.py -> build/lib.linux-x86_64-cpython-310/numpy/distutils/command
      copying numpy/distutils/command/autodist.py -> build/lib.linux-x86_64-cpython-310/numpy/distutils/command
      copying numpy/distutils/command/config.py -> build/lib.linux-x86_64-cpython-310/numpy/distutils/command
      copying numpy/distutils/command/build_ext.py -> build/lib.linux-x86_64-cpython-310/numpy/distutils/command
      copying numpy/distutils/command/install_headers.py -> build/lib.linux-x86_64-cpython-310/numpy/distutils/command
      creating build/lib.linux-x86_64-cpython-310/numpy/distutils/fcompiler
      copying numpy/distutils/fcompiler/nag.py -> build/lib.linux-x86_64-cpython-310/numpy/distutils/fcompiler
      copying numpy/distutils/fcompiler/gnu.py -> build/lib.linux-x86_64-cpython-310/numpy/distutils/fcompiler
      copying numpy/distutils/fcompiler/sun.py -> build/lib.linux-x86_64-cpython-310/numpy/distutils/fcompiler
      copying numpy/distutils/fcompiler/g95.py -> build/lib.linux-x86_64-cpython-310/numpy/distutils/fcompiler
      copying numpy/distutils/fcompiler/ibm.py -> build/lib.linux-x86_64-cpython-310/numpy/distutils/fcompiler
      copying numpy/distutils/fcompiler/__init__.py -> build/lib.linux-x86_64-cpython-310/numpy/distutils/fcompiler
      copying numpy/distutils/fcompiler/compaq.py -> build/lib.linux-x86_64-cpython-310/numpy/distutils/fcompiler
      copying numpy/distutils/fcompiler/pathf95.py -> build/lib.linux-x86_64-cpython-310/numpy/distutils/fcompiler
      copying numpy/distutils/fcompiler/absoft.py -> build/lib.linux-x86_64-cpython-310/numpy/distutils/fcompiler
      copying numpy/distutils/fcompiler/none.py -> build/lib.linux-x86_64-cpython-310/numpy/distutils/fcompiler
      copying numpy/distutils/fcompiler/environment.py -> build/lib.linux-x86_64-cpython-310/numpy/distutils/fcompiler
      copying numpy/distutils/fcompiler/vast.py -> build/lib.linux-x86_64-cpython-310/numpy/distutils/fcompiler
      copying numpy/distutils/fcompiler/pg.py -> build/lib.linux-x86_64-cpython-310/numpy/distutils/fcompiler
      copying numpy/distutils/fcompiler/lahey.py -> build/lib.linux-x86_64-cpython-310/numpy/distutils/fcompiler
      copying numpy/distutils/fcompiler/intel.py -> build/lib.linux-x86_64-cpython-310/numpy/distutils/fcompiler
      copying numpy/distutils/fcompiler/hpux.py -> build/lib.linux-x86_64-cpython-310/numpy/distutils/fcompiler
      copying numpy/distutils/fcompiler/mips.py -> build/lib.linux-x86_64-cpython-310/numpy/distutils/fcompiler
      creating build/lib.linux-x86_64-cpython-310/numpy/doc
      copying numpy/doc/constants.py -> build/lib.linux-x86_64-cpython-310/numpy/doc
      copying numpy/doc/__init__.py -> build/lib.linux-x86_64-cpython-310/numpy/doc
      copying numpy/doc/glossary.py -> build/lib.linux-x86_64-cpython-310/numpy/doc
      copying numpy/doc/dispatch.py -> build/lib.linux-x86_64-cpython-310/numpy/doc
      copying numpy/doc/structured_arrays.py -> build/lib.linux-x86_64-cpython-310/numpy/doc
      copying numpy/doc/subclassing.py -> build/lib.linux-x86_64-cpython-310/numpy/doc
      copying numpy/doc/broadcasting.py -> build/lib.linux-x86_64-cpython-310/numpy/doc
      copying numpy/doc/misc.py -> build/lib.linux-x86_64-cpython-310/numpy/doc
      copying numpy/doc/ufuncs.py -> build/lib.linux-x86_64-cpython-310/numpy/doc
      copying numpy/doc/byteswapping.py -> build/lib.linux-x86_64-cpython-310/numpy/doc
      copying numpy/doc/creation.py -> build/lib.linux-x86_64-cpython-310/numpy/doc
      copying numpy/doc/internals.py -> build/lib.linux-x86_64-cpython-310/numpy/doc
      copying numpy/doc/basics.py -> build/lib.linux-x86_64-cpython-310/numpy/doc
      copying numpy/doc/indexing.py -> build/lib.linux-x86_64-cpython-310/numpy/doc
      creating build/lib.linux-x86_64-cpython-310/numpy/f2py
      copying numpy/f2py/diagnose.py -> build/lib.linux-x86_64-cpython-310/numpy/f2py
      copying numpy/f2py/f2py2e.py -> build/lib.linux-x86_64-cpython-310/numpy/f2py
      copying numpy/f2py/__init__.py -> build/lib.linux-x86_64-cpython-310/numpy/f2py
      copying numpy/f2py/auxfuncs.py -> build/lib.linux-x86_64-cpython-310/numpy/f2py
      copying numpy/f2py/use_rules.py -> build/lib.linux-x86_64-cpython-310/numpy/f2py
      copying numpy/f2py/info.py -> build/lib.linux-x86_64-cpython-310/numpy/f2py
      copying numpy/f2py/cb_rules.py -> build/lib.linux-x86_64-cpython-310/numpy/f2py
      copying numpy/f2py/crackfortran.py -> build/lib.linux-x86_64-cpython-310/numpy/f2py
      copying numpy/f2py/cfuncs.py -> build/lib.linux-x86_64-cpython-310/numpy/f2py
      copying numpy/f2py/capi_maps.py -> build/lib.linux-x86_64-cpython-310/numpy/f2py
      copying numpy/f2py/f2py_testing.py -> build/lib.linux-x86_64-cpython-310/numpy/f2py
      copying numpy/f2py/setup.py -> build/lib.linux-x86_64-cpython-310/numpy/f2py
      copying numpy/f2py/__main__.py -> build/lib.linux-x86_64-cpython-310/numpy/f2py
      copying numpy/f2py/func2subr.py -> build/lib.linux-x86_64-cpython-310/numpy/f2py
      copying numpy/f2py/rules.py -> build/lib.linux-x86_64-cpython-310/numpy/f2py
      copying numpy/f2py/common_rules.py -> build/lib.linux-x86_64-cpython-310/numpy/f2py
      copying numpy/f2py/__version__.py -> build/lib.linux-x86_64-cpython-310/numpy/f2py
      copying numpy/f2py/f90mod_rules.py -> build/lib.linux-x86_64-cpython-310/numpy/f2py
      creating build/lib.linux-x86_64-cpython-310/numpy/fft
      copying numpy/fft/helper.py -> build/lib.linux-x86_64-cpython-310/numpy/fft
      copying numpy/fft/pocketfft.py -> build/lib.linux-x86_64-cpython-310/numpy/fft
      copying numpy/fft/__init__.py -> build/lib.linux-x86_64-cpython-310/numpy/fft
      copying numpy/fft/info.py -> build/lib.linux-x86_64-cpython-310/numpy/fft
      copying numpy/fft/setup.py -> build/lib.linux-x86_64-cpython-310/numpy/fft
      creating build/lib.linux-x86_64-cpython-310/numpy/lib
      copying numpy/lib/histograms.py -> build/lib.linux-x86_64-cpython-310/numpy/lib
      copying numpy/lib/function_base.py -> build/lib.linux-x86_64-cpython-310/numpy/lib
      copying numpy/lib/arraypad.py -> build/lib.linux-x86_64-cpython-310/numpy/lib
      copying numpy/lib/format.py -> build/lib.linux-x86_64-cpython-310/numpy/lib
      copying numpy/lib/arrayterator.py -> build/lib.linux-x86_64-cpython-310/numpy/lib
      copying numpy/lib/__init__.py -> build/lib.linux-x86_64-cpython-310/numpy/lib
      copying numpy/lib/user_array.py -> build/lib.linux-x86_64-cpython-310/numpy/lib
      copying numpy/lib/recfunctions.py -> build/lib.linux-x86_64-cpython-310/numpy/lib
      copying numpy/lib/mixins.py -> build/lib.linux-x86_64-cpython-310/numpy/lib
      copying numpy/lib/scimath.py -> build/lib.linux-x86_64-cpython-310/numpy/lib
      copying numpy/lib/arraysetops.py -> build/lib.linux-x86_64-cpython-310/numpy/lib
      copying numpy/lib/info.py -> build/lib.linux-x86_64-cpython-310/numpy/lib
      copying numpy/lib/financial.py -> build/lib.linux-x86_64-cpython-310/numpy/lib
      copying numpy/lib/nanfunctions.py -> build/lib.linux-x86_64-cpython-310/numpy/lib
      copying numpy/lib/stride_tricks.py -> build/lib.linux-x86_64-cpython-310/numpy/lib
      copying numpy/lib/index_tricks.py -> build/lib.linux-x86_64-cpython-310/numpy/lib
      copying numpy/lib/type_check.py -> build/lib.linux-x86_64-cpython-310/numpy/lib
      copying numpy/lib/setup.py -> build/lib.linux-x86_64-cpython-310/numpy/lib
      copying numpy/lib/utils.py -> build/lib.linux-x86_64-cpython-310/numpy/lib
      copying numpy/lib/_iotools.py -> build/lib.linux-x86_64-cpython-310/numpy/lib
      copying numpy/lib/npyio.py -> build/lib.linux-x86_64-cpython-310/numpy/lib
      copying numpy/lib/_datasource.py -> build/lib.linux-x86_64-cpython-310/numpy/lib
      copying numpy/lib/ufunclike.py -> build/lib.linux-x86_64-cpython-310/numpy/lib
      copying numpy/lib/_version.py -> build/lib.linux-x86_64-cpython-310/numpy/lib
      copying numpy/lib/twodim_base.py -> build/lib.linux-x86_64-cpython-310/numpy/lib
      copying numpy/lib/shape_base.py -> build/lib.linux-x86_64-cpython-310/numpy/lib
      copying numpy/lib/polynomial.py -> build/lib.linux-x86_64-cpython-310/numpy/lib
      creating build/lib.linux-x86_64-cpython-310/numpy/linalg
      copying numpy/linalg/__init__.py -> build/lib.linux-x86_64-cpython-310/numpy/linalg
      copying numpy/linalg/info.py -> build/lib.linux-x86_64-cpython-310/numpy/linalg
      copying numpy/linalg/setup.py -> build/lib.linux-x86_64-cpython-310/numpy/linalg
      copying numpy/linalg/linalg.py -> build/lib.linux-x86_64-cpython-310/numpy/linalg
      creating build/lib.linux-x86_64-cpython-310/numpy/ma
      copying numpy/ma/__init__.py -> build/lib.linux-x86_64-cpython-310/numpy/ma
      copying numpy/ma/bench.py -> build/lib.linux-x86_64-cpython-310/numpy/ma
      copying numpy/ma/testutils.py -> build/lib.linux-x86_64-cpython-310/numpy/ma
      copying numpy/ma/extras.py -> build/lib.linux-x86_64-cpython-310/numpy/ma
      copying numpy/ma/mrecords.py -> build/lib.linux-x86_64-cpython-310/numpy/ma
      copying numpy/ma/version.py -> build/lib.linux-x86_64-cpython-310/numpy/ma
      copying numpy/ma/setup.py -> build/lib.linux-x86_64-cpython-310/numpy/ma
      copying numpy/ma/core.py -> build/lib.linux-x86_64-cpython-310/numpy/ma
      copying numpy/ma/timer_comparison.py -> build/lib.linux-x86_64-cpython-310/numpy/ma
      creating build/lib.linux-x86_64-cpython-310/numpy/matrixlib
      copying numpy/matrixlib/__init__.py -> build/lib.linux-x86_64-cpython-310/numpy/matrixlib
      copying numpy/matrixlib/defmatrix.py -> build/lib.linux-x86_64-cpython-310/numpy/matrixlib
      copying numpy/matrixlib/setup.py -> build/lib.linux-x86_64-cpython-310/numpy/matrixlib
      creating build/lib.linux-x86_64-cpython-310/numpy/polynomial
      copying numpy/polynomial/__init__.py -> build/lib.linux-x86_64-cpython-310/numpy/polynomial
      copying numpy/polynomial/hermite.py -> build/lib.linux-x86_64-cpython-310/numpy/polynomial
      copying numpy/polynomial/_polybase.py -> build/lib.linux-x86_64-cpython-310/numpy/polynomial
      copying numpy/polynomial/hermite_e.py -> build/lib.linux-x86_64-cpython-310/numpy/polynomial
      copying numpy/polynomial/setup.py -> build/lib.linux-x86_64-cpython-310/numpy/polynomial
      copying numpy/polynomial/laguerre.py -> build/lib.linux-x86_64-cpython-310/numpy/polynomial
      copying numpy/polynomial/legendre.py -> build/lib.linux-x86_64-cpython-310/numpy/polynomial
      copying numpy/polynomial/chebyshev.py -> build/lib.linux-x86_64-cpython-310/numpy/polynomial
      copying numpy/polynomial/polyutils.py -> build/lib.linux-x86_64-cpython-310/numpy/polynomial
      copying numpy/polynomial/polynomial.py -> build/lib.linux-x86_64-cpython-310/numpy/polynomial
      creating build/lib.linux-x86_64-cpython-310/numpy/random
      copying numpy/random/__init__.py -> build/lib.linux-x86_64-cpython-310/numpy/random
      copying numpy/random/info.py -> build/lib.linux-x86_64-cpython-310/numpy/random
      copying numpy/random/_pickle.py -> build/lib.linux-x86_64-cpython-310/numpy/random
      copying numpy/random/setup.py -> build/lib.linux-x86_64-cpython-310/numpy/random
      creating build/lib.linux-x86_64-cpython-310/numpy/testing
      copying numpy/testing/print_coercion_tables.py -> build/lib.linux-x86_64-cpython-310/numpy/testing
      copying numpy/testing/__init__.py -> build/lib.linux-x86_64-cpython-310/numpy/testing
      copying numpy/testing/decorators.py -> build/lib.linux-x86_64-cpython-310/numpy/testing
      copying numpy/testing/noseclasses.py -> build/lib.linux-x86_64-cpython-310/numpy/testing
      copying numpy/testing/setup.py -> build/lib.linux-x86_64-cpython-310/numpy/testing
      copying numpy/testing/utils.py -> build/lib.linux-x86_64-cpython-310/numpy/testing
      copying numpy/testing/nosetester.py -> build/lib.linux-x86_64-cpython-310/numpy/testing
      creating build/lib.linux-x86_64-cpython-310/numpy/testing/_private
      copying numpy/testing/_private/__init__.py -> build/lib.linux-x86_64-cpython-310/numpy/testing/_private
      copying numpy/testing/_private/parameterized.py -> build/lib.linux-x86_64-cpython-310/numpy/testing/_private
      copying numpy/testing/_private/decorators.py -> build/lib.linux-x86_64-cpython-310/numpy/testing/_private
      copying numpy/testing/_private/noseclasses.py -> build/lib.linux-x86_64-cpython-310/numpy/testing/_private
      copying numpy/testing/_private/utils.py -> build/lib.linux-x86_64-cpython-310/numpy/testing/_private
      copying numpy/testing/_private/nosetester.py -> build/lib.linux-x86_64-cpython-310/numpy/testing/_private
      running build_clib
      customize UnixCCompiler
      customize UnixCCompiler using build_clib
      building 'npymath' library
      compiling C sources
      C compiler: gcc -pthread -Wno-unused-result -Wsign-compare -DNDEBUG -g -fwrapv -O3 -Wall -fPIC
      
      creating build/temp.linux-x86_64-cpython-310
      creating build/temp.linux-x86_64-cpython-310/numpy
      creating build/temp.linux-x86_64-cpython-310/numpy/core
      creating build/temp.linux-x86_64-cpython-310/numpy/core/src
      creating build/temp.linux-x86_64-cpython-310/numpy/core/src/npymath
      creating build/temp.linux-x86_64-cpython-310/build
      creating build/temp.linux-x86_64-cpython-310/build/src.linux-x86_64-3.1
      creating build/temp.linux-x86_64-cpython-310/build/src.linux-x86_64-3.1/numpy
      creating build/temp.linux-x86_64-cpython-310/build/src.linux-x86_64-3.1/numpy/core
      creating build/temp.linux-x86_64-cpython-310/build/src.linux-x86_64-3.1/numpy/core/src
      creating build/temp.linux-x86_64-cpython-310/build/src.linux-x86_64-3.1/numpy/core/src/npymath
      compile options: '-Ibuild/src.linux-x86_64-3.1/numpy/core/src/npymath -Inumpy/core/include -Ibuild/src.linux-x86_64-3.1/numpy/core/include/numpy -Inumpy/core/src/common -Inumpy/core/src -Inumpy/core -Inumpy/core/src/npymath -Inumpy/core/src/multiarray -Inumpy/core/src/umath -Inumpy/core/src/npysort -I/workdir/nibabel-4.0.2/.tox/cpythonlibtest-unit-test-tests/include -I/usr/local/include/python3.10 -Ibuild/src.linux-x86_64-3.1/numpy/core/src/common -Ibuild/src.linux-x86_64-3.1/numpy/core/src/npymath -Ibuild/src.linux-x86_64-3.1/numpy/core/src/common -Ibuild/src.linux-x86_64-3.1/numpy/core/src/npymath -c'
      gcc: numpy/core/src/npymath/npy_math.c
      gcc: build/src.linux-x86_64-3.1/numpy/core/src/npymath/ieee754.c
      gcc: numpy/core/src/npymath/halffloat.c
      gcc: build/src.linux-x86_64-3.1/numpy/core/src/npymath/npy_math_complex.c
      ar: adding 4 object files to build/temp.linux-x86_64-cpython-310/libnpymath.a
      building 'npysort' library
      compiling C sources
      C compiler: gcc -pthread -Wno-unused-result -Wsign-compare -DNDEBUG -g -fwrapv -O3 -Wall -fPIC
      
      creating build/temp.linux-x86_64-cpython-310/build/src.linux-x86_64-3.1/numpy/core/src/npysort
      compile options: '-Ibuild/src.linux-x86_64-3.1/numpy/core/src/common -Inumpy/core/include -Ibuild/src.linux-x86_64-3.1/numpy/core/include/numpy -Inumpy/core/src/common -Inumpy/core/src -Inumpy/core -Inumpy/core/src/npymath -Inumpy/core/src/multiarray -Inumpy/core/src/umath -Inumpy/core/src/npysort -I/workdir/nibabel-4.0.2/.tox/cpythonlibtest-unit-test-tests/include -I/usr/local/include/python3.10 -Ibuild/src.linux-x86_64-3.1/numpy/core/src/common -Ibuild/src.linux-x86_64-3.1/numpy/core/src/npymath -Ibuild/src.linux-x86_64-3.1/numpy/core/src/common -Ibuild/src.linux-x86_64-3.1/numpy/core/src/npymath -c'
      gcc: build/src.linux-x86_64-3.1/numpy/core/src/npysort/quicksort.cgcc: build/src.linux-x86_64-3.1/numpy/core/src/npysort/mergesort.c
      
      gcc: build/src.linux-x86_64-3.1/numpy/core/src/npysort/heapsort.c
      gcc: build/src.linux-x86_64-3.1/numpy/core/src/npysort/timsort.c
      gcc: build/src.linux-x86_64-3.1/numpy/core/src/npysort/radixsort.c
      gcc: build/src.linux-x86_64-3.1/numpy/core/src/npysort/selection.c
      gcc: build/src.linux-x86_64-3.1/numpy/core/src/npysort/binsearch.c
      ar: adding 7 object files to build/temp.linux-x86_64-cpython-310/libnpysort.a
      running build_ext
      customize UnixCCompiler
      customize UnixCCompiler using build_ext
      building 'numpy.core._dummy' extension
      compiling C sources
      C compiler: gcc -pthread -Wno-unused-result -Wsign-compare -DNDEBUG -g -fwrapv -O3 -Wall -fPIC
      
      compile options: '-DNPY_INTERNAL_BUILD=1 -DHAVE_NPY_CONFIG_H=1 -D_FILE_OFFSET_BITS=64 -D_LARGEFILE_SOURCE=1 -D_LARGEFILE64_SOURCE=1 -Inumpy/core/include -Ibuild/src.linux-x86_64-3.1/numpy/core/include/numpy -Inumpy/core/src/common -Inumpy/core/src -Inumpy/core -Inumpy/core/src/npymath -Inumpy/core/src/multiarray -Inumpy/core/src/umath -Inumpy/core/src/npysort -I/workdir/nibabel-4.0.2/.tox/cpythonlibtest-unit-test-tests/include -I/usr/local/include/python3.10 -Ibuild/src.linux-x86_64-3.1/numpy/core/src/common -Ibuild/src.linux-x86_64-3.1/numpy/core/src/npymath -Ibuild/src.linux-x86_64-3.1/numpy/core/src/common -Ibuild/src.linux-x86_64-3.1/numpy/core/src/npymath -c'
      gcc: numpy/core/src/dummymodule.c
      gcc -pthread -shared build/temp.linux-x86_64-cpython-310/numpy/core/src/dummymodule.o -L/usr/local/lib -Lbuild/temp.linux-x86_64-cpython-310 -lm -o build/lib.linux-x86_64-cpython-310/numpy/core/_dummy.cpython-310-x86_64-linux-gnu.so
      building 'numpy.core._multiarray_tests' extension
      compiling C sources
      C compiler: gcc -pthread -Wno-unused-result -Wsign-compare -DNDEBUG -g -fwrapv -O3 -Wall -fPIC
      
      creating build/temp.linux-x86_64-cpython-310/build/src.linux-x86_64-3.1/numpy/core/src/multiarray
      creating build/temp.linux-x86_64-cpython-310/numpy/core/src/common
      compile options: '-DNPY_INTERNAL_BUILD=1 -DHAVE_NPY_CONFIG_H=1 -D_FILE_OFFSET_BITS=64 -D_LARGEFILE_SOURCE=1 -D_LARGEFILE64_SOURCE=1 -Inumpy/core/include -Ibuild/src.linux-x86_64-3.1/numpy/core/include/numpy -Inumpy/core/src/common -Inumpy/core/src -Inumpy/core -Inumpy/core/src/npymath -Inumpy/core/src/multiarray -Inumpy/core/src/umath -Inumpy/core/src/npysort -I/workdir/nibabel-4.0.2/.tox/cpythonlibtest-unit-test-tests/include -I/usr/local/include/python3.10 -Ibuild/src.linux-x86_64-3.1/numpy/core/src/common -Ibuild/src.linux-x86_64-3.1/numpy/core/src/npymath -Ibuild/src.linux-x86_64-3.1/numpy/core/src/common -Ibuild/src.linux-x86_64-3.1/numpy/core/src/npymath -c'
      gcc: build/src.linux-x86_64-3.1/numpy/core/src/multiarray/_multiarray_tests.c
      gcc: numpy/core/src/common/mem_overlap.c
      gcc -pthread -shared build/temp.linux-x86_64-cpython-310/build/src.linux-x86_64-3.1/numpy/core/src/multiarray/_multiarray_tests.o build/temp.linux-x86_64-cpython-310/numpy/core/src/common/mem_overlap.o -L/usr/local/lib -Lbuild/temp.linux-x86_64-cpython-310 -lnpymath -o build/lib.linux-x86_64-cpython-310/numpy/core/_multiarray_tests.cpython-310-x86_64-linux-gnu.so
      building 'numpy.core._multiarray_umath' extension
      compiling C sources
      C compiler: gcc -pthread -Wno-unused-result -Wsign-compare -DNDEBUG -g -fwrapv -O3 -Wall -fPIC
      
      creating build/temp.linux-x86_64-cpython-310/numpy/core/src/multiarray
      creating build/temp.linux-x86_64-cpython-310/numpy/core/src/umath
      creating build/temp.linux-x86_64-cpython-310/build/src.linux-x86_64-3.1/numpy/core/src/umath
      compile options: '-DNPY_INTERNAL_BUILD=1 -DHAVE_NPY_CONFIG_H=1 -D_FILE_OFFSET_BITS=64 -D_LARGEFILE_SOURCE=1 -D_LARGEFILE64_SOURCE=1 -DHAVE_CBLAS -Ibuild/src.linux-x86_64-3.1/numpy/core/src/umath -Ibuild/src.linux-x86_64-3.1/numpy/core/src/npymath -Ibuild/src.linux-x86_64-3.1/numpy/core/src/common -Inumpy/core/include -Ibuild/src.linux-x86_64-3.1/numpy/core/include/numpy -Inumpy/core/src/common -Inumpy/core/src -Inumpy/core -Inumpy/core/src/npymath -Inumpy/core/src/multiarray -Inumpy/core/src/umath -Inumpy/core/src/npysort -I/workdir/nibabel-4.0.2/.tox/cpythonlibtest-unit-test-tests/include -I/usr/local/include/python3.10 -Ibuild/src.linux-x86_64-3.1/numpy/core/src/common -Ibuild/src.linux-x86_64-3.1/numpy/core/src/npymath -Ibuild/src.linux-x86_64-3.1/numpy/core/src/common -Ibuild/src.linux-x86_64-3.1/numpy/core/src/npymath -c'
      gcc: numpy/core/src/multiarray/alloc.cgcc: numpy/core/src/multiarray/arrayfunction_override.c
      
      gcc: numpy/core/src/multiarray/convert.c
      gcc: numpy/core/src/multiarray/datetime_strings.c
      gcc: numpy/core/src/multiarray/arrayobject.c
      gcc: numpy/core/src/multiarray/buffer.c
      gcc: numpy/core/src/multiarray/convert_datatype.c
      gcc: numpy/core/src/multiarray/datetime_busday.c
      gcc: numpy/core/src/multiarray/calculation.c
      gcc: numpy/core/src/multiarray/conversion_utils.c
      gcc: numpy/core/src/multiarray/datetime_busdaycal.c
      gcc: build/src.linux-x86_64-3.1/numpy/core/src/multiarray/arraytypes.c
      gcc: numpy/core/src/multiarray/descriptor.c
      numpy/core/src/multiarray/descriptor.c: In function ‘_convert_from_array_descr’:
      numpy/core/src/multiarray/descriptor.c:467:9: warning: ‘_PyUnicode_get_wstr_length’ is deprecated [-Wdeprecated-declarations]
               if (PyUString_GET_SIZE(name) == 0) {
               ^~
      In file included from /usr/local/include/python3.10/unicodeobject.h:1046,
                       from /usr/local/include/python3.10/Python.h:83,
                       from numpy/core/src/multiarray/descriptor.c:4:
      /usr/local/include/python3.10/cpython/unicodeobject.h:446:26: note: declared here
       static inline Py_ssize_t _PyUnicode_get_wstr_length(PyObject *op) {
                                ^~~~~~~~~~~~~~~~~~~~~~~~~~
      numpy/core/src/multiarray/descriptor.c:467:9: warning: ‘PyUnicode_AsUnicode’ is deprecated [-Wdeprecated-declarations]
               if (PyUString_GET_SIZE(name) == 0) {
               ^~
      In file included from /usr/local/include/python3.10/unicodeobject.h:1046,
                       from /usr/local/include/python3.10/Python.h:83,
                       from numpy/core/src/multiarray/descriptor.c:4:
      /usr/local/include/python3.10/cpython/unicodeobject.h:580:45: note: declared here
       Py_DEPRECATED(3.3) PyAPI_FUNC(Py_UNICODE *) PyUnicode_AsUnicode(
                                                   ^~~~~~~~~~~~~~~~~~~
      numpy/core/src/multiarray/descriptor.c:467:9: warning: ‘_PyUnicode_get_wstr_length’ is deprecated [-Wdeprecated-declarations]
               if (PyUString_GET_SIZE(name) == 0) {
               ^~
      In file included from /usr/local/include/python3.10/unicodeobject.h:1046,
                       from /usr/local/include/python3.10/Python.h:83,
                       from numpy/core/src/multiarray/descriptor.c:4:
      /usr/local/include/python3.10/cpython/unicodeobject.h:446:26: note: declared here
       static inline Py_ssize_t _PyUnicode_get_wstr_length(PyObject *op) {
                                ^~~~~~~~~~~~~~~~~~~~~~~~~~
      numpy/core/src/multiarray/descriptor.c:474:13: warning: ‘_PyUnicode_get_wstr_length’ is deprecated [-Wdeprecated-declarations]
                   else if (PyUString_Check(title) && PyUString_GET_SIZE(title) > 0) {
                   ^~~~
      In file included from /usr/local/include/python3.10/unicodeobject.h:1046,
                       from /usr/local/include/python3.10/Python.h:83,
                       from numpy/core/src/multiarray/descriptor.c:4:
      /usr/local/include/python3.10/cpython/unicodeobject.h:446:26: note: declared here
       static inline Py_ssize_t _PyUnicode_get_wstr_length(PyObject *op) {
                                ^~~~~~~~~~~~~~~~~~~~~~~~~~
      numpy/core/src/multiarray/descriptor.c:474:13: warning: ‘PyUnicode_AsUnicode’ is deprecated [-Wdeprecated-declarations]
                   else if (PyUString_Check(title) && PyUString_GET_SIZE(title) > 0) {
                   ^~~~
      In file included from /usr/local/include/python3.10/unicodeobject.h:1046,
                       from /usr/local/include/python3.10/Python.h:83,
                       from numpy/core/src/multiarray/descriptor.c:4:
      /usr/local/include/python3.10/cpython/unicodeobject.h:580:45: note: declared here
       Py_DEPRECATED(3.3) PyAPI_FUNC(Py_UNICODE *) PyUnicode_AsUnicode(
                                                   ^~~~~~~~~~~~~~~~~~~
      numpy/core/src/multiarray/descriptor.c:474:13: warning: ‘_PyUnicode_get_wstr_length’ is deprecated [-Wdeprecated-declarations]
                   else if (PyUString_Check(title) && PyUString_GET_SIZE(title) > 0) {
                   ^~~~
      In file included from /usr/local/include/python3.10/unicodeobject.h:1046,
                       from /usr/local/include/python3.10/Python.h:83,
                       from numpy/core/src/multiarray/descriptor.c:4:
      /usr/local/include/python3.10/cpython/unicodeobject.h:446:26: note: declared here
       static inline Py_ssize_t _PyUnicode_get_wstr_length(PyObject *op) {
                                ^~~~~~~~~~~~~~~~~~~~~~~~~~
      numpy/core/src/multiarray/arraytypes.c.src: In function ‘UNICODE_setitem’:
      numpy/core/src/multiarray/arraytypes.c.src:489:5: warning: ‘PyUnicode_AsUnicode’ is deprecated [-Wdeprecated-declarations]
           ptr = PyUnicode_AS_UNICODE(temp);
           ^~~
      In file included from /usr/local/include/python3.10/unicodeobject.h:1046,
                       from /usr/local/include/python3.10/Python.h:83,
                       from numpy/core/src/multiarray/arraytypes.c.src:3:
      /usr/local/include/python3.10/cpython/unicodeobject.h:580:45: note: declared here
       Py_DEPRECATED(3.3) PyAPI_FUNC(Py_UNICODE *) PyUnicode_AsUnicode(
                                                   ^~~~~~~~~~~~~~~~~~~
      numpy/core/src/multiarray/arraytypes.c.src:494:5: warning: ‘_PyUnicode_get_wstr_length’ is deprecated [-Wdeprecated-declarations]
           datalen = PyUnicode_GET_DATA_SIZE(temp);
           ^~~~~~~
      In file included from /usr/local/include/python3.10/unicodeobject.h:1046,
                       from /usr/local/include/python3.10/Python.h:83,
                       from numpy/core/src/multiarray/arraytypes.c.src:3:
      /usr/local/include/python3.10/cpython/unicodeobject.h:446:26: note: declared here
       static inline Py_ssize_t _PyUnicode_get_wstr_length(PyObject *op) {
                                ^~~~~~~~~~~~~~~~~~~~~~~~~~
      numpy/core/src/multiarray/arraytypes.c.src:494:5: warning: ‘PyUnicode_AsUnicode’ is deprecated [-Wdeprecated-declarations]
           datalen = PyUnicode_GET_DATA_SIZE(temp);
           ^~~~~~~
      In file included from /usr/local/include/python3.10/unicodeobject.h:1046,
                       from /usr/local/include/python3.10/Python.h:83,
                       from numpy/core/src/multiarray/arraytypes.c.src:3:
      /usr/local/include/python3.10/cpython/unicodeobject.h:580:45: note: declared here
       Py_DEPRECATED(3.3) PyAPI_FUNC(Py_UNICODE *) PyUnicode_AsUnicode(
                                                   ^~~~~~~~~~~~~~~~~~~
      numpy/core/src/multiarray/arraytypes.c.src:494:5: warning: ‘_PyUnicode_get_wstr_length’ is deprecated [-Wdeprecated-declarations]
           datalen = PyUnicode_GET_DATA_SIZE(temp);
           ^~~~~~~
      In file included from /usr/local/include/python3.10/unicodeobject.h:1046,
                       from /usr/local/include/python3.10/Python.h:83,
                       from numpy/core/src/multiarray/arraytypes.c.src:3:
      /usr/local/include/python3.10/cpython/unicodeobject.h:446:26: note: declared here
       static inline Py_ssize_t _PyUnicode_get_wstr_length(PyObject *op) {
                                ^~~~~~~~~~~~~~~~~~~~~~~~~~
      gcc: numpy/core/src/multiarray/ctors.c
      gcc: numpy/core/src/multiarray/compiled_base.c
      numpy/core/src/multiarray/ctors.c: In function ‘_is_default_descr’:
      numpy/core/src/multiarray/ctors.c:2337:5: warning: ‘_PyUnicode_get_wstr_length’ is deprecated [-Wdeprecated-declarations]
           if (!(PyUString_Check(name) && PyUString_GET_SIZE(name) == 0)) {
           ^~
      In file included from /usr/local/include/python3.10/unicodeobject.h:1046,
                       from /usr/local/include/python3.10/Python.h:83,
                       from numpy/core/src/multiarray/ctors.c:2:
      /usr/local/include/python3.10/cpython/unicodeobject.h:446:26: note: declared here
       static inline Py_ssize_t _PyUnicode_get_wstr_length(PyObject *op) {
                                ^~~~~~~~~~~~~~~~~~~~~~~~~~
      numpy/core/src/multiarray/ctors.c:2337:5: warning: ‘PyUnicode_AsUnicode’ is deprecated [-Wdeprecated-declarations]
           if (!(PyUString_Check(name) && PyUString_GET_SIZE(name) == 0)) {
           ^~
      In file included from /usr/local/include/python3.10/unicodeobject.h:1046,
                       from /usr/local/include/python3.10/Python.h:83,
                       from numpy/core/src/multiarray/ctors.c:2:
      /usr/local/include/python3.10/cpython/unicodeobject.h:580:45: note: declared here
       Py_DEPRECATED(3.3) PyAPI_FUNC(Py_UNICODE *) PyUnicode_AsUnicode(
                                                   ^~~~~~~~~~~~~~~~~~~
      numpy/core/src/multiarray/ctors.c:2337:5: warning: ‘_PyUnicode_get_wstr_length’ is deprecated [-Wdeprecated-declarations]
           if (!(PyUString_Check(name) && PyUString_GET_SIZE(name) == 0)) {
           ^~
      In file included from /usr/local/include/python3.10/unicodeobject.h:1046,
                       from /usr/local/include/python3.10/Python.h:83,
                       from numpy/core/src/multiarray/ctors.c:2:
      /usr/local/include/python3.10/cpython/unicodeobject.h:446:26: note: declared here
       static inline Py_ssize_t _PyUnicode_get_wstr_length(PyObject *op) {
                                ^~~~~~~~~~~~~~~~~~~~~~~~~~
      gcc: numpy/core/src/multiarray/dragon4.c
      gcc: numpy/core/src/multiarray/common.c
      numpy/core/src/multiarray/common.c: In function ‘PyArray_DTypeFromObjectHelper’:
      numpy/core/src/multiarray/common.c:187:17: warning: ‘_PyUnicode_get_wstr_length’ is deprecated [-Wdeprecated-declarations]
                       itemsize = PyUnicode_GET_DATA_SIZE(temp);
                       ^~~~~~~~
      In file included from /usr/local/include/python3.10/unicodeobject.h:1046,
                       from /usr/local/include/python3.10/Python.h:83,
                       from numpy/core/src/multiarray/common.c:2:
      /usr/local/include/python3.10/cpython/unicodeobject.h:446:26: note: declared here
       static inline Py_ssize_t _PyUnicode_get_wstr_length(PyObject *op) {
                                ^~~~~~~~~~~~~~~~~~~~~~~~~~
      numpy/core/src/multiarray/common.c:187:17: warning: ‘PyUnicode_AsUnicode’ is deprecated [-Wdeprecated-declarations]
                       itemsize = PyUnicode_GET_DATA_SIZE(temp);
                       ^~~~~~~~
      In file included from /usr/local/include/python3.10/unicodeobject.h:1046,
                       from /usr/local/include/python3.10/Python.h:83,
                       from numpy/core/src/multiarray/common.c:2:
      /usr/local/include/python3.10/cpython/unicodeobject.h:580:45: note: declared here
       Py_DEPRECATED(3.3) PyAPI_FUNC(Py_UNICODE *) PyUnicode_AsUnicode(
                                                   ^~~~~~~~~~~~~~~~~~~
      numpy/core/src/multiarray/common.c:187:17: warning: ‘_PyUnicode_get_wstr_length’ is deprecated [-Wdeprecated-declarations]
                       itemsize = PyUnicode_GET_DATA_SIZE(temp);
                       ^~~~~~~~
      In file included from /usr/local/include/python3.10/unicodeobject.h:1046,
                       from /usr/local/include/python3.10/Python.h:83,
                       from numpy/core/src/multiarray/common.c:2:
      /usr/local/include/python3.10/cpython/unicodeobject.h:446:26: note: declared here
       static inline Py_ssize_t _PyUnicode_get_wstr_length(PyObject *op) {
                                ^~~~~~~~~~~~~~~~~~~~~~~~~~
      numpy/core/src/multiarray/common.c:239:17: warning: ‘_PyUnicode_get_wstr_length’ is deprecated [-Wdeprecated-declarations]
                       itemsize = PyUnicode_GET_DATA_SIZE(temp);
                       ^~~~~~~~
      In file included from /usr/local/include/python3.10/unicodeobject.h:1046,
                       from /usr/local/include/python3.10/Python.h:83,
                       from numpy/core/src/multiarray/common.c:2:
      /usr/local/include/python3.10/cpython/unicodeobject.h:446:26: note: declared here
       static inline Py_ssize_t _PyUnicode_get_wstr_length(PyObject *op) {
                                ^~~~~~~~~~~~~~~~~~~~~~~~~~
      numpy/core/src/multiarray/common.c:239:17: warning: ‘PyUnicode_AsUnicode’ is deprecated [-Wdeprecated-declarations]
                       itemsize = PyUnicode_GET_DATA_SIZE(temp);
                       ^~~~~~~~
      In file included from /usr/local/include/python3.10/unicodeobject.h:1046,
                       from /usr/local/include/python3.10/Python.h:83,
                       from numpy/core/src/multiarray/common.c:2:
      /usr/local/include/python3.10/cpython/unicodeobject.h:580:45: note: declared here
       Py_DEPRECATED(3.3) PyAPI_FUNC(Py_UNICODE *) PyUnicode_AsUnicode(
                                                   ^~~~~~~~~~~~~~~~~~~
      numpy/core/src/multiarray/common.c:239:17: warning: ‘_PyUnicode_get_wstr_length’ is deprecated [-Wdeprecated-declarations]
                       itemsize = PyUnicode_GET_DATA_SIZE(temp);
                       ^~~~~~~~
      In file included from /usr/local/include/python3.10/unicodeobject.h:1046,
                       from /usr/local/include/python3.10/Python.h:83,
                       from numpy/core/src/multiarray/common.c:2:
      /usr/local/include/python3.10/cpython/unicodeobject.h:446:26: note: declared here
       static inline Py_ssize_t _PyUnicode_get_wstr_length(PyObject *op) {
                                ^~~~~~~~~~~~~~~~~~~~~~~~~~
      numpy/core/src/multiarray/common.c:282:9: warning: ‘_PyUnicode_get_wstr_length’ is deprecated [-Wdeprecated-declarations]
               int itemsize = PyUnicode_GET_DATA_SIZE(obj);
               ^~~
      In file included from /usr/local/include/python3.10/unicodeobject.h:1046,
                       from /usr/local/include/python3.10/Python.h:83,
                       from numpy/core/src/multiarray/common.c:2:
      /usr/local/include/python3.10/cpython/unicodeobject.h:446:26: note: declared here
       static inline Py_ssize_t _PyUnicode_get_wstr_length(PyObject *op) {
                                ^~~~~~~~~~~~~~~~~~~~~~~~~~
      numpy/core/src/multiarray/common.c:282:9: warning: ‘PyUnicode_AsUnicode’ is deprecated [-Wdeprecated-declarations]
               int itemsize = PyUnicode_GET_DATA_SIZE(obj);
               ^~~
      In file included from /usr/local/include/python3.10/unicodeobject.h:1046,
                       from /usr/local/include/python3.10/Python.h:83,
                       from numpy/core/src/multiarray/common.c:2:
      /usr/local/include/python3.10/cpython/unicodeobject.h:580:45: note: declared here
       Py_DEPRECATED(3.3) PyAPI_FUNC(Py_UNICODE *) PyUnicode_AsUnicode(
                                                   ^~~~~~~~~~~~~~~~~~~
      numpy/core/src/multiarray/common.c:282:9: warning: ‘_PyUnicode_get_wstr_length’ is deprecated [-Wdeprecated-declarations]
               int itemsize = PyUnicode_GET_DATA_SIZE(obj);
               ^~~
      In file included from /usr/local/include/python3.10/unicodeobject.h:1046,
                       from /usr/local/include/python3.10/Python.h:83,
                       from numpy/core/src/multiarray/common.c:2:
      /usr/local/include/python3.10/cpython/unicodeobject.h:446:26: note: declared here
       static inline Py_ssize_t _PyUnicode_get_wstr_length(PyObject *op) {
                                ^~~~~~~~~~~~~~~~~~~~~~~~~~
      gcc: numpy/core/src/multiarray/datetime.c
      gcc: numpy/core/src/multiarray/dtype_transfer.c
      gcc: numpy/core/src/multiarray/item_selection.c
      gcc: build/src.linux-x86_64-3.1/numpy/core/src/multiarray/einsum.c
      gcc: numpy/core/src/multiarray/multiarraymodule.c
      gcc: numpy/core/src/multiarray/iterators.c
      gcc: build/src.linux-x86_64-3.1/numpy/core/src/multiarray/lowlevel_strided_loops.c
      gcc: build/src.linux-x86_64-3.1/numpy/core/src/multiarray/nditer_templ.c
      gcc: numpy/core/src/multiarray/nditer_api.c
      gcc: numpy/core/src/multiarray/nditer_constr.c
      gcc: numpy/core/src/multiarray/flagsobject.c
      gcc: numpy/core/src/multiarray/getset.c
      gcc: numpy/core/src/multiarray/hashdescr.c
      gcc: numpy/core/src/multiarray/nditer_pywrap.c
      gcc: numpy/core/src/multiarray/number.c
      gcc: build/src.linux-x86_64-3.1/numpy/core/src/multiarray/scalartypes.c
      gcc: numpy/core/src/multiarray/refcount.c
      numpy/core/src/multiarray/scalartypes.c.src: In function ‘unicodetype_repr’:
      numpy/core/src/multiarray/scalartypes.c.src:475:5: warning: ‘PyUnicode_AsUnicode’ is deprecated [-Wdeprecated-declarations]
           ip = dptr = Py@Name@_AS_@NAME@(self);
           ^~
      In file included from /usr/local/include/python3.10/unicodeobject.h:1046,
                       from /usr/local/include/python3.10/Python.h:83,
                       from numpy/core/src/multiarray/scalartypes.c.src:3:
      /usr/local/include/python3.10/cpython/unicodeobject.h:580:45: note: declared here
       Py_DEPRECATED(3.3) PyAPI_FUNC(Py_UNICODE *) PyUnicode_AsUnicode(
                                                   ^~~~~~~~~~~~~~~~~~~
      numpy/core/src/multiarray/scalartypes.c.src:476:5: warning: ‘_PyUnicode_get_wstr_length’ is deprecated [-Wdeprecated-declarations]
           len = Py@Name@_GET_SIZE(self);
           ^~~
      In file included from /usr/local/include/python3.10/unicodeobject.h:1046,
                       from /usr/local/include/python3.10/Python.h:83,
                       from numpy/core/src/multiarray/scalartypes.c.src:3:
      /usr/local/include/python3.10/cpython/unicodeobject.h:446:26: note: declared here
       static inline Py_ssize_t _PyUnicode_get_wstr_length(PyObject *op) {
                                ^~~~~~~~~~~~~~~~~~~~~~~~~~
      numpy/core/src/multiarray/scalartypes.c.src:476:5: warning: ‘PyUnicode_AsUnicode’ is deprecated [-Wdeprecated-declarations]
           len = Py@Name@_GET_SIZE(self);
           ^~~
      In file included from /usr/local/include/python3.10/unicodeobject.h:1046,
                       from /usr/local/include/python3.10/Python.h:83,
                       from numpy/core/src/multiarray/scalartypes.c.src:3:
      /usr/local/include/python3.10/cpython/unicodeobject.h:580:45: note: declared here
       Py_DEPRECATED(3.3) PyAPI_FUNC(Py_UNICODE *) PyUnicode_AsUnicode(
                                                   ^~~~~~~~~~~~~~~~~~~
      numpy/core/src/multiarray/scalartypes.c.src:476:5: warning: ‘_PyUnicode_get_wstr_length’ is deprecated [-Wdeprecated-declarations]
           len = Py@Name@_GET_SIZE(self);
           ^~~
      In file included from /usr/local/include/python3.10/unicodeobject.h:1046,
                       from /usr/local/include/python3.10/Python.h:83,
                       from numpy/core/src/multiarray/scalartypes.c.src:3:
      /usr/local/include/python3.10/cpython/unicodeobject.h:446:26: note: declared here
       static inline Py_ssize_t _PyUnicode_get_wstr_length(PyObject *op) {
                                ^~~~~~~~~~~~~~~~~~~~~~~~~~
      numpy/core/src/multiarray/scalartypes.c.src:481:5: warning: ‘PyUnicode_FromUnicode’ is deprecated [-Wdeprecated-declarations]
           new = Py@Name@_From@Name@@extra@(ip, len);
           ^~~
      In file included from /usr/local/include/python3.10/unicodeobject.h:1046,
                       from /usr/local/include/python3.10/Python.h:83,
                       from numpy/core/src/multiarray/scalartypes.c.src:3:
      /usr/local/include/python3.10/cpython/unicodeobject.h:551:42: note: declared here
       Py_DEPRECATED(3.3) PyAPI_FUNC(PyObject*) PyUnicode_FromUnicode(
                                                ^~~~~~~~~~~~~~~~~~~~~
      numpy/core/src/multiarray/scalartypes.c.src: In function ‘unicodetype_str’:
      numpy/core/src/multiarray/scalartypes.c.src:475:5: warning: ‘PyUnicode_AsUnicode’ is deprecated [-Wdeprecated-declarations]
           ip = dptr = Py@Name@_AS_@NAME@(self);
           ^~
      In file included from /usr/local/include/python3.10/unicodeobject.h:1046,
                       from /usr/local/include/python3.10/Python.h:83,
                       from numpy/core/src/multiarray/scalartypes.c.src:3:
      /usr/local/include/python3.10/cpython/unicodeobject.h:580:45: note: declared here
       Py_DEPRECATED(3.3) PyAPI_FUNC(Py_UNICODE *) PyUnicode_AsUnicode(
                                                   ^~~~~~~~~~~~~~~~~~~
      numpy/core/src/multiarray/scalartypes.c.src:476:5: warning: ‘_PyUnicode_get_wstr_length’ is deprecated [-Wdeprecated-declarations]
           len = Py@Name@_GET_SIZE(self);
           ^~~
      In file included from /usr/local/include/python3.10/unicodeobject.h:1046,
                       from /usr/local/include/python3.10/Python.h:83,
                       from numpy/core/src/multiarray/scalartypes.c.src:3:
      /usr/local/include/python3.10/cpython/unicodeobject.h:446:26: note: declared here
       static inline Py_ssize_t _PyUnicode_get_wstr_length(PyObject *op) {
                                ^~~~~~~~~~~~~~~~~~~~~~~~~~
      numpy/core/src/multiarray/scalartypes.c.src:476:5: warning: ‘PyUnicode_AsUnicode’ is deprecated [-Wdeprecated-declarations]
           len = Py@Name@_GET_SIZE(self);
           ^~~
      In file included from /usr/local/include/python3.10/unicodeobject.h:1046,
                       from /usr/local/include/python3.10/Python.h:83,
                       from numpy/core/src/multiarray/scalartypes.c.src:3:
      /usr/local/include/python3.10/cpython/unicodeobject.h:580:45: note: declared here
       Py_DEPRECATED(3.3) PyAPI_FUNC(Py_UNICODE *) PyUnicode_AsUnicode(
                                                   ^~~~~~~~~~~~~~~~~~~
      numpy/core/src/multiarray/scalartypes.c.src:476:5: warning: ‘_PyUnicode_get_wstr_length’ is deprecated [-Wdeprecated-declarations]
           len = Py@Name@_GET_SIZE(self);
           ^~~
      In file included from /usr/local/include/python3.10/unicodeobject.h:1046,
                       from /usr/local/include/python3.10/Python.h:83,
                       from numpy/core/src/multiarray/scalartypes.c.src:3:
      /usr/local/include/python3.10/cpython/unicodeobject.h:446:26: note: declared here
       static inline Py_ssize_t _PyUnicode_get_wstr_length(PyObject *op) {
                                ^~~~~~~~~~~~~~~~~~~~~~~~~~
      numpy/core/src/multiarray/scalartypes.c.src:481:5: warning: ‘PyUnicode_FromUnicode’ is deprecated [-Wdeprecated-declarations]
           new = Py@Name@_From@Name@@extra@(ip, len);
           ^~~
      In file included from /usr/local/include/python3.10/unicodeobject.h:1046,
                       from /usr/local/include/python3.10/Python.h:83,
                       from numpy/core/src/multiarray/scalartypes.c.src:3:
      /usr/local/include/python3.10/cpython/unicodeobject.h:551:42: note: declared here
       Py_DEPRECATED(3.3) PyAPI_FUNC(PyObject*) PyUnicode_FromUnicode(
                                                ^~~~~~~~~~~~~~~~~~~~~
      numpy/core/src/multiarray/scalartypes.c.src: In function ‘gentype_reduce’:
      numpy/core/src/multiarray/scalartypes.c.src:1849:9: warning: ‘PyUnicode_AsUnicode’ is deprecated [-Wdeprecated-declarations]
               buffer = PyUnicode_AS_DATA(self);
               ^~~~~~
      In file included from /usr/local/include/python3.10/unicodeobject.h:1046,
                       from /usr/local/include/python3.10/Python.h:83,
                       from numpy/core/src/multiarray/scalartypes.c.src:3:
      /usr/local/include/python3.10/cpython/unicodeobject.h:580:45: note: declared here
       Py_DEPRECATED(3.3) PyAPI_FUNC(Py_UNICODE *) PyUnicode_AsUnicode(
                                                   ^~~~~~~~~~~~~~~~~~~
      numpy/core/src/multiarray/scalartypes.c.src:1850:9: warning: ‘_PyUnicode_get_wstr_length’ is deprecated [-Wdeprecated-declarations]
               buflen = PyUnicode_GET_DATA_SIZE(self);
               ^~~~~~
      In file included from /usr/local/include/python3.10/unicodeobject.h:1046,
                       from /usr/local/include/python3.10/Python.h:83,
                       from numpy/core/src/multiarray/scalartypes.c.src:3:
      /usr/local/include/python3.10/cpython/unicodeobject.h:446:26: note: declared here
       static inline Py_ssize_t _PyUnicode_get_wstr_length(PyObject *op) {
                                ^~~~~~~~~~~~~~~~~~~~~~~~~~
      numpy/core/src/multiarray/scalartypes.c.src:1850:9: warning: ‘PyUnicode_AsUnicode’ is deprecated [-Wdeprecated-declarations]
               buflen = PyUnicode_GET_DATA_SIZE(self);
               ^~~~~~
      In file included from /usr/local/include/python3.10/unicodeobject.h:1046,
                       from /usr/local/include/python3.10/Python.h:83,
                       from numpy/core/src/multiarray/scalartypes.c.src:3:
      /usr/local/include/python3.10/cpython/unicodeobject.h:580:45: note: declared here
       Py_DEPRECATED(3.3) PyAPI_FUNC(Py_UNICODE *) PyUnicode_AsUnicode(
                                                   ^~~~~~~~~~~~~~~~~~~
      numpy/core/src/multiarray/scalartypes.c.src:1850:9: warning: ‘_PyUnicode_get_wstr_length’ is deprecated [-Wdeprecated-declarations]
               buflen = PyUnicode_GET_DATA_SIZE(self);
               ^~~~~~
      In file included from /usr/local/include/python3.10/unicodeobject.h:1046,
                       from /usr/local/include/python3.10/Python.h:83,
                       from numpy/core/src/multiarray/scalartypes.c.src:3:
      /usr/local/include/python3.10/cpython/unicodeobject.h:446:26: note: declared here
       static inline Py_ssize_t _PyUnicode_get_wstr_length(PyObject *op) {
                                ^~~~~~~~~~~~~~~~~~~~~~~~~~
      numpy/core/src/multiarray/scalartypes.c.src: In function ‘float_arrtype_hash’:
      numpy/core/src/multiarray/scalartypes.c.src:3311:27: error: incompatible type for argument 1 of ‘_Py_HashDouble’
           return _Py_HashDouble((double) ((Py@name@ScalarObject *)obj)->obval);
                                 ^~~~~~~~~~~~~~~~~~~~~~~~~~~~~~~~~~~~~~~~~~~~
      In file included from /usr/local/include/python3.10/Python.h:77,
                       from numpy/core/src/multiarray/scalartypes.c.src:3:
      /usr/local/include/python3.10/pyhash.h:10:38: note: expected ‘PyObject *’ {aka ‘struct _object *’} but argument is of type ‘double’
       PyAPI_FUNC(Py_hash_t) _Py_HashDouble(PyObject *, double);
                                            ^~~~~~~~~~
      numpy/core/src/multiarray/scalartypes.c.src:3311:12: error: too few arguments to function ‘_Py_HashDouble’
           return _Py_HashDouble((double) ((Py@name@ScalarObject *)obj)->obval);
                  ^~~~~~~~~~~~~~
      In file included from /usr/local/include/python3.10/Python.h:77,
                       from numpy/core/src/multiarray/scalartypes.c.src:3:
      /usr/local/include/python3.10/pyhash.h:10:23: note: declared here
       PyAPI_FUNC(Py_hash_t) _Py_HashDouble(PyObject *, double);
                             ^~~~~~~~~~~~~~
      numpy/core/src/multiarray/scalartypes.c.src: In function ‘cfloat_arrtype_hash’:
      numpy/core/src/multiarray/scalartypes.c.src:3319:31: error: incompatible type for argument 1 of ‘_Py_HashDouble’
           hashreal = _Py_HashDouble((double)
                                     ^~~~~~~~
                   (((PyC@name@ScalarObject *)obj)->obval).real);
                   ~~~~~~~~~~~~~~~~~~~~~~~~~~~~~~~~~~~~~~~~~~~
      In file included from /usr/local/include/python3.10/Python.h:77,
                       from numpy/core/src/multiarray/scalartypes.c.src:3:
      /usr/local/include/python3.10/pyhash.h:10:38: note: expected ‘PyObject *’ {aka ‘struct _object *’} but argument is of type ‘double’
       PyAPI_FUNC(Py_hash_t) _Py_HashDouble(PyObject *, double);
                                            ^~~~~~~~~~
      numpy/core/src/multiarray/scalartypes.c.src:3319:16: error: too few arguments to function ‘_Py_HashDouble’
           hashreal = _Py_HashDouble((double)
                      ^~~~~~~~~~~~~~
      In file included from /usr/local/include/python3.10/Python.h:77,
                       from numpy/core/src/multiarray/scalartypes.c.src:3:
      /usr/local/include/python3.10/pyhash.h:10:23: note: declared here
       PyAPI_FUNC(Py_hash_t) _Py_HashDouble(PyObject *, double);
                             ^~~~~~~~~~~~~~
      numpy/core/src/multiarray/scalartypes.c.src:3325:31: error: incompatible type for argument 1 of ‘_Py_HashDouble’
           hashimag = _Py_HashDouble((double)
                                     ^~~~~~~~
                   (((PyC@name@ScalarObject *)obj)->obval).imag);
                   ~~~~~~~~~~~~~~~~~~~~~~~~~~~~~~~~~~~~~~~~~~~
      In file included from /usr/local/include/python3.10/Python.h:77,
                       from numpy/core/src/multiarray/scalartypes.c.src:3:
      /usr/local/include/python3.10/pyhash.h:10:38: note: expected ‘PyObject *’ {aka ‘struct _object *’} but argument is of type ‘double’
       PyAPI_FUNC(Py_hash_t) _Py_HashDouble(PyObject *, double);
                                            ^~~~~~~~~~
      numpy/core/src/multiarray/scalartypes.c.src:3325:16: error: too few arguments to function ‘_Py_HashDouble’
           hashimag = _Py_HashDouble((double)
                      ^~~~~~~~~~~~~~
      In file included from /usr/local/include/python3.10/Python.h:77,
                       from numpy/core/src/multiarray/scalartypes.c.src:3:
      /usr/local/include/python3.10/pyhash.h:10:23: note: declared here
       PyAPI_FUNC(Py_hash_t) _Py_HashDouble(PyObject *, double);
                             ^~~~~~~~~~~~~~
      numpy/core/src/multiarray/scalartypes.c.src: In function ‘longdouble_arrtype_hash’:
      numpy/core/src/multiarray/scalartypes.c.src:3311:27: error: incompatible type for argument 1 of ‘_Py_HashDouble’
           return _Py_HashDouble((double) ((Py@name@ScalarObject *)obj)->obval);
                                 ^~~~~~~~~~~~~~~~~~~~~~~~~~~~~~~~~~~~~~~~~~~~~~~
      In file included from /usr/local/include/python3.10/Python.h:77,
                       from numpy/core/src/multiarray/scalartypes.c.src:3:
      /usr/local/include/python3.10/pyhash.h:10:38: note: expected ‘PyObject *’ {aka ‘struct _object *’} but argument is of type ‘double’
       PyAPI_FUNC(Py_hash_t) _Py_HashDouble(PyObject *, double);
                                            ^~~~~~~~~~
      numpy/core/src/multiarray/scalartypes.c.src:3311:12: error: too few arguments to function ‘_Py_HashDouble’
           return _Py_HashDouble((double) ((Py@name@ScalarObject *)obj)->obval);
                  ^~~~~~~~~~~~~~
      In file included from /usr/local/include/python3.10/Python.h:77,
                       from numpy/core/src/multiarray/scalartypes.c.src:3:
      /usr/local/include/python3.10/pyhash.h:10:23: note: declared here
       PyAPI_FUNC(Py_hash_t) _Py_HashDouble(PyObject *, double);
                             ^~~~~~~~~~~~~~
      numpy/core/src/multiarray/scalartypes.c.src: In function ‘clongdouble_arrtype_hash’:
      numpy/core/src/multiarray/scalartypes.c.src:3319:31: error: incompatible type for argument 1 of ‘_Py_HashDouble’
           hashreal = _Py_HashDouble((double)
                                     ^~~~~~~~
                   (((PyC@name@ScalarObject *)obj)->obval).real);
                   ~~~~~~~~~~~~~~~~~~~~~~~~~~~~~~~~~~~~~~~~~~~~~~
      In file included from /usr/local/include/python3.10/Python.h:77,
                       from numpy/core/src/multiarray/scalartypes.c.src:3:
      /usr/local/include/python3.10/pyhash.h:10:38: note: expected ‘PyObject *’ {aka ‘struct _object *’} but argument is of type ‘double’
       PyAPI_FUNC(Py_hash_t) _Py_HashDouble(PyObject *, double);
                                            ^~~~~~~~~~
      numpy/core/src/multiarray/scalartypes.c.src:3319:16: error: too few arguments to function ‘_Py_HashDouble’
           hashreal = _Py_HashDouble((double)
                      ^~~~~~~~~~~~~~
      In file included from /usr/local/include/python3.10/Python.h:77,
                       from numpy/core/src/multiarray/scalartypes.c.src:3:
      /usr/local/include/python3.10/pyhash.h:10:23: note: declared here
       PyAPI_FUNC(Py_hash_t) _Py_HashDouble(PyObject *, double);
                             ^~~~~~~~~~~~~~
      numpy/core/src/multiarray/scalartypes.c.src:3325:31: error: incompatible type for argument 1 of ‘_Py_HashDouble’
           hashimag = _Py_HashDouble((double)
                                     ^~~~~~~~
                   (((PyC@name@ScalarObject *)obj)->obval).imag);
                   ~~~~~~~~~~~~~~~~~~~~~~~~~~~~~~~~~~~~~~~~~~~~~~
      In file included from /usr/local/include/python3.10/Python.h:77,
                       from numpy/core/src/multiarray/scalartypes.c.src:3:
      /usr/local/include/python3.10/pyhash.h:10:38: note: expected ‘PyObject *’ {aka ‘struct _object *’} but argument is of type ‘double’
       PyAPI_FUNC(Py_hash_t) _Py_HashDouble(PyObject *, double);
                                            ^~~~~~~~~~
      numpy/core/src/multiarray/scalartypes.c.src:3325:16: error: too few arguments to function ‘_Py_HashDouble’
           hashimag = _Py_HashDouble((double)
                      ^~~~~~~~~~~~~~
      In file included from /usr/local/include/python3.10/Python.h:77,
                       from numpy/core/src/multiarray/scalartypes.c.src:3:
      /usr/local/include/python3.10/pyhash.h:10:23: note: declared here
       PyAPI_FUNC(Py_hash_t) _Py_HashDouble(PyObject *, double);
                             ^~~~~~~~~~~~~~
      numpy/core/src/multiarray/scalartypes.c.src: In function ‘half_arrtype_hash’:
      numpy/core/src/multiarray/scalartypes.c.src:3341:27: error: incompatible type for argument 1 of ‘_Py_HashDouble’
           return _Py_HashDouble(npy_half_to_double(((PyHalfScalarObject *)obj)->obval));
                                 ^~~~~~~~~~~~~~~~~~~~~~~~~~~~~~~~~~~~~~~~~~~~~~~~~~~~~~
      In file included from /usr/local/include/python3.10/Python.h:77,
                       from numpy/core/src/multiarray/scalartypes.c.src:3:
      /usr/local/include/python3.10/pyhash.h:10:38: note: expected ‘PyObject *’ {aka ‘struct _object *’} but argument is of type ‘double’
       PyAPI_FUNC(Py_hash_t) _Py_HashDouble(PyObject *, double);
                                            ^~~~~~~~~~
      numpy/core/src/multiarray/scalartypes.c.src:3341:12: error: too few arguments to function ‘_Py_HashDouble’
           return _Py_HashDouble(npy_half_to_double(((PyHalfScalarObject *)obj)->obval));
                  ^~~~~~~~~~~~~~
      In file included from /usr/local/include/python3.10/Python.h:77,
                       from numpy/core/src/multiarray/scalartypes.c.src:3:
      /usr/local/include/python3.10/pyhash.h:10:23: note: declared here
       PyAPI_FUNC(Py_hash_t) _Py_HashDouble(PyObject *, double);
                             ^~~~~~~~~~~~~~
      numpy/core/src/multiarray/scalartypes.c.src: In function ‘legacy_clongdouble_formatstr’:
      numpy/core/src/multiarray/scalartypes.c.src:828:13: warning: ‘strncat’ specified bound 1 equals source length [-Wstringop-overflow=]
                   strncat(buf, "*", 1);
                   ^~~~~~~~~~~~~~~~~~~~
      numpy/core/src/multiarray/scalartypes.c.src:830:9: warning: ‘strncat’ specified bound 1 equals source length [-Wstringop-overflow=]
               strncat(buf, "j", 1);
               ^~~~~~~~~~~~~~~~~~~~
      numpy/core/src/multiarray/scalartypes.c.src:876:17: warning: ‘strncat’ specified bound 1 equals source length [-Wstringop-overflow=]
                       strncat(im, "*", 1);
                       ^~~~~~~~~~~~~~~~~~~
      numpy/core/src/multiarray/scalartypes.c.src: In function ‘legacy_clongdouble_formatrepr’:
      numpy/core/src/multiarray/scalartypes.c.src:828:13: warning: ‘strncat’ specified bound 1 equals source length [-Wstringop-overflow=]
                   strncat(buf, "*", 1);
                   ^~~~~~~~~~~~~~~~~~~~
      numpy/core/src/multiarray/scalartypes.c.src:830:9: warning: ‘strncat’ specified bound 1 equals source length [-Wstringop-overflow=]
               strncat(buf, "j", 1);
               ^~~~~~~~~~~~~~~~~~~~
      numpy/core/src/multiarray/scalartypes.c.src:876:17: warning: ‘strncat’ specified bound 1 equals source length [-Wstringop-overflow=]
                       strncat(im, "*", 1);
                       ^~~~~~~~~~~~~~~~~~~
      numpy/core/src/multiarray/scalartypes.c.src: In function ‘legacy_cdouble_formatstr’:
      numpy/core/src/multiarray/scalartypes.c.src:828:13: warning: ‘strncat’ specified bound 1 equals source length [-Wstringop-overflow=]
                   strncat(buf, "*", 1);
                   ^~~~~~~~~~~~~~~~~~~~
      numpy/core/src/multiarray/scalartypes.c.src:830:9: warning: ‘strncat’ specified bound 1 equals source length [-Wstringop-overflow=]
               strncat(buf, "j", 1);
               ^~~~~~~~~~~~~~~~~~~~
      numpy/core/src/multiarray/scalartypes.c.src:876:17: warning: ‘strncat’ specified bound 1 equals source length [-Wstringop-overflow=]
                       strncat(im, "*", 1);
                       ^~~~~~~~~~~~~~~~~~~
      numpy/core/src/multiarray/scalartypes.c.src: In function ‘legacy_cfloat_formatstr’:
      numpy/core/src/multiarray/scalartypes.c.src:828:13: warning: ‘strncat’ specified bound 1 equals source length [-Wstringop-overflow=]
                   strncat(buf, "*", 1);
                   ^~~~~~~~~~~~~~~~~~~~
      numpy/core/src/multiarray/scalartypes.c.src:830:9: warning: ‘strncat’ specified bound 1 equals source length [-Wstringop-overflow=]
               strncat(buf, "j", 1);
               ^~~~~~~~~~~~~~~~~~~~
      numpy/core/src/multiarray/scalartypes.c.src:876:17: warning: ‘strncat’ specified bound 1 equals source length [-Wstringop-overflow=]
                       strncat(im, "*", 1);
                       ^~~~~~~~~~~~~~~~~~~
      numpy/core/src/multiarray/scalartypes.c.src: In function ‘legacy_cdouble_formatrepr’:
      numpy/core/src/multiarray/scalartypes.c.src:828:13: warning: ‘strncat’ specified bound 1 equals source length [-Wstringop-overflow=]
                   strncat(buf, "*", 1);
                   ^~~~~~~~~~~~~~~~~~~~
      numpy/core/src/multiarray/scalartypes.c.src:830:9: warning: ‘strncat’ specified bound 1 equals source length [-Wstringop-overflow=]
               strncat(buf, "j", 1);
               ^~~~~~~~~~~~~~~~~~~~
      numpy/core/src/multiarray/scalartypes.c.src:876:17: warning: ‘strncat’ specified bound 1 equals source length [-Wstringop-overflow=]
                       strncat(im, "*", 1);
                       ^~~~~~~~~~~~~~~~~~~
      numpy/core/src/multiarray/scalartypes.c.src: In function ‘legacy_cfloat_formatrepr’:
      numpy/core/src/multiarray/scalartypes.c.src:828:13: warning: ‘strncat’ specified bound 1 equals source length [-Wstringop-overflow=]
                   strncat(buf, "*", 1);
                   ^~~~~~~~~~~~~~~~~~~~
      numpy/core/src/multiarray/scalartypes.c.src:830:9: warning: ‘strncat’ specified bound 1 equals source length [-Wstringop-overflow=]
               strncat(buf, "j", 1);
               ^~~~~~~~~~~~~~~~~~~~
      numpy/core/src/multiarray/scalartypes.c.src:876:17: warning: ‘strncat’ specified bound 1 equals source length [-Wstringop-overflow=]
                       strncat(im, "*", 1);
                       ^~~~~~~~~~~~~~~~~~~
      numpy/core/src/multiarray/scalartypes.c.src: In function ‘longdouble_arrtype_hash’:
      numpy/core/src/multiarray/scalartypes.c.src:3312:1: warning: control reaches end of non-void function [-Wreturn-type]
       }
       ^
      numpy/core/src/multiarray/scalartypes.c.src: In function ‘float_arrtype_hash’:
      numpy/core/src/multiarray/scalartypes.c.src:3312:1: warning: control reaches end of non-void function [-Wreturn-type]
       }
       ^
      numpy/core/src/multiarray/scalartypes.c.src: In function ‘half_arrtype_hash’:
      numpy/core/src/multiarray/scalartypes.c.src:3342:1: warning: control reaches end of non-void function [-Wreturn-type]
       }
       ^
      gcc: numpy/core/src/multiarray/vdot.c
      gcc: numpy/core/src/multiarray/array_assign_scalar.c
      gcc: numpy/core/src/multiarray/sequence.c
      gcc: numpy/core/src/umath/umathmodule.c
      gcc: numpy/core/src/multiarray/array_assign_array.c
      gcc: numpy/core/src/multiarray/shape.c
      gcc: numpy/core/src/umath/reduction.c
      gcc: build/src.linux-x86_64-3.1/numpy/core/src/umath/clip.c
      gcc: build/src.linux-x86_64-3.1/numpy/core/src/umath/loops.c
      gcc: numpy/core/src/multiarray/scalarapi.c
      numpy/core/src/multiarray/scalarapi.c: In function ‘scalar_value’:
      numpy/core/src/multiarray/scalarapi.c:74:13: warning: ‘PyUnicode_AsUnicode’ is deprecated [-Wdeprecated-declarations]
                   return (void *)PyUnicode_AS_DATA(scalar);
                   ^~~~~~
      In file included from /usr/local/include/python3.10/unicodeobject.h:1046,
                       from /usr/local/include/python3.10/Python.h:83,
                       from numpy/core/src/multiarray/scalarapi.c:2:
      /usr/local/include/python3.10/cpython/unicodeobject.h:580:45: note: declared here
       Py_DEPRECATED(3.3) PyAPI_FUNC(Py_UNICODE *) PyUnicode_AsUnicode(
                                                   ^~~~~~~~~~~~~~~~~~~
      numpy/core/src/multiarray/scalarapi.c:135:13: warning: ‘PyUnicode_AsUnicode’ is deprecated [-Wdeprecated-declarations]
                   return (void *)PyUnicode_AS_DATA(scalar);
                   ^~~~~~
      In file included from /usr/local/include/python3.10/unicodeobject.h:1046,
                       from /usr/local/include/python3.10/Python.h:83,
                       from numpy/core/src/multiarray/scalarapi.c:2:
      /usr/local/include/python3.10/cpython/unicodeobject.h:580:45: note: declared here
       Py_DEPRECATED(3.3) PyAPI_FUNC(Py_UNICODE *) PyUnicode_AsUnicode(
                                                   ^~~~~~~~~~~~~~~~~~~
      numpy/core/src/multiarray/scalarapi.c: In function ‘PyArray_DescrFromScalar’:
      numpy/core/src/multiarray/scalarapi.c:574:13: warning: ‘_PyUnicode_get_wstr_length’ is deprecated [-Wdeprecated-declarations]
                   descr->elsize = PyUnicode_GET_DATA_SIZE(sc);
                   ^~~~~
      In file included from /usr/local/include/python3.10/unicodeobject.h:1046,
                       from /usr/local/include/python3.10/Python.h:83,
                       from numpy/core/src/multiarray/scalarapi.c:2:
      /usr/local/include/python3.10/cpython/unicodeobject.h:446:26: note: declared here
       static inline Py_ssize_t _PyUnicode_get_wstr_length(PyObject *op) {
                                ^~~~~~~~~~~~~~~~~~~~~~~~~~
      numpy/core/src/multiarray/scalarapi.c:574:13: warning: ‘PyUnicode_AsUnicode’ is deprecated [-Wdeprecated-declarations]
                   descr->elsize = PyUnicode_GET_DATA_SIZE(sc);
                   ^~~~~
      In file included from /usr/local/include/python3.10/unicodeobject.h:1046,
                       from /usr/local/include/python3.10/Python.h:83,
                       from numpy/core/src/multiarray/scalarapi.c:2:
      /usr/local/include/python3.10/cpython/unicodeobject.h:580:45: note: declared here
       Py_DEPRECATED(3.3) PyAPI_FUNC(Py_UNICODE *) PyUnicode_AsUnicode(
                                                   ^~~~~~~~~~~~~~~~~~~
      numpy/core/src/multiarray/scalarapi.c:574:13: warning: ‘_PyUnicode_get_wstr_length’ is deprecated [-Wdeprecated-declarations]
                   descr->elsize = PyUnicode_GET_DATA_SIZE(sc);
                   ^~~~~
      In file included from /usr/local/include/python3.10/unicodeobject.h:1046,
                       from /usr/local/include/python3.10/Python.h:83,
                       from numpy/core/src/multiarray/scalarapi.c:2:
      /usr/local/include/python3.10/cpython/unicodeobject.h:446:26: note: declared here
       static inline Py_ssize_t _PyUnicode_get_wstr_length(PyObject *op) {
                                ^~~~~~~~~~~~~~~~~~~~~~~~~~
      numpy/core/src/umath/loops.c.src: In function ‘PyUFunc_On_Om’:
      numpy/core/src/umath/loops.c.src:506:9: warning: ‘PyEval_CallObjectWithKeywords’ is deprecated [-Wdeprecated-declarations]
               result = PyEval_CallObject(tocall, arglist);
               ^~~~~~
      In file included from /usr/local/include/python3.10/Python.h:130,
                       from numpy/core/src/umath/loops.c.src:7:
      /usr/local/include/python3.10/ceval.h:17:43: note: declared here
       Py_DEPRECATED(3.9) PyAPI_FUNC(PyObject *) PyEval_CallObjectWithKeywords(
                                                 ^~~~~~~~~~~~~~~~~~~~~~~~~~~~~
      gcc: numpy/core/src/umath/ufunc_type_resolution.c
      gcc: numpy/core/src/umath/ufunc_object.c
      gcc: numpy/core/src/umath/override.c
      gcc: numpy/core/src/npymath/npy_math.c
      gcc: build/src.linux-x86_64-3.1/numpy/core/src/npymath/ieee754.c
      gcc: build/src.linux-x86_64-3.1/numpy/core/src/npymath/npy_math_complex.c
      gcc: numpy/core/src/npymath/halffloat.c
      gcc: numpy/core/src/common/array_assign.c
      gcc: numpy/core/src/common/mem_overlap.c
      gcc: numpy/core/src/umath/extobj.c
      gcc: numpy/core/src/common/npy_longdouble.c
      gcc: numpy/core/src/umath/cpuid.c
      gcc: numpy/core/src/common/ucsnarrow.c
      gcc: build/src.linux-x86_64-3.1/numpy/core/src/umath/scalarmath.c
      numpy/core/src/common/ucsnarrow.c: In function ‘PyUnicode_FromUCS4’:
      numpy/core/src/common/ucsnarrow.c:139:9: warning: ‘PyUnicode_FromUnicode’ is deprecated [-Wdeprecated-declarations]
               ret = (PyUnicodeObject *)PyUnicode_FromUnicode((Py_UNICODE*)buf,
               ^~~
      In file included from /usr/local/include/python3.10/unicodeobject.h:1046,
                       from /usr/local/include/python3.10/Python.h:83,
                       from numpy/core/src/common/ucsnarrow.c:4:
      /usr/local/include/python3.10/cpython/unicodeobject.h:551:42: note: declared here
       Py_DEPRECATED(3.3) PyAPI_FUNC(PyObject*) PyUnicode_FromUnicode(
                                                ^~~~~~~~~~~~~~~~~~~~~
      gcc: numpy/core/src/common/ufunc_override.c
      gcc: numpy/core/src/common/numpyos.c
      gcc: numpy/core/src/common/cblasfuncs.c
      gcc: numpy/core/src/common/python_xerbla.c
      gcc: numpy/core/src/multiarray/mapping.c
      gcc: numpy/core/src/multiarray/methods.c
      gcc: build/src.linux-x86_64-3.1/numpy/core/src/umath/matmul.c
      error: Command "gcc -pthread -Wno-unused-result -Wsign-compare -DNDEBUG -g -fwrapv -O3 -Wall -fPIC -DNPY_INTERNAL_BUILD=1 -DHAVE_NPY_CONFIG_H=1 -D_FILE_OFFSET_BITS=64 -D_LARGEFILE_SOURCE=1 -D_LARGEFILE64_SOURCE=1 -DHAVE_CBLAS -Ibuild/src.linux-x86_64-3.1/numpy/core/src/umath -Ibuild/src.linux-x86_64-3.1/numpy/core/src/npymath -Ibuild/src.linux-x86_64-3.1/numpy/core/src/common -Inumpy/core/include -Ibuild/src.linux-x86_64-3.1/numpy/core/include/numpy -Inumpy/core/src/common -Inumpy/core/src -Inumpy/core -Inumpy/core/src/npymath -Inumpy/core/src/multiarray -Inumpy/core/src/umath -Inumpy/core/src/npysort -I/workdir/nibabel-4.0.2/.tox/cpythonlibtest-unit-test-tests/include -I/usr/local/include/python3.10 -Ibuild/src.linux-x86_64-3.1/numpy/core/src/common -Ibuild/src.linux-x86_64-3.1/numpy/core/src/npymath -Ibuild/src.linux-x86_64-3.1/numpy/core/src/common -Ibuild/src.linux-x86_64-3.1/numpy/core/src/npymath -c build/src.linux-x86_64-3.1/numpy/core/src/multiarray/scalartypes.c -o build/temp.linux-x86_64-cpython-310/build/src.linux-x86_64-3.1/numpy/core/src/multiarray/scalartypes.o -MMD -MF build/temp.linux-x86_64-cpython-310/build/src.linux-x86_64-3.1/numpy/core/src/multiarray/scalartypes.o.d" failed with exit status 1
      [end of output]
  
  note: This error originates from a subprocess, and is likely not a problem with pip.
  ERROR: Failed building wheel for numpy
  Running setup.py clean for numpy
  error: subprocess-exited-with-error
  
  × python setup.py clean did not run successfully.
  │ exit code: 1
  ╰─> [10 lines of output]
      Running from numpy source directory.
      
      `setup.py clean` is not supported, use one of the following instead:
      
        - `git clean -xdf` (cleans all files)
        - `git clean -Xdf` (cleans all versioned files, doesn't touch
                            files that aren't checked into the git repo)
      
      Add `--force` to your command to use it anyway if you must (unsupported).
      
      [end of output]
  
  note: This error originates from a subprocess, and is likely not a problem with pip.
  ERROR: Failed cleaning build dir for numpy
  Building wheel for texext (setup.py): started
  Building wheel for texext (setup.py): finished with status 'done'
  Created wheel for texext: filename=texext-0.6.6-py3-none-any.whl size=24653 sha256=b51d00fed8a06026a4a39e77d219dbcc8f750d60d63f49a11364370b37ec3435
  Stored in directory: /workdir/.cache/pip/wheels/8b/34/fd/c53a32fd38dbdef230bc2032e21cd453c6314f90d58f4a4c08
  Building wheel for matplotlib (setup.py): started
  Building wheel for matplotlib (setup.py): still running...
  Building wheel for matplotlib (setup.py): finished with status 'done'
  Created wheel for matplotlib: filename=matplotlib-3.4.3-cp310-cp310-linux_x86_64.whl size=8640094 sha256=19cf51e54e3275b4f9e3f9181b0601889e94aaf3b6408b0497701ce089817d7e
  Stored in directory: /workdir/.cache/pip/wheels/71/af/e4/d399b616d3e7ae88374c2ebab2d5d3ecf776a3590d4f5f768f
Successfully built texext matplotlib
Failed to build numpy
ERROR: Could not build wheels for numpy, which is required to install pyproject.toml-based projects

=================================== log end ====================================
ERROR: could not install deps [mock, pytest, -rdoc-requirements.txt, -rdev-requirements.txt, -rmin-requirements.txt, -rrequirements.txt]; v = InvocationError('/workdir/nibabel-4.0.2/.tox/cpythonlibtest-unit-test-tests/bin/python -m pip install mock pytest -rdoc-requirements.txt -rdev-requirements.txt -rmin-requirements.txt -rrequirements.txt', 1)
___________________________________ summary ____________________________________
ERROR:   cpythonlibtest-unit-test-tests: could not install deps [mock, pytest, -rdoc-requirements.txt, -rdev-requirements.txt, -rmin-requirements.txt, -rrequirements.txt]; v = InvocationError('/workdir/nibabel-4.0.2/.tox/cpythonlibtest-unit-test-tests/bin/python -m pip install mock pytest -rdoc-requirements.txt -rdev-requirements.txt -rmin-requirements.txt -rrequirements.txt', 1)
