<?xml version="1.0" encoding="utf-8"?><testsuites><testsuite name="pytest" errors="16" failures="35" skipped="269" tests="2031" time="107.438" timestamp="2023-11-21T22:35:09.474372" hostname="80ac3eb7f7f2"><testcase classname="" name="geopandas.io.tests.test_arrow" time="0.000"><skipped message="collection skipped">('/workdir/geopandas-0.12.1/geopandas/io/tests/test_arrow.py', 41, "Skipped: could not import 'pyarrow': No module named 'pyarrow'")</skipped></testcase><testcase classname="" name="geopandas.tests.test_explore" time="0.000"><skipped message="collection skipped">('/workdir/geopandas-0.12.1/geopandas/tests/test_explore.py', 7, "Skipped: could not import 'folium': No module named 'folium'")</skipped></testcase><testcase classname="geopandas.io.tests.test_file" name="test_to_file[fiona-ESRI Shapefile-.shp]" time="0.466" /><testcase classname="geopandas.io.tests.test_file" name="test_to_file[fiona-GeoJSON-.geojson]" time="0.852" /><testcase classname="geopandas.io.tests.test_file" name="test_to_file[fiona-GPKG-.gpkg]" time="0.311" /><testcase classname="geopandas.io.tests.test_file" name="test_to_file[fiona-None-.shp]" time="0.355" /><testcase classname="geopandas.io.tests.test_file" name="test_to_file[fiona-None-]" time="0.303" /><testcase classname="geopandas.io.tests.test_file" name="test_to_file[fiona-None-.geojson]" time="0.812" /><testcase classname="geopandas.io.tests.test_file" name="test_to_file[fiona-None-.gpkg]" time="0.282" /><testcase classname="geopandas.io.tests.test_file" name="test_to_file[pyogrio-ESRI Shapefile-.shp]" time="0.000"><skipped type="pytest.skip" message="pyogrio not installed">/workdir/geopandas-0.12.1/geopandas/io/tests/test_file.py:130: pyogrio not installed</skipped></testcase><testcase classname="geopandas.io.tests.test_file" name="test_to_file[pyogrio-GeoJSON-.geojson]" time="0.000"><skipped type="pytest.skip" message="pyogrio not installed">/workdir/geopandas-0.12.1/geopandas/io/tests/test_file.py:130: pyogrio not installed</skipped></testcase><testcase classname="geopandas.io.tests.test_file" name="test_to_file[pyogrio-GPKG-.gpkg]" time="0.000"><skipped type="pytest.skip" message="pyogrio not installed">/workdir/geopandas-0.12.1/geopandas/io/tests/test_file.py:130: pyogrio not installed</skipped></testcase><testcase classname="geopandas.io.tests.test_file" name="test_to_file[pyogrio-None-.shp]" time="0.000"><skipped type="pytest.skip" message="pyogrio not installed">/workdir/geopandas-0.12.1/geopandas/io/tests/test_file.py:130: pyogrio not installed</skipped></testcase><testcase classname="geopandas.io.tests.test_file" name="test_to_file[pyogrio-None-]" time="0.000"><skipped type="pytest.skip" message="pyogrio not installed">/workdir/geopandas-0.12.1/geopandas/io/tests/test_file.py:130: pyogrio not installed</skipped></testcase><testcase classname="geopandas.io.tests.test_file" name="test_to_file[pyogrio-None-.geojson]" time="0.000"><skipped type="pytest.skip" message="pyogrio not installed">/workdir/geopandas-0.12.1/geopandas/io/tests/test_file.py:130: pyogrio not installed</skipped></testcase><testcase classname="geopandas.io.tests.test_file" name="test_to_file[pyogrio-None-.gpkg]" time="0.000"><skipped type="pytest.skip" message="pyogrio not installed">/workdir/geopandas-0.12.1/geopandas/io/tests/test_file.py:130: pyogrio not installed</skipped></testcase><testcase classname="geopandas.io.tests.test_file" name="test_to_file_pathlib[fiona-ESRI Shapefile-.shp]" time="0.267" /><testcase classname="geopandas.io.tests.test_file" name="test_to_file_pathlib[fiona-GeoJSON-.geojson]" time="0.953" /><testcase classname="geopandas.io.tests.test_file" name="test_to_file_pathlib[fiona-GPKG-.gpkg]" time="0.262" /><testcase classname="geopandas.io.tests.test_file" name="test_to_file_pathlib[fiona-None-.shp]" time="0.270" /><testcase classname="geopandas.io.tests.test_file" name="test_to_file_pathlib[fiona-None-]" time="0.341" /><testcase classname="geopandas.io.tests.test_file" name="test_to_file_pathlib[fiona-None-.geojson]" time="0.808" /><testcase classname="geopandas.io.tests.test_file" name="test_to_file_pathlib[fiona-None-.gpkg]" time="0.344" /><testcase classname="geopandas.io.tests.test_file" name="test_to_file_pathlib[pyogrio-ESRI Shapefile-.shp]" time="0.000"><skipped type="pytest.skip" message="pyogrio not installed">/workdir/geopandas-0.12.1/geopandas/io/tests/test_file.py:153: pyogrio not installed</skipped></testcase><testcase classname="geopandas.io.tests.test_file" name="test_to_file_pathlib[pyogrio-GeoJSON-.geojson]" time="0.000"><skipped type="pytest.skip" message="pyogrio not installed">/workdir/geopandas-0.12.1/geopandas/io/tests/test_file.py:153: pyogrio not installed</skipped></testcase><testcase classname="geopandas.io.tests.test_file" name="test_to_file_pathlib[pyogrio-GPKG-.gpkg]" time="0.000"><skipped type="pytest.skip" message="pyogrio not installed">/workdir/geopandas-0.12.1/geopandas/io/tests/test_file.py:153: pyogrio not installed</skipped></testcase><testcase classname="geopandas.io.tests.test_file" name="test_to_file_pathlib[pyogrio-None-.shp]" time="0.000"><skipped type="pytest.skip" message="pyogrio not installed">/workdir/geopandas-0.12.1/geopandas/io/tests/test_file.py:153: pyogrio not installed</skipped></testcase><testcase classname="geopandas.io.tests.test_file" name="test_to_file_pathlib[pyogrio-None-]" time="0.000"><skipped type="pytest.skip" message="pyogrio not installed">/workdir/geopandas-0.12.1/geopandas/io/tests/test_file.py:153: pyogrio not installed</skipped></testcase><testcase classname="geopandas.io.tests.test_file" name="test_to_file_pathlib[pyogrio-None-.geojson]" time="0.000"><skipped type="pytest.skip" message="pyogrio not installed">/workdir/geopandas-0.12.1/geopandas/io/tests/test_file.py:153: pyogrio not installed</skipped></testcase><testcase classname="geopandas.io.tests.test_file" name="test_to_file_pathlib[pyogrio-None-.gpkg]" time="0.000"><skipped type="pytest.skip" message="pyogrio not installed">/workdir/geopandas-0.12.1/geopandas/io/tests/test_file.py:153: pyogrio not installed</skipped></testcase><testcase classname="geopandas.io.tests.test_file" name="test_to_file_bool[fiona-ESRI Shapefile-.shp]" time="0.021" /><testcase classname="geopandas.io.tests.test_file" name="test_to_file_bool[fiona-GeoJSON-.geojson]" time="0.020" /><testcase classname="geopandas.io.tests.test_file" name="test_to_file_bool[fiona-GPKG-.gpkg]" time="0.027" /><testcase classname="geopandas.io.tests.test_file" name="test_to_file_bool[fiona-None-.shp]" time="0.020" /><testcase classname="geopandas.io.tests.test_file" name="test_to_file_bool[fiona-None-]" time="0.020" /><testcase classname="geopandas.io.tests.test_file" name="test_to_file_bool[fiona-None-.geojson]" time="0.021" /><testcase classname="geopandas.io.tests.test_file" name="test_to_file_bool[fiona-None-.gpkg]" time="0.030" /><testcase classname="geopandas.io.tests.test_file" name="test_to_file_bool[pyogrio-ESRI Shapefile-.shp]" time="0.000"><skipped type="pytest.skip" message="pyogrio not installed">/workdir/geopandas-0.12.1/geopandas/io/tests/test_file.py:167: pyogrio not installed</skipped></testcase><testcase classname="geopandas.io.tests.test_file" name="test_to_file_bool[pyogrio-GeoJSON-.geojson]" time="0.000"><skipped type="pytest.skip" message="pyogrio not installed">/workdir/geopandas-0.12.1/geopandas/io/tests/test_file.py:167: pyogrio not installed</skipped></testcase><testcase classname="geopandas.io.tests.test_file" name="test_to_file_bool[pyogrio-GPKG-.gpkg]" time="0.000"><skipped type="pytest.skip" message="pyogrio not installed">/workdir/geopandas-0.12.1/geopandas/io/tests/test_file.py:167: pyogrio not installed</skipped></testcase><testcase classname="geopandas.io.tests.test_file" name="test_to_file_bool[pyogrio-None-.shp]" time="0.000"><skipped type="pytest.skip" message="pyogrio not installed">/workdir/geopandas-0.12.1/geopandas/io/tests/test_file.py:167: pyogrio not installed</skipped></testcase><testcase classname="geopandas.io.tests.test_file" name="test_to_file_bool[pyogrio-None-]" time="0.000"><skipped type="pytest.skip" message="pyogrio not installed">/workdir/geopandas-0.12.1/geopandas/io/tests/test_file.py:167: pyogrio not installed</skipped></testcase><testcase classname="geopandas.io.tests.test_file" name="test_to_file_bool[pyogrio-None-.geojson]" time="0.000"><skipped type="pytest.skip" message="pyogrio not installed">/workdir/geopandas-0.12.1/geopandas/io/tests/test_file.py:167: pyogrio not installed</skipped></testcase><testcase classname="geopandas.io.tests.test_file" name="test_to_file_bool[pyogrio-None-.gpkg]" time="0.000"><skipped type="pytest.skip" message="pyogrio not installed">/workdir/geopandas-0.12.1/geopandas/io/tests/test_file.py:167: pyogrio not installed</skipped></testcase><testcase classname="geopandas.io.tests.test_file" name="test_to_file_datetime[fiona-ESRI Shapefile-.shp-naive_datetime]" time="0.002"><skipped type="pytest.skip" message="Driver corresponding to ext .shp doesn't support dt fields">/workdir/geopandas-0.12.1/geopandas/io/tests/test_file.py:208: Driver corresponding to ext .shp doesn't support dt fields</skipped></testcase><testcase classname="geopandas.io.tests.test_file" name="test_to_file_datetime[fiona-ESRI Shapefile-.shp-datetime_with_timezone]" time="0.002"><skipped type="pytest.skip" message="Driver corresponding to ext .shp doesn't support dt fields">/workdir/geopandas-0.12.1/geopandas/io/tests/test_file.py:208: Driver corresponding to ext .shp doesn't support dt fields</skipped></testcase><testcase classname="geopandas.io.tests.test_file" name="test_to_file_datetime[fiona-GeoJSON-.geojson-naive_datetime]" time="0.025" /><testcase classname="geopandas.io.tests.test_file" name="test_to_file_datetime[fiona-GeoJSON-.geojson-datetime_with_timezone]" time="0.026" /><testcase classname="geopandas.io.tests.test_file" name="test_to_file_datetime[fiona-GPKG-.gpkg-naive_datetime]" time="0.029" /><testcase classname="geopandas.io.tests.test_file" name="test_to_file_datetime[fiona-GPKG-.gpkg-datetime_with_timezone]" time="0.030" /><testcase classname="geopandas.io.tests.test_file" name="test_to_file_datetime[fiona-None-.shp-naive_datetime]" time="0.002"><skipped type="pytest.skip" message="Driver corresponding to ext .shp doesn't support dt fields">/workdir/geopandas-0.12.1/geopandas/io/tests/test_file.py:208: Driver corresponding to ext .shp doesn't support dt fields</skipped></testcase><testcase classname="geopandas.io.tests.test_file" name="test_to_file_datetime[fiona-None-.shp-datetime_with_timezone]" time="0.002"><skipped type="pytest.skip" message="Driver corresponding to ext .shp doesn't support dt fields">/workdir/geopandas-0.12.1/geopandas/io/tests/test_file.py:208: Driver corresponding to ext .shp doesn't support dt fields</skipped></testcase><testcase classname="geopandas.io.tests.test_file" name="test_to_file_datetime[fiona-None--naive_datetime]" time="0.002"><skipped type="pytest.skip" message="Driver corresponding to ext  doesn't support dt fields">/workdir/geopandas-0.12.1/geopandas/io/tests/test_file.py:208: Driver corresponding to ext  doesn't support dt fields</skipped></testcase><testcase classname="geopandas.io.tests.test_file" name="test_to_file_datetime[fiona-None--datetime_with_timezone]" time="0.001"><skipped type="pytest.skip" message="Driver corresponding to ext  doesn't support dt fields">/workdir/geopandas-0.12.1/geopandas/io/tests/test_file.py:208: Driver corresponding to ext  doesn't support dt fields</skipped></testcase><testcase classname="geopandas.io.tests.test_file" name="test_to_file_datetime[fiona-None-.geojson-naive_datetime]" time="0.023" /><testcase classname="geopandas.io.tests.test_file" name="test_to_file_datetime[fiona-None-.geojson-datetime_with_timezone]" time="0.024" /><testcase classname="geopandas.io.tests.test_file" name="test_to_file_datetime[fiona-None-.gpkg-naive_datetime]" time="0.029" /><testcase classname="geopandas.io.tests.test_file" name="test_to_file_datetime[fiona-None-.gpkg-datetime_with_timezone]" time="0.033" /><testcase classname="geopandas.io.tests.test_file" name="test_to_file_datetime[pyogrio-ESRI Shapefile-.shp-naive_datetime]" time="0.000"><skipped type="pytest.skip" message="pyogrio not installed">/workdir/geopandas-0.12.1/geopandas/io/tests/test_file.py:198: pyogrio not installed</skipped></testcase><testcase classname="geopandas.io.tests.test_file" name="test_to_file_datetime[pyogrio-ESRI Shapefile-.shp-datetime_with_timezone]" time="0.000"><skipped type="pytest.skip" message="pyogrio not installed">/workdir/geopandas-0.12.1/geopandas/io/tests/test_file.py:198: pyogrio not installed</skipped></testcase><testcase classname="geopandas.io.tests.test_file" name="test_to_file_datetime[pyogrio-GeoJSON-.geojson-naive_datetime]" time="0.000"><skipped type="pytest.skip" message="pyogrio not installed">/workdir/geopandas-0.12.1/geopandas/io/tests/test_file.py:198: pyogrio not installed</skipped></testcase><testcase classname="geopandas.io.tests.test_file" name="test_to_file_datetime[pyogrio-GeoJSON-.geojson-datetime_with_timezone]" time="0.000"><skipped type="pytest.skip" message="pyogrio not installed">/workdir/geopandas-0.12.1/geopandas/io/tests/test_file.py:198: pyogrio not installed</skipped></testcase><testcase classname="geopandas.io.tests.test_file" name="test_to_file_datetime[pyogrio-GPKG-.gpkg-naive_datetime]" time="0.000"><skipped type="pytest.skip" message="pyogrio not installed">/workdir/geopandas-0.12.1/geopandas/io/tests/test_file.py:198: pyogrio not installed</skipped></testcase><testcase classname="geopandas.io.tests.test_file" name="test_to_file_datetime[pyogrio-GPKG-.gpkg-datetime_with_timezone]" time="0.000"><skipped type="pytest.skip" message="pyogrio not installed">/workdir/geopandas-0.12.1/geopandas/io/tests/test_file.py:198: pyogrio not installed</skipped></testcase><testcase classname="geopandas.io.tests.test_file" name="test_to_file_datetime[pyogrio-None-.shp-naive_datetime]" time="0.000"><skipped type="pytest.skip" message="pyogrio not installed">/workdir/geopandas-0.12.1/geopandas/io/tests/test_file.py:198: pyogrio not installed</skipped></testcase><testcase classname="geopandas.io.tests.test_file" name="test_to_file_datetime[pyogrio-None-.shp-datetime_with_timezone]" time="0.000"><skipped type="pytest.skip" message="pyogrio not installed">/workdir/geopandas-0.12.1/geopandas/io/tests/test_file.py:198: pyogrio not installed</skipped></testcase><testcase classname="geopandas.io.tests.test_file" name="test_to_file_datetime[pyogrio-None--naive_datetime]" time="0.000"><skipped type="pytest.skip" message="pyogrio not installed">/workdir/geopandas-0.12.1/geopandas/io/tests/test_file.py:198: pyogrio not installed</skipped></testcase><testcase classname="geopandas.io.tests.test_file" name="test_to_file_datetime[pyogrio-None--datetime_with_timezone]" time="0.000"><skipped type="pytest.skip" message="pyogrio not installed">/workdir/geopandas-0.12.1/geopandas/io/tests/test_file.py:198: pyogrio not installed</skipped></testcase><testcase classname="geopandas.io.tests.test_file" name="test_to_file_datetime[pyogrio-None-.geojson-naive_datetime]" time="0.001"><skipped type="pytest.skip" message="pyogrio not installed">/workdir/geopandas-0.12.1/geopandas/io/tests/test_file.py:198: pyogrio not installed</skipped></testcase><testcase classname="geopandas.io.tests.test_file" name="test_to_file_datetime[pyogrio-None-.geojson-datetime_with_timezone]" time="0.000"><skipped type="pytest.skip" message="pyogrio not installed">/workdir/geopandas-0.12.1/geopandas/io/tests/test_file.py:198: pyogrio not installed</skipped></testcase><testcase classname="geopandas.io.tests.test_file" name="test_to_file_datetime[pyogrio-None-.gpkg-naive_datetime]" time="0.000"><skipped type="pytest.skip" message="pyogrio not installed">/workdir/geopandas-0.12.1/geopandas/io/tests/test_file.py:198: pyogrio not installed</skipped></testcase><testcase classname="geopandas.io.tests.test_file" name="test_to_file_datetime[pyogrio-None-.gpkg-datetime_with_timezone]" time="0.000"><skipped type="pytest.skip" message="pyogrio not installed">/workdir/geopandas-0.12.1/geopandas/io/tests/test_file.py:198: pyogrio not installed</skipped></testcase><testcase classname="geopandas.io.tests.test_file" name="test_read_file_datetime_invalid[fiona-gpkg]" time="0.052" /><testcase classname="geopandas.io.tests.test_file" name="test_read_file_datetime_invalid[fiona-geojson]" time="0.014" /><testcase classname="geopandas.io.tests.test_file" name="test_read_file_datetime_invalid[pyogrio-gpkg]" time="0.000"><skipped type="pytest.skip" message="pyogrio not installed">/workdir/geopandas-0.12.1/geopandas/io/tests/test_file.py:262: pyogrio not installed</skipped></testcase><testcase classname="geopandas.io.tests.test_file" name="test_read_file_datetime_invalid[pyogrio-geojson]" time="0.000"><skipped type="pytest.skip" message="pyogrio not installed">/workdir/geopandas-0.12.1/geopandas/io/tests/test_file.py:262: pyogrio not installed</skipped></testcase><testcase classname="geopandas.io.tests.test_file" name="test_read_file_datetime_out_of_bounds_ns[fiona-gpkg]" time="0.046" /><testcase classname="geopandas.io.tests.test_file" name="test_read_file_datetime_out_of_bounds_ns[fiona-geojson]" time="0.015" /><testcase classname="geopandas.io.tests.test_file" name="test_read_file_datetime_out_of_bounds_ns[pyogrio-gpkg]" time="0.000"><skipped type="pytest.skip" message="pyogrio not installed">/workdir/geopandas-0.12.1/geopandas/io/tests/test_file.py:280: pyogrio not installed</skipped></testcase><testcase classname="geopandas.io.tests.test_file" name="test_read_file_datetime_out_of_bounds_ns[pyogrio-geojson]" time="0.000"><skipped type="pytest.skip" message="pyogrio not installed">/workdir/geopandas-0.12.1/geopandas/io/tests/test_file.py:280: pyogrio not installed</skipped></testcase><testcase classname="geopandas.io.tests.test_file" name="test_read_file_datetime_mixed_offsets" time="0.017"><failure message="assert datetime.timezone.utc == &lt;UTC&gt;&#10; +  where datetime.timezone.utc = &lt;pandas.core.indexes.accessors.DatetimeProperties object at 0x7fa00fdaea70&gt;.tz&#10; +    where &lt;pandas.core.indexes.accessors.DatetimeProperties object at 0x7fa00fdaea70&gt; = 0   2014-08-26 08:01:23.040000+00:00\n1   2019-03-07 16:31:43.119000+00:00\nName: date, dtype: datetime64[ns, UTC].dt&#10; +  and   &lt;UTC&gt; = pytz.utc">Traceback (most recent call last):
  File "/workdir/geopandas-0.12.1/.tox/cpythonlibtest-unit-test-tests/lib/python3.10/site-packages/_pytest/runner.py", line 341, in from_call
    result: Optional[TResult] = func()
  File "/workdir/geopandas-0.12.1/.tox/cpythonlibtest-unit-test-tests/lib/python3.10/site-packages/_pytest/runner.py", line 262, in &lt;lambda&gt;
    lambda: ihook(item=item, **kwds), when=when, reraise=reraise
  File "/workdir/geopandas-0.12.1/.tox/cpythonlibtest-unit-test-tests/lib/python3.10/site-packages/pluggy/_hooks.py", line 493, in __call__
    return self._hookexec(self.name, self._hookimpls, kwargs, firstresult)
  File "/workdir/geopandas-0.12.1/.tox/cpythonlibtest-unit-test-tests/lib/python3.10/site-packages/pluggy/_manager.py", line 115, in _hookexec
    return self._inner_hookexec(hook_name, methods, kwargs, firstresult)
  File "/workdir/geopandas-0.12.1/.tox/cpythonlibtest-unit-test-tests/lib/python3.10/site-packages/pluggy/_callers.py", line 152, in _multicall
    return outcome.get_result()
  File "/workdir/geopandas-0.12.1/.tox/cpythonlibtest-unit-test-tests/lib/python3.10/site-packages/pluggy/_result.py", line 114, in get_result
    raise exc.with_traceback(exc.__traceback__)
  File "/workdir/geopandas-0.12.1/.tox/cpythonlibtest-unit-test-tests/lib/python3.10/site-packages/pluggy/_callers.py", line 77, in _multicall
    res = hook_impl.function(*args)
  File "/workdir/geopandas-0.12.1/.tox/cpythonlibtest-unit-test-tests/lib/python3.10/site-packages/_pytest/runner.py", line 177, in pytest_runtest_call
    raise e
  File "/workdir/geopandas-0.12.1/.tox/cpythonlibtest-unit-test-tests/lib/python3.10/site-packages/_pytest/runner.py", line 169, in pytest_runtest_call
    item.runtest()
  File "/workdir/geopandas-0.12.1/.tox/cpythonlibtest-unit-test-tests/lib/python3.10/site-packages/_pytest/python.py", line 1792, in runtest
    self.ihook.pytest_pyfunc_call(pyfuncitem=self)
  File "/workdir/geopandas-0.12.1/.tox/cpythonlibtest-unit-test-tests/lib/python3.10/site-packages/pluggy/_hooks.py", line 493, in __call__
    return self._hookexec(self.name, self._hookimpls, kwargs, firstresult)
  File "/workdir/geopandas-0.12.1/.tox/cpythonlibtest-unit-test-tests/lib/python3.10/site-packages/pluggy/_manager.py", line 115, in _hookexec
    return self._inner_hookexec(hook_name, methods, kwargs, firstresult)
  File "/workdir/geopandas-0.12.1/.tox/cpythonlibtest-unit-test-tests/lib/python3.10/site-packages/pluggy/_callers.py", line 113, in _multicall
    raise exception.with_traceback(exception.__traceback__)
  File "/workdir/geopandas-0.12.1/.tox/cpythonlibtest-unit-test-tests/lib/python3.10/site-packages/pluggy/_callers.py", line 77, in _multicall
    res = hook_impl.function(*args)
  File "/workdir/geopandas-0.12.1/.tox/cpythonlibtest-unit-test-tests/lib/python3.10/site-packages/_pytest/python.py", line 194, in pytest_pyfunc_call
    result = testfunction(**testargs)
  File "/workdir/geopandas-0.12.1/geopandas/io/tests/test_file.py", line 312, in test_read_file_datetime_mixed_offsets
    assert res["date"].dt.tz == pytz.utc
AssertionError: assert datetime.timezone.utc == &lt;UTC&gt;
 +  where datetime.timezone.utc = &lt;pandas.core.indexes.accessors.DatetimeProperties object at 0x7fa00fdaea70&gt;.tz
 +    where &lt;pandas.core.indexes.accessors.DatetimeProperties object at 0x7fa00fdaea70&gt; = 0   2014-08-26 08:01:23.040000+00:00\n1   2019-03-07 16:31:43.119000+00:00\nName: date, dtype: datetime64[ns, UTC].dt
 +  and   &lt;UTC&gt; = pytz.utc</failure></testcase><testcase classname="geopandas.io.tests.test_file" name="test_to_file_with_point_z[fiona-ESRI Shapefile-.shp]" time="0.019" /><testcase classname="geopandas.io.tests.test_file" name="test_to_file_with_point_z[fiona-GeoJSON-.geojson]" time="0.018" /><testcase classname="geopandas.io.tests.test_file" name="test_to_file_with_point_z[fiona-GPKG-.gpkg]" time="0.027" /><testcase classname="geopandas.io.tests.test_file" name="test_to_file_with_point_z[fiona-None-.shp]" time="0.018" /><testcase classname="geopandas.io.tests.test_file" name="test_to_file_with_point_z[fiona-None-]" time="0.018" /><testcase classname="geopandas.io.tests.test_file" name="test_to_file_with_point_z[fiona-None-.geojson]" time="0.018" /><testcase classname="geopandas.io.tests.test_file" name="test_to_file_with_point_z[fiona-None-.gpkg]" time="0.026" /><testcase classname="geopandas.io.tests.test_file" name="test_to_file_with_point_z[pyogrio-ESRI Shapefile-.shp]" time="0.000"><skipped type="pytest.skip" message="pyogrio not installed">/workdir/geopandas-0.12.1/geopandas/io/tests/test_file.py:318: pyogrio not installed</skipped></testcase><testcase classname="geopandas.io.tests.test_file" name="test_to_file_with_point_z[pyogrio-GeoJSON-.geojson]" time="0.000"><skipped type="pytest.skip" message="pyogrio not installed">/workdir/geopandas-0.12.1/geopandas/io/tests/test_file.py:318: pyogrio not installed</skipped></testcase><testcase classname="geopandas.io.tests.test_file" name="test_to_file_with_point_z[pyogrio-GPKG-.gpkg]" time="0.000"><skipped type="pytest.skip" message="pyogrio not installed">/workdir/geopandas-0.12.1/geopandas/io/tests/test_file.py:318: pyogrio not installed</skipped></testcase><testcase classname="geopandas.io.tests.test_file" name="test_to_file_with_point_z[pyogrio-None-.shp]" time="0.000"><skipped type="pytest.skip" message="pyogrio not installed">/workdir/geopandas-0.12.1/geopandas/io/tests/test_file.py:318: pyogrio not installed</skipped></testcase><testcase classname="geopandas.io.tests.test_file" name="test_to_file_with_point_z[pyogrio-None-]" time="0.000"><skipped type="pytest.skip" message="pyogrio not installed">/workdir/geopandas-0.12.1/geopandas/io/tests/test_file.py:318: pyogrio not installed</skipped></testcase><testcase classname="geopandas.io.tests.test_file" name="test_to_file_with_point_z[pyogrio-None-.geojson]" time="0.000"><skipped type="pytest.skip" message="pyogrio not installed">/workdir/geopandas-0.12.1/geopandas/io/tests/test_file.py:318: pyogrio not installed</skipped></testcase><testcase classname="geopandas.io.tests.test_file" name="test_to_file_with_point_z[pyogrio-None-.gpkg]" time="0.000"><skipped type="pytest.skip" message="pyogrio not installed">/workdir/geopandas-0.12.1/geopandas/io/tests/test_file.py:318: pyogrio not installed</skipped></testcase><testcase classname="geopandas.io.tests.test_file" name="test_to_file_with_poly_z[fiona-ESRI Shapefile-.shp]" time="0.019" /><testcase classname="geopandas.io.tests.test_file" name="test_to_file_with_poly_z[fiona-GeoJSON-.geojson]" time="0.018" /><testcase classname="geopandas.io.tests.test_file" name="test_to_file_with_poly_z[fiona-GPKG-.gpkg]" time="0.026" /><testcase classname="geopandas.io.tests.test_file" name="test_to_file_with_poly_z[fiona-None-.shp]" time="0.019" /><testcase classname="geopandas.io.tests.test_file" name="test_to_file_with_poly_z[fiona-None-]" time="0.018" /><testcase classname="geopandas.io.tests.test_file" name="test_to_file_with_poly_z[fiona-None-.geojson]" time="0.018" /><testcase classname="geopandas.io.tests.test_file" name="test_to_file_with_poly_z[fiona-None-.gpkg]" time="0.026" /><testcase classname="geopandas.io.tests.test_file" name="test_to_file_with_poly_z[pyogrio-ESRI Shapefile-.shp]" time="0.000"><skipped type="pytest.skip" message="pyogrio not installed">/workdir/geopandas-0.12.1/geopandas/io/tests/test_file.py:333: pyogrio not installed</skipped></testcase><testcase classname="geopandas.io.tests.test_file" name="test_to_file_with_poly_z[pyogrio-GeoJSON-.geojson]" time="0.000"><skipped type="pytest.skip" message="pyogrio not installed">/workdir/geopandas-0.12.1/geopandas/io/tests/test_file.py:333: pyogrio not installed</skipped></testcase><testcase classname="geopandas.io.tests.test_file" name="test_to_file_with_poly_z[pyogrio-GPKG-.gpkg]" time="0.000"><skipped type="pytest.skip" message="pyogrio not installed">/workdir/geopandas-0.12.1/geopandas/io/tests/test_file.py:333: pyogrio not installed</skipped></testcase><testcase classname="geopandas.io.tests.test_file" name="test_to_file_with_poly_z[pyogrio-None-.shp]" time="0.000"><skipped type="pytest.skip" message="pyogrio not installed">/workdir/geopandas-0.12.1/geopandas/io/tests/test_file.py:333: pyogrio not installed</skipped></testcase><testcase classname="geopandas.io.tests.test_file" name="test_to_file_with_poly_z[pyogrio-None-]" time="0.000"><skipped type="pytest.skip" message="pyogrio not installed">/workdir/geopandas-0.12.1/geopandas/io/tests/test_file.py:333: pyogrio not installed</skipped></testcase><testcase classname="geopandas.io.tests.test_file" name="test_to_file_with_poly_z[pyogrio-None-.geojson]" time="0.001"><skipped type="pytest.skip" message="pyogrio not installed">/workdir/geopandas-0.12.1/geopandas/io/tests/test_file.py:333: pyogrio not installed</skipped></testcase><testcase classname="geopandas.io.tests.test_file" name="test_to_file_with_poly_z[pyogrio-None-.gpkg]" time="0.000"><skipped type="pytest.skip" message="pyogrio not installed">/workdir/geopandas-0.12.1/geopandas/io/tests/test_file.py:333: pyogrio not installed</skipped></testcase><testcase classname="geopandas.io.tests.test_file" name="test_to_file_types[fiona]" time="0.017" /><testcase classname="geopandas.io.tests.test_file" name="test_to_file_types[pyogrio]" time="0.000"><skipped type="pytest.skip" message="pyogrio not installed">/workdir/geopandas-0.12.1/geopandas/io/tests/test_file.py:348: pyogrio not installed</skipped></testcase><testcase classname="geopandas.io.tests.test_file" name="test_to_file_int64[fiona]" time="0.024" /><testcase classname="geopandas.io.tests.test_file" name="test_to_file_int64[pyogrio]" time="0.000"><skipped type="pytest.skip" message="pyogrio not installed">/workdir/geopandas-0.12.1/geopandas/io/tests/test_file.py:371: pyogrio not installed</skipped></testcase><testcase classname="geopandas.io.tests.test_file" name="test_to_file_empty[fiona]" time="0.008" /><testcase classname="geopandas.io.tests.test_file" name="test_to_file_empty[pyogrio]" time="0.000"><skipped type="pytest.skip" message="pyogrio not installed">/workdir/geopandas-0.12.1/geopandas/io/tests/test_file.py:382: pyogrio not installed</skipped></testcase><testcase classname="geopandas.io.tests.test_file" name="test_to_file_privacy[fiona]" time="0.201" /><testcase classname="geopandas.io.tests.test_file" name="test_to_file_privacy[pyogrio]" time="0.000"><skipped type="pytest.skip" message="pyogrio not installed">/workdir/geopandas-0.12.1/geopandas/io/tests/test_file.py:389: pyogrio not installed</skipped></testcase><testcase classname="geopandas.io.tests.test_file" name="test_to_file_schema[fiona]" time="0.103" /><testcase classname="geopandas.io.tests.test_file" name="test_to_file_schema[pyogrio]" time="0.000"><skipped type="pytest.skip" message="pyogrio not installed">/workdir/geopandas-0.12.1/geopandas/io/tests/test_file.py:395: pyogrio not installed</skipped></testcase><testcase classname="geopandas.io.tests.test_file" name="test_to_file_crs[fiona]" time="0.734" /><testcase classname="geopandas.io.tests.test_file" name="test_to_file_crs[pyogrio]" time="0.000"><skipped type="pytest.skip" message="pyogrio not installed">/workdir/geopandas-0.12.1/geopandas/io/tests/test_file.py:427: pyogrio not installed</skipped></testcase><testcase classname="geopandas.io.tests.test_file" name="test_to_file_column_len[fiona]" time="0.016" /><testcase classname="geopandas.io.tests.test_file" name="test_to_file_column_len[pyogrio]" time="0.000"><skipped type="pytest.skip" message="pyogrio not installed">/workdir/geopandas-0.12.1/geopandas/io/tests/test_file.py:458: pyogrio not installed</skipped></testcase><testcase classname="geopandas.io.tests.test_file" name="test_to_file_with_duplicate_columns[fiona]" time="0.010" /><testcase classname="geopandas.io.tests.test_file" name="test_to_file_with_duplicate_columns[pyogrio]" time="0.000"><skipped type="pytest.skip" message="pyogrio not installed">/workdir/geopandas-0.12.1/geopandas/io/tests/test_file.py:474: pyogrio not installed</skipped></testcase><testcase classname="geopandas.io.tests.test_file" name="test_append_file[fiona-ESRI Shapefile-.shp]" time="0.476" /><testcase classname="geopandas.io.tests.test_file" name="test_append_file[fiona-GeoJSON-.geojson]" time="1.545" /><testcase classname="geopandas.io.tests.test_file" name="test_append_file[fiona-GPKG-.gpkg]" time="0.618" /><testcase classname="geopandas.io.tests.test_file" name="test_append_file[fiona-None-.shp]" time="0.480" /><testcase classname="geopandas.io.tests.test_file" name="test_append_file[fiona-None-]" time="0.479" /><testcase classname="geopandas.io.tests.test_file" name="test_append_file[fiona-None-.geojson]" time="1.451" /><testcase classname="geopandas.io.tests.test_file" name="test_append_file[fiona-None-.gpkg]" time="0.575" /><testcase classname="geopandas.io.tests.test_file" name="test_append_file[pyogrio-ESRI Shapefile-.shp]" time="0.000"><skipped type="pytest.skip" message="pyogrio not installed">/workdir/geopandas-0.12.1/geopandas/io/tests/test_file.py:483: pyogrio not installed</skipped></testcase><testcase classname="geopandas.io.tests.test_file" name="test_append_file[pyogrio-GeoJSON-.geojson]" time="0.000"><skipped type="pytest.skip" message="pyogrio not installed">/workdir/geopandas-0.12.1/geopandas/io/tests/test_file.py:483: pyogrio not installed</skipped></testcase><testcase classname="geopandas.io.tests.test_file" name="test_append_file[pyogrio-GPKG-.gpkg]" time="0.000"><skipped type="pytest.skip" message="pyogrio not installed">/workdir/geopandas-0.12.1/geopandas/io/tests/test_file.py:483: pyogrio not installed</skipped></testcase><testcase classname="geopandas.io.tests.test_file" name="test_append_file[pyogrio-None-.shp]" time="0.000"><skipped type="pytest.skip" message="pyogrio not installed">/workdir/geopandas-0.12.1/geopandas/io/tests/test_file.py:483: pyogrio not installed</skipped></testcase><testcase classname="geopandas.io.tests.test_file" name="test_append_file[pyogrio-None-]" time="0.000"><skipped type="pytest.skip" message="pyogrio not installed">/workdir/geopandas-0.12.1/geopandas/io/tests/test_file.py:483: pyogrio not installed</skipped></testcase><testcase classname="geopandas.io.tests.test_file" name="test_append_file[pyogrio-None-.geojson]" time="0.000"><skipped type="pytest.skip" message="pyogrio not installed">/workdir/geopandas-0.12.1/geopandas/io/tests/test_file.py:483: pyogrio not installed</skipped></testcase><testcase classname="geopandas.io.tests.test_file" name="test_append_file[pyogrio-None-.gpkg]" time="0.000"><skipped type="pytest.skip" message="pyogrio not installed">/workdir/geopandas-0.12.1/geopandas/io/tests/test_file.py:483: pyogrio not installed</skipped></testcase><testcase classname="geopandas.io.tests.test_file" name="test_empty_crs[fiona-ESRI Shapefile-.shp]" time="0.015" /><testcase classname="geopandas.io.tests.test_file" name="test_empty_crs[fiona-GeoJSON-.geojson]" time="0.020" /><testcase classname="geopandas.io.tests.test_file" name="test_empty_crs[fiona-GPKG-.gpkg]" time="0.002"><skipped type="pytest.xfail" message="GPKG is read with Undefined geographic SRS." /></testcase><testcase classname="geopandas.io.tests.test_file" name="test_empty_crs[fiona-None-.shp]" time="0.017" /><testcase classname="geopandas.io.tests.test_file" name="test_empty_crs[fiona-None-]" time="0.016" /><testcase classname="geopandas.io.tests.test_file" name="test_empty_crs[fiona-None-.geojson]" time="0.018" /><testcase classname="geopandas.io.tests.test_file" name="test_empty_crs[fiona-None-.gpkg]" time="0.002"><skipped type="pytest.xfail" message="GPKG is read with Undefined geographic SRS." /></testcase><testcase classname="geopandas.io.tests.test_file" name="test_empty_crs[pyogrio-ESRI Shapefile-.shp]" time="0.000"><skipped type="pytest.skip" message="pyogrio not installed">/workdir/geopandas-0.12.1/geopandas/io/tests/test_file.py:515: pyogrio not installed</skipped></testcase><testcase classname="geopandas.io.tests.test_file" name="test_empty_crs[pyogrio-GeoJSON-.geojson]" time="0.000"><skipped type="pytest.skip" message="pyogrio not installed">/workdir/geopandas-0.12.1/geopandas/io/tests/test_file.py:515: pyogrio not installed</skipped></testcase><testcase classname="geopandas.io.tests.test_file" name="test_empty_crs[pyogrio-GPKG-.gpkg]" time="0.000"><skipped type="pytest.skip" message="pyogrio not installed">/workdir/geopandas-0.12.1/geopandas/io/tests/test_file.py:515: pyogrio not installed</skipped></testcase><testcase classname="geopandas.io.tests.test_file" name="test_empty_crs[pyogrio-None-.shp]" time="0.000"><skipped type="pytest.skip" message="pyogrio not installed">/workdir/geopandas-0.12.1/geopandas/io/tests/test_file.py:515: pyogrio not installed</skipped></testcase><testcase classname="geopandas.io.tests.test_file" name="test_empty_crs[pyogrio-None-]" time="0.000"><skipped type="pytest.skip" message="pyogrio not installed">/workdir/geopandas-0.12.1/geopandas/io/tests/test_file.py:515: pyogrio not installed</skipped></testcase><testcase classname="geopandas.io.tests.test_file" name="test_empty_crs[pyogrio-None-.geojson]" time="0.000"><skipped type="pytest.skip" message="pyogrio not installed">/workdir/geopandas-0.12.1/geopandas/io/tests/test_file.py:515: pyogrio not installed</skipped></testcase><testcase classname="geopandas.io.tests.test_file" name="test_empty_crs[pyogrio-None-.gpkg]" time="0.000"><skipped type="pytest.skip" message="pyogrio not installed">/workdir/geopandas-0.12.1/geopandas/io/tests/test_file.py:515: pyogrio not installed</skipped></testcase><testcase classname="geopandas.io.tests.test_file" name="test_read_file[fiona]" time="0.158" /><testcase classname="geopandas.io.tests.test_file" name="test_read_file[pyogrio]" time="0.000"><skipped type="pytest.skip" message="pyogrio not installed">/workdir/geopandas-0.12.1/geopandas/io/tests/test_file.py:547: pyogrio not installed</skipped></testcase><testcase classname="geopandas.io.tests.test_file" name="test_read_file_remote_geojson_url[fiona]" time="0.222" /><testcase classname="geopandas.io.tests.test_file" name="test_read_file_remote_geojson_url[pyogrio]" time="0.000"><skipped type="pytest.skip" message="pyogrio not installed">/workdir/geopandas-0.12.1/geopandas/io/tests/test_file.py:555: pyogrio not installed</skipped></testcase><testcase classname="geopandas.io.tests.test_file" name="test_read_file_remote_zipfile_url[fiona]" time="0.520" /><testcase classname="geopandas.io.tests.test_file" name="test_read_file_remote_zipfile_url[pyogrio]" time="0.000"><skipped type="pytest.skip" message="pyogrio not installed">/workdir/geopandas-0.12.1/geopandas/io/tests/test_file.py:565: pyogrio not installed</skipped></testcase><testcase classname="geopandas.io.tests.test_file" name="test_read_file_textio[fiona]" time="0.014" /><testcase classname="geopandas.io.tests.test_file" name="test_read_file_textio[pyogrio]" time="0.000"><skipped type="pytest.skip" message="pyogrio not installed">/workdir/geopandas-0.12.1/geopandas/io/tests/test_file.py:575: pyogrio not installed</skipped></testcase><testcase classname="geopandas.io.tests.test_file" name="test_read_file_bytesio[fiona]" time="0.014" /><testcase classname="geopandas.io.tests.test_file" name="test_read_file_bytesio[pyogrio]" time="0.000"><skipped type="pytest.skip" message="pyogrio not installed">/workdir/geopandas-0.12.1/geopandas/io/tests/test_file.py:584: pyogrio not installed</skipped></testcase><testcase classname="geopandas.io.tests.test_file" name="test_read_file_raw_stream[fiona]" time="0.008" /><testcase classname="geopandas.io.tests.test_file" name="test_read_file_raw_stream[pyogrio]" time="0.000"><skipped type="pytest.skip" message="pyogrio not installed">/workdir/geopandas-0.12.1/geopandas/io/tests/test_file.py:593: pyogrio not installed</skipped></testcase><testcase classname="geopandas.io.tests.test_file" name="test_read_file_pathlib[fiona]" time="0.008" /><testcase classname="geopandas.io.tests.test_file" name="test_read_file_pathlib[pyogrio]" time="0.001"><skipped type="pytest.skip" message="pyogrio not installed">/workdir/geopandas-0.12.1/geopandas/io/tests/test_file.py:599: pyogrio not installed</skipped></testcase><testcase classname="geopandas.io.tests.test_file" name="test_read_file_tempfile[fiona]" time="0.008" /><testcase classname="geopandas.io.tests.test_file" name="test_read_file_tempfile[pyogrio]" time="0.001"><skipped type="pytest.skip" message="pyogrio not installed">/workdir/geopandas-0.12.1/geopandas/io/tests/test_file.py:605: pyogrio not installed</skipped></testcase><testcase classname="geopandas.io.tests.test_file" name="test_read_binary_file_fsspec[fiona]" time="0.002"><skipped type="pytest.skip" message="could not import 'fsspec': No module named 'fsspec'">/workdir/geopandas-0.12.1/geopandas/io/tests/test_file.py:628: could not import 'fsspec': No module named 'fsspec'</skipped></testcase><testcase classname="geopandas.io.tests.test_file" name="test_read_binary_file_fsspec[pyogrio]" time="0.000"><skipped type="pytest.skip" message="pyogrio not installed">/workdir/geopandas-0.12.1/geopandas/io/tests/test_file.py:627: pyogrio not installed</skipped></testcase><testcase classname="geopandas.io.tests.test_file" name="test_read_text_file_fsspec[fiona]" time="0.001"><skipped type="pytest.skip" message="could not import 'fsspec': No module named 'fsspec'">/workdir/geopandas-0.12.1/geopandas/io/tests/test_file.py:638: could not import 'fsspec': No module named 'fsspec'</skipped></testcase><testcase classname="geopandas.io.tests.test_file" name="test_read_text_file_fsspec[pyogrio]" time="0.000"><skipped type="pytest.skip" message="pyogrio not installed">/workdir/geopandas-0.12.1/geopandas/io/tests/test_file.py:637: pyogrio not installed</skipped></testcase><testcase classname="geopandas.io.tests.test_file" name="test_infer_zipped_file[fiona]" time="0.484" /><testcase classname="geopandas.io.tests.test_file" name="test_infer_zipped_file[pyogrio]" time="0.000"><skipped type="pytest.skip" message="pyogrio not installed">/workdir/geopandas-0.12.1/geopandas/io/tests/test_file.py:644: pyogrio not installed</skipped></testcase><testcase classname="geopandas.io.tests.test_file" name="test_allow_legacy_gdal_path[fiona]" time="0.155" /><testcase classname="geopandas.io.tests.test_file" name="test_allow_legacy_gdal_path[pyogrio]" time="0.000"><skipped type="pytest.skip" message="pyogrio not installed">/workdir/geopandas-0.12.1/geopandas/io/tests/test_file.py:662: pyogrio not installed</skipped></testcase><testcase classname="geopandas.io.tests.test_file" name="test_read_file_filtered__bbox[fiona]" time="0.462" /><testcase classname="geopandas.io.tests.test_file" name="test_read_file_filtered__bbox[pyogrio]" time="0.000"><skipped type="pytest.skip" message="pyogrio not installed">/workdir/geopandas-0.12.1/geopandas/io/tests/test_file.py:669: pyogrio not installed</skipped></testcase><testcase classname="geopandas.io.tests.test_file" name="test_read_file_filtered__bbox__polygon[fiona]" time="0.347" /><testcase classname="geopandas.io.tests.test_file" name="test_read_file_filtered__bbox__polygon[pyogrio]" time="0.000"><skipped type="pytest.skip" message="pyogrio not installed">/workdir/geopandas-0.12.1/geopandas/io/tests/test_file.py:682: pyogrio not installed</skipped></testcase><testcase classname="geopandas.io.tests.test_file" name="test_read_file_filtered__rows[fiona]" time="0.126" /><testcase classname="geopandas.io.tests.test_file" name="test_read_file_filtered__rows[pyogrio]" time="0.000"><skipped type="pytest.skip" message="pyogrio not installed">/workdir/geopandas-0.12.1/geopandas/io/tests/test_file.py:692: pyogrio not installed</skipped></testcase><testcase classname="geopandas.io.tests.test_file" name="test_read_file_filtered__rows_slice[fiona]" time="0.410" /><testcase classname="geopandas.io.tests.test_file" name="test_read_file_filtered__rows_slice[pyogrio]" time="0.000"><skipped type="pytest.skip" message="pyogrio not installed">/workdir/geopandas-0.12.1/geopandas/io/tests/test_file.py:698: pyogrio not installed</skipped></testcase><testcase classname="geopandas.io.tests.test_file" name="test_read_file_filtered__rows_bbox[fiona]" time="0.233" /><testcase classname="geopandas.io.tests.test_file" name="test_read_file_filtered__rows_bbox[pyogrio]" time="0.000"><skipped type="pytest.skip" message="pyogrio not installed">/workdir/geopandas-0.12.1/geopandas/io/tests/test_file.py:704: pyogrio not installed</skipped></testcase><testcase classname="geopandas.io.tests.test_file" name="test_read_file_filtered_rows_invalid[fiona]" time="0.007" /><testcase classname="geopandas.io.tests.test_file" name="test_read_file_filtered_rows_invalid[pyogrio]" time="0.000"><skipped type="pytest.skip" message="pyogrio not installed">/workdir/geopandas-0.12.1/geopandas/io/tests/test_file.py:744: pyogrio not installed</skipped></testcase><testcase classname="geopandas.io.tests.test_file" name="test_read_file__ignore_geometry[fiona]" time="0.006" /><testcase classname="geopandas.io.tests.test_file" name="test_read_file__ignore_geometry[pyogrio]" time="0.000"><skipped type="pytest.skip" message="pyogrio not installed">/workdir/geopandas-0.12.1/geopandas/io/tests/test_file.py:751: pyogrio not installed</skipped></testcase><testcase classname="geopandas.io.tests.test_file" name="test_read_file__ignore_all_fields[fiona]" time="0.037" /><testcase classname="geopandas.io.tests.test_file" name="test_read_file__ignore_all_fields[pyogrio]" time="0.000"><skipped type="pytest.skip" message="pyogrio not installed">/workdir/geopandas-0.12.1/geopandas/io/tests/test_file.py:761: pyogrio not installed</skipped></testcase><testcase classname="geopandas.io.tests.test_file" name="test_read_file__where_filter[fiona]" time="0.017" /><testcase classname="geopandas.io.tests.test_file" name="test_read_file__where_filter[pyogrio]" time="0.000"><skipped type="pytest.skip" message="pyogrio not installed">/workdir/geopandas-0.12.1/geopandas/io/tests/test_file.py:771: pyogrio not installed</skipped></testcase><testcase classname="geopandas.io.tests.test_file" name="test_read_file__columns" time="0.000"><skipped type="pytest.skip" message="pyogrio not installed">/workdir/geopandas-0.12.1/geopandas/io/tests/test_file.py:788: pyogrio not installed</skipped></testcase><testcase classname="geopandas.io.tests.test_file" name="test_read_file_filtered_with_gdf_boundary[fiona]" time="0.210" /><testcase classname="geopandas.io.tests.test_file" name="test_read_file_filtered_with_gdf_boundary[pyogrio]" time="0.000"><skipped type="pytest.skip" message="pyogrio not installed">/workdir/geopandas-0.12.1/geopandas/io/tests/test_file.py:799: pyogrio not installed</skipped></testcase><testcase classname="geopandas.io.tests.test_file" name="test_read_file_filtered_with_gdf_boundary__mask[fiona]" time="0.210" /><testcase classname="geopandas.io.tests.test_file" name="test_read_file_filtered_with_gdf_boundary__mask[pyogrio]" time="0.000"><skipped type="pytest.skip" message="pyogrio not installed">/workdir/geopandas-0.12.1/geopandas/io/tests/test_file.py:819: pyogrio not installed</skipped></testcase><testcase classname="geopandas.io.tests.test_file" name="test_read_file_filtered_with_gdf_boundary__mask__polygon[fiona]" time="0.207" /><testcase classname="geopandas.io.tests.test_file" name="test_read_file_filtered_with_gdf_boundary__mask__polygon[pyogrio]" time="0.000"><skipped type="pytest.skip" message="pyogrio not installed">/workdir/geopandas-0.12.1/geopandas/io/tests/test_file.py:831: pyogrio not installed</skipped></testcase><testcase classname="geopandas.io.tests.test_file" name="test_read_file_filtered_with_gdf_boundary_mismatched_crs[fiona]" time="0.235" /><testcase classname="geopandas.io.tests.test_file" name="test_read_file_filtered_with_gdf_boundary_mismatched_crs[pyogrio]" time="0.000"><skipped type="pytest.skip" message="pyogrio not installed">/workdir/geopandas-0.12.1/geopandas/io/tests/test_file.py:844: pyogrio not installed</skipped></testcase><testcase classname="geopandas.io.tests.test_file" name="test_read_file_filtered_with_gdf_boundary_mismatched_crs__mask[fiona]" time="0.234" /><testcase classname="geopandas.io.tests.test_file" name="test_read_file_filtered_with_gdf_boundary_mismatched_crs__mask[pyogrio]" time="0.000"><skipped type="pytest.skip" message="pyogrio not installed">/workdir/geopandas-0.12.1/geopandas/io/tests/test_file.py:866: pyogrio not installed</skipped></testcase><testcase classname="geopandas.io.tests.test_file" name="test_read_file_empty_shapefile[fiona]" time="0.006" /><testcase classname="geopandas.io.tests.test_file" name="test_read_file_empty_shapefile[pyogrio]" time="0.000"><skipped type="pytest.skip" message="pyogrio not installed">/workdir/geopandas-0.12.1/geopandas/io/tests/test_file.py:888: pyogrio not installed</skipped></testcase><testcase classname="geopandas.io.tests.test_file" name="test_read_file_privacy[fiona]" time="0.241" /><testcase classname="geopandas.io.tests.test_file" name="test_read_file_privacy[pyogrio]" time="0.000"><skipped type="pytest.skip" message="pyogrio not installed">/workdir/geopandas-0.12.1/geopandas/io/tests/test_file.py:918: pyogrio not installed</skipped></testcase><testcase classname="geopandas.io.tests.test_file" name="test_write_index_to_file[fiona-ESRI Shapefile-shp]" time="1.173" /><testcase classname="geopandas.io.tests.test_file" name="test_write_index_to_file[fiona-GeoJSON-geojson]" time="1.156" /><testcase classname="geopandas.io.tests.test_file" name="test_write_index_to_file[pyogrio-ESRI Shapefile-shp]" time="0.000"><skipped type="pytest.skip" message="pyogrio not installed">/workdir/geopandas-0.12.1/geopandas/io/tests/test_file.py:939: pyogrio not installed</skipped></testcase><testcase classname="geopandas.io.tests.test_file" name="test_write_index_to_file[pyogrio-GeoJSON-geojson]" time="0.000"><skipped type="pytest.skip" message="pyogrio not installed">/workdir/geopandas-0.12.1/geopandas/io/tests/test_file.py:939: pyogrio not installed</skipped></testcase><testcase classname="geopandas.io.tests.test_file" name="test_to_file__undetermined_driver[fiona]" time="0.249" /><testcase classname="geopandas.io.tests.test_file" name="test_to_file__undetermined_driver[pyogrio]" time="0.000"><skipped type="pytest.skip" message="pyogrio not installed">/workdir/geopandas-0.12.1/geopandas/io/tests/test_file.py:1112: pyogrio not installed</skipped></testcase><testcase classname="geopandas.io.tests.test_file" name="test_write_read_file[fiona-test_file0]" time="0.016" /><testcase classname="geopandas.io.tests.test_file" name="test_write_read_file[fiona-~/test_file.geojson]" time="0.016" /><testcase classname="geopandas.io.tests.test_file" name="test_write_read_file[pyogrio-test_file0]" time="0.000"><skipped type="pytest.skip" message="pyogrio not installed">/workdir/geopandas-0.12.1/geopandas/io/tests/test_file.py:1119: pyogrio not installed</skipped></testcase><testcase classname="geopandas.io.tests.test_file" name="test_write_read_file[pyogrio-~/test_file.geojson]" time="0.000"><skipped type="pytest.skip" message="pyogrio not installed">/workdir/geopandas-0.12.1/geopandas/io/tests/test_file.py:1119: pyogrio not installed</skipped></testcase><testcase classname="geopandas.io.tests.test_file_geom_types_drivers" name="test_to_file_roundtrip[geodataframe0-GeoJSON-fiona]" time="0.017" /><testcase classname="geopandas.io.tests.test_file_geom_types_drivers" name="test_to_file_roundtrip[geodataframe0-GeoJSON-pyogrio]" time="0.000"><skipped type="pytest.skip" message="pyogrio not installed">/workdir/geopandas-0.12.1/geopandas/io/tests/test_file_geom_types_drivers.py:262: pyogrio not installed</skipped></testcase><testcase classname="geopandas.io.tests.test_file_geom_types_drivers" name="test_to_file_roundtrip[geodataframe0-ESRI Shapefile-fiona]" time="0.017" /><testcase classname="geopandas.io.tests.test_file_geom_types_drivers" name="test_to_file_roundtrip[geodataframe0-ESRI Shapefile-pyogrio]" time="0.000"><skipped type="pytest.skip" message="pyogrio not installed">/workdir/geopandas-0.12.1/geopandas/io/tests/test_file_geom_types_drivers.py:262: pyogrio not installed</skipped></testcase><testcase classname="geopandas.io.tests.test_file_geom_types_drivers" name="test_to_file_roundtrip[geodataframe0-GPKG-fiona]" time="0.023" /><testcase classname="geopandas.io.tests.test_file_geom_types_drivers" name="test_to_file_roundtrip[geodataframe0-GPKG-pyogrio]" time="0.000"><skipped type="pytest.skip" message="pyogrio not installed">/workdir/geopandas-0.12.1/geopandas/io/tests/test_file_geom_types_drivers.py:262: pyogrio not installed</skipped></testcase><testcase classname="geopandas.io.tests.test_file_geom_types_drivers" name="test_to_file_roundtrip[geodataframe1-GeoJSON-fiona]" time="0.017" /><testcase classname="geopandas.io.tests.test_file_geom_types_drivers" name="test_to_file_roundtrip[geodataframe1-GeoJSON-pyogrio]" time="0.000"><skipped type="pytest.skip" message="pyogrio not installed">/workdir/geopandas-0.12.1/geopandas/io/tests/test_file_geom_types_drivers.py:262: pyogrio not installed</skipped></testcase><testcase classname="geopandas.io.tests.test_file_geom_types_drivers" name="test_to_file_roundtrip[geodataframe1-ESRI Shapefile-fiona]" time="0.017" /><testcase classname="geopandas.io.tests.test_file_geom_types_drivers" name="test_to_file_roundtrip[geodataframe1-ESRI Shapefile-pyogrio]" time="0.000"><skipped type="pytest.skip" message="pyogrio not installed">/workdir/geopandas-0.12.1/geopandas/io/tests/test_file_geom_types_drivers.py:262: pyogrio not installed</skipped></testcase><testcase classname="geopandas.io.tests.test_file_geom_types_drivers" name="test_to_file_roundtrip[geodataframe1-GPKG-fiona]" time="0.023" /><testcase classname="geopandas.io.tests.test_file_geom_types_drivers" name="test_to_file_roundtrip[geodataframe1-GPKG-pyogrio]" time="0.000"><skipped type="pytest.skip" message="pyogrio not installed">/workdir/geopandas-0.12.1/geopandas/io/tests/test_file_geom_types_drivers.py:262: pyogrio not installed</skipped></testcase><testcase classname="geopandas.io.tests.test_file_geom_types_drivers" name="test_to_file_roundtrip[geodataframe2-GeoJSON-fiona]" time="0.017" /><testcase classname="geopandas.io.tests.test_file_geom_types_drivers" name="test_to_file_roundtrip[geodataframe2-GeoJSON-pyogrio]" time="0.000"><skipped type="pytest.skip" message="pyogrio not installed">/workdir/geopandas-0.12.1/geopandas/io/tests/test_file_geom_types_drivers.py:262: pyogrio not installed</skipped></testcase><testcase classname="geopandas.io.tests.test_file_geom_types_drivers" name="test_to_file_roundtrip[geodataframe2-ESRI Shapefile-fiona]" time="0.010" /><testcase classname="geopandas.io.tests.test_file_geom_types_drivers" name="test_to_file_roundtrip[geodataframe2-ESRI Shapefile-pyogrio]" time="0.000"><skipped type="pytest.skip" message="pyogrio not installed">/workdir/geopandas-0.12.1/geopandas/io/tests/test_file_geom_types_drivers.py:262: pyogrio not installed</skipped></testcase><testcase classname="geopandas.io.tests.test_file_geom_types_drivers" name="test_to_file_roundtrip[geodataframe2-GPKG-fiona]" time="0.022" /><testcase classname="geopandas.io.tests.test_file_geom_types_drivers" name="test_to_file_roundtrip[geodataframe2-GPKG-pyogrio]" time="0.000"><skipped type="pytest.skip" message="pyogrio not installed">/workdir/geopandas-0.12.1/geopandas/io/tests/test_file_geom_types_drivers.py:262: pyogrio not installed</skipped></testcase><testcase classname="geopandas.io.tests.test_file_geom_types_drivers" name="test_to_file_roundtrip[geodataframe3-GeoJSON-fiona]" time="0.016" /><testcase classname="geopandas.io.tests.test_file_geom_types_drivers" name="test_to_file_roundtrip[geodataframe3-GeoJSON-pyogrio]" time="0.000"><skipped type="pytest.skip" message="pyogrio not installed">/workdir/geopandas-0.12.1/geopandas/io/tests/test_file_geom_types_drivers.py:262: pyogrio not installed</skipped></testcase><testcase classname="geopandas.io.tests.test_file_geom_types_drivers" name="test_to_file_roundtrip[geodataframe3-ESRI Shapefile-fiona]" time="0.016" /><testcase classname="geopandas.io.tests.test_file_geom_types_drivers" name="test_to_file_roundtrip[geodataframe3-ESRI Shapefile-pyogrio]" time="0.000"><skipped type="pytest.skip" message="pyogrio not installed">/workdir/geopandas-0.12.1/geopandas/io/tests/test_file_geom_types_drivers.py:262: pyogrio not installed</skipped></testcase><testcase classname="geopandas.io.tests.test_file_geom_types_drivers" name="test_to_file_roundtrip[geodataframe3-GPKG-fiona]" time="0.023" /><testcase classname="geopandas.io.tests.test_file_geom_types_drivers" name="test_to_file_roundtrip[geodataframe3-GPKG-pyogrio]" time="0.000"><skipped type="pytest.skip" message="pyogrio not installed">/workdir/geopandas-0.12.1/geopandas/io/tests/test_file_geom_types_drivers.py:262: pyogrio not installed</skipped></testcase><testcase classname="geopandas.io.tests.test_file_geom_types_drivers" name="test_to_file_roundtrip[geodataframe4-GeoJSON-fiona]" time="0.017" /><testcase classname="geopandas.io.tests.test_file_geom_types_drivers" name="test_to_file_roundtrip[geodataframe4-GeoJSON-pyogrio]" time="0.000"><skipped type="pytest.skip" message="pyogrio not installed">/workdir/geopandas-0.12.1/geopandas/io/tests/test_file_geom_types_drivers.py:262: pyogrio not installed</skipped></testcase><testcase classname="geopandas.io.tests.test_file_geom_types_drivers" name="test_to_file_roundtrip[geodataframe4-ESRI Shapefile-fiona]" time="0.018" /><testcase classname="geopandas.io.tests.test_file_geom_types_drivers" name="test_to_file_roundtrip[geodataframe4-ESRI Shapefile-pyogrio]" time="0.000"><skipped type="pytest.skip" message="pyogrio not installed">/workdir/geopandas-0.12.1/geopandas/io/tests/test_file_geom_types_drivers.py:262: pyogrio not installed</skipped></testcase><testcase classname="geopandas.io.tests.test_file_geom_types_drivers" name="test_to_file_roundtrip[geodataframe4-GPKG-fiona]" time="0.023" /><testcase classname="geopandas.io.tests.test_file_geom_types_drivers" name="test_to_file_roundtrip[geodataframe4-GPKG-pyogrio]" time="0.000"><skipped type="pytest.skip" message="pyogrio not installed">/workdir/geopandas-0.12.1/geopandas/io/tests/test_file_geom_types_drivers.py:262: pyogrio not installed</skipped></testcase><testcase classname="geopandas.io.tests.test_file_geom_types_drivers" name="test_to_file_roundtrip[geodataframe5-GeoJSON-fiona]" time="0.017" /><testcase classname="geopandas.io.tests.test_file_geom_types_drivers" name="test_to_file_roundtrip[geodataframe5-GeoJSON-pyogrio]" time="0.000"><skipped type="pytest.skip" message="pyogrio not installed">/workdir/geopandas-0.12.1/geopandas/io/tests/test_file_geom_types_drivers.py:262: pyogrio not installed</skipped></testcase><testcase classname="geopandas.io.tests.test_file_geom_types_drivers" name="test_to_file_roundtrip[geodataframe5-ESRI Shapefile-fiona]" time="0.017" /><testcase classname="geopandas.io.tests.test_file_geom_types_drivers" name="test_to_file_roundtrip[geodataframe5-ESRI Shapefile-pyogrio]" time="0.000"><skipped type="pytest.skip" message="pyogrio not installed">/workdir/geopandas-0.12.1/geopandas/io/tests/test_file_geom_types_drivers.py:262: pyogrio not installed</skipped></testcase><testcase classname="geopandas.io.tests.test_file_geom_types_drivers" name="test_to_file_roundtrip[geodataframe5-GPKG-fiona]" time="0.023" /><testcase classname="geopandas.io.tests.test_file_geom_types_drivers" name="test_to_file_roundtrip[geodataframe5-GPKG-pyogrio]" time="0.000"><skipped type="pytest.skip" message="pyogrio not installed">/workdir/geopandas-0.12.1/geopandas/io/tests/test_file_geom_types_drivers.py:262: pyogrio not installed</skipped></testcase><testcase classname="geopandas.io.tests.test_file_geom_types_drivers" name="test_to_file_roundtrip[geodataframe6-GeoJSON-fiona]" time="0.017" /><testcase classname="geopandas.io.tests.test_file_geom_types_drivers" name="test_to_file_roundtrip[geodataframe6-GeoJSON-pyogrio]" time="0.000"><skipped type="pytest.skip" message="pyogrio not installed">/workdir/geopandas-0.12.1/geopandas/io/tests/test_file_geom_types_drivers.py:262: pyogrio not installed</skipped></testcase><testcase classname="geopandas.io.tests.test_file_geom_types_drivers" name="test_to_file_roundtrip[geodataframe6-ESRI Shapefile-fiona]" time="0.017" /><testcase classname="geopandas.io.tests.test_file_geom_types_drivers" name="test_to_file_roundtrip[geodataframe6-ESRI Shapefile-pyogrio]" time="0.000"><skipped type="pytest.skip" message="pyogrio not installed">/workdir/geopandas-0.12.1/geopandas/io/tests/test_file_geom_types_drivers.py:262: pyogrio not installed</skipped></testcase><testcase classname="geopandas.io.tests.test_file_geom_types_drivers" name="test_to_file_roundtrip[geodataframe6-GPKG-fiona]" time="0.023" /><testcase classname="geopandas.io.tests.test_file_geom_types_drivers" name="test_to_file_roundtrip[geodataframe6-GPKG-pyogrio]" time="0.000"><skipped type="pytest.skip" message="pyogrio not installed">/workdir/geopandas-0.12.1/geopandas/io/tests/test_file_geom_types_drivers.py:262: pyogrio not installed</skipped></testcase><testcase classname="geopandas.io.tests.test_file_geom_types_drivers" name="test_to_file_roundtrip[geodataframe7-GeoJSON-fiona]" time="0.029" /><testcase classname="geopandas.io.tests.test_file_geom_types_drivers" name="test_to_file_roundtrip[geodataframe7-GeoJSON-pyogrio]" time="0.001"><skipped type="pytest.skip" message="pyogrio not installed">/workdir/geopandas-0.12.1/geopandas/io/tests/test_file_geom_types_drivers.py:262: pyogrio not installed</skipped></testcase><testcase classname="geopandas.io.tests.test_file_geom_types_drivers" name="test_to_file_roundtrip[geodataframe7-ESRI Shapefile-fiona]" time="0.038" /><testcase classname="geopandas.io.tests.test_file_geom_types_drivers" name="test_to_file_roundtrip[geodataframe7-ESRI Shapefile-pyogrio]" time="0.001"><skipped type="pytest.skip" message="pyogrio not installed">/workdir/geopandas-0.12.1/geopandas/io/tests/test_file_geom_types_drivers.py:262: pyogrio not installed</skipped></testcase><testcase classname="geopandas.io.tests.test_file_geom_types_drivers" name="test_to_file_roundtrip[geodataframe7-GPKG-fiona]" time="0.070" /><testcase classname="geopandas.io.tests.test_file_geom_types_drivers" name="test_to_file_roundtrip[geodataframe7-GPKG-pyogrio]" time="0.000"><skipped type="pytest.skip" message="pyogrio not installed">/workdir/geopandas-0.12.1/geopandas/io/tests/test_file_geom_types_drivers.py:262: pyogrio not installed</skipped></testcase><testcase classname="geopandas.io.tests.test_file_geom_types_drivers" name="test_to_file_roundtrip[geodataframe8-GeoJSON-fiona]" time="0.023" /><testcase classname="geopandas.io.tests.test_file_geom_types_drivers" name="test_to_file_roundtrip[geodataframe8-GeoJSON-pyogrio]" time="0.000"><skipped type="pytest.skip" message="pyogrio not installed">/workdir/geopandas-0.12.1/geopandas/io/tests/test_file_geom_types_drivers.py:262: pyogrio not installed</skipped></testcase><testcase classname="geopandas.io.tests.test_file_geom_types_drivers" name="test_to_file_roundtrip[geodataframe8-ESRI Shapefile-fiona]" time="0.020" /><testcase classname="geopandas.io.tests.test_file_geom_types_drivers" name="test_to_file_roundtrip[geodataframe8-ESRI Shapefile-pyogrio]" time="0.000"><skipped type="pytest.skip" message="pyogrio not installed">/workdir/geopandas-0.12.1/geopandas/io/tests/test_file_geom_types_drivers.py:262: pyogrio not installed</skipped></testcase><testcase classname="geopandas.io.tests.test_file_geom_types_drivers" name="test_to_file_roundtrip[geodataframe8-GPKG-fiona]" time="0.025" /><testcase classname="geopandas.io.tests.test_file_geom_types_drivers" name="test_to_file_roundtrip[geodataframe8-GPKG-pyogrio]" time="0.000"><skipped type="pytest.skip" message="pyogrio not installed">/workdir/geopandas-0.12.1/geopandas/io/tests/test_file_geom_types_drivers.py:262: pyogrio not installed</skipped></testcase><testcase classname="geopandas.io.tests.test_file_geom_types_drivers" name="test_to_file_roundtrip[geodataframe9-GeoJSON-fiona]" time="0.015" /><testcase classname="geopandas.io.tests.test_file_geom_types_drivers" name="test_to_file_roundtrip[geodataframe9-GeoJSON-pyogrio]" time="0.000"><skipped type="pytest.skip" message="pyogrio not installed">/workdir/geopandas-0.12.1/geopandas/io/tests/test_file_geom_types_drivers.py:262: pyogrio not installed</skipped></testcase><testcase classname="geopandas.io.tests.test_file_geom_types_drivers" name="test_to_file_roundtrip[geodataframe9-ESRI Shapefile-fiona]" time="0.016" /><testcase classname="geopandas.io.tests.test_file_geom_types_drivers" name="test_to_file_roundtrip[geodataframe9-ESRI Shapefile-pyogrio]" time="0.000"><skipped type="pytest.skip" message="pyogrio not installed">/workdir/geopandas-0.12.1/geopandas/io/tests/test_file_geom_types_drivers.py:262: pyogrio not installed</skipped></testcase><testcase classname="geopandas.io.tests.test_file_geom_types_drivers" name="test_to_file_roundtrip[geodataframe9-GPKG-fiona]" time="0.022" /><testcase classname="geopandas.io.tests.test_file_geom_types_drivers" name="test_to_file_roundtrip[geodataframe9-GPKG-pyogrio]" time="0.000"><skipped type="pytest.skip" message="pyogrio not installed">/workdir/geopandas-0.12.1/geopandas/io/tests/test_file_geom_types_drivers.py:262: pyogrio not installed</skipped></testcase><testcase classname="geopandas.io.tests.test_file_geom_types_drivers" name="test_to_file_roundtrip[geodataframe10-GeoJSON-fiona]" time="0.016" /><testcase classname="geopandas.io.tests.test_file_geom_types_drivers" name="test_to_file_roundtrip[geodataframe10-GeoJSON-pyogrio]" time="0.000"><skipped type="pytest.skip" message="pyogrio not installed">/workdir/geopandas-0.12.1/geopandas/io/tests/test_file_geom_types_drivers.py:262: pyogrio not installed</skipped></testcase><testcase classname="geopandas.io.tests.test_file_geom_types_drivers" name="test_to_file_roundtrip[geodataframe10-ESRI Shapefile-fiona]" time="0.016" /><testcase classname="geopandas.io.tests.test_file_geom_types_drivers" name="test_to_file_roundtrip[geodataframe10-ESRI Shapefile-pyogrio]" time="0.000"><skipped type="pytest.skip" message="pyogrio not installed">/workdir/geopandas-0.12.1/geopandas/io/tests/test_file_geom_types_drivers.py:262: pyogrio not installed</skipped></testcase><testcase classname="geopandas.io.tests.test_file_geom_types_drivers" name="test_to_file_roundtrip[geodataframe10-GPKG-fiona]" time="0.023" /><testcase classname="geopandas.io.tests.test_file_geom_types_drivers" name="test_to_file_roundtrip[geodataframe10-GPKG-pyogrio]" time="0.000"><skipped type="pytest.skip" message="pyogrio not installed">/workdir/geopandas-0.12.1/geopandas/io/tests/test_file_geom_types_drivers.py:262: pyogrio not installed</skipped></testcase><testcase classname="geopandas.io.tests.test_file_geom_types_drivers" name="test_to_file_roundtrip[geodataframe11-GeoJSON-fiona]" time="0.016" /><testcase classname="geopandas.io.tests.test_file_geom_types_drivers" name="test_to_file_roundtrip[geodataframe11-GeoJSON-pyogrio]" time="0.000"><skipped type="pytest.skip" message="pyogrio not installed">/workdir/geopandas-0.12.1/geopandas/io/tests/test_file_geom_types_drivers.py:262: pyogrio not installed</skipped></testcase><testcase classname="geopandas.io.tests.test_file_geom_types_drivers" name="test_to_file_roundtrip[geodataframe11-ESRI Shapefile-fiona]" time="0.016" /><testcase classname="geopandas.io.tests.test_file_geom_types_drivers" name="test_to_file_roundtrip[geodataframe11-ESRI Shapefile-pyogrio]" time="0.000"><skipped type="pytest.skip" message="pyogrio not installed">/workdir/geopandas-0.12.1/geopandas/io/tests/test_file_geom_types_drivers.py:262: pyogrio not installed</skipped></testcase><testcase classname="geopandas.io.tests.test_file_geom_types_drivers" name="test_to_file_roundtrip[geodataframe11-GPKG-fiona]" time="0.022" /><testcase classname="geopandas.io.tests.test_file_geom_types_drivers" name="test_to_file_roundtrip[geodataframe11-GPKG-pyogrio]" time="0.000"><skipped type="pytest.skip" message="pyogrio not installed">/workdir/geopandas-0.12.1/geopandas/io/tests/test_file_geom_types_drivers.py:262: pyogrio not installed</skipped></testcase><testcase classname="geopandas.io.tests.test_file_geom_types_drivers" name="test_to_file_roundtrip[geodataframe12-GeoJSON-fiona]" time="0.018" /><testcase classname="geopandas.io.tests.test_file_geom_types_drivers" name="test_to_file_roundtrip[geodataframe12-GeoJSON-pyogrio]" time="0.000"><skipped type="pytest.skip" message="pyogrio not installed">/workdir/geopandas-0.12.1/geopandas/io/tests/test_file_geom_types_drivers.py:262: pyogrio not installed</skipped></testcase><testcase classname="geopandas.io.tests.test_file_geom_types_drivers" name="test_to_file_roundtrip[geodataframe12-ESRI Shapefile-fiona]" time="0.010" /><testcase classname="geopandas.io.tests.test_file_geom_types_drivers" name="test_to_file_roundtrip[geodataframe12-ESRI Shapefile-pyogrio]" time="0.000"><skipped type="pytest.skip" message="pyogrio not installed">/workdir/geopandas-0.12.1/geopandas/io/tests/test_file_geom_types_drivers.py:262: pyogrio not installed</skipped></testcase><testcase classname="geopandas.io.tests.test_file_geom_types_drivers" name="test_to_file_roundtrip[geodataframe12-GPKG-fiona]" time="0.027" /><testcase classname="geopandas.io.tests.test_file_geom_types_drivers" name="test_to_file_roundtrip[geodataframe12-GPKG-pyogrio]" time="0.000"><skipped type="pytest.skip" message="pyogrio not installed">/workdir/geopandas-0.12.1/geopandas/io/tests/test_file_geom_types_drivers.py:262: pyogrio not installed</skipped></testcase><testcase classname="geopandas.io.tests.test_file_geom_types_drivers" name="test_to_file_roundtrip[geodataframe13-GeoJSON-fiona]" time="0.019" /><testcase classname="geopandas.io.tests.test_file_geom_types_drivers" name="test_to_file_roundtrip[geodataframe13-GeoJSON-pyogrio]" time="0.000"><skipped type="pytest.skip" message="pyogrio not installed">/workdir/geopandas-0.12.1/geopandas/io/tests/test_file_geom_types_drivers.py:262: pyogrio not installed</skipped></testcase><testcase classname="geopandas.io.tests.test_file_geom_types_drivers" name="test_to_file_roundtrip[geodataframe13-ESRI Shapefile-fiona]" time="0.010" /><testcase classname="geopandas.io.tests.test_file_geom_types_drivers" name="test_to_file_roundtrip[geodataframe13-ESRI Shapefile-pyogrio]" time="0.000"><skipped type="pytest.skip" message="pyogrio not installed">/workdir/geopandas-0.12.1/geopandas/io/tests/test_file_geom_types_drivers.py:262: pyogrio not installed</skipped></testcase><testcase classname="geopandas.io.tests.test_file_geom_types_drivers" name="test_to_file_roundtrip[geodataframe13-GPKG-fiona]" time="0.024" /><testcase classname="geopandas.io.tests.test_file_geom_types_drivers" name="test_to_file_roundtrip[geodataframe13-GPKG-pyogrio]" time="0.000"><skipped type="pytest.skip" message="pyogrio not installed">/workdir/geopandas-0.12.1/geopandas/io/tests/test_file_geom_types_drivers.py:262: pyogrio not installed</skipped></testcase><testcase classname="geopandas.io.tests.test_infer_schema" name="test_infer_schema_only_points" time="0.005" /><testcase classname="geopandas.io.tests.test_infer_schema" name="test_infer_schema_points_and_multipoints" time="0.005" /><testcase classname="geopandas.io.tests.test_infer_schema" name="test_infer_schema_only_multipoints" time="0.004" /><testcase classname="geopandas.io.tests.test_infer_schema" name="test_infer_schema_only_linestrings" time="0.004" /><testcase classname="geopandas.io.tests.test_infer_schema" name="test_infer_schema_linestrings_and_multilinestrings" time="0.005" /><testcase classname="geopandas.io.tests.test_infer_schema" name="test_infer_schema_only_multilinestrings" time="0.004" /><testcase classname="geopandas.io.tests.test_infer_schema" name="test_infer_schema_only_polygons" time="0.004" /><testcase classname="geopandas.io.tests.test_infer_schema" name="test_infer_schema_polygons_and_multipolygons" time="0.005" /><testcase classname="geopandas.io.tests.test_infer_schema" name="test_infer_schema_only_multipolygons" time="0.005" /><testcase classname="geopandas.io.tests.test_infer_schema" name="test_infer_schema_multiple_shape_types" time="0.005" /><testcase classname="geopandas.io.tests.test_infer_schema" name="test_infer_schema_mixed_3D_shape_type" time="0.005" /><testcase classname="geopandas.io.tests.test_infer_schema" name="test_infer_schema_mixed_3D_Point" time="0.005" /><testcase classname="geopandas.io.tests.test_infer_schema" name="test_infer_schema_only_3D_Points" time="0.004" /><testcase classname="geopandas.io.tests.test_infer_schema" name="test_infer_schema_mixed_3D_linestring" time="0.005" /><testcase classname="geopandas.io.tests.test_infer_schema" name="test_infer_schema_only_3D_linestrings" time="0.004" /><testcase classname="geopandas.io.tests.test_infer_schema" name="test_infer_schema_mixed_3D_Polygon" time="0.005" /><testcase classname="geopandas.io.tests.test_infer_schema" name="test_infer_schema_only_3D_Polygons" time="0.005" /><testcase classname="geopandas.io.tests.test_infer_schema" name="test_infer_schema_null_geometry_and_2D_point" time="0.005" /><testcase classname="geopandas.io.tests.test_infer_schema" name="test_infer_schema_null_geometry_and_3D_point" time="0.005" /><testcase classname="geopandas.io.tests.test_infer_schema" name="test_infer_schema_null_geometry_all" time="0.005" /><testcase classname="geopandas.io.tests.test_infer_schema" name="test_infer_schema_int64" time="0.005" /><testcase classname="geopandas.io.tests.test_pickle" name="test_legacy_pickles[0.7.0_pd-1.0.4_py-3.7.6_x86_64_linux.pickle]" time="0.000"><skipped type="pytest.skip" message="shapely 2.0/pygeos-based unpickling currently only works for shapely-2.0/pygeos-written files; old pyproj versions can't read pickles from newer pyproj versions">/workdir/geopandas-0.12.1/geopandas/io/tests/test_pickle.py:50: shapely 2.0/pygeos-based unpickling currently only works for shapely-2.0/pygeos-written files; old pyproj versions can't read pickles from newer pyproj versions</skipped></testcase><testcase classname="geopandas.io.tests.test_pickle" name="test_legacy_pickles[0.6.3_pd-0.25.3_py-3.8.0_x86_64_linux.pickle]" time="0.000"><skipped type="pytest.skip" message="shapely 2.0/pygeos-based unpickling currently only works for shapely-2.0/pygeos-written files; old pyproj versions can't read pickles from newer pyproj versions">/workdir/geopandas-0.12.1/geopandas/io/tests/test_pickle.py:50: shapely 2.0/pygeos-based unpickling currently only works for shapely-2.0/pygeos-written files; old pyproj versions can't read pickles from newer pyproj versions</skipped></testcase><testcase classname="geopandas.io.tests.test_pickle" name="test_legacy_pickles[0.8.0_pd-1.0.5_py-3.8.3_x86_64_linux.pickle]" time="0.000"><skipped type="pytest.skip" message="shapely 2.0/pygeos-based unpickling currently only works for shapely-2.0/pygeos-written files; old pyproj versions can't read pickles from newer pyproj versions">/workdir/geopandas-0.12.1/geopandas/io/tests/test_pickle.py:50: shapely 2.0/pygeos-based unpickling currently only works for shapely-2.0/pygeos-written files; old pyproj versions can't read pickles from newer pyproj versions</skipped></testcase><testcase classname="geopandas.io.tests.test_pickle" name="test_round_trip_current" time="0.014" /><testcase classname="geopandas.io.tests.test_pickle" name="test_pygeos_switch" time="0.001"><skipped type="pytest.skip" message="requires pygeos to test #1745">/workdir/geopandas-0.12.1/geopandas/io/tests/test_pickle.py:86: requires pygeos to test #1745</skipped></testcase><testcase classname="geopandas.io.tests.test_sql.TestIO" name="test_get_conn" time="0.127"><failure message="sqlalchemy.exc.OperationalError: (psycopg2.OperationalError) could not connect to server: No such file or directory&#10;&#09;Is the server running locally and accepting&#10;&#09;connections on Unix domain socket &quot;/var/run/postgresql/.s.PGSQL.5432&quot;?&#10;&#10;(Background on this error at: https://sqlalche.me/e/20/e3q8)">Traceback (most recent call last):
  File "/workdir/geopandas-0.12.1/.tox/cpythonlibtest-unit-test-tests/lib/python3.10/site-packages/sqlalchemy/engine/base.py", line 145, in __init__
    self._dbapi_connection = engine.raw_connection()
  File "/workdir/geopandas-0.12.1/.tox/cpythonlibtest-unit-test-tests/lib/python3.10/site-packages/sqlalchemy/engine/base.py", line 3292, in raw_connection
    return self.pool.connect()
  File "/workdir/geopandas-0.12.1/.tox/cpythonlibtest-unit-test-tests/lib/python3.10/site-packages/sqlalchemy/pool/base.py", line 452, in connect
    return _ConnectionFairy._checkout(self)
  File "/workdir/geopandas-0.12.1/.tox/cpythonlibtest-unit-test-tests/lib/python3.10/site-packages/sqlalchemy/pool/base.py", line 1269, in _checkout
    fairy = _ConnectionRecord.checkout(pool)
  File "/workdir/geopandas-0.12.1/.tox/cpythonlibtest-unit-test-tests/lib/python3.10/site-packages/sqlalchemy/pool/base.py", line 716, in checkout
    rec = pool._do_get()
  File "/workdir/geopandas-0.12.1/.tox/cpythonlibtest-unit-test-tests/lib/python3.10/site-packages/sqlalchemy/pool/impl.py", line 169, in _do_get
    with util.safe_reraise():
  File "/workdir/geopandas-0.12.1/.tox/cpythonlibtest-unit-test-tests/lib/python3.10/site-packages/sqlalchemy/util/langhelpers.py", line 146, in __exit__
    raise exc_value.with_traceback(exc_tb)
  File "/workdir/geopandas-0.12.1/.tox/cpythonlibtest-unit-test-tests/lib/python3.10/site-packages/sqlalchemy/pool/impl.py", line 167, in _do_get
    return self._create_connection()
  File "/workdir/geopandas-0.12.1/.tox/cpythonlibtest-unit-test-tests/lib/python3.10/site-packages/sqlalchemy/pool/base.py", line 393, in _create_connection
    return _ConnectionRecord(self)
  File "/workdir/geopandas-0.12.1/.tox/cpythonlibtest-unit-test-tests/lib/python3.10/site-packages/sqlalchemy/pool/base.py", line 678, in __init__
    self.__connect()
  File "/workdir/geopandas-0.12.1/.tox/cpythonlibtest-unit-test-tests/lib/python3.10/site-packages/sqlalchemy/pool/base.py", line 902, in __connect
    with util.safe_reraise():
  File "/workdir/geopandas-0.12.1/.tox/cpythonlibtest-unit-test-tests/lib/python3.10/site-packages/sqlalchemy/util/langhelpers.py", line 146, in __exit__
    raise exc_value.with_traceback(exc_tb)
  File "/workdir/geopandas-0.12.1/.tox/cpythonlibtest-unit-test-tests/lib/python3.10/site-packages/sqlalchemy/pool/base.py", line 898, in __connect
    self.dbapi_connection = connection = pool._invoke_creator(self)
  File "/workdir/geopandas-0.12.1/.tox/cpythonlibtest-unit-test-tests/lib/python3.10/site-packages/sqlalchemy/engine/create.py", line 637, in connect
    return dialect.connect(*cargs, **cparams)
  File "/workdir/geopandas-0.12.1/.tox/cpythonlibtest-unit-test-tests/lib/python3.10/site-packages/sqlalchemy/engine/default.py", line 616, in connect
    return self.loaded_dbapi.connect(*cargs, **cparams)
  File "/workdir/geopandas-0.12.1/.tox/cpythonlibtest-unit-test-tests/lib/python3.10/site-packages/psycopg2/__init__.py", line 122, in connect
    conn = _connect(dsn, connection_factory=connection_factory, **kwasync)
psycopg2.OperationalError: could not connect to server: No such file or directory
	Is the server running locally and accepting
	connections on Unix domain socket "/var/run/postgresql/.s.PGSQL.5432"?


The above exception was the direct cause of the following exception:

Traceback (most recent call last):
  File "/workdir/geopandas-0.12.1/.tox/cpythonlibtest-unit-test-tests/lib/python3.10/site-packages/_pytest/runner.py", line 341, in from_call
    result: Optional[TResult] = func()
  File "/workdir/geopandas-0.12.1/.tox/cpythonlibtest-unit-test-tests/lib/python3.10/site-packages/_pytest/runner.py", line 262, in &lt;lambda&gt;
    lambda: ihook(item=item, **kwds), when=when, reraise=reraise
  File "/workdir/geopandas-0.12.1/.tox/cpythonlibtest-unit-test-tests/lib/python3.10/site-packages/pluggy/_hooks.py", line 493, in __call__
    return self._hookexec(self.name, self._hookimpls, kwargs, firstresult)
  File "/workdir/geopandas-0.12.1/.tox/cpythonlibtest-unit-test-tests/lib/python3.10/site-packages/pluggy/_manager.py", line 115, in _hookexec
    return self._inner_hookexec(hook_name, methods, kwargs, firstresult)
  File "/workdir/geopandas-0.12.1/.tox/cpythonlibtest-unit-test-tests/lib/python3.10/site-packages/pluggy/_callers.py", line 152, in _multicall
    return outcome.get_result()
  File "/workdir/geopandas-0.12.1/.tox/cpythonlibtest-unit-test-tests/lib/python3.10/site-packages/pluggy/_result.py", line 114, in get_result
    raise exc.with_traceback(exc.__traceback__)
  File "/workdir/geopandas-0.12.1/.tox/cpythonlibtest-unit-test-tests/lib/python3.10/site-packages/pluggy/_callers.py", line 77, in _multicall
    res = hook_impl.function(*args)
  File "/workdir/geopandas-0.12.1/.tox/cpythonlibtest-unit-test-tests/lib/python3.10/site-packages/_pytest/runner.py", line 177, in pytest_runtest_call
    raise e
  File "/workdir/geopandas-0.12.1/.tox/cpythonlibtest-unit-test-tests/lib/python3.10/site-packages/_pytest/runner.py", line 169, in pytest_runtest_call
    item.runtest()
[...]
n.TestSpatialJoin" name="test_inner[predicate-contains-named-multi-index]" time="0.056" /><testcase classname="geopandas.tools.tests.test_sjoin.TestSpatialJoin" name="test_inner[predicate-within-default-index]" time="0.051" /><testcase classname="geopandas.tools.tests.test_sjoin.TestSpatialJoin" name="test_inner[predicate-within-string-index]" time="0.052" /><testcase classname="geopandas.tools.tests.test_sjoin.TestSpatialJoin" name="test_inner[predicate-within-named-index]" time="0.054" /><testcase classname="geopandas.tools.tests.test_sjoin.TestSpatialJoin" name="test_inner[predicate-within-multi-index]" time="0.057" /><testcase classname="geopandas.tools.tests.test_sjoin.TestSpatialJoin" name="test_inner[predicate-within-named-multi-index]" time="0.057" /><testcase classname="geopandas.tools.tests.test_sjoin.TestSpatialJoin" name="test_inner[op-intersects-default-index]" time="0.049" /><testcase classname="geopandas.tools.tests.test_sjoin.TestSpatialJoin" name="test_inner[op-intersects-string-index]" time="0.050" /><testcase classname="geopandas.tools.tests.test_sjoin.TestSpatialJoin" name="test_inner[op-intersects-named-index]" time="0.051" /><testcase classname="geopandas.tools.tests.test_sjoin.TestSpatialJoin" name="test_inner[op-intersects-multi-index]" time="0.057" /><testcase classname="geopandas.tools.tests.test_sjoin.TestSpatialJoin" name="test_inner[op-intersects-named-multi-index]" time="0.056" /><testcase classname="geopandas.tools.tests.test_sjoin.TestSpatialJoin" name="test_inner[op-contains-default-index]" time="0.049" /><testcase classname="geopandas.tools.tests.test_sjoin.TestSpatialJoin" name="test_inner[op-contains-string-index]" time="0.048" /><testcase classname="geopandas.tools.tests.test_sjoin.TestSpatialJoin" name="test_inner[op-contains-named-index]" time="0.049" /><testcase classname="geopandas.tools.tests.test_sjoin.TestSpatialJoin" name="test_inner[op-contains-multi-index]" time="0.056" /><testcase classname="geopandas.tools.tests.test_sjoin.TestSpatialJoin" name="test_inner[op-contains-named-multi-index]" time="0.056" /><testcase classname="geopandas.tools.tests.test_sjoin.TestSpatialJoin" name="test_inner[op-within-default-index]" time="0.048" /><testcase classname="geopandas.tools.tests.test_sjoin.TestSpatialJoin" name="test_inner[op-within-string-index]" time="0.053" /><testcase classname="geopandas.tools.tests.test_sjoin.TestSpatialJoin" name="test_inner[op-within-named-index]" time="0.052" /><testcase classname="geopandas.tools.tests.test_sjoin.TestSpatialJoin" name="test_inner[op-within-multi-index]" time="0.058" /><testcase classname="geopandas.tools.tests.test_sjoin.TestSpatialJoin" name="test_inner[op-within-named-multi-index]" time="0.057" /><testcase classname="geopandas.tools.tests.test_sjoin.TestSpatialJoin" name="test_left[intersects-default-index]" time="0.048" /><testcase classname="geopandas.tools.tests.test_sjoin.TestSpatialJoin" name="test_left[intersects-string-index]" time="0.048" /><testcase classname="geopandas.tools.tests.test_sjoin.TestSpatialJoin" name="test_left[intersects-named-index]" time="0.051" /><testcase classname="geopandas.tools.tests.test_sjoin.TestSpatialJoin" name="test_left[intersects-multi-index]" time="0.057" /><testcase classname="geopandas.tools.tests.test_sjoin.TestSpatialJoin" name="test_left[intersects-named-multi-index]" time="0.057" /><testcase classname="geopandas.tools.tests.test_sjoin.TestSpatialJoin" name="test_left[contains-default-index]" time="0.047" /><testcase classname="geopandas.tools.tests.test_sjoin.TestSpatialJoin" name="test_left[contains-string-index]" time="0.047" /><testcase classname="geopandas.tools.tests.test_sjoin.TestSpatialJoin" name="test_left[contains-named-index]" time="0.047" /><testcase classname="geopandas.tools.tests.test_sjoin.TestSpatialJoin" name="test_left[contains-multi-index]" time="0.055" /><testcase classname="geopandas.tools.tests.test_sjoin.TestSpatialJoin" name="test_left[contains-named-multi-index]" time="0.055" /><testcase classname="geopandas.tools.tests.test_sjoin.TestSpatialJoin" name="test_left[within-default-index]" time="0.048" /><testcase classname="geopandas.tools.tests.test_sjoin.TestSpatialJoin" name="test_left[within-string-index]" time="0.047" /><testcase classname="geopandas.tools.tests.test_sjoin.TestSpatialJoin" name="test_left[within-named-index]" time="0.050" /><testcase classname="geopandas.tools.tests.test_sjoin.TestSpatialJoin" name="test_left[within-multi-index]" time="0.055" /><testcase classname="geopandas.tools.tests.test_sjoin.TestSpatialJoin" name="test_left[within-named-multi-index]" time="0.055" /><testcase classname="geopandas.tools.tests.test_sjoin.TestSpatialJoin" name="test_empty_join" time="0.034" /><testcase classname="geopandas.tools.tests.test_sjoin.TestSpatialJoin" name="test_join_with_empty[empty0-contains]" time="0.034" /><testcase classname="geopandas.tools.tests.test_sjoin.TestSpatialJoin" name="test_join_with_empty[empty0-contains_properly]" time="0.032" /><testcase classname="geopandas.tools.tests.test_sjoin.TestSpatialJoin" name="test_join_with_empty[empty0-covered_by]" time="0.031" /><testcase classname="geopandas.tools.tests.test_sjoin.TestSpatialJoin" name="test_join_with_empty[empty0-covers]" time="0.031" /><testcase classname="geopandas.tools.tests.test_sjoin.TestSpatialJoin" name="test_join_with_empty[empty0-crosses]" time="0.031" /><testcase classname="geopandas.tools.tests.test_sjoin.TestSpatialJoin" name="test_join_with_empty[empty0-intersects]" time="0.031" /><testcase classname="geopandas.tools.tests.test_sjoin.TestSpatialJoin" name="test_join_with_empty[empty0-touches]" time="0.031" /><testcase classname="geopandas.tools.tests.test_sjoin.TestSpatialJoin" name="test_join_with_empty[empty0-within]" time="0.034" /><testcase classname="geopandas.tools.tests.test_sjoin.TestSpatialJoin" name="test_join_with_empty[empty1-contains]" time="0.033" /><testcase classname="geopandas.tools.tests.test_sjoin.TestSpatialJoin" name="test_join_with_empty[empty1-contains_properly]" time="0.034" /><testcase classname="geopandas.tools.tests.test_sjoin.TestSpatialJoin" name="test_join_with_empty[empty1-covered_by]" time="0.031" /><testcase classname="geopandas.tools.tests.test_sjoin.TestSpatialJoin" name="test_join_with_empty[empty1-covers]" time="0.030" /><testcase classname="geopandas.tools.tests.test_sjoin.TestSpatialJoin" name="test_join_with_empty[empty1-crosses]" time="0.030" /><testcase classname="geopandas.tools.tests.test_sjoin.TestSpatialJoin" name="test_join_with_empty[empty1-intersects]" time="0.030" /><testcase classname="geopandas.tools.tests.test_sjoin.TestSpatialJoin" name="test_join_with_empty[empty1-touches]" time="0.030" /><testcase classname="geopandas.tools.tests.test_sjoin.TestSpatialJoin" name="test_join_with_empty[empty1-within]" time="0.031" /><testcase classname="geopandas.tools.tests.test_sjoin.TestSpatialJoin" name="test_sjoin_invalid_args[default-index]" time="0.032" /><testcase classname="geopandas.tools.tests.test_sjoin.TestSpatialJoin" name="test_sjoin_invalid_args[string-index]" time="0.033" /><testcase classname="geopandas.tools.tests.test_sjoin.TestSpatialJoin" name="test_right[intersects-default-index]" time="0.047" /><testcase classname="geopandas.tools.tests.test_sjoin.TestSpatialJoin" name="test_right[intersects-string-index]" time="0.047" /><testcase classname="geopandas.tools.tests.test_sjoin.TestSpatialJoin" name="test_right[intersects-named-index]" time="0.048" /><testcase classname="geopandas.tools.tests.test_sjoin.TestSpatialJoin" name="test_right[intersects-multi-index]" time="0.054" /><testcase classname="geopandas.tools.tests.test_sjoin.TestSpatialJoin" name="test_right[intersects-named-multi-index]" time="0.054" /><testcase classname="geopandas.tools.tests.test_sjoin.TestSpatialJoin" name="test_right[contains-default-index]" time="0.047" /><testcase classname="geopandas.tools.tests.test_sjoin.TestSpatialJoin" name="test_right[contains-string-index]" time="0.049" /><testcase classname="geopandas.tools.tests.test_sjoin.TestSpatialJoin" name="test_right[contains-named-index]" time="0.047" /><testcase classname="geopandas.tools.tests.test_sjoin.TestSpatialJoin" name="test_right[contains-multi-index]" time="0.056" /><testcase classname="geopandas.tools.tests.test_sjoin.TestSpatialJoin" name="test_right[contains-named-multi-index]" time="0.053" /><testcase classname="geopandas.tools.tests.test_sjoin.TestSpatialJoin" name="test_right[within-default-index]" time="0.047" /><testcase classname="geopandas.tools.tests.test_sjoin.TestSpatialJoin" name="test_right[within-string-index]" time="0.048" /><testcase classname="geopandas.tools.tests.test_sjoin.TestSpatialJoin" name="test_right[within-named-index]" time="0.048" /><testcase classname="geopandas.tools.tests.test_sjoin.TestSpatialJoin" name="test_right[within-multi-index]" time="0.055" /><testcase classname="geopandas.tools.tests.test_sjoin.TestSpatialJoin" name="test_right[within-named-multi-index]" time="0.068" /><testcase classname="geopandas.tools.tests.test_sjoin.TestSpatialJoinNYBB" name="test_geometry_name" time="0.116" /><testcase classname="geopandas.tools.tests.test_sjoin.TestSpatialJoinNYBB" name="test_sjoin_left" time="0.130" /><testcase classname="geopandas.tools.tests.test_sjoin.TestSpatialJoinNYBB" name="test_sjoin_right" time="0.320" /><testcase classname="geopandas.tools.tests.test_sjoin.TestSpatialJoinNYBB" name="test_sjoin_inner" time="0.103" /><testcase classname="geopandas.tools.tests.test_sjoin.TestSpatialJoinNYBB" name="test_sjoin_predicate" time="0.116" /><testcase classname="geopandas.tools.tests.test_sjoin.TestSpatialJoinNYBB" name="test_sjoin_bad_predicate" time="0.284" /><testcase classname="geopandas.tools.tests.test_sjoin.TestSpatialJoinNYBB" name="test_sjoin_duplicate_column_name" time="0.102" /><testcase classname="geopandas.tools.tests.test_sjoin.TestSpatialJoinNYBB" name="test_sjoin_named_index[left]" time="0.292" /><testcase classname="geopandas.tools.tests.test_sjoin.TestSpatialJoinNYBB" name="test_sjoin_named_index[right]" time="0.102" /><testcase classname="geopandas.tools.tests.test_sjoin.TestSpatialJoinNYBB" name="test_sjoin_named_index[inner]" time="0.103" /><testcase classname="geopandas.tools.tests.test_sjoin.TestSpatialJoinNYBB" name="test_sjoin_values" time="0.119" /><testcase classname="geopandas.tools.tests.test_sjoin.TestSpatialJoinNYBB" name="test_no_overlapping_geometry" time="1.262"><skipped type="pytest.xfail" message="" /></testcase><testcase classname="geopandas.tools.tests.test_sjoin.TestSpatialJoinNYBB" name="test_sjoin_outer" time="0.000"><skipped type="pytest.skip" message="Not implemented">/workdir/geopandas-0.12.1/geopandas/tools/tests/test_sjoin.py:526: Not implemented</skipped></testcase><testcase classname="geopandas.tools.tests.test_sjoin.TestSpatialJoinNYBB" name="test_sjoin_empty_geometries" time="0.126" /><testcase classname="geopandas.tools.tests.test_sjoin.TestSpatialJoinNYBB" name="test_sjoin_no_valid_geoms[intersects]" time="0.310" /><testcase classname="geopandas.tools.tests.test_sjoin.TestSpatialJoinNYBB" name="test_sjoin_no_valid_geoms[within]" time="0.120" /><testcase classname="geopandas.tools.tests.test_sjoin.TestSpatialJoinNYBB" name="test_sjoin_no_valid_geoms[contains]" time="0.124" /><testcase classname="geopandas.tools.tests.test_sjoin.TestSpatialJoinNYBB" name="test_empty_sjoin_return_duplicated_columns" time="0.373" /><testcase classname="geopandas.tools.tests.test_sjoin.TestSpatialJoinNaturalEarth" name="test_sjoin_inner" time="0.080" /><testcase classname="geopandas.tools.tests.test_sjoin" name="test_no_nearest_all" time="0.000"><skipped type="pytest.skip" message="This test can only be run _without_ PyGEOS &gt;= 0.10 installed">/workdir/geopandas-0.12.1/geopandas/tools/tests/test_sjoin.py:577: This test can only be run _without_ PyGEOS &gt;= 0.10 installed</skipped></testcase><testcase classname="geopandas.tools.tests.test_sjoin.TestNearest" name="test_allowed_hows[how_kwargs0]" time="0.012" /><testcase classname="geopandas.tools.tests.test_sjoin.TestNearest" name="test_allowed_hows[how_kwargs1]" time="0.013" /><testcase classname="geopandas.tools.tests.test_sjoin.TestNearest" name="test_allowed_hows[how_kwargs2]" time="0.013" /><testcase classname="geopandas.tools.tests.test_sjoin.TestNearest" name="test_allowed_hows[how_kwargs3]" time="0.010" /><testcase classname="geopandas.tools.tests.test_sjoin.TestNearest" name="test_invalid_hows[outer]" time="0.002" /><testcase classname="geopandas.tools.tests.test_sjoin.TestNearest" name="test_invalid_hows[abcde]" time="0.002" /><testcase classname="geopandas.tools.tests.test_sjoin.TestNearest" name="test_empty_right_df_how_left[None]" time="0.014" /><testcase classname="geopandas.tools.tests.test_sjoin.TestNearest" name="test_empty_right_df_how_left[distance]" time="0.015" /><testcase classname="geopandas.tools.tests.test_sjoin.TestNearest" name="test_empty_right_df_how_right[None]" time="0.011" /><testcase classname="geopandas.tools.tests.test_sjoin.TestNearest" name="test_empty_right_df_how_right[distance]" time="0.012" /><testcase classname="geopandas.tools.tests.test_sjoin.TestNearest" name="test_empty_left_df[None-inner]" time="0.013" /><testcase classname="geopandas.tools.tests.test_sjoin.TestNearest" name="test_empty_left_df[None-left]" time="0.012" /><testcase classname="geopandas.tools.tests.test_sjoin.TestNearest" name="test_empty_left_df[distance-inner]" time="0.013" /><testcase classname="geopandas.tools.tests.test_sjoin.TestNearest" name="test_empty_left_df[distance-left]" time="0.014" /><testcase classname="geopandas.tools.tests.test_sjoin.TestNearest" name="test_empty_left_df_how_right[None]" time="0.012" /><testcase classname="geopandas.tools.tests.test_sjoin.TestNearest" name="test_empty_left_df_how_right[distance]" time="0.013" /><testcase classname="geopandas.tools.tests.test_sjoin.TestNearest" name="test_empty_join_due_to_max_distance[inner]" time="0.019" /><testcase classname="geopandas.tools.tests.test_sjoin.TestNearest" name="test_empty_join_due_to_max_distance[left]" time="0.017" /><testcase classname="geopandas.tools.tests.test_sjoin.TestNearest" name="test_empty_join_due_to_max_distance_how_right" time="0.016" /><testcase classname="geopandas.tools.tests.test_sjoin.TestNearest" name="test_max_distance[inner]" time="0.019" /><testcase classname="geopandas.tools.tests.test_sjoin.TestNearest" name="test_max_distance[left]" time="0.016" /><testcase classname="geopandas.tools.tests.test_sjoin.TestNearest" name="test_max_distance_how_right" time="0.017" /><testcase classname="geopandas.tools.tests.test_sjoin.TestNearest" name="test_sjoin_nearest_left[geo_left0-geo_right0-expected_left0-expected_right0-distances0-inner]" time="0.031" /><testcase classname="geopandas.tools.tests.test_sjoin.TestNearest" name="test_sjoin_nearest_left[geo_left0-geo_right0-expected_left0-expected_right0-distances0-left]" time="0.030" /><testcase classname="geopandas.tools.tests.test_sjoin.TestNearest" name="test_sjoin_nearest_left[geo_left1-geo_right1-expected_left1-expected_right1-distances1-inner]" time="0.031" /><testcase classname="geopandas.tools.tests.test_sjoin.TestNearest" name="test_sjoin_nearest_left[geo_left1-geo_right1-expected_left1-expected_right1-distances1-left]" time="0.029" /><testcase classname="geopandas.tools.tests.test_sjoin.TestNearest" name="test_sjoin_nearest_left[geo_left2-geo_right2-expected_left2-expected_right2-distances2-inner]" time="0.031" /><testcase classname="geopandas.tools.tests.test_sjoin.TestNearest" name="test_sjoin_nearest_left[geo_left2-geo_right2-expected_left2-expected_right2-distances2-left]" time="0.030" /><testcase classname="geopandas.tools.tests.test_sjoin.TestNearest" name="test_sjoin_nearest_left[geo_left3-geo_right3-expected_left3-expected_right3-distances3-inner]" time="0.033" /><testcase classname="geopandas.tools.tests.test_sjoin.TestNearest" name="test_sjoin_nearest_left[geo_left3-geo_right3-expected_left3-expected_right3-distances3-left]" time="0.032" /><testcase classname="geopandas.tools.tests.test_sjoin.TestNearest" name="test_sjoin_nearest_left[geo_left4-geo_right4-expected_left4-expected_right4-distances4-inner]" time="0.035" /><testcase classname="geopandas.tools.tests.test_sjoin.TestNearest" name="test_sjoin_nearest_left[geo_left4-geo_right4-expected_left4-expected_right4-distances4-left]" time="0.034" /><testcase classname="geopandas.tools.tests.test_sjoin.TestNearest" name="test_sjoin_nearest_left[geo_left5-geo_right5-expected_left5-expected_right5-distances5-inner]" time="0.034" /><testcase classname="geopandas.tools.tests.test_sjoin.TestNearest" name="test_sjoin_nearest_left[geo_left5-geo_right5-expected_left5-expected_right5-distances5-left]" time="0.029" /><testcase classname="geopandas.tools.tests.test_sjoin.TestNearest" name="test_sjoin_nearest_left[geo_left6-geo_right6-expected_left6-expected_right6-distances6-inner]" time="0.031" /><testcase classname="geopandas.tools.tests.test_sjoin.TestNearest" name="test_sjoin_nearest_left[geo_left6-geo_right6-expected_left6-expected_right6-distances6-left]" time="0.029" /><testcase classname="geopandas.tools.tests.test_sjoin.TestNearest" name="test_sjoin_nearest_left[geo_left7-geo_right7-expected_left7-expected_right7-distances7-inner]" time="0.033" /><testcase classname="geopandas.tools.tests.test_sjoin.TestNearest" name="test_sjoin_nearest_left[geo_left7-geo_right7-expected_left7-expected_right7-distances7-left]" time="0.030" /><testcase classname="geopandas.tools.tests.test_sjoin.TestNearest" name="test_sjoin_nearest_right[geo_left0-geo_right0-expected_left0-expected_right0-distances0]" time="0.027" /><testcase classname="geopandas.tools.tests.test_sjoin.TestNearest" name="test_sjoin_nearest_right[geo_left1-geo_right1-expected_left1-expected_right1-distances1]" time="0.027" /><testcase classname="geopandas.tools.tests.test_sjoin.TestNearest" name="test_sjoin_nearest_right[geo_left2-geo_right2-expected_left2-expected_right2-distances2]" time="0.026" /><testcase classname="geopandas.tools.tests.test_sjoin.TestNearest" name="test_sjoin_nearest_right[geo_left3-geo_right3-expected_left3-expected_right3-distances3]" time="0.027" /><testcase classname="geopandas.tools.tests.test_sjoin.TestNearest" name="test_sjoin_nearest_right[geo_left4-geo_right4-expected_left4-expected_right4-distances4]" time="0.029" /><testcase classname="geopandas.tools.tests.test_sjoin.TestNearest" name="test_sjoin_nearest_right[geo_left5-geo_right5-expected_left5-expected_right5-distances5]" time="0.030" /><testcase classname="geopandas.tools.tests.test_sjoin.TestNearest" name="test_sjoin_nearest_right[geo_left6-geo_right6-expected_left6-expected_right6-distances6]" time="0.028" /><testcase classname="geopandas.tools.tests.test_sjoin.TestNearest" name="test_sjoin_nearest_right[geo_left7-geo_right7-expected_left7-expected_right7-distances7]" time="0.029" /><testcase classname="geopandas.tools.tests.test_sjoin.TestNearest" name="test_sjoin_nearest_inner" time="0.207" /><testcase classname="geopandas.tools.tests.test_tools.TestTools" name="test_collect_single" time="0.001" /><testcase classname="geopandas.tools.tests.test_tools.TestTools" name="test_collect_single_force_multi" time="0.001" /><testcase classname="geopandas.tools.tests.test_tools.TestTools" name="test_collect_multi" time="0.001" /><testcase classname="geopandas.tools.tests.test_tools.TestTools" name="test_collect_multi_force_multi" time="0.001" /><testcase classname="geopandas.tools.tests.test_tools.TestTools" name="test_collect_list" time="0.001" /><testcase classname="geopandas.tools.tests.test_tools.TestTools" name="test_collect_GeoSeries" time="0.001" /><testcase classname="geopandas.tools.tests.test_tools.TestTools" name="test_collect_mixed_types" time="0.001" /><testcase classname="geopandas.tools.tests.test_tools.TestTools" name="test_collect_mixed_multi" time="0.040" /></testsuite></testsuites>