<?xml version="1.0" encoding="utf-8"?><testsuites><testsuite name="pytest" errors="2" failures="0" skipped="0" tests="2" time="0.074" timestamp="2023-11-20T22:33:56.483040" hostname="b80581c01e0f"><testcase classname="" name="test_base45" time="0.000"><error message="collection failure">ImportError while importing test module '/workdir/base58-2.1.1/test_base45.py'.
Hint: make sure your test modules/packages have valid Python names.
Traceback:
/usr/local/lib/python3.10/importlib/__init__.py:126: in import_module
    return _bootstrap._gcd_import(name[level:], package, level)
test_base45.py:1: in &lt;module&gt;
    from hamcrest import assert_that, equal_to, calling, raises
E   ModuleNotFoundError: No module named 'hamcrest'</error></testcase><testcase classname="" name="test_base58" time="0.000"><error message="collection failure">ImportError while importing test module '/workdir/base58-2.1.1/test_base58.py'.
Hint: make sure your test modules/packages have valid Python names.
Traceback:
/usr/local/lib/python3.10/importlib/__init__.py:126: in import_module
    return _bootstrap._gcd_import(name[level:], package, level)
test_base58.py:4: in &lt;module&gt;
    from hamcrest import assert_that, equal_to, calling, raises
E   ModuleNotFoundError: No module named 'hamcrest'</error></testcase></testsuite></testsuites>