<?xml version="1.0" encoding="utf-8"?><testsuites><testsuite name="pytest" errors="1" failures="0" skipped="0" tests="1" time="0.129" timestamp="2023-11-22T04:00:24.984709" hostname="80ac3eb7f7f2"><testcase classname="" name="" time="0.000"><error message="collection failure">Traceback (most recent call last):
  File "/workdir/hypothesis-6.60.0/hypothesis-python/.tox/cpythonlibtest-unit-test-tests/lib/python3.10/site-packages/_pytest/config/__init__.py", line 641, in _importconftest
    mod = import_path(conftestpath, mode=importmode, root=rootpath)
  File "/workdir/hypothesis-6.60.0/hypothesis-python/.tox/cpythonlibtest-unit-test-tests/lib/python3.10/site-packages/_pytest/pathlib.py", line 567, in import_path
    importlib.import_module(module_name)
  File "/usr/local/lib/python3.10/importlib/__init__.py", line 126, in import_module
    return _bootstrap._gcd_import(name[level:], package, level)
  File "&lt;frozen importlib._bootstrap&gt;", line 1050, in _gcd_import
  File "&lt;frozen importlib._bootstrap&gt;", line 1027, in _find_and_load
  File "&lt;frozen importlib._bootstrap&gt;", line 1006, in _find_and_load_unlocked
  File "&lt;frozen importlib._bootstrap&gt;", line 688, in _load_unlocked
  File "/workdir/hypothesis-6.60.0/hypothesis-python/.tox/cpythonlibtest-unit-test-tests/lib/python3.10/site-packages/_pytest/assertion/rewrite.py", line 186, in exec_module
    exec(co, module.__dict__)
  File "/workdir/hypothesis-6.60.0/hypothesis-python/tests/array_api/conftest.py", line 20, in &lt;module&gt;
    from hypothesis.extra.array_api import (
ImportError: cannot import name 'mock_xp' from 'hypothesis.extra.array_api' (/workdir/hypothesis-6.60.0/hypothesis-python/.tox/cpythonlibtest-unit-test-tests/lib/python3.10/site-packages/hypothesis/extra/array_api.py)</error></testcase></testsuite></testsuites>