<?xml version="1.0" encoding="utf-8"?><testsuites><testsuite name="pytest" errors="3" failures="5" skipped="0" tests="92" time="13.386" timestamp="2023-11-29T19:10:09.930131" hostname="be2d8ee410eb"><testcase classname="test.test_autodoc" name="test_some_module" time="0.001" /><testcase classname="test.test_autodoc" name="test_autodoc" time="0.615"><failure message="assert 0 == 1&#10; +  where 0 = len([])&#10; +    where [] = &lt;built-in method findall of re.Pattern object at 0x21aaec0&gt;('&lt;!DOCTYPE html&gt;\n\n&lt;html lang=&quot;en&quot; data-content_root=&quot;./&quot;&gt;\n  &lt;head&gt;\n    &lt;meta charset=&quot;utf-8&quot; /&gt;\n    &lt;meta name=&quot;viewport&quot; content=&quot;width=device-width, initial-scale=1.0&quot; /&gt;&lt;meta name=&quot;viewport&quot; content=&quot;width=device-width, initial-scale=1&quot; /&gt;\n\n    &lt;title&gt;footcite &amp;#8212; Python  documentation&lt;/title&gt;\n    &lt;link rel=&quot;stylesheet&quot; type=&quot;text/css&quot; href=&quot;_static/pygments.css?v=4f649999&quot; /&gt;\n    &lt;link rel=&quot;stylesheet&quot; type=&quot;text/css&quot; href=&quot;_static/alabaster.css?v=039e1c02&quot; /&gt;\n    &lt;script src=&quot;_static/documentation_options.js?v=5929fcd5&quot;&gt;&lt;/script&gt;\n    &lt;script src=&quot;_static/doctools.js?v=888ff710&quot;&gt;&lt;/script&gt;\n    &lt;script src=&quot;_static/sphinx_highlight.js?v=dc90522c&quot;&gt;&lt;/script&gt;\n    &lt;link rel=&quot;index&quot; title=&quot;Index&quot; href=&quot;genindex.html&quot; /&gt;\n    &lt;link rel=&quot;search&quot; title=&quot;Search&quot; href=&quot;search.html&quot; /&gt;\n    &lt;link rel=&quot;prev&quot; title=&quot;cite&quot; href=&quot;doc_cite.html&quot; /&gt;\n   \n  &lt;link rel=&quot;stylesheet&quot; href=&quot;_static/custom.css&quot; type=&quot;text/css&quot; /&gt;\n  \n  \n  &lt;meta name=&quot;viewport&quot; content=&quot;width=device-width, initial-scale=0.9, maximum-scale=0.9&quot; /&gt;\n\n  &lt;/head&gt;&lt;body&gt;\n  \n\n    &lt;div class=&quot;document&quot;&gt;\n      &lt;div class=&quot;documentwrapper&quot;&gt;\n        &lt;div class=&quot;bodywrapper&quot;&gt;\n          \n\n          &lt;div ...n&lt;/li&gt;\n&lt;/ul&gt;\n\n&lt;div class=&quot;relations&quot;&gt;\n&lt;h3&gt;Related Topics&lt;/h3&gt;\n&lt;ul&gt;\n  &lt;li&gt;&lt;a href=&quot;index.html&quot;&gt;Documentation overview&lt;/a&gt;&lt;ul&gt;\n      &lt;li&gt;Previous: &lt;a href=&quot;doc_cite.html&quot; title=&quot;previous chapter&quot;&gt;cite&lt;/a&gt;&lt;/li&gt;\n  &lt;/ul&gt;&lt;/li&gt;\n&lt;/ul&gt;\n&lt;/div&gt;\n&lt;div id=&quot;searchbox&quot; style=&quot;display: none&quot; role=&quot;search&quot;&gt;\n  &lt;h3 id=&quot;searchlabel&quot;&gt;Quick search&lt;/h3&gt;\n    &lt;div class=&quot;searchformwrapper&quot;&gt;\n    &lt;form class=&quot;search&quot; action=&quot;search.html&quot; method=&quot;get&quot;&gt;\n      &lt;input type=&quot;text&quot; name=&quot;q&quot; aria-labelledby=&quot;searchlabel&quot; autocomplete=&quot;off&quot; autocorrect=&quot;off&quot; autocapitalize=&quot;off&quot; spellcheck=&quot;false&quot;/&gt;\n      &lt;input type=&quot;submit&quot; value=&quot;Go&quot; /&gt;\n    &lt;/form&gt;\n    &lt;/div&gt;\n&lt;/div&gt;\n&lt;script&gt;document.getElementById(\'searchbox\').style.display = &quot;block&quot;&lt;/script&gt;\n\n\n\n\n\n\n\n\n        &lt;/div&gt;\n      &lt;/div&gt;\n      &lt;div class=&quot;clearer&quot;&gt;&lt;/div&gt;\n    &lt;/div&gt;\n    &lt;div class=&quot;footer&quot;&gt;\n      &amp;copy;.\n      \n      |\n      Powered by &lt;a href=&quot;http://sphinx-doc.org/&quot;&gt;Sphinx 7.2.6&lt;/a&gt;\n      &amp;amp; &lt;a href=&quot;https://github.com/bitprophet/alabaster&quot;&gt;Alabaster 0.7.13&lt;/a&gt;\n      \n      |\n      &lt;a href=&quot;_sources/doc_footcite.rst.txt&quot;\n          rel=&quot;nofollow&quot;&gt;Page source&lt;/a&gt;\n    &lt;/div&gt;\n\n    \n\n    \n  &lt;/body&gt;\n&lt;/html&gt;')&#10; +      where &lt;built-in method findall of re.Pattern object at 0x21aaec0&gt; = re.compile('&lt;aside class=&quot;footnote brackets&quot; id=&quot;(?P&lt;id_&gt;[a-z][-?a-z0-9]*)&quot; role=&quot;note&quot;&gt;\\s*&lt;span class=&quot;label&quot;&gt;&lt;span class=&quot;fn-bracket&quot;&gt;\\[&lt;/span&gt;(?:&lt;a role=&quot;doc-backlink&quot; href=&quot;#(?P&lt;backref&gt;[a-z][-?a-z0-9]*)&quot;&gt;).findall&#10; +        where re.compile('&lt;aside class=&quot;footnote brackets&quot; id=&quot;(?P&lt;id_&gt;[a-z][-?a-z0-9]*)&quot; role=&quot;note&quot;&gt;\\s*&lt;span class=&quot;label&quot;&gt;&lt;span class=&quot;fn-bracket&quot;&gt;\\[&lt;/span&gt;(?:&lt;a role=&quot;doc-backlink&quot; href=&quot;#(?P&lt;backref&gt;[a-z][-?a-z0-9]*)&quot;&gt;) = html_footnotes(text='.*Een.*')">Traceback (most recent call last):
  File "/workdir/sphinxcontrib-bibtex-2.5.0/.tox/cpythonlibtest-unit-test-tests/lib/python3.10/site-packages/_pytest/runner.py", line 341, in from_call
    result: Optional[TResult] = func()
  File "/workdir/sphinxcontrib-bibtex-2.5.0/.tox/cpythonlibtest-unit-test-tests/lib/python3.10/site-packages/_pytest/runner.py", line 262, in &lt;lambda&gt;
    lambda: ihook(item=item, **kwds), when=when, reraise=reraise
  File "/workdir/sphinxcontrib-bibtex-2.5.0/.tox/cpythonlibtest-unit-test-tests/lib/python3.10/site-packages/pluggy/_hooks.py", line 493, in __call__
    return self._hookexec(self.name, self._hookimpls, kwargs, firstresult)
  File "/workdir/sphinxcontrib-bibtex-2.5.0/.tox/cpythonlibtest-unit-test-tests/lib/python3.10/site-packages/pluggy/_manager.py", line 115, in _hookexec
    return self._inner_hookexec(hook_name, methods, kwargs, firstresult)
  File "/workdir/sphinxcontrib-bibtex-2.5.0/.tox/cpythonlibtest-unit-test-tests/lib/python3.10/site-packages/pluggy/_callers.py", line 152, in _multicall
    return outcome.get_result()
  File "/workdir/sphinxcontrib-bibtex-2.5.0/.tox/cpythonlibtest-unit-test-tests/lib/python3.10/site-packages/pluggy/_result.py", line 114, in get_result
    raise exc.with_traceback(exc.__traceback__)
  File "/workdir/sphinxcontrib-bibtex-2.5.0/.tox/cpythonlibtest-unit-test-tests/lib/python3.10/site-packages/pluggy/_callers.py", line 77, in _multicall
    res = hook_impl.function(*args)
  File "/workdir/sphinxcontrib-bibtex-2.5.0/.tox/cpythonlibtest-unit-test-tests/lib/python3.10/site-packages/_pytest/runner.py", line 177, in pytest_runtest_call
    raise e
  File "/workdir/sphinxcontrib-bibtex-2.5.0/.tox/cpythonlibtest-unit-test-tests/lib/python3.10/site-packages/_pytest/runner.py", line 169, in pytest_runtest_call
    item.runtest()
  File "/workdir/sphinxcontrib-bibtex-2.5.0/.tox/cpythonlibtest-unit-test-tests/lib/python3.10/site-packages/_pytest/python.py", line 1792, in runtest
    self.ihook.pytest_pyfunc_call(pyfuncitem=self)
  File "/workdir/sphinxcontrib-bibtex-2.5.0/.tox/cpythonlibtest-unit-test-tests/lib/python3.10/site-packages/pluggy/_hooks.py", line 493, in __call__
    return self._hookexec(self.name, self._hookimpls, kwargs, firstresult)
  File "/workdir/sphinxcontrib-bibtex-2.5.0/.tox/cpythonlibtest-unit-test-tests/lib/python3.10/site-packages/pluggy/_manager.py", line 115, in _hookexec
    return self._inner_hookexec(hook_name, methods, kwargs, firstresult)
  File "/workdir/sphinxcontrib-bibtex-2.5.0/.tox/cpythonlibtest-unit-test-tests/lib/python3.10/site-packages/pluggy/_callers.py", line 113, in _multicall
    raise exception.with_traceback(exception.__traceback__)
  File "/workdir/sphinxcontrib-bibtex-2.5.0/.tox/cpythonlibtest-unit-test-tests/lib/python3.10/site-packages/pluggy/_callers.py", line 77, in _multicall
    res = hook_impl.function(*args)
  File "/workdir/sphinxcontrib-bibtex-2.5.0/.tox/cpythonlibtest-unit-test-tests/lib/python3.10/site-packages/_pytest/python.py", line 194, in pytest_pyfunc_call
    result = testfunction(**testargs)
  File "/workdir/sphinxcontrib-bibtex-2.5.0/test/test_autodoc.py", line 48, in test_autodoc
    assert len(html_footnotes(text=text).findall(output2)) == 1
AssertionError: assert 0 == 1
 +  where 0 = len([])
 +    where [] = &lt;built-in method findall of re.Pattern object at 0x21aaec0&gt;('&lt;!DOCTYPE html&gt;\n\n&lt;html lang="en" data-content_root="./"&gt;\n  &lt;head&gt;\n    &lt;meta charset="utf-8" /&gt;\n    &lt;meta name="viewport" content="width=device-width, initial-scale=1.0" /&gt;&lt;meta name="viewport" content="width=device-width, initial-scale=1" /&gt;\n\n    &lt;title&gt;footcite &amp;#8212; Python  documentation&lt;/title&gt;\n    &lt;link rel="stylesheet" type="text/css" href="_static/pygments.css?v=4f649999" /&gt;\n    &lt;link rel="stylesheet" type="text/css" href="_static/alabaster.css?v=039e1c02" /&gt;\n    &lt;script src="_static/documentation_options.js?v=5929fcd5"&gt;&lt;/script&gt;\n    &lt;script src="_static/doctools.js?v=888ff710"&gt;&lt;/script&gt;\n    &lt;script src="_static/sphinx_highlight.js?v=dc90522c"&gt;&lt;/script&gt;\n    &lt;link rel="index" title="Index" href="genindex.html" /&gt;\n    &lt;link rel="search" title="Search" href="search.html" /&gt;\n    &lt;link rel="prev" title="cite" href="doc_cite.html" /&gt;\n   \n  &lt;link rel="stylesheet" href="_static/custom.css" type="text/css" /&gt;\n  \n  \n  &lt;meta name="viewport" content="width=device-width, initial-scale=0.9, maximum-scale=0.9" /&gt;\n\n  &lt;/head&gt;&lt;body&gt;\n  \n\n    &lt;div class="document"&gt;\n      &lt;div class="documentwrapper"&gt;\n        &lt;div class="bodywrapper"&gt;\n          \n\n          &lt;div ...n&lt;/li&gt;\n&lt;/ul&gt;\n\n&lt;div class="relations"&gt;\n&lt;h3&gt;Related Topics&lt;/h3&gt;\n&lt;ul&gt;\n  &lt;li&gt;&lt;a href="index.html"&gt;Documentation overview&lt;/a&gt;&lt;ul&gt;\n      &lt;li&gt;Previous: &lt;a href="doc_cite.html" title="previous chapter"&gt;cite&lt;/a&gt;&lt;/li&gt;\n  &lt;/ul&gt;&lt;/li&gt;\n&lt;/ul&gt;\n&lt;/div&gt;\n&lt;div id="searchbox" style="display: none" role="search"&gt;\n  &lt;h3 id="searchlabel"&gt;Quick search&lt;/h3&gt;\n    &lt;div class="searchformwrapper"&gt;\n    &lt;form class="search" action="search.html" method="get"&gt;\n      &lt;input type="text" name="q" aria-labelledby="searchlabel" autocomplete="off" autocorrect="off" autocapitalize="off" spellcheck="false"/&gt;\n      &lt;input type="submit" value="Go" /&gt;\n    &lt;/form&gt;\n    &lt;/div&gt;\n&lt;/div&gt;\n&lt;script&gt;document.getElementById(\'searchbox\').style.display = "block"&lt;/script&gt;\n\n\n\n\n\n\n\n\n        &lt;/div&gt;\n      &lt;/div&gt;\n      &lt;div class="clearer"&gt;&lt;/div&gt;\n    &lt;/div&gt;\n    &lt;div class="footer"&gt;\n      &amp;copy;.\n      \n      |\n      Powered by &lt;a href="http://sphinx-doc.org/"&gt;Sphinx 7.2.6&lt;/a&gt;\n      &amp;amp; &lt;a href="https://github.com/bitprophet/alabaster"&gt;Alabaster 0.7.13&lt;/a&gt;\n      \n      |\n      &lt;a href="_sources/doc_footcite.rst.txt"\n          rel="nofollow"&gt;Page source&lt;/a&gt;\n    &lt;/div&gt;\n\n    \n\n    \n  &lt;/body&gt;\n&lt;/html&gt;')
 +      where &lt;built-in method findall of re.Pattern object at 0x21aaec0&gt; = re.compile('&lt;aside class="footnote brackets" id="(?P&lt;id_&gt;[a-z][-?a-z0-9]*)" role="note"&gt;\\s*&lt;span class="label"&gt;&lt;span class="fn-bracket"&gt;\\[&lt;/span&gt;(?:&lt;a role="doc-backlink" href="#(?P&lt;backref&gt;[a-z][-?a-z0-9]*)"&gt;).findall
 +        where re.compile('&lt;aside class="footnote brackets" id="(?P&lt;id_&gt;[a-z][-?a-z0-9]*)" role="note"&gt;\\s*&lt;span class="label"&gt;&lt;span class="fn-bracket"&gt;\\[&lt;/span&gt;(?:&lt;a role="doc-backlink" href="#(?P&lt;backref&gt;[a-z][-?a-z0-9]*)"&gt;) = html_footnotes(text='.*Een.*')</failure></testcase><testcase classname="test.test_autodoc" name="test_autodoc_viewcode" time="0.199" /><testcase classname="test.test_backrefs" name="test_backrefs" time="0.165" /><testcase classname="test.test_bibfiles" name="test_bibfiles_out_of_date" time="0.740" /><testcase classname="test.test_bibfiles" name="test_bibfiles_not_found" time="0.148" /><testcase classname="test.test_bibfiles" name="test_bibfiles_missing_conf" time="0.021" /><testcase classname="test.test_bibfiles" name="test_bibfiles_encoding" time="0.159" /><testcase classname="test.test_bibfiles" name="test_bibfiles_encoding_bad" time="0.018" /><testcase classname="test.test_bibfiles" name="test_bibfiles_encoding_invalid" time="0.069" /><testcase classname="test.test_bibfiles" name="test_bibfiles_subfolder" time="0.194" /><testcase classname="test.test_bibfiles" name="test_bibfiles_multiple_macros" time="0.177" /><testcase classname="test.test_bibfiles" name="test_bibfiles_multiple_keys" time="0.155" /><testcase classname="test.test_bibliography" name="test_bibliography_empty" time="0.145" /><testcase classname="test.test_bibliography" name="test_bibliography_header" time="0.160" /><testcase classname="test.test_bibliography" name="test_bibliography_empty_no_header" time="0.036" /><testcase classname="test.test_bibliography" name="test_bibliography_style_default" time="0.150" /><testcase classname="test.test_bibliography" name="test_bibliography_style_label_1" time="0.161" /><testcase classname="test.test_bibliography" name="test_bibliography_style_label_2" time="0.197" /><testcase classname="test.test_bibliography" name="test_bibliography_style_nowebref" time="0.153" /><testcase classname="test.test_bibliography" name="test_bibliography_bad_option" time="0.171" /><testcase classname="test.test_bibliography" name="test_bibliography_key_prefix" time="0.278" /><testcase classname="test.test_bibliography" name="test_bibliography_label_prefix_1" time="0.177" /><testcase classname="test.test_bibliography" name="test_bibliography_label_prefix_2" time="0.270" /><testcase classname="test.test_bibliography" name="test_bibliography_order_unsorted" time="0.136" /><testcase classname="test.test_bibliography" name="test_bibliography_multi_foot" time="0.152"><failure message="assert 0 == 1&#10; +  where 0 = len([])&#10; +    where [] = &lt;function findall at 0x7f894a2b9900&gt;(re.compile('&lt;aside class=&quot;footnote brackets&quot; id=&quot;(?P&lt;id_&gt;footcite-2009-mandel)&quot; role=&quot;note&quot;&gt;\\s*&lt;span class=&quot;label&quot;&gt;&lt;span class=&quot;fn-bracket&quot;&gt;\\[&lt;/span&gt;(?:&lt;a role=&quot;doc-backlink&quot; href=&quot;#(?P&lt;backref&gt;[a-z][-?a-z0-9]), '&lt;!DOCTYPE html&gt;\n\n&lt;html lang=&quot;en&quot; data-content_root=&quot;./&quot;&gt;\n  &lt;head&gt;\n    &lt;meta charset=&quot;utf-8&quot; /&gt;\n    &lt;meta name=&quot;viewport&quot; content=&quot;width=device-width, initial-scale=1.0&quot; /&gt;&lt;meta name=&quot;viewport&quot; content=&quot;width=device-width, initial-scale=1&quot; /&gt;\n\n    &lt;title&gt;&amp;lt;no title&amp;gt; &amp;#8212; Python  documentation&lt;/title&gt;\n    &lt;link rel=&quot;stylesheet&quot; type=&quot;text/css&quot; href=&quot;_static/pygments.css?v=4f649999&quot; /&gt;\n    &lt;link rel=&quot;stylesheet&quot; type=&quot;text/css&quot; href=&quot;_static/alabaster.css?v=039e1c02&quot; /&gt;\n    &lt;script src=&quot;_static/documentation_options.js?v=5929fcd5&quot;&gt;&lt;/script&gt;\n    &lt;script src=&quot;_static/doctools.js?v=888ff710&quot;&gt;&lt;/script&gt;\n    &lt;script src=&quot;_static/sphinx_highlight.js?v=dc90522c&quot;&gt;&lt;/script&gt;\n    &lt;link rel=&quot;index&quot; title=&quot;Index&quot; href=&quot;genindex.html&quot; /&gt;\n    &lt;link rel=&quot;search&quot; title=&quot;Search&quot; href=&quot;search.html&quot; /&gt;\n   \n  &lt;link rel=&quot;stylesheet&quot; href=&quot;_static/custom.css&quot; type=&quot;text/css&quot; /&gt;\n  \n  \n  &lt;meta name=&quot;viewport&quot; content=&quot;width=device-width, initial-scale=0.9, maximum-scale=0.9&quot; /&gt;\n\n  &lt;/head&gt;&lt;body&gt;\n  \n\n    &lt;div class=&quot;document&quot;&gt;\n      &lt;div class=&quot;documentwrapper&quot;&gt;\n        &lt;div class=&quot;bodywrapper&quot;&gt;\n          \n\n          &lt;div class=&quot;body&quot; role=&quot;main&quot;&gt;\n            \n  &lt;p&gt;First... class=&quot;sphinxsidebarwrapper&quot;&gt;\n&lt;h1 class=&quot;logo&quot;&gt;&lt;a href=&quot;#&quot;&gt;Python&lt;/a&gt;&lt;/h1&gt;\n\n\n\n\n\n\n\n\n&lt;h3&gt;Navigation&lt;/h3&gt;\n\n&lt;div class=&quot;relations&quot;&gt;\n&lt;h3&gt;Related Topics&lt;/h3&gt;\n&lt;ul&gt;\n  &lt;li&gt;&lt;a href=&quot;#&quot;&gt;Documentation overview&lt;/a&gt;&lt;ul&gt;\n  &lt;/ul&gt;&lt;/li&gt;\n&lt;/ul&gt;\n&lt;/div&gt;\n&lt;div id=&quot;searchbox&quot; style=&quot;display: none&quot; role=&quot;search&quot;&gt;\n  &lt;h3 id=&quot;searchlabel&quot;&gt;Quick search&lt;/h3&gt;\n    &lt;div class=&quot;searchformwrapper&quot;&gt;\n    &lt;form class=&quot;search&quot; action=&quot;search.html&quot; method=&quot;get&quot;&gt;\n      &lt;input type=&quot;text&quot; name=&quot;q&quot; aria-labelledby=&quot;searchlabel&quot; autocomplete=&quot;off&quot; autocorrect=&quot;off&quot; autocapitalize=&quot;off&quot; spellcheck=&quot;false&quot;/&gt;\n      &lt;input type=&quot;submit&quot; value=&quot;Go&quot; /&gt;\n    &lt;/form&gt;\n    &lt;/div&gt;\n&lt;/div&gt;\n&lt;script&gt;document.getElementById(\'searchbox\').style.display = &quot;block&quot;&lt;/script&gt;\n\n\n\n\n\n\n\n\n        &lt;/div&gt;\n      &lt;/div&gt;\n      &lt;div class=&quot;clearer&quot;&gt;&lt;/div&gt;\n    &lt;/div&gt;\n    &lt;div class=&quot;footer&quot;&gt;\n      &amp;copy;.\n      \n      |\n      Powered by &lt;a href=&quot;http://sphinx-doc.org/&quot;&gt;Sphinx 7.2.6&lt;/a&gt;\n      &amp;amp; &lt;a href=&quot;https://github.com/bitprophet/alabaster&quot;&gt;Alabaster 0.7.13&lt;/a&gt;\n      \n      |\n      &lt;a href=&quot;_sources/index.rst.txt&quot;\n          rel=&quot;nofollow&quot;&gt;Page source&lt;/a&gt;\n    &lt;/div&gt;\n\n    \n\n    \n  &lt;/body&gt;\n&lt;/html&gt;')&#10; +      where &lt;function findall at 0x7f894a2b9900&gt; = re.findall&#10; +      and   re.compile('&lt;aside class=&quot;footnote brackets&quot; id=&quot;(?P&lt;id_&gt;footcite-2009-mandel)&quot; role=&quot;note&quot;&gt;\\s*&lt;span class=&quot;label&quot;&gt;&lt;span class=&quot;fn-bracket&quot;&gt;\\[&lt;/span&gt;(?:&lt;a role=&quot;doc-backlink&quot; href=&quot;#(?P&lt;backref&gt;[a-z][-?a-z0-9]) = html_footnotes(id_='footcite-2009-mandel')">Traceback (most recent call last):
  File "/workdir/sphinxcontrib-bibtex-2.5.0/.tox/cpythonlibtest-unit-test-tests/lib/python3.10/site-packages/_pytest/runner.py", line 341, in from_call
    result: Optional[TResult] = func()
  File "/workdir/sphinxcontrib-bibtex-2.5.0/.tox/cpythonlibtest-unit-test-tests/lib/python3.10/site-packages/_pytest/runner.py", line 262, in &lt;lambda&gt;
    lambda: ihook(item=item, **kwds), when=when, reraise=reraise
  File "/workdir/sphinxcontrib-bibtex-2.5.0/.tox/cpythonlibtest-unit-test-tests/lib/python3.10/site-packages/pluggy/_hooks.py", line 493, in __call__
    return self._hookexec(self.name, self._hookimpls, kwargs, firstresult)
  File "/workdir/sphinxcontrib-bibtex-2.5.0/.tox/cpythonlibtest-unit-test-tests/lib/python3.10/site-packages/pluggy/_manager.py", line 115, in _hookexec
    return self._inner_hookexec(hook_name, methods, kwargs, firstresult)
  File "/workdir/sphinxcontrib-bibtex-2.5.0/.tox/cpythonlibtest-unit-test-tests/lib/python3.10/site-packages/pluggy/_callers.py", line 152, in _multicall
    return outcome.get_result()
  File "/workdir/sphinxcontrib-bibtex-2.5.0/.tox/cpythonlibtest-unit-test-tests/lib/python3.10/site-packages/pluggy/_result.py", line 114, in get_result
    raise exc.with_traceback(exc.__traceback__)
  File "/workdir/sphinxcontrib-bibtex-2.5.0/.tox/cpythonlibtest-unit-test-tests/lib/python3.10/site-packages/pluggy/_callers.py", line 77, in _multicall
    res = hook_impl.function(*args)
  File "/workdir/sphinxcontrib-bibtex-2.5.0/.tox/cpythonlibtest-unit-test-tests/lib/python3.10/site-packages/_pytest/runner.py", line 177, in pytest_runtest_call
    raise e
  File "/workdir/sphinxcontrib-bibtex-2.5.0/.tox/cpythonlibtest-unit-test-tests/lib/python3.10/site-packages/_pytest/runner.py", line 169, in pytest_runtest_call
    item.runtest()
  File "/workdir/sphinxcontrib-bibtex-2.5.0/.tox/cpythonlibtest-unit-test-tests/lib/python3.10/site-packages/_pytest/python.py", line 1792, in runtest
    self.ihook.pytest_pyfunc_call(pyfuncitem=self)
  File "/workdir/sphinxcontrib-bibtex-2.5.0/.tox/cpythonlibtest-unit-test-tests/lib/python3.10/site-packages/pluggy/_hooks.py", line 493, in __call__
    return self._hookexec(self.name, self._hookimpls, kwargs, firstresult)
  File "/workdir/sphinxcontrib-bibtex-2.5.0/.tox/cpythonlibtest-unit-test-tests/lib/python3.10/site-packages/pluggy/_manager.py", line 115, in _hookexec
    return self._inner_hookexec(hook_name, methods, kwargs, firstresult)
  File "/workdir/sphinxcontrib-bibtex-2.5.0/.tox/cpythonlibtest-unit-test-tests/lib/python3.10/site-packages/pluggy/_callers.py", line 113, in _multicall
    raise exception.with_traceback(exception.__traceback__)
  File "/workdir/sphinxcontrib-bibtex-2.5.0/.tox/cpythonlibtest-unit-test-tests/lib/python3.10/site-packages/pluggy/_callers.py", line 77, in _multicall
    res = hook_impl.function(*args)
  File "/workdir/sphinxcontrib-bibtex-2.5.0/.tox/cpythonlibtest-unit-test-tests/lib/python3.10/site-packages/_pytest/python.py", line 194, in pytest_pyfunc_call
    result = testfunction(**testargs)
  File "/workdir/sphinxcontrib-bibtex-2.5.0/test/test_bibliography.py", line 167, in test_bibliography_multi_foot
    assert len(re.findall(
AssertionError: assert 0 == 1
 +  where 0 = len([])
 +    where [] = &lt;function findall at 0x7f894a2b9900&gt;(re.compile('&lt;aside class="footnote brackets" id="(?P&lt;id_&gt;footcite-2009-mandel)" role="note"&gt;\\s*&lt;span class="label"&gt;&lt;span class="fn-bracket"&gt;\\[&lt;/span&gt;(?:&lt;a role="doc-backlink" href="#(?P&lt;backref&gt;[a-z][-?a-z0-9]), '&lt;!DOCTYPE html&gt;\n\n&lt;html lang="en" data-content_root="./"&gt;\n  &lt;head&gt;\n    &lt;meta charset="utf-8" /&gt;\n    &lt;meta name="viewport" content="width=device-width, initial-scale=1.0" /&gt;&lt;meta name="viewport" content="width=device-width, initial-scale=1" /&gt;\n\n    &lt;title&gt;&amp;lt;no title&amp;gt; &amp;#8212; Python  documentation&lt;/title&gt;\n    &lt;link rel="stylesheet" type="text/css" href="_static/pygments.css?v=4f649999" /&gt;\n    &lt;link rel="stylesheet" type="text/css" href="_static/alabaster.css?v=039e1c02" /&gt;\n    &lt;script src="_static/documentation_options.js?v=5929fcd5"&gt;&lt;/script&gt;\n    &lt;script src="_static/doctools.js?v=888ff710"&gt;&lt;/script&gt;\n    &lt;script src="_static/sphinx_highlight.js?v=dc90522c"&gt;&lt;/script&gt;\n    &lt;link rel="index" title="Index" href="genindex.html" /&gt;\n    &lt;link rel="search" title="Search" href="search.html" /&gt;\n   \n  &lt;link rel="stylesheet" href="_static/custom.css" type="text/css" /&gt;\n  \n  \n  &lt;meta name="viewport" content="width=device-width, initial-scale=0.9, maximum-scale=0.9" /&gt;\n\n  &lt;/head&gt;&lt;body&gt;\n  \n\n    &lt;div class="document"&gt;\n      &lt;div class="documentwrapper"&gt;\n        &lt;div class="bodywrapper"&gt;\n          \n\n          &lt;div class="body" role="main"&gt;\n            \n  &lt;p&gt;First... class="sphinxsidebarwrapper"&gt;\n&lt;h1 class="logo"&gt;&lt;a href="#"&gt;Python&lt;/a&gt;&lt;/h1&gt;\n\n\n\n\n\n\n\n\n&lt;h3&gt;Navigation&lt;/h3&gt;\n\n&lt;div class="relations"&gt;\n&lt;h3&gt;Related Topics&lt;/h3&gt;\n&lt;ul&gt;\n  &lt;li&gt;&lt;a href="#"&gt;Documentation overview&lt;/a&gt;&lt;ul&gt;\n  &lt;/ul&gt;&lt;/li&gt;\n&lt;/ul&gt;\n&lt;/div&gt;\n&lt;div id="searchbox" style="display: none" role="search"&gt;\n  &lt;h3 id="searchlabel"&gt;Quick search&lt;/h3&gt;\n    &lt;div class="searchformwrapper"&gt;\n    &lt;form class="search" action="search.html" method="get"&gt;\n      &lt;input type="text" name="q" aria-labelledby="searchlabel" autocomplete="off" autocorrect="off" autocapitalize="off" spellcheck="false"/&gt;\n      &lt;input type="submit" value="Go" /&gt;\n    &lt;/form&gt;\n    &lt;/div&gt;\n&lt;/div&gt;\n&lt;script&gt;document.getElementById(\'searchbox\').style.display = "block"&lt;/script&gt;\n\n\n\n\n\n\n\n\n        &lt;/div&gt;\n      &lt;/div&gt;\n      &lt;div class="clearer"&gt;&lt;/div&gt;\n    &lt;/div&gt;\n    &lt;div class="footer"&gt;\n      &amp;copy;.\n      \n      |\n      Powered by &lt;a href="http://sphinx-doc.org/"&gt;Sphinx 7.2.6&lt;/a&gt;\n      &amp;amp; &lt;a href="https://github.com/bitprophet/alabaster"&gt;Alabaster 0.7.13&lt;/a&gt;\n      \n      |\n      &lt;a href="_sources/index.rst.txt"\n          rel="nofollow"&gt;Page source&lt;/a&gt;\n    &lt;/div&gt;\n\n    \n\n    \n  &lt;/body&gt;\n&lt;/html&gt;')
 +      where &lt;function findall at 0x7f894a2b9900&gt; = re.findall
 +      and   re.compile('&lt;aside class="footnote brackets" id="(?P&lt;id_&gt;footcite-2009-mandel)" role="note"&gt;\\s*&lt;span class="label"&gt;&lt;span class="fn-bracket"&gt;\\[&lt;/span&gt;(?:&lt;a role="doc-backlink" href="#(?P&lt;backref&gt;[a-z][-?a-z0-9]) = html_footnotes(id_='footcite-2009-mandel')</failure></testcase><testcase classname="test.test_bibliography" name="test_bibliography_missing_field" time="0.195" /><testcase classname="test.test_bibliography" name="test_bibliography_content" time="0.284" /><testcase classname="test.test_bibliography" name="test_bibliography_bad_key" time="0.137" /><testcase classname="test.test_bibliography" name="test_bibliography_url" time="0.210" /><testcase classname="test.test_bibliography" name="test_bibliography_custom_ids" time="0.170"><failure message="assert None is not None">Traceback (most recent call last):
  File "/workdir/sphinxcontrib-bibtex-2.5.0/.tox/cpythonlibtest-unit-test-tests/lib/python3.10/site-packages/_pytest/runner.py", line 341, in from_call
    result: Optional[TResult] = func()
  File "/workdir/sphinxcontrib-bibtex-2.5.0/.tox/cpythonlibtest-unit-test-tests/lib/python3.10/site-packages/_pytest/runner.py", line 262, in &lt;lambda&gt;
    lambda: ihook(item=item, **kwds), when=when, reraise=reraise
  File "/workdir/sphinxcontrib-bibtex-2.5.0/.tox/cpythonlibtest-unit-test-tests/lib/python3.10/site-packages/pluggy/_hooks.py", line 493, in __call__
    return self._hookexec(self.name, self._hookimpls, kwargs, firstresult)
  File "/workdir/sphinxcontrib-bibtex-2.5.0/.tox/cpythonlibtest-unit-test-tests/lib/python3.10/site-packages/pluggy/_manager.py", line 115, in _hookexec
    return self._inner_hookexec(hook_name, methods, kwargs, firstresult)
  File "/workdir/sphinxcontrib-bibtex-2.5.0/.tox/cpythonlibtest-unit-test-tests/lib/python3.10/site-packages/pluggy/_callers.py", line 152, in _multicall
    return outcome.get_result()
  File "/workdir/sphinxcontrib-bibtex-2.5.0/.tox/cpythonlibtest-unit-test-tests/lib/python3.10/site-packages/pluggy/_result.py", line 114, in get_result
    raise exc.with_traceback(exc.__traceback__)
  File "/workdir/sphinxcontrib-bibtex-2.5.0/.tox/cpythonlibtest-unit-test-tests/lib/python3.10/site-packages/pluggy/_callers.py", line 77, in _multicall
    res = hook_impl.function(*args)
  File "/workdir/sphinxcontrib-bibtex-2.5.0/.tox/cpythonlibtest-unit-test-tests/lib/python3.10/site-packages/_pytest/runner.py", line 177, in pytest_runtest_call
    raise e
  File "/workdir/sphinxcontrib-bibtex-2.5.0/.tox/cpythonlibtest-unit-test-tests/lib/python3.10/site-packages/_pytest/runner.py", line 169, in pytest_runtest_call
    item.runtest()
  File "/workdir/sphinxcontrib-bibtex-2.5.0/.tox/cpythonlibtest-unit-test-tests/lib/python3.10/site-packages/_pytest/python.py", line 1792, in runtest
    self.ihook.pytest_pyfunc_call(pyfuncitem=self)
  File "/workdir/sphinxcontrib-bibtex-2.5.0/.tox/cpythonlibtest-unit-test-tests/lib/python3.10/site-packages/pluggy/_hooks.py", line 493, in __call__
    return self._hookexec(self.name, self._hookimpls, kwargs, firstresult)
  File "/workdir/sphinxcontrib-bibtex-2.5.0/.tox/cpythonlibtest-unit-test-tests/lib/python3.10/site-packages/pluggy/_manager.py", line 115, in _hookexec
    return self._inner_hookexec(hook_name, methods, kwargs, firstresult)
  File "/workdir/sphinxcontrib-bibtex-2.5.0/.tox/cpythonlibtest-unit-test-tests/lib/python3.10/site-packages/pluggy/_callers.py", line 113, in _multicall
    raise exception.with_traceback(exception.__traceback__)
  File "/workdir/sphinxcontrib-bibtex-2.5.0/.tox/cpythonlibtest-unit-test-tests/lib/python3.10/site-packages/pluggy/_callers.py", line 77, in _multicall
    res = hook_impl.function(*args)
  File "/workdir/sphinxcontrib-bibtex-2.5.0/.tox/cpythonlibtest-unit-test-tests/lib/python3.10/site-packages/_pytest/python.py", line 194, in pytest_pyfunc_call
    result = testfunction(**testargs)
  File "/workdir/sphinxcontrib-bibtex-2.5.0/test/test_bibliography.py", line 265, in test_bibliography_custom_ids
    assert match1 is not None
AssertionError: assert None is not None</failure></testcase><testcase classname="test.test_citation" name="test_citation_not_found" time="0.133" /><testcase classname="test.test_citation" name="test_citation_mixed" time="0.165" /><testcase classname="test.test_citation" name="test_citation_multiple_keys" time="0.144" /><testcase classname="test.test_citation" name="test_citation_any_role" time="0.140" /><testcase classname="test.test_citation" name="test_citation_no_author_no_key" time="0.155" /><testcase classname="test.test_citation" name="test_citation_whitespace" time="0.136" /><testcase classname="test.test_citation" name="test_citation_from_orphan" time="0.038" /><testcase classname="test.test_citation" name="test_citation_roles_label" time="0.119" /><testcase classname="test.test_citation" name="test_citation_roles_authoryear" time="0.186" /><testcase classname="test.test_citation" name="test_citation_roles_super" time="0.232" /><testcase classname="test.test_citation" name="test_citation_style_invalid" time="0.015" /><testcase classname="test.test_citation" name="test_citation_style_custom" time="0.122" /><testcase classname="test.test_citation" name="test_citation_style_round_brackets" time="0.038" /><testcase classname="test.test_citation" name="test_citation_toctree" time="0.154" /><testcase classname="test.test_citation" name="test_citation_tooltip" time="0.134" /><testcase classname="test.test_citation" name="test_citation_tooltip2" time="0.124" /><testcase classname="test.test_citation" name="test_citation_tooltip3" time="0.127" /><testcase classname="test.test_citation_rinoh" name="test_citation_rinoh" time="0.013"><error message="failed on setup with &quot;sphinx.errors.ExtensionError: Could not import extension rinoh.frontend.sphinx (exception: No module named 'rinoh')&quot;">Traceback (most recent call last):
  File "/workdir/sphinxcontrib-bibtex-2.5.0/.tox/cpythonlibtest-unit-test-tests/lib/python3.10/site-packages/sphinx/registry.py", line 447, in load_extension
    mod = import_module(extname)
  File "/usr/local/lib/python3.10/importlib/__init__.py", line 126, in import_module
    return _bootstrap._gcd_import(name[level:], package, level)
  File "&lt;frozen importlib._bootstrap&gt;", line 1050, in _gcd_import
  File "&lt;frozen importlib._bootstrap&gt;", line 1027, in _find_and_load
  File "&lt;frozen importlib._bootstrap&gt;", line 992, in _find_and_load_unlocked
  File "&lt;frozen importlib._bootstrap&gt;", line 241, in _call_with_frames_removed
  File "&lt;frozen importlib._bootstrap&gt;", line 1050, in _gcd_import
  File "&lt;frozen importlib._bootstrap&gt;", line 1027, in _find_and_load
  File "&lt;frozen importlib._bootstrap&gt;", line 992, in _find_and_load_unlocked
  File "&lt;frozen importlib._bootstrap&gt;", line 241, in _call_with_frames_removed
  File "&lt;frozen importlib._bootstrap&gt;", line 1050, in _gcd_import
  File "&lt;frozen importlib._bootstrap&gt;", line 1027, in _find_and_load
  File "&lt;frozen importlib._bootstrap&gt;", line 1004, in _find_and_load_unlocked
ModuleNotFoundError: No module named 'rinoh'

The above exception was the direct cause of the following exception:

Traceback (most recent call last):
  File "/workdir/sphinxcontrib-bibtex-2.5.0/.tox/cpythonlibtest-unit-test-tests/lib/python3.10/site-packages/_pytest/runner.py", line 341, in from_call
    result: Optional[TResult] = func()
  File "/workdir/sphinxcontrib-bibtex-2.5.0/.tox/cpythonlibtest-unit-test-tests/lib/python3.10/site-packages/_pytest/runner.py", line 262, in &lt;lambda&gt;
    lambda: ihook(item=item, **kwds), when=when, reraise=reraise
  File "/workdir/sphinxcontrib-bibtex-2.5.0/.tox/cpythonlibtest-unit-test-tests/lib/python3.10/site-packages/pluggy/_hooks.py", line 493, in __call__
    return self._hookexec(self.name, self._hookimpls, kwargs, firstresult)
  File "/workdir/sphinxcontrib-bibtex-2.5.0/.tox/cpythonlibtest-unit-test-tests/lib/python3.10/site-packages/pluggy/_manager.py", line 115, in _hookexec
    return self._inner_hookexec(hook_name, methods, kwargs, firstresult)
  File "/workdir/sphinxcontrib-bibtex-2.5.0/.tox/cpythonlibtest-unit-test-tests/lib/python3.10/site-packages/pluggy/_callers.py", line 152, in _multicall
    return outcome.get_result()
  File "/workdir/sphinxcontrib-bibtex-2.5.0/.tox/cpythonlibtest-unit-test-tests/lib/python3.10/site-packages/pluggy/_result.py", line 114, in get_result
    raise exc.with_traceback(exc.__traceback__)
  File "/workdir/sphinxcontrib-bibtex-2.5.0/.tox/cpythonlibtest-unit-test-tests/lib/python3.10/site-packages/pluggy/_callers.py", line 77, in _multicall
    res = hook_impl.function(*args)
  File "/workdir/sphinxcontrib-bibtex-2.5.0/.tox/cpythonlibtest-unit-test-tests/lib/python3.10/site-packages/_pytest/runner.py", line 157, in pytest_runtest_setup
    item.session._setupstate.setup(item)
  File "/workdir/sphinxcontrib-bibtex-2.5.0/.tox/cpythonlibtest-unit-test-tests/lib/python3.10/site-packages/_pytest/runner.py", line 497, in setup
    raise exc
  File "/workdir/sphinxcontrib-bibtex-2.5.0/.tox/cpythonlibtest-unit-test-tests/lib/python3.10/site-packages/_pytest/runner.py", line 494, in setup
    col.setup()
  File "/workdir/sphinxcontrib-bibtex-2.5.0/.tox/cpythonlibtest-unit-test-tests/lib/python3.10/site-packages/_pytest/python.py", line 1795, in setup
    self._request._fillfixtures()
  File "/workdir/sphinxcontrib-bibtex-2.5.0/.tox/cpythonlibtest-unit-test-tests/lib/python3.10/site-packages/_pytest/fixtures.py", line 566, in _fillfixtures
    item.funcargs[argname] = self.getfixturevalue(argname)
  File "/workdir/sphinxcontrib-bibtex-2.5.0/.tox/cpythonlibtest-unit-test-tests/lib/python3.10/site-packages/_pytest/fixtures.py", line 585, in getfixturevalue
    fixturedef = self._get_active_fixturedef(argname)
  File "/workdir/sphinxcontrib-bibtex-2.5.0/.tox/cpythonlibtest-unit-test-tests/lib/python3.10/site-packages/_pytest/fixtures.py", line 607, in _get_active_fixturedef
    self._compute_fixture_value(fixturedef)
  File "/workdir/sphinxcontrib-bibtex-2.5.0/.tox/cpythonlibtest-unit-test-tests/lib/python3.10/site-packages/_pytest/fixtures.py", line 693, in _compute_fixture_value
    fixturedef.execute(request=subrequest)
  File "/workdir/sphinxcontrib-bibtex-2.5.0/.tox/cpythonlibtest-unit-test-tests/lib/python3.10/site-packages/_pytest/fixtures.py", line 1069, in execute
    result = ihook.pytest_fixture_setup(fixturedef=self, request=request)
  File "/workdir/sphinxcontrib-bibtex-2.5.0/.tox/cpythonlibtest-unit-test-tests/lib/python3.10/site-packages/pluggy/_hooks.py", line 493, in __call__
    return self._hookexec(self.name, self._hookimpls, kwargs, firstresult)
  File "/workdir/sphinxcontrib-bibtex-2.5.0/.tox/cpythonlibtest-unit-test-tests/lib/python3.10/site-packages/pluggy/_manager.py", line 115, in _hookexec
    return self._inner_hookexec(hook_name, methods, kwargs, firstresult)
  File "/workdir/sphinxcontrib-bibtex-2.5.0/.tox/cpythonlibtest-unit-test-tests/lib/python3.10/site-packages/pluggy/_callers.py", line 152, in _multicall
    return outcome.get_result()
  File "/workdir/sphinxcontrib-bibtex-2.5.0/.tox/cpythonlibtest-unit-test-tests/lib/python3.10/site-packages/pluggy/_result.py", line 114, in get_result
    raise exc.with_traceback(exc.__traceback__)
  File "/workdir/sphinxcontrib-bibtex-2.5.0/.tox/cpythonlibtest-unit-test-tests/lib/python3.10/site-packages/pluggy/_callers.py", line 77, in _multicall
    res = hook_impl.function(*args)
  File "/workdir/sphinxcontrib-bibtex-2.5.0/.tox/cpythonlibtest-unit-test-tests/lib/python3.10/site-packages/_pytest/fixtures.py", line 1123, in pytest_fixture_setup
    result = call_fixture_func(fixturefunc, request, kwargs)
  File "/workdir/sphinxcontrib-bibtex-2.5.0/.tox/cpythonlibtest-unit-test-tests/lib/python3.10/site-packages/_pytest/fixtures.py", line 895, in call_fixture_func
    fixture_result = next(generator)
  File "/workdir/sphinxcontrib-bibtex-2.5.0/.tox/cpythonlibtest-unit-test-tests/lib/python3.10/site-packages/sphinx/testing/fixtures.py", line 139, in app
    app_ = make_app(*args, **kwargs)
  File "/workdir/sphinxcontrib-bibtex-2.5.0/.tox/cpythonlibtest-unit-test-tests/lib/python3.10/site-packages/sphinx/testing/fixtures.py", line 183, in make
    app_: Any = SphinxTestApp(*args, **kwargs)
  File "/workdir/sphinxcontrib-bibtex-2.5.0/.tox/cpythonlibtest-unit-test-tests/lib/python3.10/site-packages/sphinx/testing/util.py", line 120, in __init__
    super().__init__(srcdir, confdir, outdir, doctreedir,
  File "/workdir/sphinxcontrib-bibtex-2.5.0/.tox/cpythonlibtest-unit-test-tests/lib/python3.10/site-packages/sphinx/application.py", line 233, in __init__
    self.setup_extension(extension)
  File "/workdir/sphinxcontrib-bibtex-2.5.0/.tox/cpythonlibtest-unit-test-tests/lib/python3.10/site-packages/sphinx/application.py", line 406, in setup_extension
    self.registry.load_extension(self, extname)
  File "/workdir/sphinxcontrib-bibtex-2.5.0/.tox/cpythonlibtest-unit-test-tests/lib/python3.10/site-packages/sphinx/registry.py", line 450, in load_extension
    raise ExtensionError(__('Could not import extension %s') % extname,
sphinx.errors.ExtensionError: Could not import extension rinoh.frontend.sphinx (exception: No module named 'rinoh')</error></testcase><testcase classname="test.test_citation_rinoh" name="test_citation_rinoh_multidoc" time="0.012"><error message="failed on setup with &quot;sphinx.errors.ExtensionError: Could not import extension rinoh.frontend.sphinx (exception: No module named 'rinoh')&quot;">Traceback (most recent call last):
  File "/workdir/sphinxcontrib-bibtex-2.5.0/.tox/cpythonlibtest-unit-test-tests/lib/python3.10/site-packages/sphinx/registry.py", line 447, in load_extension
    mod = import_module(extname)
  File "/usr/local/lib/python3.10/importlib/__init__.py", line 126, in import_module
    return _bootstrap._gcd_import(name[level:], package, level)
  File "&lt;frozen importlib._bootstrap&gt;", line 1050, in _gcd_import
  File "&lt;frozen importlib._bootstrap&gt;", line 1027, in _find_and_load
  File "&lt;frozen importlib._bootstrap&gt;", line 992, in _find_and_load_unlocked
  File "&lt;frozen importlib._bootstrap&gt;", line 241, in _call_with_frames_removed
  File "&lt;frozen importlib._bootstrap&gt;", line 1050, in _gcd_import
  File "&lt;frozen importlib._bootstrap&gt;", line 1027, in _find_and_load
  File "&lt;frozen importlib._bootstrap&gt;", line 992, in _find_and_load_unlocked
  File "&lt;frozen importlib._bootstrap&gt;", line 241, in _call_with_frames_removed
  File "&lt;frozen importlib._bootstrap&gt;", line 1050, in _gcd_import
  File "&lt;frozen importlib._bootstrap&gt;", line 1027, in _find_and_load
  File "&lt;frozen importlib._bootstrap&gt;", line 1004, in _find_and_load_unlocked
ModuleNotFoundError: No module named 'rinoh'

The above exception was the direct cause of the following exception:

Traceback (most recent call last):
  File "/workdir/sphinxcontrib-bibtex-2.5.0/.tox/cpythonlibtest-unit-test-tests/lib/python3.10/site-packages/_pytest/runner.py", line 341, in from_call
    result: Optional[TResult] = func()
  File "/workdir/sphinxcontrib-bibtex-2.5.0/.tox/cpythonlibtest-unit-test-tests/lib/python3.10/site-packages/_pytest/runner.py", line 262, in &lt;lambda&gt;
    lambda: ihook(item=item, **kwds), when=when, reraise=reraise
  File "/workdir/sphinxcontrib-bibtex-2.5.0/.tox/cpythonlibtest-unit-test-tests/lib/python3.10/site-packages/pluggy/_hooks.py", line 493, in __call__
    return self._hookexec(self.name, self._hookimpls, kwargs, firstresult)
  File "/workdir/sphinxcontrib-bibtex-2.5.0/.tox/cpythonlibtest-unit-test-tests/lib/python3.10/site-packages/pluggy/_manager.py", line 115, in _hookexec
    return self._inner_hookexec(hook_name, methods, kwargs, firstresult)
  File "/workdir/sphinxcontrib-bibtex-2.5.0/.tox/cpythonlibtest-unit-test-tests/lib/python3.10/site-packages/pluggy/_callers.py", line 152, in _multicall
    return outcome.get_result()
  File "/workdir/sphinxcontrib-bibtex-2.5.0/.tox/cpythonlibtest-unit-test-tests/lib/python3.10/site-packages/pluggy/_result.py", line 114, in get_result
    raise exc.with_traceback(exc.__traceback__)
  File "/workdir/sphinxcontrib-bibtex-2.5.0/.tox/cpythonlibtest-unit-test-tests/lib/python3.10/site-packages/pluggy/_callers.py", line 77, in _multicall
    res = hook_impl.function(*args)
  File "/workdir/sphinxcontrib-bibtex-2.5.0/.tox/cpythonlibtest-unit-test-tests/lib/python3.10/site-packages/_pytest/runner.py", line 157, in pytest_runtest_setup
    item.session._setupstate.setup(item)
  File "/workdir/sphinxcontrib-bibtex-2.5.0/.tox/cpythonlibtest-unit-test-tests/lib/python3.10/site-packages/_pytest/runner.py", line 497, in setup
    raise exc
  File "/workdir/sphinxcontrib-bibtex-2.5.0/.tox/cpythonlibtest-unit-test-tests/lib/python3.10/site-packages/_pytest/runner.py", line 494, in setup
    col.setup()
  File "/workdir/sphinxcontrib-bibtex-2.5.0/.tox/cpythonlibtest-unit-test-tests/lib/python3.10/site-packages/_pytest/python.py", line 1795, in setup
    self._request._fillfixtures()
  File "/workdir/sphinxcontrib-bibtex-2.5.0/.tox/cpythonlibtest-unit-test-tests/lib/python3.10/site-packages/_pytest/fixtures.py", line 566, in _fillfixtures
    item.funcargs[argname] = self.getfixturevalue(argname)
  File "/workdir/sphinxcontrib-bibtex-2.5.0/.tox/cpythonlibtest-unit-test-tests/lib/python3.10/site-packages/_pytest/fixtures.py", line 585, in getfixturevalue
    fixturedef = self._get_active_fixturedef(argname)
  File "/workdir/sphinxcontrib-bibtex-2.5.0/.tox/cpythonlibtest-unit-test-tests/lib/python3.10/site-packages/_pytest/fixtures.py", line 607, in _get_active_fixturedef
    self._compute_fixture_value(fixturedef)
  File "/workdir/sphinxcontrib-bibtex-2.5.0/.tox/cpythonlibtest-unit-test-tests/lib/python3.10/site-packages/_pytest/fixtures.py", line 693, in _compute_fixture_value
    fixturedef.execute(request=subrequest)
  File "/workdir/sphinxcontrib-bibtex-2.5.0/.tox/cpythonlibtest-unit-test-tests/lib/python3.10/site-packages/_pytest/fixtures.py", line 1069, in execute
    result = ihook.pytest_fixture_setup(fixturedef=self, request=request)
  File "/workdir/sphinxcontrib-bibtex-2.5.0/.tox/cpythonlibtest-unit-test-tests/lib/python3.10/site-packages/pluggy/_hooks.py", line 493, in __call__
    return self._hookexec(self.name, self._hookimpls, kwargs, firstresult)
  File "/workdir/sphinxcontrib-bibtex-2.5.0/.tox/cpythonlibtest-unit-test-tests/lib/python3.10/site-packages/pluggy/_manager.py", line 115, in _hookexec
    return self._inner_hookexec(hook_name, methods, kwargs, firstresult)
  File "/workdir/sphinxcontrib-bibtex-2.5.0/.tox/cpythonlibtest-unit-test-tests/lib/python3.10/site-packages/pluggy/_callers.py", line 152, in _multicall
    return outcome.get_result()
  File "/workdir/sphinxcontrib-bibtex-2.5.0/.tox/cpythonlibtest-unit-test-tests/lib/python3.10/site-packages/pluggy/_result.py", line 114, in get_result
    raise exc.with_traceback(exc.__traceback__)
  File "/workdir/sphinxcontrib-bibtex-2.5.0/.tox/cpythonlibtest-unit-test-tests/lib/python3.10/site-packages/pluggy/_callers.py", line 77, in _multicall
    res = hook_impl.function(*args)
  File "/workdir/sphinxcontrib-bibtex-2.5.0/.tox/cpythonlibtest-unit-test-tests/lib/python3.10/site-packages/_pytest/fixtures.py", line 1123, in pytest_fixture_setup
    result = call_fixture_func(fixturefunc, request, kwargs)
  File "/workdir/sphinxcontrib-bibtex-2.5.0/.tox/cpythonlibtest-unit-test-tests/lib/python3.10/site-packages/_pytest/fixtures.py", line 895, in call_fixture_func
    fixture_result = next(generator)
  File "/workdir/sphinxcontrib-bibtex-2.5.0/.tox/cpythonlibtest-unit-test-tests/lib/python3.10/site-packages/sphinx/testing/fixtures.py", line 139, in app
    app_ = make_app(*args, **kwargs)
  File "/workdir/sphinxcontrib-bibtex-2.5.0/.tox/cpythonlibtest-unit-test-tests/lib/python3.10/site-packages/sphinx/testing/fixtures.py", line 183, in make
    app_: Any = SphinxTestApp(*args, **kwargs)
  File "/workdir/sphinxcontrib-bibtex-2.5.0/.tox/cpythonlibtest-unit-test-tests/lib/python3.10/site-packages/sphinx/testing/util.py", line 120, in __init__
    super().__init__(srcdir, confdir, outdir, doctreedir,
  File "/workdir/sphinxcontrib-bibtex-2.5.0/.tox/cpythonlibtest-unit-test-tests/lib/python3.10/site-packages/sphinx/application.py", line 233, in __init__
    self.setup_extension(extension)
  File "/workdir/sphinxcontrib-bibtex-2.5.0/.tox/cpythonlibtest-unit-test-tests/lib/python3.10/site-packages/sphinx/application.py", line 406, in setup_extension
    self.registry.load_extension(self, extname)
  File "/workdir/sphinxcontrib-bibtex-2.5.0/.tox/cpythonlibtest-unit-test-tests/lib/python3.10/site-packages/sphinx/registry.py", line 450, in load_extension
    raise ExtensionError(__('Could not import extension %s') % extname,
sphinx.errors.ExtensionError: Could not import extension rinoh.frontend.sphinx (exception: No module named 'rinoh')</error></testcase><testcase classname="test.test_debug" name="test_debug_docutils_citation" time="0.021" /><testcase classname="test.test_debug" name="test_debug_bibtex_citation" time="0.028" /><testcase classname="test.test_debug" name="test_rebuild_empty_outdir" time="0.116"><failure message="AttributeError: 'PosixPath' has no attribute 'rmtree'">Traceback (most recent call last):
  File "/workdir/sphinxcontrib-bibtex-2.5.0/.tox/cpythonlibtest-unit-test-tests/lib/python3.10/site-packages/_pytest/runner.py", line 341, in from_call
    result: Optional[TResult] = func()
  File "/workdir/sphinxcontrib-bibtex-2.5.0/.tox/cpythonlibtest-unit-test-tests/lib/python3.10/site-packages/_pytest/runner.py", line 262, in &lt;lambda&gt;
    lambda: ihook(item=item, **kwds), when=when, reraise=reraise
  File "/workdir/sphinxcontrib-bibtex-2.5.0/.tox/cpythonlibtest-unit-test-tests/lib/python3.10/site-packages/pluggy/_hooks.py", line 493, in __call__
    return self._hookexec(self.name, self._hookimpls, kwargs, firstresult)
  File "/workdir/sphinxcontrib-bibtex-2.5.0/.tox/cpythonlibtest-unit-test-tests/lib/python3.10/site-packages/pluggy/_manager.py", line 115, in _hookexec
    return self._inner_hookexec(hook_name, methods, kwargs, firstresult)
  File "/workdir/sphinxcontrib-bibtex-2.5.0/.tox/cpythonlibtest-unit-test-tests/lib/python3.10/site-packages/pluggy/_callers.py", line 152, in _multicall
    return outcome.get_result()
  File "/workdir/sphinxcontrib-bibtex-2.5.0/.tox/cpythonlibtest-unit-test-tests/lib/python3.10/site-packages/pluggy/_result.py", line 114, in get_result
    raise exc.with_traceback(exc.__traceback__)
  File "/workdir/sphinxcontrib-bibtex-2.5.0/.tox/cpythonlibtest-unit-test-tests/lib/python3.10/site-packages/pluggy/_callers.py", line 77, in _multicall
    res = hook_impl.function(*args)
  File "/workdir/sphinxcontrib-bibtex-2.5.0/.tox/cpythonlibtest-unit-test-tests/lib/python3.10/site-packages/_pytest/runner.py", line 177, in pytest_runtest_call
    raise e
  File "/workdir/sphinxcontrib-bibtex-2.5.0/.tox/cpythonlibtest-unit-test-tests/lib/python3.10/site-packages/_pytest/runner.py", line 169, in pytest_runtest_call
    item.runtest()
  File "/workdir/sphinxcontrib-bibtex-2.5.0/.tox/cpythonlibtest-unit-test-tests/lib/python3.10/site-packages/_pytest/python.py", line 1792, in runtest
    self.ihook.pytest_pyfunc_call(pyfuncitem=self)
  File "/workdir/sphinxcontrib-bibtex-2.5.0/.tox/cpythonlibtest-unit-test-tests/lib/python3.10/site-packages/pluggy/_hooks.py", line 493, in __call__
    return self._hookexec(self.name, self._hookimpls, kwargs, firstresult)
  File "/workdir/sphinxcontrib-bibtex-2.5.0/.tox/cpythonlibtest-unit-test-tests/lib/python3.10/site-packages/pluggy/_manager.py", line 115, in _hookexec
    return self._inner_hookexec(hook_name, methods, kwargs, firstresult)
  File "/workdir/sphinxcontrib-bibtex-2.5.0/.tox/cpythonlibtest-unit-test-tests/lib/python3.10/site-packages/pluggy/_callers.py", line 113, in _multicall
    raise exception.with_traceback(exception.__traceback__)
  File "/workdir/sphinxcontrib-bibtex-2.5.0/.tox/cpythonlibtest-unit-test-tests/lib/python3.10/site-packages/pluggy/_callers.py", line 77, in _multicall
    res = hook_impl.function(*args)
  File "/workdir/sphinxcontrib-bibtex-2.5.0/.tox/cpythonlibtest-unit-test-tests/lib/python3.10/site-packages/_pytest/python.py", line 194, in pytest_pyfunc_call
    result = testfunction(**testargs)
  File "/workdir/sphinxcontrib-bibtex-2.5.0/test/test_debug.py", line 61, in test_rebuild_empty_outdir
    app0.outdir.rmtree()
  File "/workdir/sphinxcontrib-bibtex-2.5.0/.tox/cpythonlibtest-unit-test-tests/lib/python3.10/site-packages/sphinx/util/_pathlib.py", line 82, in __getattr__
    raise AttributeError(msg)
AttributeError: 'PosixPath' has no attribute 'rmtree'</failure></testcase><testcase classname="test.test_debug" name="test_debug_minimal_example" time="0.033" /><testcase classname="test.test_duplicate" name="test_duplicate_label" time="0.154" /><testcase classname="test.test_duplicate" name="test_duplicate_citation" time="0.151" /><testcase classname="test.test_duplicate" name="test_duplicate_nearly_identical_entries" time="0.146" /><testcase classname="test.test_duplicate" name="test_duplicate_nearly_identical_keys_1" time="0.142" /><testcase classname="test.test_duplicate" name="test_duplicate_nearly_identical_keys_2" time="0.136" /><testcase classname="test.test_duplicate" name="test_duplicate_citation_id" time="0.140" /><testcase classname="test.test_filter" name="test_filter" time="0.307" /><testcase classname="test.test_filter" name="test_filter_fix_author_keyerror" time="0.133" /><testcase classname="test.test_filter" name="test_filter_option_clash" time="0.209" /><testcase classname="test.test_filter" name="test_filter_syntax_error" time="0.145" /><testcase classname="test.test_footcite" name="test_footcite_roles" time="0.101" /><testcase classname="test.test_footcite" name="test_footcite_style_custom" time="0.102" /><testcase classname="test.test_latex" name="test_latex_refs" time="0.073" /><testcase classname="test.test_latex" name="test_latex_multidoc" time="0.059" /><testcase classname="test.test_list" name="test_list_citation" time="0.138" /><testcase classname="test.test_list" name="test_list_bullet" time="0.139" /><testcase classname="test.test_list" name="test_list_enumerated" time="0.164" /><testcase classname="test.test_list" name="test_list_invalid" time="0.130" /><testcase classname="test.test_natbib" name="test_natbib" time="0.452" /><testcase classname="test.test_natbib" name="test_natbib_latex" time="0.083" /><testcase classname="test.test_natbib" name="test_natbib_keynotfound" time="0.122" /><testcase classname="test.test_natbib" name="test_natbib_norefs" time="0.124" /><testcase classname="test.test_natbib" name="test_natbib_citation_transform_str_repr" time="0.001" /><testcase classname="test.test_natbib" name="test_natbib_conf" time="0.023" /><testcase classname="test.test_numpydoc" name="test_numpydoc" time="0.011"><error message="failed on setup with &quot;sphinx.errors.ExtensionError: Could not import extension numpydoc (exception: No module named 'numpydoc')&quot;">Traceback (most recent call last):
  File "/workdir/sphinxcontrib-bibtex-2.5.0/.tox/cpythonlibtest-unit-test-tests/lib/python3.10/site-packages/sphinx/registry.py", line 447, in load_extension
    mod = import_module(extname)
  File "/usr/local/lib/python3.10/importlib/__init__.py", line 126, in import_module
    return _bootstrap._gcd_import(name[level:], package, level)
  File "&lt;frozen importlib._bootstrap&gt;", line 1050, in _gcd_import
  File "&lt;frozen importlib._bootstrap&gt;", line 1027, in _find_and_load
  File "&lt;frozen importlib._bootstrap&gt;", line 1004, in _find_and_load_unlocked
ModuleNotFoundError: No module named 'numpydoc'

The above exception was the direct cause of the following exception:

Traceback (most recent call last):
  File "/workdir/sphinxcontrib-bibtex-2.5.0/.tox/cpythonlibtest-unit-test-tests/lib/python3.10/site-packages/_pytest/runner.py", line 341, in from_call
    result: Optional[TResult] = func()
  File "/workdir/sphinxcontrib-bibtex-2.5.0/.tox/cpythonlibtest-unit-test-tests/lib/python3.10/site-packages/_pytest/runner.py", line 262, in &lt;lambda&gt;
    lambda: ihook(item=item, **kwds), when=when, reraise=reraise
  File "/workdir/sphinxcontrib-bibtex-2.5.0/.tox/cpythonlibtest-unit-test-tests/lib/python3.10/site-packages/pluggy/_hooks.py", line 493, in __call__
    return self._hookexec(self.name, self._hookimpls, kwargs, firstresult)
  File "/workdir/sphinxcontrib-bibtex-2.5.0/.tox/cpythonlibtest-unit-test-tests/lib/python3.10/site-packages/pluggy/_manager.py", line 115, in _hookexec
    return self._inner_hookexec(hook_name, methods, kwargs, firstresult)
  File "/workdir/sphinxcontrib-bibtex-2.5.0/.tox/cpythonlibtest-unit-test-tests/lib/python3.10/site-packages/pluggy/_callers.py", line 152, in _multicall
    return outcome.get_result()
  File "/workdir/sphinxcontrib-bibtex-2.5.0/.tox/cpythonlibtest-unit-test-tests/lib/python3.10/site-packages/pluggy/_result.py", line 114, in get_result
    raise exc.with_traceback(exc.__traceback__)
  File "/workdir/sphinxcontrib-bibtex-2.5.0/.tox/cpythonlibtest-unit-test-tests/lib/python3.10/site-packages/pluggy/_callers.py", line 77, in _multicall
    res = hook_impl.function(*args)
  File "/workdir/sphinxcontrib-bibtex-2.5.0/.tox/cpythonlibtest-unit-test-tests/lib/python3.10/site-packages/_pytest/runner.py", line 157, in pytest_runtest_setup
    item.session._setupstate.setup(item)
  File "/workdir/sphinxcontrib-bibtex-2.5.0/.tox/cpythonlibtest-unit-test-tests/lib/python3.10/site-packages/_pytest/runner.py", line 497, in setup
    raise exc
  File "/workdir/sphinxcontrib-bibtex-2.5.0/.tox/cpythonlibtest-unit-test-tests/lib/python3.10/site-packages/_pytest/runner.py", line 494, in setup
    col.setup()
  File "/workdir/sphinxcontrib-bibtex-2.5.0/.tox/cpythonlibtest-unit-test-tests/lib/python3.10/site-packages/_pytest/python.py", line 1795, in setup
    self._request._fillfixtures()
  File "/workdir/sphinxcontrib-bibtex-2.5.0/.tox/cpythonlibtest-unit-test-tests/lib/python3.10/site-packages/_pytest/fixtures.py", line 566, in _fillfixtures
    item.funcargs[argname] = self.getfixturevalue(argname)
  File "/workdir/sphinxcontrib-bibtex-2.5.0/.tox/cpythonlibtest-unit-test-tests/lib/python3.10/site-packages/_pytest/fixtures.py", line 585, in getfixturevalue
    fixturedef = self._get_active_fixturedef(argname)
  File "/workdir/sphinxcontrib-bibtex-2.5.0/.tox/cpythonlibtest-unit-test-tests/lib/python3.10/site-packages/_pytest/fixtures.py", line 607, in _get_active_fixturedef
    self._compute_fixture_value(fixturedef)
  File "/workdir/sphinxcontrib-bibtex-2.5.0/.tox/cpythonlibtest-unit-test-tests/lib/python3.10/site-packages/_pytest/fixtures.py", line 693, in _compute_fixture_value
    fixturedef.execute(request=subrequest)
  File "/workdir/sphinxcontrib-bibtex-2.5.0/.tox/cpythonlibtest-unit-test-tests/lib/python3.10/site-packages/_pytest/fixtures.py", line 1069, in execute
    result = ihook.pytest_fixture_setup(fixturedef=self, request=request)
  File "/workdir/sphinxcontrib-bibtex-2.5.0/.tox/cpythonlibtest-unit-test-tests/lib/python3.10/site-packages/pluggy/_hooks.py", line 493, in __call__
    return self._hookexec(self.name, self._hookimpls, kwargs, firstresult)
  File "/workdir/sphinxcontrib-bibtex-2.5.0/.tox/cpythonlibtest-unit-test-tests/lib/python3.10/site-packages/pluggy/_manager.py", line 115, in _hookexec
    return self._inner_hookexec(hook_name, methods, kwargs, firstresult)
  File "/workdir/sphinxcontrib-bibtex-2.5.0/.tox/cpythonlibtest-unit-test-tests/lib/python3.10/site-packages/pluggy/_callers.py", line 152, in _multicall
    return outcome.get_result()
  File "/workdir/sphinxcontrib-bibtex-2.5.0/.tox/cpythonlibtest-unit-test-tests/lib/python3.10/site-packages/pluggy/_result.py", line 114, in get_result
    raise exc.with_traceback(exc.__traceback__)
  File "/workdir/sphinxcontrib-bibtex-2.5.0/.tox/cpythonlibtest-unit-test-tests/lib/python3.10/site-packages/pluggy/_callers.py", line 77, in _multicall
    res = hook_impl.function(*args)
  File "/workdir/sphinxcontrib-bibtex-2.5.0/.tox/cpythonlibtest-unit-test-tests/lib/python3.10/site-packages/_pytest/fixtures.py", line 1123, in pytest_fixture_setup
    result = call_fixture_func(fixturefunc, request, kwargs)
  File "/workdir/sphinxcontrib-bibtex-2.5.0/.tox/cpythonlibtest-unit-test-tests/lib/python3.10/site-packages/_pytest/fixtures.py", line 895, in call_fixture_func
    fixture_result = next(generator)
  File "/workdir/sphinxcontrib-bibtex-2.5.0/.tox/cpythonlibtest-unit-test-tests/lib/python3.10/site-packages/sphinx/testing/fixtures.py", line 139, in app
    app_ = make_app(*args, **kwargs)
  File "/workdir/sphinxcontrib-bibtex-2.5.0/.tox/cpythonlibtest-unit-test-tests/lib/python3.10/site-packages/sphinx/testing/fixtures.py", line 183, in make
    app_: Any = SphinxTestApp(*args, **kwargs)
  File "/workdir/sphinxcontrib-bibtex-2.5.0/.tox/cpythonlibtest-unit-test-tests/lib/python3.10/site-packages/sphinx/testing/util.py", line 120, in __init__
    super().__init__(srcdir, confdir, outdir, doctreedir,
  File "/workdir/sphinxcontrib-bibtex-2.5.0/.tox/cpythonlibtest-unit-test-tests/lib/python3.10/site-packages/sphinx/application.py", line 233, in __init__
    self.setup_extension(extension)
  File "/workdir/sphinxcontrib-bibtex-2.5.0/.tox/cpythonlibtest-unit-test-tests/lib/python3.10/site-packages/sphinx/application.py", line 406, in setup_extension
    self.registry.load_extension(self, extname)
  File "/workdir/sphinxcontrib-bibtex-2.5.0/.tox/cpythonlibtest-unit-test-tests/lib/python3.10/site-packages/sphinx/registry.py", line 450, in load_extension
    raise ExtensionError(__('Could not import extension %s') % extname,
sphinx.errors.ExtensionError: Could not import extension numpydoc (exception: No module named 'numpydoc')</error></testcase><testcase classname="test.test_parallel" name="test_parallel" time="0.873"><failure message="AttributeError: 'PosixPath' has no attribute 'utime'">Traceback (most recent call last):
  File "/workdir/sphinxcontrib-bibtex-2.5.0/.tox/cpythonlibtest-unit-test-tests/lib/python3.10/site-packages/_pytest/runner.py", line 341, in from_call
    result: Optional[TResult] = func()
  File "/workdir/sphinxcontrib-bibtex-2.5.0/.tox/cpythonlibtest-unit-test-tests/lib/python3.10/site-packages/_pytest/runner.py", line 262, in &lt;lambda&gt;
    lambda: ihook(item=item, **kwds), when=when, reraise=reraise
  File "/workdir/sphinxcontrib-bibtex-2.5.0/.tox/cpythonlibtest-unit-test-tests/lib/python3.10/site-packages/pluggy/_hooks.py", line 493, in __call__
    return self._hookexec(self.name, self._hookimpls, kwargs, firstresult)
  File "/workdir/sphinxcontrib-bibtex-2.5.0/.tox/cpythonlibtest-unit-test-tests/lib/python3.10/site-packages/pluggy/_manager.py", line 115, in _hookexec
    return self._inner_hookexec(hook_name, methods, kwargs, firstresult)
  File "/workdir/sphinxcontrib-bibtex-2.5.0/.tox/cpythonlibtest-unit-test-tests/lib/python3.10/site-packages/pluggy/_callers.py", line 152, in _multicall
    return outcome.get_result()
  File "/workdir/sphinxcontrib-bibtex-2.5.0/.tox/cpythonlibtest-unit-test-tests/lib/python3.10/site-packages/pluggy/_result.py", line 114, in get_result
    raise exc.with_traceback(exc.__traceback__)
  File "/workdir/sphinxcontrib-bibtex-2.5.0/.tox/cpythonlibtest-unit-test-tests/lib/python3.10/site-packages/pluggy/_callers.py", line 77, in _multicall
    res = hook_impl.function(*args)
  File "/workdir/sphinxcontrib-bibtex-2.5.0/.tox/cpythonlibtest-unit-test-tests/lib/python3.10/site-packages/_pytest/runner.py", line 177, in pytest_runtest_call
    raise e
  File "/workdir/sphinxcontrib-bibtex-2.5.0/.tox/cpythonlibtest-unit-test-tests/lib/python3.10/site-packages/_pytest/runner.py", line 169, in pytest_runtest_call
    item.runtest()
  File "/workdir/sphinxcontrib-bibtex-2.5.0/.tox/cpythonlibtest-unit-test-tests/lib/python3.10/site-packages/_pytest/python.py", line 1792, in runtest
    self.ihook.pytest_pyfunc_call(pyfuncitem=self)
  File "/workdir/sphinxcontrib-bibtex-2.5.0/.tox/cpythonlibtest-unit-test-tests/lib/python3.10/site-packages/pluggy/_hooks.py", line 493, in __call__
    return self._hookexec(self.name, self._hookimpls, kwargs, firstresult)
  File "/workdir/sphinxcontrib-bibtex-2.5.0/.tox/cpythonlibtest-unit-test-tests/lib/python3.10/site-packages/pluggy/_manager.py", line 115, in _hookexec
    return self._inner_hookexec(hook_name, methods, kwargs, firstresult)
  File "/workdir/sphinxcontrib-bibtex-2.5.0/.tox/cpythonlibtest-unit-test-tests/lib/python3.10/site-packages/pluggy/_callers.py", line 113, in _multicall
    raise exception.with_traceback(exception.__traceback__)
  File "/workdir/sphinxcontrib-bibtex-2.5.0/.tox/cpythonlibtest-unit-test-tests/lib/python3.10/site-packages/pluggy/_callers.py", line 77, in _multicall
    res = hook_impl.function(*args)
  File "/workdir/sphinxcontrib-bibtex-2.5.0/.tox/cpythonlibtest-unit-test-tests/lib/python3.10/site-packages/_pytest/python.py", line 194, in pytest_pyfunc_call
    result = testfunction(**testargs)
  File "/workdir/sphinxcontrib-bibtex-2.5.0/test/test_parallel.py", line 24, in test_parallel
    (app0.srcdir / rstname).utime((mtime + 5, mtime + 5))
  File "/workdir/sphinxcontrib-bibtex-2.5.0/.tox/cpythonlibtest-unit-test-tests/lib/python3.10/site-packages/sphinx/util/_pathlib.py", line 82, in __getattr__
    raise AttributeError(msg)
AttributeError: 'PosixPath' has no attribute 'utime'</failure></testcase><testcase classname="test.test_plugin" name="test_plugin_bad_group" time="0.001" /><testcase classname="test.test_plugin" name="test_plugin_register_not_forced" time="0.005" /><testcase classname="test.test_plugin" name="test_plugin_register_forced" time="0.002" /><testcase classname="test.test_root_doc" name="test_root_doc" time="0.034" /><testcase classname="test.test_sphinx" name="test_sphinx" time="0.277" /><testcase classname="test.test_style" name="test_style_names_last" time="0.004" /><testcase classname="test.test_style" name="test_style_names" time="0.003" /><testcase classname="test.test_style" name="test_style_names_no_author" time="0.000" /><testcase classname="test.test_style" name="test_simple_reference_style" time="0.005" /><testcase classname="test.test_style" name="test_super_coverage" time="0.004" /><testcase classname="test.test_template" name="test_join" time="0.001" /><testcase classname="test.test_template" name="test_sentence" time="0.007" /></testsuite></testsuites>