GLOB sdist-make: /workdir/sphinxcontrib-bibtex-2.5.0/setup.py
cpythonlibtest-unit-test-tests create: /workdir/sphinxcontrib-bibtex-2.5.0/.tox/cpythonlibtest-unit-test-tests
cpythonlibtest-unit-test-tests installdeps: mock, pytest, -rrequirements.txt
cpythonlibtest-unit-test-tests inst: /workdir/sphinxcontrib-bibtex-2.5.0/.tox/.tmp/package/1/sphinxcontrib-bibtex-2.5.0.zip
cpythonlibtest-unit-test-tests installed: alabaster==0.7.13,Babel==2.13.1,certifi==2023.11.17,charset-normalizer==3.3.2,docutils==0.20.1,exceptiongroup==1.2.0,idna==3.6,imagesize==1.4.1,iniconfig==2.0.0,Jinja2==3.1.2,latexcodec==2.0.1,MarkupSafe==2.1.3,mock==5.1.0,packaging==23.2,pluggy==1.3.0,pybtex==0.24.0,pybtex-docutils==1.0.3,Pygments==2.17.2,pytest==7.4.3,PyYAML==6.0.1,requests==2.31.0,six==1.16.0,snowballstemmer==2.2.0,Sphinx==7.2.6,sphinxcontrib-applehelp==1.0.7,sphinxcontrib-bibtex @ file:///workdir/sphinxcontrib-bibtex-2.5.0/.tox/.tmp/package/1/sphinxcontrib-bibtex-2.5.0.zip#sha256=59241f5af512c420f98b1a664b264feed8274637232b876fcd719aa06fef60c7,sphinxcontrib-devhelp==1.0.5,sphinxcontrib-htmlhelp==2.0.4,sphinxcontrib-jsmath==1.0.1,sphinxcontrib-qthelp==1.0.6,sphinxcontrib-serializinghtml==1.1.9,tomli==2.0.1,urllib3==2.1.0
cpythonlibtest-unit-test-tests run-test-pre: PYTHONHASHSEED='322470690'
cpythonlibtest-unit-test-tests run-test: commands[0] | pytest -v --tb=native --junitxml /workdir/results/sphinxcontrib-bibtex/2.5.0/1/cpython-test-results.xml
============================= test session starts ==============================
platform linux -- Python 3.10.8, pytest-7.4.3, pluggy-1.3.0 -- /workdir/sphinxcontrib-bibtex-2.5.0/.tox/cpythonlibtest-unit-test-tests/bin/python
cachedir: .tox/cpythonlibtest-unit-test-tests/.pytest_cache
rootdir: /workdir/sphinxcontrib-bibtex-2.5.0
configfile: pytest.ini
testpaths: test
collecting ... collected 92 items

test/test_autodoc.py::test_some_module PASSED                            [  1%]
test/test_autodoc.py::test_autodoc FAILED                                [  2%]
test/test_autodoc.py::test_autodoc_viewcode PASSED                       [  3%]
test/test_backrefs.py::test_backrefs PASSED                              [  4%]
test/test_bibfiles.py::test_bibfiles_out_of_date PASSED                  [  5%]
test/test_bibfiles.py::test_bibfiles_not_found PASSED                    [  6%]
test/test_bibfiles.py::test_bibfiles_missing_conf PASSED                 [  7%]
test/test_bibfiles.py::test_bibfiles_encoding PASSED                     [  8%]
test/test_bibfiles.py::test_bibfiles_encoding_bad PASSED                 [  9%]
test/test_bibfiles.py::test_bibfiles_encoding_invalid PASSED             [ 10%]
test/test_bibfiles.py::test_bibfiles_subfolder PASSED                    [ 11%]
test/test_bibfiles.py::test_bibfiles_multiple_macros PASSED              [ 13%]
test/test_bibfiles.py::test_bibfiles_multiple_keys PASSED                [ 14%]
test/test_bibliography.py::test_bibliography_empty PASSED                [ 15%]
test/test_bibliography.py::test_bibliography_header PASSED               [ 16%]
test/test_bibliography.py::test_bibliography_empty_no_header PASSED      [ 17%]
test/test_bibliography.py::test_bibliography_style_default PASSED        [ 18%]
test/test_bibliography.py::test_bibliography_style_label_1 PASSED        [ 19%]
test/test_bibliography.py::test_bibliography_style_label_2 PASSED        [ 20%]
test/test_bibliography.py::test_bibliography_style_nowebref PASSED       [ 21%]
test/test_bibliography.py::test_bibliography_bad_option PASSED           [ 22%]
test/test_bibliography.py::test_bibliography_key_prefix PASSED           [ 23%]
test/test_bibliography.py::test_bibliography_label_prefix_1 PASSED       [ 25%]
test/test_bibliography.py::test_bibliography_label_prefix_2 PASSED       [ 26%]
test/test_bibliography.py::test_bibliography_order_unsorted PASSED       [ 27%]
test/test_bibliography.py::test_bibliography_multi_foot FAILED           [ 28%]
test/test_bibliography.py::test_bibliography_missing_field PASSED        [ 29%]
test/test_bibliography.py::test_bibliography_content PASSED              [ 30%]
test/test_bibliography.py::test_bibliography_bad_key PASSED              [ 31%]
test/test_bibliography.py::test_bibliography_url PASSED                  [ 32%]
test/test_bibliography.py::test_bibliography_custom_ids FAILED           [ 33%]
test/test_citation.py::test_citation_not_found PASSED                    [ 34%]
test/test_citation.py::test_citation_mixed PASSED                        [ 35%]
test/test_citation.py::test_citation_multiple_keys PASSED                [ 36%]
test/test_citation.py::test_citation_any_role PASSED                     [ 38%]
test/test_citation.py::test_citation_no_author_no_key PASSED             [ 39%]
test/test_citation.py::test_citation_whitespace PASSED                   [ 40%]
test/test_citation.py::test_citation_from_orphan PASSED                  [ 41%]
test/test_citation.py::test_citation_roles_label PASSED                  [ 42%]
test/test_citation.py::test_citation_roles_authoryear PASSED             [ 43%]
test/test_citation.py::test_citation_roles_super PASSED                  [ 44%]
test/test_citation.py::test_citation_style_invalid PASSED                [ 45%]
test/test_citation.py::test_citation_style_custom PASSED                 [ 46%]
test/test_citation.py::test_citation_style_round_brackets PASSED         [ 47%]
test/test_citation.py::test_citation_toctree PASSED                      [ 48%]
test/test_citation.py::test_citation_tooltip PASSED                      [ 50%]
test/test_citation.py::test_citation_tooltip2 PASSED                     [ 51%]
test/test_citation.py::test_citation_tooltip3 PASSED                     [ 52%]
test/test_citation_rinoh.py::test_citation_rinoh ERROR                   [ 53%]
test/test_citation_rinoh.py::test_citation_rinoh_multidoc ERROR          [ 54%]
test/test_debug.py::test_debug_docutils_citation PASSED                  [ 55%]
test/test_debug.py::test_debug_bibtex_citation PASSED                    [ 56%]
test/test_debug.py::test_rebuild_empty_outdir FAILED                     [ 57%]
test/test_debug.py::test_debug_minimal_example PASSED                    [ 58%]
test/test_duplicate.py::test_duplicate_label PASSED                      [ 59%]
test/test_duplicate.py::test_duplicate_citation PASSED                   [ 60%]
test/test_duplicate.py::test_duplicate_nearly_identical_entries PASSED   [ 61%]
test/test_duplicate.py::test_duplicate_nearly_identical_keys_1 PASSED    [ 63%]
test/test_duplicate.py::test_duplicate_nearly_identical_keys_2 PASSED    [ 64%]
test/test_duplicate.py::test_duplicate_citation_id PASSED                [ 65%]
test/test_filter.py::test_filter PASSED                                  [ 66%]
test/test_filter.py::test_filter_fix_author_keyerror PASSED              [ 67%]
test/test_filter.py::test_filter_option_clash PASSED                     [ 68%]
test/test_filter.py::test_filter_syntax_error PASSED                     [ 69%]
test/test_footcite.py::test_footcite_roles PASSED                        [ 70%]
test/test_footcite.py::test_footcite_style_custom PASSED                 [ 71%]
test/test_latex.py::test_latex_refs PASSED                               [ 72%]
test/test_latex.py::test_latex_multidoc PASSED                           [ 73%]
test/test_list.py::test_list_citation PASSED                             [ 75%]
test/test_list.py::test_list_bullet PASSED                               [ 76%]
test/test_list.py::test_list_enumerated PASSED                           [ 77%]
test/test_list.py::test_list_invalid PASSED                              [ 78%]
test/test_natbib.py::test_natbib PASSED                                  [ 79%]
test/test_natbib.py::test_natbib_latex PASSED                            [ 80%]
test/test_natbib.py::test_natbib_keynotfound PASSED                      [ 81%]
test/test_natbib.py::test_natbib_norefs PASSED                           [ 82%]
test/test_natbib.py::test_natbib_citation_transform_str_repr PASSED      [ 83%]
test/test_natbib.py::test_natbib_conf PASSED                             [ 84%]
test/test_numpydoc.py::test_numpydoc ERROR                               [ 85%]
test/test_parallel.py::test_parallel FAILED                              [ 86%]
test/test_plugin.py::test_plugin_bad_group PASSED                        [ 88%]
test/test_plugin.py::test_plugin_register_not_forced PASSED              [ 89%]
test/test_plugin.py::test_plugin_register_forced PASSED                  [ 90%]
test/test_root_doc.py::test_root_doc PASSED                              [ 91%]
test/test_sphinx.py::test_sphinx PASSED                                  [ 92%]
test/test_style.py::test_style_names_last PASSED                         [ 93%]
test/test_style.py::test_style_names PASSED                              [ 94%]
test/test_style.py::test_style_names_no_author PASSED                    [ 95%]
test/test_style.py::test_simple_reference_style PASSED                   [ 96%]
test/test_style.py::test_super_coverage PASSED                           [ 97%]
test/test_template.py::test_join PASSED                                  [ 98%]
test/test_template.py::test_sentence PASSED                              [100%]

==================================== ERRORS ====================================
____________________ ERROR at setup of test_citation_rinoh _____________________
Traceback (most recent call last):
  File "/workdir/sphinxcontrib-bibtex-2.5.0/.tox/cpythonlibtest-unit-test-tests/lib/python3.10/site-packages/sphinx/registry.py", line 447, in load_extension
    mod = import_module(extname)
  File "/usr/local/lib/python3.10/importlib/__init__.py", line 126, in import_module
    return _bootstrap._gcd_import(name[level:], package, level)
  File "<frozen importlib._bootstrap>", line 1050, in _gcd_import
  File "<frozen importlib._bootstrap>", line 1027, in _find_and_load
  File "<frozen importlib._bootstrap>", line 992, in _find_and_load_unlocked
  File "<frozen importlib._bootstrap>", line 241, in _call_with_frames_removed
  File "<frozen importlib._bootstrap>", line 1050, in _gcd_import
  File "<frozen importlib._bootstrap>", line 1027, in _find_and_load
  File "<frozen importlib._bootstrap>", line 992, in _find_and_load_unlocked
  File "<frozen importlib._bootstrap>", line 241, in _call_with_frames_removed
  File "<frozen importlib._bootstrap>", line 1050, in _gcd_import
  File "<frozen importlib._bootstrap>", line 1027, in _find_and_load
  File "<frozen importlib._bootstrap>", line 1004, in _find_and_load_unlocked
ModuleNotFoundError: No module named 'rinoh'

The above exception was the direct cause of the following exception:

Traceback (most recent call last):
  File "/workdir/sphinxcontrib-bibtex-2.5.0/.tox/cpythonlibtest-unit-test-tests/lib/python3.10/site-packages/_pytest/runner.py", line 341, in from_call
    result: Optional[TResult] = func()
  File "/workdir/sphinxcontrib-bibtex-2.5.0/.tox/cpythonlibtest-unit-test-tests/lib/python3.10/site-packages/_pytest/runner.py", line 262, in <lambda>
    lambda: ihook(item=item, **kwds), when=when, reraise=reraise
  File "/workdir/sphinxcontrib-bibtex-2.5.0/.tox/cpythonlibtest-unit-test-tests/lib/python3.10/site-packages/pluggy/_hooks.py", line 493, in __call__
    return self._hookexec(self.name, self._hookimpls, kwargs, firstresult)
  File "/workdir/sphinxcontrib-bibtex-2.5.0/.tox/cpythonlibtest-unit-test-tests/lib/python3.10/site-packages/pluggy/_manager.py", line 115, in _hookexec
    return self._inner_hookexec(hook_name, methods, kwargs, firstresult)
  File "/workdir/sphinxcontrib-bibtex-2.5.0/.tox/cpythonlibtest-unit-test-tests/lib/python3.10/site-packages/pluggy/_callers.py", line 152, in _multicall
    return outcome.get_result()
  File "/workdir/sphinxcontrib-bibtex-2.5.0/.tox/cpythonlibtest-unit-test-tests/lib/python3.10/site-packages/pluggy/_result.py", line 114, in get_result
    raise exc.with_traceback(exc.__traceback__)
  File "/workdir/sphinxcontrib-bibtex-2.5.0/.tox/cpythonlibtest-unit-test-tests/lib/python3.10/site-packages/pluggy/_callers.py", line 77, in _multicall
    res = hook_impl.function(*args)
  File "/workdir/sphinxcontrib-bibtex-2.5.0/.tox/cpythonlibtest-unit-test-tests/lib/python3.10/site-packages/_pytest/runner.py", line 157, in pytest_runtest_setup
    item.session._setupstate.setup(item)
  File "/workdir/sphinxcontrib-bibtex-2.5.0/.tox/cpythonlibtest-unit-test-tests/lib/python3.10/site-packages/_pytest/runner.py", line 497, in setup
    raise exc
  File "/workdir/sphinxcontrib-bibtex-2.5.0/.tox/cpythonlibtest-unit-test-tests/lib/python3.10/site-packages/_pytest/runner.py", line 494, in setup
    col.setup()
  File "/workdir/sphinxcontrib-bibtex-2.5.0/.tox/cpythonlibtest-unit-test-tests/lib/python3.10/site-packages/_pytest/python.py", line 1795, in setup
    self._request._fillfixtures()
  File "/workdir/sphinxcontrib-bibtex-2.5.0/.tox/cpythonlibtest-unit-test-tests/lib/python3.10/site-packages/_pytest/fixtures.py", line 566, in _fillfixtures
    item.funcargs[argname] = self.getfixturevalue(argname)
  File "/workdir/sphinxcontrib-bibtex-2.5.0/.tox/cpythonlibtest-unit-test-tests/lib/python3.10/site-packages/_pytest/fixtures.py", line 585, in getfixturevalue
    fixturedef = self._get_active_fixturedef(argname)
  File "/workdir/sphinxcontrib-bibtex-2.5.0/.tox/cpythonlibtest-unit-test-tests/lib/python3.10/site-packages/_pytest/fixtures.py", line 607, in _get_active_fixturedef
    self._compute_fixture_value(fixturedef)
  File "/workdir/sphinxcontrib-bibtex-2.5.0/.tox/cpythonlibtest-unit-test-tests/lib/python3.10/site-packages/_pytest/fixtures.py", line 693, in _compute_fixture_value
    fixturedef.execute(request=subrequest)
  File "/workdir/sphinxcontrib-bibtex-2.5.0/.tox/cpythonlibtest-unit-test-tests/lib/python3.10/site-packages/_pytest/fixtures.py", line 1069, in execute
    result = ihook.pytest_fixture_setup(fixturedef=self, request=request)
  File "/workdir/sphinxcontrib-bibtex-2.5.0/.tox/cpythonlibtest-unit-test-tests/lib/python3.10/site-packages/pluggy/_hooks.py", line 493, in __call__
    return self._hookexec(self.name, self._hookimpls, kwargs, firstresult)
  File "/workdir/sphinxcontrib-bibtex-2.5.0/.tox/cpythonlibtest-unit-test-tests/lib/python3.10/site-packages/pluggy/_manager.py", line 115, in _hookexec
    return self._inner_hookexec(hook_name, methods, kwargs, firstresult)
  File "/workdir/sphinxcontrib-bibtex-2.5.0/.tox/cpythonlibtest-unit-test-tests/lib/python3.10/site-packages/pluggy/_callers.py", line 152, in _multicall
    return outcome.get_result()
  File "/workdir/sphinxcontrib-bibtex-2.5.0/.tox/cpythonlibtest-unit-test-tests/lib/python3.10/site-packages/pluggy/_result.py", line 114, in get_result
    raise exc.with_traceback(exc.__traceback__)
  File "/workdir/sphinxcontrib-bibtex-2.5.0/.tox/cpythonlibtest-unit-test-tests/lib/python3.10/site-packages/pluggy/_callers.py", line 77, in _multicall
    res = hook_impl.function(*args)
  File "/workdir/sphinxcontrib-bibtex-2.5.0/.tox/cpythonlibtest-unit-test-tests/lib/python3.10/site-packages/_pytest/fixtures.py", line 1123, in pytest_fixture_setup
    result = call_fixture_func(fixturefunc, request, kwargs)
  File "/workdir/sphinxcontrib-bibtex-2.5.0/.tox/cpythonlibtest-unit-test-tests/lib/python3.10/site-packages/_pytest/fixtures.py", line 895, in call_fixture_func
    fixture_result = next(generator)
  File "/workdir/sphinxcontrib-bibtex-2.5.0/.tox/cpythonlibtest-unit-test-tests/lib/python3.10/site-packages/sphinx/testing/fixtures.py", line 139, in app
    app_ = make_app(*args, **kwargs)
  File "/workdir/sphinxcontrib-bibtex-2.5.0/.tox/cpythonlibtest-unit-test-tests/lib/python3.10/site-packages/sphinx/testing/fixtures.py", line 183, in make
    app_: Any = SphinxTestApp(*args, **kwargs)
  File "/workdir/sphinxcontrib-bibtex-2.5.0/.tox/cpythonlibtest-unit-test-tests/lib/python3.10/site-packages/sphinx/testing/util.py", line 120, in __init__
    super().__init__(srcdir, confdir, outdir, doctreedir,
  File "/workdir/sphinxcontrib-bibtex-2.5.0/.tox/cpythonlibtest-unit-test-tests/lib/python3.10/site-packages/sphinx/application.py", line 233, in __init__
    self.setup_extension(extension)
  File "/workdir/sphinxcontrib-bibtex-2.5.0/.tox/cpythonlibtest-unit-test-tests/lib/python3.10/site-packages/sphinx/application.py", line 406, in setup_extension
    self.registry.load_extension(self, extname)
  File "/workdir/sphinxcontrib-bibtex-2.5.0/.tox/cpythonlibtest-unit-test-tests/lib/python3.10/site-packages/sphinx/registry.py", line 450, in load_extension
    raise ExtensionError(__('Could not import extension %s') % extname,
sphinx.errors.ExtensionError: Could not import extension rinoh.frontend.sphinx (exception: No module named 'rinoh')
________________ ERROR at setup of test_citation_rinoh_multidoc ________________
Traceback (most recent call last):
  File "/workdir/sphinxcontrib-bibtex-2.5.0/.tox/cpythonlibtest-unit-test-tests/lib/python3.10/site-packages/sphinx/registry.py", line 447, in load_extension
    mod = import_module(extname)
  File "/usr/local/lib/python3.10/importlib/__init__.py", line 126, in import_module
    return _bootstrap._gcd_import(name[level:], package, level)
  File "<frozen importlib._bootstrap>", line 1050, in _gcd_import
  File "<frozen importlib._bootstrap>", line 1027, in _find_and_load
  File "<frozen importlib._bootstrap>", line 992, in _find_and_load_unlocked
  File "<frozen importlib._bootstrap>", line 241, in _call_with_frames_removed
  File "<frozen importlib._bootstrap>", line 1050, in _gcd_import
  File "<frozen importlib._bootstrap>", line 1027, in _find_and_load
  File "<frozen importlib._bootstrap>", line 992, in _find_and_load_unlocked
  File "<frozen importlib._bootstrap>", line 241, in _call_with_frames_removed
  File "<frozen importlib._bootstrap>", line 1050, in _gcd_import
  File "<frozen importlib._bootstrap>", line 1027, in _find_and_load
  File "<frozen importlib._bootstrap>", line 1004, in _find_and_load_unlocked
ModuleNotFoundError: No module named 'rinoh'

The above exception was the direct cause of the following exception:

Traceback (most recent call last):
  File "/workdir/sphinxcontrib-bibtex-2.5.0/.tox/cpythonlibtest-unit-test-tests/lib/python3.10/site-packages/_pytest/runner.py", line 341, in from_call
    result: Optional[TResult] = func()
  File "/workdir/sphinxcontrib-bibtex-2.5.0/.tox/cpythonlibtest-unit-test-tests/lib/python3.10/site-packages/_pytest/runner.py", line 262, in <lambda>
    lambda: ihook(item=item, **kwds), when=when, reraise=reraise
  File "/workdir/sphinxcontrib-bibtex-2.5.0/.tox/cpythonlibtest-unit-test-tests/lib/python3.10/site-packages/pluggy/_hooks.py", line 493, in __call__
    return self._hookexec(self.name, self._hookimpls, kwargs, firstresult)
  File "/workdir/sphinxcontrib-bibtex-2.5.0/.tox/cpythonlibtest-unit-test-tests/lib/python3.10/site-packages/pluggy/_manager.py", line 115, in _hookexec
    return self._inner_hookexec(hook_name, methods, kwargs, firstresult)
  File "/workdir/sphinxcontrib-bibtex-2.5.0/.tox/cpythonlibtest-unit-test-tests/lib/python3.10/site-packages/pluggy/_callers.py", line 152, in _multicall
    return outcome.get_result()
  File "/workdir/sphinxcontrib-bibtex-2.5.0/.tox/cpythonlibtest-unit-test-tests/lib/python3.10/site-packages/pluggy/_result.py", line 114, in get_result
    raise exc.with_traceback(exc.__traceback__)
  File "/workdir/sphinxcontrib-bibtex-2.5.0/.tox/cpythonlibtest-unit-test-tests/lib/python3.10/site-packages/pluggy/_callers.py", line 77, in _multicall
    res = hook_impl.function(*args)
  File "/workdir/sphinxcontrib-bibtex-2.5.0/.tox/cpythonlibtest-unit-test-tests/lib/python3.10/site-packages/_pytest/runner.py", line 157, in pytest_runtest_setup
    item.session._setupstate.setup(item)
  File "/workdir/sphinxcontrib-bibtex-2.5.0/.tox/cpythonlibtest-unit-test-tests/lib/python3.10/site-packages/_pytest/runner.py", line 497, in setup
    raise exc
  File "/workdir/sphinxcontrib-bibtex-2.5.0/.tox/cpythonlibtest-unit-test-tests/lib/python3.10/site-packages/_pytest/runner.py", line 494, in setup
    col.setup()
  File "/workdir/sphinxcontrib-bibtex-2.5.0/.tox/cpythonlibtest-unit-test-tests/lib/python3.10/site-packages/_pytest/python.py", line 1795, in setup
    self._request._fillfixtures()
  File "/workdir/sphinxcontrib-bibtex-2.5.0/.tox/cpythonlibtest-unit-test-tests/lib/python3.10/site-packages/_pytest/fixtures.py", line 566, in _fillfixtures
    item.funcargs[argname] = self.getfixturevalue(argname)
  File "/workdir/sphinxcontrib-bibtex-2.5.0/.tox/cpythonlibtest-unit-test-tests/lib/python3.10/site-packages/_pytest/fixtures.py", line 585, in getfixturevalue
    fixturedef = self._get_active_fixturedef(argname)
  File "/workdir/sphinxcontrib-bibtex-2.5.0/.tox/cpythonlibtest-unit-test-tests/lib/python3.10/site-packages/_pytest/fixtures.py", line 607, in _get_active_fixturedef
    self._compute_fixture_value(fixturedef)
  File "/workdir/sphinxcontrib-bibtex-2.5.0/.tox/cpythonlibtest-unit-test-tests/lib/python3.10/site-packages/_pytest/fixtures.py", line 693, in _compute_fixture_value
    fixturedef.execute(request=subrequest)
  File "/workdir/sphinxcontrib-bibtex-2.5.0/.tox/cpythonlibtest-unit-test-tests/lib/python3.10/site-packages/_pytest/fixtures.py", line 1069, in execute
    result = ihook.pytest_fixture_setup(fixturedef=self, request=request)
  File "/workdir/sphinxcontrib-bibtex-2.5.0/.tox/cpythonlibtest-unit-test-tests/lib/python3.10/site-packages/pluggy/_hooks.py", line 493, in __call__
    return self._hookexec(self.name, self._hookimpls, kwargs, firstresult)
  File "/workdir/sphinxcontrib-bibtex-2.5.0/.tox/cpythonlibtest-unit-test-tests/lib/python3.10/site-packages/pluggy/_manager.py", line 115, in _hookexec
    return self._inner_hookexec(hook_name, methods, kwargs, firstresult)
  File "/workdir/sphinxcontrib-bibtex-2.5.0/.tox/cpythonlibtest-unit-test-tests/lib/python3.10/site-packages/pluggy/_callers.py", line 152, in _multicall
    return outcome.get_result()
  File "/workdir/sphinxcontrib-bibtex-2.5.0/.tox/cpythonlibtest-unit-test-tests/lib/python3.10/site-packages/pluggy/_result.py", line 114, in get_result
    raise exc.with_traceback(exc.__traceback__)
  File "/workdir/sphinxcontrib-bibtex-2.5.0/.tox/cpythonlibtest-unit-test-tests/lib/python3.10/site-packages/pluggy/_callers.py", line 77, in _multicall
    res = hook_impl.function(*args)
  File "/workdir/sphinxcontrib-bibtex-2.5.0/.tox/cpythonlibtest-unit-test-tests/lib/python3.10/site-packages/_pytest/fixtures.py", line 1123, in pytest_fixture_setup
    result = call_fixture_func(fixturefunc, request, kwargs)
  File "/workdir/sphinxcontrib-bibtex-2.5.0/.tox/cpythonlibtest-unit-test-tests/lib/python3.10/site-packages/_pytest/fixtures.py", line 895, in call_fixture_func
    fixture_result = next(generator)
  File "/workdir/sphinxcontrib-bibtex-2.5.0/.tox/cpythonlibtest-unit-test-tests/lib/python3.10/site-packages/sphinx/testing/fixtures.py", line 139, in app
    app_ = make_app(*args, **kwargs)
  File "/workdir/sphinxcontrib-bibtex-2.5.0/.tox/cpythonlibtest-unit-test-tests/lib/python3.10/site-packages/sphinx/testing/fixtures.py", line 183, in make
    app_: Any = SphinxTestApp(*args, **kwargs)
  File "/workdir/sphinxcontrib-bibtex-2.5.0/.tox/cpythonlibtest-unit-test-tests/lib/python3.10/site-packages/sphinx/testing/util.py", line 120, in __init__
    super().__init__(srcdir, confdir, outdir, doctreedir,
  File "/workdir/sphinxcontrib-bibtex-2.5.0/.tox/cpythonlibtest-unit-test-tests/lib/python3.10/site-packages/sphinx/application.py", line 233, in __init__
    self.setup_extension(extension)
  File "/workdir/sphinxcontrib-bibtex-2.5.0/.tox/cpythonlibtest-unit-test-tests/lib/python3.10/site-packages/sphinx/application.py", line 406, in setup_extension
    self.registry.load_extension(self, extname)
  File "/workdir/sphinxcontrib-bibtex-2.5.0/.tox/cpythonlibtest-unit-test-tests/lib/python3.10/site-packages/sphinx/registry.py", line 450, in load_extension
    raise ExtensionError(__('Could not import extension %s') % extname,
sphinx.errors.ExtensionError: Could not import extension rinoh.frontend.sphinx (exception: No module named 'rinoh')
_______________________ ERROR at setup of test_numpydoc ________________________
Traceback (most recent call last):
  File "/workdir/sphinxcontrib-bibtex-2.5.0/.tox/cpythonlibtest-unit-test-tests/lib/python3.10/site-packages/sphinx/registry.py", line 447, in load_extension
    mod = import_module(extname)
  File "/usr/local/lib/python3.10/importlib/__init__.py", line 126, in import_module
    return _bootstrap._gcd_import(name[level:], package, level)
  File "<frozen importlib._bootstrap>", line 1050, in _gcd_import
  File "<frozen importlib._bootstrap>", line 1027, in _find_and_load
  File "<frozen importlib._bootstrap>", line 1004, in _find_and_load_unlocked
ModuleNotFoundError: No module named 'numpydoc'

The above exception was the direct cause of the following exception:

Traceback (most recent call last):
  File "/workdir/sphinxcontrib-bibtex-2.5.0/.tox/cpythonlibtest-unit-test-tests/lib/python3.10/site-packages/_pytest/runner.py", line 341, in from_call
    result: Optional[TResult] = func()
  File "/workdir/sphinxcontrib-bibtex-2.5.0/.tox/cpythonlibtest-unit-test-tests/lib/python3.10/site-packages/_pytest/runner.py", line 262, in <lambda>
    lambda: ihook(item=item, **kwds), when=when, reraise=reraise
  File "/workdir/sphinxcontrib-bibtex-2.5.0/.tox/cpythonlibtest-unit-test-tests/lib/python3.10/site-packages/pluggy/_hooks.py", line 493, in __call__
    return self._hookexec(self.name, self._hookimpls, kwargs, firstresult)
  File "/workdir/sphinxcontrib-bibtex-2.5.0/.tox/cpythonlibtest-unit-test-tests/lib/python3.10/site-packages/pluggy/_manager.py", line 115, in _hookexec
    return self._inner_hookexec(hook_name, methods, kwargs, firstresult)
  File "/workdir/sphinxcontrib-bibtex-2.5.0/.tox/cpythonlibtest-unit-test-tests/lib/python3.10/site-packages/pluggy/_callers.py", line 152, in _multicall
    return outcome.get_result()
  File "/workdir/sphinxcontrib-bibtex-2.5.0/.tox/cpythonlibtest-unit-test-tests/lib/python3.10/site-packages/pluggy/_result.py", line 114, in get_result
    raise exc.with_traceback(exc.__traceback__)
  File "/workdir/sphinxcontrib-bibtex-2.5.0/.tox/cpythonlibtest-unit-test-tests/lib/python3.10/site-packages/pluggy/_callers.py", line 77, in _multicall
    res = hook_impl.function(*args)
  File "/workdir/sphinxcontrib-bibtex-2.5.0/.tox/cpythonlibtest-unit-test-tests/lib/python3.10/site-packages/_pytest/runner.py", line 157, in pytest_runtest_setup
    item.session._setupstate.setup(item)
  File "/workdir/sphinxcontrib-bibtex-2.5.0/.tox/cpythonlibtest-unit-test-tests/lib/python3.10/site-packages/_pytest/runner.py", line 497, in setup
    raise exc
  File "/workdir/sphinxcontrib-bibtex-2.5.0/.tox/cpythonlibtest-unit-test-tests/lib/python3.10/site-packages/_pytest/runner.py", line 494, in setup
    col.setup()
  File "/workdir/sphinxcontrib-bibtex-2.5.0/.tox/cpythonlibtest-unit-test-tests/lib/python3.10/site-packages/_pytest/python.py", line 1795, in setup
    self._request._fillfixtures()
  File "/workdir/sphinxcontrib-bibtex-2.5.0/.tox/cpythonlibtest-unit-test-tests/lib/python3.10/site-packages/_pytest/fixtures.py", line 566, in _fillfixtures
    item.funcargs[argname] = self.getfixturevalue(argname)
  File "/workdir/sphinxcontrib-bibtex-2.5.0/.tox/cpythonlibtest-unit-test-tests/lib/python3.10/site-packages/_pytest/fixtures.py", line 585, in getfixturevalue
    fixturedef = self._get_active_fixturedef(argname)
  File "/workdir/sphinxcontrib-bibtex-2.5.0/.tox/cpythonlibtest-unit-test-tests/lib/python3.10/site-packages/_pytest/fixtures.py", line 607, in _get_active_fixturedef
    self._compute_fixture_value(fixturedef)
  File "/workdir/sphinxcontrib-bibtex-2.5.0/.tox/cpythonlibtest-unit-test-tests/lib/python3.10/site-packages/_pytest/fixtures.py", line 693, in _compute_fixture_value
    fixturedef.execute(request=subrequest)
  File "/workdir/sphinxcontrib-bibtex-2.5.0/.tox/cpythonlibtest-unit-test-tests/lib/python3.10/site-packages/_pytest/fixtures.py", line 1069, in execute
    result = ihook.pytest_fixture_setup(fixturedef=self, request=request)
  File "/workdir/sphinxcontrib-bibtex-2.5.0/.tox/cpythonlibtest-unit-test-tests/lib/python3.10/site-packages/pluggy/_hooks.py", line 493, in __call__
    return self._hookexec(self.name, self._hookimpls, kwargs, firstresult)
  File "/workdir/sphinxcontrib-bibtex-2.5.0/.tox/cpythonlibtest-unit-test-tests/lib/python3.10/site-packages/pluggy/_manager.py", line 115, in _hookexec
    return self._inner_hookexec(hook_name, methods, kwargs, firstresult)
  File "/workdir/sphinxcontrib-bibtex-2.5.0/.tox/cpythonlibtest-unit-test-tests/lib/python3.10/site-packages/pluggy/_callers.py", line 152, in _multicall
    return outcome.get_result()
  File "/workdir/sphinxcontrib-bibtex-2.5.0/.tox/cpythonlibtest-unit-test-tests/lib/python3.10/site-packages/pluggy/_result.py", line 114, in get_result
    raise exc.with_traceback(exc.__traceback__)
  File "/workdir/sphinxcontrib-bibtex-2.5.0/.tox/cpythonlibtest-unit-test-tests/lib/python3.10/site-packages/pluggy/_callers.py", line 77, in _multicall
    res = hook_impl.function(*args)
  File "/workdir/sphinxcontrib-bibtex-2.5.0/.tox/cpythonlibtest-unit-test-tests/lib/python3.10/site-packages/_pytest/fixtures.py", line 1123, in pytest_fixture_setup
    result = call_fixture_func(fixturefunc, request, kwargs)
  File "/workdir/sphinxcontrib-bibtex-2.5.0/.tox/cpythonlibtest-unit-test-tests/lib/python3.10/site-packages/_pytest/fixtures.py", line 895, in call_fixture_func
    fixture_result = next(generator)
  File "/workdir/sphinxcontrib-bibtex-2.5.0/.tox/cpythonlibtest-unit-test-tests/lib/python3.10/site-packages/sphinx/testing/fixtures.py", line 139, in app
    app_ = make_app(*args, **kwargs)
  File "/workdir/sphinxcontrib-bibtex-2.5.0/.tox/cpythonlibtest-unit-test-tests/lib/python3.10/site-packages/sphinx/testing/fixtures.py", line 183, in make
    app_: Any = SphinxTestApp(*args, **kwargs)
  File "/workdir/sphinxcontrib-bibtex-2.5.0/.tox/cpythonlibtest-unit-test-tests/lib/python3.10/site-packages/sphinx/testing/util.py", line 120, in __init__
    super().__init__(srcdir, confdir, outdir, doctreedir,
  File "/workdir/sphinxcontrib-bibtex-2.5.0/.tox/cpythonlibtest-unit-test-tests/lib/python3.10/site-packages/sphinx/application.py", line 233, in __init__
    self.setup_extension(extension)
  File "/workdir/sphinxcontrib-bibtex-2.5.0/.tox/cpythonlibtest-unit-test-tests/lib/python3.10/site-packages/sphinx/application.py", line 406, in setup_extension
    self.registry.load_extension(self, extname)
  File "/workdir/sphinxcontrib-bibtex-2.5.0/.tox/cpythonlibtest-unit-test-tests/lib/python3.10/site-packages/sphinx/registry.py", line 450, in load_extension
    raise ExtensionError(__('Could not import extension %s') % extname,
sphinx.errors.ExtensionError: Could not import extension numpydoc (exception: No module named 'numpydoc')
=================================== FAILURES ===================================
_________________________________ test_autodoc _________________________________
Traceback (most recent call last):
  File "/workdir/sphinxcontrib-bibtex-2.5.0/.tox/cpythonlibtest-unit-test-tests/lib/python3.10/site-packages/_pytest/runner.py", line 341, in from_call
    result: Optional[TResult] = func()
  File "/workdir/sphinxcontrib-bibtex-2.5.0/.tox/cpythonlibtest-unit-test-tests/lib/python3.10/site-packages/_pytest/runner.py", line 262, in <lambda>
    lambda: ihook(item=item, **kwds), when=when, reraise=reraise
  File "/workdir/sphinxcontrib-bibtex-2.5.0/.tox/cpythonlibtest-unit-test-tests/lib/python3.10/site-packages/pluggy/_hooks.py", line 493, in __call__
    return self._hookexec(self.name, self._hookimpls, kwargs, firstresult)
  File "/workdir/sphinxcontrib-bibtex-2.5.0/.tox/cpythonlibtest-unit-test-tests/lib/python3.10/site-packages/pluggy/_manager.py", line 115, in _hookexec
    return self._inner_hookexec(hook_name, methods, kwargs, firstresult)
  File "/workdir/sphinxcontrib-bibtex-2.5.0/.tox/cpythonlibtest-unit-test-tests/lib/python3.10/site-packages/pluggy/_callers.py", line 152, in _multicall
    return outcome.get_result()
  File "/workdir/sphinxcontrib-bibtex-2.5.0/.tox/cpythonlibtest-unit-test-tests/lib/python3.10/site-packages/pluggy/_result.py", line 114, in get_result
    raise exc.with_traceback(exc.__traceback__)
  File "/workdir/sphinxcontrib-bibtex-2.5.0/.tox/cpythonlibtest-unit-test-tests/lib/python3.10/site-packages/pluggy/_callers.py", line 77, in _multicall
    res = hook_impl.function(*args)
  File "/workdir/sphinxcontrib-bibtex-2.5.0/.tox/cpythonlibtest-unit-test-tests/lib/python3.10/site-packages/_pytest/runner.py", line 177, in pytest_runtest_call
    raise e
  File "/workdir/sphinxcontrib-bibtex-2.5.0/.tox/cpythonlibtest-unit-test-tests/lib/python3.10/site-packages/_pytest/runner.py", line 169, in pytest_runtest_call
    item.runtest()
  File "/workdir/sphinxcontrib-bibtex-2.5.0/.tox/cpythonlibtest-unit-test-tests/lib/python3.10/site-packages/_pytest/python.py", line 1792, in runtest
    self.ihook.pytest_pyfunc_call(pyfuncitem=self)
  File "/workdir/sphinxcontrib-bibtex-2.5.0/.tox/cpythonlibtest-unit-test-tests/lib/python3.10/site-packages/pluggy/_hooks.py", line 493, in __call__
    return self._hookexec(self.name, self._hookimpls, kwargs, firstresult)
  File "/workdir/sphinxcontrib-bibtex-2.5.0/.tox/cpythonlibtest-unit-test-tests/lib/python3.10/site-packages/pluggy/_manager.py", line 115, in _hookexec
    return self._inner_hookexec(hook_name, methods, kwargs, firstresult)
  File "/workdir/sphinxcontrib-bibtex-2.5.0/.tox/cpythonlibtest-unit-test-tests/lib/python3.10/site-packages/pluggy/_callers.py", line 113, in _multicall
    raise exception.with_traceback(exception.__traceback__)
  File "/workdir/sphinxcontrib-bibtex-2.5.0/.tox/cpythonlibtest-unit-test-tests/lib/python3.10/site-packages/pluggy/_callers.py", line 77, in _multicall
    res = hook_impl.function(*args)
  File "/workdir/sphinxcontrib-bibtex-2.5.0/.tox/cpythonlibtest-unit-test-tests/lib/python3.10/site-packages/_pytest/python.py", line 194, in pytest_pyfunc_call
    result = testfunction(**testargs)
  File "/workdir/sphinxcontrib-bibtex-2.5.0/test/test_autodoc.py", line 48, in test_autodoc
    assert len(html_footnotes(text=text).findall(output2)) == 1
AssertionError: assert 0 == 1
 +  where 0 = len([])
 +    where [] = <built-in method findall of re.Pattern object at 0x21aaec0>('<!DOCTYPE html>\n\n<html lang="en" data-content_root="./">\n  <head>\n    <meta charset="utf-8" />\n    <meta name="viewport" content="width=device-width, initial-scale=1.0" /><meta name="viewport" content="width=device-width, initial-scale=1" />\n\n    <title>footcite &#8212; Python  documentation</title>\n    <link rel="stylesheet" type="text/css" href="_static/pygments.css?v=4f649999" />\n    <link rel="stylesheet" type="text/css" href="_static/alabaster.css?v=039e1c02" />\n    <script src="_static/documentation_options.js?v=5929fcd5"></script>\n    <script src="_static/doctools.js?v=888ff710"></script>\n    <script src="_static/sphinx_highlight.js?v=dc90522c"></script>\n    <link rel="index" title="Index" href="genindex.html" />\n    <link rel="search" title="Search" href="search.html" />\n    <link rel="prev" title="cite" href="doc_cite.html" />\n   \n  <link rel="stylesheet" href="_static/custom.css" type="text/css" />\n  \n  \n  <meta name="viewport" content="width=device-width, initial-scale=0.9, maximum-scale=0.9" />\n\n  </head><body>\n  \n\n    <div class="document">\n      <div class="documentwrapper">\n        <div class="bodywrapper">\n          \n\n          <div ...n</li>\n</ul>\n\n<div class="relations">\n<h3>Related Topics</h3>\n<ul>\n  <li><a href="index.html">Documentation overview</a><ul>\n      <li>Previous: <a href="doc_cite.html" title="previous chapter">cite</a></li>\n  </ul></li>\n</ul>\n</div>\n<div id="searchbox" style="display: none" role="search">\n  <h3 id="searchlabel">Quick search</h3>\n    <div class="searchformwrapper">\n    <form class="search" action="search.html" method="get">\n      <input type="text" name="q" aria-labelledby="searchlabel" autocomplete="off" autocorrect="off" autocapitalize="off" spellcheck="false"/>\n      <input type="submit" value="Go" />\n    </form>\n    </div>\n</div>\n<script>document.getElementById(\'searchbox\').style.display = "block"</script>\n\n\n\n\n\n\n\n\n        </div>\n      </div>\n      <div class="clearer"></div>\n    </div>\n    <div class="footer">\n      &copy;.\n      \n      |\n      Powered by <a href="http://sphinx-doc.org/">Sphinx 7.2.6</a>\n      &amp; <a href="https://github.com/bitprophet/alabaster">Alabaster 0.7.13</a>\n      \n      |\n      <a href="_sources/doc_footcite.rst.txt"\n          rel="nofollow">Page source</a>\n    </div>\n\n    \n\n    \n  </body>\n</html>')
 +      where <built-in method findall of re.Pattern object at 0x21aaec0> = re.compile('<aside class="footnote brackets" id="(?P<id_>[a-z][-?a-z0-9]*)" role="note">\\s*<span class="label"><span class="fn-bracket">\\[</span>(?:<a role="doc-backlink" href="#(?P<backref>[a-z][-?a-z0-9]*)">).findall
 +        where re.compile('<aside class="footnote brackets" id="(?P<id_>[a-z][-?a-z0-9]*)" role="note">\\s*<span class="label"><span class="fn-bracket">\\[</span>(?:<a role="doc-backlink" href="#(?P<backref>[a-z][-?a-z0-9]*)">) = html_footnotes(text='.*Een.*')
--------------------------- Captured stdout teardown ---------------------------
# testroot: root
# builder: html
# srcdir: /tmp/pytest-of-tester/pytest-7/autodoc
# outdir: /tmp/pytest-of-tester/pytest-7/autodoc/_build/html
# status: 
[01mRunning Sphinx v7.2.6[39;49;00m
checking bibtex cache... out of date
parsing bibtex file /tmp/pytest-of-tester/pytest-7/autodoc/test.bib... parsed 11 entries
[01mbuilding [mo]: [39;49;00mtargets for 0 po files that are out of date
[01mwriting output... [39;49;00m
[01mbuilding [html]: [39;49;00mtargets for 3 source files that are out of date
[01mupdating environment: [39;49;00m[new config] 3 added, 0 changed, 0 removed
[2K[01mreading sources... [39;49;00m[ 33%] [35mdoc_cite[39;49;00m[2K[01mreading sources... [39;49;00m[ 67%] [35mdoc_footcite[39;49;00m[2K[01mreading sources... [39;49;00m[100%] [35mindex[39;49;00m
[01mlooking for now-outdated files... [39;49;00mnone found
[01mpickling environment... [39;49;00mdone
[01mchecking consistency... [39;49;00mdone
[01mpreparing documents... [39;49;00mdone
[01mcopying assets... [39;49;00m[01mcopying static files... [39;49;00mdone
[01mcopying extra files... [39;49;00mdone
done
[2K[01mwriting output... [39;49;00m[ 33%] [32mdoc_cite[39;49;00m[2K[01mwriting output... [39;49;00m[ 67%] [32mdoc_footcite[39;49;00m[2K[01mwriting output... [39;49;00m[100%] [32mindex[39;49;00m
[01mgenerating indices... [39;49;00mgenindex py-modindex done
[01mwriting additional pages... [39;49;00msearch done
[01mdumping search index in English (code: en)... [39;49;00mdone
[01mdumping object inventory... [39;49;00mdone
[01mbuild succeeded.[39;49;00m

The HTML pages are in ../../tmp/pytest-of-tester/pytest-7/autodoc/_build/html.

# warning: 

_________________________ test_bibliography_multi_foot _________________________
Traceback (most recent call last):
  File "/workdir/sphinxcontrib-bibtex-2.5.0/.tox/cpythonlibtest-unit-test-tests/lib/python3.10/site-packages/_pytest/runner.py", line 341, in from_call
    result: Optional[TResult] = func()
  File "/workdir/sphinxcontrib-bibtex-2.5.0/.tox/cpythonlibtest-unit-test-tests/lib/python3.10/site-packages/_pytest/runner.py", line 262, in <lambda>
    lambda: ihook(item=item, **kwds), when=when, reraise=reraise
  File "/workdir/sphinxcontrib-bibtex-2.5.0/.tox/cpythonlibtest-unit-test-tests/lib/python3.10/site-packages/pluggy/_hooks.py", line 493, in __call__
    return self._hookexec(self.name, self._hookimpls, kwargs, firstresult)
  File "/workdir/sphinxcontrib-bibtex-2.5.0/.tox/cpythonlibtest-unit-test-tests/lib/python3.10/site-packages/pluggy/_manager.py", line 115, in _hookexec
    return self._inner_hookexec(hook_name, methods, kwargs, firstresult)
  File "/workdir/sphinxcontrib-bibtex-2.5.0/.tox/cpythonlibtest-unit-test-tests/lib/python3.10/site-packages/pluggy/_callers.py", line 152, in _multicall
    return outcome.get_result()
  File "/workdir/sphinxcontrib-bibtex-2.5.0/.tox/cpythonlibtest-unit-test-tests/lib/python3.10/site-packages/pluggy/_result.py", line 114, in get_result
    raise exc.with_traceback(exc.__traceback__)
  File "/workdir/sphinxcontrib-bibtex-2.5.0/.tox/cpythonlibtest-unit-test-tests/lib/python3.10/site-packages/pluggy/_callers.py", line 77, in _multicall
    res = hook_impl.function(*args)
  File "/workdir/sphinxcontrib-bibtex-2.5.0/.tox/cpythonlibtest-unit-test-tests/lib/python3.10/site-packages/_pytest/runner.py", line 177, in pytest_runtest_call
    raise e
  File "/workdir/sphinxcontrib-bibtex-2.5.0/.tox/cpythonlibtest-unit-test-tests/lib/python3.10/site-packages/_pytest/runner.py", line 169, in pytest_runtest_call
    item.runtest()
  File "/workdir/sphinxcontrib-bibtex-2.5.0/.tox/cpythonlibtest-unit-test-tests/lib/python3.10/site-packages/_pytest/python.py", line 1792, in runtest
    self.ihook.pytest_pyfunc_call(pyfuncitem=self)
  File "/workdir/sphinxcontrib-bibtex-2.5.0/.tox/cpythonlibtest-unit-test-tests/lib/python3.10/site-packages/pluggy/_hooks.py", line 493, in __call__
    return self._hookexec(self.name, self._hookimpls, kwargs, firstresult)
  File "/workdir/sphinxcontrib-bibtex-2.5.0/.tox/cpythonlibtest-unit-test-tests/lib/python3.10/site-packages/pluggy/_manager.py", line 115, in _hookexec
    return self._inner_hookexec(hook_name, methods, kwargs, firstresult)
  File "/workdir/sphinxcontrib-bibtex-2.5.0/.tox/cpythonlibtest-unit-test-tests/lib/python3.10/site-packages/pluggy/_callers.py", line 113, in _multicall
    raise exception.with_traceback(exception.__traceback__)
  File "/workdir/sphinxcontrib-bibtex-2.5.0/.tox/cpythonlibtest-unit-test-tests/lib/python3.10/site-packages/pluggy/_callers.py", line 77, in _multicall
    res = hook_impl.function(*args)
  File "/workdir/sphinxcontrib-bibtex-2.5.0/.tox/cpythonlibtest-unit-test-tests/lib/python3.10/site-packages/_pytest/python.py", line 194, in pytest_pyfunc_call
    result = testfunction(**testargs)
  File "/workdir/sphinxcontrib-bibtex-2.5.0/test/test_bibliography.py", line 167, in test_bibliography_multi_foot
    assert len(re.findall(
AssertionError: assert 0 == 1
 +  where 0 = len([])
 +    where [] = <function findall at 0x7f894a2b9900>(re.compile('<aside class="footnote brackets" id="(?P<id_>footcite-2009-mandel)" role="note">\\s*<span class="label"><span class="fn-bracket">\\[</span>(?:<a role="doc-backlink" href="#(?P<backref>[a-z][-?a-z0-9]), '<!DOCTYPE html>\n\n<html lang="en" data-content_root="./">\n  <head>\n    <meta charset="utf-8" />\n    <meta name="viewport" content="width=device-width, initial-scale=1.0" /><meta name="viewport" content="width=device-width, initial-scale=1" />\n\n    <title>&lt;no title&gt; &#8212; Python  documentation</title>\n    <link rel="stylesheet" type="text/css" href="_static/pygments.css?v=4f649999" />\n    <link rel="stylesheet" type="text/css" href="_static/alabaster.css?v=039e1c02" />\n    <script src="_static/documentation_options.js?v=5929fcd5"></script>\n    <script src="_static/doctools.js?v=888ff710"></script>\n    <script src="_static/sphinx_highlight.js?v=dc90522c"></script>\n    <link rel="index" title="Index" href="genindex.html" />\n    <link rel="search" title="Search" href="search.html" />\n   \n  <link rel="stylesheet" href="_static/custom.css" type="text/css" />\n  \n  \n  <meta name="viewport" content="width=device-width, initial-scale=0.9, maximum-scale=0.9" />\n\n  </head><body>\n  \n\n    <div class="document">\n      <div class="documentwrapper">\n        <div class="bodywrapper">\n          \n\n          <div class="body" role="main">\n            \n  <p>First... class="sphinxsidebarwrapper">\n<h1 class="logo"><a href="#">Python</a></h1>\n\n\n\n\n\n\n\n\n<h3>Navigation</h3>\n\n<div class="relations">\n<h3>Related Topics</h3>\n<ul>\n  <li><a href="#">Documentation overview</a><ul>\n  </ul></li>\n</ul>\n</div>\n<div id="searchbox" style="display: none" role="search">\n  <h3 id="searchlabel">Quick search</h3>\n    <div class="searchformwrapper">\n    <form class="search" action="search.html" method="get">\n      <input type="text" name="q" aria-labelledby="searchlabel" autocomplete="off" autocorrect="off" autocapitalize="off" spellcheck="false"/>\n      <input type="submit" value="Go" />\n    </form>\n    </div>\n</div>\n<script>document.getElementById(\'searchbox\').style.display = "block"</script>\n\n\n\n\n\n\n\n\n        </div>\n      </div>\n      <div class="clearer"></div>\n    </div>\n    <div class="footer">\n      &copy;.\n      \n      |\n      Powered by <a href="http://sphinx-doc.org/">Sphinx 7.2.6</a>\n      &amp; <a href="https://github.com/bitprophet/alabaster">Alabaster 0.7.13</a>\n      \n      |\n      <a href="_sources/index.rst.txt"\n          rel="nofollow">Page source</a>\n    </div>\n\n    \n\n    \n  </body>\n</html>')
 +      where <function findall at 0x7f894a2b9900> = re.findall
 +      and   re.compile('<aside class="footnote brackets" id="(?P<id_>footcite-2009-mandel)" role="note">\\s*<span class="label"><span class="fn-bracket">\\[</span>(?:<a role="doc-backlink" href="#(?P<backref>[a-z][-?a-z0-9]) = html_footnotes(id_='footcite-2009-mandel')
--------------------------- Captured stdout teardown ---------------------------
# testroot: root
# builder: html
# srcdir: /tmp/pytest-of-tester/pytest-7/bibliography_multi_foot
# outdir: /tmp/pytest-of-tester/pytest-7/bibliography_multi_foot/_build/html
# status: 
[01mRunning Sphinx v7.2.6[39;49;00m
checking bibtex cache... out of date
parsing bibtex file /tmp/pytest-of-tester/pytest-7/bibliography_multi_foot/test.bib... parsed 3 entries
[01mbuilding [mo]: [39;49;00mtargets for 0 po files that are out of date
[01mwriting output... [39;49;00m
[01mbuilding [html]: [39;49;00mtargets for 1 source files that are out of date
[01mupdating environment: [39;49;00m[new config] 1 added, 0 changed, 0 removed
[2K[01mreading sources... [39;49;00m[100%] [35mindex[39;49;00m
[01mlooking for now-outdated files... [39;49;00mnone found
[01mpickling environment... [39;49;00mdone
[01mchecking consistency... [39;49;00mdone
[01mpreparing documents... [39;49;00mdone
[01mcopying assets... [39;49;00m[01mcopying static files... [39;49;00mdone
[01mcopying extra files... [39;49;00mdone
done
[2K[01mwriting output... [39;49;00m[100%] [32mindex[39;49;00m
[01mgenerating indices... [39;49;00mgenindex done
[01mwriting additional pages... [39;49;00msearch done
[01mdumping search index in English (code: en)... [39;49;00mdone
[01mdumping object inventory... [39;49;00mdone
[01mbuild succeeded.[39;49;00m

The HTML pages are in ../../tmp/pytest-of-tester/pytest-7/bibliography_multi_foot/_build/html.

# warning: 

_________________________ test_bibliography_custom_ids _________________________
Traceback (most recent call last):
  File "/workdir/sphinxcontrib-bibtex-2.5.0/.tox/cpythonlibtest-unit-test-tests/lib/python3.10/site-packages/_pytest/runner.py", line 341, in from_call
    result: Optional[TResult] = func()
  File "/workdir/sphinxcontrib-bibtex-2.5.0/.tox/cpythonlibtest-unit-test-tests/lib/python3.10/site-packages/_pytest/runner.py", line 262, in <lambda>
    lambda: ihook(item=item, **kwds), when=when, reraise=reraise
  File "/workdir/sphinxcontrib-bibtex-2.5.0/.tox/cpythonlibtest-unit-test-tests/lib/python3.10/site-packages/pluggy/_hooks.py", line 493, in __call__
    return self._hookexec(self.name, self._hookimpls, kwargs, firstresult)
  File "/workdir/sphinxcontrib-bibtex-2.5.0/.tox/cpythonlibtest-unit-test-tests/lib/python3.10/site-packages/pluggy/_manager.py", line 115, in _hookexec
    return self._inner_hookexec(hook_name, methods, kwargs, firstresult)
  File "/workdir/sphinxcontrib-bibtex-2.5.0/.tox/cpythonlibtest-unit-test-tests/lib/python3.10/site-packages/pluggy/_callers.py", line 152, in _multicall
    return outcome.get_result()
  File "/workdir/sphinxcontrib-bibtex-2.5.0/.tox/cpythonlibtest-unit-test-tests/lib/python3.10/site-packages/pluggy/_result.py", line 114, in get_result
    raise exc.with_traceback(exc.__traceback__)
  File "/workdir/sphinxcontrib-bibtex-2.5.0/.tox/cpythonlibtest-unit-test-tests/lib/python3.10/site-packages/pluggy/_callers.py", line 77, in _multicall
    res = hook_impl.function(*args)
  File "/workdir/sphinxcontrib-bibtex-2.5.0/.tox/cpythonlibtest-unit-test-tests/lib/python3.10/site-packages/_pytest/runner.py", line 177, in pytest_runtest_call
    raise e
  File "/workdir/sphinxcontrib-bibtex-2.5.0/.tox/cpythonlibtest-unit-test-tests/lib/python3.10/site-packages/_pytest/runner.py", line 169, in pytest_runtest_call
    item.runtest()
  File "/workdir/sphinxcontrib-bibtex-2.5.0/.tox/cpythonlibtest-unit-test-tests/lib/python3.10/site-packages/_pytest/python.py", line 1792, in runtest
    self.ihook.pytest_pyfunc_call(pyfuncitem=self)
  File "/workdir/sphinxcontrib-bibtex-2.5.0/.tox/cpythonlibtest-unit-test-tests/lib/python3.10/site-packages/pluggy/_hooks.py", line 493, in __call__
    return self._hookexec(self.name, self._hookimpls, kwargs, firstresult)
  File "/workdir/sphinxcontrib-bibtex-2.5.0/.tox/cpythonlibtest-unit-test-tests/lib/python3.10/site-packages/pluggy/_manager.py", line 115, in _hookexec
    return self._inner_hookexec(hook_name, methods, kwargs, firstresult)
  File "/workdir/sphinxcontrib-bibtex-2.5.0/.tox/cpythonlibtest-unit-test-tests/lib/python3.10/site-packages/pluggy/_callers.py", line 113, in _multicall
    raise exception.with_traceback(exception.__traceback__)
  File "/workdir/sphinxcontrib-bibtex-2.5.0/.tox/cpythonlibtest-unit-test-tests/lib/python3.10/site-packages/pluggy/_callers.py", line 77, in _multicall
    res = hook_impl.function(*args)
  File "/workdir/sphinxcontrib-bibtex-2.5.0/.tox/cpythonlibtest-unit-test-tests/lib/python3.10/site-packages/_pytest/python.py", line 194, in pytest_pyfunc_call
    result = testfunction(**testargs)
  File "/workdir/sphinxcontrib-bibtex-2.5.0/test/test_bibliography.py", line 265, in test_bibliography_custom_ids
    assert match1 is not None
AssertionError: assert None is not None
--------------------------- Captured stdout teardown ---------------------------
# testroot: root
# builder: html
# srcdir: /tmp/pytest-of-tester/pytest-7/bibliography_custom_ids
# outdir: /tmp/pytest-of-tester/pytest-7/bibliography_custom_ids/_build/html
# status: 
[01mRunning Sphinx v7.2.6[39;49;00m
checking bibtex cache... out of date
parsing bibtex file /tmp/pytest-of-tester/pytest-7/bibliography_custom_ids/test.bib... parsed 3 entries
[01mbuilding [mo]: [39;49;00mtargets for 0 po files that are out of date
[01mwriting output... [39;49;00m
[01mbuilding [html]: [39;49;00mtargets for 1 source files that are out of date
[01mupdating environment: [39;49;00m[new config] 1 added, 0 changed, 0 removed
[2K[01mreading sources... [39;49;00m[100%] [35mindex[39;49;00m
[01mlooking for now-outdated files... [39;49;00mnone found
[01mpickling environment... [39;49;00mdone
[01mchecking consistency... [39;49;00mdone
[01mpreparing documents... [39;49;00mdone
[01mcopying assets... [39;49;00m[01mcopying static files... [39;49;00mdone
[01mcopying extra files... [39;49;00mdone
done
[2K[01mwriting output... [39;49;00m[100%] [32mindex[39;49;00m
[01mgenerating indices... [39;49;00mgenindex done
[01mwriting additional pages... [39;49;00msearch done
[01mdumping search index in English (code: en)... [39;49;00mdone
[01mdumping object inventory... [39;49;00mdone
[01mbuild succeeded.[39;49;00m

The HTML pages are in ../../tmp/pytest-of-tester/pytest-7/bibliography_custom_ids/_build/html.

# warning: 

__________________________ test_rebuild_empty_outdir ___________________________
Traceback (most recent call last):
  File "/workdir/sphinxcontrib-bibtex-2.5.0/.tox/cpythonlibtest-unit-test-tests/lib/python3.10/site-packages/_pytest/runner.py", line 341, in from_call
    result: Optional[TResult] = func()
  File "/workdir/sphinxcontrib-bibtex-2.5.0/.tox/cpythonlibtest-unit-test-tests/lib/python3.10/site-packages/_pytest/runner.py", line 262, in <lambda>
    lambda: ihook(item=item, **kwds), when=when, reraise=reraise
  File "/workdir/sphinxcontrib-bibtex-2.5.0/.tox/cpythonlibtest-unit-test-tests/lib/python3.10/site-packages/pluggy/_hooks.py", line 493, in __call__
    return self._hookexec(self.name, self._hookimpls, kwargs, firstresult)
  File "/workdir/sphinxcontrib-bibtex-2.5.0/.tox/cpythonlibtest-unit-test-tests/lib/python3.10/site-packages/pluggy/_manager.py", line 115, in _hookexec
    return self._inner_hookexec(hook_name, methods, kwargs, firstresult)
  File "/workdir/sphinxcontrib-bibtex-2.5.0/.tox/cpythonlibtest-unit-test-tests/lib/python3.10/site-packages/pluggy/_callers.py", line 152, in _multicall
    return outcome.get_result()
  File "/workdir/sphinxcontrib-bibtex-2.5.0/.tox/cpythonlibtest-unit-test-tests/lib/python3.10/site-packages/pluggy/_result.py", line 114, in get_result
    raise exc.with_traceback(exc.__traceback__)
  File "/workdir/sphinxcontrib-bibtex-2.5.0/.tox/cpythonlibtest-unit-test-tests/lib/python3.10/site-packages/pluggy/_callers.py", line 77, in _multicall
    res = hook_impl.function(*args)
  File "/workdir/sphinxcontrib-bibtex-2.5.0/.tox/cpythonlibtest-unit-test-tests/lib/python3.10/site-packages/_pytest/runner.py", line 177, in pytest_runtest_call
    raise e
  File "/workdir/sphinxcontrib-bibtex-2.5.0/.tox/cpythonlibtest-unit-test-tests/lib/python3.10/site-packages/_pytest/runner.py", line 169, in pytest_runtest_call
    item.runtest()
  File "/workdir/sphinxcontrib-bibtex-2.5.0/.tox/cpythonlibtest-unit-test-tests/lib/python3.10/site-packages/_pytest/python.py", line 1792, in runtest
    self.ihook.pytest_pyfunc_call(pyfuncitem=self)
  File "/workdir/sphinxcontrib-bibtex-2.5.0/.tox/cpythonlibtest-unit-test-tests/lib/python3.10/site-packages/pluggy/_hooks.py", line 493, in __call__
    return self._hookexec(self.name, self._hookimpls, kwargs, firstresult)
  File "/workdir/sphinxcontrib-bibtex-2.5.0/.tox/cpythonlibtest-unit-test-tests/lib/python3.10/site-packages/pluggy/_manager.py", line 115, in _hookexec
    return self._inner_hookexec(hook_name, methods, kwargs, firstresult)
  File "/workdir/sphinxcontrib-bibtex-2.5.0/.tox/cpythonlibtest-unit-test-tests/lib/python3.10/site-packages/pluggy/_callers.py", line 113, in _multicall
    raise exception.with_traceback(exception.__traceback__)
  File "/workdir/sphinxcontrib-bibtex-2.5.0/.tox/cpythonlibtest-unit-test-tests/lib/python3.10/site-packages/pluggy/_callers.py", line 77, in _multicall
    res = hook_impl.function(*args)
  File "/workdir/sphinxcontrib-bibtex-2.5.0/.tox/cpythonlibtest-unit-test-tests/lib/python3.10/site-packages/_pytest/python.py", line 194, in pytest_pyfunc_call
    result = testfunction(**testargs)
  File "/workdir/sphinxcontrib-bibtex-2.5.0/test/test_debug.py", line 61, in test_rebuild_empty_outdir
    app0.outdir.rmtree()
  File "/workdir/sphinxcontrib-bibtex-2.5.0/.tox/cpythonlibtest-unit-test-tests/lib/python3.10/site-packages/sphinx/util/_pathlib.py", line 82, in __getattr__
    raise AttributeError(msg)
AttributeError: 'PosixPath' has no attribute 'rmtree'
________________________________ test_parallel _________________________________
Traceback (most recent call last):
  File "/workdir/sphinxcontrib-bibtex-2.5.0/.tox/cpythonlibtest-unit-test-tests/lib/python3.10/site-packages/_pytest/runner.py", line 341, in from_call
    result: Optional[TResult] = func()
  File "/workdir/sphinxcontrib-bibtex-2.5.0/.tox/cpythonlibtest-unit-test-tests/lib/python3.10/site-packages/_pytest/runner.py", line 262, in <lambda>
    lambda: ihook(item=item, **kwds), when=when, reraise=reraise
  File "/workdir/sphinxcontrib-bibtex-2.5.0/.tox/cpythonlibtest-unit-test-tests/lib/python3.10/site-packages/pluggy/_hooks.py", line 493, in __call__
    return self._hookexec(self.name, self._hookimpls, kwargs, firstresult)
  File "/workdir/sphinxcontrib-bibtex-2.5.0/.tox/cpythonlibtest-unit-test-tests/lib/python3.10/site-packages/pluggy/_manager.py", line 115, in _hookexec
    return self._inner_hookexec(hook_name, methods, kwargs, firstresult)
  File "/workdir/sphinxcontrib-bibtex-2.5.0/.tox/cpythonlibtest-unit-test-tests/lib/python3.10/site-packages/pluggy/_callers.py", line 152, in _multicall
    return outcome.get_result()
  File "/workdir/sphinxcontrib-bibtex-2.5.0/.tox/cpythonlibtest-unit-test-tests/lib/python3.10/site-packages/pluggy/_result.py", line 114, in get_result
    raise exc.with_traceback(exc.__traceback__)
  File "/workdir/sphinxcontrib-bibtex-2.5.0/.tox/cpythonlibtest-unit-test-tests/lib/python3.10/site-packages/pluggy/_callers.py", line 77, in _multicall
    res = hook_impl.function(*args)
  File "/workdir/sphinxcontrib-bibtex-2.5.0/.tox/cpythonlibtest-unit-test-tests/lib/python3.10/site-packages/_pytest/runner.py", line 177, in pytest_runtest_call
    raise e
  File "/workdir/sphinxcontrib-bibtex-2.5.0/.tox/cpythonlibtest-unit-test-tests/lib/python3.10/site-packages/_pytest/runner.py", line 169, in pytest_runtest_call
    item.runtest()
  File "/workdir/sphinxcontrib-bibtex-2.5.0/.tox/cpythonlibtest-unit-test-tests/lib/python3.10/site-packages/_pytest/python.py", line 1792, in runtest
    self.ihook.pytest_pyfunc_call(pyfuncitem=self)
  File "/workdir/sphinxcontrib-bibtex-2.5.0/.tox/cpythonlibtest-unit-test-tests/lib/python3.10/site-packages/pluggy/_hooks.py", line 493, in __call__
    return self._hookexec(self.name, self._hookimpls, kwargs, firstresult)
  File "/workdir/sphinxcontrib-bibtex-2.5.0/.tox/cpythonlibtest-unit-test-tests/lib/python3.10/site-packages/pluggy/_manager.py", line 115, in _hookexec
    return self._inner_hookexec(hook_name, methods, kwargs, firstresult)
  File "/workdir/sphinxcontrib-bibtex-2.5.0/.tox/cpythonlibtest-unit-test-tests/lib/python3.10/site-packages/pluggy/_callers.py", line 113, in _multicall
    raise exception.with_traceback(exception.__traceback__)
  File "/workdir/sphinxcontrib-bibtex-2.5.0/.tox/cpythonlibtest-unit-test-tests/lib/python3.10/site-packages/pluggy/_callers.py", line 77, in _multicall
    res = hook_impl.function(*args)
  File "/workdir/sphinxcontrib-bibtex-2.5.0/.tox/cpythonlibtest-unit-test-tests/lib/python3.10/site-packages/_pytest/python.py", line 194, in pytest_pyfunc_call
    result = testfunction(**testargs)
  File "/workdir/sphinxcontrib-bibtex-2.5.0/test/test_parallel.py", line 24, in test_parallel
    (app0.srcdir / rstname).utime((mtime + 5, mtime + 5))
  File "/workdir/sphinxcontrib-bibtex-2.5.0/.tox/cpythonlibtest-unit-test-tests/lib/python3.10/site-packages/sphinx/util/_pathlib.py", line 82, in __getattr__
    raise AttributeError(msg)
AttributeError: 'PosixPath' has no attribute 'utime'
=============================== warnings summary ===============================
test/conftest.py:2
  /workdir/sphinxcontrib-bibtex-2.5.0/test/conftest.py:2: RemovedInSphinx90Warning: 'sphinx.testing.path' is deprecated. Use 'os.path' or 'pathlib' instead.
    from sphinx.testing.path import path

.tox/cpythonlibtest-unit-test-tests/lib/python3.10/site-packages/pybtex/plugin/__init__.py:26
  /workdir/sphinxcontrib-bibtex-2.5.0/.tox/cpythonlibtest-unit-test-tests/lib/python3.10/site-packages/pybtex/plugin/__init__.py:26: DeprecationWarning: pkg_resources is deprecated as an API. See https://setuptools.pypa.io/en/latest/pkg_resources.html
    import pkg_resources

.tox/cpythonlibtest-unit-test-tests/lib/python3.10/site-packages/pkg_resources/__init__.py:2871
.tox/cpythonlibtest-unit-test-tests/lib/python3.10/site-packages/pkg_resources/__init__.py:2871
  /workdir/sphinxcontrib-bibtex-2.5.0/.tox/cpythonlibtest-unit-test-tests/lib/python3.10/site-packages/pkg_resources/__init__.py:2871: DeprecationWarning: Deprecated call to `pkg_resources.declare_namespace('sphinxcontrib')`.
  Implementing implicit namespace packages (as specified in PEP 420) is preferred to `pkg_resources.declare_namespace`. See https://setuptools.pypa.io/en/latest/references/keywords.html#keyword-namespace-packages
    declare_namespace(pkg)

test/test_bibliography.py::test_bibliography_header
test/test_bibliography.py::test_bibliography_header
test/test_bibliography.py::test_bibliography_empty_no_header
test/test_bibliography.py::test_bibliography_empty_no_header
test/test_bibliography.py::test_bibliography_multi_foot
  /workdir/sphinxcontrib-bibtex-2.5.0/.tox/cpythonlibtest-unit-test-tests/lib/python3.10/site-packages/sphinxcontrib/bibtex/domain.py:224: DeprecationWarning: The frontend.OptionParser class will be replaced by a subclass of argparse.ArgumentParser in Docutils 0.21 or later.
    settings = docutils.frontend.OptionParser(

test/test_bibliography.py: 345 warnings
  /usr/local/lib/python3.10/optparse.py:1000: DeprecationWarning: The frontend.Option class will be removed in Docutils 0.21 or later.
    option = self.option_class(*args, **kwargs)

test/test_natbib.py::test_natbib
test/test_natbib.py::test_natbib
  /workdir/sphinxcontrib-bibtex-2.5.0/test/natbib.py:411: DeprecationWarning: nodes.Text: initialization argument "rawsource" is ignored and will be removed in Docutils 2.0.
    refnode += nodes.Text(url, url)

-- Docs: https://docs.pytest.org/en/stable/how-to/capture-warnings.html
- generated xml file: /workdir/results/sphinxcontrib-bibtex/2.5.0/1/cpython-test-results.xml -
=========================== short test summary info ============================
FAILED test/test_autodoc.py::test_autodoc - assert 0 == 1
FAILED test/test_bibliography.py::test_bibliography_multi_foot - assert 0 == 1
FAILED test/test_bibliography.py::test_bibliography_custom_ids - assert None ...
FAILED test/test_debug.py::test_rebuild_empty_outdir - AttributeError: 'Posix...
FAILED test/test_parallel.py::test_parallel - AttributeError: 'PosixPath' has...
ERROR test/test_citation_rinoh.py::test_citation_rinoh - sphinx.errors.Extens...
ERROR test/test_citation_rinoh.py::test_citation_rinoh_multidoc - sphinx.erro...
ERROR test/test_numpydoc.py::test_numpydoc - sphinx.errors.ExtensionError: Co...
============ 5 failed, 84 passed, 356 warnings, 3 errors in 13.38s =============
ERROR: InvocationError for command /workdir/sphinxcontrib-bibtex-2.5.0/.tox/cpythonlibtest-unit-test-tests/bin/pytest -v --tb=native --junitxml /workdir/results/sphinxcontrib-bibtex/2.5.0/1/cpython-test-results.xml (exited with code 1)
___________________________________ summary ____________________________________
ERROR:   cpythonlibtest-unit-test-tests: commands failed
