<?xml version="1.0" encoding="utf-8"?><testsuites><testsuite name="pytest" errors="4" failures="0" skipped="0" tests="4" time="2.609" timestamp="2023-11-30T06:51:16.964023" hostname="be2d8ee410eb"><testcase classname="" name="tests.test_others" time="0.000"><error message="collection failure">ImportError while importing test module '/workdir/typer-0.7.0/tests/test_others.py'.
Hint: make sure your test modules/packages have valid Python names.
Traceback:
/usr/local/lib/python3.10/importlib/__init__.py:126: in import_module
    return _bootstrap._gcd_import(name[level:], package, level)
tests/test_others.py:8: in &lt;module&gt;
    import shellingham
E   ModuleNotFoundError: No module named 'shellingham'</error></testcase><testcase classname="" name="tests.test_completion.test_completion_install" time="0.000"><error message="collection failure">ImportError while importing test module '/workdir/typer-0.7.0/tests/test_completion/test_completion_install.py'.
Hint: make sure your test modules/packages have valid Python names.
Traceback:
/usr/local/lib/python3.10/importlib/__init__.py:126: in import_module
    return _bootstrap._gcd_import(name[level:], package, level)
tests/test_completion/test_completion_install.py:6: in &lt;module&gt;
    import shellingham
E   ModuleNotFoundError: No module named 'shellingham'</error></testcase><testcase classname="" name="tests.test_tutorial.test_options_autocompletion.test_tutorial008" time="0.000"><error message="collection failure">ImportError while importing test module '/workdir/typer-0.7.0/tests/test_tutorial/test_options_autocompletion/test_tutorial008.py'.
Hint: make sure your test modules/packages have valid Python names.
Traceback:
/usr/local/lib/python3.10/importlib/__init__.py:126: in import_module
    return _bootstrap._gcd_import(name[level:], package, level)
tests/test_tutorial/test_options_autocompletion/test_tutorial008.py:6: in &lt;module&gt;
    from docs_src.options_autocompletion import tutorial008 as mod
docs_src/options_autocompletion/tutorial008.py:4: in &lt;module&gt;
    from rich.console import Console
E   ModuleNotFoundError: No module named 'rich'</error></testcase><testcase classname="" name="tests.test_tutorial.test_options_autocompletion.test_tutorial009" time="0.000"><error message="collection failure">ImportError while importing test module '/workdir/typer-0.7.0/tests/test_tutorial/test_options_autocompletion/test_tutorial009.py'.
Hint: make sure your test modules/packages have valid Python names.
Traceback:
/usr/local/lib/python3.10/importlib/__init__.py:126: in import_module
    return _bootstrap._gcd_import(name[level:], package, level)
tests/test_tutorial/test_options_autocompletion/test_tutorial009.py:6: in &lt;module&gt;
    from docs_src.options_autocompletion import tutorial009 as mod
docs_src/options_autocompletion/tutorial009.py:4: in &lt;module&gt;
    from rich.console import Console
E   ModuleNotFoundError: No module named 'rich'</error></testcase></testsuite></testsuites>