GLOB sdist-make: /workdir/Unidecode-1.3.6/setup.py
graalpylibtest-unit-test-tests create: /workdir/Unidecode-1.3.6/.tox/graalpylibtest-unit-test-tests
graalpylibtest-unit-test-tests installdeps: mock, unittest-xml-reporting
graalpylibtest-unit-test-tests inst: /workdir/Unidecode-1.3.6/.tox/.tmp/package/1/Unidecode-1.3.6.zip
graalpylibtest-unit-test-tests installed: graalpy-virtualenv==0.0.1,hpy==0.9.0rc2,lxml==4.9.1,mock==5.1.0,Unidecode @ file:///workdir/Unidecode-1.3.6/.tox/.tmp/package/1/Unidecode-1.3.6.zip,unittest-xml-reporting==3.2.0
graalpylibtest-unit-test-tests run-test-pre: PYTHONHASHSEED='2121103396'
graalpylibtest-unit-test-tests run-test: commands[0] | /workdir/Unidecode-1.3.6/.tox/graalpylibtest-unit-test-tests/bin/python -m xmlrunner --output-file /workdir/results/Unidecode/1.3.6/1/graalpy-test-results.xml

Running tests...
----------------------------------------------------------------------
.........................................................F....
======================================================================
FAIL [1.049s]: test_commandline (tests.test_utility.TestUnidecodeUtility)
----------------------------------------------------------------------
Traceback (most recent call last):
  File "/workdir/Unidecode-1.3.6/tests/test_utility.py", line 68, in test_commandline
    self.assertEqual(out, self.TEST_ASCII + '\n')
AssertionError: '' != 'Ge \n'
+ Ge 


----------------------------------------------------------------------
Ran 62 tests in 16.880s

FAILED (failures=1)

Generating XML reports...
ERROR: InvocationError for command /workdir/Unidecode-1.3.6/.tox/graalpylibtest-unit-test-tests/bin/python -m xmlrunner --output-file /workdir/results/Unidecode/1.3.6/1/graalpy-test-results.xml (exited with code 1)
___________________________________ summary ____________________________________
ERROR:   graalpylibtest-unit-test-tests: commands failed
