<?xml version="1.0" encoding="UTF-8"?>
<testsuites>
	<testsuite name="tests.test_unidecode.TestUnidecode-20231130213028" tests="19" file="tests/test_unidecode.py" time="6.737" timestamp="2023-11-30T21:30:35" failures="0" errors="0" skipped="0">
		<testcase classname="tests.test_unidecode.TestUnidecode" name="test_ascii" time="0.053" timestamp="2023-11-30T21:30:28" file="tests/test_unidecode.py" line="34"/>
		<testcase classname="tests.test_unidecode.TestUnidecode" name="test_bmp" time="4.217" timestamp="2023-11-30T21:30:32" file="tests/test_unidecode.py" line="51"/>
		<testcase classname="tests.test_unidecode.TestUnidecode" name="test_circled_latin" time="0.010" timestamp="2023-11-30T21:30:32" file="tests/test_unidecode.py" line="112"/>
		<testcase classname="tests.test_unidecode.TestUnidecode" name="test_enclosed_alphanumerics" time="0.005" timestamp="2023-11-30T21:30:32" file="tests/test_unidecode.py" line="473"/>
		<testcase classname="tests.test_unidecode.TestUnidecode" name="test_errors_ignore" time="0.005" timestamp="2023-11-30T21:30:32" file="tests/test_unidecode.py" line="480"/>
		<testcase classname="tests.test_unidecode.TestUnidecode" name="test_errors_invalid" time="0.008" timestamp="2023-11-30T21:30:32" file="tests/test_unidecode.py" line="514"/>
		<testcase classname="tests.test_unidecode.TestUnidecode" name="test_errors_preserve" time="0.009" timestamp="2023-11-30T21:30:32" file="tests/test_unidecode.py" line="507"/>
		<testcase classname="tests.test_unidecode.TestUnidecode" name="test_errors_replace" time="0.008" timestamp="2023-11-30T21:30:32" file="tests/test_unidecode.py" line="486"/>
		<testcase classname="tests.test_unidecode.TestUnidecode" name="test_errors_replace_str" time="0.010" timestamp="2023-11-30T21:30:33" file="tests/test_unidecode.py" line="491"/>
		<testcase classname="tests.test_unidecode.TestUnidecode" name="test_errors_strict" time="0.011" timestamp="2023-11-30T21:30:33" file="tests/test_unidecode.py" line="496"/>
		<testcase classname="tests.test_unidecode.TestUnidecode" name="test_mathematical_digits" time="0.026" timestamp="2023-11-30T21:30:33" file="tests/test_unidecode.py" line="141"/>
		<testcase classname="tests.test_unidecode.TestUnidecode" name="test_mathematical_latin" time="0.265" timestamp="2023-11-30T21:30:33" file="tests/test_unidecode.py" line="121"/>
		<testcase classname="tests.test_unidecode.TestUnidecode" name="test_space" time="0.090" timestamp="2023-11-30T21:30:33" file="tests/test_unidecode.py" line="75"/>
		<testcase classname="tests.test_unidecode.TestUnidecode" name="test_specific" time="0.023" timestamp="2023-11-30T21:30:33" file="tests/test_unidecode.py" line="149"/>
		<testcase classname="tests.test_unidecode.TestUnidecode" name="test_specific_wide" time="0.015" timestamp="2023-11-30T21:30:33" file="tests/test_unidecode.py" line="204"/>
		<testcase classname="tests.test_unidecode.TestUnidecode" name="test_surrogate_pairs" time="0.017" timestamp="2023-11-30T21:30:33" file="tests/test_unidecode.py" line="85"/>
		<testcase classname="tests.test_unidecode.TestUnidecode" name="test_surrogates" time="1.473" timestamp="2023-11-30T21:30:34" file="tests/test_unidecode.py" line="61"/>
		<testcase classname="tests.test_unidecode.TestUnidecode" name="test_unicode_text_converter" time="0.022" timestamp="2023-11-30T21:30:34" file="tests/test_unidecode.py" line="431"/>
		<testcase classname="tests.test_unidecode.TestUnidecode" name="test_wordpress_remove_accents" time="0.470" timestamp="2023-11-30T21:30:35" file="tests/test_unidecode.py" line="224"/>
	</testsuite>
	<testsuite name="tests.test_unidecode.TestUnidecodeExpectASCII-20231130213028" tests="19" file="tests/test_unidecode.py" time="2.938" timestamp="2023-11-30T21:30:38" failures="0" errors="0" skipped="0">
		<testcase classname="tests.test_unidecode.TestUnidecodeExpectASCII" name="test_ascii" time="0.025" timestamp="2023-11-30T21:30:35" file="tests/test_unidecode.py" line="34"/>
		<testcase classname="tests.test_unidecode.TestUnidecodeExpectASCII" name="test_bmp" time="1.195" timestamp="2023-11-30T21:30:36" file="tests/test_unidecode.py" line="51"/>
		<testcase classname="tests.test_unidecode.TestUnidecodeExpectASCII" name="test_circled_latin" time="0.011" timestamp="2023-11-30T21:30:36" file="tests/test_unidecode.py" line="112"/>
		<testcase classname="tests.test_unidecode.TestUnidecodeExpectASCII" name="test_enclosed_alphanumerics" time="0.005" timestamp="2023-11-30T21:30:36" file="tests/test_unidecode.py" line="473"/>
		<testcase classname="tests.test_unidecode.TestUnidecodeExpectASCII" name="test_errors_ignore" time="0.005" timestamp="2023-11-30T21:30:36" file="tests/test_unidecode.py" line="480"/>
		<testcase classname="tests.test_unidecode.TestUnidecodeExpectASCII" name="test_errors_invalid" time="0.006" timestamp="2023-11-30T21:30:36" file="tests/test_unidecode.py" line="514"/>
		<testcase classname="tests.test_unidecode.TestUnidecodeExpectASCII" name="test_errors_preserve" time="0.009" timestamp="2023-11-30T21:30:36" file="tests/test_unidecode.py" line="507"/>
		<testcase classname="tests.test_unidecode.TestUnidecodeExpectASCII" name="test_errors_replace" time="0.005" timestamp="2023-11-30T21:30:36" file="tests/test_unidecode.py" line="486"/>
		<testcase classname="tests.test_unidecode.TestUnidecodeExpectASCII" name="test_errors_replace_str" time="0.005" timestamp="2023-11-30T21:30:36" file="tests/test_unidecode.py" line="491"/>
		<testcase classname="tests.test_unidecode.TestUnidecodeExpectASCII" name="test_errors_strict" time="0.009" timestamp="2023-11-30T21:30:36" file="tests/test_unidecode.py" line="496"/>
		<testcase classname="tests.test_unidecode.TestUnidecodeExpectASCII" name="test_mathematical_digits" time="0.012" timestamp="2023-11-30T21:30:36" file="tests/test_unidecode.py" line="141"/>
		<testcase classname="tests.test_unidecode.TestUnidecodeExpectASCII" name="test_mathematical_latin" time="0.063" timestamp="2023-11-30T21:30:36" file="tests/test_unidecode.py" line="121"/>
		<testcase classname="tests.test_unidecode.TestUnidecodeExpectASCII" name="test_space" time="0.080" timestamp="2023-11-30T21:30:36" file="tests/test_unidecode.py" line="75"/>
		<testcase classname="tests.test_unidecode.TestUnidecodeExpectASCII" name="test_specific" time="0.018" timestamp="2023-11-30T21:30:36" file="tests/test_unidecode.py" line="149"/>
		<testcase classname="tests.test_unidecode.TestUnidecodeExpectASCII" name="test_specific_wide" time="0.009" timestamp="2023-11-30T21:30:36" file="tests/test_unidecode.py" line="204"/>
		<testcase classname="tests.test_unidecode.TestUnidecodeExpectASCII" name="test_surrogate_pairs" time="0.013" timestamp="2023-11-30T21:30:36" file="tests/test_unidecode.py" line="85"/>
		<testcase classname="tests.test_unidecode.TestUnidecodeExpectASCII" name="test_surrogates" time="1.179" timestamp="2023-11-30T21:30:38" file="tests/test_unidecode.py" line="61"/>
		<testcase classname="tests.test_unidecode.TestUnidecodeExpectASCII" name="test_unicode_text_converter" time="0.019" timestamp="2023-11-30T21:30:38" file="tests/test_unidecode.py" line="431"/>
		<testcase classname="tests.test_unidecode.TestUnidecodeExpectASCII" name="test_wordpress_remove_accents" time="0.270" timestamp="2023-11-30T21:30:38" file="tests/test_unidecode.py" line="224"/>
	</testsuite>
	<testsuite name="tests.test_unidecode.TestUnidecodeExpectNonASCII-20231130213028" tests="19" file="tests/test_unidecode.py" time="2.311" timestamp="2023-11-30T21:30:40" failures="0" errors="0" skipped="0">
		<testcase classname="tests.test_unidecode.TestUnidecodeExpectNonASCII" name="test_ascii" time="0.011" timestamp="2023-11-30T21:30:38" file="tests/test_unidecode.py" line="34"/>
		<testcase classname="tests.test_unidecode.TestUnidecodeExpectNonASCII" name="test_bmp" time="1.263" timestamp="2023-11-30T21:30:39" file="tests/test_unidecode.py" line="51"/>
		<testcase classname="tests.test_unidecode.TestUnidecodeExpectNonASCII" name="test_circled_latin" time="0.005" timestamp="2023-11-30T21:30:39" file="tests/test_unidecode.py" line="112"/>
		<testcase classname="tests.test_unidecode.TestUnidecodeExpectNonASCII" name="test_enclosed_alphanumerics" time="0.003" timestamp="2023-11-30T21:30:39" file="tests/test_unidecode.py" line="473"/>
		<testcase classname="tests.test_unidecode.TestUnidecodeExpectNonASCII" name="test_errors_ignore" time="0.003" timestamp="2023-11-30T21:30:39" file="tests/test_unidecode.py" line="480"/>
		<testcase classname="tests.test_unidecode.TestUnidecodeExpectNonASCII" name="test_errors_invalid" time="0.004" timestamp="2023-11-30T21:30:39" file="tests/test_unidecode.py" line="514"/>
		<testcase classname="tests.test_unidecode.TestUnidecodeExpectNonASCII" name="test_errors_preserve" time="0.002" timestamp="2023-11-30T21:30:39" file="tests/test_unidecode.py" line="507"/>
		<testcase classname="tests.test_unidecode.TestUnidecodeExpectNonASCII" name="test_errors_replace" time="0.003" timestamp="2023-11-30T21:30:39" file="tests/test_unidecode.py" line="486"/>
		<testcase classname="tests.test_unidecode.TestUnidecodeExpectNonASCII" name="test_errors_replace_str" time="0.003" timestamp="2023-11-30T21:30:39" file="tests/test_unidecode.py" line="491"/>
		<testcase classname="tests.test_unidecode.TestUnidecodeExpectNonASCII" name="test_errors_strict" time="0.004" timestamp="2023-11-30T21:30:39" file="tests/test_unidecode.py" line="496"/>
		<testcase classname="tests.test_unidecode.TestUnidecodeExpectNonASCII" name="test_mathematical_digits" time="0.006" timestamp="2023-11-30T21:30:39" file="tests/test_unidecode.py" line="141"/>
		<testcase classname="tests.test_unidecode.TestUnidecodeExpectNonASCII" name="test_mathematical_latin" time="0.033" timestamp="2023-11-30T21:30:39" file="tests/test_unidecode.py" line="121"/>
		<testcase classname="tests.test_unidecode.TestUnidecodeExpectNonASCII" name="test_space" time="0.129" timestamp="2023-11-30T21:30:39" file="tests/test_unidecode.py" line="75"/>
		<testcase classname="tests.test_unidecode.TestUnidecodeExpectNonASCII" name="test_specific" time="0.013" timestamp="2023-11-30T21:30:39" file="tests/test_unidecode.py" line="149"/>
		<testcase classname="tests.test_unidecode.TestUnidecodeExpectNonASCII" name="test_specific_wide" time="0.006" timestamp="2023-11-30T21:30:39" file="tests/test_unidecode.py" line="204"/>
		<testcase classname="tests.test_unidecode.TestUnidecodeExpectNonASCII" name="test_surrogate_pairs" time="0.007" timestamp="2023-11-30T21:30:39" file="tests/test_unidecode.py" line="85"/>
		<testcase classname="tests.test_unidecode.TestUnidecodeExpectNonASCII" name="test_surrogates" time="0.678" timestamp="2023-11-30T21:30:40" file="tests/test_unidecode.py" line="61"/>
		<testcase classname="tests.test_unidecode.TestUnidecodeExpectNonASCII" name="test_unicode_text_converter" time="0.011" timestamp="2023-11-30T21:30:40" file="tests/test_unidecode.py" line="431"/>
		<testcase classname="tests.test_unidecode.TestUnidecodeExpectNonASCII" name="test_wordpress_remove_accents" time="0.127" timestamp="2023-11-30T21:30:40" file="tests/test_unidecode.py" line="224"/>
	</testsuite>
	<testsuite name="tests.test_utility.TestUnidecodeUtility-20231130213028" tests="5" file="tests/test_utility.py" time="4.790" timestamp="2023-11-30T21:30:45" failures="1" errors="0" skipped="0">
		<testcase classname="tests.test_utility.TestUnidecodeUtility" name="test_encoding_error" time="0.802" timestamp="2023-11-30T21:30:42" file="tests/test_utility.py" line="38"/>
		<testcase classname="tests.test_utility.TestUnidecodeUtility" name="test_file_default_encoding" time="0.950" timestamp="2023-11-30T21:30:43" file="tests/test_utility.py" line="53"/>
		<testcase classname="tests.test_utility.TestUnidecodeUtility" name="test_file_specified_encoding" time="1.089" timestamp="2023-11-30T21:30:44" file="tests/test_utility.py" line="46"/>
		<testcase classname="tests.test_utility.TestUnidecodeUtility" name="test_file_stdin" time="0.900" timestamp="2023-11-30T21:30:45" file="tests/test_utility.py" line="59"/>
		<testcase classname="tests.test_utility.TestUnidecodeUtility" name="test_commandline" time="1.049" timestamp="2023-11-30T21:30:41" file="tests/test_utility.py" line="66">
			<failure type="AssertionError" message="'' != 'Ge \n'
+ Ge 
"><![CDATA[Traceback (most recent call last):
  File "/workdir/Unidecode-1.3.6/tests/test_utility.py", line 68, in test_commandline
    self.assertEqual(out, self.TEST_ASCII + '\n')
AssertionError: '' != 'Ge \n'
+ Ge 

]]></failure>
		</testcase>
	</testsuite>
</testsuites>
