<?xml version="1.0" encoding="utf-8"?><testsuites><testsuite name="pytest" errors="2" failures="0" skipped="0" tests="2" time="0.438" timestamp="2023-11-30T23:13:18.215699" hostname="be2d8ee410eb"><testcase classname="" name="compliance.test_client" time="0.000"><error message="collection failure">Traceback (most recent call last):
  File "/workdir/websockets-10.4/.tox/cpythonlibtest-unit-test-tests/lib/python3.10/site-packages/_pytest/runner.py", line 341, in from_call
    result: Optional[TResult] = func()
  File "/workdir/websockets-10.4/.tox/cpythonlibtest-unit-test-tests/lib/python3.10/site-packages/_pytest/runner.py", line 372, in &lt;lambda&gt;
    call = CallInfo.from_call(lambda: list(collector.collect()), "collect")
  File "/workdir/websockets-10.4/.tox/cpythonlibtest-unit-test-tests/lib/python3.10/site-packages/_pytest/python.py", line 531, in collect
    self._inject_setup_module_fixture()
  File "/workdir/websockets-10.4/.tox/cpythonlibtest-unit-test-tests/lib/python3.10/site-packages/_pytest/python.py", line 545, in _inject_setup_module_fixture
    self.obj, ("setUpModule", "setup_module")
  File "/workdir/websockets-10.4/.tox/cpythonlibtest-unit-test-tests/lib/python3.10/site-packages/_pytest/python.py", line 310, in obj
    self._obj = obj = self._getobj()
  File "/workdir/websockets-10.4/.tox/cpythonlibtest-unit-test-tests/lib/python3.10/site-packages/_pytest/python.py", line 528, in _getobj
    return self._importtestmodule()
  File "/workdir/websockets-10.4/.tox/cpythonlibtest-unit-test-tests/lib/python3.10/site-packages/_pytest/python.py", line 617, in _importtestmodule
    mod = import_path(self.path, mode=importmode, root=self.config.rootpath)
  File "/workdir/websockets-10.4/.tox/cpythonlibtest-unit-test-tests/lib/python3.10/site-packages/_pytest/pathlib.py", line 567, in import_path
    importlib.import_module(module_name)
  File "/usr/local/lib/python3.10/importlib/__init__.py", line 126, in import_module
    return _bootstrap._gcd_import(name[level:], package, level)
  File "&lt;frozen importlib._bootstrap&gt;", line 1050, in _gcd_import
  File "&lt;frozen importlib._bootstrap&gt;", line 1027, in _find_and_load
  File "&lt;frozen importlib._bootstrap&gt;", line 1006, in _find_and_load_unlocked
  File "&lt;frozen importlib._bootstrap&gt;", line 688, in _load_unlocked
  File "/workdir/websockets-10.4/.tox/cpythonlibtest-unit-test-tests/lib/python3.10/site-packages/_pytest/assertion/rewrite.py", line 186, in exec_module
    exec(co, module.__dict__)
  File "/workdir/websockets-10.4/compliance/test_client.py", line 48, in &lt;module&gt;
    asyncio.run(run_tests(SERVER, urllib.parse.quote(AGENT)))
  File "/usr/local/lib/python3.10/asyncio/runners.py", line 44, in run
    return loop.run_until_complete(main)
  File "/usr/local/lib/python3.10/asyncio/base_events.py", line 649, in run_until_complete
    return future.result()
  File "/workdir/websockets-10.4/compliance/test_client.py", line 40, in run_tests
    cases = await get_case_count(server)
  File "/workdir/websockets-10.4/compliance/test_client.py", line 21, in get_case_count
    async with websockets.connect(uri) as ws:
  File "/workdir/websockets-10.4/.tox/cpythonlibtest-unit-test-tests/lib/python3.10/site-packages/websockets/legacy/client.py", line 642, in __aenter__
    return await self
  File "/workdir/websockets-10.4/.tox/cpythonlibtest-unit-test-tests/lib/python3.10/site-packages/websockets/legacy/client.py", line 659, in __await_impl_timeout__
    return await asyncio.wait_for(self.__await_impl__(), self.open_timeout)
  File "/usr/local/lib/python3.10/asyncio/tasks.py", line 445, in wait_for
    return fut.result()
  File "/workdir/websockets-10.4/.tox/cpythonlibtest-unit-test-tests/lib/python3.10/site-packages/websockets/legacy/client.py", line 663, in __await_impl__
    _transport, _protocol = await self._create_connection()
  File "/usr/local/lib/python3.10/asyncio/base_events.py", line 1067, in create_connection
    raise exceptions[0]
  File "/usr/local/lib/python3.10/asyncio/base_events.py", line 1052, in create_connection
    sock = await self._connect_sock(
  File "/usr/local/lib/python3.10/asyncio/base_events.py", line 963, in _connect_sock
    await self.sock_connect(sock, address)
  File "/usr/local/lib/python3.10/asyncio/selector_events.py", line 500, in sock_connect
    return await fut
  File "/usr/local/lib/python3.10/asyncio/selector_events.py", line 535, in _sock_connect_cb
    raise OSError(err, f'Connect call failed {address}')
ConnectionRefusedError: [Errno 111] Connect call failed ('127.0.0.1', 8642)</error></testcase><testcase classname="" name="compliance.test_server" time="0.000"><error message="collection failure">Traceback (most recent call last):
  File "/workdir/websockets-10.4/.tox/cpythonlibtest-unit-test-tests/lib/python3.10/site-packages/_pytest/runner.py", line 341, in from_call
    result: Optional[TResult] = func()
  File "/workdir/websockets-10.4/.tox/cpythonlibtest-unit-test-tests/lib/python3.10/site-packages/_pytest/runner.py", line 372, in &lt;lambda&gt;
    call = CallInfo.from_call(lambda: list(collector.collect()), "collect")
  File "/workdir/websockets-10.4/.tox/cpythonlibtest-unit-test-tests/lib/python3.10/site-packages/_pytest/python.py", line 531, in collect
    self._inject_setup_module_fixture()
  File "/workdir/websockets-10.4/.tox/cpythonlibtest-unit-test-tests/lib/python3.10/site-packages/_pytest/python.py", line 545, in _inject_setup_module_fixture
    self.obj, ("setUpModule", "setup_module")
  File "/workdir/websockets-10.4/.tox/cpythonlibtest-unit-test-tests/lib/python3.10/site-packages/_pytest/python.py", line 310, in obj
    self._obj = obj = self._getobj()
  File "/workdir/websockets-10.4/.tox/cpythonlibtest-unit-test-tests/lib/python3.10/site-packages/_pytest/python.py", line 528, in _getobj
    return self._importtestmodule()
  File "/workdir/websockets-10.4/.tox/cpythonlibtest-unit-test-tests/lib/python3.10/site-packages/_pytest/python.py", line 617, in _importtestmodule
    mod = import_path(self.path, mode=importmode, root=self.config.rootpath)
  File "/workdir/websockets-10.4/.tox/cpythonlibtest-unit-test-tests/lib/python3.10/site-packages/_pytest/pathlib.py", line 567, in import_path
    importlib.import_module(module_name)
  File "/usr/local/lib/python3.10/importlib/__init__.py", line 126, in import_module
    return _bootstrap._gcd_import(name[level:], package, level)
  File "&lt;frozen importlib._bootstrap&gt;", line 1050, in _gcd_import
  File "&lt;frozen importlib._bootstrap&gt;", line 1027, in _find_and_load
  File "&lt;frozen importlib._bootstrap&gt;", line 1006, in _find_and_load_unlocked
  File "&lt;frozen importlib._bootstrap&gt;", line 688, in _load_unlocked
  File "/workdir/websockets-10.4/.tox/cpythonlibtest-unit-test-tests/lib/python3.10/site-packages/_pytest/assertion/rewrite.py", line 186, in exec_module
    exec(co, module.__dict__)
  File "/workdir/websockets-10.4/compliance/test_server.py", line 29, in &lt;module&gt;
    asyncio.run(main())
  File "/usr/local/lib/python3.10/asyncio/runners.py", line 44, in run
    return loop.run_until_complete(main)
  File "/usr/local/lib/python3.10/asyncio/base_events.py", line 649, in run_until_complete
    return future.result()
  File "/workdir/websockets-10.4/compliance/test_server.py", line 22, in main
    with websockets.serve(echo, HOST, PORT, max_size=2 ** 25, max_queue=1):
AttributeError: __enter__</error></testcase></testsuite></testsuites>