<?xml version="1.0" encoding="utf-8"?><testsuites><testsuite name="pytest" errors="43" failures="0" skipped="3" tests="46" time="0.988" timestamp="2023-11-22T03:59:20.288834" hostname="80ac3eb7f7f2"><testcase classname="" name="tests.integration_tests.api.auth_methods.test_approle" time="0.000"><error message="collection failure">ImportError while importing test module '/workdir/hvac-1.1.1/tests/integration_tests/api/auth_methods/test_approle.py'.
Hint: make sure your test modules/packages have valid Python names.
Traceback:
/usr/local/lib/python3.10/importlib/__init__.py:126: in import_module
    return _bootstrap._gcd_import(name[level:], package, level)
tests/integration_tests/api/auth_methods/test_approle.py:4: in &lt;module&gt;
    from parameterized import parameterized
E   ModuleNotFoundError: No module named 'parameterized'</error></testcase><testcase classname="" name="tests.integration_tests.api.auth_methods.test_azure" time="0.000"><error message="collection failure">ImportError while importing test module '/workdir/hvac-1.1.1/tests/integration_tests/api/auth_methods/test_azure.py'.
Hint: make sure your test modules/packages have valid Python names.
Traceback:
/usr/local/lib/python3.10/importlib/__init__.py:126: in import_module
    return _bootstrap._gcd_import(name[level:], package, level)
tests/integration_tests/api/auth_methods/test_azure.py:5: in &lt;module&gt;
    from parameterized import parameterized, param
E   ModuleNotFoundError: No module named 'parameterized'</error></testcase><testcase classname="" name="tests.integration_tests.api.auth_methods.test_cert" time="0.000"><error message="collection failure">ImportError while importing test module '/workdir/hvac-1.1.1/tests/integration_tests/api/auth_methods/test_cert.py'.
Hint: make sure your test modules/packages have valid Python names.
Traceback:
/usr/local/lib/python3.10/importlib/__init__.py:126: in import_module
    return _bootstrap._gcd_import(name[level:], package, level)
tests/integration_tests/api/auth_methods/test_cert.py:4: in &lt;module&gt;
    from parameterized import parameterized
E   ModuleNotFoundError: No module named 'parameterized'</error></testcase><testcase classname="" name="tests.integration_tests.api.auth_methods.test_gcp" time="0.000"><error message="collection failure">ImportError while importing test module '/workdir/hvac-1.1.1/tests/integration_tests/api/auth_methods/test_gcp.py'.
Hint: make sure your test modules/packages have valid Python names.
Traceback:
/usr/local/lib/python3.10/importlib/__init__.py:126: in import_module
    return _bootstrap._gcd_import(name[level:], package, level)
tests/integration_tests/api/auth_methods/test_gcp.py:5: in &lt;module&gt;
    from parameterized import parameterized, param
E   ModuleNotFoundError: No module named 'parameterized'</error></testcase><testcase classname="" name="tests.integration_tests.api.auth_methods.test_github" time="0.000"><error message="collection failure">ImportError while importing test module '/workdir/hvac-1.1.1/tests/integration_tests/api/auth_methods/test_github.py'.
Hint: make sure your test modules/packages have valid Python names.
Traceback:
/usr/local/lib/python3.10/importlib/__init__.py:126: in import_module
    return _bootstrap._gcd_import(name[level:], package, level)
tests/integration_tests/api/auth_methods/test_github.py:7: in &lt;module&gt;
    from parameterized import parameterized
E   ModuleNotFoundError: No module named 'parameterized'</error></testcase><testcase classname="" name="tests.integration_tests.api.auth_methods.test_jwt" time="0.000"><error message="collection failure">ImportError while importing test module '/workdir/hvac-1.1.1/tests/integration_tests/api/auth_methods/test_jwt.py'.
Hint: make sure your test modules/packages have valid Python names.
Traceback:
/usr/local/lib/python3.10/importlib/__init__.py:126: in import_module
    return _bootstrap._gcd_import(name[level:], package, level)
tests/integration_tests/api/auth_methods/test_jwt.py:4: in &lt;module&gt;
    from parameterized import param, parameterized
E   ModuleNotFoundError: No module named 'parameterized'</error></testcase><testcase classname="" name="tests.integration_tests.api.auth_methods.test_kubernetes" time="0.000"><error message="collection failure">ImportError while importing test module '/workdir/hvac-1.1.1/tests/integration_tests/api/auth_methods/test_kubernetes.py'.
Hint: make sure your test modules/packages have valid Python names.
Traceback:
/usr/local/lib/python3.10/importlib/__init__.py:126: in import_module
    return _bootstrap._gcd_import(name[level:], package, level)
tests/integration_tests/api/auth_methods/test_kubernetes.py:5: in &lt;module&gt;
    from parameterized import parameterized, param
E   ModuleNotFoundError: No module named 'parameterized'</error></testcase><testcase classname="" name="tests.integration_tests.api.auth_methods.test_ldap" time="0.000"><error message="collection failure">ImportError while importing test module '/workdir/hvac-1.1.1/tests/integration_tests/api/auth_methods/test_ldap.py'.
Hint: make sure your test modules/packages have valid Python names.
Traceback:
/usr/local/lib/python3.10/importlib/__init__.py:126: in import_module
    return _bootstrap._gcd_import(name[level:], package, level)
tests/integration_tests/api/auth_methods/test_ldap.py:5: in &lt;module&gt;
    from parameterized import parameterized, param
E   ModuleNotFoundError: No module named 'parameterized'</error></testcase><testcase classname="" name="tests.integration_tests.api.auth_methods.test_legacy_mfa" time="0.000"><error message="collection failure">ImportError while importing test module '/workdir/hvac-1.1.1/tests/integration_tests/api/auth_methods/test_legacy_mfa.py'.
Hint: make sure your test modules/packages have valid Python names.
Traceback:
/usr/local/lib/python3.10/importlib/__init__.py:126: in import_module
    return _bootstrap._gcd_import(name[level:], package, level)
tests/integration_tests/api/auth_methods/test_legacy_mfa.py:4: in &lt;module&gt;
    from parameterized import parameterized
E   ModuleNotFoundError: No module named 'parameterized'</error></testcase><testcase classname="" name="tests.integration_tests.api.auth_methods.test_oidc" time="0.000"><error message="collection failure">ImportError while importing test module '/workdir/hvac-1.1.1/tests/integration_tests/api/auth_methods/test_oidc.py'.
Hint: make sure your test modules/packages have valid Python names.
Traceback:
/usr/local/lib/python3.10/importlib/__init__.py:126: in import_module
    return _bootstrap._gcd_import(name[level:], package, level)
tests/integration_tests/api/auth_methods/test_oidc.py:5: in &lt;module&gt;
    from parameterized import param, parameterized
E   ModuleNotFoundError: No module named 'parameterized'</error></testcase><testcase classname="" name="tests.integration_tests.api.auth_methods.test_okta" time="0.000"><error message="collection failure">ImportError while importing test module '/workdir/hvac-1.1.1/tests/integration_tests/api/auth_methods/test_okta.py'.
Hint: make sure your test modules/packages have valid Python names.
Traceback:
/usr/local/lib/python3.10/importlib/__init__.py:126: in import_module
    return _bootstrap._gcd_import(name[level:], package, level)
tests/integration_tests/api/auth_methods/test_okta.py:4: in &lt;module&gt;
    from parameterized import parameterized, param
E   ModuleNotFoundError: No module named 'parameterized'</error></testcase><testcase classname="" name="tests.integration_tests.api.secrets_engines.test_aws" time="0.000"><error message="collection failure">ImportError while importing test module '/workdir/hvac-1.1.1/tests/integration_tests/api/secrets_engines/test_aws.py'.
Hint: make sure your test modules/packages have valid Python names.
Traceback:
/usr/local/lib/python3.10/importlib/__init__.py:126: in import_module
    return _bootstrap._gcd_import(name[level:], package, level)
tests/integration_tests/api/secrets_engines/test_aws.py:6: in &lt;module&gt;
    from parameterized import parameterized, param
E   ModuleNotFoundError: No module named 'parameterized'</error></testcase><testcase classname="" name="tests.integration_tests.api.secrets_engines.test_azure" time="0.000"><error message="collection failure">ImportError while importing test module '/workdir/hvac-1.1.1/tests/integration_tests/api/secrets_engines/test_azure.py'.
Hint: make sure your test modules/packages have valid Python names.
Traceback:
/usr/local/lib/python3.10/importlib/__init__.py:126: in import_module
    return _bootstrap._gcd_import(name[level:], package, level)
tests/integration_tests/api/secrets_engines/test_azure.py:5: in &lt;module&gt;
    from parameterized import parameterized
E   ModuleNotFoundError: No module named 'parameterized'</error></testcase><testcase classname="" name="tests.integration_tests.api.secrets_engines.test_gcp" time="0.000"><error message="collection failure">ImportError while importing test module '/workdir/hvac-1.1.1/tests/integration_tests/api/secrets_engines/test_gcp.py'.
Hint: make sure your test modules/packages have valid Python names.
Traceback:
/usr/local/lib/python3.10/importlib/__init__.py:126: in import_module
    return _bootstrap._gcd_import(name[level:], package, level)
tests/integration_tests/api/secrets_engines/test_gcp.py:4: in &lt;module&gt;
    from parameterized import param, parameterized
E   ModuleNotFoundError: No module named 'parameterized'</error></testcase><testcase classname="" name="tests.integration_tests.api.secrets_engines.test_identity" time="0.000"><error message="collection failure">ImportError while importing test module '/workdir/hvac-1.1.1/tests/integration_tests/api/secrets_engines/test_identity.py'.
Hint: make sure your test modules/packages have valid Python names.
Traceback:
/usr/local/lib/python3.10/importlib/__init__.py:126: in import_module
    return _bootstrap._gcd_import(name[level:], package, level)
tests/integration_tests/api/secrets_engines/test_identity.py:5: in &lt;module&gt;
    from parameterized import parameterized, param
E   ModuleNotFoundError: No module named 'parameterized'</error></testcase><testcase classname="" name="tests.integration_tests.api.secrets_engines.test_kv_v1" time="0.000"><error message="collection failure">ImportError while importing test module '/workdir/hvac-1.1.1/tests/integration_tests/api/secrets_engines/test_kv_v1.py'.
Hint: make sure your test modules/packages have valid Python names.
Traceback:
/usr/local/lib/python3.10/importlib/__init__.py:126: in import_module
    return _bootstrap._gcd_import(name[level:], package, level)
tests/integration_tests/api/secrets_engines/test_kv_v1.py:3: in &lt;module&gt;
    from parameterized import parameterized
E   ModuleNotFoundError: No module named 'parameterized'</error></testcase><testcase classname="" name="tests.integration_tests.api.secrets_engines.test_kv_v2" time="0.000"><error message="collection failure">ImportError while importing test module '/workdir/hvac-1.1.1/tests/integration_tests/api/secrets_engines/test_kv_v2.py'.
Hint: make sure your test modules/packages have valid Python names.
Traceback:
/usr/local/lib/python3.10/importlib/__init__.py:126: in import_module
    return _bootstrap._gcd_import(name[level:], package, level)
tests/integration_tests/api/secrets_engines/test_kv_v2.py:5: in &lt;module&gt;
    from parameterized import parameterized, param
E   ModuleNotFoundError: No module named 'parameterized'</error></testcase><testcase classname="" name="tests.integration_tests.api.secrets_engines.test_pki" time="0.000"><error message="collection failure">ImportError while importing test module '/workdir/hvac-1.1.1/tests/integration_tests/api/secrets_engines/test_pki.py'.
Hint: make sure your test modules/packages have valid Python names.
Traceback:
/usr/local/lib/python3.10/importlib/__init__.py:126: in import_module
    return _bootstrap._gcd_import(name[level:], package, level)
tests/integration_tests/api/secrets_engines/test_pki.py:4: in &lt;module&gt;
    from parameterized import parameterized, param
E   ModuleNotFoundError: No module named 'parameterized'</error></testcase><testcase classname="" name="tests.integration_tests.api.secrets_engines.test_ssh" time="0.000"><error message="collection failure">ImportError while importing test module '/workdir/hvac-1.1.1/tests/integration_tests/api/secrets_engines/test_ssh.py'.
Hint: make sure your test modules/packages have valid Python names.
Traceback:
/usr/local/lib/python3.10/importlib/__init__.py:126: in import_module
    return _bootstrap._gcd_import(name[level:], package, level)
tests/integration_tests/api/secrets_engines/test_ssh.py:4: in &lt;module&gt;
    from parameterized import parameterized, param
E   ModuleNotFoundError: No module named 'parameterized'</error></testcase><testcase classname="" name="tests.integration_tests.api.secrets_engines.test_transform" time="0.000"><skipped message="collection skipped">('/workdir/hvac-1.1.1/tests/utils/__init__.py', 26, 'unittest.case.SkipTest: Vault executable not found')</skipped></testcase><testcase classname="" name="tests.integration_tests.api.secrets_engines.test_transit" time="0.000"><error message="collection failure">ImportError while importing test module '/workdir/hvac-1.1.1/tests/integration_tests/api/secrets_engines/test_transit.py'.
Hint: make sure your test modules/packages have valid Python names.
Traceback:
/usr/local/lib/python3.10/importlib/__init__.py:126: in import_module
    return _bootstrap._gcd_import(name[level:], package, level)
tests/integration_tests/api/secrets_engines/test_transit.py:5: in &lt;module&gt;
    from parameterized import parameterized, param
E   ModuleNotFoundError: No module named 'parameterized'</error></testcase><testcase classname="" name="tests.integration_tests.api.system_backend.test_audit" time="0.000"><error message="collection failure">ImportError while importing test module '/workdir/hvac-1.1.1/tests/integration_tests/api/system_backend/test_audit.py'.
Hint: make sure your test modules/packages have valid Python names.
Traceback:
/usr/local/lib/python3.10/importlib/__init__.py:126: in import_module
    return _bootstrap._gcd_import(name[level:], package, level)
tests/integration_tests/api/system_backend/test_audit.py:4: in &lt;module&gt;
    from parameterized import parameterized, param
E   ModuleNotFoundError: No module named 'parameterized'</error></testcase><testcase classname="" name="tests.integration_tests.api.system_backend.test_health" time="0.000"><error message="collection failure">ImportError while importing test module '/workdir/hvac-1.1.1/tests/integration_tests/api/system_backend/test_health.py'.
Hint: make sure your test modules/packages have valid Python names.
Traceback:
/usr/local/lib/python3.10/importlib/__init__.py:126: in import_module
    return _bootstrap._gcd_import(name[level:], package, level)
tests/integration_tests/api/system_backend/test_health.py:4: in &lt;module&gt;
    from parameterized import parameterized, param
E   ModuleNotFoundError: No module named 'parameterized'</error></testcase><testcase classname="" name="tests.integration_tests.api.system_backend.test_namespace" time="0.000"><skipped message="collection skipped">('/workdir/hvac-1.1.1/tests/utils/__init__.py', 26, 'unittest.case.SkipTest: Vault executable not found')</skipped></testcase><testcase classname="" name="tests.integration_tests.api.system_backend.test_policy" time="0.000"><error message="collection failure">ImportError while importing test module '/workdir/hvac-1.1.1/tests/integration_tests/api/system_backend/test_policy.py'.
Hint: make sure your test modules/packages have valid Python names.
Traceback:
/usr/local/lib/python3.10/importlib/__init__.py:126: in import_module
    return _bootstrap._gcd_import(name[level:], package, level)
tests/integration_tests/api/system_backend/test_policy.py:5: in &lt;module&gt;
    from parameterized import parameterized, param
E   ModuleNotFoundError: No module named 'parameterized'</error></testcase><testcase classname="" name="tests.integration_tests.v1.test_approle" time="0.000"><error message="collection failure">ImportError while importing test module '/workdir/hvac-1.1.1/tests/integration_tests/v1/test_approle.py'.
Hint: make sure your test modules/packages have valid Python names.
Traceback:
/usr/local/lib/python3.10/importlib/__init__.py:126: in import_module
    return _bootstrap._gcd_import(name[level:], package, level)
tests/integration_tests/v1/test_approle.py:4: in &lt;module&gt;
    from parameterized import parameterized, param
E   ModuleNotFoundError: No module named 'parameterized'</error></testcase><testcase classname="" name="tests.integration_tests.v1.test_integration" time="0.000"><skipped message="collection skipped">('/workdir/hvac-1.1.1/tests/utils/__init__.py', 26, 'unittest.case.SkipTest: Vault executable not found')</skipped></testcase><testcase classname="" name="tests.integration_tests.v1.test_system_backend" time="0.000"><error message="collection failure">ImportError while importing test module '/workdir/hvac-1.1.1/tests/integration_tests/v1/test_system_backend.py'.
Hint: make sure your test modules/packages have valid Python names.
Traceback:
/usr/local/lib/python3.10/importlib/__init__.py:126: in import_module
    return _bootstrap._gcd_import(name[level:], package, level)
tests/integration_tests/v1/test_system_backend.py:4: in &lt;module&gt;
    from parameterized import parameterized, param
E   ModuleNotFoundError: No module named 'parameterized'</error></testcase><testcase classname="" name="tests.unit_tests.test_adapters" time="0.000"><error message="collection failure">ImportError while importing test module '/workdir/hvac-1.1.1/tests/unit_tests/test_adapters.py'.
Hint: make sure your test modules/packages have valid Python names.
Traceback:
/usr/local/lib/python3.10/importlib/__init__.py:126: in import_module
    return _bootstrap._gcd_import(name[level:], package, level)
tests/unit_tests/test_adapters.py:7: in &lt;module&gt;
    import requests_mock
E   ModuleNotFoundError: No module named 'requests_mock'</error></testcase><testcase classname="" name="tests.unit_tests.api.auth_methods.test_approle" time="0.000"><error message="collection failure">ImportError while importing test module '/workdir/hvac-1.1.1/tests/unit_tests/api/auth_methods/test_approle.py'.
Hint: make sure your test modules/packages have valid Python names.
Traceback:
/usr/local/lib/python3.10/importlib/__init__.py:126: in import_module
    return _bootstrap._gcd_import(name[level:], package, level)
tests/unit_tests/api/auth_methods/test_approle.py:3: in &lt;module&gt;
    import requests_mock
E   ModuleNotFoundError: No module named 'requests_mock'</error></testcase><testcase classname="" name="tests.unit_tests.api.auth_methods.test_azure" time="0.000"><error message="collection failure">ImportError while importing test module '/workdir/hvac-1.1.1/tests/unit_tests/api/auth_methods/test_azure.py'.
Hint: make sure your test modules/packages have valid Python names.
Traceback:
/usr/local/lib/python3.10/importlib/__init__.py:126: in import_module
    return _bootstrap._gcd_import(name[level:], package, level)
tests/unit_tests/api/auth_methods/test_azure.py:5: in &lt;module&gt;
    import requests_mock
E   ModuleNotFoundError: No module named 'requests_mock'</error></testcase><testcase classname="" name="tests.unit_tests.api.auth_methods.test_gcp" time="0.000"><error message="collection failure">ImportError while importing test module '/workdir/hvac-1.1.1/tests/unit_tests/api/auth_methods/test_gcp.py'.
Hint: make sure your test modules/packages have valid Python names.
Traceback:
/usr/local/lib/python3.10/importlib/__init__.py:126: in import_module
    return _bootstrap._gcd_import(name[level:], package, level)
tests/unit_tests/api/auth_methods/test_gcp.py:4: in &lt;module&gt;
    import requests_mock
E   ModuleNotFoundError: No module named 'requests_mock'</error></testcase><testcase classname="" name="tests.unit_tests.api.auth_methods.test_github" time="0.000"><error message="collection failure">ImportError while importing test module '/workdir/hvac-1.1.1/tests/unit_tests/api/auth_methods/test_github.py'.
Hint: make sure your test modules/packages have valid Python names.
Traceback:
/usr/local/lib/python3.10/importlib/__init__.py:126: in import_module
    return _bootstrap._gcd_import(name[level:], package, level)
tests/unit_tests/api/auth_methods/test_github.py:3: in &lt;module&gt;
    import requests_mock
E   ModuleNotFoundError: No module named 'requests_mock'</error></testcase><testcase classname="" name="tests.unit_tests.api.auth_methods.test_kubernetes" time="0.000"><error message="collection failure">ImportError while importing test module '/workdir/hvac-1.1.1/tests/unit_tests/api/auth_methods/test_kubernetes.py'.
Hint: make sure your test modules/packages have valid Python names.
Traceback:
/usr/local/lib/python3.10/importlib/__init__.py:126: in import_module
    return _bootstrap._gcd_import(name[level:], package, level)
tests/unit_tests/api/auth_methods/test_kubernetes.py:5: in &lt;module&gt;
    import requests_mock
E   ModuleNotFoundError: No module named 'requests_mock'</error></testcase><testcase classname="" name="tests.unit_tests.api.auth_methods.test_ldap" time="0.000"><error message="collection failure">ImportError while importing test module '/workdir/hvac-1.1.1/tests/unit_tests/api/auth_methods/test_ldap.py'.
Hint: make sure your test modules/packages have valid Python names.
Traceback:
/usr/local/lib/python3.10/importlib/__init__.py:126: in import_module
    return _bootstrap._gcd_import(name[level:], package, level)
tests/unit_tests/api/auth_methods/test_ldap.py:3: in &lt;module&gt;
    import requests_mock
E   ModuleNotFoundError: No module named 'requests_mock'</error></testcase><testcase classname="" name="tests.unit_tests.api.auth_methods.test_mfa" time="0.000"><error message="collection failure">ImportError while importing test module '/workdir/hvac-1.1.1/tests/unit_tests/api/auth_methods/test_mfa.py'.
Hint: make sure your test modules/packages have valid Python names.
Traceback:
/usr/local/lib/python3.10/importlib/__init__.py:126: in import_module
    return _bootstrap._gcd_import(name[level:], package, level)
tests/unit_tests/api/auth_methods/test_mfa.py:3: in &lt;module&gt;
    import requests_mock
E   ModuleNotFoundError: No module named 'requests_mock'</error></testcase><testcase classname="" name="tests.unit_tests.api.auth_methods.test_okta" time="0.000"><error message="collection failure">ImportError while importing test module '/workdir/hvac-1.1.1/tests/unit_tests/api/auth_methods/test_okta.py'.
Hint: make sure your test modules/packages have valid Python names.
Traceback:
/usr/local/lib/python3.10/importlib/__init__.py:126: in import_module
    return _bootstrap._gcd_import(name[level:], package, level)
tests/unit_tests/api/auth_methods/test_okta.py:4: in &lt;module&gt;
    import requests_mock
E   ModuleNotFoundError: No module named 'requests_mock'</error></testcase><testcase classname="" name="tests.unit_tests.api.secrets_engines.test_aws" time="0.000"><error message="collection failure">ImportError while importing test module '/workdir/hvac-1.1.1/tests/unit_tests/api/secrets_engines/test_aws.py'.
Hint: make sure your test modules/packages have valid Python names.
Traceback:
/usr/local/lib/python3.10/importlib/__init__.py:126: in import_module
    return _bootstrap._gcd_import(name[level:], package, level)
tests/unit_tests/api/secrets_engines/test_aws.py:5: in &lt;module&gt;
    import requests_mock
E   ModuleNotFoundError: No module named 'requests_mock'</error></testcase><testcase classname="" name="tests.unit_tests.api.secrets_engines.test_azure" time="0.000"><error message="collection failure">ImportError while importing test module '/workdir/hvac-1.1.1/tests/unit_tests/api/secrets_engines/test_azure.py'.
Hint: make sure your test modules/packages have valid Python names.
Traceback:
/usr/local/lib/python3.10/importlib/__init__.py:126: in import_module
    return _bootstrap._gcd_import(name[level:], package, level)
tests/unit_tests/api/secrets_engines/test_azure.py:5: in &lt;module&gt;
    import requests_mock
E   ModuleNotFoundError: No module named 'requests_mock'</error></testcase><testcase classname="" name="tests.unit_tests.api.secrets_engines.test_gcp" time="0.000"><error message="collection failure">ImportError while importing test module '/workdir/hvac-1.1.1/tests/unit_tests/api/secrets_engines/test_gcp.py'.
Hint: make sure your test modules/packages have valid Python names.
Traceback:
/usr/local/lib/python3.10/importlib/__init__.py:126: in import_module
    return _bootstrap._gcd_import(name[level:], package, level)
tests/unit_tests/api/secrets_engines/test_gcp.py:5: in &lt;module&gt;
    import requests_mock
E   ModuleNotFoundError: No module named 'requests_mock'</error></testcase><testcase classname="" name="tests.unit_tests.api.secrets_engines.test_kv" time="0.000"><error message="collection failure">ImportError while importing test module '/workdir/hvac-1.1.1/tests/unit_tests/api/secrets_engines/test_kv.py'.
Hint: make sure your test modules/packages have valid Python names.
Traceback:
/usr/local/lib/python3.10/importlib/__init__.py:126: in import_module
    return _bootstrap._gcd_import(name[level:], package, level)
tests/unit_tests/api/secrets_engines/test_kv.py:7: in &lt;module&gt;
    from parameterized import parameterized
E   ModuleNotFoundError: No module named 'parameterized'</error></testcase><testcase classname="" name="tests.unit_tests.v1.test_approle_routes" time="0.000"><error message="collection failure">ImportError while importing test module '/workdir/hvac-1.1.1/tests/unit_tests/v1/test_approle_routes.py'.
Hint: make sure your test modules/packages have valid Python names.
Traceback:
/usr/local/lib/python3.10/importlib/__init__.py:126: in import_module
    return _bootstrap._gcd_import(name[level:], package, level)
tests/unit_tests/v1/test_approle_routes.py:3: in &lt;module&gt;
    import requests_mock
E   ModuleNotFoundError: No module named 'requests_mock'</error></testcase><testcase classname="" name="tests.unit_tests.v1.test_auth_methods" time="0.000"><error message="collection failure">ImportError while importing test module '/workdir/hvac-1.1.1/tests/unit_tests/v1/test_auth_methods.py'.
Hint: make sure your test modules/packages have valid Python names.
Traceback:
/usr/local/lib/python3.10/importlib/__init__.py:126: in import_module
    return _bootstrap._gcd_import(name[level:], package, level)
tests/unit_tests/v1/test_auth_methods.py:3: in &lt;module&gt;
    import requests_mock
E   ModuleNotFoundError: No module named 'requests_mock'</error></testcase><testcase classname="" name="tests.unit_tests.v1.test_aws_ec2_methods" time="0.000"><error message="collection failure">ImportError while importing test module '/workdir/hvac-1.1.1/tests/unit_tests/v1/test_aws_ec2_methods.py'.
Hint: make sure your test modules/packages have valid Python names.
Traceback:
/usr/local/lib/python3.10/importlib/__init__.py:126: in import_module
    return _bootstrap._gcd_import(name[level:], package, level)
tests/unit_tests/v1/test_aws_ec2_methods.py:3: in &lt;module&gt;
    import requests_mock
E   ModuleNotFoundError: No module named 'requests_mock'</error></testcase><testcase classname="" name="tests.unit_tests.v1.test_gcp_methods" time="0.000"><error message="collection failure">ImportError while importing test module '/workdir/hvac-1.1.1/tests/unit_tests/v1/test_gcp_methods.py'.
Hint: make sure your test modules/packages have valid Python names.
Traceback:
/usr/local/lib/python3.10/importlib/__init__.py:126: in import_module
    return _bootstrap._gcd_import(name[level:], package, level)
tests/unit_tests/v1/test_gcp_methods.py:3: in &lt;module&gt;
    import requests_mock
E   ModuleNotFoundError: No module named 'requests_mock'</error></testcase><testcase classname="" name="tests.unit_tests.v1.test_system_backend_methods" time="0.000"><error message="collection failure">ImportError while importing test module '/workdir/hvac-1.1.1/tests/unit_tests/v1/test_system_backend_methods.py'.
Hint: make sure your test modules/packages have valid Python names.
Traceback:
/usr/local/lib/python3.10/importlib/__init__.py:126: in import_module
    return _bootstrap._gcd_import(name[level:], package, level)
tests/unit_tests/v1/test_system_backend_methods.py:3: in &lt;module&gt;
    import requests_mock
E   ModuleNotFoundError: No module named 'requests_mock'</error></testcase></testsuite></testsuites>