.package create: /workdir/bokeh-3.0.2/.tox/.package
.package installdeps: setuptools>=64, setuptools-git-versioning, colorama
package init file 'src/typings/__init__.py' not found (or not a regular file)
package init file 'src/bokeh/server/static/__init__.py' not found (or not a regular file)
package init file 'src/bokeh/sampledata/_data/__init__.py' not found (or not a regular file)
package init file 'src/bokeh/sampledata/_data/icons/__init__.py' not found (or not a regular file)
package init file 'src/bokeh/sphinxext/_templates/__init__.py' not found (or not a regular file)
package init file 'src/bokeh/core/_templates/__init__.py' not found (or not a regular file)
package init file 'src/typings/IPython/__init__.py' not found (or not a regular file)
package init file 'src/typings/selenium/__init__.py' not found (or not a regular file)
package init file 'src/typings/jupyter_core/__init__.py' not found (or not a regular file)
package init file 'src/typings/ipykernel/__init__.py' not found (or not a regular file)
package init file 'src/typings/IPython/core/__init__.py' not found (or not a regular file)
package init file 'src/typings/selenium/common/__init__.py' not found (or not a regular file)
package init file 'src/typings/selenium/webdriver/__init__.py' not found (or not a regular file)
package init file 'src/typings/selenium/webdriver/safari/__init__.py' not found (or not a regular file)
package init file 'src/typings/selenium/webdriver/support/__init__.py' not found (or not a regular file)
package init file 'src/typings/selenium/webdriver/chrome/__init__.py' not found (or not a regular file)
package init file 'src/typings/selenium/webdriver/common/__init__.py' not found (or not a regular file)
package init file 'src/typings/selenium/webdriver/remote/__init__.py' not found (or not a regular file)
package init file 'src/typings/selenium/webdriver/firefox/__init__.py' not found (or not a regular file)
package init file 'src/typings/ipykernel/comm/__init__.py' not found (or not a regular file)
warning: no previously-included files found matching 'src/bokeh/server/static/js/*.json'
warning: no previously-included files matching '*.js.map' found anywhere in distribution
warning: no previously-included files matching '*.ts.map' found anywhere in distribution
warning: no files found matching 'src/bokeh/server/static/js/bokeh.json'
package init file 'src/typings/__init__.py' not found (or not a regular file)
package init file 'src/bokeh/server/static/__init__.py' not found (or not a regular file)
package init file 'src/bokeh/sampledata/_data/__init__.py' not found (or not a regular file)
package init file 'src/bokeh/sampledata/_data/icons/__init__.py' not found (or not a regular file)
package init file 'src/bokeh/sphinxext/_templates/__init__.py' not found (or not a regular file)
package init file 'src/bokeh/core/_templates/__init__.py' not found (or not a regular file)
package init file 'src/typings/IPython/__init__.py' not found (or not a regular file)
package init file 'src/typings/selenium/__init__.py' not found (or not a regular file)
package init file 'src/typings/jupyter_core/__init__.py' not found (or not a regular file)
package init file 'src/typings/ipykernel/__init__.py' not found (or not a regular file)
package init file 'src/typings/IPython/core/__init__.py' not found (or not a regular file)
package init file 'src/typings/selenium/common/__init__.py' not found (or not a regular file)
package init file 'src/typings/selenium/webdriver/__init__.py' not found (or not a regular file)
package init file 'src/typings/selenium/webdriver/safari/__init__.py' not found (or not a regular file)
package init file 'src/typings/selenium/webdriver/support/__init__.py' not found (or not a regular file)
package init file 'src/typings/selenium/webdriver/chrome/__init__.py' not found (or not a regular file)
package init file 'src/typings/selenium/webdriver/common/__init__.py' not found (or not a regular file)
package init file 'src/typings/selenium/webdriver/remote/__init__.py' not found (or not a regular file)
package init file 'src/typings/selenium/webdriver/firefox/__init__.py' not found (or not a regular file)
package init file 'src/typings/ipykernel/comm/__init__.py' not found (or not a regular file)
package init file 'src/bokeh/server/static/js/__init__.py' not found (or not a regular file)
package init file 'src/bokeh/server/static/lib/__init__.py' not found (or not a regular file)
package init file 'src/bokeh/server/static/js/types/__init__.py' not found (or not a regular file)
package init file 'src/bokeh/server/static/js/compiler/__init__.py' not found (or not a regular file)
package init file 'src/bokeh/server/static/js/lib/__init__.py' not found (or not a regular file)
package init file 'src/bokeh/server/static/js/types/document/__init__.py' not found (or not a regular file)
package init file 'src/bokeh/server/static/js/types/styles/__init__.py' not found (or not a regular file)
package init file 'src/bokeh/server/static/js/types/api/__init__.py' not found (or not a regular file)
package init file 'src/bokeh/server/static/js/types/core/__init__.py' not found (or not a regular file)
package init file 'src/bokeh/server/static/js/types/embed/__init__.py' not found (or not a regular file)
package init file 'src/bokeh/server/static/js/types/client/__init__.py' not found (or not a regular file)
package init file 'src/bokeh/server/static/js/types/protocol/__init__.py' not found (or not a regular file)
package init file 'src/bokeh/server/static/js/types/models/__init__.py' not found (or not a regular file)
package init file 'src/bokeh/server/static/js/types/styles/widgets/__init__.py' not found (or not a regular file)
package init file 'src/bokeh/server/static/js/types/core/util/__init__.py' not found (or not a regular file)
package init file 'src/bokeh/server/static/js/types/core/serialization/__init__.py' not found (or not a regular file)
package init file 'src/bokeh/server/static/js/types/core/layout/__init__.py' not found (or not a regular file)
package init file 'src/bokeh/server/static/js/types/core/visuals/__init__.py' not found (or not a regular file)
package init file 'src/bokeh/server/static/js/types/models/text/__init__.py' not found (or not a regular file)
package init file 'src/bokeh/server/static/js/types/models/ranges/__init__.py' not found (or not a regular file)
package init file 'src/bokeh/server/static/js/types/models/scales/__init__.py' not found (or not a regular file)
package init file 'src/bokeh/server/static/js/types/models/annotations/__init__.py' not found (or not a regular file)
package init file 'src/bokeh/server/static/js/types/models/tools/__init__.py' not found (or not a regular file)
package init file 'src/bokeh/server/static/js/types/models/graphics/__init__.py' not found (or not a regular file)
package init file 'src/bokeh/server/static/js/types/models/axes/__init__.py' not found (or not a regular file)
package init file 'src/bokeh/server/static/js/types/models/widgets/__init__.py' not found (or not a regular file)
package init file 'src/bokeh/server/static/js/types/models/textures/__init__.py' not found (or not a regular file)
package init file 'src/bokeh/server/static/js/types/models/random/__init__.py' not found (or not a regular file)
package init file 'src/bokeh/server/static/js/types/models/renderers/__init__.py' not found (or not a regular file)
package init file 'src/bokeh/server/static/js/types/models/glyphs/__init__.py' not found (or not a regular file)
package init file 'src/bokeh/server/static/js/types/models/layouts/__init__.py' not found (or not a regular file)
package init file 'src/bokeh/server/static/js/types/models/grids/__init__.py' not found (or not a regular file)
package init file 'src/bokeh/server/static/js/types/models/policies/__init__.py' not found (or not a regular file)
package init file 'src/bokeh/server/static/js/types/models/tickers/__init__.py' not found (or not a regular file)
package init file 'src/bokeh/server/static/js/types/models/plots/__init__.py' not found (or not a regular file)
package init file 'src/bokeh/server/static/js/types/models/formatters/__init__.py' not found (or not a regular file)
package init file 'src/bokeh/server/static/js/types/models/coordinates/__init__.py' not found (or not a regular file)
package init file 'src/bokeh/server/static/js/types/models/selections/__init__.py' not found (or not a regular file)
package init file 'src/bokeh/server/static/js/types/models/transforms/__init__.py' not found (or not a regular file)
package init file 'src/bokeh/server/static/js/types/models/dom/__init__.py' not found (or not a regular file)
package init file 'src/bokeh/server/static/js/types/models/selectors/__init__.py' not found (or not a regular file)
package init file 'src/bokeh/server/static/js/types/models/menus/__init__.py' not found (or not a regular file)
package init file 'src/bokeh/server/static/js/types/models/ui/__init__.py' not found (or not a regular file)
package init file 'src/bokeh/server/static/js/types/models/mappers/__init__.py' not found (or not a regular file)
package init file 'src/bokeh/server/static/js/types/models/expressions/__init__.py' not found (or not a regular file)
package init file 'src/bokeh/server/static/js/types/models/sources/__init__.py' not found (or not a regular file)
package init file 'src/bokeh/server/static/js/types/models/filters/__init__.py' not found (or not a regular file)
package init file 'src/bokeh/server/static/js/types/models/graphs/__init__.py' not found (or not a regular file)
package init file 'src/bokeh/server/static/js/types/models/callbacks/__init__.py' not found (or not a regular file)
package init file 'src/bokeh/server/static/js/types/models/tiles/__init__.py' not found (or not a regular file)
package init file 'src/bokeh/server/static/js/types/models/canvas/__init__.py' not found (or not a regular file)
package init file 'src/bokeh/server/static/js/types/models/text/mathjax/__init__.py' not found (or not a regular file)
package init file 'src/bokeh/server/static/js/types/models/annotations/html/__init__.py' not found (or not a regular file)
package init file 'src/bokeh/server/static/js/types/models/tools/gestures/__init__.py' not found (or not a regular file)
package init file 'src/bokeh/server/static/js/types/models/tools/inspectors/__init__.py' not found (or not a regular file)
package init file 'src/bokeh/server/static/js/types/models/tools/actions/__init__.py' not found (or not a regular file)
package init file 'src/bokeh/server/static/js/types/models/tools/edit/__init__.py' not found (or not a regular file)
package init file 'src/bokeh/server/static/js/types/models/widgets/tables/__init__.py' not found (or not a regular file)
package init file 'src/bokeh/server/static/js/types/models/glyphs/webgl/__init__.py' not found (or not a regular file)
package init file 'src/bokeh/server/static/js/types/models/glyphs/webgl/utils/__init__.py' not found (or not a regular file)
package init file 'src/bokeh/server/static/js/types/models/ui/icons/__init__.py' not found (or not a regular file)
package init file 'src/bokeh/server/static/js/lib/document/__init__.py' not found (or not a regular file)
package init file 'src/bokeh/server/static/js/lib/styles/__init__.py' not found (or not a regular file)
package init file 'src/bokeh/server/static/js/lib/api/__init__.py' not found (or not a regular file)
package init file 'src/bokeh/server/static/js/lib/core/__init__.py' not found (or not a regular file)
package init file 'src/bokeh/server/static/js/lib/embed/__init__.py' not found (or not a regular file)
package init file 'src/bokeh/server/static/js/lib/client/__init__.py' not found (or not a regular file)
package init file 'src/bokeh/server/static/js/lib/protocol/__init__.py' not found (or not a regular file)
package init file 'src/bokeh/server/static/js/lib/models/__init__.py' not found (or not a regular file)
package init file 'src/bokeh/server/static/js/lib/styles/widgets/__init__.py' not found (or not a regular file)
package init file 'src/bokeh/server/static/js/lib/core/util/__init__.py' not found (or not a regular file)
package init file 'src/bokeh/server/static/js/lib/core/serialization/__init__.py' not found (or not a regular file)
package init file 'src/bokeh/server/static/js/lib/core/layout/__init__.py' not found (or not a regular file)
package init file 'src/bokeh/server/static/js/lib/core/visuals/__init__.py' not found (or not a regular file)
package init file 'src/bokeh/server/static/js/lib/models/text/__init__.py' not found (or not a regular file)
package init file 'src/bokeh/server/static/js/lib/models/ranges/__init__.py' not found (or not a regular file)
package init file 'src/bokeh/server/static/js/lib/models/scales/__init__.py' not found (or not a regular file)
package init file 'src/bokeh/server/static/js/lib/models/annotations/__init__.py' not found (or not a regular file)
package init file 'src/bokeh/server/static/js/lib/models/tools/__init__.py' not found (or not a regular file)
package init file 'src/bokeh/server/static/js/lib/models/graphics/__init__.py' not found (or not a regular file)
package init file 'src/bokeh/server/static/js/lib/models/axes/__init__.py' not found (or not a regular file)
package init file 'src/bokeh/server/static/js/lib/models/widgets/__init__.py' not found (or not a regular file)
package init file 'src/bokeh/server/static/js/lib/models/textures/__init__.py' not found (or not a regular file)
package init file 'src/bokeh/server/static/js/lib/models/random/__init__.py' not found (or not a regular file)
package init file 'src/bokeh/server/static/js/lib/models/renderers/__init__.py' not found (or not a regular file)
package init file 'src/bokeh/server/static/js/lib/models/glyphs/__init__.py' not found (or not a regular file)
package init file 'src/bokeh/server/static/js/lib/models/layouts/__init__.py' not found (or not a regular file)
package init file 'src/bokeh/server/static/js/lib/models/grids/__init__.py' not found (or not a regular file)
package init file 'src/bokeh/server/static/js/lib/models/policies/__init__.py' not found (or not a regular file)
package init file 'src/bokeh/server/static/js/lib/models/tickers/__init__.py' not found (or not a regular file)
package init file 'src/bokeh/server/static/js/lib/models/plots/__init__.py' not found (or not a regular file)
package init file 'src/bokeh/server/static/js/lib/models/formatters/__init__.py' not found (or not a regular file)
package init file 'src/bokeh/server/static/js/lib/models/coordinates/__init__.py' not found (or not a regular file)
package init file 'src/bokeh/server/static/js/lib/models/selections/__init__.py' not found (or not a regular file)
package init file 'src/bokeh/server/static/js/lib/models/transforms/__init__.py' not found (or not a regular file)
package init file 'src/bokeh/server/static/js/lib/models/dom/__init__.py' not found (or not a regular file)
package init file 'src/bokeh/server/static/js/lib/models/selectors/__init__.py' not found (or not a regular file)
package init file 'src/bokeh/server/static/js/lib/models/menus/__init__.py' not found (or not a regular file)
package init file 'src/bokeh/server/static/js/lib/models/ui/__init__.py' not found (or not a regular file)
package init file 'src/bokeh/server/static/js/lib/models/mappers/__init__.py' not found (or not a regular file)
package init file 'src/bokeh/server/static/js/lib/models/expressions/__init__.py' not found (or not a regular file)
package init file 'src/bokeh/server/static/js/lib/models/sources/__init__.py' not found (or not a regular file)
package init file 'src/bokeh/server/static/js/lib/models/filters/__init__.py' not found (or not a regular file)
package init file 'src/bokeh/server/static/js/lib/models/graphs/__init__.py' not found (or not a regular file)
package init file 'src/bokeh/server/static/js/lib/models/callbacks/__init__.py' not found (or not a regular file)
package init file 'src/bokeh/server/static/js/lib/models/tiles/__init__.py' not found (or not a regular file)
package init file 'src/bokeh/server/static/js/lib/models/canvas/__init__.py' not found (or not a regular file)
package init file 'src/bokeh/server/static/js/lib/models/text/mathjax/__init__.py' not found (or not a regular file)
package init file 'src/bokeh/server/static/js/lib/models/annotations/html/__init__.py' not found (or not a regular file)
package init file 'src/bokeh/server/static/js/lib/models/tools/gestures/__init__.py' not found (or not a regular file)
package init file 'src/bokeh/server/static/js/lib/models/tools/inspectors/__init__.py' not found (or not a regular file)
package init file 'src/bokeh/server/static/js/lib/models/tools/actions/__init__.py' not found (or not a regular file)
package init file 'src/bokeh/server/static/js/lib/models/tools/edit/__init__.py' not found (or not a regular file)
package init file 'src/bokeh/server/static/js/lib/models/widgets/tables/__init__.py' not found (or not a regular file)
package init file 'src/bokeh/server/static/js/lib/models/glyphs/webgl/__init__.py' not found (or not a regular file)
package init file 'src/bokeh/server/static/js/lib/models/glyphs/webgl/utils/__init__.py' not found (or not a regular file)
package init file 'src/bokeh/server/static/js/lib/models/ui/icons/__init__.py' not found (or not a regular file)
warning: check: missing required meta-data: url

cpythonlibtest-unit-test-tests create: /workdir/bokeh-3.0.2/.tox/cpythonlibtest-unit-test-tests
cpythonlibtest-unit-test-tests installdeps: mock, pytest
cpythonlibtest-unit-test-tests inst: /workdir/bokeh-3.0.2/.tox/.tmp/package/1/bokeh-3.0.2+0.gbba83ab0.dirty.tar.gz
cpythonlibtest-unit-test-tests installed: bokeh @ file:///workdir/bokeh-3.0.2/.tox/.tmp/package/1/bokeh-3.0.2%2B0.gbba83ab0.dirty.tar.gz#sha256=66c174e63eb2459e2f5317903ca4ae70007d2cf899ec90a3555a058000b2e5cc,contourpy==1.2.0,exceptiongroup==1.1.3,iniconfig==2.0.0,Jinja2==3.1.2,MarkupSafe==2.1.3,mock==5.1.0,numpy==1.26.2,packaging==23.2,pandas==2.1.3,Pillow==10.1.0,pluggy==1.3.0,pytest==7.4.3,python-dateutil==2.8.2,pytz==2023.3.post1,PyYAML==6.0.1,six==1.16.0,tomli==2.0.1,tornado==6.3.3,tzdata==2023.3,xyzservices==2023.10.1
cpythonlibtest-unit-test-tests run-test-pre: PYTHONHASHSEED='1790632566'
cpythonlibtest-unit-test-tests run-test: commands[0] | pytest -v --tb=native --junitxml /workdir/results/bokeh/3.0.2/1/cpython-test-results.xml
============================= test session starts ==============================
platform linux -- Python 3.10.8, pytest-7.4.3, pluggy-1.3.0 -- /workdir/bokeh-3.0.2/.tox/cpythonlibtest-unit-test-tests/bin/python
cachedir: .tox/cpythonlibtest-unit-test-tests/.pytest_cache
rootdir: /workdir/bokeh-3.0.2
configfile: pyproject.toml
collecting ... collected 9440 items / 63 errors

==================================== ERRORS ====================================
___________________ ERROR collecting tests/test_defaults.py ____________________
ImportError while importing test module '/workdir/bokeh-3.0.2/tests/test_defaults.py'.
Hint: make sure your test modules/packages have valid Python names.
Traceback:
/usr/local/lib/python3.10/importlib/__init__.py:126: in import_module
    return _bootstrap._gcd_import(name[level:], package, level)
tests/test_defaults.py:24: in <module>
    from tests.support.defaults import collect_defaults, output_defaults
tests/support/defaults.py:28: in <module>
    import json5
E   ModuleNotFoundError: No module named 'json5'
___________________ ERROR collecting tests/test_examples.py ____________________
Traceback (most recent call last):
  File "/workdir/bokeh-3.0.2/.tox/cpythonlibtest-unit-test-tests/lib/python3.10/site-packages/_pytest/config/__init__.py", line 781, in import_plugin
    __import__(importspec)
  File "/workdir/bokeh-3.0.2/.tox/cpythonlibtest-unit-test-tests/lib/python3.10/site-packages/_pytest/assertion/rewrite.py", line 186, in exec_module
    exec(co, module.__dict__)
  File "/workdir/bokeh-3.0.2/tests/support/plugins/bokeh_server.py", line 32, in <module>
    import requests
ModuleNotFoundError: No module named 'requests'

The above exception was the direct cause of the following exception:

Traceback (most recent call last):
  File "/workdir/bokeh-3.0.2/.tox/cpythonlibtest-unit-test-tests/lib/python3.10/site-packages/_pytest/runner.py", line 341, in from_call
    result: Optional[TResult] = func()
  File "/workdir/bokeh-3.0.2/.tox/cpythonlibtest-unit-test-tests/lib/python3.10/site-packages/_pytest/runner.py", line 372, in <lambda>
    call = CallInfo.from_call(lambda: list(collector.collect()), "collect")
  File "/workdir/bokeh-3.0.2/.tox/cpythonlibtest-unit-test-tests/lib/python3.10/site-packages/_pytest/python.py", line 531, in collect
    self._inject_setup_module_fixture()
  File "/workdir/bokeh-3.0.2/.tox/cpythonlibtest-unit-test-tests/lib/python3.10/site-packages/_pytest/python.py", line 545, in _inject_setup_module_fixture
    self.obj, ("setUpModule", "setup_module")
  File "/workdir/bokeh-3.0.2/.tox/cpythonlibtest-unit-test-tests/lib/python3.10/site-packages/_pytest/python.py", line 310, in obj
    self._obj = obj = self._getobj()
  File "/workdir/bokeh-3.0.2/.tox/cpythonlibtest-unit-test-tests/lib/python3.10/site-packages/_pytest/python.py", line 528, in _getobj
    return self._importtestmodule()
  File "/workdir/bokeh-3.0.2/.tox/cpythonlibtest-unit-test-tests/lib/python3.10/site-packages/_pytest/python.py", line 657, in _importtestmodule
    self.config.pluginmanager.consider_module(mod)
  File "/workdir/bokeh-3.0.2/.tox/cpythonlibtest-unit-test-tests/lib/python3.10/site-packages/_pytest/config/__init__.py", line 747, in consider_module
    self._import_plugin_specs(getattr(mod, "pytest_plugins", []))
  File "/workdir/bokeh-3.0.2/.tox/cpythonlibtest-unit-test-tests/lib/python3.10/site-packages/_pytest/config/__init__.py", line 754, in _import_plugin_specs
    self.import_plugin(import_spec)
  File "/workdir/bokeh-3.0.2/.tox/cpythonlibtest-unit-test-tests/lib/python3.10/site-packages/_pytest/config/__init__.py", line 783, in import_plugin
    raise ImportError(
  File "/workdir/bokeh-3.0.2/.tox/cpythonlibtest-unit-test-tests/lib/python3.10/site-packages/_pytest/config/__init__.py", line 781, in import_plugin
    __import__(importspec)
  File "/workdir/bokeh-3.0.2/.tox/cpythonlibtest-unit-test-tests/lib/python3.10/site-packages/_pytest/assertion/rewrite.py", line 186, in exec_module
    exec(co, module.__dict__)
  File "/workdir/bokeh-3.0.2/tests/support/plugins/bokeh_server.py", line 32, in <module>
    import requests
ImportError: Error importing plugin "tests.support.plugins.bokeh_server": No module named 'requests'
____________ ERROR collecting tests/integration/test_regressions.py ____________
ImportError while importing test module '/workdir/bokeh-3.0.2/tests/integration/test_regressions.py'.
Hint: make sure your test modules/packages have valid Python names.
Traceback:
/usr/local/lib/python3.10/importlib/__init__.py:126: in import_module
    return _bootstrap._gcd_import(name[level:], package, level)
tests/integration/test_regressions.py:22: in <module>
    from tests.support.plugins.project import SinglePlotPage
tests/support/plugins/project.py:37: in <module>
    from selenium.webdriver.common.action_chains import ActionChains
E   ModuleNotFoundError: No module named 'selenium'
__________ ERROR collecting tests/integration/embed/test_json_item.py __________
ImportError while importing test module '/workdir/bokeh-3.0.2/tests/integration/embed/test_json_item.py'.
Hint: make sure your test modules/packages have valid Python names.
Traceback:
/usr/local/lib/python3.10/importlib/__init__.py:126: in import_module
    return _bootstrap._gcd_import(name[level:], package, level)
tests/integration/embed/test_json_item.py:25: in <module>
    from selenium.webdriver.common.by import By
E   ModuleNotFoundError: No module named 'selenium'
________ ERROR collecting tests/integration/models/test_datarange1d.py _________
ImportError while importing test module '/workdir/bokeh-3.0.2/tests/integration/models/test_datarange1d.py'.
Hint: make sure your test modules/packages have valid Python names.
Traceback:
/usr/local/lib/python3.10/importlib/__init__.py:126: in import_module
    return _bootstrap._gcd_import(name[level:], package, level)
tests/integration/models/test_datarange1d.py:30: in <module>
    from tests.support.plugins.project import SinglePlotPage
tests/support/plugins/project.py:37: in <module>
    from selenium.webdriver.common.action_chains import ActionChains
E   ModuleNotFoundError: No module named 'selenium'
____________ ERROR collecting tests/integration/models/test_plot.py ____________
ImportError while importing test module '/workdir/bokeh-3.0.2/tests/integration/models/test_plot.py'.
Hint: make sure your test modules/packages have valid Python names.
Traceback:
/usr/local/lib/python3.10/importlib/__init__.py:126: in import_module
    return _bootstrap._gcd_import(name[level:], package, level)
tests/integration/models/test_plot.py:32: in <module>
    from tests.support.plugins.project import BokehServerPage
tests/support/plugins/project.py:37: in <module>
    from selenium.webdriver.common.action_chains import ActionChains
E   ModuleNotFoundError: No module named 'selenium'
__________ ERROR collecting tests/integration/models/test_sources.py ___________
ImportError while importing test module '/workdir/bokeh-3.0.2/tests/integration/models/test_sources.py'.
Hint: make sure your test modules/packages have valid Python names.
Traceback:
/usr/local/lib/python3.10/importlib/__init__.py:126: in import_module
    return _bootstrap._gcd_import(name[level:], package, level)
tests/integration/models/test_sources.py:29: in <module>
    from tests.support.plugins.project import BokehServerPage
tests/support/plugins/project.py:37: in <module>
    from selenium.webdriver.common.action_chains import ActionChains
E   ModuleNotFoundError: No module named 'selenium'
________ ERROR collecting tests/integration/tools/test_box_edit_tool.py ________
ImportError while importing test module '/workdir/bokeh-3.0.2/tests/integration/tools/test_box_edit_tool.py'.
Hint: make sure your test modules/packages have valid Python names.
Traceback:
/usr/local/lib/python3.10/importlib/__init__.py:126: in import_module
    return _bootstrap._gcd_import(name[level:], package, level)
tests/integration/tools/test_box_edit_tool.py:35: in <module>
    from tests.support.plugins.project import BokehServerPage, SinglePlotPage
tests/support/plugins/project.py:37: in <module>
    from selenium.webdriver.common.action_chains import ActionChains
E   ModuleNotFoundError: No module named 'selenium'
________ ERROR collecting tests/integration/tools/test_box_zoom_tool.py ________
ImportError while importing test module '/workdir/bokeh-3.0.2/tests/integration/tools/test_box_zoom_tool.py'.
Hint: make sure your test modules/packages have valid Python names.
Traceback:
/usr/local/lib/python3.10/importlib/__init__.py:126: in import_module
    return _bootstrap._gcd_import(name[level:], package, level)
tests/integration/tools/test_box_zoom_tool.py:30: in <module>
    from tests.support.plugins.project import SinglePlotPage
tests/support/plugins/project.py:37: in <module>
    from selenium.webdriver.common.action_chains import ActionChains
E   ModuleNotFoundError: No module named 'selenium'
________ ERROR collecting tests/integration/tools/test_custom_action.py ________
ImportError while importing test module '/workdir/bokeh-3.0.2/tests/integration/tools/test_custom_action.py'.
Hint: make sure your test modules/packages have valid Python names.
Traceback:
/usr/local/lib/python3.10/importlib/__init__.py:126: in import_module
    return _bootstrap._gcd_import(name[level:], package, level)
tests/integration/tools/test_custom_action.py:23: in <module>
    from tests.support.plugins.project import SinglePlotPage
tests/support/plugins/project.py:37: in <module>
    from selenium.webdriver.common.action_chains import ActionChains
E   ModuleNotFoundError: No module named 'selenium'
_____ ERROR collecting tests/integration/tools/test_freehand_draw_tool.py ______
ImportError while importing test module '/workdir/bokeh-3.0.2/tests/integration/tools/test_freehand_draw_tool.py'.
Hint: make sure your test modules/packages have valid Python names.
Traceback:
/usr/local/lib/python3.10/importlib/__init__.py:126: in import_module
    return _bootstrap._gcd_import(name[level:], package, level)
tests/integration/tools/test_freehand_draw_tool.py:35: in <module>
    from tests.support.plugins.project import BokehServerPage, SinglePlotPage
tests/support/plugins/project.py:37: in <module>
    from selenium.webdriver.common.action_chains import ActionChains
E   ModuleNotFoundError: No module named 'selenium'
__________ ERROR collecting tests/integration/tools/test_pan_tool.py ___________
ImportError while importing test module '/workdir/bokeh-3.0.2/tests/integration/tools/test_pan_tool.py'.
Hint: make sure your test modules/packages have valid Python names.
Traceback:
/usr/local/lib/python3.10/importlib/__init__.py:126: in import_module
    return _bootstrap._gcd_import(name[level:], package, level)
tests/integration/tools/test_pan_tool.py:31: in <module>
    from tests.support.plugins.project import SinglePlotPage
tests/support/plugins/project.py:37: in <module>
    from selenium.webdriver.common.action_chains import ActionChains
E   ModuleNotFoundError: No module named 'selenium'
_______ ERROR collecting tests/integration/tools/test_point_draw_tool.py _______
ImportError while importing test module '/workdir/bokeh-3.0.2/tests/integration/tools/test_point_draw_tool.py'.
Hint: make sure your test modules/packages have valid Python names.
Traceback:
/usr/local/lib/python3.10/importlib/__init__.py:126: in import_module
    return _bootstrap._gcd_import(name[level:], package, level)
tests/integration/tools/test_point_draw_tool.py:35: in <module>
    from tests.support.plugins.project import BokehServerPage, SinglePlotPage
tests/support/plugins/project.py:37: in <module>
    from selenium.webdriver.common.action_chains import ActionChains
E   ModuleNotFoundError: No module named 'selenium'
_______ ERROR collecting tests/integration/tools/test_poly_draw_tool.py ________
ImportError while importing test module '/workdir/bokeh-3.0.2/tests/integration/tools/test_poly_draw_tool.py'.
Hint: make sure your test modules/packages have valid Python names.
Traceback:
/usr/local/lib/python3.10/importlib/__init__.py:126: in import_module
    return _bootstrap._gcd_import(name[level:], package, level)
tests/integration/tools/test_poly_draw_tool.py:36: in <module>
    from tests.support.plugins.project import BokehServerPage, SinglePlotPage
tests/support/plugins/project.py:37: in <module>
    from selenium.webdriver.common.action_chains import ActionChains
E   ModuleNotFoundError: No module named 'selenium'
_______ ERROR collecting tests/integration/tools/test_poly_edit_tool.py ________
ImportError while importing test module '/workdir/bokeh-3.0.2/tests/integration/tools/test_poly_edit_tool.py'.
Hint: make sure your test modules/packages have valid Python names.
Traceback:
/usr/local/lib/python3.10/importlib/__init__.py:126: in import_module
    return _bootstrap._gcd_import(name[level:], package, level)
tests/integration/tools/test_poly_edit_tool.py:36: in <module>
    from tests.support.plugins.project import BokehServerPage, SinglePlotPage
tests/support/plugins/project.py:37: in <module>
    from selenium.webdriver.common.action_chains import ActionChains
E   ModuleNotFoundError: No module named 'selenium'
_________ ERROR collecting tests/integration/tools/test_range_tool.py __________
ImportError while importing test module '/workdir/bokeh-3.0.2/tests/integration/tools/test_range_tool.py'.
Hint: make sure your test modules/packages have valid Python names.
Traceback:
/usr/local/lib/python3.10/importlib/__init__.py:126: in import_module
    return _bootstrap._gcd_import(name[level:], package, level)
tests/integration/tools/test_range_tool.py:29: in <module>
    from tests.support.plugins.project import SinglePlotPage
tests/support/plugins/project.py:37: in <module>
    from selenium.webdriver.common.action_chains import ActionChains
E   ModuleNotFoundError: No module named 'selenium'
_________ ERROR collecting tests/integration/tools/test_reset_tool.py __________
ImportError while importing test module '/workdir/bokeh-3.0.2/tests/integration/tools/test_reset_tool.py'.
Hint: make sure your test modules/packages have valid Python names.
Traceback:
/usr/local/lib/python3.10/importlib/__init__.py:126: in import_module
    return _bootstrap._gcd_import(name[level:], package, level)
tests/integration/tools/test_reset_tool.py:32: in <module>
    from tests.support.plugins.project import SinglePlotPage
tests/support/plugins/project.py:37: in <module>
    from selenium.webdriver.common.action_chains import ActionChains
E   ModuleNotFoundError: No module named 'selenium'
__________ ERROR collecting tests/integration/tools/test_tap_tool.py ___________
ImportError while importing test module '/workdir/bokeh-3.0.2/tests/integration/tools/test_tap_tool.py'.
Hint: make sure your test modules/packages have valid Python names.
Traceback:
/usr/local/lib/python3.10/importlib/__init__.py:126: in import_module
    return _bootstrap._gcd_import(name[level:], package, level)
tests/integration/tools/test_tap_tool.py:23: in <module>
    from tests.support.plugins.project import SinglePlotPage
tests/support/plugins/project.py:37: in <module>
    from selenium.webdriver.common.action_chains import ActionChains
E   ModuleNotFoundError: No module named 'selenium'
_______ ERROR collecting tests/integration/tools/test_wheel_pan_tool.py ________
ImportError while importing test module '/workdir/bokeh-3.0.2/tests/integration/tools/test_wheel_pan_tool.py'.
Hint: make sure your test modules/packages have valid Python names.
Traceback:
/usr/local/lib/python3.10/importlib/__init__.py:126: in import_module
    return _bootstrap._gcd_import(name[level:], package, level)
tests/integration/tools/test_wheel_pan_tool.py:30: in <module>
    from tests.support.plugins.project import SinglePlotPage
tests/support/plugins/project.py:37: in <module>
    from selenium.webdriver.common.action_chains import ActionChains
E   ModuleNotFoundError: No module named 'selenium'
_______ ERROR collecting tests/integration/tools/test_wheel_zoom_tool.py _______
ImportError while importing test module '/workdir/bokeh-3.0.2/tests/integration/tools/test_wheel_zoom_tool.py'.
Hint: make sure your test modules/packages have valid Python names.
Traceback:
/usr/local/lib/python3.10/importlib/__init__.py:126: in import_module
    return _bootstrap._gcd_import(name[level:], package, level)
tests/integration/tools/test_wheel_zoom_tool.py:30: in <module>
    from tests.support.plugins.project import SinglePlotPage
tests/support/plugins/project.py:37: in <module>
    from selenium.webdriver.common.action_chains import ActionChains
E   ModuleNotFoundError: No module named 'selenium'
________ ERROR collecting tests/integration/tools/test_zoom_in_tool.py _________
ImportError while importing test module '/workdir/bokeh-3.0.2/tests/integration/tools/test_zoom_in_tool.py'.
Hint: make sure your test modules/packages have valid Python names.
Traceback:
/usr/local/lib/python3.10/importlib/__init__.py:126: in import_module
    return _bootstrap._gcd_import(name[level:], package, level)
tests/integration/tools/test_zoom_in_tool.py:30: in <module>
    from tests.support.plugins.project import SinglePlotPage
tests/support/plugins/project.py:37: in <module>
    from selenium.webdriver.common.action_chains import ActionChains
E   ModuleNotFoundError: No module named 'selenium'
________ ERROR collecting tests/integration/tools/test_zoom_out_tool.py ________
ImportError while importing test module '/workdir/bokeh-3.0.2/tests/integration/tools/test_zoom_out_tool.py'.
Hint: make sure your test modules/packages have valid Python names.
Traceback:
/usr/local/lib/python3.10/importlib/__init__.py:126: in import_module
    return _bootstrap._gcd_import(name[level:], package, level)
tests/integration/tools/test_zoom_out_tool.py:30: in <module>
    from tests.support.plugins.project import SinglePlotPage
tests/support/plugins/project.py:37: in <module>
    from selenium.webdriver.common.action_chains import ActionChains
E   ModuleNotFoundError: No module named 'selenium'
____ ERROR collecting tests/integration/widgets/test_autocomplete_input.py _____
ImportError while importing test module '/workdir/bokeh-3.0.2/tests/integration/widgets/test_autocomplete_input.py'.
Hint: make sure your test modules/packages have valid Python names.
Traceback:
/usr/local/lib/python3.10/importlib/__init__.py:126: in import_module
    return _bootstrap._gcd_import(name[level:], package, level)
tests/integration/widgets/test_autocomplete_input.py:21: in <module>
    from selenium.webdriver.common.by import By
E   ModuleNotFoundError: No module named 'selenium'
__________ ERROR collecting tests/integration/widgets/test_button.py ___________
ImportError while importing test module '/workdir/bokeh-3.0.2/tests/integration/widgets/test_button.py'.
Hint: make sure your test modules/packages have valid Python names.
Traceback:
/usr/local/lib/python3.10/importlib/__init__.py:126: in import_module
    return _bootstrap._gcd_import(name[level:], package, level)
tests/integration/widgets/test_button.py:31: in <module>
    from tests.support.plugins.project import BokehModelPage, BokehServerPage
tests/support/plugins/project.py:37: in <module>
    from selenium.webdriver.common.action_chains import ActionChains
E   ModuleNotFoundError: No module named 'selenium'
___ ERROR collecting tests/integration/widgets/test_checkbox_button_group.py ___
ImportError while importing test module '/workdir/bokeh-3.0.2/tests/integration/widgets/test_checkbox_button_group.py'.
Hint: make sure your test modules/packages have valid Python names.
Traceback:
/usr/local/lib/python3.10/importlib/__init__.py:126: in import_module
    return _bootstrap._gcd_import(name[level:], package, level)
tests/integration/widgets/test_checkbox_button_group.py:30: in <module>
    from tests.support.plugins.project import BokehModelPage, BokehServerPage
tests/support/plugins/project.py:37: in <module>
    from selenium.webdriver.common.action_chains import ActionChains
E   ModuleNotFoundError: No module named 'selenium'
______ ERROR collecting tests/integration/widgets/test_checkbox_group.py _______
ImportError while importing test module '/workdir/bokeh-3.0.2/tests/integration/widgets/test_checkbox_group.py'.
Hint: make sure your test modules/packages have valid Python names.
Traceback:
/usr/local/lib/python3.10/importlib/__init__.py:126: in import_module
    return _bootstrap._gcd_import(name[level:], package, level)
tests/integration/widgets/test_checkbox_group.py:21: in <module>
    from selenium.webdriver.common.by import By
E   ModuleNotFoundError: No module named 'selenium'
_______ ERROR collecting tests/integration/widgets/test_color_picker.py ________
ImportError while importing test module '/workdir/bokeh-3.0.2/tests/integration/widgets/test_color_picker.py'.
Hint: make sure your test modules/packages have valid Python names.
Traceback:
/usr/local/lib/python3.10/importlib/__init__.py:126: in import_module
    return _bootstrap._gcd_import(name[level:], package, level)
tests/integration/widgets/test_color_picker.py:30: in <module>
    from tests.support.plugins.project import BokehModelPage, BokehServerPage
tests/support/plugins/project.py:37: in <module>
    from selenium.webdriver.common.action_chains import ActionChains
E   ModuleNotFoundError: No module named 'selenium'
________ ERROR collecting tests/integration/widgets/test_copy_paste.py _________
ImportError while importing test module '/workdir/bokeh-3.0.2/tests/integration/widgets/test_copy_paste.py'.
Hint: make sure your test modules/packages have valid Python names.
Traceback:
/usr/local/lib/python3.10/importlib/__init__.py:126: in import_module
    return _bootstrap._gcd_import(name[level:], package, level)
tests/integration/widgets/test_copy_paste.py:31: in <module>
    from tests.support.plugins.project import BokehModelPage
tests/support/plugins/project.py:37: in <module>
    from selenium.webdriver.common.action_chains import ActionChains
E   ModuleNotFoundError: No module named 'selenium'
________ ERROR collecting tests/integration/widgets/test_datepicker.py _________
ImportError while importing test module '/workdir/bokeh-3.0.2/tests/integration/widgets/test_datepicker.py'.
Hint: make sure your test modules/packages have valid Python names.
Traceback:
/usr/local/lib/python3.10/importlib/__init__.py:126: in import_module
    return _bootstrap._gcd_import(name[level:], package, level)
tests/integration/widgets/test_datepicker.py:33: in <module>
    from tests.support.plugins.project import BokehModelPage, BokehServerPage
tests/support/plugins/project.py:37: in <module>
    from selenium.webdriver.common.action_chains import ActionChains
E   ModuleNotFoundError: No module named 'selenium'
_____ ERROR collecting tests/integration/widgets/test_daterange_slider.py ______
ImportError while importing test module '/workdir/bokeh-3.0.2/tests/integration/widgets/test_daterange_slider.py'.
Hint: make sure your test modules/packages have valid Python names.
Traceback:
/usr/local/lib/python3.10/importlib/__init__.py:126: in import_module
    return _bootstrap._gcd_import(name[level:], package, level)
tests/integration/widgets/test_daterange_slider.py:34: in <module>
    from tests.support.plugins.project import BokehModelPage, BokehServerPage
tests/support/plugins/project.py:37: in <module>
    from selenium.webdriver.common.action_chains import ActionChains
E   ModuleNotFoundError: No module named 'selenium'
________ ERROR collecting tests/integration/widgets/test_dateslider.py _________
ImportError while importing test module '/workdir/bokeh-3.0.2/tests/integration/widgets/test_dateslider.py'.
Hint: make sure your test modules/packages have valid Python names.
Traceback:
/usr/local/lib/python3.10/importlib/__init__.py:126: in import_module
    return _bootstrap._gcd_import(name[level:], package, level)
tests/integration/widgets/test_dateslider.py:34: in <module>
    from tests.support.plugins.project import BokehModelPage, BokehServerPage
tests/support/plugins/project.py:37: in <module>
    from selenium.webdriver.common.action_chains import ActionChains
E   ModuleNotFoundError: No module named 'selenium'
___ ERROR collecting tests/integration/widgets/test_datetime_range_slider.py ___
ImportError while importing test module '/workdir/bokeh-3.0.2/tests/integration/widgets/test_datetime_range_slider.py'.
Hint: make sure your test modules/packages have valid Python names.
Traceback:
/usr/local/lib/python3.10/importlib/__init__.py:126: in import_module
    return _bootstrap._gcd_import(name[level:], package, level)
tests/integration/widgets/test_datetime_range_slider.py:34: in <module>
    from tests.support.plugins.project import BokehModelPage, BokehServerPage
tests/support/plugins/project.py:37: in <module>
    from selenium.webdriver.common.action_chains import ActionChains
E   ModuleNotFoundError: No module named 'selenium'
____________ ERROR collecting tests/integration/widgets/test_div.py ____________
ImportError while importing test module '/workdir/bokeh-3.0.2/tests/integration/widgets/test_div.py'.
Hint: make sure your test modules/packages have valid Python names.
Traceback:
/usr/local/lib/python3.10/importlib/__init__.py:126: in import_module
    return _bootstrap._gcd_import(name[level:], package, level)
tests/integration/widgets/test_div.py:25: in <module>
    from tests.support.plugins.project import BokehModelPage
tests/support/plugins/project.py:37: in <module>
    from selenium.webdriver.common.action_chains import ActionChains
E   ModuleNotFoundError: No module named 'selenium'
_________ ERROR collecting tests/integration/widgets/test_dropdown.py __________
ImportError while importing test module '/workdir/bokeh-3.0.2/tests/integration/widgets/test_dropdown.py'.
Hint: make sure your test modules/packages have valid Python names.
Traceback:
/usr/local/lib/python3.10/importlib/__init__.py:126: in import_module
    return _bootstrap._gcd_import(name[level:], package, level)
tests/integration/widgets/test_dropdown.py:31: in <module>
    from tests.support.plugins.project import BokehModelPage, BokehServerPage
tests/support/plugins/project.py:37: in <module>
    from selenium.webdriver.common.action_chains import ActionChains
E   ModuleNotFoundError: No module named 'selenium'
_______ ERROR collecting tests/integration/widgets/test_multi_choice.py ________
ImportError while importing test module '/workdir/bokeh-3.0.2/tests/integration/widgets/test_multi_choice.py'.
Hint: make sure your test modules/packages have valid Python names.
Traceback:
/usr/local/lib/python3.10/importlib/__init__.py:126: in import_module
    return _bootstrap._gcd_import(name[level:], package, level)
tests/integration/widgets/test_multi_choice.py:21: in <module>
    from selenium.webdriver.common.by import By
E   ModuleNotFoundError: No module named 'selenium'
_______ ERROR collecting tests/integration/widgets/test_numeric_input.py _______
ImportError while importing test module '/workdir/bokeh-3.0.2/tests/integration/widgets/test_numeric_input.py'.
Hint: make sure your test modules/packages have valid Python names.
Traceback:
/usr/local/lib/python3.10/importlib/__init__.py:126: in import_module
    return _bootstrap._gcd_import(name[level:], package, level)
tests/integration/widgets/test_numeric_input.py:31: in <module>
    from tests.support.plugins.project import BokehModelPage, BokehServerPage, SinglePlotPage
tests/support/plugins/project.py:37: in <module>
    from selenium.webdriver.common.action_chains import ActionChains
E   ModuleNotFoundError: No module named 'selenium'
_________ ERROR collecting tests/integration/widgets/test_paragraph.py _________
ImportError while importing test module '/workdir/bokeh-3.0.2/tests/integration/widgets/test_paragraph.py'.
Hint: make sure your test modules/packages have valid Python names.
Traceback:
/usr/local/lib/python3.10/importlib/__init__.py:126: in import_module
    return _bootstrap._gcd_import(name[level:], package, level)
tests/integration/widgets/test_paragraph.py:25: in <module>
    from tests.support.plugins.project import BokehModelPage
tests/support/plugins/project.py:37: in <module>
    from selenium.webdriver.common.action_chains import ActionChains
E   ModuleNotFoundError: No module named 'selenium'
______ ERROR collecting tests/integration/widgets/test_password_input.py _______
ImportError while importing test module '/workdir/bokeh-3.0.2/tests/integration/widgets/test_password_input.py'.
Hint: make sure your test modules/packages have valid Python names.
Traceback:
/usr/local/lib/python3.10/importlib/__init__.py:126: in import_module
    return _bootstrap._gcd_import(name[level:], package, level)
tests/integration/widgets/test_password_input.py:31: in <module>
    from tests.support.plugins.project import BokehModelPage, BokehServerPage, SinglePlotPage
tests/support/plugins/project.py:37: in <module>
    from selenium.webdriver.common.action_chains import ActionChains
E   ModuleNotFoundError: No module named 'selenium'
__________ ERROR collecting tests/integration/widgets/test_pretext.py __________
ImportError while importing test module '/workdir/bokeh-3.0.2/tests/integration/widgets/test_pretext.py'.
Hint: make sure your test modules/packages have valid Python names.
Traceback:
/usr/local/lib/python3.10/importlib/__init__.py:126: in import_module
    return _bootstrap._gcd_import(name[level:], package, level)
tests/integration/widgets/test_pretext.py:25: in <module>
    from tests.support.plugins.project import BokehModelPage
tests/support/plugins/project.py:37: in <module>
    from selenium.webdriver.common.action_chains import ActionChains
E   ModuleNotFoundError: No module named 'selenium'
____ ERROR collecting tests/integration/widgets/test_radio_button_group.py _____
ImportError while importing test module '/workdir/bokeh-3.0.2/tests/integration/widgets/test_radio_button_group.py'.
Hint: make sure your test modules/packages have valid Python names.
Traceback:
/usr/local/lib/python3.10/importlib/__init__.py:126: in import_module
    return _bootstrap._gcd_import(name[level:], package, level)
tests/integration/widgets/test_radio_button_group.py:30: in <module>
    from tests.support.plugins.project import BokehModelPage, BokehServerPage
tests/support/plugins/project.py:37: in <module>
    from selenium.webdriver.common.action_chains import ActionChains
E   ModuleNotFoundError: No module named 'selenium'
________ ERROR collecting tests/integration/widgets/test_radio_group.py ________
ImportError while importing test module '/workdir/bokeh-3.0.2/tests/integration/widgets/test_radio_group.py'.
Hint: make sure your test modules/packages have valid Python names.
Traceback:
/usr/local/lib/python3.10/importlib/__init__.py:126: in import_module
    return _bootstrap._gcd_import(name[level:], package, level)
tests/integration/widgets/test_radio_group.py:21: in <module>
    from selenium.webdriver.common.by import By
E   ModuleNotFoundError: No module named 'selenium'
_______ ERROR collecting tests/integration/widgets/test_range_slider.py ________
ImportError while importing test module '/workdir/bokeh-3.0.2/tests/integration/widgets/test_range_slider.py'.
Hint: make sure your test modules/packages have valid Python names.
Traceback:
/usr/local/lib/python3.10/importlib/__init__.py:126: in import_module
    return _bootstrap._gcd_import(name[level:], package, level)
tests/integration/widgets/test_range_slider.py:34: in <module>
    from tests.support.plugins.project import BokehModelPage, BokehServerPage
tests/support/plugins/project.py:37: in <module>
    from selenium.webdriver.common.action_chains import ActionChains
E   ModuleNotFoundError: No module named 'selenium'
__________ ERROR collecting tests/integration/widgets/test_select.py ___________
ImportError while importing test module '/workdir/bokeh-3.0.2/tests/integration/widgets/test_select.py'.
Hint: make sure your test modules/packages have valid Python names.
Traceback:
/usr/local/lib/python3.10/importlib/__init__.py:126: in import_module
    return _bootstrap._gcd_import(name[level:], package, level)
tests/integration/widgets/test_select.py:21: in <module>
    from selenium.webdriver.common.by import By
E   ModuleNotFoundError: No module named 'selenium'
__________ ERROR collecting tests/integration/widgets/test_slider.py ___________
ImportError while importing test module '/workdir/bokeh-3.0.2/tests/integration/widgets/test_slider.py'.
Hint: make sure your test modules/packages have valid Python names.
Traceback:
/usr/local/lib/python3.10/importlib/__init__.py:126: in import_module
    return _bootstrap._gcd_import(name[level:], package, level)
tests/integration/widgets/test_slider.py:33: in <module>
    from tests.support.plugins.project import BokehModelPage, BokehServerPage
tests/support/plugins/project.py:37: in <module>
    from selenium.webdriver.common.action_chains import ActionChains
E   ModuleNotFoundError: No module named 'selenium'
__________ ERROR collecting tests/integration/widgets/test_spinner.py __________
ImportError while importing test module '/workdir/bokeh-3.0.2/tests/integration/widgets/test_spinner.py'.
Hint: make sure your test modules/packages have valid Python names.
Traceback:
/usr/local/lib/python3.10/importlib/__init__.py:126: in import_module
    return _bootstrap._gcd_import(name[level:], package, level)
tests/integration/widgets/test_spinner.py:30: in <module>
    from tests.support.plugins.project import BokehModelPage, BokehServerPage
tests/support/plugins/project.py:37: in <module>
    from selenium.webdriver.common.action_chains import ActionChains
E   ModuleNotFoundError: No module named 'selenium'
________ ERROR collecting tests/integration/widgets/test_text_input.py _________
ImportError while importing test module '/workdir/bokeh-3.0.2/tests/integration/widgets/test_text_input.py'.
Hint: make sure your test modules/packages have valid Python names.
Traceback:
/usr/local/lib/python3.10/importlib/__init__.py:126: in import_module
    return _bootstrap._gcd_import(name[level:], package, level)
tests/integration/widgets/test_text_input.py:31: in <module>
    from tests.support.plugins.project import BokehModelPage, BokehServerPage, SinglePlotPage
tests/support/plugins/project.py:37: in <module>
    from selenium.webdriver.common.action_chains import ActionChains
E   ModuleNotFoundError: No module named 'selenium'
______ ERROR collecting tests/integration/widgets/test_textarea_input.py _______
ImportError while importing test module '/workdir/bokeh-3.0.2/tests/integration/widgets/test_textarea_input.py'.
Hint: make sure your test modules/packages have valid Python names.
Traceback:
/usr/local/lib/python3.10/importlib/__init__.py:126: in import_module
    return _bootstrap._gcd_import(name[level:], package, level)
tests/integration/widgets/test_textarea_input.py:21: in <module>
    from selenium.webdriver.common.keys import Keys
E   ModuleNotFoundError: No module named 'selenium'
__________ ERROR collecting tests/integration/widgets/test_toggle.py ___________
ImportError while importing test module '/workdir/bokeh-3.0.2/tests/integration/widgets/test_toggle.py'.
Hint: make sure your test modules/packages have valid Python names.
Traceback:
/usr/local/lib/python3.10/importlib/__init__.py:126: in import_module
    return _bootstrap._gcd_import(name[level:], package, level)
tests/integration/widgets/test_toggle.py:31: in <module>
    from tests.support.plugins.project import BokehModelPage, BokehServerPage
tests/support/plugins/project.py:37: in <module>
    from selenium.webdriver.common.action_chains import ActionChains
E   ModuleNotFoundError: No module named 'selenium'
____ ERROR collecting tests/integration/widgets/tables/test_cell_editors.py ____
ImportError while importing test module '/workdir/bokeh-3.0.2/tests/integration/widgets/tables/test_cell_editors.py'.
Hint: make sure your test modules/packages have valid Python names.
Traceback:
/usr/local/lib/python3.10/importlib/__init__.py:126: in import_module
    return _bootstrap._gcd_import(name[level:], package, level)
tests/integration/widgets/tables/test_cell_editors.py:33: in <module>
    from tests.support.plugins.project import BokehModelPage
tests/support/plugins/project.py:37: in <module>
    from selenium.webdriver.common.action_chains import ActionChains
E   ModuleNotFoundError: No module named 'selenium'
_____ ERROR collecting tests/integration/widgets/tables/test_copy_paste.py _____
ImportError while importing test module '/workdir/bokeh-3.0.2/tests/integration/widgets/tables/test_copy_paste.py'.
Hint: make sure your test modules/packages have valid Python names.
Traceback:
/usr/local/lib/python3.10/importlib/__init__.py:126: in import_module
    return _bootstrap._gcd_import(name[level:], package, level)
tests/integration/widgets/tables/test_copy_paste.py:24: in <module>
    from selenium.webdriver.common.keys import Keys
E   ModuleNotFoundError: No module named 'selenium'
_____ ERROR collecting tests/integration/widgets/tables/test_data_table.py _____
ImportError while importing test module '/workdir/bokeh-3.0.2/tests/integration/widgets/tables/test_data_table.py'.
Hint: make sure your test modules/packages have valid Python names.
Traceback:
/usr/local/lib/python3.10/importlib/__init__.py:126: in import_module
    return _bootstrap._gcd_import(name[level:], package, level)
tests/integration/widgets/tables/test_data_table.py:28: in <module>
    from tests.support.plugins.project import BokehModelPage
tests/support/plugins/project.py:37: in <module>
    from selenium.webdriver.common.action_chains import ActionChains
E   ModuleNotFoundError: No module named 'selenium'
______ ERROR collecting tests/integration/widgets/tables/test_sortable.py ______
ImportError while importing test module '/workdir/bokeh-3.0.2/tests/integration/widgets/tables/test_sortable.py'.
Hint: make sure your test modules/packages have valid Python names.
Traceback:
/usr/local/lib/python3.10/importlib/__init__.py:126: in import_module
    return _bootstrap._gcd_import(name[level:], package, level)
tests/integration/widgets/tables/test_sortable.py:22: in <module>
    from tests.support.plugins.project import BokehModelPage
tests/support/plugins/project.py:37: in <module>
    from selenium.webdriver.common.action_chains import ActionChains
E   ModuleNotFoundError: No module named 'selenium'
___ ERROR collecting tests/integration/widgets/tables/test_source_updates.py ___
ImportError while importing test module '/workdir/bokeh-3.0.2/tests/integration/widgets/tables/test_source_updates.py'.
Hint: make sure your test modules/packages have valid Python names.
Traceback:
/usr/local/lib/python3.10/importlib/__init__.py:126: in import_module
    return _bootstrap._gcd_import(name[level:], package, level)
tests/integration/widgets/tables/test_source_updates.py:34: in <module>
    from tests.support.plugins.project import BokehServerPage, SinglePlotPage
tests/support/plugins/project.py:37: in <module>
    from selenium.webdriver.common.action_chains import ActionChains
E   ModuleNotFoundError: No module named 'selenium'
_____________ ERROR collecting tests/unit/bokeh/test_resources.py ______________
ImportError while importing test module '/workdir/bokeh-3.0.2/tests/unit/bokeh/test_resources.py'.
Hint: make sure your test modules/packages have valid Python names.
Traceback:
/usr/local/lib/python3.10/importlib/__init__.py:126: in import_module
    return _bootstrap._gcd_import(name[level:], package, level)
tests/unit/bokeh/test_resources.py:27: in <module>
    import bs4
E   ModuleNotFoundError: No module named 'bs4'
___________ ERROR collecting tests/unit/bokeh/test_tile_providers.py ___________
Traceback (most recent call last):
  File "/workdir/bokeh-3.0.2/.tox/cpythonlibtest-unit-test-tests/lib/python3.10/site-packages/xyzservices/lib.py", line 44, in __getattr__
    return self.__getitem__(key)
KeyError: 'Stamen'

The above exception was the direct cause of the following exception:

Traceback (most recent call last):
  File "/workdir/bokeh-3.0.2/.tox/cpythonlibtest-unit-test-tests/lib/python3.10/site-packages/_pytest/runner.py", line 341, in from_call
    result: Optional[TResult] = func()
  File "/workdir/bokeh-3.0.2/.tox/cpythonlibtest-unit-test-tests/lib/python3.10/site-packages/_pytest/runner.py", line 372, in <lambda>
    call = CallInfo.from_call(lambda: list(collector.collect()), "collect")
  File "/workdir/bokeh-3.0.2/.tox/cpythonlibtest-unit-test-tests/lib/python3.10/site-packages/_pytest/python.py", line 531, in collect
    self._inject_setup_module_fixture()
  File "/workdir/bokeh-3.0.2/.tox/cpythonlibtest-unit-test-tests/lib/python3.10/site-packages/_pytest/python.py", line 545, in _inject_setup_module_fixture
    self.obj, ("setUpModule", "setup_module")
  File "/workdir/bokeh-3.0.2/.tox/cpythonlibtest-unit-test-tests/lib/python3.10/site-packages/_pytest/python.py", line 310, in obj
    self._obj = obj = self._getobj()
  File "/workdir/bokeh-3.0.2/.tox/cpythonlibtest-unit-test-tests/lib/python3.10/site-packages/_pytest/python.py", line 528, in _getobj
    return self._importtestmodule()
  File "/workdir/bokeh-3.0.2/.tox/cpythonlibtest-unit-test-tests/lib/python3.10/site-packages/_pytest/python.py", line 617, in _importtestmodule
    mod = import_path(self.path, mode=importmode, root=self.config.rootpath)
  File "/workdir/bokeh-3.0.2/.tox/cpythonlibtest-unit-test-tests/lib/python3.10/site-packages/_pytest/pathlib.py", line 567, in import_path
    importlib.import_module(module_name)
  File "/usr/local/lib/python3.10/importlib/__init__.py", line 126, in import_module
    return _bootstrap._gcd_import(name[level:], package, level)
  File "<frozen importlib._bootstrap>", line 1050, in _gcd_import
  File "<frozen importlib._bootstrap>", line 1027, in _find_and_load
  File "<frozen importlib._bootstrap>", line 1006, in _find_and_load_unlocked
  File "<frozen importlib._bootstrap>", line 688, in _load_unlocked
  File "/workdir/bokeh-3.0.2/.tox/cpythonlibtest-unit-test-tests/lib/python3.10/site-packages/_pytest/assertion/rewrite.py", line 186, in exec_module
    exec(co, module.__dict__)
  File "/workdir/bokeh-3.0.2/tests/unit/bokeh/test_tile_providers.py", line 52, in <module>
    'STAMEN_TERRAIN':          xyz.Stamen.Terrain.build_url(),
  File "/workdir/bokeh-3.0.2/.tox/cpythonlibtest-unit-test-tests/lib/python3.10/site-packages/xyzservices/lib.py", line 46, in __getattr__
    raise AttributeError(key) from err
AttributeError: Stamen
_ ERROR collecting tests/unit/bokeh/application/handlers/test_notebook__handlers.py _
ImportError while importing test module '/workdir/bokeh-3.0.2/tests/unit/bokeh/application/handlers/test_notebook__handlers.py'.
Hint: make sure your test modules/packages have valid Python names.
Traceback:
/usr/local/lib/python3.10/importlib/__init__.py:126: in import_module
    return _bootstrap._gcd_import(name[level:], package, level)
tests/unit/bokeh/application/handlers/test_notebook__handlers.py:20: in <module>
    import nbconvert
E   ModuleNotFoundError: No module named 'nbconvert'
_____ ERROR collecting tests/unit/bokeh/command/subcommands/test_serve.py ______
ImportError while importing test module '/workdir/bokeh-3.0.2/tests/unit/bokeh/command/subcommands/test_serve.py'.
Hint: make sure your test modules/packages have valid Python names.
Traceback:
/usr/local/lib/python3.10/importlib/__init__.py:126: in import_module
    return _bootstrap._gcd_import(name[level:], package, level)
tests/unit/bokeh/command/subcommands/test_serve.py:33: in <module>
    import requests
E   ModuleNotFoundError: No module named 'requests'
________ ERROR collecting tests/unit/bokeh/embed/test_server__embed.py _________
ImportError while importing test module '/workdir/bokeh-3.0.2/tests/unit/bokeh/embed/test_server__embed.py'.
Hint: make sure your test modules/packages have valid Python names.
Traceback:
/usr/local/lib/python3.10/importlib/__init__.py:126: in import_module
    return _bootstrap._gcd_import(name[level:], package, level)
tests/unit/bokeh/embed/test_server__embed.py:20: in <module>
    import bs4
E   ModuleNotFoundError: No module named 'bs4'
__________ ERROR collecting tests/unit/bokeh/embed/test_standalone.py __________
ImportError while importing test module '/workdir/bokeh-3.0.2/tests/unit/bokeh/embed/test_standalone.py'.
Hint: make sure your test modules/packages have valid Python names.
Traceback:
/usr/local/lib/python3.10/importlib/__init__.py:126: in import_module
    return _bootstrap._gcd_import(name[level:], package, level)
tests/unit/bokeh/embed/test_standalone.py:27: in <module>
    import bs4
E   ModuleNotFoundError: No module named 'bs4'
_____________ ERROR collecting tests/unit/bokeh/io/test_export.py ______________
Traceback (most recent call last):
  File "/workdir/bokeh-3.0.2/.tox/cpythonlibtest-unit-test-tests/lib/python3.10/site-packages/bokeh/util/dependencies.py", line 80, in import_required
    return import_module(mod_name)
  File "/usr/local/lib/python3.10/importlib/__init__.py", line 126, in import_module
    return _bootstrap._gcd_import(name[level:], package, level)
  File "<frozen importlib._bootstrap>", line 1050, in _gcd_import
  File "<frozen importlib._bootstrap>", line 1027, in _find_and_load
  File "<frozen importlib._bootstrap>", line 992, in _find_and_load_unlocked
  File "<frozen importlib._bootstrap>", line 241, in _call_with_frames_removed
  File "<frozen importlib._bootstrap>", line 1050, in _gcd_import
  File "<frozen importlib._bootstrap>", line 1027, in _find_and_load
  File "<frozen importlib._bootstrap>", line 1004, in _find_and_load_unlocked
ModuleNotFoundError: No module named 'selenium'

The above exception was the direct cause of the following exception:

Traceback (most recent call last):
  File "/workdir/bokeh-3.0.2/.tox/cpythonlibtest-unit-test-tests/lib/python3.10/site-packages/_pytest/runner.py", line 341, in from_call
    result: Optional[TResult] = func()
  File "/workdir/bokeh-3.0.2/.tox/cpythonlibtest-unit-test-tests/lib/python3.10/site-packages/_pytest/runner.py", line 372, in <lambda>
    call = CallInfo.from_call(lambda: list(collector.collect()), "collect")
  File "/workdir/bokeh-3.0.2/.tox/cpythonlibtest-unit-test-tests/lib/python3.10/site-packages/_pytest/python.py", line 531, in collect
    self._inject_setup_module_fixture()
  File "/workdir/bokeh-3.0.2/.tox/cpythonlibtest-unit-test-tests/lib/python3.10/site-packages/_pytest/python.py", line 545, in _inject_setup_module_fixture
    self.obj, ("setUpModule", "setup_module")
  File "/workdir/bokeh-3.0.2/.tox/cpythonlibtest-unit-test-tests/lib/python3.10/site-packages/_pytest/python.py", line 310, in obj
    self._obj = obj = self._getobj()
  File "/workdir/bokeh-3.0.2/.tox/cpythonlibtest-unit-test-tests/lib/python3.10/site-packages/_pytest/python.py", line 528, in _getobj
    return self._importtestmodule()
  File "/workdir/bokeh-3.0.2/.tox/cpythonlibtest-unit-test-tests/lib/python3.10/site-packages/_pytest/python.py", line 617, in _importtestmodule
    mod = import_path(self.path, mode=importmode, root=self.config.rootpath)
  File "/workdir/bokeh-3.0.2/.tox/cpythonlibtest-unit-test-tests/lib/python3.10/site-packages/_pytest/pathlib.py", line 567, in import_path
    importlib.import_module(module_name)
  File "/usr/local/lib/python3.10/importlib/__init__.py", line 126, in import_module
    return _bootstrap._gcd_import(name[level:], package, level)
  File "<frozen importlib._bootstrap>", line 1050, in _gcd_import
  File "<frozen importlib._bootstrap>", line 1027, in _find_and_load
  File "<frozen importlib._bootstrap>", line 1006, in _find_and_load_unlocked
  File "<frozen importlib._bootstrap>", line 688, in _load_unlocked
  File "/workdir/bokeh-3.0.2/.tox/cpythonlibtest-unit-test-tests/lib/python3.10/site-packages/_pytest/assertion/rewrite.py", line 186, in exec_module
    exec(co, module.__dict__)
  File "/workdir/bokeh-3.0.2/tests/unit/bokeh/io/test_export.py", line 31, in <module>
    from bokeh.io.webdriver import webdriver_control
  File "/workdir/bokeh-3.0.2/.tox/cpythonlibtest-unit-test-tests/lib/python3.10/site-packages/bokeh/io/webdriver.py", line 24, in <module>
    import_required("selenium.webdriver",
  File "/workdir/bokeh-3.0.2/.tox/cpythonlibtest-unit-test-tests/lib/python3.10/site-packages/bokeh/util/dependencies.py", line 82, in import_required
    raise RuntimeError(error_msg) from e
RuntimeError: To use bokeh.io image export functions you need selenium ('conda install selenium' or 'pip install selenium')
____________ ERROR collecting tests/unit/bokeh/io/test_webdriver.py ____________
ImportError while importing test module '/workdir/bokeh-3.0.2/tests/unit/bokeh/io/test_webdriver.py'.
Hint: make sure your test modules/packages have valid Python names.
Traceback:
/usr/local/lib/python3.10/importlib/__init__.py:126: in import_module
    return _bootstrap._gcd_import(name[level:], package, level)
tests/unit/bokeh/io/test_webdriver.py:20: in <module>
    import selenium.webdriver.chrome.webdriver
E   ModuleNotFoundError: No module named 'selenium'
_____________ ERROR collecting tests/unit/bokeh/model/test_docs.py _____________
ImportError while importing test module '/workdir/bokeh-3.0.2/tests/unit/bokeh/model/test_docs.py'.
Hint: make sure your test modules/packages have valid Python names.
Traceback:
/usr/local/lib/python3.10/importlib/__init__.py:126: in import_module
    return _bootstrap._gcd_import(name[level:], package, level)
tests/unit/bokeh/model/test_docs.py:20: in <module>
    import bs4
E   ModuleNotFoundError: No module named 'bs4'
____________ ERROR collecting tests/unit/bokeh/models/test_plots.py ____________
Traceback (most recent call last):
  File "/workdir/bokeh-3.0.2/.tox/cpythonlibtest-unit-test-tests/lib/python3.10/site-packages/xyzservices/lib.py", line 44, in __getattr__
    return self.__getitem__(key)
KeyError: 'Stamen'

The above exception was the direct cause of the following exception:

Traceback (most recent call last):
  File "/workdir/bokeh-3.0.2/.tox/cpythonlibtest-unit-test-tests/lib/python3.10/site-packages/_pytest/runner.py", line 341, in from_call
    result: Optional[TResult] = func()
  File "/workdir/bokeh-3.0.2/.tox/cpythonlibtest-unit-test-tests/lib/python3.10/site-packages/_pytest/runner.py", line 372, in <lambda>
    call = CallInfo.from_call(lambda: list(collector.collect()), "collect")
  File "/workdir/bokeh-3.0.2/.tox/cpythonlibtest-unit-test-tests/lib/python3.10/site-packages/_pytest/python.py", line 531, in collect
    self._inject_setup_module_fixture()
  File "/workdir/bokeh-3.0.2/.tox/cpythonlibtest-unit-test-tests/lib/python3.10/site-packages/_pytest/python.py", line 545, in _inject_setup_module_fixture
    self.obj, ("setUpModule", "setup_module")
  File "/workdir/bokeh-3.0.2/.tox/cpythonlibtest-unit-test-tests/lib/python3.10/site-packages/_pytest/python.py", line 310, in obj
    self._obj = obj = self._getobj()
  File "/workdir/bokeh-3.0.2/.tox/cpythonlibtest-unit-test-tests/lib/python3.10/site-packages/_pytest/python.py", line 528, in _getobj
    return self._importtestmodule()
  File "/workdir/bokeh-3.0.2/.tox/cpythonlibtest-unit-test-tests/lib/python3.10/site-packages/_pytest/python.py", line 617, in _importtestmodule
    mod = import_path(self.path, mode=importmode, root=self.config.rootpath)
  File "/workdir/bokeh-3.0.2/.tox/cpythonlibtest-unit-test-tests/lib/python3.10/site-packages/_pytest/pathlib.py", line 567, in import_path
    importlib.import_module(module_name)
  File "/usr/local/lib/python3.10/importlib/__init__.py", line 126, in import_module
    return _bootstrap._gcd_import(name[level:], package, level)
  File "<frozen importlib._bootstrap>", line 1050, in _gcd_import
  File "<frozen importlib._bootstrap>", line 1027, in _find_and_load
  File "<frozen importlib._bootstrap>", line 1006, in _find_and_load_unlocked
  File "<frozen importlib._bootstrap>", line 688, in _load_unlocked
  File "/workdir/bokeh-3.0.2/.tox/cpythonlibtest-unit-test-tests/lib/python3.10/site-packages/_pytest/assertion/rewrite.py", line 186, in exec_module
    exec(co, module.__dict__)
  File "/workdir/bokeh-3.0.2/tests/unit/bokeh/models/test_plots.py", line 335, in <module>
    ("STAMEN_TERRAIN", xyz.Stamen.Terrain),
  File "/workdir/bokeh-3.0.2/.tox/cpythonlibtest-unit-test-tests/lib/python3.10/site-packages/xyzservices/lib.py", line 46, in __getattr__
    raise AttributeError(key) from err
AttributeError: Stamen
=============================== warnings summary ===============================
.tox/cpythonlibtest-unit-test-tests/lib/python3.10/site-packages/bokeh/core/property/primitive.py:37
  /workdir/bokeh-3.0.2/.tox/cpythonlibtest-unit-test-tests/lib/python3.10/site-packages/bokeh/core/property/primitive.py:37: DeprecationWarning: `np.bool8` is a deprecated alias for `np.bool_`.  (Deprecated NumPy 1.24)
    bokeh_bool_types = (bool, np.bool8)

.tox/cpythonlibtest-unit-test-tests/lib/python3.10/site-packages/_pytest/config/__init__.py:1373
  /workdir/bokeh-3.0.2/.tox/cpythonlibtest-unit-test-tests/lib/python3.10/site-packages/_pytest/config/__init__.py:1373: PytestConfigWarning: Unknown config option: asyncio_mode
  
    self._warn_or_fail_if_strict(f"Unknown config option: {key}\n")

.tox/cpythonlibtest-unit-test-tests/lib/python3.10/site-packages/bokeh/util/deprecation.py:78
  BokehDeprecationWarning: tile_providers module was deprecated in Bokeh 3.0.0 and will be removed, use add_tile directly instead.

tests/unit/bokeh/document/_util_document.py:46
  /workdir/bokeh-3.0.2/tests/unit/bokeh/document/_util_document.py:46: RuntimeWarning: Properties {'name'} in class ModelThatOverridesName were previously declared on a parent class. It never makes sense to do this. Redundant properties should be deleted here, or onthe parent class. Override() can be used to change a default value of a base class property.
    class ModelThatOverridesName(Model):

.tox/cpythonlibtest-unit-test-tests/lib/python3.10/site-packages/bokeh/util/sampledata.py:135
.tox/cpythonlibtest-unit-test-tests/lib/python3.10/site-packages/bokeh/util/sampledata.py:135
  /workdir/bokeh-3.0.2/.tox/cpythonlibtest-unit-test-tests/lib/python3.10/site-packages/bokeh/util/sampledata.py:135: UserWarning: Could not infer format, so each element will be parsed individually, falling back to `dateutil`. To ensure parsing is consistent and as-expected, please specify a format.
    return pd.read_csv(package_path(name), **kw)

tests/conftest.py:26
  /workdir/bokeh-3.0.2/tests/conftest.py:26: PytestUnknownMarkWarning: Unknown pytest.mark.asyncio - is this a typo?  You can register custom marks to avoid this warning - for details, see https://docs.pytest.org/en/stable/how-to/mark.html
    item.add_marker(pytest.mark.asyncio)

-- Docs: https://docs.pytest.org/en/stable/how-to/capture-warnings.html
- generated xml file: /workdir/results/bokeh/3.0.2/1/cpython-test-results.xml --
=========================== short test summary info ============================
ERROR tests/test_defaults.py
ERROR tests/test_examples.py - ImportError: Error importing plugin "tests.sup...
ERROR tests/integration/test_regressions.py
ERROR tests/integration/embed/test_json_item.py
ERROR tests/integration/models/test_datarange1d.py
ERROR tests/integration/models/test_plot.py
ERROR tests/integration/models/test_sources.py
ERROR tests/integration/tools/test_box_edit_tool.py
ERROR tests/integration/tools/test_box_zoom_tool.py
ERROR tests/integration/tools/test_custom_action.py
ERROR tests/integration/tools/test_freehand_draw_tool.py
ERROR tests/integration/tools/test_pan_tool.py
ERROR tests/integration/tools/test_point_draw_tool.py
ERROR tests/integration/tools/test_poly_draw_tool.py
ERROR tests/integration/tools/test_poly_edit_tool.py
ERROR tests/integration/tools/test_range_tool.py
ERROR tests/integration/tools/test_reset_tool.py
ERROR tests/integration/tools/test_tap_tool.py
ERROR tests/integration/tools/test_wheel_pan_tool.py
ERROR tests/integration/tools/test_wheel_zoom_tool.py
ERROR tests/integration/tools/test_zoom_in_tool.py
ERROR tests/integration/tools/test_zoom_out_tool.py
ERROR tests/integration/widgets/test_autocomplete_input.py
ERROR tests/integration/widgets/test_button.py
ERROR tests/integration/widgets/test_checkbox_button_group.py
ERROR tests/integration/widgets/test_checkbox_group.py
ERROR tests/integration/widgets/test_color_picker.py
ERROR tests/integration/widgets/test_copy_paste.py
ERROR tests/integration/widgets/test_datepicker.py
ERROR tests/integration/widgets/test_daterange_slider.py
ERROR tests/integration/widgets/test_dateslider.py
ERROR tests/integration/widgets/test_datetime_range_slider.py
ERROR tests/integration/widgets/test_div.py
ERROR tests/integration/widgets/test_dropdown.py
ERROR tests/integration/widgets/test_multi_choice.py
ERROR tests/integration/widgets/test_numeric_input.py
ERROR tests/integration/widgets/test_paragraph.py
ERROR tests/integration/widgets/test_password_input.py
ERROR tests/integration/widgets/test_pretext.py
ERROR tests/integration/widgets/test_radio_button_group.py
ERROR tests/integration/widgets/test_radio_group.py
ERROR tests/integration/widgets/test_range_slider.py
ERROR tests/integration/widgets/test_select.py
ERROR tests/integration/widgets/test_slider.py
ERROR tests/integration/widgets/test_spinner.py
ERROR tests/integration/widgets/test_text_input.py
ERROR tests/integration/widgets/test_textarea_input.py
ERROR tests/integration/widgets/test_toggle.py
ERROR tests/integration/widgets/tables/test_cell_editors.py
ERROR tests/integration/widgets/tables/test_copy_paste.py
ERROR tests/integration/widgets/tables/test_data_table.py
ERROR tests/integration/widgets/tables/test_sortable.py
ERROR tests/integration/widgets/tables/test_source_updates.py
ERROR tests/unit/bokeh/test_resources.py
ERROR tests/unit/bokeh/test_tile_providers.py - AttributeError: Stamen
ERROR tests/unit/bokeh/application/handlers/test_notebook__handlers.py
ERROR tests/unit/bokeh/command/subcommands/test_serve.py
ERROR tests/unit/bokeh/embed/test_server__embed.py
ERROR tests/unit/bokeh/embed/test_standalone.py
ERROR tests/unit/bokeh/io/test_export.py - RuntimeError: To use bokeh.io imag...
ERROR tests/unit/bokeh/io/test_webdriver.py
ERROR tests/unit/bokeh/model/test_docs.py
ERROR tests/unit/bokeh/models/test_plots.py - AttributeError: Stamen
!!!!!!!!!!!!!!!!!!! Interrupted: 63 errors during collection !!!!!!!!!!!!!!!!!!!
======================== 7 warnings, 63 errors in 9.10s ========================
ERROR: InvocationError for command /workdir/bokeh-3.0.2/.tox/cpythonlibtest-unit-test-tests/bin/pytest -v --tb=native --junitxml /workdir/results/bokeh/3.0.2/1/cpython-test-results.xml (exited with code 2)
___________________________________ summary ____________________________________
ERROR:   cpythonlibtest-unit-test-tests: commands failed
