<?xml version="1.0" encoding="utf-8"?><testsuites><testsuite name="pytest" errors="35" failures="1" skipped="1" tests="205" time="24.133" timestamp="2023-11-29T19:16:25.568503" hostname="be2d8ee410eb"><testcase classname="sphinx_gallery.tests.test_backreferences" name="test_thumbnail_div[&lt;&quot;test&quot;&gt;-&amp;lt;&amp;quot;test&amp;quot;&amp;gt;-False]" time="0.004" /><testcase classname="sphinx_gallery.tests.test_backreferences" name="test_thumbnail_div[test formating-test formating-True]" time="0.001" /><testcase classname="sphinx_gallery.tests.test_backreferences" name="test_thumbnail_div[1 :class:`~a.b`. 2 :class:`a.b` 3 :ref:`whatever &lt;better name&gt;`-1 b. 2 a.b 3 better name-False]" time="0.001" /><testcase classname="sphinx_gallery.tests.test_backreferences" name="test_thumbnail_div[use :meth:`mne.io.Raw.plot_psd` to-use mne.io.Raw.plot_psd to-False]" time="0.001" /><testcase classname="sphinx_gallery.tests.test_backreferences" name="test_thumbnail_div[`this` and ``that``; and `these things` and ``those things``-this and that; and these things and those things-False]" time="0.001" /><testcase classname="sphinx_gallery.tests.test_backreferences" name="test_identify_names" time="0.012" /><testcase classname="sphinx_gallery.tests.test_backreferences" name="test_identify_names2" time="0.005" /><testcase classname="sphinx_gallery.tests.test_binder" name="test_binder" time="0.003" /><testcase classname="sphinx_gallery.tests.test_binder" name="test_gen_binder_rst" time="0.002" /><testcase classname="sphinx_gallery.tests.test_docs_resolv" name="test_embed_code_links_get_data" time="0.869" /><testcase classname="sphinx_gallery.tests.test_docs_resolv" name="test_shelve" time="0.019" /><testcase classname="sphinx_gallery.tests.test_docs_resolv" name="test_parse_sphinx_docopts" time="0.001" /><testcase classname="sphinx_gallery.tests.test_full" name="test_timings" time="9.559"><error message="failed on setup with &quot;sphinx.errors.ExtensionError: Documentation options could not be found in index.&quot;">Traceback (most recent call last):
  File "/workdir/sphinx-gallery-0.11.1/.tox/cpythonlibtest-unit-test-tests/lib/python3.10/site-packages/_pytest/runner.py", line 341, in from_call
    result: Optional[TResult] = func()
  File "/workdir/sphinx-gallery-0.11.1/.tox/cpythonlibtest-unit-test-tests/lib/python3.10/site-packages/_pytest/runner.py", line 262, in &lt;lambda&gt;
    lambda: ihook(item=item, **kwds), when=when, reraise=reraise
  File "/workdir/sphinx-gallery-0.11.1/.tox/cpythonlibtest-unit-test-tests/lib/python3.10/site-packages/pluggy/_hooks.py", line 493, in __call__
    return self._hookexec(self.name, self._hookimpls, kwargs, firstresult)
  File "/workdir/sphinx-gallery-0.11.1/.tox/cpythonlibtest-unit-test-tests/lib/python3.10/site-packages/pluggy/_manager.py", line 115, in _hookexec
    return self._inner_hookexec(hook_name, methods, kwargs, firstresult)
  File "/workdir/sphinx-gallery-0.11.1/.tox/cpythonlibtest-unit-test-tests/lib/python3.10/site-packages/pluggy/_callers.py", line 152, in _multicall
    return outcome.get_result()
  File "/workdir/sphinx-gallery-0.11.1/.tox/cpythonlibtest-unit-test-tests/lib/python3.10/site-packages/pluggy/_result.py", line 114, in get_result
    raise exc.with_traceback(exc.__traceback__)
  File "/workdir/sphinx-gallery-0.11.1/.tox/cpythonlibtest-unit-test-tests/lib/python3.10/site-packages/pluggy/_callers.py", line 77, in _multicall
    res = hook_impl.function(*args)
  File "/workdir/sphinx-gallery-0.11.1/.tox/cpythonlibtest-unit-test-tests/lib/python3.10/site-packages/_pytest/runner.py", line 157, in pytest_runtest_setup
    item.session._setupstate.setup(item)
  File "/workdir/sphinx-gallery-0.11.1/.tox/cpythonlibtest-unit-test-tests/lib/python3.10/site-packages/_pytest/runner.py", line 497, in setup
    raise exc
  File "/workdir/sphinx-gallery-0.11.1/.tox/cpythonlibtest-unit-test-tests/lib/python3.10/site-packages/_pytest/runner.py", line 494, in setup
    col.setup()
  File "/workdir/sphinx-gallery-0.11.1/.tox/cpythonlibtest-unit-test-tests/lib/python3.10/site-packages/_pytest/python.py", line 1795, in setup
    self._request._fillfixtures()
  File "/workdir/sphinx-gallery-0.11.1/.tox/cpythonlibtest-unit-test-tests/lib/python3.10/site-packages/_pytest/fixtures.py", line 566, in _fillfixtures
    item.funcargs[argname] = self.getfixturevalue(argname)
  File "/workdir/sphinx-gallery-0.11.1/.tox/cpythonlibtest-unit-test-tests/lib/python3.10/site-packages/_pytest/fixtures.py", line 585, in getfixturevalue
    fixturedef = self._get_active_fixturedef(argname)
  File "/workdir/sphinx-gallery-0.11.1/.tox/cpythonlibtest-unit-test-tests/lib/python3.10/site-packages/_pytest/fixtures.py", line 607, in _get_active_fixturedef
    self._compute_fixture_value(fixturedef)
  File "/workdir/sphinx-gallery-0.11.1/.tox/cpythonlibtest-unit-test-tests/lib/python3.10/site-packages/_pytest/fixtures.py", line 693, in _compute_fixture_value
    fixturedef.execute(request=subrequest)
  File "/workdir/sphinx-gallery-0.11.1/.tox/cpythonlibtest-unit-test-tests/lib/python3.10/site-packages/_pytest/fixtures.py", line 1069, in execute
    result = ihook.pytest_fixture_setup(fixturedef=self, request=request)
  File "/workdir/sphinx-gallery-0.11.1/.tox/cpythonlibtest-unit-test-tests/lib/python3.10/site-packages/pluggy/_hooks.py", line 493, in __call__
    return self._hookexec(self.name, self._hookimpls, kwargs, firstresult)
  File "/workdir/sphinx-gallery-0.11.1/.tox/cpythonlibtest-unit-test-tests/lib/python3.10/site-packages/pluggy/_manager.py", line 115, in _hookexec
    return self._inner_hookexec(hook_name, methods, kwargs, firstresult)
  File "/workdir/sphinx-gallery-0.11.1/.tox/cpythonlibtest-unit-test-tests/lib/python3.10/site-packages/pluggy/_callers.py", line 152, in _multicall
    return outcome.get_result()
  File "/workdir/sphinx-gallery-0.11.1/.tox/cpythonlibtest-unit-test-tests/lib/python3.10/site-packages/pluggy/_result.py", line 114, in get_result
    raise exc.with_traceback(exc.__traceback__)
  File "/workdir/sphinx-gallery-0.11.1/.tox/cpythonlibtest-unit-test-tests/lib/python3.10/site-packages/pluggy/_callers.py", line 77, in _multicall
    res = hook_impl.function(*args)
  File "/workdir/sphinx-gallery-0.11.1/.tox/cpythonlibtest-unit-test-tests/lib/python3.10/site-packages/_pytest/fixtures.py", line 1123, in pytest_fixture_setup
    result = call_fixture_func(fixturefunc, request, kwargs)
  File "/workdir/sphinx-gallery-0.11.1/.tox/cpythonlibtest-unit-test-tests/lib/python3.10/site-packages/_pytest/fixtures.py", line 902, in call_fixture_func
    fixture_result = fixturefunc(**kwargs)
  File "/workdir/sphinx-gallery-0.11.1/sphinx_gallery/tests/test_full.py", line 60, in sphinx_app
    app.build(False, [])
  File "/workdir/sphinx-gallery-0.11.1/.tox/cpythonlibtest-unit-test-tests/lib/python3.10/site-packages/sphinx/application.py", line 357, in build
    self.events.emit('build-finished', None)
  File "/workdir/sphinx-gallery-0.11.1/.tox/cpythonlibtest-unit-test-tests/lib/python3.10/site-packages/sphinx/events.py", line 97, in emit
    results.append(listener.handler(self.app, *args))
  File "/workdir/sphinx-gallery-0.11.1/sphinx_gallery/docs_resolv.py", line 470, in embed_code_links
    _embed_code_links(app, gallery_conf, gallery_dir)
  File "/workdir/sphinx-gallery-0.11.1/sphinx_gallery/docs_resolv.py", line 323, in _embed_code_links
    doc_resolvers[this_module] = SphinxDocLinkResolver(
  File "/workdir/sphinx-gallery-0.11.1/sphinx_gallery/docs_resolv.py", line 182, in __init__
    self._docopts = parse_sphinx_docopts(docopts)
  File "/workdir/sphinx-gallery-0.11.1/sphinx_gallery/docs_resolv.py", line 86, in parse_sphinx_docopts
    raise ExtensionError(
sphinx.errors.ExtensionError: Documentation options could not be found in index.</error></testcase><testcase classname="sphinx_gallery.tests.test_full" name="test_optipng" time="0.001"><error message="failed on setup with &quot;sphinx.errors.ExtensionError: Documentation options could not be found in index.&quot;">Traceback (most recent call last):
  File "/workdir/sphinx-gallery-0.11.1/.tox/cpythonlibtest-unit-test-tests/lib/python3.10/site-packages/_pytest/runner.py", line 341, in from_call
    result: Optional[TResult] = func()
  File "/workdir/sphinx-gallery-0.11.1/.tox/cpythonlibtest-unit-test-tests/lib/python3.10/site-packages/_pytest/runner.py", line 262, in &lt;lambda&gt;
    lambda: ihook(item=item, **kwds), when=when, reraise=reraise
  File "/workdir/sphinx-gallery-0.11.1/.tox/cpythonlibtest-unit-test-tests/lib/python3.10/site-packages/pluggy/_hooks.py", line 493, in __call__
    return self._hookexec(self.name, self._hookimpls, kwargs, firstresult)
  File "/workdir/sphinx-gallery-0.11.1/.tox/cpythonlibtest-unit-test-tests/lib/python3.10/site-packages/pluggy/_manager.py", line 115, in _hookexec
    return self._inner_hookexec(hook_name, methods, kwargs, firstresult)
  File "/workdir/sphinx-gallery-0.11.1/.tox/cpythonlibtest-unit-test-tests/lib/python3.10/site-packages/pluggy/_callers.py", line 152, in _multicall
    return outcome.get_result()
  File "/workdir/sphinx-gallery-0.11.1/.tox/cpythonlibtest-unit-test-tests/lib/python3.10/site-packages/pluggy/_result.py", line 114, in get_result
    raise exc.with_traceback(exc.__traceback__)
  File "/workdir/sphinx-gallery-0.11.1/.tox/cpythonlibtest-unit-test-tests/lib/python3.10/site-packages/pluggy/_callers.py", line 77, in _multicall
    res = hook_impl.function(*args)
  File "/workdir/sphinx-gallery-0.11.1/.tox/cpythonlibtest-unit-test-tests/lib/python3.10/site-packages/_pytest/runner.py", line 157, in pytest_runtest_setup
    item.session._setupstate.setup(item)
  File "/workdir/sphinx-gallery-0.11.1/.tox/cpythonlibtest-unit-test-tests/lib/python3.10/site-packages/_pytest/runner.py", line 497, in setup
    raise exc
  File "/workdir/sphinx-gallery-0.11.1/.tox/cpythonlibtest-unit-test-tests/lib/python3.10/site-packages/_pytest/runner.py", line 494, in setup
    col.setup()
  File "/workdir/sphinx-gallery-0.11.1/.tox/cpythonlibtest-unit-test-tests/lib/python3.10/site-packages/_pytest/python.py", line 1795, in setup
    self._request._fillfixtures()
  File "/workdir/sphinx-gallery-0.11.1/.tox/cpythonlibtest-unit-test-tests/lib/python3.10/site-packages/_pytest/fixtures.py", line 566, in _fillfixtures
    item.funcargs[argname] = self.getfixturevalue(argname)
  File "/workdir/sphinx-gallery-0.11.1/.tox/cpythonlibtest-unit-test-tests/lib/python3.10/site-packages/_pytest/fixtures.py", line 585, in getfixturevalue
    fixturedef = self._get_active_fixturedef(argname)
  File "/workdir/sphinx-gallery-0.11.1/.tox/cpythonlibtest-unit-test-tests/lib/python3.10/site-packages/_pytest/fixtures.py", line 607, in _get_active_fixturedef
    self._compute_fixture_value(fixturedef)
  File "/workdir/sphinx-gallery-0.11.1/.tox/cpythonlibtest-unit-test-tests/lib/python3.10/site-packages/_pytest/fixtures.py", line 693, in _compute_fixture_value
    fixturedef.execute(request=subrequest)
  File "/workdir/sphinx-gallery-0.11.1/.tox/cpythonlibtest-unit-test-tests/lib/python3.10/site-packages/_pytest/fixtures.py", line 1059, in execute
    raise val.with_traceback(tb)
  File "/workdir/sphinx-gallery-0.11.1/.tox/cpythonlibtest-unit-test-tests/lib/python3.10/site-packages/_pytest/fixtures.py", line 1123, in pytest_fixture_setup
    result = call_fixture_func(fixturefunc, request, kwargs)
  File "/workdir/sphinx-gallery-0.11.1/.tox/cpythonlibtest-unit-test-tests/lib/python3.10/site-packages/_pytest/fixtures.py", line 902, in call_fixture_func
    fixture_result = fixturefunc(**kwargs)
  File "/workdir/sphinx-gallery-0.11.1/sphinx_gallery/tests/test_full.py", line 60, in sphinx_app
    app.build(False, [])
  File "/workdir/sphinx-gallery-0.11.1/.tox/cpythonlibtest-unit-test-tests/lib/python3.10/site-packages/sphinx/application.py", line 357, in build
    self.events.emit('build-finished', None)
  File "/workdir/sphinx-gallery-0.11.1/.tox/cpythonlibtest-unit-test-tests/lib/python3.10/site-packages/sphinx/events.py", line 97, in emit
    results.append(listener.handler(self.app, *args))
  File "/workdir/sphinx-gallery-0.11.1/sphinx_gallery/docs_resolv.py", line 470, in embed_code_links
    _embed_code_links(app, gallery_conf, gallery_dir)
  File "/workdir/sphinx-gallery-0.11.1/sphinx_gallery/docs_resolv.py", line 323, in _embed_code_links
    doc_resolvers[this_module] = SphinxDocLinkResolver(
  File "/workdir/sphinx-gallery-0.11.1/sphinx_gallery/docs_resolv.py", line 182, in __init__
    self._docopts = parse_sphinx_docopts(docopts)
  File "/workdir/sphinx-gallery-0.11.1/sphinx_gallery/docs_resolv.py", line 86, in parse_sphinx_docopts
    raise ExtensionError(
sphinx.errors.ExtensionError: Documentation options could not be found in index.</error></testcase><testcase classname="sphinx_gallery.tests.test_full" name="test_junit" time="0.000"><error message="failed on setup with &quot;sphinx.errors.ExtensionError: Documentation options could not be found in index.&quot;">Traceback (most recent call last):
  File "/workdir/sphinx-gallery-0.11.1/.tox/cpythonlibtest-unit-test-tests/lib/python3.10/site-packages/_pytest/runner.py", line 341, in from_call
    result: Optional[TResult] = func()
  File "/workdir/sphinx-gallery-0.11.1/.tox/cpythonlibtest-unit-test-tests/lib/python3.10/site-packages/_pytest/runner.py", line 262, in &lt;lambda&gt;
    lambda: ihook(item=item, **kwds), when=when, reraise=reraise
  File "/workdir/sphinx-gallery-0.11.1/.tox/cpythonlibtest-unit-test-tests/lib/python3.10/site-packages/pluggy/_hooks.py", line 493, in __call__
    return self._hookexec(self.name, self._hookimpls, kwargs, firstresult)
  File "/workdir/sphinx-gallery-0.11.1/.tox/cpythonlibtest-unit-test-tests/lib/python3.10/site-packages/pluggy/_manager.py", line 115, in _hookexec
    return self._inner_hookexec(hook_name, methods, kwargs, firstresult)
  File "/workdir/sphinx-gallery-0.11.1/.tox/cpythonlibtest-unit-test-tests/lib/python3.10/site-packages/pluggy/_callers.py", line 152, in _multicall
    return outcome.get_result()
  File "/workdir/sphinx-gallery-0.11.1/.tox/cpythonlibtest-unit-test-tests/lib/python3.10/site-packages/pluggy/_result.py", line 114, in get_result
    raise exc.with_traceback(exc.__traceback__)
  File "/workdir/sphinx-gallery-0.11.1/.tox/cpythonlibtest-unit-test-tests/lib/python3.10/site-packages/pluggy/_callers.py", line 77, in _multicall
    res = hook_impl.function(*args)
  File "/workdir/sphinx-gallery-0.11.1/.tox/cpythonlibtest-unit-test-tests/lib/python3.10/site-packages/_pytest/runner.py", line 157, in pytest_runtest_setup
    item.session._setupstate.setup(item)
  File "/workdir/sphinx-gallery-0.11.1/.tox/cpythonlibtest-unit-test-tests/lib/python3.10/site-packages/_pytest/runner.py", line 497, in setup
    raise exc
  File "/workdir/sphinx-gallery-0.11.1/.tox/cpythonlibtest-unit-test-tests/lib/python3.10/site-packages/_pytest/runner.py", line 494, in setup
    col.setup()
  File "/workdir/sphinx-gallery-0.11.1/.tox/cpythonlibtest-unit-test-tests/lib/python3.10/site-packages/_pytest/python.py", line 1795, in setup
    self._request._fillfixtures()
  File "/workdir/sphinx-gallery-0.11.1/.tox/cpythonlibtest-unit-test-tests/lib/python3.10/site-packages/_pytest/fixtures.py", line 566, in _fillfixtures
    item.funcargs[argname] = self.getfixturevalue(argname)
  File "/workdir/sphinx-gallery-0.11.1/.tox/cpythonlibtest-unit-test-tests/lib/python3.10/site-packages/_pytest/fixtures.py", line 585, in getfixturevalue
    fixturedef = self._get_active_fixturedef(argname)
  File "/workdir/sphinx-gallery-0.11.1/.tox/cpythonlibtest-unit-test-tests/lib/python3.10/site-packages/_pytest/fixtures.py", line 607, in _get_active_fixturedef
    self._compute_fixture_value(fixturedef)
  File "/workdir/sphinx-gallery-0.11.1/.tox/cpythonlibtest-unit-test-tests/lib/python3.10/site-packages/_pytest/fixtures.py", line 693, in _compute_fixture_value
    fixturedef.execute(request=subrequest)
  File "/workdir/sphinx-gallery-0.11.1/.tox/cpythonlibtest-unit-test-tests/lib/python3.10/site-packages/_pytest/fixtures.py", line 1059, in execute
    raise val.with_traceback(tb)
  File "/workdir/sphinx-gallery-0.11.1/.tox/cpythonlibtest-unit-test-tests/lib/python3.10/site-packages/_pytest/fixtures.py", line 1123, in pytest_fixture_setup
    result = call_fixture_func(fixturefunc, request, kwargs)
  File "/workdir/sphinx-gallery-0.11.1/.tox/cpythonlibtest-unit-test-tests/lib/python3.10/site-packages/_pytest/fixtures.py", line 902, in call_fixture_func
    fixture_result = fixturefunc(**kwargs)
  File "/workdir/sphinx-gallery-0.11.1/sphinx_gallery/tests/test_full.py", line 60, in sphinx_app
    app.build(False, [])
  File "/workdir/sphinx-gallery-0.11.1/.tox/cpythonlibtest-unit-test-tests/lib/python3.10/site-packages/sphinx/application.py", line 357, in build
    self.events.emit('build-finished', None)
  File "/workdir/sphinx-gallery-0.11.1/.tox/cpythonlibtest-unit-test-tests/lib/python3.10/site-packages/sphinx/events.py", line 97, in emit
    results.append(listener.handler(self.app, *args))
  File "/workdir/sphinx-gallery-0.11.1/sphinx_gallery/docs_resolv.py", line 470, in embed_code_links
    _embed_code_links(app, gallery_conf, gallery_dir)
  File "/workdir/sphinx-gallery-0.11.1/sphinx_gallery/docs_resolv.py", line 323, in _embed_code_links
    doc_resolvers[this_module] = SphinxDocLinkResolver(
  File "/workdir/sphinx-gallery-0.11.1/sphinx_gallery/docs_resolv.py", line 182, in __init__
    self._docopts = parse_sphinx_docopts(docopts)
  File "/workdir/sphinx-gallery-0.11.1/sphinx_gallery/docs_resolv.py", line 86, in parse_sphinx_docopts
    raise ExtensionError(
sphinx.errors.ExtensionError: Documentation options could not be found in index.</error></testcase><testcase classname="sphinx_gallery.tests.test_full" name="test_run_sphinx" time="0.001"><error message="failed on setup with &quot;sphinx.errors.ExtensionError: Documentation options could not be found in index.&quot;">Traceback (most recent call last):
  File "/workdir/sphinx-gallery-0.11.1/.tox/cpythonlibtest-unit-test-tests/lib/python3.10/site-packages/_pytest/runner.py", line 341, in from_call
    result: Optional[TResult] = func()
  File "/workdir/sphinx-gallery-0.11.1/.tox/cpythonlibtest-unit-test-tests/lib/python3.10/site-packages/_pytest/runner.py", line 262, in &lt;lambda&gt;
    lambda: ihook(item=item, **kwds), when=when, reraise=reraise
  File "/workdir/sphinx-gallery-0.11.1/.tox/cpythonlibtest-unit-test-tests/lib/python3.10/site-packages/pluggy/_hooks.py", line 493, in __call__
    return self._hookexec(self.name, self._hookimpls, kwargs, firstresult)
  File "/workdir/sphinx-gallery-0.11.1/.tox/cpythonlibtest-unit-test-tests/lib/python3.10/site-packages/pluggy/_manager.py", line 115, in _hookexec
    return self._inner_hookexec(hook_name, methods, kwargs, firstresult)
  File "/workdir/sphinx-gallery-0.11.1/.tox/cpythonlibtest-unit-test-tests/lib/python3.10/site-packages/pluggy/_callers.py", line 152, in _multicall
    return outcome.get_result()
  File "/workdir/sphinx-gallery-0.11.1/.tox/cpythonlibtest-unit-test-tests/lib/python3.10/site-packages/pluggy/_result.py", line 114, in get_result
    raise exc.with_traceback(exc.__traceback__)
  File "/workdir/sphinx-gallery-0.11.1/.tox/cpythonlibtest-unit-test-tests/lib/python3.10/site-packages/pluggy/_callers.py", line 77, in _multicall
    res = hook_impl.function(*args)
  File "/workdir/sphinx-gallery-0.11.1/.tox/cpythonlibtest-unit-test-tests/lib/python3.10/site-packages/_pytest/runner.py", line 157, in pytest_runtest_setup
    item.session._setupstate.setup(item)
  File "/workdir/sphinx-gallery-0.11.1/.tox/cpythonlibtest-unit-test-tests/lib/python3.10/site-packages/_pytest/runner.py", line 497, in setup
    raise exc
  File "/workdir/sphinx-gallery-0.11.1/.tox/cpythonlibtest-unit-test-tests/lib/python3.10/site-packages/_pytest/runner.py", line 494, in setup
    col.setup()
  File "/workdir/sphinx-gallery-0.11.1/.tox/cpythonlibtest-unit-test-tests/lib/python3.10/site-packages/_pytest/python.py", line 1795, in setup
    self._request._fillfixtures()
  File "/workdir/sphinx-gallery-0.11.1/.tox/cpythonlibtest-unit-test-tests/lib/python3.10/site-packages/_pytest/fixtures.py", line 566, in _fillfixtures
    item.funcargs[argname] = self.getfixturevalue(argname)
  File "/workdir/sphinx-gallery-0.11.1/.tox/cpythonlibtest-unit-test-tests/lib/python3.10/site-packages/_pytest/fixtures.py", line 585, in getfixturevalue
    fixturedef = self._get_active_fixturedef(argname)
  File "/workdir/sphinx-gallery-0.11.1/.tox/cpythonlibtest-unit-test-tests/lib/python3.10/site-packages/_pytest/fixtures.py", line 607, in _get_active_fixturedef
    self._compute_fixture_value(fixturedef)
  File "/workdir/sphinx-gallery-0.11.1/.tox/cpythonlibtest-unit-test-tests/lib/python3.10/site-packages/_pytest/fixtures.py", line 693, in _compute_fixture_value
    fixturedef.execute(request=subrequest)
  File "/workdir/sphinx-gallery-0.11.1/.tox/cpythonlibtest-unit-test-tests/lib/python3.10/site-packages/_pytest/fixtures.py", line 1059, in execute
    raise val.with_traceback(tb)
  File "/workdir/sphinx-gallery-0.11.1/.tox/cpythonlibtest-unit-test-tests/lib/python3.10/site-packages/_pytest/fixtures.py", line 1123, in pytest_fixture_setup
    result = call_fixture_func(fixturefunc, request, kwargs)
  File "/workdir/sphinx-gallery-0.11.1/.tox/cpythonlibtest-unit-test-tests/lib/python3.10/site-packages/_pytest/fixtures.py", line 902, in call_fixture_func
    fixture_result = fixturefunc(**kwargs)
  File "/workdir/sphinx-gallery-0.11.1/sphinx_gallery/tests/test_full.py", line 60, in sphinx_app
    app.build(False, [])
  File "/workdir/sphinx-gallery-0.11.1/.tox/cpythonlibtest-unit-test-tests/lib/python3.10/site-packages/sphinx/application.py", line 357, in build
    self.events.emit('build-finished', None)
  File "/workdir/sphinx-gallery-0.11.1/.tox/cpythonlibtest-unit-test-tests/lib/python3.10/site-packages/sphinx/events.py", line 97, in emit
    results.append(listener.handler(self.app, *args))
  File "/workdir/sphinx-gallery-0.11.1/sphinx_gallery/docs_resolv.py", line 470, in embed_code_links
    _embed_code_links(app, gallery_conf, gallery_dir)
  File "/workdir/sphinx-gallery-0.11.1/sphinx_gallery/docs_resolv.py", line 323, in _embed_code_links
    doc_resolvers[this_module] = SphinxDocLinkResolver(
  File "/workdir/sphinx-gallery-0.11.1/sphinx_gallery/docs_resolv.py", line 182, in __init__
    self._docopts = parse_sphinx_docopts(docopts)
  File "/workdir/sphinx-gallery-0.11.1/sphinx_gallery/docs_resolv.py", line 86, in parse_sphinx_docopts
    raise ExtensionError(
sphinx.errors.ExtensionError: Documentation options could not be found in index.</error></testcase><testcase classname="sphinx_gallery.tests.test_full" name="test_thumbnail_path" time="0.000"><error message="failed on setup with &quot;sphinx.errors.ExtensionError: Documentation options could not be found in index.&quot;">Traceback (most recent call last):
  File "/workdir/sphinx-gallery-0.11.1/.tox/cpythonlibtest-unit-test-tests/lib/python3.10/site-packages/_pytest/runner.py", line 341, in from_call
    result: Optional[TResult] = func()
  File "/workdir/sphinx-gallery-0.11.1/.tox/cpythonlibtest-unit-test-tests/lib/python3.10/site-packages/_pytest/runner.py", line 262, in &lt;lambda&gt;
    lambda: ihook(item=item, **kwds), when=when, reraise=reraise
  File "/workdir/sphinx-gallery-0.11.1/.tox/cpythonlibtest-unit-test-tests/lib/python3.10/site-packages/pluggy/_hooks.py", line 493, in __call__
    return self._hookexec(self.name, self._hookimpls, kwargs, firstresult)
  File "/workdir/sphinx-gallery-0.11.1/.tox/cpythonlibtest-unit-test-tests/lib/python3.10/site-packages/pluggy/_manager.py", line 115, in _hookexec
    return self._inner_hookexec(hook_name, methods, kwargs, firstresult)
  File "/workdir/sphinx-gallery-0.11.1/.tox/cpythonlibtest-unit-test-tests/lib/python3.10/site-packages/pluggy/_callers.py", line 152, in _multicall
    return outcome.get_result()
  File "/workdir/sphinx-gallery-0.11.1/.tox/cpythonlibtest-unit-test-tests/lib/python3.10/site-packages/pluggy/_result.py", line 114, in get_result
    raise exc.with_traceback(exc.__traceback__)
  File "/workdir/sphinx-gallery-0.11.1/.tox/cpythonlibtest-unit-test-tests/lib/python3.10/site-packages/pluggy/_callers.py", line 77, in _multicall
    res = hook_impl.function(*args)
  File "/workdir/sphinx-gallery-0.11.1/.tox/cpythonlibtest-unit-test-tests/lib/python3.10/site-packages/_pytest/runner.py", line 157, in pytest_runtest_setup
    item.session._setupstate.setup(item)
  File "/workdir/sphinx-gallery-0.11.1/.tox/cpythonlibtest-unit-test-tests/lib/python3.10/site-packages/_pytest/runner.py", line 497, in setup
    raise exc
  File "/workdir/sphinx-gallery-0.11.1/.tox/cpythonlibtest-unit-test-tests/lib/python3.10/site-packages/_pytest/runner.py", line 494, in setup
    col.setup()
  File "/workdir/sphinx-gallery-0.11.1/.tox/cpythonlibtest-unit-test-tests/lib/python3.10/site-packages/_pytest/python.py", line 1795, in setup
    self._request._fillfixtures()
  File "/workdir/sphinx-gallery-0.11.1/.tox/cpythonlibtest-unit-test-tests/lib/python3.10/site-packages/_pytest/fixtures.py", line 566, in _fillfixtures
    item.funcargs[argname] = self.getfixturevalue(argname)
  File "/workdir/sphinx-gallery-0.11.1/.tox/cpythonlibtest-unit-test-tests/lib/python3.10/site-packages/_pytest/fixtures.py", line 585, in getfixturevalue
    fixturedef = self._get_active_fixturedef(argname)
  File "/workdir/sphinx-gallery-0.11.1/.tox/cpythonlibtest-unit-test-tests/lib/python3.10/site-packages/_pytest/fixtures.py", line 607, in _get_active_fixturedef
    self._compute_fixture_value(fixturedef)
  File "/workdir/sphinx-gallery-0.11.1/.tox/cpythonlibtest-unit-test-tests/lib/python3.10/site-packages/_pytest/fixtures.py", line 693, in _compute_fixture_value
    fixturedef.execute(request=subrequest)
  File "/workdir/sphinx-gallery-0.11.1/.tox/cpythonlibtest-unit-test-tests/lib/python3.10/site-packages/_pytest/fixtures.py", line 1059, in execute
    raise val.with_traceback(tb)
  File "/workdir/sphinx-gallery-0.11.1/.tox/cpythonlibtest-unit-test-tests/lib/python3.10/site-packages/_pytest/fixtures.py", line 1123, in pytest_fixture_setup
    result = call_fixture_func(fixturefunc, request, kwargs)
  File "/workdir/sphinx-gallery-0.11.1/.tox/cpythonlibtest-unit-test-tests/lib/python3.10/site-packages/_pytest/fixtures.py", line 902, in call_fixture_func
    fixture_result = fixturefunc(**kwargs)
  File "/workdir/sphinx-gallery-0.11.1/sphinx_gallery/tests/test_full.py", line 60, in sphinx_app
    app.build(False, [])
  File "/workdir/sphinx-gallery-0.11.1/.tox/cpythonlibtest-unit-test-tests/lib/python3.10/site-packages/sphinx/application.py", line 357, in build
    self.events.emit('build-finished', None)
  File "/workdir/sphinx-gallery-0.11.1/.tox/cpythonlibtest-unit-test-tests/lib/python3.10/site-packages/sphinx/events.py", line 97, in emit
    results.append(listener.handler(self.app, *args))
  File "/workdir/sphinx-gallery-0.11.1/sphinx_gallery/docs_resolv.py", line 470, in embed_code_links
    _embed_code_links(app, gallery_conf, gallery_dir)
  File "/workdir/sphinx-gallery-0.11.1/sphinx_gallery/docs_resolv.py", line 323, in _embed_code_links
    doc_resolvers[this_module] = SphinxDocLinkResolver(
  File "/workdir/sphinx-gallery-0.11.1/sphinx_gallery/docs_resolv.py", line 182, in __init__
    self._docopts = parse_sphinx_docopts(docopts)
  File "/workdir/sphinx-gallery-0.11.1/sphinx_gallery/docs_resolv.py", line 86, in parse_sphinx_docopts
    raise ExtensionError(
sphinx.errors.ExtensionError: Documentation options could not be found in index.</error></testcase><testcase classname="sphinx_gallery.tests.test_full" name="test_negative_thumbnail_config" time="0.000"><error message="failed on setup with &quot;sphinx.errors.ExtensionError: Documentation options could not be found in index.&quot;">Traceback (most recent call last):
  File "/workdir/sphinx-gallery-0.11.1/.tox/cpythonlibtest-unit-test-tests/lib/python3.10/site-packages/_pytest/runner.py", line 341, in from_call
    result: Optional[TResult] = func()
  File "/workdir/sphinx-gallery-0.11.1/.tox/cpythonlibtest-unit-test-tests/lib/python3.10/site-packages/_pytest/runner.py", line 262, in &lt;lambda&gt;
    lambda: ihook(item=item, **kwds), when=when, reraise=reraise
  File "/workdir/sphinx-gallery-0.11.1/.tox/cpythonlibtest-unit-test-tests/lib/python3.10/site-packages/pluggy/_hooks.py", line 493, in __call__
    return self._hookexec(self.name, self._hookimpls, kwargs, firstresult)
  File "/workdir/sphinx-gallery-0.11.1/.tox/cpythonlibtest-unit-test-tests/lib/python3.10/site-packages/pluggy/_manager.py", line 115, in _hookexec
    return self._inner_hookexec(hook_name, methods, kwargs, firstresult)
  File "/workdir/sphinx-gallery-0.11.1/.tox/cpythonlibtest-unit-test-tests/lib/python3.10/site-packages/pluggy/_callers.py", line 152, in _multicall
    return outcome.get_result()
  File "/workdir/sphinx-gallery-0.11.1/.tox/cpythonlibtest-unit-test-tests/lib/python3.10/site-packages/pluggy/_result.py", line 114, in get_result
    raise exc.with_traceback(exc.__traceback__)
  File "/workdir/sphinx-gallery-0.11.1/.tox/cpythonlibtest-unit-test-tests/lib/python3.10/site-packages/pluggy/_callers.py", line 77, in _multicall
    res = hook_impl.function(*args)
  File "/workdir/sphinx-gallery-0.11.1/.tox/cpythonlibtest-unit-test-tests/lib/python3.10/site-packages/_pytest/runner.py", line 157, in pytest_runtest_setup
    item.session._setupstate.setup(item)
  File "/workdir/sphinx-gallery-0.11.1/.tox/cpythonlibtest-unit-test-tests/lib/python3.10/site-packages/_pytest/runner.py", line 497, in setup
    raise exc
  File "/workdir/sphinx-gallery-0.11.1/.tox/cpythonlibtest-unit-test-tests/lib/python3.10/site-packages/_pytest/runner.py", line 494, in setup
    col.setup()
  File "/workdir/sphinx-gallery-0.11.1/.tox/cpythonlibtest-unit-test-tests/lib/python3.10/site-packages/_pytest/python.py", line 1795, in setup
    self._request._fillfixtures()
  File "/workdir/sphinx-gallery-0.11.1/.tox/cpythonlibtest-unit-test-tests/lib/python3.10/site-packages/_pytest/fixtures.py", line 566, in _fillfixtures
    item.funcargs[argname] = self.getfixturevalue(argname)
  File "/workdir/sphinx-gallery-0.11.1/.tox/cpythonlibtest-unit-test-tests/lib/python3.10/site-packages/_pytest/fixtures.py", line 585, in getfixturevalue
    fixturedef = self._get_active_fixturedef(argname)
  File "/workdir/sphinx-gallery-0.11.1/.tox/cpythonlibtest-unit-test-tests/lib/python3.10/site-packages/_pytest/fixtures.py", line 607, in _get_active_fixturedef
    self._compute_fixture_value(fixturedef)
  File "/workdir/sphinx-gallery-0.11.1/.tox/cpythonlibtest-unit-test-tests/lib/python3.10/site-packages/_pytest/fixtures.py", line 693, in _compute_fixture_value
    fixturedef.execute(request=subrequest)
  File "/workdir/sphinx-gallery-0.11.1/.tox/cpythonlibtest-unit-test-tests/lib/python3.10/site-packages/_pytest/fixtures.py", line 1059, in execute
    raise val.with_traceback(tb)
  File "/workdir/sphinx-gallery-0.11.1/.tox/cpythonlibtest-unit-test-tests/lib/python3.10/site-packages/_pytest/fixtures.py", line 1123, in pytest_fixture_setup
    result = call_fixture_func(fixturefunc, request, kwargs)
  File "/workdir/sphinx-gallery-0.11.1/.tox/cpythonlibtest-unit-test-tests/lib/python3.10/site-packages/_pytest/fixtures.py", line 902, in call_fixture_func
    fixture_result = fixturefunc(**kwargs)
  File "/workdir/sphinx-gallery-0.11.1/sphinx_gallery/tests/test_full.py", line 60, in sphinx_app
    app.build(False, [])
  File "/workdir/sphinx-gallery-0.11.1/.tox/cpythonlibtest-unit-test-tests/lib/python3.10/site-packages/sphinx/application.py", line 357, in build
    self.events.emit('build-finished', None)
  File "/workdir/sphinx-gallery-0.11.1/.tox/cpythonlibtest-unit-test-tests/lib/python3.10/site-packages/sphinx/events.py", line 97, in emit
    results.append(listener.handler(self.app, *args))
  File "/workdir/sphinx-gallery-0.11.1/sphinx_gallery/docs_resolv.py", line 470, in embed_code_links
    _embed_code_links(app, gallery_conf, gallery_dir)
  File "/workdir/sphinx-gallery-0.11.1/sphinx_gallery/docs_resolv.py", line 323, in _embed_code_links
    doc_resolvers[this_module] = SphinxDocLinkResolver(
  File "/workdir/sphinx-gallery-0.11.1/sphinx_gallery/docs_resolv.py", line 182, in __init__
    self._docopts = parse_sphinx_docopts(docopts)
  File "/workdir/sphinx-gallery-0.11.1/sphinx_gallery/docs_resolv.py", line 86, in parse_sphinx_docopts
    raise ExtensionError(
sphinx.errors.ExtensionError: Documentation options could not be found in index.</error></testcase><testcase classname="sphinx_gallery.tests.test_full" name="test_command_line_args_img" time="0.000"><error message="failed on setup with &quot;sphinx.errors.ExtensionError: Documentation options could not be found in index.&quot;">Traceback (most recent call last):
  File "/workdir/sphinx-gallery-0.11.1/.tox/cpythonlibtest-unit-test-tests/lib/python3.10/site-packages/_pytest/runner.py", line 341, in from_call
    result: Optional[TResult] = func()
  File "/workdir/sphinx-gallery-0.11.1/.tox/cpythonlibtest-unit-test-tests/lib/python3.10/site-packages/_pytest/runner.py", line 262, in &lt;lambda&gt;
    lambda: ihook(item=item, **kwds), when=when, reraise=reraise
  File "/workdir/sphinx-gallery-0.11.1/.tox/cpythonlibtest-unit-test-tests/lib/python3.10/site-packages/pluggy/_hooks.py", line 493, in __call__
    return self._hookexec(self.name, self._hookimpls, kwargs, firstresult)
  File "/workdir/sphinx-gallery-0.11.1/.tox/cpythonlibtest-unit-test-tests/lib/python3.10/site-packages/pluggy/_manager.py", line 115, in _hookexec
    return self._inner_hookexec(hook_name, methods, kwargs, firstresult)
  File "/workdir/sphinx-gallery-0.11.1/.tox/cpythonlibtest-unit-test-tests/lib/python3.10/site-packages/pluggy/_callers.py", line 152, in _multicall
    return outcome.get_result()
  File "/workdir/sphinx-gallery-0.11.1/.tox/cpythonlibtest-unit-test-tests/lib/python3.10/site-packages/pluggy/_result.py", line 114, in get_result
    raise exc.with_traceback(exc.__traceback__)
  File "/workdir/sphinx-gallery-0.11.1/.tox/cpythonlibtest-unit-test-tests/lib/python3.10/site-packages/pluggy/_callers.py", line 77, in _multicall
    res = hook_impl.function(*args)
  File "/workdir/sphinx-gallery-0.11.1/.tox/cpythonlibtest-unit-test-tests/lib/python3.10/site-packages/_pytest/runner.py", line 157, in pytest_runtest_setup
    item.session._setupstate.setup(item)
  File "/workdir/sphinx-gallery-0.11.1/.tox/cpythonlibtest-unit-test-tests/lib/python3.10/site-packages/_pytest/runner.py", line 497, in setup
    raise exc
  File "/workdir/sphinx-gallery-0.11.1/.tox/cpythonlibtest-unit-test-tests/lib/python3.10/site-packages/_pytest/runner.py", line 494, in setup
    col.setup()
  File "/workdir/sphinx-gallery-0.11.1/.tox/cpythonlibtest-unit-test-tests/lib/python3.10/site-packages/_pytest/python.py", line 1795, in setup
    self._request._fillfixtures()
  File "/workdir/sphinx-gallery-0.11.1/.tox/cpythonlibtest-unit-test-tests/lib/python3.10/site-packages/_pytest/fixtures.py", line 566, in _fillfixtures
    item.funcargs[argname] = self.getfixturevalue(argname)
  File "/workdir/sphinx-gallery-0.11.1/.tox/cpythonlibtest-unit-test-tests/lib/python3.10/site-packages/_pytest/fixtures.py", line 585, in getfixturevalue
    fixturedef = self._get_active_fixturedef(argname)
  File "/workdir/sphinx-gallery-0.11.1/.tox/cpythonlibtest-unit-test-tests/lib/python3.10/site-packages/_pytest/fixtures.py", line 607, in _get_active_fixturedef
    self._compute_fixture_value(fixturedef)
  File "/workdir/sphinx-gallery-0.11.1/.tox/cpythonlibtest-unit-test-tests/lib/python3.10/site-packages/_pytest/fixtures.py", line 693, in _compute_fixture_value
    fixturedef.execute(request=subrequest)
  File "/workdir/sphinx-gallery-0.11.1/.tox/cpythonlibtest-unit-test-tests/lib/python3.10/site-packages/_pytest/fixtures.py", line 1059, in execute
    raise val.with_traceback(tb)
  File "/workdir/sphinx-gallery-0.11.1/.tox/cpythonlibtest-unit-test-tests/lib/python3.10/site-packages/_pytest/fixtures.py", line 1123, in pytest_fixture_setup
    result = call_fixture_func(fixturefunc, request, kwargs)
  File "/workdir/sphinx-gallery-0.11.1/.tox/cpythonlibtest-unit-test-tests/lib/python3.10/site-packages/_pytest/fixtures.py", line 902, in call_fixture_func
    fixture_result = fixturefunc(**kwargs)
  File "/workdir/sphinx-gallery-0.11.1/sphinx_gallery/tests/test_full.py", line 60, in sphinx_app
    app.build(False, [])
  File "/workdir/sphinx-gallery-0.11.1/.tox/cpythonlibtest-unit-test-tests/lib/python3.10/site-packages/sphinx/application.py", line 357, in build
    self.events.emit('build-finished', None)
  File "/workdir/sphinx-gallery-0.11.1/.tox/cpythonlibtest-unit-test-tests/lib/python3.10/site-packages/sphinx/events.py", line 97, in emit
    results.append(listener.handler(self.app, *args))
  File "/workdir/sphinx-gallery-0.11.1/sphinx_gallery/docs_resolv.py", line 470, in embed_code_links
    _embed_code_links(app, gallery_conf, gallery_dir)
  File "/workdir/sphinx-gallery-0.11.1/sphinx_gallery/docs_resolv.py", line 323, in _embed_code_links
    doc_resolvers[this_module] = SphinxDocLinkResolver(
  File "/workdir/sphinx-gallery-0.11.1/sphinx_gallery/docs_resolv.py", line 182, in __init__
    self._docopts = parse_sphinx_docopts(docopts)
  File "/workdir/sphinx-gallery-0.11.1/sphinx_gallery/docs_resolv.py", line 86, in parse_sphinx_docopts
    raise ExtensionError(
sphinx.errors.ExtensionError: Documentation options could not be found in index.</error></testcase><testcase classname="sphinx_gallery.tests.test_full" name="test_image_formats" time="0.001"><error message="failed on setup with &quot;sphinx.errors.ExtensionError: Documentation options could not be found in index.&quot;">Traceback (most recent call last):
  File "/workdir/sphinx-gallery-0.11.1/.tox/cpythonlibtest-unit-test-tests/lib/python3.10/site-packages/_pytest/runner.py", line 341, in from_call
    result: Optional[TResult] = func()
  File "/workdir/sphinx-gallery-0.11.1/.tox/cpythonlibtest-unit-test-tests/lib/python3.10/site-packages/_pytest/runner.py", line 262, in &lt;lambda&gt;
    lambda: ihook(item=item, **kwds), when=when, reraise=reraise
  File "/workdir/sphinx-gallery-0.11.1/.tox/cpythonlibtest-unit-test-tests/lib/python3.10/site-packages/pluggy/_hooks.py", line 493, in __call__
    return self._hookexec(self.name, self._hookimpls, kwargs, firstresult)
  File "/workdir/sphinx-gallery-0.11.1/.tox/cpythonlibtest-unit-test-tests/lib/python3.10/site-packages/pluggy/_manager.py", line 115, in _hookexec
    return self._inner_hookexec(hook_name, methods, kwargs, firstresult)
  File "/workdir/sphinx-gallery-0.11.1/.tox/cpythonlibtest-unit-test-tests/lib/python3.10/site-packages/pluggy/_callers.py", line 152, in _multicall
    return outcome.get_result()
  File "/workdir/sphinx-gallery-0.11.1/.tox/cpythonlibtest-unit-test-tests/lib/python3.10/site-packages/pluggy/_result.py", line 114, in get_result
    raise exc.with_traceback(exc.__traceback__)
  File "/workdir/sphinx-gallery-0.11.1/.tox/cpythonlibtest-unit-test-tests/lib/python3.10/site-packages/pluggy/_callers.py", line 77, in _multicall
    res = hook_impl.function(*args)
  File "/workdir/sphinx-gallery-0.11.1/.tox/cpythonlibtest-unit-test-tests/lib/python3.10/site-packages/_pytest/runner.py", line 157, in pytest_runtest_setup
    item.session._setupstate.setup(item)
  File "/workdir/sphinx-gallery-0.11.1/.tox/cpythonlibtest-unit-test-tests/lib/python3.10/site-packages/_pytest/runner.py", line 497, in setup
    raise exc
  File "/workdir/sphinx-gallery-0.11.1/.tox/cpythonlibtest-unit-test-tests/lib/python3.10/site-packages/_pytest/runner.py", line 494, in setup
    col.setup()
  File "/workdir/sphinx-gallery-0.11.1/.tox/cpythonlibtest-unit-test-tests/lib/python3.10/site-packages/_pytest/python.py", line 1795, in setup
    self._request._fillfixtures()
  File "/workdir/sphinx-gallery-0.11.1/.tox/cpythonlibtest-unit-test-tests/lib/python3.10/site-packages/_pytest/fixtures.py", line 566, in _fillfixtures
    item.funcargs[argname] = self.getfixturevalue(argname)
  File "/workdir/sphinx-gallery-0.11.1/.tox/cpythonlibtest-unit-test-tests/lib/python3.10/site-packages/_pytest/fixtures.py", line 585, in getfixturevalue
    fixturedef = self._get_active_fixturedef(argname)
  File "/workdir/sphinx-gallery-0.11.1/.tox/cpythonlibtest-unit-test-tests/lib/python3.10/site-packages/_pytest/fixtures.py", line 607, in _get_active_fixturedef
    self._compute_fixture_value(fixturedef)
  File "/workdir/sphinx-gallery-0.11.1/.tox/cpythonlibtest-unit-test-tests/lib/python3.10/site-packages/_pytest/fixtures.py", line 693, in _compute_fixture_value
    fixturedef.execute(request=subrequest)
  File "/workdir/sphinx-gallery-0.11.1/.tox/cpythonlibtest-unit-test-tests/lib/python3.10/site-packages/_pytest/fixtures.py", line 1059, in execute
    raise val.with_traceback(tb)
  File "/workdir/sphinx-gallery-0.11.1/.tox/cpythonlibtest-unit-test-tests/lib/python3.10/site-packages/_pytest/fixtures.py", line 1123, in pytest_fixture_setup
    result = call_fixture_func(fixturefunc, request, kwargs)
  File "/workdir/sphinx-gallery-0.11.1/.tox/cpythonlibtest-unit-test-tests/lib/python3.10/site-packages/_pytest/fixtures.py", line 902, in call_fixture_func
    fixture_result = fixturefunc(**kwargs)
  File "/workdir/sphinx-gallery-0.11.1/sphinx_gallery/tests/test_full.py", line 60, in sphinx_app
    app.build(False, [])
  File "/workdir/sphinx-gallery-0.11.1/.tox/cpythonlibtest-unit-test-tests/lib/python3.10/site-packages/sphinx/application.py", line 357, in build
    self.events.emit('build-finished', None)
  File "/workdir/sphinx-gallery-0.11.1/.tox/cpythonlibtest-unit-test-tests/lib/python3.10/site-packages/sphinx/events.py", line 97, in emit
    results.append(listener.handler(self.app, *args))
  File "/workdir/sphinx-gallery-0.11.1/sphinx_gallery/docs_resolv.py", line 470, in embed_code_links
    _embed_code_links(app, gallery_conf, gallery_dir)
  File "/workdir/sphinx-gallery-0.11.1/sphinx_gallery/docs_resolv.py", line 323, in _embed_code_links
    doc_resolvers[this_module] = SphinxDocLinkResolver(
  File "/workdir/sphinx-gallery-0.11.1/sphinx_gallery/docs_resolv.py", line 182, in __init__
    self._docopts = parse_sphinx_docopts(docopts)
  File "/workdir/sphinx-gallery-0.11.1/sphinx_gallery/docs_resolv.py", line 86, in parse_sphinx_docopts
    raise ExtensionError(
sphinx.errors.ExtensionError: Documentation options could not be found in index.</error></testcase><testcase classname="sphinx_gallery.tests.test_full" name="test_repr_html_classes" time="0.000"><error message="failed on setup with &quot;sphinx.errors.ExtensionError: Documentation options could not be found in index.&quot;">Traceback (most recent call last):
  File "/workdir/sphinx-gallery-0.11.1/.tox/cpythonlibtest-unit-test-tests/lib/python3.10/site-packages/_pytest/runner.py", line 341, in from_call
    result: Optional[TResult] = func()
  File "/workdir/sphinx-gallery-0.11.1/.tox/cpythonlibtest-unit-test-tests/lib/python3.10/site-packages/_pytest/runner.py", line 262, in &lt;lambda&gt;
    lambda: ihook(item=item, **kwds), when=when, reraise=reraise
  File "/workdir/sphinx-gallery-0.11.1/.tox/cpythonlibtest-unit-test-tests/lib/python3.10/site-packages/pluggy/_hooks.py", line 493, in __call__
    return self._hookexec(self.name, self._hookimpls, kwargs, firstresult)
  File "/workdir/sphinx-gallery-0.11.1/.tox/cpythonlibtest-unit-test-tests/lib/python3.10/site-packages/pluggy/_manager.py", line 115, in _hookexec
    return self._inner_hookexec(hook_name, methods, kwargs, firstresult)
  File "/workdir/sphinx-gallery-0.11.1/.tox/cpythonlibtest-unit-test-tests/lib/python3.10/site-packages/pluggy/_callers.py", line 152, in _multicall
    return outcome.get_result()
  File "/workdir/sphinx-gallery-0.11.1/.tox/cpythonlibtest-unit-test-tests/lib/python3.10/site-packages/pluggy/_result.py", line 114, in get_result
    raise exc.with_traceback(exc.__traceback__)
  File "/workdir/sphinx-gallery-0.11.1/.tox/cpythonlibtest-unit-test-tests/lib/python3.10/site-packages/pluggy/_callers.py", line 77, in _multicall
    res = hook_impl.function(*args)
  File "/workdir/sphinx-gallery-0.11.1/.tox/cpythonlibtest-unit-test-tests/lib/python3.10/site-packages/_pytest/runner.py", line 157, in pytest_runtest_setup
    item.session._setupstate.setup(item)
  File "/workdir/sphinx-gallery-0.11.1/.tox/cpythonlibtest-unit-test-tests/lib/python3.10/site-packages/_pytest/runner.py", line 497, in setup
    raise exc
  File "/workdir/sphinx-gallery-0.11.1/.tox/cpythonlibtest-unit-test-tests/lib/python3.10/site-packages/_pytest/runner.py", line 494, in setup
    col.setup()
  File "/workdir/sphinx-gallery-0.11.1/.tox/cpythonlibtest-unit-test-tests/lib/python3.10/site-packages/_pytest/python.py", line 1795, in setup
    self._request._fillfixtures()
  File "/workdir/sphinx-gallery-0.11.1/.tox/cpythonlibtest-unit-test-tests/lib/python3.10/site-packages/_pytest/fixtures.py", line 566, in _fillfixtures
    item.funcargs[argname] = self.getfixturevalue(argname)
  File "/workdir/sphinx-gallery-0.11.1/.tox/cpythonlibtest-unit-test-tests/lib/python3.10/site-packages/_pytest/fixtures.py", line 585, in getfixturevalue
    fixturedef = self._get_active_fixturedef(argname)
  File "/workdir/sphinx-gallery-0.11.1/.tox/cpythonlibtest-unit-test-tests/lib/python3.10/site-packages/_pytest/fixtures.py", line 607, in _get_active_fixturedef
    self._compute_fixture_value(fixturedef)
  File "/workdir/sphinx-gallery-0.11.1/.tox/cpythonlibtest-unit-test-tests/lib/python3.10/site-packages/_pytest/fixtures.py", line 693, in _compute_fixture_value
    fixturedef.execute(request=subrequest)
  File "/workdir/sphinx-gallery-0.11.1/.tox/cpythonlibtest-unit-test-tests/lib/python3.10/site-packages/_pytest/fixtures.py", line 1059, in execute
    raise val.with_traceback(tb)
  File "/workdir/sphinx-gallery-0.11.1/.tox/cpythonlibtest-unit-test-tests/lib/python3.10/site-packages/_pytest/fixtures.py", line 1123, in pytest_fixture_setup
    result = call_fixture_func(fixturefunc, request, kwargs)
  File "/workdir/sphinx-gallery-0.11.1/.tox/cpythonlibtest-unit-test-tests/lib/python3.10/site-packages/_pytest/fixtures.py", line 902, in call_fixture_func
    fixture_result = fixturefunc(**kwargs)
  File "/workdir/sphinx-gallery-0.11.1/sphinx_gallery/tests/test_full.py", line 60, in sphinx_app
    app.build(False, [])
  File "/workdir/sphinx-gallery-0.11.1/.tox/cpythonlibtest-unit-test-tests/lib/python3.10/site-packages/sphinx/application.py", line 357, in build
    self.events.emit('build-finished', None)
  File "/workdir/sphinx-gallery-0.11.1/.tox/cpythonlibtest-unit-test-tests/lib/python3.10/site-packages/sphinx/events.py", line 97, in emit
    results.append(listener.handler(self.app, *args))
  File "/workdir/sphinx-gallery-0.11.1/sphinx_gallery/docs_resolv.py", line 470, in embed_code_links
    _embed_code_links(app, gallery_conf, gallery_dir)
  File "/workdir/sphinx-gallery-0.11.1/sphinx_gallery/docs_resolv.py", line 323, in _embed_code_links
    doc_resolvers[this_module] = SphinxDocLinkResolver(
  File "/workdir/sphinx-gallery-0.11.1/sphinx_gallery/docs_resolv.py", line 182, in __init__
    self._docopts = parse_sphinx_docopts(docopts)
  File "/workdir/sphinx-gallery-0.11.1/sphinx_gallery/docs_resolv.py", line 86, in parse_sphinx_docopts
    raise ExtensionError(
sphinx.errors.ExtensionError: Documentation options could not be found in index.</error></testcase><testcase classname="sphinx_gallery.tests.test_full" name="test_embed_links_and_styles" time="0.001"><error message="failed on setup with &quot;sphinx.errors.ExtensionError: Documentation options could not be found in index.&quot;">Traceback (most recent call last):
  File "/workdir/sphinx-gallery-0.11.1/.tox/cpythonlibtest-unit-test-tests/lib/python3.10/site-packages/_pytest/runner.py", line 341, in from_call
    result: Optional[TResult] = func()
  File "/workdir/sphinx-gallery-0.11.1/.tox/cpythonlibtest-unit-test-tests/lib/python3.10/site-packages/_pytest/runner.py", line 262, in &lt;lambda&gt;
    lambda: ihook(item=item, **kwds), when=when, reraise=reraise
  File "/workdir/sphinx-gallery-0.11.1/.tox/cpythonlibtest-unit-test-tests/lib/python3.10/site-packages/pluggy/_hooks.py", line 493, in __call__
    return self._hookexec(self.name, self._hookimpls, kwargs, firstresult)
  File "/workdir/sphinx-gallery-0.11.1/.tox/cpythonlibtest-unit-test-tests/lib/python3.10/site-packages/pluggy/_manager.py", line 115, in _hookexec
    return self._inner_hookexec(hook_name, methods, kwargs, firstresult)
  File "/workdir/sphinx-gallery-0.11.1/.tox/cpythonlibtest-unit-test-tests/lib/python3.10/site-packages/pluggy/_callers.py", line 152, in _multicall
    return outcome.get_result()
  File "/workdir/sphinx-gallery-0.11.1/.tox/cpythonlibtest-unit-test-tests/lib/python3.10/site-packages/pluggy/_result.py", line 114, in get_result
    raise exc.with_traceback(exc.__traceback__)
  File "/workdir/sphinx-gallery-0.11.1/.tox/cpythonlibtest-unit-test-tests/lib/python3.10/site-packages/pluggy/_callers.py", line 77, in _multicall
    res = hook_impl.function(*args)
  File "/workdir/sphinx-gallery-0.11.1/.tox/cpythonlibtest-unit-test-tests/lib/python3.10/site-packages/_pytest/runner.py", line 157, in pytest_runtest_setup
    item.session._setupstate.setup(item)
  File "/workdir/sphinx-gallery-0.11.1/.tox/cpythonlibtest-unit-test-tests/lib/python3.10/site-packages/_pytest/runner.py", line 497, in setup
    raise exc
  File "/workdir/sphinx-gallery-0.11.1/.tox/cpythonlibtest-unit-test-tests/lib/python3.10/site-packages/_pytest/runner.py", line 494, in setup
    col.setup()
  File "/workdir/sphinx-gallery-0.11.1/.tox/cpythonlibtest-unit-test-tests/lib/python3.10/site-packages/_pytest/python.py", line 1795, in setup
    self._request._fillfixtures()
  File "/workdir/sphinx-gallery-0.11.1/.tox/cpythonlibtest-unit-test-tests/lib/python3.10/site-packages/_pytest/fixtures.py", line 566, in _fillfixtures
    item.funcargs[argname] = self.getfixturevalue(argname)
  File "/workdir/sphinx-gallery-0.11.1/.tox/cpythonlibtest-unit-test-tests/lib/python3.10/site-packages/_pytest/fixtures.py", line 585, in getfixturevalue
    fixturedef = self._get_active_fixturedef(argname)
  File "/workdir/sphinx-gallery-0.11.1/.tox/cpythonlibtest-unit-test-tests/lib/python3.10/site-packages/_pytest/fixtures.py", line 607, in _get_active_fixturedef
    self._compute_fixture_value(fixturedef)
  File "/workdir/sphinx-gallery-0.11.1/.tox/cpythonlibtest-unit-test-tests/lib/python3.10/site-packages/_pytest/fixtures.py", line 693, in _compute_fixture_value
    fixturedef.execute(request=subrequest)
  File "/workdir/sphinx-gallery-0.11.1/.tox/cpythonlibtest-unit-test-tests/lib/python3.10/site-packages/_pytest/fixtures.py", line 1059, in execute
    raise val.with_traceback(tb)
  File "/workdir/sphinx-gallery-0.11.1/.tox/cpythonlibtest-unit-test-tests/lib/python3.10/site-packages/_pytest/fixtures.py", line 1123, in pytest_fixture_setup
    result = call_fixture_func(fixturefunc, request, kwargs)
  File "/workdir/sphinx-gallery-0.11.1/.tox/cpythonlibtest-unit-test-tests/lib/python3.10/site-packages/_pytest/fixtures.py", line 902, in call_fixture_func
    fixture_result = fixturefunc(**kwargs)
  File "/workdir/sphinx-gallery-0.11.1/sphinx_gallery/tests/test_full.py", line 60, in sphinx_app
    app.build(False, [])
  File "/workdir/sphinx-gallery-0.11.1/.tox/cpythonlibtest-unit-test-tests/lib/python3.10/site-packages/sphinx/application.py", line 357, in build
    self.events.emit('build-finished', None)
  File "/workdir/sphinx-gallery-0.11.1/.tox/cpythonlibtest-unit-test-tests/lib/python3.10/site-packages/sphinx/events.py", line 97, in emit
    results.append(listener.handler(self.app, *args))
  File "/workdir/sphinx-gallery-0.11.1/sphinx_gallery/docs_resolv.py", line 470, in embed_code_links
    _embed_code_links(app, gallery_conf, gallery_dir)
  File "/workdir/sphinx-gallery-0.11.1/sphinx_gallery/docs_resolv.py", line 323, in _embed_code_links
    doc_resolvers[this_module] = SphinxDocLinkResolver(
  File "/workdir/sphinx-gallery-0.11.1/sphinx_gallery/docs_resolv.py", line 182, in __init__
    self._docopts = parse_sphinx_docopts(docopts)
  File "/workdir/sphinx-gallery-0.11.1/sphinx_gallery/docs_resolv.py", line 86, in parse_sphinx_docopts
    raise ExtensionError(
sphinx.errors.ExtensionError: Documentation options could not be found in index.</error></testcase><testcase classname="sphinx_gallery.tests.test_full" name="test_backreferences" time="0.001"><error message="failed on setup with &quot;sphinx.errors.ExtensionError: Documentation options could not be found in index.&quot;">Traceback (most recent call last):
  File "/workdir/sphinx-gallery-0.11.1/.tox/cpythonlibtest-unit-test-tests/lib/python3.10/site-packages/_pytest/runner.py", line 341, in from_call
    result: Optional[TResult] = func()
  File "/workdir/sphinx-gallery-0.11.1/.tox/cpythonlibtest-unit-test-tests/lib/python3.10/site-packages/_pytest/runner.py", line 262, in &lt;lambda&gt;
    lambda: ihook(item=item, **kwds), when=when, reraise=reraise
  File "/workdir/sphinx-gallery-0.11.1/.tox/cpythonlibtest-unit-test-tests/lib/python3.10/site-packages/pluggy/_hooks.py", line 493, in __call__
    return self._hookexec(self.name, self._hookimpls, kwargs, firstresult)
  File "/workdir/sphinx-gallery-0.11.1/.tox/cpythonlibtest-unit-test-tests/lib/python3.10/site-packages/pluggy/_manager.py", line 115, in _hookexec
    return self._inner_hookexec(hook_name, methods, kwargs, firstresult)
  File "/workdir/sphinx-gallery-0.11.1/.tox/cpythonlibtest-unit-test-tests/lib/python3.10/site-packages/pluggy/_callers.py", line 152, in _multicall
    return outcome.get_result()
  File "/workdir/sphinx-gallery-0.11.1/.tox/cpythonlibtest-unit-test-tests/lib/python3.10/site-packages/pluggy/_result.py", line 114, in get_result
    raise exc.with_traceback(exc.__traceback__)
  File "/workdir/sphinx-gallery-0.11.1/.tox/cpythonlibtest-unit-test-tests/lib/python3.10/site-packages/pluggy/_callers.py", line 77, in _multicall
    res = hook_impl.function(*args)
  File "/workdir/sphinx-gallery-0.11.1/.tox/cpythonlibtest-unit-test-tests/lib/python3.10/site-packages/_pytest/runner.py", line 157, in pytest_runtest_setup
    item.session._setupstate.setup(item)
  File "/workdir/sphinx-gallery-0.11.1/.tox/cpythonlibtest-unit-test-tests/lib/python3.10/site-packages/_pytest/runner.py", line 497, in setup
    raise exc
  File "/workdir/sphinx-gallery-0.11.1/.tox/cpythonlibtest-unit-test-tests/lib/python3.10/site-packages/_pytest/runner.py", line 494, in setup
    col.setup()
  File "/workdir/sphinx-gallery-0.11.1/.tox/cpythonlibtest-unit-test-tests/lib/python3.10/site-packages/_pytest/python.py", line 1795, in setup
    self._request._fillfixtures()
  File "/workdir/sphinx-gallery-0.11.1/.tox/cpythonlibtest-unit-test-tests/lib/python3.10/site-packages/_pytest/fixtures.py", line 566, in _fillfixtures
    item.funcargs[argname] = self.getfixturevalue(argname)
  File "/workdir/sphinx-gallery-0.11.1/.tox/cpythonlibtest-unit-test-tests/lib/python3.10/site-packages/_pytest/fixtures.py", line 585, in getfixturevalue
    fixturedef = self._get_active_fixturedef(argname)
  File "/workdir/sphinx-gallery-0.11.1/.tox/cpythonlibtest-unit-test-tests/lib/python3.10/site-packages/_pytest/fixtures.py", line 607, in _get_active_fixturedef
    self._compute_fixture_value(fixturedef)
  File "/workdir/sphinx-gallery-0.11.1/.tox/cpythonlibtest-unit-test-tests/lib/python3.10/site-packages/_pytest/fixtures.py", line 693, in _compute_fixture_value
    fixturedef.execute(request=subrequest)
  File "/workdir/sphinx-gallery-0.11.1/.tox/cpythonlibtest-unit-test-tests/lib/python3.10/site-packages/_pytest/fixtures.py", line 1059, in execute
    raise val.with_traceback(tb)
  File "/workdir/sphinx-gallery-0.11.1/.tox/cpythonlibtest-unit-test-tests/lib/python3.10/site-packages/_pytest/fixtures.py", line 1123, in pytest_fixture_setup
    result = call_fixture_func(fixturefunc, request, kwargs)
  File "/workdir/sphinx-gallery-0.11.1/.tox/cpythonlibtest-unit-test-tests/lib/python3.10/site-packages/_pytest/fixtures.py", line 902, in call_fixture_func
    fixture_result = fixturefunc(**kwargs)
  File "/workdir/sphinx-gallery-0.11.1/sphinx_gallery/tests/test_full.py", line 60, in sphinx_app
    app.build(False, [])
  File "/workdir/sphinx-gallery-0.11.1/.tox/cpythonlibtest-unit-test-tests/lib/python3.10/site-packages/sphinx/application.py", line 357, in build
    self.events.emit('build-finished', None)
  File "/workdir/sphinx-gallery-0.11.1/.tox/cpythonlibtest-unit-test-tests/lib/python3.10/site-packages/sphinx/events.py", line 97, in emit
    results.append(listener.handler(self.app, *args))
  File "/workdir/sphinx-gallery-0.11.1/sphinx_gallery/docs_resolv.py", line 470, in embed_code_links
    _embed_code_links(app, gallery_conf, gallery_dir)
  File "/workdir/sphinx-gallery-0.11.1/sphinx_gallery/docs_resolv.py", line 323, in _embed_code_links
    doc_resolvers[this_module] = SphinxDocLinkResolver(
  File "/workdir/sphinx-gallery-0.11.1/sphinx_gallery/docs_resolv.py", line 182, in __init__
    self._docopts = parse_sphinx_docopts(docopts)
  File "/workdir/sphinx-gallery-0.11.1/sphinx_gallery/docs_resolv.py", line 86, in parse_sphinx_docopts
    raise ExtensionError(
sphinx.errors.ExtensionError: Documentation options could not be found in index.</error></testcase><testcase classname="sphinx_gallery.tests.test_full" name="test_backreferences_examples_rst[sphinx_gallery.backreferences.identify_names.examples-plot_numpy_matplotlib]" time="0.001"><error message="failed on setup with &quot;sphinx.errors.ExtensionError: Documentation options could not be found in index.&quot;">Traceback (most recent call last):
  File "/workdir/sphinx-gallery-0.11.1/.tox/cpythonlibtest-unit-test-tests/lib/python3.10/site-packages/_pytest/runner.py", line 341, in from_call
    result: Optional[TResult] = func()
  File "/workdir/sphinx-gallery-0.11.1/.tox/cpythonlibtest-unit-test-tests/lib/python3.10/site-packages/_pytest/runner.py", line 262, in &lt;lambda&gt;
    lambda: ihook(item=item, **kwds), when=when, reraise=reraise
  File "/workdir/sphinx-gallery-0.11.1/.tox/cpythonlibtest-unit-test-tests/lib/python3.10/site-packages/pluggy/_hooks.py", line 493, in __call__
    return self._hookexec(self.name, self._hookimpls, kwargs, firstresult)
  File "/workdir/sphinx-gallery-0.11.1/.tox/cpythonlibtest-unit-test-tests/lib/python3.10/site-packages/pluggy/_manager.py", line 115, in _hookexec
    return self._inner_hookexec(hook_name, methods, kwargs, firstresult)
  File "/workdir/sphinx-gallery-0.11.1/.tox/cpythonlibtest-unit-test-tests/lib/python3.10/site-packages/pluggy/_callers.py", line 152, in _multicall
    return outcome.get_result()
  File "/workdir/sphinx-gallery-0.11.1/.tox/cpythonlibtest-unit-test-tests/lib/python3.10/site-packages/pluggy/_result.py", line 114, in get_result
    raise exc.with_traceback(exc.__traceback__)
  File "/workdir/sphinx-gallery-0.11.1/.tox/cpythonlibtest-unit-test-tests/lib/python3.10/site-packages/pluggy/_callers.py", line 77, in _multicall
    res = hook_impl.function(*args)
  File "/workdir/sphinx-gallery-0.11.1/.tox/cpythonlibtest-unit-test-tests/lib/python3.10/site-packages/_pytest/runner.py", line 157, in pytest_runtest_setup
    item.session._setupstate.setup(item)
  File "/workdir/sphinx-gallery-0.11.1/.tox/cpythonlibtest-unit-test-tests/lib/python3.10/site-packages/_pytest/runner.py", line 497, in setup
    raise exc
  File "/workdir/sphinx-gallery-0.11.1/.tox/cpythonlibtest-unit-test-tests/lib/python3.10/site-packages/_pytest/runner.py", line 494, in setup
    col.setup()
  File "/workdir/sphinx-gallery-0.11.1/.tox/cpythonlibtest-unit-test-tests/lib/python3.10/site-packages/_pytest/python.py", line 1795, in setup
    self._request._fillfixtures()
  File "/workdir/sphinx-gallery-0.11.1/.tox/cpythonlibtest-unit-test-tests/lib/python3.10/site-packages/_pytest/fixtures.py", line 566, in _fillfixtures
    item.funcargs[argname] = self.getfixturevalue(argname)
  File "/workdir/sphinx-gallery-0.11.1/.tox/cpythonlibtest-unit-test-tests/lib/python3.10/site-packages/_pytest/fixtures.py", line 585, in getfixturevalue
    fixturedef = self._get_active_fixturedef(argname)
  File "/workdir/sphinx-gallery-0.11.1/.tox/cpythonlibtest-unit-test-tests/lib/python3.10/site-packages/_pytest/fixtures.py", line 607, in _get_active_fixturedef
    self._compute_fixture_value(fixturedef)
  File "/workdir/sphinx-gallery-0.11.1/.tox/cpythonlibtest-unit-test-tests/lib/python3.10/site-packages/_pytest/fixtures.py", line 693, in _compute_fixture_value
    fixturedef.execute(request=subrequest)
  File "/workdir/sphinx-gallery-0.11.1/.tox/cpythonlibtest-unit-test-tests/lib/python3.10/site-packages/_pytest/fixtures.py", line 1059, in execute
    raise val.with_traceback(tb)
  File "/workdir/sphinx-gallery-0.11.1/.tox/cpythonlibtest-unit-test-tests/lib/python3.10/site-packages/_pytest/fixtures.py", line 1123, in pytest_fixture_setup
    result = call_fixture_func(fixturefunc, request, kwargs)
  File "/workdir/sphinx-gallery-0.11.1/.tox/cpythonlibtest-unit-test-tests/lib/python3.10/site-packages/_pytest/fixtures.py", line 902, in call_fixture_func
    fixture_result = fixturefunc(**kwargs)
  File "/workdir/sphinx-gallery-0.11.1/sphinx_gallery/tests/test_full.py", line 60, in sphinx_app
    app.build(False, [])
  File "/workdir/sphinx-gallery-0.11.1/.tox/cpythonlibtest-unit-test-tests/lib/python3.10/site-packages/sphinx/application.py", line 357, in build
    self.events.emit('build-finished', None)
  File "/workdir/sphinx-gallery-0.11.1/.tox/cpythonlibtest-unit-test-tests/lib/python3.10/site-packages/sphinx/events.py", line 97, in emit
    results.append(listener.handler(self.app, *args))
  File "/workdir/sphinx-gallery-0.11.1/sphinx_gallery/docs_resolv.py", line 470, in embed_code_links
    _embed_code_links(app, gallery_conf, gallery_dir)
  File "/workdir/sphinx-gallery-0.11.1/sphinx_gallery/docs_resolv.py", line 323, in _embed_code_links
    doc_resolvers[this_module] = SphinxDocLinkResolver(
  File "/workdir/sphinx-gallery-0.11.1/sphinx_gallery/docs_resolv.py", line 182, in __init__
    self._docopts = parse_sphinx_docopts(docopts)
  File "/workdir/sphinx-gallery-0.11.1/sphinx_gallery/docs_resolv.py", line 86, in parse_sphinx_docopts
    raise ExtensionError(
sphinx.errors.ExtensionError: Documentation options could not be found in index.</error></testcase><testcase classname="sphinx_gallery.tests.test_full" name="test_backreferences_examples_rst[sphinx_gallery.sorting.ExplicitOrder.examples-plot_second_future_imports]" time="0.000"><error message="failed on setup with &quot;sphinx.errors.ExtensionError: Documentation options could not be found in index.&quot;">Traceback (most recent call last):
  File "/workdir/sphinx-gallery-0.11.1/.tox/cpythonlibtest-unit-test-tests/lib/python3.10/site-packages/_pytest/runner.py", line 341, in from_call
    result: Optional[TResult] = func()
  File "/workdir/sphinx-gallery-0.11.1/.tox/cpythonlibtest-unit-test-tests/lib/python3.10/site-packages/_pytest/runner.py", line 262, in &lt;lambda&gt;
    lambda: ihook(item=item, **kwds), when=when, reraise=reraise
  File "/workdir/sphinx-gallery-0.11.1/.tox/cpythonlibtest-unit-test-tests/lib/python3.10/site-packages/pluggy/_hooks.py", line 493, in __call__
    return self._hookexec(self.name, self._hookimpls, kwargs, firstresult)
  File "/workdir/sphinx-gallery-0.11.1/.tox/cpythonlibtest-unit-test-tests/lib/python3.10/site-packages/pluggy/_manager.py", line 115, in _hookexec
    return self._inner_hookexec(hook_name, methods, kwargs, firstresult)
  File "/workdir/sphinx-gallery-0.11.1/.tox/cpythonlibtest-unit-test-tests/lib/python3.10/site-packages/pluggy/_callers.py", line 152, in _multicall
    return outcome.get_result()
  File "/workdir/sphinx-gallery-0.11.1/.tox/cpythonlibtest-unit-test-tests/lib/python3.10/site-packages/pluggy/_result.py", line 114, in get_result
    raise exc.with_traceback(exc.__traceback__)
  File "/workdir/sphinx-gallery-0.11.1/.tox/cpythonlibtest-unit-test-tests/lib/python3.10/site-packages/pluggy/_callers.py", line 77, in _multicall
    res = hook_impl.function(*args)
  File "/workdir/sphinx-gallery-0.11.1/.tox/cpythonlibtest-unit-test-tests/lib/python3.10/site-packages/_pytest/runner.py", line 157, in pytest_runtest_setup
    item.session._setupstate.setup(item)
  File "/workdir/sphinx-gallery-0.11.1/.tox/cpythonlibtest-unit-test-tests/lib/python3.10/site-packages/_pytest/runner.py", line 497, in setup
    raise exc
  File "/workdir/sphinx-gallery-0.11.1/.tox/cpythonlibtest-unit-test-tests/lib/python3.10/site-packages/_pytest/runner.py", line 494, in setup
    col.setup()
  File "/workdir/sphinx-gallery-0.11.1/.tox/cpythonlibtest-unit-test-tests/lib/python3.10/site-packages/_pytest/python.py", line 1795, in setup
    self._request._fillfixtures()
  File "/workdir/sphinx-gallery-0.11.1/.tox/cpythonlibtest-unit-test-tests/lib/python3.10/site-packages/_pytest/fixtures.py", line 566, in _fillfixtures
    item.funcargs[argname] = self.getfixturevalue(argname)
  File "/workdir/sphinx-gallery-0.11.1/.tox/cpythonlibtest-unit-test-tests/lib/python3.10/site-packages/_pytest/fixtures.py", line 585, in getfixturevalue
    fixturedef = self._get_active_fixturedef(argname)
  File "/workdir/sphinx-gallery-0.11.1/.tox/cpythonlibtest-unit-test-tests/lib/python3.10/site-packages/_pytest/fixtures.py", line 607, in _get_active_fixturedef
    self._compute_fixture_value(fixturedef)
  File "/workdir/sphinx-gallery-0.11.1/.tox/cpythonlibtest-unit-test-tests/lib/python3.10/site-packages/_pytest/fixtures.py", line 693, in _compute_fixture_value
    fixturedef.execute(request=subrequest)
  File "/workdir/sphinx-gallery-0.11.1/.tox/cpythonlibtest-unit-test-tests/lib/python3.10/site-packages/_pytest/fixtures.py", line 1059, in execute
    raise val.with_traceback(tb)
  File "/workdir/sphinx-gallery-0.11.1/.tox/cpythonlibtest-unit-test-tests/lib/python3.10/site-packages/_pytest/fixtures.py", line 1123, in pytest_fixture_setup
    result = call_fixture_func(fixturefunc, request, kwargs)
  File "/workdir/sphinx-gallery-0.11.1/.tox/cpythonlibtest-unit-test-tests/lib/python3.10/site-packages/_pytest/fixtures.py", line 902, in call_fixture_func
    fixture_result = fixturefunc(**kwargs)
  File "/workdir/sphinx-gallery-0.11.1/sphinx_gallery/tests/test_full.py", line 60, in sphinx_app
    app.build(False, [])
  File "/workdir/sphinx-gallery-0.11.1/.tox/cpythonlibtest-unit-test-tests/lib/python3.10/site-packages/sphinx/application.py", line 357, in build
    self.events.emit('build-finished', None)
  File "/workdir/sphinx-gallery-0.11.1/.tox/cpythonlibtest-unit-test-tests/lib/python3.10/site-packages/sphinx/events.py", line 97, in emit
    results.append(listener.handler(self.app, *args))
  File "/workdir/sphinx-gallery-0.11.1/sphinx_gallery/docs_resolv.py", line 470, in embed_code_links
    _embed_code_links(app, gallery_conf, gallery_dir)
  File "/workdir/sphinx-gallery-0.11.1/sphinx_gallery/docs_resolv.py", line 323, in _embed_code_links
    doc_resolvers[this_module] = SphinxDocLinkResolver(
  File "/workdir/sphinx-gallery-0.11.1/sphinx_gallery/docs_resolv.py", line 182, in __init__
    self._docopts = parse_sphinx_docopts(docopts)
  File "/workdir/sphinx-gallery-0.11.1/sphinx_gallery/docs_resolv.py", line 86, in parse_sphinx_docopts
    raise ExtensionError(
sphinx.errors.ExtensionError: Documentation options could not be found in index.</error></testcase><testcase classname="sphinx_gallery.tests.test_full" name="test_backreferences_examples_html" time="0.001"><error message="failed on setup with &quot;sphinx.errors.ExtensionError: Documentation options could not be found in index.&quot;">Traceback (most recent call last):
  File "/workdir/sphinx-gallery-0.11.1/.tox/cpythonlibtest-unit-test-tests/lib/python3.10/site-packages/_pytest/runner.py", line 341, in from_call
    result: Optional[TResult] = func()
  File "/workdir/sphinx-gallery-0.11.1/.tox/cpythonlibtest-unit-test-tests/lib/python3.10/site-packages/_pytest/runner.py", line 262, in &lt;lambda&gt;
    lambda: ihook(item=item, **kwds), when=when, reraise=reraise
  File "/workdir/sphinx-gallery-0.11.1/.tox/cpythonlibtest-unit-test-tests/lib/python3.10/site-packages/pluggy/_hooks.py", line 493, in __call__
    return self._hookexec(self.name, self._hookimpls, kwargs, firstresult)
  File "/workdir/sphinx-gallery-0.11.1/.tox/cpythonlibtest-unit-test-tests/lib/python3.10/site-packages/pluggy/_manager.py", line 115, in _hookexec
    return self._inner_hookexec(hook_name, methods, kwargs, firstresult)
  File "/workdir/sphinx-gallery-0.11.1/.tox/cpythonlibtest-unit-test-tests/lib/python3.10/site-packages/pluggy/_callers.py", line 152, in _multicall
    return outcome.get_result()
  File "/workdir/sphinx-gallery-0.11.1/.tox/cpythonlibtest-unit-test-tests/lib/python3.10/site-packages/pluggy/_result.py", line 114, in get_result
    raise exc.with_traceback(exc.__traceback__)
  File "/workdir/sphinx-gallery-0.11.1/.tox/cpythonlibtest-unit-test-tests/lib/python3.10/site-packages/pluggy/_callers.py", line 77, in _multicall
    res = hook_impl.function(*args)
  File "/workdir/sphinx-gallery-0.11.1/.tox/cpythonlibtest-unit-test-tests/lib/python3.10/site-packages/_pytest/runner.py", line 157, in pytest_runtest_setup
    item.session._setupstate.setup(item)
  File "/workdir/sphinx-gallery-0.11.1/.tox/cpythonlibtest-unit-test-tests/lib/python3.10/site-packages/_pytest/runner.py", line 497, in setup
    raise exc
  File "/workdir/sphinx-gallery-0.11.1/.tox/cpythonlibtest-unit-test-tests/lib/python3.10/site-packages/_pytest/runner.py", line 494, in setup
    col.setup()
  File "/workdir/sphinx-gallery-0.11.1/.tox/cpythonlibtest-unit-test-tests/lib/python3.10/site-packages/_pytest/python.py", line 1795, in setup
    self._request._fillfixtures()
  File "/workdir/sphinx-gallery-0.11.1/.tox/cpythonlibtest-unit-test-tests/lib/python3.10/site-packages/_pytest/fixtures.py", line 566, in _fillfixtures
    item.funcargs[argname] = self.getfixturevalue(argname)
  File "/workdir/sphinx-gallery-0.11.1/.tox/cpythonlibtest-unit-test-tests/lib/python3.10/site-packages/_pytest/fixtures.py", line 585, in getfixturevalue
    fixturedef = self._get_active_fixturedef(argname)
  File "/workdir/sphinx-gallery-0.11.1/.tox/cpythonlibtest-unit-test-tests/lib/python3.10/site-packages/_pytest/fixtures.py", line 607, in _get_active_fixturedef
    self._compute_fixture_value(fixturedef)
  File "/workdir/sphinx-gallery-0.11.1/.tox/cpythonlibtest-unit-test-tests/lib/python3.10/site-packages/_pytest/fixtures.py", line 693, in _compute_fixture_value
    fixturedef.execute(request=subrequest)
  File "/workdir/sphinx-gallery-0.11.1/.tox/cpythonlibtest-unit-test-tests/lib/python3.10/site-packages/_pytest/fixtures.py", line 1059, in execute
    raise val.with_traceback(tb)
  File "/workdir/sphinx-gallery-0.11.1/.tox/cpythonlibtest-unit-test-tests/lib/python3.10/site-packages/_pytest/fixtures.py", line 1123, in pytest_fixture_setup
    result = call_fixture_func(fixturefunc, request, kwargs)
  File "/workdir/sphinx-gallery-0.11.1/.tox/cpythonlibtest-unit-test-tests/lib/python3.10/site-packages/_pytest/fixtures.py", line 902, in call_fixture_func
    fixture_result = fixturefunc(**kwargs)
  File "/workdir/sphinx-gallery-0.11.1/sphinx_gallery/tests/test_full.py", line 60, in sphinx_app
    app.build(False, [])
  File "/workdir/sphinx-gallery-0.11.1/.tox/cpythonlibtest-unit-test-tests/lib/python3.10/site-packages/sphinx/application.py", line 357, in build
    self.events.emit('build-finished', None)
  File "/workdir/sphinx-gallery-0.11.1/.tox/cpythonlibtest-unit-test-tests/lib/python3.10/site-packages/sphinx/events.py", line 97, in emit
    results.append(listener.handler(self.app, *args))
  File "/workdir/sphinx-gallery-0.11.1/sphinx_gallery/docs_resolv.py", line 470, in embed_code_links
    _embed_code_links(app, gallery_conf, gallery_dir)
  File "/workdir/sphinx-gallery-0.11.1/sphinx_gallery/docs_resolv.py", line 323, in _embed_code_links
    doc_resolvers[this_module] = SphinxDocLinkResolver(
  File "/workdir/sphinx-gallery-0.11.1/sphinx_gallery/docs_resolv.py", line 182, in __init__
    self._docopts = parse_sphinx_docopts(docopts)
  File "/workdir/sphinx-gallery-0.11.1/sphinx_gallery/docs_resolv.py", line 86, in parse_sphinx_docopts
    raise ExtensionError(
sphinx.errors.ExtensionError: Documentation options could not be found in index.</error></testcase><testcase classname="sphinx_gallery.tests.test_full" name="test_logging_std_nested" time="0.000"><error message="failed on setup with &quot;sphinx.errors.ExtensionError: Documentation options could not be found in index.&quot;">Traceback (most recent call last):
  File "/workdir/sphinx-gallery-0.11.1/.tox/cpythonlibtest-unit-test-tests/lib/python3.10/site-packages/_pytest/runner.py", line 341, in from_call
    result: Optional[TResult] = func()
  File "/workdir/sphinx-gallery-0.11.1/.tox/cpythonlibtest-unit-test-tests/lib/python3.10/site-packages/_pytest/runner.py", line 262, in &lt;lambda&gt;
    lambda: ihook(item=item, **kwds), when=when, reraise=reraise
  File "/workdir/sphinx-gallery-0.11.1/.tox/cpythonlibtest-unit-test-tests/lib/python3.10/site-packages/pluggy/_hooks.py", line 493, in __call__
    return self._hookexec(self.name, self._hookimpls, kwargs, firstresult)
  File "/workdir/sphinx-gallery-0.11.1/.tox/cpythonlibtest-unit-test-tests/lib/python3.10/site-packages/pluggy/_manager.py", line 115, in _hookexec
    return self._inner_hookexec(hook_name, methods, kwargs, firstresult)
  File "/workdir/sphinx-gallery-0.11.1/.tox/cpythonlibtest-unit-test-tests/lib/python3.10/site-packages/pluggy/_callers.py", line 152, in _multicall
    return outcome.get_result()
  File "/workdir/sphinx-gallery-0.11.1/.tox/cpythonlibtest-unit-test-tests/lib/python3.10/site-packages/pluggy/_result.py", line 114, in get_result
    raise exc.with_traceback(exc.__traceback__)
  File "/workdir/sphinx-gallery-0.11.1/.tox/cpythonlibtest-unit-test-tests/lib/python3.10/site-packages/pluggy/_callers.py", line 77, in _multicall
    res = hook_impl.function(*args)
  File "/workdir/sphinx-gallery-0.11.1/.tox/cpythonlibtest-unit-test-tests/lib/python3.10/site-packages/_pytest/runner.py", line 157, in pytest_runtest_setup
    item.session._setupstate.setup(item)
  File "/workdir/sphinx-gallery-0.11.1/.tox/cpythonlibtest-unit-test-tests/lib/python3.10/site-packages/_pytest/runner.py", line 497, in setup
    raise exc
  File "/workdir/sphinx-gallery-0.11.1/.tox/cpythonlibtest-unit-test-tests/lib/python3.10/site-packages/_pytest/runner.py", line 494, in setup
    col.setup()
  File "/workdir/sphinx-gallery-0.11.1/.tox/cpythonlibtest-unit-test-tests/lib/python3.10/site-packages/_pytest/python.py", line 1795, in setup
    self._request._fillfixtures()
  File "/workdir/sphinx-gallery-0.11.1/.tox/cpythonlibtest-unit-test-tests/lib/python3.10/site-packages/_pytest/fixtures.py", line 566, in _fillfixtures
    item.funcargs[argname] = self.getfixturevalue(argname)
  File "/workdir/sphinx-gallery-0.11.1/.tox/cpythonlibtest-unit-test-tests/lib/python3.10/site-packages/_pytest/fixtures.py", line 585, in getfixturevalue
    fixturedef = self._get_active_fixturedef(argname)
  File "/workdir/sphinx-gallery-0.11.1/.tox/cpythonlibtest-unit-test-tests/lib/python3.10/site-packages/_pytest/fixtures.py", line 607, in _get_active_fixturedef
    self._compute_fixture_value(fixturedef)
  File "/workdir/sphinx-gallery-0.11.1/.tox/cpythonlibtest-unit-test-tests/lib/python3.10/site-packages/_pytest/fixtures.py", line 693, in _compute_fixture_value
    fixturedef.execute(request=subrequest)
  File "/workdir/sphinx-gallery-0.11.1/.tox/cpythonlibtest-unit-test-tests/lib/python3.10/site-packages/_pytest/fixtures.py", line 1059, in execute
    raise val.with_traceback(tb)
  File "/workdir/sphinx-gallery-0.11.1/.tox/cpythonlibtest-unit-test-tests/lib/python3.10/site-packages/_pytest/fixtures.py", line 1123, in pytest_fixture_setup
    result = call_fixture_func(fixturefunc, request, kwargs)
  File "/workdir/sphinx-gallery-0.11.1/.tox/cpythonlibtest-unit-test-tests/lib/python3.10/site-packages/_pytest/fixtures.py", line 902, in call_fixture_func
    fixture_result = fixturefunc(**kwargs)
  File "/workdir/sphinx-gallery-0.11.1/sphinx_gallery/tests/test_full.py", line 60, in sphinx_app
    app.build(False, [])
  File "/workdir/sphinx-gallery-0.11.1/.tox/cpythonlibtest-unit-test-tests/lib/python3.10/site-packages/sphinx/application.py", line 357, in build
    self.events.emit('build-finished', None)
  File "/workdir/sphinx-gallery-0.11.1/.tox/cpythonlibtest-unit-test-tests/lib/python3.10/site-packages/sphinx/events.py", line 97, in emit
    results.append(listener.handler(self.app, *args))
  File "/workdir/sphinx-gallery-0.11.1/sphinx_gallery/docs_resolv.py", line 470, in embed_code_links
    _embed_code_links(app, gallery_conf, gallery_dir)
  File "/workdir/sphinx-gallery-0.11.1/sphinx_gallery/docs_resolv.py", line 323, in _embed_code_links
    doc_resolvers[this_module] = SphinxDocLinkResolver(
  File "/workdir/sphinx-gallery-0.11.1/sphinx_gallery/docs_resolv.py", line 182, in __init__
    self._docopts = parse_sphinx_docopts(docopts)
  File "/workdir/sphinx-gallery-0.11.1/sphinx_gallery/docs_resolv.py", line 86, in parse_sphinx_docopts
    raise ExtensionError(
sphinx.errors.ExtensionError: Documentation options could not be found in index.</error></testcase><testcase classname="sphinx_gallery.tests.test_full" name="test_rebuild" time="0.000"><error message="failed on setup with &quot;sphinx.errors.ExtensionError: Documentation options could not be found in index.&quot;">Traceback (most recent call last):
  File "/workdir/sphinx-gallery-0.11.1/.tox/cpythonlibtest-unit-test-tests/lib/python3.10/site-packages/_pytest/runner.py", line 341, in from_call
    result: Optional[TResult] = func()
  File "/workdir/sphinx-gallery-0.11.1/.tox/cpythonlibtest-unit-test-tests/lib/python3.10/site-packages/_pytest/runner.py", line 262, in &lt;lambda&gt;
    lambda: ihook(item=item, **kwds), when=when, reraise=reraise
  File "/workdir/sphinx-gallery-0.11.1/.tox/cpythonlibtest-unit-test-tests/lib/python3.10/site-packages/pluggy/_hooks.py", line 493, in __call__
    return self._hookexec(self.name, self._hookimpls, kwargs, firstresult)
  File "/workdir/sphinx-gallery-0.11.1/.tox/cpythonlibtest-unit-test-tests/lib/python3.10/site-packages/pluggy/_manager.py", line 115, in _hookexec
    return self._inner_hookexec(hook_name, methods, kwargs, firstresult)
  File "/workdir/sphinx-gallery-0.11.1/.tox/cpythonlibtest-unit-test-tests/lib/python3.10/site-packages/pluggy/_callers.py", line 152, in _multicall
    return outcome.get_result()
  File "/workdir/sphinx-gallery-0.11.1/.tox/cpythonlibtest-unit-test-tests/lib/python3.10/site-packages/pluggy/_result.py", line 114, in get_result
    raise exc.with_traceback(exc.__traceback__)
  File "/workdir/sphinx-gallery-0.11.1/.tox/cpythonlibtest-unit-test-tests/lib/python3.10/site-packages/pluggy/_callers.py", line 77, in _multicall
    res = hook_impl.function(*args)
  File "/workdir/sphinx-gallery-0.11.1/.tox/cpythonlibtest-unit-test-tests/lib/python3.10/site-packages/_pytest/runner.py", line 157, in pytest_runtest_setup
    item.session._setupstate.setup(item)
  File "/workdir/sphinx-gallery-0.11.1/.tox/cpythonlibtest-unit-test-tests/lib/python3.10/site-packages/_pytest/runner.py", line 497, in setup
    raise exc
  File "/workdir/sphinx-gallery-0.11.1/.tox/cpythonlibtest-unit-test-tests/lib/python3.10/site-packages/_pytest/runner.py", line 494, in setup
    col.setup()
  File "/workdir/sphinx-gallery-0.11.1/.tox/cpythonlibtest-unit-test-tests/lib/python3.10/site-packages/_pytest/python.py", line 1795, in setup
    self._request._fillfixtures()
  File "/workdir/sphinx-gallery-0.11.1/.tox/cpythonlibtest-unit-test-tests/lib/python3.10/site-packages/_pytest/fixtures.py", line 566, in _fillfixtures
    item.funcargs[argname] = self.getfixturevalue(argname)
  File "/workdir/sphinx-gallery-0.11.1/.tox/cpythonlibtest-unit-test-tests/lib/python3.10/site-packages/_pytest/fixtures.py", line 585, in getfixturevalue
    fixturedef = self._get_active_fixturedef(argname)
  File "/workdir/sphinx-gallery-0.11.1/.tox/cpythonlibtest-unit-test-tests/lib/python3.10/site-packages/_pytest/fixtures.py", line 607, in _get_active_fixturedef
    self._compute_fixture_value(fixturedef)
  File "/workdir/sphinx-gallery-0.11.1/.tox/cpythonlibtest-unit-test-tests/lib/python3.10/site-packages/_pytest/fixtures.py", line 693, in _compute_fixture_value
    fixturedef.execute(request=subrequest)
  File "/workdir/sphinx-gallery-0.11.1/.tox/cpythonlibtest-unit-test-tests/lib/python3.10/site-packages/_pytest/fixtures.py", line 1059, in execute
    raise val.with_traceback(tb)
  File "/workdir/sphinx-gallery-0.11.1/.tox/cpythonlibtest-unit-test-tests/lib/python3.10/site-packages/_pytest/fixtures.py", line 1123, in pytest_fixture_setup
    result = call_fixture_func(fixturefunc, request, kwargs)
  File "/workdir/sphinx-gallery-0.11.1/.tox/cpythonlibtest-unit-test-tests/lib/python3.10/site-packages/_pytest/fixtures.py", line 902, in call_fixture_func
    fixture_result = fixturefunc(**kwargs)
  File "/workdir/sphinx-gallery-0.11.1/sphinx_gallery/tests/test_full.py", line 60, in sphinx_app
    app.build(False, [])
  File "/workdir/sphinx-gallery-0.11.1/.tox/cpythonlibtest-unit-test-tests/lib/python3.10/site-packages/sphinx/application.py", line 357, in build
    self.events.emit('build-finished', None)
  File "/workdir/sphinx-gallery-0.11.1/.tox/cpythonlibtest-unit-test-tests/lib/python3.10/site-packages/sphinx/events.py", line 97, in emit
    results.append(listener.handler(self.app, *args))
  File "/workdir/sphinx-gallery-0.11.1/sphinx_gallery/docs_resolv.py", line 470, in embed_code_links
    _embed_code_links(app, gallery_conf, gallery_dir)
  File "/workdir/sphinx-gallery-0.11.1/sphinx_gallery/docs_resolv.py", line 323, in _embed_code_links
    doc_resolvers[this_module] = SphinxDocLinkResolver(
  File "/workdir/sphinx-gallery-0.11.1/sphinx_gallery/docs_resolv.py", line 182, in __init__
    self._docopts = parse_sphinx_docopts(docopts)
  File "/workdir/sphinx-gallery-0.11.1/sphinx_gallery/docs_resolv.py", line 86, in parse_sphinx_docopts
    raise ExtensionError(
sphinx.errors.ExtensionError: Documentation options could not be found in index.</error></testcase><testcase classname="sphinx_gallery.tests.test_full" name="test_error_messages[future/plot_future_imports_broken-.*RuntimeError.*Forcing this example to fail on Python 3.*]" time="0.000"><error message="failed on setup with &quot;sphinx.errors.ExtensionError: Documentation options could not be found in index.&quot;">Traceback (most recent call last):
  File "/workdir/sphinx-gallery-0.11.1/.tox/cpythonlibtest-unit-test-tests/lib/python3.10/site-packages/_pytest/runner.py", line 341, in from_call
    result: Optional[TResult] = func()
  File "/workdir/sphinx-gallery-0.11.1/.tox/cpythonlibtest-unit-test-tests/lib/python3.10/site-packages/_pytest/runner.py", line 262, in &lt;lambda&gt;
    lambda: ihook(item=item, **kwds), when=when, reraise=reraise
  File "/workdir/sphinx-gallery-0.11.1/.tox/cpythonlibtest-unit-test-tests/lib/python3.10/site-packages/pluggy/_hooks.py", line 493, in __call__
    return self._hookexec(self.name, self._hookimpls, kwargs, firstresult)
  File "/workdir/sphinx-gallery-0.11.1/.tox/cpythonlibtest-unit-test-tests/lib/python3.10/site-packages/pluggy/_manager.py", line 115, in _hookexec
    return self._inner_hookexec(hook_name, methods, kwargs, firstresult)
  File "/workdir/sphinx-gallery-0.11.1/.tox/cpythonlibtest-unit-test-tests/lib/python3.10/site-packages/pluggy/_callers.py", line 152, in _multicall
    return outcome.get_result()
  File "/workdir/sphinx-gallery-0.11.1/.tox/cpythonlibtest-unit-test-tests/lib/python3.10/site-packages/pluggy/_result.py", line 114, in get_result
    raise exc.with_traceback(exc.__traceback__)
  File "/workdir/sphinx-gallery-0.11.1/.tox/cpythonlibtest-unit-test-tests/lib/python3.10/site-packages/pluggy/_callers.py", line 77, in _multicall
    res = hook_impl.function(*args)
  File "/workdir/sphinx-gallery-0.11.1/.tox/cpythonlibtest-unit-test-tests/lib/python3.10/site-packages/_pytest/runner.py", line 157, in pytest_runtest_setup
    item.session._setupstate.setup(item)
  File "/workdir/sphinx-gallery-0.11.1/.tox/cpythonlibtest-unit-test-tests/lib/python3.10/site-packages/_pytest/runner.py", line 497, in setup
    raise exc
  File "/workdir/sphinx-gallery-0.11.1/.tox/cpythonlibtest-unit-test-tests/lib/python3.10/site-packages/_pytest/runner.py", line 494, in setup
    col.setup()
  File "/workdir/sphinx-gallery-0.11.1/.tox/cpythonlibtest-unit-test-tests/lib/python3.10/site-packages/_pytest/python.py", line 1795, in setup
    self._request._fillfixtures()
  File "/workdir/sphinx-gallery-0.11.1/.tox/cpythonlibtest-unit-test-tests/lib/python3.10/site-packages/_pytest/fixtures.py", line 566, in _fillfixtures
    item.funcargs[argname] = self.getfixturevalue(argname)
  File "/workdir/sphinx-gallery-0.11.1/.tox/cpythonlibtest-unit-test-tests/lib/python3.10/site-packages/_pytest/fixtures.py", line 585, in getfixturevalue
    fixturedef = self._get_active_fixturedef(argname)
  File "/workdir/sphinx-gallery-0.11.1/.tox/cpythonlibtest-unit-test-tests/lib/python3.10/site-packages/_pytest/fixtures.py", line 607, in _get_active_fixturedef
    self._compute_fixture_value(fixturedef)
  File "/workdir/sphinx-gallery-0.11.1/.tox/cpythonlibtest-unit-test-tests/lib/python3.10/site-packages/_pytest/fixtures.py", line 693, in _compute_fixture_value
    fixturedef.execute(request=subrequest)
  File "/workdir/sphinx-gallery-0.11.1/.tox/cpythonlibtest-unit-test-tests/lib/python3.10/site-packages/_pytest/fixtures.py", line 1059, in execute
    raise val.with_traceback(tb)
  File "/workdir/sphinx-gallery-0.11.1/.tox/cpythonlibtest-unit-test-tests/lib/python3.10/site-packages/_pytest/fixtures.py", line 1123, in pytest_fixture_setup
    result = call_fixture_func(fixturefunc, request, kwargs)
  File "/workdir/sphinx-gallery-0.11.1/.tox/cpythonlibtest-unit-test-tests/lib/python3.10/site-packages/_pytest/fixtures.py", line 902, in call_fixture_func
    fixture_result = fixturefunc(**kwargs)
  File "/workdir/sphinx-gallery-0.11.1/sphinx_gallery/tests/test_full.py", line 60, in sphinx_app
    app.build(False, [])
  File "/workdir/sphinx-gallery-0.11.1/.tox/cpythonlibtest-unit-test-tests/lib/python3.10/site-packages/sphinx/application.py", line 357, in build
    self.events.emit('build-finished', None)
  File "/workdir/sphinx-gallery-0.11.1/.tox/cpythonlibtest-unit-test-tests/lib/python3.10/site-packages/sphinx/events.py", line 97, in emit
    results.append(listener.handler(self.app, *args))
  File "/workdir/sphinx-gallery-0.11.1/sphinx_gallery/docs_resolv.py", line 470, in embed_code_links
    _embed_code_links(app, gallery_conf, gallery_dir)
  File "/workdir/sphinx-gallery-0.11.1/sphinx_gallery/docs_resolv.py", line 323, in _embed_code_links
    doc_resolvers[this_module] = SphinxDocLinkResolver(
  File "/workdir/sphinx-gallery-0.11.1/sphinx_gallery/docs_resolv.py", line 182, in __init__
    self._docopts = parse_sphinx_docopts(docopts)
  File "/workdir/sphinx-gallery-0.11.1/sphinx_gallery/docs_resolv.py", line 86, in parse_sphinx_docopts
    raise ExtensionError(
sphinx.errors.ExtensionError: Documentation options could not be found in index.</error></testcase><testcase classname="sphinx_gallery.tests.test_full" name="test_error_messages[plot_scraper_broken-.*ValueError.*zero-size array to reduction.*]" time="0.000"><error message="failed on setup with &quot;sphinx.errors.ExtensionError: Documentation options could not be found in index.&quot;">Traceback (most recent call last):
  File "/workdir/sphinx-gallery-0.11.1/.tox/cpythonlibtest-unit-test-tests/lib/python3.10/site-packages/_pytest/runner.py", line 341, in from_call
    result: Optional[TResult] = func()
  File "/workdir/sphinx-gallery-0.11.1/.tox/cpythonlibtest-unit-test-tests/lib/python3.10/site-packages/_pytest/runner.py", line 262, in &lt;lambda&gt;
    lambda: ihook(item=item, **kwds), when=when, reraise=reraise
  File "/workdir/sphinx-gallery-0.11.1/.tox/cpythonlibtest-unit-test-tests/lib/python3.10/site-packages/pluggy/_hooks.py", line 493, in __call__
    return self._hookexec(self.name, self._hookimpls, kwargs, firstresult)
  File "/workdir/sphinx-gallery-0.11.1/.tox/cpythonlibtest-unit-test-tests/lib/python3.10/site-packages/pluggy/_manager.py", line 115, in _hookexec
    return self._inner_hookexec(hook_name, methods, kwargs, firstresult)
  File "/workdir/sphinx-gallery-0.11.1/.tox/cpythonlibtest-unit-test-tests/lib/python3.10/site-packages/pluggy/_callers.py", line 152, in _multicall
    return outcome.get_result()
  File "/workdir/sphinx-gallery-0.11.1/.tox/cpythonlibtest-unit-test-tests/lib/python3.10/site-packages/pluggy/_result.py", line 114, in get_result
    raise exc.with_traceback(exc.__traceback__)
  File "/workdir/sphinx-gallery-0.11.1/.tox/cpythonlibtest-unit-test-tests/lib/python3.10/site-packages/pluggy/_callers.py", line 77, in _multicall
    res = hook_impl.function(*args)
  File "/workdir/sphinx-gallery-0.11.1/.tox/cpythonlibtest-unit-test-tests/lib/python3.10/site-packages/_pytest/runner.py", line 157, in pytest_runtest_setup
    item.session._setupstate.setup(item)
  File "/workdir/sphinx-gallery-0.11.1/.tox/cpythonlibtest-unit-test-tests/lib/python3.10/site-packages/_pytest/runner.py", line 497, in setup
    raise exc
  File "/workdir/sphinx-gallery-0.11.1/.tox/cpythonlibtest-unit-test-tests/lib/python3.10/site-packages/_pytest/runner.py", line 494, in setup
    col.setup()
  File "/workdir/sphinx-gallery-0.11.1/.tox/cpythonlibtest-unit-test-tests/lib/python3.10/site-packages/_pytest/python.py", line 1795, in setup
    self._request._fillfixtures()
  File "/workdir/sphinx-gallery-0.11.1/.tox/cpythonlibtest-unit-test-tests/lib/python3.10/site-packages/_pytest/fixtures.py", line 566, in _fillfixtures
    item.funcargs[argname] = self.getfixturevalue(argname)
  File "/workdir/sphinx-gallery-0.11.1/.tox/cpythonlibtest-unit-test-tests/lib/python3.10/site-packages/_pytest/fixtures.py", line 585, in getfixturevalue
    fixturedef = self._get_active_fixturedef(argname)
  File "/workdir/sphinx-gallery-0.11.1/.tox/cpythonlibtest-unit-test-tests/lib/python3.10/site-packages/_pytest/fixtures.py", line 607, in _get_active_fixturedef
    self._compute_fixture_value(fixturedef)
  File "/workdir/sphinx-gallery-0.11.1/.tox/cpythonlibtest-unit-test-tests/lib/python3.10/site-packages/_pytest/fixtures.py", line 693, in _compute_fixture_value
    fixturedef.execute(request=subrequest)
  File "/workdir/sphinx-gallery-0.11.1/.tox/cpythonlibtest-unit-test-tests/lib/python3.10/site-packages/_pytest/fixtures.py", line 1059, in execute
    raise val.with_traceback(tb)
  File "/workdir/sphinx-gallery-0.11.1/.tox/cpythonlibtest-unit-test-tests/lib/python3.10/site-packages/_pytest/fixtures.py", line 1123, in pytest_fixture_setup
    result = call_fixture_func(fixturefunc, request, kwargs)
  File "/workdir/sphinx-gallery-0.11.1/.tox/cpythonlibtest-unit-test-tests/lib/python3.10/site-packages/_pytest/fixtures.py", line 902, in call_fixture_func
    fixture_result = fixturefunc(**kwargs)
  File "/workdir/sphinx-gallery-0.11.1/sphinx_gallery/tests/test_full.py", line 60, in sphinx_app
    app.build(False, [])
  File "/workdir/sphinx-gallery-0.11.1/.tox/cpythonlibtest-unit-test-tests/lib/python3.10/site-packages/sphinx/application.py", line 357, in build
    self.events.emit('build-finished', None)
  File "/workdir/sphinx-gallery-0.11.1/.tox/cpythonlibtest-unit-test-tests/lib/python3.10/site-packages/sphinx/events.py", line 97, in emit
    results.append(listener.handler(self.app, *args))
  File "/workdir/sphinx-gallery-0.11.1/sphinx_gallery/docs_resolv.py", line 470, in embed_code_links
    _embed_code_links(app, gallery_conf, gallery_dir)
  File "/workdir/sphinx-gallery-0.11.1/sphinx_gallery/docs_resolv.py", line 323, in _embed_code_links
    doc_resolvers[this_module] = SphinxDocLinkResolver(
  File "/workdir/sphinx-gallery-0.11.1/sphinx_gallery/docs_resolv.py", line 182, in __init__
    self._docopts = parse_sphinx_docopts(docopts)
  File "/workdir/sphinx-gallery-0.11.1/sphinx_gallery/docs_resolv.py", line 86, in parse_sphinx_docopts
    raise ExtensionError(
sphinx.errors.ExtensionError: Documentation options could not be found in index.</error></testcase><testcase classname="sphinx_gallery.tests.test_full" name="test_alt_text_image" time="0.000"><error message="failed on setup with &quot;sphinx.errors.ExtensionError: Documentation options could not be found in index.&quot;">Traceback (most recent call last):
  File "/workdir/sphinx-gallery-0.11.1/.tox/cpythonlibtest-unit-test-tests/lib/python3.10/site-packages/_pytest/runner.py", line 341, in from_call
    result: Optional[TResult] = func()
  File "/workdir/sphinx-gallery-0.11.1/.tox/cpythonlibtest-unit-test-tests/lib/python3.10/site-packages/_pytest/runner.py", line 262, in &lt;lambda&gt;
    lambda: ihook(item=item, **kwds), when=when, reraise=reraise
  File "/workdir/sphinx-gallery-0.11.1/.tox/cpythonlibtest-unit-test-tests/lib/python3.10/site-packages/pluggy/_hooks.py", line 493, in __call__
    return self._hookexec(self.name, self._hookimpls, kwargs, firstresult)
  File "/workdir/sphinx-gallery-0.11.1/.tox/cpythonlibtest-unit-test-tests/lib/python3.10/site-packages/pluggy/_manager.py", line 115, in _hookexec
    return self._inner_hookexec(hook_name, methods, kwargs, firstresult)
  File "/workdir/sphinx-gallery-0.11.1/.tox/cpythonlibtest-unit-test-tests/lib/python3.10/site-packages/pluggy/_callers.py", line 152, in _multicall
    return outcome.get_result()
  File "/workdir/sphinx-gallery-0.11.1/.tox/cpythonlibtest-unit-test-tests/lib/python3.10/site-packages/pluggy/_result.py", line 114, in get_result
    raise exc.with_traceback(exc.__traceback__)
  File "/workdir/sphinx-gallery-0.11.1/.tox/cpythonlibtest-unit-test-tests/lib/python3.10/site-packages/pluggy/_callers.py", line 77, in _multicall
    res = hook_impl.function(*args)
  File "/workdir/sphinx-gallery-0.11.1/.tox/cpythonlibtest-unit-test-tests/lib/python3.10/site-packages/_pytest/runner.py", line 157, in pytest_runtest_setup
    item.session._setupstate.setup(item)
  File "/workdir/sphinx-gallery-0.11.1/.tox/cpythonlibtest-unit-test-tests/lib/python3.10/site-packages/_pytest/runner.py", line 497, in setup
    raise exc
  File "/workdir/sphinx-gallery-0.11.1/.tox/cpythonlibtest-unit-test-tests/lib/python3.10/site-packages/_pytest/runner.py", line 494, in setup
    col.setup()
  File "/workdir/sphinx-gallery-0.11.1/.tox/cpythonlibtest-unit-test-tests/lib/python3.10/site-packages/_pytest/python.py", line 1795, in setup
    self._request._fillfixtures()
  File "/workdir/sphinx-gallery-0.11.1/.tox/cpythonlibtest-unit-test-tests/lib/python3.10/site-packages/_pytest/fixtures.py", line 566, in _fillfixtures
    item.funcargs[argname] = self.getfixturevalue(argname)
  File "/workdir/sphinx-gallery-0.11.1/.tox/cpythonlibtest-unit-test-tests/lib/python3.10/site-packages/_pytest/fixtures.py", line 585, in getfixturevalue
    fixturedef = self._get_active_fixturedef(argname)
  File "/workdir/sphinx-gallery-0.11.1/.tox/cpythonlibtest-unit-test-tests/lib/python3.10/site-packages/_pytest/fixtures.py", line 607, in _get_active_fixturedef
    self._compute_fixture_value(fixturedef)
  File "/workdir/sphinx-gallery-0.11.1/.tox/cpythonlibtest-unit-test-tests/lib/python3.10/site-packages/_pytest/fixtures.py", line 693, in _compute_fixture_value
    fixturedef.execute(request=subrequest)
  File "/workdir/sphinx-gallery-0.11.1/.tox/cpythonlibtest-unit-test-tests/lib/python3.10/site-packages/_pytest/fixtures.py", line 1059, in execute
    raise val.with_traceback(tb)
  File "/workdir/sphinx-gallery-0.11.1/.tox/cpythonlibtest-unit-test-tests/lib/python3.10/site-packages/_pytest/fixtures.py", line 1123, in pytest_fixture_setup
    result = call_fixture_func(fixturefunc, request, kwargs)
  File "/workdir/sphinx-gallery-0.11.1/.tox/cpythonlibtest-unit-test-tests/lib/python3.10/site-packages/_pytest/fixtures.py", line 902, in call_fixture_func
    fixture_result = fixturefunc(**kwargs)
  File "/workdir/sphinx-gallery-0.11.1/sphinx_gallery/tests/test_full.py", line 60, in sphinx_app
    app.build(False, [])
  File "/workdir/sphinx-gallery-0.11.1/.tox/cpythonlibtest-unit-test-tests/lib/python3.10/site-packages/sphinx/application.py", line 357, in build
    self.events.emit('build-finished', None)
  File "/workdir/sphinx-gallery-0.11.1/.tox/cpythonlibtest-unit-test-tests/lib/python3.10/site-packages/sphinx/events.py", line 97, in emit
    results.append(listener.handler(self.app, *args))
  File "/workdir/sphinx-gallery-0.11.1/sphinx_gallery/docs_resolv.py", line 470, in embed_code_links
    _embed_code_links(app, gallery_conf, gallery_dir)
  File "/workdir/sphinx-gallery-0.11.1/sphinx_gallery/docs_resolv.py", line 323, in _embed_code_links
    doc_resolvers[this_module] = SphinxDocLinkResolver(
  File "/workdir/sphinx-gallery-0.11.1/sphinx_gallery/docs_resolv.py", line 182, in __init__
    self._docopts = parse_sphinx_docopts(docopts)
  File "/workdir/sphinx-gallery-0.11.1/sphinx_gallery/docs_resolv.py", line 86, in parse_sphinx_docopts
    raise ExtensionError(
sphinx.errors.ExtensionError: Documentation options could not be found in index.</error></testcase><testcase classname="sphinx_gallery.tests.test_full" name="test_alt_text_thumbnail" time="0.000"><error message="failed on setup with &quot;sphinx.errors.ExtensionError: Documentation options could not be found in index.&quot;">Traceback (most recent call last):
  File "/workdir/sphinx-gallery-0.11.1/.tox/cpythonlibtest-unit-test-tests/lib/python3.10/site-packages/_pytest/runner.py", line 341, in from_call
    result: Optional[TResult] = func()
  File "/workdir/sphinx-gallery-0.11.1/.tox/cpythonlibtest-unit-test-tests/lib/python3.10/site-packages/_pytest/runner.py", line 262, in &lt;lambda&gt;
    lambda: ihook(item=item, **kwds), when=when, reraise=reraise
  File "/workdir/sphinx-gallery-0.11.1/.tox/cpythonlibtest-unit-test-tests/lib/python3.10/site-packages/pluggy/_hooks.py", line 493, in __call__
    return self._hookexec(self.name, self._hookimpls, kwargs, firstresult)
  File "/workdir/sphinx-gallery-0.11.1/.tox/cpythonlibtest-unit-test-tests/lib/python3.10/site-packages/pluggy/_manager.py", line 115, in _hookexec
    return self._inner_hookexec(hook_name, methods, kwargs, firstresult)
  File "/workdir/sphinx-gallery-0.11.1/.tox/cpythonlibtest-unit-test-tests/lib/python3.10/site-packages/pluggy/_callers.py", line 152, in _multicall
    return outcome.get_result()
  File "/workdir/sphinx-gallery-0.11.1/.tox/cpythonlibtest-unit-test-tests/lib/python3.10/site-packages/pluggy/_result.py", line 114, in get_result
    raise exc.with_traceback(exc.__traceback__)
  File "/workdir/sphinx-gallery-0.11.1/.tox/cpythonlibtest-unit-test-tests/lib/python3.10/site-packages/pluggy/_callers.py", line 77, in _multicall
    res = hook_impl.function(*args)
  File "/workdir/sphinx-gallery-0.11.1/.tox/cpythonlibtest-unit-test-tests/lib/python3.10/site-packages/_pytest/runner.py", line 157, in pytest_runtest_setup
    item.session._setupstate.setup(item)
  File "/workdir/sphinx-gallery-0.11.1/.tox/cpythonlibtest-unit-test-tests/lib/python3.10/site-packages/_pytest/runner.py", line 497, in setup
    raise exc
  File "/workdir/sphinx-gallery-0.11.1/.tox/cpythonlibtest-unit-test-tests/lib/python3.10/site-packages/_pytest/runner.py", line 494, in setup
    col.setup()
  File "/workdir/sphinx-gallery-0.11.1/.tox/cpythonlibtest-unit-test-tests/lib/python3.10/site-packages/_pytest/python.py", line 1795, in setup
    self._request._fillfixtures()
  File "/workdir/sphinx-gallery-0.11.1/.tox/cpythonlibtest-unit-test-tests/lib/python3.10/site-packages/_pytest/fixtures.py", line 566, in _fillfixtures
    item.funcargs[argname] = self.getfixturevalue(argname)
  File "/workdir/sphinx-gallery-0.11.1/.tox/cpythonlibtest-unit-test-tests/lib/python3.10/site-packages/_pytest/fixtures.py", line 585, in getfixturevalue
    fixturedef = self._get_active_fixturedef(argname)
  File "/workdir/sphinx-gallery-0.11.1/.tox/cpythonlibtest-unit-test-tests/lib/python3.10/site-packages/_pytest/fixtures.py", line 607, in _get_active_fixturedef
    self._compute_fixture_value(fixturedef)
  File "/workdir/sphinx-gallery-0.11.1/.tox/cpythonlibtest-unit-test-tests/lib/python3.10/site-packages/_pytest/fixtures.py", line 693, in _compute_fixture_value
    fixturedef.execute(request=subrequest)
  File "/workdir/sphinx-gallery-0.11.1/.tox/cpythonlibtest-unit-test-tests/lib/python3.10/site-packages/_pytest/fixtures.py", line 1059, in execute
    raise val.with_traceback(tb)
  File "/workdir/sphinx-gallery-0.11.1/.tox/cpythonlibtest-unit-test-tests/lib/python3.10/site-packages/_pytest/fixtures.py", line 1123, in pytest_fixture_setup
    result = call_fixture_func(fixturefunc, request, kwargs)
  File "/workdir/sphinx-gallery-0.11.1/.tox/cpythonlibtest-unit-test-tests/lib/python3.10/site-packages/_pytest/fixtures.py", line 902, in call_fixture_func
    fixture_result = fixturefunc(**kwargs)
  File "/workdir/sphinx-gallery-0.11.1/sphinx_gallery/tests/test_full.py", line 60, in sphinx_app
    app.build(False, [])
  File "/workdir/sphinx-gallery-0.11.1/.tox/cpythonlibtest-unit-test-tests/lib/python3.10/site-packages/sphinx/application.py", line 357, in build
    self.events.emit('build-finished', None)
  File "/workdir/sphinx-gallery-0.11.1/.tox/cpythonlibtest-unit-test-tests/lib/python3.10/site-packages/sphinx/events.py", line 97, in emit
    results.append(listener.handler(self.app, *args))
  File "/workdir/sphinx-gallery-0.11.1/sphinx_gallery/docs_resolv.py", line 470, in embed_code_links
    _embed_code_links(app, gallery_conf, gallery_dir)
  File "/workdir/sphinx-gallery-0.11.1/sphinx_gallery/docs_resolv.py", line 323, in _embed_code_links
    doc_resolvers[this_module] = SphinxDocLinkResolver(
  File "/workdir/sphinx-gallery-0.11.1/sphinx_gallery/docs_resolv.py", line 182, in __init__
    self._docopts = parse_sphinx_docopts(docopts)
  File "/workdir/sphinx-gallery-0.11.1/sphinx_gallery/docs_resolv.py", line 86, in parse_sphinx_docopts
    raise ExtensionError(
sphinx.errors.ExtensionError: Documentation options could not be found in index.</error></testcase><testcase classname="sphinx_gallery.tests.test_full" name="test_backreference_labels" time="0.001"><error message="failed on setup with &quot;sphinx.errors.ExtensionError: Documentation options could not be found in index.&quot;">Traceback (most recent call last):
  File "/workdir/sphinx-gallery-0.11.1/.tox/cpythonlibtest-unit-test-tests/lib/python3.10/site-packages/_pytest/runner.py", line 341, in from_call
    result: Optional[TResult] = func()
  File "/workdir/sphinx-gallery-0.11.1/.tox/cpythonlibtest-unit-test-tests/lib/python3.10/site-packages/_pytest/runner.py", line 262, in &lt;lambda&gt;
    lambda: ihook(item=item, **kwds), when=when, reraise=reraise
  File "/workdir/sphinx-gallery-0.11.1/.tox/cpythonlibtest-unit-test-tests/lib/python3.10/site-packages/pluggy/_hooks.py", line 493, in __call__
    return self._hookexec(self.name, self._hookimpls, kwargs, firstresult)
  File "/workdir/sphinx-gallery-0.11.1/.tox/cpythonlibtest-unit-test-tests/lib/python3.10/site-packages/pluggy/_manager.py", line 115, in _hookexec
    return self._inner_hookexec(hook_name, methods, kwargs, firstresult)
  File "/workdir/sphinx-gallery-0.11.1/.tox/cpythonlibtest-unit-test-tests/lib/python3.10/site-packages/pluggy/_callers.py", line 152, in _multicall
    return outcome.get_result()
  File "/workdir/sphinx-gallery-0.11.1/.tox/cpythonlibtest-unit-test-tests/lib/python3.10/site-packages/pluggy/_result.py", line 114, in get_result
    raise exc.with_traceback(exc.__traceback__)
  File "/workdir/sphinx-gallery-0.11.1/.tox/cpythonlibtest-unit-test-tests/lib/python3.10/site-packages/pluggy/_callers.py", line 77, in _multicall
    res = hook_impl.function(*args)
  File "/workdir/sphinx-gallery-0.11.1/.tox/cpythonlibtest-unit-test-tests/lib/python3.10/site-packages/_pytest/runner.py", line 157, in pytest_runtest_setup
    item.session._setupstate.setup(item)
  File "/workdir/sphinx-gallery-0.11.1/.tox/cpythonlibtest-unit-test-tests/lib/python3.10/site-packages/_pytest/runner.py", line 497, in setup
    raise exc
  File "/workdir/sphinx-gallery-0.11.1/.tox/cpythonlibtest-unit-test-tests/lib/python3.10/site-packages/_pytest/runner.py", line 494, in setup
    col.setup()
  File "/workdir/sphinx-gallery-0.11.1/.tox/cpythonlibtest-unit-test-tests/lib/python3.10/site-packages/_pytest/python.py", line 1795, in setup
    self._request._fillfixtures()
  File "/workdir/sphinx-gallery-0.11.1/.tox/cpythonlibtest-unit-test-tests/lib/python3.10/site-packages/_pytest/fixtures.py", line 566, in _fillfixtures
    item.funcargs[argname] = self.getfixturevalue(argname)
  File "/workdir/sphinx-gallery-0.11.1/.tox/cpythonlibtest-unit-test-tests/lib/python3.10/site-packages/_pytest/fixtures.py", line 585, in getfixturevalue
    fixturedef = self._get_active_fixturedef(argname)
  File "/workdir/sphinx-gallery-0.11.1/.tox/cpythonlibtest-unit-test-tests/lib/python3.10/site-packages/_pytest/fixtures.py", line 607, in _get_active_fixturedef
    self._compute_fixture_value(fixturedef)
  File "/workdir/sphinx-gallery-0.11.1/.tox/cpythonlibtest-unit-test-tests/lib/python3.10/site-packages/_pytest/fixtures.py", line 693, in _compute_fixture_value
    fixturedef.execute(request=subrequest)
  File "/workdir/sphinx-gallery-0.11.1/.tox/cpythonlibtest-unit-test-tests/lib/python3.10/site-packages/_pytest/fixtures.py", line 1059, in execute
    raise val.with_traceback(tb)
  File "/workdir/sphinx-gallery-0.11.1/.tox/cpythonlibtest-unit-test-tests/lib/python3.10/site-packages/_pytest/fixtures.py", line 1123, in pytest_fixture_setup
    result = call_fixture_func(fixturefunc, request, kwargs)
  File "/workdir/sphinx-gallery-0.11.1/.tox/cpythonlibtest-unit-test-tests/lib/python3.10/site-packages/_pytest/fixtures.py", line 902, in call_fixture_func
    fixture_result = fixturefunc(**kwargs)
  File "/workdir/sphinx-gallery-0.11.1/sphinx_gallery/tests/test_full.py", line 60, in sphinx_app
    app.build(False, [])
  File "/workdir/sphinx-gallery-0.11.1/.tox/cpythonlibtest-unit-test-tests/lib/python3.10/site-packages/sphinx/application.py", line 357, in build
    self.events.emit('build-finished', None)
  File "/workdir/sphinx-gallery-0.11.1/.tox/cpythonlibtest-unit-test-tests/lib/python3.10/site-packages/sphinx/events.py", line 97, in emit
    results.append(listener.handler(self.app, *args))
  File "/workdir/sphinx-gallery-0.11.1/sphinx_gallery/docs_resolv.py", line 470, in embed_code_links
    _embed_code_links(app, gallery_conf, gallery_dir)
  File "/workdir/sphinx-gallery-0.11.1/sphinx_gallery/docs_resolv.py", line 323, in _embed_code_links
    doc_resolvers[this_module] = SphinxDocLinkResolver(
  File "/workdir/sphinx-gallery-0.11.1/sphinx_gallery/docs_resolv.py", line 182, in __init__
    self._docopts = parse_sphinx_docopts(docopts)
  File "/workdir/sphinx-gallery-0.11.1/sphinx_gallery/docs_resolv.py", line 86, in parse_sphinx_docopts
    raise ExtensionError(
sphinx.errors.ExtensionError: Documentation options could not be found in index.</error></testcase><testcase classname="sphinx_gallery.tests.test_full" name="test_minigallery_directive[Test 1-N-5-False]" time="0.000"><error message="failed on setup with &quot;sphinx.errors.ExtensionError: Documentation options could not be found in index.&quot;">Traceback (most recent call last):
  File "/workdir/sphinx-gallery-0.11.1/.tox/cpythonlibtest-unit-test-tests/lib/python3.10/site-packages/_pytest/runner.py", line 341, in from_call
    result: Optional[TResult] = func()
  File "/workdir/sphinx-gallery-0.11.1/.tox/cpythonlibtest-unit-test-tests/lib/python3.10/site-packages/_pytest/runner.py", line 262, in &lt;lambda&gt;
    lambda: ihook(item=item, **kwds), when=when, reraise=reraise
  File "/workdir/sphinx-gallery-0.11.1/.tox/cpythonlibtest-unit-test-tests/lib/python3.10/site-packages/pluggy/_hooks.py", line 493, in __call__
    return self._hookexec(self.name, self._hookimpls, kwargs, firstresult)
  File "/workdir/sphinx-gallery-0.11.1/.tox/cpythonlibtest-unit-test-tests/lib/python3.10/site-packages/pluggy/_manager.py", line 115, in _hookexec
    return self._inner_hookexec(hook_name, methods, kwargs, firstresult)
  File "/workdir/sphinx-gallery-0.11.1/.tox/cpythonlibtest-unit-test-tests/lib/python3.10/site-packages/pluggy/_callers.py", line 152, in _multicall
    return outcome.get_result()
  File "/workdir/sphinx-gallery-0.11.1/.tox/cpythonlibtest-unit-test-tests/lib/python3.10/site-packages/pluggy/_result.py", line 114, in get_result
    raise exc.with_traceback(exc.__traceback__)
  File "/workdir/sphinx-gallery-0.11.1/.tox/cpythonlibtest-unit-test-tests/lib/python3.10/site-packages/pluggy/_callers.py", line 77, in _multicall
    res = hook_impl.function(*args)
  File "/workdir/sphinx-gallery-0.11.1/.tox/cpythonlibtest-unit-test-tests/lib/python3.10/site-packages/_pytest/runner.py", line 157, in pytest_runtest_setup
    item.session._setupstate.setup(item)
  File "/workdir/sphinx-gallery-0.11.1/.tox/cpythonlibtest-unit-test-tests/lib/python3.10/site-packages/_pytest/runner.py", line 497, in setup
    raise exc
  File "/workdir/sphinx-gallery-0.11.1/.tox/cpythonlibtest-unit-test-tests/lib/python3.10/site-packages/_pytest/runner.py", line 494, in setup
    col.setup()
  File "/workdir/sphinx-gallery-0.11.1/.tox/cpythonlibtest-unit-test-tests/lib/python3.10/site-packages/_pytest/python.py", line 1795, in setup
    self._request._fillfixtures()
  File "/workdir/sphinx-gallery-0.11.1/.tox/cpythonlibtest-unit-test-tests/lib/python3.10/site-packages/_pytest/fixtures.py", line 566, in _fillfixtures
    item.funcargs[argname] = self.getfixturevalue(argname)
  File "/workdir/sphinx-gallery-0.11.1/.tox/cpythonlibtest-unit-test-tests/lib/python3.10/site-packages/_pytest/fixtures.py", line 585, in getfixturevalue
    fixturedef = self._get_active_fixturedef(argname)
  File "/workdir/sphinx-gallery-0.11.1/.tox/cpythonlibtest-unit-test-tests/lib/python3.10/site-packages/_pytest/fixtures.py", line 607, in _get_active_fixturedef
    self._compute_fixture_value(fixturedef)
  File "/workdir/sphinx-gallery-0.11.1/.tox/cpythonlibtest-unit-test-tests/lib/python3.10/site-packages/_pytest/fixtures.py", line 693, in _compute_fixture_value
    fixturedef.execute(request=subrequest)
  File "/workdir/sphinx-gallery-0.11.1/.tox/cpythonlibtest-unit-test-tests/lib/python3.10/site-packages/_pytest/fixtures.py", line 1059, in execute
    raise val.with_traceback(tb)
  File "/workdir/sphinx-gallery-0.11.1/.tox/cpythonlibtest-unit-test-tests/lib/python3.10/site-packages/_pytest/fixtures.py", line 1123, in pytest_fixture_setup
    result = call_fixture_func(fixturefunc, request, kwargs)
  File "/workdir/sphinx-gallery-0.11.1/.tox/cpythonlibtest-unit-test-tests/lib/python3.10/site-packages/_pytest/fixtures.py", line 902, in call_fixture_func
    fixture_result = fixturefunc(**kwargs)
  File "/workdir/sphinx-gallery-0.11.1/sphinx_gallery/tests/test_full.py", line 60, in sphinx_app
    app.build(False, [])
  File "/workdir/sphinx-gallery-0.11.1/.tox/cpythonlibtest-unit-test-tests/lib/python3.10/site-packages/sphinx/application.py", line 357, in build
    self.events.emit('build-finished', None)
  File "/workdir/sphinx-gallery-0.11.1/.tox/cpythonlibtest-unit-test-tests/lib/python3.10/site-packages/sphinx/events.py", line 97, in emit
    results.append(listener.handler(self.app, *args))
  File "/workdir/sphinx-gallery-0.11.1/sphinx_gallery/docs_resolv.py", line 470, in embed_code_links
    _embed_code_links(app, gallery_conf, gallery_dir)
  File "/workdir/sphinx-gallery-0.11.1/sphinx_gallery/docs_resolv.py", line 323, in _embed_code_links
    doc_resolvers[this_module] = SphinxDocLinkResolver(
  File "/workdir/sphinx-gallery-0.11.1/sphinx_gallery/docs_resolv.py", line 182, in __init__
    self._docopts = parse_sphinx_docopts(docopts)
  File "/workdir/sphinx-gallery-0.11.1/sphinx_gallery/docs_resolv.py", line 86, in parse_sphinx_docopts
    raise ExtensionError(
sphinx.errors.ExtensionError: Documentation options could not be found in index.</error></testcase><testcase classname="sphinx_gallery.tests.test_full" name="test_minigallery_directive[Test 1-D-D-7-False]" time="0.001"><error message="failed on setup with &quot;sphinx.errors.ExtensionError: Documentation options could not be found in index.&quot;">Traceback (most recent call last):
  File "/workdir/sphinx-gallery-0.11.1/.tox/cpythonlibtest-unit-test-tests/lib/python3.10/site-packages/_pytest/runner.py", line 341, in from_call
    result: Optional[TResult] = func()
  File "/workdir/sphinx-gallery-0.11.1/.tox/cpythonlibtest-unit-test-tests/lib/python3.10/site-packages/_pytest/runner.py", line 262, in &lt;lambda&gt;
    lambda: ihook(item=item, **kwds), when=when, reraise=reraise
  File "/workdir/sphinx-gallery-0.11.1/.tox/cpythonlibtest-unit-test-tests/lib/python3.10/site-packages/pluggy/_hooks.py", line 493, in __call__
    return self._hookexec(self.name, self._hookimpls, kwargs, firstresult)
  File "/workdir/sphinx-gallery-0.11.1/.tox/cpythonlibtest-unit-test-tests/lib/python3.10/site-packages/pluggy/_manager.py", line 115, in _hookexec
    return self._inner_hookexec(hook_name, methods, kwargs, firstresult)
  File "/workdir/sphinx-gallery-0.11.1/.tox/cpythonlibtest-unit-test-tests/lib/python3.10/site-packages/pluggy/_callers.py", line 152, in _multicall
    return outcome.get_result()
  File "/workdir/sphinx-gallery-0.11.1/.tox/cpythonlibtest-unit-test-tests/lib/python3.10/site-packages/pluggy/_result.py", line 114, in get_result
    raise exc.with_traceback(exc.__traceback__)
  File "/workdir/sphinx-gallery-0.11.1/.tox/cpythonlibtest-unit-test-tests/lib/python3.10/site-packages/pluggy/_callers.py", line 77, in _multicall
    res = hook_impl.function(*args)
  File "/workdir/sphinx-gallery-0.11.1/.tox/cpythonlibtest-unit-test-tests/lib/python3.10/site-packages/_pytest/runner.py", line 157, in pytest_runtest_setup
    item.session._setupstate.setup(item)
  File "/workdir/sphinx-gallery-0.11.1/.tox/cpythonlibtest-unit-test-tests/lib/python3.10/site-packages/_pytest/runner.py", line 497, in setup
    raise exc
  File "/workdir/sphinx-gallery-0.11.1/.tox/cpythonlibtest-unit-test-tests/lib/python3.10/site-packages/_pytest/runner.py", line 494, in setup
    col.setup()
  File "/workdir/sphinx-gallery-0.11.1/.tox/cpythonlibtest-unit-test-tests/lib/python3.10/site-packages/_pytest/python.py", line 1795, in setup
    self._request._fillfixtures()
  File "/workdir/sphinx-gallery-0.11.1/.tox/cpythonlibtest-unit-test-tests/lib/python3.10/site-packages/_pytest/fixtures.py", line 566, in _fillfixtures
    item.funcargs[argname] = self.getfixturevalue(argname)
  File "/workdir/sphinx-gallery-0.11.1/.tox/cpythonlibtest-unit-test-tests/lib/python3.10/site-packages/_pytest/fixtures.py", line 585, in getfixturevalue
    fixturedef = self._get_active_fixturedef(argname)
  File "/workdir/sphinx-gallery-0.11.1/.tox/cpythonlibtest-unit-test-tests/lib/python3.10/site-packages/_pytest/fixtures.py", line 607, in _get_active_fixturedef
    self._compute_fixture_value(fixturedef)
  File "/workdir/sphinx-gallery-0.11.1/.tox/cpythonlibtest-unit-test-tests/lib/python3.10/site-packages/_pytest/fixtures.py", line 693, in _compute_fixture_value
    fixturedef.execute(request=subrequest)
  File "/workdir/sphinx-gallery-0.11.1/.tox/cpythonlibtest-unit-test-tests/lib/python3.10/site-packages/_pytest/fixtures.py", line 1059, in execute
    raise val.with_traceback(tb)
  File "/workdir/sphinx-gallery-0.11.1/.tox/cpythonlibtest-unit-test-tests/lib/python3.10/site-packages/_pytest/fixtures.py", line 1123, in pytest_fixture_setup
    result = call_fixture_func(fixturefunc, request, kwargs)
  File "/workdir/sphinx-gallery-0.11.1/.tox/cpythonlibtest-unit-test-tests/lib/python3.10/site-packages/_pytest/fixtures.py", line 902, in call_fixture_func
    fixture_result = fixturefunc(**kwargs)
  File "/workdir/sphinx-gallery-0.11.1/sphinx_gallery/tests/test_full.py", line 60, in sphinx_app
    app.build(False, [])
  File "/workdir/sphinx-gallery-0.11.1/.tox/cpythonlibtest-unit-test-tests/lib/python3.10/site-packages/sphinx/application.py", line 357, in build
    self.events.emit('build-finished', None)
  File "/workdir/sphinx-gallery-0.11.1/.tox/cpythonlibtest-unit-test-tests/lib/python3.10/site-packages/sphinx/events.py", line 97, in emit
    results.append(listener.handler(self.app, *args))
  File "/workdir/sphinx-gallery-0.11.1/sphinx_gallery/docs_resolv.py", line 470, in embed_code_links
    _embed_code_links(app, gallery_conf, gallery_dir)
  File "/workdir/sphinx-gallery-0.11.1/sphinx_gallery/docs_resolv.py", line 323, in _embed_code_links
    doc_resolvers[this_module] = SphinxDocLinkResolver(
  File "/workdir/sphinx-gallery-0.11.1/sphinx_gallery/docs_resolv.py", line 182, in __init__
    self._docopts = parse_sphinx_docopts(docopts)
  File "/workdir/sphinx-gallery-0.11.1/sphinx_gallery/docs_resolv.py", line 86, in parse_sphinx_docopts
    raise ExtensionError(
sphinx.errors.ExtensionError: Documentation options could not be found in index.</error></testcase><testcase classname="sphinx_gallery.tests.test_full" name="test_minigallery_directive[Test 1-D-C-7-False]" time="0.000"><error message="failed on setup with &quot;sphinx.errors.ExtensionError: Documentation options could not be found in index.&quot;">Traceback (most recent call last):
  File "/workdir/sphinx-gallery-0.11.1/.tox/cpythonlibtest-unit-test-tests/lib/python3.10/site-packages/_pytest/runner.py", line 341, in from_call
    result: Optional[TResult] = func()
  File "/workdir/sphinx-gallery-0.11.1/.tox/cpythonlibtest-unit-test-tests/lib/python3.10/site-packages/_pytest/runner.py", line 262, in &lt;lambda&gt;
    lambda: ihook(item=item, **kwds), when=when, reraise=reraise
  File "/workdir/sphinx-gallery-0.11.1/.tox/cpythonlibtest-unit-test-tests/lib/python3.10/site-packages/pluggy/_hooks.py", line 493, in __call__
    return self._hookexec(self.name, self._hookimpls, kwargs, firstresult)
  File "/workdir/sphinx-gallery-0.11.1/.tox/cpythonlibtest-unit-test-tests/lib/python3.10/site-packages/pluggy/_manager.py", line 115, in _hookexec
    return self._inner_hookexec(hook_name, methods, kwargs, firstresult)
  File "/workdir/sphinx-gallery-0.11.1/.tox/cpythonlibtest-unit-test-tests/lib/python3.10/site-packages/pluggy/_callers.py", line 152, in _multicall
    return outcome.get_result()
  File "/workdir/sphinx-gallery-0.11.1/.tox/cpythonlibtest-unit-test-tests/lib/python3.10/site-packages/pluggy/_result.py", line 114, in get_result
    raise exc.with_traceback(exc.__traceback__)
  File "/workdir/sphinx-gallery-0.11.1/.tox/cpythonlibtest-unit-test-tests/lib/python3.10/site-packages/pluggy/_callers.py", line 77, in _multicall
    res = hook_impl.function(*args)
  File "/workdir/sphinx-gallery-0.11.1/.tox/cpythonlibtest-unit-test-tests/lib/python3.10/site-packages/_pytest/runner.py", line 157, in pytest_runtest_setup
    item.session._setupstate.setup(item)
  File "/workdir/sphinx-gallery-0.11.1/.tox/cpythonlibtest-unit-test-tests/lib/python3.10/site-packages/_pytest/runner.py", line 497, in setup
    raise exc
  File "/workdir/sphinx-gallery-0.11.1/.tox/cpythonlibtest-unit-test-tests/lib/python3.10/site-packages/_pytest/runner.py", line 494, in setup
    col.setup()
  File "/workdir/sphinx-gallery-0.11.1/.tox/cpythonlibtest-unit-test-tests/lib/python3.10/site-packages/_pytest/python.py", line 1795, in setup
    self._request._fillfixtures()
  File "/workdir/sphinx-gallery-0.11.1/.tox/cpythonlibtest-unit-test-tests/lib/python3.10/site-packages/_pytest/fixtures.py", line 566, in _fillfixtures
    item.funcargs[argname] = self.getfixturevalue(argname)
  File "/workdir/sphinx-gallery-0.11.1/.tox/cpythonlibtest-unit-test-tests/lib/python3.10/site-packages/_pytest/fixtures.py", line 585, in getfixturevalue
    fixturedef = self._get_active_fixturedef(argname)
  File "/workdir/sphinx-gallery-0.11.1/.tox/cpythonlibtest-unit-test-tests/lib/python3.10/site-packages/_pytest/fixtures.py", line 607, in _get_active_fixturedef
    self._compute_fixture_value(fixturedef)
  File "/workdir/sphinx-gallery-0.11.1/.tox/cpythonlibtest-unit-test-tests/lib/python3.10/site-packages/_pytest/fixtures.py", line 693, in _compute_fixture_value
    fixturedef.execute(request=subrequest)
  File "/workdir/sphinx-gallery-0.11.1/.tox/cpythonlibtest-unit-test-tests/lib/python3.10/site-packages/_pytest/fixtures.py", line 1059, in execute
    raise val.with_traceback(tb)
  File "/workdir/sphinx-gallery-0.11.1/.tox/cpythonlibtest-unit-test-tests/lib/python3.10/site-packages/_pytest/fixtures.py", line 1123, in pytest_fixture_setup
    result = call_fixture_func(fixturefunc, request, kwargs)
  File "/workdir/sphinx-gallery-0.11.1/.tox/cpythonlibtest-unit-test-tests/lib/python3.10/site-packages/_pytest/fixtures.py", line 902, in call_fixture_func
    fixture_result = fixturefunc(**kwargs)
  File "/workdir/sphinx-gallery-0.11.1/sphinx_gallery/tests/test_full.py", line 60, in sphinx_app
    app.build(False, [])
  File "/workdir/sphinx-gallery-0.11.1/.tox/cpythonlibtest-unit-test-tests/lib/python3.10/site-packages/sphinx/application.py", line 357, in build
    self.events.emit('build-finished', None)
  File "/workdir/sphinx-gallery-0.11.1/.tox/cpythonlibtest-unit-test-tests/lib/python3.10/site-packages/sphinx/events.py", line 97, in emit
    results.append(listener.handler(self.app, *args))
  File "/workdir/sphinx-gallery-0.11.1/sphinx_gallery/docs_resolv.py", line 470, in embed_code_links
    _embed_code_links(app, gallery_conf, gallery_dir)
  File "/workdir/sphinx-gallery-0.11.1/sphinx_gallery/docs_resolv.py", line 323, in _embed_code_links
    doc_resolvers[this_module] = SphinxDocLinkResolver(
  File "/workdir/sphinx-gallery-0.11.1/sphinx_gallery/docs_resolv.py", line 182, in __init__
    self._docopts = parse_sphinx_docopts(docopts)
  File "/workdir/sphinx-gallery-0.11.1/sphinx_gallery/docs_resolv.py", line 86, in parse_sphinx_docopts
    raise ExtensionError(
sphinx.errors.ExtensionError: Documentation options could not be found in index.</error></testcase><testcase classname="sphinx_gallery.tests.test_full" name="test_minigallery_directive[Test 1-C-D-8-False]" time="0.001"><error message="failed on setup with &quot;sphinx.errors.ExtensionError: Documentation options could not be found in index.&quot;">Traceback (most recent call last):
  File "/workdir/sphinx-gallery-0.11.1/.tox/cpythonlibtest-unit-test-tests/lib/python3.10/site-packages/_pytest/runner.py", line 341, in from_call
    result: Optional[TResult] = func()
  File "/workdir/sphinx-gallery-0.11.1/.tox/cpythonlibtest-unit-test-tests/lib/python3.10/site-packages/_pytest/runner.py", line 262, in &lt;lambda&gt;
    lambda: ihook(item=item, **kwds), when=when, reraise=reraise
  File "/workdir/sphinx-gallery-0.11.1/.tox/cpythonlibtest-unit-test-tests/lib/python3.10/site-packages/pluggy/_hooks.py", line 493, in __call__
    return self._hookexec(self.name, self._hookimpls, kwargs, firstresult)
  File "/workdir/sphinx-gallery-0.11.1/.tox/cpythonlibtest-unit-test-tests/lib/python3.10/site-packages/pluggy/_manager.py", line 115, in _hookexec
    return self._inner_hookexec(hook_name, methods, kwargs, firstresult)
  File "/workdir/sphinx-gallery-0.11.1/.tox/cpythonlibtest-unit-test-tests/lib/python3.10/site-packages/pluggy/_callers.py", line 152, in _multicall
    return outcome.get_result()
  File "/workdir/sphinx-gallery-0.11.1/.tox/cpythonlibtest-unit-test-tests/lib/python3.10/site-packages/pluggy/_result.py", line 114, in get_result
    raise exc.with_traceback(exc.__traceback__)
  File "/workdir/sphinx-gallery-0.11.1/.tox/cpythonlibtest-unit-test-tests/lib/python3.10/site-packages/pluggy/_callers.py", line 77, in _multicall
    res = hook_impl.function(*args)
  File "/workdir/sphinx-gallery-0.11.1/.tox/cpythonlibtest-unit-test-tests/lib/python3.10/site-packages/_pytest/runner.py", line 157, in pytest_runtest_setup
    item.session._setupstate.setup(item)
  File "/workdir/sphinx-gallery-0.11.1/.tox/cpythonlibtest-unit-test-tests/lib/python3.10/site-packages/_pytest/runner.py", line 497, in setup
    raise exc
  File "/workdir/sphinx-gallery-0.11.1/.tox/cpythonlibtest-unit-test-tests/lib/python3.10/site-packages/_pytest/runner.py", line 494, in setup
    col.setup()
  File "/workdir/sphinx-gallery-0.11.1/.tox/cpythonlibtest-unit-test-tests/lib/python3.10/site-packages/_pytest/python.py", line 1795, in setup
    self._request._fillfixtures()
  File "/workdir/sphinx-gallery-0.11.1/.tox/cpythonlibtest-unit-test-tests/lib/python3.10/site-packages/_pytest/fixtures.py", line 566, in _fillfixtures
    item.funcargs[argname] = self.getfixturevalue(argname)
  File "/workdir/sphinx-gallery-0.11.1/.tox/cpythonlibtest-unit-test-tests/lib/python3.10/site-packages/_pytest/fixtures.py", line 585, in getfixturevalue
    fixturedef = self._get_active_fixturedef(argname)
  File "/workdir/sphinx-gallery-0.11.1/.tox/cpythonlibtest-unit-test-tests/lib/python3.10/site-packages/_pytest/fixtures.py", line 607, in _get_active_fixturedef
    self._compute_fixture_value(fixturedef)
  File "/workdir/sphinx-gallery-0.11.1/.tox/cpythonlibtest-unit-test-tests/lib/python3.10/site-packages/_pytest/fixtures.py", line 693, in _compute_fixture_value
    fixturedef.execute(request=subrequest)
  File "/workdir/sphinx-gallery-0.11.1/.tox/cpythonlibtest-unit-test-tests/lib/python3.10/site-packages/_pytest/fixtures.py", line 1059, in execute
    raise val.with_traceback(tb)
  File "/workdir/sphinx-gallery-0.11.1/.tox/cpythonlibtest-unit-test-tests/lib/python3.10/site-packages/_pytest/fixtures.py", line 1123, in pytest_fixture_setup
    result = call_fixture_func(fixturefunc, request, kwargs)
  File "/workdir/sphinx-gallery-0.11.1/.tox/cpythonlibtest-unit-test-tests/lib/python3.10/site-packages/_pytest/fixtures.py", line 902, in call_fixture_func
    fixture_result = fixturefunc(**kwargs)
  File "/workdir/sphinx-gallery-0.11.1/sphinx_gallery/tests/test_full.py", line 60, in sphinx_app
    app.build(False, [])
  File "/workdir/sphinx-gallery-0.11.1/.tox/cpythonlibtest-unit-test-tests/lib/python3.10/site-packages/sphinx/application.py", line 357, in build
    self.events.emit('build-finished', None)
  File "/workdir/sphinx-gallery-0.11.1/.tox/cpythonlibtest-unit-test-tests/lib/python3.10/site-packages/sphinx/events.py", line 97, in emit
    results.append(listener.handler(self.app, *args))
  File "/workdir/sphinx-gallery-0.11.1/sphinx_gallery/docs_resolv.py", line 470, in embed_code_links
    _embed_code_links(app, gallery_conf, gallery_dir)
  File "/workdir/sphinx-gallery-0.11.1/sphinx_gallery/docs_resolv.py", line 323, in _embed_code_links
    doc_resolvers[this_module] = SphinxDocLinkResolver(
  File "/workdir/sphinx-gallery-0.11.1/sphinx_gallery/docs_resolv.py", line 182, in __init__
    self._docopts = parse_sphinx_docopts(docopts)
  File "/workdir/sphinx-gallery-0.11.1/sphinx_gallery/docs_resolv.py", line 86, in parse_sphinx_docopts
    raise ExtensionError(
sphinx.errors.ExtensionError: Documentation options could not be found in index.</error></testcase><testcase classname="sphinx_gallery.tests.test_full" name="test_minigallery_directive[Test 2-N-10-True]" time="0.001"><error message="failed on setup with &quot;sphinx.errors.ExtensionError: Documentation options could not be found in index.&quot;">Traceback (most recent call last):
  File "/workdir/sphinx-gallery-0.11.1/.tox/cpythonlibtest-unit-test-tests/lib/python3.10/site-packages/_pytest/runner.py", line 341, in from_call
    result: Optional[TResult] = func()
  File "/workdir/sphinx-gallery-0.11.1/.tox/cpythonlibtest-unit-test-tests/lib/python3.10/site-packages/_pytest/runner.py", line 262, in &lt;lambda&gt;
    lambda: ihook(item=item, **kwds), when=when, reraise=reraise
  File "/workdir/sphinx-gallery-0.11.1/.tox/cpythonlibtest-unit-test-tests/lib/python3.10/site-packages/pluggy/_hooks.py", line 493, in __call__
    return self._hookexec(self.name, self._hookimpls, kwargs, firstresult)
  File "/workdir/sphinx-gallery-0.11.1/.tox/cpythonlibtest-unit-test-tests/lib/python3.10/site-packages/pluggy/_manager.py", line 115, in _hookexec
    return self._inner_hookexec(hook_name, methods, kwargs, firstresult)
  File "/workdir/sphinx-gallery-0.11.1/.tox/cpythonlibtest-unit-test-tests/lib/python3.10/site-packages/pluggy/_callers.py", line 152, in _multicall
    return outcome.get_result()
  File "/workdir/sphinx-gallery-0.11.1/.tox/cpythonlibtest-unit-test-tests/lib/python3.10/site-packages/pluggy/_result.py", line 114, in get_result
    raise exc.with_traceback(exc.__traceback__)
  File "/workdir/sphinx-gallery-0.11.1/.tox/cpythonlibtest-unit-test-tests/lib/python3.10/site-packages/pluggy/_callers.py", line 77, in _multicall
    res = hook_impl.function(*args)
  File "/workdir/sphinx-gallery-0.11.1/.tox/cpythonlibtest-unit-test-tests/lib/python3.10/site-packages/_pytest/runner.py", line 157, in pytest_runtest_setup
    item.session._setupstate.setup(item)
  File "/workdir/sphinx-gallery-0.11.1/.tox/cpythonlibtest-unit-test-tests/lib/python3.10/site-packages/_pytest/runner.py", line 497, in setup
    raise exc
  File "/workdir/sphinx-gallery-0.11.1/.tox/cpythonlibtest-unit-test-tests/lib/python3.10/site-packages/_pytest/runner.py", line 494, in setup
    col.setup()
  File "/workdir/sphinx-gallery-0.11.1/.tox/cpythonlibtest-unit-test-tests/lib/python3.10/site-packages/_pytest/python.py", line 1795, in setup
    self._request._fillfixtures()
  File "/workdir/sphinx-gallery-0.11.1/.tox/cpythonlibtest-unit-test-tests/lib/python3.10/site-packages/_pytest/fixtures.py", line 566, in _fillfixtures
    item.funcargs[argname] = self.getfixturevalue(argname)
  File "/workdir/sphinx-gallery-0.11.1/.tox/cpythonlibtest-unit-test-tests/lib/python3.10/site-packages/_pytest/fixtures.py", line 585, in getfixturevalue
    fixturedef = self._get_active_fixturedef(argname)
  File "/workdir/sphinx-gallery-0.11.1/.tox/cpythonlibtest-unit-test-tests/lib/python3.10/site-packages/_pytest/fixtures.py", line 607, in _get_active_fixturedef
    self._compute_fixture_value(fixturedef)
  File "/workdir/sphinx-gallery-0.11.1/.tox/cpythonlibtest-unit-test-tests/lib/python3.10/site-packages/_pytest/fixtures.py", line 693, in _compute_fixture_value
    fixturedef.execute(request=subrequest)
  File "/workdir/sphinx-gallery-0.11.1/.tox/cpythonlibtest-unit-test-tests/lib/python3.10/site-packages/_pytest/fixtures.py", line 1059, in execute
    raise val.with_traceback(tb)
  File "/workdir/sphinx-gallery-0.11.1/.tox/cpythonlibtest-unit-test-tests/lib/python3.10/site-packages/_pytest/fixtures.py", line 1123, in pytest_fixture_setup
    result = call_fixture_func(fixturefunc, request, kwargs)
  File "/workdir/sphinx-gallery-0.11.1/.tox/cpythonlibtest-unit-test-tests/lib/python3.10/site-packages/_pytest/fixtures.py", line 902, in call_fixture_func
    fixture_result = fixturefunc(**kwargs)
  File "/workdir/sphinx-gallery-0.11.1/sphinx_gallery/tests/test_full.py", line 60, in sphinx_app
    app.build(False, [])
  File "/workdir/sphinx-gallery-0.11.1/.tox/cpythonlibtest-unit-test-tests/lib/python3.10/site-packages/sphinx/application.py", line 357, in build
    self.events.emit('build-finished', None)
  File "/workdir/sphinx-gallery-0.11.1/.tox/cpythonlibtest-unit-test-tests/lib/python3.10/site-packages/sphinx/events.py", line 97, in emit
    results.append(listener.handler(self.app, *args))
  File "/workdir/sphinx-gallery-0.11.1/sphinx_gallery/docs_resolv.py", line 470, in embed_code_links
    _embed_code_links(app, gallery_conf, gallery_dir)
  File "/workdir/sphinx-gallery-0.11.1/sphinx_gallery/docs_resolv.py", line 323, in _embed_code_links
    doc_resolvers[this_module] = SphinxDocLinkResolver(
  File "/workdir/sphinx-gallery-0.11.1/sphinx_gallery/docs_resolv.py", line 182, in __init__
    self._docopts = parse_sphinx_docopts(docopts)
  File "/workdir/sphinx-gallery-0.11.1/sphinx_gallery/docs_resolv.py", line 86, in parse_sphinx_docopts
    raise ExtensionError(
sphinx.errors.ExtensionError: Documentation options could not be found in index.</error></testcase><testcase classname="sphinx_gallery.tests.test_full" name="test_minigallery_directive[Test 2-D-D-13-True]" time="0.001"><error message="failed on setup with &quot;sphinx.errors.ExtensionError: Documentation options could not be found in index.&quot;">Traceback (most recent call last):
  File "/workdir/sphinx-gallery-0.11.1/.tox/cpythonlibtest-unit-test-tests/lib/python3.10/site-packages/_pytest/runner.py", line 341, in from_call
    result: Optional[TResult] = func()
  File "/workdir/sphinx-gallery-0.11.1/.tox/cpythonlibtest-unit-test-tests/lib/python3.10/site-packages/_pytest/runner.py", line 262, in &lt;lambda&gt;
    lambda: ihook(item=item, **kwds), when=when, reraise=reraise
  File "/workdir/sphinx-gallery-0.11.1/.tox/cpythonlibtest-unit-test-tests/lib/python3.10/site-packages/pluggy/_hooks.py", line 493, in __call__
    return self._hookexec(self.name, self._hookimpls, kwargs, firstresult)
  File "/workdir/sphinx-gallery-0.11.1/.tox/cpythonlibtest-unit-test-tests/lib/python3.10/site-packages/pluggy/_manager.py", line 115, in _hookexec
    return self._inner_hookexec(hook_name, methods, kwargs, firstresult)
  File "/workdir/sphinx-gallery-0.11.1/.tox/cpythonlibtest-unit-test-tests/lib/python3.10/site-packages/pluggy/_callers.py", line 152, in _multicall
    return outcome.get_result()
  File "/workdir/sphinx-gallery-0.11.1/.tox/cpythonlibtest-unit-test-tests/lib/python3.10/site-packages/pluggy/_result.py", line 114, in get_result
    raise exc.with_traceback(exc.__traceback__)
  File "/workdir/sphinx-gallery-0.11.1/.tox/cpythonlibtest-unit-test-tests/lib/python3.10/site-packages/pluggy/_callers.py", line 77, in _multicall
    res = hook_impl.function(*args)
  File "/workdir/sphinx-gallery-0.11.1/.tox/cpythonlibtest-unit-test-tests/lib/python3.10/site-packages/_pytest/runner.py", line 157, in pytest_runtest_setup
    item.session._setupstate.setup(item)
  File "/workdir/sphinx-gallery-0.11.1/.tox/cpythonlibtest-unit-test-tests/lib/python3.10/site-packages/_pytest/runner.py", line 497, in setup
    raise exc
  File "/workdir/sphinx-gallery-0.11.1/.tox/cpythonlibtest-unit-test-tests/lib/python3.10/site-packages/_pytest/runner.py", line 494, in setup
    col.setup()
  File "/workdir/sphinx-gallery-0.11.1/.tox/cpythonlibtest-unit-test-tests/lib/python3.10/site-packages/_pytest/python.py", line 1795, in setup
    self._request._fillfixtures()
  File "/workdir/sphinx-gallery-0.11.1/.tox/cpythonlibtest-unit-test-tests/lib/python3.10/site-packages/_pytest/fixtures.py", line 566, in _fillfixtures
    item.funcargs[argname] = self.getfixturevalue(argname)
  File "/workdir/sphinx-gallery-0.11.1/.tox/cpythonlibtest-unit-test-tests/lib/python3.10/site-packages/_pytest/fixtures.py", line 585, in getfixturevalue
    fixturedef = self._get_active_fixturedef(argname)
  File "/workdir/sphinx-gallery-0.11.1/.tox/cpythonlibtest-unit-test-tests/lib/python3.10/site-packages/_pytest/fixtures.py", line 607, in _get_active_fixturedef
    self._compute_fixture_value(fixturedef)
  File "/workdir/sphinx-gallery-0.11.1/.tox/cpythonlibtest-unit-test-tests/lib/python3.10/site-packages/_pytest/fixtures.py", line 693, in _compute_fixture_value
    fixturedef.execute(request=subrequest)
  File "/workdir/sphinx-gallery-0.11.1/.tox/cpythonlibtest-unit-test-tests/lib/python3.10/site-packages/_pytest/fixtures.py", line 1059, in execute
    raise val.with_traceback(tb)
  File "/workdir/sphinx-gallery-0.11.1/.tox/cpythonlibtest-unit-test-tests/lib/python3.10/site-packages/_pytest/fixtures.py", line 1123, in pytest_fixture_setup
    result = call_fixture_func(fixturefunc, request, kwargs)
  File "/workdir/sphinx-gallery-0.11.1/.tox/cpythonlibtest-unit-test-tests/lib/python3.10/site-packages/_pytest/fixtures.py", line 902, in call_fixture_func
    fixture_result = fixturefunc(**kwargs)
  File "/workdir/sphinx-gallery-0.11.1/sphinx_gallery/tests/test_full.py", line 60, in sphinx_app
    app.build(False, [])
  File "/workdir/sphinx-gallery-0.11.1/.tox/cpythonlibtest-unit-test-tests/lib/python3.10/site-packages/sphinx/application.py", line 357, in build
    self.events.emit('build-finished', None)
  File "/workdir/sphinx-gallery-0.11.1/.tox/cpythonlibtest-unit-test-tests/lib/python3.10/site-packages/sphinx/events.py", line 97, in emit
    results.append(listener.handler(self.app, *args))
  File "/workdir/sphinx-gallery-0.11.1/sphinx_gallery/docs_resolv.py", line 470, in embed_code_links
    _embed_code_links(app, gallery_conf, gallery_dir)
  File "/workdir/sphinx-gallery-0.11.1/sphinx_gallery/docs_resolv.py", line 323, in _embed_code_links
    doc_resolvers[this_module] = SphinxDocLinkResolver(
  File "/workdir/sphinx-gallery-0.11.1/sphinx_gallery/docs_resolv.py", line 182, in __init__
    self._docopts = parse_sphinx_docopts(docopts)
  File "/workdir/sphinx-gallery-0.11.1/sphinx_gallery/docs_resolv.py", line 86, in parse_sphinx_docopts
    raise ExtensionError(
sphinx.errors.ExtensionError: Documentation options could not be found in index.</error></testcase><testcase classname="sphinx_gallery.tests.test_full" name="test_minigallery_directive[Test 2-C-C-14-True]" time="0.000"><error message="failed on setup with &quot;sphinx.errors.ExtensionError: Documentation options could not be found in index.&quot;">Traceback (most recent call last):
  File "/workdir/sphinx-gallery-0.11.1/.tox/cpythonlibtest-unit-test-tests/lib/python3.10/site-packages/_pytest/runner.py", line 341, in from_call
    result: Optional[TResult] = func()
  File "/workdir/sphinx-gallery-0.11.1/.tox/cpythonlibtest-unit-test-tests/lib/python3.10/site-packages/_pytest/runner.py", line 262, in &lt;lambda&gt;
    lambda: ihook(item=item, **kwds), when=when, reraise=reraise
  File "/workdir/sphinx-gallery-0.11.1/.tox/cpythonlibtest-unit-test-tests/lib/python3.10/site-packages/pluggy/_hooks.py", line 493, in __call__
    return self._hookexec(self.name, self._hookimpls, kwargs, firstresult)
  File "/workdir/sphinx-gallery-0.11.1/.tox/cpythonlibtest-unit-test-tests/lib/python3.10/site-packages/pluggy/_manager.py", line 115, in _hookexec
    return self._inner_hookexec(hook_name, methods, kwargs, firstresult)
  File "/workdir/sphinx-gallery-0.11.1/.tox/cpythonlibtest-unit-test-tests/lib/python3.10/site-packages/pluggy/_callers.py", line 152, in _multicall
    return outcome.get_result()
  File "/workdir/sphinx-gallery-0.11.1/.tox/cpythonlibtest-unit-test-tests/lib/python3.10/site-packages/pluggy/_result.py", line 114, in get_result
    raise exc.with_traceback(exc.__traceback__)
  File "/workdir/sphinx-gallery-0.11.1/.tox/cpythonlibtest-unit-test-tests/lib/python3.10/site-packages/pluggy/_callers.py", line 77, in _multicall
    res = hook_impl.function(*args)
  File "/workdir/sphinx-gallery-0.11.1/.tox/cpythonlibtest-unit-test-tests/lib/python3.10/site-packages/_pytest/runner.py", line 157, in pytest_runtest_setup
    item.session._setupstate.setup(item)
  File "/workdir/sphinx-gallery-0.11.1/.tox/cpythonlibtest-unit-test-tests/lib/python3.10/site-packages/_pytest/runner.py", line 497, in setup
    raise exc
  File "/workdir/sphinx-gallery-0.11.1/.tox/cpythonlibtest-unit-test-tests/lib/python3.10/site-packages/_pytest/runner.py", line 494, in setup
    col.setup()
  File "/workdir/sphinx-gallery-0.11.1/.tox/cpythonlibtest-unit-test-tests/lib/python3.10/site-packages/_pytest/python.py", line 1795, in setup
    self._request._fillfixtures()
  File "/workdir/sphinx-gallery-0.11.1/.tox/cpythonlibtest-unit-test-tests/lib/python3.10/site-packages/_pytest/fixtures.py", line 566, in _fillfixtures
    item.funcargs[argname] = self.getfixturevalue(argname)
  File "/workdir/sphinx-gallery-0.11.1/.tox/cpythonlibtest-unit-test-tests/lib/python3.10/site-packages/_pytest/fixtures.py", line 585, in getfixturevalue
    fixturedef = self._get_active_fixturedef(argname)
  File "/workdir/sphinx-gallery-0.11.1/.tox/cpythonlibtest-unit-test-tests/lib/python3.10/site-packages/_pytest/fixtures.py", line 607, in _get_active_fixturedef
    self._compute_fixture_value(fixturedef)
  File "/workdir/sphinx-gallery-0.11.1/.tox/cpythonlibtest-unit-test-tests/lib/python3.10/site-packages/_pytest/fixtures.py", line 693, in _compute_fixture_value
    fixturedef.execute(request=subrequest)
  File "/workdir/sphinx-gallery-0.11.1/.tox/cpythonlibtest-unit-test-tests/lib/python3.10/site-packages/_pytest/fixtures.py", line 1059, in execute
    raise val.with_traceback(tb)
  File "/workdir/sphinx-gallery-0.11.1/.tox/cpythonlibtest-unit-test-tests/lib/python3.10/site-packages/_pytest/fixtures.py", line 1123, in pytest_fixture_setup
    result = call_fixture_func(fixturefunc, request, kwargs)
  File "/workdir/sphinx-gallery-0.11.1/.tox/cpythonlibtest-unit-test-tests/lib/python3.10/site-packages/_pytest/fixtures.py", line 902, in call_fixture_func
    fixture_result = fixturefunc(**kwargs)
  File "/workdir/sphinx-gallery-0.11.1/sphinx_gallery/tests/test_full.py", line 60, in sphinx_app
    app.build(False, [])
  File "/workdir/sphinx-gallery-0.11.1/.tox/cpythonlibtest-unit-test-tests/lib/python3.10/site-packages/sphinx/application.py", line 357, in build
    self.events.emit('build-finished', None)
  File "/workdir/sphinx-gallery-0.11.1/.tox/cpythonlibtest-unit-test-tests/lib/python3.10/site-packages/sphinx/events.py", line 97, in emit
    results.append(listener.handler(self.app, *args))
  File "/workdir/sphinx-gallery-0.11.1/sphinx_gallery/docs_resolv.py", line 470, in embed_code_links
    _embed_code_links(app, gallery_conf, gallery_dir)
  File "/workdir/sphinx-gallery-0.11.1/sphinx_gallery/docs_resolv.py", line 323, in _embed_code_links
    doc_resolvers[this_module] = SphinxDocLinkResolver(
  File "/workdir/sphinx-gallery-0.11.1/sphinx_gallery/docs_resolv.py", line 182, in __init__
    self._docopts = parse_sphinx_docopts(docopts)
  File "/workdir/sphinx-gallery-0.11.1/sphinx_gallery/docs_resolv.py", line 86, in parse_sphinx_docopts
    raise ExtensionError(
sphinx.errors.ExtensionError: Documentation options could not be found in index.</error></testcase><testcase classname="sphinx_gallery.tests.test_full" name="test_matplotlib_warning_filter" time="0.001"><error message="failed on setup with &quot;sphinx.errors.ExtensionError: Documentation options could not be found in index.&quot;">Traceback (most recent call last):
  File "/workdir/sphinx-gallery-0.11.1/.tox/cpythonlibtest-unit-test-tests/lib/python3.10/site-packages/_pytest/runner.py", line 341, in from_call
    result: Optional[TResult] = func()
  File "/workdir/sphinx-gallery-0.11.1/.tox/cpythonlibtest-unit-test-tests/lib/python3.10/site-packages/_pytest/runner.py", line 262, in &lt;lambda&gt;
    lambda: ihook(item=item, **kwds), when=when, reraise=reraise
  File "/workdir/sphinx-gallery-0.11.1/.tox/cpythonlibtest-unit-test-tests/lib/python3.10/site-packages/pluggy/_hooks.py", line 493, in __call__
    return self._hookexec(self.name, self._hookimpls, kwargs, firstresult)
  File "/workdir/sphinx-gallery-0.11.1/.tox/cpythonlibtest-unit-test-tests/lib/python3.10/site-packages/pluggy/_manager.py", line 115, in _hookexec
    return self._inner_hookexec(hook_name, methods, kwargs, firstresult)
  File "/workdir/sphinx-gallery-0.11.1/.tox/cpythonlibtest-unit-test-tests/lib/python3.10/site-packages/pluggy/_callers.py", line 152, in _multicall
    return outcome.get_result()
  File "/workdir/sphinx-gallery-0.11.1/.tox/cpythonlibtest-unit-test-tests/lib/python3.10/site-packages/pluggy/_result.py", line 114, in get_result
    raise exc.with_traceback(exc.__traceback__)
  File "/workdir/sphinx-gallery-0.11.1/.tox/cpythonlibtest-unit-test-tests/lib/python3.10/site-packages/pluggy/_callers.py", line 77, in _multicall
    res = hook_impl.function(*args)
  File "/workdir/sphinx-gallery-0.11.1/.tox/cpythonlibtest-unit-test-tests/lib/python3.10/site-packages/_pytest/runner.py", line 157, in pytest_runtest_setup
    item.session._setupstate.setup(item)
  File "/workdir/sphinx-gallery-0.11.1/.tox/cpythonlibtest-unit-test-tests/lib/python3.10/site-packages/_pytest/runner.py", line 497, in setup
    raise exc
  File "/workdir/sphinx-gallery-0.11.1/.tox/cpythonlibtest-unit-test-tests/lib/python3.10/site-packages/_pytest/runner.py", line 494, in setup
    col.setup()
  File "/workdir/sphinx-gallery-0.11.1/.tox/cpythonlibtest-unit-test-tests/lib/python3.10/site-packages/_pytest/python.py", line 1795, in setup
    self._request._fillfixtures()
  File "/workdir/sphinx-gallery-0.11.1/.tox/cpythonlibtest-unit-test-tests/lib/python3.10/site-packages/_pytest/fixtures.py", line 566, in _fillfixtures
    item.funcargs[argname] = self.getfixturevalue(argname)
  File "/workdir/sphinx-gallery-0.11.1/.tox/cpythonlibtest-unit-test-tests/lib/python3.10/site-packages/_pytest/fixtures.py", line 585, in getfixturevalue
    fixturedef = self._get_active_fixturedef(argname)
  File "/workdir/sphinx-gallery-0.11.1/.tox/cpythonlibtest-unit-test-tests/lib/python3.10/site-packages/_pytest/fixtures.py", line 607, in _get_active_fixturedef
    self._compute_fixture_value(fixturedef)
  File "/workdir/sphinx-gallery-0.11.1/.tox/cpythonlibtest-unit-test-tests/lib/python3.10/site-packages/_pytest/fixtures.py", line 693, in _compute_fixture_value
    fixturedef.execute(request=subrequest)
  File "/workdir/sphinx-gallery-0.11.1/.tox/cpythonlibtest-unit-test-tests/lib/python3.10/site-packages/_pytest/fixtures.py", line 1059, in execute
    raise val.with_traceback(tb)
  File "/workdir/sphinx-gallery-0.11.1/.tox/cpythonlibtest-unit-test-tests/lib/python3.10/site-packages/_pytest/fixtures.py", line 1123, in pytest_fixture_setup
    result = call_fixture_func(fixturefunc, request, kwargs)
  File "/workdir/sphinx-gallery-0.11.1/.tox/cpythonlibtest-unit-test-tests/lib/python3.10/site-packages/_pytest/fixtures.py", line 902, in call_fixture_func
    fixture_result = fixturefunc(**kwargs)
  File "/workdir/sphinx-gallery-0.11.1/sphinx_gallery/tests/test_full.py", line 60, in sphinx_app
    app.build(False, [])
  File "/workdir/sphinx-gallery-0.11.1/.tox/cpythonlibtest-unit-test-tests/lib/python3.10/site-packages/sphinx/application.py", line 357, in build
    self.events.emit('build-finished', None)
  File "/workdir/sphinx-gallery-0.11.1/.tox/cpythonlibtest-unit-test-tests/lib/python3.10/site-packages/sphinx/events.py", line 97, in emit
    results.append(listener.handler(self.app, *args))
  File "/workdir/sphinx-gallery-0.11.1/sphinx_gallery/docs_resolv.py", line 470, in embed_code_links
    _embed_code_links(app, gallery_conf, gallery_dir)
  File "/workdir/sphinx-gallery-0.11.1/sphinx_gallery/docs_resolv.py", line 323, in _embed_code_links
    doc_resolvers[this_module] = SphinxDocLinkResolver(
  File "/workdir/sphinx-gallery-0.11.1/sphinx_gallery/docs_resolv.py", line 182, in __init__
    self._docopts = parse_sphinx_docopts(docopts)
  File "/workdir/sphinx-gallery-0.11.1/sphinx_gallery/docs_resolv.py", line 86, in parse_sphinx_docopts
    raise ExtensionError(
sphinx.errors.ExtensionError: Documentation options could not be found in index.</error></testcase><testcase classname="sphinx_gallery.tests.test_full" name="test_jupyter_notebook_pandoc" time="0.000"><error message="failed on setup with &quot;sphinx.errors.ExtensionError: Documentation options could not be found in index.&quot;">Traceback (most recent call last):
  File "/workdir/sphinx-gallery-0.11.1/.tox/cpythonlibtest-unit-test-tests/lib/python3.10/site-packages/_pytest/runner.py", line 341, in from_call
    result: Optional[TResult] = func()
  File "/workdir/sphinx-gallery-0.11.1/.tox/cpythonlibtest-unit-test-tests/lib/python3.10/site-packages/_pytest/runner.py", line 262, in &lt;lambda&gt;
    lambda: ihook(item=item, **kwds), when=when, reraise=reraise
  File "/workdir/sphinx-gallery-0.11.1/.tox/cpythonlibtest-unit-test-tests/lib/python3.10/site-packages/pluggy/_hooks.py", line 493, in __call__
    return self._hookexec(self.name, self._hookimpls, kwargs, firstresult)
  File "/workdir/sphinx-gallery-0.11.1/.tox/cpythonlibtest-unit-test-tests/lib/python3.10/site-packages/pluggy/_manager.py", line 115, in _hookexec
    return self._inner_hookexec(hook_name, methods, kwargs, firstresult)
  File "/workdir/sphinx-gallery-0.11.1/.tox/cpythonlibtest-unit-test-tests/lib/python3.10/site-packages/pluggy/_callers.py", line 152, in _multicall
    return outcome.get_result()
  File "/workdir/sphinx-gallery-0.11.1/.tox/cpythonlibtest-unit-test-tests/lib/python3.10/site-packages/pluggy/_result.py", line 114, in get_result
    raise exc.with_traceback(exc.__traceback__)
  File "/workdir/sphinx-gallery-0.11.1/.tox/cpythonlibtest-unit-test-tests/lib/python3.10/site-packages/pluggy/_callers.py", line 77, in _multicall
    res = hook_impl.function(*args)
  File "/workdir/sphinx-gallery-0.11.1/.tox/cpythonlibtest-unit-test-tests/lib/python3.10/site-packages/_pytest/runner.py", line 157, in pytest_runtest_setup
    item.session._setupstate.setup(item)
  File "/workdir/sphinx-gallery-0.11.1/.tox/cpythonlibtest-unit-test-tests/lib/python3.10/site-packages/_pytest/runner.py", line 497, in setup
    raise exc
  File "/workdir/sphinx-gallery-0.11.1/.tox/cpythonlibtest-unit-test-tests/lib/python3.10/site-packages/_pytest/runner.py", line 494, in setup
    col.setup()
  File "/workdir/sphinx-gallery-0.11.1/.tox/cpythonlibtest-unit-test-tests/lib/python3.10/site-packages/_pytest/python.py", line 1795, in setup
    self._request._fillfixtures()
  File "/workdir/sphinx-gallery-0.11.1/.tox/cpythonlibtest-unit-test-tests/lib/python3.10/site-packages/_pytest/fixtures.py", line 566, in _fillfixtures
    item.funcargs[argname] = self.getfixturevalue(argname)
  File "/workdir/sphinx-gallery-0.11.1/.tox/cpythonlibtest-unit-test-tests/lib/python3.10/site-packages/_pytest/fixtures.py", line 585, in getfixturevalue
    fixturedef = self._get_active_fixturedef(argname)
  File "/workdir/sphinx-gallery-0.11.1/.tox/cpythonlibtest-unit-test-tests/lib/python3.10/site-packages/_pytest/fixtures.py", line 607, in _get_active_fixturedef
    self._compute_fixture_value(fixturedef)
  File "/workdir/sphinx-gallery-0.11.1/.tox/cpythonlibtest-unit-test-tests/lib/python3.10/site-packages/_pytest/fixtures.py", line 693, in _compute_fixture_value
    fixturedef.execute(request=subrequest)
  File "/workdir/sphinx-gallery-0.11.1/.tox/cpythonlibtest-unit-test-tests/lib/python3.10/site-packages/_pytest/fixtures.py", line 1059, in execute
    raise val.with_traceback(tb)
  File "/workdir/sphinx-gallery-0.11.1/.tox/cpythonlibtest-unit-test-tests/lib/python3.10/site-packages/_pytest/fixtures.py", line 1123, in pytest_fixture_setup
    result = call_fixture_func(fixturefunc, request, kwargs)
  File "/workdir/sphinx-gallery-0.11.1/.tox/cpythonlibtest-unit-test-tests/lib/python3.10/site-packages/_pytest/fixtures.py", line 902, in call_fixture_func
    fixture_result = fixturefunc(**kwargs)
  File "/workdir/sphinx-gallery-0.11.1/sphinx_gallery/tests/test_full.py", line 60, in sphinx_app
    app.build(False, [])
  File "/workdir/sphinx-gallery-0.11.1/.tox/cpythonlibtest-unit-test-tests/lib/python3.10/site-packages/sphinx/application.py", line 357, in build
    self.events.emit('build-finished', None)
  File "/workdir/sphinx-gallery-0.11.1/.tox/cpythonlibtest-unit-test-tests/lib/python3.10/site-packages/sphinx/events.py", line 97, in emit
    results.append(listener.handler(self.app, *args))
  File "/workdir/sphinx-gallery-0.11.1/sphinx_gallery/docs_resolv.py", line 470, in embed_code_links
    _embed_code_links(app, gallery_conf, gallery_dir)
  File "/workdir/sphinx-gallery-0.11.1/sphinx_gallery/docs_resolv.py", line 323, in _embed_code_links
    doc_resolvers[this_module] = SphinxDocLinkResolver(
  File "/workdir/sphinx-gallery-0.11.1/sphinx_gallery/docs_resolv.py", line 182, in __init__
    self._docopts = parse_sphinx_docopts(docopts)
  File "/workdir/sphinx-gallery-0.11.1/sphinx_gallery/docs_resolv.py", line 86, in parse_sphinx_docopts
    raise ExtensionError(
sphinx.errors.ExtensionError: Documentation options could not be found in index.</error></testcase><testcase classname="sphinx_gallery.tests.test_full" name="test_md5_hash" time="0.001"><error message="failed on setup with &quot;sphinx.errors.ExtensionError: Documentation options could not be found in index.&quot;">Traceback (most recent call last):
  File "/workdir/sphinx-gallery-0.11.1/.tox/cpythonlibtest-unit-test-tests/lib/python3.10/site-packages/_pytest/runner.py", line 341, in from_call
    result: Optional[TResult] = func()
  File "/workdir/sphinx-gallery-0.11.1/.tox/cpythonlibtest-unit-test-tests/lib/python3.10/site-packages/_pytest/runner.py", line 262, in &lt;lambda&gt;
    lambda: ihook(item=item, **kwds), when=when, reraise=reraise
  File "/workdir/sphinx-gallery-0.11.1/.tox/cpythonlibtest-unit-test-tests/lib/python3.10/site-packages/pluggy/_hooks.py", line 493, in __call__
    return self._hookexec(self.name, self._hookimpls, kwargs, firstresult)
  File "/workdir/sphinx-gallery-0.11.1/.tox/cpythonlibtest-unit-test-tests/lib/python3.10/site-packages/pluggy/_manager.py", line 115, in _hookexec
    return self._inner_hookexec(hook_name, methods, kwargs, firstresult)
  File "/workdir/sphinx-gallery-0.11.1/.tox/cpythonlibtest-unit-test-tests/lib/python3.10/site-packages/pluggy/_callers.py", line 152, in _multicall
    return outcome.get_result()
  File "/workdir/sphinx-gallery-0.11.1/.tox/cpythonlibtest-unit-test-tests/lib/python3.10/site-packages/pluggy/_result.py", line 114, in get_result
    raise exc.with_traceback(exc.__traceback__)
  File "/workdir/sphinx-gallery-0.11.1/.tox/cpythonlibtest-unit-test-tests/lib/python3.10/site-packages/pluggy/_callers.py", line 77, in _multicall
    res = hook_impl.function(*args)
  File "/workdir/sphinx-gallery-0.11.1/.tox/cpythonlibtest-unit-test-tests/lib/python3.10/site-packages/_pytest/runner.py", line 157, in pytest_runtest_setup
    item.session._setupstate.setup(item)
  File "/workdir/sphinx-gallery-0.11.1/.tox/cpythonlibtest-unit-test-tests/lib/python3.10/site-packages/_pytest/runner.py", line 497, in setup
    raise exc
  File "/workdir/sphinx-gallery-0.11.1/.tox/cpythonlibtest-unit-test-tests/lib/python3.10/site-packages/_pytest/runner.py", line 494, in setup
    col.setup()
  File "/workdir/sphinx-gallery-0.11.1/.tox/cpythonlibtest-unit-test-tests/lib/python3.10/site-packages/_pytest/python.py", line 1795, in setup
    self._request._fillfixtures()
  File "/workdir/sphinx-gallery-0.11.1/.tox/cpythonlibtest-unit-test-tests/lib/python3.10/site-packages/_pytest/fixtures.py", line 566, in _fillfixtures
    item.funcargs[argname] = self.getfixturevalue(argname)
  File "/workdir/sphinx-gallery-0.11.1/.tox/cpythonlibtest-unit-test-tests/lib/python3.10/site-packages/_pytest/fixtures.py", line 585, in getfixturevalue
    fixturedef = self._get_active_fixturedef(argname)
  File "/workdir/sphinx-gallery-0.11.1/.tox/cpythonlibtest-unit-test-tests/lib/python3.10/site-packages/_pytest/fixtures.py", line 607, in _get_active_fixturedef
    self._compute_fixture_value(fixturedef)
  File "/workdir/sphinx-gallery-0.11.1/.tox/cpythonlibtest-unit-test-tests/lib/python3.10/site-packages/_pytest/fixtures.py", line 693, in _compute_fixture_value
    fixturedef.execute(request=subrequest)
  File "/workdir/sphinx-gallery-0.11.1/.tox/cpythonlibtest-unit-test-tests/lib/python3.10/site-packages/_pytest/fixtures.py", line 1059, in execute
    raise val.with_traceback(tb)
  File "/workdir/sphinx-gallery-0.11.1/.tox/cpythonlibtest-unit-test-tests/lib/python3.10/site-packages/_pytest/fixtures.py", line 1123, in pytest_fixture_setup
    result = call_fixture_func(fixturefunc, request, kwargs)
  File "/workdir/sphinx-gallery-0.11.1/.tox/cpythonlibtest-unit-test-tests/lib/python3.10/site-packages/_pytest/fixtures.py", line 902, in call_fixture_func
    fixture_result = fixturefunc(**kwargs)
  File "/workdir/sphinx-gallery-0.11.1/sphinx_gallery/tests/test_full.py", line 60, in sphinx_app
    app.build(False, [])
  File "/workdir/sphinx-gallery-0.11.1/.tox/cpythonlibtest-unit-test-tests/lib/python3.10/site-packages/sphinx/application.py", line 357, in build
    self.events.emit('build-finished', None)
  File "/workdir/sphinx-gallery-0.11.1/.tox/cpythonlibtest-unit-test-tests/lib/python3.10/site-packages/sphinx/events.py", line 97, in emit
    results.append(listener.handler(self.app, *args))
  File "/workdir/sphinx-gallery-0.11.1/sphinx_gallery/docs_resolv.py", line 470, in embed_code_links
    _embed_code_links(app, gallery_conf, gallery_dir)
  File "/workdir/sphinx-gallery-0.11.1/sphinx_gallery/docs_resolv.py", line 323, in _embed_code_links
    doc_resolvers[this_module] = SphinxDocLinkResolver(
  File "/workdir/sphinx-gallery-0.11.1/sphinx_gallery/docs_resolv.py", line 182, in __init__
    self._docopts = parse_sphinx_docopts(docopts)
  File "/workdir/sphinx-gallery-0.11.1/sphinx_gallery/docs_resolv.py", line 86, in parse_sphinx_docopts
    raise ExtensionError(
sphinx.errors.ExtensionError: Documentation options could not be found in index.</error></testcase><testcase classname="sphinx_gallery.tests.test_full" name="test_binder_logo_exists" time="0.001"><error message="failed on setup with &quot;sphinx.errors.ExtensionError: Documentation options could not be found in index.&quot;">Traceback (most recent call last):
  File "/workdir/sphinx-gallery-0.11.1/.tox/cpythonlibtest-unit-test-tests/lib/python3.10/site-packages/_pytest/runner.py", line 341, in from_call
    result: Optional[TResult] = func()
  File "/workdir/sphinx-gallery-0.11.1/.tox/cpythonlibtest-unit-test-tests/lib/python3.10/site-packages/_pytest/runner.py", line 262, in &lt;lambda&gt;
    lambda: ihook(item=item, **kwds), when=when, reraise=reraise
  File "/workdir/sphinx-gallery-0.11.1/.tox/cpythonlibtest-unit-test-tests/lib/python3.10/site-packages/pluggy/_hooks.py", line 493, in __call__
    return self._hookexec(self.name, self._hookimpls, kwargs, firstresult)
  File "/workdir/sphinx-gallery-0.11.1/.tox/cpythonlibtest-unit-test-tests/lib/python3.10/site-packages/pluggy/_manager.py", line 115, in _hookexec
    return self._inner_hookexec(hook_name, methods, kwargs, firstresult)
  File "/workdir/sphinx-gallery-0.11.1/.tox/cpythonlibtest-unit-test-tests/lib/python3.10/site-packages/pluggy/_callers.py", line 152, in _multicall
    return outcome.get_result()
  File "/workdir/sphinx-gallery-0.11.1/.tox/cpythonlibtest-unit-test-tests/lib/python3.10/site-packages/pluggy/_result.py", line 114, in get_result
    raise exc.with_traceback(exc.__traceback__)
  File "/workdir/sphinx-gallery-0.11.1/.tox/cpythonlibtest-unit-test-tests/lib/python3.10/site-packages/pluggy/_callers.py", line 77, in _multicall
    res = hook_impl.function(*args)
  File "/workdir/sphinx-gallery-0.11.1/.tox/cpythonlibtest-unit-test-tests/lib/python3.10/site-packages/_pytest/runner.py", line 157, in pytest_runtest_setup
    item.session._setupstate.setup(item)
  File "/workdir/sphinx-gallery-0.11.1/.tox/cpythonlibtest-unit-test-tests/lib/python3.10/site-packages/_pytest/runner.py", line 497, in setup
    raise exc
  File "/workdir/sphinx-gallery-0.11.1/.tox/cpythonlibtest-unit-test-tests/lib/python3.10/site-packages/_pytest/runner.py", line 494, in setup
    col.setup()
  File "/workdir/sphinx-gallery-0.11.1/.tox/cpythonlibtest-unit-test-tests/lib/python3.10/site-packages/_pytest/python.py", line 1795, in setup
    self._request._fillfixtures()
  File "/workdir/sphinx-gallery-0.11.1/.tox/cpythonlibtest-unit-test-tests/lib/python3.10/site-packages/_pytest/fixtures.py", line 566, in _fillfixtures
    item.funcargs[argname] = self.getfixturevalue(argname)
  File "/workdir/sphinx-gallery-0.11.1/.tox/cpythonlibtest-unit-test-tests/lib/python3.10/site-packages/_pytest/fixtures.py", line 585, in getfixturevalue
    fixturedef = self._get_active_fixturedef(argname)
  File "/workdir/sphinx-gallery-0.11.1/.tox/cpythonlibtest-unit-test-tests/lib/python3.10/site-packages/_pytest/fixtures.py", line 607, in _get_active_fixturedef
    self._compute_fixture_value(fixturedef)
  File "/workdir/sphinx-gallery-0.11.1/.tox/cpythonlibtest-unit-test-tests/lib/python3.10/site-packages/_pytest/fixtures.py", line 693, in _compute_fixture_value
    fixturedef.execute(request=subrequest)
  File "/workdir/sphinx-gallery-0.11.1/.tox/cpythonlibtest-unit-test-tests/lib/python3.10/site-packages/_pytest/fixtures.py", line 1059, in execute
    raise val.with_traceback(tb)
  File "/workdir/sphinx-gallery-0.11.1/.tox/cpythonlibtest-unit-test-tests/lib/python3.10/site-packages/_pytest/fixtures.py", line 1123, in pytest_fixture_setup
    result = call_fixture_func(fixturefunc, request, kwargs)
  File "/workdir/sphinx-gallery-0.11.1/.tox/cpythonlibtest-unit-test-tests/lib/python3.10/site-packages/_pytest/fixtures.py", line 902, in call_fixture_func
    fixture_result = fixturefunc(**kwargs)
  File "/workdir/sphinx-gallery-0.11.1/sphinx_gallery/tests/test_full.py", line 60, in sphinx_app
    app.build(False, [])
  File "/workdir/sphinx-gallery-0.11.1/.tox/cpythonlibtest-unit-test-tests/lib/python3.10/site-packages/sphinx/application.py", line 357, in build
    self.events.emit('build-finished', None)
  File "/workdir/sphinx-gallery-0.11.1/.tox/cpythonlibtest-unit-test-tests/lib/python3.10/site-packages/sphinx/events.py", line 97, in emit
    results.append(listener.handler(self.app, *args))
  File "/workdir/sphinx-gallery-0.11.1/sphinx_gallery/docs_resolv.py", line 470, in embed_code_links
    _embed_code_links(app, gallery_conf, gallery_dir)
  File "/workdir/sphinx-gallery-0.11.1/sphinx_gallery/docs_resolv.py", line 323, in _embed_code_links
    doc_resolvers[this_module] = SphinxDocLinkResolver(
  File "/workdir/sphinx-gallery-0.11.1/sphinx_gallery/docs_resolv.py", line 182, in __init__
    self._docopts = parse_sphinx_docopts(docopts)
  File "/workdir/sphinx-gallery-0.11.1/sphinx_gallery/docs_resolv.py", line 86, in parse_sphinx_docopts
    raise ExtensionError(
sphinx.errors.ExtensionError: Documentation options could not be found in index.</error></testcase><testcase classname="sphinx_gallery.tests.test_full" name="test_defer_figures" time="0.001"><error message="failed on setup with &quot;sphinx.errors.ExtensionError: Documentation options could not be found in index.&quot;">Traceback (most recent call last):
  File "/workdir/sphinx-gallery-0.11.1/.tox/cpythonlibtest-unit-test-tests/lib/python3.10/site-packages/_pytest/runner.py", line 341, in from_call
    result: Optional[TResult] = func()
  File "/workdir/sphinx-gallery-0.11.1/.tox/cpythonlibtest-unit-test-tests/lib/python3.10/site-packages/_pytest/runner.py", line 262, in &lt;lambda&gt;
    lambda: ihook(item=item, **kwds), when=when, reraise=reraise
  File "/workdir/sphinx-gallery-0.11.1/.tox/cpythonlibtest-unit-test-tests/lib/python3.10/site-packages/pluggy/_hooks.py", line 493, in __call__
    return self._hookexec(self.name, self._hookimpls, kwargs, firstresult)
  File "/workdir/sphinx-gallery-0.11.1/.tox/cpythonlibtest-unit-test-tests/lib/python3.10/site-packages/pluggy/_manager.py", line 115, in _hookexec
    return self._inner_hookexec(hook_name, methods, kwargs, firstresult)
  File "/workdir/sphinx-gallery-0.11.1/.tox/cpythonlibtest-unit-test-tests/lib/python3.10/site-packages/pluggy/_callers.py", line 152, in _multicall
    return outcome.get_result()
  File "/workdir/sphinx-gallery-0.11.1/.tox/cpythonlibtest-unit-test-tests/lib/python3.10/site-packages/pluggy/_result.py", line 114, in get_result
    raise exc.with_traceback(exc.__traceback__)
  File "/workdir/sphinx-gallery-0.11.1/.tox/cpythonlibtest-unit-test-tests/lib/python3.10/site-packages/pluggy/_callers.py", line 77, in _multicall
    res = hook_impl.function(*args)
  File "/workdir/sphinx-gallery-0.11.1/.tox/cpythonlibtest-unit-test-tests/lib/python3.10/site-packages/_pytest/runner.py", line 157, in pytest_runtest_setup
    item.session._setupstate.setup(item)
  File "/workdir/sphinx-gallery-0.11.1/.tox/cpythonlibtest-unit-test-tests/lib/python3.10/site-packages/_pytest/runner.py", line 497, in setup
    raise exc
  File "/workdir/sphinx-gallery-0.11.1/.tox/cpythonlibtest-unit-test-tests/lib/python3.10/site-packages/_pytest/runner.py", line 494, in setup
    col.setup()
  File "/workdir/sphinx-gallery-0.11.1/.tox/cpythonlibtest-unit-test-tests/lib/python3.10/site-packages/_pytest/python.py", line 1795, in setup
    self._request._fillfixtures()
  File "/workdir/sphinx-gallery-0.11.1/.tox/cpythonlibtest-unit-test-tests/lib/python3.10/site-packages/_pytest/fixtures.py", line 566, in _fillfixtures
    item.funcargs[argname] = self.getfixturevalue(argname)
  File "/workdir/sphinx-gallery-0.11.1/.tox/cpythonlibtest-unit-test-tests/lib/python3.10/site-packages/_pytest/fixtures.py", line 585, in getfixturevalue
    fixturedef = self._get_active_fixturedef(argname)
  File "/workdir/sphinx-gallery-0.11.1/.tox/cpythonlibtest-unit-test-tests/lib/python3.10/site-packages/_pytest/fixtures.py", line 607, in _get_active_fixturedef
    self._compute_fixture_value(fixturedef)
  File "/workdir/sphinx-gallery-0.11.1/.tox/cpythonlibtest-unit-test-tests/lib/python3.10/site-packages/_pytest/fixtures.py", line 693, in _compute_fixture_value
    fixturedef.execute(request=subrequest)
  File "/workdir/sphinx-gallery-0.11.1/.tox/cpythonlibtest-unit-test-tests/lib/python3.10/site-packages/_pytest/fixtures.py", line 1059, in execute
    raise val.with_traceback(tb)
  File "/workdir/sphinx-gallery-0.11.1/.tox/cpythonlibtest-unit-test-tests/lib/python3.10/site-packages/_pytest/fixtures.py", line 1123, in pytest_fixture_setup
    result = call_fixture_func(fixturefunc, request, kwargs)
  File "/workdir/sphinx-gallery-0.11.1/.tox/cpythonlibtest-unit-test-tests/lib/python3.10/site-packages/_pytest/fixtures.py", line 902, in call_fixture_func
    fixture_result = fixturefunc(**kwargs)
  File "/workdir/sphinx-gallery-0.11.1/sphinx_gallery/tests/test_full.py", line 60, in sphinx_app
    app.build(False, [])
  File "/workdir/sphinx-gallery-0.11.1/.tox/cpythonlibtest-unit-test-tests/lib/python3.10/site-packages/sphinx/application.py", line 357, in build
    self.events.emit('build-finished', None)
  File "/workdir/sphinx-gallery-0.11.1/.tox/cpythonlibtest-unit-test-tests/lib/python3.10/site-packages/sphinx/events.py", line 97, in emit
    results.append(listener.handler(self.app, *args))
  File "/workdir/sphinx-gallery-0.11.1/sphinx_gallery/docs_resolv.py", line 470, in embed_code_links
    _embed_code_links(app, gallery_conf, gallery_dir)
  File "/workdir/sphinx-gallery-0.11.1/sphinx_gallery/docs_resolv.py", line 323, in _embed_code_links
    doc_resolvers[this_module] = SphinxDocLinkResolver(
  File "/workdir/sphinx-gallery-0.11.1/sphinx_gallery/docs_resolv.py", line 182, in __init__
    self._docopts = parse_sphinx_docopts(docopts)
  File "/workdir/sphinx-gallery-0.11.1/sphinx_gallery/docs_resolv.py", line 86, in parse_sphinx_docopts
    raise ExtensionError(
sphinx.errors.ExtensionError: Documentation options could not be found in index.</error></testcase><testcase classname="sphinx_gallery.tests.test_full" name="test_no_dummy_image" time="0.001"><error message="failed on setup with &quot;sphinx.errors.ExtensionError: Documentation options could not be found in index.&quot;">Traceback (most recent call last):
  File "/workdir/sphinx-gallery-0.11.1/.tox/cpythonlibtest-unit-test-tests/lib/python3.10/site-packages/_pytest/runner.py", line 341, in from_call
    result: Optional[TResult] = func()
  File "/workdir/sphinx-gallery-0.11.1/.tox/cpythonlibtest-unit-test-tests/lib/python3.10/site-packages/_pytest/runner.py", line 262, in &lt;lambda&gt;
    lambda: ihook(item=item, **kwds), when=when, reraise=reraise
  File "/workdir/sphinx-gallery-0.11.1/.tox/cpythonlibtest-unit-test-tests/lib/python3.10/site-packages/pluggy/_hooks.py", line 493, in __call__
    return self._hookexec(self.name, self._hookimpls, kwargs, firstresult)
  File "/workdir/sphinx-gallery-0.11.1/.tox/cpythonlibtest-unit-test-tests/lib/python3.10/site-packages/pluggy/_manager.py", line 115, in _hookexec
    return self._inner_hookexec(hook_name, methods, kwargs, firstresult)
  File "/workdir/sphinx-gallery-0.11.1/.tox/cpythonlibtest-unit-test-tests/lib/python3.10/site-packages/pluggy/_callers.py", line 152, in _multicall
    return outcome.get_result()
  File "/workdir/sphinx-gallery-0.11.1/.tox/cpythonlibtest-unit-test-tests/lib/python3.10/site-packages/pluggy/_result.py", line 114, in get_result
    raise exc.with_traceback(exc.__traceback__)
  File "/workdir/sphinx-gallery-0.11.1/.tox/cpythonlibtest-unit-test-tests/lib/python3.10/site-packages/pluggy/_callers.py", line 77, in _multicall
    res = hook_impl.function(*args)
  File "/workdir/sphinx-gallery-0.11.1/.tox/cpythonlibtest-unit-test-tests/lib/python3.10/site-packages/_pytest/runner.py", line 157, in pytest_runtest_setup
    item.session._setupstate.setup(item)
  File "/workdir/sphinx-gallery-0.11.1/.tox/cpythonlibtest-unit-test-tests/lib/python3.10/site-packages/_pytest/runner.py", line 497, in setup
    raise exc
  File "/workdir/sphinx-gallery-0.11.1/.tox/cpythonlibtest-unit-test-tests/lib/python3.10/site-packages/_pytest/runner.py", line 494, in setup
    col.setup()
  File "/workdir/sphinx-gallery-0.11.1/.tox/cpythonlibtest-unit-test-tests/lib/python3.10/site-packages/_pytest/python.py", line 1795, in setup
    self._request._fillfixtures()
  File "/workdir/sphinx-gallery-0.11.1/.tox/cpythonlibtest-unit-test-tests/lib/python3.10/site-packages/_pytest/fixtures.py", line 566, in _fillfixtures
    item.funcargs[argname] = self.getfixturevalue(argname)
  File "/workdir/sphinx-gallery-0.11.1/.tox/cpythonlibtest-unit-test-tests/lib/python3.10/site-packages/_pytest/fixtures.py", line 585, in getfixturevalue
    fixturedef = self._get_active_fixturedef(argname)
  File "/workdir/sphinx-gallery-0.11.1/.tox/cpythonlibtest-unit-test-tests/lib/python3.10/site-packages/_pytest/fixtures.py", line 607, in _get_active_fixturedef
    self._compute_fixture_value(fixturedef)
  File "/workdir/sphinx-gallery-0.11.1/.tox/cpythonlibtest-unit-test-tests/lib/python3.10/site-packages/_pytest/fixtures.py", line 693, in _compute_fixture_value
    fixturedef.execute(request=subrequest)
  File "/workdir/sphinx-gallery-0.11.1/.tox/cpythonlibtest-unit-test-tests/lib/python3.10/site-packages/_pytest/fixtures.py", line 1059, in execute
    raise val.with_traceback(tb)
  File "/workdir/sphinx-gallery-0.11.1/.tox/cpythonlibtest-unit-test-tests/lib/python3.10/site-packages/_pytest/fixtures.py", line 1123, in pytest_fixture_setup
    result = call_fixture_func(fixturefunc, request, kwargs)
  File "/workdir/sphinx-gallery-0.11.1/.tox/cpythonlibtest-unit-test-tests/lib/python3.10/site-packages/_pytest/fixtures.py", line 902, in call_fixture_func
    fixture_result = fixturefunc(**kwargs)
  File "/workdir/sphinx-gallery-0.11.1/sphinx_gallery/tests/test_full.py", line 60, in sphinx_app
    app.build(False, [])
  File "/workdir/sphinx-gallery-0.11.1/.tox/cpythonlibtest-unit-test-tests/lib/python3.10/site-packages/sphinx/application.py", line 357, in build
    self.events.emit('build-finished', None)
  File "/workdir/sphinx-gallery-0.11.1/.tox/cpythonlibtest-unit-test-tests/lib/python3.10/site-packages/sphinx/events.py", line 97, in emit
    results.append(listener.handler(self.app, *args))
  File "/workdir/sphinx-gallery-0.11.1/sphinx_gallery/docs_resolv.py", line 470, in embed_code_links
    _embed_code_links(app, gallery_conf, gallery_dir)
  File "/workdir/sphinx-gallery-0.11.1/sphinx_gallery/docs_resolv.py", line 323, in _embed_code_links
    doc_resolvers[this_module] = SphinxDocLinkResolver(
  File "/workdir/sphinx-gallery-0.11.1/sphinx_gallery/docs_resolv.py", line 182, in __init__
    self._docopts = parse_sphinx_docopts(docopts)
  File "/workdir/sphinx-gallery-0.11.1/sphinx_gallery/docs_resolv.py", line 86, in parse_sphinx_docopts
    raise ExtensionError(
sphinx.errors.ExtensionError: Documentation options could not be found in index.</error></testcase><testcase classname="sphinx_gallery.tests.test_full_noexec" name="test_dummy_image" time="3.001"><error message="failed on setup with &quot;sphinx.errors.ExtensionError: Documentation options could not be found in index.&quot;">Traceback (most recent call last):
  File "/workdir/sphinx-gallery-0.11.1/.tox/cpythonlibtest-unit-test-tests/lib/python3.10/site-packages/_pytest/runner.py", line 341, in from_call
    result: Optional[TResult] = func()
  File "/workdir/sphinx-gallery-0.11.1/.tox/cpythonlibtest-unit-test-tests/lib/python3.10/site-packages/_pytest/runner.py", line 262, in &lt;lambda&gt;
    lambda: ihook(item=item, **kwds), when=when, reraise=reraise
  File "/workdir/sphinx-gallery-0.11.1/.tox/cpythonlibtest-unit-test-tests/lib/python3.10/site-packages/pluggy/_hooks.py", line 493, in __call__
    return self._hookexec(self.name, self._hookimpls, kwargs, firstresult)
  File "/workdir/sphinx-gallery-0.11.1/.tox/cpythonlibtest-unit-test-tests/lib/python3.10/site-packages/pluggy/_manager.py", line 115, in _hookexec
    return self._inner_hookexec(hook_name, methods, kwargs, firstresult)
  File "/workdir/sphinx-gallery-0.11.1/.tox/cpythonlibtest-unit-test-tests/lib/python3.10/site-packages/pluggy/_callers.py", line 152, in _multicall
    return outcome.get_result()
  File "/workdir/sphinx-gallery-0.11.1/.tox/cpythonlibtest-unit-test-tests/lib/python3.10/site-packages/pluggy/_result.py", line 114, in get_result
    raise exc.with_traceback(exc.__traceback__)
  File "/workdir/sphinx-gallery-0.11.1/.tox/cpythonlibtest-unit-test-tests/lib/python3.10/site-packages/pluggy/_callers.py", line 77, in _multicall
    res = hook_impl.function(*args)
  File "/workdir/sphinx-gallery-0.11.1/.tox/cpythonlibtest-unit-test-tests/lib/python3.10/site-packages/_pytest/runner.py", line 157, in pytest_runtest_setup
    item.session._setupstate.setup(item)
  File "/workdir/sphinx-gallery-0.11.1/.tox/cpythonlibtest-unit-test-tests/lib/python3.10/site-packages/_pytest/runner.py", line 497, in setup
    raise exc
  File "/workdir/sphinx-gallery-0.11.1/.tox/cpythonlibtest-unit-test-tests/lib/python3.10/site-packages/_pytest/runner.py", line 494, in setup
    col.setup()
  File "/workdir/sphinx-gallery-0.11.1/.tox/cpythonlibtest-unit-test-tests/lib/python3.10/site-packages/_pytest/python.py", line 1795, in setup
    self._request._fillfixtures()
  File "/workdir/sphinx-gallery-0.11.1/.tox/cpythonlibtest-unit-test-tests/lib/python3.10/site-packages/_pytest/fixtures.py", line 566, in _fillfixtures
    item.funcargs[argname] = self.getfixturevalue(argname)
  File "/workdir/sphinx-gallery-0.11.1/.tox/cpythonlibtest-unit-test-tests/lib/python3.10/site-packages/_pytest/fixtures.py", line 585, in getfixturevalue
    fixturedef = self._get_active_fixturedef(argname)
  File "/workdir/sphinx-gallery-0.11.1/.tox/cpythonlibtest-unit-test-tests/lib/python3.10/site-packages/_pytest/fixtures.py", line 607, in _get_active_fixturedef
    self._compute_fixture_value(fixturedef)
  File "/workdir/sphinx-gallery-0.11.1/.tox/cpythonlibtest-unit-test-tests/lib/python3.10/site-packages/_pytest/fixtures.py", line 693, in _compute_fixture_value
    fixturedef.execute(request=subrequest)
  File "/workdir/sphinx-gallery-0.11.1/.tox/cpythonlibtest-unit-test-tests/lib/python3.10/site-packages/_pytest/fixtures.py", line 1069, in execute
    result = ihook.pytest_fixture_setup(fixturedef=self, request=request)
  File "/workdir/sphinx-gallery-0.11.1/.tox/cpythonlibtest-unit-test-tests/lib/python3.10/site-packages/pluggy/_hooks.py", line 493, in __call__
    return self._hookexec(self.name, self._hookimpls, kwargs, firstresult)
  File "/workdir/sphinx-gallery-0.11.1/.tox/cpythonlibtest-unit-test-tests/lib/python3.10/site-packages/pluggy/_manager.py", line 115, in _hookexec
    return self._inner_hookexec(hook_name, methods, kwargs, firstresult)
  File "/workdir/sphinx-gallery-0.11.1/.tox/cpythonlibtest-unit-test-tests/lib/python3.10/site-packages/pluggy/_callers.py", line 152, in _multicall
    return outcome.get_result()
  File "/workdir/sphinx-gallery-0.11.1/.tox/cpythonlibtest-unit-test-tests/lib/python3.10/site-packages/pluggy/_result.py", line 114, in get_result
    raise exc.with_traceback(exc.__traceback__)
  File "/workdir/sphinx-gallery-0.11.1/.tox/cpythonlibtest-unit-test-tests/lib/python3.10/site-packages/pluggy/_callers.py", line 77, in _multicall
    res = hook_impl.function(*args)
  File "/workdir/sphinx-gallery-0.11.1/.tox/cpythonlibtest-unit-test-tests/lib/python3.10/site-packages/_pytest/fixtures.py", line 1123, in pytest_fixture_setup
    result = call_fixture_func(fixturefunc, request, kwargs)
  File "/workdir/sphinx-gallery-0.11.1/.tox/cpythonlibtest-unit-test-tests/lib/python3.10/site-packages/_pytest/fixtures.py", line 902, in call_fixture_func
    fixture_result = fixturefunc(**kwargs)
  File "/workdir/sphinx-gallery-0.11.1/sphinx_gallery/tests/test_full_noexec.py", line 41, in sphinx_app
    app.build(False, [])
  File "/workdir/sphinx-gallery-0.11.1/.tox/cpythonlibtest-unit-test-tests/lib/python3.10/site-packages/sphinx/application.py", line 357, in build
    self.events.emit('build-finished', None)
  File "/workdir/sphinx-gallery-0.11.1/.tox/cpythonlibtest-unit-test-tests/lib/python3.10/site-packages/sphinx/events.py", line 97, in emit
    results.append(listener.handler(self.app, *args))
  File "/workdir/sphinx-gallery-0.11.1/sphinx_gallery/docs_resolv.py", line 470, in embed_code_links
    _embed_code_links(app, gallery_conf, gallery_dir)
  File "/workdir/sphinx-gallery-0.11.1/sphinx_gallery/docs_resolv.py", line 323, in _embed_code_links
    doc_resolvers[this_module] = SphinxDocLinkResolver(
  File "/workdir/sphinx-gallery-0.11.1/sphinx_gallery/docs_resolv.py", line 182, in __init__
    self._docopts = parse_sphinx_docopts(docopts)
  File "/workdir/sphinx-gallery-0.11.1/sphinx_gallery/docs_resolv.py", line 86, in parse_sphinx_docopts
    raise ExtensionError(
sphinx.errors.ExtensionError: Documentation options could not be found in index.</error></testcase><testcase classname="sphinx_gallery.tests.test_gen_gallery" name="test_bad_config" time="0.003" /><testcase classname="sphinx_gallery.tests.test_gen_gallery" name="test_bad_builder" time="0.027" /><testcase classname="sphinx_gallery.tests.test_gen_gallery" name="test_default_config" time="0.309" /><testcase classname="sphinx_gallery.tests.test_gen_gallery" name="test_no_warning_simple_config" time="0.276" /><testcase classname="sphinx_gallery.tests.test_gen_gallery" name="test_bad_reset[Resetter unknown]" time="0.025" /><testcase classname="sphinx_gallery.tests.test_gen_gallery" name="test_bad_reset[Resetter not callable]" time="0.026" /><testcase classname="sphinx_gallery.tests.test_gen_gallery" name="test_bad_reset_modules_order[Resetter unknown]" time="0.027" /><testcase classname="sphinx_gallery.tests.test_gen_gallery" name="test_bad_reset_modules_order[reset_modules_order not valid]" time="0.029" /><testcase classname="sphinx_gallery.tests.test_gen_gallery" name="test_bad_css[CSS str error]" time="0.030" /><testcase classname="sphinx_gallery.tests.test_gen_gallery" name="test_bad_css[CSS type error]" time="0.029" /><testcase classname="sphinx_gallery.tests.test_gen_gallery" name="test_config_backreferences" time="0.298" /><testcase classname="sphinx_gallery.tests.test_gen_gallery" name="test_duplicate_files_warn" time="0.300" /><testcase classname="sphinx_gallery.tests.test_gen_gallery" name="test_spaces_in_files_warn" time="0.323" /><testcase classname="sphinx_gallery.tests.test_gen_gallery" name="test_example_sorting_default" time="0.278" /><testcase classname="sphinx_gallery.tests.test_gen_gallery" name="test_example_sorting_filesize" time="0.290" /><testcase classname="sphinx_gallery.tests.test_gen_gallery" name="test_example_sorting_filename" time="0.277" /><testcase classname="sphinx_gallery.tests.test_gen_gallery" name="test_example_sorting_title" time="0.282" /><testcase classname="sphinx_gallery.tests.test_gen_gallery" name="test_collect_gallery_files" time="0.005" /><testcase classname="sphinx_gallery.tests.test_gen_gallery" name="test_collect_gallery_files_ignore_pattern" time="0.003" /><testcase classname="sphinx_gallery.tests.test_gen_gallery" name="test_binder_copy_files" time="0.303" /><testcase classname="sphinx_gallery.tests.test_gen_gallery" name="test_failing_examples_raise_exception" time="0.557" /><testcase classname="sphinx_gallery.tests.test_gen_gallery" name="test_expected_failing_examples_were_executed" time="0.405" /><testcase classname="sphinx_gallery.tests.test_gen_gallery" name="test_only_warn_on_example_error" time="0.607" /><testcase classname="sphinx_gallery.tests.test_gen_gallery" name="test_only_warn_on_example_error_sphinx_warning" time="0.324" /><testcase classname="sphinx_gallery.tests.test_gen_gallery" name="test_examples_not_expected_to_pass" time="0.586" /><testcase classname="sphinx_gallery.tests.test_gen_gallery" name="test_show_memory_callable" time="0.570" /><testcase classname="sphinx_gallery.tests.test_gen_gallery" name="test_first_notebook_cell_config" time="0.026" /><testcase classname="sphinx_gallery.tests.test_gen_gallery" name="test_last_notebook_cell_config" time="0.027" /><testcase classname="sphinx_gallery.tests.test_gen_gallery" name="test_backreferences_dir_config" time="0.026" /><testcase classname="sphinx_gallery.tests.test_gen_gallery" name="test_backreferences_dir_pathlib_config" time="0.354" /><testcase classname="sphinx_gallery.tests.test_gen_gallery" name="test_write_computation_times_noop" time="0.001" /><testcase classname="sphinx_gallery.tests.test_gen_gallery" name="test_pypandoc_config_list" time="0.027" /><testcase classname="sphinx_gallery.tests.test_gen_gallery" name="test_pypandoc_config_keys" time="0.027" /><testcase classname="sphinx_gallery.tests.test_gen_rst" name="test_split_code_and_text_blocks" time="0.001" /><testcase classname="sphinx_gallery.tests.test_gen_rst" name="test_bug_cases_of_notebook_syntax" time="0.001" /><testcase classname="sphinx_gallery.tests.test_gen_rst" name="test_direct_comment_after_docstring" time="0.001" /><testcase classname="sphinx_gallery.tests.test_gen_rst" name="test_final_rst_last_word" time="0.002" /><testcase classname="sphinx_gallery.tests.test_gen_rst" name="test_rst_block_after_docstring" time="0.004" /><testcase classname="sphinx_gallery.tests.test_gen_rst" name="test_rst_empty_code_block" time="0.089" /><testcase classname="sphinx_gallery.tests.test_gen_rst" name="test_script_vars_globals" time="0.086" /><testcase classname="sphinx_gallery.tests.test_gen_rst" name="test_codestr2rst" time="0.001" /><testcase classname="sphinx_gallery.tests.test_gen_rst" name="test_extract_intro_and_title" time="0.001" /><testcase classname="sphinx_gallery.tests.test_gen_rst" name="test_md5sums[b-a546be453c8f436e744838a4801bd3a0]" time="0.001" /><testcase classname="sphinx_gallery.tests.test_gen_rst" name="test_md5sums[t-ea8a570e9f3afc0a7c3f2a17a48b8047]" time="0.001" /><testcase classname="sphinx_gallery.tests.test_gen_rst" name="test_fail_example[failing_code0-not defined]" time="0.108" /><testcase classname="sphinx_gallery.tests.test_gen_rst" name="test_fail_example[failing_code1-Cannot use input]" time="0.107" /><testcase classname="sphinx_gallery.tests.test_gen_rst" name="test_fail_example[failing_code2-invalid syntax]" time="0.104" /><testcase classname="sphinx_gallery.tests.test_gen_rst" name="test_custom_scraper_thumbnail_alpha" time="0.215" /><testcase classname="sphinx_gallery.tests.test_gen_rst" name="test_remove_config_comments" time="0.019" /><testcase classname="sphinx_gallery.tests.test_gen_rst" name="test_remove_ignore_blocks" time="0.017" /><testcase classname="sphinx_gallery.tests.test_gen_rst" name="test_dummy_image_error" time="0.006" /><testcase classname="sphinx_gallery.tests.test_gen_rst" name="test_final_empty_block" time="0.017" /><testcase classname="sphinx_gallery.tests.test_gen_rst" name="test_download_link_note_only_html" time="0.018" /><testcase classname="sphinx_gallery.tests.test_gen_rst" name="test_download_link_classes" time="0.019" /><testcase classname="sphinx_gallery.tests.test_gen_rst" name="test_exclude_implicit[exclude nothing (default)]" time="0.018" /><testcase classname="sphinx_gallery.tests.test_gen_rst" name="test_exclude_implicit[exclude anything (explicit backreferences only)]" time="0.016" /><testcase classname="sphinx_gallery.tests.test_gen_rst" name="test_exclude_implicit[explicit backref not shadowed by implicit one]" time="0.017" /><testcase classname="sphinx_gallery.tests.test_gen_rst" name="test_exclude_implicit[exclude implicit backref]" time="0.017" /><testcase classname="sphinx_gallery.tests.test_gen_rst" name="test_gen_dir_rst[.txt]" time="0.004" /><testcase classname="sphinx_gallery.tests.test_gen_rst" name="test_gen_dir_rst[.rst]" time="0.004" /><testcase classname="sphinx_gallery.tests.test_gen_rst" name="test_gen_dir_rst[.bad]" time="0.004" /><testcase classname="sphinx_gallery.tests.test_gen_rst" name="test_pattern_matching" time="0.123" /><testcase classname="sphinx_gallery.tests.test_gen_rst" name="test_thumbnail_number[# sphinx_gallery_thumbnail_number= 2]" time="0.001" /><testcase classname="sphinx_gallery.tests.test_gen_rst" name="test_thumbnail_number[# sphinx_gallery_thumbnail_number=2]" time="0.001" /><testcase classname="sphinx_gallery.tests.test_gen_rst" name="test_thumbnail_number[#sphinx_gallery_thumbnail_number = 2]" time="0.001" /><testcase classname="sphinx_gallery.tests.test_gen_rst" name="test_thumbnail_number[    # sphinx_gallery_thumbnail_number=2]" time="0.001" /><testcase classname="sphinx_gallery.tests.test_gen_rst" name="test_thumbnail_path[# sphinx_gallery_thumbnail_path= '_static/demo.png']" time="0.001" /><testcase classname="sphinx_gallery.tests.test_gen_rst" name="test_thumbnail_path[# sphinx_gallery_thumbnail_path='_static/demo.png']" time="0.001" /><testcase classname="sphinx_gallery.tests.test_gen_rst" name="test_thumbnail_path[#sphinx_gallery_thumbnail_path = '_static/demo.png']" time="0.001" /><testcase classname="sphinx_gallery.tests.test_gen_rst" name="test_thumbnail_path[    # sphinx_gallery_thumbnail_path='_static/demo.png']" time="0.001" /><testcase classname="sphinx_gallery.tests.test_gen_rst" name="test_zip_notebooks" time="0.009" /><testcase classname="sphinx_gallery.tests.test_gen_rst" name="test_rst_example" time="0.004" /><testcase classname="sphinx_gallery.tests.test_gen_rst" name="test_output_indentation" time="0.004" /><testcase classname="sphinx_gallery.tests.test_gen_rst" name="test_output_no_ansi" time="0.004" /><testcase classname="sphinx_gallery.tests.test_gen_rst" name="test_absl_logging" time="0.018" /><testcase classname="sphinx_gallery.tests.test_gen_rst" name="test_empty_output_box" time="0.004" /><testcase classname="sphinx_gallery.tests.test_gen_rst" name="test_capture_repr[assign,()]" time="0.004" /><testcase classname="sphinx_gallery.tests.test_gen_rst" name="test_capture_repr[var,()]" time="0.004" /><testcase classname="sphinx_gallery.tests.test_gen_rst" name="test_capture_repr[print(var),()]" time="0.004" /><testcase classname="sphinx_gallery.tests.test_gen_rst" name="test_capture_repr[print+var,()]" time="0.005" /><testcase classname="sphinx_gallery.tests.test_gen_rst" name="test_capture_repr[assign,(repr)]" time="0.004" /><testcase classname="sphinx_gallery.tests.test_gen_rst" name="test_capture_repr[var,(repr)]" time="0.004" /><testcase classname="sphinx_gallery.tests.test_gen_rst" name="test_capture_repr[print(var),(repr)]" time="0.004" /><testcase classname="sphinx_gallery.tests.test_gen_rst" name="test_capture_repr[print+var,(repr)]" time="0.004" /><testcase classname="sphinx_gallery.tests.test_gen_rst" name="test_capture_repr[repr_and_html,(repr)]" time="0.004" /><testcase classname="sphinx_gallery.tests.test_gen_rst" name="test_capture_repr[print and repr_and_html,(repr)]" time="0.004" /><testcase classname="sphinx_gallery.tests.test_gen_rst" name="test_capture_repr[repr_only,(html)]" time="0.004" /><testcase classname="sphinx_gallery.tests.test_gen_rst" name="test_capture_repr[repr_and_html,(html)]" time="0.004" /><testcase classname="sphinx_gallery.tests.test_gen_rst" name="test_capture_repr[print and repr_and_html,(html)]" time="0.004" /><testcase classname="sphinx_gallery.tests.test_gen_rst" name="test_capture_repr[repr_and_html,(html,repr)]" time="0.004" /><testcase classname="sphinx_gallery.tests.test_gen_rst" name="test_capture_repr[repr_and_html,(repr,html)]" time="0.005" /><testcase classname="sphinx_gallery.tests.test_gen_rst" name="test_capture_repr[repr_only,(html,repr)]" time="0.005" /><testcase classname="sphinx_gallery.tests.test_gen_rst" name="test_capture_repr[html_none]" time="0.005" /><testcase classname="sphinx_gallery.tests.test_gen_rst" name="test_per_file_capture_repr[() --&gt; repr]" time="0.005" /><testcase classname="sphinx_gallery.tests.test_gen_rst" name="test_per_file_capture_repr[repr --&gt; ()]" time="0.004" /><testcase classname="sphinx_gallery.tests.test_gen_rst" name="test_ignore_repr_types" time="0.004" /><testcase classname="sphinx_gallery.tests.test_gen_rst" name="test_reset_module_order_2_param[before-1]" time="0.108" /><testcase classname="sphinx_gallery.tests.test_gen_rst" name="test_reset_module_order_2_param[after-1]" time="0.105" /><testcase classname="sphinx_gallery.tests.test_gen_rst" name="test_reset_module_order_2_param[both-2]" time="0.105" /><testcase classname="sphinx_gallery.tests.test_gen_rst" name="test_reset_module_order_3_param[before-1-expected_call_order0]" time="0.105" /><testcase classname="sphinx_gallery.tests.test_gen_rst" name="test_reset_module_order_3_param[after-1-expected_call_order1]" time="0.107" /><testcase classname="sphinx_gallery.tests.test_gen_rst" name="test_reset_module_order_3_param[both-2-expected_call_order2]" time="0.107" /><testcase classname="sphinx_gallery.tests.test_gen_rst" name="test_reset_module_order_3_param_invalid_when" time="0.007" /><testcase classname="sphinx_gallery.tests.test_gen_rst" name="test_full_line" time="0.002" /><testcase classname="sphinx_gallery.tests.test_gen_rst" name="test_incomplete_line_with_flush" time="0.002" /><testcase classname="sphinx_gallery.tests.test_gen_rst" name="test_incomplete_line_with_more_output" time="0.002" /><testcase classname="sphinx_gallery.tests.test_gen_rst" name="test_multi_line" time="0.002" /><testcase classname="sphinx_gallery.tests.test_gen_rst" name="test_isatty" time="0.001" /><testcase classname="sphinx_gallery.tests.test_load_style" name="test_load_style" time="0.184"><failure message="assert 'link rel=&quot;stylesheet&quot; type=&quot;text/css&quot; href=&quot;_static/sg_gallery.css&quot;' in '&lt;!DOCTYPE html&gt;\n\n&lt;html lang=&quot;en&quot; data-content_root=&quot;./&quot;&gt;\n  &lt;head&gt;\n    &lt;meta charset=&quot;utf-8&quot; /&gt;\n    &lt;meta name=&quot;viewport&quot; content=&quot;width=device-width, initial-scale=1.0&quot; /&gt;&lt;meta name=&quot;viewport&quot; content=&quot;width=device-width, initial-scale=1&quot; /&gt;\n\n    &lt;title&gt;Tiny test build &amp;#8212; Sphinx-Gallery &amp;lt;Tests&amp;gt;  documentation&lt;/title&gt;\n    &lt;link rel=&quot;stylesheet&quot; type=&quot;text/css&quot; href=&quot;_static/pygments.css?v=4f649999&quot; /&gt;\n    &lt;link rel=&quot;stylesheet&quot; type=&quot;text/css&quot; href=&quot;_static/alabaster.css?v=039e1c02&quot; /&gt;\n    &lt;link rel=&quot;stylesheet&quot; type=&quot;text/css&quot; href=&quot;_static/sg_gallery.css?v=61a4c737&quot; /&gt;\n    &lt;script src=&quot;_static/documentation_options.js?v=5929fcd5&quot;&gt;&lt;/script&gt;\n    &lt;script src=&quot;_static/doctools.js?v=888ff710&quot;&gt;&lt;/script&gt;\n    &lt;script src=&quot;_static/sphinx_highlight.js?v=dc90522c&quot;&gt;&lt;/script&gt;\n    &lt;link rel=&quot;index&quot; title=&quot;Index&quot; href=&quot;genindex.html&quot; /&gt;\n    &lt;link rel=&quot;search&quot; title=&quot;Search&quot; href=&quot;search.html&quot; /&gt;\n   \n  &lt;link rel=&quot;stylesheet&quot; href=&quot;_static/custom.css&quot; type=&quot;text/css&quot; /&gt;\n  \n  \n  &lt;meta name=&quot;viewport&quot; content=&quot;width=device-width, initial-scale=0.9, maximum-scale=0.9&quot; /&gt;\n\n  &lt;/head&gt;&lt;body&gt;\n  \n\n    &lt;div class=&quot;document&quot;&gt;\n      &lt;div class=&quot;documentwrapper&quot;&gt;\n      ...debarwrapper&quot;&gt;\n&lt;h1 class=&quot;logo&quot;&gt;&lt;a href=&quot;#&quot;&gt;Sphinx-Gallery &lt;Tests&gt;&lt;/a&gt;&lt;/h1&gt;\n\n\n\n\n\n\n\n\n&lt;h3&gt;Navigation&lt;/h3&gt;\n\n&lt;div class=&quot;relations&quot;&gt;\n&lt;h3&gt;Related Topics&lt;/h3&gt;\n&lt;ul&gt;\n  &lt;li&gt;&lt;a href=&quot;#&quot;&gt;Documentation overview&lt;/a&gt;&lt;ul&gt;\n  &lt;/ul&gt;&lt;/li&gt;\n&lt;/ul&gt;\n&lt;/div&gt;\n&lt;div id=&quot;searchbox&quot; style=&quot;display: none&quot; role=&quot;search&quot;&gt;\n  &lt;h3 id=&quot;searchlabel&quot;&gt;Quick search&lt;/h3&gt;\n    &lt;div class=&quot;searchformwrapper&quot;&gt;\n    &lt;form class=&quot;search&quot; action=&quot;search.html&quot; method=&quot;get&quot;&gt;\n      &lt;input type=&quot;text&quot; name=&quot;q&quot; aria-labelledby=&quot;searchlabel&quot; autocomplete=&quot;off&quot; autocorrect=&quot;off&quot; autocapitalize=&quot;off&quot; spellcheck=&quot;false&quot;/&gt;\n      &lt;input type=&quot;submit&quot; value=&quot;Go&quot; /&gt;\n    &lt;/form&gt;\n    &lt;/div&gt;\n&lt;/div&gt;\n&lt;script&gt;document.getElementById(\'searchbox\').style.display = &quot;block&quot;&lt;/script&gt;\n\n\n\n\n\n\n\n\n        &lt;/div&gt;\n      &lt;/div&gt;\n      &lt;div class=&quot;clearer&quot;&gt;&lt;/div&gt;\n    &lt;/div&gt;\n    &lt;div class=&quot;footer&quot;&gt;\n      &amp;copy;.\n      \n      |\n      Powered by &lt;a href=&quot;http://sphinx-doc.org/&quot;&gt;Sphinx 7.2.6&lt;/a&gt;\n      &amp;amp; &lt;a href=&quot;https://github.com/bitprophet/alabaster&quot;&gt;Alabaster 0.7.13&lt;/a&gt;\n      \n      |\n      &lt;a href=&quot;_sources/index.rst.txt&quot;\n          rel=&quot;nofollow&quot;&gt;Page source&lt;/a&gt;\n    &lt;/div&gt;\n\n    \n\n    \n  &lt;/body&gt;\n&lt;/html&gt;'">Traceback (most recent call last):
  File "/workdir/sphinx-gallery-0.11.1/.tox/cpythonlibtest-unit-test-tests/lib/python3.10/site-packages/_pytest/runner.py", line 341, in from_call
    result: Optional[TResult] = func()
  File "/workdir/sphinx-gallery-0.11.1/.tox/cpythonlibtest-unit-test-tests/lib/python3.10/site-packages/_pytest/runner.py", line 262, in &lt;lambda&gt;
    lambda: ihook(item=item, **kwds), when=when, reraise=reraise
  File "/workdir/sphinx-gallery-0.11.1/.tox/cpythonlibtest-unit-test-tests/lib/python3.10/site-packages/pluggy/_hooks.py", line 493, in __call__
    return self._hookexec(self.name, self._hookimpls, kwargs, firstresult)
  File "/workdir/sphinx-gallery-0.11.1/.tox/cpythonlibtest-unit-test-tests/lib/python3.10/site-packages/pluggy/_manager.py", line 115, in _hookexec
    return self._inner_hookexec(hook_name, methods, kwargs, firstresult)
  File "/workdir/sphinx-gallery-0.11.1/.tox/cpythonlibtest-unit-test-tests/lib/python3.10/site-packages/pluggy/_callers.py", line 152, in _multicall
    return outcome.get_result()
  File "/workdir/sphinx-gallery-0.11.1/.tox/cpythonlibtest-unit-test-tests/lib/python3.10/site-packages/pluggy/_result.py", line 114, in get_result
    raise exc.with_traceback(exc.__traceback__)
  File "/workdir/sphinx-gallery-0.11.1/.tox/cpythonlibtest-unit-test-tests/lib/python3.10/site-packages/pluggy/_callers.py", line 77, in _multicall
    res = hook_impl.function(*args)
  File "/workdir/sphinx-gallery-0.11.1/.tox/cpythonlibtest-unit-test-tests/lib/python3.10/site-packages/_pytest/runner.py", line 177, in pytest_runtest_call
    raise e
  File "/workdir/sphinx-gallery-0.11.1/.tox/cpythonlibtest-unit-test-tests/lib/python3.10/site-packages/_pytest/runner.py", line 169, in pytest_runtest_call
    item.runtest()
  File "/workdir/sphinx-gallery-0.11.1/.tox/cpythonlibtest-unit-test-tests/lib/python3.10/site-packages/_pytest/python.py", line 1792, in runtest
    self.ihook.pytest_pyfunc_call(pyfuncitem=self)
  File "/workdir/sphinx-gallery-0.11.1/.tox/cpythonlibtest-unit-test-tests/lib/python3.10/site-packages/pluggy/_hooks.py", line 493, in __call__
    return self._hookexec(self.name, self._hookimpls, kwargs, firstresult)
  File "/workdir/sphinx-gallery-0.11.1/.tox/cpythonlibtest-unit-test-tests/lib/python3.10/site-packages/pluggy/_manager.py", line 115, in _hookexec
    return self._inner_hookexec(hook_name, methods, kwargs, firstresult)
  File "/workdir/sphinx-gallery-0.11.1/.tox/cpythonlibtest-unit-test-tests/lib/python3.10/site-packages/pluggy/_callers.py", line 113, in _multicall
    raise exception.with_traceback(exception.__traceback__)
  File "/workdir/sphinx-gallery-0.11.1/.tox/cpythonlibtest-unit-test-tests/lib/python3.10/site-packages/pluggy/_callers.py", line 77, in _multicall
    res = hook_impl.function(*args)
  File "/workdir/sphinx-gallery-0.11.1/.tox/cpythonlibtest-unit-test-tests/lib/python3.10/site-packages/_pytest/python.py", line 194, in pytest_pyfunc_call
    result = testfunction(**testargs)
  File "/workdir/sphinx-gallery-0.11.1/sphinx_gallery/tests/test_load_style.py", line 18, in test_load_style
    assert 'link rel="stylesheet" type="text/css" href="_static/sg_gallery.css"' in content  # noqa: E501
AssertionError: assert 'link rel="stylesheet" type="text/css" href="_static/sg_gallery.css"' in '&lt;!DOCTYPE html&gt;\n\n&lt;html lang="en" data-content_root="./"&gt;\n  &lt;head&gt;\n    &lt;meta charset="utf-8" /&gt;\n    &lt;meta name="viewport" content="width=device-width, initial-scale=1.0" /&gt;&lt;meta name="viewport" content="width=device-width, initial-scale=1" /&gt;\n\n    &lt;title&gt;Tiny test build &amp;#8212; Sphinx-Gallery &amp;lt;Tests&amp;gt;  documentation&lt;/title&gt;\n    &lt;link rel="stylesheet" type="text/css" href="_static/pygments.css?v=4f649999" /&gt;\n    &lt;link rel="stylesheet" type="text/css" href="_static/alabaster.css?v=039e1c02" /&gt;\n    &lt;link rel="stylesheet" type="text/css" href="_static/sg_gallery.css?v=61a4c737" /&gt;\n    &lt;script src="_static/documentation_options.js?v=5929fcd5"&gt;&lt;/script&gt;\n    &lt;script src="_static/doctools.js?v=888ff710"&gt;&lt;/script&gt;\n    &lt;script src="_static/sphinx_highlight.js?v=dc90522c"&gt;&lt;/script&gt;\n    &lt;link rel="index" title="Index" href="genindex.html" /&gt;\n    &lt;link rel="search" title="Search" href="search.html" /&gt;\n   \n  &lt;link rel="stylesheet" href="_static/custom.css" type="text/css" /&gt;\n  \n  \n  &lt;meta name="viewport" content="width=device-width, initial-scale=0.9, maximum-scale=0.9" /&gt;\n\n  &lt;/head&gt;&lt;body&gt;\n  \n\n    &lt;div class="document"&gt;\n      &lt;div class="documentwrapper"&gt;\n      ...debarwrapper"&gt;\n&lt;h1 class="logo"&gt;&lt;a href="#"&gt;Sphinx-Gallery &lt;Tests&gt;&lt;/a&gt;&lt;/h1&gt;\n\n\n\n\n\n\n\n\n&lt;h3&gt;Navigation&lt;/h3&gt;\n\n&lt;div class="relations"&gt;\n&lt;h3&gt;Related Topics&lt;/h3&gt;\n&lt;ul&gt;\n  &lt;li&gt;&lt;a href="#"&gt;Documentation overview&lt;/a&gt;&lt;ul&gt;\n  &lt;/ul&gt;&lt;/li&gt;\n&lt;/ul&gt;\n&lt;/div&gt;\n&lt;div id="searchbox" style="display: none" role="search"&gt;\n  &lt;h3 id="searchlabel"&gt;Quick search&lt;/h3&gt;\n    &lt;div class="searchformwrapper"&gt;\n    &lt;form class="search" action="search.html" method="get"&gt;\n      &lt;input type="text" name="q" aria-labelledby="searchlabel" autocomplete="off" autocorrect="off" autocapitalize="off" spellcheck="false"/&gt;\n      &lt;input type="submit" value="Go" /&gt;\n    &lt;/form&gt;\n    &lt;/div&gt;\n&lt;/div&gt;\n&lt;script&gt;document.getElementById(\'searchbox\').style.display = "block"&lt;/script&gt;\n\n\n\n\n\n\n\n\n        &lt;/div&gt;\n      &lt;/div&gt;\n      &lt;div class="clearer"&gt;&lt;/div&gt;\n    &lt;/div&gt;\n    &lt;div class="footer"&gt;\n      &amp;copy;.\n      \n      |\n      Powered by &lt;a href="http://sphinx-doc.org/"&gt;Sphinx 7.2.6&lt;/a&gt;\n      &amp;amp; &lt;a href="https://github.com/bitprophet/alabaster"&gt;Alabaster 0.7.13&lt;/a&gt;\n      \n      |\n      &lt;a href="_sources/index.rst.txt"\n          rel="nofollow"&gt;Page source&lt;/a&gt;\n    &lt;/div&gt;\n\n    \n\n    \n  &lt;/body&gt;\n&lt;/html&gt;'</failure></testcase><testcase classname="sphinx_gallery.tests.test_notebook" name="test_latex_conversion" time="0.003" /><testcase classname="sphinx_gallery.tests.test_notebook" name="test_code_conversion" time="0.001" /><testcase classname="sphinx_gallery.tests.test_notebook" name="test_convert" time="0.003" /><testcase classname="sphinx_gallery.tests.test_notebook" name="test_headings" time="0.001" /><testcase classname="sphinx_gallery.tests.test_notebook" name="test_cell_magic_promotion" time="0.001" /><testcase classname="sphinx_gallery.tests.test_notebook" name="test_notebook_images_prefix[rel_no_prefix]" time="0.005" /><testcase classname="sphinx_gallery.tests.test_notebook" name="test_notebook_images_prefix[abs_no_prefix]" time="0.004" /><testcase classname="sphinx_gallery.tests.test_notebook" name="test_notebook_images_prefix[rel_prefix]" time="0.003" /><testcase classname="sphinx_gallery.tests.test_notebook" name="test_notebook_images_prefix[abs_prefix]" time="0.003" /><testcase classname="sphinx_gallery.tests.test_notebook" name="test_notebook_images_prefix[url_no_prefix]" time="0.004" /><testcase classname="sphinx_gallery.tests.test_notebook" name="test_notebook_images_prefix[url_prefix]" time="0.004" /><testcase classname="sphinx_gallery.tests.test_notebook" name="test_notebook_images_data_uri" time="0.009" /><testcase classname="sphinx_gallery.tests.test_notebook" name="test_jupyter_notebook" time="0.010" /><testcase classname="sphinx_gallery.tests.test_notebook" name="test_with_empty_args" time="0.002" /><testcase classname="sphinx_gallery.tests.test_notebook" name="test_missing_file" time="0.001" /><testcase classname="sphinx_gallery.tests.test_notebook" name="test_file_is_generated" time="0.003" /><testcase classname="sphinx_gallery.tests.test_py_source_parser" name="test_get_docstring_and_rest" time="0.003" /><testcase classname="sphinx_gallery.tests.test_py_source_parser" name="test_extract_file_config[No config\nin here.-file_conf0]" time="0.002" /><testcase classname="sphinx_gallery.tests.test_py_source_parser" name="test_extract_file_config[# sphinx_gallery_line_numbers = True-file_conf1]" time="0.002" /><testcase classname="sphinx_gallery.tests.test_py_source_parser" name="test_extract_file_config[  #   sphinx_gallery_line_numbers   =   True   -file_conf2]" time="0.002" /><testcase classname="sphinx_gallery.tests.test_py_source_parser" name="test_extract_file_config[#sphinx_gallery_line_numbers=True-file_conf3]" time="0.002" /><testcase classname="sphinx_gallery.tests.test_py_source_parser" name="test_extract_file_config[#sphinx_gallery_thumbnail_number\n=\n5-file_conf4]" time="0.002" /><testcase classname="sphinx_gallery.tests.test_py_source_parser" name="test_extract_file_config[#sphinx_gallery_thumbnail_number=1foo-None]" time="0.003" /><testcase classname="sphinx_gallery.tests.test_py_source_parser" name="test_extract_file_config[# sphinx_gallery_defer_figures-file_conf6]" time="0.002" /><testcase classname="sphinx_gallery.tests.test_py_source_parser" name="test_remove_config_comments[No config\nin here.-No config\nin here.]" time="0.001" /><testcase classname="sphinx_gallery.tests.test_py_source_parser" name="test_remove_config_comments[# sphinx_gallery_line_numbers = True-]" time="0.001" /><testcase classname="sphinx_gallery.tests.test_py_source_parser" name="test_remove_config_comments[  #   sphinx_gallery_line_numbers   =   True   -]" time="0.001" /><testcase classname="sphinx_gallery.tests.test_py_source_parser" name="test_remove_config_comments[#sphinx_gallery_line_numbers=True-]" time="0.001" /><testcase classname="sphinx_gallery.tests.test_py_source_parser" name="test_remove_config_comments[#sphinx_gallery_thumbnail_number\n=\n5-]" time="0.001" /><testcase classname="sphinx_gallery.tests.test_py_source_parser" name="test_remove_config_comments[a = 1\n# sphinx_gallery_line_numbers = True\nb = 1-a = 1\nb = 1]" time="0.001" /><testcase classname="sphinx_gallery.tests.test_py_source_parser" name="test_remove_config_comments[a = 1\n\n# sphinx_gallery_line_numbers = True\n\nb = 1-a = 1\n\n\nb = 1]" time="0.001" /><testcase classname="sphinx_gallery.tests.test_py_source_parser" name="test_remove_config_comments[# comment\n# sphinx_gallery_line_numbers = True\n# comment 2-# comment\n# comment 2]" time="0.001" /><testcase classname="sphinx_gallery.tests.test_py_source_parser" name="test_remove_config_comments[# sphinx_gallery_defer_figures-]" time="0.001" /><testcase classname="sphinx_gallery.tests.test_py_source_parser" name="test_remove_ignore_comments" time="0.001" /><testcase classname="sphinx_gallery.tests.test_scrapers" name="test_save_matplotlib_figures[png]" time="0.178" /><testcase classname="sphinx_gallery.tests.test_scrapers" name="test_save_matplotlib_figures[svg]" time="0.166" /><testcase classname="sphinx_gallery.tests.test_scrapers" name="test_save_matplotlib_figures_hidpi" time="0.359" /><testcase classname="sphinx_gallery.tests.test_scrapers" name="test_save_mayavi_figures" time="0.004"><skipped type="pytest.skip" message="Mayavi not installed">/workdir/sphinx-gallery-0.11.1/sphinx_gallery/tests/test_scrapers.py:119: Mayavi not installed</skipped></testcase><testcase classname="sphinx_gallery.tests.test_scrapers" name="test_custom_scraper" time="0.007" /><testcase classname="sphinx_gallery.tests.test_scrapers" name="test_figure_rst[png]" time="0.001" /><testcase classname="sphinx_gallery.tests.test_scrapers" name="test_figure_rst[svg]" time="0.001" /><testcase classname="sphinx_gallery.tests.test_scrapers" name="test_figure_rst[jpg]" time="0.001" /><testcase classname="sphinx_gallery.tests.test_scrapers" name="test_figure_rst[gif]" time="0.001" /><testcase classname="sphinx_gallery.tests.test_scrapers" name="test_figure_rst_srcset[png]" time="0.001" /><testcase classname="sphinx_gallery.tests.test_scrapers" name="test_iterator" time="0.001" /><testcase classname="sphinx_gallery.tests.test_scrapers" name="test_reset_matplotlib" time="0.007" /><testcase classname="sphinx_gallery.tests.test_sorting" name="test_ExplicitOrder_sorting_key" time="0.003" /><testcase classname="sphinx_gallery.tests.test_utils" name="test_replace_py_ipynb[some/file/name]" time="0.001" /><testcase classname="sphinx_gallery.tests.test_utils" name="test_replace_py_ipynb[/corner.pycase]" time="0.013" /></testsuite></testsuites>