GLOB sdist-make: /workdir/sphinx-gallery-0.11.1/setup.py
graalpylibtest-unit-test-tests create: /workdir/sphinx-gallery-0.11.1/.tox/graalpylibtest-unit-test-tests
graalpylibtest-unit-test-tests installdeps: mock, pytest, -rdev-requirements.txt, -rrequirements.txt, -rdoc/binder/requirements.txt, -rsphinx_gallery/tests/tinybuild/binder/requirements.txt
graalpylibtest-unit-test-tests inst: /workdir/sphinx-gallery-0.11.1/.tox/.tmp/package/1/sphinx-gallery-0.11.1.zip
graalpylibtest-unit-test-tests installed: absl-py==2.0.0,alabaster==0.7.13,Babel==2.13.1,build==1.0.3,certifi==2023.11.17,charset-normalizer==3.1.0,check-manifest==0.49,contourpy==1.2.0,coverage==7.3.2,cycler==0.12.1,docutils==0.20.1,exceptiongroup==1.2.0,flake8==6.1.0,fonttools==4.45.1,graalpy-virtualenv==0.0.1,hpy==0.9.0rc2,idna==3.6,imagesize==1.4.1,iniconfig==2.0.0,Jinja2==3.1.2,joblib==1.3.2,kiwisolver==1.4.5,MarkupSafe==2.1.3,matplotlib==3.7.0,mccabe==0.7.0,mock==5.1.0,numpy==1.23.5,packaging==23.2,pandas==1.5.2,patsy==0.5.3,Pillow==10.1.0,plotly==5.18.0,pluggy==1.3.0,pycodestyle==2.11.1,pyflakes==3.1.0,Pygments==2.17.2,pyparsing==3.0.8,pyproject_hooks==1.0.0,pytest==7.4.3,pytest-cov==4.1.0,pytest-cover==3.0.0,pytest-coverage==0.0,python-dateutil==2.8.2,pytz==2022.2.1,requests==2.31.0,scipy==1.10.1,seaborn==0.13.0,six==1.16.0,snowballstemmer==2.2.0,Sphinx==7.2.6,sphinx-gallery @ file:///workdir/sphinx-gallery-0.11.1/.tox/.tmp/package/1/sphinx-gallery-0.11.1.zip,sphinx-rtd-theme==2.0.0,sphinxcontrib-applehelp==1.0.7,sphinxcontrib-devhelp==1.0.5,sphinxcontrib-htmlhelp==2.0.4,sphinxcontrib-jquery==4.1,sphinxcontrib-jsmath==1.0.1,sphinxcontrib-qthelp==1.0.6,sphinxcontrib-serializinghtml==1.1.9,statsmodels==0.14.0,tenacity==8.2.3,tomli==2.0.1,urllib3==2.1.0
graalpylibtest-unit-test-tests run-test-pre: PYTHONHASHSEED='2527650500'
graalpylibtest-unit-test-tests run-test: commands[0] | pytest -v --tb=native --junitxml /workdir/results/sphinx-gallery/0.11.1/1/graalpy-test-results.xml
============================= test session starts ==============================
platform linux -- Python 3.10.8, pytest-7.4.3, pluggy-1.3.0 -- /workdir/sphinx-gallery-0.11.1/.tox/graalpylibtest-unit-test-tests/bin/python
cachedir: .tox/graalpylibtest-unit-test-tests/.pytest_cache
rootdir: /workdir/sphinx-gallery-0.11.1
configfile: setup.cfg
plugins: cov-4.1.0
collecting ... collected 205 items

sphinx_gallery/tests/test_backreferences.py::test_thumbnail_div[<"test">-&lt;&quot;test&quot;&gt;-False] PASSED [  0%]
sphinx_gallery/tests/test_backreferences.py::test_thumbnail_div[test formating-test formating-True] PASSED [  0%]
sphinx_gallery/tests/test_backreferences.py::test_thumbnail_div[1 :class:`~a.b`. 2 :class:`a.b` 3 :ref:`whatever <better name>`-1 b. 2 a.b 3 better name-False] PASSED [  1%]
sphinx_gallery/tests/test_backreferences.py::test_thumbnail_div[use :meth:`mne.io.Raw.plot_psd` to-use mne.io.Raw.plot_psd to-False] PASSED [  1%]
sphinx_gallery/tests/test_backreferences.py::test_thumbnail_div[`this` and ``that``; and `these things` and ``those things``-this and that; and these things and those things-False] PASSED [  2%]
sphinx_gallery/tests/test_backreferences.py::test_identify_names PASSED  [  2%]
sphinx_gallery/tests/test_backreferences.py::test_identify_names2 PASSED [  3%]
sphinx_gallery/tests/test_binder.py::test_binder PASSED                  [  3%]
sphinx_gallery/tests/test_binder.py::test_gen_binder_rst PASSED          [  4%]
sphinx_gallery/tests/test_docs_resolv.py::test_embed_code_links_get_data PASSED [  4%]
sphinx_gallery/tests/test_docs_resolv.py::test_shelve PASSED             [  5%]
sphinx_gallery/tests/test_docs_resolv.py::test_parse_sphinx_docopts PASSED [  5%]
sphinx_gallery/tests/test_full.py::test_timings ERROR                    [  6%]
sphinx_gallery/tests/test_full.py::test_optipng ERROR                    [  6%]
sphinx_gallery/tests/test_full.py::test_junit ERROR                      [  7%]
sphinx_gallery/tests/test_full.py::test_run_sphinx ERROR                 [  7%]
sphinx_gallery/tests/test_full.py::test_thumbnail_path ERROR             [  8%]
sphinx_gallery/tests/test_full.py::test_negative_thumbnail_config ERROR  [  8%]
sphinx_gallery/tests/test_full.py::test_command_line_args_img ERROR      [  9%]
sphinx_gallery/tests/test_full.py::test_image_formats ERROR              [  9%]
sphinx_gallery/tests/test_full.py::test_repr_html_classes ERROR          [ 10%]
sphinx_gallery/tests/test_full.py::test_embed_links_and_styles ERROR     [ 10%]
sphinx_gallery/tests/test_full.py::test_backreferences ERROR             [ 11%]
sphinx_gallery/tests/test_full.py::test_backreferences_examples_rst[sphinx_gallery.backreferences.identify_names.examples-plot_numpy_matplotlib] ERROR [ 11%]
sphinx_gallery/tests/test_full.py::test_backreferences_examples_rst[sphinx_gallery.sorting.ExplicitOrder.examples-plot_second_future_imports] ERROR [ 12%]
sphinx_gallery/tests/test_full.py::test_backreferences_examples_html ERROR [ 12%]
sphinx_gallery/tests/test_full.py::test_logging_std_nested ERROR         [ 13%]
sphinx_gallery/tests/test_full.py::test_rebuild ERROR                    [ 13%]
sphinx_gallery/tests/test_full.py::test_error_messages[future/plot_future_imports_broken-.*RuntimeError.*Forcing this example to fail on Python 3.*] ERROR [ 14%]
sphinx_gallery/tests/test_full.py::test_error_messages[plot_scraper_broken-.*ValueError.*zero-size array to reduction.*] ERROR [ 14%]
sphinx_gallery/tests/test_full.py::test_alt_text_image ERROR             [ 15%]
sphinx_gallery/tests/test_full.py::test_alt_text_thumbnail ERROR         [ 15%]
sphinx_gallery/tests/test_full.py::test_backreference_labels ERROR       [ 16%]
sphinx_gallery/tests/test_full.py::test_minigallery_directive[Test 1-N-5-False] ERROR [ 16%]
sphinx_gallery/tests/test_full.py::test_minigallery_directive[Test 1-D-D-7-False] ERROR [ 17%]
sphinx_gallery/tests/test_full.py::test_minigallery_directive[Test 1-D-C-7-False] ERROR [ 17%]
sphinx_gallery/tests/test_full.py::test_minigallery_directive[Test 1-C-D-8-False] ERROR [ 18%]
sphinx_gallery/tests/test_full.py::test_minigallery_directive[Test 2-N-10-True] ERROR [ 18%]
sphinx_gallery/tests/test_full.py::test_minigallery_directive[Test 2-D-D-13-True] ERROR [ 19%]
sphinx_gallery/tests/test_full.py::test_minigallery_directive[Test 2-C-C-14-True] ERROR [ 19%]
sphinx_gallery/tests/test_full.py::test_matplotlib_warning_filter ERROR  [ 20%]
sphinx_gallery/tests/test_full.py::test_jupyter_notebook_pandoc ERROR    [ 20%]
sphinx_gallery/tests/test_full.py::test_md5_hash ERROR                   [ 20%]
sphinx_gallery/tests/test_full.py::test_binder_logo_exists ERROR         [ 21%]
sphinx_gallery/tests/test_full.py::test_defer_figures ERROR              [ 21%]
sphinx_gallery/tests/test_full.py::test_no_dummy_image ERROR             [ 22%]
sphinx_gallery/tests/test_full_noexec.py::test_dummy_image ERROR         [ 22%]
sphinx_gallery/tests/test_gen_gallery.py::test_bad_config PASSED         [ 23%]
sphinx_gallery/tests/test_gen_gallery.py::test_bad_builder PASSED        [ 23%]
sphinx_gallery/tests/test_gen_gallery.py::test_default_config PASSED     [ 24%]
sphinx_gallery/tests/test_gen_gallery.py::test_no_warning_simple_config PASSED [ 24%]
sphinx_gallery/tests/test_gen_gallery.py::test_bad_reset[Resetter unknown] PASSED [ 25%]
sphinx_gallery/tests/test_gen_gallery.py::test_bad_reset[Resetter not callable] PASSED [ 25%]
sphinx_gallery/tests/test_gen_gallery.py::test_bad_reset_modules_order[Resetter unknown] PASSED [ 26%]
sphinx_gallery/tests/test_gen_gallery.py::test_bad_reset_modules_order[reset_modules_order not valid] PASSED [ 26%]
sphinx_gallery/tests/test_gen_gallery.py::test_bad_css[CSS str error] PASSED [ 27%]
sphinx_gallery/tests/test_gen_gallery.py::test_bad_css[CSS type error] PASSED [ 27%]
sphinx_gallery/tests/test_gen_gallery.py::test_config_backreferences PASSED [ 28%]
sphinx_gallery/tests/test_gen_gallery.py::test_duplicate_files_warn PASSED [ 28%]
sphinx_gallery/tests/test_gen_gallery.py::test_spaces_in_files_warn PASSED [ 29%]
sphinx_gallery/tests/test_gen_gallery.py::test_example_sorting_default PASSED [ 29%]
sphinx_gallery/tests/test_gen_gallery.py::test_example_sorting_filesize PASSED [ 30%]
sphinx_gallery/tests/test_gen_gallery.py::test_example_sorting_filename PASSED [ 30%]
sphinx_gallery/tests/test_gen_gallery.py::test_example_sorting_title PASSED [ 31%]
sphinx_gallery/tests/test_gen_gallery.py::test_collect_gallery_files PASSED [ 31%]
sphinx_gallery/tests/test_gen_gallery.py::test_collect_gallery_files_ignore_pattern PASSED [ 32%]
sphinx_gallery/tests/test_gen_gallery.py::test_binder_copy_files PASSED  [ 32%]
sphinx_gallery/tests/test_gen_gallery.py::test_failing_examples_raise_exception PASSED [ 33%]
sphinx_gallery/tests/test_gen_gallery.py::test_expected_failing_examples_were_executed PASSED [ 33%]
sphinx_gallery/tests/test_gen_gallery.py::test_only_warn_on_example_error PASSED [ 34%]
sphinx_gallery/tests/test_gen_gallery.py::test_only_warn_on_example_error_sphinx_warning PASSED [ 34%]
sphinx_gallery/tests/test_gen_gallery.py::test_examples_not_expected_to_pass PASSED [ 35%]
sphinx_gallery/tests/test_gen_gallery.py::test_show_memory_callable PASSED [ 35%]
sphinx_gallery/tests/test_gen_gallery.py::test_first_notebook_cell_config PASSED [ 36%]
sphinx_gallery/tests/test_gen_gallery.py::test_last_notebook_cell_config PASSED [ 36%]
sphinx_gallery/tests/test_gen_gallery.py::test_backreferences_dir_config PASSED [ 37%]
sphinx_gallery/tests/test_gen_gallery.py::test_backreferences_dir_pathlib_config PASSED [ 37%]
sphinx_gallery/tests/test_gen_gallery.py::test_write_computation_times_noop PASSED [ 38%]
sphinx_gallery/tests/test_gen_gallery.py::test_pypandoc_config_list PASSED [ 38%]
sphinx_gallery/tests/test_gen_gallery.py::test_pypandoc_config_keys PASSED [ 39%]
sphinx_gallery/tests/test_gen_rst.py::test_split_code_and_text_blocks PASSED [ 39%]
sphinx_gallery/tests/test_gen_rst.py::test_bug_cases_of_notebook_syntax PASSED [ 40%]
sphinx_gallery/tests/test_gen_rst.py::test_direct_comment_after_docstring PASSED [ 40%]
sphinx_gallery/tests/test_gen_rst.py::test_final_rst_last_word PASSED    [ 40%]
sphinx_gallery/tests/test_gen_rst.py::test_rst_block_after_docstring PASSED [ 41%]
sphinx_gallery/tests/test_gen_rst.py::test_rst_empty_code_block PASSED   [ 41%]
sphinx_gallery/tests/test_gen_rst.py::test_script_vars_globals PASSED    [ 42%]
sphinx_gallery/tests/test_gen_rst.py::test_codestr2rst PASSED            [ 42%]
sphinx_gallery/tests/test_gen_rst.py::test_extract_intro_and_title PASSED [ 43%]
sphinx_gallery/tests/test_gen_rst.py::test_md5sums[b-a546be453c8f436e744838a4801bd3a0] PASSED [ 43%]
sphinx_gallery/tests/test_gen_rst.py::test_md5sums[t-ea8a570e9f3afc0a7c3f2a17a48b8047] PASSED [ 44%]
sphinx_gallery/tests/test_gen_rst.py::test_fail_example[failing_code0-not defined] PASSED [ 44%]
sphinx_gallery/tests/test_gen_rst.py::test_fail_example[failing_code1-Cannot use input] FAILED [ 45%]
sphinx_gallery/tests/test_gen_rst.py::test_fail_example[failing_code2-invalid syntax] PASSED [ 45%]
sphinx_gallery/tests/test_gen_rst.py::test_custom_scraper_thumbnail_alpha PASSED [ 46%]
sphinx_gallery/tests/test_gen_rst.py::test_remove_config_comments PASSED [ 46%]
sphinx_gallery/tests/test_gen_rst.py::test_remove_ignore_blocks PASSED   [ 47%]
sphinx_gallery/tests/test_gen_rst.py::test_dummy_image_error PASSED      [ 47%]
sphinx_gallery/tests/test_gen_rst.py::test_final_empty_block PASSED      [ 48%]
sphinx_gallery/tests/test_gen_rst.py::test_download_link_note_only_html PASSED [ 48%]
sphinx_gallery/tests/test_gen_rst.py::test_download_link_classes PASSED  [ 49%]
sphinx_gallery/tests/test_gen_rst.py::test_exclude_implicit[exclude nothing (default)] PASSED [ 49%]
sphinx_gallery/tests/test_gen_rst.py::test_exclude_implicit[exclude anything (explicit backreferences only)] PASSED [ 50%]
sphinx_gallery/tests/test_gen_rst.py::test_exclude_implicit[explicit backref not shadowed by implicit one] PASSED [ 50%]
sphinx_gallery/tests/test_gen_rst.py::test_exclude_implicit[exclude implicit backref] PASSED [ 51%]
sphinx_gallery/tests/test_gen_rst.py::test_gen_dir_rst[.txt] PASSED      [ 51%]
sphinx_gallery/tests/test_gen_rst.py::test_gen_dir_rst[.rst] PASSED      [ 52%]
sphinx_gallery/tests/test_gen_rst.py::test_gen_dir_rst[.bad] PASSED      [ 52%]
sphinx_gallery/tests/test_gen_rst.py::test_pattern_matching PASSED       [ 53%]
sphinx_gallery/tests/test_gen_rst.py::test_thumbnail_number[# sphinx_gallery_thumbnail_number= 2] PASSED [ 53%]
sphinx_gallery/tests/test_gen_rst.py::test_thumbnail_number[# sphinx_gallery_thumbnail_number=2] PASSED [ 54%]
sphinx_gallery/tests/test_gen_rst.py::test_thumbnail_number[#sphinx_gallery_thumbnail_number = 2] PASSED [ 54%]
sphinx_gallery/tests/test_gen_rst.py::test_thumbnail_number[    # sphinx_gallery_thumbnail_number=2] PASSED [ 55%]
sphinx_gallery/tests/test_gen_rst.py::test_thumbnail_path[# sphinx_gallery_thumbnail_path= '_static/demo.png'] PASSED [ 55%]
sphinx_gallery/tests/test_gen_rst.py::test_thumbnail_path[# sphinx_gallery_thumbnail_path='_static/demo.png'] PASSED [ 56%]
sphinx_gallery/tests/test_gen_rst.py::test_thumbnail_path[#sphinx_gallery_thumbnail_path = '_static/demo.png'] PASSED [ 56%]
sphinx_gallery/tests/test_gen_rst.py::test_thumbnail_path[    # sphinx_gallery_thumbnail_path='_static/demo.png'] PASSED [ 57%]
sphinx_gallery/tests/test_gen_rst.py::test_zip_notebooks PASSED          [ 57%]
sphinx_gallery/tests/test_gen_rst.py::test_rst_example PASSED            [ 58%]
sphinx_gallery/tests/test_gen_rst.py::test_output_indentation PASSED     [ 58%]
sphinx_gallery/tests/test_gen_rst.py::test_output_no_ansi PASSED         [ 59%]
sphinx_gallery/tests/test_gen_rst.py::test_absl_logging PASSED           [ 59%]
sphinx_gallery/tests/test_gen_rst.py::test_empty_output_box PASSED       [ 60%]
sphinx_gallery/tests/test_gen_rst.py::test_capture_repr[assign,()] PASSED [ 60%]
sphinx_gallery/tests/test_gen_rst.py::test_capture_repr[var,()] PASSED   [ 60%]
sphinx_gallery/tests/test_gen_rst.py::test_capture_repr[print(var),()] PASSED [ 61%]
sphinx_gallery/tests/test_gen_rst.py::test_capture_repr[print+var,()] PASSED [ 61%]
sphinx_gallery/tests/test_gen_rst.py::test_capture_repr[assign,(repr)] PASSED [ 62%]
sphinx_gallery/tests/test_gen_rst.py::test_capture_repr[var,(repr)] PASSED [ 62%]
sphinx_gallery/tests/test_gen_rst.py::test_capture_repr[print(var),(repr)] PASSED [ 63%]
sphinx_gallery/tests/test_gen_rst.py::test_capture_repr[print+var,(repr)] PASSED [ 63%]
sphinx_gallery/tests/test_gen_rst.py::test_capture_repr[repr_and_html,(repr)] PASSED [ 64%]
sphinx_gallery/tests/test_gen_rst.py::test_capture_repr[print and repr_and_html,(repr)] PASSED [ 64%]
sphinx_gallery/tests/test_gen_rst.py::test_capture_repr[repr_only,(html)] PASSED [ 65%]
sphinx_gallery/tests/test_gen_rst.py::test_capture_repr[repr_and_html,(html)] PASSED [ 65%]
sphinx_gallery/tests/test_gen_rst.py::test_capture_repr[print and repr_and_html,(html)] PASSED [ 66%]
sphinx_gallery/tests/test_gen_rst.py::test_capture_repr[repr_and_html,(html,repr)] PASSED [ 66%]
sphinx_gallery/tests/test_gen_rst.py::test_capture_repr[repr_and_html,(repr,html)] PASSED [ 67%]
sphinx_gallery/tests/test_gen_rst.py::test_capture_repr[repr_only,(html,repr)] PASSED [ 67%]
sphinx_gallery/tests/test_gen_rst.py::test_capture_repr[html_none] PASSED [ 68%]
sphinx_gallery/tests/test_gen_rst.py::test_per_file_capture_repr[() --> repr] PASSED [ 68%]
sphinx_gallery/tests/test_gen_rst.py::test_per_file_capture_repr[repr --> ()] PASSED [ 69%]
sphinx_gallery/tests/test_gen_rst.py::test_ignore_repr_types PASSED      [ 69%]
sphinx_gallery/tests/test_gen_rst.py::test_reset_module_order_2_param[before-1] PASSED [ 70%]
sphinx_gallery/tests/test_gen_rst.py::test_reset_module_order_2_param[after-1] PASSED [ 70%]
sphinx_gallery/tests/test_gen_rst.py::test_reset_module_order_2_param[both-2] PASSED [ 71%]
sphinx_gallery/tests/test_gen_rst.py::test_reset_module_order_3_param[before-1-expected_call_order0] PASSED [ 71%]
sphinx_gallery/tests/test_gen_rst.py::test_reset_module_order_3_param[after-1-expected_call_order1] PASSED [ 72%]
sphinx_gallery/tests/test_gen_rst.py::test_reset_module_order_3_param[both-2-expected_call_order2] PASSED [ 72%]
sphinx_gallery/tests/test_gen_rst.py::test_reset_module_order_3_param_invalid_when PASSED [ 73%]
sphinx_gallery/tests/test_gen_rst.py::test_full_line PASSED              [ 73%]
sphinx_gallery/tests/test_gen_rst.py::test_incomplete_line_with_flush PASSED [ 74%]
sphinx_gallery/tests/test_gen_rst.py::test_incomplete_line_with_more_output PASSED [ 74%]
sphinx_gallery/tests/test_gen_rst.py::test_multi_line PASSED             [ 75%]
sphinx_gallery/tests/test_gen_rst.py::test_isatty PASSED                 [ 75%]
sphinx_gallery/tests/test_load_style.py::test_load_style FAILED          [ 76%]
sphinx_gallery/tests/test_notebook.py::test_latex_conversion PASSED      [ 76%]
sphinx_gallery/tests/test_notebook.py::test_code_conversion PASSED       [ 77%]
sphinx_gallery/tests/test_notebook.py::test_convert PASSED               [ 77%]
sphinx_gallery/tests/test_notebook.py::test_headings PASSED              [ 78%]
sphinx_gallery/tests/test_notebook.py::test_cell_magic_promotion PASSED  [ 78%]
sphinx_gallery/tests/test_notebook.py::test_notebook_images_prefix[rel_no_prefix] PASSED [ 79%]
sphinx_gallery/tests/test_notebook.py::test_notebook_images_prefix[abs_no_prefix] PASSED [ 79%]
sphinx_gallery/tests/test_notebook.py::test_notebook_images_prefix[rel_prefix] PASSED [ 80%]
sphinx_gallery/tests/test_notebook.py::test_notebook_images_prefix[abs_prefix] PASSED [ 80%]
sphinx_gallery/tests/test_notebook.py::test_notebook_images_prefix[url_no_prefix] PASSED [ 80%]
sphinx_gallery/tests/test_notebook.py::test_notebook_images_prefix[url_prefix] PASSED [ 81%]
sphinx_gallery/tests/test_notebook.py::test_notebook_images_data_uri PASSED [ 81%]
sphinx_gallery/tests/test_notebook.py::test_jupyter_notebook PASSED      [ 82%]
sphinx_gallery/tests/test_notebook.py::test_with_empty_args PASSED       [ 82%]
sphinx_gallery/tests/test_notebook.py::test_missing_file PASSED          [ 83%]
sphinx_gallery/tests/test_notebook.py::test_file_is_generated PASSED     [ 83%]
sphinx_gallery/tests/test_py_source_parser.py::test_get_docstring_and_rest PASSED [ 84%]
sphinx_gallery/tests/test_py_source_parser.py::test_extract_file_config[No config\nin here.-file_conf0] PASSED [ 84%]
sphinx_gallery/tests/test_py_source_parser.py::test_extract_file_config[# sphinx_gallery_line_numbers = True-file_conf1] PASSED [ 85%]
sphinx_gallery/tests/test_py_source_parser.py::test_extract_file_config[  #   sphinx_gallery_line_numbers   =   True   -file_conf2] PASSED [ 85%]
sphinx_gallery/tests/test_py_source_parser.py::test_extract_file_config[#sphinx_gallery_line_numbers=True-file_conf3] PASSED [ 86%]
sphinx_gallery/tests/test_py_source_parser.py::test_extract_file_config[#sphinx_gallery_thumbnail_number\n=\n5-file_conf4] PASSED [ 86%]
sphinx_gallery/tests/test_py_source_parser.py::test_extract_file_config[#sphinx_gallery_thumbnail_number=1foo-None] PASSED [ 87%]
sphinx_gallery/tests/test_py_source_parser.py::test_extract_file_config[# sphinx_gallery_defer_figures-file_conf6] PASSED [ 87%]
sphinx_gallery/tests/test_py_source_parser.py::test_remove_config_comments[No config\nin here.-No config\nin here.] PASSED [ 88%]
sphinx_gallery/tests/test_py_source_parser.py::test_remove_config_comments[# sphinx_gallery_line_numbers = True-] PASSED [ 88%]
sphinx_gallery/tests/test_py_source_parser.py::test_remove_config_comments[  #   sphinx_gallery_line_numbers   =   True   -] PASSED [ 89%]
sphinx_gallery/tests/test_py_source_parser.py::test_remove_config_comments[#sphinx_gallery_line_numbers=True-] PASSED [ 89%]
sphinx_gallery/tests/test_py_source_parser.py::test_remove_config_comments[#sphinx_gallery_thumbnail_number\n=\n5-] PASSED [ 90%]
sphinx_gallery/tests/test_py_source_parser.py::test_remove_config_comments[a = 1\n# sphinx_gallery_line_numbers = True\nb = 1-a = 1\nb = 1] PASSED [ 90%]
sphinx_gallery/tests/test_py_source_parser.py::test_remove_config_comments[a = 1\n\n# sphinx_gallery_line_numbers = True\n\nb = 1-a = 1\n\n\nb = 1] PASSED [ 91%]
sphinx_gallery/tests/test_py_source_parser.py::test_remove_config_comments[# comment\n# sphinx_gallery_line_numbers = True\n# comment 2-# comment\n# comment 2] PASSED [ 91%]
sphinx_gallery/tests/test_py_source_parser.py::test_remove_config_comments[# sphinx_gallery_defer_figures-] PASSED [ 92%]
sphinx_gallery/tests/test_py_source_parser.py::test_remove_ignore_comments PASSED [ 92%]
sphinx_gallery/tests/test_scrapers.py::test_save_matplotlib_figures[png] PASSED [ 93%]
sphinx_gallery/tests/test_scrapers.py::test_save_matplotlib_figures[svg] PASSED [ 93%]
sphinx_gallery/tests/test_scrapers.py::test_save_matplotlib_figures_hidpi PASSED [ 94%]
sphinx_gallery/tests/test_scrapers.py::test_save_mayavi_figures SKIPPED  [ 94%]
sphinx_gallery/tests/test_scrapers.py::test_custom_scraper PASSED        [ 95%]
sphinx_gallery/tests/test_scrapers.py::test_figure_rst[png] PASSED       [ 95%]
sphinx_gallery/tests/test_scrapers.py::test_figure_rst[svg] PASSED       [ 96%]
sphinx_gallery/tests/test_scrapers.py::test_figure_rst[jpg] PASSED       [ 96%]
sphinx_gallery/tests/test_scrapers.py::test_figure_rst[gif] PASSED       [ 97%]
sphinx_gallery/tests/test_scrapers.py::test_figure_rst_srcset[png] PASSED [ 97%]
sphinx_gallery/tests/test_scrapers.py::test_iterator PASSED              [ 98%]
sphinx_gallery/tests/test_scrapers.py::test_reset_matplotlib PASSED      [ 98%]
sphinx_gallery/tests/test_sorting.py::test_ExplicitOrder_sorting_key PASSED [ 99%]
sphinx_gallery/tests/test_utils.py::test_replace_py_ipynb[some/file/name] PASSED [ 99%]
sphinx_gallery/tests/test_utils.py::test_replace_py_ipynb[/corner.pycase] PASSED [100%]

==================================== ERRORS ====================================
________________________ ERROR at setup of test_timings ________________________
Traceback (most recent call last):
  File "/workdir/sphinx-gallery-0.11.1/.tox/graalpylibtest-unit-test-tests/lib/python3.10/site-packages/pluggy/_result.py", line 341, in get_result
  File "/workdir/sphinx-gallery-0.11.1/.tox/graalpylibtest-unit-test-tests/lib/python3.10/site-packages/_pytest/runner.py", line 262, in <lambda>
    lambda: ihook(item=item, **kwds), when=when, reraise=reraise
  File "/workdir/sphinx-gallery-0.11.1/.tox/graalpylibtest-unit-test-tests/lib/python3.10/site-packages/pluggy/_hooks.py", line 493, in __call__
    return self._hookexec(self.name, self._hookimpls, kwargs, firstresult)
  File "/workdir/sphinx-gallery-0.11.1/.tox/graalpylibtest-unit-test-tests/lib/python3.10/site-packages/pluggy/_manager.py", line 115, in _hookexec
    return self._inner_hookexec(hook_name, methods, kwargs, firstresult)
  File "/workdir/sphinx-gallery-0.11.1/.tox/graalpylibtest-unit-test-tests/lib/python3.10/site-packages/pluggy/_callers.py", line 152, in _multicall
    return outcome.get_result()
  File "/workdir/sphinx-gallery-0.11.1/.tox/graalpylibtest-unit-test-tests/lib/python3.10/site-packages/pluggy/_result.py", line 114, in get_result
    raise exc.with_traceback(exc.__traceback__)
  File "/workdir/sphinx-gallery-0.11.1/.tox/graalpylibtest-unit-test-tests/lib/python3.10/site-packages/_pytest/runner.py", line 497, in setup
    raise exc
  File "/workdir/sphinx-gallery-0.11.1/.tox/graalpylibtest-unit-test-tests/lib/python3.10/site-packages/pluggy/_result.py", line 693, in get_result
  File "/workdir/sphinx-gallery-0.11.1/.tox/graalpylibtest-unit-test-tests/lib/python3.10/site-packages/_pytest/fixtures.py", line 1069, in execute
    result = ihook.pytest_fixture_setup(fixturedef=self, request=request)
  File "/workdir/sphinx-gallery-0.11.1/.tox/graalpylibtest-unit-test-tests/lib/python3.10/site-packages/pluggy/_hooks.py", line 493, in __call__
    return self._hookexec(self.name, self._hookimpls, kwargs, firstresult)
  File "/workdir/sphinx-gallery-0.11.1/.tox/graalpylibtest-unit-test-tests/lib/python3.10/site-packages/pluggy/_manager.py", line 115, in _hookexec
    return self._inner_hookexec(hook_name, methods, kwargs, firstresult)
  File "/workdir/sphinx-gallery-0.11.1/.tox/graalpylibtest-unit-test-tests/lib/python3.10/site-packages/pluggy/_callers.py", line 152, in _multicall
    return outcome.get_result()
  File "/workdir/sphinx-gallery-0.11.1/.tox/graalpylibtest-unit-test-tests/lib/python3.10/site-packages/pluggy/_result.py", line 114, in get_result
    raise exc.with_traceback(exc.__traceback__)
  File "/workdir/sphinx-gallery-0.11.1/sphinx_gallery/gen_gallery.py", line 97, in summarize_failing_examples
    'inspect_global_variables': True,
  File "/workdir/sphinx-gallery-0.11.1/sphinx_gallery/gen_gallery.py", line 852, in summarize_failing_examples
    raise ExtensionError(fail_message)
sphinx.errors.ExtensionError: Here is a summary of the problems encountered when running the examples

[91mUnexpected failing examples:[39;49;00m
/tmp/pytest-of-tester/pytest-10/root/examples/plot_pickle.py failed leaving traceback:
Traceback (most recent call last):
  File "/workdir/sphinx-gallery-0.11.1/.tox/graalpylibtest-unit-test-tests/lib/python3.10/site-packages/joblib/externals/loky/backend/fork_exec.py", line 365, in fork_exec
  File "/workdir/sphinx-gallery-0.11.1/.tox/graalpylibtest-unit-test-tests/lib/python3.10/site-packages/joblib/externals/loky/backend/fork_exec.py", line 38, in fork_exec
    pid = os.fork()
AttributeError: module 'os' has no attribute 'fork'


-------------------------------------------------------------------------------
------------------------------ Captured log setup ------------------------------
WARNING  matplotlib.animation:animation.py:1038 MovieWriter ffmpeg unavailable; using Pillow instead.
INFO     first_logger:plot_log.py:1 is in the same cell
INFO     first_logger:plot_log.py:1 is not in the same cell
________________________ ERROR at setup of test_optipng ________________________
Traceback (most recent call last):
  File "/workdir/sphinx-gallery-0.11.1/.tox/graalpylibtest-unit-test-tests/lib/python3.10/site-packages/pluggy/_result.py", line 341, in get_result
  File "/workdir/sphinx-gallery-0.11.1/.tox/graalpylibtest-unit-test-tests/lib/python3.10/site-packages/_pytest/runner.py", line 262, in <lambda>
    lambda: ihook(item=item, **kwds), when=when, reraise=reraise
  File "/workdir/sphinx-gallery-0.11.1/.tox/graalpylibtest-unit-test-tests/lib/python3.10/site-packages/pluggy/_hooks.py", line 493, in __call__
    return self._hookexec(self.name, self._hookimpls, kwargs, firstresult)
  File "/workdir/sphinx-gallery-0.11.1/.tox/graalpylibtest-unit-test-tests/lib/python3.10/site-packages/pluggy/_manager.py", line 115, in _hookexec
    return self._inner_hookexec(hook_name, methods, kwargs, firstresult)
  File "/workdir/sphinx-gallery-0.11.1/.tox/graalpylibtest-unit-test-tests/lib/python3.10/site-packages/pluggy/_callers.py", line 152, in _multicall
    return outcome.get_result()
  File "/workdir/sphinx-gallery-0.11.1/.tox/graalpylibtest-unit-test-tests/lib/python3.10/site-packages/pluggy/_result.py", line 114, in get_result
    raise exc.with_traceback(exc.__traceback__)
  File "/workdir/sphinx-gallery-0.11.1/.tox/graalpylibtest-unit-test-tests/lib/python3.10/site-packages/_pytest/runner.py", line 497, in setup
    raise exc
  File "/workdir/sphinx-gallery-0.11.1/.tox/graalpylibtest-unit-test-tests/lib/python3.10/site-packages/_pytest/fixtures.py", line 693, in execute
    fixturedef.execute(request=subrequest)
  File "/workdir/sphinx-gallery-0.11.1/.tox/graalpylibtest-unit-test-tests/lib/python3.10/site-packages/_pytest/fixtures.py", line 1059, in execute
    raise val.with_traceback(tb)
  File "/workdir/sphinx-gallery-0.11.1/sphinx_gallery/gen_gallery.py", line 97, in summarize_failing_examples
    'inspect_global_variables': True,
  File "/workdir/sphinx-gallery-0.11.1/sphinx_gallery/gen_gallery.py", line 852, in summarize_failing_examples
    raise ExtensionError(fail_message)
sphinx.errors.ExtensionError: Here is a summary of the problems encountered when running the examples

[91mUnexpected failing examples:[39;49;00m
/tmp/pytest-of-tester/pytest-10/root/examples/plot_pickle.py failed leaving traceback:
Traceback (most recent call last):
  File "/workdir/sphinx-gallery-0.11.1/.tox/graalpylibtest-unit-test-tests/lib/python3.10/site-packages/joblib/externals/loky/backend/fork_exec.py", line 365, in fork_exec
  File "/workdir/sphinx-gallery-0.11.1/.tox/graalpylibtest-unit-test-tests/lib/python3.10/site-packages/joblib/externals/loky/backend/fork_exec.py", line 38, in fork_exec
    pid = os.fork()
AttributeError: module 'os' has no attribute 'fork'


-------------------------------------------------------------------------------
_________________________ ERROR at setup of test_junit _________________________
Traceback (most recent call last):
  File "/workdir/sphinx-gallery-0.11.1/.tox/graalpylibtest-unit-test-tests/lib/python3.10/site-packages/pluggy/_result.py", line 341, in get_result
  File "/workdir/sphinx-gallery-0.11.1/.tox/graalpylibtest-unit-test-tests/lib/python3.10/site-packages/_pytest/runner.py", line 262, in <lambda>
    lambda: ihook(item=item, **kwds), when=when, reraise=reraise
  File "/workdir/sphinx-gallery-0.11.1/.tox/graalpylibtest-unit-test-tests/lib/python3.10/site-packages/pluggy/_hooks.py", line 493, in __call__
    return self._hookexec(self.name, self._hookimpls, kwargs, firstresult)
  File "/workdir/sphinx-gallery-0.11.1/.tox/graalpylibtest-unit-test-tests/lib/python3.10/site-packages/pluggy/_manager.py", line 115, in _hookexec
    return self._inner_hookexec(hook_name, methods, kwargs, firstresult)
  File "/workdir/sphinx-gallery-0.11.1/.tox/graalpylibtest-unit-test-tests/lib/python3.10/site-packages/pluggy/_callers.py", line 152, in _multicall
    return outcome.get_result()
  File "/workdir/sphinx-gallery-0.11.1/.tox/graalpylibtest-unit-test-tests/lib/python3.10/site-packages/pluggy/_result.py", line 114, in get_result
    raise exc.with_traceback(exc.__traceback__)
  File "/workdir/sphinx-gallery-0.11.1/.tox/graalpylibtest-unit-test-tests/lib/python3.10/site-packages/_pytest/runner.py", line 497, in setup
    raise exc
  File "/workdir/sphinx-gallery-0.11.1/.tox/graalpylibtest-unit-test-tests/lib/python3.10/site-packages/_pytest/fixtures.py", line 693, in execute
    fixturedef.execute(request=subrequest)
  File "/workdir/sphinx-gallery-0.11.1/.tox/graalpylibtest-unit-test-tests/lib/python3.10/site-packages/_pytest/fixtures.py", line 1059, in execute
    raise val.with_traceback(tb)
  File "/workdir/sphinx-gallery-0.11.1/sphinx_gallery/gen_gallery.py", line 97, in summarize_failing_examples
    'inspect_global_variables': True,
  File "/workdir/sphinx-gallery-0.11.1/sphinx_gallery/gen_gallery.py", line 852, in summarize_failing_examples
    raise ExtensionError(fail_message)
sphinx.errors.ExtensionError: Here is a summary of the problems encountered when running the examples

[91mUnexpected failing examples:[39;49;00m
/tmp/pytest-of-tester/pytest-10/root/examples/plot_pickle.py failed leaving traceback:
Traceback (most recent call last):
  File "/workdir/sphinx-gallery-0.11.1/.tox/graalpylibtest-unit-test-tests/lib/python3.10/site-packages/joblib/externals/loky/backend/fork_exec.py", line 365, in fork_exec
  File "/workdir/sphinx-gallery-0.11.1/.tox/graalpylibtest-unit-test-tests/lib/python3.10/site-packages/joblib/externals/loky/backend/fork_exec.py", line 38, in fork_exec
    pid = os.fork()
AttributeError: module 'os' has no attribute 'fork'


-------------------------------------------------------------------------------
______________________ ERROR at setup of test_run_sphinx _______________________
Traceback (most recent call last):
  File "/workdir/sphinx-gallery-0.11.1/.tox/graalpylibtest-unit-test-tests/lib/python3.10/site-packages/pluggy/_result.py", line 341, in get_result
  File "/workdir/sphinx-gallery-0.11.1/.tox/graalpylibtest-unit-test-tests/lib/python3.10/site-packages/_pytest/runner.py", line 262, in <lambda>
    lambda: ihook(item=item, **kwds), when=when, reraise=reraise
  File "/workdir/sphinx-gallery-0.11.1/.tox/graalpylibtest-unit-test-tests/lib/python3.10/site-packages/pluggy/_hooks.py", line 493, in __call__
    return self._hookexec(self.name, self._hookimpls, kwargs, firstresult)
  File "/workdir/sphinx-gallery-0.11.1/.tox/graalpylibtest-unit-test-tests/lib/python3.10/site-packages/pluggy/_manager.py", line 115, in _hookexec
    return self._inner_hookexec(hook_name, methods, kwargs, firstresult)
  File "/workdir/sphinx-gallery-0.11.1/.tox/graalpylibtest-unit-test-tests/lib/python3.10/site-packages/pluggy/_callers.py", line 152, in _multicall
    return outcome.get_result()
  File "/workdir/sphinx-gallery-0.11.1/.tox/graalpylibtest-unit-test-tests/lib/python3.10/site-packages/pluggy/_result.py", line 114, in get_result
    raise exc.with_traceback(exc.__traceback__)
  File "/workdir/sphinx-gallery-0.11.1/.tox/graalpylibtest-unit-test-tests/lib/python3.10/site-packages/_pytest/runner.py", line 497, in setup
    raise exc
  File "/workdir/sphinx-gallery-0.11.1/.tox/graalpylibtest-unit-test-tests/lib/python3.10/site-packages/_pytest/fixtures.py", line 693, in execute
    fixturedef.execute(request=subrequest)
  File "/workdir/sphinx-gallery-0.11.1/.tox/graalpylibtest-unit-test-tests/lib/python3.10/site-packages/_pytest/fixtures.py", line 1059, in execute
    raise val.with_traceback(tb)
  File "/workdir/sphinx-gallery-0.11.1/sphinx_gallery/gen_gallery.py", line 97, in summarize_failing_examples
    'inspect_global_variables': True,
  File "/workdir/sphinx-gallery-0.11.1/sphinx_gallery/gen_gallery.py", line 852, in summarize_failing_examples
    raise ExtensionError(fail_message)
sphinx.errors.ExtensionError: Here is a summary of the problems encountered when running the examples

[91mUnexpected failing examples:[39;49;00m
/tmp/pytest-of-tester/pytest-10/root/examples/plot_pickle.py failed leaving traceback:
Traceback (most recent call last):
  File "/workdir/sphinx-gallery-0.11.1/.tox/graalpylibtest-unit-test-tests/lib/python3.10/site-packages/joblib/externals/loky/backend/fork_exec.py", line 365, in fork_exec
  File "/workdir/sphinx-gallery-0.11.1/.tox/graalpylibtest-unit-test-tests/lib/python3.10/site-packages/joblib/externals/loky/backend/fork_exec.py", line 38, in fork_exec
    pid = os.fork()
AttributeError: module 'os' has no attribute 'fork'


-------------------------------------------------------------------------------
____________________ ERROR at setup of test_thumbnail_path _____________________
Traceback (most recent call last):
  File "/workdir/sphinx-gallery-0.11.1/.tox/graalpylibtest-unit-test-tests/lib/python3.10/site-packages/pluggy/_result.py", line 341, in get_result
  File "/workdir/sphinx-gallery-0.11.1/.tox/graalpylibtest-unit-test-tests/lib/python3.10/site-packages/_pytest/runner.py", line 262, in <lambda>
    lambda: ihook(item=item, **kwds), when=when, reraise=reraise
  File "/workdir/sphinx-gallery-0.11.1/.tox/graalpylibtest-unit-test-tests/lib/python3.10/site-packages/pluggy/_hooks.py", line 493, in __call__
    return self._hookexec(self.name, self._hookimpls, kwargs, firstresult)
  File "/workdir/sphinx-gallery-0.11.1/.tox/graalpylibtest-unit-test-tests/lib/python3.10/site-packages/pluggy/_manager.py", line 115, in _hookexec
    return self._inner_hookexec(hook_name, methods, kwargs, firstresult)
  File "/workdir/sphinx-gallery-0.11.1/.tox/graalpylibtest-unit-test-tests/lib/python3.10/site-packages/pluggy/_callers.py", line 152, in _multicall
    return outcome.get_result()
  File "/workdir/sphinx-gallery-0.11.1/.tox/graalpylibtest-unit-test-tests/lib/python3.10/site-packages/pluggy/_result.py", line 114, in get_result
    raise exc.with_traceback(exc.__traceback__)
  File "/workdir/sphinx-gallery-0.11.1/.tox/graalpylibtest-unit-test-tests/lib/python3.10/site-packages/_pytest/runner.py", line 497, in setup
    raise exc
  File "/workdir/sphinx-gallery-0.11.1/.tox/graalpylibtest-unit-test-tests/lib/python3.10/site-packages/_pytest/fixtures.py", line 693, in execute
    fixturedef.execute(request=subrequest)
  File "/workdir/sphinx-gallery-0.11.1/.tox/graalpylibtest-unit-test-tests/lib/python3.10/site-packages/_pytest/fixtures.py", line 1059, in execute
    raise val.with_traceback(tb)
  File "/workdir/sphinx-gallery-0.11.1/sphinx_gallery/gen_gallery.py", line 97, in summarize_failing_examples
    'inspect_global_variables': True,
  File "/workdir/sphinx-gallery-0.11.1/sphinx_gallery/gen_gallery.py", line 852, in summarize_failing_examples
    raise ExtensionError(fail_message)
sphinx.errors.ExtensionError: Here is a summary of the problems encountered when running the examples

[91mUnexpected failing examples:[39;49;00m
/tmp/pytest-of-tester/pytest-10/root/examples/plot_pickle.py failed leaving traceback:
Traceback (most recent call last):
  File "/workdir/sphinx-gallery-0.11.1/.tox/graalpylibtest-unit-test-tests/lib/python3.10/site-packages/joblib/externals/loky/backend/fork_exec.py", line 365, in fork_exec
  File "/workdir/sphinx-gallery-0.11.1/.tox/graalpylibtest-unit-test-tests/lib/python3.10/site-packages/joblib/externals/loky/backend/fork_exec.py", line 38, in fork_exec
    pid = os.fork()
AttributeError: module 'os' has no attribute 'fork'


-------------------------------------------------------------------------------
_______________ ERROR at setup of test_negative_thumbnail_config _______________
Traceback (most recent call last):
  File "/workdir/sphinx-gallery-0.11.1/.tox/graalpylibtest-unit-test-tests/lib/python3.10/site-packages/pluggy/_result.py", line 341, in get_result
  File "/workdir/sphinx-gallery-0.11.1/.tox/graalpylibtest-unit-test-tests/lib/python3.10/site-packages/_pytest/runner.py", line 262, in <lambda>
    lambda: ihook(item=item, **kwds), when=when, reraise=reraise
  File "/workdir/sphinx-gallery-0.11.1/.tox/graalpylibtest-unit-test-tests/lib/python3.10/site-packages/pluggy/_hooks.py", line 493, in __call__
    return self._hookexec(self.name, self._hookimpls, kwargs, firstresult)
  File "/workdir/sphinx-gallery-0.11.1/.tox/graalpylibtest-unit-test-tests/lib/python3.10/site-packages/pluggy/_manager.py", line 115, in _hookexec
    return self._inner_hookexec(hook_name, methods, kwargs, firstresult)
  File "/workdir/sphinx-gallery-0.11.1/.tox/graalpylibtest-unit-test-tests/lib/python3.10/site-packages/pluggy/_callers.py", line 152, in _multicall
    return outcome.get_result()
  File "/workdir/sphinx-gallery-0.11.1/.tox/graalpylibtest-unit-test-tests/lib/python3.10/site-packages/pluggy/_result.py", line 114, in get_result
    raise exc.with_traceback(exc.__traceback__)
  File "/workdir/sphinx-gallery-0.11.1/.tox/graalpylibtest-unit-test-tests/lib/python3.10/site-packages/_pytest/runner.py", line 497, in setup
    raise exc
  File "/workdir/sphinx-gallery-0.11.1/.tox/graalpylibtest-unit-test-tests/lib/python3.10/site-packages/_pytest/fixtures.py", line 693, in execute
    fixturedef.execute(request=subrequest)
  File "/workdir/sphinx-gallery-0.11.1/.tox/graalpylibtest-unit-test-tests/lib/python3.10/site-packages/_pytest/fixtures.py", line 1059, in execute
    raise val.with_traceback(tb)
  File "/workdir/sphinx-gallery-0.11.1/sphinx_gallery/gen_gallery.py", line 97, in summarize_failing_examples
    'inspect_global_variables': True,
  File "/workdir/sphinx-gallery-0.11.1/sphinx_gallery/gen_gallery.py", line 852, in summarize_failing_examples
    raise ExtensionError(fail_message)
sphinx.errors.ExtensionError: Here is a summary of the problems encountered when running the examples

[91mUnexpected failing examples:[39;49;00m
/tmp/pytest-of-tester/pytest-10/root/examples/plot_pickle.py failed leaving traceback:
Traceback (most recent call last):
  File "/workdir/sphinx-gallery-0.11.1/.tox/graalpylibtest-unit-test-tests/lib/python3.10/site-packages/joblib/externals/loky/backend/fork_exec.py", line 365, in fork_exec
  File "/workdir/sphinx-gallery-0.11.1/.tox/graalpylibtest-unit-test-tests/lib/python3.10/site-packages/joblib/externals/loky/backend/fork_exec.py", line 38, in fork_exec
    pid = os.fork()
AttributeError: module 'os' has no attribute 'fork'


-------------------------------------------------------------------------------
_________________ ERROR at setup of test_command_line_args_img _________________
Traceback (most recent call last):
  File "/workdir/sphinx-gallery-0.11.1/.tox/graalpylibtest-unit-test-tests/lib/python3.10/site-packages/pluggy/_result.py", line 341, in get_result
  File "/workdir/sphinx-gallery-0.11.1/.tox/graalpylibtest-unit-test-tests/lib/python3.10/site-packages/_pytest/runner.py", line 262, in <lambda>
    lambda: ihook(item=item, **kwds), when=when, reraise=reraise
  File "/workdir/sphinx-gallery-0.11.1/.tox/graalpylibtest-unit-test-tests/lib/python3.10/site-packages/pluggy/_hooks.py", line 493, in __call__
    return self._hookexec(self.name, self._hookimpls, kwargs, firstresult)
  File "/workdir/sphinx-gallery-0.11.1/.tox/graalpylibtest-unit-test-tests/lib/python3.10/site-packages/pluggy/_manager.py", line 115, in _hookexec
    return self._inner_hookexec(hook_name, methods, kwargs, firstresult)
  File "/workdir/sphinx-gallery-0.11.1/.tox/graalpylibtest-unit-test-tests/lib/python3.10/site-packages/pluggy/_callers.py", line 152, in _multicall
    return outcome.get_result()
  File "/workdir/sphinx-gallery-0.11.1/.tox/graalpylibtest-unit-test-tests/lib/python3.10/site-packages/pluggy/_result.py", line 114, in get_result
    raise exc.with_traceback(exc.__traceback__)
  File "/workdir/sphinx-gallery-0.11.1/.tox/graalpylibtest-unit-test-tests/lib/python3.10/site-packages/_pytest/runner.py", line 497, in setup
    raise exc
  File "/workdir/sphinx-gallery-0.11.1/.tox/graalpylibtest-unit-test-tests/lib/python3.10/site-packages/_pytest/fixtures.py", line 693, in execute
    fixturedef.execute(request=subrequest)
  File "/workdir/sphinx-gallery-0.11.1/.tox/graalpylibtest-unit-test-tests/lib/python3.10/site-packages/_pytest/fixtures.py", line 1059, in execute
    raise val.with_traceback(tb)
  File "/workdir/sphinx-gallery-0.11.1/sphinx_gallery/gen_gallery.py", line 97, in summarize_failing_examples
    'inspect_global_variables': True,
  File "/workdir/sphinx-gallery-0.11.1/sphinx_gallery/gen_gallery.py", line 852, in summarize_failing_examples
    raise ExtensionError(fail_message)
sphinx.errors.ExtensionError: Here is a summary of the problems encountered when running the examples

[91mUnexpected failing examples:[39;49;00m
/tmp/pytest-of-tester/pytest-10/root/examples/plot_pickle.py failed leaving traceback:
Traceback (most recent call last):
  File "/workdir/sphinx-gallery-0.11.1/.tox/graalpylibtest-unit-test-tests/lib/python3.10/site-packages/joblib/externals/loky/backend/fork_exec.py", line 365, in fork_exec
  File "/workdir/sphinx-gallery-0.11.1/.tox/graalpylibtest-unit-test-tests/lib/python3.10/site-packages/joblib/externals/loky/backend/fork_exec.py", line 38, in fork_exec
    pid = os.fork()
AttributeError: module 'os' has no attribute 'fork'


-------------------------------------------------------------------------------
_____________________ ERROR at setup of test_image_formats _____________________
Traceback (most recent call last):
  File "/workdir/sphinx-gallery-0.11.1/.tox/graalpylibtest-unit-test-tests/lib/python3.10/site-packages/pluggy/_result.py", line 341, in get_result
  File "/workdir/sphinx-gallery-0.11.1/.tox/graalpylibtest-unit-test-tests/lib/python3.10/site-packages/_pytest/runner.py", line 262, in <lambda>
    lambda: ihook(item=item, **kwds), when=when, reraise=reraise
  File "/workdir/sphinx-gallery-0.11.1/.tox/graalpylibtest-unit-test-tests/lib/python3.10/site-packages/pluggy/_hooks.py", line 493, in __call__
    return self._hookexec(self.name, self._hookimpls, kwargs, firstresult)
  File "/workdir/sphinx-gallery-0.11.1/.tox/graalpylibtest-unit-test-tests/lib/python3.10/site-packages/pluggy/_manager.py", line 115, in _hookexec
    return self._inner_hookexec(hook_name, methods, kwargs, firstresult)
  File "/workdir/sphinx-gallery-0.11.1/.tox/graalpylibtest-unit-test-tests/lib/python3.10/site-packages/pluggy/_callers.py", line 152, in _multicall
    return outcome.get_result()
  File "/workdir/sphinx-gallery-0.11.1/.tox/graalpylibtest-unit-test-tests/lib/python3.10/site-packages/pluggy/_result.py", line 114, in get_result
    raise exc.with_traceback(exc.__traceback__)
  File "/workdir/sphinx-gallery-0.11.1/.tox/graalpylibtest-unit-test-tests/lib/python3.10/site-packages/_pytest/runner.py", line 497, in setup
    raise exc
  File "/workdir/sphinx-gallery-0.11.1/.tox/graalpylibtest-unit-test-tests/lib/python3.10/site-packages/_pytest/fixtures.py", line 693, in execute
    fixturedef.execute(request=subrequest)
  File "/workdir/sphinx-gallery-0.11.1/.tox/graalpylibtest-unit-test-tests/lib/python3.10/site-packages/_pytest/fixtures.py", line 1059, in execute
    raise val.with_traceback(tb)
  File "/workdir/sphinx-gallery-0.11.1/sphinx_gallery/gen_gallery.py", line 97, in summarize_failing_examples
    'inspect_global_variables': True,
  File "/workdir/sphinx-gallery-0.11.1/sphinx_gallery/gen_gallery.py", line 852, in summarize_failing_examples
    raise ExtensionError(fail_message)
sphinx.errors.ExtensionError: Here is a summary of the problems encountered when running the examples

[91mUnexpected failing examples:[39;49;00m
/tmp/pytest-of-tester/pytest-10/root/examples/plot_pickle.py failed leaving traceback:
Traceback (most recent call last):
  File "/workdir/sphinx-gallery-0.11.1/.tox/graalpylibtest-unit-test-tests/lib/python3.10/site-packages/joblib/externals/loky/backend/fork_exec.py", line 365, in fork_exec
  File "/workdir/sphinx-gallery-0.11.1/.tox/graalpylibtest-unit-test-tests/lib/python3.10/site-packages/joblib/externals/loky/backend/fork_exec.py", line 38, in fork_exec
    pid = os.fork()
AttributeError: module 'os' has no attribute 'fork'


-------------------------------------------------------------------------------
___________________ ERROR at setup of test_repr_html_classes ___________________
Traceback (most recent call last):
  File "/workdir/sphinx-gallery-0.11.1/.tox/graalpylibtest-unit-test-tests/lib/python3.10/site-packages/pluggy/_result.py", line 341, in get_result
  File "/workdir/sphinx-gallery-0.11.1/.tox/graalpylibtest-unit-test-tests/lib/python3.10/site-packages/_pytest/runner.py", line 262, in <lambda>
    lambda: ihook(item=item, **kwds), when=when, reraise=reraise
  File "/workdir/sphinx-gallery-0.11.1/.tox/graalpylibtest-unit-test-tests/lib/python3.10/site-packages/pluggy/_hooks.py", line 493, in __call__
    return self._hookexec(self.name, self._hookimpls, kwargs, firstresult)
  File "/workdir/sphinx-gallery-0.11.1/.tox/graalpylibtest-unit-test-tests/lib/python3.10/site-packages/pluggy/_manager.py", line 115, in _hookexec
    return self._inner_hookexec(hook_name, methods, kwargs, firstresult)
  File "/workdir/sphinx-gallery-0.11.1/.tox/graalpylibtest-unit-test-tests/lib/python3.10/site-packages/pluggy/_callers.py", line 152, in _multicall
    return outcome.get_result()
  File "/workdir/sphinx-gallery-0.11.1/.tox/graalpylibtest-unit-test-tests/lib/python3.10/site-packages/pluggy/_result.py", line 114, in get_result
    raise exc.with_traceback(exc.__traceback__)
  File "/workdir/sphinx-gallery-0.11.1/.tox/graalpylibtest-unit-test-tests/lib/python3.10/site-packages/_pytest/runner.py", line 497, in setup
    raise exc
  File "/workdir/sphinx-gallery-0.11.1/.tox/graalpylibtest-unit-test-tests/lib/python3.10/site-packages/_pytest/fixtures.py", line 693, in execute
    fixturedef.execute(request=subrequest)
  File "/workdir/sphinx-gallery-0.11.1/.tox/graalpylibtest-unit-test-tests/lib/python3.10/site-packages/_pytest/fixtures.py", line 1059, in execute
    raise val.with_traceback(tb)
  File "/workdir/sphinx-gallery-0.11.1/sphinx_gallery/gen_gallery.py", line 97, in summarize_failing_examples
    'inspect_global_variables': True,
  File "/workdir/sphinx-gallery-0.11.1/sphinx_gallery/gen_gallery.py", line 852, in summarize_failing_examples
    raise ExtensionError(fail_message)
sphinx.errors.ExtensionError: Here is a summary of the problems encountered when running the examples

[91mUnexpected failing examples:[39;49;00m
/tmp/pytest-of-tester/pytest-10/root/examples/plot_pickle.py failed leaving traceback:
Traceback (most recent call last):
  File "/workdir/sphinx-gallery-0.11.1/.tox/graalpylibtest-unit-test-tests/lib/python3.10/site-packages/joblib/externals/loky/backend/fork_exec.py", line 365, in fork_exec
  File "/workdir/sphinx-gallery-0.11.1/.tox/graalpylibtest-unit-test-tests/lib/python3.10/site-packages/joblib/externals/loky/backend/fork_exec.py", line 38, in fork_exec
    pid = os.fork()
AttributeError: module 'os' has no attribute 'fork'


-------------------------------------------------------------------------------
________________ ERROR at setup of test_embed_links_and_styles _________________
Traceback (most recent call last):
  File "/workdir/sphinx-gallery-0.11.1/.tox/graalpylibtest-unit-test-tests/lib/python3.10/site-packages/pluggy/_result.py", line 341, in get_result
  File "/workdir/sphinx-gallery-0.11.1/.tox/graalpylibtest-unit-test-tests/lib/python3.10/site-packages/_pytest/runner.py", line 262, in <lambda>
    lambda: ihook(item=item, **kwds), when=when, reraise=reraise
  File "/workdir/sphinx-gallery-0.11.1/.tox/graalpylibtest-unit-test-tests/lib/python3.10/site-packages/pluggy/_hooks.py", line 493, in __call__
    return self._hookexec(self.name, self._hookimpls, kwargs, firstresult)
  File "/workdir/sphinx-gallery-0.11.1/.tox/graalpylibtest-unit-test-tests/lib/python3.10/site-packages/pluggy/_manager.py", line 115, in _hookexec
    return self._inner_hookexec(hook_name, methods, kwargs, firstresult)
  File "/workdir/sphinx-gallery-0.11.1/.tox/graalpylibtest-unit-test-tests/lib/python3.10/site-packages/pluggy/_callers.py", line 152, in _multicall
    return outcome.get_result()
  File "/workdir/sphinx-gallery-0.11.1/.tox/graalpylibtest-unit-test-tests/lib/python3.10/site-packages/pluggy/_result.py", line 114, in get_result
    raise exc.with_traceback(exc.__traceback__)
  File "/workdir/sphinx-gallery-0.11.1/.tox/graalpylibtest-unit-test-tests/lib/python3.10/site-packages/_pytest/runner.py", line 497, in setup
    raise exc
  File "/workdir/sphinx-gallery-0.11.1/.tox/graalpylibtest-unit-test-tests/lib/python3.10/site-packages/_pytest/fixtures.py", line 693, in execute
    fixturedef.execute(request=subrequest)
  File "/workdir/sphinx-gallery-0.11.1/.tox/graalpylibtest-unit-test-tests/lib/python3.10/site-packages/_pytest/fixtures.py", line 1059, in execute
    raise val.with_traceback(tb)
  File "/workdir/sphinx-gallery-0.11.1/sphinx_gallery/gen_gallery.py", line 97, in summarize_failing_examples
    'inspect_global_variables': True,
  File "/workdir/sphinx-gallery-0.11.1/sphinx_gallery/gen_gallery.py", line 852, in summarize_failing_examples
    raise ExtensionError(fail_message)
sphinx.errors.ExtensionError: Here is a summary of the problems encountered when running the examples

[91mUnexpected failing examples:[39;49;00m
/tmp/pytest-of-tester/pytest-10/root/examples/plot_pickle.py failed leaving traceback:
Traceback (most recent call last):
  File "/workdir/sphinx-gallery-0.11.1/.tox/graalpylibtest-unit-test-tests/lib/python3.10/site-packages/joblib/externals/loky/backend/fork_exec.py", line 365, in fork_exec
  File "/workdir/sphinx-gallery-0.11.1/.tox/graalpylibtest-unit-test-tests/lib/python3.10/site-packages/joblib/externals/loky/backend/fork_exec.py", line 38, in fork_exec
    pid = os.fork()
AttributeError: module 'os' has no attribute 'fork'


-------------------------------------------------------------------------------
____________________ ERROR at setup of test_backreferences _____________________
Traceback (most recent call last):
  File "/workdir/sphinx-gallery-0.11.1/.tox/graalpylibtest-unit-test-tests/lib/python3.10/site-packages/pluggy/_result.py", line 341, in get_result
  File "/workdir/sphinx-gallery-0.11.1/.tox/graalpylibtest-unit-test-tests/lib/python3.10/site-packages/_pytest/runner.py", line 262, in <lambda>
    lambda: ihook(item=item, **kwds), when=when, reraise=reraise
  File "/workdir/sphinx-gallery-0.11.1/.tox/graalpylibtest-unit-test-tests/lib/python3.10/site-packages/pluggy/_hooks.py", line 493, in __call__
    return self._hookexec(self.name, self._hookimpls, kwargs, firstresult)
  File "/workdir/sphinx-gallery-0.11.1/.tox/graalpylibtest-unit-test-tests/lib/python3.10/site-packages/pluggy/_manager.py", line 115, in _hookexec
    return self._inner_hookexec(hook_name, methods, kwargs, firstresult)
  File "/workdir/sphinx-gallery-0.11.1/.tox/graalpylibtest-unit-test-tests/lib/python3.10/site-packages/pluggy/_callers.py", line 152, in _multicall
    return outcome.get_result()
  File "/workdir/sphinx-gallery-0.11.1/.tox/graalpylibtest-unit-test-tests/lib/python3.10/site-packages/pluggy/_result.py", line 114, in get_result
    raise exc.with_traceback(exc.__traceback__)
  File "/workdir/sphinx-gallery-0.11.1/.tox/graalpylibtest-unit-test-tests/lib/python3.10/site-packages/_pytest/runner.py", line 497, in setup
    raise exc
  File "/workdir/sphinx-gallery-0.11.1/.tox/graalpylibtest-unit-test-tests/lib/python3.10/site-packages/_pytest/fixtures.py", line 693, in execute
    fixturedef.execute(request=subrequest)
  File "/workdir/sphinx-gallery-0.11.1/.tox/graalpylibtest-unit-test-tests/lib/python3.10/site-packages/_pytest/fixtures.py", line 1059, in execute
    raise val.with_traceback(tb)
  File "/workdir/sphinx-gallery-0.11.1/sphinx_gallery/gen_gallery.py", line 97, in summarize_failing_examples
    'inspect_global_variables': True,
  File "/workdir/sphinx-gallery-0.11.1/sphinx_gallery/gen_gallery.py", line 852, in summarize_failing_examples
    raise ExtensionError(fail_message)
sphinx.errors.ExtensionError: Here is a summary of the problems encountered when running the examples

[91mUnexpected failing examples:[39;49;00m
/tmp/pytest-of-tester/pytest-10/root/examples/plot_pickle.py failed leaving traceback:
Traceback (most recent call last):
  File "/workdir/sphinx-gallery-0.11.1/.tox/graalpylibtest-unit-test-tests/lib/python3.10/site-packages/joblib/externals/loky/backend/fork_exec.py", line 365, in fork_exec
  File "/workdir/sphinx-gallery-0.11.1/.tox/graalpylibtest-unit-test-tests/lib/python3.10/site-packages/joblib/externals/loky/backend/fork_exec.py", line 38, in fork_exec
    pid = os.fork()
AttributeError: module 'os' has no attribute 'fork'


-------------------------------------------------------------------------------
_ ERROR at setup of test_backreferences_examples_rst[sphinx_gallery.backreferences.identify_names.examples-plot_numpy_matplotlib] _
Traceback (most recent call last):
  File "/workdir/sphinx-gallery-0.11.1/.tox/graalpylibtest-unit-test-tests/lib/python3.10/site-packages/pluggy/_result.py", line 341, in get_result
  File "/workdir/sphinx-gallery-0.11.1/.tox/graalpylibtest-unit-test-tests/lib/python3.10/site-packages/_pytest/runner.py", line 262, in <lambda>
    lambda: ihook(item=item, **kwds), when=when, reraise=reraise
  File "/workdir/sphinx-gallery-0.11.1/.tox/graalpylibtest-unit-test-tests/lib/python3.10/site-packages/pluggy/_hooks.py", line 493, in __call__
    return self._hookexec(self.name, self._hookimpls, kwargs, firstresult)
  File "/workdir/sphinx-gallery-0.11.1/.tox/graalpylibtest-unit-test-tests/lib/python3.10/site-packages/pluggy/_manager.py", line 115, in _hookexec
    return self._inner_hookexec(hook_name, methods, kwargs, firstresult)
  File "/workdir/sphinx-gallery-0.11.1/.tox/graalpylibtest-unit-test-tests/lib/python3.10/site-packages/pluggy/_callers.py", line 152, in _multicall
    return outcome.get_result()
  File "/workdir/sphinx-gallery-0.11.1/.tox/graalpylibtest-unit-test-tests/lib/python3.10/site-packages/pluggy/_result.py", line 114, in get_result
    raise exc.with_traceback(exc.__traceback__)
  File "/workdir/sphinx-gallery-0.11.1/.tox/graalpylibtest-unit-test-tests/lib/python3.10/site-packages/_pytest/runner.py", line 497, in setup
    raise exc
  File "/workdir/sphinx-gallery-0.11.1/.tox/graalpylibtest-unit-test-tests/lib/python3.10/site-packages/_pytest/fixtures.py", line 693, in execute
    fixturedef.execute(request=subrequest)
  File "/workdir/sphinx-gallery-0.11.1/.tox/graalpylibtest-unit-test-tests/lib/python3.10/site-packages/_pytest/fixtures.py", line 1059, in execute
    raise val.with_traceback(tb)
  File "/workdir/sphinx-gallery-0.11.1/sphinx_gallery/gen_gallery.py", line 97, in summarize_failing_examples
    'inspect_global_variables': True,
  File "/workdir/sphinx-gallery-0.11.1/sphinx_gallery/gen_gallery.py", line 852, in summarize_failing_examples
    raise ExtensionError(fail_message)
sphinx.errors.ExtensionError: Here is a summary of the problems encountered when running the examples

[91mUnexpected failing examples:[39;49;00m
/tmp/pytest-of-tester/pytest-10/root/examples/plot_pickle.py failed leaving traceback:
Traceback (most recent call last):
  File "/workdir/sphinx-gallery-0.11.1/.tox/graalpylibtest-unit-test-tests/lib/python3.10/site-packages/joblib/externals/loky/backend/fork_exec.py", line 365, in fork_exec
  File "/workdir/sphinx-gallery-0.11.1/.tox/graalpylibtest-unit-test-tests/lib/python3.10/site-packages/joblib/externals/loky/backend/fork_exec.py", line 38, in fork_exec
    pid = os.fork()
AttributeError: module 'os' has no attribute 'fork'


-------------------------------------------------------------------------------
_ ERROR at setup of test_backreferences_examples_rst[sphinx_gallery.sorting.ExplicitOrder.examples-plot_second_future_imports] _
Traceback (most recent call last):
  File "/workdir/sphinx-gallery-0.11.1/.tox/graalpylibtest-unit-test-tests/lib/python3.10/site-packages/pluggy/_result.py", line 341, in get_result
  File "/workdir/sphinx-gallery-0.11.1/.tox/graalpylibtest-unit-test-tests/lib/python3.10/site-packages/_pytest/runner.py", line 262, in <lambda>
    lambda: ihook(item=item, **kwds), when=when, reraise=reraise
  File "/workdir/sphinx-gallery-0.11.1/.tox/graalpylibtest-unit-test-tests/lib/python3.10/site-packages/pluggy/_hooks.py", line 493, in __call__
    return self._hookexec(self.name, self._hookimpls, kwargs, firstresult)
  File "/workdir/sphinx-gallery-0.11.1/.tox/graalpylibtest-unit-test-tests/lib/python3.10/site-packages/pluggy/_manager.py", line 115, in _hookexec
    return self._inner_hookexec(hook_name, methods, kwargs, firstresult)
  File "/workdir/sphinx-gallery-0.11.1/.tox/graalpylibtest-unit-test-tests/lib/python3.10/site-packages/pluggy/_callers.py", line 152, in _multicall
    return outcome.get_result()
  File "/workdir/sphinx-gallery-0.11.1/.tox/graalpylibtest-unit-test-tests/lib/python3.10/site-packages/pluggy/_result.py", line 114, in get_result
    raise exc.with_traceback(exc.__traceback__)
  File "/workdir/sphinx-gallery-0.11.1/.tox/graalpylibtest-unit-test-tests/lib/python3.10/site-packages/_pytest/runner.py", line 497, in setup
    raise exc
  File "/workdir/sphinx-gallery-0.11.1/.tox/graalpylibtest-unit-test-tests/lib/python3.10/site-packages/_pytest/fixtures.py", line 693, in execute
    fixturedef.execute(request=subrequest)
  File "/workdir/sphinx-gallery-0.11.1/.tox/graalpylibtest-unit-test-tests/lib/python3.10/site-packages/_pytest/fixtures.py", line 1059, in execute
    raise val.with_traceback(tb)
  File "/workdir/sphinx-gallery-0.11.1/sphinx_gallery/gen_gallery.py", line 97, in summarize_failing_examples
    'inspect_global_variables': True,
  File "/workdir/sphinx-gallery-0.11.1/sphinx_gallery/gen_gallery.py", line 852, in summarize_failing_examples
    raise ExtensionError(fail_message)
sphinx.errors.ExtensionError: Here is a summary of the problems encountered when running the examples

[91mUnexpected failing examples:[39;49;00m
/tmp/pytest-of-tester/pytest-10/root/examples/plot_pickle.py failed leaving traceback:
Traceback (most recent call last):
  File "/workdir/sphinx-gallery-0.11.1/.tox/graalpylibtest-unit-test-tests/lib/python3.10/site-packages/joblib/externals/loky/backend/fork_exec.py", line 365, in fork_exec
  File "/workdir/sphinx-gallery-0.11.1/.tox/graalpylibtest-unit-test-tests/lib/python3.10/site-packages/joblib/externals/loky/backend/fork_exec.py", line 38, in fork_exec
    pid = os.fork()
AttributeError: module 'os' has no attribute 'fork'


-------------------------------------------------------------------------------
_____________ ERROR at setup of test_backreferences_examples_html ______________
Traceback (most recent call last):
  File "/workdir/sphinx-gallery-0.11.1/.tox/graalpylibtest-unit-test-tests/lib/python3.10/site-packages/pluggy/_result.py", line 341, in get_result
  File "/workdir/sphinx-gallery-0.11.1/.tox/graalpylibtest-unit-test-tests/lib/python3.10/site-packages/_pytest/runner.py", line 262, in <lambda>
    lambda: ihook(item=item, **kwds), when=when, reraise=reraise
  File "/workdir/sphinx-gallery-0.11.1/.tox/graalpylibtest-unit-test-tests/lib/python3.10/site-packages/pluggy/_hooks.py", line 493, in __call__
    return self._hookexec(self.name, self._hookimpls, kwargs, firstresult)
  File "/workdir/sphinx-gallery-0.11.1/.tox/graalpylibtest-unit-test-tests/lib/python3.10/site-packages/pluggy/_manager.py", line 115, in _hookexec
    return self._inner_hookexec(hook_name, methods, kwargs, firstresult)
  File "/workdir/sphinx-gallery-0.11.1/.tox/graalpylibtest-unit-test-tests/lib/python3.10/site-packages/pluggy/_callers.py", line 152, in _multicall
    return outcome.get_result()
  File "/workdir/sphinx-gallery-0.11.1/.tox/graalpylibtest-unit-test-tests/lib/python3.10/site-packages/pluggy/_result.py", line 114, in get_result
    raise exc.with_traceback(exc.__traceback__)
  File "/workdir/sphinx-gallery-0.11.1/.tox/graalpylibtest-unit-test-tests/lib/python3.10/site-packages/_pytest/runner.py", line 497, in setup
    raise exc
  File "/workdir/sphinx-gallery-0.11.1/.tox/graalpylibtest-unit-test-tests/lib/python3.10/site-packages/_pytest/fixtures.py", line 693, in execute
    fixturedef.execute(request=subrequest)
  File "/workdir/sphinx-gallery-0.11.1/.tox/graalpylibtest-unit-test-tests/lib/python3.10/site-packages/_pytest/fixtures.py", line 1059, in execute
    raise val.with_traceback(tb)
  File "/workdir/sphinx-gallery-0.11.1/sphinx_gallery/gen_gallery.py", line 97, in summarize_failing_examples
    'inspect_global_variables': True,
  File "/workdir/sphinx-gallery-0.11.1/sphinx_gallery/gen_gallery.py", line 852, in summarize_failing_examples
    raise ExtensionError(fail_message)
sphinx.errors.ExtensionError: Here is a summary of the problems encountered when running the examples

[91mUnexpected failing examples:[39;49;00m
/tmp/pytest-of-tester/pytest-10/root/examples/plot_pickle.py failed leaving traceback:
Traceback (most recent call last):
  File "/workdir/sphinx-gallery-0.11.1/.tox/graalpylibtest-unit-test-tests/lib/python3.10/site-packages/joblib/externals/loky/backend/fork_exec.py", line 365, in fork_exec
  File "/workdir/sphinx-gallery-0.11.1/.tox/graalpylibtest-unit-test-tests/lib/python3.10/site-packages/joblib/externals/loky/backend/fork_exec.py", line 38, in fork_exec
    pid = os.fork()
AttributeError: module 'os' has no attribute 'fork'


-------------------------------------------------------------------------------
__________________ ERROR at setup of test_logging_std_nested ___________________
Traceback (most recent call last):
  File "/workdir/sphinx-gallery-0.11.1/.tox/graalpylibtest-unit-test-tests/lib/python3.10/site-packages/pluggy/_result.py", line 341, in get_result
  File "/workdir/sphinx-gallery-0.11.1/.tox/graalpylibtest-unit-test-tests/lib/python3.10/site-packages/_pytest/runner.py", line 262, in <lambda>
    lambda: ihook(item=item, **kwds), when=when, reraise=reraise
  File "/workdir/sphinx-gallery-0.11.1/.tox/graalpylibtest-unit-test-tests/lib/python3.10/site-packages/pluggy/_hooks.py", line 493, in __call__
    return self._hookexec(self.name, self._hookimpls, kwargs, firstresult)
  File "/workdir/sphinx-gallery-0.11.1/.tox/graalpylibtest-unit-test-tests/lib/python3.10/site-packages/pluggy/_manager.py", line 115, in _hookexec
    return self._inner_hookexec(hook_name, methods, kwargs, firstresult)
  File "/workdir/sphinx-gallery-0.11.1/.tox/graalpylibtest-unit-test-tests/lib/python3.10/site-packages/pluggy/_callers.py", line 152, in _multicall
    return outcome.get_result()
  File "/workdir/sphinx-gallery-0.11.1/.tox/graalpylibtest-unit-test-tests/lib/python3.10/site-packages/pluggy/_result.py", line 114, in get_result
    raise exc.with_traceback(exc.__traceback__)
  File "/workdir/sphinx-gallery-0.11.1/.tox/graalpylibtest-unit-test-tests/lib/python3.10/site-packages/_pytest/runner.py", line 497, in setup
    raise exc
  File "/workdir/sphinx-gallery-0.11.1/.tox/graalpylibtest-unit-test-tests/lib/python3.10/site-packages/_pytest/fixtures.py", line 693, in execute
    fixturedef.execute(request=subrequest)
  File "/workdir/sphinx-gallery-0.11.1/.tox/graalpylibtest-unit-test-tests/lib/python3.10/site-packages/_pytest/fixtures.py", line 1059, in execute
    raise val.with_traceback(tb)
  File "/workdir/sphinx-gallery-0.11.1/sphinx_gallery/gen_gallery.py", line 97, in summarize_failing_examples
    'inspect_global_variables': True,
  File "/workdir/sphinx-gallery-0.11.1/sphinx_gallery/gen_gallery.py", line 852, in summarize_failing_examples
    raise ExtensionError(fail_message)
sphinx.errors.ExtensionError: Here is a summary of the problems encountered when running the examples

[91mUnexpected failing examples:[39;49;00m
/tmp/pytest-of-tester/pytest-10/root/examples/plot_pickle.py failed leaving traceback:
Traceback (most recent call last):
  File "/workdir/sphinx-gallery-0.11.1/.tox/graalpylibtest-unit-test-tests/lib/python3.10/site-packages/joblib/externals/loky/backend/fork_exec.py", line 365, in fork_exec
  File "/workdir/sphinx-gallery-0.11.1/.tox/graalpylibtest-unit-test-tests/lib/python3.10/site-packages/joblib/externals/loky/backend/fork_exec.py", line 38, in fork_exec
    pid = os.fork()
AttributeError: module 'os' has no attribute 'fork'


-------------------------------------------------------------------------------
________________________ ERROR at setup of test_rebuild ________________________
Traceback (most recent call last):
  File "/workdir/sphinx-gallery-0.11.1/.tox/graalpylibtest-unit-test-tests/lib/python3.10/site-packages/pluggy/_result.py", line 341, in get_result
  File "/workdir/sphinx-gallery-0.11.1/.tox/graalpylibtest-unit-test-tests/lib/python3.10/site-packages/_pytest/runner.py", line 262, in <lambda>
    lambda: ihook(item=item, **kwds), when=when, reraise=reraise
  File "/workdir/sphinx-gallery-0.11.1/.tox/graalpylibtest-unit-test-tests/lib/python3.10/site-packages/pluggy/_hooks.py", line 493, in __call__
    return self._hookexec(self.name, self._hookimpls, kwargs, firstresult)
  File "/workdir/sphinx-gallery-0.11.1/.tox/graalpylibtest-unit-test-tests/lib/python3.10/site-packages/pluggy/_manager.py", line 115, in _hookexec
    return self._inner_hookexec(hook_name, methods, kwargs, firstresult)
  File "/workdir/sphinx-gallery-0.11.1/.tox/graalpylibtest-unit-test-tests/lib/python3.10/site-packages/pluggy/_callers.py", line 152, in _multicall
    return outcome.get_result()
  File "/workdir/sphinx-gallery-0.11.1/.tox/graalpylibtest-unit-test-tests/lib/python3.10/site-packages/pluggy/_result.py", line 114, in get_result
    raise exc.with_traceback(exc.__traceback__)
  File "/workdir/sphinx-gallery-0.11.1/.tox/graalpylibtest-unit-test-tests/lib/python3.10/site-packages/_pytest/runner.py", line 497, in setup
    raise exc
  File "/workdir/sphinx-gallery-0.11.1/.tox/graalpylibtest-unit-test-tests/lib/python3.10/site-packages/_pytest/fixtures.py", line 693, in execute
    fixturedef.execute(request=subrequest)
  File "/workdir/sphinx-gallery-0.11.1/.tox/graalpylibtest-unit-test-tests/lib/python3.10/site-packages/_pytest/fixtures.py", line 1059, in execute
    raise val.with_traceback(tb)
  File "/workdir/sphinx-gallery-0.11.1/sphinx_gallery/gen_gallery.py", line 97, in summarize_failing_examples
    'inspect_global_variables': True,
  File "/workdir/sphinx-gallery-0.11.1/sphinx_gallery/gen_gallery.py", line 852, in summarize_failing_examples
    raise ExtensionError(fail_message)
sphinx.errors.ExtensionError: Here is a summary of the problems encountered when running the examples

[91mUnexpected failing examples:[39;49;00m
/tmp/pytest-of-tester/pytest-10/root/examples/plot_pickle.py failed leaving traceback:
Traceback (most recent call last):
  File "/workdir/sphinx-gallery-0.11.1/.tox/graalpylibtest-unit-test-tests/lib/python3.10/site-packages/joblib/externals/loky/backend/fork_exec.py", line 365, in fork_exec
  File "/workdir/sphinx-gallery-0.11.1/.tox/graalpylibtest-unit-test-tests/lib/python3.10/site-packages/joblib/externals/loky/backend/fork_exec.py", line 38, in fork_exec
    pid = os.fork()
AttributeError: module 'os' has no attribute 'fork'


-------------------------------------------------------------------------------
_ ERROR at setup of test_error_messages[future/plot_future_imports_broken-.*RuntimeError.*Forcing this example to fail on Python 3.*] _
Traceback (most recent call last):
  File "/workdir/sphinx-gallery-0.11.1/.tox/graalpylibtest-unit-test-tests/lib/python3.10/site-packages/pluggy/_result.py", line 341, in get_result
  File "/workdir/sphinx-gallery-0.11.1/.tox/graalpylibtest-unit-test-tests/lib/python3.10/site-packages/_pytest/runner.py", line 262, in <lambda>
    lambda: ihook(item=item, **kwds), when=when, reraise=reraise
  File "/workdir/sphinx-gallery-0.11.1/.tox/graalpylibtest-unit-test-tests/lib/python3.10/site-packages/pluggy/_hooks.py", line 493, in __call__
    return self._hookexec(self.name, self._hookimpls, kwargs, firstresult)
  File "/workdir/sphinx-gallery-0.11.1/.tox/graalpylibtest-unit-test-tests/lib/python3.10/site-packages/pluggy/_manager.py", line 115, in _hookexec
    return self._inner_hookexec(hook_name, methods, kwargs, firstresult)
  File "/workdir/sphinx-gallery-0.11.1/.tox/graalpylibtest-unit-test-tests/lib/python3.10/site-packages/pluggy/_callers.py", line 152, in _multicall
    return outcome.get_result()
  File "/workdir/sphinx-gallery-0.11.1/.tox/graalpylibtest-unit-test-tests/lib/python3.10/site-packages/pluggy/_result.py", line 114, in get_result
    raise exc.with_traceback(exc.__traceback__)
  File "/workdir/sphinx-gallery-0.11.1/.tox/graalpylibtest-unit-test-tests/lib/python3.10/site-packages/_pytest/runner.py", line 497, in setup
    raise exc
  File "/workdir/sphinx-gallery-0.11.1/.tox/graalpylibtest-unit-test-tests/lib/python3.10/site-packages/_pytest/fixtures.py", line 693, in execute
    fixturedef.execute(request=subrequest)
  File "/workdir/sphinx-gallery-0.11.1/.tox/graalpylibtest-unit-test-tests/lib/python3.10/site-packages/_pytest/fixtures.py", line 1059, in execute
    raise val.with_traceback(tb)
  File "/workdir/sphinx-gallery-0.11.1/sphinx_gallery/gen_gallery.py", line 97, in summarize_failing_examples
    'inspect_global_variables': True,
  File "/workdir/sphinx-gallery-0.11.1/sphinx_gallery/gen_gallery.py", line 852, in summarize_failing_examples
    raise ExtensionError(fail_message)
sphinx.errors.ExtensionError: Here is a summary of the problems encountered when running the examples

[91mUnexpected failing examples:[39;49;00m
/tmp/pytest-of-tester/pytest-10/root/examples/plot_pickle.py failed leaving traceback:
Traceback (most recent call last):
  File "/workdir/sphinx-gallery-0.11.1/.tox/graalpylibtest-unit-test-tests/lib/python3.10/site-packages/joblib/externals/loky/backend/fork_exec.py", line 365, in fork_exec
  File "/workdir/sphinx-gallery-0.11.1/.tox/graalpylibtest-unit-test-tests/lib/python3.10/site-packages/joblib/externals/loky/backend/fork_exec.py", line 38, in fork_exec
    pid = os.fork()
AttributeError: module 'os' has no attribute 'fork'


-------------------------------------------------------------------------------
_ ERROR at setup of test_error_messages[plot_scraper_broken-.*ValueError.*zero-size array to reduction.*] _
Traceback (most recent call last):
  File "/workdir/sphinx-gallery-0.11.1/.tox/graalpylibtest-unit-test-tests/lib/python3.10/site-packages/pluggy/_result.py", line 341, in get_result
  File "/workdir/sphinx-gallery-0.11.1/.tox/graalpylibtest-unit-test-tests/lib/python3.10/site-packages/_pytest/runner.py", line 262, in <lambda>
    lambda: ihook(item=item, **kwds), when=when, reraise=reraise
  File "/workdir/sphinx-gallery-0.11.1/.tox/graalpylibtest-unit-test-tests/lib/python3.10/site-packages/pluggy/_hooks.py", line 493, in __call__
    return self._hookexec(self.name, self._hookimpls, kwargs, firstresult)
  File "/workdir/sphinx-gallery-0.11.1/.tox/graalpylibtest-unit-test-tests/lib/python3.10/site-packages/pluggy/_manager.py", line 115, in _hookexec
    return self._inner_hookexec(hook_name, methods, kwargs, firstresult)
  File "/workdir/sphinx-gallery-0.11.1/.tox/graalpylibtest-unit-test-tests/lib/python3.10/site-packages/pluggy/_callers.py", line 152, in _multicall
    return outcome.get_result()
  File "/workdir/sphinx-gallery-0.11.1/.tox/graalpylibtest-unit-test-tests/lib/python3.10/site-packages/pluggy/_result.py", line 114, in get_result
    raise exc.with_traceback(exc.__traceback__)
  File "/workdir/sphinx-gallery-0.11.1/.tox/graalpylibtest-unit-test-tests/lib/python3.10/site-packages/_pytest/runner.py", line 497, in setup
    raise exc
  File "/workdir/sphinx-gallery-0.11.1/.tox/graalpylibtest-unit-test-tests/lib/python3.10/site-packages/_pytest/fixtures.py", line 693, in execute
    fixturedef.execute(request=subrequest)
  File "/workdir/sphinx-gallery-0.11.1/.tox/graalpylibtest-unit-test-tests/lib/python3.10/site-packages/_pytest/fixtures.py", line 1059, in execute
    raise val.with_traceback(tb)
  File "/workdir/sphinx-gallery-0.11.1/sphinx_gallery/gen_gallery.py", line 97, in summarize_failing_examples
    'inspect_global_variables': True,
  File "/workdir/sphinx-gallery-0.11.1/sphinx_gallery/gen_gallery.py", line 852, in summarize_failing_examples
    raise ExtensionError(fail_message)
sphinx.errors.ExtensionError: Here is a summary of the problems encountered when running the examples

[91mUnexpected failing examples:[39;49;00m
/tmp/pytest-of-tester/pytest-10/root/examples/plot_pickle.py failed leaving traceback:
Traceback (most recent call last):
  File "/workdir/sphinx-gallery-0.11.1/.tox/graalpylibtest-unit-test-tests/lib/python3.10/site-packages/joblib/externals/loky/backend/fork_exec.py", line 365, in fork_exec
  File "/workdir/sphinx-gallery-0.11.1/.tox/graalpylibtest-unit-test-tests/lib/python3.10/site-packages/joblib/externals/loky/backend/fork_exec.py", line 38, in fork_exec
    pid = os.fork()
AttributeError: module 'os' has no attribute 'fork'


-------------------------------------------------------------------------------
____________________ ERROR at setup of test_alt_text_image _____________________
Traceback (most recent call last):
  File "/workdir/sphinx-gallery-0.11.1/.tox/graalpylibtest-unit-test-tests/lib/python3.10/site-packages/pluggy/_result.py", line 341, in get_result
  File "/workdir/sphinx-gallery-0.11.1/.tox/graalpylibtest-unit-test-tests/lib/python3.10/site-packages/_pytest/runner.py", line 262, in <lambda>
    lambda: ihook(item=item, **kwds), when=when, reraise=reraise
  File "/workdir/sphinx-gallery-0.11.1/.tox/graalpylibtest-unit-test-tests/lib/python3.10/site-packages/pluggy/_hooks.py", line 493, in __call__
    return self._hookexec(self.name, self._hookimpls, kwargs, firstresult)
  File "/workdir/sphinx-gallery-0.11.1/.tox/graalpylibtest-unit-test-tests/lib/python3.10/site-packages/pluggy/_manager.py", line 115, in _hookexec
    return self._inner_hookexec(hook_name, methods, kwargs, firstresult)
  File "/workdir/sphinx-gallery-0.11.1/.tox/graalpylibtest-unit-test-tests/lib/python3.10/site-packages/pluggy/_callers.py", line 152, in _multicall
    return outcome.get_result()
  File "/workdir/sphinx-gallery-0.11.1/.tox/graalpylibtest-unit-test-tests/lib/python3.10/site-packages/pluggy/_result.py", line 114, in get_result
    raise exc.with_traceback(exc.__traceback__)
  File "/workdir/sphinx-gallery-0.11.1/.tox/graalpylibtest-unit-test-tests/lib/python3.10/site-packages/_pytest/runner.py", line 497, in setup
    raise exc
  File "/workdir/sphinx-gallery-0.11.1/.tox/graalpylibtest-unit-test-tests/lib/python3.10/site-packages/_pytest/fixtures.py", line 693, in execute
    fixturedef.execute(request=subrequest)
  File "/workdir/sphinx-gallery-0.11.1/.tox/graalpylibtest-unit-test-tests/lib/python3.10/site-packages/_pytest/fixtures.py", line 1059, in execute
    raise val.with_traceback(tb)
  File "/workdir/sphinx-gallery-0.11.1/sphinx_gallery/gen_gallery.py", line 97, in summarize_failing_examples
    'inspect_global_variables': True,
  File "/workdir/sphinx-gallery-0.11.1/sphinx_gallery/gen_gallery.py", line 852, in summarize_failing_examples
    raise ExtensionError(fail_message)
sphinx.errors.ExtensionError: Here is a summary of the problems encountered when running the examples

[91mUnexpected failing examples:[39;49;00m
/tmp/pytest-of-tester/pytest-10/root/examples/plot_pickle.py failed leaving traceback:
Traceback (most recent call last):
  File "/workdir/sphinx-gallery-0.11.1/.tox/graalpylibtest-unit-test-tests/lib/python3.10/site-packages/joblib/externals/loky/backend/fork_exec.py", line 365, in fork_exec
  File "/workdir/sphinx-gallery-0.11.1/.tox/graalpylibtest-unit-test-tests/lib/python3.10/site-packages/joblib/externals/loky/backend/fork_exec.py", line 38, in fork_exec
    pid = os.fork()
AttributeError: module 'os' has no attribute 'fork'


-------------------------------------------------------------------------------
__________________ ERROR at setup of test_alt_text_thumbnail ___________________
Traceback (most recent call last):
  File "/workdir/sphinx-gallery-0.11.1/.tox/graalpylibtest-unit-test-tests/lib/python3.10/site-packages/pluggy/_result.py", line 341, in get_result
  File "/workdir/sphinx-gallery-0.11.1/.tox/graalpylibtest-unit-test-tests/lib/python3.10/site-packages/_pytest/runner.py", line 262, in <lambda>
    lambda: ihook(item=item, **kwds), when=when, reraise=reraise
  File "/workdir/sphinx-gallery-0.11.1/.tox/graalpylibtest-unit-test-tests/lib/python3.10/site-packages/pluggy/_hooks.py", line 493, in __call__
    return self._hookexec(self.name, self._hookimpls, kwargs, firstresult)
  File "/workdir/sphinx-gallery-0.11.1/.tox/graalpylibtest-unit-test-tests/lib/python3.10/site-packages/pluggy/_manager.py", line 115, in _hookexec
    return self._inner_hookexec(hook_name, methods, kwargs, firstresult)
  File "/workdir/sphinx-gallery-0.11.1/.tox/graalpylibtest-unit-test-tests/lib/python3.10/site-packages/pluggy/_callers.py", line 152, in _multicall
    return outcome.get_result()
  File "/workdir/sphinx-gallery-0.11.1/.tox/graalpylibtest-unit-test-tests/lib/python3.10/site-packages/pluggy/_result.py", line 114, in get_result
    raise exc.with_traceback(exc.__traceback__)
  File "/workdir/sphinx-gallery-0.11.1/.tox/graalpylibtest-unit-test-tests/lib/python3.10/site-packages/_pytest/runner.py", line 497, in setup
    raise exc
  File "/workdir/sphinx-gallery-0.11.1/.tox/graalpylibtest-unit-test-tests/lib/python3.10/site-packages/_pytest/fixtures.py", line 693, in execute
    fixturedef.execute(request=subrequest)
  File "/workdir/sphinx-gallery-0.11.1/.tox/graalpylibtest-unit-test-tests/lib/python3.10/site-packages/_pytest/fixtures.py", line 1059, in execute
    raise val.with_traceback(tb)
  File "/workdir/sphinx-gallery-0.11.1/sphinx_gallery/gen_gallery.py", line 97, in summarize_failing_examples
    'inspect_global_variables': True,
  File "/workdir/sphinx-gallery-0.11.1/sphinx_gallery/gen_gallery.py", line 852, in summarize_failing_examples
    raise ExtensionError(fail_message)
sphinx.errors.ExtensionError: Here is a summary of the problems encountered when running the examples

[91mUnexpected failing examples:[39;49;00m
/tmp/pytest-of-tester/pytest-10/root/examples/plot_pickle.py failed leaving traceback:
Traceback (most recent call last):
  File "/workdir/sphinx-gallery-0.11.1/.tox/graalpylibtest-unit-test-tests/lib/python3.10/site-packages/joblib/externals/loky/backend/fork_exec.py", line 365, in fork_exec
  File "/workdir/sphinx-gallery-0.11.1/.tox/graalpylibtest-unit-test-tests/lib/python3.10/site-packages/joblib/externals/loky/backend/fork_exec.py", line 38, in fork_exec
    pid = os.fork()
AttributeError: module 'os' has no attribute 'fork'


-------------------------------------------------------------------------------
_________________ ERROR at setup of test_backreference_labels __________________
Traceback (most recent call last):
  File "/workdir/sphinx-gallery-0.11.1/.tox/graalpylibtest-unit-test-tests/lib/python3.10/site-packages/pluggy/_result.py", line 341, in get_result
  File "/workdir/sphinx-gallery-0.11.1/.tox/graalpylibtest-unit-test-tests/lib/python3.10/site-packages/_pytest/runner.py", line 262, in <lambda>
    lambda: ihook(item=item, **kwds), when=when, reraise=reraise
  File "/workdir/sphinx-gallery-0.11.1/.tox/graalpylibtest-unit-test-tests/lib/python3.10/site-packages/pluggy/_hooks.py", line 493, in __call__
    return self._hookexec(self.name, self._hookimpls, kwargs, firstresult)
  File "/workdir/sphinx-gallery-0.11.1/.tox/graalpylibtest-unit-test-tests/lib/python3.10/site-packages/pluggy/_manager.py", line 115, in _hookexec
    return self._inner_hookexec(hook_name, methods, kwargs, firstresult)
  File "/workdir/sphinx-gallery-0.11.1/.tox/graalpylibtest-unit-test-tests/lib/python3.10/site-packages/pluggy/_callers.py", line 152, in _multicall
    return outcome.get_result()
  File "/workdir/sphinx-gallery-0.11.1/.tox/graalpylibtest-unit-test-tests/lib/python3.10/site-packages/pluggy/_result.py", line 114, in get_result
    raise exc.with_traceback(exc.__traceback__)
  File "/workdir/sphinx-gallery-0.11.1/.tox/graalpylibtest-unit-test-tests/lib/python3.10/site-packages/_pytest/runner.py", line 497, in setup
    raise exc
  File "/workdir/sphinx-gallery-0.11.1/.tox/graalpylibtest-unit-test-tests/lib/python3.10/site-packages/_pytest/fixtures.py", line 693, in execute
    fixturedef.execute(request=subrequest)
  File "/workdir/sphinx-gallery-0.11.1/.tox/graalpylibtest-unit-test-tests/lib/python3.10/site-packages/_pytest/fixtures.py", line 1059, in execute
    raise val.with_traceback(tb)
  File "/workdir/sphinx-gallery-0.11.1/sphinx_gallery/gen_gallery.py", line 97, in summarize_failing_examples
    'inspect_global_variables': True,
  File "/workdir/sphinx-gallery-0.11.1/sphinx_gallery/gen_gallery.py", line 852, in summarize_failing_examples
    raise ExtensionError(fail_message)
sphinx.errors.ExtensionError: Here is a summary of the problems encountered when running the examples

[91mUnexpected failing examples:[39;49;00m
/tmp/pytest-of-tester/pytest-10/root/examples/plot_pickle.py failed leaving traceback:
Traceback (most recent call last):
  File "/workdir/sphinx-gallery-0.11.1/.tox/graalpylibtest-unit-test-tests/lib/python3.10/site-packages/joblib/externals/loky/backend/fork_exec.py", line 365, in fork_exec
  File "/workdir/sphinx-gallery-0.11.1/.tox/graalpylibtest-unit-test-tests/lib/python3.10/site-packages/joblib/externals/loky/backend/fork_exec.py", line 38, in fork_exec
    pid = os.fork()
AttributeError: module 'os' has no attribute 'fork'


-------------------------------------------------------------------------------
________ ERROR at setup of test_minigallery_directive[Test 1-N-5-False] ________
Traceback (most recent call last):
  File "/workdir/sphinx-gallery-0.11.1/.tox/graalpylibtest-unit-test-tests/lib/python3.10/site-packages/pluggy/_result.py", line 341, in get_result
  File "/workdir/sphinx-gallery-0.11.1/.tox/graalpylibtest-unit-test-tests/lib/python3.10/site-packages/_pytest/runner.py", line 262, in <lambda>
    lambda: ihook(item=item, **kwds), when=when, reraise=reraise
  File "/workdir/sphinx-gallery-0.11.1/.tox/graalpylibtest-unit-test-tests/lib/python3.10/site-packages/pluggy/_hooks.py", line 493, in __call__
    return self._hookexec(self.name, self._hookimpls, kwargs, firstresult)
  File "/workdir/sphinx-gallery-0.11.1/.tox/graalpylibtest-unit-test-tests/lib/python3.10/site-packages/pluggy/_manager.py", line 115, in _hookexec
    return self._inner_hookexec(hook_name, methods, kwargs, firstresult)
  File "/workdir/sphinx-gallery-0.11.1/.tox/graalpylibtest-unit-test-tests/lib/python3.10/site-packages/pluggy/_callers.py", line 152, in _multicall
    return outcome.get_result()
  File "/workdir/sphinx-gallery-0.11.1/.tox/graalpylibtest-unit-test-tests/lib/python3.10/site-packages/pluggy/_result.py", line 114, in get_result
    raise exc.with_traceback(exc.__traceback__)
  File "/workdir/sphinx-gallery-0.11.1/.tox/graalpylibtest-unit-test-tests/lib/python3.10/site-packages/_pytest/runner.py", line 497, in setup
    raise exc
  File "/workdir/sphinx-gallery-0.11.1/.tox/graalpylibtest-unit-test-tests/lib/python3.10/site-packages/_pytest/fixtures.py", line 693, in execute
    fixturedef.execute(request=subrequest)
  File "/workdir/sphinx-gallery-0.11.1/.tox/graalpylibtest-unit-test-tests/lib/python3.10/site-packages/_pytest/fixtures.py", line 1059, in execute
    raise val.with_traceback(tb)
  File "/workdir/sphinx-gallery-0.11.1/sphinx_gallery/gen_gallery.py", line 97, in summarize_failing_examples
    'inspect_global_variables': True,
  File "/workdir/sphinx-gallery-0.11.1/sphinx_gallery/gen_gallery.py", line 852, in summarize_failing_examples
    raise ExtensionError(fail_message)
sphinx.errors.ExtensionError: Here is a summary of the problems encountered when running the examples

[91mUnexpected failing examples:[39;49;00m
/tmp/pytest-of-tester/pytest-10/root/examples/plot_pickle.py failed leaving traceback:
Traceback (most recent call last):
  File "/workdir/sphinx-gallery-0.11.1/.tox/graalpylibtest-unit-test-tests/lib/python3.10/site-packages/joblib/externals/loky/backend/fork_exec.py", line 365, in fork_exec
  File "/workdir/sphinx-gallery-0.11.1/.tox/graalpylibtest-unit-test-tests/lib/python3.10/site-packages/joblib/externals/loky/backend/fork_exec.py", line 38, in fork_exec
    pid = os.fork()
AttributeError: module 'os' has no attribute 'fork'


-------------------------------------------------------------------------------
_______ ERROR at setup of test_minigallery_directive[Test 1-D-D-7-False] _______
Traceback (most recent call last):
  File "/workdir/sphinx-gallery-0.11.1/.tox/graalpylibtest-unit-test-tests/lib/python3.10/site-packages/pluggy/_result.py", line 341, in get_result
  File "/workdir/sphinx-gallery-0.11.1/.tox/graalpylibtest-unit-test-tests/lib/python3.10/site-packages/_pytest/runner.py", line 262, in <lambda>
    lambda: ihook(item=item, **kwds), when=when, reraise=reraise
  File "/workdir/sphinx-gallery-0.11.1/.tox/graalpylibtest-unit-test-tests/lib/python3.10/site-packages/pluggy/_hooks.py", line 493, in __call__
    return self._hookexec(self.name, self._hookimpls, kwargs, firstresult)
  File "/workdir/sphinx-gallery-0.11.1/.tox/graalpylibtest-unit-test-tests/lib/python3.10/site-packages/pluggy/_manager.py", line 115, in _hookexec
    return self._inner_hookexec(hook_name, methods, kwargs, firstresult)
  File "/workdir/sphinx-gallery-0.11.1/.tox/graalpylibtest-unit-test-tests/lib/python3.10/site-packages/pluggy/_callers.py", line 152, in _multicall
    return outcome.get_result()
  File "/workdir/sphinx-gallery-0.11.1/.tox/graalpylibtest-unit-test-tests/lib/python3.10/site-packages/pluggy/_result.py", line 114, in get_result
    raise exc.with_traceback(exc.__traceback__)
  File "/workdir/sphinx-gallery-0.11.1/.tox/graalpylibtest-unit-test-tests/lib/python3.10/site-packages/_pytest/runner.py", line 497, in setup
    raise exc
  File "/workdir/sphinx-gallery-0.11.1/.tox/graalpylibtest-unit-test-tests/lib/python3.10/site-packages/_pytest/fixtures.py", line 693, in execute
    fixturedef.execute(request=subrequest)
  File "/workdir/sphinx-gallery-0.11.1/.tox/graalpylibtest-unit-test-tests/lib/python3.10/site-packages/_pytest/fixtures.py", line 1059, in execute
    raise val.with_traceback(tb)
  File "/workdir/sphinx-gallery-0.11.1/sphinx_gallery/gen_gallery.py", line 97, in summarize_failing_examples
    'inspect_global_variables': True,
  File "/workdir/sphinx-gallery-0.11.1/sphinx_gallery/gen_gallery.py", line 852, in summarize_failing_examples
    raise ExtensionError(fail_message)
sphinx.errors.ExtensionError: Here is a summary of the problems encountered when running the examples

[91mUnexpected failing examples:[39;49;00m
/tmp/pytest-of-tester/pytest-10/root/examples/plot_pickle.py failed leaving traceback:
Traceback (most recent call last):
  File "/workdir/sphinx-gallery-0.11.1/.tox/graalpylibtest-unit-test-tests/lib/python3.10/site-packages/joblib/externals/loky/backend/fork_exec.py", line 365, in fork_exec
  File "/workdir/sphinx-gallery-0.11.1/.tox/graalpylibtest-unit-test-tests/lib/python3.10/site-packages/joblib/externals/loky/backend/fork_exec.py", line 38, in fork_exec
    pid = os.fork()
AttributeError: module 'os' has no attribute 'fork'


-------------------------------------------------------------------------------
_______ ERROR at setup of test_minigallery_directive[Test 1-D-C-7-False] _______
Traceback (most recent call last):
  File "/workdir/sphinx-gallery-0.11.1/.tox/graalpylibtest-unit-test-tests/lib/python3.10/site-packages/pluggy/_result.py", line 341, in get_result
  File "/workdir/sphinx-gallery-0.11.1/.tox/graalpylibtest-unit-test-tests/lib/python3.10/site-packages/_pytest/runner.py", line 262, in <lambda>
    lambda: ihook(item=item, **kwds), when=when, reraise=reraise
  File "/workdir/sphinx-gallery-0.11.1/.tox/graalpylibtest-unit-test-tests/lib/python3.10/site-packages/pluggy/_hooks.py", line 493, in __call__
    return self._hookexec(self.name, self._hookimpls, kwargs, firstresult)
  File "/workdir/sphinx-gallery-0.11.1/.tox/graalpylibtest-unit-test-tests/lib/python3.10/site-packages/pluggy/_manager.py", line 115, in _hookexec
    return self._inner_hookexec(hook_name, methods, kwargs, firstresult)
  File "/workdir/sphinx-gallery-0.11.1/.tox/graalpylibtest-unit-test-tests/lib/python3.10/site-packages/pluggy/_callers.py", line 152, in _multicall
    return outcome.get_result()
  File "/workdir/sphinx-gallery-0.11.1/.tox/graalpylibtest-unit-test-tests/lib/python3.10/site-packages/pluggy/_result.py", line 114, in get_result
    raise exc.with_traceback(exc.__traceback__)
  File "/workdir/sphinx-gallery-0.11.1/.tox/graalpylibtest-unit-test-tests/lib/python3.10/site-packages/_pytest/runner.py", line 497, in setup
    raise exc
  File "/workdir/sphinx-gallery-0.11.1/.tox/graalpylibtest-unit-test-tests/lib/python3.10/site-packages/_pytest/fixtures.py", line 693, in execute
    fixturedef.execute(request=subrequest)
  File "/workdir/sphinx-gallery-0.11.1/.tox/graalpylibtest-unit-test-tests/lib/python3.10/site-packages/_pytest/fixtures.py", line 1059, in execute
    raise val.with_traceback(tb)
  File "/workdir/sphinx-gallery-0.11.1/sphinx_gallery/gen_gallery.py", line 97, in summarize_failing_examples
    'inspect_global_variables': True,
  File "/workdir/sphinx-gallery-0.11.1/sphinx_gallery/gen_gallery.py", line 852, in summarize_failing_examples
    raise ExtensionError(fail_message)
sphinx.errors.ExtensionError: Here is a summary of the problems encountered when running the examples

[91mUnexpected failing examples:[39;49;00m
/tmp/pytest-of-tester/pytest-10/root/examples/plot_pickle.py failed leaving traceback:
Traceback (most recent call last):
  File "/workdir/sphinx-gallery-0.11.1/.tox/graalpylibtest-unit-test-tests/lib/python3.10/site-packages/joblib/externals/loky/backend/fork_exec.py", line 365, in fork_exec
  File "/workdir/sphinx-gallery-0.11.1/.tox/graalpylibtest-unit-test-tests/lib/python3.10/site-packages/joblib/externals/loky/backend/fork_exec.py", line 38, in fork_exec
    pid = os.fork()
AttributeError: module 'os' has no attribute 'fork'


-------------------------------------------------------------------------------
_______ ERROR at setup of test_minigallery_directive[Test 1-C-D-8-False] _______
Traceback (most recent call last):
  File "/workdir/sphinx-gallery-0.11.1/.tox/graalpylibtest-unit-test-tests/lib/python3.10/site-packages/pluggy/_result.py", line 341, in get_result
  File "/workdir/sphinx-gallery-0.11.1/.tox/graalpylibtest-unit-test-tests/lib/python3.10/site-packages/_pytest/runner.py", line 262, in <lambda>
    lambda: ihook(item=item, **kwds), when=when, reraise=reraise
  File "/workdir/sphinx-gallery-0.11.1/.tox/graalpylibtest-unit-test-tests/lib/python3.10/site-packages/pluggy/_hooks.py", line 493, in __call__
    return self._hookexec(self.name, self._hookimpls, kwargs, firstresult)
  File "/workdir/sphinx-gallery-0.11.1/.tox/graalpylibtest-unit-test-tests/lib/python3.10/site-packages/pluggy/_manager.py", line 115, in _hookexec
    return self._inner_hookexec(hook_name, methods, kwargs, firstresult)
  File "/workdir/sphinx-gallery-0.11.1/.tox/graalpylibtest-unit-test-tests/lib/python3.10/site-packages/pluggy/_callers.py", line 152, in _multicall
    return outcome.get_result()
  File "/workdir/sphinx-gallery-0.11.1/.tox/graalpylibtest-unit-test-tests/lib/python3.10/site-packages/pluggy/_result.py", line 114, in get_result
    raise exc.with_traceback(exc.__traceback__)
  File "/workdir/sphinx-gallery-0.11.1/.tox/graalpylibtest-unit-test-tests/lib/python3.10/site-packages/_pytest/runner.py", line 497, in setup
    raise exc
  File "/workdir/sphinx-gallery-0.11.1/.tox/graalpylibtest-unit-test-tests/lib/python3.10/site-packages/_pytest/fixtures.py", line 693, in execute
    fixturedef.execute(request=subrequest)
  File "/workdir/sphinx-gallery-0.11.1/.tox/graalpylibtest-unit-test-tests/lib/python3.10/site-packages/_pytest/fixtures.py", line 1059, in execute
    raise val.with_traceback(tb)
  File "/workdir/sphinx-gallery-0.11.1/sphinx_gallery/gen_gallery.py", line 97, in summarize_failing_examples
    'inspect_global_variables': True,
  File "/workdir/sphinx-gallery-0.11.1/sphinx_gallery/gen_gallery.py", line 852, in summarize_failing_examples
    raise ExtensionError(fail_message)
sphinx.errors.ExtensionError: Here is a summary of the problems encountered when running the examples

[91mUnexpected failing examples:[39;49;00m
/tmp/pytest-of-tester/pytest-10/root/examples/plot_pickle.py failed leaving traceback:
Traceback (most recent call last):
  File "/workdir/sphinx-gallery-0.11.1/.tox/graalpylibtest-unit-test-tests/lib/python3.10/site-packages/joblib/externals/loky/backend/fork_exec.py", line 365, in fork_exec
  File "/workdir/sphinx-gallery-0.11.1/.tox/graalpylibtest-unit-test-tests/lib/python3.10/site-packages/joblib/externals/loky/backend/fork_exec.py", line 38, in fork_exec
    pid = os.fork()
AttributeError: module 'os' has no attribute 'fork'


-------------------------------------------------------------------------------
________ ERROR at setup of test_minigallery_directive[Test 2-N-10-True] ________
Traceback (most recent call last):
  File "/workdir/sphinx-gallery-0.11.1/.tox/graalpylibtest-unit-test-tests/lib/python3.10/site-packages/pluggy/_result.py", line 341, in get_result
  File "/workdir/sphinx-gallery-0.11.1/.tox/graalpylibtest-unit-test-tests/lib/python3.10/site-packages/_pytest/runner.py", line 262, in <lambda>
    lambda: ihook(item=item, **kwds), when=when, reraise=reraise
  File "/workdir/sphinx-gallery-0.11.1/.tox/graalpylibtest-unit-test-tests/lib/python3.10/site-packages/pluggy/_hooks.py", line 493, in __call__
    return self._hookexec(self.name, self._hookimpls, kwargs, firstresult)
  File "/workdir/sphinx-gallery-0.11.1/.tox/graalpylibtest-unit-test-tests/lib/python3.10/site-packages/pluggy/_manager.py", line 115, in _hookexec
    return self._inner_hookexec(hook_name, methods, kwargs, firstresult)
  File "/workdir/sphinx-gallery-0.11.1/.tox/graalpylibtest-unit-test-tests/lib/python3.10/site-packages/pluggy/_callers.py", line 152, in _multicall
    return outcome.get_result()
  File "/workdir/sphinx-gallery-0.11.1/.tox/graalpylibtest-unit-test-tests/lib/python3.10/site-packages/pluggy/_result.py", line 114, in get_result
    raise exc.with_traceback(exc.__traceback__)
  File "/workdir/sphinx-gallery-0.11.1/.tox/graalpylibtest-unit-test-tests/lib/python3.10/site-packages/_pytest/runner.py", line 497, in setup
    raise exc
  File "/workdir/sphinx-gallery-0.11.1/.tox/graalpylibtest-unit-test-tests/lib/python3.10/site-packages/_pytest/fixtures.py", line 693, in execute
    fixturedef.execute(request=subrequest)
  File "/workdir/sphinx-gallery-0.11.1/.tox/graalpylibtest-unit-test-tests/lib/python3.10/site-packages/_pytest/fixtures.py", line 1059, in execute
    raise val.with_traceback(tb)
  File "/workdir/sphinx-gallery-0.11.1/sphinx_gallery/gen_gallery.py", line 97, in summarize_failing_examples
    'inspect_global_variables': True,
  File "/workdir/sphinx-gallery-0.11.1/sphinx_gallery/gen_gallery.py", line 852, in summarize_failing_examples
    raise ExtensionError(fail_message)
sphinx.errors.ExtensionError: Here is a summary of the problems encountered when running the examples

[91mUnexpected failing examples:[39;49;00m
/tmp/pytest-of-tester/pytest-10/root/examples/plot_pickle.py failed leaving traceback:
Traceback (most recent call last):
  File "/workdir/sphinx-gallery-0.11.1/.tox/graalpylibtest-unit-test-tests/lib/python3.10/site-packages/joblib/externals/loky/backend/fork_exec.py", line 365, in fork_exec
  File "/workdir/sphinx-gallery-0.11.1/.tox/graalpylibtest-unit-test-tests/lib/python3.10/site-packages/joblib/externals/loky/backend/fork_exec.py", line 38, in fork_exec
    pid = os.fork()
AttributeError: module 'os' has no attribute 'fork'


-------------------------------------------------------------------------------
_______ ERROR at setup of test_minigallery_directive[Test 2-D-D-13-True] _______
Traceback (most recent call last):
  File "/workdir/sphinx-gallery-0.11.1/.tox/graalpylibtest-unit-test-tests/lib/python3.10/site-packages/pluggy/_result.py", line 341, in get_result
  File "/workdir/sphinx-gallery-0.11.1/.tox/graalpylibtest-unit-test-tests/lib/python3.10/site-packages/_pytest/runner.py", line 262, in <lambda>
    lambda: ihook(item=item, **kwds), when=when, reraise=reraise
  File "/workdir/sphinx-gallery-0.11.1/.tox/graalpylibtest-unit-test-tests/lib/python3.10/site-packages/pluggy/_hooks.py", line 493, in __call__
    return self._hookexec(self.name, self._hookimpls, kwargs, firstresult)
  File "/workdir/sphinx-gallery-0.11.1/.tox/graalpylibtest-unit-test-tests/lib/python3.10/site-packages/pluggy/_manager.py", line 115, in _hookexec
    return self._inner_hookexec(hook_name, methods, kwargs, firstresult)
  File "/workdir/sphinx-gallery-0.11.1/.tox/graalpylibtest-unit-test-tests/lib/python3.10/site-packages/pluggy/_callers.py", line 152, in _multicall
    return outcome.get_result()
  File "/workdir/sphinx-gallery-0.11.1/.tox/graalpylibtest-unit-test-tests/lib/python3.10/site-packages/pluggy/_result.py", line 114, in get_result
    raise exc.with_traceback(exc.__traceback__)
  File "/workdir/sphinx-gallery-0.11.1/.tox/graalpylibtest-unit-test-tests/lib/python3.10/site-packages/_pytest/runner.py", line 497, in setup
    raise exc
  File "/workdir/sphinx-gallery-0.11.1/.tox/graalpylibtest-unit-test-tests/lib/python3.10/site-packages/_pytest/fixtures.py", line 693, in execute
    fixturedef.execute(request=subrequest)
  File "/workdir/sphinx-gallery-0.11.1/.tox/graalpylibtest-unit-test-tests/lib/python3.10/site-packages/_pytest/fixtures.py", line 1059, in execute
    raise val.with_traceback(tb)
  File "/workdir/sphinx-gallery-0.11.1/sphinx_gallery/gen_gallery.py", line 97, in summarize_failing_examples
    'inspect_global_variables': True,
  File "/workdir/sphinx-gallery-0.11.1/sphinx_gallery/gen_gallery.py", line 852, in summarize_failing_examples
    raise ExtensionError(fail_message)
sphinx.errors.ExtensionError: Here is a summary of the problems encountered when running the examples

[91mUnexpected failing examples:[39;49;00m
/tmp/pytest-of-tester/pytest-10/root/examples/plot_pickle.py failed leaving traceback:
Traceback (most recent call last):
  File "/workdir/sphinx-gallery-0.11.1/.tox/graalpylibtest-unit-test-tests/lib/python3.10/site-packages/joblib/externals/loky/backend/fork_exec.py", line 365, in fork_exec
  File "/workdir/sphinx-gallery-0.11.1/.tox/graalpylibtest-unit-test-tests/lib/python3.10/site-packages/joblib/externals/loky/backend/fork_exec.py", line 38, in fork_exec
    pid = os.fork()
AttributeError: module 'os' has no attribute 'fork'


-------------------------------------------------------------------------------
_______ ERROR at setup of test_minigallery_directive[Test 2-C-C-14-True] _______
Traceback (most recent call last):
  File "/workdir/sphinx-gallery-0.11.1/.tox/graalpylibtest-unit-test-tests/lib/python3.10/site-packages/pluggy/_result.py", line 341, in get_result
  File "/workdir/sphinx-gallery-0.11.1/.tox/graalpylibtest-unit-test-tests/lib/python3.10/site-packages/_pytest/runner.py", line 262, in <lambda>
    lambda: ihook(item=item, **kwds), when=when, reraise=reraise
  File "/workdir/sphinx-gallery-0.11.1/.tox/graalpylibtest-unit-test-tests/lib/python3.10/site-packages/pluggy/_hooks.py", line 493, in __call__
    return self._hookexec(self.name, self._hookimpls, kwargs, firstresult)
  File "/workdir/sphinx-gallery-0.11.1/.tox/graalpylibtest-unit-test-tests/lib/python3.10/site-packages/pluggy/_manager.py", line 115, in _hookexec
    return self._inner_hookexec(hook_name, methods, kwargs, firstresult)
  File "/workdir/sphinx-gallery-0.11.1/.tox/graalpylibtest-unit-test-tests/lib/python3.10/site-packages/pluggy/_callers.py", line 152, in _multicall
    return outcome.get_result()
  File "/workdir/sphinx-gallery-0.11.1/.tox/graalpylibtest-unit-test-tests/lib/python3.10/site-packages/pluggy/_result.py", line 114, in get_result
    raise exc.with_traceback(exc.__traceback__)
  File "/workdir/sphinx-gallery-0.11.1/.tox/graalpylibtest-unit-test-tests/lib/python3.10/site-packages/_pytest/runner.py", line 497, in setup
    raise exc
  File "/workdir/sphinx-gallery-0.11.1/.tox/graalpylibtest-unit-test-tests/lib/python3.10/site-packages/_pytest/fixtures.py", line 693, in execute
    fixturedef.execute(request=subrequest)
  File "/workdir/sphinx-gallery-0.11.1/.tox/graalpylibtest-unit-test-tests/lib/python3.10/site-packages/_pytest/fixtures.py", line 1059, in execute
    raise val.with_traceback(tb)
  File "/workdir/sphinx-gallery-0.11.1/sphinx_gallery/gen_gallery.py", line 97, in summarize_failing_examples
    'inspect_global_variables': True,
  File "/workdir/sphinx-gallery-0.11.1/sphinx_gallery/gen_gallery.py", line 852, in summarize_failing_examples
    raise ExtensionError(fail_message)
sphinx.errors.ExtensionError: Here is a summary of the problems encountered when running the examples

[91mUnexpected failing examples:[39;49;00m
/tmp/pytest-of-tester/pytest-10/root/examples/plot_pickle.py failed leaving traceback:
Traceback (most recent call last):
  File "/workdir/sphinx-gallery-0.11.1/.tox/graalpylibtest-unit-test-tests/lib/python3.10/site-packages/joblib/externals/loky/backend/fork_exec.py", line 365, in fork_exec
  File "/workdir/sphinx-gallery-0.11.1/.tox/graalpylibtest-unit-test-tests/lib/python3.10/site-packages/joblib/externals/loky/backend/fork_exec.py", line 38, in fork_exec
    pid = os.fork()
AttributeError: module 'os' has no attribute 'fork'


-------------------------------------------------------------------------------
_______________ ERROR at setup of test_matplotlib_warning_filter _______________
Traceback (most recent call last):
  File "/workdir/sphinx-gallery-0.11.1/.tox/graalpylibtest-unit-test-tests/lib/python3.10/site-packages/pluggy/_result.py", line 341, in get_result
  File "/workdir/sphinx-gallery-0.11.1/.tox/graalpylibtest-unit-test-tests/lib/python3.10/site-packages/_pytest/runner.py", line 262, in <lambda>
    lambda: ihook(item=item, **kwds), when=when, reraise=reraise
  File "/workdir/sphinx-gallery-0.11.1/.tox/graalpylibtest-unit-test-tests/lib/python3.10/site-packages/pluggy/_hooks.py", line 493, in __call__
    return self._hookexec(self.name, self._hookimpls, kwargs, firstresult)
  File "/workdir/sphinx-gallery-0.11.1/.tox/graalpylibtest-unit-test-tests/lib/python3.10/site-packages/pluggy/_manager.py", line 115, in _hookexec
    return self._inner_hookexec(hook_name, methods, kwargs, firstresult)
  File "/workdir/sphinx-gallery-0.11.1/.tox/graalpylibtest-unit-test-tests/lib/python3.10/site-packages/pluggy/_callers.py", line 152, in _multicall
    return outcome.get_result()
  File "/workdir/sphinx-gallery-0.11.1/.tox/graalpylibtest-unit-test-tests/lib/python3.10/site-packages/pluggy/_result.py", line 114, in get_result
    raise exc.with_traceback(exc.__traceback__)
  File "/workdir/sphinx-gallery-0.11.1/.tox/graalpylibtest-unit-test-tests/lib/python3.10/site-packages/_pytest/runner.py", line 497, in setup
    raise exc
  File "/workdir/sphinx-gallery-0.11.1/.tox/graalpylibtest-unit-test-tests/lib/python3.10/site-packages/_pytest/fixtures.py", line 693, in execute
    fixturedef.execute(request=subrequest)
  File "/workdir/sphinx-gallery-0.11.1/.tox/graalpylibtest-unit-test-tests/lib/python3.10/site-packages/_pytest/fixtures.py", line 1059, in execute
    raise val.with_traceback(tb)
  File "/workdir/sphinx-gallery-0.11.1/sphinx_gallery/gen_gallery.py", line 97, in summarize_failing_examples
    'inspect_global_variables': True,
  File "/workdir/sphinx-gallery-0.11.1/sphinx_gallery/gen_gallery.py", line 852, in summarize_failing_examples
    raise ExtensionError(fail_message)
sphinx.errors.ExtensionError: Here is a summary of the problems encountered when running the examples

[91mUnexpected failing examples:[39;49;00m
/tmp/pytest-of-tester/pytest-10/root/examples/plot_pickle.py failed leaving traceback:
Traceback (most recent call last):
  File "/workdir/sphinx-gallery-0.11.1/.tox/graalpylibtest-unit-test-tests/lib/python3.10/site-packages/joblib/externals/loky/backend/fork_exec.py", line 365, in fork_exec
  File "/workdir/sphinx-gallery-0.11.1/.tox/graalpylibtest-unit-test-tests/lib/python3.10/site-packages/joblib/externals/loky/backend/fork_exec.py", line 38, in fork_exec
    pid = os.fork()
AttributeError: module 'os' has no attribute 'fork'


-------------------------------------------------------------------------------
________________ ERROR at setup of test_jupyter_notebook_pandoc ________________
Traceback (most recent call last):
  File "/workdir/sphinx-gallery-0.11.1/.tox/graalpylibtest-unit-test-tests/lib/python3.10/site-packages/pluggy/_result.py", line 341, in get_result
  File "/workdir/sphinx-gallery-0.11.1/.tox/graalpylibtest-unit-test-tests/lib/python3.10/site-packages/_pytest/runner.py", line 262, in <lambda>
    lambda: ihook(item=item, **kwds), when=when, reraise=reraise
  File "/workdir/sphinx-gallery-0.11.1/.tox/graalpylibtest-unit-test-tests/lib/python3.10/site-packages/pluggy/_hooks.py", line 493, in __call__
    return self._hookexec(self.name, self._hookimpls, kwargs, firstresult)
  File "/workdir/sphinx-gallery-0.11.1/.tox/graalpylibtest-unit-test-tests/lib/python3.10/site-packages/pluggy/_manager.py", line 115, in _hookexec
    return self._inner_hookexec(hook_name, methods, kwargs, firstresult)
  File "/workdir/sphinx-gallery-0.11.1/.tox/graalpylibtest-unit-test-tests/lib/python3.10/site-packages/pluggy/_callers.py", line 152, in _multicall
    return outcome.get_result()
  File "/workdir/sphinx-gallery-0.11.1/.tox/graalpylibtest-unit-test-tests/lib/python3.10/site-packages/pluggy/_result.py", line 114, in get_result
    raise exc.with_traceback(exc.__traceback__)
  File "/workdir/sphinx-gallery-0.11.1/.tox/graalpylibtest-unit-test-tests/lib/python3.10/site-packages/_pytest/runner.py", line 497, in setup
    raise exc
  File "/workdir/sphinx-gallery-0.11.1/.tox/graalpylibtest-unit-test-tests/lib/python3.10/site-packages/_pytest/fixtures.py", line 693, in execute
    fixturedef.execute(request=subrequest)
  File "/workdir/sphinx-gallery-0.11.1/.tox/graalpylibtest-unit-test-tests/lib/python3.10/site-packages/_pytest/fixtures.py", line 1059, in execute
    raise val.with_traceback(tb)
  File "/workdir/sphinx-gallery-0.11.1/sphinx_gallery/gen_gallery.py", line 97, in summarize_failing_examples
    'inspect_global_variables': True,
  File "/workdir/sphinx-gallery-0.11.1/sphinx_gallery/gen_gallery.py", line 852, in summarize_failing_examples
    raise ExtensionError(fail_message)
sphinx.errors.ExtensionError: Here is a summary of the problems encountered when running the examples

[91mUnexpected failing examples:[39;49;00m
/tmp/pytest-of-tester/pytest-10/root/examples/plot_pickle.py failed leaving traceback:
Traceback (most recent call last):
  File "/workdir/sphinx-gallery-0.11.1/.tox/graalpylibtest-unit-test-tests/lib/python3.10/site-packages/joblib/externals/loky/backend/fork_exec.py", line 365, in fork_exec
  File "/workdir/sphinx-gallery-0.11.1/.tox/graalpylibtest-unit-test-tests/lib/python3.10/site-packages/joblib/externals/loky/backend/fork_exec.py", line 38, in fork_exec
    pid = os.fork()
AttributeError: module 'os' has no attribute 'fork'


-------------------------------------------------------------------------------
_______________________ ERROR at setup of test_md5_hash ________________________
Traceback (most recent call last):
  File "/workdir/sphinx-gallery-0.11.1/.tox/graalpylibtest-unit-test-tests/lib/python3.10/site-packages/pluggy/_result.py", line 341, in get_result
  File "/workdir/sphinx-gallery-0.11.1/.tox/graalpylibtest-unit-test-tests/lib/python3.10/site-packages/_pytest/runner.py", line 262, in <lambda>
    lambda: ihook(item=item, **kwds), when=when, reraise=reraise
  File "/workdir/sphinx-gallery-0.11.1/.tox/graalpylibtest-unit-test-tests/lib/python3.10/site-packages/pluggy/_hooks.py", line 493, in __call__
    return self._hookexec(self.name, self._hookimpls, kwargs, firstresult)
  File "/workdir/sphinx-gallery-0.11.1/.tox/graalpylibtest-unit-test-tests/lib/python3.10/site-packages/pluggy/_manager.py", line 115, in _hookexec
    return self._inner_hookexec(hook_name, methods, kwargs, firstresult)
  File "/workdir/sphinx-gallery-0.11.1/.tox/graalpylibtest-unit-test-tests/lib/python3.10/site-packages/pluggy/_callers.py", line 152, in _multicall
    return outcome.get_result()
  File "/workdir/sphinx-gallery-0.11.1/.tox/graalpylibtest-unit-test-tests/lib/python3.10/site-packages/pluggy/_result.py", line 114, in get_result
    raise exc.with_traceback(exc.__traceback__)
  File "/workdir/sphinx-gallery-0.11.1/.tox/graalpylibtest-unit-test-tests/lib/python3.10/site-packages/_pytest/runner.py", line 497, in setup
    raise exc
  File "/workdir/sphinx-gallery-0.11.1/.tox/graalpylibtest-unit-test-tests/lib/python3.10/site-packages/_pytest/fixtures.py", line 693, in execute
    fixturedef.execute(request=subrequest)
  File "/workdir/sphinx-gallery-0.11.1/.tox/graalpylibtest-unit-test-tests/lib/python3.10/site-packages/_pytest/fixtures.py", line 1059, in execute
    raise val.with_traceback(tb)
  File "/workdir/sphinx-gallery-0.11.1/sphinx_gallery/gen_gallery.py", line 97, in summarize_failing_examples
    'inspect_global_variables': True,
  File "/workdir/sphinx-gallery-0.11.1/sphinx_gallery/gen_gallery.py", line 852, in summarize_failing_examples
    raise ExtensionError(fail_message)
sphinx.errors.ExtensionError: Here is a summary of the problems encountered when running the examples

[91mUnexpected failing examples:[39;49;00m
/tmp/pytest-of-tester/pytest-10/root/examples/plot_pickle.py failed leaving traceback:
Traceback (most recent call last):
  File "/workdir/sphinx-gallery-0.11.1/.tox/graalpylibtest-unit-test-tests/lib/python3.10/site-packages/joblib/externals/loky/backend/fork_exec.py", line 365, in fork_exec
  File "/workdir/sphinx-gallery-0.11.1/.tox/graalpylibtest-unit-test-tests/lib/python3.10/site-packages/joblib/externals/loky/backend/fork_exec.py", line 38, in fork_exec
    pid = os.fork()
AttributeError: module 'os' has no attribute 'fork'


-------------------------------------------------------------------------------
__________________ ERROR at setup of test_binder_logo_exists ___________________
Traceback (most recent call last):
  File "/workdir/sphinx-gallery-0.11.1/.tox/graalpylibtest-unit-test-tests/lib/python3.10/site-packages/pluggy/_result.py", line 341, in get_result
  File "/workdir/sphinx-gallery-0.11.1/.tox/graalpylibtest-unit-test-tests/lib/python3.10/site-packages/_pytest/runner.py", line 262, in <lambda>
    lambda: ihook(item=item, **kwds), when=when, reraise=reraise
  File "/workdir/sphinx-gallery-0.11.1/.tox/graalpylibtest-unit-test-tests/lib/python3.10/site-packages/pluggy/_hooks.py", line 493, in __call__
    return self._hookexec(self.name, self._hookimpls, kwargs, firstresult)
  File "/workdir/sphinx-gallery-0.11.1/.tox/graalpylibtest-unit-test-tests/lib/python3.10/site-packages/pluggy/_manager.py", line 115, in _hookexec
    return self._inner_hookexec(hook_name, methods, kwargs, firstresult)
  File "/workdir/sphinx-gallery-0.11.1/.tox/graalpylibtest-unit-test-tests/lib/python3.10/site-packages/pluggy/_callers.py", line 152, in _multicall
    return outcome.get_result()
  File "/workdir/sphinx-gallery-0.11.1/.tox/graalpylibtest-unit-test-tests/lib/python3.10/site-packages/pluggy/_result.py", line 114, in get_result
    raise exc.with_traceback(exc.__traceback__)
  File "/workdir/sphinx-gallery-0.11.1/.tox/graalpylibtest-unit-test-tests/lib/python3.10/site-packages/_pytest/runner.py", line 497, in setup
    raise exc
  File "/workdir/sphinx-gallery-0.11.1/.tox/graalpylibtest-unit-test-tests/lib/python3.10/site-packages/_pytest/fixtures.py", line 693, in execute
    fixturedef.execute(request=subrequest)
  File "/workdir/sphinx-gallery-0.11.1/.tox/graalpylibtest-unit-test-tests/lib/python3.10/site-packages/_pytest/fixtures.py", line 1059, in execute
    raise val.with_traceback(tb)
  File "/workdir/sphinx-gallery-0.11.1/sphinx_gallery/gen_gallery.py", line 97, in summarize_failing_examples
    'inspect_global_variables': True,
  File "/workdir/sphinx-gallery-0.11.1/sphinx_gallery/gen_gallery.py", line 852, in summarize_failing_examples
    raise ExtensionError(fail_message)
sphinx.errors.ExtensionError: Here is a summary of the problems encountered when running the examples

[91mUnexpected failing examples:[39;49;00m
/tmp/pytest-of-tester/pytest-10/root/examples/plot_pickle.py failed leaving traceback:
Traceback (most recent call last):
  File "/workdir/sphinx-gallery-0.11.1/.tox/graalpylibtest-unit-test-tests/lib/python3.10/site-packages/joblib/externals/loky/backend/fork_exec.py", line 365, in fork_exec
  File "/workdir/sphinx-gallery-0.11.1/.tox/graalpylibtest-unit-test-tests/lib/python3.10/site-packages/joblib/externals/loky/backend/fork_exec.py", line 38, in fork_exec
    pid = os.fork()
AttributeError: module 'os' has no attribute 'fork'


-------------------------------------------------------------------------------
_____________________ ERROR at setup of test_defer_figures _____________________
Traceback (most recent call last):
  File "/workdir/sphinx-gallery-0.11.1/.tox/graalpylibtest-unit-test-tests/lib/python3.10/site-packages/pluggy/_result.py", line 341, in get_result
  File "/workdir/sphinx-gallery-0.11.1/.tox/graalpylibtest-unit-test-tests/lib/python3.10/site-packages/_pytest/runner.py", line 262, in <lambda>
    lambda: ihook(item=item, **kwds), when=when, reraise=reraise
  File "/workdir/sphinx-gallery-0.11.1/.tox/graalpylibtest-unit-test-tests/lib/python3.10/site-packages/pluggy/_hooks.py", line 493, in __call__
    return self._hookexec(self.name, self._hookimpls, kwargs, firstresult)
  File "/workdir/sphinx-gallery-0.11.1/.tox/graalpylibtest-unit-test-tests/lib/python3.10/site-packages/pluggy/_manager.py", line 115, in _hookexec
    return self._inner_hookexec(hook_name, methods, kwargs, firstresult)
  File "/workdir/sphinx-gallery-0.11.1/.tox/graalpylibtest-unit-test-tests/lib/python3.10/site-packages/pluggy/_callers.py", line 152, in _multicall
    return outcome.get_result()
  File "/workdir/sphinx-gallery-0.11.1/.tox/graalpylibtest-unit-test-tests/lib/python3.10/site-packages/pluggy/_result.py", line 114, in get_result
    raise exc.with_traceback(exc.__traceback__)
  File "/workdir/sphinx-gallery-0.11.1/.tox/graalpylibtest-unit-test-tests/lib/python3.10/site-packages/_pytest/runner.py", line 497, in setup
    raise exc
  File "/workdir/sphinx-gallery-0.11.1/.tox/graalpylibtest-unit-test-tests/lib/python3.10/site-packages/_pytest/fixtures.py", line 693, in execute
    fixturedef.execute(request=subrequest)
  File "/workdir/sphinx-gallery-0.11.1/.tox/graalpylibtest-unit-test-tests/lib/python3.10/site-packages/_pytest/fixtures.py", line 1059, in execute
    raise val.with_traceback(tb)
  File "/workdir/sphinx-gallery-0.11.1/sphinx_gallery/gen_gallery.py", line 97, in summarize_failing_examples
    'inspect_global_variables': True,
  File "/workdir/sphinx-gallery-0.11.1/sphinx_gallery/gen_gallery.py", line 852, in summarize_failing_examples
    raise ExtensionError(fail_message)
sphinx.errors.ExtensionError: Here is a summary of the problems encountered when running the examples

[91mUnexpected failing examples:[39;49;00m
/tmp/pytest-of-tester/pytest-10/root/examples/plot_pickle.py failed leaving traceback:
Traceback (most recent call last):
  File "/workdir/sphinx-gallery-0.11.1/.tox/graalpylibtest-unit-test-tests/lib/python3.10/site-packages/joblib/externals/loky/backend/fork_exec.py", line 365, in fork_exec
  File "/workdir/sphinx-gallery-0.11.1/.tox/graalpylibtest-unit-test-tests/lib/python3.10/site-packages/joblib/externals/loky/backend/fork_exec.py", line 38, in fork_exec
    pid = os.fork()
AttributeError: module 'os' has no attribute 'fork'


-------------------------------------------------------------------------------
____________________ ERROR at setup of test_no_dummy_image _____________________
Traceback (most recent call last):
  File "/workdir/sphinx-gallery-0.11.1/.tox/graalpylibtest-unit-test-tests/lib/python3.10/site-packages/pluggy/_result.py", line 341, in get_result
  File "/workdir/sphinx-gallery-0.11.1/.tox/graalpylibtest-unit-test-tests/lib/python3.10/site-packages/_pytest/runner.py", line 262, in <lambda>
    lambda: ihook(item=item, **kwds), when=when, reraise=reraise
  File "/workdir/sphinx-gallery-0.11.1/.tox/graalpylibtest-unit-test-tests/lib/python3.10/site-packages/pluggy/_hooks.py", line 493, in __call__
    return self._hookexec(self.name, self._hookimpls, kwargs, firstresult)
  File "/workdir/sphinx-gallery-0.11.1/.tox/graalpylibtest-unit-test-tests/lib/python3.10/site-packages/pluggy/_manager.py", line 115, in _hookexec
    return self._inner_hookexec(hook_name, methods, kwargs, firstresult)
  File "/workdir/sphinx-gallery-0.11.1/.tox/graalpylibtest-unit-test-tests/lib/python3.10/site-packages/pluggy/_callers.py", line 152, in _multicall
    return outcome.get_result()
  File "/workdir/sphinx-gallery-0.11.1/.tox/graalpylibtest-unit-test-tests/lib/python3.10/site-packages/pluggy/_result.py", line 114, in get_result
    raise exc.with_traceback(exc.__traceback__)
  File "/workdir/sphinx-gallery-0.11.1/.tox/graalpylibtest-unit-test-tests/lib/python3.10/site-packages/_pytest/runner.py", line 497, in setup
    raise exc
  File "/workdir/sphinx-gallery-0.11.1/.tox/graalpylibtest-unit-test-tests/lib/python3.10/site-packages/_pytest/fixtures.py", line 693, in execute
    fixturedef.execute(request=subrequest)
  File "/workdir/sphinx-gallery-0.11.1/.tox/graalpylibtest-unit-test-tests/lib/python3.10/site-packages/_pytest/fixtures.py", line 1059, in execute
    raise val.with_traceback(tb)
  File "/workdir/sphinx-gallery-0.11.1/sphinx_gallery/gen_gallery.py", line 97, in summarize_failing_examples
    'inspect_global_variables': True,
  File "/workdir/sphinx-gallery-0.11.1/sphinx_gallery/gen_gallery.py", line 852, in summarize_failing_examples
    raise ExtensionError(fail_message)
sphinx.errors.ExtensionError: Here is a summary of the problems encountered when running the examples

[91mUnexpected failing examples:[39;49;00m
/tmp/pytest-of-tester/pytest-10/root/examples/plot_pickle.py failed leaving traceback:
Traceback (most recent call last):
  File "/workdir/sphinx-gallery-0.11.1/.tox/graalpylibtest-unit-test-tests/lib/python3.10/site-packages/joblib/externals/loky/backend/fork_exec.py", line 365, in fork_exec
  File "/workdir/sphinx-gallery-0.11.1/.tox/graalpylibtest-unit-test-tests/lib/python3.10/site-packages/joblib/externals/loky/backend/fork_exec.py", line 38, in fork_exec
    pid = os.fork()
AttributeError: module 'os' has no attribute 'fork'


-------------------------------------------------------------------------------
______________________ ERROR at setup of test_dummy_image ______________________
Traceback (most recent call last):
  File "/workdir/sphinx-gallery-0.11.1/.tox/graalpylibtest-unit-test-tests/lib/python3.10/site-packages/pluggy/_result.py", line 341, in get_result
  File "/workdir/sphinx-gallery-0.11.1/.tox/graalpylibtest-unit-test-tests/lib/python3.10/site-packages/_pytest/runner.py", line 262, in <lambda>
    lambda: ihook(item=item, **kwds), when=when, reraise=reraise
  File "/workdir/sphinx-gallery-0.11.1/.tox/graalpylibtest-unit-test-tests/lib/python3.10/site-packages/pluggy/_hooks.py", line 493, in __call__
    return self._hookexec(self.name, self._hookimpls, kwargs, firstresult)
  File "/workdir/sphinx-gallery-0.11.1/.tox/graalpylibtest-unit-test-tests/lib/python3.10/site-packages/pluggy/_manager.py", line 115, in _hookexec
    return self._inner_hookexec(hook_name, methods, kwargs, firstresult)
  File "/workdir/sphinx-gallery-0.11.1/.tox/graalpylibtest-unit-test-tests/lib/python3.10/site-packages/pluggy/_callers.py", line 152, in _multicall
    return outcome.get_result()
  File "/workdir/sphinx-gallery-0.11.1/.tox/graalpylibtest-unit-test-tests/lib/python3.10/site-packages/pluggy/_result.py", line 114, in get_result
    raise exc.with_traceback(exc.__traceback__)
  File "/workdir/sphinx-gallery-0.11.1/.tox/graalpylibtest-unit-test-tests/lib/python3.10/site-packages/_pytest/runner.py", line 497, in setup
    raise exc
  File "/workdir/sphinx-gallery-0.11.1/.tox/graalpylibtest-unit-test-tests/lib/python3.10/site-packages/pluggy/_result.py", line 693, in get_result
  File "/workdir/sphinx-gallery-0.11.1/.tox/graalpylibtest-unit-test-tests/lib/python3.10/site-packages/_pytest/fixtures.py", line 1069, in execute
    result = ihook.pytest_fixture_setup(fixturedef=self, request=request)
  File "/workdir/sphinx-gallery-0.11.1/.tox/graalpylibtest-unit-test-tests/lib/python3.10/site-packages/pluggy/_hooks.py", line 493, in __call__
    return self._hookexec(self.name, self._hookimpls, kwargs, firstresult)
  File "/workdir/sphinx-gallery-0.11.1/.tox/graalpylibtest-unit-test-tests/lib/python3.10/site-packages/pluggy/_manager.py", line 115, in _hookexec
    return self._inner_hookexec(hook_name, methods, kwargs, firstresult)
  File "/workdir/sphinx-gallery-0.11.1/.tox/graalpylibtest-unit-test-tests/lib/python3.10/site-packages/pluggy/_callers.py", line 152, in _multicall
    return outcome.get_result()
  File "/workdir/sphinx-gallery-0.11.1/.tox/graalpylibtest-unit-test-tests/lib/python3.10/site-packages/pluggy/_result.py", line 114, in get_result
    raise exc.with_traceback(exc.__traceback__)
  File "/workdir/sphinx-gallery-0.11.1/sphinx_gallery/docs_resolv.py", line 323, in parse_sphinx_docopts
    doc_resolvers[this_module] = SphinxDocLinkResolver(
  File "/workdir/sphinx-gallery-0.11.1/sphinx_gallery/docs_resolv.py", line 182, in __init__
    self._docopts = parse_sphinx_docopts(docopts)
  File "/workdir/sphinx-gallery-0.11.1/sphinx_gallery/docs_resolv.py", line 86, in parse_sphinx_docopts
    raise ExtensionError(
sphinx.errors.ExtensionError: Documentation options could not be found in index.
=================================== FAILURES ===================================
______________ test_fail_example[failing_code1-Cannot use input] _______________
Traceback (most recent call last):
  File "/workdir/sphinx-gallery-0.11.1/.tox/graalpylibtest-unit-test-tests/lib/python3.10/site-packages/pluggy/_result.py", line 341, in get_result
  File "/workdir/sphinx-gallery-0.11.1/.tox/graalpylibtest-unit-test-tests/lib/python3.10/site-packages/_pytest/runner.py", line 262, in <lambda>
    lambda: ihook(item=item, **kwds), when=when, reraise=reraise
  File "/workdir/sphinx-gallery-0.11.1/.tox/graalpylibtest-unit-test-tests/lib/python3.10/site-packages/pluggy/_hooks.py", line 493, in __call__
    return self._hookexec(self.name, self._hookimpls, kwargs, firstresult)
  File "/workdir/sphinx-gallery-0.11.1/.tox/graalpylibtest-unit-test-tests/lib/python3.10/site-packages/pluggy/_manager.py", line 115, in _hookexec
    return self._inner_hookexec(hook_name, methods, kwargs, firstresult)
  File "/workdir/sphinx-gallery-0.11.1/.tox/graalpylibtest-unit-test-tests/lib/python3.10/site-packages/pluggy/_callers.py", line 152, in _multicall
    return outcome.get_result()
  File "/workdir/sphinx-gallery-0.11.1/.tox/graalpylibtest-unit-test-tests/lib/python3.10/site-packages/pluggy/_result.py", line 114, in get_result
    raise exc.with_traceback(exc.__traceback__)
  File "/workdir/sphinx-gallery-0.11.1/.tox/graalpylibtest-unit-test-tests/lib/python3.10/site-packages/_pytest/runner.py", line 177, in pytest_runtest_call
    raise e
  File "/workdir/sphinx-gallery-0.11.1/.tox/graalpylibtest-unit-test-tests/lib/python3.10/site-packages/pluggy/_callers.py", line 169, in _multicall
  File "/workdir/sphinx-gallery-0.11.1/.tox/graalpylibtest-unit-test-tests/lib/python3.10/site-packages/_pytest/python.py", line 1792, in runtest
    self.ihook.pytest_pyfunc_call(pyfuncitem=self)
  File "/workdir/sphinx-gallery-0.11.1/.tox/graalpylibtest-unit-test-tests/lib/python3.10/site-packages/pluggy/_hooks.py", line 493, in __call__
    return self._hookexec(self.name, self._hookimpls, kwargs, firstresult)
  File "/workdir/sphinx-gallery-0.11.1/.tox/graalpylibtest-unit-test-tests/lib/python3.10/site-packages/pluggy/_manager.py", line 115, in _hookexec
    return self._inner_hookexec(hook_name, methods, kwargs, firstresult)
  File "/workdir/sphinx-gallery-0.11.1/.tox/graalpylibtest-unit-test-tests/lib/python3.10/site-packages/pluggy/_callers.py", line 113, in _multicall
    raise exception.with_traceback(exception.__traceback__)
  File "/workdir/sphinx-gallery-0.11.1/sphinx_gallery/tests/test_gen_rst.py", line 77, in test_fail_example
    """Test the known requirements of supported syntax in the
  File "/workdir/sphinx-gallery-0.11.1/.tox/graalpylibtest-unit-test-tests/lib/python3.10/site-packages/_pytest/python.py", line 194, in pytest_pyfunc_call
    result = testfunction(**testargs)
  File "/workdir/sphinx-gallery-0.11.1/sphinx_gallery/tests/test_gen_rst.py", line 370, in test_fail_example
    assert '_check_input' not in msg
AssertionError
------------------------------ Captured log call -------------------------------
INFO     root:raise.py:1 Óscar
_______________________________ test_load_style ________________________________
Traceback (most recent call last):
  File "/workdir/sphinx-gallery-0.11.1/.tox/graalpylibtest-unit-test-tests/lib/python3.10/site-packages/pluggy/_result.py", line 341, in get_result
  File "/workdir/sphinx-gallery-0.11.1/.tox/graalpylibtest-unit-test-tests/lib/python3.10/site-packages/_pytest/runner.py", line 262, in <lambda>
    lambda: ihook(item=item, **kwds), when=when, reraise=reraise
  File "/workdir/sphinx-gallery-0.11.1/.tox/graalpylibtest-unit-test-tests/lib/python3.10/site-packages/pluggy/_hooks.py", line 493, in __call__
    return self._hookexec(self.name, self._hookimpls, kwargs, firstresult)
  File "/workdir/sphinx-gallery-0.11.1/.tox/graalpylibtest-unit-test-tests/lib/python3.10/site-packages/pluggy/_manager.py", line 115, in _hookexec
    return self._inner_hookexec(hook_name, methods, kwargs, firstresult)
  File "/workdir/sphinx-gallery-0.11.1/.tox/graalpylibtest-unit-test-tests/lib/python3.10/site-packages/pluggy/_callers.py", line 152, in _multicall
    return outcome.get_result()
  File "/workdir/sphinx-gallery-0.11.1/.tox/graalpylibtest-unit-test-tests/lib/python3.10/site-packages/pluggy/_result.py", line 114, in get_result
    raise exc.with_traceback(exc.__traceback__)
  File "/workdir/sphinx-gallery-0.11.1/.tox/graalpylibtest-unit-test-tests/lib/python3.10/site-packages/_pytest/runner.py", line 177, in pytest_runtest_call
    raise e
  File "/workdir/sphinx-gallery-0.11.1/.tox/graalpylibtest-unit-test-tests/lib/python3.10/site-packages/pluggy/_callers.py", line 169, in _multicall
  File "/workdir/sphinx-gallery-0.11.1/.tox/graalpylibtest-unit-test-tests/lib/python3.10/site-packages/_pytest/python.py", line 1792, in runtest
    self.ihook.pytest_pyfunc_call(pyfuncitem=self)
  File "/workdir/sphinx-gallery-0.11.1/.tox/graalpylibtest-unit-test-tests/lib/python3.10/site-packages/pluggy/_hooks.py", line 493, in __call__
    return self._hookexec(self.name, self._hookimpls, kwargs, firstresult)
  File "/workdir/sphinx-gallery-0.11.1/.tox/graalpylibtest-unit-test-tests/lib/python3.10/site-packages/pluggy/_manager.py", line 115, in _hookexec
    return self._inner_hookexec(hook_name, methods, kwargs, firstresult)
  File "/workdir/sphinx-gallery-0.11.1/.tox/graalpylibtest-unit-test-tests/lib/python3.10/site-packages/pluggy/_callers.py", line 113, in _multicall
    raise exception.with_traceback(exception.__traceback__)
  File "/workdir/sphinx-gallery-0.11.1/sphinx_gallery/tests/test_load_style.py", line 77, in test_load_style
  File "/workdir/sphinx-gallery-0.11.1/.tox/graalpylibtest-unit-test-tests/lib/python3.10/site-packages/_pytest/python.py", line 194, in pytest_pyfunc_call
    result = testfunction(**testargs)
  File "/workdir/sphinx-gallery-0.11.1/sphinx_gallery/tests/test_load_style.py", line 18, in test_load_style
    assert 'link rel="stylesheet" type="text/css" href="_static/sg_gallery.css"' in content  # noqa: E501
AssertionError
=============================== warnings summary ===============================
sphinx_gallery/tests/test_full.py::test_timings
  /workdir/sphinx-gallery-0.11.1/.tox/graalpylibtest-unit-test-tests/lib/python3.10/site-packages/urllib3/__init__.py:1: NotOpenSSLWarning: urllib3 v2 only supports OpenSSL 1.1.1+, currently the 'ssl' module is compiled with 'GraalVM JSSE'. See: https://github.com/urllib3/urllib3/issues/3020
    """

sphinx_gallery/tests/test_full.py: 2 warnings
sphinx_gallery/tests/test_full_noexec.py: 2 warnings
sphinx_gallery/tests/test_gen_gallery.py: 17 warnings
sphinx_gallery/tests/test_gen_rst.py: 2 warnings
  /workdir/sphinx-gallery-0.11.1/sphinx_gallery/gen_rst.py:426: RemovedInSphinx80Warning: The alias 'sphinx.util.status_iterator' is deprecated, use 'sphinx.util.display.status_iterator' instead. Check CHANGES for Sphinx API modifications.
    iterator = sphinx.util.status_iterator(

sphinx_gallery/tests/test_full.py::test_timings
sphinx_gallery/tests/test_full_noexec.py::test_dummy_image
sphinx_gallery/tests/test_gen_gallery.py::test_binder_copy_files
  /workdir/sphinx-gallery-0.11.1/sphinx_gallery/binder.py:208: RemovedInSphinx80Warning: The alias 'sphinx.util.status_iterator' is deprecated, use 'sphinx.util.display.status_iterator' instead. Check CHANGES for Sphinx API modifications.
    iterator = sphinx.util.status_iterator(

sphinx_gallery/tests/test_full_noexec.py::test_dummy_image
  /workdir/sphinx-gallery-0.11.1/sphinx_gallery/docs_resolv.py:145: RemovedInSphinx80Warning: Sphinx 8 will drop support for representing paths as strings. Use "pathlib.Path" or "os.fspath" instead.
    if doc_url.startswith(('http://', 'https://')):

sphinx_gallery/tests/test_gen_gallery.py::test_expected_failing_examples_were_executed
sphinx_gallery/tests/test_gen_gallery.py::test_only_warn_on_example_error
sphinx_gallery/tests/test_gen_gallery.py::test_show_memory_callable
  /workdir/sphinx-gallery-0.11.1/sphinx_gallery/docs_resolv.py:347: RemovedInSphinx80Warning: The alias 'sphinx.util.status_iterator' is deprecated, use 'sphinx.util.display.status_iterator' instead. Check CHANGES for Sphinx API modifications.
    iterator = sphinx.util.status_iterator(

-- Docs: https://docs.pytest.org/en/stable/how-to/capture-warnings.html
- generated xml file: /workdir/results/sphinx-gallery/0.11.1/1/graalpy-test-results.xml -
============================= slowest 5 durations ==============================
784.50s setup    sphinx_gallery/tests/test_full.py::test_timings
394.61s setup    sphinx_gallery/tests/test_full_noexec.py::test_dummy_image
38.78s call     sphinx_gallery/tests/test_gen_gallery.py::test_examples_not_expected_to_pass
37.78s call     sphinx_gallery/tests/test_gen_gallery.py::test_only_warn_on_example_error
37.51s call     sphinx_gallery/tests/test_gen_gallery.py::test_show_memory_callable
=========================== short test summary info ============================
SKIPPED [1] .tox/graalpylibtest-unit-test-tests/lib/python3.10/site-packages/pluggy/_manager.py:115: Mayavi not installed
ERROR sphinx_gallery/tests/test_full.py::test_timings - sphinx.errors.Extensi...
ERROR sphinx_gallery/tests/test_full.py::test_optipng - sphinx.errors.Extensi...
ERROR sphinx_gallery/tests/test_full.py::test_junit - sphinx.errors.Extension...
ERROR sphinx_gallery/tests/test_full.py::test_run_sphinx - sphinx.errors.Exte...
ERROR sphinx_gallery/tests/test_full.py::test_thumbnail_path - sphinx.errors....
ERROR sphinx_gallery/tests/test_full.py::test_negative_thumbnail_config - sph...
ERROR sphinx_gallery/tests/test_full.py::test_command_line_args_img - sphinx....
ERROR sphinx_gallery/tests/test_full.py::test_image_formats - sphinx.errors.E...
ERROR sphinx_gallery/tests/test_full.py::test_repr_html_classes - sphinx.erro...
ERROR sphinx_gallery/tests/test_full.py::test_embed_links_and_styles - sphinx...
ERROR sphinx_gallery/tests/test_full.py::test_backreferences - sphinx.errors....
ERROR sphinx_gallery/tests/test_full.py::test_backreferences_examples_rst[sphinx_gallery.backreferences.identify_names.examples-plot_numpy_matplotlib]
ERROR sphinx_gallery/tests/test_full.py::test_backreferences_examples_rst[sphinx_gallery.sorting.ExplicitOrder.examples-plot_second_future_imports]
ERROR sphinx_gallery/tests/test_full.py::test_backreferences_examples_html - ...
ERROR sphinx_gallery/tests/test_full.py::test_logging_std_nested - sphinx.err...
ERROR sphinx_gallery/tests/test_full.py::test_rebuild - sphinx.errors.Extensi...
ERROR sphinx_gallery/tests/test_full.py::test_error_messages[future/plot_future_imports_broken-.*RuntimeError.*Forcing this example to fail on Python 3.*]
ERROR sphinx_gallery/tests/test_full.py::test_error_messages[plot_scraper_broken-.*ValueError.*zero-size array to reduction.*]
ERROR sphinx_gallery/tests/test_full.py::test_alt_text_image - sphinx.errors....
ERROR sphinx_gallery/tests/test_full.py::test_alt_text_thumbnail - sphinx.err...
ERROR sphinx_gallery/tests/test_full.py::test_backreference_labels - sphinx.e...
ERROR sphinx_gallery/tests/test_full.py::test_minigallery_directive[Test 1-N-5-False]
ERROR sphinx_gallery/tests/test_full.py::test_minigallery_directive[Test 1-D-D-7-False]
ERROR sphinx_gallery/tests/test_full.py::test_minigallery_directive[Test 1-D-C-7-False]
ERROR sphinx_gallery/tests/test_full.py::test_minigallery_directive[Test 1-C-D-8-False]
ERROR sphinx_gallery/tests/test_full.py::test_minigallery_directive[Test 2-N-10-True]
ERROR sphinx_gallery/tests/test_full.py::test_minigallery_directive[Test 2-D-D-13-True]
ERROR sphinx_gallery/tests/test_full.py::test_minigallery_directive[Test 2-C-C-14-True]
ERROR sphinx_gallery/tests/test_full.py::test_matplotlib_warning_filter - sph...
ERROR sphinx_gallery/tests/test_full.py::test_jupyter_notebook_pandoc - sphin...
ERROR sphinx_gallery/tests/test_full.py::test_md5_hash - sphinx.errors.Extens...
ERROR sphinx_gallery/tests/test_full.py::test_binder_logo_exists - sphinx.err...
ERROR sphinx_gallery/tests/test_full.py::test_defer_figures - sphinx.errors.E...
ERROR sphinx_gallery/tests/test_full.py::test_no_dummy_image - sphinx.errors....
ERROR sphinx_gallery/tests/test_full_noexec.py::test_dummy_image - sphinx.err...
FAILED sphinx_gallery/tests/test_gen_rst.py::test_fail_example[failing_code1-Cannot use input]
FAILED sphinx_gallery/tests/test_load_style.py::test_load_style - AssertionError
= 2 failed, 167 passed, 1 skipped, 31 warnings, 35 errors in 1648.10s (0:27:28) =
ERROR: InvocationError for command /workdir/sphinx-gallery-0.11.1/.tox/graalpylibtest-unit-test-tests/bin/pytest -v --tb=native --junitxml /workdir/results/sphinx-gallery/0.11.1/1/graalpy-test-results.xml (exited with code 1)
___________________________________ summary ____________________________________
ERROR:   graalpylibtest-unit-test-tests: commands failed
