GLOB sdist-make: /workdir/sphinx-rtd-theme-1.1.1/setup.py
cpythonlibtest-unit-test-tests create: /workdir/sphinx-rtd-theme-1.1.1/.tox/cpythonlibtest-unit-test-tests
cpythonlibtest-unit-test-tests installdeps: mock, pytest
cpythonlibtest-unit-test-tests inst: /workdir/sphinx-rtd-theme-1.1.1/.tox/.tmp/package/1/sphinx_rtd_theme-1.1.1.zip
cpythonlibtest-unit-test-tests installed: alabaster==0.7.13,Babel==2.13.1,certifi==2023.11.17,charset-normalizer==3.3.2,docutils==0.17.1,exceptiongroup==1.2.0,idna==3.6,imagesize==1.4.1,iniconfig==2.0.0,Jinja2==3.1.2,MarkupSafe==2.1.3,mock==5.1.0,packaging==23.2,pluggy==1.3.0,Pygments==2.17.2,pytest==7.4.3,requests==2.31.0,snowballstemmer==2.2.0,Sphinx==5.3.0,sphinx-rtd-theme @ file:///workdir/sphinx-rtd-theme-1.1.1/.tox/.tmp/package/1/sphinx_rtd_theme-1.1.1.zip#sha256=9f12f4961698b194e3c84819d72ef8949a85dd3e091e93d9967c22d399b25ced,sphinxcontrib-applehelp==1.0.7,sphinxcontrib-devhelp==1.0.5,sphinxcontrib-htmlhelp==2.0.4,sphinxcontrib-jsmath==1.0.1,sphinxcontrib-qthelp==1.0.6,sphinxcontrib-serializinghtml==1.1.9,tomli==2.0.1,urllib3==2.1.0
cpythonlibtest-unit-test-tests run-test-pre: PYTHONHASHSEED='3024697619'
cpythonlibtest-unit-test-tests run-test: commands[0] | pytest -v --tb=native --junitxml /workdir/results/sphinx-rtd-theme/1.1.1/1/cpython-test-results.xml
============================= test session starts ==============================
platform linux -- Python 3.10.8, pytest-7.4.3, pluggy-1.3.0 -- /workdir/sphinx-rtd-theme-1.1.1/.tox/cpythonlibtest-unit-test-tests/bin/python
cachedir: .tox/cpythonlibtest-unit-test-tests/.pytest_cache
rootdir: /workdir/sphinx-rtd-theme-1.1.1
collecting ... collected 3 items

tests/test_builders.py::test_basic FAILED                                [ 33%]
tests/test_builders.py::test_empty FAILED                                [ 66%]
tests/test_builders.py::test_missing_toctree FAILED                      [100%]

=================================== FAILURES ===================================
__________________________________ test_basic __________________________________
Traceback (most recent call last):
  File "/workdir/sphinx-rtd-theme-1.1.1/.tox/cpythonlibtest-unit-test-tests/lib/python3.10/site-packages/sphinx/registry.py", line 459, in load_extension
    mod = import_module(extname)
  File "/usr/local/lib/python3.10/importlib/__init__.py", line 126, in import_module
    return _bootstrap._gcd_import(name[level:], package, level)
  File "<frozen importlib._bootstrap>", line 1050, in _gcd_import
  File "<frozen importlib._bootstrap>", line 1027, in _find_and_load
  File "<frozen importlib._bootstrap>", line 992, in _find_and_load_unlocked
  File "<frozen importlib._bootstrap>", line 241, in _call_with_frames_removed
  File "<frozen importlib._bootstrap>", line 1050, in _gcd_import
  File "<frozen importlib._bootstrap>", line 1027, in _find_and_load
  File "<frozen importlib._bootstrap>", line 1004, in _find_and_load_unlocked
ModuleNotFoundError: No module named 'readthedocs_ext'

The above exception was the direct cause of the following exception:

Traceback (most recent call last):
  File "/workdir/sphinx-rtd-theme-1.1.1/.tox/cpythonlibtest-unit-test-tests/lib/python3.10/site-packages/_pytest/runner.py", line 341, in from_call
    result: Optional[TResult] = func()
  File "/workdir/sphinx-rtd-theme-1.1.1/.tox/cpythonlibtest-unit-test-tests/lib/python3.10/site-packages/_pytest/runner.py", line 262, in <lambda>
    lambda: ihook(item=item, **kwds), when=when, reraise=reraise
  File "/workdir/sphinx-rtd-theme-1.1.1/.tox/cpythonlibtest-unit-test-tests/lib/python3.10/site-packages/pluggy/_hooks.py", line 493, in __call__
    return self._hookexec(self.name, self._hookimpls, kwargs, firstresult)
  File "/workdir/sphinx-rtd-theme-1.1.1/.tox/cpythonlibtest-unit-test-tests/lib/python3.10/site-packages/pluggy/_manager.py", line 115, in _hookexec
    return self._inner_hookexec(hook_name, methods, kwargs, firstresult)
  File "/workdir/sphinx-rtd-theme-1.1.1/.tox/cpythonlibtest-unit-test-tests/lib/python3.10/site-packages/pluggy/_callers.py", line 152, in _multicall
    return outcome.get_result()
  File "/workdir/sphinx-rtd-theme-1.1.1/.tox/cpythonlibtest-unit-test-tests/lib/python3.10/site-packages/pluggy/_result.py", line 114, in get_result
    raise exc.with_traceback(exc.__traceback__)
  File "/workdir/sphinx-rtd-theme-1.1.1/.tox/cpythonlibtest-unit-test-tests/lib/python3.10/site-packages/pluggy/_callers.py", line 77, in _multicall
    res = hook_impl.function(*args)
  File "/workdir/sphinx-rtd-theme-1.1.1/.tox/cpythonlibtest-unit-test-tests/lib/python3.10/site-packages/_pytest/runner.py", line 177, in pytest_runtest_call
    raise e
  File "/workdir/sphinx-rtd-theme-1.1.1/.tox/cpythonlibtest-unit-test-tests/lib/python3.10/site-packages/_pytest/runner.py", line 169, in pytest_runtest_call
    item.runtest()
  File "/workdir/sphinx-rtd-theme-1.1.1/.tox/cpythonlibtest-unit-test-tests/lib/python3.10/site-packages/_pytest/python.py", line 1792, in runtest
    self.ihook.pytest_pyfunc_call(pyfuncitem=self)
  File "/workdir/sphinx-rtd-theme-1.1.1/.tox/cpythonlibtest-unit-test-tests/lib/python3.10/site-packages/pluggy/_hooks.py", line 493, in __call__
    return self._hookexec(self.name, self._hookimpls, kwargs, firstresult)
  File "/workdir/sphinx-rtd-theme-1.1.1/.tox/cpythonlibtest-unit-test-tests/lib/python3.10/site-packages/pluggy/_manager.py", line 115, in _hookexec
    return self._inner_hookexec(hook_name, methods, kwargs, firstresult)
  File "/workdir/sphinx-rtd-theme-1.1.1/.tox/cpythonlibtest-unit-test-tests/lib/python3.10/site-packages/pluggy/_callers.py", line 113, in _multicall
    raise exception.with_traceback(exception.__traceback__)
  File "/workdir/sphinx-rtd-theme-1.1.1/.tox/cpythonlibtest-unit-test-tests/lib/python3.10/site-packages/pluggy/_callers.py", line 77, in _multicall
    res = hook_impl.function(*args)
  File "/workdir/sphinx-rtd-theme-1.1.1/.tox/cpythonlibtest-unit-test-tests/lib/python3.10/site-packages/_pytest/python.py", line 194, in pytest_pyfunc_call
    result = testfunction(**testargs)
  File "/workdir/sphinx-rtd-theme-1.1.1/tests/test_builders.py", line 20, in test_basic
    for (app, status, warning) in build_all('test-basic'):
  File "/workdir/sphinx-rtd-theme-1.1.1/tests/util.py", line 60, in build_all
    with build(root, builder, **kwargs) as ret:
  File "/usr/local/lib/python3.10/contextlib.py", line 135, in __enter__
    return next(self.gen)
  File "/workdir/sphinx-rtd-theme-1.1.1/tests/util.py", line 42, in build
    app = Sphinx(srcdir, srcdir, destdir, doctreedir, builder, **kwargs)
  File "/workdir/sphinx-rtd-theme-1.1.1/.tox/cpythonlibtest-unit-test-tests/lib/python3.10/site-packages/sphinx/application.py", line 223, in __init__
    self.setup_extension(extension)
  File "/workdir/sphinx-rtd-theme-1.1.1/.tox/cpythonlibtest-unit-test-tests/lib/python3.10/site-packages/sphinx/application.py", line 398, in setup_extension
    self.registry.load_extension(self, extname)
  File "/workdir/sphinx-rtd-theme-1.1.1/.tox/cpythonlibtest-unit-test-tests/lib/python3.10/site-packages/sphinx/registry.py", line 462, in load_extension
    raise ExtensionError(__('Could not import extension %s') % extname,
sphinx.errors.ExtensionError: Could not import extension readthedocs_ext.readthedocs (exception: No module named 'readthedocs_ext')
----------------------------- Captured stdout call -----------------------------
# root: test-basic
# builder: html
# source: /workdir/sphinx-rtd-theme-1.1.1/tests/roots/test-basic
# destination: /tmp/tmpozfkwygk/html
# status: 
[01mRunning Sphinx v5.3.0[39;49;00m

# warning: 

__________________________________ test_empty __________________________________
Traceback (most recent call last):
  File "/workdir/sphinx-rtd-theme-1.1.1/.tox/cpythonlibtest-unit-test-tests/lib/python3.10/site-packages/sphinx/registry.py", line 459, in load_extension
    mod = import_module(extname)
  File "/usr/local/lib/python3.10/importlib/__init__.py", line 126, in import_module
    return _bootstrap._gcd_import(name[level:], package, level)
  File "<frozen importlib._bootstrap>", line 1050, in _gcd_import
  File "<frozen importlib._bootstrap>", line 1027, in _find_and_load
  File "<frozen importlib._bootstrap>", line 992, in _find_and_load_unlocked
  File "<frozen importlib._bootstrap>", line 241, in _call_with_frames_removed
  File "<frozen importlib._bootstrap>", line 1050, in _gcd_import
  File "<frozen importlib._bootstrap>", line 1027, in _find_and_load
  File "<frozen importlib._bootstrap>", line 1004, in _find_and_load_unlocked
ModuleNotFoundError: No module named 'readthedocs_ext'

The above exception was the direct cause of the following exception:

Traceback (most recent call last):
  File "/workdir/sphinx-rtd-theme-1.1.1/.tox/cpythonlibtest-unit-test-tests/lib/python3.10/site-packages/_pytest/runner.py", line 341, in from_call
    result: Optional[TResult] = func()
  File "/workdir/sphinx-rtd-theme-1.1.1/.tox/cpythonlibtest-unit-test-tests/lib/python3.10/site-packages/_pytest/runner.py", line 262, in <lambda>
    lambda: ihook(item=item, **kwds), when=when, reraise=reraise
  File "/workdir/sphinx-rtd-theme-1.1.1/.tox/cpythonlibtest-unit-test-tests/lib/python3.10/site-packages/pluggy/_hooks.py", line 493, in __call__
    return self._hookexec(self.name, self._hookimpls, kwargs, firstresult)
  File "/workdir/sphinx-rtd-theme-1.1.1/.tox/cpythonlibtest-unit-test-tests/lib/python3.10/site-packages/pluggy/_manager.py", line 115, in _hookexec
    return self._inner_hookexec(hook_name, methods, kwargs, firstresult)
  File "/workdir/sphinx-rtd-theme-1.1.1/.tox/cpythonlibtest-unit-test-tests/lib/python3.10/site-packages/pluggy/_callers.py", line 152, in _multicall
    return outcome.get_result()
  File "/workdir/sphinx-rtd-theme-1.1.1/.tox/cpythonlibtest-unit-test-tests/lib/python3.10/site-packages/pluggy/_result.py", line 114, in get_result
    raise exc.with_traceback(exc.__traceback__)
  File "/workdir/sphinx-rtd-theme-1.1.1/.tox/cpythonlibtest-unit-test-tests/lib/python3.10/site-packages/pluggy/_callers.py", line 77, in _multicall
    res = hook_impl.function(*args)
  File "/workdir/sphinx-rtd-theme-1.1.1/.tox/cpythonlibtest-unit-test-tests/lib/python3.10/site-packages/_pytest/runner.py", line 177, in pytest_runtest_call
    raise e
  File "/workdir/sphinx-rtd-theme-1.1.1/.tox/cpythonlibtest-unit-test-tests/lib/python3.10/site-packages/_pytest/runner.py", line 169, in pytest_runtest_call
    item.runtest()
  File "/workdir/sphinx-rtd-theme-1.1.1/.tox/cpythonlibtest-unit-test-tests/lib/python3.10/site-packages/_pytest/python.py", line 1792, in runtest
    self.ihook.pytest_pyfunc_call(pyfuncitem=self)
  File "/workdir/sphinx-rtd-theme-1.1.1/.tox/cpythonlibtest-unit-test-tests/lib/python3.10/site-packages/pluggy/_hooks.py", line 493, in __call__
    return self._hookexec(self.name, self._hookimpls, kwargs, firstresult)
  File "/workdir/sphinx-rtd-theme-1.1.1/.tox/cpythonlibtest-unit-test-tests/lib/python3.10/site-packages/pluggy/_manager.py", line 115, in _hookexec
    return self._inner_hookexec(hook_name, methods, kwargs, firstresult)
  File "/workdir/sphinx-rtd-theme-1.1.1/.tox/cpythonlibtest-unit-test-tests/lib/python3.10/site-packages/pluggy/_callers.py", line 113, in _multicall
    raise exception.with_traceback(exception.__traceback__)
  File "/workdir/sphinx-rtd-theme-1.1.1/.tox/cpythonlibtest-unit-test-tests/lib/python3.10/site-packages/pluggy/_callers.py", line 77, in _multicall
    res = hook_impl.function(*args)
  File "/workdir/sphinx-rtd-theme-1.1.1/.tox/cpythonlibtest-unit-test-tests/lib/python3.10/site-packages/_pytest/python.py", line 194, in pytest_pyfunc_call
    result = testfunction(**testargs)
  File "/workdir/sphinx-rtd-theme-1.1.1/tests/test_builders.py", line 68, in test_empty
    for (app, status, warning) in build_all('test-empty'):
  File "/workdir/sphinx-rtd-theme-1.1.1/tests/util.py", line 60, in build_all
    with build(root, builder, **kwargs) as ret:
  File "/usr/local/lib/python3.10/contextlib.py", line 135, in __enter__
    return next(self.gen)
  File "/workdir/sphinx-rtd-theme-1.1.1/tests/util.py", line 42, in build
    app = Sphinx(srcdir, srcdir, destdir, doctreedir, builder, **kwargs)
  File "/workdir/sphinx-rtd-theme-1.1.1/.tox/cpythonlibtest-unit-test-tests/lib/python3.10/site-packages/sphinx/application.py", line 223, in __init__
    self.setup_extension(extension)
  File "/workdir/sphinx-rtd-theme-1.1.1/.tox/cpythonlibtest-unit-test-tests/lib/python3.10/site-packages/sphinx/application.py", line 398, in setup_extension
    self.registry.load_extension(self, extname)
  File "/workdir/sphinx-rtd-theme-1.1.1/.tox/cpythonlibtest-unit-test-tests/lib/python3.10/site-packages/sphinx/registry.py", line 462, in load_extension
    raise ExtensionError(__('Could not import extension %s') % extname,
sphinx.errors.ExtensionError: Could not import extension readthedocs_ext.readthedocs (exception: No module named 'readthedocs_ext')
----------------------------- Captured stdout call -----------------------------
# root: test-empty
# builder: html
# source: /workdir/sphinx-rtd-theme-1.1.1/tests/roots/test-empty
# destination: /tmp/tmphdyntrpe/html
# status: 
[01mRunning Sphinx v5.3.0[39;49;00m

# warning: 
[91mWARNING: while setting up extension sphinx.addnodes: node class 'toctree' is already registered, its visitors will be overridden[39;49;00m
[91mWARNING: while setting up extension sphinx.addnodes: node class 'desc' is already registered, its visitors will be overridden[39;49;00m
[91mWARNING: while setting up extension sphinx.addnodes: node class 'desc_signature' is already registered, its visitors will be overridden[39;49;00m
[91mWARNING: while setting up extension sphinx.addnodes: node class 'desc_signature_line' is already registered, its visitors will be overridden[39;49;00m
[91mWARNING: while setting up extension sphinx.addnodes: node class 'desc_content' is already registered, its visitors will be overridden[39;49;00m
[91mWARNING: while setting up extension sphinx.addnodes: node class 'desc_inline' is already registered, its visitors will be overridden[39;49;00m
[91mWARNING: while setting up extension sphinx.addnodes: node class 'desc_name' is already registered, its visitors will be overridden[39;49;00m
[91mWARNING: while setting up extension sphinx.addnodes: node class 'desc_addname' is already registered, its visitors will be overridden[39;49;00m
[91mWARNING: while setting up extension sphinx.addnodes: node class 'desc_type' is already registered, its visitors will be overridden[39;49;00m
[91mWARNING: while setting up extension sphinx.addnodes: node class 'desc_returns' is already registered, its visitors will be overridden[39;49;00m
[91mWARNING: while setting up extension sphinx.addnodes: node class 'desc_parameterlist' is already registered, its visitors will be overridden[39;49;00m
[91mWARNING: while setting up extension sphinx.addnodes: node class 'desc_parameter' is already registered, its visitors will be overridden[39;49;00m
[91mWARNING: while setting up extension sphinx.addnodes: node class 'desc_optional' is already registered, its visitors will be overridden[39;49;00m
[91mWARNING: while setting up extension sphinx.addnodes: node class 'desc_annotation' is already registered, its visitors will be overridden[39;49;00m
[91mWARNING: while setting up extension sphinx.addnodes: node class 'desc_sig_space' is already registered, its visitors will be overridden[39;49;00m
[91mWARNING: while setting up extension sphinx.addnodes: node class 'desc_sig_name' is already registered, its visitors will be overridden[39;49;00m
[91mWARNING: while setting up extension sphinx.addnodes: node class 'desc_sig_operator' is already registered, its visitors will be overridden[39;49;00m
[91mWARNING: while setting up extension sphinx.addnodes: node class 'desc_sig_punctuation' is already registered, its visitors will be overridden[39;49;00m
[91mWARNING: while setting up extension sphinx.addnodes: node class 'desc_sig_keyword' is already registered, its visitors will be overridden[39;49;00m
[91mWARNING: while setting up extension sphinx.addnodes: node class 'desc_sig_keyword_type' is already registered, its visitors will be overridden[39;49;00m
[91mWARNING: while setting up extension sphinx.addnodes: node class 'desc_sig_literal_number' is already registered, its visitors will be overridden[39;49;00m
[91mWARNING: while setting up extension sphinx.addnodes: node class 'desc_sig_literal_string' is already registered, its visitors will be overridden[39;49;00m
[91mWARNING: while setting up extension sphinx.addnodes: node class 'desc_sig_literal_char' is already registered, its visitors will be overridden[39;49;00m
[91mWARNING: while setting up extension sphinx.addnodes: node class 'versionmodified' is already registered, its visitors will be overridden[39;49;00m
[91mWARNING: while setting up extension sphinx.addnodes: node class 'seealso' is already registered, its visitors will be overridden[39;49;00m
[91mWARNING: while setting up extension sphinx.addnodes: node class 'productionlist' is already registered, its visitors will be overridden[39;49;00m
[91mWARNING: while setting up extension sphinx.addnodes: node class 'production' is already registered, its visitors will be overridden[39;49;00m
[91mWARNING: while setting up extension sphinx.addnodes: node class 'index' is already registered, its visitors will be overridden[39;49;00m
[91mWARNING: while setting up extension sphinx.addnodes: node class 'centered' is already registered, its visitors will be overridden[39;49;00m
[91mWARNING: while setting up extension sphinx.addnodes: node class 'acks' is already registered, its visitors will be overridden[39;49;00m
[91mWARNING: while setting up extension sphinx.addnodes: node class 'hlist' is already registered, its visitors will be overridden[39;49;00m
[91mWARNING: while setting up extension sphinx.addnodes: node class 'hlistcol' is already registered, its visitors will be overridden[39;49;00m
[91mWARNING: while setting up extension sphinx.addnodes: node class 'compact_paragraph' is already registered, its visitors will be overridden[39;49;00m
[91mWARNING: while setting up extension sphinx.addnodes: node class 'glossary' is already registered, its visitors will be overridden[39;49;00m
[91mWARNING: while setting up extension sphinx.addnodes: node class 'only' is already registered, its visitors will be overridden[39;49;00m
[91mWARNING: while setting up extension sphinx.addnodes: node class 'start_of_file' is already registered, its visitors will be overridden[39;49;00m
[91mWARNING: while setting up extension sphinx.addnodes: node class 'highlightlang' is already registered, its visitors will be overridden[39;49;00m
[91mWARNING: while setting up extension sphinx.addnodes: node class 'tabular_col_spec' is already registered, its visitors will be overridden[39;49;00m
[91mWARNING: while setting up extension sphinx.addnodes: node class 'pending_xref' is already registered, its visitors will be overridden[39;49;00m
[91mWARNING: while setting up extension sphinx.addnodes: node class 'number_reference' is already registered, its visitors will be overridden[39;49;00m
[91mWARNING: while setting up extension sphinx.addnodes: node class 'download_reference' is already registered, its visitors will be overridden[39;49;00m
[91mWARNING: while setting up extension sphinx.addnodes: node class 'literal_emphasis' is already registered, its visitors will be overridden[39;49;00m
[91mWARNING: while setting up extension sphinx.addnodes: node class 'literal_strong' is already registered, its visitors will be overridden[39;49;00m
[91mWARNING: while setting up extension sphinx.addnodes: node class 'manpage' is already registered, its visitors will be overridden[39;49;00m
[91mWARNING: while setting up extension sphinx.addnodes: node class 'meta' is already registered, its visitors will be overridden[39;49;00m
[91mWARNING: while setting up extension sphinx.domains.changeset: directive 'deprecated' is already registered, it will be overridden[39;49;00m
[91mWARNING: while setting up extension sphinx.domains.changeset: directive 'versionadded' is already registered, it will be overridden[39;49;00m
[91mWARNING: while setting up extension sphinx.domains.changeset: directive 'versionchanged' is already registered, it will be overridden[39;49;00m
[91mWARNING: while setting up extension sphinx.domains.index: directive 'index' is already registered, it will be overridden[39;49;00m
[91mWARNING: while setting up extension sphinx.domains.index: role 'index' is already registered, it will be overridden[39;49;00m
[91mWARNING: while setting up extension sphinx.domains.math: role 'eq' is already registered, it will be overridden[39;49;00m

_____________________________ test_missing_toctree _____________________________
Traceback (most recent call last):
  File "/workdir/sphinx-rtd-theme-1.1.1/.tox/cpythonlibtest-unit-test-tests/lib/python3.10/site-packages/sphinx/registry.py", line 459, in load_extension
    mod = import_module(extname)
  File "/usr/local/lib/python3.10/importlib/__init__.py", line 126, in import_module
    return _bootstrap._gcd_import(name[level:], package, level)
  File "<frozen importlib._bootstrap>", line 1050, in _gcd_import
  File "<frozen importlib._bootstrap>", line 1027, in _find_and_load
  File "<frozen importlib._bootstrap>", line 992, in _find_and_load_unlocked
  File "<frozen importlib._bootstrap>", line 241, in _call_with_frames_removed
  File "<frozen importlib._bootstrap>", line 1050, in _gcd_import
  File "<frozen importlib._bootstrap>", line 1027, in _find_and_load
  File "<frozen importlib._bootstrap>", line 1004, in _find_and_load_unlocked
ModuleNotFoundError: No module named 'readthedocs_ext'

The above exception was the direct cause of the following exception:

Traceback (most recent call last):
  File "/workdir/sphinx-rtd-theme-1.1.1/.tox/cpythonlibtest-unit-test-tests/lib/python3.10/site-packages/_pytest/runner.py", line 341, in from_call
    result: Optional[TResult] = func()
  File "/workdir/sphinx-rtd-theme-1.1.1/.tox/cpythonlibtest-unit-test-tests/lib/python3.10/site-packages/_pytest/runner.py", line 262, in <lambda>
    lambda: ihook(item=item, **kwds), when=when, reraise=reraise
  File "/workdir/sphinx-rtd-theme-1.1.1/.tox/cpythonlibtest-unit-test-tests/lib/python3.10/site-packages/pluggy/_hooks.py", line 493, in __call__
    return self._hookexec(self.name, self._hookimpls, kwargs, firstresult)
  File "/workdir/sphinx-rtd-theme-1.1.1/.tox/cpythonlibtest-unit-test-tests/lib/python3.10/site-packages/pluggy/_manager.py", line 115, in _hookexec
    return self._inner_hookexec(hook_name, methods, kwargs, firstresult)
  File "/workdir/sphinx-rtd-theme-1.1.1/.tox/cpythonlibtest-unit-test-tests/lib/python3.10/site-packages/pluggy/_callers.py", line 152, in _multicall
    return outcome.get_result()
  File "/workdir/sphinx-rtd-theme-1.1.1/.tox/cpythonlibtest-unit-test-tests/lib/python3.10/site-packages/pluggy/_result.py", line 114, in get_result
    raise exc.with_traceback(exc.__traceback__)
  File "/workdir/sphinx-rtd-theme-1.1.1/.tox/cpythonlibtest-unit-test-tests/lib/python3.10/site-packages/pluggy/_callers.py", line 77, in _multicall
    res = hook_impl.function(*args)
  File "/workdir/sphinx-rtd-theme-1.1.1/.tox/cpythonlibtest-unit-test-tests/lib/python3.10/site-packages/_pytest/runner.py", line 177, in pytest_runtest_call
    raise e
  File "/workdir/sphinx-rtd-theme-1.1.1/.tox/cpythonlibtest-unit-test-tests/lib/python3.10/site-packages/_pytest/runner.py", line 169, in pytest_runtest_call
    item.runtest()
  File "/workdir/sphinx-rtd-theme-1.1.1/.tox/cpythonlibtest-unit-test-tests/lib/python3.10/site-packages/_pytest/python.py", line 1792, in runtest
    self.ihook.pytest_pyfunc_call(pyfuncitem=self)
  File "/workdir/sphinx-rtd-theme-1.1.1/.tox/cpythonlibtest-unit-test-tests/lib/python3.10/site-packages/pluggy/_hooks.py", line 493, in __call__
    return self._hookexec(self.name, self._hookimpls, kwargs, firstresult)
  File "/workdir/sphinx-rtd-theme-1.1.1/.tox/cpythonlibtest-unit-test-tests/lib/python3.10/site-packages/pluggy/_manager.py", line 115, in _hookexec
    return self._inner_hookexec(hook_name, methods, kwargs, firstresult)
  File "/workdir/sphinx-rtd-theme-1.1.1/.tox/cpythonlibtest-unit-test-tests/lib/python3.10/site-packages/pluggy/_callers.py", line 113, in _multicall
    raise exception.with_traceback(exception.__traceback__)
  File "/workdir/sphinx-rtd-theme-1.1.1/.tox/cpythonlibtest-unit-test-tests/lib/python3.10/site-packages/pluggy/_callers.py", line 77, in _multicall
    res = hook_impl.function(*args)
  File "/workdir/sphinx-rtd-theme-1.1.1/.tox/cpythonlibtest-unit-test-tests/lib/python3.10/site-packages/_pytest/python.py", line 194, in pytest_pyfunc_call
    result = testfunction(**testargs)
  File "/workdir/sphinx-rtd-theme-1.1.1/tests/test_builders.py", line 83, in test_missing_toctree
    for (app, status, warning) in build_all('test-missing-toctree'):
  File "/workdir/sphinx-rtd-theme-1.1.1/tests/util.py", line 60, in build_all
    with build(root, builder, **kwargs) as ret:
  File "/usr/local/lib/python3.10/contextlib.py", line 135, in __enter__
    return next(self.gen)
  File "/workdir/sphinx-rtd-theme-1.1.1/tests/util.py", line 42, in build
    app = Sphinx(srcdir, srcdir, destdir, doctreedir, builder, **kwargs)
  File "/workdir/sphinx-rtd-theme-1.1.1/.tox/cpythonlibtest-unit-test-tests/lib/python3.10/site-packages/sphinx/application.py", line 223, in __init__
    self.setup_extension(extension)
  File "/workdir/sphinx-rtd-theme-1.1.1/.tox/cpythonlibtest-unit-test-tests/lib/python3.10/site-packages/sphinx/application.py", line 398, in setup_extension
    self.registry.load_extension(self, extname)
  File "/workdir/sphinx-rtd-theme-1.1.1/.tox/cpythonlibtest-unit-test-tests/lib/python3.10/site-packages/sphinx/registry.py", line 462, in load_extension
    raise ExtensionError(__('Could not import extension %s') % extname,
sphinx.errors.ExtensionError: Could not import extension readthedocs_ext.readthedocs (exception: No module named 'readthedocs_ext')
----------------------------- Captured stdout call -----------------------------
# root: test-missing-toctree
# builder: html
# source: /workdir/sphinx-rtd-theme-1.1.1/tests/roots/test-missing-toctree
# destination: /tmp/tmpjwz9sx1d/html
# status: 
[01mRunning Sphinx v5.3.0[39;49;00m

# warning: 
[91mWARNING: while setting up extension sphinx.addnodes: node class 'toctree' is already registered, its visitors will be overridden[39;49;00m
[91mWARNING: while setting up extension sphinx.addnodes: node class 'desc' is already registered, its visitors will be overridden[39;49;00m
[91mWARNING: while setting up extension sphinx.addnodes: node class 'desc_signature' is already registered, its visitors will be overridden[39;49;00m
[91mWARNING: while setting up extension sphinx.addnodes: node class 'desc_signature_line' is already registered, its visitors will be overridden[39;49;00m
[91mWARNING: while setting up extension sphinx.addnodes: node class 'desc_content' is already registered, its visitors will be overridden[39;49;00m
[91mWARNING: while setting up extension sphinx.addnodes: node class 'desc_inline' is already registered, its visitors will be overridden[39;49;00m
[91mWARNING: while setting up extension sphinx.addnodes: node class 'desc_name' is already registered, its visitors will be overridden[39;49;00m
[91mWARNING: while setting up extension sphinx.addnodes: node class 'desc_addname' is already registered, its visitors will be overridden[39;49;00m
[91mWARNING: while setting up extension sphinx.addnodes: node class 'desc_type' is already registered, its visitors will be overridden[39;49;00m
[91mWARNING: while setting up extension sphinx.addnodes: node class 'desc_returns' is already registered, its visitors will be overridden[39;49;00m
[91mWARNING: while setting up extension sphinx.addnodes: node class 'desc_parameterlist' is already registered, its visitors will be overridden[39;49;00m
[91mWARNING: while setting up extension sphinx.addnodes: node class 'desc_parameter' is already registered, its visitors will be overridden[39;49;00m
[91mWARNING: while setting up extension sphinx.addnodes: node class 'desc_optional' is already registered, its visitors will be overridden[39;49;00m
[91mWARNING: while setting up extension sphinx.addnodes: node class 'desc_annotation' is already registered, its visitors will be overridden[39;49;00m
[91mWARNING: while setting up extension sphinx.addnodes: node class 'desc_sig_space' is already registered, its visitors will be overridden[39;49;00m
[91mWARNING: while setting up extension sphinx.addnodes: node class 'desc_sig_name' is already registered, its visitors will be overridden[39;49;00m
[91mWARNING: while setting up extension sphinx.addnodes: node class 'desc_sig_operator' is already registered, its visitors will be overridden[39;49;00m
[91mWARNING: while setting up extension sphinx.addnodes: node class 'desc_sig_punctuation' is already registered, its visitors will be overridden[39;49;00m
[91mWARNING: while setting up extension sphinx.addnodes: node class 'desc_sig_keyword' is already registered, its visitors will be overridden[39;49;00m
[91mWARNING: while setting up extension sphinx.addnodes: node class 'desc_sig_keyword_type' is already registered, its visitors will be overridden[39;49;00m
[91mWARNING: while setting up extension sphinx.addnodes: node class 'desc_sig_literal_number' is already registered, its visitors will be overridden[39;49;00m
[91mWARNING: while setting up extension sphinx.addnodes: node class 'desc_sig_literal_string' is already registered, its visitors will be overridden[39;49;00m
[91mWARNING: while setting up extension sphinx.addnodes: node class 'desc_sig_literal_char' is already registered, its visitors will be overridden[39;49;00m
[91mWARNING: while setting up extension sphinx.addnodes: node class 'versionmodified' is already registered, its visitors will be overridden[39;49;00m
[91mWARNING: while setting up extension sphinx.addnodes: node class 'seealso' is already registered, its visitors will be overridden[39;49;00m
[91mWARNING: while setting up extension sphinx.addnodes: node class 'productionlist' is already registered, its visitors will be overridden[39;49;00m
[91mWARNING: while setting up extension sphinx.addnodes: node class 'production' is already registered, its visitors will be overridden[39;49;00m
[91mWARNING: while setting up extension sphinx.addnodes: node class 'index' is already registered, its visitors will be overridden[39;49;00m
[91mWARNING: while setting up extension sphinx.addnodes: node class 'centered' is already registered, its visitors will be overridden[39;49;00m
[91mWARNING: while setting up extension sphinx.addnodes: node class 'acks' is already registered, its visitors will be overridden[39;49;00m
[91mWARNING: while setting up extension sphinx.addnodes: node class 'hlist' is already registered, its visitors will be overridden[39;49;00m
[91mWARNING: while setting up extension sphinx.addnodes: node class 'hlistcol' is already registered, its visitors will be overridden[39;49;00m
[91mWARNING: while setting up extension sphinx.addnodes: node class 'compact_paragraph' is already registered, its visitors will be overridden[39;49;00m
[91mWARNING: while setting up extension sphinx.addnodes: node class 'glossary' is already registered, its visitors will be overridden[39;49;00m
[91mWARNING: while setting up extension sphinx.addnodes: node class 'only' is already registered, its visitors will be overridden[39;49;00m
[91mWARNING: while setting up extension sphinx.addnodes: node class 'start_of_file' is already registered, its visitors will be overridden[39;49;00m
[91mWARNING: while setting up extension sphinx.addnodes: node class 'highlightlang' is already registered, its visitors will be overridden[39;49;00m
[91mWARNING: while setting up extension sphinx.addnodes: node class 'tabular_col_spec' is already registered, its visitors will be overridden[39;49;00m
[91mWARNING: while setting up extension sphinx.addnodes: node class 'pending_xref' is already registered, its visitors will be overridden[39;49;00m
[91mWARNING: while setting up extension sphinx.addnodes: node class 'number_reference' is already registered, its visitors will be overridden[39;49;00m
[91mWARNING: while setting up extension sphinx.addnodes: node class 'download_reference' is already registered, its visitors will be overridden[39;49;00m
[91mWARNING: while setting up extension sphinx.addnodes: node class 'literal_emphasis' is already registered, its visitors will be overridden[39;49;00m
[91mWARNING: while setting up extension sphinx.addnodes: node class 'literal_strong' is already registered, its visitors will be overridden[39;49;00m
[91mWARNING: while setting up extension sphinx.addnodes: node class 'manpage' is already registered, its visitors will be overridden[39;49;00m
[91mWARNING: while setting up extension sphinx.addnodes: node class 'meta' is already registered, its visitors will be overridden[39;49;00m
[91mWARNING: while setting up extension sphinx.domains.changeset: directive 'deprecated' is already registered, it will be overridden[39;49;00m
[91mWARNING: while setting up extension sphinx.domains.changeset: directive 'versionadded' is already registered, it will be overridden[39;49;00m
[91mWARNING: while setting up extension sphinx.domains.changeset: directive 'versionchanged' is already registered, it will be overridden[39;49;00m
[91mWARNING: while setting up extension sphinx.domains.index: directive 'index' is already registered, it will be overridden[39;49;00m
[91mWARNING: while setting up extension sphinx.domains.index: role 'index' is already registered, it will be overridden[39;49;00m
[91mWARNING: while setting up extension sphinx.domains.math: role 'eq' is already registered, it will be overridden[39;49;00m

- generated xml file: /workdir/results/sphinx-rtd-theme/1.1.1/1/cpython-test-results.xml -
=========================== short test summary info ============================
FAILED tests/test_builders.py::test_basic - sphinx.errors.ExtensionError: Cou...
FAILED tests/test_builders.py::test_empty - sphinx.errors.ExtensionError: Cou...
FAILED tests/test_builders.py::test_missing_toctree - sphinx.errors.Extension...
============================== 3 failed in 0.39s ===============================
ERROR: InvocationError for command /workdir/sphinx-rtd-theme-1.1.1/.tox/cpythonlibtest-unit-test-tests/bin/pytest -v --tb=native --junitxml /workdir/results/sphinx-rtd-theme/1.1.1/1/cpython-test-results.xml (exited with code 1)
___________________________________ summary ____________________________________
ERROR:   cpythonlibtest-unit-test-tests: commands failed
