GLOB sdist-make: /workdir/PyAutoGUI-0.9.53/setup.py
cpythonlibtest-unit-test-tests create: /workdir/PyAutoGUI-0.9.53/.tox/cpythonlibtest-unit-test-tests
cpythonlibtest-unit-test-tests installdeps: mock, unittest-xml-reporting
cpythonlibtest-unit-test-tests inst: /workdir/PyAutoGUI-0.9.53/.tox/.tmp/package/1/PyAutoGUI-0.9.53.zip
cpythonlibtest-unit-test-tests installed: lxml==4.9.3,mock==5.1.0,MouseInfo==0.1.3,Pillow==10.1.0,PyAutoGUI @ file:///workdir/PyAutoGUI-0.9.53/.tox/.tmp/package/1/PyAutoGUI-0.9.53.zip#sha256=09e5e2d00e88aff3c6365c55db2b8d4faa74049011a9eb72e3fdd1f837bf509e,PyGetWindow==0.0.9,PyMsgBox==1.0.9,pyperclip==1.8.2,PyRect==0.2.0,PyScreeze==0.1.30,python3-xlib==0.15,pytweening==1.0.7,unittest-xml-reporting==3.2.0
cpythonlibtest-unit-test-tests run-test-pre: PYTHONHASHSEED='3718827037'
cpythonlibtest-unit-test-tests run-test: commands[0] | /workdir/PyAutoGUI-0.9.53/.tox/cpythonlibtest-unit-test-tests/bin/python -m xmlrunner --output-file /workdir/results/PyAutoGUI/0.9.53/1/cpython-test-results.xml

Running tests...
----------------------------------------------------------------------
E
======================================================================
ERROR [0.004s]: pyautogui (unittest.loader._FailedTest)
----------------------------------------------------------------------
ImportError: Failed to import test module: pyautogui
Traceback (most recent call last):
  File "/usr/local/lib/python3.10/unittest/loader.py", line 470, in _find_test_path
    package = self._get_module_from_name(name)
  File "/usr/local/lib/python3.10/unittest/loader.py", line 377, in _get_module_from_name
    __import__(name)
  File "/workdir/PyAutoGUI-0.9.53/pyautogui/__init__.py", line 249, in <module>
    import mouseinfo
  File "/workdir/PyAutoGUI-0.9.53/.tox/cpythonlibtest-unit-test-tests/lib/python3.10/site-packages/mouseinfo/__init__.py", line 223, in <module>
    _display = Display(os.environ['DISPLAY'])
  File "/usr/local/lib/python3.10/os.py", line 680, in __getitem__
    raise KeyError(key) from None
KeyError: 'DISPLAY'


----------------------------------------------------------------------
Ran 1 test in 0.004s

FAILED (errors=1)

Generating XML reports...
ERROR: InvocationError for command /workdir/PyAutoGUI-0.9.53/.tox/cpythonlibtest-unit-test-tests/bin/python -m xmlrunner --output-file /workdir/results/PyAutoGUI/0.9.53/1/cpython-test-results.xml (exited with code 1)
___________________________________ summary ____________________________________
ERROR:   cpythonlibtest-unit-test-tests: commands failed
