<?xml version="1.0" encoding="utf-8"?><testsuites><testsuite name="pytest" errors="0" failures="4" skipped="19" tests="721" time="22.403" timestamp="2023-11-23T05:02:08.005000" hostname="80ac3eb7f7f2"><testcase classname="pyflakes.test.test_api.TestIterSourceCode" name="test_emptyDirectory" time="0.027" /><testcase classname="pyflakes.test.test_api.TestIterSourceCode" name="test_explicitFiles" time="0.012" /><testcase classname="pyflakes.test.test_api.TestIterSourceCode" name="test_multipleDirectories" time="0.011" /><testcase classname="pyflakes.test.test_api.TestIterSourceCode" name="test_onlyPythonSource" time="0.008" /><testcase classname="pyflakes.test.test_api.TestIterSourceCode" name="test_recurses" time="0.011" /><testcase classname="pyflakes.test.test_api.TestIterSourceCode" name="test_shebang" time="0.015" /><testcase classname="pyflakes.test.test_api.TestIterSourceCode" name="test_singleFile" time="0.008" /><testcase classname="pyflakes.test.test_api.TestReporter" name="test_flake" time="0.008" /><testcase classname="pyflakes.test.test_api.TestReporter" name="test_multiLineSyntaxError" time="0.007" /><testcase classname="pyflakes.test.test_api.TestReporter" name="test_syntaxError" time="0.007" /><testcase classname="pyflakes.test.test_api.TestReporter" name="test_syntaxErrorNoOffset" time="0.006" /><testcase classname="pyflakes.test.test_api.TestReporter" name="test_syntaxErrorNoText" time="0.005" /><testcase classname="pyflakes.test.test_api.TestReporter" name="test_unexpectedError" time="0.008" /><testcase classname="pyflakes.test.test_api.CheckTests" name="test_CRLFLineEndings" time="0.015" /><testcase classname="pyflakes.test.test_api.CheckTests" name="test_checkPathNonExisting" time="0.006" /><testcase classname="pyflakes.test.test_api.CheckTests" name="test_checkRecursive" time="0.016" /><testcase classname="pyflakes.test.test_api.CheckTests" name="test_encodedFileUTF8" time="0.011" /><testcase classname="pyflakes.test.test_api.CheckTests" name="test_eofSyntaxError" time="0.008" /><testcase classname="pyflakes.test.test_api.CheckTests" name="test_eofSyntaxErrorWithTab" time="0.007" /><testcase classname="pyflakes.test.test_api.CheckTests" name="test_invalidEscape" time="0.024"><failure message="AssertionError: Tuples differ: (1, &quot;[14 chars]vg:1:7: (unicode error) 'unicodeescape' codec [80 chars]^\n&quot;) != (1, &quot;[14 chars]vg:1:13: (unicode error) 'unicodeescape' codec[88 chars]^\n&quot;)&#10;&#10;First differing element 1:&#10;&quot;/tmp/tmpysqq9evg:1:7: (unicode error) 'unicodeescape' codec [79 chars] ^\n&quot;&#10;&quot;/tmp/tmpysqq9evg:1:13: (unicode error) 'unicodeescape' codec[87 chars] ^\n&quot;&#10;&#10;  (1,&#10;-  &quot;/tmp/tmpysqq9evg:1:7: (unicode error) 'unicodeescape' codec can't decode &quot;&#10;?                      ^&#10;&#10;+  &quot;/tmp/tmpysqq9evg:1:13: (unicode error) 'unicodeescape' codec can't decode &quot;&#10;?                      ^^&#10;&#10;-  'bytes in position 0-1:truncated \\xXX escape\n'&#10;+  'bytes in position 0-1: truncated \\xXX escape\n'&#10;?                         +&#10;&#10;   &quot;foo = '\\xyz'\n&quot;&#10;-  '      ^\n')&#10;+  '            ^\n')&#10;?   ++++++">Traceback (most recent call last):
  File "/opt/graalpy/lib/python3.10/unittest/case.py", line 59, in testPartExecutor
    yield
  File "/opt/graalpy/lib/python3.10/unittest/case.py", line 591, in run
    self._callTestMethod(testMethod)
  File "/opt/graalpy/lib/python3.10/unittest/case.py", line 549, in _callTestMethod
    method()
  File "/workdir/pyflakes-3.0.1/pyflakes/test/test_api.py", line 555, in test_invalidEscape
    self.assertHasErrors(
  File "/workdir/pyflakes-3.0.1/pyflakes/test/test_api.py", line 341, in assertHasErrors
    self.assertEqual(
  File "/opt/graalpy/lib/python3.10/unittest/case.py", line 845, in assertEqual
    assertion_func(first, second, msg=msg)
  File "/opt/graalpy/lib/python3.10/unittest/case.py", line 1062, in assertTupleEqual
    self.assertSequenceEqual(tuple1, tuple2, msg, seq_type=tuple)
  File "/opt/graalpy/lib/python3.10/unittest/case.py", line 1033, in assertSequenceEqual
    self.fail(msg)
  File "/opt/graalpy/lib/python3.10/unittest/case.py", line 675, in fail
    raise self.failureException(msg)
AssertionError: Tuples differ: (1, "[14 chars]vg:1:7: (unicode error) 'unicodeescape' codec [80 chars]^\n") != (1, "[14 chars]vg:1:13: (unicode error) 'unicodeescape' codec[88 chars]^\n")

First differing element 1:
"/tmp/tmpysqq9evg:1:7: (unicode error) 'unicodeescape' codec [79 chars] ^\n"
"/tmp/tmpysqq9evg:1:13: (unicode error) 'unicodeescape' codec[87 chars] ^\n"

  (1,
-  "/tmp/tmpysqq9evg:1:7: (unicode error) 'unicodeescape' codec can't decode "
?                      ^

+  "/tmp/tmpysqq9evg:1:13: (unicode error) 'unicodeescape' codec can't decode "
?                      ^^

-  'bytes in position 0-1:truncated \\xXX escape\n'
+  'bytes in position 0-1: truncated \\xXX escape\n'
?                         +

   "foo = '\\xyz'\n"
-  '      ^\n')
+  '            ^\n')
?   ++++++</failure></testcase><testcase classname="pyflakes.test.test_api.CheckTests" name="test_legacyScript" time="0.009" /><testcase classname="pyflakes.test.test_api.CheckTests" name="test_misencodedFileUTF16" time="0.012"><failure message="AssertionError: Tuples differ: (1, &quot;/tmp/tmpclu7m6e2:1:1: (unicode error) 'u[70 chars]^\n&quot;) != (1, '/tmp/tmpclu7m6e2: problem decoding source\n')&#10;&#10;First differing element 1:&#10;&quot;/tmp/tmpclu7m6e2:1:1: (unicode error) 'u[69 chars]n^\n&quot;&#10;'/tmp/tmpclu7m6e2: problem decoding source\n'&#10;&#10;+ (1, '/tmp/tmpclu7m6e2: problem decoding source\n')&#10;- (1,&#10;-  &quot;/tmp/tmpclu7m6e2:1:1: (unicode error) 'utf-8' codec can't decode byte 0xff &quot;&#10;-  'in position 0: malformed input\n'&#10;-  ' \n'&#10;-  '^\n')">Traceback (most recent call last):
  File "/opt/graalpy/lib/python3.10/unittest/case.py", line 59, in testPartExecutor
    yield
  File "/opt/graalpy/lib/python3.10/unittest/case.py", line 591, in run
    self._callTestMethod(testMethod)
  File "/opt/graalpy/lib/python3.10/unittest/case.py", line 549, in _callTestMethod
    method()
  File "/workdir/pyflakes-3.0.1/pyflakes/test/test_api.py", line 631, in test_misencodedFileUTF16
    self.assertHasErrors(
  File "/workdir/pyflakes-3.0.1/pyflakes/test/test_api.py", line 341, in assertHasErrors
    self.assertEqual(
  File "/opt/graalpy/lib/python3.10/unittest/case.py", line 845, in assertEqual
    assertion_func(first, second, msg=msg)
  File "/opt/graalpy/lib/python3.10/unittest/case.py", line 1062, in assertTupleEqual
    self.assertSequenceEqual(tuple1, tuple2, msg, seq_type=tuple)
  File "/opt/graalpy/lib/python3.10/unittest/case.py", line 1033, in assertSequenceEqual
    self.fail(msg)
  File "/opt/graalpy/lib/python3.10/unittest/case.py", line 675, in fail
    raise self.failureException(msg)
AssertionError: Tuples differ: (1, "/tmp/tmpclu7m6e2:1:1: (unicode error) 'u[70 chars]^\n") != (1, '/tmp/tmpclu7m6e2: problem decoding source\n')

First differing element 1:
"/tmp/tmpclu7m6e2:1:1: (unicode error) 'u[69 chars]n^\n"
'/tmp/tmpclu7m6e2: problem decoding source\n'

+ (1, '/tmp/tmpclu7m6e2: problem decoding source\n')
- (1,
-  "/tmp/tmpclu7m6e2:1:1: (unicode error) 'utf-8' codec can't decode byte 0xff "
-  'in position 0: malformed input\n'
-  ' \n'
-  '^\n')</failure></testcase><testcase classname="pyflakes.test.test_api.CheckTests" name="test_misencodedFileUTF8" time="0.014"><failure message="AssertionError: Tuples differ: (1, &quot;[17 chars]1:1: (unicode error) 'ascii' codec can't decod[48 chars]^\n&quot;) != (1, &quot;[17 chars]1:1: 'ascii' codec can't decode byte 0xe2 in p[36 chars])\n&quot;)&#10;&#10;First differing element 1:&#10;&quot;/tmp[13 chars]1:1: (unicode error) 'ascii' codec can't decod[47 chars]n^\n&quot;&#10;&quot;/tmp[13 chars]1:1: 'ascii' codec can't decode byte 0xe2 in p[35 chars]8)\n&quot;&#10;&#10;  (1,&#10;-  &quot;/tmp/tmpu8bjpd7o:1:1: (unicode error) 'ascii' codec can't decode byte 0xe2 &quot;&#10;?                         ----------------&#10;&#10;+  &quot;/tmp/tmpu8bjpd7o:1:1: 'ascii' codec can't decode byte 0xe2 in position 21: &quot;&#10;?                                                              ++++++++++++++++&#10;&#10;+  'ordinal not in range(128)\n')&#10;-  'in position 21: malformed input\n'&#10;-  ' \n'&#10;-  '^\n')">Traceback (most recent call last):
  File "/opt/graalpy/lib/python3.10/unittest/case.py", line 59, in testPartExecutor
    yield
  File "/opt/graalpy/lib/python3.10/unittest/case.py", line 591, in run
    self._callTestMethod(testMethod)
  File "/opt/graalpy/lib/python3.10/unittest/case.py", line 549, in _callTestMethod
    method()
  File "/workdir/pyflakes-3.0.1/pyflakes/test/test_api.py", line 616, in test_misencodedFileUTF8
    self.assertHasErrors(
  File "/workdir/pyflakes-3.0.1/pyflakes/test/test_api.py", line 341, in assertHasErrors
    self.assertEqual(
  File "/opt/graalpy/lib/python3.10/unittest/case.py", line 845, in assertEqual
    assertion_func(first, second, msg=msg)
  File "/opt/graalpy/lib/python3.10/unittest/case.py", line 1062, in assertTupleEqual
    self.assertSequenceEqual(tuple1, tuple2, msg, seq_type=tuple)
  File "/opt/graalpy/lib/python3.10/unittest/case.py", line 1033, in assertSequenceEqual
    self.fail(msg)
  File "/opt/graalpy/lib/python3.10/unittest/case.py", line 675, in fail
    raise self.failureException(msg)
AssertionError: Tuples differ: (1, "[17 chars]1:1: (unicode error) 'ascii' codec can't decod[48 chars]^\n") != (1, "[17 chars]1:1: 'ascii' codec can't decode byte 0xe2 in p[36 chars])\n")

First differing element 1:
"/tmp[13 chars]1:1: (unicode error) 'ascii' codec can't decod[47 chars]n^\n"
"/tmp[13 chars]1:1: 'ascii' codec can't decode byte 0xe2 in p[35 chars]8)\n"

  (1,
-  "/tmp/tmpu8bjpd7o:1:1: (unicode error) 'ascii' codec can't decode byte 0xe2 "
?                         ----------------

+  "/tmp/tmpu8bjpd7o:1:1: 'ascii' codec can't decode byte 0xe2 in position 21: "
?                                                              ++++++++++++++++

+  'ordinal not in range(128)\n')
-  'in position 21: malformed input\n'
-  ' \n'
-  '^\n')</failure></testcase><testcase classname="pyflakes.test.test_api.CheckTests" name="test_missingTrailingNewline" time="0.013" /><testcase classname="pyflakes.test.test_api.CheckTests" name="test_multilineSyntaxError" time="0.008" /><testcase classname="pyflakes.test.test_api.CheckTests" name="test_nonDefaultFollowsDefaultSyntaxError" time="0.008" /><testcase classname="pyflakes.test.test_api.CheckTests" name="test_nonKeywordAfterKeywordSyntaxError" time="0.007" /><testcase classname="pyflakes.test.test_api.CheckTests" name="test_permissionDenied" time="0.007" /><testcase classname="pyflakes.test.test_api.CheckTests" name="test_pyflakesWarning" time="0.010" /><testcase classname="pyflakes.test.test_api.CheckTests" name="test_stdinReportsErrors" time="0.008" /><testcase classname="pyflakes.test.test_api.IntegrationTests" name="test_errors_io" time="1.059" /><testcase classname="pyflakes.test.test_api.IntegrationTests" name="test_errors_syntax" time="1.023" /><testcase classname="pyflakes.test.test_api.IntegrationTests" name="test_fileWithFlakes" time="1.103" /><testcase classname="pyflakes.test.test_api.IntegrationTests" name="test_goodFile" time="1.114" /><testcase classname="pyflakes.test.test_api.IntegrationTests" name="test_readFromStdin" time="1.080" /><testcase classname="pyflakes.test.test_api.TestMain" name="test_errors_io" time="0.017" /><testcase classname="pyflakes.test.test_api.TestMain" name="test_errors_syntax" time="0.015" /><testcase classname="pyflakes.test.test_api.TestMain" name="test_fileWithFlakes" time="0.016" /><testcase classname="pyflakes.test.test_api.TestMain" name="test_goodFile" time="0.015" /><testcase classname="pyflakes.test.test_api.TestMain" name="test_readFromStdin" time="0.016" /><testcase classname="pyflakes.test.test_builtin.TestBuiltins" name="test_builtin_unbound_local" time="0.016" /><testcase classname="pyflakes.test.test_builtin.TestBuiltins" name="test_global_shadowing_builtin" time="0.013" /><testcase classname="pyflakes.test.test_code_segment.TestCodeSegments" name="test_class_segment" time="0.018" /><testcase classname="pyflakes.test.test_code_segment.TestCodeSegments" name="test_function_segment" time="0.016" /><testcase classname="pyflakes.test.test_code_segment.TestCodeSegments" name="test_scope_async_function" time="0.009" /><testcase classname="pyflakes.test.test_code_segment.TestCodeSegments" name="test_scope_class" time="0.013" /><testcase classname="pyflakes.test.test_code_segment.TestCodeSegments" name="test_scope_function" time="0.013" /><testcase classname="pyflakes.test.test_dict.Test" name="test_duplicate_key_float_and_int" time="0.014" /><testcase classname="pyflakes.test.test_dict.Test" name="test_duplicate_keys" time="0.009" /><testcase classname="pyflakes.test.test_dict.Test" name="test_duplicate_keys_bools" time="0.010" /><testcase classname="pyflakes.test.test_dict.Test" name="test_duplicate_keys_bools_false" time="0.010" /><testcase classname="pyflakes.test.test_dict.Test" name="test_duplicate_keys_bytes_vs_unicode_py3" time="0.009" /><testcase classname="pyflakes.test.test_dict.Test" name="test_duplicate_keys_in_function" time="0.017" /><testcase classname="pyflakes.test.test_dict.Test" name="test_duplicate_keys_in_lambda" time="0.020" /><testcase classname="pyflakes.test.test_dict.Test" name="test_duplicate_keys_ints" time="0.016" /><testcase classname="pyflakes.test.test_dict.Test" name="test_duplicate_keys_none" time="0.011" /><testcase classname="pyflakes.test.test_dict.Test" name="test_duplicate_keys_tuples" time="0.010" /><testcase classname="pyflakes.test.test_dict.Test" name="test_duplicate_keys_tuples_int_and_float" time="0.010" /><testcase classname="pyflakes.test.test_dict.Test" name="test_duplicate_values_bytes_vs_unicode_py3" time="0.009" /><testcase classname="pyflakes.test.test_dict.Test" name="test_duplicate_variable_keys" time="0.011" /><testcase classname="pyflakes.test.test_dict.Test" name="test_duplicate_variable_values" time="0.012" /><testcase classname="pyflakes.test.test_dict.Test" name="test_duplicate_variable_values_same_value" time="0.009" /><testcase classname="pyflakes.test.test_dict.Test" name="test_multiple_duplicate_keys" time="0.008" /><testcase classname="pyflakes.test.test_dict.Test" name="test_no_duplicate_key_error_same_value" time="0.008" /><testcase classname="pyflakes.test.test_dict.Test" name="test_no_duplicate_key_errors" time="0.008" /><testcase classname="pyflakes.test.test_dict.Test" name="test_no_duplicate_key_errors_bool_or_none" time="0.009" /><testcase classname="pyflakes.test.test_dict.Test" name="test_no_duplicate_key_errors_func_call" time="0.011" /><testcase classname="pyflakes.test.test_dict.Test" name="test_no_duplicate_key_errors_instance_attributes" time="0.011" /><testcase classname="pyflakes.test.test_dict.Test" name="test_no_duplicate_key_errors_ints" time="0.009" /><testcase classname="pyflakes.test.test_dict.Test" name="test_no_duplicate_key_errors_tuples" time="0.010" /><testcase classname="pyflakes.test.test_dict.Test" name="test_no_duplicate_key_errors_vars" time="0.009" /><testcase classname="pyflakes.test.test_dict.Test" name="test_no_duplicate_keys_tuples_same_first_element" time="0.009" /><testcase classname="pyflakes.test.test_doctests.TestOther" name="test_attrAugmentedAssignment" time="0.016" /><testcase classname="pyflakes.test.test_doctests.TestOther" name="test_breakInsideLoop" time="0.058" /><testcase classname="pyflakes.test.test_doctests.TestOther" name="test_breakOutsideLoop" time="0.050" /><testcase classname="pyflakes.test.test_doctests.TestOther" name="test_classFunctionDecorator" time="0.013" /><testcase classname="pyflakes.test.test_doctests.TestOther" name="test_classNameDefinedPreviously" time="0.013" /><testcase classname="pyflakes.test.test_doctests.TestOther" name="test_classNameUndefinedInClassBody" time="0.011" /><testcase classname="pyflakes.test.test_doctests.TestOther" name="test_classRedefinedAsFunction" time="0.012" /><testcase classname="pyflakes.test.test_doctests.TestOther" name="test_classRedefinition" time="0.012" /><testcase classname="pyflakes.test.test_doctests.TestOther" name="test_classWithReturn" time="0.010" /><testcase classname="pyflakes.test.test_doctests.TestOther" name="test_classWithYield" time="0.012" /><testcase classname="pyflakes.test.test_doctests.TestOther" name="test_classWithYieldFrom" time="0.012" /><testcase classname="pyflakes.test.test_doctests.TestOther" name="test_comparison" time="0.017" /><testcase classname="pyflakes.test.test_doctests.TestOther" name="test_containment" time="0.012" /><testcase classname="pyflakes.test.test_doctests.TestOther" name="test_continueInFinally" time="0.005"><skipped type="pytest.skip" message="Python &lt;= 3.8 only">/workdir/pyflakes-3.0.1/pyflakes/test/test_other.py:449: Python &lt;= 3.8 only</skipped></testcase><testcase classname="pyflakes.test.test_doctests.TestOther" name="test_continueInsideLoop" time="0.039" /><testcase classname="pyflakes.test.test_doctests.TestOther" name="test_continueOutsideLoop" time="0.037" /><testcase classname="pyflakes.test.test_doctests.TestOther" name="test_defaultExceptLast" time="0.041" /><testcase classname="pyflakes.test.test_doctests.TestOther" name="test_defaultExceptNotLast" time="0.105" /><testcase classname="pyflakes.test.test_doctests.TestOther" name="test_doubleAssignment" time="0.006"><skipped type="pytest.skip" message="todo: Too hard to make this warn but other cases stay silent">/workdir/pyflakes-3.0.1/pyflakes/test/test_other.py:983: todo: Too hard to make this warn but other cases stay silent</skipped></testcase><testcase classname="pyflakes.test.test_doctests.TestOther" name="test_doubleAssignmentConditionally" time="0.013" /><testcase classname="pyflakes.test.test_doctests.TestOther" name="test_doubleAssignmentWithUse" time="0.014" /><testcase classname="pyflakes.test.test_doctests.TestOther" name="test_duplicateArgs" time="0.012" /><testcase classname="pyflakes.test.test_doctests.TestOther" name="test_ellipsis" time="0.011" /><testcase classname="pyflakes.test.test_doctests.TestOther" name="test_extendedSlice" time="0.012" /><testcase classname="pyflakes.test.test_doctests.TestOther" name="test_functionDecorator" time="0.013" /><testcase classname="pyflakes.test.test_doctests.TestOther" name="test_functionRedefinedAsClass" time="0.012" /><testcase classname="pyflakes.test.test_doctests.TestOther" name="test_function_arguments" time="0.028" /><testcase classname="pyflakes.test.test_doctests.TestOther" name="test_function_arguments_python3" time="0.011" /><testcase classname="pyflakes.test.test_doctests.TestOther" name="test_globalDeclaredInDifferentScope" time="0.014" /><testcase classname="pyflakes.test.test_doctests.TestOther" name="test_identity" time="0.024" /><testcase classname="pyflakes.test.test_doctests.TestOther" name="test_localReferencedBeforeAssignment" time="0.013" /><testcase classname="pyflakes.test.test_doctests.TestOther" name="test_loopControl" time="0.016" /><testcase classname="pyflakes.test.test_doctests.TestOther" name="test_modernProperty" time="0.014" /><testcase classname="pyflakes.test.test_doctests.TestOther" name="test_moduleWithReturn" time="0.011" /><testcase classname="pyflakes.test.test_doctests.TestOther" name="test_moduleWithYield" time="0.011" /><testcase classname="pyflakes.test.test_doctests.TestOther" name="test_moduleWithYieldFrom" time="0.011" /><testcase classname="pyflakes.test.test_doctests.TestOther" name="test_redefinedClassFunction" time="0.011" /><testcase classname="pyflakes.test.test_doctests.TestOther" name="test_redefinedFunction" time="0.012" /><testcase classname="pyflakes.test.test_doctests.TestOther" name="test_redefinedIfElseFunction" time="0.012" /><testcase classname="pyflakes.test.test_doctests.TestOther" name="test_redefinedIfElseInListComp" time="0.012" /><testcase classname="pyflakes.test.test_doctests.TestOther" name="test_redefinedIfFunction" time="0.011" /><testcase classname="pyflakes.test.test_doctests.TestOther" name="test_redefinedInDictComprehension" time="0.041" /><testcase classname="pyflakes.test.test_doctests.TestOther" name="test_redefinedInGenerator" time="0.036" /><testcase classname="pyflakes.test.test_doctests.TestOther" name="test_redefinedInSetComprehension" time="0.051" /><testcase classname="pyflakes.test.test_doctests.TestOther" name="test_redefinedTryExceptFunction" time="0.013" /><testcase classname="pyflakes.test.test_doctests.TestOther" name="test_redefinedTryFunction" time="0.013" /><testcase classname="pyflakes.test.test_doctests.TestOther" name="test_redefinedUnderscoreFunction" time="0.013" /><testcase classname="pyflakes.test.test_doctests.TestOther" name="test_redefinedUnderscoreImportation" time="0.012" /><testcase classname="pyflakes.test.test_doctests.TestOther" name="test_starredAssignmentErrors" time="0.294" /><testcase classname="pyflakes.test.test_doctests.TestOther" name="test_starredAssignmentNoError" time="0.116" /><testcase classname="pyflakes.test.test_doctests.TestOther" name="test_unaryPlus" time="0.011" /><testcase classname="pyflakes.test.test_doctests.TestOther" name="test_undefinedBaseClass" time="0.012" /><testcase classname="pyflakes.test.test_doctests.TestOther" name="test_varAugmentedAssignment" time="0.015" /><testcase classname="pyflakes.test.test_doctests.TestImports" name="test_aliasedImport" time="0.018" /><testcase classname="pyflakes.test.test_doctests.TestImports" name="test_aliasedImportShadowModule" time="0.023" /><testcase classname="pyflakes.test.test_doctests.TestImports" name="test_assignRHSFirst" time="0.028" /><testcase classname="pyflakes.test.test_doctests.TestImports" name="test_assignedToGlobal" time="0.013" /><testcase classname="pyflakes.test.test_doctests.TestImports" name="test_differentSubmoduleImport" time="0.019" /><testcase classname="pyflakes.test.test_doctests.TestImports" name="test_duplicateSubmoduleImport" time="0.018" /><testcase classname="pyflakes.test.test_doctests.TestImports" name="test_functionNamesAreBoundNow" time="0.012" /><testcase classname="pyflakes.test.test_doctests.TestImports" name="test_functionsRunLater" time="0.012" /><testcase classname="pyflakes.test.test_doctests.TestImports" name="test_futureImport" time="0.017" /><testcase classname="pyflakes.test.test_doctests.TestImports" name="test_futureImportFirst" time="0.033" /><testcase classname="pyflakes.test.test_doctests.TestImports" name="test_futureImportStar" time="0.010" /><testcase classname="pyflakes.test.test_doctests.TestImports" name="test_futureImportUndefined" time="0.010" /><testcase classname="pyflakes.test.test_doctests.TestImports" name="test_futureImportUsed" time="0.011" /><testcase classname="pyflakes.test.test_doctests.TestImports" name="test_ignoreNonImportRedefinitions" time="0.011" /><testcase classname="pyflakes.test.test_doctests.TestImports" name="test_importInClass" time="0.017" /><testcase classname="pyflakes.test.test_doctests.TestImports" name="test_importStar" time="0.022" /><testcase classname="pyflakes.test.test_doctests.TestImports" name="test_importStar_relative" time="0.028" /><testcase classname="pyflakes.test.test_doctests.TestImports" name="test_importUsedInMethodDefinition" time="0.015" /><testcase classname="pyflakes.test.test_doctests.TestImports" name="test_importedInClass" time="0.013" /><testcase classname="pyflakes.test.test_doctests.TestImports" name="test_importingForImportError" time="0.004"><skipped type="pytest.skip" message="todo">/workdir/pyflakes-3.0.1/pyflakes/test/test_imports.py:933: todo</skipped></testcase><testcase classname="pyflakes.test.test_doctests.TestImports" name="test_localImportStar" time="0.020" /><testcase classname="pyflakes.test.test_doctests.TestImports" name="test_methodsDontUseClassScope" time="0.010" /><testcase classname="pyflakes.test.test_doctests.TestImports" name="test_nestedClassAndFunctionScope" time="0.011" /><testcase classname="pyflakes.test.test_doctests.TestImports" name="test_nestedFunctionsNestScope" time="0.011" /><testcase classname="pyflakes.test.test_doctests.TestImports" name="test_newAssignment" time="0.010" /><testcase classname="pyflakes.test.test_doctests.TestImports" name="test_nonGlobalDoesNotRedefine" time="0.011" /><testcase classname="pyflakes.test.test_doctests.TestImports" name="test_notUsedInNestedScope" time="0.028" /><testcase classname="pyflakes.test.test_doctests.TestImports" name="test_packageImport" time="0.011" /><testcase classname="pyflakes.test.test_doctests.TestImports" name="test_redefinedButUsedLater" time="0.015" /><testcase classname="pyflakes.test.test_doctests.TestImports" name="test_redefinedByClass" time="0.012" /><testcase classname="pyflakes.test.test_doctests.TestImports" name="test_redefinedByExcept" time="0.012" /><testcase classname="pyflakes.test.test_doctests.TestImports" name="test_redefinedByFor" time="0.012" /><testcase classname="pyflakes.test.test_doctests.TestImports" name="test_redefinedByFunction" time="0.012" /><testcase classname="pyflakes.test.test_doctests.TestImports" name="test_redefinedBySubclass" time="0.011" /><testcase classname="pyflakes.test.test_doctests.TestImports" name="test_redefinedIf" time="0.013" /><testcase classname="pyflakes.test.test_doctests.TestImports" name="test_redefinedIfElse" time="0.012" /><testcase classname="pyflakes.test.test_doctests.TestImports" name="test_redefinedInClass" time="0.012" /><testcase classname="pyflakes.test.test_doctests.TestImports" name="test_redefinedInNestedFunction" time="0.016" /><testcase classname="pyflakes.test.test_doctests.TestImports" name="test_redefinedInNestedFunctionTwice" time="0.014" /><testcase classname="pyflakes.test.test_doctests.TestImports" name="test_redefinedTry" time="0.013" /><testcase classname="pyflakes.test.test_doctests.TestImports" name="test_redefinedTryElse" time="0.013" /><testcase classname="pyflakes.test.test_doctests.TestImports" name="test_redefinedTryExcept" time="0.012" /><testcase classname="pyflakes.test.test_doctests.TestImports" name="test_redefinedTryExceptElse" time="0.014" /><testcase classname="pyflakes.test.test_doctests.TestImports" name="test_redefinedTryExceptElseFinally" time="0.014" /><testcase classname="pyflakes.test.test_doctests.TestImports" name="test_redefinedTryExceptFinally" time="0.030" /><testcase classname="pyflakes.test.test_doctests.TestImports" name="test_redefinedTryExceptMulti" time="0.014" /><testcase classname="pyflakes.test.test_doctests.TestImports" name="test_redefinedTryNested" time="0.013" /><testcase classname="pyflakes.test.test_doctests.TestImports" name="test_redefinedWhileUnused" time="0.025" /><testcase classname="pyflakes.test.test_doctests.TestImports" name="test_shadowedByFor" time="0.013" /><testcase classname="pyflakes.test.test_doctests.TestImports" name="test_shadowedByForDeep" time="0.024" /><testcase classname="pyflakes.test.test_doctests.TestImports" name="test_shadowedByLambda" time="0.018" /><testcase classname="pyflakes.test.test_doctests.TestImports" name="test_shadowedByParameter" time="0.019" /><testcase classname="pyflakes.test.test_doctests.TestImports" name="test_tryingMultipleImports" time="0.012" /><testcase classname="pyflakes.test.test_doctests.TestImports" name="test_unusedImport" time="0.017" /><testcase classname="pyflakes.test.test_doctests.TestImports" name="test_unusedImport_relative" time="0.066" /><testcase classname="pyflakes.test.test_doctests.TestImports" name="test_unusedInNestedScope" time="0.031" /><testcase classname="pyflakes.test.test_doctests.TestImports" name="test_unusedPackageImport" time="0.012" /><testcase classname="pyflakes.test.test_doctests.TestImports" name="test_unused_package_with_submodule_import" time="0.014" /><testcase classname="pyflakes.test.test_doctests.TestImports" name="test_usedAndGlobal" time="0.014" /><testcase classname="pyflakes.test.test_doctests.TestImports" name="test_usedImport" time="0.024" /><testcase classname="pyflakes.test.test_doctests.TestImports" name="test_usedImport_relative" time="0.027" /><testcase classname="pyflakes.test.test_doctests.TestImports" name="test_usedInAssert" time="0.012" /><testcase classname="pyflakes.test.test_doctests.TestImports" name="test_usedInAssignment" time="0.019" /><testcase classname="pyflakes.test.test_doctests.TestImports" name="test_usedInAttributeAssign" time="0.012" /><testcase classname="pyflakes.test.test_doctests.TestImports" name="test_usedInCall" time="0.012" /><testcase classname="pyflakes.test.test_doctests.TestImports" name="test_usedInClass" time="0.012" /><testcase classname="pyflakes.test.test_doctests.TestImports" name="test_usedInClassBase" time="0.013" /><testcase classname="pyflakes.test.test_doctests.TestImports" name="test_usedInDict" time="0.019" /><testcase classname="pyflakes.test.test_doctests.TestImports" name="test_usedInElifConditional" time="0.011" /><testcase classname="pyflakes.test.test_doctests.TestImports" name="test_usedInElse" time="0.013" /><testcase classname="pyflakes.test.test_doctests.TestImports" name="test_usedInExcept" time="0.013" /><testcase classname="pyflakes.test.test_doctests.TestImports" name="test_usedInExec" time="0.032" /><testcase classname="pyflakes.test.test_doctests.TestImports" name="test_usedInFor" time="0.013" /><testcase classname="pyflakes.test.test_doctests.TestImports" name="test_usedInForElse" time="0.012" /><testcase classname="pyflakes.test.test_doctests.TestImports" name="test_usedInFunction" time="0.013" /><testcase classname="pyflakes.test.test_doctests.TestImports" name="test_usedInGetattr" time="0.017" /><testcase classname="pyflakes.test.test_doctests.TestImports" name="test_usedInGlobal" time="0.013" /><testcase classname="pyflakes.test.test_doctests.TestImports" name="test_usedInIfBody" time="0.012" /><testcase classname="pyflakes.test.test_doctests.TestImports" name="test_usedInIfConditional" time="0.012" /><testcase classname="pyflakes.test.test_doctests.TestImports" name="test_usedInKeywordArg" time="0.013" /><testcase classname="pyflakes.test.test_doctests.TestImports" name="test_usedInLambda" time="0.013" /><testcase classname="pyflakes.test.test_doctests.TestImports" name="test_usedInList" time="0.013" /><testcase classname="pyflakes.test.test_doctests.TestImports" name="test_usedInListComp" time="0.021" /><testcase classname="pyflakes.test.test_doctests.TestImports" name="test_usedInLogic" time="0.023" /><testcase classname="pyflakes.test.test_doctests.TestImports" name="test_usedInOperators" time="0.116" /><testcase classname="pyflakes.test.test_doctests.TestImports" name="test_usedInParameterDefault" time="0.013" /><testcase classname="pyflakes.test.test_doctests.TestImports" name="test_usedInRaise" time="0.012" /><testcase classname="pyflakes.test.test_doctests.TestImports" name="test_usedInReturn" time="0.012" /><testcase classname="pyflakes.test.test_doctests.TestImports" name="test_usedInSlice" time="0.011" /><testcase classname="pyflakes.test.test_doctests.TestImports" name="test_usedInSliceObj" time="0.010" /><testcase classname="pyflakes.test.test_doctests.TestImports" name="test_usedInSubscript" time="0.011" /><testcase classname="pyflakes.test.test_doctests.TestImports" name="test_usedInTry" time="0.013" /><testcase classname="pyflakes.test.test_doctests.TestImports" name="test_usedInTryFinally" time="0.020" /><testcase classname="pyflakes.test.test_doctests.TestImports" name="test_usedInTuple" time="0.011" /><testcase classname="pyflakes.test.test_doctests.TestImports" name="test_usedInWhile" time="0.020" /><testcase classname="pyflakes.test.test_doctests.TestImports" name="test_usedInYield" time="0.012" /><testcase classname="pyflakes.test.test_doctests.TestImports" name="test_used_package_with_submodule_import" time="0.020" /><testcase classname="pyflakes.test.test_doctests.TestImports" name="test_used_package_with_submodule_import_of_alias" time="0.031" /><testcase classname="pyflakes.test.test_doctests.TestUndefinedNames" name="test_annotationUndefined" time="0.047" /><testcase classname="pyflakes.test.test_doctests.TestUndefinedNames" name="test_badNestedClass" time="0.013" /><testcase classname="pyflakes.test.test_doctests.TestUndefinedNames" name="test_builtinWindowsError" time="0.010" /><testcase classname="pyflakes.test.test_doctests.TestUndefinedNames" name="test_builtins" time="0.010" /><testcase classname="pyflakes.test.test_doctests.TestUndefinedNames" name="test_definedAsStarArgs" time="0.011" /><testcase classname="pyflakes.test.test_doctests.TestUndefinedNames" name="test_definedAsStarUnpack" time="0.024" /><testcase classname="pyflakes.test.test_doctests.TestUndefinedNames" name="test_definedByGlobal" time="0.018" /><testcase classname="pyflakes.test.test_doctests.TestUndefinedNames" name="test_definedByGlobalMultipleNames" time="0.012" /><testcase classname="pyflakes.test.test_doctests.TestUndefinedNames" name="test_definedFromLambdaInDictionaryComprehension" time="0.011" /><testcase classname="pyflakes.test.test_doctests.TestUndefinedNames" name="test_definedFromLambdaInGenerator" time="0.011" /><testcase classname="pyflakes.test.test_doctests.TestUndefinedNames" name="test_definedInClass" time="0.016" /><testcase classname="pyflakes.test.test_doctests.TestUndefinedNames" name="test_definedInClassNested" time="0.011" /><testcase classname="pyflakes.test.test_doctests.TestUndefinedNames" name="test_definedInGenExp" time="0.018" /><testcase classname="pyflakes.test.test_doctests.TestUndefinedNames" name="test_definedInListComp" time="0.011" /><testcase classname="pyflakes.test.test_doctests.TestUndefinedNames" name="test_del" time="0.011" /><testcase classname="pyflakes.test.test_doctests.TestUndefinedNames" name="test_delConditional" time="0.223" /><testcase classname="pyflakes.test.test_doctests.TestUndefinedNames" name="test_delConditionalNested" time="0.013" /><testcase classname="pyflakes.test.test_doctests.TestUndefinedNames" name="test_delExceptionInExcept" time="0.012" /><testcase classname="pyflakes.test.test_doctests.TestUndefinedNames" name="test_delGlobal" time="0.013" /><testcase classname="pyflakes.test.test_doctests.TestUndefinedNames" name="test_delUndefined" time="0.011" /><testcase classname="pyflakes.test.test_doctests.TestUndefinedNames" name="test_delWhile" time="0.012" /><testcase classname="pyflakes.test.test_doctests.TestUndefinedNames" name="test_delWhileNested" time="0.014" /><testcase classname="pyflakes.test.test_doctests.TestUndefinedNames" name="test_delWhileTestUsage" time="0.012" /><testcase classname="pyflakes.test.test_doctests.TestUndefinedNames" name="test_doubleNestingReportsClosestName" time="0.014" /><testcase classname="pyflakes.test.test_doctests.TestUndefinedNames" name="test_dunderClass" time="0.014" /><testcase classname="pyflakes.test.test_doctests.TestUndefinedNames" name="test_functionsNeedGlobalScope" time="0.012" /><testcase classname="pyflakes.test.test_doctests.TestUndefinedNames" name="test_globalFromNestedScope" time="0.012" /><testcase classname="pyflakes.test.test_doctests.TestUndefinedNames" name="test_globalImportStar" time="0.012" /><testcase classname="pyflakes.test.test_doctests.TestUndefinedNames" name="test_globalInGlobalScope" time="0.012" /><testcase classname="pyflakes.test.test_doctests.TestUndefinedNames" name="test_global_reset_name_only" time="0.012" /><testcase classname="pyflakes.test.test_doctests.TestUndefinedNames" name="test_intermediateClassScopeIgnored" time="0.013" /><testcase classname="pyflakes.test.test_doctests.TestUndefinedNames" name="test_keywordOnlyArgs" time="0.020" /><testcase classname="pyflakes.test.test_doctests.TestUndefinedNames" name="test_keywordOnlyArgsUndefined" time="0.059" /><testcase classname="pyflakes.test.test_doctests.TestUndefinedNames" name="test_laterRedefinedGlobalFromNestedScope" time="0.013" /><testcase classname="pyflakes.test.test_doctests.TestUndefinedNames" name="test_laterRedefinedGlobalFromNestedScope2" time="0.014" /><testcase classname="pyflakes.test.test_doctests.TestUndefinedNames" name="test_laterRedefinedGlobalFromNestedScope3" time="0.014" /><testcase classname="pyflakes.test.test_doctests.TestUndefinedNames" name="test_magicGlobalsBuiltins" time="0.010" /><testcase classname="pyflakes.test.test_doctests.TestUndefinedNames" name="test_magicGlobalsFile" time="0.011" /><testcase classname="pyflakes.test.test_doctests.TestUndefinedNames" name="test_magicGlobalsName" time="0.011" /><testcase classname="pyflakes.test.test_doctests.TestUndefinedNames" name="test_magicGlobalsPath" time="0.013" /><testcase classname="pyflakes.test.test_doctests.TestUndefinedNames" name="test_magicModuleInClassScope" time="0.019" /><testcase classname="pyflakes.test.test_doctests.TestUndefinedNames" name="test_magicQualnameInClassScope" time="0.019" /><testcase classname="pyflakes.test.test_doctests.TestUndefinedNames" name="test_metaClassUndefined" time="0.010" /><testcase classname="pyflakes.test.test_doctests.TestUndefinedNames" name="test_moduleAnnotations" time="0.009" /><testcase classname="pyflakes.test.test_doctests.TestUndefinedNames" name="test_namesDeclaredInExceptBlocks" time="0.011" /><testcase classname="pyflakes.test.test_doctests.TestUndefinedNames" name="test_nestedClass" time="0.012" /><testcase classname="pyflakes.test.test_doctests.TestUndefinedNames" name="test_undefined" time="0.011" /><testcase classname="pyflakes.test.test_doctests.TestUndefinedNames" name="test_undefinedAugmentedAssignment" time="0.015" /><testcase classname="pyflakes.test.test_doctests.TestUndefinedNames" name="test_undefinedExceptionName" time="0.019" /><testcase classname="pyflakes.test.test_doctests.TestUndefinedNames" name="test_undefinedExceptionNameObscuringGlobalVariable" time="0.005"><skipped type="pytest.skip" message="error reporting disabled due to false positives below">/workdir/pyflakes-3.0.1/pyflakes/test/test_undefined_names.py:121: error reporting disabled due to false positives below</skipped></testcase><testcase classname="pyflakes.test.test_doctests.TestUndefinedNames" name="test_undefinedExceptionNameObscuringGlobalVariable2" time="0.005"><skipped type="pytest.skip" message="error reporting disabled due to false positives below">/workdir/pyflakes-3.0.1/pyflakes/test/test_undefined_names.py:139: error reporting disabled due to false positives below</skipped></testcase><testcase classname="pyflakes.test.test_doctests.TestUndefinedNames" name="test_undefinedExceptionNameObscuringGlobalVariableFalsePositive1" time="0.016" /><testcase classname="pyflakes.test.test_doctests.TestUndefinedNames" name="test_undefinedExceptionNameObscuringGlobalVariableFalsePositive2" time="0.015" /><testcase classname="pyflakes.test.test_doctests.TestUndefinedNames" name="test_undefinedExceptionNameObscuringLocalVariable" time="0.005"><skipped type="pytest.skip" message="error reporting disabled due to false positives below">/workdir/pyflakes-3.0.1/pyflakes/test/test_undefined_names.py:47: error reporting disabled due to false positives below</skipped></testcase><testcase classname="pyflakes.test.test_doctests.TestUndefinedNames" name="test_undefinedExceptionNameObscuringLocalVariable2" time="0.014" /><testcase classname="pyflakes.test.test_doctests.TestUndefinedNames" name="test_undefinedExceptionNameObscuringLocalVariableFalsePositive1" time="0.014" /><testcase classname="pyflakes.test.test_doctests.TestUndefinedNames" name="test_undefinedExceptionNameObscuringLocalVariableFalsePositive2" time="0.016" /><testcase classname="pyflakes.test.test_doctests.TestUndefinedNames" name="test_undefinedFromLambdaInComprehension" time="0.012" /><testcase classname="pyflakes.test.test_doctests.TestUndefinedNames" name="test_undefinedFromLambdaInDictionaryComprehension" time="0.013" /><testcase classname="pyflakes.test.test_doctests.TestUndefinedNames" name="test_undefinedInGenExpNested" time="0.019" /><testcase classname="pyflakes.test.test_doctests.TestUndefinedNames" name="test_undefinedInListComp" time="0.012" /><testcase classname="pyflakes.test.test_doctests.TestUndefinedNames" name="test_undefinedInLoop" time="0.026" /><testcase classname="pyflakes.test.test_doctests.TestUndefinedNames" name="test_undefinedWithErrorHandler" time="0.035" /><testcase classname="pyflakes.test.test_doctests.TestUndefinedNames" name="test_unusedAsStarUnpack" time="0.026" /><testcase classname="pyflakes.test.test_doctests.TestUndefinedNames" name="test_unused_global" time="0.005"><skipped type="pytest.skip" message="todo">/workdir/pyflakes-3.0.1/pyflakes/test/test_undefined_names.py:333: todo</skipped></testcase><testcase classname="pyflakes.test.test_doctests.TestUndefinedNames" name="test_usedAsStarUnpack" time="0.030" /><testcase classname="pyflakes.test.test_doctests.Test" name="test_doctestCanReferToClass" time="0.014" /><testcase classname="pyflakes.test.test_doctests.Test" name="test_doctestCanReferToFunction" time="0.011" /><testcase classname="pyflakes.test.test_doctests.Test" name="test_globalUnderscoreInDoctest" time="0.013" /><testcase classname="pyflakes.test.test_doctests.Test" name="test_global_module_scope_pollution" time="0.015" /><testcase classname="pyflakes.test.test_doctests.Test" name="test_global_undefined" time="0.013" /><testcase classname="pyflakes.test.test_doctests.Test" name="test_ignore_nested_function" time="0.012" /><testcase classname="pyflakes.test.test_doctests.Test" name="test_importBeforeAndInDoctest" time="0.005"><skipped type="pytest.skip" message="todo">/workdir/pyflakes-3.0.1/pyflakes/test/test_doctests.py:248: todo</skipped></testcase><testcase classname="pyflakes.test.test_doctests.Test" name="test_importBeforeDoctest" time="0.012" /><testcase classname="pyflakes.test.test_doctests.Test" name="test_importInDoctestAndAfter" time="0.013" /><testcase classname="pyflakes.test.test_doctests.Test" name="test_inaccessible_scope_class" time="0.012" /><testcase classname="pyflakes.test.test_doctests.Test" name="test_indentationErrorInDoctest" time="0.011" /><testcase classname="pyflakes.test.test_doctests.Test" name="test_nested_class" time="0.012" /><testcase classname="pyflakes.test.test_doctests.Test" name="test_nested_doctest_ignored" time="0.020" /><testcase classname="pyflakes.test.test_doctests.Test" name="test_noOffsetSyntaxErrorInDoctest" time="0.013" /><testcase classname="pyflakes.test.test_doctests.Test" name="test_offsetAfterDoctests" time="0.015" /><testcase classname="pyflakes.test.test_doctests.Test" name="test_offsetInDoctests" time="0.011" /><testcase classname="pyflakes.test.test_doctests.Test" name="test_offsetInLambdasInDoctests" time="0.010" /><testcase classname="pyflakes.test.test_doctests.Test" name="test_offsetWithMultiLineArgs" time="0.011" /><testcase classname="pyflakes.test.test_doctests.Test" name="test_scope_class" time="0.012" /><testcase classname="pyflakes.test.test_doctests.Test" name="test_singleUnderscoreInDoctest" time="0.012" /><testcase classname="pyflakes.test.test_doctests.Test" name="test_syntaxErrorInDoctest" time="0.014"><failure message="AssertionError: 17 != 16">Traceback (most recent call last):
  File "/opt/graalpy/lib/python3.10/unittest/case.py", line 59, in testPartExecutor
    yield
  File "/opt/graalpy/lib/python3.10/unittest/case.py", line 591, in run
    self._callTestMethod(testMethod)
  File "/opt/graalpy/lib/python3.10/unittest/case.py", line 549, in _callTestMethod
    method()
  File "/workdir/pyflakes-3.0.1/pyflakes/test/test_doctests.py", line 339, in test_syntaxErrorInDoctest
    self.assertEqual(exc.col, 16)
  File "/opt/graalpy/lib/python3.10/unittest/case.py", line 845, in assertEqual
    assertion_func(first, second, msg=msg)
  File "/opt/graalpy/lib/python3.10/unittest/case.py", line 838, in _baseAssertEqual
    raise self.failureException(msg)
AssertionError: 17 != 16</failure></testcase><testcase classname="pyflakes.test.test_imports.TestImportationObject" name="test_import_as" time="0.005" /><testcase classname="pyflakes.test.test_imports.TestImportationObject" name="test_import_basic" time="0.004" /><testcase classname="pyflakes.test.test_imports.TestImportationObject" name="test_import_submodule" time="0.005" /><testcase classname="pyflakes.test.test_imports.TestImportationObject" name="test_import_submodule_as" time="0.004" /><testcase classname="pyflakes.test.test_imports.TestImportationObject" name="test_import_submodule_as_source_name" time="0.004" /><testcase classname="pyflakes.test.test_imports.TestImportationObject" name="test_importfrom_future" time="0.004" /><testcase classname="pyflakes.test.test_imports.TestImportationObject" name="test_importfrom_member" time="0.005" /><testcase classname="pyflakes.test.test_imports.TestImportationObject" name="test_importfrom_member_as" time="0.004" /><testcase classname="pyflakes.test.test_imports.TestImportationObject" name="test_importfrom_relative" time="0.004" /><testcase classname="pyflakes.test.test_imports.TestImportationObject" name="test_importfrom_relative_parent" time="0.005" /><testcase classname="pyflakes.test.test_imports.TestImportationObject" name="test_importfrom_relative_with_module" time="0.004" /><testcase classname="pyflakes.test.test_imports.TestImportationObject" name="test_importfrom_relative_with_module_as" time="0.004" /><testcase classname="pyflakes.test.test_imports.TestImportationObject" name="test_importfrom_star" time="0.004" /><testcase classname="pyflakes.test.test_imports.TestImportationObject" name="test_importfrom_star_relative" time="0.004" /><testcase classname="pyflakes.test.test_imports.TestImportationObject" name="test_importfrom_submodule_member" time="0.004" /><testcase classname="pyflakes.test.test_imports.TestImportationObject" name="test_importfrom_submodule_member_as" time="0.014" /><testcase classname="pyflakes.test.test_imports.TestImportationObject" name="test_unusedImport_underscore" time="0.010" /><testcase classname="pyflakes.test.test_imports.Test" name="test_aliasedImport" time="0.015" /><testcase classname="pyflakes.test.test_imports.Test" name="test_aliasedImportShadowModule" time="0.018" /><testcase classname="pyflakes.test.test_imports.Test" name="test_assignRHSFirst" time="0.022" /><testcase classname="pyflakes.test.test_imports.Test" name="test_assignedToGlobal" time="0.010" /><testcase classname="pyflakes.test.test_imports.Test" name="test_differentSubmoduleImport" time="0.015" /><testcase classname="pyflakes.test.test_imports.Test" name="test_duplicateSubmoduleImport" time="0.015" /><testcase classname="pyflakes.test.test_imports.Test" name="test_functionNamesAreBoundNow" time="0.010" /><testcase classname="pyflakes.test.test_imports.Test" name="test_functionsRunLater" time="0.010" /><testcase classname="pyflakes.test.test_imports.Test" name="test_futureImport" time="0.013" /><testcase classname="pyflakes.test.test_imports.Test" name="test_futureImportFirst" time="0.014" /><testcase classname="pyflakes.test.test_imports.Test" name="test_futureImportStar" time="0.009" /><testcase classname="pyflakes.test.test_imports.Test" name="test_futureImportUndefined" time="0.009" /><testcase classname="pyflakes.test.test_imports.Test" name="test_futureImportUsed" time="0.010" /><testcase classname="pyflakes.test.test_imports.Test" name="test_ignoreNonImportRedefinitions" time="0.009" /><testcase classname="pyflakes.test.test_imports.Test" name="test_importInClass" time="0.023" /><testcase classname="pyflakes.test.test_imports.Test" name="test_importStar" time="0.017" /><testcase classname="pyflakes.test.test_imports.Test" name="test_importStar_relative" time="0.022" /><testcase classname="pyflakes.test.test_imports.Test" name="test_importUsedInMethodDefinition" time="0.011" /><testcase classname="pyflakes.test.test_imports.Test" name="test_importedInClass" time="0.010" /><testcase classname="pyflakes.test.test_imports.Test" name="test_importingForImportError" time="0.005"><skipped type="pytest.skip" message="todo">/workdir/pyflakes-3.0.1/pyflakes/test/test_imports.py:933: todo</skipped></testcase><testcase classname="pyflakes.test.test_imports.Test" name="test_localImportStar" time="0.016" /><testcase classname="pyflakes.test.test_imports.Test" name="test_methodsDontUseClassScope" time="0.010" /><testcase classname="pyflakes.test.test_imports.Test" name="test_nestedClassAndFunctionScope" time="0.010" /><testcase classname="pyflakes.test.test_imports.Test" name="test_nestedFunctionsNestScope" time="0.010" /><testcase classname="pyflakes.test.test_imports.Test" name="test_newAssignment" time="0.009" /><testcase classname="pyflakes.test.test_imports.Test" name="test_nonGlobalDoesNotRedefine" time="0.010" /><testcase classname="pyflakes.test.test_imports.Test" name="test_notUsedInNestedScope" time="0.012" /><testcase classname="pyflakes.test.test_imports.Test" name="test_packageImport" time="0.010" /><testcase classname="pyflakes.test.test_imports.Test" name="test_redefinedButUsedLater" time="0.012" /><testcase classname="pyflakes.test.test_imports.Test" name="test_redefinedByClass" time="0.009" /><testcase classname="pyflakes.test.test_imports.Test" name="test_redefinedByExcept" time="0.010" /><testcase classname="pyflakes.test.test_imports.Test" name="test_redefinedByFor" time="0.010" /><testcase classname="pyflakes.test.test_imports.Test" name="test_redefinedByFunction" time="0.020" /><testcase classname="pyflakes.test.test_imports.Test" name="test_redefinedBySubclass" time="0.009" /><testcase classname="pyflakes.test.test_imports.Test" name="test_redefinedIf" time="0.011" /><testcase classname="pyflakes.test.test_imports.Test" name="test_redefinedIfElse" time="0.010" /><testcase classname="pyflakes.test.test_imports.Test" name="test_redefinedInClass" time="0.009" /><testcase classname="pyflakes.test.test_imports.Test" name="test_redefinedInNestedFunction" time="0.010" /><testcase classname="pyflakes.test.test_imports.Test" name="test_redefinedInNestedFunctionTwice" time="0.010" /><testcase classname="pyflakes.test.test_imports.Test" name="test_redefinedTry" time="0.010" /><testcase classname="pyflakes.test.test_imports.Test" name="test_redefinedTryElse" time="0.010" /><testcase classname="pyflakes.test.test_imports.Test" name="test_redefinedTryExcept" time="0.010" /><testcase classname="pyflakes.test.test_imports.Test" name="test_redefinedTryExceptElse" time="0.010" /><testcase classname="pyflakes.test.test_imports.Test" name="test_redefinedTryExceptElseFinally" time="0.011" /><testcase classname="pyflakes.test.test_imports.Test" name="test_redefinedTryExceptFinally" time="0.010" /><testcase classname="pyflakes.test.test_imports.Test" name="test_redefinedTryExceptMulti" time="0.010" /><testcase classname="pyflakes.test.test_imports.Test" name="test_redefinedTryNested" time="0.010" /><testcase classname="pyflakes.test.test_imports.Test" name="test_redefinedWhileUnused" time="0.023" /><testcase classname="pyflakes.test.test_imports.Test" name="test_shadowedByFor" time="0.011" /><testcase classname="pyflakes.test.test_imports.Test" name="test_shadowedByForDeep" time="0.016" /><testcase classname="pyflakes.test.test_imports.Test" name="test_shadowedByLambda" time="0.025" /><testcase classname="pyflakes.test.test_imports.Test" name="test_shadowedByParameter" time="0.016" /><testcase classname="pyflakes.test.test_imports.Test" name="test_tryingMultipleImports" time="0.010" /><testcase classname="pyflakes.test.test_imports.Test" name="test_unusedImport" time="0.014" /><testcase classname="pyflakes.test.test_imports.Test" name="test_unusedImport_relative" time="0.048" /><testcase classname="pyflakes.test.test_imports.Test" name="test_unusedInNestedScope" time="0.010" /><testcase classname="pyflakes.test.test_imports.Test" name="test_unusedPackageImport" time="0.009" /><testcase classname="pyflakes.test.test_imports.Test" name="test_unused_package_with_submodule_import" time="0.010" /><testcase classname="pyflakes.test.test_imports.Test" name="test_usedAndGlobal" time="0.010" /><testcase classname="pyflakes.test.test_imports.Test" name="test_usedImport" time="0.017" /><testcase classname="pyflakes.test.test_imports.Test" name="test_usedImport_relative" time="0.021" /><testcase classname="pyflakes.test.test_imports.Test" name="test_usedInAssert" time="0.009" /><testcase classname="pyflakes.test.test_imports.Test" name="test_usedInAssignment" time="0.014" /><testcase classname="pyflakes.test.test_imports.Test" name="test_usedInAttributeAssign" time="0.021" /><testcase classname="pyflakes.test.test_imports.Test" name="test_usedInCall" time="0.009" /><testcase classname="pyflakes.test.test_imports.Test" name="test_usedInClass" time="0.009" /><testcase classname="pyflakes.test.test_imports.Test" name="test_usedInClassBase" time="0.010" /><testcase classname="pyflakes.test.test_imports.Test" name="test_usedInDict" time="0.013" /><testcase classname="pyflakes.test.test_imports.Test" name="test_usedInElifConditional" time="0.009" /><testcase classname="pyflakes.test.test_imports.Test" name="test_usedInElse" time="0.009" /><testcase classname="pyflakes.test.test_imports.Test" name="test_usedInExcept" time="0.009" /><testcase classname="pyflakes.test.test_imports.Test" name="test_usedInExec" time="0.009" /><testcase classname="pyflakes.test.test_imports.Test" name="test_usedInFor" time="0.010" /><testcase classname="pyflakes.test.test_imports.Test" name="test_usedInForElse" time="0.010" /><testcase classname="pyflakes.test.test_imports.Test" name="test_usedInFunction" time="0.010" /><testcase classname="pyflakes.test.test_imports.Test" name="test_usedInGetattr" time="0.013" /><testcase classname="pyflakes.test.test_imports.Test" name="test_usedInGlobal" time="0.009" /><testcase classname="pyflakes.test.test_imports.Test" name="test_usedInIfBody" time="0.009" /><testcase classname="pyflakes.test.test_imports.Test" name="test_usedInIfConditional" time="0.009" /><testcase classname="pyflakes.test.test_imports.Test" name="test_usedInKeywordArg" time="0.009" /><testcase classname="pyflakes.test.test_imports.Test" name="test_usedInLambda" time="0.010" /><testcase classname="pyflakes.test.test_imports.Test" name="test_usedInList" time="0.008" /><testcase classname="pyflakes.test.test_imports.Test" name="test_usedInListComp" time="0.022" /><testcase classname="pyflakes.test.test_imports.Test" name="test_usedInLogic" time="0.012" /><testcase classname="pyflakes.test.test_imports.Test" name="test_usedInOperators" time="0.035" /><testcase classname="pyflakes.test.test_imports.Test" name="test_usedInParameterDefault" time="0.008" /><testcase classname="pyflakes.test.test_imports.Test" name="test_usedInRaise" time="0.007" /><testcase classname="pyflakes.test.test_imports.Test" name="test_usedInReturn" time="0.007" /><testcase classname="pyflakes.test.test_imports.Test" name="test_usedInSlice" time="0.007" /><testcase classname="pyflakes.test.test_imports.Test" name="test_usedInSliceObj" time="0.008" /><testcase classname="pyflakes.test.test_imports.Test" name="test_usedInSubscript" time="0.007" /><testcase classname="pyflakes.test.test_imports.Test" name="test_usedInTry" time="0.007" /><testcase classname="pyflakes.test.test_imports.Test" name="test_usedInTryFinally" time="0.010" /><testcase classname="pyflakes.test.test_imports.Test" name="test_usedInTuple" time="0.008" /><testcase classname="pyflakes.test.test_imports.Test" name="test_usedInWhile" time="0.012" /><testcase classname="pyflakes.test.test_imports.Test" name="test_usedInYield" time="0.014" /><testcase classname="pyflakes.test.test_imports.Test" name="test_used_package_with_submodule_import" time="0.021" /><testcase classname="pyflakes.test.test_imports.Test" name="test_used_package_with_submodule_import_of_alias" time="0.034" /><testcase classname="pyflakes.test.test_imports.TestSpecialAll" name="test_all_mixed_attributes_and_strings" time="0.012" /><testcase classname="pyflakes.test.test_imports.TestSpecialAll" name="test_all_with_attributes" time="0.010" /><testcase classname="pyflakes.test.test_imports.TestSpecialAll" name="test_all_with_attributes_added" time="0.011" /><testcase classname="pyflakes.test.test_imports.TestSpecialAll" name="test_all_with_names" time="0.010" /><testcase classname="pyflakes.test.test_imports.TestSpecialAll" name="test_augmentedAssignment" time="0.013" /><testcase classname="pyflakes.test.test_imports.TestSpecialAll" name="test_ignoredInClass" time="0.010" /><testcase classname="pyflakes.test.test_imports.TestSpecialAll" name="test_ignoredInFunction" time="0.010" /><testcase classname="pyflakes.test.test_imports.TestSpecialAll" name="test_ignored_when_not_directly_assigned" time="0.010" /><testcase classname="pyflakes.test.test_imports.TestSpecialAll" name="test_importStarExported" time="0.011" /><testcase classname="pyflakes.test.test_imports.TestSpecialAll" name="test_importStarNotExported" time="0.010" /><testcase classname="pyflakes.test.test_imports.TestSpecialAll" name="test_list_concatenation_assignment" time="0.010" /><testcase classname="pyflakes.test.test_imports.TestSpecialAll" name="test_redefinedByGenExp" time="0.010" /><testcase classname="pyflakes.test.test_imports.TestSpecialAll" name="test_tuple_concatenation_assignment" time="0.011" /><testcase classname="pyflakes.test.test_imports.TestSpecialAll" name="test_unboundExported" time="0.018" /><testcase classname="pyflakes.test.test_imports.TestSpecialAll" name="test_usedAsClassDecorator" time="0.032" /><testcase classname="pyflakes.test.test_imports.TestSpecialAll" name="test_usedAsDecorator" time="0.020" /><testcase classname="pyflakes.test.test_imports.TestSpecialAll" name="test_usedInGenExp" time="0.014" /><testcase classname="pyflakes.test.test_imports.TestSpecialAll" name="test_warningSuppressed" time="0.016" /><testcase classname="pyflakes.test.test_is_literal.Test" name="test_chained_operators_is_str" time="0.011" /><testcase classname="pyflakes.test.test_is_literal.Test" name="test_chained_operators_is_str_end" time="0.010" /><testcase classname="pyflakes.test.test_is_literal.Test" name="test_chained_operators_is_true" time="0.010" /><testcase classname="pyflakes.test.test_is_literal.Test" name="test_chained_operators_is_true_end" time="0.009" /><testcase classname="pyflakes.test.test_is_literal.Test" name="test_is_bytes" time="0.009" /><testcase classname="pyflakes.test.test_is_literal.Test" name="test_is_false" time="0.010" /><testcase classname="pyflakes.test.test_is_literal.Test" name="test_is_int" time="0.010" /><testcase classname="pyflakes.test.test_is_literal.Test" name="test_is_not_bytes" time="0.010" /><testcase classname="pyflakes.test.test_is_literal.Test" name="test_is_not_false" time="0.009" /><testcase classname="pyflakes.test.test_is_literal.Test" name="test_is_not_int" time="0.010" /><testcase classname="pyflakes.test.test_is_literal.Test" name="test_is_not_str" time="0.010" /><testcase classname="pyflakes.test.test_is_literal.Test" name="test_is_not_true" time="0.010" /><testcase classname="pyflakes.test.test_is_literal.Test" name="test_is_not_unicode" time="0.024" /><testcase classname="pyflakes.test.test_is_literal.Test" name="test_is_str" time="0.010" /><testcase classname="pyflakes.test.test_is_literal.Test" name="test_is_true" time="0.009" /><testcase classname="pyflakes.test.test_is_literal.Test" name="test_is_tuple_constant" time="0.010" /><testcase classname="pyflakes.test.test_is_literal.Test" name="test_is_tuple_constant_containing_constants" time="0.011" /><testcase classname="pyflakes.test.test_is_literal.Test" name="test_is_tuple_containing_variables_ok" time="0.010" /><testcase classname="pyflakes.test.test_is_literal.Test" name="test_is_unicode" time="0.010" /><testcase classname="pyflakes.test.test_is_literal.Test" name="test_left_is_bytes" time="0.010" /><testcase classname="pyflakes.test.test_is_literal.Test" name="test_left_is_false" time="0.010" /><testcase classname="pyflakes.test.test_is_literal.Test" name="test_left_is_int" time="0.010" /><testcase classname="pyflakes.test.test_is_literal.Test" name="test_left_is_not_bytes" time="0.010" /><testcase classname="pyflakes.test.test_is_literal.Test" name="test_left_is_not_false" time="0.011" /><testcase classname="pyflakes.test.test_is_literal.Test" name="test_left_is_not_int" time="0.009" /><testcase classname="pyflakes.test.test_is_literal.Test" name="test_left_is_not_str" time="0.010" /><testcase classname="pyflakes.test.test_is_literal.Test" name="test_left_is_not_true" time="0.010" /><testcase classname="pyflakes.test.test_is_literal.Test" name="test_left_is_not_unicode" time="0.009" /><testcase classname="pyflakes.test.test_is_literal.Test" name="test_left_is_str" time="0.010" /><testcase classname="pyflakes.test.test_is_literal.Test" name="test_left_is_true" time="0.009" /><testcase classname="pyflakes.test.test_is_literal.Test" name="test_left_is_unicode" time="0.026" /><testcase classname="pyflakes.test.test_match.TestMatch" name="test_match_bindings" time="0.027" /><testcase classname="pyflakes.test.test_match.TestMatch" name="test_match_double_star" time="0.012" /><testcase classname="pyflakes.test.test_match.TestMatch" name="test_match_or_pattern" time="0.010" /><testcase classname="pyflakes.test.test_match.TestMatch" name="test_match_pattern_matched_class" time="0.017" /><testcase classname="pyflakes.test.test_match.TestMatch" name="test_match_placeholder" time="0.010" /><testcase classname="pyflakes.test.test_match.TestMatch" name="test_match_singleton" time="0.010" /><testcase classname="pyflakes.test.test_match.TestMatch" name="test_match_star" time="0.011" /><testcase classname="pyflakes.test.test_other.Test" name="test_attrAugmentedAssignment" time="0.010" /><testcase classname="pyflakes.test.test_other.Test" name="test_breakInsideLoop" time="0.037" /><testcase classname="pyflakes.test.test_other.Test" name="test_breakOutsideLoop" time="0.052" /><testcase classname="pyflakes.test.test_other.Test" name="test_classFunctionDecorator" time="0.010" /><testcase classname="pyflakes.test.test_other.Test" name="test_classNameDefinedPreviously" time="0.010" /><testcase classname="pyflakes.test.test_other.Test" name="test_classNameUndefinedInClassBody" time="0.010" /><testcase classname="pyflakes.test.test_other.Test" name="test_classRedefinedAsFunction" time="0.010" /><testcase classname="pyflakes.test.test_other.Test" name="test_classRedefinition" time="0.009" /><testcase classname="pyflakes.test.test_other.Test" name="test_classWithReturn" time="0.009" /><testcase classname="pyflakes.test.test_other.Test" name="test_classWithYield" time="0.009" /><testcase classname="pyflakes.test.test_other.Test" name="test_classWithYieldFrom" time="0.009" /><testcase classname="pyflakes.test.test_other.Test" name="test_comparison" time="0.011" /><testcase classname="pyflakes.test.test_other.Test" name="test_containment" time="0.010" /><testcase classname="pyflakes.test.test_other.Test" name="test_continueInFinally" time="0.005"><skipped type="pytest.skip" message="Python &lt;= 3.8 only">/workdir/pyflakes-3.0.1/pyflakes/test/test_other.py:449: Python &lt;= 3.8 only</skipped></testcase><testcase classname="pyflakes.test.test_other.Test" name="test_continueInsideLoop" time="0.032" /><testcase classname="pyflakes.test.test_other.Test" name="test_continueOutsideLoop" time="0.047" /><testcase classname="pyflakes.test.test_other.Test" name="test_defaultExceptLast" time="0.031" /><testcase classname="pyflakes.test.test_other.Test" name="test_defaultExceptNotLast" time="0.080" /><testcase classname="pyflakes.test.test_other.Test" name="test_doubleAssignment" time="0.005"><skipped type="pytest.skip" message="todo: Too hard to make this warn but other cases stay silent">/workdir/pyflakes-3.0.1/pyflakes/test/test_other.py:983: todo: Too hard to make this warn but other cases stay silent</skipped></testcase><testcase classname="pyflakes.test.test_other.Test" name="test_doubleAssignmentConditionally" time="0.010" /><testcase classname="pyflakes.test.test_other.Test" name="test_doubleAssignmentWithUse" time="0.010" /><testcase classname="pyflakes.test.test_other.Test" name="test_duplicateArgs" time="0.026" /><testcase classname="pyflakes.test.test_other.Test" name="test_ellipsis" time="0.010" /><testcase classname="pyflakes.test.test_other.Test" name="test_extendedSlice" time="0.011" /><testcase classname="pyflakes.test.test_other.Test" name="test_functionDecorator" time="0.010" /><testcase classname="pyflakes.test.test_other.Test" name="test_functionRedefinedAsClass" time="0.010" /><testcase classname="pyflakes.test.test_other.Test" name="test_function_arguments" time="0.023" /><testcase classname="pyflakes.test.test_other.Test" name="test_function_arguments_python3" time="0.010" /><testcase classname="pyflakes.test.test_other.Test" name="test_globalDeclaredInDifferentScope" time="0.010" /><testcase classname="pyflakes.test.test_other.Test" name="test_identity" time="0.010" /><testcase classname="pyflakes.test.test_other.Test" name="test_localReferencedBeforeAssignment" time="0.010" /><testcase classname="pyflakes.test.test_other.Test" name="test_loopControl" time="0.013" /><testcase classname="pyflakes.test.test_other.Test" name="test_modernProperty" time="0.010" /><testcase classname="pyflakes.test.test_other.Test" name="test_moduleWithReturn" time="0.009" /><testcase classname="pyflakes.test.test_other.Test" name="test_moduleWithYield" time="0.009" /><testcase classname="pyflakes.test.test_other.Test" name="test_moduleWithYieldFrom" time="0.009" /><testcase classname="pyflakes.test.test_other.Test" name="test_redefinedClassFunction" time="0.009" /><testcase classname="pyflakes.test.test_other.Test" name="test_redefinedFunction" time="0.009" /><testcase classname="pyflakes.test.test_other.Test" name="test_redefinedIfElseFunction" time="0.009" /><testcase classname="pyflakes.test.test_other.Test" name="test_redefinedIfElseInListComp" time="0.009" /><testcase classname="pyflakes.test.test_other.Test" name="test_redefinedIfFunction" time="0.010" /><testcase classname="pyflakes.test.test_other.Test" name="test_redefinedInDictComprehension" time="0.035" /><testcase classname="pyflakes.test.test_other.Test" name="test_redefinedInGenerator" time="0.031" /><testcase classname="pyflakes.test.test_other.Test" name="test_redefinedInSetComprehension" time="0.030" /><testcase classname="pyflakes.test.test_other.Test" name="test_redefinedTryExceptFunction" time="0.011" /><testcase classname="pyflakes.test.test_other.Test" name="test_redefinedTryFunction" time="0.028" /><testcase classname="pyflakes.test.test_other.Test" name="test_redefinedUnderscoreFunction" time="0.011" /><testcase classname="pyflakes.test.test_other.Test" name="test_redefinedUnderscoreImportation" time="0.010" /><testcase classname="pyflakes.test.test_other.Test" name="test_starredAssignmentErrors" time="0.279" /><testcase classname="pyflakes.test.test_other.Test" name="test_starredAssignmentNoError" time="0.088" /><testcase classname="pyflakes.test.test_other.Test" name="test_unaryPlus" time="0.009" /><testcase classname="pyflakes.test.test_other.Test" name="test_undefinedBaseClass" time="0.014" /><testcase classname="pyflakes.test.test_other.Test" name="test_varAugmentedAssignment" time="0.016" /><testcase classname="pyflakes.test.test_other.TestUnusedAssignment" name="test_assert_static" time="0.024" /><testcase classname="pyflakes.test.test_other.TestUnusedAssignment" name="test_assert_tuple" time="0.011" /><testcase classname="pyflakes.test.test_other.TestUnusedAssignment" name="test_assert_tuple_empty" time="0.010" /><testcase classname="pyflakes.test.test_other.TestUnusedAssignment" name="test_assert_with_message" time="0.010" /><testcase classname="pyflakes.test.test_other.TestUnusedAssignment" name="test_assert_without_message" time="0.010" /><testcase classname="pyflakes.test.test_other.TestUnusedAssignment" name="test_assignInForLoop" time="0.011" /><testcase classname="pyflakes.test.test_other.TestUnusedAssignment" name="test_assignInListComprehension" time="0.011" /><testcase classname="pyflakes.test.test_other.TestUnusedAssignment" name="test_assignToGlobal" time="0.012" /><testcase classname="pyflakes.test.test_other.TestUnusedAssignment" name="test_assignToMember" time="0.011" /><testcase classname="pyflakes.test.test_other.TestUnusedAssignment" name="test_assignToNonlocal" time="0.012" /><testcase classname="pyflakes.test.test_other.TestUnusedAssignment" name="test_assign_expr" time="0.011" /><testcase classname="pyflakes.test.test_other.TestUnusedAssignment" name="test_assign_expr_generator_scope" time="0.012" /><testcase classname="pyflakes.test.test_other.TestUnusedAssignment" name="test_assign_expr_nested" time="0.013" /><testcase classname="pyflakes.test.test_other.TestUnusedAssignment" name="test_assignmentInsideLoop" time="0.012" /><testcase classname="pyflakes.test.test_other.TestUnusedAssignment" name="test_augmentedAssignmentImportedFunctionCall" time="0.013" /><testcase classname="pyflakes.test.test_other.TestUnusedAssignment" name="test_closedOver" time="0.011" /><testcase classname="pyflakes.test.test_other.TestUnusedAssignment" name="test_dictComprehension" time="0.010" /><testcase classname="pyflakes.test.test_other.TestUnusedAssignment" name="test_doubleClosedOver" time="0.024" /><testcase classname="pyflakes.test.test_other.TestUnusedAssignment" name="test_exceptWithoutNameInFunction" time="0.011" /><testcase classname="pyflakes.test.test_other.TestUnusedAssignment" name="test_exceptWithoutNameInFunctionTuple" time="0.011" /><testcase classname="pyflakes.test.test_other.TestUnusedAssignment" name="test_exceptionUnusedInExcept" time="0.009" /><testcase classname="pyflakes.test.test_other.TestUnusedAssignment" name="test_exceptionUnusedInExceptInFunction" time="0.009" /><testcase classname="pyflakes.test.test_other.TestUnusedAssignment" name="test_exceptionUsedInExcept" time="0.012" /><testcase classname="pyflakes.test.test_other.TestUnusedAssignment" name="test_exception_unused_in_except_star" time="0.006"><skipped type="pytest.skip" message="new in Python 3.11">/workdir/pyflakes-3.0.1/pyflakes/test/test_other.py:1618: new in Python 3.11</skipped></testcase><testcase classname="pyflakes.test.test_other.TestUnusedAssignment" name="test_f_string" time="0.010" /><testcase classname="pyflakes.test.test_other.TestUnusedAssignment" name="test_generatorExpression" time="0.009" /><testcase classname="pyflakes.test.test_other.TestUnusedAssignment" name="test_if_tuple" time="0.015" /><testcase classname="pyflakes.test.test_other.TestUnusedAssignment" name="test_ifexp" time="0.013" /><testcase classname="pyflakes.test.test_other.TestUnusedAssignment" name="test_listUnpacking" time="0.012" /><testcase classname="pyflakes.test.test_other.TestUnusedAssignment" name="test_setComprehensionAndLiteral" time="0.009" /><testcase classname="pyflakes.test.test_other.TestUnusedAssignment" name="test_tracebackhideSpecialVariable" time="0.012" /><testcase classname="pyflakes.test.test_other.TestUnusedAssignment" name="test_tupleUnpacking" time="0.022" /><testcase classname="pyflakes.test.test_other.TestUnusedAssignment" name="test_unusedReassignedVariable" time="0.007"><skipped type="pytest.skip" message="todo: Difficult because it doesn't apply in the context of a loop">/workdir/pyflakes-3.0.1/pyflakes/test/test_other.py:1193: todo: Difficult because it doesn't apply in the context of a loop</skipped></testcase><testcase classname="pyflakes.test.test_other.TestUnusedAssignment" name="test_unusedUnderscoreVariable" time="0.008" /><testcase classname="pyflakes.test.test_other.TestUnusedAssignment" name="test_unusedVariable" time="0.021" /><testcase classname="pyflakes.test.test_other.TestUnusedAssignment" name="test_unusedVariableAsLocals" time="0.008" /><testcase classname="pyflakes.test.test_other.TestUnusedAssignment" name="test_unusedVariableNoLocals" time="0.009" /><testcase classname="pyflakes.test.test_other.TestUnusedAssignment" name="test_variableUsedInLoop" time="0.008" /><testcase classname="pyflakes.test.test_other.TestUnusedAssignment" name="test_withStatementAttributeName" time="0.008" /><testcase classname="pyflakes.test.test_other.TestUnusedAssignment" name="test_withStatementComplicatedTarget" time="0.011" /><testcase classname="pyflakes.test.test_other.TestUnusedAssignment" name="test_withStatementListNames" time="0.008" /><testcase classname="pyflakes.test.test_other.TestUnusedAssignment" name="test_withStatementNameDefinedInBody" time="0.008" /><testcase classname="pyflakes.test.test_other.TestUnusedAssignment" name="test_withStatementNoNames" time="0.008" /><testcase classname="pyflakes.test.test_other.TestUnusedAssignment" name="test_withStatementSingleName" time="0.007" /><testcase classname="pyflakes.test.test_other.TestUnusedAssignment" name="test_withStatementSingleNameRedefined" time="0.009" /><testcase classname="pyflakes.test.test_other.TestUnusedAssignment" name="test_withStatementSingleNameUndefined" time="0.010" /><testcase classname="pyflakes.test.test_other.TestUnusedAssignment" name="test_withStatementSubscript" time="0.011" /><testcase classname="pyflakes.test.test_other.TestUnusedAssignment" name="test_withStatementSubscriptUndefined" time="0.010" /><testcase classname="pyflakes.test.test_other.TestUnusedAssignment" name="test_withStatementTupleNames" time="0.010" /><testcase classname="pyflakes.test.test_other.TestUnusedAssignment" name="test_withStatementTupleNamesRedefined" time="0.010" /><testcase classname="pyflakes.test.test_other.TestUnusedAssignment" name="test_withStatementTupleNamesUndefined" time="0.011" /><testcase classname="pyflakes.test.test_other.TestUnusedAssignment" name="test_withStatementUndefinedInExpression" time="0.014" /><testcase classname="pyflakes.test.test_other.TestUnusedAssignment" name="test_withStatementUndefinedInside" time="0.010" /><testcase classname="pyflakes.test.test_other.TestUnusedAssignment" name="test_yieldFromUndefined" time="0.014" /><testcase classname="pyflakes.test.test_other.TestStringFormatting" name="test_f_string_without_placeholders" time="0.242" /><testcase classname="pyflakes.test.test_other.TestStringFormatting" name="test_invalid_dot_format_calls" time="0.080" /><testcase classname="pyflakes.test.test_other.TestStringFormatting" name="test_invalid_percent_format_calls" time="0.074" /><testcase classname="pyflakes.test.test_other.TestStringFormatting" name="test_ok_percent_format_cannot_determine_element_count" time="0.016" /><testcase classname="pyflakes.test.test_other.TestAsyncStatements" name="test_asyncDef" time="0.010" /><testcase classname="pyflakes.test.test_other.TestAsyncStatements" name="test_asyncDefAwait" time="0.011" /><testcase classname="pyflakes.test.test_other.TestAsyncStatements" name="test_asyncDefUndefined" time="0.060" /><testcase classname="pyflakes.test.test_other.TestAsyncStatements" name="test_asyncFor" time="0.011" /><testcase classname="pyflakes.test.test_other.TestAsyncStatements" name="test_asyncForUnderscoreLoopVar" time="0.011" /><testcase classname="pyflakes.test.test_other.TestAsyncStatements" name="test_asyncWith" time="0.010" /><testcase classname="pyflakes.test.test_other.TestAsyncStatements" name="test_asyncWithItem" time="0.013" /><testcase classname="pyflakes.test.test_other.TestAsyncStatements" name="test_continueInAsyncForFinally" time="0.005"><skipped type="pytest.skip" message="Python &lt;= 3.8 only">/workdir/pyflakes-3.0.1/pyflakes/test/test_other.py:1976: Python &lt;= 3.8 only</skipped></testcase><testcase classname="pyflakes.test.test_other.TestAsyncStatements" name="test_formatstring" time="0.010" /><testcase classname="pyflakes.test.test_other.TestAsyncStatements" name="test_loopControlInAsyncFor" time="0.018" /><testcase classname="pyflakes.test.test_other.TestAsyncStatements" name="test_loopControlInAsyncForElse" time="0.018" /><testcase classname="pyflakes.test.test_other.TestAsyncStatements" name="test_matmul" time="0.011" /><testcase classname="pyflakes.test.test_other.TestAsyncStatements" name="test_raise_notimplemented" time="0.026" /><testcase classname="pyflakes.test.test_other.TestIncompatiblePrintOperator" name="test_invalid_print_when_imported_from_future" time="0.012" /><testcase classname="pyflakes.test.test_other.TestIncompatiblePrintOperator" name="test_print_as_condition_test" time="0.010" /><testcase classname="pyflakes.test.test_other.TestIncompatiblePrintOperator" name="test_print_augmented_assign" time="0.010" /><testcase classname="pyflakes.test.test_other.TestIncompatiblePrintOperator" name="test_print_function_assignment" time="0.011" /><testcase classname="pyflakes.test.test_other.TestIncompatiblePrintOperator" name="test_print_in_lambda" time="0.010" /><testcase classname="pyflakes.test.test_other.TestIncompatiblePrintOperator" name="test_print_returned_in_function" time="0.010" /><testcase classname="pyflakes.test.test_other.TestIncompatiblePrintOperator" name="test_valid_print" time="0.010" /><testcase classname="pyflakes.test.test_type_annotations.TestTypeAnnotations" name="test_TypeAlias_annotations" time="0.042" /><testcase classname="pyflakes.test.test_type_annotations.TestTypeAnnotations" name="test_aliased_import" time="0.013" /><testcase classname="pyflakes.test.test_type_annotations.TestTypeAnnotations" name="test_annotated_async_def" time="0.012" /><testcase classname="pyflakes.test.test_type_annotations.TestTypeAnnotations" name="test_annotated_type_typing_missing_forward_type" time="0.012" /><testcase classname="pyflakes.test.test_type_annotations.TestTypeAnnotations" name="test_annotated_type_typing_missing_forward_type_multiple_args" time="0.012" /><testcase classname="pyflakes.test.test_type_annotations.TestTypeAnnotations" name="test_annotated_type_typing_with_string_args" time="0.012" /><testcase classname="pyflakes.test.test_type_annotations.TestTypeAnnotations" name="test_annotated_type_typing_with_string_args_in_union" time="0.013" /><testcase classname="pyflakes.test.test_type_annotations.TestTypeAnnotations" name="test_annotating_an_import" time="0.010" /><testcase classname="pyflakes.test.test_type_annotations.TestTypeAnnotations" name="test_deferred_twice_annotation" time="0.012" /><testcase classname="pyflakes.test.test_type_annotations.TestTypeAnnotations" name="test_idomiatic_typing_guards" time="0.021" /><testcase classname="pyflakes.test.test_type_annotations.TestTypeAnnotations" name="test_literal_type_some_other_module" time="0.019" /><testcase classname="pyflakes.test.test_type_annotations.TestTypeAnnotations" name="test_literal_type_typing" time="0.017" /><testcase classname="pyflakes.test.test_type_annotations.TestTypeAnnotations" name="test_literal_type_typing_extensions" time="0.015" /><testcase classname="pyflakes.test.test_type_annotations.TestTypeAnnotations" name="test_literal_union_type_typing" time="0.015" /><testcase classname="pyflakes.test.test_type_annotations.TestTypeAnnotations" name="test_namedtypes_classes" time="0.020" /><testcase classname="pyflakes.test.test_type_annotations.TestTypeAnnotations" name="test_nested_partially_quoted_type_assignment" time="0.016" /><testcase classname="pyflakes.test.test_type_annotations.TestTypeAnnotations" name="test_not_a_typing_overload" time="0.016" /><testcase classname="pyflakes.test.test_type_annotations.TestTypeAnnotations" name="test_overload_in_class" time="0.018" /><testcase classname="pyflakes.test.test_type_annotations.TestTypeAnnotations" name="test_overload_with_multiple_decorators" time="0.019" /><testcase classname="pyflakes.test.test_type_annotations.TestTypeAnnotations" name="test_partial_string_annotations_with_future_annotations" time="0.027" /><testcase classname="pyflakes.test.test_type_annotations.TestTypeAnnotations" name="test_partially_quoted_type_annotation" time="0.012" /><testcase classname="pyflakes.test.test_type_annotations.TestTypeAnnotations" name="test_partially_quoted_type_assignment" time="0.011" /><testcase classname="pyflakes.test.test_type_annotations.TestTypeAnnotations" name="test_positional_only_argument_annotations" time="0.011" /><testcase classname="pyflakes.test.test_type_annotations.TestTypeAnnotations" name="test_postponed_annotations" time="0.025" /><testcase classname="pyflakes.test.test_type_annotations.TestTypeAnnotations" name="test_quoted_TypeVar_bound" time="0.013" /><testcase classname="pyflakes.test.test_type_annotations.TestTypeAnnotations" name="test_quoted_TypeVar_constraints" time="0.011" /><testcase classname="pyflakes.test.test_type_annotations.TestTypeAnnotations" name="test_quoted_type_cast" time="0.012" /><testcase classname="pyflakes.test.test_type_annotations.TestTypeAnnotations" name="test_quoted_type_cast_renamed_import" time="0.011" /><testcase classname="pyflakes.test.test_type_annotations.TestTypeAnnotations" name="test_return_annotation_is_class_scope_variable" time="0.011" /><testcase classname="pyflakes.test.test_type_annotations.TestTypeAnnotations" name="test_return_annotation_is_function_body_variable" time="0.012" /><testcase classname="pyflakes.test.test_type_annotations.TestTypeAnnotations" name="test_type_annotation_clobbers_all" time="0.012" /><testcase classname="pyflakes.test.test_type_annotations.TestTypeAnnotations" name="test_type_cast_literal_str_to_str" time="0.011" /><testcase classname="pyflakes.test.test_type_annotations.TestTypeAnnotations" name="test_typednames_correct_forward_ref" time="0.034" /><testcase classname="pyflakes.test.test_type_annotations.TestTypeAnnotations" name="test_typingExtensionsOverload" time="0.014" /><testcase classname="pyflakes.test.test_type_annotations.TestTypeAnnotations" name="test_typingOverload" time="0.014" /><testcase classname="pyflakes.test.test_type_annotations.TestTypeAnnotations" name="test_typingOverloadAsync" time="0.012" /><testcase classname="pyflakes.test.test_type_annotations.TestTypeAnnotations" name="test_typing_guard_for_protocol" time="0.011" /><testcase classname="pyflakes.test.test_type_annotations.TestTypeAnnotations" name="test_unassigned_annotation_is_undefined" time="0.021" /><testcase classname="pyflakes.test.test_type_annotations.TestTypeAnnotations" name="test_unused_annotation" time="0.021" /><testcase classname="pyflakes.test.test_type_annotations.TestTypeAnnotations" name="test_variable_annotation_references_self_name_undefined" time="0.010" /><testcase classname="pyflakes.test.test_type_annotations.TestTypeAnnotations" name="test_variable_annotations" time="0.192" /><testcase classname="pyflakes.test.test_type_annotations.TestTypeAnnotations" name="test_variadic_generics" time="0.008"><skipped type="pytest.skip" message="new in Python 3.11">/workdir/pyflakes-3.0.1/pyflakes/test/test_type_annotations.py:685: new in Python 3.11</skipped></testcase><testcase classname="pyflakes.test.test_undefined_names.Test" name="test_annotationUndefined" time="0.020" /><testcase classname="pyflakes.test.test_undefined_names.Test" name="test_badNestedClass" time="0.012" /><testcase classname="pyflakes.test.test_undefined_names.Test" name="test_builtinWindowsError" time="0.010" /><testcase classname="pyflakes.test.test_undefined_names.Test" name="test_builtins" time="0.010" /><testcase classname="pyflakes.test.test_undefined_names.Test" name="test_definedAsStarArgs" time="0.023" /><testcase classname="pyflakes.test.test_undefined_names.Test" name="test_definedAsStarUnpack" time="0.020" /><testcase classname="pyflakes.test.test_undefined_names.Test" name="test_definedByGlobal" time="0.016" /><testcase classname="pyflakes.test.test_undefined_names.Test" name="test_definedByGlobalMultipleNames" time="0.011" /><testcase classname="pyflakes.test.test_undefined_names.Test" name="test_definedFromLambdaInDictionaryComprehension" time="0.011" /><testcase classname="pyflakes.test.test_undefined_names.Test" name="test_definedFromLambdaInGenerator" time="0.012" /><testcase classname="pyflakes.test.test_undefined_names.Test" name="test_definedInClass" time="0.020" /><testcase classname="pyflakes.test.test_undefined_names.Test" name="test_definedInClassNested" time="0.011" /><testcase classname="pyflakes.test.test_undefined_names.Test" name="test_definedInGenExp" time="0.015" /><testcase classname="pyflakes.test.test_undefined_names.Test" name="test_definedInListComp" time="0.010" /><testcase classname="pyflakes.test.test_undefined_names.Test" name="test_del" time="0.010" /><testcase classname="pyflakes.test.test_undefined_names.Test" name="test_delConditional" time="0.010" /><testcase classname="pyflakes.test.test_undefined_names.Test" name="test_delConditionalNested" time="0.011" /><testcase classname="pyflakes.test.test_undefined_names.Test" name="test_delExceptionInExcept" time="0.010" /><testcase classname="pyflakes.test.test_undefined_names.Test" name="test_delGlobal" time="0.011" /><testcase classname="pyflakes.test.test_undefined_names.Test" name="test_delUndefined" time="0.009" /><testcase classname="pyflakes.test.test_undefined_names.Test" name="test_delWhile" time="0.010" /><testcase classname="pyflakes.test.test_undefined_names.Test" name="test_delWhileNested" time="0.011" /><testcase classname="pyflakes.test.test_undefined_names.Test" name="test_delWhileTestUsage" time="0.011" /><testcase classname="pyflakes.test.test_undefined_names.Test" name="test_doubleNestingReportsClosestName" time="0.011" /><testcase classname="pyflakes.test.test_undefined_names.Test" name="test_dunderClass" time="0.011" /><testcase classname="pyflakes.test.test_undefined_names.Test" name="test_functionsNeedGlobalScope" time="0.010" /><testcase classname="pyflakes.test.test_undefined_names.Test" name="test_globalFromNestedScope" time="0.010" /><testcase classname="pyflakes.test.test_undefined_names.Test" name="test_globalImportStar" time="0.009" /><testcase classname="pyflakes.test.test_undefined_names.Test" name="test_globalInGlobalScope" time="0.023" /><testcase classname="pyflakes.test.test_undefined_names.Test" name="test_global_reset_name_only" time="0.010" /><testcase classname="pyflakes.test.test_undefined_names.Test" name="test_intermediateClassScopeIgnored" time="0.013" /><testcase classname="pyflakes.test.test_undefined_names.Test" name="test_keywordOnlyArgs" time="0.016" /><testcase classname="pyflakes.test.test_undefined_names.Test" name="test_keywordOnlyArgsUndefined" time="0.011" /><testcase classname="pyflakes.test.test_undefined_names.Test" name="test_laterRedefinedGlobalFromNestedScope" time="0.009" /><testcase classname="pyflakes.test.test_undefined_names.Test" name="test_laterRedefinedGlobalFromNestedScope2" time="0.010" /><testcase classname="pyflakes.test.test_undefined_names.Test" name="test_laterRedefinedGlobalFromNestedScope3" time="0.011" /><testcase classname="pyflakes.test.test_undefined_names.Test" name="test_magicGlobalsBuiltins" time="0.009" /><testcase classname="pyflakes.test.test_undefined_names.Test" name="test_magicGlobalsFile" time="0.009" /><testcase classname="pyflakes.test.test_undefined_names.Test" name="test_magicGlobalsName" time="0.008" /><testcase classname="pyflakes.test.test_undefined_names.Test" name="test_magicGlobalsPath" time="0.014" /><testcase classname="pyflakes.test.test_undefined_names.Test" name="test_magicModuleInClassScope" time="0.019" /><testcase classname="pyflakes.test.test_undefined_names.Test" name="test_magicQualnameInClassScope" time="0.018" /><testcase classname="pyflakes.test.test_undefined_names.Test" name="test_metaClassUndefined" time="0.010" /><testcase classname="pyflakes.test.test_undefined_names.Test" name="test_moduleAnnotations" time="0.009" /><testcase classname="pyflakes.test.test_undefined_names.Test" name="test_namesDeclaredInExceptBlocks" time="0.010" /><testcase classname="pyflakes.test.test_undefined_names.Test" name="test_nestedClass" time="0.012" /><testcase classname="pyflakes.test.test_undefined_names.Test" name="test_undefined" time="0.008" /><testcase classname="pyflakes.test.test_undefined_names.Test" name="test_undefinedAugmentedAssignment" time="0.012" /><testcase classname="pyflakes.test.test_undefined_names.Test" name="test_undefinedExceptionName" time="0.011" /><testcase classname="pyflakes.test.test_undefined_names.Test" name="test_undefinedExceptionNameObscuringGlobalVariable" time="0.005"><skipped type="pytest.skip" message="error reporting disabled due to false positives below">/workdir/pyflakes-3.0.1/pyflakes/test/test_undefined_names.py:121: error reporting disabled due to false positives below</skipped></testcase><testcase classname="pyflakes.test.test_undefined_names.Test" name="test_undefinedExceptionNameObscuringGlobalVariable2" time="0.005"><skipped type="pytest.skip" message="error reporting disabled due to false positives below">/workdir/pyflakes-3.0.1/pyflakes/test/test_undefined_names.py:139: error reporting disabled due to false positives below</skipped></testcase><testcase classname="pyflakes.test.test_undefined_names.Test" name="test_undefinedExceptionNameObscuringGlobalVariableFalsePositive1" time="0.014" /><testcase classname="pyflakes.test.test_undefined_names.Test" name="test_undefinedExceptionNameObscuringGlobalVariableFalsePositive2" time="0.013" /><testcase classname="pyflakes.test.test_undefined_names.Test" name="test_undefinedExceptionNameObscuringLocalVariable" time="0.005"><skipped type="pytest.skip" message="error reporting disabled due to false positives below">/workdir/pyflakes-3.0.1/pyflakes/test/test_undefined_names.py:47: error reporting disabled due to false positives below</skipped></testcase><testcase classname="pyflakes.test.test_undefined_names.Test" name="test_undefinedExceptionNameObscuringLocalVariable2" time="0.011" /><testcase classname="pyflakes.test.test_undefined_names.Test" name="test_undefinedExceptionNameObscuringLocalVariableFalsePositive1" time="0.011" /><testcase classname="pyflakes.test.test_undefined_names.Test" name="test_undefinedExceptionNameObscuringLocalVariableFalsePositive2" time="0.010" /><testcase classname="pyflakes.test.test_undefined_names.Test" name="test_undefinedFromLambdaInComprehension" time="0.010" /><testcase classname="pyflakes.test.test_undefined_names.Test" name="test_undefinedFromLambdaInDictionaryComprehension" time="0.010" /><testcase classname="pyflakes.test.test_undefined_names.Test" name="test_undefinedInGenExpNested" time="0.015" /><testcase classname="pyflakes.test.test_undefined_names.Test" name="test_undefinedInListComp" time="0.009" /><testcase classname="pyflakes.test.test_undefined_names.Test" name="test_undefinedInLoop" time="0.019" /><testcase classname="pyflakes.test.test_undefined_names.Test" name="test_undefinedWithErrorHandler" time="0.024" /><testcase classname="pyflakes.test.test_undefined_names.Test" name="test_unusedAsStarUnpack" time="0.022" /><testcase classname="pyflakes.test.test_undefined_names.Test" name="test_unused_global" time="0.005"><skipped type="pytest.skip" message="todo">/workdir/pyflakes-3.0.1/pyflakes/test/test_undefined_names.py:333: todo</skipped></testcase><testcase classname="pyflakes.test.test_undefined_names.Test" name="test_usedAsStarUnpack" time="0.023" /><testcase classname="pyflakes.test.test_undefined_names.NameTests" name="test_impossibleContext" time="0.011" /></testsuite></testsuites>