GLOB sdist-make: /workdir/gunicorn-20.1.0/setup.py
cpythonlibtest-unit-test-tests create: /workdir/gunicorn-20.1.0/.tox/cpythonlibtest-unit-test-tests
cpythonlibtest-unit-test-tests installdeps: mock, pytest, -rrequirements_dev.txt, -rrequirements_test.txt, -rexamples/frameworks/requirements_webpyapp.txt, -rexamples/frameworks/requirements_cherryapp.txt, -rexamples/frameworks/requirements_flaskapp.txt, -rexamples/frameworks/requirements.txt, -rexamples/frameworks/requirements_tornadoapp.txt, -rexamples/frameworks/requirements_pyramidapp.txt
cpythonlibtest-unit-test-tests inst: /workdir/gunicorn-20.1.0/.tox/.tmp/package/1/gunicorn-20.1.0.zip
cpythonlibtest-unit-test-tests installed: aiohttp==3.9.0,aiosignal==1.3.1,alabaster==0.7.13,annotated-types==0.6.0,async-timeout==4.0.3,attrs==23.1.0,autocommand==2.2.2,Babel==2.13.1,blinker==1.7.0,certifi==2023.11.17,charset-normalizer==3.3.2,cheroot==10.0.0,CherryPy==18.8.0,click==8.1.7,coverage==7.3.2,dnspython==2.4.2,docutils==0.18.1,eventlet==0.33.3,exceptiongroup==1.2.0,Flask==3.0.0,frozenlist==1.4.0,gevent==23.9.1,greenlet==3.0.1,gunicorn @ file:///workdir/gunicorn-20.1.0/.tox/.tmp/package/1/gunicorn-20.1.0.zip#sha256=87058671a6625b462d9e5cddf92f7539b41cee372e8aeb295e79187d3b9e0ad8,hupper==1.12,idna==3.4,imagesize==1.4.1,inflect==7.0.0,iniconfig==2.0.0,itsdangerous==2.1.2,jaraco.collections==4.3.0,jaraco.context==4.3.0,jaraco.functools==4.0.0,jaraco.text==3.11.1,Jinja2==3.1.2,MarkupSafe==2.1.3,mock==5.1.0,more-itertools==10.1.0,multidict==6.0.4,packaging==23.2,PasteDeploy==3.1.0,plaster==1.1.2,plaster-pastedeploy==1.0.1,pluggy==1.3.0,portend==3.2.0,pydantic==2.5.1,pydantic_core==2.14.3,Pygments==2.17.2,pyramid==2.0.2,pytest==7.4.3,pytest-cov==4.1.0,pytz==2023.3.post1,requests==2.31.0,six==1.16.0,snowballstemmer==2.2.0,Sphinx==7.2.6,sphinx-rtd-theme==1.3.0,sphinxcontrib-applehelp==1.0.7,sphinxcontrib-devhelp==1.0.5,sphinxcontrib-htmlhelp==2.0.4,sphinxcontrib-jquery==4.1,sphinxcontrib-jsmath==1.0.1,sphinxcontrib-qthelp==1.0.6,sphinxcontrib-serializinghtml==1.1.9,tempora==5.5.0,tomli==2.0.1,tornado==5.1.1,translationstring==1.4,typing_extensions==4.8.0,urllib3==2.1.0,venusian==3.1.0,web.py==0.62,WebOb==1.8.7,Werkzeug==3.0.1,yarl==1.9.3,zc.lockfile==3.0.post1,zope.deprecation==5.0,zope.event==5.0,zope.interface==6.1
cpythonlibtest-unit-test-tests run-test-pre: PYTHONHASHSEED='1395069578'
cpythonlibtest-unit-test-tests run-test: commands[0] | pytest -v --tb=native --junitxml /workdir/results/gunicorn/20.1.0/1/cpython-test-results.xml
============================= test session starts ==============================
platform linux -- Python 3.10.8, pytest-7.4.3, pluggy-1.3.0 -- /workdir/gunicorn-20.1.0/.tox/cpythonlibtest-unit-test-tests/bin/python
cachedir: .tox/cpythonlibtest-unit-test-tests/.pytest_cache
rootdir: /workdir/gunicorn-20.1.0
configfile: setup.cfg
testpaths: tests/
plugins: cov-4.1.0
collecting ... collected 224 items

tests/test_arbiter.py::test_arbiter_stop_closes_listeners PASSED         [  0%]
tests/test_arbiter.py::test_arbiter_stop_child_does_not_unlink_listeners PASSED [  0%]
tests/test_arbiter.py::test_arbiter_stop_parent_does_not_unlink_listeners PASSED [  1%]
tests/test_arbiter.py::test_arbiter_stop_does_not_unlink_systemd_listeners PASSED [  1%]
tests/test_arbiter.py::test_arbiter_stop_does_not_unlink_when_using_reuse_port PASSED [  2%]
tests/test_arbiter.py::test_arbiter_reexec_passing_systemd_sockets PASSED [  2%]
tests/test_arbiter.py::test_arbiter_reexec_passing_gunicorn_sockets PASSED [  3%]
tests/test_arbiter.py::test_arbiter_reexec_limit_parent PASSED           [  3%]
tests/test_arbiter.py::test_arbiter_reexec_limit_child PASSED            [  4%]
tests/test_arbiter.py::test_arbiter_calls_worker_exit PASSED             [  4%]
tests/test_arbiter.py::test_arbiter_reap_workers PASSED                  [  4%]
tests/test_arbiter.py::test_env_vars_available_during_preload PASSED     [  5%]
tests/test_config.py::test_defaults PASSED                               [  5%]
tests/test_config.py::test_property_access PASSED                        [  6%]
tests/test_config.py::test_bool_validation PASSED                        [  6%]
tests/test_config.py::test_pos_int_validation PASSED                     [  7%]
tests/test_config.py::test_str_validation PASSED                         [  7%]
tests/test_config.py::test_str_to_list_validation PASSED                 [  8%]
tests/test_config.py::test_callable_validation PASSED                    [  8%]
tests/test_config.py::test_reload_engine_validation PASSED               [  8%]
tests/test_config.py::test_callable_validation_for_string PASSED         [  9%]
tests/test_config.py::test_cmd_line PASSED                               [  9%]
tests/test_config.py::test_cmd_line_invalid_setting PASSED               [ 10%]
tests/test_config.py::test_app_config PASSED                             [ 10%]
tests/test_config.py::test_load_config PASSED                            [ 11%]
tests/test_config.py::test_load_config_explicit_file PASSED              [ 11%]
tests/test_config.py::test_load_config_module PASSED                     [ 12%]
tests/test_config.py::test_cli_overrides_config PASSED                   [ 12%]
tests/test_config.py::test_cli_overrides_config_module PASSED            [ 12%]
tests/test_config.py::test_default_config_file PASSED                    [ 13%]
tests/test_config.py::test_post_request PASSED                           [ 13%]
tests/test_config.py::test_nworkers_changed PASSED                       [ 14%]
tests/test_config.py::test_statsd_changes_logger PASSED                  [ 14%]
tests/test_config.py::test_always_use_configured_logger PASSED           [ 15%]
tests/test_config.py::test_load_enviroment_variables_config PASSED       [ 15%]
tests/test_config.py::test_config_file_environment_variable PASSED       [ 16%]
tests/test_config.py::test_invalid_enviroment_variables_config PASSED    [ 16%]
tests/test_config.py::test_cli_overrides_enviroment_variables_module PASSED [ 16%]
tests/test_config.py::test_wsgi_app_config[options0-app:app] PASSED      [ 17%]
tests/test_config.py::test_wsgi_app_config[options1-app:app] PASSED      [ 17%]
tests/test_config.py::test_wsgi_app_config[options2-app:app] PASSED      [ 18%]
tests/test_config.py::test_wsgi_app_config[options3-app1:app1] PASSED    [ 18%]
tests/test_config.py::test_non_wsgi_app[options0] PASSED                 [ 19%]
tests/test_config.py::test_non_wsgi_app[options1] PASSED                 [ 19%]
tests/test_config.py::test_reload[options0-False] PASSED                 [ 20%]
tests/test_config.py::test_reload[options1-True] PASSED                  [ 20%]
tests/test_config.py::test_reload[options2-True] PASSED                  [ 20%]
tests/test_config.py::test_reload[options3-True] PASSED                  [ 21%]
tests/test_config.py::test_umask_config[options0-0] PASSED               [ 21%]
tests/test_config.py::test_umask_config[options1-0] PASSED               [ 22%]
tests/test_config.py::test_umask_config[options2-0] PASSED               [ 22%]
tests/test_config.py::test_umask_config[options3-255] PASSED             [ 23%]
tests/test_config.py::test_umask_config[options4-18] PASSED              [ 23%]
tests/test_config.py::test_ssl_version_named_constants_python3[options0-2] PASSED [ 24%]
tests/test_config.py::test_ssl_version_named_constants_python3[options1-3] PASSED [ 24%]
tests/test_config.py::test_ssl_version_named_constants_python3[options2-2] PASSED [ 25%]
tests/test_config.py::test_ssl_version_named_constants_python3[options3-3] PASSED [ 25%]
tests/test_config.py::test_ssl_version_named_constants_python36[options0-2] PASSED [ 25%]
tests/test_config.py::test_ssl_version_named_constants_python36[options1-4] PASSED [ 26%]
tests/test_config.py::test_ssl_version_named_constants_python36[options2-5] PASSED [ 26%]
tests/test_config.py::test_ssl_version_named_constants_python36[options3-17] PASSED [ 27%]
tests/test_config.py::test_ssl_version_bad[FOO] PASSED                   [ 27%]
tests/test_config.py::test_ssl_version_bad[-99] PASSED                   [ 28%]
tests/test_config.py::test_ssl_version_bad[99991234] PASSED              [ 28%]
tests/test_config.py::test_bind_fd PASSED                                [ 29%]
tests/test_config.py::test_repr PASSED                                   [ 29%]
tests/test_config.py::test_str PASSED                                    [ 29%]
tests/test_http.py::test_readline_empty_body PASSED                      [ 30%]
tests/test_http.py::test_readline_zero_size PASSED                       [ 30%]
tests/test_http.py::test_readline_new_line_before_size PASSED            [ 31%]
tests/test_http.py::test_readline_new_line_after_size PASSED             [ 31%]
tests/test_http.py::test_readline_no_new_line PASSED                     [ 32%]
tests/test_http.py::test_readline_buffer_loaded PASSED                   [ 32%]
tests/test_http.py::test_readline_buffer_loaded_with_size PASSED         [ 33%]
tests/test_http.py::test_http_header_encoding PASSED                     [ 33%]
tests/test_http.py::test_http_invalid_response_header PASSED             [ 33%]
tests/test_http.py::test_unreader_read_when_size_is_none PASSED          [ 34%]
tests/test_http.py::test_unreader_unread PASSED                          [ 34%]
tests/test_http.py::test_unreader_read_zero_size PASSED                  [ 35%]
tests/test_http.py::test_unreader_read_with_nonzero_size PASSED          [ 35%]
tests/test_http.py::test_unreader_raises_excpetion_on_invalid_size PASSED [ 36%]
tests/test_http.py::test_iter_unreader_chunk PASSED                      [ 36%]
tests/test_http.py::test_socket_unreader_chunk PASSED                    [ 37%]
tests/test_http.py::test_length_reader_read PASSED                       [ 37%]
tests/test_http.py::test_length_reader_read_invalid_size PASSED          [ 37%]
tests/test_http.py::test_eof_reader_read PASSED                          [ 38%]
tests/test_http.py::test_eof_reader_read_invalid_size PASSED             [ 38%]
tests/test_invalid_requests.py::test_http_parser[/workdir/gunicorn-20.1.0/tests/requests/invalid/012.http] PASSED [ 39%]
tests/test_invalid_requests.py::test_http_parser[/workdir/gunicorn-20.1.0/tests/requests/invalid/017.http] PASSED [ 39%]
tests/test_invalid_requests.py::test_http_parser[/workdir/gunicorn-20.1.0/tests/requests/invalid/008.http] PASSED [ 40%]
tests/test_invalid_requests.py::test_http_parser[/workdir/gunicorn-20.1.0/tests/requests/invalid/019.http] PASSED [ 40%]
tests/test_invalid_requests.py::test_http_parser[/workdir/gunicorn-20.1.0/tests/requests/invalid/pp_01.http] PASSED [ 41%]
tests/test_invalid_requests.py::test_http_parser[/workdir/gunicorn-20.1.0/tests/requests/invalid/021.http] PASSED [ 41%]
tests/test_invalid_requests.py::test_http_parser[/workdir/gunicorn-20.1.0/tests/requests/invalid/013.http] PASSED [ 41%]
tests/test_invalid_requests.py::test_http_parser[/workdir/gunicorn-20.1.0/tests/requests/invalid/006.http] PASSED [ 42%]
tests/test_invalid_requests.py::test_http_parser[/workdir/gunicorn-20.1.0/tests/requests/invalid/pp_02.http] PASSED [ 42%]
tests/test_invalid_requests.py::test_http_parser[/workdir/gunicorn-20.1.0/tests/requests/invalid/015.http] PASSED [ 43%]
tests/test_invalid_requests.py::test_http_parser[/workdir/gunicorn-20.1.0/tests/requests/invalid/010.http] PASSED [ 43%]
tests/test_invalid_requests.py::test_http_parser[/workdir/gunicorn-20.1.0/tests/requests/invalid/003.http] PASSED [ 44%]
tests/test_invalid_requests.py::test_http_parser[/workdir/gunicorn-20.1.0/tests/requests/invalid/018.http] PASSED [ 44%]
tests/test_invalid_requests.py::test_http_parser[/workdir/gunicorn-20.1.0/tests/requests/invalid/007.http] PASSED [ 45%]
tests/test_invalid_requests.py::test_http_parser[/workdir/gunicorn-20.1.0/tests/requests/invalid/004.http] PASSED [ 45%]
tests/test_invalid_requests.py::test_http_parser[/workdir/gunicorn-20.1.0/tests/requests/invalid/009.http] PASSED [ 45%]
tests/test_invalid_requests.py::test_http_parser[/workdir/gunicorn-20.1.0/tests/requests/invalid/011.http] PASSED [ 46%]
tests/test_invalid_requests.py::test_http_parser[/workdir/gunicorn-20.1.0/tests/requests/invalid/020.http] PASSED [ 46%]
tests/test_invalid_requests.py::test_http_parser[/workdir/gunicorn-20.1.0/tests/requests/invalid/016.http] PASSED [ 47%]
tests/test_invalid_requests.py::test_http_parser[/workdir/gunicorn-20.1.0/tests/requests/invalid/002.http] PASSED [ 47%]
tests/test_invalid_requests.py::test_http_parser[/workdir/gunicorn-20.1.0/tests/requests/invalid/001.http] PASSED [ 48%]
tests/test_invalid_requests.py::test_http_parser[/workdir/gunicorn-20.1.0/tests/requests/invalid/014.http] PASSED [ 48%]
tests/test_invalid_requests.py::test_http_parser[/workdir/gunicorn-20.1.0/tests/requests/invalid/005.http] PASSED [ 49%]
tests/test_logger.py::test_atoms_defaults PASSED                         [ 49%]
tests/test_logger.py::test_atoms_zero_bytes PASSED                       [ 50%]
tests/test_logger.py::test_get_username_from_basic_auth_header[Basic YnJrMHY6] PASSED [ 50%]
tests/test_logger.py::test_get_username_from_basic_auth_header[basic YnJrMHY6] PASSED [ 50%]
tests/test_logger.py::test_get_username_from_basic_auth_header[BASIC YnJrMHY6] PASSED [ 51%]
tests/test_logger.py::test_get_username_handles_malformed_basic_auth_header PASSED [ 51%]
tests/test_pidfile.py::test_validate_no_file PASSED                      [ 52%]
tests/test_pidfile.py::test_validate_file_pid_exists PASSED              [ 52%]
tests/test_pidfile.py::test_validate_file_pid_malformed PASSED           [ 53%]
tests/test_pidfile.py::test_validate_file_pid_exists_kill_exception PASSED [ 53%]
tests/test_pidfile.py::test_validate_file_pid_does_not_exist PASSED      [ 54%]
tests/test_reload.py::test_reload_on_syntax_error PASSED                 [ 54%]
tests/test_reload.py::test_start_reloader_after_load_wsgi PASSED         [ 54%]
tests/test_sock.py::test_create_sockets_unix_bytes PASSED                [ 55%]
tests/test_sock.py::test_create_sockets_unix_strings PASSED              [ 55%]
tests/test_sock.py::test_socket_close PASSED                             [ 56%]
tests/test_sock.py::test_unix_socket_close_unlink PASSED                 [ 56%]
tests/test_sock.py::test_unix_socket_close_without_unlink PASSED         [ 57%]
tests/test_ssl.py::test_keyfile PASSED                                   [ 57%]
tests/test_ssl.py::test_certfile PASSED                                  [ 58%]
tests/test_ssl.py::test_ssl_version PASSED                               [ 58%]
tests/test_ssl.py::test_cacerts PASSED                                   [ 58%]
tests/test_ssl.py::test_suppress_ragged_eofs PASSED                      [ 59%]
tests/test_ssl.py::test_do_handshake_on_connect PASSED                   [ 59%]
tests/test_ssl.py::test_ciphers PASSED                                   [ 60%]
tests/test_statsd.py::test_statsd_fail PASSED                            [ 60%]
tests/test_statsd.py::test_dogstatsd_tags PASSED                         [ 61%]
tests/test_statsd.py::test_instrument PASSED                             [ 61%]
tests/test_statsd.py::test_prefix PASSED                                 [ 62%]
tests/test_statsd.py::test_prefix_no_dot PASSED                          [ 62%]
tests/test_statsd.py::test_prefix_multiple_dots PASSED                   [ 62%]
tests/test_statsd.py::test_prefix_nested PASSED                          [ 63%]
tests/test_systemd.py::test_listen_fds_ignores_wrong_pid[True] PASSED    [ 63%]
tests/test_systemd.py::test_listen_fds_ignores_wrong_pid[False] PASSED   [ 64%]
tests/test_systemd.py::test_listen_fds_returns_count[True] PASSED        [ 64%]
tests/test_systemd.py::test_listen_fds_returns_count[False] PASSED       [ 65%]
tests/test_util.py::test_parse_address[unix://var/run/test.sock-var/run/test.sock] PASSED [ 65%]
tests/test_util.py::test_parse_address[unix:/var/run/test.sock-/var/run/test.sock] PASSED [ 66%]
tests/test_util.py::test_parse_address[tcp://localhost-expected2] PASSED [ 66%]
tests/test_util.py::test_parse_address[tcp://localhost:5000-expected3] PASSED [ 66%]
tests/test_util.py::test_parse_address[-expected4] PASSED                [ 67%]
tests/test_util.py::test_parse_address[[::1]:8000-expected5] PASSED      [ 67%]
tests/test_util.py::test_parse_address[[::1]:5000-expected6] PASSED      [ 68%]
tests/test_util.py::test_parse_address[[::1]-expected7] PASSED           [ 68%]
tests/test_util.py::test_parse_address[localhost:8000-expected8] PASSED  [ 69%]
tests/test_util.py::test_parse_address[127.0.0.1:8000-expected9] PASSED  [ 69%]
tests/test_util.py::test_parse_address[localhost-expected10] PASSED      [ 70%]
tests/test_util.py::test_parse_address[fd://33-33] PASSED                [ 70%]
tests/test_util.py::test_parse_address_invalid PASSED                    [ 70%]
tests/test_util.py::test_parse_fd_invalid PASSED                         [ 71%]
tests/test_util.py::test_http_date PASSED                                [ 71%]
tests/test_util.py::test_is_ipv6[1200:0000:AB00:1234:0000:2552:7777:1313-True] PASSED [ 72%]
tests/test_util.py::test_is_ipv6[1200::AB00:1234::2552:7777:1313-False] PASSED [ 72%]
tests/test_util.py::test_is_ipv6[21DA:D3:0:2F3B:2AA:FF:FE28:9C5A-True] PASSED [ 73%]
tests/test_util.py::test_is_ipv6[1200:0000:AB00:1234:O000:2552:7777:1313-False] PASSED [ 73%]
tests/test_util.py::test_warn PASSED                                     [ 74%]
tests/test_util.py::test_import_app_good[support] PASSED                 [ 74%]
tests/test_util.py::test_import_app_good[support:app] PASSED             [ 75%]
tests/test_util.py::test_import_app_good[support:create_app()] PASSED    [ 75%]
tests/test_util.py::test_import_app_good[support:create_app('Gunicorn', 3)] PASSED [ 75%]
tests/test_util.py::test_import_app_good[support:create_app(count=3)] PASSED [ 76%]
tests/test_util.py::test_import_app_bad[a:app-ImportError-No module] PASSED [ 76%]
tests/test_util.py::test_import_app_bad[support:create_app(-AppImportError-Failed to parse] PASSED [ 77%]
tests/test_util.py::test_import_app_bad[support:create.app()-AppImportError-Function reference] PASSED [ 77%]
tests/test_util.py::test_import_app_bad[support:create_app(Gunicorn)-AppImportError-literal values] PASSED [ 78%]
tests/test_util.py::test_import_app_bad[support:create.app-AppImportError-attribute name] PASSED [ 78%]
tests/test_util.py::test_import_app_bad[support:wrong_app-AppImportError-find attribute] PASSED [ 79%]
tests/test_util.py::test_import_app_bad[support:error_factory(1)-AppImportError-error_factory() takes] PASSED [ 79%]
tests/test_util.py::test_import_app_bad[support:error_factory()-TypeError-inner] PASSED [ 79%]
tests/test_util.py::test_import_app_bad[support:none_app-AppImportError-find application object] PASSED [ 80%]
tests/test_util.py::test_import_app_bad[support:HOST-AppImportError-callable] PASSED [ 80%]
tests/test_util.py::test_import_app_py_ext PASSED                        [ 81%]
tests/test_util.py::test_to_bytestring PASSED                            [ 81%]
tests/test_util.py::test_split_request_uri[https://example.org/a/b?c=1#d-expected0] PASSED [ 82%]
tests/test_util.py::test_split_request_uri[a/b?c=1#d-expected1] PASSED   [ 82%]
tests/test_util.py::test_split_request_uri[/a/b?c=1#d-expected2] PASSED  [ 83%]
tests/test_util.py::test_split_request_uri[//a/b?c=1#d-expected3] PASSED [ 83%]
tests/test_util.py::test_split_request_uri[///a/b?c=1#d-expected4] PASSED [ 83%]
tests/test_valid_requests.py::test_http_parser[/workdir/gunicorn-20.1.0/tests/requests/valid/012.http] PASSED [ 84%]
tests/test_valid_requests.py::test_http_parser[/workdir/gunicorn-20.1.0/tests/requests/valid/099.http] PASSED [ 84%]
tests/test_valid_requests.py::test_http_parser[/workdir/gunicorn-20.1.0/tests/requests/valid/024.http] PASSED [ 85%]
tests/test_valid_requests.py::test_http_parser[/workdir/gunicorn-20.1.0/tests/requests/valid/023.http] PASSED [ 85%]
tests/test_valid_requests.py::test_http_parser[/workdir/gunicorn-20.1.0/tests/requests/valid/026.http] PASSED [ 86%]
tests/test_valid_requests.py::test_http_parser[/workdir/gunicorn-20.1.0/tests/requests/valid/017.http] PASSED [ 86%]
tests/test_valid_requests.py::test_http_parser[/workdir/gunicorn-20.1.0/tests/requests/valid/008.http] PASSED [ 87%]
tests/test_valid_requests.py::test_http_parser[/workdir/gunicorn-20.1.0/tests/requests/valid/019.http] PASSED [ 87%]
tests/test_valid_requests.py::test_http_parser[/workdir/gunicorn-20.1.0/tests/requests/valid/pp_01.http] PASSED [ 87%]
tests/test_valid_requests.py::test_http_parser[/workdir/gunicorn-20.1.0/tests/requests/valid/025.http] PASSED [ 88%]
tests/test_valid_requests.py::test_http_parser[/workdir/gunicorn-20.1.0/tests/requests/valid/028.http] PASSED [ 88%]
tests/test_valid_requests.py::test_http_parser[/workdir/gunicorn-20.1.0/tests/requests/valid/021.http] PASSED [ 89%]
tests/test_valid_requests.py::test_http_parser[/workdir/gunicorn-20.1.0/tests/requests/valid/013.http] PASSED [ 89%]
tests/test_valid_requests.py::test_http_parser[/workdir/gunicorn-20.1.0/tests/requests/valid/006.http] PASSED [ 90%]
tests/test_valid_requests.py::test_http_parser[/workdir/gunicorn-20.1.0/tests/requests/valid/pp_02.http] PASSED [ 90%]
tests/test_valid_requests.py::test_http_parser[/workdir/gunicorn-20.1.0/tests/requests/valid/029.http] PASSED [ 91%]
tests/test_valid_requests.py::test_http_parser[/workdir/gunicorn-20.1.0/tests/requests/valid/100.http] PASSED [ 91%]
tests/test_valid_requests.py::test_http_parser[/workdir/gunicorn-20.1.0/tests/requests/valid/015.http] PASSED [ 91%]
tests/test_valid_requests.py::test_http_parser[/workdir/gunicorn-20.1.0/tests/requests/valid/010.http] PASSED [ 92%]
tests/test_valid_requests.py::test_http_parser[/workdir/gunicorn-20.1.0/tests/requests/valid/003.http] PASSED [ 92%]
tests/test_valid_requests.py::test_http_parser[/workdir/gunicorn-20.1.0/tests/requests/valid/022.http] PASSED [ 93%]
tests/test_valid_requests.py::test_http_parser[/workdir/gunicorn-20.1.0/tests/requests/valid/018.http] PASSED [ 93%]
tests/test_valid_requests.py::test_http_parser[/workdir/gunicorn-20.1.0/tests/requests/valid/027.http] PASSED [ 94%]
tests/test_valid_requests.py::test_http_parser[/workdir/gunicorn-20.1.0/tests/requests/valid/007.http] PASSED [ 94%]
tests/test_valid_requests.py::test_http_parser[/workdir/gunicorn-20.1.0/tests/requests/valid/004.http] PASSED [ 95%]
tests/test_valid_requests.py::test_http_parser[/workdir/gunicorn-20.1.0/tests/requests/valid/009.http] PASSED [ 95%]
tests/test_valid_requests.py::test_http_parser[/workdir/gunicorn-20.1.0/tests/requests/valid/011.http] PASSED [ 95%]
tests/test_valid_requests.py::test_http_parser[/workdir/gunicorn-20.1.0/tests/requests/valid/020.http] PASSED [ 96%]
tests/test_valid_requests.py::test_http_parser[/workdir/gunicorn-20.1.0/tests/requests/valid/016.http] PASSED [ 96%]
tests/test_valid_requests.py::test_http_parser[/workdir/gunicorn-20.1.0/tests/requests/valid/002.http] PASSED [ 97%]
tests/test_valid_requests.py::test_http_parser[/workdir/gunicorn-20.1.0/tests/requests/valid/001.http] PASSED [ 97%]
tests/test_valid_requests.py::test_http_parser[/workdir/gunicorn-20.1.0/tests/requests/valid/014.http] PASSED [ 98%]
tests/test_valid_requests.py::test_http_parser[/workdir/gunicorn-20.1.0/tests/requests/valid/005.http] PASSED [ 98%]
tests/test_valid_requests.py::test_http_parser[/workdir/gunicorn-20.1.0/tests/requests/valid/030.http] PASSED [ 99%]
tests/workers/test_geventlet.py::test_import FAILED                      [ 99%]
tests/workers/test_ggevent.py::test_import PASSED                        [100%]/workdir/gunicorn-20.1.0/.tox/cpythonlibtest-unit-test-tests/lib/python3.10/site-packages/coverage/control.py:883: CoverageWarning: No data was collected. (no-data-collected)
  self._warn("No data was collected.", slug="no-data-collected")


=================================== FAILURES ===================================
_________________________________ test_import __________________________________
Traceback (most recent call last):
  File "/workdir/gunicorn-20.1.0/.tox/cpythonlibtest-unit-test-tests/lib/python3.10/site-packages/_pytest/runner.py", line 341, in from_call
    result: Optional[TResult] = func()
  File "/workdir/gunicorn-20.1.0/.tox/cpythonlibtest-unit-test-tests/lib/python3.10/site-packages/_pytest/runner.py", line 262, in <lambda>
    lambda: ihook(item=item, **kwds), when=when, reraise=reraise
  File "/workdir/gunicorn-20.1.0/.tox/cpythonlibtest-unit-test-tests/lib/python3.10/site-packages/pluggy/_hooks.py", line 493, in __call__
    return self._hookexec(self.name, self._hookimpls, kwargs, firstresult)
  File "/workdir/gunicorn-20.1.0/.tox/cpythonlibtest-unit-test-tests/lib/python3.10/site-packages/pluggy/_manager.py", line 115, in _hookexec
    return self._inner_hookexec(hook_name, methods, kwargs, firstresult)
  File "/workdir/gunicorn-20.1.0/.tox/cpythonlibtest-unit-test-tests/lib/python3.10/site-packages/pluggy/_callers.py", line 152, in _multicall
    return outcome.get_result()
  File "/workdir/gunicorn-20.1.0/.tox/cpythonlibtest-unit-test-tests/lib/python3.10/site-packages/pluggy/_result.py", line 114, in get_result
    raise exc.with_traceback(exc.__traceback__)
  File "/workdir/gunicorn-20.1.0/.tox/cpythonlibtest-unit-test-tests/lib/python3.10/site-packages/pluggy/_callers.py", line 77, in _multicall
    res = hook_impl.function(*args)
  File "/workdir/gunicorn-20.1.0/.tox/cpythonlibtest-unit-test-tests/lib/python3.10/site-packages/_pytest/runner.py", line 177, in pytest_runtest_call
    raise e
  File "/workdir/gunicorn-20.1.0/.tox/cpythonlibtest-unit-test-tests/lib/python3.10/site-packages/_pytest/runner.py", line 169, in pytest_runtest_call
    item.runtest()
  File "/workdir/gunicorn-20.1.0/.tox/cpythonlibtest-unit-test-tests/lib/python3.10/site-packages/_pytest/python.py", line 1792, in runtest
    self.ihook.pytest_pyfunc_call(pyfuncitem=self)
  File "/workdir/gunicorn-20.1.0/.tox/cpythonlibtest-unit-test-tests/lib/python3.10/site-packages/pluggy/_hooks.py", line 493, in __call__
    return self._hookexec(self.name, self._hookimpls, kwargs, firstresult)
  File "/workdir/gunicorn-20.1.0/.tox/cpythonlibtest-unit-test-tests/lib/python3.10/site-packages/pluggy/_manager.py", line 115, in _hookexec
    return self._inner_hookexec(hook_name, methods, kwargs, firstresult)
  File "/workdir/gunicorn-20.1.0/.tox/cpythonlibtest-unit-test-tests/lib/python3.10/site-packages/pluggy/_callers.py", line 113, in _multicall
    raise exception.with_traceback(exception.__traceback__)
  File "/workdir/gunicorn-20.1.0/.tox/cpythonlibtest-unit-test-tests/lib/python3.10/site-packages/pluggy/_callers.py", line 77, in _multicall
    res = hook_impl.function(*args)
  File "/workdir/gunicorn-20.1.0/.tox/cpythonlibtest-unit-test-tests/lib/python3.10/site-packages/_pytest/python.py", line 194, in pytest_pyfunc_call
    result = testfunction(**testargs)
  File "/workdir/gunicorn-20.1.0/tests/workers/test_geventlet.py", line 7, in test_import
    __import__('gunicorn.workers.geventlet')
  File "/workdir/gunicorn-20.1.0/.tox/cpythonlibtest-unit-test-tests/lib/python3.10/site-packages/gunicorn/workers/geventlet.py", line 20, in <module>
    from eventlet.wsgi import ALREADY_HANDLED as EVENTLET_ALREADY_HANDLED
ImportError: cannot import name 'ALREADY_HANDLED' from 'eventlet.wsgi' (/workdir/gunicorn-20.1.0/.tox/cpythonlibtest-unit-test-tests/lib/python3.10/site-packages/eventlet/wsgi.py)
=============================== warnings summary ===============================
.tox/cpythonlibtest-unit-test-tests/lib/python3.10/site-packages/gunicorn/util.py:25
  /workdir/gunicorn-20.1.0/.tox/cpythonlibtest-unit-test-tests/lib/python3.10/site-packages/gunicorn/util.py:25: DeprecationWarning: pkg_resources is deprecated as an API. See https://setuptools.pypa.io/en/latest/pkg_resources.html
    import pkg_resources

.tox/cpythonlibtest-unit-test-tests/lib/python3.10/site-packages/pkg_resources/__init__.py:2871
  /workdir/gunicorn-20.1.0/.tox/cpythonlibtest-unit-test-tests/lib/python3.10/site-packages/pkg_resources/__init__.py:2871: DeprecationWarning: Deprecated call to `pkg_resources.declare_namespace('paste')`.
  Implementing implicit namespace packages (as specified in PEP 420) is preferred to `pkg_resources.declare_namespace`. See https://setuptools.pypa.io/en/latest/references/keywords.html#keyword-namespace-packages
    declare_namespace(pkg)

.tox/cpythonlibtest-unit-test-tests/lib/python3.10/site-packages/pkg_resources/__init__.py:2871
  /workdir/gunicorn-20.1.0/.tox/cpythonlibtest-unit-test-tests/lib/python3.10/site-packages/pkg_resources/__init__.py:2871: DeprecationWarning: Deprecated call to `pkg_resources.declare_namespace('sphinxcontrib')`.
  Implementing implicit namespace packages (as specified in PEP 420) is preferred to `pkg_resources.declare_namespace`. See https://setuptools.pypa.io/en/latest/references/keywords.html#keyword-namespace-packages
    declare_namespace(pkg)

.tox/cpythonlibtest-unit-test-tests/lib/python3.10/site-packages/pkg_resources/__init__.py:2871
  /workdir/gunicorn-20.1.0/.tox/cpythonlibtest-unit-test-tests/lib/python3.10/site-packages/pkg_resources/__init__.py:2871: DeprecationWarning: Deprecated call to `pkg_resources.declare_namespace('zc')`.
  Implementing implicit namespace packages (as specified in PEP 420) is preferred to `pkg_resources.declare_namespace`. See https://setuptools.pypa.io/en/latest/references/keywords.html#keyword-namespace-packages
    declare_namespace(pkg)

.tox/cpythonlibtest-unit-test-tests/lib/python3.10/site-packages/pkg_resources/__init__.py:2871
.tox/cpythonlibtest-unit-test-tests/lib/python3.10/site-packages/pkg_resources/__init__.py:2871
.tox/cpythonlibtest-unit-test-tests/lib/python3.10/site-packages/pkg_resources/__init__.py:2871
  /workdir/gunicorn-20.1.0/.tox/cpythonlibtest-unit-test-tests/lib/python3.10/site-packages/pkg_resources/__init__.py:2871: DeprecationWarning: Deprecated call to `pkg_resources.declare_namespace('zope')`.
  Implementing implicit namespace packages (as specified in PEP 420) is preferred to `pkg_resources.declare_namespace`. See https://setuptools.pypa.io/en/latest/references/keywords.html#keyword-namespace-packages
    declare_namespace(pkg)

tests/workers/test_geventlet.py::test_import
  /workdir/gunicorn-20.1.0/.tox/cpythonlibtest-unit-test-tests/lib/python3.10/site-packages/eventlet/support/greenlets.py:6: DeprecationWarning: distutils Version classes are deprecated. Use packaging.version instead.
    preserves_excinfo = (distutils.version.LooseVersion(greenlet.__version__)

tests/workers/test_geventlet.py::test_import
  /workdir/gunicorn-20.1.0/.tox/cpythonlibtest-unit-test-tests/lib/python3.10/site-packages/eventlet/support/greenlets.py:7: DeprecationWarning: distutils Version classes are deprecated. Use packaging.version instead.
    >= distutils.version.LooseVersion('0.3.2'))

-- Docs: https://docs.pytest.org/en/stable/how-to/capture-warnings.html
- generated xml file: /workdir/results/gunicorn/20.1.0/1/cpython-test-results.xml -

---------- coverage: platform linux, python 3.10.8-final-0 -----------
Coverage XML written to file coverage.xml

=========================== short test summary info ============================
FAILED tests/workers/test_geventlet.py::test_import - ImportError: cannot imp...
================== 1 failed, 223 passed, 9 warnings in 4.51s ===================
ERROR: InvocationError for command /workdir/gunicorn-20.1.0/.tox/cpythonlibtest-unit-test-tests/bin/pytest -v --tb=native --junitxml /workdir/results/gunicorn/20.1.0/1/cpython-test-results.xml (exited with code 1)
___________________________________ summary ____________________________________
ERROR:   cpythonlibtest-unit-test-tests: commands failed
