.package create: /workdir/mypy-0.991/.tox/.package
.package installdeps: setuptools >= 40.6.2, wheel >= 0.30.0, typing_extensions>=3.10, mypy_extensions>=0.4.3, typed_ast>=1.4.0,<2; python_version<'3.8', tomli>=1.1.0; python_version<'3.11', types-psutil, types-setuptools, types-typed-ast>=1.5.8,<1.6.0
warning: no directories found matching 'scripts'
no previously-included directories found matching 'docs/build'
no previously-included directories found matching 'docs/source/_build'
no previously-included directories found matching 'misc'
warning: no previously-included files found matching '.gitmodules'
warning: no previously-included files found matching 'CONTRIBUTING.md'
warning: no previously-included files found matching 'CREDITS'
warning: no previously-included files found matching 'ROADMAP.md'
warning: no previously-included files found matching 'tox.ini'
warning: no previously-included files found matching 'action.yml'
warning: no previously-included files found matching '.editorconfig'
warning: no previously-included files found matching '.git-blame-ignore-revs'
warning: no previously-included files found matching '.pre-commit-config.yaml'
warning: no previously-included files matching '*.py[cod]' found anywhere in distribution
warning: no previously-included files matching '.DS_Store' found anywhere in distribution
warning: no directories found matching 'scripts'
no previously-included directories found matching 'docs/build'
no previously-included directories found matching 'docs/source/_build'
warning: no previously-included files found matching '.gitmodules'
warning: no previously-included files found matching 'CONTRIBUTING.md'
warning: no previously-included files found matching 'CREDITS'
warning: no previously-included files found matching 'ROADMAP.md'
warning: no previously-included files found matching 'tox.ini'
warning: no previously-included files found matching 'action.yml'
warning: no previously-included files found matching '.editorconfig'
warning: no previously-included files found matching '.git-blame-ignore-revs'
warning: no previously-included files found matching '.pre-commit-config.yaml'
warning: no previously-included files matching '*.py[cod]' found anywhere in distribution
warning: no previously-included files matching '.DS_Store' found anywhere in distribution
cpythonlibtest-unit-test-tests create: /workdir/mypy-0.991/.tox/cpythonlibtest-unit-test-tests
cpythonlibtest-unit-test-tests installdeps: mock, pytest, -rtest-requirements.txt, -rmypy-requirements.txt, -rbuild-requirements.txt
cpythonlibtest-unit-test-tests inst: /workdir/mypy-0.991/.tox/.tmp/package/1/mypy-0.991.tar.gz
cpythonlibtest-unit-test-tests installed: attrs==23.1.0,black==22.10.0,click==8.1.7,colorama==0.4.6,coverage==7.3.2,exceptiongroup==1.2.0,execnet==2.0.2,filelock==3.13.1,flake8==5.0.4,flake8-bugbear==22.9.23,flake8-noqa==1.2.9,iniconfig==2.0.0,isort==5.10.1,lxml==4.9.3,mccabe==0.7.0,mock==5.1.0,mypy @ file:///workdir/mypy-0.991/.tox/.tmp/package/1/mypy-0.991.tar.gz#sha256=fb9f7a9191798d8dd4707d748fbc5cba196c6c27d40de9f0c6bb9f34de582024,mypy-extensions==1.0.0,packaging==23.2,pathspec==0.11.2,platformdirs==4.0.0,pluggy==1.3.0,psutil==5.9.6,py==1.11.0,pycodestyle==2.9.1,pyflakes==2.5.0,pytest==7.4.3,pytest-cov==4.1.0,pytest-forked==1.6.0,pytest-xdist==3.5.0,six==1.16.0,tomli==2.0.1,types-psutil==5.9.5.17,types-setuptools==68.2.0.1,types-typed-ast==1.5.8.7,typing_extensions==4.8.0
cpythonlibtest-unit-test-tests run-test-pre: PYTHONHASHSEED='1661891049'
cpythonlibtest-unit-test-tests run-test: commands[0] | pytest -v --tb=native --junitxml /workdir/results/mypy/0.991/1/cpython-test-results.xml
============================= test session starts ==============================
platform linux -- Python 3.10.8, pytest-7.4.3, pluggy-1.3.0 -- /workdir/mypy-0.991/.tox/cpythonlibtest-unit-test-tests/bin/python
cachedir: .tox/cpythonlibtest-unit-test-tests/.pytest_cache
rootdir: /workdir/mypy-0.991
configfile: pytest.ini
testpaths: mypy/test, mypyc/test
plugins: xdist-3.5.0, forked-1.6.0, cov-4.1.0
created: 2/2 workers
2 workers [10784 items]

scheduling tests via LoadScheduling

mypy/test/test_find_sources.py::SourceFinderSuite::test_crawl_namespace 
mypy/test/testcheck.py::TypeCheckSuite::check-abstract.test::testDynamicallyTypedReadWriteAbstractProperty 
[gw0] [  0%] PASSED mypy/test/test_find_sources.py::SourceFinderSuite::test_crawl_namespace 
mypy/test/test_find_sources.py::SourceFinderSuite::test_crawl_namespace_explicit_base 
[gw0] [  0%] PASSED mypy/test/test_find_sources.py::SourceFinderSuite::test_crawl_namespace_explicit_base 
mypy/test/test_find_sources.py::SourceFinderSuite::test_crawl_namespace_multi_dir 
[gw0] [  0%] PASSED mypy/test/test_find_sources.py::SourceFinderSuite::test_crawl_namespace_multi_dir 
mypy/test/test_find_sources.py::SourceFinderSuite::test_crawl_no_namespace 
[gw0] [  0%] PASSED mypy/test/test_find_sources.py::SourceFinderSuite::test_crawl_no_namespace 
mypy/test/test_find_sources.py::SourceFinderSuite::test_find_sources_exclude 
[gw0] [  0%] PASSED mypy/test/test_find_sources.py::SourceFinderSuite::test_find_sources_exclude 
mypy/test/test_find_sources.py::SourceFinderSuite::test_find_sources_in_dir_namespace 
[gw0] [  0%] PASSED mypy/test/test_find_sources.py::SourceFinderSuite::test_find_sources_in_dir_namespace 
mypy/test/test_find_sources.py::SourceFinderSuite::test_find_sources_in_dir_namespace_explicit_base 
[gw0] [  0%] PASSED mypy/test/test_find_sources.py::SourceFinderSuite::test_find_sources_in_dir_namespace_explicit_base 
mypy/test/test_find_sources.py::SourceFinderSuite::test_find_sources_in_dir_namespace_multi_dir 
[gw0] [  0%] PASSED mypy/test/test_find_sources.py::SourceFinderSuite::test_find_sources_in_dir_namespace_multi_dir 
mypy/test/test_find_sources.py::SourceFinderSuite::test_find_sources_in_dir_no_namespace 
[gw0] [  0%] PASSED mypy/test/test_find_sources.py::SourceFinderSuite::test_find_sources_in_dir_no_namespace 
mypy/test/testapi.py::APISuite::test_capture_bad_opt 
[gw0] [  0%] PASSED mypy/test/testapi.py::APISuite::test_capture_bad_opt 
mypy/test/testapi.py::APISuite::test_capture_empty 
[gw0] [  0%] PASSED mypy/test/testapi.py::APISuite::test_capture_empty 
mypy/test/testapi.py::APISuite::test_capture_help 
[gw0] [  0%] PASSED mypy/test/testapi.py::APISuite::test_capture_help 
[gw1] [  0%] PASSED mypy/test/testcheck.py::TypeCheckSuite::check-abstract.test::testDynamicallyTypedReadWriteAbstractProperty 
mypy/test/testcheck.py::TypeCheckSuite::check-abstract.test::testMixinTypedAbstractProperty 
mypy/test/testapi.py::APISuite::test_capture_version 
[gw0] [  0%] PASSED mypy/test/testapi.py::APISuite::test_capture_version 
mypy/test/testargs.py::ArgSuite::test_coherence 
[gw0] [  0%] PASSED mypy/test/testargs.py::ArgSuite::test_coherence 
mypy/test/testargs.py::ArgSuite::test_executable_inference 
[gw0] [  0%] PASSED mypy/test/testargs.py::ArgSuite::test_executable_inference 
mypy/test/testcheck.py::TypeCheckSuite::check-errorcodes.test::testErrorCodeNoAttribute 
[gw1] [  0%] PASSED mypy/test/testcheck.py::TypeCheckSuite::check-abstract.test::testMixinTypedAbstractProperty 
mypy/test/testcheck.py::TypeCheckSuite::check-abstract.test::testMixinTypedProperty 
[gw1] [  0%] PASSED mypy/test/testcheck.py::TypeCheckSuite::check-abstract.test::testMixinTypedProperty 
mypy/test/testcheck.py::TypeCheckSuite::check-abstract.test::testMixinSubtypedProperty 
[gw0] [  0%] PASSED mypy/test/testcheck.py::TypeCheckSuite::check-errorcodes.test::testErrorCodeNoAttribute 
mypy/test/testcheck.py::TypeCheckSuite::check-errorcodes.test::testErrorCodeUndefinedName 
[gw1] [  0%] PASSED mypy/test/testcheck.py::TypeCheckSuite::check-abstract.test::testMixinSubtypedProperty 
mypy/test/testcheck.py::TypeCheckSuite::check-abstract.test::testMixinTypedPropertyReversed 
[gw0] [  0%] PASSED mypy/test/testcheck.py::TypeCheckSuite::check-errorcodes.test::testErrorCodeUndefinedName 
mypy/test/testcheck.py::TypeCheckSuite::check-errorcodes.test::testErrorCodeUnclassifiedError 
[gw1] [  0%] PASSED mypy/test/testcheck.py::TypeCheckSuite::check-abstract.test::testMixinTypedPropertyReversed 
mypy/test/testcheck.py::TypeCheckSuite::check-abstract.test::testNestedAbstractClass 
[gw0] [  0%] PASSED mypy/test/testcheck.py::TypeCheckSuite::check-errorcodes.test::testErrorCodeUnclassifiedError 
mypy/test/testcheck.py::TypeCheckSuite::check-errorcodes.test::testErrorCodeNoteHasNoCode 
[gw1] [  0%] PASSED mypy/test/testcheck.py::TypeCheckSuite::check-abstract.test::testNestedAbstractClass 
mypy/test/testcheck.py::TypeCheckSuite::check-abstract.test::testAbstractNewTypeAllowed 
[gw0] [  0%] PASSED mypy/test/testcheck.py::TypeCheckSuite::check-errorcodes.test::testErrorCodeNoteHasNoCode 
mypy/test/testcheck.py::TypeCheckSuite::check-errorcodes.test::testErrorCodeSyntaxError 
[gw0] [  0%] PASSED mypy/test/testcheck.py::TypeCheckSuite::check-errorcodes.test::testErrorCodeSyntaxError 
mypy/test/testcheck.py::TypeCheckSuite::check-errorcodes.test::testErrorCodeSyntaxError2 
[gw0] [  0%] PASSED mypy/test/testcheck.py::TypeCheckSuite::check-errorcodes.test::testErrorCodeSyntaxError2 
mypy/test/testcheck.py::TypeCheckSuite::check-errorcodes.test::testErrorCodeSyntaxError3 
[gw0] [  0%] PASSED mypy/test/testcheck.py::TypeCheckSuite::check-errorcodes.test::testErrorCodeSyntaxError3 
mypy/test/testcheck.py::TypeCheckSuite::check-errorcodes.test::testErrorCodeSyntaxErrorIgnoreNote 
[gw0] [  0%] PASSED mypy/test/testcheck.py::TypeCheckSuite::check-errorcodes.test::testErrorCodeSyntaxErrorIgnoreNote 
mypy/test/testcheck.py::TypeCheckSuite::check-errorcodes.test::testErrorCodeIgnore1 
[gw0] [  0%] PASSED mypy/test/testcheck.py::TypeCheckSuite::check-errorcodes.test::testErrorCodeIgnore1 
mypy/test/testcheck.py::TypeCheckSuite::check-errorcodes.test::testErrorCodeIgnore2 
[gw0] [  0%] PASSED mypy/test/testcheck.py::TypeCheckSuite::check-errorcodes.test::testErrorCodeIgnore2 
mypy/test/testcheck.py::TypeCheckSuite::check-errorcodes.test::testErrorCodeIgnoreMultiple1 
[gw1] [  0%] PASSED mypy/test/testcheck.py::TypeCheckSuite::check-abstract.test::testAbstractNewTypeAllowed 
mypy/test/testcheck.py::TypeCheckSuite::check-abstract.test::testSubclassOfABCFromDictionary 
[gw0] [  0%] PASSED mypy/test/testcheck.py::TypeCheckSuite::check-errorcodes.test::testErrorCodeIgnoreMultiple1 
mypy/test/testcheck.py::TypeCheckSuite::check-errorcodes.test::testErrorCodeIgnoreMultiple2 
[gw0] [  0%] PASSED mypy/test/testcheck.py::TypeCheckSuite::check-errorcodes.test::testErrorCodeIgnoreMultiple2 
mypy/test/testcheck.py::TypeCheckSuite::check-errorcodes.test::testErrorCodeWarnUnusedIgnores1 
[gw1] [  0%] PASSED mypy/test/testcheck.py::TypeCheckSuite::check-abstract.test::testSubclassOfABCFromDictionary 
mypy/test/testcheck.py::TypeCheckSuite::check-abstract.test::testAbstractClassesWorkWithGenericDecorators 
[gw0] [  0%] PASSED mypy/test/testcheck.py::TypeCheckSuite::check-errorcodes.test::testErrorCodeWarnUnusedIgnores1 
mypy/test/testcheck.py::TypeCheckSuite::check-errorcodes.test::testErrorCodeWarnUnusedIgnores2 
[gw0] [  0%] PASSED mypy/test/testcheck.py::TypeCheckSuite::check-errorcodes.test::testErrorCodeWarnUnusedIgnores2 
mypy/test/testcheck.py::TypeCheckSuite::check-errorcodes.test::testErrorCodeWarnUnusedIgnores3 
[gw1] [  0%] PASSED mypy/test/testcheck.py::TypeCheckSuite::check-abstract.test::testAbstractClassesWorkWithGenericDecorators 
mypy/test/testcheck.py::TypeCheckSuite::check-abstract.test::testAbstractPropertiesAllowed 
[gw0] [  0%] PASSED mypy/test/testcheck.py::TypeCheckSuite::check-errorcodes.test::testErrorCodeWarnUnusedIgnores3 
mypy/test/testcheck.py::TypeCheckSuite::check-errorcodes.test::testErrorCodeWarnUnusedIgnores4 
[gw1] [  0%] PASSED mypy/test/testcheck.py::TypeCheckSuite::check-abstract.test::testAbstractPropertiesAllowed 
mypy/test/testcheck.py::TypeCheckSuite::check-abstract.test::testEmptyBodyProhibitedFunction 
[gw0] [  0%] PASSED mypy/test/testcheck.py::TypeCheckSuite::check-errorcodes.test::testErrorCodeWarnUnusedIgnores4 
mypy/test/testcheck.py::TypeCheckSuite::check-errorcodes.test::testErrorCodeWarnUnusedIgnores5 
[gw1] [  0%] PASSED mypy/test/testcheck.py::TypeCheckSuite::check-abstract.test::testEmptyBodyProhibitedFunction 
mypy/test/testcheck.py::TypeCheckSuite::check-abstract.test::testEmptyBodyProhibitedMethodNonAbstract 
[gw0] [  0%] PASSED mypy/test/testcheck.py::TypeCheckSuite::check-errorcodes.test::testErrorCodeWarnUnusedIgnores5 
mypy/test/testcheck.py::TypeCheckSuite::check-errorcodes.test::testErrorCodeWarnUnusedIgnores6_NoDetailWhenSingleErrorCode 
[gw1] [  0%] PASSED mypy/test/testcheck.py::TypeCheckSuite::check-abstract.test::testEmptyBodyProhibitedMethodNonAbstract 
mypy/test/testcheck.py::TypeCheckSuite::check-abstract.test::testEmptyBodyProhibitedPropertyNonAbstract 
[gw0] [  0%] PASSED mypy/test/testcheck.py::TypeCheckSuite::check-errorcodes.test::testErrorCodeWarnUnusedIgnores6_NoDetailWhenSingleErrorCode 
mypy/test/testcheck.py::TypeCheckSuite::check-errorcodes.test::testErrorCodeMissingWhenRequired 
[gw0] [  0%] PASSED mypy/test/testcheck.py::TypeCheckSuite::check-errorcodes.test::testErrorCodeMissingWhenRequired 
mypy/test/testcheck.py::TypeCheckSuite::check-errorcodes.test::testErrorCodeMissingDoesntTrampleUnusedIgnoresWarning 
[gw1] [  0%] PASSED mypy/test/testcheck.py::TypeCheckSuite::check-abstract.test::testEmptyBodyProhibitedPropertyNonAbstract 
mypy/test/testcheck.py::TypeCheckSuite::check-abstract.test::testEmptyBodyNoteABCMeta 
[gw0] [  0%] PASSED mypy/test/testcheck.py::TypeCheckSuite::check-errorcodes.test::testErrorCodeMissingDoesntTrampleUnusedIgnoresWarning 
mypy/test/testcheck.py::TypeCheckSuite::check-errorcodes.test::testErrorCodeMissingWholeFileIgnores 
[gw1] [  0%] PASSED mypy/test/testcheck.py::TypeCheckSuite::check-abstract.test::testEmptyBodyNoteABCMeta 
mypy/test/testcheck.py::TypeCheckSuite::check-abstract.test::testEmptyBodyAllowedFunctionStub 
[gw0] [  0%] PASSED mypy/test/testcheck.py::TypeCheckSuite::check-errorcodes.test::testErrorCodeMissingWholeFileIgnores 
mypy/test/testcheck.py::TypeCheckSuite::check-errorcodes.test::testErrorCodeMissingMultiple 
[gw1] [  0%] PASSED mypy/test/testcheck.py::TypeCheckSuite::check-abstract.test::testEmptyBodyAllowedFunctionStub 
mypy/test/testcheck.py::TypeCheckSuite::check-abstract.test::testEmptyBodyAllowedMethodNonAbstractStub 
[gw1] [  0%] PASSED mypy/test/testcheck.py::TypeCheckSuite::check-abstract.test::testEmptyBodyAllowedMethodNonAbstractStub 
mypy/test/testcheck.py::TypeCheckSuite::check-abstract.test::testEmptyBodyAllowedPropertyNonAbstractStub 
[gw0] [  0%] PASSED mypy/test/testcheck.py::TypeCheckSuite::check-errorcodes.test::testErrorCodeMissingMultiple 
mypy/test/testcheck.py::TypeCheckSuite::check-errorcodes.test::testErrorCodeIgnoreWithExtraSpace 
[gw1] [  0%] PASSED mypy/test/testcheck.py::TypeCheckSuite::check-abstract.test::testEmptyBodyAllowedPropertyNonAbstractStub 
mypy/test/testcheck.py::TypeCheckSuite::check-abstract.test::testEmptyBodyAllowedMethodAbstract 
[gw0] [  0%] PASSED mypy/test/testcheck.py::TypeCheckSuite::check-errorcodes.test::testErrorCodeIgnoreWithExtraSpace 
mypy/test/testcheck.py::TypeCheckSuite::check-errorcodes.test::testErrorCodeIgnoreAfterArgComment 
[gw1] [  0%] PASSED mypy/test/testcheck.py::TypeCheckSuite::check-abstract.test::testEmptyBodyAllowedMethodAbstract 
mypy/test/testcheck.py::TypeCheckSuite::check-abstract.test::testEmptyBodyAllowedPropertyAbstract 
[gw0] [  0%] PASSED mypy/test/testcheck.py::TypeCheckSuite::check-errorcodes.test::testErrorCodeIgnoreAfterArgComment 
mypy/test/testcheck.py::TypeCheckSuite::check-errorcodes.test::testErrorCodeIgnoreWithNote 
[gw0] [  0%] PASSED mypy/test/testcheck.py::TypeCheckSuite::check-errorcodes.test::testErrorCodeIgnoreWithNote 
mypy/test/testcheck.py::TypeCheckSuite::check-errorcodes.test::testErrorCodeBadIgnore 
[gw1] [  0%] PASSED mypy/test/testcheck.py::TypeCheckSuite::check-abstract.test::testEmptyBodyAllowedPropertyAbstract 
mypy/test/testcheck.py::TypeCheckSuite::check-abstract.test::testEmptyBodyImplicitlyAbstractProtocol 
[gw0] [  0%] PASSED mypy/test/testcheck.py::TypeCheckSuite::check-errorcodes.test::testErrorCodeBadIgnore 
mypy/test/testcheck.py::TypeCheckSuite::check-errorcodes.test::testErrorCodeBadIgnoreNoExtraComment 
[gw1] [  0%] PASSED mypy/test/testcheck.py::TypeCheckSuite::check-abstract.test::testEmptyBodyImplicitlyAbstractProtocol 
mypy/test/testcheck.py::TypeCheckSuite::check-abstract.test::testEmptyBodyImplicitlyAbstractProtocolProperty 
[gw0] [  0%] PASSED mypy/test/testcheck.py::TypeCheckSuite::check-errorcodes.test::testErrorCodeBadIgnoreNoExtraComment 
mypy/test/testcheck.py::TypeCheckSuite::check-errorcodes.test::testErrorCodeArgKindAndCount 
[gw0] [  0%] PASSED mypy/test/testcheck.py::TypeCheckSuite::check-errorcodes.test::testErrorCodeArgKindAndCount 
mypy/test/testcheck.py::TypeCheckSuite::check-errorcodes.test::testErrorCodeArgType 
[gw1] [  0%] PASSED mypy/test/testcheck.py::TypeCheckSuite::check-abstract.test::testEmptyBodyImplicitlyAbstractProtocolProperty 
mypy/test/testcheck.py::TypeCheckSuite::check-abstract.test::testEmptyBodyImplicitlyAbstractProtocolStub 
[gw0] [  0%] PASSED mypy/test/testcheck.py::TypeCheckSuite::check-errorcodes.test::testErrorCodeArgType 
mypy/test/testcheck.py::TypeCheckSuite::check-errorcodes.test::testErrorCodeInvalidType 
[gw1] [  0%] PASSED mypy/test/testcheck.py::TypeCheckSuite::check-abstract.test::testEmptyBodyImplicitlyAbstractProtocolStub 
mypy/test/testcheck.py::TypeCheckSuite::check-abstract.test::testEmptyBodyUnsafeAbstractSuper 
[gw0] [  0%] PASSED mypy/test/testcheck.py::TypeCheckSuite::check-errorcodes.test::testErrorCodeInvalidType 
mypy/test/testcheck.py::TypeCheckSuite::check-errorcodes.test::testErrorCodeNeedTypeAnnotation 
[gw1] [  0%] PASSED mypy/test/testcheck.py::TypeCheckSuite::check-abstract.test::testEmptyBodyUnsafeAbstractSuper 
mypy/test/testcheck.py::TypeCheckSuite::check-abstract.test::testEmptyBodyUnsafeAbstractSuperProperty 
[gw0] [  0%] PASSED mypy/test/testcheck.py::TypeCheckSuite::check-errorcodes.test::testErrorCodeNeedTypeAnnotation 
mypy/test/testcheck.py::TypeCheckSuite::check-errorcodes.test::testErrorCodeBadOverride 
[gw1] [  0%] PASSED mypy/test/testcheck.py::TypeCheckSuite::check-abstract.test::testEmptyBodyUnsafeAbstractSuperProperty 
mypy/test/testcheck.py::TypeCheckSuite::check-abstract.test::testEmptyBodyUnsafeAbstractSuperOverloads 
[gw0] [  0%] PASSED mypy/test/testcheck.py::TypeCheckSuite::check-errorcodes.test::testErrorCodeBadOverride 
mypy/test/testcheck.py::TypeCheckSuite::check-errorcodes.test::testErrorCodeReturnValue 
[gw0] [  0%] PASSED mypy/test/testcheck.py::TypeCheckSuite::check-errorcodes.test::testErrorCodeReturnValue 
mypy/test/testcheck.py::TypeCheckSuite::check-errorcodes.test::testErrorCodeMissingReturnValueInReturnStatement 
[gw1] [  0%] PASSED mypy/test/testcheck.py::TypeCheckSuite::check-abstract.test::testEmptyBodyUnsafeAbstractSuperOverloads 
mypy/test/testcheck.py::TypeCheckSuite::check-abstract.test::testEmptyBodyNoSuperWarningWithoutStrict 
[gw0] [  0%] PASSED mypy/test/testcheck.py::TypeCheckSuite::check-errorcodes.test::testErrorCodeMissingReturnValueInReturnStatement 
mypy/test/testcheck.py::TypeCheckSuite::check-errorcodes.test::testErrorCodeAssignment 
[gw0] [  0%] PASSED mypy/test/testcheck.py::TypeCheckSuite::check-errorcodes.test::testErrorCodeAssignment 
mypy/test/testcheck.py::TypeCheckSuite::check-errorcodes.test::testErrorCodeMissingTypeArg 
[gw1] [  0%] PASSED mypy/test/testcheck.py::TypeCheckSuite::check-abstract.test::testEmptyBodyNoSuperWarningWithoutStrict 
mypy/test/testcheck.py::TypeCheckSuite::check-abstract.test::testEmptyBodyNoSuperWarningOptionalReturn 
[gw0] [  0%] PASSED mypy/test/testcheck.py::TypeCheckSuite::check-errorcodes.test::testErrorCodeMissingTypeArg 
[gw1] [  0%] PASSED mypy/test/testcheck.py::TypeCheckSuite::check-abstract.test::testEmptyBodyNoSuperWarningOptionalReturn 
mypy/test/testcheck.py::TypeCheckSuite::check-abstract.test::testEmptyBodyTypeCheckingOnly 
mypy/test/testcheck.py::TypeCheckSuite::check-errorcodes.test::testErrorCodeUnionAttribute 
[gw0] [  0%] PASSED mypy/test/testcheck.py::TypeCheckSuite::check-errorcodes.test::testErrorCodeUnionAttribute 
mypy/test/testcheck.py::TypeCheckSuite::check-errorcodes.test::testErrorCodeFunctionHasNoAnnotation 
[gw1] [  0%] PASSED mypy/test/testcheck.py::TypeCheckSuite::check-abstract.test::testEmptyBodyTypeCheckingOnly 
mypy/test/testcheck.py::TypeCheckSuite::check-warnings.test::testRedundantCast 
[gw1] [  0%] PASSED mypy/test/testcheck.py::TypeCheckSuite::check-warnings.test::testRedundantCast 
mypy/test/testcheck.py::TypeCheckSuite::check-warnings.test::testRedundantCastWithIsinstance 
[gw1] [  0%] PASSED mypy/test/testcheck.py::TypeCheckSuite::check-warnings.test::testRedundantCastWithIsinstance 
mypy/test/testcheck.py::TypeCheckSuite::check-warnings.test::testCastToSuperclassNotRedundant 
[gw0] [  0%] PASSED mypy/test/testcheck.py::TypeCheckSuite::check-errorcodes.test::testErrorCodeFunctionHasNoAnnotation 
mypy/test/testcheck.py::TypeCheckSuite::check-errorcodes.test::testErrorCodeCallUntypedFunction 
[gw1] [  0%] PASSED mypy/test/testcheck.py::TypeCheckSuite::check-warnings.test::testCastToSuperclassNotRedundant 
mypy/test/testcheck.py::TypeCheckSuite::check-warnings.test::testCastToAnyTypeNotRedundant 
[gw0] [  0%] PASSED mypy/test/testcheck.py::TypeCheckSuite::check-errorcodes.test::testErrorCodeCallUntypedFunction 
mypy/test/testcheck.py::TypeCheckSuite::check-errorcodes.test::testErrorCodeIndexing 
[gw1] [  0%] PASSED mypy/test/testcheck.py::TypeCheckSuite::check-warnings.test::testCastToAnyTypeNotRedundant 
mypy/test/testcheck.py::TypeCheckSuite::check-warnings.test::testUnusedTypeIgnore 
[gw0] [  0%] PASSED mypy/test/testcheck.py::TypeCheckSuite::check-errorcodes.test::testErrorCodeIndexing 
mypy/test/testcheck.py::TypeCheckSuite::check-errorcodes.test::testErrorCodeInvalidTypeArg 
[gw1] [  0%] PASSED mypy/test/testcheck.py::TypeCheckSuite::check-warnings.test::testUnusedTypeIgnore 
mypy/test/testcheck.py::TypeCheckSuite::check-warnings.test::testUnusedTypeIgnoreImport 
[gw0] [  0%] PASSED mypy/test/testcheck.py::TypeCheckSuite::check-errorcodes.test::testErrorCodeInvalidTypeArg 
mypy/test/testcheck.py::TypeCheckSuite::check-errorcodes.test::testErrorCodeOperators 
[gw1] [  0%] PASSED mypy/test/testcheck.py::TypeCheckSuite::check-warnings.test::testUnusedTypeIgnoreImport 
mypy/test/testcheck.py::TypeCheckSuite::check-warnings.test::testNoReturn 
[gw1] [  0%] PASSED mypy/test/testcheck.py::TypeCheckSuite::check-warnings.test::testNoReturn 
mypy/test/testcheck.py::TypeCheckSuite::check-warnings.test::testNoReturnWhile 
[gw0] [  0%] PASSED mypy/test/testcheck.py::TypeCheckSuite::check-errorcodes.test::testErrorCodeOperators 
mypy/test/testcheck.py::TypeCheckSuite::check-errorcodes.test::testErrorCodeListOrDictItem 
[gw1] [  0%] PASSED mypy/test/testcheck.py::TypeCheckSuite::check-warnings.test::testNoReturnWhile 
mypy/test/testcheck.py::TypeCheckSuite::check-warnings.test::testNoReturnExcept 
[gw0] [  0%] PASSED mypy/test/testcheck.py::TypeCheckSuite::check-errorcodes.test::testErrorCodeListOrDictItem 
mypy/test/testcheck.py::TypeCheckSuite::check-errorcodes.test::testErrorCodeTypedDict 
[gw1] [  0%] PASSED mypy/test/testcheck.py::TypeCheckSuite::check-warnings.test::testNoReturnExcept 
mypy/test/testcheck.py::TypeCheckSuite::check-warnings.test::testNoReturnEmptyBodyWithDocstring 
[gw1] [  0%] PASSED mypy/test/testcheck.py::TypeCheckSuite::check-warnings.test::testNoReturnEmptyBodyWithDocstring 
mypy/test/testcheck.py::TypeCheckSuite::check-warnings.test::testReturnAnyFromTypedFunction 
[gw1] [  0%] PASSED mypy/test/testcheck.py::TypeCheckSuite::check-warnings.test::testReturnAnyFromTypedFunction 
mypy/test/testcheck.py::TypeCheckSuite::check-warnings.test::testReturnAnyForNotImplementedInBinaryMagicMethods 
[gw0] [  0%] PASSED mypy/test/testcheck.py::TypeCheckSuite::check-errorcodes.test::testErrorCodeTypedDict 
mypy/test/testcheck.py::TypeCheckSuite::check-errorcodes.test::testErrorCodeTypedDictNoteIgnore 
[gw1] [  0%] PASSED mypy/test/testcheck.py::TypeCheckSuite::check-warnings.test::testReturnAnyForNotImplementedInBinaryMagicMethods 
mypy/test/testcheck.py::TypeCheckSuite::check-warnings.test::testReturnAnyForNotImplementedInNormalMethods 
[gw1] [  0%] PASSED mypy/test/testcheck.py::TypeCheckSuite::check-warnings.test::testReturnAnyForNotImplementedInNormalMethods 
mypy/test/testcheck.py::TypeCheckSuite::check-warnings.test::testReturnAnyFromTypedFunctionWithSpecificFormatting 
[gw1] [  0%] PASSED mypy/test/testcheck.py::TypeCheckSuite::check-warnings.test::testReturnAnyFromTypedFunctionWithSpecificFormatting 
mypy/test/testcheck.py::TypeCheckSuite::check-warnings.test::testReturnAnySilencedFromTypedFunction 
[gw0] [  0%] PASSED mypy/test/testcheck.py::TypeCheckSuite::check-errorcodes.test::testErrorCodeTypedDictNoteIgnore 
mypy/test/testcheck.py::TypeCheckSuite::check-errorcodes.test::testErrorCodeCannotDetermineType 
[gw1] [  0%] PASSED mypy/test/testcheck.py::TypeCheckSuite::check-warnings.test::testReturnAnySilencedFromTypedFunction 
mypy/test/testcheck.py::TypeCheckSuite::check-warnings.test::testReturnAnyFromUntypedFunction 
[gw0] [  0%] PASSED mypy/test/testcheck.py::TypeCheckSuite::check-errorcodes.test::testErrorCodeCannotDetermineType 
mypy/test/testcheck.py::TypeCheckSuite::check-errorcodes.test::testErrorCodeRedundantCast 
[gw1] [  0%] PASSED mypy/test/testcheck.py::TypeCheckSuite::check-warnings.test::testReturnAnyFromUntypedFunction 
mypy/test/testcheck.py::TypeCheckSuite::check-warnings.test::testReturnAnyFromAnyTypedFunction 
[gw0] [  0%] PASSED mypy/test/testcheck.py::TypeCheckSuite::check-errorcodes.test::testErrorCodeRedundantCast 
mypy/test/testcheck.py::TypeCheckSuite::check-errorcodes.test::testErrorCodeInvalidCommentSignature 
[gw1] [  0%] PASSED mypy/test/testcheck.py::TypeCheckSuite::check-warnings.test::testReturnAnyFromAnyTypedFunction 
[gw0] [  1%] PASSED mypy/test/testcheck.py::TypeCheckSuite::check-errorcodes.test::testErrorCodeInvalidCommentSignature 
mypy/test/testcheck.py::TypeCheckSuite::check-errorcodes.test::testErrorCodeNonOverlappingEquality 
mypy/test/testcheck.py::TypeCheckSuite::check-warnings.test::testOKReturnAnyIfProperSubtype 
[gw1] [  1%] PASSED mypy/test/testcheck.py::TypeCheckSuite::check-warnings.test::testOKReturnAnyIfProperSubtype 
mypy/test/testcheck.py::TypeCheckSuite::check-warnings.test::testReturnAnyDeferred 
[gw0] [  1%] PASSED mypy/test/testcheck.py::TypeCheckSuite::check-errorcodes.test::testErrorCodeNonOverlappingEquality 
mypy/test/testcheck.py::TypeCheckSuite::check-errorcodes.test::testErrorCodeMissingModule 
[gw1] [  1%] PASSED mypy/test/testcheck.py::TypeCheckSuite::check-warnings.test::testReturnAnyDeferred 
mypy/test/testcheck.py::TypeCheckSuite::check-isinstance.test::testForcedAssignment 
[gw0] [  1%] PASSED mypy/test/testcheck.py::TypeCheckSuite::check-errorcodes.test::testErrorCodeMissingModule 
mypy/test/testcheck.py::TypeCheckSuite::check-errorcodes.test::testErrorCodeAlreadyDefined 
[gw1] [  1%] PASSED mypy/test/testcheck.py::TypeCheckSuite::check-isinstance.test::testForcedAssignment 
mypy/test/testcheck.py::TypeCheckSuite::check-isinstance.test::testJoinAny 
[gw0] [  1%] PASSED mypy/test/testcheck.py::TypeCheckSuite::check-errorcodes.test::testErrorCodeAlreadyDefined 
mypy/test/testcheck.py::TypeCheckSuite::check-errorcodes.test::testErrorCodeMissingReturn 
[gw1] [  1%] PASSED mypy/test/testcheck.py::TypeCheckSuite::check-isinstance.test::testJoinAny 
mypy/test/testcheck.py::TypeCheckSuite::check-isinstance.test::testGeneratorExpressionTypes 
[gw0] [  1%] PASSED mypy/test/testcheck.py::TypeCheckSuite::check-errorcodes.test::testErrorCodeMissingReturn 
mypy/test/testcheck.py::TypeCheckSuite::check-errorcodes.test::testErrorCodeReturnValueNotExpected 
[gw1] [  1%] PASSED mypy/test/testcheck.py::TypeCheckSuite::check-isinstance.test::testGeneratorExpressionTypes 
[gw0] [  1%] PASSED mypy/test/testcheck.py::TypeCheckSuite::check-errorcodes.test::testErrorCodeReturnValueNotExpected 
mypy/test/testcheck.py::TypeCheckSuite::check-isinstance.test::testIsinstanceNestedTuple 
mypy/test/testcheck.py::TypeCheckSuite::check-errorcodes.test::testErrorCodeFunctionDoesNotReturnValue 
[gw0] [  1%] PASSED mypy/test/testcheck.py::TypeCheckSuite::check-errorcodes.test::testErrorCodeFunctionDoesNotReturnValue 
mypy/test/testcheck.py::TypeCheckSuite::check-errorcodes.test::testErrorCodeInstantiateAbstract 
[gw1] [  1%] PASSED mypy/test/testcheck.py::TypeCheckSuite::check-isinstance.test::testIsinstanceNestedTuple 
mypy/test/testcheck.py::TypeCheckSuite::check-isinstance.test::testClassAttributeInitialization 
[gw0] [  1%] PASSED mypy/test/testcheck.py::TypeCheckSuite::check-errorcodes.test::testErrorCodeInstantiateAbstract 
mypy/test/testcheck.py::TypeCheckSuite::check-errorcodes.test::testErrorCodeNewTypeNotSubclassable 
[gw1] [  1%] PASSED mypy/test/testcheck.py::TypeCheckSuite::check-isinstance.test::testClassAttributeInitialization 
mypy/test/testcheck.py::TypeCheckSuite::check-isinstance.test::testAssignmentSubtypes 
[gw0] [  1%] PASSED mypy/test/testcheck.py::TypeCheckSuite::check-errorcodes.test::testErrorCodeNewTypeNotSubclassable 
mypy/test/testcheck.py::TypeCheckSuite::check-errorcodes.test::testErrorCodeOverloadVariant 
[gw0] [  1%] PASSED mypy/test/testcheck.py::TypeCheckSuite::check-errorcodes.test::testErrorCodeOverloadVariant 
mypy/test/testcheck.py::TypeCheckSuite::check-errorcodes.test::testErrorCodeOverloadVariantIgnore 
[gw1] [  1%] PASSED mypy/test/testcheck.py::TypeCheckSuite::check-isinstance.test::testAssignmentSubtypes 
mypy/test/testcheck.py::TypeCheckSuite::check-isinstance.test::testFunctionDefaultArgs 
[gw0] [  1%] PASSED mypy/test/testcheck.py::TypeCheckSuite::check-errorcodes.test::testErrorCodeOverloadVariantIgnore 
mypy/test/testcheck.py::TypeCheckSuite::check-errorcodes.test::testErrorCodeAnyFromUnfollowedImport 
[gw1] [  1%] PASSED mypy/test/testcheck.py::TypeCheckSuite::check-isinstance.test::testFunctionDefaultArgs 
mypy/test/testcheck.py::TypeCheckSuite::check-isinstance.test::testIsinstanceFancyConditionals 
[gw0] [  1%] PASSED mypy/test/testcheck.py::TypeCheckSuite::check-errorcodes.test::testErrorCodeAnyFromUnfollowedImport 
mypy/test/testcheck.py::TypeCheckSuite::check-errorcodes.test::testErrorCodeReturnAny 
[gw1] [  1%] PASSED mypy/test/testcheck.py::TypeCheckSuite::check-isinstance.test::testIsinstanceFancyConditionals 
mypy/test/testcheck.py::TypeCheckSuite::check-isinstance.test::testSubtypingWithAny 
[gw0] [  1%] PASSED mypy/test/testcheck.py::TypeCheckSuite::check-errorcodes.test::testErrorCodeReturnAny 
mypy/test/testcheck.py::TypeCheckSuite::check-errorcodes.test::testErrorCodeFormatCall 
[gw1] [  1%] PASSED mypy/test/testcheck.py::TypeCheckSuite::check-isinstance.test::testSubtypingWithAny 
mypy/test/testcheck.py::TypeCheckSuite::check-isinstance.test::testSingleMultiAssignment 
[gw1] [  1%] PASSED mypy/test/testcheck.py::TypeCheckSuite::check-isinstance.test::testSingleMultiAssignment 
mypy/test/testcheck.py::TypeCheckSuite::check-isinstance.test::testUnionMultiAssignment 
[gw0] [  1%] PASSED mypy/test/testcheck.py::TypeCheckSuite::check-errorcodes.test::testErrorCodeFormatCall 
mypy/test/testcheck.py::TypeCheckSuite::check-errorcodes.test::testErrorCodeIgnoreNamedDefinedNote 
[gw0] [  1%] PASSED mypy/test/testcheck.py::TypeCheckSuite::check-errorcodes.test::testErrorCodeIgnoreNamedDefinedNote 
mypy/test/testcheck.py::TypeCheckSuite::check-errorcodes.test::testErrorCodeProtocolProblemsIgnore 
[gw1] [  1%] PASSED mypy/test/testcheck.py::TypeCheckSuite::check-isinstance.test::testUnionMultiAssignment 
mypy/test/testcheck.py::TypeCheckSuite::check-isinstance.test::testUnionIfZigzag 
[gw1] [  1%] PASSED mypy/test/testcheck.py::TypeCheckSuite::check-isinstance.test::testUnionIfZigzag 
mypy/test/testcheck.py::TypeCheckSuite::check-isinstance.test::testTwoLoopsUnion 
[gw0] [  1%] PASSED mypy/test/testcheck.py::TypeCheckSuite::check-errorcodes.test::testErrorCodeProtocolProblemsIgnore 
mypy/test/testcheck.py::TypeCheckSuite::check-errorcodes.test::testErrorCodeNoneReturnNoteIgnore 
[gw0] [  1%] PASSED mypy/test/testcheck.py::TypeCheckSuite::check-errorcodes.test::testErrorCodeNoneReturnNoteIgnore 
mypy/test/testcheck.py::TypeCheckSuite::check-errorcodes.test::testErrorCodeVarianceNoteIgnore 
[gw1] [  1%] PASSED mypy/test/testcheck.py::TypeCheckSuite::check-isinstance.test::testTwoLoopsUnion 
mypy/test/testcheck.py::TypeCheckSuite::check-isinstance.test::testComplicatedBlocks 
[gw0] [  1%] PASSED mypy/test/testcheck.py::TypeCheckSuite::check-errorcodes.test::testErrorCodeVarianceNoteIgnore 
mypy/test/testcheck.py::TypeCheckSuite::check-errorcodes.test::testErrorCodeAssignToMethod 
[gw0] [  1%] PASSED mypy/test/testcheck.py::TypeCheckSuite::check-errorcodes.test::testErrorCodeAssignToMethod 
mypy/test/testcheck.py::TypeCheckSuite::check-errorcodes.test::testErrorCodeDefinedHereNoteIgnore 
[gw1] [  1%] PASSED mypy/test/testcheck.py::TypeCheckSuite::check-isinstance.test::testComplicatedBlocks 
mypy/test/testcheck.py::TypeCheckSuite::check-isinstance.test::testUnionTryExcept 
[gw0] [  1%] PASSED mypy/test/testcheck.py::TypeCheckSuite::check-errorcodes.test::testErrorCodeDefinedHereNoteIgnore 
mypy/test/testcheck.py::TypeCheckSuite::check-errorcodes.test::testErrorCodeUnionNoteIgnore 
[gw1] [  1%] PASSED mypy/test/testcheck.py::TypeCheckSuite::check-isinstance.test::testUnionTryExcept 
mypy/test/testcheck.py::TypeCheckSuite::check-isinstance.test::testUnionTryExcept2 
[gw1] [  1%] PASSED mypy/test/testcheck.py::TypeCheckSuite::check-isinstance.test::testUnionTryExcept2 
mypy/test/testcheck.py::TypeCheckSuite::check-isinstance.test::testUnionTryExcept3 
[gw0] [  1%] PASSED mypy/test/testcheck.py::TypeCheckSuite::check-errorcodes.test::testErrorCodeUnionNoteIgnore 
mypy/test/testcheck.py::TypeCheckSuite::check-errorcodes.test::testErrorCodeTypeIgnoreMisspelled1 
[gw0] [  1%] PASSED mypy/test/testcheck.py::TypeCheckSuite::check-errorcodes.test::testErrorCodeTypeIgnoreMisspelled1 
mypy/test/testcheck.py::TypeCheckSuite::check-errorcodes.test::testErrorCodeTypeIgnoreMisspelled2 
[gw1] [  1%] PASSED mypy/test/testcheck.py::TypeCheckSuite::check-isinstance.test::testUnionTryExcept3 
[gw0] [  1%] PASSED mypy/test/testcheck.py::TypeCheckSuite::check-errorcodes.test::testErrorCodeTypeIgnoreMisspelled2 
mypy/test/testcheck.py::TypeCheckSuite::check-isinstance.test::testUnionTryExcept4 
mypy/test/testcheck.py::TypeCheckSuite::check-errorcodes.test::testErrorCode__exit__Return 
[gw0] [  1%] PASSED mypy/test/testcheck.py::TypeCheckSuite::check-errorcodes.test::testErrorCode__exit__Return 
mypy/test/testcheck.py::TypeCheckSuite::check-errorcodes.test::testErrorCodeOverloadedOperatorMethod 
[gw0] [  1%] PASSED mypy/test/testcheck.py::TypeCheckSuite::check-errorcodes.test::testErrorCodeOverloadedOperatorMethod 
mypy/test/testcheck.py::TypeCheckSuite::check-errorcodes.test::testErrorCodeMultiLineBinaryOperatorOperand 
[gw0] [  1%] PASSED mypy/test/testcheck.py::TypeCheckSuite::check-errorcodes.test::testErrorCodeMultiLineBinaryOperatorOperand 
mypy/test/testcheck.py::TypeCheckSuite::check-errorcodes.test::testErrorCodeSpecialArgTypeErrors 
[gw1] [  1%] PASSED mypy/test/testcheck.py::TypeCheckSuite::check-isinstance.test::testUnionTryExcept4 
mypy/test/testcheck.py::TypeCheckSuite::check-isinstance.test::testUnionTryFinally 
[gw1] [  1%] PASSED mypy/test/testcheck.py::TypeCheckSuite::check-isinstance.test::testUnionTryFinally 
mypy/test/testcheck.py::TypeCheckSuite::check-isinstance.test::testUnionTryFinally2 
[gw0] [  1%] PASSED mypy/test/testcheck.py::TypeCheckSuite::check-errorcodes.test::testErrorCodeSpecialArgTypeErrors 
mypy/test/testcheck.py::TypeCheckSuite::check-errorcodes.test::testRedundantExpressions 
[gw1] [  1%] PASSED mypy/test/testcheck.py::TypeCheckSuite::check-isinstance.test::testUnionTryFinally2 
mypy/test/testcheck.py::TypeCheckSuite::check-isinstance.test::testUnionTryFinally3 
[gw1] [  1%] PASSED mypy/test/testcheck.py::TypeCheckSuite::check-isinstance.test::testUnionTryFinally3 
[gw0] [  1%] PASSED mypy/test/testcheck.py::TypeCheckSuite::check-errorcodes.test::testRedundantExpressions 
mypy/test/testcheck.py::TypeCheckSuite::check-isinstance.test::testUnionTryFinally4 
mypy/test/testcheck.py::TypeCheckSuite::check-errorcodes.test::testNamedTupleNameMismatch 
[gw1] [  1%] PASSED mypy/test/testcheck.py::TypeCheckSuite::check-isinstance.test::testUnionTryFinally4 
mypy/test/testcheck.py::TypeCheckSuite::check-isinstance.test::testUnionTryFinally5 
[gw1] [  1%] PASSED mypy/test/testcheck.py::TypeCheckSuite::check-isinstance.test::testUnionTryFinally5 
mypy/test/testcheck.py::TypeCheckSuite::check-isinstance.test::testUnionTryFinally6 
[gw1] [  1%] PASSED mypy/test/testcheck.py::TypeCheckSuite::check-isinstance.test::testUnionTryFinally6 
mypy/test/testcheck.py::TypeCheckSuite::check-isinstance.test::testUnionListIsinstance 
[gw0] [  1%] PASSED mypy/test/testcheck.py::TypeCheckSuite::check-errorcodes.test::testNamedTupleNameMismatch 
mypy/test/testcheck.py::TypeCheckSuite::check-errorcodes.test::testTypedDictNameMismatch 
[gw1] [  1%] PASSED mypy/test/testcheck.py::TypeCheckSuite::check-isinstance.test::testUnionListIsinstance 
mypy/test/testcheck.py::TypeCheckSuite::check-isinstance.test::testUnionListIsinstance2 
[gw1] [  1%] PASSED mypy/test/testcheck.py::TypeCheckSuite::check-isinstance.test::testUnionListIsinstance2 
mypy/test/testcheck.py::TypeCheckSuite::check-isinstance.test::testUnionStrictDefnBasic 
[gw0] [  1%] PASSED mypy/test/testcheck.py::TypeCheckSuite::check-errorcodes.test::testTypedDictNameMismatch 
mypy/test/testcheck.py::TypeCheckSuite::check-errorcodes.test::testTruthyBool 
[gw0] [  1%] PASSED mypy/test/testcheck.py::TypeCheckSuite::check-errorcodes.test::testTruthyBool 
mypy/test/testcheck.py::TypeCheckSuite::check-errorcodes.test::testTruthyFunctions 
[gw1] [  1%] PASSED mypy/test/testcheck.py::TypeCheckSuite::check-isinstance.test::testUnionStrictDefnBasic 
mypy/test/testcheck.py::TypeCheckSuite::check-isinstance.test::testSubtypeRedefinitionBasic 
[gw0] [  1%] PASSED mypy/test/testcheck.py::TypeCheckSuite::check-errorcodes.test::testTruthyFunctions 
mypy/test/testcheck.py::TypeCheckSuite::check-errorcodes.test::testNoOverloadImplementation 
[gw1] [  1%] PASSED mypy/test/testcheck.py::TypeCheckSuite::check-isinstance.test::testSubtypeRedefinitionBasic 
mypy/test/testcheck.py::TypeCheckSuite::check-isinstance.test::testIsInstanceBasic 
[gw0] [  1%] PASSED mypy/test/testcheck.py::TypeCheckSuite::check-errorcodes.test::testNoOverloadImplementation 
mypy/test/testcheck.py::TypeCheckSuite::check-errorcodes.test::testSliceInDict39 
[gw1] [  1%] PASSED mypy/test/testcheck.py::TypeCheckSuite::check-isinstance.test::testIsInstanceBasic 
mypy/test/testcheck.py::TypeCheckSuite::check-isinstance.test::testIsInstanceIndexing 
[gw0] [  1%] PASSED mypy/test/testcheck.py::TypeCheckSuite::check-errorcodes.test::testSliceInDict39 
mypy/test/testcheck.py::TypeCheckSuite::check-errorcodes.test::testSliceInDict38 
[gw1] [  1%] PASSED mypy/test/testcheck.py::TypeCheckSuite::check-isinstance.test::testIsInstanceIndexing 
mypy/test/testcheck.py::TypeCheckSuite::check-isinstance.test::testIsInstanceSubClassMember 
[gw0] [  1%] PASSED mypy/test/testcheck.py::TypeCheckSuite::check-errorcodes.test::testSliceInDict38 
mypy/test/testcheck.py::TypeCheckSuite::check-errorcodes.test::testSliceInCustomTensorType 
[gw0] [  1%] PASSED mypy/test/testcheck.py::TypeCheckSuite::check-errorcodes.test::testSliceInCustomTensorType 
mypy/test/testcheck.py::TypeCheckSuite::check-errorcodes.test::testNoteAboutChangedTypedDictErrorCode 
[gw1] [  1%] PASSED mypy/test/testcheck.py::TypeCheckSuite::check-isinstance.test::testIsInstanceSubClassMember 
mypy/test/testcheck.py::TypeCheckSuite::check-isinstance.test::testIsInstanceSubClassReset 
[gw1] [  1%] PASSED mypy/test/testcheck.py::TypeCheckSuite::check-isinstance.test::testIsInstanceSubClassReset 
mypy/test/testcheck.py::TypeCheckSuite::check-isinstance.test::testIsinstanceTuple 
[gw1] [  1%] PASSED mypy/test/testcheck.py::TypeCheckSuite::check-isinstance.test::testIsinstanceTuple 
mypy/test/testcheck.py::TypeCheckSuite::check-isinstance.test::testIsinstanceNeverWidens 
[gw0] [  1%] PASSED mypy/test/testcheck.py::TypeCheckSuite::check-errorcodes.test::testNoteAboutChangedTypedDictErrorCode 
mypy/test/testcheck.py::TypeCheckSuite::check-errorcodes.test::testRecommendErrorCode 
[gw1] [  1%] PASSED mypy/test/testcheck.py::TypeCheckSuite::check-isinstance.test::testIsinstanceNeverWidens 
mypy/test/testcheck.py::TypeCheckSuite::check-isinstance.test::testMemberAssignmentChanges 
[gw0] [  1%] PASSED mypy/test/testcheck.py::TypeCheckSuite::check-errorcodes.test::testRecommendErrorCode 
mypy/test/testcheck.py::TypeCheckSuite::check-errorcodes.test::testShowErrorCodesInConfig 
[gw0] [  1%] PASSED mypy/test/testcheck.py::TypeCheckSuite::check-errorcodes.test::testShowErrorCodesInConfig 
mypy/test/testcheck.py::TypeCheckSuite::check-errorcodes.test::testErrorCodeUnsafeSuper_no_empty 
[gw1] [  1%] PASSED mypy/test/testcheck.py::TypeCheckSuite::check-isinstance.test::testMemberAssignmentChanges 
mypy/test/testcheck.py::TypeCheckSuite::check-isinstance.test::testIsInstanceSubClassMemberHard 
[gw0] [  1%] PASSED mypy/test/testcheck.py::TypeCheckSuite::check-errorcodes.test::testErrorCodeUnsafeSuper_no_empty 
mypy/test/testcheck.py::TypeCheckSuite::check-errorcodes.test::testDedicatedErrorCodeForEmpty_no_empty 
[gw0] [  1%] PASSED mypy/test/testcheck.py::TypeCheckSuite::check-errorcodes.test::testDedicatedErrorCodeForEmpty_no_empty 
mypy/test/testcheck.py::TypeCheckSuite::check-errorcodes.test::testDedicatedErrorCodeTypeAbstract 
[gw1] [  1%] PASSED mypy/test/testcheck.py::TypeCheckSuite::check-isinstance.test::testIsInstanceSubClassMemberHard 
mypy/test/testcheck.py::TypeCheckSuite::check-isinstance.test::testIsInstanceReturn 
[gw0] [  1%] PASSED mypy/test/testcheck.py::TypeCheckSuite::check-errorcodes.test::testDedicatedErrorCodeTypeAbstract 
mypy/test/testcheck.py::TypeCheckSuite::check-errorcodes.test::testUncheckedAnnotationCodeShown 
[gw1] [  1%] PASSED mypy/test/testcheck.py::TypeCheckSuite::check-isinstance.test::testIsInstanceReturn 
mypy/test/testcheck.py::TypeCheckSuite::check-isinstance.test::testIsInstanceBadBreak 
[gw0] [  1%] PASSED mypy/test/testcheck.py::TypeCheckSuite::check-errorcodes.test::testUncheckedAnnotationCodeShown 
mypy/test/testcheck.py::TypeCheckSuite::check-errorcodes.test::testUncheckedAnnotationSuppressed 
[gw0] [  1%] PASSED mypy/test/testcheck.py::TypeCheckSuite::check-errorcodes.test::testUncheckedAnnotationSuppressed 
mypy/test/testcheck.py::TypeCheckSuite::check-final.test::testFinalDefiningModuleVar 
[gw1] [  1%] PASSED mypy/test/testcheck.py::TypeCheckSuite::check-isinstance.test::testIsInstanceBadBreak 
mypy/test/testcheck.py::TypeCheckSuite::check-isinstance.test::testIsInstanceThreeUnion 
[gw0] [  1%] PASSED mypy/test/testcheck.py::TypeCheckSuite::check-final.test::testFinalDefiningModuleVar 
mypy/test/testcheck.py::TypeCheckSuite::check-final.test::testFinalDefiningInstanceVar 
[gw0] [  1%] PASSED mypy/test/testcheck.py::TypeCheckSuite::check-final.test::testFinalDefiningInstanceVar 
mypy/test/testcheck.py::TypeCheckSuite::check-final.test::testFinalDefiningInstanceVarImplicit 
[gw1] [  1%] PASSED mypy/test/testcheck.py::TypeCheckSuite::check-isinstance.test::testIsInstanceThreeUnion 
mypy/test/testcheck.py::TypeCheckSuite::check-isinstance.test::testIsInstanceThreeUnion2 
[gw0] [  1%] PASSED mypy/test/testcheck.py::TypeCheckSuite::check-final.test::testFinalDefiningInstanceVarImplicit 
mypy/test/testcheck.py::TypeCheckSuite::check-final.test::testFinalBadDefinitionTooManyArgs 
[gw1] [  1%] PASSED mypy/test/testcheck.py::TypeCheckSuite::check-isinstance.test::testIsInstanceThreeUnion2 
mypy/test/testcheck.py::TypeCheckSuite::check-isinstance.test::testIsInstanceThreeUnion3 
[gw0] [  1%] PASSED mypy/test/testcheck.py::TypeCheckSuite::check-final.test::testFinalBadDefinitionTooManyArgs 
mypy/test/testcheck.py::TypeCheckSuite::check-final.test::testFinalInvalidDefinitions 
[gw0] [  1%] PASSED mypy/test/testcheck.py::TypeCheckSuite::check-final.test::testFinalInvalidDefinitions 
mypy/test/testcheck.py::TypeCheckSuite::check-final.test::testFinalDefiningInstanceVarStubs 
[gw1] [  1%] PASSED mypy/test/testcheck.py::TypeCheckSuite::check-isinstance.test::testIsInstanceThreeUnion3 
mypy/test/testcheck.py::TypeCheckSuite::check-isinstance.test::testRemovingTypeRepeatedly 
[gw0] [  1%] PASSED mypy/test/testcheck.py::TypeCheckSuite::check-final.test::testFinalDefiningInstanceVarStubs 
mypy/test/testcheck.py::TypeCheckSuite::check-final.test::testFinalDefiningFunc 
[gw0] [  1%] PASSED mypy/test/testcheck.py::TypeCheckSuite::check-final.test::testFinalDefiningFunc 
mypy/test/testcheck.py::TypeCheckSuite::check-final.test::testFinalDefiningFuncOverloaded 
[gw1] [  1%] PASSED mypy/test/testcheck.py::TypeCheckSuite::check-isinstance.test::testRemovingTypeRepeatedly 
[gw0] [  1%] PASSED mypy/test/testcheck.py::TypeCheckSuite::check-final.test::testFinalDefiningFuncOverloaded 
mypy/test/testcheck.py::TypeCheckSuite::check-isinstance.test::testModifyRepeatedly 
mypy/test/testcheck.py::TypeCheckSuite::check-final.test::testFinalDefiningMeth 
[gw0] [  1%] PASSED mypy/test/testcheck.py::TypeCheckSuite::check-final.test::testFinalDefiningMeth 
mypy/test/testcheck.py::TypeCheckSuite::check-final.test::testFinalDefiningMethOverloaded 
[gw1] [  1%] PASSED mypy/test/testcheck.py::TypeCheckSuite::check-isinstance.test::testModifyRepeatedly 
[gw0] [  1%] PASSED mypy/test/testcheck.py::TypeCheckSuite::check-final.test::testFinalDefiningMethOverloaded 
mypy/test/testcheck.py::TypeCheckSuite::check-isinstance.test::testModifyLoop 
mypy/test/testcheck.py::TypeCheckSuite::check-final.test::testFinalDefiningMethOverloadedStubs 
[gw0] [  1%] PASSED mypy/test/testcheck.py::TypeCheckSuite::check-final.test::testFinalDefiningMethOverloadedStubs 
mypy/test/testcheck.py::TypeCheckSuite::check-final.test::testFinalDefiningProperty 
[gw1] [  1%] PASSED mypy/test/testcheck.py::TypeCheckSuite::check-isinstance.test::testModifyLoop 
mypy/test/testcheck.py::TypeCheckSuite::check-isinstance.test::testModifyLoop2 
[gw0] [  1%] PASSED mypy/test/testcheck.py::TypeCheckSuite::check-final.test::testFinalDefiningProperty 
mypy/test/testcheck.py::TypeCheckSuite::check-final.test::testFinalDefiningOuterOnly 
[gw0] [  1%] PASSED mypy/test/testcheck.py::TypeCheckSuite::check-final.test::testFinalDefiningOuterOnly 
mypy/test/testcheck.py::TypeCheckSuite::check-final.test::testFinalDefiningNotInMethod 
[gw1] [  1%] PASSED mypy/test/testcheck.py::TypeCheckSuite::check-isinstance.test::testModifyLoop2 
mypy/test/testcheck.py::TypeCheckSuite::check-isinstance.test::testModifyLoop3 
[gw0] [  1%] PASSED mypy/test/testcheck.py::TypeCheckSuite::check-final.test::testFinalDefiningNotInMethod 
mypy/test/testcheck.py::TypeCheckSuite::check-final.test::testFinalDefiningNotInMethodExtensions 
[gw1] [  1%] PASSED mypy/test/testcheck.py::TypeCheckSuite::check-isinstance.test::testModifyLoop3 
mypy/test/testcheck.py::TypeCheckSuite::check-isinstance.test::testModifyLoopWhile4 
[gw0] [  1%] PASSED mypy/test/testcheck.py::TypeCheckSuite::check-final.test::testFinalDefiningNotInMethodExtensions 
mypy/test/testcheck.py::TypeCheckSuite::check-final.test::testFinalDefiningNoRhs 
[gw0] [  1%] PASSED mypy/test/testcheck.py::TypeCheckSuite::check-final.test::testFinalDefiningNoRhs 
mypy/test/testcheck.py::TypeCheckSuite::check-final.test::testFinalDefiningNoRhsSubclass 
[gw1] [  2%] PASSED mypy/test/testcheck.py::TypeCheckSuite::check-isinstance.test::testModifyLoopWhile4 
mypy/test/testcheck.py::TypeCheckSuite::check-isinstance.test::testModifyLoopFor4 
[gw0] [  2%] PASSED mypy/test/testcheck.py::TypeCheckSuite::check-final.test::testFinalDefiningNoRhsSubclass 
mypy/test/testcheck.py::TypeCheckSuite::check-final.test::testFinalDefiningNoTypevarsExplicit 
[gw1] [  2%] PASSED mypy/test/testcheck.py::TypeCheckSuite::check-isinstance.test::testModifyLoopFor4 
mypy/test/testcheck.py::TypeCheckSuite::check-isinstance.test::testModifyNestedLoop 
[gw0] [  2%] PASSED mypy/test/testcheck.py::TypeCheckSuite::check-final.test::testFinalDefiningNoTypevarsExplicit 
mypy/test/testcheck.py::TypeCheckSuite::check-final.test::testFinalDefiningTypevarsImplicit 
[gw0] [  2%] PASSED mypy/test/testcheck.py::TypeCheckSuite::check-final.test::testFinalDefiningTypevarsImplicit 
mypy/test/testcheck.py::TypeCheckSuite::check-final.test::testFinalDefiningNotInOtherMethod 
[gw1] [  2%] PASSED mypy/test/testcheck.py::TypeCheckSuite::check-isinstance.test::testModifyNestedLoop 
mypy/test/testcheck.py::TypeCheckSuite::check-isinstance.test::testModifyLoopLong 
[gw0] [  2%] PASSED mypy/test/testcheck.py::TypeCheckSuite::check-final.test::testFinalDefiningNotInOtherMethod 
mypy/test/testcheck.py::TypeCheckSuite::check-final.test::testFinalDefiningOnlyOnSelf 
[gw1] [  2%] PASSED mypy/test/testcheck.py::TypeCheckSuite::check-isinstance.test::testModifyLoopLong 
mypy/test/testcheck.py::TypeCheckSuite::check-isinstance.test::testWhileExitCondition1 
[gw0] [  2%] PASSED mypy/test/testcheck.py::TypeCheckSuite::check-final.test::testFinalDefiningOnlyOnSelf 
mypy/test/testcheck.py::TypeCheckSuite::check-final.test::testFinalNotInProtocol 
[gw1] [  2%] PASSED mypy/test/testcheck.py::TypeCheckSuite::check-isinstance.test::testWhileExitCondition1 
mypy/test/testcheck.py::TypeCheckSuite::check-isinstance.test::testWhileExitCondition2 
[gw0] [  2%] PASSED mypy/test/testcheck.py::TypeCheckSuite::check-final.test::testFinalNotInProtocol 
mypy/test/testcheck.py::TypeCheckSuite::check-final.test::testFinalNotInLoops 
[gw1] [  2%] PASSED mypy/test/testcheck.py::TypeCheckSuite::check-isinstance.test::testWhileExitCondition2 
mypy/test/testcheck.py::TypeCheckSuite::check-isinstance.test::testWhileLinkedList 
[gw0] [  2%] PASSED mypy/test/testcheck.py::TypeCheckSuite::check-final.test::testFinalNotInLoops 
mypy/test/testcheck.py::TypeCheckSuite::check-final.test::testFinalDelayedDefinition 
[gw1] [  2%] PASSED mypy/test/testcheck.py::TypeCheckSuite::check-isinstance.test::testWhileLinkedList 
mypy/test/testcheck.py::TypeCheckSuite::check-isinstance.test::testReturnAndFlow 
[gw0] [  2%] PASSED mypy/test/testcheck.py::TypeCheckSuite::check-final.test::testFinalDelayedDefinition 
mypy/test/testcheck.py::TypeCheckSuite::check-final.test::testFinalDelayedDefinitionOtherMethod 
[gw1] [  2%] PASSED mypy/test/testcheck.py::TypeCheckSuite::check-isinstance.test::testReturnAndFlow 
mypy/test/testcheck.py::TypeCheckSuite::check-isinstance.test::testCastIsinstance 
[gw0] [  2%] PASSED mypy/test/testcheck.py::TypeCheckSuite::check-final.test::testFinalDelayedDefinitionOtherMethod 
mypy/test/testcheck.py::TypeCheckSuite::check-final.test::testFinalReassignModuleVar 
[gw0] [  2%] PASSED mypy/test/testcheck.py::TypeCheckSuite::check-final.test::testFinalReassignModuleVar 
mypy/test/testcheck.py::TypeCheckSuite::check-final.test::testFinalReassignModuleVar2 
[gw1] [  2%] PASSED mypy/test/testcheck.py::TypeCheckSuite::check-isinstance.test::testCastIsinstance 
mypy/test/testcheck.py::TypeCheckSuite::check-isinstance.test::testUnreachableCode 
[gw0] [  2%] PASSED mypy/test/testcheck.py::TypeCheckSuite::check-final.test::testFinalReassignModuleVar2 
mypy/test/testcheck.py::TypeCheckSuite::check-final.test::testFinalReassignModuleVar3 
[gw1] [  2%] PASSED mypy/test/testcheck.py::TypeCheckSuite::check-isinstance.test::testUnreachableCode 
mypy/test/testcheck.py::TypeCheckSuite::check-isinstance.test::testUnreachableCode2 
[gw0] [  2%] PASSED mypy/test/testcheck.py::TypeCheckSuite::check-final.test::testFinalReassignModuleVar3 
mypy/test/testcheck.py::TypeCheckSuite::check-final.test::testFinalReassignModuleReexport 
[gw1] [  2%] PASSED mypy/test/testcheck.py::TypeCheckSuite::check-isinstance.test::testUnreachableCode2 
mypy/test/testcheck.py::TypeCheckSuite::check-isinstance.test::testUnreachableWhileTrue 
[gw0] [  2%] PASSED mypy/test/testcheck.py::TypeCheckSuite::check-final.test::testFinalReassignModuleReexport 
mypy/test/testcheck.py::TypeCheckSuite::check-final.test::testFinalReassignFuncScope 
[gw1] [  2%] PASSED mypy/test/testcheck.py::TypeCheckSuite::check-isinstance.test::testUnreachableWhileTrue 
mypy/test/testcheck.py::TypeCheckSuite::check-isinstance.test::testUnreachableAssertFalse 
[gw0] [  2%] PASSED mypy/test/testcheck.py::TypeCheckSuite::check-final.test::testFinalReassignFuncScope 
mypy/test/testcheck.py::TypeCheckSuite::check-final.test::testFinalReassignModuleVarExternal 
[gw1] [  2%] PASSED mypy/test/testcheck.py::TypeCheckSuite::check-isinstance.test::testUnreachableAssertFalse 
mypy/test/testcheck.py::TypeCheckSuite::check-isinstance.test::testUnreachableAssertFalse2 
[gw0] [  2%] PASSED mypy/test/testcheck.py::TypeCheckSuite::check-final.test::testFinalReassignModuleVarExternal 
mypy/test/testcheck.py::TypeCheckSuite::check-final.test::testFinalReassignInstanceVarClassBody 
[gw1] [  2%] PASSED mypy/test/testcheck.py::TypeCheckSuite::check-isinstance.test::testUnreachableAssertFalse2 
mypy/test/testcheck.py::TypeCheckSuite::check-isinstance.test::testUnreachableReturnOrAssertFalse 
[gw0] [  2%] PASSED mypy/test/testcheck.py::TypeCheckSuite::check-final.test::testFinalReassignInstanceVarClassBody 
mypy/test/testcheck.py::TypeCheckSuite::check-final.test::testFinalReassignInstanceVarInit 
[gw1] [  2%] PASSED mypy/test/testcheck.py::TypeCheckSuite::check-isinstance.test::testUnreachableReturnOrAssertFalse 
mypy/test/testcheck.py::TypeCheckSuite::check-isinstance.test::testUnreachableTryExcept 
[gw0] [  2%] PASSED mypy/test/testcheck.py::TypeCheckSuite::check-final.test::testFinalReassignInstanceVarInit 
mypy/test/testcheck.py::TypeCheckSuite::check-final.test::testFinalReassignInstanceVarClassVsInit 
[gw1] [  2%] PASSED mypy/test/testcheck.py::TypeCheckSuite::check-isinstance.test::testUnreachableTryExcept 
mypy/test/testcheck.py::TypeCheckSuite::check-isinstance.test::testUnreachableTryExceptElse 
[gw0] [  2%] PASSED mypy/test/testcheck.py::TypeCheckSuite::check-final.test::testFinalReassignInstanceVarClassVsInit 
mypy/test/testcheck.py::TypeCheckSuite::check-final.test::testFinalReassignInstanceVarMethod 
[gw1] [  2%] PASSED mypy/test/testcheck.py::TypeCheckSuite::check-isinstance.test::testUnreachableTryExceptElse 
mypy/test/testcheck.py::TypeCheckSuite::check-isinstance.test::testUnreachableTryReturnFinally1 
[gw0] [  2%] PASSED mypy/test/testcheck.py::TypeCheckSuite::check-final.test::testFinalReassignInstanceVarMethod 
mypy/test/testcheck.py::TypeCheckSuite::check-final.test::testFinalReassignInstanceVarExternalClass 
[gw1] [  2%] PASSED mypy/test/testcheck.py::TypeCheckSuite::check-isinstance.test::testUnreachableTryReturnFinally1 
mypy/test/testcheck.py::TypeCheckSuite::check-isinstance.test::testUnreachableTryReturnFinally2 
[gw0] [  2%] PASSED mypy/test/testcheck.py::TypeCheckSuite::check-final.test::testFinalReassignInstanceVarExternalClass 
mypy/test/testcheck.py::TypeCheckSuite::check-final.test::testFinalReassignInstanceVarExternalInstance 
[gw1] [  2%] PASSED mypy/test/testcheck.py::TypeCheckSuite::check-isinstance.test::testUnreachableTryReturnFinally2 
mypy/test/testcheck.py::TypeCheckSuite::check-isinstance.test::testUnreachableTryReturnExceptRaise 
[gw0] [  2%] PASSED mypy/test/testcheck.py::TypeCheckSuite::check-final.test::testFinalReassignInstanceVarExternalInstance 
mypy/test/testcheck.py::TypeCheckSuite::check-final.test::testFinalWorksWithComplexTargets 
[gw1] [  2%] PASSED mypy/test/testcheck.py::TypeCheckSuite::check-isinstance.test::testUnreachableTryReturnExceptRaise 
mypy/test/testcheck.py::TypeCheckSuite::check-isinstance.test::testUnreachableReturnLambda 
[gw0] [  2%] PASSED mypy/test/testcheck.py::TypeCheckSuite::check-final.test::testFinalWorksWithComplexTargets 
mypy/test/testcheck.py::TypeCheckSuite::check-final.test::testFinalInplaceAssign 
[gw1] [  2%] PASSED mypy/test/testcheck.py::TypeCheckSuite::check-isinstance.test::testUnreachableReturnLambda 
mypy/test/testcheck.py::TypeCheckSuite::check-isinstance.test::testIsinstanceAnd 
[gw0] [  2%] PASSED mypy/test/testcheck.py::TypeCheckSuite::check-final.test::testFinalInplaceAssign 
mypy/test/testcheck.py::TypeCheckSuite::check-final.test::testFinalOverridingVarClassBody 
[gw1] [  2%] PASSED mypy/test/testcheck.py::TypeCheckSuite::check-isinstance.test::testIsinstanceAnd 
mypy/test/testcheck.py::TypeCheckSuite::check-isinstance.test::testIsinstanceShortcircuit 
[gw0] [  2%] PASSED mypy/test/testcheck.py::TypeCheckSuite::check-final.test::testFinalOverridingVarClassBody 
mypy/test/testcheck.py::TypeCheckSuite::check-final.test::testFinalOverridingVarClassBodyExplicit 
[gw0] [  2%] PASSED mypy/test/testcheck.py::TypeCheckSuite::check-final.test::testFinalOverridingVarClassBodyExplicit 
mypy/test/testcheck.py::TypeCheckSuite::check-final.test::testFinalOverridingVarInit 
[gw1] [  2%] PASSED mypy/test/testcheck.py::TypeCheckSuite::check-isinstance.test::testIsinstanceShortcircuit 
mypy/test/testcheck.py::TypeCheckSuite::check-isinstance.test::testIsinstanceExpression 
[gw0] [  2%] PASSED mypy/test/testcheck.py::TypeCheckSuite::check-final.test::testFinalOverridingVarInit 
mypy/test/testcheck.py::TypeCheckSuite::check-final.test::testFinalOverridingVarInit2 
[gw1] [  2%] PASSED mypy/test/testcheck.py::TypeCheckSuite::check-isinstance.test::testIsinstanceExpression 
mypy/test/testcheck.py::TypeCheckSuite::check-isinstance.test::testIsinstanceMultiAnd 
[gw0] [  2%] PASSED mypy/test/testcheck.py::TypeCheckSuite::check-final.test::testFinalOverridingVarInit2 
mypy/test/testcheck.py::TypeCheckSuite::check-final.test::testFinalOverridingVarOtherMethod 
[gw0] [  2%] PASSED mypy/test/testcheck.py::TypeCheckSuite::check-final.test::testFinalOverridingVarOtherMethod 
mypy/test/testcheck.py::TypeCheckSuite::check-final.test::testFinalOverridingVarMultipleInheritanceClass 
[gw1] [  2%] PASSED mypy/test/testcheck.py::TypeCheckSuite::check-isinstance.test::testIsinstanceMultiAnd 
mypy/test/testcheck.py::TypeCheckSuite::check-isinstance.test::testIsinstanceMultiAndSpecialCase 
[gw0] [  2%] PASSED mypy/test/testcheck.py::TypeCheckSuite::check-final.test::testFinalOverridingVarMultipleInheritanceClass 
mypy/test/testcheck.py::TypeCheckSuite::check-final.test::testFinalOverridingVarMultipleInheritanceInit 
[gw0] [  2%] PASSED mypy/test/testcheck.py::TypeCheckSuite::check-final.test::testFinalOverridingVarMultipleInheritanceInit 
mypy/test/testcheck.py::TypeCheckSuite::check-final.test::testFinalOverridingVarMultipleInheritanceMixed 
[gw1] [  2%] PASSED mypy/test/testcheck.py::TypeCheckSuite::check-isinstance.test::testIsinstanceMultiAndSpecialCase 
mypy/test/testcheck.py::TypeCheckSuite::check-isinstance.test::testReturnWithCallExprAndIsinstance 
[gw0] [  2%] PASSED mypy/test/testcheck.py::TypeCheckSuite::check-final.test::testFinalOverridingVarMultipleInheritanceMixed 
mypy/test/testcheck.py::TypeCheckSuite::check-final.test::testFinalOverridingVarWithMethod 
[gw1] [  2%] PASSED mypy/test/testcheck.py::TypeCheckSuite::check-isinstance.test::testReturnWithCallExprAndIsinstance 
mypy/test/testcheck.py::TypeCheckSuite::check-isinstance.test::testIsinstanceOr1 
[gw0] [  2%] PASSED mypy/test/testcheck.py::TypeCheckSuite::check-final.test::testFinalOverridingVarWithMethod 
mypy/test/testcheck.py::TypeCheckSuite::check-final.test::testFinalOverridingVarWithMethodClass 
[gw1] [  2%] PASSED mypy/test/testcheck.py::TypeCheckSuite::check-isinstance.test::testIsinstanceOr1 
mypy/test/testcheck.py::TypeCheckSuite::check-isinstance.test::testIsinstanceOr2 
[gw0] [  2%] PASSED mypy/test/testcheck.py::TypeCheckSuite::check-final.test::testFinalOverridingVarWithMethodClass 
mypy/test/testcheck.py::TypeCheckSuite::check-final.test::testFinalOverridingMethodRegular 
[gw0] [  2%] PASSED mypy/test/testcheck.py::TypeCheckSuite::check-final.test::testFinalOverridingMethodRegular 
[gw1] [  2%] PASSED mypy/test/testcheck.py::TypeCheckSuite::check-isinstance.test::testIsinstanceOr2 
mypy/test/testcheck.py::TypeCheckSuite::check-final.test::testFinalOverridingMethodInitNew 
mypy/test/testcheck.py::TypeCheckSuite::check-isinstance.test::testIsinstanceOr3 
[gw0] [  2%] PASSED mypy/test/testcheck.py::TypeCheckSuite::check-final.test::testFinalOverridingMethodInitNew 
mypy/test/testcheck.py::TypeCheckSuite::check-final.test::testFinalOverridingMethodWithVar 
[gw1] [  2%] PASSED mypy/test/testcheck.py::TypeCheckSuite::check-isinstance.test::testIsinstanceOr3 
mypy/test/testcheck.py::TypeCheckSuite::check-isinstance.test::testIsinstanceWithOverlappingUnionType 
[gw0] [  2%] PASSED mypy/test/testcheck.py::TypeCheckSuite::check-final.test::testFinalOverridingMethodWithVar 
mypy/test/testcheck.py::TypeCheckSuite::check-final.test::testFinalOverridingMethodWithVarImplicit 
[gw1] [  2%] PASSED mypy/test/testcheck.py::TypeCheckSuite::check-isinstance.test::testIsinstanceWithOverlappingUnionType 
mypy/test/testcheck.py::TypeCheckSuite::check-isinstance.test::testIsinstanceWithOverlappingUnionType2 
[gw0] [  2%] PASSED mypy/test/testcheck.py::TypeCheckSuite::check-final.test::testFinalOverridingMethodWithVarImplicit 
mypy/test/testcheck.py::TypeCheckSuite::check-final.test::testFinalCanOverrideMethodWithFinal 
[gw1] [  2%] PASSED mypy/test/testcheck.py::TypeCheckSuite::check-isinstance.test::testIsinstanceWithOverlappingUnionType2 
mypy/test/testcheck.py::TypeCheckSuite::check-isinstance.test::testIsinstanceWithOverlappingPromotionTypes 
[gw0] [  2%] PASSED mypy/test/testcheck.py::TypeCheckSuite::check-final.test::testFinalCanOverrideMethodWithFinal 
mypy/test/testcheck.py::TypeCheckSuite::check-final.test::testFinalOverridingMethodMultipleInheritance 
[gw1] [  2%] PASSED mypy/test/testcheck.py::TypeCheckSuite::check-isinstance.test::testIsinstanceWithOverlappingPromotionTypes 
mypy/test/testcheck.py::TypeCheckSuite::check-isinstance.test::testIsinstanceOfSuperclass 
[gw0] [  2%] PASSED mypy/test/testcheck.py::TypeCheckSuite::check-final.test::testFinalOverridingMethodMultipleInheritance 
mypy/test/testcheck.py::TypeCheckSuite::check-final.test::testFinalOverridingMethodMultipleInheritanceVar 
[gw1] [  2%] PASSED mypy/test/testcheck.py::TypeCheckSuite::check-isinstance.test::testIsinstanceOfSuperclass 
mypy/test/testcheck.py::TypeCheckSuite::check-isinstance.test::testIsinstanceOfNonoverlapping 
[gw0] [  2%] PASSED mypy/test/testcheck.py::TypeCheckSuite::check-final.test::testFinalOverridingMethodMultipleInheritanceVar 
mypy/test/testcheck.py::TypeCheckSuite::check-final.test::testFinalOverridingClassMethod 
[gw1] [  2%] PASSED mypy/test/testcheck.py::TypeCheckSuite::check-isinstance.test::testIsinstanceOfNonoverlapping 
mypy/test/testcheck.py::TypeCheckSuite::check-isinstance.test::testAssertIsinstance 
[gw0] [  2%] PASSED mypy/test/testcheck.py::TypeCheckSuite::check-final.test::testFinalOverridingClassMethod 
mypy/test/testcheck.py::TypeCheckSuite::check-final.test::testFinalOverridingStaticMethod 
[gw1] [  2%] PASSED mypy/test/testcheck.py::TypeCheckSuite::check-isinstance.test::testAssertIsinstance 
mypy/test/testcheck.py::TypeCheckSuite::check-isinstance.test::testUnionAssertIsinstance 
[gw0] [  2%] PASSED mypy/test/testcheck.py::TypeCheckSuite::check-final.test::testFinalOverridingStaticMethod 
mypy/test/testcheck.py::TypeCheckSuite::check-final.test::testFinalOverridingProperty 
[gw0] [  2%] PASSED mypy/test/testcheck.py::TypeCheckSuite::check-final.test::testFinalOverridingProperty 
[gw1] [  2%] PASSED mypy/test/testcheck.py::TypeCheckSuite::check-isinstance.test::testUnionAssertIsinstance 
mypy/test/testcheck.py::TypeCheckSuite::check-isinstance.test::testAnyAssertIsinstance 
mypy/test/testcheck.py::TypeCheckSuite::check-final.test::testFinalOverridingMethodOverloads 
[gw0] [  2%] PASSED mypy/test/testcheck.py::TypeCheckSuite::check-final.test::testFinalOverridingMethodOverloads 
[gw1] [  2%] PASSED mypy/test/testcheck.py::TypeCheckSuite::check-isinstance.test::testAnyAssertIsinstance 
mypy/test/testcheck.py::TypeCheckSuite::check-final.test::testFinalClassNoInheritance 
mypy/test/testcheck.py::TypeCheckSuite::check-isinstance.test::testIsinstanceOfGenericClassRetainsParameters 
[gw0] [  2%] PASSED mypy/test/testcheck.py::TypeCheckSuite::check-final.test::testFinalClassNoInheritance 
mypy/test/testcheck.py::TypeCheckSuite::check-final.test::testFinalClassNoInheritanceMulti 
[gw1] [  2%] PASSED mypy/test/testcheck.py::TypeCheckSuite::check-isinstance.test::testIsinstanceOfGenericClassRetainsParameters 
mypy/test/testcheck.py::TypeCheckSuite::check-isinstance.test::testIsinstanceOrIsinstance 
[gw0] [  2%] PASSED mypy/test/testcheck.py::TypeCheckSuite::check-final.test::testFinalClassNoInheritanceMulti 
mypy/test/testcheck.py::TypeCheckSuite::check-final.test::testFinalCantOverrideWriteable 
[gw1] [  2%] PASSED mypy/test/testcheck.py::TypeCheckSuite::check-isinstance.test::testIsinstanceOrIsinstance 
mypy/test/testcheck.py::TypeCheckSuite::check-isinstance.test::testComprehensionIsInstance 
[gw0] [  2%] PASSED mypy/test/testcheck.py::TypeCheckSuite::check-final.test::testFinalCantOverrideWriteable 
mypy/test/testcheck.py::TypeCheckSuite::check-final.test::testFinalCanUseTypingExtensions 
[gw1] [  2%] PASSED mypy/test/testcheck.py::TypeCheckSuite::check-isinstance.test::testComprehensionIsInstance 
mypy/test/testcheck.py::TypeCheckSuite::check-isinstance.test::testIsinstanceInWrongOrderInBooleanOp 
[gw0] [  2%] PASSED mypy/test/testcheck.py::TypeCheckSuite::check-final.test::testFinalCanUseTypingExtensions 
mypy/test/testcheck.py::TypeCheckSuite::check-final.test::testFinalCanUseTypingExtensionsAliased 
[gw1] [  2%] PASSED mypy/test/testcheck.py::TypeCheckSuite::check-isinstance.test::testIsinstanceInWrongOrderInBooleanOp 
mypy/test/testcheck.py::TypeCheckSuite::check-isinstance.test::testIsinstanceAndOr 
[gw1] [  2%] PASSED mypy/test/testcheck.py::TypeCheckSuite::check-isinstance.test::testIsinstanceAndOr 
mypy/test/testcheck.py::TypeCheckSuite::check-isinstance.test::testIsInstanceWithUnknownType 
[gw0] [  2%] PASSED mypy/test/testcheck.py::TypeCheckSuite::check-final.test::testFinalCanUseTypingExtensionsAliased 
mypy/test/testcheck.py::TypeCheckSuite::check-final.test::testFinalMultiassignAllowed 
[gw1] [  2%] PASSED mypy/test/testcheck.py::TypeCheckSuite::check-isinstance.test::testIsInstanceWithUnknownType 
mypy/test/testcheck.py::TypeCheckSuite::check-isinstance.test::testIsInstanceWithBoundedType 
[gw1] [  2%] PASSED mypy/test/testcheck.py::TypeCheckSuite::check-isinstance.test::testIsInstanceWithBoundedType 
mypy/test/testcheck.py::TypeCheckSuite::check-isinstance.test::testIsInstanceWithEmtpy2ndArg 
[gw0] [  2%] PASSED mypy/test/testcheck.py::TypeCheckSuite::check-final.test::testFinalMultiassignAllowed 
mypy/test/testcheck.py::TypeCheckSuite::check-final.test::testFinalInDeferredMethod 
[gw0] [  2%] PASSED mypy/test/testcheck.py::TypeCheckSuite::check-final.test::testFinalInDeferredMethod 
mypy/test/testcheck.py::TypeCheckSuite::check-final.test::testFinalUsedWithClassVar 
[gw0] [  2%] PASSED mypy/test/testcheck.py::TypeCheckSuite::check-final.test::testFinalUsedWithClassVar 
mypy/test/testcheck.py::TypeCheckSuite::check-final.test::testFinalClassWithAbstractMethod 
[gw1] [  2%] PASSED mypy/test/testcheck.py::TypeCheckSuite::check-isinstance.test::testIsInstanceWithEmtpy2ndArg 
mypy/test/testcheck.py::TypeCheckSuite::check-isinstance.test::testIsInstanceWithTypeObject 
[gw0] [  2%] PASSED mypy/test/testcheck.py::TypeCheckSuite::check-final.test::testFinalClassWithAbstractMethod 
mypy/test/testcheck.py::TypeCheckSuite::check-final.test::testFinalDefiningFuncWithAbstractMethod 
[gw0] [  2%] PASSED mypy/test/testcheck.py::TypeCheckSuite::check-final.test::testFinalDefiningFuncWithAbstractMethod 
mypy/test/testcheck.py::TypeCheckSuite::check-final.test::testFinalClassVariableRedefinitionDoesNotCrash 
[gw1] [  2%] PASSED mypy/test/testcheck.py::TypeCheckSuite::check-isinstance.test::testIsInstanceWithTypeObject 
mypy/test/testcheck.py::TypeCheckSuite::check-isinstance.test::testIssubclassUnreachable 
[gw0] [  2%] PASSED mypy/test/testcheck.py::TypeCheckSuite::check-final.test::testFinalClassVariableRedefinitionDoesNotCrash 
mypy/test/testcheck.py::TypeCheckSuite::check-singledispatch.test::testIncorrectDispatchArgumentWhenDoesntMatchFallback 
[gw1] [  2%] PASSED mypy/test/testcheck.py::TypeCheckSuite::check-isinstance.test::testIssubclassUnreachable 
mypy/test/testcheck.py::TypeCheckSuite::check-isinstance.test::testIssubclasDestructuringUnions1 
[gw1] [  2%] PASSED mypy/test/testcheck.py::TypeCheckSuite::check-isinstance.test::testIssubclasDestructuringUnions1 
mypy/test/testcheck.py::TypeCheckSuite::check-isinstance.test::testIssubclasDestructuringUnions2 
[gw1] [  2%] PASSED mypy/test/testcheck.py::TypeCheckSuite::check-isinstance.test::testIssubclasDestructuringUnions2 
mypy/test/testcheck.py::TypeCheckSuite::check-isinstance.test::testIssubclasDestructuringUnions3 
[gw1] [  2%] PASSED mypy/test/testcheck.py::TypeCheckSuite::check-isinstance.test::testIssubclasDestructuringUnions3 
mypy/test/testcheck.py::TypeCheckSuite::check-isinstance.test::testIssubclass 
[gw1] [  2%] PASSED mypy/test/testcheck.py::TypeCheckSuite::check-isinstance.test::testIssubclass 
mypy/test/testcheck.py::TypeCheckSuite::check-isinstance.test::testIssubclassDeepHierarchy 
[gw1] [  2%] PASSED mypy/test/testcheck.py::TypeCheckSuite::check-isinstance.test::testIssubclassDeepHierarchy 
mypy/test/testcheck.py::TypeCheckSuite::check-isinstance.test::testIssubclassTuple 
[gw1] [  3%] PASSED mypy/test/testcheck.py::TypeCheckSuite::check-isinstance.test::testIssubclassTuple 
mypy/test/testcheck.py::TypeCheckSuite::check-isinstance.test::testIssubclassBuiltins 
[gw1] [  3%] PASSED mypy/test/testcheck.py::TypeCheckSuite::check-isinstance.test::testIssubclassBuiltins 
mypy/test/testcheck.py::TypeCheckSuite::check-isinstance.test::testIsinstanceTypeArgs 
[gw1] [  3%] PASSED mypy/test/testcheck.py::TypeCheckSuite::check-isinstance.test::testIsinstanceTypeArgs 
mypy/test/testcheck.py::TypeCheckSuite::check-isinstance.test::testIsinstanceAnyAlias 
[gw1] [  3%] PASSED mypy/test/testcheck.py::TypeCheckSuite::check-isinstance.test::testIsinstanceAnyAlias 
mypy/test/testcheck.py::TypeCheckSuite::check-isinstance.test::testIsinstanceTypeArgsAliases 
[gw1] [  3%] PASSED mypy/test/testcheck.py::TypeCheckSuite::check-isinstance.test::testIsinstanceTypeArgsAliases 
mypy/test/testcheck.py::TypeCheckSuite::check-isinstance.test::testIssubclassTypeArgs 
[gw1] [  3%] PASSED mypy/test/testcheck.py::TypeCheckSuite::check-isinstance.test::testIssubclassTypeArgs 
mypy/test/testcheck.py::TypeCheckSuite::check-isinstance.test::testIssubclassWithMetaclasses 
[gw1] [  3%] PASSED mypy/test/testcheck.py::TypeCheckSuite::check-isinstance.test::testIssubclassWithMetaclasses 
mypy/test/testcheck.py::TypeCheckSuite::check-isinstance.test::testIssubclassWithMetaclassesStrictOptional 
[gw1] [  3%] PASSED mypy/test/testcheck.py::TypeCheckSuite::check-isinstance.test::testIssubclassWithMetaclassesStrictOptional 
mypy/test/testcheck.py::TypeCheckSuite::check-isinstance.test::testIsinstanceAndNarrowTypeVariable 
[gw1] [  3%] PASSED mypy/test/testcheck.py::TypeCheckSuite::check-isinstance.test::testIsinstanceAndNarrowTypeVariable 
mypy/test/testcheck.py::TypeCheckSuite::check-isinstance.test::testIsinstanceAndTypeType 
[gw1] [  3%] PASSED mypy/test/testcheck.py::TypeCheckSuite::check-isinstance.test::testIsinstanceAndTypeType 
mypy/test/testcheck.py::TypeCheckSuite::check-isinstance.test::testIsinstanceVariableSubstitution 
[gw1] [  3%] PASSED mypy/test/testcheck.py::TypeCheckSuite::check-isinstance.test::testIsinstanceVariableSubstitution 
mypy/test/testcheck.py::TypeCheckSuite::check-isinstance.test::testIsInstanceTooFewArgs 
[gw1] [  3%] PASSED mypy/test/testcheck.py::TypeCheckSuite::check-isinstance.test::testIsInstanceTooFewArgs 
mypy/test/testcheck.py::TypeCheckSuite::check-isinstance.test::testIsSubclassTooFewArgs 
[gw1] [  3%] PASSED mypy/test/testcheck.py::TypeCheckSuite::check-isinstance.test::testIsSubclassTooFewArgs 
mypy/test/testcheck.py::TypeCheckSuite::check-isinstance.test::testIsInstanceTooManyArgs 
[gw1] [  3%] PASSED mypy/test/testcheck.py::TypeCheckSuite::check-isinstance.test::testIsInstanceTooManyArgs 
mypy/test/testcheck.py::TypeCheckSuite::check-isinstance.test::testIsinstanceNarrowAny 
[gw1] [  3%] PASSED mypy/test/testcheck.py::TypeCheckSuite::check-isinstance.test::testIsinstanceNarrowAny 
mypy/test/testcheck.py::TypeCheckSuite::check-isinstance.test::testNarrowTypeAfterInList 
[gw1] [  3%] PASSED mypy/test/testcheck.py::TypeCheckSuite::check-isinstance.test::testNarrowTypeAfterInList 
mypy/test/testcheck.py::TypeCheckSuite::check-isinstance.test::testNarrowTypeAfterInListOfOptional 
[gw1] [  3%] PASSED mypy/test/testcheck.py::TypeCheckSuite::check-isinstance.test::testNarrowTypeAfterInListOfOptional 
mypy/test/testcheck.py::TypeCheckSuite::check-isinstance.test::testNarrowTypeAfterInListNonOverlapping 
[gw1] [  3%] PASSED mypy/test/testcheck.py::TypeCheckSuite::check-isinstance.test::testNarrowTypeAfterInListNonOverlapping 
mypy/test/testcheck.py::TypeCheckSuite::check-isinstance.test::testNarrowTypeAfterInListNested 
[gw1] [  3%] PASSED mypy/test/testcheck.py::TypeCheckSuite::check-isinstance.test::testNarrowTypeAfterInListNested 
[gw0] [  3%] PASSED mypy/test/testcheck.py::TypeCheckSuite::check-singledispatch.test::testIncorrectDispatchArgumentWhenDoesntMatchFallback 
mypy/test/testcheck.py::TypeCheckSuite::check-singledispatch.test::testMultipleUnderscoreFunctionsIsntError 
mypy/test/testcheck.py::TypeCheckSuite::check-isinstance.test::testNarrowTypeAfterInTuple 
[gw1] [  3%] PASSED mypy/test/testcheck.py::TypeCheckSuite::check-isinstance.test::testNarrowTypeAfterInTuple 
mypy/test/testcheck.py::TypeCheckSuite::check-isinstance.test::testNarrowTypeAfterInNamedTuple 
[gw1] [  3%] PASSED mypy/test/testcheck.py::TypeCheckSuite::check-isinstance.test::testNarrowTypeAfterInNamedTuple 
mypy/test/testcheck.py::TypeCheckSuite::check-isinstance.test::testNarrowTypeAfterInDict 
[gw1] [  3%] PASSED mypy/test/testcheck.py::TypeCheckSuite::check-isinstance.test::testNarrowTypeAfterInDict 
mypy/test/testcheck.py::TypeCheckSuite::check-isinstance.test::testNarrowTypeAfterInNoAnyOrObject 
[gw1] [  3%] PASSED mypy/test/testcheck.py::TypeCheckSuite::check-isinstance.test::testNarrowTypeAfterInNoAnyOrObject 
mypy/test/testcheck.py::TypeCheckSuite::check-isinstance.test::testNarrowTypeAfterInUserDefined 
[gw1] [  3%] PASSED mypy/test/testcheck.py::TypeCheckSuite::check-isinstance.test::testNarrowTypeAfterInUserDefined 
mypy/test/testcheck.py::TypeCheckSuite::check-isinstance.test::testNarrowTypeAfterInSet 
[gw1] [  3%] PASSED mypy/test/testcheck.py::TypeCheckSuite::check-isinstance.test::testNarrowTypeAfterInSet 
mypy/test/testcheck.py::TypeCheckSuite::check-isinstance.test::testNarrowTypeAfterInTypedDict 
[gw1] [  3%] PASSED mypy/test/testcheck.py::TypeCheckSuite::check-isinstance.test::testNarrowTypeAfterInTypedDict 
mypy/test/testcheck.py::TypeCheckSuite::check-isinstance.test::testIsinstanceWidensWithAnyArg 
[gw1] [  3%] PASSED mypy/test/testcheck.py::TypeCheckSuite::check-isinstance.test::testIsinstanceWidensWithAnyArg 
mypy/test/testcheck.py::TypeCheckSuite::check-isinstance.test::testIsinstanceWidensUnionWithAnyArg 
[gw1] [  3%] PASSED mypy/test/testcheck.py::TypeCheckSuite::check-isinstance.test::testIsinstanceWidensUnionWithAnyArg 
mypy/test/testcheck.py::TypeCheckSuite::check-isinstance.test::testIsinstanceIgnoredImport 
[gw1] [  3%] PASSED mypy/test/testcheck.py::TypeCheckSuite::check-isinstance.test::testIsinstanceIgnoredImport 
mypy/test/testcheck.py::TypeCheckSuite::check-isinstance.test::testIsinstanceIgnoredImportDualAny 
[gw1] [  3%] PASSED mypy/test/testcheck.py::TypeCheckSuite::check-isinstance.test::testIsinstanceIgnoredImportDualAny 
mypy/test/testcheck.py::TypeCheckSuite::check-isinstance.test::testIsInstanceInitialNoneCheckSkipsImpossibleCasesNoStrictOptional 
[gw1] [  3%] PASSED mypy/test/testcheck.py::TypeCheckSuite::check-isinstance.test::testIsInstanceInitialNoneCheckSkipsImpossibleCasesNoStrictOptional 
mypy/test/testcheck.py::TypeCheckSuite::check-isinstance.test::testIsInstanceInitialNoneCheckSkipsImpossibleCasesInNoStrictOptional 
[gw1] [  3%] PASSED mypy/test/testcheck.py::TypeCheckSuite::check-isinstance.test::testIsInstanceInitialNoneCheckSkipsImpossibleCasesInNoStrictOptional 
mypy/test/testcheck.py::TypeCheckSuite::check-isinstance.test::testNoneCheckDoesNotNarrowWhenUsingTypeVars 
[gw1] [  3%] PASSED mypy/test/testcheck.py::TypeCheckSuite::check-isinstance.test::testNoneCheckDoesNotNarrowWhenUsingTypeVars 
mypy/test/testcheck.py::TypeCheckSuite::check-isinstance.test::testNoneCheckDoesNotNarrowWhenUsingTypeVarsNoStrictOptional 
[gw1] [  3%] PASSED mypy/test/testcheck.py::TypeCheckSuite::check-isinstance.test::testNoneCheckDoesNotNarrowWhenUsingTypeVarsNoStrictOptional 
mypy/test/testcheck.py::TypeCheckSuite::check-isinstance.test::testNoneAndGenericTypesOverlapNoStrictOptional 
[gw1] [  3%] PASSED mypy/test/testcheck.py::TypeCheckSuite::check-isinstance.test::testNoneAndGenericTypesOverlapNoStrictOptional 
mypy/test/testcheck.py::TypeCheckSuite::check-isinstance.test::testNoneAndGenericTypesOverlapStrictOptional 
[gw1] [  3%] PASSED mypy/test/testcheck.py::TypeCheckSuite::check-isinstance.test::testNoneAndGenericTypesOverlapStrictOptional 
mypy/test/testcheck.py::TypeCheckSuite::check-isinstance.test::testIsInstanceWithStarExpression 
[gw1] [  3%] PASSED mypy/test/testcheck.py::TypeCheckSuite::check-isinstance.test::testIsInstanceWithStarExpression 
mypy/test/testcheck.py::TypeCheckSuite::check-isinstance.test::testIsInstanceWithStarExpressionAndVariable 
[gw1] [  3%] PASSED mypy/test/testcheck.py::TypeCheckSuite::check-isinstance.test::testIsInstanceWithStarExpressionAndVariable 
mypy/test/testcheck.py::TypeCheckSuite::check-isinstance.test::testIsInstanceWithWrongStarExpression 
[gw1] [  3%] PASSED mypy/test/testcheck.py::TypeCheckSuite::check-isinstance.test::testIsInstanceWithWrongStarExpression 
mypy/test/testcheck.py::TypeCheckSuite::check-isinstance.test::testIsInstanceAdHocIntersectionBasic 
[gw1] [  3%] PASSED mypy/test/testcheck.py::TypeCheckSuite::check-isinstance.test::testIsInstanceAdHocIntersectionBasic 
mypy/test/testcheck.py::TypeCheckSuite::check-isinstance.test::testIsInstanceAdHocIntersectionRepeatedChecks 
[gw1] [  3%] PASSED mypy/test/testcheck.py::TypeCheckSuite::check-isinstance.test::testIsInstanceAdHocIntersectionRepeatedChecks 
mypy/test/testcheck.py::TypeCheckSuite::check-isinstance.test::testIsInstanceAdHocIntersectionIncompatibleClasses 
[gw1] [  3%] PASSED mypy/test/testcheck.py::TypeCheckSuite::check-isinstance.test::testIsInstanceAdHocIntersectionIncompatibleClasses 
mypy/test/testcheck.py::TypeCheckSuite::check-isinstance.test::testIsInstanceAdHocIntersectionReversed 
[gw1] [  3%] PASSED mypy/test/testcheck.py::TypeCheckSuite::check-isinstance.test::testIsInstanceAdHocIntersectionReversed 
mypy/test/testcheck.py::TypeCheckSuite::check-isinstance.test::testIsInstanceAdHocIntersectionGenerics 
[gw1] [  3%] PASSED mypy/test/testcheck.py::TypeCheckSuite::check-isinstance.test::testIsInstanceAdHocIntersectionGenerics 
mypy/test/testcheck.py::TypeCheckSuite::check-isinstance.test::testIsInstanceAdHocIntersectionGenericsWithValues 
[gw1] [  3%] PASSED mypy/test/testcheck.py::TypeCheckSuite::check-isinstance.test::testIsInstanceAdHocIntersectionGenericsWithValues 
mypy/test/testcheck.py::TypeCheckSuite::check-isinstance.test::testIsInstanceAdHocIntersectionGenericsWithValuesDirectReturn 
[gw0] [  3%] PASSED mypy/test/testcheck.py::TypeCheckSuite::check-singledispatch.test::testMultipleUnderscoreFunctionsIsntError 
mypy/test/testcheck.py::TypeCheckSuite::check-singledispatch.test::testCheckNonDispatchArgumentsWithTypeAlwaysTheSame 
[gw1] [  3%] PASSED mypy/test/testcheck.py::TypeCheckSuite::check-isinstance.test::testIsInstanceAdHocIntersectionGenericsWithValuesDirectReturn 
mypy/test/testcheck.py::TypeCheckSuite::check-isinstance.test::testIsInstanceAdHocIntersectionUsage 
[gw1] [  3%] PASSED mypy/test/testcheck.py::TypeCheckSuite::check-isinstance.test::testIsInstanceAdHocIntersectionUsage 
mypy/test/testcheck.py::TypeCheckSuite::check-isinstance.test::testIsInstanceAdHocIntersectionReinfer 
[gw1] [  3%] PASSED mypy/test/testcheck.py::TypeCheckSuite::check-isinstance.test::testIsInstanceAdHocIntersectionReinfer 
mypy/test/testcheck.py::TypeCheckSuite::check-isinstance.test::testIsInstanceAdHocIntersectionWithUnions 
[gw1] [  3%] PASSED mypy/test/testcheck.py::TypeCheckSuite::check-isinstance.test::testIsInstanceAdHocIntersectionWithUnions 
mypy/test/testcheck.py::TypeCheckSuite::check-isinstance.test::testIsInstanceAdHocIntersectionSameNames 
[gw1] [  3%] PASSED mypy/test/testcheck.py::TypeCheckSuite::check-isinstance.test::testIsInstanceAdHocIntersectionSameNames 
mypy/test/testcheck.py::TypeCheckSuite::check-isinstance.test::testIsInstanceAdHocIntersectionBadMro 
[gw1] [  3%] PASSED mypy/test/testcheck.py::TypeCheckSuite::check-isinstance.test::testIsInstanceAdHocIntersectionBadMro 
mypy/test/testcheck.py::TypeCheckSuite::check-isinstance.test::testIsInstanceAdHocIntersectionAmbiguousClass 
[gw1] [  3%] PASSED mypy/test/testcheck.py::TypeCheckSuite::check-isinstance.test::testIsInstanceAdHocIntersectionAmbiguousClass 
mypy/test/testcheck.py::TypeCheckSuite::check-isinstance.test::testIsSubclassAdHocIntersection 
[gw1] [  3%] PASSED mypy/test/testcheck.py::TypeCheckSuite::check-isinstance.test::testIsSubclassAdHocIntersection 
mypy/test/testcheck.py::TypeCheckSuite::check-isinstance.test::testTypeEqualsCheck 
[gw1] [  3%] PASSED mypy/test/testcheck.py::TypeCheckSuite::check-isinstance.test::testTypeEqualsCheck 
mypy/test/testcheck.py::TypeCheckSuite::check-isinstance.test::testMultipleTypeEqualsCheck 
[gw1] [  3%] PASSED mypy/test/testcheck.py::TypeCheckSuite::check-isinstance.test::testMultipleTypeEqualsCheck 
mypy/test/testcheck.py::TypeCheckSuite::check-isinstance.test::testTypeEqualsCheckUsingIs 
[gw1] [  3%] PASSED mypy/test/testcheck.py::TypeCheckSuite::check-isinstance.test::testTypeEqualsCheckUsingIs 
mypy/test/testcheck.py::TypeCheckSuite::check-isinstance.test::testTypeEqualsNarrowingUnionWithElse 
[gw1] [  3%] PASSED mypy/test/testcheck.py::TypeCheckSuite::check-isinstance.test::testTypeEqualsNarrowingUnionWithElse 
mypy/test/testcheck.py::TypeCheckSuite::check-isinstance.test::testTypeEqualsMultipleTypesShouldntNarrow 
[gw1] [  3%] PASSED mypy/test/testcheck.py::TypeCheckSuite::check-isinstance.test::testTypeEqualsMultipleTypesShouldntNarrow 
mypy/test/testcheck.py::TypeCheckSuite::check-isinstance.test::testTypeNotEqualsCheck 
[gw1] [  3%] PASSED mypy/test/testcheck.py::TypeCheckSuite::check-isinstance.test::testTypeNotEqualsCheck 
mypy/test/testcheck.py::TypeCheckSuite::check-isinstance.test::testTypeNotEqualsCheckUsingIsNot 
[gw1] [  3%] PASSED mypy/test/testcheck.py::TypeCheckSuite::check-isinstance.test::testTypeNotEqualsCheckUsingIsNot 
mypy/test/testcheck.py::TypeCheckSuite::check-isinstance.test::testNarrowInElseCaseIfFinal 
[gw1] [  3%] PASSED mypy/test/testcheck.py::TypeCheckSuite::check-isinstance.test::testNarrowInElseCaseIfFinal 
mypy/test/testcheck.py::TypeCheckSuite::check-isinstance.test::testNarrowInIfCaseIfFinalUsingIsNot 
[gw1] [  3%] PASSED mypy/test/testcheck.py::TypeCheckSuite::check-isinstance.test::testNarrowInIfCaseIfFinalUsingIsNot 
mypy/test/testcheck.py::TypeCheckSuite::check-isinstance.test::testHasAttrExistingAttribute 
[gw1] [  3%] PASSED mypy/test/testcheck.py::TypeCheckSuite::check-isinstance.test::testHasAttrExistingAttribute 
mypy/test/testcheck.py::TypeCheckSuite::check-isinstance.test::testHasAttrMissingAttributeInstance 
[gw1] [  3%] PASSED mypy/test/testcheck.py::TypeCheckSuite::check-isinstance.test::testHasAttrMissingAttributeInstance 
mypy/test/testcheck.py::TypeCheckSuite::check-isinstance.test::testHasAttrMissingAttributeFunction 
[gw1] [  3%] PASSED mypy/test/testcheck.py::TypeCheckSuite::check-isinstance.test::testHasAttrMissingAttributeFunction 
mypy/test/testcheck.py::TypeCheckSuite::check-isinstance.test::testHasAttrMissingAttributeClassObject 
[gw1] [  3%] PASSED mypy/test/testcheck.py::TypeCheckSuite::check-isinstance.test::testHasAttrMissingAttributeClassObject 
mypy/test/testcheck.py::TypeCheckSuite::check-isinstance.test::testHasAttrMissingAttributeTypeType 
[gw1] [  3%] PASSED mypy/test/testcheck.py::TypeCheckSuite::check-isinstance.test::testHasAttrMissingAttributeTypeType 
mypy/test/testcheck.py::TypeCheckSuite::check-isinstance.test::testHasAttrMissingAttributeTypeVar 
[gw1] [  3%] PASSED mypy/test/testcheck.py::TypeCheckSuite::check-isinstance.test::testHasAttrMissingAttributeTypeVar 
mypy/test/testcheck.py::TypeCheckSuite::check-isinstance.test::testHasAttrMissingAttributeChained 
[gw1] [  3%] PASSED mypy/test/testcheck.py::TypeCheckSuite::check-isinstance.test::testHasAttrMissingAttributeChained 
mypy/test/testcheck.py::TypeCheckSuite::check-isinstance.test::testHasAttrMissingAttributeNested 
[gw1] [  3%] PASSED mypy/test/testcheck.py::TypeCheckSuite::check-isinstance.test::testHasAttrMissingAttributeNested 
mypy/test/testcheck.py::TypeCheckSuite::check-isinstance.test::testHasAttrPreciseType 
[gw1] [  3%] PASSED mypy/test/testcheck.py::TypeCheckSuite::check-isinstance.test::testHasAttrPreciseType 
mypy/test/testcheck.py::TypeCheckSuite::check-isinstance.test::testHasAttrMissingAttributeUnion 
[gw1] [  3%] PASSED mypy/test/testcheck.py::TypeCheckSuite::check-isinstance.test::testHasAttrMissingAttributeUnion 
mypy/test/testcheck.py::TypeCheckSuite::check-isinstance.test::testHasAttrMissingAttributeOuterUnion 
[gw1] [  3%] PASSED mypy/test/testcheck.py::TypeCheckSuite::check-isinstance.test::testHasAttrMissingAttributeOuterUnion 
mypy/test/testcheck.py::TypeCheckSuite::check-isinstance.test::testHasAttrDoesntInterfereGetAttr 
[gw1] [  3%] PASSED mypy/test/testcheck.py::TypeCheckSuite::check-isinstance.test::testHasAttrDoesntInterfereGetAttr 
mypy/test/testcheck.py::TypeCheckSuite::check-isinstance.test::testHasAttrMissingAttributeLiteral 
[gw1] [  3%] PASSED mypy/test/testcheck.py::TypeCheckSuite::check-isinstance.test::testHasAttrMissingAttributeLiteral 
mypy/test/testcheck.py::TypeCheckSuite::check-isinstance.test::testHasAttrDeferred 
[gw1] [  3%] PASSED mypy/test/testcheck.py::TypeCheckSuite::check-isinstance.test::testHasAttrDeferred 
mypy/test/testcheck.py::TypeCheckSuite::check-isinstance.test::testHasAttrModule 
[gw1] [  3%] PASSED mypy/test/testcheck.py::TypeCheckSuite::check-isinstance.test::testHasAttrModule 
mypy/test/testcheck.py::TypeCheckSuite::check-isinstance.test::testHasAttrDoesntInterfereModuleGetAttr 
[gw1] [  3%] PASSED mypy/test/testcheck.py::TypeCheckSuite::check-isinstance.test::testHasAttrDoesntInterfereModuleGetAttr 
mypy/test/testcheck.py::TypeCheckSuite::check-redefine.test::testRedefineLocalWithDifferentType 
[gw1] [  3%] PASSED mypy/test/testcheck.py::TypeCheckSuite::check-redefine.test::testRedefineLocalWithDifferentType 
mypy/test/testcheck.py::TypeCheckSuite::check-redefine.test::testCannotConditionallyRedefineLocalWithDifferentType 
[gw1] [  3%] PASSED mypy/test/testcheck.py::TypeCheckSuite::check-redefine.test::testCannotConditionallyRedefineLocalWithDifferentType 
mypy/test/testcheck.py::TypeCheckSuite::check-redefine.test::testRedefineFunctionArg 
[gw1] [  3%] PASSED mypy/test/testcheck.py::TypeCheckSuite::check-redefine.test::testRedefineFunctionArg 
mypy/test/testcheck.py::TypeCheckSuite::check-redefine.test::testRedefineAnnotationOnly 
[gw1] [  3%] PASSED mypy/test/testcheck.py::TypeCheckSuite::check-redefine.test::testRedefineAnnotationOnly 
mypy/test/testcheck.py::TypeCheckSuite::check-redefine.test::testRedefineLocalUsingOldValue 
[gw1] [  3%] PASSED mypy/test/testcheck.py::TypeCheckSuite::check-redefine.test::testRedefineLocalUsingOldValue 
mypy/test/testcheck.py::TypeCheckSuite::check-redefine.test::testRedefineLocalForLoopIndexVariable 
[gw0] [  3%] PASSED mypy/test/testcheck.py::TypeCheckSuite::check-singledispatch.test::testCheckNonDispatchArgumentsWithTypeAlwaysTheSame 
mypy/test/testcheck.py::TypeCheckSuite::check-singledispatch.test::testImplementationHasSameDispatchTypeAsFallback 
[gw1] [  3%] PASSED mypy/test/testcheck.py::TypeCheckSuite::check-redefine.test::testRedefineLocalForLoopIndexVariable 
mypy/test/testcheck.py::TypeCheckSuite::check-redefine.test::testCannotRedefineLocalWithinTry 
[gw1] [  3%] PASSED mypy/test/testcheck.py::TypeCheckSuite::check-redefine.test::testCannotRedefineLocalWithinTry 
mypy/test/testcheck.py::TypeCheckSuite::check-redefine.test::testRedefineLocalWithinWith 
[gw1] [  3%] PASSED mypy/test/testcheck.py::TypeCheckSuite::check-redefine.test::testRedefineLocalWithinWith 
mypy/test/testcheck.py::TypeCheckSuite::check-redefine.test::testCannotRedefineAcrossNestedFunction 
[gw1] [  3%] PASSED mypy/test/testcheck.py::TypeCheckSuite::check-redefine.test::testCannotRedefineAcrossNestedFunction 
mypy/test/testcheck.py::TypeCheckSuite::check-redefine.test::testCannotRedefineAcrossNestedDecoratedFunction 
[gw1] [  3%] PASSED mypy/test/testcheck.py::TypeCheckSuite::check-redefine.test::testCannotRedefineAcrossNestedDecoratedFunction 
mypy/test/testcheck.py::TypeCheckSuite::check-redefine.test::testCannotRedefineAcrossNestedOverloadedFunction 
[gw1] [  3%] PASSED mypy/test/testcheck.py::TypeCheckSuite::check-redefine.test::testCannotRedefineAcrossNestedOverloadedFunction 
mypy/test/testcheck.py::TypeCheckSuite::check-redefine.test::testRedefineLocalInMultipleAssignment 
[gw1] [  3%] PASSED mypy/test/testcheck.py::TypeCheckSuite::check-redefine.test::testRedefineLocalInMultipleAssignment 
mypy/test/testcheck.py::TypeCheckSuite::check-redefine.test::testRedefineUnderscore 
[gw1] [  3%] PASSED mypy/test/testcheck.py::TypeCheckSuite::check-redefine.test::testRedefineUnderscore 
mypy/test/testcheck.py::TypeCheckSuite::check-redefine.test::testRedefineWithBreakAndContinue 
[gw1] [  3%] PASSED mypy/test/testcheck.py::TypeCheckSuite::check-redefine.test::testRedefineWithBreakAndContinue 
mypy/test/testcheck.py::TypeCheckSuite::check-redefine.test::testRedefineLocalAndNestedLoops 
[gw1] [  3%] PASSED mypy/test/testcheck.py::TypeCheckSuite::check-redefine.test::testRedefineLocalAndNestedLoops 
mypy/test/testcheck.py::TypeCheckSuite::check-redefine.test::testCannotRedefineVarAsFunction 
[gw1] [  3%] PASSED mypy/test/testcheck.py::TypeCheckSuite::check-redefine.test::testCannotRedefineVarAsFunction 
mypy/test/testcheck.py::TypeCheckSuite::check-redefine.test::testCannotRedefineVarAsClass 
[gw1] [  3%] PASSED mypy/test/testcheck.py::TypeCheckSuite::check-redefine.test::testCannotRedefineVarAsClass 
mypy/test/testcheck.py::TypeCheckSuite::check-redefine.test::testRedefineVarAsTypeVar 
[gw1] [  3%] PASSED mypy/test/testcheck.py::TypeCheckSuite::check-redefine.test::testRedefineVarAsTypeVar 
mypy/test/testcheck.py::TypeCheckSuite::check-redefine.test::testCannotRedefineVarAsModule 
[gw1] [  3%] PASSED mypy/test/testcheck.py::TypeCheckSuite::check-redefine.test::testCannotRedefineVarAsModule 
mypy/test/testcheck.py::TypeCheckSuite::check-redefine.test::testRedefineLocalWithTypeAnnotation 
[gw1] [  3%] PASSED mypy/test/testcheck.py::TypeCheckSuite::check-redefine.test::testRedefineLocalWithTypeAnnotation 
mypy/test/testcheck.py::TypeCheckSuite::check-redefine.test::testRedefineLocalWithTypeAnnotationSpecialCases 
[gw1] [  3%] PASSED mypy/test/testcheck.py::TypeCheckSuite::check-redefine.test::testRedefineLocalWithTypeAnnotationSpecialCases 
mypy/test/testcheck.py::TypeCheckSuite::check-redefine.test::testCannotRedefineSelf 
[gw1] [  3%] PASSED mypy/test/testcheck.py::TypeCheckSuite::check-redefine.test::testCannotRedefineSelf 
mypy/test/testcheck.py::TypeCheckSuite::check-redefine.test::testRedefineGlobalWithDifferentType 
[gw1] [  3%] PASSED mypy/test/testcheck.py::TypeCheckSuite::check-redefine.test::testRedefineGlobalWithDifferentType 
mypy/test/testcheck.py::TypeCheckSuite::check-redefine.test::testRedefineGlobalForIndex 
[gw1] [  3%] PASSED mypy/test/testcheck.py::TypeCheckSuite::check-redefine.test::testRedefineGlobalForIndex 
mypy/test/testcheck.py::TypeCheckSuite::check-redefine.test::testRedefineGlobalBasedOnPreviousValues 
[gw1] [  3%] PASSED mypy/test/testcheck.py::TypeCheckSuite::check-redefine.test::testRedefineGlobalBasedOnPreviousValues 
mypy/test/testcheck.py::TypeCheckSuite::check-redefine.test::testRedefineGlobalWithSeparateDeclaration 
[gw1] [  3%] PASSED mypy/test/testcheck.py::TypeCheckSuite::check-redefine.test::testRedefineGlobalWithSeparateDeclaration 
mypy/test/testcheck.py::TypeCheckSuite::check-redefine.test::testRedefineGlobalUsingForLoop 
[gw1] [  3%] PASSED mypy/test/testcheck.py::TypeCheckSuite::check-redefine.test::testRedefineGlobalUsingForLoop 
mypy/test/testcheck.py::TypeCheckSuite::check-redefine.test::testNoRedefinitionIfOnlyInitialized 
[gw1] [  4%] PASSED mypy/test/testcheck.py::TypeCheckSuite::check-redefine.test::testNoRedefinitionIfOnlyInitialized 
mypy/test/testcheck.py::TypeCheckSuite::check-redefine.test::testNoRedefinitionIfNoValueAssigned 
[gw1] [  4%] PASSED mypy/test/testcheck.py::TypeCheckSuite::check-redefine.test::testNoRedefinitionIfNoValueAssigned 
mypy/test/testcheck.py::TypeCheckSuite::check-redefine.test::testNoRedefinitionIfExplicitlyDisallowed 
[gw1] [  4%] PASSED mypy/test/testcheck.py::TypeCheckSuite::check-redefine.test::testNoRedefinitionIfExplicitlyDisallowed 
mypy/test/testcheck.py::TypeCheckSuite::check-redefine.test::testRedefineAsException 
[gw1] [  4%] PASSED mypy/test/testcheck.py::TypeCheckSuite::check-redefine.test::testRedefineAsException 
mypy/test/testcheck.py::TypeCheckSuite::check-redefine.test::testRedefineUsingWithStatement 
[gw1] [  4%] PASSED mypy/test/testcheck.py::TypeCheckSuite::check-redefine.test::testRedefineUsingWithStatement 
mypy/test/testcheck.py::TypeCheckSuite::check-redefine.test::testRedefineModuleAsException 
[gw1] [  4%] PASSED mypy/test/testcheck.py::TypeCheckSuite::check-redefine.test::testRedefineModuleAsException 
mypy/test/testcheck.py::TypeCheckSuite::check-redefine.test::testRedefiningUnderscoreFunctionIsntAnError 
[gw1] [  4%] PASSED mypy/test/testcheck.py::TypeCheckSuite::check-redefine.test::testRedefiningUnderscoreFunctionIsntAnError 
mypy/test/testcheck.py::TypeCheckSuite::check-redefine.test::testTypeErrorsInUnderscoreFunctionsReported 
[gw1] [  4%] PASSED mypy/test/testcheck.py::TypeCheckSuite::check-redefine.test::testTypeErrorsInUnderscoreFunctionsReported 
mypy/test/testcheck.py::TypeCheckSuite::check-redefine.test::testCallingUnderscoreFunctionIsNotAllowed 
[gw1] [  4%] SKIPPED mypy/test/testcheck.py::TypeCheckSuite::check-redefine.test::testCallingUnderscoreFunctionIsNotAllowed 
mypy/test/testcheck.py::TypeCheckSuite::check-redefine.test::testFunctionStillTypeCheckedWhenAliasedAsUnderscoreDuringImport 
[gw1] [  4%] PASSED mypy/test/testcheck.py::TypeCheckSuite::check-redefine.test::testFunctionStillTypeCheckedWhenAliasedAsUnderscoreDuringImport 
mypy/test/testcheck.py::TypeCheckSuite::check-redefine.test::testCallToFunctionStillTypeCheckedWhenAssignedToUnderscoreVariable 
[gw1] [  4%] PASSED mypy/test/testcheck.py::TypeCheckSuite::check-redefine.test::testCallToFunctionStillTypeCheckedWhenAssignedToUnderscoreVariable 
mypy/test/testcheck.py::TypeCheckSuite::check-redefine.test::testRedefiningUnderscoreFunctionWithDecoratorWithUnderscoreFunctionsNextToEachOther 
[gw1] [  4%] PASSED mypy/test/testcheck.py::TypeCheckSuite::check-redefine.test::testRedefiningUnderscoreFunctionWithDecoratorWithUnderscoreFunctionsNextToEachOther 
mypy/test/testcheck.py::TypeCheckSuite::check-redefine.test::testRedefiningUnderscoreFunctionWithDecoratorInDifferentPlaces 
[gw1] [  4%] PASSED mypy/test/testcheck.py::TypeCheckSuite::check-redefine.test::testRedefiningUnderscoreFunctionWithDecoratorInDifferentPlaces 
mypy/test/testcheck.py::TypeCheckSuite::check-redefine.test::testOverwritingImportedFunctionThatWasAliasedAsUnderscore 
[gw1] [  4%] PASSED mypy/test/testcheck.py::TypeCheckSuite::check-redefine.test::testOverwritingImportedFunctionThatWasAliasedAsUnderscore 
mypy/test/testcheck.py::TypeCheckSuite::check-dynamic-typing.test::testAssignmentWithDynamic 
[gw1] [  4%] PASSED mypy/test/testcheck.py::TypeCheckSuite::check-dynamic-typing.test::testAssignmentWithDynamic 
mypy/test/testcheck.py::TypeCheckSuite::check-dynamic-typing.test::testMultipleAssignmentWithDynamic 
[gw1] [  4%] PASSED mypy/test/testcheck.py::TypeCheckSuite::check-dynamic-typing.test::testMultipleAssignmentWithDynamic 
mypy/test/testcheck.py::TypeCheckSuite::check-dynamic-typing.test::testCallingFunctionWithDynamicArgumentTypes 
INTERNALERROR> def worker_internal_error(self, node, formatted_error):
INTERNALERROR>         """
INTERNALERROR>         pytest_internalerror() was called on the worker.
INTERNALERROR>     
INTERNALERROR>         pytest_internalerror() arguments are an excinfo and an excrepr, which can't
INTERNALERROR>         be serialized, so we go with a poor man's solution of raising an exception
INTERNALERROR>         here ourselves using the formatted message.
INTERNALERROR>         """
INTERNALERROR>         self._active_nodes.remove(node)
INTERNALERROR>         try:
INTERNALERROR> >           assert False, formatted_error
INTERNALERROR> E           AssertionError: Traceback (most recent call last):
INTERNALERROR> E               File "/workdir/mypy-0.991/.tox/cpythonlibtest-unit-test-tests/lib/python3.10/site-packages/_pytest/main.py", line 271, in wrap_session
INTERNALERROR> E                 session.exitstatus = doit(config, session) or 0
INTERNALERROR> E               File "/workdir/mypy-0.991/.tox/cpythonlibtest-unit-test-tests/lib/python3.10/site-packages/_pytest/main.py", line 325, in _main
INTERNALERROR> E                 config.hook.pytest_runtestloop(session=session)
INTERNALERROR> E               File "/workdir/mypy-0.991/.tox/cpythonlibtest-unit-test-tests/lib/python3.10/site-packages/pluggy/_hooks.py", line 493, in __call__
INTERNALERROR> E                 return self._hookexec(self.name, self._hookimpls, kwargs, firstresult)
INTERNALERROR> E               File "/workdir/mypy-0.991/.tox/cpythonlibtest-unit-test-tests/lib/python3.10/site-packages/pluggy/_manager.py", line 115, in _hookexec
INTERNALERROR> E                 return self._inner_hookexec(hook_name, methods, kwargs, firstresult)
INTERNALERROR> E               File "/workdir/mypy-0.991/.tox/cpythonlibtest-unit-test-tests/lib/python3.10/site-packages/pluggy/_callers.py", line 152, in _multicall
INTERNALERROR> E                 return outcome.get_result()
INTERNALERROR> E               File "/workdir/mypy-0.991/.tox/cpythonlibtest-unit-test-tests/lib/python3.10/site-packages/pluggy/_result.py", line 114, in get_result
INTERNALERROR> E                 raise exc.with_traceback(exc.__traceback__)
INTERNALERROR> E               File "/workdir/mypy-0.991/.tox/cpythonlibtest-unit-test-tests/lib/python3.10/site-packages/pluggy/_callers.py", line 77, in _multicall
INTERNALERROR> E                 res = hook_impl.function(*args)
INTERNALERROR> E               File "/workdir/mypy-0.991/.tox/cpythonlibtest-unit-test-tests/lib/python3.10/site-packages/xdist/remote.py", line 157, in pytest_runtestloop
INTERNALERROR> E                 self.run_one_test()
INTERNALERROR> E               File "/workdir/mypy-0.991/.tox/cpythonlibtest-unit-test-tests/lib/python3.10/site-packages/xdist/remote.py", line 174, in run_one_test
INTERNALERROR> E                 self.config.hook.pytest_runtest_protocol(item=item, nextitem=nextitem)
INTERNALERROR> E               File "/workdir/mypy-0.991/.tox/cpythonlibtest-unit-test-tests/lib/python3.10/site-packages/pluggy/_hooks.py", line 493, in __call__
INTERNALERROR> E                 return self._hookexec(self.name, self._hookimpls, kwargs, firstresult)
INTERNALERROR> E               File "/workdir/mypy-0.991/.tox/cpythonlibtest-unit-test-tests/lib/python3.10/site-packages/pluggy/_manager.py", line 115, in _hookexec
INTERNALERROR> E                 return self._inner_hookexec(hook_name, methods, kwargs, firstresult)
INTERNALERROR> E               File "/workdir/mypy-0.991/.tox/cpythonlibtest-unit-test-tests/lib/python3.10/site-packages/pluggy/_callers.py", line 152, in _multicall
INTERNALERROR> E                 return outcome.get_result()
INTERNALERROR> E               File "/workdir/mypy-0.991/.tox/cpythonlibtest-unit-test-tests/lib/python3.10/site-packages/pluggy/_result.py", line 114, in get_result
INTERNALERROR> E                 raise exc.with_traceback(exc.__traceback__)
INTERNALERROR> E               File "/workdir/mypy-0.991/.tox/cpythonlibtest-unit-test-tests/lib/python3.10/site-packages/pluggy/_callers.py", line 77, in _multicall
INTERNALERROR> E                 res = hook_impl.function(*args)
INTERNALERROR> E               File "/workdir/mypy-0.991/.tox/cpythonlibtest-unit-test-tests/lib/python3.10/site-packages/_pytest/runner.py", line 114, in pytest_runtest_protocol
INTERNALERROR> E                 runtestprotocol(item, nextitem=nextitem)
INTERNALERROR> E               File "/workdir/mypy-0.991/.tox/cpythonlibtest-unit-test-tests/lib/python3.10/site-packages/_pytest/runner.py", line 133, in runtestprotocol
INTERNALERROR> E                 reports.append(call_and_report(item, "call", log))
INTERNALERROR> E               File "/workdir/mypy-0.991/.tox/cpythonlibtest-unit-test-tests/lib/python3.10/site-packages/_pytest/runner.py", line 224, in call_and_report
INTERNALERROR> E                 report: TestReport = hook.pytest_runtest_makereport(item=item, call=call)
INTERNALERROR> E               File "/workdir/mypy-0.991/.tox/cpythonlibtest-unit-test-tests/lib/python3.10/site-packages/pluggy/_hooks.py", line 493, in __call__
INTERNALERROR> E                 return self._hookexec(self.name, self._hookimpls, kwargs, firstresult)
INTERNALERROR> E               File "/workdir/mypy-0.991/.tox/cpythonlibtest-unit-test-tests/lib/python3.10/site-packages/pluggy/_manager.py", line 115, in _hookexec
INTERNALERROR> E                 return self._inner_hookexec(hook_name, methods, kwargs, firstresult)
INTERNALERROR> E               File "/workdir/mypy-0.991/.tox/cpythonlibtest-unit-test-tests/lib/python3.10/site-packages/pluggy/_callers.py", line 130, in _multicall
INTERNALERROR> E                 teardown[0].send(outcome)
INTERNALERROR> E               File "/workdir/mypy-0.991/.tox/cpythonlibtest-unit-test-tests/lib/python3.10/site-packages/_pytest/skipping.py", line 266, in pytest_runtest_makereport
INTERNALERROR> E                 rep = outcome.get_result()
INTERNALERROR> E               File "/workdir/mypy-0.991/.tox/cpythonlibtest-unit-test-tests/lib/python3.10/site-packages/pluggy/_result.py", line 114, in get_result
INTERNALERROR> E                 raise exc.with_traceback(exc.__traceback__)
INTERNALERROR> E               File "/workdir/mypy-0.991/.tox/cpythonlibtest-unit-test-tests/lib/python3.10/site-packages/pluggy/_callers.py", line 77, in _multicall
INTERNALERROR> E                 res = hook_impl.function(*args)
INTERNALERROR> E               File "/workdir/mypy-0.991/.tox/cpythonlibtest-unit-test-tests/lib/python3.10/site-packages/_pytest/runner.py", line 368, in pytest_runtest_makereport
INTERNALERROR> E                 return TestReport.from_item_and_call(item, call)
INTERNALERROR> E               File "/workdir/mypy-0.991/.tox/cpythonlibtest-unit-test-tests/lib/python3.10/site-packages/_pytest/reports.py", line 362, in from_item_and_call
INTERNALERROR> E                 longrepr = item.repr_failure(excinfo)
INTERNALERROR> E               File "/workdir/mypy-0.991/mypy/test/data.py", line 357, in repr_failure
INTERNALERROR> E                 self.parent._prunetraceback(excinfo)
INTERNALERROR> E             AttributeError: 'DataFileCollector' object has no attribute '_prunetraceback'
INTERNALERROR> E           assert False
INTERNALERROR> 
INTERNALERROR> .tox/cpythonlibtest-unit-test-tests/lib/python3.10/site-packages/xdist/dsession.py:200: AssertionError
INTERNALERROR> Traceback (most recent call last):
INTERNALERROR>   File "/workdir/mypy-0.991/.tox/cpythonlibtest-unit-test-tests/lib/python3.10/site-packages/_pytest/main.py", line 271, in wrap_session
INTERNALERROR>     session.exitstatus = doit(config, session) or 0
INTERNALERROR>   File "/workdir/mypy-0.991/.tox/cpythonlibtest-unit-test-tests/lib/python3.10/site-packages/_pytest/main.py", line 325, in _main
INTERNALERROR>     config.hook.pytest_runtestloop(session=session)
INTERNALERROR>   File "/workdir/mypy-0.991/.tox/cpythonlibtest-unit-test-tests/lib/python3.10/site-packages/pluggy/_hooks.py", line 493, in __call__
INTERNALERROR>     return self._hookexec(self.name, self._hookimpls, kwargs, firstresult)
INTERNALERROR>   File "/workdir/mypy-0.991/.tox/cpythonlibtest-unit-test-tests/lib/python3.10/site-packages/pluggy/_manager.py", line 115, in _hookexec
INTERNALERROR>     return self._inner_hookexec(hook_name, methods, kwargs, firstresult)
INTERNALERROR>   File "/workdir/mypy-0.991/.tox/cpythonlibtest-unit-test-tests/lib/python3.10/site-packages/pluggy/_callers.py", line 152, in _multicall
INTERNALERROR>     return outcome.get_result()
INTERNALERROR>   File "/workdir/mypy-0.991/.tox/cpythonlibtest-unit-test-tests/lib/python3.10/site-packages/pluggy/_result.py", line 114, in get_result
INTERNALERROR>     raise exc.with_traceback(exc.__traceback__)
INTERNALERROR>   File "/workdir/mypy-0.991/.tox/cpythonlibtest-unit-test-tests/lib/python3.10/site-packages/pluggy/_callers.py", line 77, in _multicall
INTERNALERROR>     res = hook_impl.function(*args)
INTERNALERROR>   File "/workdir/mypy-0.991/.tox/cpythonlibtest-unit-test-tests/lib/python3.10/site-packages/xdist/dsession.py", line 123, in pytest_runtestloop
INTERNALERROR>     self.loop_once()
INTERNALERROR>   File "/workdir/mypy-0.991/.tox/cpythonlibtest-unit-test-tests/lib/python3.10/site-packages/xdist/dsession.py", line 148, in loop_once
INTERNALERROR>     call(**kwargs)
INTERNALERROR>   File "/workdir/mypy-0.991/.tox/cpythonlibtest-unit-test-tests/lib/python3.10/site-packages/xdist/dsession.py", line 187, in worker_workerfinished
INTERNALERROR>     assert not crashitem, (crashitem, node)
INTERNALERROR> AssertionError: ('mypy/test/testcheck.py::TypeCheckSuite::check-singledispatch.test::testImplementationHasSameDispatchTypeAsFallback', <WorkerController gw0>)
INTERNALERROR> assert not 'mypy/test/testcheck.py::TypeCheckSuite::check-singledispatch.test::testImplementationHasSameDispatchTypeAsFallback'

======================= 446 passed, 1 skipped in 19.36s ========================
ERROR: InvocationError for command /workdir/mypy-0.991/.tox/cpythonlibtest-unit-test-tests/bin/pytest -v --tb=native --junitxml /workdir/results/mypy/0.991/1/cpython-test-results.xml (exited with code 3)
___________________________________ summary ____________________________________
ERROR:   cpythonlibtest-unit-test-tests: commands failed
