<?xml version="1.0" encoding="utf-8"?><testsuites><testsuite name="pytest" errors="7" failures="0" skipped="0" tests="7" time="0.350" timestamp="2023-11-21T04:30:30.524928" hostname="b80581c01e0f"><testcase classname="" name="tests.test_einsum" time="0.000"><error message="collection failure">ImportError while importing test module '/workdir/einops-0.6.0/tests/test_einsum.py'.
Hint: make sure your test modules/packages have valid Python names.
Traceback:
/usr/local/lib/python3.10/importlib/__init__.py:126: in import_module
    return _bootstrap._gcd_import(name[level:], package, level)
tests/test_einsum.py:5: in &lt;module&gt;
    import numpy as np
E   ModuleNotFoundError: No module named 'numpy'</error></testcase><testcase classname="" name="tests.test_examples" time="0.000"><error message="collection failure">ImportError while importing test module '/workdir/einops-0.6.0/tests/test_examples.py'.
Hint: make sure your test modules/packages have valid Python names.
Traceback:
/usr/local/lib/python3.10/importlib/__init__.py:126: in import_module
    return _bootstrap._gcd_import(name[level:], package, level)
tests/test_examples.py:1: in &lt;module&gt;
    import numpy
E   ModuleNotFoundError: No module named 'numpy'</error></testcase><testcase classname="" name="tests.test_layers" time="0.000"><error message="collection failure">ImportError while importing test module '/workdir/einops-0.6.0/tests/test_layers.py'.
Hint: make sure your test modules/packages have valid Python names.
Traceback:
/usr/local/lib/python3.10/importlib/__init__.py:126: in import_module
    return _bootstrap._gcd_import(name[level:], package, level)
tests/test_layers.py:5: in &lt;module&gt;
    import numpy
E   ModuleNotFoundError: No module named 'numpy'</error></testcase><testcase classname="" name="tests.test_notebooks" time="0.000"><error message="collection failure">ImportError while importing test module '/workdir/einops-0.6.0/tests/test_notebooks.py'.
Hint: make sure your test modules/packages have valid Python names.
Traceback:
/usr/local/lib/python3.10/importlib/__init__.py:126: in import_module
    return _bootstrap._gcd_import(name[level:], package, level)
tests/test_notebooks.py:10: in &lt;module&gt;
    import nbformat
E   ModuleNotFoundError: No module named 'nbformat'</error></testcase><testcase classname="" name="tests.test_ops" time="0.000"><error message="collection failure">ImportError while importing test module '/workdir/einops-0.6.0/tests/test_ops.py'.
Hint: make sure your test modules/packages have valid Python names.
Traceback:
/usr/local/lib/python3.10/importlib/__init__.py:126: in import_module
    return _bootstrap._gcd_import(name[level:], package, level)
tests/test_ops.py:3: in &lt;module&gt;
    import numpy
E   ModuleNotFoundError: No module named 'numpy'</error></testcase><testcase classname="" name="tests.test_other" time="0.000"><error message="collection failure">ImportError while importing test module '/workdir/einops-0.6.0/tests/test_other.py'.
Hint: make sure your test modules/packages have valid Python names.
Traceback:
/usr/local/lib/python3.10/importlib/__init__.py:126: in import_module
    return _bootstrap._gcd_import(name[level:], package, level)
tests/test_other.py:6: in &lt;module&gt;
    import numpy
E   ModuleNotFoundError: No module named 'numpy'</error></testcase><testcase classname="" name="tests.test_packing" time="0.000"><error message="collection failure">ImportError while importing test module '/workdir/einops-0.6.0/tests/test_packing.py'.
Hint: make sure your test modules/packages have valid Python names.
Traceback:
/usr/local/lib/python3.10/importlib/__init__.py:126: in import_module
    return _bootstrap._gcd_import(name[level:], package, level)
tests/test_packing.py:4: in &lt;module&gt;
    import numpy as np
E   ModuleNotFoundError: No module named 'numpy'</error></testcase></testsuite></testsuites>