GLOB sdist-make: /workdir/pytest-sugar-0.9.6/setup.py
graalpylibtest-unit-test-tests create: /workdir/pytest-sugar-0.9.6/.tox/graalpylibtest-unit-test-tests
graalpylibtest-unit-test-tests installdeps: mock, pytest
graalpylibtest-unit-test-tests inst: /workdir/pytest-sugar-0.9.6/.tox/.tmp/package/1/pytest-sugar-0.9.6.zip
graalpylibtest-unit-test-tests installed: exceptiongroup==1.2.0,graalpy-virtualenv==0.0.1,hpy==0.9.0rc2,iniconfig==2.0.0,mock==5.1.0,packaging==23.2,pluggy==1.3.0,pytest==7.4.3,pytest-sugar @ file:///workdir/pytest-sugar-0.9.6/.tox/.tmp/package/1/pytest-sugar-0.9.6.zip,termcolor==2.3.0,tomli==2.0.1
graalpylibtest-unit-test-tests run-test-pre: PYTHONHASHSEED='4032462709'
graalpylibtest-unit-test-tests run-test: commands[0] | pytest -v --tb=native --junitxml /workdir/results/pytest-sugar/0.9.6/1/graalpy-test-results.xml
============================= test session starts ==============================
platform linux -- Python 3.10.8, pytest-7.4.3, pluggy-1.3.0 -- /workdir/pytest-sugar-0.9.6/.tox/graalpylibtest-unit-test-tests/bin/python
cachedir: .tox/graalpylibtest-unit-test-tests/.pytest_cache
rootdir: /workdir/pytest-sugar-0.9.6
plugins: sugar-0.9.6
collecting ... collected 28 items

test_sugar.py::TestTerminalReporter::test_new_summary PASSED             [  3%]
test_sugar.py::TestTerminalReporter::test_new_summary PASSED             [  3%]
test_sugar.py::TestTerminalReporter::test_old_summary PASSED             [  7%]
test_sugar.py::TestTerminalReporter::test_old_summary FAILED             [  7%]
test_sugar.py::TestTerminalReporter::test_old_summary PASSED             [  7%]
test_sugar.py::TestTerminalReporter::test_xfail_true PASSED              [ 10%]
test_sugar.py::TestTerminalReporter::test_xfail_true PASSED              [ 10%]
test_sugar.py::TestTerminalReporter::test_xfail_true PASSED              [ 10%]
test_sugar.py::TestTerminalReporter::test_xfail_false PASSED             [ 14%]
test_sugar.py::TestTerminalReporter::test_xfail_false PASSED             [ 14%]
test_sugar.py::TestTerminalReporter::test_xfail_false PASSED             [ 14%]
test_sugar.py::TestTerminalReporter::test_report_header PASSED           [ 17%]
test_sugar.py::TestTerminalReporter::test_report_header PASSED           [ 17%]
test_sugar.py::TestTerminalReporter::test_report_header PASSED           [ 17%]
test_sugar.py::TestTerminalReporter::test_xfail_strict_true PASSED       [ 21%]
test_sugar.py::TestTerminalReporter::test_xfail_strict_true PASSED       [ 21%]
test_sugar.py::TestTerminalReporter::test_xfail_strict_true PASSED       [ 21%]
test_sugar.py::TestTerminalReporter::test_xfail_strict_false PASSED      [ 25%]
test_sugar.py::TestTerminalReporter::test_xfail_strict_false PASSED      [ 25%]
test_sugar.py::TestTerminalReporter::test_xfail_strict_false PASSED      [ 25%]
test_sugar.py::TestTerminalReporter::test_xpass_true PASSED              [ 28%]
test_sugar.py::TestTerminalReporter::test_xpass_true PASSED              [ 28%]
test_sugar.py::TestTerminalReporter::test_xpass_true PASSED              [ 28%]
test_sugar.py::TestTerminalReporter::test_xpass_false PASSED             [ 32%]
test_sugar.py::TestTerminalReporter::test_xpass_false PASSED             [ 32%]
test_sugar.py::TestTerminalReporter::test_xpass_false PASSED             [ 32%]
test_sugar.py::TestTerminalReporter::test_flaky_test PASSED              [ 35%]
test_sugar.py::TestTerminalReporter::test_flaky_test SKIPPED (could ...) [ 35%]
test_sugar.py::TestTerminalReporter::test_flaky_test PASSED              [ 35%]
test_sugar.py::TestTerminalReporter::test_xpass_strict PASSED            [ 39%]
test_sugar.py::TestTerminalReporter::test_xpass_strict PASSED            [ 39%]
test_sugar.py::TestTerminalReporter::test_xpass_strict PASSED            [ 39%]
test_sugar.py::TestTerminalReporter::test_teardown_errors PASSED         [ 42%]
test_sugar.py::TestTerminalReporter::test_teardown_errors PASSED         [ 42%]
test_sugar.py::TestTerminalReporter::test_teardown_errors PASSED         [ 42%]
test_sugar.py::TestTerminalReporter::test_skipping_tests PASSED          [ 46%]
test_sugar.py::TestTerminalReporter::test_skipping_tests PASSED          [ 46%]
test_sugar.py::TestTerminalReporter::test_skipping_tests PASSED          [ 46%]
test_sugar.py::TestTerminalReporter::test_deselecting_tests PASSED       [ 50%]
test_sugar.py::TestTerminalReporter::test_deselecting_tests PASSED       [ 50%]
test_sugar.py::TestTerminalReporter::test_deselecting_tests PASSED       [ 50%]
test_sugar.py::TestTerminalReporter::test_item_count_after_pytest_collection_modifyitems PASSED [ 53%]
test_sugar.py::TestTerminalReporter::test_item_count_after_pytest_collection_modifyitems PASSED [ 53%]
test_sugar.py::TestTerminalReporter::test_item_count_after_pytest_collection_modifyitems PASSED [ 53%]
test_sugar.py::TestTerminalReporter::test_fail PASSED                    [ 57%]
test_sugar.py::TestTerminalReporter::test_fail FAILED                    [ 57%]
test_sugar.py::TestTerminalReporter::test_fail PASSED                    [ 57%]
test_sugar.py::TestTerminalReporter::test_fail_unicode_crashline PASSED  [ 60%]
test_sugar.py::TestTerminalReporter::test_fail_unicode_crashline FAILED  [ 60%]
test_sugar.py::TestTerminalReporter::test_fail_unicode_crashline PASSED  [ 60%]
test_sugar.py::TestTerminalReporter::test_fail_in_fixture_and_test PASSED [ 64%]
test_sugar.py::TestTerminalReporter::test_fail_in_fixture_and_test PASSED [ 64%]
test_sugar.py::TestTerminalReporter::test_fail_in_fixture_and_test PASSED [ 64%]
test_sugar.py::TestTerminalReporter::test_fail_fail PASSED               [ 67%]
test_sugar.py::TestTerminalReporter::test_fail_fail FAILED               [ 67%]
test_sugar.py::TestTerminalReporter::test_fail_fail PASSED               [ 67%]
test_sugar.py::TestTerminalReporter::test_error_in_setup_then_pass PASSED [ 71%]
test_sugar.py::TestTerminalReporter::test_error_in_setup_then_pass PASSED [ 71%]
test_sugar.py::TestTerminalReporter::test_error_in_setup_then_pass PASSED [ 71%]
test_sugar.py::TestTerminalReporter::test_error_in_teardown_then_pass PASSED [ 75%]
test_sugar.py::TestTerminalReporter::test_error_in_teardown_then_pass FAILED [ 75%]
test_sugar.py::TestTerminalReporter::test_error_in_teardown_then_pass PASSED [ 75%]
test_sugar.py::TestTerminalReporter::test_collect_error PASSED           [ 78%]
test_sugar.py::TestTerminalReporter::test_collect_error FAILED           [ 78%]
test_sugar.py::TestTerminalReporter::test_collect_error PASSED           [ 78%]
test_sugar.py::TestTerminalReporter::test_verbose PASSED                 [ 82%]
test_sugar.py::TestTerminalReporter::test_verbose PASSED                 [ 82%]
test_sugar.py::TestTerminalReporter::test_verbose PASSED                 [ 82%]
test_sugar.py::TestTerminalReporter::test_verbose_has_double_colon PASSED [ 85%]
test_sugar.py::TestTerminalReporter::test_verbose_has_double_colon PASSED [ 85%]
test_sugar.py::TestTerminalReporter::test_verbose_has_double_colon PASSED [ 85%]
test_sugar.py::TestTerminalReporter::test_xdist PASSED                   [ 89%]
test_sugar.py::TestTerminalReporter::test_xdist SKIPPED (could not i...) [ 89%]
test_sugar.py::TestTerminalReporter::test_xdist PASSED                   [ 89%]
test_sugar.py::TestTerminalReporter::test_xdist_verbose PASSED           [ 92%]
test_sugar.py::TestTerminalReporter::test_xdist_verbose SKIPPED (cou...) [ 92%]
test_sugar.py::TestTerminalReporter::test_xdist_verbose PASSED           [ 92%]
test_sugar.py::TestTerminalReporter::test_doctest PASSED                 [ 96%]
test_sugar.py::TestTerminalReporter::test_doctest PASSED                 [ 96%]
test_sugar.py::TestTerminalReporter::test_doctest PASSED                 [ 96%]
test_sugar.py::TestTerminalReporter::test_doctest_lineno PASSED          [100%]
test_sugar.py::TestTerminalReporter::test_doctest_lineno PASSED          [100%]
test_sugar.py::TestTerminalReporter::test_doctest_lineno PASSED          [100%]

=================================== FAILURES ===================================
____________________ TestTerminalReporter.test_old_summary _____________________
Traceback (most recent call last):
  File "/workdir/pytest-sugar-0.9.6/.tox/graalpylibtest-unit-test-tests/lib/python3.10/site-packages/_pytest/runner.py", line 341, in from_call
    result: Optional[TResult] = func()
  File "/workdir/pytest-sugar-0.9.6/.tox/graalpylibtest-unit-test-tests/lib/python3.10/site-packages/_pytest/runner.py", line 262, in <lambda>
    lambda: ihook(item=item, **kwds), when=when, reraise=reraise
  File "/workdir/pytest-sugar-0.9.6/.tox/graalpylibtest-unit-test-tests/lib/python3.10/site-packages/pluggy/_hooks.py", line 493, in __call__
    return self._hookexec(self.name, self._hookimpls, kwargs, firstresult)
  File "/workdir/pytest-sugar-0.9.6/.tox/graalpylibtest-unit-test-tests/lib/python3.10/site-packages/pluggy/_manager.py", line 115, in _hookexec
    return self._inner_hookexec(hook_name, methods, kwargs, firstresult)
  File "/workdir/pytest-sugar-0.9.6/.tox/graalpylibtest-unit-test-tests/lib/python3.10/site-packages/pluggy/_callers.py", line 152, in _multicall
    return outcome.get_result()
  File "/workdir/pytest-sugar-0.9.6/.tox/graalpylibtest-unit-test-tests/lib/python3.10/site-packages/pluggy/_result.py", line 114, in get_result
    raise exc.with_traceback(exc.__traceback__)
  File "/workdir/pytest-sugar-0.9.6/.tox/graalpylibtest-unit-test-tests/lib/python3.10/site-packages/pluggy/_callers.py", line 77, in _multicall
    res = hook_impl.function(*args)
  File "/workdir/pytest-sugar-0.9.6/.tox/graalpylibtest-unit-test-tests/lib/python3.10/site-packages/_pytest/runner.py", line 177, in pytest_runtest_call
    raise e
  File "/workdir/pytest-sugar-0.9.6/.tox/graalpylibtest-unit-test-tests/lib/python3.10/site-packages/_pytest/runner.py", line 169, in pytest_runtest_call
    item.runtest()
  File "/workdir/pytest-sugar-0.9.6/.tox/graalpylibtest-unit-test-tests/lib/python3.10/site-packages/_pytest/python.py", line 1792, in runtest
    self.ihook.pytest_pyfunc_call(pyfuncitem=self)
  File "/workdir/pytest-sugar-0.9.6/.tox/graalpylibtest-unit-test-tests/lib/python3.10/site-packages/pluggy/_hooks.py", line 493, in __call__
    return self._hookexec(self.name, self._hookimpls, kwargs, firstresult)
  File "/workdir/pytest-sugar-0.9.6/.tox/graalpylibtest-unit-test-tests/lib/python3.10/site-packages/pluggy/_manager.py", line 115, in _hookexec
    return self._inner_hookexec(hook_name, methods, kwargs, firstresult)
  File "/workdir/pytest-sugar-0.9.6/.tox/graalpylibtest-unit-test-tests/lib/python3.10/site-packages/pluggy/_callers.py", line 113, in _multicall
    raise exception.with_traceback(exception.__traceback__)
  File "/workdir/pytest-sugar-0.9.6/.tox/graalpylibtest-unit-test-tests/lib/python3.10/site-packages/pluggy/_callers.py", line 77, in _multicall
    res = hook_impl.function(*args)
  File "/workdir/pytest-sugar-0.9.6/.tox/graalpylibtest-unit-test-tests/lib/python3.10/site-packages/_pytest/python.py", line 194, in pytest_pyfunc_call
    result = testfunction(**testargs)
  File "/workdir/pytest-sugar-0.9.6/test_sugar.py", line 80, in test_old_summary
    assert 'test_old_summary.py:4: assert False' in strip_colors(output)
AssertionError
----------------------------- Captured stdout call -----------------------------
Test session starts (platform: linux, Python 3.10.8, pytest 7.4.3, pytest-sugar 0.9.6)
rootdir: /tmp/pytest-of-tester/pytest-11/test_old_summary0
plugins: sugar-0.9.6


――――――――――――――――――――――――――――――――― test_sample ――――――――――――――――――――――――――――――――――

>   ???
E   AssertionError

test_old_summary.py:4: AssertionError

 test_old_summary.py ⨯                                           100% ██████████
=========================== short test summary info ============================
FAILED test_old_summary.py::test_sample - AssertionError

Results (0.15s):
       1 failed
         - /tmp/pytest-of-tester/pytest-11/test_old_summary0/test_old_summary.py:4: AssertionError
________________________ TestTerminalReporter.test_fail ________________________
Traceback (most recent call last):
  File "/workdir/pytest-sugar-0.9.6/.tox/graalpylibtest-unit-test-tests/lib/python3.10/site-packages/_pytest/runner.py", line 341, in from_call
    result: Optional[TResult] = func()
  File "/workdir/pytest-sugar-0.9.6/.tox/graalpylibtest-unit-test-tests/lib/python3.10/site-packages/_pytest/runner.py", line 262, in <lambda>
    lambda: ihook(item=item, **kwds), when=when, reraise=reraise
  File "/workdir/pytest-sugar-0.9.6/.tox/graalpylibtest-unit-test-tests/lib/python3.10/site-packages/pluggy/_hooks.py", line 493, in __call__
    return self._hookexec(self.name, self._hookimpls, kwargs, firstresult)
  File "/workdir/pytest-sugar-0.9.6/.tox/graalpylibtest-unit-test-tests/lib/python3.10/site-packages/pluggy/_manager.py", line 115, in _hookexec
    return self._inner_hookexec(hook_name, methods, kwargs, firstresult)
  File "/workdir/pytest-sugar-0.9.6/.tox/graalpylibtest-unit-test-tests/lib/python3.10/site-packages/pluggy/_callers.py", line 152, in _multicall
    return outcome.get_result()
  File "/workdir/pytest-sugar-0.9.6/.tox/graalpylibtest-unit-test-tests/lib/python3.10/site-packages/pluggy/_result.py", line 114, in get_result
    raise exc.with_traceback(exc.__traceback__)
  File "/workdir/pytest-sugar-0.9.6/.tox/graalpylibtest-unit-test-tests/lib/python3.10/site-packages/pluggy/_callers.py", line 77, in _multicall
    res = hook_impl.function(*args)
  File "/workdir/pytest-sugar-0.9.6/.tox/graalpylibtest-unit-test-tests/lib/python3.10/site-packages/_pytest/runner.py", line 169, in pytest_runtest_call
    item.runtest()
  File "/workdir/pytest-sugar-0.9.6/.tox/graalpylibtest-unit-test-tests/lib/python3.10/site-packages/_pytest/python.py", line 1792, in runtest
    self.ihook.pytest_pyfunc_call(pyfuncitem=self)
  File "/workdir/pytest-sugar-0.9.6/.tox/graalpylibtest-unit-test-tests/lib/python3.10/site-packages/pluggy/_hooks.py", line 493, in __call__
    return self._hookexec(self.name, self._hookimpls, kwargs, firstresult)
  File "/workdir/pytest-sugar-0.9.6/.tox/graalpylibtest-unit-test-tests/lib/python3.10/site-packages/pluggy/_manager.py", line 115, in _hookexec
    return self._inner_hookexec(hook_name, methods, kwargs, firstresult)
  File "/workdir/pytest-sugar-0.9.6/.tox/graalpylibtest-unit-test-tests/lib/python3.10/site-packages/pluggy/_callers.py", line 113, in _multicall
    raise exception.with_traceback(exception.__traceback__)
  File "/workdir/pytest-sugar-0.9.6/.tox/graalpylibtest-unit-test-tests/lib/python3.10/site-packages/pluggy/_callers.py", line 77, in _multicall
    res = hook_impl.function(*args)
  File "/workdir/pytest-sugar-0.9.6/.tox/graalpylibtest-unit-test-tests/lib/python3.10/site-packages/_pytest/python.py", line 194, in pytest_pyfunc_call
    result = testfunction(**testargs)
  File "/workdir/pytest-sugar-0.9.6/test_sugar.py", line 287, in test_fail
    result.stdout.fnmatch_lines([
  File "/workdir/pytest-sugar-0.9.6/.tox/graalpylibtest-unit-test-tests/lib/python3.10/site-packages/_pytest/pytester.py", line 1650, in fnmatch_lines
    self._match_lines(lines2, fnmatch, "fnmatch", consecutive=consecutive)
  File "/workdir/pytest-sugar-0.9.6/.tox/graalpylibtest-unit-test-tests/lib/python3.10/site-packages/_pytest/pytester.py", line 1737, in _match_lines
    self._fail(msg)
  File "/workdir/pytest-sugar-0.9.6/.tox/graalpylibtest-unit-test-tests/lib/python3.10/site-packages/_pytest/pytester.py", line 1785, in _fail
    fail(log_text)
  File "/workdir/pytest-sugar-0.9.6/.tox/graalpylibtest-unit-test-tests/lib/python3.10/site-packages/_pytest/outcomes.py", line 198, in fail
    raise Failed(msg=reason, pytrace=pytrace)
Failed: nomatch: '* test_func *'
    and: 'Test session starts (platform: linux, Python 3.10.8, pytest 7.4.3, pytest-sugar 0.9.6)'
    and: 'rootdir: /tmp/pytest-of-tester/pytest-11/test_fail0'
    and: 'plugins: sugar-0.9.6'
    and: ''
    and: ''
fnmatch: '* test_func *'
   with: '―――――――――――――――――――――――――――――――――― test_func ―――――――――――――――――――――――――――――――――――'
nomatch: '    def test_func():'
    and: ''
    and: '>   ???'
    and: 'E   AssertionError'
    and: ''
    and: 'test_fail.py:3: AssertionError'
    and: ''
    and: ''
    and: ' test_fail.py ⨯                                                  100% ██████████'
    and: '=========================== short test summary info ============================'
    and: 'FAILED test_fail.py::test_func - AssertionError'
    and: ''
    and: 'Results (0.10s):'
    and: '       1 failed'
    and: '         - test_fail.py:2 test_func'
remains unmatched: '    def test_func():'
----------------------------- Captured stdout call -----------------------------
Test session starts (platform: linux, Python 3.10.8, pytest 7.4.3, pytest-sugar 0.9.6)
rootdir: /tmp/pytest-of-tester/pytest-11/test_fail0
plugins: sugar-0.9.6


―――――――――――――――――――――――――――――――――― test_func ―――――――――――――――――――――――――――――――――――

>   ???
E   AssertionError

test_fail.py:3: AssertionError

 test_fail.py ⨯                                                  100% ██████████
=========================== short test summary info ============================
FAILED test_fail.py::test_func - AssertionError

Results (0.10s):
       1 failed
         - test_fail.py:2 test_func
_______________ TestTerminalReporter.test_fail_unicode_crashline _______________
Traceback (most recent call last):
  File "/workdir/pytest-sugar-0.9.6/.tox/graalpylibtest-unit-test-tests/lib/python3.10/site-packages/_pytest/runner.py", line 341, in from_call
    result: Optional[TResult] = func()
  File "/workdir/pytest-sugar-0.9.6/.tox/graalpylibtest-unit-test-tests/lib/python3.10/site-packages/_pytest/runner.py", line 262, in <lambda>
    lambda: ihook(item=item, **kwds), when=when, reraise=reraise
  File "/workdir/pytest-sugar-0.9.6/.tox/graalpylibtest-unit-test-tests/lib/python3.10/site-packages/pluggy/_hooks.py", line 493, in __call__
    return self._hookexec(self.name, self._hookimpls, kwargs, firstresult)
  File "/workdir/pytest-sugar-0.9.6/.tox/graalpylibtest-unit-test-tests/lib/python3.10/site-packages/pluggy/_manager.py", line 115, in _hookexec
    return self._inner_hookexec(hook_name, methods, kwargs, firstresult)
  File "/workdir/pytest-sugar-0.9.6/.tox/graalpylibtest-unit-test-tests/lib/python3.10/site-packages/pluggy/_callers.py", line 152, in _multicall
    return outcome.get_result()
  File "/workdir/pytest-sugar-0.9.6/.tox/graalpylibtest-unit-test-tests/lib/python3.10/site-packages/pluggy/_result.py", line 114, in get_result
    raise exc.with_traceback(exc.__traceback__)
  File "/workdir/pytest-sugar-0.9.6/.tox/graalpylibtest-unit-test-tests/lib/python3.10/site-packages/pluggy/_callers.py", line 77, in _multicall
    res = hook_impl.function(*args)
  File "/workdir/pytest-sugar-0.9.6/.tox/graalpylibtest-unit-test-tests/lib/python3.10/site-packages/_pytest/runner.py", line 169, in pytest_runtest_call
    item.runtest()
  File "/workdir/pytest-sugar-0.9.6/.tox/graalpylibtest-unit-test-tests/lib/python3.10/site-packages/_pytest/python.py", line 1792, in runtest
    self.ihook.pytest_pyfunc_call(pyfuncitem=self)
  File "/workdir/pytest-sugar-0.9.6/.tox/graalpylibtest-unit-test-tests/lib/python3.10/site-packages/pluggy/_hooks.py", line 493, in __call__
    return self._hookexec(self.name, self._hookimpls, kwargs, firstresult)
  File "/workdir/pytest-sugar-0.9.6/.tox/graalpylibtest-unit-test-tests/lib/python3.10/site-packages/pluggy/_manager.py", line 115, in _hookexec
    return self._inner_hookexec(hook_name, methods, kwargs, firstresult)
  File "/workdir/pytest-sugar-0.9.6/.tox/graalpylibtest-unit-test-tests/lib/python3.10/site-packages/pluggy/_callers.py", line 113, in _multicall
    raise exception.with_traceback(exception.__traceback__)
  File "/workdir/pytest-sugar-0.9.6/.tox/graalpylibtest-unit-test-tests/lib/python3.10/site-packages/pluggy/_callers.py", line 77, in _multicall
    res = hook_impl.function(*args)
  File "/workdir/pytest-sugar-0.9.6/.tox/graalpylibtest-unit-test-tests/lib/python3.10/site-packages/_pytest/python.py", line 194, in pytest_pyfunc_call
    result = testfunction(**testargs)
  File "/workdir/pytest-sugar-0.9.6/test_sugar.py", line 304, in test_fail_unicode_crashline
    result.stdout.fnmatch_lines([
  File "/workdir/pytest-sugar-0.9.6/.tox/graalpylibtest-unit-test-tests/lib/python3.10/site-packages/_pytest/pytester.py", line 1650, in fnmatch_lines
    self._match_lines(lines2, fnmatch, "fnmatch", consecutive=consecutive)
  File "/workdir/pytest-sugar-0.9.6/.tox/graalpylibtest-unit-test-tests/lib/python3.10/site-packages/_pytest/pytester.py", line 1737, in _match_lines
    self._fail(msg)
  File "/workdir/pytest-sugar-0.9.6/.tox/graalpylibtest-unit-test-tests/lib/python3.10/site-packages/_pytest/pytester.py", line 1785, in _fail
    fail(log_text)
  File "/workdir/pytest-sugar-0.9.6/.tox/graalpylibtest-unit-test-tests/lib/python3.10/site-packages/_pytest/outcomes.py", line 198, in fail
    raise Failed(msg=reason, pytrace=pytrace)
Failed: nomatch: '* test_func *'
    and: 'Test session starts (platform: linux, Python 3.10.8, pytest 7.4.3, pytest-sugar 0.9.6)'
    and: 'rootdir: /tmp/pytest-of-tester/pytest-11/test_fail_unicode_crashline0'
    and: 'plugins: sugar-0.9.6'
    and: ''
    and: ''
fnmatch: '* test_func *'
   with: '―――――――――――――――――――――――――――――――――― test_func ―――――――――――――――――――――――――――――――――――'
nomatch: '    def test_func():'
    and: ''
    and: '>   ???'
    and: 'E   AssertionError'
    and: ''
    and: 'test_fail_unicode_crashline.py:4: AssertionError'
    and: ''
    and: ''
    and: ' test_fail_unicode_crashline.py ⨯                                100% ██████████'
    and: '=========================== short test summary info ============================'
    and: 'FAILED test_fail_unicode_crashline.py::test_func - AssertionError'
    and: ''
    and: 'Results (0.08s):'
    and: '       1 failed'
    and: '         - test_fail_unicode_crashline.py:3 test_func'
remains unmatched: '    def test_func():'
----------------------------- Captured stdout call -----------------------------
Test session starts (platform: linux, Python 3.10.8, pytest 7.4.3, pytest-sugar 0.9.6)
rootdir: /tmp/pytest-of-tester/pytest-11/test_fail_unicode_crashline0
plugins: sugar-0.9.6


―――――――――――――――――――――――――――――――――― test_func ―――――――――――――――――――――――――――――――――――

>   ???
E   AssertionError

test_fail_unicode_crashline.py:4: AssertionError

 test_fail_unicode_crashline.py ⨯                                100% ██████████
=========================== short test summary info ============================
FAILED test_fail_unicode_crashline.py::test_func - AssertionError

Results (0.08s):
       1 failed
         - test_fail_unicode_crashline.py:3 test_func
_____________________ TestTerminalReporter.test_fail_fail ______________________
Traceback (most recent call last):
  File "/workdir/pytest-sugar-0.9.6/.tox/graalpylibtest-unit-test-tests/lib/python3.10/site-packages/_pytest/runner.py", line 341, in from_call
    result: Optional[TResult] = func()
  File "/workdir/pytest-sugar-0.9.6/.tox/graalpylibtest-unit-test-tests/lib/python3.10/site-packages/_pytest/runner.py", line 262, in <lambda>
    lambda: ihook(item=item, **kwds), when=when, reraise=reraise
  File "/workdir/pytest-sugar-0.9.6/.tox/graalpylibtest-unit-test-tests/lib/python3.10/site-packages/pluggy/_hooks.py", line 493, in __call__
    return self._hookexec(self.name, self._hookimpls, kwargs, firstresult)
  File "/workdir/pytest-sugar-0.9.6/.tox/graalpylibtest-unit-test-tests/lib/python3.10/site-packages/pluggy/_manager.py", line 115, in _hookexec
    return self._inner_hookexec(hook_name, methods, kwargs, firstresult)
  File "/workdir/pytest-sugar-0.9.6/.tox/graalpylibtest-unit-test-tests/lib/python3.10/site-packages/pluggy/_callers.py", line 152, in _multicall
    return outcome.get_result()
  File "/workdir/pytest-sugar-0.9.6/.tox/graalpylibtest-unit-test-tests/lib/python3.10/site-packages/pluggy/_result.py", line 114, in get_result
    raise exc.with_traceback(exc.__traceback__)
  File "/workdir/pytest-sugar-0.9.6/.tox/graalpylibtest-unit-test-tests/lib/python3.10/site-packages/pluggy/_callers.py", line 77, in _multicall
    res = hook_impl.function(*args)
  File "/workdir/pytest-sugar-0.9.6/.tox/graalpylibtest-unit-test-tests/lib/python3.10/site-packages/_pytest/runner.py", line 169, in pytest_runtest_call
    item.runtest()
  File "/workdir/pytest-sugar-0.9.6/.tox/graalpylibtest-unit-test-tests/lib/python3.10/site-packages/_pytest/python.py", line 1792, in runtest
    self.ihook.pytest_pyfunc_call(pyfuncitem=self)
  File "/workdir/pytest-sugar-0.9.6/.tox/graalpylibtest-unit-test-tests/lib/python3.10/site-packages/pluggy/_hooks.py", line 493, in __call__
    return self._hookexec(self.name, self._hookimpls, kwargs, firstresult)
  File "/workdir/pytest-sugar-0.9.6/.tox/graalpylibtest-unit-test-tests/lib/python3.10/site-packages/pluggy/_manager.py", line 115, in _hookexec
    return self._inner_hookexec(hook_name, methods, kwargs, firstresult)
  File "/workdir/pytest-sugar-0.9.6/.tox/graalpylibtest-unit-test-tests/lib/python3.10/site-packages/pluggy/_callers.py", line 113, in _multicall
    raise exception.with_traceback(exception.__traceback__)
  File "/workdir/pytest-sugar-0.9.6/.tox/graalpylibtest-unit-test-tests/lib/python3.10/site-packages/pluggy/_callers.py", line 77, in _multicall
    res = hook_impl.function(*args)
  File "/workdir/pytest-sugar-0.9.6/.tox/graalpylibtest-unit-test-tests/lib/python3.10/site-packages/_pytest/python.py", line 194, in pytest_pyfunc_call
    result = testfunction(**testargs)
  File "/workdir/pytest-sugar-0.9.6/test_sugar.py", line 345, in test_fail_fail
    result.stdout.fnmatch_lines([
  File "/workdir/pytest-sugar-0.9.6/.tox/graalpylibtest-unit-test-tests/lib/python3.10/site-packages/_pytest/pytester.py", line 1650, in fnmatch_lines
    self._match_lines(lines2, fnmatch, "fnmatch", consecutive=consecutive)
  File "/workdir/pytest-sugar-0.9.6/.tox/graalpylibtest-unit-test-tests/lib/python3.10/site-packages/_pytest/pytester.py", line 1737, in _match_lines
    self._fail(msg)
  File "/workdir/pytest-sugar-0.9.6/.tox/graalpylibtest-unit-test-tests/lib/python3.10/site-packages/_pytest/pytester.py", line 1785, in _fail
    fail(log_text)
  File "/workdir/pytest-sugar-0.9.6/.tox/graalpylibtest-unit-test-tests/lib/python3.10/site-packages/_pytest/outcomes.py", line 198, in fail
    raise Failed(msg=reason, pytrace=pytrace)
Failed: nomatch: '* test_func *'
    and: 'Test session starts (platform: linux, Python 3.10.8, pytest 7.4.3, pytest-sugar 0.9.6)'
    and: 'rootdir: /tmp/pytest-of-tester/pytest-11/test_fail_fail0'
    and: 'plugins: sugar-0.9.6'
    and: ''
    and: ''
fnmatch: '* test_func *'
   with: '―――――――――――――――――――――――――――――――――― test_func ―――――――――――――――――――――――――――――――――――'
nomatch: '    def test_func():'
    and: ''
exact match: '    def test_func():'
exact match: '>       assert 0'
nomatch: 'E       assert 0'
    and: '    def test_func2():'
    and: 'E   AssertionError'
    and: ''
    and: 'test_fail_fail.py:3: AssertionError'
    and: ''
    and: ''
    and: ' test_fail_fail.py ⨯                                              50% █████     '
    and: ''
    and: '―――――――――――――――――――――――――――――――――― test_func2 ――――――――――――――――――――――――――――――――――'
    and: ''
    and: '>   ???'
    and: 'E   AssertionError'
    and: ''
    and: 'test_fail_fail.py:5: AssertionError'
    and: ''
    and: ''
    and: ' test_fail_fail.py ⨯                                             100% ██████████'
    and: '=========================== short test summary info ============================'
    and: 'FAILED test_fail_fail.py::test_func - AssertionError'
    and: 'FAILED test_fail_fail.py::test_func2 - AssertionError'
    and: ''
    and: 'Results (0.09s):'
    and: '       2 failed'
    and: '         - test_fail_fail.py:2 test_func'
    and: '         - test_fail_fail.py:4 test_func2'
remains unmatched: 'E       assert 0'
----------------------------- Captured stdout call -----------------------------
============================= test session starts ==============================
platform linux -- Python 3.10.8, pytest-7.4.3, pluggy-1.3.0
rootdir: /tmp/pytest-of-tester/pytest-11/test_fail_fail0
collected 2 items

test_fail_fail.py FF                                                     [100%]

=================================== FAILURES ===================================
__________________________________ test_func ___________________________________

    def test_func():
>       assert 0
    def test_func2():
E   AssertionError

test_fail_fail.py:3: AssertionError
__________________________________ test_func2 __________________________________

>   ???
E   AssertionError

test_fail_fail.py:5: AssertionError
=========================== short test summary info ============================
FAILED test_fail_fail.py::test_func - AssertionError
FAILED test_fail_fail.py::test_func2 - AssertionError
============================== 2 failed in 0.06s ===============================
Test session starts (platform: linux, Python 3.10.8, pytest 7.4.3, pytest-sugar 0.9.6)
rootdir: /tmp/pytest-of-tester/pytest-11/test_fail_fail0
plugins: sugar-0.9.6


―――――――――――――――――――――――――――――――――― test_func ―――――――――――――――――――――――――――――――――――

    def test_func():
>       assert 0
    def test_func2():
E   AssertionError

test_fail_fail.py:3: AssertionError

 test_fail_fail.py ⨯                                              50% █████     

―――――――――――――――――――――――――――――――――― test_func2 ――――――――――――――――――――――――――――――――――

>   ???
E   AssertionError

test_fail_fail.py:5: AssertionError

 test_fail_fail.py ⨯                                             100% ██████████
=========================== short test summary info ============================
FAILED test_fail_fail.py::test_func - AssertionError
FAILED test_fail_fail.py::test_func2 - AssertionError

Results (0.11s):
       2 failed
         - test_fail_fail.py:2 test_func
         - test_fail_fail.py:4 test_func2
Test session starts (platform: linux, Python 3.10.8, pytest 7.4.3, pytest-sugar 0.9.6)
rootdir: /tmp/pytest-of-tester/pytest-11/test_fail_fail0
plugins: sugar-0.9.6


―――――――――――――――――――――――――――――――――― test_func ―――――――――――――――――――――――――――――――――――

    def test_func():
>       assert 0
    def test_func2():
E   AssertionError

test_fail_fail.py:3: AssertionError

 test_fail_fail.py ⨯                                              50% █████     

―――――――――――――――――――――――――――――――――― test_func2 ――――――――――――――――――――――――――――――――――

>   ???
E   AssertionError

test_fail_fail.py:5: AssertionError

 test_fail_fail.py ⨯                                             100% ██████████
=========================== short test summary info ============================
FAILED test_fail_fail.py::test_func - AssertionError
FAILED test_fail_fail.py::test_func2 - AssertionError

Results (0.09s):
       2 failed
         - test_fail_fail.py:2 test_func
         - test_fail_fail.py:4 test_func2
____________ TestTerminalReporter.test_error_in_teardown_then_pass _____________
Traceback (most recent call last):
  File "/workdir/pytest-sugar-0.9.6/.tox/graalpylibtest-unit-test-tests/lib/python3.10/site-packages/_pytest/runner.py", line 341, in from_call
    result: Optional[TResult] = func()
  File "/workdir/pytest-sugar-0.9.6/.tox/graalpylibtest-unit-test-tests/lib/python3.10/site-packages/_pytest/runner.py", line 262, in <lambda>
    lambda: ihook(item=item, **kwds), when=when, reraise=reraise
  File "/workdir/pytest-sugar-0.9.6/.tox/graalpylibtest-unit-test-tests/lib/python3.10/site-packages/pluggy/_hooks.py", line 493, in __call__
    return self._hookexec(self.name, self._hookimpls, kwargs, firstresult)
  File "/workdir/pytest-sugar-0.9.6/.tox/graalpylibtest-unit-test-tests/lib/python3.10/site-packages/pluggy/_manager.py", line 115, in _hookexec
    return self._inner_hookexec(hook_name, methods, kwargs, firstresult)
  File "/workdir/pytest-sugar-0.9.6/.tox/graalpylibtest-unit-test-tests/lib/python3.10/site-packages/pluggy/_callers.py", line 152, in _multicall
    return outcome.get_result()
  File "/workdir/pytest-sugar-0.9.6/.tox/graalpylibtest-unit-test-tests/lib/python3.10/site-packages/pluggy/_result.py", line 114, in get_result
    raise exc.with_traceback(exc.__traceback__)
  File "/workdir/pytest-sugar-0.9.6/.tox/graalpylibtest-unit-test-tests/lib/python3.10/site-packages/pluggy/_callers.py", line 77, in _multicall
    res = hook_impl.function(*args)
  File "/workdir/pytest-sugar-0.9.6/.tox/graalpylibtest-unit-test-tests/lib/python3.10/site-packages/_pytest/runner.py", line 169, in pytest_runtest_call
    item.runtest()
  File "/workdir/pytest-sugar-0.9.6/.tox/graalpylibtest-unit-test-tests/lib/python3.10/site-packages/_pytest/python.py", line 1792, in runtest
    self.ihook.pytest_pyfunc_call(pyfuncitem=self)
  File "/workdir/pytest-sugar-0.9.6/.tox/graalpylibtest-unit-test-tests/lib/python3.10/site-packages/pluggy/_hooks.py", line 493, in __call__
    return self._hookexec(self.name, self._hookimpls, kwargs, firstresult)
  File "/workdir/pytest-sugar-0.9.6/.tox/graalpylibtest-unit-test-tests/lib/python3.10/site-packages/pluggy/_manager.py", line 115, in _hookexec
    return self._inner_hookexec(hook_name, methods, kwargs, firstresult)
  File "/workdir/pytest-sugar-0.9.6/.tox/graalpylibtest-unit-test-tests/lib/python3.10/site-packages/pluggy/_callers.py", line 113, in _multicall
    raise exception.with_traceback(exception.__traceback__)
  File "/workdir/pytest-sugar-0.9.6/.tox/graalpylibtest-unit-test-tests/lib/python3.10/site-packages/pluggy/_callers.py", line 77, in _multicall
    res = hook_impl.function(*args)
  File "/workdir/pytest-sugar-0.9.6/.tox/graalpylibtest-unit-test-tests/lib/python3.10/site-packages/_pytest/python.py", line 194, in pytest_pyfunc_call
    result = testfunction(**testargs)
  File "/workdir/pytest-sugar-0.9.6/test_sugar.py", line 404, in test_error_in_teardown_then_pass
    result.stdout.fnmatch_lines([
  File "/workdir/pytest-sugar-0.9.6/.tox/graalpylibtest-unit-test-tests/lib/python3.10/site-packages/_pytest/pytester.py", line 1650, in fnmatch_lines
    self._match_lines(lines2, fnmatch, "fnmatch", consecutive=consecutive)
  File "/workdir/pytest-sugar-0.9.6/.tox/graalpylibtest-unit-test-tests/lib/python3.10/site-packages/_pytest/pytester.py", line 1737, in _match_lines
    self._fail(msg)
  File "/workdir/pytest-sugar-0.9.6/.tox/graalpylibtest-unit-test-tests/lib/python3.10/site-packages/_pytest/pytester.py", line 1785, in _fail
    fail(log_text)
  File "/workdir/pytest-sugar-0.9.6/.tox/graalpylibtest-unit-test-tests/lib/python3.10/site-packages/_pytest/outcomes.py", line 198, in fail
    raise Failed(msg=reason, pytrace=pytrace)
Failed: nomatch: '*ERROR at teardown of test_nada*'
    and: 'Test session starts (platform: linux, Python 3.10.8, pytest 7.4.3, pytest-sugar 0.9.6)'
    and: 'rootdir: /tmp/pytest-of-tester/pytest-11/test_error_in_teardown_then_pass0'
    and: 'plugins: sugar-0.9.6'
    and: ''
    and: ''
    and: ''
fnmatch: '*ERROR at teardown of test_nada*'
   with: '―――――――――――――――――――――――― ERROR at teardown of test_nada ――――――――――――――――――――――――'
exact match: ''
fnmatch: 'function = <function test_nada at*'
   with: 'function = <function test_nada at 0x2b84c6d3>'
exact match: ''
fnmatch: '*def teardown_function(function):*'
   with: '    def teardown_function(function):'
fnmatch: '*teardown func*'
   with: '        print ("teardown func")'
fnmatch: '*if function is test_nada*'
   with: '        if function is test_nada:'
fnmatch: '>*assert 0*'
   with: '>           assert 0'
nomatch: 'E*assert 0*'
    and: '    def test_nada():'
    and: '        pass'
    and: '    def test_zip():'
    and: 'E   AssertionError'
    and: ''
    and: 'test_error_in_teardown_then_pass.py:4: AssertionError'
    and: '--------------------------- Captured stdout teardown ---------------------------'
    and: 'teardown func'
    and: ''
    and: '                                                                  50% █████     '
    and: ''
    and: ' test_error_in_teardown_then_pass.py ✓                           100% ██████████'
    and: '=========================== short test summary info ============================'
    and: 'FAILED test_error_in_teardown_then_pass.py::test_nada - AssertionError'
    and: ''
    and: 'Results (0.10s):'
    and: '       2 passed'
    and: '       1 error'
remains unmatched: 'E*assert 0*'
----------------------------- Captured stdout call -----------------------------
============================= test session starts ==============================
platform linux -- Python 3.10.8, pytest-7.4.3, pluggy-1.3.0
rootdir: /tmp/pytest-of-tester/pytest-11/test_error_in_teardown_then_pass0
collected 2 items

test_error_in_teardown_then_pass.py .E.                                  [100%]

==================================== ERRORS ====================================
________________________ ERROR at teardown of test_nada ________________________

function = <function test_nada at 0x55a0e6c4>

    def teardown_function(function):
        print ("teardown func")
        if function is test_nada:
>           assert 0
    def test_nada():
        pass
    def test_zip():
E   AssertionError

test_error_in_teardown_then_pass.py:4: AssertionError
--------------------------- Captured stdout teardown ---------------------------
teardown func
=========================== short test summary info ============================
ERROR test_error_in_teardown_then_pass.py::test_nada - AssertionError
========================== 2 passed, 1 error in 0.07s ==========================
Test session starts (platform: linux, Python 3.10.8, pytest 7.4.3, pytest-sugar 0.9.6)
rootdir: /tmp/pytest-of-tester/pytest-11/test_error_in_teardown_then_pass0
plugins: sugar-0.9.6



―――――――――――――――――――――――― ERROR at teardown of test_nada ――――――――――――――――――――――――

function = <function test_nada at 0x7059fad8>

    def teardown_function(function):
        print ("teardown func")
        if function is test_nada:
>           assert 0
    def test_nada():
        pass
    def test_zip():
E   AssertionError

test_error_in_teardown_then_pass.py:4: AssertionError
--------------------------- Captured stdout teardown ---------------------------
teardown func
                                                                  50% █████     
 test_error_in_teardown_then_pass.py ✓                           100% ██████████
=========================== short test summary info ============================
FAILED test_error_in_teardown_then_pass.py::test_nada - AssertionError

Results (0.11s):
       2 passed
       1 error
Test session starts (platform: linux, Python 3.10.8, pytest 7.4.3, pytest-sugar 0.9.6)
rootdir: /tmp/pytest-of-tester/pytest-11/test_error_in_teardown_then_pass0
plugins: sugar-0.9.6



―――――――――――――――――――――――― ERROR at teardown of test_nada ――――――――――――――――――――――――

function = <function test_nada at 0x2b84c6d3>

    def teardown_function(function):
        print ("teardown func")
        if function is test_nada:
>           assert 0
    def test_nada():
        pass
    def test_zip():
E   AssertionError

test_error_in_teardown_then_pass.py:4: AssertionError
--------------------------- Captured stdout teardown ---------------------------
teardown func
                                                                  50% █████     
 test_error_in_teardown_then_pass.py ✓                           100% ██████████
=========================== short test summary info ============================
FAILED test_error_in_teardown_then_pass.py::test_nada - AssertionError

Results (0.10s):
       2 passed
       1 error
___________________ TestTerminalReporter.test_collect_error ____________________
Traceback (most recent call last):
  File "/workdir/pytest-sugar-0.9.6/.tox/graalpylibtest-unit-test-tests/lib/python3.10/site-packages/_pytest/runner.py", line 341, in from_call
    result: Optional[TResult] = func()
  File "/workdir/pytest-sugar-0.9.6/.tox/graalpylibtest-unit-test-tests/lib/python3.10/site-packages/_pytest/runner.py", line 262, in <lambda>
    lambda: ihook(item=item, **kwds), when=when, reraise=reraise
  File "/workdir/pytest-sugar-0.9.6/.tox/graalpylibtest-unit-test-tests/lib/python3.10/site-packages/pluggy/_hooks.py", line 493, in __call__
    return self._hookexec(self.name, self._hookimpls, kwargs, firstresult)
  File "/workdir/pytest-sugar-0.9.6/.tox/graalpylibtest-unit-test-tests/lib/python3.10/site-packages/pluggy/_manager.py", line 115, in _hookexec
    return self._inner_hookexec(hook_name, methods, kwargs, firstresult)
  File "/workdir/pytest-sugar-0.9.6/.tox/graalpylibtest-unit-test-tests/lib/python3.10/site-packages/pluggy/_callers.py", line 152, in _multicall
    return outcome.get_result()
  File "/workdir/pytest-sugar-0.9.6/.tox/graalpylibtest-unit-test-tests/lib/python3.10/site-packages/pluggy/_result.py", line 114, in get_result
    raise exc.with_traceback(exc.__traceback__)
  File "/workdir/pytest-sugar-0.9.6/.tox/graalpylibtest-unit-test-tests/lib/python3.10/site-packages/pluggy/_callers.py", line 77, in _multicall
    res = hook_impl.function(*args)
  File "/workdir/pytest-sugar-0.9.6/.tox/graalpylibtest-unit-test-tests/lib/python3.10/site-packages/_pytest/runner.py", line 169, in pytest_runtest_call
    item.runtest()
  File "/workdir/pytest-sugar-0.9.6/.tox/graalpylibtest-unit-test-tests/lib/python3.10/site-packages/_pytest/python.py", line 1792, in runtest
    self.ihook.pytest_pyfunc_call(pyfuncitem=self)
  File "/workdir/pytest-sugar-0.9.6/.tox/graalpylibtest-unit-test-tests/lib/python3.10/site-packages/pluggy/_hooks.py", line 493, in __call__
    return self._hookexec(self.name, self._hookimpls, kwargs, firstresult)
  File "/workdir/pytest-sugar-0.9.6/.tox/graalpylibtest-unit-test-tests/lib/python3.10/site-packages/pluggy/_manager.py", line 115, in _hookexec
    return self._inner_hookexec(hook_name, methods, kwargs, firstresult)
  File "/workdir/pytest-sugar-0.9.6/.tox/graalpylibtest-unit-test-tests/lib/python3.10/site-packages/pluggy/_callers.py", line 113, in _multicall
    raise exception.with_traceback(exception.__traceback__)
  File "/workdir/pytest-sugar-0.9.6/.tox/graalpylibtest-unit-test-tests/lib/python3.10/site-packages/pluggy/_callers.py", line 77, in _multicall
    res = hook_impl.function(*args)
  File "/workdir/pytest-sugar-0.9.6/.tox/graalpylibtest-unit-test-tests/lib/python3.10/site-packages/_pytest/python.py", line 194, in pytest_pyfunc_call
    result = testfunction(**testargs)
  File "/workdir/pytest-sugar-0.9.6/test_sugar.py", line 425, in test_collect_error
    result.stdout.fnmatch_lines([
  File "/workdir/pytest-sugar-0.9.6/.tox/graalpylibtest-unit-test-tests/lib/python3.10/site-packages/_pytest/pytester.py", line 1650, in fnmatch_lines
    self._match_lines(lines2, fnmatch, "fnmatch", consecutive=consecutive)
  File "/workdir/pytest-sugar-0.9.6/.tox/graalpylibtest-unit-test-tests/lib/python3.10/site-packages/_pytest/pytester.py", line 1737, in _match_lines
    self._fail(msg)
  File "/workdir/pytest-sugar-0.9.6/.tox/graalpylibtest-unit-test-tests/lib/python3.10/site-packages/_pytest/pytester.py", line 1785, in _fail
    fail(log_text)
  File "/workdir/pytest-sugar-0.9.6/.tox/graalpylibtest-unit-test-tests/lib/python3.10/site-packages/_pytest/outcomes.py", line 198, in fail
    raise Failed(msg=reason, pytrace=pytrace)
Failed: nomatch: '*ERROR collecting test_collect_error.py*'
    and: 'Test session starts (platform: linux, Python 3.10.8, pytest 7.4.3, pytest-sugar 0.9.6)'
    and: 'rootdir: /tmp/pytest-of-tester/pytest-11/test_collect_error0'
    and: 'plugins: sugar-0.9.6'
    and: ''
fnmatch: '*ERROR collecting test_collect_error.py*'
   with: '―――――――――――――――――――― ERROR collecting test_collect_error.py ――――――――――――――――――――'
nomatch: 'test_collect_error.py:1: in <module>'
    and: '/workdir/pytest-sugar-0.9.6/.tox/graalpylibtest-unit-test-tests/lib/python3.10/site-packages/_pytest/runner.py:341: in from_call'
    and: '    result: Optional[TResult] = func()'
    and: '/workdir/pytest-sugar-0.9.6/.tox/graalpylibtest-unit-test-tests/lib/python3.10/site-packages/_pytest/runner.py:372: in <lambda>'
    and: '    call = CallInfo.from_call(lambda: list(collector.collect()), "collect")'
    and: '/workdir/pytest-sugar-0.9.6/.tox/graalpylibtest-unit-test-tests/lib/python3.10/site-packages/_pytest/python.py:531: in collect'
    and: '    self._inject_setup_module_fixture()'
    and: '/workdir/pytest-sugar-0.9.6/.tox/graalpylibtest-unit-test-tests/lib/python3.10/site-packages/_pytest/python.py:545: in _inject_setup_module_fixture'
    and: '    self.obj, ("setUpModule", "setup_module")'
    and: '/workdir/pytest-sugar-0.9.6/.tox/graalpylibtest-unit-test-tests/lib/python3.10/site-packages/_pytest/python.py:310: in obj'
    and: '    self._obj = obj = self._getobj()'
    and: '/workdir/pytest-sugar-0.9.6/.tox/graalpylibtest-unit-test-tests/lib/python3.10/site-packages/_pytest/python.py:528: in _getobj'
    and: '    return self._importtestmodule()'
    and: '/workdir/pytest-sugar-0.9.6/.tox/graalpylibtest-unit-test-tests/lib/python3.10/site-packages/_pytest/python.py:617: in _importtestmodule'
    and: '    mod = import_path(self.path, mode=importmode, root=self.config.rootpath)'
    and: '/workdir/pytest-sugar-0.9.6/.tox/graalpylibtest-unit-test-tests/lib/python3.10/site-packages/_pytest/pathlib.py:567: in import_path'
    and: '    importlib.import_module(module_name)'
    and: '/opt/graalpy/lib/python3.10/importlib/__init__.py:126: in import_module'
    and: '    return _bootstrap._gcd_import(name[level:], package, level)'
exact match: 'test_collect_error.py:1: in <module>'
nomatch: '    raise ValueError(0)'
    and: '    ???'
    and: 'E   ValueError: 0'
    and: ''
    and: '=========================== short test summary info ============================'
    and: 'FAILED test_collect_error.py - ValueError: 0'
    and: '!!!!!!!!!!!!!!!!!!!! Interrupted: 1 error during collection !!!!!!!!!!!!!!!!!!!!'
    and: ''
    and: 'Results (0.29s):'
remains unmatched: '    raise ValueError(0)'
----------------------------- Captured stdout call -----------------------------
============================= test session starts ==============================
platform linux -- Python 3.10.8, pytest-7.4.3, pluggy-1.3.0
rootdir: /tmp/pytest-of-tester/pytest-11/test_collect_error0
collected 0 items / 1 error

==================================== ERRORS ====================================
____________________ ERROR collecting test_collect_error.py ____________________
/workdir/pytest-sugar-0.9.6/.tox/graalpylibtest-unit-test-tests/lib/python3.10/site-packages/_pytest/runner.py:341: in from_call
    result: Optional[TResult] = func()
/workdir/pytest-sugar-0.9.6/.tox/graalpylibtest-unit-test-tests/lib/python3.10/site-packages/_pytest/runner.py:372: in <lambda>
    call = CallInfo.from_call(lambda: list(collector.collect()), "collect")
/workdir/pytest-sugar-0.9.6/.tox/graalpylibtest-unit-test-tests/lib/python3.10/site-packages/_pytest/python.py:531: in collect
    self._inject_setup_module_fixture()
/workdir/pytest-sugar-0.9.6/.tox/graalpylibtest-unit-test-tests/lib/python3.10/site-packages/_pytest/python.py:545: in _inject_setup_module_fixture
    self.obj, ("setUpModule", "setup_module")
/workdir/pytest-sugar-0.9.6/.tox/graalpylibtest-unit-test-tests/lib/python3.10/site-packages/_pytest/python.py:310: in obj
    self._obj = obj = self._getobj()
/workdir/pytest-sugar-0.9.6/.tox/graalpylibtest-unit-test-tests/lib/python3.10/site-packages/_pytest/python.py:528: in _getobj
    return self._importtestmodule()
/workdir/pytest-sugar-0.9.6/.tox/graalpylibtest-unit-test-tests/lib/python3.10/site-packages/_pytest/python.py:617: in _importtestmodule
    mod = import_path(self.path, mode=importmode, root=self.config.rootpath)
/workdir/pytest-sugar-0.9.6/.tox/graalpylibtest-unit-test-tests/lib/python3.10/site-packages/_pytest/pathlib.py:567: in import_path
    importlib.import_module(module_name)
/opt/graalpy/lib/python3.10/importlib/__init__.py:126: in import_module
    return _bootstrap._gcd_import(name[level:], package, level)
test_collect_error.py:1: in <module>
    ???
E   ValueError: 0
=========================== short test summary info ============================
ERROR test_collect_error.py - ValueError: 0
!!!!!!!!!!!!!!!!!!!! Interrupted: 1 error during collection !!!!!!!!!!!!!!!!!!!!
=============================== 1 error in 0.30s ===============================
Test session starts (platform: linux, Python 3.10.8, pytest 7.4.3, pytest-sugar 0.9.6)
rootdir: /tmp/pytest-of-tester/pytest-11/test_collect_error0
plugins: sugar-0.9.6

―――――――――――――――――――― ERROR collecting test_collect_error.py ――――――――――――――――――――
/workdir/pytest-sugar-0.9.6/.tox/graalpylibtest-unit-test-tests/lib/python3.10/site-packages/_pytest/runner.py:341: in from_call
    result: Optional[TResult] = func()
/workdir/pytest-sugar-0.9.6/.tox/graalpylibtest-unit-test-tests/lib/python3.10/site-packages/_pytest/runner.py:372: in <lambda>
    call = CallInfo.from_call(lambda: list(collector.collect()), "collect")
/workdir/pytest-sugar-0.9.6/.tox/graalpylibtest-unit-test-tests/lib/python3.10/site-packages/_pytest/python.py:531: in collect
    self._inject_setup_module_fixture()
/workdir/pytest-sugar-0.9.6/.tox/graalpylibtest-unit-test-tests/lib/python3.10/site-packages/_pytest/python.py:545: in _inject_setup_module_fixture
    self.obj, ("setUpModule", "setup_module")
/workdir/pytest-sugar-0.9.6/.tox/graalpylibtest-unit-test-tests/lib/python3.10/site-packages/_pytest/python.py:310: in obj
    self._obj = obj = self._getobj()
/workdir/pytest-sugar-0.9.6/.tox/graalpylibtest-unit-test-tests/lib/python3.10/site-packages/_pytest/python.py:528: in _getobj
    return self._importtestmodule()
/workdir/pytest-sugar-0.9.6/.tox/graalpylibtest-unit-test-tests/lib/python3.10/site-packages/_pytest/python.py:617: in _importtestmodule
    mod = import_path(self.path, mode=importmode, root=self.config.rootpath)
/workdir/pytest-sugar-0.9.6/.tox/graalpylibtest-unit-test-tests/lib/python3.10/site-packages/_pytest/pathlib.py:567: in import_path
    importlib.import_module(module_name)
/opt/graalpy/lib/python3.10/importlib/__init__.py:126: in import_module
    return _bootstrap._gcd_import(name[level:], package, level)
test_collect_error.py:1: in <module>
    ???
E   ValueError: 0

=========================== short test summary info ============================
FAILED test_collect_error.py - ValueError: 0
!!!!!!!!!!!!!!!!!!!! Interrupted: 1 error during collection !!!!!!!!!!!!!!!!!!!!

Results (0.30s):
Test session starts (platform: linux, Python 3.10.8, pytest 7.4.3, pytest-sugar 0.9.6)
rootdir: /tmp/pytest-of-tester/pytest-11/test_collect_error0
plugins: sugar-0.9.6

―――――――――――――――――――― ERROR collecting test_collect_error.py ――――――――――――――――――――
/workdir/pytest-sugar-0.9.6/.tox/graalpylibtest-unit-test-tests/lib/python3.10/site-packages/_pytest/runner.py:341: in from_call
    result: Optional[TResult] = func()
/workdir/pytest-sugar-0.9.6/.tox/graalpylibtest-unit-test-tests/lib/python3.10/site-packages/_pytest/runner.py:372: in <lambda>
    call = CallInfo.from_call(lambda: list(collector.collect()), "collect")
/workdir/pytest-sugar-0.9.6/.tox/graalpylibtest-unit-test-tests/lib/python3.10/site-packages/_pytest/python.py:531: in collect
    self._inject_setup_module_fixture()
/workdir/pytest-sugar-0.9.6/.tox/graalpylibtest-unit-test-tests/lib/python3.10/site-packages/_pytest/python.py:545: in _inject_setup_module_fixture
    self.obj, ("setUpModule", "setup_module")
/workdir/pytest-sugar-0.9.6/.tox/graalpylibtest-unit-test-tests/lib/python3.10/site-packages/_pytest/python.py:310: in obj
    self._obj = obj = self._getobj()
/workdir/pytest-sugar-0.9.6/.tox/graalpylibtest-unit-test-tests/lib/python3.10/site-packages/_pytest/python.py:528: in _getobj
    return self._importtestmodule()
/workdir/pytest-sugar-0.9.6/.tox/graalpylibtest-unit-test-tests/lib/python3.10/site-packages/_pytest/python.py:617: in _importtestmodule
    mod = import_path(self.path, mode=importmode, root=self.config.rootpath)
/workdir/pytest-sugar-0.9.6/.tox/graalpylibtest-unit-test-tests/lib/python3.10/site-packages/_pytest/pathlib.py:567: in import_path
    importlib.import_module(module_name)
/opt/graalpy/lib/python3.10/importlib/__init__.py:126: in import_module
    return _bootstrap._gcd_import(name[level:], package, level)
test_collect_error.py:1: in <module>
    ???
E   ValueError: 0

=========================== short test summary info ============================
FAILED test_collect_error.py - ValueError: 0
!!!!!!!!!!!!!!!!!!!! Interrupted: 1 error during collection !!!!!!!!!!!!!!!!!!!!

Results (0.29s):
=============================== warnings summary ===============================
test_sugar.py: 31 warnings
  /workdir/pytest-sugar-0.9.6/.tox/graalpylibtest-unit-test-tests/lib/python3.10/site-packages/pytest_sugar.py:156: PytestDeprecationWarning: The hookimpl pytest_configure uses old-style configuration options (marks or attributes).
  Please use the pytest.hookimpl(trylast=True) decorator instead
   to configure the hooks.
   See https://docs.pytest.org/en/latest/deprecations.html#configuring-hook-specs-impls-using-markers
    def pytest_configure(config):

test_sugar.py: 31 warnings
  /workdir/pytest-sugar-0.9.6/.tox/graalpylibtest-unit-test-tests/lib/python3.10/site-packages/pytest_sugar.py:250: PytestRemovedIn8Warning: The (startdir: py.path.local) argument is deprecated, please use (start_path: pathlib.Path)
  see https://docs.pytest.org/en/latest/deprecations.html#py-path-local-arguments-for-hooks-replaced-with-pathlib-path
    lines = self.config.hook.pytest_report_header(

-- Docs: https://docs.pytest.org/en/stable/how-to/capture-warnings.html
- generated xml file: /workdir/results/pytest-sugar/0.9.6/1/graalpy-test-results.xml -
=========================== short test summary info ============================
FAILED test_sugar.py::TestTerminalReporter::test_old_summary - AssertionError
FAILED test_sugar.py::TestTerminalReporter::test_fail - Failed: nomatch: '* t...
FAILED test_sugar.py::TestTerminalReporter::test_fail_unicode_crashline - Fai...
FAILED test_sugar.py::TestTerminalReporter::test_fail_fail - Failed: nomatch:...
FAILED test_sugar.py::TestTerminalReporter::test_error_in_teardown_then_pass
FAILED test_sugar.py::TestTerminalReporter::test_collect_error - Failed: noma...
============ 6 failed, 74 passed, 3 skipped, 62 warnings in 19.85s =============
ERROR: InvocationError for command /workdir/pytest-sugar-0.9.6/.tox/graalpylibtest-unit-test-tests/bin/pytest -v --tb=native --junitxml /workdir/results/pytest-sugar/0.9.6/1/graalpy-test-results.xml (exited with code 1)
___________________________________ summary ____________________________________
ERROR:   graalpylibtest-unit-test-tests: commands failed
