GLOB sdist-make: /workdir/s3fs-2022.11.0/setup.py
graalpylibtest-unit-test-tests create: /workdir/s3fs-2022.11.0/.tox/graalpylibtest-unit-test-tests
graalpylibtest-unit-test-tests installdeps: mock, pytest, -rrequirements.txt, -rtest_requirements.txt
graalpylibtest-unit-test-tests inst: /workdir/s3fs-2022.11.0/.tox/.tmp/package/1/s3fs-2022.11.0.zip
graalpylibtest-unit-test-tests installed: aiobotocore==2.4.2,aiohttp==3.9.1,aioitertools==0.11.0,aiosignal==1.3.1,async-timeout==4.0.3,attrs==23.1.0,blinker==1.7.0,boto3==1.24.59,botocore==1.27.59,certifi==2023.11.17,cffi==1.15.1,charset-normalizer==3.1.0,click==8.1.7,cryptography==3.4.7,exceptiongroup==1.2.0,Flask==3.0.0,frozenlist==1.4.0,fsspec==2022.11.0,graalpy-virtualenv==0.0.1,hpy==0.9.0rc2,idna==3.6,iniconfig==2.0.0,itsdangerous==2.1.2,Jinja2==3.1.2,jmespath==1.0.1,MarkupSafe==2.1.3,mock==5.1.0,moto==4.2.10,multidict==6.0.4,packaging==23.2,pluggy==1.3.0,pycparser==2.21,pytest==7.4.3,pytest-env==1.1.3,python-dateutil==2.8.2,PyYAML==6.0.1,requests==2.31.0,responses==0.24.1,s3fs @ file:///workdir/s3fs-2022.11.0/.tox/.tmp/package/1/s3fs-2022.11.0.zip,s3transfer==0.6.2,six==1.16.0,tomli==2.0.1,urllib3==1.26.18,Werkzeug==3.0.1,wrapt==1.16.0,xmltodict==0.13.0,yarl==1.9.3
graalpylibtest-unit-test-tests run-test-pre: PYTHONHASHSEED='2459302134'
graalpylibtest-unit-test-tests run-test: commands[0] | pytest -v --tb=native --junitxml /workdir/results/s3fs/2022.11.0/1/graalpy-test-results.xml
============================= test session starts ==============================
platform linux -- Python 3.10.8, pytest-7.4.3, pluggy-1.3.0 -- /workdir/s3fs-2022.11.0/.tox/graalpylibtest-unit-test-tests/bin/python
cachedir: .tox/graalpylibtest-unit-test-tests/.pytest_cache
rootdir: /workdir/s3fs-2022.11.0
configfile: pytest.ini
testpaths: s3fs
plugins: env-1.1.3
collecting ... collected 0 items / 3 errors

==================================== ERRORS ====================================
_________________ ERROR collecting s3fs/tests/test_mapping.py __________________
Traceback (most recent call last):
  File "/workdir/s3fs-2022.11.0/.tox/graalpylibtest-unit-test-tests/lib/python3.10/site-packages/_pytest/runner.py", line 341, in from_call
    result: Optional[TResult] = func()
  File "/workdir/s3fs-2022.11.0/.tox/graalpylibtest-unit-test-tests/lib/python3.10/site-packages/_pytest/runner.py", line 372, in <lambda>
    call = CallInfo.from_call(lambda: list(collector.collect()), "collect")
  File "/workdir/s3fs-2022.11.0/.tox/graalpylibtest-unit-test-tests/lib/python3.10/site-packages/_pytest/python.py", line 531, in collect
    self._inject_setup_module_fixture()
  File "/workdir/s3fs-2022.11.0/.tox/graalpylibtest-unit-test-tests/lib/python3.10/site-packages/_pytest/python.py", line 545, in _inject_setup_module_fixture
    self.obj, ("setUpModule", "setup_module")
  File "/workdir/s3fs-2022.11.0/.tox/graalpylibtest-unit-test-tests/lib/python3.10/site-packages/_pytest/python.py", line 310, in obj
    self._obj = obj = self._getobj()
  File "/workdir/s3fs-2022.11.0/.tox/graalpylibtest-unit-test-tests/lib/python3.10/site-packages/_pytest/python.py", line 528, in _getobj
    return self._importtestmodule()
  File "/workdir/s3fs-2022.11.0/.tox/graalpylibtest-unit-test-tests/lib/python3.10/site-packages/_pytest/python.py", line 617, in _importtestmodule
    mod = import_path(self.path, mode=importmode, root=self.config.rootpath)
  File "/workdir/s3fs-2022.11.0/.tox/graalpylibtest-unit-test-tests/lib/python3.10/site-packages/_pytest/pathlib.py", line 567, in import_path
    importlib.import_module(module_name)
  File "/opt/graalpy/lib/python3.10/importlib/__init__.py", line 126, in import_module
    return _bootstrap._gcd_import(name[level:], package, level)
  File "/workdir/s3fs-2022.11.0/s3fs/__init__.py", line 1, in <module>
    from .core import S3FileSystem, S3File
  File "/workdir/s3fs-2022.11.0/s3fs/core.py", line 17, in <module>
    from fsspec.asyn import (
  File "/workdir/s3fs-2022.11.0/.tox/graalpylibtest-unit-test-tests/lib/python3.10/site-packages/fsspec/asyn.py", line 189, in <module>
    ResourceEror = resource.error
AttributeError: module 'resource' has no attribute 'error'
___________________ ERROR collecting s3fs/tests/test_s3fs.py ___________________
Traceback (most recent call last):
  File "/workdir/s3fs-2022.11.0/.tox/graalpylibtest-unit-test-tests/lib/python3.10/site-packages/_pytest/runner.py", line 341, in from_call
    result: Optional[TResult] = func()
  File "/workdir/s3fs-2022.11.0/.tox/graalpylibtest-unit-test-tests/lib/python3.10/site-packages/_pytest/runner.py", line 372, in <lambda>
    call = CallInfo.from_call(lambda: list(collector.collect()), "collect")
  File "/workdir/s3fs-2022.11.0/.tox/graalpylibtest-unit-test-tests/lib/python3.10/site-packages/_pytest/python.py", line 531, in collect
    self._inject_setup_module_fixture()
  File "/workdir/s3fs-2022.11.0/.tox/graalpylibtest-unit-test-tests/lib/python3.10/site-packages/_pytest/python.py", line 545, in _inject_setup_module_fixture
    self.obj, ("setUpModule", "setup_module")
  File "/workdir/s3fs-2022.11.0/.tox/graalpylibtest-unit-test-tests/lib/python3.10/site-packages/_pytest/python.py", line 310, in obj
    self._obj = obj = self._getobj()
  File "/workdir/s3fs-2022.11.0/.tox/graalpylibtest-unit-test-tests/lib/python3.10/site-packages/_pytest/python.py", line 528, in _getobj
    return self._importtestmodule()
  File "/workdir/s3fs-2022.11.0/.tox/graalpylibtest-unit-test-tests/lib/python3.10/site-packages/_pytest/python.py", line 617, in _importtestmodule
    mod = import_path(self.path, mode=importmode, root=self.config.rootpath)
  File "/workdir/s3fs-2022.11.0/.tox/graalpylibtest-unit-test-tests/lib/python3.10/site-packages/_pytest/pathlib.py", line 567, in import_path
    importlib.import_module(module_name)
  File "/opt/graalpy/lib/python3.10/importlib/__init__.py", line 126, in import_module
    return _bootstrap._gcd_import(name[level:], package, level)
  File "/workdir/s3fs-2022.11.0/s3fs/__init__.py", line 1, in <module>
    from .core import S3FileSystem, S3File
  File "/workdir/s3fs-2022.11.0/s3fs/core.py", line 17, in <module>
    from fsspec.asyn import (
  File "/workdir/s3fs-2022.11.0/.tox/graalpylibtest-unit-test-tests/lib/python3.10/site-packages/fsspec/asyn.py", line 189, in <module>
    ResourceEror = resource.error
AttributeError: module 'resource' has no attribute 'error'
__________________ ERROR collecting s3fs/tests/test_utils.py ___________________
Traceback (most recent call last):
  File "/workdir/s3fs-2022.11.0/.tox/graalpylibtest-unit-test-tests/lib/python3.10/site-packages/_pytest/runner.py", line 341, in from_call
    result: Optional[TResult] = func()
  File "/workdir/s3fs-2022.11.0/.tox/graalpylibtest-unit-test-tests/lib/python3.10/site-packages/_pytest/runner.py", line 372, in <lambda>
    call = CallInfo.from_call(lambda: list(collector.collect()), "collect")
  File "/workdir/s3fs-2022.11.0/.tox/graalpylibtest-unit-test-tests/lib/python3.10/site-packages/_pytest/python.py", line 531, in collect
    self._inject_setup_module_fixture()
  File "/workdir/s3fs-2022.11.0/.tox/graalpylibtest-unit-test-tests/lib/python3.10/site-packages/_pytest/python.py", line 545, in _inject_setup_module_fixture
    self.obj, ("setUpModule", "setup_module")
  File "/workdir/s3fs-2022.11.0/.tox/graalpylibtest-unit-test-tests/lib/python3.10/site-packages/_pytest/python.py", line 310, in obj
    self._obj = obj = self._getobj()
  File "/workdir/s3fs-2022.11.0/.tox/graalpylibtest-unit-test-tests/lib/python3.10/site-packages/_pytest/python.py", line 528, in _getobj
    return self._importtestmodule()
  File "/workdir/s3fs-2022.11.0/.tox/graalpylibtest-unit-test-tests/lib/python3.10/site-packages/_pytest/python.py", line 617, in _importtestmodule
    mod = import_path(self.path, mode=importmode, root=self.config.rootpath)
  File "/workdir/s3fs-2022.11.0/.tox/graalpylibtest-unit-test-tests/lib/python3.10/site-packages/_pytest/pathlib.py", line 567, in import_path
    importlib.import_module(module_name)
  File "/opt/graalpy/lib/python3.10/importlib/__init__.py", line 126, in import_module
    return _bootstrap._gcd_import(name[level:], package, level)
  File "/workdir/s3fs-2022.11.0/s3fs/__init__.py", line 1, in <module>
    from .core import S3FileSystem, S3File
  File "/workdir/s3fs-2022.11.0/s3fs/core.py", line 17, in <module>
    from fsspec.asyn import (
  File "/workdir/s3fs-2022.11.0/.tox/graalpylibtest-unit-test-tests/lib/python3.10/site-packages/fsspec/asyn.py", line 189, in <module>
    ResourceEror = resource.error
AttributeError: module 'resource' has no attribute 'error'
- generated xml file: /workdir/results/s3fs/2022.11.0/1/graalpy-test-results.xml -
=========================== short test summary info ============================
ERROR s3fs/tests/test_mapping.py - AttributeError: module 'resource' has no a...
ERROR s3fs/tests/test_s3fs.py - AttributeError: module 'resource' has no attr...
ERROR s3fs/tests/test_utils.py - AttributeError: module 'resource' has no att...
!!!!!!!!!!!!!!!!!!! Interrupted: 3 errors during collection !!!!!!!!!!!!!!!!!!!!
============================== 3 errors in 0.83s ===============================
ERROR: InvocationError for command /workdir/s3fs-2022.11.0/.tox/graalpylibtest-unit-test-tests/bin/pytest -v --tb=native --junitxml /workdir/results/s3fs/2022.11.0/1/graalpy-test-results.xml (exited with code 2)
___________________________________ summary ____________________________________
ERROR:   graalpylibtest-unit-test-tests: commands failed
