<?xml version="1.0" encoding="utf-8"?><testsuites><testsuite name="pytest" errors="0" failures="1" skipped="78" tests="100" time="10.961" timestamp="2023-11-22T05:43:49.254000" hostname="80ac3eb7f7f2"><testcase classname="keyring._properties_compat" name="keyring._properties_compat.NonDataProperty" time="0.020" /><testcase classname="keyring._properties_compat" name="keyring._properties_compat.classproperty" time="0.029" /><testcase classname="keyring.backend" name="keyring.backend.SchemeSelectable" time="0.009" /><testcase classname="keyring.core" name="keyring.core._load_keyring_class" time="0.010" /><testcase classname="keyring.credentials" name="keyring.credentials.EnvironCredential" time="0.007" /><testcase classname="keyring.devpi_client" name="keyring.devpi_client.devpiclient_get_password" time="0.008" /><testcase classname="keyring.backends.chainer" name="keyring.backends.chainer.ChainerBackend" time="0.010" /><testcase classname="keyring.backends.fail" name="keyring.backends.fail.Keyring" time="0.010" /><testcase classname="keyring.backends.null" name="keyring.backends.null.Keyring" time="0.007" /><testcase classname="keyring.util.__init__" name="keyring.util.once" time="0.008" /><testcase classname="tests.test_core" name="test_init_recommended" time="0.090" /><testcase classname="tests.test_errors.TestExceptionInfo" name="test_traceback_not_referenced" time="0.013"><failure message="AssertionError">Traceback (most recent call last):
  File "/workdir/keyring-23.11.0/.tox/graalpylibtest-unit-test-tests/lib/python3.10/site-packages/_pytest/runner.py", line 341, in from_call
    result: Optional[TResult] = func()
  File "/workdir/keyring-23.11.0/.tox/graalpylibtest-unit-test-tests/lib/python3.10/site-packages/_pytest/runner.py", line 262, in &lt;lambda&gt;
    lambda: ihook(item=item, **kwds), when=when, reraise=reraise
  File "/workdir/keyring-23.11.0/.tox/graalpylibtest-unit-test-tests/lib/python3.10/site-packages/pluggy/_hooks.py", line 493, in __call__
    return self._hookexec(self.name, self._hookimpls, kwargs, firstresult)
  File "/workdir/keyring-23.11.0/.tox/graalpylibtest-unit-test-tests/lib/python3.10/site-packages/pluggy/_manager.py", line 115, in _hookexec
    return self._inner_hookexec(hook_name, methods, kwargs, firstresult)
  File "/workdir/keyring-23.11.0/.tox/graalpylibtest-unit-test-tests/lib/python3.10/site-packages/pluggy/_callers.py", line 152, in _multicall
    return outcome.get_result()
  File "/workdir/keyring-23.11.0/.tox/graalpylibtest-unit-test-tests/lib/python3.10/site-packages/pluggy/_result.py", line 114, in get_result
    raise exc.with_traceback(exc.__traceback__)
  File "/workdir/keyring-23.11.0/.tox/graalpylibtest-unit-test-tests/lib/python3.10/site-packages/pluggy/_callers.py", line 77, in _multicall
    res = hook_impl.function(*args)
  File "/workdir/keyring-23.11.0/.tox/graalpylibtest-unit-test-tests/lib/python3.10/site-packages/_pytest/runner.py", line 177, in pytest_runtest_call
    raise e
  File "/workdir/keyring-23.11.0/.tox/graalpylibtest-unit-test-tests/lib/python3.10/site-packages/_pytest/runner.py", line 169, in pytest_runtest_call
    item.runtest()
  File "/workdir/keyring-23.11.0/.tox/graalpylibtest-unit-test-tests/lib/python3.10/site-packages/_pytest/python.py", line 1792, in runtest
    self.ihook.pytest_pyfunc_call(pyfuncitem=self)
  File "/workdir/keyring-23.11.0/.tox/graalpylibtest-unit-test-tests/lib/python3.10/site-packages/pluggy/_hooks.py", line 493, in __call__
    return self._hookexec(self.name, self._hookimpls, kwargs, firstresult)
  File "/workdir/keyring-23.11.0/.tox/graalpylibtest-unit-test-tests/lib/python3.10/site-packages/pluggy/_manager.py", line 115, in _hookexec
    return self._inner_hookexec(hook_name, methods, kwargs, firstresult)
  File "/workdir/keyring-23.11.0/.tox/graalpylibtest-unit-test-tests/lib/python3.10/site-packages/pluggy/_callers.py", line 113, in _multicall
    raise exception.with_traceback(exception.__traceback__)
  File "/workdir/keyring-23.11.0/.tox/graalpylibtest-unit-test-tests/lib/python3.10/site-packages/pluggy/_callers.py", line 77, in _multicall
    res = hook_impl.function(*args)
  File "/workdir/keyring-23.11.0/.tox/graalpylibtest-unit-test-tests/lib/python3.10/site-packages/_pytest/python.py", line 194, in pytest_pyfunc_call
    result = testfunction(**testargs)
  File "/workdir/keyring-23.11.0/tests/test_errors.py", line 31, in test_traceback_not_referenced
    assert state.deleted
AssertionError</failure></testcase><testcase classname="tests.test_integration" name="test_argv[del sys.argv]" time="0.931" /><testcase classname="tests.test_integration" name="test_argv[sys.argv = []]" time="1.010" /><testcase classname="tests.test_integration" name="test_argv[sys.argv = None]" time="0.904" /><testcase classname="tests.test_multiprocess" name="test_multiprocess_get" time="4.152"><skipped type="pytest.xfail" message="#410: keyring discovery fails intermittently" /></testcase><testcase classname="tests.test_multiprocess" name="test_multiprocess_get_after_native_get" time="0.011"><skipped type="pytest.xfail" message="#410: keyring discovery fails intermittently" /></testcase><testcase classname="tests.test_packaging" name="test_entry_point" time="0.034" /><testcase classname="tests.test_packaging" name="test_missing_metadata" time="0.009" /><testcase classname="tests.backends.test_SecretService.TestSecretServiceKeyring" name="test_password_set_get" time="0.004"><skipped type="pytest.skip" message="SecretStorage package is needed for SecretServiceKeyring">/workdir/keyring-23.11.0/keyring/testing/backend.py:68: SecretStorage package is needed for SecretServiceKeyring</skipped></testcase><testcase classname="tests.backends.test_SecretService.TestSecretServiceKeyring" name="test_difficult_chars" time="0.004"><skipped type="pytest.skip" message="SecretStorage package is needed for SecretServiceKeyring">/workdir/keyring-23.11.0/keyring/testing/backend.py:74: SecretStorage package is needed for SecretServiceKeyring</skipped></testcase><testcase classname="tests.backends.test_SecretService.TestSecretServiceKeyring" name="test_delete_present" time="0.021"><skipped type="pytest.skip" message="SecretStorage package is needed for SecretServiceKeyring">/workdir/keyring-23.11.0/keyring/testing/backend.py:80: SecretStorage package is needed for SecretServiceKeyring</skipped></testcase><testcase classname="tests.backends.test_SecretService.TestSecretServiceKeyring" name="test_delete_not_present" time="0.003"><skipped type="pytest.skip" message="SecretStorage package is needed for SecretServiceKeyring">/workdir/keyring-23.11.0/keyring/testing/backend.py:88: SecretStorage package is needed for SecretServiceKeyring</skipped></testcase><testcase classname="tests.backends.test_SecretService.TestSecretServiceKeyring" name="test_delete_one_in_group" time="0.003"><skipped type="pytest.skip" message="SecretStorage package is needed for SecretServiceKeyring">/workdir/keyring-23.11.0/keyring/testing/backend.py:94: SecretStorage package is needed for SecretServiceKeyring</skipped></testcase><testcase classname="tests.backends.test_SecretService.TestSecretServiceKeyring" name="test_name_property" time="0.003"><skipped type="pytest.skip" message="SecretStorage package is needed for SecretServiceKeyring">/workdir/keyring-23.11.0/keyring/testing/backend.py:104: SecretStorage package is needed for SecretServiceKeyring</skipped></testcase><testcase classname="tests.backends.test_SecretService.TestSecretServiceKeyring" name="test_unicode_chars" time="0.003"><skipped type="pytest.skip" message="SecretStorage package is needed for SecretServiceKeyring">/workdir/keyring-23.11.0/keyring/testing/backend.py:107: SecretStorage package is needed for SecretServiceKeyring</skipped></testcase><testcase classname="tests.backends.test_SecretService.TestSecretServiceKeyring" name="test_unicode_and_ascii_chars" time="0.003"><skipped type="pytest.skip" message="SecretStorage package is needed for SecretServiceKeyring">/workdir/keyring-23.11.0/keyring/testing/backend.py:113: SecretStorage package is needed for SecretServiceKeyring</skipped></testcase><testcase classname="tests.backends.test_SecretService.TestSecretServiceKeyring" name="test_different_user" time="0.003"><skipped type="pytest.skip" message="SecretStorage package is needed for SecretServiceKeyring">/workdir/keyring-23.11.0/keyring/testing/backend.py:124: SecretStorage package is needed for SecretServiceKeyring</skipped></testcase><testcase classname="tests.backends.test_SecretService.TestSecretServiceKeyring" name="test_credential" time="0.003"><skipped type="pytest.skip" message="SecretStorage package is needed for SecretServiceKeyring">/workdir/keyring-23.11.0/keyring/testing/backend.py:139: SecretStorage package is needed for SecretServiceKeyring</skipped></testcase><testcase classname="tests.backends.test_SecretService.TestSecretServiceKeyring" name="test_set_properties" time="0.003"><skipped type="pytest.skip" message="SecretStorage package is needed for SecretServiceKeyring">/workdir/keyring-23.11.0/keyring/testing/backend.py:161: SecretStorage package is needed for SecretServiceKeyring</skipped></testcase><testcase classname="tests.backends.test_SecretService.TestSecretServiceKeyring" name="test_new_with_properties" time="0.003"><skipped type="pytest.skip" message="SecretStorage package is needed for SecretServiceKeyring">/workdir/keyring-23.11.0/keyring/testing/backend.py:167: SecretStorage package is needed for SecretServiceKeyring</skipped></testcase><testcase classname="tests.backends.test_SecretService.TestUnits" name="test_supported_no_secretstorage" time="0.006" /><testcase classname="tests.backends.test_Windows.TestWinVaultKeyring" name="test_password_set_get" time="0.003"><skipped type="pytest.skip" message="Needs Windows">/workdir/keyring-23.11.0/keyring/testing/backend.py:68: Needs Windows</skipped></testcase><testcase classname="tests.backends.test_Windows.TestWinVaultKeyring" name="test_difficult_chars" time="0.003"><skipped type="pytest.skip" message="Needs Windows">/workdir/keyring-23.11.0/keyring/testing/backend.py:74: Needs Windows</skipped></testcase><testcase classname="tests.backends.test_Windows.TestWinVaultKeyring" name="test_delete_present" time="0.003"><skipped type="pytest.skip" message="Needs Windows">/workdir/keyring-23.11.0/keyring/testing/backend.py:80: Needs Windows</skipped></testcase><testcase classname="tests.backends.test_Windows.TestWinVaultKeyring" name="test_delete_not_present" time="0.003"><skipped type="pytest.skip" message="Needs Windows">/workdir/keyring-23.11.0/keyring/testing/backend.py:88: Needs Windows</skipped></testcase><testcase classname="tests.backends.test_Windows.TestWinVaultKeyring" name="test_delete_one_in_group" time="0.003"><skipped type="pytest.skip" message="Needs Windows">/workdir/keyring-23.11.0/keyring/testing/backend.py:94: Needs Windows</skipped></testcase><testcase classname="tests.backends.test_Windows.TestWinVaultKeyring" name="test_name_property" time="0.003"><skipped type="pytest.skip" message="Needs Windows">/workdir/keyring-23.11.0/keyring/testing/backend.py:104: Needs Windows</skipped></testcase><testcase classname="tests.backends.test_Windows.TestWinVaultKeyring" name="test_unicode_chars" time="0.003"><skipped type="pytest.skip" message="Needs Windows">/workdir/keyring-23.11.0/keyring/testing/backend.py:107: Needs Windows</skipped></testcase><testcase classname="tests.backends.test_Windows.TestWinVaultKeyring" name="test_unicode_and_ascii_chars" time="0.003"><skipped type="pytest.skip" message="Needs Windows">/workdir/keyring-23.11.0/keyring/testing/backend.py:113: Needs Windows</skipped></testcase><testcase classname="tests.backends.test_Windows.TestWinVaultKeyring" name="test_different_user" time="0.003"><skipped type="pytest.skip" message="Needs Windows">/workdir/keyring-23.11.0/keyring/testing/backend.py:124: Needs Windows</skipped></testcase><testcase classname="tests.backends.test_Windows.TestWinVaultKeyring" name="test_credential" time="0.003"><skipped type="pytest.skip" message="Needs Windows">/workdir/keyring-23.11.0/keyring/testing/backend.py:139: Needs Windows</skipped></testcase><testcase classname="tests.backends.test_Windows.TestWinVaultKeyring" name="test_set_properties" time="0.003"><skipped type="pytest.skip" message="Needs Windows">/workdir/keyring-23.11.0/keyring/testing/backend.py:161: Needs Windows</skipped></testcase><testcase classname="tests.backends.test_Windows.TestWinVaultKeyring" name="test_new_with_properties" time="0.003"><skipped type="pytest.skip" message="Needs Windows">/workdir/keyring-23.11.0/keyring/testing/backend.py:167: Needs Windows</skipped></testcase><testcase classname="tests.backends.test_Windows.TestWinVaultKeyring" name="test_long_password_nice_error" time="0.003"><skipped type="pytest.skip" message="Needs Windows">/workdir/keyring-23.11.0/tests/backends/test_Windows.py:50: Needs Windows</skipped></testcase><testcase classname="tests.backends.test_Windows.TestWinVaultKeyring" name="test_read_utf8_password" time="0.003"><skipped type="pytest.skip" message="Needs Windows">/workdir/keyring-23.11.0/tests/backends/test_Windows.py:53: Needs Windows</skipped></testcase><testcase classname="tests.backends.test_Windows" name="test_winvault_always_viable" time="0.004"><skipped type="pytest.skip" message="condition: sys.platform != &quot;win32&quot;">/workdir/keyring-23.11.0/tests/backends/test_Windows.py:66: condition: sys.platform != "win32"</skipped></testcase><testcase classname="tests.backends.test_chainer.TestChainer" name="test_chainer_gets_from_highest_priority" time="0.012" /><testcase classname="tests.backends.test_chainer.TestChainer" name="test_chainer_defers_to_fail" time="0.007" /><testcase classname="tests.backends.test_kwallet.TestDBusKWallet" name="test_password_set_get" time="0.003"><skipped type="pytest.skip" message="KWallet5 unavailable">/workdir/keyring-23.11.0/keyring/testing/backend.py:68: KWallet5 unavailable</skipped></testcase><testcase classname="tests.backends.test_kwallet.TestDBusKWallet" name="test_difficult_chars" time="0.003"><skipped type="pytest.skip" message="KWallet5 unavailable">/workdir/keyring-23.11.0/keyring/testing/backend.py:74: KWallet5 unavailable</skipped></testcase><testcase classname="tests.backends.test_kwallet.TestDBusKWallet" name="test_delete_present" time="0.003"><skipped type="pytest.skip" message="KWallet5 unavailable">/workdir/keyring-23.11.0/keyring/testing/backend.py:80: KWallet5 unavailable</skipped></testcase><testcase classname="tests.backends.test_kwallet.TestDBusKWallet" name="test_delete_not_present" time="0.003"><skipped type="pytest.skip" message="KWallet5 unavailable">/workdir/keyring-23.11.0/keyring/testing/backend.py:88: KWallet5 unavailable</skipped></testcase><testcase classname="tests.backends.test_kwallet.TestDBusKWallet" name="test_delete_one_in_group" time="0.003"><skipped type="pytest.skip" message="KWallet5 unavailable">/workdir/keyring-23.11.0/keyring/testing/backend.py:94: KWallet5 unavailable</skipped></testcase><testcase classname="tests.backends.test_kwallet.TestDBusKWallet" name="test_name_property" time="0.003"><skipped type="pytest.skip" message="KWallet5 unavailable">/workdir/keyring-23.11.0/keyring/testing/backend.py:104: KWallet5 unavailable</skipped></testcase><testcase classname="tests.backends.test_kwallet.TestDBusKWallet" name="test_unicode_chars" time="0.003"><skipped type="pytest.skip" message="KWallet5 unavailable">/workdir/keyring-23.11.0/keyring/testing/backend.py:107: KWallet5 unavailable</skipped></testcase><testcase classname="tests.backends.test_kwallet.TestDBusKWallet" name="test_unicode_and_ascii_chars" time="0.003"><skipped type="pytest.skip" message="KWallet5 unavailable">/workdir/keyring-23.11.0/keyring/testing/backend.py:113: KWallet5 unavailable</skipped></testcase><testcase classname="tests.backends.test_kwallet.TestDBusKWallet" name="test_different_user" time="0.003"><skipped type="pytest.skip" message="KWallet5 unavailable">/workdir/keyring-23.11.0/keyring/testing/backend.py:124: KWallet5 unavailable</skipped></testcase><testcase classname="tests.backends.test_kwallet.TestDBusKWallet" name="test_credential" time="0.003"><skipped type="pytest.skip" message="KWallet5 unavailable">/workdir/keyring-23.11.0/keyring/testing/backend.py:139: KWallet5 unavailable</skipped></testcase><testcase classname="tests.backends.test_kwallet.TestDBusKWallet" name="test_set_properties" time="0.003"><skipped type="pytest.skip" message="KWallet5 unavailable">/workdir/keyring-23.11.0/keyring/testing/backend.py:161: KWallet5 unavailable</skipped></testcase><testcase classname="tests.backends.test_kwallet.TestDBusKWallet" name="test_new_with_properties" time="0.003"><skipped type="pytest.skip" message="KWallet5 unavailable">/workdir/keyring-23.11.0/keyring/testing/backend.py:167: KWallet5 unavailable</skipped></testcase><testcase classname="tests.backends.test_kwallet.TestDBusKWallet4" name="test_password_set_get" time="0.003"><skipped type="pytest.skip" message="KWallet5 unavailable">/workdir/keyring-23.11.0/keyring/testing/backend.py:68: KWallet5 unavailable</skipped></testcase><testcase classname="tests.backends.test_kwallet.TestDBusKWallet4" name="test_difficult_chars" time="0.003"><skipped type="pytest.skip" message="KWallet5 unavailable">/workdir/keyring-23.11.0/keyring/testing/backend.py:74: KWallet5 unavailable</skipped></testcase><testcase classname="tests.backends.test_kwallet.TestDBusKWallet4" name="test_delete_present" time="0.003"><skipped type="pytest.skip" message="KWallet5 unavailable">/workdir/keyring-23.11.0/keyring/testing/backend.py:80: KWallet5 unavailable</skipped></testcase><testcase classname="tests.backends.test_kwallet.TestDBusKWallet4" name="test_delete_not_present" time="0.003"><skipped type="pytest.skip" message="KWallet5 unavailable">/workdir/keyring-23.11.0/keyring/testing/backend.py:88: KWallet5 unavailable</skipped></testcase><testcase classname="tests.backends.test_kwallet.TestDBusKWallet4" name="test_delete_one_in_group" time="0.003"><skipped type="pytest.skip" message="KWallet5 unavailable">/workdir/keyring-23.11.0/keyring/testing/backend.py:94: KWallet5 unavailable</skipped></testcase><testcase classname="tests.backends.test_kwallet.TestDBusKWallet4" name="test_name_property" time="0.003"><skipped type="pytest.skip" message="KWallet5 unavailable">/workdir/keyring-23.11.0/keyring/testing/backend.py:104: KWallet5 unavailable</skipped></testcase><testcase classname="tests.backends.test_kwallet.TestDBusKWallet4" name="test_unicode_chars" time="0.003"><skipped type="pytest.skip" message="KWallet5 unavailable">/workdir/keyring-23.11.0/keyring/testing/backend.py:107: KWallet5 unavailable</skipped></testcase><testcase classname="tests.backends.test_kwallet.TestDBusKWallet4" name="test_unicode_and_ascii_chars" time="0.002"><skipped type="pytest.skip" message="KWallet5 unavailable">/workdir/keyring-23.11.0/keyring/testing/backend.py:113: KWallet5 unavailable</skipped></testcase><testcase classname="tests.backends.test_kwallet.TestDBusKWallet4" name="test_different_user" time="0.002"><skipped type="pytest.skip" message="KWallet5 unavailable">/workdir/keyring-23.11.0/keyring/testing/backend.py:124: KWallet5 unavailable</skipped></testcase><testcase classname="tests.backends.test_kwallet.TestDBusKWallet4" name="test_credential" time="0.003"><skipped type="pytest.skip" message="KWallet5 unavailable">/workdir/keyring-23.11.0/keyring/testing/backend.py:139: KWallet5 unavailable</skipped></testcase><testcase classname="tests.backends.test_kwallet.TestDBusKWallet4" name="test_set_properties" time="0.003"><skipped type="pytest.skip" message="KWallet5 unavailable">/workdir/keyring-23.11.0/keyring/testing/backend.py:161: KWallet5 unavailable</skipped></testcase><testcase classname="tests.backends.test_kwallet.TestDBusKWallet4" name="test_new_with_properties" time="0.004"><skipped type="pytest.skip" message="KWallet5 unavailable">/workdir/keyring-23.11.0/keyring/testing/backend.py:167: KWallet5 unavailable</skipped></testcase><testcase classname="tests.backends.test_libsecret.TestLibSecretKeyring" name="test_password_set_get" time="0.003"><skipped type="pytest.skip" message="libsecret package is needed for LibSecretKeyring">/workdir/keyring-23.11.0/keyring/testing/backend.py:68: libsecret package is needed for LibSecretKeyring</skipped></testcase><testcase classname="tests.backends.test_libsecret.TestLibSecretKeyring" name="test_difficult_chars" time="0.003"><skipped type="pytest.skip" message="libsecret package is needed for LibSecretKeyring">/workdir/keyring-23.11.0/keyring/testing/backend.py:74: libsecret package is needed for LibSecretKeyring</skipped></testcase><testcase classname="tests.backends.test_libsecret.TestLibSecretKeyring" name="test_delete_present" time="0.003"><skipped type="pytest.skip" message="libsecret package is needed for LibSecretKeyring">/workdir/keyring-23.11.0/keyring/testing/backend.py:80: libsecret package is needed for LibSecretKeyring</skipped></testcase><testcase classname="tests.backends.test_libsecret.TestLibSecretKeyring" name="test_delete_not_present" time="0.003"><skipped type="pytest.skip" message="libsecret package is needed for LibSecretKeyring">/workdir/keyring-23.11.0/keyring/testing/backend.py:88: libsecret package is needed for LibSecretKeyring</skipped></testcase><testcase classname="tests.backends.test_libsecret.TestLibSecretKeyring" name="test_delete_one_in_group" time="0.003"><skipped type="pytest.skip" message="libsecret package is needed for LibSecretKeyring">/workdir/keyring-23.11.0/keyring/testing/backend.py:94: libsecret package is needed for LibSecretKeyring</skipped></testcase><testcase classname="tests.backends.test_libsecret.TestLibSecretKeyring" name="test_name_property" time="0.003"><skipped type="pytest.skip" message="libsecret package is needed for LibSecretKeyring">/workdir/keyring-23.11.0/keyring/testing/backend.py:104: libsecret package is needed for LibSecretKeyring</skipped></testcase><testcase classname="tests.backends.test_libsecret.TestLibSecretKeyring" name="test_unicode_chars" time="0.003"><skipped type="pytest.skip" message="libsecret package is needed for LibSecretKeyring">/workdir/keyring-23.11.0/keyring/testing/backend.py:107: libsecret package is needed for LibSecretKeyring</skipped></testcase><testcase classname="tests.backends.test_libsecret.TestLibSecretKeyring" name="test_unicode_and_ascii_chars" time="0.003"><skipped type="pytest.skip" message="libsecret package is needed for LibSecretKeyring">/workdir/keyring-23.11.0/keyring/testing/backend.py:113: libsecret package is needed for LibSecretKeyring</skipped></testcase><testcase classname="tests.backends.test_libsecret.TestLibSecretKeyring" name="test_different_user" time="0.003"><skipped type="pytest.skip" message="libsecret package is needed for LibSecretKeyring">/workdir/keyring-23.11.0/keyring/testing/backend.py:124: libsecret package is needed for LibSecretKeyring</skipped></testcase><testcase classname="tests.backends.test_libsecret.TestLibSecretKeyring" name="test_credential" time="0.004"><skipped type="pytest.skip" message="libsecret package is needed for LibSecretKeyring">/workdir/keyring-23.11.0/keyring/testing/backend.py:139: libsecret package is needed for LibSecretKeyring</skipped></testcase><testcase classname="tests.backends.test_libsecret.TestLibSecretKeyring" name="test_set_properties" time="0.003"><skipped type="pytest.skip" message="libsecret package is needed for LibSecretKeyring">/workdir/keyring-23.11.0/keyring/testing/backend.py:161: libsecret package is needed for LibSecretKeyring</skipped></testcase><testcase classname="tests.backends.test_libsecret.TestLibSecretKeyring" name="test_new_with_properties" time="0.003"><skipped type="pytest.skip" message="libsecret package is needed for LibSecretKeyring">/workdir/keyring-23.11.0/keyring/testing/backend.py:167: libsecret package is needed for LibSecretKeyring</skipped></testcase><testcase classname="tests.backends.test_libsecret.TestUnits" name="test_supported_no_libsecret" time="0.005" /><testcase classname="tests.backends.test_macOS.Test_macOSKeychain" name="test_password_set_get" time="0.003"><skipped type="pytest.skip" message="macOS backend not viable">/workdir/keyring-23.11.0/keyring/testing/backend.py:68: macOS backend not viable</skipped></testcase><testcase classname="tests.backends.test_macOS.Test_macOSKeychain" name="test_difficult_chars" time="0.003"><skipped type="pytest.skip" message="macOS backend not viable">/workdir/keyring-23.11.0/keyring/testing/backend.py:74: macOS backend not viable</skipped></testcase><testcase classname="tests.backends.test_macOS.Test_macOSKeychain" name="test_delete_present" time="0.003"><skipped type="pytest.skip" message="macOS backend not viable">/workdir/keyring-23.11.0/keyring/testing/backend.py:80: macOS backend not viable</skipped></testcase><testcase classname="tests.backends.test_macOS.Test_macOSKeychain" name="test_delete_not_present" time="0.003"><skipped type="pytest.skip" message="macOS backend not viable">/workdir/keyring-23.11.0/keyring/testing/backend.py:88: macOS backend not viable</skipped></testcase><testcase classname="tests.backends.test_macOS.Test_macOSKeychain" name="test_delete_one_in_group" time="0.003"><skipped type="pytest.skip" message="macOS backend not viable">/workdir/keyring-23.11.0/keyring/testing/backend.py:94: macOS backend not viable</skipped></testcase><testcase classname="tests.backends.test_macOS.Test_macOSKeychain" name="test_name_property" time="0.003"><skipped type="pytest.skip" message="macOS backend not viable">/workdir/keyring-23.11.0/keyring/testing/backend.py:104: macOS backend not viable</skipped></testcase><testcase classname="tests.backends.test_macOS.Test_macOSKeychain" name="test_unicode_chars" time="0.003"><skipped type="pytest.skip" message="macOS backend not viable">/workdir/keyring-23.11.0/keyring/testing/backend.py:107: macOS backend not viable</skipped></testcase><testcase classname="tests.backends.test_macOS.Test_macOSKeychain" name="test_unicode_and_ascii_chars" time="0.003"><skipped type="pytest.skip" message="macOS backend not viable">/workdir/keyring-23.11.0/keyring/testing/backend.py:113: macOS backend not viable</skipped></testcase><testcase classname="tests.backends.test_macOS.Test_macOSKeychain" name="test_different_user" time="0.003"><skipped type="pytest.skip" message="macOS backend not viable">/workdir/keyring-23.11.0/keyring/testing/backend.py:124: macOS backend not viable</skipped></testcase><testcase classname="tests.backends.test_macOS.Test_macOSKeychain" name="test_credential" time="0.003"><skipped type="pytest.skip" message="macOS backend not viable">/workdir/keyring-23.11.0/keyring/testing/backend.py:139: macOS backend not viable</skipped></testcase><testcase classname="tests.backends.test_macOS.Test_macOSKeychain" name="test_set_properties" time="0.003"><skipped type="pytest.skip" message="macOS backend not viable">/workdir/keyring-23.11.0/keyring/testing/backend.py:161: macOS backend not viable</skipped></testcase><testcase classname="tests.backends.test_macOS.Test_macOSKeychain" name="test_new_with_properties" time="0.003"><skipped type="pytest.skip" message="macOS backend not viable">/workdir/keyring-23.11.0/keyring/testing/backend.py:167: macOS backend not viable</skipped></testcase><testcase classname="tests.util.test_platform" name="test_platform_Linux" time="0.006" /><testcase classname="tests.util.test_platform" name="test_platform_Windows" time="0.005"><skipped type="pytest.skip" message="condition: platform.system() != &quot;Windows&quot;">/workdir/keyring-23.11.0/tests/util/test_platform.py:13: condition: platform.system() != "Windows"</skipped></testcase></testsuite></testsuites>