GLOB sdist-make: /workdir/yarl-1.8.2/setup.py
cpythonlibtest-unit-test-tests create: /workdir/yarl-1.8.2/.tox/cpythonlibtest-unit-test-tests
cpythonlibtest-unit-test-tests installdeps: mock, pytest, -rrequirements/doc.txt, -rrequirements/towncrier.txt, -rrequirements/cython.txt, -rrequirements/lint.txt, -rrequirements/ci.txt, -rrequirements/dev.txt, -rrequirements/test.txt, -rrequirements/doc-spelling.txt
ERROR: invocation failed (exit code 1), logfile: /workdir/yarl-1.8.2/.tox/cpythonlibtest-unit-test-tests/log/cpythonlibtest-unit-test-tests-1.log
================================== log start ===================================
Obtaining file:///workdir/yarl-1.8.2 (from -r requirements/ci.txt (line 1))
  Installing build dependencies: started
  Installing build dependencies: finished with status 'done'
  Checking if build backend supports build_editable: started
  Checking if build backend supports build_editable: finished with status 'done'
  Getting requirements to build editable: started
  Getting requirements to build editable: finished with status 'done'
  Preparing editable metadata (pyproject.toml): started
  Preparing editable metadata (pyproject.toml): finished with status 'done'
Collecting mock
  Using cached mock-5.1.0-py3-none-any.whl.metadata (3.0 kB)
Collecting pytest
  Using cached pytest-7.4.3-py3-none-any.whl.metadata (7.9 kB)
Collecting sphinx==5.3.0 (from -r requirements/doc.txt (line 1))
  Using cached sphinx-5.3.0-py3-none-any.whl (3.2 MB)
Collecting towncrier==22.8.0 (from -r requirements/towncrier.txt (line 1))
  Downloading towncrier-22.8.0-py2.py3-none-any.whl (39 kB)
Collecting cython==0.29.32 (from -r requirements/cython.txt (line 1))
  Downloading Cython-0.29.32-cp310-cp310-manylinux_2_17_x86_64.manylinux2014_x86_64.manylinux_2_24_x86_64.whl (1.9 MB)
     ━━━━━━━━━━━━━━━━━━━━━━━━━━━━━━━━━━━━━━━━ 1.9/1.9 MB 20.7 MB/s eta 0:00:00
Collecting mypy==0.971 (from -r requirements/lint.txt (line 1))
  Using cached mypy-0.971-cp310-cp310-manylinux_2_5_x86_64.manylinux1_x86_64.manylinux_2_12_x86_64.manylinux2010_x86_64.whl (17.6 MB)
Collecting pre-commit==2.20.0 (from -r requirements/lint.txt (line 2))
  Using cached pre_commit-2.20.0-py2.py3-none-any.whl (199 kB)
Collecting idna==3.3 (from -r requirements/test.txt (line 2))
  Using cached idna-3.3-py3-none-any.whl (61 kB)
Collecting multidict==6.0.2 (from -r requirements/test.txt (line 3))
  Downloading multidict-6.0.2-cp310-cp310-manylinux_2_17_x86_64.manylinux2014_x86_64.whl (114 kB)
     ━━━━━━━━━━━━━━━━━━━━━━━━━━━━━━━━━━━━━━━ 114.5/114.5 kB 7.2 MB/s eta 0:00:00
Collecting pytest
  Using cached pytest-7.2.0-py3-none-any.whl (316 kB)
Collecting pytest-cov>=2.3.1 (from -r requirements/test.txt (line 5))
  Using cached pytest_cov-4.1.0-py3-none-any.whl.metadata (26 kB)
Collecting typing_extensions==4.4.0 (from -r requirements/test.txt (line 6))
  Using cached typing_extensions-4.4.0-py3-none-any.whl (26 kB)
Collecting sphinxcontrib-spelling==7.7.0 (from -r requirements/doc-spelling.txt (line 2))
  Downloading sphinxcontrib_spelling-7.7.0-py3-none-any.whl (15 kB)
Collecting attrs>=19.2.0 (from pytest)
  Using cached attrs-23.1.0-py3-none-any.whl (61 kB)
Collecting iniconfig (from pytest)
  Using cached iniconfig-2.0.0-py3-none-any.whl (5.9 kB)
Collecting packaging (from pytest)
  Using cached packaging-23.2-py3-none-any.whl.metadata (3.2 kB)
Collecting pluggy<2.0,>=0.12 (from pytest)
  Using cached pluggy-1.3.0-py3-none-any.whl.metadata (4.3 kB)
Collecting exceptiongroup>=1.0.0rc8 (from pytest)
  Using cached exceptiongroup-1.2.0-py3-none-any.whl.metadata (6.6 kB)
Collecting tomli>=1.0.0 (from pytest)
  Using cached tomli-2.0.1-py3-none-any.whl (12 kB)
Collecting sphinxcontrib-applehelp (from sphinx==5.3.0->-r requirements/doc.txt (line 1))
  Using cached sphinxcontrib_applehelp-1.0.7-py3-none-any.whl.metadata (2.2 kB)
Collecting sphinxcontrib-devhelp (from sphinx==5.3.0->-r requirements/doc.txt (line 1))
  Using cached sphinxcontrib_devhelp-1.0.5-py3-none-any.whl.metadata (2.2 kB)
Collecting sphinxcontrib-jsmath (from sphinx==5.3.0->-r requirements/doc.txt (line 1))
  Using cached sphinxcontrib_jsmath-1.0.1-py2.py3-none-any.whl (5.1 kB)
Collecting sphinxcontrib-htmlhelp>=2.0.0 (from sphinx==5.3.0->-r requirements/doc.txt (line 1))
  Using cached sphinxcontrib_htmlhelp-2.0.4-py3-none-any.whl.metadata (2.2 kB)
Collecting sphinxcontrib-serializinghtml>=1.1.5 (from sphinx==5.3.0->-r requirements/doc.txt (line 1))
  Using cached sphinxcontrib_serializinghtml-1.1.9-py3-none-any.whl.metadata (2.3 kB)
Collecting sphinxcontrib-qthelp (from sphinx==5.3.0->-r requirements/doc.txt (line 1))
  Using cached sphinxcontrib_qthelp-1.0.6-py3-none-any.whl.metadata (2.2 kB)
Collecting Jinja2>=3.0 (from sphinx==5.3.0->-r requirements/doc.txt (line 1))
  Using cached Jinja2-3.1.2-py3-none-any.whl (133 kB)
Collecting Pygments>=2.12 (from sphinx==5.3.0->-r requirements/doc.txt (line 1))
  Using cached pygments-2.17.2-py3-none-any.whl.metadata (2.6 kB)
Collecting docutils<0.20,>=0.14 (from sphinx==5.3.0->-r requirements/doc.txt (line 1))
  Using cached docutils-0.19-py3-none-any.whl (570 kB)
Collecting snowballstemmer>=2.0 (from sphinx==5.3.0->-r requirements/doc.txt (line 1))
  Using cached snowballstemmer-2.2.0-py2.py3-none-any.whl (93 kB)
Collecting babel>=2.9 (from sphinx==5.3.0->-r requirements/doc.txt (line 1))
  Using cached Babel-2.13.1-py3-none-any.whl.metadata (1.6 kB)
Collecting alabaster<0.8,>=0.7 (from sphinx==5.3.0->-r requirements/doc.txt (line 1))
  Using cached alabaster-0.7.13-py3-none-any.whl (13 kB)
Collecting imagesize>=1.3 (from sphinx==5.3.0->-r requirements/doc.txt (line 1))
  Using cached imagesize-1.4.1-py2.py3-none-any.whl (8.8 kB)
Collecting requests>=2.5.0 (from sphinx==5.3.0->-r requirements/doc.txt (line 1))
  Using cached requests-2.31.0-py3-none-any.whl.metadata (4.6 kB)
Collecting click (from towncrier==22.8.0->-r requirements/towncrier.txt (line 1))
  Using cached click-8.1.7-py3-none-any.whl.metadata (3.0 kB)
Collecting click-default-group (from towncrier==22.8.0->-r requirements/towncrier.txt (line 1))
  Downloading click_default_group-1.2.4-py2.py3-none-any.whl.metadata (2.8 kB)
Collecting incremental (from towncrier==22.8.0->-r requirements/towncrier.txt (line 1))
  Using cached incremental-22.10.0-py2.py3-none-any.whl (16 kB)
Requirement already satisfied: setuptools in ./.tox/cpythonlibtest-unit-test-tests/lib/python3.10/site-packages (from towncrier==22.8.0->-r requirements/towncrier.txt (line 1)) (68.2.2)
Collecting mypy-extensions>=0.4.3 (from mypy==0.971->-r requirements/lint.txt (line 1))
  Using cached mypy_extensions-1.0.0-py3-none-any.whl (4.7 kB)
Collecting cfgv>=2.0.0 (from pre-commit==2.20.0->-r requirements/lint.txt (line 2))
  Using cached cfgv-3.4.0-py2.py3-none-any.whl.metadata (8.5 kB)
Collecting identify>=1.0.0 (from pre-commit==2.20.0->-r requirements/lint.txt (line 2))
  Using cached identify-2.5.32-py2.py3-none-any.whl.metadata (4.4 kB)
Collecting nodeenv>=0.11.1 (from pre-commit==2.20.0->-r requirements/lint.txt (line 2))
  Using cached nodeenv-1.8.0-py2.py3-none-any.whl.metadata (21 kB)
Collecting pyyaml>=5.1 (from pre-commit==2.20.0->-r requirements/lint.txt (line 2))
  Using cached PyYAML-6.0.1-cp310-cp310-manylinux_2_17_x86_64.manylinux2014_x86_64.whl.metadata (2.1 kB)
Collecting toml (from pre-commit==2.20.0->-r requirements/lint.txt (line 2))
  Using cached toml-0.10.2-py2.py3-none-any.whl (16 kB)
Collecting virtualenv>=20.0.8 (from pre-commit==2.20.0->-r requirements/lint.txt (line 2))
  Using cached virtualenv-20.24.7-py3-none-any.whl.metadata (4.5 kB)
Collecting PyEnchant>=3.1.1 (from sphinxcontrib-spelling==7.7.0->-r requirements/doc-spelling.txt (line 2))
  Downloading pyenchant-3.2.2-py3-none-any.whl (55 kB)
     ━━━━━━━━━━━━━━━━━━━━━━━━━━━━━━━━━━━━━━━━ 55.7/55.7 kB 4.2 MB/s eta 0:00:00
Collecting coverage>=5.2.1 (from coverage[toml]>=5.2.1->pytest-cov>=2.3.1->-r requirements/test.txt (line 5))
  Using cached coverage-7.3.2-cp310-cp310-manylinux_2_5_x86_64.manylinux1_x86_64.manylinux_2_17_x86_64.manylinux2014_x86_64.whl.metadata (8.1 kB)
Collecting MarkupSafe>=2.0 (from Jinja2>=3.0->sphinx==5.3.0->-r requirements/doc.txt (line 1))
  Using cached MarkupSafe-2.1.3-cp310-cp310-manylinux_2_17_x86_64.manylinux2014_x86_64.whl.metadata (3.0 kB)
Collecting charset-normalizer<4,>=2 (from requests>=2.5.0->sphinx==5.3.0->-r requirements/doc.txt (line 1))
  Using cached charset_normalizer-3.3.2-cp310-cp310-manylinux_2_17_x86_64.manylinux2014_x86_64.whl.metadata (33 kB)
Collecting urllib3<3,>=1.21.1 (from requests>=2.5.0->sphinx==5.3.0->-r requirements/doc.txt (line 1))
  Using cached urllib3-2.1.0-py3-none-any.whl.metadata (6.4 kB)
Collecting certifi>=2017.4.17 (from requests>=2.5.0->sphinx==5.3.0->-r requirements/doc.txt (line 1))
  Using cached certifi-2023.11.17-py3-none-any.whl.metadata (2.2 kB)
Collecting distlib<1,>=0.3.7 (from virtualenv>=20.0.8->pre-commit==2.20.0->-r requirements/lint.txt (line 2))
  Using cached distlib-0.3.7-py2.py3-none-any.whl.metadata (5.1 kB)
Collecting filelock<4,>=3.12.2 (from virtualenv>=20.0.8->pre-commit==2.20.0->-r requirements/lint.txt (line 2))
  Using cached filelock-3.13.1-py3-none-any.whl.metadata (2.8 kB)
Collecting platformdirs<5,>=3.9.1 (from virtualenv>=20.0.8->pre-commit==2.20.0->-r requirements/lint.txt (line 2))
  Using cached platformdirs-4.0.0-py3-none-any.whl.metadata (11 kB)
Using cached mock-5.1.0-py3-none-any.whl (30 kB)
Using cached pytest_cov-4.1.0-py3-none-any.whl (21 kB)
Using cached Babel-2.13.1-py3-none-any.whl (10.1 MB)
Using cached cfgv-3.4.0-py2.py3-none-any.whl (7.2 kB)
Using cached coverage-7.3.2-cp310-cp310-manylinux_2_5_x86_64.manylinux1_x86_64.manylinux_2_17_x86_64.manylinux2014_x86_64.whl (227 kB)
Using cached exceptiongroup-1.2.0-py3-none-any.whl (16 kB)
Using cached identify-2.5.32-py2.py3-none-any.whl (98 kB)
Using cached nodeenv-1.8.0-py2.py3-none-any.whl (22 kB)
Using cached packaging-23.2-py3-none-any.whl (53 kB)
Using cached pluggy-1.3.0-py3-none-any.whl (18 kB)
Using cached pygments-2.17.2-py3-none-any.whl (1.2 MB)
Using cached PyYAML-6.0.1-cp310-cp310-manylinux_2_17_x86_64.manylinux2014_x86_64.whl (705 kB)
Using cached requests-2.31.0-py3-none-any.whl (62 kB)
Using cached sphinxcontrib_htmlhelp-2.0.4-py3-none-any.whl (99 kB)
Using cached sphinxcontrib_serializinghtml-1.1.9-py3-none-any.whl (92 kB)
Using cached virtualenv-20.24.7-py3-none-any.whl (3.8 MB)
Using cached click-8.1.7-py3-none-any.whl (97 kB)
Downloading click_default_group-1.2.4-py2.py3-none-any.whl (4.1 kB)
Using cached sphinxcontrib_applehelp-1.0.7-py3-none-any.whl (120 kB)
Using cached sphinxcontrib_devhelp-1.0.5-py3-none-any.whl (83 kB)
Using cached sphinxcontrib_qthelp-1.0.6-py3-none-any.whl (89 kB)
Using cached certifi-2023.11.17-py3-none-any.whl (162 kB)
Using cached charset_normalizer-3.3.2-cp310-cp310-manylinux_2_17_x86_64.manylinux2014_x86_64.whl (142 kB)
Using cached distlib-0.3.7-py2.py3-none-any.whl (468 kB)
Using cached filelock-3.13.1-py3-none-any.whl (11 kB)
Using cached MarkupSafe-2.1.3-cp310-cp310-manylinux_2_17_x86_64.manylinux2014_x86_64.whl (25 kB)
Using cached platformdirs-4.0.0-py3-none-any.whl (17 kB)
Using cached urllib3-2.1.0-py3-none-any.whl (104 kB)
Building wheels for collected packages: yarl
  Building editable for yarl (pyproject.toml): started
  Building editable for yarl (pyproject.toml): finished with status 'error'
  error: subprocess-exited-with-error
  
  × Building editable for yarl (pyproject.toml) did not run successfully.
  │ exit code: 1
  ╰─> [104 lines of output]
      **********************
      * Accelerated build *
      **********************
      running editable_wheel
      creating /tmp/pip-wheel-tgixlyj9/.tmp-ne6c6lut/yarl.egg-info
      writing /tmp/pip-wheel-tgixlyj9/.tmp-ne6c6lut/yarl.egg-info/PKG-INFO
      writing dependency_links to /tmp/pip-wheel-tgixlyj9/.tmp-ne6c6lut/yarl.egg-info/dependency_links.txt
      writing requirements to /tmp/pip-wheel-tgixlyj9/.tmp-ne6c6lut/yarl.egg-info/requires.txt
      writing top-level names to /tmp/pip-wheel-tgixlyj9/.tmp-ne6c6lut/yarl.egg-info/top_level.txt
      writing manifest file '/tmp/pip-wheel-tgixlyj9/.tmp-ne6c6lut/yarl.egg-info/SOURCES.txt'
      reading manifest file '/tmp/pip-wheel-tgixlyj9/.tmp-ne6c6lut/yarl.egg-info/SOURCES.txt'
      reading manifest template 'MANIFEST.in'
      warning: no files found matching 'yarl/*.c'
      warning: no previously-included files matching '*.pyc' found anywhere in distribution
      warning: no previously-included files matching '*.cache' found anywhere in distribution
      warning: no previously-included files found matching 'yarl/*.html'
      warning: no previously-included files found matching 'yarl/*.so'
      warning: no previously-included files found matching 'yarl/*.pyd'
      no previously-included directories found matching 'docs/_build'
      adding license file 'LICENSE'
      writing manifest file '/tmp/pip-wheel-tgixlyj9/.tmp-ne6c6lut/yarl.egg-info/SOURCES.txt'
      creating '/tmp/pip-wheel-tgixlyj9/.tmp-ne6c6lut/yarl-1.8.2.dist-info'
      creating /tmp/pip-wheel-tgixlyj9/.tmp-ne6c6lut/yarl-1.8.2.dist-info/WHEEL
      running build_py
      running build_ext
      building 'yarl._quoting_c' extension
      creating /tmp/tmp05eion_e.build-temp/yarl
      gcc -pthread -Wno-unused-result -Wsign-compare -DNDEBUG -g -fwrapv -O3 -Wall -fPIC -I/workdir/yarl-1.8.2/.tox/cpythonlibtest-unit-test-tests/include -I/usr/local/include/python3.10 -c yarl/_quoting_c.c -o /tmp/tmp05eion_e.build-temp/yarl/_quoting_c.o
      gcc: error: yarl/_quoting_c.c: No such file or directory
      gcc: fatal error: no input files
      compilation terminated.
      Traceback (most recent call last):
        File "/tmp/pip-build-env-qsxry7b3/overlay/lib/python3.10/site-packages/setuptools/_distutils/unixccompiler.py", line 185, in _compile
          self.spawn(compiler_so + cc_args + [src, '-o', obj] + extra_postargs)
        File "/tmp/pip-build-env-qsxry7b3/overlay/lib/python3.10/site-packages/setuptools/_distutils/ccompiler.py", line 1041, in spawn
          spawn(cmd, dry_run=self.dry_run, **kwargs)
        File "/tmp/pip-build-env-qsxry7b3/overlay/lib/python3.10/site-packages/setuptools/_distutils/spawn.py", line 70, in spawn
          raise DistutilsExecError(
      distutils.errors.DistutilsExecError: command '/usr/bin/gcc' failed with exit code 1
      
      During handling of the above exception, another exception occurred:
      
      Traceback (most recent call last):
        File "/tmp/pip-build-env-qsxry7b3/overlay/lib/python3.10/site-packages/setuptools/command/editable_wheel.py", line 156, in run
          self._create_wheel_file(bdist_wheel)
        File "/tmp/pip-build-env-qsxry7b3/overlay/lib/python3.10/site-packages/setuptools/command/editable_wheel.py", line 345, in _create_wheel_file
          files, mapping = self._run_build_commands(dist_name, unpacked, lib, tmp)
        File "/tmp/pip-build-env-qsxry7b3/overlay/lib/python3.10/site-packages/setuptools/command/editable_wheel.py", line 268, in _run_build_commands
          self._run_build_subcommands()
        File "/tmp/pip-build-env-qsxry7b3/overlay/lib/python3.10/site-packages/setuptools/command/editable_wheel.py", line 295, in _run_build_subcommands
          self.run_command(name)
        File "/tmp/pip-build-env-qsxry7b3/overlay/lib/python3.10/site-packages/setuptools/_distutils/cmd.py", line 318, in run_command
          self.distribution.run_command(command)
        File "/tmp/pip-build-env-qsxry7b3/overlay/lib/python3.10/site-packages/setuptools/dist.py", line 963, in run_command
          super().run_command(command)
        File "/tmp/pip-build-env-qsxry7b3/overlay/lib/python3.10/site-packages/setuptools/_distutils/dist.py", line 988, in run_command
          cmd_obj.run()
        File "/tmp/pip-build-env-qsxry7b3/overlay/lib/python3.10/site-packages/setuptools/command/build_ext.py", line 88, in run
          _build_ext.run(self)
        File "/tmp/pip-build-env-qsxry7b3/overlay/lib/python3.10/site-packages/setuptools/_distutils/command/build_ext.py", line 345, in run
          self.build_extensions()
        File "/tmp/pip-build-env-qsxry7b3/overlay/lib/python3.10/site-packages/setuptools/_distutils/command/build_ext.py", line 467, in build_extensions
          self._build_extensions_serial()
        File "/tmp/pip-build-env-qsxry7b3/overlay/lib/python3.10/site-packages/setuptools/_distutils/command/build_ext.py", line 493, in _build_extensions_serial
          self.build_extension(ext)
        File "/tmp/pip-build-env-qsxry7b3/overlay/lib/python3.10/site-packages/setuptools/command/build_ext.py", line 249, in build_extension
          _build_ext.build_extension(self, ext)
        File "/tmp/pip-build-env-qsxry7b3/overlay/lib/python3.10/site-packages/setuptools/_distutils/command/build_ext.py", line 548, in build_extension
          objects = self.compiler.compile(
        File "/tmp/pip-build-env-qsxry7b3/overlay/lib/python3.10/site-packages/setuptools/_distutils/ccompiler.py", line 600, in compile
          self._compile(obj, src, ext, cc_args, extra_postargs, pp_opts)
        File "/tmp/pip-build-env-qsxry7b3/overlay/lib/python3.10/site-packages/setuptools/_distutils/unixccompiler.py", line 187, in _compile
          raise CompileError(msg)
      distutils.errors.CompileError: command '/usr/bin/gcc' failed with exit code 1
      /tmp/pip-build-env-qsxry7b3/overlay/lib/python3.10/site-packages/setuptools/_distutils/dist.py:988: _DebuggingTips: Problem in editable installation.
      !!
      
              ********************************************************************************
              An error happened while installing `yarl` in editable mode.
      
              The following steps are recommended to help debug this problem:
      
              - Try to install the project normally, without using the editable mode.
                Does the error still persist?
                (If it does, try fixing the problem before attempting the editable mode).
              - If you are using binary extensions, make sure you have all OS-level
                dependencies installed (e.g. compilers, toolchains, binary libraries, ...).
              - Try the latest version of setuptools (maybe the error was already fixed).
              - If you (or your project dependencies) are using any setuptools extension
                or customization, make sure they support the editable mode.
      
              After following the steps above, if the problem still persists and
              you think this is related to how setuptools handles editable installations,
              please submit a reproducible example
              (see https://stackoverflow.com/help/minimal-reproducible-example) to:
      
                  https://github.com/pypa/setuptools/issues
      
              See https://setuptools.pypa.io/en/latest/userguide/development_mode.html for details.
              ********************************************************************************
      
      !!
        cmd_obj.run()
      error: command '/usr/bin/gcc' failed with exit code 1
      [end of output]
  
  note: This error originates from a subprocess, and is likely not a problem with pip.
  ERROR: Failed building editable for yarl
Failed to build yarl
ERROR: Could not build wheels for yarl, which is required to install pyproject.toml-based projects

=================================== log end ====================================
ERROR: could not install deps [mock, pytest, -rrequirements/doc.txt, -rrequirements/towncrier.txt, -rrequirements/cython.txt, -rrequirements/lint.txt, -rrequirements/ci.txt, -rrequirements/dev.txt, -rrequirements/test.txt, -rrequirements/doc-spelling.txt]; v = InvocationError('/workdir/yarl-1.8.2/.tox/cpythonlibtest-unit-test-tests/bin/python -m pip install mock pytest -rrequirements/doc.txt -rrequirements/towncrier.txt -rrequirements/cython.txt -rrequirements/lint.txt -rrequirements/ci.txt -rrequirements/dev.txt -rrequirements/test.txt -rrequirements/doc-spelling.txt', 1)
___________________________________ summary ____________________________________
ERROR:   cpythonlibtest-unit-test-tests: could not install deps [mock, pytest, -rrequirements/doc.txt, -rrequirements/towncrier.txt, -rrequirements/cython.txt, -rrequirements/lint.txt, -rrequirements/ci.txt, -rrequirements/dev.txt, -rrequirements/test.txt, -rrequirements/doc-spelling.txt]; v = InvocationError('/workdir/yarl-1.8.2/.tox/cpythonlibtest-unit-test-tests/bin/python -m pip install mock pytest -rrequirements/doc.txt -rrequirements/towncrier.txt -rrequirements/cython.txt -rrequirements/lint.txt -rrequirements/ci.txt -rrequirements/dev.txt -rrequirements/test.txt -rrequirements/doc-spelling.txt', 1)
