<?xml version="1.0" encoding="utf-8"?><testsuites><testsuite name="pytest" errors="4" failures="0" skipped="0" tests="4" time="0.079" timestamp="2023-11-29T23:36:04.765775" hostname="be2d8ee410eb"><testcase classname="" name="tests.test_core" time="0.000"><error message="collection failure">ImportError while importing test module '/workdir/stack-data-0.6.2/tests/test_core.py'.
Hint: make sure your test modules/packages have valid Python names.
Traceback:
/usr/local/lib/python3.10/importlib/__init__.py:126: in import_module
    return _bootstrap._gcd_import(name[level:], package, level)
tests/__init__.py:3: in &lt;module&gt;
    import pyximport
E   ModuleNotFoundError: No module named 'pyximport'</error></testcase><testcase classname="" name="tests.test_formatter" time="0.000"><error message="collection failure">ImportError while importing test module '/workdir/stack-data-0.6.2/tests/test_formatter.py'.
Hint: make sure your test modules/packages have valid Python names.
Traceback:
/usr/local/lib/python3.10/importlib/__init__.py:126: in import_module
    return _bootstrap._gcd_import(name[level:], package, level)
tests/__init__.py:3: in &lt;module&gt;
    import pyximport
E   ModuleNotFoundError: No module named 'pyximport'</error></testcase><testcase classname="" name="tests.test_serializer" time="0.000"><error message="collection failure">ImportError while importing test module '/workdir/stack-data-0.6.2/tests/test_serializer.py'.
Hint: make sure your test modules/packages have valid Python names.
Traceback:
/usr/local/lib/python3.10/importlib/__init__.py:126: in import_module
    return _bootstrap._gcd_import(name[level:], package, level)
tests/__init__.py:3: in &lt;module&gt;
    import pyximport
E   ModuleNotFoundError: No module named 'pyximport'</error></testcase><testcase classname="" name="tests.test_utils" time="0.000"><error message="collection failure">ImportError while importing test module '/workdir/stack-data-0.6.2/tests/test_utils.py'.
Hint: make sure your test modules/packages have valid Python names.
Traceback:
/usr/local/lib/python3.10/importlib/__init__.py:126: in import_module
    return _bootstrap._gcd_import(name[level:], package, level)
tests/__init__.py:3: in &lt;module&gt;
    import pyximport
E   ModuleNotFoundError: No module named 'pyximport'</error></testcase></testsuite></testsuites>