GLOB sdist-make: /workdir/multidict-6.0.3/setup.py
graalpylibtest-unit-test-tests create: /workdir/multidict-6.0.3/.tox/graalpylibtest-unit-test-tests
graalpylibtest-unit-test-tests installdeps: mock, pytest, -rrequirements/doc.txt, -rrequirements/wheel.txt, -rrequirements/towncrier.txt, -rrequirements/lint.txt, -rrequirements/pytest.txt, -rrequirements/ci.txt, -rrequirements/dev.txt, -rrequirements/doc-spelling.txt
graalpylibtest-unit-test-tests inst: /workdir/multidict-6.0.3/.tox/.tmp/package/1/multidict-6.0.3.zip
graalpylibtest-unit-test-tests installed: alabaster==0.7.13,attrs==23.1.0,Babel==2.13.1,black==22.10.0,certifi==2023.11.17,charset-normalizer==3.1.0,click==8.1.7,click-default-group==1.2.4,coverage==7.3.2,docutils==0.19,exceptiongroup==1.2.0,flake8==6.0.0,flake8-pyi==22.11.0,graalpy-virtualenv==0.0.1,hpy==0.9.0rc2,idna==3.4,imagesize==1.4.1,incremental==22.10.0,iniconfig==2.0.0,isort==5.10.1,Jinja2==3.1.2,MarkupSafe==2.1.3,mccabe==0.7.0,mock==5.1.0,multidict @ file:///workdir/multidict-6.0.3/.tox/.tmp/package/1/multidict-6.0.3.zip,mypy-extensions==1.0.0,packaging==23.2,pathspec==0.11.2,platformdirs==4.0.0,pluggy==1.3.0,pycodestyle==2.10.0,pyenchant==3.2.2,pyflakes==3.0.1,Pygments==2.17.2,pyperf==2.5.0,pyperformance==1.0.6,pytest==7.2.0,pytest-cov==4.0.0,requests==2.31.0,snowballstemmer==2.2.0,Sphinx==5.3.0,sphinxcontrib-applehelp==1.0.7,sphinxcontrib-devhelp==1.0.5,sphinxcontrib-htmlhelp==2.0.4,sphinxcontrib-jsmath==1.0.1,sphinxcontrib-qthelp==1.0.6,sphinxcontrib-serializinghtml==1.1.9,sphinxcontrib-spelling==7.6.2,toml==0.10.2,tomli==2.0.1,towncrier==22.8.0,urllib3==2.1.0
graalpylibtest-unit-test-tests run-test-pre: PYTHONHASHSEED='632276561'
graalpylibtest-unit-test-tests run-test: commands[0] | pytest -v --tb=native --junitxml /workdir/results/multidict/6.0.3/1/graalpy-test-results.xml
============================= test session starts ==============================
platform linux -- Python 3.10.8, pytest-7.2.0, pluggy-1.3.0 -- /workdir/multidict-6.0.3/.tox/graalpylibtest-unit-test-tests/bin/python
cachedir: .tox/graalpylibtest-unit-test-tests/.pytest_cache
rootdir: /workdir/multidict-6.0.3, configfile: setup.cfg, testpaths: tests
plugins: cov-4.0.0
collecting ... collected 730 items

tests/test_abc.py::test_abc_inheritance PASSED                           [  0%]
tests/test_abc.py::test_abc_getall PASSED                                [  0%]
tests/test_abc.py::test_abc_getone PASSED                                [  0%]
tests/test_abc.py::test_abc_add PASSED                                   [  0%]
tests/test_abc.py::test_abc_extend PASSED                                [  0%]
tests/test_abc.py::test_abc_popone PASSED                                [  0%]
tests/test_abc.py::test_abc_popall PASSED                                [  0%]
tests/test_abc.py::test_multidict_inheritance[PyMultiDict] PASSED        [  1%]
tests/test_abc.py::test_multidict_inheritance[PyCIMultiDict] PASSED      [  1%]
tests/test_abc.py::test_proxy_inheritance[PyMultiDictProxy] PASSED       [  1%]
tests/test_abc.py::test_proxy_inheritance[PyCIMultiDictProxy] PASSED     [  1%]
tests/test_abc.py::test_generic_type_in_runtime PASSED                   [  1%]
tests/test_copy.py::test_copy[PyMultiDict] PASSED                        [  1%]
tests/test_copy.py::test_copy[PyCIMultiDict] PASSED                      [  1%]
tests/test_copy.py::test_copy_proxy[PyMultiDictProxy] PASSED             [  2%]
tests/test_copy.py::test_copy_proxy[PyCIMultiDictProxy] PASSED           [  2%]
tests/test_copy.py::test_copy_std_copy[PyMultiDict] PASSED               [  2%]
tests/test_copy.py::test_copy_std_copy[PyCIMultiDict] PASSED             [  2%]
tests/test_copy.py::test_ci_multidict_clone[PyMultiDict] PASSED          [  2%]
tests/test_copy.py::test_ci_multidict_clone[PyCIMultiDict] PASSED        [  2%]
tests/test_guard.py::test_guard_items[PyMultiDict] PASSED                [  2%]
tests/test_guard.py::test_guard_keys[PyMultiDict] PASSED                 [  3%]
tests/test_guard.py::test_guard_values[PyMultiDict] PASSED               [  3%]
tests/test_istr.py::TestPyIStr::test_ctor PASSED                         [  3%]
tests/test_istr.py::TestPyIStr::test_ctor_str PASSED                     [  3%]
tests/test_istr.py::TestPyIStr::test_ctor_istr PASSED                    [  3%]
tests/test_istr.py::TestPyIStr::test_ctor_buffer PASSED                  [  3%]
tests/test_istr.py::TestPyIStr::test_ctor_repr PASSED                    [  3%]
tests/test_istr.py::TestPyIStr::test_str PASSED                          [  3%]
tests/test_istr.py::TestPyIStr::test_eq PASSED                           [  4%]
tests/test_istr.py::TestPyIStr::test_leak SKIPPED (PyPy has different GC implementation) [  4%]
tests/test_multidict.py::test_exposed_names[multidict._multidict-MultiDict] SKIPPED (No extensions available) [  4%]
tests/test_multidict.py::test_exposed_names[multidict._multidict-CIMultiDict] SKIPPED (No extensions available) [  4%]
tests/test_multidict.py::test__iter__types[multidict._multidict-MultiDict-str] SKIPPED (No extensions available) [  4%]
tests/test_multidict.py::test__iter__types[multidict._multidict-cls1-str] SKIPPED (No extensions available) [  4%]
tests/test_multidict.py::test_proxy_copy[multidict._multidict-classes0] SKIPPED (No extensions available) [  4%]
tests/test_multidict.py::test_proxy_copy[multidict._multidict-classes1] SKIPPED (No extensions available) [  5%]
tests/test_multidict.py::test_subclassing[multidict._multidict-MultiDict] SKIPPED (No extensions available) [  5%]
tests/test_multidict.py::test_subclassing[multidict._multidict-CIMultiDict] SKIPPED (No extensions available) [  5%]
tests/test_multidict.py::test_subclassing[multidict._multidict-MultiDictProxy] SKIPPED (No extensions available) [  5%]
tests/test_multidict.py::test_subclassing[multidict._multidict-CIMultiDictProxy] SKIPPED (No extensions available) [  5%]
tests/test_multidict.py::TestMultiDict::test_instantiate__empty[multidict._multidict-MultiDict] SKIPPED (No extensions available) [  5%]
tests/test_multidict.py::TestMultiDict::test_instantiate__empty[multidict._multidict-cls1] SKIPPED (No extensions available) [  5%]
tests/test_multidict.py::TestMultiDict::test_instantiate__from_arg0[multidict._multidict-MultiDict-arg00] SKIPPED (No extensions available) [  6%]
tests/test_multidict.py::TestMultiDict::test_instantiate__from_arg0[multidict._multidict-MultiDict-arg01] SKIPPED (No extensions available) [  6%]
tests/test_multidict.py::TestMultiDict::test_instantiate__from_arg0[multidict._multidict-cls1-arg00] SKIPPED (No extensions available) [  6%]
tests/test_multidict.py::TestMultiDict::test_instantiate__from_arg0[multidict._multidict-cls1-arg01] SKIPPED (No extensions available) [  6%]
tests/test_multidict.py::TestMultiDict::test_instantiate__with_kwargs[multidict._multidict-MultiDict] SKIPPED (No extensions available) [  6%]
tests/test_multidict.py::TestMultiDict::test_instantiate__with_kwargs[multidict._multidict-cls1] SKIPPED (No extensions available) [  6%]
tests/test_multidict.py::TestMultiDict::test_instantiate__from_generator[multidict._multidict-MultiDict] SKIPPED (No extensions available) [  6%]
tests/test_multidict.py::TestMultiDict::test_instantiate__from_generator[multidict._multidict-cls1] SKIPPED (No extensions available) [  6%]
tests/test_multidict.py::TestMultiDict::test_instantiate__from_list_of_lists[multidict._multidict-MultiDict] SKIPPED (No extensions available) [  7%]
tests/test_multidict.py::TestMultiDict::test_instantiate__from_list_of_lists[multidict._multidict-cls1] SKIPPED (No extensions available) [  7%]
tests/test_multidict.py::TestMultiDict::test_instantiate__from_list_of_custom_pairs[multidict._multidict-MultiDict] SKIPPED (No extensions available) [  7%]
tests/test_multidict.py::TestMultiDict::test_instantiate__from_list_of_custom_pairs[multidict._multidict-cls1] SKIPPED (No extensions available) [  7%]
tests/test_multidict.py::TestMultiDict::test_getone[multidict._multidict-MultiDict] SKIPPED (No extensions available) [  7%]
tests/test_multidict.py::TestMultiDict::test_getone[multidict._multidict-cls1] SKIPPED (No extensions available) [  7%]
tests/test_multidict.py::TestMultiDict::test__iter__[multidict._multidict-MultiDict] SKIPPED (No extensions available) [  7%]
tests/test_multidict.py::TestMultiDict::test__iter__[multidict._multidict-cls1] SKIPPED (No extensions available) [  8%]
tests/test_multidict.py::TestMultiDict::test_keys__contains[multidict._multidict-MultiDict] SKIPPED (No extensions available) [  8%]
tests/test_multidict.py::TestMultiDict::test_keys__contains[multidict._multidict-cls1] SKIPPED (No extensions available) [  8%]
tests/test_multidict.py::TestMultiDict::test_values__contains[multidict._multidict-MultiDict] SKIPPED (No extensions available) [  8%]
tests/test_multidict.py::TestMultiDict::test_values__contains[multidict._multidict-cls1] SKIPPED (No extensions available) [  8%]
tests/test_multidict.py::TestMultiDict::test_items__contains[multidict._multidict-MultiDict] SKIPPED (No extensions available) [  8%]
tests/test_multidict.py::TestMultiDict::test_items__contains[multidict._multidict-cls1] SKIPPED (No extensions available) [  8%]
tests/test_multidict.py::TestMultiDict::test_cannot_create_from_unaccepted[multidict._multidict-MultiDict] SKIPPED (No extensions available) [  9%]
tests/test_multidict.py::TestMultiDict::test_cannot_create_from_unaccepted[multidict._multidict-cls1] SKIPPED (No extensions available) [  9%]
tests/test_multidict.py::TestMultiDict::test_keys_is_set_less[multidict._multidict-MultiDict] SKIPPED (No extensions available) [  9%]
tests/test_multidict.py::TestMultiDict::test_keys_is_set_less[multidict._multidict-cls1] SKIPPED (No extensions available) [  9%]
tests/test_multidict.py::TestMultiDict::test_keys_is_set_less_equal[multidict._multidict-MultiDict] SKIPPED (No extensions available) [  9%]
tests/test_multidict.py::TestMultiDict::test_keys_is_set_less_equal[multidict._multidict-cls1] SKIPPED (No extensions available) [  9%]
tests/test_multidict.py::TestMultiDict::test_keys_is_set_equal[multidict._multidict-MultiDict] SKIPPED (No extensions available) [  9%]
tests/test_multidict.py::TestMultiDict::test_keys_is_set_equal[multidict._multidict-cls1] SKIPPED (No extensions available) [ 10%]
tests/test_multidict.py::TestMultiDict::test_keys_is_set_greater[multidict._multidict-MultiDict] SKIPPED (No extensions available) [ 10%]
tests/test_multidict.py::TestMultiDict::test_keys_is_set_greater[multidict._multidict-cls1] SKIPPED (No extensions available) [ 10%]
tests/test_multidict.py::TestMultiDict::test_keys_is_set_greater_equal[multidict._multidict-MultiDict] SKIPPED (No extensions available) [ 10%]
tests/test_multidict.py::TestMultiDict::test_keys_is_set_greater_equal[multidict._multidict-cls1] SKIPPED (No extensions available) [ 10%]
tests/test_multidict.py::TestMultiDict::test_keys_is_set_not_equal[multidict._multidict-MultiDict] SKIPPED (No extensions available) [ 10%]
tests/test_multidict.py::TestMultiDict::test_keys_is_set_not_equal[multidict._multidict-cls1] SKIPPED (No extensions available) [ 10%]
tests/test_multidict.py::TestMultiDict::test_eq[multidict._multidict-MultiDict] SKIPPED (No extensions available) [ 10%]
tests/test_multidict.py::TestMultiDict::test_eq[multidict._multidict-cls1] SKIPPED (No extensions available) [ 11%]
tests/test_multidict.py::TestMultiDict::test_eq2[multidict._multidict-MultiDict] SKIPPED (No extensions available) [ 11%]
tests/test_multidict.py::TestMultiDict::test_eq2[multidict._multidict-cls1] SKIPPED (No extensions available) [ 11%]
tests/test_multidict.py::TestMultiDict::test_eq3[multidict._multidict-MultiDict] SKIPPED (No extensions available) [ 11%]
tests/test_multidict.py::TestMultiDict::test_eq3[multidict._multidict-cls1] SKIPPED (No extensions available) [ 11%]
tests/test_multidict.py::TestMultiDict::test_eq_other_mapping_contains_more_keys[multidict._multidict-MultiDict] SKIPPED (No extensions available) [ 11%]
tests/test_multidict.py::TestMultiDict::test_eq_other_mapping_contains_more_keys[multidict._multidict-cls1] SKIPPED (No extensions available) [ 11%]
tests/test_multidict.py::TestMultiDict::test_eq_bad_mapping_len[multidict._multidict-MultiDict] SKIPPED (No extensions available) [ 12%]
tests/test_multidict.py::TestMultiDict::test_eq_bad_mapping_len[multidict._multidict-cls1] SKIPPED (No extensions available) [ 12%]
tests/test_multidict.py::TestMultiDict::test_eq_bad_mapping_getitem[multidict._multidict-MultiDict] SKIPPED (No extensions available) [ 12%]
tests/test_multidict.py::TestMultiDict::test_eq_bad_mapping_getitem[multidict._multidict-cls1] SKIPPED (No extensions available) [ 12%]
tests/test_multidict.py::TestMultiDict::test_ne[multidict._multidict-MultiDict] SKIPPED (No extensions available) [ 12%]
tests/test_multidict.py::TestMultiDict::test_ne[multidict._multidict-cls1] SKIPPED (No extensions available) [ 12%]
tests/test_multidict.py::TestMultiDict::test_and[multidict._multidict-MultiDict] SKIPPED (No extensions available) [ 12%]
tests/test_multidict.py::TestMultiDict::test_and[multidict._multidict-cls1] SKIPPED (No extensions available) [ 13%]
tests/test_multidict.py::TestMultiDict::test_and2[multidict._multidict-MultiDict] SKIPPED (No extensions available) [ 13%]
tests/test_multidict.py::TestMultiDict::test_and2[multidict._multidict-cls1] SKIPPED (No extensions available) [ 13%]
tests/test_multidict.py::TestMultiDict::test_or[multidict._multidict-MultiDict] SKIPPED (No extensions available) [ 13%]
tests/test_multidict.py::TestMultiDict::test_or[multidict._multidict-cls1] SKIPPED (No extensions available) [ 13%]
tests/test_multidict.py::TestMultiDict::test_or2[multidict._multidict-MultiDict] SKIPPED (No extensions available) [ 13%]
tests/test_multidict.py::TestMultiDict::test_or2[multidict._multidict-cls1] SKIPPED (No extensions available) [ 13%]
tests/test_multidict.py::TestMultiDict::test_sub[multidict._multidict-MultiDict] SKIPPED (No extensions available) [ 13%]
tests/test_multidict.py::TestMultiDict::test_sub[multidict._multidict-cls1] SKIPPED (No extensions available) [ 14%]
tests/test_multidict.py::TestMultiDict::test_sub2[multidict._multidict-MultiDict] SKIPPED (No extensions available) [ 14%]
tests/test_multidict.py::TestMultiDict::test_sub2[multidict._multidict-cls1] SKIPPED (No extensions available) [ 14%]
tests/test_multidict.py::TestMultiDict::test_xor[multidict._multidict-MultiDict] SKIPPED (No extensions available) [ 14%]
tests/test_multidict.py::TestMultiDict::test_xor[multidict._multidict-cls1] SKIPPED (No extensions available) [ 14%]
tests/test_multidict.py::TestMultiDict::test_xor2[multidict._multidict-MultiDict] SKIPPED (No extensions available) [ 14%]
tests/test_multidict.py::TestMultiDict::test_xor2[multidict._multidict-cls1] SKIPPED (No extensions available) [ 14%]
tests/test_multidict.py::TestMultiDict::test_isdisjoint[multidict._multidict-MultiDict-_set0-True] SKIPPED (No extensions available) [ 15%]
tests/test_multidict.py::TestMultiDict::test_isdisjoint[multidict._multidict-MultiDict-_set1-False] SKIPPED (No extensions available) [ 15%]
tests/test_multidict.py::TestMultiDict::test_isdisjoint[multidict._multidict-cls1-_set0-True] SKIPPED (No extensions available) [ 15%]
tests/test_multidict.py::TestMultiDict::test_isdisjoint[multidict._multidict-cls1-_set1-False] SKIPPED (No extensions available) [ 15%]
tests/test_multidict.py::TestMultiDict::test_repr_issue_410[multidict._multidict-MultiDict] SKIPPED (No extensions available) [ 15%]
tests/test_multidict.py::TestMultiDict::test_repr_issue_410[multidict._multidict-cls1] SKIPPED (No extensions available) [ 15%]
tests/test_multidict.py::TestMultiDict::test_op_issue_410[multidict._multidict-MultiDict-other0-or_] SKIPPED (No extensions available) [ 15%]
tests/test_multidict.py::TestMultiDict::test_op_issue_410[multidict._multidict-MultiDict-other0-and_] SKIPPED (No extensions available) [ 16%]
tests/test_multidict.py::TestMultiDict::test_op_issue_410[multidict._multidict-MultiDict-other0-sub] SKIPPED (No extensions available) [ 16%]
tests/test_multidict.py::TestMultiDict::test_op_issue_410[multidict._multidict-MultiDict-other0-xor] SKIPPED (No extensions available) [ 16%]
tests/test_multidict.py::TestMultiDict::test_op_issue_410[multidict._multidict-cls1-other0-or_] SKIPPED (No extensions available) [ 16%]
tests/test_multidict.py::TestMultiDict::test_op_issue_410[multidict._multidict-cls1-other0-and_] SKIPPED (No extensions available) [ 16%]
tests/test_multidict.py::TestMultiDict::test_op_issue_410[multidict._multidict-cls1-other0-sub] SKIPPED (No extensions available) [ 16%]
tests/test_multidict.py::TestMultiDict::test_op_issue_410[multidict._multidict-cls1-other0-xor] SKIPPED (No extensions available) [ 16%]
tests/test_multidict.py::TestMultiDict::test_weakref[multidict._multidict-MultiDict] SKIPPED (No extensions available) [ 16%]
tests/test_multidict.py::TestMultiDict::test_weakref[multidict._multidict-cls1] SKIPPED (No extensions available) [ 17%]
tests/test_multidict.py::TestMultiDict::test_iter_length_hint_keys[multidict._multidict-MultiDict] SKIPPED (No extensions available) [ 17%]
tests/test_multidict.py::TestMultiDict::test_iter_length_hint_keys[multidict._multidict-cls1] SKIPPED (No extensions available) [ 17%]
tests/test_multidict.py::TestMultiDict::test_iter_length_hint_items[multidict._multidict-MultiDict] SKIPPED (No extensions available) [ 17%]
tests/test_multidict.py::TestMultiDict::test_iter_length_hint_items[multidict._multidict-cls1] SKIPPED (No extensions available) [ 17%]
tests/test_multidict.py::TestMultiDict::test_iter_length_hint_values[multidict._multidict-MultiDict] SKIPPED (No extensions available) [ 17%]
tests/test_multidict.py::TestMultiDict::test_iter_length_hint_values[multidict._multidict-cls1] SKIPPED (No extensions available) [ 17%]
tests/test_multidict.py::TestMultiDict::test_ctor_list_arg_and_kwds[multidict._multidict-MultiDict] SKIPPED (No extensions available) [ 18%]
tests/test_multidict.py::TestMultiDict::test_ctor_list_arg_and_kwds[multidict._multidict-cls1] SKIPPED (No extensions available) [ 18%]
tests/test_multidict.py::TestMultiDict::test_ctor_tuple_arg_and_kwds[multidict._multidict-MultiDict] SKIPPED (No extensions available) [ 18%]
tests/test_multidict.py::TestMultiDict::test_ctor_tuple_arg_and_kwds[multidict._multidict-cls1] SKIPPED (No extensions available) [ 18%]
tests/test_multidict.py::TestMultiDict::test_ctor_deque_arg_and_kwds[multidict._multidict-MultiDict] SKIPPED (No extensions available) [ 18%]
tests/test_multidict.py::TestMultiDict::test_ctor_deque_arg_and_kwds[multidict._multidict-cls1] SKIPPED (No extensions available) [ 18%]
tests/test_multidict.py::TestMultiDict::test__repr__[multidict._multidict-MultiDict] SKIPPED (No extensions available) [ 18%]
tests/test_multidict.py::TestMultiDict::test__repr__[multidict._multidict-cls1] SKIPPED (No extensions available) [ 19%]
tests/test_multidict.py::TestMultiDict::test_getall[multidict._multidict-MultiDict] SKIPPED (No extensions available) [ 19%]
tests/test_multidict.py::TestMultiDict::test_getall[multidict._multidict-cls1] SKIPPED (No extensions available) [ 19%]
tests/test_multidict.py::TestMultiDict::test_preserve_stable_ordering[multidict._multidict-MultiDict] SKIPPED (No extensions available) [ 19%]
tests/test_multidict.py::TestMultiDict::test_preserve_stable_ordering[multidict._multidict-cls1] SKIPPED (No extensions available) [ 19%]
tests/test_multidict.py::TestMultiDict::test_get[multidict._multidict-MultiDict] SKIPPED (No extensions available) [ 19%]
tests/test_multidict.py::TestMultiDict::test_get[multidict._multidict-cls1] SKIPPED (No extensions available) [ 19%]
tests/test_multidict.py::TestMultiDict::test_items__repr__[multidict._multidict-MultiDict] SKIPPED (No extensions available) [ 20%]
tests/test_multidict.py::TestMultiDict::test_items__repr__[multidict._multidict-cls1] SKIPPED (No extensions available) [ 20%]
tests/test_multidict.py::TestMultiDict::test_keys__repr__[multidict._multidict-MultiDict] SKIPPED (No extensions available) [ 20%]
tests/test_multidict.py::TestMultiDict::test_keys__repr__[multidict._multidict-cls1] SKIPPED (No extensions available) [ 20%]
tests/test_multidict.py::TestMultiDict::test_values__repr__[multidict._multidict-MultiDict] SKIPPED (No extensions available) [ 20%]
tests/test_multidict.py::TestMultiDict::test_values__repr__[multidict._multidict-cls1] SKIPPED (No extensions available) [ 20%]
tests/test_multidict.py::TestCIMultiDict::test_instantiate__empty[multidict._multidict-CIMultiDict] SKIPPED (No extensions available) [ 20%]
tests/test_multidict.py::TestCIMultiDict::test_instantiate__empty[multidict._multidict-cls1] SKIPPED (No extensions available) [ 20%]
tests/test_multidict.py::TestCIMultiDict::test_instantiate__from_arg0[multidict._multidict-CIMultiDict-arg00] SKIPPED (No extensions available) [ 21%]
tests/test_multidict.py::TestCIMultiDict::test_instantiate__from_arg0[multidict._multidict-CIMultiDict-arg01] SKIPPED (No extensions available) [ 21%]
tests/test_multidict.py::TestCIMultiDict::test_instantiate__from_arg0[multidict._multidict-cls1-arg00] SKIPPED (No extensions available) [ 21%]
tests/test_multidict.py::TestCIMultiDict::test_instantiate__from_arg0[multidict._multidict-cls1-arg01] SKIPPED (No extensions available) [ 21%]
tests/test_multidict.py::TestCIMultiDict::test_instantiate__with_kwargs[multidict._multidict-CIMultiDict] SKIPPED (No extensions available) [ 21%]
tests/test_multidict.py::TestCIMultiDict::test_instantiate__with_kwargs[multidict._multidict-cls1] SKIPPED (No extensions available) [ 21%]
tests/test_multidict.py::TestCIMultiDict::test_instantiate__from_generator[multidict._multidict-CIMultiDict] SKIPPED (No extensions available) [ 21%]
tests/test_multidict.py::TestCIMultiDict::test_instantiate__from_generator[multidict._multidict-cls1] SKIPPED (No extensions available) [ 22%]
tests/test_multidict.py::TestCIMultiDict::test_instantiate__from_list_of_lists[multidict._multidict-CIMultiDict] SKIPPED (No extensions available) [ 22%]
tests/test_multidict.py::TestCIMultiDict::test_instantiate__from_list_of_lists[multidict._multidict-cls1] SKIPPED (No extensions available) [ 22%]
tests/test_multidict.py::TestCIMultiDict::test_instantiate__from_list_of_custom_pairs[multidict._multidict-CIMultiDict] SKIPPED (No extensions available) [ 22%]
tests/test_multidict.py::TestCIMultiDict::test_instantiate__from_list_of_custom_pairs[multidict._multidict-cls1] SKIPPED (No extensions available) [ 22%]
tests/test_multidict.py::TestCIMultiDict::test_getone[multidict._multidict-CIMultiDict] SKIPPED (No extensions available) [ 22%]
tests/test_multidict.py::TestCIMultiDict::test_getone[multidict._multidict-cls1] SKIPPED (No extensions available) [ 22%]
tests/test_multidict.py::TestCIMultiDict::test__iter__[multidict._multidict-CIMultiDict] SKIPPED (No extensions available) [ 23%]
tests/test_multidict.py::TestCIMultiDict::test__iter__[multidict._multidict-cls1] SKIPPED (No extensions available) [ 23%]
tests/test_multidict.py::TestCIMultiDict::test_keys__contains[multidict._multidict-CIMultiDict] SKIPPED (No extensions available) [ 23%]
tests/test_multidict.py::TestCIMultiDict::test_keys__contains[multidict._multidict-cls1] SKIPPED (No extensions available) [ 23%]
tests/test_multidict.py::TestCIMultiDict::test_values__contains[multidict._multidict-CIMultiDict] SKIPPED (No extensions available) [ 23%]
tests/test_multidict.py::TestCIMultiDict::test_values__contains[multidict._multidict-cls1] SKIPPED (No extensions available) [ 23%]
tests/test_multidict.py::TestCIMultiDict::test_items__contains[multidict._multidict-CIMultiDict] SKIPPED (No extensions available) [ 23%]
tests/test_multidict.py::TestCIMultiDict::test_items__contains[multidict._multidict-cls1] SKIPPED (No extensions available) [ 23%]
tests/test_multidict.py::TestCIMultiDict::test_cannot_create_from_unaccepted[multidict._multidict-CIMultiDict] SKIPPED (No extensions available) [ 24%]
tests/test_multidict.py::TestCIMultiDict::test_cannot_create_from_unaccepted[multidict._multidict-cls1] SKIPPED (No extensions available) [ 24%]
tests/test_multidict.py::TestCIMultiDict::test_keys_is_set_less[multidict._multidict-CIMultiDict] SKIPPED (No extensions available) [ 24%]
tests/test_multidict.py::TestCIMultiDict::test_keys_is_set_less[multidict._multidict-cls1] SKIPPED (No extensions available) [ 24%]
tests/test_multidict.py::TestCIMultiDict::test_keys_is_set_less_equal[multidict._multidict-CIMultiDict] SKIPPED (No extensions available) [ 24%]
tests/test_multidict.py::TestCIMultiDict::test_keys_is_set_less_equal[multidict._multidict-cls1] SKIPPED (No extensions available) [ 24%]
tests/test_multidict.py::TestCIMultiDict::test_keys_is_set_equal[multidict._multidict-CIMultiDict] SKIPPED (No extensions available) [ 24%]
tests/test_multidict.py::TestCIMultiDict::test_keys_is_set_equal[multidict._multidict-cls1] SKIPPED (No extensions available) [ 25%]
tests/test_multidict.py::TestCIMultiDict::test_keys_is_set_greater[multidict._multidict-CIMultiDict] SKIPPED (No extensions available) [ 25%]
tests/test_multidict.py::TestCIMultiDict::test_keys_is_set_greater[multidict._multidict-cls1] SKIPPED (No extensions available) [ 25%]
tests/test_multidict.py::TestCIMultiDict::test_keys_is_set_greater_equal[multidict._multidict-CIMultiDict] SKIPPED (No extensions available) [ 25%]
tests/test_multidict.py::TestCIMultiDict::test_keys_is_set_greater_equal[multidict._multidict-cls1] SKIPPED (No extensions available) [ 25%]
tests/test_multidict.py::TestCIMultiDict::test_keys_is_set_not_equal[multidict._multidict-CIMultiDict] SKIPPED (No extensions available) [ 25%]
tests/test_multidict.py::TestCIMultiDict::test_keys_is_set_not_equal[multidict._multidict-cls1] SKIPPED (No extensions available) [ 25%]
tests/test_multidict.py::TestCIMultiDict::test_eq[multidict._multidict-CIMultiDict] SKIPPED (No extensions available) [ 26%]
tests/test_multidict.py::TestCIMultiDict::test_eq[multidict._multidict-cls1] SKIPPED (No extensions available) [ 26%]
tests/test_multidict.py::TestCIMultiDict::test_eq2[multidict._multidict-CIMultiDict] SKIPPED (No extensions available) [ 26%]
tests/test_multidict.py::TestCIMultiDict::test_eq2[multidict._multidict-cls1] SKIPPED (No extensions available) [ 26%]
tests/test_multidict.py::TestCIMultiDict::test_eq3[multidict._multidict-CIMultiDict] SKIPPED (No extensions available) [ 26%]
tests/test_multidict.py::TestCIMultiDict::test_eq3[multidict._multidict-cls1] SKIPPED (No extensions available) [ 26%]
tests/test_multidict.py::TestCIMultiDict::test_eq_other_mapping_contains_more_keys[multidict._multidict-CIMultiDict] SKIPPED (No extensions available) [ 26%]
tests/test_multidict.py::TestCIMultiDict::test_eq_other_mapping_contains_more_keys[multidict._multidict-cls1] SKIPPED (No extensions available) [ 26%]
tests/test_multidict.py::TestCIMultiDict::test_eq_bad_mapping_len[multidict._multidict-CIMultiDict] SKIPPED (No extensions available) [ 27%]
tests/test_multidict.py::TestCIMultiDict::test_eq_bad_mapping_len[multidict._multidict-cls1] SKIPPED (No extensions available) [ 27%]
tests/test_multidict.py::TestCIMultiDict::test_eq_bad_mapping_getitem[multidict._multidict-CIMultiDict] SKIPPED (No extensions available) [ 27%]
tests/test_multidict.py::TestCIMultiDict::test_eq_bad_mapping_getitem[multidict._multidict-cls1] SKIPPED (No extensions available) [ 27%]
tests/test_multidict.py::TestCIMultiDict::test_ne[multidict._multidict-CIMultiDict] SKIPPED (No extensions available) [ 27%]
tests/test_multidict.py::TestCIMultiDict::test_ne[multidict._multidict-cls1] SKIPPED (No extensions available) [ 27%]
tests/test_multidict.py::TestCIMultiDict::test_and[multidict._multidict-CIMultiDict] SKIPPED (No extensions available) [ 27%]
tests/test_multidict.py::TestCIMultiDict::test_and[multidict._multidict-cls1] SKIPPED (No extensions available) [ 28%]
tests/test_multidict.py::TestCIMultiDict::test_and2[multidict._multidict-CIMultiDict] SKIPPED (No extensions available) [ 28%]
tests/test_multidict.py::TestCIMultiDict::test_and2[multidict._multidict-cls1] SKIPPED (No extensions available) [ 28%]
tests/test_multidict.py::TestCIMultiDict::test_or[multidict._multidict-CIMultiDict] SKIPPED (No extensions available) [ 28%]
tests/test_multidict.py::TestCIMultiDict::test_or[multidict._multidict-cls1] SKIPPED (No extensions available) [ 28%]
tests/test_multidict.py::TestCIMultiDict::test_or2[multidict._multidict-CIMultiDict] SKIPPED (No extensions available) [ 28%]
tests/test_multidict.py::TestCIMultiDict::test_or2[multidict._multidict-cls1] SKIPPED (No extensions available) [ 28%]
tests/test_multidict.py::TestCIMultiDict::test_sub[multidict._multidict-CIMultiDict] SKIPPED (No extensions available) [ 29%]
tests/test_multidict.py::TestCIMultiDict::test_sub[multidict._multidict-cls1] SKIPPED (No extensions available) [ 29%]
tests/test_multidict.py::TestCIMultiDict::test_sub2[multidict._multidict-CIMultiDict] SKIPPED (No extensions available) [ 29%]
tests/test_multidict.py::TestCIMultiDict::test_sub2[multidict._multidict-cls1] SKIPPED (No extensions available) [ 29%]
tests/test_multidict.py::TestCIMultiDict::test_xor[multidict._multidict-CIMultiDict] SKIPPED (No extensions available) [ 29%]
tests/test_multidict.py::TestCIMultiDict::test_xor[multidict._multidict-cls1] SKIPPED (No extensions available) [ 29%]
tests/test_multidict.py::TestCIMultiDict::test_xor2[multidict._multidict-CIMultiDict] SKIPPED (No extensions available) [ 29%]
tests/test_multidict.py::TestCIMultiDict::test_xor2[multidict._multidict-cls1] SKIPPED (No extensions available) [ 30%]
tests/test_multidict.py::TestCIMultiDict::test_isdisjoint[multidict._multidict-CIMultiDict-_set0-True] SKIPPED (No extensions available) [ 30%]
tests/test_multidict.py::TestCIMultiDict::test_isdisjoint[multidict._multidict-CIMultiDict-_set1-False] SKIPPED (No extensions available) [ 30%]
tests/test_multidict.py::TestCIMultiDict::test_isdisjoint[multidict._multidict-cls1-_set0-True] SKIPPED (No extensions available) [ 30%]
tests/test_multidict.py::TestCIMultiDict::test_isdisjoint[multidict._multidict-cls1-_set1-False] SKIPPED (No extensions available) [ 30%]
tests/test_multidict.py::TestCIMultiDict::test_repr_issue_410[multidict._multidict-CIMultiDict] SKIPPED (No extensions available) [ 30%]
tests/test_multidict.py::TestCIMultiDict::test_repr_issue_410[multidict._multidict-cls1] SKIPPED (No extensions available) [ 30%]
tests/test_multidict.py::TestCIMultiDict::test_op_issue_410[multidict._multidict-CIMultiDict-other0-or_] SKIPPED (No extensions available) [ 30%]
tests/test_multidict.py::TestCIMultiDict::test_op_issue_410[multidict._multidict-CIMultiDict-other0-and_] SKIPPED (No extensions available) [ 31%]
tests/test_multidict.py::TestCIMultiDict::test_op_issue_410[multidict._multidict-CIMultiDict-other0-sub] SKIPPED (No extensions available) [ 31%]
tests/test_multidict.py::TestCIMultiDict::test_op_issue_410[multidict._multidict-CIMultiDict-other0-xor] SKIPPED (No extensions available) [ 31%]
tests/test_multidict.py::TestCIMultiDict::test_op_issue_410[multidict._multidict-cls1-other0-or_] SKIPPED (No extensions available) [ 31%]
tests/test_multidict.py::TestCIMultiDict::test_op_issue_410[multidict._multidict-cls1-other0-and_] SKIPPED (No extensions available) [ 31%]
tests/test_multidict.py::TestCIMultiDict::test_op_issue_410[multidict._multidict-cls1-other0-sub] SKIPPED (No extensions available) [ 31%]
tests/test_multidict.py::TestCIMultiDict::test_op_issue_410[multidict._multidict-cls1-other0-xor] SKIPPED (No extensions available) [ 31%]
tests/test_multidict.py::TestCIMultiDict::test_weakref[multidict._multidict-CIMultiDict] SKIPPED (No extensions available) [ 32%]
tests/test_multidict.py::TestCIMultiDict::test_weakref[multidict._multidict-cls1] SKIPPED (No extensions available) [ 32%]
tests/test_multidict.py::TestCIMultiDict::test_iter_length_hint_keys[multidict._multidict-CIMultiDict] SKIPPED (No extensions available) [ 32%]
tests/test_multidict.py::TestCIMultiDict::test_iter_length_hint_keys[multidict._multidict-cls1] SKIPPED (No extensions available) [ 32%]
tests/test_multidict.py::TestCIMultiDict::test_iter_length_hint_items[multidict._multidict-CIMultiDict] SKIPPED (No extensions available) [ 32%]
tests/test_multidict.py::TestCIMultiDict::test_iter_length_hint_items[multidict._multidict-cls1] SKIPPED (No extensions available) [ 32%]
tests/test_multidict.py::TestCIMultiDict::test_iter_length_hint_values[multidict._multidict-CIMultiDict] SKIPPED (No extensions available) [ 32%]
tests/test_multidict.py::TestCIMultiDict::test_iter_length_hint_values[multidict._multidict-cls1] SKIPPED (No extensions available) [ 33%]
tests/test_multidict.py::TestCIMultiDict::test_ctor_list_arg_and_kwds[multidict._multidict-CIMultiDict] SKIPPED (No extensions available) [ 33%]
tests/test_multidict.py::TestCIMultiDict::test_ctor_list_arg_and_kwds[multidict._multidict-cls1] SKIPPED (No extensions available) [ 33%]
tests/test_multidict.py::TestCIMultiDict::test_ctor_tuple_arg_and_kwds[multidict._multidict-CIMultiDict] SKIPPED (No extensions available) [ 33%]
tests/test_multidict.py::TestCIMultiDict::test_ctor_tuple_arg_and_kwds[multidict._multidict-cls1] SKIPPED (No extensions available) [ 33%]
tests/test_multidict.py::TestCIMultiDict::test_ctor_deque_arg_and_kwds[multidict._multidict-CIMultiDict] SKIPPED (No extensions available) [ 33%]
tests/test_multidict.py::TestCIMultiDict::test_ctor_deque_arg_and_kwds[multidict._multidict-cls1] SKIPPED (No extensions available) [ 33%]
tests/test_multidict.py::TestCIMultiDict::test_basics[multidict._multidict-CIMultiDict] SKIPPED (No extensions available) [ 33%]
tests/test_multidict.py::TestCIMultiDict::test_basics[multidict._multidict-cls1] SKIPPED (No extensions available) [ 34%]
tests/test_multidict.py::TestCIMultiDict::test_getall[multidict._multidict-CIMultiDict] SKIPPED (No extensions available) [ 34%]
tests/test_multidict.py::TestCIMultiDict::test_getall[multidict._multidict-cls1] SKIPPED (No extensions available) [ 34%]
tests/test_multidict.py::TestCIMultiDict::test_get[multidict._multidict-CIMultiDict] SKIPPED (No extensions available) [ 34%]
tests/test_multidict.py::TestCIMultiDict::test_get[multidict._multidict-cls1] SKIPPED (No extensions available) [ 34%]
tests/test_multidict.py::TestCIMultiDict::test__repr__[multidict._multidict-CIMultiDict] SKIPPED (No extensions available) [ 34%]
tests/test_multidict.py::TestCIMultiDict::test__repr__[multidict._multidict-cls1] SKIPPED (No extensions available) [ 34%]
tests/test_multidict.py::TestCIMultiDict::test_items__repr__[multidict._multidict-CIMultiDict] SKIPPED (No extensions available) [ 35%]
tests/test_multidict.py::TestCIMultiDict::test_items__repr__[multidict._multidict-cls1] SKIPPED (No extensions available) [ 35%]
tests/test_multidict.py::TestCIMultiDict::test_keys__repr__[multidict._multidict-CIMultiDict] SKIPPED (No extensions available) [ 35%]
tests/test_multidict.py::TestCIMultiDict::test_keys__repr__[multidict._multidict-cls1] SKIPPED (No extensions available) [ 35%]
tests/test_multidict.py::TestCIMultiDict::test_values__repr__[multidict._multidict-CIMultiDict] SKIPPED (No extensions available) [ 35%]
tests/test_multidict.py::TestCIMultiDict::test_values__repr__[multidict._multidict-cls1] SKIPPED (No extensions available) [ 35%]
tests/test_mutable_multidict.py::TestMutableMultiDict::test_copy[multidict._multidict] SKIPPED (No extensions available) [ 35%]
tests/test_mutable_multidict.py::TestMutableMultiDict::test__repr__[multidict._multidict] SKIPPED (No extensions available) [ 36%]
tests/test_mutable_multidict.py::TestMutableMultiDict::test_getall[multidict._multidict] SKIPPED (No extensions available) [ 36%]
tests/test_mutable_multidict.py::TestMutableMultiDict::test_add[multidict._multidict] SKIPPED (No extensions available) [ 36%]
tests/test_mutable_multidict.py::TestMutableMultiDict::test_extend[multidict._multidict] SKIPPED (No extensions available) [ 36%]
tests/test_mutable_multidict.py::TestMutableMultiDict::test_extend_from_proxy[multidict._multidict] SKIPPED (No extensions available) [ 36%]
tests/test_mutable_multidict.py::TestMutableMultiDict::test_clear[multidict._multidict] SKIPPED (No extensions available) [ 36%]
tests/test_mutable_multidict.py::TestMutableMultiDict::test_del[multidict._multidict] SKIPPED (No extensions available) [ 36%]
tests/test_mutable_multidict.py::TestMutableMultiDict::test_set_default[multidict._multidict] SKIPPED (No extensions available) [ 36%]
tests/test_mutable_multidict.py::TestMutableMultiDict::test_popitem[multidict._multidict] SKIPPED (No extensions available) [ 37%]
tests/test_mutable_multidict.py::TestMutableMultiDict::test_popitem_empty_multidict[multidict._multidict] SKIPPED (No extensions available) [ 37%]
tests/test_mutable_multidict.py::TestMutableMultiDict::test_pop[multidict._multidict] SKIPPED (No extensions available) [ 37%]
tests/test_mutable_multidict.py::TestMutableMultiDict::test_pop2[multidict._multidict] SKIPPED (No extensions available) [ 37%]
tests/test_mutable_multidict.py::TestMutableMultiDict::test_pop_default[multidict._multidict] SKIPPED (No extensions available) [ 37%]
tests/test_mutable_multidict.py::TestMutableMultiDict::test_pop_raises[multidict._multidict] SKIPPED (No extensions available) [ 37%]
tests/test_mutable_multidict.py::TestMutableMultiDict::test_replacement_order[multidict._multidict] SKIPPED (No extensions available) [ 37%]
tests/test_mutable_multidict.py::TestMutableMultiDict::test_nonstr_key[multidict._multidict] SKIPPED (No extensions available) [ 38%]
tests/test_mutable_multidict.py::TestMutableMultiDict::test_istr_key[multidict._multidict] SKIPPED (No extensions available) [ 38%]
tests/test_mutable_multidict.py::TestMutableMultiDict::test_str_derived_key[multidict._multidict] SKIPPED (No extensions available) [ 38%]
tests/test_mutable_multidict.py::TestMutableMultiDict::test_istr_key_add[multidict._multidict] SKIPPED (No extensions available) [ 38%]
tests/test_mutable_multidict.py::TestMutableMultiDict::test_str_derived_key_add[multidict._multidict] SKIPPED (No extensions available) [ 38%]
tests/test_mutable_multidict.py::TestMutableMultiDict::test_popall[multidict._multidict] SKIPPED (No extensions available) [ 38%]
tests/test_mutable_multidict.py::TestMutableMultiDict::test_popall_default[multidict._multidict] SKIPPED (No extensions available) [ 38%]
tests/test_mutable_multidict.py::TestMutableMultiDict::test_popall_key_error[multidict._multidict] SKIPPED (No extensions available) [ 39%]
tests/test_mutable_multidict.py::TestMutableMultiDict::test_large_multidict_resizing[multidict._multidict] SKIPPED (No extensions available) [ 39%]
tests/test_mutable_multidict.py::TestCIMutableMultiDict::test_getall[multidict._multidict] SKIPPED (No extensions available) [ 39%]
tests/test_mutable_multidict.py::TestCIMutableMultiDict::test_ctor[multidict._multidict] SKIPPED (No extensions available) [ 39%]
tests/test_mutable_multidict.py::TestCIMutableMultiDict::test_setitem[multidict._multidict] SKIPPED (No extensions available) [ 39%]
tests/test_mutable_multidict.py::TestCIMutableMultiDict::test_delitem[multidict._multidict] SKIPPED (No extensions available) [ 39%]
tests/test_mutable_multidict.py::TestCIMutableMultiDict::test_copy[multidict._multidict] SKIPPED (No extensions available) [ 39%]
tests/test_mutable_multidict.py::TestCIMutableMultiDict::test__repr__[multidict._multidict] SKIPPED (No extensions available) [ 40%]
tests/test_mutable_multidict.py::TestCIMutableMultiDict::test_add[multidict._multidict] SKIPPED (No extensions available) [ 40%]
tests/test_mutable_multidict.py::TestCIMutableMultiDict::test_extend[multidict._multidict] SKIPPED (No extensions available) [ 40%]
tests/test_mutable_multidict.py::TestCIMutableMultiDict::test_extend_from_proxy[multidict._multidict] SKIPPED (No extensions available) [ 40%]
tests/test_mutable_multidict.py::TestCIMutableMultiDict::test_clear[multidict._multidict] SKIPPED (No extensions available) [ 40%]
tests/test_mutable_multidict.py::TestCIMutableMultiDict::test_del[multidict._multidict] SKIPPED (No extensions available) [ 40%]
tests/test_mutable_multidict.py::TestCIMutableMultiDict::test_set_default[multidict._multidict] SKIPPED (No extensions available) [ 40%]
tests/test_mutable_multidict.py::TestCIMutableMultiDict::test_popitem[multidict._multidict] SKIPPED (No extensions available) [ 40%]
tests/test_mutable_multidict.py::TestCIMutableMultiDict::test_popitem_empty_multidict[multidict._multidict] SKIPPED (No extensions available) [ 41%]
tests/test_mutable_multidict.py::TestCIMutableMultiDict::test_pop[multidict._multidict] SKIPPED (No extensions available) [ 41%]
tests/test_mutable_multidict.py::TestCIMutableMultiDict::test_pop_lowercase[multidict._multidict] SKIPPED (No extensions available) [ 41%]
tests/test_mutable_multidict.py::TestCIMutableMultiDict::test_pop_default[multidict._multidict] SKIPPED (No extensions available) [ 41%]
tests/test_mutable_multidict.py::TestCIMutableMultiDict::test_pop_raises[multidict._multidict] SKIPPED (No extensions available) [ 41%]
tests/test_mutable_multidict.py::TestCIMutableMultiDict::test_extend_with_istr[multidict._multidict] SKIPPED (No extensions available) [ 41%]
tests/test_mutable_multidict.py::TestCIMutableMultiDict::test_copy_istr[multidict._multidict] SKIPPED (No extensions available) [ 41%]
tests/test_mutable_multidict.py::TestCIMutableMultiDict::test_eq[multidict._multidict] SKIPPED (No extensions available) [ 42%]
tests/test_mutable_multidict.py::TestCIMutableMultiDict::test_sizeof[multidict._multidict] SKIPPED (No extensions available) [ 42%]
tests/test_mutable_multidict.py::TestCIMutableMultiDict::test_min_sizeof[multidict._multidict] SKIPPED (No extensions available) [ 42%]
tests/test_mutable_multidict.py::TestCIMutableMultiDict::test_issue_620_items[multidict._multidict] SKIPPED (No extensions available) [ 42%]
tests/test_mutable_multidict.py::TestCIMutableMultiDict::test_issue_620_keys[multidict._multidict] SKIPPED (No extensions available) [ 42%]
tests/test_mutable_multidict.py::TestCIMutableMultiDict::test_issue_620_values[multidict._multidict] SKIPPED (No extensions available) [ 42%]
tests/test_types.py::test_proxies[multidict._multidict] SKIPPED (No extensions available) [ 42%]
tests/test_types.py::test_dicts[multidict._multidict] SKIPPED (No extensions available) [ 43%]
tests/test_types.py::test_proxy_not_inherited_from_dict[multidict._multidict] SKIPPED (No extensions available) [ 43%]
tests/test_types.py::test_dict_not_inherited_from_proxy[multidict._multidict] SKIPPED (No extensions available) [ 43%]
tests/test_types.py::test_multidict_proxy_copy_type[multidict._multidict] SKIPPED (No extensions available) [ 43%]
tests/test_types.py::test_cimultidict_proxy_copy_type[multidict._multidict] SKIPPED (No extensions available) [ 43%]
tests/test_types.py::test_create_multidict_proxy_from_nonmultidict[multidict._multidict] SKIPPED (No extensions available) [ 43%]
tests/test_types.py::test_create_multidict_proxy_from_cimultidict[multidict._multidict] SKIPPED (No extensions available) [ 43%]
tests/test_types.py::test_create_multidict_proxy_from_multidict_proxy_from_mdict[multidict._multidict] SKIPPED (No extensions available) [ 43%]
tests/test_types.py::test_create_cimultidict_proxy_from_cimultidict_proxy_from_ci[multidict._multidict] SKIPPED (No extensions available) [ 44%]
tests/test_types.py::test_create_cimultidict_proxy_from_nonmultidict[multidict._multidict] SKIPPED (No extensions available) [ 44%]
tests/test_types.py::test_create_ci_multidict_proxy_from_multidict[multidict._multidict] SKIPPED (No extensions available) [ 44%]
tests/test_types.py::test_generic_exists[multidict._multidict] SKIPPED (Python 3.9 uses GenericAlias which is different) [ 44%]
tests/test_types.py::test_generic_alias[multidict._multidict] SKIPPED (No extensions available) [ 44%]
tests/test_update.py::test_update_md[multidict._multidict] SKIPPED (No extensions available) [ 44%]
tests/test_update.py::test_update_istr_ci_md[multidict._multidict] SKIPPED (No extensions available) [ 44%]
tests/test_update.py::test_update_ci_md[multidict._multidict] SKIPPED (No extensions available) [ 45%]
tests/test_multidict.py::test_exposed_names[multidict._multidict_py-MultiDict] PASSED [ 45%]
tests/test_multidict.py::test_exposed_names[multidict._multidict_py-CIMultiDict] PASSED [ 45%]
tests/test_multidict.py::test__iter__types[multidict._multidict_py-MultiDict-str] PASSED [ 45%]
tests/test_multidict.py::test__iter__types[multidict._multidict_py-cls1-str] PASSED [ 45%]
tests/test_multidict.py::test_proxy_copy[multidict._multidict_py-classes0] PASSED [ 45%]
tests/test_multidict.py::test_proxy_copy[multidict._multidict_py-classes1] PASSED [ 45%]
tests/test_multidict.py::test_subclassing[multidict._multidict_py-MultiDict] PASSED [ 46%]
tests/test_multidict.py::test_subclassing[multidict._multidict_py-CIMultiDict] PASSED [ 46%]
tests/test_multidict.py::test_subclassing[multidict._multidict_py-MultiDictProxy] PASSED [ 46%]
tests/test_multidict.py::test_subclassing[multidict._multidict_py-CIMultiDictProxy] PASSED [ 46%]
tests/test_multidict.py::TestMultiDict::test_instantiate__empty[multidict._multidict_py-MultiDict] PASSED [ 46%]
tests/test_multidict.py::TestMultiDict::test_instantiate__empty[multidict._multidict_py-cls1] PASSED [ 46%]
tests/test_multidict.py::TestMultiDict::test_instantiate__from_arg0[multidict._multidict_py-MultiDict-arg00] PASSED [ 46%]
tests/test_multidict.py::TestMultiDict::test_instantiate__from_arg0[multidict._multidict_py-MultiDict-arg01] PASSED [ 46%]
tests/test_multidict.py::TestMultiDict::test_instantiate__from_arg0[multidict._multidict_py-cls1-arg00] PASSED [ 47%]
tests/test_multidict.py::TestMultiDict::test_instantiate__from_arg0[multidict._multidict_py-cls1-arg01] PASSED [ 47%]
tests/test_multidict.py::TestMultiDict::test_instantiate__with_kwargs[multidict._multidict_py-MultiDict] PASSED [ 47%]
tests/test_multidict.py::TestMultiDict::test_instantiate__with_kwargs[multidict._multidict_py-cls1] PASSED [ 47%]
tests/test_multidict.py::TestMultiDict::test_instantiate__from_generator[multidict._multidict_py-MultiDict] PASSED [ 47%]
tests/test_multidict.py::TestMultiDict::test_instantiate__from_generator[multidict._multidict_py-cls1] PASSED [ 47%]
tests/test_multidict.py::TestMultiDict::test_instantiate__from_list_of_lists[multidict._multidict_py-MultiDict] PASSED [ 47%]
tests/test_multidict.py::TestMultiDict::test_instantiate__from_list_of_lists[multidict._multidict_py-cls1] PASSED [ 48%]
tests/test_multidict.py::TestMultiDict::test_instantiate__from_list_of_custom_pairs[multidict._multidict_py-MultiDict] PASSED [ 48%]
tests/test_multidict.py::TestMultiDict::test_instantiate__from_list_of_custom_pairs[multidict._multidict_py-cls1] PASSED [ 48%]
tests/test_multidict.py::TestMultiDict::test_getone[multidict._multidict_py-MultiDict] PASSED [ 48%]
tests/test_multidict.py::TestMultiDict::test_getone[multidict._multidict_py-cls1] PASSED [ 48%]
tests/test_multidict.py::TestMultiDict::test__iter__[multidict._multidict_py-MultiDict] PASSED [ 48%]
tests/test_multidict.py::TestMultiDict::test__iter__[multidict._multidict_py-cls1] PASSED [ 48%]
tests/test_multidict.py::TestMultiDict::test_keys__contains[multidict._multidict_py-MultiDict] PASSED [ 49%]
tests/test_multidict.py::TestMultiDict::test_keys__contains[multidict._multidict_py-cls1] PASSED [ 49%]
tests/test_multidict.py::TestMultiDict::test_values__contains[multidict._multidict_py-MultiDict] PASSED [ 49%]
tests/test_multidict.py::TestMultiDict::test_values__contains[multidict._multidict_py-cls1] PASSED [ 49%]
tests/test_multidict.py::TestMultiDict::test_items__contains[multidict._multidict_py-MultiDict] PASSED [ 49%]
tests/test_multidict.py::TestMultiDict::test_items__contains[multidict._multidict_py-cls1] PASSED [ 49%]
tests/test_multidict.py::TestMultiDict::test_cannot_create_from_unaccepted[multidict._multidict_py-MultiDict] PASSED [ 49%]
tests/test_multidict.py::TestMultiDict::test_cannot_create_from_unaccepted[multidict._multidict_py-cls1] PASSED [ 50%]
tests/test_multidict.py::TestMultiDict::test_keys_is_set_less[multidict._multidict_py-MultiDict] PASSED [ 50%]
tests/test_multidict.py::TestMultiDict::test_keys_is_set_less[multidict._multidict_py-cls1] PASSED [ 50%]
tests/test_multidict.py::TestMultiDict::test_keys_is_set_less_equal[multidict._multidict_py-MultiDict] PASSED [ 50%]
tests/test_multidict.py::TestMultiDict::test_keys_is_set_less_equal[multidict._multidict_py-cls1] PASSED [ 50%]
tests/test_multidict.py::TestMultiDict::test_keys_is_set_equal[multidict._multidict_py-MultiDict] PASSED [ 50%]
tests/test_multidict.py::TestMultiDict::test_keys_is_set_equal[multidict._multidict_py-cls1] PASSED [ 50%]
tests/test_multidict.py::TestMultiDict::test_keys_is_set_greater[multidict._multidict_py-MultiDict] PASSED [ 50%]
tests/test_multidict.py::TestMultiDict::test_keys_is_set_greater[multidict._multidict_py-cls1] PASSED [ 51%]
tests/test_multidict.py::TestMultiDict::test_keys_is_set_greater_equal[multidict._multidict_py-MultiDict] PASSED [ 51%]
tests/test_multidict.py::TestMultiDict::test_keys_is_set_greater_equal[multidict._multidict_py-cls1] PASSED [ 51%]
tests/test_multidict.py::TestMultiDict::test_keys_is_set_not_equal[multidict._multidict_py-MultiDict] PASSED [ 51%]
tests/test_multidict.py::TestMultiDict::test_keys_is_set_not_equal[multidict._multidict_py-cls1] PASSED [ 51%]
tests/test_multidict.py::TestMultiDict::test_eq[multidict._multidict_py-MultiDict] PASSED [ 51%]
tests/test_multidict.py::TestMultiDict::test_eq[multidict._multidict_py-cls1] PASSED [ 51%]
tests/test_multidict.py::TestMultiDict::test_eq2[multidict._multidict_py-MultiDict] PASSED [ 52%]
tests/test_multidict.py::TestMultiDict::test_eq2[multidict._multidict_py-cls1] PASSED [ 52%]
tests/test_multidict.py::TestMultiDict::test_eq3[multidict._multidict_py-MultiDict] PASSED [ 52%]
tests/test_multidict.py::TestMultiDict::test_eq3[multidict._multidict_py-cls1] PASSED [ 52%]
tests/test_multidict.py::TestMultiDict::test_eq_other_mapping_contains_more_keys[multidict._multidict_py-MultiDict] PASSED [ 52%]
tests/test_multidict.py::TestMultiDict::test_eq_other_mapping_contains_more_keys[multidict._multidict_py-cls1] PASSED [ 52%]
tests/test_multidict.py::TestMultiDict::test_eq_bad_mapping_len[multidict._multidict_py-MultiDict] PASSED [ 52%]
tests/test_multidict.py::TestMultiDict::test_eq_bad_mapping_len[multidict._multidict_py-cls1] PASSED [ 53%]
tests/test_multidict.py::TestMultiDict::test_eq_bad_mapping_getitem[multidict._multidict_py-MultiDict] PASSED [ 53%]
tests/test_multidict.py::TestMultiDict::test_eq_bad_mapping_getitem[multidict._multidict_py-cls1] PASSED [ 53%]
tests/test_multidict.py::TestMultiDict::test_ne[multidict._multidict_py-MultiDict] PASSED [ 53%]
tests/test_multidict.py::TestMultiDict::test_ne[multidict._multidict_py-cls1] PASSED [ 53%]
tests/test_multidict.py::TestMultiDict::test_and[multidict._multidict_py-MultiDict] PASSED [ 53%]
tests/test_multidict.py::TestMultiDict::test_and[multidict._multidict_py-cls1] PASSED [ 53%]
tests/test_multidict.py::TestMultiDict::test_and2[multidict._multidict_py-MultiDict] PASSED [ 53%]
tests/test_multidict.py::TestMultiDict::test_and2[multidict._multidict_py-cls1] PASSED [ 54%]
tests/test_multidict.py::TestMultiDict::test_or[multidict._multidict_py-MultiDict] PASSED [ 54%]
tests/test_multidict.py::TestMultiDict::test_or[multidict._multidict_py-cls1] PASSED [ 54%]
tests/test_multidict.py::TestMultiDict::test_or2[multidict._multidict_py-MultiDict] PASSED [ 54%]
tests/test_multidict.py::TestMultiDict::test_or2[multidict._multidict_py-cls1] PASSED [ 54%]
tests/test_multidict.py::TestMultiDict::test_sub[multidict._multidict_py-MultiDict] PASSED [ 54%]
tests/test_multidict.py::TestMultiDict::test_sub[multidict._multidict_py-cls1] PASSED [ 54%]
tests/test_multidict.py::TestMultiDict::test_sub2[multidict._multidict_py-MultiDict] PASSED [ 55%]
tests/test_multidict.py::TestMultiDict::test_sub2[multidict._multidict_py-cls1] PASSED [ 55%]
tests/test_multidict.py::TestMultiDict::test_xor[multidict._multidict_py-MultiDict] PASSED [ 55%]
tests/test_multidict.py::TestMultiDict::test_xor[multidict._multidict_py-cls1] PASSED [ 55%]
tests/test_multidict.py::TestMultiDict::test_xor2[multidict._multidict_py-MultiDict] PASSED [ 55%]
tests/test_multidict.py::TestMultiDict::test_xor2[multidict._multidict_py-cls1] PASSED [ 55%]
tests/test_multidict.py::TestMultiDict::test_isdisjoint[multidict._multidict_py-MultiDict-_set0-True] PASSED [ 55%]
tests/test_multidict.py::TestMultiDict::test_isdisjoint[multidict._multidict_py-MultiDict-_set1-False] PASSED [ 56%]
tests/test_multidict.py::TestMultiDict::test_isdisjoint[multidict._multidict_py-cls1-_set0-True] PASSED [ 56%]
tests/test_multidict.py::TestMultiDict::test_isdisjoint[multidict._multidict_py-cls1-_set1-False] PASSED [ 56%]
tests/test_multidict.py::TestMultiDict::test_repr_issue_410[multidict._multidict_py-MultiDict] PASSED [ 56%]
tests/test_multidict.py::TestMultiDict::test_repr_issue_410[multidict._multidict_py-cls1] PASSED [ 56%]
tests/test_multidict.py::TestMultiDict::test_op_issue_410[multidict._multidict_py-MultiDict-other0-or_] PASSED [ 56%]
tests/test_multidict.py::TestMultiDict::test_op_issue_410[multidict._multidict_py-MultiDict-other0-and_] PASSED [ 56%]
tests/test_multidict.py::TestMultiDict::test_op_issue_410[multidict._multidict_py-MultiDict-other0-sub] PASSED [ 56%]
tests/test_multidict.py::TestMultiDict::test_op_issue_410[multidict._multidict_py-MultiDict-other0-xor] PASSED [ 57%]
tests/test_multidict.py::TestMultiDict::test_op_issue_410[multidict._multidict_py-cls1-other0-or_] PASSED [ 57%]
tests/test_multidict.py::TestMultiDict::test_op_issue_410[multidict._multidict_py-cls1-other0-and_] PASSED [ 57%]
tests/test_multidict.py::TestMultiDict::test_op_issue_410[multidict._multidict_py-cls1-other0-sub] PASSED [ 57%]
tests/test_multidict.py::TestMultiDict::test_op_issue_410[multidict._multidict_py-cls1-other0-xor] PASSED [ 57%]
tests/test_multidict.py::TestMultiDict::test_weakref[multidict._multidict_py-MultiDict] PASSED [ 57%]
tests/test_multidict.py::TestMultiDict::test_weakref[multidict._multidict_py-cls1] PASSED [ 57%]
tests/test_multidict.py::TestMultiDict::test_iter_length_hint_keys[multidict._multidict_py-MultiDict] PASSED [ 58%]
tests/test_multidict.py::TestMultiDict::test_iter_length_hint_keys[multidict._multidict_py-cls1] PASSED [ 58%]
tests/test_multidict.py::TestMultiDict::test_iter_length_hint_items[multidict._multidict_py-MultiDict] PASSED [ 58%]
tests/test_multidict.py::TestMultiDict::test_iter_length_hint_items[multidict._multidict_py-cls1] PASSED [ 58%]
tests/test_multidict.py::TestMultiDict::test_iter_length_hint_values[multidict._multidict_py-MultiDict] PASSED [ 58%]
tests/test_multidict.py::TestMultiDict::test_iter_length_hint_values[multidict._multidict_py-cls1] PASSED [ 58%]
tests/test_multidict.py::TestMultiDict::test_ctor_list_arg_and_kwds[multidict._multidict_py-MultiDict] PASSED [ 58%]
tests/test_multidict.py::TestMultiDict::test_ctor_list_arg_and_kwds[multidict._multidict_py-cls1] PASSED [ 59%]
tests/test_multidict.py::TestMultiDict::test_ctor_tuple_arg_and_kwds[multidict._multidict_py-MultiDict] PASSED [ 59%]
tests/test_multidict.py::TestMultiDict::test_ctor_tuple_arg_and_kwds[multidict._multidict_py-cls1] PASSED [ 59%]
tests/test_multidict.py::TestMultiDict::test_ctor_deque_arg_and_kwds[multidict._multidict_py-MultiDict] PASSED [ 59%]
tests/test_multidict.py::TestMultiDict::test_ctor_deque_arg_and_kwds[multidict._multidict_py-cls1] PASSED [ 59%]
tests/test_multidict.py::TestMultiDict::test__repr__[multidict._multidict_py-MultiDict] PASSED [ 59%]
tests/test_multidict.py::TestMultiDict::test__repr__[multidict._multidict_py-cls1] PASSED [ 59%]
tests/test_multidict.py::TestMultiDict::test_getall[multidict._multidict_py-MultiDict] PASSED [ 60%]
tests/test_multidict.py::TestMultiDict::test_getall[multidict._multidict_py-cls1] PASSED [ 60%]
tests/test_multidict.py::TestMultiDict::test_preserve_stable_ordering[multidict._multidict_py-MultiDict] PASSED [ 60%]
tests/test_multidict.py::TestMultiDict::test_preserve_stable_ordering[multidict._multidict_py-cls1] PASSED [ 60%]
tests/test_multidict.py::TestMultiDict::test_get[multidict._multidict_py-MultiDict] PASSED [ 60%]
tests/test_multidict.py::TestMultiDict::test_get[multidict._multidict_py-cls1] PASSED [ 60%]
tests/test_multidict.py::TestMultiDict::test_items__repr__[multidict._multidict_py-MultiDict] PASSED [ 60%]
tests/test_multidict.py::TestMultiDict::test_items__repr__[multidict._multidict_py-cls1] PASSED [ 60%]
tests/test_multidict.py::TestMultiDict::test_keys__repr__[multidict._multidict_py-MultiDict] PASSED [ 61%]
tests/test_multidict.py::TestMultiDict::test_keys__repr__[multidict._multidict_py-cls1] PASSED [ 61%]
tests/test_multidict.py::TestMultiDict::test_values__repr__[multidict._multidict_py-MultiDict] PASSED [ 61%]
tests/test_multidict.py::TestMultiDict::test_values__repr__[multidict._multidict_py-cls1] PASSED [ 61%]
tests/test_multidict.py::TestCIMultiDict::test_instantiate__empty[multidict._multidict_py-CIMultiDict] PASSED [ 61%]
tests/test_multidict.py::TestCIMultiDict::test_instantiate__empty[multidict._multidict_py-cls1] PASSED [ 61%]
tests/test_multidict.py::TestCIMultiDict::test_instantiate__from_arg0[multidict._multidict_py-CIMultiDict-arg00] PASSED [ 61%]
tests/test_multidict.py::TestCIMultiDict::test_instantiate__from_arg0[multidict._multidict_py-CIMultiDict-arg01] PASSED [ 62%]
tests/test_multidict.py::TestCIMultiDict::test_instantiate__from_arg0[multidict._multidict_py-cls1-arg00] PASSED [ 62%]
tests/test_multidict.py::TestCIMultiDict::test_instantiate__from_arg0[multidict._multidict_py-cls1-arg01] PASSED [ 62%]
tests/test_multidict.py::TestCIMultiDict::test_instantiate__with_kwargs[multidict._multidict_py-CIMultiDict] PASSED [ 62%]
tests/test_multidict.py::TestCIMultiDict::test_instantiate__with_kwargs[multidict._multidict_py-cls1] PASSED [ 62%]
tests/test_multidict.py::TestCIMultiDict::test_instantiate__from_generator[multidict._multidict_py-CIMultiDict] PASSED [ 62%]
tests/test_multidict.py::TestCIMultiDict::test_instantiate__from_generator[multidict._multidict_py-cls1] PASSED [ 62%]
tests/test_multidict.py::TestCIMultiDict::test_instantiate__from_list_of_lists[multidict._multidict_py-CIMultiDict] PASSED [ 63%]
tests/test_multidict.py::TestCIMultiDict::test_instantiate__from_list_of_lists[multidict._multidict_py-cls1] PASSED [ 63%]
tests/test_multidict.py::TestCIMultiDict::test_instantiate__from_list_of_custom_pairs[multidict._multidict_py-CIMultiDict] PASSED [ 63%]
tests/test_multidict.py::TestCIMultiDict::test_instantiate__from_list_of_custom_pairs[multidict._multidict_py-cls1] PASSED [ 63%]
tests/test_multidict.py::TestCIMultiDict::test_getone[multidict._multidict_py-CIMultiDict] PASSED [ 63%]
tests/test_multidict.py::TestCIMultiDict::test_getone[multidict._multidict_py-cls1] PASSED [ 63%]
tests/test_multidict.py::TestCIMultiDict::test__iter__[multidict._multidict_py-CIMultiDict] PASSED [ 63%]
tests/test_multidict.py::TestCIMultiDict::test__iter__[multidict._multidict_py-cls1] PASSED [ 63%]
tests/test_multidict.py::TestCIMultiDict::test_keys__contains[multidict._multidict_py-CIMultiDict] PASSED [ 64%]
tests/test_multidict.py::TestCIMultiDict::test_keys__contains[multidict._multidict_py-cls1] PASSED [ 64%]
tests/test_multidict.py::TestCIMultiDict::test_values__contains[multidict._multidict_py-CIMultiDict] PASSED [ 64%]
tests/test_multidict.py::TestCIMultiDict::test_values__contains[multidict._multidict_py-cls1] PASSED [ 64%]
tests/test_multidict.py::TestCIMultiDict::test_items__contains[multidict._multidict_py-CIMultiDict] PASSED [ 64%]
tests/test_multidict.py::TestCIMultiDict::test_items__contains[multidict._multidict_py-cls1] PASSED [ 64%]
tests/test_multidict.py::TestCIMultiDict::test_cannot_create_from_unaccepted[multidict._multidict_py-CIMultiDict] PASSED [ 64%]
tests/test_multidict.py::TestCIMultiDict::test_cannot_create_from_unaccepted[multidict._multidict_py-cls1] PASSED [ 65%]
tests/test_multidict.py::TestCIMultiDict::test_keys_is_set_less[multidict._multidict_py-CIMultiDict] PASSED [ 65%]
tests/test_multidict.py::TestCIMultiDict::test_keys_is_set_less[multidict._multidict_py-cls1] PASSED [ 65%]
tests/test_multidict.py::TestCIMultiDict::test_keys_is_set_less_equal[multidict._multidict_py-CIMultiDict] PASSED [ 65%]
tests/test_multidict.py::TestCIMultiDict::test_keys_is_set_less_equal[multidict._multidict_py-cls1] PASSED [ 65%]
tests/test_multidict.py::TestCIMultiDict::test_keys_is_set_equal[multidict._multidict_py-CIMultiDict] PASSED [ 65%]
tests/test_multidict.py::TestCIMultiDict::test_keys_is_set_equal[multidict._multidict_py-cls1] PASSED [ 65%]
tests/test_multidict.py::TestCIMultiDict::test_keys_is_set_greater[multidict._multidict_py-CIMultiDict] PASSED [ 66%]
tests/test_multidict.py::TestCIMultiDict::test_keys_is_set_greater[multidict._multidict_py-cls1] PASSED [ 66%]
tests/test_multidict.py::TestCIMultiDict::test_keys_is_set_greater_equal[multidict._multidict_py-CIMultiDict] PASSED [ 66%]
tests/test_multidict.py::TestCIMultiDict::test_keys_is_set_greater_equal[multidict._multidict_py-cls1] PASSED [ 66%]
tests/test_multidict.py::TestCIMultiDict::test_keys_is_set_not_equal[multidict._multidict_py-CIMultiDict] PASSED [ 66%]
tests/test_multidict.py::TestCIMultiDict::test_keys_is_set_not_equal[multidict._multidict_py-cls1] PASSED [ 66%]
tests/test_multidict.py::TestCIMultiDict::test_eq[multidict._multidict_py-CIMultiDict] PASSED [ 66%]
tests/test_multidict.py::TestCIMultiDict::test_eq[multidict._multidict_py-cls1] PASSED [ 66%]
tests/test_multidict.py::TestCIMultiDict::test_eq2[multidict._multidict_py-CIMultiDict] PASSED [ 67%]
tests/test_multidict.py::TestCIMultiDict::test_eq2[multidict._multidict_py-cls1] PASSED [ 67%]
tests/test_multidict.py::TestCIMultiDict::test_eq3[multidict._multidict_py-CIMultiDict] PASSED [ 67%]
tests/test_multidict.py::TestCIMultiDict::test_eq3[multidict._multidict_py-cls1] PASSED [ 67%]
tests/test_multidict.py::TestCIMultiDict::test_eq_other_mapping_contains_more_keys[multidict._multidict_py-CIMultiDict] PASSED [ 67%]
tests/test_multidict.py::TestCIMultiDict::test_eq_other_mapping_contains_more_keys[multidict._multidict_py-cls1] PASSED [ 67%]
tests/test_multidict.py::TestCIMultiDict::test_eq_bad_mapping_len[multidict._multidict_py-CIMultiDict] PASSED [ 67%]
tests/test_multidict.py::TestCIMultiDict::test_eq_bad_mapping_len[multidict._multidict_py-cls1] PASSED [ 68%]
tests/test_multidict.py::TestCIMultiDict::test_eq_bad_mapping_getitem[multidict._multidict_py-CIMultiDict] PASSED [ 68%]
tests/test_multidict.py::TestCIMultiDict::test_eq_bad_mapping_getitem[multidict._multidict_py-cls1] PASSED [ 68%]
tests/test_multidict.py::TestCIMultiDict::test_ne[multidict._multidict_py-CIMultiDict] PASSED [ 68%]
tests/test_multidict.py::TestCIMultiDict::test_ne[multidict._multidict_py-cls1] PASSED [ 68%]
tests/test_multidict.py::TestCIMultiDict::test_and[multidict._multidict_py-CIMultiDict] PASSED [ 68%]
tests/test_multidict.py::TestCIMultiDict::test_and[multidict._multidict_py-cls1] PASSED [ 68%]
tests/test_multidict.py::TestCIMultiDict::test_and2[multidict._multidict_py-CIMultiDict] PASSED [ 69%]
tests/test_multidict.py::TestCIMultiDict::test_and2[multidict._multidict_py-cls1] PASSED [ 69%]
tests/test_multidict.py::TestCIMultiDict::test_or[multidict._multidict_py-CIMultiDict] PASSED [ 69%]
tests/test_multidict.py::TestCIMultiDict::test_or[multidict._multidict_py-cls1] PASSED [ 69%]
tests/test_multidict.py::TestCIMultiDict::test_or2[multidict._multidict_py-CIMultiDict] PASSED [ 69%]
tests/test_multidict.py::TestCIMultiDict::test_or2[multidict._multidict_py-cls1] PASSED [ 69%]
tests/test_multidict.py::TestCIMultiDict::test_sub[multidict._multidict_py-CIMultiDict] PASSED [ 69%]
tests/test_multidict.py::TestCIMultiDict::test_sub[multidict._multidict_py-cls1] PASSED [ 70%]
tests/test_multidict.py::TestCIMultiDict::test_sub2[multidict._multidict_py-CIMultiDict] PASSED [ 70%]
tests/test_multidict.py::TestCIMultiDict::test_sub2[multidict._multidict_py-cls1] PASSED [ 70%]
tests/test_multidict.py::TestCIMultiDict::test_xor[multidict._multidict_py-CIMultiDict] PASSED [ 70%]
tests/test_multidict.py::TestCIMultiDict::test_xor[multidict._multidict_py-cls1] PASSED [ 70%]
tests/test_multidict.py::TestCIMultiDict::test_xor2[multidict._multidict_py-CIMultiDict] PASSED [ 70%]
tests/test_multidict.py::TestCIMultiDict::test_xor2[multidict._multidict_py-cls1] PASSED [ 70%]
tests/test_multidict.py::TestCIMultiDict::test_isdisjoint[multidict._multidict_py-CIMultiDict-_set0-True] PASSED [ 70%]
tests/test_multidict.py::TestCIMultiDict::test_isdisjoint[multidict._multidict_py-CIMultiDict-_set1-False] PASSED [ 71%]
tests/test_multidict.py::TestCIMultiDict::test_isdisjoint[multidict._multidict_py-cls1-_set0-True] PASSED [ 71%]
tests/test_multidict.py::TestCIMultiDict::test_isdisjoint[multidict._multidict_py-cls1-_set1-False] PASSED [ 71%]
tests/test_multidict.py::TestCIMultiDict::test_repr_issue_410[multidict._multidict_py-CIMultiDict] PASSED [ 71%]
tests/test_multidict.py::TestCIMultiDict::test_repr_issue_410[multidict._multidict_py-cls1] PASSED [ 71%]
tests/test_multidict.py::TestCIMultiDict::test_op_issue_410[multidict._multidict_py-CIMultiDict-other0-or_] PASSED [ 71%]
tests/test_multidict.py::TestCIMultiDict::test_op_issue_410[multidict._multidict_py-CIMultiDict-other0-and_] PASSED [ 71%]
tests/test_multidict.py::TestCIMultiDict::test_op_issue_410[multidict._multidict_py-CIMultiDict-other0-sub] PASSED [ 72%]
tests/test_multidict.py::TestCIMultiDict::test_op_issue_410[multidict._multidict_py-CIMultiDict-other0-xor] PASSED [ 72%]
tests/test_multidict.py::TestCIMultiDict::test_op_issue_410[multidict._multidict_py-cls1-other0-or_] PASSED [ 72%]
tests/test_multidict.py::TestCIMultiDict::test_op_issue_410[multidict._multidict_py-cls1-other0-and_] PASSED [ 72%]
tests/test_multidict.py::TestCIMultiDict::test_op_issue_410[multidict._multidict_py-cls1-other0-sub] PASSED [ 72%]
tests/test_multidict.py::TestCIMultiDict::test_op_issue_410[multidict._multidict_py-cls1-other0-xor] PASSED [ 72%]
tests/test_multidict.py::TestCIMultiDict::test_weakref[multidict._multidict_py-CIMultiDict] PASSED [ 72%]
tests/test_multidict.py::TestCIMultiDict::test_weakref[multidict._multidict_py-cls1] PASSED [ 73%]
tests/test_multidict.py::TestCIMultiDict::test_iter_length_hint_keys[multidict._multidict_py-CIMultiDict] PASSED [ 73%]
tests/test_multidict.py::TestCIMultiDict::test_iter_length_hint_keys[multidict._multidict_py-cls1] PASSED [ 73%]
tests/test_multidict.py::TestCIMultiDict::test_iter_length_hint_items[multidict._multidict_py-CIMultiDict] PASSED [ 73%]
tests/test_multidict.py::TestCIMultiDict::test_iter_length_hint_items[multidict._multidict_py-cls1] PASSED [ 73%]
tests/test_multidict.py::TestCIMultiDict::test_iter_length_hint_values[multidict._multidict_py-CIMultiDict] PASSED [ 73%]
tests/test_multidict.py::TestCIMultiDict::test_iter_length_hint_values[multidict._multidict_py-cls1] PASSED [ 73%]
tests/test_multidict.py::TestCIMultiDict::test_ctor_list_arg_and_kwds[multidict._multidict_py-CIMultiDict] PASSED [ 73%]
tests/test_multidict.py::TestCIMultiDict::test_ctor_list_arg_and_kwds[multidict._multidict_py-cls1] PASSED [ 74%]
tests/test_multidict.py::TestCIMultiDict::test_ctor_tuple_arg_and_kwds[multidict._multidict_py-CIMultiDict] PASSED [ 74%]
tests/test_multidict.py::TestCIMultiDict::test_ctor_tuple_arg_and_kwds[multidict._multidict_py-cls1] PASSED [ 74%]
tests/test_multidict.py::TestCIMultiDict::test_ctor_deque_arg_and_kwds[multidict._multidict_py-CIMultiDict] PASSED [ 74%]
tests/test_multidict.py::TestCIMultiDict::test_ctor_deque_arg_and_kwds[multidict._multidict_py-cls1] PASSED [ 74%]
tests/test_multidict.py::TestCIMultiDict::test_basics[multidict._multidict_py-CIMultiDict] PASSED [ 74%]
tests/test_multidict.py::TestCIMultiDict::test_basics[multidict._multidict_py-cls1] PASSED [ 74%]
tests/test_multidict.py::TestCIMultiDict::test_getall[multidict._multidict_py-CIMultiDict] PASSED [ 75%]
tests/test_multidict.py::TestCIMultiDict::test_getall[multidict._multidict_py-cls1] PASSED [ 75%]
tests/test_multidict.py::TestCIMultiDict::test_get[multidict._multidict_py-CIMultiDict] PASSED [ 75%]
tests/test_multidict.py::TestCIMultiDict::test_get[multidict._multidict_py-cls1] PASSED [ 75%]
tests/test_multidict.py::TestCIMultiDict::test__repr__[multidict._multidict_py-CIMultiDict] PASSED [ 75%]
tests/test_multidict.py::TestCIMultiDict::test__repr__[multidict._multidict_py-cls1] PASSED [ 75%]
tests/test_multidict.py::TestCIMultiDict::test_items__repr__[multidict._multidict_py-CIMultiDict] PASSED [ 75%]
tests/test_multidict.py::TestCIMultiDict::test_items__repr__[multidict._multidict_py-cls1] PASSED [ 76%]
tests/test_multidict.py::TestCIMultiDict::test_keys__repr__[multidict._multidict_py-CIMultiDict] PASSED [ 76%]
tests/test_multidict.py::TestCIMultiDict::test_keys__repr__[multidict._multidict_py-cls1] PASSED [ 76%]
tests/test_multidict.py::TestCIMultiDict::test_values__repr__[multidict._multidict_py-CIMultiDict] PASSED [ 76%]
tests/test_multidict.py::TestCIMultiDict::test_values__repr__[multidict._multidict_py-cls1] PASSED [ 76%]
tests/test_mutable_multidict.py::TestMutableMultiDict::test_copy[multidict._multidict_py] PASSED [ 76%]
tests/test_mutable_multidict.py::TestMutableMultiDict::test__repr__[multidict._multidict_py] PASSED [ 76%]
tests/test_mutable_multidict.py::TestMutableMultiDict::test_getall[multidict._multidict_py] PASSED [ 76%]
tests/test_mutable_multidict.py::TestMutableMultiDict::test_add[multidict._multidict_py] PASSED [ 77%]
tests/test_mutable_multidict.py::TestMutableMultiDict::test_extend[multidict._multidict_py] PASSED [ 77%]
tests/test_mutable_multidict.py::TestMutableMultiDict::test_extend_from_proxy[multidict._multidict_py] PASSED [ 77%]
tests/test_mutable_multidict.py::TestMutableMultiDict::test_clear[multidict._multidict_py] PASSED [ 77%]
tests/test_mutable_multidict.py::TestMutableMultiDict::test_del[multidict._multidict_py] PASSED [ 77%]
tests/test_mutable_multidict.py::TestMutableMultiDict::test_set_default[multidict._multidict_py] PASSED [ 77%]
tests/test_mutable_multidict.py::TestMutableMultiDict::test_popitem[multidict._multidict_py] PASSED [ 77%]
tests/test_mutable_multidict.py::TestMutableMultiDict::test_popitem_empty_multidict[multidict._multidict_py] PASSED [ 78%]
tests/test_mutable_multidict.py::TestMutableMultiDict::test_pop[multidict._multidict_py] PASSED [ 78%]
tests/test_mutable_multidict.py::TestMutableMultiDict::test_pop2[multidict._multidict_py] PASSED [ 78%]
tests/test_mutable_multidict.py::TestMutableMultiDict::test_pop_default[multidict._multidict_py] PASSED [ 78%]
tests/test_mutable_multidict.py::TestMutableMultiDict::test_pop_raises[multidict._multidict_py] PASSED [ 78%]
tests/test_mutable_multidict.py::TestMutableMultiDict::test_replacement_order[multidict._multidict_py] PASSED [ 78%]
tests/test_mutable_multidict.py::TestMutableMultiDict::test_nonstr_key[multidict._multidict_py] PASSED [ 78%]
tests/test_mutable_multidict.py::TestMutableMultiDict::test_istr_key[multidict._multidict_py] PASSED [ 79%]
tests/test_mutable_multidict.py::TestMutableMultiDict::test_str_derived_key[multidict._multidict_py] PASSED [ 79%]
tests/test_mutable_multidict.py::TestMutableMultiDict::test_istr_key_add[multidict._multidict_py] PASSED [ 79%]
tests/test_mutable_multidict.py::TestMutableMultiDict::test_str_derived_key_add[multidict._multidict_py] PASSED [ 79%]
tests/test_mutable_multidict.py::TestMutableMultiDict::test_popall[multidict._multidict_py] PASSED [ 79%]
tests/test_mutable_multidict.py::TestMutableMultiDict::test_popall_default[multidict._multidict_py] PASSED [ 79%]
tests/test_mutable_multidict.py::TestMutableMultiDict::test_popall_key_error[multidict._multidict_py] PASSED [ 79%]
tests/test_mutable_multidict.py::TestMutableMultiDict::test_large_multidict_resizing[multidict._multidict_py] PASSED [ 80%]
tests/test_mutable_multidict.py::TestCIMutableMultiDict::test_getall[multidict._multidict_py] PASSED [ 80%]
tests/test_mutable_multidict.py::TestCIMutableMultiDict::test_ctor[multidict._multidict_py] PASSED [ 80%]
tests/test_mutable_multidict.py::TestCIMutableMultiDict::test_setitem[multidict._multidict_py] PASSED [ 80%]
tests/test_mutable_multidict.py::TestCIMutableMultiDict::test_delitem[multidict._multidict_py] PASSED [ 80%]
tests/test_mutable_multidict.py::TestCIMutableMultiDict::test_copy[multidict._multidict_py] PASSED [ 80%]
tests/test_mutable_multidict.py::TestCIMutableMultiDict::test__repr__[multidict._multidict_py] PASSED [ 80%]
tests/test_mutable_multidict.py::TestCIMutableMultiDict::test_add[multidict._multidict_py] PASSED [ 80%]
tests/test_mutable_multidict.py::TestCIMutableMultiDict::test_extend[multidict._multidict_py] PASSED [ 81%]
tests/test_mutable_multidict.py::TestCIMutableMultiDict::test_extend_from_proxy[multidict._multidict_py] PASSED [ 81%]
tests/test_mutable_multidict.py::TestCIMutableMultiDict::test_clear[multidict._multidict_py] PASSED [ 81%]
tests/test_mutable_multidict.py::TestCIMutableMultiDict::test_del[multidict._multidict_py] PASSED [ 81%]
tests/test_mutable_multidict.py::TestCIMutableMultiDict::test_set_default[multidict._multidict_py] PASSED [ 81%]
tests/test_mutable_multidict.py::TestCIMutableMultiDict::test_popitem[multidict._multidict_py] PASSED [ 81%]
tests/test_mutable_multidict.py::TestCIMutableMultiDict::test_popitem_empty_multidict[multidict._multidict_py] PASSED [ 81%]
tests/test_mutable_multidict.py::TestCIMutableMultiDict::test_pop[multidict._multidict_py] PASSED [ 82%]
tests/test_mutable_multidict.py::TestCIMutableMultiDict::test_pop_lowercase[multidict._multidict_py] PASSED [ 82%]
tests/test_mutable_multidict.py::TestCIMutableMultiDict::test_pop_default[multidict._multidict_py] PASSED [ 82%]
tests/test_mutable_multidict.py::TestCIMutableMultiDict::test_pop_raises[multidict._multidict_py] PASSED [ 82%]
tests/test_mutable_multidict.py::TestCIMutableMultiDict::test_extend_with_istr[multidict._multidict_py] PASSED [ 82%]
tests/test_mutable_multidict.py::TestCIMutableMultiDict::test_copy_istr[multidict._multidict_py] PASSED [ 82%]
tests/test_mutable_multidict.py::TestCIMutableMultiDict::test_eq[multidict._multidict_py] PASSED [ 82%]
tests/test_mutable_multidict.py::TestCIMutableMultiDict::test_sizeof[multidict._multidict_py] FAILED [ 83%]
tests/test_mutable_multidict.py::TestCIMutableMultiDict::test_min_sizeof[multidict._multidict_py] PASSED [ 83%]
tests/test_mutable_multidict.py::TestCIMutableMultiDict::test_issue_620_items[multidict._multidict_py] PASSED [ 83%]
tests/test_mutable_multidict.py::TestCIMutableMultiDict::test_issue_620_keys[multidict._multidict_py] PASSED [ 83%]
tests/test_mutable_multidict.py::TestCIMutableMultiDict::test_issue_620_values[multidict._multidict_py] PASSED [ 83%]
tests/test_types.py::test_proxies[multidict._multidict_py] PASSED        [ 83%]
tests/test_types.py::test_dicts[multidict._multidict_py] PASSED          [ 83%]
tests/test_types.py::test_proxy_not_inherited_from_dict[multidict._multidict_py] PASSED [ 83%]
tests/test_types.py::test_dict_not_inherited_from_proxy[multidict._multidict_py] PASSED [ 84%]
tests/test_types.py::test_multidict_proxy_copy_type[multidict._multidict_py] PASSED [ 84%]
tests/test_types.py::test_cimultidict_proxy_copy_type[multidict._multidict_py] PASSED [ 84%]
tests/test_types.py::test_create_multidict_proxy_from_nonmultidict[multidict._multidict_py] PASSED [ 84%]
tests/test_types.py::test_create_multidict_proxy_from_cimultidict[multidict._multidict_py] PASSED [ 84%]
tests/test_types.py::test_create_multidict_proxy_from_multidict_proxy_from_mdict[multidict._multidict_py] PASSED [ 84%]
tests/test_types.py::test_create_cimultidict_proxy_from_cimultidict_proxy_from_ci[multidict._multidict_py] PASSED [ 84%]
tests/test_types.py::test_create_cimultidict_proxy_from_nonmultidict[multidict._multidict_py] PASSED [ 85%]
tests/test_types.py::test_create_ci_multidict_proxy_from_multidict[multidict._multidict_py] PASSED [ 85%]
tests/test_types.py::test_generic_exists[multidict._multidict_py] SKIPPED (Python 3.9 uses GenericAlias which is different) [ 85%]
tests/test_types.py::test_generic_alias[multidict._multidict_py] PASSED  [ 85%]
tests/test_update.py::test_update_md[multidict._multidict_py] PASSED     [ 85%]
tests/test_update.py::test_update_istr_ci_md[multidict._multidict_py] PASSED [ 85%]
tests/test_update.py::test_update_ci_md[multidict._multidict_py] PASSED  [ 85%]
tests/test_mypy.py::test_classes_not_abstract PASSED                     [ 86%]
tests/test_mypy.py::test_getitem PASSED                                  [ 86%]
tests/test_mypy.py::test_get PASSED                                      [ 86%]
tests/test_mypy.py::test_get_default PASSED                              [ 86%]
tests/test_mypy.py::test_getone PASSED                                   [ 86%]
tests/test_mypy.py::test_getone_default PASSED                           [ 86%]
tests/test_mypy.py::test_getall PASSED                                   [ 86%]
tests/test_mypy.py::test_getall_default PASSED                           [ 86%]
tests/test_mypy.py::test_copy PASSED                                     [ 87%]
tests/test_mypy.py::test_iter PASSED                                     [ 87%]
tests/test_mypy.py::test_setitem PASSED                                  [ 87%]
tests/test_mypy.py::test_delitem PASSED                                  [ 87%]
tests/test_mypy.py::test_additem PASSED                                  [ 87%]
tests/test_mypy.py::test_extend_mapping PASSED                           [ 87%]
tests/test_mypy.py::test_update_mapping PASSED                           [ 87%]
tests/test_mypy.py::test_popone PASSED                                   [ 88%]
tests/test_mypy.py::test_popall PASSED                                   [ 88%]
tests/test_pickle.py::test_pickle[PyMultiDict-0] PASSED                  [ 88%]
tests/test_pickle.py::test_load_from_file[PyMultiDict-0] PASSED          [ 88%]
tests/test_pickle.py::test_pickle[PyMultiDict-1] PASSED                  [ 88%]
tests/test_pickle.py::test_load_from_file[PyMultiDict-1] PASSED          [ 88%]
tests/test_pickle.py::test_pickle[PyMultiDict-2] PASSED                  [ 88%]
tests/test_pickle.py::test_load_from_file[PyMultiDict-2] PASSED          [ 89%]
tests/test_pickle.py::test_pickle[PyMultiDict-3] PASSED                  [ 89%]
tests/test_pickle.py::test_load_from_file[PyMultiDict-3] PASSED          [ 89%]
tests/test_pickle.py::test_pickle[PyMultiDict-4] PASSED                  [ 89%]
tests/test_pickle.py::test_load_from_file[PyMultiDict-4] PASSED          [ 89%]
tests/test_pickle.py::test_pickle[PyMultiDict-5] PASSED                  [ 89%]
tests/test_pickle.py::test_load_from_file[PyMultiDict-5] PASSED          [ 89%]
tests/test_pickle.py::test_pickle[PyCIMultiDict-0] PASSED                [ 90%]
tests/test_pickle.py::test_load_from_file[PyCIMultiDict-0] PASSED        [ 90%]
tests/test_pickle.py::test_pickle[PyCIMultiDict-1] PASSED                [ 90%]
tests/test_pickle.py::test_load_from_file[PyCIMultiDict-1] PASSED        [ 90%]
tests/test_pickle.py::test_pickle[PyCIMultiDict-2] PASSED                [ 90%]
tests/test_pickle.py::test_load_from_file[PyCIMultiDict-2] PASSED        [ 90%]
tests/test_pickle.py::test_pickle[PyCIMultiDict-3] PASSED                [ 90%]
tests/test_pickle.py::test_load_from_file[PyCIMultiDict-3] PASSED        [ 90%]
tests/test_pickle.py::test_pickle[PyCIMultiDict-4] PASSED                [ 91%]
tests/test_pickle.py::test_load_from_file[PyCIMultiDict-4] PASSED        [ 91%]
tests/test_pickle.py::test_pickle[PyCIMultiDict-5] PASSED                [ 91%]
tests/test_pickle.py::test_load_from_file[PyCIMultiDict-5] PASSED        [ 91%]
tests/test_pickle.py::test_pickle_proxy[PyMultiDictProxy] PASSED         [ 91%]
tests/test_pickle.py::test_pickle_proxy[PyCIMultiDictProxy] PASSED       [ 91%]
tests/test_update.py::test_update_replace[PyMultiDict] PASSED            [ 91%]
tests/test_update.py::test_update_replace[PyCIMultiDict] PASSED          [ 92%]
tests/test_update.py::test_update_append[PyMultiDict] PASSED             [ 92%]
tests/test_update.py::test_update_append[PyCIMultiDict] PASSED           [ 92%]
tests/test_update.py::test_update_remove[PyMultiDict] PASSED             [ 92%]
tests/test_update.py::test_update_remove[PyCIMultiDict] PASSED           [ 92%]
tests/test_update.py::test_update_replace_seq[PyMultiDict] PASSED        [ 92%]
tests/test_update.py::test_update_replace_seq[PyCIMultiDict] PASSED      [ 92%]
tests/test_update.py::test_update_replace_seq2[PyMultiDict] PASSED       [ 93%]
tests/test_update.py::test_update_replace_seq2[PyCIMultiDict] PASSED     [ 93%]
tests/test_update.py::test_update_append_seq[PyMultiDict] PASSED         [ 93%]
tests/test_update.py::test_update_append_seq[PyCIMultiDict] PASSED       [ 93%]
tests/test_update.py::test_update_remove_seq[PyMultiDict] PASSED         [ 93%]
tests/test_update.py::test_update_remove_seq[PyCIMultiDict] PASSED       [ 93%]
tests/test_update.py::test_update_list_arg_and_kwds[PyMultiDict] PASSED  [ 93%]
tests/test_update.py::test_update_list_arg_and_kwds[PyCIMultiDict] PASSED [ 93%]
tests/test_update.py::test_update_tuple_arg_and_kwds[PyMultiDict] PASSED [ 94%]
tests/test_update.py::test_update_tuple_arg_and_kwds[PyCIMultiDict] PASSED [ 94%]
tests/test_update.py::test_update_deque_arg_and_kwds[PyMultiDict] PASSED [ 94%]
tests/test_update.py::test_update_deque_arg_and_kwds[PyCIMultiDict] PASSED [ 94%]
tests/test_version.py::TestPyMultiDict::test_getversion_bad_param PASSED [ 94%]
tests/test_version.py::TestPyMultiDict::test_ctor PASSED                 [ 94%]
tests/test_version.py::TestPyMultiDict::test_add PASSED                  [ 94%]
tests/test_version.py::TestPyMultiDict::test_delitem PASSED              [ 95%]
tests/test_version.py::TestPyMultiDict::test_delitem_not_found PASSED    [ 95%]
tests/test_version.py::TestPyMultiDict::test_setitem PASSED              [ 95%]
tests/test_version.py::TestPyMultiDict::test_setitem_not_found PASSED    [ 95%]
tests/test_version.py::TestPyMultiDict::test_clear PASSED                [ 95%]
tests/test_version.py::TestPyMultiDict::test_setdefault PASSED           [ 95%]
tests/test_version.py::TestPyMultiDict::test_popone PASSED               [ 95%]
tests/test_version.py::TestPyMultiDict::test_popone_default PASSED       [ 96%]
tests/test_version.py::TestPyMultiDict::test_popone_key_error PASSED     [ 96%]
tests/test_version.py::TestPyMultiDict::test_pop PASSED                  [ 96%]
tests/test_version.py::TestPyMultiDict::test_pop_default PASSED          [ 96%]
tests/test_version.py::TestPyMultiDict::test_pop_key_error PASSED        [ 96%]
tests/test_version.py::TestPyMultiDict::test_popall PASSED               [ 96%]
tests/test_version.py::TestPyMultiDict::test_popall_default PASSED       [ 96%]
tests/test_version.py::TestPyMultiDict::test_popall_key_error PASSED     [ 96%]
tests/test_version.py::TestPyMultiDict::test_popitem PASSED              [ 97%]
tests/test_version.py::TestPyMultiDict::test_popitem_key_error PASSED    [ 97%]
tests/test_version.py::TestPyCIMultiDict::test_getversion_bad_param PASSED [ 97%]
tests/test_version.py::TestPyCIMultiDict::test_ctor PASSED               [ 97%]
tests/test_version.py::TestPyCIMultiDict::test_add PASSED                [ 97%]
tests/test_version.py::TestPyCIMultiDict::test_delitem PASSED            [ 97%]
tests/test_version.py::TestPyCIMultiDict::test_delitem_not_found PASSED  [ 97%]
tests/test_version.py::TestPyCIMultiDict::test_setitem PASSED            [ 98%]
tests/test_version.py::TestPyCIMultiDict::test_setitem_not_found PASSED  [ 98%]
tests/test_version.py::TestPyCIMultiDict::test_clear PASSED              [ 98%]
tests/test_version.py::TestPyCIMultiDict::test_setdefault PASSED         [ 98%]
tests/test_version.py::TestPyCIMultiDict::test_popone PASSED             [ 98%]
tests/test_version.py::TestPyCIMultiDict::test_popone_default PASSED     [ 98%]
tests/test_version.py::TestPyCIMultiDict::test_popone_key_error PASSED   [ 98%]
tests/test_version.py::TestPyCIMultiDict::test_pop PASSED                [ 99%]
tests/test_version.py::TestPyCIMultiDict::test_pop_default PASSED        [ 99%]
tests/test_version.py::TestPyCIMultiDict::test_pop_key_error PASSED      [ 99%]
tests/test_version.py::TestPyCIMultiDict::test_popall PASSED             [ 99%]
tests/test_version.py::TestPyCIMultiDict::test_popall_default PASSED     [ 99%]
tests/test_version.py::TestPyCIMultiDict::test_popall_key_error PASSED   [ 99%]
tests/test_version.py::TestPyCIMultiDict::test_popitem PASSED            [ 99%]
tests/test_version.py::TestPyCIMultiDict::test_popitem_key_error PASSED  [100%]

=================================== FAILURES ===================================
_________ TestCIMutableMultiDict.test_sizeof[multidict._multidict_py] __________
Traceback (most recent call last):
  File "/workdir/multidict-6.0.3/tests/test_mutable_multidict.py", line 77, in test_sizeof
    assert ("key", "one") in itms
  File "/workdir/multidict-6.0.3/.tox/graalpylibtest-unit-test-tests/lib/python3.10/site-packages/_pytest/python.py", line 195, in pytest_pyfunc_call
    result = testfunction(**testargs)
  File "/workdir/multidict-6.0.3/tests/test_mutable_multidict.py", line 478, in test_sizeof
    assert s2 > s1
AssertionError
- generated xml file: /workdir/results/multidict/6.0.3/1/graalpy-test-results.xml -

---------- coverage: platform linux, python 3.10.8-alpha-0 -----------
Name                           Stmts   Miss  Cover   Missing
------------------------------------------------------------
multidict/__init__.py              9      1    89%   29
multidict/_abc.py                 30      2    93%   19-20
multidict/_multidict_base.py     114    114     0%   1-144
multidict/_multidict_py.py       341      4    99%   13-14, 365, 438
------------------------------------------------------------
TOTAL                            504    121    76%

1 file skipped due to complete coverage.
Coverage XML written to file coverage.xml

=========================== short test summary info ============================
FAILED tests/test_mutable_multidict.py::TestCIMutableMultiDict::test_sizeof[multidict._multidict_py]
============ 1 failed, 429 passed, 300 skipped in 229.09s (0:03:49) ============
ERROR: InvocationError for command /workdir/multidict-6.0.3/.tox/graalpylibtest-unit-test-tests/bin/pytest -v --tb=native --junitxml /workdir/results/multidict/6.0.3/1/graalpy-test-results.xml (exited with code 1)
___________________________________ summary ____________________________________
ERROR:   graalpylibtest-unit-test-tests: commands failed
