<?xml version="1.0" encoding="utf-8"?><testsuites><testsuite name="pytest" errors="55" failures="0" skipped="0" tests="55" time="0.794" timestamp="2023-11-23T04:42:14.423834" hostname="80ac3eb7f7f2"><testcase classname="" name="lib.Crypto.SelfTest.Cipher.test_AES" time="0.000"><error message="collection failure">Traceback (most recent call last):
  File "/workdir/pycryptodome-3.16.0/.tox/cpythonlibtest-unit-test-tests/lib/python3.10/site-packages/_pytest/runner.py", line 341, in from_call
    result: Optional[TResult] = func()
  File "/workdir/pycryptodome-3.16.0/.tox/cpythonlibtest-unit-test-tests/lib/python3.10/site-packages/_pytest/runner.py", line 372, in &lt;lambda&gt;
    call = CallInfo.from_call(lambda: list(collector.collect()), "collect")
  File "/workdir/pycryptodome-3.16.0/.tox/cpythonlibtest-unit-test-tests/lib/python3.10/site-packages/_pytest/python.py", line 531, in collect
    self._inject_setup_module_fixture()
  File "/workdir/pycryptodome-3.16.0/.tox/cpythonlibtest-unit-test-tests/lib/python3.10/site-packages/_pytest/python.py", line 545, in _inject_setup_module_fixture
    self.obj, ("setUpModule", "setup_module")
  File "/workdir/pycryptodome-3.16.0/.tox/cpythonlibtest-unit-test-tests/lib/python3.10/site-packages/_pytest/python.py", line 310, in obj
    self._obj = obj = self._getobj()
  File "/workdir/pycryptodome-3.16.0/.tox/cpythonlibtest-unit-test-tests/lib/python3.10/site-packages/_pytest/python.py", line 528, in _getobj
    return self._importtestmodule()
  File "/workdir/pycryptodome-3.16.0/.tox/cpythonlibtest-unit-test-tests/lib/python3.10/site-packages/_pytest/python.py", line 617, in _importtestmodule
    mod = import_path(self.path, mode=importmode, root=self.config.rootpath)
  File "/workdir/pycryptodome-3.16.0/.tox/cpythonlibtest-unit-test-tests/lib/python3.10/site-packages/_pytest/pathlib.py", line 567, in import_path
    importlib.import_module(module_name)
  File "/usr/local/lib/python3.10/importlib/__init__.py", line 126, in import_module
    return _bootstrap._gcd_import(name[level:], package, level)
  File "&lt;frozen importlib._bootstrap&gt;", line 1050, in _gcd_import
  File "&lt;frozen importlib._bootstrap&gt;", line 1027, in _find_and_load
  File "&lt;frozen importlib._bootstrap&gt;", line 1006, in _find_and_load_unlocked
  File "&lt;frozen importlib._bootstrap&gt;", line 688, in _load_unlocked
  File "/workdir/pycryptodome-3.16.0/.tox/cpythonlibtest-unit-test-tests/lib/python3.10/site-packages/_pytest/assertion/rewrite.py", line 186, in exec_module
    exec(co, module.__dict__)
  File "/workdir/pycryptodome-3.16.0/lib/Crypto/SelfTest/Cipher/test_AES.py", line 30, in &lt;module&gt;
    from Crypto.Hash import SHA256
  File "/workdir/pycryptodome-3.16.0/lib/Crypto/Hash/SHA256.py", line 29, in &lt;module&gt;
    _raw_sha256_lib = load_pycryptodome_raw_lib("Crypto.Hash._SHA256",
  File "/workdir/pycryptodome-3.16.0/lib/Crypto/Util/_raw_api.py", line 309, in load_pycryptodome_raw_lib
    raise OSError("Cannot load native module '%s': %s" % (name, ", ".join(attempts)))
OSError: Cannot load native module 'Crypto.Hash._SHA256': Not found '_SHA256.cpython-310-x86_64-linux-gnu.so', Not found '_SHA256.abi3.so', Not found '_SHA256.so'</error></testcase><testcase classname="" name="lib.Crypto.SelfTest.Cipher.test_ARC2" time="0.000"><error message="collection failure">Traceback (most recent call last):
  File "/workdir/pycryptodome-3.16.0/.tox/cpythonlibtest-unit-test-tests/lib/python3.10/site-packages/_pytest/runner.py", line 341, in from_call
    result: Optional[TResult] = func()
  File "/workdir/pycryptodome-3.16.0/.tox/cpythonlibtest-unit-test-tests/lib/python3.10/site-packages/_pytest/runner.py", line 372, in &lt;lambda&gt;
    call = CallInfo.from_call(lambda: list(collector.collect()), "collect")
  File "/workdir/pycryptodome-3.16.0/.tox/cpythonlibtest-unit-test-tests/lib/python3.10/site-packages/_pytest/python.py", line 531, in collect
    self._inject_setup_module_fixture()
  File "/workdir/pycryptodome-3.16.0/.tox/cpythonlibtest-unit-test-tests/lib/python3.10/site-packages/_pytest/python.py", line 545, in _inject_setup_module_fixture
    self.obj, ("setUpModule", "setup_module")
  File "/workdir/pycryptodome-3.16.0/.tox/cpythonlibtest-unit-test-tests/lib/python3.10/site-packages/_pytest/python.py", line 310, in obj
    self._obj = obj = self._getobj()
  File "/workdir/pycryptodome-3.16.0/.tox/cpythonlibtest-unit-test-tests/lib/python3.10/site-packages/_pytest/python.py", line 528, in _getobj
    return self._importtestmodule()
  File "/workdir/pycryptodome-3.16.0/.tox/cpythonlibtest-unit-test-tests/lib/python3.10/site-packages/_pytest/python.py", line 617, in _importtestmodule
    mod = import_path(self.path, mode=importmode, root=self.config.rootpath)
  File "/workdir/pycryptodome-3.16.0/.tox/cpythonlibtest-unit-test-tests/lib/python3.10/site-packages/_pytest/pathlib.py", line 567, in import_path
    importlib.import_module(module_name)
  File "/usr/local/lib/python3.10/importlib/__init__.py", line 126, in import_module
    return _bootstrap._gcd_import(name[level:], package, level)
  File "&lt;frozen importlib._bootstrap&gt;", line 1050, in _gcd_import
  File "&lt;frozen importlib._bootstrap&gt;", line 1027, in _find_and_load
  File "&lt;frozen importlib._bootstrap&gt;", line 1006, in _find_and_load_unlocked
  File "&lt;frozen importlib._bootstrap&gt;", line 688, in _load_unlocked
  File "/workdir/pycryptodome-3.16.0/.tox/cpythonlibtest-unit-test-tests/lib/python3.10/site-packages/_pytest/assertion/rewrite.py", line 186, in exec_module
    exec(co, module.__dict__)
  File "/workdir/pycryptodome-3.16.0/lib/Crypto/SelfTest/Cipher/test_ARC2.py", line 31, in &lt;module&gt;
    from Crypto.Cipher import ARC2
  File "/workdir/pycryptodome-3.16.0/lib/Crypto/Cipher/__init__.py", line 27, in &lt;module&gt;
    from Crypto.Cipher._mode_ecb import _create_ecb_cipher
  File "/workdir/pycryptodome-3.16.0/lib/Crypto/Cipher/_mode_ecb.py", line 35, in &lt;module&gt;
    raw_ecb_lib = load_pycryptodome_raw_lib("Crypto.Cipher._raw_ecb", """
  File "/workdir/pycryptodome-3.16.0/lib/Crypto/Util/_raw_api.py", line 309, in load_pycryptodome_raw_lib
    raise OSError("Cannot load native module '%s': %s" % (name, ", ".join(attempts)))
OSError: Cannot load native module 'Crypto.Cipher._raw_ecb': Not found '_raw_ecb.cpython-310-x86_64-linux-gnu.so', Not found '_raw_ecb.abi3.so', Not found '_raw_ecb.so'</error></testcase><testcase classname="" name="lib.Crypto.SelfTest.Cipher.test_ARC4" time="0.000"><error message="collection failure">Traceback (most recent call last):
  File "/workdir/pycryptodome-3.16.0/.tox/cpythonlibtest-unit-test-tests/lib/python3.10/site-packages/_pytest/runner.py", line 341, in from_call
    result: Optional[TResult] = func()
  File "/workdir/pycryptodome-3.16.0/.tox/cpythonlibtest-unit-test-tests/lib/python3.10/site-packages/_pytest/runner.py", line 372, in &lt;lambda&gt;
    call = CallInfo.from_call(lambda: list(collector.collect()), "collect")
  File "/workdir/pycryptodome-3.16.0/.tox/cpythonlibtest-unit-test-tests/lib/python3.10/site-packages/_pytest/python.py", line 531, in collect
    self._inject_setup_module_fixture()
  File "/workdir/pycryptodome-3.16.0/.tox/cpythonlibtest-unit-test-tests/lib/python3.10/site-packages/_pytest/python.py", line 545, in _inject_setup_module_fixture
    self.obj, ("setUpModule", "setup_module")
  File "/workdir/pycryptodome-3.16.0/.tox/cpythonlibtest-unit-test-tests/lib/python3.10/site-packages/_pytest/python.py", line 310, in obj
    self._obj = obj = self._getobj()
  File "/workdir/pycryptodome-3.16.0/.tox/cpythonlibtest-unit-test-tests/lib/python3.10/site-packages/_pytest/python.py", line 528, in _getobj
    return self._importtestmodule()
  File "/workdir/pycryptodome-3.16.0/.tox/cpythonlibtest-unit-test-tests/lib/python3.10/site-packages/_pytest/python.py", line 617, in _importtestmodule
    mod = import_path(self.path, mode=importmode, root=self.config.rootpath)
  File "/workdir/pycryptodome-3.16.0/.tox/cpythonlibtest-unit-test-tests/lib/python3.10/site-packages/_pytest/pathlib.py", line 567, in import_path
    importlib.import_module(module_name)
  File "/usr/local/lib/python3.10/importlib/__init__.py", line 126, in import_module
    return _bootstrap._gcd_import(name[level:], package, level)
  File "&lt;frozen importlib._bootstrap&gt;", line 1050, in _gcd_import
  File "&lt;frozen importlib._bootstrap&gt;", line 1027, in _find_and_load
  File "&lt;frozen importlib._bootstrap&gt;", line 1006, in _find_and_load_unlocked
  File "&lt;frozen importlib._bootstrap&gt;", line 688, in _load_unlocked
  File "/workdir/pycryptodome-3.16.0/.tox/cpythonlibtest-unit-test-tests/lib/python3.10/site-packages/_pytest/assertion/rewrite.py", line 186, in exec_module
    exec(co, module.__dict__)
  File "/workdir/pycryptodome-3.16.0/lib/Crypto/SelfTest/Cipher/test_ARC4.py", line 33, in &lt;module&gt;
    from Crypto.Cipher import ARC4
  File "/workdir/pycryptodome-3.16.0/lib/Crypto/Cipher/__init__.py", line 27, in &lt;module&gt;
    from Crypto.Cipher._mode_ecb import _create_ecb_cipher
  File "/workdir/pycryptodome-3.16.0/lib/Crypto/Cipher/_mode_ecb.py", line 35, in &lt;module&gt;
    raw_ecb_lib = load_pycryptodome_raw_lib("Crypto.Cipher._raw_ecb", """
  File "/workdir/pycryptodome-3.16.0/lib/Crypto/Util/_raw_api.py", line 309, in load_pycryptodome_raw_lib
    raise OSError("Cannot load native module '%s': %s" % (name, ", ".join(attempts)))
OSError: Cannot load native module 'Crypto.Cipher._raw_ecb': Not found '_raw_ecb.cpython-310-x86_64-linux-gnu.so', Not found '_raw_ecb.abi3.so', Not found '_raw_ecb.so'</error></testcase><testcase classname="" name="lib.Crypto.SelfTest.Cipher.test_Blowfish" time="0.000"><error message="collection failure">Traceback (most recent call last):
  File "/workdir/pycryptodome-3.16.0/.tox/cpythonlibtest-unit-test-tests/lib/python3.10/site-packages/_pytest/runner.py", line 341, in from_call
    result: Optional[TResult] = func()
  File "/workdir/pycryptodome-3.16.0/.tox/cpythonlibtest-unit-test-tests/lib/python3.10/site-packages/_pytest/runner.py", line 372, in &lt;lambda&gt;
    call = CallInfo.from_call(lambda: list(collector.collect()), "collect")
  File "/workdir/pycryptodome-3.16.0/.tox/cpythonlibtest-unit-test-tests/lib/python3.10/site-packages/_pytest/python.py", line 531, in collect
    self._inject_setup_module_fixture()
  File "/workdir/pycryptodome-3.16.0/.tox/cpythonlibtest-unit-test-tests/lib/python3.10/site-packages/_pytest/python.py", line 545, in _inject_setup_module_fixture
    self.obj, ("setUpModule", "setup_module")
  File "/workdir/pycryptodome-3.16.0/.tox/cpythonlibtest-unit-test-tests/lib/python3.10/site-packages/_pytest/python.py", line 310, in obj
    self._obj = obj = self._getobj()
  File "/workdir/pycryptodome-3.16.0/.tox/cpythonlibtest-unit-test-tests/lib/python3.10/site-packages/_pytest/python.py", line 528, in _getobj
    return self._importtestmodule()
  File "/workdir/pycryptodome-3.16.0/.tox/cpythonlibtest-unit-test-tests/lib/python3.10/site-packages/_pytest/python.py", line 617, in _importtestmodule
    mod = import_path(self.path, mode=importmode, root=self.config.rootpath)
  File "/workdir/pycryptodome-3.16.0/.tox/cpythonlibtest-unit-test-tests/lib/python3.10/site-packages/_pytest/pathlib.py", line 567, in import_path
    importlib.import_module(module_name)
  File "/usr/local/lib/python3.10/importlib/__init__.py", line 126, in import_module
    return _bootstrap._gcd_import(name[level:], package, level)
  File "&lt;frozen importlib._bootstrap&gt;", line 1050, in _gcd_import
  File "&lt;frozen importlib._bootstrap&gt;", line 1027, in _find_and_load
  File "&lt;frozen importlib._bootstrap&gt;", line 1006, in _find_and_load_unlocked
  File "&lt;frozen importlib._bootstrap&gt;", line 688, in _load_unlocked
  File "/workdir/pycryptodome-3.16.0/.tox/cpythonlibtest-unit-test-tests/lib/python3.10/site-packages/_pytest/assertion/rewrite.py", line 186, in exec_module
    exec(co, module.__dict__)
  File "/workdir/pycryptodome-3.16.0/lib/Crypto/SelfTest/Cipher/test_Blowfish.py", line 31, in &lt;module&gt;
    from Crypto.Cipher import Blowfish
  File "/workdir/pycryptodome-3.16.0/lib/Crypto/Cipher/__init__.py", line 27, in &lt;module&gt;
    from Crypto.Cipher._mode_ecb import _create_ecb_cipher
  File "/workdir/pycryptodome-3.16.0/lib/Crypto/Cipher/_mode_ecb.py", line 35, in &lt;module&gt;
    raw_ecb_lib = load_pycryptodome_raw_lib("Crypto.Cipher._raw_ecb", """
  File "/workdir/pycryptodome-3.16.0/lib/Crypto/Util/_raw_api.py", line 309, in load_pycryptodome_raw_lib
    raise OSError("Cannot load native module '%s': %s" % (name, ", ".join(attempts)))
OSError: Cannot load native module 'Crypto.Cipher._raw_ecb': Not found '_raw_ecb.cpython-310-x86_64-linux-gnu.so', Not found '_raw_ecb.abi3.so', Not found '_raw_ecb.so'</error></testcase><testcase classname="" name="lib.Crypto.SelfTest.Cipher.test_CAST" time="0.000"><error message="collection failure">Traceback (most recent call last):
  File "/workdir/pycryptodome-3.16.0/.tox/cpythonlibtest-unit-test-tests/lib/python3.10/site-packages/_pytest/runner.py", line 341, in from_call
    result: Optional[TResult] = func()
  File "/workdir/pycryptodome-3.16.0/.tox/cpythonlibtest-unit-test-tests/lib/python3.10/site-packages/_pytest/runner.py", line 372, in &lt;lambda&gt;
    call = CallInfo.from_call(lambda: list(collector.collect()), "collect")
  File "/workdir/pycryptodome-3.16.0/.tox/cpythonlibtest-unit-test-tests/lib/python3.10/site-packages/_pytest/python.py", line 531, in collect
    self._inject_setup_module_fixture()
  File "/workdir/pycryptodome-3.16.0/.tox/cpythonlibtest-unit-test-tests/lib/python3.10/site-packages/_pytest/python.py", line 545, in _inject_setup_module_fixture
    self.obj, ("setUpModule", "setup_module")
  File "/workdir/pycryptodome-3.16.0/.tox/cpythonlibtest-unit-test-tests/lib/python3.10/site-packages/_pytest/python.py", line 310, in obj
    self._obj = obj = self._getobj()
  File "/workdir/pycryptodome-3.16.0/.tox/cpythonlibtest-unit-test-tests/lib/python3.10/site-packages/_pytest/python.py", line 528, in _getobj
    return self._importtestmodule()
  File "/workdir/pycryptodome-3.16.0/.tox/cpythonlibtest-unit-test-tests/lib/python3.10/site-packages/_pytest/python.py", line 617, in _importtestmodule
    mod = import_path(self.path, mode=importmode, root=self.config.rootpath)
  File "/workdir/pycryptodome-3.16.0/.tox/cpythonlibtest-unit-test-tests/lib/python3.10/site-packages/_pytest/pathlib.py", line 567, in import_path
    importlib.import_module(module_name)
  File "/usr/local/lib/python3.10/importlib/__init__.py", line 126, in import_module
    return _bootstrap._gcd_import(name[level:], package, level)
  File "&lt;frozen importlib._bootstrap&gt;", line 1050, in _gcd_import
  File "&lt;frozen importlib._bootstrap&gt;", line 1027, in _find_and_load
  File "&lt;frozen importlib._bootstrap&gt;", line 1006, in _find_and_load_unlocked
  File "&lt;frozen importlib._bootstrap&gt;", line 688, in _load_unlocked
  File "/workdir/pycryptodome-3.16.0/.tox/cpythonlibtest-unit-test-tests/lib/python3.10/site-packages/_pytest/assertion/rewrite.py", line 186, in exec_module
    exec(co, module.__dict__)
  File "/workdir/pycryptodome-3.16.0/lib/Crypto/SelfTest/Cipher/test_CAST.py", line 31, in &lt;module&gt;
    from Crypto.Cipher import CAST
  File "/workdir/pycryptodome-3.16.0/lib/Crypto/Cipher/__init__.py", line 27, in &lt;module&gt;
    from Crypto.Cipher._mode_ecb import _create_ecb_cipher
  File "/workdir/pycryptodome-3.16.0/lib/Crypto/Cipher/_mode_ecb.py", line 35, in &lt;module&gt;
    raw_ecb_lib = load_pycryptodome_raw_lib("Crypto.Cipher._raw_ecb", """
  File "/workdir/pycryptodome-3.16.0/lib/Crypto/Util/_raw_api.py", line 309, in load_pycryptodome_raw_lib
    raise OSError("Cannot load native module '%s': %s" % (name, ", ".join(attempts)))
OSError: Cannot load native module 'Crypto.Cipher._raw_ecb': Not found '_raw_ecb.cpython-310-x86_64-linux-gnu.so', Not found '_raw_ecb.abi3.so', Not found '_raw_ecb.so'</error></testcase><testcase classname="" name="lib.Crypto.SelfTest.Cipher.test_CBC" time="0.000"><error message="collection failure">Traceback (most recent call last):
  File "/workdir/pycryptodome-3.16.0/.tox/cpythonlibtest-unit-test-tests/lib/python3.10/site-packages/_pytest/runner.py", line 341, in from_call
    result: Optional[TResult] = func()
  File "/workdir/pycryptodome-3.16.0/.tox/cpythonlibtest-unit-test-tests/lib/python3.10/site-packages/_pytest/runner.py", line 372, in &lt;lambda&gt;
    call = CallInfo.from_call(lambda: list(collector.collect()), "collect")
  File "/workdir/pycryptodome-3.16.0/.tox/cpythonlibtest-unit-test-tests/lib/python3.10/site-packages/_pytest/python.py", line 531, in collect
    self._inject_setup_module_fixture()
  File "/workdir/pycryptodome-3.16.0/.tox/cpythonlibtest-unit-test-tests/lib/python3.10/site-packages/_pytest/python.py", line 545, in _inject_setup_module_fixture
    self.obj, ("setUpModule", "setup_module")
  File "/workdir/pycryptodome-3.16.0/.tox/cpythonlibtest-unit-test-tests/lib/python3.10/site-packages/_pytest/python.py", line 310, in obj
    self._obj = obj = self._getobj()
  File "/workdir/pycryptodome-3.16.0/.tox/cpythonlibtest-unit-test-tests/lib/python3.10/site-packages/_pytest/python.py", line 528, in _getobj
    return self._importtestmodule()
  File "/workdir/pycryptodome-3.16.0/.tox/cpythonlibtest-unit-test-tests/lib/python3.10/site-packages/_pytest/python.py", line 617, in _importtestmodule
    mod = import_path(self.path, mode=importmode, root=self.config.rootpath)
  File "/workdir/pycryptodome-3.16.0/.tox/cpythonlibtest-unit-test-tests/lib/python3.10/site-packages/_pytest/pathlib.py", line 567, in import_path
    importlib.import_module(module_name)
  File "/usr/local/lib/python3.10/importlib/__init__.py", line 126, in import_module
    return _bootstrap._gcd_import(name[level:], package, level)
  File "&lt;frozen importlib._bootstrap&gt;", line 1050, in _gcd_import
  File "&lt;frozen importlib._bootstrap&gt;", line 1027, in _find_and_load
  File "&lt;frozen importlib._bootstrap&gt;", line 1006, in _find_and_load_unlocked
  File "&lt;frozen importlib._bootstrap&gt;", line 688, in _load_unlocked
  File "/workdir/pycryptodome-3.16.0/.tox/cpythonlibtest-unit-test-tests/lib/python3.10/site-packages/_pytest/assertion/rewrite.py", line 186, in exec_module
    exec(co, module.__dict__)
  File "/workdir/pycryptodome-3.16.0/lib/Crypto/SelfTest/Cipher/test_CBC.py", line 37, in &lt;module&gt;
    from Crypto.Cipher import AES, DES3, DES
  File "/workdir/pycryptodome-3.16.0/lib/Crypto/Cipher/__init__.py", line 27, in &lt;module&gt;
    from Crypto.Cipher._mode_ecb import _create_ecb_cipher
  File "/workdir/pycryptodome-3.16.0/lib/Crypto/Cipher/_mode_ecb.py", line 35, in &lt;module&gt;
    raw_ecb_lib = load_pycryptodome_raw_lib("Crypto.Cipher._raw_ecb", """
  File "/workdir/pycryptodome-3.16.0/lib/Crypto/Util/_raw_api.py", line 309, in load_pycryptodome_raw_lib
    raise OSError("Cannot load native module '%s': %s" % (name, ", ".join(attempts)))
OSError: Cannot load native module 'Crypto.Cipher._raw_ecb': Not found '_raw_ecb.cpython-310-x86_64-linux-gnu.so', Not found '_raw_ecb.abi3.so', Not found '_raw_ecb.so'</error></testcase><testcase classname="" name="lib.Crypto.SelfTest.Cipher.test_CCM" time="0.000"><error message="collection failure">Traceback (most recent call last):
  File "/workdir/pycryptodome-3.16.0/.tox/cpythonlibtest-unit-test-tests/lib/python3.10/site-packages/_pytest/runner.py", line 341, in from_call
    result: Optional[TResult] = func()
  File "/workdir/pycryptodome-3.16.0/.tox/cpythonlibtest-unit-test-tests/lib/python3.10/site-packages/_pytest/runner.py", line 372, in &lt;lambda&gt;
    call = CallInfo.from_call(lambda: list(collector.collect()), "collect")
  File "/workdir/pycryptodome-3.16.0/.tox/cpythonlibtest-unit-test-tests/lib/python3.10/site-packages/_pytest/python.py", line 531, in collect
    self._inject_setup_module_fixture()
  File "/workdir/pycryptodome-3.16.0/.tox/cpythonlibtest-unit-test-tests/lib/python3.10/site-packages/_pytest/python.py", line 545, in _inject_setup_module_fixture
    self.obj, ("setUpModule", "setup_module")
  File "/workdir/pycryptodome-3.16.0/.tox/cpythonlibtest-unit-test-tests/lib/python3.10/site-packages/_pytest/python.py", line 310, in obj
    self._obj = obj = self._getobj()
  File "/workdir/pycryptodome-3.16.0/.tox/cpythonlibtest-unit-test-tests/lib/python3.10/site-packages/_pytest/python.py", line 528, in _getobj
    return self._importtestmodule()
  File "/workdir/pycryptodome-3.16.0/.tox/cpythonlibtest-unit-test-tests/lib/python3.10/site-packages/_pytest/python.py", line 617, in _importtestmodule
    mod = import_path(self.path, mode=importmode, root=self.config.rootpath)
  File "/workdir/pycryptodome-3.16.0/.tox/cpythonlibtest-unit-test-tests/lib/python3.10/site-packages/_pytest/pathlib.py", line 567, in import_path
    importlib.import_module(module_name)
  File "/usr/local/lib/python3.10/importlib/__init__.py", line 126, in import_module
    return _bootstrap._gcd_import(name[level:], package, level)
  File "&lt;frozen importlib._bootstrap&gt;", line 1050, in _gcd_import
  File "&lt;frozen importlib._bootstrap&gt;", line 1027, in _find_and_load
  File "&lt;frozen importlib._bootstrap&gt;", line 1006, in _find_and_load_unlocked
  File "&lt;frozen importlib._bootstrap&gt;", line 688, in _load_unlocked
  File "/workdir/pycryptodome-3.16.0/.tox/cpythonlibtest-unit-test-tests/lib/python3.10/site-packages/_pytest/assertion/rewrite.py", line 186, in exec_module
    exec(co, module.__dict__)
  File "/workdir/pycryptodome-3.16.0/lib/Crypto/SelfTest/Cipher/test_CCM.py", line 37, in &lt;module&gt;
    from Crypto.Cipher import AES
  File "/workdir/pycryptodome-3.16.0/lib/Crypto/Cipher/__init__.py", line 27, in &lt;module&gt;
    from Crypto.Cipher._mode_ecb import _create_ecb_cipher
  File "/workdir/pycryptodome-3.16.0/lib/Crypto/Cipher/_mode_ecb.py", line 35, in &lt;module&gt;
    raw_ecb_lib = load_pycryptodome_raw_lib("Crypto.Cipher._raw_ecb", """
  File "/workdir/pycryptodome-3.16.0/lib/Crypto/Util/_raw_api.py", line 309, in load_pycryptodome_raw_lib
    raise OSError("Cannot load native module '%s': %s" % (name, ", ".join(attempts)))
OSError: Cannot load native module 'Crypto.Cipher._raw_ecb': Not found '_raw_ecb.cpython-310-x86_64-linux-gnu.so', Not found '_raw_ecb.abi3.so', Not found '_raw_ecb.so'</error></testcase><testcase classname="" name="lib.Crypto.SelfTest.Cipher.test_CFB" time="0.000"><error message="collection failure">Traceback (most recent call last):
  File "/workdir/pycryptodome-3.16.0/.tox/cpythonlibtest-unit-test-tests/lib/python3.10/site-packages/_pytest/runner.py", line 341, in from_call
    result: Optional[TResult] = func()
  File "/workdir/pycryptodome-3.16.0/.tox/cpythonlibtest-unit-test-tests/lib/python3.10/site-packages/_pytest/runner.py", line 372, in &lt;lambda&gt;
    call = CallInfo.from_call(lambda: list(collector.collect()), "collect")
  File "/workdir/pycryptodome-3.16.0/.tox/cpythonlibtest-unit-test-tests/lib/python3.10/site-packages/_pytest/python.py", line 531, in collect
    self._inject_setup_module_fixture()
  File "/workdir/pycryptodome-3.16.0/.tox/cpythonlibtest-unit-test-tests/lib/python3.10/site-packages/_pytest/python.py", line 545, in _inject_setup_module_fixture
    self.obj, ("setUpModule", "setup_module")
  File "/workdir/pycryptodome-3.16.0/.tox/cpythonlibtest-unit-test-tests/lib/python3.10/site-packages/_pytest/python.py", line 310, in obj
    self._obj = obj = self._getobj()
  File "/workdir/pycryptodome-3.16.0/.tox/cpythonlibtest-unit-test-tests/lib/python3.10/site-packages/_pytest/python.py", line 528, in _getobj
    return self._importtestmodule()
  File "/workdir/pycryptodome-3.16.0/.tox/cpythonlibtest-unit-test-tests/lib/python3.10/site-packages/_pytest/python.py", line 617, in _importtestmodule
    mod = import_path(self.path, mode=importmode, root=self.config.rootpath)
  File "/workdir/pycryptodome-3.16.0/.tox/cpythonlibtest-unit-test-tests/lib/python3.10/site-packages/_pytest/pathlib.py", line 567, in import_path
    importlib.import_module(module_name)
  File "/usr/local/lib/python3.10/importlib/__init__.py", line 126, in import_module
    return _bootstrap._gcd_import(name[level:], package, level)
  File "&lt;frozen importlib._bootstrap&gt;", line 1050, in _gcd_import
  File "&lt;frozen importlib._bootstrap&gt;", line 1027, in _find_and_load
  File "&lt;frozen importlib._bootstrap&gt;", line 1006, in _find_and_load_unlocked
  File "&lt;frozen importlib._bootstrap&gt;", line 688, in _load_unlocked
  File "/workdir/pycryptodome-3.16.0/.tox/cpythonlibtest-unit-test-tests/lib/python3.10/site-packages/_pytest/assertion/rewrite.py", line 186, in exec_module
    exec(co, module.__dict__)
  File "/workdir/pycryptodome-3.16.0/lib/Crypto/SelfTest/Cipher/test_CFB.py", line 37, in &lt;module&gt;
    from Crypto.Cipher import AES, DES3, DES
  File "/workdir/pycryptodome-3.16.0/lib/Crypto/Cipher/__init__.py", line 27, in &lt;module&gt;
    from Crypto.Cipher._mode_ecb import _create_ecb_cipher
  File "/workdir/pycryptodome-3.16.0/lib/Crypto/Cipher/_mode_ecb.py", line 35, in &lt;module&gt;
    raw_ecb_lib = load_pycryptodome_raw_lib("Crypto.Cipher._raw_ecb", """
  File "/workdir/pycryptodome-3.16.0/lib/Crypto/Util/_raw_api.py", line 309, in load_pycryptodome_raw_lib
    raise OSError("Cannot load native module '%s': %s" % (name, ", ".join(attempts)))
OSError: Cannot load native module 'Crypto.Cipher._raw_ecb': Not found '_raw_ecb.cpython-310-x86_64-linux-gnu.so', Not found '_raw_ecb.abi3.so', Not found '_raw_ecb.so'</error></testcase><testcase classname="" name="lib.Crypto.SelfTest.Cipher.test_CTR" time="0.000"><error message="collection failure">Traceback (most recent call last):
  File "/workdir/pycryptodome-3.16.0/.tox/cpythonlibtest-unit-test-tests/lib/python3.10/site-packages/_pytest/runner.py", line 341, in from_call
    result: Optional[TResult] = func()
  File "/workdir/pycryptodome-3.16.0/.tox/cpythonlibtest-unit-test-tests/lib/python3.10/site-packages/_pytest/runner.py", line 372, in &lt;lambda&gt;
    call = CallInfo.from_call(lambda: list(collector.collect()), "collect")
  File "/workdir/pycryptodome-3.16.0/.tox/cpythonlibtest-unit-test-tests/lib/python3.10/site-packages/_pytest/python.py", line 531, in collect
    self._inject_setup_module_fixture()
  File "/workdir/pycryptodome-3.16.0/.tox/cpythonlibtest-unit-test-tests/lib/python3.10/site-packages/_pytest/python.py", line 545, in _inject_setup_module_fixture
    self.obj, ("setUpModule", "setup_module")
  File "/workdir/pycryptodome-3.16.0/.tox/cpythonlibtest-unit-test-tests/lib/python3.10/site-packages/_pytest/python.py", line 310, in obj
    self._obj = obj = self._getobj()
  File "/workdir/pycryptodome-3.16.0/.tox/cpythonlibtest-unit-test-tests/lib/python3.10/site-packages/_pytest/python.py", line 528, in _getobj
    return self._importtestmodule()
  File "/workdir/pycryptodome-3.16.0/.tox/cpythonlibtest-unit-test-tests/lib/python3.10/site-packages/_pytest/python.py", line 617, in _importtestmodule
    mod = import_path(self.path, mode=importmode, root=self.config.rootpath)
  File "/workdir/pycryptodome-3.16.0/.tox/cpythonlibtest-unit-test-tests/lib/python3.10/site-packages/_pytest/pathlib.py", line 567, in import_path
    importlib.import_module(module_name)
  File "/usr/local/lib/python3.10/importlib/__init__.py", line 126, in import_module
    return _bootstrap._gcd_import(name[level:], package, level)
  File "&lt;frozen importlib._bootstrap&gt;", line 1050, in _gcd_import
  File "&lt;frozen importlib._bootstrap&gt;", line 1027, in _find_and_load
  File "&lt;frozen importlib._bootstrap&gt;", line 1006, in _find_and_load_unlocked
  File "&lt;frozen importlib._bootstrap&gt;", line 688, in _load_unlocked
  File "/workdir/pycryptodome-3.16.0/.tox/cpythonlibtest-unit-test-tests/lib/python3.10/site-packages/_pytest/assertion/rewrite.py", line 186, in exec_module
    exec(co, module.__dict__)
  File "/workdir/pycryptodome-3.16.0/lib/Crypto/SelfTest/Cipher/test_CTR.py", line 36, in &lt;module&gt;
    from Crypto.Cipher import AES, DES3
  File "/workdir/pycryptodome-3.16.0/lib/Crypto/Cipher/__init__.py", line 27, in &lt;module&gt;
    from Crypto.Cipher._mode_ecb import _create_ecb_cipher
  File "/workdir/pycryptodome-3.16.0/lib/Crypto/Cipher/_mode_ecb.py", line 35, in &lt;module&gt;
    raw_ecb_lib = load_pycryptodome_raw_lib("Crypto.Cipher._raw_ecb", """
  File "/workdir/pycryptodome-3.16.0/lib/Crypto/Util/_raw_api.py", line 309, in load_pycryptodome_raw_lib
    raise OSError("Cannot load native module '%s': %s" % (name, ", ".join(attempts)))
OSError: Cannot load native module 'Crypto.Cipher._raw_ecb': Not found '_raw_ecb.cpython-310-x86_64-linux-gnu.so', Not found '_raw_ecb.abi3.so', Not found '_raw_ecb.so'</error></testcase><testcase classname="" name="lib.Crypto.SelfTest.Cipher.test_ChaCha20" time="0.000"><error message="collection failure">Traceback (most recent call last):
  File "/workdir/pycryptodome-3.16.0/.tox/cpythonlibtest-unit-test-tests/lib/python3.10/site-packages/_pytest/runner.py", line 341, in from_call
    result: Optional[TResult] = func()
  File "/workdir/pycryptodome-3.16.0/.tox/cpythonlibtest-unit-test-tests/lib/python3.10/site-packages/_pytest/runner.py", line 372, in &lt;lambda&gt;
    call = CallInfo.from_call(lambda: list(collector.collect()), "collect")
  File "/workdir/pycryptodome-3.16.0/.tox/cpythonlibtest-unit-test-tests/lib/python3.10/site-packages/_pytest/python.py", line 531, in collect
    self._inject_setup_module_fixture()
  File "/workdir/pycryptodome-3.16.0/.tox/cpythonlibtest-unit-test-tests/lib/python3.10/site-packages/_pytest/python.py", line 545, in _inject_setup_module_fixture
    self.obj, ("setUpModule", "setup_module")
  File "/workdir/pycryptodome-3.16.0/.tox/cpythonlibtest-unit-test-tests/lib/python3.10/site-packages/_pytest/python.py", line 310, in obj
    self._obj = obj = self._getobj()
  File "/workdir/pycryptodome-3.16.0/.tox/cpythonlibtest-unit-test-tests/lib/python3.10/site-packages/_pytest/python.py", line 528, in _getobj
    return self._importtestmodule()
  File "/workdir/pycryptodome-3.16.0/.tox/cpythonlibtest-unit-test-tests/lib/python3.10/site-packages/_pytest/python.py", line 617, in _importtestmodule
    mod = import_path(self.path, mode=importmode, root=self.config.rootpath)
  File "/workdir/pycryptodome-3.16.0/.tox/cpythonlibtest-unit-test-tests/lib/python3.10/site-packages/_pytest/pathlib.py", line 567, in import_path
    importlib.import_module(module_name)
  File "/usr/local/lib/python3.10/importlib/__init__.py", line 126, in import_module
    return _bootstrap._gcd_import(name[level:], package, level)
  File "&lt;frozen importlib._bootstrap&gt;", line 1050, in _gcd_import
  File "&lt;frozen importlib._bootstrap&gt;", line 1027, in _find_and_load
  File "&lt;frozen importlib._bootstrap&gt;", line 1006, in _find_and_load_unlocked
  File "&lt;frozen importlib._bootstrap&gt;", line 688, in _load_unlocked
  File "/workdir/pycryptodome-3.16.0/.tox/cpythonlibtest-unit-test-tests/lib/python3.10/site-packages/_pytest/assertion/rewrite.py", line 186, in exec_module
    exec(co, module.__dict__)
  File "/workdir/pycryptodome-3.16.0/lib/Crypto/SelfTest/Cipher/test_ChaCha20.py", line 37, in &lt;module&gt;
    from Crypto.Util.strxor import strxor_c
  File "/workdir/pycryptodome-3.16.0/lib/Crypto/Util/strxor.py", line 35, in &lt;module&gt;
    _raw_strxor = load_pycryptodome_raw_lib(
  File "/workdir/pycryptodome-3.16.0/lib/Crypto/Util/_raw_api.py", line 309, in load_pycryptodome_raw_lib
    raise OSError("Cannot load native module '%s': %s" % (name, ", ".join(attempts)))
OSError: Cannot load native module 'Crypto.Util._strxor': Not found '_strxor.cpython-310-x86_64-linux-gnu.so', Not found '_strxor.abi3.so', Not found '_strxor.so'</error></testcase><testcase classname="" name="lib.Crypto.SelfTest.Cipher.test_ChaCha20_Poly1305" time="0.000"><error message="collection failure">Traceback (most recent call last):
  File "/workdir/pycryptodome-3.16.0/.tox/cpythonlibtest-unit-test-tests/lib/python3.10/site-packages/_pytest/runner.py", line 341, in from_call
    result: Optional[TResult] = func()
  File "/workdir/pycryptodome-3.16.0/.tox/cpythonlibtest-unit-test-tests/lib/python3.10/site-packages/_pytest/runner.py", line 372, in &lt;lambda&gt;
    call = CallInfo.from_call(lambda: list(collector.collect()), "collect")
  File "/workdir/pycryptodome-3.16.0/.tox/cpythonlibtest-unit-test-tests/lib/python3.10/site-packages/_pytest/python.py", line 531, in collect
    self._inject_setup_module_fixture()
  File "/workdir/pycryptodome-3.16.0/.tox/cpythonlibtest-unit-test-tests/lib/python3.10/site-packages/_pytest/python.py", line 545, in _inject_setup_module_fixture
    self.obj, ("setUpModule", "setup_module")
  File "/workdir/pycryptodome-3.16.0/.tox/cpythonlibtest-unit-test-tests/lib/python3.10/site-packages/_pytest/python.py", line 310, in obj
    self._obj = obj = self._getobj()
  File "/workdir/pycryptodome-3.16.0/.tox/cpythonlibtest-unit-test-tests/lib/python3.10/site-packages/_pytest/python.py", line 528, in _getobj
    return self._importtestmodule()
  File "/workdir/pycryptodome-3.16.0/.tox/cpythonlibtest-unit-test-tests/lib/python3.10/site-packages/_pytest/python.py", line 617, in _importtestmodule
    mod = import_path(self.path, mode=importmode, root=self.config.rootpath)
  File "/workdir/pycryptodome-3.16.0/.tox/cpythonlibtest-unit-test-tests/lib/python3.10/site-packages/_pytest/pathlib.py", line 567, in import_path
    importlib.import_module(module_name)
  File "/usr/local/lib/python3.10/importlib/__init__.py", line 126, in import_module
    return _bootstrap._gcd_import(name[level:], package, level)
  File "&lt;frozen importlib._bootstrap&gt;", line 1050, in _gcd_import
  File "&lt;frozen importlib._bootstrap&gt;", line 1027, in _find_and_load
  File "&lt;frozen importlib._bootstrap&gt;", line 1006, in _find_and_load_unlocked
  File "&lt;frozen importlib._bootstrap&gt;", line 688, in _load_unlocked
  File "/workdir/pycryptodome-3.16.0/.tox/cpythonlibtest-unit-test-tests/lib/python3.10/site-packages/_pytest/assertion/rewrite.py", line 186, in exec_module
    exec(co, module.__dict__)
  File "/workdir/pycryptodome-3.16.0/lib/Crypto/SelfTest/Cipher/test_ChaCha20_Poly1305.py", line 37, in &lt;module&gt;
    from Crypto.Cipher import ChaCha20_Poly1305
  File "/workdir/pycryptodome-3.16.0/lib/Crypto/Cipher/__init__.py", line 27, in &lt;module&gt;
    from Crypto.Cipher._mode_ecb import _create_ecb_cipher
  File "/workdir/pycryptodome-3.16.0/lib/Crypto/Cipher/_mode_ecb.py", line 35, in &lt;module&gt;
    raw_ecb_lib = load_pycryptodome_raw_lib("Crypto.Cipher._raw_ecb", """
  File "/workdir/pycryptodome-3.16.0/lib/Crypto/Util/_raw_api.py", line 309, in load_pycryptodome_raw_lib
    raise OSError("Cannot load native module '%s': %s" % (name, ", ".join(attempts)))
OSError: Cannot load native module 'Crypto.Cipher._raw_ecb': Not found '_raw_ecb.cpython-310-x86_64-linux-gnu.so', Not found '_raw_ecb.abi3.so', Not found '_raw_ecb.so'</error></testcase><testcase classname="" name="lib.Crypto.SelfTest.Cipher.test_DES" time="0.000"><error message="collection failure">Traceback (most recent call last):
  File "/workdir/pycryptodome-3.16.0/.tox/cpythonlibtest-unit-test-tests/lib/python3.10/site-packages/_pytest/runner.py", line 341, in from_call
    result: Optional[TResult] = func()
  File "/workdir/pycryptodome-3.16.0/.tox/cpythonlibtest-unit-test-tests/lib/python3.10/site-packages/_pytest/runner.py", line 372, in &lt;lambda&gt;
    call = CallInfo.from_call(lambda: list(collector.collect()), "collect")
  File "/workdir/pycryptodome-3.16.0/.tox/cpythonlibtest-unit-test-tests/lib/python3.10/site-packages/_pytest/python.py", line 531, in collect
    self._inject_setup_module_fixture()
  File "/workdir/pycryptodome-3.16.0/.tox/cpythonlibtest-unit-test-tests/lib/python3.10/site-packages/_pytest/python.py", line 545, in _inject_setup_module_fixture
    self.obj, ("setUpModule", "setup_module")
  File "/workdir/pycryptodome-3.16.0/.tox/cpythonlibtest-unit-test-tests/lib/python3.10/site-packages/_pytest/python.py", line 310, in obj
    self._obj = obj = self._getobj()
  File "/workdir/pycryptodome-3.16.0/.tox/cpythonlibtest-unit-test-tests/lib/python3.10/site-packages/_pytest/python.py", line 528, in _getobj
    return self._importtestmodule()
  File "/workdir/pycryptodome-3.16.0/.tox/cpythonlibtest-unit-test-tests/lib/python3.10/site-packages/_pytest/python.py", line 617, in _importtestmodule
    mod = import_path(self.path, mode=importmode, root=self.config.rootpath)
  File "/workdir/pycryptodome-3.16.0/.tox/cpythonlibtest-unit-test-tests/lib/python3.10/site-packages/_pytest/pathlib.py", line 567, in import_path
    importlib.import_module(module_name)
  File "/usr/local/lib/python3.10/importlib/__init__.py", line 126, in import_module
    return _bootstrap._gcd_import(name[level:], package, level)
  File "&lt;frozen importlib._bootstrap&gt;", line 1050, in _gcd_import
  File "&lt;frozen importlib._bootstrap&gt;", line 1027, in _find_and_load
  File "&lt;frozen importlib._bootstrap&gt;", line 1006, in _find_and_load_unlocked
  File "&lt;frozen importlib._bootstrap&gt;", line 688, in _load_unlocked
  File "/workdir/pycryptodome-3.16.0/.tox/cpythonlibtest-unit-test-tests/lib/python3.10/site-packages/_pytest/assertion/rewrite.py", line 186, in exec_module
    exec(co, module.__dict__)
  File "/workdir/pycryptodome-3.16.0/lib/Crypto/SelfTest/Cipher/test_DES.py", line 29, in &lt;module&gt;
    from Crypto.Cipher import DES
  File "/workdir/pycryptodome-3.16.0/lib/Crypto/Cipher/__init__.py", line 27, in &lt;module&gt;
    from Crypto.Cipher._mode_ecb import _create_ecb_cipher
  File "/workdir/pycryptodome-3.16.0/lib/Crypto/Cipher/_mode_ecb.py", line 35, in &lt;module&gt;
    raw_ecb_lib = load_pycryptodome_raw_lib("Crypto.Cipher._raw_ecb", """
  File "/workdir/pycryptodome-3.16.0/lib/Crypto/Util/_raw_api.py", line 309, in load_pycryptodome_raw_lib
    raise OSError("Cannot load native module '%s': %s" % (name, ", ".join(attempts)))
OSError: Cannot load native module 'Crypto.Cipher._raw_ecb': Not found '_raw_ecb.cpython-310-x86_64-linux-gnu.so', Not found '_raw_ecb.abi3.so', Not found '_raw_ecb.so'</error></testcase><testcase classname="" name="lib.Crypto.SelfTest.Cipher.test_DES3" time="0.000"><error message="collection failure">Traceback (most recent call last):
  File "/workdir/pycryptodome-3.16.0/.tox/cpythonlibtest-unit-test-tests/lib/python3.10/site-packages/_pytest/runner.py", line 341, in from_call
    result: Optional[TResult] = func()
  File "/workdir/pycryptodome-3.16.0/.tox/cpythonlibtest-unit-test-tests/lib/python3.10/site-packages/_pytest/runner.py", line 372, in &lt;lambda&gt;
    call = CallInfo.from_call(lambda: list(collector.collect()), "collect")
  File "/workdir/pycryptodome-3.16.0/.tox/cpythonlibtest-unit-test-tests/lib/python3.10/site-packages/_pytest/python.py", line 531, in collect
    self._inject_setup_module_fixture()
  File "/workdir/pycryptodome-3.16.0/.tox/cpythonlibtest-unit-test-tests/lib/python3.10/site-packages/_pytest/python.py", line 545, in _inject_setup_module_fixture
    self.obj, ("setUpModule", "setup_module")
  File "/workdir/pycryptodome-3.16.0/.tox/cpythonlibtest-unit-test-tests/lib/python3.10/site-packages/_pytest/python.py", line 310, in obj
    self._obj = obj = self._getobj()
  File "/workdir/pycryptodome-3.16.0/.tox/cpythonlibtest-unit-test-tests/lib/python3.10/site-packages/_pytest/python.py", line 528, in _getobj
    return self._importtestmodule()
  File "/workdir/pycryptodome-3.16.0/.tox/cpythonlibtest-unit-test-tests/lib/python3.10/site-packages/_pytest/python.py", line 617, in _importtestmodule
    mod = import_path(self.path, mode=importmode, root=self.config.rootpath)
  File "/workdir/pycryptodome-3.16.0/.tox/cpythonlibtest-unit-test-tests/lib/python3.10/site-packages/_pytest/pathlib.py", line 567, in import_path
    importlib.import_module(module_name)
  File "/usr/local/lib/python3.10/importlib/__init__.py", line 126, in import_module
    return _bootstrap._gcd_import(name[level:], package, level)
  File "&lt;frozen importlib._bootstrap&gt;", line 1050, in _gcd_import
  File "&lt;frozen importlib._bootstrap&gt;", line 1027, in _find_and_load
  File "&lt;frozen importlib._bootstrap&gt;", line 1006, in _find_and_load_unlocked
  File "&lt;frozen importlib._bootstrap&gt;", line 688, in _load_unlocked
  File "/workdir/pycryptodome-3.16.0/.tox/cpythonlibtest-unit-test-tests/lib/python3.10/site-packages/_pytest/assertion/rewrite.py", line 186, in exec_module
    exec(co, module.__dict__)
  File "/workdir/pycryptodome-3.16.0/lib/Crypto/SelfTest/Cipher/test_DES3.py", line 30, in &lt;module&gt;
    from Crypto.Cipher import DES3
  File "/workdir/pycryptodome-3.16.0/lib/Crypto/Cipher/__init__.py", line 27, in &lt;module&gt;
    from Crypto.Cipher._mode_ecb import _create_ecb_cipher
  File "/workdir/pycryptodome-3.16.0/lib/Crypto/Cipher/_mode_ecb.py", line 35, in &lt;module&gt;
    raw_ecb_lib = load_pycryptodome_raw_lib("Crypto.Cipher._raw_ecb", """
  File "/workdir/pycryptodome-3.16.0/lib/Crypto/Util/_raw_api.py", line 309, in load_pycryptodome_raw_lib
    raise OSError("Cannot load native module '%s': %s" % (name, ", ".join(attempts)))
OSError: Cannot load native module 'Crypto.Cipher._raw_ecb': Not found '_raw_ecb.cpython-310-x86_64-linux-gnu.so', Not found '_raw_ecb.abi3.so', Not found '_raw_ecb.so'</error></testcase><testcase classname="" name="lib.Crypto.SelfTest.Cipher.test_EAX" time="0.000"><error message="collection failure">Traceback (most recent call last):
  File "/workdir/pycryptodome-3.16.0/.tox/cpythonlibtest-unit-test-tests/lib/python3.10/site-packages/_pytest/runner.py", line 341, in from_call
    result: Optional[TResult] = func()
  File "/workdir/pycryptodome-3.16.0/.tox/cpythonlibtest-unit-test-tests/lib/python3.10/site-packages/_pytest/runner.py", line 372, in &lt;lambda&gt;
    call = CallInfo.from_call(lambda: list(collector.collect()), "collect")
  File "/workdir/pycryptodome-3.16.0/.tox/cpythonlibtest-unit-test-tests/lib/python3.10/site-packages/_pytest/python.py", line 531, in collect
    self._inject_setup_module_fixture()
  File "/workdir/pycryptodome-3.16.0/.tox/cpythonlibtest-unit-test-tests/lib/python3.10/site-packages/_pytest/python.py", line 545, in _inject_setup_module_fixture
    self.obj, ("setUpModule", "setup_module")
  File "/workdir/pycryptodome-3.16.0/.tox/cpythonlibtest-unit-test-tests/lib/python3.10/site-packages/_pytest/python.py", line 310, in obj
    self._obj = obj = self._getobj()
  File "/workdir/pycryptodome-3.16.0/.tox/cpythonlibtest-unit-test-tests/lib/python3.10/site-packages/_pytest/python.py", line 528, in _getobj
    return self._importtestmodule()
  File "/workdir/pycryptodome-3.16.0/.tox/cpythonlibtest-unit-test-tests/lib/python3.10/site-packages/_pytest/python.py", line 617, in _importtestmodule
    mod = import_path(self.path, mode=importmode, root=self.config.rootpath)
  File "/workdir/pycryptodome-3.16.0/.tox/cpythonlibtest-unit-test-tests/lib/python3.10/site-packages/_pytest/pathlib.py", line 567, in import_path
    importlib.import_module(module_name)
  File "/usr/local/lib/python3.10/importlib/__init__.py", line 126, in import_module
    return _bootstrap._gcd_import(name[level:], package, level)
  File "&lt;frozen importlib._bootstrap&gt;", line 1050, in _gcd_import
  File "&lt;frozen importlib._bootstrap&gt;", line 1027, in _find_and_load
  File "&lt;frozen importlib._bootstrap&gt;", line 1006, in _find_and_load_unlocked
  File "&lt;frozen importlib._bootstrap&gt;", line 688, in _load_unlocked
  File "/workdir/pycryptodome-3.16.0/.tox/cpythonlibtest-unit-test-tests/lib/python3.10/site-packages/_pytest/assertion/rewrite.py", line 186, in exec_module
    exec(co, module.__dict__)
  File "/workdir/pycryptodome-3.16.0/lib/Crypto/SelfTest/Cipher/test_EAX.py", line 37, in &lt;module&gt;
    from Crypto.Cipher import AES, DES3
  File "/workdir/pycryptodome-3.16.0/lib/Crypto/Cipher/__init__.py", line 27, in &lt;module&gt;
    from Crypto.Cipher._mode_ecb import _create_ecb_cipher
  File "/workdir/pycryptodome-3.16.0/lib/Crypto/Cipher/_mode_ecb.py", line 35, in &lt;module&gt;
    raw_ecb_lib = load_pycryptodome_raw_lib("Crypto.Cipher._raw_ecb", """
  File "/workdir/pycryptodome-3.16.0/lib/Crypto/Util/_raw_api.py", line 309, in load_pycryptodome_raw_lib
    raise OSError("Cannot load native module '%s': %s" % (name, ", ".join(attempts)))
OSError: Cannot load native module 'Crypto.Cipher._raw_ecb': Not found '_raw_ecb.cpython-310-x86_64-linux-gnu.so', Not found '_raw_ecb.abi3.so', Not found '_raw_ecb.so'</error></testcase><testcase classname="" name="lib.Crypto.SelfTest.Cipher.test_GCM" time="0.000"><error message="collection failure">Traceback (most recent call last):
  File "/workdir/pycryptodome-3.16.0/.tox/cpythonlibtest-unit-test-tests/lib/python3.10/site-packages/_pytest/runner.py", line 341, in from_call
    result: Optional[TResult] = func()
  File "/workdir/pycryptodome-3.16.0/.tox/cpythonlibtest-unit-test-tests/lib/python3.10/site-packages/_pytest/runner.py", line 372, in &lt;lambda&gt;
    call = CallInfo.from_call(lambda: list(collector.collect()), "collect")
  File "/workdir/pycryptodome-3.16.0/.tox/cpythonlibtest-unit-test-tests/lib/python3.10/site-packages/_pytest/python.py", line 531, in collect
    self._inject_setup_module_fixture()
  File "/workdir/pycryptodome-3.16.0/.tox/cpythonlibtest-unit-test-tests/lib/python3.10/site-packages/_pytest/python.py", line 545, in _inject_setup_module_fixture
    self.obj, ("setUpModule", "setup_module")
  File "/workdir/pycryptodome-3.16.0/.tox/cpythonlibtest-unit-test-tests/lib/python3.10/site-packages/_pytest/python.py", line 310, in obj
    self._obj = obj = self._getobj()
  File "/workdir/pycryptodome-3.16.0/.tox/cpythonlibtest-unit-test-tests/lib/python3.10/site-packages/_pytest/python.py", line 528, in _getobj
    return self._importtestmodule()
  File "/workdir/pycryptodome-3.16.0/.tox/cpythonlibtest-unit-test-tests/lib/python3.10/site-packages/_pytest/python.py", line 617, in _importtestmodule
    mod = import_path(self.path, mode=importmode, root=self.config.rootpath)
  File "/workdir/pycryptodome-3.16.0/.tox/cpythonlibtest-unit-test-tests/lib/python3.10/site-packages/_pytest/pathlib.py", line 567, in import_path
    importlib.import_module(module_name)
  File "/usr/local/lib/python3.10/importlib/__init__.py", line 126, in import_module
    return _bootstrap._gcd_import(name[level:], package, level)
  File "&lt;frozen importlib._bootstrap&gt;", line 1050, in _gcd_import
  File "&lt;frozen importlib._bootstrap&gt;", line 1027, in _find_and_load
  File "&lt;frozen importlib._bootstrap&gt;", line 1006, in _find_and_load_unlocked
  File "&lt;frozen importlib._bootstrap&gt;", line 688, in _load_unlocked
  File "/workdir/pycryptodome-3.16.0/.tox/cpythonlibtest-unit-test-tests/lib/python3.10/site-packages/_pytest/assertion/rewrite.py", line 186, in exec_module
    exec(co, module.__dict__)
  File "/workdir/pycryptodome-3.16.0/lib/Crypto/SelfTest/Cipher/test_GCM.py", line 40, in &lt;module&gt;
    from Crypto.Cipher import AES
  File "/workdir/pycryptodome-3.16.0/lib/Crypto/Cipher/__init__.py", line 27, in &lt;module&gt;
    from Crypto.Cipher._mode_ecb import _create_ecb_cipher
  File "/workdir/pycryptodome-3.16.0/lib/Crypto/Cipher/_mode_ecb.py", line 35, in &lt;module&gt;
    raw_ecb_lib = load_pycryptodome_raw_lib("Crypto.Cipher._raw_ecb", """
  File "/workdir/pycryptodome-3.16.0/lib/Crypto/Util/_raw_api.py", line 309, in load_pycryptodome_raw_lib
    raise OSError("Cannot load native module '%s': %s" % (name, ", ".join(attempts)))
OSError: Cannot load native module 'Crypto.Cipher._raw_ecb': Not found '_raw_ecb.cpython-310-x86_64-linux-gnu.so', Not found '_raw_ecb.abi3.so', Not found '_raw_ecb.so'</error></testcase><testcase classname="" name="lib.Crypto.SelfTest.Cipher.test_OCB" time="0.000"><error message="collection failure">Traceback (most recent call last):
  File "/workdir/pycryptodome-3.16.0/.tox/cpythonlibtest-unit-test-tests/lib/python3.10/site-packages/_pytest/runner.py", line 341, in from_call
    result: Optional[TResult] = func()
  File "/workdir/pycryptodome-3.16.0/.tox/cpythonlibtest-unit-test-tests/lib/python3.10/site-packages/_pytest/runner.py", line 372, in &lt;lambda&gt;
    call = CallInfo.from_call(lambda: list(collector.collect()), "collect")
  File "/workdir/pycryptodome-3.16.0/.tox/cpythonlibtest-unit-test-tests/lib/python3.10/site-packages/_pytest/python.py", line 531, in collect
    self._inject_setup_module_fixture()
  File "/workdir/pycryptodome-3.16.0/.tox/cpythonlibtest-unit-test-tests/lib/python3.10/site-packages/_pytest/python.py", line 545, in _inject_setup_module_fixture
    self.obj, ("setUpModule", "setup_module")
  File "/workdir/pycryptodome-3.16.0/.tox/cpythonlibtest-unit-test-tests/lib/python3.10/site-packages/_pytest/python.py", line 310, in obj
    self._obj = obj = self._getobj()
  File "/workdir/pycryptodome-3.16.0/.tox/cpythonlibtest-unit-test-tests/lib/python3.10/site-packages/_pytest/python.py", line 528, in _getobj
    return self._importtestmodule()
  File "/workdir/pycryptodome-3.16.0/.tox/cpythonlibtest-unit-test-tests/lib/python3.10/site-packages/_pytest/python.py", line 617, in _importtestmodule
    mod = import_path(self.path, mode=importmode, root=self.config.rootpath)
  File "/workdir/pycryptodome-3.16.0/.tox/cpythonlibtest-unit-test-tests/lib/python3.10/site-packages/_pytest/pathlib.py", line 567, in import_path
    importlib.import_module(module_name)
  File "/usr/local/lib/python3.10/importlib/__init__.py", line 126, in import_module
    return _bootstrap._gcd_import(name[level:], package, level)
  File "&lt;frozen importlib._bootstrap&gt;", line 1050, in _gcd_import
  File "&lt;frozen importlib._bootstrap&gt;", line 1027, in _find_and_load
  File "&lt;frozen importlib._bootstrap&gt;", line 1006, in _find_and_load_unlocked
  File "&lt;frozen importlib._bootstrap&gt;", line 688, in _load_unlocked
  File "/workdir/pycryptodome-3.16.0/.tox/cpythonlibtest-unit-test-tests/lib/python3.10/site-packages/_pytest/assertion/rewrite.py", line 186, in exec_module
    exec(co, module.__dict__)
  File "/workdir/pycryptodome-3.16.0/lib/Crypto/SelfTest/Cipher/test_OCB.py", line 37, in &lt;module&gt;
    from Crypto.Util.strxor import strxor_c
  File "/workdir/pycryptodome-3.16.0/lib/Crypto/Util/strxor.py", line 35, in &lt;module&gt;
    _raw_strxor = load_pycryptodome_raw_lib(
  File "/workdir/pycryptodome-3.16.0/lib/Crypto/Util/_raw_api.py", line 309, in load_pycryptodome_raw_lib
    raise OSError("Cannot load native module '%s': %s" % (name, ", ".join(attempts)))
OSError: Cannot load native module 'Crypto.Util._strxor': Not found '_strxor.cpython-310-x86_64-linux-gnu.so', Not found '_strxor.abi3.so', Not found '_strxor.so'</error></testcase><testcase classname="" name="lib.Crypto.SelfTest.Cipher.test_OFB" time="0.000"><error message="collection failure">Traceback (most recent call last):
  File "/workdir/pycryptodome-3.16.0/.tox/cpythonlibtest-unit-test-tests/lib/python3.10/site-packages/_pytest/runner.py", line 341, in from_call
    result: Optional[TResult] = func()
  File "/workdir/pycryptodome-3.16.0/.tox/cpythonlibtest-unit-test-tests/lib/python3.10/site-packages/_pytest/runner.py", line 372, in &lt;lambda&gt;
    call = CallInfo.from_call(lambda: list(collector.collect()), "collect")
  File "/workdir/pycryptodome-3.16.0/.tox/cpythonlibtest-unit-test-tests/lib/python3.10/site-packages/_pytest/python.py", line 531, in collect
    self._inject_setup_module_fixture()
  File "/workdir/pycryptodome-3.16.0/.tox/cpythonlibtest-unit-test-tests/lib/python3.10/site-packages/_pytest/python.py", line 545, in _inject_setup_module_fixture
    self.obj, ("setUpModule", "setup_module")
  File "/workdir/pycryptodome-3.16.0/.tox/cpythonlibtest-unit-test-tests/lib/python3.10/site-packages/_pytest/python.py", line 310, in obj
    self._obj = obj = self._getobj()
  File "/workdir/pycryptodome-3.16.0/.tox/cpythonlibtest-unit-test-tests/lib/python3.10/site-packages/_pytest/python.py", line 528, in _getobj
    return self._importtestmodule()
  File "/workdir/pycryptodome-3.16.0/.tox/cpythonlibtest-unit-test-tests/lib/python3.10/site-packages/_pytest/python.py", line 617, in _importtestmodule
    mod = import_path(self.path, mode=importmode, root=self.config.rootpath)
  File "/workdir/pycryptodome-3.16.0/.tox/cpythonlibtest-unit-test-tests/lib/python3.10/site-packages/_pytest/pathlib.py", line 567, in import_path
    importlib.import_module(module_name)
  File "/usr/local/lib/python3.10/importlib/__init__.py", line 126, in import_module
    return _bootstrap._gcd_import(name[level:], package, level)
  File "&lt;frozen importlib._bootstrap&gt;", line 1050, in _gcd_import
  File "&lt;frozen importlib._bootstrap&gt;", line 1027, in _find_and_load
  File "&lt;frozen importlib._bootstrap&gt;", line 1006, in _find_and_load_unlocked
  File "&lt;frozen importlib._bootstrap&gt;", line 688, in _load_unlocked
  File "/workdir/pycryptodome-3.16.0/.tox/cpythonlibtest-unit-test-tests/lib/python3.10/site-packages/_pytest/assertion/rewrite.py", line 186, in exec_module
    exec(co, module.__dict__)
  File "/workdir/pycryptodome-3.16.0/lib/Crypto/SelfTest/Cipher/test_OFB.py", line 36, in &lt;module&gt;
    from Crypto.Cipher import AES, DES3, DES
  File "/workdir/pycryptodome-3.16.0/lib/Crypto/Cipher/__init__.py", line 27, in &lt;module&gt;
    from Crypto.Cipher._mode_ecb import _create_ecb_cipher
  File "/workdir/pycryptodome-3.16.0/lib/Crypto/Cipher/_mode_ecb.py", line 35, in &lt;module&gt;
    raw_ecb_lib = load_pycryptodome_raw_lib("Crypto.Cipher._raw_ecb", """
  File "/workdir/pycryptodome-3.16.0/lib/Crypto/Util/_raw_api.py", line 309, in load_pycryptodome_raw_lib
    raise OSError("Cannot load native module '%s': %s" % (name, ", ".join(attempts)))
OSError: Cannot load native module 'Crypto.Cipher._raw_ecb': Not found '_raw_ecb.cpython-310-x86_64-linux-gnu.so', Not found '_raw_ecb.abi3.so', Not found '_raw_ecb.so'</error></testcase><testcase classname="" name="lib.Crypto.SelfTest.Cipher.test_OpenPGP" time="0.000"><error message="collection failure">Traceback (most recent call last):
  File "/workdir/pycryptodome-3.16.0/.tox/cpythonlibtest-unit-test-tests/lib/python3.10/site-packages/_pytest/runner.py", line 341, in from_call
    result: Optional[TResult] = func()
  File "/workdir/pycryptodome-3.16.0/.tox/cpythonlibtest-unit-test-tests/lib/python3.10/site-packages/_pytest/runner.py", line 372, in &lt;lambda&gt;
    call = CallInfo.from_call(lambda: list(collector.collect()), "collect")
  File "/workdir/pycryptodome-3.16.0/.tox/cpythonlibtest-unit-test-tests/lib/python3.10/site-packages/_pytest/python.py", line 531, in collect
    self._inject_setup_module_fixture()
  File "/workdir/pycryptodome-3.16.0/.tox/cpythonlibtest-unit-test-tests/lib/python3.10/site-packages/_pytest/python.py", line 545, in _inject_setup_module_fixture
    self.obj, ("setUpModule", "setup_module")
  File "/workdir/pycryptodome-3.16.0/.tox/cpythonlibtest-unit-test-tests/lib/python3.10/site-packages/_pytest/python.py", line 310, in obj
    self._obj = obj = self._getobj()
  File "/workdir/pycryptodome-3.16.0/.tox/cpythonlibtest-unit-test-tests/lib/python3.10/site-packages/_pytest/python.py", line 528, in _getobj
    return self._importtestmodule()
  File "/workdir/pycryptodome-3.16.0/.tox/cpythonlibtest-unit-test-tests/lib/python3.10/site-packages/_pytest/python.py", line 617, in _importtestmodule
    mod = import_path(self.path, mode=importmode, root=self.config.rootpath)
  File "/workdir/pycryptodome-3.16.0/.tox/cpythonlibtest-unit-test-tests/lib/python3.10/site-packages/_pytest/pathlib.py", line 567, in import_path
    importlib.import_module(module_name)
  File "/usr/local/lib/python3.10/importlib/__init__.py", line 126, in import_module
    return _bootstrap._gcd_import(name[level:], package, level)
  File "&lt;frozen importlib._bootstrap&gt;", line 1050, in _gcd_import
  File "&lt;frozen importlib._bootstrap&gt;", line 1027, in _find_and_load
  File "&lt;frozen importlib._bootstrap&gt;", line 1006, in _find_and_load_unlocked
  File "&lt;frozen importlib._bootstrap&gt;", line 688, in _load_unlocked
  File "/workdir/pycryptodome-3.16.0/.tox/cpythonlibtest-unit-test-tests/lib/python3.10/site-packages/_pytest/assertion/rewrite.py", line 186, in exec_module
    exec(co, module.__dict__)
  File "/workdir/pycryptodome-3.16.0/lib/Crypto/SelfTest/Cipher/test_OpenPGP.py", line 36, in &lt;module&gt;
    from Crypto.Cipher import AES, DES3, DES
  File "/workdir/pycryptodome-3.16.0/lib/Crypto/Cipher/__init__.py", line 27, in &lt;module&gt;
    from Crypto.Cipher._mode_ecb import _create_ecb_cipher
  File "/workdir/pycryptodome-3.16.0/lib/Crypto/Cipher/_mode_ecb.py", line 35, in &lt;module&gt;
    raw_ecb_lib = load_pycryptodome_raw_lib("Crypto.Cipher._raw_ecb", """
  File "/workdir/pycryptodome-3.16.0/lib/Crypto/Util/_raw_api.py", line 309, in load_pycryptodome_raw_lib
    raise OSError("Cannot load native module '%s': %s" % (name, ", ".join(attempts)))
OSError: Cannot load native module 'Crypto.Cipher._raw_ecb': Not found '_raw_ecb.cpython-310-x86_64-linux-gnu.so', Not found '_raw_ecb.abi3.so', Not found '_raw_ecb.so'</error></testcase><testcase classname="" name="lib.Crypto.SelfTest.Cipher.test_SIV" time="0.000"><error message="collection failure">Traceback (most recent call last):
  File "/workdir/pycryptodome-3.16.0/.tox/cpythonlibtest-unit-test-tests/lib/python3.10/site-packages/_pytest/runner.py", line 341, in from_call
    result: Optional[TResult] = func()
  File "/workdir/pycryptodome-3.16.0/.tox/cpythonlibtest-unit-test-tests/lib/python3.10/site-packages/_pytest/runner.py", line 372, in &lt;lambda&gt;
    call = CallInfo.from_call(lambda: list(collector.collect()), "collect")
  File "/workdir/pycryptodome-3.16.0/.tox/cpythonlibtest-unit-test-tests/lib/python3.10/site-packages/_pytest/python.py", line 531, in collect
    self._inject_setup_module_fixture()
  File "/workdir/pycryptodome-3.16.0/.tox/cpythonlibtest-unit-test-tests/lib/python3.10/site-packages/_pytest/python.py", line 545, in _inject_setup_module_fixture
    self.obj, ("setUpModule", "setup_module")
  File "/workdir/pycryptodome-3.16.0/.tox/cpythonlibtest-unit-test-tests/lib/python3.10/site-packages/_pytest/python.py", line 310, in obj
    self._obj = obj = self._getobj()
  File "/workdir/pycryptodome-3.16.0/.tox/cpythonlibtest-unit-test-tests/lib/python3.10/site-packages/_pytest/python.py", line 528, in _getobj
    return self._importtestmodule()
  File "/workdir/pycryptodome-3.16.0/.tox/cpythonlibtest-unit-test-tests/lib/python3.10/site-packages/_pytest/python.py", line 617, in _importtestmodule
    mod = import_path(self.path, mode=importmode, root=self.config.rootpath)
  File "/workdir/pycryptodome-3.16.0/.tox/cpythonlibtest-unit-test-tests/lib/python3.10/site-packages/_pytest/pathlib.py", line 567, in import_path
    importlib.import_module(module_name)
  File "/usr/local/lib/python3.10/importlib/__init__.py", line 126, in import_module
    return _bootstrap._gcd_import(name[level:], package, level)
  File "&lt;frozen importlib._bootstrap&gt;", line 1050, in _gcd_import
  File "&lt;frozen importlib._bootstrap&gt;", line 1027, in _find_and_load
  File "&lt;frozen importlib._bootstrap&gt;", line 1006, in _find_and_load_unlocked
  File "&lt;frozen importlib._bootstrap&gt;", line 688, in _load_unlocked
  File "/workdir/pycryptodome-3.16.0/.tox/cpythonlibtest-unit-test-tests/lib/python3.10/site-packages/_pytest/assertion/rewrite.py", line 186, in exec_module
    exec(co, module.__dict__)
  File "/workdir/pycryptodome-3.16.0/lib/Crypto/SelfTest/Cipher/test_SIV.py", line 39, in &lt;module&gt;
    from Crypto.Cipher import AES
  File "/workdir/pycryptodome-3.16.0/lib/Crypto/Cipher/__init__.py", line 27, in &lt;module&gt;
    from Crypto.Cipher._mode_ecb import _create_ecb_cipher
  File "/workdir/pycryptodome-3.16.0/lib/Crypto/Cipher/_mode_ecb.py", line 35, in &lt;module&gt;
    raw_ecb_lib = load_pycryptodome_raw_lib("Crypto.Cipher._raw_ecb", """
  File "/workdir/pycryptodome-3.16.0/lib/Crypto/Util/_raw_api.py", line 309, in load_pycryptodome_raw_lib
    raise OSError("Cannot load native module '%s': %s" % (name, ", ".join(attempts)))
OSError: Cannot load native module 'Crypto.Cipher._raw_ecb': Not found '_raw_ecb.cpython-310-x86_64-linux-gnu.so', Not found '_raw_ecb.abi3.so', Not found '_raw_ecb.so'</error></testcase><testcase classname="" name="lib.Crypto.SelfTest.Cipher.test_Salsa20" time="0.000"><error message="collection failure">Traceback (most recent call last):
  File "/workdir/pycryptodome-3.16.0/.tox/cpythonlibtest-unit-test-tests/lib/python3.10/site-packages/_pytest/runner.py", line 341, in from_call
    result: Optional[TResult] = func()
  File "/workdir/pycryptodome-3.16.0/.tox/cpythonlibtest-unit-test-tests/lib/python3.10/site-packages/_pytest/runner.py", line 372, in &lt;lambda&gt;
    call = CallInfo.from_call(lambda: list(collector.collect()), "collect")
  File "/workdir/pycryptodome-3.16.0/.tox/cpythonlibtest-unit-test-tests/lib/python3.10/site-packages/_pytest/python.py", line 531, in collect
    self._inject_setup_module_fixture()
  File "/workdir/pycryptodome-3.16.0/.tox/cpythonlibtest-unit-test-tests/lib/python3.10/site-packages/_pytest/python.py", line 545, in _inject_setup_module_fixture
    self.obj, ("setUpModule", "setup_module")
  File "/workdir/pycryptodome-3.16.0/.tox/cpythonlibtest-unit-test-tests/lib/python3.10/site-packages/_pytest/python.py", line 310, in obj
    self._obj = obj = self._getobj()
  File "/workdir/pycryptodome-3.16.0/.tox/cpythonlibtest-unit-test-tests/lib/python3.10/site-packages/_pytest/python.py", line 528, in _getobj
    return self._importtestmodule()
  File "/workdir/pycryptodome-3.16.0/.tox/cpythonlibtest-unit-test-tests/lib/python3.10/site-packages/_pytest/python.py", line 617, in _importtestmodule
    mod = import_path(self.path, mode=importmode, root=self.config.rootpath)
  File "/workdir/pycryptodome-3.16.0/.tox/cpythonlibtest-unit-test-tests/lib/python3.10/site-packages/_pytest/pathlib.py", line 567, in import_path
    importlib.import_module(module_name)
  File "/usr/local/lib/python3.10/importlib/__init__.py", line 126, in import_module
    return _bootstrap._gcd_import(name[level:], package, level)
  File "&lt;frozen importlib._bootstrap&gt;", line 1050, in _gcd_import
  File "&lt;frozen importlib._bootstrap&gt;", line 1027, in _find_and_load
  File "&lt;frozen importlib._bootstrap&gt;", line 1006, in _find_and_load_unlocked
  File "&lt;frozen importlib._bootstrap&gt;", line 688, in _load_unlocked
  File "/workdir/pycryptodome-3.16.0/.tox/cpythonlibtest-unit-test-tests/lib/python3.10/site-packages/_pytest/assertion/rewrite.py", line 186, in exec_module
    exec(co, module.__dict__)
  File "/workdir/pycryptodome-3.16.0/lib/Crypto/SelfTest/Cipher/test_Salsa20.py", line 33, in &lt;module&gt;
    from Crypto.Cipher import Salsa20
  File "/workdir/pycryptodome-3.16.0/lib/Crypto/Cipher/__init__.py", line 27, in &lt;module&gt;
    from Crypto.Cipher._mode_ecb import _create_ecb_cipher
  File "/workdir/pycryptodome-3.16.0/lib/Crypto/Cipher/_mode_ecb.py", line 35, in &lt;module&gt;
    raw_ecb_lib = load_pycryptodome_raw_lib("Crypto.Cipher._raw_ecb", """
  File "/workdir/pycryptodome-3.16.0/lib/Crypto/Util/_raw_api.py", line 309, in load_pycryptodome_raw_lib
    raise OSError("Cannot load native module '%s': %s" % (name, ", ".join(attempts)))
OSError: Cannot load native module 'Crypto.Cipher._raw_ecb': Not found '_raw_ecb.cpython-310-x86_64-linux-gnu.so', Not found '_raw_ecb.abi3.so', Not found '_raw_ecb.so'</error></testcase><testcase classname="" name="lib.Crypto.SelfTest.Cipher.test_pkcs1_15" time="0.000"><error message="collection failure">Traceback (most recent call last):
  File "/workdir/pycryptodome-3.16.0/.tox/cpythonlibtest-unit-test-tests/lib/python3.10/site-packages/_pytest/runner.py", line 341, in from_call
    result: Optional[TResult] = func()
  File "/workdir/pycryptodome-3.16.0/.tox/cpythonlibtest-unit-test-tests/lib/python3.10/site-packages/_pytest/runner.py", line 372, in &lt;lambda&gt;
    call = CallInfo.from_call(lambda: list(collector.collect()), "collect")
  File "/workdir/pycryptodome-3.16.0/.tox/cpythonlibtest-unit-test-tests/lib/python3.10/site-packages/_pytest/python.py", line 531, in collect
    self._inject_setup_module_fixture()
  File "/workdir/pycryptodome-3.16.0/.tox/cpythonlibtest-unit-test-tests/lib/python3.10/site-packages/_pytest/python.py", line 545, in _inject_setup_module_fixture
    self.obj, ("setUpModule", "setup_module")
  File "/workdir/pycryptodome-3.16.0/.tox/cpythonlibtest-unit-test-tests/lib/python3.10/site-packages/_pytest/python.py", line 310, in obj
    self._obj = obj = self._getobj()
  File "/workdir/pycryptodome-3.16.0/.tox/cpythonlibtest-unit-test-tests/lib/python3.10/site-packages/_pytest/python.py", line 528, in _getobj
    return self._importtestmodule()
  File "/workdir/pycryptodome-3.16.0/.tox/cpythonlibtest-unit-test-tests/lib/python3.10/site-packages/_pytest/python.py", line 617, in _importtestmodule
    mod = import_path(self.path, mode=importmode, root=self.config.rootpath)
  File "/workdir/pycryptodome-3.16.0/.tox/cpythonlibtest-unit-test-tests/lib/python3.10/site-packages/_pytest/pathlib.py", line 567, in import_path
    importlib.import_module(module_name)
  File "/usr/local/lib/python3.10/importlib/__init__.py", line 126, in import_module
    return _bootstrap._gcd_import(name[level:], package, level)
  File "&lt;frozen importlib._bootstrap&gt;", line 1050, in _gcd_import
  File "&lt;frozen importlib._bootstrap&gt;", line 1027, in _find_and_load
  File "&lt;frozen importlib._bootstrap&gt;", line 1006, in _find_and_load_unlocked
  File "&lt;frozen importlib._bootstrap&gt;", line 688, in _load_unlocked
  File "/workdir/pycryptodome-3.16.0/.tox/cpythonlibtest-unit-test-tests/lib/python3.10/site-packages/_pytest/assertion/rewrite.py", line 186, in exec_module
    exec(co, module.__dict__)
  File "/workdir/pycryptodome-3.16.0/lib/Crypto/SelfTest/Cipher/test_pkcs1_15.py", line 30, in &lt;module&gt;
    from Crypto.Cipher import PKCS1_v1_5 as PKCS
  File "/workdir/pycryptodome-3.16.0/lib/Crypto/Cipher/__init__.py", line 27, in &lt;module&gt;
    from Crypto.Cipher._mode_ecb import _create_ecb_cipher
  File "/workdir/pycryptodome-3.16.0/lib/Crypto/Cipher/_mode_ecb.py", line 35, in &lt;module&gt;
    raw_ecb_lib = load_pycryptodome_raw_lib("Crypto.Cipher._raw_ecb", """
  File "/workdir/pycryptodome-3.16.0/lib/Crypto/Util/_raw_api.py", line 309, in load_pycryptodome_raw_lib
    raise OSError("Cannot load native module '%s': %s" % (name, ", ".join(attempts)))
OSError: Cannot load native module 'Crypto.Cipher._raw_ecb': Not found '_raw_ecb.cpython-310-x86_64-linux-gnu.so', Not found '_raw_ecb.abi3.so', Not found '_raw_ecb.so'</error></testcase><testcase classname="" name="lib.Crypto.SelfTest.Cipher.test_pkcs1_oaep" time="0.000"><error message="collection failure">Traceback (most recent call last):
  File "/workdir/pycryptodome-3.16.0/.tox/cpythonlibtest-unit-test-tests/lib/python3.10/site-packages/_pytest/runner.py", line 341, in from_call
    result: Optional[TResult] = func()
  File "/workdir/pycryptodome-3.16.0/.tox/cpythonlibtest-unit-test-tests/lib/python3.10/site-packages/_pytest/runner.py", line 372, in &lt;lambda&gt;
    call = CallInfo.from_call(lambda: list(collector.collect()), "collect")
  File "/workdir/pycryptodome-3.16.0/.tox/cpythonlibtest-unit-test-tests/lib/python3.10/site-packages/_pytest/python.py", line 531, in collect
    self._inject_setup_module_fixture()
  File "/workdir/pycryptodome-3.16.0/.tox/cpythonlibtest-unit-test-tests/lib/python3.10/site-packages/_pytest/python.py", line 545, in _inject_setup_module_fixture
    self.obj, ("setUpModule", "setup_module")
  File "/workdir/pycryptodome-3.16.0/.tox/cpythonlibtest-unit-test-tests/lib/python3.10/site-packages/_pytest/python.py", line 310, in obj
    self._obj = obj = self._getobj()
  File "/workdir/pycryptodome-3.16.0/.tox/cpythonlibtest-unit-test-tests/lib/python3.10/site-packages/_pytest/python.py", line 528, in _getobj
    return self._importtestmodule()
  File "/workdir/pycryptodome-3.16.0/.tox/cpythonlibtest-unit-test-tests/lib/python3.10/site-packages/_pytest/python.py", line 617, in _importtestmodule
    mod = import_path(self.path, mode=importmode, root=self.config.rootpath)
  File "/workdir/pycryptodome-3.16.0/.tox/cpythonlibtest-unit-test-tests/lib/python3.10/site-packages/_pytest/pathlib.py", line 567, in import_path
    importlib.import_module(module_name)
  File "/usr/local/lib/python3.10/importlib/__init__.py", line 126, in import_module
    return _bootstrap._gcd_import(name[level:], package, level)
  File "&lt;frozen importlib._bootstrap&gt;", line 1050, in _gcd_import
  File "&lt;frozen importlib._bootstrap&gt;", line 1027, in _find_and_load
  File "&lt;frozen importlib._bootstrap&gt;", line 1006, in _find_and_load_unlocked
  File "&lt;frozen importlib._bootstrap&gt;", line 688, in _load_unlocked
  File "/workdir/pycryptodome-3.16.0/.tox/cpythonlibtest-unit-test-tests/lib/python3.10/site-packages/_pytest/assertion/rewrite.py", line 186, in exec_module
    exec(co, module.__dict__)
  File "/workdir/pycryptodome-3.16.0/lib/Crypto/SelfTest/Cipher/test_pkcs1_oaep.py", line 29, in &lt;module&gt;
    from Crypto.Cipher import PKCS1_OAEP as PKCS
  File "/workdir/pycryptodome-3.16.0/lib/Crypto/Cipher/__init__.py", line 27, in &lt;module&gt;
    from Crypto.Cipher._mode_ecb import _create_ecb_cipher
  File "/workdir/pycryptodome-3.16.0/lib/Crypto/Cipher/_mode_ecb.py", line 35, in &lt;module&gt;
    raw_ecb_lib = load_pycryptodome_raw_lib("Crypto.Cipher._raw_ecb", """
  File "/workdir/pycryptodome-3.16.0/lib/Crypto/Util/_raw_api.py", line 309, in load_pycryptodome_raw_lib
    raise OSError("Cannot load native module '%s': %s" % (name, ", ".join(attempts)))
OSError: Cannot load native module 'Crypto.Cipher._raw_ecb': Not found '_raw_ecb.cpython-310-x86_64-linux-gnu.so', Not found '_raw_ecb.abi3.so', Not found '_raw_ecb.so'</error></testcase><testcase classname="" name="lib.Crypto.SelfTest.Hash.test_BLAKE2" time="0.000"><error message="collection failure">Traceback (most recent call last):
  File "/workdir/pycryptodome-3.16.0/.tox/cpythonlibtest-unit-test-tests/lib/python3.10/site-packages/_pytest/runner.py", line 341, in from_call
    result: Optional[TResult] = func()
  File "/workdir/pycryptodome-3.16.0/.tox/cpythonlibtest-unit-test-tests/lib/python3.10/site-packages/_pytest/runner.py", line 372, in &lt;lambda&gt;
    call = CallInfo.from_call(lambda: list(collector.collect()), "collect")
  File "/workdir/pycryptodome-3.16.0/.tox/cpythonlibtest-unit-test-tests/lib/python3.10/site-packages/_pytest/python.py", line 531, in collect
    self._inject_setup_module_fixture()
  File "/workdir/pycryptodome-3.16.0/.tox/cpythonlibtest-unit-test-tests/lib/python3.10/site-packages/_pytest/python.py", line 545, in _inject_setup_module_fixture
    self.obj, ("setUpModule", "setup_module")
  File "/workdir/pycryptodome-3.16.0/.tox/cpythonlibtest-unit-test-tests/lib/python3.10/site-packages/_pytest/python.py", line 310, in obj
    self._obj = obj = self._getobj()
  File "/workdir/pycryptodome-3.16.0/.tox/cpythonlibtest-unit-test-tests/lib/python3.10/site-packages/_pytest/python.py", line 528, in _getobj
    return self._importtestmodule()
  File "/workdir/pycryptodome-3.16.0/.tox/cpythonlibtest-unit-test-tests/lib/python3.10/site-packages/_pytest/python.py", line 617, in _importtestmodule
    mod = import_path(self.path, mode=importmode, root=self.config.rootpath)
  File "/workdir/pycryptodome-3.16.0/.tox/cpythonlibtest-unit-test-tests/lib/python3.10/site-packages/_pytest/pathlib.py", line 567, in import_path
    importlib.import_module(module_name)
  File "/usr/local/lib/python3.10/importlib/__init__.py", line 126, in import_module
    return _bootstrap._gcd_import(name[level:], package, level)
  File "&lt;frozen importlib._bootstrap&gt;", line 1050, in _gcd_import
  File "&lt;frozen importlib._bootstrap&gt;", line 1027, in _find_and_load
  File "&lt;frozen importlib._bootstrap&gt;", line 1006, in _find_and_load_unlocked
  File "&lt;frozen importlib._bootstrap&gt;", line 688, in _load_unlocked
  File "/workdir/pycryptodome-3.16.0/.tox/cpythonlibtest-unit-test-tests/lib/python3.10/site-packages/_pytest/assertion/rewrite.py", line 186, in exec_module
    exec(co, module.__dict__)
  File "/workdir/pycryptodome-3.16.0/lib/Crypto/SelfTest/Hash/test_BLAKE2.py", line 38, in &lt;module&gt;
    from Crypto.Util.strxor import strxor_c
  File "/workdir/pycryptodome-3.16.0/lib/Crypto/Util/strxor.py", line 35, in &lt;module&gt;
    _raw_strxor = load_pycryptodome_raw_lib(
  File "/workdir/pycryptodome-3.16.0/lib/Crypto/Util/_raw_api.py", line 309, in load_pycryptodome_raw_lib
    raise OSError("Cannot load native module '%s': %s" % (name, ", ".join(attempts)))
OSError: Cannot load native module 'Crypto.Util._strxor': Not found '_strxor.cpython-310-x86_64-linux-gnu.so', Not found '_strxor.abi3.so', Not found '_strxor.so'</error></testcase><testcase classname="" name="lib.Crypto.SelfTest.Hash.test_CMAC" time="0.000"><error message="collection failure">Traceback (most recent call last):
  File "/workdir/pycryptodome-3.16.0/.tox/cpythonlibtest-unit-test-tests/lib/python3.10/site-packages/_pytest/runner.py", line 341, in from_call
    result: Optional[TResult] = func()
  File "/workdir/pycryptodome-3.16.0/.tox/cpythonlibtest-unit-test-tests/lib/python3.10/site-packages/_pytest/runner.py", line 372, in &lt;lambda&gt;
    call = CallInfo.from_call(lambda: list(collector.collect()), "collect")
  File "/workdir/pycryptodome-3.16.0/.tox/cpythonlibtest-unit-test-tests/lib/python3.10/site-packages/_pytest/python.py", line 531, in collect
    self._inject_setup_module_fixture()
  File "/workdir/pycryptodome-3.16.0/.tox/cpythonlibtest-unit-test-tests/lib/python3.10/site-packages/_pytest/python.py", line 545, in _inject_setup_module_fixture
    self.obj, ("setUpModule", "setup_module")
  File "/workdir/pycryptodome-3.16.0/.tox/cpythonlibtest-unit-test-tests/lib/python3.10/site-packages/_pytest/python.py", line 310, in obj
    self._obj = obj = self._getobj()
  File "/workdir/pycryptodome-3.16.0/.tox/cpythonlibtest-unit-test-tests/lib/python3.10/site-packages/_pytest/python.py", line 528, in _getobj
    return self._importtestmodule()
  File "/workdir/pycryptodome-3.16.0/.tox/cpythonlibtest-unit-test-tests/lib/python3.10/site-packages/_pytest/python.py", line 617, in _importtestmodule
    mod = import_path(self.path, mode=importmode, root=self.config.rootpath)
  File "/workdir/pycryptodome-3.16.0/.tox/cpythonlibtest-unit-test-tests/lib/python3.10/site-packages/_pytest/pathlib.py", line 567, in import_path
    importlib.import_module(module_name)
  File "/usr/local/lib/python3.10/importlib/__init__.py", line 126, in import_module
    return _bootstrap._gcd_import(name[level:], package, level)
  File "&lt;frozen importlib._bootstrap&gt;", line 1050, in _gcd_import
  File "&lt;frozen importlib._bootstrap&gt;", line 1027, in _find_and_load
  File "&lt;frozen importlib._bootstrap&gt;", line 1006, in _find_and_load_unlocked
  File "&lt;frozen importlib._bootstrap&gt;", line 688, in _load_unlocked
  File "/workdir/pycryptodome-3.16.0/.tox/cpythonlibtest-unit-test-tests/lib/python3.10/site-packages/_pytest/assertion/rewrite.py", line 186, in exec_module
    exec(co, module.__dict__)
  File "/workdir/pycryptodome-3.16.0/lib/Crypto/SelfTest/Hash/test_CMAC.py", line 42, in &lt;module&gt;
    from Crypto.Hash import CMAC
  File "/workdir/pycryptodome-3.16.0/lib/Crypto/Hash/CMAC.py", line 25, in &lt;module&gt;
    from Crypto.Hash import BLAKE2s
  File "/workdir/pycryptodome-3.16.0/lib/Crypto/Hash/BLAKE2s.py", line 42, in &lt;module&gt;
    _raw_blake2s_lib = load_pycryptodome_raw_lib("Crypto.Hash._BLAKE2s",
  File "/workdir/pycryptodome-3.16.0/lib/Crypto/Util/_raw_api.py", line 309, in load_pycryptodome_raw_lib
    raise OSError("Cannot load native module '%s': %s" % (name, ", ".join(attempts)))
OSError: Cannot load native module 'Crypto.Hash._BLAKE2s': Not found '_BLAKE2s.cpython-310-x86_64-linux-gnu.so', Not found '_BLAKE2s.abi3.so', Not found '_BLAKE2s.so'</error></testcase><testcase classname="" name="lib.Crypto.SelfTest.Hash.test_HMAC" time="0.000"><error message="collection failure">Traceback (most recent call last):
  File "/workdir/pycryptodome-3.16.0/.tox/cpythonlibtest-unit-test-tests/lib/python3.10/site-packages/_pytest/runner.py", line 341, in from_call
    result: Optional[TResult] = func()
  File "/workdir/pycryptodome-3.16.0/.tox/cpythonlibtest-unit-test-tests/lib/python3.10/site-packages/_pytest/runner.py", line 372, in &lt;lambda&gt;
    call = CallInfo.from_call(lambda: list(collector.collect()), "collect")
  File "/workdir/pycryptodome-3.16.0/.tox/cpythonlibtest-unit-test-tests/lib/python3.10/site-packages/_pytest/python.py", line 531, in collect
    self._inject_setup_module_fixture()
  File "/workdir/pycryptodome-3.16.0/.tox/cpythonlibtest-unit-test-tests/lib/python3.10/site-packages/_pytest/python.py", line 545, in _inject_setup_module_fixture
    self.obj, ("setUpModule", "setup_module")
  File "/workdir/pycryptodome-3.16.0/.tox/cpythonlibtest-unit-test-tests/lib/python3.10/site-packages/_pytest/python.py", line 310, in obj
    self._obj = obj = self._getobj()
  File "/workdir/pycryptodome-3.16.0/.tox/cpythonlibtest-unit-test-tests/lib/python3.10/site-packages/_pytest/python.py", line 528, in _getobj
    return self._importtestmodule()
  File "/workdir/pycryptodome-3.16.0/.tox/cpythonlibtest-unit-test-tests/lib/python3.10/site-packages/_pytest/python.py", line 617, in _importtestmodule
    mod = import_path(self.path, mode=importmode, root=self.config.rootpath)
  File "/workdir/pycryptodome-3.16.0/.tox/cpythonlibtest-unit-test-tests/lib/python3.10/site-packages/_pytest/pathlib.py", line 567, in import_path
    importlib.import_module(module_name)
  File "/usr/local/lib/python3.10/importlib/__init__.py", line 126, in import_module
    return _bootstrap._gcd_import(name[level:], package, level)
  File "&lt;frozen importlib._bootstrap&gt;", line 1050, in _gcd_import
  File "&lt;frozen importlib._bootstrap&gt;", line 1027, in _find_and_load
  File "&lt;frozen importlib._bootstrap&gt;", line 1006, in _find_and_load_unlocked
  File "&lt;frozen importlib._bootstrap&gt;", line 688, in _load_unlocked
  File "/workdir/pycryptodome-3.16.0/.tox/cpythonlibtest-unit-test-tests/lib/python3.10/site-packages/_pytest/assertion/rewrite.py", line 186, in exec_module
    exec(co, module.__dict__)
  File "/workdir/pycryptodome-3.16.0/lib/Crypto/SelfTest/Hash/test_HMAC.py", line 31, in &lt;module&gt;
    from Crypto.Hash import (HMAC, MD5, SHA1, SHA256,
  File "/workdir/pycryptodome-3.16.0/lib/Crypto/Hash/HMAC.py", line 38, in &lt;module&gt;
    from Crypto.Hash import MD5
  File "/workdir/pycryptodome-3.16.0/lib/Crypto/Hash/MD5.py", line 29, in &lt;module&gt;
    _raw_md5_lib = load_pycryptodome_raw_lib("Crypto.Hash._MD5",
  File "/workdir/pycryptodome-3.16.0/lib/Crypto/Util/_raw_api.py", line 309, in load_pycryptodome_raw_lib
    raise OSError("Cannot load native module '%s': %s" % (name, ", ".join(attempts)))
OSError: Cannot load native module 'Crypto.Hash._MD5': Not found '_MD5.cpython-310-x86_64-linux-gnu.so', Not found '_MD5.abi3.so', Not found '_MD5.so'</error></testcase><testcase classname="" name="lib.Crypto.SelfTest.Hash.test_KMAC" time="0.000"><error message="collection failure">Traceback (most recent call last):
  File "/workdir/pycryptodome-3.16.0/.tox/cpythonlibtest-unit-test-tests/lib/python3.10/site-packages/_pytest/runner.py", line 341, in from_call
    result: Optional[TResult] = func()
  File "/workdir/pycryptodome-3.16.0/.tox/cpythonlibtest-unit-test-tests/lib/python3.10/site-packages/_pytest/runner.py", line 372, in &lt;lambda&gt;
    call = CallInfo.from_call(lambda: list(collector.collect()), "collect")
  File "/workdir/pycryptodome-3.16.0/.tox/cpythonlibtest-unit-test-tests/lib/python3.10/site-packages/_pytest/python.py", line 531, in collect
    self._inject_setup_module_fixture()
  File "/workdir/pycryptodome-3.16.0/.tox/cpythonlibtest-unit-test-tests/lib/python3.10/site-packages/_pytest/python.py", line 545, in _inject_setup_module_fixture
    self.obj, ("setUpModule", "setup_module")
  File "/workdir/pycryptodome-3.16.0/.tox/cpythonlibtest-unit-test-tests/lib/python3.10/site-packages/_pytest/python.py", line 310, in obj
    self._obj = obj = self._getobj()
  File "/workdir/pycryptodome-3.16.0/.tox/cpythonlibtest-unit-test-tests/lib/python3.10/site-packages/_pytest/python.py", line 528, in _getobj
    return self._importtestmodule()
  File "/workdir/pycryptodome-3.16.0/.tox/cpythonlibtest-unit-test-tests/lib/python3.10/site-packages/_pytest/python.py", line 617, in _importtestmodule
    mod = import_path(self.path, mode=importmode, root=self.config.rootpath)
  File "/workdir/pycryptodome-3.16.0/.tox/cpythonlibtest-unit-test-tests/lib/python3.10/site-packages/_pytest/pathlib.py", line 567, in import_path
    importlib.import_module(module_name)
  File "/usr/local/lib/python3.10/importlib/__init__.py", line 126, in import_module
    return _bootstrap._gcd_import(name[level:], package, level)
  File "&lt;frozen importlib._bootstrap&gt;", line 1050, in _gcd_import
  File "&lt;frozen importlib._bootstrap&gt;", line 1027, in _find_and_load
  File "&lt;frozen importlib._bootstrap&gt;", line 1006, in _find_and_load_unlocked
  File "&lt;frozen importlib._bootstrap&gt;", line 688, in _load_unlocked
  File "/workdir/pycryptodome-3.16.0/.tox/cpythonlibtest-unit-test-tests/lib/python3.10/site-packages/_pytest/assertion/rewrite.py", line 186, in exec_module
    exec(co, module.__dict__)
  File "/workdir/pycryptodome-3.16.0/lib/Crypto/SelfTest/Hash/test_KMAC.py", line 5, in &lt;module&gt;
    from Crypto.Util.strxor import strxor_c
  File "/workdir/pycryptodome-3.16.0/lib/Crypto/Util/strxor.py", line 35, in &lt;module&gt;
    _raw_strxor = load_pycryptodome_raw_lib(
  File "/workdir/pycryptodome-3.16.0/lib/Crypto/Util/_raw_api.py", line 309, in load_pycryptodome_raw_lib
    raise OSError("Cannot load native module '%s': %s" % (name, ", ".join(attempts)))
OSError: Cannot load native module 'Crypto.Util._strxor': Not found '_strxor.cpython-310-x86_64-linux-gnu.so', Not found '_strxor.abi3.so', Not found '_strxor.so'</error></testcase><testcase classname="" name="lib.Crypto.SelfTest.Hash.test_KangarooTwelve" time="0.000"><error message="collection failure">Traceback (most recent call last):
  File "/workdir/pycryptodome-3.16.0/.tox/cpythonlibtest-unit-test-tests/lib/python3.10/site-packages/_pytest/runner.py", line 341, in from_call
    result: Optional[TResult] = func()
  File "/workdir/pycryptodome-3.16.0/.tox/cpythonlibtest-unit-test-tests/lib/python3.10/site-packages/_pytest/runner.py", line 372, in &lt;lambda&gt;
    call = CallInfo.from_call(lambda: list(collector.collect()), "collect")
  File "/workdir/pycryptodome-3.16.0/.tox/cpythonlibtest-unit-test-tests/lib/python3.10/site-packages/_pytest/python.py", line 531, in collect
    self._inject_setup_module_fixture()
  File "/workdir/pycryptodome-3.16.0/.tox/cpythonlibtest-unit-test-tests/lib/python3.10/site-packages/_pytest/python.py", line 545, in _inject_setup_module_fixture
    self.obj, ("setUpModule", "setup_module")
  File "/workdir/pycryptodome-3.16.0/.tox/cpythonlibtest-unit-test-tests/lib/python3.10/site-packages/_pytest/python.py", line 310, in obj
    self._obj = obj = self._getobj()
  File "/workdir/pycryptodome-3.16.0/.tox/cpythonlibtest-unit-test-tests/lib/python3.10/site-packages/_pytest/python.py", line 528, in _getobj
    return self._importtestmodule()
  File "/workdir/pycryptodome-3.16.0/.tox/cpythonlibtest-unit-test-tests/lib/python3.10/site-packages/_pytest/python.py", line 617, in _importtestmodule
    mod = import_path(self.path, mode=importmode, root=self.config.rootpath)
  File "/workdir/pycryptodome-3.16.0/.tox/cpythonlibtest-unit-test-tests/lib/python3.10/site-packages/_pytest/pathlib.py", line 567, in import_path
    importlib.import_module(module_name)
  File "/usr/local/lib/python3.10/importlib/__init__.py", line 126, in import_module
    return _bootstrap._gcd_import(name[level:], package, level)
  File "&lt;frozen importlib._bootstrap&gt;", line 1050, in _gcd_import
  File "&lt;frozen importlib._bootstrap&gt;", line 1027, in _find_and_load
  File "&lt;frozen importlib._bootstrap&gt;", line 1006, in _find_and_load_unlocked
  File "&lt;frozen importlib._bootstrap&gt;", line 688, in _load_unlocked
  File "/workdir/pycryptodome-3.16.0/.tox/cpythonlibtest-unit-test-tests/lib/python3.10/site-packages/_pytest/assertion/rewrite.py", line 186, in exec_module
    exec(co, module.__dict__)
  File "/workdir/pycryptodome-3.16.0/lib/Crypto/SelfTest/Hash/test_KangarooTwelve.py", line 34, in &lt;module&gt;
    from Crypto.Hash import KangarooTwelve as K12
  File "/workdir/pycryptodome-3.16.0/lib/Crypto/Hash/KangarooTwelve.py", line 39, in &lt;module&gt;
    from .keccak import _raw_keccak_lib
  File "/workdir/pycryptodome-3.16.0/lib/Crypto/Hash/keccak.py", line 39, in &lt;module&gt;
    _raw_keccak_lib = load_pycryptodome_raw_lib("Crypto.Hash._keccak",
  File "/workdir/pycryptodome-3.16.0/lib/Crypto/Util/_raw_api.py", line 309, in load_pycryptodome_raw_lib
    raise OSError("Cannot load native module '%s': %s" % (name, ", ".join(attempts)))
OSError: Cannot load native module 'Crypto.Hash._keccak': Not found '_keccak.cpython-310-x86_64-linux-gnu.so', Not found '_keccak.abi3.so', Not found '_keccak.so'</error></testcase><testcase classname="" name="lib.Crypto.SelfTest.Hash.test_MD5" time="0.000"><error message="collection failure">Traceback (most recent call last):
  File "/workdir/pycryptodome-3.16.0/.tox/cpythonlibtest-unit-test-tests/lib/python3.10/site-packages/_pytest/runner.py", line 341, in from_call
    result: Optional[TResult] = func()
  File "/workdir/pycryptodome-3.16.0/.tox/cpythonlibtest-unit-test-tests/lib/python3.10/site-packages/_pytest/runner.py", line 372, in &lt;lambda&gt;
    call = CallInfo.from_call(lambda: list(collector.collect()), "collect")
  File "/workdir/pycryptodome-3.16.0/.tox/cpythonlibtest-unit-test-tests/lib/python3.10/site-packages/_pytest/python.py", line 531, in collect
    self._inject_setup_module_fixture()
  File "/workdir/pycryptodome-3.16.0/.tox/cpythonlibtest-unit-test-tests/lib/python3.10/site-packages/_pytest/python.py", line 545, in _inject_setup_module_fixture
    self.obj, ("setUpModule", "setup_module")
  File "/workdir/pycryptodome-3.16.0/.tox/cpythonlibtest-unit-test-tests/lib/python3.10/site-packages/_pytest/python.py", line 310, in obj
    self._obj = obj = self._getobj()
  File "/workdir/pycryptodome-3.16.0/.tox/cpythonlibtest-unit-test-tests/lib/python3.10/site-packages/_pytest/python.py", line 528, in _getobj
    return self._importtestmodule()
  File "/workdir/pycryptodome-3.16.0/.tox/cpythonlibtest-unit-test-tests/lib/python3.10/site-packages/_pytest/python.py", line 617, in _importtestmodule
    mod = import_path(self.path, mode=importmode, root=self.config.rootpath)
  File "/workdir/pycryptodome-3.16.0/.tox/cpythonlibtest-unit-test-tests/lib/python3.10/site-packages/_pytest/pathlib.py", line 567, in import_path
    importlib.import_module(module_name)
  File "/usr/local/lib/python3.10/importlib/__init__.py", line 126, in import_module
    return _bootstrap._gcd_import(name[level:], package, level)
  File "&lt;frozen importlib._bootstrap&gt;", line 1050, in _gcd_import
  File "&lt;frozen importlib._bootstrap&gt;", line 1027, in _find_and_load
  File "&lt;frozen importlib._bootstrap&gt;", line 1006, in _find_and_load_unlocked
  File "&lt;frozen importlib._bootstrap&gt;", line 688, in _load_unlocked
  File "/workdir/pycryptodome-3.16.0/.tox/cpythonlibtest-unit-test-tests/lib/python3.10/site-packages/_pytest/assertion/rewrite.py", line 186, in exec_module
    exec(co, module.__dict__)
  File "/workdir/pycryptodome-3.16.0/lib/Crypto/SelfTest/Hash/test_MD5.py", line 28, in &lt;module&gt;
    from Crypto.Hash import MD5
  File "/workdir/pycryptodome-3.16.0/lib/Crypto/Hash/MD5.py", line 29, in &lt;module&gt;
    _raw_md5_lib = load_pycryptodome_raw_lib("Crypto.Hash._MD5",
  File "/workdir/pycryptodome-3.16.0/lib/Crypto/Util/_raw_api.py", line 309, in load_pycryptodome_raw_lib
    raise OSError("Cannot load native module '%s': %s" % (name, ", ".join(attempts)))
OSError: Cannot load native module 'Crypto.Hash._MD5': Not found '_MD5.cpython-310-x86_64-linux-gnu.so', Not found '_MD5.abi3.so', Not found '_MD5.so'</error></testcase><testcase classname="" name="lib.Crypto.SelfTest.Hash.test_Poly1305" time="0.000"><error message="collection failure">Traceback (most recent call last):
  File "/workdir/pycryptodome-3.16.0/.tox/cpythonlibtest-unit-test-tests/lib/python3.10/site-packages/_pytest/runner.py", line 341, in from_call
    result: Optional[TResult] = func()
  File "/workdir/pycryptodome-3.16.0/.tox/cpythonlibtest-unit-test-tests/lib/python3.10/site-packages/_pytest/runner.py", line 372, in &lt;lambda&gt;
    call = CallInfo.from_call(lambda: list(collector.collect()), "collect")
  File "/workdir/pycryptodome-3.16.0/.tox/cpythonlibtest-unit-test-tests/lib/python3.10/site-packages/_pytest/python.py", line 531, in collect
    self._inject_setup_module_fixture()
  File "/workdir/pycryptodome-3.16.0/.tox/cpythonlibtest-unit-test-tests/lib/python3.10/site-packages/_pytest/python.py", line 545, in _inject_setup_module_fixture
    self.obj, ("setUpModule", "setup_module")
  File "/workdir/pycryptodome-3.16.0/.tox/cpythonlibtest-unit-test-tests/lib/python3.10/site-packages/_pytest/python.py", line 310, in obj
    self._obj = obj = self._getobj()
  File "/workdir/pycryptodome-3.16.0/.tox/cpythonlibtest-unit-test-tests/lib/python3.10/site-packages/_pytest/python.py", line 528, in _getobj
    return self._importtestmodule()
  File "/workdir/pycryptodome-3.16.0/.tox/cpythonlibtest-unit-test-tests/lib/python3.10/site-packages/_pytest/python.py", line 617, in _importtestmodule
    mod = import_path(self.path, mode=importmode, root=self.config.rootpath)
  File "/workdir/pycryptodome-3.16.0/.tox/cpythonlibtest-unit-test-tests/lib/python3.10/site-packages/_pytest/pathlib.py", line 567, in import_path
    importlib.import_module(module_name)
  File "/usr/local/lib/python3.10/importlib/__init__.py", line 126, in import_module
    return _bootstrap._gcd_import(name[level:], package, level)
  File "&lt;frozen importlib._bootstrap&gt;", line 1050, in _gcd_import
  File "&lt;frozen importlib._bootstrap&gt;", line 1027, in _find_and_load
  File "&lt;frozen importlib._bootstrap&gt;", line 1006, in _find_and_load_unlocked
  File "&lt;frozen importlib._bootstrap&gt;", line 688, in _load_unlocked
  File "/workdir/pycryptodome-3.16.0/.tox/cpythonlibtest-unit-test-tests/lib/python3.10/site-packages/_pytest/assertion/rewrite.py", line 186, in exec_module
    exec(co, module.__dict__)
  File "/workdir/pycryptodome-3.16.0/lib/Crypto/SelfTest/Hash/test_Poly1305.py", line 40, in &lt;module&gt;
    from .common import make_mac_tests
  File "/workdir/pycryptodome-3.16.0/lib/Crypto/SelfTest/Hash/common.py", line 34, in &lt;module&gt;
    from Crypto.Util.strxor import strxor_c
  File "/workdir/pycryptodome-3.16.0/lib/Crypto/Util/strxor.py", line 35, in &lt;module&gt;
    _raw_strxor = load_pycryptodome_raw_lib(
  File "/workdir/pycryptodome-3.16.0/lib/Crypto/Util/_raw_api.py", line 309, in load_pycryptodome_raw_lib
    raise OSError("Cannot load native module '%s': %s" % (name, ", ".join(attempts)))
OSError: Cannot load native module 'Crypto.Util._strxor': Not found '_strxor.cpython-310-x86_64-linux-gnu.so', Not found '_strxor.abi3.so', Not found '_strxor.so'</error></testcase><testcase classname="" name="lib.Crypto.SelfTest.Hash.test_SHA3_224" time="0.000"><error message="collection failure">Traceback (most recent call last):
  File "/workdir/pycryptodome-3.16.0/.tox/cpythonlibtest-unit-test-tests/lib/python3.10/site-packages/_pytest/runner.py", line 341, in from_call
    result: Optional[TResult] = func()
  File "/workdir/pycryptodome-3.16.0/.tox/cpythonlibtest-unit-test-tests/lib/python3.10/site-packages/_pytest/runner.py", line 372, in &lt;lambda&gt;
    call = CallInfo.from_call(lambda: list(collector.collect()), "collect")
  File "/workdir/pycryptodome-3.16.0/.tox/cpythonlibtest-unit-test-tests/lib/python3.10/site-packages/_pytest/python.py", line 531, in collect
    self._inject_setup_module_fixture()
  File "/workdir/pycryptodome-3.16.0/.tox/cpythonlibtest-unit-test-tests/lib/python3.10/site-packages/_pytest/python.py", line 545, in _inject_setup_module_fixture
    self.obj, ("setUpModule", "setup_module")
  File "/workdir/pycryptodome-3.16.0/.tox/cpythonlibtest-unit-test-tests/lib/python3.10/site-packages/_pytest/python.py", line 310, in obj
    self._obj = obj = self._getobj()
  File "/workdir/pycryptodome-3.16.0/.tox/cpythonlibtest-unit-test-tests/lib/python3.10/site-packages/_pytest/python.py", line 528, in _getobj
    return self._importtestmodule()
  File "/workdir/pycryptodome-3.16.0/.tox/cpythonlibtest-unit-test-tests/lib/python3.10/site-packages/_pytest/python.py", line 617, in _importtestmodule
    mod = import_path(self.path, mode=importmode, root=self.config.rootpath)
  File "/workdir/pycryptodome-3.16.0/.tox/cpythonlibtest-unit-test-tests/lib/python3.10/site-packages/_pytest/pathlib.py", line 567, in import_path
    importlib.import_module(module_name)
  File "/usr/local/lib/python3.10/importlib/__init__.py", line 126, in import_module
    return _bootstrap._gcd_import(name[level:], package, level)
  File "&lt;frozen importlib._bootstrap&gt;", line 1050, in _gcd_import
  File "&lt;frozen importlib._bootstrap&gt;", line 1027, in _find_and_load
  File "&lt;frozen importlib._bootstrap&gt;", line 1006, in _find_and_load_unlocked
  File "&lt;frozen importlib._bootstrap&gt;", line 688, in _load_unlocked
  File "/workdir/pycryptodome-3.16.0/.tox/cpythonlibtest-unit-test-tests/lib/python3.10/site-packages/_pytest/assertion/rewrite.py", line 186, in exec_module
    exec(co, module.__dict__)
  File "/workdir/pycryptodome-3.16.0/lib/Crypto/SelfTest/Hash/test_SHA3_224.py", line 30, in &lt;module&gt;
    from Crypto.Hash import SHA3_224 as SHA3
  File "/workdir/pycryptodome-3.16.0/lib/Crypto/Hash/SHA3_224.py", line 29, in &lt;module&gt;
    from Crypto.Hash.keccak import _raw_keccak_lib
  File "/workdir/pycryptodome-3.16.0/lib/Crypto/Hash/keccak.py", line 39, in &lt;module&gt;
    _raw_keccak_lib = load_pycryptodome_raw_lib("Crypto.Hash._keccak",
  File "/workdir/pycryptodome-3.16.0/lib/Crypto/Util/_raw_api.py", line 309, in load_pycryptodome_raw_lib
    raise OSError("Cannot load native module '%s': %s" % (name, ", ".join(attempts)))
OSError: Cannot load native module 'Crypto.Hash._keccak': Not found '_keccak.cpython-310-x86_64-linux-gnu.so', Not found '_keccak.abi3.so', Not found '_keccak.so'</error></testcase><testcase classname="" name="lib.Crypto.SelfTest.Hash.test_SHA3_256" time="0.000"><error message="collection failure">Traceback (most recent call last):
  File "/workdir/pycryptodome-3.16.0/.tox/cpythonlibtest-unit-test-tests/lib/python3.10/site-packages/_pytest/runner.py", line 341, in from_call
    result: Optional[TResult] = func()
  File "/workdir/pycryptodome-3.16.0/.tox/cpythonlibtest-unit-test-tests/lib/python3.10/site-packages/_pytest/runner.py", line 372, in &lt;lambda&gt;
    call = CallInfo.from_call(lambda: list(collector.collect()), "collect")
  File "/workdir/pycryptodome-3.16.0/.tox/cpythonlibtest-unit-test-tests/lib/python3.10/site-packages/_pytest/python.py", line 531, in collect
    self._inject_setup_module_fixture()
  File "/workdir/pycryptodome-3.16.0/.tox/cpythonlibtest-unit-test-tests/lib/python3.10/site-packages/_pytest/python.py", line 545, in _inject_setup_module_fixture
    self.obj, ("setUpModule", "setup_module")
  File "/workdir/pycryptodome-3.16.0/.tox/cpythonlibtest-unit-test-tests/lib/python3.10/site-packages/_pytest/python.py", line 310, in obj
    self._obj = obj = self._getobj()
  File "/workdir/pycryptodome-3.16.0/.tox/cpythonlibtest-unit-test-tests/lib/python3.10/site-packages/_pytest/python.py", line 528, in _getobj
    return self._importtestmodule()
  File "/workdir/pycryptodome-3.16.0/.tox/cpythonlibtest-unit-test-tests/lib/python3.10/site-packages/_pytest/python.py", line 617, in _importtestmodule
    mod = import_path(self.path, mode=importmode, root=self.config.rootpath)
  File "/workdir/pycryptodome-3.16.0/.tox/cpythonlibtest-unit-test-tests/lib/python3.10/site-packages/_pytest/pathlib.py", line 567, in import_path
    importlib.import_module(module_name)
  File "/usr/local/lib/python3.10/importlib/__init__.py", line 126, in import_module
    return _bootstrap._gcd_import(name[level:], package, level)
  File "&lt;frozen importlib._bootstrap&gt;", line 1050, in _gcd_import
  File "&lt;frozen importlib._bootstrap&gt;", line 1027, in _find_and_load
  File "&lt;frozen importlib._bootstrap&gt;", line 1006, in _find_and_load_unlocked
  File "&lt;frozen importlib._bootstrap&gt;", line 688, in _load_unlocked
  File "/workdir/pycryptodome-3.16.0/.tox/cpythonlibtest-unit-test-tests/lib/python3.10/site-packages/_pytest/assertion/rewrite.py", line 186, in exec_module
    exec(co, module.__dict__)
  File "/workdir/pycryptodome-3.16.0/lib/Crypto/SelfTest/Hash/test_SHA3_256.py", line 30, in &lt;module&gt;
    from Crypto.Hash import SHA3_256 as SHA3
  File "/workdir/pycryptodome-3.16.0/lib/Crypto/Hash/SHA3_256.py", line 29, in &lt;module&gt;
    from Crypto.Hash.keccak import _raw_keccak_lib
  File "/workdir/pycryptodome-3.16.0/lib/Crypto/Hash/keccak.py", line 39, in &lt;module&gt;
    _raw_keccak_lib = load_pycryptodome_raw_lib("Crypto.Hash._keccak",
  File "/workdir/pycryptodome-3.16.0/lib/Crypto/Util/_raw_api.py", line 309, in load_pycryptodome_raw_lib
    raise OSError("Cannot load native module '%s': %s" % (name, ", ".join(attempts)))
OSError: Cannot load native module 'Crypto.Hash._keccak': Not found '_keccak.cpython-310-x86_64-linux-gnu.so', Not found '_keccak.abi3.so', Not found '_keccak.so'</error></testcase><testcase classname="" name="lib.Crypto.SelfTest.Hash.test_SHA3_384" time="0.000"><error message="collection failure">Traceback (most recent call last):
  File "/workdir/pycryptodome-3.16.0/.tox/cpythonlibtest-unit-test-tests/lib/python3.10/site-packages/_pytest/runner.py", line 341, in from_call
    result: Optional[TResult] = func()
  File "/workdir/pycryptodome-3.16.0/.tox/cpythonlibtest-unit-test-tests/lib/python3.10/site-packages/_pytest/runner.py", line 372, in &lt;lambda&gt;
    call = CallInfo.from_call(lambda: list(collector.collect()), "collect")
  File "/workdir/pycryptodome-3.16.0/.tox/cpythonlibtest-unit-test-tests/lib/python3.10/site-packages/_pytest/python.py", line 531, in collect
    self._inject_setup_module_fixture()
  File "/workdir/pycryptodome-3.16.0/.tox/cpythonlibtest-unit-test-tests/lib/python3.10/site-packages/_pytest/python.py", line 545, in _inject_setup_module_fixture
    self.obj, ("setUpModule", "setup_module")
  File "/workdir/pycryptodome-3.16.0/.tox/cpythonlibtest-unit-test-tests/lib/python3.10/site-packages/_pytest/python.py", line 310, in obj
    self._obj = obj = self._getobj()
  File "/workdir/pycryptodome-3.16.0/.tox/cpythonlibtest-unit-test-tests/lib/python3.10/site-packages/_pytest/python.py", line 528, in _getobj
    return self._importtestmodule()
  File "/workdir/pycryptodome-3.16.0/.tox/cpythonlibtest-unit-test-tests/lib/python3.10/site-packages/_pytest/python.py", line 617, in _importtestmodule
    mod = import_path(self.path, mode=importmode, root=self.config.rootpath)
  File "/workdir/pycryptodome-3.16.0/.tox/cpythonlibtest-unit-test-tests/lib/python3.10/site-packages/_pytest/pathlib.py", line 567, in import_path
    importlib.import_module(module_name)
  File "/usr/local/lib/python3.10/importlib/__init__.py", line 126, in import_module
    return _bootstrap._gcd_import(name[level:], package, level)
  File "&lt;frozen importlib._bootstrap&gt;", line 1050, in _gcd_import
  File "&lt;frozen importlib._bootstrap&gt;", line 1027, in _find_and_load
  File "&lt;frozen importlib._bootstrap&gt;", line 1006, in _find_and_load_unlocked
  File "&lt;frozen importlib._bootstrap&gt;", line 688, in _load_unlocked
  File "/workdir/pycryptodome-3.16.0/.tox/cpythonlibtest-unit-test-tests/lib/python3.10/site-packages/_pytest/assertion/rewrite.py", line 186, in exec_module
    exec(co, module.__dict__)
  File "/workdir/pycryptodome-3.16.0/lib/Crypto/SelfTest/Hash/test_SHA3_384.py", line 30, in &lt;module&gt;
    from Crypto.Hash import SHA3_384 as SHA3
  File "/workdir/pycryptodome-3.16.0/lib/Crypto/Hash/SHA3_384.py", line 29, in &lt;module&gt;
    from Crypto.Hash.keccak import _raw_keccak_lib
  File "/workdir/pycryptodome-3.16.0/lib/Crypto/Hash/keccak.py", line 39, in &lt;module&gt;
    _raw_keccak_lib = load_pycryptodome_raw_lib("Crypto.Hash._keccak",
  File "/workdir/pycryptodome-3.16.0/lib/Crypto/Util/_raw_api.py", line 309, in load_pycryptodome_raw_lib
    raise OSError("Cannot load native module '%s': %s" % (name, ", ".join(attempts)))
OSError: Cannot load native module 'Crypto.Hash._keccak': Not found '_keccak.cpython-310-x86_64-linux-gnu.so', Not found '_keccak.abi3.so', Not found '_keccak.so'</error></testcase><testcase classname="" name="lib.Crypto.SelfTest.Hash.test_SHA3_512" time="0.000"><error message="collection failure">Traceback (most recent call last):
  File "/workdir/pycryptodome-3.16.0/.tox/cpythonlibtest-unit-test-tests/lib/python3.10/site-packages/_pytest/runner.py", line 341, in from_call
    result: Optional[TResult] = func()
  File "/workdir/pycryptodome-3.16.0/.tox/cpythonlibtest-unit-test-tests/lib/python3.10/site-packages/_pytest/runner.py", line 372, in &lt;lambda&gt;
    call = CallInfo.from_call(lambda: list(collector.collect()), "collect")
  File "/workdir/pycryptodome-3.16.0/.tox/cpythonlibtest-unit-test-tests/lib/python3.10/site-packages/_pytest/python.py", line 531, in collect
    self._inject_setup_module_fixture()
  File "/workdir/pycryptodome-3.16.0/.tox/cpythonlibtest-unit-test-tests/lib/python3.10/site-packages/_pytest/python.py", line 545, in _inject_setup_module_fixture
    self.obj, ("setUpModule", "setup_module")
  File "/workdir/pycryptodome-3.16.0/.tox/cpythonlibtest-unit-test-tests/lib/python3.10/site-packages/_pytest/python.py", line 310, in obj
    self._obj = obj = self._getobj()
  File "/workdir/pycryptodome-3.16.0/.tox/cpythonlibtest-unit-test-tests/lib/python3.10/site-packages/_pytest/python.py", line 528, in _getobj
    return self._importtestmodule()
  File "/workdir/pycryptodome-3.16.0/.tox/cpythonlibtest-unit-test-tests/lib/python3.10/site-packages/_pytest/python.py", line 617, in _importtestmodule
    mod = import_path(self.path, mode=importmode, root=self.config.rootpath)
  File "/workdir/pycryptodome-3.16.0/.tox/cpythonlibtest-unit-test-tests/lib/python3.10/site-packages/_pytest/pathlib.py", line 567, in import_path
    importlib.import_module(module_name)
  File "/usr/local/lib/python3.10/importlib/__init__.py", line 126, in import_module
    return _bootstrap._gcd_import(name[level:], package, level)
  File "&lt;frozen importlib._bootstrap&gt;", line 1050, in _gcd_import
  File "&lt;frozen importlib._bootstrap&gt;", line 1027, in _find_and_load
  File "&lt;frozen importlib._bootstrap&gt;", line 1006, in _find_and_load_unlocked
  File "&lt;frozen importlib._bootstrap&gt;", line 688, in _load_unlocked
  File "/workdir/pycryptodome-3.16.0/.tox/cpythonlibtest-unit-test-tests/lib/python3.10/site-packages/_pytest/assertion/rewrite.py", line 186, in exec_module
    exec(co, module.__dict__)
  File "/workdir/pycryptodome-3.16.0/lib/Crypto/SelfTest/Hash/test_SHA3_512.py", line 30, in &lt;module&gt;
    from Crypto.Hash import SHA3_512 as SHA3
  File "/workdir/pycryptodome-3.16.0/lib/Crypto/Hash/SHA3_512.py", line 29, in &lt;module&gt;
    from Crypto.Hash.keccak import _raw_keccak_lib
  File "/workdir/pycryptodome-3.16.0/lib/Crypto/Hash/keccak.py", line 39, in &lt;module&gt;
    _raw_keccak_lib = load_pycryptodome_raw_lib("Crypto.Hash._keccak",
  File "/workdir/pycryptodome-3.16.0/lib/Crypto/Util/_raw_api.py", line 309, in load_pycryptodome_raw_lib
    raise OSError("Cannot load native module '%s': %s" % (name, ", ".join(attempts)))
OSError: Cannot load native module 'Crypto.Hash._keccak': Not found '_keccak.cpython-310-x86_64-linux-gnu.so', Not found '_keccak.abi3.so', Not found '_keccak.so'</error></testcase><testcase classname="" name="lib.Crypto.SelfTest.Hash.test_SHA512" time="0.000"><error message="collection failure">Traceback (most recent call last):
  File "/workdir/pycryptodome-3.16.0/.tox/cpythonlibtest-unit-test-tests/lib/python3.10/site-packages/_pytest/runner.py", line 341, in from_call
    result: Optional[TResult] = func()
  File "/workdir/pycryptodome-3.16.0/.tox/cpythonlibtest-unit-test-tests/lib/python3.10/site-packages/_pytest/runner.py", line 372, in &lt;lambda&gt;
    call = CallInfo.from_call(lambda: list(collector.collect()), "collect")
  File "/workdir/pycryptodome-3.16.0/.tox/cpythonlibtest-unit-test-tests/lib/python3.10/site-packages/_pytest/python.py", line 531, in collect
    self._inject_setup_module_fixture()
  File "/workdir/pycryptodome-3.16.0/.tox/cpythonlibtest-unit-test-tests/lib/python3.10/site-packages/_pytest/python.py", line 545, in _inject_setup_module_fixture
    self.obj, ("setUpModule", "setup_module")
  File "/workdir/pycryptodome-3.16.0/.tox/cpythonlibtest-unit-test-tests/lib/python3.10/site-packages/_pytest/python.py", line 310, in obj
    self._obj = obj = self._getobj()
  File "/workdir/pycryptodome-3.16.0/.tox/cpythonlibtest-unit-test-tests/lib/python3.10/site-packages/_pytest/python.py", line 528, in _getobj
    return self._importtestmodule()
  File "/workdir/pycryptodome-3.16.0/.tox/cpythonlibtest-unit-test-tests/lib/python3.10/site-packages/_pytest/python.py", line 617, in _importtestmodule
    mod = import_path(self.path, mode=importmode, root=self.config.rootpath)
  File "/workdir/pycryptodome-3.16.0/.tox/cpythonlibtest-unit-test-tests/lib/python3.10/site-packages/_pytest/pathlib.py", line 567, in import_path
    importlib.import_module(module_name)
  File "/usr/local/lib/python3.10/importlib/__init__.py", line 126, in import_module
    return _bootstrap._gcd_import(name[level:], package, level)
  File "&lt;frozen importlib._bootstrap&gt;", line 1050, in _gcd_import
  File "&lt;frozen importlib._bootstrap&gt;", line 1027, in _find_and_load
  File "&lt;frozen importlib._bootstrap&gt;", line 1006, in _find_and_load_unlocked
  File "&lt;frozen importlib._bootstrap&gt;", line 688, in _load_unlocked
  File "/workdir/pycryptodome-3.16.0/.tox/cpythonlibtest-unit-test-tests/lib/python3.10/site-packages/_pytest/assertion/rewrite.py", line 186, in exec_module
    exec(co, module.__dict__)
  File "/workdir/pycryptodome-3.16.0/lib/Crypto/SelfTest/Hash/test_SHA512.py", line 29, in &lt;module&gt;
    from Crypto.Hash import SHA512
  File "/workdir/pycryptodome-3.16.0/lib/Crypto/Hash/SHA512.py", line 29, in &lt;module&gt;
    _raw_sha512_lib = load_pycryptodome_raw_lib("Crypto.Hash._SHA512",
  File "/workdir/pycryptodome-3.16.0/lib/Crypto/Util/_raw_api.py", line 309, in load_pycryptodome_raw_lib
    raise OSError("Cannot load native module '%s': %s" % (name, ", ".join(attempts)))
OSError: Cannot load native module 'Crypto.Hash._SHA512': Not found '_SHA512.cpython-310-x86_64-linux-gnu.so', Not found '_SHA512.abi3.so', Not found '_SHA512.so'</error></testcase><testcase classname="" name="lib.Crypto.SelfTest.Hash.test_SHAKE" time="0.000"><error message="collection failure">Traceback (most recent call last):
  File "/workdir/pycryptodome-3.16.0/.tox/cpythonlibtest-unit-test-tests/lib/python3.10/site-packages/_pytest/runner.py", line 341, in from_call
    result: Optional[TResult] = func()
  File "/workdir/pycryptodome-3.16.0/.tox/cpythonlibtest-unit-test-tests/lib/python3.10/site-packages/_pytest/runner.py", line 372, in &lt;lambda&gt;
    call = CallInfo.from_call(lambda: list(collector.collect()), "collect")
  File "/workdir/pycryptodome-3.16.0/.tox/cpythonlibtest-unit-test-tests/lib/python3.10/site-packages/_pytest/python.py", line 531, in collect
    self._inject_setup_module_fixture()
  File "/workdir/pycryptodome-3.16.0/.tox/cpythonlibtest-unit-test-tests/lib/python3.10/site-packages/_pytest/python.py", line 545, in _inject_setup_module_fixture
    self.obj, ("setUpModule", "setup_module")
  File "/workdir/pycryptodome-3.16.0/.tox/cpythonlibtest-unit-test-tests/lib/python3.10/site-packages/_pytest/python.py", line 310, in obj
    self._obj = obj = self._getobj()
  File "/workdir/pycryptodome-3.16.0/.tox/cpythonlibtest-unit-test-tests/lib/python3.10/site-packages/_pytest/python.py", line 528, in _getobj
    return self._importtestmodule()
  File "/workdir/pycryptodome-3.16.0/.tox/cpythonlibtest-unit-test-tests/lib/python3.10/site-packages/_pytest/python.py", line 617, in _importtestmodule
    mod = import_path(self.path, mode=importmode, root=self.config.rootpath)
  File "/workdir/pycryptodome-3.16.0/.tox/cpythonlibtest-unit-test-tests/lib/python3.10/site-packages/_pytest/pathlib.py", line 567, in import_path
    importlib.import_module(module_name)
  File "/usr/local/lib/python3.10/importlib/__init__.py", line 126, in import_module
    return _bootstrap._gcd_import(name[level:], package, level)
  File "&lt;frozen importlib._bootstrap&gt;", line 1050, in _gcd_import
  File "&lt;frozen importlib._bootstrap&gt;", line 1027, in _find_and_load
  File "&lt;frozen importlib._bootstrap&gt;", line 1006, in _find_and_load_unlocked
  File "&lt;frozen importlib._bootstrap&gt;", line 688, in _load_unlocked
  File "/workdir/pycryptodome-3.16.0/.tox/cpythonlibtest-unit-test-tests/lib/python3.10/site-packages/_pytest/assertion/rewrite.py", line 186, in exec_module
    exec(co, module.__dict__)
  File "/workdir/pycryptodome-3.16.0/lib/Crypto/SelfTest/Hash/test_SHAKE.py", line 39, in &lt;module&gt;
    from Crypto.Hash import SHAKE128, SHAKE256
  File "/workdir/pycryptodome-3.16.0/lib/Crypto/Hash/SHAKE128.py", line 39, in &lt;module&gt;
    from Crypto.Hash.keccak import _raw_keccak_lib
  File "/workdir/pycryptodome-3.16.0/lib/Crypto/Hash/keccak.py", line 39, in &lt;module&gt;
    _raw_keccak_lib = load_pycryptodome_raw_lib("Crypto.Hash._keccak",
  File "/workdir/pycryptodome-3.16.0/lib/Crypto/Util/_raw_api.py", line 309, in load_pycryptodome_raw_lib
    raise OSError("Cannot load native module '%s': %s" % (name, ", ".join(attempts)))
OSError: Cannot load native module 'Crypto.Hash._keccak': Not found '_keccak.cpython-310-x86_64-linux-gnu.so', Not found '_keccak.abi3.so', Not found '_keccak.so'</error></testcase><testcase classname="" name="lib.Crypto.SelfTest.Hash.test_TupleHash" time="0.000"><error message="collection failure">Traceback (most recent call last):
  File "/workdir/pycryptodome-3.16.0/.tox/cpythonlibtest-unit-test-tests/lib/python3.10/site-packages/_pytest/runner.py", line 341, in from_call
    result: Optional[TResult] = func()
  File "/workdir/pycryptodome-3.16.0/.tox/cpythonlibtest-unit-test-tests/lib/python3.10/site-packages/_pytest/runner.py", line 372, in &lt;lambda&gt;
    call = CallInfo.from_call(lambda: list(collector.collect()), "collect")
  File "/workdir/pycryptodome-3.16.0/.tox/cpythonlibtest-unit-test-tests/lib/python3.10/site-packages/_pytest/python.py", line 531, in collect
    self._inject_setup_module_fixture()
  File "/workdir/pycryptodome-3.16.0/.tox/cpythonlibtest-unit-test-tests/lib/python3.10/site-packages/_pytest/python.py", line 545, in _inject_setup_module_fixture
    self.obj, ("setUpModule", "setup_module")
  File "/workdir/pycryptodome-3.16.0/.tox/cpythonlibtest-unit-test-tests/lib/python3.10/site-packages/_pytest/python.py", line 310, in obj
    self._obj = obj = self._getobj()
  File "/workdir/pycryptodome-3.16.0/.tox/cpythonlibtest-unit-test-tests/lib/python3.10/site-packages/_pytest/python.py", line 528, in _getobj
    return self._importtestmodule()
  File "/workdir/pycryptodome-3.16.0/.tox/cpythonlibtest-unit-test-tests/lib/python3.10/site-packages/_pytest/python.py", line 617, in _importtestmodule
    mod = import_path(self.path, mode=importmode, root=self.config.rootpath)
  File "/workdir/pycryptodome-3.16.0/.tox/cpythonlibtest-unit-test-tests/lib/python3.10/site-packages/_pytest/pathlib.py", line 567, in import_path
    importlib.import_module(module_name)
  File "/usr/local/lib/python3.10/importlib/__init__.py", line 126, in import_module
    return _bootstrap._gcd_import(name[level:], package, level)
  File "&lt;frozen importlib._bootstrap&gt;", line 1050, in _gcd_import
  File "&lt;frozen importlib._bootstrap&gt;", line 1027, in _find_and_load
  File "&lt;frozen importlib._bootstrap&gt;", line 1006, in _find_and_load_unlocked
  File "&lt;frozen importlib._bootstrap&gt;", line 688, in _load_unlocked
  File "/workdir/pycryptodome-3.16.0/.tox/cpythonlibtest-unit-test-tests/lib/python3.10/site-packages/_pytest/assertion/rewrite.py", line 186, in exec_module
    exec(co, module.__dict__)
  File "/workdir/pycryptodome-3.16.0/lib/Crypto/SelfTest/Hash/test_TupleHash.py", line 7, in &lt;module&gt;
    from Crypto.Hash import TupleHash128, TupleHash256
  File "/workdir/pycryptodome-3.16.0/lib/Crypto/Hash/TupleHash128.py", line 33, in &lt;module&gt;
    from . import cSHAKE128
  File "/workdir/pycryptodome-3.16.0/lib/Crypto/Hash/cSHAKE128.py", line 40, in &lt;module&gt;
    from Crypto.Hash.keccak import _raw_keccak_lib
  File "/workdir/pycryptodome-3.16.0/lib/Crypto/Hash/keccak.py", line 39, in &lt;module&gt;
    _raw_keccak_lib = load_pycryptodome_raw_lib("Crypto.Hash._keccak",
  File "/workdir/pycryptodome-3.16.0/lib/Crypto/Util/_raw_api.py", line 309, in load_pycryptodome_raw_lib
    raise OSError("Cannot load native module '%s': %s" % (name, ", ".join(attempts)))
OSError: Cannot load native module 'Crypto.Hash._keccak': Not found '_keccak.cpython-310-x86_64-linux-gnu.so', Not found '_keccak.abi3.so', Not found '_keccak.so'</error></testcase><testcase classname="" name="lib.Crypto.SelfTest.Hash.test_cSHAKE" time="0.000"><error message="collection failure">Traceback (most recent call last):
  File "/workdir/pycryptodome-3.16.0/.tox/cpythonlibtest-unit-test-tests/lib/python3.10/site-packages/_pytest/runner.py", line 341, in from_call
    result: Optional[TResult] = func()
  File "/workdir/pycryptodome-3.16.0/.tox/cpythonlibtest-unit-test-tests/lib/python3.10/site-packages/_pytest/runner.py", line 372, in &lt;lambda&gt;
    call = CallInfo.from_call(lambda: list(collector.collect()), "collect")
  File "/workdir/pycryptodome-3.16.0/.tox/cpythonlibtest-unit-test-tests/lib/python3.10/site-packages/_pytest/python.py", line 531, in collect
    self._inject_setup_module_fixture()
  File "/workdir/pycryptodome-3.16.0/.tox/cpythonlibtest-unit-test-tests/lib/python3.10/site-packages/_pytest/python.py", line 545, in _inject_setup_module_fixture
    self.obj, ("setUpModule", "setup_module")
  File "/workdir/pycryptodome-3.16.0/.tox/cpythonlibtest-unit-test-tests/lib/python3.10/site-packages/_pytest/python.py", line 310, in obj
    self._obj = obj = self._getobj()
  File "/workdir/pycryptodome-3.16.0/.tox/cpythonlibtest-unit-test-tests/lib/python3.10/site-packages/_pytest/python.py", line 528, in _getobj
    return self._importtestmodule()
  File "/workdir/pycryptodome-3.16.0/.tox/cpythonlibtest-unit-test-tests/lib/python3.10/site-packages/_pytest/python.py", line 617, in _importtestmodule
    mod = import_path(self.path, mode=importmode, root=self.config.rootpath)
  File "/workdir/pycryptodome-3.16.0/.tox/cpythonlibtest-unit-test-tests/lib/python3.10/site-packages/_pytest/pathlib.py", line 567, in import_path
    importlib.import_module(module_name)
  File "/usr/local/lib/python3.10/importlib/__init__.py", line 126, in import_module
    return _bootstrap._gcd_import(name[level:], package, level)
  File "&lt;frozen importlib._bootstrap&gt;", line 1050, in _gcd_import
  File "&lt;frozen importlib._bootstrap&gt;", line 1027, in _find_and_load
  File "&lt;frozen importlib._bootstrap&gt;", line 1006, in _find_and_load_unlocked
  File "&lt;frozen importlib._bootstrap&gt;", line 688, in _load_unlocked
  File "/workdir/pycryptodome-3.16.0/.tox/cpythonlibtest-unit-test-tests/lib/python3.10/site-packages/_pytest/assertion/rewrite.py", line 186, in exec_module
    exec(co, module.__dict__)
  File "/workdir/pycryptodome-3.16.0/lib/Crypto/SelfTest/Hash/test_cSHAKE.py", line 34, in &lt;module&gt;
    from Crypto.Hash import cSHAKE128, cSHAKE256, SHAKE128, SHAKE256
  File "/workdir/pycryptodome-3.16.0/lib/Crypto/Hash/cSHAKE128.py", line 40, in &lt;module&gt;
    from Crypto.Hash.keccak import _raw_keccak_lib
  File "/workdir/pycryptodome-3.16.0/lib/Crypto/Hash/keccak.py", line 39, in &lt;module&gt;
    _raw_keccak_lib = load_pycryptodome_raw_lib("Crypto.Hash._keccak",
  File "/workdir/pycryptodome-3.16.0/lib/Crypto/Util/_raw_api.py", line 309, in load_pycryptodome_raw_lib
    raise OSError("Cannot load native module '%s': %s" % (name, ", ".join(attempts)))
OSError: Cannot load native module 'Crypto.Hash._keccak': Not found '_keccak.cpython-310-x86_64-linux-gnu.so', Not found '_keccak.abi3.so', Not found '_keccak.so'</error></testcase><testcase classname="" name="lib.Crypto.SelfTest.Hash.test_keccak" time="0.000"><error message="collection failure">Traceback (most recent call last):
  File "/workdir/pycryptodome-3.16.0/.tox/cpythonlibtest-unit-test-tests/lib/python3.10/site-packages/_pytest/runner.py", line 341, in from_call
    result: Optional[TResult] = func()
  File "/workdir/pycryptodome-3.16.0/.tox/cpythonlibtest-unit-test-tests/lib/python3.10/site-packages/_pytest/runner.py", line 372, in &lt;lambda&gt;
    call = CallInfo.from_call(lambda: list(collector.collect()), "collect")
  File "/workdir/pycryptodome-3.16.0/.tox/cpythonlibtest-unit-test-tests/lib/python3.10/site-packages/_pytest/python.py", line 531, in collect
    self._inject_setup_module_fixture()
  File "/workdir/pycryptodome-3.16.0/.tox/cpythonlibtest-unit-test-tests/lib/python3.10/site-packages/_pytest/python.py", line 545, in _inject_setup_module_fixture
    self.obj, ("setUpModule", "setup_module")
  File "/workdir/pycryptodome-3.16.0/.tox/cpythonlibtest-unit-test-tests/lib/python3.10/site-packages/_pytest/python.py", line 310, in obj
    self._obj = obj = self._getobj()
  File "/workdir/pycryptodome-3.16.0/.tox/cpythonlibtest-unit-test-tests/lib/python3.10/site-packages/_pytest/python.py", line 528, in _getobj
    return self._importtestmodule()
  File "/workdir/pycryptodome-3.16.0/.tox/cpythonlibtest-unit-test-tests/lib/python3.10/site-packages/_pytest/python.py", line 617, in _importtestmodule
    mod = import_path(self.path, mode=importmode, root=self.config.rootpath)
  File "/workdir/pycryptodome-3.16.0/.tox/cpythonlibtest-unit-test-tests/lib/python3.10/site-packages/_pytest/pathlib.py", line 567, in import_path
    importlib.import_module(module_name)
  File "/usr/local/lib/python3.10/importlib/__init__.py", line 126, in import_module
    return _bootstrap._gcd_import(name[level:], package, level)
  File "&lt;frozen importlib._bootstrap&gt;", line 1050, in _gcd_import
  File "&lt;frozen importlib._bootstrap&gt;", line 1027, in _find_and_load
  File "&lt;frozen importlib._bootstrap&gt;", line 1006, in _find_and_load_unlocked
  File "&lt;frozen importlib._bootstrap&gt;", line 688, in _load_unlocked
  File "/workdir/pycryptodome-3.16.0/.tox/cpythonlibtest-unit-test-tests/lib/python3.10/site-packages/_pytest/assertion/rewrite.py", line 186, in exec_module
    exec(co, module.__dict__)
  File "/workdir/pycryptodome-3.16.0/lib/Crypto/SelfTest/Hash/test_keccak.py", line 39, in &lt;module&gt;
    from Crypto.Hash import keccak
  File "/workdir/pycryptodome-3.16.0/lib/Crypto/Hash/keccak.py", line 39, in &lt;module&gt;
    _raw_keccak_lib = load_pycryptodome_raw_lib("Crypto.Hash._keccak",
  File "/workdir/pycryptodome-3.16.0/lib/Crypto/Util/_raw_api.py", line 309, in load_pycryptodome_raw_lib
    raise OSError("Cannot load native module '%s': %s" % (name, ", ".join(attempts)))
OSError: Cannot load native module 'Crypto.Hash._keccak': Not found '_keccak.cpython-310-x86_64-linux-gnu.so', Not found '_keccak.abi3.so', Not found '_keccak.so'</error></testcase><testcase classname="" name="lib.Crypto.SelfTest.IO.test_PBES" time="0.000"><error message="collection failure">Traceback (most recent call last):
  File "/workdir/pycryptodome-3.16.0/.tox/cpythonlibtest-unit-test-tests/lib/python3.10/site-packages/_pytest/runner.py", line 341, in from_call
    result: Optional[TResult] = func()
  File "/workdir/pycryptodome-3.16.0/.tox/cpythonlibtest-unit-test-tests/lib/python3.10/site-packages/_pytest/runner.py", line 372, in &lt;lambda&gt;
    call = CallInfo.from_call(lambda: list(collector.collect()), "collect")
  File "/workdir/pycryptodome-3.16.0/.tox/cpythonlibtest-unit-test-tests/lib/python3.10/site-packages/_pytest/python.py", line 531, in collect
    self._inject_setup_module_fixture()
  File "/workdir/pycryptodome-3.16.0/.tox/cpythonlibtest-unit-test-tests/lib/python3.10/site-packages/_pytest/python.py", line 545, in _inject_setup_module_fixture
    self.obj, ("setUpModule", "setup_module")
  File "/workdir/pycryptodome-3.16.0/.tox/cpythonlibtest-unit-test-tests/lib/python3.10/site-packages/_pytest/python.py", line 310, in obj
    self._obj = obj = self._getobj()
  File "/workdir/pycryptodome-3.16.0/.tox/cpythonlibtest-unit-test-tests/lib/python3.10/site-packages/_pytest/python.py", line 528, in _getobj
    return self._importtestmodule()
  File "/workdir/pycryptodome-3.16.0/.tox/cpythonlibtest-unit-test-tests/lib/python3.10/site-packages/_pytest/python.py", line 617, in _importtestmodule
    mod = import_path(self.path, mode=importmode, root=self.config.rootpath)
  File "/workdir/pycryptodome-3.16.0/.tox/cpythonlibtest-unit-test-tests/lib/python3.10/site-packages/_pytest/pathlib.py", line 567, in import_path
    importlib.import_module(module_name)
  File "/usr/local/lib/python3.10/importlib/__init__.py", line 126, in import_module
    return _bootstrap._gcd_import(name[level:], package, level)
  File "&lt;frozen importlib._bootstrap&gt;", line 1050, in _gcd_import
  File "&lt;frozen importlib._bootstrap&gt;", line 1027, in _find_and_load
  File "&lt;frozen importlib._bootstrap&gt;", line 1006, in _find_and_load_unlocked
  File "&lt;frozen importlib._bootstrap&gt;", line 688, in _load_unlocked
  File "/workdir/pycryptodome-3.16.0/.tox/cpythonlibtest-unit-test-tests/lib/python3.10/site-packages/_pytest/assertion/rewrite.py", line 186, in exec_module
    exec(co, module.__dict__)
  File "/workdir/pycryptodome-3.16.0/lib/Crypto/SelfTest/IO/test_PBES.py", line 39, in &lt;module&gt;
    from Crypto.IO._PBES import PBES2
  File "/workdir/pycryptodome-3.16.0/lib/Crypto/IO/_PBES.py", line 41, in &lt;module&gt;
    from Crypto.Hash import MD5, SHA1, SHA224, SHA256, SHA384, SHA512
  File "/workdir/pycryptodome-3.16.0/lib/Crypto/Hash/MD5.py", line 29, in &lt;module&gt;
    _raw_md5_lib = load_pycryptodome_raw_lib("Crypto.Hash._MD5",
  File "/workdir/pycryptodome-3.16.0/lib/Crypto/Util/_raw_api.py", line 309, in load_pycryptodome_raw_lib
    raise OSError("Cannot load native module '%s': %s" % (name, ", ".join(attempts)))
OSError: Cannot load native module 'Crypto.Hash._MD5': Not found '_MD5.cpython-310-x86_64-linux-gnu.so', Not found '_MD5.abi3.so', Not found '_MD5.so'</error></testcase><testcase classname="" name="lib.Crypto.SelfTest.IO.test_PKCS8" time="0.000"><error message="collection failure">Traceback (most recent call last):
  File "/workdir/pycryptodome-3.16.0/.tox/cpythonlibtest-unit-test-tests/lib/python3.10/site-packages/_pytest/runner.py", line 341, in from_call
    result: Optional[TResult] = func()
  File "/workdir/pycryptodome-3.16.0/.tox/cpythonlibtest-unit-test-tests/lib/python3.10/site-packages/_pytest/runner.py", line 372, in &lt;lambda&gt;
    call = CallInfo.from_call(lambda: list(collector.collect()), "collect")
  File "/workdir/pycryptodome-3.16.0/.tox/cpythonlibtest-unit-test-tests/lib/python3.10/site-packages/_pytest/python.py", line 531, in collect
    self._inject_setup_module_fixture()
  File "/workdir/pycryptodome-3.16.0/.tox/cpythonlibtest-unit-test-tests/lib/python3.10/site-packages/_pytest/python.py", line 545, in _inject_setup_module_fixture
    self.obj, ("setUpModule", "setup_module")
  File "/workdir/pycryptodome-3.16.0/.tox/cpythonlibtest-unit-test-tests/lib/python3.10/site-packages/_pytest/python.py", line 310, in obj
    self._obj = obj = self._getobj()
  File "/workdir/pycryptodome-3.16.0/.tox/cpythonlibtest-unit-test-tests/lib/python3.10/site-packages/_pytest/python.py", line 528, in _getobj
    return self._importtestmodule()
  File "/workdir/pycryptodome-3.16.0/.tox/cpythonlibtest-unit-test-tests/lib/python3.10/site-packages/_pytest/python.py", line 617, in _importtestmodule
    mod = import_path(self.path, mode=importmode, root=self.config.rootpath)
  File "/workdir/pycryptodome-3.16.0/.tox/cpythonlibtest-unit-test-tests/lib/python3.10/site-packages/_pytest/pathlib.py", line 567, in import_path
    importlib.import_module(module_name)
  File "/usr/local/lib/python3.10/importlib/__init__.py", line 126, in import_module
    return _bootstrap._gcd_import(name[level:], package, level)
  File "&lt;frozen importlib._bootstrap&gt;", line 1050, in _gcd_import
  File "&lt;frozen importlib._bootstrap&gt;", line 1027, in _find_and_load
  File "&lt;frozen importlib._bootstrap&gt;", line 1006, in _find_and_load_unlocked
  File "&lt;frozen importlib._bootstrap&gt;", line 688, in _load_unlocked
  File "/workdir/pycryptodome-3.16.0/.tox/cpythonlibtest-unit-test-tests/lib/python3.10/site-packages/_pytest/assertion/rewrite.py", line 186, in exec_module
    exec(co, module.__dict__)
  File "/workdir/pycryptodome-3.16.0/lib/Crypto/SelfTest/IO/test_PKCS8.py", line 40, in &lt;module&gt;
    from Crypto.IO import PKCS8
  File "/workdir/pycryptodome-3.16.0/lib/Crypto/IO/PKCS8.py", line 44, in &lt;module&gt;
    from Crypto.IO._PBES import PBES1, PBES2, PbesError
  File "/workdir/pycryptodome-3.16.0/lib/Crypto/IO/_PBES.py", line 41, in &lt;module&gt;
    from Crypto.Hash import MD5, SHA1, SHA224, SHA256, SHA384, SHA512
  File "/workdir/pycryptodome-3.16.0/lib/Crypto/Hash/MD5.py", line 29, in &lt;module&gt;
    _raw_md5_lib = load_pycryptodome_raw_lib("Crypto.Hash._MD5",
  File "/workdir/pycryptodome-3.16.0/lib/Crypto/Util/_raw_api.py", line 309, in load_pycryptodome_raw_lib
    raise OSError("Cannot load native module '%s': %s" % (name, ", ".join(attempts)))
OSError: Cannot load native module 'Crypto.Hash._MD5': Not found '_MD5.cpython-310-x86_64-linux-gnu.so', Not found '_MD5.abi3.so', Not found '_MD5.so'</error></testcase><testcase classname="" name="lib.Crypto.SelfTest.Math.test_modexp" time="0.000"><error message="collection failure">Traceback (most recent call last):
  File "/workdir/pycryptodome-3.16.0/.tox/cpythonlibtest-unit-test-tests/lib/python3.10/site-packages/_pytest/runner.py", line 341, in from_call
    result: Optional[TResult] = func()
  File "/workdir/pycryptodome-3.16.0/.tox/cpythonlibtest-unit-test-tests/lib/python3.10/site-packages/_pytest/runner.py", line 372, in &lt;lambda&gt;
    call = CallInfo.from_call(lambda: list(collector.collect()), "collect")
  File "/workdir/pycryptodome-3.16.0/.tox/cpythonlibtest-unit-test-tests/lib/python3.10/site-packages/_pytest/python.py", line 531, in collect
    self._inject_setup_module_fixture()
  File "/workdir/pycryptodome-3.16.0/.tox/cpythonlibtest-unit-test-tests/lib/python3.10/site-packages/_pytest/python.py", line 545, in _inject_setup_module_fixture
    self.obj, ("setUpModule", "setup_module")
  File "/workdir/pycryptodome-3.16.0/.tox/cpythonlibtest-unit-test-tests/lib/python3.10/site-packages/_pytest/python.py", line 310, in obj
    self._obj = obj = self._getobj()
  File "/workdir/pycryptodome-3.16.0/.tox/cpythonlibtest-unit-test-tests/lib/python3.10/site-packages/_pytest/python.py", line 528, in _getobj
    return self._importtestmodule()
  File "/workdir/pycryptodome-3.16.0/.tox/cpythonlibtest-unit-test-tests/lib/python3.10/site-packages/_pytest/python.py", line 617, in _importtestmodule
    mod = import_path(self.path, mode=importmode, root=self.config.rootpath)
  File "/workdir/pycryptodome-3.16.0/.tox/cpythonlibtest-unit-test-tests/lib/python3.10/site-packages/_pytest/pathlib.py", line 567, in import_path
    importlib.import_module(module_name)
  File "/usr/local/lib/python3.10/importlib/__init__.py", line 126, in import_module
    return _bootstrap._gcd_import(name[level:], package, level)
  File "&lt;frozen importlib._bootstrap&gt;", line 1050, in _gcd_import
  File "&lt;frozen importlib._bootstrap&gt;", line 1027, in _find_and_load
  File "&lt;frozen importlib._bootstrap&gt;", line 1006, in _find_and_load_unlocked
  File "&lt;frozen importlib._bootstrap&gt;", line 688, in _load_unlocked
  File "/workdir/pycryptodome-3.16.0/.tox/cpythonlibtest-unit-test-tests/lib/python3.10/site-packages/_pytest/assertion/rewrite.py", line 186, in exec_module
    exec(co, module.__dict__)
  File "/workdir/pycryptodome-3.16.0/lib/Crypto/SelfTest/Math/test_modexp.py", line 50, in &lt;module&gt;
    from Crypto.Hash import SHAKE128
  File "/workdir/pycryptodome-3.16.0/lib/Crypto/Hash/SHAKE128.py", line 39, in &lt;module&gt;
    from Crypto.Hash.keccak import _raw_keccak_lib
  File "/workdir/pycryptodome-3.16.0/lib/Crypto/Hash/keccak.py", line 39, in &lt;module&gt;
    _raw_keccak_lib = load_pycryptodome_raw_lib("Crypto.Hash._keccak",
  File "/workdir/pycryptodome-3.16.0/lib/Crypto/Util/_raw_api.py", line 309, in load_pycryptodome_raw_lib
    raise OSError("Cannot load native module '%s': %s" % (name, ", ".join(attempts)))
OSError: Cannot load native module 'Crypto.Hash._keccak': Not found '_keccak.cpython-310-x86_64-linux-gnu.so', Not found '_keccak.abi3.so', Not found '_keccak.so'</error></testcase><testcase classname="" name="lib.Crypto.SelfTest.Protocol.test_KDF" time="0.000"><error message="collection failure">Traceback (most recent call last):
  File "/workdir/pycryptodome-3.16.0/.tox/cpythonlibtest-unit-test-tests/lib/python3.10/site-packages/_pytest/runner.py", line 341, in from_call
    result: Optional[TResult] = func()
  File "/workdir/pycryptodome-3.16.0/.tox/cpythonlibtest-unit-test-tests/lib/python3.10/site-packages/_pytest/runner.py", line 372, in &lt;lambda&gt;
    call = CallInfo.from_call(lambda: list(collector.collect()), "collect")
  File "/workdir/pycryptodome-3.16.0/.tox/cpythonlibtest-unit-test-tests/lib/python3.10/site-packages/_pytest/python.py", line 531, in collect
    self._inject_setup_module_fixture()
  File "/workdir/pycryptodome-3.16.0/.tox/cpythonlibtest-unit-test-tests/lib/python3.10/site-packages/_pytest/python.py", line 545, in _inject_setup_module_fixture
    self.obj, ("setUpModule", "setup_module")
  File "/workdir/pycryptodome-3.16.0/.tox/cpythonlibtest-unit-test-tests/lib/python3.10/site-packages/_pytest/python.py", line 310, in obj
    self._obj = obj = self._getobj()
  File "/workdir/pycryptodome-3.16.0/.tox/cpythonlibtest-unit-test-tests/lib/python3.10/site-packages/_pytest/python.py", line 528, in _getobj
    return self._importtestmodule()
  File "/workdir/pycryptodome-3.16.0/.tox/cpythonlibtest-unit-test-tests/lib/python3.10/site-packages/_pytest/python.py", line 617, in _importtestmodule
    mod = import_path(self.path, mode=importmode, root=self.config.rootpath)
  File "/workdir/pycryptodome-3.16.0/.tox/cpythonlibtest-unit-test-tests/lib/python3.10/site-packages/_pytest/pathlib.py", line 567, in import_path
    importlib.import_module(module_name)
  File "/usr/local/lib/python3.10/importlib/__init__.py", line 126, in import_module
    return _bootstrap._gcd_import(name[level:], package, level)
  File "&lt;frozen importlib._bootstrap&gt;", line 1050, in _gcd_import
  File "&lt;frozen importlib._bootstrap&gt;", line 1027, in _find_and_load
  File "&lt;frozen importlib._bootstrap&gt;", line 1006, in _find_and_load_unlocked
  File "&lt;frozen importlib._bootstrap&gt;", line 688, in _load_unlocked
  File "/workdir/pycryptodome-3.16.0/.tox/cpythonlibtest-unit-test-tests/lib/python3.10/site-packages/_pytest/assertion/rewrite.py", line 186, in exec_module
    exec(co, module.__dict__)
  File "/workdir/pycryptodome-3.16.0/lib/Crypto/SelfTest/Protocol/test_KDF.py", line 30, in &lt;module&gt;
    from Crypto.Hash import SHA1, HMAC, SHA256, MD5, SHA224, SHA384, SHA512
  File "/workdir/pycryptodome-3.16.0/lib/Crypto/Hash/SHA1.py", line 29, in &lt;module&gt;
    _raw_sha1_lib = load_pycryptodome_raw_lib("Crypto.Hash._SHA1",
  File "/workdir/pycryptodome-3.16.0/lib/Crypto/Util/_raw_api.py", line 309, in load_pycryptodome_raw_lib
    raise OSError("Cannot load native module '%s': %s" % (name, ", ".join(attempts)))
OSError: Cannot load native module 'Crypto.Hash._SHA1': Not found '_SHA1.cpython-310-x86_64-linux-gnu.so', Not found '_SHA1.abi3.so', Not found '_SHA1.so'</error></testcase><testcase classname="" name="lib.Crypto.SelfTest.PublicKey.test_DSA" time="0.000"><error message="collection failure">Traceback (most recent call last):
  File "/workdir/pycryptodome-3.16.0/.tox/cpythonlibtest-unit-test-tests/lib/python3.10/site-packages/_pytest/runner.py", line 341, in from_call
    result: Optional[TResult] = func()
  File "/workdir/pycryptodome-3.16.0/.tox/cpythonlibtest-unit-test-tests/lib/python3.10/site-packages/_pytest/runner.py", line 372, in &lt;lambda&gt;
    call = CallInfo.from_call(lambda: list(collector.collect()), "collect")
  File "/workdir/pycryptodome-3.16.0/.tox/cpythonlibtest-unit-test-tests/lib/python3.10/site-packages/_pytest/python.py", line 531, in collect
    self._inject_setup_module_fixture()
  File "/workdir/pycryptodome-3.16.0/.tox/cpythonlibtest-unit-test-tests/lib/python3.10/site-packages/_pytest/python.py", line 545, in _inject_setup_module_fixture
    self.obj, ("setUpModule", "setup_module")
  File "/workdir/pycryptodome-3.16.0/.tox/cpythonlibtest-unit-test-tests/lib/python3.10/site-packages/_pytest/python.py", line 310, in obj
    self._obj = obj = self._getobj()
  File "/workdir/pycryptodome-3.16.0/.tox/cpythonlibtest-unit-test-tests/lib/python3.10/site-packages/_pytest/python.py", line 528, in _getobj
    return self._importtestmodule()
  File "/workdir/pycryptodome-3.16.0/.tox/cpythonlibtest-unit-test-tests/lib/python3.10/site-packages/_pytest/python.py", line 617, in _importtestmodule
    mod = import_path(self.path, mode=importmode, root=self.config.rootpath)
  File "/workdir/pycryptodome-3.16.0/.tox/cpythonlibtest-unit-test-tests/lib/python3.10/site-packages/_pytest/pathlib.py", line 567, in import_path
    importlib.import_module(module_name)
  File "/usr/local/lib/python3.10/importlib/__init__.py", line 126, in import_module
    return _bootstrap._gcd_import(name[level:], package, level)
  File "&lt;frozen importlib._bootstrap&gt;", line 1050, in _gcd_import
  File "&lt;frozen importlib._bootstrap&gt;", line 1027, in _find_and_load
  File "&lt;frozen importlib._bootstrap&gt;", line 992, in _find_and_load_unlocked
  File "&lt;frozen importlib._bootstrap&gt;", line 241, in _call_with_frames_removed
  File "&lt;frozen importlib._bootstrap&gt;", line 1050, in _gcd_import
  File "&lt;frozen importlib._bootstrap&gt;", line 1027, in _find_and_load
  File "&lt;frozen importlib._bootstrap&gt;", line 1006, in _find_and_load_unlocked
  File "&lt;frozen importlib._bootstrap&gt;", line 688, in _load_unlocked
  File "&lt;frozen importlib._bootstrap_external&gt;", line 883, in exec_module
  File "&lt;frozen importlib._bootstrap&gt;", line 241, in _call_with_frames_removed
  File "/workdir/pycryptodome-3.16.0/lib/Crypto/SelfTest/PublicKey/__init__.py", line 28, in &lt;module&gt;
    from Crypto.SelfTest.PublicKey import (test_DSA, test_RSA,
  File "&lt;frozen importlib._bootstrap&gt;", line 1027, in _find_and_load
  File "&lt;frozen importlib._bootstrap&gt;", line 1006, in _find_and_load_unlocked
  File "&lt;frozen importlib._bootstrap&gt;", line 688, in _load_unlocked
  File "/workdir/pycryptodome-3.16.0/.tox/cpythonlibtest-unit-test-tests/lib/python3.10/site-packages/_pytest/assertion/rewrite.py", line 186, in exec_module
    exec(co, module.__dict__)
  File "/workdir/pycryptodome-3.16.0/lib/Crypto/SelfTest/PublicKey/test_ECC_NIST.py", line 37, in &lt;module&gt;
    from Crypto.PublicKey import ECC
  File "/workdir/pycryptodome-3.16.0/lib/Crypto/PublicKey/ECC.py", line 53, in &lt;module&gt;
    from Crypto.Hash import SHA512, SHAKE256
  File "/workdir/pycryptodome-3.16.0/lib/Crypto/Hash/SHA512.py", line 29, in &lt;module&gt;
    _raw_sha512_lib = load_pycryptodome_raw_lib("Crypto.Hash._SHA512",
  File "/workdir/pycryptodome-3.16.0/lib/Crypto/Util/_raw_api.py", line 309, in load_pycryptodome_raw_lib
    raise OSError("Cannot load native module '%s': %s" % (name, ", ".join(attempts)))
OSError: Cannot load native module 'Crypto.Hash._SHA512': Not found '_SHA512.cpython-310-x86_64-linux-gnu.so', Not found '_SHA512.abi3.so', Not found '_SHA512.so'</error></testcase><testcase classname="" name="lib.Crypto.SelfTest.PublicKey.test_ECC_25519" time="0.000"><error message="collection failure">Traceback (most recent call last):
  File "/workdir/pycryptodome-3.16.0/.tox/cpythonlibtest-unit-test-tests/lib/python3.10/site-packages/_pytest/runner.py", line 341, in from_call
    result: Optional[TResult] = func()
  File "/workdir/pycryptodome-3.16.0/.tox/cpythonlibtest-unit-test-tests/lib/python3.10/site-packages/_pytest/runner.py", line 372, in &lt;lambda&gt;
    call = CallInfo.from_call(lambda: list(collector.collect()), "collect")
  File "/workdir/pycryptodome-3.16.0/.tox/cpythonlibtest-unit-test-tests/lib/python3.10/site-packages/_pytest/python.py", line 531, in collect
    self._inject_setup_module_fixture()
  File "/workdir/pycryptodome-3.16.0/.tox/cpythonlibtest-unit-test-tests/lib/python3.10/site-packages/_pytest/python.py", line 545, in _inject_setup_module_fixture
    self.obj, ("setUpModule", "setup_module")
  File "/workdir/pycryptodome-3.16.0/.tox/cpythonlibtest-unit-test-tests/lib/python3.10/site-packages/_pytest/python.py", line 310, in obj
    self._obj = obj = self._getobj()
  File "/workdir/pycryptodome-3.16.0/.tox/cpythonlibtest-unit-test-tests/lib/python3.10/site-packages/_pytest/python.py", line 528, in _getobj
    return self._importtestmodule()
  File "/workdir/pycryptodome-3.16.0/.tox/cpythonlibtest-unit-test-tests/lib/python3.10/site-packages/_pytest/python.py", line 617, in _importtestmodule
    mod = import_path(self.path, mode=importmode, root=self.config.rootpath)
  File "/workdir/pycryptodome-3.16.0/.tox/cpythonlibtest-unit-test-tests/lib/python3.10/site-packages/_pytest/pathlib.py", line 567, in import_path
    importlib.import_module(module_name)
  File "/usr/local/lib/python3.10/importlib/__init__.py", line 126, in import_module
    return _bootstrap._gcd_import(name[level:], package, level)
  File "&lt;frozen importlib._bootstrap&gt;", line 1050, in _gcd_import
  File "&lt;frozen importlib._bootstrap&gt;", line 1027, in _find_and_load
  File "&lt;frozen importlib._bootstrap&gt;", line 992, in _find_and_load_unlocked
  File "&lt;frozen importlib._bootstrap&gt;", line 241, in _call_with_frames_removed
  File "&lt;frozen importlib._bootstrap&gt;", line 1050, in _gcd_import
  File "&lt;frozen importlib._bootstrap&gt;", line 1027, in _find_and_load
  File "&lt;frozen importlib._bootstrap&gt;", line 1006, in _find_and_load_unlocked
  File "&lt;frozen importlib._bootstrap&gt;", line 688, in _load_unlocked
  File "&lt;frozen importlib._bootstrap_external&gt;", line 883, in exec_module
  File "&lt;frozen importlib._bootstrap&gt;", line 241, in _call_with_frames_removed
  File "/workdir/pycryptodome-3.16.0/lib/Crypto/SelfTest/PublicKey/__init__.py", line 28, in &lt;module&gt;
    from Crypto.SelfTest.PublicKey import (test_DSA, test_RSA,
  File "&lt;frozen importlib._bootstrap&gt;", line 1027, in _find_and_load
  File "&lt;frozen importlib._bootstrap&gt;", line 1006, in _find_and_load_unlocked
  File "&lt;frozen importlib._bootstrap&gt;", line 688, in _load_unlocked
  File "/workdir/pycryptodome-3.16.0/.tox/cpythonlibtest-unit-test-tests/lib/python3.10/site-packages/_pytest/assertion/rewrite.py", line 186, in exec_module
    exec(co, module.__dict__)
  File "/workdir/pycryptodome-3.16.0/lib/Crypto/SelfTest/PublicKey/test_ECC_NIST.py", line 37, in &lt;module&gt;
    from Crypto.PublicKey import ECC
  File "/workdir/pycryptodome-3.16.0/lib/Crypto/PublicKey/ECC.py", line 53, in &lt;module&gt;
    from Crypto.Hash import SHA512, SHAKE256
  File "/workdir/pycryptodome-3.16.0/lib/Crypto/Hash/SHA512.py", line 29, in &lt;module&gt;
    _raw_sha512_lib = load_pycryptodome_raw_lib("Crypto.Hash._SHA512",
  File "/workdir/pycryptodome-3.16.0/lib/Crypto/Util/_raw_api.py", line 309, in load_pycryptodome_raw_lib
    raise OSError("Cannot load native module '%s': %s" % (name, ", ".join(attempts)))
OSError: Cannot load native module 'Crypto.Hash._SHA512': Not found '_SHA512.cpython-310-x86_64-linux-gnu.so', Not found '_SHA512.abi3.so', Not found '_SHA512.so'</error></testcase><testcase classname="" name="lib.Crypto.SelfTest.PublicKey.test_ECC_448" time="0.000"><error message="collection failure">Traceback (most recent call last):
  File "/workdir/pycryptodome-3.16.0/.tox/cpythonlibtest-unit-test-tests/lib/python3.10/site-packages/_pytest/runner.py", line 341, in from_call
    result: Optional[TResult] = func()
  File "/workdir/pycryptodome-3.16.0/.tox/cpythonlibtest-unit-test-tests/lib/python3.10/site-packages/_pytest/runner.py", line 372, in &lt;lambda&gt;
    call = CallInfo.from_call(lambda: list(collector.collect()), "collect")
  File "/workdir/pycryptodome-3.16.0/.tox/cpythonlibtest-unit-test-tests/lib/python3.10/site-packages/_pytest/python.py", line 531, in collect
    self._inject_setup_module_fixture()
  File "/workdir/pycryptodome-3.16.0/.tox/cpythonlibtest-unit-test-tests/lib/python3.10/site-packages/_pytest/python.py", line 545, in _inject_setup_module_fixture
    self.obj, ("setUpModule", "setup_module")
  File "/workdir/pycryptodome-3.16.0/.tox/cpythonlibtest-unit-test-tests/lib/python3.10/site-packages/_pytest/python.py", line 310, in obj
    self._obj = obj = self._getobj()
  File "/workdir/pycryptodome-3.16.0/.tox/cpythonlibtest-unit-test-tests/lib/python3.10/site-packages/_pytest/python.py", line 528, in _getobj
    return self._importtestmodule()
  File "/workdir/pycryptodome-3.16.0/.tox/cpythonlibtest-unit-test-tests/lib/python3.10/site-packages/_pytest/python.py", line 617, in _importtestmodule
    mod = import_path(self.path, mode=importmode, root=self.config.rootpath)
  File "/workdir/pycryptodome-3.16.0/.tox/cpythonlibtest-unit-test-tests/lib/python3.10/site-packages/_pytest/pathlib.py", line 567, in import_path
    importlib.import_module(module_name)
  File "/usr/local/lib/python3.10/importlib/__init__.py", line 126, in import_module
    return _bootstrap._gcd_import(name[level:], package, level)
  File "&lt;frozen importlib._bootstrap&gt;", line 1050, in _gcd_import
  File "&lt;frozen importlib._bootstrap&gt;", line 1027, in _find_and_load
  File "&lt;frozen importlib._bootstrap&gt;", line 992, in _find_and_load_unlocked
  File "&lt;frozen importlib._bootstrap&gt;", line 241, in _call_with_frames_removed
  File "&lt;frozen importlib._bootstrap&gt;", line 1050, in _gcd_import
  File "&lt;frozen importlib._bootstrap&gt;", line 1027, in _find_and_load
  File "&lt;frozen importlib._bootstrap&gt;", line 1006, in _find_and_load_unlocked
  File "&lt;frozen importlib._bootstrap&gt;", line 688, in _load_unlocked
  File "&lt;frozen importlib._bootstrap_external&gt;", line 883, in exec_module
  File "&lt;frozen importlib._bootstrap&gt;", line 241, in _call_with_frames_removed
  File "/workdir/pycryptodome-3.16.0/lib/Crypto/SelfTest/PublicKey/__init__.py", line 28, in &lt;module&gt;
    from Crypto.SelfTest.PublicKey import (test_DSA, test_RSA,
  File "&lt;frozen importlib._bootstrap&gt;", line 1027, in _find_and_load
  File "&lt;frozen importlib._bootstrap&gt;", line 1006, in _find_and_load_unlocked
  File "&lt;frozen importlib._bootstrap&gt;", line 688, in _load_unlocked
  File "/workdir/pycryptodome-3.16.0/.tox/cpythonlibtest-unit-test-tests/lib/python3.10/site-packages/_pytest/assertion/rewrite.py", line 186, in exec_module
    exec(co, module.__dict__)
  File "/workdir/pycryptodome-3.16.0/lib/Crypto/SelfTest/PublicKey/test_ECC_NIST.py", line 37, in &lt;module&gt;
    from Crypto.PublicKey import ECC
  File "/workdir/pycryptodome-3.16.0/lib/Crypto/PublicKey/ECC.py", line 53, in &lt;module&gt;
    from Crypto.Hash import SHA512, SHAKE256
  File "/workdir/pycryptodome-3.16.0/lib/Crypto/Hash/SHA512.py", line 29, in &lt;module&gt;
    _raw_sha512_lib = load_pycryptodome_raw_lib("Crypto.Hash._SHA512",
  File "/workdir/pycryptodome-3.16.0/lib/Crypto/Util/_raw_api.py", line 309, in load_pycryptodome_raw_lib
    raise OSError("Cannot load native module '%s': %s" % (name, ", ".join(attempts)))
OSError: Cannot load native module 'Crypto.Hash._SHA512': Not found '_SHA512.cpython-310-x86_64-linux-gnu.so', Not found '_SHA512.abi3.so', Not found '_SHA512.so'</error></testcase><testcase classname="" name="lib.Crypto.SelfTest.PublicKey.test_ECC_NIST" time="0.000"><error message="collection failure">Traceback (most recent call last):
  File "/workdir/pycryptodome-3.16.0/.tox/cpythonlibtest-unit-test-tests/lib/python3.10/site-packages/_pytest/runner.py", line 341, in from_call
    result: Optional[TResult] = func()
  File "/workdir/pycryptodome-3.16.0/.tox/cpythonlibtest-unit-test-tests/lib/python3.10/site-packages/_pytest/runner.py", line 372, in &lt;lambda&gt;
    call = CallInfo.from_call(lambda: list(collector.collect()), "collect")
  File "/workdir/pycryptodome-3.16.0/.tox/cpythonlibtest-unit-test-tests/lib/python3.10/site-packages/_pytest/python.py", line 531, in collect
    self._inject_setup_module_fixture()
  File "/workdir/pycryptodome-3.16.0/.tox/cpythonlibtest-unit-test-tests/lib/python3.10/site-packages/_pytest/python.py", line 545, in _inject_setup_module_fixture
    self.obj, ("setUpModule", "setup_module")
  File "/workdir/pycryptodome-3.16.0/.tox/cpythonlibtest-unit-test-tests/lib/python3.10/site-packages/_pytest/python.py", line 310, in obj
    self._obj = obj = self._getobj()
  File "/workdir/pycryptodome-3.16.0/.tox/cpythonlibtest-unit-test-tests/lib/python3.10/site-packages/_pytest/python.py", line 528, in _getobj
    return self._importtestmodule()
  File "/workdir/pycryptodome-3.16.0/.tox/cpythonlibtest-unit-test-tests/lib/python3.10/site-packages/_pytest/python.py", line 617, in _importtestmodule
    mod = import_path(self.path, mode=importmode, root=self.config.rootpath)
  File "/workdir/pycryptodome-3.16.0/.tox/cpythonlibtest-unit-test-tests/lib/python3.10/site-packages/_pytest/pathlib.py", line 567, in import_path
    importlib.import_module(module_name)
  File "/usr/local/lib/python3.10/importlib/__init__.py", line 126, in import_module
    return _bootstrap._gcd_import(name[level:], package, level)
  File "&lt;frozen importlib._bootstrap&gt;", line 1050, in _gcd_import
  File "&lt;frozen importlib._bootstrap&gt;", line 1027, in _find_and_load
  File "&lt;frozen importlib._bootstrap&gt;", line 992, in _find_and_load_unlocked
  File "&lt;frozen importlib._bootstrap&gt;", line 241, in _call_with_frames_removed
  File "&lt;frozen importlib._bootstrap&gt;", line 1050, in _gcd_import
  File "&lt;frozen importlib._bootstrap&gt;", line 1027, in _find_and_load
  File "&lt;frozen importlib._bootstrap&gt;", line 1006, in _find_and_load_unlocked
  File "&lt;frozen importlib._bootstrap&gt;", line 688, in _load_unlocked
  File "&lt;frozen importlib._bootstrap_external&gt;", line 883, in exec_module
  File "&lt;frozen importlib._bootstrap&gt;", line 241, in _call_with_frames_removed
  File "/workdir/pycryptodome-3.16.0/lib/Crypto/SelfTest/PublicKey/__init__.py", line 28, in &lt;module&gt;
    from Crypto.SelfTest.PublicKey import (test_DSA, test_RSA,
  File "&lt;frozen importlib._bootstrap&gt;", line 1027, in _find_and_load
  File "&lt;frozen importlib._bootstrap&gt;", line 1006, in _find_and_load_unlocked
  File "&lt;frozen importlib._bootstrap&gt;", line 688, in _load_unlocked
  File "/workdir/pycryptodome-3.16.0/.tox/cpythonlibtest-unit-test-tests/lib/python3.10/site-packages/_pytest/assertion/rewrite.py", line 186, in exec_module
    exec(co, module.__dict__)
  File "/workdir/pycryptodome-3.16.0/lib/Crypto/SelfTest/PublicKey/test_ECC_NIST.py", line 37, in &lt;module&gt;
    from Crypto.PublicKey import ECC
  File "/workdir/pycryptodome-3.16.0/lib/Crypto/PublicKey/ECC.py", line 53, in &lt;module&gt;
    from Crypto.Hash import SHA512, SHAKE256
  File "/workdir/pycryptodome-3.16.0/lib/Crypto/Hash/SHA512.py", line 29, in &lt;module&gt;
    _raw_sha512_lib = load_pycryptodome_raw_lib("Crypto.Hash._SHA512",
  File "/workdir/pycryptodome-3.16.0/lib/Crypto/Util/_raw_api.py", line 309, in load_pycryptodome_raw_lib
    raise OSError("Cannot load native module '%s': %s" % (name, ", ".join(attempts)))
OSError: Cannot load native module 'Crypto.Hash._SHA512': Not found '_SHA512.cpython-310-x86_64-linux-gnu.so', Not found '_SHA512.abi3.so', Not found '_SHA512.so'</error></testcase><testcase classname="" name="lib.Crypto.SelfTest.PublicKey.test_ElGamal" time="0.000"><error message="collection failure">Traceback (most recent call last):
  File "/workdir/pycryptodome-3.16.0/.tox/cpythonlibtest-unit-test-tests/lib/python3.10/site-packages/_pytest/runner.py", line 341, in from_call
    result: Optional[TResult] = func()
  File "/workdir/pycryptodome-3.16.0/.tox/cpythonlibtest-unit-test-tests/lib/python3.10/site-packages/_pytest/runner.py", line 372, in &lt;lambda&gt;
    call = CallInfo.from_call(lambda: list(collector.collect()), "collect")
  File "/workdir/pycryptodome-3.16.0/.tox/cpythonlibtest-unit-test-tests/lib/python3.10/site-packages/_pytest/python.py", line 531, in collect
    self._inject_setup_module_fixture()
  File "/workdir/pycryptodome-3.16.0/.tox/cpythonlibtest-unit-test-tests/lib/python3.10/site-packages/_pytest/python.py", line 545, in _inject_setup_module_fixture
    self.obj, ("setUpModule", "setup_module")
  File "/workdir/pycryptodome-3.16.0/.tox/cpythonlibtest-unit-test-tests/lib/python3.10/site-packages/_pytest/python.py", line 310, in obj
    self._obj = obj = self._getobj()
  File "/workdir/pycryptodome-3.16.0/.tox/cpythonlibtest-unit-test-tests/lib/python3.10/site-packages/_pytest/python.py", line 528, in _getobj
    return self._importtestmodule()
  File "/workdir/pycryptodome-3.16.0/.tox/cpythonlibtest-unit-test-tests/lib/python3.10/site-packages/_pytest/python.py", line 617, in _importtestmodule
    mod = import_path(self.path, mode=importmode, root=self.config.rootpath)
  File "/workdir/pycryptodome-3.16.0/.tox/cpythonlibtest-unit-test-tests/lib/python3.10/site-packages/_pytest/pathlib.py", line 567, in import_path
    importlib.import_module(module_name)
  File "/usr/local/lib/python3.10/importlib/__init__.py", line 126, in import_module
    return _bootstrap._gcd_import(name[level:], package, level)
  File "&lt;frozen importlib._bootstrap&gt;", line 1050, in _gcd_import
  File "&lt;frozen importlib._bootstrap&gt;", line 1027, in _find_and_load
  File "&lt;frozen importlib._bootstrap&gt;", line 992, in _find_and_load_unlocked
  File "&lt;frozen importlib._bootstrap&gt;", line 241, in _call_with_frames_removed
  File "&lt;frozen importlib._bootstrap&gt;", line 1050, in _gcd_import
  File "&lt;frozen importlib._bootstrap&gt;", line 1027, in _find_and_load
  File "&lt;frozen importlib._bootstrap&gt;", line 1006, in _find_and_load_unlocked
  File "&lt;frozen importlib._bootstrap&gt;", line 688, in _load_unlocked
  File "&lt;frozen importlib._bootstrap_external&gt;", line 883, in exec_module
  File "&lt;frozen importlib._bootstrap&gt;", line 241, in _call_with_frames_removed
  File "/workdir/pycryptodome-3.16.0/lib/Crypto/SelfTest/PublicKey/__init__.py", line 28, in &lt;module&gt;
    from Crypto.SelfTest.PublicKey import (test_DSA, test_RSA,
  File "&lt;frozen importlib._bootstrap&gt;", line 1027, in _find_and_load
  File "&lt;frozen importlib._bootstrap&gt;", line 1006, in _find_and_load_unlocked
  File "&lt;frozen importlib._bootstrap&gt;", line 688, in _load_unlocked
  File "/workdir/pycryptodome-3.16.0/.tox/cpythonlibtest-unit-test-tests/lib/python3.10/site-packages/_pytest/assertion/rewrite.py", line 186, in exec_module
    exec(co, module.__dict__)
  File "/workdir/pycryptodome-3.16.0/lib/Crypto/SelfTest/PublicKey/test_ECC_NIST.py", line 37, in &lt;module&gt;
    from Crypto.PublicKey import ECC
  File "/workdir/pycryptodome-3.16.0/lib/Crypto/PublicKey/ECC.py", line 53, in &lt;module&gt;
    from Crypto.Hash import SHA512, SHAKE256
  File "/workdir/pycryptodome-3.16.0/lib/Crypto/Hash/SHA512.py", line 29, in &lt;module&gt;
    _raw_sha512_lib = load_pycryptodome_raw_lib("Crypto.Hash._SHA512",
  File "/workdir/pycryptodome-3.16.0/lib/Crypto/Util/_raw_api.py", line 309, in load_pycryptodome_raw_lib
    raise OSError("Cannot load native module '%s': %s" % (name, ", ".join(attempts)))
OSError: Cannot load native module 'Crypto.Hash._SHA512': Not found '_SHA512.cpython-310-x86_64-linux-gnu.so', Not found '_SHA512.abi3.so', Not found '_SHA512.so'</error></testcase><testcase classname="" name="lib.Crypto.SelfTest.PublicKey.test_import_DSA" time="0.000"><error message="collection failure">Traceback (most recent call last):
  File "/workdir/pycryptodome-3.16.0/.tox/cpythonlibtest-unit-test-tests/lib/python3.10/site-packages/_pytest/runner.py", line 341, in from_call
    result: Optional[TResult] = func()
  File "/workdir/pycryptodome-3.16.0/.tox/cpythonlibtest-unit-test-tests/lib/python3.10/site-packages/_pytest/runner.py", line 372, in &lt;lambda&gt;
    call = CallInfo.from_call(lambda: list(collector.collect()), "collect")
  File "/workdir/pycryptodome-3.16.0/.tox/cpythonlibtest-unit-test-tests/lib/python3.10/site-packages/_pytest/python.py", line 531, in collect
    self._inject_setup_module_fixture()
  File "/workdir/pycryptodome-3.16.0/.tox/cpythonlibtest-unit-test-tests/lib/python3.10/site-packages/_pytest/python.py", line 545, in _inject_setup_module_fixture
    self.obj, ("setUpModule", "setup_module")
  File "/workdir/pycryptodome-3.16.0/.tox/cpythonlibtest-unit-test-tests/lib/python3.10/site-packages/_pytest/python.py", line 310, in obj
    self._obj = obj = self._getobj()
  File "/workdir/pycryptodome-3.16.0/.tox/cpythonlibtest-unit-test-tests/lib/python3.10/site-packages/_pytest/python.py", line 528, in _getobj
    return self._importtestmodule()
  File "/workdir/pycryptodome-3.16.0/.tox/cpythonlibtest-unit-test-tests/lib/python3.10/site-packages/_pytest/python.py", line 617, in _importtestmodule
    mod = import_path(self.path, mode=importmode, root=self.config.rootpath)
  File "/workdir/pycryptodome-3.16.0/.tox/cpythonlibtest-unit-test-tests/lib/python3.10/site-packages/_pytest/pathlib.py", line 567, in import_path
    importlib.import_module(module_name)
  File "/usr/local/lib/python3.10/importlib/__init__.py", line 126, in import_module
    return _bootstrap._gcd_import(name[level:], package, level)
  File "&lt;frozen importlib._bootstrap&gt;", line 1050, in _gcd_import
  File "&lt;frozen importlib._bootstrap&gt;", line 1027, in _find_and_load
  File "&lt;frozen importlib._bootstrap&gt;", line 992, in _find_and_load_unlocked
  File "&lt;frozen importlib._bootstrap&gt;", line 241, in _call_with_frames_removed
  File "&lt;frozen importlib._bootstrap&gt;", line 1050, in _gcd_import
  File "&lt;frozen importlib._bootstrap&gt;", line 1027, in _find_and_load
  File "&lt;frozen importlib._bootstrap&gt;", line 1006, in _find_and_load_unlocked
  File "&lt;frozen importlib._bootstrap&gt;", line 688, in _load_unlocked
  File "&lt;frozen importlib._bootstrap_external&gt;", line 883, in exec_module
  File "&lt;frozen importlib._bootstrap&gt;", line 241, in _call_with_frames_removed
  File "/workdir/pycryptodome-3.16.0/lib/Crypto/SelfTest/PublicKey/__init__.py", line 28, in &lt;module&gt;
    from Crypto.SelfTest.PublicKey import (test_DSA, test_RSA,
  File "&lt;frozen importlib._bootstrap&gt;", line 1027, in _find_and_load
  File "&lt;frozen importlib._bootstrap&gt;", line 1006, in _find_and_load_unlocked
  File "&lt;frozen importlib._bootstrap&gt;", line 688, in _load_unlocked
  File "/workdir/pycryptodome-3.16.0/.tox/cpythonlibtest-unit-test-tests/lib/python3.10/site-packages/_pytest/assertion/rewrite.py", line 186, in exec_module
    exec(co, module.__dict__)
  File "/workdir/pycryptodome-3.16.0/lib/Crypto/SelfTest/PublicKey/test_ECC_NIST.py", line 37, in &lt;module&gt;
    from Crypto.PublicKey import ECC
  File "/workdir/pycryptodome-3.16.0/lib/Crypto/PublicKey/ECC.py", line 53, in &lt;module&gt;
    from Crypto.Hash import SHA512, SHAKE256
  File "/workdir/pycryptodome-3.16.0/lib/Crypto/Hash/SHA512.py", line 29, in &lt;module&gt;
    _raw_sha512_lib = load_pycryptodome_raw_lib("Crypto.Hash._SHA512",
  File "/workdir/pycryptodome-3.16.0/lib/Crypto/Util/_raw_api.py", line 309, in load_pycryptodome_raw_lib
    raise OSError("Cannot load native module '%s': %s" % (name, ", ".join(attempts)))
OSError: Cannot load native module 'Crypto.Hash._SHA512': Not found '_SHA512.cpython-310-x86_64-linux-gnu.so', Not found '_SHA512.abi3.so', Not found '_SHA512.so'</error></testcase><testcase classname="" name="lib.Crypto.SelfTest.PublicKey.test_import_ECC" time="0.000"><error message="collection failure">Traceback (most recent call last):
  File "/workdir/pycryptodome-3.16.0/.tox/cpythonlibtest-unit-test-tests/lib/python3.10/site-packages/_pytest/runner.py", line 341, in from_call
    result: Optional[TResult] = func()
  File "/workdir/pycryptodome-3.16.0/.tox/cpythonlibtest-unit-test-tests/lib/python3.10/site-packages/_pytest/runner.py", line 372, in &lt;lambda&gt;
    call = CallInfo.from_call(lambda: list(collector.collect()), "collect")
  File "/workdir/pycryptodome-3.16.0/.tox/cpythonlibtest-unit-test-tests/lib/python3.10/site-packages/_pytest/python.py", line 531, in collect
    self._inject_setup_module_fixture()
  File "/workdir/pycryptodome-3.16.0/.tox/cpythonlibtest-unit-test-tests/lib/python3.10/site-packages/_pytest/python.py", line 545, in _inject_setup_module_fixture
    self.obj, ("setUpModule", "setup_module")
  File "/workdir/pycryptodome-3.16.0/.tox/cpythonlibtest-unit-test-tests/lib/python3.10/site-packages/_pytest/python.py", line 310, in obj
    self._obj = obj = self._getobj()
  File "/workdir/pycryptodome-3.16.0/.tox/cpythonlibtest-unit-test-tests/lib/python3.10/site-packages/_pytest/python.py", line 528, in _getobj
    return self._importtestmodule()
  File "/workdir/pycryptodome-3.16.0/.tox/cpythonlibtest-unit-test-tests/lib/python3.10/site-packages/_pytest/python.py", line 617, in _importtestmodule
    mod = import_path(self.path, mode=importmode, root=self.config.rootpath)
  File "/workdir/pycryptodome-3.16.0/.tox/cpythonlibtest-unit-test-tests/lib/python3.10/site-packages/_pytest/pathlib.py", line 567, in import_path
    importlib.import_module(module_name)
  File "/usr/local/lib/python3.10/importlib/__init__.py", line 126, in import_module
    return _bootstrap._gcd_import(name[level:], package, level)
  File "&lt;frozen importlib._bootstrap&gt;", line 1050, in _gcd_import
  File "&lt;frozen importlib._bootstrap&gt;", line 1027, in _find_and_load
  File "&lt;frozen importlib._bootstrap&gt;", line 992, in _find_and_load_unlocked
  File "&lt;frozen importlib._bootstrap&gt;", line 241, in _call_with_frames_removed
  File "&lt;frozen importlib._bootstrap&gt;", line 1050, in _gcd_import
  File "&lt;frozen importlib._bootstrap&gt;", line 1027, in _find_and_load
  File "&lt;frozen importlib._bootstrap&gt;", line 1006, in _find_and_load_unlocked
  File "&lt;frozen importlib._bootstrap&gt;", line 688, in _load_unlocked
  File "&lt;frozen importlib._bootstrap_external&gt;", line 883, in exec_module
  File "&lt;frozen importlib._bootstrap&gt;", line 241, in _call_with_frames_removed
  File "/workdir/pycryptodome-3.16.0/lib/Crypto/SelfTest/PublicKey/__init__.py", line 28, in &lt;module&gt;
    from Crypto.SelfTest.PublicKey import (test_DSA, test_RSA,
  File "&lt;frozen importlib._bootstrap&gt;", line 1027, in _find_and_load
  File "&lt;frozen importlib._bootstrap&gt;", line 1006, in _find_and_load_unlocked
  File "&lt;frozen importlib._bootstrap&gt;", line 688, in _load_unlocked
  File "/workdir/pycryptodome-3.16.0/.tox/cpythonlibtest-unit-test-tests/lib/python3.10/site-packages/_pytest/assertion/rewrite.py", line 186, in exec_module
    exec(co, module.__dict__)
  File "/workdir/pycryptodome-3.16.0/lib/Crypto/SelfTest/PublicKey/test_ECC_NIST.py", line 37, in &lt;module&gt;
    from Crypto.PublicKey import ECC
  File "/workdir/pycryptodome-3.16.0/lib/Crypto/PublicKey/ECC.py", line 53, in &lt;module&gt;
    from Crypto.Hash import SHA512, SHAKE256
  File "/workdir/pycryptodome-3.16.0/lib/Crypto/Hash/SHA512.py", line 29, in &lt;module&gt;
    _raw_sha512_lib = load_pycryptodome_raw_lib("Crypto.Hash._SHA512",
  File "/workdir/pycryptodome-3.16.0/lib/Crypto/Util/_raw_api.py", line 309, in load_pycryptodome_raw_lib
    raise OSError("Cannot load native module '%s': %s" % (name, ", ".join(attempts)))
OSError: Cannot load native module 'Crypto.Hash._SHA512': Not found '_SHA512.cpython-310-x86_64-linux-gnu.so', Not found '_SHA512.abi3.so', Not found '_SHA512.so'</error></testcase><testcase classname="" name="lib.Crypto.SelfTest.PublicKey.test_import_RSA" time="0.000"><error message="collection failure">Traceback (most recent call last):
  File "/workdir/pycryptodome-3.16.0/.tox/cpythonlibtest-unit-test-tests/lib/python3.10/site-packages/_pytest/runner.py", line 341, in from_call
    result: Optional[TResult] = func()
  File "/workdir/pycryptodome-3.16.0/.tox/cpythonlibtest-unit-test-tests/lib/python3.10/site-packages/_pytest/runner.py", line 372, in &lt;lambda&gt;
    call = CallInfo.from_call(lambda: list(collector.collect()), "collect")
  File "/workdir/pycryptodome-3.16.0/.tox/cpythonlibtest-unit-test-tests/lib/python3.10/site-packages/_pytest/python.py", line 531, in collect
    self._inject_setup_module_fixture()
  File "/workdir/pycryptodome-3.16.0/.tox/cpythonlibtest-unit-test-tests/lib/python3.10/site-packages/_pytest/python.py", line 545, in _inject_setup_module_fixture
    self.obj, ("setUpModule", "setup_module")
  File "/workdir/pycryptodome-3.16.0/.tox/cpythonlibtest-unit-test-tests/lib/python3.10/site-packages/_pytest/python.py", line 310, in obj
    self._obj = obj = self._getobj()
  File "/workdir/pycryptodome-3.16.0/.tox/cpythonlibtest-unit-test-tests/lib/python3.10/site-packages/_pytest/python.py", line 528, in _getobj
    return self._importtestmodule()
  File "/workdir/pycryptodome-3.16.0/.tox/cpythonlibtest-unit-test-tests/lib/python3.10/site-packages/_pytest/python.py", line 617, in _importtestmodule
    mod = import_path(self.path, mode=importmode, root=self.config.rootpath)
  File "/workdir/pycryptodome-3.16.0/.tox/cpythonlibtest-unit-test-tests/lib/python3.10/site-packages/_pytest/pathlib.py", line 567, in import_path
    importlib.import_module(module_name)
  File "/usr/local/lib/python3.10/importlib/__init__.py", line 126, in import_module
    return _bootstrap._gcd_import(name[level:], package, level)
  File "&lt;frozen importlib._bootstrap&gt;", line 1050, in _gcd_import
  File "&lt;frozen importlib._bootstrap&gt;", line 1027, in _find_and_load
  File "&lt;frozen importlib._bootstrap&gt;", line 992, in _find_and_load_unlocked
  File "&lt;frozen importlib._bootstrap&gt;", line 241, in _call_with_frames_removed
  File "&lt;frozen importlib._bootstrap&gt;", line 1050, in _gcd_import
  File "&lt;frozen importlib._bootstrap&gt;", line 1027, in _find_and_load
  File "&lt;frozen importlib._bootstrap&gt;", line 1006, in _find_and_load_unlocked
  File "&lt;frozen importlib._bootstrap&gt;", line 688, in _load_unlocked
  File "&lt;frozen importlib._bootstrap_external&gt;", line 883, in exec_module
  File "&lt;frozen importlib._bootstrap&gt;", line 241, in _call_with_frames_removed
  File "/workdir/pycryptodome-3.16.0/lib/Crypto/SelfTest/PublicKey/__init__.py", line 28, in &lt;module&gt;
    from Crypto.SelfTest.PublicKey import (test_DSA, test_RSA,
  File "&lt;frozen importlib._bootstrap&gt;", line 1027, in _find_and_load
  File "&lt;frozen importlib._bootstrap&gt;", line 1006, in _find_and_load_unlocked
  File "&lt;frozen importlib._bootstrap&gt;", line 688, in _load_unlocked
  File "/workdir/pycryptodome-3.16.0/.tox/cpythonlibtest-unit-test-tests/lib/python3.10/site-packages/_pytest/assertion/rewrite.py", line 186, in exec_module
    exec(co, module.__dict__)
  File "/workdir/pycryptodome-3.16.0/lib/Crypto/SelfTest/PublicKey/test_ECC_NIST.py", line 37, in &lt;module&gt;
    from Crypto.PublicKey import ECC
  File "/workdir/pycryptodome-3.16.0/lib/Crypto/PublicKey/ECC.py", line 53, in &lt;module&gt;
    from Crypto.Hash import SHA512, SHAKE256
  File "/workdir/pycryptodome-3.16.0/lib/Crypto/Hash/SHA512.py", line 29, in &lt;module&gt;
    _raw_sha512_lib = load_pycryptodome_raw_lib("Crypto.Hash._SHA512",
  File "/workdir/pycryptodome-3.16.0/lib/Crypto/Util/_raw_api.py", line 309, in load_pycryptodome_raw_lib
    raise OSError("Cannot load native module '%s': %s" % (name, ", ".join(attempts)))
OSError: Cannot load native module 'Crypto.Hash._SHA512': Not found '_SHA512.cpython-310-x86_64-linux-gnu.so', Not found '_SHA512.abi3.so', Not found '_SHA512.so'</error></testcase><testcase classname="" name="lib.Crypto.SelfTest.Signature.test_dss" time="0.000"><error message="collection failure">Traceback (most recent call last):
  File "/workdir/pycryptodome-3.16.0/.tox/cpythonlibtest-unit-test-tests/lib/python3.10/site-packages/_pytest/runner.py", line 341, in from_call
    result: Optional[TResult] = func()
  File "/workdir/pycryptodome-3.16.0/.tox/cpythonlibtest-unit-test-tests/lib/python3.10/site-packages/_pytest/runner.py", line 372, in &lt;lambda&gt;
    call = CallInfo.from_call(lambda: list(collector.collect()), "collect")
  File "/workdir/pycryptodome-3.16.0/.tox/cpythonlibtest-unit-test-tests/lib/python3.10/site-packages/_pytest/python.py", line 531, in collect
    self._inject_setup_module_fixture()
  File "/workdir/pycryptodome-3.16.0/.tox/cpythonlibtest-unit-test-tests/lib/python3.10/site-packages/_pytest/python.py", line 545, in _inject_setup_module_fixture
    self.obj, ("setUpModule", "setup_module")
  File "/workdir/pycryptodome-3.16.0/.tox/cpythonlibtest-unit-test-tests/lib/python3.10/site-packages/_pytest/python.py", line 310, in obj
    self._obj = obj = self._getobj()
  File "/workdir/pycryptodome-3.16.0/.tox/cpythonlibtest-unit-test-tests/lib/python3.10/site-packages/_pytest/python.py", line 528, in _getobj
    return self._importtestmodule()
  File "/workdir/pycryptodome-3.16.0/.tox/cpythonlibtest-unit-test-tests/lib/python3.10/site-packages/_pytest/python.py", line 617, in _importtestmodule
    mod = import_path(self.path, mode=importmode, root=self.config.rootpath)
  File "/workdir/pycryptodome-3.16.0/.tox/cpythonlibtest-unit-test-tests/lib/python3.10/site-packages/_pytest/pathlib.py", line 567, in import_path
    importlib.import_module(module_name)
  File "/usr/local/lib/python3.10/importlib/__init__.py", line 126, in import_module
    return _bootstrap._gcd_import(name[level:], package, level)
  File "&lt;frozen importlib._bootstrap&gt;", line 1050, in _gcd_import
  File "&lt;frozen importlib._bootstrap&gt;", line 1027, in _find_and_load
  File "&lt;frozen importlib._bootstrap&gt;", line 992, in _find_and_load_unlocked
  File "&lt;frozen importlib._bootstrap&gt;", line 241, in _call_with_frames_removed
  File "&lt;frozen importlib._bootstrap&gt;", line 1050, in _gcd_import
  File "&lt;frozen importlib._bootstrap&gt;", line 1027, in _find_and_load
  File "&lt;frozen importlib._bootstrap&gt;", line 1006, in _find_and_load_unlocked
  File "&lt;frozen importlib._bootstrap&gt;", line 688, in _load_unlocked
  File "&lt;frozen importlib._bootstrap_external&gt;", line 883, in exec_module
  File "&lt;frozen importlib._bootstrap&gt;", line 241, in _call_with_frames_removed
  File "/workdir/pycryptodome-3.16.0/lib/Crypto/SelfTest/Signature/__init__.py", line 26, in &lt;module&gt;
    from . import test_pkcs1_15, test_pss, test_dss, test_eddsa
  File "&lt;frozen importlib._bootstrap&gt;", line 1027, in _find_and_load
  File "&lt;frozen importlib._bootstrap&gt;", line 1006, in _find_and_load_unlocked
  File "&lt;frozen importlib._bootstrap&gt;", line 688, in _load_unlocked
  File "/workdir/pycryptodome-3.16.0/.tox/cpythonlibtest-unit-test-tests/lib/python3.10/site-packages/_pytest/assertion/rewrite.py", line 186, in exec_module
    exec(co, module.__dict__)
  File "/workdir/pycryptodome-3.16.0/lib/Crypto/SelfTest/Signature/test_pkcs1_15.py", line 37, in &lt;module&gt;
    from Crypto.Util.strxor import strxor
  File "/workdir/pycryptodome-3.16.0/lib/Crypto/Util/strxor.py", line 35, in &lt;module&gt;
    _raw_strxor = load_pycryptodome_raw_lib(
  File "/workdir/pycryptodome-3.16.0/lib/Crypto/Util/_raw_api.py", line 309, in load_pycryptodome_raw_lib
    raise OSError("Cannot load native module '%s': %s" % (name, ", ".join(attempts)))
OSError: Cannot load native module 'Crypto.Util._strxor': Not found '_strxor.cpython-310-x86_64-linux-gnu.so', Not found '_strxor.abi3.so', Not found '_strxor.so'</error></testcase><testcase classname="" name="lib.Crypto.SelfTest.Signature.test_eddsa" time="0.000"><error message="collection failure">Traceback (most recent call last):
  File "/workdir/pycryptodome-3.16.0/.tox/cpythonlibtest-unit-test-tests/lib/python3.10/site-packages/_pytest/runner.py", line 341, in from_call
    result: Optional[TResult] = func()
  File "/workdir/pycryptodome-3.16.0/.tox/cpythonlibtest-unit-test-tests/lib/python3.10/site-packages/_pytest/runner.py", line 372, in &lt;lambda&gt;
    call = CallInfo.from_call(lambda: list(collector.collect()), "collect")
  File "/workdir/pycryptodome-3.16.0/.tox/cpythonlibtest-unit-test-tests/lib/python3.10/site-packages/_pytest/python.py", line 531, in collect
    self._inject_setup_module_fixture()
  File "/workdir/pycryptodome-3.16.0/.tox/cpythonlibtest-unit-test-tests/lib/python3.10/site-packages/_pytest/python.py", line 545, in _inject_setup_module_fixture
    self.obj, ("setUpModule", "setup_module")
  File "/workdir/pycryptodome-3.16.0/.tox/cpythonlibtest-unit-test-tests/lib/python3.10/site-packages/_pytest/python.py", line 310, in obj
    self._obj = obj = self._getobj()
  File "/workdir/pycryptodome-3.16.0/.tox/cpythonlibtest-unit-test-tests/lib/python3.10/site-packages/_pytest/python.py", line 528, in _getobj
    return self._importtestmodule()
  File "/workdir/pycryptodome-3.16.0/.tox/cpythonlibtest-unit-test-tests/lib/python3.10/site-packages/_pytest/python.py", line 617, in _importtestmodule
    mod = import_path(self.path, mode=importmode, root=self.config.rootpath)
  File "/workdir/pycryptodome-3.16.0/.tox/cpythonlibtest-unit-test-tests/lib/python3.10/site-packages/_pytest/pathlib.py", line 567, in import_path
    importlib.import_module(module_name)
  File "/usr/local/lib/python3.10/importlib/__init__.py", line 126, in import_module
    return _bootstrap._gcd_import(name[level:], package, level)
  File "&lt;frozen importlib._bootstrap&gt;", line 1050, in _gcd_import
  File "&lt;frozen importlib._bootstrap&gt;", line 1027, in _find_and_load
  File "&lt;frozen importlib._bootstrap&gt;", line 992, in _find_and_load_unlocked
  File "&lt;frozen importlib._bootstrap&gt;", line 241, in _call_with_frames_removed
  File "&lt;frozen importlib._bootstrap&gt;", line 1050, in _gcd_import
  File "&lt;frozen importlib._bootstrap&gt;", line 1027, in _find_and_load
  File "&lt;frozen importlib._bootstrap&gt;", line 1006, in _find_and_load_unlocked
  File "&lt;frozen importlib._bootstrap&gt;", line 688, in _load_unlocked
  File "&lt;frozen importlib._bootstrap_external&gt;", line 883, in exec_module
  File "&lt;frozen importlib._bootstrap&gt;", line 241, in _call_with_frames_removed
  File "/workdir/pycryptodome-3.16.0/lib/Crypto/SelfTest/Signature/__init__.py", line 26, in &lt;module&gt;
    from . import test_pkcs1_15, test_pss, test_dss, test_eddsa
  File "&lt;frozen importlib._bootstrap&gt;", line 1027, in _find_and_load
  File "&lt;frozen importlib._bootstrap&gt;", line 1006, in _find_and_load_unlocked
  File "&lt;frozen importlib._bootstrap&gt;", line 688, in _load_unlocked
  File "/workdir/pycryptodome-3.16.0/.tox/cpythonlibtest-unit-test-tests/lib/python3.10/site-packages/_pytest/assertion/rewrite.py", line 186, in exec_module
    exec(co, module.__dict__)
  File "/workdir/pycryptodome-3.16.0/lib/Crypto/SelfTest/Signature/test_pkcs1_15.py", line 37, in &lt;module&gt;
    from Crypto.Util.strxor import strxor
  File "/workdir/pycryptodome-3.16.0/lib/Crypto/Util/strxor.py", line 35, in &lt;module&gt;
    _raw_strxor = load_pycryptodome_raw_lib(
  File "/workdir/pycryptodome-3.16.0/lib/Crypto/Util/_raw_api.py", line 309, in load_pycryptodome_raw_lib
    raise OSError("Cannot load native module '%s': %s" % (name, ", ".join(attempts)))
OSError: Cannot load native module 'Crypto.Util._strxor': Not found '_strxor.cpython-310-x86_64-linux-gnu.so', Not found '_strxor.abi3.so', Not found '_strxor.so'</error></testcase><testcase classname="" name="lib.Crypto.SelfTest.Signature.test_pkcs1_15" time="0.000"><error message="collection failure">Traceback (most recent call last):
  File "/workdir/pycryptodome-3.16.0/.tox/cpythonlibtest-unit-test-tests/lib/python3.10/site-packages/_pytest/runner.py", line 341, in from_call
    result: Optional[TResult] = func()
  File "/workdir/pycryptodome-3.16.0/.tox/cpythonlibtest-unit-test-tests/lib/python3.10/site-packages/_pytest/runner.py", line 372, in &lt;lambda&gt;
    call = CallInfo.from_call(lambda: list(collector.collect()), "collect")
  File "/workdir/pycryptodome-3.16.0/.tox/cpythonlibtest-unit-test-tests/lib/python3.10/site-packages/_pytest/python.py", line 531, in collect
    self._inject_setup_module_fixture()
  File "/workdir/pycryptodome-3.16.0/.tox/cpythonlibtest-unit-test-tests/lib/python3.10/site-packages/_pytest/python.py", line 545, in _inject_setup_module_fixture
    self.obj, ("setUpModule", "setup_module")
  File "/workdir/pycryptodome-3.16.0/.tox/cpythonlibtest-unit-test-tests/lib/python3.10/site-packages/_pytest/python.py", line 310, in obj
    self._obj = obj = self._getobj()
  File "/workdir/pycryptodome-3.16.0/.tox/cpythonlibtest-unit-test-tests/lib/python3.10/site-packages/_pytest/python.py", line 528, in _getobj
    return self._importtestmodule()
  File "/workdir/pycryptodome-3.16.0/.tox/cpythonlibtest-unit-test-tests/lib/python3.10/site-packages/_pytest/python.py", line 617, in _importtestmodule
    mod = import_path(self.path, mode=importmode, root=self.config.rootpath)
  File "/workdir/pycryptodome-3.16.0/.tox/cpythonlibtest-unit-test-tests/lib/python3.10/site-packages/_pytest/pathlib.py", line 567, in import_path
    importlib.import_module(module_name)
  File "/usr/local/lib/python3.10/importlib/__init__.py", line 126, in import_module
    return _bootstrap._gcd_import(name[level:], package, level)
  File "&lt;frozen importlib._bootstrap&gt;", line 1050, in _gcd_import
  File "&lt;frozen importlib._bootstrap&gt;", line 1027, in _find_and_load
  File "&lt;frozen importlib._bootstrap&gt;", line 992, in _find_and_load_unlocked
  File "&lt;frozen importlib._bootstrap&gt;", line 241, in _call_with_frames_removed
  File "&lt;frozen importlib._bootstrap&gt;", line 1050, in _gcd_import
  File "&lt;frozen importlib._bootstrap&gt;", line 1027, in _find_and_load
  File "&lt;frozen importlib._bootstrap&gt;", line 1006, in _find_and_load_unlocked
  File "&lt;frozen importlib._bootstrap&gt;", line 688, in _load_unlocked
  File "&lt;frozen importlib._bootstrap_external&gt;", line 883, in exec_module
  File "&lt;frozen importlib._bootstrap&gt;", line 241, in _call_with_frames_removed
  File "/workdir/pycryptodome-3.16.0/lib/Crypto/SelfTest/Signature/__init__.py", line 26, in &lt;module&gt;
    from . import test_pkcs1_15, test_pss, test_dss, test_eddsa
  File "&lt;frozen importlib._bootstrap&gt;", line 1027, in _find_and_load
  File "&lt;frozen importlib._bootstrap&gt;", line 1006, in _find_and_load_unlocked
  File "&lt;frozen importlib._bootstrap&gt;", line 688, in _load_unlocked
  File "/workdir/pycryptodome-3.16.0/.tox/cpythonlibtest-unit-test-tests/lib/python3.10/site-packages/_pytest/assertion/rewrite.py", line 186, in exec_module
    exec(co, module.__dict__)
  File "/workdir/pycryptodome-3.16.0/lib/Crypto/SelfTest/Signature/test_pkcs1_15.py", line 37, in &lt;module&gt;
    from Crypto.Util.strxor import strxor
  File "/workdir/pycryptodome-3.16.0/lib/Crypto/Util/strxor.py", line 35, in &lt;module&gt;
    _raw_strxor = load_pycryptodome_raw_lib(
  File "/workdir/pycryptodome-3.16.0/lib/Crypto/Util/_raw_api.py", line 309, in load_pycryptodome_raw_lib
    raise OSError("Cannot load native module '%s': %s" % (name, ", ".join(attempts)))
OSError: Cannot load native module 'Crypto.Util._strxor': Not found '_strxor.cpython-310-x86_64-linux-gnu.so', Not found '_strxor.abi3.so', Not found '_strxor.so'</error></testcase><testcase classname="" name="lib.Crypto.SelfTest.Signature.test_pss" time="0.000"><error message="collection failure">Traceback (most recent call last):
  File "/workdir/pycryptodome-3.16.0/.tox/cpythonlibtest-unit-test-tests/lib/python3.10/site-packages/_pytest/runner.py", line 341, in from_call
    result: Optional[TResult] = func()
  File "/workdir/pycryptodome-3.16.0/.tox/cpythonlibtest-unit-test-tests/lib/python3.10/site-packages/_pytest/runner.py", line 372, in &lt;lambda&gt;
    call = CallInfo.from_call(lambda: list(collector.collect()), "collect")
  File "/workdir/pycryptodome-3.16.0/.tox/cpythonlibtest-unit-test-tests/lib/python3.10/site-packages/_pytest/python.py", line 531, in collect
    self._inject_setup_module_fixture()
  File "/workdir/pycryptodome-3.16.0/.tox/cpythonlibtest-unit-test-tests/lib/python3.10/site-packages/_pytest/python.py", line 545, in _inject_setup_module_fixture
    self.obj, ("setUpModule", "setup_module")
  File "/workdir/pycryptodome-3.16.0/.tox/cpythonlibtest-unit-test-tests/lib/python3.10/site-packages/_pytest/python.py", line 310, in obj
    self._obj = obj = self._getobj()
  File "/workdir/pycryptodome-3.16.0/.tox/cpythonlibtest-unit-test-tests/lib/python3.10/site-packages/_pytest/python.py", line 528, in _getobj
    return self._importtestmodule()
  File "/workdir/pycryptodome-3.16.0/.tox/cpythonlibtest-unit-test-tests/lib/python3.10/site-packages/_pytest/python.py", line 617, in _importtestmodule
    mod = import_path(self.path, mode=importmode, root=self.config.rootpath)
  File "/workdir/pycryptodome-3.16.0/.tox/cpythonlibtest-unit-test-tests/lib/python3.10/site-packages/_pytest/pathlib.py", line 567, in import_path
    importlib.import_module(module_name)
  File "/usr/local/lib/python3.10/importlib/__init__.py", line 126, in import_module
    return _bootstrap._gcd_import(name[level:], package, level)
  File "&lt;frozen importlib._bootstrap&gt;", line 1050, in _gcd_import
  File "&lt;frozen importlib._bootstrap&gt;", line 1027, in _find_and_load
  File "&lt;frozen importlib._bootstrap&gt;", line 992, in _find_and_load_unlocked
  File "&lt;frozen importlib._bootstrap&gt;", line 241, in _call_with_frames_removed
  File "&lt;frozen importlib._bootstrap&gt;", line 1050, in _gcd_import
  File "&lt;frozen importlib._bootstrap&gt;", line 1027, in _find_and_load
  File "&lt;frozen importlib._bootstrap&gt;", line 1006, in _find_and_load_unlocked
  File "&lt;frozen importlib._bootstrap&gt;", line 688, in _load_unlocked
  File "&lt;frozen importlib._bootstrap_external&gt;", line 883, in exec_module
  File "&lt;frozen importlib._bootstrap&gt;", line 241, in _call_with_frames_removed
  File "/workdir/pycryptodome-3.16.0/lib/Crypto/SelfTest/Signature/__init__.py", line 26, in &lt;module&gt;
    from . import test_pkcs1_15, test_pss, test_dss, test_eddsa
  File "&lt;frozen importlib._bootstrap&gt;", line 1027, in _find_and_load
  File "&lt;frozen importlib._bootstrap&gt;", line 1006, in _find_and_load_unlocked
  File "&lt;frozen importlib._bootstrap&gt;", line 688, in _load_unlocked
  File "/workdir/pycryptodome-3.16.0/.tox/cpythonlibtest-unit-test-tests/lib/python3.10/site-packages/_pytest/assertion/rewrite.py", line 186, in exec_module
    exec(co, module.__dict__)
  File "/workdir/pycryptodome-3.16.0/lib/Crypto/SelfTest/Signature/test_pkcs1_15.py", line 37, in &lt;module&gt;
    from Crypto.Util.strxor import strxor
  File "/workdir/pycryptodome-3.16.0/lib/Crypto/Util/strxor.py", line 35, in &lt;module&gt;
    _raw_strxor = load_pycryptodome_raw_lib(
  File "/workdir/pycryptodome-3.16.0/lib/Crypto/Util/_raw_api.py", line 309, in load_pycryptodome_raw_lib
    raise OSError("Cannot load native module '%s': %s" % (name, ", ".join(attempts)))
OSError: Cannot load native module 'Crypto.Util._strxor': Not found '_strxor.cpython-310-x86_64-linux-gnu.so', Not found '_strxor.abi3.so', Not found '_strxor.so'</error></testcase><testcase classname="" name="lib.Crypto.SelfTest.Util.test_strxor" time="0.000"><error message="collection failure">Traceback (most recent call last):
  File "/workdir/pycryptodome-3.16.0/.tox/cpythonlibtest-unit-test-tests/lib/python3.10/site-packages/_pytest/runner.py", line 341, in from_call
    result: Optional[TResult] = func()
  File "/workdir/pycryptodome-3.16.0/.tox/cpythonlibtest-unit-test-tests/lib/python3.10/site-packages/_pytest/runner.py", line 372, in &lt;lambda&gt;
    call = CallInfo.from_call(lambda: list(collector.collect()), "collect")
  File "/workdir/pycryptodome-3.16.0/.tox/cpythonlibtest-unit-test-tests/lib/python3.10/site-packages/_pytest/python.py", line 531, in collect
    self._inject_setup_module_fixture()
  File "/workdir/pycryptodome-3.16.0/.tox/cpythonlibtest-unit-test-tests/lib/python3.10/site-packages/_pytest/python.py", line 545, in _inject_setup_module_fixture
    self.obj, ("setUpModule", "setup_module")
  File "/workdir/pycryptodome-3.16.0/.tox/cpythonlibtest-unit-test-tests/lib/python3.10/site-packages/_pytest/python.py", line 310, in obj
    self._obj = obj = self._getobj()
  File "/workdir/pycryptodome-3.16.0/.tox/cpythonlibtest-unit-test-tests/lib/python3.10/site-packages/_pytest/python.py", line 528, in _getobj
    return self._importtestmodule()
  File "/workdir/pycryptodome-3.16.0/.tox/cpythonlibtest-unit-test-tests/lib/python3.10/site-packages/_pytest/python.py", line 617, in _importtestmodule
    mod = import_path(self.path, mode=importmode, root=self.config.rootpath)
  File "/workdir/pycryptodome-3.16.0/.tox/cpythonlibtest-unit-test-tests/lib/python3.10/site-packages/_pytest/pathlib.py", line 567, in import_path
    importlib.import_module(module_name)
  File "/usr/local/lib/python3.10/importlib/__init__.py", line 126, in import_module
    return _bootstrap._gcd_import(name[level:], package, level)
  File "&lt;frozen importlib._bootstrap&gt;", line 1050, in _gcd_import
  File "&lt;frozen importlib._bootstrap&gt;", line 1027, in _find_and_load
  File "&lt;frozen importlib._bootstrap&gt;", line 1006, in _find_and_load_unlocked
  File "&lt;frozen importlib._bootstrap&gt;", line 688, in _load_unlocked
  File "/workdir/pycryptodome-3.16.0/.tox/cpythonlibtest-unit-test-tests/lib/python3.10/site-packages/_pytest/assertion/rewrite.py", line 186, in exec_module
    exec(co, module.__dict__)
  File "/workdir/pycryptodome-3.16.0/lib/Crypto/SelfTest/Util/test_strxor.py", line 38, in &lt;module&gt;
    from Crypto.Util.strxor import strxor, strxor_c
  File "/workdir/pycryptodome-3.16.0/lib/Crypto/Util/strxor.py", line 35, in &lt;module&gt;
    _raw_strxor = load_pycryptodome_raw_lib(
  File "/workdir/pycryptodome-3.16.0/lib/Crypto/Util/_raw_api.py", line 309, in load_pycryptodome_raw_lib
    raise OSError("Cannot load native module '%s': %s" % (name, ", ".join(attempts)))
OSError: Cannot load native module 'Crypto.Util._strxor': Not found '_strxor.cpython-310-x86_64-linux-gnu.so', Not found '_strxor.abi3.so', Not found '_strxor.so'</error></testcase></testsuite></testsuites>