<?xml version="1.0" encoding="utf-8"?><testsuites><testsuite name="pytest" errors="0" failures="2" skipped="20" tests="237" time="18.507" timestamp="2023-11-21T03:57:39.688049" hostname="b80581c01e0f"><testcase classname="tests.test_database.TestDistribution" name="test_check_installed_files" time="0.025" /><testcase classname="tests.test_database.TestDistribution" name="test_comparison" time="0.018" /><testcase classname="tests.test_database.TestDistribution" name="test_get_distinfo_file" time="0.013" /><testcase classname="tests.test_database.TestDistribution" name="test_get_resources_path" time="0.013" /><testcase classname="tests.test_database.TestDistribution" name="test_hash" time="0.013" /><testcase classname="tests.test_database.TestDistribution" name="test_instantiation" time="0.013" /><testcase classname="tests.test_database.TestDistribution" name="test_list_distinfo_files" time="0.014" /><testcase classname="tests.test_database.TestDistribution" name="test_list_installed_files" time="0.014" /><testcase classname="tests.test_database.TestDistribution" name="test_repr" time="0.013" /><testcase classname="tests.test_database.TestDistribution" name="test_str" time="0.013" /><testcase classname="tests.test_database.TestEggInfoDistribution" name="test_comparison" time="0.016" /><testcase classname="tests.test_database.TestEggInfoDistribution" name="test_hash" time="0.018" /><testcase classname="tests.test_database.TestEggInfoDistribution" name="test_instantiation" time="0.015" /><testcase classname="tests.test_database.TestEggInfoDistribution" name="test_list_installed_files" time="0.001"><skipped type="pytest.skip" message="not implemented yet">/workdir/distlib-0.3.6/tests/test_database.py:340: not implemented yet</skipped></testcase><testcase classname="tests.test_database.TestEggInfoDistribution" name="test_repr" time="0.014" /><testcase classname="tests.test_database.TestEggInfoDistribution" name="test_str" time="0.014" /><testcase classname="tests.test_database.TestDatabase" name="test_caches" time="0.010" /><testcase classname="tests.test_database.TestDatabase" name="test_distinfo_dirname" time="0.009" /><testcase classname="tests.test_database.TestDatabase" name="test_exports_iteration" time="0.033" /><testcase classname="tests.test_database.TestDatabase" name="test_get_distribution" time="0.057" /><testcase classname="tests.test_database.TestDatabase" name="test_get_distributions" time="0.102" /><testcase classname="tests.test_database.TestDatabase" name="test_modules" time="0.034" /><testcase classname="tests.test_database.TestDatabase" name="test_provides" time="0.061" /><testcase classname="tests.test_database.TestDatabase" name="test_read_exports" time="0.033" /><testcase classname="tests.test_database.TestDatabase" name="test_yield_distribution" time="0.083" /><testcase classname="tests.test_database.DataFilesTestCase" name="test_final_example_glob" time="0.005" /><testcase classname="tests.test_database.DataFilesTestCase" name="test_get_file" time="0.022" /><testcase classname="tests.test_database.DataFilesTestCase" name="test_glob_in_base" time="0.003" /><testcase classname="tests.test_database.DataFilesTestCase" name="test_multiple_match" time="0.002" /><testcase classname="tests.test_database.DataFilesTestCase" name="test_recursive_glob" time="0.002" /><testcase classname="tests.test_database.DataFilesTestCase" name="test_set_match" time="0.002" /><testcase classname="tests.test_database.DataFilesTestCase" name="test_set_match_exclude" time="0.001" /><testcase classname="tests.test_database.DataFilesTestCase" name="test_set_match_multiple" time="0.001" /><testcase classname="tests.test_database.DataFilesTestCase" name="test_simple_glob" time="0.001" /><testcase classname="tests.test_database.DepGraphTestCase" name="test_dependent_dists" time="0.028" /><testcase classname="tests.test_database.DepGraphTestCase" name="test_dependent_dists_egg" time="0.037" /><testcase classname="tests.test_database.DepGraphTestCase" name="test_graph_bad_version_to_dot" time="0.028" /><testcase classname="tests.test_database.DepGraphTestCase" name="test_graph_disconnected_to_dot" time="0.028" /><testcase classname="tests.test_database.DepGraphTestCase" name="test_graph_to_dot" time="0.028" /><testcase classname="tests.test_database.DepGraphTestCase" name="test_make_graph" time="0.026" /><testcase classname="tests.test_database.DepGraphTestCase" name="test_make_graph_egg" time="0.028" /><testcase classname="tests.test_database.DepGraphTestCase" name="test_repr" time="0.028" /><testcase classname="tests.test_database.DepGraphTestCase" name="test_required_dists" time="0.033" /><testcase classname="tests.test_database" name="test_suite" time="0.001" /><testcase classname="tests.test_index.PackageIndexTestCase" name="test_download" time="0.603" /><testcase classname="tests.test_index.PackageIndexTestCase" name="test_invalid" time="0.003" /><testcase classname="tests.test_index.PackageIndexTestCase" name="test_register" time="0.001"><skipped type="pytest.skip" message="The PyPI API changed, so this test is temporarily skipped">/workdir/distlib-0.3.6/tests/test_index.py:177: The PyPI API changed, so this test is temporarily skipped</skipped></testcase><testcase classname="tests.test_index.PackageIndexTestCase" name="test_save_configuration" time="0.003" /><testcase classname="tests.test_index.PackageIndexTestCase" name="test_search" time="0.001"><skipped type="pytest.skip" message="skipping due to temporary changes in PyPI">/workdir/distlib-0.3.6/tests/test_index.py:347: skipping due to temporary changes in PyPI</skipped></testcase><testcase classname="tests.test_index.PackageIndexTestCase" name="test_ssl_verification" time="0.062" /><testcase classname="tests.test_index.PackageIndexTestCase" name="test_upload" time="0.001"><skipped type="pytest.skip" message="The PyPI API changed, so this test is temporarily skipped">/workdir/distlib-0.3.6/tests/test_index.py:213: The PyPI API changed, so this test is temporarily skipped</skipped></testcase><testcase classname="tests.test_index.PackageIndexTestCase" name="test_upload_documentation" time="0.003"><skipped type="pytest.skip" message="Skipped, as pythonhosted.org is being de-emphasised and this functionality may no longer be available">/workdir/distlib-0.3.6/tests/test_index.py:239: Skipped, as pythonhosted.org is being de-emphasised and this functionality may no longer be available</skipped></testcase><testcase classname="tests.test_index.PackageIndexTestCase" name="test_verify_signature" time="0.014" /><testcase classname="tests.test_locators.LocatorTestCase" name="test_aggregation" time="0.065" /><testcase classname="tests.test_locators.LocatorTestCase" name="test_all_versions" time="0.208" /><testcase classname="tests.test_locators.LocatorTestCase" name="test_dependency_finder" time="1.209"><failure message="AssertionError: ('hgtools', 'setuptools_scm', 'pytest', 'pytest-runner', 'irc') not found in {('pytest', 'setuptools_scm', 'hgtools', 'pytest-runner', 'irc'), ('wcwidth', 'setuptools_scm', 'more-itertools', 'six', 'setuptools', 'importlib-metadata', 'pyparsing', 'setuptools-scm', 'atomicwrites', 'colorama', 'attrs', 'pathlib2', 'packaging', 'pytest-runner', 'hgtools', 'py', 'pluggy', 'pytest', 'irc'), ('wcwidth', 'setuptools_scm', 'colorama', 'six', 'importlib-metadata', 'setuptools', 'setuptools-scm', 'pyparsing', 'more-itertools', 'attrs', 'atomicwrites', 'pathlib2', 'packaging', 'pytest-runner', 'hgtools', 'py', 'pluggy', 'irc', 'pytest'), ('atomicwrites', 'six', 'importlib-metadata', 'more-itertools', 'attrs', 'pyparsing', 'setuptools', 'setuptools_scm', 'setuptools-scm', 'wcwidth', 'colorama', 'py', 'pathlib2', 'pluggy', 'hgtools', 'pytest-runner', 'packaging', 'irc', 'pytest'), ('setuptools', 'setuptools-scm', 'wcwidth', 'importlib-metadata', 'colorama', 'six', 'atomicwrites', 'more-itertools', 'attrs', 'pyparsing', 'setuptools_scm', 'pluggy', 'pathlib2', 'packaging', 'py', 'pytest-runner', 'hgtools', 'irc', 'pytest'), ('atomicwrites', 'setuptools', 'importlib-metadata', 'more-itertools', 'attrs', 'wcwidth', 'pyparsing', 'colorama', 'six', 'setuptools_scm', 'setuptools-scm', 'pluggy', 'packaging', 'py', 'hgtools', 'pytest-runner', 'pathlib2', 'irc', 'pytest'), ('six', 'atomicwrites', 'setuptools', 'setuptools-scm', 'attrs', 'importlib-metadata', 'more-itertools', 'wcwidth', 'pyparsing', 'colorama', 'setuptools_scm', 'pluggy', 'packaging', 'hgtools', 'py', 'pytest-runner', 'pathlib2', 'irc', 'pytest'), ('pytest', 'setuptools_scm', 'pytest-runner', 'hgtools', 'irc'), ('wcwidth', 'setuptools_scm', 'more-itertools', 'colorama', 'six', 'importlib-metadata', 'setuptools', 'setuptools-scm', 'atomicwrites', 'pyparsing', 'attrs', 'pathlib2', 'packaging', 'pytest-runner', 'py', 'pluggy', 'hgtools', 'irc', 'pytest'), ('atomicwrites', 'pyparsing', 'six', 'setuptools', 'importlib-metadata', 'more-itertools', 'attrs', 'setuptools_scm', 'setuptools-scm', 'wcwidth', 'colorama', 'py', 'pathlib2', 'pluggy', 'hgtools', 'pytest-runner', 'packaging', 'irc', 'pytest'), ('wcwidth', 'setuptools_scm', 'more-itertools', 'six', 'setuptools', 'importlib-metadata', 'pyparsing', 'setuptools-scm', 'atomicwrites', 'attrs', 'colorama', 'pathlib2', 'packaging', 'pytest-runner', 'hgtools', 'py', 'pluggy', 'pytest', 'irc'), ('atomicwrites', 'setuptools', 'importlib-metadata', 'attrs', 'wcwidth', 'more-itertools', 'pyparsing', 'colorama', 'six', 'setuptools_scm', 'setuptools-scm', 'pluggy', 'packaging', 'hgtools', 'pytest-runner', 'pathlib2', 'py', 'irc', 'pytest'), ('atomicwrites', 'importlib-metadata', 'attrs', 'pyparsing', 'wcwidth', 'colorama', 'setuptools', 'more-itertools', 'six', 'setuptools_scm', 'setuptools-scm', 'pluggy', 'packaging', 'hgtools', 'pytest-runner', 'pathlib2', 'py', 'irc', 'pytest'), ('six', 'atomicwrites', 'setuptools', 'setuptools-scm', 'attrs', 'importlib-metadata', 'more-itertools', 'wcwidth', 'colorama', 'pyparsing', 'setuptools_scm', 'pluggy', 'packaging', 'hgtools', 'py', 'pytest-runner', 'pathlib2', 'irc', 'pytest'), ('setuptools_scm', 'pytest', 'hgtools', 'pytest-runner', 'irc'), ('atomicwrites', 'setuptools', 'importlib-metadata', 'more-itertools', 'attrs', 'pyparsing', 'wcwidth', 'colorama', 'six', 'setuptools_scm', 'setuptools-scm', 'pluggy', 'packaging', 'py', 'hgtools', 'pytest-runner', 'pathlib2', 'irc', 'pytest')}">Traceback (most recent call last):
  File "/usr/local/lib/python3.10/unittest/case.py", line 59, in testPartExecutor
    yield
  File "/usr/local/lib/python3.10/unittest/case.py", line 591, in run
    self._callTestMethod(testMethod)
  File "/usr/local/lib/python3.10/unittest/case.py", line 549, in _callTestMethod
    method()
  File "/workdir/distlib-0.3.6/tests/test_locators.py", line 338, in test_dependency_finder
    self.assertIn(tuple(names), expected)
  File "/usr/local/lib/python3.10/unittest/case.py", line 1112, in assertIn
    self.fail(self._formatMessage(msg, standardMsg))
  File "/usr/local/lib/python3.10/unittest/case.py", line 675, in fail
    raise self.failureException(msg)
AssertionError: ('hgtools', 'setuptools_scm', 'pytest', 'pytest-runner', 'irc') not found in {('pytest', 'setuptools_scm', 'hgtools', 'pytest-runner', 'irc'), ('wcwidth', 'setuptools_scm', 'more-itertools', 'six', 'setuptools', 'importlib-metadata', 'pyparsing', 'setuptools-scm', 'atomicwrites', 'colorama', 'attrs', 'pathlib2', 'packaging', 'pytest-runner', 'hgtools', 'py', 'pluggy', 'pytest', 'irc'), ('wcwidth', 'setuptools_scm', 'colorama', 'six', 'importlib-metadata', 'setuptools', 'setuptools-scm', 'pyparsing', 'more-itertools', 'attrs', 'atomicwrites', 'pathlib2', 'packaging', 'pytest-runner', 'hgtools', 'py', 'pluggy', 'irc', 'pytest'), ('atomicwrites', 'six', 'importlib-metadata', 'more-itertools', 'attrs', 'pyparsing', 'setuptools', 'setuptools_scm', 'setuptools-scm', 'wcwidth', 'colorama', 'py', 'pathlib2', 'pluggy', 'hgtools', 'pytest-runner', 'packaging', 'irc', 'pytest'), ('setuptools', 'setuptools-scm', 'wcwidth', 'importlib-metadata', 'colorama', 'six', 'atomicwrites', 'more-itertools', 'attrs', 'pyparsing', 'setuptools_scm', 'pluggy', 'pathlib2', 'packaging', 'py', 'pytest-runner', 'hgtools', 'irc', 'pytest'), ('atomicwrites', 'setuptools', 'importlib-metadata', 'more-itertools', 'attrs', 'wcwidth', 'pyparsing', 'colorama', 'six', 'setuptools_scm', 'setuptools-scm', 'pluggy', 'packaging', 'py', 'hgtools', 'pytest-runner', 'pathlib2', 'irc', 'pytest'), ('six', 'atomicwrites', 'setuptools', 'setuptools-scm', 'attrs', 'importlib-metadata', 'more-itertools', 'wcwidth', 'pyparsing', 'colorama', 'setuptools_scm', 'pluggy', 'packaging', 'hgtools', 'py', 'pytest-runner', 'pathlib2', 'irc', 'pytest'), ('pytest', 'setuptools_scm', 'pytest-runner', 'hgtools', 'irc'), ('wcwidth', 'setuptools_scm', 'more-itertools', 'colorama', 'six', 'importlib-metadata', 'setuptools', 'setuptools-scm', 'atomicwrites', 'pyparsing', 'attrs', 'pathlib2', 'packaging', 'pytest-runner', 'py', 'pluggy', 'hgtools', 'irc', 'pytest'), ('atomicwrites', 'pyparsing', 'six', 'setuptools', 'importlib-metadata', 'more-itertools', 'attrs', 'setuptools_scm', 'setuptools-scm', 'wcwidth', 'colorama', 'py', 'pathlib2', 'pluggy', 'hgtools', 'pytest-runner', 'packaging', 'irc', 'pytest'), ('wcwidth', 'setuptools_scm', 'more-itertools', 'six', 'setuptools', 'importlib-metadata', 'pyparsing', 'setuptools-scm', 'atomicwrites', 'attrs', 'colorama', 'pathlib2', 'packaging', 'pytest-runner', 'hgtools', 'py', 'pluggy', 'pytest', 'irc'), ('atomicwrites', 'setuptools', 'importlib-metadata', 'attrs', 'wcwidth', 'more-itertools', 'pyparsing', 'colorama', 'six', 'setuptools_scm', 'setuptools-scm', 'pluggy', 'packaging', 'hgtools', 'pytest-runner', 'pathlib2', 'py', 'irc', 'pytest'), ('atomicwrites', 'importlib-metadata', 'attrs', 'pyparsing', 'wcwidth', 'colorama', 'setuptools', 'more-itertools', 'six', 'setuptools_scm', 'setuptools-scm', 'pluggy', 'packaging', 'hgtools', 'pytest-runner', 'pathlib2', 'py', 'irc', 'pytest'), ('six', 'atomicwrites', 'setuptools', 'setuptools-scm', 'attrs', 'importlib-metadata', 'more-itertools', 'wcwidth', 'colorama', 'pyparsing', 'setuptools_scm', 'pluggy', 'packaging', 'hgtools', 'py', 'pytest-runner', 'pathlib2', 'irc', 'pytest'), ('setuptools_scm', 'pytest', 'hgtools', 'pytest-runner', 'irc'), ('atomicwrites', 'setuptools', 'importlib-metadata', 'more-itertools', 'attrs', 'pyparsing', 'wcwidth', 'colorama', 'six', 'setuptools_scm', 'setuptools-scm', 'pluggy', 'packaging', 'py', 'hgtools', 'pytest-runner', 'pathlib2', 'irc', 'pytest')}</failure></testcase><testcase classname="tests.test_locators.LocatorTestCase" name="test_dir" time="0.002" /><testcase classname="tests.test_locators.LocatorTestCase" name="test_dir_nonrecursive" time="0.001" /><testcase classname="tests.test_locators.LocatorTestCase" name="test_dist_reqts" time="0.142" /><testcase classname="tests.test_locators.LocatorTestCase" name="test_dist_reqts_extras" time="0.001" /><testcase classname="tests.test_locators.LocatorTestCase" name="test_get_all_dist_names" time="3.048"><skipped type="pytest.skip" message="PyPI XML-RPC not available">/workdir/distlib-0.3.6/tests/test_locators.py:369: PyPI XML-RPC not available</skipped></testcase><testcase classname="tests.test_locators.LocatorTestCase" name="test_json" time="0.336" /><testcase classname="tests.test_locators.LocatorTestCase" name="test_nonexistent" time="0.184" /><testcase classname="tests.test_locators.LocatorTestCase" name="test_path" time="0.023" /><testcase classname="tests.test_locators.LocatorTestCase" name="test_prereleases" time="0.278" /><testcase classname="tests.test_locators.LocatorTestCase" name="test_scraper" time="0.610" /><testcase classname="tests.test_locators.LocatorTestCase" name="test_unicode_project_name" time="0.364" /><testcase classname="tests.test_locators.LocatorTestCase" name="test_url_preference" time="0.001" /><testcase classname="tests.test_locators.LocatorTestCase" name="test_xmlrpc" time="0.028"><skipped type="pytest.skip" message="PyPI XML-RPC not available">/workdir/distlib-0.3.6/tests/test_locators.py:36: PyPI XML-RPC not available</skipped></testcase><testcase classname="tests.test_manifest.ManifestTestCase" name="test_add" time="0.001" /><testcase classname="tests.test_manifest.ManifestTestCase" name="test_add_many" time="0.001" /><testcase classname="tests.test_manifest.ManifestTestCase" name="test_clear" time="0.001" /><testcase classname="tests.test_manifest.ManifestTestCase" name="test_default_action" time="0.001" /><testcase classname="tests.test_manifest.ManifestTestCase" name="test_exclude" time="0.001" /><testcase classname="tests.test_manifest.ManifestTestCase" name="test_exclude_regex_re" time="0.001" /><testcase classname="tests.test_manifest.ManifestTestCase" name="test_exclude_regex_str" time="0.001" /><testcase classname="tests.test_manifest.ManifestTestCase" name="test_find_warnings" time="0.002" /><testcase classname="tests.test_manifest.ManifestTestCase" name="test_findall" time="0.001" /><testcase classname="tests.test_manifest.ManifestTestCase" name="test_global_exclude" time="0.001" /><testcase classname="tests.test_manifest.ManifestTestCase" name="test_global_include" time="0.001" /><testcase classname="tests.test_manifest.ManifestTestCase" name="test_graft" time="0.001" /><testcase classname="tests.test_manifest.ManifestTestCase" name="test_include" time="0.001" /><testcase classname="tests.test_manifest.ManifestTestCase" name="test_invalid" time="0.001" /><testcase classname="tests.test_manifest.ManifestTestCase" name="test_prune" time="0.001" /><testcase classname="tests.test_manifest.ManifestTestCase" name="test_recursive_exclude" time="0.001" /><testcase classname="tests.test_manifest.ManifestTestCase" name="test_recursive_include" time="0.001" /><testcase classname="tests.test_manifest.ManifestTestCase" name="test_sorting" time="0.001" /><testcase classname="tests.test_markers.MarkersTestCase" name="test_interpret" time="0.001" /><testcase classname="tests.test_metadata.LegacyMetadataTestCase" name="test_attribute_access" time="0.001" /><testcase classname="tests.test_metadata.LegacyMetadataTestCase" name="test_check_author" time="0.001" /><testcase classname="tests.test_metadata.LegacyMetadataTestCase" name="test_check_homepage" time="0.001" /><testcase classname="tests.test_metadata.LegacyMetadataTestCase" name="test_check_matchers" time="0.001" /><testcase classname="tests.test_metadata.LegacyMetadataTestCase" name="test_check_name" time="0.001" /><testcase classname="tests.test_metadata.LegacyMetadataTestCase" name="test_check_name_strict" time="0.001" /><testcase classname="tests.test_metadata.LegacyMetadataTestCase" name="test_check_version" time="0.001" /><testcase classname="tests.test_metadata.LegacyMetadataTestCase" name="test_check_version_strict" time="0.001" /><testcase classname="tests.test_metadata.LegacyMetadataTestCase" name="test_description" time="0.001" /><testcase classname="tests.test_metadata.LegacyMetadataTestCase" name="test_description_folding" time="0.001" /><testcase classname="tests.test_metadata.LegacyMetadataTestCase" name="test_fields" time="0.001" /><testcase classname="tests.test_metadata.LegacyMetadataTestCase" name="test_fullname" time="0.001" /><testcase classname="tests.test_metadata.LegacyMetadataTestCase" name="test_instantiation" time="0.001" /><testcase classname="tests.test_metadata.LegacyMetadataTestCase" name="test_mapping_api" time="0.001" /><testcase classname="tests.test_metadata.LegacyMetadataTestCase" name="test_metadata_read_write" time="0.001" /><testcase classname="tests.test_metadata.LegacyMetadataTestCase" name="test_metadata_versions" time="0.002" /><testcase classname="tests.test_metadata.LegacyMetadataTestCase" name="test_obsoletes_dist" time="0.001" /><testcase classname="tests.test_metadata.LegacyMetadataTestCase" name="test_project_url" time="0.001" /><testcase classname="tests.test_metadata.LegacyMetadataTestCase" name="test_provides_dist" time="0.001" /><testcase classname="tests.test_metadata.LegacyMetadataTestCase" name="test_read_metadata" time="0.001" /><testcase classname="tests.test_metadata.LegacyMetadataTestCase" name="test_requires_dist" time="0.001" /><testcase classname="tests.test_metadata.LegacyMetadataTestCase" name="test_version" time="0.001" /><testcase classname="tests.test_metadata.LegacyMetadataTestCase" name="test_write_metadata" time="0.002" /><testcase classname="tests.test_metadata.MetadataTestCase" name="test_add_requirements" time="0.001" /><testcase classname="tests.test_metadata.MetadataTestCase" name="test_init" time="0.002" /><testcase classname="tests.test_metadata.MetadataTestCase" name="test_requirements" time="0.001" /><testcase classname="tests.test_metadata.MetadataTestCase" name="test_valid" time="0.001" /><testcase classname="tests.test_metadata.MetadataTestCase" name="test_write" time="0.003" /><testcase classname="tests.test_resources.ZipResourceTestCase" name="test_contents" time="0.001" /><testcase classname="tests.test_resources.ZipResourceTestCase" name="test_dir_in_zip" time="0.001" /><testcase classname="tests.test_resources.ZipResourceTestCase" name="test_existing_resource" time="0.001" /><testcase classname="tests.test_resources.ZipResourceTestCase" name="test_finder_for_path" time="0.000" /><testcase classname="tests.test_resources.ZipResourceTestCase" name="test_iterator" time="0.001" /><testcase classname="tests.test_resources.ZipResourceTestCase" name="test_non_package" time="0.001" /><testcase classname="tests.test_resources.ZipResourceTestCase" name="test_nonexistent_resource" time="0.000" /><testcase classname="tests.test_resources.ZipResourceTestCase" name="test_root_resources" time="0.001" /><testcase classname="tests.test_resources.FileResourceTestCase" name="test_bytes_path" time="0.001"><skipped type="pytest.skip" message="This test on Python 2 only">/workdir/distlib-0.3.6/tests/test_resources.py:213: This test on Python 2 only</skipped></testcase><testcase classname="tests.test_resources.FileResourceTestCase" name="test_contents" time="0.001" /><testcase classname="tests.test_resources.FileResourceTestCase" name="test_existing_resource" time="0.001" /><testcase classname="tests.test_resources.FileResourceTestCase" name="test_iterator" time="0.001" /><testcase classname="tests.test_resources.FileResourceTestCase" name="test_nested" time="0.001" /><testcase classname="tests.test_resources.FileResourceTestCase" name="test_nonexistent_resource" time="0.000" /><testcase classname="tests.test_resources.FileResourceTestCase" name="test_root_resources" time="0.001" /><testcase classname="tests.test_resources.CacheTestCase" name="test_base" time="0.001" /><testcase classname="tests.test_resources.CacheTestCase" name="test_filepath" time="0.002" /><testcase classname="tests.test_scripts.ScriptTestCase" name="test_args_on_copy" time="0.001" /><testcase classname="tests.test_scripts.ScriptTestCase" name="test_clobber" time="0.001" /><testcase classname="tests.test_scripts.ScriptTestCase" name="test_custom_shebang" time="0.015" /><testcase classname="tests.test_scripts.ScriptTestCase" name="test_dry_run" time="0.001" /><testcase classname="tests.test_scripts.ScriptTestCase" name="test_enquote_executable" time="0.001" /><testcase classname="tests.test_scripts.ScriptTestCase" name="test_generation" time="0.004" /><testcase classname="tests.test_scripts.ScriptTestCase" name="test_interpreter_args" time="0.001" /><testcase classname="tests.test_scripts.ScriptTestCase" name="test_launcher_run" time="0.000"><skipped type="pytest.skip" message="Test is Windows-specific">/workdir/distlib-0.3.6/tests/test_scripts.py:207: Test is Windows-specific</skipped></testcase><testcase classname="tests.test_scripts.ScriptTestCase" name="test_launcher_run_with_interpreter_args" time="0.000"><skipped type="pytest.skip" message="Test is Windows-specific">/workdir/distlib-0.3.6/tests/test_scripts.py:225: Test is Windows-specific</skipped></testcase><testcase classname="tests.test_scripts.ScriptTestCase" name="test_launchers" time="0.001"><skipped type="pytest.skip" message="Test is Windows-specific">/workdir/distlib-0.3.6/tests/test_scripts.py:188: Test is Windows-specific</skipped></testcase><testcase classname="tests.test_scripts.ScriptTestCase" name="test_mode" time="0.001" /><testcase classname="tests.test_scripts.ScriptTestCase" name="test_multiple" time="0.002" /><testcase classname="tests.test_scripts.ScriptTestCase" name="test_script_run" time="0.034" /><testcase classname="tests.test_scripts.ScriptTestCase" name="test_shebangs" time="0.002" /><testcase classname="tests.test_scripts.ScriptTestCase" name="test_shebangs_custom_executable" time="0.002" /><testcase classname="tests.test_scripts.ScriptTestCase" name="test_variant_configuration" time="0.002" /><testcase classname="tests.test_scripts.ScriptTestCase" name="test_windows" time="0.000"><skipped type="pytest.skip" message="Test is Windows-specific">/workdir/distlib-0.3.6/tests/test_scripts.py:254: Test is Windows-specific</skipped></testcase><testcase classname="tests.test_scripts.ScriptTestCase" name="test_windows_run" time="0.001"><skipped type="pytest.skip" message="Test is Windows-specific">/workdir/distlib-0.3.6/tests/test_scripts.py:296: Test is Windows-specific</skipped></testcase><testcase classname="tests.test_util.UtilTestCase" name="test_cache_base" time="0.001" /><testcase classname="tests.test_util.UtilTestCase" name="test_configurator" time="0.001" /><testcase classname="tests.test_util.UtilTestCase" name="test_convert_path" time="0.000" /><testcase classname="tests.test_util.UtilTestCase" name="test_ensure_slash" time="0.001" /><testcase classname="tests.test_util.UtilTestCase" name="test_events" time="0.001" /><testcase classname="tests.test_util.UtilTestCase" name="test_export_entry" time="0.001" /><testcase classname="tests.test_util.UtilTestCase" name="test_package_data" time="0.371" /><testcase classname="tests.test_util.UtilTestCase" name="test_parse_credentials" time="0.001" /><testcase classname="tests.test_util.UtilTestCase" name="test_path_to_cache_dir_nt" time="0.001"><skipped type="pytest.skip" message="Test is only valid for Windows">/workdir/distlib-0.3.6/tests/test_util.py:110: Test is only valid for Windows</skipped></testcase><testcase classname="tests.test_util.UtilTestCase" name="test_path_to_cache_dir_posix" time="0.001" /><testcase classname="tests.test_util.UtilTestCase" name="test_resolve" time="0.000" /><testcase classname="tests.test_util.UtilTestCase" name="test_sequencer_basic" time="0.001"><failure message="AssertionError: [('test',), ('install',), ('install_distinfo',), ('install_data',), ('install_scripts',), ('install_lib',), ('install_headers',), ('upload_bdist',), ('build',), ('build_scripts',), ('build_py',), ('build_ext',), ('build_clibs',), ('upload_sdist',), ('register',), ('sdist',), ('check',)] not found in ([('test',), ('upload_bdist',), ('install',), ('install_distinfo',), ('install_data',), ('install_scripts',), ('install_lib',), ('install_headers',), ('build',), ('build_scripts',), ('build_py',), ('build_ext',), ('build_clibs',), ('upload_sdist',), ('sdist',), ('register',), ('check',)], [('install',), ('install_distinfo',), ('install_data',), ('install_scripts',), ('install_lib',), ('install_headers',), ('test',), ('upload_bdist',), ('build',), ('build_scripts',), ('build_py',), ('build_ext',), ('build_clibs',), ('upload_sdist',), ('sdist',), ('register',), ('check',)], [('upload_sdist',), ('sdist',), ('install',), ('install_distinfo',), ('install_data',), ('upload_bdist',), ('register',), ('install_scripts',), ('install_lib',), ('install_headers',), ('test',), ('build',), ('build_scripts',), ('build_py',), ('build_ext',), ('build_clibs',), ('check',)], [('upload_sdist',), ('sdist',), ('upload_bdist',), ('register',), ('test',), ('install',), ('install_distinfo',), ('install_data',), ('install_scripts',), ('install_lib',), ('install_headers',), ('build',), ('build_scripts',), ('build_py',), ('build_ext',), ('build_clibs',), ('check',)], [('upload_sdist',), ('sdist',), ('upload_bdist',), ('register',), ('install',), ('install_distinfo',), ('install_data',), ('install_scripts',), ('install_lib',), ('install_headers',), ('test',), ('build',), ('build_scripts',), ('build_py',), ('build_ext',), ('build_clibs',), ('check',)], [('upload_sdist',), ('sdist',), ('install',), ('install_distinfo',), ('install_data',), ('install_scripts',), ('install_lib',), ('install_headers',), ('test',), ('upload_bdist',), ('build',), ('build_scripts',), ('build_py',), ('build_ext',), ('build_clibs',), ('register',), ('check',)])">Traceback (most recent call last):
  File "/usr/local/lib/python3.10/unittest/case.py", line 59, in testPartExecutor
    yield
  File "/usr/local/lib/python3.10/unittest/case.py", line 591, in run
    self._callTestMethod(testMethod)
  File "/usr/local/lib/python3.10/unittest/case.py", line 549, in _callTestMethod
    method()
  File "/workdir/distlib-0.3.6/tests/test_util.py", line 418, in test_sequencer_basic
    self.assertIn(actual, expected)
  File "/usr/local/lib/python3.10/unittest/case.py", line 1112, in assertIn
    self.fail(self._formatMessage(msg, standardMsg))
  File "/usr/local/lib/python3.10/unittest/case.py", line 675, in fail
    raise self.failureException(msg)
AssertionError: [('test',), ('install',), ('install_distinfo',), ('install_data',), ('install_scripts',), ('install_lib',), ('install_headers',), ('upload_bdist',), ('build',), ('build_scripts',), ('build_py',), ('build_ext',), ('build_clibs',), ('upload_sdist',), ('register',), ('sdist',), ('check',)] not found in ([('test',), ('upload_bdist',), ('install',), ('install_distinfo',), ('install_data',), ('install_scripts',), ('install_lib',), ('install_headers',), ('build',), ('build_scripts',), ('build_py',), ('build_ext',), ('build_clibs',), ('upload_sdist',), ('sdist',), ('register',), ('check',)], [('install',), ('install_distinfo',), ('install_data',), ('install_scripts',), ('install_lib',), ('install_headers',), ('test',), ('upload_bdist',), ('build',), ('build_scripts',), ('build_py',), ('build_ext',), ('build_clibs',), ('upload_sdist',), ('sdist',), ('register',), ('check',)], [('upload_sdist',), ('sdist',), ('install',), ('install_distinfo',), ('install_data',), ('upload_bdist',), ('register',), ('install_scripts',), ('install_lib',), ('install_headers',), ('test',), ('build',), ('build_scripts',), ('build_py',), ('build_ext',), ('build_clibs',), ('check',)], [('upload_sdist',), ('sdist',), ('upload_bdist',), ('register',), ('test',), ('install',), ('install_distinfo',), ('install_data',), ('install_scripts',), ('install_lib',), ('install_headers',), ('build',), ('build_scripts',), ('build_py',), ('build_ext',), ('build_clibs',), ('check',)], [('upload_sdist',), ('sdist',), ('upload_bdist',), ('register',), ('install',), ('install_distinfo',), ('install_data',), ('install_scripts',), ('install_lib',), ('install_headers',), ('test',), ('build',), ('build_scripts',), ('build_py',), ('build_ext',), ('build_clibs',), ('check',)], [('upload_sdist',), ('sdist',), ('install',), ('install_distinfo',), ('install_data',), ('install_scripts',), ('install_lib',), ('install_headers',), ('test',), ('upload_bdist',), ('build',), ('build_scripts',), ('build_py',), ('build_ext',), ('build_clibs',), ('register',), ('check',)])</failure></testcase><testcase classname="tests.test_util.UtilTestCase" name="test_sequencer_cycle" time="0.000" /><testcase classname="tests.test_util.UtilTestCase" name="test_sequencer_removal" time="0.000" /><testcase classname="tests.test_util.UtilTestCase" name="test_split_filename" time="0.001" /><testcase classname="tests.test_util.UtilTestCase" name="test_string_sequence" time="0.001" /><testcase classname="tests.test_util.UtilTestCase" name="test_unarchive" time="0.008" /><testcase classname="tests.test_util.UtilTestCase" name="test_zip_dir" time="0.001" /><testcase classname="tests.test_util.ProgressTestCase" name="test_basic" time="4.510" /><testcase classname="tests.test_util.ProgressTestCase" name="test_unknown" time="4.511" /><testcase classname="tests.test_util.FileOpsTestCase" name="test_byte_compile" time="0.002" /><testcase classname="tests.test_util.FileOpsTestCase" name="test_commit" time="0.001" /><testcase classname="tests.test_util.FileOpsTestCase" name="test_copy_check" time="0.001" /><testcase classname="tests.test_util.FileOpsTestCase" name="test_ensure_dir" time="0.001" /><testcase classname="tests.test_util.FileOpsTestCase" name="test_ensure_removed" time="0.001" /><testcase classname="tests.test_util.FileOpsTestCase" name="test_is_writable" time="0.001" /><testcase classname="tests.test_util.FileOpsTestCase" name="test_rollback" time="0.001" /><testcase classname="tests.test_util.GlobTestCase" name="test_get_extras" time="0.001" /><testcase classname="tests.test_util.GlobTestCase" name="test_glob_all" time="0.003" /><testcase classname="tests.test_util.GlobTestCase" name="test_glob_set_head" time="0.002" /><testcase classname="tests.test_util.GlobTestCase" name="test_glob_set_middle" time="0.001" /><testcase classname="tests.test_util.GlobTestCase" name="test_glob_set_tail" time="0.002" /><testcase classname="tests.test_util.GlobTestCase" name="test_invalid_glob_pattern" time="0.001" /><testcase classname="tests.test_util.GlobTestCase" name="test_parse_requirement" time="0.001" /><testcase classname="tests.test_util.GlobTestCase" name="test_recursive_glob_head" time="0.004" /><testcase classname="tests.test_util.GlobTestCase" name="test_recursive_glob_middle" time="0.003" /><testcase classname="tests.test_util.GlobTestCase" name="test_recursive_glob_tail" time="0.002" /><testcase classname="tests.test_util.GlobTestCase" name="test_regex_rich_glob" time="0.001" /><testcase classname="tests.test_util.GlobTestCase" name="test_simple_glob" time="0.001" /><testcase classname="tests.test_util.GlobTestCase" name="test_simple_glob_in_dir" time="0.002" /><testcase classname="tests.test_util.GlobTestCase" name="test_write_exports" time="0.002" /><testcase classname="tests.test_version.VersionTestCase" name="test_440" time="0.002" /><testcase classname="tests.test_version.VersionTestCase" name="test_basic_versions" time="0.000" /><testcase classname="tests.test_version.VersionTestCase" name="test_comparison" time="0.001" /><testcase classname="tests.test_version.VersionTestCase" name="test_comparison_pep440" time="0.001" /><testcase classname="tests.test_version.VersionTestCase" name="test_hash" time="0.000" /><testcase classname="tests.test_version.VersionTestCase" name="test_huge_version" time="0.000" /><testcase classname="tests.test_version.VersionTestCase" name="test_matcher" time="0.001" /><testcase classname="tests.test_version.VersionTestCase" name="test_matcher_local" time="0.001" /><testcase classname="tests.test_version.VersionTestCase" name="test_matcher_name" time="0.001" /><testcase classname="tests.test_version.VersionTestCase" name="test_prereleases" time="0.001" /><testcase classname="tests.test_version.VersionTestCase" name="test_repr" time="0.000" /><testcase classname="tests.test_version.VersionTestCase" name="test_schemes" time="0.000" /><testcase classname="tests.test_version.VersionTestCase" name="test_suggest_normalized_version" time="0.002" /><testcase classname="tests.test_version.VersionTestCase" name="test_suggestions_other" time="0.000" /><testcase classname="tests.test_version.VersionTestCase" name="test_unsupported_versions" time="0.001" /><testcase classname="tests.test_version.LegacyVersionTestCase" name="test_absolute" time="0.000" /><testcase classname="tests.test_version.LegacyVersionTestCase" name="test_equality" time="0.000" /><testcase classname="tests.test_version.LegacyVersionTestCase" name="test_ordering" time="0.001" /><testcase classname="tests.test_version.LegacyVersionTestCase" name="test_prereleases" time="0.001" /><testcase classname="tests.test_version.SemanticVersionTestCase" name="test_basic" time="0.000" /><testcase classname="tests.test_version.SemanticVersionTestCase" name="test_ordering" time="0.001" /><testcase classname="tests.test_version.SemanticVersionTestCase" name="test_prereleases" time="0.012" /><testcase classname="tests.test_version.CompatibilityTestCase" name="test_basic" time="0.001" /><testcase classname="tests.test_version" name="test_suite" time="0.001" /><testcase classname="tests.test_wheel.WheelTestCase" name="test_abi" time="0.000" /><testcase classname="tests.test_wheel.WheelTestCase" name="test_build_and_install_data" time="0.000"><skipped type="pytest.skip" message="The test distribution is not 3.x compatible">/workdir/distlib-0.3.6/tests/test_wheel.py:715: The test distribution is not 3.x compatible</skipped></testcase><testcase classname="tests.test_wheel.WheelTestCase" name="test_build_and_install_plat" time="0.000"><skipped type="pytest.skip" message="The test distribution only builds on Linux">/workdir/distlib-0.3.6/tests/test_wheel.py:704: The test distribution only builds on Linux</skipped></testcase><testcase classname="tests.test_wheel.WheelTestCase" name="test_build_and_install_pure" time="0.000"><skipped type="pytest.skip" message="The test distribution is not 3.7+ compatible">/workdir/distlib-0.3.6/tests/test_wheel.py:695: The test distribution is not 3.7+ compatible</skipped></testcase><testcase classname="tests.test_wheel.WheelTestCase" name="test_build_and_install_scripts" time="0.000"><skipped type="pytest.skip" message="The test distribution is not 3.x compatible">/workdir/distlib-0.3.6/tests/test_wheel.py:724: The test distribution is not 3.x compatible</skipped></testcase><testcase classname="tests.test_wheel.WheelTestCase" name="test_build_tags" time="0.005" /><testcase classname="tests.test_wheel.WheelTestCase" name="test_compatible_tags" time="0.000" /><testcase classname="tests.test_wheel.WheelTestCase" name="test_custom_executable" time="0.008" /><testcase classname="tests.test_wheel.WheelTestCase" name="test_info" time="0.001" /><testcase classname="tests.test_wheel.WheelTestCase" name="test_invalid" time="0.000" /><testcase classname="tests.test_wheel.WheelTestCase" name="test_invalid_filename" time="0.000" /><testcase classname="tests.test_wheel.WheelTestCase" name="test_is_compatible" time="0.001" /><testcase classname="tests.test_wheel.WheelTestCase" name="test_local_version" time="0.000" /><testcase classname="tests.test_wheel.WheelTestCase" name="test_metadata" time="0.001" /><testcase classname="tests.test_wheel.WheelTestCase" name="test_mount" time="0.000"><skipped type="pytest.skip" message="The test wheel is only 2.7 mountable">/workdir/distlib-0.3.6/tests/test_wheel.py:624: The test wheel is only 2.7 mountable</skipped></testcase><testcase classname="tests.test_wheel.WheelTestCase" name="test_mount_extensions" time="0.000"><skipped type="pytest.skip" message="Suitable wheel not found.">/workdir/distlib-0.3.6/tests/test_wheel.py:635: Suitable wheel not found.</skipped></testcase><testcase classname="tests.test_wheel.WheelTestCase" name="test_update" time="0.011" /><testcase classname="tests.test_wheel.WheelTestCase" name="test_valid_filename" time="0.001" /><testcase classname="tests.test_wheel.WheelTestCase" name="test_valid_name" time="0.000" /><testcase classname="tests.test_wheel.WheelTestCase" name="test_verify" time="0.002" /><testcase classname="tests.test_wheel.WheelTestCase" name="test_version_incompatibility" time="0.007" /></testsuite></testsuites>