<?xml version="1.0" encoding="UTF-8"?>
<testsuites>
	<testsuite name="unittest.loader._FailedTest-20231120191211" tests="9" file="unittest/loader.py" time="0.013" timestamp="2023-11-20T19:12:11" failures="0" errors="9" skipped="0">
		<testcase classname="unittest.loader._FailedTest" name="aiohttp_cors" time="0.008" timestamp="2023-11-20T19:12:11" file="/usr/local/lib/python3.10/unittest/loader.py" line="33">
			<error type="ImportError" message="Failed to import test module: aiohttp_cors
Traceback (most recent call last):
  File &quot;/usr/local/lib/python3.10/unittest/loader.py&quot;, line 470, in _find_test_path
    package = self._get_module_from_name(name)
  File &quot;/usr/local/lib/python3.10/unittest/loader.py&quot;, line 377, in _get_module_from_name
    __import__(name)
  File &quot;/workdir/aiohttp_cors-0.7.0/aiohttp_cors/__init__.py&quot;, line 20, in &lt;module&gt;
    from aiohttp import web
  File &quot;/workdir/aiohttp_cors-0.7.0/.tox/cpythonlibtest-unit-test-tests/lib/python3.10/site-packages/aiohttp/__init__.py&quot;, line 6, in &lt;module&gt;
    from .client import *  # noqa
  File &quot;/workdir/aiohttp_cors-0.7.0/.tox/cpythonlibtest-unit-test-tests/lib/python3.10/site-packages/aiohttp/client.py&quot;, line 16, in &lt;module&gt;
    from . import client_exceptions, client_reqrep
  File &quot;/workdir/aiohttp_cors-0.7.0/.tox/cpythonlibtest-unit-test-tests/lib/python3.10/site-packages/aiohttp/client_reqrep.py&quot;, line 17, in &lt;module&gt;
    from . import hdrs, helpers, http, multipart, payload
  File &quot;/workdir/aiohttp_cors-0.7.0/.tox/cpythonlibtest-unit-test-tests/lib/python3.10/site-packages/aiohttp/multipart.py&quot;, line 8, in &lt;module&gt;
    from collections import Mapping, Sequence, deque
ImportError: cannot import name 'Mapping' from 'collections' (/usr/local/lib/python3.10/collections/__init__.py)
"><![CDATA[ImportError: Failed to import test module: aiohttp_cors
Traceback (most recent call last):
  File "/usr/local/lib/python3.10/unittest/loader.py", line 470, in _find_test_path
    package = self._get_module_from_name(name)
  File "/usr/local/lib/python3.10/unittest/loader.py", line 377, in _get_module_from_name
    __import__(name)
  File "/workdir/aiohttp_cors-0.7.0/aiohttp_cors/__init__.py", line 20, in <module>
    from aiohttp import web
  File "/workdir/aiohttp_cors-0.7.0/.tox/cpythonlibtest-unit-test-tests/lib/python3.10/site-packages/aiohttp/__init__.py", line 6, in <module>
    from .client import *  # noqa
  File "/workdir/aiohttp_cors-0.7.0/.tox/cpythonlibtest-unit-test-tests/lib/python3.10/site-packages/aiohttp/client.py", line 16, in <module>
    from . import client_exceptions, client_reqrep
  File "/workdir/aiohttp_cors-0.7.0/.tox/cpythonlibtest-unit-test-tests/lib/python3.10/site-packages/aiohttp/client_reqrep.py", line 17, in <module>
    from . import hdrs, helpers, http, multipart, payload
  File "/workdir/aiohttp_cors-0.7.0/.tox/cpythonlibtest-unit-test-tests/lib/python3.10/site-packages/aiohttp/multipart.py", line 8, in <module>
    from collections import Mapping, Sequence, deque
ImportError: cannot import name 'Mapping' from 'collections' (/usr/local/lib/python3.10/collections/__init__.py)

]]></error>
		</testcase>
		<testcase classname="unittest.loader._FailedTest.tests.integration" name="test_main" time="0.001" timestamp="2023-11-20T19:12:11" file="/usr/local/lib/python3.10/unittest/loader.py" line="33">
			<error type="ImportError" message="Failed to import test module: tests.integration.test_main
Traceback (most recent call last):
  File &quot;/usr/local/lib/python3.10/unittest/loader.py&quot;, line 436, in _find_test_path
    module = self._get_module_from_name(name)
  File &quot;/usr/local/lib/python3.10/unittest/loader.py&quot;, line 377, in _get_module_from_name
    __import__(name)
  File &quot;/workdir/aiohttp_cors-0.7.0/tests/integration/test_main.py&quot;, line 20, in &lt;module&gt;
    import pytest
  File &quot;/workdir/aiohttp_cors-0.7.0/.tox/cpythonlibtest-unit-test-tests/lib/python3.10/site-packages/pytest.py&quot;, line 9, in &lt;module&gt;
    from _pytest.config import (
  File &quot;/workdir/aiohttp_cors-0.7.0/.tox/cpythonlibtest-unit-test-tests/lib/python3.10/site-packages/_pytest/config.py&quot;, line 16, in &lt;module&gt;
    import _pytest.assertion
  File &quot;/workdir/aiohttp_cors-0.7.0/.tox/cpythonlibtest-unit-test-tests/lib/python3.10/site-packages/_pytest/assertion/__init__.py&quot;, line 8, in &lt;module&gt;
    from _pytest.assertion import util
  File &quot;/workdir/aiohttp_cors-0.7.0/.tox/cpythonlibtest-unit-test-tests/lib/python3.10/site-packages/_pytest/assertion/util.py&quot;, line 8, in &lt;module&gt;
    from collections import Sequence
ImportError: cannot import name 'Sequence' from 'collections' (/usr/local/lib/python3.10/collections/__init__.py)
"><![CDATA[ImportError: Failed to import test module: tests.integration.test_main
Traceback (most recent call last):
  File "/usr/local/lib/python3.10/unittest/loader.py", line 436, in _find_test_path
    module = self._get_module_from_name(name)
  File "/usr/local/lib/python3.10/unittest/loader.py", line 377, in _get_module_from_name
    __import__(name)
  File "/workdir/aiohttp_cors-0.7.0/tests/integration/test_main.py", line 20, in <module>
    import pytest
  File "/workdir/aiohttp_cors-0.7.0/.tox/cpythonlibtest-unit-test-tests/lib/python3.10/site-packages/pytest.py", line 9, in <module>
    from _pytest.config import (
  File "/workdir/aiohttp_cors-0.7.0/.tox/cpythonlibtest-unit-test-tests/lib/python3.10/site-packages/_pytest/config.py", line 16, in <module>
    import _pytest.assertion
  File "/workdir/aiohttp_cors-0.7.0/.tox/cpythonlibtest-unit-test-tests/lib/python3.10/site-packages/_pytest/assertion/__init__.py", line 8, in <module>
    from _pytest.assertion import util
  File "/workdir/aiohttp_cors-0.7.0/.tox/cpythonlibtest-unit-test-tests/lib/python3.10/site-packages/_pytest/assertion/util.py", line 8, in <module>
    from collections import Sequence
ImportError: cannot import name 'Sequence' from 'collections' (/usr/local/lib/python3.10/collections/__init__.py)

]]></error>
		</testcase>
		<testcase classname="unittest.loader._FailedTest.tests.integration" name="test_real_browser" time="0.001" timestamp="2023-11-20T19:12:11" file="/usr/local/lib/python3.10/unittest/loader.py" line="33">
			<error type="ImportError" message="Failed to import test module: tests.integration.test_real_browser
Traceback (most recent call last):
  File &quot;/usr/local/lib/python3.10/unittest/loader.py&quot;, line 436, in _find_test_path
    module = self._get_module_from_name(name)
  File &quot;/usr/local/lib/python3.10/unittest/loader.py&quot;, line 377, in _get_module_from_name
    __import__(name)
  File &quot;/workdir/aiohttp_cors-0.7.0/tests/integration/test_real_browser.py&quot;, line 26, in &lt;module&gt;
    from aiohttp import web, hdrs
  File &quot;/workdir/aiohttp_cors-0.7.0/.tox/cpythonlibtest-unit-test-tests/lib/python3.10/site-packages/aiohttp/__init__.py&quot;, line 6, in &lt;module&gt;
    from .client import *  # noqa
  File &quot;/workdir/aiohttp_cors-0.7.0/.tox/cpythonlibtest-unit-test-tests/lib/python3.10/site-packages/aiohttp/client.py&quot;, line 16, in &lt;module&gt;
    from . import client_exceptions, client_reqrep
  File &quot;/workdir/aiohttp_cors-0.7.0/.tox/cpythonlibtest-unit-test-tests/lib/python3.10/site-packages/aiohttp/client_reqrep.py&quot;, line 17, in &lt;module&gt;
    from . import hdrs, helpers, http, multipart, payload
  File &quot;/workdir/aiohttp_cors-0.7.0/.tox/cpythonlibtest-unit-test-tests/lib/python3.10/site-packages/aiohttp/multipart.py&quot;, line 8, in &lt;module&gt;
    from collections import Mapping, Sequence, deque
ImportError: cannot import name 'Mapping' from 'collections' (/usr/local/lib/python3.10/collections/__init__.py)
"><![CDATA[ImportError: Failed to import test module: tests.integration.test_real_browser
Traceback (most recent call last):
  File "/usr/local/lib/python3.10/unittest/loader.py", line 436, in _find_test_path
    module = self._get_module_from_name(name)
  File "/usr/local/lib/python3.10/unittest/loader.py", line 377, in _get_module_from_name
    __import__(name)
  File "/workdir/aiohttp_cors-0.7.0/tests/integration/test_real_browser.py", line 26, in <module>
    from aiohttp import web, hdrs
  File "/workdir/aiohttp_cors-0.7.0/.tox/cpythonlibtest-unit-test-tests/lib/python3.10/site-packages/aiohttp/__init__.py", line 6, in <module>
    from .client import *  # noqa
  File "/workdir/aiohttp_cors-0.7.0/.tox/cpythonlibtest-unit-test-tests/lib/python3.10/site-packages/aiohttp/client.py", line 16, in <module>
    from . import client_exceptions, client_reqrep
  File "/workdir/aiohttp_cors-0.7.0/.tox/cpythonlibtest-unit-test-tests/lib/python3.10/site-packages/aiohttp/client_reqrep.py", line 17, in <module>
    from . import hdrs, helpers, http, multipart, payload
  File "/workdir/aiohttp_cors-0.7.0/.tox/cpythonlibtest-unit-test-tests/lib/python3.10/site-packages/aiohttp/multipart.py", line 8, in <module>
    from collections import Mapping, Sequence, deque
ImportError: cannot import name 'Mapping' from 'collections' (/usr/local/lib/python3.10/collections/__init__.py)

]]></error>
		</testcase>
		<testcase classname="unittest.loader._FailedTest.tests.unit" name="test___about__" time="0.001" timestamp="2023-11-20T19:12:11" file="/usr/local/lib/python3.10/unittest/loader.py" line="33">
			<error type="ImportError" message="Failed to import test module: tests.unit.test___about__
Traceback (most recent call last):
  File &quot;/usr/local/lib/python3.10/unittest/loader.py&quot;, line 436, in _find_test_path
    module = self._get_module_from_name(name)
  File &quot;/usr/local/lib/python3.10/unittest/loader.py&quot;, line 377, in _get_module_from_name
    __import__(name)
  File &quot;/workdir/aiohttp_cors-0.7.0/tests/unit/test___about__.py&quot;, line 20, in &lt;module&gt;
    import aiohttp_cors
  File &quot;/workdir/aiohttp_cors-0.7.0/aiohttp_cors/__init__.py&quot;, line 20, in &lt;module&gt;
    from aiohttp import web
  File &quot;/workdir/aiohttp_cors-0.7.0/.tox/cpythonlibtest-unit-test-tests/lib/python3.10/site-packages/aiohttp/__init__.py&quot;, line 6, in &lt;module&gt;
    from .client import *  # noqa
  File &quot;/workdir/aiohttp_cors-0.7.0/.tox/cpythonlibtest-unit-test-tests/lib/python3.10/site-packages/aiohttp/client.py&quot;, line 16, in &lt;module&gt;
    from . import client_exceptions, client_reqrep
  File &quot;/workdir/aiohttp_cors-0.7.0/.tox/cpythonlibtest-unit-test-tests/lib/python3.10/site-packages/aiohttp/client_reqrep.py&quot;, line 17, in &lt;module&gt;
    from . import hdrs, helpers, http, multipart, payload
  File &quot;/workdir/aiohttp_cors-0.7.0/.tox/cpythonlibtest-unit-test-tests/lib/python3.10/site-packages/aiohttp/multipart.py&quot;, line 8, in &lt;module&gt;
    from collections import Mapping, Sequence, deque
ImportError: cannot import name 'Mapping' from 'collections' (/usr/local/lib/python3.10/collections/__init__.py)
"><![CDATA[ImportError: Failed to import test module: tests.unit.test___about__
Traceback (most recent call last):
  File "/usr/local/lib/python3.10/unittest/loader.py", line 436, in _find_test_path
    module = self._get_module_from_name(name)
  File "/usr/local/lib/python3.10/unittest/loader.py", line 377, in _get_module_from_name
    __import__(name)
  File "/workdir/aiohttp_cors-0.7.0/tests/unit/test___about__.py", line 20, in <module>
    import aiohttp_cors
  File "/workdir/aiohttp_cors-0.7.0/aiohttp_cors/__init__.py", line 20, in <module>
    from aiohttp import web
  File "/workdir/aiohttp_cors-0.7.0/.tox/cpythonlibtest-unit-test-tests/lib/python3.10/site-packages/aiohttp/__init__.py", line 6, in <module>
    from .client import *  # noqa
  File "/workdir/aiohttp_cors-0.7.0/.tox/cpythonlibtest-unit-test-tests/lib/python3.10/site-packages/aiohttp/client.py", line 16, in <module>
    from . import client_exceptions, client_reqrep
  File "/workdir/aiohttp_cors-0.7.0/.tox/cpythonlibtest-unit-test-tests/lib/python3.10/site-packages/aiohttp/client_reqrep.py", line 17, in <module>
    from . import hdrs, helpers, http, multipart, payload
  File "/workdir/aiohttp_cors-0.7.0/.tox/cpythonlibtest-unit-test-tests/lib/python3.10/site-packages/aiohttp/multipart.py", line 8, in <module>
    from collections import Mapping, Sequence, deque
ImportError: cannot import name 'Mapping' from 'collections' (/usr/local/lib/python3.10/collections/__init__.py)

]]></error>
		</testcase>
		<testcase classname="unittest.loader._FailedTest.tests.unit" name="test_cors_config" time="0.001" timestamp="2023-11-20T19:12:11" file="/usr/local/lib/python3.10/unittest/loader.py" line="33">
			<error type="ImportError" message="Failed to import test module: tests.unit.test_cors_config
Traceback (most recent call last):
  File &quot;/usr/local/lib/python3.10/unittest/loader.py&quot;, line 436, in _find_test_path
    module = self._get_module_from_name(name)
  File &quot;/usr/local/lib/python3.10/unittest/loader.py&quot;, line 377, in _get_module_from_name
    __import__(name)
  File &quot;/workdir/aiohttp_cors-0.7.0/tests/unit/test_cors_config.py&quot;, line 20, in &lt;module&gt;
    import pytest
  File &quot;/workdir/aiohttp_cors-0.7.0/.tox/cpythonlibtest-unit-test-tests/lib/python3.10/site-packages/pytest.py&quot;, line 9, in &lt;module&gt;
    from _pytest.config import (
  File &quot;/workdir/aiohttp_cors-0.7.0/.tox/cpythonlibtest-unit-test-tests/lib/python3.10/site-packages/_pytest/config.py&quot;, line 16, in &lt;module&gt;
    import _pytest.assertion
  File &quot;/workdir/aiohttp_cors-0.7.0/.tox/cpythonlibtest-unit-test-tests/lib/python3.10/site-packages/_pytest/assertion/__init__.py&quot;, line 8, in &lt;module&gt;
    from _pytest.assertion import util
  File &quot;/workdir/aiohttp_cors-0.7.0/.tox/cpythonlibtest-unit-test-tests/lib/python3.10/site-packages/_pytest/assertion/util.py&quot;, line 8, in &lt;module&gt;
    from collections import Sequence
ImportError: cannot import name 'Sequence' from 'collections' (/usr/local/lib/python3.10/collections/__init__.py)
"><![CDATA[ImportError: Failed to import test module: tests.unit.test_cors_config
Traceback (most recent call last):
  File "/usr/local/lib/python3.10/unittest/loader.py", line 436, in _find_test_path
    module = self._get_module_from_name(name)
  File "/usr/local/lib/python3.10/unittest/loader.py", line 377, in _get_module_from_name
    __import__(name)
  File "/workdir/aiohttp_cors-0.7.0/tests/unit/test_cors_config.py", line 20, in <module>
    import pytest
  File "/workdir/aiohttp_cors-0.7.0/.tox/cpythonlibtest-unit-test-tests/lib/python3.10/site-packages/pytest.py", line 9, in <module>
    from _pytest.config import (
  File "/workdir/aiohttp_cors-0.7.0/.tox/cpythonlibtest-unit-test-tests/lib/python3.10/site-packages/_pytest/config.py", line 16, in <module>
    import _pytest.assertion
  File "/workdir/aiohttp_cors-0.7.0/.tox/cpythonlibtest-unit-test-tests/lib/python3.10/site-packages/_pytest/assertion/__init__.py", line 8, in <module>
    from _pytest.assertion import util
  File "/workdir/aiohttp_cors-0.7.0/.tox/cpythonlibtest-unit-test-tests/lib/python3.10/site-packages/_pytest/assertion/util.py", line 8, in <module>
    from collections import Sequence
ImportError: cannot import name 'Sequence' from 'collections' (/usr/local/lib/python3.10/collections/__init__.py)

]]></error>
		</testcase>
		<testcase classname="unittest.loader._FailedTest.tests.unit" name="test_mixin" time="0.001" timestamp="2023-11-20T19:12:11" file="/usr/local/lib/python3.10/unittest/loader.py" line="33">
			<error type="ImportError" message="Failed to import test module: tests.unit.test_mixin
Traceback (most recent call last):
  File &quot;/usr/local/lib/python3.10/unittest/loader.py&quot;, line 436, in _find_test_path
    module = self._get_module_from_name(name)
  File &quot;/usr/local/lib/python3.10/unittest/loader.py&quot;, line 377, in _get_module_from_name
    __import__(name)
  File &quot;/workdir/aiohttp_cors-0.7.0/tests/unit/test_mixin.py&quot;, line 5, in &lt;module&gt;
    import pytest
  File &quot;/workdir/aiohttp_cors-0.7.0/.tox/cpythonlibtest-unit-test-tests/lib/python3.10/site-packages/pytest.py&quot;, line 9, in &lt;module&gt;
    from _pytest.config import (
  File &quot;/workdir/aiohttp_cors-0.7.0/.tox/cpythonlibtest-unit-test-tests/lib/python3.10/site-packages/_pytest/config.py&quot;, line 16, in &lt;module&gt;
    import _pytest.assertion
  File &quot;/workdir/aiohttp_cors-0.7.0/.tox/cpythonlibtest-unit-test-tests/lib/python3.10/site-packages/_pytest/assertion/__init__.py&quot;, line 8, in &lt;module&gt;
    from _pytest.assertion import util
  File &quot;/workdir/aiohttp_cors-0.7.0/.tox/cpythonlibtest-unit-test-tests/lib/python3.10/site-packages/_pytest/assertion/util.py&quot;, line 8, in &lt;module&gt;
    from collections import Sequence
ImportError: cannot import name 'Sequence' from 'collections' (/usr/local/lib/python3.10/collections/__init__.py)
"><![CDATA[ImportError: Failed to import test module: tests.unit.test_mixin
Traceback (most recent call last):
  File "/usr/local/lib/python3.10/unittest/loader.py", line 436, in _find_test_path
    module = self._get_module_from_name(name)
  File "/usr/local/lib/python3.10/unittest/loader.py", line 377, in _get_module_from_name
    __import__(name)
  File "/workdir/aiohttp_cors-0.7.0/tests/unit/test_mixin.py", line 5, in <module>
    import pytest
  File "/workdir/aiohttp_cors-0.7.0/.tox/cpythonlibtest-unit-test-tests/lib/python3.10/site-packages/pytest.py", line 9, in <module>
    from _pytest.config import (
  File "/workdir/aiohttp_cors-0.7.0/.tox/cpythonlibtest-unit-test-tests/lib/python3.10/site-packages/_pytest/config.py", line 16, in <module>
    import _pytest.assertion
  File "/workdir/aiohttp_cors-0.7.0/.tox/cpythonlibtest-unit-test-tests/lib/python3.10/site-packages/_pytest/assertion/__init__.py", line 8, in <module>
    from _pytest.assertion import util
  File "/workdir/aiohttp_cors-0.7.0/.tox/cpythonlibtest-unit-test-tests/lib/python3.10/site-packages/_pytest/assertion/util.py", line 8, in <module>
    from collections import Sequence
ImportError: cannot import name 'Sequence' from 'collections' (/usr/local/lib/python3.10/collections/__init__.py)

]]></error>
		</testcase>
		<testcase classname="unittest.loader._FailedTest.tests.unit" name="test_preflight_handler" time="0.001" timestamp="2023-11-20T19:12:11" file="/usr/local/lib/python3.10/unittest/loader.py" line="33">
			<error type="ImportError" message="Failed to import test module: tests.unit.test_preflight_handler
Traceback (most recent call last):
  File &quot;/usr/local/lib/python3.10/unittest/loader.py&quot;, line 436, in _find_test_path
    module = self._get_module_from_name(name)
  File &quot;/usr/local/lib/python3.10/unittest/loader.py&quot;, line 377, in _get_module_from_name
    __import__(name)
  File &quot;/workdir/aiohttp_cors-0.7.0/tests/unit/test_preflight_handler.py&quot;, line 3, in &lt;module&gt;
    import pytest
  File &quot;/workdir/aiohttp_cors-0.7.0/.tox/cpythonlibtest-unit-test-tests/lib/python3.10/site-packages/pytest.py&quot;, line 9, in &lt;module&gt;
    from _pytest.config import (
  File &quot;/workdir/aiohttp_cors-0.7.0/.tox/cpythonlibtest-unit-test-tests/lib/python3.10/site-packages/_pytest/config.py&quot;, line 16, in &lt;module&gt;
    import _pytest.assertion
  File &quot;/workdir/aiohttp_cors-0.7.0/.tox/cpythonlibtest-unit-test-tests/lib/python3.10/site-packages/_pytest/assertion/__init__.py&quot;, line 8, in &lt;module&gt;
    from _pytest.assertion import util
  File &quot;/workdir/aiohttp_cors-0.7.0/.tox/cpythonlibtest-unit-test-tests/lib/python3.10/site-packages/_pytest/assertion/util.py&quot;, line 8, in &lt;module&gt;
    from collections import Sequence
ImportError: cannot import name 'Sequence' from 'collections' (/usr/local/lib/python3.10/collections/__init__.py)
"><![CDATA[ImportError: Failed to import test module: tests.unit.test_preflight_handler
Traceback (most recent call last):
  File "/usr/local/lib/python3.10/unittest/loader.py", line 436, in _find_test_path
    module = self._get_module_from_name(name)
  File "/usr/local/lib/python3.10/unittest/loader.py", line 377, in _get_module_from_name
    __import__(name)
  File "/workdir/aiohttp_cors-0.7.0/tests/unit/test_preflight_handler.py", line 3, in <module>
    import pytest
  File "/workdir/aiohttp_cors-0.7.0/.tox/cpythonlibtest-unit-test-tests/lib/python3.10/site-packages/pytest.py", line 9, in <module>
    from _pytest.config import (
  File "/workdir/aiohttp_cors-0.7.0/.tox/cpythonlibtest-unit-test-tests/lib/python3.10/site-packages/_pytest/config.py", line 16, in <module>
    import _pytest.assertion
  File "/workdir/aiohttp_cors-0.7.0/.tox/cpythonlibtest-unit-test-tests/lib/python3.10/site-packages/_pytest/assertion/__init__.py", line 8, in <module>
    from _pytest.assertion import util
  File "/workdir/aiohttp_cors-0.7.0/.tox/cpythonlibtest-unit-test-tests/lib/python3.10/site-packages/_pytest/assertion/util.py", line 8, in <module>
    from collections import Sequence
ImportError: cannot import name 'Sequence' from 'collections' (/usr/local/lib/python3.10/collections/__init__.py)

]]></error>
		</testcase>
		<testcase classname="unittest.loader._FailedTest.tests.unit" name="test_resource_options" time="0.001" timestamp="2023-11-20T19:12:11" file="/usr/local/lib/python3.10/unittest/loader.py" line="33">
			<error type="ImportError" message="Failed to import test module: tests.unit.test_resource_options
Traceback (most recent call last):
  File &quot;/usr/local/lib/python3.10/unittest/loader.py&quot;, line 436, in _find_test_path
    module = self._get_module_from_name(name)
  File &quot;/usr/local/lib/python3.10/unittest/loader.py&quot;, line 377, in _get_module_from_name
    __import__(name)
  File &quot;/workdir/aiohttp_cors-0.7.0/tests/unit/test_resource_options.py&quot;, line 18, in &lt;module&gt;
    import pytest
  File &quot;/workdir/aiohttp_cors-0.7.0/.tox/cpythonlibtest-unit-test-tests/lib/python3.10/site-packages/pytest.py&quot;, line 9, in &lt;module&gt;
    from _pytest.config import (
  File &quot;/workdir/aiohttp_cors-0.7.0/.tox/cpythonlibtest-unit-test-tests/lib/python3.10/site-packages/_pytest/config.py&quot;, line 16, in &lt;module&gt;
    import _pytest.assertion
  File &quot;/workdir/aiohttp_cors-0.7.0/.tox/cpythonlibtest-unit-test-tests/lib/python3.10/site-packages/_pytest/assertion/__init__.py&quot;, line 8, in &lt;module&gt;
    from _pytest.assertion import util
  File &quot;/workdir/aiohttp_cors-0.7.0/.tox/cpythonlibtest-unit-test-tests/lib/python3.10/site-packages/_pytest/assertion/util.py&quot;, line 8, in &lt;module&gt;
    from collections import Sequence
ImportError: cannot import name 'Sequence' from 'collections' (/usr/local/lib/python3.10/collections/__init__.py)
"><![CDATA[ImportError: Failed to import test module: tests.unit.test_resource_options
Traceback (most recent call last):
  File "/usr/local/lib/python3.10/unittest/loader.py", line 436, in _find_test_path
    module = self._get_module_from_name(name)
  File "/usr/local/lib/python3.10/unittest/loader.py", line 377, in _get_module_from_name
    __import__(name)
  File "/workdir/aiohttp_cors-0.7.0/tests/unit/test_resource_options.py", line 18, in <module>
    import pytest
  File "/workdir/aiohttp_cors-0.7.0/.tox/cpythonlibtest-unit-test-tests/lib/python3.10/site-packages/pytest.py", line 9, in <module>
    from _pytest.config import (
  File "/workdir/aiohttp_cors-0.7.0/.tox/cpythonlibtest-unit-test-tests/lib/python3.10/site-packages/_pytest/config.py", line 16, in <module>
    import _pytest.assertion
  File "/workdir/aiohttp_cors-0.7.0/.tox/cpythonlibtest-unit-test-tests/lib/python3.10/site-packages/_pytest/assertion/__init__.py", line 8, in <module>
    from _pytest.assertion import util
  File "/workdir/aiohttp_cors-0.7.0/.tox/cpythonlibtest-unit-test-tests/lib/python3.10/site-packages/_pytest/assertion/util.py", line 8, in <module>
    from collections import Sequence
ImportError: cannot import name 'Sequence' from 'collections' (/usr/local/lib/python3.10/collections/__init__.py)

]]></error>
		</testcase>
		<testcase classname="unittest.loader._FailedTest.tests.unit" name="test_urldispatcher_router_adapter" time="0.001" timestamp="2023-11-20T19:12:11" file="/usr/local/lib/python3.10/unittest/loader.py" line="33">
			<error type="ImportError" message="Failed to import test module: tests.unit.test_urldispatcher_router_adapter
Traceback (most recent call last):
  File &quot;/usr/local/lib/python3.10/unittest/loader.py&quot;, line 436, in _find_test_path
    module = self._get_module_from_name(name)
  File &quot;/usr/local/lib/python3.10/unittest/loader.py&quot;, line 377, in _get_module_from_name
    __import__(name)
  File &quot;/workdir/aiohttp_cors-0.7.0/tests/unit/test_urldispatcher_router_adapter.py&quot;, line 20, in &lt;module&gt;
    import pytest
  File &quot;/workdir/aiohttp_cors-0.7.0/.tox/cpythonlibtest-unit-test-tests/lib/python3.10/site-packages/pytest.py&quot;, line 9, in &lt;module&gt;
    from _pytest.config import (
  File &quot;/workdir/aiohttp_cors-0.7.0/.tox/cpythonlibtest-unit-test-tests/lib/python3.10/site-packages/_pytest/config.py&quot;, line 16, in &lt;module&gt;
    import _pytest.assertion
  File &quot;/workdir/aiohttp_cors-0.7.0/.tox/cpythonlibtest-unit-test-tests/lib/python3.10/site-packages/_pytest/assertion/__init__.py&quot;, line 8, in &lt;module&gt;
    from _pytest.assertion import util
  File &quot;/workdir/aiohttp_cors-0.7.0/.tox/cpythonlibtest-unit-test-tests/lib/python3.10/site-packages/_pytest/assertion/util.py&quot;, line 8, in &lt;module&gt;
    from collections import Sequence
ImportError: cannot import name 'Sequence' from 'collections' (/usr/local/lib/python3.10/collections/__init__.py)
"><![CDATA[ImportError: Failed to import test module: tests.unit.test_urldispatcher_router_adapter
Traceback (most recent call last):
  File "/usr/local/lib/python3.10/unittest/loader.py", line 436, in _find_test_path
    module = self._get_module_from_name(name)
  File "/usr/local/lib/python3.10/unittest/loader.py", line 377, in _get_module_from_name
    __import__(name)
  File "/workdir/aiohttp_cors-0.7.0/tests/unit/test_urldispatcher_router_adapter.py", line 20, in <module>
    import pytest
  File "/workdir/aiohttp_cors-0.7.0/.tox/cpythonlibtest-unit-test-tests/lib/python3.10/site-packages/pytest.py", line 9, in <module>
    from _pytest.config import (
  File "/workdir/aiohttp_cors-0.7.0/.tox/cpythonlibtest-unit-test-tests/lib/python3.10/site-packages/_pytest/config.py", line 16, in <module>
    import _pytest.assertion
  File "/workdir/aiohttp_cors-0.7.0/.tox/cpythonlibtest-unit-test-tests/lib/python3.10/site-packages/_pytest/assertion/__init__.py", line 8, in <module>
    from _pytest.assertion import util
  File "/workdir/aiohttp_cors-0.7.0/.tox/cpythonlibtest-unit-test-tests/lib/python3.10/site-packages/_pytest/assertion/util.py", line 8, in <module>
    from collections import Sequence
ImportError: cannot import name 'Sequence' from 'collections' (/usr/local/lib/python3.10/collections/__init__.py)

]]></error>
		</testcase>
	</testsuite>
</testsuites>
