<?xml version="1.0" encoding="utf-8"?><testsuites><testsuite name="pytest" errors="0" failures="2" skipped="0" tests="82" time="78.840" timestamp="2023-11-30T02:26:33.480711" hostname="be2d8ee410eb"><testcase classname="tests.event_file_writer_test.EventFileWriterTest" name="test_async_writer_without_write" time="0.005" /><testcase classname="tests.event_file_writer_test.EventFileWriterTest" name="test_event_file_writer_roundtrip" time="0.002" /><testcase classname="tests.event_file_writer_test.EventFileWriterTest" name="test_setting_filename_suffix_works" time="0.002" /><testcase classname="tests.record_writer_test.RecordWriterTest" name="test_empty_record" time="0.001" /><testcase classname="tests.record_writer_test.RecordWriterTest" name="test_expect_bytes_written" time="0.001" /><testcase classname="tests.record_writer_test.RecordWriterTest" name="test_record_writer_roundtrip" time="0.002" /><testcase classname="tests.test_beholder.BeholderTest" name="test_beholder" time="0.309" /><testcase classname="tests.test_beholder.BeholderTest" name="test_beholder_video" time="1.061" /><testcase classname="tests.test_crc32c.CRC32CTest" name="test_crc32c" time="0.001" /><testcase classname="tests.test_crc32c.CRC32CTest" name="test_crc32c_native" time="0.000" /><testcase classname="tests.test_crc32c.CRC32CTest" name="test_crc32c_python" time="0.000" /><testcase classname="tests.test_embedding.EmbeddingTest" name="test_embedding" time="0.006" /><testcase classname="tests.test_embedding.EmbeddingTest" name="test_embedding_64" time="0.004" /><testcase classname="tests.test_embedding.EmbeddingTest" name="test_embedding_fail" time="0.006" /><testcase classname="tests.test_embedding.EmbeddingTest" name="test_embedding_s3_mock" time="0.429" /><testcase classname="tests.test_embedding.EmbeddingTest" name="test_embedding_square" time="0.089" /><testcase classname="tests.test_figure.FigureTest" name="test_figure" time="0.123" /><testcase classname="tests.test_figure.FigureTest" name="test_figure_list" time="0.615" /><testcase classname="tests.test_hparams.HparamsTest" name="test_smoke" time="0.068" /><testcase classname="tests.test_lint" name="test_linting" time="0.285"><failure message="subprocess.CalledProcessError: Command '['flake8', 'tensorboardX']' returned non-zero exit status 1.">Traceback (most recent call last):
  File "/workdir/tensorboardX-2.6.1/.tox/cpythonlibtest-unit-test-tests/lib/python3.10/site-packages/_pytest/runner.py", line 341, in from_call
    result: Optional[TResult] = func()
  File "/workdir/tensorboardX-2.6.1/.tox/cpythonlibtest-unit-test-tests/lib/python3.10/site-packages/_pytest/runner.py", line 262, in &lt;lambda&gt;
    lambda: ihook(item=item, **kwds), when=when, reraise=reraise
  File "/workdir/tensorboardX-2.6.1/.tox/cpythonlibtest-unit-test-tests/lib/python3.10/site-packages/pluggy/_hooks.py", line 493, in __call__
    return self._hookexec(self.name, self._hookimpls, kwargs, firstresult)
  File "/workdir/tensorboardX-2.6.1/.tox/cpythonlibtest-unit-test-tests/lib/python3.10/site-packages/pluggy/_manager.py", line 115, in _hookexec
    return self._inner_hookexec(hook_name, methods, kwargs, firstresult)
  File "/workdir/tensorboardX-2.6.1/.tox/cpythonlibtest-unit-test-tests/lib/python3.10/site-packages/pluggy/_callers.py", line 152, in _multicall
    return outcome.get_result()
  File "/workdir/tensorboardX-2.6.1/.tox/cpythonlibtest-unit-test-tests/lib/python3.10/site-packages/pluggy/_result.py", line 114, in get_result
    raise exc.with_traceback(exc.__traceback__)
  File "/workdir/tensorboardX-2.6.1/.tox/cpythonlibtest-unit-test-tests/lib/python3.10/site-packages/pluggy/_callers.py", line 77, in _multicall
    res = hook_impl.function(*args)
  File "/workdir/tensorboardX-2.6.1/.tox/cpythonlibtest-unit-test-tests/lib/python3.10/site-packages/_pytest/runner.py", line 177, in pytest_runtest_call
    raise e
  File "/workdir/tensorboardX-2.6.1/.tox/cpythonlibtest-unit-test-tests/lib/python3.10/site-packages/_pytest/runner.py", line 169, in pytest_runtest_call
    item.runtest()
  File "/workdir/tensorboardX-2.6.1/.tox/cpythonlibtest-unit-test-tests/lib/python3.10/site-packages/_pytest/python.py", line 1792, in runtest
    self.ihook.pytest_pyfunc_call(pyfuncitem=self)
  File "/workdir/tensorboardX-2.6.1/.tox/cpythonlibtest-unit-test-tests/lib/python3.10/site-packages/pluggy/_hooks.py", line 493, in __call__
    return self._hookexec(self.name, self._hookimpls, kwargs, firstresult)
  File "/workdir/tensorboardX-2.6.1/.tox/cpythonlibtest-unit-test-tests/lib/python3.10/site-packages/pluggy/_manager.py", line 115, in _hookexec
    return self._inner_hookexec(hook_name, methods, kwargs, firstresult)
  File "/workdir/tensorboardX-2.6.1/.tox/cpythonlibtest-unit-test-tests/lib/python3.10/site-packages/pluggy/_callers.py", line 113, in _multicall
    raise exception.with_traceback(exception.__traceback__)
  File "/workdir/tensorboardX-2.6.1/.tox/cpythonlibtest-unit-test-tests/lib/python3.10/site-packages/pluggy/_callers.py", line 77, in _multicall
    res = hook_impl.function(*args)
  File "/workdir/tensorboardX-2.6.1/.tox/cpythonlibtest-unit-test-tests/lib/python3.10/site-packages/_pytest/python.py", line 194, in pytest_pyfunc_call
    result = testfunction(**testargs)
  File "/workdir/tensorboardX-2.6.1/tests/test_lint.py", line 3, in test_linting
    subprocess.check_output(['flake8', 'tensorboardX'])
  File "/usr/local/lib/python3.10/subprocess.py", line 421, in check_output
    return run(*popenargs, stdout=PIPE, timeout=timeout, check=True,
  File "/usr/local/lib/python3.10/subprocess.py", line 526, in run
    raise CalledProcessError(retcode, process.args,
subprocess.CalledProcessError: Command '['flake8', 'tensorboardX']' returned non-zero exit status 1.</failure></testcase><testcase classname="tests.test_multiprocess_write.GlobalWriterTest" name="test_auto_close" time="0.001" /><testcase classname="tests.test_multiprocess_write.GlobalWriterTest" name="test_flush" time="10.104" /><testcase classname="tests.test_multiprocess_write.GlobalWriterTest" name="test_flush_after_close" time="10.091" /><testcase classname="tests.test_multiprocess_write.GlobalWriterTest" name="test_flush_timer_is_long_so_data_is_not_there" time="10.094" /><testcase classname="tests.test_multiprocess_write.GlobalWriterTest" name="test_writer" time="4.354" /><testcase classname="tests.test_numpy.NumpyTest" name="test_make_grid" time="0.001" /><testcase classname="tests.test_numpy.NumpyTest" name="test_numpy_vid" time="0.014" /><testcase classname="tests.test_numpy.NumpyTest" name="test_numpy_vid_uint8" time="0.004" /><testcase classname="tests.test_numpy.NumpyTest" name="test_scalar" time="0.002" /><testcase classname="tests.test_onnx_graph.ONNXGraphTest" name="test_onnx_graph" time="0.014" /><testcase classname="tests.test_openvino_graph.OPENVINOGraphTest" name="test_openvino_graph" time="0.009" /><testcase classname="tests.test_pr_curve.PRCurveTest" name="test_pr_purve" time="0.002" /><testcase classname="tests.test_pr_curve.PRCurveTest" name="test_pr_purve_raw" time="0.001" /><testcase classname="tests.test_pr_curve.PRCurveTest" name="test_smoke" time="0.003" /><testcase classname="tests.test_pytorch_graph.PytorchGraphTest" name="test_pytorch_graph" time="0.052" /><testcase classname="tests.test_pytorch_graph.PytorchGraphTest" name="test_wrong_input_size" time="0.011" /><testcase classname="tests.test_pytorch_np.PyTorchNumpyTest" name="test_pytorch_histogram" time="0.004" /><testcase classname="tests.test_pytorch_np.PyTorchNumpyTest" name="test_pytorch_histogram_raw" time="0.002" /><testcase classname="tests.test_pytorch_np.PyTorchNumpyTest" name="test_pytorch_np" time="0.002" /><testcase classname="tests.test_pytorch_np.PyTorchNumpyTest" name="test_pytorch_write" time="0.002" /><testcase classname="tests.test_record_writer.RecordWriterTest" name="test_make_valid_tf_name" time="0.000" /><testcase classname="tests.test_record_writer.RecordWriterTest" name="test_record_writer_gcs" time="0.000" /><testcase classname="tests.test_record_writer.RecordWriterTest" name="test_record_writer_s3" time="0.070" /><testcase classname="tests.test_summary.SummaryTest" name="test_audio" time="0.004" /><testcase classname="tests.test_summary.SummaryTest" name="test_custom_scalars" time="0.001" /><testcase classname="tests.test_summary.SummaryTest" name="test_empty_input" time="0.001" /><testcase classname="tests.test_summary.SummaryTest" name="test_float32_image" time="0.001" /><testcase classname="tests.test_summary.SummaryTest" name="test_float_1_converts_to_uint8_255" time="0.001" /><testcase classname="tests.test_summary.SummaryTest" name="test_histogram_auto" time="0.002" /><testcase classname="tests.test_summary.SummaryTest" name="test_histogram_doane" time="0.001" /><testcase classname="tests.test_summary.SummaryTest" name="test_histogram_fd" time="0.001" /><testcase classname="tests.test_summary.SummaryTest" name="test_hparams" time="0.001" /><testcase classname="tests.test_summary.SummaryTest" name="test_hparams_bool" time="0.001" /><testcase classname="tests.test_summary.SummaryTest" name="test_hparams_smoke" time="0.001" /><testcase classname="tests.test_summary.SummaryTest" name="test_hparams_string" time="0.001" /><testcase classname="tests.test_summary.SummaryTest" name="test_image_with_3_channel_batched" time="0.001" /><testcase classname="tests.test_summary.SummaryTest" name="test_image_with_boxes" time="0.014" /><testcase classname="tests.test_summary.SummaryTest" name="test_image_with_four_channel" time="0.001" /><testcase classname="tests.test_summary.SummaryTest" name="test_image_with_four_channel_batched" time="0.001" /><testcase classname="tests.test_summary.SummaryTest" name="test_image_with_one_channel" time="0.001" /><testcase classname="tests.test_summary.SummaryTest" name="test_image_with_one_channel_batched" time="0.001" /><testcase classname="tests.test_summary.SummaryTest" name="test_image_without_channel" time="0.001" /><testcase classname="tests.test_summary.SummaryTest" name="test_list_input" time="0.001" /><testcase classname="tests.test_summary.SummaryTest" name="test_mesh" time="0.002" /><testcase classname="tests.test_summary.SummaryTest" name="test_text" time="0.001" /><testcase classname="tests.test_summary.SummaryTest" name="test_uint8_image" time="0.001" /><testcase classname="tests.test_summary.SummaryTest" name="test_video" time="0.001" /><testcase classname="tests.test_summary_writer.SummaryWriterTest" name="test_dummy_summary_writer" time="0.001" /><testcase classname="tests.test_summary_writer.SummaryWriterTest" name="test_pathlib" time="0.002" /><testcase classname="tests.test_summary_writer.SummaryWriterTest" name="test_summary_writer_backcomapt" time="0.002" /><testcase classname="tests.test_summary_writer.SummaryWriterTest" name="test_summary_writer_close" time="0.949" /><testcase classname="tests.test_summary_writer.SummaryWriterTest" name="test_summary_writer_ctx" time="0.002" /><testcase classname="tests.test_summary_writer.SummaryWriterTest" name="test_windowsPath" time="0.003" /><testcase classname="tests.test_utils.UtilsTest" name="test_prepare_video" time="0.051" /><testcase classname="tests.test_utils.UtilsTest" name="test_to_HWC" time="0.001" /><testcase classname="tests.test_visdom.VisdomTest" name="test_TorchVis" time="7.452"><failure message="AssertionError: No connection could be formed quickly">Traceback (most recent call last):
  File "/usr/local/lib/python3.10/unittest/case.py", line 59, in testPartExecutor
    yield
  File "/usr/local/lib/python3.10/unittest/case.py", line 591, in run
    self._callTestMethod(testMethod)
  File "/usr/local/lib/python3.10/unittest/case.py", line 549, in _callTestMethod
    method()
  File "/workdir/tensorboardX-2.6.1/tests/test_visdom.py", line 17, in test_TorchVis
    w = TorchVis('visdom')
  File "/workdir/tensorboardX-2.6.1/tensorboardX/torchvis.py", line 29, in __init__
    self.register(*args, **init_kwargs)
  File "/workdir/tensorboardX-2.6.1/tensorboardX/torchvis.py", line 36, in register
    self.subscribers[format] = vis_formats[format](**init_kwargs.get(format, {}))
  File "/workdir/tensorboardX-2.6.1/tensorboardX/visdom_writer.py", line 36, in __init__
    self._try_connect()
  File "/workdir/tensorboardX-2.6.1/tensorboardX/visdom_writer.py", line 45, in _try_connect
    assert self.server_connected, 'No connection could be formed quickly'
AssertionError: No connection could be formed quickly</failure></testcase><testcase classname="tests.test_writer.WriterTest" name="test_auto_close" time="0.001" /><testcase classname="tests.test_writer.WriterTest" name="test_flush" time="10.017" /><testcase classname="tests.test_writer.WriterTest" name="test_flush_after_close" time="10.018" /><testcase classname="tests.test_writer.WriterTest" name="test_flush_timer_is_long_so_data_is_not_there" time="10.016" /><testcase classname="tests.test_writer.WriterTest" name="test_reuse_writer_after_closed" time="0.004" /><testcase classname="tests.test_writer.WriterTest" name="test_writer" time="0.046" /></testsuite></testsuites>