<?xml version="1.0" encoding="utf-8"?><testsuites><testsuite name="pytest" errors="5" failures="0" skipped="0" tests="5" time="7.857" timestamp="2023-11-29T18:46:43.061490" hostname="be2d8ee410eb"><testcase classname="" name="tests.test_build_html" time="0.000"><error message="collection failure">ImportError while importing test module '/workdir/Sphinx-5.3.0/tests/test_build_html.py'.
Hint: make sure your test modules/packages have valid Python names.
Traceback:
/usr/local/lib/python3.10/importlib/__init__.py:126: in import_module
    return _bootstrap._gcd_import(name[level:], package, level)
tests/test_build_html.py:10: in &lt;module&gt;
    from html5lib import HTMLParser
E   ModuleNotFoundError: No module named 'html5lib'</error></testcase><testcase classname="" name="tests.test_build_latex" time="0.000"><error message="collection failure">ImportError while importing test module '/workdir/Sphinx-5.3.0/tests/test_build_latex.py'.
Hint: make sure your test modules/packages have valid Python names.
Traceback:
/usr/local/lib/python3.10/importlib/__init__.py:126: in import_module
    return _bootstrap._gcd_import(name[level:], package, level)
tests/test_build_latex.py:19: in &lt;module&gt;
    from .test_build_html import ENV_WARNINGS
tests/test_build_html.py:10: in &lt;module&gt;
    from html5lib import HTMLParser
E   ModuleNotFoundError: No module named 'html5lib'</error></testcase><testcase classname="" name="tests.test_build_texinfo" time="0.000"><error message="collection failure">ImportError while importing test module '/workdir/Sphinx-5.3.0/tests/test_build_texinfo.py'.
Hint: make sure your test modules/packages have valid Python names.
Traceback:
/usr/local/lib/python3.10/importlib/__init__.py:126: in import_module
    return _bootstrap._gcd_import(name[level:], package, level)
tests/test_build_texinfo.py:17: in &lt;module&gt;
    from .test_build_html import ENV_WARNINGS
tests/test_build_html.py:10: in &lt;module&gt;
    from html5lib import HTMLParser
E   ModuleNotFoundError: No module named 'html5lib'</error></testcase><testcase classname="" name="tests.test_domain_std" time="0.000"><error message="collection failure">ImportError while importing test module '/workdir/Sphinx-5.3.0/tests/test_domain_std.py'.
Hint: make sure your test modules/packages have valid Python names.
Traceback:
/usr/local/lib/python3.10/importlib/__init__.py:126: in import_module
    return _bootstrap._gcd_import(name[level:], package, level)
tests/test_domain_std.py:8: in &lt;module&gt;
    from html5lib import HTMLParser
E   ModuleNotFoundError: No module named 'html5lib'</error></testcase><testcase classname="" name="tests.test_smartquotes" time="0.000"><error message="collection failure">ImportError while importing test module '/workdir/Sphinx-5.3.0/tests/test_smartquotes.py'.
Hint: make sure your test modules/packages have valid Python names.
Traceback:
/usr/local/lib/python3.10/importlib/__init__.py:126: in import_module
    return _bootstrap._gcd_import(name[level:], package, level)
tests/test_smartquotes.py:5: in &lt;module&gt;
    from html5lib import HTMLParser
E   ModuleNotFoundError: No module named 'html5lib'</error></testcase></testsuite></testsuites>