<?xml version="1.0" encoding="utf-8"?><testsuites><testsuite name="pytest" errors="0" failures="0" skipped="1" tests="9" time="0.067" timestamp="2023-11-20T23:25:40.035671" hostname="b80581c01e0f"><testcase classname="catalogue.tests.test_catalogue" name="test_get_set" time="0.001" /><testcase classname="catalogue.tests.test_catalogue" name="test_registry_get_set" time="0.001" /><testcase classname="catalogue.tests.test_catalogue" name="test_registry_call" time="0.001" /><testcase classname="catalogue.tests.test_catalogue" name="test_get_all" time="0.001" /><testcase classname="catalogue.tests.test_catalogue" name="test_create_single_namespace" time="0.001" /><testcase classname="catalogue.tests.test_catalogue" name="test_create_multi_namespace" time="0.001" /><testcase classname="catalogue.tests.test_catalogue" name="test_entry_points_older" time="0.000"><skipped type="pytest.skip" message="Test does not support &gt;=3.10 importlib_metadata API">/workdir/catalogue-2.0.8/catalogue/tests/test_catalogue.py:119: Test does not support &gt;=3.10 importlib_metadata API</skipped></testcase><testcase classname="catalogue.tests.test_catalogue" name="test_entry_points_newer" time="0.001" /><testcase classname="catalogue.tests.test_catalogue" name="test_registry_find" time="0.004" /></testsuite></testsuites>