GLOB sdist-make: /workdir/reportlab-3.6.12/setup.py
cpythonlibtest-unit-test-tests create: /workdir/reportlab-3.6.12/.tox/cpythonlibtest-unit-test-tests
cpythonlibtest-unit-test-tests installdeps: mock, pytest
cpythonlibtest-unit-test-tests inst: /workdir/reportlab-3.6.12/.tox/.tmp/package/1/reportlab-3.6.12.zip
cpythonlibtest-unit-test-tests installed: exceptiongroup==1.2.0,iniconfig==2.0.0,mock==5.1.0,packaging==23.2,Pillow==10.1.0,pluggy==1.3.0,pytest==7.4.3,reportlab @ file:///workdir/reportlab-3.6.12/.tox/.tmp/package/1/reportlab-3.6.12.zip#sha256=46cc0b1a36f7a458c1a0c7ae647f925daae3507446216228fddf8a903252b6cb,tomli==2.0.1
cpythonlibtest-unit-test-tests run-test-pre: PYTHONHASHSEED='4203264010'
cpythonlibtest-unit-test-tests run-test: commands[0] | pytest -v --tb=native --junitxml /workdir/results/reportlab/3.6.12/1/cpython-test-results.xml
============================= test session starts ==============================
platform linux -- Python 3.10.8, pytest-7.4.3, pluggy-1.3.0 -- /workdir/reportlab-3.6.12/.tox/cpythonlibtest-unit-test-tests/bin/python
cachedir: .tox/cpythonlibtest-unit-test-tests/.pytest_cache
rootdir: /workdir/reportlab-3.6.12
collecting ... collected 20 items / 75 errors

==================================== ERRORS ====================================
_______________ ERROR collecting tests/test_charts_textlabels.py _______________
Traceback (most recent call last):
  File "/workdir/reportlab-3.6.12/.tox/cpythonlibtest-unit-test-tests/lib/python3.10/site-packages/_pytest/runner.py", line 341, in from_call
    result: Optional[TResult] = func()
  File "/workdir/reportlab-3.6.12/.tox/cpythonlibtest-unit-test-tests/lib/python3.10/site-packages/_pytest/runner.py", line 372, in <lambda>
    call = CallInfo.from_call(lambda: list(collector.collect()), "collect")
  File "/workdir/reportlab-3.6.12/.tox/cpythonlibtest-unit-test-tests/lib/python3.10/site-packages/_pytest/python.py", line 531, in collect
    self._inject_setup_module_fixture()
  File "/workdir/reportlab-3.6.12/.tox/cpythonlibtest-unit-test-tests/lib/python3.10/site-packages/_pytest/python.py", line 545, in _inject_setup_module_fixture
    self.obj, ("setUpModule", "setup_module")
  File "/workdir/reportlab-3.6.12/.tox/cpythonlibtest-unit-test-tests/lib/python3.10/site-packages/_pytest/python.py", line 310, in obj
    self._obj = obj = self._getobj()
  File "/workdir/reportlab-3.6.12/.tox/cpythonlibtest-unit-test-tests/lib/python3.10/site-packages/_pytest/python.py", line 528, in _getobj
    return self._importtestmodule()
  File "/workdir/reportlab-3.6.12/.tox/cpythonlibtest-unit-test-tests/lib/python3.10/site-packages/_pytest/python.py", line 617, in _importtestmodule
    mod = import_path(self.path, mode=importmode, root=self.config.rootpath)
  File "/workdir/reportlab-3.6.12/.tox/cpythonlibtest-unit-test-tests/lib/python3.10/site-packages/_pytest/pathlib.py", line 567, in import_path
    importlib.import_module(module_name)
  File "/usr/local/lib/python3.10/importlib/__init__.py", line 126, in import_module
    return _bootstrap._gcd_import(name[level:], package, level)
  File "<frozen importlib._bootstrap>", line 1050, in _gcd_import
  File "<frozen importlib._bootstrap>", line 1027, in _find_and_load
  File "<frozen importlib._bootstrap>", line 1006, in _find_and_load_unlocked
  File "<frozen importlib._bootstrap>", line 688, in _load_unlocked
  File "/workdir/reportlab-3.6.12/.tox/cpythonlibtest-unit-test-tests/lib/python3.10/site-packages/_pytest/assertion/rewrite.py", line 186, in exec_module
    exec(co, module.__dict__)
  File "/workdir/reportlab-3.6.12/tests/test_charts_textlabels.py", line 7, in <module>
    setOutDir(__name__)
  File "/workdir/reportlab-3.6.12/.tox/cpythonlibtest-unit-test-tests/lib/python3.10/site-packages/reportlab/lib/testutils.py", line 57, in setOutDir
    assert name=='__main__',"setOutDir should only be called in the main script"
AssertionError: setOutDir should only be called in the main script
_______________ ERROR collecting tests/test_crypto_algorithms.py _______________
Traceback (most recent call last):
  File "/workdir/reportlab-3.6.12/.tox/cpythonlibtest-unit-test-tests/lib/python3.10/site-packages/_pytest/runner.py", line 341, in from_call
    result: Optional[TResult] = func()
  File "/workdir/reportlab-3.6.12/.tox/cpythonlibtest-unit-test-tests/lib/python3.10/site-packages/_pytest/runner.py", line 372, in <lambda>
    call = CallInfo.from_call(lambda: list(collector.collect()), "collect")
  File "/workdir/reportlab-3.6.12/.tox/cpythonlibtest-unit-test-tests/lib/python3.10/site-packages/_pytest/python.py", line 531, in collect
    self._inject_setup_module_fixture()
  File "/workdir/reportlab-3.6.12/.tox/cpythonlibtest-unit-test-tests/lib/python3.10/site-packages/_pytest/python.py", line 545, in _inject_setup_module_fixture
    self.obj, ("setUpModule", "setup_module")
  File "/workdir/reportlab-3.6.12/.tox/cpythonlibtest-unit-test-tests/lib/python3.10/site-packages/_pytest/python.py", line 310, in obj
    self._obj = obj = self._getobj()
  File "/workdir/reportlab-3.6.12/.tox/cpythonlibtest-unit-test-tests/lib/python3.10/site-packages/_pytest/python.py", line 528, in _getobj
    return self._importtestmodule()
  File "/workdir/reportlab-3.6.12/.tox/cpythonlibtest-unit-test-tests/lib/python3.10/site-packages/_pytest/python.py", line 617, in _importtestmodule
    mod = import_path(self.path, mode=importmode, root=self.config.rootpath)
  File "/workdir/reportlab-3.6.12/.tox/cpythonlibtest-unit-test-tests/lib/python3.10/site-packages/_pytest/pathlib.py", line 567, in import_path
    importlib.import_module(module_name)
  File "/usr/local/lib/python3.10/importlib/__init__.py", line 126, in import_module
    return _bootstrap._gcd_import(name[level:], package, level)
  File "<frozen importlib._bootstrap>", line 1050, in _gcd_import
  File "<frozen importlib._bootstrap>", line 1027, in _find_and_load
  File "<frozen importlib._bootstrap>", line 1006, in _find_and_load_unlocked
  File "<frozen importlib._bootstrap>", line 688, in _load_unlocked
  File "/workdir/reportlab-3.6.12/.tox/cpythonlibtest-unit-test-tests/lib/python3.10/site-packages/_pytest/assertion/rewrite.py", line 186, in exec_module
    exec(co, module.__dict__)
  File "/workdir/reportlab-3.6.12/tests/test_crypto_algorithms.py", line 18, in <module>
    setOutDir(__name__)
  File "/workdir/reportlab-3.6.12/.tox/cpythonlibtest-unit-test-tests/lib/python3.10/site-packages/reportlab/lib/testutils.py", line 57, in setOutDir
    assert name=='__main__',"setOutDir should only be called in the main script"
AssertionError: setOutDir should only be called in the main script
__________________ ERROR collecting tests/test_docs_build.py ___________________
Traceback (most recent call last):
  File "/workdir/reportlab-3.6.12/.tox/cpythonlibtest-unit-test-tests/lib/python3.10/site-packages/_pytest/runner.py", line 341, in from_call
    result: Optional[TResult] = func()
  File "/workdir/reportlab-3.6.12/.tox/cpythonlibtest-unit-test-tests/lib/python3.10/site-packages/_pytest/runner.py", line 372, in <lambda>
    call = CallInfo.from_call(lambda: list(collector.collect()), "collect")
  File "/workdir/reportlab-3.6.12/.tox/cpythonlibtest-unit-test-tests/lib/python3.10/site-packages/_pytest/python.py", line 531, in collect
    self._inject_setup_module_fixture()
  File "/workdir/reportlab-3.6.12/.tox/cpythonlibtest-unit-test-tests/lib/python3.10/site-packages/_pytest/python.py", line 545, in _inject_setup_module_fixture
    self.obj, ("setUpModule", "setup_module")
  File "/workdir/reportlab-3.6.12/.tox/cpythonlibtest-unit-test-tests/lib/python3.10/site-packages/_pytest/python.py", line 310, in obj
    self._obj = obj = self._getobj()
  File "/workdir/reportlab-3.6.12/.tox/cpythonlibtest-unit-test-tests/lib/python3.10/site-packages/_pytest/python.py", line 528, in _getobj
    return self._importtestmodule()
  File "/workdir/reportlab-3.6.12/.tox/cpythonlibtest-unit-test-tests/lib/python3.10/site-packages/_pytest/python.py", line 617, in _importtestmodule
    mod = import_path(self.path, mode=importmode, root=self.config.rootpath)
  File "/workdir/reportlab-3.6.12/.tox/cpythonlibtest-unit-test-tests/lib/python3.10/site-packages/_pytest/pathlib.py", line 567, in import_path
    importlib.import_module(module_name)
  File "/usr/local/lib/python3.10/importlib/__init__.py", line 126, in import_module
    return _bootstrap._gcd_import(name[level:], package, level)
  File "<frozen importlib._bootstrap>", line 1050, in _gcd_import
  File "<frozen importlib._bootstrap>", line 1027, in _find_and_load
  File "<frozen importlib._bootstrap>", line 1006, in _find_and_load_unlocked
  File "<frozen importlib._bootstrap>", line 688, in _load_unlocked
  File "/workdir/reportlab-3.6.12/.tox/cpythonlibtest-unit-test-tests/lib/python3.10/site-packages/_pytest/assertion/rewrite.py", line 186, in exec_module
    exec(co, module.__dict__)
  File "/workdir/reportlab-3.6.12/tests/test_docs_build.py", line 5, in <module>
    setOutDir(__name__)
  File "/workdir/reportlab-3.6.12/.tox/cpythonlibtest-unit-test-tests/lib/python3.10/site-packages/reportlab/lib/testutils.py", line 57, in setOutDir
    assert name=='__main__',"setOutDir should only be called in the main script"
AssertionError: setOutDir should only be called in the main script
__________________ ERROR collecting tests/test_docstrings.py ___________________
Traceback (most recent call last):
  File "/workdir/reportlab-3.6.12/.tox/cpythonlibtest-unit-test-tests/lib/python3.10/site-packages/_pytest/runner.py", line 341, in from_call
    result: Optional[TResult] = func()
  File "/workdir/reportlab-3.6.12/.tox/cpythonlibtest-unit-test-tests/lib/python3.10/site-packages/_pytest/runner.py", line 372, in <lambda>
    call = CallInfo.from_call(lambda: list(collector.collect()), "collect")
  File "/workdir/reportlab-3.6.12/.tox/cpythonlibtest-unit-test-tests/lib/python3.10/site-packages/_pytest/python.py", line 531, in collect
    self._inject_setup_module_fixture()
  File "/workdir/reportlab-3.6.12/.tox/cpythonlibtest-unit-test-tests/lib/python3.10/site-packages/_pytest/python.py", line 545, in _inject_setup_module_fixture
    self.obj, ("setUpModule", "setup_module")
  File "/workdir/reportlab-3.6.12/.tox/cpythonlibtest-unit-test-tests/lib/python3.10/site-packages/_pytest/python.py", line 310, in obj
    self._obj = obj = self._getobj()
  File "/workdir/reportlab-3.6.12/.tox/cpythonlibtest-unit-test-tests/lib/python3.10/site-packages/_pytest/python.py", line 528, in _getobj
    return self._importtestmodule()
  File "/workdir/reportlab-3.6.12/.tox/cpythonlibtest-unit-test-tests/lib/python3.10/site-packages/_pytest/python.py", line 617, in _importtestmodule
    mod = import_path(self.path, mode=importmode, root=self.config.rootpath)
  File "/workdir/reportlab-3.6.12/.tox/cpythonlibtest-unit-test-tests/lib/python3.10/site-packages/_pytest/pathlib.py", line 567, in import_path
    importlib.import_module(module_name)
  File "/usr/local/lib/python3.10/importlib/__init__.py", line 126, in import_module
    return _bootstrap._gcd_import(name[level:], package, level)
  File "<frozen importlib._bootstrap>", line 1050, in _gcd_import
  File "<frozen importlib._bootstrap>", line 1027, in _find_and_load
  File "<frozen importlib._bootstrap>", line 1006, in _find_and_load_unlocked
  File "<frozen importlib._bootstrap>", line 688, in _load_unlocked
  File "/workdir/reportlab-3.6.12/.tox/cpythonlibtest-unit-test-tests/lib/python3.10/site-packages/_pytest/assertion/rewrite.py", line 186, in exec_module
    exec(co, module.__dict__)
  File "/workdir/reportlab-3.6.12/tests/test_docstrings.py", line 13, in <module>
    setOutDir(__name__)
  File "/workdir/reportlab-3.6.12/.tox/cpythonlibtest-unit-test-tests/lib/python3.10/site-packages/reportlab/lib/testutils.py", line 57, in setOutDir
    assert name=='__main__',"setOutDir should only be called in the main script"
AssertionError: setOutDir should only be called in the main script
_____________________ ERROR collecting tests/test_extra.py _____________________
Traceback (most recent call last):
  File "/workdir/reportlab-3.6.12/.tox/cpythonlibtest-unit-test-tests/lib/python3.10/site-packages/_pytest/runner.py", line 341, in from_call
    result: Optional[TResult] = func()
  File "/workdir/reportlab-3.6.12/.tox/cpythonlibtest-unit-test-tests/lib/python3.10/site-packages/_pytest/runner.py", line 372, in <lambda>
    call = CallInfo.from_call(lambda: list(collector.collect()), "collect")
  File "/workdir/reportlab-3.6.12/.tox/cpythonlibtest-unit-test-tests/lib/python3.10/site-packages/_pytest/python.py", line 531, in collect
    self._inject_setup_module_fixture()
  File "/workdir/reportlab-3.6.12/.tox/cpythonlibtest-unit-test-tests/lib/python3.10/site-packages/_pytest/python.py", line 545, in _inject_setup_module_fixture
    self.obj, ("setUpModule", "setup_module")
  File "/workdir/reportlab-3.6.12/.tox/cpythonlibtest-unit-test-tests/lib/python3.10/site-packages/_pytest/python.py", line 310, in obj
    self._obj = obj = self._getobj()
  File "/workdir/reportlab-3.6.12/.tox/cpythonlibtest-unit-test-tests/lib/python3.10/site-packages/_pytest/python.py", line 528, in _getobj
    return self._importtestmodule()
  File "/workdir/reportlab-3.6.12/.tox/cpythonlibtest-unit-test-tests/lib/python3.10/site-packages/_pytest/python.py", line 617, in _importtestmodule
    mod = import_path(self.path, mode=importmode, root=self.config.rootpath)
  File "/workdir/reportlab-3.6.12/.tox/cpythonlibtest-unit-test-tests/lib/python3.10/site-packages/_pytest/pathlib.py", line 567, in import_path
    importlib.import_module(module_name)
  File "/usr/local/lib/python3.10/importlib/__init__.py", line 126, in import_module
    return _bootstrap._gcd_import(name[level:], package, level)
  File "<frozen importlib._bootstrap>", line 1050, in _gcd_import
  File "<frozen importlib._bootstrap>", line 1027, in _find_and_load
  File "<frozen importlib._bootstrap>", line 1006, in _find_and_load_unlocked
  File "<frozen importlib._bootstrap>", line 688, in _load_unlocked
  File "/workdir/reportlab-3.6.12/.tox/cpythonlibtest-unit-test-tests/lib/python3.10/site-packages/_pytest/assertion/rewrite.py", line 186, in exec_module
    exec(co, module.__dict__)
  File "/workdir/reportlab-3.6.12/tests/test_extra.py", line 5, in <module>
    setOutDir(__name__)
  File "/workdir/reportlab-3.6.12/.tox/cpythonlibtest-unit-test-tests/lib/python3.10/site-packages/reportlab/lib/testutils.py", line 57, in setOutDir
    assert name=='__main__',"setOutDir should only be called in the main script"
AssertionError: setOutDir should only be called in the main script
___________________ ERROR collecting tests/test_geomutils.py ___________________
Traceback (most recent call last):
  File "/workdir/reportlab-3.6.12/.tox/cpythonlibtest-unit-test-tests/lib/python3.10/site-packages/_pytest/runner.py", line 341, in from_call
    result: Optional[TResult] = func()
  File "/workdir/reportlab-3.6.12/.tox/cpythonlibtest-unit-test-tests/lib/python3.10/site-packages/_pytest/runner.py", line 372, in <lambda>
    call = CallInfo.from_call(lambda: list(collector.collect()), "collect")
  File "/workdir/reportlab-3.6.12/.tox/cpythonlibtest-unit-test-tests/lib/python3.10/site-packages/_pytest/python.py", line 531, in collect
    self._inject_setup_module_fixture()
  File "/workdir/reportlab-3.6.12/.tox/cpythonlibtest-unit-test-tests/lib/python3.10/site-packages/_pytest/python.py", line 545, in _inject_setup_module_fixture
    self.obj, ("setUpModule", "setup_module")
  File "/workdir/reportlab-3.6.12/.tox/cpythonlibtest-unit-test-tests/lib/python3.10/site-packages/_pytest/python.py", line 310, in obj
    self._obj = obj = self._getobj()
  File "/workdir/reportlab-3.6.12/.tox/cpythonlibtest-unit-test-tests/lib/python3.10/site-packages/_pytest/python.py", line 528, in _getobj
    return self._importtestmodule()
  File "/workdir/reportlab-3.6.12/.tox/cpythonlibtest-unit-test-tests/lib/python3.10/site-packages/_pytest/python.py", line 617, in _importtestmodule
    mod = import_path(self.path, mode=importmode, root=self.config.rootpath)
  File "/workdir/reportlab-3.6.12/.tox/cpythonlibtest-unit-test-tests/lib/python3.10/site-packages/_pytest/pathlib.py", line 567, in import_path
    importlib.import_module(module_name)
  File "/usr/local/lib/python3.10/importlib/__init__.py", line 126, in import_module
    return _bootstrap._gcd_import(name[level:], package, level)
  File "<frozen importlib._bootstrap>", line 1050, in _gcd_import
  File "<frozen importlib._bootstrap>", line 1027, in _find_and_load
  File "<frozen importlib._bootstrap>", line 1006, in _find_and_load_unlocked
  File "<frozen importlib._bootstrap>", line 688, in _load_unlocked
  File "/workdir/reportlab-3.6.12/.tox/cpythonlibtest-unit-test-tests/lib/python3.10/site-packages/_pytest/assertion/rewrite.py", line 186, in exec_module
    exec(co, module.__dict__)
  File "/workdir/reportlab-3.6.12/tests/test_geomutils.py", line 9, in <module>
    setOutDir(__name__)
  File "/workdir/reportlab-3.6.12/.tox/cpythonlibtest-unit-test-tests/lib/python3.10/site-packages/reportlab/lib/testutils.py", line 57, in setOutDir
    assert name=='__main__',"setOutDir should only be called in the main script"
AssertionError: setOutDir should only be called in the main script
_______________ ERROR collecting tests/test_graphics_barcode.py ________________
Traceback (most recent call last):
  File "/workdir/reportlab-3.6.12/.tox/cpythonlibtest-unit-test-tests/lib/python3.10/site-packages/_pytest/runner.py", line 341, in from_call
    result: Optional[TResult] = func()
  File "/workdir/reportlab-3.6.12/.tox/cpythonlibtest-unit-test-tests/lib/python3.10/site-packages/_pytest/runner.py", line 372, in <lambda>
    call = CallInfo.from_call(lambda: list(collector.collect()), "collect")
  File "/workdir/reportlab-3.6.12/.tox/cpythonlibtest-unit-test-tests/lib/python3.10/site-packages/_pytest/python.py", line 531, in collect
    self._inject_setup_module_fixture()
  File "/workdir/reportlab-3.6.12/.tox/cpythonlibtest-unit-test-tests/lib/python3.10/site-packages/_pytest/python.py", line 545, in _inject_setup_module_fixture
    self.obj, ("setUpModule", "setup_module")
  File "/workdir/reportlab-3.6.12/.tox/cpythonlibtest-unit-test-tests/lib/python3.10/site-packages/_pytest/python.py", line 310, in obj
    self._obj = obj = self._getobj()
  File "/workdir/reportlab-3.6.12/.tox/cpythonlibtest-unit-test-tests/lib/python3.10/site-packages/_pytest/python.py", line 528, in _getobj
    return self._importtestmodule()
  File "/workdir/reportlab-3.6.12/.tox/cpythonlibtest-unit-test-tests/lib/python3.10/site-packages/_pytest/python.py", line 617, in _importtestmodule
    mod = import_path(self.path, mode=importmode, root=self.config.rootpath)
  File "/workdir/reportlab-3.6.12/.tox/cpythonlibtest-unit-test-tests/lib/python3.10/site-packages/_pytest/pathlib.py", line 567, in import_path
    importlib.import_module(module_name)
  File "/usr/local/lib/python3.10/importlib/__init__.py", line 126, in import_module
    return _bootstrap._gcd_import(name[level:], package, level)
  File "<frozen importlib._bootstrap>", line 1050, in _gcd_import
  File "<frozen importlib._bootstrap>", line 1027, in _find_and_load
  File "<frozen importlib._bootstrap>", line 1006, in _find_and_load_unlocked
  File "<frozen importlib._bootstrap>", line 688, in _load_unlocked
  File "/workdir/reportlab-3.6.12/.tox/cpythonlibtest-unit-test-tests/lib/python3.10/site-packages/_pytest/assertion/rewrite.py", line 186, in exec_module
    exec(co, module.__dict__)
  File "/workdir/reportlab-3.6.12/tests/test_graphics_barcode.py", line 7, in <module>
    setOutDir(__name__)
  File "/workdir/reportlab-3.6.12/.tox/cpythonlibtest-unit-test-tests/lib/python3.10/site-packages/reportlab/lib/testutils.py", line 57, in setOutDir
    assert name=='__main__',"setOutDir should only be called in the main script"
AssertionError: setOutDir should only be called in the main script
________________ ERROR collecting tests/test_graphics_charts.py ________________
Traceback (most recent call last):
  File "/workdir/reportlab-3.6.12/.tox/cpythonlibtest-unit-test-tests/lib/python3.10/site-packages/_pytest/runner.py", line 341, in from_call
    result: Optional[TResult] = func()
  File "/workdir/reportlab-3.6.12/.tox/cpythonlibtest-unit-test-tests/lib/python3.10/site-packages/_pytest/runner.py", line 372, in <lambda>
    call = CallInfo.from_call(lambda: list(collector.collect()), "collect")
  File "/workdir/reportlab-3.6.12/.tox/cpythonlibtest-unit-test-tests/lib/python3.10/site-packages/_pytest/python.py", line 531, in collect
    self._inject_setup_module_fixture()
  File "/workdir/reportlab-3.6.12/.tox/cpythonlibtest-unit-test-tests/lib/python3.10/site-packages/_pytest/python.py", line 545, in _inject_setup_module_fixture
    self.obj, ("setUpModule", "setup_module")
  File "/workdir/reportlab-3.6.12/.tox/cpythonlibtest-unit-test-tests/lib/python3.10/site-packages/_pytest/python.py", line 310, in obj
    self._obj = obj = self._getobj()
  File "/workdir/reportlab-3.6.12/.tox/cpythonlibtest-unit-test-tests/lib/python3.10/site-packages/_pytest/python.py", line 528, in _getobj
    return self._importtestmodule()
  File "/workdir/reportlab-3.6.12/.tox/cpythonlibtest-unit-test-tests/lib/python3.10/site-packages/_pytest/python.py", line 617, in _importtestmodule
    mod = import_path(self.path, mode=importmode, root=self.config.rootpath)
  File "/workdir/reportlab-3.6.12/.tox/cpythonlibtest-unit-test-tests/lib/python3.10/site-packages/_pytest/pathlib.py", line 567, in import_path
    importlib.import_module(module_name)
  File "/usr/local/lib/python3.10/importlib/__init__.py", line 126, in import_module
    return _bootstrap._gcd_import(name[level:], package, level)
  File "<frozen importlib._bootstrap>", line 1050, in _gcd_import
  File "<frozen importlib._bootstrap>", line 1027, in _find_and_load
  File "<frozen importlib._bootstrap>", line 1006, in _find_and_load_unlocked
  File "<frozen importlib._bootstrap>", line 688, in _load_unlocked
  File "/workdir/reportlab-3.6.12/.tox/cpythonlibtest-unit-test-tests/lib/python3.10/site-packages/_pytest/assertion/rewrite.py", line 186, in exec_module
    exec(co, module.__dict__)
  File "/workdir/reportlab-3.6.12/tests/test_graphics_charts.py", line 7, in <module>
    setOutDir(__name__)
  File "/workdir/reportlab-3.6.12/.tox/cpythonlibtest-unit-test-tests/lib/python3.10/site-packages/reportlab/lib/testutils.py", line 57, in setOutDir
    assert name=='__main__',"setOutDir should only be called in the main script"
AssertionError: setOutDir should only be called in the main script
________________ ERROR collecting tests/test_graphics_images.py ________________
Traceback (most recent call last):
  File "/workdir/reportlab-3.6.12/.tox/cpythonlibtest-unit-test-tests/lib/python3.10/site-packages/_pytest/runner.py", line 341, in from_call
    result: Optional[TResult] = func()
  File "/workdir/reportlab-3.6.12/.tox/cpythonlibtest-unit-test-tests/lib/python3.10/site-packages/_pytest/runner.py", line 372, in <lambda>
    call = CallInfo.from_call(lambda: list(collector.collect()), "collect")
  File "/workdir/reportlab-3.6.12/.tox/cpythonlibtest-unit-test-tests/lib/python3.10/site-packages/_pytest/python.py", line 531, in collect
    self._inject_setup_module_fixture()
  File "/workdir/reportlab-3.6.12/.tox/cpythonlibtest-unit-test-tests/lib/python3.10/site-packages/_pytest/python.py", line 545, in _inject_setup_module_fixture
    self.obj, ("setUpModule", "setup_module")
  File "/workdir/reportlab-3.6.12/.tox/cpythonlibtest-unit-test-tests/lib/python3.10/site-packages/_pytest/python.py", line 310, in obj
    self._obj = obj = self._getobj()
  File "/workdir/reportlab-3.6.12/.tox/cpythonlibtest-unit-test-tests/lib/python3.10/site-packages/_pytest/python.py", line 528, in _getobj
    return self._importtestmodule()
  File "/workdir/reportlab-3.6.12/.tox/cpythonlibtest-unit-test-tests/lib/python3.10/site-packages/_pytest/python.py", line 617, in _importtestmodule
    mod = import_path(self.path, mode=importmode, root=self.config.rootpath)
  File "/workdir/reportlab-3.6.12/.tox/cpythonlibtest-unit-test-tests/lib/python3.10/site-packages/_pytest/pathlib.py", line 567, in import_path
    importlib.import_module(module_name)
  File "/usr/local/lib/python3.10/importlib/__init__.py", line 126, in import_module
    return _bootstrap._gcd_import(name[level:], package, level)
  File "<frozen importlib._bootstrap>", line 1050, in _gcd_import
  File "<frozen importlib._bootstrap>", line 1027, in _find_and_load
  File "<frozen importlib._bootstrap>", line 1006, in _find_and_load_unlocked
  File "<frozen importlib._bootstrap>", line 688, in _load_unlocked
  File "/workdir/reportlab-3.6.12/.tox/cpythonlibtest-unit-test-tests/lib/python3.10/site-packages/_pytest/assertion/rewrite.py", line 186, in exec_module
    exec(co, module.__dict__)
  File "/workdir/reportlab-3.6.12/tests/test_graphics_images.py", line 7, in <module>
    setOutDir(__name__)
  File "/workdir/reportlab-3.6.12/.tox/cpythonlibtest-unit-test-tests/lib/python3.10/site-packages/reportlab/lib/testutils.py", line 57, in setOutDir
    assert name=='__main__',"setOutDir should only be called in the main script"
AssertionError: setOutDir should only be called in the main script
________________ ERROR collecting tests/test_graphics_layout.py ________________
Traceback (most recent call last):
  File "/workdir/reportlab-3.6.12/.tox/cpythonlibtest-unit-test-tests/lib/python3.10/site-packages/_pytest/runner.py", line 341, in from_call
    result: Optional[TResult] = func()
  File "/workdir/reportlab-3.6.12/.tox/cpythonlibtest-unit-test-tests/lib/python3.10/site-packages/_pytest/runner.py", line 372, in <lambda>
    call = CallInfo.from_call(lambda: list(collector.collect()), "collect")
  File "/workdir/reportlab-3.6.12/.tox/cpythonlibtest-unit-test-tests/lib/python3.10/site-packages/_pytest/python.py", line 531, in collect
    self._inject_setup_module_fixture()
  File "/workdir/reportlab-3.6.12/.tox/cpythonlibtest-unit-test-tests/lib/python3.10/site-packages/_pytest/python.py", line 545, in _inject_setup_module_fixture
    self.obj, ("setUpModule", "setup_module")
  File "/workdir/reportlab-3.6.12/.tox/cpythonlibtest-unit-test-tests/lib/python3.10/site-packages/_pytest/python.py", line 310, in obj
    self._obj = obj = self._getobj()
  File "/workdir/reportlab-3.6.12/.tox/cpythonlibtest-unit-test-tests/lib/python3.10/site-packages/_pytest/python.py", line 528, in _getobj
    return self._importtestmodule()
  File "/workdir/reportlab-3.6.12/.tox/cpythonlibtest-unit-test-tests/lib/python3.10/site-packages/_pytest/python.py", line 617, in _importtestmodule
    mod = import_path(self.path, mode=importmode, root=self.config.rootpath)
  File "/workdir/reportlab-3.6.12/.tox/cpythonlibtest-unit-test-tests/lib/python3.10/site-packages/_pytest/pathlib.py", line 567, in import_path
    importlib.import_module(module_name)
  File "/usr/local/lib/python3.10/importlib/__init__.py", line 126, in import_module
    return _bootstrap._gcd_import(name[level:], package, level)
  File "<frozen importlib._bootstrap>", line 1050, in _gcd_import
  File "<frozen importlib._bootstrap>", line 1027, in _find_and_load
  File "<frozen importlib._bootstrap>", line 1006, in _find_and_load_unlocked
  File "<frozen importlib._bootstrap>", line 688, in _load_unlocked
  File "/workdir/reportlab-3.6.12/.tox/cpythonlibtest-unit-test-tests/lib/python3.10/site-packages/_pytest/assertion/rewrite.py", line 186, in exec_module
    exec(co, module.__dict__)
  File "/workdir/reportlab-3.6.12/tests/test_graphics_layout.py", line 9, in <module>
    setOutDir(__name__)
  File "/workdir/reportlab-3.6.12/.tox/cpythonlibtest-unit-test-tests/lib/python3.10/site-packages/reportlab/lib/testutils.py", line 57, in setOutDir
    assert name=='__main__',"setOutDir should only be called in the main script"
AssertionError: setOutDir should only be called in the main script
________________ ERROR collecting tests/test_graphics_render.py ________________
Traceback (most recent call last):
  File "/workdir/reportlab-3.6.12/.tox/cpythonlibtest-unit-test-tests/lib/python3.10/site-packages/_pytest/runner.py", line 341, in from_call
    result: Optional[TResult] = func()
  File "/workdir/reportlab-3.6.12/.tox/cpythonlibtest-unit-test-tests/lib/python3.10/site-packages/_pytest/runner.py", line 372, in <lambda>
    call = CallInfo.from_call(lambda: list(collector.collect()), "collect")
  File "/workdir/reportlab-3.6.12/.tox/cpythonlibtest-unit-test-tests/lib/python3.10/site-packages/_pytest/python.py", line 531, in collect
    self._inject_setup_module_fixture()
  File "/workdir/reportlab-3.6.12/.tox/cpythonlibtest-unit-test-tests/lib/python3.10/site-packages/_pytest/python.py", line 545, in _inject_setup_module_fixture
    self.obj, ("setUpModule", "setup_module")
  File "/workdir/reportlab-3.6.12/.tox/cpythonlibtest-unit-test-tests/lib/python3.10/site-packages/_pytest/python.py", line 310, in obj
    self._obj = obj = self._getobj()
  File "/workdir/reportlab-3.6.12/.tox/cpythonlibtest-unit-test-tests/lib/python3.10/site-packages/_pytest/python.py", line 528, in _getobj
    return self._importtestmodule()
  File "/workdir/reportlab-3.6.12/.tox/cpythonlibtest-unit-test-tests/lib/python3.10/site-packages/_pytest/python.py", line 617, in _importtestmodule
    mod = import_path(self.path, mode=importmode, root=self.config.rootpath)
  File "/workdir/reportlab-3.6.12/.tox/cpythonlibtest-unit-test-tests/lib/python3.10/site-packages/_pytest/pathlib.py", line 567, in import_path
    importlib.import_module(module_name)
  File "/usr/local/lib/python3.10/importlib/__init__.py", line 126, in import_module
    return _bootstrap._gcd_import(name[level:], package, level)
  File "<frozen importlib._bootstrap>", line 1050, in _gcd_import
  File "<frozen importlib._bootstrap>", line 1027, in _find_and_load
  File "<frozen importlib._bootstrap>", line 1006, in _find_and_load_unlocked
  File "<frozen importlib._bootstrap>", line 688, in _load_unlocked
  File "/workdir/reportlab-3.6.12/.tox/cpythonlibtest-unit-test-tests/lib/python3.10/site-packages/_pytest/assertion/rewrite.py", line 186, in exec_module
    exec(co, module.__dict__)
  File "/workdir/reportlab-3.6.12/tests/test_graphics_render.py", line 7, in <module>
    setOutDir(__name__)
  File "/workdir/reportlab-3.6.12/.tox/cpythonlibtest-unit-test-tests/lib/python3.10/site-packages/reportlab/lib/testutils.py", line 57, in setOutDir
    assert name=='__main__',"setOutDir should only be called in the main script"
AssertionError: setOutDir should only be called in the main script
________________ ERROR collecting tests/test_graphics_speed.py _________________
Traceback (most recent call last):
  File "/workdir/reportlab-3.6.12/.tox/cpythonlibtest-unit-test-tests/lib/python3.10/site-packages/_pytest/runner.py", line 341, in from_call
    result: Optional[TResult] = func()
  File "/workdir/reportlab-3.6.12/.tox/cpythonlibtest-unit-test-tests/lib/python3.10/site-packages/_pytest/runner.py", line 372, in <lambda>
    call = CallInfo.from_call(lambda: list(collector.collect()), "collect")
  File "/workdir/reportlab-3.6.12/.tox/cpythonlibtest-unit-test-tests/lib/python3.10/site-packages/_pytest/python.py", line 531, in collect
    self._inject_setup_module_fixture()
  File "/workdir/reportlab-3.6.12/.tox/cpythonlibtest-unit-test-tests/lib/python3.10/site-packages/_pytest/python.py", line 545, in _inject_setup_module_fixture
    self.obj, ("setUpModule", "setup_module")
  File "/workdir/reportlab-3.6.12/.tox/cpythonlibtest-unit-test-tests/lib/python3.10/site-packages/_pytest/python.py", line 310, in obj
    self._obj = obj = self._getobj()
  File "/workdir/reportlab-3.6.12/.tox/cpythonlibtest-unit-test-tests/lib/python3.10/site-packages/_pytest/python.py", line 528, in _getobj
    return self._importtestmodule()
  File "/workdir/reportlab-3.6.12/.tox/cpythonlibtest-unit-test-tests/lib/python3.10/site-packages/_pytest/python.py", line 617, in _importtestmodule
    mod = import_path(self.path, mode=importmode, root=self.config.rootpath)
  File "/workdir/reportlab-3.6.12/.tox/cpythonlibtest-unit-test-tests/lib/python3.10/site-packages/_pytest/pathlib.py", line 567, in import_path
    importlib.import_module(module_name)
  File "/usr/local/lib/python3.10/importlib/__init__.py", line 126, in import_module
    return _bootstrap._gcd_import(name[level:], package, level)
  File "<frozen importlib._bootstrap>", line 1050, in _gcd_import
  File "<frozen importlib._bootstrap>", line 1027, in _find_and_load
  File "<frozen importlib._bootstrap>", line 1006, in _find_and_load_unlocked
  File "<frozen importlib._bootstrap>", line 688, in _load_unlocked
  File "/workdir/reportlab-3.6.12/.tox/cpythonlibtest-unit-test-tests/lib/python3.10/site-packages/_pytest/assertion/rewrite.py", line 186, in exec_module
    exec(co, module.__dict__)
  File "/workdir/reportlab-3.6.12/tests/test_graphics_speed.py", line 9, in <module>
    setOutDir(__name__)
  File "/workdir/reportlab-3.6.12/.tox/cpythonlibtest-unit-test-tests/lib/python3.10/site-packages/reportlab/lib/testutils.py", line 57, in setOutDir
    assert name=='__main__',"setOutDir should only be called in the main script"
AssertionError: setOutDir should only be called in the main script
_____________________ ERROR collecting tests/test_hello.py _____________________
Traceback (most recent call last):
  File "/workdir/reportlab-3.6.12/.tox/cpythonlibtest-unit-test-tests/lib/python3.10/site-packages/_pytest/runner.py", line 341, in from_call
    result: Optional[TResult] = func()
  File "/workdir/reportlab-3.6.12/.tox/cpythonlibtest-unit-test-tests/lib/python3.10/site-packages/_pytest/runner.py", line 372, in <lambda>
    call = CallInfo.from_call(lambda: list(collector.collect()), "collect")
  File "/workdir/reportlab-3.6.12/.tox/cpythonlibtest-unit-test-tests/lib/python3.10/site-packages/_pytest/python.py", line 531, in collect
    self._inject_setup_module_fixture()
  File "/workdir/reportlab-3.6.12/.tox/cpythonlibtest-unit-test-tests/lib/python3.10/site-packages/_pytest/python.py", line 545, in _inject_setup_module_fixture
    self.obj, ("setUpModule", "setup_module")
  File "/workdir/reportlab-3.6.12/.tox/cpythonlibtest-unit-test-tests/lib/python3.10/site-packages/_pytest/python.py", line 310, in obj
    self._obj = obj = self._getobj()
  File "/workdir/reportlab-3.6.12/.tox/cpythonlibtest-unit-test-tests/lib/python3.10/site-packages/_pytest/python.py", line 528, in _getobj
    return self._importtestmodule()
  File "/workdir/reportlab-3.6.12/.tox/cpythonlibtest-unit-test-tests/lib/python3.10/site-packages/_pytest/python.py", line 617, in _importtestmodule
    mod = import_path(self.path, mode=importmode, root=self.config.rootpath)
  File "/workdir/reportlab-3.6.12/.tox/cpythonlibtest-unit-test-tests/lib/python3.10/site-packages/_pytest/pathlib.py", line 567, in import_path
    importlib.import_module(module_name)
  File "/usr/local/lib/python3.10/importlib/__init__.py", line 126, in import_module
    return _bootstrap._gcd_import(name[level:], package, level)
  File "<frozen importlib._bootstrap>", line 1050, in _gcd_import
  File "<frozen importlib._bootstrap>", line 1027, in _find_and_load
  File "<frozen importlib._bootstrap>", line 1006, in _find_and_load_unlocked
  File "<frozen importlib._bootstrap>", line 688, in _load_unlocked
  File "/workdir/reportlab-3.6.12/.tox/cpythonlibtest-unit-test-tests/lib/python3.10/site-packages/_pytest/assertion/rewrite.py", line 186, in exec_module
    exec(co, module.__dict__)
  File "/workdir/reportlab-3.6.12/tests/test_hello.py", line 10, in <module>
    setOutDir(__name__)
  File "/workdir/reportlab-3.6.12/.tox/cpythonlibtest-unit-test-tests/lib/python3.10/site-packages/reportlab/lib/testutils.py", line 57, in setOutDir
    assert name=='__main__',"setOutDir should only be called in the main script"
AssertionError: setOutDir should only be called in the main script
____________________ ERROR collecting tests/test_images.py _____________________
Traceback (most recent call last):
  File "/workdir/reportlab-3.6.12/.tox/cpythonlibtest-unit-test-tests/lib/python3.10/site-packages/_pytest/runner.py", line 341, in from_call
    result: Optional[TResult] = func()
  File "/workdir/reportlab-3.6.12/.tox/cpythonlibtest-unit-test-tests/lib/python3.10/site-packages/_pytest/runner.py", line 372, in <lambda>
    call = CallInfo.from_call(lambda: list(collector.collect()), "collect")
  File "/workdir/reportlab-3.6.12/.tox/cpythonlibtest-unit-test-tests/lib/python3.10/site-packages/_pytest/python.py", line 531, in collect
    self._inject_setup_module_fixture()
  File "/workdir/reportlab-3.6.12/.tox/cpythonlibtest-unit-test-tests/lib/python3.10/site-packages/_pytest/python.py", line 545, in _inject_setup_module_fixture
    self.obj, ("setUpModule", "setup_module")
  File "/workdir/reportlab-3.6.12/.tox/cpythonlibtest-unit-test-tests/lib/python3.10/site-packages/_pytest/python.py", line 310, in obj
    self._obj = obj = self._getobj()
  File "/workdir/reportlab-3.6.12/.tox/cpythonlibtest-unit-test-tests/lib/python3.10/site-packages/_pytest/python.py", line 528, in _getobj
    return self._importtestmodule()
  File "/workdir/reportlab-3.6.12/.tox/cpythonlibtest-unit-test-tests/lib/python3.10/site-packages/_pytest/python.py", line 617, in _importtestmodule
    mod = import_path(self.path, mode=importmode, root=self.config.rootpath)
  File "/workdir/reportlab-3.6.12/.tox/cpythonlibtest-unit-test-tests/lib/python3.10/site-packages/_pytest/pathlib.py", line 567, in import_path
    importlib.import_module(module_name)
  File "/usr/local/lib/python3.10/importlib/__init__.py", line 126, in import_module
    return _bootstrap._gcd_import(name[level:], package, level)
  File "<frozen importlib._bootstrap>", line 1050, in _gcd_import
  File "<frozen importlib._bootstrap>", line 1027, in _find_and_load
  File "<frozen importlib._bootstrap>", line 1006, in _find_and_load_unlocked
  File "<frozen importlib._bootstrap>", line 688, in _load_unlocked
  File "/workdir/reportlab-3.6.12/.tox/cpythonlibtest-unit-test-tests/lib/python3.10/site-packages/_pytest/assertion/rewrite.py", line 186, in exec_module
    exec(co, module.__dict__)
  File "/workdir/reportlab-3.6.12/tests/test_images.py", line 9, in <module>
    setOutDir(__name__)
  File "/workdir/reportlab-3.6.12/.tox/cpythonlibtest-unit-test-tests/lib/python3.10/site-packages/reportlab/lib/testutils.py", line 57, in setOutDir
    assert name=='__main__',"setOutDir should only be called in the main script"
AssertionError: setOutDir should only be called in the main script
___________________ ERROR collecting tests/test_invariant.py ___________________
Traceback (most recent call last):
  File "/workdir/reportlab-3.6.12/.tox/cpythonlibtest-unit-test-tests/lib/python3.10/site-packages/_pytest/runner.py", line 341, in from_call
    result: Optional[TResult] = func()
  File "/workdir/reportlab-3.6.12/.tox/cpythonlibtest-unit-test-tests/lib/python3.10/site-packages/_pytest/runner.py", line 372, in <lambda>
    call = CallInfo.from_call(lambda: list(collector.collect()), "collect")
  File "/workdir/reportlab-3.6.12/.tox/cpythonlibtest-unit-test-tests/lib/python3.10/site-packages/_pytest/python.py", line 531, in collect
    self._inject_setup_module_fixture()
  File "/workdir/reportlab-3.6.12/.tox/cpythonlibtest-unit-test-tests/lib/python3.10/site-packages/_pytest/python.py", line 545, in _inject_setup_module_fixture
    self.obj, ("setUpModule", "setup_module")
  File "/workdir/reportlab-3.6.12/.tox/cpythonlibtest-unit-test-tests/lib/python3.10/site-packages/_pytest/python.py", line 310, in obj
    self._obj = obj = self._getobj()
  File "/workdir/reportlab-3.6.12/.tox/cpythonlibtest-unit-test-tests/lib/python3.10/site-packages/_pytest/python.py", line 528, in _getobj
    return self._importtestmodule()
  File "/workdir/reportlab-3.6.12/.tox/cpythonlibtest-unit-test-tests/lib/python3.10/site-packages/_pytest/python.py", line 617, in _importtestmodule
    mod = import_path(self.path, mode=importmode, root=self.config.rootpath)
  File "/workdir/reportlab-3.6.12/.tox/cpythonlibtest-unit-test-tests/lib/python3.10/site-packages/_pytest/pathlib.py", line 567, in import_path
    importlib.import_module(module_name)
  File "/usr/local/lib/python3.10/importlib/__init__.py", line 126, in import_module
    return _bootstrap._gcd_import(name[level:], package, level)
  File "<frozen importlib._bootstrap>", line 1050, in _gcd_import
  File "<frozen importlib._bootstrap>", line 1027, in _find_and_load
  File "<frozen importlib._bootstrap>", line 1006, in _find_and_load_unlocked
  File "<frozen importlib._bootstrap>", line 688, in _load_unlocked
  File "/workdir/reportlab-3.6.12/.tox/cpythonlibtest-unit-test-tests/lib/python3.10/site-packages/_pytest/assertion/rewrite.py", line 186, in exec_module
    exec(co, module.__dict__)
  File "/workdir/reportlab-3.6.12/tests/test_invariant.py", line 9, in <module>
    setOutDir(__name__)
  File "/workdir/reportlab-3.6.12/.tox/cpythonlibtest-unit-test-tests/lib/python3.10/site-packages/reportlab/lib/testutils.py", line 57, in setOutDir
    assert name=='__main__',"setOutDir should only be called in the main script"
AssertionError: setOutDir should only be called in the main script
____________________ ERROR collecting tests/test_issues.py _____________________
Traceback (most recent call last):
  File "/workdir/reportlab-3.6.12/.tox/cpythonlibtest-unit-test-tests/lib/python3.10/site-packages/_pytest/runner.py", line 341, in from_call
    result: Optional[TResult] = func()
  File "/workdir/reportlab-3.6.12/.tox/cpythonlibtest-unit-test-tests/lib/python3.10/site-packages/_pytest/runner.py", line 372, in <lambda>
    call = CallInfo.from_call(lambda: list(collector.collect()), "collect")
  File "/workdir/reportlab-3.6.12/.tox/cpythonlibtest-unit-test-tests/lib/python3.10/site-packages/_pytest/python.py", line 531, in collect
    self._inject_setup_module_fixture()
  File "/workdir/reportlab-3.6.12/.tox/cpythonlibtest-unit-test-tests/lib/python3.10/site-packages/_pytest/python.py", line 545, in _inject_setup_module_fixture
    self.obj, ("setUpModule", "setup_module")
  File "/workdir/reportlab-3.6.12/.tox/cpythonlibtest-unit-test-tests/lib/python3.10/site-packages/_pytest/python.py", line 310, in obj
    self._obj = obj = self._getobj()
  File "/workdir/reportlab-3.6.12/.tox/cpythonlibtest-unit-test-tests/lib/python3.10/site-packages/_pytest/python.py", line 528, in _getobj
    return self._importtestmodule()
  File "/workdir/reportlab-3.6.12/.tox/cpythonlibtest-unit-test-tests/lib/python3.10/site-packages/_pytest/python.py", line 617, in _importtestmodule
    mod = import_path(self.path, mode=importmode, root=self.config.rootpath)
  File "/workdir/reportlab-3.6.12/.tox/cpythonlibtest-unit-test-tests/lib/python3.10/site-packages/_pytest/pathlib.py", line 567, in import_path
    importlib.import_module(module_name)
  File "/usr/local/lib/python3.10/importlib/__init__.py", line 126, in import_module
    return _bootstrap._gcd_import(name[level:], package, level)
  File "<frozen importlib._bootstrap>", line 1050, in _gcd_import
  File "<frozen importlib._bootstrap>", line 1027, in _find_and_load
  File "<frozen importlib._bootstrap>", line 1006, in _find_and_load_unlocked
  File "<frozen importlib._bootstrap>", line 688, in _load_unlocked
  File "/workdir/reportlab-3.6.12/.tox/cpythonlibtest-unit-test-tests/lib/python3.10/site-packages/_pytest/assertion/rewrite.py", line 186, in exec_module
    exec(co, module.__dict__)
  File "/workdir/reportlab-3.6.12/tests/test_issues.py", line 7, in <module>
    setOutDir(__name__)
  File "/workdir/reportlab-3.6.12/.tox/cpythonlibtest-unit-test-tests/lib/python3.10/site-packages/reportlab/lib/testutils.py", line 57, in setOutDir
    assert name=='__main__',"setOutDir should only be called in the main script"
AssertionError: setOutDir should only be called in the main script
__________________ ERROR collecting tests/test_lib_colors.py ___________________
Traceback (most recent call last):
  File "/workdir/reportlab-3.6.12/.tox/cpythonlibtest-unit-test-tests/lib/python3.10/site-packages/_pytest/runner.py", line 341, in from_call
    result: Optional[TResult] = func()
  File "/workdir/reportlab-3.6.12/.tox/cpythonlibtest-unit-test-tests/lib/python3.10/site-packages/_pytest/runner.py", line 372, in <lambda>
    call = CallInfo.from_call(lambda: list(collector.collect()), "collect")
  File "/workdir/reportlab-3.6.12/.tox/cpythonlibtest-unit-test-tests/lib/python3.10/site-packages/_pytest/python.py", line 531, in collect
    self._inject_setup_module_fixture()
  File "/workdir/reportlab-3.6.12/.tox/cpythonlibtest-unit-test-tests/lib/python3.10/site-packages/_pytest/python.py", line 545, in _inject_setup_module_fixture
    self.obj, ("setUpModule", "setup_module")
  File "/workdir/reportlab-3.6.12/.tox/cpythonlibtest-unit-test-tests/lib/python3.10/site-packages/_pytest/python.py", line 310, in obj
    self._obj = obj = self._getobj()
  File "/workdir/reportlab-3.6.12/.tox/cpythonlibtest-unit-test-tests/lib/python3.10/site-packages/_pytest/python.py", line 528, in _getobj
    return self._importtestmodule()
  File "/workdir/reportlab-3.6.12/.tox/cpythonlibtest-unit-test-tests/lib/python3.10/site-packages/_pytest/python.py", line 617, in _importtestmodule
    mod = import_path(self.path, mode=importmode, root=self.config.rootpath)
  File "/workdir/reportlab-3.6.12/.tox/cpythonlibtest-unit-test-tests/lib/python3.10/site-packages/_pytest/pathlib.py", line 567, in import_path
    importlib.import_module(module_name)
  File "/usr/local/lib/python3.10/importlib/__init__.py", line 126, in import_module
    return _bootstrap._gcd_import(name[level:], package, level)
  File "<frozen importlib._bootstrap>", line 1050, in _gcd_import
  File "<frozen importlib._bootstrap>", line 1027, in _find_and_load
  File "<frozen importlib._bootstrap>", line 1006, in _find_and_load_unlocked
  File "<frozen importlib._bootstrap>", line 688, in _load_unlocked
  File "/workdir/reportlab-3.6.12/.tox/cpythonlibtest-unit-test-tests/lib/python3.10/site-packages/_pytest/assertion/rewrite.py", line 186, in exec_module
    exec(co, module.__dict__)
  File "/workdir/reportlab-3.6.12/tests/test_lib_colors.py", line 7, in <module>
    setOutDir(__name__)
  File "/workdir/reportlab-3.6.12/.tox/cpythonlibtest-unit-test-tests/lib/python3.10/site-packages/reportlab/lib/testutils.py", line 57, in setOutDir
    assert name=='__main__',"setOutDir should only be called in the main script"
AssertionError: setOutDir should only be called in the main script
________________ ERROR collecting tests/test_lib_normaldate.py _________________
Traceback (most recent call last):
  File "/workdir/reportlab-3.6.12/.tox/cpythonlibtest-unit-test-tests/lib/python3.10/site-packages/_pytest/runner.py", line 341, in from_call
    result: Optional[TResult] = func()
  File "/workdir/reportlab-3.6.12/.tox/cpythonlibtest-unit-test-tests/lib/python3.10/site-packages/_pytest/runner.py", line 372, in <lambda>
    call = CallInfo.from_call(lambda: list(collector.collect()), "collect")
  File "/workdir/reportlab-3.6.12/.tox/cpythonlibtest-unit-test-tests/lib/python3.10/site-packages/_pytest/python.py", line 531, in collect
    self._inject_setup_module_fixture()
  File "/workdir/reportlab-3.6.12/.tox/cpythonlibtest-unit-test-tests/lib/python3.10/site-packages/_pytest/python.py", line 545, in _inject_setup_module_fixture
    self.obj, ("setUpModule", "setup_module")
  File "/workdir/reportlab-3.6.12/.tox/cpythonlibtest-unit-test-tests/lib/python3.10/site-packages/_pytest/python.py", line 310, in obj
    self._obj = obj = self._getobj()
  File "/workdir/reportlab-3.6.12/.tox/cpythonlibtest-unit-test-tests/lib/python3.10/site-packages/_pytest/python.py", line 528, in _getobj
    return self._importtestmodule()
  File "/workdir/reportlab-3.6.12/.tox/cpythonlibtest-unit-test-tests/lib/python3.10/site-packages/_pytest/python.py", line 617, in _importtestmodule
    mod = import_path(self.path, mode=importmode, root=self.config.rootpath)
  File "/workdir/reportlab-3.6.12/.tox/cpythonlibtest-unit-test-tests/lib/python3.10/site-packages/_pytest/pathlib.py", line 567, in import_path
    importlib.import_module(module_name)
  File "/usr/local/lib/python3.10/importlib/__init__.py", line 126, in import_module
    return _bootstrap._gcd_import(name[level:], package, level)
  File "<frozen importlib._bootstrap>", line 1050, in _gcd_import
  File "<frozen importlib._bootstrap>", line 1027, in _find_and_load
  File "<frozen importlib._bootstrap>", line 1006, in _find_and_load_unlocked
  File "<frozen importlib._bootstrap>", line 688, in _load_unlocked
  File "/workdir/reportlab-3.6.12/.tox/cpythonlibtest-unit-test-tests/lib/python3.10/site-packages/_pytest/assertion/rewrite.py", line 186, in exec_module
    exec(co, module.__dict__)
  File "/workdir/reportlab-3.6.12/tests/test_lib_normaldate.py", line 7, in <module>
    setOutDir(__name__)
  File "/workdir/reportlab-3.6.12/.tox/cpythonlibtest-unit-test-tests/lib/python3.10/site-packages/reportlab/lib/testutils.py", line 57, in setOutDir
    assert name=='__main__',"setOutDir should only be called in the main script"
AssertionError: setOutDir should only be called in the main script
________________ ERROR collecting tests/test_lib_pdfencrypt.py _________________
Traceback (most recent call last):
  File "/workdir/reportlab-3.6.12/.tox/cpythonlibtest-unit-test-tests/lib/python3.10/site-packages/_pytest/runner.py", line 341, in from_call
    result: Optional[TResult] = func()
  File "/workdir/reportlab-3.6.12/.tox/cpythonlibtest-unit-test-tests/lib/python3.10/site-packages/_pytest/runner.py", line 372, in <lambda>
    call = CallInfo.from_call(lambda: list(collector.collect()), "collect")
  File "/workdir/reportlab-3.6.12/.tox/cpythonlibtest-unit-test-tests/lib/python3.10/site-packages/_pytest/python.py", line 531, in collect
    self._inject_setup_module_fixture()
  File "/workdir/reportlab-3.6.12/.tox/cpythonlibtest-unit-test-tests/lib/python3.10/site-packages/_pytest/python.py", line 545, in _inject_setup_module_fixture
    self.obj, ("setUpModule", "setup_module")
  File "/workdir/reportlab-3.6.12/.tox/cpythonlibtest-unit-test-tests/lib/python3.10/site-packages/_pytest/python.py", line 310, in obj
    self._obj = obj = self._getobj()
  File "/workdir/reportlab-3.6.12/.tox/cpythonlibtest-unit-test-tests/lib/python3.10/site-packages/_pytest/python.py", line 528, in _getobj
    return self._importtestmodule()
  File "/workdir/reportlab-3.6.12/.tox/cpythonlibtest-unit-test-tests/lib/python3.10/site-packages/_pytest/python.py", line 617, in _importtestmodule
    mod = import_path(self.path, mode=importmode, root=self.config.rootpath)
  File "/workdir/reportlab-3.6.12/.tox/cpythonlibtest-unit-test-tests/lib/python3.10/site-packages/_pytest/pathlib.py", line 567, in import_path
    importlib.import_module(module_name)
  File "/usr/local/lib/python3.10/importlib/__init__.py", line 126, in import_module
    return _bootstrap._gcd_import(name[level:], package, level)
  File "<frozen importlib._bootstrap>", line 1050, in _gcd_import
  File "<frozen importlib._bootstrap>", line 1027, in _find_and_load
  File "<frozen importlib._bootstrap>", line 1006, in _find_and_load_unlocked
  File "<frozen importlib._bootstrap>", line 688, in _load_unlocked
  File "/workdir/reportlab-3.6.12/.tox/cpythonlibtest-unit-test-tests/lib/python3.10/site-packages/_pytest/assertion/rewrite.py", line 186, in exec_module
    exec(co, module.__dict__)
  File "/workdir/reportlab-3.6.12/tests/test_lib_pdfencrypt.py", line 10, in <module>
    setOutDir(__name__)
  File "/workdir/reportlab-3.6.12/.tox/cpythonlibtest-unit-test-tests/lib/python3.10/site-packages/reportlab/lib/testutils.py", line 57, in setOutDir
    assert name=='__main__',"setOutDir should only be called in the main script"
AssertionError: setOutDir should only be called in the main script
_______________ ERROR collecting tests/test_lib_rl_safe_eval.py ________________
Traceback (most recent call last):
  File "/workdir/reportlab-3.6.12/.tox/cpythonlibtest-unit-test-tests/lib/python3.10/site-packages/_pytest/runner.py", line 341, in from_call
    result: Optional[TResult] = func()
  File "/workdir/reportlab-3.6.12/.tox/cpythonlibtest-unit-test-tests/lib/python3.10/site-packages/_pytest/runner.py", line 372, in <lambda>
    call = CallInfo.from_call(lambda: list(collector.collect()), "collect")
  File "/workdir/reportlab-3.6.12/.tox/cpythonlibtest-unit-test-tests/lib/python3.10/site-packages/_pytest/python.py", line 531, in collect
    self._inject_setup_module_fixture()
  File "/workdir/reportlab-3.6.12/.tox/cpythonlibtest-unit-test-tests/lib/python3.10/site-packages/_pytest/python.py", line 545, in _inject_setup_module_fixture
    self.obj, ("setUpModule", "setup_module")
  File "/workdir/reportlab-3.6.12/.tox/cpythonlibtest-unit-test-tests/lib/python3.10/site-packages/_pytest/python.py", line 310, in obj
    self._obj = obj = self._getobj()
  File "/workdir/reportlab-3.6.12/.tox/cpythonlibtest-unit-test-tests/lib/python3.10/site-packages/_pytest/python.py", line 528, in _getobj
    return self._importtestmodule()
  File "/workdir/reportlab-3.6.12/.tox/cpythonlibtest-unit-test-tests/lib/python3.10/site-packages/_pytest/python.py", line 617, in _importtestmodule
    mod = import_path(self.path, mode=importmode, root=self.config.rootpath)
  File "/workdir/reportlab-3.6.12/.tox/cpythonlibtest-unit-test-tests/lib/python3.10/site-packages/_pytest/pathlib.py", line 567, in import_path
    importlib.import_module(module_name)
  File "/usr/local/lib/python3.10/importlib/__init__.py", line 126, in import_module
    return _bootstrap._gcd_import(name[level:], package, level)
  File "<frozen importlib._bootstrap>", line 1050, in _gcd_import
  File "<frozen importlib._bootstrap>", line 1027, in _find_and_load
  File "<frozen importlib._bootstrap>", line 1006, in _find_and_load_unlocked
  File "<frozen importlib._bootstrap>", line 688, in _load_unlocked
  File "/workdir/reportlab-3.6.12/.tox/cpythonlibtest-unit-test-tests/lib/python3.10/site-packages/_pytest/assertion/rewrite.py", line 186, in exec_module
    exec(co, module.__dict__)
  File "/workdir/reportlab-3.6.12/tests/test_lib_rl_safe_eval.py", line 7, in <module>
    setOutDir(__name__)
  File "/workdir/reportlab-3.6.12/.tox/cpythonlibtest-unit-test-tests/lib/python3.10/site-packages/reportlab/lib/testutils.py", line 57, in setOutDir
    assert name=='__main__',"setOutDir should only be called in the main script"
AssertionError: setOutDir should only be called in the main script
_________________ ERROR collecting tests/test_lib_sequencer.py _________________
Traceback (most recent call last):
  File "/workdir/reportlab-3.6.12/.tox/cpythonlibtest-unit-test-tests/lib/python3.10/site-packages/_pytest/runner.py", line 341, in from_call
    result: Optional[TResult] = func()
  File "/workdir/reportlab-3.6.12/.tox/cpythonlibtest-unit-test-tests/lib/python3.10/site-packages/_pytest/runner.py", line 372, in <lambda>
    call = CallInfo.from_call(lambda: list(collector.collect()), "collect")
  File "/workdir/reportlab-3.6.12/.tox/cpythonlibtest-unit-test-tests/lib/python3.10/site-packages/_pytest/python.py", line 531, in collect
    self._inject_setup_module_fixture()
  File "/workdir/reportlab-3.6.12/.tox/cpythonlibtest-unit-test-tests/lib/python3.10/site-packages/_pytest/python.py", line 545, in _inject_setup_module_fixture
    self.obj, ("setUpModule", "setup_module")
  File "/workdir/reportlab-3.6.12/.tox/cpythonlibtest-unit-test-tests/lib/python3.10/site-packages/_pytest/python.py", line 310, in obj
    self._obj = obj = self._getobj()
  File "/workdir/reportlab-3.6.12/.tox/cpythonlibtest-unit-test-tests/lib/python3.10/site-packages/_pytest/python.py", line 528, in _getobj
    return self._importtestmodule()
  File "/workdir/reportlab-3.6.12/.tox/cpythonlibtest-unit-test-tests/lib/python3.10/site-packages/_pytest/python.py", line 617, in _importtestmodule
    mod = import_path(self.path, mode=importmode, root=self.config.rootpath)
  File "/workdir/reportlab-3.6.12/.tox/cpythonlibtest-unit-test-tests/lib/python3.10/site-packages/_pytest/pathlib.py", line 567, in import_path
    importlib.import_module(module_name)
  File "/usr/local/lib/python3.10/importlib/__init__.py", line 126, in import_module
    return _bootstrap._gcd_import(name[level:], package, level)
  File "<frozen importlib._bootstrap>", line 1050, in _gcd_import
  File "<frozen importlib._bootstrap>", line 1027, in _find_and_load
  File "<frozen importlib._bootstrap>", line 1006, in _find_and_load_unlocked
  File "<frozen importlib._bootstrap>", line 688, in _load_unlocked
  File "/workdir/reportlab-3.6.12/.tox/cpythonlibtest-unit-test-tests/lib/python3.10/site-packages/_pytest/assertion/rewrite.py", line 186, in exec_module
    exec(co, module.__dict__)
  File "/workdir/reportlab-3.6.12/tests/test_lib_sequencer.py", line 7, in <module>
    setOutDir(__name__)
  File "/workdir/reportlab-3.6.12/.tox/cpythonlibtest-unit-test-tests/lib/python3.10/site-packages/reportlab/lib/testutils.py", line 57, in setOutDir
    assert name=='__main__',"setOutDir should only be called in the main script"
AssertionError: setOutDir should only be called in the main script
___________________ ERROR collecting tests/test_lib_utils.py ___________________
Traceback (most recent call last):
  File "/workdir/reportlab-3.6.12/.tox/cpythonlibtest-unit-test-tests/lib/python3.10/site-packages/_pytest/runner.py", line 341, in from_call
    result: Optional[TResult] = func()
  File "/workdir/reportlab-3.6.12/.tox/cpythonlibtest-unit-test-tests/lib/python3.10/site-packages/_pytest/runner.py", line 372, in <lambda>
    call = CallInfo.from_call(lambda: list(collector.collect()), "collect")
  File "/workdir/reportlab-3.6.12/.tox/cpythonlibtest-unit-test-tests/lib/python3.10/site-packages/_pytest/python.py", line 531, in collect
    self._inject_setup_module_fixture()
  File "/workdir/reportlab-3.6.12/.tox/cpythonlibtest-unit-test-tests/lib/python3.10/site-packages/_pytest/python.py", line 545, in _inject_setup_module_fixture
    self.obj, ("setUpModule", "setup_module")
  File "/workdir/reportlab-3.6.12/.tox/cpythonlibtest-unit-test-tests/lib/python3.10/site-packages/_pytest/python.py", line 310, in obj
    self._obj = obj = self._getobj()
  File "/workdir/reportlab-3.6.12/.tox/cpythonlibtest-unit-test-tests/lib/python3.10/site-packages/_pytest/python.py", line 528, in _getobj
    return self._importtestmodule()
  File "/workdir/reportlab-3.6.12/.tox/cpythonlibtest-unit-test-tests/lib/python3.10/site-packages/_pytest/python.py", line 617, in _importtestmodule
    mod = import_path(self.path, mode=importmode, root=self.config.rootpath)
  File "/workdir/reportlab-3.6.12/.tox/cpythonlibtest-unit-test-tests/lib/python3.10/site-packages/_pytest/pathlib.py", line 567, in import_path
    importlib.import_module(module_name)
  File "/usr/local/lib/python3.10/importlib/__init__.py", line 126, in import_module
    return _bootstrap._gcd_import(name[level:], package, level)
  File "<frozen importlib._bootstrap>", line 1050, in _gcd_import
  File "<frozen importlib._bootstrap>", line 1027, in _find_and_load
  File "<frozen importlib._bootstrap>", line 1006, in _find_and_load_unlocked
  File "<frozen importlib._bootstrap>", line 688, in _load_unlocked
  File "/workdir/reportlab-3.6.12/.tox/cpythonlibtest-unit-test-tests/lib/python3.10/site-packages/_pytest/assertion/rewrite.py", line 186, in exec_module
    exec(co, module.__dict__)
  File "/workdir/reportlab-3.6.12/tests/test_lib_utils.py", line 8, in <module>
    setOutDir(__name__)
  File "/workdir/reportlab-3.6.12/.tox/cpythonlibtest-unit-test-tests/lib/python3.10/site-packages/reportlab/lib/testutils.py", line 57, in setOutDir
    assert name=='__main__',"setOutDir should only be called in the main script"
AssertionError: setOutDir should only be called in the main script
________________ ERROR collecting tests/test_lib_validators.py _________________
Traceback (most recent call last):
  File "/workdir/reportlab-3.6.12/.tox/cpythonlibtest-unit-test-tests/lib/python3.10/site-packages/_pytest/runner.py", line 341, in from_call
    result: Optional[TResult] = func()
  File "/workdir/reportlab-3.6.12/.tox/cpythonlibtest-unit-test-tests/lib/python3.10/site-packages/_pytest/runner.py", line 372, in <lambda>
    call = CallInfo.from_call(lambda: list(collector.collect()), "collect")
  File "/workdir/reportlab-3.6.12/.tox/cpythonlibtest-unit-test-tests/lib/python3.10/site-packages/_pytest/python.py", line 531, in collect
    self._inject_setup_module_fixture()
  File "/workdir/reportlab-3.6.12/.tox/cpythonlibtest-unit-test-tests/lib/python3.10/site-packages/_pytest/python.py", line 545, in _inject_setup_module_fixture
    self.obj, ("setUpModule", "setup_module")
  File "/workdir/reportlab-3.6.12/.tox/cpythonlibtest-unit-test-tests/lib/python3.10/site-packages/_pytest/python.py", line 310, in obj
    self._obj = obj = self._getobj()
  File "/workdir/reportlab-3.6.12/.tox/cpythonlibtest-unit-test-tests/lib/python3.10/site-packages/_pytest/python.py", line 528, in _getobj
    return self._importtestmodule()
  File "/workdir/reportlab-3.6.12/.tox/cpythonlibtest-unit-test-tests/lib/python3.10/site-packages/_pytest/python.py", line 617, in _importtestmodule
    mod = import_path(self.path, mode=importmode, root=self.config.rootpath)
  File "/workdir/reportlab-3.6.12/.tox/cpythonlibtest-unit-test-tests/lib/python3.10/site-packages/_pytest/pathlib.py", line 567, in import_path
    importlib.import_module(module_name)
  File "/usr/local/lib/python3.10/importlib/__init__.py", line 126, in import_module
    return _bootstrap._gcd_import(name[level:], package, level)
  File "<frozen importlib._bootstrap>", line 1050, in _gcd_import
  File "<frozen importlib._bootstrap>", line 1027, in _find_and_load
  File "<frozen importlib._bootstrap>", line 1006, in _find_and_load_unlocked
  File "<frozen importlib._bootstrap>", line 688, in _load_unlocked
  File "/workdir/reportlab-3.6.12/.tox/cpythonlibtest-unit-test-tests/lib/python3.10/site-packages/_pytest/assertion/rewrite.py", line 186, in exec_module
    exec(co, module.__dict__)
  File "/workdir/reportlab-3.6.12/tests/test_lib_validators.py", line 4, in <module>
    setOutDir(__name__)
  File "/workdir/reportlab-3.6.12/.tox/cpythonlibtest-unit-test-tests/lib/python3.10/site-packages/reportlab/lib/testutils.py", line 57, in setOutDir
    assert name=='__main__',"setOutDir should only be called in the main script"
AssertionError: setOutDir should only be called in the main script
_________________ ERROR collecting tests/test_multibyte_chs.py _________________
Traceback (most recent call last):
  File "/workdir/reportlab-3.6.12/.tox/cpythonlibtest-unit-test-tests/lib/python3.10/site-packages/_pytest/runner.py", line 341, in from_call
    result: Optional[TResult] = func()
  File "/workdir/reportlab-3.6.12/.tox/cpythonlibtest-unit-test-tests/lib/python3.10/site-packages/_pytest/runner.py", line 372, in <lambda>
    call = CallInfo.from_call(lambda: list(collector.collect()), "collect")
  File "/workdir/reportlab-3.6.12/.tox/cpythonlibtest-unit-test-tests/lib/python3.10/site-packages/_pytest/python.py", line 531, in collect
    self._inject_setup_module_fixture()
  File "/workdir/reportlab-3.6.12/.tox/cpythonlibtest-unit-test-tests/lib/python3.10/site-packages/_pytest/python.py", line 545, in _inject_setup_module_fixture
    self.obj, ("setUpModule", "setup_module")
  File "/workdir/reportlab-3.6.12/.tox/cpythonlibtest-unit-test-tests/lib/python3.10/site-packages/_pytest/python.py", line 310, in obj
    self._obj = obj = self._getobj()
  File "/workdir/reportlab-3.6.12/.tox/cpythonlibtest-unit-test-tests/lib/python3.10/site-packages/_pytest/python.py", line 528, in _getobj
    return self._importtestmodule()
  File "/workdir/reportlab-3.6.12/.tox/cpythonlibtest-unit-test-tests/lib/python3.10/site-packages/_pytest/python.py", line 617, in _importtestmodule
    mod = import_path(self.path, mode=importmode, root=self.config.rootpath)
  File "/workdir/reportlab-3.6.12/.tox/cpythonlibtest-unit-test-tests/lib/python3.10/site-packages/_pytest/pathlib.py", line 567, in import_path
    importlib.import_module(module_name)
  File "/usr/local/lib/python3.10/importlib/__init__.py", line 126, in import_module
    return _bootstrap._gcd_import(name[level:], package, level)
  File "<frozen importlib._bootstrap>", line 1050, in _gcd_import
  File "<frozen importlib._bootstrap>", line 1027, in _find_and_load
  File "<frozen importlib._bootstrap>", line 1006, in _find_and_load_unlocked
  File "<frozen importlib._bootstrap>", line 688, in _load_unlocked
  File "/workdir/reportlab-3.6.12/.tox/cpythonlibtest-unit-test-tests/lib/python3.10/site-packages/_pytest/assertion/rewrite.py", line 186, in exec_module
    exec(co, module.__dict__)
  File "/workdir/reportlab-3.6.12/tests/test_multibyte_chs.py", line 10, in <module>
    setOutDir(__name__)
  File "/workdir/reportlab-3.6.12/.tox/cpythonlibtest-unit-test-tests/lib/python3.10/site-packages/reportlab/lib/testutils.py", line 57, in setOutDir
    assert name=='__main__',"setOutDir should only be called in the main script"
AssertionError: setOutDir should only be called in the main script
_________________ ERROR collecting tests/test_multibyte_cht.py _________________
Traceback (most recent call last):
  File "/workdir/reportlab-3.6.12/.tox/cpythonlibtest-unit-test-tests/lib/python3.10/site-packages/_pytest/runner.py", line 341, in from_call
    result: Optional[TResult] = func()
  File "/workdir/reportlab-3.6.12/.tox/cpythonlibtest-unit-test-tests/lib/python3.10/site-packages/_pytest/runner.py", line 372, in <lambda>
    call = CallInfo.from_call(lambda: list(collector.collect()), "collect")
  File "/workdir/reportlab-3.6.12/.tox/cpythonlibtest-unit-test-tests/lib/python3.10/site-packages/_pytest/python.py", line 531, in collect
    self._inject_setup_module_fixture()
  File "/workdir/reportlab-3.6.12/.tox/cpythonlibtest-unit-test-tests/lib/python3.10/site-packages/_pytest/python.py", line 545, in _inject_setup_module_fixture
    self.obj, ("setUpModule", "setup_module")
  File "/workdir/reportlab-3.6.12/.tox/cpythonlibtest-unit-test-tests/lib/python3.10/site-packages/_pytest/python.py", line 310, in obj
    self._obj = obj = self._getobj()
  File "/workdir/reportlab-3.6.12/.tox/cpythonlibtest-unit-test-tests/lib/python3.10/site-packages/_pytest/python.py", line 528, in _getobj
    return self._importtestmodule()
  File "/workdir/reportlab-3.6.12/.tox/cpythonlibtest-unit-test-tests/lib/python3.10/site-packages/_pytest/python.py", line 617, in _importtestmodule
    mod = import_path(self.path, mode=importmode, root=self.config.rootpath)
  File "/workdir/reportlab-3.6.12/.tox/cpythonlibtest-unit-test-tests/lib/python3.10/site-packages/_pytest/pathlib.py", line 567, in import_path
    importlib.import_module(module_name)
  File "/usr/local/lib/python3.10/importlib/__init__.py", line 126, in import_module
    return _bootstrap._gcd_import(name[level:], package, level)
  File "<frozen importlib._bootstrap>", line 1050, in _gcd_import
  File "<frozen importlib._bootstrap>", line 1027, in _find_and_load
  File "<frozen importlib._bootstrap>", line 1006, in _find_and_load_unlocked
  File "<frozen importlib._bootstrap>", line 688, in _load_unlocked
  File "/workdir/reportlab-3.6.12/.tox/cpythonlibtest-unit-test-tests/lib/python3.10/site-packages/_pytest/assertion/rewrite.py", line 186, in exec_module
    exec(co, module.__dict__)
  File "/workdir/reportlab-3.6.12/tests/test_multibyte_cht.py", line 9, in <module>
    setOutDir(__name__)
  File "/workdir/reportlab-3.6.12/.tox/cpythonlibtest-unit-test-tests/lib/python3.10/site-packages/reportlab/lib/testutils.py", line 57, in setOutDir
    assert name=='__main__',"setOutDir should only be called in the main script"
AssertionError: setOutDir should only be called in the main script
_________________ ERROR collecting tests/test_multibyte_jpn.py _________________
Traceback (most recent call last):
  File "/workdir/reportlab-3.6.12/.tox/cpythonlibtest-unit-test-tests/lib/python3.10/site-packages/_pytest/runner.py", line 341, in from_call
    result: Optional[TResult] = func()
  File "/workdir/reportlab-3.6.12/.tox/cpythonlibtest-unit-test-tests/lib/python3.10/site-packages/_pytest/runner.py", line 372, in <lambda>
    call = CallInfo.from_call(lambda: list(collector.collect()), "collect")
  File "/workdir/reportlab-3.6.12/.tox/cpythonlibtest-unit-test-tests/lib/python3.10/site-packages/_pytest/python.py", line 531, in collect
    self._inject_setup_module_fixture()
  File "/workdir/reportlab-3.6.12/.tox/cpythonlibtest-unit-test-tests/lib/python3.10/site-packages/_pytest/python.py", line 545, in _inject_setup_module_fixture
    self.obj, ("setUpModule", "setup_module")
  File "/workdir/reportlab-3.6.12/.tox/cpythonlibtest-unit-test-tests/lib/python3.10/site-packages/_pytest/python.py", line 310, in obj
    self._obj = obj = self._getobj()
  File "/workdir/reportlab-3.6.12/.tox/cpythonlibtest-unit-test-tests/lib/python3.10/site-packages/_pytest/python.py", line 528, in _getobj
    return self._importtestmodule()
  File "/workdir/reportlab-3.6.12/.tox/cpythonlibtest-unit-test-tests/lib/python3.10/site-packages/_pytest/python.py", line 617, in _importtestmodule
    mod = import_path(self.path, mode=importmode, root=self.config.rootpath)
  File "/workdir/reportlab-3.6.12/.tox/cpythonlibtest-unit-test-tests/lib/python3.10/site-packages/_pytest/pathlib.py", line 567, in import_path
    importlib.import_module(module_name)
  File "/usr/local/lib/python3.10/importlib/__init__.py", line 126, in import_module
    return _bootstrap._gcd_import(name[level:], package, level)
  File "<frozen importlib._bootstrap>", line 1050, in _gcd_import
  File "<frozen importlib._bootstrap>", line 1027, in _find_and_load
  File "<frozen importlib._bootstrap>", line 1006, in _find_and_load_unlocked
  File "<frozen importlib._bootstrap>", line 688, in _load_unlocked
  File "/workdir/reportlab-3.6.12/.tox/cpythonlibtest-unit-test-tests/lib/python3.10/site-packages/_pytest/assertion/rewrite.py", line 186, in exec_module
    exec(co, module.__dict__)
  File "/workdir/reportlab-3.6.12/tests/test_multibyte_jpn.py", line 10, in <module>
    setOutDir(__name__)
  File "/workdir/reportlab-3.6.12/.tox/cpythonlibtest-unit-test-tests/lib/python3.10/site-packages/reportlab/lib/testutils.py", line 57, in setOutDir
    assert name=='__main__',"setOutDir should only be called in the main script"
AssertionError: setOutDir should only be called in the main script
_________________ ERROR collecting tests/test_multibyte_kor.py _________________
Traceback (most recent call last):
  File "/workdir/reportlab-3.6.12/.tox/cpythonlibtest-unit-test-tests/lib/python3.10/site-packages/_pytest/runner.py", line 341, in from_call
    result: Optional[TResult] = func()
  File "/workdir/reportlab-3.6.12/.tox/cpythonlibtest-unit-test-tests/lib/python3.10/site-packages/_pytest/runner.py", line 372, in <lambda>
    call = CallInfo.from_call(lambda: list(collector.collect()), "collect")
  File "/workdir/reportlab-3.6.12/.tox/cpythonlibtest-unit-test-tests/lib/python3.10/site-packages/_pytest/python.py", line 531, in collect
    self._inject_setup_module_fixture()
  File "/workdir/reportlab-3.6.12/.tox/cpythonlibtest-unit-test-tests/lib/python3.10/site-packages/_pytest/python.py", line 545, in _inject_setup_module_fixture
    self.obj, ("setUpModule", "setup_module")
  File "/workdir/reportlab-3.6.12/.tox/cpythonlibtest-unit-test-tests/lib/python3.10/site-packages/_pytest/python.py", line 310, in obj
    self._obj = obj = self._getobj()
  File "/workdir/reportlab-3.6.12/.tox/cpythonlibtest-unit-test-tests/lib/python3.10/site-packages/_pytest/python.py", line 528, in _getobj
    return self._importtestmodule()
  File "/workdir/reportlab-3.6.12/.tox/cpythonlibtest-unit-test-tests/lib/python3.10/site-packages/_pytest/python.py", line 617, in _importtestmodule
    mod = import_path(self.path, mode=importmode, root=self.config.rootpath)
  File "/workdir/reportlab-3.6.12/.tox/cpythonlibtest-unit-test-tests/lib/python3.10/site-packages/_pytest/pathlib.py", line 567, in import_path
    importlib.import_module(module_name)
  File "/usr/local/lib/python3.10/importlib/__init__.py", line 126, in import_module
    return _bootstrap._gcd_import(name[level:], package, level)
  File "<frozen importlib._bootstrap>", line 1050, in _gcd_import
  File "<frozen importlib._bootstrap>", line 1027, in _find_and_load
  File "<frozen importlib._bootstrap>", line 1006, in _find_and_load_unlocked
  File "<frozen importlib._bootstrap>", line 688, in _load_unlocked
  File "/workdir/reportlab-3.6.12/.tox/cpythonlibtest-unit-test-tests/lib/python3.10/site-packages/_pytest/assertion/rewrite.py", line 186, in exec_module
    exec(co, module.__dict__)
  File "/workdir/reportlab-3.6.12/tests/test_multibyte_kor.py", line 2, in <module>
    setOutDir(__name__)
  File "/workdir/reportlab-3.6.12/.tox/cpythonlibtest-unit-test-tests/lib/python3.10/site-packages/reportlab/lib/testutils.py", line 57, in setOutDir
    assert name=='__main__',"setOutDir should only be called in the main script"
AssertionError: setOutDir should only be called in the main script
__________________ ERROR collecting tests/test_paragraphs.py ___________________
Traceback (most recent call last):
  File "/workdir/reportlab-3.6.12/.tox/cpythonlibtest-unit-test-tests/lib/python3.10/site-packages/_pytest/runner.py", line 341, in from_call
    result: Optional[TResult] = func()
  File "/workdir/reportlab-3.6.12/.tox/cpythonlibtest-unit-test-tests/lib/python3.10/site-packages/_pytest/runner.py", line 372, in <lambda>
    call = CallInfo.from_call(lambda: list(collector.collect()), "collect")
  File "/workdir/reportlab-3.6.12/.tox/cpythonlibtest-unit-test-tests/lib/python3.10/site-packages/_pytest/python.py", line 531, in collect
    self._inject_setup_module_fixture()
  File "/workdir/reportlab-3.6.12/.tox/cpythonlibtest-unit-test-tests/lib/python3.10/site-packages/_pytest/python.py", line 545, in _inject_setup_module_fixture
    self.obj, ("setUpModule", "setup_module")
  File "/workdir/reportlab-3.6.12/.tox/cpythonlibtest-unit-test-tests/lib/python3.10/site-packages/_pytest/python.py", line 310, in obj
    self._obj = obj = self._getobj()
  File "/workdir/reportlab-3.6.12/.tox/cpythonlibtest-unit-test-tests/lib/python3.10/site-packages/_pytest/python.py", line 528, in _getobj
    return self._importtestmodule()
  File "/workdir/reportlab-3.6.12/.tox/cpythonlibtest-unit-test-tests/lib/python3.10/site-packages/_pytest/python.py", line 617, in _importtestmodule
    mod = import_path(self.path, mode=importmode, root=self.config.rootpath)
  File "/workdir/reportlab-3.6.12/.tox/cpythonlibtest-unit-test-tests/lib/python3.10/site-packages/_pytest/pathlib.py", line 567, in import_path
    importlib.import_module(module_name)
  File "/usr/local/lib/python3.10/importlib/__init__.py", line 126, in import_module
    return _bootstrap._gcd_import(name[level:], package, level)
  File "<frozen importlib._bootstrap>", line 1050, in _gcd_import
  File "<frozen importlib._bootstrap>", line 1027, in _find_and_load
  File "<frozen importlib._bootstrap>", line 1006, in _find_and_load_unlocked
  File "<frozen importlib._bootstrap>", line 688, in _load_unlocked
  File "/workdir/reportlab-3.6.12/.tox/cpythonlibtest-unit-test-tests/lib/python3.10/site-packages/_pytest/assertion/rewrite.py", line 186, in exec_module
    exec(co, module.__dict__)
  File "/workdir/reportlab-3.6.12/tests/test_paragraphs.py", line 6, in <module>
    setOutDir(__name__)
  File "/workdir/reportlab-3.6.12/.tox/cpythonlibtest-unit-test-tests/lib/python3.10/site-packages/reportlab/lib/testutils.py", line 57, in setOutDir
    assert name=='__main__',"setOutDir should only be called in the main script"
AssertionError: setOutDir should only be called in the main script
_______________ ERROR collecting tests/test_pdfbase_encodings.py _______________
Traceback (most recent call last):
  File "/workdir/reportlab-3.6.12/.tox/cpythonlibtest-unit-test-tests/lib/python3.10/site-packages/_pytest/runner.py", line 341, in from_call
    result: Optional[TResult] = func()
  File "/workdir/reportlab-3.6.12/.tox/cpythonlibtest-unit-test-tests/lib/python3.10/site-packages/_pytest/runner.py", line 372, in <lambda>
    call = CallInfo.from_call(lambda: list(collector.collect()), "collect")
  File "/workdir/reportlab-3.6.12/.tox/cpythonlibtest-unit-test-tests/lib/python3.10/site-packages/_pytest/python.py", line 531, in collect
    self._inject_setup_module_fixture()
  File "/workdir/reportlab-3.6.12/.tox/cpythonlibtest-unit-test-tests/lib/python3.10/site-packages/_pytest/python.py", line 545, in _inject_setup_module_fixture
    self.obj, ("setUpModule", "setup_module")
  File "/workdir/reportlab-3.6.12/.tox/cpythonlibtest-unit-test-tests/lib/python3.10/site-packages/_pytest/python.py", line 310, in obj
    self._obj = obj = self._getobj()
  File "/workdir/reportlab-3.6.12/.tox/cpythonlibtest-unit-test-tests/lib/python3.10/site-packages/_pytest/python.py", line 528, in _getobj
    return self._importtestmodule()
  File "/workdir/reportlab-3.6.12/.tox/cpythonlibtest-unit-test-tests/lib/python3.10/site-packages/_pytest/python.py", line 617, in _importtestmodule
    mod = import_path(self.path, mode=importmode, root=self.config.rootpath)
  File "/workdir/reportlab-3.6.12/.tox/cpythonlibtest-unit-test-tests/lib/python3.10/site-packages/_pytest/pathlib.py", line 567, in import_path
    importlib.import_module(module_name)
  File "/usr/local/lib/python3.10/importlib/__init__.py", line 126, in import_module
    return _bootstrap._gcd_import(name[level:], package, level)
  File "<frozen importlib._bootstrap>", line 1050, in _gcd_import
  File "<frozen importlib._bootstrap>", line 1027, in _find_and_load
  File "<frozen importlib._bootstrap>", line 1006, in _find_and_load_unlocked
  File "<frozen importlib._bootstrap>", line 688, in _load_unlocked
  File "/workdir/reportlab-3.6.12/.tox/cpythonlibtest-unit-test-tests/lib/python3.10/site-packages/_pytest/assertion/rewrite.py", line 186, in exec_module
    exec(co, module.__dict__)
  File "/workdir/reportlab-3.6.12/tests/test_pdfbase_encodings.py", line 2, in <module>
    setOutDir(__name__)
  File "/workdir/reportlab-3.6.12/.tox/cpythonlibtest-unit-test-tests/lib/python3.10/site-packages/reportlab/lib/testutils.py", line 57, in setOutDir
    assert name=='__main__',"setOutDir should only be called in the main script"
AssertionError: setOutDir should only be called in the main script
_______________ ERROR collecting tests/test_pdfbase_fontembed.py _______________
Traceback (most recent call last):
  File "/workdir/reportlab-3.6.12/.tox/cpythonlibtest-unit-test-tests/lib/python3.10/site-packages/_pytest/runner.py", line 341, in from_call
    result: Optional[TResult] = func()
  File "/workdir/reportlab-3.6.12/.tox/cpythonlibtest-unit-test-tests/lib/python3.10/site-packages/_pytest/runner.py", line 372, in <lambda>
    call = CallInfo.from_call(lambda: list(collector.collect()), "collect")
  File "/workdir/reportlab-3.6.12/.tox/cpythonlibtest-unit-test-tests/lib/python3.10/site-packages/_pytest/python.py", line 531, in collect
    self._inject_setup_module_fixture()
  File "/workdir/reportlab-3.6.12/.tox/cpythonlibtest-unit-test-tests/lib/python3.10/site-packages/_pytest/python.py", line 545, in _inject_setup_module_fixture
    self.obj, ("setUpModule", "setup_module")
  File "/workdir/reportlab-3.6.12/.tox/cpythonlibtest-unit-test-tests/lib/python3.10/site-packages/_pytest/python.py", line 310, in obj
    self._obj = obj = self._getobj()
  File "/workdir/reportlab-3.6.12/.tox/cpythonlibtest-unit-test-tests/lib/python3.10/site-packages/_pytest/python.py", line 528, in _getobj
    return self._importtestmodule()
  File "/workdir/reportlab-3.6.12/.tox/cpythonlibtest-unit-test-tests/lib/python3.10/site-packages/_pytest/python.py", line 617, in _importtestmodule
    mod = import_path(self.path, mode=importmode, root=self.config.rootpath)
  File "/workdir/reportlab-3.6.12/.tox/cpythonlibtest-unit-test-tests/lib/python3.10/site-packages/_pytest/pathlib.py", line 567, in import_path
    importlib.import_module(module_name)
  File "/usr/local/lib/python3.10/importlib/__init__.py", line 126, in import_module
    return _bootstrap._gcd_import(name[level:], package, level)
  File "<frozen importlib._bootstrap>", line 1050, in _gcd_import
  File "<frozen importlib._bootstrap>", line 1027, in _find_and_load
  File "<frozen importlib._bootstrap>", line 1006, in _find_and_load_unlocked
  File "<frozen importlib._bootstrap>", line 688, in _load_unlocked
  File "/workdir/reportlab-3.6.12/.tox/cpythonlibtest-unit-test-tests/lib/python3.10/site-packages/_pytest/assertion/rewrite.py", line 186, in exec_module
    exec(co, module.__dict__)
  File "/workdir/reportlab-3.6.12/tests/test_pdfbase_fontembed.py", line 2, in <module>
    setOutDir(__name__)
  File "/workdir/reportlab-3.6.12/.tox/cpythonlibtest-unit-test-tests/lib/python3.10/site-packages/reportlab/lib/testutils.py", line 57, in setOutDir
    assert name=='__main__',"setOutDir should only be called in the main script"
AssertionError: setOutDir should only be called in the main script
________________ ERROR collecting tests/test_pdfbase_pdfdoc.py _________________
Traceback (most recent call last):
  File "/workdir/reportlab-3.6.12/.tox/cpythonlibtest-unit-test-tests/lib/python3.10/site-packages/_pytest/runner.py", line 341, in from_call
    result: Optional[TResult] = func()
  File "/workdir/reportlab-3.6.12/.tox/cpythonlibtest-unit-test-tests/lib/python3.10/site-packages/_pytest/runner.py", line 372, in <lambda>
    call = CallInfo.from_call(lambda: list(collector.collect()), "collect")
  File "/workdir/reportlab-3.6.12/.tox/cpythonlibtest-unit-test-tests/lib/python3.10/site-packages/_pytest/python.py", line 531, in collect
    self._inject_setup_module_fixture()
  File "/workdir/reportlab-3.6.12/.tox/cpythonlibtest-unit-test-tests/lib/python3.10/site-packages/_pytest/python.py", line 545, in _inject_setup_module_fixture
    self.obj, ("setUpModule", "setup_module")
  File "/workdir/reportlab-3.6.12/.tox/cpythonlibtest-unit-test-tests/lib/python3.10/site-packages/_pytest/python.py", line 310, in obj
    self._obj = obj = self._getobj()
  File "/workdir/reportlab-3.6.12/.tox/cpythonlibtest-unit-test-tests/lib/python3.10/site-packages/_pytest/python.py", line 528, in _getobj
    return self._importtestmodule()
  File "/workdir/reportlab-3.6.12/.tox/cpythonlibtest-unit-test-tests/lib/python3.10/site-packages/_pytest/python.py", line 617, in _importtestmodule
    mod = import_path(self.path, mode=importmode, root=self.config.rootpath)
  File "/workdir/reportlab-3.6.12/.tox/cpythonlibtest-unit-test-tests/lib/python3.10/site-packages/_pytest/pathlib.py", line 567, in import_path
    importlib.import_module(module_name)
  File "/usr/local/lib/python3.10/importlib/__init__.py", line 126, in import_module
    return _bootstrap._gcd_import(name[level:], package, level)
  File "<frozen importlib._bootstrap>", line 1050, in _gcd_import
  File "<frozen importlib._bootstrap>", line 1027, in _find_and_load
  File "<frozen importlib._bootstrap>", line 1006, in _find_and_load_unlocked
  File "<frozen importlib._bootstrap>", line 688, in _load_unlocked
  File "/workdir/reportlab-3.6.12/.tox/cpythonlibtest-unit-test-tests/lib/python3.10/site-packages/_pytest/assertion/rewrite.py", line 186, in exec_module
    exec(co, module.__dict__)
  File "/workdir/reportlab-3.6.12/tests/test_pdfbase_pdfdoc.py", line 2, in <module>
    setOutDir(__name__)
  File "/workdir/reportlab-3.6.12/.tox/cpythonlibtest-unit-test-tests/lib/python3.10/site-packages/reportlab/lib/testutils.py", line 57, in setOutDir
    assert name=='__main__',"setOutDir should only be called in the main script"
AssertionError: setOutDir should only be called in the main script
________________ ERROR collecting tests/test_pdfbase_pdfform.py ________________
Traceback (most recent call last):
  File "/workdir/reportlab-3.6.12/.tox/cpythonlibtest-unit-test-tests/lib/python3.10/site-packages/_pytest/runner.py", line 341, in from_call
    result: Optional[TResult] = func()
  File "/workdir/reportlab-3.6.12/.tox/cpythonlibtest-unit-test-tests/lib/python3.10/site-packages/_pytest/runner.py", line 372, in <lambda>
    call = CallInfo.from_call(lambda: list(collector.collect()), "collect")
  File "/workdir/reportlab-3.6.12/.tox/cpythonlibtest-unit-test-tests/lib/python3.10/site-packages/_pytest/python.py", line 531, in collect
    self._inject_setup_module_fixture()
  File "/workdir/reportlab-3.6.12/.tox/cpythonlibtest-unit-test-tests/lib/python3.10/site-packages/_pytest/python.py", line 545, in _inject_setup_module_fixture
    self.obj, ("setUpModule", "setup_module")
  File "/workdir/reportlab-3.6.12/.tox/cpythonlibtest-unit-test-tests/lib/python3.10/site-packages/_pytest/python.py", line 310, in obj
    self._obj = obj = self._getobj()
  File "/workdir/reportlab-3.6.12/.tox/cpythonlibtest-unit-test-tests/lib/python3.10/site-packages/_pytest/python.py", line 528, in _getobj
    return self._importtestmodule()
  File "/workdir/reportlab-3.6.12/.tox/cpythonlibtest-unit-test-tests/lib/python3.10/site-packages/_pytest/python.py", line 617, in _importtestmodule
    mod = import_path(self.path, mode=importmode, root=self.config.rootpath)
  File "/workdir/reportlab-3.6.12/.tox/cpythonlibtest-unit-test-tests/lib/python3.10/site-packages/_pytest/pathlib.py", line 567, in import_path
    importlib.import_module(module_name)
  File "/usr/local/lib/python3.10/importlib/__init__.py", line 126, in import_module
    return _bootstrap._gcd_import(name[level:], package, level)
  File "<frozen importlib._bootstrap>", line 1050, in _gcd_import
  File "<frozen importlib._bootstrap>", line 1027, in _find_and_load
  File "<frozen importlib._bootstrap>", line 1006, in _find_and_load_unlocked
  File "<frozen importlib._bootstrap>", line 688, in _load_unlocked
  File "/workdir/reportlab-3.6.12/.tox/cpythonlibtest-unit-test-tests/lib/python3.10/site-packages/_pytest/assertion/rewrite.py", line 186, in exec_module
    exec(co, module.__dict__)
  File "/workdir/reportlab-3.6.12/tests/test_pdfbase_pdfform.py", line 2, in <module>
    setOutDir(__name__)
  File "/workdir/reportlab-3.6.12/.tox/cpythonlibtest-unit-test-tests/lib/python3.10/site-packages/reportlab/lib/testutils.py", line 57, in setOutDir
    assert name=='__main__',"setOutDir should only be called in the main script"
AssertionError: setOutDir should only be called in the main script
______________ ERROR collecting tests/test_pdfbase_pdfmetrics.py _______________
Traceback (most recent call last):
  File "/workdir/reportlab-3.6.12/.tox/cpythonlibtest-unit-test-tests/lib/python3.10/site-packages/_pytest/runner.py", line 341, in from_call
    result: Optional[TResult] = func()
  File "/workdir/reportlab-3.6.12/.tox/cpythonlibtest-unit-test-tests/lib/python3.10/site-packages/_pytest/runner.py", line 372, in <lambda>
    call = CallInfo.from_call(lambda: list(collector.collect()), "collect")
  File "/workdir/reportlab-3.6.12/.tox/cpythonlibtest-unit-test-tests/lib/python3.10/site-packages/_pytest/python.py", line 531, in collect
    self._inject_setup_module_fixture()
  File "/workdir/reportlab-3.6.12/.tox/cpythonlibtest-unit-test-tests/lib/python3.10/site-packages/_pytest/python.py", line 545, in _inject_setup_module_fixture
    self.obj, ("setUpModule", "setup_module")
  File "/workdir/reportlab-3.6.12/.tox/cpythonlibtest-unit-test-tests/lib/python3.10/site-packages/_pytest/python.py", line 310, in obj
    self._obj = obj = self._getobj()
  File "/workdir/reportlab-3.6.12/.tox/cpythonlibtest-unit-test-tests/lib/python3.10/site-packages/_pytest/python.py", line 528, in _getobj
    return self._importtestmodule()
  File "/workdir/reportlab-3.6.12/.tox/cpythonlibtest-unit-test-tests/lib/python3.10/site-packages/_pytest/python.py", line 617, in _importtestmodule
    mod = import_path(self.path, mode=importmode, root=self.config.rootpath)
  File "/workdir/reportlab-3.6.12/.tox/cpythonlibtest-unit-test-tests/lib/python3.10/site-packages/_pytest/pathlib.py", line 567, in import_path
    importlib.import_module(module_name)
  File "/usr/local/lib/python3.10/importlib/__init__.py", line 126, in import_module
    return _bootstrap._gcd_import(name[level:], package, level)
  File "<frozen importlib._bootstrap>", line 1050, in _gcd_import
  File "<frozen importlib._bootstrap>", line 1027, in _find_and_load
  File "<frozen importlib._bootstrap>", line 1006, in _find_and_load_unlocked
  File "<frozen importlib._bootstrap>", line 688, in _load_unlocked
  File "/workdir/reportlab-3.6.12/.tox/cpythonlibtest-unit-test-tests/lib/python3.10/site-packages/_pytest/assertion/rewrite.py", line 186, in exec_module
    exec(co, module.__dict__)
  File "/workdir/reportlab-3.6.12/tests/test_pdfbase_pdfmetrics.py", line 12, in <module>
    setOutDir(__name__)
  File "/workdir/reportlab-3.6.12/.tox/cpythonlibtest-unit-test-tests/lib/python3.10/site-packages/reportlab/lib/testutils.py", line 57, in setOutDir
    assert name=='__main__',"setOutDir should only be called in the main script"
AssertionError: setOutDir should only be called in the main script
_______________ ERROR collecting tests/test_pdfbase_pdfutils.py ________________
Traceback (most recent call last):
  File "/workdir/reportlab-3.6.12/.tox/cpythonlibtest-unit-test-tests/lib/python3.10/site-packages/_pytest/runner.py", line 341, in from_call
    result: Optional[TResult] = func()
  File "/workdir/reportlab-3.6.12/.tox/cpythonlibtest-unit-test-tests/lib/python3.10/site-packages/_pytest/runner.py", line 372, in <lambda>
    call = CallInfo.from_call(lambda: list(collector.collect()), "collect")
  File "/workdir/reportlab-3.6.12/.tox/cpythonlibtest-unit-test-tests/lib/python3.10/site-packages/_pytest/python.py", line 531, in collect
    self._inject_setup_module_fixture()
  File "/workdir/reportlab-3.6.12/.tox/cpythonlibtest-unit-test-tests/lib/python3.10/site-packages/_pytest/python.py", line 545, in _inject_setup_module_fixture
    self.obj, ("setUpModule", "setup_module")
  File "/workdir/reportlab-3.6.12/.tox/cpythonlibtest-unit-test-tests/lib/python3.10/site-packages/_pytest/python.py", line 310, in obj
    self._obj = obj = self._getobj()
  File "/workdir/reportlab-3.6.12/.tox/cpythonlibtest-unit-test-tests/lib/python3.10/site-packages/_pytest/python.py", line 528, in _getobj
    return self._importtestmodule()
  File "/workdir/reportlab-3.6.12/.tox/cpythonlibtest-unit-test-tests/lib/python3.10/site-packages/_pytest/python.py", line 617, in _importtestmodule
    mod = import_path(self.path, mode=importmode, root=self.config.rootpath)
  File "/workdir/reportlab-3.6.12/.tox/cpythonlibtest-unit-test-tests/lib/python3.10/site-packages/_pytest/pathlib.py", line 567, in import_path
    importlib.import_module(module_name)
  File "/usr/local/lib/python3.10/importlib/__init__.py", line 126, in import_module
    return _bootstrap._gcd_import(name[level:], package, level)
  File "<frozen importlib._bootstrap>", line 1050, in _gcd_import
  File "<frozen importlib._bootstrap>", line 1027, in _find_and_load
  File "<frozen importlib._bootstrap>", line 1006, in _find_and_load_unlocked
  File "<frozen importlib._bootstrap>", line 688, in _load_unlocked
  File "/workdir/reportlab-3.6.12/.tox/cpythonlibtest-unit-test-tests/lib/python3.10/site-packages/_pytest/assertion/rewrite.py", line 186, in exec_module
    exec(co, module.__dict__)
  File "/workdir/reportlab-3.6.12/tests/test_pdfbase_pdfutils.py", line 7, in <module>
    setOutDir(__name__)
  File "/workdir/reportlab-3.6.12/.tox/cpythonlibtest-unit-test-tests/lib/python3.10/site-packages/reportlab/lib/testutils.py", line 57, in setOutDir
    assert name=='__main__',"setOutDir should only be called in the main script"
AssertionError: setOutDir should only be called in the main script
______________ ERROR collecting tests/test_pdfbase_postscript.py _______________
Traceback (most recent call last):
  File "/workdir/reportlab-3.6.12/.tox/cpythonlibtest-unit-test-tests/lib/python3.10/site-packages/_pytest/runner.py", line 341, in from_call
    result: Optional[TResult] = func()
  File "/workdir/reportlab-3.6.12/.tox/cpythonlibtest-unit-test-tests/lib/python3.10/site-packages/_pytest/runner.py", line 372, in <lambda>
    call = CallInfo.from_call(lambda: list(collector.collect()), "collect")
  File "/workdir/reportlab-3.6.12/.tox/cpythonlibtest-unit-test-tests/lib/python3.10/site-packages/_pytest/python.py", line 531, in collect
    self._inject_setup_module_fixture()
  File "/workdir/reportlab-3.6.12/.tox/cpythonlibtest-unit-test-tests/lib/python3.10/site-packages/_pytest/python.py", line 545, in _inject_setup_module_fixture
    self.obj, ("setUpModule", "setup_module")
  File "/workdir/reportlab-3.6.12/.tox/cpythonlibtest-unit-test-tests/lib/python3.10/site-packages/_pytest/python.py", line 310, in obj
    self._obj = obj = self._getobj()
  File "/workdir/reportlab-3.6.12/.tox/cpythonlibtest-unit-test-tests/lib/python3.10/site-packages/_pytest/python.py", line 528, in _getobj
    return self._importtestmodule()
  File "/workdir/reportlab-3.6.12/.tox/cpythonlibtest-unit-test-tests/lib/python3.10/site-packages/_pytest/python.py", line 617, in _importtestmodule
    mod = import_path(self.path, mode=importmode, root=self.config.rootpath)
  File "/workdir/reportlab-3.6.12/.tox/cpythonlibtest-unit-test-tests/lib/python3.10/site-packages/_pytest/pathlib.py", line 567, in import_path
    importlib.import_module(module_name)
  File "/usr/local/lib/python3.10/importlib/__init__.py", line 126, in import_module
    return _bootstrap._gcd_import(name[level:], package, level)
  File "<frozen importlib._bootstrap>", line 1050, in _gcd_import
  File "<frozen importlib._bootstrap>", line 1027, in _find_and_load
  File "<frozen importlib._bootstrap>", line 1006, in _find_and_load_unlocked
  File "<frozen importlib._bootstrap>", line 688, in _load_unlocked
  File "/workdir/reportlab-3.6.12/.tox/cpythonlibtest-unit-test-tests/lib/python3.10/site-packages/_pytest/assertion/rewrite.py", line 186, in exec_module
    exec(co, module.__dict__)
  File "/workdir/reportlab-3.6.12/tests/test_pdfbase_postscript.py", line 11, in <module>
    setOutDir(__name__)
  File "/workdir/reportlab-3.6.12/.tox/cpythonlibtest-unit-test-tests/lib/python3.10/site-packages/reportlab/lib/testutils.py", line 57, in setOutDir
    assert name=='__main__',"setOutDir should only be called in the main script"
AssertionError: setOutDir should only be called in the main script
________________ ERROR collecting tests/test_pdfgen_callback.py ________________
Traceback (most recent call last):
  File "/workdir/reportlab-3.6.12/.tox/cpythonlibtest-unit-test-tests/lib/python3.10/site-packages/_pytest/runner.py", line 341, in from_call
    result: Optional[TResult] = func()
  File "/workdir/reportlab-3.6.12/.tox/cpythonlibtest-unit-test-tests/lib/python3.10/site-packages/_pytest/runner.py", line 372, in <lambda>
    call = CallInfo.from_call(lambda: list(collector.collect()), "collect")
  File "/workdir/reportlab-3.6.12/.tox/cpythonlibtest-unit-test-tests/lib/python3.10/site-packages/_pytest/python.py", line 531, in collect
    self._inject_setup_module_fixture()
  File "/workdir/reportlab-3.6.12/.tox/cpythonlibtest-unit-test-tests/lib/python3.10/site-packages/_pytest/python.py", line 545, in _inject_setup_module_fixture
    self.obj, ("setUpModule", "setup_module")
  File "/workdir/reportlab-3.6.12/.tox/cpythonlibtest-unit-test-tests/lib/python3.10/site-packages/_pytest/python.py", line 310, in obj
    self._obj = obj = self._getobj()
  File "/workdir/reportlab-3.6.12/.tox/cpythonlibtest-unit-test-tests/lib/python3.10/site-packages/_pytest/python.py", line 528, in _getobj
    return self._importtestmodule()
  File "/workdir/reportlab-3.6.12/.tox/cpythonlibtest-unit-test-tests/lib/python3.10/site-packages/_pytest/python.py", line 617, in _importtestmodule
    mod = import_path(self.path, mode=importmode, root=self.config.rootpath)
  File "/workdir/reportlab-3.6.12/.tox/cpythonlibtest-unit-test-tests/lib/python3.10/site-packages/_pytest/pathlib.py", line 567, in import_path
    importlib.import_module(module_name)
  File "/usr/local/lib/python3.10/importlib/__init__.py", line 126, in import_module
    return _bootstrap._gcd_import(name[level:], package, level)
  File "<frozen importlib._bootstrap>", line 1050, in _gcd_import
  File "<frozen importlib._bootstrap>", line 1027, in _find_and_load
  File "<frozen importlib._bootstrap>", line 1006, in _find_and_load_unlocked
  File "<frozen importlib._bootstrap>", line 688, in _load_unlocked
  File "/workdir/reportlab-3.6.12/.tox/cpythonlibtest-unit-test-tests/lib/python3.10/site-packages/_pytest/assertion/rewrite.py", line 186, in exec_module
    exec(co, module.__dict__)
  File "/workdir/reportlab-3.6.12/tests/test_pdfgen_callback.py", line 7, in <module>
    setOutDir(__name__)
  File "/workdir/reportlab-3.6.12/.tox/cpythonlibtest-unit-test-tests/lib/python3.10/site-packages/reportlab/lib/testutils.py", line 57, in setOutDir
    assert name=='__main__',"setOutDir should only be called in the main script"
AssertionError: setOutDir should only be called in the main script
________________ ERROR collecting tests/test_pdfgen_general.py _________________
Traceback (most recent call last):
  File "/workdir/reportlab-3.6.12/.tox/cpythonlibtest-unit-test-tests/lib/python3.10/site-packages/_pytest/runner.py", line 341, in from_call
    result: Optional[TResult] = func()
  File "/workdir/reportlab-3.6.12/.tox/cpythonlibtest-unit-test-tests/lib/python3.10/site-packages/_pytest/runner.py", line 372, in <lambda>
    call = CallInfo.from_call(lambda: list(collector.collect()), "collect")
  File "/workdir/reportlab-3.6.12/.tox/cpythonlibtest-unit-test-tests/lib/python3.10/site-packages/_pytest/python.py", line 531, in collect
    self._inject_setup_module_fixture()
  File "/workdir/reportlab-3.6.12/.tox/cpythonlibtest-unit-test-tests/lib/python3.10/site-packages/_pytest/python.py", line 545, in _inject_setup_module_fixture
    self.obj, ("setUpModule", "setup_module")
  File "/workdir/reportlab-3.6.12/.tox/cpythonlibtest-unit-test-tests/lib/python3.10/site-packages/_pytest/python.py", line 310, in obj
    self._obj = obj = self._getobj()
  File "/workdir/reportlab-3.6.12/.tox/cpythonlibtest-unit-test-tests/lib/python3.10/site-packages/_pytest/python.py", line 528, in _getobj
    return self._importtestmodule()
  File "/workdir/reportlab-3.6.12/.tox/cpythonlibtest-unit-test-tests/lib/python3.10/site-packages/_pytest/python.py", line 617, in _importtestmodule
    mod = import_path(self.path, mode=importmode, root=self.config.rootpath)
  File "/workdir/reportlab-3.6.12/.tox/cpythonlibtest-unit-test-tests/lib/python3.10/site-packages/_pytest/pathlib.py", line 567, in import_path
    importlib.import_module(module_name)
  File "/usr/local/lib/python3.10/importlib/__init__.py", line 126, in import_module
    return _bootstrap._gcd_import(name[level:], package, level)
  File "<frozen importlib._bootstrap>", line 1050, in _gcd_import
  File "<frozen importlib._bootstrap>", line 1027, in _find_and_load
  File "<frozen importlib._bootstrap>", line 1006, in _find_and_load_unlocked
  File "<frozen importlib._bootstrap>", line 688, in _load_unlocked
  File "/workdir/reportlab-3.6.12/.tox/cpythonlibtest-unit-test-tests/lib/python3.10/site-packages/_pytest/assertion/rewrite.py", line 186, in exec_module
    exec(co, module.__dict__)
  File "/workdir/reportlab-3.6.12/tests/test_pdfgen_general.py", line 8, in <module>
    setOutDir(__name__)
  File "/workdir/reportlab-3.6.12/.tox/cpythonlibtest-unit-test-tests/lib/python3.10/site-packages/reportlab/lib/testutils.py", line 57, in setOutDir
    assert name=='__main__',"setOutDir should only be called in the main script"
AssertionError: setOutDir should only be called in the main script
_________________ ERROR collecting tests/test_pdfgen_links.py __________________
Traceback (most recent call last):
  File "/workdir/reportlab-3.6.12/.tox/cpythonlibtest-unit-test-tests/lib/python3.10/site-packages/_pytest/runner.py", line 341, in from_call
    result: Optional[TResult] = func()
  File "/workdir/reportlab-3.6.12/.tox/cpythonlibtest-unit-test-tests/lib/python3.10/site-packages/_pytest/runner.py", line 372, in <lambda>
    call = CallInfo.from_call(lambda: list(collector.collect()), "collect")
  File "/workdir/reportlab-3.6.12/.tox/cpythonlibtest-unit-test-tests/lib/python3.10/site-packages/_pytest/python.py", line 531, in collect
    self._inject_setup_module_fixture()
  File "/workdir/reportlab-3.6.12/.tox/cpythonlibtest-unit-test-tests/lib/python3.10/site-packages/_pytest/python.py", line 545, in _inject_setup_module_fixture
    self.obj, ("setUpModule", "setup_module")
  File "/workdir/reportlab-3.6.12/.tox/cpythonlibtest-unit-test-tests/lib/python3.10/site-packages/_pytest/python.py", line 310, in obj
    self._obj = obj = self._getobj()
  File "/workdir/reportlab-3.6.12/.tox/cpythonlibtest-unit-test-tests/lib/python3.10/site-packages/_pytest/python.py", line 528, in _getobj
    return self._importtestmodule()
  File "/workdir/reportlab-3.6.12/.tox/cpythonlibtest-unit-test-tests/lib/python3.10/site-packages/_pytest/python.py", line 617, in _importtestmodule
    mod = import_path(self.path, mode=importmode, root=self.config.rootpath)
  File "/workdir/reportlab-3.6.12/.tox/cpythonlibtest-unit-test-tests/lib/python3.10/site-packages/_pytest/pathlib.py", line 567, in import_path
    importlib.import_module(module_name)
  File "/usr/local/lib/python3.10/importlib/__init__.py", line 126, in import_module
    return _bootstrap._gcd_import(name[level:], package, level)
  File "<frozen importlib._bootstrap>", line 1050, in _gcd_import
  File "<frozen importlib._bootstrap>", line 1027, in _find_and_load
  File "<frozen importlib._bootstrap>", line 1006, in _find_and_load_unlocked
  File "<frozen importlib._bootstrap>", line 688, in _load_unlocked
  File "/workdir/reportlab-3.6.12/.tox/cpythonlibtest-unit-test-tests/lib/python3.10/site-packages/_pytest/assertion/rewrite.py", line 186, in exec_module
    exec(co, module.__dict__)
  File "/workdir/reportlab-3.6.12/tests/test_pdfgen_links.py", line 9, in <module>
    setOutDir(__name__)
  File "/workdir/reportlab-3.6.12/.tox/cpythonlibtest-unit-test-tests/lib/python3.10/site-packages/reportlab/lib/testutils.py", line 57, in setOutDir
    assert name=='__main__',"setOutDir should only be called in the main script"
AssertionError: setOutDir should only be called in the main script
_______________ ERROR collecting tests/test_pdfgen_overprint.py ________________
Traceback (most recent call last):
  File "/workdir/reportlab-3.6.12/.tox/cpythonlibtest-unit-test-tests/lib/python3.10/site-packages/_pytest/runner.py", line 341, in from_call
    result: Optional[TResult] = func()
  File "/workdir/reportlab-3.6.12/.tox/cpythonlibtest-unit-test-tests/lib/python3.10/site-packages/_pytest/runner.py", line 372, in <lambda>
    call = CallInfo.from_call(lambda: list(collector.collect()), "collect")
  File "/workdir/reportlab-3.6.12/.tox/cpythonlibtest-unit-test-tests/lib/python3.10/site-packages/_pytest/python.py", line 531, in collect
    self._inject_setup_module_fixture()
  File "/workdir/reportlab-3.6.12/.tox/cpythonlibtest-unit-test-tests/lib/python3.10/site-packages/_pytest/python.py", line 545, in _inject_setup_module_fixture
    self.obj, ("setUpModule", "setup_module")
  File "/workdir/reportlab-3.6.12/.tox/cpythonlibtest-unit-test-tests/lib/python3.10/site-packages/_pytest/python.py", line 310, in obj
    self._obj = obj = self._getobj()
  File "/workdir/reportlab-3.6.12/.tox/cpythonlibtest-unit-test-tests/lib/python3.10/site-packages/_pytest/python.py", line 528, in _getobj
    return self._importtestmodule()
  File "/workdir/reportlab-3.6.12/.tox/cpythonlibtest-unit-test-tests/lib/python3.10/site-packages/_pytest/python.py", line 617, in _importtestmodule
    mod = import_path(self.path, mode=importmode, root=self.config.rootpath)
  File "/workdir/reportlab-3.6.12/.tox/cpythonlibtest-unit-test-tests/lib/python3.10/site-packages/_pytest/pathlib.py", line 567, in import_path
    importlib.import_module(module_name)
  File "/usr/local/lib/python3.10/importlib/__init__.py", line 126, in import_module
    return _bootstrap._gcd_import(name[level:], package, level)
  File "<frozen importlib._bootstrap>", line 1050, in _gcd_import
  File "<frozen importlib._bootstrap>", line 1027, in _find_and_load
  File "<frozen importlib._bootstrap>", line 1006, in _find_and_load_unlocked
  File "<frozen importlib._bootstrap>", line 688, in _load_unlocked
  File "/workdir/reportlab-3.6.12/.tox/cpythonlibtest-unit-test-tests/lib/python3.10/site-packages/_pytest/assertion/rewrite.py", line 186, in exec_module
    exec(co, module.__dict__)
  File "/workdir/reportlab-3.6.12/tests/test_pdfgen_overprint.py", line 10, in <module>
    setOutDir(__name__)
  File "/workdir/reportlab-3.6.12/.tox/cpythonlibtest-unit-test-tests/lib/python3.10/site-packages/reportlab/lib/testutils.py", line 57, in setOutDir
    assert name=='__main__',"setOutDir should only be called in the main script"
AssertionError: setOutDir should only be called in the main script
_______________ ERROR collecting tests/test_pdfgen_pagemodes.py ________________
Traceback (most recent call last):
  File "/workdir/reportlab-3.6.12/.tox/cpythonlibtest-unit-test-tests/lib/python3.10/site-packages/_pytest/runner.py", line 341, in from_call
    result: Optional[TResult] = func()
  File "/workdir/reportlab-3.6.12/.tox/cpythonlibtest-unit-test-tests/lib/python3.10/site-packages/_pytest/runner.py", line 372, in <lambda>
    call = CallInfo.from_call(lambda: list(collector.collect()), "collect")
  File "/workdir/reportlab-3.6.12/.tox/cpythonlibtest-unit-test-tests/lib/python3.10/site-packages/_pytest/python.py", line 531, in collect
    self._inject_setup_module_fixture()
  File "/workdir/reportlab-3.6.12/.tox/cpythonlibtest-unit-test-tests/lib/python3.10/site-packages/_pytest/python.py", line 545, in _inject_setup_module_fixture
    self.obj, ("setUpModule", "setup_module")
  File "/workdir/reportlab-3.6.12/.tox/cpythonlibtest-unit-test-tests/lib/python3.10/site-packages/_pytest/python.py", line 310, in obj
    self._obj = obj = self._getobj()
  File "/workdir/reportlab-3.6.12/.tox/cpythonlibtest-unit-test-tests/lib/python3.10/site-packages/_pytest/python.py", line 528, in _getobj
    return self._importtestmodule()
  File "/workdir/reportlab-3.6.12/.tox/cpythonlibtest-unit-test-tests/lib/python3.10/site-packages/_pytest/python.py", line 617, in _importtestmodule
    mod = import_path(self.path, mode=importmode, root=self.config.rootpath)
  File "/workdir/reportlab-3.6.12/.tox/cpythonlibtest-unit-test-tests/lib/python3.10/site-packages/_pytest/pathlib.py", line 567, in import_path
    importlib.import_module(module_name)
  File "/usr/local/lib/python3.10/importlib/__init__.py", line 126, in import_module
    return _bootstrap._gcd_import(name[level:], package, level)
  File "<frozen importlib._bootstrap>", line 1050, in _gcd_import
  File "<frozen importlib._bootstrap>", line 1027, in _find_and_load
  File "<frozen importlib._bootstrap>", line 1006, in _find_and_load_unlocked
  File "<frozen importlib._bootstrap>", line 688, in _load_unlocked
  File "/workdir/reportlab-3.6.12/.tox/cpythonlibtest-unit-test-tests/lib/python3.10/site-packages/_pytest/assertion/rewrite.py", line 186, in exec_module
    exec(co, module.__dict__)
  File "/workdir/reportlab-3.6.12/tests/test_pdfgen_pagemodes.py", line 8, in <module>
    setOutDir(__name__)
  File "/workdir/reportlab-3.6.12/.tox/cpythonlibtest-unit-test-tests/lib/python3.10/site-packages/reportlab/lib/testutils.py", line 57, in setOutDir
    assert name=='__main__',"setOutDir should only be called in the main script"
AssertionError: setOutDir should only be called in the main script
________________ ERROR collecting tests/test_platypus_accum.py _________________
Traceback (most recent call last):
  File "/workdir/reportlab-3.6.12/.tox/cpythonlibtest-unit-test-tests/lib/python3.10/site-packages/_pytest/runner.py", line 341, in from_call
    result: Optional[TResult] = func()
  File "/workdir/reportlab-3.6.12/.tox/cpythonlibtest-unit-test-tests/lib/python3.10/site-packages/_pytest/runner.py", line 372, in <lambda>
    call = CallInfo.from_call(lambda: list(collector.collect()), "collect")
  File "/workdir/reportlab-3.6.12/.tox/cpythonlibtest-unit-test-tests/lib/python3.10/site-packages/_pytest/python.py", line 531, in collect
    self._inject_setup_module_fixture()
  File "/workdir/reportlab-3.6.12/.tox/cpythonlibtest-unit-test-tests/lib/python3.10/site-packages/_pytest/python.py", line 545, in _inject_setup_module_fixture
    self.obj, ("setUpModule", "setup_module")
  File "/workdir/reportlab-3.6.12/.tox/cpythonlibtest-unit-test-tests/lib/python3.10/site-packages/_pytest/python.py", line 310, in obj
    self._obj = obj = self._getobj()
  File "/workdir/reportlab-3.6.12/.tox/cpythonlibtest-unit-test-tests/lib/python3.10/site-packages/_pytest/python.py", line 528, in _getobj
    return self._importtestmodule()
  File "/workdir/reportlab-3.6.12/.tox/cpythonlibtest-unit-test-tests/lib/python3.10/site-packages/_pytest/python.py", line 617, in _importtestmodule
    mod = import_path(self.path, mode=importmode, root=self.config.rootpath)
  File "/workdir/reportlab-3.6.12/.tox/cpythonlibtest-unit-test-tests/lib/python3.10/site-packages/_pytest/pathlib.py", line 567, in import_path
    importlib.import_module(module_name)
  File "/usr/local/lib/python3.10/importlib/__init__.py", line 126, in import_module
    return _bootstrap._gcd_import(name[level:], package, level)
  File "<frozen importlib._bootstrap>", line 1050, in _gcd_import
  File "<frozen importlib._bootstrap>", line 1027, in _find_and_load
  File "<frozen importlib._bootstrap>", line 1006, in _find_and_load_unlocked
  File "<frozen importlib._bootstrap>", line 688, in _load_unlocked
  File "/workdir/reportlab-3.6.12/.tox/cpythonlibtest-unit-test-tests/lib/python3.10/site-packages/_pytest/assertion/rewrite.py", line 186, in exec_module
    exec(co, module.__dict__)
  File "/workdir/reportlab-3.6.12/tests/test_platypus_accum.py", line 2, in <module>
    setOutDir(__name__)
  File "/workdir/reportlab-3.6.12/.tox/cpythonlibtest-unit-test-tests/lib/python3.10/site-packages/reportlab/lib/testutils.py", line 57, in setOutDir
    assert name=='__main__',"setOutDir should only be called in the main script"
AssertionError: setOutDir should only be called in the main script
_______________ ERROR collecting tests/test_platypus_breaking.py _______________
Traceback (most recent call last):
  File "/workdir/reportlab-3.6.12/.tox/cpythonlibtest-unit-test-tests/lib/python3.10/site-packages/_pytest/runner.py", line 341, in from_call
    result: Optional[TResult] = func()
  File "/workdir/reportlab-3.6.12/.tox/cpythonlibtest-unit-test-tests/lib/python3.10/site-packages/_pytest/runner.py", line 372, in <lambda>
    call = CallInfo.from_call(lambda: list(collector.collect()), "collect")
  File "/workdir/reportlab-3.6.12/.tox/cpythonlibtest-unit-test-tests/lib/python3.10/site-packages/_pytest/python.py", line 531, in collect
    self._inject_setup_module_fixture()
  File "/workdir/reportlab-3.6.12/.tox/cpythonlibtest-unit-test-tests/lib/python3.10/site-packages/_pytest/python.py", line 545, in _inject_setup_module_fixture
    self.obj, ("setUpModule", "setup_module")
  File "/workdir/reportlab-3.6.12/.tox/cpythonlibtest-unit-test-tests/lib/python3.10/site-packages/_pytest/python.py", line 310, in obj
    self._obj = obj = self._getobj()
  File "/workdir/reportlab-3.6.12/.tox/cpythonlibtest-unit-test-tests/lib/python3.10/site-packages/_pytest/python.py", line 528, in _getobj
    return self._importtestmodule()
  File "/workdir/reportlab-3.6.12/.tox/cpythonlibtest-unit-test-tests/lib/python3.10/site-packages/_pytest/python.py", line 617, in _importtestmodule
    mod = import_path(self.path, mode=importmode, root=self.config.rootpath)
  File "/workdir/reportlab-3.6.12/.tox/cpythonlibtest-unit-test-tests/lib/python3.10/site-packages/_pytest/pathlib.py", line 567, in import_path
    importlib.import_module(module_name)
  File "/usr/local/lib/python3.10/importlib/__init__.py", line 126, in import_module
    return _bootstrap._gcd_import(name[level:], package, level)
  File "<frozen importlib._bootstrap>", line 1050, in _gcd_import
  File "<frozen importlib._bootstrap>", line 1027, in _find_and_load
  File "<frozen importlib._bootstrap>", line 1006, in _find_and_load_unlocked
  File "<frozen importlib._bootstrap>", line 688, in _load_unlocked
  File "/workdir/reportlab-3.6.12/.tox/cpythonlibtest-unit-test-tests/lib/python3.10/site-packages/_pytest/assertion/rewrite.py", line 186, in exec_module
    exec(co, module.__dict__)
  File "/workdir/reportlab-3.6.12/tests/test_platypus_breaking.py", line 7, in <module>
    setOutDir(__name__)
  File "/workdir/reportlab-3.6.12/.tox/cpythonlibtest-unit-test-tests/lib/python3.10/site-packages/reportlab/lib/testutils.py", line 57, in setOutDir
    assert name=='__main__',"setOutDir should only be called in the main script"
AssertionError: setOutDir should only be called in the main script
_______________ ERROR collecting tests/test_platypus_cjk_wrap.py _______________
Traceback (most recent call last):
  File "/workdir/reportlab-3.6.12/.tox/cpythonlibtest-unit-test-tests/lib/python3.10/site-packages/_pytest/runner.py", line 341, in from_call
    result: Optional[TResult] = func()
  File "/workdir/reportlab-3.6.12/.tox/cpythonlibtest-unit-test-tests/lib/python3.10/site-packages/_pytest/runner.py", line 372, in <lambda>
    call = CallInfo.from_call(lambda: list(collector.collect()), "collect")
  File "/workdir/reportlab-3.6.12/.tox/cpythonlibtest-unit-test-tests/lib/python3.10/site-packages/_pytest/python.py", line 531, in collect
    self._inject_setup_module_fixture()
  File "/workdir/reportlab-3.6.12/.tox/cpythonlibtest-unit-test-tests/lib/python3.10/site-packages/_pytest/python.py", line 545, in _inject_setup_module_fixture
    self.obj, ("setUpModule", "setup_module")
  File "/workdir/reportlab-3.6.12/.tox/cpythonlibtest-unit-test-tests/lib/python3.10/site-packages/_pytest/python.py", line 310, in obj
    self._obj = obj = self._getobj()
  File "/workdir/reportlab-3.6.12/.tox/cpythonlibtest-unit-test-tests/lib/python3.10/site-packages/_pytest/python.py", line 528, in _getobj
    return self._importtestmodule()
  File "/workdir/reportlab-3.6.12/.tox/cpythonlibtest-unit-test-tests/lib/python3.10/site-packages/_pytest/python.py", line 617, in _importtestmodule
    mod = import_path(self.path, mode=importmode, root=self.config.rootpath)
  File "/workdir/reportlab-3.6.12/.tox/cpythonlibtest-unit-test-tests/lib/python3.10/site-packages/_pytest/pathlib.py", line 567, in import_path
    importlib.import_module(module_name)
  File "/usr/local/lib/python3.10/importlib/__init__.py", line 126, in import_module
    return _bootstrap._gcd_import(name[level:], package, level)
  File "<frozen importlib._bootstrap>", line 1050, in _gcd_import
  File "<frozen importlib._bootstrap>", line 1027, in _find_and_load
  File "<frozen importlib._bootstrap>", line 1006, in _find_and_load_unlocked
  File "<frozen importlib._bootstrap>", line 688, in _load_unlocked
  File "/workdir/reportlab-3.6.12/.tox/cpythonlibtest-unit-test-tests/lib/python3.10/site-packages/_pytest/assertion/rewrite.py", line 186, in exec_module
    exec(co, module.__dict__)
  File "/workdir/reportlab-3.6.12/tests/test_platypus_cjk_wrap.py", line 7, in <module>
    setOutDir(__name__)
  File "/workdir/reportlab-3.6.12/.tox/cpythonlibtest-unit-test-tests/lib/python3.10/site-packages/reportlab/lib/testutils.py", line 57, in setOutDir
    assert name=='__main__',"setOutDir should only be called in the main script"
AssertionError: setOutDir should only be called in the main script
_______________ ERROR collecting tests/test_platypus_general.py ________________
Traceback (most recent call last):
  File "/workdir/reportlab-3.6.12/.tox/cpythonlibtest-unit-test-tests/lib/python3.10/site-packages/_pytest/runner.py", line 341, in from_call
    result: Optional[TResult] = func()
  File "/workdir/reportlab-3.6.12/.tox/cpythonlibtest-unit-test-tests/lib/python3.10/site-packages/_pytest/runner.py", line 372, in <lambda>
    call = CallInfo.from_call(lambda: list(collector.collect()), "collect")
  File "/workdir/reportlab-3.6.12/.tox/cpythonlibtest-unit-test-tests/lib/python3.10/site-packages/_pytest/python.py", line 531, in collect
    self._inject_setup_module_fixture()
  File "/workdir/reportlab-3.6.12/.tox/cpythonlibtest-unit-test-tests/lib/python3.10/site-packages/_pytest/python.py", line 545, in _inject_setup_module_fixture
    self.obj, ("setUpModule", "setup_module")
  File "/workdir/reportlab-3.6.12/.tox/cpythonlibtest-unit-test-tests/lib/python3.10/site-packages/_pytest/python.py", line 310, in obj
    self._obj = obj = self._getobj()
  File "/workdir/reportlab-3.6.12/.tox/cpythonlibtest-unit-test-tests/lib/python3.10/site-packages/_pytest/python.py", line 528, in _getobj
    return self._importtestmodule()
  File "/workdir/reportlab-3.6.12/.tox/cpythonlibtest-unit-test-tests/lib/python3.10/site-packages/_pytest/python.py", line 617, in _importtestmodule
    mod = import_path(self.path, mode=importmode, root=self.config.rootpath)
  File "/workdir/reportlab-3.6.12/.tox/cpythonlibtest-unit-test-tests/lib/python3.10/site-packages/_pytest/pathlib.py", line 567, in import_path
    importlib.import_module(module_name)
  File "/usr/local/lib/python3.10/importlib/__init__.py", line 126, in import_module
    return _bootstrap._gcd_import(name[level:], package, level)
  File "<frozen importlib._bootstrap>", line 1050, in _gcd_import
  File "<frozen importlib._bootstrap>", line 1027, in _find_and_load
  File "<frozen importlib._bootstrap>", line 1006, in _find_and_load_unlocked
  File "<frozen importlib._bootstrap>", line 688, in _load_unlocked
  File "/workdir/reportlab-3.6.12/.tox/cpythonlibtest-unit-test-tests/lib/python3.10/site-packages/_pytest/assertion/rewrite.py", line 186, in exec_module
    exec(co, module.__dict__)
  File "/workdir/reportlab-3.6.12/tests/test_platypus_general.py", line 16, in <module>
    setOutDir(__name__)
  File "/workdir/reportlab-3.6.12/.tox/cpythonlibtest-unit-test-tests/lib/python3.10/site-packages/reportlab/lib/testutils.py", line 57, in setOutDir
    assert name=='__main__',"setOutDir should only be called in the main script"
AssertionError: setOutDir should only be called in the main script
________________ ERROR collecting tests/test_platypus_images.py ________________
Traceback (most recent call last):
  File "/workdir/reportlab-3.6.12/.tox/cpythonlibtest-unit-test-tests/lib/python3.10/site-packages/_pytest/runner.py", line 341, in from_call
    result: Optional[TResult] = func()
  File "/workdir/reportlab-3.6.12/.tox/cpythonlibtest-unit-test-tests/lib/python3.10/site-packages/_pytest/runner.py", line 372, in <lambda>
    call = CallInfo.from_call(lambda: list(collector.collect()), "collect")
  File "/workdir/reportlab-3.6.12/.tox/cpythonlibtest-unit-test-tests/lib/python3.10/site-packages/_pytest/python.py", line 531, in collect
    self._inject_setup_module_fixture()
  File "/workdir/reportlab-3.6.12/.tox/cpythonlibtest-unit-test-tests/lib/python3.10/site-packages/_pytest/python.py", line 545, in _inject_setup_module_fixture
    self.obj, ("setUpModule", "setup_module")
  File "/workdir/reportlab-3.6.12/.tox/cpythonlibtest-unit-test-tests/lib/python3.10/site-packages/_pytest/python.py", line 310, in obj
    self._obj = obj = self._getobj()
  File "/workdir/reportlab-3.6.12/.tox/cpythonlibtest-unit-test-tests/lib/python3.10/site-packages/_pytest/python.py", line 528, in _getobj
    return self._importtestmodule()
  File "/workdir/reportlab-3.6.12/.tox/cpythonlibtest-unit-test-tests/lib/python3.10/site-packages/_pytest/python.py", line 617, in _importtestmodule
    mod = import_path(self.path, mode=importmode, root=self.config.rootpath)
  File "/workdir/reportlab-3.6.12/.tox/cpythonlibtest-unit-test-tests/lib/python3.10/site-packages/_pytest/pathlib.py", line 567, in import_path
    importlib.import_module(module_name)
  File "/usr/local/lib/python3.10/importlib/__init__.py", line 126, in import_module
    return _bootstrap._gcd_import(name[level:], package, level)
  File "<frozen importlib._bootstrap>", line 1050, in _gcd_import
  File "<frozen importlib._bootstrap>", line 1027, in _find_and_load
  File "<frozen importlib._bootstrap>", line 1006, in _find_and_load_unlocked
  File "<frozen importlib._bootstrap>", line 688, in _load_unlocked
  File "/workdir/reportlab-3.6.12/.tox/cpythonlibtest-unit-test-tests/lib/python3.10/site-packages/_pytest/assertion/rewrite.py", line 186, in exec_module
    exec(co, module.__dict__)
  File "/workdir/reportlab-3.6.12/tests/test_platypus_images.py", line 3, in <module>
    setOutDir(__name__)
  File "/workdir/reportlab-3.6.12/.tox/cpythonlibtest-unit-test-tests/lib/python3.10/site-packages/reportlab/lib/testutils.py", line 57, in setOutDir
    assert name=='__main__',"setOutDir should only be called in the main script"
AssertionError: setOutDir should only be called in the main script
_______________ ERROR collecting tests/test_platypus_indents.py ________________
Traceback (most recent call last):
  File "/workdir/reportlab-3.6.12/.tox/cpythonlibtest-unit-test-tests/lib/python3.10/site-packages/_pytest/runner.py", line 341, in from_call
    result: Optional[TResult] = func()
  File "/workdir/reportlab-3.6.12/.tox/cpythonlibtest-unit-test-tests/lib/python3.10/site-packages/_pytest/runner.py", line 372, in <lambda>
    call = CallInfo.from_call(lambda: list(collector.collect()), "collect")
  File "/workdir/reportlab-3.6.12/.tox/cpythonlibtest-unit-test-tests/lib/python3.10/site-packages/_pytest/python.py", line 531, in collect
    self._inject_setup_module_fixture()
  File "/workdir/reportlab-3.6.12/.tox/cpythonlibtest-unit-test-tests/lib/python3.10/site-packages/_pytest/python.py", line 545, in _inject_setup_module_fixture
    self.obj, ("setUpModule", "setup_module")
  File "/workdir/reportlab-3.6.12/.tox/cpythonlibtest-unit-test-tests/lib/python3.10/site-packages/_pytest/python.py", line 310, in obj
    self._obj = obj = self._getobj()
  File "/workdir/reportlab-3.6.12/.tox/cpythonlibtest-unit-test-tests/lib/python3.10/site-packages/_pytest/python.py", line 528, in _getobj
    return self._importtestmodule()
  File "/workdir/reportlab-3.6.12/.tox/cpythonlibtest-unit-test-tests/lib/python3.10/site-packages/_pytest/python.py", line 617, in _importtestmodule
    mod = import_path(self.path, mode=importmode, root=self.config.rootpath)
  File "/workdir/reportlab-3.6.12/.tox/cpythonlibtest-unit-test-tests/lib/python3.10/site-packages/_pytest/pathlib.py", line 567, in import_path
    importlib.import_module(module_name)
  File "/usr/local/lib/python3.10/importlib/__init__.py", line 126, in import_module
    return _bootstrap._gcd_import(name[level:], package, level)
  File "<frozen importlib._bootstrap>", line 1050, in _gcd_import
  File "<frozen importlib._bootstrap>", line 1027, in _find_and_load
  File "<frozen importlib._bootstrap>", line 1006, in _find_and_load_unlocked
  File "<frozen importlib._bootstrap>", line 688, in _load_unlocked
  File "/workdir/reportlab-3.6.12/.tox/cpythonlibtest-unit-test-tests/lib/python3.10/site-packages/_pytest/assertion/rewrite.py", line 186, in exec_module
    exec(co, module.__dict__)
  File "/workdir/reportlab-3.6.12/tests/test_platypus_indents.py", line 7, in <module>
    setOutDir(__name__)
  File "/workdir/reportlab-3.6.12/.tox/cpythonlibtest-unit-test-tests/lib/python3.10/site-packages/reportlab/lib/testutils.py", line 57, in setOutDir
    assert name=='__main__',"setOutDir should only be called in the main script"
AssertionError: setOutDir should only be called in the main script
________________ ERROR collecting tests/test_platypus_index.py _________________
Traceback (most recent call last):
  File "/workdir/reportlab-3.6.12/.tox/cpythonlibtest-unit-test-tests/lib/python3.10/site-packages/_pytest/runner.py", line 341, in from_call
    result: Optional[TResult] = func()
  File "/workdir/reportlab-3.6.12/.tox/cpythonlibtest-unit-test-tests/lib/python3.10/site-packages/_pytest/runner.py", line 372, in <lambda>
    call = CallInfo.from_call(lambda: list(collector.collect()), "collect")
  File "/workdir/reportlab-3.6.12/.tox/cpythonlibtest-unit-test-tests/lib/python3.10/site-packages/_pytest/python.py", line 531, in collect
    self._inject_setup_module_fixture()
  File "/workdir/reportlab-3.6.12/.tox/cpythonlibtest-unit-test-tests/lib/python3.10/site-packages/_pytest/python.py", line 545, in _inject_setup_module_fixture
    self.obj, ("setUpModule", "setup_module")
  File "/workdir/reportlab-3.6.12/.tox/cpythonlibtest-unit-test-tests/lib/python3.10/site-packages/_pytest/python.py", line 310, in obj
    self._obj = obj = self._getobj()
  File "/workdir/reportlab-3.6.12/.tox/cpythonlibtest-unit-test-tests/lib/python3.10/site-packages/_pytest/python.py", line 528, in _getobj
    return self._importtestmodule()
  File "/workdir/reportlab-3.6.12/.tox/cpythonlibtest-unit-test-tests/lib/python3.10/site-packages/_pytest/python.py", line 617, in _importtestmodule
    mod = import_path(self.path, mode=importmode, root=self.config.rootpath)
  File "/workdir/reportlab-3.6.12/.tox/cpythonlibtest-unit-test-tests/lib/python3.10/site-packages/_pytest/pathlib.py", line 567, in import_path
    importlib.import_module(module_name)
  File "/usr/local/lib/python3.10/importlib/__init__.py", line 126, in import_module
    return _bootstrap._gcd_import(name[level:], package, level)
  File "<frozen importlib._bootstrap>", line 1050, in _gcd_import
  File "<frozen importlib._bootstrap>", line 1027, in _find_and_load
  File "<frozen importlib._bootstrap>", line 1006, in _find_and_load_unlocked
  File "<frozen importlib._bootstrap>", line 688, in _load_unlocked
  File "/workdir/reportlab-3.6.12/.tox/cpythonlibtest-unit-test-tests/lib/python3.10/site-packages/_pytest/assertion/rewrite.py", line 186, in exec_module
    exec(co, module.__dict__)
  File "/workdir/reportlab-3.6.12/tests/test_platypus_index.py", line 7, in <module>
    setOutDir(__name__)
  File "/workdir/reportlab-3.6.12/.tox/cpythonlibtest-unit-test-tests/lib/python3.10/site-packages/reportlab/lib/testutils.py", line 57, in setOutDir
    assert name=='__main__',"setOutDir should only be called in the main script"
AssertionError: setOutDir should only be called in the main script
______________ ERROR collecting tests/test_platypus_leftright.py _______________
Traceback (most recent call last):
  File "/workdir/reportlab-3.6.12/.tox/cpythonlibtest-unit-test-tests/lib/python3.10/site-packages/_pytest/runner.py", line 341, in from_call
    result: Optional[TResult] = func()
  File "/workdir/reportlab-3.6.12/.tox/cpythonlibtest-unit-test-tests/lib/python3.10/site-packages/_pytest/runner.py", line 372, in <lambda>
    call = CallInfo.from_call(lambda: list(collector.collect()), "collect")
  File "/workdir/reportlab-3.6.12/.tox/cpythonlibtest-unit-test-tests/lib/python3.10/site-packages/_pytest/python.py", line 531, in collect
    self._inject_setup_module_fixture()
  File "/workdir/reportlab-3.6.12/.tox/cpythonlibtest-unit-test-tests/lib/python3.10/site-packages/_pytest/python.py", line 545, in _inject_setup_module_fixture
    self.obj, ("setUpModule", "setup_module")
  File "/workdir/reportlab-3.6.12/.tox/cpythonlibtest-unit-test-tests/lib/python3.10/site-packages/_pytest/python.py", line 310, in obj
    self._obj = obj = self._getobj()
  File "/workdir/reportlab-3.6.12/.tox/cpythonlibtest-unit-test-tests/lib/python3.10/site-packages/_pytest/python.py", line 528, in _getobj
    return self._importtestmodule()
  File "/workdir/reportlab-3.6.12/.tox/cpythonlibtest-unit-test-tests/lib/python3.10/site-packages/_pytest/python.py", line 617, in _importtestmodule
    mod = import_path(self.path, mode=importmode, root=self.config.rootpath)
  File "/workdir/reportlab-3.6.12/.tox/cpythonlibtest-unit-test-tests/lib/python3.10/site-packages/_pytest/pathlib.py", line 567, in import_path
    importlib.import_module(module_name)
  File "/usr/local/lib/python3.10/importlib/__init__.py", line 126, in import_module
    return _bootstrap._gcd_import(name[level:], package, level)
  File "<frozen importlib._bootstrap>", line 1050, in _gcd_import
  File "<frozen importlib._bootstrap>", line 1027, in _find_and_load
  File "<frozen importlib._bootstrap>", line 1006, in _find_and_load_unlocked
  File "<frozen importlib._bootstrap>", line 688, in _load_unlocked
  File "/workdir/reportlab-3.6.12/.tox/cpythonlibtest-unit-test-tests/lib/python3.10/site-packages/_pytest/assertion/rewrite.py", line 186, in exec_module
    exec(co, module.__dict__)
  File "/workdir/reportlab-3.6.12/tests/test_platypus_leftright.py", line 7, in <module>
    setOutDir(__name__)
  File "/workdir/reportlab-3.6.12/.tox/cpythonlibtest-unit-test-tests/lib/python3.10/site-packages/reportlab/lib/testutils.py", line 57, in setOutDir
    assert name=='__main__',"setOutDir should only be called in the main script"
AssertionError: setOutDir should only be called in the main script
________________ ERROR collecting tests/test_platypus_lists.py _________________
Traceback (most recent call last):
  File "/workdir/reportlab-3.6.12/.tox/cpythonlibtest-unit-test-tests/lib/python3.10/site-packages/_pytest/runner.py", line 341, in from_call
    result: Optional[TResult] = func()
  File "/workdir/reportlab-3.6.12/.tox/cpythonlibtest-unit-test-tests/lib/python3.10/site-packages/_pytest/runner.py", line 372, in <lambda>
    call = CallInfo.from_call(lambda: list(collector.collect()), "collect")
  File "/workdir/reportlab-3.6.12/.tox/cpythonlibtest-unit-test-tests/lib/python3.10/site-packages/_pytest/python.py", line 531, in collect
    self._inject_setup_module_fixture()
  File "/workdir/reportlab-3.6.12/.tox/cpythonlibtest-unit-test-tests/lib/python3.10/site-packages/_pytest/python.py", line 545, in _inject_setup_module_fixture
    self.obj, ("setUpModule", "setup_module")
  File "/workdir/reportlab-3.6.12/.tox/cpythonlibtest-unit-test-tests/lib/python3.10/site-packages/_pytest/python.py", line 310, in obj
    self._obj = obj = self._getobj()
  File "/workdir/reportlab-3.6.12/.tox/cpythonlibtest-unit-test-tests/lib/python3.10/site-packages/_pytest/python.py", line 528, in _getobj
    return self._importtestmodule()
  File "/workdir/reportlab-3.6.12/.tox/cpythonlibtest-unit-test-tests/lib/python3.10/site-packages/_pytest/python.py", line 617, in _importtestmodule
    mod = import_path(self.path, mode=importmode, root=self.config.rootpath)
  File "/workdir/reportlab-3.6.12/.tox/cpythonlibtest-unit-test-tests/lib/python3.10/site-packages/_pytest/pathlib.py", line 567, in import_path
    importlib.import_module(module_name)
  File "/usr/local/lib/python3.10/importlib/__init__.py", line 126, in import_module
    return _bootstrap._gcd_import(name[level:], package, level)
  File "<frozen importlib._bootstrap>", line 1050, in _gcd_import
  File "<frozen importlib._bootstrap>", line 1027, in _find_and_load
  File "<frozen importlib._bootstrap>", line 1006, in _find_and_load_unlocked
  File "<frozen importlib._bootstrap>", line 688, in _load_unlocked
  File "/workdir/reportlab-3.6.12/.tox/cpythonlibtest-unit-test-tests/lib/python3.10/site-packages/_pytest/assertion/rewrite.py", line 186, in exec_module
    exec(co, module.__dict__)
  File "/workdir/reportlab-3.6.12/tests/test_platypus_lists.py", line 4, in <module>
    setOutDir(__name__)
  File "/workdir/reportlab-3.6.12/.tox/cpythonlibtest-unit-test-tests/lib/python3.10/site-packages/reportlab/lib/testutils.py", line 57, in setOutDir
    assert name=='__main__',"setOutDir should only be called in the main script"
AssertionError: setOutDir should only be called in the main script
______________ ERROR collecting tests/test_platypus_paragraphs.py ______________
Traceback (most recent call last):
  File "/workdir/reportlab-3.6.12/.tox/cpythonlibtest-unit-test-tests/lib/python3.10/site-packages/_pytest/runner.py", line 341, in from_call
    result: Optional[TResult] = func()
  File "/workdir/reportlab-3.6.12/.tox/cpythonlibtest-unit-test-tests/lib/python3.10/site-packages/_pytest/runner.py", line 372, in <lambda>
    call = CallInfo.from_call(lambda: list(collector.collect()), "collect")
  File "/workdir/reportlab-3.6.12/.tox/cpythonlibtest-unit-test-tests/lib/python3.10/site-packages/_pytest/python.py", line 531, in collect
    self._inject_setup_module_fixture()
  File "/workdir/reportlab-3.6.12/.tox/cpythonlibtest-unit-test-tests/lib/python3.10/site-packages/_pytest/python.py", line 545, in _inject_setup_module_fixture
    self.obj, ("setUpModule", "setup_module")
  File "/workdir/reportlab-3.6.12/.tox/cpythonlibtest-unit-test-tests/lib/python3.10/site-packages/_pytest/python.py", line 310, in obj
    self._obj = obj = self._getobj()
  File "/workdir/reportlab-3.6.12/.tox/cpythonlibtest-unit-test-tests/lib/python3.10/site-packages/_pytest/python.py", line 528, in _getobj
    return self._importtestmodule()
  File "/workdir/reportlab-3.6.12/.tox/cpythonlibtest-unit-test-tests/lib/python3.10/site-packages/_pytest/python.py", line 617, in _importtestmodule
    mod = import_path(self.path, mode=importmode, root=self.config.rootpath)
  File "/workdir/reportlab-3.6.12/.tox/cpythonlibtest-unit-test-tests/lib/python3.10/site-packages/_pytest/pathlib.py", line 567, in import_path
    importlib.import_module(module_name)
  File "/usr/local/lib/python3.10/importlib/__init__.py", line 126, in import_module
    return _bootstrap._gcd_import(name[level:], package, level)
  File "<frozen importlib._bootstrap>", line 1050, in _gcd_import
  File "<frozen importlib._bootstrap>", line 1027, in _find_and_load
  File "<frozen importlib._bootstrap>", line 1006, in _find_and_load_unlocked
  File "<frozen importlib._bootstrap>", line 688, in _load_unlocked
  File "/workdir/reportlab-3.6.12/.tox/cpythonlibtest-unit-test-tests/lib/python3.10/site-packages/_pytest/assertion/rewrite.py", line 186, in exec_module
    exec(co, module.__dict__)
  File "/workdir/reportlab-3.6.12/tests/test_platypus_paragraphs.py", line 7, in <module>
    setOutDir(__name__)
  File "/workdir/reportlab-3.6.12/.tox/cpythonlibtest-unit-test-tests/lib/python3.10/site-packages/reportlab/lib/testutils.py", line 57, in setOutDir
    assert name=='__main__',"setOutDir should only be called in the main script"
AssertionError: setOutDir should only be called in the main script
______________ ERROR collecting tests/test_platypus_paraparser.py ______________
Traceback (most recent call last):
  File "/workdir/reportlab-3.6.12/.tox/cpythonlibtest-unit-test-tests/lib/python3.10/site-packages/_pytest/runner.py", line 341, in from_call
    result: Optional[TResult] = func()
  File "/workdir/reportlab-3.6.12/.tox/cpythonlibtest-unit-test-tests/lib/python3.10/site-packages/_pytest/runner.py", line 372, in <lambda>
    call = CallInfo.from_call(lambda: list(collector.collect()), "collect")
  File "/workdir/reportlab-3.6.12/.tox/cpythonlibtest-unit-test-tests/lib/python3.10/site-packages/_pytest/python.py", line 531, in collect
    self._inject_setup_module_fixture()
  File "/workdir/reportlab-3.6.12/.tox/cpythonlibtest-unit-test-tests/lib/python3.10/site-packages/_pytest/python.py", line 545, in _inject_setup_module_fixture
    self.obj, ("setUpModule", "setup_module")
  File "/workdir/reportlab-3.6.12/.tox/cpythonlibtest-unit-test-tests/lib/python3.10/site-packages/_pytest/python.py", line 310, in obj
    self._obj = obj = self._getobj()
  File "/workdir/reportlab-3.6.12/.tox/cpythonlibtest-unit-test-tests/lib/python3.10/site-packages/_pytest/python.py", line 528, in _getobj
    return self._importtestmodule()
  File "/workdir/reportlab-3.6.12/.tox/cpythonlibtest-unit-test-tests/lib/python3.10/site-packages/_pytest/python.py", line 617, in _importtestmodule
    mod = import_path(self.path, mode=importmode, root=self.config.rootpath)
  File "/workdir/reportlab-3.6.12/.tox/cpythonlibtest-unit-test-tests/lib/python3.10/site-packages/_pytest/pathlib.py", line 567, in import_path
    importlib.import_module(module_name)
  File "/usr/local/lib/python3.10/importlib/__init__.py", line 126, in import_module
    return _bootstrap._gcd_import(name[level:], package, level)
  File "<frozen importlib._bootstrap>", line 1050, in _gcd_import
  File "<frozen importlib._bootstrap>", line 1027, in _find_and_load
  File "<frozen importlib._bootstrap>", line 1006, in _find_and_load_unlocked
  File "<frozen importlib._bootstrap>", line 688, in _load_unlocked
  File "/workdir/reportlab-3.6.12/.tox/cpythonlibtest-unit-test-tests/lib/python3.10/site-packages/_pytest/assertion/rewrite.py", line 186, in exec_module
    exec(co, module.__dict__)
  File "/workdir/reportlab-3.6.12/tests/test_platypus_paraparser.py", line 9, in <module>
    setOutDir(__name__)
  File "/workdir/reportlab-3.6.12/.tox/cpythonlibtest-unit-test-tests/lib/python3.10/site-packages/reportlab/lib/testutils.py", line 57, in setOutDir
    assert name=='__main__',"setOutDir should only be called in the main script"
AssertionError: setOutDir should only be called in the main script
____________ ERROR collecting tests/test_platypus_pleaseturnover.py ____________
Traceback (most recent call last):
  File "/workdir/reportlab-3.6.12/.tox/cpythonlibtest-unit-test-tests/lib/python3.10/site-packages/_pytest/runner.py", line 341, in from_call
    result: Optional[TResult] = func()
  File "/workdir/reportlab-3.6.12/.tox/cpythonlibtest-unit-test-tests/lib/python3.10/site-packages/_pytest/runner.py", line 372, in <lambda>
    call = CallInfo.from_call(lambda: list(collector.collect()), "collect")
  File "/workdir/reportlab-3.6.12/.tox/cpythonlibtest-unit-test-tests/lib/python3.10/site-packages/_pytest/python.py", line 531, in collect
    self._inject_setup_module_fixture()
  File "/workdir/reportlab-3.6.12/.tox/cpythonlibtest-unit-test-tests/lib/python3.10/site-packages/_pytest/python.py", line 545, in _inject_setup_module_fixture
    self.obj, ("setUpModule", "setup_module")
  File "/workdir/reportlab-3.6.12/.tox/cpythonlibtest-unit-test-tests/lib/python3.10/site-packages/_pytest/python.py", line 310, in obj
    self._obj = obj = self._getobj()
  File "/workdir/reportlab-3.6.12/.tox/cpythonlibtest-unit-test-tests/lib/python3.10/site-packages/_pytest/python.py", line 528, in _getobj
    return self._importtestmodule()
  File "/workdir/reportlab-3.6.12/.tox/cpythonlibtest-unit-test-tests/lib/python3.10/site-packages/_pytest/python.py", line 617, in _importtestmodule
    mod = import_path(self.path, mode=importmode, root=self.config.rootpath)
  File "/workdir/reportlab-3.6.12/.tox/cpythonlibtest-unit-test-tests/lib/python3.10/site-packages/_pytest/pathlib.py", line 567, in import_path
    importlib.import_module(module_name)
  File "/usr/local/lib/python3.10/importlib/__init__.py", line 126, in import_module
    return _bootstrap._gcd_import(name[level:], package, level)
  File "<frozen importlib._bootstrap>", line 1050, in _gcd_import
  File "<frozen importlib._bootstrap>", line 1027, in _find_and_load
  File "<frozen importlib._bootstrap>", line 1006, in _find_and_load_unlocked
  File "<frozen importlib._bootstrap>", line 688, in _load_unlocked
  File "/workdir/reportlab-3.6.12/.tox/cpythonlibtest-unit-test-tests/lib/python3.10/site-packages/_pytest/assertion/rewrite.py", line 186, in exec_module
    exec(co, module.__dict__)
  File "/workdir/reportlab-3.6.12/tests/test_platypus_pleaseturnover.py", line 7, in <module>
    setOutDir(__name__)
  File "/workdir/reportlab-3.6.12/.tox/cpythonlibtest-unit-test-tests/lib/python3.10/site-packages/reportlab/lib/testutils.py", line 57, in setOutDir
    assert name=='__main__',"setOutDir should only be called in the main script"
AssertionError: setOutDir should only be called in the main script
_____________ ERROR collecting tests/test_platypus_preformatted.py _____________
Traceback (most recent call last):
  File "/workdir/reportlab-3.6.12/.tox/cpythonlibtest-unit-test-tests/lib/python3.10/site-packages/_pytest/runner.py", line 341, in from_call
    result: Optional[TResult] = func()
  File "/workdir/reportlab-3.6.12/.tox/cpythonlibtest-unit-test-tests/lib/python3.10/site-packages/_pytest/runner.py", line 372, in <lambda>
    call = CallInfo.from_call(lambda: list(collector.collect()), "collect")
  File "/workdir/reportlab-3.6.12/.tox/cpythonlibtest-unit-test-tests/lib/python3.10/site-packages/_pytest/python.py", line 531, in collect
    self._inject_setup_module_fixture()
  File "/workdir/reportlab-3.6.12/.tox/cpythonlibtest-unit-test-tests/lib/python3.10/site-packages/_pytest/python.py", line 545, in _inject_setup_module_fixture
    self.obj, ("setUpModule", "setup_module")
  File "/workdir/reportlab-3.6.12/.tox/cpythonlibtest-unit-test-tests/lib/python3.10/site-packages/_pytest/python.py", line 310, in obj
    self._obj = obj = self._getobj()
  File "/workdir/reportlab-3.6.12/.tox/cpythonlibtest-unit-test-tests/lib/python3.10/site-packages/_pytest/python.py", line 528, in _getobj
    return self._importtestmodule()
  File "/workdir/reportlab-3.6.12/.tox/cpythonlibtest-unit-test-tests/lib/python3.10/site-packages/_pytest/python.py", line 617, in _importtestmodule
    mod = import_path(self.path, mode=importmode, root=self.config.rootpath)
  File "/workdir/reportlab-3.6.12/.tox/cpythonlibtest-unit-test-tests/lib/python3.10/site-packages/_pytest/pathlib.py", line 567, in import_path
    importlib.import_module(module_name)
  File "/usr/local/lib/python3.10/importlib/__init__.py", line 126, in import_module
    return _bootstrap._gcd_import(name[level:], package, level)
  File "<frozen importlib._bootstrap>", line 1050, in _gcd_import
  File "<frozen importlib._bootstrap>", line 1027, in _find_and_load
  File "<frozen importlib._bootstrap>", line 1006, in _find_and_load_unlocked
  File "<frozen importlib._bootstrap>", line 688, in _load_unlocked
  File "/workdir/reportlab-3.6.12/.tox/cpythonlibtest-unit-test-tests/lib/python3.10/site-packages/_pytest/assertion/rewrite.py", line 186, in exec_module
    exec(co, module.__dict__)
  File "/workdir/reportlab-3.6.12/tests/test_platypus_preformatted.py", line 7, in <module>
    setOutDir(__name__)
  File "/workdir/reportlab-3.6.12/.tox/cpythonlibtest-unit-test-tests/lib/python3.10/site-packages/reportlab/lib/testutils.py", line 57, in setOutDir
    assert name=='__main__',"setOutDir should only be called in the main script"
AssertionError: setOutDir should only be called in the main script
_____________ ERROR collecting tests/test_platypus_programming.py ______________
Traceback (most recent call last):
  File "/workdir/reportlab-3.6.12/.tox/cpythonlibtest-unit-test-tests/lib/python3.10/site-packages/_pytest/runner.py", line 341, in from_call
    result: Optional[TResult] = func()
  File "/workdir/reportlab-3.6.12/.tox/cpythonlibtest-unit-test-tests/lib/python3.10/site-packages/_pytest/runner.py", line 372, in <lambda>
    call = CallInfo.from_call(lambda: list(collector.collect()), "collect")
  File "/workdir/reportlab-3.6.12/.tox/cpythonlibtest-unit-test-tests/lib/python3.10/site-packages/_pytest/python.py", line 531, in collect
    self._inject_setup_module_fixture()
  File "/workdir/reportlab-3.6.12/.tox/cpythonlibtest-unit-test-tests/lib/python3.10/site-packages/_pytest/python.py", line 545, in _inject_setup_module_fixture
    self.obj, ("setUpModule", "setup_module")
  File "/workdir/reportlab-3.6.12/.tox/cpythonlibtest-unit-test-tests/lib/python3.10/site-packages/_pytest/python.py", line 310, in obj
    self._obj = obj = self._getobj()
  File "/workdir/reportlab-3.6.12/.tox/cpythonlibtest-unit-test-tests/lib/python3.10/site-packages/_pytest/python.py", line 528, in _getobj
    return self._importtestmodule()
  File "/workdir/reportlab-3.6.12/.tox/cpythonlibtest-unit-test-tests/lib/python3.10/site-packages/_pytest/python.py", line 617, in _importtestmodule
    mod = import_path(self.path, mode=importmode, root=self.config.rootpath)
  File "/workdir/reportlab-3.6.12/.tox/cpythonlibtest-unit-test-tests/lib/python3.10/site-packages/_pytest/pathlib.py", line 567, in import_path
    importlib.import_module(module_name)
  File "/usr/local/lib/python3.10/importlib/__init__.py", line 126, in import_module
    return _bootstrap._gcd_import(name[level:], package, level)
  File "<frozen importlib._bootstrap>", line 1050, in _gcd_import
  File "<frozen importlib._bootstrap>", line 1027, in _find_and_load
  File "<frozen importlib._bootstrap>", line 1006, in _find_and_load_unlocked
  File "<frozen importlib._bootstrap>", line 688, in _load_unlocked
  File "/workdir/reportlab-3.6.12/.tox/cpythonlibtest-unit-test-tests/lib/python3.10/site-packages/_pytest/assertion/rewrite.py", line 186, in exec_module
    exec(co, module.__dict__)
  File "/workdir/reportlab-3.6.12/tests/test_platypus_programming.py", line 9, in <module>
    setOutDir(__name__)
  File "/workdir/reportlab-3.6.12/.tox/cpythonlibtest-unit-test-tests/lib/python3.10/site-packages/reportlab/lib/testutils.py", line 57, in setOutDir
    assert name=='__main__',"setOutDir should only be called in the main script"
AssertionError: setOutDir should only be called in the main script
________________ ERROR collecting tests/test_platypus_tables.py ________________
Traceback (most recent call last):
  File "/workdir/reportlab-3.6.12/.tox/cpythonlibtest-unit-test-tests/lib/python3.10/site-packages/_pytest/runner.py", line 341, in from_call
    result: Optional[TResult] = func()
  File "/workdir/reportlab-3.6.12/.tox/cpythonlibtest-unit-test-tests/lib/python3.10/site-packages/_pytest/runner.py", line 372, in <lambda>
    call = CallInfo.from_call(lambda: list(collector.collect()), "collect")
  File "/workdir/reportlab-3.6.12/.tox/cpythonlibtest-unit-test-tests/lib/python3.10/site-packages/_pytest/python.py", line 531, in collect
    self._inject_setup_module_fixture()
  File "/workdir/reportlab-3.6.12/.tox/cpythonlibtest-unit-test-tests/lib/python3.10/site-packages/_pytest/python.py", line 545, in _inject_setup_module_fixture
    self.obj, ("setUpModule", "setup_module")
  File "/workdir/reportlab-3.6.12/.tox/cpythonlibtest-unit-test-tests/lib/python3.10/site-packages/_pytest/python.py", line 310, in obj
    self._obj = obj = self._getobj()
  File "/workdir/reportlab-3.6.12/.tox/cpythonlibtest-unit-test-tests/lib/python3.10/site-packages/_pytest/python.py", line 528, in _getobj
    return self._importtestmodule()
  File "/workdir/reportlab-3.6.12/.tox/cpythonlibtest-unit-test-tests/lib/python3.10/site-packages/_pytest/python.py", line 617, in _importtestmodule
    mod = import_path(self.path, mode=importmode, root=self.config.rootpath)
  File "/workdir/reportlab-3.6.12/.tox/cpythonlibtest-unit-test-tests/lib/python3.10/site-packages/_pytest/pathlib.py", line 567, in import_path
    importlib.import_module(module_name)
  File "/usr/local/lib/python3.10/importlib/__init__.py", line 126, in import_module
    return _bootstrap._gcd_import(name[level:], package, level)
  File "<frozen importlib._bootstrap>", line 1050, in _gcd_import
  File "<frozen importlib._bootstrap>", line 1027, in _find_and_load
  File "<frozen importlib._bootstrap>", line 1006, in _find_and_load_unlocked
  File "<frozen importlib._bootstrap>", line 688, in _load_unlocked
  File "/workdir/reportlab-3.6.12/.tox/cpythonlibtest-unit-test-tests/lib/python3.10/site-packages/_pytest/assertion/rewrite.py", line 186, in exec_module
    exec(co, module.__dict__)
  File "/workdir/reportlab-3.6.12/tests/test_platypus_tables.py", line 7, in <module>
    setOutDir(__name__)
  File "/workdir/reportlab-3.6.12/.tox/cpythonlibtest-unit-test-tests/lib/python3.10/site-packages/reportlab/lib/testutils.py", line 57, in setOutDir
    assert name=='__main__',"setOutDir should only be called in the main script"
AssertionError: setOutDir should only be called in the main script
_________________ ERROR collecting tests/test_platypus_toc.py __________________
Traceback (most recent call last):
  File "/workdir/reportlab-3.6.12/.tox/cpythonlibtest-unit-test-tests/lib/python3.10/site-packages/_pytest/runner.py", line 341, in from_call
    result: Optional[TResult] = func()
  File "/workdir/reportlab-3.6.12/.tox/cpythonlibtest-unit-test-tests/lib/python3.10/site-packages/_pytest/runner.py", line 372, in <lambda>
    call = CallInfo.from_call(lambda: list(collector.collect()), "collect")
  File "/workdir/reportlab-3.6.12/.tox/cpythonlibtest-unit-test-tests/lib/python3.10/site-packages/_pytest/python.py", line 531, in collect
    self._inject_setup_module_fixture()
  File "/workdir/reportlab-3.6.12/.tox/cpythonlibtest-unit-test-tests/lib/python3.10/site-packages/_pytest/python.py", line 545, in _inject_setup_module_fixture
    self.obj, ("setUpModule", "setup_module")
  File "/workdir/reportlab-3.6.12/.tox/cpythonlibtest-unit-test-tests/lib/python3.10/site-packages/_pytest/python.py", line 310, in obj
    self._obj = obj = self._getobj()
  File "/workdir/reportlab-3.6.12/.tox/cpythonlibtest-unit-test-tests/lib/python3.10/site-packages/_pytest/python.py", line 528, in _getobj
    return self._importtestmodule()
  File "/workdir/reportlab-3.6.12/.tox/cpythonlibtest-unit-test-tests/lib/python3.10/site-packages/_pytest/python.py", line 617, in _importtestmodule
    mod = import_path(self.path, mode=importmode, root=self.config.rootpath)
  File "/workdir/reportlab-3.6.12/.tox/cpythonlibtest-unit-test-tests/lib/python3.10/site-packages/_pytest/pathlib.py", line 567, in import_path
    importlib.import_module(module_name)
  File "/usr/local/lib/python3.10/importlib/__init__.py", line 126, in import_module
    return _bootstrap._gcd_import(name[level:], package, level)
  File "<frozen importlib._bootstrap>", line 1050, in _gcd_import
  File "<frozen importlib._bootstrap>", line 1027, in _find_and_load
  File "<frozen importlib._bootstrap>", line 1006, in _find_and_load_unlocked
  File "<frozen importlib._bootstrap>", line 688, in _load_unlocked
  File "/workdir/reportlab-3.6.12/.tox/cpythonlibtest-unit-test-tests/lib/python3.10/site-packages/_pytest/assertion/rewrite.py", line 186, in exec_module
    exec(co, module.__dict__)
  File "/workdir/reportlab-3.6.12/tests/test_platypus_toc.py", line 11, in <module>
    setOutDir(__name__)
  File "/workdir/reportlab-3.6.12/.tox/cpythonlibtest-unit-test-tests/lib/python3.10/site-packages/reportlab/lib/testutils.py", line 57, in setOutDir
    assert name=='__main__',"setOutDir should only be called in the main script"
AssertionError: setOutDir should only be called in the main script
_______________ ERROR collecting tests/test_platypus_wrapping.py _______________
Traceback (most recent call last):
  File "/workdir/reportlab-3.6.12/.tox/cpythonlibtest-unit-test-tests/lib/python3.10/site-packages/_pytest/runner.py", line 341, in from_call
    result: Optional[TResult] = func()
  File "/workdir/reportlab-3.6.12/.tox/cpythonlibtest-unit-test-tests/lib/python3.10/site-packages/_pytest/runner.py", line 372, in <lambda>
    call = CallInfo.from_call(lambda: list(collector.collect()), "collect")
  File "/workdir/reportlab-3.6.12/.tox/cpythonlibtest-unit-test-tests/lib/python3.10/site-packages/_pytest/python.py", line 531, in collect
    self._inject_setup_module_fixture()
  File "/workdir/reportlab-3.6.12/.tox/cpythonlibtest-unit-test-tests/lib/python3.10/site-packages/_pytest/python.py", line 545, in _inject_setup_module_fixture
    self.obj, ("setUpModule", "setup_module")
  File "/workdir/reportlab-3.6.12/.tox/cpythonlibtest-unit-test-tests/lib/python3.10/site-packages/_pytest/python.py", line 310, in obj
    self._obj = obj = self._getobj()
  File "/workdir/reportlab-3.6.12/.tox/cpythonlibtest-unit-test-tests/lib/python3.10/site-packages/_pytest/python.py", line 528, in _getobj
    return self._importtestmodule()
  File "/workdir/reportlab-3.6.12/.tox/cpythonlibtest-unit-test-tests/lib/python3.10/site-packages/_pytest/python.py", line 617, in _importtestmodule
    mod = import_path(self.path, mode=importmode, root=self.config.rootpath)
  File "/workdir/reportlab-3.6.12/.tox/cpythonlibtest-unit-test-tests/lib/python3.10/site-packages/_pytest/pathlib.py", line 567, in import_path
    importlib.import_module(module_name)
  File "/usr/local/lib/python3.10/importlib/__init__.py", line 126, in import_module
    return _bootstrap._gcd_import(name[level:], package, level)
  File "<frozen importlib._bootstrap>", line 1050, in _gcd_import
  File "<frozen importlib._bootstrap>", line 1027, in _find_and_load
  File "<frozen importlib._bootstrap>", line 1006, in _find_and_load_unlocked
  File "<frozen importlib._bootstrap>", line 688, in _load_unlocked
  File "/workdir/reportlab-3.6.12/.tox/cpythonlibtest-unit-test-tests/lib/python3.10/site-packages/_pytest/assertion/rewrite.py", line 186, in exec_module
    exec(co, module.__dict__)
  File "/workdir/reportlab-3.6.12/tests/test_platypus_wrapping.py", line 7, in <module>
    setOutDir(__name__)
  File "/workdir/reportlab-3.6.12/.tox/cpythonlibtest-unit-test-tests/lib/python3.10/site-packages/reportlab/lib/testutils.py", line 57, in setOutDir
    assert name=='__main__',"setOutDir should only be called in the main script"
AssertionError: setOutDir should only be called in the main script
_________________ ERROR collecting tests/test_platypus_xref.py _________________
Traceback (most recent call last):
  File "/workdir/reportlab-3.6.12/.tox/cpythonlibtest-unit-test-tests/lib/python3.10/site-packages/_pytest/runner.py", line 341, in from_call
    result: Optional[TResult] = func()
  File "/workdir/reportlab-3.6.12/.tox/cpythonlibtest-unit-test-tests/lib/python3.10/site-packages/_pytest/runner.py", line 372, in <lambda>
    call = CallInfo.from_call(lambda: list(collector.collect()), "collect")
  File "/workdir/reportlab-3.6.12/.tox/cpythonlibtest-unit-test-tests/lib/python3.10/site-packages/_pytest/python.py", line 531, in collect
    self._inject_setup_module_fixture()
  File "/workdir/reportlab-3.6.12/.tox/cpythonlibtest-unit-test-tests/lib/python3.10/site-packages/_pytest/python.py", line 545, in _inject_setup_module_fixture
    self.obj, ("setUpModule", "setup_module")
  File "/workdir/reportlab-3.6.12/.tox/cpythonlibtest-unit-test-tests/lib/python3.10/site-packages/_pytest/python.py", line 310, in obj
    self._obj = obj = self._getobj()
  File "/workdir/reportlab-3.6.12/.tox/cpythonlibtest-unit-test-tests/lib/python3.10/site-packages/_pytest/python.py", line 528, in _getobj
    return self._importtestmodule()
  File "/workdir/reportlab-3.6.12/.tox/cpythonlibtest-unit-test-tests/lib/python3.10/site-packages/_pytest/python.py", line 617, in _importtestmodule
    mod = import_path(self.path, mode=importmode, root=self.config.rootpath)
  File "/workdir/reportlab-3.6.12/.tox/cpythonlibtest-unit-test-tests/lib/python3.10/site-packages/_pytest/pathlib.py", line 567, in import_path
    importlib.import_module(module_name)
  File "/usr/local/lib/python3.10/importlib/__init__.py", line 126, in import_module
    return _bootstrap._gcd_import(name[level:], package, level)
  File "<frozen importlib._bootstrap>", line 1050, in _gcd_import
  File "<frozen importlib._bootstrap>", line 1027, in _find_and_load
  File "<frozen importlib._bootstrap>", line 1006, in _find_and_load_unlocked
  File "<frozen importlib._bootstrap>", line 688, in _load_unlocked
  File "/workdir/reportlab-3.6.12/.tox/cpythonlibtest-unit-test-tests/lib/python3.10/site-packages/_pytest/assertion/rewrite.py", line 186, in exec_module
    exec(co, module.__dict__)
  File "/workdir/reportlab-3.6.12/tests/test_platypus_xref.py", line 7, in <module>
    setOutDir(__name__)
  File "/workdir/reportlab-3.6.12/.tox/cpythonlibtest-unit-test-tests/lib/python3.10/site-packages/reportlab/lib/testutils.py", line 57, in setOutDir
    assert name=='__main__',"setOutDir should only be called in the main script"
AssertionError: setOutDir should only be called in the main script
____________________ ERROR collecting tests/test_pyfiles.py ____________________
Traceback (most recent call last):
  File "/workdir/reportlab-3.6.12/.tox/cpythonlibtest-unit-test-tests/lib/python3.10/site-packages/_pytest/runner.py", line 341, in from_call
    result: Optional[TResult] = func()
  File "/workdir/reportlab-3.6.12/.tox/cpythonlibtest-unit-test-tests/lib/python3.10/site-packages/_pytest/runner.py", line 372, in <lambda>
    call = CallInfo.from_call(lambda: list(collector.collect()), "collect")
  File "/workdir/reportlab-3.6.12/.tox/cpythonlibtest-unit-test-tests/lib/python3.10/site-packages/_pytest/python.py", line 531, in collect
    self._inject_setup_module_fixture()
  File "/workdir/reportlab-3.6.12/.tox/cpythonlibtest-unit-test-tests/lib/python3.10/site-packages/_pytest/python.py", line 545, in _inject_setup_module_fixture
    self.obj, ("setUpModule", "setup_module")
  File "/workdir/reportlab-3.6.12/.tox/cpythonlibtest-unit-test-tests/lib/python3.10/site-packages/_pytest/python.py", line 310, in obj
    self._obj = obj = self._getobj()
  File "/workdir/reportlab-3.6.12/.tox/cpythonlibtest-unit-test-tests/lib/python3.10/site-packages/_pytest/python.py", line 528, in _getobj
    return self._importtestmodule()
  File "/workdir/reportlab-3.6.12/.tox/cpythonlibtest-unit-test-tests/lib/python3.10/site-packages/_pytest/python.py", line 617, in _importtestmodule
    mod = import_path(self.path, mode=importmode, root=self.config.rootpath)
  File "/workdir/reportlab-3.6.12/.tox/cpythonlibtest-unit-test-tests/lib/python3.10/site-packages/_pytest/pathlib.py", line 567, in import_path
    importlib.import_module(module_name)
  File "/usr/local/lib/python3.10/importlib/__init__.py", line 126, in import_module
    return _bootstrap._gcd_import(name[level:], package, level)
  File "<frozen importlib._bootstrap>", line 1050, in _gcd_import
  File "<frozen importlib._bootstrap>", line 1027, in _find_and_load
  File "<frozen importlib._bootstrap>", line 1006, in _find_and_load_unlocked
  File "<frozen importlib._bootstrap>", line 688, in _load_unlocked
  File "/workdir/reportlab-3.6.12/.tox/cpythonlibtest-unit-test-tests/lib/python3.10/site-packages/_pytest/assertion/rewrite.py", line 186, in exec_module
    exec(co, module.__dict__)
  File "/workdir/reportlab-3.6.12/tests/test_pyfiles.py", line 7, in <module>
    setOutDir(__name__)
  File "/workdir/reportlab-3.6.12/.tox/cpythonlibtest-unit-test-tests/lib/python3.10/site-packages/reportlab/lib/testutils.py", line 57, in setOutDir
    assert name=='__main__',"setOutDir should only be called in the main script"
AssertionError: setOutDir should only be called in the main script
___________________ ERROR collecting tests/test_renderPS.py ____________________
Traceback (most recent call last):
  File "/workdir/reportlab-3.6.12/.tox/cpythonlibtest-unit-test-tests/lib/python3.10/site-packages/_pytest/runner.py", line 341, in from_call
    result: Optional[TResult] = func()
  File "/workdir/reportlab-3.6.12/.tox/cpythonlibtest-unit-test-tests/lib/python3.10/site-packages/_pytest/runner.py", line 372, in <lambda>
    call = CallInfo.from_call(lambda: list(collector.collect()), "collect")
  File "/workdir/reportlab-3.6.12/.tox/cpythonlibtest-unit-test-tests/lib/python3.10/site-packages/_pytest/python.py", line 531, in collect
    self._inject_setup_module_fixture()
  File "/workdir/reportlab-3.6.12/.tox/cpythonlibtest-unit-test-tests/lib/python3.10/site-packages/_pytest/python.py", line 545, in _inject_setup_module_fixture
    self.obj, ("setUpModule", "setup_module")
  File "/workdir/reportlab-3.6.12/.tox/cpythonlibtest-unit-test-tests/lib/python3.10/site-packages/_pytest/python.py", line 310, in obj
    self._obj = obj = self._getobj()
  File "/workdir/reportlab-3.6.12/.tox/cpythonlibtest-unit-test-tests/lib/python3.10/site-packages/_pytest/python.py", line 528, in _getobj
    return self._importtestmodule()
  File "/workdir/reportlab-3.6.12/.tox/cpythonlibtest-unit-test-tests/lib/python3.10/site-packages/_pytest/python.py", line 617, in _importtestmodule
    mod = import_path(self.path, mode=importmode, root=self.config.rootpath)
  File "/workdir/reportlab-3.6.12/.tox/cpythonlibtest-unit-test-tests/lib/python3.10/site-packages/_pytest/pathlib.py", line 567, in import_path
    importlib.import_module(module_name)
  File "/usr/local/lib/python3.10/importlib/__init__.py", line 126, in import_module
    return _bootstrap._gcd_import(name[level:], package, level)
  File "<frozen importlib._bootstrap>", line 1050, in _gcd_import
  File "<frozen importlib._bootstrap>", line 1027, in _find_and_load
  File "<frozen importlib._bootstrap>", line 1006, in _find_and_load_unlocked
  File "<frozen importlib._bootstrap>", line 688, in _load_unlocked
  File "/workdir/reportlab-3.6.12/.tox/cpythonlibtest-unit-test-tests/lib/python3.10/site-packages/_pytest/assertion/rewrite.py", line 186, in exec_module
    exec(co, module.__dict__)
  File "/workdir/reportlab-3.6.12/tests/test_renderPS.py", line 3, in <module>
    setOutDir(__name__)
  File "/workdir/reportlab-3.6.12/.tox/cpythonlibtest-unit-test-tests/lib/python3.10/site-packages/reportlab/lib/testutils.py", line 57, in setOutDir
    assert name=='__main__',"setOutDir should only be called in the main script"
AssertionError: setOutDir should only be called in the main script
___________________ ERROR collecting tests/test_renderSVG.py ___________________
Traceback (most recent call last):
  File "/workdir/reportlab-3.6.12/.tox/cpythonlibtest-unit-test-tests/lib/python3.10/site-packages/_pytest/runner.py", line 341, in from_call
    result: Optional[TResult] = func()
  File "/workdir/reportlab-3.6.12/.tox/cpythonlibtest-unit-test-tests/lib/python3.10/site-packages/_pytest/runner.py", line 372, in <lambda>
    call = CallInfo.from_call(lambda: list(collector.collect()), "collect")
  File "/workdir/reportlab-3.6.12/.tox/cpythonlibtest-unit-test-tests/lib/python3.10/site-packages/_pytest/python.py", line 531, in collect
    self._inject_setup_module_fixture()
  File "/workdir/reportlab-3.6.12/.tox/cpythonlibtest-unit-test-tests/lib/python3.10/site-packages/_pytest/python.py", line 545, in _inject_setup_module_fixture
    self.obj, ("setUpModule", "setup_module")
  File "/workdir/reportlab-3.6.12/.tox/cpythonlibtest-unit-test-tests/lib/python3.10/site-packages/_pytest/python.py", line 310, in obj
    self._obj = obj = self._getobj()
  File "/workdir/reportlab-3.6.12/.tox/cpythonlibtest-unit-test-tests/lib/python3.10/site-packages/_pytest/python.py", line 528, in _getobj
    return self._importtestmodule()
  File "/workdir/reportlab-3.6.12/.tox/cpythonlibtest-unit-test-tests/lib/python3.10/site-packages/_pytest/python.py", line 617, in _importtestmodule
    mod = import_path(self.path, mode=importmode, root=self.config.rootpath)
  File "/workdir/reportlab-3.6.12/.tox/cpythonlibtest-unit-test-tests/lib/python3.10/site-packages/_pytest/pathlib.py", line 567, in import_path
    importlib.import_module(module_name)
  File "/usr/local/lib/python3.10/importlib/__init__.py", line 126, in import_module
    return _bootstrap._gcd_import(name[level:], package, level)
  File "<frozen importlib._bootstrap>", line 1050, in _gcd_import
  File "<frozen importlib._bootstrap>", line 1027, in _find_and_load
  File "<frozen importlib._bootstrap>", line 1006, in _find_and_load_unlocked
  File "<frozen importlib._bootstrap>", line 688, in _load_unlocked
  File "/workdir/reportlab-3.6.12/.tox/cpythonlibtest-unit-test-tests/lib/python3.10/site-packages/_pytest/assertion/rewrite.py", line 186, in exec_module
    exec(co, module.__dict__)
  File "/workdir/reportlab-3.6.12/tests/test_renderSVG.py", line 3, in <module>
    setOutDir(__name__)
  File "/workdir/reportlab-3.6.12/.tox/cpythonlibtest-unit-test-tests/lib/python3.10/site-packages/reportlab/lib/testutils.py", line 57, in setOutDir
    assert name=='__main__',"setOutDir should only be called in the main script"
AssertionError: setOutDir should only be called in the main script
___________________ ERROR collecting tests/test_rl_accel.py ____________________
Traceback (most recent call last):
  File "/workdir/reportlab-3.6.12/.tox/cpythonlibtest-unit-test-tests/lib/python3.10/site-packages/_pytest/runner.py", line 341, in from_call
    result: Optional[TResult] = func()
  File "/workdir/reportlab-3.6.12/.tox/cpythonlibtest-unit-test-tests/lib/python3.10/site-packages/_pytest/runner.py", line 372, in <lambda>
    call = CallInfo.from_call(lambda: list(collector.collect()), "collect")
  File "/workdir/reportlab-3.6.12/.tox/cpythonlibtest-unit-test-tests/lib/python3.10/site-packages/_pytest/python.py", line 531, in collect
    self._inject_setup_module_fixture()
  File "/workdir/reportlab-3.6.12/.tox/cpythonlibtest-unit-test-tests/lib/python3.10/site-packages/_pytest/python.py", line 545, in _inject_setup_module_fixture
    self.obj, ("setUpModule", "setup_module")
  File "/workdir/reportlab-3.6.12/.tox/cpythonlibtest-unit-test-tests/lib/python3.10/site-packages/_pytest/python.py", line 310, in obj
    self._obj = obj = self._getobj()
  File "/workdir/reportlab-3.6.12/.tox/cpythonlibtest-unit-test-tests/lib/python3.10/site-packages/_pytest/python.py", line 528, in _getobj
    return self._importtestmodule()
  File "/workdir/reportlab-3.6.12/.tox/cpythonlibtest-unit-test-tests/lib/python3.10/site-packages/_pytest/python.py", line 617, in _importtestmodule
    mod = import_path(self.path, mode=importmode, root=self.config.rootpath)
  File "/workdir/reportlab-3.6.12/.tox/cpythonlibtest-unit-test-tests/lib/python3.10/site-packages/_pytest/pathlib.py", line 567, in import_path
    importlib.import_module(module_name)
  File "/usr/local/lib/python3.10/importlib/__init__.py", line 126, in import_module
    return _bootstrap._gcd_import(name[level:], package, level)
  File "<frozen importlib._bootstrap>", line 1050, in _gcd_import
  File "<frozen importlib._bootstrap>", line 1027, in _find_and_load
  File "<frozen importlib._bootstrap>", line 1006, in _find_and_load_unlocked
  File "<frozen importlib._bootstrap>", line 688, in _load_unlocked
  File "/workdir/reportlab-3.6.12/.tox/cpythonlibtest-unit-test-tests/lib/python3.10/site-packages/_pytest/assertion/rewrite.py", line 186, in exec_module
    exec(co, module.__dict__)
  File "/workdir/reportlab-3.6.12/tests/test_rl_accel.py", line 5, in <module>
    setOutDir(__name__)
  File "/workdir/reportlab-3.6.12/.tox/cpythonlibtest-unit-test-tests/lib/python3.10/site-packages/reportlab/lib/testutils.py", line 57, in setOutDir
    assert name=='__main__',"setOutDir should only be called in the main script"
AssertionError: setOutDir should only be called in the main script
_________________ ERROR collecting tests/test_source_chars.py __________________
Traceback (most recent call last):
  File "/workdir/reportlab-3.6.12/.tox/cpythonlibtest-unit-test-tests/lib/python3.10/site-packages/_pytest/runner.py", line 341, in from_call
    result: Optional[TResult] = func()
  File "/workdir/reportlab-3.6.12/.tox/cpythonlibtest-unit-test-tests/lib/python3.10/site-packages/_pytest/runner.py", line 372, in <lambda>
    call = CallInfo.from_call(lambda: list(collector.collect()), "collect")
  File "/workdir/reportlab-3.6.12/.tox/cpythonlibtest-unit-test-tests/lib/python3.10/site-packages/_pytest/python.py", line 531, in collect
    self._inject_setup_module_fixture()
  File "/workdir/reportlab-3.6.12/.tox/cpythonlibtest-unit-test-tests/lib/python3.10/site-packages/_pytest/python.py", line 545, in _inject_setup_module_fixture
    self.obj, ("setUpModule", "setup_module")
  File "/workdir/reportlab-3.6.12/.tox/cpythonlibtest-unit-test-tests/lib/python3.10/site-packages/_pytest/python.py", line 310, in obj
    self._obj = obj = self._getobj()
  File "/workdir/reportlab-3.6.12/.tox/cpythonlibtest-unit-test-tests/lib/python3.10/site-packages/_pytest/python.py", line 528, in _getobj
    return self._importtestmodule()
  File "/workdir/reportlab-3.6.12/.tox/cpythonlibtest-unit-test-tests/lib/python3.10/site-packages/_pytest/python.py", line 617, in _importtestmodule
    mod = import_path(self.path, mode=importmode, root=self.config.rootpath)
  File "/workdir/reportlab-3.6.12/.tox/cpythonlibtest-unit-test-tests/lib/python3.10/site-packages/_pytest/pathlib.py", line 567, in import_path
    importlib.import_module(module_name)
  File "/usr/local/lib/python3.10/importlib/__init__.py", line 126, in import_module
    return _bootstrap._gcd_import(name[level:], package, level)
  File "<frozen importlib._bootstrap>", line 1050, in _gcd_import
  File "<frozen importlib._bootstrap>", line 1027, in _find_and_load
  File "<frozen importlib._bootstrap>", line 1006, in _find_and_load_unlocked
  File "<frozen importlib._bootstrap>", line 688, in _load_unlocked
  File "/workdir/reportlab-3.6.12/.tox/cpythonlibtest-unit-test-tests/lib/python3.10/site-packages/_pytest/assertion/rewrite.py", line 186, in exec_module
    exec(co, module.__dict__)
  File "/workdir/reportlab-3.6.12/tests/test_source_chars.py", line 7, in <module>
    setOutDir(__name__)
  File "/workdir/reportlab-3.6.12/.tox/cpythonlibtest-unit-test-tests/lib/python3.10/site-packages/reportlab/lib/testutils.py", line 57, in setOutDir
    assert name=='__main__',"setOutDir should only be called in the main script"
AssertionError: setOutDir should only be called in the main script
_______________ ERROR collecting tests/test_table_inrowsplit.py ________________
Traceback (most recent call last):
  File "/workdir/reportlab-3.6.12/.tox/cpythonlibtest-unit-test-tests/lib/python3.10/site-packages/_pytest/runner.py", line 341, in from_call
    result: Optional[TResult] = func()
  File "/workdir/reportlab-3.6.12/.tox/cpythonlibtest-unit-test-tests/lib/python3.10/site-packages/_pytest/runner.py", line 372, in <lambda>
    call = CallInfo.from_call(lambda: list(collector.collect()), "collect")
  File "/workdir/reportlab-3.6.12/.tox/cpythonlibtest-unit-test-tests/lib/python3.10/site-packages/_pytest/python.py", line 531, in collect
    self._inject_setup_module_fixture()
  File "/workdir/reportlab-3.6.12/.tox/cpythonlibtest-unit-test-tests/lib/python3.10/site-packages/_pytest/python.py", line 545, in _inject_setup_module_fixture
    self.obj, ("setUpModule", "setup_module")
  File "/workdir/reportlab-3.6.12/.tox/cpythonlibtest-unit-test-tests/lib/python3.10/site-packages/_pytest/python.py", line 310, in obj
    self._obj = obj = self._getobj()
  File "/workdir/reportlab-3.6.12/.tox/cpythonlibtest-unit-test-tests/lib/python3.10/site-packages/_pytest/python.py", line 528, in _getobj
    return self._importtestmodule()
  File "/workdir/reportlab-3.6.12/.tox/cpythonlibtest-unit-test-tests/lib/python3.10/site-packages/_pytest/python.py", line 617, in _importtestmodule
    mod = import_path(self.path, mode=importmode, root=self.config.rootpath)
  File "/workdir/reportlab-3.6.12/.tox/cpythonlibtest-unit-test-tests/lib/python3.10/site-packages/_pytest/pathlib.py", line 567, in import_path
    importlib.import_module(module_name)
  File "/usr/local/lib/python3.10/importlib/__init__.py", line 126, in import_module
    return _bootstrap._gcd_import(name[level:], package, level)
  File "<frozen importlib._bootstrap>", line 1050, in _gcd_import
  File "<frozen importlib._bootstrap>", line 1027, in _find_and_load
  File "<frozen importlib._bootstrap>", line 1006, in _find_and_load_unlocked
  File "<frozen importlib._bootstrap>", line 688, in _load_unlocked
  File "/workdir/reportlab-3.6.12/.tox/cpythonlibtest-unit-test-tests/lib/python3.10/site-packages/_pytest/assertion/rewrite.py", line 186, in exec_module
    exec(co, module.__dict__)
  File "/workdir/reportlab-3.6.12/tests/test_table_inrowsplit.py", line 2, in <module>
    setOutDir(__name__)
  File "/workdir/reportlab-3.6.12/.tox/cpythonlibtest-unit-test-tests/lib/python3.10/site-packages/reportlab/lib/testutils.py", line 57, in setOutDir
    assert name=='__main__',"setOutDir should only be called in the main script"
AssertionError: setOutDir should only be called in the main script
_________________ ERROR collecting tests/test_table_layout.py __________________
Traceback (most recent call last):
  File "/workdir/reportlab-3.6.12/.tox/cpythonlibtest-unit-test-tests/lib/python3.10/site-packages/_pytest/runner.py", line 341, in from_call
    result: Optional[TResult] = func()
  File "/workdir/reportlab-3.6.12/.tox/cpythonlibtest-unit-test-tests/lib/python3.10/site-packages/_pytest/runner.py", line 372, in <lambda>
    call = CallInfo.from_call(lambda: list(collector.collect()), "collect")
  File "/workdir/reportlab-3.6.12/.tox/cpythonlibtest-unit-test-tests/lib/python3.10/site-packages/_pytest/python.py", line 531, in collect
    self._inject_setup_module_fixture()
  File "/workdir/reportlab-3.6.12/.tox/cpythonlibtest-unit-test-tests/lib/python3.10/site-packages/_pytest/python.py", line 545, in _inject_setup_module_fixture
    self.obj, ("setUpModule", "setup_module")
  File "/workdir/reportlab-3.6.12/.tox/cpythonlibtest-unit-test-tests/lib/python3.10/site-packages/_pytest/python.py", line 310, in obj
    self._obj = obj = self._getobj()
  File "/workdir/reportlab-3.6.12/.tox/cpythonlibtest-unit-test-tests/lib/python3.10/site-packages/_pytest/python.py", line 528, in _getobj
    return self._importtestmodule()
  File "/workdir/reportlab-3.6.12/.tox/cpythonlibtest-unit-test-tests/lib/python3.10/site-packages/_pytest/python.py", line 617, in _importtestmodule
    mod = import_path(self.path, mode=importmode, root=self.config.rootpath)
  File "/workdir/reportlab-3.6.12/.tox/cpythonlibtest-unit-test-tests/lib/python3.10/site-packages/_pytest/pathlib.py", line 567, in import_path
    importlib.import_module(module_name)
  File "/usr/local/lib/python3.10/importlib/__init__.py", line 126, in import_module
    return _bootstrap._gcd_import(name[level:], package, level)
  File "<frozen importlib._bootstrap>", line 1050, in _gcd_import
  File "<frozen importlib._bootstrap>", line 1027, in _find_and_load
  File "<frozen importlib._bootstrap>", line 1006, in _find_and_load_unlocked
  File "<frozen importlib._bootstrap>", line 688, in _load_unlocked
  File "/workdir/reportlab-3.6.12/.tox/cpythonlibtest-unit-test-tests/lib/python3.10/site-packages/_pytest/assertion/rewrite.py", line 186, in exec_module
    exec(co, module.__dict__)
  File "/workdir/reportlab-3.6.12/tests/test_table_layout.py", line 2, in <module>
    setOutDir(__name__)
  File "/workdir/reportlab-3.6.12/.tox/cpythonlibtest-unit-test-tests/lib/python3.10/site-packages/reportlab/lib/testutils.py", line 57, in setOutDir
    assert name=='__main__',"setOutDir should only be called in the main script"
AssertionError: setOutDir should only be called in the main script
_______________ ERROR collecting tests/test_tools_pythonpoint.py _______________
Traceback (most recent call last):
  File "/workdir/reportlab-3.6.12/.tox/cpythonlibtest-unit-test-tests/lib/python3.10/site-packages/_pytest/runner.py", line 341, in from_call
    result: Optional[TResult] = func()
  File "/workdir/reportlab-3.6.12/.tox/cpythonlibtest-unit-test-tests/lib/python3.10/site-packages/_pytest/runner.py", line 372, in <lambda>
    call = CallInfo.from_call(lambda: list(collector.collect()), "collect")
  File "/workdir/reportlab-3.6.12/.tox/cpythonlibtest-unit-test-tests/lib/python3.10/site-packages/_pytest/python.py", line 531, in collect
    self._inject_setup_module_fixture()
  File "/workdir/reportlab-3.6.12/.tox/cpythonlibtest-unit-test-tests/lib/python3.10/site-packages/_pytest/python.py", line 545, in _inject_setup_module_fixture
    self.obj, ("setUpModule", "setup_module")
  File "/workdir/reportlab-3.6.12/.tox/cpythonlibtest-unit-test-tests/lib/python3.10/site-packages/_pytest/python.py", line 310, in obj
    self._obj = obj = self._getobj()
  File "/workdir/reportlab-3.6.12/.tox/cpythonlibtest-unit-test-tests/lib/python3.10/site-packages/_pytest/python.py", line 528, in _getobj
    return self._importtestmodule()
  File "/workdir/reportlab-3.6.12/.tox/cpythonlibtest-unit-test-tests/lib/python3.10/site-packages/_pytest/python.py", line 617, in _importtestmodule
    mod = import_path(self.path, mode=importmode, root=self.config.rootpath)
  File "/workdir/reportlab-3.6.12/.tox/cpythonlibtest-unit-test-tests/lib/python3.10/site-packages/_pytest/pathlib.py", line 567, in import_path
    importlib.import_module(module_name)
  File "/usr/local/lib/python3.10/importlib/__init__.py", line 126, in import_module
    return _bootstrap._gcd_import(name[level:], package, level)
  File "<frozen importlib._bootstrap>", line 1050, in _gcd_import
  File "<frozen importlib._bootstrap>", line 1027, in _find_and_load
  File "<frozen importlib._bootstrap>", line 1006, in _find_and_load_unlocked
  File "<frozen importlib._bootstrap>", line 688, in _load_unlocked
  File "/workdir/reportlab-3.6.12/.tox/cpythonlibtest-unit-test-tests/lib/python3.10/site-packages/_pytest/assertion/rewrite.py", line 186, in exec_module
    exec(co, module.__dict__)
  File "/workdir/reportlab-3.6.12/tests/test_tools_pythonpoint.py", line 4, in <module>
    setOutDir(__name__)
  File "/workdir/reportlab-3.6.12/.tox/cpythonlibtest-unit-test-tests/lib/python3.10/site-packages/reportlab/lib/testutils.py", line 57, in setOutDir
    assert name=='__main__',"setOutDir should only be called in the main script"
AssertionError: setOutDir should only be called in the main script
_____________________ ERROR collecting tests/test_utils.py _____________________
Traceback (most recent call last):
  File "/workdir/reportlab-3.6.12/.tox/cpythonlibtest-unit-test-tests/lib/python3.10/site-packages/_pytest/runner.py", line 341, in from_call
    result: Optional[TResult] = func()
  File "/workdir/reportlab-3.6.12/.tox/cpythonlibtest-unit-test-tests/lib/python3.10/site-packages/_pytest/runner.py", line 372, in <lambda>
    call = CallInfo.from_call(lambda: list(collector.collect()), "collect")
  File "/workdir/reportlab-3.6.12/.tox/cpythonlibtest-unit-test-tests/lib/python3.10/site-packages/_pytest/python.py", line 531, in collect
    self._inject_setup_module_fixture()
  File "/workdir/reportlab-3.6.12/.tox/cpythonlibtest-unit-test-tests/lib/python3.10/site-packages/_pytest/python.py", line 545, in _inject_setup_module_fixture
    self.obj, ("setUpModule", "setup_module")
  File "/workdir/reportlab-3.6.12/.tox/cpythonlibtest-unit-test-tests/lib/python3.10/site-packages/_pytest/python.py", line 310, in obj
    self._obj = obj = self._getobj()
  File "/workdir/reportlab-3.6.12/.tox/cpythonlibtest-unit-test-tests/lib/python3.10/site-packages/_pytest/python.py", line 528, in _getobj
    return self._importtestmodule()
  File "/workdir/reportlab-3.6.12/.tox/cpythonlibtest-unit-test-tests/lib/python3.10/site-packages/_pytest/python.py", line 617, in _importtestmodule
    mod = import_path(self.path, mode=importmode, root=self.config.rootpath)
  File "/workdir/reportlab-3.6.12/.tox/cpythonlibtest-unit-test-tests/lib/python3.10/site-packages/_pytest/pathlib.py", line 567, in import_path
    importlib.import_module(module_name)
  File "/usr/local/lib/python3.10/importlib/__init__.py", line 126, in import_module
    return _bootstrap._gcd_import(name[level:], package, level)
  File "<frozen importlib._bootstrap>", line 1050, in _gcd_import
  File "<frozen importlib._bootstrap>", line 1027, in _find_and_load
  File "<frozen importlib._bootstrap>", line 1006, in _find_and_load_unlocked
  File "<frozen importlib._bootstrap>", line 688, in _load_unlocked
  File "/workdir/reportlab-3.6.12/.tox/cpythonlibtest-unit-test-tests/lib/python3.10/site-packages/_pytest/assertion/rewrite.py", line 186, in exec_module
    exec(co, module.__dict__)
  File "/workdir/reportlab-3.6.12/tests/test_utils.py", line 7, in <module>
    setOutDir(__name__)
  File "/workdir/reportlab-3.6.12/.tox/cpythonlibtest-unit-test-tests/lib/python3.10/site-packages/reportlab/lib/testutils.py", line 57, in setOutDir
    assert name=='__main__',"setOutDir should only be called in the main script"
AssertionError: setOutDir should only be called in the main script
________________ ERROR collecting tests/test_widgetbase_tpc.py _________________
Traceback (most recent call last):
  File "/workdir/reportlab-3.6.12/.tox/cpythonlibtest-unit-test-tests/lib/python3.10/site-packages/_pytest/runner.py", line 341, in from_call
    result: Optional[TResult] = func()
  File "/workdir/reportlab-3.6.12/.tox/cpythonlibtest-unit-test-tests/lib/python3.10/site-packages/_pytest/runner.py", line 372, in <lambda>
    call = CallInfo.from_call(lambda: list(collector.collect()), "collect")
  File "/workdir/reportlab-3.6.12/.tox/cpythonlibtest-unit-test-tests/lib/python3.10/site-packages/_pytest/python.py", line 531, in collect
    self._inject_setup_module_fixture()
  File "/workdir/reportlab-3.6.12/.tox/cpythonlibtest-unit-test-tests/lib/python3.10/site-packages/_pytest/python.py", line 545, in _inject_setup_module_fixture
    self.obj, ("setUpModule", "setup_module")
  File "/workdir/reportlab-3.6.12/.tox/cpythonlibtest-unit-test-tests/lib/python3.10/site-packages/_pytest/python.py", line 310, in obj
    self._obj = obj = self._getobj()
  File "/workdir/reportlab-3.6.12/.tox/cpythonlibtest-unit-test-tests/lib/python3.10/site-packages/_pytest/python.py", line 528, in _getobj
    return self._importtestmodule()
  File "/workdir/reportlab-3.6.12/.tox/cpythonlibtest-unit-test-tests/lib/python3.10/site-packages/_pytest/python.py", line 617, in _importtestmodule
    mod = import_path(self.path, mode=importmode, root=self.config.rootpath)
  File "/workdir/reportlab-3.6.12/.tox/cpythonlibtest-unit-test-tests/lib/python3.10/site-packages/_pytest/pathlib.py", line 567, in import_path
    importlib.import_module(module_name)
  File "/usr/local/lib/python3.10/importlib/__init__.py", line 126, in import_module
    return _bootstrap._gcd_import(name[level:], package, level)
  File "<frozen importlib._bootstrap>", line 1050, in _gcd_import
  File "<frozen importlib._bootstrap>", line 1027, in _find_and_load
  File "<frozen importlib._bootstrap>", line 1006, in _find_and_load_unlocked
  File "<frozen importlib._bootstrap>", line 688, in _load_unlocked
  File "/workdir/reportlab-3.6.12/.tox/cpythonlibtest-unit-test-tests/lib/python3.10/site-packages/_pytest/assertion/rewrite.py", line 186, in exec_module
    exec(co, module.__dict__)
  File "/workdir/reportlab-3.6.12/tests/test_widgetbase_tpc.py", line 8, in <module>
    setOutDir(__name__)
  File "/workdir/reportlab-3.6.12/.tox/cpythonlibtest-unit-test-tests/lib/python3.10/site-packages/reportlab/lib/testutils.py", line 57, in setOutDir
    assert name=='__main__',"setOutDir should only be called in the main script"
AssertionError: setOutDir should only be called in the main script
_________________ ERROR collecting tests/test_widgets_grids.py _________________
Traceback (most recent call last):
  File "/workdir/reportlab-3.6.12/.tox/cpythonlibtest-unit-test-tests/lib/python3.10/site-packages/_pytest/runner.py", line 341, in from_call
    result: Optional[TResult] = func()
  File "/workdir/reportlab-3.6.12/.tox/cpythonlibtest-unit-test-tests/lib/python3.10/site-packages/_pytest/runner.py", line 372, in <lambda>
    call = CallInfo.from_call(lambda: list(collector.collect()), "collect")
  File "/workdir/reportlab-3.6.12/.tox/cpythonlibtest-unit-test-tests/lib/python3.10/site-packages/_pytest/python.py", line 531, in collect
    self._inject_setup_module_fixture()
  File "/workdir/reportlab-3.6.12/.tox/cpythonlibtest-unit-test-tests/lib/python3.10/site-packages/_pytest/python.py", line 545, in _inject_setup_module_fixture
    self.obj, ("setUpModule", "setup_module")
  File "/workdir/reportlab-3.6.12/.tox/cpythonlibtest-unit-test-tests/lib/python3.10/site-packages/_pytest/python.py", line 310, in obj
    self._obj = obj = self._getobj()
  File "/workdir/reportlab-3.6.12/.tox/cpythonlibtest-unit-test-tests/lib/python3.10/site-packages/_pytest/python.py", line 528, in _getobj
    return self._importtestmodule()
  File "/workdir/reportlab-3.6.12/.tox/cpythonlibtest-unit-test-tests/lib/python3.10/site-packages/_pytest/python.py", line 617, in _importtestmodule
    mod = import_path(self.path, mode=importmode, root=self.config.rootpath)
  File "/workdir/reportlab-3.6.12/.tox/cpythonlibtest-unit-test-tests/lib/python3.10/site-packages/_pytest/pathlib.py", line 567, in import_path
    importlib.import_module(module_name)
  File "/usr/local/lib/python3.10/importlib/__init__.py", line 126, in import_module
    return _bootstrap._gcd_import(name[level:], package, level)
  File "<frozen importlib._bootstrap>", line 1050, in _gcd_import
  File "<frozen importlib._bootstrap>", line 1027, in _find_and_load
  File "<frozen importlib._bootstrap>", line 1006, in _find_and_load_unlocked
  File "<frozen importlib._bootstrap>", line 688, in _load_unlocked
  File "/workdir/reportlab-3.6.12/.tox/cpythonlibtest-unit-test-tests/lib/python3.10/site-packages/_pytest/assertion/rewrite.py", line 186, in exec_module
    exec(co, module.__dict__)
  File "/workdir/reportlab-3.6.12/tests/test_widgets_grids.py", line 2, in <module>
    setOutDir(__name__)
  File "/workdir/reportlab-3.6.12/.tox/cpythonlibtest-unit-test-tests/lib/python3.10/site-packages/reportlab/lib/testutils.py", line 57, in setOutDir
    assert name=='__main__',"setOutDir should only be called in the main script"
AssertionError: setOutDir should only be called in the main script
___ ERROR collecting tests/charts-out/test_graphics_charts_axes_sample0c.py ____
.tox/cpythonlibtest-unit-test-tests/lib/python3.10/site-packages/_pytest/python.py:617: in _importtestmodule
    mod = import_path(self.path, mode=importmode, root=self.config.rootpath)
.tox/cpythonlibtest-unit-test-tests/lib/python3.10/site-packages/_pytest/pathlib.py:567: in import_path
    importlib.import_module(module_name)
/usr/local/lib/python3.10/importlib/__init__.py:126: in import_module
    return _bootstrap._gcd_import(name[level:], package, level)
<frozen importlib._bootstrap>:1050: in _gcd_import
    ???
<frozen importlib._bootstrap>:1027: in _find_and_load
    ???
<frozen importlib._bootstrap>:1006: in _find_and_load_unlocked
    ???
<frozen importlib._bootstrap>:688: in _load_unlocked
    ???
.tox/cpythonlibtest-unit-test-tests/lib/python3.10/site-packages/_pytest/assertion/rewrite.py:177: in exec_module
    source_stat, co = _rewrite_test(fn, self.config)
.tox/cpythonlibtest-unit-test-tests/lib/python3.10/site-packages/_pytest/assertion/rewrite.py:359: in _rewrite_test
    tree = ast.parse(source, filename=strfn)
/usr/local/lib/python3.10/ast.py:50: in parse
    return compile(source, filename, mode, flags,
E     File "/workdir/reportlab-3.6.12/tests/charts-out/test_graphics_charts_axes_sample0c.py", line 19
E       'caseSensitive': 1
E                      ^
E   SyntaxError: invalid syntax
___ ERROR collecting tests/charts-out/test_graphics_charts_axes_sample8a.py ____
.tox/cpythonlibtest-unit-test-tests/lib/python3.10/site-packages/_pytest/python.py:617: in _importtestmodule
    mod = import_path(self.path, mode=importmode, root=self.config.rootpath)
.tox/cpythonlibtest-unit-test-tests/lib/python3.10/site-packages/_pytest/pathlib.py:567: in import_path
    importlib.import_module(module_name)
/usr/local/lib/python3.10/importlib/__init__.py:126: in import_module
    return _bootstrap._gcd_import(name[level:], package, level)
<frozen importlib._bootstrap>:1050: in _gcd_import
    ???
<frozen importlib._bootstrap>:1027: in _find_and_load
    ???
<frozen importlib._bootstrap>:1006: in _find_and_load_unlocked
    ???
<frozen importlib._bootstrap>:688: in _load_unlocked
    ???
.tox/cpythonlibtest-unit-test-tests/lib/python3.10/site-packages/_pytest/assertion/rewrite.py:177: in exec_module
    source_stat, co = _rewrite_test(fn, self.config)
.tox/cpythonlibtest-unit-test-tests/lib/python3.10/site-packages/_pytest/assertion/rewrite.py:359: in _rewrite_test
    tree = ast.parse(source, filename=strfn)
/usr/local/lib/python3.10/ast.py:50: in parse
    return compile(source, filename, mode, flags,
E     File "/workdir/reportlab-3.6.12/tests/charts-out/test_graphics_charts_axes_sample8a.py", line 21
E       'caseSensitive': 1
E                      ^
E   SyntaxError: invalid syntax
___ ERROR collecting tests/charts-out/test_graphics_charts_axes_sample8b.py ____
.tox/cpythonlibtest-unit-test-tests/lib/python3.10/site-packages/_pytest/python.py:617: in _importtestmodule
    mod = import_path(self.path, mode=importmode, root=self.config.rootpath)
.tox/cpythonlibtest-unit-test-tests/lib/python3.10/site-packages/_pytest/pathlib.py:567: in import_path
    importlib.import_module(module_name)
/usr/local/lib/python3.10/importlib/__init__.py:126: in import_module
    return _bootstrap._gcd_import(name[level:], package, level)
<frozen importlib._bootstrap>:1050: in _gcd_import
    ???
<frozen importlib._bootstrap>:1027: in _find_and_load
    ???
<frozen importlib._bootstrap>:1006: in _find_and_load_unlocked
    ???
<frozen importlib._bootstrap>:688: in _load_unlocked
    ???
.tox/cpythonlibtest-unit-test-tests/lib/python3.10/site-packages/_pytest/assertion/rewrite.py:177: in exec_module
    source_stat, co = _rewrite_test(fn, self.config)
.tox/cpythonlibtest-unit-test-tests/lib/python3.10/site-packages/_pytest/assertion/rewrite.py:359: in _rewrite_test
    tree = ast.parse(source, filename=strfn)
/usr/local/lib/python3.10/ast.py:50: in parse
    return compile(source, filename, mode, flags,
E     File "/workdir/reportlab-3.6.12/tests/charts-out/test_graphics_charts_axes_sample8b.py", line 21
E       'caseSensitive': 1
E                      ^
E   SyntaxError: invalid syntax
___ ERROR collecting tests/charts-out/test_graphics_charts_axes_sample9a.py ____
.tox/cpythonlibtest-unit-test-tests/lib/python3.10/site-packages/_pytest/python.py:617: in _importtestmodule
    mod = import_path(self.path, mode=importmode, root=self.config.rootpath)
.tox/cpythonlibtest-unit-test-tests/lib/python3.10/site-packages/_pytest/pathlib.py:567: in import_path
    importlib.import_module(module_name)
/usr/local/lib/python3.10/importlib/__init__.py:126: in import_module
    return _bootstrap._gcd_import(name[level:], package, level)
<frozen importlib._bootstrap>:1050: in _gcd_import
    ???
<frozen importlib._bootstrap>:1027: in _find_and_load
    ???
<frozen importlib._bootstrap>:1006: in _find_and_load_unlocked
    ???
<frozen importlib._bootstrap>:688: in _load_unlocked
    ???
.tox/cpythonlibtest-unit-test-tests/lib/python3.10/site-packages/_pytest/assertion/rewrite.py:177: in exec_module
    source_stat, co = _rewrite_test(fn, self.config)
.tox/cpythonlibtest-unit-test-tests/lib/python3.10/site-packages/_pytest/assertion/rewrite.py:359: in _rewrite_test
    tree = ast.parse(source, filename=strfn)
/usr/local/lib/python3.10/ast.py:50: in parse
    return compile(source, filename, mode, flags,
E     File "/workdir/reportlab-3.6.12/tests/charts-out/test_graphics_charts_axes_sample9a.py", line 41
E       'caseSensitive': 1
E                      ^
E   SyntaxError: invalid syntax
___ ERROR collecting tests/charts-out/test_graphics_charts_axes_sample9b.py ____
.tox/cpythonlibtest-unit-test-tests/lib/python3.10/site-packages/_pytest/python.py:617: in _importtestmodule
    mod = import_path(self.path, mode=importmode, root=self.config.rootpath)
.tox/cpythonlibtest-unit-test-tests/lib/python3.10/site-packages/_pytest/pathlib.py:567: in import_path
    importlib.import_module(module_name)
/usr/local/lib/python3.10/importlib/__init__.py:126: in import_module
    return _bootstrap._gcd_import(name[level:], package, level)
<frozen importlib._bootstrap>:1050: in _gcd_import
    ???
<frozen importlib._bootstrap>:1027: in _find_and_load
    ???
<frozen importlib._bootstrap>:1006: in _find_and_load_unlocked
    ???
<frozen importlib._bootstrap>:688: in _load_unlocked
    ???
.tox/cpythonlibtest-unit-test-tests/lib/python3.10/site-packages/_pytest/assertion/rewrite.py:177: in exec_module
    source_stat, co = _rewrite_test(fn, self.config)
.tox/cpythonlibtest-unit-test-tests/lib/python3.10/site-packages/_pytest/assertion/rewrite.py:359: in _rewrite_test
    tree = ast.parse(source, filename=strfn)
/usr/local/lib/python3.10/ast.py:50: in parse
    return compile(source, filename, mode, flags,
E     File "/workdir/reportlab-3.6.12/tests/charts-out/test_graphics_charts_axes_sample9b.py", line 41
E       'caseSensitive': 1
E                      ^
E   SyntaxError: invalid syntax
___ ERROR collecting tests/charts-out/test_graphics_charts_axes_sample9c.py ____
.tox/cpythonlibtest-unit-test-tests/lib/python3.10/site-packages/_pytest/python.py:617: in _importtestmodule
    mod = import_path(self.path, mode=importmode, root=self.config.rootpath)
.tox/cpythonlibtest-unit-test-tests/lib/python3.10/site-packages/_pytest/pathlib.py:567: in import_path
    importlib.import_module(module_name)
/usr/local/lib/python3.10/importlib/__init__.py:126: in import_module
    return _bootstrap._gcd_import(name[level:], package, level)
<frozen importlib._bootstrap>:1050: in _gcd_import
    ???
<frozen importlib._bootstrap>:1027: in _find_and_load
    ???
<frozen importlib._bootstrap>:1006: in _find_and_load_unlocked
    ???
<frozen importlib._bootstrap>:688: in _load_unlocked
    ???
.tox/cpythonlibtest-unit-test-tests/lib/python3.10/site-packages/_pytest/assertion/rewrite.py:177: in exec_module
    source_stat, co = _rewrite_test(fn, self.config)
.tox/cpythonlibtest-unit-test-tests/lib/python3.10/site-packages/_pytest/assertion/rewrite.py:359: in _rewrite_test
    tree = ast.parse(source, filename=strfn)
/usr/local/lib/python3.10/ast.py:50: in parse
    return compile(source, filename, mode, flags,
E     File "/workdir/reportlab-3.6.12/tests/charts-out/test_graphics_charts_axes_sample9c.py", line 41
E       'caseSensitive': 1
E                      ^
E   SyntaxError: invalid syntax
=============================== warnings summary ===============================
<frozen importlib._bootstrap>:283
  <frozen importlib._bootstrap>:283: DeprecationWarning: the load_module() method is deprecated and slated for removal in Python 3.12; use exec_module() instead

tests/test_lib_utils.py:227
  /workdir/reportlab-3.6.12/tests/test_lib_utils.py:227: DeprecationWarning: invalid escape sequence '\('
    self.myAssertRaisesRegex(AttributeError,"asBytes\(.*'list' object has no attribute 'encode'", asBytes,['abc'])

-- Docs: https://docs.pytest.org/en/stable/how-to/capture-warnings.html
- generated xml file: /workdir/results/reportlab/3.6.12/1/cpython-test-results.xml -
=========================== short test summary info ============================
ERROR tests/test_charts_textlabels.py - AssertionError: setOutDir should only...
ERROR tests/test_crypto_algorithms.py - AssertionError: setOutDir should only...
ERROR tests/test_docs_build.py - AssertionError: setOutDir should only be cal...
ERROR tests/test_docstrings.py - AssertionError: setOutDir should only be cal...
ERROR tests/test_extra.py - AssertionError: setOutDir should only be called i...
ERROR tests/test_geomutils.py - AssertionError: setOutDir should only be call...
ERROR tests/test_graphics_barcode.py - AssertionError: setOutDir should only ...
ERROR tests/test_graphics_charts.py - AssertionError: setOutDir should only b...
ERROR tests/test_graphics_images.py - AssertionError: setOutDir should only b...
ERROR tests/test_graphics_layout.py - AssertionError: setOutDir should only b...
ERROR tests/test_graphics_render.py - AssertionError: setOutDir should only b...
ERROR tests/test_graphics_speed.py - AssertionError: setOutDir should only be...
ERROR tests/test_hello.py - AssertionError: setOutDir should only be called i...
ERROR tests/test_images.py - AssertionError: setOutDir should only be called ...
ERROR tests/test_invariant.py - AssertionError: setOutDir should only be call...
ERROR tests/test_issues.py - AssertionError: setOutDir should only be called ...
ERROR tests/test_lib_colors.py - AssertionError: setOutDir should only be cal...
ERROR tests/test_lib_normaldate.py - AssertionError: setOutDir should only be...
ERROR tests/test_lib_pdfencrypt.py - AssertionError: setOutDir should only be...
ERROR tests/test_lib_rl_safe_eval.py - AssertionError: setOutDir should only ...
ERROR tests/test_lib_sequencer.py - AssertionError: setOutDir should only be ...
ERROR tests/test_lib_utils.py - AssertionError: setOutDir should only be call...
ERROR tests/test_lib_validators.py - AssertionError: setOutDir should only be...
ERROR tests/test_multibyte_chs.py - AssertionError: setOutDir should only be ...
ERROR tests/test_multibyte_cht.py - AssertionError: setOutDir should only be ...
ERROR tests/test_multibyte_jpn.py - AssertionError: setOutDir should only be ...
ERROR tests/test_multibyte_kor.py - AssertionError: setOutDir should only be ...
ERROR tests/test_paragraphs.py - AssertionError: setOutDir should only be cal...
ERROR tests/test_pdfbase_encodings.py - AssertionError: setOutDir should only...
ERROR tests/test_pdfbase_fontembed.py - AssertionError: setOutDir should only...
ERROR tests/test_pdfbase_pdfdoc.py - AssertionError: setOutDir should only be...
ERROR tests/test_pdfbase_pdfform.py - AssertionError: setOutDir should only b...
ERROR tests/test_pdfbase_pdfmetrics.py - AssertionError: setOutDir should onl...
ERROR tests/test_pdfbase_pdfutils.py - AssertionError: setOutDir should only ...
ERROR tests/test_pdfbase_postscript.py - AssertionError: setOutDir should onl...
ERROR tests/test_pdfgen_callback.py - AssertionError: setOutDir should only b...
ERROR tests/test_pdfgen_general.py - AssertionError: setOutDir should only be...
ERROR tests/test_pdfgen_links.py - AssertionError: setOutDir should only be c...
ERROR tests/test_pdfgen_overprint.py - AssertionError: setOutDir should only ...
ERROR tests/test_pdfgen_pagemodes.py - AssertionError: setOutDir should only ...
ERROR tests/test_platypus_accum.py - AssertionError: setOutDir should only be...
ERROR tests/test_platypus_breaking.py - AssertionError: setOutDir should only...
ERROR tests/test_platypus_cjk_wrap.py - AssertionError: setOutDir should only...
ERROR tests/test_platypus_general.py - AssertionError: setOutDir should only ...
ERROR tests/test_platypus_images.py - AssertionError: setOutDir should only b...
ERROR tests/test_platypus_indents.py - AssertionError: setOutDir should only ...
ERROR tests/test_platypus_index.py - AssertionError: setOutDir should only be...
ERROR tests/test_platypus_leftright.py - AssertionError: setOutDir should onl...
ERROR tests/test_platypus_lists.py - AssertionError: setOutDir should only be...
ERROR tests/test_platypus_paragraphs.py - AssertionError: setOutDir should on...
ERROR tests/test_platypus_paraparser.py - AssertionError: setOutDir should on...
ERROR tests/test_platypus_pleaseturnover.py - AssertionError: setOutDir shoul...
ERROR tests/test_platypus_preformatted.py - AssertionError: setOutDir should ...
ERROR tests/test_platypus_programming.py - AssertionError: setOutDir should o...
ERROR tests/test_platypus_tables.py - AssertionError: setOutDir should only b...
ERROR tests/test_platypus_toc.py - AssertionError: setOutDir should only be c...
ERROR tests/test_platypus_wrapping.py - AssertionError: setOutDir should only...
ERROR tests/test_platypus_xref.py - AssertionError: setOutDir should only be ...
ERROR tests/test_pyfiles.py - AssertionError: setOutDir should only be called...
ERROR tests/test_renderPS.py - AssertionError: setOutDir should only be calle...
ERROR tests/test_renderSVG.py - AssertionError: setOutDir should only be call...
ERROR tests/test_rl_accel.py - AssertionError: setOutDir should only be calle...
ERROR tests/test_source_chars.py - AssertionError: setOutDir should only be c...
ERROR tests/test_table_inrowsplit.py - AssertionError: setOutDir should only ...
ERROR tests/test_table_layout.py - AssertionError: setOutDir should only be c...
ERROR tests/test_tools_pythonpoint.py - AssertionError: setOutDir should only...
ERROR tests/test_utils.py - AssertionError: setOutDir should only be called i...
ERROR tests/test_widgetbase_tpc.py - AssertionError: setOutDir should only be...
ERROR tests/test_widgets_grids.py - AssertionError: setOutDir should only be ...
ERROR tests/charts-out/test_graphics_charts_axes_sample0c.py
ERROR tests/charts-out/test_graphics_charts_axes_sample8a.py
ERROR tests/charts-out/test_graphics_charts_axes_sample8b.py
ERROR tests/charts-out/test_graphics_charts_axes_sample9a.py
ERROR tests/charts-out/test_graphics_charts_axes_sample9b.py
ERROR tests/charts-out/test_graphics_charts_axes_sample9c.py
!!!!!!!!!!!!!!!!!!! Interrupted: 75 errors during collection !!!!!!!!!!!!!!!!!!!
======================== 2 warnings, 75 errors in 1.50s ========================
ERROR: InvocationError for command /workdir/reportlab-3.6.12/.tox/cpythonlibtest-unit-test-tests/bin/pytest -v --tb=native --junitxml /workdir/results/reportlab/3.6.12/1/cpython-test-results.xml (exited with code 2)
___________________________________ summary ____________________________________
ERROR:   cpythonlibtest-unit-test-tests: commands failed
