<?xml version="1.0" encoding="utf-8"?><testsuites><testsuite name="pytest" errors="1" failures="0" skipped="0" tests="1" time="5.657" timestamp="2023-11-22T21:54:52.953000" hostname="80ac3eb7f7f2"><testcase classname="" name="oslo_utils.tests.test_eventletutils" time="0.000"><error message="collection failure">Traceback (most recent call last):
  File "/workdir/oslo.utils-6.1.0/.tox/graalpylibtest-unit-test-tests/lib/python3.10/site-packages/_pytest/runner.py", line 341, in from_call
    result: Optional[TResult] = func()
  File "/workdir/oslo.utils-6.1.0/.tox/graalpylibtest-unit-test-tests/lib/python3.10/site-packages/_pytest/runner.py", line 372, in &lt;lambda&gt;
    call = CallInfo.from_call(lambda: list(collector.collect()), "collect")
  File "/workdir/oslo.utils-6.1.0/.tox/graalpylibtest-unit-test-tests/lib/python3.10/site-packages/_pytest/python.py", line 531, in collect
    self._inject_setup_module_fixture()
  File "/workdir/oslo.utils-6.1.0/.tox/graalpylibtest-unit-test-tests/lib/python3.10/site-packages/_pytest/python.py", line 545, in _inject_setup_module_fixture
    self.obj, ("setUpModule", "setup_module")
  File "/workdir/oslo.utils-6.1.0/.tox/graalpylibtest-unit-test-tests/lib/python3.10/site-packages/_pytest/python.py", line 310, in obj
    self._obj = obj = self._getobj()
  File "/workdir/oslo.utils-6.1.0/.tox/graalpylibtest-unit-test-tests/lib/python3.10/site-packages/_pytest/python.py", line 528, in _getobj
    return self._importtestmodule()
  File "/workdir/oslo.utils-6.1.0/.tox/graalpylibtest-unit-test-tests/lib/python3.10/site-packages/_pytest/python.py", line 617, in _importtestmodule
    mod = import_path(self.path, mode=importmode, root=self.config.rootpath)
  File "/workdir/oslo.utils-6.1.0/.tox/graalpylibtest-unit-test-tests/lib/python3.10/site-packages/_pytest/pathlib.py", line 567, in import_path
    importlib.import_module(module_name)
  File "/opt/graalpy/lib/python3.10/importlib/__init__.py", line 126, in import_module
    return _bootstrap._gcd_import(name[level:], package, level)
  File "/workdir/oslo.utils-6.1.0/oslo_utils/tests/test_eventletutils.py", line 19, in &lt;module&gt;
    import eventlet
  File "/workdir/oslo.utils-6.1.0/.tox/graalpylibtest-unit-test-tests/lib/python3.10/site-packages/eventlet/__init__.py", line 17, in &lt;module&gt;
    from eventlet import convenience
  File "/workdir/oslo.utils-6.1.0/.tox/graalpylibtest-unit-test-tests/lib/python3.10/site-packages/eventlet/convenience.py", line 7, in &lt;module&gt;
    from eventlet.green import socket
  File "/workdir/oslo.utils-6.1.0/.tox/graalpylibtest-unit-test-tests/lib/python3.10/site-packages/eventlet/green/socket.py", line 21, in &lt;module&gt;
    from eventlet.support import greendns
  File "/workdir/oslo.utils-6.1.0/.tox/graalpylibtest-unit-test-tests/lib/python3.10/site-packages/eventlet/support/greendns.py", line 72, in &lt;module&gt;
    setattr(dns.rdtypes.IN, pkg, import_patched('dns.rdtypes.IN.' + pkg))
  File "/workdir/oslo.utils-6.1.0/.tox/graalpylibtest-unit-test-tests/lib/python3.10/site-packages/eventlet/support/greendns.py", line 61, in import_patched
    return patcher.import_patched(module_name, **modules)
  File "/workdir/oslo.utils-6.1.0/.tox/graalpylibtest-unit-test-tests/lib/python3.10/site-packages/eventlet/patcher.py", line 132, in import_patched
    return inject(
  File "/workdir/oslo.utils-6.1.0/.tox/graalpylibtest-unit-test-tests/lib/python3.10/site-packages/eventlet/patcher.py", line 109, in inject
    module = __import__(module_name, {}, {}, module_name.split('.')[:-1])
  File "/workdir/oslo.utils-6.1.0/.tox/graalpylibtest-unit-test-tests/lib/python3.10/site-packages/dns/rdtypes/IN/WKS.py", line 26, in &lt;module&gt;
    _proto_tcp = socket.getprotobyname("tcp")
AttributeError: module 'eventlet.green._socket_nodns' has no attribute 'getprotobyname'</error></testcase></testsuite></testsuites>