<?xml version="1.0" encoding="UTF-8"?>
<testsuites>
	<testsuite name="tests.test_cssselect.TestCssselect-20231121011940" tests="16" file="tests/test_cssselect.py" time="0.062" timestamp="2023-11-21T01:19:40" failures="0" errors="0" skipped="0">
		<testcase classname="tests.test_cssselect.TestCssselect" name="test_argument_types" time="0.004" timestamp="2023-11-21T01:19:40" file="tests/test_cssselect.py" line="720"/>
		<testcase classname="tests.test_cssselect.TestCssselect" name="test_css_export" time="0.002" timestamp="2023-11-21T01:19:40" file="tests/test_cssselect.py" line="306"/>
		<testcase classname="tests.test_cssselect.TestCssselect" name="test_lang" time="0.002" timestamp="2023-11-21T01:19:40" file="tests/test_cssselect.py" line="699"/>
		<testcase classname="tests.test_cssselect.TestCssselect" name="test_parse_errors" time="0.002" timestamp="2023-11-21T01:19:40" file="tests/test_cssselect.py" line="345"/>
		<testcase classname="tests.test_cssselect.TestCssselect" name="test_parser" time="0.004" timestamp="2023-11-21T01:19:40" file="tests/test_cssselect.py" line="68"/>
		<testcase classname="tests.test_cssselect.TestCssselect" name="test_pseudo_elements" time="0.003" timestamp="2023-11-21T01:19:40" file="tests/test_cssselect.py" line="172"/>
		<testcase classname="tests.test_cssselect.TestCssselect" name="test_quoting" time="0.001" timestamp="2023-11-21T01:19:40" file="tests/test_cssselect.py" line="540"/>
		<testcase classname="tests.test_cssselect.TestCssselect" name="test_select" time="0.014" timestamp="2023-11-21T01:19:40" file="tests/test_cssselect.py" line="748"/>
		<testcase classname="tests.test_cssselect.TestCssselect" name="test_select_shakespeare" time="0.016" timestamp="2023-11-21T01:19:40" file="tests/test_cssselect.py" line="973"/>
		<testcase classname="tests.test_cssselect.TestCssselect" name="test_series" time="0.002" timestamp="2023-11-21T01:19:40" file="tests/test_cssselect.py" line="671"/>
		<testcase classname="tests.test_cssselect.TestCssselect" name="test_specificity" time="0.002" timestamp="2023-11-21T01:19:40" file="tests/test_cssselect.py" line="264"/>
		<testcase classname="tests.test_cssselect.TestCssselect" name="test_tokenizer" time="0.000" timestamp="2023-11-21T01:19:40" file="tests/test_cssselect.py" line="45"/>
		<testcase classname="tests.test_cssselect.TestCssselect" name="test_translation" time="0.005" timestamp="2023-11-21T01:19:40" file="tests/test_cssselect.py" line="407"/>
		<testcase classname="tests.test_cssselect.TestCssselect" name="test_unicode" time="0.000" timestamp="2023-11-21T01:19:40" file="tests/test_cssselect.py" line="530"/>
		<testcase classname="tests.test_cssselect.TestCssselect" name="test_unicode_escapes" time="0.001" timestamp="2023-11-21T01:19:40" file="tests/test_cssselect.py" line="550"/>
		<testcase classname="tests.test_cssselect.TestCssselect" name="test_xpath_pseudo_elements" time="0.003" timestamp="2023-11-21T01:19:40" file="tests/test_cssselect.py" line="566"/>
	</testsuite>
</testsuites>
