<?xml version="1.0" encoding="utf-8"?><testsuites><testsuite name="pytest" errors="6" failures="0" skipped="0" tests="6" time="0.163" timestamp="2023-11-30T23:54:49.723481" hostname="be2d8ee410eb"><testcase classname="" name="tests.test_algorithms_available" time="0.000"><error message="collection failure">ImportError while importing test module '/workdir/xxhash-3.2.0/tests/test_algorithms_available.py'.
Hint: make sure your test modules/packages have valid Python names.
Traceback:
/usr/local/lib/python3.10/importlib/__init__.py:126: in import_module
    return _bootstrap._gcd_import(name[level:], package, level)
tests/test_algorithms_available.py:1: in &lt;module&gt;
    import xxhash
xxhash/__init__.py:1: in &lt;module&gt;
    from ._xxhash import (
E   ModuleNotFoundError: No module named 'xxhash._xxhash'</error></testcase><testcase classname="" name="tests.test_name" time="0.000"><error message="collection failure">ImportError while importing test module '/workdir/xxhash-3.2.0/tests/test_name.py'.
Hint: make sure your test modules/packages have valid Python names.
Traceback:
/usr/local/lib/python3.10/importlib/__init__.py:126: in import_module
    return _bootstrap._gcd_import(name[level:], package, level)
tests/test_name.py:4: in &lt;module&gt;
    import xxhash
xxhash/__init__.py:1: in &lt;module&gt;
    from ._xxhash import (
E   ModuleNotFoundError: No module named 'xxhash._xxhash'</error></testcase><testcase classname="" name="tests.test_xxh32" time="0.000"><error message="collection failure">ImportError while importing test module '/workdir/xxhash-3.2.0/tests/test_xxh32.py'.
Hint: make sure your test modules/packages have valid Python names.
Traceback:
/usr/local/lib/python3.10/importlib/__init__.py:126: in import_module
    return _bootstrap._gcd_import(name[level:], package, level)
tests/test_xxh32.py:4: in &lt;module&gt;
    import xxhash
xxhash/__init__.py:1: in &lt;module&gt;
    from ._xxhash import (
E   ModuleNotFoundError: No module named 'xxhash._xxhash'</error></testcase><testcase classname="" name="tests.test_xxh3_128" time="0.000"><error message="collection failure">ImportError while importing test module '/workdir/xxhash-3.2.0/tests/test_xxh3_128.py'.
Hint: make sure your test modules/packages have valid Python names.
Traceback:
/usr/local/lib/python3.10/importlib/__init__.py:126: in import_module
    return _bootstrap._gcd_import(name[level:], package, level)
tests/test_xxh3_128.py:4: in &lt;module&gt;
    import xxhash
xxhash/__init__.py:1: in &lt;module&gt;
    from ._xxhash import (
E   ModuleNotFoundError: No module named 'xxhash._xxhash'</error></testcase><testcase classname="" name="tests.test_xxh3_64" time="0.000"><error message="collection failure">ImportError while importing test module '/workdir/xxhash-3.2.0/tests/test_xxh3_64.py'.
Hint: make sure your test modules/packages have valid Python names.
Traceback:
/usr/local/lib/python3.10/importlib/__init__.py:126: in import_module
    return _bootstrap._gcd_import(name[level:], package, level)
tests/test_xxh3_64.py:6: in &lt;module&gt;
    import xxhash
xxhash/__init__.py:1: in &lt;module&gt;
    from ._xxhash import (
E   ModuleNotFoundError: No module named 'xxhash._xxhash'</error></testcase><testcase classname="" name="tests.test_xxh64" time="0.000"><error message="collection failure">ImportError while importing test module '/workdir/xxhash-3.2.0/tests/test_xxh64.py'.
Hint: make sure your test modules/packages have valid Python names.
Traceback:
/usr/local/lib/python3.10/importlib/__init__.py:126: in import_module
    return _bootstrap._gcd_import(name[level:], package, level)
tests/test_xxh64.py:4: in &lt;module&gt;
    import xxhash
xxhash/__init__.py:1: in &lt;module&gt;
    from ._xxhash import (
E   ModuleNotFoundError: No module named 'xxhash._xxhash'</error></testcase></testsuite></testsuites>