.package create: /workdir/pytest-django-4.5.2/.tox/.package
.package installdeps: setuptools>=45.0, setuptools-scm[toml]>=5.0.0, wheel
/workdir/pytest-django-4.5.2/.tox/.package/lib/python3.10/site-packages/setuptools/config/setupcfg.py:463: SetuptoolsDeprecationWarning: The license_file parameter is deprecated, use license_files instead.
  warnings.warn(msg, warning_class)
/workdir/pytest-django-4.5.2/.tox/.package/lib/python3.10/site-packages/setuptools_scm/git.py:163: UserWarning: "/workdir/pytest-django-4.5.2" is shallow and may cause errors
  warnings.warn(f'"{wd.path}" is shallow and may cause errors')
/workdir/pytest-django-4.5.2/.tox/.package/lib/python3.10/site-packages/setuptools/config/setupcfg.py:463: SetuptoolsDeprecationWarning: The license_file parameter is deprecated, use license_files instead.
  warnings.warn(msg, warning_class)
warning: no previously-included files matching '*' found under directory '.git'
warning: no previously-included files matching '*' found under directory '.tox'
warning: no previously-included files matching '*' found under directory 'bin'
warning: no previously-included files matching '*' found under directory 'include'
warning: no previously-included files matching '*' found under directory 'lib'
warning: no previously-included files matching '*' found under directory 'share'
warning: no previously-included files matching '*' found under directory 'src'
cpythonlibtest-unit-test-tests create: /workdir/pytest-django-4.5.2/.tox/cpythonlibtest-unit-test-tests
cpythonlibtest-unit-test-tests installdeps: mock, pytest, -rrequirements.txt
cpythonlibtest-unit-test-tests inst: /workdir/pytest-django-4.5.2/.tox/.tmp/package/1/pytest-django-4.5.2.tar.gz
cpythonlibtest-unit-test-tests installed: alabaster==0.7.13,asgiref==3.7.2,Babel==2.13.1,cachetools==5.3.2,certifi==2023.11.17,cffi==1.16.0,chardet==5.2.0,charset-normalizer==3.3.2,colorama==0.4.6,cryptography==41.0.7,distlib==0.3.7,Django==4.2.7,django-configurations==2.5,docutils==0.20.1,exceptiongroup==1.2.0,execnet==2.0.2,filelock==3.13.1,flake8==6.1.0,idna==3.6,imagesize==1.4.1,importlib-metadata==6.8.0,iniconfig==2.0.0,jaraco.classes==3.3.0,jeepney==0.8.0,Jinja2==3.1.2,keyring==24.3.0,markdown-it-py==3.0.0,MarkupSafe==2.1.3,mccabe==0.7.0,mdurl==0.1.2,mock==5.1.0,more-itertools==10.1.0,nh3==0.2.14,packaging==23.2,pkginfo==1.9.6,platformdirs==4.0.0,pluggy==1.3.0,pycodestyle==2.11.1,pycparser==2.21,pyflakes==3.1.0,Pygments==2.17.2,pyproject-api==1.6.1,pytest==7.4.3,pytest-django @ file:///workdir/pytest-django-4.5.2/.tox/.tmp/package/1/pytest-django-4.5.2.tar.gz#sha256=d43aa80e5813c84043914b35460c710f195907d4933550cc3cf7217dbe4465c8,pytest-xdist==3.5.0,readme-renderer==42.0,requests==2.31.0,requests-toolbelt==1.0.0,rfc3986==2.0.0,rich==13.7.0,SecretStorage==3.3.3,snowballstemmer==2.2.0,Sphinx==7.2.6,sphinx-rtd-theme==2.0.0,sphinxcontrib-applehelp==1.0.7,sphinxcontrib-devhelp==1.0.5,sphinxcontrib-htmlhelp==2.0.4,sphinxcontrib-jquery==4.1,sphinxcontrib-jsmath==1.0.1,sphinxcontrib-qthelp==1.0.6,sphinxcontrib-serializinghtml==1.1.9,sqlparse==0.4.4,tomli==2.0.1,tox==4.11.4,twine==4.0.2,typing_extensions==4.8.0,urllib3==2.1.0,virtualenv==20.24.7,zipp==3.17.0
cpythonlibtest-unit-test-tests run-test-pre: PYTHONHASHSEED='598699197'
cpythonlibtest-unit-test-tests run-test: commands[0] | pytest -v --tb=native --junitxml /workdir/results/pytest-django/4.5.2/1/cpython-test-results.xml
Traceback (most recent call last):
  File "/workdir/pytest-django-4.5.2/.tox/cpythonlibtest-unit-test-tests/lib/python3.10/site-packages/pytest_django/plugin.py", line 179, in _handle_import_error
    yield
  File "/workdir/pytest-django-4.5.2/.tox/cpythonlibtest-unit-test-tests/lib/python3.10/site-packages/pytest_django/plugin.py", line 351, in pytest_load_initial_conftests
    dj_settings.DATABASES
  File "/workdir/pytest-django-4.5.2/.tox/cpythonlibtest-unit-test-tests/lib/python3.10/site-packages/django/conf/__init__.py", line 102, in __getattr__
    self._setup(name)
  File "/workdir/pytest-django-4.5.2/.tox/cpythonlibtest-unit-test-tests/lib/python3.10/site-packages/django/conf/__init__.py", line 89, in _setup
    self._wrapped = Settings(settings_module)
  File "/workdir/pytest-django-4.5.2/.tox/cpythonlibtest-unit-test-tests/lib/python3.10/site-packages/django/conf/__init__.py", line 217, in __init__
    mod = importlib.import_module(self.SETTINGS_MODULE)
  File "/usr/local/lib/python3.10/importlib/__init__.py", line 126, in import_module
    return _bootstrap._gcd_import(name[level:], package, level)
  File "<frozen importlib._bootstrap>", line 1050, in _gcd_import
  File "<frozen importlib._bootstrap>", line 1027, in _find_and_load
  File "<frozen importlib._bootstrap>", line 992, in _find_and_load_unlocked
  File "<frozen importlib._bootstrap>", line 241, in _call_with_frames_removed
  File "<frozen importlib._bootstrap>", line 1050, in _gcd_import
  File "<frozen importlib._bootstrap>", line 1027, in _find_and_load
  File "<frozen importlib._bootstrap>", line 1004, in _find_and_load_unlocked
ModuleNotFoundError: No module named 'pytest_django_test'

During handling of the above exception, another exception occurred:

Traceback (most recent call last):
  File "/workdir/pytest-django-4.5.2/.tox/cpythonlibtest-unit-test-tests/bin/pytest", line 8, in <module>
    sys.exit(console_main())
  File "/workdir/pytest-django-4.5.2/.tox/cpythonlibtest-unit-test-tests/lib/python3.10/site-packages/_pytest/config/__init__.py", line 192, in console_main
    code = main()
  File "/workdir/pytest-django-4.5.2/.tox/cpythonlibtest-unit-test-tests/lib/python3.10/site-packages/_pytest/config/__init__.py", line 150, in main
    config = _prepareconfig(args, plugins)
  File "/workdir/pytest-django-4.5.2/.tox/cpythonlibtest-unit-test-tests/lib/python3.10/site-packages/_pytest/config/__init__.py", line 331, in _prepareconfig
    config = pluginmanager.hook.pytest_cmdline_parse(
  File "/workdir/pytest-django-4.5.2/.tox/cpythonlibtest-unit-test-tests/lib/python3.10/site-packages/pluggy/_hooks.py", line 493, in __call__
    return self._hookexec(self.name, self._hookimpls, kwargs, firstresult)
  File "/workdir/pytest-django-4.5.2/.tox/cpythonlibtest-unit-test-tests/lib/python3.10/site-packages/pluggy/_manager.py", line 115, in _hookexec
    return self._inner_hookexec(hook_name, methods, kwargs, firstresult)
  File "/workdir/pytest-django-4.5.2/.tox/cpythonlibtest-unit-test-tests/lib/python3.10/site-packages/pluggy/_callers.py", line 130, in _multicall
    teardown[0].send(outcome)
  File "/workdir/pytest-django-4.5.2/.tox/cpythonlibtest-unit-test-tests/lib/python3.10/site-packages/_pytest/helpconfig.py", line 104, in pytest_cmdline_parse
    config: Config = outcome.get_result()
  File "/workdir/pytest-django-4.5.2/.tox/cpythonlibtest-unit-test-tests/lib/python3.10/site-packages/pluggy/_result.py", line 114, in get_result
    raise exc.with_traceback(exc.__traceback__)
  File "/workdir/pytest-django-4.5.2/.tox/cpythonlibtest-unit-test-tests/lib/python3.10/site-packages/pluggy/_callers.py", line 77, in _multicall
    res = hook_impl.function(*args)
  File "/workdir/pytest-django-4.5.2/.tox/cpythonlibtest-unit-test-tests/lib/python3.10/site-packages/_pytest/config/__init__.py", line 1075, in pytest_cmdline_parse
    self.parse(args)
  File "/workdir/pytest-django-4.5.2/.tox/cpythonlibtest-unit-test-tests/lib/python3.10/site-packages/_pytest/config/__init__.py", line 1425, in parse
    self._preparse(args, addopts=addopts)
  File "/workdir/pytest-django-4.5.2/.tox/cpythonlibtest-unit-test-tests/lib/python3.10/site-packages/_pytest/config/__init__.py", line 1327, in _preparse
    self.hook.pytest_load_initial_conftests(
  File "/workdir/pytest-django-4.5.2/.tox/cpythonlibtest-unit-test-tests/lib/python3.10/site-packages/pluggy/_hooks.py", line 493, in __call__
    return self._hookexec(self.name, self._hookimpls, kwargs, firstresult)
  File "/workdir/pytest-django-4.5.2/.tox/cpythonlibtest-unit-test-tests/lib/python3.10/site-packages/pluggy/_manager.py", line 115, in _hookexec
    return self._inner_hookexec(hook_name, methods, kwargs, firstresult)
  File "/workdir/pytest-django-4.5.2/.tox/cpythonlibtest-unit-test-tests/lib/python3.10/site-packages/pluggy/_callers.py", line 152, in _multicall
    return outcome.get_result()
  File "/workdir/pytest-django-4.5.2/.tox/cpythonlibtest-unit-test-tests/lib/python3.10/site-packages/pluggy/_result.py", line 114, in get_result
    raise exc.with_traceback(exc.__traceback__)
  File "/workdir/pytest-django-4.5.2/.tox/cpythonlibtest-unit-test-tests/lib/python3.10/site-packages/pluggy/_callers.py", line 77, in _multicall
    res = hook_impl.function(*args)
  File "/workdir/pytest-django-4.5.2/.tox/cpythonlibtest-unit-test-tests/lib/python3.10/site-packages/pytest_django/plugin.py", line 350, in pytest_load_initial_conftests
    with _handle_import_error(_django_project_scan_outcome):
  File "/usr/local/lib/python3.10/contextlib.py", line 153, in __exit__
    self.gen.throw(typ, value, traceback)
  File "/workdir/pytest-django-4.5.2/.tox/cpythonlibtest-unit-test-tests/lib/python3.10/site-packages/pytest_django/plugin.py", line 183, in _handle_import_error
    raise ImportError(msg)
ImportError: No module named 'pytest_django_test'

pytest-django could not find a Django project (no manage.py file could be found). You must explicitly add your Django project to the Python path to have it picked up.
ERROR: InvocationError for command /workdir/pytest-django-4.5.2/.tox/cpythonlibtest-unit-test-tests/bin/pytest -v --tb=native --junitxml /workdir/results/pytest-django/4.5.2/1/cpython-test-results.xml (exited with code 1)
___________________________________ summary ____________________________________
ERROR:   cpythonlibtest-unit-test-tests: commands failed
