<?xml version="1.0" encoding="utf-8"?><testsuites><testsuite name="pytest" errors="0" failures="0" skipped="0" tests="12" time="0.114" timestamp="2023-11-21T04:54:49.092735" hostname="b80581c01e0f"><testcase classname="tests.test_entrypoints" name="test_iter_files_distros" time="0.005" /><testcase classname="tests.test_entrypoints" name="test_get_group_all" time="0.003" /><testcase classname="tests.test_entrypoints" name="test_get_group_named" time="0.003" /><testcase classname="tests.test_entrypoints" name="test_get_single" time="0.003" /><testcase classname="tests.test_entrypoints" name="test_dot_prefix" time="0.004" /><testcase classname="tests.test_entrypoints" name="test_case_sensitive" time="0.003" /><testcase classname="tests.test_entrypoints" name="test_load_zip" time="0.007" /><testcase classname="tests.test_entrypoints" name="test_load" time="0.001" /><testcase classname="tests.test_entrypoints" name="test_bad" time="0.006" /><testcase classname="tests.test_entrypoints" name="test_missing" time="0.003" /><testcase classname="tests.test_entrypoints" name="test_parse" time="0.001" /><testcase classname="tests.test_entrypoints" name="test_parse_bad" time="0.001" /></testsuite></testsuites>