GLOB sdist-make: /workdir/jaeger-client-4.8.0/setup.py
cpythonlibtest-unit-test-tests create: /workdir/jaeger-client-4.8.0/.tox/cpythonlibtest-unit-test-tests
cpythonlibtest-unit-test-tests installdeps: mock, unittest-xml-reporting, -rrequirements-dev.txt, -rrequirements.txt, -rrequirements-tests.txt
cpythonlibtest-unit-test-tests inst: /workdir/jaeger-client-4.8.0/.tox/.tmp/package/1/jaeger-client-4.8.0.zip
cpythonlibtest-unit-test-tests installed: build==1.0.3,certifi==2023.11.17,cffi==1.16.0,charset-normalizer==3.3.2,cmarkgfm==2022.10.27,codecov==2.1.13,colorama==0.4.6,contextlib2==21.6.0,coverage==7.3.2,crcmod==1.7,cryptography==41.0.5,docutils==0.20.1,exceptiongroup==1.2.0,flake8==6.1.0,flake8-quotes==3.3.2,flake8-typing-imports==1.15.0,future==0.18.3,futures==3.0.5,idna==3.4,importlib-metadata==6.8.0,iniconfig==2.0.0,jaeger-client @ file:///workdir/jaeger-client-4.8.0/.tox/.tmp/package/1/jaeger-client-4.8.0.zip#sha256=588e28ce5bcec563875e90d2d849618f8edfae33e13f72bc59dcccc7d0884275,jaraco.classes==3.3.0,jeepney==0.8.0,keyring==24.3.0,lxml==4.9.3,markdown-it-py==3.0.0,MarkupSafe==2.1.3,mccabe==0.7.0,mdurl==0.1.2,mock==5.1.0,more-itertools==10.1.0,mypy==1.7.0,mypy-extensions==1.0.0,nh3==0.2.14,opentracing==2.4.0,opentracing-instrumentation==3.3.1,packaging==23.2,pkginfo==1.9.6,pluggy==1.3.0,ply==3.11,prometheus-client==0.11.0,py-cpuinfo==9.0.0,pycodestyle==2.11.1,pycparser==2.21,pycurl==7.45.2,pyflakes==3.1.0,pygal==3.0.4,pygaljs==1.0.2,Pygments==2.17.2,pyproject_hooks==1.0.0,pytest==7.4.3,pytest-benchmark==4.0.0,pytest-cov==4.1.0,pytest-localserver==0.8.1,pytest-timeout==2.2.0,pytest-tornado==0.8.1,readme-renderer==42.0,requests==2.31.0,requests-toolbelt==1.0.0,rfc3986==2.0.0,rich==13.7.0,SecretStorage==3.3.3,six==1.16.0,tchannel==2.1.0,threadloop==1.0.2,thrift==0.16.0,thriftrw==1.9.0,tomli==2.0.1,tornado==4.5.3,twine==4.0.2,typing_extensions==4.8.0,unittest-xml-reporting==3.2.0,urllib3==2.1.0,Werkzeug==3.0.1,wrapt==1.16.0,zest.releaser==9.1.1,zipp==3.17.0
cpythonlibtest-unit-test-tests run-test-pre: PYTHONHASHSEED='749833276'
cpythonlibtest-unit-test-tests run-test: commands[0] | /workdir/jaeger-client-4.8.0/.tox/cpythonlibtest-unit-test-tests/bin/python -m xmlrunner --output-file /workdir/results/jaeger-client/4.8.0/1/cpython-test-results.xml

Running tests...
----------------------------------------------------------------------
EEEEEEEEEEEEEE
======================================================================
ERROR [0.001s]: jaeger_client (unittest.loader._FailedTest)
----------------------------------------------------------------------
ImportError: Failed to import test module: jaeger_client
Traceback (most recent call last):
  File "/usr/local/lib/python3.10/unittest/loader.py", line 470, in _find_test_path
    package = self._get_module_from_name(name)
  File "/usr/local/lib/python3.10/unittest/loader.py", line 377, in _get_module_from_name
    __import__(name)
  File "/workdir/jaeger-client-4.8.0/jaeger_client/__init__.py", line 19, in <module>
    from .config import Config  # noqa
  File "/workdir/jaeger-client-4.8.0/jaeger_client/config.py", line 25, in <module>
    from .local_agent_net import LocalAgentSender
  File "/workdir/jaeger-client-4.8.0/jaeger_client/local_agent_net.py", line 18, in <module>
    import tornado.httpclient
  File "/workdir/jaeger-client-4.8.0/.tox/cpythonlibtest-unit-test-tests/lib/python3.10/site-packages/tornado/httpclient.py", line 49, in <module>
    from tornado import httputil, stack_context
  File "/workdir/jaeger-client-4.8.0/.tox/cpythonlibtest-unit-test-tests/lib/python3.10/site-packages/tornado/httputil.py", line 106, in <module>
    class HTTPHeaders(collections.MutableMapping):
AttributeError: module 'collections' has no attribute 'MutableMapping'


======================================================================
ERROR [0.000s]: tests.test_TUDPTransport (unittest.loader._FailedTest)
----------------------------------------------------------------------
ImportError: Failed to import test module: tests.test_TUDPTransport
Traceback (most recent call last):
  File "/usr/local/lib/python3.10/unittest/loader.py", line 436, in _find_test_path
    module = self._get_module_from_name(name)
  File "/usr/local/lib/python3.10/unittest/loader.py", line 377, in _get_module_from_name
    __import__(name)
  File "/workdir/jaeger-client-4.8.0/tests/test_TUDPTransport.py", line 21, in <module>
    from jaeger_client.TUDPTransport import TUDPTransport
  File "/workdir/jaeger-client-4.8.0/jaeger_client/__init__.py", line 19, in <module>
    from .config import Config  # noqa
  File "/workdir/jaeger-client-4.8.0/jaeger_client/config.py", line 25, in <module>
    from .local_agent_net import LocalAgentSender
  File "/workdir/jaeger-client-4.8.0/jaeger_client/local_agent_net.py", line 18, in <module>
    import tornado.httpclient
  File "/workdir/jaeger-client-4.8.0/.tox/cpythonlibtest-unit-test-tests/lib/python3.10/site-packages/tornado/httpclient.py", line 49, in <module>
    from tornado import httputil, stack_context
  File "/workdir/jaeger-client-4.8.0/.tox/cpythonlibtest-unit-test-tests/lib/python3.10/site-packages/tornado/httputil.py", line 106, in <module>
    class HTTPHeaders(collections.MutableMapping):
AttributeError: module 'collections' has no attribute 'MutableMapping'


======================================================================
ERROR [0.000s]: tests.test_api (unittest.loader._FailedTest)
----------------------------------------------------------------------
ImportError: Failed to import test module: tests.test_api
Traceback (most recent call last):
  File "/usr/local/lib/python3.10/unittest/loader.py", line 436, in _find_test_path
    module = self._get_module_from_name(name)
  File "/usr/local/lib/python3.10/unittest/loader.py", line 377, in _get_module_from_name
    __import__(name)
  File "/workdir/jaeger-client-4.8.0/tests/test_api.py", line 18, in <module>
    from jaeger_client import ConstSampler, Tracer
  File "/workdir/jaeger-client-4.8.0/jaeger_client/__init__.py", line 19, in <module>
    from .config import Config  # noqa
  File "/workdir/jaeger-client-4.8.0/jaeger_client/config.py", line 25, in <module>
    from .local_agent_net import LocalAgentSender
  File "/workdir/jaeger-client-4.8.0/jaeger_client/local_agent_net.py", line 18, in <module>
    import tornado.httpclient
  File "/workdir/jaeger-client-4.8.0/.tox/cpythonlibtest-unit-test-tests/lib/python3.10/site-packages/tornado/httpclient.py", line 49, in <module>
    from tornado import httputil, stack_context
  File "/workdir/jaeger-client-4.8.0/.tox/cpythonlibtest-unit-test-tests/lib/python3.10/site-packages/tornado/httputil.py", line 106, in <module>
    class HTTPHeaders(collections.MutableMapping):
AttributeError: module 'collections' has no attribute 'MutableMapping'


======================================================================
ERROR [0.000s]: tests.test_codecs (unittest.loader._FailedTest)
----------------------------------------------------------------------
ImportError: Failed to import test module: tests.test_codecs
Traceback (most recent call last):
  File "/usr/local/lib/python3.10/unittest/loader.py", line 436, in _find_test_path
    module = self._get_module_from_name(name)
  File "/usr/local/lib/python3.10/unittest/loader.py", line 377, in _get_module_from_name
    __import__(name)
  File "/workdir/jaeger-client-4.8.0/tests/test_codecs.py", line 22, in <module>
    from jaeger_client import Span, SpanContext, Tracer, ConstSampler
  File "/workdir/jaeger-client-4.8.0/jaeger_client/__init__.py", line 19, in <module>
    from .config import Config  # noqa
  File "/workdir/jaeger-client-4.8.0/jaeger_client/config.py", line 25, in <module>
    from .local_agent_net import LocalAgentSender
  File "/workdir/jaeger-client-4.8.0/jaeger_client/local_agent_net.py", line 18, in <module>
    import tornado.httpclient
  File "/workdir/jaeger-client-4.8.0/.tox/cpythonlibtest-unit-test-tests/lib/python3.10/site-packages/tornado/httpclient.py", line 49, in <module>
    from tornado import httputil, stack_context
  File "/workdir/jaeger-client-4.8.0/.tox/cpythonlibtest-unit-test-tests/lib/python3.10/site-packages/tornado/httputil.py", line 106, in <module>
    class HTTPHeaders(collections.MutableMapping):
AttributeError: module 'collections' has no attribute 'MutableMapping'


======================================================================
ERROR [0.000s]: tests.test_config (unittest.loader._FailedTest)
----------------------------------------------------------------------
ImportError: Failed to import test module: tests.test_config
Traceback (most recent call last):
  File "/usr/local/lib/python3.10/unittest/loader.py", line 436, in _find_test_path
    module = self._get_module_from_name(name)
  File "/usr/local/lib/python3.10/unittest/loader.py", line 377, in _get_module_from_name
    __import__(name)
  File "/workdir/jaeger-client-4.8.0/tests/test_config.py", line 21, in <module>
    from jaeger_client import Config, ConstSampler, ProbabilisticSampler, RateLimitingSampler
  File "/workdir/jaeger-client-4.8.0/jaeger_client/__init__.py", line 19, in <module>
    from .config import Config  # noqa
  File "/workdir/jaeger-client-4.8.0/jaeger_client/config.py", line 25, in <module>
    from .local_agent_net import LocalAgentSender
  File "/workdir/jaeger-client-4.8.0/jaeger_client/local_agent_net.py", line 18, in <module>
    import tornado.httpclient
  File "/workdir/jaeger-client-4.8.0/.tox/cpythonlibtest-unit-test-tests/lib/python3.10/site-packages/tornado/httpclient.py", line 49, in <module>
    from tornado import httputil, stack_context
  File "/workdir/jaeger-client-4.8.0/.tox/cpythonlibtest-unit-test-tests/lib/python3.10/site-packages/tornado/httputil.py", line 106, in <module>
    class HTTPHeaders(collections.MutableMapping):
AttributeError: module 'collections' has no attribute 'MutableMapping'


======================================================================
ERROR [0.000s]: tests.test_crossdock (unittest.loader._FailedTest)
----------------------------------------------------------------------
ImportError: Failed to import test module: tests.test_crossdock
Traceback (most recent call last):
  File "/usr/local/lib/python3.10/unittest/loader.py", line 436, in _find_test_path
    module = self._get_module_from_name(name)
  File "/usr/local/lib/python3.10/unittest/loader.py", line 377, in _get_module_from_name
    __import__(name)
  File "/workdir/jaeger-client-4.8.0/tests/test_crossdock.py", line 22, in <module>
    from tornado.httpclient import HTTPRequest
  File "/workdir/jaeger-client-4.8.0/.tox/cpythonlibtest-unit-test-tests/lib/python3.10/site-packages/tornado/httpclient.py", line 49, in <module>
    from tornado import httputil, stack_context
  File "/workdir/jaeger-client-4.8.0/.tox/cpythonlibtest-unit-test-tests/lib/python3.10/site-packages/tornado/httputil.py", line 106, in <module>
    class HTTPHeaders(collections.MutableMapping):
AttributeError: module 'collections' has no attribute 'MutableMapping'


======================================================================
ERROR [0.000s]: tests.test_local_agent_net (unittest.loader._FailedTest)
----------------------------------------------------------------------
ImportError: Failed to import test module: tests.test_local_agent_net
Traceback (most recent call last):
  File "/usr/local/lib/python3.10/unittest/loader.py", line 436, in _find_test_path
    module = self._get_module_from_name(name)
  File "/usr/local/lib/python3.10/unittest/loader.py", line 377, in _get_module_from_name
    __import__(name)
  File "/workdir/jaeger-client-4.8.0/tests/test_local_agent_net.py", line 16, in <module>
    import tornado.web
  File "/workdir/jaeger-client-4.8.0/.tox/cpythonlibtest-unit-test-tests/lib/python3.10/site-packages/tornado/web.py", line 86, in <module>
    from tornado import httputil
  File "/workdir/jaeger-client-4.8.0/.tox/cpythonlibtest-unit-test-tests/lib/python3.10/site-packages/tornado/httputil.py", line 106, in <module>
    class HTTPHeaders(collections.MutableMapping):
AttributeError: module 'collections' has no attribute 'MutableMapping'


======================================================================
ERROR [0.000s]: tests.test_reporter (unittest.loader._FailedTest)
----------------------------------------------------------------------
ImportError: Failed to import test module: tests.test_reporter
Traceback (most recent call last):
  File "/usr/local/lib/python3.10/unittest/loader.py", line 436, in _find_test_path
    module = self._get_module_from_name(name)
  File "/usr/local/lib/python3.10/unittest/loader.py", line 377, in _get_module_from_name
    __import__(name)
  File "/workdir/jaeger-client-4.8.0/tests/test_reporter.py", line 23, in <module>
    import jaeger_client.reporter
  File "/workdir/jaeger-client-4.8.0/jaeger_client/__init__.py", line 19, in <module>
    from .config import Config  # noqa
  File "/workdir/jaeger-client-4.8.0/jaeger_client/config.py", line 25, in <module>
    from .local_agent_net import LocalAgentSender
  File "/workdir/jaeger-client-4.8.0/jaeger_client/local_agent_net.py", line 18, in <module>
    import tornado.httpclient
  File "/workdir/jaeger-client-4.8.0/.tox/cpythonlibtest-unit-test-tests/lib/python3.10/site-packages/tornado/httpclient.py", line 49, in <module>
    from tornado import httputil, stack_context
  File "/workdir/jaeger-client-4.8.0/.tox/cpythonlibtest-unit-test-tests/lib/python3.10/site-packages/tornado/httputil.py", line 106, in <module>
    class HTTPHeaders(collections.MutableMapping):
AttributeError: module 'collections' has no attribute 'MutableMapping'


======================================================================
ERROR [0.000s]: tests.test_span (unittest.loader._FailedTest)
----------------------------------------------------------------------
ImportError: Failed to import test module: tests.test_span
Traceback (most recent call last):
  File "/usr/local/lib/python3.10/unittest/loader.py", line 436, in _find_test_path
    module = self._get_module_from_name(name)
  File "/usr/local/lib/python3.10/unittest/loader.py", line 377, in _get_module_from_name
    __import__(name)
  File "/workdir/jaeger-client-4.8.0/tests/test_span.py", line 22, in <module>
    from jaeger_client import Span, SpanContext, ConstSampler
  File "/workdir/jaeger-client-4.8.0/jaeger_client/__init__.py", line 19, in <module>
    from .config import Config  # noqa
  File "/workdir/jaeger-client-4.8.0/jaeger_client/config.py", line 25, in <module>
    from .local_agent_net import LocalAgentSender
  File "/workdir/jaeger-client-4.8.0/jaeger_client/local_agent_net.py", line 18, in <module>
    import tornado.httpclient
  File "/workdir/jaeger-client-4.8.0/.tox/cpythonlibtest-unit-test-tests/lib/python3.10/site-packages/tornado/httpclient.py", line 49, in <module>
    from tornado import httputil, stack_context
  File "/workdir/jaeger-client-4.8.0/.tox/cpythonlibtest-unit-test-tests/lib/python3.10/site-packages/tornado/httputil.py", line 106, in <module>
    class HTTPHeaders(collections.MutableMapping):
AttributeError: module 'collections' has no attribute 'MutableMapping'


======================================================================
ERROR [0.000s]: tests.test_span_context (unittest.loader._FailedTest)
----------------------------------------------------------------------
ImportError: Failed to import test module: tests.test_span_context
Traceback (most recent call last):
  File "/usr/local/lib/python3.10/unittest/loader.py", line 436, in _find_test_path
    module = self._get_module_from_name(name)
  File "/usr/local/lib/python3.10/unittest/loader.py", line 377, in _get_module_from_name
    __import__(name)
  File "/workdir/jaeger-client-4.8.0/tests/test_span_context.py", line 16, in <module>
    from jaeger_client import SpanContext
  File "/workdir/jaeger-client-4.8.0/jaeger_client/__init__.py", line 19, in <module>
    from .config import Config  # noqa
  File "/workdir/jaeger-client-4.8.0/jaeger_client/config.py", line 25, in <module>
    from .local_agent_net import LocalAgentSender
  File "/workdir/jaeger-client-4.8.0/jaeger_client/local_agent_net.py", line 18, in <module>
    import tornado.httpclient
  File "/workdir/jaeger-client-4.8.0/.tox/cpythonlibtest-unit-test-tests/lib/python3.10/site-packages/tornado/httpclient.py", line 49, in <module>
    from tornado import httputil, stack_context
  File "/workdir/jaeger-client-4.8.0/.tox/cpythonlibtest-unit-test-tests/lib/python3.10/site-packages/tornado/httputil.py", line 106, in <module>
    class HTTPHeaders(collections.MutableMapping):
AttributeError: module 'collections' has no attribute 'MutableMapping'


======================================================================
ERROR [0.000s]: tests.test_thrift (unittest.loader._FailedTest)
----------------------------------------------------------------------
ImportError: Failed to import test module: tests.test_thrift
Traceback (most recent call last):
  File "/usr/local/lib/python3.10/unittest/loader.py", line 436, in _find_test_path
    module = self._get_module_from_name(name)
  File "/usr/local/lib/python3.10/unittest/loader.py", line 377, in _get_module_from_name
    __import__(name)
  File "/workdir/jaeger-client-4.8.0/tests/test_thrift.py", line 17, in <module>
    import jaeger_client.thrift_gen.jaeger.ttypes as ttypes
  File "/workdir/jaeger-client-4.8.0/jaeger_client/__init__.py", line 19, in <module>
    from .config import Config  # noqa
  File "/workdir/jaeger-client-4.8.0/jaeger_client/config.py", line 25, in <module>
    from .local_agent_net import LocalAgentSender
  File "/workdir/jaeger-client-4.8.0/jaeger_client/local_agent_net.py", line 18, in <module>
    import tornado.httpclient
  File "/workdir/jaeger-client-4.8.0/.tox/cpythonlibtest-unit-test-tests/lib/python3.10/site-packages/tornado/httpclient.py", line 49, in <module>
    from tornado import httputil, stack_context
  File "/workdir/jaeger-client-4.8.0/.tox/cpythonlibtest-unit-test-tests/lib/python3.10/site-packages/tornado/httputil.py", line 106, in <module>
    class HTTPHeaders(collections.MutableMapping):
AttributeError: module 'collections' has no attribute 'MutableMapping'


======================================================================
ERROR [0.000s]: tests.test_traceback_log (unittest.loader._FailedTest)
----------------------------------------------------------------------
ImportError: Failed to import test module: tests.test_traceback_log
Traceback (most recent call last):
  File "/usr/local/lib/python3.10/unittest/loader.py", line 436, in _find_test_path
    module = self._get_module_from_name(name)
  File "/usr/local/lib/python3.10/unittest/loader.py", line 377, in _get_module_from_name
    __import__(name)
  File "/workdir/jaeger-client-4.8.0/tests/test_traceback_log.py", line 16, in <module>
    from jaeger_client import Span, SpanContext
  File "/workdir/jaeger-client-4.8.0/jaeger_client/__init__.py", line 19, in <module>
    from .config import Config  # noqa
  File "/workdir/jaeger-client-4.8.0/jaeger_client/config.py", line 25, in <module>
    from .local_agent_net import LocalAgentSender
  File "/workdir/jaeger-client-4.8.0/jaeger_client/local_agent_net.py", line 18, in <module>
    import tornado.httpclient
  File "/workdir/jaeger-client-4.8.0/.tox/cpythonlibtest-unit-test-tests/lib/python3.10/site-packages/tornado/httpclient.py", line 49, in <module>
    from tornado import httputil, stack_context
  File "/workdir/jaeger-client-4.8.0/.tox/cpythonlibtest-unit-test-tests/lib/python3.10/site-packages/tornado/httputil.py", line 106, in <module>
    class HTTPHeaders(collections.MutableMapping):
AttributeError: module 'collections' has no attribute 'MutableMapping'


======================================================================
ERROR [0.000s]: tests.test_tracer (unittest.loader._FailedTest)
----------------------------------------------------------------------
ImportError: Failed to import test module: tests.test_tracer
Traceback (most recent call last):
  File "/usr/local/lib/python3.10/unittest/loader.py", line 436, in _find_test_path
    module = self._get_module_from_name(name)
  File "/usr/local/lib/python3.10/unittest/loader.py", line 377, in _get_module_from_name
    __import__(name)
  File "/workdir/jaeger-client-4.8.0/tests/test_tracer.py", line 20, in <module>
    import tornado.httputil
  File "/workdir/jaeger-client-4.8.0/.tox/cpythonlibtest-unit-test-tests/lib/python3.10/site-packages/tornado/httputil.py", line 106, in <module>
    class HTTPHeaders(collections.MutableMapping):
AttributeError: module 'collections' has no attribute 'MutableMapping'


======================================================================
ERROR [0.000s]: tests.test_utils (unittest.loader._FailedTest)
----------------------------------------------------------------------
ImportError: Failed to import test module: tests.test_utils
Traceback (most recent call last):
  File "/usr/local/lib/python3.10/unittest/loader.py", line 436, in _find_test_path
    module = self._get_module_from_name(name)
  File "/usr/local/lib/python3.10/unittest/loader.py", line 377, in _get_module_from_name
    __import__(name)
  File "/workdir/jaeger-client-4.8.0/tests/test_utils.py", line 19, in <module>
    from jaeger_client import utils
  File "/workdir/jaeger-client-4.8.0/jaeger_client/__init__.py", line 19, in <module>
    from .config import Config  # noqa
  File "/workdir/jaeger-client-4.8.0/jaeger_client/config.py", line 25, in <module>
    from .local_agent_net import LocalAgentSender
  File "/workdir/jaeger-client-4.8.0/jaeger_client/local_agent_net.py", line 18, in <module>
    import tornado.httpclient
  File "/workdir/jaeger-client-4.8.0/.tox/cpythonlibtest-unit-test-tests/lib/python3.10/site-packages/tornado/httpclient.py", line 49, in <module>
    from tornado import httputil, stack_context
  File "/workdir/jaeger-client-4.8.0/.tox/cpythonlibtest-unit-test-tests/lib/python3.10/site-packages/tornado/httputil.py", line 106, in <module>
    class HTTPHeaders(collections.MutableMapping):
AttributeError: module 'collections' has no attribute 'MutableMapping'


----------------------------------------------------------------------
Ran 14 tests in 0.006s

FAILED (errors=14)

Generating XML reports...
ERROR: InvocationError for command /workdir/jaeger-client-4.8.0/.tox/cpythonlibtest-unit-test-tests/bin/python -m xmlrunner --output-file /workdir/results/jaeger-client/4.8.0/1/cpython-test-results.xml (exited with code 1)
___________________________________ summary ____________________________________
ERROR:   cpythonlibtest-unit-test-tests: commands failed
