Collecting streamlit==1.15.2
  Downloading streamlit-1.15.2-py2.py3-none-any.whl (9.2 MB)
     ‚îÅ‚îÅ‚îÅ‚îÅ‚îÅ‚îÅ‚îÅ‚îÅ‚îÅ‚îÅ‚îÅ‚îÅ‚îÅ‚îÅ‚îÅ‚îÅ‚îÅ‚îÅ‚îÅ‚îÅ‚îÅ‚îÅ‚îÅ‚îÅ‚îÅ‚îÅ‚îÅ‚îÅ‚îÅ‚îÅ‚îÅ‚îÅ‚îÅ‚îÅ‚îÅ‚îÅ‚îÅ‚îÅ‚îÅ‚îÅ 9.2/9.2 MB 8.1 MB/s eta 0:00:00
Collecting altair>=3.2.0
  Downloading altair-5.2.0-py3-none-any.whl (996 kB)
     ‚îÅ‚îÅ‚îÅ‚îÅ‚îÅ‚îÅ‚îÅ‚îÅ‚îÅ‚îÅ‚îÅ‚îÅ‚îÅ‚îÅ‚îÅ‚îÅ‚îÅ‚îÅ‚îÅ‚îÅ‚îÅ‚îÅ‚îÅ‚îÅ‚îÅ‚îÅ‚îÅ‚îÅ‚îÅ‚îÅ‚îÅ‚îÅ‚îÅ‚îÅ‚îÅ‚îÅ‚îÅ‚îÅ‚îÅ 996.9/996.9 kB 8.6 MB/s eta 0:00:00
Collecting blinker>=1.0.0
  Downloading blinker-1.7.0-py3-none-any.whl (13 kB)
Collecting cachetools>=4.0
  Downloading cachetools-5.3.2-py3-none-any.whl (9.3 kB)
Collecting click>=7.0
  Using cached click-8.1.7-py3-none-any.whl (97 kB)
Collecting importlib-metadata>=1.4
  Using cached importlib_metadata-6.8.0-py3-none-any.whl (22 kB)
Collecting numpy
  Using cached numpy-1.23.5-graalpy310-graalpy231_310_native-linux_x86_64.whl
Collecting packaging>=14.1
  Using cached packaging-23.2-py3-none-any.whl (53 kB)
Collecting pandas>=0.21.0
  Using cached pandas-1.5.2-graalpy310-graalpy231_310_native-linux_x86_64.whl
Collecting pillow>=6.2.0
  Using cached Pillow-10.1.0-graalpy310-graalpy231_310_native-linux_x86_64.whl
Collecting protobuf<4,>=3.12
  Using cached protobuf-3.20.3-py2.py3-none-any.whl (162 kB)
Collecting pyarrow>=4.0
  Downloading pyarrow-14.0.1.tar.gz (1.1 MB)
     ‚îÅ‚îÅ‚îÅ‚îÅ‚îÅ‚îÅ‚îÅ‚îÅ‚îÅ‚îÅ‚îÅ‚îÅ‚îÅ‚îÅ‚îÅ‚îÅ‚îÅ‚îÅ‚îÅ‚îÅ‚îÅ‚îÅ‚îÅ‚îÅ‚îÅ‚îÅ‚îÅ‚îÅ‚îÅ‚îÅ‚îÅ‚îÅ‚îÅ‚îÅ‚îÅ‚îÅ‚îÅ‚îÅ‚îÅ‚îÅ 1.1/1.1 MB 7.6 MB/s eta 0:00:00
Looking for GraalPy patches for pyarrow
  Installing build dependencies: started
  Installing build dependencies: finished with status 'done'
  Getting requirements to build wheel: started
  Getting requirements to build wheel: finished with status 'done'
  Preparing metadata (pyproject.toml): started
  Preparing metadata (pyproject.toml): finished with status 'done'
Collecting pympler>=0.9
  Downloading Pympler-1.0.1-py3-none-any.whl (164 kB)
     ‚îÅ‚îÅ‚îÅ‚îÅ‚îÅ‚îÅ‚îÅ‚îÅ‚îÅ‚îÅ‚îÅ‚îÅ‚îÅ‚îÅ‚îÅ‚îÅ‚îÅ‚îÅ‚îÅ‚îÅ‚îÅ‚îÅ‚îÅ‚îÅ‚îÅ‚îÅ‚îÅ‚îÅ‚îÅ‚îÅ‚îÅ‚îÅ‚îÅ‚îÅ‚îÅ‚îÅ‚îÅ‚îÅ‚îÅ 164.8/164.8 kB 5.9 MB/s eta 0:00:00
Collecting python-dateutil
  Using cached python_dateutil-2.8.2-py2.py3-none-any.whl (247 kB)
Collecting requests>=2.4
  Using cached requests-2.31.0-py3-none-any.whl (62 kB)
Collecting rich>=10.11.0
  Using cached rich-13.7.0-py3-none-any.whl (240 kB)
Collecting semver
  Downloading semver-3.0.2-py3-none-any.whl (17 kB)
Collecting toml
  Using cached toml-0.10.2-py2.py3-none-any.whl (16 kB)
Collecting typing-extensions>=3.10.0.0
  Using cached typing_extensions-4.8.0-py3-none-any.whl (31 kB)
Collecting tzlocal>=1.1
  Downloading tzlocal-5.2-py3-none-any.whl (17 kB)
Collecting validators>=0.2
  Downloading validators-0.22.0-py3-none-any.whl (26 kB)
Collecting gitpython!=3.1.19
  Using cached GitPython-3.1.40-py3-none-any.whl (190 kB)
Collecting pydeck>=0.1.dev5
  Downloading pydeck-0.8.1b0-py2.py3-none-any.whl (4.8 MB)
     ‚îÅ‚îÅ‚îÅ‚îÅ‚îÅ‚îÅ‚îÅ‚îÅ‚îÅ‚îÅ‚îÅ‚îÅ‚îÅ‚îÅ‚îÅ‚îÅ‚îÅ‚îÅ‚îÅ‚îÅ‚îÅ‚îÅ‚îÅ‚îÅ‚îÅ‚îÅ‚îÅ‚îÅ‚îÅ‚îÅ‚îÅ‚îÅ‚îÅ‚îÅ‚îÅ‚îÅ‚îÅ‚îÅ‚îÅ‚îÅ 4.8/4.8 MB 9.2 MB/s eta 0:00:00
Collecting tornado>=5.0
  Using cached tornado-6.4-py3-none-any.whl
Collecting watchdog
  Using cached watchdog-3.0.0-py3-none-manylinux2014_x86_64.whl (82 kB)
Collecting jinja2
  Using cached Jinja2-3.1.2-py3-none-any.whl (133 kB)
Collecting jsonschema>=3.0
  Downloading jsonschema-4.17.3-py3-none-any.whl (90 kB)
     ‚îÅ‚îÅ‚îÅ‚îÅ‚îÅ‚îÅ‚îÅ‚îÅ‚îÅ‚îÅ‚îÅ‚îÅ‚îÅ‚îÅ‚îÅ‚îÅ‚îÅ‚îÅ‚îÅ‚îÅ‚îÅ‚îÅ‚îÅ‚îÅ‚îÅ‚îÅ‚îÅ‚îÅ‚îÅ‚îÅ‚îÅ‚îÅ‚îÅ‚îÅ‚îÅ‚îÅ‚îÅ‚îÅ‚îÅ‚îÅ 90.4/90.4 kB 4.9 MB/s eta 0:00:00
Collecting toolz
  Downloading toolz-0.12.0-py3-none-any.whl (55 kB)
     ‚îÅ‚îÅ‚îÅ‚îÅ‚îÅ‚îÅ‚îÅ‚îÅ‚îÅ‚îÅ‚îÅ‚îÅ‚îÅ‚îÅ‚îÅ‚îÅ‚îÅ‚îÅ‚îÅ‚îÅ‚îÅ‚îÅ‚îÅ‚îÅ‚îÅ‚îÅ‚îÅ‚îÅ‚îÅ‚îÅ‚îÅ‚îÅ‚îÅ‚îÅ‚îÅ‚îÅ‚îÅ‚îÅ‚îÅ‚îÅ 55.8/55.8 kB 3.3 MB/s eta 0:00:00
Collecting gitdb<5,>=4.0.1
  Using cached gitdb-4.0.11-py3-none-any.whl (62 kB)
Collecting zipp>=0.5
  Using cached zipp-3.17.0-py3-none-any.whl (7.4 kB)
Collecting pytz>=2020.1
  Using cached pytz-2022.2.1-py2.py3-none-any.whl (500 kB)
Collecting six>=1.5
  Using cached six-1.16.0-py2.py3-none-any.whl (11 kB)
Collecting charset-normalizer<4,>=2
  Using cached charset_normalizer-3.1.0-py3-none-any.whl (46 kB)
Collecting idna<4,>=2.5
  Using cached idna-3.6-py3-none-any.whl (61 kB)
Collecting urllib3<3,>=1.21.1
  Using cached urllib3-2.1.0-py3-none-any.whl (104 kB)
Collecting certifi>=2017.4.17
  Using cached certifi-2023.11.17-py3-none-any.whl (162 kB)
Collecting markdown-it-py>=2.2.0
  Using cached markdown_it_py-3.0.0-py3-none-any.whl (87 kB)
Collecting pygments<3.0.0,>=2.13.0
  Using cached pygments-2.17.2-py3-none-any.whl (1.2 MB)
Collecting smmap<6,>=3.0.1
  Using cached smmap-5.0.1-py3-none-any.whl (24 kB)
Collecting MarkupSafe>=2.0
  Using cached MarkupSafe-2.1.3-py3-none-any.whl
Collecting attrs>=17.4.0
  Using cached attrs-23.1.0-py3-none-any.whl (61 kB)
Collecting pyrsistent!=0.17.0,!=0.17.1,!=0.17.2,>=0.14.0
  Using cached pyrsistent-0.20.0-py3-none-any.whl (58 kB)
Collecting mdurl~=0.1
  Using cached mdurl-0.1.2-py3-none-any.whl (10.0 kB)
Building wheels for collected packages: pyarrow
  Building wheel for pyarrow (pyproject.toml): started
  Building wheel for pyarrow (pyproject.toml): still running...
  Building wheel for pyarrow (pyproject.toml): finished with status 'error'
  error: subprocess-exited-with-error
  
  √ó Building wheel for pyarrow (pyproject.toml) did not run successfully.
  ‚îÇ exit code: 1
  ‚ï∞‚îÄ> [421 lines of output]
      running bdist_wheel
      running build
      running build_py
      creating build
      creating build/lib.linux-x86_64-3.10
      creating build/lib.linux-x86_64-3.10/pyarrow
      copying pyarrow/pandas_compat.py -> build/lib.linux-x86_64-3.10/pyarrow
      copying pyarrow/__init__.py -> build/lib.linux-x86_64-3.10/pyarrow
      copying pyarrow/conftest.py -> build/lib.linux-x86_64-3.10/pyarrow
      copying pyarrow/acero.py -> build/lib.linux-x86_64-3.10/pyarrow
      copying pyarrow/_generated_version.py -> build/lib.linux-x86_64-3.10/pyarrow
      copying pyarrow/dataset.py -> build/lib.linux-x86_64-3.10/pyarrow
      copying pyarrow/cuda.py -> build/lib.linux-x86_64-3.10/pyarrow
      copying pyarrow/compute.py -> build/lib.linux-x86_64-3.10/pyarrow
      copying pyarrow/benchmark.py -> build/lib.linux-x86_64-3.10/pyarrow
      copying pyarrow/json.py -> build/lib.linux-x86_64-3.10/pyarrow
      copying pyarrow/ipc.py -> build/lib.linux-x86_64-3.10/pyarrow
      copying pyarrow/substrait.py -> build/lib.linux-x86_64-3.10/pyarrow
      copying pyarrow/fs.py -> build/lib.linux-x86_64-3.10/pyarrow
      copying pyarrow/cffi.py -> build/lib.linux-x86_64-3.10/pyarrow
      copying pyarrow/csv.py -> build/lib.linux-x86_64-3.10/pyarrow
      copying pyarrow/_compute_docstrings.py -> build/lib.linux-x86_64-3.10/pyarrow
      copying pyarrow/jvm.py -> build/lib.linux-x86_64-3.10/pyarrow
      copying pyarrow/hdfs.py -> build/lib.linux-x86_64-3.10/pyarrow
      copying pyarrow/util.py -> build/lib.linux-x86_64-3.10/pyarrow
      copying pyarrow/orc.py -> build/lib.linux-x86_64-3.10/pyarrow
      copying pyarrow/flight.py -> build/lib.linux-x86_64-3.10/pyarrow
      copying pyarrow/feather.py -> build/lib.linux-x86_64-3.10/pyarrow
      copying pyarrow/types.py -> build/lib.linux-x86_64-3.10/pyarrow
      copying pyarrow/filesystem.py -> build/lib.linux-x86_64-3.10/pyarrow
      creating build/lib.linux-x86_64-3.10/pyarrow/vendored
      copying pyarrow/vendored/docscrape.py -> build/lib.linux-x86_64-3.10/pyarrow/vendored
      copying pyarrow/vendored/__init__.py -> build/lib.linux-x86_64-3.10/pyarrow/vendored
      copying pyarrow/vendored/version.py -> build/lib.linux-x86_64-3.10/pyarrow/vendored
      package init file 'pyarrow/src/__init__.py' not found (or not a regular file)
      creating build/lib.linux-x86_64-3.10/pyarrow/parquet
      copying pyarrow/parquet/__init__.py -> build/lib.linux-x86_64-3.10/pyarrow/parquet
      copying pyarrow/parquet/encryption.py -> build/lib.linux-x86_64-3.10/pyarrow/parquet
      copying pyarrow/parquet/core.py -> build/lib.linux-x86_64-3.10/pyarrow/parquet
      creating build/lib.linux-x86_64-3.10/pyarrow/tests
      copying pyarrow/tests/test_feather.py -> build/lib.linux-x86_64-3.10/pyarrow/tests
      copying pyarrow/tests/test_gandiva.py -> build/lib.linux-x86_64-3.10/pyarrow/tests
      copying pyarrow/tests/test_csv.py -> build/lib.linux-x86_64-3.10/pyarrow/tests
      copying pyarrow/tests/test_filesystem.py -> build/lib.linux-x86_64-3.10/pyarrow/tests
      copying pyarrow/tests/test_memory.py -> build/lib.linux-x86_64-3.10/pyarrow/tests
      copying pyarrow/tests/__init__.py -> build/lib.linux-x86_64-3.10/pyarrow/tests
      copying pyarrow/tests/test_types.py -> build/lib.linux-x86_64-3.10/pyarrow/tests
      copying pyarrow/tests/conftest.py -> build/lib.linux-x86_64-3.10/pyarrow/tests
      copying pyarrow/tests/test_convert_builtin.py -> build/lib.linux-x86_64-3.10/pyarrow/tests
      copying pyarrow/tests/test_jvm.py -> build/lib.linux-x86_64-3.10/pyarrow/tests
      copying pyarrow/tests/test_flight.py -> build/lib.linux-x86_64-3.10/pyarrow/tests
      copying pyarrow/tests/test_acero.py -> build/lib.linux-x86_64-3.10/pyarrow/tests
      copying pyarrow/tests/test_misc.py -> build/lib.linux-x86_64-3.10/pyarrow/tests
      copying pyarrow/tests/test_dataset_encryption.py -> build/lib.linux-x86_64-3.10/pyarrow/tests
      copying pyarrow/tests/test_deprecations.py -> build/lib.linux-x86_64-3.10/pyarrow/tests
      copying pyarrow/tests/test_ipc.py -> build/lib.linux-x86_64-3.10/pyarrow/tests
      copying pyarrow/tests/test_gdb.py -> build/lib.linux-x86_64-3.10/pyarrow/tests
      copying pyarrow/tests/test_builder.py -> build/lib.linux-x86_64-3.10/pyarrow/tests
      copying pyarrow/tests/test_pandas.py -> build/lib.linux-x86_64-3.10/pyarrow/tests
      copying pyarrow/tests/test_strategies.py -> build/lib.linux-x86_64-3.10/pyarrow/tests
      copying pyarrow/tests/test_compute.py -> build/lib.linux-x86_64-3.10/pyarrow/tests
      copying pyarrow/tests/strategies.py -> build/lib.linux-x86_64-3.10/pyarrow/tests
      copying pyarrow/tests/test_hdfs.py -> build/lib.linux-x86_64-3.10/pyarrow/tests
      copying pyarrow/tests/test_scalars.py -> build/lib.linux-x86_64-3.10/pyarrow/tests
      copying pyarrow/tests/pandas_examples.py -> build/lib.linux-x86_64-3.10/pyarrow/tests
      copying pyarrow/tests/test_cython.py -> build/lib.linux-x86_64-3.10/pyarrow/tests
      copying pyarrow/tests/test_json.py -> build/lib.linux-x86_64-3.10/pyarrow/tests
      copying pyarrow/tests/test_adhoc_memory_leak.py -> build/lib.linux-x86_64-3.10/pyarrow/tests
      copying pyarrow/tests/test_fs.py -> build/lib.linux-x86_64-3.10/pyarrow/tests
      copying pyarrow/tests/test_exec_plan.py -> build/lib.linux-x86_64-3.10/pyarrow/tests
      copying pyarrow/tests/test_substrait.py -> build/lib.linux-x86_64-3.10/pyarrow/tests
      copying pyarrow/tests/arrow_16597.py -> build/lib.linux-x86_64-3.10/pyarrow/tests
      copying pyarrow/tests/test_orc.py -> build/lib.linux-x86_64-3.10/pyarrow/tests
      copying pyarrow/tests/test_cuda.py -> build/lib.linux-x86_64-3.10/pyarrow/tests
      copying pyarrow/tests/test_sparse_tensor.py -> build/lib.linux-x86_64-3.10/pyarrow/tests
      copying pyarrow/tests/test_flight_async.py -> build/lib.linux-x86_64-3.10/pyarrow/tests
      copying pyarrow/tests/test_cffi.py -> build/lib.linux-x86_64-3.10/pyarrow/tests
      copying pyarrow/tests/test_tensor.py -> build/lib.linux-x86_64-3.10/pyarrow/tests
      copying pyarrow/tests/arrow_7980.py -> build/lib.linux-x86_64-3.10/pyarrow/tests
      copying pyarrow/tests/test_array.py -> build/lib.linux-x86_64-3.10/pyarrow/tests
      copying pyarrow/tests/test_util.py -> build/lib.linux-x86_64-3.10/pyarrow/tests
      copying pyarrow/tests/test_schema.py -> build/lib.linux-x86_64-3.10/pyarrow/tests
      copying pyarrow/tests/test_dataset.py -> build/lib.linux-x86_64-3.10/pyarrow/tests
      copying pyarrow/tests/test_cpp_internals.py -> build/lib.linux-x86_64-3.10/pyarrow/tests
      copying pyarrow/tests/util.py -> build/lib.linux-x86_64-3.10/pyarrow/tests
      copying pyarrow/tests/test_table.py -> build/lib.linux-x86_64-3.10/pyarrow/tests
      copying pyarrow/tests/test_io.py -> build/lib.linux-x86_64-3.10/pyarrow/tests
      copying pyarrow/tests/test_udf.py -> build/lib.linux-x86_64-3.10/pyarrow/tests
      copying pyarrow/tests/pandas_threaded_import.py -> build/lib.linux-x86_64-3.10/pyarrow/tests
      copying pyarrow/tests/read_record_batch.py -> build/lib.linux-x86_64-3.10/pyarrow/tests
      copying pyarrow/tests/test_extension_type.py -> build/lib.linux-x86_64-3.10/pyarrow/tests
      copying pyarrow/tests/test_cuda_numba_interop.py -> build/lib.linux-x86_64-3.10/pyarrow/tests
      creating build/lib.linux-x86_64-3.10/pyarrow/interchange
      copying pyarrow/interchange/column.py -> build/lib.linux-x86_64-3.10/pyarrow/interchange
      copying pyarrow/interchange/__init__.py -> build/lib.linux-x86_64-3.10/pyarrow/interchange
      copying pyarrow/interchange/dataframe.py -> build/lib.linux-x86_64-3.10/pyarrow/interchange
      copying pyarrow/interchange/buffer.py -> build/lib.linux-x86_64-3.10/pyarrow/interchange
      copying pyarrow/interchange/from_dataframe.py -> build/lib.linux-x86_64-3.10/pyarrow/interchange
      package init file 'pyarrow/includes/__init__.py' not found (or not a regular file)
      package init file 'pyarrow/src/arrow/__init__.py' not found (or not a regular file)
      package init file 'pyarrow/src/arrow/python/__init__.py' not found (or not a regular file)
      creating build/lib.linux-x86_64-3.10/pyarrow/tests/parquet
      copying pyarrow/tests/parquet/test_parquet_file.py -> build/lib.linux-x86_64-3.10/pyarrow/tests/parquet
      copying pyarrow/tests/parquet/test_basic.py -> build/lib.linux-x86_64-3.10/pyarrow/tests/parquet
      copying pyarrow/tests/parquet/test_metadata.py -> build/lib.linux-x86_64-3.10/pyarrow/tests/parquet
      copying pyarrow/tests/parquet/__init__.py -> build/lib.linux-x86_64-3.10/pyarrow/tests/parquet
      copying pyarrow/tests/parquet/conftest.py -> build/lib.linux-x86_64-3.10/pyarrow/tests/parquet
      copying pyarrow/tests/parquet/common.py -> build/lib.linux-x86_64-3.10/pyarrow/tests/parquet
      copying pyarrow/tests/parquet/test_pandas.py -> build/lib.linux-x86_64-3.10/pyarrow/tests/parquet
      copying pyarrow/tests/parquet/test_encryption.py -> build/lib.linux-x86_64-3.10/pyarrow/tests/parquet
      copying pyarrow/tests/parquet/test_parquet_writer.py -> build/lib.linux-x86_64-3.10/pyarrow/tests/parquet
      copying pyarrow/tests/parquet/encryption.py -> build/lib.linux-x86_64-3.10/pyarrow/tests/parquet
      copying pyarrow/tests/parquet/test_data_types.py -> build/lib.linux-x86_64-3.10/pyarrow/tests/parquet
      copying pyarrow/tests/parquet/test_dataset.py -> build/lib.linux-x86_64-3.10/pyarrow/tests/parquet
      copying pyarrow/tests/parquet/test_compliant_nested_type.py -> build/lib.linux-x86_64-3.10/pyarrow/tests/parquet
      copying pyarrow/tests/parquet/test_datetime.py -> build/lib.linux-x86_64-3.10/pyarrow/tests/parquet
      package init file 'pyarrow/tests/data/__init__.py' not found (or not a regular file)
      creating build/lib.linux-x86_64-3.10/pyarrow/tests/interchange
      copying pyarrow/tests/interchange/__init__.py -> build/lib.linux-x86_64-3.10/pyarrow/tests/interchange
      copying pyarrow/tests/interchange/test_conversion.py -> build/lib.linux-x86_64-3.10/pyarrow/tests/interchange
      copying pyarrow/tests/interchange/test_interchange_spec.py -> build/lib.linux-x86_64-3.10/pyarrow/tests/interchange
      package init file 'pyarrow/tests/data/parquet/__init__.py' not found (or not a regular file)
      package init file 'pyarrow/tests/data/orc/__init__.py' not found (or not a regular file)
      package init file 'pyarrow/tests/data/feather/__init__.py' not found (or not a regular file)
      running egg_info
      writing pyarrow.egg-info/PKG-INFO
      writing dependency_links to pyarrow.egg-info/dependency_links.txt
      writing requirements to pyarrow.egg-info/requires.txt
      writing top-level names to pyarrow.egg-info/top_level.txt
      listing git files failed - pretending there aren't any
      reading manifest file 'pyarrow.egg-info/SOURCES.txt'
      reading manifest template 'MANIFEST.in'
      warning: no files found matching '../LICENSE.txt'
      warning: no files found matching '../NOTICE.txt'
      warning: no previously-included files matching '*.so' found anywhere in distribution
      warning: no previously-included files matching '*.pyc' found anywhere in distribution
      warning: no previously-included files matching '*~' found anywhere in distribution
      warning: no previously-included files matching '#*' found anywhere in distribution
      warning: no previously-included files matching '.git*' found anywhere in distribution
      warning: no previously-included files matching '.DS_Store' found anywhere in distribution
      no previously-included directories found matching '.asv'
      writing manifest file 'pyarrow.egg-info/SOURCES.txt'
      copying pyarrow/__init__.pxd -> build/lib.linux-x86_64-3.10/pyarrow
      copying pyarrow/_acero.pxd -> build/lib.linux-x86_64-3.10/pyarrow
      copying pyarrow/_acero.pyx -> build/lib.linux-x86_64-3.10/pyarrow
      copying pyarrow/_compute.pxd -> build/lib.linux-x86_64-3.10/pyarrow
      copying pyarrow/_compute.pyx -> build/lib.linux-x86_64-3.10/pyarrow
      copying pyarrow/_csv.pxd -> build/lib.linux-x86_64-3.10/pyarrow
      copying pyarrow/_csv.pyx -> build/lib.linux-x86_64-3.10/pyarrow
      copying pyarrow/_cuda.pxd -> build/lib.linux-x86_64-3.10/pyarrow
      copying pyarrow/_cuda.pyx -> build/lib.linux-x86_64-3.10/pyarrow
      copying pyarrow/_dataset.pxd -> build/lib.linux-x86_64-3.10/pyarrow
      copying pyarrow/_dataset.pyx -> build/lib.linux-x86_64-3.10/pyarrow
      copying pyarrow/_dataset_orc.pyx -> build/lib.linux-x86_64-3.10/pyarrow
      copying pyarrow/_dataset_parquet.pxd -> build/lib.linux-x86_64-3.10/pyarrow
      copying pyarrow/_dataset_parquet.pyx -> build/lib.linux-x86_64-3.10/pyarrow
      copying pyarrow/_dataset_parquet_encryption.pyx -> build/lib.linux-x86_64-3.10/pyarrow
      copying pyarrow/_feather.pyx -> build/lib.linux-x86_64-3.10/pyarrow
      copying pyarrow/_flight.pyx -> build/lib.linux-x86_64-3.10/pyarrow
      copying pyarrow/_fs.pxd -> build/lib.linux-x86_64-3.10/pyarrow
      copying pyarrow/_fs.pyx -> build/lib.linux-x86_64-3.10/pyarrow
      copying pyarrow/_gcsfs.pyx -> build/lib.linux-x86_64-3.10/pyarrow
      copying pyarrow/_hdfs.pyx -> build/lib.linux-x86_64-3.10/pyarrow
      copying pyarrow/_hdfsio.pyx -> build/lib.linux-x86_64-3.10/pyarrow
      copying pyarrow/_json.pxd -> build/lib.linux-x86_64-3.10/pyarrow
      copying pyarrow/_json.pyx -> build/lib.linux-x86_64-3.10/pyarrow
      copying pyarrow/_orc.pxd -> build/lib.linux-x86_64-3.10/pyarrow
      copying pyarrow/_orc.pyx -> build/lib.linux-x86_64-3.10/pyarrow
      copying pyarrow/_parquet.pxd -> build/lib.linux-x86_64-3.10/pyarrow
      copying pyarrow/_parquet.pyx -> build/lib.linux-x86_64-3.10/pyarrow
      copying pyarrow/_parquet_encryption.pxd -> build/lib.linux-x86_64-3.10/pyarrow
      copying pyarrow/_parquet_encryption.pyx -> build/lib.linux-x86_64-3.10/pyarrow
      copying pyarrow/_pyarrow_cpp_tests.pxd -> build/lib.linux-x86_64-3.10/pyarrow
      copying pyarrow/_pyarrow_cpp_tests.pyx -> build/lib.linux-x86_64-3.10/pyarrow
      copying pyarrow/_s3fs.pyx -> build/lib.linux-x86_64-3.10/pyarrow
      copying pyarrow/_substrait.pyx -> build/lib.linux-x86_64-3.10/pyarrow
      copying pyarrow/array.pxi -> build/lib.linux-x86_64-3.10/pyarrow
      copying pyarrow/benchmark.pxi -> build/lib.linux-x86_64-3.10/pyarrow
      copying pyarrow/builder.pxi -> build/lib.linux-x86_64-3.10/pyarrow
      copying pyarrow/compat.pxi -> build/lib.linux-x86_64-3.10/pyarrow
      copying pyarrow/config.pxi -> build/lib.linux-x86_64-3.10/pyarrow
      copying pyarrow/error.pxi -> build/lib.linux-x86_64-3.10/pyarrow
      copying pyarrow/gandiva.pyx -> build/lib.linux-x86_64-3.10/pyarrow
      copying pyarrow/io.pxi -> build/lib.linux-x86_64-3.10/pyarrow
      copying pyarrow/ipc.pxi -> build/lib.linux-x86_64-3.10/pyarrow
      copying pyarrow/lib.pxd -> build/lib.linux-x86_64-3.10/pyarrow
      copying pyarrow/lib.pyx -> build/lib.linux-x86_64-3.10/pyarrow
      copying pyarrow/memory.pxi -> build/lib.linux-x86_64-3.10/pyarrow
      copying pyarrow/pandas-shim.pxi -> build/lib.linux-x86_64-3.10/pyarrow
      copying pyarrow/public-api.pxi -> build/lib.linux-x86_64-3.10/pyarrow
      copying pyarrow/scalar.pxi -> build/lib.linux-x86_64-3.10/pyarrow
      copying pyarrow/table.pxi -> build/lib.linux-x86_64-3.10/pyarrow
      copying pyarrow/tensor.pxi -> build/lib.linux-x86_64-3.10/pyarrow
      copying pyarrow/types.pxi -> build/lib.linux-x86_64-3.10/pyarrow
      creating build/lib.linux-x86_64-3.10/pyarrow/includes
      copying pyarrow/includes/libarrow_acero.pxd -> build/lib.linux-x86_64-3.10/pyarrow/includes
      copying pyarrow/includes/libarrow_dataset.pxd -> build/lib.linux-x86_64-3.10/pyarrow/includes
      copying pyarrow/includes/libparquet_encryption.pxd -> build/lib.linux-x86_64-3.10/pyarrow/includes
      copying pyarrow/includes/libarrow_cuda.pxd -> build/lib.linux-x86_64-3.10/pyarrow/includes
      copying pyarrow/includes/libarrow_python.pxd -> build/lib.linux-x86_64-3.10/pyarrow/includes
      copying pyarrow/includes/libarrow_dataset_parquet.pxd -> build/lib.linux-x86_64-3.10/pyarrow/includes
      copying pyarrow/includes/__init__.pxd -> build/lib.linux-x86_64-3.10/pyarrow/includes
      copying pyarrow/includes/libarrow_feather.pxd -> build/lib.linux-x86_64-3.10/pyarrow/includes
      copying pyarrow/includes/libarrow_substrait.pxd -> build/lib.linux-x86_64-3.10/pyarrow/includes
      copying pyarrow/includes/common.pxd -> build/lib.linux-x86_64-3.10/pyarrow/includes
      copying pyarrow/includes/libarrow.pxd -> build/lib.linux-x86_64-3.10/pyarrow/includes
      copying pyarrow/includes/libarrow_flight.pxd -> build/lib.linux-x86_64-3.10/pyarrow/includes
      copying pyarrow/includes/libarrow_fs.pxd -> build/lib.linux-x86_64-3.10/pyarrow/includes
      copying pyarrow/includes/libgandiva.pxd -> build/lib.linux-x86_64-3.10/pyarrow/includes
      copying pyarrow/tests/bound_function_visit_strings.pyx -> build/lib.linux-x86_64-3.10/pyarrow/tests
      copying pyarrow/tests/extensions.pyx -> build/lib.linux-x86_64-3.10/pyarrow/tests
      copying pyarrow/tests/pyarrow_cython_example.pyx -> build/lib.linux-x86_64-3.10/pyarrow/tests
      creating build/lib.linux-x86_64-3.10/pyarrow/src
      creating build/lib.linux-x86_64-3.10/pyarrow/src/arrow
      creating build/lib.linux-x86_64-3.10/pyarrow/src/arrow/python
      copying pyarrow/src/arrow/python/CMakeLists.txt -> build/lib.linux-x86_64-3.10/pyarrow/src/arrow/python
      copying pyarrow/src/arrow/python/api.h -> build/lib.linux-x86_64-3.10/pyarrow/src/arrow/python
      copying pyarrow/src/arrow/python/arrow_to_pandas.cc -> build/lib.linux-x86_64-3.10/pyarrow/src/arrow/python
      copying pyarrow/src/arrow/python/arrow_to_pandas.h -> build/lib.linux-x86_64-3.10/pyarrow/src/arrow/python
      copying pyarrow/src/arrow/python/arrow_to_python_internal.h -> build/lib.linux-x86_64-3.10/pyarrow/src/arrow/python
      copying pyarrow/src/arrow/python/async.h -> build/lib.linux-x86_64-3.10/pyarrow/src/arrow/python
      copying pyarrow/src/arrow/python/benchmark.cc -> build/lib.linux-x86_64-3.10/pyarrow/src/arrow/python
      copying pyarrow/src/arrow/python/benchmark.h -> build/lib.linux-x86_64-3.10/pyarrow/src/arrow/python
      copying pyarrow/src/arrow/python/common.cc -> build/lib.linux-x86_64-3.10/pyarrow/src/arrow/python
      copying pyarrow/src/arrow/python/common.h -> build/lib.linux-x86_64-3.10/pyarrow/src/arrow/python
      copying pyarrow/src/arrow/python/csv.cc -> build/lib.linux-x86_64-3.10/pyarrow/src/arrow/python
      copying pyarrow/src/arrow/python/csv.h -> build/lib.linux-x86_64-3.10/pyarrow/src/arrow/python
      copying pyarrow/src/arrow/python/datetime.cc -> build/lib.linux-x86_64-3.10/pyarrow/src/arrow/python
      copying pyarrow/src/arrow/python/datetime.h -> build/lib.linux-x86_64-3.10/pyarrow/src/arrow/python
      copying pyarrow/src/arrow/python/decimal.cc -> build/lib.linux-x86_64-3.10/pyarrow/src/arrow/python
      copying pyarrow/src/arrow/python/decimal.h -> build/lib.linux-x86_64-3.10/pyarrow/src/arrow/python
      copying pyarrow/src/arrow/python/deserialize.cc -> build/lib.linux-x86_64-3.10/pyarrow/src/arrow/python
      copying pyarrow/src/arrow/python/deserialize.h -> build/lib.linux-x86_64-3.10/pyarrow/src/arrow/python
      copying pyarrow/src/arrow/python/extension_type.cc -> build/lib.linux-x86_64-3.10/pyarrow/src/arrow/python
      copying pyarrow/src/arrow/python/extension_type.h -> build/lib.linux-x86_64-3.10/pyarrow/src/arrow/python
      copying pyarrow/src/arrow/python/filesystem.cc -> build/lib.linux-x86_64-3.10/pyarrow/src/arrow/python
      copying pyarrow/src/arrow/python/filesystem.h -> build/lib.linux-x86_64-3.10/pyarrow/src/arrow/python
      copying pyarrow/src/arrow/python/flight.cc -> build/lib.linux-x86_64-3.10/pyarrow/src/arrow/python
      copying pyarrow/src/arrow/python/flight.h -> build/lib.linux-x86_64-3.10/pyarrow/src/arrow/python
      copying pyarrow/src/arrow/python/gdb.cc -> build/lib.linux-x86_64-3.10/pyarrow/src/arrow/python
      copying pyarrow/src/arrow/python/gdb.h -> build/lib.linux-x86_64-3.10/pyarrow/src/arrow/python
      copying pyarrow/src/arrow/python/helpers.cc -> build/lib.linux-x86_64-3.10/pyarrow/src/arrow/python
      copying pyarrow/src/arrow/python/helpers.h -> build/lib.linux-x86_64-3.10/pyarrow/src/arrow/python
      copying pyarrow/src/arrow/python/inference.cc -> build/lib.linux-x86_64-3.10/pyarrow/src/arrow/python
      copying pyarrow/src/arrow/python/inference.h -> build/lib.linux-x86_64-3.10/pyarrow/src/arrow/python
      copying pyarrow/src/arrow/python/init.cc -> build/lib.linux-x86_64-3.10/pyarrow/src/arrow/python
      copying pyarrow/src/arrow/python/init.h -> build/lib.linux-x86_64-3.10/pyarrow/src/arrow/python
      copying pyarrow/src/arrow/python/io.cc -> build/lib.linux-x86_64-3.10/pyarrow/src/arrow/python
      copying pyarrow/src/arrow/python/io.h -> build/lib.linux-x86_64-3.10/pyarrow/src/arrow/python
      copying pyarrow/src/arrow/python/ipc.cc -> build/lib.linux-x86_64-3.10/pyarrow/src/arrow/python
      copying pyarrow/src/arrow/python/ipc.h -> build/lib.linux-x86_64-3.10/pyarrow/src/arrow/python
      copying pyarrow/src/arrow/python/iterators.h -> build/lib.linux-x86_64-3.10/pyarrow/src/arrow/python
      copying pyarrow/src/arrow/python/numpy_convert.cc -> build/lib.linux-x86_64-3.10/pyarrow/src/arrow/python
      copying pyarrow/src/arrow/python/numpy_convert.h -> build/lib.linux-x86_64-3.10/pyarrow/src/arrow/python
      copying pyarrow/src/arrow/python/numpy_internal.h -> build/lib.linux-x86_64-3.10/pyarrow/src/arrow/python
      copying pyarrow/src/arrow/python/numpy_interop.h -> build/lib.linux-x86_64-3.10/pyarrow/src/arrow/python
      copying pyarrow/src/arrow/python/numpy_to_arrow.cc -> build/lib.linux-x86_64-3.10/pyarrow/src/arrow/python
      copying pyarrow/src/arrow/python/numpy_to_arrow.h -> build/lib.linux-x86_64-3.10/pyarrow/src/arrow/python
      copying pyarrow/src/arrow/python/parquet_encryption.cc -> build/lib.linux-x86_64-3.10/pyarrow/src/arrow/python
      copying pyarrow/src/arrow/python/parquet_encryption.h -> build/lib.linux-x86_64-3.10/pyarrow/src/arrow/python
      copying pyarrow/src/arrow/python/pch.h -> build/lib.linux-x86_64-3.10/pyarrow/src/arrow/python
      copying pyarrow/src/arrow/python/platform.h -> build/lib.linux-x86_64-3.10/pyarrow/src/arrow/python
      copying pyarrow/src/arrow/python/pyarrow.cc -> build/lib.linux-x86_64-3.10/pyarrow/src/arrow/python
      copying pyarrow/src/arrow/python/pyarrow.h -> build/lib.linux-x86_64-3.10/pyarrow/src/arrow/python
      copying pyarrow/src/arrow/python/pyarrow_api.h -> build/lib.linux-x86_64-3.10/pyarrow/src/arrow/python
      copying pyarrow/src/arrow/python/pyarrow_lib.h -> build/lib.linux-x86_64-3.10/pyarrow/src/arrow/python
      copying pyarrow/src/arrow/python/python_test.cc -> build/lib.linux-x86_64-3.10/pyarrow/src/arrow/python
      copying pyarrow/src/arrow/python/python_test.h -> build/lib.linux-x86_64-3.10/pyarrow/src/arrow/python
      copying pyarrow/src/arrow/python/python_to_arrow.cc -> build/lib.linux-x86_64-3.10/pyarrow/src/arrow/python
      copying pyarrow/src/arrow/python/python_to_arrow.h -> build/lib.linux-x86_64-3.10/pyarrow/src/arrow/python
      copying pyarrow/src/arrow/python/serialize.cc -> build/lib.linux-x86_64-3.10/pyarrow/src/arrow/python
      copying pyarrow/src/arrow/python/serialize.h -> build/lib.linux-x86_64-3.10/pyarrow/src/arrow/python
      copying pyarrow/src/arrow/python/type_traits.h -> build/lib.linux-x86_64-3.10/pyarrow/src/arrow/python
      copying pyarrow/src/arrow/python/udf.cc -> build/lib.linux-x86_64-3.10/pyarrow/src/arrow/python
      copying pyarrow/src/arrow/python/udf.h -> build/lib.linux-x86_64-3.10/pyarrow/src/arrow/python
      copying pyarrow/src/arrow/python/visibility.h -> build/lib.linux-x86_64-3.10/pyarrow/src/arrow/python
      creating build/lib.linux-x86_64-3.10/pyarrow/tests/data
      creating build/lib.linux-x86_64-3.10/pyarrow/tests/data/parquet
      copying pyarrow/tests/data/parquet/v0.7.1.all-named-index.parquet -> build/lib.linux-x86_64-3.10/pyarrow/tests/data/parquet
      copying pyarrow/tests/data/parquet/v0.7.1.column-metadata-handling.parquet -> build/lib.linux-x86_64-3.10/pyarrow/tests/data/parquet
      copying pyarrow/tests/data/parquet/v0.7.1.parquet -> build/lib.linux-x86_64-3.10/pyarrow/tests/data/parquet
      copying pyarrow/tests/data/parquet/v0.7.1.some-named-index.parquet -> build/lib.linux-x86_64-3.10/pyarrow/tests/data/parquet
      creating build/lib.linux-x86_64-3.10/pyarrow/tests/data/orc
      copying pyarrow/tests/data/orc/README.md -> build/lib.linux-x86_64-3.10/pyarrow/tests/data/orc
      copying pyarrow/tests/data/orc/TestOrcFile.emptyFile.jsn.gz -> build/lib.linux-x86_64-3.10/pyarrow/tests/data/orc
      copying pyarrow/tests/data/orc/TestOrcFile.emptyFile.orc -> build/lib.linux-x86_64-3.10/pyarrow/tests/data/orc
      copying pyarrow/tests/data/orc/TestOrcFile.test1.jsn.gz -> build/lib.linux-x86_64-3.10/pyarrow/tests/data/orc
      copying pyarrow/tests/data/orc/TestOrcFile.test1.orc -> build/lib.linux-x86_64-3.10/pyarrow/tests/data/orc
      copying pyarrow/tests/data/orc/TestOrcFile.testDate1900.jsn.gz -> build/lib.linux-x86_64-3.10/pyarrow/tests/data/orc
      copying pyarrow/tests/data/orc/TestOrcFile.testDate1900.orc -> build/lib.linux-x86_64-3.10/pyarrow/tests/data/orc
      copying pyarrow/tests/data/orc/decimal.jsn.gz -> build/lib.linux-x86_64-3.10/pyarrow/tests/data/orc
      copying pyarrow/tests/data/orc/decimal.orc -> build/lib.linux-x86_64-3.10/pyarrow/tests/data/orc
      creating build/lib.linux-x86_64-3.10/pyarrow/tests/data/feather
      copying pyarrow/tests/data/feather/v0.17.0.version.2-compression.lz4.feather -> build/lib.linux-x86_64-3.10/pyarrow/tests/data/feather
      running build_ext
      creating /tmp/pip-install-axwe4a6r/pyarrow_683463ce3b16416ebf396d17ad948b86/build/temp.linux-x86_64-3.10
      -- Running cmake for PyArrow
      cmake -DCMAKE_INSTALL_PREFIX=/tmp/pip-install-axwe4a6r/pyarrow_683463ce3b16416ebf396d17ad948b86/build/lib.linux-x86_64-3.10/pyarrow -DPYTHON_EXECUTABLE=/workdir/install-virtualenv/bin/graalpy -DPython3_EXECUTABLE=/workdir/install-virtualenv/bin/graalpy -DPYARROW_CXXFLAGS= -DPYARROW_BUILD_CUDA=off -DPYARROW_BUILD_SUBSTRAIT=off -DPYARROW_BUILD_FLIGHT=off -DPYARROW_BUILD_GANDIVA=off -DPYARROW_BUILD_ACERO=off -DPYARROW_BUILD_DATASET=off -DPYARROW_BUILD_ORC=off -DPYARROW_BUILD_PARQUET=off -DPYARROW_BUILD_PARQUET_ENCRYPTION=off -DPYARROW_BUILD_GCS=off -DPYARROW_BUILD_S3=off -DPYARROW_BUILD_HDFS=off -DPYARROW_BUNDLE_ARROW_CPP=off -DPYARROW_BUNDLE_CYTHON_CPP=off -DPYARROW_GENERATE_COVERAGE=off -DCMAKE_BUILD_TYPE=release /tmp/pip-install-axwe4a6r/pyarrow_683463ce3b16416ebf396d17ad948b86
      -- The C compiler identification is GNU 8.5.0
      -- The CXX compiler identification is GNU 8.5.0
      -- Detecting C compiler ABI info
      -- Detecting C compiler ABI info - done
      -- Check for working C compiler: /usr/bin/cc - skipped
      -- Detecting C compile features
      -- Detecting C compile features - done
      -- Detecting CXX compiler ABI info
      -- Detecting CXX compiler ABI info - done
      -- Check for working CXX compiler: /usr/bin/c++ - skipped
      -- Detecting CXX compile features
      -- Detecting CXX compile features - done
      -- System processor: x86_64
      -- Performing Test CXX_SUPPORTS_SSE4_2
      -- Performing Test CXX_SUPPORTS_SSE4_2 - Success
      -- Performing Test CXX_SUPPORTS_AVX2
      -- Performing Test CXX_SUPPORTS_AVX2 - Success
      -- Performing Test CXX_SUPPORTS_AVX512
      -- Performing Test CXX_SUPPORTS_AVX512 - Success
      -- Arrow build warning level: PRODUCTION
      -- Using ld linker
      -- Build Type: RELEASE
      -- CMAKE_C_FLAGS:  -Wall -fno-semantic-interposition -msse4.2  -fdiagnostics-color=always  -fno-omit-frame-pointer -Wno-unused-variable -Wno-maybe-uninitialized
      -- CMAKE_CXX_FLAGS:  -Wno-noexcept-type  -Wall -fno-semantic-interposition -msse4.2  -fdiagnostics-color=always  -fno-omit-frame-pointer -Wno-unused-variable -Wno-maybe-uninitialized
      -- Generator: Unix Makefiles
      -- Build output directory: /tmp/pip-install-axwe4a6r/pyarrow_683463ce3b16416ebf396d17ad948b86/build/temp.linux-x86_64-3.10/release
      -- Found Python3: /workdir/install-virtualenv/bin/graalpy (found version "3.10.8") found components: Interpreter Development.Module NumPy
      -- Found Python3Alt: /workdir/install-virtualenv/bin/graalpy
      -- Performing Test CMAKE_HAVE_LIBC_PTHREAD
      -- Performing Test CMAKE_HAVE_LIBC_PTHREAD - Failed
      -- Check if compiler accepts -pthread
      -- Check if compiler accepts -pthread - yes
      -- Found Threads: TRUE
      -- Arrow version: 12.0.1
      -- Found the Arrow shared library: /usr/local/lib64/libarrow.so.1200.1.0
      -- Found the Arrow import library: ARROW_IMPORT_LIB-NOTFOUND
      -- Found the Arrow static library: /usr/local/lib64/libarrow.a
      -- Parquet Encryption is NOT Enabled
      -- Configuring done
      -- Generating done
      -- Build files have been written to: /tmp/pip-install-axwe4a6r/pyarrow_683463ce3b16416ebf396d17ad948b86/build/temp.linux-x86_64-3.10
      -- Finished cmake for PyArrow
      -- Running cmake --build for PyArrow
      cmake --build . --config release --
      [  1%] Compiling Cython CXX source for lib...
      [  1%] Built target lib_pyx
      [  3%] Generating pyarrow/src/arrow/python/lib_api.h, pyarrow/src/arrow/python/lib.h
      [  3%] Built target cython_api_headers
      [  5%] Building CXX object CMakeFiles/arrow_python.dir/cmake_pch.hxx.gch
      [  7%] Building CXX object CMakeFiles/arrow_python.dir/pyarrow/src/arrow/python/arrow_to_pandas.cc.o
      [  8%] Building CXX object CMakeFiles/arrow_python.dir/pyarrow/src/arrow/python/benchmark.cc.o
      [ 10%] Building CXX object CMakeFiles/arrow_python.dir/pyarrow/src/arrow/python/common.cc.o
      [ 12%] Building CXX object CMakeFiles/arrow_python.dir/pyarrow/src/arrow/python/datetime.cc.o
      [ 14%] Building CXX object CMakeFiles/arrow_python.dir/pyarrow/src/arrow/python/decimal.cc.o
      [ 15%] Building CXX object CMakeFiles/arrow_python.dir/pyarrow/src/arrow/python/deserialize.cc.o
      [ 17%] Building CXX object CMakeFiles/arrow_python.dir/pyarrow/src/arrow/python/extension_type.cc.o
      [ 19%] Building CXX object CMakeFiles/arrow_python.dir/pyarrow/src/arrow/python/gdb.cc.o
      [ 21%] Building CXX object CMakeFiles/arrow_python.dir/pyarrow/src/arrow/python/helpers.cc.o
      [ 22%] Building CXX object CMakeFiles/arrow_python.dir/pyarrow/src/arrow/python/inference.cc.o
      [ 24%] Building CXX object CMakeFiles/arrow_python.dir/pyarrow/src/arrow/python/init.cc.o
      [ 26%] Building CXX object CMakeFiles/arrow_python.dir/pyarrow/src/arrow/python/io.cc.o
      [ 28%] Building CXX object CMakeFiles/arrow_python.dir/pyarrow/src/arrow/python/ipc.cc.o
      [ 29%] Building CXX object CMakeFiles/arrow_python.dir/pyarrow/src/arrow/python/numpy_convert.cc.o
      [ 31%] Building CXX object CMakeFiles/arrow_python.dir/pyarrow/src/arrow/python/numpy_to_arrow.cc.o
      [ 33%] Building CXX object CMakeFiles/arrow_python.dir/pyarrow/src/arrow/python/python_test.cc.o
      [ 35%] Building CXX object CMakeFiles/arrow_python.dir/pyarrow/src/arrow/python/python_to_arrow.cc.o
      [ 36%] Building CXX object CMakeFiles/arrow_python.dir/pyarrow/src/arrow/python/pyarrow.cc.o
      [ 38%] Building CXX object CMakeFiles/arrow_python.dir/pyarrow/src/arrow/python/serialize.cc.o
      [ 40%] Building CXX object CMakeFiles/arrow_python.dir/pyarrow/src/arrow/python/udf.cc.o
      [01m[K/tmp/pip-install-axwe4a6r/pyarrow_683463ce3b16416ebf396d17ad948b86/pyarrow/src/arrow/python/udf.cc:[m[K In function ‚Äò[01m[Karrow::Status arrow::py::RegisterScalarAggregateFunction(PyObject*, arrow::py::UdfWrapperCallback, const arrow::py::UdfOptions&, arrow::compute::FunctionRegistry*)[m[K‚Äô:
      [01m[K/tmp/pip-install-axwe4a6r/pyarrow_683463ce3b16416ebf396d17ad948b86/pyarrow/src/arrow/python/udf.cc:593:80:[m[K [01;31m[Kerror: [m[Kno matching function for call to ‚Äò[01m[Karrow::compute::ScalarAggregateKernel::ScalarAggregateKernel(std::remove_reference<std::shared_ptr<arrow::compute::KernelSignature>&>::type, std::remove_reference<std::function<arrow::Result<std::unique_ptr<arrow::compute::KernelState> >(arrow::compute::KernelContext*, const arrow::compute::KernelInitArgs&)>&>::type, arrow::Status (&)(arrow::compute::KernelContext*, const arrow::compute::ExecSpan&), arrow::Status (&)(arrow::compute::KernelContext*, arrow::compute::KernelState&&, arrow::compute::KernelState*), arrow::Status (&)(arrow::compute::KernelContext*, arrow::Datum*), bool)[m[K‚Äô
                                               AggregateUdfFinalize, /*ordered=*/false[01;31m[K)[m[K;
                                                                                      [01;31m[K^[m[K
      In file included from [01m[K/usr/local/include/arrow/compute/function.h:27[m[K,
                       from [01m[K/tmp/pip-install-axwe4a6r/pyarrow_683463ce3b16416ebf396d17ad948b86/pyarrow/src/arrow/python/udf.h:21[m[K,
                       from [01m[K/tmp/pip-install-axwe4a6r/pyarrow_683463ce3b16416ebf396d17ad948b86/pyarrow/src/arrow/python/udf.cc:18[m[K:
      [01m[K/usr/local/include/arrow/compute/kernel.h:657:3:[m[K [01;36m[Knote: [m[Kcandidate: ‚Äò[01m[Karrow::compute::ScalarAggregateKernel::ScalarAggregateKernel(std::vector<arrow::compute::InputType>, arrow::compute::OutputType, arrow::compute::KernelInit, arrow::compute::ScalarAggregateConsume, arrow::compute::ScalarAggregateMerge, arrow::compute::ScalarAggregateFinalize)[m[K‚Äô
         [01;36m[KScalarAggregateKernel[m[K(std::vector<InputType> in_types, OutputType out_type,
         [01;36m[K^~~~~~~~~~~~~~~~~~~~~[m[K
      [01m[K/usr/local/include/arrow/compute/kernel.h:657:3:[m[K [01;36m[Knote: [m[K  no known conversion for argument 1 from ‚Äò[01m[Kstd::remove_reference<std::shared_ptr<arrow::compute::KernelSignature>&>::type[m[K‚Äô {aka ‚Äò[01m[Kstd::shared_ptr<arrow::compute::KernelSignature>[m[K‚Äô} to ‚Äò[01m[Kstd::vector<arrow::compute::InputType>[m[K‚Äô
      [01m[K/usr/local/include/arrow/compute/kernel.h:649:3:[m[K [01;36m[Knote: [m[Kcandidate: ‚Äò[01m[Karrow::compute::ScalarAggregateKernel::ScalarAggregateKernel(std::shared_ptr<arrow::compute::KernelSignature>, arrow::compute::KernelInit, arrow::compute::ScalarAggregateConsume, arrow::compute::ScalarAggregateMerge, arrow::compute::ScalarAggregateFinalize)[m[K‚Äô
         [01;36m[KScalarAggregateKernel[m[K(std::shared_ptr<KernelSignature> sig, KernelInit init,
         [01;36m[K^~~~~~~~~~~~~~~~~~~~~[m[K
      [01m[K/usr/local/include/arrow/compute/kernel.h:649:3:[m[K [01;36m[Knote: [m[K  candidate expects 5 arguments, 6 provided
      [01m[K/usr/local/include/arrow/compute/kernel.h:647:3:[m[K [01;36m[Knote: [m[Kcandidate: ‚Äò[01m[Karrow::compute::ScalarAggregateKernel::ScalarAggregateKernel()[m[K‚Äô
         [01;36m[KScalarAggregateKernel[m[K() = default;
         [01;36m[K^~~~~~~~~~~~~~~~~~~~~[m[K
      [01m[K/usr/local/include/arrow/compute/kernel.h:647:3:[m[K [01;36m[Knote: [m[K  candidate expects 0 arguments, 6 provided
      [01m[K/usr/local/include/arrow/compute/kernel.h:646:21:[m[K [01;36m[Knote: [m[Kcandidate: ‚Äò[01m[Karrow::compute::ScalarAggregateKernel::ScalarAggregateKernel(const arrow::compute::ScalarAggregateKernel&)[m[K‚Äô
       struct ARROW_EXPORT [01;36m[KScalarAggregateKernel[m[K : public Kernel {
                           [01;36m[K^~~~~~~~~~~~~~~~~~~~~[m[K
      [01m[K/usr/local/include/arrow/compute/kernel.h:646:21:[m[K [01;36m[Knote: [m[K  candidate expects 1 argument, 6 provided
      [01m[K/usr/local/include/arrow/compute/kernel.h:646:21:[m[K [01;36m[Knote: [m[Kcandidate: ‚Äò[01m[Karrow::compute::ScalarAggregateKernel::ScalarAggregateKernel(arrow::compute::ScalarAggregateKernel&&)[m[K‚Äô
      [01m[K/usr/local/include/arrow/compute/kernel.h:646:21:[m[K [01;36m[Knote: [m[K  candidate expects 1 argument, 6 provided
      [01m[K/tmp/pip-install-axwe4a6r/pyarrow_683463ce3b16416ebf396d17ad948b86/pyarrow/src/arrow/python/udf.cc:[m[K In function ‚Äò[01m[Karrow::Status arrow::py::RegisterHashAggregateFunction(PyObject*, arrow::py::UdfWrapperCallback, const arrow::py::UdfOptions&, arrow::compute::FunctionRegistry*)[m[K‚Äô:
      [01m[K/tmp/pip-install-axwe4a6r/pyarrow_683463ce3b16416ebf396d17ad948b86/pyarrow/src/arrow/python/udf.cc:669:73:[m[K [01;31m[Kerror: [m[Kno matching function for call to ‚Äò[01m[Karrow::compute::HashAggregateKernel::HashAggregateKernel(std::remove_reference<std::shared_ptr<arrow::compute::KernelSignature>&>::type, std::remove_reference<std::function<arrow::Result<std::unique_ptr<arrow::compute::KernelState> >(arrow::compute::KernelContext*, const arrow::compute::KernelInitArgs&)>&>::type, arrow::Status (&)(arrow::compute::KernelContext*, int64_t), arrow::Status (&)(arrow::compute::KernelContext*, const arrow::compute::ExecSpan&), arrow::Status (&)(arrow::compute::KernelContext*, arrow::compute::KernelState&&, const arrow::ArrayData&), arrow::Status (&)(arrow::compute::KernelContext*, arrow::Datum*), bool)[m[K‚Äô
             HashAggregateUdfMerge, HashAggregateUdfFinalize, /*ordered=*/false[01;31m[K)[m[K;
                                                                               [01;31m[K^[m[K
      In file included from [01m[K/usr/local/include/arrow/compute/function.h:27[m[K,
                       from [01m[K/tmp/pip-install-axwe4a6r/pyarrow_683463ce3b16416ebf396d17ad948b86/pyarrow/src/arrow/python/udf.h:21[m[K,
                       from [01m[K/tmp/pip-install-axwe4a6r/pyarrow_683463ce3b16416ebf396d17ad948b86/pyarrow/src/arrow/python/udf.cc:18[m[K:
      [01m[K/usr/local/include/arrow/compute/kernel.h:709:3:[m[K [01;36m[Knote: [m[Kcandidate: ‚Äò[01m[Karrow::compute::HashAggregateKernel::HashAggregateKernel(std::vector<arrow::compute::InputType>, arrow::compute::OutputType, arrow::compute::KernelInit, arrow::compute::HashAggregateConsume, arrow::compute::HashAggregateResize, arrow::compute::HashAggregateMerge, arrow::compute::HashAggregateFinalize)[m[K‚Äô
         [01;36m[KHashAggregateKernel[m[K(std::vector<InputType> in_types, OutputType out_type,
         [01;36m[K^~~~~~~~~~~~~~~~~~~[m[K
      [01m[K/usr/local/include/arrow/compute/kernel.h:709:3:[m[K [01;36m[Knote: [m[K  no known conversion for argument 1 from ‚Äò[01m[Kstd::remove_reference<std::shared_ptr<arrow::compute::KernelSignature>&>::type[m[K‚Äô {aka ‚Äò[01m[Kstd::shared_ptr<arrow::compute::KernelSignature>[m[K‚Äô} to ‚Äò[01m[Kstd::vector<arrow::compute::InputType>[m[K‚Äô
      [01m[K/usr/local/include/arrow/compute/kernel.h:700:3:[m[K [01;36m[Knote: [m[Kcandidate: ‚Äò[01m[Karrow::compute::HashAggregateKernel::HashAggregateKernel(std::shared_ptr<arrow::compute::KernelSignature>, arrow::compute::KernelInit, arrow::compute::HashAggregateResize, arrow::compute::HashAggregateConsume, arrow::compute::HashAggregateMerge, arrow::compute::HashAggregateFinalize)[m[K‚Äô
         [01;36m[KHashAggregateKernel[m[K(std::shared_ptr<KernelSignature> sig, KernelInit init,
         [01;36m[K^~~~~~~~~~~~~~~~~~~[m[K
      [01m[K/usr/local/include/arrow/compute/kernel.h:700:3:[m[K [01;36m[Knote: [m[K  candidate expects 6 arguments, 7 provided
      [01m[K/usr/local/include/arrow/compute/kernel.h:698:3:[m[K [01;36m[Knote: [m[Kcandidate: ‚Äò[01m[Karrow::compute::HashAggregateKernel::HashAggregateKernel()[m[K‚Äô
         [01;36m[KHashAggregateKernel[m[K() = default;
         [01;36m[K^~~~~~~~~~~~~~~~~~~[m[K
      [01m[K/usr/local/include/arrow/compute/kernel.h:698:3:[m[K [01;36m[Knote: [m[K  candidate expects 0 arguments, 7 provided
      [01m[K/usr/local/include/arrow/compute/kernel.h:697:21:[m[K [01;36m[Knote: [m[Kcandidate: ‚Äò[01m[Karrow::compute::HashAggregateKernel::HashAggregateKernel(const arrow::compute::HashAggregateKernel&)[m[K‚Äô
       struct ARROW_EXPORT [01;36m[KHashAggregateKernel[m[K : public Kernel {
                           [01;36m[K^~~~~~~~~~~~~~~~~~~[m[K
      [01m[K/usr/local/include/arrow/compute/kernel.h:697:21:[m[K [01;36m[Knote: [m[K  candidate expects 1 argument, 7 provided
      [01m[K/usr/local/include/arrow/compute/kernel.h:697:21:[m[K [01;36m[Knote: [m[Kcandidate: ‚Äò[01m[Karrow::compute::HashAggregateKernel::HashAggregateKernel(arrow::compute::HashAggregateKernel&&)[m[K‚Äô
      [01m[K/usr/local/include/arrow/compute/kernel.h:697:21:[m[K [01;36m[Knote: [m[K  candidate expects 1 argument, 7 provided
      gmake[2]: *** [CMakeFiles/arrow_python.dir/build.make:395: CMakeFiles/arrow_python.dir/pyarrow/src/arrow/python/udf.cc.o] Error 1
      gmake[1]: *** [CMakeFiles/Makefile2:108: CMakeFiles/arrow_python.dir/all] Error 2
      gmake: *** [Makefile:136: all] Error 2
      error: command '/usr/local/bin/cmake' failed with exit code 2
      [end of output]
  
  note: This error originates from a subprocess, and is likely not a problem with pip.
  ERROR: Failed building wheel for pyarrow
Failed to build pyarrow
ERROR: Could not build wheels for pyarrow, which is required to install pyproject.toml-based projects
