GLOB sdist-make: /workdir/django-model-utils-4.3.1/setup.py
cpythonlibtest-unit-test-tests create: /workdir/django-model-utils-4.3.1/.tox/cpythonlibtest-unit-test-tests
cpythonlibtest-unit-test-tests installdeps: mock, pytest, -rrequirements-test.txt, -rrequirements.txt
cpythonlibtest-unit-test-tests inst: /workdir/django-model-utils-4.3.1/.tox/.tmp/package/1/django-model-utils-4.3.1.zip
cpythonlibtest-unit-test-tests installed: alabaster==0.7.13,asgiref==3.7.2,attrs==23.1.0,Babel==2.13.1,cachetools==5.3.2,certifi==2023.11.17,cffi==1.16.0,chardet==5.2.0,charset-normalizer==3.3.2,colorama==0.4.6,coverage==7.3.2,cryptography==41.0.5,distlib==0.3.7,Django==4.2.7,django-model-utils @ file:///workdir/django-model-utils-4.3.1/.tox/.tmp/package/1/django-model-utils-4.3.1.zip#sha256=ed6edea48302188af514a2cecd7a4aa3a2623db1bef3955241abb262facd9c46,docutils==0.20.1,filelock==3.13.1,freezegun==1.2.2,idna==3.4,imagesize==1.4.1,importlib-metadata==6.8.0,iniconfig==2.0.0,jaraco.classes==3.3.0,jeepney==0.8.0,Jinja2==3.1.2,keyring==24.3.0,markdown-it-py==3.0.0,MarkupSafe==2.1.3,mdurl==0.1.2,mock==5.1.0,more-itertools==10.1.0,nh3==0.2.14,packaging==23.2,pkginfo==1.9.6,platformdirs==3.11.0,pluggy==1.3.0,psycopg2-binary==2.8.6,py==1.11.0,pycparser==2.21,Pygments==2.17.1,pyproject-api==1.6.1,pytest==6.2.5,pytest-cov==2.10.1,pytest-django==3.10.0,python-dateutil==2.8.2,readme-renderer==42.0,requests==2.31.0,requests-toolbelt==1.0.0,rfc3986==2.0.0,rich==13.7.0,SecretStorage==3.3.3,six==1.16.0,snowballstemmer==2.2.0,Sphinx==7.2.6,sphinxcontrib-applehelp==1.0.7,sphinxcontrib-devhelp==1.0.5,sphinxcontrib-htmlhelp==2.0.4,sphinxcontrib-jsmath==1.0.1,sphinxcontrib-qthelp==1.0.6,sphinxcontrib-serializinghtml==1.1.9,sqlparse==0.4.4,toml==0.10.2,tomli==2.0.1,tox==4.11.3,twine==4.0.2,typing_extensions==4.8.0,urllib3==2.1.0,virtualenv==20.24.6,zipp==3.17.0
cpythonlibtest-unit-test-tests run-test-pre: PYTHONHASHSEED='1290557279'
cpythonlibtest-unit-test-tests run-test: commands[0] | pytest -v --tb=native --junitxml /workdir/results/django-model-utils/4.3.1/1/cpython-test-results.xml
Traceback (most recent call last):
  File "/workdir/django-model-utils-4.3.1/.tox/cpythonlibtest-unit-test-tests/lib/python3.10/site-packages/pytest_django/plugin.py", line 170, in _handle_import_error
    yield
  File "/workdir/django-model-utils-4.3.1/.tox/cpythonlibtest-unit-test-tests/lib/python3.10/site-packages/pytest_django/plugin.py", line 323, in pytest_load_initial_conftests
    dj_settings.DATABASES
  File "/workdir/django-model-utils-4.3.1/.tox/cpythonlibtest-unit-test-tests/lib/python3.10/site-packages/django/conf/__init__.py", line 102, in __getattr__
    self._setup(name)
  File "/workdir/django-model-utils-4.3.1/.tox/cpythonlibtest-unit-test-tests/lib/python3.10/site-packages/django/conf/__init__.py", line 89, in _setup
    self._wrapped = Settings(settings_module)
  File "/workdir/django-model-utils-4.3.1/.tox/cpythonlibtest-unit-test-tests/lib/python3.10/site-packages/django/conf/__init__.py", line 217, in __init__
    mod = importlib.import_module(self.SETTINGS_MODULE)
  File "/usr/local/lib/python3.10/importlib/__init__.py", line 126, in import_module
    return _bootstrap._gcd_import(name[level:], package, level)
  File "<frozen importlib._bootstrap>", line 1050, in _gcd_import
  File "<frozen importlib._bootstrap>", line 1027, in _find_and_load
  File "<frozen importlib._bootstrap>", line 992, in _find_and_load_unlocked
  File "<frozen importlib._bootstrap>", line 241, in _call_with_frames_removed
  File "<frozen importlib._bootstrap>", line 1050, in _gcd_import
  File "<frozen importlib._bootstrap>", line 1027, in _find_and_load
  File "<frozen importlib._bootstrap>", line 1004, in _find_and_load_unlocked
ModuleNotFoundError: No module named 'tests'

During handling of the above exception, another exception occurred:

Traceback (most recent call last):
  File "/workdir/django-model-utils-4.3.1/.tox/cpythonlibtest-unit-test-tests/bin/pytest", line 8, in <module>
    sys.exit(console_main())
  File "/workdir/django-model-utils-4.3.1/.tox/cpythonlibtest-unit-test-tests/lib/python3.10/site-packages/_pytest/config/__init__.py", line 185, in console_main
    code = main()
  File "/workdir/django-model-utils-4.3.1/.tox/cpythonlibtest-unit-test-tests/lib/python3.10/site-packages/_pytest/config/__init__.py", line 143, in main
    config = _prepareconfig(args, plugins)
  File "/workdir/django-model-utils-4.3.1/.tox/cpythonlibtest-unit-test-tests/lib/python3.10/site-packages/_pytest/config/__init__.py", line 318, in _prepareconfig
    config = pluginmanager.hook.pytest_cmdline_parse(
  File "/workdir/django-model-utils-4.3.1/.tox/cpythonlibtest-unit-test-tests/lib/python3.10/site-packages/pluggy/_hooks.py", line 493, in __call__
    return self._hookexec(self.name, self._hookimpls, kwargs, firstresult)
  File "/workdir/django-model-utils-4.3.1/.tox/cpythonlibtest-unit-test-tests/lib/python3.10/site-packages/pluggy/_manager.py", line 115, in _hookexec
    return self._inner_hookexec(hook_name, methods, kwargs, firstresult)
  File "/workdir/django-model-utils-4.3.1/.tox/cpythonlibtest-unit-test-tests/lib/python3.10/site-packages/pluggy/_callers.py", line 130, in _multicall
    teardown[0].send(outcome)
  File "/workdir/django-model-utils-4.3.1/.tox/cpythonlibtest-unit-test-tests/lib/python3.10/site-packages/_pytest/helpconfig.py", line 100, in pytest_cmdline_parse
    config: Config = outcome.get_result()
  File "/workdir/django-model-utils-4.3.1/.tox/cpythonlibtest-unit-test-tests/lib/python3.10/site-packages/pluggy/_result.py", line 114, in get_result
    raise exc.with_traceback(exc.__traceback__)
  File "/workdir/django-model-utils-4.3.1/.tox/cpythonlibtest-unit-test-tests/lib/python3.10/site-packages/pluggy/_callers.py", line 77, in _multicall
    res = hook_impl.function(*args)
  File "/workdir/django-model-utils-4.3.1/.tox/cpythonlibtest-unit-test-tests/lib/python3.10/site-packages/_pytest/config/__init__.py", line 1003, in pytest_cmdline_parse
    self.parse(args)
  File "/workdir/django-model-utils-4.3.1/.tox/cpythonlibtest-unit-test-tests/lib/python3.10/site-packages/_pytest/config/__init__.py", line 1283, in parse
    self._preparse(args, addopts=addopts)
  File "/workdir/django-model-utils-4.3.1/.tox/cpythonlibtest-unit-test-tests/lib/python3.10/site-packages/_pytest/config/__init__.py", line 1191, in _preparse
    self.hook.pytest_load_initial_conftests(
  File "/workdir/django-model-utils-4.3.1/.tox/cpythonlibtest-unit-test-tests/lib/python3.10/site-packages/pluggy/_hooks.py", line 493, in __call__
    return self._hookexec(self.name, self._hookimpls, kwargs, firstresult)
  File "/workdir/django-model-utils-4.3.1/.tox/cpythonlibtest-unit-test-tests/lib/python3.10/site-packages/pluggy/_manager.py", line 115, in _hookexec
    return self._inner_hookexec(hook_name, methods, kwargs, firstresult)
  File "/workdir/django-model-utils-4.3.1/.tox/cpythonlibtest-unit-test-tests/lib/python3.10/site-packages/pluggy/_callers.py", line 152, in _multicall
    return outcome.get_result()
  File "/workdir/django-model-utils-4.3.1/.tox/cpythonlibtest-unit-test-tests/lib/python3.10/site-packages/pluggy/_result.py", line 114, in get_result
    raise exc.with_traceback(exc.__traceback__)
  File "/workdir/django-model-utils-4.3.1/.tox/cpythonlibtest-unit-test-tests/lib/python3.10/site-packages/pluggy/_callers.py", line 77, in _multicall
    res = hook_impl.function(*args)
  File "/workdir/django-model-utils-4.3.1/.tox/cpythonlibtest-unit-test-tests/lib/python3.10/site-packages/pytest_django/plugin.py", line 322, in pytest_load_initial_conftests
    with _handle_import_error(_django_project_scan_outcome):
  File "/usr/local/lib/python3.10/contextlib.py", line 153, in __exit__
    self.gen.throw(typ, value, traceback)
  File "/workdir/django-model-utils-4.3.1/.tox/cpythonlibtest-unit-test-tests/lib/python3.10/site-packages/pytest_django/plugin.py", line 174, in _handle_import_error
    raise ImportError(msg)
ImportError: No module named 'tests'

pytest-django did not search for Django projects since it is disabled in the configuration ("django_find_project = false")
ERROR: InvocationError for command /workdir/django-model-utils-4.3.1/.tox/cpythonlibtest-unit-test-tests/bin/pytest -v --tb=native --junitxml /workdir/results/django-model-utils/4.3.1/1/cpython-test-results.xml (exited with code 1)
___________________________________ summary ____________________________________
ERROR:   cpythonlibtest-unit-test-tests: commands failed
