<?xml version="1.0" encoding="utf-8"?><testsuites><testsuite name="pytest" errors="5" failures="0" skipped="0" tests="5" time="0.273" timestamp="2023-11-30T02:59:30.041076" hostname="be2d8ee410eb"><testcase classname="" name="tests.test_base_table.test_table" time="0.000"><error message="collection failure">ImportError while importing test module '/workdir/terminaltables-3.1.10/tests/test_base_table/test_table.py'.
Hint: make sure your test modules/packages have valid Python names.
Traceback:
/usr/local/lib/python3.10/importlib/__init__.py:126: in import_module
    return _bootstrap._gcd_import(name[level:], package, level)
tests/test_base_table/test_table.py:4: in &lt;module&gt;
    from colorama import Fore
E   ModuleNotFoundError: No module named 'colorama'</error></testcase><testcase classname="" name="tests.test_build.test_build_border" time="0.000"><error message="collection failure">ImportError while importing test module '/workdir/terminaltables-3.1.10/tests/test_build/test_build_border.py'.
Hint: make sure your test modules/packages have valid Python names.
Traceback:
/usr/local/lib/python3.10/importlib/__init__.py:126: in import_module
    return _bootstrap._gcd_import(name[level:], package, level)
tests/test_build/test_build_border.py:5: in &lt;module&gt;
    from colorama import Fore, Style
E   ModuleNotFoundError: No module named 'colorama'</error></testcase><testcase classname="" name="tests.test_width_and_alignment.test_align_and_pad_cell" time="0.000"><error message="collection failure">ImportError while importing test module '/workdir/terminaltables-3.1.10/tests/test_width_and_alignment/test_align_and_pad_cell.py'.
Hint: make sure your test modules/packages have valid Python names.
Traceback:
/usr/local/lib/python3.10/importlib/__init__.py:126: in import_module
    return _bootstrap._gcd_import(name[level:], package, level)
tests/test_width_and_alignment/test_align_and_pad_cell.py:5: in &lt;module&gt;
    from colorama import Fore
E   ModuleNotFoundError: No module named 'colorama'</error></testcase><testcase classname="" name="tests.test_width_and_alignment.test_max_dimensions" time="0.000"><error message="collection failure">ImportError while importing test module '/workdir/terminaltables-3.1.10/tests/test_width_and_alignment/test_max_dimensions.py'.
Hint: make sure your test modules/packages have valid Python names.
Traceback:
/usr/local/lib/python3.10/importlib/__init__.py:126: in import_module
    return _bootstrap._gcd_import(name[level:], package, level)
tests/test_width_and_alignment/test_max_dimensions.py:5: in &lt;module&gt;
    from colorama import Fore
E   ModuleNotFoundError: No module named 'colorama'</error></testcase><testcase classname="" name="tests.test_width_and_alignment.test_visible_width" time="0.000"><error message="collection failure">ImportError while importing test module '/workdir/terminaltables-3.1.10/tests/test_width_and_alignment/test_visible_width.py'.
Hint: make sure your test modules/packages have valid Python names.
Traceback:
/usr/local/lib/python3.10/importlib/__init__.py:126: in import_module
    return _bootstrap._gcd_import(name[level:], package, level)
tests/test_width_and_alignment/test_visible_width.py:5: in &lt;module&gt;
    from colorama import Fore
E   ModuleNotFoundError: No module named 'colorama'</error></testcase></testsuite></testsuites>