<?xml version="1.0" encoding="utf-8"?><testsuites><testsuite name="pytest" errors="0" failures="10" skipped="1" tests="278" time="7.416" timestamp="2023-11-22T01:55:16.409263" hostname="80ac3eb7f7f2"><testcase classname="test.test_actor.TestActor" name="test_from_string_should_handle_just_name" time="0.021" /><testcase classname="test.test_actor.TestActor" name="test_from_string_should_separate_name_and_email" time="0.001" /><testcase classname="test.test_actor.TestActor" name="test_should_display_representation" time="0.001" /><testcase classname="test.test_actor.TestActor" name="test_str_should_alias_name" time="0.001" /><testcase classname="test.test_base.TestBase" name="test_add_unicode" time="0.052"><failure message="TypeError: HEAD is a detached symbolic reference as it points to '9a4b1d4d11eee3c5362a4152216376e634bd14cf'">Traceback (most recent call last):
  File "/usr/local/lib/python3.10/unittest/case.py", line 59, in testPartExecutor
    yield
  File "/usr/local/lib/python3.10/unittest/case.py", line 591, in run
    self._callTestMethod(testMethod)
  File "/usr/local/lib/python3.10/unittest/case.py", line 549, in _callTestMethod
    method()
  File "/workdir/GitPython-3.1.29/test/lib/helper.py", line 144, in repo_creator
    rw_repo.head.reference.checkout()
  File "/workdir/GitPython-3.1.29/git/refs/symbolic.py", line 309, in _get_reference
    raise TypeError("%s is a detached symbolic reference as it points to %r" % (self, sha))
TypeError: HEAD is a detached symbolic reference as it points to '9a4b1d4d11eee3c5362a4152216376e634bd14cf'</failure></testcase><testcase classname="test.test_base.TestBase" name="test_base_object" time="0.023" /><testcase classname="test.test_base.TestBase" name="test_get_object_type_by_name" time="0.013" /><testcase classname="test.test_base.TestBase" name="test_object_resolution" time="0.013"><failure message="TypeError: HEAD is a detached symbolic reference as it points to '19aaa74aafc06663644d634f33bb8af871d58536'">Traceback (most recent call last):
  File "/usr/local/lib/python3.10/unittest/case.py", line 59, in testPartExecutor
    yield
  File "/usr/local/lib/python3.10/unittest/case.py", line 591, in run
    self._callTestMethod(testMethod)
  File "/usr/local/lib/python3.10/unittest/case.py", line 549, in _callTestMethod
    method()
  File "/workdir/GitPython-3.1.29/test/test_base.py", line 95, in test_object_resolution
    self.assertEqual(self.rorepo.head.reference.object, self.rorepo.active_branch.object)
  File "/workdir/GitPython-3.1.29/git/refs/symbolic.py", line 309, in _get_reference
    raise TypeError("%s is a detached symbolic reference as it points to %r" % (self, sha))
TypeError: HEAD is a detached symbolic reference as it points to '19aaa74aafc06663644d634f33bb8af871d58536'</failure></testcase><testcase classname="test.test_base.TestBase" name="test_with_bare_rw_repo" time="0.062" /><testcase classname="test.test_base.TestBase" name="test_with_rw_remote_and_rw_repo" time="0.089"><failure message="TypeError: HEAD is a detached symbolic reference as it points to '9a4b1d4d11eee3c5362a4152216376e634bd14cf'">Traceback (most recent call last):
  File "/usr/local/lib/python3.10/unittest/case.py", line 59, in testPartExecutor
    yield
  File "/usr/local/lib/python3.10/unittest/case.py", line 591, in run
    self._callTestMethod(testMethod)
  File "/usr/local/lib/python3.10/unittest/case.py", line 549, in _callTestMethod
    method()
  File "/workdir/GitPython-3.1.29/test/lib/helper.py", line 284, in remote_repo_creator
    rw_repo.head.reference.checkout()
  File "/workdir/GitPython-3.1.29/git/refs/symbolic.py", line 309, in _get_reference
    raise TypeError("%s is a detached symbolic reference as it points to %r" % (self, sha))
TypeError: HEAD is a detached symbolic reference as it points to '9a4b1d4d11eee3c5362a4152216376e634bd14cf'</failure></testcase><testcase classname="test.test_base.TestBase" name="test_with_rw_repo" time="0.034"><failure message="TypeError: HEAD is a detached symbolic reference as it points to '9a4b1d4d11eee3c5362a4152216376e634bd14cf'">Traceback (most recent call last):
  File "/usr/local/lib/python3.10/unittest/case.py", line 59, in testPartExecutor
    yield
  File "/usr/local/lib/python3.10/unittest/case.py", line 591, in run
    self._callTestMethod(testMethod)
  File "/usr/local/lib/python3.10/unittest/case.py", line 549, in _callTestMethod
    method()
  File "/workdir/GitPython-3.1.29/test/lib/helper.py", line 144, in repo_creator
    rw_repo.head.reference.checkout()
  File "/workdir/GitPython-3.1.29/git/refs/symbolic.py", line 309, in _get_reference
    raise TypeError("%s is a detached symbolic reference as it points to %r" % (self, sha))
TypeError: HEAD is a detached symbolic reference as it points to '9a4b1d4d11eee3c5362a4152216376e634bd14cf'</failure></testcase><testcase classname="test.test_blob.TestBlob" name="test_mime_type_should_return_mime_type_for_known_types" time="0.021" /><testcase classname="test.test_blob.TestBlob" name="test_mime_type_should_return_text_plain_for_unknown_types" time="0.001" /><testcase classname="test.test_blob.TestBlob" name="test_nodict" time="0.005" /><testcase classname="test.test_blob_filter" name="test_blob_filter[paths0-path0-True]" time="0.002" /><testcase classname="test.test_blob_filter" name="test_blob_filter[paths1-path1-True]" time="0.001" /><testcase classname="test.test_blob_filter" name="test_blob_filter[paths2-path2-False]" time="0.002" /><testcase classname="test.test_blob_filter" name="test_blob_filter[paths3-path3-True]" time="0.001" /><testcase classname="test.test_clone.TestClone" name="test_checkout_in_non_empty_dir" time="0.043" /><testcase classname="test.test_commit.TestCommit" name="test_ambiguous_arg_iteration" time="0.053" /><testcase classname="test.test_commit.TestCommit" name="test_bake" time="0.004" /><testcase classname="test.test_commit.TestCommit" name="test_commit_co_authors" time="0.002" /><testcase classname="test.test_commit.TestCommit" name="test_count" time="0.004" /><testcase classname="test.test_commit.TestCommit" name="test_datetimes" time="0.001" /><testcase classname="test.test_commit.TestCommit" name="test_equality" time="0.001" /><testcase classname="test.test_commit.TestCommit" name="test_gpgsig" time="0.007" /><testcase classname="test.test_commit.TestCommit" name="test_invalid_commit" time="0.001" /><testcase classname="test.test_commit.TestCommit" name="test_iter_items" time="0.001" /><testcase classname="test.test_commit.TestCommit" name="test_iter_parents" time="0.006" /><testcase classname="test.test_commit.TestCommit" name="test_iteration" time="0.069"><failure message="git.exc.GitCommandError: Cmd('git') failed due to: exit code(128)&#10;  cmdline: git rev-list master -- CHANGES AUTHORS&#10;  stderr: 'fatal: bad revision 'master'&#10;'">Traceback (most recent call last):
  File "/usr/local/lib/python3.10/unittest/case.py", line 59, in testPartExecutor
    yield
  File "/usr/local/lib/python3.10/unittest/case.py", line 591, in run
    self._callTestMethod(testMethod)
  File "/usr/local/lib/python3.10/unittest/case.py", line 549, in _callTestMethod
    method()
  File "/workdir/GitPython-3.1.29/test/test_commit.py", line 242, in test_iteration
    less_ltd_commits = list(Commit.iter_items(self.rorepo, "master", paths=("CHANGES", "AUTHORS")))
  File "/workdir/GitPython-3.1.29/git/objects/commit.py", line 426, in _iter_from_process_or_stream
    finalize_process(proc_or_stream)
  File "/workdir/GitPython-3.1.29/git/util.py", line 419, in finalize_process
    proc.wait(**kwargs)
  File "/workdir/GitPython-3.1.29/git/cmd.py", line 559, in wait
    raise GitCommandError(remove_password_if_present(self.args), status, errstr)
git.exc.GitCommandError: Cmd('git') failed due to: exit code(128)
  cmdline: git rev-list master -- CHANGES AUTHORS
  stderr: 'fatal: bad revision 'master'
'</failure></testcase><testcase classname="test.test_commit.TestCommit" name="test_list" time="0.003" /><testcase classname="test.test_commit.TestCommit" name="test_name_rev" time="0.009" /><testcase classname="test.test_commit.TestCommit" name="test_replace_invalid_attribute" time="0.001" /><testcase classname="test.test_commit.TestCommit" name="test_replace_new_sha" time="0.002" /><testcase classname="test.test_commit.TestCommit" name="test_replace_no_changes" time="0.001" /><testcase classname="test.test_commit.TestCommit" name="test_repr" time="0.001" /><testcase classname="test.test_commit.TestCommit" name="test_rev_list_bisect_all" time="0.004" /><testcase classname="test.test_commit.TestCommit" name="test_serialization" time="0.165" /><testcase classname="test.test_commit.TestCommit" name="test_serialization_unicode_support" time="0.002" /><testcase classname="test.test_commit.TestCommit" name="test_stats" time="0.006" /><testcase classname="test.test_commit.TestCommit" name="test_str" time="0.001" /><testcase classname="test.test_commit.TestCommit" name="test_trailers" time="0.003"><failure message="gitdb.exc.BadName: Ref 'master' did not resolve to an object">Traceback (most recent call last):
  File "/usr/local/lib/python3.10/unittest/case.py", line 59, in testPartExecutor
    yield
  File "/usr/local/lib/python3.10/unittest/case.py", line 591, in run
    self._callTestMethod(testMethod)
  File "/usr/local/lib/python3.10/unittest/case.py", line 549, in _callTestMethod
    method()
  File "/workdir/GitPython-3.1.29/test/test_commit.py", line 482, in test_trailers
    commit = self.rorepo.commit("master")
  File "/workdir/GitPython-3.1.29/git/repo/base.py", line 590, in commit
    return self.rev_parse(str(rev) + "^0")
  File "/workdir/GitPython-3.1.29/git/repo/fun.py", line 249, in rev_parse
    obj = cast(Commit_ish, name_to_object(repo, rev[:start]))
  File "/workdir/GitPython-3.1.29/git/repo/fun.py", line 183, in name_to_object
    raise BadName(name)
gitdb.exc.BadName: Ref 'master' did not resolve to an object</failure></testcase><testcase classname="test.test_commit.TestCommit" name="test_traversal" time="0.049" /><testcase classname="test.test_commit.TestCommit" name="test_unicode_actor" time="0.002" /><testcase classname="test.test_config.TestBase" name="test_add_to_multiple" time="0.002" /><testcase classname="test.test_config.TestBase" name="test_base" time="0.005" /><testcase classname="test.test_config.TestBase" name="test_complex_aliases" time="0.001" /><testcase classname="test.test_config.TestBase" name="test_conditional_includes_from_branch_name" time="0.024" /><testcase classname="test.test_config.TestBase" name="test_conditional_includes_from_branch_name_error" time="0.020" /><testcase classname="test.test_config.TestBase" name="test_conditional_includes_from_git_dir" time="0.025" /><testcase classname="test.test_config.TestBase" name="test_config_include" time="0.029" /><testcase classname="test.test_config.TestBase" name="test_empty_config_value" time="0.001" /><testcase classname="test.test_config.TestBase" name="test_includes_order" time="0.005"><skipped type="pytest.skip" message="Known failure -- included values are not in effect right away">/workdir/GitPython-3.1.29/test/test_config.py:94: Known failure -- included values are not in effect right away</skipped></testcase><testcase classname="test.test_config.TestBase" name="test_lock_reentry" time="0.023" /><testcase classname="test.test_config.TestBase" name="test_multi_line_config" time="0.003" /><testcase classname="test.test_config.TestBase" name="test_multiple_to_single" time="0.002" /><testcase classname="test.test_config.TestBase" name="test_multiple_values" time="0.002" /><testcase classname="test.test_config.TestBase" name="test_multiple_values_rename" time="0.002" /><testcase classname="test.test_config.TestBase" name="test_read_write" time="0.004" /><testcase classname="test.test_config.TestBase" name="test_rename" time="0.002" /><testcase classname="test.test_config.TestBase" name="test_setlast" time="0.001" /><testcase classname="test.test_config.TestBase" name="test_single_to_multiple" time="0.002" /><testcase classname="test.test_db.TestDB" name="test_base" time="0.024" /><testcase classname="test.test_diff.TestDiff" name="test_binary_diff_1" time="0.034" /><testcase classname="test.test_diff.TestDiff" name="test_binary_diff_2" time="0.015" /><testcase classname="test.test_diff.TestDiff" name="test_diff_file_with_colon" time="0.016" /><testcase classname="test.test_diff.TestDiff" name="test_diff_index" time="0.016" /><testcase classname="test.test_diff.TestDiff" name="test_diff_index_raw_format" time="0.015" /><testcase classname="test.test_diff.TestDiff" name="test_diff_initial_commit" time="0.122" /><testcase classname="test.test_diff.TestDiff" name="test_diff_interface" time="2.097" /><testcase classname="test.test_diff.TestDiff" name="test_diff_of_modified_files_not_added_to_the_index" time="0.025" /><testcase classname="test.test_diff.TestDiff" name="test_diff_patch_format" time="0.074" /><testcase classname="test.test_diff.TestDiff" name="test_diff_submodule" time="0.104" /><testcase classname="test.test_diff.TestDiff" name="test_diff_unsafe_paths" time="0.021" /><testcase classname="test.test_diff.TestDiff" name="test_diff_with_change_in_type" time="0.054" /><testcase classname="test.test_diff.TestDiff" name="test_diff_with_copied_file" time="0.052" /><testcase classname="test.test_diff.TestDiff" name="test_diff_with_rename" time="0.036" /><testcase classname="test.test_diff.TestDiff" name="test_diff_with_spaces" time="0.025" /><testcase classname="test.test_diff.TestDiff" name="test_diff_with_staged_file" time="0.111" /><testcase classname="test.test_diff.TestDiff" name="test_empty_diff" time="0.029" /><testcase classname="test.test_diff.TestDiff" name="test_list_from_string_new_mode" time="0.035" /><testcase classname="test.test_docs.Tutorials" name="test_add_file_and_commit" time="0.074" /><testcase classname="test.test_docs.Tutorials" name="test_init_repo_object" time="0.100"><failure message="TypeError: HEAD is a detached symbolic reference as it points to '19aaa74aafc06663644d634f33bb8af871d58536'">Traceback (most recent call last):
  File "/usr/local/lib/python3.10/unittest/case.py", line 59, in testPartExecutor
    yield
  File "/usr/local/lib/python3.10/unittest/case.py", line 591, in run
    self._callTestMethod(testMethod)
  File "/usr/local/lib/python3.10/unittest/case.py", line 549, in _callTestMethod
    method()
  File "/workdir/GitPython-3.1.29/test/lib/helper.py", line 98, in wrapper
    return func(self, path)
  File "/workdir/GitPython-3.1.29/test/test_docs.py", line 78, in test_init_repo_object
    repo.head.ref,
  File "/workdir/GitPython-3.1.29/git/refs/symbolic.py", line 309, in _get_reference
    raise TypeError("%s is a detached symbolic reference as it points to %r" % (self, sha))
TypeError: HEAD is a detached symbolic reference as it points to '19aaa74aafc06663644d634f33bb8af871d58536'</failure></testcase><testcase classname="test.test_docs.Tutorials" name="test_references_and_objects" time="0.242" /><testcase classname="test.test_docs.Tutorials" name="test_submodules" time="0.033" /><testcase classname="test.test_exc.TExc" name="test_CommandError_unicode_001____cmd______None__None___None_" time="0.013" /><testcase classname="test.test_exc.TExc" name="test_CommandError_unicode_002____cmd______None__None____steram__" time="0.001" /><testcase classname="test.test_exc.TExc" name="test_CommandError_unicode_003____cmd______None__None____ομορφο_stream__" time="0.001" /><testcase classname="test.test_exc.TExc" name="test_CommandError_unicode_004____cmd______7___exit_code_7_____None_" time="0.001" /><testcase classname="test.test_exc.TExc" name="test_CommandError_unicode_005____cmd______7___exit_code_7______steram__" time="0.001" /><testcase classname="test.test_exc.TExc" name="test_CommandError_unicode_006____cmd______7___exit_code_7______ομορφο_stream__" time="0.001" /><testcase classname="test.test_exc.TExc" name="test_CommandError_unicode_007____cmd_______Some_string_____Some_string_____None_" time="0.001" /><testcase classname="test.test_exc.TExc" name="test_CommandError_unicode_008____cmd_______Some_string_____Some_string______steram__" time="0.001" /><testcase classname="test.test_exc.TExc" name="test_CommandError_unicode_009____cmd_______Some_string_____Some_string______ομορφο_stream__" time="0.001" /><testcase classname="test.test_exc.TExc" name="test_CommandError_unicode_010____cmd_______παλιο_string_____παλιο_string_____None_" time="0.001" /><testcase classname="test.test_exc.TExc" name="test_CommandError_unicode_011____cmd_______παλιο_string_____παλιο_string______steram__" time="0.001" /><testcase classname="test.test_exc.TExc" name="test_CommandError_unicode_012____cmd_______παλιο_string_____παλιο_string______ομορφο_stream__" time="0.001" /><testcase classname="test.test_exc.TExc" name="test_CommandError_unicode_013" time="0.001" /><testcase classname="test.test_exc.TExc" name="test_CommandError_unicode_014" time="0.001" /><testcase classname="test.test_exc.TExc" name="test_CommandError_unicode_015" time="0.001" /><testcase classname="test.test_exc.TExc" name="test_CommandError_unicode_016" time="0.001" /><testcase classname="test.test_exc.TExc" name="test_CommandError_unicode_017" time="0.001" /><testcase classname="test.test_exc.TExc" name="test_CommandError_unicode_018" time="0.001" /><testcase classname="test.test_exc.TExc" name="test_CommandError_unicode_019" time="0.001" /><testcase classname="test.test_exc.TExc" name="test_CommandError_unicode_020" time="0.001" /><testcase classname="test.test_exc.TExc" name="test_CommandError_unicode_021" time="0.001" /><testcase classname="test.test_exc.TExc" name="test_CommandError_unicode_022____θνιψοδε______None__None___None_" time="0.001" /><testcase classname="test.test_exc.TExc" name="test_CommandError_unicode_023____θνιψοδε______None__None____steram__" time="0.001" /><testcase classname="test.test_exc.TExc" name="test_CommandError_unicode_024____θνιψοδε______None__None____ομορφο_stream__" time="0.001" /><testcase classname="test.test_exc.TExc" name="test_CommandError_unicode_025____θνιψοδε______7___exit_code_7_____None_" time="0.001" /><testcase classname="test.test_exc.TExc" name="test_CommandError_unicode_026____θνιψοδε______7___exit_code_7______steram__" time="0.001" /><testcase classname="test.test_exc.TExc" name="test_CommandError_unicode_027____θνιψοδε______7___exit_code_7______ομορφο_stream__" time="0.001" /><testcase classname="test.test_exc.TExc" name="test_CommandError_unicode_028____θνιψοδε_______Some_string_____Some_string_____None_" time="0.001" /><testcase classname="test.test_exc.TExc" name="test_CommandError_unicode_029____θνιψοδε_______Some_string_____Some_string______steram__" time="0.001" /><testcase classname="test.test_exc.TExc" name="test_CommandError_unicode_030____θνιψοδε_______Some_string_____Some_string______ομορφο_stream__" time="0.001" /><testcase classname="test.test_exc.TExc" name="test_CommandError_unicode_031____θνιψοδε_______παλιο_string_____παλιο_string_____None_" time="0.001" /><testcase classname="test.test_exc.TExc" name="test_CommandError_unicode_032____θνιψοδε_______παλιο_string_____παλιο_string______steram__" time="0.001" /><testcase classname="test.test_exc.TExc" name="test_CommandError_unicode_033____θνιψοδε_______παλιο_string_____παλιο_string______ομορφο_stream__" time="0.001" /><testcase classname="test.test_exc.TExc" name="test_CommandError_unicode_034" time="0.001" /><testcase classname="test.test_exc.TExc" name="test_CommandError_unicode_035" time="0.001" /><testcase classname="test.test_exc.TExc" name="test_CommandError_unicode_036" time="0.001" /><testcase classname="test.test_exc.TExc" name="test_CommandError_unicode_037" time="0.001" /><testcase classname="test.test_exc.TExc" name="test_CommandError_unicode_038" time="0.001" /><testcase classname="test.test_exc.TExc" name="test_CommandError_unicode_039" time="0.001" /><testcase classname="test.test_exc.TExc" name="test_CommandError_unicode_040" time="0.001" /><testcase classname="test.test_exc.TExc" name="test_CommandError_unicode_041" time="0.001" /><testcase classname="test.test_exc.TExc" name="test_CommandError_unicode_042" time="0.001" /><testcase classname="test.test_exc.TExc" name="test_CommandError_unicode_043____θνιψοδε____normal____argvs_____None__None___None_" time="0.001" /><testcase classname="test.test_exc.TExc" name="test_CommandError_unicode_044____θνιψοδε____normal____argvs_____None__None____steram__" time="0.001" /><testcase classname="test.test_exc.TExc" name="test_CommandError_unicode_045____θνιψοδε____normal____argvs_____None__None____ομορφο_stream__" time="0.001" /><testcase classname="test.test_exc.TExc" name="test_CommandError_unicode_046____θνιψοδε____normal____argvs_____7___exit_code_7_____None_" time="0.001" /><testcase classname="test.test_exc.TExc" name="test_CommandError_unicode_047____θνιψοδε____normal____argvs_____7___exit_code_7______steram__" time="0.001" /><testcase classname="test.test_exc.TExc" name="test_CommandError_unicode_048____θνιψοδε____normal____argvs_____7___exit_code_7______ομορφο_stream__" time="0.001" /><testcase classname="test.test_exc.TExc" name="test_CommandError_unicode_049____θνιψοδε____normal____argvs______Some_string_____Some_string_____None_" time="0.001" /><testcase classname="test.test_exc.TExc" name="test_CommandError_unicode_050____θνιψοδε____normal____argvs______Some_string_____Some_string______steram__" time="0.001" /><testcase classname="test.test_exc.TExc" name="test_CommandError_unicode_051____θνιψοδε____normal____argvs______Some_string_____Some_string______ομορφο_stream__" time="0.001" /><testcase classname="test.test_exc.TExc" name="test_CommandError_unicode_052____θνιψοδε____normal____argvs______παλιο_string_____παλιο_string_____None_" time="0.001" /><testcase classname="test.test_exc.TExc" name="test_CommandError_unicode_053____θνιψοδε____normal____argvs______παλιο_string_____παλιο_string______steram__" time="0.001" /><testcase classname="test.test_exc.TExc" name="test_CommandError_unicode_054____θνιψοδε____normal____argvs______παλιο_string_____παλιο_string______ομορφο_stream__" time="0.001" /><testcase classname="test.test_exc.TExc" name="test_CommandError_unicode_055" time="0.001" /><testcase classname="test.test_exc.TExc" name="test_CommandError_unicode_056" time="0.001" /><testcase classname="test.test_exc.TExc" name="test_CommandError_unicode_057" time="0.001" /><testcase classname="test.test_exc.TExc" name="test_CommandError_unicode_058" time="0.001" /><testcase classname="test.test_exc.TExc" name="test_CommandError_unicode_059" time="0.001" /><testcase classname="test.test_exc.TExc" name="test_CommandError_unicode_060" time="0.001" /><testcase classname="test.test_exc.TExc" name="test_CommandError_unicode_061" time="0.001" /><testcase classname="test.test_exc.TExc" name="test_CommandError_unicode_062" time="0.001" /><testcase classname="test.test_exc.TExc" name="test_CommandError_unicode_063" time="0.001" /><testcase classname="test.test_exc.TExc" name="test_CommandError_unicode_064____cmd____ελληνικα____args_____None__None___None_" time="0.001" /><testcase classname="test.test_exc.TExc" name="test_CommandError_unicode_065____cmd____ελληνικα____args_____None__None____steram__" time="0.001" /><testcase classname="test.test_exc.TExc" name="test_CommandError_unicode_066____cmd____ελληνικα____args_____None__None____ομορφο_stream__" time="0.001" /><testcase classname="test.test_exc.TExc" name="test_CommandError_unicode_067____cmd____ελληνικα____args_____7___exit_code_7_____None_" time="0.001" /><testcase classname="test.test_exc.TExc" name="test_CommandError_unicode_068____cmd____ελληνικα____args_____7___exit_code_7______steram__" time="0.001" /><testcase classname="test.test_exc.TExc" name="test_CommandError_unicode_069____cmd____ελληνικα____args_____7___exit_code_7______ομορφο_stream__" time="0.001" /><testcase classname="test.test_exc.TExc" name="test_CommandError_unicode_070____cmd____ελληνικα____args______Some_string_____Some_string_____None_" time="0.001" /><testcase classname="test.test_exc.TExc" name="test_CommandError_unicode_071____cmd____ελληνικα____args______Some_string_____Some_string______steram__" time="0.001" /><testcase classname="test.test_exc.TExc" name="test_CommandError_unicode_072____cmd____ελληνικα____args______Some_string_____Some_string______ομορφο_stream__" time="0.001" /><testcase classname="test.test_exc.TExc" name="test_CommandError_unicode_073____cmd____ελληνικα____args______παλιο_string_____παλιο_string_____None_" time="0.001" /><testcase classname="test.test_exc.TExc" name="test_CommandError_unicode_074____cmd____ελληνικα____args______παλιο_string_____παλιο_string______steram__" time="0.001" /><testcase classname="test.test_exc.TExc" name="test_CommandError_unicode_075____cmd____ελληνικα____args______παλιο_string_____παλιο_string______ομορφο_stream__" time="0.001" /><testcase classname="test.test_exc.TExc" name="test_CommandError_unicode_076" time="0.001" /><testcase classname="test.test_exc.TExc" name="test_CommandError_unicode_077" time="0.001" /><testcase classname="test.test_exc.TExc" name="test_CommandError_unicode_078" time="0.001" /><testcase classname="test.test_exc.TExc" name="test_CommandError_unicode_079" time="0.001" /><testcase classname="test.test_exc.TExc" name="test_CommandError_unicode_080" time="0.001" /><testcase classname="test.test_exc.TExc" name="test_CommandError_unicode_081" time="0.001" /><testcase classname="test.test_exc.TExc" name="test_CommandError_unicode_082" time="0.001" /><testcase classname="test.test_exc.TExc" name="test_CommandError_unicode_083" time="0.001" /><testcase classname="test.test_exc.TExc" name="test_CommandError_unicode_084" time="0.001" /><testcase classname="test.test_exc.TExc" name="test_CommandError_unicode_085____θνιψοδε____κι____αλλα____strange____args_____None__None___None_" time="0.001" /><testcase classname="test.test_exc.TExc" name="test_CommandError_unicode_086____θνιψοδε____κι____αλλα____strange____args_____None__None____steram__" time="0.001" /><testcase classname="test.test_exc.TExc" name="test_CommandError_unicode_087____θνιψοδε____κι____αλλα____strange____args_____None__None____ομορφο_stream__" time="0.001" /><testcase classname="test.test_exc.TExc" name="test_CommandError_unicode_088____θνιψοδε____κι____αλλα____strange____args_____7___exit_code_7_____None_" time="0.001" /><testcase classname="test.test_exc.TExc" name="test_CommandError_unicode_089____θνιψοδε____κι____αλλα____strange____args_____7___exit_code_7______steram__" time="0.001" /><testcase classname="test.test_exc.TExc" name="test_CommandError_unicode_090____θνιψοδε____κι____αλλα____strange____args_____7___exit_code_7______ομορφο_stream__" time="0.001" /><testcase classname="test.test_exc.TExc" name="test_CommandError_unicode_091____θνιψοδε____κι____αλλα____strange____args______Some_string_____Some_string_____None_" time="0.001" /><testcase classname="test.test_exc.TExc" name="test_CommandError_unicode_092____θνιψοδε____κι____αλλα____strange____args______Some_string_____Some_string______steram__" time="0.001" /><testcase classname="test.test_exc.TExc" name="test_CommandError_unicode_093____θνιψοδε____κι____αλλα____strange____args______Some_string_____Some_string______ομορφο_stream__" time="0.001" /><testcase classname="test.test_exc.TExc" name="test_CommandError_unicode_094____θνιψοδε____κι____αλλα____strange____args______παλιο_string_____παλιο_string_____None_" time="0.001" /><testcase classname="test.test_exc.TExc" name="test_CommandError_unicode_095____θνιψοδε____κι____αλλα____strange____args______παλιο_string_____παλιο_string______steram__" time="0.001" /><testcase classname="test.test_exc.TExc" name="test_CommandError_unicode_096____θνιψοδε____κι____αλλα____strange____args______παλιο_string_____παλιο_string______ομορφο_stream__" time="0.001" /><testcase classname="test.test_exc.TExc" name="test_CommandError_unicode_097" time="0.001" /><testcase classname="test.test_exc.TExc" name="test_CommandError_unicode_098" time="0.001" /><testcase classname="test.test_exc.TExc" name="test_CommandError_unicode_099" time="0.001" /><testcase classname="test.test_exc.TExc" name="test_CommandError_unicode_100" time="0.001" /><testcase classname="test.test_exc.TExc" name="test_CommandError_unicode_101" time="0.001" /><testcase classname="test.test_exc.TExc" name="test_CommandError_unicode_102" time="0.001" /><testcase classname="test.test_exc.TExc" name="test_CommandError_unicode_103" time="0.001" /><testcase classname="test.test_exc.TExc" name="test_CommandError_unicode_104" time="0.001" /><testcase classname="test.test_exc.TExc" name="test_CommandError_unicode_105" time="0.001" /><testcase classname="test.test_exc.TExc" name="test_CommandError_unicode_106____θνιψοδε____κι____αλλα____non_unicode____args_____None__None___None_" time="0.001" /><testcase classname="test.test_exc.TExc" name="test_CommandError_unicode_107____θνιψοδε____κι____αλλα____non_unicode____args_____None__None____steram__" time="0.001" /><testcase classname="test.test_exc.TExc" name="test_CommandError_unicode_108____θνιψοδε____κι____αλλα____non_unicode____args_____None__None____ομορφο_stream__" time="0.001" /><testcase classname="test.test_exc.TExc" name="test_CommandError_unicode_109____θνιψοδε____κι____αλλα____non_unicode____args_____7___exit_code_7_____None_" time="0.001" /><testcase classname="test.test_exc.TExc" name="test_CommandError_unicode_110____θνιψοδε____κι____αλλα____non_unicode____args_____7___exit_code_7______steram__" time="0.001" /><testcase classname="test.test_exc.TExc" name="test_CommandError_unicode_111____θνιψοδε____κι____αλλα____non_unicode____args_____7___exit_code_7______ομορφο_stream__" time="0.001" /><testcase classname="test.test_exc.TExc" name="test_CommandError_unicode_112____θνιψοδε____κι____αλλα____non_unicode____args______Some_string_____Some_string_____None_" time="0.001" /><testcase classname="test.test_exc.TExc" name="test_CommandError_unicode_113____θνιψοδε____κι____αλλα____non_unicode____args______Some_string_____Some_string______steram__" time="0.001" /><testcase classname="test.test_exc.TExc" name="test_CommandError_unicode_114____θνιψοδε____κι____αλλα____non_unicode____args______Some_string_____Some_string______ομορφο_stream__" time="0.001" /><testcase classname="test.test_exc.TExc" name="test_CommandError_unicode_115____θνιψοδε____κι____αλλα____non_unicode____args______παλιο_string_____παλιο_string_____None_" time="0.001" /><testcase classname="test.test_exc.TExc" name="test_CommandError_unicode_116____θνιψοδε____κι____αλλα____non_unicode____args______παλιο_string_____παλιο_string______steram__" time="0.001" /><testcase classname="test.test_exc.TExc" name="test_CommandError_unicode_117____θνιψοδε____κι____αλλα____non_unicode____args______παλιο_string_____παλιο_string______ομορφο_stream__" time="0.001" /><testcase classname="test.test_exc.TExc" name="test_CommandError_unicode_118" time="0.001" /><testcase classname="test.test_exc.TExc" name="test_CommandError_unicode_119" time="0.001" /><testcase classname="test.test_exc.TExc" name="test_CommandError_unicode_120" time="0.001" /><testcase classname="test.test_exc.TExc" name="test_CommandError_unicode_121" time="0.001" /><testcase classname="test.test_exc.TExc" name="test_CommandError_unicode_122" time="0.001" /><testcase classname="test.test_exc.TExc" name="test_CommandError_unicode_123" time="0.001" /><testcase classname="test.test_exc.TExc" name="test_CommandError_unicode_124" time="0.001" /><testcase classname="test.test_exc.TExc" name="test_CommandError_unicode_125" time="0.001" /><testcase classname="test.test_exc.TExc" name="test_CommandError_unicode_126" time="0.001" /><testcase classname="test.test_exc.TExc" name="test_CommandError_unicode_127____git____clone_____v____https___fakeuser_fakepassword1234_fakerepo_example_com_testrepo_____None__None___None_" time="0.001" /><testcase classname="test.test_exc.TExc" name="test_CommandError_unicode_128____git____clone_____v____https___fakeuser_fakepassword1234_fakerepo_example_com_testrepo_____None__None____steram__" time="0.001" /><testcase classname="test.test_exc.TExc" name="test_CommandError_unicode_129____git____clone_____v____https___fakeuser_fakepassword1234_fakerepo_example_com_testrepo_____None__None____ομορφο_stream__" time="0.001" /><testcase classname="test.test_exc.TExc" name="test_CommandError_unicode_130____git____clone_____v____https___fakeuser_fakepassword1234_fakerepo_example_com_testrepo_____7___exit_code_7_____None_" time="0.001" /><testcase classname="test.test_exc.TExc" name="test_CommandError_unicode_131____git____clone_____v____https___fakeuser_fakepassword1234_fakerepo_example_com_testrepo_____7___exit_code_7______steram__" time="0.001" /><testcase classname="test.test_exc.TExc" name="test_CommandError_unicode_132____git____clone_____v____https___fakeuser_fakepassword1234_fakerepo_example_com_testrepo_____7___exit_code_7______ομορφο_stream__" time="0.001" /><testcase classname="test.test_exc.TExc" name="test_CommandError_unicode_133____git____clone_____v____https___fakeuser_fakepassword1234_fakerepo_example_com_testrepo______Some_string_____Some_string_____None_" time="0.001" /><testcase classname="test.test_exc.TExc" name="test_CommandError_unicode_134____git____clone_____v____https___fakeuser_fakepassword1234_fakerepo_example_com_testrepo______Some_string_____Some_string______steram__" time="0.001" /><testcase classname="test.test_exc.TExc" name="test_CommandError_unicode_135____git____clone_____v____https___fakeuser_fakepassword1234_fakerepo_example_com_testrepo______Some_string_____Some_string______ομορφο_stream__" time="0.001" /><testcase classname="test.test_exc.TExc" name="test_CommandError_unicode_136____git____clone_____v____https___fakeuser_fakepassword1234_fakerepo_example_com_testrepo______παλιο_string_____παλιο_string_____None_" time="0.001" /><testcase classname="test.test_exc.TExc" name="test_CommandError_unicode_137____git____clone_____v____https___fakeuser_fakepassword1234_fakerepo_example_com_testrepo______παλιο_string_____παλιο_string______steram__" time="0.001" /><testcase classname="test.test_exc.TExc" name="test_CommandError_unicode_138____git____clone_____v____https___fakeuser_fakepassword1234_fakerepo_example_com_testrepo______παλιο_string_____παλιο_string______ομορφο_stream__" time="0.001" /><testcase classname="test.test_exc.TExc" name="test_CommandError_unicode_139" time="0.001" /><testcase classname="test.test_exc.TExc" name="test_CommandError_unicode_140" time="0.001" /><testcase classname="test.test_exc.TExc" name="test_CommandError_unicode_141" time="0.001" /><testcase classname="test.test_exc.TExc" name="test_CommandError_unicode_142" time="0.001" /><testcase classname="test.test_exc.TExc" name="test_CommandError_unicode_143" time="0.001" /><testcase classname="test.test_exc.TExc" name="test_CommandError_unicode_144" time="0.001" /><testcase classname="test.test_exc.TExc" name="test_CommandError_unicode_145" time="0.001" /><testcase classname="test.test_exc.TExc" name="test_CommandError_unicode_146" time="0.001" /><testcase classname="test.test_exc.TExc" name="test_CommandError_unicode_147" time="0.001" /><testcase classname="test.test_exc.TExc" name="test_ExceptionsHaveBaseClass" time="0.001" /><testcase classname="test.test_exc.TExc" name="test_GitCommandError_1____cmd1____None_" time="0.001" /><testcase classname="test.test_exc.TExc" name="test_GitCommandError_2____cmd1_____some_cause__" time="0.001" /><testcase classname="test.test_exc.TExc" name="test_GitCommandError_3" time="0.001" /><testcase classname="test.test_exc.TExc" name="test_GitCommandNotFound_1____cmd1____None_" time="0.001" /><testcase classname="test.test_exc.TExc" name="test_GitCommandNotFound_2____cmd1_____some_cause__" time="0.001" /><testcase classname="test.test_exc.TExc" name="test_GitCommandNotFound_3" time="0.001" /><testcase classname="test.test_exc.TExc" name="test_HookExecutionError_1____cmd1____None_" time="0.001" /><testcase classname="test.test_exc.TExc" name="test_HookExecutionError_2____cmd1_____some_cause__" time="0.001" /><testcase classname="test.test_exc.TExc" name="test_HookExecutionError_3" time="0.003" /><testcase classname="test.test_fun.TestFun" name="test_aggressive_tree_merge" time="0.044" /><testcase classname="test.test_fun.TestFun" name="test_linked_worktree_traversal" time="0.080" /><testcase classname="test.test_fun.TestFun" name="test_stat_mode_to_index_mode" time="0.001" /><testcase classname="test.test_fun.TestFun" name="test_three_way_merge" time="0.015"><failure message="TypeError: HEAD is a detached symbolic reference as it points to '9a4b1d4d11eee3c5362a4152216376e634bd14cf'">Traceback (most recent call last):
  File "/usr/local/lib/python3.10/unittest/case.py", line 59, in testPartExecutor
    yield
  File "/usr/local/lib/python3.10/unittest/case.py", line 591, in run
    self._callTestMethod(testMethod)
  File "/usr/local/lib/python3.10/unittest/case.py", line 549, in _callTestMethod
    method()
  File "/workdir/GitPython-3.1.29/test/lib/helper.py", line 144, in repo_creator
    rw_repo.head.reference.checkout()
  File "/workdir/GitPython-3.1.29/git/refs/symbolic.py", line 309, in _get_reference
    raise TypeError("%s is a detached symbolic reference as it points to %r" % (self, sha))
TypeError: HEAD is a detached symbolic reference as it points to '9a4b1d4d11eee3c5362a4152216376e634bd14cf'</failure></testcase><testcase classname="test.test_fun.TestFun" name="test_tree_entries_from_data_with_failing_name_decode_py3" time="0.001" /><testcase classname="test.test_fun.TestFun" name="test_tree_traversal" time="0.023" /><testcase classname="test.test_fun.TestFun" name="test_tree_traversal_single" time="0.083" /><testcase classname="test.test_git.TestGit" name="test_call_process_calls_execute" time="0.033" /><testcase classname="test.test_git.TestGit" name="test_call_unpack_args" time="0.012" /><testcase classname="test.test_git.TestGit" name="test_call_unpack_args_unicode" time="0.012" /><testcase classname="test.test_git.TestGit" name="test_change_to_transform_kwargs_does_not_break_command_options" time="0.015" /><testcase classname="test.test_git.TestGit" name="test_cmd_override" time="0.013" /><testcase classname="test.test_git.TestGit" name="test_env_vars_passed_to_git" time="0.015" /><testcase classname="test.test_git.TestGit" name="test_environment" time="0.043" /><testcase classname="test.test_git.TestGit" name="test_handle_process_output" time="0.126" /><testcase classname="test.test_git.TestGit" name="test_insert_after_kwarg_raises" time="0.014" /><testcase classname="test.test_git.TestGit" name="test_it_accepts_environment_variables" time="0.020" /><testcase classname="test.test_git.TestGit" name="test_it_accepts_stdin" time="0.015" /><testcase classname="test.test_git.TestGit" name="test_it_executes_git_to_shell_and_returns_result" time="0.014" /><testcase classname="test.test_git.TestGit" name="test_it_ignores_false_kwargs" time="0.013" /><testcase classname="test.test_git.TestGit" name="test_it_raises_errors" time="0.016" /><testcase classname="test.test_git.TestGit" name="test_it_raises_proper_exception_with_output_stream" time="0.017" /><testcase classname="test.test_git.TestGit" name="test_it_transforms_kwargs_into_git_command_arguments" time="0.012" /><testcase classname="test.test_git.TestGit" name="test_options_are_passed_to_git" time="0.015" /><testcase classname="test.test_git.TestGit" name="test_persistent_cat_file_command" time="0.019" /><testcase classname="test.test_git.TestGit" name="test_persistent_options" time="0.023" /><testcase classname="test.test_git.TestGit" name="test_refresh" time="0.019" /><testcase classname="test.test_git.TestGit" name="test_single_char_git_options_are_passed_to_git" time="0.016" /><testcase classname="test.test_git.TestGit" name="test_version" time="0.014" /><testcase classname="test.test_index.TestIndex" name="test__to_relative_path_at_root" time="0.012" /><testcase classname="test.test_index.TestIndex" name="test_add_a_file_with_wildcard_chars" time="0.027" /><testcase classname="test.test_index.TestIndex" name="test_add_utf8P_path" time="0.028" /><testcase classname="test.test_index.TestIndex" name="test_commit_msg_hook_fail" time="0.041" /><testcase classname="test.test_index.TestIndex" name="test_commit_msg_hook_success" time="0.046" /><testcase classname="test.test_index.TestIndex" name="test_compare_write_tree" time="0.014"><failure message="TypeError: HEAD is a detached symbolic reference as it points to '19aaa74aafc06663644d634f33bb8af871d58536'">Traceback (most recent call last):
  File "/usr/local/lib/python3.10/unittest/case.py", line 59, in testPartExecutor
    yield
  File "/usr/local/lib/python3.10/unittest/case.py", line 591, in run
    self._callTestMethod(testMethod)
  File "/usr/local/lib/python3.10/unittest/case.py", line 549, in _callTestMethod
    method()
  File "/workdir/GitPython-3.1.29/test/lib/helper.py", line 144, in repo_creator
    rw_repo.head.reference.checkout()
  File "/workdir/GitPython-3.1.29/git/refs/symbolic.py", line 309, in _get_reference
    raise TypeError("%s is a detached symbolic reference as it points to %r" % (self, sha))
TypeError: HEAD is a detached symbolic reference as it points to '19aaa74aafc06663644d634f33bb8af871d58536'</failure></testcase><testcase classname="test.test_index.TestIndex" name="test_index_add_pathlike" time="0.018"><failure message="TypeError: HEAD is a detached symbolic reference as it points to '19aaa74aafc06663644d634f33bb8af871d58536'">Traceback (most recent call last):
  File "/usr/local/lib/python3.10/unittest/case.py", line 59, in testPartExecutor
    yield
  File "/usr/local/lib/python3.10/unittest/case.py", line 591, in run
    self._callTestMethod(testMethod)
  File "/usr/local/lib/python3.10/unittest/case.py", line 549, in _callTestMethod
    method()
  File "/workdir/GitPython-3.1.29/test/lib/helper.py", line 144, in repo_creator
    rw_repo.head.reference.checkout()
  File "/workdir/GitPython-3.1.29/git/refs/symbolic.py", line 309, in _get_reference
    raise TypeError("%s is a detached symbolic reference as it points to %r" % (self, sha))
TypeError: HEAD is a detached symbolic reference as it points to '19aaa74aafc06663644d634f33bb8af871d58536'</failure></testcase></testsuite></testsuites>