GLOB sdist-make: /workdir/jax-0.4.2/setup.py
cpythonlibtest-unit-test-tests create: /workdir/jax-0.4.2/.tox/cpythonlibtest-unit-test-tests
cpythonlibtest-unit-test-tests installdeps: mock, pytest, -rbuild/test-requirements.txt, -r.github/workflows/slurm_job_scripts/requirements.txt
cpythonlibtest-unit-test-tests inst: /workdir/jax-0.4.2/.tox/.tmp/package/1/jax-0.4.2.zip
cpythonlibtest-unit-test-tests installed: absl-py==2.0.0,certifi==2023.11.17,charset-normalizer==3.3.2,cloudpickle==3.0.0,colorama==0.4.6,contourpy==1.2.0,cycler==0.12.1,exceptiongroup==1.2.0,execnet==2.0.2,fonttools==4.45.0,idna==3.4,iniconfig==2.0.0,jax @ file:///workdir/jax-0.4.2/.tox/.tmp/package/1/jax-0.4.2.zip#sha256=fee7cbdcdad7d33fc7dd0ed27180dde2fdf609fd8c3e0427014f083fd3aab64e,kiwisolver==1.4.5,markdown-it-py==3.0.0,matplotlib==3.8.2,mdurl==0.1.2,mock==5.1.0,numpy==1.26.2,opt-einsum==3.3.0,packaging==23.2,pandas==2.1.3,Pillow==10.1.0,pluggy==1.3.0,Pygments==2.17.2,pyparsing==3.1.1,pytest==7.4.3,pytest-xdist==3.5.0,python-dateutil==2.8.2,pytz==2023.3.post1,requests==2.31.0,rich==13.7.0,scipy==1.11.4,six==1.16.0,tabulate==0.9.0,tomli==2.0.1,tzdata==2023.3,urllib3==2.1.0
cpythonlibtest-unit-test-tests run-test-pre: PYTHONHASHSEED='1238229820'
cpythonlibtest-unit-test-tests run-test: commands[0] | pytest -v --tb=native --junitxml /workdir/results/jax/0.4.2/1/cpython-test-results.xml
============================= test session starts ==============================
platform linux -- Python 3.10.8, pytest-7.4.3, pluggy-1.3.0 -- /workdir/jax-0.4.2/.tox/cpythonlibtest-unit-test-tests/bin/python
cachedir: .tox/cpythonlibtest-unit-test-tests/.pytest_cache
rootdir: /workdir/jax-0.4.2
configfile: pytest.ini
plugins: xdist-3.5.0
collecting ... collected 8 items / 106 errors

==================================== ERRORS ====================================
__________________ ERROR collecting examples/examples_test.py __________________
ImportError while importing test module '/workdir/jax-0.4.2/examples/examples_test.py'.
Hint: make sure your test modules/packages have valid Python names.
Traceback:
jax/_src/lib/__init__.py:35: in <module>
    import jaxlib.version
E   ModuleNotFoundError: No module named 'jaxlib.version'

The above exception was the direct cause of the following exception:
/usr/local/lib/python3.10/importlib/__init__.py:126: in import_module
    return _bootstrap._gcd_import(name[level:], package, level)
examples/examples_test.py:25: in <module>
    from jax import lax
jax/__init__.py:35: in <module>
    from jax import config as _config_module
jax/config.py:17: in <module>
    from jax._src.config import config  # noqa: F401
jax/_src/config.py:28: in <module>
    from jax._src import lib
jax/_src/lib/__init__.py:39: in <module>
    raise ImportError(msg) from err
E   ImportError: This version of jax requires jaxlib version >= 0.4.1.
______________________ ERROR collecting jax/test_util.py _______________________
ImportError while importing test module '/workdir/jax-0.4.2/jax/test_util.py'.
Hint: make sure your test modules/packages have valid Python names.
Traceback:
jax/_src/lib/__init__.py:35: in <module>
    import jaxlib.version
E   ModuleNotFoundError: No module named 'jaxlib.version'

The above exception was the direct cause of the following exception:
/usr/local/lib/python3.10/importlib/__init__.py:126: in import_module
    return _bootstrap._gcd_import(name[level:], package, level)
jax/__init__.py:35: in <module>
    from jax import config as _config_module
jax/config.py:17: in <module>
    from jax._src.config import config  # noqa: F401
jax/_src/config.py:28: in <module>
    from jax._src import lib
jax/_src/lib/__init__.py:39: in <module>
    raise ImportError(msg) from err
E   ImportError: This version of jax requires jaxlib version >= 0.4.1.
____________________ ERROR collecting jax/_src/test_util.py ____________________
ImportError while importing test module '/workdir/jax-0.4.2/jax/_src/test_util.py'.
Hint: make sure your test modules/packages have valid Python names.
Traceback:
jax/_src/lib/__init__.py:35: in <module>
    import jaxlib.version
E   ModuleNotFoundError: No module named 'jaxlib.version'

The above exception was the direct cause of the following exception:
/usr/local/lib/python3.10/importlib/__init__.py:126: in import_module
    return _bootstrap._gcd_import(name[level:], package, level)
jax/_src/test_util.py:34: in <module>
    import jax
jax/__init__.py:35: in <module>
    from jax import config as _config_module
jax/config.py:17: in <module>
    from jax._src.config import config  # noqa: F401
jax/_src/config.py:28: in <module>
    from jax._src import lib
jax/_src/lib/__init__.py:39: in <module>
    raise ImportError(msg) from err
E   ImportError: This version of jax requires jaxlib version >= 0.4.1.
__ ERROR collecting jax/experimental/gda_serialization/serialization_test.py ___
ImportError while importing test module '/workdir/jax-0.4.2/jax/experimental/gda_serialization/serialization_test.py'.
Hint: make sure your test modules/packages have valid Python names.
Traceback:
jax/_src/lib/__init__.py:35: in <module>
    import jaxlib.version
E   ModuleNotFoundError: No module named 'jaxlib.version'

The above exception was the direct cause of the following exception:
/usr/local/lib/python3.10/importlib/__init__.py:126: in import_module
    return _bootstrap._gcd_import(name[level:], package, level)
jax/__init__.py:35: in <module>
    from jax import config as _config_module
jax/config.py:17: in <module>
    from jax._src.config import config  # noqa: F401
jax/_src/config.py:28: in <module>
    from jax._src import lib
jax/_src/lib/__init__.py:39: in <module>
    raise ImportError(msg) from err
E   ImportError: This version of jax requires jaxlib version >= 0.4.1.
__ ERROR collecting jax/experimental/jax2tf/examples/keras_reuse_main_test.py __
ImportError while importing test module '/workdir/jax-0.4.2/jax/experimental/jax2tf/examples/keras_reuse_main_test.py'.
Hint: make sure your test modules/packages have valid Python names.
Traceback:
jax/_src/lib/__init__.py:35: in <module>
    import jaxlib.version
E   ModuleNotFoundError: No module named 'jaxlib.version'

The above exception was the direct cause of the following exception:
/usr/local/lib/python3.10/importlib/__init__.py:126: in import_module
    return _bootstrap._gcd_import(name[level:], package, level)
jax/__init__.py:35: in <module>
    from jax import config as _config_module
jax/config.py:17: in <module>
    from jax._src.config import config  # noqa: F401
jax/_src/config.py:28: in <module>
    from jax._src import lib
jax/_src/lib/__init__.py:39: in <module>
    raise ImportError(msg) from err
E   ImportError: This version of jax requires jaxlib version >= 0.4.1.
__ ERROR collecting jax/experimental/jax2tf/examples/saved_model_main_test.py __
ImportError while importing test module '/workdir/jax-0.4.2/jax/experimental/jax2tf/examples/saved_model_main_test.py'.
Hint: make sure your test modules/packages have valid Python names.
Traceback:
jax/_src/lib/__init__.py:35: in <module>
    import jaxlib.version
E   ModuleNotFoundError: No module named 'jaxlib.version'

The above exception was the direct cause of the following exception:
/usr/local/lib/python3.10/importlib/__init__.py:126: in import_module
    return _bootstrap._gcd_import(name[level:], package, level)
jax/__init__.py:35: in <module>
    from jax import config as _config_module
jax/config.py:17: in <module>
    from jax._src.config import config  # noqa: F401
jax/_src/config.py:28: in <module>
    from jax._src import lib
jax/_src/lib/__init__.py:39: in <module>
    raise ImportError(msg) from err
E   ImportError: This version of jax requires jaxlib version >= 0.4.1.
________ ERROR collecting jax/experimental/jax2tf/tests/call_tf_test.py ________
ImportError while importing test module '/workdir/jax-0.4.2/jax/experimental/jax2tf/tests/call_tf_test.py'.
Hint: make sure your test modules/packages have valid Python names.
Traceback:
jax/_src/lib/__init__.py:35: in <module>
    import jaxlib.version
E   ModuleNotFoundError: No module named 'jaxlib.version'

The above exception was the direct cause of the following exception:
/usr/local/lib/python3.10/importlib/__init__.py:126: in import_module
    return _bootstrap._gcd_import(name[level:], package, level)
jax/__init__.py:35: in <module>
    from jax import config as _config_module
jax/config.py:17: in <module>
    from jax._src.config import config  # noqa: F401
jax/_src/config.py:28: in <module>
    from jax._src import lib
jax/_src/lib/__init__.py:39: in <module>
    raise ImportError(msg) from err
E   ImportError: This version of jax requires jaxlib version >= 0.4.1.
___ ERROR collecting jax/experimental/jax2tf/tests/control_flow_ops_test.py ____
ImportError while importing test module '/workdir/jax-0.4.2/jax/experimental/jax2tf/tests/control_flow_ops_test.py'.
Hint: make sure your test modules/packages have valid Python names.
Traceback:
jax/_src/lib/__init__.py:35: in <module>
    import jaxlib.version
E   ModuleNotFoundError: No module named 'jaxlib.version'

The above exception was the direct cause of the following exception:
/usr/local/lib/python3.10/importlib/__init__.py:126: in import_module
    return _bootstrap._gcd_import(name[level:], package, level)
jax/__init__.py:35: in <module>
    from jax import config as _config_module
jax/config.py:17: in <module>
    from jax._src.config import config  # noqa: F401
jax/_src/config.py:28: in <module>
    from jax._src import lib
jax/_src/lib/__init__.py:39: in <module>
    raise ImportError(msg) from err
E   ImportError: This version of jax requires jaxlib version >= 0.4.1.
________ ERROR collecting jax/experimental/jax2tf/tests/jax2tf_test.py _________
ImportError while importing test module '/workdir/jax-0.4.2/jax/experimental/jax2tf/tests/jax2tf_test.py'.
Hint: make sure your test modules/packages have valid Python names.
Traceback:
jax/_src/lib/__init__.py:35: in <module>
    import jaxlib.version
E   ModuleNotFoundError: No module named 'jaxlib.version'

The above exception was the direct cause of the following exception:
/usr/local/lib/python3.10/importlib/__init__.py:126: in import_module
    return _bootstrap._gcd_import(name[level:], package, level)
jax/__init__.py:35: in <module>
    from jax import config as _config_module
jax/config.py:17: in <module>
    from jax._src.config import config  # noqa: F401
jax/_src/config.py:28: in <module>
    from jax._src import lib
jax/_src/lib/__init__.py:39: in <module>
    raise ImportError(msg) from err
E   ImportError: This version of jax requires jaxlib version >= 0.4.1.
_ ERROR collecting jax/experimental/jax2tf/tests/jax_primitives_coverage_test.py _
ImportError while importing test module '/workdir/jax-0.4.2/jax/experimental/jax2tf/tests/jax_primitives_coverage_test.py'.
Hint: make sure your test modules/packages have valid Python names.
Traceback:
jax/_src/lib/__init__.py:35: in <module>
    import jaxlib.version
E   ModuleNotFoundError: No module named 'jaxlib.version'

The above exception was the direct cause of the following exception:
/usr/local/lib/python3.10/importlib/__init__.py:126: in import_module
    return _bootstrap._gcd_import(name[level:], package, level)
jax/__init__.py:35: in <module>
    from jax import config as _config_module
jax/config.py:17: in <module>
    from jax._src.config import config  # noqa: F401
jax/_src/config.py:28: in <module>
    from jax._src import lib
jax/_src/lib/__init__.py:39: in <module>
    raise ImportError(msg) from err
E   ImportError: This version of jax requires jaxlib version >= 0.4.1.
______ ERROR collecting jax/experimental/jax2tf/tests/primitives_test.py _______
ImportError while importing test module '/workdir/jax-0.4.2/jax/experimental/jax2tf/tests/primitives_test.py'.
Hint: make sure your test modules/packages have valid Python names.
Traceback:
jax/_src/lib/__init__.py:35: in <module>
    import jaxlib.version
E   ModuleNotFoundError: No module named 'jaxlib.version'

The above exception was the direct cause of the following exception:
/usr/local/lib/python3.10/importlib/__init__.py:126: in import_module
    return _bootstrap._gcd_import(name[level:], package, level)
jax/__init__.py:35: in <module>
    from jax import config as _config_module
jax/config.py:17: in <module>
    from jax._src.config import config  # noqa: F401
jax/_src/config.py:28: in <module>
    from jax._src import lib
jax/_src/lib/__init__.py:39: in <module>
    raise ImportError(msg) from err
E   ImportError: This version of jax requires jaxlib version >= 0.4.1.
______ ERROR collecting jax/experimental/jax2tf/tests/savedmodel_test.py _______
ImportError while importing test module '/workdir/jax-0.4.2/jax/experimental/jax2tf/tests/savedmodel_test.py'.
Hint: make sure your test modules/packages have valid Python names.
Traceback:
jax/_src/lib/__init__.py:35: in <module>
    import jaxlib.version
E   ModuleNotFoundError: No module named 'jaxlib.version'

The above exception was the direct cause of the following exception:
/usr/local/lib/python3.10/importlib/__init__.py:126: in import_module
    return _bootstrap._gcd_import(name[level:], package, level)
jax/__init__.py:35: in <module>
    from jax import config as _config_module
jax/config.py:17: in <module>
    from jax._src.config import config  # noqa: F401
jax/_src/config.py:28: in <module>
    from jax._src import lib
jax/_src/lib/__init__.py:39: in <module>
    raise ImportError(msg) from err
E   ImportError: This version of jax requires jaxlib version >= 0.4.1.
______ ERROR collecting jax/experimental/jax2tf/tests/shape_poly_test.py _______
ImportError while importing test module '/workdir/jax-0.4.2/jax/experimental/jax2tf/tests/shape_poly_test.py'.
Hint: make sure your test modules/packages have valid Python names.
Traceback:
jax/_src/lib/__init__.py:35: in <module>
    import jaxlib.version
E   ModuleNotFoundError: No module named 'jaxlib.version'

The above exception was the direct cause of the following exception:
/usr/local/lib/python3.10/importlib/__init__.py:126: in import_module
    return _bootstrap._gcd_import(name[level:], package, level)
jax/__init__.py:35: in <module>
    from jax import config as _config_module
jax/config.py:17: in <module>
    from jax._src.config import config  # noqa: F401
jax/_src/config.py:28: in <module>
    from jax._src import lib
jax/_src/lib/__init__.py:39: in <module>
    raise ImportError(msg) from err
E   ImportError: This version of jax requires jaxlib version >= 0.4.1.
_______ ERROR collecting jax/experimental/jax2tf/tests/sharding_test.py ________
ImportError while importing test module '/workdir/jax-0.4.2/jax/experimental/jax2tf/tests/sharding_test.py'.
Hint: make sure your test modules/packages have valid Python names.
Traceback:
jax/_src/lib/__init__.py:35: in <module>
    import jaxlib.version
E   ModuleNotFoundError: No module named 'jaxlib.version'

The above exception was the direct cause of the following exception:
/usr/local/lib/python3.10/importlib/__init__.py:126: in import_module
    return _bootstrap._gcd_import(name[level:], package, level)
jax/__init__.py:35: in <module>
    from jax import config as _config_module
jax/config.py:17: in <module>
    from jax._src.config import config  # noqa: F401
jax/_src/config.py:28: in <module>
    from jax._src import lib
jax/_src/lib/__init__.py:39: in <module>
    raise ImportError(msg) from err
E   ImportError: This version of jax requires jaxlib version >= 0.4.1.
____________ ERROR collecting jax/experimental/sparse/test_util.py _____________
ImportError while importing test module '/workdir/jax-0.4.2/jax/experimental/sparse/test_util.py'.
Hint: make sure your test modules/packages have valid Python names.
Traceback:
jax/_src/lib/__init__.py:35: in <module>
    import jaxlib.version
E   ModuleNotFoundError: No module named 'jaxlib.version'

The above exception was the direct cause of the following exception:
/usr/local/lib/python3.10/importlib/__init__.py:126: in import_module
    return _bootstrap._gcd_import(name[level:], package, level)
jax/__init__.py:35: in <module>
    from jax import config as _config_module
jax/config.py:17: in <module>
    from jax._src.config import config  # noqa: F401
jax/_src/config.py:28: in <module>
    from jax._src import lib
jax/_src/lib/__init__.py:39: in <module>
    raise ImportError(msg) from err
E   ImportError: This version of jax requires jaxlib version >= 0.4.1.
______________________ ERROR collecting tests/ann_test.py ______________________
ImportError while importing test module '/workdir/jax-0.4.2/tests/ann_test.py'.
Hint: make sure your test modules/packages have valid Python names.
Traceback:
jax/_src/lib/__init__.py:35: in <module>
    import jaxlib.version
E   ModuleNotFoundError: No module named 'jaxlib.version'

The above exception was the direct cause of the following exception:
/usr/local/lib/python3.10/importlib/__init__.py:126: in import_module
    return _bootstrap._gcd_import(name[level:], package, level)
tests/ann_test.py:21: in <module>
    import jax
jax/__init__.py:35: in <module>
    from jax import config as _config_module
jax/config.py:17: in <module>
    from jax._src.config import config  # noqa: F401
jax/_src/config.py:28: in <module>
    from jax._src import lib
jax/_src/lib/__init__.py:39: in <module>
    raise ImportError(msg) from err
E   ImportError: This version of jax requires jaxlib version >= 0.4.1.
______________________ ERROR collecting tests/api_test.py ______________________
ImportError while importing test module '/workdir/jax-0.4.2/tests/api_test.py'.
Hint: make sure your test modules/packages have valid Python names.
Traceback:
jax/_src/lib/__init__.py:35: in <module>
    import jaxlib.version
E   ModuleNotFoundError: No module named 'jaxlib.version'

The above exception was the direct cause of the following exception:
/usr/local/lib/python3.10/importlib/__init__.py:126: in import_module
    return _bootstrap._gcd_import(name[level:], package, level)
tests/api_test.py:44: in <module>
    import jax
jax/__init__.py:35: in <module>
    from jax import config as _config_module
jax/config.py:17: in <module>
    from jax._src.config import config  # noqa: F401
jax/_src/config.py:28: in <module>
    from jax._src import lib
jax/_src/lib/__init__.py:39: in <module>
    raise ImportError(msg) from err
E   ImportError: This version of jax requires jaxlib version >= 0.4.1.
___________________ ERROR collecting tests/api_util_test.py ____________________
ImportError while importing test module '/workdir/jax-0.4.2/tests/api_util_test.py'.
Hint: make sure your test modules/packages have valid Python names.
Traceback:
/usr/local/lib/python3.10/importlib/__init__.py:126: in import_module
    return _bootstrap._gcd_import(name[level:], package, level)
tests/api_util_test.py:19: in <module>
    from jax._src import api_util
jax/_src/api_util.py:24: in <module>
    from jax._src import core
jax/_src/core.py:38: in <module>
    from jax._src import dtypes
jax/_src/dtypes.py:30: in <module>
    from jax._src.config import flags, config
jax/_src/config.py:28: in <module>
    from jax._src import lib
jax/_src/lib/__init__.py:32: in <module>
    import jax.version
jax/__init__.py:35: in <module>
    from jax import config as _config_module
jax/config.py:17: in <module>
    from jax._src.config import config  # noqa: F401
E   ImportError: cannot import name 'config' from partially initialized module 'jax._src.config' (most likely due to a circular import) (/workdir/jax-0.4.2/jax/_src/config.py)
____________ ERROR collecting tests/array_interoperability_test.py _____________
ImportError while importing test module '/workdir/jax-0.4.2/tests/array_interoperability_test.py'.
Hint: make sure your test modules/packages have valid Python names.
Traceback:
jax/_src/lib/__init__.py:35: in <module>
    import jaxlib.version
E   ModuleNotFoundError: No module named 'jaxlib.version'

The above exception was the direct cause of the following exception:
/usr/local/lib/python3.10/importlib/__init__.py:126: in import_module
    return _bootstrap._gcd_import(name[level:], package, level)
tests/array_interoperability_test.py:19: in <module>
    import jax
jax/__init__.py:35: in <module>
    from jax import config as _config_module
jax/config.py:17: in <module>
    from jax._src.config import config  # noqa: F401
jax/_src/config.py:28: in <module>
    from jax._src import lib
jax/_src/lib/__init__.py:39: in <module>
    raise ImportError(msg) from err
E   ImportError: This version of jax requires jaxlib version >= 0.4.1.
_____________________ ERROR collecting tests/array_test.py _____________________
ImportError while importing test module '/workdir/jax-0.4.2/tests/array_test.py'.
Hint: make sure your test modules/packages have valid Python names.
Traceback:
jax/_src/lib/__init__.py:35: in <module>
    import jaxlib.version
E   ModuleNotFoundError: No module named 'jaxlib.version'

The above exception was the direct cause of the following exception:
/usr/local/lib/python3.10/importlib/__init__.py:126: in import_module
    return _bootstrap._gcd_import(name[level:], package, level)
tests/array_test.py:23: in <module>
    import jax
jax/__init__.py:35: in <module>
    from jax import config as _config_module
jax/config.py:17: in <module>
    from jax._src.config import config  # noqa: F401
jax/_src/config.py:28: in <module>
    from jax._src import lib
jax/_src/lib/__init__.py:39: in <module>
    raise ImportError(msg) from err
E   ImportError: This version of jax requires jaxlib version >= 0.4.1.
___________________ ERROR collecting tests/batching_test.py ____________________
ImportError while importing test module '/workdir/jax-0.4.2/tests/batching_test.py'.
Hint: make sure your test modules/packages have valid Python names.
Traceback:
jax/_src/lib/__init__.py:35: in <module>
    import jaxlib.version
E   ModuleNotFoundError: No module named 'jaxlib.version'

The above exception was the direct cause of the following exception:
/usr/local/lib/python3.10/importlib/__init__.py:126: in import_module
    return _bootstrap._gcd_import(name[level:], package, level)
tests/batching_test.py:24: in <module>
    import jax
jax/__init__.py:35: in <module>
    from jax import config as _config_module
jax/config.py:17: in <module>
    from jax._src.config import config  # noqa: F401
jax/_src/config.py:28: in <module>
    from jax._src import lib
jax/_src/lib/__init__.py:39: in <module>
    raise ImportError(msg) from err
E   ImportError: This version of jax requires jaxlib version >= 0.4.1.
___________________ ERROR collecting tests/checkify_test.py ____________________
ImportError while importing test module '/workdir/jax-0.4.2/tests/checkify_test.py'.
Hint: make sure your test modules/packages have valid Python names.
Traceback:
jax/_src/lib/__init__.py:35: in <module>
    import jaxlib.version
E   ModuleNotFoundError: No module named 'jaxlib.version'

The above exception was the direct cause of the following exception:
/usr/local/lib/python3.10/importlib/__init__.py:126: in import_module
    return _bootstrap._gcd_import(name[level:], package, level)
tests/checkify_test.py:22: in <module>
    import jax
jax/__init__.py:35: in <module>
    from jax import config as _config_module
jax/config.py:17: in <module>
    from jax._src.config import config  # noqa: F401
jax/_src/config.py:28: in <module>
    from jax._src import lib
jax/_src/lib/__init__.py:39: in <module>
    raise ImportError(msg) from err
E   ImportError: This version of jax requires jaxlib version >= 0.4.1.
________________ ERROR collecting tests/clear_backends_test.py _________________
ImportError while importing test module '/workdir/jax-0.4.2/tests/clear_backends_test.py'.
Hint: make sure your test modules/packages have valid Python names.
Traceback:
jax/_src/lib/__init__.py:35: in <module>
    import jaxlib.version
E   ModuleNotFoundError: No module named 'jaxlib.version'

The above exception was the direct cause of the following exception:
/usr/local/lib/python3.10/importlib/__init__.py:126: in import_module
    return _bootstrap._gcd_import(name[level:], package, level)
tests/clear_backends_test.py:18: in <module>
    import jax
jax/__init__.py:35: in <module>
    from jax import config as _config_module
jax/config.py:17: in <module>
    from jax._src.config import config  # noqa: F401
jax/_src/config.py:28: in <module>
    from jax._src import lib
jax/_src/lib/__init__.py:39: in <module>
    raise ImportError(msg) from err
E   ImportError: This version of jax requires jaxlib version >= 0.4.1.
_______________ ERROR collecting tests/compilation_cache_test.py _______________
ImportError while importing test module '/workdir/jax-0.4.2/tests/compilation_cache_test.py'.
Hint: make sure your test modules/packages have valid Python names.
Traceback:
jax/_src/lib/__init__.py:35: in <module>
    import jaxlib.version
E   ModuleNotFoundError: No module named 'jaxlib.version'

The above exception was the direct cause of the following exception:
/usr/local/lib/python3.10/importlib/__init__.py:126: in import_module
    return _bootstrap._gcd_import(name[level:], package, level)
tests/compilation_cache_test.py:26: in <module>
    from jax.experimental import PartitionSpec as P
jax/__init__.py:35: in <module>
    from jax import config as _config_module
jax/config.py:17: in <module>
    from jax._src.config import config  # noqa: F401
jax/_src/config.py:28: in <module>
    from jax._src import lib
jax/_src/lib/__init__.py:39: in <module>
    raise ImportError(msg) from err
E   ImportError: This version of jax requires jaxlib version >= 0.4.1.
_____________________ ERROR collecting tests/core_test.py ______________________
ImportError while importing test module '/workdir/jax-0.4.2/tests/core_test.py'.
Hint: make sure your test modules/packages have valid Python names.
Traceback:
jax/_src/lib/__init__.py:35: in <module>
    import jaxlib.version
E   ModuleNotFoundError: No module named 'jaxlib.version'

The above exception was the direct cause of the following exception:
/usr/local/lib/python3.10/importlib/__init__.py:126: in import_module
    return _bootstrap._gcd_import(name[level:], package, level)
tests/core_test.py:26: in <module>
    import jax
jax/__init__.py:35: in <module>
    from jax import config as _config_module
jax/config.py:17: in <module>
    from jax._src.config import config  # noqa: F401
jax/_src/config.py:28: in <module>
    from jax._src import lib
jax/_src/lib/__init__.py:39: in <module>
    raise ImportError(msg) from err
E   ImportError: This version of jax requires jaxlib version >= 0.4.1.
______________ ERROR collecting tests/custom_linear_solve_test.py ______________
ImportError while importing test module '/workdir/jax-0.4.2/tests/custom_linear_solve_test.py'.
Hint: make sure your test modules/packages have valid Python names.
Traceback:
jax/_src/lib/__init__.py:35: in <module>
    import jaxlib.version
E   ModuleNotFoundError: No module named 'jaxlib.version'

The above exception was the direct cause of the following exception:
/usr/local/lib/python3.10/importlib/__init__.py:126: in import_module
    return _bootstrap._gcd_import(name[level:], package, level)
tests/custom_linear_solve_test.py:24: in <module>
    import jax
jax/__init__.py:35: in <module>
    from jax import config as _config_module
jax/config.py:17: in <module>
    from jax._src.config import config  # noqa: F401
jax/_src/config.py:28: in <module>
    from jax._src import lib
jax/_src/lib/__init__.py:39: in <module>
    raise ImportError(msg) from err
E   ImportError: This version of jax requires jaxlib version >= 0.4.1.
_________________ ERROR collecting tests/custom_object_test.py _________________
ImportError while importing test module '/workdir/jax-0.4.2/tests/custom_object_test.py'.
Hint: make sure your test modules/packages have valid Python names.
Traceback:
jax/_src/lib/__init__.py:35: in <module>
    import jaxlib.version
E   ModuleNotFoundError: No module named 'jaxlib.version'

The above exception was the direct cause of the following exception:
/usr/local/lib/python3.10/importlib/__init__.py:126: in import_module
    return _bootstrap._gcd_import(name[level:], package, level)
tests/custom_object_test.py:19: in <module>
    from jax._src import test_util as jtu
jax/_src/test_util.py:34: in <module>
    import jax
jax/__init__.py:35: in <module>
    from jax import config as _config_module
jax/config.py:17: in <module>
    from jax._src.config import config  # noqa: F401
jax/_src/config.py:28: in <module>
    from jax._src import lib
jax/_src/lib/__init__.py:39: in <module>
    raise ImportError(msg) from err
E   ImportError: This version of jax requires jaxlib version >= 0.4.1.
__________________ ERROR collecting tests/custom_root_test.py __________________
ImportError while importing test module '/workdir/jax-0.4.2/tests/custom_root_test.py'.
Hint: make sure your test modules/packages have valid Python names.
Traceback:
jax/_src/lib/__init__.py:35: in <module>
    import jaxlib.version
E   ModuleNotFoundError: No module named 'jaxlib.version'

The above exception was the direct cause of the following exception:
/usr/local/lib/python3.10/importlib/__init__.py:126: in import_module
    return _bootstrap._gcd_import(name[level:], package, level)
tests/custom_root_test.py:22: in <module>
    import jax
jax/__init__.py:35: in <module>
    from jax import config as _config_module
jax/config.py:17: in <module>
    from jax._src.config import config  # noqa: F401
jax/_src/config.py:28: in <module>
    from jax._src import lib
jax/_src/lib/__init__.py:39: in <module>
    raise ImportError(msg) from err
E   ImportError: This version of jax requires jaxlib version >= 0.4.1.
__________________ ERROR collecting tests/debug_nans_test.py ___________________
ImportError while importing test module '/workdir/jax-0.4.2/tests/debug_nans_test.py'.
Hint: make sure your test modules/packages have valid Python names.
Traceback:
jax/_src/lib/__init__.py:35: in <module>
    import jaxlib.version
E   ModuleNotFoundError: No module named 'jaxlib.version'

The above exception was the direct cause of the following exception:
/usr/local/lib/python3.10/importlib/__init__.py:126: in import_module
    return _bootstrap._gcd_import(name[level:], package, level)
tests/debug_nans_test.py:19: in <module>
    import jax
jax/__init__.py:35: in <module>
    from jax import config as _config_module
jax/config.py:17: in <module>
    from jax._src.config import config  # noqa: F401
jax/_src/config.py:28: in <module>
    from jax._src import lib
jax/_src/lib/__init__.py:39: in <module>
    raise ImportError(msg) from err
E   ImportError: This version of jax requires jaxlib version >= 0.4.1.
___________________ ERROR collecting tests/debugger_test.py ____________________
ImportError while importing test module '/workdir/jax-0.4.2/tests/debugger_test.py'.
Hint: make sure your test modules/packages have valid Python names.
Traceback:
jax/_src/lib/__init__.py:35: in <module>
    import jaxlib.version
E   ModuleNotFoundError: No module named 'jaxlib.version'

The above exception was the direct cause of the following exception:
/usr/local/lib/python3.10/importlib/__init__.py:126: in import_module
    return _bootstrap._gcd_import(name[level:], package, level)
tests/debugger_test.py:22: in <module>
    import jax
jax/__init__.py:35: in <module>
    from jax import config as _config_module
jax/config.py:17: in <module>
    from jax._src.config import config  # noqa: F401
jax/_src/config.py:28: in <module>
    from jax._src import lib
jax/_src/lib/__init__.py:39: in <module>
    raise ImportError(msg) from err
E   ImportError: This version of jax requires jaxlib version >= 0.4.1.
_____________ ERROR collecting tests/debugging_primitives_test.py ______________
ImportError while importing test module '/workdir/jax-0.4.2/tests/debugging_primitives_test.py'.
Hint: make sure your test modules/packages have valid Python names.
Traceback:
jax/_src/lib/__init__.py:35: in <module>
    import jaxlib.version
E   ModuleNotFoundError: No module named 'jaxlib.version'

The above exception was the direct cause of the following exception:
/usr/local/lib/python3.10/importlib/__init__.py:126: in import_module
    return _bootstrap._gcd_import(name[level:], package, level)
tests/debugging_primitives_test.py:20: in <module>
    import jax
jax/__init__.py:35: in <module>
    from jax import config as _config_module
jax/config.py:17: in <module>
    from jax._src.config import config  # noqa: F401
jax/_src/config.py:28: in <module>
    from jax._src import lib
jax/_src/lib/__init__.py:39: in <module>
    raise ImportError(msg) from err
E   ImportError: This version of jax requires jaxlib version >= 0.4.1.
____________________ ERROR collecting tests/dtypes_test.py _____________________
ImportError while importing test module '/workdir/jax-0.4.2/tests/dtypes_test.py'.
Hint: make sure your test modules/packages have valid Python names.
Traceback:
jax/_src/lib/__init__.py:35: in <module>
    import jaxlib.version
E   ModuleNotFoundError: No module named 'jaxlib.version'

The above exception was the direct cause of the following exception:
/usr/local/lib/python3.10/importlib/__init__.py:126: in import_module
    return _bootstrap._gcd_import(name[level:], package, level)
tests/dtypes_test.py:26: in <module>
    import jax
jax/__init__.py:35: in <module>
    from jax import config as _config_module
jax/config.py:17: in <module>
    from jax._src.config import config  # noqa: F401
jax/_src/config.py:28: in <module>
    from jax._src import lib
jax/_src/lib/__init__.py:39: in <module>
    raise ImportError(msg) from err
E   ImportError: This version of jax requires jaxlib version >= 0.4.1.
__________________ ERROR collecting tests/dynamic_api_test.py __________________
ImportError while importing test module '/workdir/jax-0.4.2/tests/dynamic_api_test.py'.
Hint: make sure your test modules/packages have valid Python names.
Traceback:
jax/_src/lib/__init__.py:35: in <module>
    import jaxlib.version
E   ModuleNotFoundError: No module named 'jaxlib.version'

The above exception was the direct cause of the following exception:
/usr/local/lib/python3.10/importlib/__init__.py:126: in import_module
    return _bootstrap._gcd_import(name[level:], package, level)
tests/dynamic_api_test.py:23: in <module>
    import jax
jax/__init__.py:35: in <module>
    from jax import config as _config_module
jax/config.py:17: in <module>
    from jax._src.config import config  # noqa: F401
jax/_src/config.py:28: in <module>
    from jax._src import lib
jax/_src/lib/__init__.py:39: in <module>
    raise ImportError(msg) from err
E   ImportError: This version of jax requires jaxlib version >= 0.4.1.
____________________ ERROR collecting tests/errors_test.py _____________________
ImportError while importing test module '/workdir/jax-0.4.2/tests/errors_test.py'.
Hint: make sure your test modules/packages have valid Python names.
Traceback:
jax/_src/lib/__init__.py:35: in <module>
    import jaxlib.version
E   ModuleNotFoundError: No module named 'jaxlib.version'

The above exception was the direct cause of the following exception:
/usr/local/lib/python3.10/importlib/__init__.py:126: in import_module
    return _bootstrap._gcd_import(name[level:], package, level)
tests/errors_test.py:21: in <module>
    import jax
jax/__init__.py:35: in <module>
    from jax import config as _config_module
jax/config.py:17: in <module>
    from jax._src.config import config  # noqa: F401
jax/_src/config.py:28: in <module>
    from jax._src import lib
jax/_src/lib/__init__.py:39: in <module>
    raise ImportError(msg) from err
E   ImportError: This version of jax requires jaxlib version >= 0.4.1.
_______________ ERROR collecting tests/experimental_rnn_test.py ________________
ImportError while importing test module '/workdir/jax-0.4.2/tests/experimental_rnn_test.py'.
Hint: make sure your test modules/packages have valid Python names.
Traceback:
jax/_src/lib/__init__.py:35: in <module>
    import jaxlib.version
E   ModuleNotFoundError: No module named 'jaxlib.version'

The above exception was the direct cause of the following exception:
/usr/local/lib/python3.10/importlib/__init__.py:126: in import_module
    return _bootstrap._gcd_import(name[level:], package, level)
tests/experimental_rnn_test.py:16: in <module>
    import jax
jax/__init__.py:35: in <module>
    from jax import config as _config_module
jax/config.py:17: in <module>
    from jax._src.config import config  # noqa: F401
jax/_src/config.py:28: in <module>
    from jax._src import lib
jax/_src/lib/__init__.py:39: in <module>
    raise ImportError(msg) from err
E   ImportError: This version of jax requires jaxlib version >= 0.4.1.
______________________ ERROR collecting tests/fft_test.py ______________________
ImportError while importing test module '/workdir/jax-0.4.2/tests/fft_test.py'.
Hint: make sure your test modules/packages have valid Python names.
Traceback:
jax/_src/lib/__init__.py:35: in <module>
    import jaxlib.version
E   ModuleNotFoundError: No module named 'jaxlib.version'

The above exception was the direct cause of the following exception:
/usr/local/lib/python3.10/importlib/__init__.py:126: in import_module
    return _bootstrap._gcd_import(name[level:], package, level)
tests/fft_test.py:23: in <module>
    import jax
jax/__init__.py:35: in <module>
    from jax import config as _config_module
jax/config.py:17: in <module>
    from jax._src.config import config  # noqa: F401
jax/_src/config.py:28: in <module>
    from jax._src import lib
jax/_src/lib/__init__.py:39: in <module>
    raise ImportError(msg) from err
E   ImportError: This version of jax requires jaxlib version >= 0.4.1.
___________________ ERROR collecting tests/for_loop_test.py ____________________
ImportError while importing test module '/workdir/jax-0.4.2/tests/for_loop_test.py'.
Hint: make sure your test modules/packages have valid Python names.
Traceback:
jax/_src/lib/__init__.py:35: in <module>
    import jaxlib.version
E   ModuleNotFoundError: No module named 'jaxlib.version'

The above exception was the direct cause of the following exception:
/usr/local/lib/python3.10/importlib/__init__.py:126: in import_module
    return _bootstrap._gcd_import(name[level:], package, level)
tests/for_loop_test.py:21: in <module>
    import jax
jax/__init__.py:35: in <module>
    from jax import config as _config_module
jax/config.py:17: in <module>
    from jax._src.config import config  # noqa: F401
jax/_src/config.py:28: in <module>
    from jax._src import lib
jax/_src/lib/__init__.py:39: in <module>
    raise ImportError(msg) from err
E   ImportError: This version of jax requires jaxlib version >= 0.4.1.
_________________ ERROR collecting tests/generated_fun_test.py _________________
ImportError while importing test module '/workdir/jax-0.4.2/tests/generated_fun_test.py'.
Hint: make sure your test modules/packages have valid Python names.
Traceback:
jax/_src/lib/__init__.py:35: in <module>
    import jaxlib.version
E   ModuleNotFoundError: No module named 'jaxlib.version'

The above exception was the direct cause of the following exception:
/usr/local/lib/python3.10/importlib/__init__.py:126: in import_module
    return _bootstrap._gcd_import(name[level:], package, level)
tests/generated_fun_test.py:24: in <module>
    import jax.numpy as jnp
jax/__init__.py:35: in <module>
    from jax import config as _config_module
jax/config.py:17: in <module>
    from jax._src.config import config  # noqa: F401
jax/_src/config.py:28: in <module>
    from jax._src import lib
jax/_src/lib/__init__.py:39: in <module>
    raise ImportError(msg) from err
E   ImportError: This version of jax requires jaxlib version >= 0.4.1.
__________________ ERROR collecting tests/gfile_cache_test.py __________________
ImportError while importing test module '/workdir/jax-0.4.2/tests/gfile_cache_test.py'.
Hint: make sure your test modules/packages have valid Python names.
Traceback:
jax/_src/lib/__init__.py:35: in <module>
    import jaxlib.version
E   ModuleNotFoundError: No module named 'jaxlib.version'

The above exception was the direct cause of the following exception:
/usr/local/lib/python3.10/importlib/__init__.py:126: in import_module
    return _bootstrap._gcd_import(name[level:], package, level)
tests/gfile_cache_test.py:16: in <module>
    from jax.experimental.compilation_cache.gfile_cache import GFileCache
jax/__init__.py:35: in <module>
    from jax import config as _config_module
jax/config.py:17: in <module>
    from jax._src.config import config  # noqa: F401
jax/_src/config.py:28: in <module>
    from jax._src import lib
jax/_src/lib/__init__.py:39: in <module>
    raise ImportError(msg) from err
E   ImportError: This version of jax requires jaxlib version >= 0.4.1.
______________ ERROR collecting tests/global_device_array_test.py ______________
ImportError while importing test module '/workdir/jax-0.4.2/tests/global_device_array_test.py'.
Hint: make sure your test modules/packages have valid Python names.
Traceback:
jax/_src/lib/__init__.py:35: in <module>
    import jaxlib.version
E   ModuleNotFoundError: No module named 'jaxlib.version'

The above exception was the direct cause of the following exception:
/usr/local/lib/python3.10/importlib/__init__.py:126: in import_module
    return _bootstrap._gcd_import(name[level:], package, level)
tests/global_device_array_test.py:21: in <module>
    import jax
jax/__init__.py:35: in <module>
    from jax import config as _config_module
jax/config.py:17: in <module>
    from jax._src.config import config  # noqa: F401
jax/_src/config.py:28: in <module>
    from jax._src import lib
jax/_src/lib/__init__.py:39: in <module>
    raise ImportError(msg) from err
E   ImportError: This version of jax requires jaxlib version >= 0.4.1.
_________________ ERROR collecting tests/heap_profiler_test.py _________________
ImportError while importing test module '/workdir/jax-0.4.2/tests/heap_profiler_test.py'.
Hint: make sure your test modules/packages have valid Python names.
Traceback:
jax/_src/lib/__init__.py:35: in <module>
    import jaxlib.version
E   ModuleNotFoundError: No module named 'jaxlib.version'

The above exception was the direct cause of the following exception:
/usr/local/lib/python3.10/importlib/__init__.py:126: in import_module
    return _bootstrap._gcd_import(name[level:], package, level)
tests/heap_profiler_test.py:18: in <module>
    import jax
jax/__init__.py:35: in <module>
    from jax import config as _config_module
jax/config.py:17: in <module>
    from jax._src.config import config  # noqa: F401
jax/_src/config.py:28: in <module>
    from jax._src import lib
jax/_src/lib/__init__.py:39: in <module>
    raise ImportError(msg) from err
E   ImportError: This version of jax requires jaxlib version >= 0.4.1.
_________________ ERROR collecting tests/host_callback_test.py _________________
ImportError while importing test module '/workdir/jax-0.4.2/tests/host_callback_test.py'.
Hint: make sure your test modules/packages have valid Python names.
Traceback:
jax/_src/lib/__init__.py:35: in <module>
    import jaxlib.version
E   ModuleNotFoundError: No module named 'jaxlib.version'

The above exception was the direct cause of the following exception:
/usr/local/lib/python3.10/importlib/__init__.py:126: in import_module
    return _bootstrap._gcd_import(name[level:], package, level)
tests/host_callback_test.py:28: in <module>
    import jax
jax/__init__.py:35: in <module>
    from jax import config as _config_module
jax/config.py:17: in <module>
    from jax._src.config import config  # noqa: F401
jax/_src/config.py:28: in <module>
    from jax._src import lib
jax/_src/lib/__init__.py:39: in <module>
    raise ImportError(msg) from err
E   ImportError: This version of jax requires jaxlib version >= 0.4.1.
______________ ERROR collecting tests/host_callback_to_tf_test.py ______________
ImportError while importing test module '/workdir/jax-0.4.2/tests/host_callback_to_tf_test.py'.
Hint: make sure your test modules/packages have valid Python names.
Traceback:
jax/_src/lib/__init__.py:35: in <module>
    import jaxlib.version
E   ModuleNotFoundError: No module named 'jaxlib.version'

The above exception was the direct cause of the following exception:
/usr/local/lib/python3.10/importlib/__init__.py:126: in import_module
    return _bootstrap._gcd_import(name[level:], package, level)
tests/host_callback_to_tf_test.py:27: in <module>
    import jax
jax/__init__.py:35: in <module>
    from jax import config as _config_module
jax/config.py:17: in <module>
    from jax._src.config import config  # noqa: F401
jax/_src/config.py:28: in <module>
    from jax._src import lib
jax/_src/lib/__init__.py:39: in <module>
    raise ImportError(msg) from err
E   ImportError: This version of jax requires jaxlib version >= 0.4.1.
_____________________ ERROR collecting tests/image_test.py _____________________
ImportError while importing test module '/workdir/jax-0.4.2/tests/image_test.py'.
Hint: make sure your test modules/packages have valid Python names.
Traceback:
jax/_src/lib/__init__.py:35: in <module>
    import jaxlib.version
E   ModuleNotFoundError: No module named 'jaxlib.version'

The above exception was the direct cause of the following exception:
/usr/local/lib/python3.10/importlib/__init__.py:126: in import_module
    return _bootstrap._gcd_import(name[level:], package, level)
tests/image_test.py:23: in <module>
    import jax
jax/__init__.py:35: in <module>
    from jax import config as _config_module
jax/config.py:17: in <module>
    from jax._src.config import config  # noqa: F401
jax/_src/config.py:28: in <module>
    from jax._src import lib
jax/_src/lib/__init__.py:39: in <module>
    raise ImportError(msg) from err
E   ImportError: This version of jax requires jaxlib version >= 0.4.1.
____________________ ERROR collecting tests/infeed_test.py _____________________
ImportError while importing test module '/workdir/jax-0.4.2/tests/infeed_test.py'.
Hint: make sure your test modules/packages have valid Python names.
Traceback:
jax/_src/lib/__init__.py:35: in <module>
    import jaxlib.version
E   ModuleNotFoundError: No module named 'jaxlib.version'

The above exception was the direct cause of the following exception:
/usr/local/lib/python3.10/importlib/__init__.py:126: in import_module
    return _bootstrap._gcd_import(name[level:], package, level)
tests/infeed_test.py:19: in <module>
    import jax
jax/__init__.py:35: in <module>
    from jax import config as _config_module
jax/config.py:17: in <module>
    from jax._src.config import config  # noqa: F401
jax/_src/config.py:28: in <module>
    from jax._src import lib
jax/_src/lib/__init__.py:39: in <module>
    raise ImportError(msg) from err
E   ImportError: This version of jax requires jaxlib version >= 0.4.1.
____________________ ERROR collecting tests/jax_jit_test.py ____________________
ImportError while importing test module '/workdir/jax-0.4.2/tests/jax_jit_test.py'.
Hint: make sure your test modules/packages have valid Python names.
Traceback:
jax/_src/lib/__init__.py:35: in <module>
    import jaxlib.version
E   ModuleNotFoundError: No module named 'jaxlib.version'

The above exception was the direct cause of the following exception:
/usr/local/lib/python3.10/importlib/__init__.py:126: in import_module
    return _bootstrap._gcd_import(name[level:], package, level)
tests/jax_jit_test.py:20: in <module>
    import jax
jax/__init__.py:35: in <module>
    from jax import config as _config_module
jax/config.py:17: in <module>
    from jax._src.config import config  # noqa: F401
jax/_src/config.py:28: in <module>
    from jax._src import lib
jax/_src/lib/__init__.py:39: in <module>
    raise ImportError(msg) from err
E   ImportError: This version of jax requires jaxlib version >= 0.4.1.
___________________ ERROR collecting tests/jax_to_ir_test.py ___________________
ImportError while importing test module '/workdir/jax-0.4.2/tests/jax_to_ir_test.py'.
Hint: make sure your test modules/packages have valid Python names.
Traceback:
jax/_src/lib/__init__.py:35: in <module>
    import jaxlib.version
E   ModuleNotFoundError: No module named 'jaxlib.version'

The above exception was the direct cause of the following exception:
/usr/local/lib/python3.10/importlib/__init__.py:126: in import_module
    return _bootstrap._gcd_import(name[level:], package, level)
tests/jax_to_ir_test.py:18: in <module>
    import jax.numpy as jnp
jax/__init__.py:35: in <module>
    from jax import config as _config_module
jax/config.py:17: in <module>
    from jax._src.config import config  # noqa: F401
jax/_src/config.py:28: in <module>
    from jax._src import lib
jax/_src/lib/__init__.py:39: in <module>
    raise ImportError(msg) from err
E   ImportError: This version of jax requires jaxlib version >= 0.4.1.
_________________ ERROR collecting tests/jaxpr_effects_test.py _________________
ImportError while importing test module '/workdir/jax-0.4.2/tests/jaxpr_effects_test.py'.
Hint: make sure your test modules/packages have valid Python names.
Traceback:
jax/_src/lib/__init__.py:35: in <module>
    import jaxlib.version
E   ModuleNotFoundError: No module named 'jaxlib.version'

The above exception was the direct cause of the following exception:
/usr/local/lib/python3.10/importlib/__init__.py:126: in import_module
    return _bootstrap._gcd_import(name[level:], package, level)
tests/jaxpr_effects_test.py:20: in <module>
    import jax
jax/__init__.py:35: in <module>
    from jax import config as _config_module
jax/config.py:17: in <module>
    from jax._src.config import config  # noqa: F401
jax/_src/config.py:28: in <module>
    from jax._src import lib
jax/_src/lib/__init__.py:39: in <module>
    raise ImportError(msg) from err
E   ImportError: This version of jax requires jaxlib version >= 0.4.1.
__________________ ERROR collecting tests/jaxpr_util_test.py ___________________
ImportError while importing test module '/workdir/jax-0.4.2/tests/jaxpr_util_test.py'.
Hint: make sure your test modules/packages have valid Python names.
Traceback:
jax/_src/lib/__init__.py:35: in <module>
    import jaxlib.version
E   ModuleNotFoundError: No module named 'jaxlib.version'

The above exception was the direct cause of the following exception:
/usr/local/lib/python3.10/importlib/__init__.py:126: in import_module
    return _bootstrap._gcd_import(name[level:], package, level)
tests/jaxpr_util_test.py:21: in <module>
    import jax
jax/__init__.py:35: in <module>
    from jax import config as _config_module
jax/config.py:17: in <module>
    from jax._src.config import config  # noqa: F401
jax/_src/config.py:28: in <module>
    from jax._src import lib
jax/_src/lib/__init__.py:39: in <module>
    raise ImportError(msg) from err
E   ImportError: This version of jax requires jaxlib version >= 0.4.1.
______________________ ERROR collecting tests/jet_test.py ______________________
ImportError while importing test module '/workdir/jax-0.4.2/tests/jet_test.py'.
Hint: make sure your test modules/packages have valid Python names.
Traceback:
jax/_src/lib/__init__.py:35: in <module>
    import jaxlib.version
E   ModuleNotFoundError: No module named 'jaxlib.version'

The above exception was the direct cause of the following exception:
/usr/local/lib/python3.10/importlib/__init__.py:126: in import_module
    return _bootstrap._gcd_import(name[level:], package, level)
tests/jet_test.py:22: in <module>
    import jax
jax/__init__.py:35: in <module>
    from jax import config as _config_module
jax/config.py:17: in <module>
    from jax._src.config import config  # noqa: F401
jax/_src/config.py:28: in <module>
    from jax._src import lib
jax/_src/lib/__init__.py:39: in <module>
    raise ImportError(msg) from err
E   ImportError: This version of jax requires jaxlib version >= 0.4.1.
_________________ ERROR collecting tests/lax_autodiff_test.py __________________
ImportError while importing test module '/workdir/jax-0.4.2/tests/lax_autodiff_test.py'.
Hint: make sure your test modules/packages have valid Python names.
Traceback:
jax/_src/lib/__init__.py:35: in <module>
    import jaxlib.version
E   ModuleNotFoundError: No module named 'jaxlib.version'

The above exception was the direct cause of the following exception:
/usr/local/lib/python3.10/importlib/__init__.py:126: in import_module
    return _bootstrap._gcd_import(name[level:], package, level)
tests/lax_autodiff_test.py:26: in <module>
    import jax
jax/__init__.py:35: in <module>
    from jax import config as _config_module
jax/config.py:17: in <module>
    from jax._src.config import config  # noqa: F401
jax/_src/config.py:28: in <module>
    from jax._src import lib
jax/_src/lib/__init__.py:39: in <module>
    raise ImportError(msg) from err
E   ImportError: This version of jax requires jaxlib version >= 0.4.1.
_______________ ERROR collecting tests/lax_control_flow_test.py ________________
ImportError while importing test module '/workdir/jax-0.4.2/tests/lax_control_flow_test.py'.
Hint: make sure your test modules/packages have valid Python names.
Traceback:
jax/_src/lib/__init__.py:35: in <module>
    import jaxlib.version
E   ModuleNotFoundError: No module named 'jaxlib.version'

The above exception was the direct cause of the following exception:
/usr/local/lib/python3.10/importlib/__init__.py:126: in import_module
    return _bootstrap._gcd_import(name[level:], package, level)
tests/lax_control_flow_test.py:28: in <module>
    import jax
jax/__init__.py:35: in <module>
    from jax import config as _config_module
jax/config.py:17: in <module>
    from jax._src.config import config  # noqa: F401
jax/_src/config.py:28: in <module>
    from jax._src import lib
jax/_src/lib/__init__.py:39: in <module>
    raise ImportError(msg) from err
E   ImportError: This version of jax requires jaxlib version >= 0.4.1.
_______________ ERROR collecting tests/lax_numpy_einsum_test.py ________________
ImportError while importing test module '/workdir/jax-0.4.2/tests/lax_numpy_einsum_test.py'.
Hint: make sure your test modules/packages have valid Python names.
Traceback:
jax/_src/lib/__init__.py:35: in <module>
    import jaxlib.version
E   ModuleNotFoundError: No module named 'jaxlib.version'

The above exception was the direct cause of the following exception:
/usr/local/lib/python3.10/importlib/__init__.py:126: in import_module
    return _bootstrap._gcd_import(name[level:], package, level)
tests/lax_numpy_einsum_test.py:24: in <module>
    import jax
jax/__init__.py:35: in <module>
    from jax import config as _config_module
jax/config.py:17: in <module>
    from jax._src.config import config  # noqa: F401
jax/_src/config.py:28: in <module>
    from jax._src import lib
jax/_src/lib/__init__.py:39: in <module>
    raise ImportError(msg) from err
E   ImportError: This version of jax requires jaxlib version >= 0.4.1.
______________ ERROR collecting tests/lax_numpy_indexing_test.py _______________
ImportError while importing test module '/workdir/jax-0.4.2/tests/lax_numpy_indexing_test.py'.
Hint: make sure your test modules/packages have valid Python names.
Traceback:
jax/_src/lib/__init__.py:35: in <module>
    import jaxlib.version
E   ModuleNotFoundError: No module named 'jaxlib.version'

The above exception was the direct cause of the following exception:
/usr/local/lib/python3.10/importlib/__init__.py:126: in import_module
    return _bootstrap._gcd_import(name[level:], package, level)
tests/lax_numpy_indexing_test.py:28: in <module>
    import jax
jax/__init__.py:35: in <module>
    from jax import config as _config_module
jax/config.py:17: in <module>
    from jax._src.config import config  # noqa: F401
jax/_src/config.py:28: in <module>
    from jax._src import lib
jax/_src/lib/__init__.py:39: in <module>
    raise ImportError(msg) from err
E   ImportError: This version of jax requires jaxlib version >= 0.4.1.
______________ ERROR collecting tests/lax_numpy_operators_test.py ______________
ImportError while importing test module '/workdir/jax-0.4.2/tests/lax_numpy_operators_test.py'.
Hint: make sure your test modules/packages have valid Python names.
Traceback:
jax/_src/lib/__init__.py:35: in <module>
    import jaxlib.version
E   ModuleNotFoundError: No module named 'jaxlib.version'

The above exception was the direct cause of the following exception:
/usr/local/lib/python3.10/importlib/__init__.py:126: in import_module
    return _bootstrap._gcd_import(name[level:], package, level)
tests/lax_numpy_operators_test.py:28: in <module>
    import jax
jax/__init__.py:35: in <module>
    from jax import config as _config_module
jax/config.py:17: in <module>
    from jax._src.config import config  # noqa: F401
jax/_src/config.py:28: in <module>
    from jax._src import lib
jax/_src/lib/__init__.py:39: in <module>
    raise ImportError(msg) from err
E   ImportError: This version of jax requires jaxlib version >= 0.4.1.
______________ ERROR collecting tests/lax_numpy_reducers_test.py _______________
ImportError while importing test module '/workdir/jax-0.4.2/tests/lax_numpy_reducers_test.py'.
Hint: make sure your test modules/packages have valid Python names.
Traceback:
jax/_src/lib/__init__.py:35: in <module>
    import jaxlib.version
E   ModuleNotFoundError: No module named 'jaxlib.version'

The above exception was the direct cause of the following exception:
/usr/local/lib/python3.10/importlib/__init__.py:126: in import_module
    return _bootstrap._gcd_import(name[level:], package, level)
tests/lax_numpy_reducers_test.py:25: in <module>
    import jax
jax/__init__.py:35: in <module>
    from jax import config as _config_module
jax/config.py:17: in <module>
    from jax._src.config import config  # noqa: F401
jax/_src/config.py:28: in <module>
    from jax._src import lib
jax/_src/lib/__init__.py:39: in <module>
    raise ImportError(msg) from err
E   ImportError: This version of jax requires jaxlib version >= 0.4.1.
___________________ ERROR collecting tests/lax_numpy_test.py ___________________
ImportError while importing test module '/workdir/jax-0.4.2/tests/lax_numpy_test.py'.
Hint: make sure your test modules/packages have valid Python names.
Traceback:
jax/_src/lib/__init__.py:35: in <module>
    import jaxlib.version
E   ModuleNotFoundError: No module named 'jaxlib.version'

The above exception was the direct cause of the following exception:
/usr/local/lib/python3.10/importlib/__init__.py:126: in import_module
    return _bootstrap._gcd_import(name[level:], package, level)
tests/lax_numpy_test.py:36: in <module>
    import jax
jax/__init__.py:35: in <module>
    from jax import config as _config_module
jax/config.py:17: in <module>
    from jax._src.config import config  # noqa: F401
jax/_src/config.py:28: in <module>
    from jax._src import lib
jax/_src/lib/__init__.py:39: in <module>
    raise ImportError(msg) from err
E   ImportError: This version of jax requires jaxlib version >= 0.4.1.
______________ ERROR collecting tests/lax_numpy_vectorize_test.py ______________
ImportError while importing test module '/workdir/jax-0.4.2/tests/lax_numpy_vectorize_test.py'.
Hint: make sure your test modules/packages have valid Python names.
Traceback:
jax/_src/lib/__init__.py:35: in <module>
    import jaxlib.version
E   ModuleNotFoundError: No module named 'jaxlib.version'

The above exception was the direct cause of the following exception:
/usr/local/lib/python3.10/importlib/__init__.py:126: in import_module
    return _bootstrap._gcd_import(name[level:], package, level)
tests/lax_numpy_vectorize_test.py:19: in <module>
    import jax
jax/__init__.py:35: in <module>
    from jax import config as _config_module
jax/config.py:17: in <module>
    from jax._src.config import config  # noqa: F401
jax/_src/config.py:28: in <module>
    from jax._src import lib
jax/_src/lib/__init__.py:39: in <module>
    raise ImportError(msg) from err
E   ImportError: This version of jax requires jaxlib version >= 0.4.1.
_______________ ERROR collecting tests/lax_scipy_sparse_test.py ________________
ImportError while importing test module '/workdir/jax-0.4.2/tests/lax_scipy_sparse_test.py'.
Hint: make sure your test modules/packages have valid Python names.
Traceback:
jax/_src/lib/__init__.py:35: in <module>
    import jaxlib.version
E   ModuleNotFoundError: No module named 'jaxlib.version'

The above exception was the direct cause of the following exception:
/usr/local/lib/python3.10/importlib/__init__.py:126: in import_module
    return _bootstrap._gcd_import(name[level:], package, level)
tests/lax_scipy_sparse_test.py:22: in <module>
    from jax import jit
jax/__init__.py:35: in <module>
    from jax import config as _config_module
jax/config.py:17: in <module>
    from jax._src.config import config  # noqa: F401
jax/_src/config.py:28: in <module>
    from jax._src import lib
jax/_src/lib/__init__.py:39: in <module>
    raise ImportError(msg) from err
E   ImportError: This version of jax requires jaxlib version >= 0.4.1.
___________________ ERROR collecting tests/lax_scipy_test.py ___________________
ImportError while importing test module '/workdir/jax-0.4.2/tests/lax_scipy_test.py'.
Hint: make sure your test modules/packages have valid Python names.
Traceback:
jax/_src/lib/__init__.py:35: in <module>
    import jaxlib.version
E   ModuleNotFoundError: No module named 'jaxlib.version'

The above exception was the direct cause of the following exception:
/usr/local/lib/python3.10/importlib/__init__.py:126: in import_module
    return _bootstrap._gcd_import(name[level:], package, level)
tests/lax_scipy_test.py:29: in <module>
    import jax
jax/__init__.py:35: in <module>
    from jax import config as _config_module
jax/config.py:17: in <module>
    from jax._src.config import config  # noqa: F401
jax/_src/config.py:28: in <module>
    from jax._src import lib
jax/_src/lib/__init__.py:39: in <module>
    raise ImportError(msg) from err
E   ImportError: This version of jax requires jaxlib version >= 0.4.1.
______________________ ERROR collecting tests/lax_test.py ______________________
ImportError while importing test module '/workdir/jax-0.4.2/tests/lax_test.py'.
Hint: make sure your test modules/packages have valid Python names.
Traceback:
jax/_src/lib/__init__.py:35: in <module>
    import jaxlib.version
E   ModuleNotFoundError: No module named 'jaxlib.version'

The above exception was the direct cause of the following exception:
/usr/local/lib/python3.10/importlib/__init__.py:126: in import_module
    return _bootstrap._gcd_import(name[level:], package, level)
tests/lax_test.py:30: in <module>
    import jax
jax/__init__.py:35: in <module>
    from jax import config as _config_module
jax/config.py:17: in <module>
    from jax._src.config import config  # noqa: F401
jax/_src/config.py:28: in <module>
    from jax._src import lib
jax/_src/lib/__init__.py:39: in <module>
    raise ImportError(msg) from err
E   ImportError: This version of jax requires jaxlib version >= 0.4.1.
___________________ ERROR collecting tests/lax_vmap_test.py ____________________
ImportError while importing test module '/workdir/jax-0.4.2/tests/lax_vmap_test.py'.
Hint: make sure your test modules/packages have valid Python names.
Traceback:
jax/_src/lib/__init__.py:35: in <module>
    import jaxlib.version
E   ModuleNotFoundError: No module named 'jaxlib.version'

The above exception was the direct cause of the following exception:
/usr/local/lib/python3.10/importlib/__init__.py:126: in import_module
    return _bootstrap._gcd_import(name[level:], package, level)
tests/lax_vmap_test.py:26: in <module>
    import jax
jax/__init__.py:35: in <module>
    from jax import config as _config_module
jax/config.py:17: in <module>
    from jax._src.config import config  # noqa: F401
jax/_src/config.py:28: in <module>
    from jax._src import lib
jax/_src/lib/__init__.py:39: in <module>
    raise ImportError(msg) from err
E   ImportError: This version of jax requires jaxlib version >= 0.4.1.
__________________ ERROR collecting tests/lazy_loader_test.py __________________
ImportError while importing test module '/workdir/jax-0.4.2/tests/lazy_loader_test.py'.
Hint: make sure your test modules/packages have valid Python names.
Traceback:
jax/_src/lib/__init__.py:35: in <module>
    import jaxlib.version
E   ModuleNotFoundError: No module named 'jaxlib.version'

The above exception was the direct cause of the following exception:
/usr/local/lib/python3.10/importlib/__init__.py:126: in import_module
    return _bootstrap._gcd_import(name[level:], package, level)
tests/lazy_loader_test.py:19: in <module>
    from jax._src import test_util as jtu
jax/_src/test_util.py:34: in <module>
    import jax
jax/__init__.py:35: in <module>
    from jax import config as _config_module
jax/config.py:17: in <module>
    from jax._src.config import config  # noqa: F401
jax/_src/config.py:28: in <module>
    from jax._src import lib
jax/_src/lib/__init__.py:39: in <module>
    raise ImportError(msg) from err
E   ImportError: This version of jax requires jaxlib version >= 0.4.1.
____________________ ERROR collecting tests/linalg_test.py _____________________
ImportError while importing test module '/workdir/jax-0.4.2/tests/linalg_test.py'.
Hint: make sure your test modules/packages have valid Python names.
Traceback:
jax/_src/lib/__init__.py:35: in <module>
    import jaxlib.version
E   ModuleNotFoundError: No module named 'jaxlib.version'

The above exception was the direct cause of the following exception:
/usr/local/lib/python3.10/importlib/__init__.py:126: in import_module
    return _bootstrap._gcd_import(name[level:], package, level)
tests/linalg_test.py:27: in <module>
    import jax
jax/__init__.py:35: in <module>
    from jax import config as _config_module
jax/config.py:17: in <module>
    from jax._src.config import config  # noqa: F401
jax/_src/config.py:28: in <module>
    from jax._src import lib
jax/_src/lib/__init__.py:39: in <module>
    raise ImportError(msg) from err
E   ImportError: This version of jax requires jaxlib version >= 0.4.1.
____________________ ERROR collecting tests/lobpcg_test.py _____________________
ImportError while importing test module '/workdir/jax-0.4.2/tests/lobpcg_test.py'.
Hint: make sure your test modules/packages have valid Python names.
Traceback:
jax/_src/lib/__init__.py:35: in <module>
    import jaxlib.version
E   ModuleNotFoundError: No module named 'jaxlib.version'

The above exception was the direct cause of the following exception:
/usr/local/lib/python3.10/importlib/__init__.py:126: in import_module
    return _bootstrap._gcd_import(name[level:], package, level)
tests/lobpcg_test.py:32: in <module>
    import jax
jax/__init__.py:35: in <module>
    from jax import config as _config_module
jax/config.py:17: in <module>
    from jax._src.config import config  # noqa: F401
jax/_src/config.py:28: in <module>
    from jax._src import lib
jax/_src/lib/__init__.py:39: in <module>
    raise ImportError(msg) from err
E   ImportError: This version of jax requires jaxlib version >= 0.4.1.
__________________ ERROR collecting tests/mesh_utils_test.py ___________________
ImportError while importing test module '/workdir/jax-0.4.2/tests/mesh_utils_test.py'.
Hint: make sure your test modules/packages have valid Python names.
Traceback:
jax/_src/lib/__init__.py:35: in <module>
    import jaxlib.version
E   ModuleNotFoundError: No module named 'jaxlib.version'

The above exception was the direct cause of the following exception:
/usr/local/lib/python3.10/importlib/__init__.py:126: in import_module
    return _bootstrap._gcd_import(name[level:], package, level)
tests/mesh_utils_test.py:26: in <module>
    from jax.experimental import mesh_utils
jax/__init__.py:35: in <module>
    from jax import config as _config_module
jax/config.py:17: in <module>
    from jax._src.config import config  # noqa: F401
jax/_src/config.py:28: in <module>
    from jax._src import lib
jax/_src/lib/__init__.py:39: in <module>
    raise ImportError(msg) from err
E   ImportError: This version of jax requires jaxlib version >= 0.4.1.
___________________ ERROR collecting tests/metadata_test.py ____________________
ImportError while importing test module '/workdir/jax-0.4.2/tests/metadata_test.py'.
Hint: make sure your test modules/packages have valid Python names.
Traceback:
jax/_src/lib/__init__.py:35: in <module>
    import jaxlib.version
E   ModuleNotFoundError: No module named 'jaxlib.version'

The above exception was the direct cause of the following exception:
/usr/local/lib/python3.10/importlib/__init__.py:126: in import_module
    return _bootstrap._gcd_import(name[level:], package, level)
tests/metadata_test.py:18: in <module>
    from jax._src import test_util as jtu
jax/_src/test_util.py:34: in <module>
    import jax
jax/__init__.py:35: in <module>
    from jax import config as _config_module
jax/config.py:17: in <module>
    from jax._src.config import config  # noqa: F401
jax/_src/config.py:28: in <module>
    from jax._src import lib
jax/_src/lib/__init__.py:39: in <module>
    raise ImportError(msg) from err
E   ImportError: This version of jax requires jaxlib version >= 0.4.1.
__________________ ERROR collecting tests/monitoring_test.py ___________________
ImportError while importing test module '/workdir/jax-0.4.2/tests/monitoring_test.py'.
Hint: make sure your test modules/packages have valid Python names.
Traceback:
jax/_src/lib/__init__.py:35: in <module>
    import jaxlib.version
E   ModuleNotFoundError: No module named 'jaxlib.version'

The above exception was the direct cause of the following exception:
/usr/local/lib/python3.10/importlib/__init__.py:126: in import_module
    return _bootstrap._gcd_import(name[level:], package, level)
tests/monitoring_test.py:19: in <module>
    from jax import monitoring
jax/__init__.py:35: in <module>
    from jax import config as _config_module
jax/config.py:17: in <module>
    from jax._src.config import config  # noqa: F401
jax/_src/config.py:28: in <module>
    from jax._src import lib
jax/_src/lib/__init__.py:39: in <module>
    raise ImportError(msg) from err
E   ImportError: This version of jax requires jaxlib version >= 0.4.1.
_________________ ERROR collecting tests/multi_device_test.py __________________
ImportError while importing test module '/workdir/jax-0.4.2/tests/multi_device_test.py'.
Hint: make sure your test modules/packages have valid Python names.
Traceback:
jax/_src/lib/__init__.py:35: in <module>
    import jaxlib.version
E   ModuleNotFoundError: No module named 'jaxlib.version'

The above exception was the direct cause of the following exception:
/usr/local/lib/python3.10/importlib/__init__.py:126: in import_module
    return _bootstrap._gcd_import(name[level:], package, level)
tests/multi_device_test.py:21: in <module>
    import jax
jax/__init__.py:35: in <module>
    from jax import config as _config_module
jax/config.py:17: in <module>
    from jax._src.config import config  # noqa: F401
jax/_src/config.py:28: in <module>
    from jax._src import lib
jax/_src/lib/__init__.py:39: in <module>
    raise ImportError(msg) from err
E   ImportError: This version of jax requires jaxlib version >= 0.4.1.
_________________ ERROR collecting tests/multibackend_test.py __________________
ImportError while importing test module '/workdir/jax-0.4.2/tests/multibackend_test.py'.
Hint: make sure your test modules/packages have valid Python names.
Traceback:
jax/_src/lib/__init__.py:35: in <module>
    import jaxlib.version
E   ModuleNotFoundError: No module named 'jaxlib.version'

The above exception was the direct cause of the following exception:
/usr/local/lib/python3.10/importlib/__init__.py:126: in import_module
    return _bootstrap._gcd_import(name[level:], package, level)
tests/multibackend_test.py:24: in <module>
    import jax
jax/__init__.py:35: in <module>
    from jax import config as _config_module
jax/config.py:17: in <module>
    from jax._src.config import config  # noqa: F401
jax/_src/config.py:28: in <module>
    from jax._src import lib
jax/_src/lib/__init__.py:39: in <module>
    raise ImportError(msg) from err
E   ImportError: This version of jax requires jaxlib version >= 0.4.1.
_______________ ERROR collecting tests/multiprocess_gpu_test.py ________________
ImportError while importing test module '/workdir/jax-0.4.2/tests/multiprocess_gpu_test.py'.
Hint: make sure your test modules/packages have valid Python names.
Traceback:
jax/_src/lib/__init__.py:35: in <module>
    import jaxlib.version
E   ModuleNotFoundError: No module named 'jaxlib.version'

The above exception was the direct cause of the following exception:
/usr/local/lib/python3.10/importlib/__init__.py:126: in import_module
    return _bootstrap._gcd_import(name[level:], package, level)
tests/multiprocess_gpu_test.py:28: in <module>
    import jax
jax/__init__.py:35: in <module>
    from jax import config as _config_module
jax/config.py:17: in <module>
    from jax._src.config import config  # noqa: F401
jax/_src/config.py:28: in <module>
    from jax._src import lib
jax/_src/lib/__init__.py:39: in <module>
    raise ImportError(msg) from err
E   ImportError: This version of jax requires jaxlib version >= 0.4.1.
__________________ ERROR collecting tests/name_stack_test.py ___________________
ImportError while importing test module '/workdir/jax-0.4.2/tests/name_stack_test.py'.
Hint: make sure your test modules/packages have valid Python names.
Traceback:
jax/_src/lib/__init__.py:35: in <module>
    import jaxlib.version
E   ModuleNotFoundError: No module named 'jaxlib.version'

The above exception was the direct cause of the following exception:
/usr/local/lib/python3.10/importlib/__init__.py:126: in import_module
    return _bootstrap._gcd_import(name[level:], package, level)
tests/name_stack_test.py:17: in <module>
    import jax
jax/__init__.py:35: in <module>
    from jax import config as _config_module
jax/config.py:17: in <module>
    from jax._src.config import config  # noqa: F401
jax/_src/config.py:28: in <module>
    from jax._src import lib
jax/_src/lib/__init__.py:39: in <module>
    raise ImportError(msg) from err
E   ImportError: This version of jax requires jaxlib version >= 0.4.1.
______________________ ERROR collecting tests/nn_test.py _______________________
ImportError while importing test module '/workdir/jax-0.4.2/tests/nn_test.py'.
Hint: make sure your test modules/packages have valid Python names.
Traceback:
jax/_src/lib/__init__.py:35: in <module>
    import jaxlib.version
E   ModuleNotFoundError: No module named 'jaxlib.version'

The above exception was the direct cause of the following exception:
/usr/local/lib/python3.10/importlib/__init__.py:126: in import_module
    return _bootstrap._gcd_import(name[level:], package, level)
tests/nn_test.py:26: in <module>
    from jax import core
jax/__init__.py:35: in <module>
    from jax import config as _config_module
jax/config.py:17: in <module>
    from jax._src.config import config  # noqa: F401
jax/_src/config.py:28: in <module>
    from jax._src import lib
jax/_src/lib/__init__.py:39: in <module>
    raise ImportError(msg) from err
E   ImportError: This version of jax requires jaxlib version >= 0.4.1.
______________________ ERROR collecting tests/ode_test.py ______________________
ImportError while importing test module '/workdir/jax-0.4.2/tests/ode_test.py'.
Hint: make sure your test modules/packages have valid Python names.
Traceback:
jax/_src/lib/__init__.py:35: in <module>
    import jaxlib.version
E   ModuleNotFoundError: No module named 'jaxlib.version'

The above exception was the direct cause of the following exception:
/usr/local/lib/python3.10/importlib/__init__.py:126: in import_module
    return _bootstrap._gcd_import(name[level:], package, level)
tests/ode_test.py:20: in <module>
    import jax
jax/__init__.py:35: in <module>
    from jax import config as _config_module
jax/config.py:17: in <module>
    from jax._src.config import config  # noqa: F401
jax/_src/config.py:28: in <module>
    from jax._src import lib
jax/_src/lib/__init__.py:39: in <module>
    raise ImportError(msg) from err
E   ImportError: This version of jax requires jaxlib version >= 0.4.1.
__________________ ERROR collecting tests/optimizers_test.py ___________________
ImportError while importing test module '/workdir/jax-0.4.2/tests/optimizers_test.py'.
Hint: make sure your test modules/packages have valid Python names.
Traceback:
jax/_src/lib/__init__.py:35: in <module>
    import jaxlib.version
E   ModuleNotFoundError: No module named 'jaxlib.version'

The above exception was the direct cause of the following exception:
/usr/local/lib/python3.10/importlib/__init__.py:126: in import_module
    return _bootstrap._gcd_import(name[level:], package, level)
tests/optimizers_test.py:22: in <module>
    import jax.numpy as jnp
jax/__init__.py:35: in <module>
    from jax import config as _config_module
jax/config.py:17: in <module>
    from jax._src.config import config  # noqa: F401
jax/_src/config.py:28: in <module>
    from jax._src import lib
jax/_src/lib/__init__.py:39: in <module>
    raise ImportError(msg) from err
E   ImportError: This version of jax requires jaxlib version >= 0.4.1.
____________________ ERROR collecting tests/pickle_test.py _____________________
ImportError while importing test module '/workdir/jax-0.4.2/tests/pickle_test.py'.
Hint: make sure your test modules/packages have valid Python names.
Traceback:
jax/_src/lib/__init__.py:35: in <module>
    import jaxlib.version
E   ModuleNotFoundError: No module named 'jaxlib.version'

The above exception was the direct cause of the following exception:
/usr/local/lib/python3.10/importlib/__init__.py:126: in import_module
    return _bootstrap._gcd_import(name[level:], package, level)
tests/pickle_test.py:27: in <module>
    import jax
jax/__init__.py:35: in <module>
    from jax import config as _config_module
jax/config.py:17: in <module>
    from jax._src.config import config  # noqa: F401
jax/_src/config.py:28: in <module>
    from jax._src import lib
jax/_src/lib/__init__.py:39: in <module>
    raise ImportError(msg) from err
E   ImportError: This version of jax requires jaxlib version >= 0.4.1.
_____________________ ERROR collecting tests/pjit_test.py ______________________
ImportError while importing test module '/workdir/jax-0.4.2/tests/pjit_test.py'.
Hint: make sure your test modules/packages have valid Python names.
Traceback:
jax/_src/lib/__init__.py:35: in <module>
    import jaxlib.version
E   ModuleNotFoundError: No module named 'jaxlib.version'

The above exception was the direct cause of the following exception:
/usr/local/lib/python3.10/importlib/__init__.py:126: in import_module
    return _bootstrap._gcd_import(name[level:], package, level)
tests/pjit_test.py:29: in <module>
    import jax
jax/__init__.py:35: in <module>
    from jax import config as _config_module
jax/config.py:17: in <module>
    from jax._src.config import config  # noqa: F401
jax/_src/config.py:28: in <module>
    from jax._src import lib
jax/_src/lib/__init__.py:39: in <module>
    raise ImportError(msg) from err
E   ImportError: This version of jax requires jaxlib version >= 0.4.1.
_____________________ ERROR collecting tests/pmap_test.py ______________________
ImportError while importing test module '/workdir/jax-0.4.2/tests/pmap_test.py'.
Hint: make sure your test modules/packages have valid Python names.
Traceback:
jax/_src/lib/__init__.py:35: in <module>
    import jaxlib.version
E   ModuleNotFoundError: No module named 'jaxlib.version'

The above exception was the direct cause of the following exception:
/usr/local/lib/python3.10/importlib/__init__.py:126: in import_module
    return _bootstrap._gcd_import(name[level:], package, level)
tests/pmap_test.py:32: in <module>
    import jax
jax/__init__.py:35: in <module>
    from jax import config as _config_module
jax/config.py:17: in <module>
    from jax._src.config import config  # noqa: F401
jax/_src/config.py:28: in <module>
    from jax._src import lib
jax/_src/lib/__init__.py:39: in <module>
    raise ImportError(msg) from err
E   ImportError: This version of jax requires jaxlib version >= 0.4.1.
__________________ ERROR collecting tests/polynomial_test.py ___________________
ImportError while importing test module '/workdir/jax-0.4.2/tests/polynomial_test.py'.
Hint: make sure your test modules/packages have valid Python names.
Traceback:
/usr/local/lib/python3.10/importlib/__init__.py:126: in import_module
    return _bootstrap._gcd_import(name[level:], package, level)
tests/polynomial_test.py:22: in <module>
    from jax._src import dtypes
jax/_src/dtypes.py:30: in <module>
    from jax._src.config import flags, config
jax/_src/config.py:28: in <module>
    from jax._src import lib
jax/_src/lib/__init__.py:32: in <module>
    import jax.version
jax/__init__.py:35: in <module>
    from jax import config as _config_module
jax/config.py:17: in <module>
    from jax._src.config import config  # noqa: F401
E   ImportError: cannot import name 'config' from partially initialized module 'jax._src.config' (most likely due to a circular import) (/workdir/jax-0.4.2/jax/_src/config.py)
___________________ ERROR collecting tests/profiler_test.py ____________________
ImportError while importing test module '/workdir/jax-0.4.2/tests/profiler_test.py'.
Hint: make sure your test modules/packages have valid Python names.
Traceback:
jax/_src/lib/__init__.py:35: in <module>
    import jaxlib.version
E   ModuleNotFoundError: No module named 'jaxlib.version'

The above exception was the direct cause of the following exception:
/usr/local/lib/python3.10/importlib/__init__.py:126: in import_module
    return _bootstrap._gcd_import(name[level:], package, level)
tests/profiler_test.py:25: in <module>
    import jax
jax/__init__.py:35: in <module>
    from jax import config as _config_module
jax/config.py:17: in <module>
    from jax._src.config import config  # noqa: F401
jax/_src/config.py:28: in <module>
    from jax._src import lib
jax/_src/lib/__init__.py:39: in <module>
    raise ImportError(msg) from err
E   ImportError: This version of jax requires jaxlib version >= 0.4.1.
________________ ERROR collecting tests/python_callback_test.py ________________
ImportError while importing test module '/workdir/jax-0.4.2/tests/python_callback_test.py'.
Hint: make sure your test modules/packages have valid Python names.
Traceback:
jax/_src/lib/__init__.py:35: in <module>
    import jaxlib.version
E   ModuleNotFoundError: No module named 'jaxlib.version'

The above exception was the direct cause of the following exception:
/usr/local/lib/python3.10/importlib/__init__.py:126: in import_module
    return _bootstrap._gcd_import(name[level:], package, level)
tests/python_callback_test.py:21: in <module>
    import jax
jax/__init__.py:35: in <module>
    from jax import config as _config_module
jax/config.py:17: in <module>
    from jax._src.config import config  # noqa: F401
jax/_src/config.py:28: in <module>
    from jax._src import lib
jax/_src/lib/__init__.py:39: in <module>
    raise ImportError(msg) from err
E   ImportError: This version of jax requires jaxlib version >= 0.4.1.
_____________________ ERROR collecting tests/qdwh_test.py ______________________
ImportError while importing test module '/workdir/jax-0.4.2/tests/qdwh_test.py'.
Hint: make sure your test modules/packages have valid Python names.
Traceback:
jax/_src/lib/__init__.py:35: in <module>
    import jaxlib.version
E   ModuleNotFoundError: No module named 'jaxlib.version'

The above exception was the direct cause of the following exception:
/usr/local/lib/python3.10/importlib/__init__.py:126: in import_module
    return _bootstrap._gcd_import(name[level:], package, level)
tests/qdwh_test.py:18: in <module>
    import jax
jax/__init__.py:35: in <module>
    from jax import config as _config_module
jax/config.py:17: in <module>
    from jax._src.config import config  # noqa: F401
jax/_src/config.py:28: in <module>
    from jax._src import lib
jax/_src/lib/__init__.py:39: in <module>
    raise ImportError(msg) from err
E   ImportError: This version of jax requires jaxlib version >= 0.4.1.
____________________ ERROR collecting tests/random_test.py _____________________
ImportError while importing test module '/workdir/jax-0.4.2/tests/random_test.py'.
Hint: make sure your test modules/packages have valid Python names.
Traceback:
jax/_src/lib/__init__.py:35: in <module>
    import jaxlib.version
E   ModuleNotFoundError: No module named 'jaxlib.version'

The above exception was the direct cause of the following exception:
/usr/local/lib/python3.10/importlib/__init__.py:126: in import_module
    return _bootstrap._gcd_import(name[level:], package, level)
tests/random_test.py:29: in <module>
    import jax
jax/__init__.py:35: in <module>
    from jax import config as _config_module
jax/config.py:17: in <module>
    from jax._src.config import config  # noqa: F401
jax/_src/config.py:28: in <module>
    from jax._src import lib
jax/_src/lib/__init__.py:39: in <module>
    raise ImportError(msg) from err
E   ImportError: This version of jax requires jaxlib version >= 0.4.1.
________________ ERROR collecting tests/remote_transfer_test.py ________________
ImportError while importing test module '/workdir/jax-0.4.2/tests/remote_transfer_test.py'.
Hint: make sure your test modules/packages have valid Python names.
Traceback:
jax/_src/lib/__init__.py:35: in <module>
    import jaxlib.version
E   ModuleNotFoundError: No module named 'jaxlib.version'

The above exception was the direct cause of the following exception:
/usr/local/lib/python3.10/importlib/__init__.py:126: in import_module
    return _bootstrap._gcd_import(name[level:], package, level)
tests/remote_transfer_test.py:20: in <module>
    import jax
jax/__init__.py:35: in <module>
    from jax import config as _config_module
jax/config.py:17: in <module>
    from jax._src.config import config  # noqa: F401
jax/_src/config.py:28: in <module>
    from jax._src import lib
jax/_src/lib/__init__.py:39: in <module>
    raise ImportError(msg) from err
E   ImportError: This version of jax requires jaxlib version >= 0.4.1.
___________________ ERROR collecting tests/scipy_fft_test.py ___________________
ImportError while importing test module '/workdir/jax-0.4.2/tests/scipy_fft_test.py'.
Hint: make sure your test modules/packages have valid Python names.
Traceback:
jax/_src/lib/__init__.py:35: in <module>
    import jaxlib.version
E   ModuleNotFoundError: No module named 'jaxlib.version'

The above exception was the direct cause of the following exception:
/usr/local/lib/python3.10/importlib/__init__.py:126: in import_module
    return _bootstrap._gcd_import(name[level:], package, level)
tests/scipy_fft_test.py:18: in <module>
    from jax._src import test_util as jtu
jax/_src/test_util.py:34: in <module>
    import jax
jax/__init__.py:35: in <module>
    from jax import config as _config_module
jax/config.py:17: in <module>
    from jax._src.config import config  # noqa: F401
jax/_src/config.py:28: in <module>
    from jax._src import lib
jax/_src/lib/__init__.py:39: in <module>
    raise ImportError(msg) from err
E   ImportError: This version of jax requires jaxlib version >= 0.4.1.
_______________ ERROR collecting tests/scipy_interpolate_test.py _______________
ImportError while importing test module '/workdir/jax-0.4.2/tests/scipy_interpolate_test.py'.
Hint: make sure your test modules/packages have valid Python names.
Traceback:
jax/_src/lib/__init__.py:35: in <module>
    import jaxlib.version
E   ModuleNotFoundError: No module named 'jaxlib.version'

The above exception was the direct cause of the following exception:
/usr/local/lib/python3.10/importlib/__init__.py:126: in import_module
    return _bootstrap._gcd_import(name[level:], package, level)
tests/scipy_interpolate_test.py:21: in <module>
    from jax._src import test_util as jtu
jax/_src/test_util.py:34: in <module>
    import jax
jax/__init__.py:35: in <module>
    from jax import config as _config_module
jax/config.py:17: in <module>
    from jax._src.config import config  # noqa: F401
jax/_src/config.py:28: in <module>
    from jax._src import lib
jax/_src/lib/__init__.py:39: in <module>
    raise ImportError(msg) from err
E   ImportError: This version of jax requires jaxlib version >= 0.4.1.
_________________ ERROR collecting tests/scipy_ndimage_test.py _________________
ImportError while importing test module '/workdir/jax-0.4.2/tests/scipy_ndimage_test.py'.
Hint: make sure your test modules/packages have valid Python names.
Traceback:
jax/_src/lib/__init__.py:35: in <module>
    import jaxlib.version
E   ModuleNotFoundError: No module named 'jaxlib.version'

The above exception was the direct cause of the following exception:
/usr/local/lib/python3.10/importlib/__init__.py:126: in import_module
    return _bootstrap._gcd_import(name[level:], package, level)
tests/scipy_ndimage_test.py:23: in <module>
    from jax import grad
jax/__init__.py:35: in <module>
    from jax import config as _config_module
jax/config.py:17: in <module>
    from jax._src.config import config  # noqa: F401
jax/_src/config.py:28: in <module>
    from jax._src import lib
jax/_src/lib/__init__.py:39: in <module>
    raise ImportError(msg) from err
E   ImportError: This version of jax requires jaxlib version >= 0.4.1.
________________ ERROR collecting tests/scipy_optimize_test.py _________________
ImportError while importing test module '/workdir/jax-0.4.2/tests/scipy_optimize_test.py'.
Hint: make sure your test modules/packages have valid Python names.
Traceback:
jax/_src/lib/__init__.py:35: in <module>
    import jaxlib.version
E   ModuleNotFoundError: No module named 'jaxlib.version'

The above exception was the direct cause of the following exception:
/usr/local/lib/python3.10/importlib/__init__.py:126: in import_module
    return _bootstrap._gcd_import(name[level:], package, level)
tests/scipy_optimize_test.py:20: in <module>
    from jax import numpy as jnp
jax/__init__.py:35: in <module>
    from jax import config as _config_module
jax/config.py:17: in <module>
    from jax._src.config import config  # noqa: F401
jax/_src/config.py:28: in <module>
    from jax._src import lib
jax/_src/lib/__init__.py:39: in <module>
    raise ImportError(msg) from err
E   ImportError: This version of jax requires jaxlib version >= 0.4.1.
_________________ ERROR collecting tests/scipy_signal_test.py __________________
ImportError while importing test module '/workdir/jax-0.4.2/tests/scipy_signal_test.py'.
Hint: make sure your test modules/packages have valid Python names.
Traceback:
jax/_src/lib/__init__.py:35: in <module>
    import jaxlib.version
E   ModuleNotFoundError: No module named 'jaxlib.version'

The above exception was the direct cause of the following exception:
/usr/local/lib/python3.10/importlib/__init__.py:126: in import_module
    return _bootstrap._gcd_import(name[level:], package, level)
tests/scipy_signal_test.py:24: in <module>
    from jax import lax
jax/__init__.py:35: in <module>
    from jax import config as _config_module
jax/config.py:17: in <module>
    from jax._src.config import config  # noqa: F401
jax/_src/config.py:28: in <module>
    from jax._src import lib
jax/_src/lib/__init__.py:39: in <module>
    raise ImportError(msg) from err
E   ImportError: This version of jax requires jaxlib version >= 0.4.1.
__________________ ERROR collecting tests/scipy_stats_test.py __________________
ImportError while importing test module '/workdir/jax-0.4.2/tests/scipy_stats_test.py'.
Hint: make sure your test modules/packages have valid Python names.
Traceback:
jax/_src/lib/__init__.py:35: in <module>
    import jaxlib.version
E   ModuleNotFoundError: No module named 'jaxlib.version'

The above exception was the direct cause of the following exception:
/usr/local/lib/python3.10/importlib/__init__.py:126: in import_module
    return _bootstrap._gcd_import(name[level:], package, level)
tests/scipy_stats_test.py:25: in <module>
    import jax
jax/__init__.py:35: in <module>
    from jax import config as _config_module
jax/config.py:17: in <module>
    from jax._src.config import config  # noqa: F401
jax/_src/config.py:28: in <module>
    from jax._src import lib
jax/_src/lib/__init__.py:39: in <module>
    raise ImportError(msg) from err
E   ImportError: This version of jax requires jaxlib version >= 0.4.1.
____________________ ERROR collecting tests/sparse_test.py _____________________
ImportError while importing test module '/workdir/jax-0.4.2/tests/sparse_test.py'.
Hint: make sure your test modules/packages have valid Python names.
Traceback:
jax/_src/lib/__init__.py:35: in <module>
    import jaxlib.version
E   ModuleNotFoundError: No module named 'jaxlib.version'

The above exception was the direct cause of the following exception:
/usr/local/lib/python3.10/importlib/__init__.py:126: in import_module
    return _bootstrap._gcd_import(name[level:], package, level)
tests/sparse_test.py:26: in <module>
    import jax
jax/__init__.py:35: in <module>
    from jax import config as _config_module
jax/config.py:17: in <module>
    from jax._src.config import config  # noqa: F401
jax/_src/config.py:28: in <module>
    from jax._src import lib
jax/_src/lib/__init__.py:39: in <module>
    raise ImportError(msg) from err
E   ImportError: This version of jax requires jaxlib version >= 0.4.1.
___________________ ERROR collecting tests/sparsify_test.py ____________________
ImportError while importing test module '/workdir/jax-0.4.2/tests/sparsify_test.py'.
Hint: make sure your test modules/packages have valid Python names.
Traceback:
jax/_src/lib/__init__.py:35: in <module>
    import jaxlib.version
E   ModuleNotFoundError: No module named 'jaxlib.version'

The above exception was the direct cause of the following exception:
/usr/local/lib/python3.10/importlib/__init__.py:126: in import_module
    return _bootstrap._gcd_import(name[level:], package, level)
tests/sparsify_test.py:23: in <module>
    import jax
jax/__init__.py:35: in <module>
    from jax import config as _config_module
jax/config.py:17: in <module>
    from jax._src.config import config  # noqa: F401
jax/_src/config.py:28: in <module>
    from jax._src import lib
jax/_src/lib/__init__.py:39: in <module>
    raise ImportError(msg) from err
E   ImportError: This version of jax requires jaxlib version >= 0.4.1.
_____________________ ERROR collecting tests/stack_test.py _____________________
ImportError while importing test module '/workdir/jax-0.4.2/tests/stack_test.py'.
Hint: make sure your test modules/packages have valid Python names.
Traceback:
jax/_src/lib/__init__.py:35: in <module>
    import jaxlib.version
E   ModuleNotFoundError: No module named 'jaxlib.version'

The above exception was the direct cause of the following exception:
/usr/local/lib/python3.10/importlib/__init__.py:126: in import_module
    return _bootstrap._gcd_import(name[level:], package, level)
tests/stack_test.py:20: in <module>
    import jax.numpy as jnp
jax/__init__.py:35: in <module>
    from jax import config as _config_module
jax/config.py:17: in <module>
    from jax._src.config import config  # noqa: F401
jax/_src/config.py:28: in <module>
    from jax._src import lib
jax/_src/lib/__init__.py:39: in <module>
    raise ImportError(msg) from err
E   ImportError: This version of jax requires jaxlib version >= 0.4.1.
_____________________ ERROR collecting tests/state_test.py _____________________
ImportError while importing test module '/workdir/jax-0.4.2/tests/state_test.py'.
Hint: make sure your test modules/packages have valid Python names.
Traceback:
jax/_src/lib/__init__.py:35: in <module>
    import jaxlib.version
E   ModuleNotFoundError: No module named 'jaxlib.version'

The above exception was the direct cause of the following exception:
/usr/local/lib/python3.10/importlib/__init__.py:126: in import_module
    return _bootstrap._gcd_import(name[level:], package, level)
tests/state_test.py:22: in <module>
    import jax
jax/__init__.py:35: in <module>
    from jax import config as _config_module
jax/config.py:17: in <module>
    from jax._src.config import config  # noqa: F401
jax/_src/config.py:28: in <module>
    from jax._src import lib
jax/_src/lib/__init__.py:39: in <module>
    raise ImportError(msg) from err
E   ImportError: This version of jax requires jaxlib version >= 0.4.1.
_____________________ ERROR collecting tests/stax_test.py ______________________
ImportError while importing test module '/workdir/jax-0.4.2/tests/stax_test.py'.
Hint: make sure your test modules/packages have valid Python names.
Traceback:
jax/_src/lib/__init__.py:35: in <module>
    import jaxlib.version
E   ModuleNotFoundError: No module named 'jaxlib.version'

The above exception was the direct cause of the following exception:
/usr/local/lib/python3.10/importlib/__init__.py:126: in import_module
    return _bootstrap._gcd_import(name[level:], package, level)
tests/stax_test.py:21: in <module>
    from jax._src import test_util as jtu
jax/_src/test_util.py:34: in <module>
    import jax
jax/__init__.py:35: in <module>
    from jax import config as _config_module
jax/config.py:17: in <module>
    from jax._src.config import config  # noqa: F401
jax/_src/config.py:28: in <module>
    from jax._src import lib
jax/_src/lib/__init__.py:39: in <module>
    raise ImportError(msg) from err
E   ImportError: This version of jax requires jaxlib version >= 0.4.1.
______________________ ERROR collecting tests/svd_test.py ______________________
ImportError while importing test module '/workdir/jax-0.4.2/tests/svd_test.py'.
Hint: make sure your test modules/packages have valid Python names.
Traceback:
jax/_src/lib/__init__.py:35: in <module>
    import jaxlib.version
E   ModuleNotFoundError: No module named 'jaxlib.version'

The above exception was the direct cause of the following exception:
/usr/local/lib/python3.10/importlib/__init__.py:126: in import_module
    return _bootstrap._gcd_import(name[level:], package, level)
tests/svd_test.py:18: in <module>
    import jax
jax/__init__.py:35: in <module>
    from jax import config as _config_module
jax/config.py:17: in <module>
    from jax._src.config import config  # noqa: F401
jax/_src/config.py:28: in <module>
    from jax._src import lib
jax/_src/lib/__init__.py:39: in <module>
    raise ImportError(msg) from err
E   ImportError: This version of jax requires jaxlib version >= 0.4.1.
________________ ERROR collecting tests/transfer_guard_test.py _________________
ImportError while importing test module '/workdir/jax-0.4.2/tests/transfer_guard_test.py'.
Hint: make sure your test modules/packages have valid Python names.
Traceback:
jax/_src/lib/__init__.py:35: in <module>
    import jaxlib.version
E   ModuleNotFoundError: No module named 'jaxlib.version'

The above exception was the direct cause of the following exception:
/usr/local/lib/python3.10/importlib/__init__.py:126: in import_module
    return _bootstrap._gcd_import(name[level:], package, level)
tests/transfer_guard_test.py:24: in <module>
    import jax
jax/__init__.py:35: in <module>
    from jax import config as _config_module
jax/config.py:17: in <module>
    from jax._src.config import config  # noqa: F401
jax/_src/config.py:28: in <module>
    from jax._src import lib
jax/_src/lib/__init__.py:39: in <module>
    raise ImportError(msg) from err
E   ImportError: This version of jax requires jaxlib version >= 0.4.1.
___________________ ERROR collecting tests/tree_util_test.py ___________________
ImportError while importing test module '/workdir/jax-0.4.2/tests/tree_util_test.py'.
Hint: make sure your test modules/packages have valid Python names.
Traceback:
jax/_src/lib/__init__.py:35: in <module>
    import jaxlib.version
E   ModuleNotFoundError: No module named 'jaxlib.version'

The above exception was the direct cause of the following exception:
/usr/local/lib/python3.10/importlib/__init__.py:126: in import_module
    return _bootstrap._gcd_import(name[level:], package, level)
tests/tree_util_test.py:23: in <module>
    import jax
jax/__init__.py:35: in <module>
    from jax import config as _config_module
jax/config.py:17: in <module>
    from jax._src.config import config  # noqa: F401
jax/_src/config.py:28: in <module>
    from jax._src import lib
jax/_src/lib/__init__.py:39: in <module>
    raise ImportError(msg) from err
E   ImportError: This version of jax requires jaxlib version >= 0.4.1.
____________________ ERROR collecting tests/typing_test.py _____________________
ImportError while importing test module '/workdir/jax-0.4.2/tests/typing_test.py'.
Hint: make sure your test modules/packages have valid Python names.
Traceback:
jax/_src/lib/__init__.py:35: in <module>
    import jaxlib.version
E   ModuleNotFoundError: No module named 'jaxlib.version'

The above exception was the direct cause of the following exception:
/usr/local/lib/python3.10/importlib/__init__.py:126: in import_module
    return _bootstrap._gcd_import(name[level:], package, level)
tests/typing_test.py:22: in <module>
    import jax
jax/__init__.py:35: in <module>
    from jax import config as _config_module
jax/config.py:17: in <module>
    from jax._src.config import config  # noqa: F401
jax/_src/config.py:28: in <module>
    from jax._src import lib
jax/_src/lib/__init__.py:39: in <module>
    raise ImportError(msg) from err
E   ImportError: This version of jax requires jaxlib version >= 0.4.1.
_____________________ ERROR collecting tests/util_test.py ______________________
ImportError while importing test module '/workdir/jax-0.4.2/tests/util_test.py'.
Hint: make sure your test modules/packages have valid Python names.
Traceback:
jax/_src/lib/__init__.py:35: in <module>
    import jaxlib.version
E   ModuleNotFoundError: No module named 'jaxlib.version'

The above exception was the direct cause of the following exception:
/usr/local/lib/python3.10/importlib/__init__.py:126: in import_module
    return _bootstrap._gcd_import(name[level:], package, level)
tests/util_test.py:17: in <module>
    from jax._src import linear_util as lu
jax/_src/linear_util.py:70: in <module>
    from jax.tree_util import tree_map
jax/__init__.py:35: in <module>
    from jax import config as _config_module
jax/config.py:17: in <module>
    from jax._src.config import config  # noqa: F401
jax/_src/config.py:28: in <module>
    from jax._src import lib
jax/_src/lib/__init__.py:39: in <module>
    raise ImportError(msg) from err
E   ImportError: This version of jax requires jaxlib version >= 0.4.1.
____________________ ERROR collecting tests/version_test.py ____________________
ImportError while importing test module '/workdir/jax-0.4.2/tests/version_test.py'.
Hint: make sure your test modules/packages have valid Python names.
Traceback:
/usr/local/lib/python3.10/importlib/__init__.py:126: in import_module
    return _bootstrap._gcd_import(name[level:], package, level)
tests/version_test.py:19: in <module>
    from jax._src.lib import check_jaxlib_version
jax/_src/lib/__init__.py:32: in <module>
    import jax.version
jax/__init__.py:35: in <module>
    from jax import config as _config_module
jax/config.py:17: in <module>
    from jax._src.config import config  # noqa: F401
jax/_src/config.py:29: in <module>
    from jax._src.lib import jax_jit
E   ImportError: cannot import name 'jax_jit' from partially initialized module 'jax._src.lib' (most likely due to a circular import) (/workdir/jax-0.4.2/jax/_src/lib/__init__.py)
__________________ ERROR collecting tests/x64_context_test.py __________________
ImportError while importing test module '/workdir/jax-0.4.2/tests/x64_context_test.py'.
Hint: make sure your test modules/packages have valid Python names.
Traceback:
jax/_src/lib/__init__.py:35: in <module>
    import jaxlib.version
E   ModuleNotFoundError: No module named 'jaxlib.version'

The above exception was the direct cause of the following exception:
/usr/local/lib/python3.10/importlib/__init__.py:126: in import_module
    return _bootstrap._gcd_import(name[level:], package, level)
tests/x64_context_test.py:24: in <module>
    import jax
jax/__init__.py:35: in <module>
    from jax import config as _config_module
jax/config.py:17: in <module>
    from jax._src.config import config  # noqa: F401
jax/_src/config.py:28: in <module>
    from jax._src import lib
jax/_src/lib/__init__.py:39: in <module>
    raise ImportError(msg) from err
E   ImportError: This version of jax requires jaxlib version >= 0.4.1.
__________________ ERROR collecting tests/xla_bridge_test.py ___________________
ImportError while importing test module '/workdir/jax-0.4.2/tests/xla_bridge_test.py'.
Hint: make sure your test modules/packages have valid Python names.
Traceback:
jax/_src/lib/__init__.py:35: in <module>
    import jaxlib.version
E   ModuleNotFoundError: No module named 'jaxlib.version'

The above exception was the direct cause of the following exception:
/usr/local/lib/python3.10/importlib/__init__.py:126: in import_module
    return _bootstrap._gcd_import(name[level:], package, level)
tests/xla_bridge_test.py:20: in <module>
    from jax._src import test_util as jtu
jax/_src/test_util.py:34: in <module>
    import jax
jax/__init__.py:35: in <module>
    from jax import config as _config_module
jax/config.py:17: in <module>
    from jax._src.config import config  # noqa: F401
jax/_src/config.py:28: in <module>
    from jax._src import lib
jax/_src/lib/__init__.py:39: in <module>
    raise ImportError(msg) from err
E   ImportError: This version of jax requires jaxlib version >= 0.4.1.
________________ ERROR collecting tests/xla_interpreter_test.py ________________
ImportError while importing test module '/workdir/jax-0.4.2/tests/xla_interpreter_test.py'.
Hint: make sure your test modules/packages have valid Python names.
Traceback:
jax/_src/lib/__init__.py:35: in <module>
    import jaxlib.version
E   ModuleNotFoundError: No module named 'jaxlib.version'

The above exception was the direct cause of the following exception:
/usr/local/lib/python3.10/importlib/__init__.py:126: in import_module
    return _bootstrap._gcd_import(name[level:], package, level)
tests/xla_interpreter_test.py:17: in <module>
    import jax
jax/__init__.py:35: in <module>
    from jax import config as _config_module
jax/config.py:17: in <module>
    from jax._src.config import config  # noqa: F401
jax/_src/config.py:28: in <module>
    from jax._src import lib
jax/_src/lib/__init__.py:39: in <module>
    raise ImportError(msg) from err
E   ImportError: This version of jax requires jaxlib version >= 0.4.1.
_____________________ ERROR collecting tests/xmap_test.py ______________________
ImportError while importing test module '/workdir/jax-0.4.2/tests/xmap_test.py'.
Hint: make sure your test modules/packages have valid Python names.
Traceback:
jax/_src/lib/__init__.py:35: in <module>
    import jaxlib.version
E   ModuleNotFoundError: No module named 'jaxlib.version'

The above exception was the direct cause of the following exception:
/usr/local/lib/python3.10/importlib/__init__.py:126: in import_module
    return _bootstrap._gcd_import(name[level:], package, level)
tests/xmap_test.py:28: in <module>
    import jax
jax/__init__.py:35: in <module>
    from jax import config as _config_module
jax/config.py:17: in <module>
    from jax._src.config import config  # noqa: F401
jax/_src/config.py:28: in <module>
    from jax._src import lib
jax/_src/lib/__init__.py:39: in <module>
    raise ImportError(msg) from err
E   ImportError: This version of jax requires jaxlib version >= 0.4.1.
_________ ERROR collecting tests/third_party/scipy/line_search_test.py _________
ImportError while importing test module '/workdir/jax-0.4.2/tests/third_party/scipy/line_search_test.py'.
Hint: make sure your test modules/packages have valid Python names.
Traceback:
jax/_src/lib/__init__.py:35: in <module>
    import jaxlib.version
E   ModuleNotFoundError: No module named 'jaxlib.version'

The above exception was the direct cause of the following exception:
/usr/local/lib/python3.10/importlib/__init__.py:126: in import_module
    return _bootstrap._gcd_import(name[level:], package, level)
tests/third_party/scipy/line_search_test.py:4: in <module>
    import jax
jax/__init__.py:35: in <module>
    from jax import config as _config_module
jax/config.py:17: in <module>
    from jax._src.config import config  # noqa: F401
jax/_src/config.py:28: in <module>
    from jax._src import lib
jax/_src/lib/__init__.py:39: in <module>
    raise ImportError(msg) from err
E   ImportError: This version of jax requires jaxlib version >= 0.4.1.
-- generated xml file: /workdir/results/jax/0.4.2/1/cpython-test-results.xml ---
=========================== short test summary info ============================
ERROR examples/examples_test.py
ERROR jax/test_util.py
ERROR jax/_src/test_util.py
ERROR jax/experimental/gda_serialization/serialization_test.py
ERROR jax/experimental/jax2tf/examples/keras_reuse_main_test.py
ERROR jax/experimental/jax2tf/examples/saved_model_main_test.py
ERROR jax/experimental/jax2tf/tests/call_tf_test.py
ERROR jax/experimental/jax2tf/tests/control_flow_ops_test.py
ERROR jax/experimental/jax2tf/tests/jax2tf_test.py
ERROR jax/experimental/jax2tf/tests/jax_primitives_coverage_test.py
ERROR jax/experimental/jax2tf/tests/primitives_test.py
ERROR jax/experimental/jax2tf/tests/savedmodel_test.py
ERROR jax/experimental/jax2tf/tests/shape_poly_test.py
ERROR jax/experimental/jax2tf/tests/sharding_test.py
ERROR jax/experimental/sparse/test_util.py
ERROR tests/ann_test.py
ERROR tests/api_test.py
ERROR tests/api_util_test.py
ERROR tests/array_interoperability_test.py
ERROR tests/array_test.py
ERROR tests/batching_test.py
ERROR tests/checkify_test.py
ERROR tests/clear_backends_test.py
ERROR tests/compilation_cache_test.py
ERROR tests/core_test.py
ERROR tests/custom_linear_solve_test.py
ERROR tests/custom_object_test.py
ERROR tests/custom_root_test.py
ERROR tests/debug_nans_test.py
ERROR tests/debugger_test.py
ERROR tests/debugging_primitives_test.py
ERROR tests/dtypes_test.py
ERROR tests/dynamic_api_test.py
ERROR tests/errors_test.py
ERROR tests/experimental_rnn_test.py
ERROR tests/fft_test.py
ERROR tests/for_loop_test.py
ERROR tests/generated_fun_test.py
ERROR tests/gfile_cache_test.py
ERROR tests/global_device_array_test.py
ERROR tests/heap_profiler_test.py
ERROR tests/host_callback_test.py
ERROR tests/host_callback_to_tf_test.py
ERROR tests/image_test.py
ERROR tests/infeed_test.py
ERROR tests/jax_jit_test.py
ERROR tests/jax_to_ir_test.py
ERROR tests/jaxpr_effects_test.py
ERROR tests/jaxpr_util_test.py
ERROR tests/jet_test.py
ERROR tests/lax_autodiff_test.py
ERROR tests/lax_control_flow_test.py
ERROR tests/lax_numpy_einsum_test.py
ERROR tests/lax_numpy_indexing_test.py
ERROR tests/lax_numpy_operators_test.py
ERROR tests/lax_numpy_reducers_test.py
ERROR tests/lax_numpy_test.py
ERROR tests/lax_numpy_vectorize_test.py
ERROR tests/lax_scipy_sparse_test.py
ERROR tests/lax_scipy_test.py
ERROR tests/lax_test.py
ERROR tests/lax_vmap_test.py
ERROR tests/lazy_loader_test.py
ERROR tests/linalg_test.py
ERROR tests/lobpcg_test.py
ERROR tests/mesh_utils_test.py
ERROR tests/metadata_test.py
ERROR tests/monitoring_test.py
ERROR tests/multi_device_test.py
ERROR tests/multibackend_test.py
ERROR tests/multiprocess_gpu_test.py
ERROR tests/name_stack_test.py
ERROR tests/nn_test.py
ERROR tests/ode_test.py
ERROR tests/optimizers_test.py
ERROR tests/pickle_test.py
ERROR tests/pjit_test.py
ERROR tests/pmap_test.py
ERROR tests/polynomial_test.py
ERROR tests/profiler_test.py
ERROR tests/python_callback_test.py
ERROR tests/qdwh_test.py
ERROR tests/random_test.py
ERROR tests/remote_transfer_test.py
ERROR tests/scipy_fft_test.py
ERROR tests/scipy_interpolate_test.py
ERROR tests/scipy_ndimage_test.py
ERROR tests/scipy_optimize_test.py
ERROR tests/scipy_signal_test.py
ERROR tests/scipy_stats_test.py
ERROR tests/sparse_test.py
ERROR tests/sparsify_test.py
ERROR tests/stack_test.py
ERROR tests/state_test.py
ERROR tests/stax_test.py
ERROR tests/svd_test.py
ERROR tests/transfer_guard_test.py
ERROR tests/tree_util_test.py
ERROR tests/typing_test.py
ERROR tests/util_test.py
ERROR tests/version_test.py
ERROR tests/x64_context_test.py
ERROR tests/xla_bridge_test.py
ERROR tests/xla_interpreter_test.py
ERROR tests/xmap_test.py
ERROR tests/third_party/scipy/line_search_test.py
!!!!!!!!!!!!!!!!!! Interrupted: 106 errors during collection !!!!!!!!!!!!!!!!!!!
============================= 106 errors in 6.12s ==============================
ERROR: InvocationError for command /workdir/jax-0.4.2/.tox/cpythonlibtest-unit-test-tests/bin/pytest -v --tb=native --junitxml /workdir/results/jax/0.4.2/1/cpython-test-results.xml (exited with code 2)
___________________________________ summary ____________________________________
ERROR:   cpythonlibtest-unit-test-tests: commands failed
