<?xml version="1.0" encoding="utf-8"?><testsuites><testsuite name="pytest" errors="0" failures="0" skipped="1" tests="33" time="23.199" timestamp="2023-11-22T01:50:13.257950" hostname="80ac3eb7f7f2"><testcase classname="gitdb.ext.smmap.smmap.test.test_buf.TestBuf" name="test_basics" time="2.973" /><testcase classname="gitdb.ext.smmap.smmap.test.test_mman.TestMMan" name="test_cursor" time="0.001" /><testcase classname="gitdb.ext.smmap.smmap.test.test_mman.TestMMan" name="test_memman_operation" time="2.438" /><testcase classname="gitdb.ext.smmap.smmap.test.test_mman.TestMMan" name="test_memory_manager" time="0.002" /><testcase classname="gitdb.ext.smmap.smmap.test.test_tutorial.TestTutorial" name="test_example" time="0.001" /><testcase classname="gitdb.ext.smmap.smmap.test.test_util.TestMMan" name="test_region" time="0.001" /><testcase classname="gitdb.ext.smmap.smmap.test.test_util.TestMMan" name="test_region_list" time="0.001" /><testcase classname="gitdb.ext.smmap.smmap.test.test_util.TestMMan" name="test_util" time="0.001" /><testcase classname="gitdb.ext.smmap.smmap.test.test_util.TestMMan" name="test_window" time="0.001" /><testcase classname="gitdb.test.test_base.TestBaseTypes" name="test_streams" time="0.001" /><testcase classname="gitdb.test.test_example.TestExamples" name="test_base" time="0.001" /><testcase classname="gitdb.test.test_pack.TestPack" name="test_pack" time="0.015" /><testcase classname="gitdb.test.test_pack.TestPack" name="test_pack_64" time="0.001"><skipped type="pytest.skip" message="not implemented">/workdir/gitdb-4.0.10/gitdb/test/test_pack.py:249: not implemented</skipped></testcase><testcase classname="gitdb.test.test_pack.TestPack" name="test_pack_entity" time="0.097" /><testcase classname="gitdb.test.test_pack.TestPack" name="test_pack_index" time="0.004" /><testcase classname="gitdb.test.test_stream.TestStream" name="test_compressed_writer" time="0.040" /><testcase classname="gitdb.test.test_stream.TestStream" name="test_decompress_reader" time="0.469" /><testcase classname="gitdb.test.test_stream.TestStream" name="test_decompress_reader_special_case" time="0.006" /><testcase classname="gitdb.test.test_stream.TestStream" name="test_sha_writer" time="0.001" /><testcase classname="gitdb.test.test_util.TestUtils" name="test_basics" time="0.001" /><testcase classname="gitdb.test.test_util.TestUtils" name="test_lockedfd" time="0.001" /><testcase classname="gitdb.test.db.test_git.TestGitDB" name="test_reading" time="0.006" /><testcase classname="gitdb.test.db.test_git.TestGitDB" name="test_writing" time="0.010" /><testcase classname="gitdb.test.db.test_loose.TestLooseDB" name="test_basics" time="0.009" /><testcase classname="gitdb.test.db.test_mem.TestMemoryDB" name="test_writing" time="0.079" /><testcase classname="gitdb.test.db.test_pack.TestPackDB" name="test_writing" time="0.017" /><testcase classname="gitdb.test.db.test_ref.TestReferenceDB" name="test_writing" time="0.010" /><testcase classname="gitdb.test.performance.test_pack.TestPackedDBPerformance" name="test_correctness" time="0.430" /><testcase classname="gitdb.test.performance.test_pack.TestPackedDBPerformance" name="test_loose_correctness" time="0.565" /><testcase classname="gitdb.test.performance.test_pack.TestPackedDBPerformance" name="test_pack_random_access" time="0.538" /><testcase classname="gitdb.test.performance.test_pack_streaming.TestPackStreamingPerformance" name="test_pack_writing" time="0.247" /><testcase classname="gitdb.test.performance.test_pack_streaming.TestPackStreamingPerformance" name="test_stream_reading" time="0.380" /><testcase classname="gitdb.test.performance.test_stream.TestObjDBPerformance" name="test_large_data_streaming" time="14.515" /></testsuite></testsuites>