GLOB sdist-make: /workdir/ujson-5.6.0/setup.py
graalpylibtest-unit-test-tests create: /workdir/ujson-5.6.0/.tox/graalpylibtest-unit-test-tests
graalpylibtest-unit-test-tests installdeps: mock, pytest
graalpylibtest-unit-test-tests inst: /workdir/ujson-5.6.0/.tox/.tmp/package/1/ujson-5.6.0.zip
graalpylibtest-unit-test-tests installed: exceptiongroup==1.2.0,graalpy-virtualenv==0.0.1,hpy==0.9.0rc2,iniconfig==2.0.0,mock==5.1.0,packaging==23.2,pluggy==1.3.0,pytest==7.4.3,tomli==2.0.1,ujson @ file:///workdir/ujson-5.6.0/.tox/.tmp/package/1/ujson-5.6.0.zip
graalpylibtest-unit-test-tests run-test-pre: PYTHONHASHSEED='3437547601'
graalpylibtest-unit-test-tests run-test: commands[0] | pytest -v --tb=native --junitxml /workdir/results/ujson/5.6.0/1/graalpy-test-results.xml
============================= test session starts ==============================
platform linux -- Python 3.10.8, pytest-7.4.3, pluggy-1.3.0 -- /workdir/ujson-5.6.0/.tox/graalpylibtest-unit-test-tests/bin/python
cachedir: .tox/graalpylibtest-unit-test-tests/.pytest_cache
rootdir: /workdir/ujson-5.6.0
collecting ... collected 279 items

tests/test_ujson.py::test_encode_decimal PASSED                          [  0%]
tests/test_ujson.py::test_encode_string_conversion PASSED                [  0%]
tests/test_ujson.py::test_write_escaped_string PASSED                    [  1%]
tests/test_ujson.py::test_double_long_issue PASSED                       [  1%]
tests/test_ujson.py::test_double_long_decimal_issue PASSED               [  1%]
tests/test_ujson.py::test_encode_float_string_rep[1e-10] PASSED          [  2%]
tests/test_ujson.py::test_encode_float_string_rep[0.0001] PASSED         [  2%]
tests/test_ujson.py::test_encode_float_string_rep[10000000000.0] PASSED  [  2%]
tests/test_ujson.py::test_encode_float_string_rep[1000000000000000.0] PASSED [  3%]
tests/test_ujson.py::test_encode_float_string_rep[1e+16] PASSED          [  3%]
tests/test_ujson.py::test_encode_float_string_rep[1e+30] PASSED          [  3%]
tests/test_ujson.py::test_encode_decode_long_decimal PASSED              [  4%]
tests/test_ujson.py::test_decimal_decode_test PASSED                     [  4%]
tests/test_ujson.py::test_encode_double_conversion PASSED                [  5%]
tests/test_ujson.py::test_encode_double_neg_conversion PASSED            [  5%]
tests/test_ujson.py::test_encode_array_of_nested_arrays PASSED           [  5%]
tests/test_ujson.py::test_encode_array_of_doubles PASSED                 [  6%]
tests/test_ujson.py::test_encode_string_conversion2 PASSED               [  6%]
tests/test_ujson.py::test_encode_control_escaping PASSED                 [  6%]
tests/test_ujson.py::test_encode_unicode_bmp PASSED                      [  7%]
tests/test_ujson.py::test_encode_symbols PASSED                          [  7%]
tests/test_ujson.py::test_encode_long_neg_conversion PASSED              [  7%]
tests/test_ujson.py::test_encode_list_conversion PASSED                  [  8%]
tests/test_ujson.py::test_encode_dict_conversion PASSED                  [  8%]
tests/test_ujson.py::test_encode_dict_values_ref_counting FAILED         [  8%]
tests/test_ujson.py::test_encode_dict_key_ref_counting[False-key0] PASSED [  9%]
tests/test_ujson.py::test_encode_dict_key_ref_counting[False-key1] FAILED [  9%]
tests/test_ujson.py::test_encode_dict_key_ref_counting[False-1] PASSED   [ 10%]
tests/test_ujson.py::test_encode_dict_key_ref_counting[False-True] PASSED [ 10%]
tests/test_ujson.py::test_encode_dict_key_ref_counting[False-None] PASSED [ 10%]
tests/test_ujson.py::test_encode_dict_key_ref_counting[True-key0] PASSED [ 11%]
tests/test_ujson.py::test_encode_dict_key_ref_counting[True-key1] PASSED [ 11%]
tests/test_ujson.py::test_encode_dict_key_ref_counting[True-1] PASSED    [ 11%]
tests/test_ujson.py::test_encode_dict_key_ref_counting[True-True] PASSED [ 12%]
tests/test_ujson.py::test_encode_dict_key_ref_counting[True-None] PASSED [ 12%]
tests/test_ujson.py::test_encode_to_utf8 PASSED                          [ 12%]
tests/test_ujson.py::test_encode_indent[{\n    "obj": 31337\n}] PASSED   [ 13%]
tests/test_ujson.py::test_encode_indent[{}] PASSED                       [ 13%]
tests/test_ujson.py::test_encode_indent[[]] PASSED                       [ 13%]
tests/test_ujson.py::test_encode_indent[{\n    "a": {}\n}] PASSED        [ 14%]
tests/test_ujson.py::test_encode_indent[[\n    []\n]] PASSED             [ 14%]
tests/test_ujson.py::test_decode_from_unicode PASSED                     [ 15%]
tests/test_ujson.py::test_encode_recursion_max PASSED                    [ 15%]
tests/test_ujson.py::test_decode_dict PASSED                             [ 15%]
tests/test_ujson.py::test_encode_unicode_4_bytes_utf8_fail PASSED        [ 16%]
tests/test_ujson.py::test_encode_null_character PASSED                   [ 16%]
tests/test_ujson.py::test_decode_null_character PASSED                   [ 16%]
tests/test_ujson.py::test_dump_to_file PASSED                            [ 17%]
tests/test_ujson.py::test_dump_to_file_like_object PASSED                [ 17%]
tests/test_ujson.py::test_dump_file_args_error PASSED                    [ 17%]
tests/test_ujson.py::test_load_file PASSED                               [ 18%]
tests/test_ujson.py::test_load_file_like_object PASSED                   [ 18%]
tests/test_ujson.py::test_load_file_args_error PASSED                    [ 18%]
tests/test_ujson.py::test_version PASSED                                 [ 19%]
tests/test_ujson.py::test_decode_number_with32bit_sign_bit PASSED        [ 19%]
tests/test_ujson.py::test_encode_big_escape PASSED                       [ 20%]
tests/test_ujson.py::test_decode_big_escape PASSED                       [ 20%]
tests/test_ujson.py::test_to_dict PASSED                                 [ 20%]
tests/test_ujson.py::test_object_with_json PASSED                        [ 21%]
tests/test_ujson.py::test_object_with_complex_json PASSED                [ 21%]
tests/test_ujson.py::test_object_with_json_type_error PASSED             [ 21%]
tests/test_ujson.py::test_object_with_json_attribute_error PASSED        [ 22%]
tests/test_ujson.py::test_decode_array_empty PASSED                      [ 22%]
tests/test_ujson.py::test_encode_surrogate_characters FAILED             [ 22%]
tests/test_ujson.py::test_decode_surrogate_characters["\\uD83D\\uDCA9"-\U0001f4a9] PASSED [ 23%]
tests/test_ujson.py::test_decode_surrogate_characters["a\\uD83D\\uDCA9b"-a\U0001f4a9b] PASSED [ 23%]
tests/test_ujson.py::test_decode_surrogate_characters["\\uD800"-\ud800] PASSED [ 24%]
tests/test_ujson.py::test_decode_surrogate_characters["a\\uD800b"-a\ud800b] PASSED [ 24%]
tests/test_ujson.py::test_decode_surrogate_characters["\\uDEAD"-\udead] PASSED [ 24%]
tests/test_ujson.py::test_decode_surrogate_characters["a\\uDEADb"-a\udeadb] PASSED [ 25%]
tests/test_ujson.py::test_decode_surrogate_characters["\\uD83D\\uD83D\\uDCA9"-\ud83d\U0001f4a9] PASSED [ 25%]
tests/test_ujson.py::test_decode_surrogate_characters["\\uDCA9\\uD83D\\uDCA9"-\udca9\U0001f4a9] PASSED [ 25%]
tests/test_ujson.py::test_decode_surrogate_characters["\\uD83D\\uDCA9\\uD83D"-\U0001f4a9\ud83d] PASSED [ 26%]
tests/test_ujson.py::test_decode_surrogate_characters["\\uD83D\\uDCA9\\uDCA9"-\U0001f4a9\udca9] PASSED [ 26%]
tests/test_ujson.py::test_decode_surrogate_characters["\\uD83D \\uDCA9"-\ud83d \udca9] PASSED [ 26%]
tests/test_ujson.py::test_decode_surrogate_characters["\ud800"-\ud800] PASSED [ 27%]
tests/test_ujson.py::test_decode_surrogate_characters["\udead"-\udead] PASSED [ 27%]
tests/test_ujson.py::test_decode_surrogate_characters["\ud800a\udead"-\ud800a\udead] PASSED [ 27%]
tests/test_ujson.py::test_decode_surrogate_characters["\U0001f4a9"-\U0001f4a9] FAILED [ 28%]
tests/test_ujson.py::test_sort_keys PASSED                               [ 28%]
tests/test_ujson.py::test_decode_no_assert[[31337]] PASSED               [ 29%]
tests/test_ujson.py::test_decode_no_assert[18446744073709551615] PASSED  [ 29%]
tests/test_ujson.py::test_decode_no_assert[9223372036854775807] PASSED   [ 29%]
tests/test_ujson.py::test_decode_no_assert[-9223372036854775808] PASSED  [ 30%]
tests/test_ujson.py::test_decode_no_assert[{}\n\t ] PASSED               [ 30%]
tests/test_ujson.py::test_decode[31337-31337] PASSED                     [ 30%]
tests/test_ujson.py::test_decode[-31337--31337] PASSED                   [ 31%]
tests/test_ujson.py::test_decode[100000000000000000000.0-1e+20] PASSED   [ 31%]
tests/test_ujson.py::test_decode_numeric_int_exp[1337E400] PASSED        [ 31%]
tests/test_ujson.py::test_decode_numeric_int_exp[1.337E40] PASSED        [ 32%]
tests/test_ujson.py::test_decode_numeric_int_exp[1337E+9] PASSED         [ 32%]
tests/test_ujson.py::test_decode_numeric_int_exp[1.337e+40] PASSED       [ 32%]
tests/test_ujson.py::test_decode_numeric_int_exp[1337E401] PASSED        [ 33%]
tests/test_ujson.py::test_decode_numeric_int_exp[1337e40] PASSED         [ 33%]
tests/test_ujson.py::test_decode_numeric_int_exp[1.337E-4] PASSED        [ 34%]
tests/test_ujson.py::test_decode_numeric_int_exp[1.337e-4] PASSED        [ 34%]
tests/test_ujson.py::test_encode_decode_big_int[encode--10000000000000000000000000] FAILED [ 34%]
tests/test_ujson.py::test_encode_decode_big_int[encode--18446744073709551616] FAILED [ 35%]
tests/test_ujson.py::test_encode_decode_big_int[encode--9223372036854775809] FAILED [ 35%]
tests/test_ujson.py::test_encode_decode_big_int[encode-18446744073709551616] FAILED [ 35%]
tests/test_ujson.py::test_encode_decode_big_int[encode-10000000000000000000000000] FAILED [ 36%]
tests/test_ujson.py::test_encode_decode_big_int[decode--10000000000000000000000000] PASSED [ 36%]
tests/test_ujson.py::test_encode_decode_big_int[decode--18446744073709551616] PASSED [ 36%]
tests/test_ujson.py::test_encode_decode_big_int[decode--9223372036854775809] PASSED [ 37%]
tests/test_ujson.py::test_encode_decode_big_int[decode-18446744073709551616] PASSED [ 37%]
tests/test_ujson.py::test_encode_decode_big_int[decode-10000000000000000000000000] PASSED [ 37%]
tests/test_ujson.py::test_decode_range_raises[{{1337:""}}-JSONDecodeError] PASSED [ 38%]
tests/test_ujson.py::test_decode_range_raises[{{"key":"}-JSONDecodeError0] PASSED [ 38%]
tests/test_ujson.py::test_decode_range_raises[{{"key":"}-JSONDecodeError1] PASSED [ 39%]
tests/test_ujson.py::test_decode_range_raises[[[[true-JSONDecodeError] PASSED [ 39%]
tests/test_ujson.py::test_decode_raises[fdsa sda v9sa fdsa-JSONDecodeError] PASSED [ 39%]
tests/test_ujson.py::test_decode_raises[[-JSONDecodeError] PASSED        [ 40%]
tests/test_ujson.py::test_decode_raises[{-JSONDecodeError] PASSED        [ 40%]
tests/test_ujson.py::test_decode_raises[]-JSONDecodeError] PASSED        [ 40%]
tests/test_ujson.py::test_decode_raises[}-JSONDecodeError] PASSED        [ 41%]
tests/test_ujson.py::test_decode_raises[{"one":1,}-JSONDecodeError] PASSED [ 41%]
tests/test_ujson.py::test_decode_raises["TESTING-JSONDecodeError] PASSED [ 41%]
tests/test_ujson.py::test_decode_raises["TESTING\\"-JSONDecodeError] PASSED [ 42%]
tests/test_ujson.py::test_decode_raises[tru-JSONDecodeError] PASSED      [ 42%]
tests/test_ujson.py::test_decode_raises[fa-JSONDecodeError] PASSED       [ 43%]
tests/test_ujson.py::test_decode_raises[n-JSONDecodeError] PASSED        [ 43%]
tests/test_ujson.py::test_decode_raises[{{{{31337}}}}-JSONDecodeError] PASSED [ 43%]
tests/test_ujson.py::test_decode_raises[{{{{"key"}}}}-JSONDecodeError] PASSED [ 44%]
tests/test_ujson.py::test_decode_raises[{{{{"key":}}}}-JSONDecodeError] PASSED [ 44%]
tests/test_ujson.py::test_decode_raises[[31337,]-JSONDecodeError] PASSED [ 44%]
tests/test_ujson.py::test_decode_raises[[,31337]-JSONDecodeError] PASSED [ 45%]
tests/test_ujson.py::test_decode_raises[[,]-JSONDecodeError] PASSED      [ 45%]
tests/test_ujson.py::test_decode_raises[[]]-JSONDecodeError] PASSED      [ 45%]
tests/test_ujson.py::test_decode_raises[{}\n\t a-JSONDecodeError] PASSED [ 46%]
tests/test_ujson.py::test_decode_raises[{"age", 44}-JSONDecodeError] PASSED [ 46%]
tests/test_ujson.py::test_decode_raises_for_long_input[[-JSONDecodeError] PASSED [ 46%]
tests/test_ujson.py::test_decode_raises_for_long_input[{-JSONDecodeError] PASSED [ 47%]
tests/test_ujson.py::test_decode_exception_is_value_error PASSED         [ 47%]
tests/test_ujson.py::test_dumps[True-true] PASSED                        [ 48%]
tests/test_ujson.py::test_dumps[False-false] PASSED                      [ 48%]
tests/test_ujson.py::test_dumps[None-null] PASSED                        [ 48%]
tests/test_ujson.py::test_dumps[test_input3-[true,false,null]] PASSED    [ 49%]
tests/test_ujson.py::test_dumps[test_input4-[true,false,null]] PASSED    [ 49%]
tests/test_ujson.py::test_dumps_raises[test_input0-TypeError-set() is not JSON serializable] PASSED [ 49%]
tests/test_ujson.py::test_dumps_raises[test_input1-TypeError-{1, 2, 3} is not JSON serializable] PASSED [ 50%]
tests/test_ujson.py::test_dumps_raises[test_input2-TypeError-Some Object is not JSON serializable] PASSED [ 50%]
tests/test_ujson.py::test_dumps_raises[test_input3-UnicodeEncodeError-None] PASSED [ 50%]
tests/test_ujson.py::test_dumps_raises[test_input4-KeyboardInterrupt-None] PASSED [ 51%]
tests/test_ujson.py::test_encode_raises_allow_nan[nan-OverflowError] PASSED [ 51%]
tests/test_ujson.py::test_encode_raises_allow_nan[inf-OverflowError] PASSED [ 51%]
tests/test_ujson.py::test_encode_raises_allow_nan[-inf-OverflowError] PASSED [ 52%]
tests/test_ujson.py::test_nan_inf_support PASSED                         [ 52%]
tests/test_ujson.py::test_special_singletons PASSED                      [ 53%]
tests/test_ujson.py::test_incomplete_special_inputs[n-Unexpected character .* 'null'] PASSED [ 53%]
tests/test_ujson.py::test_incomplete_special_inputs[N-Unexpected character .*'NaN'] PASSED [ 53%]
tests/test_ujson.py::test_incomplete_special_inputs[NA-Unexpected character .* 'NaN'] PASSED [ 54%]
tests/test_ujson.py::test_incomplete_special_inputs[Na N-Unexpected character .* 'NaN'] PASSED [ 54%]
tests/test_ujson.py::test_incomplete_special_inputs[nan-Unexpected character .* 'null'] PASSED [ 54%]
tests/test_ujson.py::test_incomplete_special_inputs[none-Unexpected character .* 'null'] PASSED [ 55%]
tests/test_ujson.py::test_incomplete_special_inputs[i-Expected object or value] PASSED [ 55%]
tests/test_ujson.py::test_incomplete_special_inputs[I-Unexpected character .* 'Infinity'] PASSED [ 55%]
tests/test_ujson.py::test_incomplete_special_inputs[Inf-Unexpected character .* 'Infinity'] PASSED [ 56%]
tests/test_ujson.py::test_incomplete_special_inputs[InfinitY-Unexpected character .* 'Infinity'] PASSED [ 56%]
tests/test_ujson.py::test_incomplete_special_inputs[-i-Trailing data] PASSED [ 56%]
tests/test_ujson.py::test_incomplete_special_inputs[-I-Unexpected character .* '-Infinity'] PASSED [ 57%]
tests/test_ujson.py::test_incomplete_special_inputs[-Inf-Unexpected character .* '-Infinity'] PASSED [ 57%]
tests/test_ujson.py::test_incomplete_special_inputs[-InfinitY-Unexpected character .* '-Infinity'] PASSED [ 58%]
tests/test_ujson.py::test_incomplete_special_inputs[- i-Trailing data] PASSED [ 58%]
tests/test_ujson.py::test_incomplete_special_inputs[- I-Trailing data] PASSED [ 58%]
tests/test_ujson.py::test_incomplete_special_inputs[- Inf-Trailing data] PASSED [ 59%]
tests/test_ujson.py::test_incomplete_special_inputs[- InfinitY-Trailing data] PASSED [ 59%]
tests/test_ujson.py::test_overcomplete_special_inputs[NaNaNaN-Trailing data] PASSED [ 59%]
tests/test_ujson.py::test_overcomplete_special_inputs[Infinity and Beyond-Trailing data] PASSED [ 60%]
tests/test_ujson.py::test_overcomplete_special_inputs[-Infinity-and-Beyond-Trailing data] PASSED [ 60%]
tests/test_ujson.py::test_overcomplete_special_inputs[NaN!-Trailing data] PASSED [ 60%]
tests/test_ujson.py::test_overcomplete_special_inputs[Infinity!-Trailing data] PASSED [ 61%]
tests/test_ujson.py::test_overcomplete_special_inputs[-Infinity!-Trailing data] PASSED [ 61%]
tests/test_ujson.py::test_encode_no_assert[test_input0] PASSED           [ 62%]
tests/test_ujson.py::test_encode_no_assert[test_input1] PASSED           [ 62%]
tests/test_ujson.py::test_encode[1.0-1.0] PASSED                         [ 62%]
tests/test_ujson.py::test_encode[test_input1-{"1":1,"0":0,"8":8,"2":2}] PASSED [ 63%]
tests/test_ujson.py::test_encode[test_input2-{"a":NaN}] PASSED           [ 63%]
tests/test_ujson.py::test_encode[test_input3-{"a":Infinity}] PASSED      [ 63%]
tests/test_ujson.py::test_encode[test_input4-{"a":-Infinity}] PASSED     [ 64%]
tests/test_ujson.py::test_encode_list_long_conversion[test_input0] PASSED [ 64%]
tests/test_ujson.py::test_encode_list_long_conversion[test_input1] PASSED [ 64%]
tests/test_ujson.py::test_encode_long_conversion[9223372036854775807] PASSED [ 65%]
tests/test_ujson.py::test_encode_long_conversion[18446744073709551615] PASSED [ 65%]
tests/test_ujson.py::test_encode_decode[test_input0] PASSED              [ 65%]
tests/test_ujson.py::test_encode_decode[31337] PASSED                    [ 66%]
tests/test_ujson.py::test_encode_decode[-31337] PASSED                   [ 66%]
tests/test_ujson.py::test_encode_decode[None] PASSED                     [ 67%]
tests/test_ujson.py::test_encode_decode[True] PASSED                     [ 67%]
tests/test_ujson.py::test_encode_decode[False] PASSED                    [ 67%]
tests/test_ujson.py::test_encode_unicode[R\xe4ksm\xf6rg\xe5s \u0627\u0633\u0627\u0645\u0629 \u0628\u0646 \u0645\u062d\u0645\u062f \u0628\u0646 \u0639\u0648\u0636 \u0628\u0646 \u0644\u0627\u062f\u0646] PASSED [ 68%]
tests/test_ujson.py::test_encode_unicode[\xe6\x97\xa5\xd1\x88] PASSED    [ 68%]
tests/test_ujson.py::test_encode_unicode[\xf0\x90\x8d\x86] PASSED        [ 68%]
tests/test_ujson.py::test_encode_unicode[\xf0\x91\x80\xb0TRAILINGNORMAL] PASSED [ 69%]
tests/test_ujson.py::test_encode_unicode[\xf3\xbf\xbf\xbfTRAILINGNORMAL] PASSED [ 69%]
tests/test_ujson.py::test_loads[-1.1234567893--1.1234567893] PASSED      [ 69%]
tests/test_ujson.py::test_loads[-1.234567893--1.234567893] PASSED        [ 70%]
tests/test_ujson.py::test_loads[-1.34567893--1.34567893] PASSED          [ 70%]
tests/test_ujson.py::test_loads[-1.4567893--1.4567893] PASSED            [ 70%]
tests/test_ujson.py::test_loads[-1.567893--1.567893] PASSED              [ 71%]
tests/test_ujson.py::test_loads[-1.67893--1.67893] PASSED                [ 71%]
tests/test_ujson.py::test_loads[-1.7893--1.7893] PASSED                  [ 72%]
tests/test_ujson.py::test_loads[-1.893--1.893] PASSED                    [ 72%]
tests/test_ujson.py::test_loads[-1.3--1.3] PASSED                        [ 72%]
tests/test_ujson.py::test_loads[1.1234567893-1.1234567893] PASSED        [ 73%]
tests/test_ujson.py::test_loads[1.234567893-1.234567893] PASSED          [ 73%]
tests/test_ujson.py::test_loads[1.34567893-1.34567893] PASSED            [ 73%]
tests/test_ujson.py::test_loads[1.4567893-1.4567893] PASSED              [ 74%]
tests/test_ujson.py::test_loads[1.567893-1.567893] PASSED                [ 74%]
tests/test_ujson.py::test_loads[1.67893-1.67893] PASSED                  [ 74%]
tests/test_ujson.py::test_loads[1.7893-1.7893] PASSED                    [ 75%]
tests/test_ujson.py::test_loads[1.893-1.893] PASSED                      [ 75%]
tests/test_ujson.py::test_loads[1.3-1.3] PASSED                          [ 75%]
tests/test_ujson.py::test_loads[true-True] PASSED                        [ 76%]
tests/test_ujson.py::test_loads[false-False] PASSED                      [ 76%]
tests/test_ujson.py::test_loads[null-None] PASSED                        [ 77%]
tests/test_ujson.py::test_loads[ [ true, false,null] -expected21] PASSED [ 77%]
tests/test_ujson.py::test_reject_bytes_default PASSED                    [ 77%]
tests/test_ujson.py::test_reject_bytes_true PASSED                       [ 78%]
tests/test_ujson.py::test_reject_bytes_false PASSED                      [ 78%]
tests/test_ujson.py::test_encode_none_key PASSED                         [ 78%]
tests/test_ujson.py::test_default_function PASSED                        [ 79%]
tests/test_ujson.py::test_dump_huge_indent[65537] PASSED                 [ 79%]
tests/test_ujson.py::test_dump_huge_indent[65538] PASSED                 [ 79%]
tests/test_ujson.py::test_dump_huge_indent[65539] PASSED                 [ 80%]
tests/test_ujson.py::test_dump_huge_indent[65540] PASSED                 [ 80%]
tests/test_ujson.py::test_dump_huge_indent[65541] PASSED                 [ 81%]
tests/test_ujson.py::test_dump_long_string[10919-2] PASSED               [ 81%]
tests/test_ujson.py::test_dump_long_string[10919-3] PASSED               [ 81%]
tests/test_ujson.py::test_dump_long_string[10919-4] PASSED               [ 82%]
tests/test_ujson.py::test_dump_long_string[10919-5] PASSED               [ 82%]
tests/test_ujson.py::test_dump_long_string[10919-6] PASSED               [ 82%]
tests/test_ujson.py::test_dump_long_string[10920-2] PASSED               [ 83%]
tests/test_ujson.py::test_dump_long_string[10920-3] PASSED               [ 83%]
tests/test_ujson.py::test_dump_long_string[10920-4] PASSED               [ 83%]
tests/test_ujson.py::test_dump_long_string[10920-5] PASSED               [ 84%]
tests/test_ujson.py::test_dump_long_string[10920-6] PASSED               [ 84%]
tests/test_ujson.py::test_dump_long_string[10921-2] PASSED               [ 84%]
tests/test_ujson.py::test_dump_long_string[10921-3] PASSED               [ 85%]
tests/test_ujson.py::test_dump_long_string[10921-4] PASSED               [ 85%]
tests/test_ujson.py::test_dump_long_string[10921-5] PASSED               [ 86%]
tests/test_ujson.py::test_dump_long_string[10921-6] PASSED               [ 86%]
tests/test_ujson.py::test_dump_long_string[10922-2] PASSED               [ 86%]
tests/test_ujson.py::test_dump_long_string[10922-3] PASSED               [ 87%]
tests/test_ujson.py::test_dump_long_string[10922-4] PASSED               [ 87%]
tests/test_ujson.py::test_dump_long_string[10922-5] PASSED               [ 87%]
tests/test_ujson.py::test_dump_long_string[10922-6] PASSED               [ 88%]
tests/test_ujson.py::test_dump_long_string[10923-2] PASSED               [ 88%]
tests/test_ujson.py::test_dump_long_string[10923-3] PASSED               [ 88%]
tests/test_ujson.py::test_dump_long_string[10923-4] PASSED               [ 89%]
tests/test_ujson.py::test_dump_long_string[10923-5] PASSED               [ 89%]
tests/test_ujson.py::test_dump_long_string[10923-6] PASSED               [ 89%]
tests/test_ujson.py::test_dump_indented_nested_list PASSED               [ 90%]
tests/test_ujson.py::test_issue_334[0] PASSED                            [ 90%]
tests/test_ujson.py::test_issue_334[1] PASSED                            [ 91%]
tests/test_ujson.py::test_issue_334[2] PASSED                            [ 91%]
tests/test_ujson.py::test_issue_334[4] PASSED                            [ 91%]
tests/test_ujson.py::test_issue_334[5] PASSED                            [ 92%]
tests/test_ujson.py::test_issue_334[8] PASSED                            [ 92%]
tests/test_ujson.py::test_issue_334[49] PASSED                           [ 92%]
tests/test_ujson.py::test_default_ref_counting FAILED                    [ 93%]
tests/test_ujson.py::test_obj_str_exception[False] PASSED                [ 93%]
tests/test_ujson.py::test_obj_str_exception[True] PASSED                 [ 93%]
tests/test_ujson.py::test_no_memory_leak_encoding_errors[["a" * 11000, b""]] FAILED [ 94%]
tests/test_ujson.py::test_separators[None-{"a":0,"b":1}] PASSED          [ 94%]
tests/test_ujson.py::test_separators[separators1-{"a":0,"b":1}] PASSED   [ 94%]
tests/test_ujson.py::test_separators[separators2-{"a": 0, "b": 1}] PASSED [ 95%]
tests/test_ujson.py::test_separators[separators3-{"a"\xa10\u203d"b"\xa11}] PASSED [ 95%]
tests/test_ujson.py::test_separators[separators4-{"a"k\x000i\x00"b"k\x001}] PASSED [ 96%]
tests/test_ujson.py::test_separators[separators5-{"a"\udc810\udc80"b"\udc811}] FAILED [ 96%]
tests/test_ujson.py::test_separators_errors[True-TypeError] PASSED       [ 96%]
tests/test_ujson.py::test_separators_errors[0-TypeError] PASSED          [ 97%]
tests/test_ujson.py::test_separators_errors[-TypeError] PASSED           [ 97%]
tests/test_ujson.py::test_separators_errors[separators3-ValueError] PASSED [ 97%]
tests/test_ujson.py::test_separators_errors[separators4-ValueError] PASSED [ 98%]
tests/test_ujson.py::test_separators_errors[separators5-ValueError] PASSED [ 98%]
tests/test_ujson.py::test_separators_errors[separators6-TypeError] PASSED [ 98%]
tests/test_ujson.py::test_separators_errors[separators7-TypeError] PASSED [ 99%]
tests/test_ujson.py::test_separators_errors[separators8-TypeError] PASSED [ 99%]
tests/test_ujson.py::test_separators_errors[separators9-TypeError] PASSED [100%]

=================================== FAILURES ===================================
_____________________ test_encode_dict_values_ref_counting _____________________
Traceback (most recent call last):
  File "/workdir/ujson-5.6.0/.tox/graalpylibtest-unit-test-tests/lib/python3.10/site-packages/_pytest/runner.py", line 341, in from_call
    result: Optional[TResult] = func()
  File "/workdir/ujson-5.6.0/.tox/graalpylibtest-unit-test-tests/lib/python3.10/site-packages/_pytest/runner.py", line 262, in <lambda>
    lambda: ihook(item=item, **kwds), when=when, reraise=reraise
  File "/workdir/ujson-5.6.0/.tox/graalpylibtest-unit-test-tests/lib/python3.10/site-packages/pluggy/_hooks.py", line 493, in __call__
    return self._hookexec(self.name, self._hookimpls, kwargs, firstresult)
  File "/workdir/ujson-5.6.0/.tox/graalpylibtest-unit-test-tests/lib/python3.10/site-packages/pluggy/_manager.py", line 115, in _hookexec
    return self._inner_hookexec(hook_name, methods, kwargs, firstresult)
  File "/workdir/ujson-5.6.0/.tox/graalpylibtest-unit-test-tests/lib/python3.10/site-packages/pluggy/_callers.py", line 152, in _multicall
    return outcome.get_result()
  File "/workdir/ujson-5.6.0/.tox/graalpylibtest-unit-test-tests/lib/python3.10/site-packages/pluggy/_result.py", line 114, in get_result
    raise exc.with_traceback(exc.__traceback__)
  File "/workdir/ujson-5.6.0/.tox/graalpylibtest-unit-test-tests/lib/python3.10/site-packages/pluggy/_callers.py", line 77, in _multicall
    res = hook_impl.function(*args)
  File "/workdir/ujson-5.6.0/.tox/graalpylibtest-unit-test-tests/lib/python3.10/site-packages/_pytest/runner.py", line 177, in pytest_runtest_call
    raise e
  File "/workdir/ujson-5.6.0/.tox/graalpylibtest-unit-test-tests/lib/python3.10/site-packages/_pytest/runner.py", line 169, in pytest_runtest_call
    item.runtest()
  File "/workdir/ujson-5.6.0/.tox/graalpylibtest-unit-test-tests/lib/python3.10/site-packages/_pytest/python.py", line 1792, in runtest
    self.ihook.pytest_pyfunc_call(pyfuncitem=self)
  File "/workdir/ujson-5.6.0/.tox/graalpylibtest-unit-test-tests/lib/python3.10/site-packages/pluggy/_hooks.py", line 493, in __call__
    return self._hookexec(self.name, self._hookimpls, kwargs, firstresult)
  File "/workdir/ujson-5.6.0/.tox/graalpylibtest-unit-test-tests/lib/python3.10/site-packages/pluggy/_manager.py", line 115, in _hookexec
    return self._inner_hookexec(hook_name, methods, kwargs, firstresult)
  File "/workdir/ujson-5.6.0/.tox/graalpylibtest-unit-test-tests/lib/python3.10/site-packages/pluggy/_callers.py", line 113, in _multicall
    raise exception.with_traceback(exception.__traceback__)
  File "/workdir/ujson-5.6.0/.tox/graalpylibtest-unit-test-tests/lib/python3.10/site-packages/pluggy/_callers.py", line 77, in _multicall
    res = hook_impl.function(*args)
  File "/workdir/ujson-5.6.0/.tox/graalpylibtest-unit-test-tests/lib/python3.10/site-packages/_pytest/python.py", line 194, in pytest_pyfunc_call
    result = testfunction(**testargs)
  File "/workdir/ujson-5.6.0/tests/test_ujson.py", line 238, in test_encode_dict_values_ref_counting
    assert ref_count == sys.getrefcount(value)
AssertionError
________________ test_encode_dict_key_ref_counting[False-key1] _________________
Traceback (most recent call last):
  File "/workdir/ujson-5.6.0/.tox/graalpylibtest-unit-test-tests/lib/python3.10/site-packages/_pytest/runner.py", line 341, in from_call
    result: Optional[TResult] = func()
  File "/workdir/ujson-5.6.0/.tox/graalpylibtest-unit-test-tests/lib/python3.10/site-packages/_pytest/runner.py", line 262, in <lambda>
    lambda: ihook(item=item, **kwds), when=when, reraise=reraise
  File "/workdir/ujson-5.6.0/.tox/graalpylibtest-unit-test-tests/lib/python3.10/site-packages/pluggy/_hooks.py", line 493, in __call__
    return self._hookexec(self.name, self._hookimpls, kwargs, firstresult)
  File "/workdir/ujson-5.6.0/.tox/graalpylibtest-unit-test-tests/lib/python3.10/site-packages/pluggy/_manager.py", line 115, in _hookexec
    return self._inner_hookexec(hook_name, methods, kwargs, firstresult)
  File "/workdir/ujson-5.6.0/.tox/graalpylibtest-unit-test-tests/lib/python3.10/site-packages/pluggy/_callers.py", line 152, in _multicall
    return outcome.get_result()
  File "/workdir/ujson-5.6.0/.tox/graalpylibtest-unit-test-tests/lib/python3.10/site-packages/pluggy/_result.py", line 114, in get_result
    raise exc.with_traceback(exc.__traceback__)
  File "/workdir/ujson-5.6.0/.tox/graalpylibtest-unit-test-tests/lib/python3.10/site-packages/pluggy/_callers.py", line 77, in _multicall
    res = hook_impl.function(*args)
  File "/workdir/ujson-5.6.0/.tox/graalpylibtest-unit-test-tests/lib/python3.10/site-packages/_pytest/runner.py", line 177, in pytest_runtest_call
    raise e
  File "/workdir/ujson-5.6.0/.tox/graalpylibtest-unit-test-tests/lib/python3.10/site-packages/_pytest/runner.py", line 169, in pytest_runtest_call
    item.runtest()
  File "/workdir/ujson-5.6.0/.tox/graalpylibtest-unit-test-tests/lib/python3.10/site-packages/_pytest/python.py", line 1792, in runtest
    self.ihook.pytest_pyfunc_call(pyfuncitem=self)
  File "/workdir/ujson-5.6.0/.tox/graalpylibtest-unit-test-tests/lib/python3.10/site-packages/pluggy/_hooks.py", line 493, in __call__
    return self._hookexec(self.name, self._hookimpls, kwargs, firstresult)
  File "/workdir/ujson-5.6.0/.tox/graalpylibtest-unit-test-tests/lib/python3.10/site-packages/pluggy/_manager.py", line 115, in _hookexec
    return self._inner_hookexec(hook_name, methods, kwargs, firstresult)
  File "/workdir/ujson-5.6.0/.tox/graalpylibtest-unit-test-tests/lib/python3.10/site-packages/pluggy/_callers.py", line 113, in _multicall
    raise exception.with_traceback(exception.__traceback__)
  File "/workdir/ujson-5.6.0/.tox/graalpylibtest-unit-test-tests/lib/python3.10/site-packages/pluggy/_callers.py", line 77, in _multicall
    res = hook_impl.function(*args)
  File "/workdir/ujson-5.6.0/.tox/graalpylibtest-unit-test-tests/lib/python3.10/site-packages/_pytest/python.py", line 194, in pytest_pyfunc_call
    result = testfunction(**testargs)
  File "/workdir/ujson-5.6.0/tests/test_ujson.py", line 253, in test_encode_dict_key_ref_counting
    assert ref_count == sys.getrefcount(key)
AssertionError
_______________________ test_encode_surrogate_characters _______________________
Traceback (most recent call last):
  File "/workdir/ujson-5.6.0/.tox/graalpylibtest-unit-test-tests/lib/python3.10/site-packages/_pytest/runner.py", line 341, in from_call
    result: Optional[TResult] = func()
  File "/workdir/ujson-5.6.0/.tox/graalpylibtest-unit-test-tests/lib/python3.10/site-packages/_pytest/runner.py", line 262, in <lambda>
    lambda: ihook(item=item, **kwds), when=when, reraise=reraise
  File "/workdir/ujson-5.6.0/.tox/graalpylibtest-unit-test-tests/lib/python3.10/site-packages/pluggy/_hooks.py", line 493, in __call__
    return self._hookexec(self.name, self._hookimpls, kwargs, firstresult)
  File "/workdir/ujson-5.6.0/.tox/graalpylibtest-unit-test-tests/lib/python3.10/site-packages/pluggy/_manager.py", line 115, in _hookexec
    return self._inner_hookexec(hook_name, methods, kwargs, firstresult)
  File "/workdir/ujson-5.6.0/.tox/graalpylibtest-unit-test-tests/lib/python3.10/site-packages/pluggy/_callers.py", line 152, in _multicall
    return outcome.get_result()
  File "/workdir/ujson-5.6.0/.tox/graalpylibtest-unit-test-tests/lib/python3.10/site-packages/pluggy/_result.py", line 114, in get_result
    raise exc.with_traceback(exc.__traceback__)
  File "/workdir/ujson-5.6.0/.tox/graalpylibtest-unit-test-tests/lib/python3.10/site-packages/pluggy/_callers.py", line 77, in _multicall
    res = hook_impl.function(*args)
  File "/workdir/ujson-5.6.0/.tox/graalpylibtest-unit-test-tests/lib/python3.10/site-packages/_pytest/runner.py", line 177, in pytest_runtest_call
    raise e
  File "/workdir/ujson-5.6.0/.tox/graalpylibtest-unit-test-tests/lib/python3.10/site-packages/_pytest/runner.py", line 169, in pytest_runtest_call
    item.runtest()
  File "/workdir/ujson-5.6.0/.tox/graalpylibtest-unit-test-tests/lib/python3.10/site-packages/_pytest/python.py", line 1792, in runtest
    self.ihook.pytest_pyfunc_call(pyfuncitem=self)
  File "/workdir/ujson-5.6.0/.tox/graalpylibtest-unit-test-tests/lib/python3.10/site-packages/pluggy/_hooks.py", line 493, in __call__
    return self._hookexec(self.name, self._hookimpls, kwargs, firstresult)
  File "/workdir/ujson-5.6.0/.tox/graalpylibtest-unit-test-tests/lib/python3.10/site-packages/pluggy/_manager.py", line 115, in _hookexec
    return self._inner_hookexec(hook_name, methods, kwargs, firstresult)
  File "/workdir/ujson-5.6.0/.tox/graalpylibtest-unit-test-tests/lib/python3.10/site-packages/pluggy/_callers.py", line 113, in _multicall
    raise exception.with_traceback(exception.__traceback__)
  File "/workdir/ujson-5.6.0/.tox/graalpylibtest-unit-test-tests/lib/python3.10/site-packages/pluggy/_callers.py", line 77, in _multicall
    res = hook_impl.function(*args)
  File "/workdir/ujson-5.6.0/.tox/graalpylibtest-unit-test-tests/lib/python3.10/site-packages/_pytest/python.py", line 194, in pytest_pyfunc_call
    result = testfunction(**testargs)
  File "/workdir/ujson-5.6.0/tests/test_ujson.py", line 513, in test_encode_surrogate_characters
    assert ujson.dumps({"\ud800": "\udfff"}, ensure_ascii=False) == out2
AssertionError
__________ test_decode_surrogate_characters["\U0001f4a9"-\U0001f4a9] ___________
Traceback (most recent call last):
  File "/workdir/ujson-5.6.0/.tox/graalpylibtest-unit-test-tests/lib/python3.10/site-packages/_pytest/runner.py", line 341, in from_call
    result: Optional[TResult] = func()
  File "/workdir/ujson-5.6.0/.tox/graalpylibtest-unit-test-tests/lib/python3.10/site-packages/_pytest/runner.py", line 262, in <lambda>
    lambda: ihook(item=item, **kwds), when=when, reraise=reraise
  File "/workdir/ujson-5.6.0/.tox/graalpylibtest-unit-test-tests/lib/python3.10/site-packages/pluggy/_hooks.py", line 493, in __call__
    return self._hookexec(self.name, self._hookimpls, kwargs, firstresult)
  File "/workdir/ujson-5.6.0/.tox/graalpylibtest-unit-test-tests/lib/python3.10/site-packages/pluggy/_manager.py", line 115, in _hookexec
    return self._inner_hookexec(hook_name, methods, kwargs, firstresult)
  File "/workdir/ujson-5.6.0/.tox/graalpylibtest-unit-test-tests/lib/python3.10/site-packages/pluggy/_callers.py", line 152, in _multicall
    return outcome.get_result()
  File "/workdir/ujson-5.6.0/.tox/graalpylibtest-unit-test-tests/lib/python3.10/site-packages/pluggy/_result.py", line 114, in get_result
    raise exc.with_traceback(exc.__traceback__)
  File "/workdir/ujson-5.6.0/.tox/graalpylibtest-unit-test-tests/lib/python3.10/site-packages/pluggy/_callers.py", line 77, in _multicall
    res = hook_impl.function(*args)
  File "/workdir/ujson-5.6.0/.tox/graalpylibtest-unit-test-tests/lib/python3.10/site-packages/_pytest/runner.py", line 177, in pytest_runtest_call
    raise e
  File "/workdir/ujson-5.6.0/.tox/graalpylibtest-unit-test-tests/lib/python3.10/site-packages/_pytest/runner.py", line 169, in pytest_runtest_call
    item.runtest()
  File "/workdir/ujson-5.6.0/.tox/graalpylibtest-unit-test-tests/lib/python3.10/site-packages/_pytest/python.py", line 1792, in runtest
    self.ihook.pytest_pyfunc_call(pyfuncitem=self)
  File "/workdir/ujson-5.6.0/.tox/graalpylibtest-unit-test-tests/lib/python3.10/site-packages/pluggy/_hooks.py", line 493, in __call__
    return self._hookexec(self.name, self._hookimpls, kwargs, firstresult)
  File "/workdir/ujson-5.6.0/.tox/graalpylibtest-unit-test-tests/lib/python3.10/site-packages/pluggy/_manager.py", line 115, in _hookexec
    return self._inner_hookexec(hook_name, methods, kwargs, firstresult)
  File "/workdir/ujson-5.6.0/.tox/graalpylibtest-unit-test-tests/lib/python3.10/site-packages/pluggy/_callers.py", line 113, in _multicall
    raise exception.with_traceback(exception.__traceback__)
  File "/workdir/ujson-5.6.0/.tox/graalpylibtest-unit-test-tests/lib/python3.10/site-packages/pluggy/_callers.py", line 77, in _multicall
    res = hook_impl.function(*args)
  File "/workdir/ujson-5.6.0/.tox/graalpylibtest-unit-test-tests/lib/python3.10/site-packages/_pytest/python.py", line 194, in pytest_pyfunc_call
    result = testfunction(**testargs)
  File "/workdir/ujson-5.6.0/tests/test_ujson.py", line 541, in test_decode_surrogate_characters
    assert ujson.loads(test_input) == expected
AssertionError
________ test_encode_decode_big_int[encode--10000000000000000000000000] ________
Traceback (most recent call last):
  File "/workdir/ujson-5.6.0/.tox/graalpylibtest-unit-test-tests/lib/python3.10/site-packages/_pytest/runner.py", line 341, in from_call
    result: Optional[TResult] = func()
  File "/workdir/ujson-5.6.0/.tox/graalpylibtest-unit-test-tests/lib/python3.10/site-packages/_pytest/runner.py", line 262, in <lambda>
    lambda: ihook(item=item, **kwds), when=when, reraise=reraise
  File "/workdir/ujson-5.6.0/.tox/graalpylibtest-unit-test-tests/lib/python3.10/site-packages/pluggy/_hooks.py", line 493, in __call__
    return self._hookexec(self.name, self._hookimpls, kwargs, firstresult)
  File "/workdir/ujson-5.6.0/.tox/graalpylibtest-unit-test-tests/lib/python3.10/site-packages/pluggy/_manager.py", line 115, in _hookexec
    return self._inner_hookexec(hook_name, methods, kwargs, firstresult)
  File "/workdir/ujson-5.6.0/.tox/graalpylibtest-unit-test-tests/lib/python3.10/site-packages/pluggy/_callers.py", line 152, in _multicall
    return outcome.get_result()
  File "/workdir/ujson-5.6.0/.tox/graalpylibtest-unit-test-tests/lib/python3.10/site-packages/pluggy/_result.py", line 114, in get_result
    raise exc.with_traceback(exc.__traceback__)
  File "/workdir/ujson-5.6.0/.tox/graalpylibtest-unit-test-tests/lib/python3.10/site-packages/pluggy/_callers.py", line 77, in _multicall
    res = hook_impl.function(*args)
  File "/workdir/ujson-5.6.0/.tox/graalpylibtest-unit-test-tests/lib/python3.10/site-packages/_pytest/runner.py", line 177, in pytest_runtest_call
    raise e
  File "/workdir/ujson-5.6.0/.tox/graalpylibtest-unit-test-tests/lib/python3.10/site-packages/_pytest/runner.py", line 169, in pytest_runtest_call
    item.runtest()
  File "/workdir/ujson-5.6.0/.tox/graalpylibtest-unit-test-tests/lib/python3.10/site-packages/_pytest/python.py", line 1792, in runtest
    self.ihook.pytest_pyfunc_call(pyfuncitem=self)
  File "/workdir/ujson-5.6.0/.tox/graalpylibtest-unit-test-tests/lib/python3.10/site-packages/pluggy/_hooks.py", line 493, in __call__
    return self._hookexec(self.name, self._hookimpls, kwargs, firstresult)
  File "/workdir/ujson-5.6.0/.tox/graalpylibtest-unit-test-tests/lib/python3.10/site-packages/pluggy/_manager.py", line 115, in _hookexec
    return self._inner_hookexec(hook_name, methods, kwargs, firstresult)
  File "/workdir/ujson-5.6.0/.tox/graalpylibtest-unit-test-tests/lib/python3.10/site-packages/pluggy/_callers.py", line 113, in _multicall
    raise exception.with_traceback(exception.__traceback__)
  File "/workdir/ujson-5.6.0/.tox/graalpylibtest-unit-test-tests/lib/python3.10/site-packages/pluggy/_callers.py", line 77, in _multicall
    res = hook_impl.function(*args)
  File "/workdir/ujson-5.6.0/.tox/graalpylibtest-unit-test-tests/lib/python3.10/site-packages/_pytest/python.py", line 194, in pytest_pyfunc_call
    result = testfunction(**testargs)
  File "/workdir/ujson-5.6.0/tests/test_ujson.py", line 617, in test_encode_decode_big_int
    assert ujson.encode(python_object) == json_string
AssertionError
___________ test_encode_decode_big_int[encode--18446744073709551616] ___________
Traceback (most recent call last):
  File "/workdir/ujson-5.6.0/.tox/graalpylibtest-unit-test-tests/lib/python3.10/site-packages/_pytest/runner.py", line 341, in from_call
    result: Optional[TResult] = func()
  File "/workdir/ujson-5.6.0/.tox/graalpylibtest-unit-test-tests/lib/python3.10/site-packages/_pytest/runner.py", line 262, in <lambda>
    lambda: ihook(item=item, **kwds), when=when, reraise=reraise
  File "/workdir/ujson-5.6.0/.tox/graalpylibtest-unit-test-tests/lib/python3.10/site-packages/pluggy/_hooks.py", line 493, in __call__
    return self._hookexec(self.name, self._hookimpls, kwargs, firstresult)
  File "/workdir/ujson-5.6.0/.tox/graalpylibtest-unit-test-tests/lib/python3.10/site-packages/pluggy/_manager.py", line 115, in _hookexec
    return self._inner_hookexec(hook_name, methods, kwargs, firstresult)
  File "/workdir/ujson-5.6.0/.tox/graalpylibtest-unit-test-tests/lib/python3.10/site-packages/pluggy/_callers.py", line 152, in _multicall
    return outcome.get_result()
  File "/workdir/ujson-5.6.0/.tox/graalpylibtest-unit-test-tests/lib/python3.10/site-packages/pluggy/_result.py", line 114, in get_result
    raise exc.with_traceback(exc.__traceback__)
  File "/workdir/ujson-5.6.0/.tox/graalpylibtest-unit-test-tests/lib/python3.10/site-packages/pluggy/_callers.py", line 77, in _multicall
    res = hook_impl.function(*args)
  File "/workdir/ujson-5.6.0/.tox/graalpylibtest-unit-test-tests/lib/python3.10/site-packages/_pytest/runner.py", line 177, in pytest_runtest_call
    raise e
  File "/workdir/ujson-5.6.0/.tox/graalpylibtest-unit-test-tests/lib/python3.10/site-packages/_pytest/runner.py", line 169, in pytest_runtest_call
    item.runtest()
  File "/workdir/ujson-5.6.0/.tox/graalpylibtest-unit-test-tests/lib/python3.10/site-packages/_pytest/python.py", line 1792, in runtest
    self.ihook.pytest_pyfunc_call(pyfuncitem=self)
  File "/workdir/ujson-5.6.0/.tox/graalpylibtest-unit-test-tests/lib/python3.10/site-packages/pluggy/_hooks.py", line 493, in __call__
    return self._hookexec(self.name, self._hookimpls, kwargs, firstresult)
  File "/workdir/ujson-5.6.0/.tox/graalpylibtest-unit-test-tests/lib/python3.10/site-packages/pluggy/_manager.py", line 115, in _hookexec
    return self._inner_hookexec(hook_name, methods, kwargs, firstresult)
  File "/workdir/ujson-5.6.0/.tox/graalpylibtest-unit-test-tests/lib/python3.10/site-packages/pluggy/_callers.py", line 113, in _multicall
    raise exception.with_traceback(exception.__traceback__)
  File "/workdir/ujson-5.6.0/.tox/graalpylibtest-unit-test-tests/lib/python3.10/site-packages/pluggy/_callers.py", line 77, in _multicall
    res = hook_impl.function(*args)
  File "/workdir/ujson-5.6.0/.tox/graalpylibtest-unit-test-tests/lib/python3.10/site-packages/_pytest/python.py", line 194, in pytest_pyfunc_call
    result = testfunction(**testargs)
  File "/workdir/ujson-5.6.0/tests/test_ujson.py", line 617, in test_encode_decode_big_int
    assert ujson.encode(python_object) == json_string
AssertionError
___________ test_encode_decode_big_int[encode--9223372036854775809] ____________
Traceback (most recent call last):
  File "/workdir/ujson-5.6.0/.tox/graalpylibtest-unit-test-tests/lib/python3.10/site-packages/_pytest/runner.py", line 341, in from_call
    result: Optional[TResult] = func()
  File "/workdir/ujson-5.6.0/.tox/graalpylibtest-unit-test-tests/lib/python3.10/site-packages/_pytest/runner.py", line 262, in <lambda>
    lambda: ihook(item=item, **kwds), when=when, reraise=reraise
  File "/workdir/ujson-5.6.0/.tox/graalpylibtest-unit-test-tests/lib/python3.10/site-packages/pluggy/_hooks.py", line 493, in __call__
    return self._hookexec(self.name, self._hookimpls, kwargs, firstresult)
  File "/workdir/ujson-5.6.0/.tox/graalpylibtest-unit-test-tests/lib/python3.10/site-packages/pluggy/_manager.py", line 115, in _hookexec
    return self._inner_hookexec(hook_name, methods, kwargs, firstresult)
  File "/workdir/ujson-5.6.0/.tox/graalpylibtest-unit-test-tests/lib/python3.10/site-packages/pluggy/_callers.py", line 152, in _multicall
    return outcome.get_result()
  File "/workdir/ujson-5.6.0/.tox/graalpylibtest-unit-test-tests/lib/python3.10/site-packages/pluggy/_result.py", line 114, in get_result
    raise exc.with_traceback(exc.__traceback__)
  File "/workdir/ujson-5.6.0/.tox/graalpylibtest-unit-test-tests/lib/python3.10/site-packages/pluggy/_callers.py", line 77, in _multicall
    res = hook_impl.function(*args)
  File "/workdir/ujson-5.6.0/.tox/graalpylibtest-unit-test-tests/lib/python3.10/site-packages/_pytest/runner.py", line 177, in pytest_runtest_call
    raise e
  File "/workdir/ujson-5.6.0/.tox/graalpylibtest-unit-test-tests/lib/python3.10/site-packages/_pytest/runner.py", line 169, in pytest_runtest_call
    item.runtest()
  File "/workdir/ujson-5.6.0/.tox/graalpylibtest-unit-test-tests/lib/python3.10/site-packages/_pytest/python.py", line 1792, in runtest
    self.ihook.pytest_pyfunc_call(pyfuncitem=self)
  File "/workdir/ujson-5.6.0/.tox/graalpylibtest-unit-test-tests/lib/python3.10/site-packages/pluggy/_hooks.py", line 493, in __call__
    return self._hookexec(self.name, self._hookimpls, kwargs, firstresult)
  File "/workdir/ujson-5.6.0/.tox/graalpylibtest-unit-test-tests/lib/python3.10/site-packages/pluggy/_manager.py", line 115, in _hookexec
    return self._inner_hookexec(hook_name, methods, kwargs, firstresult)
  File "/workdir/ujson-5.6.0/.tox/graalpylibtest-unit-test-tests/lib/python3.10/site-packages/pluggy/_callers.py", line 113, in _multicall
    raise exception.with_traceback(exception.__traceback__)
  File "/workdir/ujson-5.6.0/.tox/graalpylibtest-unit-test-tests/lib/python3.10/site-packages/pluggy/_callers.py", line 77, in _multicall
    res = hook_impl.function(*args)
  File "/workdir/ujson-5.6.0/.tox/graalpylibtest-unit-test-tests/lib/python3.10/site-packages/_pytest/python.py", line 194, in pytest_pyfunc_call
    result = testfunction(**testargs)
  File "/workdir/ujson-5.6.0/tests/test_ujson.py", line 617, in test_encode_decode_big_int
    assert ujson.encode(python_object) == json_string
AssertionError
___________ test_encode_decode_big_int[encode-18446744073709551616] ____________
Traceback (most recent call last):
  File "/workdir/ujson-5.6.0/.tox/graalpylibtest-unit-test-tests/lib/python3.10/site-packages/_pytest/runner.py", line 341, in from_call
    result: Optional[TResult] = func()
  File "/workdir/ujson-5.6.0/.tox/graalpylibtest-unit-test-tests/lib/python3.10/site-packages/_pytest/runner.py", line 262, in <lambda>
    lambda: ihook(item=item, **kwds), when=when, reraise=reraise
  File "/workdir/ujson-5.6.0/.tox/graalpylibtest-unit-test-tests/lib/python3.10/site-packages/pluggy/_hooks.py", line 493, in __call__
    return self._hookexec(self.name, self._hookimpls, kwargs, firstresult)
  File "/workdir/ujson-5.6.0/.tox/graalpylibtest-unit-test-tests/lib/python3.10/site-packages/pluggy/_manager.py", line 115, in _hookexec
    return self._inner_hookexec(hook_name, methods, kwargs, firstresult)
  File "/workdir/ujson-5.6.0/.tox/graalpylibtest-unit-test-tests/lib/python3.10/site-packages/pluggy/_callers.py", line 152, in _multicall
    return outcome.get_result()
  File "/workdir/ujson-5.6.0/.tox/graalpylibtest-unit-test-tests/lib/python3.10/site-packages/pluggy/_result.py", line 114, in get_result
    raise exc.with_traceback(exc.__traceback__)
  File "/workdir/ujson-5.6.0/.tox/graalpylibtest-unit-test-tests/lib/python3.10/site-packages/pluggy/_callers.py", line 77, in _multicall
    res = hook_impl.function(*args)
  File "/workdir/ujson-5.6.0/.tox/graalpylibtest-unit-test-tests/lib/python3.10/site-packages/_pytest/runner.py", line 177, in pytest_runtest_call
    raise e
  File "/workdir/ujson-5.6.0/.tox/graalpylibtest-unit-test-tests/lib/python3.10/site-packages/_pytest/runner.py", line 169, in pytest_runtest_call
    item.runtest()
  File "/workdir/ujson-5.6.0/.tox/graalpylibtest-unit-test-tests/lib/python3.10/site-packages/_pytest/python.py", line 1792, in runtest
    self.ihook.pytest_pyfunc_call(pyfuncitem=self)
  File "/workdir/ujson-5.6.0/.tox/graalpylibtest-unit-test-tests/lib/python3.10/site-packages/pluggy/_hooks.py", line 493, in __call__
    return self._hookexec(self.name, self._hookimpls, kwargs, firstresult)
  File "/workdir/ujson-5.6.0/.tox/graalpylibtest-unit-test-tests/lib/python3.10/site-packages/pluggy/_manager.py", line 115, in _hookexec
    return self._inner_hookexec(hook_name, methods, kwargs, firstresult)
  File "/workdir/ujson-5.6.0/.tox/graalpylibtest-unit-test-tests/lib/python3.10/site-packages/pluggy/_callers.py", line 113, in _multicall
    raise exception.with_traceback(exception.__traceback__)
  File "/workdir/ujson-5.6.0/.tox/graalpylibtest-unit-test-tests/lib/python3.10/site-packages/pluggy/_callers.py", line 77, in _multicall
    res = hook_impl.function(*args)
  File "/workdir/ujson-5.6.0/.tox/graalpylibtest-unit-test-tests/lib/python3.10/site-packages/_pytest/python.py", line 194, in pytest_pyfunc_call
    result = testfunction(**testargs)
  File "/workdir/ujson-5.6.0/tests/test_ujson.py", line 617, in test_encode_decode_big_int
    assert ujson.encode(python_object) == json_string
AssertionError
________ test_encode_decode_big_int[encode-10000000000000000000000000] _________
Traceback (most recent call last):
  File "/workdir/ujson-5.6.0/.tox/graalpylibtest-unit-test-tests/lib/python3.10/site-packages/_pytest/runner.py", line 341, in from_call
    result: Optional[TResult] = func()
  File "/workdir/ujson-5.6.0/.tox/graalpylibtest-unit-test-tests/lib/python3.10/site-packages/_pytest/runner.py", line 262, in <lambda>
    lambda: ihook(item=item, **kwds), when=when, reraise=reraise
  File "/workdir/ujson-5.6.0/.tox/graalpylibtest-unit-test-tests/lib/python3.10/site-packages/pluggy/_hooks.py", line 493, in __call__
    return self._hookexec(self.name, self._hookimpls, kwargs, firstresult)
  File "/workdir/ujson-5.6.0/.tox/graalpylibtest-unit-test-tests/lib/python3.10/site-packages/pluggy/_manager.py", line 115, in _hookexec
    return self._inner_hookexec(hook_name, methods, kwargs, firstresult)
  File "/workdir/ujson-5.6.0/.tox/graalpylibtest-unit-test-tests/lib/python3.10/site-packages/pluggy/_callers.py", line 152, in _multicall
    return outcome.get_result()
  File "/workdir/ujson-5.6.0/.tox/graalpylibtest-unit-test-tests/lib/python3.10/site-packages/pluggy/_result.py", line 114, in get_result
    raise exc.with_traceback(exc.__traceback__)
  File "/workdir/ujson-5.6.0/.tox/graalpylibtest-unit-test-tests/lib/python3.10/site-packages/pluggy/_callers.py", line 77, in _multicall
    res = hook_impl.function(*args)
  File "/workdir/ujson-5.6.0/.tox/graalpylibtest-unit-test-tests/lib/python3.10/site-packages/_pytest/runner.py", line 177, in pytest_runtest_call
    raise e
  File "/workdir/ujson-5.6.0/.tox/graalpylibtest-unit-test-tests/lib/python3.10/site-packages/_pytest/runner.py", line 169, in pytest_runtest_call
    item.runtest()
  File "/workdir/ujson-5.6.0/.tox/graalpylibtest-unit-test-tests/lib/python3.10/site-packages/_pytest/python.py", line 1792, in runtest
    self.ihook.pytest_pyfunc_call(pyfuncitem=self)
  File "/workdir/ujson-5.6.0/.tox/graalpylibtest-unit-test-tests/lib/python3.10/site-packages/pluggy/_hooks.py", line 493, in __call__
    return self._hookexec(self.name, self._hookimpls, kwargs, firstresult)
  File "/workdir/ujson-5.6.0/.tox/graalpylibtest-unit-test-tests/lib/python3.10/site-packages/pluggy/_manager.py", line 115, in _hookexec
    return self._inner_hookexec(hook_name, methods, kwargs, firstresult)
  File "/workdir/ujson-5.6.0/.tox/graalpylibtest-unit-test-tests/lib/python3.10/site-packages/pluggy/_callers.py", line 113, in _multicall
    raise exception.with_traceback(exception.__traceback__)
  File "/workdir/ujson-5.6.0/.tox/graalpylibtest-unit-test-tests/lib/python3.10/site-packages/pluggy/_callers.py", line 77, in _multicall
    res = hook_impl.function(*args)
  File "/workdir/ujson-5.6.0/.tox/graalpylibtest-unit-test-tests/lib/python3.10/site-packages/_pytest/python.py", line 194, in pytest_pyfunc_call
    result = testfunction(**testargs)
  File "/workdir/ujson-5.6.0/tests/test_ujson.py", line 617, in test_encode_decode_big_int
    assert ujson.encode(python_object) == json_string
AssertionError
__________________________ test_default_ref_counting ___________________________
Traceback (most recent call last):
  File "/workdir/ujson-5.6.0/.tox/graalpylibtest-unit-test-tests/lib/python3.10/site-packages/_pytest/runner.py", line 341, in from_call
    result: Optional[TResult] = func()
  File "/workdir/ujson-5.6.0/.tox/graalpylibtest-unit-test-tests/lib/python3.10/site-packages/_pytest/runner.py", line 262, in <lambda>
    lambda: ihook(item=item, **kwds), when=when, reraise=reraise
  File "/workdir/ujson-5.6.0/.tox/graalpylibtest-unit-test-tests/lib/python3.10/site-packages/pluggy/_hooks.py", line 493, in __call__
    return self._hookexec(self.name, self._hookimpls, kwargs, firstresult)
  File "/workdir/ujson-5.6.0/.tox/graalpylibtest-unit-test-tests/lib/python3.10/site-packages/pluggy/_manager.py", line 115, in _hookexec
    return self._inner_hookexec(hook_name, methods, kwargs, firstresult)
  File "/workdir/ujson-5.6.0/.tox/graalpylibtest-unit-test-tests/lib/python3.10/site-packages/pluggy/_callers.py", line 152, in _multicall
    return outcome.get_result()
  File "/workdir/ujson-5.6.0/.tox/graalpylibtest-unit-test-tests/lib/python3.10/site-packages/pluggy/_result.py", line 114, in get_result
    raise exc.with_traceback(exc.__traceback__)
  File "/workdir/ujson-5.6.0/.tox/graalpylibtest-unit-test-tests/lib/python3.10/site-packages/pluggy/_callers.py", line 77, in _multicall
    res = hook_impl.function(*args)
  File "/workdir/ujson-5.6.0/.tox/graalpylibtest-unit-test-tests/lib/python3.10/site-packages/_pytest/runner.py", line 177, in pytest_runtest_call
    raise e
  File "/workdir/ujson-5.6.0/.tox/graalpylibtest-unit-test-tests/lib/python3.10/site-packages/_pytest/runner.py", line 169, in pytest_runtest_call
    item.runtest()
  File "/workdir/ujson-5.6.0/.tox/graalpylibtest-unit-test-tests/lib/python3.10/site-packages/_pytest/python.py", line 1792, in runtest
    self.ihook.pytest_pyfunc_call(pyfuncitem=self)
  File "/workdir/ujson-5.6.0/.tox/graalpylibtest-unit-test-tests/lib/python3.10/site-packages/pluggy/_hooks.py", line 493, in __call__
    return self._hookexec(self.name, self._hookimpls, kwargs, firstresult)
  File "/workdir/ujson-5.6.0/.tox/graalpylibtest-unit-test-tests/lib/python3.10/site-packages/pluggy/_manager.py", line 115, in _hookexec
    return self._inner_hookexec(hook_name, methods, kwargs, firstresult)
  File "/workdir/ujson-5.6.0/.tox/graalpylibtest-unit-test-tests/lib/python3.10/site-packages/pluggy/_callers.py", line 113, in _multicall
    raise exception.with_traceback(exception.__traceback__)
  File "/workdir/ujson-5.6.0/.tox/graalpylibtest-unit-test-tests/lib/python3.10/site-packages/pluggy/_callers.py", line 77, in _multicall
    res = hook_impl.function(*args)
  File "/workdir/ujson-5.6.0/.tox/graalpylibtest-unit-test-tests/lib/python3.10/site-packages/_pytest/python.py", line 194, in pytest_pyfunc_call
    result = testfunction(**testargs)
  File "/workdir/ujson-5.6.0/tests/test_ujson.py", line 1061, in test_default_ref_counting
    type(o).__name__ == "DefaultRefCountingClass" for o in gc.get_objects()
AttributeError: module 'gc' has no attribute 'get_objects'
___________ test_no_memory_leak_encoding_errors[["a" * 11000, b""]] ____________
Traceback (most recent call last):
  File "/workdir/ujson-5.6.0/.tox/graalpylibtest-unit-test-tests/lib/python3.10/site-packages/_pytest/runner.py", line 341, in from_call
    result: Optional[TResult] = func()
  File "/workdir/ujson-5.6.0/.tox/graalpylibtest-unit-test-tests/lib/python3.10/site-packages/_pytest/runner.py", line 262, in <lambda>
    lambda: ihook(item=item, **kwds), when=when, reraise=reraise
  File "/workdir/ujson-5.6.0/.tox/graalpylibtest-unit-test-tests/lib/python3.10/site-packages/pluggy/_hooks.py", line 493, in __call__
    return self._hookexec(self.name, self._hookimpls, kwargs, firstresult)
  File "/workdir/ujson-5.6.0/.tox/graalpylibtest-unit-test-tests/lib/python3.10/site-packages/pluggy/_manager.py", line 115, in _hookexec
    return self._inner_hookexec(hook_name, methods, kwargs, firstresult)
  File "/workdir/ujson-5.6.0/.tox/graalpylibtest-unit-test-tests/lib/python3.10/site-packages/pluggy/_callers.py", line 152, in _multicall
    return outcome.get_result()
  File "/workdir/ujson-5.6.0/.tox/graalpylibtest-unit-test-tests/lib/python3.10/site-packages/pluggy/_result.py", line 114, in get_result
    raise exc.with_traceback(exc.__traceback__)
  File "/workdir/ujson-5.6.0/.tox/graalpylibtest-unit-test-tests/lib/python3.10/site-packages/pluggy/_callers.py", line 77, in _multicall
    res = hook_impl.function(*args)
  File "/workdir/ujson-5.6.0/.tox/graalpylibtest-unit-test-tests/lib/python3.10/site-packages/_pytest/runner.py", line 177, in pytest_runtest_call
    raise e
  File "/workdir/ujson-5.6.0/.tox/graalpylibtest-unit-test-tests/lib/python3.10/site-packages/_pytest/runner.py", line 169, in pytest_runtest_call
    item.runtest()
  File "/workdir/ujson-5.6.0/.tox/graalpylibtest-unit-test-tests/lib/python3.10/site-packages/_pytest/python.py", line 1792, in runtest
    self.ihook.pytest_pyfunc_call(pyfuncitem=self)
  File "/workdir/ujson-5.6.0/.tox/graalpylibtest-unit-test-tests/lib/python3.10/site-packages/pluggy/_hooks.py", line 493, in __call__
    return self._hookexec(self.name, self._hookimpls, kwargs, firstresult)
  File "/workdir/ujson-5.6.0/.tox/graalpylibtest-unit-test-tests/lib/python3.10/site-packages/pluggy/_manager.py", line 115, in _hookexec
    return self._inner_hookexec(hook_name, methods, kwargs, firstresult)
  File "/workdir/ujson-5.6.0/.tox/graalpylibtest-unit-test-tests/lib/python3.10/site-packages/pluggy/_callers.py", line 113, in _multicall
    raise exception.with_traceback(exception.__traceback__)
  File "/workdir/ujson-5.6.0/.tox/graalpylibtest-unit-test-tests/lib/python3.10/site-packages/pluggy/_callers.py", line 77, in _multicall
    res = hook_impl.function(*args)
  File "/workdir/ujson-5.6.0/.tox/graalpylibtest-unit-test-tests/lib/python3.10/site-packages/_pytest/python.py", line 194, in pytest_pyfunc_call
    result = testfunction(**testargs)
  File "/workdir/ujson-5.6.0/tests/test_ujson.py", line 1088, in test_no_memory_leak_encoding_errors
    no_memory_leak(f"functools.partial(ujson.dumps, {input})")
  File "/workdir/ujson-5.6.0/tests/test_ujson.py", line 1080, in no_memory_leak
    assert p.returncode == 0
AssertionError
----------------------------- Captured stderr call -----------------------------
Traceback (most recent call last):
  File "/workdir/ujson-5.6.0/tests/memory.py", line 25, in <module>
    tracemalloc.start()
AttributeError: module 'tracemalloc' has no attribute 'start'
__________ test_separators[separators5-{"a"\udc810\udc80"b"\udc811}] ___________
Traceback (most recent call last):
  File "/workdir/ujson-5.6.0/.tox/graalpylibtest-unit-test-tests/lib/python3.10/site-packages/_pytest/runner.py", line 341, in from_call
    result: Optional[TResult] = func()
  File "/workdir/ujson-5.6.0/.tox/graalpylibtest-unit-test-tests/lib/python3.10/site-packages/_pytest/runner.py", line 262, in <lambda>
    lambda: ihook(item=item, **kwds), when=when, reraise=reraise
  File "/workdir/ujson-5.6.0/.tox/graalpylibtest-unit-test-tests/lib/python3.10/site-packages/pluggy/_hooks.py", line 493, in __call__
    return self._hookexec(self.name, self._hookimpls, kwargs, firstresult)
  File "/workdir/ujson-5.6.0/.tox/graalpylibtest-unit-test-tests/lib/python3.10/site-packages/pluggy/_manager.py", line 115, in _hookexec
    return self._inner_hookexec(hook_name, methods, kwargs, firstresult)
  File "/workdir/ujson-5.6.0/.tox/graalpylibtest-unit-test-tests/lib/python3.10/site-packages/pluggy/_callers.py", line 152, in _multicall
    return outcome.get_result()
  File "/workdir/ujson-5.6.0/.tox/graalpylibtest-unit-test-tests/lib/python3.10/site-packages/pluggy/_result.py", line 114, in get_result
    raise exc.with_traceback(exc.__traceback__)
  File "/workdir/ujson-5.6.0/.tox/graalpylibtest-unit-test-tests/lib/python3.10/site-packages/pluggy/_callers.py", line 77, in _multicall
    res = hook_impl.function(*args)
  File "/workdir/ujson-5.6.0/.tox/graalpylibtest-unit-test-tests/lib/python3.10/site-packages/_pytest/runner.py", line 177, in pytest_runtest_call
    raise e
  File "/workdir/ujson-5.6.0/.tox/graalpylibtest-unit-test-tests/lib/python3.10/site-packages/_pytest/runner.py", line 169, in pytest_runtest_call
    item.runtest()
  File "/workdir/ujson-5.6.0/.tox/graalpylibtest-unit-test-tests/lib/python3.10/site-packages/_pytest/python.py", line 1792, in runtest
    self.ihook.pytest_pyfunc_call(pyfuncitem=self)
  File "/workdir/ujson-5.6.0/.tox/graalpylibtest-unit-test-tests/lib/python3.10/site-packages/pluggy/_hooks.py", line 493, in __call__
    return self._hookexec(self.name, self._hookimpls, kwargs, firstresult)
  File "/workdir/ujson-5.6.0/.tox/graalpylibtest-unit-test-tests/lib/python3.10/site-packages/pluggy/_manager.py", line 115, in _hookexec
    return self._inner_hookexec(hook_name, methods, kwargs, firstresult)
  File "/workdir/ujson-5.6.0/.tox/graalpylibtest-unit-test-tests/lib/python3.10/site-packages/pluggy/_callers.py", line 113, in _multicall
    raise exception.with_traceback(exception.__traceback__)
  File "/workdir/ujson-5.6.0/.tox/graalpylibtest-unit-test-tests/lib/python3.10/site-packages/pluggy/_callers.py", line 77, in _multicall
    res = hook_impl.function(*args)
  File "/workdir/ujson-5.6.0/.tox/graalpylibtest-unit-test-tests/lib/python3.10/site-packages/_pytest/python.py", line 194, in pytest_pyfunc_call
    result = testfunction(**testargs)
  File "/workdir/ujson-5.6.0/tests/test_ujson.py", line 1104, in test_separators
    assert ujson.dumps({"a": 0, "b": 1}, separators=separators) == expected
AssertionError
- generated xml file: /workdir/results/ujson/5.6.0/1/graalpy-test-results.xml --
=========================== short test summary info ============================
FAILED tests/test_ujson.py::test_encode_dict_values_ref_counting - AssertionE...
FAILED tests/test_ujson.py::test_encode_dict_key_ref_counting[False-key1] - A...
FAILED tests/test_ujson.py::test_encode_surrogate_characters - AssertionError
FAILED tests/test_ujson.py::test_decode_surrogate_characters["\U0001f4a9"-\U0001f4a9]
FAILED tests/test_ujson.py::test_encode_decode_big_int[encode--10000000000000000000000000]
FAILED tests/test_ujson.py::test_encode_decode_big_int[encode--18446744073709551616]
FAILED tests/test_ujson.py::test_encode_decode_big_int[encode--9223372036854775809]
FAILED tests/test_ujson.py::test_encode_decode_big_int[encode-18446744073709551616]
FAILED tests/test_ujson.py::test_encode_decode_big_int[encode-10000000000000000000000000]
FAILED tests/test_ujson.py::test_default_ref_counting - AttributeError: modul...
FAILED tests/test_ujson.py::test_no_memory_leak_encoding_errors[["a" * 11000, b""]]
FAILED tests/test_ujson.py::test_separators[separators5-{"a"\udc810\udc80"b"\udc811}]
======================= 12 failed, 267 passed in 33.99s ========================
ERROR: InvocationError for command /workdir/ujson-5.6.0/.tox/graalpylibtest-unit-test-tests/bin/pytest -v --tb=native --junitxml /workdir/results/ujson/5.6.0/1/graalpy-test-results.xml (exited with code 1)
___________________________________ summary ____________________________________
ERROR:   graalpylibtest-unit-test-tests: commands failed
