.package create: /workdir/frozenlist-1.3.3/.tox/.package
.package installdeps: setuptools >= 46.4.0, wheel >= 0.37.0
warning: no files found matching 'frozenlist/*.c'
warning: no previously-included files matching '*.pyc' found anywhere in distribution
warning: no previously-included files matching '*.pyd' found anywhere in distribution
warning: no previously-included files matching '*.so' found anywhere in distribution
warning: no previously-included files matching '*.lib' found anywhere in distribution
warning: no previously-included files matching '*.dll' found anywhere in distribution
warning: no previously-included files matching '*.a' found anywhere in distribution
warning: no previously-included files matching '*.obj' found anywhere in distribution
warning: no previously-included files found matching 'frozenlist/*.html'
no previously-included directories found matching 'docs/_build'
warning: no files found matching 'frozenlist/*.c'
warning: no previously-included files matching '*.pyc' found anywhere in distribution
warning: no previously-included files matching '*.pyd' found anywhere in distribution
warning: no previously-included files matching '*.so' found anywhere in distribution
warning: no previously-included files matching '*.lib' found anywhere in distribution
warning: no previously-included files matching '*.dll' found anywhere in distribution
warning: no previously-included files matching '*.a' found anywhere in distribution
warning: no previously-included files matching '*.obj' found anywhere in distribution
warning: no previously-included files found matching 'frozenlist/*.html'
no previously-included directories found matching 'docs/_build'
cpythonlibtest-unit-test-tests create: /workdir/frozenlist-1.3.3/.tox/cpythonlibtest-unit-test-tests
cpythonlibtest-unit-test-tests installdeps: mock, pytest, -rrequirements/doc.txt, -rrequirements/ci.txt, -rrequirements/dev.txt
ERROR: invocation failed (exit code 1), logfile: /workdir/frozenlist-1.3.3/.tox/cpythonlibtest-unit-test-tests/log/cpythonlibtest-unit-test-tests-1.log
================================== log start ===================================
Obtaining file:///workdir/frozenlist-1.3.3 (from -r requirements/dev.txt (line 1))
  Installing build dependencies: started
  Installing build dependencies: finished with status 'done'
  Checking if build backend supports build_editable: started
  Checking if build backend supports build_editable: finished with status 'done'
  Getting requirements to build editable: started
  Getting requirements to build editable: finished with status 'done'
  Preparing editable metadata (pyproject.toml): started
  Preparing editable metadata (pyproject.toml): finished with status 'done'
Collecting mock
  Using cached mock-5.1.0-py3-none-any.whl.metadata (3.0 kB)
Collecting pytest
  Using cached pytest-7.4.3-py3-none-any.whl.metadata (7.9 kB)
Collecting aiohttp-theme==0.1.6 (from -r requirements/doc.txt (line 1))
  Downloading aiohttp_theme-0.1.6-py2.py3-none-any.whl (13 kB)
Collecting sphinx==5.3.0 (from -r requirements/doc.txt (line 2))
  Downloading sphinx-5.3.0-py3-none-any.whl (3.2 MB)
     ━━━━━━━━━━━━━━━━━━━━━━━━━━━━━━━━━━━━━━━━ 3.2/3.2 MB 23.0 MB/s eta 0:00:00
Collecting sphinxcontrib-spelling==7.6.2 (from -r requirements/doc.txt (line 3))
  Downloading sphinxcontrib_spelling-7.6.2-py3-none-any.whl (16 kB)
Collecting build==0.9.0 (from -r requirements/ci.txt (line 1))
  Downloading build-0.9.0-py3-none-any.whl (17 kB)
Collecting coverage==6.5.0 (from -r requirements/ci.txt (line 2))
  Using cached coverage-6.5.0-cp310-cp310-manylinux_2_5_x86_64.manylinux1_x86_64.manylinux_2_17_x86_64.manylinux2014_x86_64.whl (213 kB)
Collecting cython==0.29.32 (from -r requirements/ci.txt (line 3))
  Downloading Cython-0.29.32-cp310-cp310-manylinux_2_17_x86_64.manylinux2014_x86_64.manylinux_2_24_x86_64.whl (1.9 MB)
     ━━━━━━━━━━━━━━━━━━━━━━━━━━━━━━━━━━━━━━━━ 1.9/1.9 MB 28.9 MB/s eta 0:00:00
Collecting mypy==0.990 (from -r requirements/ci.txt (line 4))
  Downloading mypy-0.990-cp310-cp310-manylinux_2_17_x86_64.manylinux2014_x86_64.whl (18.2 MB)
     ━━━━━━━━━━━━━━━━━━━━━━━━━━━━━━━━━━━━━━━━ 18.2/18.2 MB 27.1 MB/s eta 0:00:00
Collecting pre-commit==2.20.0 (from -r requirements/ci.txt (line 5))
  Using cached pre_commit-2.20.0-py2.py3-none-any.whl (199 kB)
Collecting pytest
  Downloading pytest-7.2.0-py3-none-any.whl (316 kB)
     ━━━━━━━━━━━━━━━━━━━━━━━━━━━━━━━━━━━━━━ 316.8/316.8 kB 23.0 MB/s eta 0:00:00
Collecting pytest-cov==4.0.0 (from -r requirements/ci.txt (line 7))
  Downloading pytest_cov-4.0.0-py3-none-any.whl (21 kB)
Collecting towncrier==22.8.0 (from -r requirements/ci.txt (line 8))
  Downloading towncrier-22.8.0-py2.py3-none-any.whl (39 kB)
Collecting tox==3.27.0 (from -r requirements/ci.txt (line 9))
  Downloading tox-3.27.0-py2.py3-none-any.whl (86 kB)
     ━━━━━━━━━━━━━━━━━━━━━━━━━━━━━━━━━━━━━━━━ 86.6/86.6 kB 16.3 MB/s eta 0:00:00
Collecting twine==4.0.1 (from -r requirements/ci.txt (line 10))
  Downloading twine-4.0.1-py3-none-any.whl (36 kB)
Collecting attrs>=19.2.0 (from pytest)
  Using cached attrs-23.1.0-py3-none-any.whl (61 kB)
Collecting iniconfig (from pytest)
  Using cached iniconfig-2.0.0-py3-none-any.whl (5.9 kB)
Collecting packaging (from pytest)
  Using cached packaging-23.2-py3-none-any.whl.metadata (3.2 kB)
Collecting pluggy<2.0,>=0.12 (from pytest)
  Using cached pluggy-1.3.0-py3-none-any.whl.metadata (4.3 kB)
Collecting exceptiongroup>=1.0.0rc8 (from pytest)
  Using cached exceptiongroup-1.2.0-py3-none-any.whl.metadata (6.6 kB)
Collecting tomli>=1.0.0 (from pytest)
  Using cached tomli-2.0.1-py3-none-any.whl (12 kB)
Collecting sphinxcontrib-applehelp (from sphinx==5.3.0->-r requirements/doc.txt (line 2))
  Using cached sphinxcontrib_applehelp-1.0.7-py3-none-any.whl.metadata (2.2 kB)
Collecting sphinxcontrib-devhelp (from sphinx==5.3.0->-r requirements/doc.txt (line 2))
  Using cached sphinxcontrib_devhelp-1.0.5-py3-none-any.whl.metadata (2.2 kB)
Collecting sphinxcontrib-jsmath (from sphinx==5.3.0->-r requirements/doc.txt (line 2))
  Using cached sphinxcontrib_jsmath-1.0.1-py2.py3-none-any.whl (5.1 kB)
Collecting sphinxcontrib-htmlhelp>=2.0.0 (from sphinx==5.3.0->-r requirements/doc.txt (line 2))
  Using cached sphinxcontrib_htmlhelp-2.0.4-py3-none-any.whl.metadata (2.2 kB)
Collecting sphinxcontrib-serializinghtml>=1.1.5 (from sphinx==5.3.0->-r requirements/doc.txt (line 2))
  Using cached sphinxcontrib_serializinghtml-1.1.9-py3-none-any.whl.metadata (2.3 kB)
Collecting sphinxcontrib-qthelp (from sphinx==5.3.0->-r requirements/doc.txt (line 2))
  Using cached sphinxcontrib_qthelp-1.0.6-py3-none-any.whl.metadata (2.2 kB)
Collecting Jinja2>=3.0 (from sphinx==5.3.0->-r requirements/doc.txt (line 2))
  Using cached Jinja2-3.1.2-py3-none-any.whl (133 kB)
Collecting Pygments>=2.12 (from sphinx==5.3.0->-r requirements/doc.txt (line 2))
  Using cached pygments-2.17.2-py3-none-any.whl.metadata (2.6 kB)
Collecting docutils<0.20,>=0.14 (from sphinx==5.3.0->-r requirements/doc.txt (line 2))
  Downloading docutils-0.19-py3-none-any.whl (570 kB)
     ━━━━━━━━━━━━━━━━━━━━━━━━━━━━━━━━━━━━━━ 570.5/570.5 kB 27.5 MB/s eta 0:00:00
Collecting snowballstemmer>=2.0 (from sphinx==5.3.0->-r requirements/doc.txt (line 2))
  Using cached snowballstemmer-2.2.0-py2.py3-none-any.whl (93 kB)
Collecting babel>=2.9 (from sphinx==5.3.0->-r requirements/doc.txt (line 2))
  Using cached Babel-2.13.1-py3-none-any.whl.metadata (1.6 kB)
Collecting alabaster<0.8,>=0.7 (from sphinx==5.3.0->-r requirements/doc.txt (line 2))
  Using cached alabaster-0.7.13-py3-none-any.whl (13 kB)
Collecting imagesize>=1.3 (from sphinx==5.3.0->-r requirements/doc.txt (line 2))
  Using cached imagesize-1.4.1-py2.py3-none-any.whl (8.8 kB)
Collecting requests>=2.5.0 (from sphinx==5.3.0->-r requirements/doc.txt (line 2))
  Using cached requests-2.31.0-py3-none-any.whl.metadata (4.6 kB)
Collecting PyEnchant>=3.1.1 (from sphinxcontrib-spelling==7.6.2->-r requirements/doc.txt (line 3))
  Downloading pyenchant-3.2.2-py3-none-any.whl (55 kB)
     ━━━━━━━━━━━━━━━━━━━━━━━━━━━━━━━━━━━━━━━━ 55.7/55.7 kB 10.4 MB/s eta 0:00:00
Collecting pep517>=0.9.1 (from build==0.9.0->-r requirements/ci.txt (line 1))
  Downloading pep517-0.13.1-py3-none-any.whl.metadata (4.1 kB)
Collecting typing-extensions>=3.10 (from mypy==0.990->-r requirements/ci.txt (line 4))
  Using cached typing_extensions-4.8.0-py3-none-any.whl.metadata (3.0 kB)
Collecting mypy-extensions>=0.4.3 (from mypy==0.990->-r requirements/ci.txt (line 4))
  Using cached mypy_extensions-1.0.0-py3-none-any.whl (4.7 kB)
Collecting cfgv>=2.0.0 (from pre-commit==2.20.0->-r requirements/ci.txt (line 5))
  Using cached cfgv-3.4.0-py2.py3-none-any.whl.metadata (8.5 kB)
Collecting identify>=1.0.0 (from pre-commit==2.20.0->-r requirements/ci.txt (line 5))
  Using cached identify-2.5.32-py2.py3-none-any.whl.metadata (4.4 kB)
Collecting nodeenv>=0.11.1 (from pre-commit==2.20.0->-r requirements/ci.txt (line 5))
  Using cached nodeenv-1.8.0-py2.py3-none-any.whl.metadata (21 kB)
Collecting pyyaml>=5.1 (from pre-commit==2.20.0->-r requirements/ci.txt (line 5))
  Using cached PyYAML-6.0.1-cp310-cp310-manylinux_2_17_x86_64.manylinux2014_x86_64.whl.metadata (2.1 kB)
Collecting toml (from pre-commit==2.20.0->-r requirements/ci.txt (line 5))
  Using cached toml-0.10.2-py2.py3-none-any.whl (16 kB)
Collecting virtualenv>=20.0.8 (from pre-commit==2.20.0->-r requirements/ci.txt (line 5))
  Using cached virtualenv-20.24.7-py3-none-any.whl.metadata (4.5 kB)
Collecting click (from towncrier==22.8.0->-r requirements/ci.txt (line 8))
  Using cached click-8.1.7-py3-none-any.whl.metadata (3.0 kB)
Collecting click-default-group (from towncrier==22.8.0->-r requirements/ci.txt (line 8))
  Downloading click_default_group-1.2.4-py2.py3-none-any.whl.metadata (2.8 kB)
Collecting incremental (from towncrier==22.8.0->-r requirements/ci.txt (line 8))
  Downloading incremental-22.10.0-py2.py3-none-any.whl (16 kB)
Requirement already satisfied: setuptools in ./.tox/cpythonlibtest-unit-test-tests/lib/python3.10/site-packages (from towncrier==22.8.0->-r requirements/ci.txt (line 8)) (68.2.2)
Collecting filelock>=3.0.0 (from tox==3.27.0->-r requirements/ci.txt (line 9))
  Using cached filelock-3.13.1-py3-none-any.whl.metadata (2.8 kB)
Collecting py>=1.4.17 (from tox==3.27.0->-r requirements/ci.txt (line 9))
  Using cached py-1.11.0-py2.py3-none-any.whl (98 kB)
Collecting six>=1.14.0 (from tox==3.27.0->-r requirements/ci.txt (line 9))
  Using cached six-1.16.0-py2.py3-none-any.whl (11 kB)
Collecting pkginfo>=1.8.1 (from twine==4.0.1->-r requirements/ci.txt (line 10))
  Downloading pkginfo-1.9.6-py3-none-any.whl (30 kB)
Collecting readme-renderer>=35.0 (from twine==4.0.1->-r requirements/ci.txt (line 10))
  Downloading readme_renderer-42.0-py3-none-any.whl.metadata (2.8 kB)
Collecting requests-toolbelt!=0.9.0,>=0.8.0 (from twine==4.0.1->-r requirements/ci.txt (line 10))
  Downloading requests_toolbelt-1.0.0-py2.py3-none-any.whl (54 kB)
     ━━━━━━━━━━━━━━━━━━━━━━━━━━━━━━━━━━━━━━━━ 54.5/54.5 kB 8.9 MB/s eta 0:00:00
Collecting urllib3>=1.26.0 (from twine==4.0.1->-r requirements/ci.txt (line 10))
  Using cached urllib3-2.1.0-py3-none-any.whl.metadata (6.4 kB)
Collecting importlib-metadata>=3.6 (from twine==4.0.1->-r requirements/ci.txt (line 10))
  Downloading importlib_metadata-6.8.0-py3-none-any.whl.metadata (5.1 kB)
Collecting keyring>=15.1 (from twine==4.0.1->-r requirements/ci.txt (line 10))
  Downloading keyring-24.3.0-py3-none-any.whl.metadata (20 kB)
Collecting rfc3986>=1.4.0 (from twine==4.0.1->-r requirements/ci.txt (line 10))
  Downloading rfc3986-2.0.0-py2.py3-none-any.whl (31 kB)
Collecting rich>=12.0.0 (from twine==4.0.1->-r requirements/ci.txt (line 10))
  Using cached rich-13.7.0-py3-none-any.whl.metadata (18 kB)
Collecting zipp>=0.5 (from importlib-metadata>=3.6->twine==4.0.1->-r requirements/ci.txt (line 10))
  Downloading zipp-3.17.0-py3-none-any.whl.metadata (3.7 kB)
Collecting MarkupSafe>=2.0 (from Jinja2>=3.0->sphinx==5.3.0->-r requirements/doc.txt (line 2))
  Using cached MarkupSafe-2.1.3-cp310-cp310-manylinux_2_17_x86_64.manylinux2014_x86_64.whl.metadata (3.0 kB)
Collecting jaraco.classes (from keyring>=15.1->twine==4.0.1->-r requirements/ci.txt (line 10))
  Downloading jaraco.classes-3.3.0-py3-none-any.whl.metadata (2.9 kB)
Collecting SecretStorage>=3.2 (from keyring>=15.1->twine==4.0.1->-r requirements/ci.txt (line 10))
  Downloading SecretStorage-3.3.3-py3-none-any.whl (15 kB)
Collecting jeepney>=0.4.2 (from keyring>=15.1->twine==4.0.1->-r requirements/ci.txt (line 10))
  Downloading jeepney-0.8.0-py3-none-any.whl (48 kB)
     ━━━━━━━━━━━━━━━━━━━━━━━━━━━━━━━━━━━━━━━━ 48.4/48.4 kB 8.4 MB/s eta 0:00:00
Collecting nh3>=0.2.14 (from readme-renderer>=35.0->twine==4.0.1->-r requirements/ci.txt (line 10))
  Downloading nh3-0.2.14-cp37-abi3-manylinux_2_17_x86_64.manylinux2014_x86_64.whl.metadata (1.6 kB)
Collecting charset-normalizer<4,>=2 (from requests>=2.5.0->sphinx==5.3.0->-r requirements/doc.txt (line 2))
  Using cached charset_normalizer-3.3.2-cp310-cp310-manylinux_2_17_x86_64.manylinux2014_x86_64.whl.metadata (33 kB)
Collecting idna<4,>=2.5 (from requests>=2.5.0->sphinx==5.3.0->-r requirements/doc.txt (line 2))
  Using cached idna-3.4-py3-none-any.whl (61 kB)
Collecting certifi>=2017.4.17 (from requests>=2.5.0->sphinx==5.3.0->-r requirements/doc.txt (line 2))
  Using cached certifi-2023.11.17-py3-none-any.whl.metadata (2.2 kB)
Collecting markdown-it-py>=2.2.0 (from rich>=12.0.0->twine==4.0.1->-r requirements/ci.txt (line 10))
  Using cached markdown_it_py-3.0.0-py3-none-any.whl.metadata (6.9 kB)
Collecting distlib<1,>=0.3.7 (from virtualenv>=20.0.8->pre-commit==2.20.0->-r requirements/ci.txt (line 5))
  Using cached distlib-0.3.7-py2.py3-none-any.whl.metadata (5.1 kB)
Collecting platformdirs<5,>=3.9.1 (from virtualenv>=20.0.8->pre-commit==2.20.0->-r requirements/ci.txt (line 5))
  Using cached platformdirs-4.0.0-py3-none-any.whl.metadata (11 kB)
Collecting mdurl~=0.1 (from markdown-it-py>=2.2.0->rich>=12.0.0->twine==4.0.1->-r requirements/ci.txt (line 10))
  Using cached mdurl-0.1.2-py3-none-any.whl (10.0 kB)
Collecting cryptography>=2.0 (from SecretStorage>=3.2->keyring>=15.1->twine==4.0.1->-r requirements/ci.txt (line 10))
  Using cached cryptography-41.0.5-cp37-abi3-manylinux_2_28_x86_64.whl.metadata (5.2 kB)
Collecting more-itertools (from jaraco.classes->keyring>=15.1->twine==4.0.1->-r requirements/ci.txt (line 10))
  Downloading more_itertools-10.1.0-py3-none-any.whl.metadata (33 kB)
Collecting cffi>=1.12 (from cryptography>=2.0->SecretStorage>=3.2->keyring>=15.1->twine==4.0.1->-r requirements/ci.txt (line 10))
  Using cached cffi-1.16.0-cp310-cp310-manylinux_2_17_x86_64.manylinux2014_x86_64.whl.metadata (1.5 kB)
Collecting pycparser (from cffi>=1.12->cryptography>=2.0->SecretStorage>=3.2->keyring>=15.1->twine==4.0.1->-r requirements/ci.txt (line 10))
  Using cached pycparser-2.21-py2.py3-none-any.whl (118 kB)
Using cached mock-5.1.0-py3-none-any.whl (30 kB)
Using cached Babel-2.13.1-py3-none-any.whl (10.1 MB)
Using cached cfgv-3.4.0-py2.py3-none-any.whl (7.2 kB)
Using cached exceptiongroup-1.2.0-py3-none-any.whl (16 kB)
Using cached filelock-3.13.1-py3-none-any.whl (11 kB)
Using cached identify-2.5.32-py2.py3-none-any.whl (98 kB)
Downloading importlib_metadata-6.8.0-py3-none-any.whl (22 kB)
Downloading keyring-24.3.0-py3-none-any.whl (38 kB)
Using cached nodeenv-1.8.0-py2.py3-none-any.whl (22 kB)
Using cached packaging-23.2-py3-none-any.whl (53 kB)
Downloading pep517-0.13.1-py3-none-any.whl (19 kB)
Using cached pluggy-1.3.0-py3-none-any.whl (18 kB)
Using cached pygments-2.17.2-py3-none-any.whl (1.2 MB)
Using cached PyYAML-6.0.1-cp310-cp310-manylinux_2_17_x86_64.manylinux2014_x86_64.whl (705 kB)
Downloading readme_renderer-42.0-py3-none-any.whl (13 kB)
Using cached requests-2.31.0-py3-none-any.whl (62 kB)
Using cached rich-13.7.0-py3-none-any.whl (240 kB)
Using cached sphinxcontrib_htmlhelp-2.0.4-py3-none-any.whl (99 kB)
Using cached sphinxcontrib_serializinghtml-1.1.9-py3-none-any.whl (92 kB)
Using cached typing_extensions-4.8.0-py3-none-any.whl (31 kB)
Using cached urllib3-2.1.0-py3-none-any.whl (104 kB)
Using cached virtualenv-20.24.7-py3-none-any.whl (3.8 MB)
Using cached click-8.1.7-py3-none-any.whl (97 kB)
Downloading click_default_group-1.2.4-py2.py3-none-any.whl (4.1 kB)
Using cached sphinxcontrib_applehelp-1.0.7-py3-none-any.whl (120 kB)
Using cached sphinxcontrib_devhelp-1.0.5-py3-none-any.whl (83 kB)
Using cached sphinxcontrib_qthelp-1.0.6-py3-none-any.whl (89 kB)
Using cached certifi-2023.11.17-py3-none-any.whl (162 kB)
Using cached charset_normalizer-3.3.2-cp310-cp310-manylinux_2_17_x86_64.manylinux2014_x86_64.whl (142 kB)
Using cached distlib-0.3.7-py2.py3-none-any.whl (468 kB)
Using cached markdown_it_py-3.0.0-py3-none-any.whl (87 kB)
Using cached MarkupSafe-2.1.3-cp310-cp310-manylinux_2_17_x86_64.manylinux2014_x86_64.whl (25 kB)
Downloading nh3-0.2.14-cp37-abi3-manylinux_2_17_x86_64.manylinux2014_x86_64.whl (1.7 MB)
   ━━━━━━━━━━━━━━━━━━━━━━━━━━━━━━━━━━━━━━━━ 1.7/1.7 MB 26.6 MB/s eta 0:00:00
Using cached platformdirs-4.0.0-py3-none-any.whl (17 kB)
Downloading zipp-3.17.0-py3-none-any.whl (7.4 kB)
Downloading jaraco.classes-3.3.0-py3-none-any.whl (5.9 kB)
Using cached cryptography-41.0.5-cp37-abi3-manylinux_2_28_x86_64.whl (4.4 MB)
Downloading more_itertools-10.1.0-py3-none-any.whl (55 kB)
   ━━━━━━━━━━━━━━━━━━━━━━━━━━━━━━━━━━━━━━━━ 55.8/55.8 kB 6.5 MB/s eta 0:00:00
Using cached cffi-1.16.0-cp310-cp310-manylinux_2_17_x86_64.manylinux2014_x86_64.whl (443 kB)
Building wheels for collected packages: frozenlist
  Building editable for frozenlist (pyproject.toml): started
  Building editable for frozenlist (pyproject.toml): finished with status 'error'
  error: subprocess-exited-with-error
  
  × Building editable for frozenlist (pyproject.toml) did not run successfully.
  │ exit code: 1
  ╰─> [106 lines of output]
      *********************
      * Accelerated build *
      *********************
      running editable_wheel
      creating /tmp/pip-wheel-vf3g4uzo/.tmp-adbber_0/frozenlist.egg-info
      writing /tmp/pip-wheel-vf3g4uzo/.tmp-adbber_0/frozenlist.egg-info/PKG-INFO
      writing dependency_links to /tmp/pip-wheel-vf3g4uzo/.tmp-adbber_0/frozenlist.egg-info/dependency_links.txt
      writing top-level names to /tmp/pip-wheel-vf3g4uzo/.tmp-adbber_0/frozenlist.egg-info/top_level.txt
      writing manifest file '/tmp/pip-wheel-vf3g4uzo/.tmp-adbber_0/frozenlist.egg-info/SOURCES.txt'
      reading manifest file '/tmp/pip-wheel-vf3g4uzo/.tmp-adbber_0/frozenlist.egg-info/SOURCES.txt'
      reading manifest template 'MANIFEST.in'
      warning: no files found matching 'frozenlist/*.c'
      warning: no previously-included files matching '*.pyc' found anywhere in distribution
      warning: no previously-included files matching '*.pyd' found anywhere in distribution
      warning: no previously-included files matching '*.so' found anywhere in distribution
      warning: no previously-included files matching '*.lib' found anywhere in distribution
      warning: no previously-included files matching '*.dll' found anywhere in distribution
      warning: no previously-included files matching '*.a' found anywhere in distribution
      warning: no previously-included files matching '*.obj' found anywhere in distribution
      warning: no previously-included files found matching 'frozenlist/*.html'
      no previously-included directories found matching 'docs/_build'
      adding license file 'LICENSE'
      writing manifest file '/tmp/pip-wheel-vf3g4uzo/.tmp-adbber_0/frozenlist.egg-info/SOURCES.txt'
      creating '/tmp/pip-wheel-vf3g4uzo/.tmp-adbber_0/frozenlist-1.3.3.dist-info'
      creating /tmp/pip-wheel-vf3g4uzo/.tmp-adbber_0/frozenlist-1.3.3.dist-info/WHEEL
      running build_py
      running build_ext
      building 'frozenlist._frozenlist' extension
      creating /tmp/tmp8x9cazqi.build-temp/frozenlist
      gcc -pthread -Wno-unused-result -Wsign-compare -DNDEBUG -g -fwrapv -O3 -Wall -fPIC -I/workdir/frozenlist-1.3.3/.tox/cpythonlibtest-unit-test-tests/include -I/usr/local/include/python3.10 -c frozenlist/_frozenlist.c -o /tmp/tmp8x9cazqi.build-temp/frozenlist/_frozenlist.o
      gcc: error: frozenlist/_frozenlist.c: No such file or directory
      gcc: fatal error: no input files
      compilation terminated.
      Traceback (most recent call last):
        File "/tmp/pip-build-env-cs4zy9dn/overlay/lib/python3.10/site-packages/setuptools/_distutils/unixccompiler.py", line 185, in _compile
          self.spawn(compiler_so + cc_args + [src, '-o', obj] + extra_postargs)
        File "/tmp/pip-build-env-cs4zy9dn/overlay/lib/python3.10/site-packages/setuptools/_distutils/ccompiler.py", line 1041, in spawn
          spawn(cmd, dry_run=self.dry_run, **kwargs)
        File "/tmp/pip-build-env-cs4zy9dn/overlay/lib/python3.10/site-packages/setuptools/_distutils/spawn.py", line 70, in spawn
          raise DistutilsExecError(
      distutils.errors.DistutilsExecError: command '/usr/bin/gcc' failed with exit code 1
      
      During handling of the above exception, another exception occurred:
      
      Traceback (most recent call last):
        File "/tmp/pip-build-env-cs4zy9dn/overlay/lib/python3.10/site-packages/setuptools/command/editable_wheel.py", line 156, in run
          self._create_wheel_file(bdist_wheel)
        File "/tmp/pip-build-env-cs4zy9dn/overlay/lib/python3.10/site-packages/setuptools/command/editable_wheel.py", line 345, in _create_wheel_file
          files, mapping = self._run_build_commands(dist_name, unpacked, lib, tmp)
        File "/tmp/pip-build-env-cs4zy9dn/overlay/lib/python3.10/site-packages/setuptools/command/editable_wheel.py", line 268, in _run_build_commands
          self._run_build_subcommands()
        File "/tmp/pip-build-env-cs4zy9dn/overlay/lib/python3.10/site-packages/setuptools/command/editable_wheel.py", line 295, in _run_build_subcommands
          self.run_command(name)
        File "/tmp/pip-build-env-cs4zy9dn/overlay/lib/python3.10/site-packages/setuptools/_distutils/cmd.py", line 318, in run_command
          self.distribution.run_command(command)
        File "/tmp/pip-build-env-cs4zy9dn/overlay/lib/python3.10/site-packages/setuptools/dist.py", line 963, in run_command
          super().run_command(command)
        File "/tmp/pip-build-env-cs4zy9dn/overlay/lib/python3.10/site-packages/setuptools/_distutils/dist.py", line 988, in run_command
          cmd_obj.run()
        File "/tmp/pip-build-env-cs4zy9dn/overlay/lib/python3.10/site-packages/setuptools/command/build_ext.py", line 88, in run
          _build_ext.run(self)
        File "/tmp/pip-build-env-cs4zy9dn/overlay/lib/python3.10/site-packages/setuptools/_distutils/command/build_ext.py", line 345, in run
          self.build_extensions()
        File "/tmp/pip-build-env-cs4zy9dn/overlay/lib/python3.10/site-packages/setuptools/_distutils/command/build_ext.py", line 467, in build_extensions
          self._build_extensions_serial()
        File "/tmp/pip-build-env-cs4zy9dn/overlay/lib/python3.10/site-packages/setuptools/_distutils/command/build_ext.py", line 493, in _build_extensions_serial
          self.build_extension(ext)
        File "/tmp/pip-build-env-cs4zy9dn/overlay/lib/python3.10/site-packages/setuptools/command/build_ext.py", line 249, in build_extension
          _build_ext.build_extension(self, ext)
        File "/tmp/pip-build-env-cs4zy9dn/overlay/lib/python3.10/site-packages/setuptools/_distutils/command/build_ext.py", line 548, in build_extension
          objects = self.compiler.compile(
        File "/tmp/pip-build-env-cs4zy9dn/overlay/lib/python3.10/site-packages/setuptools/_distutils/ccompiler.py", line 600, in compile
          self._compile(obj, src, ext, cc_args, extra_postargs, pp_opts)
        File "/tmp/pip-build-env-cs4zy9dn/overlay/lib/python3.10/site-packages/setuptools/_distutils/unixccompiler.py", line 187, in _compile
          raise CompileError(msg)
      distutils.errors.CompileError: command '/usr/bin/gcc' failed with exit code 1
      /tmp/pip-build-env-cs4zy9dn/overlay/lib/python3.10/site-packages/setuptools/_distutils/dist.py:988: _DebuggingTips: Problem in editable installation.
      !!
      
              ********************************************************************************
              An error happened while installing `frozenlist` in editable mode.
      
              The following steps are recommended to help debug this problem:
      
              - Try to install the project normally, without using the editable mode.
                Does the error still persist?
                (If it does, try fixing the problem before attempting the editable mode).
              - If you are using binary extensions, make sure you have all OS-level
                dependencies installed (e.g. compilers, toolchains, binary libraries, ...).
              - Try the latest version of setuptools (maybe the error was already fixed).
              - If you (or your project dependencies) are using any setuptools extension
                or customization, make sure they support the editable mode.
      
              After following the steps above, if the problem still persists and
              you think this is related to how setuptools handles editable installations,
              please submit a reproducible example
              (see https://stackoverflow.com/help/minimal-reproducible-example) to:
      
                  https://github.com/pypa/setuptools/issues
      
              See https://setuptools.pypa.io/en/latest/userguide/development_mode.html for details.
              ********************************************************************************
      
      !!
        cmd_obj.run()
      error: command '/usr/bin/gcc' failed with exit code 1
      [end of output]
  
  note: This error originates from a subprocess, and is likely not a problem with pip.
  ERROR: Failed building editable for frozenlist
Failed to build frozenlist
ERROR: Could not build wheels for frozenlist, which is required to install pyproject.toml-based projects

=================================== log end ====================================
ERROR: could not install deps [mock, pytest, -rrequirements/doc.txt, -rrequirements/ci.txt, -rrequirements/dev.txt]; v = InvocationError('/workdir/frozenlist-1.3.3/.tox/cpythonlibtest-unit-test-tests/bin/python -m pip install mock pytest -rrequirements/doc.txt -rrequirements/ci.txt -rrequirements/dev.txt', 1)
___________________________________ summary ____________________________________
ERROR:   cpythonlibtest-unit-test-tests: could not install deps [mock, pytest, -rrequirements/doc.txt, -rrequirements/ci.txt, -rrequirements/dev.txt]; v = InvocationError('/workdir/frozenlist-1.3.3/.tox/cpythonlibtest-unit-test-tests/bin/python -m pip install mock pytest -rrequirements/doc.txt -rrequirements/ci.txt -rrequirements/dev.txt', 1)
