GLOB sdist-make: /workdir/cliff-4.3.0/setup.py
cpythonlibtest-unit-test-tests create: /workdir/cliff-4.3.0/.tox/cpythonlibtest-unit-test-tests
cpythonlibtest-unit-test-tests installdeps: mock, pytest, -rtest-requirements.txt, -rrequirements.txt, -rdoc/requirements.txt
cpythonlibtest-unit-test-tests inst: /workdir/cliff-4.3.0/.tox/.tmp/package/1/cliff-4.3.0.zip
cpythonlibtest-unit-test-tests installed: alabaster==0.7.13,attrs==23.1.0,autopage==0.5.2,Babel==2.13.1,bandit==1.7.5,certifi==2023.11.17,charset-normalizer==3.3.2,cliff @ file:///workdir/cliff-4.3.0/.tox/.tmp/package/1/cliff-4.3.0.zip#sha256=772303178b608fdb74a68981f2f48e4f4128b367ffa39885eded09d24105bf15,cmd2==2.4.3,coverage==7.3.2,docutils==0.20.1,dulwich==0.21.6,exceptiongroup==1.1.3,extras==1.0.0,fixtures==4.1.0,gitdb==4.0.11,GitPython==3.1.40,idna==3.4,imagesize==1.4.1,importlib-metadata==6.8.0,iniconfig==2.0.0,iso8601==2.1.0,Jinja2==3.1.2,markdown-it-py==3.0.0,MarkupSafe==2.1.3,mdurl==0.1.2,mock==5.1.0,openstackdocstheme==3.2.0,packaging==23.2,pbr==6.0.0,pluggy==1.3.0,prettytable==3.9.0,Pygments==2.17.1,pyperclip==1.8.2,pytest==7.4.3,python-subunit==1.4.4,PyYAML==6.0.1,requests==2.31.0,rich==13.7.0,smmap==5.0.1,snowballstemmer==2.2.0,Sphinx==7.2.6,sphinxcontrib-applehelp==1.0.7,sphinxcontrib-devhelp==1.0.5,sphinxcontrib-htmlhelp==2.0.4,sphinxcontrib-jsmath==1.0.1,sphinxcontrib-qthelp==1.0.6,sphinxcontrib-serializinghtml==1.1.9,stestr==4.1.0,stevedore==5.1.0,testscenarios==0.5.0,testtools==2.7.1,tomli==2.0.1,tomlkit==0.12.3,urllib3==2.1.0,voluptuous==0.14.1,wcwidth==0.2.10,zipp==3.17.0
cpythonlibtest-unit-test-tests run-test-pre: PYTHONHASHSEED='3150380538'
cpythonlibtest-unit-test-tests run-test: commands[0] | pytest -v --tb=native --junitxml /workdir/results/cliff/4.3.0/1/cpython-test-results.xml
============================= test session starts ==============================
platform linux -- Python 3.10.8, pytest-7.4.3, pluggy-1.3.0 -- /workdir/cliff-4.3.0/.tox/cpythonlibtest-unit-test-tests/bin/python
cachedir: .tox/cpythonlibtest-unit-test-tests/.pytest_cache
rootdir: /workdir/cliff-4.3.0
collecting ... collected 211 items

cliff/tests/test__argparse.py::TestArgparse::test_argument_parser PASSED [  0%]
cliff/tests/test__argparse.py::TestArgparse::test_argument_parser_add_group PASSED [  0%]
cliff/tests/test__argparse.py::TestArgparse::test_argument_parser_add_mutually_exclusive_group PASSED [  1%]
cliff/tests/test__argparse.py::TestArgparse::test_argument_parser_add_mx_nested_group PASSED [  1%]
cliff/tests/test__argparse.py::TestArgparse::test_argument_parser_add_mx_nested_mutually_exclusive_group PASSED [  2%]
cliff/tests/test__argparse.py::TestArgparse::test_argument_parser_add_nested_group PASSED [  2%]
cliff/tests/test__argparse.py::TestArgparse::test_argument_parser_add_nested_mutually_exclusive_group PASSED [  3%]
cliff/tests/test_app.py::TestInteractiveMode::test_interactive_mode_cmdloop PASSED [  3%]
cliff/tests/test_app.py::TestInteractiveMode::test_interactive_mode_cmdloop_error PASSED [  4%]
cliff/tests/test_app.py::TestInteractiveMode::test_no_args_triggers_interactive_mode PASSED [  4%]
cliff/tests/test_app.py::TestInitAndCleanup::test_clean_up_error PASSED  [  5%]
cliff/tests/test_app.py::TestInitAndCleanup::test_clean_up_error_debug PASSED [  5%]
cliff/tests/test_app.py::TestInitAndCleanup::test_clean_up_interrupt PASSED [  6%]
cliff/tests/test_app.py::TestInitAndCleanup::test_clean_up_pipeclose PASSED [  6%]
cliff/tests/test_app.py::TestInitAndCleanup::test_clean_up_success PASSED [  7%]
cliff/tests/test_app.py::TestInitAndCleanup::test_error_handling_clean_up_raises_exception PASSED [  7%]
cliff/tests/test_app.py::TestInitAndCleanup::test_error_handling_clean_up_raises_exception_debug PASSED [  8%]
cliff/tests/test_app.py::TestInitAndCleanup::test_initialize_app PASSED  [  8%]
cliff/tests/test_app.py::TestInitAndCleanup::test_interrupt_command PASSED [  9%]
cliff/tests/test_app.py::TestInitAndCleanup::test_normal_clean_up_raises_exception PASSED [  9%]
cliff/tests/test_app.py::TestInitAndCleanup::test_normal_clean_up_raises_exception_debug PASSED [  9%]
cliff/tests/test_app.py::TestInitAndCleanup::test_pipeclose_command PASSED [ 10%]
cliff/tests/test_app.py::TestInitAndCleanup::test_prepare_to_run_command PASSED [ 10%]
cliff/tests/test_app.py::TestOptionParser::test_conflicting_option_custom_arguments_should_not_throw PASSED [ 11%]
cliff/tests/test_app.py::TestOptionParser::test_conflicting_option_should_throw PASSED [ 11%]
cliff/tests/test_app.py::TestOptionParser::test_option_parser_abbrev_issue PASSED [ 12%]
cliff/tests/test_app.py::TestHelpHandling::test_deferred_help PASSED     [ 12%]
cliff/tests/test_app.py::TestHelpHandling::test_help PASSED              [ 13%]
cliff/tests/test_app.py::TestHelpHandling::test_interrupted_deferred_help PASSED [ 13%]
cliff/tests/test_app.py::TestHelpHandling::test_interrupted_help PASSED  [ 14%]
cliff/tests/test_app.py::TestHelpHandling::test_pipeclose_deferred_help PASSED [ 14%]
cliff/tests/test_app.py::TestHelpHandling::test_pipeclose_help PASSED    [ 15%]
cliff/tests/test_app.py::TestHelpHandling::test_subcommand_deferred_help PASSED [ 15%]
cliff/tests/test_app.py::TestHelpHandling::test_subcommand_help PASSED   [ 16%]
cliff/tests/test_app.py::TestCommandLookup::test_fuzzy_common_prefix PASSED [ 16%]
cliff/tests/test_app.py::TestCommandLookup::test_fuzzy_no_commands PASSED [ 17%]
cliff/tests/test_app.py::TestCommandLookup::test_fuzzy_no_prefix PASSED  [ 17%]
cliff/tests/test_app.py::TestCommandLookup::test_fuzzy_same_distance PASSED [ 18%]
cliff/tests/test_app.py::TestCommandLookup::test_list_matching_commands PASSED [ 18%]
cliff/tests/test_app.py::TestCommandLookup::test_unknown_cmd PASSED      [ 18%]
cliff/tests/test_app.py::TestCommandLookup::test_unknown_cmd_debug PASSED [ 19%]
cliff/tests/test_app.py::TestVerboseMode::test_verbose PASSED            [ 19%]
cliff/tests/test_app.py::TestIO::test_io_streams PASSED                  [ 20%]
cliff/tests/test_app.py::TestIO::test_writer_encoding PASSED             [ 20%]
cliff/tests/test_columns.py::TestColumns::test_human_readable PASSED     [ 21%]
cliff/tests/test_columns.py::TestColumns::test_machine_readable PASSED   [ 21%]
cliff/tests/test_columns.py::TestColumns::test_repr PASSED               [ 22%]
cliff/tests/test_columns.py::TestColumns::test_sorting PASSED            [ 22%]
cliff/tests/test_columns.py::TestColumns::test_str PASSED                [ 23%]
cliff/tests/test_command.py::TestDescription::test_get_description_attribute PASSED [ 23%]
cliff/tests/test_command.py::TestDescription::test_get_description_default PASSED [ 24%]
cliff/tests/test_command.py::TestDescription::test_get_description_docstring PASSED [ 24%]
cliff/tests/test_command.py::TestBasicValues::test_get_name PASSED       [ 25%]
cliff/tests/test_command.py::TestBasicValues::test_get_parser PASSED     [ 25%]
cliff/tests/test_command.py::TestBasicValues::test_run_return PASSED     [ 26%]
cliff/tests/test_command.py::TestHelp::test_smart_help_formatter PASSED  [ 26%]
cliff/tests/test_command.py::TestArgumentParser::test_option_name_collision PASSED [ 27%]
cliff/tests/test_command.py::TestArgumentParser::test_option_name_collision_with_alias PASSED [ 27%]
cliff/tests/test_command.py::TestArgumentParser::test_raise_conflict_argument_error PASSED [ 27%]
cliff/tests/test_command.py::TestArgumentParser::test_resolve_conflict_argument PASSED [ 28%]
cliff/tests/test_command.py::TestArgumentParser::test_resolve_option_with_name_collision PASSED [ 28%]
cliff/tests/test_command.py::TestArgumentParser::test_with_conflict_handler PASSED [ 29%]
cliff/tests/test_command.py::TestArgumentParser::test_wrong_conflict_handler PASSED [ 29%]
cliff/tests/test_command_hooks.py::TestCommandLoadHooks::test_app_and_name PASSED [ 30%]
cliff/tests/test_command_hooks.py::TestCommandLoadHooks::test_no_app_or_name PASSED [ 30%]
cliff/tests/test_command_hooks.py::TestHooks::test_after PASSED          [ 31%]
cliff/tests/test_command_hooks.py::TestHooks::test_before PASSED         [ 31%]
cliff/tests/test_command_hooks.py::TestHooks::test_get_epilog PASSED     [ 32%]
cliff/tests/test_command_hooks.py::TestHooks::test_get_parser PASSED     [ 32%]
cliff/tests/test_command_hooks.py::TestChangeHooks::test_after PASSED    [ 33%]
cliff/tests/test_command_hooks.py::TestChangeHooks::test_before PASSED   [ 33%]
cliff/tests/test_command_hooks.py::TestChangeHooks::test_get_epilog PASSED [ 34%]
cliff/tests/test_command_hooks.py::TestChangeHooks::test_get_parser PASSED [ 34%]
cliff/tests/test_command_hooks.py::TestShowOneHooks::test_after PASSED   [ 35%]
cliff/tests/test_command_hooks.py::TestShowOneHooks::test_before PASSED  [ 35%]
cliff/tests/test_command_hooks.py::TestShowOneHooks::test_get_epilog PASSED [ 36%]
cliff/tests/test_command_hooks.py::TestShowOneHooks::test_get_parser PASSED [ 36%]
cliff/tests/test_command_hooks.py::TestShowOneChangeHooks::test_after PASSED [ 36%]
cliff/tests/test_command_hooks.py::TestShowOneChangeHooks::test_before PASSED [ 37%]
cliff/tests/test_command_hooks.py::TestShowOneChangeHooks::test_get_epilog PASSED [ 37%]
cliff/tests/test_command_hooks.py::TestShowOneChangeHooks::test_get_parser PASSED [ 38%]
cliff/tests/test_command_hooks.py::TestListerHooks::test_after PASSED    [ 38%]
cliff/tests/test_command_hooks.py::TestListerHooks::test_before PASSED   [ 39%]
cliff/tests/test_command_hooks.py::TestListerHooks::test_get_epilog PASSED [ 39%]
cliff/tests/test_command_hooks.py::TestListerHooks::test_get_parser PASSED [ 40%]
cliff/tests/test_command_hooks.py::TestListerChangeHooks::test_after PASSED [ 40%]
cliff/tests/test_command_hooks.py::TestListerChangeHooks::test_before PASSED [ 41%]
cliff/tests/test_command_hooks.py::TestListerChangeHooks::test_get_epilog PASSED [ 41%]
cliff/tests/test_command_hooks.py::TestListerChangeHooks::test_get_parser PASSED [ 42%]
cliff/tests/test_commandmanager.py::TestLookupAndFind::test FAILED       [ 42%]
cliff/tests/test_commandmanager.py::TestLookupWithRemainder::test FAILED [ 43%]
cliff/tests/test_commandmanager.py::TestFindInvalidCommand::test FAILED  [ 43%]
cliff/tests/test_commandmanager.py::TestFindUnknownCommand::test PASSED  [ 44%]
cliff/tests/test_commandmanager.py::TestDynamicCommands::test_add PASSED [ 44%]
cliff/tests/test_commandmanager.py::TestDynamicCommands::test_intersected_commands PASSED [ 45%]
cliff/tests/test_commandmanager.py::TestLoad::test_load_commands PASSED  [ 45%]
cliff/tests/test_commandmanager.py::TestLoad::test_load_commands_keep_underscores PASSED [ 45%]
cliff/tests/test_commandmanager.py::TestLoad::test_load_commands_replace_underscores PASSED [ 46%]
cliff/tests/test_commandmanager.py::TestLegacyCommand::test_find_legacy PASSED [ 46%]
cliff/tests/test_commandmanager.py::TestLegacyCommand::test_legacy_overrides_new PASSED [ 47%]
cliff/tests/test_commandmanager.py::TestLegacyCommand::test_no_command PASSED [ 47%]
cliff/tests/test_commandmanager.py::TestLegacyCommand::test_no_legacy PASSED [ 48%]
cliff/tests/test_commandmanager.py::TestLookupAndFindPartialName::test FAILED [ 48%]
cliff/tests/test_commandmanager.py::TestGetByPartialName::test_multiple_candidates PASSED [ 49%]
cliff/tests/test_commandmanager.py::TestGetByPartialName::test_no_candidates PASSED [ 49%]
cliff/tests/test_commandmanager.py::TestGetByPartialName::test_one_candidate PASSED [ 50%]
cliff/tests/test_commandmanager.py::TestCommandManagerGroups::test_add_command_group PASSED [ 50%]
cliff/tests/test_commandmanager.py::TestCommandManagerGroups::test_get_command_groups PASSED [ 51%]
cliff/tests/test_commandmanager.py::TestCommandManagerGroups::test_get_command_names PASSED [ 51%]
cliff/tests/test_complete.py::TestCompletion::test_complete_dictionary_subcmd PASSED [ 52%]
cliff/tests/test_complete.py::TestCompletion::test_dictionary PASSED     [ 52%]
cliff/tests/test_complete.py::TestCompletionAlternatives::test_complete_bash PASSED [ 53%]
cliff/tests/test_complete.py::TestCompletionAlternatives::test_complete_command_parser PASSED [ 53%]
cliff/tests/test_complete.py::TestCompletionAlternatives::test_complete_no_code PASSED [ 54%]
cliff/tests/test_complete.py::TestCompletionAction::test_complete_command_get_actions PASSED [ 54%]
cliff/tests/test_complete.py::TestCompletionAction::test_complete_command_get_actions_interactive PASSED [ 54%]
cliff/tests/test_complete.py::TestCompletionAction::test_complete_command_remove_dashes PASSED [ 55%]
cliff/tests/test_complete.py::TestCompletionAction::test_complete_command_take_action PASSED [ 55%]
cliff/tests/test_formatters_csv.py::TestCSVFormatter::test_commaseparated_list_formatter PASSED [ 56%]
cliff/tests/test_formatters_csv.py::TestCSVFormatter::test_commaseparated_list_formatter_formattable_column PASSED [ 56%]
cliff/tests/test_formatters_csv.py::TestCSVFormatter::test_commaseparated_list_formatter_quoted PASSED [ 57%]
cliff/tests/test_formatters_csv.py::TestCSVFormatter::test_commaseparated_list_formatter_unicode PASSED [ 57%]
cliff/tests/test_formatters_json.py::TestJSONFormatter::test_formattablecolumn_list PASSED [ 58%]
cliff/tests/test_formatters_json.py::TestJSONFormatter::test_formattablecolumn_one PASSED [ 58%]
cliff/tests/test_formatters_json.py::TestJSONFormatter::test_list PASSED [ 59%]
cliff/tests/test_formatters_json.py::TestJSONFormatter::test_one PASSED  [ 59%]
cliff/tests/test_formatters_shell.py::TestShellFormatter::test PASSED    [ 60%]
cliff/tests/test_formatters_shell.py::TestShellFormatter::test_args PASSED [ 60%]
cliff/tests/test_formatters_shell.py::TestShellFormatter::test_formattable_column PASSED [ 61%]
cliff/tests/test_formatters_shell.py::TestShellFormatter::test_non_bash_friendly_values PASSED [ 61%]
cliff/tests/test_formatters_shell.py::TestShellFormatter::test_non_string_values PASSED [ 62%]
cliff/tests/test_formatters_table.py::TestTableFormatter::test PASSED    [ 62%]
cliff/tests/test_formatters_table.py::TestTerminalWidth::test_table_formatter_cli_param PASSED [ 63%]
cliff/tests/test_formatters_table.py::TestTerminalWidth::test_table_formatter_cli_param_envvar_big PASSED [ 63%]
cliff/tests/test_formatters_table.py::TestTerminalWidth::test_table_formatter_cli_param_envvar_tiny PASSED [ 63%]
cliff/tests/test_formatters_table.py::TestTerminalWidth::test_table_formatter_cli_param_unlimited_tw PASSED [ 64%]
cliff/tests/test_formatters_table.py::TestTerminalWidth::test_table_formatter_no_cli_param PASSED [ 64%]
cliff/tests/test_formatters_table.py::TestTerminalWidth::test_table_formatter_no_cli_param_unlimited_tw PASSED [ 65%]
cliff/tests/test_formatters_table.py::TestMaxWidth::test_10 PASSED       [ 65%]
cliff/tests/test_formatters_table.py::TestMaxWidth::test_50 PASSED       [ 66%]
cliff/tests/test_formatters_table.py::TestMaxWidth::test_70 PASSED       [ 66%]
cliff/tests/test_formatters_table.py::TestMaxWidth::test_80 PASSED       [ 67%]
cliff/tests/test_formatters_table.py::TestListFormatter::test_empty PASSED [ 67%]
cliff/tests/test_formatters_table.py::TestListFormatter::test_empty_table PASSED [ 68%]
cliff/tests/test_formatters_table.py::TestListFormatter::test_env_maxwidth_args_big PASSED [ 68%]
cliff/tests/test_formatters_table.py::TestListFormatter::test_env_maxwidth_args_tiny PASSED [ 69%]
cliff/tests/test_formatters_table.py::TestListFormatter::test_env_maxwidth_noresize PASSED [ 69%]
cliff/tests/test_formatters_table.py::TestListFormatter::test_env_maxwidth_resize_all PASSED [ 70%]
cliff/tests/test_formatters_table.py::TestListFormatter::test_env_maxwidth_resize_all_tiny PASSED [ 70%]
cliff/tests/test_formatters_table.py::TestListFormatter::test_env_maxwidth_resize_one PASSED [ 71%]
cliff/tests/test_formatters_table.py::TestListFormatter::test_env_maxwidth_resize_two PASSED [ 71%]
cliff/tests/test_formatters_table.py::TestListFormatter::test_formattable_column PASSED [ 72%]
cliff/tests/test_formatters_table.py::TestListFormatter::test_max_width_10 PASSED [ 72%]
cliff/tests/test_formatters_table.py::TestListFormatter::test_max_width_40 PASSED [ 72%]
cliff/tests/test_formatters_table.py::TestListFormatter::test_max_width_45 PASSED [ 73%]
cliff/tests/test_formatters_table.py::TestListFormatter::test_max_width_50 PASSED [ 73%]
cliff/tests/test_formatters_table.py::TestListFormatter::test_max_width_80 PASSED [ 74%]
cliff/tests/test_formatters_table.py::TestListFormatter::test_max_width_and_envvar_max PASSED [ 74%]
cliff/tests/test_formatters_table.py::TestListFormatter::test_max_width_and_envvar_mid PASSED [ 75%]
cliff/tests/test_formatters_table.py::TestListFormatter::test_table_formatter_formattable_column PASSED [ 75%]
cliff/tests/test_formatters_table.py::TestListFormatter::test_table_list_formatter PASSED [ 76%]
cliff/tests/test_formatters_table.py::TestFieldWidths::test PASSED       [ 76%]
cliff/tests/test_formatters_table.py::TestFieldWidths::test_info PASSED  [ 77%]
cliff/tests/test_formatters_table.py::TestFieldWidths::test_zero PASSED  [ 77%]
cliff/tests/test_formatters_value.py::TestValueFormatter::test PASSED    [ 78%]
cliff/tests/test_formatters_value.py::TestValueFormatter::test_formattable_column PASSED [ 78%]
cliff/tests/test_formatters_value.py::TestValueFormatter::test_list_formatter PASSED [ 79%]
cliff/tests/test_formatters_value.py::TestValueFormatter::test_list_formatter_formattable_column PASSED [ 79%]
cliff/tests/test_formatters_yaml.py::TestYAMLFormatter::test_format_one PASSED [ 80%]
cliff/tests/test_formatters_yaml.py::TestYAMLFormatter::test_formattablecolumn_list PASSED [ 80%]
cliff/tests/test_formatters_yaml.py::TestYAMLFormatter::test_formattablecolumn_one PASSED [ 81%]
cliff/tests/test_formatters_yaml.py::TestYAMLFormatter::test_list PASSED [ 81%]
cliff/tests/test_help.py::TestHelp::test_list_deprecated_commands PASSED [ 81%]
cliff/tests/test_help.py::TestHelp::test_list_matching_commands PASSED   [ 82%]
cliff/tests/test_help.py::TestHelp::test_list_matching_commands_no_match PASSED [ 82%]
cliff/tests/test_help.py::TestHelp::test_show_help_for_command PASSED    [ 83%]
cliff/tests/test_help.py::TestHelp::test_show_help_for_help PASSED       [ 83%]
cliff/tests/test_help.py::TestHelp::test_show_help_print_exc_with_ep_load_fail PASSED [ 84%]
cliff/tests/test_help.py::TestHelp::test_show_help_with_ep_load_fail PASSED [ 84%]
cliff/tests/test_interactive.py::TestInteractive::test_both_completenames PASSED [ 85%]
cliff/tests/test_interactive.py::TestInteractive::test_cliff_completenames PASSED [ 85%]
cliff/tests/test_interactive.py::TestInteractive::test_cmd2_completenames PASSED [ 86%]
cliff/tests/test_interactive.py::TestInteractive::test_empty_text_completedefault PASSED [ 86%]
cliff/tests/test_interactive.py::TestInteractive::test_errexit PASSED    [ 87%]
cliff/tests/test_interactive.py::TestInteractive::test_long_completedefault PASSED [ 87%]
cliff/tests/test_interactive.py::TestInteractive::test_no_completedefault PASSED [ 88%]
cliff/tests/test_interactive.py::TestInteractive::test_no_completenames PASSED [ 88%]
cliff/tests/test_interactive.py::TestInteractive::test_no_errexit PASSED [ 89%]
cliff/tests/test_interactive.py::TestInteractive::test_nonempty_text_completedefault2 PASSED [ 89%]
cliff/tests/test_lister.py::TestLister::test_formatter_args PASSED       [ 90%]
cliff/tests/test_lister.py::TestLister::test_no_exist_column PASSED      [ 90%]
cliff/tests/test_lister.py::TestLister::test_sort_by_column_cliff_side_procedure PASSED [ 90%]
cliff/tests/test_lister.py::TestLister::test_sort_by_column_data_already_sorted PASSED [ 91%]
cliff/tests/test_lister.py::TestLister::test_sort_by_column_reverse_order PASSED [ 91%]
cliff/tests/test_lister.py::TestLister::test_sort_by_column_with_different_types PASSED [ 92%]
cliff/tests/test_lister.py::TestLister::test_sort_by_column_with_null PASSED [ 92%]
cliff/tests/test_lister.py::TestLister::test_sort_by_non_displayed_column PASSED [ 93%]
cliff/tests/test_lister.py::TestLister::test_sort_by_non_existing_column PASSED [ 93%]
cliff/tests/test_show.py::TestShow::test_dict2columns PASSED             [ 94%]
cliff/tests/test_show.py::TestShow::test_formatter_args PASSED           [ 94%]
cliff/tests/test_show.py::TestShow::test_no_exist_column PASSED          [ 95%]
cliff/tests/test_sphinxext.py::TestSphinxExtension::test_description_epilog PASSED [ 95%]
cliff/tests/test_sphinxext.py::TestSphinxExtension::test_empty_help PASSED [ 96%]
cliff/tests/test_sphinxext.py::TestSphinxExtension::test_flag PASSED     [ 96%]
cliff/tests/test_sphinxext.py::TestSphinxExtension::test_metavar PASSED  [ 97%]
cliff/tests/test_sphinxext.py::TestSphinxExtension::test_multiple_opts PASSED [ 97%]
cliff/tests/test_sphinxext.py::TestSphinxExtension::test_nonempty_help PASSED [ 98%]
cliff/tests/test_sphinxext.py::TestSphinxExtension::test_supressed PASSED [ 98%]
cliff/tests/test_sphinxext.py::TestSphinxExtension::test_various_option_names_with_hyphen PASSED [ 99%]
cliff/tests/test_utils.py::TestTerminalWidth::test PASSED                [ 99%]
cliff/tests/test_utils.py::TestTerminalWidth::test_get_terminal_size PASSED [100%]

=================================== FAILURES ===================================
____________________________ TestLookupAndFind.test ____________________________
'NoneType' object is not iterable

During handling of the above exception, another exception occurred:
NOTE: Incompatible Exception Representation, displaying natively:

testtools.testresult.real._StringException: Empty attachments:
  stderr
  stdout

Traceback (most recent call last):
  File "/workdir/cliff-4.3.0/cliff/tests/test_commandmanager.py", line 35, in test
    cmd, name, remaining = mgr.find_command(self.argv)
AttributeError: 'TestLookupAndFind' object has no attribute 'argv'

_________________________ TestLookupWithRemainder.test _________________________
'NoneType' object is not iterable

During handling of the above exception, another exception occurred:
NOTE: Incompatible Exception Representation, displaying natively:

testtools.testresult.real._StringException: Empty attachments:
  stderr
  stdout

Traceback (most recent call last):
  File "/workdir/cliff-4.3.0/cliff/tests/test_commandmanager.py", line 51, in test
    cmd, name, remaining = mgr.find_command(self.argv)
AttributeError: 'TestLookupWithRemainder' object has no attribute 'argv'

_________________________ TestFindInvalidCommand.test __________________________
'NoneType' object is not iterable

During handling of the above exception, another exception occurred:
NOTE: Incompatible Exception Representation, displaying natively:

testtools.testresult.real._StringException: Empty attachments:
  stderr
  stdout

Traceback (most recent call last):
  File "/workdir/cliff-4.3.0/cliff/tests/test_commandmanager.py", line 66, in test
    mgr.find_command(self.argv)
AttributeError: 'TestFindInvalidCommand' object has no attribute 'argv'

______________________ TestLookupAndFindPartialName.test _______________________
'NoneType' object is not iterable

During handling of the above exception, another exception occurred:
NOTE: Incompatible Exception Representation, displaying natively:

testtools.testresult.real._StringException: Empty attachments:
  stderr
  stdout

Traceback (most recent call last):
  File "/workdir/cliff-4.3.0/cliff/tests/test_commandmanager.py", line 214, in test
    cmd, name, remaining = mgr.find_command(self.argv)
AttributeError: 'TestLookupAndFindPartialName' object has no attribute 'argv'

=============================== warnings summary ===============================
cliff/tests/test_command.py:20
  /workdir/cliff-4.3.0/cliff/tests/test_command.py:20: PytestCollectionWarning: cannot collect test class 'TestCommand' because it has a __init__ constructor (from: cliff/tests/test_command.py)
    class TestCommand(command.Command):

cliff/tests/test_command.py:58
  /workdir/cliff-4.3.0/cliff/tests/test_command.py:58: PytestCollectionWarning: cannot collect test class 'TestCommandNoDocstring' because it has a __init__ constructor (from: cliff/tests/test_command.py)
    class TestCommandNoDocstring(command.Command):

cliff/tests/test_command_hooks.py:53
  /workdir/cliff-4.3.0/cliff/tests/test_command_hooks.py:53: PytestCollectionWarning: cannot collect test class 'TestCommand' because it has a __init__ constructor (from: cliff/tests/test_command_hooks.py)
    class TestCommand(command.Command):

cliff/tests/test_command_hooks.py:65
  /workdir/cliff-4.3.0/cliff/tests/test_command_hooks.py:65: PytestCollectionWarning: cannot collect test class 'TestShowCommand' because it has a __init__ constructor (from: cliff/tests/test_command_hooks.py)
    class TestShowCommand(show.ShowOne):

cliff/tests/test_command_hooks.py:73
  /workdir/cliff-4.3.0/cliff/tests/test_command_hooks.py:73: PytestCollectionWarning: cannot collect test class 'TestListerCommand' because it has a __init__ constructor (from: cliff/tests/test_command_hooks.py)
    class TestListerCommand(lister.Lister):

cliff/tests/test_command_hooks.py:81
  /workdir/cliff-4.3.0/cliff/tests/test_command_hooks.py:81: PytestCollectionWarning: cannot collect test class 'TestHook' because it has a __init__ constructor (from: cliff/tests/test_command_hooks.py)
    class TestHook(hooks.CommandHook):

cliff/tests/test_command_hooks.py:100
  /workdir/cliff-4.3.0/cliff/tests/test_command_hooks.py:100: PytestCollectionWarning: cannot collect test class 'TestChangeHook' because it has a __init__ constructor (from: cliff/tests/test_command_hooks.py)
    class TestChangeHook(hooks.CommandHook):

cliff/tests/test_command_hooks.py:123
  /workdir/cliff-4.3.0/cliff/tests/test_command_hooks.py:123: PytestCollectionWarning: cannot collect test class 'TestDisplayChangeHook' because it has a __init__ constructor (from: cliff/tests/test_command_hooks.py)
    class TestDisplayChangeHook(hooks.CommandHook):

cliff/tests/test_command_hooks.py:146
  /workdir/cliff-4.3.0/cliff/tests/test_command_hooks.py:146: PytestCollectionWarning: cannot collect test class 'TestListerChangeHook' because it has a __init__ constructor (from: cliff/tests/test_command_hooks.py)
    class TestListerChangeHook(hooks.CommandHook):

cliff/tests/test_command.py::TestArgumentParser::test_option_name_collision
cliff/tests/test_command.py::TestArgumentParser::test_option_name_collision_with_alias
cliff/tests/test_command.py::TestArgumentParser::test_resolve_option_with_name_collision
  /workdir/cliff-4.3.0/cliff/_argparse.py:64: UserWarning: Ignoring option string -z for new action because it conflicts with an existing option.
    warnings.warn(

cliff/tests/test_command.py::TestArgumentParser::test_raise_conflict_argument_error
  /workdir/cliff-4.3.0/cliff/_argparse.py:64: UserWarning: Ignoring option string -f for new action because it conflicts with an existing option.
    warnings.warn(

-- Docs: https://docs.pytest.org/en/stable/how-to/capture-warnings.html
- generated xml file: /workdir/results/cliff/4.3.0/1/cpython-test-results.xml --
=========================== short test summary info ============================
FAILED cliff/tests/test_commandmanager.py::TestLookupAndFind::test - Failed: ...
FAILED cliff/tests/test_commandmanager.py::TestLookupWithRemainder::test - Fa...
FAILED cliff/tests/test_commandmanager.py::TestFindInvalidCommand::test - Fai...
FAILED cliff/tests/test_commandmanager.py::TestLookupAndFindPartialName::test
================== 4 failed, 207 passed, 13 warnings in 1.15s ==================
ERROR: InvocationError for command /workdir/cliff-4.3.0/.tox/cpythonlibtest-unit-test-tests/bin/pytest -v --tb=native --junitxml /workdir/results/cliff/4.3.0/1/cpython-test-results.xml (exited with code 1)
___________________________________ summary ____________________________________
ERROR:   cpythonlibtest-unit-test-tests: commands failed
