<?xml version="1.0" encoding="utf-8"?><testsuites><testsuite name="pytest" errors="1" failures="0" skipped="0" tests="1" time="4.192" timestamp="2023-11-21T00:23:38.184000" hostname="b80581c01e0f"><testcase classname="" name="cliff.tests.test_interactive" time="0.000"><error message="collection failure">Traceback (most recent call last):
  File "/workdir/cliff-4.3.0/.tox/graalpylibtest-unit-test-tests/lib/python3.10/site-packages/_pytest/runner.py", line 341, in from_call
    result: Optional[TResult] = func()
  File "/workdir/cliff-4.3.0/.tox/graalpylibtest-unit-test-tests/lib/python3.10/site-packages/_pytest/runner.py", line 372, in &lt;lambda&gt;
    call = CallInfo.from_call(lambda: list(collector.collect()), "collect")
  File "/workdir/cliff-4.3.0/.tox/graalpylibtest-unit-test-tests/lib/python3.10/site-packages/_pytest/python.py", line 531, in collect
    self._inject_setup_module_fixture()
  File "/workdir/cliff-4.3.0/.tox/graalpylibtest-unit-test-tests/lib/python3.10/site-packages/_pytest/python.py", line 545, in _inject_setup_module_fixture
    self.obj, ("setUpModule", "setup_module")
  File "/workdir/cliff-4.3.0/.tox/graalpylibtest-unit-test-tests/lib/python3.10/site-packages/_pytest/python.py", line 310, in obj
    self._obj = obj = self._getobj()
  File "/workdir/cliff-4.3.0/.tox/graalpylibtest-unit-test-tests/lib/python3.10/site-packages/_pytest/python.py", line 528, in _getobj
    return self._importtestmodule()
  File "/workdir/cliff-4.3.0/.tox/graalpylibtest-unit-test-tests/lib/python3.10/site-packages/_pytest/python.py", line 617, in _importtestmodule
    mod = import_path(self.path, mode=importmode, root=self.config.rootpath)
  File "/workdir/cliff-4.3.0/.tox/graalpylibtest-unit-test-tests/lib/python3.10/site-packages/_pytest/pathlib.py", line 567, in import_path
    importlib.import_module(module_name)
  File "/opt/graalpy/lib/python3.10/importlib/__init__.py", line 126, in import_module
    return _bootstrap._gcd_import(name[level:], package, level)
  File "/workdir/cliff-4.3.0/cliff/tests/test_interactive.py", line 15, in &lt;module&gt;
    import cmd2
  File "/workdir/cliff-4.3.0/.tox/graalpylibtest-unit-test-tests/lib/python3.10/site-packages/cmd2/__init__.py", line 53, in &lt;module&gt;
    from .cmd2 import Cmd
  File "/workdir/cliff-4.3.0/.tox/graalpylibtest-unit-test-tests/lib/python3.10/site-packages/cmd2/cmd2.py", line 125, in &lt;module&gt;
    from .rl_utils import (
  File "/workdir/cliff-4.3.0/.tox/graalpylibtest-unit-test-tests/lib/python3.10/site-packages/cmd2/rl_utils.py", line 144, in &lt;module&gt;
    if 'libedit' not in readline.__doc__:
TypeError: 'NoneType' object is not iterable</error></testcase></testsuite></testsuites>