<?xml version="1.0" encoding="utf-8"?><testsuites><testsuite name="pytest" errors="15" failures="0" skipped="0" tests="15" time="0.987" timestamp="2023-11-23T00:56:16.726274" hostname="80ac3eb7f7f2"><testcase classname="" name="psutil.tests.test_aix" time="0.000"><error message="collection failure">ImportError while importing test module '/workdir/psutil-5.9.4/psutil/tests/test_aix.py'.
Hint: make sure your test modules/packages have valid Python names.
Traceback:
/usr/local/lib/python3.10/importlib/__init__.py:126: in import_module
    return _bootstrap._gcd_import(name[level:], package, level)
psutil/__init__.py:102: in &lt;module&gt;
    from . import _pslinux as _psplatform
psutil/_pslinux.py:26: in &lt;module&gt;
    from . import _psutil_linux as cext
E   ImportError: cannot import name '_psutil_linux' from partially initialized module 'psutil' (most likely due to a circular import) (/workdir/psutil-5.9.4/psutil/__init__.py)</error></testcase><testcase classname="" name="psutil.tests.test_bsd" time="0.000"><error message="collection failure">ImportError while importing test module '/workdir/psutil-5.9.4/psutil/tests/test_bsd.py'.
Hint: make sure your test modules/packages have valid Python names.
Traceback:
/usr/local/lib/python3.10/importlib/__init__.py:126: in import_module
    return _bootstrap._gcd_import(name[level:], package, level)
psutil/__init__.py:102: in &lt;module&gt;
    from . import _pslinux as _psplatform
psutil/_pslinux.py:26: in &lt;module&gt;
    from . import _psutil_linux as cext
E   ImportError: cannot import name '_psutil_linux' from partially initialized module 'psutil' (most likely due to a circular import) (/workdir/psutil-5.9.4/psutil/__init__.py)</error></testcase><testcase classname="" name="psutil.tests.test_connections" time="0.000"><error message="collection failure">ImportError while importing test module '/workdir/psutil-5.9.4/psutil/tests/test_connections.py'.
Hint: make sure your test modules/packages have valid Python names.
Traceback:
/usr/local/lib/python3.10/importlib/__init__.py:126: in import_module
    return _bootstrap._gcd_import(name[level:], package, level)
psutil/__init__.py:102: in &lt;module&gt;
    from . import _pslinux as _psplatform
psutil/_pslinux.py:26: in &lt;module&gt;
    from . import _psutil_linux as cext
E   ImportError: cannot import name '_psutil_linux' from partially initialized module 'psutil' (most likely due to a circular import) (/workdir/psutil-5.9.4/psutil/__init__.py)</error></testcase><testcase classname="" name="psutil.tests.test_contracts" time="0.000"><error message="collection failure">ImportError while importing test module '/workdir/psutil-5.9.4/psutil/tests/test_contracts.py'.
Hint: make sure your test modules/packages have valid Python names.
Traceback:
/usr/local/lib/python3.10/importlib/__init__.py:126: in import_module
    return _bootstrap._gcd_import(name[level:], package, level)
psutil/__init__.py:102: in &lt;module&gt;
    from . import _pslinux as _psplatform
psutil/_pslinux.py:26: in &lt;module&gt;
    from . import _psutil_linux as cext
E   ImportError: cannot import name '_psutil_linux' from partially initialized module 'psutil' (most likely due to a circular import) (/workdir/psutil-5.9.4/psutil/__init__.py)</error></testcase><testcase classname="" name="psutil.tests.test_linux" time="0.000"><error message="collection failure">ImportError while importing test module '/workdir/psutil-5.9.4/psutil/tests/test_linux.py'.
Hint: make sure your test modules/packages have valid Python names.
Traceback:
/usr/local/lib/python3.10/importlib/__init__.py:126: in import_module
    return _bootstrap._gcd_import(name[level:], package, level)
psutil/__init__.py:102: in &lt;module&gt;
    from . import _pslinux as _psplatform
psutil/_pslinux.py:26: in &lt;module&gt;
    from . import _psutil_linux as cext
E   ImportError: cannot import name '_psutil_linux' from partially initialized module 'psutil' (most likely due to a circular import) (/workdir/psutil-5.9.4/psutil/__init__.py)</error></testcase><testcase classname="" name="psutil.tests.test_memleaks" time="0.000"><error message="collection failure">ImportError while importing test module '/workdir/psutil-5.9.4/psutil/tests/test_memleaks.py'.
Hint: make sure your test modules/packages have valid Python names.
Traceback:
/usr/local/lib/python3.10/importlib/__init__.py:126: in import_module
    return _bootstrap._gcd_import(name[level:], package, level)
psutil/__init__.py:102: in &lt;module&gt;
    from . import _pslinux as _psplatform
psutil/_pslinux.py:26: in &lt;module&gt;
    from . import _psutil_linux as cext
E   ImportError: cannot import name '_psutil_linux' from partially initialized module 'psutil' (most likely due to a circular import) (/workdir/psutil-5.9.4/psutil/__init__.py)</error></testcase><testcase classname="" name="psutil.tests.test_misc" time="0.000"><error message="collection failure">ImportError while importing test module '/workdir/psutil-5.9.4/psutil/tests/test_misc.py'.
Hint: make sure your test modules/packages have valid Python names.
Traceback:
/usr/local/lib/python3.10/importlib/__init__.py:126: in import_module
    return _bootstrap._gcd_import(name[level:], package, level)
psutil/__init__.py:102: in &lt;module&gt;
    from . import _pslinux as _psplatform
psutil/_pslinux.py:26: in &lt;module&gt;
    from . import _psutil_linux as cext
E   ImportError: cannot import name '_psutil_linux' from partially initialized module 'psutil' (most likely due to a circular import) (/workdir/psutil-5.9.4/psutil/__init__.py)</error></testcase><testcase classname="" name="psutil.tests.test_osx" time="0.000"><error message="collection failure">ImportError while importing test module '/workdir/psutil-5.9.4/psutil/tests/test_osx.py'.
Hint: make sure your test modules/packages have valid Python names.
Traceback:
/usr/local/lib/python3.10/importlib/__init__.py:126: in import_module
    return _bootstrap._gcd_import(name[level:], package, level)
psutil/__init__.py:102: in &lt;module&gt;
    from . import _pslinux as _psplatform
psutil/_pslinux.py:26: in &lt;module&gt;
    from . import _psutil_linux as cext
E   ImportError: cannot import name '_psutil_linux' from partially initialized module 'psutil' (most likely due to a circular import) (/workdir/psutil-5.9.4/psutil/__init__.py)</error></testcase><testcase classname="" name="psutil.tests.test_posix" time="0.000"><error message="collection failure">ImportError while importing test module '/workdir/psutil-5.9.4/psutil/tests/test_posix.py'.
Hint: make sure your test modules/packages have valid Python names.
Traceback:
/usr/local/lib/python3.10/importlib/__init__.py:126: in import_module
    return _bootstrap._gcd_import(name[level:], package, level)
psutil/__init__.py:102: in &lt;module&gt;
    from . import _pslinux as _psplatform
psutil/_pslinux.py:26: in &lt;module&gt;
    from . import _psutil_linux as cext
E   ImportError: cannot import name '_psutil_linux' from partially initialized module 'psutil' (most likely due to a circular import) (/workdir/psutil-5.9.4/psutil/__init__.py)</error></testcase><testcase classname="" name="psutil.tests.test_process" time="0.000"><error message="collection failure">ImportError while importing test module '/workdir/psutil-5.9.4/psutil/tests/test_process.py'.
Hint: make sure your test modules/packages have valid Python names.
Traceback:
/usr/local/lib/python3.10/importlib/__init__.py:126: in import_module
    return _bootstrap._gcd_import(name[level:], package, level)
psutil/__init__.py:102: in &lt;module&gt;
    from . import _pslinux as _psplatform
psutil/_pslinux.py:26: in &lt;module&gt;
    from . import _psutil_linux as cext
E   ImportError: cannot import name '_psutil_linux' from partially initialized module 'psutil' (most likely due to a circular import) (/workdir/psutil-5.9.4/psutil/__init__.py)</error></testcase><testcase classname="" name="psutil.tests.test_sunos" time="0.000"><error message="collection failure">ImportError while importing test module '/workdir/psutil-5.9.4/psutil/tests/test_sunos.py'.
Hint: make sure your test modules/packages have valid Python names.
Traceback:
/usr/local/lib/python3.10/importlib/__init__.py:126: in import_module
    return _bootstrap._gcd_import(name[level:], package, level)
psutil/__init__.py:102: in &lt;module&gt;
    from . import _pslinux as _psplatform
psutil/_pslinux.py:26: in &lt;module&gt;
    from . import _psutil_linux as cext
E   ImportError: cannot import name '_psutil_linux' from partially initialized module 'psutil' (most likely due to a circular import) (/workdir/psutil-5.9.4/psutil/__init__.py)</error></testcase><testcase classname="" name="psutil.tests.test_system" time="0.000"><error message="collection failure">ImportError while importing test module '/workdir/psutil-5.9.4/psutil/tests/test_system.py'.
Hint: make sure your test modules/packages have valid Python names.
Traceback:
/usr/local/lib/python3.10/importlib/__init__.py:126: in import_module
    return _bootstrap._gcd_import(name[level:], package, level)
psutil/__init__.py:102: in &lt;module&gt;
    from . import _pslinux as _psplatform
psutil/_pslinux.py:26: in &lt;module&gt;
    from . import _psutil_linux as cext
E   ImportError: cannot import name '_psutil_linux' from partially initialized module 'psutil' (most likely due to a circular import) (/workdir/psutil-5.9.4/psutil/__init__.py)</error></testcase><testcase classname="" name="psutil.tests.test_testutils" time="0.000"><error message="collection failure">ImportError while importing test module '/workdir/psutil-5.9.4/psutil/tests/test_testutils.py'.
Hint: make sure your test modules/packages have valid Python names.
Traceback:
/usr/local/lib/python3.10/importlib/__init__.py:126: in import_module
    return _bootstrap._gcd_import(name[level:], package, level)
psutil/__init__.py:102: in &lt;module&gt;
    from . import _pslinux as _psplatform
psutil/_pslinux.py:26: in &lt;module&gt;
    from . import _psutil_linux as cext
E   ImportError: cannot import name '_psutil_linux' from partially initialized module 'psutil' (most likely due to a circular import) (/workdir/psutil-5.9.4/psutil/__init__.py)</error></testcase><testcase classname="" name="psutil.tests.test_unicode" time="0.000"><error message="collection failure">ImportError while importing test module '/workdir/psutil-5.9.4/psutil/tests/test_unicode.py'.
Hint: make sure your test modules/packages have valid Python names.
Traceback:
/usr/local/lib/python3.10/importlib/__init__.py:126: in import_module
    return _bootstrap._gcd_import(name[level:], package, level)
psutil/__init__.py:102: in &lt;module&gt;
    from . import _pslinux as _psplatform
psutil/_pslinux.py:26: in &lt;module&gt;
    from . import _psutil_linux as cext
E   ImportError: cannot import name '_psutil_linux' from partially initialized module 'psutil' (most likely due to a circular import) (/workdir/psutil-5.9.4/psutil/__init__.py)</error></testcase><testcase classname="" name="psutil.tests.test_windows" time="0.000"><error message="collection failure">ImportError while importing test module '/workdir/psutil-5.9.4/psutil/tests/test_windows.py'.
Hint: make sure your test modules/packages have valid Python names.
Traceback:
/usr/local/lib/python3.10/importlib/__init__.py:126: in import_module
    return _bootstrap._gcd_import(name[level:], package, level)
psutil/__init__.py:102: in &lt;module&gt;
    from . import _pslinux as _psplatform
psutil/_pslinux.py:26: in &lt;module&gt;
    from . import _psutil_linux as cext
E   ImportError: cannot import name '_psutil_linux' from partially initialized module 'psutil' (most likely due to a circular import) (/workdir/psutil-5.9.4/psutil/__init__.py)</error></testcase></testsuite></testsuites>