/workdir/setuptools-scm-7.0.5/src/setuptools_scm/git.py:135: UserWarning: "/workdir/setuptools-scm-7.0.5" is shallow and may cause errors
  warnings.warn(f'"{wd.path}" is shallow and may cause errors')
/workdir/setuptools-scm-7.0.5/.tox/.package/lib/python3.10/site-packages/setuptools/config/setupcfg.py:463: SetuptoolsDeprecationWarning: The license_file parameter is deprecated, use license_files instead.
  warnings.warn(msg, warning_class)
warning: no previously-included files found matching '*.nix'
/workdir/setuptools-scm-7.0.5/src/setuptools_scm/git.py:135: UserWarning: "/workdir/setuptools-scm-7.0.5" is shallow and may cause errors
  warnings.warn(f'"{wd.path}" is shallow and may cause errors')
/workdir/setuptools-scm-7.0.5/.tox/.package/lib/python3.10/site-packages/setuptools/config/setupcfg.py:463: SetuptoolsDeprecationWarning: The license_file parameter is deprecated, use license_files instead.
  warnings.warn(msg, warning_class)
warning: no previously-included files found matching '*.nix'
graalpylibtest-unit-test-tests create: /workdir/setuptools-scm-7.0.5/.tox/graalpylibtest-unit-test-tests
graalpylibtest-unit-test-tests installdeps: mock, pytest
graalpylibtest-unit-test-tests inst: /workdir/setuptools-scm-7.0.5/.tox/.tmp/package/1/setuptools_scm-7.0.5.tar.gz
graalpylibtest-unit-test-tests installed: exceptiongroup==1.2.0,graalpy-virtualenv==0.0.1,hpy==0.9.0rc2,iniconfig==2.0.0,mock==5.1.0,packaging==23.2,pluggy==1.3.0,pytest==7.4.3,setuptools-scm @ file:///workdir/setuptools-scm-7.0.5/.tox/.tmp/package/1/setuptools_scm-7.0.5.tar.gz,tomli==2.0.1,typing_extensions==4.8.0
graalpylibtest-unit-test-tests run-test-pre: PYTHONHASHSEED='3742239687'
graalpylibtest-unit-test-tests run-test: commands[0] | pytest -v --tb=native --junitxml /workdir/results/setuptools-scm/7.0.5/1/graalpy-test-results.xml
============================= test session starts ==============================
platform linux -- Python 3.10.8, pytest-7.4.3, pluggy-1.3.0 -- /workdir/setuptools-scm-7.0.5/.tox/graalpylibtest-unit-test-tests/bin/python
cachedir: .tox/graalpylibtest-unit-test-tests/.pytest_cache
setuptools version 63.2.0 from '/workdir/setuptools-scm-7.0.5/.tox/graalpylibtest-unit-test-tests/lib/python3.10/site-packages/setuptools/__init__.py'
setuptools_scm version 7.0.5 from '/workdir/setuptools-scm-7.0.5/.tox/graalpylibtest-unit-test-tests/lib/python3.10/site-packages/setuptools_scm/__init__.py'
packaging version 23.2 from '/workdir/setuptools-scm-7.0.5/.tox/graalpylibtest-unit-test-tests/lib/python3.10/site-packages/packaging/__init__.py'
rootdir: /workdir/setuptools-scm-7.0.5
configfile: tox.ini
testpaths: testing
collecting ... collected 250 items

testing/test_basic_api.py::test_do[ls] PASSED                            [  0%]
testing/test_basic_api.py::test_do[dir] PASSED                           [  0%]
testing/test_basic_api.py::test_data_from_mime PASSED                    [  1%]
testing/test_basic_api.py::test_version_from_pkginfo PASSED              [  1%]
testing/test_basic_api.py::test_root_parameter_creation PASSED           [  2%]
testing/test_basic_api.py::test_version_from_scm PASSED                  [  2%]
testing/test_basic_api.py::test_root_parameter_pass_by PASSED            [  2%]
testing/test_basic_api.py::test_parentdir_prefix PASSED                  [  3%]
testing/test_basic_api.py::test_fallback PASSED                          [  3%]
testing/test_basic_api.py::test_empty_pretend_version PASSED             [  4%]
testing/test_basic_api.py::test_empty_pretend_version_named PASSED       [  4%]
testing/test_basic_api.py::test_pretended[1.0] PASSED                    [  4%]
testing/test_basic_api.py::test_pretended[1.2.3.dev1+ge871260] PASSED    [  5%]
testing/test_basic_api.py::test_pretended[1.2.3.dev15+ge871260.d20180625] PASSED [  5%]
testing/test_basic_api.py::test_pretended[2345] PASSED                   [  6%]
testing/test_basic_api.py::test_root_relative_to PASSED                  [  6%]
testing/test_basic_api.py::test_dump_version PASSED                      [  6%]
testing/test_basic_api.py::test_parse_plain_fails PASSED                 [  7%]
testing/test_basic_api.py::test_custom_version_cls PASSED                [  7%]
testing/test_cli.py::test_cli_find_pyproject PASSED                      [  8%]
testing/test_config.py::test_tag_regex[apache-arrow-0.9.0-0.9.0] PASSED  [  8%]
testing/test_config.py::test_tag_regex[arrow-0.9.0-0.9.0] PASSED         [  8%]
testing/test_config.py::test_tag_regex[arrow-0.9.0-rc-0.9.0-rc] PASSED   [  9%]
testing/test_config.py::test_tag_regex[arrow-1-1] PASSED                 [  9%]
testing/test_config.py::test_tag_regex[arrow-1+-1] PASSED                [ 10%]
testing/test_config.py::test_tag_regex[arrow-1+foo-1] PASSED             [ 10%]
testing/test_config.py::test_tag_regex[arrow-1.1+foo-1.1] PASSED         [ 10%]
testing/test_config.py::test_tag_regex[v1.1-v1.1] PASSED                 [ 11%]
testing/test_config.py::test_tag_regex[V1.1-V1.1] PASSED                 [ 11%]
testing/test_config.py::test_config_from_pyproject PASSED                [ 12%]
testing/test_config.py::test_config_regex_init PASSED                    [ 12%]
testing/test_config.py::test_config_from_file_protects_relative_to PASSED [ 12%]
testing/test_file_finder.py::test_basic[git] PASSED                      [ 13%]
testing/test_file_finder.py::test_basic[hg] PASSED                       [ 13%]
testing/test_file_finder.py::test_whitespace[git] PASSED                 [ 14%]
testing/test_file_finder.py::test_whitespace[hg] PASSED                  [ 14%]
testing/test_file_finder.py::test_case[git] PASSED                       [ 14%]
testing/test_file_finder.py::test_case[hg] PASSED                        [ 15%]
testing/test_file_finder.py::test_symlink_dir[git] PASSED                [ 15%]
testing/test_file_finder.py::test_symlink_dir[hg] PASSED                 [ 16%]
testing/test_file_finder.py::test_symlink_dir_source_not_in_scm[git] PASSED [ 16%]
testing/test_file_finder.py::test_symlink_dir_source_not_in_scm[hg] PASSED [ 16%]
testing/test_file_finder.py::test_symlink_file[git] PASSED               [ 17%]
testing/test_file_finder.py::test_symlink_file[hg] PASSED                [ 17%]
testing/test_file_finder.py::test_symlink_file_source_not_in_scm[git] PASSED [ 18%]
testing/test_file_finder.py::test_symlink_file_source_not_in_scm[hg] PASSED [ 18%]
testing/test_file_finder.py::test_symlink_loop[git] PASSED               [ 18%]
testing/test_file_finder.py::test_symlink_loop[hg] PASSED                [ 19%]
testing/test_file_finder.py::test_symlink_loop_outside_path[git] PASSED  [ 19%]
testing/test_file_finder.py::test_symlink_loop_outside_path[hg] PASSED   [ 20%]
testing/test_file_finder.py::test_symlink_dir_out_of_git[git] PASSED     [ 20%]
testing/test_file_finder.py::test_symlink_dir_out_of_git[hg] PASSED      [ 20%]
testing/test_file_finder.py::test_symlink_file_out_of_git[git] PASSED    [ 21%]
testing/test_file_finder.py::test_symlink_file_out_of_git[hg] PASSED     [ 21%]
testing/test_file_finder.py::test_ignore_root[git-{cwd}] PASSED          [ 22%]
testing/test_file_finder.py::test_ignore_root[git-{cwd}:broken] PASSED   [ 22%]
testing/test_file_finder.py::test_ignore_root[hg-{cwd}] PASSED           [ 22%]
testing/test_file_finder.py::test_ignore_root[hg-{cwd}:broken] PASSED    [ 23%]
testing/test_file_finder.py::test_empty_root[git] PASSED                 [ 23%]
testing/test_file_finder.py::test_empty_root[hg] PASSED                  [ 24%]
testing/test_file_finder.py::test_empty_subdir[git] PASSED               [ 24%]
testing/test_file_finder.py::test_empty_subdir[hg] PASSED                [ 24%]
testing/test_file_finder.py::test_double_include_through_symlink[git] PASSED [ 25%]
testing/test_file_finder.py::test_double_include_through_symlink[hg] PASSED [ 25%]
testing/test_file_finder.py::test_symlink_not_in_scm_while_target_is[git] PASSED [ 26%]
testing/test_file_finder.py::test_symlink_not_in_scm_while_target_is[hg] PASSED [ 26%]
testing/test_file_finder.py::test_not_commited[git] PASSED               [ 26%]
testing/test_file_finder.py::test_not_commited[hg] PASSED                [ 27%]
testing/test_functions.py::test_next_tag[1.1-1.2] PASSED                 [ 27%]
testing/test_functions.py::test_next_tag[1.2.dev-1.2] PASSED             [ 28%]
testing/test_functions.py::test_next_tag[1.1a2-1.1a3] PASSED             [ 28%]
testing/test_functions.py::test_next_tag[23.24.post2+deadbeef-23.24.post3] PASSED [ 28%]
testing/test_functions.py::test_format_version[exact-guess-next-dev node-and-date-1.1] PASSED [ 29%]
testing/test_functions.py::test_format_version[zerodistance-guess-next-dev node-and-date-1.2.dev0] PASSED [ 29%]
testing/test_functions.py::test_format_version[zerodistance-guess-next-dev no-local-version-1.2.dev0] PASSED [ 30%]
testing/test_functions.py::test_format_version[dirty-guess-next-dev node-and-date-1.2.dev0+d20090213] PASSED [ 30%]
testing/test_functions.py::test_format_version[dirty-guess-next-dev no-local-version-1.2.dev0] PASSED [ 30%]
testing/test_functions.py::test_format_version[distance-guess-next-dev node-and-date-1.2.dev3] PASSED [ 31%]
testing/test_functions.py::test_format_version[distancedirty-guess-next-dev node-and-date-1.2.dev3+d20090213] PASSED [ 31%]
testing/test_functions.py::test_format_version[distancedirty-guess-next-dev no-local-version-1.2.dev3] PASSED [ 32%]
testing/test_functions.py::test_format_version[exact-post-release node-and-date-1.1] PASSED [ 32%]
testing/test_functions.py::test_format_version[zerodistance-post-release node-and-date-1.1.post0] PASSED [ 32%]
testing/test_functions.py::test_format_version[dirty-post-release node-and-date-1.1.post0+d20090213] PASSED [ 33%]
testing/test_functions.py::test_format_version[distance-post-release node-and-date-1.1.post3] PASSED [ 33%]
testing/test_functions.py::test_format_version[distancedirty-post-release node-and-date-1.1.post3+d20090213] PASSED [ 34%]
testing/test_functions.py::test_dump_version_doesnt_bail_on_value_error PASSED [ 34%]
testing/test_functions.py::test_dump_version_works_with_pretend[1.0] PASSED [ 34%]
testing/test_functions.py::test_dump_version_works_with_pretend[1.2.3.dev1+ge871260] PASSED [ 35%]
testing/test_functions.py::test_dump_version_works_with_pretend[1.2.3.dev15+ge871260.d20180625] PASSED [ 35%]
testing/test_functions.py::test_has_command PASSED                       [ 36%]
testing/test_functions.py::test_tag_to_version[1.1-1.1] PASSED           [ 36%]
testing/test_functions.py::test_tag_to_version[release-1.1-1.1] PASSED   [ 36%]
testing/test_functions.py::test_tag_to_version[3.3.1-rc26-3.3.1rc26] PASSED [ 37%]
testing/test_git.py::test_parse_describe_output[3.3.1-rc26-0-g9df187b-3.3.1-rc26-0-g9df187b-False] PASSED [ 37%]
testing/test_git.py::test_parse_describe_output[17.33.0-rc-17-g38c3047c0-17.33.0-rc-17-g38c3047c0-False] PASSED [ 38%]
testing/test_git.py::test_root_relative_to PASSED                        [ 38%]
testing/test_git.py::test_root_search_parent_directories PASSED          [ 38%]
testing/test_git.py::test_git_gone PASSED                                [ 39%]
testing/test_git.py::test_file_finder_no_history PASSED                  [ 39%]
testing/test_git.py::test_parse_call_order PASSED                        [ 40%]
testing/test_git.py::test_not_owner XFAIL ([NOTRUN] This test requir...) [ 40%]
testing/test_git.py::test_version_from_git PASSED                        [ 40%]
testing/test_git.py::test_git_version_unnormalized_setuptools[false] PASSED [ 41%]
testing/test_git.py::test_git_version_unnormalized_setuptools[with_created_class] PASSED [ 41%]
testing/test_git.py::test_git_version_unnormalized_setuptools[with_named_import] PASSED [ 42%]
testing/test_git.py::test_unicode_version_scheme PASSED                  [ 42%]
testing/test_git.py::test_git_worktree PASSED                            [ 42%]
testing/test_git.py::test_git_dirty_notag[False] PASSED                  [ 43%]
testing/test_git.py::test_git_dirty_notag[True] PASSED                   [ 43%]
testing/test_git.py::test_git_worktree_support XFAIL (sometimes rela...) [ 44%]
testing/test_git.py::test_git_parse_shallow_warns PASSED                 [ 44%]
testing/test_git.py::test_git_parse_shallow_fail PASSED                  [ 44%]
testing/test_git.py::test_git_shallow_autocorrect PASSED                 [ 45%]
testing/test_git.py::test_find_files_stop_at_root_git PASSED             [ 45%]
testing/test_git.py::test_parse_no_worktree PASSED                       [ 46%]
testing/test_git.py::test_alphanumeric_tags_match PASSED                 [ 46%]
testing/test_git.py::test_git_archive_export_ignore PASSED               [ 46%]
testing/test_git.py::test_git_archive_subdirectory PASSED                [ 47%]
testing/test_git.py::test_git_archive_run_from_subdirectory PASSED       [ 47%]
testing/test_git.py::test_git_branch_names_correct PASSED                [ 48%]
testing/test_git.py::test_git_feature_branch_increments_major PASSED     [ 48%]
testing/test_git.py::test_not_matching_tags PASSED                       [ 48%]
testing/test_git.py::test_non_dotted_version XPASS (https://github.c...) [ 49%]
testing/test_git.py::test_non_dotted_version_with_updated_regex PASSED   [ 49%]
testing/test_git.py::test_non_dotted_tag_no_version_match PASSED         [ 50%]
testing/test_git.py::test_gitdir PASSED                                  [ 50%]
testing/test_git.py::test_git_getdate PASSED                             [ 50%]
testing/test_git.py::test_git_getdate_badgit PASSED                      [ 51%]
testing/test_git.py::test_git_getdate_signed_commit PASSED               [ 51%]
testing/test_git.py::test_git_archival_to_version[1.0-from_data0] PASSED [ 52%]
testing/test_git.py::test_git_archival_to_version[1.1.dev3+g0000-from_data1] PASSED [ 52%]
testing/test_git.py::test_git_archival_to_version[0.0-from_data2] PASSED [ 52%]
testing/test_git.py::test_git_archival_to_version[1.2.2-from_data3] PASSED [ 53%]
testing/test_git.py::test_git_archival_to_version[1.2.2.dev0-from_data4] PASSED [ 53%]
testing/test_git.py::test_git_archival_node_missing_no_version PASSED    [ 54%]
testing/test_git.py::test_git_archhival_from_unfiltered FAILED           [ 54%]
testing/test_hg_git.py::test_base SKIPPED (hg-git not installed)         [ 54%]
testing/test_integration.py::test_pyproject_support PASSED               [ 55%]
testing/test_integration.py::test_pyproject_support_with_git[setup.py] PASSED [ 55%]
testing/test_integration.py::test_pyproject_support_with_git[setup.cfg] PASSED [ 56%]
testing/test_integration.py::test_pyproject_support_with_git[pyproject tool.setuptools_scm] PASSED [ 56%]
testing/test_integration.py::test_pyproject_support_with_git[pyproject.project] PASSED [ 56%]
testing/test_integration.py::test_pretend_version PASSED                 [ 57%]
testing/test_integration.py::test_pretend_version_named_pyproject_integration[setup.py] PASSED [ 57%]
testing/test_integration.py::test_pretend_version_named_pyproject_integration[setup.cfg] PASSED [ 58%]
testing/test_integration.py::test_pretend_version_named_pyproject_integration[pyproject tool.setuptools_scm] PASSED [ 58%]
testing/test_integration.py::test_pretend_version_named_pyproject_integration[pyproject.project] PASSED [ 58%]
testing/test_integration.py::test_pretend_version_named PASSED           [ 59%]
testing/test_integration.py::test_pretend_version_name_takes_precedence PASSED [ 59%]
testing/test_integration.py::test_pretend_version_accepts_bad_string PASSED [ 60%]
testing/test_integration.py::testwarn_on_broken_setuptools PASSED        [ 60%]
testing/test_integration.py::test_distribution_procides_extras PASSED    [ 60%]
testing/test_main.py::test_main PASSED                                   [ 61%]
testing/test_main.py::test_repo_with_config PASSED                       [ 61%]
testing/test_main.py::test_repo_without_config PASSED                    [ 62%]
testing/test_main.py::test_repo_with_pyproject_missing_setuptools_scm PASSED [ 62%]
testing/test_mercurial.py::test_archival_to_version[0.0-data0] PASSED    [ 62%]
testing/test_mercurial.py::test_archival_to_version[1.0-data1] PASSED    [ 63%]
testing/test_mercurial.py::test_archival_to_version[1.1.dev3+h000000000000-data2] PASSED [ 63%]
testing/test_mercurial.py::test_archival_to_version[1.2.2-data3] PASSED  [ 64%]
testing/test_mercurial.py::test_archival_to_version[1.2.2.dev0-data4] PASSED [ 64%]
testing/test_mercurial.py::test_hg_gone PASSED                           [ 64%]
testing/test_mercurial.py::test_find_files_stop_at_root_hg PASSED        [ 65%]
testing/test_mercurial.py::test_version_from_hg_id PASSED                [ 65%]
testing/test_mercurial.py::test_version_from_archival PASSED             [ 66%]
testing/test_mercurial.py::test_version_in_merge PASSED                  [ 66%]
testing/test_mercurial.py::test_parse_no_worktree PASSED                 [ 66%]
testing/test_mercurial.py::test_version_bump_before_merge_commit PASSED  [ 67%]
testing/test_mercurial.py::test_version_bump_from_merge_commit PASSED    [ 67%]
testing/test_mercurial.py::test_version_bump_from_commit_including_hgtag_mods PASSED [ 68%]
testing/test_mercurial.py::test_latest_tag_detection PASSED              [ 68%]
testing/test_mercurial.py::test_feature_branch_increments_major PASSED   [ 68%]
testing/test_regressions.py::test_pkginfo_noscmroot PASSED               [ 69%]
testing/test_regressions.py::test_pip_egg_info PASSED                    [ 69%]
testing/test_regressions.py::test_pip_download PASSED                    [ 70%]
testing/test_regressions.py::test_use_scm_version_callable PASSED        [ 70%]
testing/test_regressions.py::test_case_mismatch_on_windows_git SKIPPED   [ 70%]
testing/test_setuptools_support.py::test_distlib_setuptools_works SKIPPED [ 71%]
testing/test_setuptools_support.py::test_on_old_setuptools[prepare_expecting_pyproject_support-31.0] SKIPPED [ 71%]
testing/test_setuptools_support.py::test_on_old_setuptools[prepare_expecting_pyproject_support-32.0] SKIPPED [ 72%]
testing/test_setuptools_support.py::test_on_old_setuptools[prepare_expecting_pyproject_support-33.0] SKIPPED [ 72%]
testing/test_setuptools_support.py::test_on_old_setuptools[prepare_expecting_pyproject_support-34.0] SKIPPED [ 72%]
testing/test_setuptools_support.py::test_on_old_setuptools[prepare_expecting_pyproject_support-35.0] SKIPPED [ 73%]
testing/test_setuptools_support.py::test_on_old_setuptools[prepare_expecting_pyproject_support-36.0] SKIPPED [ 73%]
testing/test_setuptools_support.py::test_on_old_setuptools[prepare_expecting_pyproject_support-37.0] SKIPPED [ 74%]
testing/test_setuptools_support.py::test_on_old_setuptools[prepare_expecting_pyproject_support-38.0] SKIPPED [ 74%]
testing/test_setuptools_support.py::test_on_old_setuptools[prepare_expecting_pyproject_support-39.0] SKIPPED [ 74%]
testing/test_setuptools_support.py::test_on_old_setuptools[prepare_expecting_pyproject_support-40.0] SKIPPED [ 75%]
testing/test_setuptools_support.py::test_on_old_setuptools[prepare_expecting_pyproject_support-41.0] SKIPPED [ 75%]
testing/test_setuptools_support.py::test_on_old_setuptools[prepare_expecting_pyproject_support-42.0] SKIPPED [ 76%]
testing/test_setuptools_support.py::test_on_old_setuptools[prepare_expecting_pyproject_support-43.0] SKIPPED [ 76%]
testing/test_setuptools_support.py::test_on_old_setuptools[prepare_expecting_pyproject_support-44.0] SKIPPED [ 76%]
testing/test_setuptools_support.py::test_on_old_setuptools[prepare_setup_py_config-31.0] SKIPPED [ 77%]
testing/test_setuptools_support.py::test_on_old_setuptools[prepare_setup_py_config-32.0] SKIPPED [ 77%]
testing/test_setuptools_support.py::test_on_old_setuptools[prepare_setup_py_config-33.0] SKIPPED [ 78%]
testing/test_setuptools_support.py::test_on_old_setuptools[prepare_setup_py_config-34.0] SKIPPED [ 78%]
testing/test_setuptools_support.py::test_on_old_setuptools[prepare_setup_py_config-35.0] SKIPPED [ 78%]
testing/test_setuptools_support.py::test_on_old_setuptools[prepare_setup_py_config-36.0] SKIPPED [ 79%]
testing/test_setuptools_support.py::test_on_old_setuptools[prepare_setup_py_config-37.0] SKIPPED [ 79%]
testing/test_setuptools_support.py::test_on_old_setuptools[prepare_setup_py_config-38.0] SKIPPED [ 80%]
testing/test_setuptools_support.py::test_on_old_setuptools[prepare_setup_py_config-39.0] SKIPPED [ 80%]
testing/test_setuptools_support.py::test_on_old_setuptools[prepare_setup_py_config-40.0] SKIPPED [ 80%]
testing/test_setuptools_support.py::test_on_old_setuptools[prepare_setup_py_config-41.0] SKIPPED [ 81%]
testing/test_setuptools_support.py::test_on_old_setuptools[prepare_setup_py_config-42.0] SKIPPED [ 81%]
testing/test_setuptools_support.py::test_on_old_setuptools[prepare_setup_py_config-43.0] SKIPPED [ 82%]
testing/test_setuptools_support.py::test_on_old_setuptools[prepare_setup_py_config-44.0] SKIPPED [ 82%]
testing/test_version.py::test_next_semver[exact] PASSED                  [ 82%]
testing/test_version.py::test_next_semver[short_tag] PASSED              [ 83%]
testing/test_version.py::test_next_semver[normal_branch] PASSED          [ 83%]
testing/test_version.py::test_next_semver[normal_branch_short_tag] PASSED [ 84%]
testing/test_version.py::test_next_semver[feature_branch] PASSED         [ 84%]
testing/test_version.py::test_next_semver[feature_branch_short_tag] PASSED [ 84%]
testing/test_version.py::test_next_semver[feature_in_branch] PASSED      [ 85%]
testing/test_version.py::test_next_semver_bad_tag PASSED                 [ 85%]
testing/test_version.py::test_next_release_branch_semver[exact] PASSED   [ 86%]
testing/test_version.py::test_next_release_branch_semver[development_branch] PASSED [ 86%]
testing/test_version.py::test_next_release_branch_semver[development_branch_release_candidate] PASSED [ 86%]
testing/test_version.py::test_next_release_branch_semver[release_branch_legacy_version] PASSED [ 87%]
testing/test_version.py::test_next_release_branch_semver[release_branch_with_v_prefix] PASSED [ 87%]
testing/test_version.py::test_next_release_branch_semver[release_branch_with_prefix] PASSED [ 88%]
testing/test_version.py::test_next_release_branch_semver[false_positive_release_branch] PASSED [ 88%]
testing/test_version.py::test_no_guess_version[dev_distance] PASSED      [ 88%]
testing/test_version.py::test_no_guess_version[dev_distance_after_dev_tag] PASSED [ 89%]
testing/test_version.py::test_no_guess_version[dev_distance_short_tag] PASSED [ 89%]
testing/test_version.py::test_no_guess_version[no_dev_distance] PASSED   [ 90%]
testing/test_version.py::test_no_guess_version_bad[1.0.dev1-choosing custom numbers for the `.devX` distance] PASSED [ 90%]
testing/test_version.py::test_no_guess_version_bad[1.0.post1-already is a post release] PASSED [ 90%]
testing/test_version.py::test_bump_dev_version_zero PASSED               [ 91%]
testing/test_version.py::test_bump_dev_version_nonzero_raises PASSED     [ 91%]
testing/test_version.py::test_tag_regex1[v1.0.0-1.0.0] PASSED            [ 92%]
testing/test_version.py::test_tag_regex1[v1.0.0-rc.1-1.0.0rc1] PASSED    [ 92%]
testing/test_version.py::test_tag_regex1[v1.0.0-rc.1+-25259o4382757gjurh54-1.0.0rc1] PASSED [ 92%]
testing/test_version.py::test_tags_to_versions PASSED                    [ 93%]
testing/test_version.py::test_version_bump_bad PASSED                    [ 93%]
testing/test_version.py::test_format_version_schemes PASSED              [ 94%]
testing/test_version.py::test_calver_by_date[exact] PASSED               [ 94%]
testing/test_version.py::test_calver_by_date[exact patch] PASSED         [ 94%]
testing/test_version.py::test_calver_by_date[leading 0s] PASSED          [ 95%]
testing/test_version.py::test_calver_by_date[dirty other day] PASSED     [ 95%]
testing/test_version.py::test_calver_by_date[normal branch] PASSED       [ 96%]
testing/test_version.py::test_calver_by_date[4 digits year] PASSED       [ 96%]
testing/test_version.py::test_calver_by_date[release branch] PASSED      [ 96%]
testing/test_version.py::test_calver_by_date[release branch short] PASSED [ 97%]
testing/test_version.py::test_calver_by_date[node date clean] PASSED     [ 97%]
testing/test_version.py::test_calver_by_date[node date distance] PASSED  [ 98%]
testing/test_version.py::test_calver_by_date[using on old version tag] PASSED [ 98%]
testing/test_version.py::test_calver_by_date_semver[SemVer exact] PASSED [ 98%]
testing/test_version.py::test_calver_by_date_semver[SemVer dirty] XFAIL  [ 99%]
testing/test_version.py::test_calver_by_date_future_warning PASSED       [ 99%]
testing/test_version.py::test_custom_version_cls PASSED                  [100%]

=================================== FAILURES ===================================
______________________ test_git_archhival_from_unfiltered ______________________
Traceback (most recent call last):
  File "/workdir/setuptools-scm-7.0.5/.tox/graalpylibtest-unit-test-tests/lib/python3.10/site-packages/_pytest/runner.py", line 341, in from_call
    result: Optional[TResult] = func()
  File "/workdir/setuptools-scm-7.0.5/.tox/graalpylibtest-unit-test-tests/lib/python3.10/site-packages/_pytest/runner.py", line 262, in <lambda>
    lambda: ihook(item=item, **kwds), when=when, reraise=reraise
  File "/workdir/setuptools-scm-7.0.5/.tox/graalpylibtest-unit-test-tests/lib/python3.10/site-packages/pluggy/_hooks.py", line 493, in __call__
    return self._hookexec(self.name, self._hookimpls, kwargs, firstresult)
  File "/workdir/setuptools-scm-7.0.5/.tox/graalpylibtest-unit-test-tests/lib/python3.10/site-packages/pluggy/_manager.py", line 115, in _hookexec
    return self._inner_hookexec(hook_name, methods, kwargs, firstresult)
  File "/workdir/setuptools-scm-7.0.5/.tox/graalpylibtest-unit-test-tests/lib/python3.10/site-packages/pluggy/_callers.py", line 152, in _multicall
    return outcome.get_result()
  File "/workdir/setuptools-scm-7.0.5/.tox/graalpylibtest-unit-test-tests/lib/python3.10/site-packages/pluggy/_result.py", line 114, in get_result
    raise exc.with_traceback(exc.__traceback__)
  File "/workdir/setuptools-scm-7.0.5/.tox/graalpylibtest-unit-test-tests/lib/python3.10/site-packages/pluggy/_callers.py", line 77, in _multicall
    res = hook_impl.function(*args)
  File "/workdir/setuptools-scm-7.0.5/.tox/graalpylibtest-unit-test-tests/lib/python3.10/site-packages/_pytest/runner.py", line 177, in pytest_runtest_call
    raise e
  File "/workdir/setuptools-scm-7.0.5/.tox/graalpylibtest-unit-test-tests/lib/python3.10/site-packages/_pytest/runner.py", line 169, in pytest_runtest_call
    item.runtest()
  File "/workdir/setuptools-scm-7.0.5/.tox/graalpylibtest-unit-test-tests/lib/python3.10/site-packages/_pytest/python.py", line 1792, in runtest
    self.ihook.pytest_pyfunc_call(pyfuncitem=self)
  File "/workdir/setuptools-scm-7.0.5/.tox/graalpylibtest-unit-test-tests/lib/python3.10/site-packages/pluggy/_hooks.py", line 493, in __call__
    return self._hookexec(self.name, self._hookimpls, kwargs, firstresult)
  File "/workdir/setuptools-scm-7.0.5/.tox/graalpylibtest-unit-test-tests/lib/python3.10/site-packages/pluggy/_manager.py", line 115, in _hookexec
    return self._inner_hookexec(hook_name, methods, kwargs, firstresult)
  File "/workdir/setuptools-scm-7.0.5/.tox/graalpylibtest-unit-test-tests/lib/python3.10/site-packages/pluggy/_callers.py", line 113, in _multicall
    raise exception.with_traceback(exception.__traceback__)
  File "/workdir/setuptools-scm-7.0.5/.tox/graalpylibtest-unit-test-tests/lib/python3.10/site-packages/pluggy/_callers.py", line 77, in _multicall
    res = hook_impl.function(*args)
  File "/workdir/setuptools-scm-7.0.5/.tox/graalpylibtest-unit-test-tests/lib/python3.10/site-packages/_pytest/python.py", line 194, in pytest_pyfunc_call
    result = testfunction(**testargs)
  File "/workdir/setuptools-scm-7.0.5/testing/test_git.py", line 554, in test_git_archhival_from_unfiltered
    data = data_from_mime(Path(setuptools_scm.__file__).parent / ".git_archival.txt")
  File "/workdir/setuptools-scm-7.0.5/.tox/graalpylibtest-unit-test-tests/lib/python3.10/site-packages/setuptools_scm/utils.py", line 140, in data_from_mime
    with open(path, encoding="utf-8") as fp:
FileNotFoundError: [Errno 2] No such file or directory: '/workdir/setuptools-scm-7.0.5/.tox/graalpylibtest-unit-test-tests/lib/python3.10/site-packages/setuptools_scm/.git_archival.txt'
----------------------------- Captured stderr call -----------------------------
abs root {'root': '.', 'relative_to': None}
root '/workdir/setuptools-scm-7.0.5'
relative_to None
- generated xml file: /workdir/results/setuptools-scm/7.0.5/1/graalpy-test-results.xml -
=========================== short test summary info ============================
FAILED testing/test_git.py::test_git_archhival_from_unfiltered - FileNotFound...
= 1 failed, 214 passed, 31 skipped, 3 xfailed, 1 xpassed in 181.60s (0:03:01) ==
ERROR: InvocationError for command /workdir/setuptools-scm-7.0.5/.tox/graalpylibtest-unit-test-tests/bin/pytest -v --tb=native --junitxml /workdir/results/setuptools-scm/7.0.5/1/graalpy-test-results.xml (exited with code 1)
___________________________________ summary ____________________________________
ERROR:   graalpylibtest-unit-test-tests: commands failed
