<?xml version="1.0" encoding="utf-8"?><testsuites><testsuite name="pytest" errors="0" failures="6" skipped="5" tests="78" time="32.195" timestamp="2023-11-29T01:43:35.550000" hostname="a1f8948d47fc"><testcase classname="tests.test_pytest_mock" name="test_mock_patches[mock_using_patch_object]" time="0.054" /><testcase classname="tests.test_pytest_mock" name="test_mock_patches[mock_using_patch]" time="0.036" /><testcase classname="tests.test_pytest_mock" name="test_mock_patches[mock_using_patch_multiple]" time="0.024" /><testcase classname="tests.test_pytest_mock" name="test_mock_patch_dict" time="0.006" /><testcase classname="tests.test_pytest_mock" name="test_mock_patch_dict_resetall" time="0.006" /><testcase classname="tests.test_pytest_mock" name="test_mocker_aliases[ANY]" time="0.006" /><testcase classname="tests.test_pytest_mock" name="test_mocker_aliases[call]" time="0.005" /><testcase classname="tests.test_pytest_mock" name="test_mocker_aliases[create_autospec]" time="0.005" /><testcase classname="tests.test_pytest_mock" name="test_mocker_aliases[MagicMock]" time="0.005" /><testcase classname="tests.test_pytest_mock" name="test_mocker_aliases[Mock]" time="0.005" /><testcase classname="tests.test_pytest_mock" name="test_mocker_aliases[mock_open]" time="0.005" /><testcase classname="tests.test_pytest_mock" name="test_mocker_aliases[NonCallableMagicMock]" time="0.006" /><testcase classname="tests.test_pytest_mock" name="test_mocker_aliases[NonCallableMock]" time="0.005" /><testcase classname="tests.test_pytest_mock" name="test_mocker_aliases[PropertyMock]" time="0.005" /><testcase classname="tests.test_pytest_mock" name="test_mocker_aliases[sentinel]" time="0.008" /><testcase classname="tests.test_pytest_mock" name="test_mocker_aliases[seal]" time="0.009" /><testcase classname="tests.test_pytest_mock" name="test_mocker_resetall" time="0.021" /><testcase classname="tests.test_pytest_mock.TestMockerStub" name="test_call" time="0.019" /><testcase classname="tests.test_pytest_mock.TestMockerStub" name="test_repr_with_no_name" time="0.012" /><testcase classname="tests.test_pytest_mock.TestMockerStub" name="test_repr_with_name" time="0.012" /><testcase classname="tests.test_pytest_mock.TestMockerStub" name="test_failure_message_with_no_name" time="0.011" /><testcase classname="tests.test_pytest_mock.TestMockerStub" name="test_failure_message_with_name[None]" time="0.012" /><testcase classname="tests.test_pytest_mock.TestMockerStub" name="test_failure_message_with_name[]" time="0.010" /><testcase classname="tests.test_pytest_mock.TestMockerStub" name="test_failure_message_with_name[f]" time="0.012" /><testcase classname="tests.test_pytest_mock.TestMockerStub" name="test_failure_message_with_name[The Castle of aaarrrrggh]" time="0.011" /><testcase classname="tests.test_pytest_mock.TestMockerStub" name="test_async_stub_type" time="0.029" /><testcase classname="tests.test_pytest_mock" name="test_instance_method_spy" time="0.018" /><testcase classname="tests.test_pytest_mock" name="test_instance_method_spy_exception[BaseException]" time="0.035" /><testcase classname="tests.test_pytest_mock" name="test_instance_method_spy_exception[Exception]" time="0.017" /><testcase classname="tests.test_pytest_mock" name="test_instance_method_spy_exception[GeneratorExit]" time="0.016" /><testcase classname="tests.test_pytest_mock" name="test_instance_method_spy_exception[KeyboardInterrupt]" time="0.017" /><testcase classname="tests.test_pytest_mock" name="test_instance_method_spy_exception[RuntimeError]" time="0.017" /><testcase classname="tests.test_pytest_mock" name="test_instance_method_spy_exception[SystemExit]" time="0.017" /><testcase classname="tests.test_pytest_mock" name="test_instance_method_spy_autospec_true" time="0.015" /><testcase classname="tests.test_pytest_mock" name="test_spy_reset" time="0.015" /><testcase classname="tests.test_pytest_mock" name="test_instance_method_by_class_spy" time="0.015" /><testcase classname="tests.test_pytest_mock" name="test_instance_method_by_subclass_spy" time="0.015" /><testcase classname="tests.test_pytest_mock" name="test_class_method_spy" time="0.017" /><testcase classname="tests.test_pytest_mock" name="test_class_method_spy_autospec_false" time="0.025" /><testcase classname="tests.test_pytest_mock" name="test_class_method_subclass_spy" time="0.018" /><testcase classname="tests.test_pytest_mock" name="test_class_method_with_metaclass_spy" time="0.012" /><testcase classname="tests.test_pytest_mock" name="test_static_method_spy" time="0.012" /><testcase classname="tests.test_pytest_mock" name="test_static_method_subclass_spy" time="0.013" /><testcase classname="tests.test_pytest_mock" name="test_callable_like_spy" time="0.030" /><testcase classname="tests.test_pytest_mock" name="test_instance_async_method_spy" time="0.009"><skipped type="pytest.skip" message="async def function and no async plugin installed (see warnings)">/workdir/pytest-mock-3.10.0/.tox/graalpylibtest-unit-test-tests/lib/python3.10/site-packages/_pytest/python.py:184: async def function and no async plugin installed (see warnings)</skipped></testcase><testcase classname="tests.test_pytest_mock" name="test_assert_not_called_wrapper" time="0.029" /><testcase classname="tests.test_pytest_mock" name="test_assert_called_with_wrapper" time="0.014" /><testcase classname="tests.test_pytest_mock" name="test_assert_called_once_with_wrapper" time="0.013" /><testcase classname="tests.test_pytest_mock" name="test_assert_called_once_wrapper" time="0.012" /><testcase classname="tests.test_pytest_mock" name="test_assert_called_wrapper" time="0.012" /><testcase classname="tests.test_pytest_mock" name="test_assert_called_args_with_introspection" time="0.005"><skipped type="pytest.skip" message="this test needs assertion rewrite to work but current option is &quot;plain&quot;">/workdir/pytest-mock-3.10.0/tests/test_pytest_mock.py:586: this test needs assertion rewrite to work but current option is "plain"</skipped></testcase><testcase classname="tests.test_pytest_mock" name="test_assert_called_kwargs_with_introspection" time="0.005"><skipped type="pytest.skip" message="this test needs assertion rewrite to work but current option is &quot;plain&quot;">/workdir/pytest-mock-3.10.0/tests/test_pytest_mock.py:602: this test needs assertion rewrite to work but current option is "plain"</skipped></testcase><testcase classname="tests.test_pytest_mock" name="test_assert_any_call_wrapper" time="0.015" /><testcase classname="tests.test_pytest_mock" name="test_assert_has_calls" time="0.015" /><testcase classname="tests.test_pytest_mock" name="test_monkeypatch_ini" time="0.019"><failure message="AssertionError">Traceback (most recent call last):
  File "/workdir/pytest-mock-3.10.0/.tox/graalpylibtest-unit-test-tests/lib/python3.10/site-packages/_pytest/runner.py", line 341, in from_call
    result: Optional[TResult] = func()
  File "/workdir/pytest-mock-3.10.0/.tox/graalpylibtest-unit-test-tests/lib/python3.10/site-packages/_pytest/runner.py", line 262, in &lt;lambda&gt;
    lambda: ihook(item=item, **kwds), when=when, reraise=reraise
  File "/workdir/pytest-mock-3.10.0/.tox/graalpylibtest-unit-test-tests/lib/python3.10/site-packages/pluggy/_hooks.py", line 493, in __call__
    return self._hookexec(self.name, self._hookimpls, kwargs, firstresult)
  File "/workdir/pytest-mock-3.10.0/.tox/graalpylibtest-unit-test-tests/lib/python3.10/site-packages/pluggy/_manager.py", line 115, in _hookexec
    return self._inner_hookexec(hook_name, methods, kwargs, firstresult)
  File "/workdir/pytest-mock-3.10.0/.tox/graalpylibtest-unit-test-tests/lib/python3.10/site-packages/pluggy/_callers.py", line 152, in _multicall
    return outcome.get_result()
  File "/workdir/pytest-mock-3.10.0/.tox/graalpylibtest-unit-test-tests/lib/python3.10/site-packages/pluggy/_result.py", line 114, in get_result
    raise exc.with_traceback(exc.__traceback__)
  File "/workdir/pytest-mock-3.10.0/.tox/graalpylibtest-unit-test-tests/lib/python3.10/site-packages/pluggy/_callers.py", line 77, in _multicall
    res = hook_impl.function(*args)
  File "/workdir/pytest-mock-3.10.0/.tox/graalpylibtest-unit-test-tests/lib/python3.10/site-packages/_pytest/runner.py", line 177, in pytest_runtest_call
    raise e
  File "/workdir/pytest-mock-3.10.0/.tox/graalpylibtest-unit-test-tests/lib/python3.10/site-packages/_pytest/runner.py", line 169, in pytest_runtest_call
    item.runtest()
  File "/workdir/pytest-mock-3.10.0/.tox/graalpylibtest-unit-test-tests/lib/python3.10/site-packages/_pytest/python.py", line 1792, in runtest
    self.ihook.pytest_pyfunc_call(pyfuncitem=self)
  File "/workdir/pytest-mock-3.10.0/.tox/graalpylibtest-unit-test-tests/lib/python3.10/site-packages/pluggy/_hooks.py", line 493, in __call__
    return self._hookexec(self.name, self._hookimpls, kwargs, firstresult)
  File "/workdir/pytest-mock-3.10.0/.tox/graalpylibtest-unit-test-tests/lib/python3.10/site-packages/pluggy/_manager.py", line 115, in _hookexec
    return self._inner_hookexec(hook_name, methods, kwargs, firstresult)
  File "/workdir/pytest-mock-3.10.0/.tox/graalpylibtest-unit-test-tests/lib/python3.10/site-packages/pluggy/_callers.py", line 113, in _multicall
    raise exception.with_traceback(exception.__traceback__)
  File "/workdir/pytest-mock-3.10.0/.tox/graalpylibtest-unit-test-tests/lib/python3.10/site-packages/pluggy/_callers.py", line 77, in _multicall
    res = hook_impl.function(*args)
  File "/workdir/pytest-mock-3.10.0/.tox/graalpylibtest-unit-test-tests/lib/python3.10/site-packages/_pytest/python.py", line 194, in pytest_pyfunc_call
    result = testfunction(**testargs)
  File "/workdir/pytest-mock-3.10.0/tests/test_pytest_mock.py", line 637, in test_monkeypatch_ini
    assert stub.assert_called_with.__module__ != stub.__module__
AssertionError</failure></testcase><testcase classname="tests.test_pytest_mock" name="test_parse_ini_boolean" time="0.005" /><testcase classname="tests.test_pytest_mock" name="test_patched_method_parameter_name" time="0.014" /><testcase classname="tests.test_pytest_mock" name="test_monkeypatch_native" time="3.555" /><testcase classname="tests.test_pytest_mock" name="test_monkeypatch_no_terminal" time="3.652" /><testcase classname="tests.test_pytest_mock" name="test_standalone_mock" time="3.508" /><testcase classname="tests.test_pytest_mock" name="test_detailed_introspection" time="0.005"><skipped type="pytest.skip" message="this test needs assertion rewrite to work but current option is &quot;plain&quot;">/workdir/pytest-mock-3.10.0/tests/test_pytest_mock.py:743: this test needs assertion rewrite to work but current option is "plain"</skipped></testcase><testcase classname="tests.test_pytest_mock" name="test_detailed_introspection_async" time="0.004"><skipped type="pytest.skip" message="this test needs assertion rewrite to work but current option is &quot;plain&quot;">/workdir/pytest-mock-3.10.0/tests/test_pytest_mock.py:790: this test needs assertion rewrite to work but current option is "plain"</skipped></testcase><testcase classname="tests.test_pytest_mock" name="test_missing_introspection" time="0.905" /><testcase classname="tests.test_pytest_mock" name="test_assert_called_with_unicode_arguments" time="0.012" /><testcase classname="tests.test_pytest_mock" name="test_plain_stopall" time="3.262"><failure message="Failed: nomatch: '* 1 passed in *'&#10;    and: '============================= test session starts =============================='&#10;    and: 'platform linux -- Python 3.10.8, pytest-7.4.3, pluggy-1.3.0'&#10;    and: 'rootdir: /tmp/pytest-of-tester/pytest-9/test_plain_stopall0'&#10;    and: 'configfile: tox.ini'&#10;    and: 'plugins: mock-3.10.0'&#10;    and: 'collected 1 item'&#10;    and: ''&#10;    and: 'test_plain_stopall.py .                                                  [100%]'&#10;    and: ''&#10;    and: '=============================== warnings summary ==============================='&#10;    and: '../../../../workdir/pytest-mock-3.10.0/.tox/graalpylibtest-unit-test-tests/lib/python3.10/site-packages/_pytest/config/__init__.py:1373'&#10;    and: '  /workdir/pytest-mock-3.10.0/.tox/graalpylibtest-unit-test-tests/lib/python3.10/site-packages/_pytest/config/__init__.py:1373: PytestConfigWarning: Unknown config option: asyncio_mode'&#10;    and: '  '&#10;    and: '    self._warn_or_fail_if_strict(f&quot;Unknown config option: {key}\\n&quot;)'&#10;    and: ''&#10;    and: '-- Docs: https://docs.pytest.org/en/stable/how-to/capture-warnings.html'&#10;    and: '========================= 1 passed, 1 warning in 0.12s ========================='&#10;remains unmatched: '* 1 passed in *'">Traceback (most recent call last):
  File "/workdir/pytest-mock-3.10.0/.tox/graalpylibtest-unit-test-tests/lib/python3.10/site-packages/_pytest/runner.py", line 341, in from_call
    result: Optional[TResult] = func()
  File "/workdir/pytest-mock-3.10.0/.tox/graalpylibtest-unit-test-tests/lib/python3.10/site-packages/_pytest/runner.py", line 262, in &lt;lambda&gt;
    lambda: ihook(item=item, **kwds), when=when, reraise=reraise
  File "/workdir/pytest-mock-3.10.0/.tox/graalpylibtest-unit-test-tests/lib/python3.10/site-packages/pluggy/_hooks.py", line 493, in __call__
    return self._hookexec(self.name, self._hookimpls, kwargs, firstresult)
  File "/workdir/pytest-mock-3.10.0/.tox/graalpylibtest-unit-test-tests/lib/python3.10/site-packages/pluggy/_manager.py", line 115, in _hookexec
    return self._inner_hookexec(hook_name, methods, kwargs, firstresult)
  File "/workdir/pytest-mock-3.10.0/.tox/graalpylibtest-unit-test-tests/lib/python3.10/site-packages/pluggy/_callers.py", line 152, in _multicall
    return outcome.get_result()
  File "/workdir/pytest-mock-3.10.0/.tox/graalpylibtest-unit-test-tests/lib/python3.10/site-packages/pluggy/_result.py", line 114, in get_result
    raise exc.with_traceback(exc.__traceback__)
  File "/workdir/pytest-mock-3.10.0/.tox/graalpylibtest-unit-test-tests/lib/python3.10/site-packages/pluggy/_callers.py", line 77, in _multicall
    res = hook_impl.function(*args)
  File "/workdir/pytest-mock-3.10.0/.tox/graalpylibtest-unit-test-tests/lib/python3.10/site-packages/_pytest/runner.py", line 169, in pytest_runtest_call
    item.runtest()
  File "/workdir/pytest-mock-3.10.0/.tox/graalpylibtest-unit-test-tests/lib/python3.10/site-packages/_pytest/python.py", line 1792, in runtest
    self.ihook.pytest_pyfunc_call(pyfuncitem=self)
  File "/workdir/pytest-mock-3.10.0/.tox/graalpylibtest-unit-test-tests/lib/python3.10/site-packages/pluggy/_hooks.py", line 493, in __call__
    return self._hookexec(self.name, self._hookimpls, kwargs, firstresult)
  File "/workdir/pytest-mock-3.10.0/.tox/graalpylibtest-unit-test-tests/lib/python3.10/site-packages/pluggy/_manager.py", line 115, in _hookexec
    return self._inner_hookexec(hook_name, methods, kwargs, firstresult)
  File "/workdir/pytest-mock-3.10.0/.tox/graalpylibtest-unit-test-tests/lib/python3.10/site-packages/pluggy/_callers.py", line 113, in _multicall
    raise exception.with_traceback(exception.__traceback__)
  File "/workdir/pytest-mock-3.10.0/.tox/graalpylibtest-unit-test-tests/lib/python3.10/site-packages/pluggy/_callers.py", line 77, in _multicall
    res = hook_impl.function(*args)
  File "/workdir/pytest-mock-3.10.0/.tox/graalpylibtest-unit-test-tests/lib/python3.10/site-packages/_pytest/python.py", line 194, in pytest_pyfunc_call
    result = testfunction(**testargs)
  File "/workdir/pytest-mock-3.10.0/tests/test_pytest_mock.py", line 873, in test_plain_stopall
    result.stdout.fnmatch_lines("* 1 passed in *")
  File "/workdir/pytest-mock-3.10.0/.tox/graalpylibtest-unit-test-tests/lib/python3.10/site-packages/_pytest/pytester.py", line 1650, in fnmatch_lines
    self._match_lines(lines2, fnmatch, "fnmatch", consecutive=consecutive)
  File "/workdir/pytest-mock-3.10.0/.tox/graalpylibtest-unit-test-tests/lib/python3.10/site-packages/_pytest/pytester.py", line 1737, in _match_lines
    self._fail(msg)
  File "/workdir/pytest-mock-3.10.0/.tox/graalpylibtest-unit-test-tests/lib/python3.10/site-packages/_pytest/pytester.py", line 1785, in _fail
    fail(log_text)
  File "/workdir/pytest-mock-3.10.0/.tox/graalpylibtest-unit-test-tests/lib/python3.10/site-packages/_pytest/outcomes.py", line 198, in fail
    raise Failed(msg=reason, pytrace=pytrace)
Failed: nomatch: '* 1 passed in *'
    and: '============================= test session starts =============================='
    and: 'platform linux -- Python 3.10.8, pytest-7.4.3, pluggy-1.3.0'
    and: 'rootdir: /tmp/pytest-of-tester/pytest-9/test_plain_stopall0'
    and: 'configfile: tox.ini'
    and: 'plugins: mock-3.10.0'
    and: 'collected 1 item'
    and: ''
    and: 'test_plain_stopall.py .                                                  [100%]'
    and: ''
    and: '=============================== warnings summary ==============================='
    and: '../../../../workdir/pytest-mock-3.10.0/.tox/graalpylibtest-unit-test-tests/lib/python3.10/site-packages/_pytest/config/__init__.py:1373'
    and: '  /workdir/pytest-mock-3.10.0/.tox/graalpylibtest-unit-test-tests/lib/python3.10/site-packages/_pytest/config/__init__.py:1373: PytestConfigWarning: Unknown config option: asyncio_mode'
    and: '  '
    and: '    self._warn_or_fail_if_strict(f"Unknown config option: {key}\\n")'
    and: ''
    and: '-- Docs: https://docs.pytest.org/en/stable/how-to/capture-warnings.html'
    and: '========================= 1 passed, 1 warning in 0.12s ========================='
remains unmatched: '* 1 passed in *'</failure></testcase><testcase classname="tests.test_pytest_mock" name="test_warn_patch_object_context_manager" time="0.021" /><testcase classname="tests.test_pytest_mock" name="test_warn_patch_context_manager" time="0.019" /><testcase classname="tests.test_pytest_mock" name="test_context_manager_patch_example" time="0.058" /><testcase classname="tests.test_pytest_mock" name="test_patch_context_manager_with_context_manager" time="0.074" /><testcase classname="tests.test_pytest_mock" name="test_abort_patch_context_manager_with_stale_pyc" time="0.837" /><testcase classname="tests.test_pytest_mock" name="test_used_with_class_scope" time="3.313"><failure message="Failed: nomatch: '* 1 passed in *'&#10;    and: '============================= test session starts =============================='&#10;    and: 'platform linux -- Python 3.10.8, pytest-7.4.3, pluggy-1.3.0'&#10;    and: 'rootdir: /tmp/pytest-of-tester/pytest-9/test_used_with_class_scope0'&#10;    and: 'configfile: tox.ini'&#10;    and: 'plugins: mock-3.10.0'&#10;    and: 'collected 1 item'&#10;    and: ''&#10;    and: 'test_used_with_class_scope.py .                                          [100%]'&#10;    and: ''&#10;    and: '=============================== warnings summary ==============================='&#10;    and: '../../../../workdir/pytest-mock-3.10.0/.tox/graalpylibtest-unit-test-tests/lib/python3.10/site-packages/_pytest/config/__init__.py:1373'&#10;    and: '  /workdir/pytest-mock-3.10.0/.tox/graalpylibtest-unit-test-tests/lib/python3.10/site-packages/_pytest/config/__init__.py:1373: PytestConfigWarning: Unknown config option: asyncio_mode'&#10;    and: '  '&#10;    and: '    self._warn_or_fail_if_strict(f&quot;Unknown config option: {key}\\n&quot;)'&#10;    and: ''&#10;    and: '-- Docs: https://docs.pytest.org/en/stable/how-to/capture-warnings.html'&#10;    and: '========================= 1 passed, 1 warning in 0.13s ========================='&#10;remains unmatched: '* 1 passed in *'">Traceback (most recent call last):
  File "/workdir/pytest-mock-3.10.0/.tox/graalpylibtest-unit-test-tests/lib/python3.10/site-packages/_pytest/runner.py", line 341, in from_call
    result: Optional[TResult] = func()
  File "/workdir/pytest-mock-3.10.0/.tox/graalpylibtest-unit-test-tests/lib/python3.10/site-packages/_pytest/runner.py", line 262, in &lt;lambda&gt;
    lambda: ihook(item=item, **kwds), when=when, reraise=reraise
  File "/workdir/pytest-mock-3.10.0/.tox/graalpylibtest-unit-test-tests/lib/python3.10/site-packages/pluggy/_hooks.py", line 493, in __call__
    return self._hookexec(self.name, self._hookimpls, kwargs, firstresult)
  File "/workdir/pytest-mock-3.10.0/.tox/graalpylibtest-unit-test-tests/lib/python3.10/site-packages/pluggy/_manager.py", line 115, in _hookexec
    return self._inner_hookexec(hook_name, methods, kwargs, firstresult)
  File "/workdir/pytest-mock-3.10.0/.tox/graalpylibtest-unit-test-tests/lib/python3.10/site-packages/pluggy/_callers.py", line 152, in _multicall
    return outcome.get_result()
  File "/workdir/pytest-mock-3.10.0/.tox/graalpylibtest-unit-test-tests/lib/python3.10/site-packages/pluggy/_result.py", line 114, in get_result
    raise exc.with_traceback(exc.__traceback__)
  File "/workdir/pytest-mock-3.10.0/.tox/graalpylibtest-unit-test-tests/lib/python3.10/site-packages/pluggy/_callers.py", line 77, in _multicall
    res = hook_impl.function(*args)
  File "/workdir/pytest-mock-3.10.0/.tox/graalpylibtest-unit-test-tests/lib/python3.10/site-packages/_pytest/runner.py", line 169, in pytest_runtest_call
    item.runtest()
  File "/workdir/pytest-mock-3.10.0/.tox/graalpylibtest-unit-test-tests/lib/python3.10/site-packages/_pytest/python.py", line 1792, in runtest
    self.ihook.pytest_pyfunc_call(pyfuncitem=self)
  File "/workdir/pytest-mock-3.10.0/.tox/graalpylibtest-unit-test-tests/lib/python3.10/site-packages/pluggy/_hooks.py", line 493, in __call__
    return self._hookexec(self.name, self._hookimpls, kwargs, firstresult)
  File "/workdir/pytest-mock-3.10.0/.tox/graalpylibtest-unit-test-tests/lib/python3.10/site-packages/pluggy/_manager.py", line 115, in _hookexec
    return self._inner_hookexec(hook_name, methods, kwargs, firstresult)
  File "/workdir/pytest-mock-3.10.0/.tox/graalpylibtest-unit-test-tests/lib/python3.10/site-packages/pluggy/_callers.py", line 113, in _multicall
    raise exception.with_traceback(exception.__traceback__)
  File "/workdir/pytest-mock-3.10.0/.tox/graalpylibtest-unit-test-tests/lib/python3.10/site-packages/pluggy/_callers.py", line 77, in _multicall
    res = hook_impl.function(*args)
  File "/workdir/pytest-mock-3.10.0/.tox/graalpylibtest-unit-test-tests/lib/python3.10/site-packages/_pytest/python.py", line 194, in pytest_pyfunc_call
    result = testfunction(**testargs)
  File "/workdir/pytest-mock-3.10.0/tests/test_pytest_mock.py", line 1018, in test_used_with_class_scope
    result.stdout.fnmatch_lines("* 1 passed in *")
  File "/workdir/pytest-mock-3.10.0/.tox/graalpylibtest-unit-test-tests/lib/python3.10/site-packages/_pytest/pytester.py", line 1650, in fnmatch_lines
    self._match_lines(lines2, fnmatch, "fnmatch", consecutive=consecutive)
  File "/workdir/pytest-mock-3.10.0/.tox/graalpylibtest-unit-test-tests/lib/python3.10/site-packages/_pytest/pytester.py", line 1737, in _match_lines
    self._fail(msg)
  File "/workdir/pytest-mock-3.10.0/.tox/graalpylibtest-unit-test-tests/lib/python3.10/site-packages/_pytest/pytester.py", line 1785, in _fail
    fail(log_text)
  File "/workdir/pytest-mock-3.10.0/.tox/graalpylibtest-unit-test-tests/lib/python3.10/site-packages/_pytest/outcomes.py", line 198, in fail
    raise Failed(msg=reason, pytrace=pytrace)
Failed: nomatch: '* 1 passed in *'
    and: '============================= test session starts =============================='
    and: 'platform linux -- Python 3.10.8, pytest-7.4.3, pluggy-1.3.0'
    and: 'rootdir: /tmp/pytest-of-tester/pytest-9/test_used_with_class_scope0'
    and: 'configfile: tox.ini'
    and: 'plugins: mock-3.10.0'
    and: 'collected 1 item'
    and: ''
    and: 'test_used_with_class_scope.py .                                          [100%]'
    and: ''
    and: '=============================== warnings summary ==============================='
    and: '../../../../workdir/pytest-mock-3.10.0/.tox/graalpylibtest-unit-test-tests/lib/python3.10/site-packages/_pytest/config/__init__.py:1373'
    and: '  /workdir/pytest-mock-3.10.0/.tox/graalpylibtest-unit-test-tests/lib/python3.10/site-packages/_pytest/config/__init__.py:1373: PytestConfigWarning: Unknown config option: asyncio_mode'
    and: '  '
    and: '    self._warn_or_fail_if_strict(f"Unknown config option: {key}\\n")'
    and: ''
    and: '-- Docs: https://docs.pytest.org/en/stable/how-to/capture-warnings.html'
    and: '========================= 1 passed, 1 warning in 0.13s ========================='
remains unmatched: '* 1 passed in *'</failure></testcase><testcase classname="tests.test_pytest_mock" name="test_used_with_module_scope" time="3.480"><failure message="Failed: nomatch: '* 1 passed in *'&#10;    and: '============================= test session starts =============================='&#10;    and: 'platform linux -- Python 3.10.8, pytest-7.4.3, pluggy-1.3.0'&#10;    and: 'rootdir: /tmp/pytest-of-tester/pytest-9/test_used_with_module_scope0'&#10;    and: 'configfile: tox.ini'&#10;    and: 'plugins: mock-3.10.0'&#10;    and: 'collected 1 item'&#10;    and: ''&#10;    and: 'test_used_with_module_scope.py .                                         [100%]'&#10;    and: ''&#10;    and: '=============================== warnings summary ==============================='&#10;    and: '../../../../workdir/pytest-mock-3.10.0/.tox/graalpylibtest-unit-test-tests/lib/python3.10/site-packages/_pytest/config/__init__.py:1373'&#10;    and: '  /workdir/pytest-mock-3.10.0/.tox/graalpylibtest-unit-test-tests/lib/python3.10/site-packages/_pytest/config/__init__.py:1373: PytestConfigWarning: Unknown config option: asyncio_mode'&#10;    and: '  '&#10;    and: '    self._warn_or_fail_if_strict(f&quot;Unknown config option: {key}\\n&quot;)'&#10;    and: ''&#10;    and: '-- Docs: https://docs.pytest.org/en/stable/how-to/capture-warnings.html'&#10;    and: '========================= 1 passed, 1 warning in 0.12s ========================='&#10;remains unmatched: '* 1 passed in *'">Traceback (most recent call last):
  File "/workdir/pytest-mock-3.10.0/.tox/graalpylibtest-unit-test-tests/lib/python3.10/site-packages/_pytest/runner.py", line 341, in from_call
    result: Optional[TResult] = func()
  File "/workdir/pytest-mock-3.10.0/.tox/graalpylibtest-unit-test-tests/lib/python3.10/site-packages/_pytest/runner.py", line 262, in &lt;lambda&gt;
    lambda: ihook(item=item, **kwds), when=when, reraise=reraise
  File "/workdir/pytest-mock-3.10.0/.tox/graalpylibtest-unit-test-tests/lib/python3.10/site-packages/pluggy/_hooks.py", line 493, in __call__
    return self._hookexec(self.name, self._hookimpls, kwargs, firstresult)
  File "/workdir/pytest-mock-3.10.0/.tox/graalpylibtest-unit-test-tests/lib/python3.10/site-packages/pluggy/_manager.py", line 115, in _hookexec
    return self._inner_hookexec(hook_name, methods, kwargs, firstresult)
  File "/workdir/pytest-mock-3.10.0/.tox/graalpylibtest-unit-test-tests/lib/python3.10/site-packages/pluggy/_callers.py", line 152, in _multicall
    return outcome.get_result()
  File "/workdir/pytest-mock-3.10.0/.tox/graalpylibtest-unit-test-tests/lib/python3.10/site-packages/pluggy/_result.py", line 114, in get_result
    raise exc.with_traceback(exc.__traceback__)
  File "/workdir/pytest-mock-3.10.0/.tox/graalpylibtest-unit-test-tests/lib/python3.10/site-packages/pluggy/_callers.py", line 77, in _multicall
    res = hook_impl.function(*args)
  File "/workdir/pytest-mock-3.10.0/.tox/graalpylibtest-unit-test-tests/lib/python3.10/site-packages/_pytest/runner.py", line 169, in pytest_runtest_call
    item.runtest()
  File "/workdir/pytest-mock-3.10.0/.tox/graalpylibtest-unit-test-tests/lib/python3.10/site-packages/_pytest/python.py", line 1792, in runtest
    self.ihook.pytest_pyfunc_call(pyfuncitem=self)
  File "/workdir/pytest-mock-3.10.0/.tox/graalpylibtest-unit-test-tests/lib/python3.10/site-packages/pluggy/_hooks.py", line 493, in __call__
    return self._hookexec(self.name, self._hookimpls, kwargs, firstresult)
  File "/workdir/pytest-mock-3.10.0/.tox/graalpylibtest-unit-test-tests/lib/python3.10/site-packages/pluggy/_manager.py", line 115, in _hookexec
    return self._inner_hookexec(hook_name, methods, kwargs, firstresult)
  File "/workdir/pytest-mock-3.10.0/.tox/graalpylibtest-unit-test-tests/lib/python3.10/site-packages/pluggy/_callers.py", line 113, in _multicall
    raise exception.with_traceback(exception.__traceback__)
  File "/workdir/pytest-mock-3.10.0/.tox/graalpylibtest-unit-test-tests/lib/python3.10/site-packages/pluggy/_callers.py", line 77, in _multicall
    res = hook_impl.function(*args)
  File "/workdir/pytest-mock-3.10.0/.tox/graalpylibtest-unit-test-tests/lib/python3.10/site-packages/_pytest/python.py", line 194, in pytest_pyfunc_call
    result = testfunction(**testargs)
  File "/workdir/pytest-mock-3.10.0/tests/test_pytest_mock.py", line 1046, in test_used_with_module_scope
    result.stdout.fnmatch_lines("* 1 passed in *")
  File "/workdir/pytest-mock-3.10.0/.tox/graalpylibtest-unit-test-tests/lib/python3.10/site-packages/_pytest/pytester.py", line 1650, in fnmatch_lines
    self._match_lines(lines2, fnmatch, "fnmatch", consecutive=consecutive)
  File "/workdir/pytest-mock-3.10.0/.tox/graalpylibtest-unit-test-tests/lib/python3.10/site-packages/_pytest/pytester.py", line 1737, in _match_lines
    self._fail(msg)
  File "/workdir/pytest-mock-3.10.0/.tox/graalpylibtest-unit-test-tests/lib/python3.10/site-packages/_pytest/pytester.py", line 1785, in _fail
    fail(log_text)
  File "/workdir/pytest-mock-3.10.0/.tox/graalpylibtest-unit-test-tests/lib/python3.10/site-packages/_pytest/outcomes.py", line 198, in fail
    raise Failed(msg=reason, pytrace=pytrace)
Failed: nomatch: '* 1 passed in *'
    and: '============================= test session starts =============================='
    and: 'platform linux -- Python 3.10.8, pytest-7.4.3, pluggy-1.3.0'
    and: 'rootdir: /tmp/pytest-of-tester/pytest-9/test_used_with_module_scope0'
    and: 'configfile: tox.ini'
    and: 'plugins: mock-3.10.0'
    and: 'collected 1 item'
    and: ''
    and: 'test_used_with_module_scope.py .                                         [100%]'
    and: ''
    and: '=============================== warnings summary ==============================='
    and: '../../../../workdir/pytest-mock-3.10.0/.tox/graalpylibtest-unit-test-tests/lib/python3.10/site-packages/_pytest/config/__init__.py:1373'
    and: '  /workdir/pytest-mock-3.10.0/.tox/graalpylibtest-unit-test-tests/lib/python3.10/site-packages/_pytest/config/__init__.py:1373: PytestConfigWarning: Unknown config option: asyncio_mode'
    and: '  '
    and: '    self._warn_or_fail_if_strict(f"Unknown config option: {key}\\n")'
    and: ''
    and: '-- Docs: https://docs.pytest.org/en/stable/how-to/capture-warnings.html'
    and: '========================= 1 passed, 1 warning in 0.12s ========================='
remains unmatched: '* 1 passed in *'</failure></testcase><testcase classname="tests.test_pytest_mock" name="test_used_with_package_scope" time="3.622"><failure message="Failed: nomatch: '* 1 passed in *'&#10;    and: '============================= test session starts =============================='&#10;    and: 'platform linux -- Python 3.10.8, pytest-7.4.3, pluggy-1.3.0'&#10;    and: 'rootdir: /tmp/pytest-of-tester/pytest-9/test_used_with_package_scope0'&#10;    and: 'configfile: tox.ini'&#10;    and: 'plugins: mock-3.10.0'&#10;    and: 'collected 1 item'&#10;    and: ''&#10;    and: 'test_used_with_package_scope.py .                                        [100%]'&#10;    and: ''&#10;    and: '=============================== warnings summary ==============================='&#10;    and: '../../../../workdir/pytest-mock-3.10.0/.tox/graalpylibtest-unit-test-tests/lib/python3.10/site-packages/_pytest/config/__init__.py:1373'&#10;    and: '  /workdir/pytest-mock-3.10.0/.tox/graalpylibtest-unit-test-tests/lib/python3.10/site-packages/_pytest/config/__init__.py:1373: PytestConfigWarning: Unknown config option: asyncio_mode'&#10;    and: '  '&#10;    and: '    self._warn_or_fail_if_strict(f&quot;Unknown config option: {key}\\n&quot;)'&#10;    and: ''&#10;    and: '-- Docs: https://docs.pytest.org/en/stable/how-to/capture-warnings.html'&#10;    and: '========================= 1 passed, 1 warning in 0.12s ========================='&#10;remains unmatched: '* 1 passed in *'">Traceback (most recent call last):
  File "/workdir/pytest-mock-3.10.0/.tox/graalpylibtest-unit-test-tests/lib/python3.10/site-packages/_pytest/runner.py", line 341, in from_call
    result: Optional[TResult] = func()
  File "/workdir/pytest-mock-3.10.0/.tox/graalpylibtest-unit-test-tests/lib/python3.10/site-packages/_pytest/runner.py", line 262, in &lt;lambda&gt;
    lambda: ihook(item=item, **kwds), when=when, reraise=reraise
  File "/workdir/pytest-mock-3.10.0/.tox/graalpylibtest-unit-test-tests/lib/python3.10/site-packages/pluggy/_hooks.py", line 493, in __call__
    return self._hookexec(self.name, self._hookimpls, kwargs, firstresult)
  File "/workdir/pytest-mock-3.10.0/.tox/graalpylibtest-unit-test-tests/lib/python3.10/site-packages/pluggy/_manager.py", line 115, in _hookexec
    return self._inner_hookexec(hook_name, methods, kwargs, firstresult)
  File "/workdir/pytest-mock-3.10.0/.tox/graalpylibtest-unit-test-tests/lib/python3.10/site-packages/pluggy/_callers.py", line 152, in _multicall
    return outcome.get_result()
  File "/workdir/pytest-mock-3.10.0/.tox/graalpylibtest-unit-test-tests/lib/python3.10/site-packages/pluggy/_result.py", line 114, in get_result
    raise exc.with_traceback(exc.__traceback__)
  File "/workdir/pytest-mock-3.10.0/.tox/graalpylibtest-unit-test-tests/lib/python3.10/site-packages/pluggy/_callers.py", line 77, in _multicall
    res = hook_impl.function(*args)
  File "/workdir/pytest-mock-3.10.0/.tox/graalpylibtest-unit-test-tests/lib/python3.10/site-packages/_pytest/runner.py", line 169, in pytest_runtest_call
    item.runtest()
  File "/workdir/pytest-mock-3.10.0/.tox/graalpylibtest-unit-test-tests/lib/python3.10/site-packages/_pytest/python.py", line 1792, in runtest
    self.ihook.pytest_pyfunc_call(pyfuncitem=self)
  File "/workdir/pytest-mock-3.10.0/.tox/graalpylibtest-unit-test-tests/lib/python3.10/site-packages/pluggy/_hooks.py", line 493, in __call__
    return self._hookexec(self.name, self._hookimpls, kwargs, firstresult)
  File "/workdir/pytest-mock-3.10.0/.tox/graalpylibtest-unit-test-tests/lib/python3.10/site-packages/pluggy/_manager.py", line 115, in _hookexec
    return self._inner_hookexec(hook_name, methods, kwargs, firstresult)
  File "/workdir/pytest-mock-3.10.0/.tox/graalpylibtest-unit-test-tests/lib/python3.10/site-packages/pluggy/_callers.py", line 113, in _multicall
    raise exception.with_traceback(exception.__traceback__)
  File "/workdir/pytest-mock-3.10.0/.tox/graalpylibtest-unit-test-tests/lib/python3.10/site-packages/pluggy/_callers.py", line 77, in _multicall
    res = hook_impl.function(*args)
  File "/workdir/pytest-mock-3.10.0/.tox/graalpylibtest-unit-test-tests/lib/python3.10/site-packages/_pytest/python.py", line 194, in pytest_pyfunc_call
    result = testfunction(**testargs)
  File "/workdir/pytest-mock-3.10.0/tests/test_pytest_mock.py", line 1074, in test_used_with_package_scope
    result.stdout.fnmatch_lines("* 1 passed in *")
  File "/workdir/pytest-mock-3.10.0/.tox/graalpylibtest-unit-test-tests/lib/python3.10/site-packages/_pytest/pytester.py", line 1650, in fnmatch_lines
    self._match_lines(lines2, fnmatch, "fnmatch", consecutive=consecutive)
  File "/workdir/pytest-mock-3.10.0/.tox/graalpylibtest-unit-test-tests/lib/python3.10/site-packages/_pytest/pytester.py", line 1737, in _match_lines
    self._fail(msg)
  File "/workdir/pytest-mock-3.10.0/.tox/graalpylibtest-unit-test-tests/lib/python3.10/site-packages/_pytest/pytester.py", line 1785, in _fail
    fail(log_text)
  File "/workdir/pytest-mock-3.10.0/.tox/graalpylibtest-unit-test-tests/lib/python3.10/site-packages/_pytest/outcomes.py", line 198, in fail
    raise Failed(msg=reason, pytrace=pytrace)
Failed: nomatch: '* 1 passed in *'
    and: '============================= test session starts =============================='
    and: 'platform linux -- Python 3.10.8, pytest-7.4.3, pluggy-1.3.0'
    and: 'rootdir: /tmp/pytest-of-tester/pytest-9/test_used_with_package_scope0'
    and: 'configfile: tox.ini'
    and: 'plugins: mock-3.10.0'
    and: 'collected 1 item'
    and: ''
    and: 'test_used_with_package_scope.py .                                        [100%]'
    and: ''
    and: '=============================== warnings summary ==============================='
    and: '../../../../workdir/pytest-mock-3.10.0/.tox/graalpylibtest-unit-test-tests/lib/python3.10/site-packages/_pytest/config/__init__.py:1373'
    and: '  /workdir/pytest-mock-3.10.0/.tox/graalpylibtest-unit-test-tests/lib/python3.10/site-packages/_pytest/config/__init__.py:1373: PytestConfigWarning: Unknown config option: asyncio_mode'
    and: '  '
    and: '    self._warn_or_fail_if_strict(f"Unknown config option: {key}\\n")'
    and: ''
    and: '-- Docs: https://docs.pytest.org/en/stable/how-to/capture-warnings.html'
    and: '========================= 1 passed, 1 warning in 0.12s ========================='
remains unmatched: '* 1 passed in *'</failure></testcase><testcase classname="tests.test_pytest_mock" name="test_used_with_session_scope" time="3.786"><failure message="Failed: nomatch: '* 1 passed in *'&#10;    and: '============================= test session starts =============================='&#10;    and: 'platform linux -- Python 3.10.8, pytest-7.4.3, pluggy-1.3.0'&#10;    and: 'rootdir: /tmp/pytest-of-tester/pytest-9/test_used_with_session_scope0'&#10;    and: 'configfile: tox.ini'&#10;    and: 'plugins: mock-3.10.0'&#10;    and: 'collected 1 item'&#10;    and: ''&#10;    and: 'test_used_with_session_scope.py .                                        [100%]'&#10;    and: ''&#10;    and: '=============================== warnings summary ==============================='&#10;    and: '../../../../workdir/pytest-mock-3.10.0/.tox/graalpylibtest-unit-test-tests/lib/python3.10/site-packages/_pytest/config/__init__.py:1373'&#10;    and: '  /workdir/pytest-mock-3.10.0/.tox/graalpylibtest-unit-test-tests/lib/python3.10/site-packages/_pytest/config/__init__.py:1373: PytestConfigWarning: Unknown config option: asyncio_mode'&#10;    and: '  '&#10;    and: '    self._warn_or_fail_if_strict(f&quot;Unknown config option: {key}\\n&quot;)'&#10;    and: ''&#10;    and: '-- Docs: https://docs.pytest.org/en/stable/how-to/capture-warnings.html'&#10;    and: '========================= 1 passed, 1 warning in 0.11s ========================='&#10;remains unmatched: '* 1 passed in *'">Traceback (most recent call last):
  File "/workdir/pytest-mock-3.10.0/.tox/graalpylibtest-unit-test-tests/lib/python3.10/site-packages/_pytest/runner.py", line 341, in from_call
    result: Optional[TResult] = func()
  File "/workdir/pytest-mock-3.10.0/.tox/graalpylibtest-unit-test-tests/lib/python3.10/site-packages/_pytest/runner.py", line 262, in &lt;lambda&gt;
    lambda: ihook(item=item, **kwds), when=when, reraise=reraise
  File "/workdir/pytest-mock-3.10.0/.tox/graalpylibtest-unit-test-tests/lib/python3.10/site-packages/pluggy/_hooks.py", line 493, in __call__
    return self._hookexec(self.name, self._hookimpls, kwargs, firstresult)
  File "/workdir/pytest-mock-3.10.0/.tox/graalpylibtest-unit-test-tests/lib/python3.10/site-packages/pluggy/_manager.py", line 115, in _hookexec
    return self._inner_hookexec(hook_name, methods, kwargs, firstresult)
  File "/workdir/pytest-mock-3.10.0/.tox/graalpylibtest-unit-test-tests/lib/python3.10/site-packages/pluggy/_callers.py", line 152, in _multicall
    return outcome.get_result()
  File "/workdir/pytest-mock-3.10.0/.tox/graalpylibtest-unit-test-tests/lib/python3.10/site-packages/pluggy/_result.py", line 114, in get_result
    raise exc.with_traceback(exc.__traceback__)
  File "/workdir/pytest-mock-3.10.0/.tox/graalpylibtest-unit-test-tests/lib/python3.10/site-packages/pluggy/_callers.py", line 77, in _multicall
    res = hook_impl.function(*args)
  File "/workdir/pytest-mock-3.10.0/.tox/graalpylibtest-unit-test-tests/lib/python3.10/site-packages/_pytest/runner.py", line 169, in pytest_runtest_call
    item.runtest()
  File "/workdir/pytest-mock-3.10.0/.tox/graalpylibtest-unit-test-tests/lib/python3.10/site-packages/_pytest/python.py", line 1792, in runtest
    self.ihook.pytest_pyfunc_call(pyfuncitem=self)
  File "/workdir/pytest-mock-3.10.0/.tox/graalpylibtest-unit-test-tests/lib/python3.10/site-packages/pluggy/_hooks.py", line 493, in __call__
    return self._hookexec(self.name, self._hookimpls, kwargs, firstresult)
  File "/workdir/pytest-mock-3.10.0/.tox/graalpylibtest-unit-test-tests/lib/python3.10/site-packages/pluggy/_manager.py", line 115, in _hookexec
    return self._inner_hookexec(hook_name, methods, kwargs, firstresult)
  File "/workdir/pytest-mock-3.10.0/.tox/graalpylibtest-unit-test-tests/lib/python3.10/site-packages/pluggy/_callers.py", line 113, in _multicall
    raise exception.with_traceback(exception.__traceback__)
  File "/workdir/pytest-mock-3.10.0/.tox/graalpylibtest-unit-test-tests/lib/python3.10/site-packages/pluggy/_callers.py", line 77, in _multicall
    res = hook_impl.function(*args)
  File "/workdir/pytest-mock-3.10.0/.tox/graalpylibtest-unit-test-tests/lib/python3.10/site-packages/_pytest/python.py", line 194, in pytest_pyfunc_call
    result = testfunction(**testargs)
  File "/workdir/pytest-mock-3.10.0/tests/test_pytest_mock.py", line 1102, in test_used_with_session_scope
    result.stdout.fnmatch_lines("* 1 passed in *")
  File "/workdir/pytest-mock-3.10.0/.tox/graalpylibtest-unit-test-tests/lib/python3.10/site-packages/_pytest/pytester.py", line 1650, in fnmatch_lines
    self._match_lines(lines2, fnmatch, "fnmatch", consecutive=consecutive)
  File "/workdir/pytest-mock-3.10.0/.tox/graalpylibtest-unit-test-tests/lib/python3.10/site-packages/_pytest/pytester.py", line 1737, in _match_lines
    self._fail(msg)
  File "/workdir/pytest-mock-3.10.0/.tox/graalpylibtest-unit-test-tests/lib/python3.10/site-packages/_pytest/pytester.py", line 1785, in _fail
    fail(log_text)
  File "/workdir/pytest-mock-3.10.0/.tox/graalpylibtest-unit-test-tests/lib/python3.10/site-packages/_pytest/outcomes.py", line 198, in fail
    raise Failed(msg=reason, pytrace=pytrace)
Failed: nomatch: '* 1 passed in *'
    and: '============================= test session starts =============================='
    and: 'platform linux -- Python 3.10.8, pytest-7.4.3, pluggy-1.3.0'
    and: 'rootdir: /tmp/pytest-of-tester/pytest-9/test_used_with_session_scope0'
    and: 'configfile: tox.ini'
    and: 'plugins: mock-3.10.0'
    and: 'collected 1 item'
    and: ''
    and: 'test_used_with_session_scope.py .                                        [100%]'
    and: ''
    and: '=============================== warnings summary ==============================='
    and: '../../../../workdir/pytest-mock-3.10.0/.tox/graalpylibtest-unit-test-tests/lib/python3.10/site-packages/_pytest/config/__init__.py:1373'
    and: '  /workdir/pytest-mock-3.10.0/.tox/graalpylibtest-unit-test-tests/lib/python3.10/site-packages/_pytest/config/__init__.py:1373: PytestConfigWarning: Unknown config option: asyncio_mode'
    and: '  '
    and: '    self._warn_or_fail_if_strict(f"Unknown config option: {key}\\n")'
    and: ''
    and: '-- Docs: https://docs.pytest.org/en/stable/how-to/capture-warnings.html'
    and: '========================= 1 passed, 1 warning in 0.11s ========================='
remains unmatched: '* 1 passed in *'</failure></testcase><testcase classname="tests.test_pytest_mock" name="test_stop_patch" time="0.013" /><testcase classname="tests.test_pytest_mock" name="test_stop_instance_patch" time="0.012" /><testcase classname="tests.test_pytest_mock" name="test_stop_spy" time="0.060" /><testcase classname="tests.test_pytest_mock" name="test_stop_instance_spy" time="0.019" /></testsuite></testsuites>