<?xml version="1.0" encoding="utf-8"?><testsuites><testsuite name="pytest" errors="1" failures="1" skipped="4" tests="165" time="51.618" timestamp="2023-11-30T22:53:58.408073" hostname="be2d8ee410eb"><testcase classname="" name="tests.test_fsevents" time="0.000"><skipped message="collection skipped">('/workdir/watchdog-2.2.0/tests/test_fsevents.py', 7, 'Skipped: macOS only.')</skipped></testcase><testcase classname="" name="tests.test_observers_winapi" time="0.000"><skipped message="collection skipped">('/workdir/watchdog-2.2.0/tests/test_observers_winapi.py', 22, 'Skipped: Windows only.')</skipped></testcase><testcase classname="tests.test_0_watchmedo" name="test_load_config_valid" time="0.030" /><testcase classname="tests.test_0_watchmedo" name="test_load_config_invalid" time="0.027" /><testcase classname="tests.test_0_watchmedo" name="test_kill_auto_restart" time="3.298" /><testcase classname="tests.test_0_watchmedo" name="test_shell_command_wait_for_completion" time="1.250" /><testcase classname="tests.test_0_watchmedo" name="test_shell_command_subprocess_termination_nowait" time="5.033" /><testcase classname="tests.test_0_watchmedo" name="test_auto_restart_subprocess_termination" time="5.309" /><testcase classname="tests.test_0_watchmedo" name="test_auto_restart_arg_parsing_basic" time="0.031" /><testcase classname="tests.test_0_watchmedo" name="test_auto_restart_arg_parsing" time="0.034" /><testcase classname="tests.test_0_watchmedo" name="test_shell_command_arg_parsing" time="0.027" /><testcase classname="tests.test_0_watchmedo" name="test_valid_verbosity[verbosity0-cmdline0]" time="0.026" /><testcase classname="tests.test_0_watchmedo" name="test_valid_verbosity[verbosity0-cmdline1]" time="0.023" /><testcase classname="tests.test_0_watchmedo" name="test_valid_verbosity[verbosity1-cmdline0]" time="0.029" /><testcase classname="tests.test_0_watchmedo" name="test_valid_verbosity[verbosity1-cmdline1]" time="0.037" /><testcase classname="tests.test_0_watchmedo" name="test_valid_verbosity[verbosity2-cmdline0]" time="0.031" /><testcase classname="tests.test_0_watchmedo" name="test_valid_verbosity[verbosity2-cmdline1]" time="0.026" /><testcase classname="tests.test_0_watchmedo" name="test_valid_verbosity[verbosity3-cmdline0]" time="0.032" /><testcase classname="tests.test_0_watchmedo" name="test_valid_verbosity[verbosity3-cmdline1]" time="0.027" /><testcase classname="tests.test_0_watchmedo" name="test_valid_verbosity[verbosity4-cmdline0]" time="0.030" /><testcase classname="tests.test_0_watchmedo" name="test_valid_verbosity[verbosity4-cmdline1]" time="0.038" /><testcase classname="tests.test_0_watchmedo" name="test_valid_verbosity[verbosity5-cmdline0]" time="0.024" /><testcase classname="tests.test_0_watchmedo" name="test_valid_verbosity[verbosity5-cmdline1]" time="0.030" /><testcase classname="tests.test_0_watchmedo" name="test_valid_verbosity[verbosity6-cmdline0]" time="0.047" /><testcase classname="tests.test_0_watchmedo" name="test_valid_verbosity[verbosity6-cmdline1]" time="0.048" /><testcase classname="tests.test_0_watchmedo" name="test_valid_verbosity[verbosity7-cmdline0]" time="0.041" /><testcase classname="tests.test_0_watchmedo" name="test_valid_verbosity[verbosity7-cmdline1]" time="0.038" /><testcase classname="tests.test_0_watchmedo" name="test_invalid_verbosity[verbosity_cmdline_args0-cmdline0]" time="0.042" /><testcase classname="tests.test_0_watchmedo" name="test_invalid_verbosity[verbosity_cmdline_args0-cmdline1]" time="0.035" /><testcase classname="tests.test_0_watchmedo" name="test_invalid_verbosity[verbosity_cmdline_args1-cmdline0]" time="0.028" /><testcase classname="tests.test_0_watchmedo" name="test_invalid_verbosity[verbosity_cmdline_args1-cmdline1]" time="0.025" /><testcase classname="tests.test_0_watchmedo" name="test_invalid_verbosity[verbosity_cmdline_args2-cmdline0]" time="0.021" /><testcase classname="tests.test_0_watchmedo" name="test_invalid_verbosity[verbosity_cmdline_args2-cmdline1]" time="0.018" /><testcase classname="tests.test_0_watchmedo" name="test_invalid_verbosity[verbosity_cmdline_args3-cmdline0]" time="0.022" /><testcase classname="tests.test_0_watchmedo" name="test_invalid_verbosity[verbosity_cmdline_args3-cmdline1]" time="0.020" /><testcase classname="tests.test_0_watchmedo" name="test_invalid_verbosity[verbosity_cmdline_args4-cmdline0]" time="0.022" /><testcase classname="tests.test_0_watchmedo" name="test_invalid_verbosity[verbosity_cmdline_args4-cmdline1]" time="0.025" /><testcase classname="tests.test_0_watchmedo" name="test_invalid_verbosity[verbosity_cmdline_args5-cmdline0]" time="0.028" /><testcase classname="tests.test_0_watchmedo" name="test_invalid_verbosity[verbosity_cmdline_args5-cmdline1]" time="0.025" /><testcase classname="tests.test_0_watchmedo" name="test_invalid_verbosity[verbosity_cmdline_args6-cmdline0]" time="0.021" /><testcase classname="tests.test_0_watchmedo" name="test_invalid_verbosity[verbosity_cmdline_args6-cmdline1]" time="0.035" /><testcase classname="tests.test_0_watchmedo" name="test_invalid_verbosity[verbosity_cmdline_args7-cmdline0]" time="0.025" /><testcase classname="tests.test_0_watchmedo" name="test_invalid_verbosity[verbosity_cmdline_args7-cmdline1]" time="0.025" /><testcase classname="tests.test_0_watchmedo" name="test_invalid_verbosity[verbosity_cmdline_args8-cmdline0]" time="0.025" /><testcase classname="tests.test_0_watchmedo" name="test_invalid_verbosity[verbosity_cmdline_args8-cmdline1]" time="0.024" /><testcase classname="tests.test_0_watchmedo" name="test_invalid_verbosity[verbosity_cmdline_args9-cmdline0]" time="0.027" /><testcase classname="tests.test_0_watchmedo" name="test_invalid_verbosity[verbosity_cmdline_args9-cmdline1]" time="0.024" /><testcase classname="tests.test_0_watchmedo" name="test_invalid_verbosity[verbosity_cmdline_args10-cmdline0]" time="0.028" /><testcase classname="tests.test_0_watchmedo" name="test_invalid_verbosity[verbosity_cmdline_args10-cmdline1]" time="0.031" /><testcase classname="tests.test_0_watchmedo" name="test_tricks_from_file[tricks-from]" time="0.075" /><testcase classname="tests.test_0_watchmedo" name="test_tricks_from_file[tricks]" time="0.065" /><testcase classname="tests.test_delayed_queue" name="test_delayed_get" time="2.024" /><testcase classname="tests.test_delayed_queue" name="test_nondelayed_get" time="0.020" /><testcase classname="tests.test_emitter" name="test_create" time="0.026" /><testcase classname="tests.test_emitter" name="test_close" time="0.033" /><testcase classname="tests.test_emitter" name="test_create_wrong_encoding" time="0.034" /><testcase classname="tests.test_emitter" name="test_delete" time="0.056" /><testcase classname="tests.test_emitter" name="test_modify" time="0.024" /><testcase classname="tests.test_emitter" name="test_chmod" time="0.025" /><testcase classname="tests.test_emitter" name="test_move" time="0.052" /><testcase classname="tests.test_emitter" name="test_case_change" time="0.057" /><testcase classname="tests.test_emitter" name="test_move_to" time="0.076" /><testcase classname="tests.test_emitter" name="test_move_to_full" time="0.075" /><testcase classname="tests.test_emitter" name="test_move_from" time="0.529" /><testcase classname="tests.test_emitter" name="test_move_from_full" time="0.528" /><testcase classname="tests.test_emitter" name="test_separate_consecutive_moves" time="0.560" /><testcase classname="tests.test_emitter" name="test_delete_self" time="0.024" /><testcase classname="tests.test_emitter" name="test_fast_subdirectory_creation_deletion" time="3.104" /><testcase classname="tests.test_emitter" name="test_passing_unicode_should_give_unicode" time="0.092" /><testcase classname="tests.test_emitter" name="test_passing_bytes_should_give_bytes" time="0.040" /><testcase classname="tests.test_emitter" name="test_recursive_on" time="0.081" /><testcase classname="tests.test_emitter" name="test_recursive_off" time="5.062" /><testcase classname="tests.test_emitter" name="test_renaming_top_level_directory" time="0.106" /><testcase classname="tests.test_emitter" name="test_renaming_top_level_directory_on_windows" time="0.001"><skipped type="pytest.skip" message="Non-Windows create another set of events for this test">/workdir/watchdog-2.2.0/tests/test_emitter.py:520: Non-Windows create another set of events for this test</skipped></testcase><testcase classname="tests.test_emitter" name="test_move_nested_subdirectories" time="0.063" /><testcase classname="tests.test_emitter" name="test_move_nested_subdirectories_on_windows" time="0.001"><skipped type="pytest.skip" message="Non-Windows create another set of events for this test">/workdir/watchdog-2.2.0/tests/test_emitter.py:603: Non-Windows create another set of events for this test</skipped></testcase><testcase classname="tests.test_emitter" name="test_file_lifecyle" time="0.108" /><testcase classname="tests.test_events" name="test_file_deleted_event" time="0.051" /><testcase classname="tests.test_events" name="test_file_delete_event_is_directory" time="0.034" /><testcase classname="tests.test_events" name="test_file_modified_event" time="0.024" /><testcase classname="tests.test_events" name="test_file_modified_event_is_directory" time="0.032" /><testcase classname="tests.test_events" name="test_file_created_event" time="0.032" /><testcase classname="tests.test_events" name="test_file_moved_event" time="0.024" /><testcase classname="tests.test_events" name="test_file_closed_event" time="0.025" /><testcase classname="tests.test_events" name="test_dir_deleted_event" time="0.030" /><testcase classname="tests.test_events" name="test_dir_modified_event" time="0.027" /><testcase classname="tests.test_events" name="test_dir_created_event" time="0.024" /><testcase classname="tests.test_events" name="test_file_system_event_handler_dispatch" time="0.019" /><testcase classname="tests.test_inotify_buffer" name="test_move_from" time="0.568" /><testcase classname="tests.test_inotify_buffer" name="test_move_to" time="0.071" /><testcase classname="tests.test_inotify_buffer" name="test_move_internal" time="0.074" /><testcase classname="tests.test_inotify_buffer" name="test_move_internal_batch" time="0.113" /><testcase classname="tests.test_inotify_buffer" name="test_delete_watched_directory" time="0.028" /><testcase classname="tests.test_inotify_buffer" name="test_unmount_watched_directory_filesystem" time="5.002"><failure message="Failed: Timeout &gt;5.0s">Traceback (most recent call last):
  File "/workdir/watchdog-2.2.0/.tox/cpythonlibtest-unit-test-tests/lib/python3.10/site-packages/_pytest/runner.py", line 341, in from_call
    result: Optional[TResult] = func()
  File "/workdir/watchdog-2.2.0/.tox/cpythonlibtest-unit-test-tests/lib/python3.10/site-packages/_pytest/runner.py", line 262, in &lt;lambda&gt;
    lambda: ihook(item=item, **kwds), when=when, reraise=reraise
  File "/workdir/watchdog-2.2.0/.tox/cpythonlibtest-unit-test-tests/lib/python3.10/site-packages/pluggy/_hooks.py", line 493, in __call__
    return self._hookexec(self.name, self._hookimpls, kwargs, firstresult)
  File "/workdir/watchdog-2.2.0/.tox/cpythonlibtest-unit-test-tests/lib/python3.10/site-packages/pluggy/_manager.py", line 115, in _hookexec
    return self._inner_hookexec(hook_name, methods, kwargs, firstresult)
  File "/workdir/watchdog-2.2.0/.tox/cpythonlibtest-unit-test-tests/lib/python3.10/site-packages/pluggy/_callers.py", line 152, in _multicall
    return outcome.get_result()
  File "/workdir/watchdog-2.2.0/.tox/cpythonlibtest-unit-test-tests/lib/python3.10/site-packages/pluggy/_result.py", line 114, in get_result
    raise exc.with_traceback(exc.__traceback__)
  File "/workdir/watchdog-2.2.0/.tox/cpythonlibtest-unit-test-tests/lib/python3.10/site-packages/pluggy/_callers.py", line 77, in _multicall
    res = hook_impl.function(*args)
  File "/workdir/watchdog-2.2.0/.tox/cpythonlibtest-unit-test-tests/lib/python3.10/site-packages/_pytest/runner.py", line 169, in pytest_runtest_call
    item.runtest()
  File "/workdir/watchdog-2.2.0/.tox/cpythonlibtest-unit-test-tests/lib/python3.10/site-packages/_pytest/python.py", line 1792, in runtest
    self.ihook.pytest_pyfunc_call(pyfuncitem=self)
  File "/workdir/watchdog-2.2.0/.tox/cpythonlibtest-unit-test-tests/lib/python3.10/site-packages/pluggy/_hooks.py", line 493, in __call__
    return self._hookexec(self.name, self._hookimpls, kwargs, firstresult)
  File "/workdir/watchdog-2.2.0/.tox/cpythonlibtest-unit-test-tests/lib/python3.10/site-packages/pluggy/_manager.py", line 115, in _hookexec
    return self._inner_hookexec(hook_name, methods, kwargs, firstresult)
  File "/workdir/watchdog-2.2.0/.tox/cpythonlibtest-unit-test-tests/lib/python3.10/site-packages/pluggy/_callers.py", line 113, in _multicall
    raise exception.with_traceback(exception.__traceback__)
  File "/workdir/watchdog-2.2.0/.tox/cpythonlibtest-unit-test-tests/lib/python3.10/site-packages/pluggy/_callers.py", line 77, in _multicall
    res = hook_impl.function(*args)
  File "/workdir/watchdog-2.2.0/.tox/cpythonlibtest-unit-test-tests/lib/python3.10/site-packages/_pytest/python.py", line 194, in pytest_pyfunc_call
    result = testfunction(**testargs)
  File "/workdir/watchdog-2.2.0/tests/test_inotify_buffer.py", line 129, in test_unmount_watched_directory_filesystem
    inotify.read_event()
  File "/workdir/watchdog-2.2.0/.tox/cpythonlibtest-unit-test-tests/lib/python3.10/site-packages/watchdog/observers/inotify_buffer.py", line 43, in read_event
    return self._queue.get()
  File "/workdir/watchdog-2.2.0/.tox/cpythonlibtest-unit-test-tests/lib/python3.10/site-packages/watchdog/utils/delayed_queue.py", line 54, in get
    self._not_empty.wait()
  File "/usr/local/lib/python3.10/threading.py", line 320, in wait
    waiter.acquire()
  File "/workdir/watchdog-2.2.0/.tox/cpythonlibtest-unit-test-tests/lib/python3.10/site-packages/pytest_timeout.py", line 264, in handler
    timeout_sigalrm(item, settings)
  File "/workdir/watchdog-2.2.0/.tox/cpythonlibtest-unit-test-tests/lib/python3.10/site-packages/pytest_timeout.py", line 448, in timeout_sigalrm
    pytest.fail("Timeout &gt;%ss" % settings.timeout)
  File "/workdir/watchdog-2.2.0/.tox/cpythonlibtest-unit-test-tests/lib/python3.10/site-packages/_pytest/outcomes.py", line 198, in fail
    raise Failed(msg=reason, pytrace=pytrace)
Failed: Timeout &gt;5.0s</failure></testcase><testcase classname="tests.test_inotify_buffer" name="test_unmount_watched_directory_filesystem" time="0.034"><error message="failed on teardown with &quot;assert 2 == 1&#10; +  where 2 = &lt;function active_count at 0x7fc233bcb520&gt;()&#10; +    where &lt;function active_count at 0x7fc233bcb520&gt; = threading.active_count&quot;">Traceback (most recent call last):
  File "/workdir/watchdog-2.2.0/.tox/cpythonlibtest-unit-test-tests/lib/python3.10/site-packages/_pytest/runner.py", line 341, in from_call
    result: Optional[TResult] = func()
  File "/workdir/watchdog-2.2.0/.tox/cpythonlibtest-unit-test-tests/lib/python3.10/site-packages/_pytest/runner.py", line 262, in &lt;lambda&gt;
    lambda: ihook(item=item, **kwds), when=when, reraise=reraise
  File "/workdir/watchdog-2.2.0/.tox/cpythonlibtest-unit-test-tests/lib/python3.10/site-packages/pluggy/_hooks.py", line 493, in __call__
    return self._hookexec(self.name, self._hookimpls, kwargs, firstresult)
  File "/workdir/watchdog-2.2.0/.tox/cpythonlibtest-unit-test-tests/lib/python3.10/site-packages/pluggy/_manager.py", line 115, in _hookexec
    return self._inner_hookexec(hook_name, methods, kwargs, firstresult)
  File "/workdir/watchdog-2.2.0/.tox/cpythonlibtest-unit-test-tests/lib/python3.10/site-packages/pluggy/_callers.py", line 152, in _multicall
    return outcome.get_result()
  File "/workdir/watchdog-2.2.0/.tox/cpythonlibtest-unit-test-tests/lib/python3.10/site-packages/pluggy/_result.py", line 114, in get_result
    raise exc.with_traceback(exc.__traceback__)
  File "/workdir/watchdog-2.2.0/.tox/cpythonlibtest-unit-test-tests/lib/python3.10/site-packages/pluggy/_callers.py", line 77, in _multicall
    res = hook_impl.function(*args)
  File "/workdir/watchdog-2.2.0/.tox/cpythonlibtest-unit-test-tests/lib/python3.10/site-packages/_pytest/runner.py", line 182, in pytest_runtest_teardown
    item.session._setupstate.teardown_exact(nextitem)
  File "/workdir/watchdog-2.2.0/.tox/cpythonlibtest-unit-test-tests/lib/python3.10/site-packages/_pytest/runner.py", line 537, in teardown_exact
    raise exceptions[0]
  File "/workdir/watchdog-2.2.0/.tox/cpythonlibtest-unit-test-tests/lib/python3.10/site-packages/_pytest/runner.py", line 526, in teardown_exact
    fin()
  File "/workdir/watchdog-2.2.0/.tox/cpythonlibtest-unit-test-tests/lib/python3.10/site-packages/_pytest/fixtures.py", line 701, in &lt;lambda&gt;
    subrequest.node.addfinalizer(lambda: fixturedef.finish(request=subrequest))
  File "/workdir/watchdog-2.2.0/.tox/cpythonlibtest-unit-test-tests/lib/python3.10/site-packages/_pytest/fixtures.py", line 1031, in finish
    raise exc
  File "/workdir/watchdog-2.2.0/.tox/cpythonlibtest-unit-test-tests/lib/python3.10/site-packages/_pytest/fixtures.py", line 1024, in finish
    func()
  File "/workdir/watchdog-2.2.0/.tox/cpythonlibtest-unit-test-tests/lib/python3.10/site-packages/_pytest/fixtures.py", line 911, in _teardown_yield_fixture
    next(it)
  File "/workdir/watchdog-2.2.0/tests/conftest.py", line 34, in no_thread_leaks
    assert threading.active_count() == old_thread_count  # Only previously existing threads
AssertionError: assert 2 == 1
 +  where 2 = &lt;function active_count at 0x7fc233bcb520&gt;()
 +    where &lt;function active_count at 0x7fc233bcb520&gt; = threading.active_count</error></testcase><testcase classname="tests.test_inotify_buffer" name="test_close_should_terminate_thread[InotifyBuffer]" time="0.066" /><testcase classname="tests.test_inotify_buffer" name="test_close_should_terminate_thread[InotifyBufferDelayedRead]" time="1.046" /><testcase classname="tests.test_inotify_c" name="test_late_double_deletion" time="0.054" /><testcase classname="tests.test_inotify_c" name="test_raise_error[28-patterns0]" time="0.040" /><testcase classname="tests.test_inotify_c" name="test_raise_error[24-patterns1]" time="0.033" /><testcase classname="tests.test_inotify_c" name="test_raise_error[2-patterns2]" time="0.035" /><testcase classname="tests.test_inotify_c" name="test_raise_error[-1-patterns3]" time="0.040" /><testcase classname="tests.test_inotify_c" name="test_non_ascii_path" time="0.041" /><testcase classname="tests.test_inotify_c" name="test_watch_file" time="0.034" /><testcase classname="tests.test_inotify_c" name="test_event_equality" time="0.026" /><testcase classname="tests.test_logging_event_handler" name="test_logging_event_handler_dispatch" time="0.026" /><testcase classname="tests.test_observer" name="test_schedule_should_start_emitter_if_running" time="0.065" /><testcase classname="tests.test_observer" name="test_schedule_should_not_start_emitter_if_not_running" time="0.027" /><testcase classname="tests.test_observer" name="test_start_should_start_emitter" time="0.080" /><testcase classname="tests.test_observer" name="test_stop_should_stop_emitter" time="0.072" /><testcase classname="tests.test_observer" name="test_unschedule_self" time="0.079" /><testcase classname="tests.test_observer" name="test_schedule_after_unschedule_all" time="0.071" /><testcase classname="tests.test_observer" name="test_2_observers_on_the_same_path" time="0.026" /><testcase classname="tests.test_observer" name="test_start_failure_should_not_prevent_further_try" time="0.072" /><testcase classname="tests.test_observer" name="test_schedule_failure_should_not_prevent_future_schedules" time="0.059" /><testcase classname="tests.test_observers_api" name="test_observer_constructor" time="0.026" /><testcase classname="tests.test_observers_api" name="test_observer__eq__" time="0.025" /><testcase classname="tests.test_observers_api" name="test_observer__ne__" time="0.055" /><testcase classname="tests.test_observers_api" name="test_observer__repr__" time="0.045" /><testcase classname="tests.test_observers_api" name="test_event_emitter" time="0.032" /><testcase classname="tests.test_observers_api" name="test_event_dispatcher" time="1.034" /><testcase classname="tests.test_observers_api" name="test_observer_basic" time="1.048" /><testcase classname="tests.test_observers_polling" name="test___init__" time="5.251" /><testcase classname="tests.test_observers_polling" name="test_delete_watched_dir" time="0.426" /><testcase classname="tests.test_pattern_matching_event_handler" name="test_dispatch" time="0.039" /><testcase classname="tests.test_pattern_matching_event_handler" name="test_handler" time="0.027" /><testcase classname="tests.test_pattern_matching_event_handler" name="test_ignore_directories" time="0.023" /><testcase classname="tests.test_pattern_matching_event_handler" name="test_ignore_patterns" time="0.023" /><testcase classname="tests.test_pattern_matching_event_handler" name="test_patterns" time="0.023" /><testcase classname="tests.test_patterns" name="test_match_path[/users/gorakhargosh/foobar.py-included_patterns0-excluded_patterns0-True-True]" time="0.034" /><testcase classname="tests.test_patterns" name="test_match_path[/users/gorakhargosh/foobar.py-included_patterns1-excluded_patterns1-True-True]" time="0.025" /><testcase classname="tests.test_patterns" name="test_match_path[/users/gorakhargosh/-included_patterns2-excluded_patterns2-False-False]" time="0.029" /><testcase classname="tests.test_patterns" name="test_match_path[/users/gorakhargosh/foobar.py-included_patterns3-excluded_patterns3-False-ValueError]" time="0.026" /><testcase classname="tests.test_patterns" name="test_filter_paths[None-None-True-None]" time="0.022" /><testcase classname="tests.test_patterns" name="test_filter_paths[None-None-False-None]" time="0.031" /><testcase classname="tests.test_patterns" name="test_filter_paths[included_patterns2-excluded_patterns2-True-expected2]" time="0.031" /><testcase classname="tests.test_patterns" name="test_match_any_paths[None-None-True-True]" time="0.031" /><testcase classname="tests.test_patterns" name="test_match_any_paths[None-None-False-True]" time="0.026" /><testcase classname="tests.test_patterns" name="test_match_any_paths[included_patterns2-excluded_patterns2-True-True]" time="0.023" /><testcase classname="tests.test_patterns" name="test_match_any_paths[included_patterns3-None-False-False]" time="0.026" /><testcase classname="tests.test_patterns" name="test_match_any_paths[included_patterns4-None-True-False]" time="0.028" /><testcase classname="tests.test_regex_matching_event_handler" name="test_dispatch" time="0.025" /><testcase classname="tests.test_regex_matching_event_handler" name="test_handler" time="0.023" /><testcase classname="tests.test_regex_matching_event_handler" name="test_ignore_directories" time="0.027" /><testcase classname="tests.test_regex_matching_event_handler" name="test_ignore_regexes" time="0.023" /><testcase classname="tests.test_regex_matching_event_handler" name="test_regexes" time="0.028" /><testcase classname="tests.test_regex_matching_event_handler" name="test_str_regexes" time="0.027" /><testcase classname="tests.test_regex_matching_event_handler" name="test_logging_event_handler_dispatch" time="0.027" /><testcase classname="tests.test_skip_repeats_queue" name="test_basic_queue" time="0.031" /><testcase classname="tests.test_skip_repeats_queue" name="test_allow_nonconsecutive" time="0.028" /><testcase classname="tests.test_skip_repeats_queue" name="test_put_with_watchdog_events" time="0.020" /><testcase classname="tests.test_skip_repeats_queue" name="test_prevent_consecutive" time="0.021" /><testcase classname="tests.test_skip_repeats_queue" name="test_consecutives_allowed_across_empties" time="0.028" /><testcase classname="tests.test_skip_repeats_queue" name="test_eventlet_monkey_patching" time="1.031" /><testcase classname="tests.test_snapshot_diff" name="test_pickle" time="0.045" /><testcase classname="tests.test_snapshot_diff" name="test_move_to" time="0.035" /><testcase classname="tests.test_snapshot_diff" name="test_move_from" time="0.045" /><testcase classname="tests.test_snapshot_diff" name="test_move_internal" time="0.035" /><testcase classname="tests.test_snapshot_diff" name="test_move_replace" time="0.049" /><testcase classname="tests.test_snapshot_diff" name="test_dir_modify_on_create" time="0.540" /><testcase classname="tests.test_snapshot_diff" name="test_dir_modify_on_move" time="0.548" /><testcase classname="tests.test_snapshot_diff" name="test_detect_modify_for_moved_files" time="0.550" /><testcase classname="tests.test_snapshot_diff" name="test_replace_dir_with_file" time="0.042" /><testcase classname="tests.test_snapshot_diff" name="test_permission_error" time="0.039" /><testcase classname="tests.test_snapshot_diff" name="test_ignore_device" time="0.539" /><testcase classname="tests.test_snapshot_diff" name="test_empty_snapshot" time="0.039" /></testsuite></testsuites>