<?xml version="1.0" encoding="utf-8"?><testsuites><testsuite name="pytest" errors="1" failures="4" skipped="5" tests="165" time="203.983" timestamp="2023-11-30T22:59:23.249000" hostname="be2d8ee410eb"><testcase classname="" name="tests.test_fsevents" time="0.000"><skipped message="collection skipped">('/workdir/watchdog-2.2.0/tests/test_fsevents.py', 7, 'Skipped: macOS only.')</skipped></testcase><testcase classname="" name="tests.test_observers_winapi" time="0.000"><skipped message="collection skipped">('/workdir/watchdog-2.2.0/tests/test_observers_winapi.py', 22, 'Skipped: Windows only.')</skipped></testcase><testcase classname="tests.test_0_watchmedo" name="test_load_config_valid" time="0.964" /><testcase classname="tests.test_0_watchmedo" name="test_load_config_invalid" time="1.035" /><testcase classname="tests.test_0_watchmedo" name="test_kill_auto_restart" time="0.865"><failure message="RuntimeError: preexec_fn not supported">Traceback (most recent call last):
  File "/workdir/watchdog-2.2.0/.tox/graalpylibtest-unit-test-tests/lib/python3.10/site-packages/pluggy/_result.py", line 341, in get_result
  File "/workdir/watchdog-2.2.0/.tox/graalpylibtest-unit-test-tests/lib/python3.10/site-packages/_pytest/runner.py", line 262, in &lt;lambda&gt;
    lambda: ihook(item=item, **kwds), when=when, reraise=reraise
  File "/workdir/watchdog-2.2.0/.tox/graalpylibtest-unit-test-tests/lib/python3.10/site-packages/pluggy/_hooks.py", line 493, in __call__
    return self._hookexec(self.name, self._hookimpls, kwargs, firstresult)
  File "/workdir/watchdog-2.2.0/.tox/graalpylibtest-unit-test-tests/lib/python3.10/site-packages/pluggy/_manager.py", line 115, in _hookexec
    return self._inner_hookexec(hook_name, methods, kwargs, firstresult)
  File "/workdir/watchdog-2.2.0/.tox/graalpylibtest-unit-test-tests/lib/python3.10/site-packages/pluggy/_callers.py", line 152, in _multicall
    return outcome.get_result()
  File "/workdir/watchdog-2.2.0/.tox/graalpylibtest-unit-test-tests/lib/python3.10/site-packages/pluggy/_result.py", line 114, in get_result
    raise exc.with_traceback(exc.__traceback__)
  File "/workdir/watchdog-2.2.0/.tox/graalpylibtest-unit-test-tests/lib/python3.10/site-packages/_pytest/runner.py", line 177, in pytest_runtest_call
    raise e
  File "/workdir/watchdog-2.2.0/.tox/graalpylibtest-unit-test-tests/lib/python3.10/site-packages/pluggy/_callers.py", line 169, in _multicall
  File "/workdir/watchdog-2.2.0/.tox/graalpylibtest-unit-test-tests/lib/python3.10/site-packages/_pytest/python.py", line 1792, in runtest
    self.ihook.pytest_pyfunc_call(pyfuncitem=self)
  File "/workdir/watchdog-2.2.0/.tox/graalpylibtest-unit-test-tests/lib/python3.10/site-packages/pluggy/_hooks.py", line 493, in __call__
    return self._hookexec(self.name, self._hookimpls, kwargs, firstresult)
  File "/workdir/watchdog-2.2.0/.tox/graalpylibtest-unit-test-tests/lib/python3.10/site-packages/pluggy/_manager.py", line 115, in _hookexec
    return self._inner_hookexec(hook_name, methods, kwargs, firstresult)
  File "/workdir/watchdog-2.2.0/.tox/graalpylibtest-unit-test-tests/lib/python3.10/site-packages/pluggy/_callers.py", line 113, in _multicall
    raise exception.with_traceback(exception.__traceback__)
  File "/opt/graalpy/lib/python3.10/subprocess.py", line 1812, in _execute_child
    self.pid = _posixsubprocess.fork_exec(
RuntimeError: preexec_fn not supported</failure></testcase><testcase classname="tests.test_0_watchmedo" name="test_shell_command_wait_for_completion" time="6.430" /><testcase classname="tests.test_0_watchmedo" name="test_shell_command_subprocess_termination_nowait" time="6.254" /><testcase classname="tests.test_0_watchmedo" name="test_auto_restart_subprocess_termination" time="0.377"><failure message="RuntimeError: preexec_fn not supported">Traceback (most recent call last):
  File "/workdir/watchdog-2.2.0/.tox/graalpylibtest-unit-test-tests/lib/python3.10/site-packages/pluggy/_result.py", line 341, in get_result
  File "/workdir/watchdog-2.2.0/.tox/graalpylibtest-unit-test-tests/lib/python3.10/site-packages/_pytest/runner.py", line 262, in &lt;lambda&gt;
    lambda: ihook(item=item, **kwds), when=when, reraise=reraise
  File "/workdir/watchdog-2.2.0/.tox/graalpylibtest-unit-test-tests/lib/python3.10/site-packages/pluggy/_hooks.py", line 493, in __call__
    return self._hookexec(self.name, self._hookimpls, kwargs, firstresult)
  File "/workdir/watchdog-2.2.0/.tox/graalpylibtest-unit-test-tests/lib/python3.10/site-packages/pluggy/_manager.py", line 115, in _hookexec
    return self._inner_hookexec(hook_name, methods, kwargs, firstresult)
  File "/workdir/watchdog-2.2.0/.tox/graalpylibtest-unit-test-tests/lib/python3.10/site-packages/pluggy/_callers.py", line 152, in _multicall
    return outcome.get_result()
  File "/workdir/watchdog-2.2.0/.tox/graalpylibtest-unit-test-tests/lib/python3.10/site-packages/pluggy/_result.py", line 114, in get_result
    raise exc.with_traceback(exc.__traceback__)
  File "/workdir/watchdog-2.2.0/.tox/graalpylibtest-unit-test-tests/lib/python3.10/site-packages/_pytest/runner.py", line 177, in pytest_runtest_call
    raise e
  File "/workdir/watchdog-2.2.0/.tox/graalpylibtest-unit-test-tests/lib/python3.10/site-packages/pluggy/_callers.py", line 169, in _multicall
  File "/workdir/watchdog-2.2.0/.tox/graalpylibtest-unit-test-tests/lib/python3.10/site-packages/_pytest/python.py", line 1792, in runtest
    self.ihook.pytest_pyfunc_call(pyfuncitem=self)
  File "/workdir/watchdog-2.2.0/.tox/graalpylibtest-unit-test-tests/lib/python3.10/site-packages/pluggy/_hooks.py", line 493, in __call__
    return self._hookexec(self.name, self._hookimpls, kwargs, firstresult)
  File "/workdir/watchdog-2.2.0/.tox/graalpylibtest-unit-test-tests/lib/python3.10/site-packages/pluggy/_manager.py", line 115, in _hookexec
    return self._inner_hookexec(hook_name, methods, kwargs, firstresult)
  File "/workdir/watchdog-2.2.0/.tox/graalpylibtest-unit-test-tests/lib/python3.10/site-packages/pluggy/_callers.py", line 113, in _multicall
    raise exception.with_traceback(exception.__traceback__)
  File "/opt/graalpy/lib/python3.10/subprocess.py", line 1812, in _execute_child
    self.pid = _posixsubprocess.fork_exec(
RuntimeError: preexec_fn not supported</failure></testcase><testcase classname="tests.test_0_watchmedo" name="test_auto_restart_arg_parsing_basic" time="0.354" /><testcase classname="tests.test_0_watchmedo" name="test_auto_restart_arg_parsing" time="0.416" /><testcase classname="tests.test_0_watchmedo" name="test_shell_command_arg_parsing" time="0.343" /><testcase classname="tests.test_0_watchmedo" name="test_valid_verbosity[verbosity0-cmdline0]" time="0.396" /><testcase classname="tests.test_0_watchmedo" name="test_valid_verbosity[verbosity0-cmdline1]" time="0.436" /><testcase classname="tests.test_0_watchmedo" name="test_valid_verbosity[verbosity1-cmdline0]" time="0.503" /><testcase classname="tests.test_0_watchmedo" name="test_valid_verbosity[verbosity1-cmdline1]" time="0.446" /><testcase classname="tests.test_0_watchmedo" name="test_valid_verbosity[verbosity2-cmdline0]" time="0.444" /><testcase classname="tests.test_0_watchmedo" name="test_valid_verbosity[verbosity2-cmdline1]" time="0.512" /><testcase classname="tests.test_0_watchmedo" name="test_valid_verbosity[verbosity3-cmdline0]" time="0.569" /><testcase classname="tests.test_0_watchmedo" name="test_valid_verbosity[verbosity3-cmdline1]" time="0.504" /><testcase classname="tests.test_0_watchmedo" name="test_valid_verbosity[verbosity4-cmdline0]" time="0.436" /><testcase classname="tests.test_0_watchmedo" name="test_valid_verbosity[verbosity4-cmdline1]" time="0.477" /><testcase classname="tests.test_0_watchmedo" name="test_valid_verbosity[verbosity5-cmdline0]" time="0.476" /><testcase classname="tests.test_0_watchmedo" name="test_valid_verbosity[verbosity5-cmdline1]" time="0.474" /><testcase classname="tests.test_0_watchmedo" name="test_valid_verbosity[verbosity6-cmdline0]" time="0.558" /><testcase classname="tests.test_0_watchmedo" name="test_valid_verbosity[verbosity6-cmdline1]" time="0.380" /><testcase classname="tests.test_0_watchmedo" name="test_valid_verbosity[verbosity7-cmdline0]" time="0.424" /><testcase classname="tests.test_0_watchmedo" name="test_valid_verbosity[verbosity7-cmdline1]" time="0.370" /><testcase classname="tests.test_0_watchmedo" name="test_invalid_verbosity[verbosity_cmdline_args0-cmdline0]" time="0.449" /><testcase classname="tests.test_0_watchmedo" name="test_invalid_verbosity[verbosity_cmdline_args0-cmdline1]" time="0.500" /><testcase classname="tests.test_0_watchmedo" name="test_invalid_verbosity[verbosity_cmdline_args1-cmdline0]" time="0.488" /><testcase classname="tests.test_0_watchmedo" name="test_invalid_verbosity[verbosity_cmdline_args1-cmdline1]" time="0.409" /><testcase classname="tests.test_0_watchmedo" name="test_invalid_verbosity[verbosity_cmdline_args2-cmdline0]" time="0.396" /><testcase classname="tests.test_0_watchmedo" name="test_invalid_verbosity[verbosity_cmdline_args2-cmdline1]" time="0.391" /><testcase classname="tests.test_0_watchmedo" name="test_invalid_verbosity[verbosity_cmdline_args3-cmdline0]" time="0.431" /><testcase classname="tests.test_0_watchmedo" name="test_invalid_verbosity[verbosity_cmdline_args3-cmdline1]" time="0.435" /><testcase classname="tests.test_0_watchmedo" name="test_invalid_verbosity[verbosity_cmdline_args4-cmdline0]" time="0.436" /><testcase classname="tests.test_0_watchmedo" name="test_invalid_verbosity[verbosity_cmdline_args4-cmdline1]" time="0.375" /><testcase classname="tests.test_0_watchmedo" name="test_invalid_verbosity[verbosity_cmdline_args5-cmdline0]" time="0.487" /><testcase classname="tests.test_0_watchmedo" name="test_invalid_verbosity[verbosity_cmdline_args5-cmdline1]" time="0.383" /><testcase classname="tests.test_0_watchmedo" name="test_invalid_verbosity[verbosity_cmdline_args6-cmdline0]" time="0.400" /><testcase classname="tests.test_0_watchmedo" name="test_invalid_verbosity[verbosity_cmdline_args6-cmdline1]" time="0.409" /><testcase classname="tests.test_0_watchmedo" name="test_invalid_verbosity[verbosity_cmdline_args7-cmdline0]" time="0.400" /><testcase classname="tests.test_0_watchmedo" name="test_invalid_verbosity[verbosity_cmdline_args7-cmdline1]" time="0.377" /><testcase classname="tests.test_0_watchmedo" name="test_invalid_verbosity[verbosity_cmdline_args8-cmdline0]" time="0.377" /><testcase classname="tests.test_0_watchmedo" name="test_invalid_verbosity[verbosity_cmdline_args8-cmdline1]" time="0.455" /><testcase classname="tests.test_0_watchmedo" name="test_invalid_verbosity[verbosity_cmdline_args9-cmdline0]" time="0.391" /><testcase classname="tests.test_0_watchmedo" name="test_invalid_verbosity[verbosity_cmdline_args9-cmdline1]" time="0.399" /><testcase classname="tests.test_0_watchmedo" name="test_invalid_verbosity[verbosity_cmdline_args10-cmdline0]" time="0.392" /><testcase classname="tests.test_0_watchmedo" name="test_invalid_verbosity[verbosity_cmdline_args10-cmdline1]" time="0.364" /><testcase classname="tests.test_0_watchmedo" name="test_tricks_from_file[tricks-from]" time="0.602" /><testcase classname="tests.test_0_watchmedo" name="test_tricks_from_file[tricks]" time="0.582" /><testcase classname="tests.test_delayed_queue" name="test_delayed_get" time="2.354" /><testcase classname="tests.test_delayed_queue" name="test_nondelayed_get" time="0.391" /><testcase classname="tests.test_emitter" name="test_create" time="0.469" /><testcase classname="tests.test_emitter" name="test_close" time="0.436" /><testcase classname="tests.test_emitter" name="test_create_wrong_encoding" time="0.470"><failure message="AssertionError">Traceback (most recent call last):
  File "/workdir/watchdog-2.2.0/.tox/graalpylibtest-unit-test-tests/lib/python3.10/site-packages/pluggy/_result.py", line 341, in get_result
  File "/workdir/watchdog-2.2.0/.tox/graalpylibtest-unit-test-tests/lib/python3.10/site-packages/_pytest/runner.py", line 262, in &lt;lambda&gt;
    lambda: ihook(item=item, **kwds), when=when, reraise=reraise
  File "/workdir/watchdog-2.2.0/.tox/graalpylibtest-unit-test-tests/lib/python3.10/site-packages/pluggy/_hooks.py", line 493, in __call__
    return self._hookexec(self.name, self._hookimpls, kwargs, firstresult)
  File "/workdir/watchdog-2.2.0/.tox/graalpylibtest-unit-test-tests/lib/python3.10/site-packages/pluggy/_manager.py", line 115, in _hookexec
    return self._inner_hookexec(hook_name, methods, kwargs, firstresult)
  File "/workdir/watchdog-2.2.0/.tox/graalpylibtest-unit-test-tests/lib/python3.10/site-packages/pluggy/_callers.py", line 152, in _multicall
    return outcome.get_result()
  File "/workdir/watchdog-2.2.0/.tox/graalpylibtest-unit-test-tests/lib/python3.10/site-packages/pluggy/_result.py", line 114, in get_result
    raise exc.with_traceback(exc.__traceback__)
  File "/workdir/watchdog-2.2.0/.tox/graalpylibtest-unit-test-tests/lib/python3.10/site-packages/_pytest/runner.py", line 177, in pytest_runtest_call
    raise e
  File "/workdir/watchdog-2.2.0/.tox/graalpylibtest-unit-test-tests/lib/python3.10/site-packages/pluggy/_callers.py", line 169, in _multicall
  File "/workdir/watchdog-2.2.0/.tox/graalpylibtest-unit-test-tests/lib/python3.10/site-packages/_pytest/python.py", line 1792, in runtest
    self.ihook.pytest_pyfunc_call(pyfuncitem=self)
  File "/workdir/watchdog-2.2.0/.tox/graalpylibtest-unit-test-tests/lib/python3.10/site-packages/pluggy/_hooks.py", line 493, in __call__
    return self._hookexec(self.name, self._hookimpls, kwargs, firstresult)
  File "/workdir/watchdog-2.2.0/.tox/graalpylibtest-unit-test-tests/lib/python3.10/site-packages/pluggy/_manager.py", line 115, in _hookexec
    return self._inner_hookexec(hook_name, methods, kwargs, firstresult)
  File "/workdir/watchdog-2.2.0/.tox/graalpylibtest-unit-test-tests/lib/python3.10/site-packages/pluggy/_callers.py", line 113, in _multicall
    raise exception.with_traceback(exception.__traceback__)
  File "/workdir/watchdog-2.2.0/tests/test_emitter.py", line 77, in test_create_wrong_encoding
  File "/workdir/watchdog-2.2.0/.tox/graalpylibtest-unit-test-tests/lib/python3.10/site-packages/_pytest/python.py", line 194, in pytest_pyfunc_call
    result = testfunction(**testargs)
  File "/workdir/watchdog-2.2.0/tests/test_emitter.py", line 162, in test_create_wrong_encoding
    assert event.src_path == p('a_\udce4')
AssertionError</failure></testcase><testcase classname="tests.test_emitter" name="test_delete" time="0.416" /><testcase classname="tests.test_emitter" name="test_modify" time="0.493" /><testcase classname="tests.test_emitter" name="test_chmod" time="0.611" /><testcase classname="tests.test_emitter" name="test_move" time="0.544" /><testcase classname="tests.test_emitter" name="test_case_change" time="0.541" /><testcase classname="tests.test_emitter" name="test_move_to" time="0.443" /><testcase classname="tests.test_emitter" name="test_move_to_full" time="0.407" /><testcase classname="tests.test_emitter" name="test_move_from" time="0.948" /><testcase classname="tests.test_emitter" name="test_move_from_full" time="0.980" /><testcase classname="tests.test_emitter" name="test_separate_consecutive_moves" time="0.890" /><testcase classname="tests.test_emitter" name="test_delete_self" time="0.569" /><testcase classname="tests.test_emitter" name="test_fast_subdirectory_creation_deletion" time="3.852" /><testcase classname="tests.test_emitter" name="test_passing_unicode_should_give_unicode" time="0.455" /><testcase classname="tests.test_emitter" name="test_passing_bytes_should_give_bytes" time="0.453" /><testcase classname="tests.test_emitter" name="test_recursive_on" time="0.497" /><testcase classname="tests.test_emitter" name="test_recursive_off" time="5.561" /><testcase classname="tests.test_emitter" name="test_renaming_top_level_directory" time="0.645" /><testcase classname="tests.test_emitter" name="test_renaming_top_level_directory_on_windows" time="0.023"><skipped type="pytest.skip" message="Non-Windows create another set of events for this test">/workdir/watchdog-2.2.0/tests/test_emitter.py:523: Non-Windows create another set of events for this test</skipped></testcase><testcase classname="tests.test_emitter" name="test_move_nested_subdirectories" time="0.551" /><testcase classname="tests.test_emitter" name="test_move_nested_subdirectories_on_windows" time="0.025"><skipped type="pytest.skip" message="Non-Windows create another set of events for this test">/workdir/watchdog-2.2.0/tests/test_emitter.py:606: Non-Windows create another set of events for this test</skipped></testcase><testcase classname="tests.test_emitter" name="test_file_lifecyle" time="0.487" /><testcase classname="tests.test_events" name="test_file_deleted_event" time="0.377" /><testcase classname="tests.test_events" name="test_file_delete_event_is_directory" time="0.431" /><testcase classname="tests.test_events" name="test_file_modified_event" time="0.437" /><testcase classname="tests.test_events" name="test_file_modified_event_is_directory" time="0.408" /><testcase classname="tests.test_events" name="test_file_created_event" time="0.428" /><testcase classname="tests.test_events" name="test_file_moved_event" time="0.450" /><testcase classname="tests.test_events" name="test_file_closed_event" time="0.471" /><testcase classname="tests.test_events" name="test_dir_deleted_event" time="0.342" /><testcase classname="tests.test_events" name="test_dir_modified_event" time="0.452" /><testcase classname="tests.test_events" name="test_dir_created_event" time="0.358" /><testcase classname="tests.test_events" name="test_file_system_event_handler_dispatch" time="0.446" /><testcase classname="tests.test_inotify_buffer" name="test_move_from" time="1.019" /><testcase classname="tests.test_inotify_buffer" name="test_move_to" time="0.450" /><testcase classname="tests.test_inotify_buffer" name="test_move_internal" time="0.511" /><testcase classname="tests.test_inotify_buffer" name="test_move_internal_batch" time="1.788" /><testcase classname="tests.test_inotify_buffer" name="test_delete_watched_directory" time="0.439" /><testcase classname="tests.test_inotify_buffer" name="test_unmount_watched_directory_filesystem" time="4.982"><failure message="Failed: Timeout &gt;5.0s">Traceback (most recent call last):
  File "/workdir/watchdog-2.2.0/.tox/graalpylibtest-unit-test-tests/lib/python3.10/site-packages/pluggy/_result.py", line 341, in get_result
  File "/workdir/watchdog-2.2.0/.tox/graalpylibtest-unit-test-tests/lib/python3.10/site-packages/_pytest/runner.py", line 262, in &lt;lambda&gt;
    lambda: ihook(item=item, **kwds), when=when, reraise=reraise
  File "/workdir/watchdog-2.2.0/.tox/graalpylibtest-unit-test-tests/lib/python3.10/site-packages/pluggy/_hooks.py", line 493, in __call__
    return self._hookexec(self.name, self._hookimpls, kwargs, firstresult)
  File "/workdir/watchdog-2.2.0/.tox/graalpylibtest-unit-test-tests/lib/python3.10/site-packages/pluggy/_manager.py", line 115, in _hookexec
    return self._inner_hookexec(hook_name, methods, kwargs, firstresult)
  File "/workdir/watchdog-2.2.0/.tox/graalpylibtest-unit-test-tests/lib/python3.10/site-packages/pluggy/_callers.py", line 152, in _multicall
    return outcome.get_result()
  File "/workdir/watchdog-2.2.0/.tox/graalpylibtest-unit-test-tests/lib/python3.10/site-packages/pluggy/_result.py", line 114, in get_result
    raise exc.with_traceback(exc.__traceback__)
  File "/workdir/watchdog-2.2.0/.tox/graalpylibtest-unit-test-tests/lib/python3.10/site-packages/pluggy/_callers.py", line 169, in _multicall
  File "/workdir/watchdog-2.2.0/.tox/graalpylibtest-unit-test-tests/lib/python3.10/site-packages/_pytest/python.py", line 1792, in runtest
    self.ihook.pytest_pyfunc_call(pyfuncitem=self)
  File "/workdir/watchdog-2.2.0/.tox/graalpylibtest-unit-test-tests/lib/python3.10/site-packages/pluggy/_hooks.py", line 493, in __call__
    return self._hookexec(self.name, self._hookimpls, kwargs, firstresult)
  File "/workdir/watchdog-2.2.0/.tox/graalpylibtest-unit-test-tests/lib/python3.10/site-packages/pluggy/_manager.py", line 115, in _hookexec
    return self._inner_hookexec(hook_name, methods, kwargs, firstresult)
  File "/workdir/watchdog-2.2.0/.tox/graalpylibtest-unit-test-tests/lib/python3.10/site-packages/pluggy/_callers.py", line 113, in _multicall
    raise exception.with_traceback(exception.__traceback__)
  File "/opt/graalpy/lib/python3.10/threading.py", line 320, in wait
    waiter.acquire()
  File "/workdir/watchdog-2.2.0/.tox/graalpylibtest-unit-test-tests/lib/python3.10/site-packages/pytest_timeout.py", line 264, in handler
    timeout_sigalrm(item, settings)
  File "/workdir/watchdog-2.2.0/.tox/graalpylibtest-unit-test-tests/lib/python3.10/site-packages/pytest_timeout.py", line 448, in timeout_sigalrm
    pytest.fail("Timeout &gt;%ss" % settings.timeout)
  File "/workdir/watchdog-2.2.0/.tox/graalpylibtest-unit-test-tests/lib/python3.10/site-packages/_pytest/outcomes.py", line 198, in fail
    raise Failed(msg=reason, pytrace=pytrace)
Failed: Timeout &gt;5.0s</failure></testcase><testcase classname="tests.test_inotify_buffer" name="test_unmount_watched_directory_filesystem" time="0.315"><error message="failed on teardown with &quot;exceptiongroup.ExceptionGroup: errors while tearing down &lt;Function test_unmount_watched_directory_filesystem&gt; (2 sub-exceptions)&quot;">+ Exception Group Traceback (most recent call last):
  |   File "/workdir/watchdog-2.2.0/.tox/graalpylibtest-unit-test-tests/lib/python3.10/site-packages/pluggy/_result.py", line 341, in get_result
  |   File "/workdir/watchdog-2.2.0/.tox/graalpylibtest-unit-test-tests/lib/python3.10/site-packages/_pytest/runner.py", line 262, in &lt;lambda&gt;
  |     lambda: ihook(item=item, **kwds), when=when, reraise=reraise
  |   File "/workdir/watchdog-2.2.0/.tox/graalpylibtest-unit-test-tests/lib/python3.10/site-packages/pluggy/_hooks.py", line 493, in __call__
  |     return self._hookexec(self.name, self._hookimpls, kwargs, firstresult)
  |   File "/workdir/watchdog-2.2.0/.tox/graalpylibtest-unit-test-tests/lib/python3.10/site-packages/pluggy/_manager.py", line 115, in _hookexec
  |     return self._inner_hookexec(hook_name, methods, kwargs, firstresult)
  |   File "/workdir/watchdog-2.2.0/.tox/graalpylibtest-unit-test-tests/lib/python3.10/site-packages/pluggy/_callers.py", line 152, in _multicall
  |     return outcome.get_result()
  |   File "/workdir/watchdog-2.2.0/.tox/graalpylibtest-unit-test-tests/lib/python3.10/site-packages/pluggy/_result.py", line 114, in get_result
  |     raise exc.with_traceback(exc.__traceback__)
  |   File "/workdir/watchdog-2.2.0/.tox/graalpylibtest-unit-test-tests/lib/python3.10/site-packages/_pytest/runner.py", line 77, in teardown_exact
  |     tr = terminalreporter
  |   File "/workdir/watchdog-2.2.0/.tox/graalpylibtest-unit-test-tests/lib/python3.10/site-packages/_pytest/runner.py", line 182, in pytest_runtest_teardown
  |     item.session._setupstate.teardown_exact(nextitem)
  |   File "/workdir/watchdog-2.2.0/.tox/graalpylibtest-unit-test-tests/lib/python3.10/site-packages/_pytest/runner.py", line 537, in teardown_exact
  |     raise exceptions[0]
  | exceptiongroup.ExceptionGroup: errors while tearing down &lt;Function test_unmount_watched_directory_filesystem&gt; (2 sub-exceptions)
  +-+---------------- 1 ----------------
    | Traceback (most recent call last):
    |   File "/workdir/watchdog-2.2.0/.tox/graalpylibtest-unit-test-tests/lib/python3.10/site-packages/_pytest/fixtures.py", line 1031, in finish
    |     raise exc
    |   File "/workdir/watchdog-2.2.0/tests/conftest.py", line 911, in no_thread_leaks
    |   File "/workdir/watchdog-2.2.0/tests/conftest.py", line 34, in no_thread_leaks
    |     assert threading.active_count() == old_thread_count  # Only previously existing threads
    | AssertionError
    +---------------- 2 ----------------
    | Traceback (most recent call last):
    |   File "/workdir/watchdog-2.2.0/.tox/graalpylibtest-unit-test-tests/lib/python3.10/site-packages/_pytest/fixtures.py", line 1031, in finish
    |     raise exc
    |   File "/workdir/watchdog-2.2.0/tests/conftest.py", line 911, in no_warnings
    |   File "/workdir/watchdog-2.2.0/tests/conftest.py", line 56, in no_warnings
    |     assert not warnings
    | AssertionError
    +------------------------------------</error></testcase><testcase classname="tests.test_inotify_buffer" name="test_close_should_terminate_thread[InotifyBuffer]" time="0.482" /><testcase classname="tests.test_inotify_buffer" name="test_close_should_terminate_thread[InotifyBufferDelayedRead]" time="2.015" /><testcase classname="tests.test_inotify_c" name="test_late_double_deletion" time="0.647" /><testcase classname="tests.test_inotify_c" name="test_raise_error[28-patterns0]" time="0.468" /><testcase classname="tests.test_inotify_c" name="test_raise_error[24-patterns1]" time="0.443" /><testcase classname="tests.test_inotify_c" name="test_raise_error[2-patterns2]" time="0.668" /><testcase classname="tests.test_inotify_c" name="test_raise_error[-1-patterns3]" time="0.496" /><testcase classname="tests.test_inotify_c" name="test_non_ascii_path" time="0.522" /><testcase classname="tests.test_inotify_c" name="test_watch_file" time="0.616" /><testcase classname="tests.test_inotify_c" name="test_event_equality" time="0.518" /><testcase classname="tests.test_logging_event_handler" name="test_logging_event_handler_dispatch" time="0.437" /><testcase classname="tests.test_observer" name="test_schedule_should_start_emitter_if_running" time="4.009" /><testcase classname="tests.test_observer" name="test_schedule_should_not_start_emitter_if_not_running" time="0.455" /><testcase classname="tests.test_observer" name="test_start_should_start_emitter" time="4.662" /><testcase classname="tests.test_observer" name="test_stop_should_stop_emitter" time="2.160" /><testcase classname="tests.test_observer" name="test_unschedule_self" time="2.059" /><testcase classname="tests.test_observer" name="test_schedule_after_unschedule_all" time="3.394" /><testcase classname="tests.test_observer" name="test_2_observers_on_the_same_path" time="0.577" /><testcase classname="tests.test_observer" name="test_start_failure_should_not_prevent_further_try" time="1.932" /><testcase classname="tests.test_observer" name="test_schedule_failure_should_not_prevent_future_schedules" time="1.141" /><testcase classname="tests.test_observers_api" name="test_observer_constructor" time="0.405" /><testcase classname="tests.test_observers_api" name="test_observer__eq__" time="0.419" /><testcase classname="tests.test_observers_api" name="test_observer__ne__" time="0.488" /><testcase classname="tests.test_observers_api" name="test_observer__repr__" time="0.383" /><testcase classname="tests.test_observers_api" name="test_event_emitter" time="0.388" /><testcase classname="tests.test_observers_api" name="test_event_dispatcher" time="7.051" /><testcase classname="tests.test_observers_api" name="test_observer_basic" time="5.903" /><testcase classname="tests.test_observers_polling" name="test___init__" time="5.709" /><testcase classname="tests.test_observers_polling" name="test_delete_watched_dir" time="0.839" /><testcase classname="tests.test_pattern_matching_event_handler" name="test_dispatch" time="0.634" /><testcase classname="tests.test_pattern_matching_event_handler" name="test_handler" time="0.416" /><testcase classname="tests.test_pattern_matching_event_handler" name="test_ignore_directories" time="0.685" /><testcase classname="tests.test_pattern_matching_event_handler" name="test_ignore_patterns" time="0.494" /><testcase classname="tests.test_pattern_matching_event_handler" name="test_patterns" time="0.554" /><testcase classname="tests.test_patterns" name="test_match_path[/users/gorakhargosh/foobar.py-included_patterns0-excluded_patterns0-True-True]" time="0.445" /><testcase classname="tests.test_patterns" name="test_match_path[/users/gorakhargosh/foobar.py-included_patterns1-excluded_patterns1-True-True]" time="0.477" /><testcase classname="tests.test_patterns" name="test_match_path[/users/gorakhargosh/-included_patterns2-excluded_patterns2-False-False]" time="0.442" /><testcase classname="tests.test_patterns" name="test_match_path[/users/gorakhargosh/foobar.py-included_patterns3-excluded_patterns3-False-ValueError]" time="0.647" /><testcase classname="tests.test_patterns" name="test_filter_paths[None-None-True-None]" time="0.415" /><testcase classname="tests.test_patterns" name="test_filter_paths[None-None-False-None]" time="0.451" /><testcase classname="tests.test_patterns" name="test_filter_paths[included_patterns2-excluded_patterns2-True-expected2]" time="0.471" /><testcase classname="tests.test_patterns" name="test_match_any_paths[None-None-True-True]" time="0.449" /><testcase classname="tests.test_patterns" name="test_match_any_paths[None-None-False-True]" time="0.497" /><testcase classname="tests.test_patterns" name="test_match_any_paths[included_patterns2-excluded_patterns2-True-True]" time="0.463" /><testcase classname="tests.test_patterns" name="test_match_any_paths[included_patterns3-None-False-False]" time="0.555" /><testcase classname="tests.test_patterns" name="test_match_any_paths[included_patterns4-None-True-False]" time="0.435" /><testcase classname="tests.test_regex_matching_event_handler" name="test_dispatch" time="0.530" /><testcase classname="tests.test_regex_matching_event_handler" name="test_handler" time="0.378" /><testcase classname="tests.test_regex_matching_event_handler" name="test_ignore_directories" time="0.454" /><testcase classname="tests.test_regex_matching_event_handler" name="test_ignore_regexes" time="0.401" /><testcase classname="tests.test_regex_matching_event_handler" name="test_regexes" time="0.395" /><testcase classname="tests.test_regex_matching_event_handler" name="test_str_regexes" time="0.422" /><testcase classname="tests.test_regex_matching_event_handler" name="test_logging_event_handler_dispatch" time="0.413" /><testcase classname="tests.test_skip_repeats_queue" name="test_basic_queue" time="0.403" /><testcase classname="tests.test_skip_repeats_queue" name="test_allow_nonconsecutive" time="0.399" /><testcase classname="tests.test_skip_repeats_queue" name="test_put_with_watchdog_events" time="0.373" /><testcase classname="tests.test_skip_repeats_queue" name="test_prevent_consecutive" time="0.477" /><testcase classname="tests.test_skip_repeats_queue" name="test_consecutives_allowed_across_empties" time="0.380" /><testcase classname="tests.test_skip_repeats_queue" name="test_eventlet_monkey_patching" time="0.025"><skipped type="pytest.skip" message="CPython only.">/workdir/watchdog-2.2.0/tests/test_skip_repeats_queue.py:106: CPython only.</skipped></testcase><testcase classname="tests.test_snapshot_diff" name="test_pickle" time="0.455" /><testcase classname="tests.test_snapshot_diff" name="test_move_to" time="0.503" /><testcase classname="tests.test_snapshot_diff" name="test_move_from" time="0.448" /><testcase classname="tests.test_snapshot_diff" name="test_move_internal" time="0.493" /><testcase classname="tests.test_snapshot_diff" name="test_move_replace" time="0.458" /><testcase classname="tests.test_snapshot_diff" name="test_dir_modify_on_create" time="0.987" /><testcase classname="tests.test_snapshot_diff" name="test_dir_modify_on_move" time="0.937" /><testcase classname="tests.test_snapshot_diff" name="test_detect_modify_for_moved_files" time="0.953" /><testcase classname="tests.test_snapshot_diff" name="test_replace_dir_with_file" time="0.412" /><testcase classname="tests.test_snapshot_diff" name="test_permission_error" time="0.435" /><testcase classname="tests.test_snapshot_diff" name="test_ignore_device" time="0.930" /><testcase classname="tests.test_snapshot_diff" name="test_empty_snapshot" time="0.440" /></testsuite></testsuites>