<?xml version="1.0" encoding="utf-8"?><testsuites><testsuite name="pytest" errors="6" failures="0" skipped="0" tests="6" time="0.475" timestamp="2023-11-22T05:38:58.004231" hostname="80ac3eb7f7f2"><testcase classname="" name="tests.text_test" time="0.000"><error message="collection failure">ImportError while importing test module '/workdir/Keras-Preprocessing-1.1.2/tests/text_test.py'.
Hint: make sure your test modules/packages have valid Python names.
Traceback:
/usr/local/lib/python3.10/importlib/__init__.py:126: in import_module
    return _bootstrap._gcd_import(name[level:], package, level)
tests/text_test.py:5: in &lt;module&gt;
    from tensorflow import keras
E   ModuleNotFoundError: No module named 'tensorflow'</error></testcase><testcase classname="" name="tests.image.dataframe_iterator_test" time="0.000"><error message="collection failure">ImportError while importing test module '/workdir/Keras-Preprocessing-1.1.2/tests/image/dataframe_iterator_test.py'.
Hint: make sure your test modules/packages have valid Python names.
Traceback:
/usr/local/lib/python3.10/importlib/__init__.py:126: in import_module
    return _bootstrap._gcd_import(name[level:], package, level)
tests/image/dataframe_iterator_test.py:6: in &lt;module&gt;
    import pandas as pd
E   ModuleNotFoundError: No module named 'pandas'</error></testcase><testcase classname="" name="tests.image.directory_iterator_test" time="0.000"><error message="collection failure">ImportError while importing test module '/workdir/Keras-Preprocessing-1.1.2/tests/image/directory_iterator_test.py'.
Hint: make sure your test modules/packages have valid Python names.
Traceback:
/usr/local/lib/python3.10/importlib/__init__.py:126: in import_module
    return _bootstrap._gcd_import(name[level:], package, level)
tests/image/directory_iterator_test.py:8: in &lt;module&gt;
    from PIL import Image
E   ModuleNotFoundError: No module named 'PIL'</error></testcase><testcase classname="" name="tests.image.image_data_generator_test" time="0.000"><error message="collection failure">ImportError while importing test module '/workdir/Keras-Preprocessing-1.1.2/tests/image/image_data_generator_test.py'.
Hint: make sure your test modules/packages have valid Python names.
Traceback:
/usr/local/lib/python3.10/importlib/__init__.py:126: in import_module
    return _bootstrap._gcd_import(name[level:], package, level)
tests/image/image_data_generator_test.py:4: in &lt;module&gt;
    from PIL import Image
E   ModuleNotFoundError: No module named 'PIL'</error></testcase><testcase classname="" name="tests.image.numpy_array_iterator_test" time="0.000"><error message="collection failure">ImportError while importing test module '/workdir/Keras-Preprocessing-1.1.2/tests/image/numpy_array_iterator_test.py'.
Hint: make sure your test modules/packages have valid Python names.
Traceback:
/usr/local/lib/python3.10/importlib/__init__.py:126: in import_module
    return _bootstrap._gcd_import(name[level:], package, level)
tests/image/numpy_array_iterator_test.py:4: in &lt;module&gt;
    from PIL import Image
E   ModuleNotFoundError: No module named 'PIL'</error></testcase><testcase classname="" name="tests.image.utils_test" time="0.000"><error message="collection failure">ImportError while importing test module '/workdir/Keras-Preprocessing-1.1.2/tests/image/utils_test.py'.
Hint: make sure your test modules/packages have valid Python names.
Traceback:
/usr/local/lib/python3.10/importlib/__init__.py:126: in import_module
    return _bootstrap._gcd_import(name[level:], package, level)
tests/image/utils_test.py:4: in &lt;module&gt;
    import PIL
E   ModuleNotFoundError: No module named 'PIL'</error></testcase></testsuite></testsuites>