<?xml version="1.0" encoding="utf-8"?><testsuites><testsuite name="pytest" errors="17" failures="0" skipped="0" tests="17" time="0.919" timestamp="2023-11-29T04:10:57.758837" hostname="a1f8948d47fc"><testcase classname="" name="requests.__version__" time="0.000"><error message="collection failure">Traceback (most recent call last):
  File "/workdir/requests-2.28.1/.tox/cpythonlibtest-unit-test-tests/lib/python3.10/site-packages/_pytest/runner.py", line 311, in from_call
    result: Optional[TResult] = func()
  File "/workdir/requests-2.28.1/.tox/cpythonlibtest-unit-test-tests/lib/python3.10/site-packages/_pytest/runner.py", line 341, in &lt;lambda&gt;
    call = CallInfo.from_call(lambda: list(collector.collect()), "collect")
  File "/workdir/requests-2.28.1/.tox/cpythonlibtest-unit-test-tests/lib/python3.10/site-packages/_pytest/doctest.py", line 532, in collect
    module = import_path(self.fspath)
  File "/workdir/requests-2.28.1/.tox/cpythonlibtest-unit-test-tests/lib/python3.10/site-packages/_pytest/pathlib.py", line 544, in import_path
    raise ImportPathMismatchError(module_name, module_file, path)
_pytest.pathlib.ImportPathMismatchError: ('requests.__version__', '/workdir/requests-2.28.1/.tox/cpythonlibtest-unit-test-tests/lib/python3.10/site-packages/requests/__version__.py', PosixPath('/workdir/requests-2.28.1/requests/__version__.py'))</error></testcase><testcase classname="" name="requests._internal_utils" time="0.000"><error message="collection failure">Traceback (most recent call last):
  File "/workdir/requests-2.28.1/.tox/cpythonlibtest-unit-test-tests/lib/python3.10/site-packages/_pytest/runner.py", line 311, in from_call
    result: Optional[TResult] = func()
  File "/workdir/requests-2.28.1/.tox/cpythonlibtest-unit-test-tests/lib/python3.10/site-packages/_pytest/runner.py", line 341, in &lt;lambda&gt;
    call = CallInfo.from_call(lambda: list(collector.collect()), "collect")
  File "/workdir/requests-2.28.1/.tox/cpythonlibtest-unit-test-tests/lib/python3.10/site-packages/_pytest/doctest.py", line 532, in collect
    module = import_path(self.fspath)
  File "/workdir/requests-2.28.1/.tox/cpythonlibtest-unit-test-tests/lib/python3.10/site-packages/_pytest/pathlib.py", line 544, in import_path
    raise ImportPathMismatchError(module_name, module_file, path)
_pytest.pathlib.ImportPathMismatchError: ('requests._internal_utils', '/workdir/requests-2.28.1/.tox/cpythonlibtest-unit-test-tests/lib/python3.10/site-packages/requests/_internal_utils.py', PosixPath('/workdir/requests-2.28.1/requests/_internal_utils.py'))</error></testcase><testcase classname="" name="requests.adapters" time="0.000"><error message="collection failure">Traceback (most recent call last):
  File "/workdir/requests-2.28.1/.tox/cpythonlibtest-unit-test-tests/lib/python3.10/site-packages/_pytest/runner.py", line 311, in from_call
    result: Optional[TResult] = func()
  File "/workdir/requests-2.28.1/.tox/cpythonlibtest-unit-test-tests/lib/python3.10/site-packages/_pytest/runner.py", line 341, in &lt;lambda&gt;
    call = CallInfo.from_call(lambda: list(collector.collect()), "collect")
  File "/workdir/requests-2.28.1/.tox/cpythonlibtest-unit-test-tests/lib/python3.10/site-packages/_pytest/doctest.py", line 532, in collect
    module = import_path(self.fspath)
  File "/workdir/requests-2.28.1/.tox/cpythonlibtest-unit-test-tests/lib/python3.10/site-packages/_pytest/pathlib.py", line 544, in import_path
    raise ImportPathMismatchError(module_name, module_file, path)
_pytest.pathlib.ImportPathMismatchError: ('requests.adapters', '/workdir/requests-2.28.1/.tox/cpythonlibtest-unit-test-tests/lib/python3.10/site-packages/requests/adapters.py', PosixPath('/workdir/requests-2.28.1/requests/adapters.py'))</error></testcase><testcase classname="" name="requests.api" time="0.000"><error message="collection failure">Traceback (most recent call last):
  File "/workdir/requests-2.28.1/.tox/cpythonlibtest-unit-test-tests/lib/python3.10/site-packages/_pytest/runner.py", line 311, in from_call
    result: Optional[TResult] = func()
  File "/workdir/requests-2.28.1/.tox/cpythonlibtest-unit-test-tests/lib/python3.10/site-packages/_pytest/runner.py", line 341, in &lt;lambda&gt;
    call = CallInfo.from_call(lambda: list(collector.collect()), "collect")
  File "/workdir/requests-2.28.1/.tox/cpythonlibtest-unit-test-tests/lib/python3.10/site-packages/_pytest/doctest.py", line 532, in collect
    module = import_path(self.fspath)
  File "/workdir/requests-2.28.1/.tox/cpythonlibtest-unit-test-tests/lib/python3.10/site-packages/_pytest/pathlib.py", line 544, in import_path
    raise ImportPathMismatchError(module_name, module_file, path)
_pytest.pathlib.ImportPathMismatchError: ('requests.api', '/workdir/requests-2.28.1/.tox/cpythonlibtest-unit-test-tests/lib/python3.10/site-packages/requests/api.py', PosixPath('/workdir/requests-2.28.1/requests/api.py'))</error></testcase><testcase classname="" name="requests.auth" time="0.000"><error message="collection failure">Traceback (most recent call last):
  File "/workdir/requests-2.28.1/.tox/cpythonlibtest-unit-test-tests/lib/python3.10/site-packages/_pytest/runner.py", line 311, in from_call
    result: Optional[TResult] = func()
  File "/workdir/requests-2.28.1/.tox/cpythonlibtest-unit-test-tests/lib/python3.10/site-packages/_pytest/runner.py", line 341, in &lt;lambda&gt;
    call = CallInfo.from_call(lambda: list(collector.collect()), "collect")
  File "/workdir/requests-2.28.1/.tox/cpythonlibtest-unit-test-tests/lib/python3.10/site-packages/_pytest/doctest.py", line 532, in collect
    module = import_path(self.fspath)
  File "/workdir/requests-2.28.1/.tox/cpythonlibtest-unit-test-tests/lib/python3.10/site-packages/_pytest/pathlib.py", line 544, in import_path
    raise ImportPathMismatchError(module_name, module_file, path)
_pytest.pathlib.ImportPathMismatchError: ('requests.auth', '/workdir/requests-2.28.1/.tox/cpythonlibtest-unit-test-tests/lib/python3.10/site-packages/requests/auth.py', PosixPath('/workdir/requests-2.28.1/requests/auth.py'))</error></testcase><testcase classname="" name="requests.certs" time="0.000"><error message="collection failure">Traceback (most recent call last):
  File "/workdir/requests-2.28.1/.tox/cpythonlibtest-unit-test-tests/lib/python3.10/site-packages/_pytest/runner.py", line 311, in from_call
    result: Optional[TResult] = func()
  File "/workdir/requests-2.28.1/.tox/cpythonlibtest-unit-test-tests/lib/python3.10/site-packages/_pytest/runner.py", line 341, in &lt;lambda&gt;
    call = CallInfo.from_call(lambda: list(collector.collect()), "collect")
  File "/workdir/requests-2.28.1/.tox/cpythonlibtest-unit-test-tests/lib/python3.10/site-packages/_pytest/doctest.py", line 532, in collect
    module = import_path(self.fspath)
  File "/workdir/requests-2.28.1/.tox/cpythonlibtest-unit-test-tests/lib/python3.10/site-packages/_pytest/pathlib.py", line 544, in import_path
    raise ImportPathMismatchError(module_name, module_file, path)
_pytest.pathlib.ImportPathMismatchError: ('requests.certs', '/workdir/requests-2.28.1/.tox/cpythonlibtest-unit-test-tests/lib/python3.10/site-packages/requests/certs.py', PosixPath('/workdir/requests-2.28.1/requests/certs.py'))</error></testcase><testcase classname="" name="requests.compat" time="0.000"><error message="collection failure">Traceback (most recent call last):
  File "/workdir/requests-2.28.1/.tox/cpythonlibtest-unit-test-tests/lib/python3.10/site-packages/_pytest/runner.py", line 311, in from_call
    result: Optional[TResult] = func()
  File "/workdir/requests-2.28.1/.tox/cpythonlibtest-unit-test-tests/lib/python3.10/site-packages/_pytest/runner.py", line 341, in &lt;lambda&gt;
    call = CallInfo.from_call(lambda: list(collector.collect()), "collect")
  File "/workdir/requests-2.28.1/.tox/cpythonlibtest-unit-test-tests/lib/python3.10/site-packages/_pytest/doctest.py", line 532, in collect
    module = import_path(self.fspath)
  File "/workdir/requests-2.28.1/.tox/cpythonlibtest-unit-test-tests/lib/python3.10/site-packages/_pytest/pathlib.py", line 544, in import_path
    raise ImportPathMismatchError(module_name, module_file, path)
_pytest.pathlib.ImportPathMismatchError: ('requests.compat', '/workdir/requests-2.28.1/.tox/cpythonlibtest-unit-test-tests/lib/python3.10/site-packages/requests/compat.py', PosixPath('/workdir/requests-2.28.1/requests/compat.py'))</error></testcase><testcase classname="" name="requests.cookies" time="0.000"><error message="collection failure">Traceback (most recent call last):
  File "/workdir/requests-2.28.1/.tox/cpythonlibtest-unit-test-tests/lib/python3.10/site-packages/_pytest/runner.py", line 311, in from_call
    result: Optional[TResult] = func()
  File "/workdir/requests-2.28.1/.tox/cpythonlibtest-unit-test-tests/lib/python3.10/site-packages/_pytest/runner.py", line 341, in &lt;lambda&gt;
    call = CallInfo.from_call(lambda: list(collector.collect()), "collect")
  File "/workdir/requests-2.28.1/.tox/cpythonlibtest-unit-test-tests/lib/python3.10/site-packages/_pytest/doctest.py", line 532, in collect
    module = import_path(self.fspath)
  File "/workdir/requests-2.28.1/.tox/cpythonlibtest-unit-test-tests/lib/python3.10/site-packages/_pytest/pathlib.py", line 544, in import_path
    raise ImportPathMismatchError(module_name, module_file, path)
_pytest.pathlib.ImportPathMismatchError: ('requests.cookies', '/workdir/requests-2.28.1/.tox/cpythonlibtest-unit-test-tests/lib/python3.10/site-packages/requests/cookies.py', PosixPath('/workdir/requests-2.28.1/requests/cookies.py'))</error></testcase><testcase classname="" name="requests.exceptions" time="0.000"><error message="collection failure">Traceback (most recent call last):
  File "/workdir/requests-2.28.1/.tox/cpythonlibtest-unit-test-tests/lib/python3.10/site-packages/_pytest/runner.py", line 311, in from_call
    result: Optional[TResult] = func()
  File "/workdir/requests-2.28.1/.tox/cpythonlibtest-unit-test-tests/lib/python3.10/site-packages/_pytest/runner.py", line 341, in &lt;lambda&gt;
    call = CallInfo.from_call(lambda: list(collector.collect()), "collect")
  File "/workdir/requests-2.28.1/.tox/cpythonlibtest-unit-test-tests/lib/python3.10/site-packages/_pytest/doctest.py", line 532, in collect
    module = import_path(self.fspath)
  File "/workdir/requests-2.28.1/.tox/cpythonlibtest-unit-test-tests/lib/python3.10/site-packages/_pytest/pathlib.py", line 544, in import_path
    raise ImportPathMismatchError(module_name, module_file, path)
_pytest.pathlib.ImportPathMismatchError: ('requests.exceptions', '/workdir/requests-2.28.1/.tox/cpythonlibtest-unit-test-tests/lib/python3.10/site-packages/requests/exceptions.py', PosixPath('/workdir/requests-2.28.1/requests/exceptions.py'))</error></testcase><testcase classname="" name="requests.help" time="0.000"><error message="collection failure">Traceback (most recent call last):
  File "/workdir/requests-2.28.1/.tox/cpythonlibtest-unit-test-tests/lib/python3.10/site-packages/_pytest/runner.py", line 311, in from_call
    result: Optional[TResult] = func()
  File "/workdir/requests-2.28.1/.tox/cpythonlibtest-unit-test-tests/lib/python3.10/site-packages/_pytest/runner.py", line 341, in &lt;lambda&gt;
    call = CallInfo.from_call(lambda: list(collector.collect()), "collect")
  File "/workdir/requests-2.28.1/.tox/cpythonlibtest-unit-test-tests/lib/python3.10/site-packages/_pytest/doctest.py", line 532, in collect
    module = import_path(self.fspath)
  File "/workdir/requests-2.28.1/.tox/cpythonlibtest-unit-test-tests/lib/python3.10/site-packages/_pytest/pathlib.py", line 544, in import_path
    raise ImportPathMismatchError(module_name, module_file, path)
_pytest.pathlib.ImportPathMismatchError: ('requests.help', '/workdir/requests-2.28.1/.tox/cpythonlibtest-unit-test-tests/lib/python3.10/site-packages/requests/help.py', PosixPath('/workdir/requests-2.28.1/requests/help.py'))</error></testcase><testcase classname="" name="requests.hooks" time="0.000"><error message="collection failure">Traceback (most recent call last):
  File "/workdir/requests-2.28.1/.tox/cpythonlibtest-unit-test-tests/lib/python3.10/site-packages/_pytest/runner.py", line 311, in from_call
    result: Optional[TResult] = func()
  File "/workdir/requests-2.28.1/.tox/cpythonlibtest-unit-test-tests/lib/python3.10/site-packages/_pytest/runner.py", line 341, in &lt;lambda&gt;
    call = CallInfo.from_call(lambda: list(collector.collect()), "collect")
  File "/workdir/requests-2.28.1/.tox/cpythonlibtest-unit-test-tests/lib/python3.10/site-packages/_pytest/doctest.py", line 532, in collect
    module = import_path(self.fspath)
  File "/workdir/requests-2.28.1/.tox/cpythonlibtest-unit-test-tests/lib/python3.10/site-packages/_pytest/pathlib.py", line 544, in import_path
    raise ImportPathMismatchError(module_name, module_file, path)
_pytest.pathlib.ImportPathMismatchError: ('requests.hooks', '/workdir/requests-2.28.1/.tox/cpythonlibtest-unit-test-tests/lib/python3.10/site-packages/requests/hooks.py', PosixPath('/workdir/requests-2.28.1/requests/hooks.py'))</error></testcase><testcase classname="" name="requests.models" time="0.000"><error message="collection failure">Traceback (most recent call last):
  File "/workdir/requests-2.28.1/.tox/cpythonlibtest-unit-test-tests/lib/python3.10/site-packages/_pytest/runner.py", line 311, in from_call
    result: Optional[TResult] = func()
  File "/workdir/requests-2.28.1/.tox/cpythonlibtest-unit-test-tests/lib/python3.10/site-packages/_pytest/runner.py", line 341, in &lt;lambda&gt;
    call = CallInfo.from_call(lambda: list(collector.collect()), "collect")
  File "/workdir/requests-2.28.1/.tox/cpythonlibtest-unit-test-tests/lib/python3.10/site-packages/_pytest/doctest.py", line 532, in collect
    module = import_path(self.fspath)
  File "/workdir/requests-2.28.1/.tox/cpythonlibtest-unit-test-tests/lib/python3.10/site-packages/_pytest/pathlib.py", line 544, in import_path
    raise ImportPathMismatchError(module_name, module_file, path)
_pytest.pathlib.ImportPathMismatchError: ('requests.models', '/workdir/requests-2.28.1/.tox/cpythonlibtest-unit-test-tests/lib/python3.10/site-packages/requests/models.py', PosixPath('/workdir/requests-2.28.1/requests/models.py'))</error></testcase><testcase classname="" name="requests.packages" time="0.000"><error message="collection failure">Traceback (most recent call last):
  File "/workdir/requests-2.28.1/.tox/cpythonlibtest-unit-test-tests/lib/python3.10/site-packages/_pytest/runner.py", line 311, in from_call
    result: Optional[TResult] = func()
  File "/workdir/requests-2.28.1/.tox/cpythonlibtest-unit-test-tests/lib/python3.10/site-packages/_pytest/runner.py", line 341, in &lt;lambda&gt;
    call = CallInfo.from_call(lambda: list(collector.collect()), "collect")
  File "/workdir/requests-2.28.1/.tox/cpythonlibtest-unit-test-tests/lib/python3.10/site-packages/_pytest/doctest.py", line 532, in collect
    module = import_path(self.fspath)
  File "/workdir/requests-2.28.1/.tox/cpythonlibtest-unit-test-tests/lib/python3.10/site-packages/_pytest/pathlib.py", line 544, in import_path
    raise ImportPathMismatchError(module_name, module_file, path)
_pytest.pathlib.ImportPathMismatchError: ('requests.packages', '/workdir/requests-2.28.1/.tox/cpythonlibtest-unit-test-tests/lib/python3.10/site-packages/requests/packages.py', PosixPath('/workdir/requests-2.28.1/requests/packages.py'))</error></testcase><testcase classname="" name="requests.sessions" time="0.000"><error message="collection failure">Traceback (most recent call last):
  File "/workdir/requests-2.28.1/.tox/cpythonlibtest-unit-test-tests/lib/python3.10/site-packages/_pytest/runner.py", line 311, in from_call
    result: Optional[TResult] = func()
  File "/workdir/requests-2.28.1/.tox/cpythonlibtest-unit-test-tests/lib/python3.10/site-packages/_pytest/runner.py", line 341, in &lt;lambda&gt;
    call = CallInfo.from_call(lambda: list(collector.collect()), "collect")
  File "/workdir/requests-2.28.1/.tox/cpythonlibtest-unit-test-tests/lib/python3.10/site-packages/_pytest/doctest.py", line 532, in collect
    module = import_path(self.fspath)
  File "/workdir/requests-2.28.1/.tox/cpythonlibtest-unit-test-tests/lib/python3.10/site-packages/_pytest/pathlib.py", line 544, in import_path
    raise ImportPathMismatchError(module_name, module_file, path)
_pytest.pathlib.ImportPathMismatchError: ('requests.sessions', '/workdir/requests-2.28.1/.tox/cpythonlibtest-unit-test-tests/lib/python3.10/site-packages/requests/sessions.py', PosixPath('/workdir/requests-2.28.1/requests/sessions.py'))</error></testcase><testcase classname="" name="requests.status_codes" time="0.000"><error message="collection failure">Traceback (most recent call last):
  File "/workdir/requests-2.28.1/.tox/cpythonlibtest-unit-test-tests/lib/python3.10/site-packages/_pytest/runner.py", line 311, in from_call
    result: Optional[TResult] = func()
  File "/workdir/requests-2.28.1/.tox/cpythonlibtest-unit-test-tests/lib/python3.10/site-packages/_pytest/runner.py", line 341, in &lt;lambda&gt;
    call = CallInfo.from_call(lambda: list(collector.collect()), "collect")
  File "/workdir/requests-2.28.1/.tox/cpythonlibtest-unit-test-tests/lib/python3.10/site-packages/_pytest/doctest.py", line 532, in collect
    module = import_path(self.fspath)
  File "/workdir/requests-2.28.1/.tox/cpythonlibtest-unit-test-tests/lib/python3.10/site-packages/_pytest/pathlib.py", line 544, in import_path
    raise ImportPathMismatchError(module_name, module_file, path)
_pytest.pathlib.ImportPathMismatchError: ('requests.status_codes', '/workdir/requests-2.28.1/.tox/cpythonlibtest-unit-test-tests/lib/python3.10/site-packages/requests/status_codes.py', PosixPath('/workdir/requests-2.28.1/requests/status_codes.py'))</error></testcase><testcase classname="" name="requests.structures" time="0.000"><error message="collection failure">Traceback (most recent call last):
  File "/workdir/requests-2.28.1/.tox/cpythonlibtest-unit-test-tests/lib/python3.10/site-packages/_pytest/runner.py", line 311, in from_call
    result: Optional[TResult] = func()
  File "/workdir/requests-2.28.1/.tox/cpythonlibtest-unit-test-tests/lib/python3.10/site-packages/_pytest/runner.py", line 341, in &lt;lambda&gt;
    call = CallInfo.from_call(lambda: list(collector.collect()), "collect")
  File "/workdir/requests-2.28.1/.tox/cpythonlibtest-unit-test-tests/lib/python3.10/site-packages/_pytest/doctest.py", line 532, in collect
    module = import_path(self.fspath)
  File "/workdir/requests-2.28.1/.tox/cpythonlibtest-unit-test-tests/lib/python3.10/site-packages/_pytest/pathlib.py", line 544, in import_path
    raise ImportPathMismatchError(module_name, module_file, path)
_pytest.pathlib.ImportPathMismatchError: ('requests.structures', '/workdir/requests-2.28.1/.tox/cpythonlibtest-unit-test-tests/lib/python3.10/site-packages/requests/structures.py', PosixPath('/workdir/requests-2.28.1/requests/structures.py'))</error></testcase><testcase classname="" name="requests.utils" time="0.000"><error message="collection failure">Traceback (most recent call last):
  File "/workdir/requests-2.28.1/.tox/cpythonlibtest-unit-test-tests/lib/python3.10/site-packages/_pytest/runner.py", line 311, in from_call
    result: Optional[TResult] = func()
  File "/workdir/requests-2.28.1/.tox/cpythonlibtest-unit-test-tests/lib/python3.10/site-packages/_pytest/runner.py", line 341, in &lt;lambda&gt;
    call = CallInfo.from_call(lambda: list(collector.collect()), "collect")
  File "/workdir/requests-2.28.1/.tox/cpythonlibtest-unit-test-tests/lib/python3.10/site-packages/_pytest/doctest.py", line 532, in collect
    module = import_path(self.fspath)
  File "/workdir/requests-2.28.1/.tox/cpythonlibtest-unit-test-tests/lib/python3.10/site-packages/_pytest/pathlib.py", line 544, in import_path
    raise ImportPathMismatchError(module_name, module_file, path)
_pytest.pathlib.ImportPathMismatchError: ('requests.utils', '/workdir/requests-2.28.1/.tox/cpythonlibtest-unit-test-tests/lib/python3.10/site-packages/requests/utils.py', PosixPath('/workdir/requests-2.28.1/requests/utils.py'))</error></testcase></testsuite></testsuites>