GLOB sdist-make: /workdir/requests-2.28.1/setup.py
cpythonlibtest-unit-test-tests create: /workdir/requests-2.28.1/.tox/cpythonlibtest-unit-test-tests
cpythonlibtest-unit-test-tests installdeps: mock, pytest, -rrequirements-dev.txt
cpythonlibtest-unit-test-tests inst: /workdir/requests-2.28.1/.tox/.tmp/package/1/requests-2.28.1.zip
cpythonlibtest-unit-test-tests installed: attrs==23.1.0,blinker==1.7.0,brotlipy==0.7.0,certifi==2023.11.17,cffi==1.16.0,charset-normalizer==2.1.1,click==7.1.2,coverage==7.3.2,cryptography==41.0.7,decorator==5.1.1,Flask==1.1.4,httpbin==0.7.0,idna==3.6,iniconfig==2.0.0,itsdangerous==1.1.0,Jinja2==2.11.3,MarkupSafe==2.0.1,mock==5.1.0,packaging==23.2,pluggy==1.3.0,py==1.11.0,pycparser==2.21,PySocks==1.7.1,pytest==6.2.5,pytest-cov==4.1.0,pytest-httpbin==1.0.0,pytest-mock==2.0.0,raven==6.10.0,requests @ file:///workdir/requests-2.28.1/.tox/.tmp/package/1/requests-2.28.1.zip#sha256=c3b892841a8497bc037f22754c46ef5a930b502c8a8cb35274dc46e24b9716de,six==1.16.0,toml==0.10.2,tomli==2.0.1,trustme==1.1.0,urllib3==1.26.18,Werkzeug==1.0.1
cpythonlibtest-unit-test-tests run-test-pre: PYTHONHASHSEED='3194551476'
cpythonlibtest-unit-test-tests run-test: commands[0] | pytest -v --tb=native --junitxml /workdir/results/requests/2.28.1/1/cpython-test-results.xml
============================= test session starts ==============================
platform linux -- Python 3.10.8, pytest-6.2.5, py-1.11.0, pluggy-1.3.0 -- /workdir/requests-2.28.1/.tox/cpythonlibtest-unit-test-tests/bin/python
cachedir: .tox/cpythonlibtest-unit-test-tests/.pytest_cache
rootdir: /workdir/requests-2.28.1, configfile: pyproject.toml, testpaths: requests, tests
plugins: httpbin-1.0.0, mock-2.0.0, cov-4.1.0
collecting ... collected 594 items / 17 errors / 577 selected

==================================== ERRORS ====================================
___________________ ERROR collecting requests/__version__.py ___________________
Traceback (most recent call last):
  File "/workdir/requests-2.28.1/.tox/cpythonlibtest-unit-test-tests/lib/python3.10/site-packages/_pytest/runner.py", line 311, in from_call
    result: Optional[TResult] = func()
  File "/workdir/requests-2.28.1/.tox/cpythonlibtest-unit-test-tests/lib/python3.10/site-packages/_pytest/runner.py", line 341, in <lambda>
    call = CallInfo.from_call(lambda: list(collector.collect()), "collect")
  File "/workdir/requests-2.28.1/.tox/cpythonlibtest-unit-test-tests/lib/python3.10/site-packages/_pytest/doctest.py", line 532, in collect
    module = import_path(self.fspath)
  File "/workdir/requests-2.28.1/.tox/cpythonlibtest-unit-test-tests/lib/python3.10/site-packages/_pytest/pathlib.py", line 544, in import_path
    raise ImportPathMismatchError(module_name, module_file, path)
_pytest.pathlib.ImportPathMismatchError: ('requests.__version__', '/workdir/requests-2.28.1/.tox/cpythonlibtest-unit-test-tests/lib/python3.10/site-packages/requests/__version__.py', PosixPath('/workdir/requests-2.28.1/requests/__version__.py'))
_________________ ERROR collecting requests/_internal_utils.py _________________
Traceback (most recent call last):
  File "/workdir/requests-2.28.1/.tox/cpythonlibtest-unit-test-tests/lib/python3.10/site-packages/_pytest/runner.py", line 311, in from_call
    result: Optional[TResult] = func()
  File "/workdir/requests-2.28.1/.tox/cpythonlibtest-unit-test-tests/lib/python3.10/site-packages/_pytest/runner.py", line 341, in <lambda>
    call = CallInfo.from_call(lambda: list(collector.collect()), "collect")
  File "/workdir/requests-2.28.1/.tox/cpythonlibtest-unit-test-tests/lib/python3.10/site-packages/_pytest/doctest.py", line 532, in collect
    module = import_path(self.fspath)
  File "/workdir/requests-2.28.1/.tox/cpythonlibtest-unit-test-tests/lib/python3.10/site-packages/_pytest/pathlib.py", line 544, in import_path
    raise ImportPathMismatchError(module_name, module_file, path)
_pytest.pathlib.ImportPathMismatchError: ('requests._internal_utils', '/workdir/requests-2.28.1/.tox/cpythonlibtest-unit-test-tests/lib/python3.10/site-packages/requests/_internal_utils.py', PosixPath('/workdir/requests-2.28.1/requests/_internal_utils.py'))
____________________ ERROR collecting requests/adapters.py _____________________
Traceback (most recent call last):
  File "/workdir/requests-2.28.1/.tox/cpythonlibtest-unit-test-tests/lib/python3.10/site-packages/_pytest/runner.py", line 311, in from_call
    result: Optional[TResult] = func()
  File "/workdir/requests-2.28.1/.tox/cpythonlibtest-unit-test-tests/lib/python3.10/site-packages/_pytest/runner.py", line 341, in <lambda>
    call = CallInfo.from_call(lambda: list(collector.collect()), "collect")
  File "/workdir/requests-2.28.1/.tox/cpythonlibtest-unit-test-tests/lib/python3.10/site-packages/_pytest/doctest.py", line 532, in collect
    module = import_path(self.fspath)
  File "/workdir/requests-2.28.1/.tox/cpythonlibtest-unit-test-tests/lib/python3.10/site-packages/_pytest/pathlib.py", line 544, in import_path
    raise ImportPathMismatchError(module_name, module_file, path)
_pytest.pathlib.ImportPathMismatchError: ('requests.adapters', '/workdir/requests-2.28.1/.tox/cpythonlibtest-unit-test-tests/lib/python3.10/site-packages/requests/adapters.py', PosixPath('/workdir/requests-2.28.1/requests/adapters.py'))
_______________________ ERROR collecting requests/api.py _______________________
Traceback (most recent call last):
  File "/workdir/requests-2.28.1/.tox/cpythonlibtest-unit-test-tests/lib/python3.10/site-packages/_pytest/runner.py", line 311, in from_call
    result: Optional[TResult] = func()
  File "/workdir/requests-2.28.1/.tox/cpythonlibtest-unit-test-tests/lib/python3.10/site-packages/_pytest/runner.py", line 341, in <lambda>
    call = CallInfo.from_call(lambda: list(collector.collect()), "collect")
  File "/workdir/requests-2.28.1/.tox/cpythonlibtest-unit-test-tests/lib/python3.10/site-packages/_pytest/doctest.py", line 532, in collect
    module = import_path(self.fspath)
  File "/workdir/requests-2.28.1/.tox/cpythonlibtest-unit-test-tests/lib/python3.10/site-packages/_pytest/pathlib.py", line 544, in import_path
    raise ImportPathMismatchError(module_name, module_file, path)
_pytest.pathlib.ImportPathMismatchError: ('requests.api', '/workdir/requests-2.28.1/.tox/cpythonlibtest-unit-test-tests/lib/python3.10/site-packages/requests/api.py', PosixPath('/workdir/requests-2.28.1/requests/api.py'))
______________________ ERROR collecting requests/auth.py _______________________
Traceback (most recent call last):
  File "/workdir/requests-2.28.1/.tox/cpythonlibtest-unit-test-tests/lib/python3.10/site-packages/_pytest/runner.py", line 311, in from_call
    result: Optional[TResult] = func()
  File "/workdir/requests-2.28.1/.tox/cpythonlibtest-unit-test-tests/lib/python3.10/site-packages/_pytest/runner.py", line 341, in <lambda>
    call = CallInfo.from_call(lambda: list(collector.collect()), "collect")
  File "/workdir/requests-2.28.1/.tox/cpythonlibtest-unit-test-tests/lib/python3.10/site-packages/_pytest/doctest.py", line 532, in collect
    module = import_path(self.fspath)
  File "/workdir/requests-2.28.1/.tox/cpythonlibtest-unit-test-tests/lib/python3.10/site-packages/_pytest/pathlib.py", line 544, in import_path
    raise ImportPathMismatchError(module_name, module_file, path)
_pytest.pathlib.ImportPathMismatchError: ('requests.auth', '/workdir/requests-2.28.1/.tox/cpythonlibtest-unit-test-tests/lib/python3.10/site-packages/requests/auth.py', PosixPath('/workdir/requests-2.28.1/requests/auth.py'))
______________________ ERROR collecting requests/certs.py ______________________
Traceback (most recent call last):
  File "/workdir/requests-2.28.1/.tox/cpythonlibtest-unit-test-tests/lib/python3.10/site-packages/_pytest/runner.py", line 311, in from_call
    result: Optional[TResult] = func()
  File "/workdir/requests-2.28.1/.tox/cpythonlibtest-unit-test-tests/lib/python3.10/site-packages/_pytest/runner.py", line 341, in <lambda>
    call = CallInfo.from_call(lambda: list(collector.collect()), "collect")
  File "/workdir/requests-2.28.1/.tox/cpythonlibtest-unit-test-tests/lib/python3.10/site-packages/_pytest/doctest.py", line 532, in collect
    module = import_path(self.fspath)
  File "/workdir/requests-2.28.1/.tox/cpythonlibtest-unit-test-tests/lib/python3.10/site-packages/_pytest/pathlib.py", line 544, in import_path
    raise ImportPathMismatchError(module_name, module_file, path)
_pytest.pathlib.ImportPathMismatchError: ('requests.certs', '/workdir/requests-2.28.1/.tox/cpythonlibtest-unit-test-tests/lib/python3.10/site-packages/requests/certs.py', PosixPath('/workdir/requests-2.28.1/requests/certs.py'))
_____________________ ERROR collecting requests/compat.py ______________________
Traceback (most recent call last):
  File "/workdir/requests-2.28.1/.tox/cpythonlibtest-unit-test-tests/lib/python3.10/site-packages/_pytest/runner.py", line 311, in from_call
    result: Optional[TResult] = func()
  File "/workdir/requests-2.28.1/.tox/cpythonlibtest-unit-test-tests/lib/python3.10/site-packages/_pytest/runner.py", line 341, in <lambda>
    call = CallInfo.from_call(lambda: list(collector.collect()), "collect")
  File "/workdir/requests-2.28.1/.tox/cpythonlibtest-unit-test-tests/lib/python3.10/site-packages/_pytest/doctest.py", line 532, in collect
    module = import_path(self.fspath)
  File "/workdir/requests-2.28.1/.tox/cpythonlibtest-unit-test-tests/lib/python3.10/site-packages/_pytest/pathlib.py", line 544, in import_path
    raise ImportPathMismatchError(module_name, module_file, path)
_pytest.pathlib.ImportPathMismatchError: ('requests.compat', '/workdir/requests-2.28.1/.tox/cpythonlibtest-unit-test-tests/lib/python3.10/site-packages/requests/compat.py', PosixPath('/workdir/requests-2.28.1/requests/compat.py'))
_____________________ ERROR collecting requests/cookies.py _____________________
Traceback (most recent call last):
  File "/workdir/requests-2.28.1/.tox/cpythonlibtest-unit-test-tests/lib/python3.10/site-packages/_pytest/runner.py", line 311, in from_call
    result: Optional[TResult] = func()
  File "/workdir/requests-2.28.1/.tox/cpythonlibtest-unit-test-tests/lib/python3.10/site-packages/_pytest/runner.py", line 341, in <lambda>
    call = CallInfo.from_call(lambda: list(collector.collect()), "collect")
  File "/workdir/requests-2.28.1/.tox/cpythonlibtest-unit-test-tests/lib/python3.10/site-packages/_pytest/doctest.py", line 532, in collect
    module = import_path(self.fspath)
  File "/workdir/requests-2.28.1/.tox/cpythonlibtest-unit-test-tests/lib/python3.10/site-packages/_pytest/pathlib.py", line 544, in import_path
    raise ImportPathMismatchError(module_name, module_file, path)
_pytest.pathlib.ImportPathMismatchError: ('requests.cookies', '/workdir/requests-2.28.1/.tox/cpythonlibtest-unit-test-tests/lib/python3.10/site-packages/requests/cookies.py', PosixPath('/workdir/requests-2.28.1/requests/cookies.py'))
___________________ ERROR collecting requests/exceptions.py ____________________
Traceback (most recent call last):
  File "/workdir/requests-2.28.1/.tox/cpythonlibtest-unit-test-tests/lib/python3.10/site-packages/_pytest/runner.py", line 311, in from_call
    result: Optional[TResult] = func()
  File "/workdir/requests-2.28.1/.tox/cpythonlibtest-unit-test-tests/lib/python3.10/site-packages/_pytest/runner.py", line 341, in <lambda>
    call = CallInfo.from_call(lambda: list(collector.collect()), "collect")
  File "/workdir/requests-2.28.1/.tox/cpythonlibtest-unit-test-tests/lib/python3.10/site-packages/_pytest/doctest.py", line 532, in collect
    module = import_path(self.fspath)
  File "/workdir/requests-2.28.1/.tox/cpythonlibtest-unit-test-tests/lib/python3.10/site-packages/_pytest/pathlib.py", line 544, in import_path
    raise ImportPathMismatchError(module_name, module_file, path)
_pytest.pathlib.ImportPathMismatchError: ('requests.exceptions', '/workdir/requests-2.28.1/.tox/cpythonlibtest-unit-test-tests/lib/python3.10/site-packages/requests/exceptions.py', PosixPath('/workdir/requests-2.28.1/requests/exceptions.py'))
______________________ ERROR collecting requests/help.py _______________________
Traceback (most recent call last):
  File "/workdir/requests-2.28.1/.tox/cpythonlibtest-unit-test-tests/lib/python3.10/site-packages/_pytest/runner.py", line 311, in from_call
    result: Optional[TResult] = func()
  File "/workdir/requests-2.28.1/.tox/cpythonlibtest-unit-test-tests/lib/python3.10/site-packages/_pytest/runner.py", line 341, in <lambda>
    call = CallInfo.from_call(lambda: list(collector.collect()), "collect")
  File "/workdir/requests-2.28.1/.tox/cpythonlibtest-unit-test-tests/lib/python3.10/site-packages/_pytest/doctest.py", line 532, in collect
    module = import_path(self.fspath)
  File "/workdir/requests-2.28.1/.tox/cpythonlibtest-unit-test-tests/lib/python3.10/site-packages/_pytest/pathlib.py", line 544, in import_path
    raise ImportPathMismatchError(module_name, module_file, path)
_pytest.pathlib.ImportPathMismatchError: ('requests.help', '/workdir/requests-2.28.1/.tox/cpythonlibtest-unit-test-tests/lib/python3.10/site-packages/requests/help.py', PosixPath('/workdir/requests-2.28.1/requests/help.py'))
______________________ ERROR collecting requests/hooks.py ______________________
Traceback (most recent call last):
  File "/workdir/requests-2.28.1/.tox/cpythonlibtest-unit-test-tests/lib/python3.10/site-packages/_pytest/runner.py", line 311, in from_call
    result: Optional[TResult] = func()
  File "/workdir/requests-2.28.1/.tox/cpythonlibtest-unit-test-tests/lib/python3.10/site-packages/_pytest/runner.py", line 341, in <lambda>
    call = CallInfo.from_call(lambda: list(collector.collect()), "collect")
  File "/workdir/requests-2.28.1/.tox/cpythonlibtest-unit-test-tests/lib/python3.10/site-packages/_pytest/doctest.py", line 532, in collect
    module = import_path(self.fspath)
  File "/workdir/requests-2.28.1/.tox/cpythonlibtest-unit-test-tests/lib/python3.10/site-packages/_pytest/pathlib.py", line 544, in import_path
    raise ImportPathMismatchError(module_name, module_file, path)
_pytest.pathlib.ImportPathMismatchError: ('requests.hooks', '/workdir/requests-2.28.1/.tox/cpythonlibtest-unit-test-tests/lib/python3.10/site-packages/requests/hooks.py', PosixPath('/workdir/requests-2.28.1/requests/hooks.py'))
_____________________ ERROR collecting requests/models.py ______________________
Traceback (most recent call last):
  File "/workdir/requests-2.28.1/.tox/cpythonlibtest-unit-test-tests/lib/python3.10/site-packages/_pytest/runner.py", line 311, in from_call
    result: Optional[TResult] = func()
  File "/workdir/requests-2.28.1/.tox/cpythonlibtest-unit-test-tests/lib/python3.10/site-packages/_pytest/runner.py", line 341, in <lambda>
    call = CallInfo.from_call(lambda: list(collector.collect()), "collect")
  File "/workdir/requests-2.28.1/.tox/cpythonlibtest-unit-test-tests/lib/python3.10/site-packages/_pytest/doctest.py", line 532, in collect
    module = import_path(self.fspath)
  File "/workdir/requests-2.28.1/.tox/cpythonlibtest-unit-test-tests/lib/python3.10/site-packages/_pytest/pathlib.py", line 544, in import_path
    raise ImportPathMismatchError(module_name, module_file, path)
_pytest.pathlib.ImportPathMismatchError: ('requests.models', '/workdir/requests-2.28.1/.tox/cpythonlibtest-unit-test-tests/lib/python3.10/site-packages/requests/models.py', PosixPath('/workdir/requests-2.28.1/requests/models.py'))
____________________ ERROR collecting requests/packages.py _____________________
Traceback (most recent call last):
  File "/workdir/requests-2.28.1/.tox/cpythonlibtest-unit-test-tests/lib/python3.10/site-packages/_pytest/runner.py", line 311, in from_call
    result: Optional[TResult] = func()
  File "/workdir/requests-2.28.1/.tox/cpythonlibtest-unit-test-tests/lib/python3.10/site-packages/_pytest/runner.py", line 341, in <lambda>
    call = CallInfo.from_call(lambda: list(collector.collect()), "collect")
  File "/workdir/requests-2.28.1/.tox/cpythonlibtest-unit-test-tests/lib/python3.10/site-packages/_pytest/doctest.py", line 532, in collect
    module = import_path(self.fspath)
  File "/workdir/requests-2.28.1/.tox/cpythonlibtest-unit-test-tests/lib/python3.10/site-packages/_pytest/pathlib.py", line 544, in import_path
    raise ImportPathMismatchError(module_name, module_file, path)
_pytest.pathlib.ImportPathMismatchError: ('requests.packages', '/workdir/requests-2.28.1/.tox/cpythonlibtest-unit-test-tests/lib/python3.10/site-packages/requests/packages.py', PosixPath('/workdir/requests-2.28.1/requests/packages.py'))
____________________ ERROR collecting requests/sessions.py _____________________
Traceback (most recent call last):
  File "/workdir/requests-2.28.1/.tox/cpythonlibtest-unit-test-tests/lib/python3.10/site-packages/_pytest/runner.py", line 311, in from_call
    result: Optional[TResult] = func()
  File "/workdir/requests-2.28.1/.tox/cpythonlibtest-unit-test-tests/lib/python3.10/site-packages/_pytest/runner.py", line 341, in <lambda>
    call = CallInfo.from_call(lambda: list(collector.collect()), "collect")
  File "/workdir/requests-2.28.1/.tox/cpythonlibtest-unit-test-tests/lib/python3.10/site-packages/_pytest/doctest.py", line 532, in collect
    module = import_path(self.fspath)
  File "/workdir/requests-2.28.1/.tox/cpythonlibtest-unit-test-tests/lib/python3.10/site-packages/_pytest/pathlib.py", line 544, in import_path
    raise ImportPathMismatchError(module_name, module_file, path)
_pytest.pathlib.ImportPathMismatchError: ('requests.sessions', '/workdir/requests-2.28.1/.tox/cpythonlibtest-unit-test-tests/lib/python3.10/site-packages/requests/sessions.py', PosixPath('/workdir/requests-2.28.1/requests/sessions.py'))
__________________ ERROR collecting requests/status_codes.py ___________________
Traceback (most recent call last):
  File "/workdir/requests-2.28.1/.tox/cpythonlibtest-unit-test-tests/lib/python3.10/site-packages/_pytest/runner.py", line 311, in from_call
    result: Optional[TResult] = func()
  File "/workdir/requests-2.28.1/.tox/cpythonlibtest-unit-test-tests/lib/python3.10/site-packages/_pytest/runner.py", line 341, in <lambda>
    call = CallInfo.from_call(lambda: list(collector.collect()), "collect")
  File "/workdir/requests-2.28.1/.tox/cpythonlibtest-unit-test-tests/lib/python3.10/site-packages/_pytest/doctest.py", line 532, in collect
    module = import_path(self.fspath)
  File "/workdir/requests-2.28.1/.tox/cpythonlibtest-unit-test-tests/lib/python3.10/site-packages/_pytest/pathlib.py", line 544, in import_path
    raise ImportPathMismatchError(module_name, module_file, path)
_pytest.pathlib.ImportPathMismatchError: ('requests.status_codes', '/workdir/requests-2.28.1/.tox/cpythonlibtest-unit-test-tests/lib/python3.10/site-packages/requests/status_codes.py', PosixPath('/workdir/requests-2.28.1/requests/status_codes.py'))
___________________ ERROR collecting requests/structures.py ____________________
Traceback (most recent call last):
  File "/workdir/requests-2.28.1/.tox/cpythonlibtest-unit-test-tests/lib/python3.10/site-packages/_pytest/runner.py", line 311, in from_call
    result: Optional[TResult] = func()
  File "/workdir/requests-2.28.1/.tox/cpythonlibtest-unit-test-tests/lib/python3.10/site-packages/_pytest/runner.py", line 341, in <lambda>
    call = CallInfo.from_call(lambda: list(collector.collect()), "collect")
  File "/workdir/requests-2.28.1/.tox/cpythonlibtest-unit-test-tests/lib/python3.10/site-packages/_pytest/doctest.py", line 532, in collect
    module = import_path(self.fspath)
  File "/workdir/requests-2.28.1/.tox/cpythonlibtest-unit-test-tests/lib/python3.10/site-packages/_pytest/pathlib.py", line 544, in import_path
    raise ImportPathMismatchError(module_name, module_file, path)
_pytest.pathlib.ImportPathMismatchError: ('requests.structures', '/workdir/requests-2.28.1/.tox/cpythonlibtest-unit-test-tests/lib/python3.10/site-packages/requests/structures.py', PosixPath('/workdir/requests-2.28.1/requests/structures.py'))
______________________ ERROR collecting requests/utils.py ______________________
Traceback (most recent call last):
  File "/workdir/requests-2.28.1/.tox/cpythonlibtest-unit-test-tests/lib/python3.10/site-packages/_pytest/runner.py", line 311, in from_call
    result: Optional[TResult] = func()
  File "/workdir/requests-2.28.1/.tox/cpythonlibtest-unit-test-tests/lib/python3.10/site-packages/_pytest/runner.py", line 341, in <lambda>
    call = CallInfo.from_call(lambda: list(collector.collect()), "collect")
  File "/workdir/requests-2.28.1/.tox/cpythonlibtest-unit-test-tests/lib/python3.10/site-packages/_pytest/doctest.py", line 532, in collect
    module = import_path(self.fspath)
  File "/workdir/requests-2.28.1/.tox/cpythonlibtest-unit-test-tests/lib/python3.10/site-packages/_pytest/pathlib.py", line 544, in import_path
    raise ImportPathMismatchError(module_name, module_file, path)
_pytest.pathlib.ImportPathMismatchError: ('requests.utils', '/workdir/requests-2.28.1/.tox/cpythonlibtest-unit-test-tests/lib/python3.10/site-packages/requests/utils.py', PosixPath('/workdir/requests-2.28.1/requests/utils.py'))
- generated xml file: /workdir/results/requests/2.28.1/1/cpython-test-results.xml -
=========================== short test summary info ============================
ERROR requests/__version__.py - _pytest.pathlib.ImportPathMismatchError: ('re...
ERROR requests/_internal_utils.py - _pytest.pathlib.ImportPathMismatchError: ...
ERROR requests/adapters.py - _pytest.pathlib.ImportPathMismatchError: ('reque...
ERROR requests/api.py - _pytest.pathlib.ImportPathMismatchError: ('requests.a...
ERROR requests/auth.py - _pytest.pathlib.ImportPathMismatchError: ('requests....
ERROR requests/certs.py - _pytest.pathlib.ImportPathMismatchError: ('requests...
ERROR requests/compat.py - _pytest.pathlib.ImportPathMismatchError: ('request...
ERROR requests/cookies.py - _pytest.pathlib.ImportPathMismatchError: ('reques...
ERROR requests/exceptions.py - _pytest.pathlib.ImportPathMismatchError: ('req...
ERROR requests/help.py - _pytest.pathlib.ImportPathMismatchError: ('requests....
ERROR requests/hooks.py - _pytest.pathlib.ImportPathMismatchError: ('requests...
ERROR requests/models.py - _pytest.pathlib.ImportPathMismatchError: ('request...
ERROR requests/packages.py - _pytest.pathlib.ImportPathMismatchError: ('reque...
ERROR requests/sessions.py - _pytest.pathlib.ImportPathMismatchError: ('reque...
ERROR requests/status_codes.py - _pytest.pathlib.ImportPathMismatchError: ('r...
ERROR requests/structures.py - _pytest.pathlib.ImportPathMismatchError: ('req...
ERROR requests/utils.py - _pytest.pathlib.ImportPathMismatchError: ('requests...
!!!!!!!!!!!!!!!!!!! Interrupted: 17 errors during collection !!!!!!!!!!!!!!!!!!!
============================== 17 errors in 0.92s ==============================
ERROR: InvocationError for command /workdir/requests-2.28.1/.tox/cpythonlibtest-unit-test-tests/bin/pytest -v --tb=native --junitxml /workdir/results/requests/2.28.1/1/cpython-test-results.xml (exited with code 2)
___________________________________ summary ____________________________________
ERROR:   cpythonlibtest-unit-test-tests: commands failed
