GLOB sdist-make: /workdir/coloredlogs-15.0.1/setup.py
graalpylibtest-unit-test-tests create: /workdir/coloredlogs-15.0.1/.tox/graalpylibtest-unit-test-tests
graalpylibtest-unit-test-tests installdeps: mock, unittest-xml-reporting, -rrequirements-screenshots.txt, -rrequirements.txt, -rrequirements-travis.txt, -rrequirements-tests.txt, -rrequirements-checks.txt
graalpylibtest-unit-test-tests inst: /workdir/coloredlogs-15.0.1/.tox/.tmp/package/1/coloredlogs-15.0.1.zip
graalpylibtest-unit-test-tests installed: capturer==3.0,certifi==2023.11.17,charset-normalizer==3.1.0,coloredlogs @ file:///workdir/coloredlogs-15.0.1/.tox/.tmp/package/1/coloredlogs-15.0.1.zip,coverage==6.5.0,coveralls==3.3.1,docopt==0.6.2,exceptiongroup==1.1.3,executor==23.2,fasteners==0.19,flake8==6.1.0,flake8-docstrings==1.7.0,graalpy-virtualenv==0.0.1,hpy==0.9.0rc2,humanfriendly==10.0,idna==3.4,iniconfig==2.0.0,lxml==4.9.1,mccabe==0.7.0,mock==5.1.0,packaging==23.2,pluggy==1.3.0,property-manager==3.0,pycodestyle==2.11.1,pydocstyle==6.3.0,pyflakes==3.1.0,pytest==7.4.3,pytest-cov==4.1.0,requests==2.31.0,six==1.16.0,snowballstemmer==2.2.0,tomli==2.0.1,unittest-xml-reporting==3.2.0,urllib3==2.1.0,verboselogs==1.7
graalpylibtest-unit-test-tests run-test-pre: PYTHONHASHSEED='1993211001'
graalpylibtest-unit-test-tests run-test: commands[0] | /workdir/coloredlogs-15.0.1/.tox/graalpylibtest-unit-test-tests/bin/python -m xmlrunner --output-file /workdir/results/coloredlogs/15.0.1/1/graalpy-test-results.xml

Running tests...
----------------------------------------------------------------------

E
E
.
E
2023-11-21 00:46:46 b80581c01e0f coloredlogs.demo[41474] SPAM message with level spam (5)
2023-11-21 00:46:47 b80581c01e0f coloredlogs.demo[41474] DEBUG message with level debug (10)
2023-11-21 00:46:48 b80581c01e0f coloredlogs.demo[41474] VERBOSE message with level verbose (15)
2023-11-21 00:46:49 b80581c01e0f coloredlogs.demo[41474] INFO message with level info (20)
2023-11-21 00:46:50 b80581c01e0f coloredlogs.demo[41474] NOTICE message with level notice (25)
2023-11-21 00:46:51 b80581c01e0f coloredlogs.demo[41474] WARNING message with level warning (30)
2023-11-21 00:46:52 b80581c01e0f coloredlogs.demo[41474] SUCCESS message with level success (35)
2023-11-21 00:46:53 b80581c01e0f coloredlogs.demo[41474] ERROR message with level error (40)
2023-11-21 00:46:54 b80581c01e0f coloredlogs.demo[41474] CRITICAL message with level critical (50)
.
.
.
.
.
E
E
.
.
.
.
E
.
.
.
.
.
.
.
.
2023-11-21 00:46:56 b80581c01e0f kfhAWUcvXLcSNRoAlaskSaqvh[41474] DEBUG This is a message with severity 'debug'.
2023-11-21 00:46:56 b80581c01e0f kfhAWUcvXLcSNRoAlaskSaqvh[41474] INFO This is a message with severity 'info'.
2023-11-21 00:46:56 b80581c01e0f kfhAWUcvXLcSNRoAlaskSaqvh[41474] VERBOSE This is a message with severity 'verbose'.
2023-11-21 00:46:56 b80581c01e0f kfhAWUcvXLcSNRoAlaskSaqvh[41474] WARNING This is a message with severity 'warning'.
2023-11-21 00:46:56 b80581c01e0f kfhAWUcvXLcSNRoAlaskSaqvh[41474] ERROR This is a message with severity 'error'.
2023-11-21 00:46:56 b80581c01e0f kfhAWUcvXLcSNRoAlaskSaqvh[41474] CRITICAL This is a message with severity 'critical'.
.
E
.
2023-11-21 00:46:56 b80581c01e0f root[41474] INFO This should not include milliseconds.
2023-11-21 00:46:56 b80581c01e0f root[41474] INFO This should include milliseconds.
.
2023-11-21 00:46:56 b80581c01e0f root[41474] INFO This should be timestamped according to #45.
F
s
s
s
.
E
.
======================================================================
ERROR [0.033s]: test_auto_disable (coloredlogs.tests.ColoredLogsTestCase)
Make sure ANSI escape sequences are not emitted when logging output is being redirected.
----------------------------------------------------------------------
Traceback (most recent call last):
  File "/workdir/coloredlogs-15.0.1/coloredlogs/tests.py", line 445, in test_auto_disable
    with CaptureOutput():
  File "/workdir/coloredlogs-15.0.1/.tox/graalpylibtest-unit-test-tests/lib/python3.10/site-packages/capturer/__init__.py", line 233, in __init__
    self.stdout_stream = self.initialize_stream(sys.stdout, STDOUT_FD)
  File "/workdir/coloredlogs-15.0.1/.tox/graalpylibtest-unit-test-tests/lib/python3.10/site-packages/capturer/__init__.py", line 267, in initialize_stream
    real_fd = file_obj.fileno()
io.UnsupportedOperation: fileno

======================================================================
ERROR [0.013s]: test_auto_install (coloredlogs.tests.ColoredLogsTestCase)
Test :func:`coloredlogs.auto_install()`.
----------------------------------------------------------------------
Traceback (most recent call last):
  File "/workdir/coloredlogs-15.0.1/coloredlogs/tests.py", line 553, in test_auto_install
    with CaptureOutput() as capturer:
  File "/workdir/coloredlogs-15.0.1/.tox/graalpylibtest-unit-test-tests/lib/python3.10/site-packages/capturer/__init__.py", line 233, in __init__
    self.stdout_stream = self.initialize_stream(sys.stdout, STDOUT_FD)
  File "/workdir/coloredlogs-15.0.1/.tox/graalpylibtest-unit-test-tests/lib/python3.10/site-packages/capturer/__init__.py", line 267, in initialize_stream
    real_fd = file_obj.fileno()
io.UnsupportedOperation: fileno

======================================================================
ERROR [0.009s]: test_cli_demo (coloredlogs.tests.ColoredLogsTestCase)
Test the command line colored logging demonstration.
----------------------------------------------------------------------
Traceback (most recent call last):
  File "/workdir/coloredlogs-15.0.1/coloredlogs/tests.py", line 568, in test_cli_demo
    with CaptureOutput() as capturer:
  File "/workdir/coloredlogs-15.0.1/.tox/graalpylibtest-unit-test-tests/lib/python3.10/site-packages/capturer/__init__.py", line 233, in __init__
    self.stdout_stream = self.initialize_stream(sys.stdout, STDOUT_FD)
  File "/workdir/coloredlogs-15.0.1/.tox/graalpylibtest-unit-test-tests/lib/python3.10/site-packages/capturer/__init__.py", line 267, in initialize_stream
    real_fd = file_obj.fileno()
io.UnsupportedOperation: fileno

======================================================================
ERROR [0.011s]: test_enable_colored_cron_mailer (coloredlogs.tests.ColoredLogsTestCase)
Test that automatic ANSI to HTML conversion when running under ``cron`` can be enabled.
----------------------------------------------------------------------
Traceback (most recent call last):
  File "/workdir/coloredlogs-15.0.1/coloredlogs/tests.py", line 539, in test_enable_colored_cron_mailer
    with ColoredCronMailer() as mailer:
  File "/workdir/coloredlogs-15.0.1/coloredlogs/converter/__init__.py", line 375, in __init__
    self.capturer = CaptureOutput(merged=True, relay=False)
  File "/workdir/coloredlogs-15.0.1/.tox/graalpylibtest-unit-test-tests/lib/python3.10/site-packages/capturer/__init__.py", line 233, in __init__
    self.stdout_stream = self.initialize_stream(sys.stdout, STDOUT_FD)
  File "/workdir/coloredlogs-15.0.1/.tox/graalpylibtest-unit-test-tests/lib/python3.10/site-packages/capturer/__init__.py", line 267, in initialize_stream
    real_fd = file_obj.fileno()
io.UnsupportedOperation: fileno

======================================================================
ERROR [0.013s]: test_env_disable (coloredlogs.tests.ColoredLogsTestCase)
Make sure ANSI escape sequences can be disabled using ``$NO_COLOR``.
----------------------------------------------------------------------
Traceback (most recent call last):
  File "/workdir/coloredlogs-15.0.1/coloredlogs/tests.py", line 459, in test_env_disable
    with CaptureOutput() as capturer:
  File "/workdir/coloredlogs-15.0.1/.tox/graalpylibtest-unit-test-tests/lib/python3.10/site-packages/capturer/__init__.py", line 233, in __init__
    self.stdout_stream = self.initialize_stream(sys.stdout, STDOUT_FD)
  File "/workdir/coloredlogs-15.0.1/.tox/graalpylibtest-unit-test-tests/lib/python3.10/site-packages/capturer/__init__.py", line 267, in initialize_stream
    real_fd = file_obj.fileno()
io.UnsupportedOperation: fileno

======================================================================
ERROR [0.010s]: test_host_name_filter (coloredlogs.tests.ColoredLogsTestCase)
Make sure :func:`install()` integrates with :class:`~coloredlogs.HostNameFilter()`.
----------------------------------------------------------------------
Traceback (most recent call last):
  File "/workdir/coloredlogs-15.0.1/coloredlogs/tests.py", line 149, in test_host_name_filter
    with CaptureOutput() as capturer:
  File "/workdir/coloredlogs-15.0.1/.tox/graalpylibtest-unit-test-tests/lib/python3.10/site-packages/capturer/__init__.py", line 233, in __init__
    self.stdout_stream = self.initialize_stream(sys.stdout, STDOUT_FD)
  File "/workdir/coloredlogs-15.0.1/.tox/graalpylibtest-unit-test-tests/lib/python3.10/site-packages/capturer/__init__.py", line 267, in initialize_stream
    real_fd = file_obj.fileno()
io.UnsupportedOperation: fileno

======================================================================
ERROR [0.008s]: test_program_name_filter (coloredlogs.tests.ColoredLogsTestCase)
Make sure :func:`install()` integrates with :class:`~coloredlogs.ProgramNameFilter()`.
----------------------------------------------------------------------
Traceback (most recent call last):
  File "/workdir/coloredlogs-15.0.1/coloredlogs/tests.py", line 157, in test_program_name_filter
    with CaptureOutput() as capturer:
  File "/workdir/coloredlogs-15.0.1/.tox/graalpylibtest-unit-test-tests/lib/python3.10/site-packages/capturer/__init__.py", line 233, in __init__
    self.stdout_stream = self.initialize_stream(sys.stdout, STDOUT_FD)
  File "/workdir/coloredlogs-15.0.1/.tox/graalpylibtest-unit-test-tests/lib/python3.10/site-packages/capturer/__init__.py", line 267, in initialize_stream
    real_fd = file_obj.fileno()
io.UnsupportedOperation: fileno

======================================================================
ERROR [0.010s]: test_username_filter (coloredlogs.tests.ColoredLogsTestCase)
Make sure :func:`install()` integrates with :class:`~coloredlogs.UserNameFilter()`.
----------------------------------------------------------------------
Traceback (most recent call last):
  File "/workdir/coloredlogs-15.0.1/coloredlogs/tests.py", line 165, in test_username_filter
    with CaptureOutput() as capturer:
  File "/workdir/coloredlogs-15.0.1/.tox/graalpylibtest-unit-test-tests/lib/python3.10/site-packages/capturer/__init__.py", line 233, in __init__
    self.stdout_stream = self.initialize_stream(sys.stdout, STDOUT_FD)
  File "/workdir/coloredlogs-15.0.1/.tox/graalpylibtest-unit-test-tests/lib/python3.10/site-packages/capturer/__init__.py", line 267, in initialize_stream
    real_fd = file_obj.fileno()
io.UnsupportedOperation: fileno

======================================================================
FAIL [0.011s]: test_support_for_milliseconds_directive (coloredlogs.tests.ColoredLogsTestCase)
Make sure milliseconds using the ``%f`` directive are supported.
----------------------------------------------------------------------
Traceback (most recent call last):
  File "/workdir/coloredlogs-15.0.1/coloredlogs/tests.py", line 360, in test_support_for_milliseconds_directive
    assert re.match(r'^\d{4}-\d{2}-\d{2}T\d{2}:\d{2}:\d{2}\.\d{3}[+-]\d{4}\s', stream.getvalue())
AssertionError

----------------------------------------------------------------------
Ran 35 tests in 11.093s

FAILED (failures=1, errors=8, skipped=3)

Generating XML reports...
ERROR: InvocationError for command /workdir/coloredlogs-15.0.1/.tox/graalpylibtest-unit-test-tests/bin/python -m xmlrunner --output-file /workdir/results/coloredlogs/15.0.1/1/graalpy-test-results.xml (exited with code 1)
___________________________________ summary ____________________________________
ERROR:   graalpylibtest-unit-test-tests: commands failed
