GLOB sdist-make: /workdir/pyserial-3.5/setup.py
graalpylibtest-unit-test-tests create: /workdir/pyserial-3.5/.tox/graalpylibtest-unit-test-tests
graalpylibtest-unit-test-tests installdeps: mock, pytest, -rrequirements.txt
graalpylibtest-unit-test-tests inst: /workdir/pyserial-3.5/.tox/.tmp/package/1/pyserial-3.5.zip
graalpylibtest-unit-test-tests installed: exceptiongroup==1.2.0,graalpy-virtualenv==0.0.1,hpy==0.9.0rc2,iniconfig==2.0.0,mock==5.1.0,packaging==23.2,pluggy==1.3.0,pyserial @ file:///workdir/pyserial-3.5/.tox/.tmp/package/1/pyserial-3.5.zip,pytest==7.4.3,tomli==2.0.1
graalpylibtest-unit-test-tests run-test-pre: PYTHONHASHSEED='3580857657'
graalpylibtest-unit-test-tests run-test: commands[0] | pytest -v --tb=native --junitxml /workdir/results/pyserial/3.5/1/graalpy-test-results.xml
============================= test session starts ==============================
platform linux -- Python 3.10.8, pytest-7.4.3, pluggy-1.3.0 -- /workdir/pyserial-3.5/.tox/graalpylibtest-unit-test-tests/bin/python
cachedir: .tox/graalpylibtest-unit-test-tests/.pytest_cache
rootdir: /workdir/pyserial-3.5
collecting ... collected 46 items

test/test_advanced.py::Test_ChangeAttributes::test_BaudrateSetting PASSED [  2%]
test/test_advanced.py::Test_ChangeAttributes::test_BytesizeSetting PASSED [  4%]
test/test_advanced.py::Test_ChangeAttributes::test_DoubleOpen PASSED     [  6%]
test/test_advanced.py::Test_ChangeAttributes::test_ParitySetting PASSED  [  8%]
test/test_advanced.py::Test_ChangeAttributes::test_PortOpenClose PASSED  [ 10%]
test/test_advanced.py::Test_ChangeAttributes::test_PortSetting PASSED    [ 13%]
test/test_advanced.py::Test_ChangeAttributes::test_RtsCtsSetting PASSED  [ 15%]
test/test_advanced.py::Test_ChangeAttributes::test_StopbitsSetting PASSED [ 17%]
test/test_advanced.py::Test_ChangeAttributes::test_TimeoutSetting PASSED [ 19%]
test/test_advanced.py::Test_ChangeAttributes::test_XonXoffSetting PASSED [ 21%]
test/test_cancel.py::TestCancelRead::test_cancel_once PASSED             [ 23%]
test/test_cancel.py::TestCancelWrite::test_cancel_once PASSED            [ 26%]
test/test_context.py::Test_Context::test_with_idempotent PASSED          [ 28%]
test/test_exclusive.py::Test_exclusive::test_exclusive_false SKIPPED     [ 30%]
test/test_exclusive.py::Test_exclusive::test_exclusive_none SKIPPED      [ 32%]
test/test_exclusive.py::Test_exclusive::test_exclusive_only_true SKIPPED [ 34%]
test/test_exclusive.py::Test_exclusive::test_exclusive_true SKIPPED      [ 36%]
test/test_high_load.py::TestHighLoad::test0_WriteReadLoopback PASSED     [ 39%]
test/test_high_load.py::TestHighLoad::test1_WriteWriteReadLoopback PASSED [ 41%]
test/test_iolib.py::Test_SerialAndIO::test_hello_raw PASSED              [ 43%]
test/test_pty.py::Test_Pty_Serial_Open::test_pty_serial_open_slave FAILED [ 45%]
test/test_pty.py::Test_Pty_Serial_Open::test_pty_serial_read FAILED      [ 47%]
test/test_pty.py::Test_Pty_Serial_Open::test_pty_serial_write FAILED     [ 50%]
test/test_readline.py::Test_Readline::test_alternate_eol PASSED          [ 52%]
test/test_readline.py::Test_Readline::test_for_in PASSED                 [ 54%]
test/test_readline.py::Test_Readline::test_readline PASSED               [ 56%]
test/test_readline.py::Test_Readline::test_readlines PASSED              [ 58%]
test/test_readline.py::Test_Readline::test_xreadlines PASSED             [ 60%]
test/test_rfc2217.py::Test_RFC2217::test_failed_connection PASSED        [ 63%]
test/test_rs485.py::Test_RS485_settings::test_enable_RS485 PASSED        [ 65%]
test/test_rs485.py::Test_RS485_class::test_RS485_class SKIPPED (RS48...) [ 67%]
test/test_settings_dict.py::Test_SettingsDict::test_getsettings PASSED   [ 69%]
test/test_settings_dict.py::Test_SettingsDict::test_init_sets_the_correct_attrs PASSED [ 71%]
test/test_settings_dict.py::Test_SettingsDict::test_partial_settings PASSED [ 73%]
test/test_settings_dict.py::Test_SettingsDict::test_unknown_settings PASSED [ 76%]
test/test_threaded.py::Test_threaded::test_framed_packet PASSED          [ 78%]
test/test_threaded.py::Test_threaded::test_line_reader PASSED            [ 80%]
test/test_timeout_class.py::TestTimeoutClass::test_blocking PASSED       [ 82%]
test/test_timeout_class.py::TestTimeoutClass::test_changing_clock PASSED [ 84%]
test/test_timeout_class.py::TestTimeoutClass::test_non_blocking PASSED   [ 86%]
test/test_timeout_class.py::TestTimeoutClass::test_simple_timeout PASSED [ 89%]
test/test_url.py::Test_URL::test_bad_url PASSED                          [ 91%]
test/test_url.py::Test_URL::test_custom_url PASSED                       [ 93%]
test/test_url.py::Test_URL::test_loop PASSED                             [ 95%]
test/test_util.py::Test_util::test_iterbytes PASSED                      [ 97%]
test/test_util.py::Test_util::test_to_bytes PASSED                       [100%]

=================================== FAILURES ===================================
_______________ Test_Pty_Serial_Open.test_pty_serial_open_slave ________________
Traceback (most recent call last):
  File "/opt/graalpy/lib/python3.10/unittest/case.py", line 59, in testPartExecutor
    yield
  File "/opt/graalpy/lib/python3.10/unittest/case.py", line 591, in run
    self._callTestMethod(testMethod)
  File "/opt/graalpy/lib/python3.10/unittest/case.py", line 549, in _callTestMethod
    method()
  File "/workdir/pyserial-3.5/test/test_pty.py", line 32, in test_pty_serial_open_slave
    with serial.Serial(os.ttyname(self.slave), timeout=1) as slave:
AttributeError: module 'os' has no attribute 'ttyname'
__________________ Test_Pty_Serial_Open.test_pty_serial_read ___________________
Traceback (most recent call last):
  File "/opt/graalpy/lib/python3.10/unittest/case.py", line 59, in testPartExecutor
    yield
  File "/opt/graalpy/lib/python3.10/unittest/case.py", line 591, in run
    self._callTestMethod(testMethod)
  File "/opt/graalpy/lib/python3.10/unittest/case.py", line 549, in _callTestMethod
    method()
  File "/workdir/pyserial-3.5/test/test_pty.py", line 44, in test_pty_serial_read
    with serial.Serial(os.ttyname(self.slave), timeout=1) as slave:
AttributeError: module 'os' has no attribute 'ttyname'
__________________ Test_Pty_Serial_Open.test_pty_serial_write __________________
Traceback (most recent call last):
  File "/opt/graalpy/lib/python3.10/unittest/case.py", line 59, in testPartExecutor
    yield
  File "/opt/graalpy/lib/python3.10/unittest/case.py", line 591, in run
    self._callTestMethod(testMethod)
  File "/opt/graalpy/lib/python3.10/unittest/case.py", line 549, in _callTestMethod
    method()
  File "/workdir/pyserial-3.5/test/test_pty.py", line 36, in test_pty_serial_write
    with serial.Serial(os.ttyname(self.slave), timeout=1) as slave:
AttributeError: module 'os' has no attribute 'ttyname'
- generated xml file: /workdir/results/pyserial/3.5/1/graalpy-test-results.xml -
=========================== short test summary info ============================
FAILED test/test_pty.py::Test_Pty_Serial_Open::test_pty_serial_open_slave - A...
FAILED test/test_pty.py::Test_Pty_Serial_Open::test_pty_serial_read - Attribu...
FAILED test/test_pty.py::Test_Pty_Serial_Open::test_pty_serial_write - Attrib...
=================== 3 failed, 38 passed, 5 skipped in 15.41s ===================
ERROR: InvocationError for command /workdir/pyserial-3.5/.tox/graalpylibtest-unit-test-tests/bin/pytest -v --tb=native --junitxml /workdir/results/pyserial/3.5/1/graalpy-test-results.xml (exited with code 1)
___________________________________ summary ____________________________________
ERROR:   graalpylibtest-unit-test-tests: commands failed
