<?xml version="1.0" encoding="utf-8"?><testsuites><testsuite name="pytest" errors="7" failures="30" skipped="11" tests="726" time="552.679" timestamp="2023-11-23T00:25:20.746916" hostname="80ac3eb7f7f2"><testcase classname="tests.clientlib_test" name="test_check_type_tag_failures[definitely-not-a-tag]" time="0.004" /><testcase classname="tests.clientlib_test" name="test_check_type_tag_failures[fiel]" time="0.001" /><testcase classname="tests.clientlib_test" name="test_check_type_tag_success" time="0.001" /><testcase classname="tests.clientlib_test" name="test_config_valid[config_obj0-True]" time="0.001" /><testcase classname="tests.clientlib_test" name="test_config_valid[config_obj1-True]" time="0.001" /><testcase classname="tests.clientlib_test" name="test_config_valid[config_obj2-False]" time="0.001" /><testcase classname="tests.clientlib_test" name="test_local_hooks_with_rev_fails" time="0.001" /><testcase classname="tests.clientlib_test" name="test_config_with_local_hooks_definition_passes" time="0.001" /><testcase classname="tests.clientlib_test" name="test_config_schema_does_not_contain_defaults" time="0.001" /><testcase classname="tests.clientlib_test" name="test_validate_manifest_main_ok" time="0.002" /><testcase classname="tests.clientlib_test" name="test_validate_config_main_ok" time="0.003" /><testcase classname="tests.clientlib_test" name="test_validate_config_old_list_format_ok" time="0.003" /><testcase classname="tests.clientlib_test" name="test_validate_warn_on_unknown_keys_at_repo_level" time="0.003" /><testcase classname="tests.clientlib_test" name="test_validate_warn_on_unknown_keys_at_top_level" time="0.003" /><testcase classname="tests.clientlib_test" name="test_ci_map_key_allowed_at_top_level" time="0.001" /><testcase classname="tests.clientlib_test" name="test_ci_key_must_be_map" time="0.001" /><testcase classname="tests.clientlib_test" name="test_warn_mutable_rev_ok[v0.12.4]" time="0.001" /><testcase classname="tests.clientlib_test" name="test_warn_mutable_rev_ok[b27f281]" time="0.001" /><testcase classname="tests.clientlib_test" name="test_warn_mutable_rev_ok[b27f281eb9398fc8504415d7fbdabf119ea8c5e1]" time="0.001" /><testcase classname="tests.clientlib_test" name="test_warn_mutable_rev_ok[19.10b0]" time="0.001" /><testcase classname="tests.clientlib_test" name="test_warn_mutable_rev_ok[4.3.21-2]" time="0.001" /><testcase classname="tests.clientlib_test" name="test_warn_mutable_rev_invalid[]" time="0.001" /><testcase classname="tests.clientlib_test" name="test_warn_mutable_rev_invalid[HEAD]" time="0.001" /><testcase classname="tests.clientlib_test" name="test_warn_mutable_rev_invalid[stable]" time="0.001" /><testcase classname="tests.clientlib_test" name="test_warn_mutable_rev_invalid[master]" time="0.001" /><testcase classname="tests.clientlib_test" name="test_warn_mutable_rev_invalid[some_branch_name]" time="0.001" /><testcase classname="tests.clientlib_test" name="test_warn_mutable_rev_conditional" time="0.001" /><testcase classname="tests.clientlib_test" name="test_validate_optional_sensible_regex_at_hook[dir/*.py-The 'files' field in hook 'flake8' is a regex, not a glob -- matching '/*' probably isn't what you want here]" time="0.001" /><testcase classname="tests.clientlib_test" name="test_validate_optional_sensible_regex_at_hook[dir[\\/].*\\.py-pre-commit normalizes slashes in the 'files' field in hook 'flake8' to forward slashes, so you can use / instead of [\\/]]" time="0.001" /><testcase classname="tests.clientlib_test" name="test_validate_optional_sensible_regex_at_hook[dir[/\\\\].*\\.py-pre-commit normalizes slashes in the 'files' field in hook 'flake8' to forward slashes, so you can use / instead of [/\\\\]]" time="0.001" /><testcase classname="tests.clientlib_test" name="test_validate_optional_sensible_regex_at_hook[dir[\\\\/].*\\.py-pre-commit normalizes slashes in the 'files' field in hook 'flake8' to forward slashes, so you can use / instead of [\\\\/]]" time="0.001" /><testcase classname="tests.clientlib_test" name="test_validate_optional_sensible_regex_at_top_level[dir/*.py-The top-level 'files' field is a regex, not a glob -- matching '/*' probably isn't what you want here]" time="0.001" /><testcase classname="tests.clientlib_test" name="test_validate_optional_sensible_regex_at_top_level[dir[\\/].*\\.py-pre-commit normalizes the slashes in the top-level 'files' field to forward slashes, so you can use / instead of [\\/]]" time="0.001" /><testcase classname="tests.clientlib_test" name="test_validate_optional_sensible_regex_at_top_level[dir[/\\\\].*\\.py-pre-commit normalizes the slashes in the top-level 'files' field to forward slashes, so you can use / instead of [/\\\\]]" time="0.001" /><testcase classname="tests.clientlib_test" name="test_validate_optional_sensible_regex_at_top_level[dir[\\\\/].*\\.py-pre-commit normalizes the slashes in the top-level 'files' field to forward slashes, so you can use / instead of [\\\\/]]" time="0.001" /><testcase classname="tests.clientlib_test" name="test_mains_not_ok[validate_config_main]" time="0.004" /><testcase classname="tests.clientlib_test" name="test_mains_not_ok[validate_manifest_main]" time="0.005" /><testcase classname="tests.clientlib_test" name="test_valid_manifests[manifest_obj0-True]" time="0.001" /><testcase classname="tests.clientlib_test" name="test_valid_manifests[manifest_obj1-True]" time="0.001" /><testcase classname="tests.clientlib_test" name="test_valid_manifests[manifest_obj2-True]" time="0.001" /><testcase classname="tests.clientlib_test" name="test_migrate_sha_to_rev_ok[dct0]" time="0.001" /><testcase classname="tests.clientlib_test" name="test_migrate_sha_to_rev_ok[dct1]" time="0.001" /><testcase classname="tests.clientlib_test" name="test_migrate_sha_to_rev_ok[dct2]" time="0.001" /><testcase classname="tests.clientlib_test" name="test_migrate_sha_to_rev_ok[dct3]" time="0.001" /><testcase classname="tests.clientlib_test" name="test_migrate_sha_to_rev_dont_specify_both" time="0.001" /><testcase classname="tests.clientlib_test" name="test_migrate_sha_to_rev_conditional_check_failures[dct0]" time="0.001" /><testcase classname="tests.clientlib_test" name="test_migrate_sha_to_rev_conditional_check_failures[dct1]" time="0.001" /><testcase classname="tests.clientlib_test" name="test_migrate_sha_to_rev_conditional_check_failures[dct2]" time="0.001" /><testcase classname="tests.clientlib_test" name="test_migrate_to_sha_apply_default" time="0.001" /><testcase classname="tests.clientlib_test" name="test_migrate_to_sha_ok" time="0.001" /><testcase classname="tests.clientlib_test" name="test_meta_hook_invalid[config_repo0]" time="0.029" /><testcase classname="tests.clientlib_test" name="test_meta_hook_invalid[config_repo1]" time="0.001" /><testcase classname="tests.clientlib_test" name="test_meta_hook_invalid[config_repo2]" time="0.001" /><testcase classname="tests.clientlib_test" name="test_meta_hook_invalid[cannot override entry for meta hooks]" time="0.001" /><testcase classname="tests.clientlib_test" name="test_meta_check_hooks_apply_only_at_top_level" time="0.001" /><testcase classname="tests.clientlib_test" name="test_default_language_version_invalid[mapping0]" time="0.001" /><testcase classname="tests.clientlib_test" name="test_default_language_version_invalid[mapping1]" time="0.001" /><testcase classname="tests.clientlib_test" name="test_minimum_pre_commit_version_failing" time="0.001" /><testcase classname="tests.clientlib_test" name="test_minimum_pre_commit_version_passing" time="0.001" /><testcase classname="tests.clientlib_test" name="test_warn_additional[schema0]" time="0.001" /><testcase classname="tests.clientlib_test" name="test_warn_additional[schema1]" time="0.001" /><testcase classname="tests.color_test" name="test_format_color[foo-\x1b[42m-True-\x1b[42mfoo\x1b[m]" time="0.001" /><testcase classname="tests.color_test" name="test_format_color[foo-\x1b[42m-False-foo]" time="0.001" /><testcase classname="tests.color_test" name="test_use_color_never" time="0.001" /><testcase classname="tests.color_test" name="test_use_color_always" time="0.001" /><testcase classname="tests.color_test" name="test_use_color_no_tty" time="0.001" /><testcase classname="tests.color_test" name="test_use_color_tty_with_color_support" time="0.001" /><testcase classname="tests.color_test" name="test_use_color_tty_without_color_support" time="0.001" /><testcase classname="tests.color_test" name="test_use_color_dumb_term" time="0.001" /><testcase classname="tests.color_test" name="test_use_color_raises_if_given_shenanigans" time="0.001" /><testcase classname="tests.envcontext_test" name="test_trivial" time="0.001" /><testcase classname="tests.envcontext_test" name="test_noop" time="0.001" /><testcase classname="tests.envcontext_test" name="test_adds" time="0.001" /><testcase classname="tests.envcontext_test" name="test_overrides" time="0.001" /><testcase classname="tests.envcontext_test" name="test_unset_but_nothing_to_unset" time="0.001" /><testcase classname="tests.envcontext_test" name="test_unset_things_to_remove" time="0.001" /><testcase classname="tests.envcontext_test" name="test_templated_environment_variable_missing" time="0.001" /><testcase classname="tests.envcontext_test" name="test_templated_environment_variable_defaults" time="0.001" /><testcase classname="tests.envcontext_test" name="test_templated_environment_variable_there" time="0.001" /><testcase classname="tests.envcontext_test" name="test_templated_environ_sources_from_previous" time="0.001" /><testcase classname="tests.envcontext_test" name="test_exception_safety" time="0.001" /><testcase classname="tests.envcontext_test" name="test_integration_os_environ" time="0.001" /><testcase classname="tests.error_handler_test" name="test_error_handler_no_exception" time="0.001" /><testcase classname="tests.error_handler_test" name="test_error_handler_fatal_error" time="0.004" /><testcase classname="tests.error_handler_test" name="test_error_handler_uncaught_error" time="0.003" /><testcase classname="tests.error_handler_test" name="test_error_handler_keyboardinterrupt" time="0.003" /><testcase classname="tests.error_handler_test" name="test_log_and_exit" time="0.038" /><testcase classname="tests.error_handler_test" name="test_error_handler_non_ascii_exception" time="0.029" /><testcase classname="tests.error_handler_test" name="test_error_handler_non_utf8_exception" time="0.028" /><testcase classname="tests.error_handler_test" name="test_error_handler_non_stringable_exception" time="0.027" /><testcase classname="tests.error_handler_test" name="test_error_handler_no_tty" time="0.108" /><testcase classname="tests.error_handler_test" name="test_error_handler_read_only_filesystem" time="0.028" /><testcase classname="tests.git_test" name="test_get_root_at_root" time="0.008" /><testcase classname="tests.git_test" name="test_get_root_deeper" time="0.009" /><testcase classname="tests.git_test" name="test_get_root_in_git_sub_dir" time="0.010" /><testcase classname="tests.git_test" name="test_get_root_not_in_working_dir" time="0.008" /><testcase classname="tests.git_test" name="test_in_exactly_dot_git" time="0.010" /><testcase classname="tests.git_test" name="test_get_root_bare_worktree" time="0.029" /><testcase classname="tests.git_test" name="test_get_git_dir" time="0.024" /><testcase classname="tests.git_test" name="test_get_root_worktree_in_git" time="0.022" /><testcase classname="tests.git_test" name="test_get_staged_files_deleted" time="0.019" /><testcase classname="tests.git_test" name="test_is_not_in_merge_conflict" time="0.008" /><testcase classname="tests.git_test" name="test_is_in_merge_conflict" time="0.081" /><testcase classname="tests.git_test" name="test_is_in_merge_conflict_submodule" time="0.060"><error message="failed on setup with &quot;pre_commit.util.CalledProcessError: command: ('/usr/bin/git', 'submodule', 'add', '/tmp/pytest-of-tester/pytest-44/test_is_in_merge_conflict_subm0/1', 'sub')&#10;return code: 128&#10;expected return code: 0&#10;stdout: (none)&#10;stderr:&#10;    Cloning into '/tmp/pytest-of-tester/pytest-44/test_is_in_merge_conflict_subm0/0/sub'...&#10;    fatal: transport 'file' not allowed&#10;    fatal: clone of '/tmp/pytest-of-tester/pytest-44/test_is_in_merge_conflict_subm0/1' into submodule path '/tmp/pytest-of-tester/pytest-44/test_is_in_merge_conflict_subm0/0/sub' failed&quot;">Traceback (most recent call last):
  File "/workdir/pre-commit-2.20.0/.tox/cpythonlibtest-unit-test-tests/lib/python3.10/site-packages/_pytest/runner.py", line 341, in from_call
    result: Optional[TResult] = func()
  File "/workdir/pre-commit-2.20.0/.tox/cpythonlibtest-unit-test-tests/lib/python3.10/site-packages/_pytest/runner.py", line 262, in &lt;lambda&gt;
    lambda: ihook(item=item, **kwds), when=when, reraise=reraise
  File "/workdir/pre-commit-2.20.0/.tox/cpythonlibtest-unit-test-tests/lib/python3.10/site-packages/pluggy/_hooks.py", line 493, in __call__
    return self._hookexec(self.name, self._hookimpls, kwargs, firstresult)
  File "/workdir/pre-commit-2.20.0/.tox/cpythonlibtest-unit-test-tests/lib/python3.10/site-packages/pluggy/_manager.py", line 115, in _hookexec
    return self._inner_hookexec(hook_name, methods, kwargs, firstresult)
  File "/workdir/pre-commit-2.20.0/.tox/cpythonlibtest-unit-test-tests/lib/python3.10/site-packages/pluggy/_callers.py", line 152, in _multicall
    return outcome.get_result()
  File "/workdir/pre-commit-2.20.0/.tox/cpythonlibtest-unit-test-tests/lib/python3.10/site-packages/pluggy/_result.py", line 114, in get_result
    raise exc.with_traceback(exc.__traceback__)
  File "/workdir/pre-commit-2.20.0/.tox/cpythonlibtest-unit-test-tests/lib/python3.10/site-packages/pluggy/_callers.py", line 77, in _multicall
    res = hook_impl.function(*args)
  File "/workdir/pre-commit-2.20.0/.tox/cpythonlibtest-unit-test-tests/lib/python3.10/site-packages/_pytest/runner.py", line 157, in pytest_runtest_setup
    item.session._setupstate.setup(item)
  File "/workdir/pre-commit-2.20.0/.tox/cpythonlibtest-unit-test-tests/lib/python3.10/site-packages/_pytest/runner.py", line 497, in setup
    raise exc
  File "/workdir/pre-commit-2.20.0/.tox/cpythonlibtest-unit-test-tests/lib/python3.10/site-packages/_pytest/runner.py", line 494, in setup
    col.setup()
  File "/workdir/pre-commit-2.20.0/.tox/cpythonlibtest-unit-test-tests/lib/python3.10/site-packages/_pytest/python.py", line 1795, in setup
    self._request._fillfixtures()
  File "/workdir/pre-commit-2.20.0/.tox/cpythonlibtest-unit-test-tests/lib/python3.10/site-packages/_pytest/fixtures.py", line 566, in _fillfixtures
    item.funcargs[argname] = self.getfixturevalue(argname)
  File "/workdir/pre-commit-2.20.0/.tox/cpythonlibtest-unit-test-tests/lib/python3.10/site-packages/_pytest/fixtures.py", line 585, in getfixturevalue
    fixturedef = self._get_active_fixturedef(argname)
  File "/workdir/pre-commit-2.20.0/.tox/cpythonlibtest-unit-test-tests/lib/python3.10/site-packages/_pytest/fixtures.py", line 607, in _get_active_fixturedef
    self._compute_fixture_value(fixturedef)
  File "/workdir/pre-commit-2.20.0/.tox/cpythonlibtest-unit-test-tests/lib/python3.10/site-packages/_pytest/fixtures.py", line 693, in _compute_fixture_value
    fixturedef.execute(request=subrequest)
  File "/workdir/pre-commit-2.20.0/.tox/cpythonlibtest-unit-test-tests/lib/python3.10/site-packages/_pytest/fixtures.py", line 1069, in execute
    result = ihook.pytest_fixture_setup(fixturedef=self, request=request)
  File "/workdir/pre-commit-2.20.0/.tox/cpythonlibtest-unit-test-tests/lib/python3.10/site-packages/pluggy/_hooks.py", line 493, in __call__
    return self._hookexec(self.name, self._hookimpls, kwargs, firstresult)
  File "/workdir/pre-commit-2.20.0/.tox/cpythonlibtest-unit-test-tests/lib/python3.10/site-packages/pluggy/_manager.py", line 115, in _hookexec
    return self._inner_hookexec(hook_name, methods, kwargs, firstresult)
  File "/workdir/pre-commit-2.20.0/.tox/cpythonlibtest-unit-test-tests/lib/python3.10/site-packages/pluggy/_callers.py", line 152, in _multicall
    return outcome.get_result()
  File "/workdir/pre-commit-2.20.0/.tox/cpythonlibtest-unit-test-tests/lib/python3.10/site-packages/pluggy/_result.py", line 114, in get_result
    raise exc.with_traceback(exc.__traceback__)
  File "/workdir/pre-commit-2.20.0/.tox/cpythonlibtest-unit-test-tests/lib/python3.10/site-packages/pluggy/_callers.py", line 77, in _multicall
    res = hook_impl.function(*args)
  File "/workdir/pre-commit-2.20.0/.tox/cpythonlibtest-unit-test-tests/lib/python3.10/site-packages/_pytest/fixtures.py", line 1123, in pytest_fixture_setup
    result = call_fixture_func(fixturefunc, request, kwargs)
  File "/workdir/pre-commit-2.20.0/.tox/cpythonlibtest-unit-test-tests/lib/python3.10/site-packages/_pytest/fixtures.py", line 895, in call_fixture_func
    fixture_result = next(generator)
  File "/workdir/pre-commit-2.20.0/tests/conftest.py", line 93, in in_conflicting_submodule
    cmd_output('git', 'submodule', 'add', git_dir_2, 'sub', cwd=git_dir_1)
  File "/workdir/pre-commit-2.20.0/pre_commit/util.py", line 152, in cmd_output
    returncode, stdout_b, stderr_b = cmd_output_b(*cmd, **kwargs)
  File "/workdir/pre-commit-2.20.0/pre_commit/util.py", line 146, in cmd_output_b
    raise CalledProcessError(returncode, cmd, retcode, stdout_b, stderr_b)
pre_commit.util.CalledProcessError: command: ('/usr/bin/git', 'submodule', 'add', '/tmp/pytest-of-tester/pytest-44/test_is_in_merge_conflict_subm0/1', 'sub')
return code: 128
expected return code: 0
stdout: (none)
stderr:
    Cloning into '/tmp/pytest-of-tester/pytest-44/test_is_in_merge_conflict_subm0/0/sub'...
    fatal: transport 'file' not allowed
    fatal: clone of '/tmp/pytest-of-tester/pytest-44/test_is_in_merge_conflict_subm0/1' into submodule path '/tmp/pytest-of-tester/pytest-44/test_is_in_merge_conflict_subm0/0/sub' failed</error></testcase><testcase classname="tests.git_test" name="test_cherry_pick_conflict" time="0.094" /><testcase classname="tests.git_test" name="test_get_conflicted_files" time="0.095" /><testcase classname="tests.git_test" name="test_get_conflicted_files_in_submodule" time="0.048"><error message="failed on setup with &quot;pre_commit.util.CalledProcessError: command: ('/usr/bin/git', 'submodule', 'add', '/tmp/pytest-of-tester/pytest-44/test_get_conflicted_files_in_s0/1', 'sub')&#10;return code: 128&#10;expected return code: 0&#10;stdout: (none)&#10;stderr:&#10;    Cloning into '/tmp/pytest-of-tester/pytest-44/test_get_conflicted_files_in_s0/0/sub'...&#10;    fatal: transport 'file' not allowed&#10;    fatal: clone of '/tmp/pytest-of-tester/pytest-44/test_get_conflicted_files_in_s0/1' into submodule path '/tmp/pytest-of-tester/pytest-44/test_get_conflicted_files_in_s0/0/sub' failed&quot;">Traceback (most recent call last):
  File "/workdir/pre-commit-2.20.0/.tox/cpythonlibtest-unit-test-tests/lib/python3.10/site-packages/_pytest/runner.py", line 341, in from_call
    result: Optional[TResult] = func()
  File "/workdir/pre-commit-2.20.0/.tox/cpythonlibtest-unit-test-tests/lib/python3.10/site-packages/_pytest/runner.py", line 262, in &lt;lambda&gt;
    lambda: ihook(item=item, **kwds), when=when, reraise=reraise
  File "/workdir/pre-commit-2.20.0/.tox/cpythonlibtest-unit-test-tests/lib/python3.10/site-packages/pluggy/_hooks.py", line 493, in __call__
    return self._hookexec(self.name, self._hookimpls, kwargs, firstresult)
  File "/workdir/pre-commit-2.20.0/.tox/cpythonlibtest-unit-test-tests/lib/python3.10/site-packages/pluggy/_manager.py", line 115, in _hookexec
    return self._inner_hookexec(hook_name, methods, kwargs, firstresult)
  File "/workdir/pre-commit-2.20.0/.tox/cpythonlibtest-unit-test-tests/lib/python3.10/site-packages/pluggy/_callers.py", line 152, in _multicall
    return outcome.get_result()
  File "/workdir/pre-commit-2.20.0/.tox/cpythonlibtest-unit-test-tests/lib/python3.10/site-packages/pluggy/_result.py", line 114, in get_result
    raise exc.with_traceback(exc.__traceback__)
  File "/workdir/pre-commit-2.20.0/.tox/cpythonlibtest-unit-test-tests/lib/python3.10/site-packages/pluggy/_callers.py", line 77, in _multicall
    res = hook_impl.function(*args)
  File "/workdir/pre-commit-2.20.0/.tox/cpythonlibtest-unit-test-tests/lib/python3.10/site-packages/_pytest/runner.py", line 157, in pytest_runtest_setup
    item.session._setupstate.setup(item)
  File "/workdir/pre-commit-2.20.0/.tox/cpythonlibtest-unit-test-tests/lib/python3.10/site-packages/_pytest/runner.py", line 497, in setup
    raise exc
  File "/workdir/pre-commit-2.20.0/.tox/cpythonlibtest-unit-test-tests/lib/python3.10/site-packages/_pytest/runner.py", line 494, in setup
    col.setup()
  File "/workdir/pre-commit-2.20.0/.tox/cpythonlibtest-unit-test-tests/lib/python3.10/site-packages/_pytest/python.py", line 1795, in setup
    self._request._fillfixtures()
  File "/workdir/pre-commit-2.20.0/.tox/cpythonlibtest-unit-test-tests/lib/python3.10/site-packages/_pytest/fixtures.py", line 566, in _fillfixtures
    item.funcargs[argname] = self.getfixturevalue(argname)
  File "/workdir/pre-commit-2.20.0/.tox/cpythonlibtest-unit-test-tests/lib/python3.10/site-packages/_pytest/fixtures.py", line 585, in getfixturevalue
    fixturedef = self._get_active_fixturedef(argname)
  File "/workdir/pre-commit-2.20.0/.tox/cpythonlibtest-unit-test-tests/lib/python3.10/site-packages/_pytest/fixtures.py", line 607, in _get_active_fixturedef
    self._compute_fixture_value(fixturedef)
  File "/workdir/pre-commit-2.20.0/.tox/cpythonlibtest-unit-test-tests/lib/python3.10/site-packages/_pytest/fixtures.py", line 693, in _compute_fixture_value
    fixturedef.execute(request=subrequest)
  File "/workdir/pre-commit-2.20.0/.tox/cpythonlibtest-unit-test-tests/lib/python3.10/site-packages/_pytest/fixtures.py", line 1069, in execute
    result = ihook.pytest_fixture_setup(fixturedef=self, request=request)
  File "/workdir/pre-commit-2.20.0/.tox/cpythonlibtest-unit-test-tests/lib/python3.10/site-packages/pluggy/_hooks.py", line 493, in __call__
    return self._hookexec(self.name, self._hookimpls, kwargs, firstresult)
  File "/workdir/pre-commit-2.20.0/.tox/cpythonlibtest-unit-test-tests/lib/python3.10/site-packages/pluggy/_manager.py", line 115, in _hookexec
    return self._inner_hookexec(hook_name, methods, kwargs, firstresult)
  File "/workdir/pre-commit-2.20.0/.tox/cpythonlibtest-unit-test-tests/lib/python3.10/site-packages/pluggy/_callers.py", line 152, in _multicall
    return outcome.get_result()
  File "/workdir/pre-commit-2.20.0/.tox/cpythonlibtest-unit-test-tests/lib/python3.10/site-packages/pluggy/_result.py", line 114, in get_result
    raise exc.with_traceback(exc.__traceback__)
  File "/workdir/pre-commit-2.20.0/.tox/cpythonlibtest-unit-test-tests/lib/python3.10/site-packages/pluggy/_callers.py", line 77, in _multicall
    res = hook_impl.function(*args)
  File "/workdir/pre-commit-2.20.0/.tox/cpythonlibtest-unit-test-tests/lib/python3.10/site-packages/_pytest/fixtures.py", line 1123, in pytest_fixture_setup
    result = call_fixture_func(fixturefunc, request, kwargs)
  File "/workdir/pre-commit-2.20.0/.tox/cpythonlibtest-unit-test-tests/lib/python3.10/site-packages/_pytest/fixtures.py", line 895, in call_fixture_func
    fixture_result = next(generator)
  File "/workdir/pre-commit-2.20.0/tests/conftest.py", line 93, in in_conflicting_submodule
    cmd_output('git', 'submodule', 'add', git_dir_2, 'sub', cwd=git_dir_1)
  File "/workdir/pre-commit-2.20.0/pre_commit/util.py", line 152, in cmd_output
    returncode, stdout_b, stderr_b = cmd_output_b(*cmd, **kwargs)
  File "/workdir/pre-commit-2.20.0/pre_commit/util.py", line 146, in cmd_output_b
    raise CalledProcessError(returncode, cmd, retcode, stdout_b, stderr_b)
pre_commit.util.CalledProcessError: command: ('/usr/bin/git', 'submodule', 'add', '/tmp/pytest-of-tester/pytest-44/test_get_conflicted_files_in_s0/1', 'sub')
return code: 128
expected return code: 0
stdout: (none)
stderr:
    Cloning into '/tmp/pytest-of-tester/pytest-44/test_get_conflicted_files_in_s0/0/sub'...
    fatal: transport 'file' not allowed
    fatal: clone of '/tmp/pytest-of-tester/pytest-44/test_get_conflicted_files_in_s0/1' into submodule path '/tmp/pytest-of-tester/pytest-44/test_get_conflicted_files_in_s0/0/sub' failed</error></testcase><testcase classname="tests.git_test" name="test_get_conflicted_files_unstaged_files" time="0.093" /><testcase classname="tests.git_test" name="test_parse_merge_msg_for_conflicts[Merge branch 'foo' into bar\n\nConflicts:\n\tconflict_file\n-expected_output0]" time="0.002" /><testcase classname="tests.git_test" name="test_parse_merge_msg_for_conflicts[Merge branch 'foo' into bar\n\nConflicts:\n\tconflict_file\n\tother_conflict_file\n-expected_output1]" time="0.001" /><testcase classname="tests.git_test" name="test_get_changed_files" time="0.023" /><testcase classname="tests.git_test" name="test_get_changed_files_disparate_histories" time="0.036" /><testcase classname="tests.git_test" name="test_zsplit[foo\x00bar\x00-expected0]" time="0.001" /><testcase classname="tests.git_test" name="test_zsplit[foo\x00-expected1]" time="0.001" /><testcase classname="tests.git_test" name="test_zsplit[-expected2]" time="0.001" /><testcase classname="tests.git_test" name="test_zsplit[foo-expected3]" time="0.001" /><testcase classname="tests.git_test" name="test_all_files_non_ascii" time="0.023" /><testcase classname="tests.git_test" name="test_staged_files_non_ascii" time="0.025" /><testcase classname="tests.git_test" name="test_changed_files_non_ascii" time="0.022" /><testcase classname="tests.git_test" name="test_get_conflicted_files_non_ascii" time="0.094" /><testcase classname="tests.git_test" name="test_intent_to_add" time="0.011" /><testcase classname="tests.git_test" name="test_status_output_with_rename" time="0.023" /><testcase classname="tests.git_test" name="test_no_git_env" time="0.001" /><testcase classname="tests.git_test" name="test_init_repo_no_hooks" time="0.009" /><testcase classname="tests.logging_handler_test" name="test_logging_handler_color" time="0.001" /><testcase classname="tests.logging_handler_test" name="test_logging_handler_no_color" time="0.001" /><testcase classname="tests.main_test" name="test_adjust_args_and_chdir_not_in_git_dir" time="0.005" /><testcase classname="tests.main_test" name="test_adjust_args_and_chdir_noop" time="0.009" /><testcase classname="tests.main_test" name="test_adjust_args_and_chdir_relative_things" time="0.010" /><testcase classname="tests.main_test" name="test_install_on_subst" time="0.000"><skipped type="pytest.skip" message="windows feature">/workdir/pre-commit-2.20.0/tests/main_test.py:47: windows feature</skipped></testcase><testcase classname="tests.main_test" name="test_adjust_args_and_chdir_non_relative_config" time="0.009" /><testcase classname="tests.main_test" name="test_adjust_args_try_repo_repo_relative" time="0.009" /><testcase classname="tests.main_test" name="test_overall_help" time="0.016" /><testcase classname="tests.main_test" name="test_help_command" time="0.016" /><testcase classname="tests.main_test" name="test_help_other_command" time="0.014" /><testcase classname="tests.main_test" name="test_all_cmds[autoupdate]" time="0.068" /><testcase classname="tests.main_test" name="test_all_cmds[clean]" time="0.037" /><testcase classname="tests.main_test" name="test_all_cmds[gc]" time="0.039" /><testcase classname="tests.main_test" name="test_all_cmds[hook-impl]" time="0.050" /><testcase classname="tests.main_test" name="test_all_cmds[install]" time="0.050" /><testcase classname="tests.main_test" name="test_all_cmds[install-hooks]" time="0.054" /><testcase classname="tests.main_test" name="test_all_cmds[migrate-config]" time="0.052" /><testcase classname="tests.main_test" name="test_all_cmds[run]" time="0.092" /><testcase classname="tests.main_test" name="test_all_cmds[sample-config]" time="0.039" /><testcase classname="tests.main_test" name="test_all_cmds[uninstall]" time="0.050" /><testcase classname="tests.main_test" name="test_all_cmds[validate-config]" time="0.037" /><testcase classname="tests.main_test" name="test_all_cmds[validate-manifest]" time="0.040" /><testcase classname="tests.main_test" name="test_try_repo" time="0.046" /><testcase classname="tests.main_test" name="test_init_templatedir" time="0.032" /><testcase classname="tests.main_test" name="test_init_templatedir_options" time="0.032" /><testcase classname="tests.main_test" name="test_help_cmd_in_empty_directory" time="0.017" /><testcase classname="tests.main_test" name="test_expected_fatal_error_no_git_repo" time="0.035" /><testcase classname="tests.output_test" name="test_output_write_writes" time="0.001" /><testcase classname="tests.parse_shebang_test" name="test_file_doesnt_exist" time="0.001" /><testcase classname="tests.parse_shebang_test" name="test_simple_case" time="0.002" /><testcase classname="tests.parse_shebang_test" name="test_find_executable_full_path" time="0.001" /><testcase classname="tests.parse_shebang_test" name="test_find_executable_on_path" time="0.001" /><testcase classname="tests.parse_shebang_test" name="test_find_executable_not_found_none" time="0.001" /><testcase classname="tests.parse_shebang_test" name="test_find_executable_path_added" time="0.002" /><testcase classname="tests.parse_shebang_test" name="test_find_executable_path_ext" time="0.002" /><testcase classname="tests.parse_shebang_test" name="test_normexe_does_not_exist" time="0.001" /><testcase classname="tests.parse_shebang_test" name="test_normexe_does_not_exist_sep" time="0.001" /><testcase classname="tests.parse_shebang_test" name="test_normexe_not_executable" time="0.002" /><testcase classname="tests.parse_shebang_test" name="test_normexe_is_a_directory" time="0.002" /><testcase classname="tests.parse_shebang_test" name="test_normexe_already_full_path" time="0.001" /><testcase classname="tests.parse_shebang_test" name="test_normexe_gives_full_path" time="0.001" /><testcase classname="tests.parse_shebang_test" name="test_normalize_cmd_trivial" time="0.001" /><testcase classname="tests.parse_shebang_test" name="test_normalize_cmd_PATH" time="0.001" /><testcase classname="tests.parse_shebang_test" name="test_normalize_cmd_shebang" time="0.002" /><testcase classname="tests.parse_shebang_test" name="test_normalize_cmd_PATH_shebang_full_path" time="0.003" /><testcase classname="tests.parse_shebang_test" name="test_normalize_cmd_PATH_shebang_PATH" time="0.003" /><testcase classname="tests.prefix_test" name="test_path[foo--foo]" time="0.001" /><testcase classname="tests.prefix_test" name="test_path[foo-bar-foo/bar]" time="0.001" /><testcase classname="tests.prefix_test" name="test_path[foo/bar-../baz-foo/baz]" time="0.001" /><testcase classname="tests.prefix_test" name="test_path[./-bar-bar]" time="0.001" /><testcase classname="tests.prefix_test" name="test_path[./--.]" time="0.001" /><testcase classname="tests.prefix_test" name="test_path[/tmp/foo-/tmp/bar-/tmp/bar]" time="0.001" /><testcase classname="tests.prefix_test" name="test_path_multiple_args" time="0.001" /><testcase classname="tests.prefix_test" name="test_exists" time="0.002" /><testcase classname="tests.prefix_test" name="test_star" time="0.002" /><testcase classname="tests.repository_test" name="test_conda_hook" time="0.098"><failure message="pre_commit.util.CalledProcessError: command: ('conda', 'env', 'create', '-p', '/tmp/pytest-of-tester/pytest-44/test_conda_hook0/0/.pre-commit/repol4tx30lw/conda-default', '--file', 'environment.yml')&#10;return code: 1&#10;expected return code: 0&#10;stdout:&#10;    Executable `conda` not found&#10;stderr: (none)">Traceback (most recent call last):
  File "/workdir/pre-commit-2.20.0/.tox/cpythonlibtest-unit-test-tests/lib/python3.10/site-packages/_pytest/runner.py", line 341, in from_call
    result: Optional[TResult] = func()
  File "/workdir/pre-commit-2.20.0/.tox/cpythonlibtest-unit-test-tests/lib/python3.10/site-packages/_pytest/runner.py", line 262, in &lt;lambda&gt;
    lambda: ihook(item=item, **kwds), when=when, reraise=reraise
  File "/workdir/pre-commit-2.20.0/.tox/cpythonlibtest-unit-test-tests/lib/python3.10/site-packages/pluggy/_hooks.py", line 493, in __call__
    return self._hookexec(self.name, self._hookimpls, kwargs, firstresult)
  File "/workdir/pre-commit-2.20.0/.tox/cpythonlibtest-unit-test-tests/lib/python3.10/site-packages/pluggy/_manager.py", line 115, in _hookexec
    return self._inner_hookexec(hook_name, methods, kwargs, firstresult)
  File "/workdir/pre-commit-2.20.0/.tox/cpythonlibtest-unit-test-tests/lib/python3.10/site-packages/pluggy/_callers.py", line 152, in _multicall
    return outcome.get_result()
  File "/workdir/pre-commit-2.20.0/.tox/cpythonlibtest-unit-test-tests/lib/python3.10/site-packages/pluggy/_result.py", line 114, in get_result
    raise exc.with_traceback(exc.__traceback__)
  File "/workdir/pre-commit-2.20.0/.tox/cpythonlibtest-unit-test-tests/lib/python3.10/site-packages/pluggy/_callers.py", line 77, in _multicall
    res = hook_impl.function(*args)
  File "/workdir/pre-commit-2.20.0/.tox/cpythonlibtest-unit-test-tests/lib/python3.10/site-packages/_pytest/runner.py", line 177, in pytest_runtest_call
    raise e
  File "/workdir/pre-commit-2.20.0/.tox/cpythonlibtest-unit-test-tests/lib/python3.10/site-packages/_pytest/runner.py", line 169, in pytest_runtest_call
    item.runtest()
  File "/workdir/pre-commit-2.20.0/.tox/cpythonlibtest-unit-test-tests/lib/python3.10/site-packages/_pytest/python.py", line 1792, in runtest
    self.ihook.pytest_pyfunc_call(pyfuncitem=self)
  File "/workdir/pre-commit-2.20.0/.tox/cpythonlibtest-unit-test-tests/lib/python3.10/site-packages/pluggy/_hooks.py", line 493, in __call__
    return self._hookexec(self.name, self._hookimpls, kwargs, firstresult)
  File "/workdir/pre-commit-2.20.0/.tox/cpythonlibtest-unit-test-tests/lib/python3.10/site-packages/pluggy/_manager.py", line 115, in _hookexec
    return self._inner_hookexec(hook_name, methods, kwargs, firstresult)
  File "/workdir/pre-commit-2.20.0/.tox/cpythonlibtest-unit-test-tests/lib/python3.10/site-packages/pluggy/_callers.py", line 113, in _multicall
    raise exception.with_traceback(exception.__traceback__)
  File "/workdir/pre-commit-2.20.0/.tox/cpythonlibtest-unit-test-tests/lib/python3.10/site-packages/pluggy/_callers.py", line 77, in _multicall
    res = hook_impl.function(*args)
  File "/workdir/pre-commit-2.20.0/.tox/cpythonlibtest-unit-test-tests/lib/python3.10/site-packages/_pytest/python.py", line 194, in pytest_pyfunc_call
    result = testfunction(**testargs)
  File "/workdir/pre-commit-2.20.0/tests/repository_test.py", line 85, in test_conda_hook
    _test_hook_repo(
  File "/workdir/pre-commit-2.20.0/tests/repository_test.py", line 78, in _test_hook_repo
    hook = _get_hook(config, store, hook_id)
  File "/workdir/pre-commit-2.20.0/tests/repository_test.py", line 61, in _get_hook
    install_hook_envs([hook], store)
  File "/workdir/pre-commit-2.20.0/pre_commit/repository.py", line 223, in install_hook_envs
    _hook_install(hook)
  File "/workdir/pre-commit-2.20.0/pre_commit/repository.py", line 79, in _hook_install
    lang.install_environment(
  File "/workdir/pre-commit-2.20.0/pre_commit/languages/conda.py", line 75, in install_environment
    cmd_output_b(
  File "/workdir/pre-commit-2.20.0/pre_commit/util.py", line 146, in cmd_output_b
    raise CalledProcessError(returncode, cmd, retcode, stdout_b, stderr_b)
pre_commit.util.CalledProcessError: command: ('conda', 'env', 'create', '-p', '/tmp/pytest-of-tester/pytest-44/test_conda_hook0/0/.pre-commit/repol4tx30lw/conda-default', '--file', 'environment.yml')
return code: 1
expected return code: 0
stdout:
    Executable `conda` not found
stderr: (none)</failure></testcase><testcase classname="tests.repository_test" name="test_conda_with_additional_dependencies_hook" time="0.145"><failure message="pre_commit.util.CalledProcessError: command: ('conda', 'env', 'create', '-p', '/tmp/pytest-of-tester/pytest-44/test_conda_with_additional_dep0/0/.pre-commit/reposewv3ivh/conda-default', '--file', 'environment.yml')&#10;return code: 1&#10;expected return code: 0&#10;stdout:&#10;    Executable `conda` not found&#10;stderr: (none)">Traceback (most recent call last):
  File "/workdir/pre-commit-2.20.0/.tox/cpythonlibtest-unit-test-tests/lib/python3.10/site-packages/_pytest/runner.py", line 341, in from_call
    result: Optional[TResult] = func()
  File "/workdir/pre-commit-2.20.0/.tox/cpythonlibtest-unit-test-tests/lib/python3.10/site-packages/_pytest/runner.py", line 262, in &lt;lambda&gt;
    lambda: ihook(item=item, **kwds), when=when, reraise=reraise
  File "/workdir/pre-commit-2.20.0/.tox/cpythonlibtest-unit-test-tests/lib/python3.10/site-packages/pluggy/_hooks.py", line 493, in __call__
    return self._hookexec(self.name, self._hookimpls, kwargs, firstresult)
  File "/workdir/pre-commit-2.20.0/.tox/cpythonlibtest-unit-test-tests/lib/python3.10/site-packages/pluggy/_manager.py", line 115, in _hookexec
    return self._inner_hookexec(hook_name, methods, kwargs, firstresult)
  File "/workdir/pre-commit-2.20.0/.tox/cpythonlibtest-unit-test-tests/lib/python3.10/site-packages/pluggy/_callers.py", line 152, in _multicall
    return outcome.get_result()
  File "/workdir/pre-commit-2.20.0/.tox/cpythonlibtest-unit-test-tests/lib/python3.10/site-packages/pluggy/_result.py", line 114, in get_result
    raise exc.with_traceback(exc.__traceback__)
  File "/workdir/pre-commit-2.20.0/.tox/cpythonlibtest-unit-test-tests/lib/python3.10/site-packages/pluggy/_callers.py", line 77, in _multicall
    res = hook_impl.function(*args)
  File "/workdir/pre-commit-2.20.0/.tox/cpythonlibtest-unit-test-tests/lib/python3.10/site-packages/_pytest/runner.py", line 177, in pytest_runtest_call
    raise e
  File "/workdir/pre-commit-2.20.0/.tox/cpythonlibtest-unit-test-tests/lib/python3.10/site-packages/_pytest/runner.py", line 169, in pytest_runtest_call
    item.runtest()
  File "/workdir/pre-commit-2.20.0/.tox/cpythonlibtest-unit-test-tests/lib/python3.10/site-packages/_pytest/python.py", line 1792, in runtest
    self.ihook.pytest_pyfunc_call(pyfuncitem=self)
  File "/workdir/pre-commit-2.20.0/.tox/cpythonlibtest-unit-test-tests/lib/python3.10/site-packages/pluggy/_hooks.py", line 493, in __call__
    return self._hookexec(self.name, self._hookimpls, kwargs, firstresult)
  File "/workdir/pre-commit-2.20.0/.tox/cpythonlibtest-unit-test-tests/lib/python3.10/site-packages/pluggy/_manager.py", line 115, in _hookexec
    return self._inner_hookexec(hook_name, methods, kwargs, firstresult)
  File "/workdir/pre-commit-2.20.0/.tox/cpythonlibtest-unit-test-tests/lib/python3.10/site-packages/pluggy/_callers.py", line 113, in _multicall
    raise exception.with_traceback(exception.__traceback__)
  File "/workdir/pre-commit-2.20.0/.tox/cpythonlibtest-unit-test-tests/lib/python3.10/site-packages/pluggy/_callers.py", line 77, in _multicall
    res = hook_impl.function(*args)
  File "/workdir/pre-commit-2.20.0/.tox/cpythonlibtest-unit-test-tests/lib/python3.10/site-packages/_pytest/python.py", line 194, in pytest_pyfunc_call
    result = testfunction(**testargs)
  File "/workdir/pre-commit-2.20.0/tests/repository_test.py", line 93, in test_conda_with_additional_dependencies_hook
    _test_hook_repo(
  File "/workdir/pre-commit-2.20.0/tests/repository_test.py", line 78, in _test_hook_repo
    hook = _get_hook(config, store, hook_id)
  File "/workdir/pre-commit-2.20.0/tests/repository_test.py", line 61, in _get_hook
    install_hook_envs([hook], store)
  File "/workdir/pre-commit-2.20.0/pre_commit/repository.py", line 223, in install_hook_envs
    _hook_install(hook)
  File "/workdir/pre-commit-2.20.0/pre_commit/repository.py", line 79, in _hook_install
    lang.install_environment(
  File "/workdir/pre-commit-2.20.0/pre_commit/languages/conda.py", line 75, in install_environment
    cmd_output_b(
  File "/workdir/pre-commit-2.20.0/pre_commit/util.py", line 146, in cmd_output_b
    raise CalledProcessError(returncode, cmd, retcode, stdout_b, stderr_b)
pre_commit.util.CalledProcessError: command: ('conda', 'env', 'create', '-p', '/tmp/pytest-of-tester/pytest-44/test_conda_with_additional_dep0/0/.pre-commit/reposewv3ivh/conda-default', '--file', 'environment.yml')
return code: 1
expected return code: 0
stdout:
    Executable `conda` not found
stderr: (none)</failure></testcase><testcase classname="tests.repository_test" name="test_local_conda_additional_dependencies" time="0.055"><failure message="pre_commit.util.CalledProcessError: command: ('conda', 'env', 'create', '-p', '/tmp/pytest-of-tester/pytest-44/test_local_conda_additional_de0/0/.pre-commit/repoau7ivdbw/conda-default', '--file', 'environment.yml')&#10;return code: 1&#10;expected return code: 0&#10;stdout:&#10;    Executable `conda` not found&#10;stderr: (none)">Traceback (most recent call last):
  File "/workdir/pre-commit-2.20.0/.tox/cpythonlibtest-unit-test-tests/lib/python3.10/site-packages/_pytest/runner.py", line 341, in from_call
    result: Optional[TResult] = func()
  File "/workdir/pre-commit-2.20.0/.tox/cpythonlibtest-unit-test-tests/lib/python3.10/site-packages/_pytest/runner.py", line 262, in &lt;lambda&gt;
    lambda: ihook(item=item, **kwds), when=when, reraise=reraise
  File "/workdir/pre-commit-2.20.0/.tox/cpythonlibtest-unit-test-tests/lib/python3.10/site-packages/pluggy/_hooks.py", line 493, in __call__
    return self._hookexec(self.name, self._hookimpls, kwargs, firstresult)
  File "/workdir/pre-commit-2.20.0/.tox/cpythonlibtest-unit-test-tests/lib/python3.10/site-packages/pluggy/_manager.py", line 115, in _hookexec
    return self._inner_hookexec(hook_name, methods, kwargs, firstresult)
  File "/workdir/pre-commit-2.20.0/.tox/cpythonlibtest-unit-test-tests/lib/python3.10/site-packages/pluggy/_callers.py", line 152, in _multicall
    return outcome.get_result()
  File "/workdir/pre-commit-2.20.0/.tox/cpythonlibtest-unit-test-tests/lib/python3.10/site-packages/pluggy/_result.py", line 114, in get_result
    raise exc.with_traceback(exc.__traceback__)
  File "/workdir/pre-commit-2.20.0/.tox/cpythonlibtest-unit-test-tests/lib/python3.10/site-packages/pluggy/_callers.py", line 77, in _multicall
    res = hook_impl.function(*args)
  File "/workdir/pre-commit-2.20.0/.tox/cpythonlibtest-unit-test-tests/lib/python3.10/site-packages/_pytest/runner.py", line 177, in pytest_runtest_call
    raise e
  File "/workdir/pre-commit-2.20.0/.tox/cpythonlibtest-unit-test-tests/lib/python3.10/site-packages/_pytest/runner.py", line 169, in pytest_runtest_call
    item.runtest()
  File "/workdir/pre-commit-2.20.0/.tox/cpythonlibtest-unit-test-tests/lib/python3.10/site-packages/_pytest/python.py", line 1792, in runtest
    self.ihook.pytest_pyfunc_call(pyfuncitem=self)
  File "/workdir/pre-commit-2.20.0/.tox/cpythonlibtest-unit-test-tests/lib/python3.10/site-packages/pluggy/_hooks.py", line 493, in __call__
    return self._hookexec(self.name, self._hookimpls, kwargs, firstresult)
  File "/workdir/pre-commit-2.20.0/.tox/cpythonlibtest-unit-test-tests/lib/python3.10/site-packages/pluggy/_manager.py", line 115, in _hookexec
    return self._inner_hookexec(hook_name, methods, kwargs, firstresult)
  File "/workdir/pre-commit-2.20.0/.tox/cpythonlibtest-unit-test-tests/lib/python3.10/site-packages/pluggy/_callers.py", line 113, in _multicall
    raise exception.with_traceback(exception.__traceback__)
  File "/workdir/pre-commit-2.20.0/.tox/cpythonlibtest-unit-test-tests/lib/python3.10/site-packages/pluggy/_callers.py", line 77, in _multicall
    res = hook_impl.function(*args)
  File "/workdir/pre-commit-2.20.0/.tox/cpythonlibtest-unit-test-tests/lib/python3.10/site-packages/_pytest/python.py", line 194, in pytest_pyfunc_call
    result = testfunction(**testargs)
  File "/workdir/pre-commit-2.20.0/tests/repository_test.py", line 119, in test_local_conda_additional_dependencies
    hook = _get_hook(config, store, 'local-conda')
  File "/workdir/pre-commit-2.20.0/tests/repository_test.py", line 61, in _get_hook
    install_hook_envs([hook], store)
  File "/workdir/pre-commit-2.20.0/pre_commit/repository.py", line 223, in install_hook_envs
    _hook_install(hook)
  File "/workdir/pre-commit-2.20.0/pre_commit/repository.py", line 79, in _hook_install
    lang.install_environment(
  File "/workdir/pre-commit-2.20.0/pre_commit/languages/conda.py", line 75, in install_environment
    cmd_output_b(
  File "/workdir/pre-commit-2.20.0/pre_commit/util.py", line 146, in cmd_output_b
    raise CalledProcessError(returncode, cmd, retcode, stdout_b, stderr_b)
pre_commit.util.CalledProcessError: command: ('conda', 'env', 'create', '-p', '/tmp/pytest-of-tester/pytest-44/test_local_conda_additional_de0/0/.pre-commit/repoau7ivdbw/conda-default', '--file', 'environment.yml')
return code: 1
expected return code: 0
stdout:
    Executable `conda` not found
stderr: (none)</failure></testcase><testcase classname="tests.repository_test" name="test_python_hook" time="2.051" /><testcase classname="tests.repository_test" name="test_python_hook_default_version" time="1.863" /><testcase classname="tests.repository_test" name="test_python_hook_args_with_spaces" time="1.810" /><testcase classname="tests.repository_test" name="test_python_hook_weird_setup_cfg" time="1.880" /><testcase classname="tests.repository_test" name="test_python_venv" time="1.863" /><testcase classname="tests.repository_test" name="test_switch_language_versions_doesnt_clobber" time="0.262"><failure message="pre_commit.util.CalledProcessError: command: ('/workdir/pre-commit-2.20.0/.tox/cpythonlibtest-unit-test-tests/bin/python', '-mvirtualenv', '/tmp/pytest-of-tester/pytest-44/test_switch_language_versions_0/0/.pre-commit/repozkdp9ch7/py_env-python2', '-p', 'python2')&#10;return code: 1&#10;expected return code: 0&#10;stdout:&#10;    RuntimeError: failed to find interpreter for Builtin discover of python_spec='python2'&#10;    &#10;stderr: (none)">Traceback (most recent call last):
  File "/workdir/pre-commit-2.20.0/.tox/cpythonlibtest-unit-test-tests/lib/python3.10/site-packages/_pytest/runner.py", line 341, in from_call
    result: Optional[TResult] = func()
  File "/workdir/pre-commit-2.20.0/.tox/cpythonlibtest-unit-test-tests/lib/python3.10/site-packages/_pytest/runner.py", line 262, in &lt;lambda&gt;
    lambda: ihook(item=item, **kwds), when=when, reraise=reraise
  File "/workdir/pre-commit-2.20.0/.tox/cpythonlibtest-unit-test-tests/lib/python3.10/site-packages/pluggy/_hooks.py", line 493, in __call__
    return self._hookexec(self.name, self._hookimpls, kwargs, firstresult)
  File "/workdir/pre-commit-2.20.0/.tox/cpythonlibtest-unit-test-tests/lib/python3.10/site-packages/pluggy/_manager.py", line 115, in _hookexec
    return self._inner_hookexec(hook_name, methods, kwargs, firstresult)
  File "/workdir/pre-commit-2.20.0/.tox/cpythonlibtest-unit-test-tests/lib/python3.10/site-packages/pluggy/_callers.py", line 152, in _multicall
    return outcome.get_result()
  File "/workdir/pre-commit-2.20.0/.tox/cpythonlibtest-unit-test-tests/lib/python3.10/site-packages/pluggy/_result.py", line 114, in get_result
    raise exc.with_traceback(exc.__traceback__)
  File "/workdir/pre-commit-2.20.0/.tox/cpythonlibtest-unit-test-tests/lib/python3.10/site-packages/pluggy/_callers.py", line 77, in _multicall
    res = hook_impl.function(*args)
  File "/workdir/pre-commit-2.20.0/.tox/cpythonlibtest-unit-test-tests/lib/python3.10/site-packages/_pytest/runner.py", line 177, in pytest_runtest_call
    raise e
  File "/workdir/pre-commit-2.20.0/.tox/cpythonlibtest-unit-test-tests/lib/python3.10/site-packages/_pytest/runner.py", line 169, in pytest_runtest_call
    item.runtest()
  File "/workdir/pre-commit-2.20.0/.tox/cpythonlibtest-unit-test-tests/lib/python3.10/site-packages/_pytest/python.py", line 1792, in runtest
    self.ihook.pytest_pyfunc_call(pyfuncitem=self)
  File "/workdir/pre-commit-2.20.0/.tox/cpythonlibtest-unit-test-tests/lib/python3.10/site-packages/pluggy/_hooks.py", line 493, in __call__
    return self._hookexec(self.name, self._hookimpls, kwargs, firstresult)
  File "/workdir/pre-commit-2.20.0/.tox/cpythonlibtest-unit-test-tests/lib/python3.10/site-packages/pluggy/_manager.py", line 115, in _hookexec
    return self._inner_hookexec(hook_name, methods, kwargs, firstresult)
  File "/workdir/pre-commit-2.20.0/.tox/cpythonlibtest-unit-test-tests/lib/python3.10/site-packages/pluggy/_callers.py", line 113, in _multicall
    raise exception.with_traceback(exception.__traceback__)
  File "/workdir/pre-commit-2.20.0/.tox/cpythonlibtest-unit-test-tests/lib/python3.10/site-packages/pluggy/_callers.py", line 77, in _multicall
    res = hook_impl.function(*args)
  File "/workdir/pre-commit-2.20.0/.tox/cpythonlibtest-unit-test-tests/lib/python3.10/site-packages/_pytest/python.py", line 194, in pytest_pyfunc_call
    result = testfunction(**testargs)
  File "/workdir/pre-commit-2.20.0/tests/repository_test.py", line 189, in test_switch_language_versions_doesnt_clobber
    run_on_version('python2', b'2\n[]\nHello World\n')
  File "/workdir/pre-commit-2.20.0/tests/repository_test.py", line 184, in run_on_version
    hook = _get_hook(config, store, 'python3-hook')
  File "/workdir/pre-commit-2.20.0/tests/repository_test.py", line 61, in _get_hook
    install_hook_envs([hook], store)
  File "/workdir/pre-commit-2.20.0/pre_commit/repository.py", line 223, in install_hook_envs
    _hook_install(hook)
  File "/workdir/pre-commit-2.20.0/pre_commit/repository.py", line 79, in _hook_install
    lang.install_environment(
  File "/workdir/pre-commit-2.20.0/pre_commit/languages/python.py", line 219, in install_environment
    cmd_output_b(*venv_cmd, cwd='/')
  File "/workdir/pre-commit-2.20.0/pre_commit/util.py", line 146, in cmd_output_b
    raise CalledProcessError(returncode, cmd, retcode, stdout_b, stderr_b)
pre_commit.util.CalledProcessError: command: ('/workdir/pre-commit-2.20.0/.tox/cpythonlibtest-unit-test-tests/bin/python', '-mvirtualenv', '/tmp/pytest-of-tester/pytest-44/test_switch_language_versions_0/0/.pre-commit/repozkdp9ch7/py_env-python2', '-p', 'python2')
return code: 1
expected return code: 0
stdout:
    RuntimeError: failed to find interpreter for Builtin discover of python_spec='python2'
    
stderr: (none)</failure></testcase><testcase classname="tests.repository_test" name="test_versioned_python_hook" time="1.824" /><testcase classname="tests.repository_test" name="test_run_a_coursier_hook" time="0.000"><skipped type="pytest.skip" message="coursier isn't installed or can't be found">/workdir/pre-commit-2.20.0/tests/repository_test.py:202: coursier isn't installed or can't be found</skipped></testcase><testcase classname="tests.repository_test" name="test_run_a_docker_hook" time="0.000"><skipped type="pytest.skip" message="Docker isn't running or can't be accessed">/workdir/pre-commit-2.20.0/tests/repository_test.py:211: Docker isn't running or can't be accessed</skipped></testcase><testcase classname="tests.repository_test" name="test_run_a_docker_hook_with_entry_args" time="0.000"><skipped type="pytest.skip" message="Docker isn't running or can't be accessed">/workdir/pre-commit-2.20.0/tests/repository_test.py:220: Docker isn't running or can't be accessed</skipped></testcase><testcase classname="tests.repository_test" name="test_run_a_failing_docker_hook" time="0.000"><skipped type="pytest.skip" message="Docker isn't running or can't be accessed">/workdir/pre-commit-2.20.0/tests/repository_test.py:229: Docker isn't running or can't be accessed</skipped></testcase><testcase classname="tests.repository_test" name="test_run_a_docker_image_hook[echo-entrypoint]" time="0.000"><skipped type="pytest.skip" message="Docker isn't running or can't be accessed">/workdir/pre-commit-2.20.0/tests/repository_test.py:240: Docker isn't running or can't be accessed</skipped></testcase><testcase classname="tests.repository_test" name="test_run_a_docker_image_hook[echo-cmd]" time="0.000"><skipped type="pytest.skip" message="Docker isn't running or can't be accessed">/workdir/pre-commit-2.20.0/tests/repository_test.py:240: Docker isn't running or can't be accessed</skipped></testcase><testcase classname="tests.repository_test" name="test_run_a_node_hook" time="2.060" /><testcase classname="tests.repository_test" name="test_run_a_node_hook_default_version" time="32.440" /><testcase classname="tests.repository_test" name="test_run_versioned_node_hook" time="7.252" /><testcase classname="tests.repository_test" name="test_node_hook_with_npm_userconfig_set" time="1.939" /><testcase classname="tests.repository_test" name="test_r_hook" time="0.096"><failure message="pre_commit.util.CalledProcessError: command: ('Rscript', '--vanilla', '-e', '    options(install.packages.compile.from.source = &quot;never&quot;)\n                prefix_dir &lt;- \'/tmp/pytest-of-tester/pytest-44/test_r_hook0/0/.pre-commit/repox1lj4jcq\'\n            options(\n                repos = c(CRAN = &quot;https://cran.rstudio.com&quot;),\n                renv.consent = TRUE\n            )\n            source(&quot;renv/activate.R&quot;)\n            renv::restore()\n            activate_statement &lt;- paste0(\n              \'suppressWarnings({\',\n              \'old &lt;- setwd(&quot;\', getwd(), \'&quot;); \',\n              \'source(&quot;renv/activate.R&quot;); \',\n              \'setwd(old); \',\n              \'renv::load(&quot;\', getwd(), \'&quot;);})\'\n            )\n            writeLines(activate_statement, \'activate.R\')\n            is_package &lt;- tryCatch(\n              {\n                  path_desc &lt;- file.path(prefix_dir, \'DESCRIPTION\')\n                  suppressWarnings(desc &lt;- read.dcf(path_desc))\n                  &quot;Package&quot; %in% colnames(desc)\n              },\n              error = function(...) FALSE\n            )\n            if (is_package) {\n                renv::install(prefix_dir)\n            }\n            \n    ')&#10;return code: 1&#10;expected return code: 0&#10;stdout:&#10;    Executable `Rscript` not found&#10;stderr: (none)">Traceback (most recent call last):
  File "/workdir/pre-commit-2.20.0/.tox/cpythonlibtest-unit-test-tests/lib/python3.10/site-packages/_pytest/runner.py", line 341, in from_call
    result: Optional[TResult] = func()
  File "/workdir/pre-commit-2.20.0/.tox/cpythonlibtest-unit-test-tests/lib/python3.10/site-packages/_pytest/runner.py", line 262, in &lt;lambda&gt;
    lambda: ihook(item=item, **kwds), when=when, reraise=reraise
  File "/workdir/pre-commit-2.20.0/.tox/cpythonlibtest-unit-test-tests/lib/python3.10/site-packages/pluggy/_hooks.py", line 493, in __call__
    return self._hookexec(self.name, self._hookimpls, kwargs, firstresult)
  File "/workdir/pre-commit-2.20.0/.tox/cpythonlibtest-unit-test-tests/lib/python3.10/site-packages/pluggy/_manager.py", line 115, in _hookexec
    return self._inner_hookexec(hook_name, methods, kwargs, firstresult)
  File "/workdir/pre-commit-2.20.0/.tox/cpythonlibtest-unit-test-tests/lib/python3.10/site-packages/pluggy/_callers.py", line 152, in _multicall
    return outcome.get_result()
  File "/workdir/pre-commit-2.20.0/.tox/cpythonlibtest-unit-test-tests/lib/python3.10/site-packages/pluggy/_result.py", line 114, in get_result
    raise exc.with_traceback(exc.__traceback__)
  File "/workdir/pre-commit-2.20.0/.tox/cpythonlibtest-unit-test-tests/lib/python3.10/site-packages/pluggy/_callers.py", line 77, in _multicall
    res = hook_impl.function(*args)
  File "/workdir/pre-commit-2.20.0/.tox/cpythonlibtest-unit-test-tests/lib/python3.10/site-packages/_pytest/runner.py", line 177, in pytest_runtest_call
    raise e
  File "/workdir/pre-commit-2.20.0/.tox/cpythonlibtest-unit-test-tests/lib/python3.10/site-packages/_pytest/runner.py", line 169, in pytest_runtest_call
    item.runtest()
  File "/workdir/pre-commit-2.20.0/.tox/cpythonlibtest-unit-test-tests/lib/python3.10/site-packages/_pytest/python.py", line 1792, in runtest
    self.ihook.pytest_pyfunc_call(pyfuncitem=self)
  File "/workdir/pre-commit-2.20.0/.tox/cpythonlibtest-unit-test-tests/lib/python3.10/site-packages/pluggy/_hooks.py", line 493, in __call__
    return self._hookexec(self.name, self._hookimpls, kwargs, firstresult)
  File "/workdir/pre-commit-2.20.0/.tox/cpythonlibtest-unit-test-tests/lib/python3.10/site-packages/pluggy/_manager.py", line 115, in _hookexec
    return self._inner_hookexec(hook_name, methods, kwargs, firstresult)
  File "/workdir/pre-commit-2.20.0/.tox/cpythonlibtest-unit-test-tests/lib/python3.10/site-packages/pluggy/_callers.py", line 113, in _multicall
    raise exception.with_traceback(exception.__traceback__)
  File "/workdir/pre-commit-2.20.0/.tox/cpythonlibtest-unit-test-tests/lib/python3.10/site-packages/pluggy/_callers.py", line 77, in _multicall
    res = hook_impl.function(*args)
  File "/workdir/pre-commit-2.20.0/.tox/cpythonlibtest-unit-test-tests/lib/python3.10/site-packages/_pytest/python.py", line 194, in pytest_pyfunc_call
    result = testfunction(**testargs)
  File "/workdir/pre-commit-2.20.0/tests/repository_test.py", line 281, in test_r_hook
    _test_hook_repo(
  File "/workdir/pre-commit-2.20.0/tests/repository_test.py", line 78, in _test_hook_repo
    hook = _get_hook(config, store, hook_id)
  File "/workdir/pre-commit-2.20.0/tests/repository_test.py", line 61, in _get_hook
    install_hook_envs([hook], store)
  File "/workdir/pre-commit-2.20.0/pre_commit/repository.py", line 223, in install_hook_envs
    _hook_install(hook)
  File "/workdir/pre-commit-2.20.0/pre_commit/repository.py", line 79, in _hook_install
    lang.install_environment(
  File "/workdir/pre-commit-2.20.0/pre_commit/languages/r.py", line 139, in install_environment
    cmd_output_b(
  File "/workdir/pre-commit-2.20.0/pre_commit/util.py", line 146, in cmd_output_b
    raise CalledProcessError(returncode, cmd, retcode, stdout_b, stderr_b)
pre_commit.util.CalledProcessError: command: ('Rscript', '--vanilla', '-e', '    options(install.packages.compile.from.source = "never")\n                prefix_dir &lt;- \'/tmp/pytest-of-tester/pytest-44/test_r_hook0/0/.pre-commit/repox1lj4jcq\'\n            options(\n                repos = c(CRAN = "https://cran.rstudio.com"),\n                renv.consent = TRUE\n            )\n            source("renv/activate.R")\n            renv::restore()\n            activate_statement &lt;- paste0(\n              \'suppressWarnings({\',\n              \'old &lt;- setwd("\', getwd(), \'"); \',\n              \'source("renv/activate.R"); \',\n              \'setwd(old); \',\n              \'renv::load("\', getwd(), \'");})\'\n            )\n            writeLines(activate_statement, \'activate.R\')\n            is_package &lt;- tryCatch(\n              {\n                  path_desc &lt;- file.path(prefix_dir, \'DESCRIPTION\')\n                  suppressWarnings(desc &lt;- read.dcf(path_desc))\n                  "Package" %in% colnames(desc)\n              },\n              error = function(...) FALSE\n            )\n            if (is_package) {\n                renv::install(prefix_dir)\n            }\n            \n    ')
return code: 1
expected return code: 0
stdout:
    Executable `Rscript` not found
stderr: (none)</failure></testcase><testcase classname="tests.repository_test" name="test_r_inline_hook" time="0.093"><failure message="pre_commit.util.CalledProcessError: command: ('Rscript', '--vanilla', '-e', '    options(install.packages.compile.from.source = &quot;never&quot;)\n                prefix_dir &lt;- \'/tmp/pytest-of-tester/pytest-44/test_r_inline_hook0/0/.pre-commit/repo5s860thm\'\n            options(\n                repos = c(CRAN = &quot;https://cran.rstudio.com&quot;),\n                renv.consent = TRUE\n            )\n            source(&quot;renv/activate.R&quot;)\n            renv::restore()\n            activate_statement &lt;- paste0(\n              \'suppressWarnings({\',\n              \'old &lt;- setwd(&quot;\', getwd(), \'&quot;); \',\n              \'source(&quot;renv/activate.R&quot;); \',\n              \'setwd(old); \',\n              \'renv::load(&quot;\', getwd(), \'&quot;);})\'\n            )\n            writeLines(activate_statement, \'activate.R\')\n            is_package &lt;- tryCatch(\n              {\n                  path_desc &lt;- file.path(prefix_dir, \'DESCRIPTION\')\n                  suppressWarnings(desc &lt;- read.dcf(path_desc))\n                  &quot;Package&quot; %in% colnames(desc)\n              },\n              error = function(...) FALSE\n            )\n            if (is_package) {\n                renv::install(prefix_dir)\n            }\n            \n    ')&#10;return code: 1&#10;expected return code: 0&#10;stdout:&#10;    Executable `Rscript` not found&#10;stderr: (none)">Traceback (most recent call last):
  File "/workdir/pre-commit-2.20.0/.tox/cpythonlibtest-unit-test-tests/lib/python3.10/site-packages/_pytest/runner.py", line 341, in from_call
    result: Optional[TResult] = func()
  File "/workdir/pre-commit-2.20.0/.tox/cpythonlibtest-unit-test-tests/lib/python3.10/site-packages/_pytest/runner.py", line 262, in &lt;lambda&gt;
    lambda: ihook(item=item, **kwds), when=when, reraise=reraise
  File "/workdir/pre-commit-2.20.0/.tox/cpythonlibtest-unit-test-tests/lib/python3.10/site-packages/pluggy/_hooks.py", line 493, in __call__
    return self._hookexec(self.name, self._hookimpls, kwargs, firstresult)
  File "/workdir/pre-commit-2.20.0/.tox/cpythonlibtest-unit-test-tests/lib/python3.10/site-packages/pluggy/_manager.py", line 115, in _hookexec
    return self._inner_hookexec(hook_name, methods, kwargs, firstresult)
  File "/workdir/pre-commit-2.20.0/.tox/cpythonlibtest-unit-test-tests/lib/python3.10/site-packages/pluggy/_callers.py", line 152, in _multicall
    return outcome.get_result()
  File "/workdir/pre-commit-2.20.0/.tox/cpythonlibtest-unit-test-tests/lib/python3.10/site-packages/pluggy/_result.py", line 114, in get_result
    raise exc.with_traceback(exc.__traceback__)
  File "/workdir/pre-commit-2.20.0/.tox/cpythonlibtest-unit-test-tests/lib/python3.10/site-packages/pluggy/_callers.py", line 77, in _multicall
    res = hook_impl.function(*args)
  File "/workdir/pre-commit-2.20.0/.tox/cpythonlibtest-unit-test-tests/lib/python3.10/site-packages/_pytest/runner.py", line 177, in pytest_runtest_call
    raise e
  File "/workdir/pre-commit-2.20.0/.tox/cpythonlibtest-unit-test-tests/lib/python3.10/site-packages/_pytest/runner.py", line 169, in pytest_runtest_call
    item.runtest()
  File "/workdir/pre-commit-2.20.0/.tox/cpythonlibtest-unit-test-tests/lib/python3.10/site-packages/_pytest/python.py", line 1792, in runtest
    self.ihook.pytest_pyfunc_call(pyfuncitem=self)
  File "/workdir/pre-commit-2.20.0/.tox/cpythonlibtest-unit-test-tests/lib/python3.10/site-packages/pluggy/_hooks.py", line 493, in __call__
    return self._hookexec(self.name, self._hookimpls, kwargs, firstresult)
  File "/workdir/pre-commit-2.20.0/.tox/cpythonlibtest-unit-test-tests/lib/python3.10/site-packages/pluggy/_manager.py", line 115, in _hookexec
    return self._inner_hookexec(hook_name, methods, kwargs, firstresult)
  File "/workdir/pre-commit-2.20.0/.tox/cpythonlibtest-unit-test-tests/lib/python3.10/site-packages/pluggy/_callers.py", line 113, in _multicall
    raise exception.with_traceback(exception.__traceback__)
  File "/workdir/pre-commit-2.20.0/.tox/cpythonlibtest-unit-test-tests/lib/python3.10/site-packages/pluggy/_callers.py", line 77, in _multicall
    res = hook_impl.function(*args)
  File "/workdir/pre-commit-2.20.0/.tox/cpythonlibtest-unit-test-tests/lib/python3.10/site-packages/_pytest/python.py", line 194, in pytest_pyfunc_call
    result = testfunction(**testargs)
  File "/workdir/pre-commit-2.20.0/tests/repository_test.py", line 289, in test_r_inline_hook
    _test_hook_repo(
  File "/workdir/pre-commit-2.20.0/tests/repository_test.py", line 78, in _test_hook_repo
    hook = _get_hook(config, store, hook_id)
  File "/workdir/pre-commit-2.20.0/tests/repository_test.py", line 61, in _get_hook
    install_hook_envs([hook], store)
  File "/workdir/pre-commit-2.20.0/pre_commit/repository.py", line 223, in install_hook_envs
    _hook_install(hook)
  File "/workdir/pre-commit-2.20.0/pre_commit/repository.py", line 79, in _hook_install
    lang.install_environment(
  File "/workdir/pre-commit-2.20.0/pre_commit/languages/r.py", line 139, in install_environment
    cmd_output_b(
  File "/workdir/pre-commit-2.20.0/pre_commit/util.py", line 146, in cmd_output_b
    raise CalledProcessError(returncode, cmd, retcode, stdout_b, stderr_b)
pre_commit.util.CalledProcessError: command: ('Rscript', '--vanilla', '-e', '    options(install.packages.compile.from.source = "never")\n                prefix_dir &lt;- \'/tmp/pytest-of-tester/pytest-44/test_r_inline_hook0/0/.pre-commit/repo5s860thm\'\n            options(\n                repos = c(CRAN = "https://cran.rstudio.com"),\n                renv.consent = TRUE\n            )\n            source("renv/activate.R")\n            renv::restore()\n            activate_statement &lt;- paste0(\n              \'suppressWarnings({\',\n              \'old &lt;- setwd("\', getwd(), \'"); \',\n              \'source("renv/activate.R"); \',\n              \'setwd(old); \',\n              \'renv::load("\', getwd(), \'");})\'\n            )\n            writeLines(activate_statement, \'activate.R\')\n            is_package &lt;- tryCatch(\n              {\n                  path_desc &lt;- file.path(prefix_dir, \'DESCRIPTION\')\n                  suppressWarnings(desc &lt;- read.dcf(path_desc))\n                  "Package" %in% colnames(desc)\n              },\n              error = function(...) FALSE\n            )\n            if (is_package) {\n                renv::install(prefix_dir)\n            }\n            \n    ')
return code: 1
expected return code: 0
stdout:
    Executable `Rscript` not found
stderr: (none)</failure></testcase><testcase classname="tests.repository_test" name="test_r_with_additional_dependencies_hook" time="0.145"><failure message="pre_commit.util.CalledProcessError: command: ('Rscript', '--vanilla', '-e', '    options(install.packages.compile.from.source = &quot;never&quot;)\n                prefix_dir &lt;- \'/tmp/pytest-of-tester/pytest-44/test_r_with_additional_depende0/0/.pre-commit/repo9i2mbd7y\'\n            options(\n                repos = c(CRAN = &quot;https://cran.rstudio.com&quot;),\n                renv.consent = TRUE\n            )\n            source(&quot;renv/activate.R&quot;)\n            renv::restore()\n            activate_statement &lt;- paste0(\n              \'suppressWarnings({\',\n              \'old &lt;- setwd(&quot;\', getwd(), \'&quot;); \',\n              \'source(&quot;renv/activate.R&quot;); \',\n              \'setwd(old); \',\n              \'renv::load(&quot;\', getwd(), \'&quot;);})\'\n            )\n            writeLines(activate_statement, \'activate.R\')\n            is_package &lt;- tryCatch(\n              {\n                  path_desc &lt;- file.path(prefix_dir, \'DESCRIPTION\')\n                  suppressWarnings(desc &lt;- read.dcf(path_desc))\n                  &quot;Package&quot; %in% colnames(desc)\n              },\n              error = function(...) FALSE\n            )\n            if (is_package) {\n                renv::install(prefix_dir)\n            }\n            \n    ')&#10;return code: 1&#10;expected return code: 0&#10;stdout:&#10;    Executable `Rscript` not found&#10;stderr: (none)">Traceback (most recent call last):
  File "/workdir/pre-commit-2.20.0/.tox/cpythonlibtest-unit-test-tests/lib/python3.10/site-packages/_pytest/runner.py", line 341, in from_call
    result: Optional[TResult] = func()
  File "/workdir/pre-commit-2.20.0/.tox/cpythonlibtest-unit-test-tests/lib/python3.10/site-packages/_pytest/runner.py", line 262, in &lt;lambda&gt;
    lambda: ihook(item=item, **kwds), when=when, reraise=reraise
  File "/workdir/pre-commit-2.20.0/.tox/cpythonlibtest-unit-test-tests/lib/python3.10/site-packages/pluggy/_hooks.py", line 493, in __call__
    return self._hookexec(self.name, self._hookimpls, kwargs, firstresult)
  File "/workdir/pre-commit-2.20.0/.tox/cpythonlibtest-unit-test-tests/lib/python3.10/site-packages/pluggy/_manager.py", line 115, in _hookexec
    return self._inner_hookexec(hook_name, methods, kwargs, firstresult)
  File "/workdir/pre-commit-2.20.0/.tox/cpythonlibtest-unit-test-tests/lib/python3.10/site-packages/pluggy/_callers.py", line 152, in _multicall
    return outcome.get_result()
  File "/workdir/pre-commit-2.20.0/.tox/cpythonlibtest-unit-test-tests/lib/python3.10/site-packages/pluggy/_result.py", line 114, in get_result
    raise exc.with_traceback(exc.__traceback__)
  File "/workdir/pre-commit-2.20.0/.tox/cpythonlibtest-unit-test-tests/lib/python3.10/site-packages/pluggy/_callers.py", line 77, in _multicall
    res = hook_impl.function(*args)
  File "/workdir/pre-commit-2.20.0/.tox/cpythonlibtest-unit-test-tests/lib/python3.10/site-packages/_pytest/runner.py", line 177, in pytest_runtest_call
    raise e
  File "/workdir/pre-commit-2.20.0/.tox/cpythonlibtest-unit-test-tests/lib/python3.10/site-packages/_pytest/runner.py", line 169, in pytest_runtest_call
    item.runtest()
  File "/workdir/pre-commit-2.20.0/.tox/cpythonlibtest-unit-test-tests/lib/python3.10/site-packages/_pytest/python.py", line 1792, in runtest
    self.ihook.pytest_pyfunc_call(pyfuncitem=self)
  File "/workdir/pre-commit-2.20.0/.tox/cpythonlibtest-unit-test-tests/lib/python3.10/site-packages/pluggy/_hooks.py", line 493, in __call__
    return self._hookexec(self.name, self._hookimpls, kwargs, firstresult)
  File "/workdir/pre-commit-2.20.0/.tox/cpythonlibtest-unit-test-tests/lib/python3.10/site-packages/pluggy/_manager.py", line 115, in _hookexec
    return self._inner_hookexec(hook_name, methods, kwargs, firstresult)
  File "/workdir/pre-commit-2.20.0/.tox/cpythonlibtest-unit-test-tests/lib/python3.10/site-packages/pluggy/_callers.py", line 113, in _multicall
    raise exception.with_traceback(exception.__traceback__)
  File "/workdir/pre-commit-2.20.0/.tox/cpythonlibtest-unit-test-tests/lib/python3.10/site-packages/pluggy/_callers.py", line 77, in _multicall
    res = hook_impl.function(*args)
  File "/workdir/pre-commit-2.20.0/.tox/cpythonlibtest-unit-test-tests/lib/python3.10/site-packages/_pytest/python.py", line 194, in pytest_pyfunc_call
    result = testfunction(**testargs)
  File "/workdir/pre-commit-2.20.0/tests/repository_test.py", line 297, in test_r_with_additional_dependencies_hook
    _test_hook_repo(
  File "/workdir/pre-commit-2.20.0/tests/repository_test.py", line 78, in _test_hook_repo
    hook = _get_hook(config, store, hook_id)
  File "/workdir/pre-commit-2.20.0/tests/repository_test.py", line 61, in _get_hook
    install_hook_envs([hook], store)
  File "/workdir/pre-commit-2.20.0/pre_commit/repository.py", line 223, in install_hook_envs
    _hook_install(hook)
  File "/workdir/pre-commit-2.20.0/pre_commit/repository.py", line 79, in _hook_install
    lang.install_environment(
  File "/workdir/pre-commit-2.20.0/pre_commit/languages/r.py", line 139, in install_environment
    cmd_output_b(
  File "/workdir/pre-commit-2.20.0/pre_commit/util.py", line 146, in cmd_output_b
    raise CalledProcessError(returncode, cmd, retcode, stdout_b, stderr_b)
pre_commit.util.CalledProcessError: command: ('Rscript', '--vanilla', '-e', '    options(install.packages.compile.from.source = "never")\n                prefix_dir &lt;- \'/tmp/pytest-of-tester/pytest-44/test_r_with_additional_depende0/0/.pre-commit/repo9i2mbd7y\'\n            options(\n                repos = c(CRAN = "https://cran.rstudio.com"),\n                renv.consent = TRUE\n            )\n            source("renv/activate.R")\n            renv::restore()\n            activate_statement &lt;- paste0(\n              \'suppressWarnings({\',\n              \'old &lt;- setwd("\', getwd(), \'"); \',\n              \'source("renv/activate.R"); \',\n              \'setwd(old); \',\n              \'renv::load("\', getwd(), \'");})\'\n            )\n            writeLines(activate_statement, \'activate.R\')\n            is_package &lt;- tryCatch(\n              {\n                  path_desc &lt;- file.path(prefix_dir, \'DESCRIPTION\')\n                  suppressWarnings(desc &lt;- read.dcf(path_desc))\n                  "Package" %in% colnames(desc)\n              },\n              error = function(...) FALSE\n            )\n            if (is_package) {\n                renv::install(prefix_dir)\n            }\n            \n    ')
return code: 1
expected return code: 0
stdout:
    Executable `Rscript` not found
stderr: (none)</failure></testcase><testcase classname="tests.repository_test" name="test_r_local_with_additional_dependencies_hook" time="0.053"><failure message="pre_commit.util.CalledProcessError: command: ('Rscript', '--vanilla', '-e', '    options(install.packages.compile.from.source = &quot;never&quot;)\n                prefix_dir &lt;- \'/tmp/pytest-of-tester/pytest-44/test_r_local_with_additional_d0/0/.pre-commit/repobzwqsg_1\'\n            options(\n                repos = c(CRAN = &quot;https://cran.rstudio.com&quot;),\n                renv.consent = TRUE\n            )\n            source(&quot;renv/activate.R&quot;)\n            renv::restore()\n            activate_statement &lt;- paste0(\n              \'suppressWarnings({\',\n              \'old &lt;- setwd(&quot;\', getwd(), \'&quot;); \',\n              \'source(&quot;renv/activate.R&quot;); \',\n              \'setwd(old); \',\n              \'renv::load(&quot;\', getwd(), \'&quot;);})\'\n            )\n            writeLines(activate_statement, \'activate.R\')\n            is_package &lt;- tryCatch(\n              {\n                  path_desc &lt;- file.path(prefix_dir, \'DESCRIPTION\')\n                  suppressWarnings(desc &lt;- read.dcf(path_desc))\n                  &quot;Package&quot; %in% colnames(desc)\n              },\n              error = function(...) FALSE\n            )\n            if (is_package) {\n                renv::install(prefix_dir)\n            }\n            \n    ')&#10;return code: 1&#10;expected return code: 0&#10;stdout:&#10;    Executable `Rscript` not found&#10;stderr: (none)">Traceback (most recent call last):
  File "/workdir/pre-commit-2.20.0/.tox/cpythonlibtest-unit-test-tests/lib/python3.10/site-packages/_pytest/runner.py", line 341, in from_call
    result: Optional[TResult] = func()
  File "/workdir/pre-commit-2.20.0/.tox/cpythonlibtest-unit-test-tests/lib/python3.10/site-packages/_pytest/runner.py", line 262, in &lt;lambda&gt;
    lambda: ihook(item=item, **kwds), when=when, reraise=reraise
  File "/workdir/pre-commit-2.20.0/.tox/cpythonlibtest-unit-test-tests/lib/python3.10/site-packages/pluggy/_hooks.py", line 493, in __call__
    return self._hookexec(self.name, self._hookimpls, kwargs, firstresult)
  File "/workdir/pre-commit-2.20.0/.tox/cpythonlibtest-unit-test-tests/lib/python3.10/site-packages/pluggy/_manager.py", line 115, in _hookexec
    return self._inner_hookexec(hook_name, methods, kwargs, firstresult)
  File "/workdir/pre-commit-2.20.0/.tox/cpythonlibtest-unit-test-tests/lib/python3.10/site-packages/pluggy/_callers.py", line 152, in _multicall
    return outcome.get_result()
  File "/workdir/pre-commit-2.20.0/.tox/cpythonlibtest-unit-test-tests/lib/python3.10/site-packages/pluggy/_result.py", line 114, in get_result
    raise exc.with_traceback(exc.__traceback__)
  File "/workdir/pre-commit-2.20.0/.tox/cpythonlibtest-unit-test-tests/lib/python3.10/site-packages/pluggy/_callers.py", line 77, in _multicall
    res = hook_impl.function(*args)
  File "/workdir/pre-commit-2.20.0/.tox/cpythonlibtest-unit-test-tests/lib/python3.10/site-packages/_pytest/runner.py", line 177, in pytest_runtest_call
    raise e
  File "/workdir/pre-commit-2.20.0/.tox/cpythonlibtest-unit-test-tests/lib/python3.10/site-packages/_pytest/runner.py", line 169, in pytest_runtest_call
    item.runtest()
  File "/workdir/pre-commit-2.20.0/.tox/cpythonlibtest-unit-test-tests/lib/python3.10/site-packages/_pytest/python.py", line 1792, in runtest
    self.ihook.pytest_pyfunc_call(pyfuncitem=self)
  File "/workdir/pre-commit-2.20.0/.tox/cpythonlibtest-unit-test-tests/lib/python3.10/site-packages/pluggy/_hooks.py", line 493, in __call__
    return self._hookexec(self.name, self._hookimpls, kwargs, firstresult)
  File "/workdir/pre-commit-2.20.0/.tox/cpythonlibtest-unit-test-tests/lib/python3.10/site-packages/pluggy/_manager.py", line 115, in _hookexec
    return self._inner_hookexec(hook_name, methods, kwargs, firstresult)
  File "/workdir/pre-commit-2.20.0/.tox/cpythonlibtest-unit-test-tests/lib/python3.10/site-packages/pluggy/_callers.py", line 113, in _multicall
    raise exception.with_traceback(exception.__traceback__)
  File "/workdir/pre-commit-2.20.0/.tox/cpythonlibtest-unit-test-tests/lib/python3.10/site-packages/pluggy/_callers.py", line 77, in _multicall
    res = hook_impl.function(*args)
  File "/workdir/pre-commit-2.20.0/.tox/cpythonlibtest-unit-test-tests/lib/python3.10/site-packages/_pytest/python.py", line 194, in pytest_pyfunc_call
    result = testfunction(**testargs)
  File "/workdir/pre-commit-2.20.0/tests/repository_test.py", line 322, in test_r_local_with_additional_dependencies_hook
    hook = _get_hook(config, store, 'local-r')
  File "/workdir/pre-commit-2.20.0/tests/repository_test.py", line 61, in _get_hook
    install_hook_envs([hook], store)
  File "/workdir/pre-commit-2.20.0/pre_commit/repository.py", line 223, in install_hook_envs
    _hook_install(hook)
  File "/workdir/pre-commit-2.20.0/pre_commit/repository.py", line 79, in _hook_install
    lang.install_environment(
  File "/workdir/pre-commit-2.20.0/pre_commit/languages/r.py", line 139, in install_environment
    cmd_output_b(
  File "/workdir/pre-commit-2.20.0/pre_commit/util.py", line 146, in cmd_output_b
    raise CalledProcessError(returncode, cmd, retcode, stdout_b, stderr_b)
pre_commit.util.CalledProcessError: command: ('Rscript', '--vanilla', '-e', '    options(install.packages.compile.from.source = "never")\n                prefix_dir &lt;- \'/tmp/pytest-of-tester/pytest-44/test_r_local_with_additional_d0/0/.pre-commit/repobzwqsg_1\'\n            options(\n                repos = c(CRAN = "https://cran.rstudio.com"),\n                renv.consent = TRUE\n            )\n            source("renv/activate.R")\n            renv::restore()\n            activate_statement &lt;- paste0(\n              \'suppressWarnings({\',\n              \'old &lt;- setwd("\', getwd(), \'"); \',\n              \'source("renv/activate.R"); \',\n              \'setwd(old); \',\n              \'renv::load("\', getwd(), \'");})\'\n            )\n            writeLines(activate_statement, \'activate.R\')\n            is_package &lt;- tryCatch(\n              {\n                  path_desc &lt;- file.path(prefix_dir, \'DESCRIPTION\')\n                  suppressWarnings(desc &lt;- read.dcf(path_desc))\n                  "Package" %in% colnames(desc)\n              },\n              error = function(...) FALSE\n            )\n            if (is_package) {\n                renv::install(prefix_dir)\n            }\n            \n    ')
return code: 1
expected return code: 0
stdout:
    Executable `Rscript` not found
stderr: (none)</failure></testcase><testcase classname="tests.repository_test" name="test_run_a_ruby_hook" time="0.141"><failure message="pre_commit.util.CalledProcessError: command: ('gem', 'build', 'ruby_hook.gemspec')&#10;return code: 1&#10;expected return code: 0&#10;stdout:&#10;    Executable `gem` not found&#10;stderr: (none)">Traceback (most recent call last):
[...]
" name="test_get_container_id_failure" time="0.004" /><testcase classname="tests.languages.docker_test" name="test_get_docker_path_not_in_docker_returns_same" time="0.001" /><testcase classname="tests.languages.docker_test" name="test_get_docker_path_in_docker_no_binds_same_path" time="0.001" /><testcase classname="tests.languages.docker_test" name="test_get_docker_path_in_docker_binds_path_equal" time="0.001" /><testcase classname="tests.languages.docker_test" name="test_get_docker_path_in_docker_binds_path_complex" time="0.001" /><testcase classname="tests.languages.docker_test" name="test_get_docker_path_in_docker_no_substring" time="0.001" /><testcase classname="tests.languages.docker_test" name="test_get_docker_path_in_docker_binds_path_many_binds" time="0.001" /><testcase classname="tests.languages.docker_test" name="test_get_docker_path_in_docker_windows" time="0.001" /><testcase classname="tests.languages.docker_test" name="test_get_docker_path_in_docker_docker_in_docker" time="0.001" /><testcase classname="tests.languages.golang_test" name="test_guess_go_dir[/im/a/path/on/disk-unknown_src_dir]" time="0.001" /><testcase classname="tests.languages.golang_test" name="test_guess_go_dir[file:///im/a/path/on/disk-unknown_src_dir]" time="0.001" /><testcase classname="tests.languages.golang_test" name="test_guess_go_dir[git@github.com:golang/lint-github.com/golang/lint]" time="0.001" /><testcase classname="tests.languages.golang_test" name="test_guess_go_dir[git://github.com/golang/lint-github.com/golang/lint]" time="0.001" /><testcase classname="tests.languages.golang_test" name="test_guess_go_dir[http://github.com/golang/lint-github.com/golang/lint]" time="0.001" /><testcase classname="tests.languages.golang_test" name="test_guess_go_dir[https://github.com/golang/lint-github.com/golang/lint]" time="0.001" /><testcase classname="tests.languages.golang_test" name="test_guess_go_dir[ssh://git@github.com/golang/lint-github.com/golang/lint]" time="0.001" /><testcase classname="tests.languages.golang_test" name="test_guess_go_dir[git@github.com:golang/lint.git-github.com/golang/lint]" time="0.001" /><testcase classname="tests.languages.helpers_test" name="test_exe_exists_does_not_exist" time="0.001" /><testcase classname="tests.languages.helpers_test" name="test_exe_exists_exists" time="0.001" /><testcase classname="tests.languages.helpers_test" name="test_exe_exists_false_if_shim" time="0.001" /><testcase classname="tests.languages.helpers_test" name="test_exe_exists_false_if_homedir" time="0.001" /><testcase classname="tests.languages.helpers_test" name="test_exe_exists_commonpath_raises_ValueError" time="0.001" /><testcase classname="tests.languages.helpers_test" name="test_exe_exists_true_when_homedir_is_slash" time="0.001" /><testcase classname="tests.languages.helpers_test" name="test_basic_get_default_version" time="0.000" /><testcase classname="tests.languages.helpers_test" name="test_basic_health_check" time="0.000" /><testcase classname="tests.languages.helpers_test" name="test_failed_setup_command_does_not_unicode_error" time="0.017" /><testcase classname="tests.languages.helpers_test" name="test_assert_no_additional_deps" time="0.001" /><testcase classname="tests.languages.helpers_test" name="test_target_concurrency_normal" time="0.001" /><testcase classname="tests.languages.helpers_test" name="test_target_concurrency_cpu_count_require_serial_true" time="0.001" /><testcase classname="tests.languages.helpers_test" name="test_target_concurrency_testing_env_var" time="0.001" /><testcase classname="tests.languages.helpers_test" name="test_target_concurrency_on_travis" time="0.001" /><testcase classname="tests.languages.helpers_test" name="test_target_concurrency_cpu_count_not_implemented" time="0.001" /><testcase classname="tests.languages.helpers_test" name="test_shuffled_is_deterministic" time="0.001" /><testcase classname="tests.languages.node_test" name="test_sets_system_when_node_and_npm_are_available" time="0.001" /><testcase classname="tests.languages.node_test" name="test_uses_default_when_node_and_npm_are_not_available" time="0.001" /><testcase classname="tests.languages.node_test" name="test_sets_default_on_windows" time="0.001" /><testcase classname="tests.languages.node_test" name="test_healthy_system_node" time="1.772" /><testcase classname="tests.languages.node_test" name="test_unhealthy_if_system_node_goes_missing" time="1.755" /><testcase classname="tests.languages.node_test" name="test_installs_without_links_outside_env" time="2.419" /><testcase classname="tests.languages.pygrep_test" name="test_main[baz-0-]" time="0.004" /><testcase classname="tests.languages.pygrep_test" name="test_main[foo-1-f1:1:foo\n]" time="0.004" /><testcase classname="tests.languages.pygrep_test" name="test_main[bar-1-f1:2:bar\n]" time="0.004" /><testcase classname="tests.languages.pygrep_test" name="test_main[(?i)\\[info\\]-1-f2:1:[INFO] hi\n]" time="0.004" /><testcase classname="tests.languages.pygrep_test" name="test_main[h'q-1-f3:1:with'quotes\n]" time="0.003" /><testcase classname="tests.languages.pygrep_test" name="test_negate_by_line_no_match" time="0.004" /><testcase classname="tests.languages.pygrep_test" name="test_negate_by_line_two_match" time="0.004" /><testcase classname="tests.languages.pygrep_test" name="test_negate_by_line_all_match" time="0.003" /><testcase classname="tests.languages.pygrep_test" name="test_negate_by_file_no_match" time="0.003" /><testcase classname="tests.languages.pygrep_test" name="test_negate_by_file_one_match" time="0.004" /><testcase classname="tests.languages.pygrep_test" name="test_negate_by_file_all_match" time="0.004" /><testcase classname="tests.languages.pygrep_test" name="test_ignore_case" time="0.003" /><testcase classname="tests.languages.pygrep_test" name="test_multiline" time="0.003" /><testcase classname="tests.languages.pygrep_test" name="test_multiline_line_number" time="0.003" /><testcase classname="tests.languages.pygrep_test" name="test_multiline_dotall_flag_is_enabled" time="0.004" /><testcase classname="tests.languages.pygrep_test" name="test_multiline_multiline_flag_is_enabled" time="0.004" /><testcase classname="tests.languages.python_test" name="test_read_pyvenv_cfg" time="0.002" /><testcase classname="tests.languages.python_test" name="test_read_pyvenv_cfg_non_utf8" time="0.002" /><testcase classname="tests.languages.python_test" name="test_norm_version_expanduser" time="0.001" /><testcase classname="tests.languages.python_test" name="test_norm_version_of_default_is_sys_executable" time="0.001" /><testcase classname="tests.languages.python_test" name="test_sys_executable_matches[python3.9]" time="0.001" /><testcase classname="tests.languages.python_test" name="test_sys_executable_matches[python3]" time="0.001" /><testcase classname="tests.languages.python_test" name="test_sys_executable_matches[python]" time="0.001" /><testcase classname="tests.languages.python_test" name="test_sys_executable_matches_does_not_match[notpython]" time="0.001" /><testcase classname="tests.languages.python_test" name="test_sys_executable_matches_does_not_match[python3.x]" time="0.001" /><testcase classname="tests.languages.python_test" name="test_find_by_sys_executable[/usr/bin/python3-/usr/bin/python3.7-python3]" time="0.001" /><testcase classname="tests.languages.python_test" name="test_find_by_sys_executable[/usr/bin/python-/usr/bin/python3.7-python3.7]" time="0.001" /><testcase classname="tests.languages.python_test" name="test_find_by_sys_executable[/usr/bin/python-/usr/bin/python-None]" time="0.001" /><testcase classname="tests.languages.python_test" name="test_find_by_sys_executable[/usr/bin/python3.7m-/usr/bin/python3.7m-python3.7m]" time="0.001" /><testcase classname="tests.languages.python_test" name="test_find_by_sys_executable[v/bin/python-v/bin/pypy-pypy]" time="0.001" /><testcase classname="tests.languages.python_test" name="test_healthy_default_creator" time="1.764" /><testcase classname="tests.languages.python_test" name="test_healthy_venv_creator" time="1.796" /><testcase classname="tests.languages.python_test" name="test_unhealthy_python_goes_missing" time="1.755" /><testcase classname="tests.languages.python_test" name="test_unhealthy_with_version_change" time="1.770" /><testcase classname="tests.languages.python_test" name="test_unhealthy_system_version_changes" time="1.745" /><testcase classname="tests.languages.python_test" name="test_unhealthy_old_virtualenv" time="1.723" /><testcase classname="tests.languages.python_test" name="test_unhealthy_unexpected_pyvenv" time="1.742" /><testcase classname="tests.languages.python_test" name="test_unhealthy_then_replaced" time="1.736" /><testcase classname="tests.languages.r_test" name="test_r_parsing_file_no_opts_no_args" time="0.096" /><testcase classname="tests.languages.r_test" name="test_r_parsing_file_opts_no_args" time="0.026" /><testcase classname="tests.languages.r_test" name="test_r_parsing_file_no_opts_args" time="0.092" /><testcase classname="tests.languages.r_test" name="test_r_parsing_expr_no_opts_no_args1" time="0.095" /><testcase classname="tests.languages.r_test" name="test_r_parsing_expr_no_opts_no_args2" time="0.025" /><testcase classname="tests.languages.r_test" name="test_r_parsing_expr_opts_no_args2" time="0.025" /><testcase classname="tests.languages.r_test" name="test_r_parsing_expr_args_in_entry2" time="0.030" /><testcase classname="tests.languages.r_test" name="test_r_parsing_expr_non_Rscirpt" time="0.024" /><testcase classname="tests.languages.r_test" name="test_r_parsing_file_local" time="0.062" /><testcase classname="tests.languages.r_test" name="test_rscript_exec_relative_to_r_home" time="0.001" /><testcase classname="tests.languages.r_test" name="test_path_rscript_exec_no_r_home_set" time="0.001" /><testcase classname="tests.languages.ruby_test" name="test_uses_default_version_when_not_available" time="0.001" /><testcase classname="tests.languages.ruby_test" name="test_uses_system_if_both_gem_and_ruby_are_available" time="0.001" /><testcase classname="tests.languages.ruby_test" name="test_install_ruby_system" time="0.003"><failure message="pre_commit.util.CalledProcessError: command: ('gem', 'build', 'placeholder_gem.gemspec')&#10;return code: 1&#10;expected return code: 0&#10;stdout:&#10;    Executable `gem` not found&#10;stderr: (none)">Traceback (most recent call last):
  File "/workdir/pre-commit-2.20.0/.tox/cpythonlibtest-unit-test-tests/lib/python3.10/site-packages/_pytest/runner.py", line 341, in from_call
    result: Optional[TResult] = func()
  File "/workdir/pre-commit-2.20.0/.tox/cpythonlibtest-unit-test-tests/lib/python3.10/site-packages/_pytest/runner.py", line 262, in &lt;lambda&gt;
    lambda: ihook(item=item, **kwds), when=when, reraise=reraise
  File "/workdir/pre-commit-2.20.0/.tox/cpythonlibtest-unit-test-tests/lib/python3.10/site-packages/pluggy/_hooks.py", line 493, in __call__
    return self._hookexec(self.name, self._hookimpls, kwargs, firstresult)
  File "/workdir/pre-commit-2.20.0/.tox/cpythonlibtest-unit-test-tests/lib/python3.10/site-packages/pluggy/_manager.py", line 115, in _hookexec
    return self._inner_hookexec(hook_name, methods, kwargs, firstresult)
  File "/workdir/pre-commit-2.20.0/.tox/cpythonlibtest-unit-test-tests/lib/python3.10/site-packages/pluggy/_callers.py", line 152, in _multicall
    return outcome.get_result()
  File "/workdir/pre-commit-2.20.0/.tox/cpythonlibtest-unit-test-tests/lib/python3.10/site-packages/pluggy/_result.py", line 114, in get_result
    raise exc.with_traceback(exc.__traceback__)
  File "/workdir/pre-commit-2.20.0/.tox/cpythonlibtest-unit-test-tests/lib/python3.10/site-packages/pluggy/_callers.py", line 77, in _multicall
    res = hook_impl.function(*args)
  File "/workdir/pre-commit-2.20.0/.tox/cpythonlibtest-unit-test-tests/lib/python3.10/site-packages/_pytest/runner.py", line 177, in pytest_runtest_call
    raise e
  File "/workdir/pre-commit-2.20.0/.tox/cpythonlibtest-unit-test-tests/lib/python3.10/site-packages/_pytest/runner.py", line 169, in pytest_runtest_call
    item.runtest()
  File "/workdir/pre-commit-2.20.0/.tox/cpythonlibtest-unit-test-tests/lib/python3.10/site-packages/_pytest/python.py", line 1792, in runtest
    self.ihook.pytest_pyfunc_call(pyfuncitem=self)
  File "/workdir/pre-commit-2.20.0/.tox/cpythonlibtest-unit-test-tests/lib/python3.10/site-packages/pluggy/_hooks.py", line 493, in __call__
    return self._hookexec(self.name, self._hookimpls, kwargs, firstresult)
  File "/workdir/pre-commit-2.20.0/.tox/cpythonlibtest-unit-test-tests/lib/python3.10/site-packages/pluggy/_manager.py", line 115, in _hookexec
    return self._inner_hookexec(hook_name, methods, kwargs, firstresult)
  File "/workdir/pre-commit-2.20.0/.tox/cpythonlibtest-unit-test-tests/lib/python3.10/site-packages/pluggy/_callers.py", line 113, in _multicall
    raise exception.with_traceback(exception.__traceback__)
  File "/workdir/pre-commit-2.20.0/.tox/cpythonlibtest-unit-test-tests/lib/python3.10/site-packages/pluggy/_callers.py", line 77, in _multicall
    res = hook_impl.function(*args)
  File "/workdir/pre-commit-2.20.0/.tox/cpythonlibtest-unit-test-tests/lib/python3.10/site-packages/_pytest/python.py", line 194, in pytest_pyfunc_call
    result = testfunction(**testargs)
  File "/workdir/pre-commit-2.20.0/tests/languages/ruby_test.py", line 53, in test_install_ruby_system
    ruby.install_environment(fake_gem_prefix, 'system', ())
  File "/workdir/pre-commit-2.20.0/pre_commit/languages/ruby.py", line 133, in install_environment
    helpers.run_setup_cmd(
  File "/workdir/pre-commit-2.20.0/pre_commit/languages/helpers.py", line 48, in run_setup_cmd
    cmd_output_b(*cmd, cwd=prefix.prefix_dir, **kwargs)
  File "/workdir/pre-commit-2.20.0/pre_commit/util.py", line 146, in cmd_output_b
    raise CalledProcessError(returncode, cmd, retcode, stdout_b, stderr_b)
pre_commit.util.CalledProcessError: command: ('gem', 'build', 'placeholder_gem.gemspec')
return code: 1
expected return code: 0
stdout:
    Executable `gem` not found
stderr: (none)</failure></testcase><testcase classname="tests.languages.ruby_test" name="test_install_ruby_default" time="0.051"><failure message="pre_commit.util.CalledProcessError: command: ('gem', 'build', 'placeholder_gem.gemspec')&#10;return code: 1&#10;expected return code: 0&#10;stdout:&#10;    Executable `gem` not found&#10;stderr: (none)">Traceback (most recent call last):
  File "/workdir/pre-commit-2.20.0/.tox/cpythonlibtest-unit-test-tests/lib/python3.10/site-packages/_pytest/runner.py", line 341, in from_call
    result: Optional[TResult] = func()
  File "/workdir/pre-commit-2.20.0/.tox/cpythonlibtest-unit-test-tests/lib/python3.10/site-packages/_pytest/runner.py", line 262, in &lt;lambda&gt;
    lambda: ihook(item=item, **kwds), when=when, reraise=reraise
  File "/workdir/pre-commit-2.20.0/.tox/cpythonlibtest-unit-test-tests/lib/python3.10/site-packages/pluggy/_hooks.py", line 493, in __call__
    return self._hookexec(self.name, self._hookimpls, kwargs, firstresult)
  File "/workdir/pre-commit-2.20.0/.tox/cpythonlibtest-unit-test-tests/lib/python3.10/site-packages/pluggy/_manager.py", line 115, in _hookexec
    return self._inner_hookexec(hook_name, methods, kwargs, firstresult)
  File "/workdir/pre-commit-2.20.0/.tox/cpythonlibtest-unit-test-tests/lib/python3.10/site-packages/pluggy/_callers.py", line 152, in _multicall
    return outcome.get_result()
  File "/workdir/pre-commit-2.20.0/.tox/cpythonlibtest-unit-test-tests/lib/python3.10/site-packages/pluggy/_result.py", line 114, in get_result
    raise exc.with_traceback(exc.__traceback__)
  File "/workdir/pre-commit-2.20.0/.tox/cpythonlibtest-unit-test-tests/lib/python3.10/site-packages/pluggy/_callers.py", line 77, in _multicall
    res = hook_impl.function(*args)
  File "/workdir/pre-commit-2.20.0/.tox/cpythonlibtest-unit-test-tests/lib/python3.10/site-packages/_pytest/runner.py", line 177, in pytest_runtest_call
    raise e
  File "/workdir/pre-commit-2.20.0/.tox/cpythonlibtest-unit-test-tests/lib/python3.10/site-packages/_pytest/runner.py", line 169, in pytest_runtest_call
    item.runtest()
  File "/workdir/pre-commit-2.20.0/.tox/cpythonlibtest-unit-test-tests/lib/python3.10/site-packages/_pytest/python.py", line 1792, in runtest
    self.ihook.pytest_pyfunc_call(pyfuncitem=self)
  File "/workdir/pre-commit-2.20.0/.tox/cpythonlibtest-unit-test-tests/lib/python3.10/site-packages/pluggy/_hooks.py", line 493, in __call__
    return self._hookexec(self.name, self._hookimpls, kwargs, firstresult)
  File "/workdir/pre-commit-2.20.0/.tox/cpythonlibtest-unit-test-tests/lib/python3.10/site-packages/pluggy/_manager.py", line 115, in _hookexec
    return self._inner_hookexec(hook_name, methods, kwargs, firstresult)
  File "/workdir/pre-commit-2.20.0/.tox/cpythonlibtest-unit-test-tests/lib/python3.10/site-packages/pluggy/_callers.py", line 113, in _multicall
    raise exception.with_traceback(exception.__traceback__)
  File "/workdir/pre-commit-2.20.0/.tox/cpythonlibtest-unit-test-tests/lib/python3.10/site-packages/pluggy/_callers.py", line 77, in _multicall
    res = hook_impl.function(*args)
  File "/workdir/pre-commit-2.20.0/.tox/cpythonlibtest-unit-test-tests/lib/python3.10/site-packages/_pytest/python.py", line 194, in pytest_pyfunc_call
    result = testfunction(**testargs)
  File "/workdir/pre-commit-2.20.0/tests/languages/ruby_test.py", line 63, in test_install_ruby_default
    ruby.install_environment(fake_gem_prefix, C.DEFAULT, ())
  File "/workdir/pre-commit-2.20.0/pre_commit/languages/ruby.py", line 133, in install_environment
    helpers.run_setup_cmd(
  File "/workdir/pre-commit-2.20.0/pre_commit/languages/helpers.py", line 48, in run_setup_cmd
    cmd_output_b(*cmd, cwd=prefix.prefix_dir, **kwargs)
  File "/workdir/pre-commit-2.20.0/pre_commit/util.py", line 146, in cmd_output_b
    raise CalledProcessError(returncode, cmd, retcode, stdout_b, stderr_b)
pre_commit.util.CalledProcessError: command: ('gem', 'build', 'placeholder_gem.gemspec')
return code: 1
expected return code: 0
stdout:
    Executable `gem` not found
stderr: (none)</failure></testcase><testcase classname="tests.languages.ruby_test" name="test_install_ruby_with_version" time="150.158" /><testcase classname="tests.languages.ruby_test" name="test_archive_root_stat[rbenv.tar.gz]" time="0.005" /><testcase classname="tests.languages.ruby_test" name="test_archive_root_stat[ruby-build.tar.gz]" time="0.022" /><testcase classname="tests.languages.ruby_test" name="test_archive_root_stat[ruby-download.tar.gz]" time="0.002" /><testcase classname="tests.meta_hooks.check_hooks_apply_test" name="test_hook_excludes_everything" time="0.040" /><testcase classname="tests.meta_hooks.check_hooks_apply_test" name="test_hook_includes_nothing" time="0.043" /><testcase classname="tests.meta_hooks.check_hooks_apply_test" name="test_hook_types_not_matched" time="0.038" /><testcase classname="tests.meta_hooks.check_hooks_apply_test" name="test_hook_types_excludes_everything" time="0.039" /><testcase classname="tests.meta_hooks.check_hooks_apply_test" name="test_valid_exceptions" time="0.043" /><testcase classname="tests.meta_hooks.check_useless_excludes_test" name="test_useless_exclude_global" time="0.014" /><testcase classname="tests.meta_hooks.check_useless_excludes_test" name="test_useless_exclude_for_hook" time="0.014" /><testcase classname="tests.meta_hooks.check_useless_excludes_test" name="test_useless_exclude_with_types_filter" time="0.015" /><testcase classname="tests.meta_hooks.check_useless_excludes_test" name="test_no_excludes" time="0.015" /><testcase classname="tests.meta_hooks.check_useless_excludes_test" name="test_valid_exclude" time="0.015" /><testcase classname="tests.meta_hooks.check_useless_excludes_test" name="test_useless_excludes_broken_symlink" time="0.035" /><testcase classname="tests.meta_hooks.identity_test" name="test_identity" time="0.054" /></testsuite></testsuites>