<?xml version="1.0" encoding="utf-8"?><testsuites><testsuite name="pytest" errors="0" failures="37" skipped="84" tests="1129" time="22.599" timestamp="2023-11-21T21:19:38.349309" hostname="80ac3eb7f7f2"><testcase classname="tests.test_future.test_backports.CountTest" name="test_count" time="0.001" /><testcase classname="tests.test_future.test_backports.CountTest" name="test_own_count" time="0.001" /><testcase classname="tests.test_future.test_backports.TestChainMap" name="test_basics" time="0.001" /><testcase classname="tests.test_future.test_backports.TestChainMap" name="test_bool" time="0.001" /><testcase classname="tests.test_future.test_backports.TestChainMap" name="test_contructor" time="0.000" /><testcase classname="tests.test_future.test_backports.TestChainMap" name="test_dict_coercion" time="0.000" /><testcase classname="tests.test_future.test_backports.TestChainMap" name="test_missing" time="0.001" /><testcase classname="tests.test_future.test_backports.TestCounter" name="test_basics" time="0.001" /><testcase classname="tests.test_future.test_backports.TestCounter" name="test_conversions" time="0.001" /><testcase classname="tests.test_future.test_backports.TestCounter" name="test_copy_subclass" time="0.001" /><testcase classname="tests.test_future.test_backports.TestCounter" name="test_copying" time="0.001" /><testcase classname="tests.test_future.test_backports.TestCounter" name="test_helper_function" time="0.000" /><testcase classname="tests.test_future.test_backports.TestCounter" name="test_inplace_operations" time="0.057" /><testcase classname="tests.test_future.test_backports.TestCounter" name="test_invariant_for_the_in_operator" time="0.001" /><testcase classname="tests.test_future.test_backports.TestCounter" name="test_multiset_operations" time="0.042" /><testcase classname="tests.test_future.test_backports.TestCounter" name="test_repr_nonsortable" time="0.001" /><testcase classname="tests.test_future.test_backports.TestCounter" name="test_subtract" time="0.001" /><testcase classname="tests.test_future.test_backports.TestCounter" name="test_unary" time="0.001" /><testcase classname="tests.test_future.test_backports.TestOrderedDict" name="test_abc" time="0.001" /><testcase classname="tests.test_future.test_backports.TestOrderedDict" name="test_clear" time="0.000" /><testcase classname="tests.test_future.test_backports.TestOrderedDict" name="test_copying" time="0.001" /><testcase classname="tests.test_future.test_backports.TestOrderedDict" name="test_delitem" time="0.000" /><testcase classname="tests.test_future.test_backports.TestOrderedDict" name="test_equality" time="0.000" /><testcase classname="tests.test_future.test_backports.TestOrderedDict" name="test_init" time="0.000" /><testcase classname="tests.test_future.test_backports.TestOrderedDict" name="test_iterators" time="0.000" /><testcase classname="tests.test_future.test_backports.TestOrderedDict" name="test_move_to_end" time="0.000" /><testcase classname="tests.test_future.test_backports.TestOrderedDict" name="test_override_update" time="0.000" /><testcase classname="tests.test_future.test_backports.TestOrderedDict" name="test_pop" time="0.001" /><testcase classname="tests.test_future.test_backports.TestOrderedDict" name="test_popitem" time="0.000" /><testcase classname="tests.test_future.test_backports.TestOrderedDict" name="test_reinsert" time="0.000" /><testcase classname="tests.test_future.test_backports.TestOrderedDict" name="test_repr" time="0.001" /><testcase classname="tests.test_future.test_backports.TestOrderedDict" name="test_repr_recursive" time="0.000" /><testcase classname="tests.test_future.test_backports.TestOrderedDict" name="test_setdefault" time="0.001" /><testcase classname="tests.test_future.test_backports.TestOrderedDict" name="test_setitem" time="0.001" /><testcase classname="tests.test_future.test_backports.TestOrderedDict" name="test_update" time="0.001" /><testcase classname="tests.test_future.test_backports.TestOrderedDict" name="test_yaml_linkage" time="0.001" /><testcase classname="tests.test_future.test_buffer.BytearrayPEP3137Test" name="test_capitalize" time="0.001" /><testcase classname="tests.test_future.test_buffer.BytearrayPEP3137Test" name="test_center" time="0.000" /><testcase classname="tests.test_future.test_buffer.BytearrayPEP3137Test" name="test_expandtabs" time="0.000" /><testcase classname="tests.test_future.test_buffer.BytearrayPEP3137Test" name="test_isalnum" time="0.001" /><testcase classname="tests.test_future.test_buffer.BytearrayPEP3137Test" name="test_isalpha" time="0.001" /><testcase classname="tests.test_future.test_buffer.BytearrayPEP3137Test" name="test_isdigit" time="0.000" /><testcase classname="tests.test_future.test_buffer.BytearrayPEP3137Test" name="test_islower" time="0.000" /><testcase classname="tests.test_future.test_buffer.BytearrayPEP3137Test" name="test_isspace" time="0.001" /><testcase classname="tests.test_future.test_buffer.BytearrayPEP3137Test" name="test_istitle" time="0.001" /><testcase classname="tests.test_future.test_buffer.BytearrayPEP3137Test" name="test_isupper" time="0.001" /><testcase classname="tests.test_future.test_buffer.BytearrayPEP3137Test" name="test_ljust" time="0.000" /><testcase classname="tests.test_future.test_buffer.BytearrayPEP3137Test" name="test_lower" time="0.001" /><testcase classname="tests.test_future.test_buffer.BytearrayPEP3137Test" name="test_returns_new_copy" time="0.001" /><testcase classname="tests.test_future.test_buffer.BytearrayPEP3137Test" name="test_rjust" time="0.000" /><testcase classname="tests.test_future.test_buffer.BytearrayPEP3137Test" name="test_splitlines" time="0.001" /><testcase classname="tests.test_future.test_buffer.BytearrayPEP3137Test" name="test_swapcase" time="0.000" /><testcase classname="tests.test_future.test_buffer.BytearrayPEP3137Test" name="test_title" time="0.001" /><testcase classname="tests.test_future.test_buffer.BytearrayPEP3137Test" name="test_upper" time="0.001" /><testcase classname="tests.test_future.test_buffer.BytearrayPEP3137Test" name="test_zfill" time="0.001" /><testcase classname="tests.test_future.test_builtins.TestBuiltins" name="test_isinstance_Integral" time="0.001" /><testcase classname="tests.test_future.test_builtins.TestBuiltins" name="test_isinstance_bytes" time="0.001" /><testcase classname="tests.test_future.test_builtins.TestBuiltins" name="test_isinstance_int" time="0.001" /><testcase classname="tests.test_future.test_builtins.TestBuiltins" name="test_isinstance_long" time="0.001" /><testcase classname="tests.test_future.test_builtins.TestBuiltins" name="test_isinstance_str" time="0.001" /><testcase classname="tests.test_future.test_builtins.TestBuiltins" name="test_isinstance_tuple_of_types" time="0.001" /><testcase classname="tests.test_future.test_builtins.TestBuiltins" name="test_newnext_doc_example" time="0.001" /><testcase classname="tests.test_future.test_builtins.TestBuiltins" name="test_round" time="0.001" /><testcase classname="tests.test_future.test_builtins.TestBuiltins" name="test_round_negative_ndigits" time="0.001"><skipped type="pytest.skip" message="negative ndigits not implemented yet">/workdir/future-0.18.2/tests/test_future/test_builtins.py:149: negative ndigits not implemented yet</skipped></testcase><testcase classname="tests.test_future.test_builtins.TestBuiltins" name="test_super" time="0.001" /><testcase classname="tests.test_future.test_builtins.TestBuiltins" name="test_super_2" time="0.001" /><testcase classname="tests.test_future.test_builtins.TestBuiltins" name="test_type" time="0.001" /><testcase classname="tests.test_future.test_builtins.BuiltinTest" name="test_abs" time="0.001" /><testcase classname="tests.test_future.test_builtins.BuiltinTest" name="test_all" time="0.001" /><testcase classname="tests.test_future.test_builtins.BuiltinTest" name="test_any" time="0.000" /><testcase classname="tests.test_future.test_builtins.BuiltinTest" name="test_ascii" time="0.000" /><testcase classname="tests.test_future.test_builtins.BuiltinTest" name="test_bin" time="0.000" /><testcase classname="tests.test_future.test_builtins.BuiltinTest" name="test_bytearray_translate" time="0.000" /><testcase classname="tests.test_future.test_builtins.BuiltinTest" name="test_callable" time="0.001" /><testcase classname="tests.test_future.test_builtins.BuiltinTest" name="test_chr" time="0.001" /><testcase classname="tests.test_future.test_builtins.BuiltinTest" name="test_chr_big" time="0.001"><skipped type="pytest.skip" message="FIXME: skip on narrow builds?">/workdir/future-0.18.2/tests/test_future/test_builtins.py:500: FIXME: skip on narrow builds?</skipped></testcase><testcase classname="tests.test_future.test_builtins.BuiltinTest" name="test_compile" time="0.001" /><testcase classname="tests.test_future.test_builtins.BuiltinTest" name="test_construct_singletons" time="0.001" /><testcase classname="tests.test_future.test_builtins.BuiltinTest" name="test_delattr" time="0.000" /><testcase classname="tests.test_future.test_builtins.BuiltinTest" name="test_dir" time="0.001" /><testcase classname="tests.test_future.test_builtins.BuiltinTest" name="test_divmod" time="0.000" /><testcase classname="tests.test_future.test_builtins.BuiltinTest" name="test_eval" time="0.001" /><testcase classname="tests.test_future.test_builtins.BuiltinTest" name="test_exec_" time="0.001" /><testcase classname="tests.test_future.test_builtins.BuiltinTest" name="test_exec_globals" time="0.001" /><testcase classname="tests.test_future.test_builtins.BuiltinTest" name="test_exec_redirected" time="0.001" /><testcase classname="tests.test_future.test_builtins.BuiltinTest" name="test_filter" time="0.001" /><testcase classname="tests.test_future.test_builtins.BuiltinTest" name="test_filter_pickle" time="0.001" /><testcase classname="tests.test_future.test_builtins.BuiltinTest" name="test_format" time="0.001" /><testcase classname="tests.test_future.test_builtins.BuiltinTest" name="test_general_eval" time="0.001" /><testcase classname="tests.test_future.test_builtins.BuiltinTest" name="test_getattr" time="0.001" /><testcase classname="tests.test_future.test_builtins.BuiltinTest" name="test_hasattr" time="0.001" /><testcase classname="tests.test_future.test_builtins.BuiltinTest" name="test_hash" time="0.001" /><testcase classname="tests.test_future.test_builtins.BuiltinTest" name="test_hex" time="0.001" /><testcase classname="tests.test_future.test_builtins.BuiltinTest" name="test_id" time="0.001" /><testcase classname="tests.test_future.test_builtins.BuiltinTest" name="test_import" time="0.001" /><testcase classname="tests.test_future.test_builtins.BuiltinTest" name="test_input" time="0.001" /><testcase classname="tests.test_future.test_builtins.BuiltinTest" name="test_input_tty" time="0.001"><skipped type="pytest.skip" message="stdin and stdout must be ttys">/workdir/future-0.18.2/tests/test_future/test_builtins.py:1413: stdin and stdout must be ttys</skipped></testcase><testcase classname="tests.test_future.test_builtins.BuiltinTest" name="test_input_tty_non_ascii" time="0.001"><skipped type="pytest.skip" message="stdin and stdout must be ttys">/workdir/future-0.18.2/tests/test_future/test_builtins.py:1419: stdin and stdout must be ttys</skipped></testcase><testcase classname="tests.test_future.test_builtins.BuiltinTest" name="test_input_tty_non_ascii_unicode_errors" time="0.001"><skipped type="pytest.skip" message="stdin and stdout must be ttys">/workdir/future-0.18.2/tests/test_future/test_builtins.py:1424: stdin and stdout must be ttys</skipped></testcase><testcase classname="tests.test_future.test_builtins.BuiltinTest" name="test_isinstance" time="0.001" /><testcase classname="tests.test_future.test_builtins.BuiltinTest" name="test_issubclass" time="0.001" /><testcase classname="tests.test_future.test_builtins.BuiltinTest" name="test_iter" time="0.001" /><testcase classname="tests.test_future.test_builtins.BuiltinTest" name="test_len" time="0.001" /><testcase classname="tests.test_future.test_builtins.BuiltinTest" name="test_map" time="0.001" /><testcase classname="tests.test_future.test_builtins.BuiltinTest" name="test_map_pickle" time="0.001" /><testcase classname="tests.test_future.test_builtins.BuiltinTest" name="test_max" time="0.001" /><testcase classname="tests.test_future.test_builtins.BuiltinTest" name="test_min" time="0.002" /><testcase classname="tests.test_future.test_builtins.BuiltinTest" name="test_neg" time="0.001" /><testcase classname="tests.test_future.test_builtins.BuiltinTest" name="test_next" time="0.001" /><testcase classname="tests.test_future.test_builtins.BuiltinTest" name="test_oct" time="0.001" /><testcase classname="tests.test_future.test_builtins.BuiltinTest" name="test_open" time="0.001" /><testcase classname="tests.test_future.test_builtins.BuiltinTest" name="test_open_default_encoding" time="0.001" /><testcase classname="tests.test_future.test_builtins.BuiltinTest" name="test_ord" time="0.001" /><testcase classname="tests.test_future.test_builtins.BuiltinTest" name="test_ord_big" time="0.001"><skipped type="pytest.skip" message="FIXME: skip on narrow builds?">/workdir/future-0.18.2/tests/test_future/test_builtins.py:483: FIXME: skip on narrow builds?</skipped></testcase><testcase classname="tests.test_future.test_builtins.BuiltinTest" name="test_pow" time="0.001"><failure message="AssertionError: (&lt;class 'TypeError'&gt;, &lt;class 'ValueError'&gt;) not raised by pow">Traceback (most recent call last):
  File "/usr/local/lib/python3.10/unittest/case.py", line 59, in testPartExecutor
    yield
  File "/usr/local/lib/python3.10/unittest/case.py", line 591, in run
    self._callTestMethod(testMethod)
  File "/usr/local/lib/python3.10/unittest/case.py", line 549, in _callTestMethod
    method()
  File "/workdir/future-0.18.2/tests/test_future/test_builtins.py", line 1308, in test_pow
    self.assertRaises((TypeError, ValueError), pow, -1, -2, 3)
  File "/usr/local/lib/python3.10/unittest/case.py", line 738, in assertRaises
    return context.handle('assertRaises', args, kwargs)
  File "/usr/local/lib/python3.10/unittest/case.py", line 200, in handle
    with self:
  File "/usr/local/lib/python3.10/unittest/case.py", line 223, in __exit__
    self._raiseFailure("{} not raised by {}".format(exc_name,
  File "/usr/local/lib/python3.10/unittest/case.py", line 163, in _raiseFailure
    raise self.test_case.failureException(msg)
AssertionError: (&lt;class 'TypeError'&gt;, &lt;class 'ValueError'&gt;) not raised by pow</failure></testcase><testcase classname="tests.test_future.test_builtins.BuiltinTest" name="test_repr" time="0.001" /><testcase classname="tests.test_future.test_builtins.BuiltinTest" name="test_round" time="0.001" /><testcase classname="tests.test_future.test_builtins.BuiltinTest" name="test_round_large" time="0.001" /><testcase classname="tests.test_future.test_builtins.BuiltinTest" name="test_setattr" time="0.001" /><testcase classname="tests.test_future.test_builtins.BuiltinTest" name="test_sum" time="0.001" /><testcase classname="tests.test_future.test_builtins.BuiltinTest" name="test_type" time="0.001" /><testcase classname="tests.test_future.test_builtins.BuiltinTest" name="test_vars" time="0.002" /><testcase classname="tests.test_future.test_builtins.BuiltinTest" name="test_zip" time="0.001" /><testcase classname="tests.test_future.test_builtins.BuiltinTest" name="test_zip_pickle" time="0.003" /><testcase classname="tests.test_future.test_builtins.TestSorted" name="test_baddecorator" time="0.002" /><testcase classname="tests.test_future.test_builtins.TestSorted" name="test_basic" time="0.001" /><testcase classname="tests.test_future.test_builtins.TestSorted" name="test_inputtypes" time="0.001" /><testcase classname="tests.test_future.test_bytes.TestBytes" name="test_add" time="0.001" /><testcase classname="tests.test_future.test_bytes.TestBytes" name="test_b_literal_creates_newbytes_object" time="0.001" /><testcase classname="tests.test_future.test_bytes.TestBytes" name="test_bytes_bytes" time="0.001" /><testcase classname="tests.test_future.test_bytes.TestBytes" name="test_bytes_contains_something" time="0.001" /><testcase classname="tests.test_future.test_bytes.TestBytes" name="test_bytes_empty" time="0.001" /><testcase classname="tests.test_future.test_bytes.TestBytes" name="test_bytes_encoding_arg" time="0.001" /><testcase classname="tests.test_future.test_bytes.TestBytes" name="test_bytes_encoding_arg_issue_193" time="0.001" /><testcase classname="tests.test_future.test_bytes.TestBytes" name="test_bytes_encoding_arg_non_kwarg" time="0.002" /><testcase classname="tests.test_future.test_bytes.TestBytes" name="test_bytes_fromhex" time="0.001" /><testcase classname="tests.test_future.test_bytes.TestBytes" name="test_bytes_frozenset" time="0.001" /><testcase classname="tests.test_future.test_bytes.TestBytes" name="test_bytes_getitem" time="0.001" /><testcase classname="tests.test_future.test_bytes.TestBytes" name="test_bytes_hasattr_encode" time="0.001" /><testcase classname="tests.test_future.test_bytes.TestBytes" name="test_bytes_index" time="0.001" /><testcase classname="tests.test_future.test_bytes.TestBytes" name="test_bytes_int" time="0.001" /><testcase classname="tests.test_future.test_bytes.TestBytes" name="test_bytes_is_bytes" time="0.001" /><testcase classname="tests.test_future.test_bytes.TestBytes" name="test_bytes_iterable_of_ints" time="0.001" /><testcase classname="tests.test_future.test_bytes.TestBytes" name="test_bytes_iteration" time="0.001" /><testcase classname="tests.test_future.test_bytes.TestBytes" name="test_bytes_join_bytes" time="0.001" /><testcase classname="tests.test_future.test_bytes.TestBytes" name="test_bytes_join_others" time="0.001" /><testcase classname="tests.test_future.test_bytes.TestBytes" name="test_bytes_join_unicode_strings" time="0.001" /><testcase classname="tests.test_future.test_bytes.TestBytes" name="test_bytes_long" time="0.001"><skipped type="pytest.skip" message="test not needed on Py3: all ints are long">/workdir/future-0.18.2/tests/test_future/test_bytes.py:77: test not needed on Py3: all ints are long</skipped></testcase><testcase classname="tests.test_future.test_bytes.TestBytes" name="test_bytes_partition" time="0.001" /><testcase classname="tests.test_future.test_bytes.TestBytes" name="test_bytes_plus_bytes" time="0.001" /><testcase classname="tests.test_future.test_bytes.TestBytes" name="test_bytes_plus_unicode_string" time="0.001" /><testcase classname="tests.test_future.test_bytes.TestBytes" name="test_bytes_replace" time="0.001" /><testcase classname="tests.test_future.test_bytes.TestBytes" name="test_bytes_rpartition" time="0.001" /><testcase classname="tests.test_future.test_bytes.TestBytes" name="test_bytes_setitem" time="0.001" /><testcase classname="tests.test_future.test_bytes.TestBytes" name="test_bytes_string_no_encoding" time="0.001" /><testcase classname="tests.test_future.test_bytes.TestBytes" name="test_bytes_within_range" time="0.001" /><testcase classname="tests.test_future.test_bytes.TestBytes" name="test_cast_to_bytes" time="0.001" /><testcase classname="tests.test_future.test_bytes.TestBytes" name="test_cast_to_bytes_iter_precedence" time="0.001" /><testcase classname="tests.test_future.test_bytes.TestBytes" name="test_cmp" time="0.001" /><testcase classname="tests.test_future.test_bytes.TestBytes" name="test_decode" time="0.001" /><testcase classname="tests.test_future.test_bytes.TestBytes" name="test_encode" time="0.001" /><testcase classname="tests.test_future.test_bytes.TestBytes" name="test_endswith" time="0.001" /><testcase classname="tests.test_future.test_bytes.TestBytes" name="test_eq" time="0.001" /><testcase classname="tests.test_future.test_bytes.TestBytes" name="test_find_found" time="0.001" /><testcase classname="tests.test_future.test_bytes.TestBytes" name="test_find_not_found" time="0.001" /><testcase classname="tests.test_future.test_bytes.TestBytes" name="test_hash" time="0.001" /><testcase classname="tests.test_future.test_bytes.TestBytes" name="test_hash_with_native_types" time="0.001"><skipped type="pytest.xfail" message="" /></testcase><testcase classname="tests.test_future.test_bytes.TestBytes" name="test_imod" time="0.001" /><testcase classname="tests.test_future.test_bytes.TestBytes" name="test_isinstance_bytes" time="0.001" /><testcase classname="tests.test_future.test_bytes.TestBytes" name="test_isinstance_bytes_subclass" time="0.001" /><testcase classname="tests.test_future.test_bytes.TestBytes" name="test_isinstance_oldbytestrings_bytes" time="0.001" /><testcase classname="tests.test_future.test_bytes.TestBytes" name="test_issue_171_part_a" time="0.001" /><testcase classname="tests.test_future.test_bytes.TestBytes" name="test_issue_171_part_b" time="0.001" /><testcase classname="tests.test_future.test_bytes.TestBytes" name="test_maketrans" time="0.001" /><testcase classname="tests.test_future.test_bytes.TestBytes" name="test_mod" time="0.001" /><testcase classname="tests.test_future.test_bytes.TestBytes" name="test_mod_custom_dict" time="0.001"><skipped type="pytest.skip" message="test requires Python 2">/workdir/future-0.18.2/tests/test_future/test_bytes.py:555: test requires Python 2</skipped></testcase><testcase classname="tests.test_future.test_bytes.TestBytes" name="test_mod_more" time="0.001" /><testcase classname="tests.test_future.test_bytes.TestBytes" name="test_mul" time="0.001" /><testcase classname="tests.test_future.test_bytes.TestBytes" name="test_multiple_inheritance" time="0.001" /><testcase classname="tests.test_future.test_bytes.TestBytes" name="test_ne" time="0.001" /><testcase classname="tests.test_future.test_bytes.TestBytes" name="test_quote_from_bytes" time="0.001" /><testcase classname="tests.test_future.test_bytes.TestBytes" name="test_repr" time="0.001" /><testcase classname="tests.test_future.test_bytes.TestBytes" name="test_rfind_found" time="0.001" /><testcase classname="tests.test_future.test_bytes.TestBytes" name="test_rfind_not_found" time="0.001" /><testcase classname="tests.test_future.test_bytes.TestBytes" name="test_rmul" time="0.001" /><testcase classname="tests.test_future.test_bytes.TestBytes" name="test_rstrip" time="0.001" /><testcase classname="tests.test_future.test_bytes.TestBytes" name="test_slice" time="0.001" /><testcase classname="tests.test_future.test_bytes.TestBytes" name="test_startswith" time="0.001" /><testcase classname="tests.test_future.test_bytes.TestBytes" name="test_str" time="0.001" /><testcase classname="tests.test_future.test_bytes.TestBytes" name="test_surrogateescape_decoding" time="0.001" /><testcase classname="tests.test_future.test_bytes.TestBytes" name="test_with_metaclass_and_bytes" time="0.001" /><testcase classname="tests.test_future.test_chainmap.TestChainMap" name="test_bool" time="0.001" /><testcase classname="tests.test_future.test_chainmap.TestChainMap" name="test_clear" time="0.001" /><testcase classname="tests.test_future.test_chainmap.TestChainMap" name="test_copy" time="0.001" /><testcase classname="tests.test_future.test_chainmap.TestChainMap" name="test_delitem" time="0.001" /><testcase classname="tests.test_future.test_chainmap.TestChainMap" name="test_fromkeys" time="0.001" /><testcase classname="tests.test_future.test_chainmap.TestChainMap" name="test_get" time="0.001" /><testcase classname="tests.test_future.test_chainmap.TestChainMap" name="test_missing" time="0.001" /><testcase classname="tests.test_future.test_chainmap.TestChainMap" name="test_parents" time="0.001" /><testcase classname="tests.test_future.test_chainmap.TestChainMap" name="test_pop" time="0.001" /><testcase classname="tests.test_future.test_chainmap.TestChainMap" name="test_popitem" time="0.001" /><testcase classname="tests.test_future.test_chainmap.TestChainMap" name="test_recursive_repr" time="0.001" /><testcase classname="tests.test_future.test_chainmap.TestChainMap" name="test_repr" time="0.001" /><testcase classname="tests.test_future.test_common_iterators.TestIterators" name="test_filter" time="0.001" /><testcase classname="tests.test_future.test_common_iterators.TestIterators" name="test_map" time="0.001" /><testcase classname="tests.test_future.test_common_iterators.TestIterators" name="test_range" time="0.001" /><testcase classname="tests.test_future.test_common_iterators.TestIterators" name="test_zip" time="0.001" /><testcase classname="tests.test_future.test_decorators.TestDecorators" name="test_implements_iterator" time="0.001" /><testcase classname="tests.test_future.test_decorators.TestDecorators" name="test_python_2_unicode_compatible_decorator" time="0.001" /><testcase classname="tests.test_future.test_dict.TestDict" name="test_braces_create_newdict_object" time="0.001" /><testcase classname="tests.test_future.test_dict.TestDict" name="test_dict_dict" time="0.000" /><testcase classname="tests.test_future.test_dict.TestDict" name="test_dict_empty" time="0.000" /><testcase classname="tests.test_future.test_dict.TestDict" name="test_dict_eq" time="0.001" /><testcase classname="tests.test_future.test_dict.TestDict" name="test_dict_getitem" time="0.001" /><testcase classname="tests.test_future.test_dict.TestDict" name="test_dict_items" time="0.001" /><testcase classname="tests.test_future.test_dict.TestDict" name="test_dict_keys" time="0.001" /><testcase classname="tests.test_future.test_dict.TestDict" name="test_dict_values" time="0.001" /><testcase classname="tests.test_future.test_dict.TestDict" name="test_isinstance_dict" time="0.001" /><testcase classname="tests.test_future.test_dict.TestDict" name="test_isinstance_dict_subclass" time="0.001" /><testcase classname="tests.test_future.test_dict.TestDict" name="test_methods_do_not_produce_lists" time="0.001" /><testcase classname="tests.test_future.test_dict.TestDict" name="test_multiple_inheritance" time="0.001" /><testcase classname="tests.test_future.test_dict.TestDict" name="test_set_like_behaviour" time="0.001" /><testcase classname="tests.test_future.test_dict.TestDict" name="test_with_metaclass_and_dict" time="0.001" /><testcase classname="tests.test_future.test_email_multipart.EmailMultiPartTests" name="test_multipart_serialize_without_boundary" time="0.002" /><testcase classname="tests.test_future.test_email_multipart.EmailMultiPartTests" name="test_multipart_set_boundary_does_not_change_header_type" time="0.001" /><testcase classname="tests.test_future.test_explicit_imports.TestExplicitImports" name="test_py2k_disabled_builtins" time="0.001" /><testcase classname="tests.test_future.test_explicit_imports.TestExplicitImports" name="test_py3_builtin_imports" time="0.001" /><testcase classname="tests.test_future.test_futurize.TestLibFuturize" name="test_correct_exit_status" time="0.149" /><testcase classname="tests.test_future.test_futurize.TestLibFuturize" name="test_is_encoding_comment" time="0.001" /><testcase classname="tests.test_future.test_futurize.TestLibFuturize" name="test_is_shebang_comment" time="0.001" /><testcase classname="tests.test_future.test_futurize.TestFuturizeSimple" name="test_UserList" time="0.195" /><testcase classname="tests.test_future.test_futurize.TestFuturizeSimple" name="test_already_future_division" time="0.164" /><testcase classname="tests.test_future.test_futurize.TestFuturizeSimple" name="test_apply" time="0.165" /><testcase classname="tests.test_future.test_futurize.TestFuturizeSimple" name="test_cmp" time="0.180" /><testcase classname="tests.test_future.test_futurize.TestFuturizeSimple" name="test_division" time="0.167" /><testcase classname="tests.test_future.test_futurize.TestFuturizeSimple" name="test_download_pypi_package_and_test" time="0.001"><skipped type="pytest.skip" message="not implemented yet">/workdir/future-0.18.2/tests/test_future/test_futurize.py:552: not implemented yet</skipped></testcase><testcase classname="tests.test_future.test_futurize.TestFuturizeSimple" name="test_encoding_comments_kept_at_top" time="0.338" /><testcase classname="tests.test_future.test_futurize.TestFuturizeSimple" name="test_exception_syntax" time="0.168" /><testcase classname="tests.test_future.test_futurize.TestFuturizeSimple" name="test_execfile" time="0.185" /><testcase classname="tests.test_future.test_futurize.TestFuturizeSimple" name="test_file" time="0.192"><skipped type="pytest.xfail" message="" /></testcase><testcase classname="tests.test_future.test_futurize.TestFuturizeSimple" name="test_import_builtins" time="0.174" /><testcase classname="tests.test_future.test_futurize.TestFuturizeSimple" name="test_input_with_import" time="0.163" /><testcase classname="tests.test_future.test_futurize.TestFuturizeSimple" name="test_input_without_import" time="0.170" /><testcase classname="tests.test_future.test_futurize.TestFuturizeSimple" name="test_izip" time="0.164"><skipped type="pytest.xfail" message="" /></testcase><testcase classname="tests.test_future.test_futurize.TestFuturizeSimple" name="test_literal_prefixes_are_not_stripped" time="0.173" /><testcase classname="tests.test_future.test_futurize.TestFuturizeSimple" name="test_multiline_future_import" time="0.167" /><testcase classname="tests.test_future.test_futurize.TestFuturizeSimple" name="test_no_unneeded_list_calls" time="0.176"><skipped type="pytest.xfail" message="" /></testcase><testcase classname="tests.test_future.test_futurize.TestFuturizeSimple" name="test_oldstyle_classes" time="0.165" /><testcase classname="tests.test_future.test_futurize.TestFuturizeSimple" name="test_oldstyle_classes_iterator" time="0.334" /><testcase classname="tests.test_future.test_futurize.TestFuturizeSimple" name="test_problematic_string" time="0.149"><skipped type="pytest.xfail" message="" /></testcase><testcase classname="tests.test_future.test_futurize.TestFuturizeSimple" name="test_raw_input" time="0.167" /><testcase classname="tests.test_future.test_futurize.TestFuturizeSimple" name="test_shebang_blank_with_future_division_import" time="0.165" /><testcase classname="tests.test_future.test_futurize.TestFuturizeSimple" name="test_shebang_blank_with_print_import" time="0.162" /><testcase classname="tests.test_future.test_futurize.TestFuturizeSimple" name="test_shebang_comment" time="0.175" /><testcase classname="tests.test_future.test_futurize.TestFuturizeSimple" name="test_shebang_docstring" time="0.174" /><testcase classname="tests.test_future.test_futurize.TestFuturizeSimple" name="test_source_coding_utf8" time="0.001" /><testcase classname="tests.test_future.test_futurize.TestFuturizeSimple" name="test_super" time="0.166" /><testcase classname="tests.test_future.test_futurize.TestFuturizeSimple" name="test_tobytes" time="0.001"><skipped type="pytest.skip" message="--tobytes feature removed for now ...">/workdir/future-0.18.2/tests/test_future/test_futurize.py:301: --tobytes feature removed for now ...</skipped></testcase><testcase classname="tests.test_future.test_futurize.TestFuturizeSimple" name="test_xrange" time="0.163" /><testcase classname="tests.test_future.test_futurize.TestFuturizeRenamedStdlib" name="test_Py2_StringIO_module" time="0.182"><skipped type="pytest.xfail" message="" /></testcase><testcase classname="tests.test_future.test_futurize.TestFuturizeRenamedStdlib" name="test_renamed_copy_reg_and_cPickle_modules" time="0.001"><skipped type="pytest.skip" message="Infinite loop?">/workdir/future-0.18.2/tests/test_future/test_futurize.py:694: Infinite loop?</skipped></testcase><testcase classname="tests.test_future.test_futurize.TestFuturizeRenamedStdlib" name="test_renamed_modules" time="0.001"><skipped type="pytest.skip" message="Infinite loop?">/workdir/future-0.18.2/tests/test_future/test_futurize.py:652: Infinite loop?</skipped></testcase><testcase classname="tests.test_future.test_futurize.TestFuturizeRenamedStdlib" name="test_urllib_refactor" time="0.001"><skipped type="pytest.skip" message="Not working yet ...">/workdir/future-0.18.2/tests/test_future/test_futurize.py:670: Not working yet ...</skipped></testcase><testcase classname="tests.test_future.test_futurize.TestFuturizeStage1" name="test___future___import_position" time="0.166" /><testcase classname="tests.test_future.test_futurize.TestFuturizeStage1" name="test_absolute_import_changes" time="0.097"><skipped type="pytest.xfail" message="" /></testcase><testcase classname="tests.test_future.test_futurize.TestFuturizeStage1" name="test_apply" time="0.097" /><testcase classname="tests.test_future.test_futurize.TestFuturizeStage1" name="test_basestring" time="0.179" /><testcase classname="tests.test_future.test_futurize.TestFuturizeStage1" name="test_basestring_issue_156" time="0.277" /><testcase classname="tests.test_future.test_futurize.TestFuturizeStage1" name="test_exceptions" time="0.105" /><testcase classname="tests.test_future.test_futurize.TestFuturizeStage1" name="test_issue_12" time="0.171"><skipped type="pytest.xfail" message="" /></testcase><testcase classname="tests.test_future.test_futurize.TestFuturizeStage1" name="test_issue_45" time="0.225" /><testcase classname="tests.test_future.test_futurize.TestFuturizeStage1" name="test_long_int_literals" time="0.183" /><testcase classname="tests.test_future.test_futurize.TestFuturizeStage1" name="test_next_1" time="0.086" /><testcase classname="tests.test_future.test_futurize.TestFuturizeStage1" name="test_next_2" time="0.088"><skipped type="pytest.xfail" message="" /></testcase><testcase classname="tests.test_future.test_futurize.TestFuturizeStage1" name="test_octal_literals" time="0.164" /><testcase classname="tests.test_future.test_futurize.TestFuturizeStage1" name="test_oldstyle_classes" time="0.095" /><testcase classname="tests.test_future.test_futurize.TestFuturizeStage1" name="test_order_future_lines" time="0.001" /><testcase classname="tests.test_future.test_futurize.TestFuturizeStage1" name="test_print" time="0.194" /><testcase classname="tests.test_future.test_futurize.TestFuturizeStage1" name="test_print_already_function" time="0.096" /><testcase classname="tests.test_future.test_futurize.TestFuturizeStage1" name="test_print_already_function_complex" time="0.083"><skipped type="pytest.xfail" message="" /></testcase><testcase classname="tests.test_future.test_futurize.TestFuturizeStage1" name="test_range_necessary_list_calls" time="0.167" /><testcase classname="tests.test_future.test_futurize.TestFuturizeStage1" name="test_safe_division" time="0.192" /><testcase classname="tests.test_future.test_futurize.TestFuturizeStage1" name="test_safe_division_overloaded" time="0.211" /><testcase classname="tests.test_future.test_futurize.TestFuturizeStage1" name="test_safe_futurize_imports" time="0.084" /><testcase classname="tests.test_future.test_futurize.TestFuturizeStage1" name="test_stdlib_modules_not_changed" time="0.084" /><testcase classname="tests.test_future.test_futurize.TestFuturizeStage1" name="test_string_exceptions" time="0.098"><skipped type="pytest.xfail" message="" /></testcase><testcase classname="tests.test_future.test_futurize.TestFuturizeStage1" name="test_xrange" time="0.085" /><testcase classname="tests.test_future.test_futurize.TestConservativeFuturize" name="test_basestring" time="0.051"><skipped type="pytest.xfail" message="" /></testcase><testcase classname="tests.test_future.test_futurize.TestConservativeFuturize" name="test_open" time="0.052"><skipped type="pytest.xfail" message="" /></testcase><testcase classname="tests.test_future.test_futurize.TestFuturizeAllImports" name="test_all_imports" time="0.197" /><testcase classname="tests.test_future.test_html.HtmlTests" name="test_escape" time="0.001" /><testcase classname="tests.test_future.test_htmlparser.HTMLParserStrictTestCase" name="test_bad_nesting" time="0.001" /><testcase classname="tests.test_future.test_htmlparser.HTMLParserStrictTestCase" name="test_bare_ampersands" time="0.001" /><testcase classname="tests.test_future.test_htmlparser.HTMLParserStrictTestCase" name="test_bare_pointy_brackets" time="0.001" /><testcase classname="tests.test_future.test_htmlparser.HTMLParserStrictTestCase" name="test_buffer_artefacts" time="0.001" /><testcase classname="tests.test_future.test_htmlparser.HTMLParserStrictTestCase" name="test_cdata_content" time="0.006" /><testcase classname="tests.test_future.test_htmlparser.HTMLParserStrictTestCase" name="test_cdata_with_closing_tags" time="0.001" /><testcase classname="tests.test_future.test_htmlparser.HTMLParserStrictTestCase" name="test_comments" time="0.001" /><testcase classname="tests.test_future.test_htmlparser.HTMLParserStrictTestCase" name="test_condcoms" time="0.001" /><testcase classname="tests.test_future.test_htmlparser.HTMLParserStrictTestCase" name="test_declaration_junk_chars" time="0.001" /><testcase classname="tests.test_future.test_htmlparser.HTMLParserStrictTestCase" name="test_get_starttag_text" time="0.001" /><testcase classname="tests.test_future.test_htmlparser.HTMLParserStrictTestCase" name="test_illegal_declarations" time="0.001" /><testcase classname="tests.test_future.test_htmlparser.HTMLParserStrictTestCase" name="test_malformatted_charref" time="0.001" /><testcase classname="tests.test_future.test_htmlparser.HTMLParserStrictTestCase" name="test_processing_instruction_only" time="0.001" /><testcase classname="tests.test_future.test_htmlparser.HTMLParserStrictTestCase" name="test_simple_html" time="0.001" /><testcase classname="tests.test_future.test_htmlparser.HTMLParserStrictTestCase" name="test_startendtag" time="0.001" /><testcase classname="tests.test_future.test_htmlparser.HTMLParserStrictTestCase" name="test_starttag_end_boundary" time="0.001" /><testcase classname="tests.test_future.test_htmlparser.HTMLParserStrictTestCase" name="test_starttag_junk_chars" time="0.001" /><testcase classname="tests.test_future.test_htmlparser.HTMLParserStrictTestCase" name="test_unclosed_entityref" time="0.001" /><testcase classname="tests.test_future.test_htmlparser.HTMLParserStrictTestCase" name="test_valid_doctypes" time="0.006" /><testcase classname="tests.test_future.test_htmlparser.HTMLParserTolerantTestCase" name="test_bad_nesting" time="0.001" /><testcase classname="tests.test_future.test_htmlparser.HTMLParserTolerantTestCase" name="test_bare_ampersands" time="0.001" /><testcase classname="tests.test_future.test_htmlparser.HTMLParserTolerantTestCase" name="test_bare_pointy_brackets" time="0.001" /><testcase classname="tests.test_future.test_htmlparser.HTMLParserTolerantTestCase" name="test_broken_comments" time="0.001" /><testcase classname="tests.test_future.test_htmlparser.HTMLParserTolerantTestCase" name="test_broken_condcoms" time="0.001" /><testcase classname="tests.test_future.test_htmlparser.HTMLParserTolerantTestCase" name="test_broken_invalid_end_tag" time="0.001" /><testcase classname="tests.test_future.test_htmlparser.HTMLParserTolerantTestCase" name="test_buffer_artefacts" time="0.001" /><testcase classname="tests.test_future.test_htmlparser.HTMLParserTolerantTestCase" name="test_cdata_content" time="0.005" /><testcase classname="tests.test_future.test_htmlparser.HTMLParserTolerantTestCase" name="test_cdata_with_closing_tags" time="0.001" /><testcase classname="tests.test_future.test_htmlparser.HTMLParserTolerantTestCase" name="test_comma_between_attributes" time="0.002" /><testcase classname="tests.test_future.test_htmlparser.HTMLParserTolerantTestCase" name="test_comments" time="0.001" /><testcase classname="tests.test_future.test_htmlparser.HTMLParserTolerantTestCase" name="test_condcoms" time="0.001" /><testcase classname="tests.test_future.test_htmlparser.HTMLParserTolerantTestCase" name="test_correct_detection_of_start_tags" time="0.001" /><testcase classname="tests.test_future.test_htmlparser.HTMLParserTolerantTestCase" name="test_declaration_junk_chars" time="0.001" /><testcase classname="tests.test_future.test_htmlparser.HTMLParserTolerantTestCase" name="test_get_starttag_text" time="0.001" /><testcase classname="tests.test_future.test_htmlparser.HTMLParserTolerantTestCase" name="test_illegal_declarations" time="0.001" /><testcase classname="tests.test_future.test_htmlparser.HTMLParserTolerantTestCase" name="test_invalid_end_tags" time="0.001" /><testcase classname="tests.test_future.test_htmlparser.HTMLParserTolerantTestCase" name="test_malformatted_charref" time="0.001" /><testcase classname="tests.test_future.test_htmlparser.HTMLParserTolerantTestCase" name="test_processing_instruction_only" time="0.001" /><testcase classname="tests.test_future.test_htmlparser.HTMLParserTolerantTestCase" name="test_simple_html" time="0.001" /><testcase classname="tests.test_future.test_htmlparser.HTMLParserTolerantTestCase" name="test_slashes_in_starttag" time="0.001" /><testcase classname="tests.test_future.test_htmlparser.HTMLParserTolerantTestCase" name="test_startendtag" time="0.001" /><testcase classname="tests.test_future.test_htmlparser.HTMLParserTolerantTestCase" name="test_starttag_end_boundary" time="0.001" /><testcase classname="tests.test_future.test_htmlparser.HTMLParserTolerantTestCase" name="test_starttag_junk_chars" time="0.001"><skipped type="pytest.skip" message="not working on Py3.3.4 for some reason ...">/workdir/future-0.18.2/tests/test_future/test_htmlparser.py:393: not working on Py3.3.4 for some reason ...</skipped></testcase><testcase classname="tests.test_future.test_htmlparser.HTMLParserTolerantTestCase" name="test_tolerant_parsing" time="0.002"><skipped type="pytest.skip" message="not working on Py3.3.4 for some reason ...">/workdir/future-0.18.2/tests/test_future/test_htmlparser.py:379: not working on Py3.3.4 for some reason ...</skipped></testcase><testcase classname="tests.test_future.test_htmlparser.HTMLParserTolerantTestCase" name="test_unclosed_entityref" time="0.001" /><testcase classname="tests.test_future.test_htmlparser.HTMLParserTolerantTestCase" name="test_unescape_function" time="0.001" /><testcase classname="tests.test_future.test_htmlparser.HTMLParserTolerantTestCase" name="test_valid_doctypes" time="0.003" /><testcase classname="tests.test_future.test_htmlparser.HTMLParserTolerantTestCase" name="test_weird_chars_in_unquoted_attribute_values" time="0.001" /><testcase classname="tests.test_future.test_htmlparser.HTMLParserTolerantTestCase" name="test_with_unquoted_attributes" time="0.002" /><testcase classname="tests.test_future.test_htmlparser.AttributesStrictTestCase" name="test_attr_entity_replacement" time="0.001" /><testcase classname="tests.test_future.test_htmlparser.AttributesStrictTestCase" name="test_attr_funky_names" time="0.001" /><testcase classname="tests.test_future.test_htmlparser.AttributesStrictTestCase" name="test_attr_nonascii" time="0.001" /><testcase classname="tests.test_future.test_htmlparser.AttributesStrictTestCase" name="test_attr_syntax" time="0.001" /><testcase classname="tests.test_future.test_htmlparser.AttributesStrictTestCase" name="test_attr_values" time="0.001" /><testcase classname="tests.test_future.test_htmlparser.AttributesStrictTestCase" name="test_entityrefs_in_attributes" time="0.001" /><testcase classname="tests.test_future.test_htmlparser.AttributesTolerantTestCase" name="test_adjacent_attributes" time="0.001" /><testcase classname="tests.test_future.test_htmlparser.AttributesTolerantTestCase" name="test_attr_entity_replacement" time="0.001" /><testcase classname="tests.test_future.test_htmlparser.AttributesTolerantTestCase" name="test_attr_funky_names" time="0.001" /><testcase classname="tests.test_future.test_htmlparser.AttributesTolerantTestCase" name="test_attr_funky_names2" time="0.001" /><testcase classname="tests.test_future.test_htmlparser.AttributesTolerantTestCase" name="test_attr_nonascii" time="0.001" /><testcase classname="tests.test_future.test_htmlparser.AttributesTolerantTestCase" name="test_attr_syntax" time="0.001" /><testcase classname="tests.test_future.test_htmlparser.AttributesTolerantTestCase" name="test_attr_values" time="0.001" /><testcase classname="tests.test_future.test_htmlparser.AttributesTolerantTestCase" name="test_end_tag_in_attribute_value" time="0.001" /><testcase classname="tests.test_future.test_htmlparser.AttributesTolerantTestCase" name="test_entities_in_attribute_value" time="0.001" /><testcase classname="tests.test_future.test_htmlparser.AttributesTolerantTestCase" name="test_entityrefs_in_attributes" time="0.001" /><testcase classname="tests.test_future.test_htmlparser.AttributesTolerantTestCase" name="test_javascript_attribute_value" time="0.001" /><testcase classname="tests.test_future.test_htmlparser.AttributesTolerantTestCase" name="test_malformed_adjacent_attributes" time="0.001" /><testcase classname="tests.test_future.test_htmlparser.AttributesTolerantTestCase" name="test_malformed_attributes" time="0.001" /><testcase classname="tests.test_future.test_htmlparser.AttributesTolerantTestCase" name="test_missing_attribute_value" time="0.001" /><testcase classname="tests.test_future.test_htmlparser" name="test_main" time="0.036" /><testcase classname="tests.test_future.test_http_cookiejar.DateTimeTests" name="test_http2time" time="0.001" /><testcase classname="tests.test_future.test_http_cookiejar.DateTimeTests" name="test_http2time_formats" time="0.001" /><testcase classname="tests.test_future.test_http_cookiejar.DateTimeTests" name="test_http2time_garbage" time="0.001" /><testcase classname="tests.test_future.test_http_cookiejar.DateTimeTests" name="test_iso2time" time="0.001" /><testcase classname="tests.test_future.test_http_cookiejar.DateTimeTests" name="test_iso2time_formats" time="0.001" /><testcase classname="tests.test_future.test_http_cookiejar.DateTimeTests" name="test_iso2time_garbage" time="0.001" /><testcase classname="tests.test_future.test_http_cookiejar.DateTimeTests" name="test_time2isoz" time="0.001" /><testcase classname="tests.test_future.test_http_cookiejar.HeaderTests" name="test_join_header_words" time="0.001" /><testcase classname="tests.test_future.test_http_cookiejar.HeaderTests" name="test_parse_ns_headers" time="0.001" /><testcase classname="tests.test_future.test_http_cookiejar.HeaderTests" name="test_parse_ns_headers_special_names" time="0.001" /><testcase classname="tests.test_future.test_http_cookiejar.HeaderTests" name="test_parse_ns_headers_version" time="0.001" /><testcase classname="tests.test_future.test_http_cookiejar.HeaderTests" name="test_roundtrip" time="0.001" /><testcase classname="tests.test_future.test_http_cookiejar.HeaderTests" name="test_split_header_words" time="0.001" /><testcase classname="tests.test_future.test_http_cookiejar.FileCookieJarTests" name="test_bad_magic" time="0.001" /><testcase classname="tests.test_future.test_http_cookiejar.FileCookieJarTests" name="test_lwp_valueless_cookie" time="0.002" /><testcase classname="tests.test_future.test_http_cookiejar.CookieTests" name="test_Cookie_iterator" time="0.002" /><testcase classname="tests.test_future.test_http_cookiejar.CookieTests" name="test_bad_cookie_header" time="0.001" /><testcase classname="tests.test_future.test_http_cookiejar.CookieTests" name="test_default_path" time="0.002" /><testcase classname="tests.test_future.test_http_cookiejar.CookieTests" name="test_default_path_with_query" time="0.001" /><testcase classname="tests.test_future.test_http_cookiejar.CookieTests" name="test_domain_allow" time="0.001" /><testcase classname="tests.test_future.test_http_cookiejar.CookieTests" name="test_domain_block" time="0.001" /><testcase classname="tests.test_future.test_http_cookiejar.CookieTests" name="test_domain_match" time="0.001" /><testcase classname="tests.test_future.test_http_cookiejar.CookieTests" name="test_domain_mirror" time="0.001" /><testcase classname="tests.test_future.test_http_cookiejar.CookieTests" name="test_domain_return_ok" time="0.001" /><testcase classname="tests.test_future.test_http_cookiejar.CookieTests" name="test_escape_path" time="0.001" /><testcase classname="tests.test_future.test_http_cookiejar.CookieTests" name="test_expires" time="0.002" /><testcase classname="tests.test_future.test_http_cookiejar.CookieTests" name="test_is_HDN" time="0.001" /><testcase classname="tests.test_future.test_http_cookiejar.CookieTests" name="test_missing_final_slash" time="0.001" /><testcase classname="tests.test_future.test_http_cookiejar.CookieTests" name="test_missing_value" time="0.001" /><testcase classname="tests.test_future.test_http_cookiejar.CookieTests" name="test_no_return_comment" time="0.001" /><testcase classname="tests.test_future.test_http_cookiejar.CookieTests" name="test_ns_parser" time="0.001" /><testcase classname="tests.test_future.test_http_cookiejar.CookieTests" name="test_ns_parser_special_names" time="0.001" /><testcase classname="tests.test_future.test_http_cookiejar.CookieTests" name="test_parse_ns_headers" time="0.001" /><testcase classname="tests.test_future.test_http_cookiejar.CookieTests" name="test_path_mirror" time="0.001" /><testcase classname="tests.test_future.test_http_cookiejar.CookieTests" name="test_port_mirror" time="0.002" /><testcase classname="tests.test_future.test_http_cookiejar.CookieTests" name="test_quote_cookie_value" time="0.001" /><testcase classname="tests.test_future.test_http_cookiejar.CookieTests" name="test_reach" time="0.001" /><testcase classname="tests.test_future.test_http_cookiejar.CookieTests" name="test_request_host" time="0.001" /><testcase classname="tests.test_future.test_http_cookiejar.CookieTests" name="test_request_path" time="0.001" /><testcase classname="tests.test_future.test_http_cookiejar.CookieTests" name="test_request_port" time="0.001" /><testcase classname="tests.test_future.test_http_cookiejar.CookieTests" name="test_rfc2109_handling" time="0.002" /><testcase classname="tests.test_future.test_http_cookiejar.CookieTests" name="test_secure" time="0.002" /><testcase classname="tests.test_future.test_http_cookiejar.CookieTests" name="test_strict_domain" time="0.001" /><testcase classname="tests.test_future.test_http_cookiejar.CookieTests" name="test_two_component_domain_ns" time="0.002" /><testcase classname="tests.test_future.test_http_cookiejar.CookieTests" name="test_two_component_domain_rfc2965" time="0.002" /><testcase classname="tests.test_future.test_http_cookiejar.CookieTests" name="test_wrong_domain" time="0.001" /><testcase classname="tests.test_future.test_http_cookiejar.LWPCookieTests" name="test_empty_path" time="0.001" /><testcase classname="tests.test_future.test_http_cookiejar.LWPCookieTests" name="test_ietf_example_1" time="0.002" /><testcase classname="tests.test_future.test_http_cookiejar.LWPCookieTests" name="test_ietf_example_2" time="0.001" /><testcase classname="tests.test_future.test_http_cookiejar.LWPCookieTests" name="test_intranet_domains_2965" time="0.001" /><testcase classname="tests.test_future.test_http_cookiejar.LWPCookieTests" name="test_intranet_domains_ns" time="0.001" /><testcase classname="tests.test_future.test_http_cookiejar.LWPCookieTests" name="test_mozilla" time="0.002" /><testcase classname="tests.test_future.test_http_cookiejar.LWPCookieTests" name="test_netscape_example_1" time="0.001" /><testcase classname="tests.test_future.test_http_cookiejar.LWPCookieTests" name="test_netscape_example_2" time="0.001" /><testcase classname="tests.test_future.test_http_cookiejar.LWPCookieTests" name="test_netscape_misc" time="0.001" /><testcase classname="tests.test_future.test_http_cookiejar.LWPCookieTests" name="test_rejection" time="0.003" /><testcase classname="tests.test_future.test_http_cookiejar.LWPCookieTests" name="test_session_cookies" time="0.001" /><testcase classname="tests.test_future.test_http_cookiejar.LWPCookieTests" name="test_url_encoding" time="0.001" /><testcase classname="tests.test_future.test_http_cookiejar" name="test_main" time="0.026" /><testcase classname="tests.test_future.test_httplib.HeaderTests" name="test_auto_headers" time="0.001" /><testcase classname="tests.test_future.test_httplib.HeaderTests" name="test_content_length_0" time="0.001" /><testcase classname="tests.test_future.test_httplib.HeaderTests" name="test_ipv6host_header" time="0.001" /><testcase classname="tests.test_future.test_httplib.HeaderTests" name="test_putheader" time="0.001" /><testcase classname="tests.test_future.test_httplib.BasicTest" name="test_bad_status_repr" time="0.001" /><testcase classname="tests.test_future.test_httplib.BasicTest" name="test_chunked" time="0.001" /><testcase classname="tests.test_future.test_httplib.BasicTest" name="test_chunked_head" time="0.001" /><testcase classname="tests.test_future.test_httplib.BasicTest" name="test_early_eof" time="0.001" /><testcase classname="tests.test_future.test_httplib.BasicTest" name="test_epipe" time="0.001" /><testcase classname="tests.test_future.test_httplib.BasicTest" name="test_filenoattr" time="0.000" /><testcase classname="tests.test_future.test_httplib.BasicTest" name="test_host_port" time="0.001" /><testcase classname="tests.test_future.test_httplib.BasicTest" name="test_incomplete_read" time="0.001" /><testcase classname="tests.test_future.test_httplib.BasicTest" name="test_negative_content_length" time="0.001" /><testcase classname="tests.test_future.test_httplib.BasicTest" name="test_overflowing_chunked_line" time="0.001" /><testcase classname="tests.test_future.test_httplib.BasicTest" name="test_overflowing_header_line" time="0.001" /><testcase classname="tests.test_future.test_httplib.BasicTest" name="test_overflowing_status_line" time="0.001"><skipped type="pytest.skip" message="disabled for HTTP 0.9 support">/workdir/future-0.18.2/tests/test_future/test_httplib.py:415: disabled for HTTP 0.9 support</skipped></testcase><testcase classname="tests.test_future.test_httplib.BasicTest" name="test_partial_reads" time="0.001" /><testcase classname="tests.test_future.test_httplib.BasicTest" name="test_partial_reads_incomplete_body" time="0.001" /><testcase classname="tests.test_future.test_httplib.BasicTest" name="test_partial_reads_no_content_length" time="0.001" /><testcase classname="tests.test_future.test_httplib.BasicTest" name="test_read_head" time="0.001" /><testcase classname="tests.test_future.test_httplib.BasicTest" name="test_response_headers" time="0.001" /><testcase classname="tests.test_future.test_httplib.BasicTest" name="test_send" time="0.001" /><testcase classname="tests.test_future.test_httplib.BasicTest" name="test_send_file" time="0.001" /><testcase classname="tests.test_future.test_httplib.BasicTest" name="test_status_lines" time="0.001" /><testcase classname="tests.test_future.test_httplib.OfflineTest" name="test_responses" time="0.001" /><testcase classname="tests.test_future.test_httplib.SourceAddressTest" name="testHTTPConnectionSourceAddress" time="0.002" /><testcase classname="tests.test_future.test_httplib.SourceAddressTest" name="testHTTPSConnectionSourceAddress" time="0.002" /><testcase classname="tests.test_future.test_httplib.TimeoutTest" name="testTimeoutAttribute" time="0.001" /><testcase classname="tests.test_future.test_httplib.HTTPSTest" name="test_attributes" time="0.001" /><testcase classname="tests.test_future.test_httplib.HTTPSTest" name="test_host_port" time="0.002" /><testcase classname="tests.test_future.test_import_star.TestImportStar" name="test_iterators" time="0.001" /><testcase classname="tests.test_future.test_import_star.TestImportStar" name="test_namespace_pollution_globals" time="0.001" /><testcase classname="tests.test_future.test_import_star.TestImportStar" name="test_namespace_pollution_locals" time="0.001" /><testcase classname="tests.test_future.test_import_star.TestImportStar" name="test_python_2_unicode_compatible_decorator" time="0.001" /><testcase classname="tests.test_future.test_import_star.TestImportStar" name="test_str" time="0.001" /><testcase classname="tests.test_future.test_import_star.TestImportStar" name="test_super" time="0.001" /><testcase classname="tests.test_future.test_imports_httplib.ImportHttplibTest" name="test_issue_159" time="0.001" /><testcase classname="tests.test_future.test_imports_urllib.ImportUrllibTest" name="test_issue_158" time="0.001" /><testcase classname="tests.test_future.test_imports_urllib.ImportUrllibTest" name="test_urllib" time="0.001" /><testcase classname="tests.test_future.test_int.IntTestCases" name="test_basic" time="0.001" /><testcase classname="tests.test_future.test_int.IntTestCases" name="test_bitwise_operations" time="0.001" /><testcase classname="tests.test_future.test_int.IntTestCases" name="test_bytes_mul" time="0.000" /><testcase classname="tests.test_future.test_int.IntTestCases" name="test_div" time="0.001" /><testcase classname="tests.test_future.test_int.IntTestCases" name="test_divmod" time="0.147" /><testcase classname="tests.test_future.test_int.IntTestCases" name="test_error_message" time="0.001" /><testcase classname="tests.test_future.test_int.IntTestCases" name="test_floordiv" time="0.000" /><testcase classname="tests.test_future.test_int.IntTestCases" name="test_from_bytes" time="0.001" /><testcase classname="tests.test_future.test_int.IntTestCases" name="test_idiv" time="0.001" /><testcase classname="tests.test_future.test_int.IntTestCases" name="test_int_bytes" time="0.000" /><testcase classname="tests.test_future.test_int.IntTestCases" name="test_intconversion" time="0.001" /><testcase classname="tests.test_future.test_int.IntTestCases" name="test_isinstance_int_subclass" time="0.000" /><testcase classname="tests.test_future.test_int.IntTestCases" name="test_keyword_args_2" time="0.000" /><testcase classname="tests.test_future.test_int.IntTestCases" name="test_more_arithmetics" time="0.000" /><testcase classname="tests.test_future.test_int.IntTestCases" name="test_multiple_inheritance" time="0.000" /><testcase classname="tests.test_future.test_int.IntTestCases" name="test_newint_of_newstr" time="0.000" /><testcase classname="tests.test_future.test_int.IntTestCases" name="test_newint_plus_float" time="0.000" /><testcase classname="tests.test_future.test_int.IntTestCases" name="test_no_args" time="0.000" /><testcase classname="tests.test_future.test_int.IntTestCases" name="test_non_numeric_input_types" time="0.000" /><testcase classname="tests.test_future.test_int.IntTestCases" name="test_numpy_cast_as_long_and_newint" time="0.001"><skipped type="pytest.skip" message="test requires NumPy">/workdir/future-0.18.2/tests/test_future/test_int.py:649: test requires NumPy</skipped></testcase><testcase classname="tests.test_future.test_int.IntTestCases" name="test_small_ints" time="0.000" /><testcase classname="tests.test_future.test_int.IntTestCases" name="test_str_mul" time="0.000" /><testcase classname="tests.test_future.test_int.IntTestCases" name="test_string_float" time="0.000" /><testcase classname="tests.test_future.test_int.IntTestCases" name="test_to_bytes" time="0.001" /><testcase classname="tests.test_future.test_int.IntTestCases" name="test_truediv" time="0.000" /><testcase classname="tests.test_future.test_int.IntTestCases" name="test_unary_operators" time="0.000" /><testcase classname="tests.test_future.test_int.IntTestCases" name="test_upcasting_to_complex" time="0.000" /><testcase classname="tests.test_future.test_int.IntTestCases" name="test_upcasting_to_floats" time="0.000" /><testcase classname="tests.test_future.test_int.IntTestCases" name="test_with_metaclass_and_int" time="0.000" /><testcase classname="tests.test_future.test_int.IntTestCases" name="test_x_keyword_arg" time="0.001"><skipped type="pytest.skip" message="The first parameter must be positional with Python &gt;= 3.7">/workdir/future-0.18.2/tests/test_future/test_int.py:268: The first parameter must be positional with Python &gt;= 3.7</skipped></testcase><testcase classname="tests.test_future.test_int_old_division.IntTestCasesOldDivision" name="test_div" time="0.000"><skipped type="pytest.skip" message="old division tests only for Py2">/workdir/future-0.18.2/tests/test_future/test_int_old_division.py:27: old division tests only for Py2</skipped></testcase><testcase classname="tests.test_future.test_int_old_division.IntTestCasesOldDivision" name="test_divmod" time="0.000"><skipped type="pytest.skip" message="old division tests only for Py2">/workdir/future-0.18.2/tests/test_future/test_int_old_division.py:81: old division tests only for Py2</skipped></testcase><testcase classname="tests.test_future.test_int_old_division.IntTestCasesOldDivision" name="test_idiv" time="0.000"><skipped type="pytest.skip" message="old division tests only for Py2">/workdir/future-0.18.2/tests/test_future/test_int_old_division.py:36: old division tests only for Py2</skipped></testcase><testcase classname="tests.test_future.test_int_old_division.IntTestCasesOldDivision" name="test_truediv" time="0.000"><skipped type="pytest.skip" message="old division tests only for Py2">/workdir/future-0.18.2/tests/test_future/test_int_old_division.py:51: old division tests only for Py2</skipped></testcase><testcase classname="tests.test_future.test_isinstance.TestIsInstanceExceptions" name="test_bases_raises_other_than_attribute_error" time="0.001" /><testcase classname="tests.test_future.test_isinstance.TestIsInstanceExceptions" name="test_class_has_no_bases" time="0.000" /><testcase classname="tests.test_future.test_isinstance.TestIsInstanceExceptions" name="test_dont_mask_non_attribute_error" time="0.001" /><testcase classname="tests.test_future.test_isinstance.TestIsInstanceExceptions" name="test_isinstance_dont_mask_non_attribute_error" time="0.000" /><testcase classname="tests.test_future.test_isinstance.TestIsInstanceExceptions" name="test_mask_attribute_error" time="0.001" /><testcase classname="tests.test_future.test_isinstance.TestIsSubclassExceptions" name="test_dont_mask_non_attribute_error" time="0.001" /><testcase classname="tests.test_future.test_isinstance.TestIsSubclassExceptions" name="test_dont_mask_non_attribute_error_in_cls_arg" time="0.000" /><testcase classname="tests.test_future.test_isinstance.TestIsSubclassExceptions" name="test_mask_attribute_error" time="0.000" /><testcase classname="tests.test_future.test_isinstance.TestIsSubclassExceptions" name="test_mask_attribute_error_in_cls_arg" time="0.001" /><testcase classname="tests.test_future.test_isinstance.TestIsInstanceIsSubclass" name="test_isinstance_abstract" time="0.001" /><testcase classname="tests.test_future.test_isinstance.TestIsInstanceIsSubclass" name="test_isinstance_normal" time="0.000" /><testcase classname="tests.test_future.test_isinstance.TestIsInstanceIsSubclass" name="test_isinstance_recursion_limit" time="0.003" /><testcase classname="tests.test_future.test_isinstance.TestIsInstanceIsSubclass" name="test_subclass_abstract" time="0.000" /><testcase classname="tests.test_future.test_isinstance.TestIsInstanceIsSubclass" name="test_subclass_normal" time="0.000" /><testcase classname="tests.test_future.test_isinstance.TestIsInstanceIsSubclass" name="test_subclass_recursion_limit" time="0.003" /><testcase classname="tests.test_future.test_isinstance.TestIsInstanceIsSubclass" name="test_subclass_tuple" time="0.001" /><testcase classname="tests.test_future.test_libfuturize_fixers.Test_print" name="test_1" time="0.002" /><testcase classname="tests.test_future.test_libfuturize_fixers.Test_print" name="test_2" time="0.001" /><testcase classname="tests.test_future.test_libfuturize_fixers.Test_print" name="test_3" time="0.001" /><testcase classname="tests.test_future.test_libfuturize_fixers.Test_print" name="test_4" time="0.001" /><testcase classname="tests.test_future.test_libfuturize_fixers.Test_print" name="test_5" time="0.001" /><testcase classname="tests.test_future.test_libfuturize_fixers.Test_print" name="test_idempotency" time="0.002" /><testcase classname="tests.test_future.test_libfuturize_fixers.Test_print" name="test_idempotency_print_as_function" time="0.002" /><testcase classname="tests.test_future.test_libfuturize_fixers.Test_print" name="test_no_trailing_comma" time="0.002" /><testcase classname="tests.test_future.test_libfuturize_fixers.Test_print" name="test_prefix_preservation" time="0.001" /><testcase classname="tests.test_future.test_libfuturize_fixers.Test_print" name="test_spaces_before_file" time="0.001" /><testcase classname="tests.test_future.test_libfuturize_fixers.Test_print" name="test_trailing_comma_1" time="0.001" /><testcase classname="tests.test_future.test_libfuturize_fixers.Test_print" name="test_trailing_comma_2" time="0.001" /><testcase classname="tests.test_future.test_libfuturize_fixers.Test_print" name="test_trailing_comma_3" time="0.001" /><testcase classname="tests.test_future.test_libfuturize_fixers.Test_print" name="test_tuple" time="0.002" /><testcase classname="tests.test_future.test_libfuturize_fixers.Test_print" name="test_vargs_without_trailing_comma" time="0.001" /><testcase classname="tests.test_future.test_libfuturize_fixers.Test_print" name="test_with_future_print_function" time="0.002" /><testcase classname="tests.test_future.test_libfuturize_fixers.Test_print" name="test_with_trailing_comma" time="0.002" /><testcase classname="tests.test_future.test_libfuturize_fixers.Test_raise" name="test_None_value" time="0.002" /><testcase classname="tests.test_future.test_libfuturize_fixers.Test_raise" name="test_basic" time="0.002" /><testcase classname="tests.test_future.test_libfuturize_fixers.Test_raise" name="test_prefix_preservation" time="0.002" /><testcase classname="tests.test_future.test_libfuturize_fixers.Test_raise" name="test_string_exc" time="0.002" /><testcase classname="tests.test_future.test_libfuturize_fixers.Test_raise" name="test_string_exc_val" time="0.001" /><testcase classname="tests.test_future.test_libfuturize_fixers.Test_raise" name="test_string_exc_val_tb" time="0.001" /><testcase classname="tests.test_future.test_libfuturize_fixers.Test_raise" name="test_tb_1" time="0.002" /><testcase classname="tests.test_future.test_libfuturize_fixers.Test_raise" name="test_tb_2" time="0.002" /><testcase classname="tests.test_future.test_libfuturize_fixers.Test_raise" name="test_tb_3" time="0.002" /><testcase classname="tests.test_future.test_libfuturize_fixers.Test_raise" name="test_tb_4" time="0.002" /><testcase classname="tests.test_future.test_libfuturize_fixers.Test_raise" name="test_tb_5" time="0.002" /><testcase classname="tests.test_future.test_libfuturize_fixers.Test_raise" name="test_tb_6" time="0.002" /><testcase classname="tests.test_future.test_libfuturize_fixers.Test_raise" name="test_tuple_exc_1" time="0.002" /><testcase classname="tests.test_future.test_libfuturize_fixers.Test_raise" name="test_tuple_exc_2" time="0.002" /><testcase classname="tests.test_future.test_libfuturize_fixers.Test_raise" name="test_tuple_value" time="0.002" /><testcase classname="tests.test_future.test_libfuturize_fixers.Test_raise" name="test_unknown_value" time="0.001" /><testcase classname="tests.test_future.test_libfuturize_fixers.Test_raise" name="test_unknown_value_with_traceback_with_comments" time="0.002" /><testcase classname="tests.test_future.test_libfuturize_fixers.Test_raise" name="test_with_comments" time="0.002" /><testcase classname="tests.test_future.test_list.TestList" name="test_bool" time="0.001" /><testcase classname="tests.test_future.test_list.TestList" name="test_copy" time="0.001" /><testcase classname="tests.test_future.test_list.TestList" name="test_isinstance_list" time="0.001" /><testcase classname="tests.test_future.test_list.TestList" name="test_isinstance_list_subclass" time="0.001" /><testcase classname="tests.test_future.test_list.TestList" name="test_list_clear" time="0.001" /><testcase classname="tests.test_future.test_list.TestList" name="test_list_contains_something" time="0.000" /><testcase classname="tests.test_future.test_list.TestList" name="test_list_empty" time="0.000" /><testcase classname="tests.test_future.test_list.TestList" name="test_list_equal" time="0.001" /><testcase classname="tests.test_future.test_list.TestList" name="test_list_getitem" time="0.001" /><testcase classname="tests.test_future.test_list.TestList" name="test_list_index" time="0.001" /><testcase classname="tests.test_future.test_list.TestList" name="test_list_iteration" time="0.000" /><testcase classname="tests.test_future.test_list.TestList" name="test_list_list" time="0.000" /><testcase classname="tests.test_future.test_list.TestList" name="test_list_list2" time="0.000" /><testcase classname="tests.test_future.test_list.TestList" name="test_list_plus_list" time="0.001" /><testcase classname="tests.test_future.test_list.TestList" name="test_list_setitem" time="0.001" /><testcase classname="tests.test_future.test_list.TestList" name="test_multiple_inheritance" time="0.001" /><testcase classname="tests.test_future.test_list.TestList" name="test_slice" time="0.001" /><testcase classname="tests.test_future.test_list.TestList" name="test_subclassing" time="0.001" /><testcase classname="tests.test_future.test_list.TestList" name="test_subclassing_2" time="0.001" /><testcase classname="tests.test_future.test_list.TestList" name="test_with_metaclass_and_list" time="0.001" /><testcase classname="tests.test_future.test_magicsuper.TestMagicSuper" name="test_basic_diamond" time="0.001" /><testcase classname="tests.test_future.test_magicsuper.TestMagicSuper" name="test_call_with_args_does_nothing" time="0.001" /><testcase classname="tests.test_future.test_magicsuper.TestMagicSuper" name="test_fails_for_oldstyle_class" time="0.001"><skipped type="pytest.skip" message="this test isn't relevant on Py3">/workdir/future-0.18.2/tests/test_future/test_magicsuper.py:54: this test isn't relevant on Py3</skipped></testcase><testcase classname="tests.test_future.test_magicsuper.TestMagicSuper" name="test_fails_for_raw_functions" time="0.001" /><testcase classname="tests.test_future.test_magicsuper.TestMagicSuper" name="test_superm" time="0.001"><skipped type="pytest.skip" message="this test isn't relevant for Py3's super()">/workdir/future-0.18.2/tests/test_future/test_magicsuper.py:100: this test isn't relevant for Py3's super()</skipped></testcase><testcase classname="tests.test_future.test_magicsuper.TestMagicSuper" name="test_use_inside_classmethod" time="0.001" /><testcase classname="tests.test_future.test_magicsuper.TestMagicSuper" name="test_use_inside_dunder_new" time="0.001" /><testcase classname="tests.test_future.test_magicsuper.TestMagicSuper" name="test_with_unrelated_methods" time="0.001" /><testcase classname="tests.test_future.test_object.TestNewObject" name="test_bool" time="0.001" /><testcase classname="tests.test_future.test_object.TestNewObject" name="test_bool2" time="0.001" /><testcase classname="tests.test_future.test_object.TestNewObject" name="test_bool_empty_object" time="0.001" /><testcase classname="tests.test_future.test_object.TestNewObject" name="test_cannot_assign_new_attributes_to_object" time="0.001" /><testcase classname="tests.test_future.test_object.TestNewObject" name="test_implements_py2_iterator" time="0.001" /><testcase classname="tests.test_future.test_object.TestNewObject" name="test_implements_py2_nonzero" time="0.001" /><testcase classname="tests.test_future.test_object.TestNewObject" name="test_int_implements_py2_nonzero" time="0.001" /><testcase classname="tests.test_future.test_object.TestNewObject" name="test_isinstance_object_subclass" time="0.000" /><testcase classname="tests.test_future.test_object.TestNewObject" name="test_long_special_method" time="0.000" /><testcase classname="tests.test_future.test_object.TestNewObject" name="test_multiple_inheritance" time="0.001" /><testcase classname="tests.test_future.test_object.TestNewObject" name="test_non_iterator" time="0.001" /><testcase classname="tests.test_future.test_object.TestNewObject" name="test_object_implements_py2_unicode_method" time="0.001" /><testcase classname="tests.test_future.test_object.TestNewObject" name="test_types_isinstance_newobject" time="0.001" /><testcase classname="tests.test_future.test_object.TestNewObject" name="test_with_metaclass_and_object" time="0.001" /><testcase classname="tests.test_future.test_pasteurize.TestPasteurize" name="test_correct_exit_status" time="0.097" /><testcase classname="tests.test_future.test_pasteurize.TestPasteurize" name="test_division" time="0.178" /><testcase classname="tests.test_future.test_pasteurize.TestPasteurize" name="test_exception_indentation" time="0.191"><skipped type="pytest.xfail" message="" /></testcase><testcase classname="tests.test_future.test_pasteurize.TestPasteurize" name="test_print" time="0.185" /><testcase classname="tests.test_future.test_pasteurize.TestPasteurize" name="test_range_slice" time="0.183" /><testcase classname="tests.test_future.test_pasteurize.TestPasteurize" name="test_urllib_refactor2" time="0.001" /><testcase classname="tests.test_future.test_pasteurize.TestPasteurize" name="test_urllib_request" time="0.283"><skipped type="pytest.xfail" message="" /></testcase><testcase classname="tests.test_future.test_pasteurize.TestFuturizeAnnotations" name="test_functions_unchanged" time="0.535" /><testcase classname="tests.test_future.test_pasteurize.TestFuturizeAnnotations" name="test_mixed_annotations" time="0.534" /><testcase classname="tests.test_future.test_pasteurize.TestFuturizeAnnotations" name="test_multiple_param_annotations" time="0.461" /><testcase classname="tests.test_future.test_pasteurize.TestFuturizeAnnotations" name="test_return_annotations_alone" time="0.177"><skipped type="pytest.xfail" message="" /></testcase><testcase classname="tests.test_future.test_pasteurize.TestFuturizeAnnotations" name="test_single_param_annotations" time="0.174"><skipped type="pytest.xfail" message="" /></testcase><testcase classname="tests.test_future.test_range.RangeTests" name="test_bool_range" time="0.001" /><testcase classname="tests.test_future.test_range.RangeTests" name="test_contains" time="0.001" /><testcase classname="tests.test_future.test_range.RangeTests" name="test_equality_range" time="0.000" /><testcase classname="tests.test_future.test_range.RangeTests" name="test_properties" time="0.001" /><testcase classname="tests.test_future.test_range.RangeTests" name="test_range" time="0.000" /><testcase classname="tests.test_future.test_range.RangeTests" name="test_rev_slice_range" time="0.000" /><testcase classname="tests.test_future.test_range.RangeTests" name="test_rev_slice_rev_range" time="0.000" /><testcase classname="tests.test_future.test_range.RangeTests" name="test_rev_slice_rev_stepped_range" time="0.000" /><testcase classname="tests.test_future.test_range.RangeTests" name="test_rev_slice_stepped_range" time="0.000" /><testcase classname="tests.test_future.test_range.RangeTests" name="test_rev_stepped_slice_range" time="0.000" /><testcase classname="tests.test_future.test_range.RangeTests" name="test_rev_stepped_slice_rev_range" time="0.000" /><testcase classname="tests.test_future.test_range.RangeTests" name="test_rev_stepped_slice_rev_stepped_range" time="0.000" /><testcase classname="tests.test_future.test_range.RangeTests" name="test_rev_stepped_slice_stepped_range" time="0.000" /><testcase classname="tests.test_future.test_range.RangeTests" name="test_slice_empty_range" time="0.001" /><testcase classname="tests.test_future.test_range.RangeTests" name="test_slice_overflow_range" time="0.000" /><testcase classname="tests.test_future.test_range.RangeTests" name="test_slice_range" time="0.000" /><testcase classname="tests.test_future.test_range.RangeTests" name="test_slice_rev_range" time="0.001" /><testcase classname="tests.test_future.test_range.RangeTests" name="test_slice_rev_stepped_range" time="0.001" /><testcase classname="tests.test_future.test_range.RangeTests" name="test_slice_stepped_range" time="0.001" /><testcase classname="tests.test_future.test_range.RangeTests" name="test_slice_zero_step" time="0.001" /><testcase classname="tests.test_future.test_range.RangeTests" name="test_stepped_slice_range" time="0.001" /><testcase classname="tests.test_future.test_range.RangeTests" name="test_stepped_slice_rev_range" time="0.001" /><testcase classname="tests.test_future.test_range.RangeTests" name="test_stepped_slice_rev_stepped_range" time="0.001" /><testcase classname="tests.test_future.test_range.RangeTests" name="test_stepped_slice_stepped_range" time="0.001" /><testcase classname="tests.test_future.test_requests.TestRequests" name="test_remove_hooks_then_requests" time="0.003" /><testcase classname="tests.test_future.test_requests.TestRequests" name="test_requests_cm" time="0.001" /><testcase classname="tests.test_future.test_standard_library.TestStandardLibraryReorganization" name="test_ChainMap" time="0.001" /><testcase classname="tests.test_future.test_standard_library.TestStandardLibraryReorganization" name="test_builtins" time="0.001" /><testcase classname="tests.test_future.test_standard_library.TestStandardLibraryReorganization" name="test_bytesio" time="0.001" /><testcase classname="tests.test_future.test_standard_library.TestStandardLibraryReorganization" name="test_can_import_several" time="0.002" /><testcase classname="tests.test_future.test_standard_library.TestStandardLibraryReorganization" name="test_collections_userstuff" time="0.001" /><testcase classname="tests.test_future.test_standard_library.TestStandardLibraryReorganization" name="test_copyreg" time="0.001" /><testcase classname="tests.test_future.test_standard_library.TestStandardLibraryReorganization" name="test_detect_hooks" time="0.001" /><testcase classname="tests.test_future.test_standard_library.TestStandardLibraryReorganization" name="test_disable_hooks" time="0.001" /><testcase classname="tests.test_future.test_standard_library.TestStandardLibraryReorganization" name="test_html_import" time="0.001" /><testcase classname="tests.test_future.test_standard_library.TestStandardLibraryReorganization" name="test_http_client_import" time="0.001" /><testcase classname="tests.test_future.test_standard_library.TestStandardLibraryReorganization" name="test_import_failure_from_module" time="0.001"><skipped type="pytest.skip" message="generic import tests are for Py2 only">/workdir/future-0.18.2/tests/test_future/test_standard_library.py:257: generic import tests are for Py2 only</skipped></testcase><testcase classname="tests.test_future.test_standard_library.TestStandardLibraryReorganization" name="test_install_aliases" time="0.002" /><testcase classname="tests.test_future.test_standard_library.TestStandardLibraryReorganization" name="test_is_py2_stdlib_module" time="0.001" /><testcase classname="tests.test_future.test_standard_library.TestStandardLibraryReorganization" name="test_itertools_filterfalse" time="0.001" /><testcase classname="tests.test_future.test_standard_library.TestStandardLibraryReorganization" name="test_itertools_zip_longest" time="0.001" /><testcase classname="tests.test_future.test_standard_library.TestStandardLibraryReorganization" name="test_moves_urllib_request_http" time="2.552" /><testcase classname="tests.test_future.test_standard_library.TestStandardLibraryReorganization" name="test_old_urllib_import" time="0.000"><skipped type="pytest.skip" message="not testing for old urllib on Py3">/workdir/future-0.18.2/tests/test_future/test_standard_library.py:189: not testing for old urllib on Py3</skipped></testcase><testcase classname="tests.test_future.test_standard_library.TestStandardLibraryReorganization" name="test_other_http_imports" time="0.004" /><testcase classname="tests.test_future.test_standard_library.TestStandardLibraryReorganization" name="test_pickle" time="0.001" /><testcase classname="tests.test_future.test_standard_library.TestStandardLibraryReorganization" name="test_profile" time="0.002" /><testcase classname="tests.test_future.test_standard_library.TestStandardLibraryReorganization" name="test_queue" time="0.001" /><testcase classname="tests.test_future.test_standard_library.TestStandardLibraryReorganization" name="test_reduce" time="0.001" /><testcase classname="tests.test_futu
[...]
e="tests.test_future.test_urllib_toplevel.PathName2URLTests" name="test_long_drive_letter" time="0.000" /><testcase classname="tests.test_future.test_urllib_toplevel.PathName2URLTests" name="test_roundtrip_pathname2url" time="0.001" /><testcase classname="tests.test_future.test_urllib_toplevel.PathName2URLTests" name="test_simple_compare" time="0.001" /><testcase classname="tests.test_future.test_urllibnet.URLTimeoutTest" name="testURLread" time="0.127" /><testcase classname="tests.test_future.test_urllibnet.urlopenNetworkTests" name="test_bad_address" time="0.253" /><testcase classname="tests.test_future.test_urllibnet.urlopenNetworkTests" name="test_basic" time="0.110" /><testcase classname="tests.test_future.test_urllibnet.urlopenNetworkTests" name="test_fileno" time="0.001"><skipped type="pytest.skip" message="test not applicable on Python 3.5 and higher">/workdir/future-0.18.2/tests/test_future/test_urllibnet.py:112: test not applicable on Python 3.5 and higher</skipped></testcase><testcase classname="tests.test_future.test_urllibnet.urlopenNetworkTests" name="test_getcode" time="0.254" /><testcase classname="tests.test_future.test_urllibnet.urlopenNetworkTests" name="test_geturl" time="0.052" /><testcase classname="tests.test_future.test_urllibnet.urlopenNetworkTests" name="test_info" time="0.086" /><testcase classname="tests.test_future.test_urllibnet.urlopenNetworkTests" name="test_readlines" time="0.096" /><testcase classname="tests.test_future.test_urllibnet.urlretrieveNetworkTests" name="test_basic" time="0.095" /><testcase classname="tests.test_future.test_urllibnet.urlretrieveNetworkTests" name="test_data_header" time="0.109" /><testcase classname="tests.test_future.test_urllibnet.urlretrieveNetworkTests" name="test_header" time="0.104" /><testcase classname="tests.test_future.test_urllibnet.urlretrieveNetworkTests" name="test_reporthook" time="0.117" /><testcase classname="tests.test_future.test_urllibnet.urlretrieveNetworkTests" name="test_specified_path" time="0.099" /><testcase classname="tests.test_future.test_urllibnet" name="test_main" time="1.190" /><testcase classname="tests.test_future.test_urlparse.UrlParseTestCase" name="test_RFC1808" time="0.001" /><testcase classname="tests.test_future.test_urlparse.UrlParseTestCase" name="test_RFC2368" time="0.000" /><testcase classname="tests.test_future.test_urlparse.UrlParseTestCase" name="test_RFC2396" time="0.001" /><testcase classname="tests.test_future.test_urlparse.UrlParseTestCase" name="test_RFC2732" time="0.001" /><testcase classname="tests.test_future.test_urlparse.UrlParseTestCase" name="test_RFC3986" time="0.001" /><testcase classname="tests.test_future.test_urlparse.UrlParseTestCase" name="test_anyscheme" time="0.001" /><testcase classname="tests.test_future.test_urlparse.UrlParseTestCase" name="test_attributes_bad_port" time="0.001" /><testcase classname="tests.test_future.test_urlparse.UrlParseTestCase" name="test_attributes_without_netloc" time="0.001" /><testcase classname="tests.test_future.test_urlparse.UrlParseTestCase" name="test_http_roundtrips" time="0.002" /><testcase classname="tests.test_future.test_urlparse.UrlParseTestCase" name="test_issue14072" time="0.001" /><testcase classname="tests.test_future.test_urlparse.UrlParseTestCase" name="test_mixed_types_rejected" time="0.002" /><testcase classname="tests.test_future.test_urlparse.UrlParseTestCase" name="test_noslash" time="0.001" /><testcase classname="tests.test_future.test_urlparse.UrlParseTestCase" name="test_parse_qs_encoding" time="0.001" /><testcase classname="tests.test_future.test_urlparse.UrlParseTestCase" name="test_parse_qsl_encoding" time="0.001" /><testcase classname="tests.test_future.test_urlparse.UrlParseTestCase" name="test_portseparator" time="0.001" /><testcase classname="tests.test_future.test_urlparse.UrlParseTestCase" name="test_qsl" time="0.001" /><testcase classname="tests.test_future.test_urlparse.UrlParseTestCase" name="test_quote_errors" time="0.001" /><testcase classname="tests.test_future.test_urlparse.UrlParseTestCase" name="test_quote_from_bytes" time="0.001" /><testcase classname="tests.test_future.test_urlparse.UrlParseTestCase" name="test_result_pairs" time="0.001" /><testcase classname="tests.test_future.test_urlparse.UrlParseTestCase" name="test_roundtrips" time="0.001" /><testcase classname="tests.test_future.test_urlparse.UrlParseTestCase" name="test_splitnport" time="0.001" /><testcase classname="tests.test_future.test_urlparse.UrlParseTestCase" name="test_splitquery" time="0.001" /><testcase classname="tests.test_future.test_urlparse.UrlParseTestCase" name="test_splitvalue" time="0.000" /><testcase classname="tests.test_future.test_urlparse.UrlParseTestCase" name="test_telurl_params" time="0.001" /><testcase classname="tests.test_future.test_urlparse.UrlParseTestCase" name="test_to_bytes" time="0.001" /><testcase classname="tests.test_future.test_urlparse.UrlParseTestCase" name="test_unparse_parse" time="0.001" /><testcase classname="tests.test_future.test_urlparse.UrlParseTestCase" name="test_unquote_to_bytes" time="0.001" /><testcase classname="tests.test_future.test_urlparse.UrlParseTestCase" name="test_urldefrag" time="0.001" /><testcase classname="tests.test_future.test_urlparse.UrlParseTestCase" name="test_urlencode_sequences" time="0.001" /><testcase classname="tests.test_future.test_urlparse.UrlParseTestCase" name="test_urljoins" time="0.001" /><testcase classname="tests.test_future.test_urlparse.UrlParseTestCase" name="test_urlsplit_attributes" time="0.001" /><testcase classname="tests.test_future.test_urlparse.UrlParseTestCase" name="test_usingsys" time="0.001" /><testcase classname="tests.test_future.test_urlparse.UrlParseTestCase" name="test_withoutscheme" time="0.001" /><testcase classname="tests.test_future.test_utils.TestUtils" name="test_as_native_str" time="0.001" /><testcase classname="tests.test_future.test_utils.TestUtils" name="test_bytes_to_native_str" time="0.001" /><testcase classname="tests.test_future.test_utils.TestUtils" name="test_ensure_new_type" time="0.001" /><testcase classname="tests.test_future.test_utils.TestUtils" name="test_isbytes" time="0.000" /><testcase classname="tests.test_future.test_utils.TestUtils" name="test_issue_235" time="0.002" /><testcase classname="tests.test_future.test_utils.TestUtils" name="test_istext" time="0.001" /><testcase classname="tests.test_future.test_utils.TestUtils" name="test_native" time="0.000" /><testcase classname="tests.test_future.test_utils.TestUtils" name="test_native_str" time="0.001" /><testcase classname="tests.test_future.test_utils.TestUtils" name="test_old_div" time="0.001" /><testcase classname="tests.test_future.test_utils.TestUtils" name="test_raise_" time="0.001" /><testcase classname="tests.test_future.test_utils.TestUtils" name="test_raise_custom_exception" time="0.001" /><testcase classname="tests.test_future.test_utils.TestUtils" name="test_raise_from_None" time="0.002" /><testcase classname="tests.test_future.test_utils.TestCause" name="testCauseSyntax" time="0.001" /><testcase classname="tests.test_future.test_utils.TestCause" name="test_class_cause" time="0.001" /><testcase classname="tests.test_future.test_utils.TestCause" name="test_erroneous_cause" time="0.002" /><testcase classname="tests.test_future.test_utils.TestCause" name="test_instance_cause" time="0.001" /><testcase classname="tests.test_future.test_utils.TestCause" name="test_invalid_cause" time="0.001" /><testcase classname="tests.test_future.test_utils.TestCause" name="test_normal_use" time="0.002" /><testcase classname="tests.test_future.test_utils.TestCause" name="test_single_exception_stacktrace" time="0.001" /><testcase classname="tests.test_past.test_basestring.TestBaseString" name="test_isinstance" time="0.001" /><testcase classname="tests.test_past.test_builtins.BuiltinTest" name="test_abs" time="0.001" /><testcase classname="tests.test_past.test_builtins.BuiltinTest" name="test_all" time="0.001" /><testcase classname="tests.test_past.test_builtins.BuiltinTest" name="test_any" time="0.001" /><testcase classname="tests.test_past.test_builtins.BuiltinTest" name="test_apply" time="0.001"><skipped type="pytest.xfail" message="" /></testcase><testcase classname="tests.test_past.test_builtins.BuiltinTest" name="test_basestring" time="0.001" /><testcase classname="tests.test_past.test_builtins.BuiltinTest" name="test_bin" time="0.001" /><testcase classname="tests.test_past.test_builtins.BuiltinTest" name="test_bytearray_translate" time="0.001"><skipped type="pytest.xfail" message="" /></testcase><testcase classname="tests.test_past.test_builtins.BuiltinTest" name="test_callable" time="0.001"><skipped type="pytest.xfail" message="" /></testcase><testcase classname="tests.test_past.test_builtins.BuiltinTest" name="test_chr" time="0.001"><skipped type="pytest.xfail" message="" /></testcase><testcase classname="tests.test_past.test_builtins.BuiltinTest" name="test_cmp" time="0.001"><skipped type="pytest.xfail" message="" /></testcase><testcase classname="tests.test_past.test_builtins.BuiltinTest" name="test_coerce" time="0.001"><skipped type="pytest.xfail" message="" /></testcase><testcase classname="tests.test_past.test_builtins.BuiltinTest" name="test_compile" time="0.001"><skipped type="pytest.xfail" message="" /></testcase><testcase classname="tests.test_past.test_builtins.BuiltinTest" name="test_delattr" time="0.000" /><testcase classname="tests.test_past.test_builtins.BuiltinTest" name="test_dir" time="0.001" /><testcase classname="tests.test_past.test_builtins.BuiltinTest" name="test_divmod" time="0.001" /><testcase classname="tests.test_past.test_builtins.BuiltinTest" name="test_eval" time="0.001"><skipped type="pytest.xfail" message="" /></testcase><testcase classname="tests.test_past.test_builtins.BuiltinTest" name="test_execfile" time="0.003" /><testcase classname="tests.test_past.test_builtins.BuiltinTest" name="test_filter" time="0.001"><skipped type="pytest.xfail" message="" /></testcase><testcase classname="tests.test_past.test_builtins.BuiltinTest" name="test_filter_subclasses" time="0.001"><skipped type="pytest.xfail" message="" /></testcase><testcase classname="tests.test_past.test_builtins.BuiltinTest" name="test_format" time="0.001"><skipped type="pytest.xfail" message="" /></testcase><testcase classname="tests.test_past.test_builtins.BuiltinTest" name="test_general_eval" time="0.001"><skipped type="pytest.xfail" message="" /></testcase><testcase classname="tests.test_past.test_builtins.BuiltinTest" name="test_getattr" time="0.001"><skipped type="pytest.xfail" message="" /></testcase><testcase classname="tests.test_past.test_builtins.BuiltinTest" name="test_hasattr" time="0.001"><skipped type="pytest.xfail" message="" /></testcase><testcase classname="tests.test_past.test_builtins.BuiltinTest" name="test_hash" time="0.001" /><testcase classname="tests.test_past.test_builtins.BuiltinTest" name="test_hex" time="0.001" /><testcase classname="tests.test_past.test_builtins.BuiltinTest" name="test_id" time="0.001" /><testcase classname="tests.test_past.test_builtins.BuiltinTest" name="test_import" time="0.001" /><testcase classname="tests.test_past.test_builtins.BuiltinTest" name="test_input_and_raw_input" time="0.001"><skipped type="pytest.xfail" message="" /></testcase><testcase classname="tests.test_past.test_builtins.BuiltinTest" name="test_intern" time="0.001"><skipped type="pytest.xfail" message="" /></testcase><testcase classname="tests.test_past.test_builtins.BuiltinTest" name="test_isinstance" time="0.001" /><testcase classname="tests.test_past.test_builtins.BuiltinTest" name="test_issubclass" time="0.001" /><testcase classname="tests.test_past.test_builtins.BuiltinTest" name="test_iter" time="0.001"><skipped type="pytest.xfail" message="" /></testcase><testcase classname="tests.test_past.test_builtins.BuiltinTest" name="test_len" time="0.001"><skipped type="pytest.xfail" message="" /></testcase><testcase classname="tests.test_past.test_builtins.BuiltinTest" name="test_map" time="0.001" /><testcase classname="tests.test_past.test_builtins.BuiltinTest" name="test_max" time="0.001" /><testcase classname="tests.test_past.test_builtins.BuiltinTest" name="test_min" time="0.001"><skipped type="pytest.xfail" message="" /></testcase><testcase classname="tests.test_past.test_builtins.BuiltinTest" name="test_neg" time="0.001" /><testcase classname="tests.test_past.test_builtins.BuiltinTest" name="test_next" time="0.001"><skipped type="pytest.xfail" message="" /></testcase><testcase classname="tests.test_past.test_builtins.BuiltinTest" name="test_oct" time="0.001"><skipped type="pytest.xfail" message="" /></testcase><testcase classname="tests.test_past.test_builtins.BuiltinTest" name="test_open" time="0.001" /><testcase classname="tests.test_past.test_builtins.BuiltinTest" name="test_ord" time="0.001"><skipped type="pytest.xfail" message="" /></testcase><testcase classname="tests.test_past.test_builtins.BuiltinTest" name="test_pow" time="0.001"><skipped type="pytest.xfail" message="" /></testcase><testcase classname="tests.test_past.test_builtins.BuiltinTest" name="test_range" time="0.001"><skipped type="pytest.xfail" message="" /></testcase><testcase classname="tests.test_past.test_builtins.BuiltinTest" name="test_reduce" time="0.001" /><testcase classname="tests.test_past.test_builtins.BuiltinTest" name="test_reload" time="0.001" /><testcase classname="tests.test_past.test_builtins.BuiltinTest" name="test_repr" time="0.001" /><testcase classname="tests.test_past.test_builtins.BuiltinTest" name="test_round" time="0.001"><skipped type="pytest.xfail" message="" /></testcase><testcase classname="tests.test_past.test_builtins.BuiltinTest" name="test_round_large" time="0.001" /><testcase classname="tests.test_past.test_builtins.BuiltinTest" name="test_setattr" time="0.001" /><testcase classname="tests.test_past.test_builtins.BuiltinTest" name="test_sum" time="0.001" /><testcase classname="tests.test_past.test_builtins.BuiltinTest" name="test_type" time="0.001" /><testcase classname="tests.test_past.test_builtins.BuiltinTest" name="test_unichr" time="0.001"><skipped type="pytest.xfail" message="" /></testcase><testcase classname="tests.test_past.test_builtins.BuiltinTest" name="test_vars" time="0.001" /><testcase classname="tests.test_past.test_builtins.BuiltinTest" name="test_zip" time="0.001" /><testcase classname="tests.test_past.test_builtins.TestSorted" name="test_baddecorator" time="0.001" /><testcase classname="tests.test_past.test_builtins.TestSorted" name="test_basic" time="0.001"><skipped type="pytest.xfail" message="" /></testcase><testcase classname="tests.test_past.test_builtins.TestSorted" name="test_inputtypes" time="0.001" /><testcase classname="tests.test_past.test_noniterators.TestNonIterators" name="test_noniterators_produce_lists" time="0.001" /><testcase classname="tests.test_past.test_olddict.TestOldDict" name="test_braces_create_newdict_object" time="0.001" /><testcase classname="tests.test_past.test_olddict.TestOldDict" name="test_dict_empty" time="0.001" /><testcase classname="tests.test_past.test_olddict.TestOldDict" name="test_dict_eq" time="0.001" /><testcase classname="tests.test_past.test_olddict.TestOldDict" name="test_dict_getitem" time="0.001" /><testcase classname="tests.test_past.test_olddict.TestOldDict" name="test_dict_items" time="0.001" /><testcase classname="tests.test_past.test_olddict.TestOldDict" name="test_dict_keys" time="0.001" /><testcase classname="tests.test_past.test_olddict.TestOldDict" name="test_dict_values" time="0.001" /><testcase classname="tests.test_past.test_olddict.TestOldDict" name="test_isinstance_dict" time="0.001" /><testcase classname="tests.test_past.test_olddict.TestOldDict" name="test_methods_produce_lists" time="0.001" /><testcase classname="tests.test_past.test_olddict.TestOldDict" name="test_set_like_behaviour" time="0.001" /><testcase classname="tests.test_past.test_olddict.Py2DictTest" name="test_bool" time="0.001" /><testcase classname="tests.test_past.test_olddict.Py2DictTest" name="test_clear" time="0.001" /><testcase classname="tests.test_past.test_olddict.Py2DictTest" name="test_constructor" time="0.001" /><testcase classname="tests.test_past.test_olddict.Py2DictTest" name="test_contains" time="0.001" /><testcase classname="tests.test_past.test_olddict.Py2DictTest" name="test_copy" time="0.001" /><testcase classname="tests.test_past.test_olddict.Py2DictTest" name="test_fromkeys" time="0.001" /><testcase classname="tests.test_past.test_olddict.Py2DictTest" name="test_get" time="0.001" /><testcase classname="tests.test_past.test_olddict.Py2DictTest" name="test_getitem" time="0.001" /><testcase classname="tests.test_past.test_olddict.Py2DictTest" name="test_has_key" time="0.001" /><testcase classname="tests.test_past.test_olddict.Py2DictTest" name="test_items" time="0.001" /><testcase classname="tests.test_past.test_olddict.Py2DictTest" name="test_keys" time="0.001" /><testcase classname="tests.test_past.test_olddict.Py2DictTest" name="test_le" time="0.001"><skipped type="pytest.skip" message="Comparing dicts for order has not been forward-ported">/workdir/future-0.18.2/tests/test_past/test_olddict.py:525: Comparing dicts for order has not been forward-ported</skipped></testcase><testcase classname="tests.test_past.test_olddict.Py2DictTest" name="test_len" time="0.001" /><testcase classname="tests.test_past.test_olddict.Py2DictTest" name="test_literal_constructor" time="0.008" /><testcase classname="tests.test_past.test_olddict.Py2DictTest" name="test_missing" time="0.001" /><testcase classname="tests.test_past.test_olddict.Py2DictTest" name="test_mutatingiteration" time="0.001" /><testcase classname="tests.test_past.test_olddict.Py2DictTest" name="test_pop" time="0.001" /><testcase classname="tests.test_past.test_olddict.Py2DictTest" name="test_popitem" time="0.014" /><testcase classname="tests.test_past.test_olddict.Py2DictTest" name="test_repr" time="0.001" /><testcase classname="tests.test_past.test_olddict.Py2DictTest" name="test_setdefault" time="0.001" /><testcase classname="tests.test_past.test_olddict.Py2DictTest" name="test_setdefault_atomic" time="0.001" /><testcase classname="tests.test_past.test_olddict.Py2DictTest" name="test_tuple_keyerror" time="0.001" /><testcase classname="tests.test_past.test_olddict.Py2DictTest" name="test_update" time="0.001" /><testcase classname="tests.test_past.test_olddict.Py2DictTest" name="test_values" time="0.001" /><testcase classname="tests.test_past.test_oldstr.TestOldStr" name="test_getitem" time="0.001" /><testcase classname="tests.test_past.test_oldstr.TestOldStr" name="test_repr" time="0.001" /><testcase classname="tests.test_past.test_oldstr.TestOldStr" name="test_str" time="0.001" /><testcase classname="tests.test_past.test_oldstr.TestOldStr" name="test_unescape" time="0.001" /><testcase classname="tests.test_past.test_translation.TestTranslate" name="test_common_substring" time="0.001" /><testcase classname="tests.test_past.test_translation.TestTranslate" name="test_div" time="0.275" /><testcase classname="tests.test_past.test_translation.TestTranslate" name="test_exception_syntax" time="0.004" /><testcase classname="tests.test_past.test_translation.TestTranslate" name="test_exec_statement" time="0.003" /><testcase classname="tests.test_past.test_translation.TestTranslate" name="test_import_builtin_types" time="0.005"><skipped type="pytest.xfail" message="" /></testcase><testcase classname="tests.test_past.test_translation.TestTranslate" name="test_import_future_standard_library" time="0.002" /><testcase classname="tests.test_past.test_translation.TestTranslate" name="test_old_builtin_functions" time="0.011" /><testcase classname="tests.test_past.test_translation.TestTranslate" name="test_print_statement" time="0.003" /><testcase classname="tests.test_past.test_translation.TestTranslate" name="test_xrange" time="0.004" /></testsuite></testsuites>