GLOB sdist-make: /workdir/future-0.18.2/setup.py
graalpylibtest-unit-test-tests create: /workdir/future-0.18.2/.tox/graalpylibtest-unit-test-tests
graalpylibtest-unit-test-tests installdeps: mock, pytest
graalpylibtest-unit-test-tests inst: /workdir/future-0.18.2/.tox/.tmp/package/1/future-0.18.2.zip
graalpylibtest-unit-test-tests installed: exceptiongroup==1.2.0,future @ file:///workdir/future-0.18.2/.tox/.tmp/package/1/future-0.18.2.zip,graalpy-virtualenv==0.0.1,hpy==0.9.0rc2,iniconfig==2.0.0,mock==5.1.0,packaging==23.2,pluggy==1.3.0,pytest==7.4.3,tomli==2.0.1
graalpylibtest-unit-test-tests run-test-pre: PYTHONHASHSEED='3943983153'
graalpylibtest-unit-test-tests run-test: commands[0] | pytest -v --tb=native --junitxml /workdir/results/future/0.18.2/1/graalpy-test-results.xml
============================= test session starts ==============================
platform linux -- Python 3.10.8, pytest-7.4.3, pluggy-1.3.0 -- /workdir/future-0.18.2/.tox/graalpylibtest-unit-test-tests/bin/python
cachedir: .tox/graalpylibtest-unit-test-tests/.pytest_cache
rootdir: /workdir/future-0.18.2
configfile: pytest.ini
collecting ... collected 1129 items

tests/test_future/test_backports.py::CountTest::test_count PASSED        [  0%]
tests/test_future/test_backports.py::CountTest::test_own_count PASSED    [  0%]
tests/test_future/test_backports.py::TestChainMap::test_basics PASSED    [  0%]
tests/test_future/test_backports.py::TestChainMap::test_bool PASSED      [  0%]
tests/test_future/test_backports.py::TestChainMap::test_contructor PASSED [  0%]
tests/test_future/test_backports.py::TestChainMap::test_dict_coercion PASSED [  0%]
tests/test_future/test_backports.py::TestChainMap::test_missing PASSED   [  0%]
tests/test_future/test_backports.py::TestCounter::test_basics PASSED     [  0%]
tests/test_future/test_backports.py::TestCounter::test_conversions PASSED [  0%]
tests/test_future/test_backports.py::TestCounter::test_copy_subclass PASSED [  0%]
tests/test_future/test_backports.py::TestCounter::test_copying PASSED    [  0%]
tests/test_future/test_backports.py::TestCounter::test_helper_function PASSED [  1%]
tests/test_future/test_backports.py::TestCounter::test_inplace_operations PASSED [  1%]
tests/test_future/test_backports.py::TestCounter::test_invariant_for_the_in_operator PASSED [  1%]
tests/test_future/test_backports.py::TestCounter::test_multiset_operations PASSED [  1%]
tests/test_future/test_backports.py::TestCounter::test_repr_nonsortable PASSED [  1%]
tests/test_future/test_backports.py::TestCounter::test_subtract PASSED   [  1%]
tests/test_future/test_backports.py::TestCounter::test_unary PASSED      [  1%]
tests/test_future/test_backports.py::TestOrderedDict::test_abc PASSED    [  1%]
tests/test_future/test_backports.py::TestOrderedDict::test_clear PASSED  [  1%]
tests/test_future/test_backports.py::TestOrderedDict::test_copying PASSED [  1%]
tests/test_future/test_backports.py::TestOrderedDict::test_delitem PASSED [  1%]
tests/test_future/test_backports.py::TestOrderedDict::test_equality PASSED [  2%]
tests/test_future/test_backports.py::TestOrderedDict::test_init PASSED   [  2%]
tests/test_future/test_backports.py::TestOrderedDict::test_iterators PASSED [  2%]
tests/test_future/test_backports.py::TestOrderedDict::test_move_to_end PASSED [  2%]
tests/test_future/test_backports.py::TestOrderedDict::test_override_update PASSED [  2%]
tests/test_future/test_backports.py::TestOrderedDict::test_pop PASSED    [  2%]
tests/test_future/test_backports.py::TestOrderedDict::test_popitem PASSED [  2%]
tests/test_future/test_backports.py::TestOrderedDict::test_reinsert PASSED [  2%]
tests/test_future/test_backports.py::TestOrderedDict::test_repr PASSED   [  2%]
tests/test_future/test_backports.py::TestOrderedDict::test_repr_recursive PASSED [  2%]
tests/test_future/test_backports.py::TestOrderedDict::test_setdefault PASSED [  2%]
tests/test_future/test_backports.py::TestOrderedDict::test_setitem PASSED [  3%]
tests/test_future/test_backports.py::TestOrderedDict::test_update PASSED [  3%]
tests/test_future/test_backports.py::TestOrderedDict::test_yaml_linkage PASSED [  3%]
tests/test_future/test_buffer.py::BytearrayPEP3137Test::test_capitalize PASSED [  3%]
tests/test_future/test_buffer.py::BytearrayPEP3137Test::test_center PASSED [  3%]
tests/test_future/test_buffer.py::BytearrayPEP3137Test::test_expandtabs PASSED [  3%]
tests/test_future/test_buffer.py::BytearrayPEP3137Test::test_isalnum PASSED [  3%]
tests/test_future/test_buffer.py::BytearrayPEP3137Test::test_isalpha PASSED [  3%]
tests/test_future/test_buffer.py::BytearrayPEP3137Test::test_isdigit PASSED [  3%]
tests/test_future/test_buffer.py::BytearrayPEP3137Test::test_islower PASSED [  3%]
tests/test_future/test_buffer.py::BytearrayPEP3137Test::test_isspace PASSED [  3%]
tests/test_future/test_buffer.py::BytearrayPEP3137Test::test_istitle PASSED [  3%]
tests/test_future/test_buffer.py::BytearrayPEP3137Test::test_isupper PASSED [  4%]
tests/test_future/test_buffer.py::BytearrayPEP3137Test::test_ljust PASSED [  4%]
tests/test_future/test_buffer.py::BytearrayPEP3137Test::test_lower PASSED [  4%]
tests/test_future/test_buffer.py::BytearrayPEP3137Test::test_returns_new_copy PASSED [  4%]
tests/test_future/test_buffer.py::BytearrayPEP3137Test::test_rjust PASSED [  4%]
tests/test_future/test_buffer.py::BytearrayPEP3137Test::test_splitlines PASSED [  4%]
tests/test_future/test_buffer.py::BytearrayPEP3137Test::test_swapcase PASSED [  4%]
tests/test_future/test_buffer.py::BytearrayPEP3137Test::test_title PASSED [  4%]
tests/test_future/test_buffer.py::BytearrayPEP3137Test::test_upper PASSED [  4%]
tests/test_future/test_buffer.py::BytearrayPEP3137Test::test_zfill PASSED [  4%]
tests/test_future/test_builtins.py::TestBuiltins::test_isinstance_Integral PASSED [  4%]
tests/test_future/test_builtins.py::TestBuiltins::test_isinstance_bytes PASSED [  5%]
tests/test_future/test_builtins.py::TestBuiltins::test_isinstance_int PASSED [  5%]
tests/test_future/test_builtins.py::TestBuiltins::test_isinstance_long PASSED [  5%]
tests/test_future/test_builtins.py::TestBuiltins::test_isinstance_str PASSED [  5%]
tests/test_future/test_builtins.py::TestBuiltins::test_isinstance_tuple_of_types PASSED [  5%]
tests/test_future/test_builtins.py::TestBuiltins::test_newnext_doc_example PASSED [  5%]
tests/test_future/test_builtins.py::TestBuiltins::test_round PASSED      [  5%]
tests/test_future/test_builtins.py::TestBuiltins::test_round_negative_ndigits SKIPPED [  5%]
tests/test_future/test_builtins.py::TestBuiltins::test_super PASSED      [  5%]
tests/test_future/test_builtins.py::TestBuiltins::test_super_2 PASSED    [  5%]
tests/test_future/test_builtins.py::TestBuiltins::test_type PASSED       [  5%]
tests/test_future/test_builtins.py::BuiltinTest::test_abs PASSED         [  6%]
tests/test_future/test_builtins.py::BuiltinTest::test_all PASSED         [  6%]
tests/test_future/test_builtins.py::BuiltinTest::test_any PASSED         [  6%]
tests/test_future/test_builtins.py::BuiltinTest::test_ascii PASSED       [  6%]
tests/test_future/test_builtins.py::BuiltinTest::test_bin PASSED         [  6%]
tests/test_future/test_builtins.py::BuiltinTest::test_bytearray_translate PASSED [  6%]
tests/test_future/test_builtins.py::BuiltinTest::test_callable PASSED    [  6%]
tests/test_future/test_builtins.py::BuiltinTest::test_chr PASSED         [  6%]
tests/test_future/test_builtins.py::BuiltinTest::test_chr_big SKIPPED    [  6%]
tests/test_future/test_builtins.py::BuiltinTest::test_compile PASSED     [  6%]
tests/test_future/test_builtins.py::BuiltinTest::test_construct_singletons PASSED [  6%]
tests/test_future/test_builtins.py::BuiltinTest::test_delattr PASSED     [  6%]
tests/test_future/test_builtins.py::BuiltinTest::test_dir PASSED         [  7%]
tests/test_future/test_builtins.py::BuiltinTest::test_divmod PASSED      [  7%]
tests/test_future/test_builtins.py::BuiltinTest::test_eval PASSED        [  7%]
tests/test_future/test_builtins.py::BuiltinTest::test_exec_ PASSED       [  7%]
tests/test_future/test_builtins.py::BuiltinTest::test_exec_globals FAILED [  7%]
tests/test_future/test_builtins.py::BuiltinTest::test_exec_redirected PASSED [  7%]
tests/test_future/test_builtins.py::BuiltinTest::test_filter PASSED      [  7%]
tests/test_future/test_builtins.py::BuiltinTest::test_filter_pickle PASSED [  7%]
tests/test_future/test_builtins.py::BuiltinTest::test_format PASSED      [  7%]
tests/test_future/test_builtins.py::BuiltinTest::test_general_eval PASSED [  7%]
tests/test_future/test_builtins.py::BuiltinTest::test_getattr PASSED     [  7%]
tests/test_future/test_builtins.py::BuiltinTest::test_hasattr PASSED     [  8%]
tests/test_future/test_builtins.py::BuiltinTest::test_hash FAILED        [  8%]
tests/test_future/test_builtins.py::BuiltinTest::test_hex PASSED         [  8%]
tests/test_future/test_builtins.py::BuiltinTest::test_id PASSED          [  8%]
tests/test_future/test_builtins.py::BuiltinTest::test_import PASSED      [  8%]
tests/test_future/test_builtins.py::BuiltinTest::test_input PASSED       [  8%]
tests/test_future/test_builtins.py::BuiltinTest::test_input_tty SKIPPED  [  8%]
tests/test_future/test_builtins.py::BuiltinTest::test_input_tty_non_ascii SKIPPED [  8%]
tests/test_future/test_builtins.py::BuiltinTest::test_input_tty_non_ascii_unicode_errors SKIPPED [  8%]
tests/test_future/test_builtins.py::BuiltinTest::test_isinstance PASSED  [  8%]
tests/test_future/test_builtins.py::BuiltinTest::test_issubclass PASSED  [  8%]
tests/test_future/test_builtins.py::BuiltinTest::test_iter PASSED        [  9%]
tests/test_future/test_builtins.py::BuiltinTest::test_len PASSED         [  9%]
tests/test_future/test_builtins.py::BuiltinTest::test_map PASSED         [  9%]
tests/test_future/test_builtins.py::BuiltinTest::test_map_pickle PASSED  [  9%]
tests/test_future/test_builtins.py::BuiltinTest::test_max PASSED         [  9%]
tests/test_future/test_builtins.py::BuiltinTest::test_min PASSED         [  9%]
tests/test_future/test_builtins.py::BuiltinTest::test_neg PASSED         [  9%]
tests/test_future/test_builtins.py::BuiltinTest::test_next PASSED        [  9%]
tests/test_future/test_builtins.py::BuiltinTest::test_oct PASSED         [  9%]
tests/test_future/test_builtins.py::BuiltinTest::test_open PASSED        [  9%]
tests/test_future/test_builtins.py::BuiltinTest::test_open_default_encoding PASSED [  9%]
tests/test_future/test_builtins.py::BuiltinTest::test_ord PASSED         [ 10%]
tests/test_future/test_builtins.py::BuiltinTest::test_ord_big SKIPPED    [ 10%]
tests/test_future/test_builtins.py::BuiltinTest::test_pow FAILED         [ 10%]
tests/test_future/test_builtins.py::BuiltinTest::test_repr PASSED        [ 10%]
tests/test_future/test_builtins.py::BuiltinTest::test_round PASSED       [ 10%]
tests/test_future/test_builtins.py::BuiltinTest::test_round_large PASSED [ 10%]
tests/test_future/test_builtins.py::BuiltinTest::test_setattr PASSED     [ 10%]
tests/test_future/test_builtins.py::BuiltinTest::test_sum PASSED         [ 10%]
tests/test_future/test_builtins.py::BuiltinTest::test_type PASSED        [ 10%]
tests/test_future/test_builtins.py::BuiltinTest::test_vars PASSED        [ 10%]
tests/test_future/test_builtins.py::BuiltinTest::test_zip PASSED         [ 10%]
tests/test_future/test_builtins.py::BuiltinTest::test_zip_pickle PASSED  [ 10%]
tests/test_future/test_builtins.py::TestSorted::test_baddecorator PASSED [ 11%]
tests/test_future/test_builtins.py::TestSorted::test_basic PASSED        [ 11%]
tests/test_future/test_builtins.py::TestSorted::test_inputtypes PASSED   [ 11%]
tests/test_future/test_bytes.py::TestBytes::test_add PASSED              [ 11%]
tests/test_future/test_bytes.py::TestBytes::test_b_literal_creates_newbytes_object PASSED [ 11%]
tests/test_future/test_bytes.py::TestBytes::test_bytes_bytes PASSED      [ 11%]
tests/test_future/test_bytes.py::TestBytes::test_bytes_contains_something PASSED [ 11%]
tests/test_future/test_bytes.py::TestBytes::test_bytes_empty PASSED      [ 11%]
tests/test_future/test_bytes.py::TestBytes::test_bytes_encoding_arg PASSED [ 11%]
tests/test_future/test_bytes.py::TestBytes::test_bytes_encoding_arg_issue_193 PASSED [ 11%]
tests/test_future/test_bytes.py::TestBytes::test_bytes_encoding_arg_non_kwarg PASSED [ 11%]
tests/test_future/test_bytes.py::TestBytes::test_bytes_fromhex PASSED    [ 12%]
tests/test_future/test_bytes.py::TestBytes::test_bytes_frozenset PASSED  [ 12%]
tests/test_future/test_bytes.py::TestBytes::test_bytes_getitem PASSED    [ 12%]
tests/test_future/test_bytes.py::TestBytes::test_bytes_hasattr_encode PASSED [ 12%]
tests/test_future/test_bytes.py::TestBytes::test_bytes_index PASSED      [ 12%]
tests/test_future/test_bytes.py::TestBytes::test_bytes_int PASSED        [ 12%]
tests/test_future/test_bytes.py::TestBytes::test_bytes_is_bytes FAILED   [ 12%]
tests/test_future/test_bytes.py::TestBytes::test_bytes_iterable_of_ints PASSED [ 12%]
tests/test_future/test_bytes.py::TestBytes::test_bytes_iteration PASSED  [ 12%]
tests/test_future/test_bytes.py::TestBytes::test_bytes_join_bytes PASSED [ 12%]
tests/test_future/test_bytes.py::TestBytes::test_bytes_join_others PASSED [ 12%]
tests/test_future/test_bytes.py::TestBytes::test_bytes_join_unicode_strings PASSED [ 13%]
tests/test_future/test_bytes.py::TestBytes::test_bytes_long SKIPPED      [ 13%]
tests/test_future/test_bytes.py::TestBytes::test_bytes_partition PASSED  [ 13%]
tests/test_future/test_bytes.py::TestBytes::test_bytes_plus_bytes PASSED [ 13%]
tests/test_future/test_bytes.py::TestBytes::test_bytes_plus_unicode_string PASSED [ 13%]
tests/test_future/test_bytes.py::TestBytes::test_bytes_replace PASSED    [ 13%]
tests/test_future/test_bytes.py::TestBytes::test_bytes_rpartition PASSED [ 13%]
tests/test_future/test_bytes.py::TestBytes::test_bytes_setitem PASSED    [ 13%]
tests/test_future/test_bytes.py::TestBytes::test_bytes_string_no_encoding PASSED [ 13%]
tests/test_future/test_bytes.py::TestBytes::test_bytes_within_range PASSED [ 13%]
tests/test_future/test_bytes.py::TestBytes::test_cast_to_bytes PASSED    [ 13%]
tests/test_future/test_bytes.py::TestBytes::test_cast_to_bytes_iter_precedence PASSED [ 13%]
tests/test_future/test_bytes.py::TestBytes::test_cmp PASSED              [ 14%]
tests/test_future/test_bytes.py::TestBytes::test_decode PASSED           [ 14%]
tests/test_future/test_bytes.py::TestBytes::test_encode PASSED           [ 14%]
tests/test_future/test_bytes.py::TestBytes::test_endswith PASSED         [ 14%]
tests/test_future/test_bytes.py::TestBytes::test_eq PASSED               [ 14%]
tests/test_future/test_bytes.py::TestBytes::test_find_found PASSED       [ 14%]
tests/test_future/test_bytes.py::TestBytes::test_find_not_found PASSED   [ 14%]
tests/test_future/test_bytes.py::TestBytes::test_hash PASSED             [ 14%]
tests/test_future/test_bytes.py::TestBytes::test_hash_with_native_types XFAIL [ 14%]
tests/test_future/test_bytes.py::TestBytes::test_imod PASSED             [ 14%]
tests/test_future/test_bytes.py::TestBytes::test_isinstance_bytes PASSED [ 14%]
tests/test_future/test_bytes.py::TestBytes::test_isinstance_bytes_subclass PASSED [ 15%]
tests/test_future/test_bytes.py::TestBytes::test_isinstance_oldbytestrings_bytes PASSED [ 15%]
tests/test_future/test_bytes.py::TestBytes::test_issue_171_part_a PASSED [ 15%]
tests/test_future/test_bytes.py::TestBytes::test_issue_171_part_b PASSED [ 15%]
tests/test_future/test_bytes.py::TestBytes::test_maketrans PASSED        [ 15%]
tests/test_future/test_bytes.py::TestBytes::test_mod PASSED              [ 15%]
tests/test_future/test_bytes.py::TestBytes::test_mod_custom_dict SKIPPED [ 15%]
tests/test_future/test_bytes.py::TestBytes::test_mod_more PASSED         [ 15%]
tests/test_future/test_bytes.py::TestBytes::test_mul PASSED              [ 15%]
tests/test_future/test_bytes.py::TestBytes::test_multiple_inheritance PASSED [ 15%]
tests/test_future/test_bytes.py::TestBytes::test_ne PASSED               [ 15%]
tests/test_future/test_bytes.py::TestBytes::test_quote_from_bytes PASSED [ 16%]
tests/test_future/test_bytes.py::TestBytes::test_repr PASSED             [ 16%]
tests/test_future/test_bytes.py::TestBytes::test_rfind_found PASSED      [ 16%]
tests/test_future/test_bytes.py::TestBytes::test_rfind_not_found PASSED  [ 16%]
tests/test_future/test_bytes.py::TestBytes::test_rmul PASSED             [ 16%]
tests/test_future/test_bytes.py::TestBytes::test_rstrip PASSED           [ 16%]
tests/test_future/test_bytes.py::TestBytes::test_slice PASSED            [ 16%]
tests/test_future/test_bytes.py::TestBytes::test_startswith PASSED       [ 16%]
tests/test_future/test_bytes.py::TestBytes::test_str PASSED              [ 16%]
tests/test_future/test_bytes.py::TestBytes::test_surrogateescape_decoding PASSED [ 16%]
tests/test_future/test_bytes.py::TestBytes::test_with_metaclass_and_bytes PASSED [ 16%]
tests/test_future/test_chainmap.py::TestChainMap::test_bool PASSED       [ 17%]
tests/test_future/test_chainmap.py::TestChainMap::test_clear PASSED      [ 17%]
tests/test_future/test_chainmap.py::TestChainMap::test_copy PASSED       [ 17%]
tests/test_future/test_chainmap.py::TestChainMap::test_delitem PASSED    [ 17%]
tests/test_future/test_chainmap.py::TestChainMap::test_fromkeys PASSED   [ 17%]
tests/test_future/test_chainmap.py::TestChainMap::test_get PASSED        [ 17%]
tests/test_future/test_chainmap.py::TestChainMap::test_missing PASSED    [ 17%]
tests/test_future/test_chainmap.py::TestChainMap::test_parents PASSED    [ 17%]
tests/test_future/test_chainmap.py::TestChainMap::test_pop PASSED        [ 17%]
tests/test_future/test_chainmap.py::TestChainMap::test_popitem PASSED    [ 17%]
tests/test_future/test_chainmap.py::TestChainMap::test_recursive_repr PASSED [ 17%]
tests/test_future/test_chainmap.py::TestChainMap::test_repr PASSED       [ 17%]
tests/test_future/test_common_iterators.py::TestIterators::test_filter PASSED [ 18%]
tests/test_future/test_common_iterators.py::TestIterators::test_map PASSED [ 18%]
tests/test_future/test_common_iterators.py::TestIterators::test_range PASSED [ 18%]
tests/test_future/test_common_iterators.py::TestIterators::test_zip PASSED [ 18%]
tests/test_future/test_decorators.py::TestDecorators::test_implements_iterator PASSED [ 18%]
tests/test_future/test_decorators.py::TestDecorators::test_python_2_unicode_compatible_decorator PASSED [ 18%]
tests/test_future/test_dict.py::TestDict::test_braces_create_newdict_object PASSED [ 18%]
tests/test_future/test_dict.py::TestDict::test_dict_dict PASSED          [ 18%]
tests/test_future/test_dict.py::TestDict::test_dict_empty PASSED         [ 18%]
tests/test_future/test_dict.py::TestDict::test_dict_eq PASSED            [ 18%]
tests/test_future/test_dict.py::TestDict::test_dict_getitem PASSED       [ 18%]
tests/test_future/test_dict.py::TestDict::test_dict_items PASSED         [ 19%]
tests/test_future/test_dict.py::TestDict::test_dict_keys PASSED          [ 19%]
tests/test_future/test_dict.py::TestDict::test_dict_values PASSED        [ 19%]
tests/test_future/test_dict.py::TestDict::test_isinstance_dict PASSED    [ 19%]
tests/test_future/test_dict.py::TestDict::test_isinstance_dict_subclass PASSED [ 19%]
tests/test_future/test_dict.py::TestDict::test_methods_do_not_produce_lists PASSED [ 19%]
tests/test_future/test_dict.py::TestDict::test_multiple_inheritance PASSED [ 19%]
tests/test_future/test_dict.py::TestDict::test_set_like_behaviour PASSED [ 19%]
tests/test_future/test_dict.py::TestDict::test_with_metaclass_and_dict PASSED [ 19%]
tests/test_future/test_email_multipart.py::EmailMultiPartTests::test_multipart_serialize_without_boundary PASSED [ 19%]
tests/test_future/test_email_multipart.py::EmailMultiPartTests::test_multipart_set_boundary_does_not_change_header_type PASSED [ 19%]
tests/test_future/test_explicit_imports.py::TestExplicitImports::test_py2k_disabled_builtins PASSED [ 20%]
tests/test_future/test_explicit_imports.py::TestExplicitImports::test_py3_builtin_imports PASSED [ 20%]
tests/test_future/test_futurize.py::TestLibFuturize::test_correct_exit_status PASSED [ 20%]
tests/test_future/test_futurize.py::TestLibFuturize::test_is_encoding_comment PASSED [ 20%]
tests/test_future/test_futurize.py::TestLibFuturize::test_is_shebang_comment PASSED [ 20%]
tests/test_future/test_futurize.py::TestFuturizeSimple::test_UserList PASSED [ 20%]
tests/test_future/test_futurize.py::TestFuturizeSimple::test_already_future_division PASSED [ 20%]
tests/test_future/test_futurize.py::TestFuturizeSimple::test_apply PASSED [ 20%]
tests/test_future/test_futurize.py::TestFuturizeSimple::test_cmp PASSED  [ 20%]
tests/test_future/test_futurize.py::TestFuturizeSimple::test_division PASSED [ 20%]
tests/test_future/test_futurize.py::TestFuturizeSimple::test_download_pypi_package_and_test SKIPPED [ 20%]
tests/test_future/test_futurize.py::TestFuturizeSimple::test_encoding_comments_kept_at_top PASSED [ 20%]
tests/test_future/test_futurize.py::TestFuturizeSimple::test_exception_syntax PASSED [ 21%]
tests/test_future/test_futurize.py::TestFuturizeSimple::test_execfile PASSED [ 21%]
tests/test_future/test_futurize.py::TestFuturizeSimple::test_file XFAIL  [ 21%]
tests/test_future/test_futurize.py::TestFuturizeSimple::test_import_builtins PASSED [ 21%]
tests/test_future/test_futurize.py::TestFuturizeSimple::test_input_with_import PASSED [ 21%]
tests/test_future/test_futurize.py::TestFuturizeSimple::test_input_without_import PASSED [ 21%]
tests/test_future/test_futurize.py::TestFuturizeSimple::test_izip XFAIL  [ 21%]
tests/test_future/test_futurize.py::TestFuturizeSimple::test_literal_prefixes_are_not_stripped PASSED [ 21%]
tests/test_future/test_futurize.py::TestFuturizeSimple::test_multiline_future_import PASSED [ 21%]
tests/test_future/test_futurize.py::TestFuturizeSimple::test_no_unneeded_list_calls XFAIL [ 21%]
tests/test_future/test_futurize.py::TestFuturizeSimple::test_oldstyle_classes PASSED [ 21%]
tests/test_future/test_futurize.py::TestFuturizeSimple::test_oldstyle_classes_iterator PASSED [ 22%]
tests/test_future/test_futurize.py::TestFuturizeSimple::test_problematic_string XFAIL [ 22%]
tests/test_future/test_futurize.py::TestFuturizeSimple::test_raw_input FAILED [ 22%]
tests/test_future/test_futurize.py::TestFuturizeSimple::test_shebang_blank_with_future_division_import PASSED [ 22%]
tests/test_future/test_futurize.py::TestFuturizeSimple::test_shebang_blank_with_print_import PASSED [ 22%]
tests/test_future/test_futurize.py::TestFuturizeSimple::test_shebang_comment PASSED [ 22%]
tests/test_future/test_futurize.py::TestFuturizeSimple::test_shebang_docstring PASSED [ 22%]
tests/test_future/test_futurize.py::TestFuturizeSimple::test_source_coding_utf8 PASSED [ 22%]
tests/test_future/test_futurize.py::TestFuturizeSimple::test_super PASSED [ 22%]
tests/test_future/test_futurize.py::TestFuturizeSimple::test_tobytes SKIPPED [ 22%]
tests/test_future/test_futurize.py::TestFuturizeSimple::test_xrange PASSED [ 22%]
tests/test_future/test_futurize.py::TestFuturizeRenamedStdlib::test_Py2_StringIO_module XFAIL [ 23%]
tests/test_future/test_futurize.py::TestFuturizeRenamedStdlib::test_renamed_copy_reg_and_cPickle_modules SKIPPED [ 23%]
tests/test_future/test_futurize.py::TestFuturizeRenamedStdlib::test_renamed_modules SKIPPED [ 23%]
tests/test_future/test_futurize.py::TestFuturizeRenamedStdlib::test_urllib_refactor SKIPPED [ 23%]
tests/test_future/test_futurize.py::TestFuturizeStage1::test___future___import_position PASSED [ 23%]
tests/test_future/test_futurize.py::TestFuturizeStage1::test_absolute_import_changes XFAIL [ 23%]
tests/test_future/test_futurize.py::TestFuturizeStage1::test_apply PASSED [ 23%]
tests/test_future/test_futurize.py::TestFuturizeStage1::test_basestring PASSED [ 23%]
tests/test_future/test_futurize.py::TestFuturizeStage1::test_basestring_issue_156 PASSED [ 23%]
tests/test_future/test_futurize.py::TestFuturizeStage1::test_exceptions PASSED [ 23%]
tests/test_future/test_futurize.py::TestFuturizeStage1::test_issue_12 XFAIL [ 23%]
tests/test_future/test_futurize.py::TestFuturizeStage1::test_issue_45 PASSED [ 24%]
tests/test_future/test_futurize.py::TestFuturizeStage1::test_long_int_literals PASSED [ 24%]
tests/test_future/test_futurize.py::TestFuturizeStage1::test_next_1 PASSED [ 24%]
tests/test_future/test_futurize.py::TestFuturizeStage1::test_next_2 XFAIL [ 24%]
tests/test_future/test_futurize.py::TestFuturizeStage1::test_octal_literals PASSED [ 24%]
tests/test_future/test_futurize.py::TestFuturizeStage1::test_oldstyle_classes PASSED [ 24%]
tests/test_future/test_futurize.py::TestFuturizeStage1::test_order_future_lines PASSED [ 24%]
tests/test_future/test_futurize.py::TestFuturizeStage1::test_print PASSED [ 24%]
tests/test_future/test_futurize.py::TestFuturizeStage1::test_print_already_function PASSED [ 24%]
tests/test_future/test_futurize.py::TestFuturizeStage1::test_print_already_function_complex XFAIL [ 24%]
tests/test_future/test_futurize.py::TestFuturizeStage1::test_range_necessary_list_calls PASSED [ 24%]
tests/test_future/test_futurize.py::TestFuturizeStage1::test_safe_division PASSED [ 24%]
tests/test_future/test_futurize.py::TestFuturizeStage1::test_safe_division_overloaded PASSED [ 25%]
tests/test_future/test_futurize.py::TestFuturizeStage1::test_safe_futurize_imports PASSED [ 25%]
tests/test_future/test_futurize.py::TestFuturizeStage1::test_stdlib_modules_not_changed PASSED [ 25%]
tests/test_future/test_futurize.py::TestFuturizeStage1::test_string_exceptions XFAIL [ 25%]
tests/test_future/test_futurize.py::TestFuturizeStage1::test_xrange PASSED [ 25%]
tests/test_future/test_futurize.py::TestConservativeFuturize::test_basestring XFAIL [ 25%]
tests/test_future/test_futurize.py::TestConservativeFuturize::test_open XFAIL [ 25%]
tests/test_future/test_futurize.py::TestFuturizeAllImports::test_all_imports PASSED [ 25%]
tests/test_future/test_html.py::HtmlTests::test_escape PASSED            [ 25%]
tests/test_future/test_htmlparser.py::HTMLParserStrictTestCase::test_bad_nesting PASSED [ 25%]
tests/test_future/test_htmlparser.py::HTMLParserStrictTestCase::test_bare_ampersands PASSED [ 25%]
tests/test_future/test_htmlparser.py::HTMLParserStrictTestCase::test_bare_pointy_brackets PASSED [ 26%]
tests/test_future/test_htmlparser.py::HTMLParserStrictTestCase::test_buffer_artefacts PASSED [ 26%]
tests/test_future/test_htmlparser.py::HTMLParserStrictTestCase::test_cdata_content PASSED [ 26%]
tests/test_future/test_htmlparser.py::HTMLParserStrictTestCase::test_cdata_with_closing_tags PASSED [ 26%]
tests/test_future/test_htmlparser.py::HTMLParserStrictTestCase::test_comments PASSED [ 26%]
tests/test_future/test_htmlparser.py::HTMLParserStrictTestCase::test_condcoms PASSED [ 26%]
tests/test_future/test_htmlparser.py::HTMLParserStrictTestCase::test_declaration_junk_chars PASSED [ 26%]
tests/test_future/test_htmlparser.py::HTMLParserStrictTestCase::test_get_starttag_text PASSED [ 26%]
tests/test_future/test_htmlparser.py::HTMLParserStrictTestCase::test_illegal_declarations PASSED [ 26%]
tests/test_future/test_htmlparser.py::HTMLParserStrictTestCase::test_malformatted_charref PASSED [ 26%]
tests/test_future/test_htmlparser.py::HTMLParserStrictTestCase::test_processing_instruction_only PASSED [ 26%]
tests/test_future/test_htmlparser.py::HTMLParserStrictTestCase::test_simple_html PASSED [ 27%]
tests/test_future/test_htmlparser.py::HTMLParserStrictTestCase::test_startendtag PASSED [ 27%]
tests/test_future/test_htmlparser.py::HTMLParserStrictTestCase::test_starttag_end_boundary PASSED [ 27%]
tests/test_future/test_htmlparser.py::HTMLParserStrictTestCase::test_starttag_junk_chars PASSED [ 27%]
tests/test_future/test_htmlparser.py::HTMLParserStrictTestCase::test_unclosed_entityref PASSED [ 27%]
tests/test_future/test_htmlparser.py::HTMLParserStrictTestCase::test_valid_doctypes PASSED [ 27%]
tests/test_future/test_htmlparser.py::HTMLParserTolerantTestCase::test_bad_nesting PASSED [ 27%]
tests/test_future/test_htmlparser.py::HTMLParserTolerantTestCase::test_bare_ampersands PASSED [ 27%]
tests/test_future/test_htmlparser.py::HTMLParserTolerantTestCase::test_bare_pointy_brackets PASSED [ 27%]
tests/test_future/test_htmlparser.py::HTMLParserTolerantTestCase::test_broken_comments PASSED [ 27%]
tests/test_future/test_htmlparser.py::HTMLParserTolerantTestCase::test_broken_condcoms PASSED [ 27%]
tests/test_future/test_htmlparser.py::HTMLParserTolerantTestCase::test_broken_invalid_end_tag PASSED [ 27%]
tests/test_future/test_htmlparser.py::HTMLParserTolerantTestCase::test_buffer_artefacts PASSED [ 28%]
tests/test_future/test_htmlparser.py::HTMLParserTolerantTestCase::test_cdata_content PASSED [ 28%]
tests/test_future/test_htmlparser.py::HTMLParserTolerantTestCase::test_cdata_with_closing_tags PASSED [ 28%]
tests/test_future/test_htmlparser.py::HTMLParserTolerantTestCase::test_comma_between_attributes PASSED [ 28%]
tests/test_future/test_htmlparser.py::HTMLParserTolerantTestCase::test_comments PASSED [ 28%]
tests/test_future/test_htmlparser.py::HTMLParserTolerantTestCase::test_condcoms PASSED [ 28%]
tests/test_future/test_htmlparser.py::HTMLParserTolerantTestCase::test_correct_detection_of_start_tags PASSED [ 28%]
tests/test_future/test_htmlparser.py::HTMLParserTolerantTestCase::test_declaration_junk_chars PASSED [ 28%]
tests/test_future/test_htmlparser.py::HTMLParserTolerantTestCase::test_get_starttag_text PASSED [ 28%]
tests/test_future/test_htmlparser.py::HTMLParserTolerantTestCase::test_illegal_declarations PASSED [ 28%]
tests/test_future/test_htmlparser.py::HTMLParserTolerantTestCase::test_invalid_end_tags PASSED [ 28%]
tests/test_future/test_htmlparser.py::HTMLParserTolerantTestCase::test_malformatted_charref PASSED [ 29%]
tests/test_future/test_htmlparser.py::HTMLParserTolerantTestCase::test_processing_instruction_only PASSED [ 29%]
tests/test_future/test_htmlparser.py::HTMLParserTolerantTestCase::test_simple_html PASSED [ 29%]
tests/test_future/test_htmlparser.py::HTMLParserTolerantTestCase::test_slashes_in_starttag PASSED [ 29%]
tests/test_future/test_htmlparser.py::HTMLParserTolerantTestCase::test_startendtag PASSED [ 29%]
tests/test_future/test_htmlparser.py::HTMLParserTolerantTestCase::test_starttag_end_boundary PASSED [ 29%]
tests/test_future/test_htmlparser.py::HTMLParserTolerantTestCase::test_starttag_junk_chars SKIPPED [ 29%]
tests/test_future/test_htmlparser.py::HTMLParserTolerantTestCase::test_tolerant_parsing SKIPPED [ 29%]
tests/test_future/test_htmlparser.py::HTMLParserTolerantTestCase::test_unclosed_entityref PASSED [ 29%]
tests/test_future/test_htmlparser.py::HTMLParserTolerantTestCase::test_unescape_function PASSED [ 29%]
tests/test_future/test_htmlparser.py::HTMLParserTolerantTestCase::test_valid_doctypes PASSED [ 29%]
tests/test_future/test_htmlparser.py::HTMLParserTolerantTestCase::test_weird_chars_in_unquoted_attribute_values PASSED [ 30%]
tests/test_future/test_htmlparser.py::HTMLParserTolerantTestCase::test_with_unquoted_attributes PASSED [ 30%]
tests/test_future/test_htmlparser.py::AttributesStrictTestCase::test_attr_entity_replacement PASSED [ 30%]
tests/test_future/test_htmlparser.py::AttributesStrictTestCase::test_attr_funky_names PASSED [ 30%]
tests/test_future/test_htmlparser.py::AttributesStrictTestCase::test_attr_nonascii PASSED [ 30%]
tests/test_future/test_htmlparser.py::AttributesStrictTestCase::test_attr_syntax PASSED [ 30%]
tests/test_future/test_htmlparser.py::AttributesStrictTestCase::test_attr_values PASSED [ 30%]
tests/test_future/test_htmlparser.py::AttributesStrictTestCase::test_entityrefs_in_attributes PASSED [ 30%]
tests/test_future/test_htmlparser.py::AttributesTolerantTestCase::test_adjacent_attributes PASSED [ 30%]
tests/test_future/test_htmlparser.py::AttributesTolerantTestCase::test_attr_entity_replacement PASSED [ 30%]
tests/test_future/test_htmlparser.py::AttributesTolerantTestCase::test_attr_funky_names PASSED [ 30%]
tests/test_future/test_htmlparser.py::AttributesTolerantTestCase::test_attr_funky_names2 PASSED [ 31%]
tests/test_future/test_htmlparser.py::AttributesTolerantTestCase::test_attr_nonascii PASSED [ 31%]
tests/test_future/test_htmlparser.py::AttributesTolerantTestCase::test_attr_syntax PASSED [ 31%]
tests/test_future/test_htmlparser.py::AttributesTolerantTestCase::test_attr_values PASSED [ 31%]
tests/test_future/test_htmlparser.py::AttributesTolerantTestCase::test_end_tag_in_attribute_value PASSED [ 31%]
tests/test_future/test_htmlparser.py::AttributesTolerantTestCase::test_entities_in_attribute_value PASSED [ 31%]
tests/test_future/test_htmlparser.py::AttributesTolerantTestCase::test_entityrefs_in_attributes PASSED [ 31%]
tests/test_future/test_htmlparser.py::AttributesTolerantTestCase::test_javascript_attribute_value PASSED [ 31%]
tests/test_future/test_htmlparser.py::AttributesTolerantTestCase::test_malformed_adjacent_attributes PASSED [ 31%]
tests/test_future/test_htmlparser.py::AttributesTolerantTestCase::test_malformed_attributes PASSED [ 31%]
tests/test_future/test_htmlparser.py::AttributesTolerantTestCase::test_missing_attribute_value PASSED [ 31%]
tests/test_future/test_htmlparser.py::test_main PASSED                   [ 31%]
tests/test_future/test_http_cookiejar.py::DateTimeTests::test_http2time PASSED [ 32%]
tests/test_future/test_http_cookiejar.py::DateTimeTests::test_http2time_formats PASSED [ 32%]
tests/test_future/test_http_cookiejar.py::DateTimeTests::test_http2time_garbage PASSED [ 32%]
tests/test_future/test_http_cookiejar.py::DateTimeTests::test_iso2time PASSED [ 32%]
tests/test_future/test_http_cookiejar.py::DateTimeTests::test_iso2time_formats PASSED [ 32%]
tests/test_future/test_http_cookiejar.py::DateTimeTests::test_iso2time_garbage PASSED [ 32%]
tests/test_future/test_http_cookiejar.py::DateTimeTests::test_time2isoz PASSED [ 32%]
tests/test_future/test_http_cookiejar.py::HeaderTests::test_join_header_words PASSED [ 32%]
tests/test_future/test_http_cookiejar.py::HeaderTests::test_parse_ns_headers PASSED [ 32%]
tests/test_future/test_http_cookiejar.py::HeaderTests::test_parse_ns_headers_special_names PASSED [ 32%]
tests/test_future/test_http_cookiejar.py::HeaderTests::test_parse_ns_headers_version PASSED [ 32%]
tests/test_future/test_http_cookiejar.py::HeaderTests::test_roundtrip PASSED [ 33%]
tests/test_future/test_http_cookiejar.py::HeaderTests::test_split_header_words PASSED [ 33%]
tests/test_future/test_http_cookiejar.py::FileCookieJarTests::test_bad_magic PASSED [ 33%]
tests/test_future/test_http_cookiejar.py::FileCookieJarTests::test_lwp_valueless_cookie PASSED [ 33%]
tests/test_future/test_http_cookiejar.py::CookieTests::test_Cookie_iterator PASSED [ 33%]
tests/test_future/test_http_cookiejar.py::CookieTests::test_bad_cookie_header PASSED [ 33%]
tests/test_future/test_http_cookiejar.py::CookieTests::test_default_path PASSED [ 33%]
tests/test_future/test_http_cookiejar.py::CookieTests::test_default_path_with_query PASSED [ 33%]
tests/test_future/test_http_cookiejar.py::CookieTests::test_domain_allow PASSED [ 33%]
tests/test_future/test_http_cookiejar.py::CookieTests::test_domain_block PASSED [ 33%]
tests/test_future/test_http_cookiejar.py::CookieTests::test_domain_match PASSED [ 33%]
tests/test_future/test_http_cookiejar.py::CookieTests::test_domain_mirror PASSED [ 34%]
tests/test_future/test_http_cookiejar.py::CookieTests::test_domain_return_ok PASSED [ 34%]
tests/test_future/test_http_cookiejar.py::CookieTests::test_escape_path PASSED [ 34%]
tests/test_future/test_http_cookiejar.py::CookieTests::test_expires PASSED [ 34%]
tests/test_future/test_http_cookiejar.py::CookieTests::test_is_HDN PASSED [ 34%]
tests/test_future/test_http_cookiejar.py::CookieTests::test_missing_final_slash PASSED [ 34%]
tests/test_future/test_http_cookiejar.py::CookieTests::test_missing_value PASSED [ 34%]
tests/test_future/test_http_cookiejar.py::CookieTests::test_no_return_comment PASSED [ 34%]
tests/test_future/test_http_cookiejar.py::CookieTests::test_ns_parser PASSED [ 34%]
tests/test_future/test_http_cookiejar.py::CookieTests::test_ns_parser_special_names PASSED [ 34%]
tests/test_future/test_http_cookiejar.py::CookieTests::test_parse_ns_headers PASSED [ 34%]
tests/test_future/test_http_cookiejar.py::CookieTests::test_path_mirror PASSED [ 34%]
tests/test_future/test_http_cookiejar.py::CookieTests::test_port_mirror PASSED [ 35%]
tests/test_future/test_http_cookiejar.py::CookieTests::test_quote_cookie_value PASSED [ 35%]
tests/test_future/test_http_cookiejar.py::CookieTests::test_reach PASSED [ 35%]
tests/test_future/test_http_cookiejar.py::CookieTests::test_request_host PASSED [ 35%]
tests/test_future/test_http_cookiejar.py::CookieTests::test_request_path PASSED [ 35%]
tests/test_future/test_http_cookiejar.py::CookieTests::test_request_port PASSED [ 35%]
tests/test_future/test_http_cookiejar.py::CookieTests::test_rfc2109_handling PASSED [ 35%]
tests/test_future/test_http_cookiejar.py::CookieTests::test_secure PASSED [ 35%]
tests/test_future/test_http_cookiejar.py::CookieTests::test_strict_domain PASSED [ 35%]
tests/test_future/test_http_cookiejar.py::CookieTests::test_two_component_domain_ns PASSED [ 35%]
tests/test_future/test_http_cookiejar.py::CookieTests::test_two_component_domain_rfc2965 PASSED [ 35%]
tests/test_future/test_http_cookiejar.py::CookieTests::test_wrong_domain PASSED [ 36%]
tests/test_future/test_http_cookiejar.py::LWPCookieTests::test_empty_path PASSED [ 36%]
tests/test_future/test_http_cookiejar.py::LWPCookieTests::test_ietf_example_1 PASSED [ 36%]
tests/test_future/test_http_cookiejar.py::LWPCookieTests::test_ietf_example_2 PASSED [ 36%]
tests/test_future/test_http_cookiejar.py::LWPCookieTests::test_intranet_domains_2965 PASSED [ 36%]
tests/test_future/test_http_cookiejar.py::LWPCookieTests::test_intranet_domains_ns PASSED [ 36%]
tests/test_future/test_http_cookiejar.py::LWPCookieTests::test_mozilla PASSED [ 36%]
tests/test_future/test_http_cookiejar.py::LWPCookieTests::test_netscape_example_1 PASSED [ 36%]
tests/test_future/test_http_cookiejar.py::LWPCookieTests::test_netscape_example_2 PASSED [ 36%]
tests/test_future/test_http_cookiejar.py::LWPCookieTests::test_netscape_misc PASSED [ 36%]
tests/test_future/test_http_cookiejar.py::LWPCookieTests::test_rejection PASSED [ 36%]
tests/test_future/test_http_cookiejar.py::LWPCookieTests::test_session_cookies PASSED [ 37%]
tests/test_future/test_http_cookiejar.py::LWPCookieTests::test_url_encoding PASSED [ 37%]
tests/test_future/test_http_cookiejar.py::test_main PASSED               [ 37%]
tests/test_future/test_httplib.py::HeaderTests::test_auto_headers PASSED [ 37%]
tests/test_future/test_httplib.py::HeaderTests::test_content_length_0 PASSED [ 37%]
tests/test_future/test_httplib.py::HeaderTests::test_ipv6host_header PASSED [ 37%]
tests/test_future/test_httplib.py::HeaderTests::test_putheader PASSED    [ 37%]
tests/test_future/test_httplib.py::BasicTest::test_bad_status_repr PASSED [ 37%]
tests/test_future/test_httplib.py::BasicTest::test_chunked PASSED        [ 37%]
tests/test_future/test_httplib.py::BasicTest::test_chunked_head PASSED   [ 37%]
tests/test_future/test_httplib.py::BasicTest::test_early_eof PASSED      [ 37%]
tests/test_future/test_httplib.py::BasicTest::test_epipe PASSED          [ 37%]
tests/test_future/test_httplib.py::BasicTest::test_filenoattr PASSED     [ 38%]
tests/test_future/test_httplib.py::BasicTest::test_host_port PASSED      [ 38%]
tests/test_future/test_httplib.py::BasicTest::test_incomplete_read PASSED [ 38%]
tests/test_future/test_httplib.py::BasicTest::test_negative_content_length PASSED [ 38%]
tests/test_future/test_httplib.py::BasicTest::test_overflowing_chunked_line PASSED [ 38%]
tests/test_future/test_httplib.py::BasicTest::test_overflowing_header_line PASSED [ 38%]
tests/test_future/test_httplib.py::BasicTest::test_overflowing_status_line SKIPPED [ 38%]
tests/test_future/test_httplib.py::BasicTest::test_partial_reads PASSED  [ 38%]
tests/test_future/test_httplib.py::BasicTest::test_partial_reads_incomplete_body PASSED [ 38%]
tests/test_future/test_httplib.py::BasicTest::test_partial_reads_no_content_length PASSED [ 38%]
tests/test_future/test_httplib.py::BasicTest::test_read_head PASSED      [ 38%]
tests/test_future/test_httplib.py::BasicTest::test_response_headers PASSED [ 39%]
tests/test_future/test_httplib.py::BasicTest::test_send PASSED           [ 39%]
tests/test_future/test_httplib.py::BasicTest::test_send_file PASSED      [ 39%]
tests/test_future/test_httplib.py::BasicTest::test_status_lines PASSED   [ 39%]
tests/test_future/test_httplib.py::OfflineTest::test_responses PASSED    [ 39%]
tests/test_future/test_httplib.py::SourceAddressTest::testHTTPConnectionSourceAddress PASSED [ 39%]
tests/test_future/test_httplib.py::SourceAddressTest::testHTTPSConnectionSourceAddress PASSED [ 39%]
tests/test_future/test_httplib.py::TimeoutTest::testTimeoutAttribute PASSED [ 39%]
tests/test_future/test_httplib.py::HTTPSTest::test_attributes PASSED     [ 39%]
tests/test_future/test_httplib.py::HTTPSTest::test_host_port PASSED      [ 39%]
tests/test_future/test_import_star.py::TestImportStar::test_iterators PASSED [ 39%]
tests/test_future/test_import_star.py::TestImportStar::test_namespace_pollution_globals PASSED [ 40%]
tests/test_future/test_import_star.py::TestImportStar::test_namespace_pollution_locals PASSED [ 40%]
tests/test_future/test_import_star.py::TestImportStar::test_python_2_unicode_compatible_decorator PASSED [ 40%]
tests/test_future/test_import_star.py::TestImportStar::test_str PASSED   [ 40%]
tests/test_future/test_import_star.py::TestImportStar::test_super PASSED [ 40%]
tests/test_future/test_imports_httplib.py::ImportHttplibTest::test_issue_159 PASSED [ 40%]
tests/test_future/test_imports_urllib.py::ImportUrllibTest::test_issue_158 PASSED [ 40%]
tests/test_future/test_imports_urllib.py::ImportUrllibTest::test_urllib PASSED [ 40%]
tests/test_future/test_int.py::IntTestCases::test_basic PASSED           [ 40%]
tests/test_future/test_int.py::IntTestCases::test_bitwise_operations PASSED [ 40%]
tests/test_future/test_int.py::IntTestCases::test_bytes_mul PASSED       [ 40%]
tests/test_future/test_int.py::IntTestCases::test_div PASSED             [ 41%]
tests/test_future/test_int.py::IntTestCases::test_divmod PASSED          [ 41%]
tests/test_future/test_int.py::IntTestCases::test_error_message PASSED   [ 41%]
tests/test_future/test_int.py::IntTestCases::test_floordiv PASSED        [ 41%]
tests/test_future/test_int.py::IntTestCases::test_from_bytes PASSED      [ 41%]
tests/test_future/test_int.py::IntTestCases::test_idiv PASSED            [ 41%]
tests/test_future/test_int.py::IntTestCases::test_int_bytes PASSED       [ 41%]
tests/test_future/test_int.py::IntTestCases::test_intconversion PASSED   [ 41%]
tests/test_future/test_int.py::IntTestCases::test_isinstance_int_subclass PASSED [ 41%]
tests/test_future/test_int.py::IntTestCases::test_keyword_args_2 PASSED  [ 41%]
tests/test_future/test_int.py::IntTestCases::test_more_arithmetics PASSED [ 41%]
tests/test_future/test_int.py::IntTestCases::test_multiple_inheritance PASSED [ 41%]
tests/test_future/test_int.py::IntTestCases::test_newint_of_newstr PASSED [ 42%]
tests/test_future/test_int.py::IntTestCases::test_newint_plus_float PASSED [ 42%]
tests/test_future/test_int.py::IntTestCases::test_no_args PASSED         [ 42%]
tests/test_future/test_int.py::IntTestCases::test_non_numeric_input_types PASSED [ 42%]
tests/test_future/test_int.py::IntTestCases::test_numpy_cast_as_long_and_newint SKIPPED [ 42%]
tests/test_future/test_int.py::IntTestCases::test_small_ints PASSED      [ 42%]
tests/test_future/test_int.py::IntTestCases::test_str_mul PASSED         [ 42%]
tests/test_future/test_int.py::IntTestCases::test_string_float PASSED    [ 42%]
tests/test_future/test_int.py::IntTestCases::test_to_bytes PASSED        [ 42%]
tests/test_future/test_int.py::IntTestCases::test_truediv PASSED         [ 42%]
tests/test_future/test_int.py::IntTestCases::test_unary_operators PASSED [ 42%]
tests/test_future/test_int.py::IntTestCases::test_upcasting_to_complex PASSED [ 43%]
tests/test_future/test_int.py::IntTestCases::test_upcasting_to_floats PASSED [ 43%]
tests/test_future/test_int.py::IntTestCases::test_with_metaclass_and_int PASSED [ 43%]
tests/test_future/test_int.py::IntTestCases::test_x_keyword_arg SKIPPED  [ 43%]
tests/test_future/test_int_old_division.py::IntTestCasesOldDivision::test_div SKIPPED [ 43%]
tests/test_future/test_int_old_division.py::IntTestCasesOldDivision::test_divmod SKIPPED [ 43%]
tests/test_future/test_int_old_division.py::IntTestCasesOldDivision::test_idiv SKIPPED [ 43%]
tests/test_future/test_int_old_division.py::IntTestCasesOldDivision::test_truediv SKIPPED [ 43%]
tests/test_future/test_isinstance.py::TestIsInstanceExceptions::test_bases_raises_other_than_attribute_error PASSED [ 43%]
tests/test_future/test_isinstance.py::TestIsInstanceExceptions::test_class_has_no_bases PASSED [ 43%]
tests/test_future/test_isinstance.py::TestIsInstanceExceptions::test_dont_mask_non_attribute_error PASSED [ 43%]
tests/test_future/test_isinstance.py::TestIsInstanceExceptions::test_isinstance_dont_mask_non_attribute_error PASSED [ 44%]
tests/test_future/test_isinstance.py::TestIsInstanceExceptions::test_mask_attribute_error PASSED [ 44%]
tests/test_future/test_isinstance.py::TestIsSubclassExceptions::test_dont_mask_non_attribute_error PASSED [ 44%]
tests/test_future/test_isinstance.py::TestIsSubclassExceptions::test_dont_mask_non_attribute_error_in_cls_arg PASSED [ 44%]
tests/test_future/test_isinstance.py::TestIsSubclassExceptions::test_mask_attribute_error PASSED [ 44%]
tests/test_future/test_isinstance.py::TestIsSubclassExceptions::test_mask_attribute_error_in_cls_arg PASSED [ 44%]
tests/test_future/test_isinstance.py::TestIsInstanceIsSubclass::test_isinstance_abstract PASSED [ 44%]
tests/test_future/test_isinstance.py::TestIsInstanceIsSubclass::test_isinstance_normal PASSED [ 44%]
tests/test_future/test_isinstance.py::TestIsInstanceIsSubclass::test_isinstance_recursion_limit FAILED [ 44%]
tests/test_future/test_isinstance.py::TestIsInstanceIsSubclass::test_subclass_abstract PASSED [ 44%]
tests/test_future/test_isinstance.py::TestIsInstanceIsSubclass::test_subclass_normal PASSED [ 44%]
tests/test_future/test_isinstance.py::TestIsInstanceIsSubclass::test_subclass_recursion_limit FAILED [ 44%]
tests/test_future/test_isinstance.py::TestIsInstanceIsSubclass::test_subclass_tuple PASSED [ 45%]
tests/test_future/test_libfuturize_fixers.py::Test_print::test_1 PASSED  [ 45%]
tests/test_future/test_libfuturize_fixers.py::Test_print::test_2 PASSED  [ 45%]
tests/test_future/test_libfuturize_fixers.py::Test_print::test_3 PASSED  [ 45%]
tests/test_future/test_libfuturize_fixers.py::Test_print::test_4 PASSED  [ 45%]
tests/test_future/test_libfuturize_fixers.py::Test_print::test_5 PASSED  [ 45%]
tests/test_future/test_libfuturize_fixers.py::Test_print::test_idempotency PASSED [ 45%]
tests/test_future/test_libfuturize_fixers.py::Test_print::test_idempotency_print_as_function PASSED [ 45%]
tests/test_future/test_libfuturize_fixers.py::Test_print::test_no_trailing_comma PASSED [ 45%]
tests/test_future/test_libfuturize_fixers.py::Test_print::test_prefix_preservation PASSED [ 45%]
tests/test_future/test_libfuturize_fixers.py::Test_print::test_spaces_before_file PASSED [ 45%]
tests/test_future/test_libfuturize_fixers.py::Test_print::test_trailing_comma_1 PASSED [ 46%]
tests/test_future/test_libfuturize_fixers.py::Test_print::test_trailing_comma_2 PASSED [ 46%]
tests/test_future/test_libfuturize_fixers.py::Test_print::test_trailing_comma_3 PASSED [ 46%]
tests/test_future/test_libfuturize_fixers.py::Test_print::test_tuple PASSED [ 46%]
tests/test_future/test_libfuturize_fixers.py::Test_print::test_vargs_without_trailing_comma PASSED [ 46%]
tests/test_future/test_libfuturize_fixers.py::Test_print::test_with_future_print_function PASSED [ 46%]
tests/test_future/test_libfuturize_fixers.py::Test_print::test_with_trailing_comma PASSED [ 46%]
tests/test_future/test_libfuturize_fixers.py::Test_raise::test_None_value PASSED [ 46%]
tests/test_future/test_libfuturize_fixers.py::Test_raise::test_basic PASSED [ 46%]
tests/test_future/test_libfuturize_fixers.py::Test_raise::test_prefix_preservation PASSED [ 46%]
tests/test_future/test_libfuturize_fixers.py::Test_raise::test_string_exc PASSED [ 46%]
tests/test_future/test_libfuturize_fixers.py::Test_raise::test_string_exc_val PASSED [ 47%]
tests/test_future/test_libfuturize_fixers.py::Test_raise::test_string_exc_val_tb PASSED [ 47%]
tests/test_future/test_libfuturize_fixers.py::Test_raise::test_tb_1 PASSED [ 47%]
tests/test_future/test_libfuturize_fixers.py::Test_raise::test_tb_2 PASSED [ 47%]
tests/test_future/test_libfuturize_fixers.py::Test_raise::test_tb_3 PASSED [ 47%]
tests/test_future/test_libfuturize_fixers.py::Test_raise::test_tb_4 PASSED [ 47%]
tests/test_future/test_libfuturize_fixers.py::Test_raise::test_tb_5 PASSED [ 47%]
tests/test_future/test_libfuturize_fixers.py::Test_raise::test_tb_6 PASSED [ 47%]
tests/test_future/test_libfuturize_fixers.py::Test_raise::test_tuple_exc_1 PASSED [ 47%]
tests/test_future/test_libfuturize_fixers.py::Test_raise::test_tuple_exc_2 PASSED [ 47%]
tests/test_future/test_libfuturize_fixers.py::Test_raise::test_tuple_value PASSED [ 47%]
tests/test_future/test_libfuturize_fixers.py::Test_raise::test_unknown_value PASSED [ 48%]
tests/test_future/test_libfuturize_fixers.py::Test_raise::test_unknown_value_with_traceback_with_comments PASSED [ 48%]
tests/test_future/test_libfuturize_fixers.py::Test_raise::test_with_comments PASSED [ 48%]
tests/test_future/test_list.py::TestList::test_bool PASSED               [ 48%]
tests/test_future/test_list.py::TestList::test_copy PASSED               [ 48%]
tests/test_future/test_list.py::TestList::test_isinstance_list PASSED    [ 48%]
tests/test_future/test_list.py::TestList::test_isinstance_list_subclass PASSED [ 48%]
tests/test_future/test_list.py::TestList::test_list_clear PASSED         [ 48%]
tests/test_future/test_list.py::TestList::test_list_contains_something PASSED [ 48%]
tests/test_future/test_list.py::TestList::test_list_empty PASSED         [ 48%]
tests/test_future/test_list.py::TestList::test_list_equal PASSED         [ 48%]
tests/test_future/test_list.py::TestList::test_list_getitem PASSED       [ 48%]
tests/test_future/test_list.py::TestList::test_list_index PASSED         [ 49%]
tests/test_future/test_list.py::TestList::test_list_iteration PASSED     [ 49%]
tests/test_future/test_list.py::TestList::test_list_list PASSED          [ 49%]
tests/test_future/test_list.py::TestList::test_list_list2 PASSED         [ 49%]
tests/test_future/test_list.py::TestList::test_list_plus_list PASSED     [ 49%]
tests/test_future/test_list.py::TestList::test_list_setitem PASSED       [ 49%]
tests/test_future/test_list.py::TestList::test_multiple_inheritance PASSED [ 49%]
tests/test_future/test_list.py::TestList::test_slice PASSED              [ 49%]
tests/test_future/test_list.py::TestList::test_subclassing PASSED        [ 49%]
tests/test_future/test_list.py::TestList::test_subclassing_2 PASSED      [ 49%]
tests/test_future/test_list.py::TestList::test_with_metaclass_and_list PASSED [ 49%]
tests/test_future/test_magicsuper.py::TestMagicSuper::test_basic_diamond PASSED [ 50%]
tests/test_future/test_magicsuper.py::TestMagicSuper::test_call_with_args_does_nothing PASSED [ 50%]
tests/test_future/test_magicsuper.py::TestMagicSuper::test_fails_for_oldstyle_class SKIPPED [ 50%]
tests/test_future/test_magicsuper.py::TestMagicSuper::test_fails_for_raw_functions PASSED [ 50%]
tests/test_future/test_magicsuper.py::TestMagicSuper::test_superm SKIPPED [ 50%]
tests/test_future/test_magicsuper.py::TestMagicSuper::test_use_inside_classmethod PASSED [ 50%]
tests/test_future/test_magicsuper.py::TestMagicSuper::test_use_inside_dunder_new PASSED [ 50%]
tests/test_future/test_magicsuper.py::TestMagicSuper::test_with_unrelated_methods PASSED [ 50%]
tests/test_future/test_object.py::TestNewObject::test_bool PASSED        [ 50%]
tests/test_future/test_object.py::TestNewObject::test_bool2 PASSED       [ 50%]
tests/test_future/test_object.py::TestNewObject::test_bool_empty_object PASSED [ 50%]
tests/test_future/test_object.py::TestNewObject::test_cannot_assign_new_attributes_to_object PASSED [ 51%]
tests/test_future/test_object.py::TestNewObject::test_implements_py2_iterator PASSED [ 51%]
tests/test_future/test_object.py::TestNewObject::test_implements_py2_nonzero PASSED [ 51%]
tests/test_future/test_object.py::TestNewObject::test_int_implements_py2_nonzero PASSED [ 51%]
tests/test_future/test_object.py::TestNewObject::test_isinstance_object_subclass PASSED [ 51%]
tests/test_future/test_object.py::TestNewObject::test_long_special_method PASSED [ 51%]
tests/test_future/test_object.py::TestNewObject::test_multiple_inheritance PASSED [ 51%]
tests/test_future/test_object.py::TestNewObject::test_non_iterator PASSED [ 51%]
tests/test_future/test_object.py::TestNewObject::test_object_implements_py2_unicode_method PASSED [ 51%]
tests/test_future/test_object.py::TestNewObject::test_types_isinstance_newobject PASSED [ 51%]
tests/test_future/test_object.py::TestNewObject::test_with_metaclass_and_object PASSED [ 51%]
tests/test_future/test_pasteurize.py::TestPasteurize::test_correct_exit_status PASSED [ 51%]
tests/test_future/test_pasteurize.py::TestPasteurize::test_division PASSED [ 52%]
tests/test_future/test_pasteurize.py::TestPasteurize::test_exception_indentation XFAIL [ 52%]
tests/test_future/test_pasteurize.py::TestPasteurize::test_print PASSED  [ 52%]
tests/test_future/test_pasteurize.py::TestPasteurize::test_range_slice PASSED [ 52%]
tests/test_future/test_pasteurize.py::TestPasteurize::test_urllib_refactor2 PASSED [ 52%]
tests/test_future/test_pasteurize.py::TestPasteurize::test_urllib_request XFAIL [ 52%]
tests/test_future/test_pasteurize.py::TestFuturizeAnnotations::test_functions_unchanged PASSED [ 52%]
tests/test_future/test_pasteurize.py::TestFuturizeAnnotations::test_mixed_annotations PASSED [ 52%]
tests/test_future/test_pasteurize.py::TestFuturizeAnnotations::test_multiple_param_annotations PASSED [ 52%]
tests/test_future/test_pasteurize.py::TestFuturizeAnnotations::test_return_annotations_alone XFAIL [ 52%]
tests/test_future/test_pasteurize.py::TestFuturizeAnnotations::test_single_param_annotations XFAIL [ 52%]
tests/test_future/test_range.py::RangeTests::test_bool_range PASSED      [ 53%]
tests/test_future/test_range.py::RangeTests::test_contains PASSED        [ 53%]
tests/test_future/test_range.py::RangeTests::test_equality_range PASSED  [ 53%]
tests/test_future/test_range.py::RangeTests::test_properties PASSED      [ 53%]
tests/test_future/test_range.py::RangeTests::test_range PASSED           [ 53%]
tests/test_future/test_range.py::RangeTests::test_rev_slice_range PASSED [ 53%]
tests/test_future/test_range.py::RangeTests::test_rev_slice_rev_range PASSED [ 53%]
tests/test_future/test_range.py::RangeTests::test_rev_slice_rev_stepped_range PASSED [ 53%]
tests/test_future/test_range.py::RangeTests::test_rev_slice_stepped_range PASSED [ 53%]
tests/test_future/test_range.py::RangeTests::test_rev_stepped_slice_range PASSED [ 53%]
tests/test_future/test_range.py::RangeTests::test_rev_stepped_slice_rev_range PASSED [ 53%]
tests/test_future/test_range.py::RangeTests::test_rev_stepped_slice_rev_stepped_range PASSED [ 54%]
tests/test_future/test_range.py::RangeTests::test_rev_stepped_slice_stepped_range PASSED [ 54%]
tests/test_future/test_range.py::RangeTests::test_slice_empty_range PASSED [ 54%]
tests/test_future/test_range.py::RangeTests::test_slice_overflow_range PASSED [ 54%]
tests/test_future/test_range.py::RangeTests::test_slice_range PASSED     [ 54%]
tests/test_future/test_range.py::RangeTests::test_slice_rev_range PASSED [ 54%]
tests/test_future/test_range.py::RangeTests::test_slice_rev_stepped_range PASSED [ 54%]
tests/test_future/test_range.py::RangeTests::test_slice_stepped_range PASSED [ 54%]
tests/test_future/test_range.py::RangeTests::test_slice_zero_step PASSED [ 54%]
tests/test_future/test_range.py::RangeTests::test_stepped_slice_range PASSED [ 54%]
tests/test_future/test_range.py::RangeTests::test_stepped_slice_rev_range PASSED [ 54%]
tests/test_future/test_range.py::RangeTests::test_stepped_slice_rev_stepped_range PASSED [ 55%]
tests/test_future/test_range.py::RangeTests::test_stepped_slice_stepped_range PASSED [ 55%]
tests/test_future/test_requests.py::TestRequests::test_remove_hooks_then_requests PASSED [ 55%]
tests/test_future/test_requests.py::TestRequests::test_requests_cm PASSED [ 55%]
tests/test_future/test_standard_library.py::TestStandardLibraryReorganization::test_ChainMap PASSED [ 55%]
tests/test_future/test_standard_library.py::TestStandardLibraryReorganization::test_builtins PASSED [ 55%]
tests/test_future/test_standard_library.py::TestStandardLibraryReorganization::test_bytesio PASSED [ 55%]
tests/test_future/test_standard_library.py::TestStandardLibraryReorganization::test_can_import_several PASSED [ 55%]
tests/test_future/test_standard_library.py::TestStandardLibraryReorganization::test_collections_userstuff PASSED [ 55%]
tests/test_future/test_standard_library.py::TestStandardLibraryReorganization::test_copyreg PASSED [ 55%]
tests/test_future/test_standard_library.py::TestStandardLibraryReorganization::test_detect_hooks PASSED [ 55%]
tests/test_future/test_standard_library.py::TestStandardLibraryReorganization::test_disable_hooks PASSED [ 55%]
tests/test_future/test_standard_library.py::TestStandardLibraryReorganization::test_html_import PASSED [ 56%]
tests/test_future/test_standard_library.py::TestStandardLibraryReorganization::test_http_client_import PASSED [ 56%]
tests/test_future/test_standard_library.py::TestStandardLibraryReorganization::test_import_failure_from_module SKIPPED [ 56%]
tests/test_future/test_standard_library.py::TestStandardLibraryReorganization::test_install_aliases PASSED [ 56%]
tests/test_future/test_standard_library.py::TestStandardLibraryReorganization::test_is_py2_stdlib_module PASSED [ 56%]
tests/test_future/test_standard_library.py::TestStandardLibraryReorganization::test_itertools_filterfalse PASSED [ 56%]
tests/test_future/test_standard_library.py::TestStandardLibraryReorganization::test_itertools_zip_longest PASSED [ 56%]
tests/test_future/test_standard_library.py::TestStandardLibraryReorganization::test_moves_urllib_request_http PASSED [ 56%]
tests/test_future/test_standard_library.py::TestStandardLibraryReorganization::test_old_urllib_import SKIPPED [ 56%]
tests/test_future/test_standard_library.py::TestStandardLibraryReorganization::test_other_http_imports PASSED [ 56%]
tests/test_future/test_standard_library.py::TestStandardLibraryReorganization::test_pickle PASSED [ 56%]
tests/test_future/test_standard_library.py::TestStandardLibraryReorganization::test_profile PASSED [ 57%]
tests/test_future/test_standard_library.py::TestStandardLibraryReorganization::test_queue PASSED [ 57%]
tests/test_future/test_standard_library.py::TestStandardLibraryReorganization::test_reduce PASSED [ 57%]
tests/test_future/test_standard_library.py::TestStandardLibraryReorganization::test_reload PASSED [ 57%]
tests/test_future/test_standard_library.py::TestStandardLibraryReorganization::test_remove_hooks2 PASSED [ 57%]
tests/test_future/test_standard_library.py::TestStandardLibraryReorganization::test_reprlib PASSED [ 57%]
tests/test_future/test_standard_library.py::TestStandardLibraryReorganization::test_socketserver PASSED [ 57%]
tests/test_future/test_standard_library.py::TestStandardLibraryReorganization::test_stringio PASSED [ 57%]
tests/test_future/test_standard_library.py::TestStandardLibraryReorganization::test_suspend_hooks PASSED [ 57%]
tests/test_future/test_standard_library.py::TestStandardLibraryReorganization::test_sys_intern PASSED [ 57%]
tests/test_future/test_standard_library.py::TestStandardLibraryReorganization::test_sys_maxsize PASSED [ 57%]
tests/test_future/test_standard_library.py::TestStandardLibraryReorganization::test_tkinter SKIPPED [ 58%]
tests/test_future/test_standard_library.py::TestStandardLibraryReorganization::test_underscore_prefixed_modules PASSED [ 58%]
tests/test_future/test_standard_library.py::TestStandardLibraryReorganization::test_urllib_imports_cm PASSED [ 58%]
tests/test_future/test_standard_library.py::TestStandardLibraryReorganization::test_urllib_imports_install_aliases PASSED [ 58%]
tests/test_future/test_standard_library.py::TestStandardLibraryReorganization::test_urllib_imports_install_hooks PASSED [ 58%]
tests/test_future/test_standard_library.py::TestStandardLibraryReorganization::test_urllib_imports_moves PASSED [ 58%]
tests/test_future/test_standard_library.py::TestStandardLibraryReorganization::test_urllib_request_http PASSED [ 58%]
tests/test_future/test_standard_library.py::TestStandardLibraryReorganization::test_urllib_request_ssl_redirect SKIPPED [ 58%]
tests/test_future/test_standard_library.py::TestFutureMoves::test_future_moves PASSED [ 58%]
tests/test_future/test_standard_library.py::TestFutureMoves::test_future_moves_dbm PASSED [ 58%]
tests/test_future/test_standard_library.py::TestFutureMoves::test_future_moves_urllib_request PASSED [ 58%]
tests/test_future/test_str.py::TestStr::test_bool_str PASSED             [ 58%]
tests/test_future/test_str.py::TestStr::test_cmp PASSED                  [ 59%]
tests/test_future/test_str.py::TestStr::test_endswith PASSED             [ 59%]
tests/test_future/test_str.py::TestStr::test_eq PASSED                   [ 59%]
tests/test_future/test_str.py::TestStr::test_eq_bytes PASSED             [ 59%]
tests/test_future/test_str.py::TestStr::test_hash PASSED                 [ 59%]
tests/test_future/test_str.py::TestStr::test_isinstance_str PASSED       [ 59%]
tests/test_future/test_str.py::TestStr::test_isinstance_str_subclass PASSED [ 59%]
tests/test_future/test_str.py::TestStr::test_join PASSED                 [ 59%]
tests/test_future/test_str.py::TestStr::test_maketrans_translate PASSED  [ 59%]
tests/test_future/test_str.py::TestStr::test_mul PASSED                  [ 59%]
tests/test_future/test_str.py::TestStr::test_multiple_inheritance PASSED [ 59%]
tests/test_future/test_str.py::TestStr::test_ne PASSED                   [ 60%]
tests/test_future/test_str.py::TestStr::test_os_path_join PASSED         [ 60%]
tests/test_future/test_str.py::TestStr::test_repr PASSED                 [ 60%]
tests/test_future/test_str.py::TestStr::test_rmul PASSED                 [ 60%]
tests/test_future/test_str.py::TestStr::test_rsplit PASSED               [ 60%]
tests/test_future/test_str.py::TestStr::test_slice SKIPPED (Fails on...) [ 60%]
tests/test_future/test_str.py::TestStr::test_split PASSED                [ 60%]
tests/test_future/test_str.py::TestStr::test_startswith PASSED           [ 60%]
tests/test_future/test_str.py::TestStr::test_str PASSED                  [ 60%]
tests/test_future/test_str.py::TestStr::test_str_contains_something PASSED [ 60%]
tests/test_future/test_str.py::TestStr::test_str_empty PASSED            [ 60%]
tests/test_future/test_str.py::TestStr::test_str_encode_cp1251 PASSED    [ 61%]
tests/test_future/test_str.py::TestStr::test_str_encode_decode_big5 PASSED [ 61%]
tests/test_future/test_str.py::TestStr::test_str_encode_decode_with_py2_str_arg PASSED [ 61%]
tests/test_future/test_str.py::TestStr::test_str_encode_utf8 PASSED      [ 61%]
tests/test_future/test_str.py::TestStr::test_str_fromhex PASSED          [ 61%]
tests/test_future/test_str.py::TestStr::test_str_getitem PASSED          [ 61%]
tests/test_future/test_str.py::TestStr::test_str_hasattr_decode PASSED   [ 61%]
tests/test_future/test_str.py::TestStr::test_str_index PASSED            [ 61%]
tests/test_future/test_str.py::TestStr::test_str_is_str PASSED           [ 61%]
tests/test_future/test_str.py::TestStr::test_str_iterable_of_ints PASSED [ 61%]
tests/test_future/test_str.py::TestStr::test_str_iteration PASSED        [ 61%]
tests/test_future/test_str.py::TestStr::test_str_join_bytes PASSED       [ 62%]
tests/test_future/test_str.py::TestStr::test_str_join_staticmethod PASSED [ 62%]
tests/test_future/test_str.py::TestStr::test_str_join_staticmethod_workaround_1 PASSED [ 62%]
tests/test_future/test_str.py::TestStr::test_str_join_staticmethod_workaround_2 PASSED [ 62%]
tests/test_future/test_str.py::TestStr::test_str_join_str PASSED         [ 62%]
tests/test_future/test_str.py::TestStr::test_str_partition PASSED        [ 62%]
tests/test_future/test_str.py::TestStr::test_str_plus_bytes PASSED       [ 62%]
tests/test_future/test_str.py::TestStr::test_str_plus_str PASSED         [ 62%]
tests/test_future/test_str.py::TestStr::test_str_replace PASSED          [ 62%]
tests/test_future/test_str.py::TestStr::test_str_rpartition PASSED       [ 62%]
tests/test_future/test_str.py::TestStr::test_str_setitem PASSED          [ 62%]
tests/test_future/test_str.py::TestStr::test_str_str PASSED              [ 62%]
tests/test_future/test_str.py::TestStr::test_subclassing SKIPPED (Fa...) [ 63%]
tests/test_future/test_str.py::TestStr::test_subclassing_2 PASSED        [ 63%]
tests/test_future/test_str.py::TestStr::test_surrogateescape_encoding PASSED [ 63%]
tests/test_future/test_str.py::TestStr::test_u_literal_creates_newstr_object XFAIL [ 63%]
tests/test_future/test_str.py::TestStr::test_with_metaclass_and_str PASSED [ 63%]
tests/test_future/test_super.py::TestSuper::test___class___classmethod PASSED [ 63%]
tests/test_future/test_super.py::TestSuper::test___class___instancemethod PASSED [ 63%]
tests/test_future/test_super.py::TestSuper::test___class___staticmethod PASSED [ 63%]
tests/test_future/test_super.py::TestSuper::test_basics_working PASSED   [ 63%]
tests/test_future/test_super.py::TestSuper::test_cell_as_self PASSED     [ 63%]
tests/test_future/test_super.py::TestSuper::test_class_getattr_working PASSED [ 63%]
tests/test_future/test_super.py::TestSuper::test_class_methods_still_working PASSED [ 64%]
tests/test_future/test_super.py::TestSuper::test_obscure_super_errors PASSED [ 64%]
tests/test_future/test_super.py::TestSuper::test_properties PASSED       [ 64%]
tests/test_future/test_super.py::TestSuper::test_subclass_no_override_working PASSED [ 64%]
tests/test_future/test_super.py::TestSuper::test_super_in_class_methods_working PASSED [ 64%]
tests/test_future/test_super.py::TestSuper::test_super_with_closure PASSED [ 64%]
tests/test_future/test_super.py::TestSuper::test_unbound_method_transfer_working PASSED [ 64%]
tests/test_future/test_super.py::TestSuperFromTestDescrDotPy::test_classmethods PASSED [ 64%]
tests/test_future/test_super.py::TestSuperFromTestDescrDotPy::test_supers PASSED [ 64%]
tests/test_future/test_surrogateescape.py::TestSurrogateEscape::test_encode_ascii_surrogateescape PASSED [ 64%]
tests/test_future/test_surrogateescape.py::TestSurrogateEscape::test_encode_ascii_surrogateescape_non_newstr PASSED [ 64%]
tests/test_future/test_surrogateescape.py::TestSurrogateEscape::test_encode_ascii_unicode PASSED [ 65%]
tests/test_future/test_surrogateescape.py::TestSurrogateEscape::test_surrogateescape PASSED [ 65%]
tests/test_future/test_surrogateescape.py::SurrogateEscapeTest::test_ascii PASSED [ 65%]
tests/test_future/test_surrogateescape.py::SurrogateEscapeTest::test_charmap PASSED [ 65%]
tests/test_future/test_surrogateescape.py::SurrogateEscapeTest::test_decoding_works_normally PASSED [ 65%]
tests/test_future/test_surrogateescape.py::SurrogateEscapeTest::test_encoding_works_normally PASSED [ 65%]
tests/test_future/test_surrogateescape.py::SurrogateEscapeTest::test_latin1 PASSED [ 65%]
tests/test_future/test_surrogateescape.py::SurrogateEscapeTest::test_utf8 PASSED [ 65%]
tests/test_future/test_urllib.py::urlopen_FileTests::test_close PASSED   [ 65%]
tests/test_future/test_urllib.py::urlopen_FileTests::test_fileno PASSED  [ 65%]
tests/test_future/test_urllib.py::urlopen_FileTests::test_getcode PASSED [ 65%]
tests/test_future/test_urllib.py::urlopen_FileTests::test_geturl PASSED  [ 65%]
tests/test_future/test_urllib.py::urlopen_FileTests::test_info PASSED    [ 66%]
tests/test_future/test_urllib.py::urlopen_FileTests::test_interface PASSED [ 66%]
tests/test_future/test_urllib.py::urlopen_FileTests::test_iter PASSED    [ 66%]
tests/test_future/test_urllib.py::urlopen_FileTests::test_read PASSED    [ 66%]
tests/test_future/test_urllib.py::urlopen_FileTests::test_readline PASSED [ 66%]
tests/test_future/test_urllib.py::urlopen_FileTests::test_readlines PASSED [ 66%]
tests/test_future/test_urllib.py::urlopen_FileTests::test_relativelocalfile PASSED [ 66%]
tests/test_future/test_urllib.py::ProxyTests::test_getproxies_environment_keep_no_proxies PASSED [ 66%]
tests/test_future/test_urllib.py::urlopen_HttpTests::test_URLopener_deprecation PASSED [ 66%]
tests/test_future/test_urllib.py::urlopen_HttpTests::test_empty_socket PASSED [ 66%]
tests/test_future/test_urllib.py::urlopen_HttpTests::test_file_notexists FAILED [ 66%]
tests/test_future/test_urllib.py::urlopen_HttpTests::test_ftp_nohost PASSED [ 67%]
tests/test_future/test_urllib.py::urlopen_HttpTests::test_ftp_nonexisting PASSED [ 67%]
tests/test_future/test_urllib.py::urlopen_HttpTests::test_invalid_redirect PASSED [ 67%]
tests/test_future/test_urllib.py::urlopen_HttpTests::test_missing_localfile PASSED [ 67%]
tests/test_future/test_urllib.py::urlopen_HttpTests::test_read_0_9 PASSED [ 67%]
tests/test_future/test_urllib.py::urlopen_HttpTests::test_read_1_0 PASSED [ 67%]
tests/test_future/test_urllib.py::urlopen_HttpTests::test_read_1_1 PASSED [ 67%]
tests/test_future/test_urllib.py::urlopen_HttpTests::test_read_bogus PASSED [ 67%]
tests/test_future/test_urllib.py::urlopen_HttpTests::test_url_fragment PASSED [ 67%]
tests/test_future/test_urllib.py::urlopen_HttpTests::test_userpass_inurl PASSED [ 67%]
tests/test_future/test_urllib.py::urlopen_HttpTests::test_userpass_inurl_w_spaces PASSED [ 67%]
tests/test_future/test_urllib.py::urlopen_HttpTests::test_willclose PASSED [ 68%]
tests/test_future/test_urllib.py::urlretrieve_FileTests::test_basic PASSED [ 68%]
tests/test_future/test_urllib.py::urlretrieve_FileTests::test_copy PASSED [ 68%]
tests/test_future/test_urllib.py::urlretrieve_FileTests::test_reporthook PASSED [ 68%]
tests/test_future/test_urllib.py::urlretrieve_FileTests::test_reporthook_0_bytes PASSED [ 68%]
tests/test_future/test_urllib.py::urlretrieve_FileTests::test_reporthook_5_bytes PASSED [ 68%]
tests/test_future/test_urllib.py::urlretrieve_FileTests::test_reporthook_8193_bytes PASSED [ 68%]
tests/test_future/test_urllib.py::urlretrieve_HttpTests::test_short_content_raises_ContentTooShortError PASSED [ 68%]
tests/test_future/test_urllib.py::urlretrieve_HttpTests::test_short_content_raises_ContentTooShortError_without_reporthook PASSED [ 68%]
tests/test_future/test_urllib.py::QuotingTests::test_default_quoting PASSED [ 68%]
tests/test_future/test_urllib.py::QuotingTests::test_default_safe PASSED [ 68%]
tests/test_future/test_urllib.py::QuotingTests::test_never_quote PASSED  [ 68%]
tests/test_future/test_urllib.py::QuotingTests::test_quote_bytes PASSED  [ 69%]
tests/test_future/test_urllib.py::QuotingTests::test_quote_plus_with_unicode PASSED [ 69%]
tests/test_future/test_urllib.py::QuotingTests::test_quote_with_unicode PASSED [ 69%]
tests/test_future/test_urllib.py::QuotingTests::test_quoting_plus PASSED [ 69%]
tests/test_future/test_urllib.py::QuotingTests::test_quoting_space PASSED [ 69%]
tests/test_future/test_urllib.py::QuotingTests::test_safe PASSED         [ 69%]
tests/test_future/test_urllib.py::UnquotingTests::test_unquote_to_bytes PASSED [ 69%]
tests/test_future/test_urllib.py::UnquotingTests::test_unquote_with_unicode PASSED [ 69%]
tests/test_future/test_urllib.py::UnquotingTests::test_unquoting PASSED  [ 69%]
tests/test_future/test_urllib.py::UnquotingTests::test_unquoting_badpercent PASSED [ 69%]
tests/test_future/test_urllib.py::UnquotingTests::test_unquoting_mixed_case PASSED [ 69%]
tests/test_future/test_urllib.py::UnquotingTests::test_unquoting_parts PASSED [ 70%]
tests/test_future/test_urllib.py::UnquotingTests::test_unquoting_plus PASSED [ 70%]
tests/test_future/test_urllib.py::urlencode_Tests::test_doseq PASSED     [ 70%]
tests/test_future/test_urllib.py::urlencode_Tests::test_empty_sequence PASSED [ 70%]
tests/test_future/test_urllib.py::urlencode_Tests::test_nonstring_seq_values PASSED [ 70%]
tests/test_future/test_urllib.py::urlencode_Tests::test_nonstring_values PASSED [ 70%]
tests/test_future/test_urllib.py::urlencode_Tests::test_quoting PASSED   [ 70%]
tests/test_future/test_urllib.py::urlencode_Tests::test_urlencode_bytes PASSED [ 70%]
tests/test_future/test_urllib.py::urlencode_Tests::test_urlencode_encoding PASSED [ 70%]
tests/test_future/test_urllib.py::urlencode_Tests::test_urlencode_encoding_doseq PASSED [ 70%]
tests/test_future/test_urllib.py::urlencode_Tests::test_urlencode_encoding_safe_parameter PASSED [ 70%]
tests/test_future/test_urllib.py::urlencode_Tests::test_using_mapping PASSED [ 71%]
tests/test_future/test_urllib.py::urlencode_Tests::test_using_sequence PASSED [ 71%]
tests/test_future/test_urllib.py::Pathname_Tests::test_basic PASSED      [ 71%]
tests/test_future/test_urllib.py::Pathname_Tests::test_ntpath SKIPPED    [ 71%]
tests/test_future/test_urllib.py::Pathname_Tests::test_quoting PASSED    [ 71%]
tests/test_future/test_urllib.py::Utility_Tests::test_splitpasswd PASSED [ 71%]
tests/test_future/test_urllib.py::Utility_Tests::test_thishost FAILED    [ 71%]
tests/test_future/test_urllib.py::URLopener_Tests::test_quoted_open PASSED [ 71%]
tests/test_future/test_urllib.py::RequestTests::test_default_values PASSED [ 71%]
tests/test_future/test_urllib.py::RequestTests::test_with_method_arg PASSED [ 71%]
tests/test_future/test_urllib.py::URL2PathNameTests::test_converting_drive_letter PASSED [ 71%]
tests/test_future/test_urllib.py::URL2PathNameTests::test_converting_when_no_drive_letter PASSED [ 72%]
tests/test_future/test_urllib.py::URL2PathNameTests::test_non_ascii_drive_letter PASSED [ 72%]
tests/test_future/test_urllib.py::URL2PathNameTests::test_roundtrip_url2pathname PASSED [ 72%]
tests/test_future/test_urllib.py::URL2PathNameTests::test_simple_compare PASSED [ 72%]
tests/test_future/test_urllib.py::PathName2URLTests::test_converting_drive_letter PASSED [ 72%]
tests/test_future/test_urllib.py::PathName2URLTests::test_converting_when_no_drive_letter PASSED [ 72%]
tests/test_future/test_urllib.py::PathName2URLTests::test_long_drive_letter PASSED [ 72%]
tests/test_future/test_urllib.py::PathName2URLTests::test_roundtrip_pathname2url PASSED [ 72%]
tests/test_future/test_urllib.py::PathName2URLTests::test_simple_compare PASSED [ 72%]
tests/test_future/test_urllib2.py::TrivialTests::test_URLError_reasonstr PASSED [ 72%]
tests/test_future/test_urllib2.py::TrivialTests::test___all__ PASSED     [ 72%]
tests/test_future/test_urllib2.py::TrivialTests::test_parse_http_list PASSED [ 72%]
tests/test_future/test_urllib2.py::TrivialTests::test_trivial PASSED     [ 73%]
tests/test_future/test_urllib2.py::RequestHdrsTests::test_password_manager PASSED [ 73%]
tests/test_future/test_urllib2.py::RequestHdrsTests::test_password_manager_default_port PASSED [ 73%]
tests/test_future/test_urllib2.py::RequestHdrsTests::test_request_headers_dict PASSED [ 73%]
tests/test_future/test_urllib2.py::RequestHdrsTests::test_request_headers_methods PASSED [ 73%]
tests/test_future/test_urllib2.py::OpenerDirectorTests::test_add_non_handler PASSED [ 73%]
tests/test_future/test_urllib2.py::OpenerDirectorTests::test_badly_named_methods PASSED [ 73%]
tests/test_future/test_urllib2.py::OpenerDirectorTests::test_handled PASSED [ 73%]
tests/test_future/test_urllib2.py::OpenerDirectorTests::test_handler_order PASSED [ 73%]
tests/test_future/test_urllib2.py::OpenerDirectorTests::test_http_error PASSED [ 73%]
tests/test_future/test_urllib2.py::OpenerDirectorTests::test_method_deprecations PASSED [ 73%]
tests/test_future/test_urllib2.py::OpenerDirectorTests::test_processors PASSED [ 74%]
tests/test_future/test_urllib2.py::OpenerDirectorTests::test_raise PASSED [ 74%]
tests/test_future/test_urllib2.py::HandlerTests::test_basic_and_digest_auth_handlers PASSED [ 74%]
tests/test_future/test_urllib2.py::HandlerTests::test_basic_auth PASSED  [ 74%]
tests/test_future/test_urllib2.py::HandlerTests::test_basic_auth_with_single_quoted_realm PASSED [ 74%]
tests/test_future/test_urllib2.py::HandlerTests::test_basic_auth_with_unquoted_realm PASSED [ 74%]
tests/test_future/test_urllib2.py::HandlerTests::test_cookie_redirect PASSED [ 74%]
tests/test_future/test_urllib2.py::HandlerTests::test_cookies PASSED     [ 74%]
tests/test_future/test_urllib2.py::HandlerTests::test_errors PASSED      [ 74%]
tests/test_future/test_urllib2.py::HandlerTests::test_file FAILED        [ 74%]
tests/test_future/test_urllib2.py::HandlerTests::test_fixpath_in_weirdurls PASSED [ 74%]
tests/test_future/test_urllib2.py::HandlerTests::test_ftp FAILED         [ 75%]
tests/test_future/test_urllib2.py::HandlerTests::test_http PASSED        [ 75%]
tests/test_future/test_urllib2.py::HandlerTests::test_http_doubleslash PASSED [ 75%]
tests/test_future/test_urllib2.py::HandlerTests::test_invalid_redirect PASSED [ 75%]
tests/test_future/test_urllib2.py::HandlerTests::test_osx_proxy_bypass SKIPPED [ 75%]
tests/test_future/test_urllib2.py::HandlerTests::test_proxy PASSED       [ 75%]
tests/test_future/test_urllib2.py::HandlerTests::test_proxy_basic_auth PASSED [ 75%]
tests/test_future/test_urllib2.py::HandlerTests::test_proxy_https PASSED [ 75%]
tests/test_future/test_urllib2.py::HandlerTests::test_proxy_https_proxy_authorization PASSED [ 75%]
tests/test_future/test_urllib2.py::HandlerTests::test_proxy_no_proxy PASSED [ 75%]
tests/test_future/test_urllib2.py::HandlerTests::test_proxy_no_proxy_all PASSED [ 75%]
tests/test_future/test_urllib2.py::HandlerTests::test_redirect PASSED    [ 75%]
tests/test_future/test_urllib2.py::HandlerTests::test_redirect_fragment PASSED [ 76%]
tests/test_future/test_urllib2.py::HandlerTests::test_relative_redirect PASSED [ 76%]
tests/test_future/test_urllib2.py::HandlerTests::test_unsupported_auth_basic_handler PASSED [ 76%]
tests/test_future/test_urllib2.py::HandlerTests::test_unsupported_auth_digest_handler PASSED [ 76%]
tests/test_future/test_urllib2.py::MiscTests::test_HTTPError_interface PASSED [ 76%]
tests/test_future/test_urllib2.py::MiscTests::test_build_opener PASSED   [ 76%]
tests/test_future/test_urllib2.py::RequestTests::test_HTTPError_interface_call PASSED [ 76%]
tests/test_future/test_urllib2.py::RequestTests::test_data PASSED        [ 76%]
tests/test_future/test_urllib2.py::RequestTests::test_get_full_url PASSED [ 76%]
tests/test_future/test_urllib2.py::RequestTests::test_get_host PASSED    [ 76%]
tests/test_future/test_urllib2.py::RequestTests::test_get_host_unquote PASSED [ 76%]
tests/test_future/test_urllib2.py::RequestTests::test_get_type PASSED    [ 77%]
tests/test_future/test_urllib2.py::RequestTests::test_method PASSED      [ 77%]
tests/test_future/test_urllib2.py::RequestTests::test_proxy PASSED       [ 77%]
tests/test_future/test_urllib2.py::RequestTests::test_selector PASSED    [ 77%]
tests/test_future/test_urllib2.py::RequestTests::test_url_fragment PASSED [ 77%]
tests/test_future/test_urllib2.py::RequestTests::test_wrapped_url PASSED [ 77%]
tests/test_future/test_urllib2.py::test_main FAILED                      [ 77%]
tests/test_future/test_urllib_response.py::Testaddbase::test_with PASSED [ 77%]
tests/test_future/test_urllib_toplevel.py::urlopen_FileTests::test_close FAILED [ 77%]
tests/test_future/test_urllib_toplevel.py::urlopen_FileTests::test_fileno FAILED [ 77%]
tests/test_future/test_urllib_toplevel.py::urlopen_FileTests::test_getcode FAILED [ 77%]
tests/test_future/test_urllib_toplevel.py::urlopen_FileTests::test_geturl FAILED [ 78%]
tests/test_future/test_urllib_toplevel.py::urlopen_FileTests::test_info FAILED [ 78%]
tests/test_future/test_urllib_toplevel.py::urlopen_FileTests::test_interface FAILED [ 78%]
tests/test_future/test_urllib_toplevel.py::urlopen_FileTests::test_iter FAILED [ 78%]
tests/test_future/test_urllib_toplevel.py::urlopen_FileTests::test_read FAILED [ 78%]
tests/test_future/test_urllib_toplevel.py::urlopen_FileTests::test_readline FAILED [ 78%]
tests/test_future/test_urllib_toplevel.py::urlopen_FileTests::test_readlines FAILED [ 78%]
tests/test_future/test_urllib_toplevel.py::urlopen_FileTests::test_relativelocalfile FAILED [ 78%]
tests/test_future/test_urllib_toplevel.py::ProxyTests::test_getproxies_environment_keep_no_proxies FAILED [ 78%]
tests/test_future/test_urllib_toplevel.py::urlopen_HttpTests::test_URLopener_deprecation FAILED [ 78%]
tests/test_future/test_urllib_toplevel.py::urlopen_HttpTests::test_empty_socket FAILED [ 78%]
tests/test_future/test_urllib_toplevel.py::urlopen_HttpTests::test_file_notexists FAILED [ 79%]
tests/test_future/test_urllib_toplevel.py::urlopen_HttpTests::test_ftp_nohost FAILED [ 79%]
tests/test_future/test_urllib_toplevel.py::urlopen_HttpTests::test_ftp_nonexisting FAILED [ 79%]
tests/test_future/test_urllib_toplevel.py::urlopen_HttpTests::test_invalid_redirect SKIPPED [ 79%]
tests/test_future/test_urllib_toplevel.py::urlopen_HttpTests::test_missing_localfile FAILED [ 79%]
tests/test_future/test_urllib_toplevel.py::urlopen_HttpTests::test_read_0_9 FAILED [ 79%]
tests/test_future/test_urllib_toplevel.py::urlopen_HttpTests::test_read_1_0 FAILED [ 79%]
tests/test_future/test_urllib_toplevel.py::urlopen_HttpTests::test_read_1_1 FAILED [ 79%]
tests/test_future/test_urllib_toplevel.py::urlopen_HttpTests::test_read_bogus FAILED [ 79%]
tests/test_future/test_urllib_toplevel.py::urlopen_HttpTests::test_url_fragment SKIPPED [ 79%]
tests/test_future/test_urllib_toplevel.py::urlopen_HttpTests::test_userpass_inurl FAILED [ 79%]
tests/test_future/test_urllib_toplevel.py::urlopen_HttpTests::test_userpass_inurl_w_spaces FAILED [ 79%]
tests/test_future/test_urllib_toplevel.py::urlopen_HttpTests::test_willclose SKIPPED [ 80%]
tests/test_future/test_urllib_toplevel.py::urlretrieve_FileTests::test_basic FAILED [ 80%]
tests/test_future/test_urllib_toplevel.py::urlretrieve_FileTests::test_copy FAILED [ 80%]
tests/test_future/test_urllib_toplevel.py::urlretrieve_FileTests::test_reporthook FAILED [ 80%]
tests/test_future/test_urllib_toplevel.py::urlretrieve_FileTests::test_reporthook_0_bytes FAILED [ 80%]
tests/test_future/test_urllib_toplevel.py::urlretrieve_FileTests::test_reporthook_5_bytes FAILED [ 80%]
tests/test_future/test_urllib_toplevel.py::urlretrieve_FileTests::test_reporthook_8193_bytes FAILED [ 80%]
tests/test_future/test_urllib_toplevel.py::urlretrieve_HttpTests::test_short_content_raises_ContentTooShortError PASSED [ 80%]
tests/test_future/test_urllib_toplevel.py::urlretrieve_HttpTests::test_short_content_raises_ContentTooShortError_without_reporthook PASSED [ 80%]
tests/test_future/test_urllib_toplevel.py::QuotingTests::test_default_quoting PASSED [ 80%]
tests/test_future/test_urllib_toplevel.py::QuotingTests::test_default_safe PASSED [ 80%]
tests/test_future/test_urllib_toplevel.py::QuotingTests::test_never_quote PASSED [ 81%]
tests/test_future/test_urllib_toplevel.py::QuotingTests::test_quote_bytes PASSED [ 81%]
tests/test_future/test_urllib_toplevel.py::QuotingTests::test_quote_plus_with_unicode PASSED [ 81%]
tests/test_future/test_urllib_toplevel.py::QuotingTests::test_quote_with_unicode PASSED [ 81%]
tests/test_future/test_urllib_toplevel.py::QuotingTests::test_quoting_plus PASSED [ 81%]
tests/test_future/test_urllib_toplevel.py::QuotingTests::test_quoting_space PASSED [ 81%]
tests/test_future/test_urllib_toplevel.py::QuotingTests::test_safe PASSED [ 81%]
tests/test_future/test_urllib_toplevel.py::UnquotingTests::test_unquote_to_bytes PASSED [ 81%]
tests/test_future/test_urllib_toplevel.py::UnquotingTests::test_unquote_with_unicode PASSED [ 81%]
tests/test_future/test_urllib_toplevel.py::UnquotingTests::test_unquoting FAILED [ 81%]
tests/test_future/test_urllib_toplevel.py::UnquotingTests::test_unquoting_badpercent PASSED [ 81%]
tests/test_future/test_urllib_toplevel.py::UnquotingTests::test_unquoting_mixed_case PASSED [ 82%]
tests/test_future/test_urllib_toplevel.py::UnquotingTests::test_unquoting_parts PASSED [ 82%]
tests/test_future/test_urllib_toplevel.py::UnquotingTests::test_unquoting_plus PASSED [ 82%]
tests/test_future/test_urllib_toplevel.py::urlencode_Tests::test_doseq PASSED [ 82%]
tests/test_future/test_urllib_toplevel.py::urlencode_Tests::test_empty_sequence PASSED [ 82%]
tests/test_future/test_urllib_toplevel.py::urlencode_Tests::test_nonstring_seq_values PASSED [ 82%]
tests/test_future/test_urllib_toplevel.py::urlencode_Tests::test_nonstring_values PASSED [ 82%]
tests/test_future/test_urllib_toplevel.py::urlencode_Tests::test_quoting PASSED [ 82%]
tests/test_future/test_urllib_toplevel.py::urlencode_Tests::test_urlencode_bytes PASSED [ 82%]
tests/test_future/test_urllib_toplevel.py::urlencode_Tests::test_urlencode_encoding PASSED [ 82%]
tests/test_future/test_urllib_toplevel.py::urlencode_Tests::test_urlencode_encoding_doseq PASSED [ 82%]
tests/test_future/test_urllib_toplevel.py::urlencode_Tests::test_urlencode_encoding_safe_parameter PASSED [ 82%]
tests/test_future/test_urllib_toplevel.py::urlencode_Tests::test_using_mapping PASSED [ 83%]
tests/test_future/test_urllib_toplevel.py::urlencode_Tests::test_using_sequence PASSED [ 83%]
tests/test_future/test_urllib_toplevel.py::Pathname_Tests::test_basic PASSED [ 83%]
tests/test_future/test_urllib_toplevel.py::Pathname_Tests::test_ntpath SKIPPED [ 83%]
tests/test_future/test_urllib_toplevel.py::Pathname_Tests::test_quoting PASSED [ 83%]
tests/test_future/test_urllib_toplevel.py::Utility_Tests::test_splitpasswd PASSED [ 83%]
tests/test_future/test_urllib_toplevel.py::Utility_Tests::test_thishost FAILED [ 83%]
tests/test_future/test_urllib_toplevel.py::URLopener_Tests::test_quoted_open FAILED [ 83%]
tests/test_future/test_urllib_toplevel.py::RequestTests::test_default_values PASSED [ 83%]
tests/test_future/test_urllib_toplevel.py::RequestTests::test_with_method_arg PASSED [ 83%]
tests/test_future/test_urllib_toplevel.py::URL2PathNameTests::test_converting_drive_letter PASSED [ 83%]
tests/test_future/test_urllib_toplevel.py::URL2PathNameTests::test_converting_when_no_drive_letter PASSED [ 84%]
tests/test_future/test_urllib_toplevel.py::URL2PathNameTests::test_non_ascii_drive_letter PASSED [ 84%]
tests/test_future/test_urllib_toplevel.py::URL2PathNameTests::test_roundtrip_url2pathname PASSED [ 84%]
tests/test_future/test_urllib_toplevel.py::URL2PathNameTests::test_simple_compare PASSED [ 84%]
tests/test_future/test_urllib_toplevel.py::PathName2URLTests::test_converting_drive_letter PASSED [ 84%]
tests/test_future/test_urllib_toplevel.py::PathName2URLTests::test_converting_when_no_drive_letter PASSED [ 84%]
tests/test_future/test_urllib_toplevel.py::PathName2URLTests::test_long_drive_letter PASSED [ 84%]
tests/test_future/test_urllib_toplevel.py::PathName2URLTests::test_roundtrip_pathname2url PASSED [ 84%]
tests/test_future/test_urllib_toplevel.py::PathName2URLTests::test_simple_compare PASSED [ 84%]
tests/test_future/test_urllibnet.py::URLTimeoutTest::testURLread PASSED  [ 84%]
tests/test_future/test_urllibnet.py::urlopenNetworkTests::test_bad_address PASSED [ 84%]
tests/test_future/test_urllibnet.py::urlopenNetworkTests::test_basic PASSED [ 85%]
tests/test_future/test_urllibnet.py::urlopenNetworkTests::test_fileno SKIPPED [ 85%]
tests/test_future/test_urllibnet.py::urlopenNetworkTests::test_getcode PASSED [ 85%]
tests/test_future/test_urllibnet.py::urlopenNetworkTests::test_geturl PASSED [ 85%]
tests/test_future/test_urllibnet.py::urlopenNetworkTests::test_info PASSED [ 85%]
tests/test_future/test_urllibnet.py::urlopenNetworkTests::test_readlines PASSED [ 85%]
tests/test_future/test_urllibnet.py::urlretrieveNetworkTests::test_basic PASSED [ 85%]
tests/test_future/test_urllibnet.py::urlretrieveNetworkTests::test_data_header PASSED [ 85%]
tests/test_future/test_urllibnet.py::urlretrieveNetworkTests::test_header PASSED [ 85%]
tests/test_future/test_urllibnet.py::urlretrieveNetworkTests::test_reporthook PASSED [ 85%]
tests/test_future/test_urllibnet.py::urlretrieveNetworkTests::test_specified_path PASSED [ 85%]
tests/test_future/test_urllibnet.py::test_main PASSED                    [ 86%]
tests/test_future/test_urlparse.py::UrlParseTestCase::test_RFC1808 PASSED [ 86%]
tests/test_future/test_urlparse.py::UrlParseTestCase::test_RFC2368 PASSED [ 86%]
tests/test_future/test_urlparse.py::UrlParseTestCase::test_RFC2396 PASSED [ 86%]
tests/test_future/test_urlparse.py::UrlParseTestCase::test_RFC2732 PASSED [ 86%]
tests/test_future/test_urlparse.py::UrlParseTestCase::test_RFC3986 PASSED [ 86%]
tests/test_future/test_urlparse.py::UrlParseTestCase::test_anyscheme PASSED [ 86%]
tests/test_future/test_urlparse.py::UrlParseTestCase::test_attributes_bad_port PASSED [ 86%]
tests/test_future/test_urlparse.py::UrlParseTestCase::test_attributes_without_netloc PASSED [ 86%]
tests/test_future/test_urlparse.py::UrlParseTestCase::test_http_roundtrips PASSED [ 86%]
tests/test_future/test_urlparse.py::UrlParseTestCase::test_issue14072 PASSED [ 86%]
tests/test_future/test_urlparse.py::UrlParseTestCase::test_mixed_types_rejected PASSED [ 86%]
tests/test_future/test_urlparse.py::UrlParseTestCase::test_noslash PASSED [ 87%]
tests/test_future/test_urlparse.py::UrlParseTestCase::test_parse_qs_encoding PASSED [ 87%]
tests/test_future/test_urlparse.py::UrlParseTestCase::test_parse_qsl_encoding PASSED [ 87%]
tests/test_future/test_urlparse.py::UrlParseTestCase::test_portseparator PASSED [ 87%]
tests/test_future/test_urlparse.py::UrlParseTestCase::test_qsl PASSED    [ 87%]
tests/test_future/test_urlparse.py::UrlParseTestCase::test_quote_errors PASSED [ 87%]
tests/test_future/test_urlparse.py::UrlParseTestCase::test_quote_from_bytes PASSED [ 87%]
tests/test_future/test_urlparse.py::UrlParseTestCase::test_result_pairs PASSED [ 87%]
tests/test_future/test_urlparse.py::UrlParseTestCase::test_roundtrips PASSED [ 87%]
tests/test_future/test_urlparse.py::UrlParseTestCase::test_splitnport PASSED [ 87%]
tests/test_future/test_urlparse.py::UrlParseTestCase::test_splitquery PASSED [ 87%]
tests/test_future/test_urlparse.py::UrlParseTestCase::test_splitvalue PASSED [ 88%]
tests/test_future/test_urlparse.py::UrlParseTestCase::test_telurl_params PASSED [ 88%]
tests/test_future/test_urlparse.py::UrlParseTestCase::test_to_bytes PASSED [ 88%]
tests/test_future/test_urlparse.py::UrlParseTestCase::test_unparse_parse PASSED [ 88%]
tests/test_future/test_urlparse.py::UrlParseTestCase::test_unquote_to_bytes PASSED [ 88%]
tests/test_future/test_urlparse.py::UrlParseTestCase::test_urldefrag PASSED [ 88%]
tests/test_future/test_urlparse.py::UrlParseTestCase::test_urlencode_sequences PASSED [ 88%]
tests/test_future/test_urlparse.py::UrlParseTestCase::test_urljoins PASSED [ 88%]
tests/test_future/test_urlparse.py::UrlParseTestCase::test_urlsplit_attributes PASSED [ 88%]
tests/test_future/test_urlparse.py::UrlParseTestCase::test_usingsys PASSED [ 88%]
tests/test_future/test_urlparse.py::UrlParseTestCase::test_withoutscheme PASSED [ 88%]
tests/test_future/test_utils.py::TestUtils::test_as_native_str PASSED    [ 89%]
tests/test_future/test_utils.py::TestUtils::test_bytes_to_native_str PASSED [ 89%]
tests/test_future/test_utils.py::TestUtils::test_ensure_new_type PASSED  [ 89%]
tests/test_future/test_utils.py::TestUtils::test_isbytes PASSED          [ 89%]
tests/test_future/test_utils.py::TestUtils::test_issue_235 PASSED        [ 89%]
tests/test_future/test_utils.py::TestUtils::test_istext PASSED           [ 89%]
tests/test_future/test_utils.py::TestUtils::test_native PASSED           [ 89%]
tests/test_future/test_utils.py::TestUtils::test_native_str PASSED       [ 89%]
tests/test_future/test_utils.py::TestUtils::test_old_div PASSED          [ 89%]
tests/test_future/test_utils.py::TestUtils::test_raise_ PASSED           [ 89%]
tests/test_future/test_utils.py::TestUtils::test_raise_custom_exception PASSED [ 89%]
tests/test_future/test_utils.py::TestUtils::test_raise_from_None PASSED  [ 89%]
tests/test_future/test_utils.py::TestCause::testCauseSyntax PASSED       [ 90%]
tests/test_future/test_utils.py::TestCause::test_class_cause PASSED      [ 90%]
tests/test_future/test_utils.py::TestCause::test_erroneous_cause PASSED  [ 90%]
tests/test_future/test_utils.py::TestCause::test_instance_cause PASSED   [ 90%]
tests/test_future/test_utils.py::TestCause::test_invalid_cause PASSED    [ 90%]
tests/test_future/test_utils.py::TestCause::test_normal_use PASSED       [ 90%]
tests/test_future/test_utils.py::TestCause::test_single_exception_stacktrace PASSED [ 90%]
tests/test_past/test_basestring.py::TestBaseString::test_isinstance PASSED [ 90%]
tests/test_past/test_builtins.py::BuiltinTest::test_abs PASSED           [ 90%]
tests/test_past/test_builtins.py::BuiltinTest::test_all PASSED           [ 90%]
tests/test_past/test_builtins.py::BuiltinTest::test_any PASSED           [ 90%]
tests/test_past/test_builtins.py::BuiltinTest::test_apply XFAIL          [ 91%]
tests/test_past/test_builtins.py::BuiltinTest::test_basestring PASSED    [ 91%]
tests/test_past/test_builtins.py::BuiltinTest::test_bin PASSED           [ 91%]
tests/test_past/test_builtins.py::BuiltinTest::test_bytearray_translate XFAIL [ 91%]
tests/test_past/test_builtins.py::BuiltinTest::test_callable XFAIL       [ 91%]
tests/test_past/test_builtins.py::BuiltinTest::test_chr XFAIL            [ 91%]
tests/test_past/test_builtins.py::BuiltinTest::test_cmp XFAIL            [ 91%]
tests/test_past/test_builtins.py::BuiltinTest::test_coerce XFAIL         [ 91%]
tests/test_past/test_builtins.py::BuiltinTest::test_compile XFAIL        [ 91%]
tests/test_past/test_builtins.py::BuiltinTest::test_delattr PASSED       [ 91%]
tests/test_past/test_builtins.py::BuiltinTest::test_dir PASSED           [ 91%]
tests/test_past/test_builtins.py::BuiltinTest::test_divmod PASSED        [ 92%]
tests/test_past/test_builtins.py::BuiltinTest::test_eval XFAIL           [ 92%]
tests/test_past/test_builtins.py::BuiltinTest::test_execfile PASSED      [ 92%]
tests/test_past/test_builtins.py::BuiltinTest::test_filter XFAIL         [ 92%]
tests/test_past/test_builtins.py::BuiltinTest::test_filter_subclasses XFAIL [ 92%]
tests/test_past/test_builtins.py::BuiltinTest::test_format XFAIL         [ 92%]
tests/test_past/test_builtins.py::BuiltinTest::test_general_eval XFAIL   [ 92%]
tests/test_past/test_builtins.py::BuiltinTest::test_getattr XFAIL        [ 92%]
tests/test_past/test_builtins.py::BuiltinTest::test_hasattr XFAIL        [ 92%]
tests/test_past/test_builtins.py::BuiltinTest::test_hash PASSED          [ 92%]
tests/test_past/test_builtins.py::BuiltinTest::test_hex PASSED           [ 92%]
tests/test_past/test_builtins.py::BuiltinTest::test_id PASSED            [ 93%]
tests/test_past/test_builtins.py::BuiltinTest::test_import PASSED        [ 93%]
tests/test_past/test_builtins.py::BuiltinTest::test_input_and_raw_input XFAIL [ 93%]
tests/test_past/test_builtins.py::BuiltinTest::test_intern XFAIL         [ 93%]
tests/test_past/test_builtins.py::BuiltinTest::test_isinstance PASSED    [ 93%]
tests/test_past/test_builtins.py::BuiltinTest::test_issubclass PASSED    [ 93%]
tests/test_past/test_builtins.py::BuiltinTest::test_iter XFAIL           [ 93%]
tests/test_past/test_builtins.py::BuiltinTest::test_len XFAIL            [ 93%]
tests/test_past/test_builtins.py::BuiltinTest::test_map PASSED           [ 93%]
tests/test_past/test_builtins.py::BuiltinTest::test_max PASSED           [ 93%]
tests/test_past/test_builtins.py::BuiltinTest::test_min XFAIL            [ 93%]
tests/test_past/test_builtins.py::BuiltinTest::test_neg PASSED           [ 93%]
tests/test_past/test_builtins.py::BuiltinTest::test_next XFAIL           [ 94%]
tests/test_past/test_builtins.py::BuiltinTest::test_oct XFAIL            [ 94%]
tests/test_past/test_builtins.py::BuiltinTest::test_open PASSED          [ 94%]
tests/test_past/test_builtins.py::BuiltinTest::test_ord XFAIL            [ 94%]
tests/test_past/test_builtins.py::BuiltinTest::test_pow XFAIL            [ 94%]
tests/test_past/test_builtins.py::BuiltinTest::test_range XFAIL          [ 94%]
tests/test_past/test_builtins.py::BuiltinTest::test_reduce PASSED        [ 94%]
tests/test_past/test_builtins.py::BuiltinTest::test_reload PASSED        [ 94%]
tests/test_past/test_builtins.py::BuiltinTest::test_repr PASSED          [ 94%]
tests/test_past/test_builtins.py::BuiltinTest::test_round XFAIL          [ 94%]
tests/test_past/test_builtins.py::BuiltinTest::test_round_large PASSED   [ 94%]
tests/test_past/test_builtins.py::BuiltinTest::test_setattr PASSED       [ 95%]
tests/test_past/test_builtins.py::BuiltinTest::test_sum PASSED           [ 95%]
tests/test_past/test_builtins.py::BuiltinTest::test_type PASSED          [ 95%]
tests/test_past/test_builtins.py::BuiltinTest::test_unichr XFAIL         [ 95%]
tests/test_past/test_builtins.py::BuiltinTest::test_vars PASSED          [ 95%]
tests/test_past/test_builtins.py::BuiltinTest::test_zip PASSED           [ 95%]
tests/test_past/test_builtins.py::TestSorted::test_baddecorator PASSED   [ 95%]
tests/test_past/test_builtins.py::TestSorted::test_basic XFAIL           [ 95%]
tests/test_past/test_builtins.py::TestSorted::test_inputtypes PASSED     [ 95%]
tests/test_past/test_noniterators.py::TestNonIterators::test_noniterators_produce_lists PASSED [ 95%]
tests/test_past/test_olddict.py::TestOldDict::test_braces_create_newdict_object PASSED [ 95%]
tests/test_past/test_olddict.py::TestOldDict::test_dict_empty PASSED     [ 96%]
tests/test_past/test_olddict.py::TestOldDict::test_dict_eq PASSED        [ 96%]
tests/test_past/test_olddict.py::TestOldDict::test_dict_getitem PASSED   [ 96%]
tests/test_past/test_olddict.py::TestOldDict::test_dict_items PASSED     [ 96%]
tests/test_past/test_olddict.py::TestOldDict::test_dict_keys PASSED      [ 96%]
tests/test_past/test_olddict.py::TestOldDict::test_dict_values PASSED    [ 96%]
tests/test_past/test_olddict.py::TestOldDict::test_isinstance_dict PASSED [ 96%]
tests/test_past/test_olddict.py::TestOldDict::test_methods_produce_lists PASSED [ 96%]
tests/test_past/test_olddict.py::TestOldDict::test_set_like_behaviour PASSED [ 96%]
tests/test_past/test_olddict.py::Py2DictTest::test_bool PASSED           [ 96%]
tests/test_past/test_olddict.py::Py2DictTest::test_clear PASSED          [ 96%]
tests/test_past/test_olddict.py::Py2DictTest::test_constructor PASSED    [ 96%]
tests/test_past/test_olddict.py::Py2DictTest::test_contains PASSED       [ 97%]
tests/test_past/test_olddict.py::Py2DictTest::test_copy PASSED           [ 97%]
tests/test_past/test_olddict.py::Py2DictTest::test_fromkeys PASSED       [ 97%]
tests/test_past/test_olddict.py::Py2DictTest::test_get PASSED            [ 97%]
tests/test_past/test_olddict.py::Py2DictTest::test_getitem PASSED        [ 97%]
tests/test_past/test_olddict.py::Py2DictTest::test_has_key PASSED        [ 97%]
tests/test_past/test_olddict.py::Py2DictTest::test_items PASSED          [ 97%]
tests/test_past/test_olddict.py::Py2DictTest::test_keys PASSED           [ 97%]
tests/test_past/test_olddict.py::Py2DictTest::test_le SKIPPED (Compa...) [ 97%]
tests/test_past/test_olddict.py::Py2DictTest::test_len PASSED            [ 97%]
tests/test_past/test_olddict.py::Py2DictTest::test_literal_constructor PASSED [ 97%]
tests/test_past/test_olddict.py::Py2DictTest::test_missing PASSED        [ 98%]
tests/test_past/test_olddict.py::Py2DictTest::test_mutatingiteration PASSED [ 98%]
tests/test_past/test_olddict.py::Py2DictTest::test_pop PASSED            [ 98%]
tests/test_past/test_olddict.py::Py2DictTest::test_popitem PASSED        [ 98%]
tests/test_past/test_olddict.py::Py2DictTest::test_repr PASSED           [ 98%]
tests/test_past/test_olddict.py::Py2DictTest::test_setdefault PASSED     [ 98%]
tests/test_past/test_olddict.py::Py2DictTest::test_setdefault_atomic FAILED [ 98%]
tests/test_past/test_olddict.py::Py2DictTest::test_tuple_keyerror PASSED [ 98%]
tests/test_past/test_olddict.py::Py2DictTest::test_update PASSED         [ 98%]
tests/test_past/test_olddict.py::Py2DictTest::test_values PASSED         [ 98%]
tests/test_past/test_oldstr.py::TestOldStr::test_getitem PASSED          [ 98%]
tests/test_past/test_oldstr.py::TestOldStr::test_repr PASSED             [ 99%]
tests/test_past/test_oldstr.py::TestOldStr::test_str FAILED              [ 99%]
tests/test_past/test_oldstr.py::TestOldStr::test_unescape PASSED         [ 99%]
tests/test_past/test_translation.py::TestTranslate::test_common_substring PASSED [ 99%]
tests/test_past/test_translation.py::TestTranslate::test_div PASSED      [ 99%]
tests/test_past/test_translation.py::TestTranslate::test_exception_syntax PASSED [ 99%]
tests/test_past/test_translation.py::TestTranslate::test_exec_statement PASSED [ 99%]
tests/test_past/test_translation.py::TestTranslate::test_import_builtin_types XFAIL [ 99%]
tests/test_past/test_translation.py::TestTranslate::test_import_future_standard_library PASSED [ 99%]
tests/test_past/test_translation.py::TestTranslate::test_old_builtin_functions PASSED [ 99%]
tests/test_past/test_translation.py::TestTranslate::test_print_statement PASSED [ 99%]
tests/test_past/test_translation.py::TestTranslate::test_xrange PASSED   [100%]

=================================== FAILURES ===================================
________________________ BuiltinTest.test_exec_globals _________________________
Traceback (most recent call last):
  File "/opt/graalpy/lib/python3.10/unittest/case.py", line 59, in testPartExecutor
    yield
  File "/opt/graalpy/lib/python3.10/unittest/case.py", line 591, in run
    self._callTestMethod(testMethod)
  File "/opt/graalpy/lib/python3.10/unittest/case.py", line 549, in _callTestMethod
    method()
  File "/workdir/future-0.18.2/tests/test_future/test_builtins.py", line 787, in test_exec_globals
    self.assertRaises(NameError,
  File "/opt/graalpy/lib/python3.10/unittest/case.py", line 738, in assertRaises
    return context.handle('assertRaises', args, kwargs)
  File "/opt/graalpy/lib/python3.10/unittest/case.py", line 200, in handle
    with self:
  File "/opt/graalpy/lib/python3.10/unittest/case.py", line 223, in __exit__
    self._raiseFailure("{} not raised by {}".format(exc_name,
  File "/opt/graalpy/lib/python3.10/unittest/case.py", line 163, in _raiseFailure
    raise self.test_case.failureException(msg)
AssertionError: NameError not raised by exec
----------------------------- Captured stdout call -----------------------------
Hello World!
____________________________ BuiltinTest.test_hash _____________________________
Traceback (most recent call last):
  File "/opt/graalpy/lib/python3.10/unittest/case.py", line 59, in testPartExecutor
    yield
  File "/opt/graalpy/lib/python3.10/unittest/case.py", line 591, in run
    self._callTestMethod(testMethod)
  File "/opt/graalpy/lib/python3.10/unittest/case.py", line 549, in _callTestMethod
    method()
  File "/workdir/future-0.18.2/tests/test_future/test_builtins.py", line 900, in test_hash
    self.assertEqual(hash('spam'), hash(b'spam'))
  File "/opt/graalpy/lib/python3.10/unittest/case.py", line 845, in assertEqual
    assertion_func(first, second, msg=msg)
  File "/opt/graalpy/lib/python3.10/unittest/case.py", line 838, in _baseAssertEqual
    raise self.failureException(msg)
AssertionError: 3536713 != 4460234
_____________________________ BuiltinTest.test_pow _____________________________
Traceback (most recent call last):
  File "/opt/graalpy/lib/python3.10/unittest/case.py", line 59, in testPartExecutor
    yield
  File "/opt/graalpy/lib/python3.10/unittest/case.py", line 591, in run
    self._callTestMethod(testMethod)
  File "/opt/graalpy/lib/python3.10/unittest/case.py", line 549, in _callTestMethod
    method()
  File "/workdir/future-0.18.2/tests/test_future/test_builtins.py", line 1308, in test_pow
    self.assertRaises((TypeError, ValueError), pow, -1, -2, 3)
  File "/opt/graalpy/lib/python3.10/unittest/case.py", line 738, in assertRaises
    return context.handle('assertRaises', args, kwargs)
  File "/opt/graalpy/lib/python3.10/unittest/case.py", line 200, in handle
    with self:
  File "/opt/graalpy/lib/python3.10/unittest/case.py", line 223, in __exit__
    self._raiseFailure("{} not raised by {}".format(exc_name,
  File "/opt/graalpy/lib/python3.10/unittest/case.py", line 163, in _raiseFailure
    raise self.test_case.failureException(msg)
AssertionError: (<class 'TypeError'>, <class 'ValueError'>) not raised by pow
________________________ TestBytes.test_bytes_is_bytes _________________________
Traceback (most recent call last):
  File "/opt/graalpy/lib/python3.10/unittest/case.py", line 59, in testPartExecutor
    yield
  File "/opt/graalpy/lib/python3.10/unittest/case.py", line 591, in run
    self._callTestMethod(testMethod)
  File "/opt/graalpy/lib/python3.10/unittest/case.py", line 549, in _callTestMethod
    method()
  File "/workdir/future-0.18.2/tests/test_future/test_bytes.py", line 107, in test_bytes_is_bytes
    self.assertTrue(bytes(b) is b)
  File "/opt/graalpy/lib/python3.10/unittest/case.py", line 687, in assertTrue
    raise self.failureException(msg)
AssertionError: False is not true
______________________ TestFuturizeSimple.test_raw_input _______________________
Traceback (most recent call last):
  File "/opt/graalpy/lib/python3.10/unittest/case.py", line 59, in testPartExecutor
    yield
  File "/opt/graalpy/lib/python3.10/unittest/case.py", line 591, in run
    self._callTestMethod(testMethod)
  File "/opt/graalpy/lib/python3.10/unittest/case.py", line 549, in _callTestMethod
    method()
  File "/workdir/future-0.18.2/tests/test_future/test_futurize.py", line 612, in test_raw_input
    self.assertEqual(stderr, b'')
  File "/opt/graalpy/lib/python3.10/unittest/case.py", line 845, in assertEqual
    assertion_func(first, second, msg=msg)
  File "/opt/graalpy/lib/python3.10/unittest/case.py", line 838, in _baseAssertEqual
    raise self.failureException(msg)
AssertionError: b'Traceback (most recent call last):\n  Fil[141 chars]tr\n' != b''
___________ TestIsInstanceIsSubclass.test_isinstance_recursion_limit ___________
Traceback (most recent call last):
  File "/opt/graalpy/lib/python3.10/unittest/case.py", line 59, in testPartExecutor
    yield
  File "/opt/graalpy/lib/python3.10/unittest/case.py", line 591, in run
    self._callTestMethod(testMethod)
  File "/opt/graalpy/lib/python3.10/unittest/case.py", line 549, in _callTestMethod
    method()
  File "/workdir/future-0.18.2/tests/test_future/test_isinstance.py", line 275, in test_isinstance_recursion_limit
    self.assertRaises(RuntimeError, blowstack, isinstance, '', str)
  File "/opt/graalpy/lib/python3.10/unittest/case.py", line 738, in assertRaises
    return context.handle('assertRaises', args, kwargs)
  File "/opt/graalpy/lib/python3.10/unittest/case.py", line 200, in handle
    with self:
  File "/opt/graalpy/lib/python3.10/unittest/case.py", line 223, in __exit__
    self._raiseFailure("{} not raised by {}".format(exc_name,
  File "/opt/graalpy/lib/python3.10/unittest/case.py", line 163, in _raiseFailure
    raise self.test_case.failureException(msg)
AssertionError: RuntimeError not raised by blowstack
____________ TestIsInstanceIsSubclass.test_subclass_recursion_limit ____________
Traceback (most recent call last):
  File "/opt/graalpy/lib/python3.10/unittest/case.py", line 59, in testPartExecutor
    yield
  File "/opt/graalpy/lib/python3.10/unittest/case.py", line 591, in run
    self._callTestMethod(testMethod)
  File "/opt/graalpy/lib/python3.10/unittest/case.py", line 549, in _callTestMethod
    method()
  File "/workdir/future-0.18.2/tests/test_future/test_isinstance.py", line 270, in test_subclass_recursion_limit
    self.assertRaises(RuntimeError, blowstack, issubclass, str, str)
  File "/opt/graalpy/lib/python3.10/unittest/case.py", line 738, in assertRaises
    return context.handle('assertRaises', args, kwargs)
  File "/opt/graalpy/lib/python3.10/unittest/case.py", line 200, in handle
    with self:
  File "/opt/graalpy/lib/python3.10/unittest/case.py", line 223, in __exit__
    self._raiseFailure("{} not raised by {}".format(exc_name,
  File "/opt/graalpy/lib/python3.10/unittest/case.py", line 163, in _raiseFailure
    raise self.test_case.failureException(msg)
AssertionError: RuntimeError not raised by blowstack
____________________ urlopen_HttpTests.test_file_notexists _____________________
Traceback (most recent call last):
  File "/opt/graalpy/lib/python3.10/unittest/case.py", line 59, in testPartExecutor
    yield
  File "/opt/graalpy/lib/python3.10/unittest/case.py", line 591, in run
    self._callTestMethod(testMethod)
  File "/opt/graalpy/lib/python3.10/unittest/case.py", line 549, in _callTestMethod
    method()
  File "/workdir/future-0.18.2/tests/test_future/test_urllib.py", line 294, in test_file_notexists
    with urlopen(tmp_fileurl) as fobj:
  File "/workdir/future-0.18.2/tests/test_future/test_urllib.py", line 47, in urlopen
    return opener.open(url)
  File "/workdir/future-0.18.2/.tox/graalpylibtest-unit-test-tests/lib/python3.10/site-packages/future/backports/urllib/request.py", line 1703, in open
    return getattr(self, name)(url)
  File "/workdir/future-0.18.2/.tox/graalpylibtest-unit-test-tests/lib/python3.10/site-packages/future/backports/urllib/request.py", line 1922, in open_file
    return self.open_local_file(url)
  File "/workdir/future-0.18.2/.tox/graalpylibtest-unit-test-tests/lib/python3.10/site-packages/future/backports/urllib/request.py", line 1947, in open_local_file
    and socket.gethostbyname(host) in ((localhost(),) + thishost())):
  File "/workdir/future-0.18.2/.tox/graalpylibtest-unit-test-tests/lib/python3.10/site-packages/future/backports/urllib/request.py", line 2282, in thishost
    _thishost = tuple(socket.gethostbyname_ex(socket.gethostname())[2])
AttributeError: module 'socket' has no attribute 'gethostbyname_ex'
_________________________ Utility_Tests.test_thishost __________________________
Traceback (most recent call last):
  File "/opt/graalpy/lib/python3.10/unittest/case.py", line 59, in testPartExecutor
    yield
  File "/opt/graalpy/lib/python3.10/unittest/case.py", line 591, in run
    self._callTestMethod(testMethod)
  File "/opt/graalpy/lib/python3.10/unittest/case.py", line 549, in _callTestMethod
    method()
  File "/workdir/future-0.18.2/tests/test_future/test_urllib.py", line 1206, in test_thishost
    self.assertIsInstance(urllib_request.thishost(), tuple)
  File "/workdir/future-0.18.2/.tox/graalpylibtest-unit-test-tests/lib/python3.10/site-packages/future/backports/urllib/request.py", line 2282, in thishost
    _thishost = tuple(socket.gethostbyname_ex(socket.gethostname())[2])
AttributeError: module 'socket' has no attribute 'gethostbyname_ex'
____________________________ HandlerTests.test_file ____________________________
Traceback (most recent call last):
  File "/opt/graalpy/lib/python3.10/unittest/case.py", line 59, in testPartExecutor
    yield
  File "/opt/graalpy/lib/python3.10/unittest/case.py", line 591, in run
    self._callTestMethod(testMethod)
  File "/opt/graalpy/lib/python3.10/unittest/case.py", line 549, in _callTestMethod
    method()
  File "/workdir/future-0.18.2/tests/test_future/test_urllib2.py", line 762, in test_file
    r = h.file_open(Request(url))
  File "/workdir/future-0.18.2/.tox/graalpylibtest-unit-test-tests/lib/python3.10/site-packages/future/backports/urllib/request.py", line 1423, in file_open
    return self.open_local_file(req)
  File "/workdir/future-0.18.2/.tox/graalpylibtest-unit-test-tests/lib/python3.10/site-packages/future/backports/urllib/request.py", line 1455, in open_local_file
    (not port and _safe_gethostbyname(host) in self.get_names()):
  File "/workdir/future-0.18.2/.tox/graalpylibtest-unit-test-tests/lib/python3.10/site-packages/future/backports/urllib/request.py", line 1431, in get_names
    socket.gethostbyname_ex('localhost')[2] +
AttributeError: module 'socket' has no attribute 'gethostbyname_ex'
____________________________ HandlerTests.test_ftp _____________________________
Traceback (most recent call last):
  File "/opt/graalpy/lib/python3.10/unittest/case.py", line 59, in testPartExecutor
    yield
  File "/opt/graalpy/lib/python3.10/unittest/case.py", line 591, in run
    self._callTestMethod(testMethod)
  File "/opt/graalpy/lib/python3.10/unittest/case.py", line 549, in _callTestMethod
    method()
  File "/workdir/future-0.18.2/tests/test_future/test_urllib2.py", line 730, in test_ftp
    self.assertEqual(headers.get("Content-type"), mimetype)
  File "/opt/graalpy/lib/python3.10/unittest/case.py", line 845, in assertEqual
    assertion_func(first, second, msg=msg)
  File "/opt/graalpy/lib/python3.10/unittest/case.py", line 838, in _baseAssertEqual
    raise self.failureException(msg)
AssertionError: None != 'image/gif'
__________________________________ test_main ___________________________________
Traceback (most recent call last):
  File "/workdir/future-0.18.2/.tox/graalpylibtest-unit-test-tests/lib/python3.10/site-packages/_pytest/runner.py", line 341, in from_call
    result: Optional[TResult] = func()
  File "/workdir/future-0.18.2/.tox/graalpylibtest-unit-test-tests/lib/python3.10/site-packages/_pytest/runner.py", line 262, in <lambda>
    lambda: ihook(item=item, **kwds), when=when, reraise=reraise
  File "/workdir/future-0.18.2/.tox/graalpylibtest-unit-test-tests/lib/python3.10/site-packages/pluggy/_hooks.py", line 493, in __call__
    return self._hookexec(self.name, self._hookimpls, kwargs, firstresult)
  File "/workdir/future-0.18.2/.tox/graalpylibtest-unit-test-tests/lib/python3.10/site-packages/pluggy/_manager.py", line 115, in _hookexec
    return self._inner_hookexec(hook_name, methods, kwargs, firstresult)
  File "/workdir/future-0.18.2/.tox/graalpylibtest-unit-test-tests/lib/python3.10/site-packages/pluggy/_callers.py", line 152, in _multicall
    return outcome.get_result()
  File "/workdir/future-0.18.2/.tox/graalpylibtest-unit-test-tests/lib/python3.10/site-packages/pluggy/_result.py", line 114, in get_result
    raise exc.with_traceback(exc.__traceback__)
  File "/workdir/future-0.18.2/.tox/graalpylibtest-unit-test-tests/lib/python3.10/site-packages/pluggy/_callers.py", line 77, in _multicall
    res = hook_impl.function(*args)
  File "/workdir/future-0.18.2/.tox/graalpylibtest-unit-test-tests/lib/python3.10/site-packages/_pytest/runner.py", line 177, in pytest_runtest_call
    raise e
  File "/workdir/future-0.18.2/.tox/graalpylibtest-unit-test-tests/lib/python3.10/site-packages/_pytest/runner.py", line 169, in pytest_runtest_call
    item.runtest()
  File "/workdir/future-0.18.2/.tox/graalpylibtest-unit-test-tests/lib/python3.10/site-packages/_pytest/python.py", line 1792, in runtest
    self.ihook.pytest_pyfunc_call(pyfuncitem=self)
  File "/workdir/future-0.18.2/.tox/graalpylibtest-unit-test-tests/lib/python3.10/site-packages/pluggy/_hooks.py", line 493, in __call__
    return self._hookexec(self.name, self._hookimpls, kwargs, firstresult)
  File "/workdir/future-0.18.2/.tox/graalpylibtest-unit-test-tests/lib/python3.10/site-packages/pluggy/_manager.py", line 115, in _hookexec
    return self._inner_hookexec(hook_name, methods, kwargs, firstresult)
  File "/workdir/future-0.18.2/.tox/graalpylibtest-unit-test-tests/lib/python3.10/site-packages/pluggy/_callers.py", line 113, in _multicall
    raise exception.with_traceback(exception.__traceback__)
  File "/workdir/future-0.18.2/.tox/graalpylibtest-unit-test-tests/lib/python3.10/site-packages/pluggy/_callers.py", line 77, in _multicall
    res = hook_impl.function(*args)
  File "/workdir/future-0.18.2/.tox/graalpylibtest-unit-test-tests/lib/python3.10/site-packages/_pytest/python.py", line 194, in pytest_pyfunc_call
    result = testfunction(**testargs)
  File "/workdir/future-0.18.2/tests/test_future/test_urllib2.py", line 1566, in test_main
    support.run_unittest(*tests)
  File "/workdir/future-0.18.2/.tox/graalpylibtest-unit-test-tests/lib/python3.10/site-packages/future/backports/test/support.py", line 1665, in run_unittest
    _run_suite(suite)
  File "/workdir/future-0.18.2/.tox/graalpylibtest-unit-test-tests/lib/python3.10/site-packages/future/backports/test/support.py", line 1640, in _run_suite
    raise TestFailed(err)
future.backports.test.support.TestFailed: multiple errors occurred
----------------------------- Captured stdout call -----------------------------
test_URLError_reasonstr (test_future.test_urllib2.TrivialTests) ... ok
test___all__ (test_future.test_urllib2.TrivialTests) ... ok
test_parse_http_list (test_future.test_urllib2.TrivialTests) ... ok
test_trivial (test_future.test_urllib2.TrivialTests) ... ok
test_add_non_handler (test_future.test_urllib2.OpenerDirectorTests) ... ok
test_badly_named_methods (test_future.test_urllib2.OpenerDirectorTests) ... ok
test_handled (test_future.test_urllib2.OpenerDirectorTests) ... ok
test_handler_order (test_future.test_urllib2.OpenerDirectorTests) ... ok
test_http_error (test_future.test_urllib2.OpenerDirectorTests) ... ok
test_method_deprecations (test_future.test_urllib2.OpenerDirectorTests) ... ok
test_processors (test_future.test_urllib2.OpenerDirectorTests) ... ok
test_raise (test_future.test_urllib2.OpenerDirectorTests) ... ok
test_basic_and_digest_auth_handlers (test_future.test_urllib2.HandlerTests) ... ok
test_basic_auth (test_future.test_urllib2.HandlerTests) ... ok
test_basic_auth_with_single_quoted_realm (test_future.test_urllib2.HandlerTests) ... ok
test_basic_auth_with_unquoted_realm (test_future.test_urllib2.HandlerTests) ... ok
test_cookie_redirect (test_future.test_urllib2.HandlerTests) ... ok
test_cookies (test_future.test_urllib2.HandlerTests) ... ok
test_errors (test_future.test_urllib2.HandlerTests) ... ok
test_file (test_future.test_urllib2.HandlerTests) ... ERROR
test_fixpath_in_weirdurls (test_future.test_urllib2.HandlerTests) ... ok
test_ftp (test_future.test_urllib2.HandlerTests) ... FAIL
test_http (test_future.test_urllib2.HandlerTests) ... ok
test_http_doubleslash (test_future.test_urllib2.HandlerTests) ... ok
test_invalid_redirect (test_future.test_urllib2.HandlerTests) ... ok
test_osx_proxy_bypass (test_future.test_urllib2.HandlerTests) ... skipped 'only relevant for OSX'
test_proxy (test_future.test_urllib2.HandlerTests) ... ok
test_proxy_basic_auth (test_future.test_urllib2.HandlerTests) ... ok
test_proxy_https (test_future.test_urllib2.HandlerTests) ... ok
test_proxy_https_proxy_authorization (test_future.test_urllib2.HandlerTests) ... ok
test_proxy_no_proxy (test_future.test_urllib2.HandlerTests) ... ok
test_proxy_no_proxy_all (test_future.test_urllib2.HandlerTests) ... ok
test_redirect (test_future.test_urllib2.HandlerTests) ... ok
test_redirect_fragment (test_future.test_urllib2.HandlerTests) ... ok
test_relative_redirect (test_future.test_urllib2.HandlerTests) ... ok
test_unsupported_auth_basic_handler (test_future.test_urllib2.HandlerTests) ... ok
test_unsupported_auth_digest_handler (test_future.test_urllib2.HandlerTests) ... ok
test_HTTPError_interface (test_future.test_urllib2.MiscTests)
Issue 13211 reveals that HTTPError didn't implement the URLError ... ok
test_build_opener (test_future.test_urllib2.MiscTests) ... ok
test_HTTPError_interface_call (test_future.test_urllib2.RequestTests)
Issue 15701 - HTTPError interface has info method available from URLError ... ok
test_data (test_future.test_urllib2.RequestTests) ... ok
test_get_full_url (test_future.test_urllib2.RequestTests) ... ok
test_get_host (test_future.test_urllib2.RequestTests) ... ok
test_get_host_unquote (test_future.test_urllib2.RequestTests) ... ok
test_get_type (test_future.test_urllib2.RequestTests) ... ok
test_method (test_future.test_urllib2.RequestTests) ... ok
test_proxy (test_future.test_urllib2.RequestTests) ... ok
test_selector (test_future.test_urllib2.RequestTests) ... ok
test_url_fragment (test_future.test_urllib2.RequestTests) ... ok
test_wrapped_url (test_future.test_urllib2.RequestTests) ... ok
test_password_manager (test_future.test_urllib2.RequestHdrsTests) ... ok
test_password_manager_default_port (test_future.test_urllib2.RequestHdrsTests)
The point to note here is that we can't guess the default port if ... ok
test_request_headers_dict (test_future.test_urllib2.RequestHdrsTests)
The Request.headers dictionary is not a documented interface.  It ... ok
test_request_headers_methods (test_future.test_urllib2.RequestHdrsTests)
Note the case normalization of header names here, to ... ok

======================================================================
ERROR: test_file (test_future.test_urllib2.HandlerTests)
----------------------------------------------------------------------
Traceback (most recent call last):
  File "/workdir/future-0.18.2/tests/test_future/test_urllib2.py", line 762, in test_file
    r = h.file_open(Request(url))
  File "/workdir/future-0.18.2/.tox/graalpylibtest-unit-test-tests/lib/python3.10/site-packages/future/backports/urllib/request.py", line 1423, in file_open
    return self.open_local_file(req)
  File "/workdir/future-0.18.2/.tox/graalpylibtest-unit-test-tests/lib/python3.10/site-packages/future/backports/urllib/request.py", line 1455, in open_local_file
    (not port and _safe_gethostbyname(host) in self.get_names()):
  File "/workdir/future-0.18.2/.tox/graalpylibtest-unit-test-tests/lib/python3.10/site-packages/future/backports/urllib/request.py", line 1431, in get_names
    socket.gethostbyname_ex('localhost')[2] +
AttributeError: module 'socket' has no attribute 'gethostbyname_ex'

======================================================================
FAIL: test_ftp (test_future.test_urllib2.HandlerTests)
----------------------------------------------------------------------
Traceback (most recent call last):
  File "/workdir/future-0.18.2/tests/test_future/test_urllib2.py", line 730, in test_ftp
    self.assertEqual(headers.get("Content-type"), mimetype)
AssertionError: None != 'image/gif'

----------------------------------------------------------------------
Ran 54 tests in 0.904s

FAILED (failures=1, errors=1, skipped=1)
_________________________ urlopen_FileTests.test_close _________________________
Traceback (most recent call last):
  File "/opt/graalpy/lib/python3.10/unittest/case.py", line 59, in testPartExecutor
    yield
  File "/opt/graalpy/lib/python3.10/unittest/case.py", line 587, in run
    self._callSetUp()
  File "/opt/graalpy/lib/python3.10/unittest/case.py", line 546, in _callSetUp
    self.setUp()
  File "/workdir/future-0.18.2/tests/test_future/test_urllib_toplevel.py", line 117, in setUp
    f = open(support.TESTFN, 'wb')
AttributeError: module 'future.moves.test.support' has no attribute 'TESTFN'
________________________ urlopen_FileTests.test_fileno _________________________
Traceback (most recent call last):
  File "/opt/graalpy/lib/python3.10/unittest/case.py", line 59, in testPartExecutor
    yield
  File "/opt/graalpy/lib/python3.10/unittest/case.py", line 587, in run
    self._callSetUp()
  File "/opt/graalpy/lib/python3.10/unittest/case.py", line 546, in _callSetUp
    self.setUp()
  File "/workdir/future-0.18.2/tests/test_future/test_urllib_toplevel.py", line 117, in setUp
    f = open(support.TESTFN, 'wb')
AttributeError: module 'future.moves.test.support' has no attribute 'TESTFN'
________________________ urlopen_FileTests.test_getcode ________________________
Traceback (most recent call last):
  File "/opt/graalpy/lib/python3.10/unittest/case.py", line 59, in testPartExecutor
    yield
  File "/opt/graalpy/lib/python3.10/unittest/case.py", line 587, in run
    self._callSetUp()
  File "/opt/graalpy/lib/python3.10/unittest/case.py", line 546, in _callSetUp
    self.setUp()
  File "/workdir/future-0.18.2/tests/test_future/test_urllib_toplevel.py", line 117, in setUp
    f = open(support.TESTFN, 'wb')
AttributeError: module 'future.moves.test.support' has no attribute 'TESTFN'
________________________ urlopen_FileTests.test_geturl _________________________
Traceback (most recent call last):
  File "/opt/graalpy/lib/python3.10/unittest/case.py", line 59, in testPartExecutor
    yield
  File "/opt/graalpy/lib/python3.10/unittest/case.py", line 587, in run
    self._callSetUp()
  File "/opt/graalpy/lib/python3.10/unittest/case.py", line 546, in _callSetUp
    self.setUp()
  File "/workdir/future-0.18.2/tests/test_future/test_urllib_toplevel.py", line 117, in setUp
    f = open(support.TESTFN, 'wb')
AttributeError: module 'future.moves.test.support' has no attribute 'TESTFN'
_________________________ urlopen_FileTests.test_info __________________________
Traceback (most recent call last):
  File "/opt/graalpy/lib/python3.10/unittest/case.py", line 59, in testPartExecutor
    yield
  File "/opt/graalpy/lib/python3.10/unittest/case.py", line 587, in run
    self._callSetUp()
  File "/opt/graalpy/lib/python3.10/unittest/case.py", line 546, in _callSetUp
    self.setUp()
  File "/workdir/future-0.18.2/tests/test_future/test_urllib_toplevel.py", line 117, in setUp
    f = open(support.TESTFN, 'wb')
AttributeError: module 'future.moves.test.support' has no attribute 'TESTFN'
_______________________ urlopen_FileTests.test_interface _______________________
Traceback (most recent call last):
  File "/opt/graalpy/lib/python3.10/unittest/case.py", line 59, in testPartExecutor
    yield
  File "/opt/graalpy/lib/python3.10/unittest/case.py", line 587, in run
    self._callSetUp()
  File "/opt/graalpy/lib/python3.10/unittest/case.py", line 546, in _callSetUp
    self.setUp()
  File "/workdir/future-0.18.2/tests/test_future/test_urllib_toplevel.py", line 117, in setUp
    f = open(support.TESTFN, 'wb')
AttributeError: module 'future.moves.test.support' has no attribute 'TESTFN'
_________________________ urlopen_FileTests.test_iter __________________________
Traceback (most recent call last):
  File "/opt/graalpy/lib/python3.10/unittest/case.py", line 59, in testPartExecutor
    yield
  File "/opt/graalpy/lib/python3.10/unittest/case.py", line 587, in run
    self._callSetUp()
  File "/opt/graalpy/lib/python3.10/unittest/case.py", line 546, in _callSetUp
    self.setUp()
  File "/workdir/future-0.18.2/tests/test_future/test_urllib_toplevel.py", line 117, in setUp
    f = open(support.TESTFN, 'wb')
AttributeError: module 'future.moves.test.support' has no attribute 'TESTFN'
_________________________ urlopen_FileTests.test_read __________________________
Traceback (most recent call last):
  File "/opt/graalpy/lib/python3.10/unittest/case.py", line 59, in testPartExecutor
    yield
  File "/opt/graalpy/lib/python3.10/unittest/case.py", line 587, in run
    self._callSetUp()
  File "/opt/graalpy/lib/python3.10/unittest/case.py", line 546, in _callSetUp
    self.setUp()
  File "/workdir/future-0.18.2/tests/test_future/test_urllib_toplevel.py", line 117, in setUp
    f = open(support.TESTFN, 'wb')
AttributeError: module 'future.moves.test.support' has no attribute 'TESTFN'
_______________________ urlopen_FileTests.test_readline ________________________
Traceback (most recent call last):
  File "/opt/graalpy/lib/python3.10/unittest/case.py", line 59, in testPartExecutor
    yield
  File "/opt/graalpy/lib/python3.10/unittest/case.py", line 587, in run
    self._callSetUp()
  File "/opt/graalpy/lib/python3.10/unittest/case.py", line 546, in _callSetUp
    self.setUp()
  File "/workdir/future-0.18.2/tests/test_future/test_urllib_toplevel.py", line 117, in setUp
    f = open(support.TESTFN, 'wb')
AttributeError: module 'future.moves.test.support' has no attribute 'TESTFN'
_______________________ urlopen_FileTests.test_readlines _______________________
Traceback (most recent call last):
  File "/opt/graalpy/lib/python3.10/unittest/case.py", line 59, in testPartExecutor
    yield
  File "/opt/graalpy/lib/python3.10/unittest/case.py", line 587, in run
    self._callSetUp()
  File "/opt/graalpy/lib/python3.10/unittest/case.py", line 546, in _callSetUp
    self.setUp()
  File "/workdir/future-0.18.2/tests/test_future/test_urllib_toplevel.py", line 117, in setUp
    f = open(support.TESTFN, 'wb')
AttributeError: module 'future.moves.test.support' has no attribute 'TESTFN'
___________________ urlopen_FileTests.test_relativelocalfile ___________________
Traceback (most recent call last):
  File "/opt/graalpy/lib/python3.10/unittest/case.py", line 59, in testPartExecutor
    yield
  File "/opt/graalpy/lib/python3.10/unittest/case.py", line 587, in run
    self._callSetUp()
  File "/opt/graalpy/lib/python3.10/unittest/case.py", line 546, in _callSetUp
    self.setUp()
  File "/workdir/future-0.18.2/tests/test_future/test_urllib_toplevel.py", line 117, in setUp
    f = open(support.TESTFN, 'wb')
AttributeError: module 'future.moves.test.support' has no attribute 'TESTFN'
____________ ProxyTests.test_getproxies_environment_keep_no_proxies ____________
Traceback (most recent call last):
  File "/opt/graalpy/lib/python3.10/unittest/case.py", line 59, in testPartExecutor
    yield
  File "/opt/graalpy/lib/python3.10/unittest/case.py", line 587, in run
    self._callSetUp()
  File "/opt/graalpy/lib/python3.10/unittest/case.py", line 546, in _callSetUp
    self.setUp()
  File "/workdir/future-0.18.2/tests/test_future/test_urllib_toplevel.py", line 191, in setUp
    self.env = support.EnvironmentVarGuard()
AttributeError: module 'future.moves.test.support' has no attribute 'EnvironmentVarGuard'
_________________ urlopen_HttpTests.test_URLopener_deprecation _________________
Traceback (most recent call last):
  File "/opt/graalpy/lib/python3.10/unittest/case.py", line 59, in testPartExecutor
    yield
  File "/opt/graalpy/lib/python3.10/unittest/case.py", line 591, in run
    self._callTestMethod(testMethod)
  File "/opt/graalpy/lib/python3.10/unittest/case.py", line 549, in _callTestMethod
    method()
  File "/workdir/future-0.18.2/tests/test_future/test_urllib_toplevel.py", line 364, in test_URLopener_deprecation
    with support.check_warnings(('',DeprecationWarning)):
AttributeError: module 'future.moves.test.support' has no attribute 'check_warnings'
_____________________ urlopen_HttpTests.test_empty_socket ______________________
Traceback (most recent call last):
  File "/opt/graalpy/lib/python3.10/unittest/case.py", line 59, in testPartExecutor
    yield
  File "/opt/graalpy/lib/python3.10/unittest/case.py", line 591, in run
    self._callTestMethod(testMethod)
  File "/opt/graalpy/lib/python3.10/unittest/case.py", line 549, in _callTestMethod
    method()
  File "/workdir/future-0.18.2/tests/test_future/test_urllib_toplevel.py", line 294, in test_empty_socket
    self.assertRaises(IOError, urlopen, "http://something")
  File "/opt/graalpy/lib/python3.10/unittest/case.py", line 738, in assertRaises
    return context.handle('assertRaises', args, kwargs)
  File "/opt/graalpy/lib/python3.10/unittest/case.py", line 201, in handle
    callable_obj(*args, **kwargs)
  File "/workdir/future-0.18.2/tests/test_future/test_urllib_toplevel.py", line 50, in urlopen
    with support.check_warnings(
AttributeError: module 'future.moves.test.support' has no attribute 'check_warnings'
____________________ urlopen_HttpTests.test_file_notexists _____________________
Traceback (most recent call last):
  File "/opt/graalpy/lib/python3.10/unittest/case.py", line 59, in testPartExecutor
    yield
  File "/opt/graalpy/lib/python3.10/unittest/case.py", line 591, in run
    self._callTestMethod(testMethod)
  File "/opt/graalpy/lib/python3.10/unittest/case.py", line 549, in _callTestMethod
    method()
  File "/workdir/future-0.18.2/tests/test_future/test_urllib_toplevel.py", line 309, in test_file_notexists
    with urlopen(tmp_fileurl) as fobj:
  File "/workdir/future-0.18.2/tests/test_future/test_urllib_toplevel.py", line 50, in urlopen
    with support.check_warnings(
AttributeError: module 'future.moves.test.support' has no attribute 'check_warnings'
______________________ urlopen_HttpTests.test_ftp_nohost _______________________
Traceback (most recent call last):
  File "/opt/graalpy/lib/python3.10/unittest/case.py", line 59, in testPartExecutor
    yield
  File "/opt/graalpy/lib/python3.10/unittest/case.py", line 591, in run
    self._callTestMethod(testMethod)
  File "/opt/graalpy/lib/python3.10/unittest/case.py", line 549, in _callTestMethod
    method()
  File "/workdir/future-0.18.2/tests/test_future/test_urllib_toplevel.py", line 323, in test_ftp_nohost
    urlopen(test_ftp_url)
  File "/workdir/future-0.18.2/tests/test_future/test_urllib_toplevel.py", line 50, in urlopen
    with support.check_warnings(
AttributeError: module 'future.moves.test.support' has no attribute 'check_warnings'
____________________ urlopen_HttpTests.test_ftp_nonexisting ____________________
Traceback (most recent call last):
  File "/opt/graalpy/lib/python3.10/unittest/case.py", line 59, in testPartExecutor
    yield
  File "/opt/graalpy/lib/python3.10/unittest/case.py", line 591, in run
    self._callTestMethod(testMethod)
  File "/opt/graalpy/lib/python3.10/unittest/case.py", line 549, in _callTestMethod
    method()
  File "/workdir/future-0.18.2/tests/test_future/test_urllib_toplevel.py", line 328, in test_ftp_nonexisting
    urlopen('ftp://localhost/a/file/which/doesnot/exists.py')
  File "/workdir/future-0.18.2/tests/test_future/test_urllib_toplevel.py", line 50, in urlopen
    with support.check_warnings(
AttributeError: module 'future.moves.test.support' has no attribute 'check_warnings'
___________________ urlopen_HttpTests.test_missing_localfile ___________________
Traceback (most recent call last):
  File "/opt/graalpy/lib/python3.10/unittest/case.py", line 59, in testPartExecutor
    yield
  File "/opt/graalpy/lib/python3.10/unittest/case.py", line 591, in run
    self._callTestMethod(testMethod)
  File "/opt/graalpy/lib/python3.10/unittest/case.py", line 549, in _callTestMethod
    method()
  File "/workdir/future-0.18.2/tests/test_future/test_urllib_toplevel.py", line 302, in test_missing_localfile
    urlopen('file://localhost/a/file/which/doesnot/exists.py')
  File "/workdir/future-0.18.2/tests/test_future/test_urllib_toplevel.py", line 50, in urlopen
    with support.check_warnings(
AttributeError: module 'future.moves.test.support' has no attribute 'check_warnings'
_______________________ urlopen_HttpTests.test_read_0_9 ________________________
Traceback (most recent call last):
  File "/opt/graalpy/lib/python3.10/unittest/case.py", line 59, in testPartExecutor
    yield
  File "/opt/graalpy/lib/python3.10/unittest/case.py", line 591, in run
    self._callTestMethod(testMethod)
  File "/opt/graalpy/lib/python3.10/unittest/case.py", line 549, in _callTestMethod
    method()
  File "/workdir/future-0.18.2/tests/test_future/test_urllib_toplevel.py", line 249, in test_read_0_9
    self.check_read(b"0.9")
  File "/workdir/future-0.18.2/tests/test_future/test_urllib_toplevel.py", line 217, in check_read
    fp = urlopen("http://python.org/")
  File "/workdir/future-0.18.2/tests/test_future/test_urllib_toplevel.py", line 50, in urlopen
    with support.check_warnings(
AttributeError: module 'future.moves.test.support' has no attribute 'check_warnings'
_______________________ urlopen_HttpTests.test_read_1_0 ________________________
Traceback (most recent call last):
  File "/opt/graalpy/lib/python3.10/unittest/case.py", line 59, in testPartExecutor
    yield
  File "/opt/graalpy/lib/python3.10/unittest/case.py", line 591, in run
    self._callTestMethod(testMethod)
  File "/opt/graalpy/lib/python3.10/unittest/case.py", line 549, in _callTestMethod
    method()
  File "/workdir/future-0.18.2/tests/test_future/test_urllib_toplevel.py", line 253, in test_read_1_0
    self.check_read(b"1.0")
  File "/workdir/future-0.18.2/tests/test_future/test_urllib_toplevel.py", line 217, in check_read
    fp = urlopen("http://python.org/")
  File "/workdir/future-0.18.2/tests/test_future/test_urllib_toplevel.py", line 50, in urlopen
    with support.check_warnings(
AttributeError: module 'future.moves.test.support' has no attribute 'check_warnings'
_______________________ urlopen_HttpTests.test_read_1_1 ________________________
Traceback (most recent call last):
  File "/opt/graalpy/lib/python3.10/unittest/case.py", line 59, in testPartExecutor
    yield
  File "/opt/graalpy/lib/python3.10/unittest/case.py", line 591, in run
    self._callTestMethod(testMethod)
  File "/opt/graalpy/lib/python3.10/unittest/case.py", line 549, in _callTestMethod
    method()
  File "/workdir/future-0.18.2/tests/test_future/test_urllib_toplevel.py", line 257, in test_read_1_1
    self.check_read(b"1.1")
  File "/workdir/future-0.18.2/tests/test_future/test_urllib_toplevel.py", line 217, in check_read
    fp = urlopen("http://python.org/")
  File "/workdir/future-0.18.2/tests/test_future/test_urllib_toplevel.py", line 50, in urlopen
    with support.check_warnings(
AttributeError: module 'future.moves.test.support' has no attribute 'check_warnings'
______________________ urlopen_HttpTests.test_read_bogus _______________________
Traceback (most recent call last):
  File "/opt/graalpy/lib/python3.10/unittest/case.py", line 59, in testPartExecutor
    yield
  File "/opt/graalpy/lib/python3.10/unittest/case.py", line 591, in run
    self._callTestMethod(testMethod)
  File "/opt/graalpy/lib/python3.10/unittest/case.py", line 549, in _callTestMethod
    method()
  File "/workdir/future-0.18.2/tests/test_future/test_urllib_toplevel.py", line 269, in test_read_bogus
    self.assertRaises(OSError, urlopen, "http://python.org/")
  File "/opt/graalpy/lib/python3.10/unittest/case.py", line 738, in assertRaises
    return context.handle('assertRaises', args, kwargs)
  File "/opt/graalpy/lib/python3.10/unittest/case.py", line 201, in handle
    callable_obj(*args, **kwargs)
  File "/workdir/future-0.18.2/tests/test_future/test_urllib_toplevel.py", line 50, in urlopen
    with support.check_warnings(
AttributeError: module 'future.moves.test.support' has no attribute 'check_warnings'
____________________ urlopen_HttpTests.test_userpass_inurl _____________________
Traceback (most recent call last):
  File "/opt/graalpy/lib/python3.10/unittest/case.py", line 59, in testPartExecutor
    yield
  File "/opt/graalpy/lib/python3.10/unittest/case.py", line 591, in run
    self._callTestMethod(testMethod)
  File "/opt/graalpy/lib/python3.10/unittest/case.py", line 549, in _callTestMethod
    method()
  File "/workdir/future-0.18.2/tests/test_future/test_urllib_toplevel.py", line 335, in test_userpass_inurl
    fp = urlopen("http://user:pass@python.org/")
  File "/workdir/future-0.18.2/tests/test_future/test_urllib_toplevel.py", line 50, in urlopen
    with support.check_warnings(
AttributeError: module 'future.moves.test.support' has no attribute 'check_warnings'
________________ urlopen_HttpTests.test_userpass_inurl_w_spaces ________________
Traceback (most recent call last):
  File "/opt/graalpy/lib/python3.10/unittest/case.py", line 59, in testPartExecutor
    yield
  File "/opt/graalpy/lib/python3.10/unittest/case.py", line 591, in run
    self._callTestMethod(testMethod)
  File "/opt/graalpy/lib/python3.10/unittest/case.py", line 549, in _callTestMethod
    method()
  File "/workdir/future-0.18.2/tests/test_future/test_urllib_toplevel.py", line 352, in test_userpass_inurl_w_spaces
    fp = urlopen(url)
  File "/workdir/future-0.18.2/tests/test_future/test_urllib_toplevel.py", line 50, in urlopen
    with support.check_warnings(
AttributeError: module 'future.moves.test.support' has no attribute 'check_warnings'
_______________________ urlretrieve_FileTests.test_basic _______________________
Traceback (most recent call last):
  File "/opt/graalpy/lib/python3.10/unittest/case.py", line 59, in testPartExecutor
    yield
  File "/opt/graalpy/lib/python3.10/unittest/case.py", line 587, in run
    self._callSetUp()
  File "/opt/graalpy/lib/python3.10/unittest/case.py", line 546, in _callSetUp
    self.setUp()
  File "/workdir/future-0.18.2/tests/test_future/test_urllib_toplevel.py", line 381, in setUp
    self.registerFileForCleanUp(support.TESTFN)
AttributeError: module 'future.moves.test.support' has no attribute 'TESTFN'
_______________________ urlretrieve_FileTests.test_copy ________________________
Traceback (most recent call last):
  File "/opt/graalpy/lib/python3.10/unittest/case.py", line 59, in testPartExecutor
    yield
  File "/opt/graalpy/lib/python3.10/unittest/case.py", line 587, in run
    self._callSetUp()
  File "/opt/graalpy/lib/python3.10/unittest/case.py", line 546, in _callSetUp
    self.setUp()
  File "/workdir/future-0.18.2/tests/test_future/test_urllib_toplevel.py", line 381, in setUp
    self.registerFileForCleanUp(support.TESTFN)
AttributeError: module 'future.moves.test.support' has no attribute 'TESTFN'
____________________ urlretrieve_FileTests.test_reporthook _____________________
Traceback (most recent call last):
  File "/opt/graalpy/lib/python3.10/unittest/case.py", line 59, in testPartExecutor
    yield
  File "/opt/graalpy/lib/python3.10/unittest/case.py", line 587, in run
    self._callSetUp()
  File "/opt/graalpy/lib/python3.10/unittest/case.py", line 546, in _callSetUp
    self.setUp()
  File "/workdir/future-0.18.2/tests/test_future/test_urllib_toplevel.py", line 381, in setUp
    self.registerFileForCleanUp(support.TESTFN)
AttributeError: module 'future.moves.test.support' has no attribute 'TESTFN'
________________ urlretrieve_FileTests.test_reporthook_0_bytes _________________
Traceback (most recent call last):
  File "/opt/graalpy/lib/python3.10/unittest/case.py", line 59, in testPartExecutor
    yield
  File "/opt/graalpy/lib/python3.10/unittest/case.py", line 587, in run
    self._callSetUp()
  File "/opt/graalpy/lib/python3.10/unittest/case.py", line 546, in _callSetUp
    self.setUp()
  File "/workdir/future-0.18.2/tests/test_future/test_urllib_toplevel.py", line 381, in setUp
    self.registerFileForCleanUp(support.TESTFN)
AttributeError: module 'future.moves.test.support' has no attribute 'TESTFN'
________________ urlretrieve_FileTests.test_reporthook_5_bytes _________________
Traceback (most recent call last):
  File "/opt/graalpy/lib/python3.10/unittest/case.py", line 59, in testPartExecutor
    yield
  File "/opt/graalpy/lib/python3.10/unittest/case.py", line 587, in run
    self._callSetUp()
  File "/opt/graalpy/lib/python3.10/unittest/case.py", line 546, in _callSetUp
    self.setUp()
  File "/workdir/future-0.18.2/tests/test_future/test_urllib_toplevel.py", line 381, in setUp
    self.registerFileForCleanUp(support.TESTFN)
AttributeError: module 'future.moves.test.support' has no attribute 'TESTFN'
_______________ urlretrieve_FileTests.test_reporthook_8193_bytes _______________
Traceback (most recent call last):
  File "/opt/graalpy/lib/python3.10/unittest/case.py", line 59, in testPartExecutor
    yield
  File "/opt/graalpy/lib/python3.10/unittest/case.py", line 587, in run
    self._callSetUp()
  File "/opt/graalpy/lib/python3.10/unittest/case.py", line 546, in _callSetUp
    self.setUp()
  File "/workdir/future-0.18.2/tests/test_future/test_urllib_toplevel.py", line 381, in setUp
    self.registerFileForCleanUp(support.TESTFN)
AttributeError: module 'future.moves.test.support' has no attribute 'TESTFN'
________________________ UnquotingTests.test_unquoting _________________________
Traceback (most recent call last):
  File "/opt/graalpy/lib/python3.10/unittest/case.py", line 59, in testPartExecutor
    yield
  File "/opt/graalpy/lib/python3.10/unittest/case.py", line 591, in run
    self._callTestMethod(testMethod)
  File "/opt/graalpy/lib/python3.10/unittest/case.py", line 549, in _callTestMethod
    method()
  File "/workdir/future-0.18.2/tests/test_future/test_urllib_toplevel.py", line 784, in test_unquoting
    with support.check_warnings(('', BytesWarning), quiet=True):
AttributeError: module 'future.moves.test.support' has no attribute 'check_warnings'
_________________________ Utility_Tests.test_thishost __________________________
Traceback (most recent call last):
  File "/opt/graalpy/lib/python3.10/unittest/case.py", line 59, in testPartExecutor
    yield
  File "/opt/graalpy/lib/python3.10/unittest/case.py", line 591, in run
    self._callTestMethod(testMethod)
  File "/opt/graalpy/lib/python3.10/unittest/case.py", line 549, in _callTestMethod
    method()
  File "/workdir/future-0.18.2/tests/test_future/test_urllib_toplevel.py", line 1221, in test_thishost
    self.assertIsInstance(urllib_request.thishost(), tuple)
  File "/opt/graalpy/lib/python3.10/urllib/request.py", line 2367, in thishost
    _thishost = tuple(socket.gethostbyname_ex(socket.gethostname())[2])
AttributeError: module 'socket' has no attribute 'gethostbyname_ex'
_______________________ URLopener_Tests.test_quoted_open _______________________
Traceback (most recent call last):
  File "/opt/graalpy/lib/python3.10/unittest/case.py", line 59, in testPartExecutor
    yield
  File "/opt/graalpy/lib/python3.10/unittest/case.py", line 591, in run
    self._callTestMethod(testMethod)
  File "/opt/graalpy/lib/python3.10/unittest/case.py", line 549, in _callTestMethod
    method()
  File "/workdir/future-0.18.2/tests/test_future/test_urllib_toplevel.py", line 1231, in test_quoted_open
    with support.check_warnings(
AttributeError: module 'future.moves.test.support' has no attribute 'check_warnings'
______________________ Py2DictTest.test_setdefault_atomic ______________________
Traceback (most recent call last):
  File "/opt/graalpy/lib/python3.10/unittest/case.py", line 59, in testPartExecutor
    yield
  File "/opt/graalpy/lib/python3.10/unittest/case.py", line 591, in run
    self._callTestMethod(testMethod)
  File "/opt/graalpy/lib/python3.10/unittest/case.py", line 549, in _callTestMethod
    method()
  File "/workdir/future-0.18.2/tests/test_past/test_olddict.py", line 434, in test_setdefault_atomic
    self.assertEqual(hashed1.hash_count, 1)
  File "/opt/graalpy/lib/python3.10/unittest/case.py", line 845, in assertEqual
    assertion_func(first, second, msg=msg)
  File "/opt/graalpy/lib/python3.10/unittest/case.py", line 838, in _baseAssertEqual
    raise self.failureException(msg)
AssertionError: 3 != 1
_____________________________ TestOldStr.test_str ______________________________
Traceback (most recent call last):
  File "/opt/graalpy/lib/python3.10/unittest/case.py", line 59, in testPartExecutor
    yield
  File "/opt/graalpy/lib/python3.10/unittest/case.py", line 591, in run
    self._callTestMethod(testMethod)
  File "/opt/graalpy/lib/python3.10/unittest/case.py", line 549, in _callTestMethod
    method()
  File "/workdir/future-0.18.2/tests/test_past/test_oldstr.py", line 23, in test_str
    self.assertEqual(str(s1), 'abc')
  File "/workdir/future-0.18.2/.tox/graalpylibtest-unit-test-tests/lib/python3.10/site-packages/past/types/oldstr.py", line 115, in __str__
    assert s[:2] == "b'" and s[-1] == "'"
AssertionError
=============================== warnings summary ===============================
<frozen importlib._bootstrap>:241
tests/test_future/test_standard_library.py::TestStandardLibraryReorganization::test_reload
  <frozen importlib._bootstrap>:241: DeprecationWarning: the imp module is deprecated in favour of importlib and slated for removal in Python 3.12; see the module's documentation for alternative uses

tests/test_future/test_builtins.py:267
  /workdir/future-0.18.2/tests/test_future/test_builtins.py:267: DeprecationWarning: invalid escape sequence '\u'
    (str(b'\u0663\u0661\u0664 ','raw-unicode-escape'), 314),

tests/test_future/test_builtins.py:289
  /workdir/future-0.18.2/tests/test_future/test_builtins.py:289: DeprecationWarning: invalid escape sequence '\u'
    (str(b'\u0663\u0661\u0664 ','raw-unicode-escape'), 314),

<frozen importlib._bootstrap>:241
  <frozen importlib._bootstrap>:241: PendingDeprecationWarning: lib2to3 package is deprecated and may not be able to parse Python 3.10+

tests/test_future/test_htmlparser.py:685
  /workdir/future-0.18.2/tests/test_future/test_htmlparser.py:685: DeprecationWarning: invalid escape sequence '\='
    "<a $><b $=%><c \=/>",

tests/test_future/test_http_cookiejar.py:1034
  /workdir/future-0.18.2/tests/test_future/test_http_cookiejar.py:1034: DeprecationWarning: invalid escape sequence '\$'
    self.assertRegex(h, "\$Port([^=]|$)",

tests/test_future/test_http_cookiejar.py:1373
  /workdir/future-0.18.2/tests/test_future/test_http_cookiejar.py:1373: DeprecationWarning: invalid escape sequence '\s'
    '\s*\$Path="\/acme"')

tests/test_future/test_http_cookiejar.py:1375
  /workdir/future-0.18.2/tests/test_future/test_http_cookiejar.py:1375: DeprecationWarning: invalid escape sequence '\s'
    '\s*\$Path="\/acme"')

tests/test_future/test_urllib.py:536
  /workdir/future-0.18.2/tests/test_future/test_urllib.py:536: DeprecationWarning: invalid escape sequence '\^'
    """Tests for urllib.quote() and urllib.quote_plus()

tests/test_future/test_urllib.py:611
  /workdir/future-0.18.2/tests/test_future/test_urllib.py:611: DeprecationWarning: invalid escape sequence '\^'
    should_quote.append('<>#%"{}|\^[]`')

tests/test_future/test_urllib_toplevel.py:551
  /workdir/future-0.18.2/tests/test_future/test_urllib_toplevel.py:551: DeprecationWarning: invalid escape sequence '\^'
    """Tests for urllib.quote() and urllib.quote_plus()

tests/test_future/test_urllib_toplevel.py:626
  /workdir/future-0.18.2/tests/test_future/test_urllib_toplevel.py:626: DeprecationWarning: invalid escape sequence '\^'
    should_quote.append('<>#%"{}|\^[]`')

tests/test_future/test_int.py::IntTestCases::test_intconversion
  /workdir/future-0.18.2/tests/test_future/test_int.py:401: DeprecationWarning: The delegation of int() to __trunc__ is deprecated.
    int(TruncReturnsNonIntegral())

tests/test_future/test_int.py::IntTestCases::test_intconversion
  /workdir/future-0.18.2/tests/test_future/test_int.py:421: DeprecationWarning: The delegation of int() to __trunc__ is deprecated.
    int(TruncReturnsBadInt())

tests/test_future/test_int.py::IntTestCases::test_intconversion
tests/test_future/test_int.py::IntTestCases::test_intconversion
tests/test_future/test_int.py::IntTestCases::test_intconversion
tests/test_future/test_int.py::IntTestCases::test_intconversion
tests/test_future/test_int.py::IntTestCases::test_intconversion
tests/test_future/test_int.py::IntTestCases::test_intconversion
  /opt/graalpy/lib/python3.10/unittest/case.py:549: DeprecationWarning: The delegation of int() to __trunc__ is deprecated.
    method()

tests/test_future/test_urllib_toplevel.py::Utility_Tests::test_splitpasswd
  /workdir/future-0.18.2/tests/test_future/test_urllib_toplevel.py:1208: DeprecationWarning: urllib.parse.splitpasswd() is deprecated as of 3.8, use urllib.parse.urlparse() instead
    self.assertEqual(('user', 'ab'),urllib_parse.splitpasswd('user:ab'))

tests/test_future/test_urllib_toplevel.py::Utility_Tests::test_splitpasswd
  /workdir/future-0.18.2/tests/test_future/test_urllib_toplevel.py:1209: DeprecationWarning: urllib.parse.splitpasswd() is deprecated as of 3.8, use urllib.parse.urlparse() instead
    self.assertEqual(('user', 'a\nb'),urllib_parse.splitpasswd('user:a\nb'))

tests/test_future/test_urllib_toplevel.py::Utility_Tests::test_splitpasswd
  /workdir/future-0.18.2/tests/test_future/test_urllib_toplevel.py:1210: DeprecationWarning: urllib.parse.splitpasswd() is deprecated as of 3.8, use urllib.parse.urlparse() instead
    self.assertEqual(('user', 'a\tb'),urllib_parse.splitpasswd('user:a\tb'))

tests/test_future/test_urllib_toplevel.py::Utility_Tests::test_splitpasswd
  /workdir/future-0.18.2/tests/test_future/test_urllib_toplevel.py:1211: DeprecationWarning: urllib.parse.splitpasswd() is deprecated as of 3.8, use urllib.parse.urlparse() instead
    self.assertEqual(('user', 'a\rb'),urllib_parse.splitpasswd('user:a\rb'))

tests/test_future/test_urllib_toplevel.py::Utility_Tests::test_splitpasswd
  /workdir/future-0.18.2/tests/test_future/test_urllib_toplevel.py:1212: DeprecationWarning: urllib.parse.splitpasswd() is deprecated as of 3.8, use urllib.parse.urlparse() instead
    self.assertEqual(('user', 'a\fb'),urllib_parse.splitpasswd('user:a\fb'))

tests/test_future/test_urllib_toplevel.py::Utility_Tests::test_splitpasswd
  /workdir/future-0.18.2/tests/test_future/test_urllib_toplevel.py:1213: DeprecationWarning: urllib.parse.splitpasswd() is deprecated as of 3.8, use urllib.parse.urlparse() instead
    self.assertEqual(('user', 'a\vb'),urllib_parse.splitpasswd('user:a\vb'))

tests/test_future/test_urllib_toplevel.py::Utility_Tests::test_splitpasswd
  /workdir/future-0.18.2/tests/test_future/test_urllib_toplevel.py:1214: DeprecationWarning: urllib.parse.splitpasswd() is deprecated as of 3.8, use urllib.parse.urlparse() instead
    self.assertEqual(('user', 'a:b'),urllib_parse.splitpasswd('user:a:b'))

tests/test_future/test_urllib_toplevel.py::Utility_Tests::test_splitpasswd
  /workdir/future-0.18.2/tests/test_future/test_urllib_toplevel.py:1215: DeprecationWarning: urllib.parse.splitpasswd() is deprecated as of 3.8, use urllib.parse.urlparse() instead
    self.assertEqual(('user', 'a b'),urllib_parse.splitpasswd('user:a b'))

tests/test_future/test_urllib_toplevel.py::Utility_Tests::test_splitpasswd
  /workdir/future-0.18.2/tests/test_future/test_urllib_toplevel.py:1216: DeprecationWarning: urllib.parse.splitpasswd() is deprecated as of 3.8, use urllib.parse.urlparse() instead
    self.assertEqual(('user 2', 'ab'),urllib_parse.splitpasswd('user 2:ab'))

tests/test_future/test_urllib_toplevel.py::Utility_Tests::test_splitpasswd
  /workdir/future-0.18.2/tests/test_future/test_urllib_toplevel.py:1217: DeprecationWarning: urllib.parse.splitpasswd() is deprecated as of 3.8, use urllib.parse.urlparse() instead
    self.assertEqual(('user+1', 'a+b'),urllib_parse.splitpasswd('user+1:a+b'))

tests/test_future/test_urllibnet.py::urlopenNetworkTests::test_getcode
tests/test_future/test_urllibnet.py::test_main
  /workdir/future-0.18.2/tests/test_future/test_urllibnet.py:103: DeprecationWarning: FancyURLopener style of invoking requests is deprecated. Use newer urlopen functions/methods
    open_url = urllib_request.FancyURLopener().open(URL)

tests/test_future/test_utils.py::TestUtils::test_raise_
  /workdir/future-0.18.2/tests/test_future/test_utils.py:153: DeprecationWarning: Please use assertRaisesRegex instead.
    self.assertRaisesRegexp(

-- Docs: https://docs.pytest.org/en/stable/how-to/capture-warnings.html
- generated xml file: /workdir/results/future/0.18.2/1/graalpy-test-results.xml -
=========================== short test summary info ============================
FAILED tests/test_future/test_builtins.py::BuiltinTest::test_exec_globals - A...
FAILED tests/test_future/test_builtins.py::BuiltinTest::test_hash - Assertion...
FAILED tests/test_future/test_builtins.py::BuiltinTest::test_pow - AssertionE...
FAILED tests/test_future/test_bytes.py::TestBytes::test_bytes_is_bytes - Asse...
FAILED tests/test_future/test_futurize.py::TestFuturizeSimple::test_raw_input
FAILED tests/test_future/test_isinstance.py::TestIsInstanceIsSubclass::test_isinstance_recursion_limit
FAILED tests/test_future/test_isinstance.py::TestIsInstanceIsSubclass::test_subclass_recursion_limit
FAILED tests/test_future/test_urllib.py::urlopen_HttpTests::test_file_notexists
FAILED tests/test_future/test_urllib.py::Utility_Tests::test_thishost - Attri...
FAILED tests/test_future/test_urllib2.py::HandlerTests::test_file - Attribute...
FAILED tests/test_future/test_urllib2.py::HandlerTests::test_ftp - AssertionE...
FAILED tests/test_future/test_urllib2.py::test_main - future.backports.test.s...
FAILED tests/test_future/test_urllib_toplevel.py::urlopen_FileTests::test_close
FAILED tests/test_future/test_urllib_toplevel.py::urlopen_FileTests::test_fileno
FAILED tests/test_future/test_urllib_toplevel.py::urlopen_FileTests::test_getcode
FAILED tests/test_future/test_urllib_toplevel.py::urlopen_FileTests::test_geturl
FAILED tests/test_future/test_urllib_toplevel.py::urlopen_FileTests::test_info
FAILED tests/test_future/test_urllib_toplevel.py::urlopen_FileTests::test_interface
FAILED tests/test_future/test_urllib_toplevel.py::urlopen_FileTests::test_iter
FAILED tests/test_future/test_urllib_toplevel.py::urlopen_FileTests::test_read
FAILED tests/test_future/test_urllib_toplevel.py::urlopen_FileTests::test_readline
FAILED tests/test_future/test_urllib_toplevel.py::urlopen_FileTests::test_readlines
FAILED tests/test_future/test_urllib_toplevel.py::urlopen_FileTests::test_relativelocalfile
FAILED tests/test_future/test_urllib_toplevel.py::ProxyTests::test_getproxies_environment_keep_no_proxies
FAILED tests/test_future/test_urllib_toplevel.py::urlopen_HttpTests::test_URLopener_deprecation
FAILED tests/test_future/test_urllib_toplevel.py::urlopen_HttpTests::test_empty_socket
FAILED tests/test_future/test_urllib_toplevel.py::urlopen_HttpTests::test_file_notexists
FAILED tests/test_future/test_urllib_toplevel.py::urlopen_HttpTests::test_ftp_nohost
FAILED tests/test_future/test_urllib_toplevel.py::urlopen_HttpTests::test_ftp_nonexisting
FAILED tests/test_future/test_urllib_toplevel.py::urlopen_HttpTests::test_missing_localfile
FAILED tests/test_future/test_urllib_toplevel.py::urlopen_HttpTests::test_read_0_9
FAILED tests/test_future/test_urllib_toplevel.py::urlopen_HttpTests::test_read_1_0
FAILED tests/test_future/test_urllib_toplevel.py::urlopen_HttpTests::test_read_1_1
FAILED tests/test_future/test_urllib_toplevel.py::urlopen_HttpTests::test_read_bogus
FAILED tests/test_future/test_urllib_toplevel.py::urlopen_HttpTests::test_userpass_inurl
FAILED tests/test_future/test_urllib_toplevel.py::urlopen_HttpTests::test_userpass_inurl_w_spaces
FAILED tests/test_future/test_urllib_toplevel.py::urlretrieve_FileTests::test_basic
FAILED tests/test_future/test_urllib_toplevel.py::urlretrieve_FileTests::test_copy
FAILED tests/test_future/test_urllib_toplevel.py::urlretrieve_FileTests::test_reporthook
FAILED tests/test_future/test_urllib_toplevel.py::urlretrieve_FileTests::test_reporthook_0_bytes
FAILED tests/test_future/test_urllib_toplevel.py::urlretrieve_FileTests::test_reporthook_5_bytes
FAILED tests/test_future/test_urllib_toplevel.py::urlretrieve_FileTests::test_reporthook_8193_bytes
FAILED tests/test_future/test_urllib_toplevel.py::UnquotingTests::test_unquoting
FAILED tests/test_future/test_urllib_toplevel.py::Utility_Tests::test_thishost
FAILED tests/test_future/test_urllib_toplevel.py::URLopener_Tests::test_quoted_open
FAILED tests/test_past/test_olddict.py::Py2DictTest::test_setdefault_atomic
FAILED tests/test_past/test_oldstr.py::TestOldStr::test_str - AssertionError
= 47 failed, 998 passed, 38 skipped, 46 xfailed, 34 warnings in 2443.12s (0:40:43) =
ERROR: InvocationError for command /workdir/future-0.18.2/.tox/graalpylibtest-unit-test-tests/bin/pytest -v --tb=native --junitxml /workdir/results/future/0.18.2/1/graalpy-test-results.xml (exited with code 1)
___________________________________ summary ____________________________________
ERROR:   graalpylibtest-unit-test-tests: commands failed
