<?xml version="1.0" encoding="utf-8"?><testsuites><testsuite name="pytest" errors="91" failures="0" skipped="0" tests="91" time="4.750" timestamp="2023-11-22T17:31:15.066412" hostname="80ac3eb7f7f2"><testcase classname="" name="contrib.opencensus-correlation.tests.test_correlation_context" time="0.000"><error message="collection failure">ImportError while importing test module '/workdir/opencensus-0.11.2/contrib/opencensus-correlation/tests/test_correlation_context.py'.
Hint: make sure your test modules/packages have valid Python names.
Traceback:
/usr/local/lib/python3.10/importlib/__init__.py:126: in import_module
    return _bootstrap._gcd_import(name[level:], package, level)
contrib/opencensus-correlation/tests/test_correlation_context.py:17: in &lt;module&gt;
    from opencensus.common.correlationcontext import CorrelationContext
E   ModuleNotFoundError: No module named 'opencensus.common.correlationcontext'</error></testcase><testcase classname="" name="contrib.opencensus-ext-azure.tests.test_azure_log_exporter" time="0.000"><error message="collection failure">ImportError while importing test module '/workdir/opencensus-0.11.2/contrib/opencensus-ext-azure/tests/test_azure_log_exporter.py'.
Hint: make sure your test modules/packages have valid Python names.
Traceback:
/usr/local/lib/python3.10/importlib/__init__.py:126: in import_module
    return _bootstrap._gcd_import(name[level:], package, level)
contrib/opencensus-ext-azure/tests/test_azure_log_exporter.py:22: in &lt;module&gt;
    from opencensus.ext.azure import log_exporter
E   ModuleNotFoundError: No module named 'opencensus.ext'</error></testcase><testcase classname="" name="contrib.opencensus-ext-azure.tests.test_azure_metrics_exporter" time="0.000"><error message="collection failure">ImportError while importing test module '/workdir/opencensus-0.11.2/contrib/opencensus-ext-azure/tests/test_azure_metrics_exporter.py'.
Hint: make sure your test modules/packages have valid Python names.
Traceback:
/usr/local/lib/python3.10/importlib/__init__.py:126: in import_module
    return _bootstrap._gcd_import(name[level:], package, level)
contrib/opencensus-ext-azure/tests/test_azure_metrics_exporter.py:22: in &lt;module&gt;
    from opencensus.ext.azure.common.protocol import DataPoint
E   ModuleNotFoundError: No module named 'opencensus.ext'</error></testcase><testcase classname="" name="contrib.opencensus-ext-azure.tests.test_azure_standard_metrics" time="0.000"><error message="collection failure">ImportError while importing test module '/workdir/opencensus-0.11.2/contrib/opencensus-ext-azure/tests/test_azure_standard_metrics.py'.
Hint: make sure your test modules/packages have valid Python names.
Traceback:
/usr/local/lib/python3.10/importlib/__init__.py:126: in import_module
    return _bootstrap._gcd_import(name[level:], package, level)
contrib/opencensus-ext-azure/tests/test_azure_standard_metrics.py:22: in &lt;module&gt;
    from opencensus.ext.azure.metrics_exporter import standard_metrics
E   ModuleNotFoundError: No module named 'opencensus.ext'</error></testcase><testcase classname="" name="contrib.opencensus-ext-azure.tests.test_azure_statsbeat_metrics" time="0.000"><error message="collection failure">ImportError while importing test module '/workdir/opencensus-0.11.2/contrib/opencensus-ext-azure/tests/test_azure_statsbeat_metrics.py'.
Hint: make sure your test modules/packages have valid Python names.
Traceback:
/usr/local/lib/python3.10/importlib/__init__.py:126: in import_module
    return _bootstrap._gcd_import(name[level:], package, level)
contrib/opencensus-ext-azure/tests/test_azure_statsbeat_metrics.py:23: in &lt;module&gt;
    from opencensus.ext.azure.common import Options
E   ModuleNotFoundError: No module named 'opencensus.ext'</error></testcase><testcase classname="" name="contrib.opencensus-ext-azure.tests.test_azure_trace_exporter" time="0.000"><error message="collection failure">ImportError while importing test module '/workdir/opencensus-0.11.2/contrib/opencensus-ext-azure/tests/test_azure_trace_exporter.py'.
Hint: make sure your test modules/packages have valid Python names.
Traceback:
/usr/local/lib/python3.10/importlib/__init__.py:126: in import_module
    return _bootstrap._gcd_import(name[level:], package, level)
contrib/opencensus-ext-azure/tests/test_azure_trace_exporter.py:22: in &lt;module&gt;
    from opencensus.ext.azure import trace_exporter
E   ModuleNotFoundError: No module named 'opencensus.ext'</error></testcase><testcase classname="" name="contrib.opencensus-ext-azure.tests.test_azure_utils" time="0.000"><error message="collection failure">ImportError while importing test module '/workdir/opencensus-0.11.2/contrib/opencensus-ext-azure/tests/test_azure_utils.py'.
Hint: make sure your test modules/packages have valid Python names.
Traceback:
/usr/local/lib/python3.10/importlib/__init__.py:126: in import_module
    return _bootstrap._gcd_import(name[level:], package, level)
contrib/opencensus-ext-azure/tests/test_azure_utils.py:17: in &lt;module&gt;
    from opencensus.ext.azure.common import utils
E   ModuleNotFoundError: No module named 'opencensus.ext'</error></testcase><testcase classname="" name="contrib.opencensus-ext-azure.tests.test_options" time="0.000"><error message="collection failure">ImportError while importing test module '/workdir/opencensus-0.11.2/contrib/opencensus-ext-azure/tests/test_options.py'.
Hint: make sure your test modules/packages have valid Python names.
Traceback:
/usr/local/lib/python3.10/importlib/__init__.py:126: in import_module
    return _bootstrap._gcd_import(name[level:], package, level)
contrib/opencensus-ext-azure/tests/test_options.py:18: in &lt;module&gt;
    from opencensus.ext.azure import common
E   ModuleNotFoundError: No module named 'opencensus.ext'</error></testcase><testcase classname="" name="contrib.opencensus-ext-azure.tests.test_processor_mixin" time="0.000"><error message="collection failure">ImportError while importing test module '/workdir/opencensus-0.11.2/contrib/opencensus-ext-azure/tests/test_processor_mixin.py'.
Hint: make sure your test modules/packages have valid Python names.
Traceback:
/usr/local/lib/python3.10/importlib/__init__.py:126: in import_module
    return _bootstrap._gcd_import(name[level:], package, level)
contrib/opencensus-ext-azure/tests/test_processor_mixin.py:17: in &lt;module&gt;
    from opencensus.ext.azure.common.processor import ProcessorMixin
E   ModuleNotFoundError: No module named 'opencensus.ext'</error></testcase><testcase classname="" name="contrib.opencensus-ext-azure.tests.test_protocol" time="0.000"><error message="collection failure">ImportError while importing test module '/workdir/opencensus-0.11.2/contrib/opencensus-ext-azure/tests/test_protocol.py'.
Hint: make sure your test modules/packages have valid Python names.
Traceback:
/usr/local/lib/python3.10/importlib/__init__.py:126: in import_module
    return _bootstrap._gcd_import(name[level:], package, level)
contrib/opencensus-ext-azure/tests/test_protocol.py:17: in &lt;module&gt;
    from opencensus.ext.azure.common import protocol
E   ModuleNotFoundError: No module named 'opencensus.ext'</error></testcase><testcase classname="" name="contrib.opencensus-ext-azure.tests.test_storage" time="0.000"><error message="collection failure">ImportError while importing test module '/workdir/opencensus-0.11.2/contrib/opencensus-ext-azure/tests/test_storage.py'.
Hint: make sure your test modules/packages have valid Python names.
Traceback:
/usr/local/lib/python3.10/importlib/__init__.py:126: in import_module
    return _bootstrap._gcd_import(name[level:], package, level)
contrib/opencensus-ext-azure/tests/test_storage.py:21: in &lt;module&gt;
    from opencensus.ext.azure.common.storage import (
E   ModuleNotFoundError: No module named 'opencensus.ext'</error></testcase><testcase classname="" name="contrib.opencensus-ext-azure.tests.test_transport_mixin" time="0.000"><error message="collection failure">ImportError while importing test module '/workdir/opencensus-0.11.2/contrib/opencensus-ext-azure/tests/test_transport_mixin.py'.
Hint: make sure your test modules/packages have valid Python names.
Traceback:
/usr/local/lib/python3.10/importlib/__init__.py:126: in import_module
    return _bootstrap._gcd_import(name[level:], package, level)
contrib/opencensus-ext-azure/tests/test_transport_mixin.py:22: in &lt;module&gt;
    from azure.core.exceptions import ClientAuthenticationError
E   ModuleNotFoundError: No module named 'azure'</error></testcase><testcase classname="" name="contrib.opencensus-ext-dbapi.tests.test_dbapi_trace" time="0.000"><error message="collection failure">ImportError while importing test module '/workdir/opencensus-0.11.2/contrib/opencensus-ext-dbapi/tests/test_dbapi_trace.py'.
Hint: make sure your test modules/packages have valid Python names.
Traceback:
/usr/local/lib/python3.10/importlib/__init__.py:126: in import_module
    return _bootstrap._gcd_import(name[level:], package, level)
contrib/opencensus-ext-dbapi/tests/test_dbapi_trace.py:19: in &lt;module&gt;
    from opencensus.ext.dbapi import trace
E   ModuleNotFoundError: No module named 'opencensus.ext'</error></testcase><testcase classname="" name="contrib.opencensus-ext-django.tests.test_django_db_middleware" time="0.000"><error message="collection failure">ImportError while importing test module '/workdir/opencensus-0.11.2/contrib/opencensus-ext-django/tests/test_django_db_middleware.py'.
Hint: make sure your test modules/packages have valid Python names.
Traceback:
/usr/local/lib/python3.10/importlib/__init__.py:126: in import_module
    return _bootstrap._gcd_import(name[level:], package, level)
contrib/opencensus-ext-django/tests/test_django_db_middleware.py:18: in &lt;module&gt;
    import django
E   ModuleNotFoundError: No module named 'django'</error></testcase><testcase classname="" name="contrib.opencensus-ext-django.tests.test_django_middleware" time="0.000"><error message="collection failure">ImportError while importing test module '/workdir/opencensus-0.11.2/contrib/opencensus-ext-django/tests/test_django_middleware.py'.
Hint: make sure your test modules/packages have valid Python names.
Traceback:
/usr/local/lib/python3.10/importlib/__init__.py:126: in import_module
    return _bootstrap._gcd_import(name[level:], package, level)
contrib/opencensus-ext-django/tests/test_django_middleware.py:20: in &lt;module&gt;
    from django.http import HttpResponse
E   ModuleNotFoundError: No module named 'django'</error></testcase><testcase classname="" name="contrib.opencensus-ext-fastapi.tests.test_fastapi_middleware" time="0.000"><error message="collection failure">ImportError while importing test module '/workdir/opencensus-0.11.2/contrib/opencensus-ext-fastapi/tests/test_fastapi_middleware.py'.
Hint: make sure your test modules/packages have valid Python names.
Traceback:
/usr/local/lib/python3.10/importlib/__init__.py:126: in import_module
    return _bootstrap._gcd_import(name[level:], package, level)
contrib/opencensus-ext-fastapi/tests/test_fastapi_middleware.py:21: in &lt;module&gt;
    from fastapi import FastAPI
E   ModuleNotFoundError: No module named 'fastapi'</error></testcase><testcase classname="" name="contrib.opencensus-ext-flask.tests.test_flask_middleware" time="0.000"><error message="collection failure">ImportError while importing test module '/workdir/opencensus-0.11.2/contrib/opencensus-ext-flask/tests/test_flask_middleware.py'.
Hint: make sure your test modules/packages have valid Python names.
Traceback:
/usr/local/lib/python3.10/importlib/__init__.py:126: in import_module
    return _bootstrap._gcd_import(name[level:], package, level)
contrib/opencensus-ext-flask/tests/test_flask_middleware.py:20: in &lt;module&gt;
    import flask
E   ModuleNotFoundError: No module named 'flask'</error></testcase><testcase classname="" name="contrib.opencensus-ext-google-cloud-clientlibs.tests.test_google_cloud_clientlibs_trace" time="0.000"><error message="collection failure">ImportError while importing test module '/workdir/opencensus-0.11.2/contrib/opencensus-ext-google-cloud-clientlibs/tests/test_google_cloud_clientlibs_trace.py'.
Hint: make sure your test modules/packages have valid Python names.
Traceback:
/usr/local/lib/python3.10/importlib/__init__.py:126: in import_module
    return _bootstrap._gcd_import(name[level:], package, level)
contrib/opencensus-ext-google-cloud-clientlibs/tests/test_google_cloud_clientlibs_trace.py:17: in &lt;module&gt;
    import grpc
E   ModuleNotFoundError: No module named 'grpc'</error></testcase><testcase classname="" name="contrib.opencensus-ext-grpc.tests.test_client_interceptor" time="0.000"><error message="collection failure">ImportError while importing test module '/workdir/opencensus-0.11.2/contrib/opencensus-ext-grpc/tests/test_client_interceptor.py'.
Hint: make sure your test modules/packages have valid Python names.
Traceback:
/usr/local/lib/python3.10/importlib/__init__.py:126: in import_module
    return _bootstrap._gcd_import(name[level:], package, level)
contrib/opencensus-ext-grpc/tests/test_client_interceptor.py:19: in &lt;module&gt;
    import grpc
E   ModuleNotFoundError: No module named 'grpc'</error></testcase><testcase classname="" name="contrib.opencensus-ext-grpc.tests.test_server_interceptor" time="0.000"><error message="collection failure">ImportError while importing test module '/workdir/opencensus-0.11.2/contrib/opencensus-ext-grpc/tests/test_server_interceptor.py'.
Hint: make sure your test modules/packages have valid Python names.
Traceback:
/usr/local/lib/python3.10/importlib/__init__.py:126: in import_module
    return _bootstrap._gcd_import(name[level:], package, level)
contrib/opencensus-ext-grpc/tests/test_server_interceptor.py:20: in &lt;module&gt;
    from opencensus.ext.grpc import server_interceptor
E   ModuleNotFoundError: No module named 'opencensus.ext'</error></testcase><testcase classname="" name="contrib.opencensus-ext-httplib.tests.test_httplib_trace" time="0.000"><error message="collection failure">ImportError while importing test module '/workdir/opencensus-0.11.2/contrib/opencensus-ext-httplib/tests/test_httplib_trace.py'.
Hint: make sure your test modules/packages have valid Python names.
Traceback:
/usr/local/lib/python3.10/importlib/__init__.py:126: in import_module
    return _bootstrap._gcd_import(name[level:], package, level)
contrib/opencensus-ext-httplib/tests/test_httplib_trace.py:19: in &lt;module&gt;
    from opencensus.ext.httplib import trace
E   ModuleNotFoundError: No module named 'opencensus.ext'</error></testcase><testcase classname="" name="contrib.opencensus-ext-httpx.tests.test_httpx_trace" time="0.000"><error message="collection failure">ImportError while importing test module '/workdir/opencensus-0.11.2/contrib/opencensus-ext-httpx/tests/test_httpx_trace.py'.
Hint: make sure your test modules/packages have valid Python names.
Traceback:
/usr/local/lib/python3.10/importlib/__init__.py:126: in import_module
    return _bootstrap._gcd_import(name[level:], package, level)
contrib/opencensus-ext-httpx/tests/test_httpx_trace.py:17: in &lt;module&gt;
    import httpx
E   ModuleNotFoundError: No module named 'httpx'</error></testcase><testcase classname="" name="contrib.opencensus-ext-jaeger.tests.test_jaeger_exporter" time="0.000"><error message="collection failure">ImportError while importing test module '/workdir/opencensus-0.11.2/contrib/opencensus-ext-jaeger/tests/test_jaeger_exporter.py'.
Hint: make sure your test modules/packages have valid Python names.
Traceback:
/usr/local/lib/python3.10/importlib/__init__.py:126: in import_module
    return _bootstrap._gcd_import(name[level:], package, level)
contrib/opencensus-ext-jaeger/tests/test_jaeger_exporter.py:19: in &lt;module&gt;
    from opencensus.ext.jaeger import trace_exporter
E   ModuleNotFoundError: No module named 'opencensus.ext'</error></testcase><testcase classname="" name="contrib.opencensus-ext-logging.tests.test_logging_integration" time="0.000"><error message="collection failure">ImportError while importing test module '/workdir/opencensus-0.11.2/contrib/opencensus-ext-logging/tests/test_logging_integration.py'.
Hint: make sure your test modules/packages have valid Python names.
Traceback:
/usr/local/lib/python3.10/importlib/__init__.py:126: in import_module
    return _bootstrap._gcd_import(name[level:], package, level)
contrib/opencensus-ext-logging/tests/test_logging_integration.py:18: in &lt;module&gt;
    from opencensus.trace import config_integration
.tox/cpythonlibtest-unit-test-tests/lib/python3.10/site-packages/opencensus/trace/__init__.py:15: in &lt;module&gt;
    from opencensus.trace.span import Span
.tox/cpythonlibtest-unit-test-tests/lib/python3.10/site-packages/opencensus/trace/span.py:28: in &lt;module&gt;
    from opencensus.trace import attributes as attributes_module
.tox/cpythonlibtest-unit-test-tests/lib/python3.10/site-packages/opencensus/trace/attributes.py:14: in &lt;module&gt;
    import six
E   ModuleNotFoundError: No module named 'six'</error></testcase><testcase classname="" name="contrib.opencensus-ext-mysql.tests.test_mysql_trace" time="0.000"><error message="collection failure">ImportError while importing test module '/workdir/opencensus-0.11.2/contrib/opencensus-ext-mysql/tests/test_mysql_trace.py'.
Hint: make sure your test modules/packages have valid Python names.
Traceback:
/usr/local/lib/python3.10/importlib/__init__.py:126: in import_module
    return _bootstrap._gcd_import(name[level:], package, level)
contrib/opencensus-ext-mysql/tests/test_mysql_trace.py:19: in &lt;module&gt;
    from opencensus.ext.mysql import trace
E   ModuleNotFoundError: No module named 'opencensus.ext'</error></testcase><testcase classname="" name="contrib.opencensus-ext-ocagent.tests.test_ocagent_utils" time="0.000"><error message="collection failure">ImportError while importing test module '/workdir/opencensus-0.11.2/contrib/opencensus-ext-ocagent/tests/test_ocagent_utils.py'.
Hint: make sure your test modules/packages have valid Python names.
Traceback:
/usr/local/lib/python3.10/importlib/__init__.py:126: in import_module
    return _bootstrap._gcd_import(name[level:], package, level)
contrib/opencensus-ext-ocagent/tests/test_ocagent_utils.py:19: in &lt;module&gt;
    from opencensus.ext.ocagent import utils
E   ModuleNotFoundError: No module named 'opencensus.ext'</error></testcase><testcase classname="" name="contrib.opencensus-ext-ocagent.tests.test_stats_exporter" time="0.000"><error message="collection failure">ImportError while importing test module '/workdir/opencensus-0.11.2/contrib/opencensus-ext-ocagent/tests/test_stats_exporter.py'.
Hint: make sure your test modules/packages have valid Python names.
Traceback:
/usr/local/lib/python3.10/importlib/__init__.py:126: in import_module
    return _bootstrap._gcd_import(name[level:], package, level)
contrib/opencensus-ext-ocagent/tests/test_stats_exporter.py:23: in &lt;module&gt;
    import grpc
E   ModuleNotFoundError: No module named 'grpc'</error></testcase><testcase classname="" name="contrib.opencensus-ext-ocagent.tests.test_trace_exporter" time="0.000"><error message="collection failure">ImportError while importing test module '/workdir/opencensus-0.11.2/contrib/opencensus-ext-ocagent/tests/test_trace_exporter.py'.
Hint: make sure your test modules/packages have valid Python names.
Traceback:
/usr/local/lib/python3.10/importlib/__init__.py:126: in import_module
    return _bootstrap._gcd_import(name[level:], package, level)
contrib/opencensus-ext-ocagent/tests/test_trace_exporter.py:20: in &lt;module&gt;
    import grpc
E   ModuleNotFoundError: No module named 'grpc'</error></testcase><testcase classname="" name="contrib.opencensus-ext-ocagent.tests.test_trace_exporter_utils" time="0.000"><error message="collection failure">ImportError while importing test module '/workdir/opencensus-0.11.2/contrib/opencensus-ext-ocagent/tests/test_trace_exporter_utils.py'.
Hint: make sure your test modules/packages have valid Python names.
Traceback:
/usr/local/lib/python3.10/importlib/__init__.py:126: in import_module
    return _bootstrap._gcd_import(name[level:], package, level)
contrib/opencensus-ext-ocagent/tests/test_trace_exporter_utils.py:19: in &lt;module&gt;
    from opencensus.ext.ocagent.trace_exporter import utils
E   ModuleNotFoundError: No module named 'opencensus.ext'</error></testcase><testcase classname="" name="contrib.opencensus-ext-postgresql.tests.test_postgresql_trace" time="0.000"><error message="collection failure">ImportError while importing test module '/workdir/opencensus-0.11.2/contrib/opencensus-ext-postgresql/tests/test_postgresql_trace.py'.
Hint: make sure your test modules/packages have valid Python names.
Traceback:
/usr/local/lib/python3.10/importlib/__init__.py:126: in import_module
    return _bootstrap._gcd_import(name[level:], package, level)
contrib/opencensus-ext-postgresql/tests/test_postgresql_trace.py:19: in &lt;module&gt;
    from opencensus.ext.postgresql import trace
E   ModuleNotFoundError: No module named 'opencensus.ext'</error></testcase><testcase classname="" name="contrib.opencensus-ext-prometheus.tests.test_prometheus_stats" time="0.000"><error message="collection failure">ImportError while importing test module '/workdir/opencensus-0.11.2/contrib/opencensus-ext-prometheus/tests/test_prometheus_stats.py'.
Hint: make sure your test modules/packages have valid Python names.
Traceback:
/usr/local/lib/python3.10/importlib/__init__.py:126: in import_module
    return _bootstrap._gcd_import(name[level:], package, level)
contrib/opencensus-ext-prometheus/tests/test_prometheus_stats.py:19: in &lt;module&gt;
    from prometheus_client.core import Sample
E   ModuleNotFoundError: No module named 'prometheus_client'</error></testcase><testcase classname="" name="contrib.opencensus-ext-pymongo.tests.test_pymongo_trace" time="0.000"><error message="collection failure">ImportError while importing test module '/workdir/opencensus-0.11.2/contrib/opencensus-ext-pymongo/tests/test_pymongo_trace.py'.
Hint: make sure your test modules/packages have valid Python names.
Traceback:
/usr/local/lib/python3.10/importlib/__init__.py:126: in import_module
    return _bootstrap._gcd_import(name[level:], package, level)
contrib/opencensus-ext-pymongo/tests/test_pymongo_trace.py:19: in &lt;module&gt;
    from opencensus.ext.pymongo import trace
E   ModuleNotFoundError: No module named 'opencensus.ext'</error></testcase><testcase classname="" name="contrib.opencensus-ext-pymysql.tests.test_pymysql_trace" time="0.000"><error message="collection failure">ImportError while importing test module '/workdir/opencensus-0.11.2/contrib/opencensus-ext-pymysql/tests/test_pymysql_trace.py'.
Hint: make sure your test modules/packages have valid Python names.
Traceback:
/usr/local/lib/python3.10/importlib/__init__.py:126: in import_module
    return _bootstrap._gcd_import(name[level:], package, level)
contrib/opencensus-ext-pymysql/tests/test_pymysql_trace.py:19: in &lt;module&gt;
    from opencensus.ext.pymysql import trace
E   ModuleNotFoundError: No module named 'opencensus.ext'</error></testcase><testcase classname="" name="contrib.opencensus-ext-pyramid.tests.test_pyramid_config" time="0.000"><error message="collection failure">ImportError while importing test module '/workdir/opencensus-0.11.2/contrib/opencensus-ext-pyramid/tests/test_pyramid_config.py'.
Hint: make sure your test modules/packages have valid Python names.
Traceback:
/usr/local/lib/python3.10/importlib/__init__.py:126: in import_module
    return _bootstrap._gcd_import(name[level:], package, level)
contrib/opencensus-ext-pyramid/tests/test_pyramid_config.py:19: in &lt;module&gt;
    from opencensus.ext.pyramid import config
E   ModuleNotFoundError: No module named 'opencensus.ext'</error></testcase><testcase classname="" name="contrib.opencensus-ext-pyramid.tests.test_pyramid_middleware" time="0.000"><error message="collection failure">ImportError while importing test module '/workdir/opencensus-0.11.2/contrib/opencensus-ext-pyramid/tests/test_pyramid_middleware.py'.
Hint: make sure your test modules/packages have valid Python names.
Traceback:
/usr/local/lib/python3.10/importlib/__init__.py:126: in import_module
    return _bootstrap._gcd_import(name[level:], package, level)
contrib/opencensus-ext-pyramid/tests/test_pyramid_middleware.py:21: in &lt;module&gt;
    from pyramid.registry import Registry
E   ModuleNotFoundError: No module named 'pyramid'</error></testcase><testcase classname="" name="contrib.opencensus-ext-requests.tests.test_requests_trace" time="0.000"><error message="collection failure">ImportError while importing test module '/workdir/opencensus-0.11.2/contrib/opencensus-ext-requests/tests/test_requests_trace.py'.
Hint: make sure your test modules/packages have valid Python names.
Traceback:
/usr/local/lib/python3.10/importlib/__init__.py:126: in import_module
    return _bootstrap._gcd_import(name[level:], package, level)
contrib/opencensus-ext-requests/tests/test_requests_trace.py:20: in &lt;module&gt;
    from opencensus.ext.requests import trace
E   ModuleNotFoundError: No module named 'opencensus.ext'</error></testcase><testcase classname="" name="contrib.opencensus-ext-sqlalchemy.tests.test_sqlalchemy_trace" time="0.000"><error message="collection failure">ImportError while importing test module '/workdir/opencensus-0.11.2/contrib/opencensus-ext-sqlalchemy/tests/test_sqlalchemy_trace.py'.
Hint: make sure your test modules/packages have valid Python names.
Traceback:
/usr/local/lib/python3.10/importlib/__init__.py:126: in import_module
    return _bootstrap._gcd_import(name[level:], package, level)
contrib/opencensus-ext-sqlalchemy/tests/test_sqlalchemy_trace.py:19: in &lt;module&gt;
    from opencensus.ext.sqlalchemy import trace
E   ModuleNotFoundError: No module named 'opencensus.ext'</error></testcase><testcase classname="" name="contrib.opencensus-ext-stackdriver.tests.test_stackdriver_exporter" time="0.000"><error message="collection failure">ImportError while importing test module '/workdir/opencensus-0.11.2/contrib/opencensus-ext-stackdriver/tests/test_stackdriver_exporter.py'.
Hint: make sure your test modules/packages have valid Python names.
Traceback:
/usr/local/lib/python3.10/importlib/__init__.py:126: in import_module
    return _bootstrap._gcd_import(name[level:], package, level)
contrib/opencensus-ext-stackdriver/tests/test_stackdriver_exporter.py:20: in &lt;module&gt;
    from opencensus.ext.stackdriver import trace_exporter
E   ModuleNotFoundError: No module named 'opencensus.ext'</error></testcase><testcase classname="" name="contrib.opencensus-ext-stackdriver.tests.test_stackdriver_stats" time="0.000"><error message="collection failure">ImportError while importing test module '/workdir/opencensus-0.11.2/contrib/opencensus-ext-stackdriver/tests/test_stackdriver_stats.py'.
Hint: make sure your test modules/packages have valid Python names.
Traceback:
/usr/local/lib/python3.10/importlib/__init__.py:126: in import_module
    return _bootstrap._gcd_import(name[level:], package, level)
contrib/opencensus-ext-stackdriver/tests/test_stackdriver_stats.py:21: in &lt;module&gt;
    from google.cloud import monitoring_v3
E   ImportError: cannot import name 'monitoring_v3' from 'google.cloud' (unknown location)</error></testcase><testcase classname="" name="contrib.opencensus-ext-threading.tests.test_threading_trace" time="0.000"><error message="collection failure">ImportError while importing test module '/workdir/opencensus-0.11.2/contrib/opencensus-ext-threading/tests/test_threading_trace.py'.
Hint: make sure your test modules/packages have valid Python names.
Traceback:
/usr/local/lib/python3.10/importlib/__init__.py:126: in import_module
    return _bootstrap._gcd_import(name[level:], package, level)
contrib/opencensus-ext-threading/tests/test_threading_trace.py:22: in &lt;module&gt;
    from opencensus.ext.threading import trace
E   ModuleNotFoundError: No module named 'opencensus.ext'</error></testcase><testcase classname="" name="contrib.opencensus-ext-zipkin.tests.test_zipkin_exporter" time="0.000"><error message="collection failure">ImportError while importing test module '/workdir/opencensus-0.11.2/contrib/opencensus-ext-zipkin/tests/test_zipkin_exporter.py'.
Hint: make sure your test modules/packages have valid Python names.
Traceback:
/usr/local/lib/python3.10/importlib/__init__.py:126: in import_module
    return _bootstrap._gcd_import(name[level:], package, level)
contrib/opencensus-ext-zipkin/tests/test_zipkin_exporter.py:20: in &lt;module&gt;
    from opencensus.ext.zipkin import trace_exporter
E   ModuleNotFoundError: No module named 'opencensus.ext'</error></testcase><testcase classname="" name="tests.system.stats.prometheus.prometheus_stats_test" time="0.000"><error message="collection failure">ImportError while importing test module '/workdir/opencensus-0.11.2/tests/system/stats/prometheus/prometheus_stats_test.py'.
Hint: make sure your test modules/packages have valid Python names.
Traceback:
/usr/local/lib/python3.10/importlib/__init__.py:126: in import_module
    return _bootstrap._gcd_import(name[level:], package, level)
tests/system/stats/prometheus/prometheus_stats_test.py:20: in &lt;module&gt;
    from opencensus.ext.prometheus import stats_exporter as prometheus
E   ModuleNotFoundError: No module named 'opencensus.ext'</error></testcase><testcase classname="" name="tests.system.stats.stackdriver.stackdriver_stats_test" time="0.000"><error message="collection failure">ImportError while importing test module '/workdir/opencensus-0.11.2/tests/system/stats/stackdriver/stackdriver_stats_test.py'.
Hint: make sure your test modules/packages have valid Python names.
Traceback:
/usr/local/lib/python3.10/importlib/__init__.py:126: in import_module
    return _bootstrap._gcd_import(name[level:], package, level)
tests/system/stats/stackdriver/stackdriver_stats_test.py:21: in &lt;module&gt;
    from google.cloud import monitoring_v3
E   ImportError: cannot import name 'monitoring_v3' from 'google.cloud' (unknown location)</error></testcase><testcase classname="" name="tests.system.trace.django.django_system_test" time="0.000"><error message="collection failure">ImportError while importing test module '/workdir/opencensus-0.11.2/tests/system/trace/django/django_system_test.py'.
Hint: make sure your test modules/packages have valid Python names.
Traceback:
/usr/local/lib/python3.10/importlib/__init__.py:126: in import_module
    return _bootstrap._gcd_import(name[level:], package, level)
tests/system/trace/django/django_system_test.py:22: in &lt;module&gt;
    from retrying import retry
E   ModuleNotFoundError: No module named 'retrying'</error></testcase><testcase classname="" name="tests.system.trace.flask.flask_system_test" time="0.000"><error message="collection failure">ImportError while importing test module '/workdir/opencensus-0.11.2/tests/system/trace/flask/flask_system_test.py'.
Hint: make sure your test modules/packages have valid Python names.
Traceback:
/usr/local/lib/python3.10/importlib/__init__.py:126: in import_module
    return _bootstrap._gcd_import(name[level:], package, level)
tests/system/trace/flask/flask_system_test.py:22: in &lt;module&gt;
    from retrying import retry
E   ModuleNotFoundError: No module named 'retrying'</error></testcase><testcase classname="" name="tests.unit.common.test_schedule" time="0.000"><error message="collection failure">ImportError while importing test module '/workdir/opencensus-0.11.2/tests/unit/common/test_schedule.py'.
Hint: make sure your test modules/packages have valid Python names.
Traceback:
/usr/local/lib/python3.10/importlib/__init__.py:126: in import_module
    return _bootstrap._gcd_import(name[level:], package, level)
tests/unit/common/test_schedule.py:17: in &lt;module&gt;
    from opencensus.common.schedule import PeriodicTask, Queue, QueueEvent
.tox/cpythonlibtest-unit-test-tests/lib/python3.10/site-packages/opencensus/common/schedule/__init__.py:15: in &lt;module&gt;
    from six.moves import queue
E   ModuleNotFoundError: No module named 'six'</error></testcase><testcase classname="" name="tests.unit.common.transports.test_async" time="0.000"><error message="collection failure">ImportError while importing test module '/workdir/opencensus-0.11.2/tests/unit/common/transports/test_async.py'.
Hint: make sure your test modules/packages have valid Python names.
Traceback:
/usr/local/lib/python3.10/importlib/__init__.py:126: in import_module
    return _bootstrap._gcd_import(name[level:], package, level)
tests/unit/common/transports/test_async.py:19: in &lt;module&gt;
    from opencensus.common.transports import async_
.tox/cpythonlibtest-unit-test-tests/lib/python3.10/site-packages/opencensus/common/transports/async_.py:15: in &lt;module&gt;
    from six.moves import queue, range
E   ModuleNotFoundError: No module named 'six'</error></testcase><testcase classname="" name="tests.unit.common.transports.test_sync" time="0.000"><error message="collection failure">ImportError while importing test module '/workdir/opencensus-0.11.2/tests/unit/common/transports/test_sync.py'.
Hint: make sure your test modules/packages have valid Python names.
Traceback:
/usr/local/lib/python3.10/importlib/__init__.py:126: in import_module
    return _bootstrap._gcd_import(name[level:], package, level)
tests/unit/common/transports/test_sync.py:19: in &lt;module&gt;
    from opencensus.common.transports import sync
.tox/cpythonlibtest-unit-test-tests/lib/python3.10/site-packages/opencensus/common/transports/sync.py:16: in &lt;module&gt;
    from opencensus.trace import execution_context
.tox/cpythonlibtest-unit-test-tests/lib/python3.10/site-packages/opencensus/trace/__init__.py:15: in &lt;module&gt;
    from opencensus.trace.span import Span
.tox/cpythonlibtest-unit-test-tests/lib/python3.10/site-packages/opencensus/trace/span.py:28: in &lt;module&gt;
    from opencensus.trace import attributes as attributes_module
.tox/cpythonlibtest-unit-test-tests/lib/python3.10/site-packages/opencensus/trace/attributes.py:14: in &lt;module&gt;
    import six
E   ModuleNotFoundError: No module named 'six'</error></testcase><testcase classname="" name="tests.unit.log.test_log" time="0.000"><error message="collection failure">ImportError while importing test module '/workdir/opencensus-0.11.2/tests/unit/log/test_log.py'.
Hint: make sure your test modules/packages have valid Python names.
Traceback:
/usr/local/lib/python3.10/importlib/__init__.py:126: in import_module
    return _bootstrap._gcd_import(name[level:], package, level)
tests/unit/log/test_log.py:21: in &lt;module&gt;
    from opencensus import log
.tox/cpythonlibtest-unit-test-tests/lib/python3.10/site-packages/opencensus/log/__init__.py:19: in &lt;module&gt;
    from opencensus.trace import execution_context
.tox/cpythonlibtest-unit-test-tests/lib/python3.10/site-packages/opencensus/trace/__init__.py:15: in &lt;module&gt;
    from opencensus.trace.span import Span
.tox/cpythonlibtest-unit-test-tests/lib/python3.10/site-packages/opencensus/trace/span.py:28: in &lt;module&gt;
    from opencensus.trace import attributes as attributes_module
.tox/cpythonlibtest-unit-test-tests/lib/python3.10/site-packages/opencensus/trace/attributes.py:14: in &lt;module&gt;
    import six
E   ModuleNotFoundError: No module named 'six'</error></testcase><testcase classname="" name="tests.unit.metrics.test_transport" time="0.000"><error message="collection failure">ImportError while importing test module '/workdir/opencensus-0.11.2/tests/unit/metrics/test_transport.py'.
Hint: make sure your test modules/packages have valid Python names.
Traceback:
/usr/local/lib/python3.10/importlib/__init__.py:126: in import_module
    return _bootstrap._gcd_import(name[level:], package, level)
tests/unit/metrics/test_transport.py:21: in &lt;module&gt;
    from opencensus.metrics import transport
.tox/cpythonlibtest-unit-test-tests/lib/python3.10/site-packages/opencensus/metrics/transport.py:19: in &lt;module&gt;
    from opencensus.common.schedule import PeriodicTask
.tox/cpythonlibtest-unit-test-tests/lib/python3.10/site-packages/opencensus/common/schedule/__init__.py:15: in &lt;module&gt;
    from six.moves import queue
E   ModuleNotFoundError: No module named 'six'</error></testcase><testcase classname="" name="tests.unit.metrics.export.test_cumulative" time="0.000"><error message="collection failure">ImportError while importing test module '/workdir/opencensus-0.11.2/tests/unit/metrics/export/test_cumulative.py'.
Hint: make sure your test modules/packages have valid Python names.
Traceback:
/usr/local/lib/python3.10/importlib/__init__.py:126: in import_module
    return _bootstrap._gcd_import(name[level:], package, level)
tests/unit/metrics/export/test_cumulative.py:19: in &lt;module&gt;
    from opencensus.metrics.export import cumulative, gauge, metric_descriptor
.tox/cpythonlibtest-unit-test-tests/lib/python3.10/site-packages/opencensus/metrics/export/cumulative.py:15: in &lt;module&gt;
    import six
E   ModuleNotFoundError: No module named 'six'</error></testcase><testcase classname="" name="tests.unit.metrics.export.test_gauge" time="0.000"><error message="collection failure">ImportError while importing test module '/workdir/opencensus-0.11.2/tests/unit/metrics/export/test_gauge.py'.
Hint: make sure your test modules/packages have valid Python names.
Traceback:
/usr/local/lib/python3.10/importlib/__init__.py:126: in import_module
    return _bootstrap._gcd_import(name[level:], package, level)
tests/unit/metrics/export/test_gauge.py:20: in &lt;module&gt;
    from opencensus.metrics.export import gauge, metric_descriptor
.tox/cpythonlibtest-unit-test-tests/lib/python3.10/site-packages/opencensus/metrics/export/gauge.py:15: in &lt;module&gt;
    import six
E   ModuleNotFoundError: No module named 'six'</error></testcase><testcase classname="" name="tests.unit.metrics.export.test_metric" time="0.000"><error message="collection failure">ImportError while importing test module '/workdir/opencensus-0.11.2/tests/unit/metrics/export/test_metric.py'.
Hint: make sure your test modules/packages have valid Python names.
Traceback:
/usr/local/lib/python3.10/importlib/__init__.py:126: in import_module
    return _bootstrap._gcd_import(name[level:], package, level)
tests/unit/metrics/export/test_metric.py:22: in &lt;module&gt;
    from opencensus.metrics.export import metric, metric_descriptor, time_series
.tox/cpythonlibtest-unit-test-tests/lib/python3.10/site-packages/opencensus/metrics/export/metric.py:15: in &lt;module&gt;
    from opencensus.metrics.export import metric_descriptor
.tox/cpythonlibtest-unit-test-tests/lib/python3.10/site-packages/opencensus/metrics/export/metric_descriptor.py:15: in &lt;module&gt;
    import six
E   ModuleNotFoundError: No module named 'six'</error></testcase><testcase classname="" name="tests.unit.metrics.export.test_metric_descriptor" time="0.000"><error message="collection failure">ImportError while importing test module '/workdir/opencensus-0.11.2/tests/unit/metrics/export/test_metric_descriptor.py'.
Hint: make sure your test modules/packages have valid Python names.
Traceback:
/usr/local/lib/python3.10/importlib/__init__.py:126: in import_module
    return _bootstrap._gcd_import(name[level:], package, level)
tests/unit/metrics/export/test_metric_descriptor.py:20: in &lt;module&gt;
    from opencensus.metrics.export import metric_descriptor, value
.tox/cpythonlibtest-unit-test-tests/lib/python3.10/site-packages/opencensus/metrics/export/metric_descriptor.py:15: in &lt;module&gt;
    import six
E   ModuleNotFoundError: No module named 'six'</error></testcase><testcase classname="" name="tests.unit.metrics.export.test_summary" time="0.000"><error message="collection failure">ImportError while importing test module '/workdir/opencensus-0.11.2/tests/unit/metrics/export/test_summary.py'.
Hint: make sure your test modules/packages have valid Python names.
Traceback:
/usr/local/lib/python3.10/importlib/__init__.py:126: in import_module
    return _bootstrap._gcd_import(name[level:], package, level)
tests/unit/metrics/export/test_summary.py:15: in &lt;module&gt;
    from six import assertRaisesRegex
E   ModuleNotFoundError: No module named 'six'</error></testcase><testcase classname="" name="tests.unit.stats.test_aggregation" time="0.000"><error message="collection failure">ImportError while importing test module '/workdir/opencensus-0.11.2/tests/unit/stats/test_aggregation.py'.
Hint: make sure your test modules/packages have valid Python names.
Traceback:
/usr/local/lib/python3.10/importlib/__init__.py:126: in import_module
    return _bootstrap._gcd_import(name[level:], package, level)
tests/unit/stats/test_aggregation.py:20: in &lt;module&gt;
    from opencensus.stats import aggregation as aggregation_module
.tox/cpythonlibtest-unit-test-tests/lib/python3.10/site-packages/opencensus/stats/aggregation.py:17: in &lt;module&gt;
    from opencensus.metrics.export.metric_descriptor import MetricDescriptorType
.tox/cpythonlibtest-unit-test-tests/lib/python3.10/site-packages/opencensus/metrics/export/metric_descriptor.py:15: in &lt;module&gt;
    import six
E   ModuleNotFoundError: No module named 'six'</error></testcase><testcase classname="" name="tests.unit.stats.test_measure_to_view_map" time="0.000"><error message="collection failure">ImportError while importing test module '/workdir/opencensus-0.11.2/tests/unit/stats/test_measure_to_view_map.py'.
Hint: make sure your test modules/packages have valid Python names.
Traceback:
/usr/local/lib/python3.10/importlib/__init__.py:126: in import_module
    return _bootstrap._gcd_import(name[level:], package, level)
tests/unit/stats/test_measure_to_view_map.py:19: in &lt;module&gt;
    from opencensus.stats import measure_to_view_map as measure_to_view_map_module
.tox/cpythonlibtest-unit-test-tests/lib/python3.10/site-packages/opencensus/stats/measure_to_view_map.py:19: in &lt;module&gt;
    from opencensus.stats import metric_utils
.tox/cpythonlibtest-unit-test-tests/lib/python3.10/site-packages/opencensus/stats/metric_utils.py:19: in &lt;module&gt;
    from opencensus.metrics.export import metric, metric_descriptor, time_series
.tox/cpythonlibtest-unit-test-tests/lib/python3.10/site-packages/opencensus/metrics/export/metric.py:15: in &lt;module&gt;
    from opencensus.metrics.export import metric_descriptor
.tox/cpythonlibtest-unit-test-tests/lib/python3.10/site-packages/opencensus/metrics/export/metric_descriptor.py:15: in &lt;module&gt;
    import six
E   ModuleNotFoundError: No module named 'six'</error></testcase><testcase classname="" name="tests.unit.stats.test_metric_utils" time="0.000"><error message="collection failure">ImportError while importing test module '/workdir/opencensus-0.11.2/tests/unit/stats/test_metric_utils.py'.
Hint: make sure your test modules/packages have valid Python names.
Traceback:
/usr/local/lib/python3.10/importlib/__init__.py:126: in import_module
    return _bootstrap._gcd_import(name[level:], package, level)
tests/unit/stats/test_metric_utils.py:20: in &lt;module&gt;
    from opencensus.metrics.export import metric_descriptor, point, value
.tox/cpythonlibtest-unit-test-tests/lib/python3.10/site-packages/opencensus/metrics/export/metric_descriptor.py:15: in &lt;module&gt;
    import six
E   ModuleNotFoundError: No module named 'six'</error></testcase><testcase classname="" name="tests.unit.stats.test_stats" time="0.000"><error message="collection failure">ImportError while importing test module '/workdir/opencensus-0.11.2/tests/unit/stats/test_stats.py'.
Hint: make sure your test modules/packages have valid Python names.
Traceback:
/usr/local/lib/python3.10/importlib/__init__.py:126: in import_module
    return _bootstrap._gcd_import(name[level:], package, level)
tests/unit/stats/test_stats.py:22: in &lt;module&gt;
    from opencensus.metrics.export import metric_descriptor, value
.tox/cpythonlibtest-unit-test-tests/lib/python3.10/site-packages/opencensus/metrics/export/metric_descriptor.py:15: in &lt;module&gt;
    import six
E   ModuleNotFoundError: No module named 'six'</error></testcase><testcase classname="" name="tests.unit.stats.test_stats_recorder" time="0.000"><error message="collection failure">ImportError while importing test module '/workdir/opencensus-0.11.2/tests/unit/stats/test_stats_recorder.py'.
Hint: make sure your test modules/packages have valid Python names.
Traceback:
/usr/local/lib/python3.10/importlib/__init__.py:126: in import_module
    return _bootstrap._gcd_import(name[level:], package, level)
tests/unit/stats/test_stats_recorder.py:20: in &lt;module&gt;
    from opencensus.stats import stats_recorder as stats_recorder_module
.tox/cpythonlibtest-unit-test-tests/lib/python3.10/site-packages/opencensus/stats/stats_recorder.py:16: in &lt;module&gt;
    from opencensus.stats.measure_to_view_map import MeasureToViewMap
.tox/cpythonlibtest-unit-test-tests/lib/python3.10/site-packages/opencensus/stats/measure_to_view_map.py:19: in &lt;module&gt;
    from opencensus.stats import metric_utils
.tox/cpythonlibtest-unit-test-tests/lib/python3.10/site-packages/opencensus/stats/metric_utils.py:19: in &lt;module&gt;
    from opencensus.metrics.export import metric, metric_descriptor, time_series
.tox/cpythonlibtest-unit-test-tests/lib/python3.10/site-packages/opencensus/metrics/export/metric.py:15: in &lt;module&gt;
    from opencensus.metrics.export import metric_descriptor
.tox/cpythonlibtest-unit-test-tests/lib/python3.10/site-packages/opencensus/metrics/export/metric_descriptor.py:15: in &lt;module&gt;
    import six
E   ModuleNotFoundError: No module named 'six'</error></testcase><testcase classname="" name="tests.unit.stats.test_view" time="0.000"><error message="collection failure">ImportError while importing test module '/workdir/opencensus-0.11.2/tests/unit/stats/test_view.py'.
Hint: make sure your test modules/packages have valid Python names.
Traceback:
/usr/local/lib/python3.10/importlib/__init__.py:126: in import_module
    return _bootstrap._gcd_import(name[level:], package, level)
tests/unit/stats/test_view.py:19: in &lt;module&gt;
    from opencensus.metrics.export import metric_descriptor
.tox/cpythonlibtest-unit-test-tests/lib/python3.10/site-packages/opencensus/metrics/export/metric_descriptor.py:15: in &lt;module&gt;
    import six
E   ModuleNotFoundError: No module named 'six'</error></testcase><testcase classname="" name="tests.unit.stats.test_view_data" time="0.000"><error message="collection failure">ImportError while importing test module '/workdir/opencensus-0.11.2/tests/unit/stats/test_view_data.py'.
Hint: make sure your test modules/packages have valid Python names.
Traceback:
/usr/local/lib/python3.10/importlib/__init__.py:126: in import_module
    return _bootstrap._gcd_import(name[level:], package, level)
tests/unit/stats/test_view_data.py:21: in &lt;module&gt;
    from opencensus.stats import aggregation as aggregation_module
.tox/cpythonlibtest-unit-test-tests/lib/python3.10/site-packages/opencensus/stats/aggregation.py:17: in &lt;module&gt;
    from opencensus.metrics.export.metric_descriptor import MetricDescriptorType
.tox/cpythonlibtest-unit-test-tests/lib/python3.10/site-packages/opencensus/metrics/export/metric_descriptor.py:15: in &lt;module&gt;
    import six
E   ModuleNotFoundError: No module named 'six'</error></testcase><testcase classname="" name="tests.unit.stats.test_view_manager" time="0.000"><error message="collection failure">ImportError while importing test module '/workdir/opencensus-0.11.2/tests/unit/stats/test_view_manager.py'.
Hint: make sure your test modules/packages have valid Python names.
Traceback:
/usr/local/lib/python3.10/importlib/__init__.py:126: in import_module
    return _bootstrap._gcd_import(name[level:], package, level)
tests/unit/stats/test_view_manager.py:20: in &lt;module&gt;
    from opencensus.stats import view_manager as view_manager_module
.tox/cpythonlibtest-unit-test-tests/lib/python3.10/site-packages/opencensus/stats/view_manager.py:17: in &lt;module&gt;
    from opencensus.stats.measure_to_view_map import MeasureToViewMap
.tox/cpythonlibtest-unit-test-tests/lib/python3.10/site-packages/opencensus/stats/measure_to_view_map.py:19: in &lt;module&gt;
    from opencensus.stats import metric_utils
.tox/cpythonlibtest-unit-test-tests/lib/python3.10/site-packages/opencensus/stats/metric_utils.py:19: in &lt;module&gt;
    from opencensus.metrics.export import metric, metric_descriptor, time_series
.tox/cpythonlibtest-unit-test-tests/lib/python3.10/site-packages/opencensus/metrics/export/metric.py:15: in &lt;module&gt;
    from opencensus.metrics.export import metric_descriptor
.tox/cpythonlibtest-unit-test-tests/lib/python3.10/site-packages/opencensus/metrics/export/metric_descriptor.py:15: in &lt;module&gt;
    import six
E   ModuleNotFoundError: No module named 'six'</error></testcase><testcase classname="" name="tests.unit.tags.propagation.test_binary_serializer" time="0.000"><error message="collection failure">ImportError while importing test module '/workdir/opencensus-0.11.2/tests/unit/tags/propagation/test_binary_serializer.py'.
Hint: make sure your test modules/packages have valid Python names.
Traceback:
/usr/local/lib/python3.10/importlib/__init__.py:126: in import_module
    return _bootstrap._gcd_import(name[level:], package, level)
tests/unit/tags/propagation/test_binary_serializer.py:18: in &lt;module&gt;
    from opencensus.tags.propagation import binary_serializer
.tox/cpythonlibtest-unit-test-tests/lib/python3.10/site-packages/opencensus/tags/propagation/binary_serializer.py:17: in &lt;module&gt;
    import six
E   ModuleNotFoundError: No module named 'six'</error></testcase><testcase classname="" name="tests.unit.trace.test_attributes" time="0.000"><error message="collection failure">ImportError while importing test module '/workdir/opencensus-0.11.2/tests/unit/trace/test_attributes.py'.
Hint: make sure your test modules/packages have valid Python names.
Traceback:
/usr/local/lib/python3.10/importlib/__init__.py:126: in import_module
    return _bootstrap._gcd_import(name[level:], package, level)
tests/unit/trace/test_attributes.py:19: in &lt;module&gt;
    from opencensus.trace import attributes as attributes_module
.tox/cpythonlibtest-unit-test-tests/lib/python3.10/site-packages/opencensus/trace/__init__.py:15: in &lt;module&gt;
    from opencensus.trace.span import Span
.tox/cpythonlibtest-unit-test-tests/lib/python3.10/site-packages/opencensus/trace/span.py:28: in &lt;module&gt;
    from opencensus.trace import attributes as attributes_module
.tox/cpythonlibtest-unit-test-tests/lib/python3.10/site-packages/opencensus/trace/attributes.py:14: in &lt;module&gt;
    import six
E   ModuleNotFoundError: No module named 'six'</error></testcase><testcase classname="" name="tests.unit.trace.test_base_span" time="0.000"><error message="collection failure">ImportError while importing test module '/workdir/opencensus-0.11.2/tests/unit/trace/test_base_span.py'.
Hint: make sure your test modules/packages have valid Python names.
Traceback:
/usr/local/lib/python3.10/importlib/__init__.py:126: in import_module
    return _bootstrap._gcd_import(name[level:], package, level)
tests/unit/trace/test_base_span.py:19: in &lt;module&gt;
    from opencensus.trace.base_span import BaseSpan
.tox/cpythonlibtest-unit-test-tests/lib/python3.10/site-packages/opencensus/trace/__init__.py:15: in &lt;module&gt;
    from opencensus.trace.span import Span
.tox/cpythonlibtest-unit-test-tests/lib/python3.10/site-packages/opencensus/trace/span.py:28: in &lt;module&gt;
    from opencensus.trace import attributes as attributes_module
.tox/cpythonlibtest-unit-test-tests/lib/python3.10/site-packages/opencensus/trace/attributes.py:14: in &lt;module&gt;
    import six
E   ModuleNotFoundError: No module named 'six'</error></testcase><testcase classname="" name="tests.unit.trace.test_blank_span" time="0.000"><error message="collection failure">ImportError while importing test module '/workdir/opencensus-0.11.2/tests/unit/trace/test_blank_span.py'.
Hint: make sure your test modules/packages have valid Python names.
Traceback:
/usr/local/lib/python3.10/importlib/__init__.py:126: in import_module
    return _bootstrap._gcd_import(name[level:], package, level)
tests/unit/trace/test_blank_span.py:21: in &lt;module&gt;
    from opencensus.trace.link import Link
.tox/cpythonlibtest-unit-test-tests/lib/python3.10/site-packages/opencensus/trace/__init__.py:15: in &lt;module&gt;
    from opencensus.trace.span import Span
.tox/cpythonlibtest-unit-test-tests/lib/python3.10/site-packages/opencensus/trace/span.py:28: in &lt;module&gt;
    from opencensus.trace import attributes as attributes_module
.tox/cpythonlibtest-unit-test-tests/lib/python3.10/site-packages/opencensus/trace/attributes.py:14: in &lt;module&gt;
    import six
E   ModuleNotFoundError: No module named 'six'</error></testcase><testcase classname="" name="tests.unit.trace.test_config_integration" time="0.000"><error message="collection failure">ImportError while importing test module '/workdir/opencensus-0.11.2/tests/unit/trace/test_config_integration.py'.
Hint: make sure your test modules/packages have valid Python names.
Traceback:
/usr/local/lib/python3.10/importlib/__init__.py:126: in import_module
    return _bootstrap._gcd_import(name[level:], package, level)
tests/unit/trace/test_config_integration.py:19: in &lt;module&gt;
    from opencensus.trace import config_integration
.tox/cpythonlibtest-unit-test-tests/lib/python3.10/site-packages/opencensus/trace/__init__.py:15: in &lt;module&gt;
    from opencensus.trace.span import Span
.tox/cpythonlibtest-unit-test-tests/lib/python3.10/site-packages/opencensus/trace/span.py:28: in &lt;module&gt;
    from opencensus.trace import attributes as attributes_module
.tox/cpythonlibtest-unit-test-tests/lib/python3.10/site-packages/opencensus/trace/attributes.py:14: in &lt;module&gt;
    import six
E   ModuleNotFoundError: No module named 'six'</error></testcase><testcase classname="" name="tests.unit.trace.test_exceptions_status" time="0.000"><error message="collection failure">ImportError while importing test module '/workdir/opencensus-0.11.2/tests/unit/trace/test_exceptions_status.py'.
Hint: make sure your test modules/packages have valid Python names.
Traceback:
/usr/local/lib/python3.10/importlib/__init__.py:126: in import_module
    return _bootstrap._gcd_import(name[level:], package, level)
tests/unit/trace/test_exceptions_status.py:19: in &lt;module&gt;
    from opencensus.trace import exceptions_status
.tox/cpythonlibtest-unit-test-tests/lib/python3.10/site-packages/opencensus/trace/__init__.py:15: in &lt;module&gt;
    from opencensus.trace.span import Span
.tox/cpythonlibtest-unit-test-tests/lib/python3.10/site-packages/opencensus/trace/span.py:28: in &lt;module&gt;
    from opencensus.trace import attributes as attributes_module
.tox/cpythonlibtest-unit-test-tests/lib/python3.10/site-packages/opencensus/trace/attributes.py:14: in &lt;module&gt;
    import six
E   ModuleNotFoundError: No module named 'six'</error></testcase><testcase classname="" name="tests.unit.trace.test_execution_context" time="0.000"><error message="collection failure">ImportError while importing test module '/workdir/opencensus-0.11.2/tests/unit/trace/test_execution_context.py'.
Hint: make sure your test modules/packages have valid Python names.
Traceback:
/usr/local/lib/python3.10/importlib/__init__.py:126: in import_module
    return _bootstrap._gcd_import(name[level:], package, level)
tests/unit/trace/test_execution_context.py:20: in &lt;module&gt;
    from opencensus.trace import execution_context
.tox/cpythonlibtest-unit-test-tests/lib/python3.10/site-packages/opencensus/trace/__init__.py:15: in &lt;module&gt;
    from opencensus.trace.span import Span
.tox/cpythonlibtest-unit-test-tests/lib/python3.10/site-packages/opencensus/trace/span.py:28: in &lt;module&gt;
    from opencensus.trace import attributes as attributes_module
.tox/cpythonlibtest-unit-test-tests/lib/python3.10/site-packages/opencensus/trace/attributes.py:14: in &lt;module&gt;
    import six
E   ModuleNotFoundError: No module named 'six'</error></testcase><testcase classname="" name="tests.unit.trace.test_ext_utils" time="0.000"><error message="collection failure">ImportError while importing test module '/workdir/opencensus-0.11.2/tests/unit/trace/test_ext_utils.py'.
Hint: make sure your test modules/packages have valid Python names.
Traceback:
/usr/local/lib/python3.10/importlib/__init__.py:126: in import_module
    return _bootstrap._gcd_import(name[level:], package, level)
tests/unit/trace/test_ext_utils.py:20: in &lt;module&gt;
    from opencensus.trace import utils
.tox/cpythonlibtest-unit-test-tests/lib/python3.10/site-packages/opencensus/trace/__init__.py:15: in &lt;module&gt;
    from opencensus.trace.span import Span
.tox/cpythonlibtest-unit-test-tests/lib/python3.10/site-packages/opencensus/trace/span.py:28: in &lt;module&gt;
    from opencensus.trace import attributes as attributes_module
.tox/cpythonlibtest-unit-test-tests/lib/python3.10/site-packages/opencensus/trace/attributes.py:14: in &lt;module&gt;
    import six
E   ModuleNotFoundError: No module named 'six'</error></testcase><testcase classname="" name="tests.unit.trace.test_link" time="0.000"><error message="collection failure">ImportError while importing test module '/workdir/opencensus-0.11.2/tests/unit/trace/test_link.py'.
Hint: make sure your test modules/packages have valid Python names.
Traceback:
/usr/local/lib/python3.10/importlib/__init__.py:126: in import_module
    return _bootstrap._gcd_import(name[level:], package, level)
tests/unit/trace/test_link.py:19: in &lt;module&gt;
    from opencensus.trace import link as link_module
.tox/cpythonlibtest-unit-test-tests/lib/python3.10/site-packages/opencensus/trace/__init__.py:15: in &lt;module&gt;
    from opencensus.trace.span import Span
.tox/cpythonlibtest-unit-test-tests/lib/python3.10/site-packages/opencensus/trace/span.py:28: in &lt;module&gt;
    from opencensus.trace import attributes as attributes_module
.tox/cpythonlibtest-unit-test-tests/lib/python3.10/site-packages/opencensus/trace/attributes.py:14: in &lt;module&gt;
    import six
E   ModuleNotFoundError: No module named 'six'</error></testcase><testcase classname="" name="tests.unit.trace.test_span" time="0.000"><error message="collection failure">ImportError while importing test module '/workdir/opencensus-0.11.2/tests/unit/trace/test_span.py'.
Hint: make sure your test modules/packages have valid Python names.
Traceback:
/usr/local/lib/python3.10/importlib/__init__.py:126: in import_module
    return _bootstrap._gcd_import(name[level:], package, level)
tests/unit/trace/test_span.py:23: in &lt;module&gt;
    from opencensus.trace.span import BoundedDict, BoundedList
.tox/cpythonlibtest-unit-test-tests/lib/python3.10/site-packages/opencensus/trace/__init__.py:15: in &lt;module&gt;
    from opencensus.trace.span import Span
.tox/cpythonlibtest-unit-test-tests/lib/python3.10/site-packages/opencensus/trace/span.py:28: in &lt;module&gt;
    from opencensus.trace import attributes as attributes_module
.tox/cpythonlibtest-unit-test-tests/lib/python3.10/site-packages/opencensus/trace/attributes.py:14: in &lt;module&gt;
    import six
E   ModuleNotFoundError: No module named 'six'</error></testcase><testcase classname="" name="tests.unit.trace.test_span_context" time="0.000"><error message="collection failure">ImportError while importing test module '/workdir/opencensus-0.11.2/tests/unit/trace/test_span_context.py'.
Hint: make sure your test modules/packages have valid Python names.
Traceback:
/usr/local/lib/python3.10/importlib/__init__.py:126: in import_module
    return _bootstrap._gcd_import(name[level:], package, level)
tests/unit/trace/test_span_context.py:17: in &lt;module&gt;
    from opencensus.trace import span_context as span_context_module
.tox/cpythonlibtest-unit-test-tests/lib/python3.10/site-packages/opencensus/trace/__init__.py:15: in &lt;module&gt;
    from opencensus.trace.span import Span
.tox/cpythonlibtest-unit-test-tests/lib/python3.10/site-packages/opencensus/trace/span.py:28: in &lt;module&gt;
    from opencensus.trace import attributes as attributes_module
.tox/cpythonlibtest-unit-test-tests/lib/python3.10/site-packages/opencensus/trace/attributes.py:14: in &lt;module&gt;
    import six
E   ModuleNotFoundError: No module named 'six'</error></testcase><testcase classname="" name="tests.unit.trace.test_span_data" time="0.000"><error message="collection failure">ImportError while importing test module '/workdir/opencensus-0.11.2/tests/unit/trace/test_span_data.py'.
Hint: make sure your test modules/packages have valid Python names.
Traceback:
/usr/local/lib/python3.10/importlib/__init__.py:126: in import_module
    return _bootstrap._gcd_import(name[level:], package, level)
tests/unit/trace/test_span_data.py:19: in &lt;module&gt;
    from opencensus.trace import link, span_context
.tox/cpythonlibtest-unit-test-tests/lib/python3.10/site-packages/opencensus/trace/__init__.py:15: in &lt;module&gt;
    from opencensus.trace.span import Span
.tox/cpythonlibtest-unit-test-tests/lib/python3.10/site-packages/opencensus/trace/span.py:28: in &lt;module&gt;
    from opencensus.trace import attributes as attributes_module
.tox/cpythonlibtest-unit-test-tests/lib/python3.10/site-packages/opencensus/trace/attributes.py:14: in &lt;module&gt;
    import six
E   ModuleNotFoundError: No module named 'six'</error></testcase><testcase classname="" name="tests.unit.trace.test_stack_trace" time="0.000"><error message="collection failure">ImportError while importing test module '/workdir/opencensus-0.11.2/tests/unit/trace/test_stack_trace.py'.
Hint: make sure your test modules/packages have valid Python names.
Traceback:
/usr/local/lib/python3.10/importlib/__init__.py:126: in import_module
    return _bootstrap._gcd_import(name[level:], package, level)
tests/unit/trace/test_stack_trace.py:20: in &lt;module&gt;
    from opencensus.trace import stack_trace as stack_trace_module
.tox/cpythonlibtest-unit-test-tests/lib/python3.10/site-packages/opencensus/trace/__init__.py:15: in &lt;module&gt;
    from opencensus.trace.span import Span
.tox/cpythonlibtest-unit-test-tests/lib/python3.10/site-packages/opencensus/trace/span.py:28: in &lt;module&gt;
    from opencensus.trace import attributes as attributes_module
.tox/cpythonlibtest-unit-test-tests/lib/python3.10/site-packages/opencensus/trace/attributes.py:14: in &lt;module&gt;
    import six
E   ModuleNotFoundError: No module named 'six'</error></testcase><testcase classname="" name="tests.unit.trace.test_status" time="0.000"><error message="collection failure">ImportError while importing test module '/workdir/opencensus-0.11.2/tests/unit/trace/test_status.py'.
Hint: make sure your test modules/packages have valid Python names.
Traceback:
/usr/local/lib/python3.10/importlib/__init__.py:126: in import_module
    return _bootstrap._gcd_import(name[level:], package, level)
tests/unit/trace/test_status.py:19: in &lt;module&gt;
    from opencensus.trace import status as status_module
.tox/cpythonlibtest-unit-test-tests/lib/python3.10/site-packages/opencensus/trace/__init__.py:15: in &lt;module&gt;
    from opencensus.trace.span import Span
.tox/cpythonlibtest-unit-test-tests/lib/python3.10/site-packages/opencensus/trace/span.py:28: in &lt;module&gt;
    from opencensus.trace import attributes as attributes_module
.tox/cpythonlibtest-unit-test-tests/lib/python3.10/site-packages/opencensus/trace/attributes.py:14: in &lt;module&gt;
    import six
E   ModuleNotFoundError: No module named 'six'</error></testcase><testcase classname="" name="tests.unit.trace.test_time_event" time="0.000"><error message="collection failure">ImportError while importing test module '/workdir/opencensus-0.11.2/tests/unit/trace/test_time_event.py'.
Hint: make sure your test modules/packages have valid Python names.
Traceback:
/usr/local/lib/python3.10/importlib/__init__.py:126: in import_module
    return _bootstrap._gcd_import(name[level:], package, level)
tests/unit/trace/test_time_event.py:20: in &lt;module&gt;
    from opencensus.trace import time_event as time_event_module
.tox/cpythonlibtest-unit-test-tests/lib/python3.10/site-packages/opencensus/trace/__init__.py:15: in &lt;module&gt;
    from opencensus.trace.span import Span
.tox/cpythonlibtest-unit-test-tests/lib/python3.10/site-packages/opencensus/trace/span.py:28: in &lt;module&gt;
    from opencensus.trace import attributes as attributes_module
.tox/cpythonlibtest-unit-test-tests/lib/python3.10/site-packages/opencensus/trace/attributes.py:14: in &lt;module&gt;
    import six
E   ModuleNotFoundError: No module named 'six'</error></testcase><testcase classname="" name="tests.unit.trace.test_trace_options" time="0.000"><error message="collection failure">ImportError while importing test module '/workdir/opencensus-0.11.2/tests/unit/trace/test_trace_options.py'.
Hint: make sure your test modules/packages have valid Python names.
Traceback:
/usr/local/lib/python3.10/importlib/__init__.py:126: in import_module
    return _bootstrap._gcd_import(name[level:], package, level)
tests/unit/trace/test_trace_options.py:17: in &lt;module&gt;
    from opencensus.trace import trace_options as trace_opt
.tox/cpythonlibtest-unit-test-tests/lib/python3.10/site-packages/opencensus/trace/__init__.py:15: in &lt;module&gt;
    from opencensus.trace.span import Span
.tox/cpythonlibtest-unit-test-tests/lib/python3.10/site-packages/opencensus/trace/span.py:28: in &lt;module&gt;
    from opencensus.trace import attributes as attributes_module
.tox/cpythonlibtest-unit-test-tests/lib/python3.10/site-packages/opencensus/trace/attributes.py:14: in &lt;module&gt;
    import six
E   ModuleNotFoundError: No module named 'six'</error></testcase><testcase classname="" name="tests.unit.trace.test_tracer" time="0.000"><error message="collection failure">ImportError while importing test module '/workdir/opencensus-0.11.2/tests/unit/trace/test_tracer.py'.
Hint: make sure your test modules/packages have valid Python names.
Traceback:
/usr/local/lib/python3.10/importlib/__init__.py:126: in import_module
    return _bootstrap._gcd_import(name[level:], package, level)
tests/unit/trace/test_tracer.py:19: in &lt;module&gt;
    from opencensus.trace import samplers, span_data
.tox/cpythonlibtest-unit-test-tests/lib/python3.10/site-packages/opencensus/trace/__init__.py:15: in &lt;module&gt;
    from opencensus.trace.span import Span
.tox/cpythonlibtest-unit-test-tests/lib/python3.10/site-packages/opencensus/trace/span.py:28: in &lt;module&gt;
    from opencensus.trace import attributes as attributes_module
.tox/cpythonlibtest-unit-test-tests/lib/python3.10/site-packages/opencensus/trace/attributes.py:14: in &lt;module&gt;
    import six
E   ModuleNotFoundError: No module named 'six'</error></testcase><testcase classname="" name="tests.unit.trace.test_tracestate" time="0.000"><error message="collection failure">ImportError while importing test module '/workdir/opencensus-0.11.2/tests/unit/trace/test_tracestate.py'.
Hint: make sure your test modules/packages have valid Python names.
Traceback:
/usr/local/lib/python3.10/importlib/__init__.py:126: in import_module
    return _bootstrap._gcd_import(name[level:], package, level)
tests/unit/trace/test_tracestate.py:17: in &lt;module&gt;
    from opencensus.trace.propagation.tracestate_string_format import (
.tox/cpythonlibtest-unit-test-tests/lib/python3.10/site-packages/opencensus/trace/__init__.py:15: in &lt;module&gt;
    from opencensus.trace.span import Span
.tox/cpythonlibtest-unit-test-tests/lib/python3.10/site-packages/opencensus/trace/span.py:28: in &lt;module&gt;
    from opencensus.trace import attributes as attributes_module
.tox/cpythonlibtest-unit-test-tests/lib/python3.10/site-packages/opencensus/trace/attributes.py:14: in &lt;module&gt;
    import six
E   ModuleNotFoundError: No module named 'six'</error></testcase><testcase classname="" name="tests.unit.trace.exporters.test_logging_exporter" time="0.000"><error message="collection failure">ImportError while importing test module '/workdir/opencensus-0.11.2/tests/unit/trace/exporters/test_logging_exporter.py'.
Hint: make sure your test modules/packages have valid Python names.
Traceback:
/usr/local/lib/python3.10/importlib/__init__.py:126: in import_module
    return _bootstrap._gcd_import(name[level:], package, level)
tests/unit/trace/exporters/test_logging_exporter.py:20: in &lt;module&gt;
    from opencensus.trace import logging_exporter, span_context
.tox/cpythonlibtest-unit-test-tests/lib/python3.10/site-packages/opencensus/trace/__init__.py:15: in &lt;module&gt;
    from opencensus.trace.span import Span
.tox/cpythonlibtest-unit-test-tests/lib/python3.10/site-packages/opencensus/trace/span.py:28: in &lt;module&gt;
    from opencensus.trace import attributes as attributes_module
.tox/cpythonlibtest-unit-test-tests/lib/python3.10/site-packages/opencensus/trace/attributes.py:14: in &lt;module&gt;
    import six
E   ModuleNotFoundError: No module named 'six'</error></testcase><testcase classname="" name="tests.unit.trace.propagation.test_b3_format" time="0.000"><error message="collection failure">ImportError while importing test module '/workdir/opencensus-0.11.2/tests/unit/trace/propagation/test_b3_format.py'.
Hint: make sure your test modules/packages have valid Python names.
Traceback:
/usr/local/lib/python3.10/importlib/__init__.py:126: in import_module
    return _bootstrap._gcd_import(name[level:], package, level)
tests/unit/trace/propagation/test_b3_format.py:19: in &lt;module&gt;
    from opencensus.trace.propagation import b3_format
.tox/cpythonlibtest-unit-test-tests/lib/python3.10/site-packages/opencensus/trace/__init__.py:15: in &lt;module&gt;
    from opencensus.trace.span import Span
.tox/cpythonlibtest-unit-test-tests/lib/python3.10/site-packages/opencensus/trace/span.py:28: in &lt;module&gt;
    from opencensus.trace import attributes as attributes_module
.tox/cpythonlibtest-unit-test-tests/lib/python3.10/site-packages/opencensus/trace/attributes.py:14: in &lt;module&gt;
    import six
E   ModuleNotFoundError: No module named 'six'</error></testcase><testcase classname="" name="tests.unit.trace.propagation.test_binary_format" time="0.000"><error message="collection failure">ImportError while importing test module '/workdir/opencensus-0.11.2/tests/unit/trace/propagation/test_binary_format.py'.
Hint: make sure your test modules/packages have valid Python names.
Traceback:
/usr/local/lib/python3.10/importlib/__init__.py:126: in import_module
    return _bootstrap._gcd_import(name[level:], package, level)
tests/unit/trace/propagation/test_binary_format.py:19: in &lt;module&gt;
    from opencensus.trace.propagation import binary_format
.tox/cpythonlibtest-unit-test-tests/lib/python3.10/site-packages/opencensus/trace/__init__.py:15: in &lt;module&gt;
    from opencensus.trace.span import Span
.tox/cpythonlibtest-unit-test-tests/lib/python3.10/site-packages/opencensus/trace/span.py:28: in &lt;module&gt;
    from opencensus.trace import attributes as attributes_module
.tox/cpythonlibtest-unit-test-tests/lib/python3.10/site-packages/opencensus/trace/attributes.py:14: in &lt;module&gt;
    import six
E   ModuleNotFoundError: No module named 'six'</error></testcase><testcase classname="" name="tests.unit.trace.propagation.test_google_cloud_format" time="0.000"><error message="collection failure">ImportError while importing test module '/workdir/opencensus-0.11.2/tests/unit/trace/propagation/test_google_cloud_format.py'.
Hint: make sure your test modules/packages have valid Python names.
Traceback:
/usr/local/lib/python3.10/importlib/__init__.py:126: in import_module
    return _bootstrap._gcd_import(name[level:], package, level)
tests/unit/trace/propagation/test_google_cloud_format.py:17: in &lt;module&gt;
    from opencensus.trace.propagation import google_cloud_format
.tox/cpythonlibtest-unit-test-tests/lib/python3.10/site-packages/opencensus/trace/__init__.py:15: in &lt;module&gt;
    from opencensus.trace.span import Span
.tox/cpythonlibtest-unit-test-tests/lib/python3.10/site-packages/opencensus/trace/span.py:28: in &lt;module&gt;
    from opencensus.trace import attributes as attributes_module
.tox/cpythonlibtest-unit-test-tests/lib/python3.10/site-packages/opencensus/trace/attributes.py:14: in &lt;module&gt;
    import six
E   ModuleNotFoundError: No module named 'six'</error></testcase><testcase classname="" name="tests.unit.trace.propagation.test_text_format" time="0.000"><error message="collection failure">ImportError while importing test module '/workdir/opencensus-0.11.2/tests/unit/trace/propagation/test_text_format.py'.
Hint: make sure your test modules/packages have valid Python names.
Traceback:
/usr/local/lib/python3.10/importlib/__init__.py:126: in import_module
    return _bootstrap._gcd_import(name[level:], package, level)
tests/unit/trace/propagation/test_text_format.py:19: in &lt;module&gt;
    from opencensus.trace.propagation import text_format
.tox/cpythonlibtest-unit-test-tests/lib/python3.10/site-packages/opencensus/trace/__init__.py:15: in &lt;module&gt;
    from opencensus.trace.span import Span
.tox/cpythonlibtest-unit-test-tests/lib/python3.10/site-packages/opencensus/trace/span.py:28: in &lt;module&gt;
    from opencensus.trace import attributes as attributes_module
.tox/cpythonlibtest-unit-test-tests/lib/python3.10/site-packages/opencensus/trace/attributes.py:14: in &lt;module&gt;
    import six
E   ModuleNotFoundError: No module named 'six'</error></testcase><testcase classname="" name="tests.unit.trace.propagation.test_trace_context_http_header_format" time="0.000"><error message="collection failure">ImportError while importing test module '/workdir/opencensus-0.11.2/tests/unit/trace/propagation/test_trace_context_http_header_format.py'.
Hint: make sure your test modules/packages have valid Python names.
Traceback:
/usr/local/lib/python3.10/importlib/__init__.py:126: in import_module
    return _bootstrap._gcd_import(name[level:], package, level)
tests/unit/trace/propagation/test_trace_context_http_header_format.py:17: in &lt;module&gt;
    from opencensus.trace.propagation import trace_context_http_header_format
.tox/cpythonlibtest-unit-test-tests/lib/python3.10/site-packages/opencensus/trace/__init__.py:15: in &lt;module&gt;
    from opencensus.trace.span import Span
.tox/cpythonlibtest-unit-test-tests/lib/python3.10/site-packages/opencensus/trace/span.py:28: in &lt;module&gt;
    from opencensus.trace import attributes as attributes_module
.tox/cpythonlibtest-unit-test-tests/lib/python3.10/site-packages/opencensus/trace/attributes.py:14: in &lt;module&gt;
    import six
E   ModuleNotFoundError: No module named 'six'</error></testcase><testcase classname="" name="tests.unit.trace.samplers.test_probability" time="0.000"><error message="collection failure">ImportError while importing test module '/workdir/opencensus-0.11.2/tests/unit/trace/samplers/test_probability.py'.
Hint: make sure your test modules/packages have valid Python names.
Traceback:
/usr/local/lib/python3.10/importlib/__init__.py:126: in import_module
    return _bootstrap._gcd_import(name[level:], package, level)
tests/unit/trace/samplers/test_probability.py:19: in &lt;module&gt;
    from opencensus.trace import samplers
.tox/cpythonlibtest-unit-test-tests/lib/python3.10/site-packages/opencensus/trace/__init__.py:15: in &lt;module&gt;
    from opencensus.trace.span import Span
.tox/cpythonlibtest-unit-test-tests/lib/python3.10/site-packages/opencensus/trace/span.py:28: in &lt;module&gt;
    from opencensus.trace import attributes as attributes_module
.tox/cpythonlibtest-unit-test-tests/lib/python3.10/site-packages/opencensus/trace/attributes.py:14: in &lt;module&gt;
    import six
E   ModuleNotFoundError: No module named 'six'</error></testcase><testcase classname="" name="tests.unit.trace.tracers.test_base_tracer" time="0.000"><error message="collection failure">ImportError while importing test module '/workdir/opencensus-0.11.2/tests/unit/trace/tracers/test_base_tracer.py'.
Hint: make sure your test modules/packages have valid Python names.
Traceback:
/usr/local/lib/python3.10/importlib/__init__.py:126: in import_module
    return _bootstrap._gcd_import(name[level:], package, level)
tests/unit/trace/tracers/test_base_tracer.py:17: in &lt;module&gt;
    from opencensus.trace.tracers import base
.tox/cpythonlibtest-unit-test-tests/lib/python3.10/site-packages/opencensus/trace/__init__.py:15: in &lt;module&gt;
    from opencensus.trace.span import Span
.tox/cpythonlibtest-unit-test-tests/lib/python3.10/site-packages/opencensus/trace/span.py:28: in &lt;module&gt;
    from opencensus.trace import attributes as attributes_module
.tox/cpythonlibtest-unit-test-tests/lib/python3.10/site-packages/opencensus/trace/attributes.py:14: in &lt;module&gt;
    import six
E   ModuleNotFoundError: No module named 'six'</error></testcase><testcase classname="" name="tests.unit.trace.tracers.test_context_tracer" time="0.000"><error message="collection failure">ImportError while importing test module '/workdir/opencensus-0.11.2/tests/unit/trace/tracers/test_context_tracer.py'.
Hint: make sure your test modules/packages have valid Python names.
Traceback:
/usr/local/lib/python3.10/importlib/__init__.py:126: in import_module
    return _bootstrap._gcd_import(name[level:], package, level)
tests/unit/trace/tracers/test_context_tracer.py:19: in &lt;module&gt;
    from opencensus.trace import execution_context, span
.tox/cpythonlibtest-unit-test-tests/lib/python3.10/site-packages/opencensus/trace/__init__.py:15: in &lt;module&gt;
    from opencensus.trace.span import Span
.tox/cpythonlibtest-unit-test-tests/lib/python3.10/site-packages/opencensus/trace/span.py:28: in &lt;module&gt;
    from opencensus.trace import attributes as attributes_module
.tox/cpythonlibtest-unit-test-tests/lib/python3.10/site-packages/opencensus/trace/attributes.py:14: in &lt;module&gt;
    import six
E   ModuleNotFoundError: No module named 'six'</error></testcase><testcase classname="" name="tests.unit.trace.tracers.test_noop_tracer" time="0.000"><error message="collection failure">ImportError while importing test module '/workdir/opencensus-0.11.2/tests/unit/trace/tracers/test_noop_tracer.py'.
Hint: make sure your test modules/packages have valid Python names.
Traceback:
/usr/local/lib/python3.10/importlib/__init__.py:126: in import_module
    return _bootstrap._gcd_import(name[level:], package, level)
tests/unit/trace/tracers/test_noop_tracer.py:17: in &lt;module&gt;
    from opencensus.trace.tracers import noop_tracer
.tox/cpythonlibtest-unit-test-tests/lib/python3.10/site-packages/opencensus/trace/__init__.py:15: in &lt;module&gt;
    from opencensus.trace.span import Span
.tox/cpythonlibtest-unit-test-tests/lib/python3.10/site-packages/opencensus/trace/span.py:28: in &lt;module&gt;
    from opencensus.trace import attributes as attributes_module
.tox/cpythonlibtest-unit-test-tests/lib/python3.10/site-packages/opencensus/trace/attributes.py:14: in &lt;module&gt;
    import six
E   ModuleNotFoundError: No module named 'six'</error></testcase></testsuite></testsuites>