GLOB sdist-make: /workdir/astor-0.8.1/setup.py
graalpylibtest-unit-test-tests create: /workdir/astor-0.8.1/.tox/graalpylibtest-unit-test-tests
graalpylibtest-unit-test-tests installdeps: mock, pytest, -rrequirements-dev.txt, -rrequirements-tox.txt
graalpylibtest-unit-test-tests inst: /workdir/astor-0.8.1/.tox/.tmp/package/1/astor-0.8.1.zip
graalpylibtest-unit-test-tests installed: alabaster==0.7.13,astor @ file:///workdir/astor-0.8.1/.tox/.tmp/package/1/astor-0.8.1.zip,Babel==2.13.1,certifi==2023.11.17,charset-normalizer==3.1.0,coverage==7.3.2,docutils==0.18.1,exceptiongroup==1.1.3,flake8==6.1.0,graalpy-virtualenv==0.0.1,hpy==0.9.0rc2,idna==3.4,imagesize==1.4.1,iniconfig==2.0.0,Jinja2==3.1.2,MarkupSafe==2.1.3,mccabe==0.7.0,mock==5.1.0,nose==1.3.7,packaging==23.2,pluggy==1.3.0,pycodestyle==2.11.1,pyflakes==3.1.0,Pygments==2.17.1,pytest==7.4.3,requests==2.31.0,snowballstemmer==2.2.0,Sphinx==7.2.6,sphinx-rtd-theme==1.3.0,sphinxcontrib-applehelp==1.0.7,sphinxcontrib-devhelp==1.0.5,sphinxcontrib-htmlhelp==2.0.4,sphinxcontrib-jquery==4.1,sphinxcontrib-jsmath==1.0.1,sphinxcontrib-qthelp==1.0.6,sphinxcontrib-serializinghtml==1.1.9,tomli==2.0.1,urllib3==2.1.0
graalpylibtest-unit-test-tests run-test-pre: PYTHONHASHSEED='3054194428'
graalpylibtest-unit-test-tests run-test: commands[0] | pytest -v --tb=native --junitxml /workdir/results/astor/0.8.1/1/graalpy-test-results.xml
============================= test session starts ==============================
platform linux -- Python 3.10.8, pytest-7.4.3, pluggy-1.3.0 -- /workdir/astor-0.8.1/.tox/graalpylibtest-unit-test-tests/bin/python
cachedir: .tox/graalpylibtest-unit-test-tests/.pytest_cache
rootdir: /workdir/astor-0.8.1
collecting ... collected 418 items / 183 errors

==================================== ERRORS ====================================
_______ ERROR collecting tmp_rtrip/distutils/tests/test_archive_util.py ________
ImportError while importing test module '/workdir/astor-0.8.1/tmp_rtrip/distutils/tests/test_archive_util.py'.
Hint: make sure your test modules/packages have valid Python names.
Traceback:
/opt/graalpy/lib/python3.10/importlib/__init__.py:126: in import_module
    return _bootstrap._gcd_import(name[level:], package, level)
tmp_rtrip/distutils/tests/__init__.py:17: in <module>
    from test.support import run_unittest
E   ModuleNotFoundError: No module named 'test.support'
___________ ERROR collecting tmp_rtrip/distutils/tests/test_bdist.py ___________
ImportError while importing test module '/workdir/astor-0.8.1/tmp_rtrip/distutils/tests/test_bdist.py'.
Hint: make sure your test modules/packages have valid Python names.
Traceback:
/opt/graalpy/lib/python3.10/importlib/__init__.py:126: in import_module
    return _bootstrap._gcd_import(name[level:], package, level)
tmp_rtrip/distutils/tests/__init__.py:17: in <module>
    from test.support import run_unittest
E   ModuleNotFoundError: No module named 'test.support'
________ ERROR collecting tmp_rtrip/distutils/tests/test_bdist_dumb.py _________
ImportError while importing test module '/workdir/astor-0.8.1/tmp_rtrip/distutils/tests/test_bdist_dumb.py'.
Hint: make sure your test modules/packages have valid Python names.
Traceback:
/opt/graalpy/lib/python3.10/importlib/__init__.py:126: in import_module
    return _bootstrap._gcd_import(name[level:], package, level)
tmp_rtrip/distutils/tests/__init__.py:17: in <module>
    from test.support import run_unittest
E   ModuleNotFoundError: No module named 'test.support'
_________ ERROR collecting tmp_rtrip/distutils/tests/test_bdist_msi.py _________
ImportError while importing test module '/workdir/astor-0.8.1/tmp_rtrip/distutils/tests/test_bdist_msi.py'.
Hint: make sure your test modules/packages have valid Python names.
Traceback:
/opt/graalpy/lib/python3.10/importlib/__init__.py:126: in import_module
    return _bootstrap._gcd_import(name[level:], package, level)
tmp_rtrip/distutils/tests/__init__.py:17: in <module>
    from test.support import run_unittest
E   ModuleNotFoundError: No module named 'test.support'
_________ ERROR collecting tmp_rtrip/distutils/tests/test_bdist_rpm.py _________
ImportError while importing test module '/workdir/astor-0.8.1/tmp_rtrip/distutils/tests/test_bdist_rpm.py'.
Hint: make sure your test modules/packages have valid Python names.
Traceback:
/opt/graalpy/lib/python3.10/importlib/__init__.py:126: in import_module
    return _bootstrap._gcd_import(name[level:], package, level)
tmp_rtrip/distutils/tests/__init__.py:17: in <module>
    from test.support import run_unittest
E   ModuleNotFoundError: No module named 'test.support'
___________ ERROR collecting tmp_rtrip/distutils/tests/test_build.py ___________
ImportError while importing test module '/workdir/astor-0.8.1/tmp_rtrip/distutils/tests/test_build.py'.
Hint: make sure your test modules/packages have valid Python names.
Traceback:
/opt/graalpy/lib/python3.10/importlib/__init__.py:126: in import_module
    return _bootstrap._gcd_import(name[level:], package, level)
tmp_rtrip/distutils/tests/__init__.py:17: in <module>
    from test.support import run_unittest
E   ModuleNotFoundError: No module named 'test.support'
________ ERROR collecting tmp_rtrip/distutils/tests/test_build_clib.py _________
ImportError while importing test module '/workdir/astor-0.8.1/tmp_rtrip/distutils/tests/test_build_clib.py'.
Hint: make sure your test modules/packages have valid Python names.
Traceback:
/opt/graalpy/lib/python3.10/importlib/__init__.py:126: in import_module
    return _bootstrap._gcd_import(name[level:], package, level)
tmp_rtrip/distutils/tests/__init__.py:17: in <module>
    from test.support import run_unittest
E   ModuleNotFoundError: No module named 'test.support'
_________ ERROR collecting tmp_rtrip/distutils/tests/test_build_ext.py _________
ImportError while importing test module '/workdir/astor-0.8.1/tmp_rtrip/distutils/tests/test_build_ext.py'.
Hint: make sure your test modules/packages have valid Python names.
Traceback:
/opt/graalpy/lib/python3.10/importlib/__init__.py:126: in import_module
    return _bootstrap._gcd_import(name[level:], package, level)
tmp_rtrip/distutils/tests/__init__.py:17: in <module>
    from test.support import run_unittest
E   ModuleNotFoundError: No module named 'test.support'
_________ ERROR collecting tmp_rtrip/distutils/tests/test_build_py.py __________
ImportError while importing test module '/workdir/astor-0.8.1/tmp_rtrip/distutils/tests/test_build_py.py'.
Hint: make sure your test modules/packages have valid Python names.
Traceback:
/opt/graalpy/lib/python3.10/importlib/__init__.py:126: in import_module
    return _bootstrap._gcd_import(name[level:], package, level)
tmp_rtrip/distutils/tests/__init__.py:17: in <module>
    from test.support import run_unittest
E   ModuleNotFoundError: No module named 'test.support'
_______ ERROR collecting tmp_rtrip/distutils/tests/test_build_scripts.py _______
ImportError while importing test module '/workdir/astor-0.8.1/tmp_rtrip/distutils/tests/test_build_scripts.py'.
Hint: make sure your test modules/packages have valid Python names.
Traceback:
/opt/graalpy/lib/python3.10/importlib/__init__.py:126: in import_module
    return _bootstrap._gcd_import(name[level:], package, level)
tmp_rtrip/distutils/tests/__init__.py:17: in <module>
    from test.support import run_unittest
E   ModuleNotFoundError: No module named 'test.support'
___________ ERROR collecting tmp_rtrip/distutils/tests/test_check.py ___________
ImportError while importing test module '/workdir/astor-0.8.1/tmp_rtrip/distutils/tests/test_check.py'.
Hint: make sure your test modules/packages have valid Python names.
Traceback:
/opt/graalpy/lib/python3.10/importlib/__init__.py:126: in import_module
    return _bootstrap._gcd_import(name[level:], package, level)
tmp_rtrip/distutils/tests/__init__.py:17: in <module>
    from test.support import run_unittest
E   ModuleNotFoundError: No module named 'test.support'
___________ ERROR collecting tmp_rtrip/distutils/tests/test_clean.py ___________
ImportError while importing test module '/workdir/astor-0.8.1/tmp_rtrip/distutils/tests/test_clean.py'.
Hint: make sure your test modules/packages have valid Python names.
Traceback:
/opt/graalpy/lib/python3.10/importlib/__init__.py:126: in import_module
    return _bootstrap._gcd_import(name[level:], package, level)
tmp_rtrip/distutils/tests/__init__.py:17: in <module>
    from test.support import run_unittest
E   ModuleNotFoundError: No module named 'test.support'
____________ ERROR collecting tmp_rtrip/distutils/tests/test_cmd.py ____________
ImportError while importing test module '/workdir/astor-0.8.1/tmp_rtrip/distutils/tests/test_cmd.py'.
Hint: make sure your test modules/packages have valid Python names.
Traceback:
/opt/graalpy/lib/python3.10/importlib/__init__.py:126: in import_module
    return _bootstrap._gcd_import(name[level:], package, level)
tmp_rtrip/distutils/tests/__init__.py:17: in <module>
    from test.support import run_unittest
E   ModuleNotFoundError: No module named 'test.support'
__________ ERROR collecting tmp_rtrip/distutils/tests/test_config.py ___________
ImportError while importing test module '/workdir/astor-0.8.1/tmp_rtrip/distutils/tests/test_config.py'.
Hint: make sure your test modules/packages have valid Python names.
Traceback:
/opt/graalpy/lib/python3.10/importlib/__init__.py:126: in import_module
    return _bootstrap._gcd_import(name[level:], package, level)
tmp_rtrip/distutils/tests/__init__.py:17: in <module>
    from test.support import run_unittest
E   ModuleNotFoundError: No module named 'test.support'
________ ERROR collecting tmp_rtrip/distutils/tests/test_config_cmd.py _________
ImportError while importing test module '/workdir/astor-0.8.1/tmp_rtrip/distutils/tests/test_config_cmd.py'.
Hint: make sure your test modules/packages have valid Python names.
Traceback:
/opt/graalpy/lib/python3.10/importlib/__init__.py:126: in import_module
    return _bootstrap._gcd_import(name[level:], package, level)
tmp_rtrip/distutils/tests/__init__.py:17: in <module>
    from test.support import run_unittest
E   ModuleNotFoundError: No module named 'test.support'
___________ ERROR collecting tmp_rtrip/distutils/tests/test_core.py ____________
ImportError while importing test module '/workdir/astor-0.8.1/tmp_rtrip/distutils/tests/test_core.py'.
Hint: make sure your test modules/packages have valid Python names.
Traceback:
/opt/graalpy/lib/python3.10/importlib/__init__.py:126: in import_module
    return _bootstrap._gcd_import(name[level:], package, level)
tmp_rtrip/distutils/tests/__init__.py:17: in <module>
    from test.support import run_unittest
E   ModuleNotFoundError: No module named 'test.support'
______ ERROR collecting tmp_rtrip/distutils/tests/test_cygwinccompiler.py ______
ImportError while importing test module '/workdir/astor-0.8.1/tmp_rtrip/distutils/tests/test_cygwinccompiler.py'.
Hint: make sure your test modules/packages have valid Python names.
Traceback:
/opt/graalpy/lib/python3.10/importlib/__init__.py:126: in import_module
    return _bootstrap._gcd_import(name[level:], package, level)
tmp_rtrip/distutils/tests/__init__.py:17: in <module>
    from test.support import run_unittest
E   ModuleNotFoundError: No module named 'test.support'
_________ ERROR collecting tmp_rtrip/distutils/tests/test_dep_util.py __________
ImportError while importing test module '/workdir/astor-0.8.1/tmp_rtrip/distutils/tests/test_dep_util.py'.
Hint: make sure your test modules/packages have valid Python names.
Traceback:
/opt/graalpy/lib/python3.10/importlib/__init__.py:126: in import_module
    return _bootstrap._gcd_import(name[level:], package, level)
tmp_rtrip/distutils/tests/__init__.py:17: in <module>
    from test.support import run_unittest
E   ModuleNotFoundError: No module named 'test.support'
_________ ERROR collecting tmp_rtrip/distutils/tests/test_dir_util.py __________
ImportError while importing test module '/workdir/astor-0.8.1/tmp_rtrip/distutils/tests/test_dir_util.py'.
Hint: make sure your test modules/packages have valid Python names.
Traceback:
/opt/graalpy/lib/python3.10/importlib/__init__.py:126: in import_module
    return _bootstrap._gcd_import(name[level:], package, level)
tmp_rtrip/distutils/tests/__init__.py:17: in <module>
    from test.support import run_unittest
E   ModuleNotFoundError: No module named 'test.support'
___________ ERROR collecting tmp_rtrip/distutils/tests/test_dist.py ____________
ImportError while importing test module '/workdir/astor-0.8.1/tmp_rtrip/distutils/tests/test_dist.py'.
Hint: make sure your test modules/packages have valid Python names.
Traceback:
/opt/graalpy/lib/python3.10/importlib/__init__.py:126: in import_module
    return _bootstrap._gcd_import(name[level:], package, level)
tmp_rtrip/distutils/tests/__init__.py:17: in <module>
    from test.support import run_unittest
E   ModuleNotFoundError: No module named 'test.support'
_________ ERROR collecting tmp_rtrip/distutils/tests/test_extension.py _________
ImportError while importing test module '/workdir/astor-0.8.1/tmp_rtrip/distutils/tests/test_extension.py'.
Hint: make sure your test modules/packages have valid Python names.
Traceback:
/opt/graalpy/lib/python3.10/importlib/__init__.py:126: in import_module
    return _bootstrap._gcd_import(name[level:], package, level)
tmp_rtrip/distutils/tests/__init__.py:17: in <module>
    from test.support import run_unittest
E   ModuleNotFoundError: No module named 'test.support'
_________ ERROR collecting tmp_rtrip/distutils/tests/test_file_util.py _________
ImportError while importing test module '/workdir/astor-0.8.1/tmp_rtrip/distutils/tests/test_file_util.py'.
Hint: make sure your test modules/packages have valid Python names.
Traceback:
/opt/graalpy/lib/python3.10/importlib/__init__.py:126: in import_module
    return _bootstrap._gcd_import(name[level:], package, level)
tmp_rtrip/distutils/tests/__init__.py:17: in <module>
    from test.support import run_unittest
E   ModuleNotFoundError: No module named 'test.support'
_________ ERROR collecting tmp_rtrip/distutils/tests/test_filelist.py __________
ImportError while importing test module '/workdir/astor-0.8.1/tmp_rtrip/distutils/tests/test_filelist.py'.
Hint: make sure your test modules/packages have valid Python names.
Traceback:
/opt/graalpy/lib/python3.10/importlib/__init__.py:126: in import_module
    return _bootstrap._gcd_import(name[level:], package, level)
tmp_rtrip/distutils/tests/__init__.py:17: in <module>
    from test.support import run_unittest
E   ModuleNotFoundError: No module named 'test.support'
__________ ERROR collecting tmp_rtrip/distutils/tests/test_install.py __________
ImportError while importing test module '/workdir/astor-0.8.1/tmp_rtrip/distutils/tests/test_install.py'.
Hint: make sure your test modules/packages have valid Python names.
Traceback:
/opt/graalpy/lib/python3.10/importlib/__init__.py:126: in import_module
    return _bootstrap._gcd_import(name[level:], package, level)
tmp_rtrip/distutils/tests/__init__.py:17: in <module>
    from test.support import run_unittest
E   ModuleNotFoundError: No module named 'test.support'
_______ ERROR collecting tmp_rtrip/distutils/tests/test_install_data.py ________
ImportError while importing test module '/workdir/astor-0.8.1/tmp_rtrip/distutils/tests/test_install_data.py'.
Hint: make sure your test modules/packages have valid Python names.
Traceback:
/opt/graalpy/lib/python3.10/importlib/__init__.py:126: in import_module
    return _bootstrap._gcd_import(name[level:], package, level)
tmp_rtrip/distutils/tests/__init__.py:17: in <module>
    from test.support import run_unittest
E   ModuleNotFoundError: No module named 'test.support'
______ ERROR collecting tmp_rtrip/distutils/tests/test_install_headers.py ______
ImportError while importing test module '/workdir/astor-0.8.1/tmp_rtrip/distutils/tests/test_install_headers.py'.
Hint: make sure your test modules/packages have valid Python names.
Traceback:
/opt/graalpy/lib/python3.10/importlib/__init__.py:126: in import_module
    return _bootstrap._gcd_import(name[level:], package, level)
tmp_rtrip/distutils/tests/__init__.py:17: in <module>
    from test.support import run_unittest
E   ModuleNotFoundError: No module named 'test.support'
________ ERROR collecting tmp_rtrip/distutils/tests/test_install_lib.py ________
ImportError while importing test module '/workdir/astor-0.8.1/tmp_rtrip/distutils/tests/test_install_lib.py'.
Hint: make sure your test modules/packages have valid Python names.
Traceback:
/opt/graalpy/lib/python3.10/importlib/__init__.py:126: in import_module
    return _bootstrap._gcd_import(name[level:], package, level)
tmp_rtrip/distutils/tests/__init__.py:17: in <module>
    from test.support import run_unittest
E   ModuleNotFoundError: No module named 'test.support'
______ ERROR collecting tmp_rtrip/distutils/tests/test_install_scripts.py ______
ImportError while importing test module '/workdir/astor-0.8.1/tmp_rtrip/distutils/tests/test_install_scripts.py'.
Hint: make sure your test modules/packages have valid Python names.
Traceback:
/opt/graalpy/lib/python3.10/importlib/__init__.py:126: in import_module
    return _bootstrap._gcd_import(name[level:], package, level)
tmp_rtrip/distutils/tests/__init__.py:17: in <module>
    from test.support import run_unittest
E   ModuleNotFoundError: No module named 'test.support'
____________ ERROR collecting tmp_rtrip/distutils/tests/test_log.py ____________
ImportError while importing test module '/workdir/astor-0.8.1/tmp_rtrip/distutils/tests/test_log.py'.
Hint: make sure your test modules/packages have valid Python names.
Traceback:
/opt/graalpy/lib/python3.10/importlib/__init__.py:126: in import_module
    return _bootstrap._gcd_import(name[level:], package, level)
tmp_rtrip/distutils/tests/__init__.py:17: in <module>
    from test.support import run_unittest
E   ModuleNotFoundError: No module named 'test.support'
_______ ERROR collecting tmp_rtrip/distutils/tests/test_msvc9compiler.py _______
ImportError while importing test module '/workdir/astor-0.8.1/tmp_rtrip/distutils/tests/test_msvc9compiler.py'.
Hint: make sure your test modules/packages have valid Python names.
Traceback:
/opt/graalpy/lib/python3.10/importlib/__init__.py:126: in import_module
    return _bootstrap._gcd_import(name[level:], package, level)
tmp_rtrip/distutils/tests/__init__.py:17: in <module>
    from test.support import run_unittest
E   ModuleNotFoundError: No module named 'test.support'
_______ ERROR collecting tmp_rtrip/distutils/tests/test_msvccompiler.py ________
ImportError while importing test module '/workdir/astor-0.8.1/tmp_rtrip/distutils/tests/test_msvccompiler.py'.
Hint: make sure your test modules/packages have valid Python names.
Traceback:
/opt/graalpy/lib/python3.10/importlib/__init__.py:126: in import_module
    return _bootstrap._gcd_import(name[level:], package, level)
tmp_rtrip/distutils/tests/__init__.py:17: in <module>
    from test.support import run_unittest
E   ModuleNotFoundError: No module named 'test.support'
_________ ERROR collecting tmp_rtrip/distutils/tests/test_register.py __________
ImportError while importing test module '/workdir/astor-0.8.1/tmp_rtrip/distutils/tests/test_register.py'.
Hint: make sure your test modules/packages have valid Python names.
Traceback:
/opt/graalpy/lib/python3.10/importlib/__init__.py:126: in import_module
    return _bootstrap._gcd_import(name[level:], package, level)
tmp_rtrip/distutils/tests/__init__.py:17: in <module>
    from test.support import run_unittest
E   ModuleNotFoundError: No module named 'test.support'
___________ ERROR collecting tmp_rtrip/distutils/tests/test_sdist.py ___________
ImportError while importing test module '/workdir/astor-0.8.1/tmp_rtrip/distutils/tests/test_sdist.py'.
Hint: make sure your test modules/packages have valid Python names.
Traceback:
/opt/graalpy/lib/python3.10/importlib/__init__.py:126: in import_module
    return _bootstrap._gcd_import(name[level:], package, level)
tmp_rtrip/distutils/tests/__init__.py:17: in <module>
    from test.support import run_unittest
E   ModuleNotFoundError: No module named 'test.support'
___________ ERROR collecting tmp_rtrip/distutils/tests/test_spawn.py ___________
ImportError while importing test module '/workdir/astor-0.8.1/tmp_rtrip/distutils/tests/test_spawn.py'.
Hint: make sure your test modules/packages have valid Python names.
Traceback:
/opt/graalpy/lib/python3.10/importlib/__init__.py:126: in import_module
    return _bootstrap._gcd_import(name[level:], package, level)
tmp_rtrip/distutils/tests/__init__.py:17: in <module>
    from test.support import run_unittest
E   ModuleNotFoundError: No module named 'test.support'
_________ ERROR collecting tmp_rtrip/distutils/tests/test_sysconfig.py _________
ImportError while importing test module '/workdir/astor-0.8.1/tmp_rtrip/distutils/tests/test_sysconfig.py'.
Hint: make sure your test modules/packages have valid Python names.
Traceback:
/opt/graalpy/lib/python3.10/importlib/__init__.py:126: in import_module
    return _bootstrap._gcd_import(name[level:], package, level)
tmp_rtrip/distutils/tests/__init__.py:17: in <module>
    from test.support import run_unittest
E   ModuleNotFoundError: No module named 'test.support'
_________ ERROR collecting tmp_rtrip/distutils/tests/test_text_file.py _________
ImportError while importing test module '/workdir/astor-0.8.1/tmp_rtrip/distutils/tests/test_text_file.py'.
Hint: make sure your test modules/packages have valid Python names.
Traceback:
/opt/graalpy/lib/python3.10/importlib/__init__.py:126: in import_module
    return _bootstrap._gcd_import(name[level:], package, level)
tmp_rtrip/distutils/tests/__init__.py:17: in <module>
    from test.support import run_unittest
E   ModuleNotFoundError: No module named 'test.support'
_______ ERROR collecting tmp_rtrip/distutils/tests/test_unixccompiler.py _______
ImportError while importing test module '/workdir/astor-0.8.1/tmp_rtrip/distutils/tests/test_unixccompiler.py'.
Hint: make sure your test modules/packages have valid Python names.
Traceback:
/opt/graalpy/lib/python3.10/importlib/__init__.py:126: in import_module
    return _bootstrap._gcd_import(name[level:], package, level)
tmp_rtrip/distutils/tests/__init__.py:17: in <module>
    from test.support import run_unittest
E   ModuleNotFoundError: No module named 'test.support'
__________ ERROR collecting tmp_rtrip/distutils/tests/test_upload.py ___________
ImportError while importing test module '/workdir/astor-0.8.1/tmp_rtrip/distutils/tests/test_upload.py'.
Hint: make sure your test modules/packages have valid Python names.
Traceback:
/opt/graalpy/lib/python3.10/importlib/__init__.py:126: in import_module
    return _bootstrap._gcd_import(name[level:], package, level)
tmp_rtrip/distutils/tests/__init__.py:17: in <module>
    from test.support import run_unittest
E   ModuleNotFoundError: No module named 'test.support'
___________ ERROR collecting tmp_rtrip/distutils/tests/test_util.py ____________
ImportError while importing test module '/workdir/astor-0.8.1/tmp_rtrip/distutils/tests/test_util.py'.
Hint: make sure your test modules/packages have valid Python names.
Traceback:
/opt/graalpy/lib/python3.10/importlib/__init__.py:126: in import_module
    return _bootstrap._gcd_import(name[level:], package, level)
tmp_rtrip/distutils/tests/__init__.py:17: in <module>
    from test.support import run_unittest
E   ModuleNotFoundError: No module named 'test.support'
__________ ERROR collecting tmp_rtrip/distutils/tests/test_version.py __________
ImportError while importing test module '/workdir/astor-0.8.1/tmp_rtrip/distutils/tests/test_version.py'.
Hint: make sure your test modules/packages have valid Python names.
Traceback:
/opt/graalpy/lib/python3.10/importlib/__init__.py:126: in import_module
    return _bootstrap._gcd_import(name[level:], package, level)
tmp_rtrip/distutils/tests/__init__.py:17: in <module>
    from test.support import run_unittest
E   ModuleNotFoundError: No module named 'test.support'
_____ ERROR collecting tmp_rtrip/distutils/tests/test_versionpredicate.py ______
ImportError while importing test module '/workdir/astor-0.8.1/tmp_rtrip/distutils/tests/test_versionpredicate.py'.
Hint: make sure your test modules/packages have valid Python names.
Traceback:
/opt/graalpy/lib/python3.10/importlib/__init__.py:126: in import_module
    return _bootstrap._gcd_import(name[level:], package, level)
tmp_rtrip/distutils/tests/__init__.py:17: in <module>
    from test.support import run_unittest
E   ModuleNotFoundError: No module named 'test.support'
______ ERROR collecting tmp_rtrip/idlelib/idle_test/test_autocomplete.py _______
Traceback (most recent call last):
  File "/workdir/astor-0.8.1/.tox/graalpylibtest-unit-test-tests/lib/python3.10/site-packages/_pytest/runner.py", line 341, in from_call
    result: Optional[TResult] = func()
  File "/workdir/astor-0.8.1/.tox/graalpylibtest-unit-test-tests/lib/python3.10/site-packages/_pytest/runner.py", line 372, in <lambda>
    call = CallInfo.from_call(lambda: list(collector.collect()), "collect")
  File "/workdir/astor-0.8.1/.tox/graalpylibtest-unit-test-tests/lib/python3.10/site-packages/_pytest/python.py", line 531, in collect
    self._inject_setup_module_fixture()
  File "/workdir/astor-0.8.1/.tox/graalpylibtest-unit-test-tests/lib/python3.10/site-packages/_pytest/python.py", line 545, in _inject_setup_module_fixture
    self.obj, ("setUpModule", "setup_module")
  File "/workdir/astor-0.8.1/.tox/graalpylibtest-unit-test-tests/lib/python3.10/site-packages/_pytest/python.py", line 310, in obj
    self._obj = obj = self._getobj()
  File "/workdir/astor-0.8.1/.tox/graalpylibtest-unit-test-tests/lib/python3.10/site-packages/_pytest/python.py", line 528, in _getobj
    return self._importtestmodule()
  File "/workdir/astor-0.8.1/.tox/graalpylibtest-unit-test-tests/lib/python3.10/site-packages/_pytest/python.py", line 617, in _importtestmodule
    mod = import_path(self.path, mode=importmode, root=self.config.rootpath)
  File "/workdir/astor-0.8.1/.tox/graalpylibtest-unit-test-tests/lib/python3.10/site-packages/_pytest/pathlib.py", line 567, in import_path
    importlib.import_module(module_name)
  File "/opt/graalpy/lib/python3.10/importlib/__init__.py", line 126, in import_module
    return _bootstrap._gcd_import(name[level:], package, level)
  File "/workdir/astor-0.8.1/tmp_rtrip/idlelib/idle_test/test_autocomplete.py", line 3, in <module>
    from unittest.mock import Mock, patch
  File "/opt/graalpy/lib/python3.10/unittest/mock.py", line 26, in <module>
    import asyncio
  File "/workdir/astor-0.8.1/tmp_rtrip/asyncio/__init__.py", line 3, in <module>
    from .base_events import *
  File "/workdir/astor-0.8.1/tmp_rtrip/asyncio/base_events.py", line 39, in <module>
    from . import futures
  File "/workdir/astor-0.8.1/tmp_rtrip/asyncio/futures.py", line 380, in <module>
    Future = _CFuture = _asyncio.Future
AttributeError: module '_asyncio' has no attribute 'Future'
_____ ERROR collecting tmp_rtrip/idlelib/idle_test/test_autocomplete_w.py ______
ImportError while importing test module '/workdir/astor-0.8.1/tmp_rtrip/idlelib/idle_test/test_autocomplete_w.py'.
Hint: make sure your test modules/packages have valid Python names.
Traceback:
/opt/graalpy/lib/python3.10/importlib/__init__.py:126: in import_module
    return _bootstrap._gcd_import(name[level:], package, level)
tmp_rtrip/idlelib/idle_test/test_autocomplete_w.py:3: in <module>
    from test.support import requires
E   ModuleNotFoundError: No module named 'test.support'
_______ ERROR collecting tmp_rtrip/idlelib/idle_test/test_autoexpand.py ________
ImportError while importing test module '/workdir/astor-0.8.1/tmp_rtrip/idlelib/idle_test/test_autoexpand.py'.
Hint: make sure your test modules/packages have valid Python names.
Traceback:
/opt/graalpy/lib/python3.10/importlib/__init__.py:126: in import_module
    return _bootstrap._gcd_import(name[level:], package, level)
tmp_rtrip/idlelib/idle_test/test_autoexpand.py:4: in <module>
    from test.support import requires
E   ModuleNotFoundError: No module named 'test.support'
_________ ERROR collecting tmp_rtrip/idlelib/idle_test/test_browser.py _________
ImportError while importing test module '/workdir/astor-0.8.1/tmp_rtrip/idlelib/idle_test/test_browser.py'.
Hint: make sure your test modules/packages have valid Python names.
Traceback:
/opt/graalpy/lib/python3.10/importlib/__init__.py:126: in import_module
    return _bootstrap._gcd_import(name[level:], package, level)
tmp_rtrip/idlelib/idle_test/test_browser.py:2: in <module>
    from idlelib import browser
tmp_rtrip/idlelib/browser.py:13: in <module>
    from idlelib.config import idleConf
tmp_rtrip/idlelib/config.py:29: in <module>
    from tkinter.font import Font
tmp_rtrip/tkinter/__init__.py:35: in <module>
    import _tkinter
E   ModuleNotFoundError: No module named '_tkinter'
_________ ERROR collecting tmp_rtrip/idlelib/idle_test/test_calltip.py _________
ImportError while importing test module '/workdir/astor-0.8.1/tmp_rtrip/idlelib/idle_test/test_calltip.py'.
Hint: make sure your test modules/packages have valid Python names.
Traceback:
/opt/graalpy/lib/python3.10/importlib/__init__.py:126: in import_module
    return _bootstrap._gcd_import(name[level:], package, level)
tmp_rtrip/idlelib/idle_test/test_calltip.py:2: in <module>
    from idlelib import calltip
tmp_rtrip/idlelib/calltip.py:13: in <module>
    from idlelib import calltip_w
tmp_rtrip/idlelib/calltip_w.py:6: in <module>
    from tkinter import Label, LEFT, SOLID, TclError
tmp_rtrip/tkinter/__init__.py:35: in <module>
    import _tkinter
E   ModuleNotFoundError: No module named '_tkinter'
________ ERROR collecting tmp_rtrip/idlelib/idle_test/test_calltip_w.py ________
ImportError while importing test module '/workdir/astor-0.8.1/tmp_rtrip/idlelib/idle_test/test_calltip_w.py'.
Hint: make sure your test modules/packages have valid Python names.
Traceback:
/opt/graalpy/lib/python3.10/importlib/__init__.py:126: in import_module
    return _bootstrap._gcd_import(name[level:], package, level)
tmp_rtrip/idlelib/idle_test/test_calltip_w.py:2: in <module>
    from idlelib import calltip_w
tmp_rtrip/idlelib/calltip_w.py:6: in <module>
    from tkinter import Label, LEFT, SOLID, TclError
tmp_rtrip/tkinter/__init__.py:35: in <module>
    import _tkinter
E   ModuleNotFoundError: No module named '_tkinter'
_______ ERROR collecting tmp_rtrip/idlelib/idle_test/test_codecontext.py _______
ImportError while importing test module '/workdir/astor-0.8.1/tmp_rtrip/idlelib/idle_test/test_codecontext.py'.
Hint: make sure your test modules/packages have valid Python names.
Traceback:
/opt/graalpy/lib/python3.10/importlib/__init__.py:126: in import_module
    return _bootstrap._gcd_import(name[level:], package, level)
tmp_rtrip/idlelib/idle_test/test_codecontext.py:2: in <module>
    from idlelib import codecontext
tmp_rtrip/idlelib/codecontext.py:16: in <module>
    from tkinter import Frame, Text, TclError
tmp_rtrip/tkinter/__init__.py:35: in <module>
    import _tkinter
E   ModuleNotFoundError: No module named '_tkinter'
________ ERROR collecting tmp_rtrip/idlelib/idle_test/test_colorizer.py ________
ImportError while importing test module '/workdir/astor-0.8.1/tmp_rtrip/idlelib/idle_test/test_colorizer.py'.
Hint: make sure your test modules/packages have valid Python names.
Traceback:
/opt/graalpy/lib/python3.10/importlib/__init__.py:126: in import_module
    return _bootstrap._gcd_import(name[level:], package, level)
tmp_rtrip/idlelib/idle_test/test_colorizer.py:2: in <module>
    from idlelib import colorizer
tmp_rtrip/idlelib/colorizer.py:5: in <module>
    from idlelib.config import idleConf
tmp_rtrip/idlelib/config.py:29: in <module>
    from tkinter.font import Font
tmp_rtrip/tkinter/__init__.py:35: in <module>
    import _tkinter
E   ModuleNotFoundError: No module named '_tkinter'
_________ ERROR collecting tmp_rtrip/idlelib/idle_test/test_config.py __________
ImportError while importing test module '/workdir/astor-0.8.1/tmp_rtrip/idlelib/idle_test/test_config.py'.
Hint: make sure your test modules/packages have valid Python names.
Traceback:
/opt/graalpy/lib/python3.10/importlib/__init__.py:126: in import_module
    return _bootstrap._gcd_import(name[level:], package, level)
tmp_rtrip/idlelib/idle_test/test_config.py:6: in <module>
    from idlelib import config
tmp_rtrip/idlelib/config.py:29: in <module>
    from tkinter.font import Font
tmp_rtrip/tkinter/__init__.py:35: in <module>
    import _tkinter
E   ModuleNotFoundError: No module named '_tkinter'
_______ ERROR collecting tmp_rtrip/idlelib/idle_test/test_config_key.py ________
ImportError while importing test module '/workdir/astor-0.8.1/tmp_rtrip/idlelib/idle_test/test_config_key.py'.
Hint: make sure your test modules/packages have valid Python names.
Traceback:
/opt/graalpy/lib/python3.10/importlib/__init__.py:126: in import_module
    return _bootstrap._gcd_import(name[level:], package, level)
tmp_rtrip/idlelib/idle_test/test_config_key.py:7: in <module>
    from idlelib import config_key
tmp_rtrip/idlelib/config_key.py:4: in <module>
    from tkinter import Toplevel, Listbox, StringVar, TclError
tmp_rtrip/tkinter/__init__.py:35: in <module>
    import _tkinter
E   ModuleNotFoundError: No module named '_tkinter'
______ ERROR collecting tmp_rtrip/idlelib/idle_test/test_configdialog.py _______
ImportError while importing test module '/workdir/astor-0.8.1/tmp_rtrip/idlelib/idle_test/test_configdialog.py'.
Hint: make sure your test modules/packages have valid Python names.
Traceback:
/opt/graalpy/lib/python3.10/importlib/__init__.py:126: in import_module
    return _bootstrap._gcd_import(name[level:], package, level)
tmp_rtrip/idlelib/idle_test/test_configdialog.py:5: in <module>
    from idlelib import configdialog
tmp_rtrip/idlelib/configdialog.py:13: in <module>
    from tkinter import Toplevel, Listbox, Canvas, StringVar, BooleanVar, IntVar, TRUE, FALSE, TOP, BOTTOM, RIGHT, LEFT, SOLID, GROOVE, NONE, BOTH, X, Y, W, E, EW, NS, NSEW, NW, HORIZONTAL, VERTICAL, ANCHOR, ACTIVE, END, TclError
tmp_rtrip/tkinter/__init__.py:35: in <module>
    import _tkinter
E   ModuleNotFoundError: No module named '_tkinter'
________ ERROR collecting tmp_rtrip/idlelib/idle_test/test_debugger.py _________
ImportError while importing test module '/workdir/astor-0.8.1/tmp_rtrip/idlelib/idle_test/test_debugger.py'.
Hint: make sure your test modules/packages have valid Python names.
Traceback:
/opt/graalpy/lib/python3.10/importlib/__init__.py:126: in import_module
    return _bootstrap._gcd_import(name[level:], package, level)
tmp_rtrip/idlelib/idle_test/test_debugger.py:2: in <module>
    from idlelib import debugger
tmp_rtrip/idlelib/debugger.py:3: in <module>
    from tkinter import *
tmp_rtrip/tkinter/__init__.py:35: in <module>
    import _tkinter
E   ModuleNotFoundError: No module named '_tkinter'
_______ ERROR collecting tmp_rtrip/idlelib/idle_test/test_debugger_r.py ________
ImportError while importing test module '/workdir/astor-0.8.1/tmp_rtrip/idlelib/idle_test/test_debugger_r.py'.
Hint: make sure your test modules/packages have valid Python names.
Traceback:
/opt/graalpy/lib/python3.10/importlib/__init__.py:126: in import_module
    return _bootstrap._gcd_import(name[level:], package, level)
tmp_rtrip/idlelib/idle_test/test_debugger_r.py:2: in <module>
    from idlelib import debugger_r
tmp_rtrip/idlelib/debugger_r.py:24: in <module>
    from idlelib import debugger
tmp_rtrip/idlelib/debugger.py:3: in <module>
    from tkinter import *
tmp_rtrip/tkinter/__init__.py:35: in <module>
    import _tkinter
E   ModuleNotFoundError: No module named '_tkinter'
________ ERROR collecting tmp_rtrip/idlelib/idle_test/test_debugobj.py _________
ImportError while importing test module '/workdir/astor-0.8.1/tmp_rtrip/idlelib/idle_test/test_debugobj.py'.
Hint: make sure your test modules/packages have valid Python names.
Traceback:
/opt/graalpy/lib/python3.10/importlib/__init__.py:126: in import_module
    return _bootstrap._gcd_import(name[level:], package, level)
tmp_rtrip/idlelib/idle_test/test_debugobj.py:2: in <module>
    from idlelib import debugobj
tmp_rtrip/idlelib/debugobj.py:2: in <module>
    from idlelib.tree import TreeItem, TreeNode, ScrolledCanvas
tmp_rtrip/idlelib/tree.py:2: in <module>
    from tkinter import *
tmp_rtrip/tkinter/__init__.py:35: in <module>
    import _tkinter
E   ModuleNotFoundError: No module named '_tkinter'
________ ERROR collecting tmp_rtrip/idlelib/idle_test/test_editmenu.py _________
ImportError while importing test module '/workdir/astor-0.8.1/tmp_rtrip/idlelib/idle_test/test_editmenu.py'.
Hint: make sure your test modules/packages have valid Python names.
Traceback:
/opt/graalpy/lib/python3.10/importlib/__init__.py:126: in import_module
    return _bootstrap._gcd_import(name[level:], package, level)
tmp_rtrip/idlelib/idle_test/test_editmenu.py:5: in <module>
    from test.support import requires
E   ModuleNotFoundError: No module named 'test.support'
_________ ERROR collecting tmp_rtrip/idlelib/idle_test/test_editor.py __________
ImportError while importing test module '/workdir/astor-0.8.1/tmp_rtrip/idlelib/idle_test/test_editor.py'.
Hint: make sure your test modules/packages have valid Python names.
Traceback:
/opt/graalpy/lib/python3.10/importlib/__init__.py:126: in import_module
    return _bootstrap._gcd_import(name[level:], package, level)
tmp_rtrip/idlelib/idle_test/test_editor.py:2: in <module>
    from idlelib import editor
tmp_rtrip/idlelib/editor.py:11: in <module>
    from tkinter import *
tmp_rtrip/tkinter/__init__.py:35: in <module>
    import _tkinter
E   ModuleNotFoundError: No module named '_tkinter'
________ ERROR collecting tmp_rtrip/idlelib/idle_test/test_filelist.py _________
ImportError while importing test module '/workdir/astor-0.8.1/tmp_rtrip/idlelib/idle_test/test_filelist.py'.
Hint: make sure your test modules/packages have valid Python names.
Traceback:
/opt/graalpy/lib/python3.10/importlib/__init__.py:126: in import_module
    return _bootstrap._gcd_import(name[level:], package, level)
tmp_rtrip/idlelib/idle_test/test_filelist.py:2: in <module>
    from idlelib import filelist
tmp_rtrip/idlelib/filelist.py:3: in <module>
    from tkinter import messagebox
tmp_rtrip/tkinter/__init__.py:35: in <module>
    import _tkinter
E   ModuleNotFoundError: No module named '_tkinter'
_________ ERROR collecting tmp_rtrip/idlelib/idle_test/test_format.py __________
ImportError while importing test module '/workdir/astor-0.8.1/tmp_rtrip/idlelib/idle_test/test_format.py'.
Hint: make sure your test modules/packages have valid Python names.
Traceback:
/opt/graalpy/lib/python3.10/importlib/__init__.py:126: in import_module
    return _bootstrap._gcd_import(name[level:], package, level)
tmp_rtrip/idlelib/idle_test/test_format.py:2: in <module>
    from idlelib import format as ft
tmp_rtrip/idlelib/format.py:9: in <module>
    from tkinter.messagebox import askyesno
tmp_rtrip/tkinter/__init__.py:35: in <module>
    import _tkinter
E   ModuleNotFoundError: No module named '_tkinter'
__________ ERROR collecting tmp_rtrip/idlelib/idle_test/test_grep.py ___________
ImportError while importing test module '/workdir/astor-0.8.1/tmp_rtrip/idlelib/idle_test/test_grep.py'.
Hint: make sure your test modules/packages have valid Python names.
Traceback:
/opt/graalpy/lib/python3.10/importlib/__init__.py:126: in import_module
    return _bootstrap._gcd_import(name[level:], package, level)
tmp_rtrip/idlelib/idle_test/test_grep.py:8: in <module>
    from idlelib import grep
tmp_rtrip/idlelib/grep.py:9: in <module>
    from tkinter import StringVar, BooleanVar
tmp_rtrip/tkinter/__init__.py:35: in <module>
    import _tkinter
E   ModuleNotFoundError: No module named '_tkinter'
__________ ERROR collecting tmp_rtrip/idlelib/idle_test/test_help.py ___________
ImportError while importing test module '/workdir/astor-0.8.1/tmp_rtrip/idlelib/idle_test/test_help.py'.
Hint: make sure your test modules/packages have valid Python names.
Traceback:
/opt/graalpy/lib/python3.10/importlib/__init__.py:126: in import_module
    return _bootstrap._gcd_import(name[level:], package, level)
tmp_rtrip/idlelib/idle_test/test_help.py:2: in <module>
    from idlelib import help
tmp_rtrip/idlelib/help.py:30: in <module>
    from tkinter import Toplevel, Text, Menu
tmp_rtrip/tkinter/__init__.py:35: in <module>
    import _tkinter
E   ModuleNotFoundError: No module named '_tkinter'
_______ ERROR collecting tmp_rtrip/idlelib/idle_test/test_help_about.py ________
ImportError while importing test module '/workdir/astor-0.8.1/tmp_rtrip/idlelib/idle_test/test_help_about.py'.
Hint: make sure your test modules/packages have valid Python names.
Traceback:
/opt/graalpy/lib/python3.10/importlib/__init__.py:126: in import_module
    return _bootstrap._gcd_import(name[level:], package, level)
tmp_rtrip/idlelib/idle_test/test_help_about.py:5: in <module>
    from idlelib import help_about
tmp_rtrip/idlelib/help_about.py:8: in <module>
    from tkinter import Toplevel, Frame, Label, Button, PhotoImage
tmp_rtrip/tkinter/__init__.py:35: in <module>
    import _tkinter
E   ModuleNotFoundError: No module named '_tkinter'
_________ ERROR collecting tmp_rtrip/idlelib/idle_test/test_history.py _________
ImportError while importing test module '/workdir/astor-0.8.1/tmp_rtrip/idlelib/idle_test/test_history.py'.
Hint: make sure your test modules/packages have valid Python names.
Traceback:
/opt/graalpy/lib/python3.10/importlib/__init__.py:126: in import_module
    return _bootstrap._gcd_import(name[level:], package, level)
tmp_rtrip/idlelib/idle_test/test_history.py:2: in <module>
    from idlelib.history import History
tmp_rtrip/idlelib/history.py:2: in <module>
    from idlelib.config import idleConf
tmp_rtrip/idlelib/config.py:29: in <module>
    from tkinter.font import Font
tmp_rtrip/tkinter/__init__.py:35: in <module>
    import _tkinter
E   ModuleNotFoundError: No module named '_tkinter'
_______ ERROR collecting tmp_rtrip/idlelib/idle_test/test_hyperparser.py _______
ImportError while importing test module '/workdir/astor-0.8.1/tmp_rtrip/idlelib/idle_test/test_hyperparser.py'.
Hint: make sure your test modules/packages have valid Python names.
Traceback:
/opt/graalpy/lib/python3.10/importlib/__init__.py:126: in import_module
    return _bootstrap._gcd_import(name[level:], package, level)
tmp_rtrip/idlelib/idle_test/test_hyperparser.py:4: in <module>
    from test.support import requires
E   ModuleNotFoundError: No module named 'test.support'
_________ ERROR collecting tmp_rtrip/idlelib/idle_test/test_iomenu.py __________
ImportError while importing test module '/workdir/astor-0.8.1/tmp_rtrip/idlelib/idle_test/test_iomenu.py'.
Hint: make sure your test modules/packages have valid Python names.
Traceback:
/opt/graalpy/lib/python3.10/importlib/__init__.py:126: in import_module
    return _bootstrap._gcd_import(name[level:], package, level)
tmp_rtrip/idlelib/idle_test/test_iomenu.py:2: in <module>
    from idlelib import iomenu
tmp_rtrip/idlelib/iomenu.py:7: in <module>
    from tkinter import filedialog
tmp_rtrip/tkinter/__init__.py:35: in <module>
    import _tkinter
E   ModuleNotFoundError: No module named '_tkinter'
_________ ERROR collecting tmp_rtrip/idlelib/idle_test/test_macosx.py __________
ImportError while importing test module '/workdir/astor-0.8.1/tmp_rtrip/idlelib/idle_test/test_macosx.py'.
Hint: make sure your test modules/packages have valid Python names.
Traceback:
/opt/graalpy/lib/python3.10/importlib/__init__.py:126: in import_module
    return _bootstrap._gcd_import(name[level:], package, level)
tmp_rtrip/idlelib/idle_test/test_macosx.py:2: in <module>
    from idlelib import macosx
tmp_rtrip/idlelib/macosx.py:7: in <module>
    from test.support import requires, ResourceDenied
E   ModuleNotFoundError: No module named 'test.support'
________ ERROR collecting tmp_rtrip/idlelib/idle_test/test_mainmenu.py _________
ImportError while importing test module '/workdir/astor-0.8.1/tmp_rtrip/idlelib/idle_test/test_mainmenu.py'.
Hint: make sure your test modules/packages have valid Python names.
Traceback:
/opt/graalpy/lib/python3.10/importlib/__init__.py:126: in import_module
    return _bootstrap._gcd_import(name[level:], package, level)
tmp_rtrip/idlelib/idle_test/test_mainmenu.py:2: in <module>
    from idlelib import mainmenu
tmp_rtrip/idlelib/mainmenu.py:12: in <module>
    from idlelib.config import idleConf
tmp_rtrip/idlelib/config.py:29: in <module>
    from tkinter.font import Font
tmp_rtrip/tkinter/__init__.py:35: in <module>
    import _tkinter
E   ModuleNotFoundError: No module named '_tkinter'
________ ERROR collecting tmp_rtrip/idlelib/idle_test/test_multicall.py ________
ImportError while importing test module '/workdir/astor-0.8.1/tmp_rtrip/idlelib/idle_test/test_multicall.py'.
Hint: make sure your test modules/packages have valid Python names.
Traceback:
/opt/graalpy/lib/python3.10/importlib/__init__.py:126: in import_module
    return _bootstrap._gcd_import(name[level:], package, level)
tmp_rtrip/idlelib/idle_test/test_multicall.py:2: in <module>
    from idlelib import multicall
tmp_rtrip/idlelib/multicall.py:33: in <module>
    import tkinter
tmp_rtrip/tkinter/__init__.py:35: in <module>
    import _tkinter
E   ModuleNotFoundError: No module named '_tkinter'
_________ ERROR collecting tmp_rtrip/idlelib/idle_test/test_outwin.py __________
ImportError while importing test module '/workdir/astor-0.8.1/tmp_rtrip/idlelib/idle_test/test_outwin.py'.
Hint: make sure your test modules/packages have valid Python names.
Traceback:
/opt/graalpy/lib/python3.10/importlib/__init__.py:126: in import_module
    return _bootstrap._gcd_import(name[level:], package, level)
tmp_rtrip/idlelib/idle_test/test_outwin.py:2: in <module>
    from idlelib import outwin
tmp_rtrip/idlelib/outwin.py:4: in <module>
    from tkinter import messagebox
tmp_rtrip/tkinter/__init__.py:35: in <module>
    import _tkinter
E   ModuleNotFoundError: No module named '_tkinter'
_______ ERROR collecting tmp_rtrip/idlelib/idle_test/test_parenmatch.py ________
ImportError while importing test module '/workdir/astor-0.8.1/tmp_rtrip/idlelib/idle_test/test_parenmatch.py'.
Hint: make sure your test modules/packages have valid Python names.
Traceback:
/opt/graalpy/lib/python3.10/importlib/__init__.py:126: in import_module
    return _bootstrap._gcd_import(name[level:], package, level)
tmp_rtrip/idlelib/idle_test/test_parenmatch.py:6: in <module>
    from idlelib.parenmatch import ParenMatch
tmp_rtrip/idlelib/parenmatch.py:8: in <module>
    from idlelib.config import idleConf
tmp_rtrip/idlelib/config.py:29: in <module>
    from tkinter.font import Font
tmp_rtrip/tkinter/__init__.py:35: in <module>
    import _tkinter
E   ModuleNotFoundError: No module named '_tkinter'
_______ ERROR collecting tmp_rtrip/idlelib/idle_test/test_pathbrowser.py _______
ImportError while importing test module '/workdir/astor-0.8.1/tmp_rtrip/idlelib/idle_test/test_pathbrowser.py'.
Hint: make sure your test modules/packages have valid Python names.
Traceback:
/opt/graalpy/lib/python3.10/importlib/__init__.py:126: in import_module
    return _bootstrap._gcd_import(name[level:], package, level)
tmp_rtrip/idlelib/idle_test/test_pathbrowser.py:2: in <module>
    from idlelib import pathbrowser
tmp_rtrip/idlelib/pathbrowser.py:4: in <module>
    from idlelib.browser import ModuleBrowser, ModuleBrowserTreeItem
tmp_rtrip/idlelib/browser.py:13: in <module>
    from idlelib.config import idleConf
tmp_rtrip/idlelib/config.py:29: in <module>
    from tkinter.font import Font
tmp_rtrip/tkinter/__init__.py:35: in <module>
    import _tkinter
E   ModuleNotFoundError: No module named '_tkinter'
_______ ERROR collecting tmp_rtrip/idlelib/idle_test/test_percolator.py ________
ImportError while importing test module '/workdir/astor-0.8.1/tmp_rtrip/idlelib/idle_test/test_percolator.py'.
Hint: make sure your test modules/packages have valid Python names.
Traceback:
/opt/graalpy/lib/python3.10/importlib/__init__.py:126: in import_module
    return _bootstrap._gcd_import(name[level:], package, level)
tmp_rtrip/idlelib/idle_test/test_percolator.py:2: in <module>
    from idlelib.percolator import Percolator, Delegator
tmp_rtrip/idlelib/percolator.py:2: in <module>
    from idlelib.redirector import WidgetRedirector
tmp_rtrip/idlelib/redirector.py:1: in <module>
    from tkinter import TclError
tmp_rtrip/tkinter/__init__.py:35: in <module>
    import _tkinter
E   ModuleNotFoundError: No module named '_tkinter'
_________ ERROR collecting tmp_rtrip/idlelib/idle_test/test_pyshell.py _________
Traceback (most recent call last):
  File "/workdir/astor-0.8.1/tmp_rtrip/idlelib/pyshell.py", line 5, in <module>
    from tkinter import *
  File "/workdir/astor-0.8.1/tmp_rtrip/tkinter/__init__.py", line 35, in <module>
    import _tkinter
ModuleNotFoundError: No module named '_tkinter'

During handling of the above exception, another exception occurred:

Traceback (most recent call last):
  File "/workdir/astor-0.8.1/.tox/graalpylibtest-unit-test-tests/lib/python3.10/site-packages/_pytest/runner.py", line 341, in from_call
    result: Optional[TResult] = func()
  File "/workdir/astor-0.8.1/.tox/graalpylibtest-unit-test-tests/lib/python3.10/site-packages/_pytest/runner.py", line 372, in <lambda>
    call = CallInfo.from_call(lambda: list(collector.collect()), "collect")
  File "/workdir/astor-0.8.1/.tox/graalpylibtest-unit-test-tests/lib/python3.10/site-packages/_pytest/python.py", line 531, in collect
    self._inject_setup_module_fixture()
  File "/workdir/astor-0.8.1/.tox/graalpylibtest-unit-test-tests/lib/python3.10/site-packages/_pytest/python.py", line 545, in _inject_setup_module_fixture
    self.obj, ("setUpModule", "setup_module")
  File "/workdir/astor-0.8.1/.tox/graalpylibtest-unit-test-tests/lib/python3.10/site-packages/_pytest/python.py", line 310, in obj
    self._obj = obj = self._getobj()
  File "/workdir/astor-0.8.1/.tox/graalpylibtest-unit-test-tests/lib/python3.10/site-packages/_pytest/python.py", line 528, in _getobj
    return self._importtestmodule()
  File "/workdir/astor-0.8.1/.tox/graalpylibtest-unit-test-tests/lib/python3.10/site-packages/_pytest/python.py", line 617, in _importtestmodule
    mod = import_path(self.path, mode=importmode, root=self.config.rootpath)
  File "/workdir/astor-0.8.1/.tox/graalpylibtest-unit-test-tests/lib/python3.10/site-packages/_pytest/pathlib.py", line 567, in import_path
    importlib.import_module(module_name)
  File "/opt/graalpy/lib/python3.10/importlib/__init__.py", line 126, in import_module
    return _bootstrap._gcd_import(name[level:], package, level)
  File "/workdir/astor-0.8.1/tmp_rtrip/idlelib/idle_test/test_pyshell.py", line 2, in <module>
    from idlelib import pyshell
  File "/workdir/astor-0.8.1/tmp_rtrip/idlelib/pyshell.py", line 10, in <module>
    raise SystemExit(1)
SystemExit: 1
------------------------------- Captured stderr --------------------------------
** IDLE can't import Tkinter.
Your Python may not be configured for Tk. **
__________ ERROR collecting tmp_rtrip/idlelib/idle_test/test_query.py __________
ImportError while importing test module '/workdir/astor-0.8.1/tmp_rtrip/idlelib/idle_test/test_query.py'.
Hint: make sure your test modules/packages have valid Python names.
Traceback:
/opt/graalpy/lib/python3.10/importlib/__init__.py:126: in import_module
    return _bootstrap._gcd_import(name[level:], package, level)
tmp_rtrip/idlelib/idle_test/test_query.py:12: in <module>
    from idlelib import query
tmp_rtrip/idlelib/query.py:19: in <module>
    from tkinter import Toplevel, StringVar, BooleanVar, W, E, S
tmp_rtrip/tkinter/__init__.py:35: in <module>
    import _tkinter
E   ModuleNotFoundError: No module named '_tkinter'
_______ ERROR collecting tmp_rtrip/idlelib/idle_test/test_redirector.py ________
ImportError while importing test module '/workdir/astor-0.8.1/tmp_rtrip/idlelib/idle_test/test_redirector.py'.
Hint: make sure your test modules/packages have valid Python names.
Traceback:
/opt/graalpy/lib/python3.10/importlib/__init__.py:126: in import_module
    return _bootstrap._gcd_import(name[level:], package, level)
tmp_rtrip/idlelib/idle_test/test_redirector.py:2: in <module>
    from idlelib.redirector import WidgetRedirector
tmp_rtrip/idlelib/redirector.py:1: in <module>
    from tkinter import TclError
tmp_rtrip/tkinter/__init__.py:35: in <module>
    import _tkinter
E   ModuleNotFoundError: No module named '_tkinter'
_________ ERROR collecting tmp_rtrip/idlelib/idle_test/test_replace.py _________
ImportError while importing test module '/workdir/astor-0.8.1/tmp_rtrip/idlelib/idle_test/test_replace.py'.
Hint: make sure your test modules/packages have valid Python names.
Traceback:
/opt/graalpy/lib/python3.10/importlib/__init__.py:126: in import_module
    return _bootstrap._gcd_import(name[level:], package, level)
tmp_rtrip/idlelib/idle_test/test_replace.py:2: in <module>
    from idlelib.replace import ReplaceDialog
tmp_rtrip/idlelib/replace.py:7: in <module>
    from tkinter import StringVar, TclError
tmp_rtrip/tkinter/__init__.py:35: in <module>
    import _tkinter
E   ModuleNotFoundError: No module named '_tkinter'
___________ ERROR collecting tmp_rtrip/idlelib/idle_test/test_run.py ___________
ImportError while importing test module '/workdir/astor-0.8.1/tmp_rtrip/idlelib/idle_test/test_run.py'.
Hint: make sure your test modules/packages have valid Python names.
Traceback:
/opt/graalpy/lib/python3.10/importlib/__init__.py:126: in import_module
    return _bootstrap._gcd_import(name[level:], package, level)
tmp_rtrip/idlelib/idle_test/test_run.py:2: in <module>
    from idlelib import run
tmp_rtrip/idlelib/run.py:20: in <module>
    from idlelib import autocomplete
tmp_rtrip/idlelib/autocomplete.py:16: in <module>
    from idlelib import autocomplete_w
tmp_rtrip/idlelib/autocomplete_w.py:5: in <module>
    from tkinter import *
tmp_rtrip/tkinter/__init__.py:35: in <module>
    import _tkinter
E   ModuleNotFoundError: No module named '_tkinter'
________ ERROR collecting tmp_rtrip/idlelib/idle_test/test_runscript.py ________
ImportError while importing test module '/workdir/astor-0.8.1/tmp_rtrip/idlelib/idle_test/test_runscript.py'.
Hint: make sure your test modules/packages have valid Python names.
Traceback:
/opt/graalpy/lib/python3.10/importlib/__init__.py:126: in import_module
    return _bootstrap._gcd_import(name[level:], package, level)
tmp_rtrip/idlelib/idle_test/test_runscript.py:2: in <module>
    from idlelib import runscript
tmp_rtrip/idlelib/runscript.py:16: in <module>
    from tkinter import messagebox
tmp_rtrip/tkinter/__init__.py:35: in <module>
    import _tkinter
E   ModuleNotFoundError: No module named '_tkinter'
______ ERROR collecting tmp_rtrip/idlelib/idle_test/test_scrolledlist.py _______
ImportError while importing test module '/workdir/astor-0.8.1/tmp_rtrip/idlelib/idle_test/test_scrolledlist.py'.
Hint: make sure your test modules/packages have valid Python names.
Traceback:
/opt/graalpy/lib/python3.10/importlib/__init__.py:126: in import_module
    return _bootstrap._gcd_import(name[level:], package, level)
tmp_rtrip/idlelib/idle_test/test_scrolledlist.py:2: in <module>
    from idlelib.scrolledlist import ScrolledList
tmp_rtrip/idlelib/scrolledlist.py:1: in <module>
    from tkinter import *
tmp_rtrip/tkinter/__init__.py:35: in <module>
    import _tkinter
E   ModuleNotFoundError: No module named '_tkinter'
_________ ERROR collecting tmp_rtrip/idlelib/idle_test/test_search.py __________
ImportError while importing test module '/workdir/astor-0.8.1/tmp_rtrip/idlelib/idle_test/test_search.py'.
Hint: make sure your test modules/packages have valid Python names.
Traceback:
/opt/graalpy/lib/python3.10/importlib/__init__.py:126: in import_module
    return _bootstrap._gcd_import(name[level:], package, level)
tmp_rtrip/idlelib/idle_test/test_search.py:2: in <module>
    from idlelib import search
tmp_rtrip/idlelib/search.py:7: in <module>
    from tkinter import TclError
tmp_rtrip/tkinter/__init__.py:35: in <module>
    import _tkinter
E   ModuleNotFoundError: No module named '_tkinter'
_______ ERROR collecting tmp_rtrip/idlelib/idle_test/test_searchbase.py ________
ImportError while importing test module '/workdir/astor-0.8.1/tmp_rtrip/idlelib/idle_test/test_searchbase.py'.
Hint: make sure your test modules/packages have valid Python names.
Traceback:
/opt/graalpy/lib/python3.10/importlib/__init__.py:126: in import_module
    return _bootstrap._gcd_import(name[level:], package, level)
tmp_rtrip/idlelib/idle_test/test_searchbase.py:3: in <module>
    from test.support import requires
E   ModuleNotFoundError: No module named 'test.support'
______ ERROR collecting tmp_rtrip/idlelib/idle_test/test_searchengine.py _______
ImportError while importing test module '/workdir/astor-0.8.1/tmp_rtrip/idlelib/idle_test/test_searchengine.py'.
Hint: make sure your test modules/packages have valid Python names.
Traceback:
/opt/graalpy/lib/python3.10/importlib/__init__.py:126: in import_module
    return _bootstrap._gcd_import(name[level:], package, level)
tmp_rtrip/idlelib/idle_test/test_searchengine.py:2: in <module>
    from idlelib import searchengine as se
tmp_rtrip/idlelib/searchengine.py:3: in <module>
    from tkinter import StringVar, BooleanVar, TclError
tmp_rtrip/tkinter/__init__.py:35: in <module>
    import _tkinter
E   ModuleNotFoundError: No module named '_tkinter'
_________ ERROR collecting tmp_rtrip/idlelib/idle_test/test_sidebar.py _________
Traceback (most recent call last):
  File "/workdir/astor-0.8.1/.tox/graalpylibtest-unit-test-tests/lib/python3.10/site-packages/_pytest/runner.py", line 341, in from_call
    result: Optional[TResult] = func()
  File "/workdir/astor-0.8.1/.tox/graalpylibtest-unit-test-tests/lib/python3.10/site-packages/_pytest/runner.py", line 372, in <lambda>
    call = CallInfo.from_call(lambda: list(collector.collect()), "collect")
  File "/workdir/astor-0.8.1/.tox/graalpylibtest-unit-test-tests/lib/python3.10/site-packages/_pytest/python.py", line 531, in collect
    self._inject_setup_module_fixture()
  File "/workdir/astor-0.8.1/.tox/graalpylibtest-unit-test-tests/lib/python3.10/site-packages/_pytest/python.py", line 545, in _inject_setup_module_fixture
    self.obj, ("setUpModule", "setup_module")
  File "/workdir/astor-0.8.1/.tox/graalpylibtest-unit-test-tests/lib/python3.10/site-packages/_pytest/python.py", line 310, in obj
    self._obj = obj = self._getobj()
  File "/workdir/astor-0.8.1/.tox/graalpylibtest-unit-test-tests/lib/python3.10/site-packages/_pytest/python.py", line 528, in _getobj
    return self._importtestmodule()
  File "/workdir/astor-0.8.1/.tox/graalpylibtest-unit-test-tests/lib/python3.10/site-packages/_pytest/python.py", line 617, in _importtestmodule
    mod = import_path(self.path, mode=importmode, root=self.config.rootpath)
  File "/workdir/astor-0.8.1/.tox/graalpylibtest-unit-test-tests/lib/python3.10/site-packages/_pytest/pathlib.py", line 567, in import_path
    importlib.import_module(module_name)
  File "/opt/graalpy/lib/python3.10/importlib/__init__.py", line 126, in import_module
    return _bootstrap._gcd_import(name[level:], package, level)
  File "/workdir/astor-0.8.1/tmp_rtrip/idlelib/idle_test/test_sidebar.py", line 6, in <module>
    import unittest.mock
  File "/opt/graalpy/lib/python3.10/unittest/mock.py", line 26, in <module>
    import asyncio
  File "/workdir/astor-0.8.1/tmp_rtrip/asyncio/__init__.py", line 3, in <module>
    from .base_events import *
  File "/workdir/astor-0.8.1/tmp_rtrip/asyncio/base_events.py", line 39, in <module>
    from . import futures
  File "/workdir/astor-0.8.1/tmp_rtrip/asyncio/futures.py", line 380, in <module>
    Future = _CFuture = _asyncio.Future
AttributeError: module '_asyncio' has no attribute 'Future'
________ ERROR collecting tmp_rtrip/idlelib/idle_test/test_squeezer.py _________
ImportError while importing test module '/workdir/astor-0.8.1/tmp_rtrip/idlelib/idle_test/test_squeezer.py'.
Hint: make sure your test modules/packages have valid Python names.
Traceback:
/opt/graalpy/lib/python3.10/importlib/__init__.py:126: in import_module
    return _bootstrap._gcd_import(name[level:], package, level)
tmp_rtrip/idlelib/idle_test/test_squeezer.py:3: in <module>
    from tkinter import Text, Tk
tmp_rtrip/tkinter/__init__.py:35: in <module>
    import _tkinter
E   ModuleNotFoundError: No module named '_tkinter'
_______ ERROR collecting tmp_rtrip/idlelib/idle_test/test_stackviewer.py _______
ImportError while importing test module '/workdir/astor-0.8.1/tmp_rtrip/idlelib/idle_test/test_stackviewer.py'.
Hint: make sure your test modules/packages have valid Python names.
Traceback:
/opt/graalpy/lib/python3.10/importlib/__init__.py:126: in import_module
    return _bootstrap._gcd_import(name[level:], package, level)
tmp_rtrip/idlelib/idle_test/test_stackviewer.py:2: in <module>
    from idlelib import stackviewer
tmp_rtrip/idlelib/stackviewer.py:4: in <module>
    import tkinter as tk
tmp_rtrip/tkinter/__init__.py:35: in <module>
    import _tkinter
E   ModuleNotFoundError: No module named '_tkinter'
________ ERROR collecting tmp_rtrip/idlelib/idle_test/test_statusbar.py ________
ImportError while importing test module '/workdir/astor-0.8.1/tmp_rtrip/idlelib/idle_test/test_statusbar.py'.
Hint: make sure your test modules/packages have valid Python names.
Traceback:
/opt/graalpy/lib/python3.10/importlib/__init__.py:126: in import_module
    return _bootstrap._gcd_import(name[level:], package, level)
tmp_rtrip/idlelib/idle_test/test_statusbar.py:2: in <module>
    from idlelib import statusbar
tmp_rtrip/idlelib/statusbar.py:1: in <module>
    from tkinter.ttk import Label, Frame
tmp_rtrip/tkinter/__init__.py:35: in <module>
    import _tkinter
E   ModuleNotFoundError: No module named '_tkinter'
__________ ERROR collecting tmp_rtrip/idlelib/idle_test/test_text.py ___________
ImportError while importing test module '/workdir/astor-0.8.1/tmp_rtrip/idlelib/idle_test/test_text.py'.
Hint: make sure your test modules/packages have valid Python names.
Traceback:
/opt/graalpy/lib/python3.10/importlib/__init__.py:126: in import_module
    return _bootstrap._gcd_import(name[level:], package, level)
tmp_rtrip/idlelib/idle_test/test_text.py:6: in <module>
    from test.support import requires
E   ModuleNotFoundError: No module named 'test.support'
________ ERROR collecting tmp_rtrip/idlelib/idle_test/test_textview.py _________
ImportError while importing test module '/workdir/astor-0.8.1/tmp_rtrip/idlelib/idle_test/test_textview.py'.
Hint: make sure your test modules/packages have valid Python names.
Traceback:
/opt/graalpy/lib/python3.10/importlib/__init__.py:126: in import_module
    return _bootstrap._gcd_import(name[level:], package, level)
tmp_rtrip/idlelib/idle_test/test_textview.py:8: in <module>
    from idlelib import textview as tv
tmp_rtrip/idlelib/textview.py:4: in <module>
    from tkinter import Toplevel, Text, TclError, HORIZONTAL, VERTICAL, NS, EW, NSEW, NONE, WORD, SUNKEN
tmp_rtrip/tkinter/__init__.py:35: in <module>
    import _tkinter
E   ModuleNotFoundError: No module named '_tkinter'
_________ ERROR collecting tmp_rtrip/idlelib/idle_test/test_tooltip.py _________
ImportError while importing test module '/workdir/astor-0.8.1/tmp_rtrip/idlelib/idle_test/test_tooltip.py'.
Hint: make sure your test modules/packages have valid Python names.
Traceback:
/opt/graalpy/lib/python3.10/importlib/__init__.py:126: in import_module
    return _bootstrap._gcd_import(name[level:], package, level)
tmp_rtrip/idlelib/idle_test/test_tooltip.py:7: in <module>
    from idlelib.tooltip import TooltipBase, Hovertip
tmp_rtrip/idlelib/tooltip.py:7: in <module>
    from tkinter import *
tmp_rtrip/tkinter/__init__.py:35: in <module>
    import _tkinter
E   ModuleNotFoundError: No module named '_tkinter'
__________ ERROR collecting tmp_rtrip/idlelib/idle_test/test_tree.py ___________
ImportError while importing test module '/workdir/astor-0.8.1/tmp_rtrip/idlelib/idle_test/test_tree.py'.
Hint: make sure your test modules/packages have valid Python names.
Traceback:
/opt/graalpy/lib/python3.10/importlib/__init__.py:126: in import_module
    return _bootstrap._gcd_import(name[level:], package, level)
tmp_rtrip/idlelib/idle_test/test_tree.py:2: in <module>
    from idlelib import tree
tmp_rtrip/idlelib/tree.py:2: in <module>
    from tkinter import *
tmp_rtrip/tkinter/__init__.py:35: in <module>
    import _tkinter
E   ModuleNotFoundError: No module named '_tkinter'
__________ ERROR collecting tmp_rtrip/idlelib/idle_test/test_undo.py ___________
ImportError while importing test module '/workdir/astor-0.8.1/tmp_rtrip/idlelib/idle_test/test_undo.py'.
Hint: make sure your test modules/packages have valid Python names.
Traceback:
/opt/graalpy/lib/python3.10/importlib/__init__.py:126: in import_module
    return _bootstrap._gcd_import(name[level:], package, level)
tmp_rtrip/idlelib/idle_test/test_undo.py:4: in <module>
    from test.support import requires
E   ModuleNotFoundError: No module named 'test.support'
_________ ERROR collecting tmp_rtrip/idlelib/idle_test/test_warning.py _________
ImportError while importing test module '/workdir/astor-0.8.1/tmp_rtrip/idlelib/idle_test/test_warning.py'.
Hint: make sure your test modules/packages have valid Python names.
Traceback:
/opt/graalpy/lib/python3.10/importlib/__init__.py:126: in import_module
    return _bootstrap._gcd_import(name[level:], package, level)
tmp_rtrip/idlelib/idle_test/test_warning.py:8: in <module>
    from idlelib import run
tmp_rtrip/idlelib/run.py:20: in <module>
    from idlelib import autocomplete
tmp_rtrip/idlelib/autocomplete.py:16: in <module>
    from idlelib import autocomplete_w
tmp_rtrip/idlelib/autocomplete_w.py:5: in <module>
    from tkinter import *
tmp_rtrip/tkinter/__init__.py:35: in <module>
    import _tkinter
E   ModuleNotFoundError: No module named '_tkinter'
_________ ERROR collecting tmp_rtrip/idlelib/idle_test/test_window.py __________
ImportError while importing test module '/workdir/astor-0.8.1/tmp_rtrip/idlelib/idle_test/test_window.py'.
Hint: make sure your test modules/packages have valid Python names.
Traceback:
/opt/graalpy/lib/python3.10/importlib/__init__.py:126: in import_module
    return _bootstrap._gcd_import(name[level:], package, level)
tmp_rtrip/idlelib/idle_test/test_window.py:2: in <module>
    from idlelib import window
tmp_rtrip/idlelib/window.py:1: in <module>
    from tkinter import Toplevel, TclError
tmp_rtrip/tkinter/__init__.py:35: in <module>
    import _tkinter
E   ModuleNotFoundError: No module named '_tkinter'
_______ ERROR collecting tmp_rtrip/idlelib/idle_test/test_zoomheight.py ________
ImportError while importing test module '/workdir/astor-0.8.1/tmp_rtrip/idlelib/idle_test/test_zoomheight.py'.
Hint: make sure your test modules/packages have valid Python names.
Traceback:
/opt/graalpy/lib/python3.10/importlib/__init__.py:126: in import_module
    return _bootstrap._gcd_import(name[level:], package, level)
tmp_rtrip/idlelib/idle_test/test_zoomheight.py:2: in <module>
    from idlelib import zoomheight
tmp_rtrip/idlelib/zoomheight.py:4: in <module>
    import tkinter
tmp_rtrip/tkinter/__init__.py:35: in <module>
    import _tkinter
E   ModuleNotFoundError: No module named '_tkinter'
_________ ERROR collecting tmp_rtrip/idlelib/idle_test/test_zzdummy.py _________
ImportError while importing test module '/workdir/astor-0.8.1/tmp_rtrip/idlelib/idle_test/test_zzdummy.py'.
Hint: make sure your test modules/packages have valid Python names.
Traceback:
/opt/graalpy/lib/python3.10/importlib/__init__.py:126: in import_module
    return _bootstrap._gcd_import(name[level:], package, level)
tmp_rtrip/idlelib/idle_test/test_zzdummy.py:2: in <module>
    from idlelib import zzdummy
tmp_rtrip/idlelib/zzdummy.py:6: in <module>
    from idlelib.config import idleConf
tmp_rtrip/idlelib/config.py:29: in <module>
    from tkinter.font import Font
tmp_rtrip/tkinter/__init__.py:35: in <module>
    import _tkinter
E   ModuleNotFoundError: No module named '_tkinter'
_________ ERROR collecting tmp_rtrip/lib2to3/tests/test_all_fixers.py __________
ImportError while importing test module '/workdir/astor-0.8.1/tmp_rtrip/lib2to3/tests/test_all_fixers.py'.
Hint: make sure your test modules/packages have valid Python names.
Traceback:
/opt/graalpy/lib/python3.10/importlib/__init__.py:126: in import_module
    return _bootstrap._gcd_import(name[level:], package, level)
tmp_rtrip/lib2to3/tests/__init__.py:2: in <module>
    from test.support import load_package_tests
E   ModuleNotFoundError: No module named 'test.support'
___________ ERROR collecting tmp_rtrip/lib2to3/tests/test_fixers.py ____________
ImportError while importing test module '/workdir/astor-0.8.1/tmp_rtrip/lib2to3/tests/test_fixers.py'.
Hint: make sure your test modules/packages have valid Python names.
Traceback:
/opt/graalpy/lib/python3.10/importlib/__init__.py:126: in import_module
    return _bootstrap._gcd_import(name[level:], package, level)
tmp_rtrip/lib2to3/tests/__init__.py:2: in <module>
    from test.support import load_package_tests
E   ModuleNotFoundError: No module named 'test.support'
____________ ERROR collecting tmp_rtrip/lib2to3/tests/test_main.py _____________
ImportError while importing test module '/workdir/astor-0.8.1/tmp_rtrip/lib2to3/tests/test_main.py'.
Hint: make sure your test modules/packages have valid Python names.
Traceback:
/opt/graalpy/lib/python3.10/importlib/__init__.py:126: in import_module
    return _bootstrap._gcd_import(name[level:], package, level)
tmp_rtrip/lib2to3/tests/__init__.py:2: in <module>
    from test.support import load_package_tests
E   ModuleNotFoundError: No module named 'test.support'
___________ ERROR collecting tmp_rtrip/lib2to3/tests/test_parser.py ____________
ImportError while importing test module '/workdir/astor-0.8.1/tmp_rtrip/lib2to3/tests/test_parser.py'.
Hint: make sure your test modules/packages have valid Python names.
Traceback:
/opt/graalpy/lib/python3.10/importlib/__init__.py:126: in import_module
    return _bootstrap._gcd_import(name[level:], package, level)
tmp_rtrip/lib2to3/tests/__init__.py:2: in <module>
    from test.support import load_package_tests
E   ModuleNotFoundError: No module named 'test.support'
___________ ERROR collecting tmp_rtrip/lib2to3/tests/test_pytree.py ____________
ImportError while importing test module '/workdir/astor-0.8.1/tmp_rtrip/lib2to3/tests/test_pytree.py'.
Hint: make sure your test modules/packages have valid Python names.
Traceback:
/opt/graalpy/lib/python3.10/importlib/__init__.py:126: in import_module
    return _bootstrap._gcd_import(name[level:], package, level)
tmp_rtrip/lib2to3/tests/__init__.py:2: in <module>
    from test.support import load_package_tests
E   ModuleNotFoundError: No module named 'test.support'
__________ ERROR collecting tmp_rtrip/lib2to3/tests/test_refactor.py ___________
ImportError while importing test module '/workdir/astor-0.8.1/tmp_rtrip/lib2to3/tests/test_refactor.py'.
Hint: make sure your test modules/packages have valid Python names.
Traceback:
/opt/graalpy/lib/python3.10/importlib/__init__.py:126: in import_module
    return _bootstrap._gcd_import(name[level:], package, level)
tmp_rtrip/lib2to3/tests/__init__.py:2: in <module>
    from test.support import load_package_tests
E   ModuleNotFoundError: No module named 'test.support'
____________ ERROR collecting tmp_rtrip/lib2to3/tests/test_util.py _____________
ImportError while importing test module '/workdir/astor-0.8.1/tmp_rtrip/lib2to3/tests/test_util.py'.
Hint: make sure your test modules/packages have valid Python names.
Traceback:
/opt/graalpy/lib/python3.10/importlib/__init__.py:126: in import_module
    return _bootstrap._gcd_import(name[level:], package, level)
tmp_rtrip/lib2to3/tests/__init__.py:2: in <module>
    from test.support import load_package_tests
E   ModuleNotFoundError: No module named 'test.support'
_______________ ERROR collecting tmp_rtrip/test/test__opcode.py ________________
ImportError while importing test module '/workdir/astor-0.8.1/tmp_rtrip/test/test__opcode.py'.
Hint: make sure your test modules/packages have valid Python names.
Traceback:
/opt/graalpy/lib/python3.10/importlib/__init__.py:126: in import_module
    return _bootstrap._gcd_import(name[level:], package, level)
tmp_rtrip/test/test__opcode.py:2: in <module>
    from test.support.import_helper import import_module
E   ModuleNotFoundError: No module named 'test.support'
_______________ ERROR collecting tmp_rtrip/test/test_asyncgen.py _______________
ImportError while importing test module '/workdir/astor-0.8.1/tmp_rtrip/test/test_asyncgen.py'.
Hint: make sure your test modules/packages have valid Python names.
Traceback:
/opt/graalpy/lib/python3.10/importlib/__init__.py:126: in import_module
    return _bootstrap._gcd_import(name[level:], package, level)
tmp_rtrip/test/test_asyncgen.py:5: in <module>
    from test.support.import_helper import import_module
E   ModuleNotFoundError: No module named 'test.support'
________________ ERROR collecting tmp_rtrip/test/test_base64.py ________________
ImportError while importing test module '/workdir/astor-0.8.1/tmp_rtrip/test/test_base64.py'.
Hint: make sure your test modules/packages have valid Python names.
Traceback:
/opt/graalpy/lib/python3.10/importlib/__init__.py:126: in import_module
    return _bootstrap._gcd_import(name[level:], package, level)
tmp_rtrip/test/test_base64.py:6: in <module>
    from test.support import os_helper
E   ModuleNotFoundError: No module named 'test.support'
________________ ERROR collecting tmp_rtrip/test/test_binhex.py ________________
ImportError while importing test module '/workdir/astor-0.8.1/tmp_rtrip/test/test_binhex.py'.
Hint: make sure your test modules/packages have valid Python names.
Traceback:
/opt/graalpy/lib/python3.10/importlib/__init__.py:126: in import_module
    return _bootstrap._gcd_import(name[level:], package, level)
tmp_rtrip/test/test_binhex.py:7: in <module>
    from test import support
E   ImportError: cannot import name 'support' from 'test' (/workdir/astor-0.8.1/tmp_rtrip/test/__init__.py)
________________ ERROR collecting tmp_rtrip/test/test_bufio.py _________________
ImportError while importing test module '/workdir/astor-0.8.1/tmp_rtrip/test/test_bufio.py'.
Hint: make sure your test modules/packages have valid Python names.
Traceback:
/opt/graalpy/lib/python3.10/importlib/__init__.py:126: in import_module
    return _bootstrap._gcd_import(name[level:], package, level)
tmp_rtrip/test/test_bufio.py:2: in <module>
    from test import support
E   ImportError: cannot import name 'support' from 'test' (/workdir/astor-0.8.1/tmp_rtrip/test/__init__.py)
_______________ ERROR collecting tmp_rtrip/test/test_calendar.py _______________
ImportError while importing test module '/workdir/astor-0.8.1/tmp_rtrip/test/test_calendar.py'.
Hint: make sure your test modules/packages have valid Python names.
Traceback:
/opt/graalpy/lib/python3.10/importlib/__init__.py:126: in import_module
    return _bootstrap._gcd_import(name[level:], package, level)
tmp_rtrip/test/test_calendar.py:3: in <module>
    from test import support
E   ImportError: cannot import name 'support' from 'test' (/workdir/astor-0.8.1/tmp_rtrip/test/__init__.py)
_________________ ERROR collecting tmp_rtrip/test/test_call.py _________________
ImportError while importing test module '/workdir/astor-0.8.1/tmp_rtrip/test/test_call.py'.
Hint: make sure your test modules/packages have valid Python names.
Traceback:
/opt/graalpy/lib/python3.10/importlib/__init__.py:126: in import_module
    return _bootstrap._gcd_import(name[level:], package, level)
tmp_rtrip/test/test_call.py:2: in <module>
    from test.support import cpython_only
E   ModuleNotFoundError: No module named 'test.support'
_____________ ERROR collecting tmp_rtrip/test/test_code_module.py ______________
Traceback (most recent call last):
  File "/workdir/astor-0.8.1/.tox/graalpylibtest-unit-test-tests/lib/python3.10/site-packages/_pytest/runner.py", line 341, in from_call
    result: Optional[TResult] = func()
  File "/workdir/astor-0.8.1/.tox/graalpylibtest-unit-test-tests/lib/python3.10/site-packages/_pytest/runner.py", line 372, in <lambda>
    call = CallInfo.from_call(lambda: list(collector.collect()), "collect")
  File "/workdir/astor-0.8.1/.tox/graalpylibtest-unit-test-tests/lib/python3.10/site-packages/_pytest/python.py", line 531, in collect
    self._inject_setup_module_fixture()
  File "/workdir/astor-0.8.1/.tox/graalpylibtest-unit-test-tests/lib/python3.10/site-packages/_pytest/python.py", line 545, in _inject_setup_module_fixture
    self.obj, ("setUpModule", "setup_module")
  File "/workdir/astor-0.8.1/.tox/graalpylibtest-unit-test-tests/lib/python3.10/site-packages/_pytest/python.py", line 310, in obj
    self._obj = obj = self._getobj()
  File "/workdir/astor-0.8.1/.tox/graalpylibtest-unit-test-tests/lib/python3.10/site-packages/_pytest/python.py", line 528, in _getobj
    return self._importtestmodule()
  File "/workdir/astor-0.8.1/.tox/graalpylibtest-unit-test-tests/lib/python3.10/site-packages/_pytest/python.py", line 617, in _importtestmodule
    mod = import_path(self.path, mode=importmode, root=self.config.rootpath)
  File "/workdir/astor-0.8.1/.tox/graalpylibtest-unit-test-tests/lib/python3.10/site-packages/_pytest/pathlib.py", line 567, in import_path
    importlib.import_module(module_name)
  File "/opt/graalpy/lib/python3.10/importlib/__init__.py", line 126, in import_module
    return _bootstrap._gcd_import(name[level:], package, level)
  File "/workdir/astor-0.8.1/tmp_rtrip/test/test_code_module.py", line 6, in <module>
    from unittest import mock
  File "/opt/graalpy/lib/python3.10/unittest/mock.py", line 26, in <module>
    import asyncio
  File "/workdir/astor-0.8.1/tmp_rtrip/asyncio/__init__.py", line 3, in <module>
    from .base_events import *
  File "/workdir/astor-0.8.1/tmp_rtrip/asyncio/base_events.py", line 39, in <module>
    from . import futures
  File "/workdir/astor-0.8.1/tmp_rtrip/asyncio/futures.py", line 380, in <module>
    Future = _CFuture = _asyncio.Future
AttributeError: module '_asyncio' has no attribute 'Future'
__________ ERROR collecting tmp_rtrip/test/test_codecencodings_tw.py ___________
ImportError while importing test module '/workdir/astor-0.8.1/tmp_rtrip/test/test_codecencodings_tw.py'.
Hint: make sure your test modules/packages have valid Python names.
Traceback:
/opt/graalpy/lib/python3.10/importlib/__init__.py:126: in import_module
    return _bootstrap._gcd_import(name[level:], package, level)
tmp_rtrip/test/test_codecencodings_tw.py:1: in <module>
    from test import multibytecodec_support
E   ImportError: cannot import name 'multibytecodec_support' from 'test' (/workdir/astor-0.8.1/tmp_rtrip/test/__init__.py)
________________ ERROR collecting tmp_rtrip/test/test_codecs.py ________________
Traceback (most recent call last):
  File "/workdir/astor-0.8.1/.tox/graalpylibtest-unit-test-tests/lib/python3.10/site-packages/_pytest/runner.py", line 341, in from_call
    result: Optional[TResult] = func()
  File "/workdir/astor-0.8.1/.tox/graalpylibtest-unit-test-tests/lib/python3.10/site-packages/_pytest/runner.py", line 372, in <lambda>
    call = CallInfo.from_call(lambda: list(collector.collect()), "collect")
  File "/workdir/astor-0.8.1/.tox/graalpylibtest-unit-test-tests/lib/python3.10/site-packages/_pytest/python.py", line 531, in collect
    self._inject_setup_module_fixture()
  File "/workdir/astor-0.8.1/.tox/graalpylibtest-unit-test-tests/lib/python3.10/site-packages/_pytest/python.py", line 545, in _inject_setup_module_fixture
    self.obj, ("setUpModule", "setup_module")
  File "/workdir/astor-0.8.1/.tox/graalpylibtest-unit-test-tests/lib/python3.10/site-packages/_pytest/python.py", line 310, in obj
    self._obj = obj = self._getobj()
  File "/workdir/astor-0.8.1/.tox/graalpylibtest-unit-test-tests/lib/python3.10/site-packages/_pytest/python.py", line 528, in _getobj
    return self._importtestmodule()
  File "/workdir/astor-0.8.1/.tox/graalpylibtest-unit-test-tests/lib/python3.10/site-packages/_pytest/python.py", line 617, in _importtestmodule
    mod = import_path(self.path, mode=importmode, root=self.config.rootpath)
  File "/workdir/astor-0.8.1/.tox/graalpylibtest-unit-test-tests/lib/python3.10/site-packages/_pytest/pathlib.py", line 567, in import_path
    importlib.import_module(module_name)
  File "/opt/graalpy/lib/python3.10/importlib/__init__.py", line 126, in import_module
    return _bootstrap._gcd_import(name[level:], package, level)
  File "/workdir/astor-0.8.1/tmp_rtrip/test/test_codecs.py", line 8, in <module>
    from unittest import mock
  File "/opt/graalpy/lib/python3.10/unittest/mock.py", line 26, in <module>
    import asyncio
  File "/workdir/astor-0.8.1/tmp_rtrip/asyncio/__init__.py", line 3, in <module>
    from .base_events import *
  File "/workdir/astor-0.8.1/tmp_rtrip/asyncio/base_events.py", line 39, in <module>
    from . import futures
  File "/workdir/astor-0.8.1/tmp_rtrip/asyncio/futures.py", line 380, in <module>
    Future = _CFuture = _asyncio.Future
AttributeError: module '_asyncio' has no attribute 'Future'
_________________ ERROR collecting tmp_rtrip/test/test_csv.py __________________
ImportError while importing test module '/workdir/astor-0.8.1/tmp_rtrip/test/test_csv.py'.
Hint: make sure your test modules/packages have valid Python names.
Traceback:
/opt/graalpy/lib/python3.10/importlib/__init__.py:126: in import_module
    return _bootstrap._gcd_import(name[level:], package, level)
tmp_rtrip/test/test_csv.py:9: in <module>
    from test import support
E   ImportError: cannot import name 'support' from 'test' (/workdir/astor-0.8.1/tmp_rtrip/test/__init__.py)
________________ ERROR collecting tmp_rtrip/test/test_ctypes.py ________________
ImportError while importing test module '/workdir/astor-0.8.1/tmp_rtrip/test/test_ctypes.py'.
Hint: make sure your test modules/packages have valid Python names.
Traceback:
/opt/graalpy/lib/python3.10/importlib/__init__.py:126: in import_module
    return _bootstrap._gcd_import(name[level:], package, level)
tmp_rtrip/test/test_ctypes.py:2: in <module>
    from test.support.import_helper import import_module
E   ModuleNotFoundError: No module named 'test.support'
_____________ ERROR collecting tmp_rtrip/test/test_dataclasses.py ______________
Traceback (most recent call last):
  File "/workdir/astor-0.8.1/.tox/graalpylibtest-unit-test-tests/lib/python3.10/site-packages/_pytest/runner.py", line 341, in from_call
    result: Optional[TResult] = func()
  File "/workdir/astor-0.8.1/.tox/graalpylibtest-unit-test-tests/lib/python3.10/site-packages/_pytest/runner.py", line 372, in <lambda>
    call = CallInfo.from_call(lambda: list(collector.collect()), "collect")
  File "/workdir/astor-0.8.1/.tox/graalpylibtest-unit-test-tests/lib/python3.10/site-packages/_pytest/python.py", line 531, in collect
    self._inject_setup_module_fixture()
  File "/workdir/astor-0.8.1/.tox/graalpylibtest-unit-test-tests/lib/python3.10/site-packages/_pytest/python.py", line 545, in _inject_setup_module_fixture
    self.obj, ("setUpModule", "setup_module")
  File "/workdir/astor-0.8.1/.tox/graalpylibtest-unit-test-tests/lib/python3.10/site-packages/_pytest/python.py", line 310, in obj
    self._obj = obj = self._getobj()
  File "/workdir/astor-0.8.1/.tox/graalpylibtest-unit-test-tests/lib/python3.10/site-packages/_pytest/python.py", line 528, in _getobj
    return self._importtestmodule()
  File "/workdir/astor-0.8.1/.tox/graalpylibtest-unit-test-tests/lib/python3.10/site-packages/_pytest/python.py", line 617, in _importtestmodule
    mod = import_path(self.path, mode=importmode, root=self.config.rootpath)
  File "/workdir/astor-0.8.1/.tox/graalpylibtest-unit-test-tests/lib/python3.10/site-packages/_pytest/pathlib.py", line 567, in import_path
    importlib.import_module(module_name)
  File "/opt/graalpy/lib/python3.10/importlib/__init__.py", line 126, in import_module
    return _bootstrap._gcd_import(name[level:], package, level)
  File "/workdir/astor-0.8.1/tmp_rtrip/test/test_dataclasses.py", line 8, in <module>
    from unittest.mock import Mock
  File "/opt/graalpy/lib/python3.10/unittest/mock.py", line 26, in <module>
    import asyncio
  File "/workdir/astor-0.8.1/tmp_rtrip/asyncio/__init__.py", line 3, in <module>
    from .base_events import *
  File "/workdir/astor-0.8.1/tmp_rtrip/asyncio/base_events.py", line 39, in <module>
    from . import futures
  File "/workdir/astor-0.8.1/tmp_rtrip/asyncio/futures.py", line 380, in <module>
    Future = _CFuture = _asyncio.Future
AttributeError: module '_asyncio' has no attribute 'Future'
_________________ ERROR collecting tmp_rtrip/test/test_dbm.py __________________
ImportError while importing test module '/workdir/astor-0.8.1/tmp_rtrip/test/test_dbm.py'.
Hint: make sure your test modules/packages have valid Python names.
Traceback:
/opt/graalpy/lib/python3.10/importlib/__init__.py:126: in import_module
    return _bootstrap._gcd_import(name[level:], package, level)
tmp_rtrip/test/test_dbm.py:5: in <module>
    from test.support import import_helper
E   ModuleNotFoundError: No module named 'test.support'
______________ ERROR collecting tmp_rtrip/test/test_decorators.py ______________
ImportError while importing test module '/workdir/astor-0.8.1/tmp_rtrip/test/test_decorators.py'.
Hint: make sure your test modules/packages have valid Python names.
Traceback:
/opt/graalpy/lib/python3.10/importlib/__init__.py:126: in import_module
    return _bootstrap._gcd_import(name[level:], package, level)
tmp_rtrip/test/test_decorators.py:1: in <module>
    from test import support
E   ImportError: cannot import name 'support' from 'test' (/workdir/astor-0.8.1/tmp_rtrip/test/__init__.py)
________________ ERROR collecting tmp_rtrip/test/test_deque.py _________________
ImportError while importing test module '/workdir/astor-0.8.1/tmp_rtrip/test/test_deque.py'.
Hint: make sure your test modules/packages have valid Python names.
Traceback:
/opt/graalpy/lib/python3.10/importlib/__init__.py:126: in import_module
    return _bootstrap._gcd_import(name[level:], package, level)
tmp_rtrip/test/test_deque.py:3: in <module>
    from test import support, seq_tests
E   ImportError: cannot import name 'support' from 'test' (/workdir/astor-0.8.1/tmp_rtrip/test/__init__.py)
_________________ ERROR collecting tmp_rtrip/test/test_eof.py __________________
ImportError while importing test module '/workdir/astor-0.8.1/tmp_rtrip/test/test_eof.py'.
Hint: make sure your test modules/packages have valid Python names.
Traceback:
/opt/graalpy/lib/python3.10/importlib/__init__.py:126: in import_module
    return _bootstrap._gcd_import(name[level:], package, level)
tmp_rtrip/test/test_eof.py:3: in <module>
    from test import support
E   ImportError: cannot import name 'support' from 'test' (/workdir/astor-0.8.1/tmp_rtrip/test/__init__.py)
_____________ ERROR collecting tmp_rtrip/test/test_faulthandler.py _____________
ImportError while importing test module '/workdir/astor-0.8.1/tmp_rtrip/test/test_faulthandler.py'.
Hint: make sure your test modules/packages have valid Python names.
Traceback:
/opt/graalpy/lib/python3.10/importlib/__init__.py:126: in import_module
    return _bootstrap._gcd_import(name[level:], package, level)
tmp_rtrip/test/test_faulthandler.py:9: in <module>
    from test import support
E   ImportError: cannot import name 'support' from 'test' (/workdir/astor-0.8.1/tmp_rtrip/test/__init__.py)
______________ ERROR collecting tmp_rtrip/test/test_fileinput.py _______________
ImportError while importing test module '/workdir/astor-0.8.1/tmp_rtrip/test/test_fileinput.py'.
Hint: make sure your test modules/packages have valid Python names.
Traceback:
/opt/graalpy/lib/python3.10/importlib/__init__.py:126: in import_module
    return _bootstrap._gcd_import(name[level:], package, level)
tmp_rtrip/test/test_fileinput.py:25: in <module>
    from test.support import verbose
E   ModuleNotFoundError: No module named 'test.support'
_____________ ERROR collecting tmp_rtrip/test/test_genericpath.py ______________
ImportError while importing test module '/workdir/astor-0.8.1/tmp_rtrip/test/test_genericpath.py'.
Hint: make sure your test modules/packages have valid Python names.
Traceback:
/opt/graalpy/lib/python3.10/importlib/__init__.py:126: in import_module
    return _bootstrap._gcd_import(name[level:], package, level)
tmp_rtrip/test/test_genericpath.py:9: in <module>
    from test.support import os_helper
E   ModuleNotFoundError: No module named 'test.support'
_______________ ERROR collecting tmp_rtrip/test/test_getargs2.py _______________
ImportError while importing test module '/workdir/astor-0.8.1/tmp_rtrip/test/test_getargs2.py'.
Hint: make sure your test modules/packages have valid Python names.
Traceback:
/opt/graalpy/lib/python3.10/importlib/__init__.py:126: in import_module
    return _bootstrap._gcd_import(name[level:], package, level)
tmp_rtrip/test/test_getargs2.py:6: in <module>
    from test import support
E   ImportError: cannot import name 'support' from 'test' (/workdir/astor-0.8.1/tmp_rtrip/test/__init__.py)
_________________ ERROR collecting tmp_rtrip/test/test_glob.py _________________
ImportError while importing test module '/workdir/astor-0.8.1/tmp_rtrip/test/test_glob.py'.
Hint: make sure your test modules/packages have valid Python names.
Traceback:
/opt/graalpy/lib/python3.10/importlib/__init__.py:126: in import_module
    return _bootstrap._gcd_import(name[level:], package, level)
tmp_rtrip/test/test_glob.py:6: in <module>
    from test.support.os_helper import TESTFN, skip_unless_symlink, can_symlink, create_empty_file, change_cwd
E   ModuleNotFoundError: No module named 'test.support'
_______________ ERROR collecting tmp_rtrip/test/test_graphlib.py _______________
ImportError while importing test module '/workdir/astor-0.8.1/tmp_rtrip/test/test_graphlib.py'.
Hint: make sure your test modules/packages have valid Python names.
Traceback:
/opt/graalpy/lib/python3.10/importlib/__init__.py:126: in import_module
    return _bootstrap._gcd_import(name[level:], package, level)
tmp_rtrip/test/test_graphlib.py:5: in <module>
    from test.support.script_helper import assert_python_ok
E   ModuleNotFoundError: No module named 'test.support'
_______________ ERROR collecting tmp_rtrip/test/test_hashlib.py ________________
ImportError while importing test module '/workdir/astor-0.8.1/tmp_rtrip/test/test_hashlib.py'.
Hint: make sure your test modules/packages have valid Python names.
Traceback:
/opt/graalpy/lib/python3.10/importlib/__init__.py:126: in import_module
    return _bootstrap._gcd_import(name[level:], package, level)
tmp_rtrip/test/test_hashlib.py:12: in <module>
    from test import support
E   ImportError: cannot import name 'support' from 'test' (/workdir/astor-0.8.1/tmp_rtrip/test/__init__.py)
_________________ ERROR collecting tmp_rtrip/test/test_hmac.py _________________
Traceback (most recent call last):
  File "/workdir/astor-0.8.1/.tox/graalpylibtest-unit-test-tests/lib/python3.10/site-packages/_pytest/runner.py", line 341, in from_call
    result: Optional[TResult] = func()
  File "/workdir/astor-0.8.1/.tox/graalpylibtest-unit-test-tests/lib/python3.10/site-packages/_pytest/runner.py", line 372, in <lambda>
    call = CallInfo.from_call(lambda: list(collector.collect()), "collect")
  File "/workdir/astor-0.8.1/.tox/graalpylibtest-unit-test-tests/lib/python3.10/site-packages/_pytest/python.py", line 531, in collect
    self._inject_setup_module_fixture()
  File "/workdir/astor-0.8.1/.tox/graalpylibtest-unit-test-tests/lib/python3.10/site-packages/_pytest/python.py", line 545, in _inject_setup_module_fixture
    self.obj, ("setUpModule", "setup_module")
  File "/workdir/astor-0.8.1/.tox/graalpylibtest-unit-test-tests/lib/python3.10/site-packages/_pytest/python.py", line 310, in obj
    self._obj = obj = self._getobj()
  File "/workdir/astor-0.8.1/.tox/graalpylibtest-unit-test-tests/lib/python3.10/site-packages/_pytest/python.py", line 528, in _getobj
    return self._importtestmodule()
  File "/workdir/astor-0.8.1/.tox/graalpylibtest-unit-test-tests/lib/python3.10/site-packages/_pytest/python.py", line 617, in _importtestmodule
    mod = import_path(self.path, mode=importmode, root=self.config.rootpath)
  File "/workdir/astor-0.8.1/.tox/graalpylibtest-unit-test-tests/lib/python3.10/site-packages/_pytest/pathlib.py", line 567, in import_path
    importlib.import_module(module_name)
  File "/opt/graalpy/lib/python3.10/importlib/__init__.py", line 126, in import_module
    return _bootstrap._gcd_import(name[level:], package, level)
  File "/workdir/astor-0.8.1/tmp_rtrip/test/test_hmac.py", line 6, in <module>
    import unittest.mock
  File "/opt/graalpy/lib/python3.10/unittest/mock.py", line 26, in <module>
    import asyncio
  File "/workdir/astor-0.8.1/tmp_rtrip/asyncio/__init__.py", line 3, in <module>
    from .base_events import *
  File "/workdir/astor-0.8.1/tmp_rtrip/asyncio/base_events.py", line 39, in <module>
    from . import futures
  File "/workdir/astor-0.8.1/tmp_rtrip/asyncio/futures.py", line 380, in <module>
    Future = _CFuture = _asyncio.Future
AttributeError: module '_asyncio' has no attribute 'Future'
_____________ ERROR collecting tmp_rtrip/test/test_http_cookies.py _____________
ImportError while importing test module '/workdir/astor-0.8.1/tmp_rtrip/test/test_http_cookies.py'.
Hint: make sure your test modules/packages have valid Python names.
Traceback:
/opt/graalpy/lib/python3.10/importlib/__init__.py:126: in import_module
    return _bootstrap._gcd_import(name[level:], package, level)
tmp_rtrip/test/test_http_cookies.py:2: in <module>
    from test.support import run_unittest, run_doctest
E   ModuleNotFoundError: No module named 'test.support'
________________ ERROR collecting tmp_rtrip/test/test_imghdr.py ________________
ImportError while importing test module '/workdir/astor-0.8.1/tmp_rtrip/test/test_imghdr.py'.
Hint: make sure your test modules/packages have valid Python names.
Traceback:
/opt/graalpy/lib/python3.10/importlib/__init__.py:126: in import_module
    return _bootstrap._gcd_import(name[level:], package, level)
tmp_rtrip/test/test_imghdr.py:7: in <module>
    from test.support import findfile
E   ModuleNotFoundError: No module named 'test.support'
______________ ERROR collecting tmp_rtrip/test/test_ipaddress.py _______________
ImportError while importing test module '/workdir/astor-0.8.1/tmp_rtrip/test/test_ipaddress.py'.
Hint: make sure your test modules/packages have valid Python names.
Traceback:
/opt/graalpy/lib/python3.10/importlib/__init__.py:126: in import_module
    return _bootstrap._gcd_import(name[level:], package, level)
tmp_rtrip/test/test_ipaddress.py:9: in <module>
    from test.support import LARGEST, SMALLEST
E   ModuleNotFoundError: No module named 'test.support'
______________ ERROR collecting tmp_rtrip/test/test_largefile.py _______________
ImportError while importing test module '/workdir/astor-0.8.1/tmp_rtrip/test/test_largefile.py'.
Hint: make sure your test modules/packages have valid Python names.
Traceback:
/opt/graalpy/lib/python3.10/importlib/__init__.py:126: in import_module
    return _bootstrap._gcd_import(name[level:], package, level)
tmp_rtrip/test/test_largefile.py:10: in <module>
    from test.support import requires, bigmemtest
E   ModuleNotFoundError: No module named 'test.support'
_______________ ERROR collecting tmp_rtrip/test/test_lib2to3.py ________________
ImportError while importing test module '/workdir/astor-0.8.1/tmp_rtrip/test/test_lib2to3.py'.
Hint: make sure your test modules/packages have valid Python names.
Traceback:
/opt/graalpy/lib/python3.10/importlib/__init__.py:126: in import_module
    return _bootstrap._gcd_import(name[level:], package, level)
tmp_rtrip/test/test_lib2to3.py:2: in <module>
    from test.support.import_helper import import_fresh_module
E   ModuleNotFoundError: No module named 'test.support'
______________ ERROR collecting tmp_rtrip/test/test_linecache.py _______________
ImportError while importing test module '/workdir/astor-0.8.1/tmp_rtrip/test/test_linecache.py'.
Hint: make sure your test modules/packages have valid Python names.
Traceback:
/opt/graalpy/lib/python3.10/importlib/__init__.py:126: in import_module
    return _bootstrap._gcd_import(name[level:], package, level)
tmp_rtrip/test/test_linecache.py:7: in <module>
    from test import support
E   ImportError: cannot import name 'support' from 'test' (/workdir/astor-0.8.1/tmp_rtrip/test/__init__.py)
_______________ ERROR collecting tmp_rtrip/test/test_mailbox.py ________________
ImportError while importing test module '/workdir/astor-0.8.1/tmp_rtrip/test/test_mailbox.py'.
Hint: make sure your test modules/packages have valid Python names.
Traceback:
/opt/graalpy/lib/python3.10/importlib/__init__.py:126: in import_module
    return _bootstrap._gcd_import(name[level:], package, level)
tmp_rtrip/test/test_mailbox.py:11: in <module>
    from test import support
E   ImportError: cannot import name 'support' from 'test' (/workdir/astor-0.8.1/tmp_rtrip/test/__init__.py)
_________________ ERROR collecting tmp_rtrip/test/test_math.py _________________
ImportError while importing test module '/workdir/astor-0.8.1/tmp_rtrip/test/test_math.py'.
Hint: make sure your test modules/packages have valid Python names.
Traceback:
/opt/graalpy/lib/python3.10/importlib/__init__.py:126: in import_module
    return _bootstrap._gcd_import(name[level:], package, level)
tmp_rtrip/test/test_math.py:1: in <module>
    from test.support import run_unittest, verbose, requires_IEEE_754
E   ModuleNotFoundError: No module named 'test.support'
_______________ ERROR collecting tmp_rtrip/test/test_minidom.py ________________
ImportError while importing test module '/workdir/astor-0.8.1/tmp_rtrip/test/test_minidom.py'.
Hint: make sure your test modules/packages have valid Python names.
Traceback:
/opt/graalpy/lib/python3.10/importlib/__init__.py:126: in import_module
    return _bootstrap._gcd_import(name[level:], package, level)
tmp_rtrip/test/test_minidom.py:4: in <module>
    from test import support
E   ImportError: cannot import name 'support' from 'test' (/workdir/astor-0.8.1/tmp_rtrip/test/__init__.py)
______ ERROR collecting tmp_rtrip/test/test_multiprocessing_forkserver.py ______
ImportError while importing test module '/workdir/astor-0.8.1/tmp_rtrip/test/test_multiprocessing_forkserver.py'.
Hint: make sure your test modules/packages have valid Python names.
Traceback:
/opt/graalpy/lib/python3.10/importlib/__init__.py:126: in import_module
    return _bootstrap._gcd_import(name[level:], package, level)
tmp_rtrip/test/test_multiprocessing_forkserver.py:2: in <module>
    import test._test_multiprocessing
E   ModuleNotFoundError: No module named 'test._test_multiprocessing'
________________ ERROR collecting tmp_rtrip/test/test_netrc.py _________________
ImportError while importing test module '/workdir/astor-0.8.1/tmp_rtrip/test/test_netrc.py'.
Hint: make sure your test modules/packages have valid Python names.
Traceback:
/opt/graalpy/lib/python3.10/importlib/__init__.py:126: in import_module
    return _bootstrap._gcd_import(name[level:], package, level)
tmp_rtrip/test/test_netrc.py:2: in <module>
    from test import support
E   ImportError: cannot import name 'support' from 'test' (/workdir/astor-0.8.1/tmp_rtrip/test/__init__.py)
_______________ ERROR collecting tmp_rtrip/test/test_plistlib.py _______________
ImportError while importing test module '/workdir/astor-0.8.1/tmp_rtrip/test/test_plistlib.py'.
Hint: make sure your test modules/packages have valid Python names.
Traceback:
/opt/graalpy/lib/python3.10/importlib/__init__.py:126: in import_module
    return _bootstrap._gcd_import(name[level:], package, level)
tmp_rtrip/test/test_plistlib.py:12: in <module>
    from test import support
E   ImportError: cannot import name 'support' from 'test' (/workdir/astor-0.8.1/tmp_rtrip/test/__init__.py)
_________________ ERROR collecting tmp_rtrip/test/test_pwd.py __________________
ImportError while importing test module '/workdir/astor-0.8.1/tmp_rtrip/test/test_pwd.py'.
Hint: make sure your test modules/packages have valid Python names.
Traceback:
/opt/graalpy/lib/python3.10/importlib/__init__.py:126: in import_module
    return _bootstrap._gcd_import(name[level:], package, level)
tmp_rtrip/test/test_pwd.py:3: in <module>
    from test.support import import_helper
E   ModuleNotFoundError: No module named 'test.support'
________________ ERROR collecting tmp_rtrip/test/test_queue.py _________________
ImportError while importing test module '/workdir/astor-0.8.1/tmp_rtrip/test/test_queue.py'.
Hint: make sure your test modules/packages have valid Python names.
Traceback:
/opt/graalpy/lib/python3.10/importlib/__init__.py:126: in import_module
    return _bootstrap._gcd_import(name[level:], package, level)
tmp_rtrip/test/test_queue.py:7: in <module>
    from test.support import gc_collect
E   ModuleNotFoundError: No module named 'test.support'
________________ ERROR collecting tmp_rtrip/test/test_range.py _________________
ImportError while importing test module '/workdir/astor-0.8.1/tmp_rtrip/test/test_range.py'.
Hint: make sure your test modules/packages have valid Python names.
Traceback:
/opt/graalpy/lib/python3.10/importlib/__init__.py:126: in import_module
    return _bootstrap._gcd_import(name[level:], package, level)
tmp_rtrip/test/test_range.py:5: in <module>
    from test.support import ALWAYS_EQ
E   ModuleNotFoundError: No module named 'test.support'
_________________ ERROR collecting tmp_rtrip/test/test_repl.py _________________
ImportError while importing test module '/workdir/astor-0.8.1/tmp_rtrip/test/test_repl.py'.
Hint: make sure your test modules/packages have valid Python names.
Traceback:
/opt/graalpy/lib/python3.10/importlib/__init__.py:126: in import_module
    return _bootstrap._gcd_import(name[level:], package, level)
tmp_rtrip/test/test_repl.py:7: in <module>
    from test.support import cpython_only, SuppressCrashReport
E   ModuleNotFoundError: No module named 'test.support'
_______________ ERROR collecting tmp_rtrip/test/test_reprlib.py ________________
ImportError while importing test module '/workdir/astor-0.8.1/tmp_rtrip/test/test_reprlib.py'.
Hint: make sure your test modules/packages have valid Python names.
Traceback:
/opt/graalpy/lib/python3.10/importlib/__init__.py:126: in import_module
    return _bootstrap._gcd_import(name[level:], package, level)
tmp_rtrip/test/test_reprlib.py:11: in <module>
    from test.support import verbose
E   ModuleNotFoundError: No module named 'test.support'
_____________ ERROR collecting tmp_rtrip/test/test_robotparser.py ______________
ImportError while importing test module '/workdir/astor-0.8.1/tmp_rtrip/test/test_robotparser.py'.
Hint: make sure your test modules/packages have valid Python names.
Traceback:
/opt/graalpy/lib/python3.10/importlib/__init__.py:126: in import_module
    return _bootstrap._gcd_import(name[level:], package, level)
tmp_rtrip/test/test_robotparser.py:6: in <module>
    from test import support
E   ImportError: cannot import name 'support' from 'test' (/workdir/astor-0.8.1/tmp_rtrip/test/__init__.py)
______________ ERROR collecting tmp_rtrip/test/test_selectors.py _______________
ImportError while importing test module '/workdir/astor-0.8.1/tmp_rtrip/test/test_selectors.py'.
Hint: make sure your test modules/packages have valid Python names.
Traceback:
/opt/graalpy/lib/python3.10/importlib/__init__.py:126: in import_module
    return _bootstrap._gcd_import(name[level:], package, level)
tmp_rtrip/test/test_selectors.py:8: in <module>
    from test import support
E   ImportError: cannot import name 'support' from 'test' (/workdir/astor-0.8.1/tmp_rtrip/test/__init__.py)
________________ ERROR collecting tmp_rtrip/test/test_shlex.py _________________
Traceback (most recent call last):
  File "/workdir/astor-0.8.1/.tox/graalpylibtest-unit-test-tests/lib/python3.10/site-packages/_pytest/runner.py", line 341, in from_call
    result: Optional[TResult] = func()
  File "/workdir/astor-0.8.1/.tox/graalpylibtest-unit-test-tests/lib/python3.10/site-packages/_pytest/runner.py", line 372, in <lambda>
    call = CallInfo.from_call(lambda: list(collector.collect()), "collect")
  File "/workdir/astor-0.8.1/.tox/graalpylibtest-unit-test-tests/lib/python3.10/site-packages/_pytest/python.py", line 531, in collect
    self._inject_setup_module_fixture()
  File "/workdir/astor-0.8.1/.tox/graalpylibtest-unit-test-tests/lib/python3.10/site-packages/_pytest/python.py", line 545, in _inject_setup_module_fixture
    self.obj, ("setUpModule", "setup_module")
  File "/workdir/astor-0.8.1/.tox/graalpylibtest-unit-test-tests/lib/python3.10/site-packages/_pytest/python.py", line 310, in obj
    self._obj = obj = self._getobj()
  File "/workdir/astor-0.8.1/.tox/graalpylibtest-unit-test-tests/lib/python3.10/site-packages/_pytest/python.py", line 528, in _getobj
    return self._importtestmodule()
  File "/workdir/astor-0.8.1/.tox/graalpylibtest-unit-test-tests/lib/python3.10/site-packages/_pytest/python.py", line 617, in _importtestmodule
    mod = import_path(self.path, mode=importmode, root=self.config.rootpath)
  File "/workdir/astor-0.8.1/.tox/graalpylibtest-unit-test-tests/lib/python3.10/site-packages/_pytest/pathlib.py", line 567, in import_path
    importlib.import_module(module_name)
  File "/opt/graalpy/lib/python3.10/importlib/__init__.py", line 126, in import_module
    return _bootstrap._gcd_import(name[level:], package, level)
  File "/workdir/astor-0.8.1/tmp_rtrip/test/test_shlex.py", line 6, in <module>
    from unittest import mock
  File "/opt/graalpy/lib/python3.10/unittest/mock.py", line 26, in <module>
    import asyncio
  File "/workdir/astor-0.8.1/tmp_rtrip/asyncio/__init__.py", line 3, in <module>
    from .base_events import *
  File "/workdir/astor-0.8.1/tmp_rtrip/asyncio/base_events.py", line 39, in <module>
    from . import futures
  File "/workdir/astor-0.8.1/tmp_rtrip/asyncio/futures.py", line 380, in <module>
    Future = _CFuture = _asyncio.Future
AttributeError: module '_asyncio' has no attribute 'Future'
___________ ERROR collecting tmp_rtrip/test/test_source_encoding.py ____________
ImportError while importing test module '/workdir/astor-0.8.1/tmp_rtrip/test/test_source_encoding.py'.
Hint: make sure your test modules/packages have valid Python names.
Traceback:
/opt/graalpy/lib/python3.10/importlib/__init__.py:126: in import_module
    return _bootstrap._gcd_import(name[level:], package, level)
tmp_rtrip/test/test_source_encoding.py:2: in <module>
    from test.support import script_helper, captured_stdout
E   ModuleNotFoundError: No module named 'test.support'
_________________ ERROR collecting tmp_rtrip/test/test_spwd.py _________________
ImportError while importing test module '/workdir/astor-0.8.1/tmp_rtrip/test/test_spwd.py'.
Hint: make sure your test modules/packages have valid Python names.
Traceback:
/opt/graalpy/lib/python3.10/importlib/__init__.py:126: in import_module
    return _bootstrap._gcd_import(name[level:], package, level)
tmp_rtrip/test/test_spwd.py:3: in <module>
    from test.support import import_helper
E   ModuleNotFoundError: No module named 'test.support'
_________________ ERROR collecting tmp_rtrip/test/test_stat.py _________________
ImportError while importing test module '/workdir/astor-0.8.1/tmp_rtrip/test/test_stat.py'.
Hint: make sure your test modules/packages have valid Python names.
Traceback:
/opt/graalpy/lib/python3.10/importlib/__init__.py:126: in import_module
    return _bootstrap._gcd_import(name[level:], package, level)
tmp_rtrip/test/test_stat.py:5: in <module>
    from test.support import os_helper
E   ModuleNotFoundError: No module named 'test.support'
_______________ ERROR collecting tmp_rtrip/test/test_strftime.py _______________
ImportError while importing test module '/workdir/astor-0.8.1/tmp_rtrip/test/test_strftime.py'.
Hint: make sure your test modules/packages have valid Python names.
Traceback:
/opt/graalpy/lib/python3.10/importlib/__init__.py:126: in import_module
    return _bootstrap._gcd_import(name[level:], package, level)
tmp_rtrip/test/test_strftime.py:7: in <module>
    from test import support
E   ImportError: cannot import name 'support' from 'test' (/workdir/astor-0.8.1/tmp_rtrip/test/__init__.py)
________________ ERROR collecting tmp_rtrip/test/test_sundry.py ________________
ImportError while importing test module '/workdir/astor-0.8.1/tmp_rtrip/test/test_sundry.py'.
Hint: make sure your test modules/packages have valid Python names.
Traceback:
/opt/graalpy/lib/python3.10/importlib/__init__.py:126: in import_module
    return _bootstrap._gcd_import(name[level:], package, level)
tmp_rtrip/test/test_sundry.py:5: in <module>
    from test import support
E   ImportError: cannot import name 'support' from 'test' (/workdir/astor-0.8.1/tmp_rtrip/test/__init__.py)
________________ ERROR collecting tmp_rtrip/test/test_syntax.py ________________
ImportError while importing test module '/workdir/astor-0.8.1/tmp_rtrip/test/test_syntax.py'.
Hint: make sure your test modules/packages have valid Python names.
Traceback:
/opt/graalpy/lib/python3.10/importlib/__init__.py:126: in import_module
    return _bootstrap._gcd_import(name[level:], package, level)
tmp_rtrip/test/test_syntax.py:1313: in <module>
    from test import support
E   ImportError: cannot import name 'support' from 'test' (/workdir/astor-0.8.1/tmp_rtrip/test/__init__.py)
_____________ ERROR collecting tmp_rtrip/test/test_sys_settrace.py _____________
ImportError while importing test module '/workdir/astor-0.8.1/tmp_rtrip/test/test_sys_settrace.py'.
Hint: make sure your test modules/packages have valid Python names.
Traceback:
/opt/graalpy/lib/python3.10/importlib/__init__.py:126: in import_module
    return _bootstrap._gcd_import(name[level:], package, level)
tmp_rtrip/test/test_sys_settrace.py:1: in <module>
    from test import support
E   ImportError: cannot import name 'support' from 'test' (/workdir/astor-0.8.1/tmp_rtrip/test/__init__.py)
_______________ ERROR collecting tmp_rtrip/test/test_tarfile.py ________________
Traceback (most recent call last):
  File "/workdir/astor-0.8.1/.tox/graalpylibtest-unit-test-tests/lib/python3.10/site-packages/_pytest/runner.py", line 341, in from_call
    result: Optional[TResult] = func()
  File "/workdir/astor-0.8.1/.tox/graalpylibtest-unit-test-tests/lib/python3.10/site-packages/_pytest/runner.py", line 372, in <lambda>
    call = CallInfo.from_call(lambda: list(collector.collect()), "collect")
  File "/workdir/astor-0.8.1/.tox/graalpylibtest-unit-test-tests/lib/python3.10/site-packages/_pytest/python.py", line 531, in collect
    self._inject_setup_module_fixture()
  File "/workdir/astor-0.8.1/.tox/graalpylibtest-unit-test-tests/lib/python3.10/site-packages/_pytest/python.py", line 545, in _inject_setup_module_fixture
    self.obj, ("setUpModule", "setup_module")
  File "/workdir/astor-0.8.1/.tox/graalpylibtest-unit-test-tests/lib/python3.10/site-packages/_pytest/python.py", line 310, in obj
    self._obj = obj = self._getobj()
  File "/workdir/astor-0.8.1/.tox/graalpylibtest-unit-test-tests/lib/python3.10/site-packages/_pytest/python.py", line 528, in _getobj
    return self._importtestmodule()
  File "/workdir/astor-0.8.1/.tox/graalpylibtest-unit-test-tests/lib/python3.10/site-packages/_pytest/python.py", line 617, in _importtestmodule
    mod = import_path(self.path, mode=importmode, root=self.config.rootpath)
  File "/workdir/astor-0.8.1/.tox/graalpylibtest-unit-test-tests/lib/python3.10/site-packages/_pytest/pathlib.py", line 567, in import_path
    importlib.import_module(module_name)
  File "/opt/graalpy/lib/python3.10/importlib/__init__.py", line 126, in import_module
    return _bootstrap._gcd_import(name[level:], package, level)
  File "/workdir/astor-0.8.1/tmp_rtrip/test/test_tarfile.py", line 9, in <module>
    import unittest.mock
  File "/opt/graalpy/lib/python3.10/unittest/mock.py", line 26, in <module>
    import asyncio
  File "/workdir/astor-0.8.1/tmp_rtrip/asyncio/__init__.py", line 3, in <module>
    from .base_events import *
  File "/workdir/astor-0.8.1/tmp_rtrip/asyncio/base_events.py", line 39, in <module>
    from . import futures
  File "/workdir/astor-0.8.1/tmp_rtrip/asyncio/futures.py", line 380, in <module>
    Future = _CFuture = _asyncio.Future
AttributeError: module '_asyncio' has no attribute 'Future'
_____________ ERROR collecting tmp_rtrip/test/test_ttk_textonly.py _____________
ImportError while importing test module '/workdir/astor-0.8.1/tmp_rtrip/test/test_ttk_textonly.py'.
Hint: make sure your test modules/packages have valid Python names.
Traceback:
/opt/graalpy/lib/python3.10/importlib/__init__.py:126: in import_module
    return _bootstrap._gcd_import(name[level:], package, level)
tmp_rtrip/test/test_ttk_textonly.py:1: in <module>
    from test.support import import_helper
E   ModuleNotFoundError: No module named 'test.support'
________________ ERROR collecting tmp_rtrip/test/test_types.py _________________
ImportError while importing test module '/workdir/astor-0.8.1/tmp_rtrip/test/test_types.py'.
Hint: make sure your test modules/packages have valid Python names.
Traceback:
/opt/graalpy/lib/python3.10/importlib/__init__.py:126: in import_module
    return _bootstrap._gcd_import(name[level:], package, level)
tmp_rtrip/test/test_types.py:1: in <module>
    from test.support import run_with_locale, cpython_only
E   ModuleNotFoundError: No module named 'test.support'
_______________ ERROR collecting tmp_rtrip/test/test_unicode.py ________________
ImportError while importing test module '/workdir/astor-0.8.1/tmp_rtrip/test/test_unicode.py'.
Hint: make sure your test modules/packages have valid Python names.
Traceback:
/opt/graalpy/lib/python3.10/importlib/__init__.py:126: in import_module
    return _bootstrap._gcd_import(name[level:], package, level)
tmp_rtrip/test/test_unicode.py:18: in <module>
    from test.support import import_helper
E   ModuleNotFoundError: No module named 'test.support'
_____________ ERROR collecting tmp_rtrip/test/test_univnewlines.py _____________
ImportError while importing test module '/workdir/astor-0.8.1/tmp_rtrip/test/test_univnewlines.py'.
Hint: make sure your test modules/packages have valid Python names.
Traceback:
/opt/graalpy/lib/python3.10/importlib/__init__.py:126: in import_module
    return _bootstrap._gcd_import(name[level:], package, level)
tmp_rtrip/test/test_univnewlines.py:6: in <module>
    from test import support
E   ImportError: cannot import name 'support' from 'test' (/workdir/astor-0.8.1/tmp_rtrip/test/__init__.py)
_______________ ERROR collecting tmp_rtrip/test/test_unparse.py ________________
ImportError while importing test module '/workdir/astor-0.8.1/tmp_rtrip/test/test_unparse.py'.
Hint: make sure your test modules/packages have valid Python names.
Traceback:
/opt/graalpy/lib/python3.10/importlib/__init__.py:126: in import_module
    return _bootstrap._gcd_import(name[level:], package, level)
tmp_rtrip/test/test_unparse.py:3: in <module>
    import test.support
E   ModuleNotFoundError: No module named 'test.support'
_______________ ERROR collecting tmp_rtrip/test/test_urllib2.py ________________
ImportError while importing test module '/workdir/astor-0.8.1/tmp_rtrip/test/test_urllib2.py'.
Hint: make sure your test modules/packages have valid Python names.
Traceback:
/opt/graalpy/lib/python3.10/importlib/__init__.py:126: in import_module
    return _bootstrap._gcd_import(name[level:], package, level)
tmp_rtrip/test/test_urllib2.py:2: in <module>
    from test import support
E   ImportError: cannot import name 'support' from 'test' (/workdir/astor-0.8.1/tmp_rtrip/test/__init__.py)
_____________ ERROR collecting tmp_rtrip/test/test_winconsoleio.py _____________
ImportError while importing test module '/workdir/astor-0.8.1/tmp_rtrip/test/test_winconsoleio.py'.
Hint: make sure your test modules/packages have valid Python names.
Traceback:
/opt/graalpy/lib/python3.10/importlib/__init__.py:126: in import_module
    return _bootstrap._gcd_import(name[level:], package, level)
tmp_rtrip/test/test_winconsoleio.py:8: in <module>
    from test.support import os_helper
E   ModuleNotFoundError: No module named 'test.support'
________________ ERROR collecting tmp_rtrip/test/test_winreg.py ________________
ImportError while importing test module '/workdir/astor-0.8.1/tmp_rtrip/test/test_winreg.py'.
Hint: make sure your test modules/packages have valid Python names.
Traceback:
/opt/graalpy/lib/python3.10/importlib/__init__.py:126: in import_module
    return _bootstrap._gcd_import(name[level:], package, level)
tmp_rtrip/test/test_winreg.py:3: in <module>
    from test.support import import_helper
E   ModuleNotFoundError: No module named 'test.support'
_______________ ERROR collecting tmp_rtrip/test/test_wsgiref.py ________________
Traceback (most recent call last):
  File "/workdir/astor-0.8.1/.tox/graalpylibtest-unit-test-tests/lib/python3.10/site-packages/_pytest/runner.py", line 341, in from_call
    result: Optional[TResult] = func()
  File "/workdir/astor-0.8.1/.tox/graalpylibtest-unit-test-tests/lib/python3.10/site-packages/_pytest/runner.py", line 372, in <lambda>
    call = CallInfo.from_call(lambda: list(collector.collect()), "collect")
  File "/workdir/astor-0.8.1/.tox/graalpylibtest-unit-test-tests/lib/python3.10/site-packages/_pytest/python.py", line 531, in collect
    self._inject_setup_module_fixture()
  File "/workdir/astor-0.8.1/.tox/graalpylibtest-unit-test-tests/lib/python3.10/site-packages/_pytest/python.py", line 545, in _inject_setup_module_fixture
    self.obj, ("setUpModule", "setup_module")
  File "/workdir/astor-0.8.1/.tox/graalpylibtest-unit-test-tests/lib/python3.10/site-packages/_pytest/python.py", line 310, in obj
    self._obj = obj = self._getobj()
  File "/workdir/astor-0.8.1/.tox/graalpylibtest-unit-test-tests/lib/python3.10/site-packages/_pytest/python.py", line 528, in _getobj
    return self._importtestmodule()
  File "/workdir/astor-0.8.1/.tox/graalpylibtest-unit-test-tests/lib/python3.10/site-packages/_pytest/python.py", line 617, in _importtestmodule
    mod = import_path(self.path, mode=importmode, root=self.config.rootpath)
  File "/workdir/astor-0.8.1/.tox/graalpylibtest-unit-test-tests/lib/python3.10/site-packages/_pytest/pathlib.py", line 567, in import_path
    importlib.import_module(module_name)
  File "/opt/graalpy/lib/python3.10/importlib/__init__.py", line 126, in import_module
    return _bootstrap._gcd_import(name[level:], package, level)
  File "/workdir/astor-0.8.1/tmp_rtrip/test/test_wsgiref.py", line 1, in <module>
    from unittest import mock
  File "/opt/graalpy/lib/python3.10/unittest/mock.py", line 26, in <module>
    import asyncio
  File "/workdir/astor-0.8.1/tmp_rtrip/asyncio/__init__.py", line 3, in <module>
    from .base_events import *
  File "/workdir/astor-0.8.1/tmp_rtrip/asyncio/base_events.py", line 39, in <module>
    from . import futures
  File "/workdir/astor-0.8.1/tmp_rtrip/asyncio/futures.py", line 380, in <module>
    Future = _CFuture = _asyncio.Future
AttributeError: module '_asyncio' has no attribute 'Future'
_____________ ERROR collecting tmp_rtrip/test/test_xml_etree_c.py ______________
ImportError while importing test module '/workdir/astor-0.8.1/tmp_rtrip/test/test_xml_etree_c.py'.
Hint: make sure your test modules/packages have valid Python names.
Traceback:
/opt/graalpy/lib/python3.10/importlib/__init__.py:126: in import_module
    return _bootstrap._gcd_import(name[level:], package, level)
tmp_rtrip/test/test_xml_etree_c.py:3: in <module>
    from test import support
E   ImportError: cannot import name 'support' from 'test' (/workdir/astor-0.8.1/tmp_rtrip/test/__init__.py)
______________ ERROR collecting tmp_rtrip/test/test_yield_from.py ______________
ImportError while importing test module '/workdir/astor-0.8.1/tmp_rtrip/test/test_yield_from.py'.
Hint: make sure your test modules/packages have valid Python names.
Traceback:
/opt/graalpy/lib/python3.10/importlib/__init__.py:126: in import_module
    return _bootstrap._gcd_import(name[level:], package, level)
tmp_rtrip/test/test_yield_from.py:9: in <module>
    from test.support import captured_stderr, disable_gc, gc_collect
E   ModuleNotFoundError: No module named 'test.support'
_______________ ERROR collecting tmp_rtrip/test/test_zipfile.py ________________
Traceback (most recent call last):
  File "/workdir/astor-0.8.1/.tox/graalpylibtest-unit-test-tests/lib/python3.10/site-packages/_pytest/runner.py", line 341, in from_call
    result: Optional[TResult] = func()
  File "/workdir/astor-0.8.1/.tox/graalpylibtest-unit-test-tests/lib/python3.10/site-packages/_pytest/runner.py", line 372, in <lambda>
    call = CallInfo.from_call(lambda: list(collector.collect()), "collect")
  File "/workdir/astor-0.8.1/.tox/graalpylibtest-unit-test-tests/lib/python3.10/site-packages/_pytest/python.py", line 531, in collect
    self._inject_setup_module_fixture()
  File "/workdir/astor-0.8.1/.tox/graalpylibtest-unit-test-tests/lib/python3.10/site-packages/_pytest/python.py", line 545, in _inject_setup_module_fixture
    self.obj, ("setUpModule", "setup_module")
  File "/workdir/astor-0.8.1/.tox/graalpylibtest-unit-test-tests/lib/python3.10/site-packages/_pytest/python.py", line 310, in obj
    self._obj = obj = self._getobj()
  File "/workdir/astor-0.8.1/.tox/graalpylibtest-unit-test-tests/lib/python3.10/site-packages/_pytest/python.py", line 528, in _getobj
    return self._importtestmodule()
  File "/workdir/astor-0.8.1/.tox/graalpylibtest-unit-test-tests/lib/python3.10/site-packages/_pytest/python.py", line 617, in _importtestmodule
    mod = import_path(self.path, mode=importmode, root=self.config.rootpath)
  File "/workdir/astor-0.8.1/.tox/graalpylibtest-unit-test-tests/lib/python3.10/site-packages/_pytest/pathlib.py", line 567, in import_path
    importlib.import_module(module_name)
  File "/opt/graalpy/lib/python3.10/importlib/__init__.py", line 126, in import_module
    return _bootstrap._gcd_import(name[level:], package, level)
  File "/workdir/astor-0.8.1/tmp_rtrip/test/test_zipfile.py", line 15, in <module>
    import unittest.mock as mock
  File "/opt/graalpy/lib/python3.10/unittest/mock.py", line 26, in <module>
    import asyncio
  File "/workdir/astor-0.8.1/tmp_rtrip/asyncio/__init__.py", line 3, in <module>
    from .base_events import *
  File "/workdir/astor-0.8.1/tmp_rtrip/asyncio/base_events.py", line 39, in <module>
    from . import futures
  File "/workdir/astor-0.8.1/tmp_rtrip/asyncio/futures.py", line 380, in <module>
    Future = _CFuture = _asyncio.Future
AttributeError: module '_asyncio' has no attribute 'Future'
______________ ERROR collecting tmp_rtrip/test/test_zipfile64.py _______________
ImportError while importing test module '/workdir/astor-0.8.1/tmp_rtrip/test/test_zipfile64.py'.
Hint: make sure your test modules/packages have valid Python names.
Traceback:
/opt/graalpy/lib/python3.10/importlib/__init__.py:126: in import_module
    return _bootstrap._gcd_import(name[level:], package, level)
tmp_rtrip/test/test_zipfile64.py:1: in <module>
    from test import support
E   ImportError: cannot import name 'support' from 'test' (/workdir/astor-0.8.1/tmp_rtrip/test/__init__.py)
______________ ERROR collecting tmp_rtrip/test/test_zipimport.py _______________
Traceback (most recent call last):
  File "/workdir/astor-0.8.1/.tox/graalpylibtest-unit-test-tests/lib/python3.10/site-packages/_pytest/runner.py", line 341, in from_call
    result: Optional[TResult] = func()
  File "/workdir/astor-0.8.1/.tox/graalpylibtest-unit-test-tests/lib/python3.10/site-packages/_pytest/runner.py", line 372, in <lambda>
    call = CallInfo.from_call(lambda: list(collector.collect()), "collect")
  File "/workdir/astor-0.8.1/.tox/graalpylibtest-unit-test-tests/lib/python3.10/site-packages/_pytest/python.py", line 531, in collect
    self._inject_setup_module_fixture()
  File "/workdir/astor-0.8.1/.tox/graalpylibtest-unit-test-tests/lib/python3.10/site-packages/_pytest/python.py", line 545, in _inject_setup_module_fixture
    self.obj, ("setUpModule", "setup_module")
  File "/workdir/astor-0.8.1/.tox/graalpylibtest-unit-test-tests/lib/python3.10/site-packages/_pytest/python.py", line 310, in obj
    self._obj = obj = self._getobj()
  File "/workdir/astor-0.8.1/.tox/graalpylibtest-unit-test-tests/lib/python3.10/site-packages/_pytest/python.py", line 528, in _getobj
    return self._importtestmodule()
  File "/workdir/astor-0.8.1/.tox/graalpylibtest-unit-test-tests/lib/python3.10/site-packages/_pytest/python.py", line 617, in _importtestmodule
    mod = import_path(self.path, mode=importmode, root=self.config.rootpath)
  File "/workdir/astor-0.8.1/.tox/graalpylibtest-unit-test-tests/lib/python3.10/site-packages/_pytest/pathlib.py", line 567, in import_path
    importlib.import_module(module_name)
  File "/opt/graalpy/lib/python3.10/importlib/__init__.py", line 126, in import_module
    return _bootstrap._gcd_import(name[level:], package, level)
  File "/workdir/astor-0.8.1/tmp_rtrip/test/test_zipimport.py", line 9, in <module>
    import unittest.mock
  File "/opt/graalpy/lib/python3.10/unittest/mock.py", line 26, in <module>
    import asyncio
  File "/workdir/astor-0.8.1/tmp_rtrip/asyncio/__init__.py", line 3, in <module>
    from .base_events import *
  File "/workdir/astor-0.8.1/tmp_rtrip/asyncio/base_events.py", line 39, in <module>
    from . import futures
  File "/workdir/astor-0.8.1/tmp_rtrip/asyncio/futures.py", line 380, in <module>
    Future = _CFuture = _asyncio.Future
AttributeError: module '_asyncio' has no attribute 'Future'
__ ERROR collecting tmp_rtrip/tkinter/test/test_tkinter/test_colorchooser.py ___
ImportError while importing test module '/workdir/astor-0.8.1/tmp_rtrip/tkinter/test/test_tkinter/test_colorchooser.py'.
Hint: make sure your test modules/packages have valid Python names.
Traceback:
/opt/graalpy/lib/python3.10/importlib/__init__.py:126: in import_module
    return _bootstrap._gcd_import(name[level:], package, level)
tmp_rtrip/tkinter/__init__.py:35: in <module>
    import _tkinter
E   ModuleNotFoundError: No module named '_tkinter'
______ ERROR collecting tmp_rtrip/tkinter/test/test_tkinter/test_font.py _______
ImportError while importing test module '/workdir/astor-0.8.1/tmp_rtrip/tkinter/test/test_tkinter/test_font.py'.
Hint: make sure your test modules/packages have valid Python names.
Traceback:
/opt/graalpy/lib/python3.10/importlib/__init__.py:126: in import_module
    return _bootstrap._gcd_import(name[level:], package, level)
tmp_rtrip/tkinter/__init__.py:35: in <module>
    import _tkinter
E   ModuleNotFoundError: No module named '_tkinter'
_ ERROR collecting tmp_rtrip/tkinter/test/test_tkinter/test_geometry_managers.py _
ImportError while importing test module '/workdir/astor-0.8.1/tmp_rtrip/tkinter/test/test_tkinter/test_geometry_managers.py'.
Hint: make sure your test modules/packages have valid Python names.
Traceback:
/opt/graalpy/lib/python3.10/importlib/__init__.py:126: in import_module
    return _bootstrap._gcd_import(name[level:], package, level)
tmp_rtrip/tkinter/__init__.py:35: in <module>
    import _tkinter
E   ModuleNotFoundError: No module named '_tkinter'
_____ ERROR collecting tmp_rtrip/tkinter/test/test_tkinter/test_images.py ______
ImportError while importing test module '/workdir/astor-0.8.1/tmp_rtrip/tkinter/test/test_tkinter/test_images.py'.
Hint: make sure your test modules/packages have valid Python names.
Traceback:
/opt/graalpy/lib/python3.10/importlib/__init__.py:126: in import_module
    return _bootstrap._gcd_import(name[level:], package, level)
tmp_rtrip/tkinter/__init__.py:35: in <module>
    import _tkinter
E   ModuleNotFoundError: No module named '_tkinter'
_____ ERROR collecting tmp_rtrip/tkinter/test/test_tkinter/test_loadtk.py ______
ImportError while importing test module '/workdir/astor-0.8.1/tmp_rtrip/tkinter/test/test_tkinter/test_loadtk.py'.
Hint: make sure your test modules/packages have valid Python names.
Traceback:
/opt/graalpy/lib/python3.10/importlib/__init__.py:126: in import_module
    return _bootstrap._gcd_import(name[level:], package, level)
tmp_rtrip/tkinter/__init__.py:35: in <module>
    import _tkinter
E   ModuleNotFoundError: No module named '_tkinter'
___ ERROR collecting tmp_rtrip/tkinter/test/test_tkinter/test_messagebox.py ____
ImportError while importing test module '/workdir/astor-0.8.1/tmp_rtrip/tkinter/test/test_tkinter/test_messagebox.py'.
Hint: make sure your test modules/packages have valid Python names.
Traceback:
/opt/graalpy/lib/python3.10/importlib/__init__.py:126: in import_module
    return _bootstrap._gcd_import(name[level:], package, level)
tmp_rtrip/tkinter/__init__.py:35: in <module>
    import _tkinter
E   ModuleNotFoundError: No module named '_tkinter'
______ ERROR collecting tmp_rtrip/tkinter/test/test_tkinter/test_misc.py _______
ImportError while importing test module '/workdir/astor-0.8.1/tmp_rtrip/tkinter/test/test_tkinter/test_misc.py'.
Hint: make sure your test modules/packages have valid Python names.
Traceback:
/opt/graalpy/lib/python3.10/importlib/__init__.py:126: in import_module
    return _bootstrap._gcd_import(name[level:], package, level)
tmp_rtrip/tkinter/__init__.py:35: in <module>
    import _tkinter
E   ModuleNotFoundError: No module named '_tkinter'
__ ERROR collecting tmp_rtrip/tkinter/test/test_tkinter/test_simpledialog.py ___
ImportError while importing test module '/workdir/astor-0.8.1/tmp_rtrip/tkinter/test/test_tkinter/test_simpledialog.py'.
Hint: make sure your test modules/packages have valid Python names.
Traceback:
/opt/graalpy/lib/python3.10/importlib/__init__.py:126: in import_module
    return _bootstrap._gcd_import(name[level:], package, level)
tmp_rtrip/tkinter/__init__.py:35: in <module>
    import _tkinter
E   ModuleNotFoundError: No module named '_tkinter'
______ ERROR collecting tmp_rtrip/tkinter/test/test_tkinter/test_text.py _______
ImportError while importing test module '/workdir/astor-0.8.1/tmp_rtrip/tkinter/test/test_tkinter/test_text.py'.
Hint: make sure your test modules/packages have valid Python names.
Traceback:
/opt/graalpy/lib/python3.10/importlib/__init__.py:126: in import_module
    return _bootstrap._gcd_import(name[level:], package, level)
tmp_rtrip/tkinter/__init__.py:35: in <module>
    import _tkinter
E   ModuleNotFoundError: No module named '_tkinter'
____ ERROR collecting tmp_rtrip/tkinter/test/test_tkinter/test_variables.py ____
ImportError while importing test module '/workdir/astor-0.8.1/tmp_rtrip/tkinter/test/test_tkinter/test_variables.py'.
Hint: make sure your test modules/packages have valid Python names.
Traceback:
/opt/graalpy/lib/python3.10/importlib/__init__.py:126: in import_module
    return _bootstrap._gcd_import(name[level:], package, level)
tmp_rtrip/tkinter/__init__.py:35: in <module>
    import _tkinter
E   ModuleNotFoundError: No module named '_tkinter'
_____ ERROR collecting tmp_rtrip/tkinter/test/test_tkinter/test_widgets.py _____
ImportError while importing test module '/workdir/astor-0.8.1/tmp_rtrip/tkinter/test/test_tkinter/test_widgets.py'.
Hint: make sure your test modules/packages have valid Python names.
Traceback:
/opt/graalpy/lib/python3.10/importlib/__init__.py:126: in import_module
    return _bootstrap._gcd_import(name[level:], package, level)
tmp_rtrip/tkinter/__init__.py:35: in <module>
    import _tkinter
E   ModuleNotFoundError: No module named '_tkinter'
_____ ERROR collecting tmp_rtrip/tkinter/test/test_ttk/test_extensions.py ______
ImportError while importing test module '/workdir/astor-0.8.1/tmp_rtrip/tkinter/test/test_ttk/test_extensions.py'.
Hint: make sure your test modules/packages have valid Python names.
Traceback:
/opt/graalpy/lib/python3.10/importlib/__init__.py:126: in import_module
    return _bootstrap._gcd_import(name[level:], package, level)
tmp_rtrip/tkinter/__init__.py:35: in <module>
    import _tkinter
E   ModuleNotFoundError: No module named '_tkinter'
________ ERROR collecting tmp_rtrip/tkinter/test/test_ttk/test_style.py ________
ImportError while importing test module '/workdir/astor-0.8.1/tmp_rtrip/tkinter/test/test_ttk/test_style.py'.
Hint: make sure your test modules/packages have valid Python names.
Traceback:
/opt/graalpy/lib/python3.10/importlib/__init__.py:126: in import_module
    return _bootstrap._gcd_import(name[level:], package, level)
tmp_rtrip/tkinter/__init__.py:35: in <module>
    import _tkinter
E   ModuleNotFoundError: No module named '_tkinter'
_______ ERROR collecting tmp_rtrip/tkinter/test/test_ttk/test_widgets.py _______
ImportError while importing test module '/workdir/astor-0.8.1/tmp_rtrip/tkinter/test/test_ttk/test_widgets.py'.
Hint: make sure your test modules/packages have valid Python names.
Traceback:
/opt/graalpy/lib/python3.10/importlib/__init__.py:126: in import_module
    return _bootstrap._gcd_import(name[level:], package, level)
tmp_rtrip/tkinter/__init__.py:35: in <module>
    import _tkinter
E   ModuleNotFoundError: No module named '_tkinter'
=============================== warnings summary ===============================
<frozen importlib._bootstrap>:241
  <frozen importlib._bootstrap>:241: DeprecationWarning: The distutils package is deprecated and slated for removal in Python 3.12. Use setuptools or check PEP 632 for potential alternatives

<frozen importlib._bootstrap>:241
  <frozen importlib._bootstrap>:241: PendingDeprecationWarning: lib2to3 package is deprecated and may not be able to parse Python 3.10+

-- Docs: https://docs.pytest.org/en/stable/how-to/capture-warnings.html
- generated xml file: /workdir/results/astor/0.8.1/1/graalpy-test-results.xml --
=========================== short test summary info ============================
ERROR tmp_rtrip/distutils/tests/test_archive_util.py
ERROR tmp_rtrip/distutils/tests/test_bdist.py
ERROR tmp_rtrip/distutils/tests/test_bdist_dumb.py
ERROR tmp_rtrip/distutils/tests/test_bdist_msi.py
ERROR tmp_rtrip/distutils/tests/test_bdist_rpm.py
ERROR tmp_rtrip/distutils/tests/test_build.py
ERROR tmp_rtrip/distutils/tests/test_build_clib.py
ERROR tmp_rtrip/distutils/tests/test_build_ext.py
ERROR tmp_rtrip/distutils/tests/test_build_py.py
ERROR tmp_rtrip/distutils/tests/test_build_scripts.py
ERROR tmp_rtrip/distutils/tests/test_check.py
ERROR tmp_rtrip/distutils/tests/test_clean.py
ERROR tmp_rtrip/distutils/tests/test_cmd.py
ERROR tmp_rtrip/distutils/tests/test_config.py
ERROR tmp_rtrip/distutils/tests/test_config_cmd.py
ERROR tmp_rtrip/distutils/tests/test_core.py
ERROR tmp_rtrip/distutils/tests/test_cygwinccompiler.py
ERROR tmp_rtrip/distutils/tests/test_dep_util.py
ERROR tmp_rtrip/distutils/tests/test_dir_util.py
ERROR tmp_rtrip/distutils/tests/test_dist.py
ERROR tmp_rtrip/distutils/tests/test_extension.py
ERROR tmp_rtrip/distutils/tests/test_file_util.py
ERROR tmp_rtrip/distutils/tests/test_filelist.py
ERROR tmp_rtrip/distutils/tests/test_install.py
ERROR tmp_rtrip/distutils/tests/test_install_data.py
ERROR tmp_rtrip/distutils/tests/test_install_headers.py
ERROR tmp_rtrip/distutils/tests/test_install_lib.py
ERROR tmp_rtrip/distutils/tests/test_install_scripts.py
ERROR tmp_rtrip/distutils/tests/test_log.py
ERROR tmp_rtrip/distutils/tests/test_msvc9compiler.py
ERROR tmp_rtrip/distutils/tests/test_msvccompiler.py
ERROR tmp_rtrip/distutils/tests/test_register.py
ERROR tmp_rtrip/distutils/tests/test_sdist.py
ERROR tmp_rtrip/distutils/tests/test_spawn.py
ERROR tmp_rtrip/distutils/tests/test_sysconfig.py
ERROR tmp_rtrip/distutils/tests/test_text_file.py
ERROR tmp_rtrip/distutils/tests/test_unixccompiler.py
ERROR tmp_rtrip/distutils/tests/test_upload.py
ERROR tmp_rtrip/distutils/tests/test_util.py
ERROR tmp_rtrip/distutils/tests/test_version.py
ERROR tmp_rtrip/distutils/tests/test_versionpredicate.py
ERROR tmp_rtrip/idlelib/idle_test/test_autocomplete.py - AttributeError: modu...
ERROR tmp_rtrip/idlelib/idle_test/test_autocomplete_w.py
ERROR tmp_rtrip/idlelib/idle_test/test_autoexpand.py
ERROR tmp_rtrip/idlelib/idle_test/test_browser.py
ERROR tmp_rtrip/idlelib/idle_test/test_calltip.py
ERROR tmp_rtrip/idlelib/idle_test/test_calltip_w.py
ERROR tmp_rtrip/idlelib/idle_test/test_codecontext.py
ERROR tmp_rtrip/idlelib/idle_test/test_colorizer.py
ERROR tmp_rtrip/idlelib/idle_test/test_config.py
ERROR tmp_rtrip/idlelib/idle_test/test_config_key.py
ERROR tmp_rtrip/idlelib/idle_test/test_configdialog.py
ERROR tmp_rtrip/idlelib/idle_test/test_debugger.py
ERROR tmp_rtrip/idlelib/idle_test/test_debugger_r.py
ERROR tmp_rtrip/idlelib/idle_test/test_debugobj.py
ERROR tmp_rtrip/idlelib/idle_test/test_editmenu.py
ERROR tmp_rtrip/idlelib/idle_test/test_editor.py
ERROR tmp_rtrip/idlelib/idle_test/test_filelist.py
ERROR tmp_rtrip/idlelib/idle_test/test_format.py
ERROR tmp_rtrip/idlelib/idle_test/test_grep.py
ERROR tmp_rtrip/idlelib/idle_test/test_help.py
ERROR tmp_rtrip/idlelib/idle_test/test_help_about.py
ERROR tmp_rtrip/idlelib/idle_test/test_history.py
ERROR tmp_rtrip/idlelib/idle_test/test_hyperparser.py
ERROR tmp_rtrip/idlelib/idle_test/test_iomenu.py
ERROR tmp_rtrip/idlelib/idle_test/test_macosx.py
ERROR tmp_rtrip/idlelib/idle_test/test_mainmenu.py
ERROR tmp_rtrip/idlelib/idle_test/test_multicall.py
ERROR tmp_rtrip/idlelib/idle_test/test_outwin.py
ERROR tmp_rtrip/idlelib/idle_test/test_parenmatch.py
ERROR tmp_rtrip/idlelib/idle_test/test_pathbrowser.py
ERROR tmp_rtrip/idlelib/idle_test/test_percolator.py
ERROR tmp_rtrip/idlelib/idle_test/test_pyshell.py - SystemExit: 1
ERROR tmp_rtrip/idlelib/idle_test/test_query.py
ERROR tmp_rtrip/idlelib/idle_test/test_redirector.py
ERROR tmp_rtrip/idlelib/idle_test/test_replace.py
ERROR tmp_rtrip/idlelib/idle_test/test_run.py
ERROR tmp_rtrip/idlelib/idle_test/test_runscript.py
ERROR tmp_rtrip/idlelib/idle_test/test_scrolledlist.py
ERROR tmp_rtrip/idlelib/idle_test/test_search.py
ERROR tmp_rtrip/idlelib/idle_test/test_searchbase.py
ERROR tmp_rtrip/idlelib/idle_test/test_searchengine.py
ERROR tmp_rtrip/idlelib/idle_test/test_sidebar.py - AttributeError: module '_...
ERROR tmp_rtrip/idlelib/idle_test/test_squeezer.py
ERROR tmp_rtrip/idlelib/idle_test/test_stackviewer.py
ERROR tmp_rtrip/idlelib/idle_test/test_statusbar.py
ERROR tmp_rtrip/idlelib/idle_test/test_text.py
ERROR tmp_rtrip/idlelib/idle_test/test_textview.py
ERROR tmp_rtrip/idlelib/idle_test/test_tooltip.py
ERROR tmp_rtrip/idlelib/idle_test/test_tree.py
ERROR tmp_rtrip/idlelib/idle_test/test_undo.py
ERROR tmp_rtrip/idlelib/idle_test/test_warning.py
ERROR tmp_rtrip/idlelib/idle_test/test_window.py
ERROR tmp_rtrip/idlelib/idle_test/test_zoomheight.py
ERROR tmp_rtrip/idlelib/idle_test/test_zzdummy.py
ERROR tmp_rtrip/lib2to3/tests/test_all_fixers.py
ERROR tmp_rtrip/lib2to3/tests/test_fixers.py
ERROR tmp_rtrip/lib2to3/tests/test_main.py
ERROR tmp_rtrip/lib2to3/tests/test_parser.py
ERROR tmp_rtrip/lib2to3/tests/test_pytree.py
ERROR tmp_rtrip/lib2to3/tests/test_refactor.py
ERROR tmp_rtrip/lib2to3/tests/test_util.py
ERROR tmp_rtrip/test/test__opcode.py
ERROR tmp_rtrip/test/test_asyncgen.py
ERROR tmp_rtrip/test/test_base64.py
ERROR tmp_rtrip/test/test_binhex.py
ERROR tmp_rtrip/test/test_bufio.py
ERROR tmp_rtrip/test/test_calendar.py
ERROR tmp_rtrip/test/test_call.py
ERROR tmp_rtrip/test/test_code_module.py - AttributeError: module '_asyncio' ...
ERROR tmp_rtrip/test/test_codecencodings_tw.py
ERROR tmp_rtrip/test/test_codecs.py - AttributeError: module '_asyncio' has n...
ERROR tmp_rtrip/test/test_csv.py
ERROR tmp_rtrip/test/test_ctypes.py
ERROR tmp_rtrip/test/test_dataclasses.py - AttributeError: module '_asyncio' ...
ERROR tmp_rtrip/test/test_dbm.py
ERROR tmp_rtrip/test/test_decorators.py
ERROR tmp_rtrip/test/test_deque.py
ERROR tmp_rtrip/test/test_eof.py
ERROR tmp_rtrip/test/test_faulthandler.py
ERROR tmp_rtrip/test/test_fileinput.py
ERROR tmp_rtrip/test/test_genericpath.py
ERROR tmp_rtrip/test/test_getargs2.py
ERROR tmp_rtrip/test/test_glob.py
ERROR tmp_rtrip/test/test_graphlib.py
ERROR tmp_rtrip/test/test_hashlib.py
ERROR tmp_rtrip/test/test_hmac.py - AttributeError: module '_asyncio' has no ...
ERROR tmp_rtrip/test/test_http_cookies.py
ERROR tmp_rtrip/test/test_imghdr.py
ERROR tmp_rtrip/test/test_ipaddress.py
ERROR tmp_rtrip/test/test_largefile.py
ERROR tmp_rtrip/test/test_lib2to3.py
ERROR tmp_rtrip/test/test_linecache.py
ERROR tmp_rtrip/test/test_mailbox.py
ERROR tmp_rtrip/test/test_math.py
ERROR tmp_rtrip/test/test_minidom.py
ERROR tmp_rtrip/test/test_multiprocessing_forkserver.py
ERROR tmp_rtrip/test/test_netrc.py
ERROR tmp_rtrip/test/test_plistlib.py
ERROR tmp_rtrip/test/test_pwd.py
ERROR tmp_rtrip/test/test_queue.py
ERROR tmp_rtrip/test/test_range.py
ERROR tmp_rtrip/test/test_repl.py
ERROR tmp_rtrip/test/test_reprlib.py
ERROR tmp_rtrip/test/test_robotparser.py
ERROR tmp_rtrip/test/test_selectors.py
ERROR tmp_rtrip/test/test_shlex.py - AttributeError: module '_asyncio' has no...
ERROR tmp_rtrip/test/test_source_encoding.py
ERROR tmp_rtrip/test/test_spwd.py
ERROR tmp_rtrip/test/test_stat.py
ERROR tmp_rtrip/test/test_strftime.py
ERROR tmp_rtrip/test/test_sundry.py
ERROR tmp_rtrip/test/test_syntax.py
ERROR tmp_rtrip/test/test_sys_settrace.py
ERROR tmp_rtrip/test/test_tarfile.py - AttributeError: module '_asyncio' has ...
ERROR tmp_rtrip/test/test_ttk_textonly.py
ERROR tmp_rtrip/test/test_types.py
ERROR tmp_rtrip/test/test_unicode.py
ERROR tmp_rtrip/test/test_univnewlines.py
ERROR tmp_rtrip/test/test_unparse.py
ERROR tmp_rtrip/test/test_urllib2.py
ERROR tmp_rtrip/test/test_winconsoleio.py
ERROR tmp_rtrip/test/test_winreg.py
ERROR tmp_rtrip/test/test_wsgiref.py - AttributeError: module '_asyncio' has ...
ERROR tmp_rtrip/test/test_xml_etree_c.py
ERROR tmp_rtrip/test/test_yield_from.py
ERROR tmp_rtrip/test/test_zipfile.py - AttributeError: module '_asyncio' has ...
ERROR tmp_rtrip/test/test_zipfile64.py
ERROR tmp_rtrip/test/test_zipimport.py - AttributeError: module '_asyncio' ha...
ERROR tmp_rtrip/tkinter/test/test_tkinter/test_colorchooser.py
ERROR tmp_rtrip/tkinter/test/test_tkinter/test_font.py
ERROR tmp_rtrip/tkinter/test/test_tkinter/test_geometry_managers.py
ERROR tmp_rtrip/tkinter/test/test_tkinter/test_images.py
ERROR tmp_rtrip/tkinter/test/test_tkinter/test_loadtk.py
ERROR tmp_rtrip/tkinter/test/test_tkinter/test_messagebox.py
ERROR tmp_rtrip/tkinter/test/test_tkinter/test_misc.py
ERROR tmp_rtrip/tkinter/test/test_tkinter/test_simpledialog.py
ERROR tmp_rtrip/tkinter/test/test_tkinter/test_text.py
ERROR tmp_rtrip/tkinter/test/test_tkinter/test_variables.py
ERROR tmp_rtrip/tkinter/test/test_tkinter/test_widgets.py
ERROR tmp_rtrip/tkinter/test/test_ttk/test_extensions.py
ERROR tmp_rtrip/tkinter/test/test_ttk/test_style.py
ERROR tmp_rtrip/tkinter/test/test_ttk/test_widgets.py
!!!!!!!!!!!!!!!!!! Interrupted: 183 errors during collection !!!!!!!!!!!!!!!!!!!
======================= 2 warnings, 183 errors in 19.02s =======================
ERROR: InvocationError for command /workdir/astor-0.8.1/.tox/graalpylibtest-unit-test-tests/bin/pytest -v --tb=native --junitxml /workdir/results/astor/0.8.1/1/graalpy-test-results.xml (exited with code 2)
___________________________________ summary ____________________________________
ERROR:   graalpylibtest-unit-test-tests: commands failed
