GLOB sdist-make: /workdir/pytesseract-0.3.10/setup.py
graalpylibtest-unit-test-tests create: /workdir/pytesseract-0.3.10/.tox/graalpylibtest-unit-test-tests
graalpylibtest-unit-test-tests installdeps: mock, pytest, -rrequirements-dev.txt
graalpylibtest-unit-test-tests inst: /workdir/pytesseract-0.3.10/.tox/.tmp/package/1/pytesseract-0.3.10.zip
graalpylibtest-unit-test-tests installed: cfgv==3.4.0,distlib==0.3.7,exceptiongroup==1.2.0,filelock==3.13.1,graalpy-virtualenv==0.0.1,hpy==0.9.0rc2,identify==2.5.32,iniconfig==2.0.0,mock==5.1.0,nodeenv==1.8.0,packaging==23.2,Pillow==10.1.0,platformdirs==4.0.0,pluggy==1.3.0,pre-commit==3.5.0,pytesseract @ file:///workdir/pytesseract-0.3.10/.tox/.tmp/package/1/pytesseract-0.3.10.zip,pytest==7.4.3,PyYAML==6.0.1,tomli==2.0.1,virtualenv==20.24.7
graalpylibtest-unit-test-tests run-test-pre: PYTHONHASHSEED='2589027801'
graalpylibtest-unit-test-tests run-test: commands[0] | pytest -v --tb=native --junitxml /workdir/results/pytesseract/0.3.10/1/graalpy-test-results.xml
[1m============================= test session starts ==============================[0m
platform linux -- Python 3.10.8, pytest-7.4.3, pluggy-1.3.0 -- /workdir/pytesseract-0.3.10/.tox/graalpylibtest-unit-test-tests/bin/python
cachedir: .tox/graalpylibtest-unit-test-tests/.pytest_cache
rootdir: /workdir/pytesseract-0.3.10
configfile: tox.ini
[1mcollecting ... [0mcollected 48 items

tests/pytesseract_test.py::test_image_to_string_with_image_type[jpg] [32mPASSED[0m[32m [  2%][0m
tests/pytesseract_test.py::test_image_to_string_with_image_type[jpeg2000] [31mFAILED[0m[31m [  4%][0m
tests/pytesseract_test.py::test_image_to_string_with_image_type[pgm] [32mPASSED[0m[31m [  6%][0m
tests/pytesseract_test.py::test_image_to_string_with_image_type[png] [32mPASSED[0m[31m [  8%][0m
tests/pytesseract_test.py::test_image_to_string_with_image_type[ppm] [32mPASSED[0m[31m [ 10%][0m
tests/pytesseract_test.py::test_image_to_string_with_image_type[tiff] [32mPASSED[0m[31m [ 12%][0m
tests/pytesseract_test.py::test_image_to_string_with_image_type[gif] [32mPASSED[0m[31m [ 14%][0m
tests/pytesseract_test.py::test_image_to_string_with_image_type[webp] [32mPASSED[0m[31m [ 16%][0m
tests/pytesseract_test.py::test_image_to_string_with_args_type[path_str] [32mPASSED[0m[31m [ 18%][0m
tests/pytesseract_test.py::test_image_to_string_with_args_type[image_object] [32mPASSED[0m[31m [ 20%][0m
tests/pytesseract_test.py::test_image_to_string_with_numpy_array [33mSKIPPED[0m[31m [ 22%][0m
tests/pytesseract_test.py::test_image_to_string_european [31mFAILED[0m[31m          [ 25%][0m
tests/pytesseract_test.py::test_image_to_string_batch [32mPASSED[0m[31m             [ 27%][0m
tests/pytesseract_test.py::test_image_to_string_multiprocessing 
********************************************************************************
Timeout exceeded, sending SIGINT to process
********************************************************************************
*** Timed out after 3:00:00
