<?xml version="1.0" encoding="utf-8"?><testsuites><testsuite name="pytest" errors="2" failures="0" skipped="0" tests="2" time="0.425" timestamp="2023-11-22T01:49:15.383112" hostname="80ac3eb7f7f2"><testcase classname="" name="gitdb.test.test_pack" time="0.000"><error message="collection failure">ImportError while importing test module '/workdir/gitdb2-4.0.2/gitdb/test/test_pack.py'.
Hint: make sure your test modules/packages have valid Python names.
Traceback:
/usr/local/lib/python3.10/importlib/__init__.py:126: in import_module
    return _bootstrap._gcd_import(name[level:], package, level)
gitdb/test/test_pack.py:29: in &lt;module&gt;
    from nose import SkipTest
E   ModuleNotFoundError: No module named 'nose'</error></testcase><testcase classname="" name="gitdb.test.db.test_pack" time="0.000"><error message="collection failure">ImportError while importing test module '/workdir/gitdb2-4.0.2/gitdb/test/db/test_pack.py'.
Hint: make sure your test modules/packages have valid Python names.
Traceback:
/usr/local/lib/python3.10/importlib/__init__.py:126: in import_module
    return _bootstrap._gcd_import(name[level:], package, level)
gitdb/test/db/test_pack.py:19: in &lt;module&gt;
    from nose.plugins.skip import SkipTest
E   ModuleNotFoundError: No module named 'nose'</error></testcase></testsuite></testsuites>