.package create: /workdir/coverage-6.5.0/.tox/.package
.package installdeps: setuptools, wheel
no previously-included directories found matching 'doc/_build'
no previously-included directories found matching 'doc/_spell'
no previously-included directories found matching 'tests/eggsrc/build'
no previously-included directories found matching 'doc/_build'
no previously-included directories found matching 'doc/_spell'
no previously-included directories found matching 'tests/eggsrc/build'
cpythonlibtest-unit-test-tests create: /workdir/coverage-6.5.0/.tox/cpythonlibtest-unit-test-tests
cpythonlibtest-unit-test-tests installdeps: mock, pytest
cpythonlibtest-unit-test-tests inst: /workdir/coverage-6.5.0/.tox/.tmp/package/1/coverage-6.5.0.tar.gz
cpythonlibtest-unit-test-tests installed: coverage @ file:///workdir/coverage-6.5.0/.tox/.tmp/package/1/coverage-6.5.0.tar.gz#sha256=075e66dbb0bcea3df63240230514e4943081eea5f743112324306fab13275c76,exceptiongroup==1.1.3,iniconfig==2.0.0,mock==5.1.0,packaging==23.2,pluggy==1.3.0,pytest==7.4.3,tomli==2.0.1
cpythonlibtest-unit-test-tests run-test-pre: PYTHONHASHSEED='3965586499'
cpythonlibtest-unit-test-tests run-test: commands[0] | pytest -v --tb=native --junitxml /workdir/results/coverage/6.5.0/1/cpython-test-results.xml
Traceback (most recent call last):
  File "/workdir/coverage-6.5.0/.tox/cpythonlibtest-unit-test-tests/lib/python3.10/site-packages/_pytest/config/__init__.py", line 781, in import_plugin
    __import__(importspec)
  File "/workdir/coverage-6.5.0/.tox/cpythonlibtest-unit-test-tests/lib/python3.10/site-packages/_pytest/assertion/rewrite.py", line 186, in exec_module
    exec(co, module.__dict__)
  File "/workdir/coverage-6.5.0/tests/balance_xdist_plugin.py", line 35, in <module>
    import xdist.scheduler
ModuleNotFoundError: No module named 'xdist'

The above exception was the direct cause of the following exception:

Traceback (most recent call last):
  File "/workdir/coverage-6.5.0/.tox/cpythonlibtest-unit-test-tests/bin/pytest", line 8, in <module>
    sys.exit(console_main())
  File "/workdir/coverage-6.5.0/.tox/cpythonlibtest-unit-test-tests/lib/python3.10/site-packages/_pytest/config/__init__.py", line 192, in console_main
    code = main()
  File "/workdir/coverage-6.5.0/.tox/cpythonlibtest-unit-test-tests/lib/python3.10/site-packages/_pytest/config/__init__.py", line 150, in main
    config = _prepareconfig(args, plugins)
  File "/workdir/coverage-6.5.0/.tox/cpythonlibtest-unit-test-tests/lib/python3.10/site-packages/_pytest/config/__init__.py", line 331, in _prepareconfig
    config = pluginmanager.hook.pytest_cmdline_parse(
  File "/workdir/coverage-6.5.0/.tox/cpythonlibtest-unit-test-tests/lib/python3.10/site-packages/pluggy/_hooks.py", line 493, in __call__
    return self._hookexec(self.name, self._hookimpls, kwargs, firstresult)
  File "/workdir/coverage-6.5.0/.tox/cpythonlibtest-unit-test-tests/lib/python3.10/site-packages/pluggy/_manager.py", line 115, in _hookexec
    return self._inner_hookexec(hook_name, methods, kwargs, firstresult)
  File "/workdir/coverage-6.5.0/.tox/cpythonlibtest-unit-test-tests/lib/python3.10/site-packages/pluggy/_callers.py", line 130, in _multicall
    teardown[0].send(outcome)
  File "/workdir/coverage-6.5.0/.tox/cpythonlibtest-unit-test-tests/lib/python3.10/site-packages/_pytest/helpconfig.py", line 104, in pytest_cmdline_parse
    config: Config = outcome.get_result()
  File "/workdir/coverage-6.5.0/.tox/cpythonlibtest-unit-test-tests/lib/python3.10/site-packages/pluggy/_result.py", line 114, in get_result
    raise exc.with_traceback(exc.__traceback__)
  File "/workdir/coverage-6.5.0/.tox/cpythonlibtest-unit-test-tests/lib/python3.10/site-packages/pluggy/_callers.py", line 77, in _multicall
    res = hook_impl.function(*args)
  File "/workdir/coverage-6.5.0/.tox/cpythonlibtest-unit-test-tests/lib/python3.10/site-packages/_pytest/config/__init__.py", line 1075, in pytest_cmdline_parse
    self.parse(args)
  File "/workdir/coverage-6.5.0/.tox/cpythonlibtest-unit-test-tests/lib/python3.10/site-packages/_pytest/config/__init__.py", line 1425, in parse
    self._preparse(args, addopts=addopts)
  File "/workdir/coverage-6.5.0/.tox/cpythonlibtest-unit-test-tests/lib/python3.10/site-packages/_pytest/config/__init__.py", line 1327, in _preparse
    self.hook.pytest_load_initial_conftests(
  File "/workdir/coverage-6.5.0/.tox/cpythonlibtest-unit-test-tests/lib/python3.10/site-packages/pluggy/_hooks.py", line 493, in __call__
    return self._hookexec(self.name, self._hookimpls, kwargs, firstresult)
  File "/workdir/coverage-6.5.0/.tox/cpythonlibtest-unit-test-tests/lib/python3.10/site-packages/pluggy/_manager.py", line 115, in _hookexec
    return self._inner_hookexec(hook_name, methods, kwargs, firstresult)
  File "/workdir/coverage-6.5.0/.tox/cpythonlibtest-unit-test-tests/lib/python3.10/site-packages/pluggy/_callers.py", line 152, in _multicall
    return outcome.get_result()
  File "/workdir/coverage-6.5.0/.tox/cpythonlibtest-unit-test-tests/lib/python3.10/site-packages/pluggy/_result.py", line 114, in get_result
    raise exc.with_traceback(exc.__traceback__)
  File "/workdir/coverage-6.5.0/.tox/cpythonlibtest-unit-test-tests/lib/python3.10/site-packages/pluggy/_callers.py", line 77, in _multicall
    res = hook_impl.function(*args)
  File "/workdir/coverage-6.5.0/.tox/cpythonlibtest-unit-test-tests/lib/python3.10/site-packages/_pytest/config/__init__.py", line 1153, in pytest_load_initial_conftests
    self.pluginmanager._set_initial_conftests(
  File "/workdir/coverage-6.5.0/.tox/cpythonlibtest-unit-test-tests/lib/python3.10/site-packages/_pytest/config/__init__.py", line 566, in _set_initial_conftests
    self._try_load_conftest(current, importmode, rootpath)
  File "/workdir/coverage-6.5.0/.tox/cpythonlibtest-unit-test-tests/lib/python3.10/site-packages/_pytest/config/__init__.py", line 585, in _try_load_conftest
    self._getconftestmodules(x, importmode, rootpath)
  File "/workdir/coverage-6.5.0/.tox/cpythonlibtest-unit-test-tests/lib/python3.10/site-packages/_pytest/config/__init__.py", line 609, in _getconftestmodules
    mod = self._importconftest(conftestpath, importmode, rootpath)
  File "/workdir/coverage-6.5.0/.tox/cpythonlibtest-unit-test-tests/lib/python3.10/site-packages/_pytest/config/__init__.py", line 657, in _importconftest
    self.consider_conftest(mod)
  File "/workdir/coverage-6.5.0/.tox/cpythonlibtest-unit-test-tests/lib/python3.10/site-packages/_pytest/config/__init__.py", line 739, in consider_conftest
    self.register(conftestmodule, name=conftestmodule.__file__)
  File "/workdir/coverage-6.5.0/.tox/cpythonlibtest-unit-test-tests/lib/python3.10/site-packages/_pytest/config/__init__.py", line 498, in register
    self.consider_module(plugin)
  File "/workdir/coverage-6.5.0/.tox/cpythonlibtest-unit-test-tests/lib/python3.10/site-packages/_pytest/config/__init__.py", line 747, in consider_module
    self._import_plugin_specs(getattr(mod, "pytest_plugins", []))
  File "/workdir/coverage-6.5.0/.tox/cpythonlibtest-unit-test-tests/lib/python3.10/site-packages/_pytest/config/__init__.py", line 754, in _import_plugin_specs
    self.import_plugin(import_spec)
  File "/workdir/coverage-6.5.0/.tox/cpythonlibtest-unit-test-tests/lib/python3.10/site-packages/_pytest/config/__init__.py", line 783, in import_plugin
    raise ImportError(
  File "/workdir/coverage-6.5.0/.tox/cpythonlibtest-unit-test-tests/lib/python3.10/site-packages/_pytest/config/__init__.py", line 781, in import_plugin
    __import__(importspec)
  File "/workdir/coverage-6.5.0/.tox/cpythonlibtest-unit-test-tests/lib/python3.10/site-packages/_pytest/assertion/rewrite.py", line 186, in exec_module
    exec(co, module.__dict__)
  File "/workdir/coverage-6.5.0/tests/balance_xdist_plugin.py", line 35, in <module>
    import xdist.scheduler
ImportError: Error importing plugin "tests.balance_xdist_plugin": No module named 'xdist'
ERROR: InvocationError for command /workdir/coverage-6.5.0/.tox/cpythonlibtest-unit-test-tests/bin/pytest -v --tb=native --junitxml /workdir/results/coverage/6.5.0/1/cpython-test-results.xml (exited with code 1)
___________________________________ summary ____________________________________
ERROR:   cpythonlibtest-unit-test-tests: commands failed
