<?xml version="1.0" encoding="utf-8"?><testsuites><testsuite name="pytest" errors="10" failures="6" skipped="2" tests="195" time="35.150" timestamp="2023-11-29T04:22:42.724000" hostname="a1f8948d47fc"><testcase classname="responses.tests.test_matchers" name="test_query_string_matcher" time="0.101" /><testcase classname="responses.tests.test_matchers" name="test_request_matches_post_params" time="0.060" /><testcase classname="responses.tests.test_matchers" name="test_json_params_matcher_not_strict" time="0.016" /><testcase classname="responses.tests.test_matchers" name="test_json_params_matcher_not_strict_diff_values" time="0.015" /><testcase classname="responses.tests.test_matchers" name="test_json_params_matcher_json_list" time="0.009" /><testcase classname="responses.tests.test_matchers" name="test_json_params_matcher_json_list_empty" time="0.007" /><testcase classname="responses.tests.test_matchers" name="test_urlencoded_params_matcher_blank" time="0.016" /><testcase classname="responses.tests.test_matchers" name="test_query_params_numbers" time="0.018" /><testcase classname="responses.tests.test_matchers" name="test_query_param_matcher_loose" time="0.019" /><testcase classname="responses.tests.test_matchers" name="test_query_param_matcher_loose_fail" time="0.017" /><testcase classname="responses.tests.test_matchers" name="test_request_matches_empty_body" time="0.049" /><testcase classname="responses.tests.test_matchers" name="test_request_matches_params" time="0.018" /><testcase classname="responses.tests.test_matchers" name="test_fail_matchers_error" time="0.040" /><testcase classname="responses.tests.test_matchers" name="test_multipart_matcher[Old World!-Old World!0]" time="0.027" /><testcase classname="responses.tests.test_matchers" name="test_multipart_matcher[Old World!-Old World!1]" time="0.023" /><testcase classname="responses.tests.test_matchers" name="test_multipart_matcher[Old World!-Old World!2]" time="0.020" /><testcase classname="responses.tests.test_matchers" name="test_multipart_matcher[Old World!-Old World!3]" time="0.038" /><testcase classname="responses.tests.test_matchers" name="test_multipart_matcher[\xacHello World!-\xacHello World!]" time="0.021" /><testcase classname="responses.tests.test_matchers" name="test_multipart_matcher_fail" time="0.044" /><testcase classname="responses.tests.test_matchers" name="test_query_string_matcher_raises" time="0.017" /><testcase classname="responses.tests.test_matchers" name="test_request_matches_headers" time="0.028" /><testcase classname="responses.tests.test_matchers" name="test_request_matches_headers_no_match" time="0.014" /><testcase classname="responses.tests.test_matchers" name="test_request_matches_headers_strict_match" time="0.022" /><testcase classname="responses.tests.test_matchers" name="test_fragment_identifier_matcher" time="0.017" /><testcase classname="responses.tests.test_matchers" name="test_fragment_identifier_matcher_error" time="0.017" /><testcase classname="responses.tests.test_matchers" name="test_fragment_identifier_matcher_and_match_querystring" time="0.028" /><testcase classname="responses.tests.test_matchers" name="test_matchers_create_key_val_str" time="0.007" /><testcase classname="responses.tests.test_multithreading" name="test_multithreading_lock[0]" time="6.166" /><testcase classname="responses.tests.test_multithreading" name="test_multithreading_lock[1]" time="3.614" /><testcase classname="responses.tests.test_multithreading" name="test_multithreading_lock[2]" time="2.874" /><testcase classname="responses.tests.test_multithreading" name="test_multithreading_lock[3]" time="2.944" /><testcase classname="responses.tests.test_multithreading" name="test_multithreading_lock[4]" time="2.491" /><testcase classname="responses.tests.test_multithreading" name="test_multithreading_lock[5]" time="2.499" /><testcase classname="responses.tests.test_multithreading" name="test_multithreading_lock[6]" time="2.058" /><testcase classname="responses.tests.test_multithreading" name="test_multithreading_lock[7]" time="2.046" /><testcase classname="responses.tests.test_multithreading" name="test_multithreading_lock[8]" time="2.171" /><testcase classname="responses.tests.test_multithreading" name="test_multithreading_lock[9]" time="1.707" /><testcase classname="responses.tests.test_recorder.TestRecord" name="test_recorder" time="0.010"><error message="failed on setup with &quot;file /workdir/responses-0.22.0/responses/tests/test_recorder.py, line 66&#10;      def test_recorder(self, httpserver):&#10;E       fixture 'httpserver' not found&#10;&gt;       available fixtures: _xunit_setup_method_fixture_TestRecord, cache, capfd, capfdbinary, caplog, capsys, capsysbinary, doctest_namespace, monkeypatch, pytestconfig, record_property, record_testsuite_property, record_xml_attribute, recwarn, tmp_path, tmp_path_factory, tmpdir, tmpdir_factory&#10;&gt;       use 'pytest --fixtures [testpath]' for help on them.&#10;&#10;/workdir/responses-0.22.0/responses/tests/test_recorder.py:66&quot;">file /workdir/responses-0.22.0/responses/tests/test_recorder.py, line 66
      def test_recorder(self, httpserver):
E       fixture 'httpserver' not found
&gt;       available fixtures: _xunit_setup_method_fixture_TestRecord, cache, capfd, capfdbinary, caplog, capsys, capsysbinary, doctest_namespace, monkeypatch, pytestconfig, record_property, record_testsuite_property, record_xml_attribute, recwarn, tmp_path, tmp_path_factory, tmpdir, tmpdir_factory
&gt;       use 'pytest --fixtures [testpath]' for help on them.

/workdir/responses-0.22.0/responses/tests/test_recorder.py:66</error></testcase><testcase classname="responses.tests.test_recorder.TestReplay" name="test_add_from_file" time="0.020" /><testcase classname="responses.tests.test_registries" name="test_set_registry_not_empty" time="0.006" /><testcase classname="responses.tests.test_registries" name="test_set_registry" time="0.007" /><testcase classname="responses.tests.test_registries" name="test_set_registry_reversed" time="0.005" /><testcase classname="responses.tests.test_registries" name="test_registry_async" time="0.005"><skipped type="pytest.skip" message="async def function and no async plugin installed (see warnings)">/workdir/responses-0.22.0/.tox/graalpylibtest-unit-test-tests/lib/python3.10/site-packages/_pytest/python.py:184: async def function and no async plugin installed (see warnings)</skipped></testcase><testcase classname="responses.tests.test_registries" name="test_set_registry_context_manager" time="0.005" /><testcase classname="responses.tests.test_registries" name="test_registry_reset" time="0.005" /><testcase classname="responses.tests.test_registries.TestOrderedRegistry" name="test_invocation_index" time="0.018" /><testcase classname="responses.tests.test_registries.TestOrderedRegistry" name="test_not_match" time="0.013" /><testcase classname="responses.tests.test_registries.TestOrderedRegistry" name="test_empty_registry" time="0.008" /><testcase classname="responses.tests.test_responses" name="test_response" time="0.012" /><testcase classname="responses.tests.test_responses" name="test_response_encoded" time="0.012" /><testcase classname="responses.tests.test_responses" name="test_response_with_instance" time="0.012" /><testcase classname="responses.tests.test_responses" name="test_replace[http://example.com/two-http://example.com/two]" time="0.014" /><testcase classname="responses.tests.test_responses" name="test_replace[original1-replacement1]" time="0.016" /><testcase classname="responses.tests.test_responses" name="test_replace[http://example\\.com/two-http://example\\.com/two]" time="0.012" /><testcase classname="responses.tests.test_responses" name="test_replace_error[http://example.com/one-http://example\\.com/one]" time="0.009" /><testcase classname="responses.tests.test_responses" name="test_replace_error[http://example\\.com/one-http://example.com/one]" time="0.010" /><testcase classname="responses.tests.test_responses" name="test_replace_response_object_error" time="0.007" /><testcase classname="responses.tests.test_responses" name="test_upsert_replace[http://example.com/two-http://example.com/two]" time="0.019" /><testcase classname="responses.tests.test_responses" name="test_upsert_replace[original1-replacement1]" time="0.015" /><testcase classname="responses.tests.test_responses" name="test_upsert_replace[http://example\\.com/two-http://example\\.com/two]" time="0.011" /><testcase classname="responses.tests.test_responses" name="test_upsert_add[http://example.com/two-http://example.com/two]" time="0.013" /><testcase classname="responses.tests.test_responses" name="test_upsert_add[original1-replacement1]" time="0.012" /><testcase classname="responses.tests.test_responses" name="test_upsert_add[http://example\\.com/two-http://example\\.com/two]" time="0.012" /><testcase classname="responses.tests.test_responses" name="test_remove" time="0.045" /><testcase classname="responses.tests.test_responses" name="test_response_equality[args10-kwargs10-args20-kwargs20-True]" time="0.007" /><testcase classname="responses.tests.test_responses" name="test_response_equality[args11-kwargs11-args21-kwargs21-False]" time="0.007" /><testcase classname="responses.tests.test_responses" name="test_response_equality[args12-kwargs12-args22-kwargs22-False]" time="0.007" /><testcase classname="responses.tests.test_responses" name="test_response_equality[args13-kwargs13-args23-kwargs23-True]" time="0.008" /><testcase classname="responses.tests.test_responses" name="test_response_equality_different_objects" time="0.005" /><testcase classname="responses.tests.test_responses" name="test_connection_error" time="0.010" /><testcase classname="responses.tests.test_responses" name="test_match_querystring" time="0.019" /><testcase classname="responses.tests.test_responses" name="test_match_querystring_empty" time="0.017" /><testcase classname="responses.tests.test_responses" name="test_match_querystring_error" time="0.010" /><testcase classname="responses.tests.test_responses" name="test_match_querystring_regex" time="0.015" /><testcase classname="responses.tests.test_responses" name="test_match_querystring_error_regex" time="0.011" /><testcase classname="responses.tests.test_responses" name="test_match_querystring_auto_activates" time="0.013" /><testcase classname="responses.tests.test_responses" name="test_match_querystring_missing_key" time="0.012" /><testcase classname="responses.tests.test_responses" name="test_accept_string_body" time="0.009" /><testcase classname="responses.tests.test_responses" name="test_accept_json_body" time="0.012" /><testcase classname="responses.tests.test_responses" name="test_no_content_type" time="0.026" /><testcase classname="responses.tests.test_responses" name="test_arbitrary_status_code" time="0.010" /><testcase classname="responses.tests.test_responses" name="test_throw_connection_error_explicit" time="0.010" /><testcase classname="responses.tests.test_responses" name="test_callback" time="0.014" /><testcase classname="responses.tests.test_responses" name="test_deprecated_package_attributes" time="0.007" /><testcase classname="responses.tests.test_responses" name="test_callback_deprecated_stream_argument" time="0.006" /><testcase classname="responses.tests.test_responses" name="test_callback_deprecated_match_querystring_argument" time="0.005" /><testcase classname="responses.tests.test_responses" name="test_callback_match_querystring_default_false" time="0.016" /><testcase classname="responses.tests.test_responses" name="test_callback_exception_result" time="0.009" /><testcase classname="responses.tests.test_responses" name="test_callback_exception_body" time="0.010" /><testcase classname="responses.tests.test_responses" name="test_callback_no_content_type" time="0.012" /><testcase classname="responses.tests.test_responses" name="test_callback_content_type_dict" time="0.010" /><testcase classname="responses.tests.test_responses" name="test_callback_matchers" time="0.011" /><testcase classname="responses.tests.test_responses" name="test_callback_matchers_fail" time="0.012" /><testcase classname="responses.tests.test_responses" name="test_callback_content_type_tuple" time="0.011" /><testcase classname="responses.tests.test_responses" name="test_regular_expression_url" time="0.020" /><testcase classname="responses.tests.test_responses" name="test_base_response_get_response" time="0.010" /><testcase classname="responses.tests.test_responses" name="test_custom_adapter" time="0.017" /><testcase classname="responses.tests.test_responses" name="test_responses_as_context_manager" time="0.020" /><testcase classname="responses.tests.test_responses" name="test_activate_doesnt_change_signature" time="0.013" /><testcase classname="responses.tests.test_responses.TestFixtures" name="test_function" time="0.009" /><testcase classname="responses.tests.test_responses.TestFixtures" name="test_function_decorated" time="0.008" /><testcase classname="responses.tests.test_responses" name="test_activate_mock_interaction" time="0.018" /><testcase classname="responses.tests.test_responses" name="test_activate_doesnt_change_signature_with_return_type" time="0.009" /><testcase classname="responses.tests.test_responses" name="test_activate_doesnt_change_signature_for_method" time="0.007" /><testcase classname="responses.tests.test_responses" name="test_response_cookies" time="0.021" /><testcase classname="responses.tests.test_responses" name="test_response_cookies_secure" time="0.015" /><testcase classname="responses.tests.test_responses" name="test_response_cookies_multiple" time="0.016" /><testcase classname="responses.tests.test_responses" name="test_response_cookies_session[True-True]" time="0.017" /><testcase classname="responses.tests.test_responses" name="test_response_cookies_session[True-False]" time="0.017" /><testcase classname="responses.tests.test_responses" name="test_response_cookies_session[True-None]" time="0.016" /><testcase classname="responses.tests.test_responses" name="test_response_cookies_session[False-True]" time="0.049" /><testcase classname="responses.tests.test_responses" name="test_response_cookies_session[False-False]" time="0.015" /><testcase classname="responses.tests.test_responses" name="test_response_cookies_session[False-None]" time="0.014" /><testcase classname="responses.tests.test_responses" name="test_response_cookies_session[None-True]" time="0.013" /><testcase classname="responses.tests.test_responses" name="test_response_cookies_session[None-False]" time="0.013" /><testcase classname="responses.tests.test_responses" name="test_response_cookies_session[None-None]" time="0.015" /><testcase classname="responses.tests.test_responses" name="test_response_callback" time="0.010" /><testcase classname="responses.tests.test_responses" name="test_response_filebody" time="0.058" /><testcase classname="responses.tests.test_responses" name="test_use_stream_twice_to_double_raw_io" time="0.011" /><testcase classname="responses.tests.test_responses" name="test_assert_all_requests_are_fired" time="0.019" /><testcase classname="responses.tests.test_responses" name="test_allow_redirects_samehost" time="0.041" /><testcase classname="responses.tests.test_responses" name="test_path_segments" time="0.014" /><testcase classname="responses.tests.test_responses" name="test_handles_unicode_querystring" time="0.023" /><testcase classname="responses.tests.test_responses" name="test_handles_unicode_url" time="0.030" /><testcase classname="responses.tests.test_responses" name="test_handles_unicode_body" time="0.013" /><testcase classname="responses.tests.test_responses" name="test_handles_buffered_reader_body" time="0.013" /><testcase classname="responses.tests.test_responses" name="test_headers" time="0.011" /><testcase classname="responses.tests.test_responses" name="test_content_length_error" time="0.017" /><testcase classname="responses.tests.test_responses" name="test_stream_with_none_chunk_size" time="0.014" /><testcase classname="responses.tests.test_responses" name="test_legacy_adding_headers" time="0.012" /><testcase classname="responses.tests.test_responses" name="test_legacy_adding_headers_with_content_type" time="0.006" /><testcase classname="responses.tests.test_responses" name="test_auto_calculate_content_length_string_body" time="0.012" /><testcase classname="responses.tests.test_responses" name="test_auto_calculate_content_length_bytes_body" time="0.012" /><testcase classname="responses.tests.test_responses" name="test_auto_calculate_content_length_json_body" time="0.018" /><testcase classname="responses.tests.test_responses" name="test_auto_calculate_content_length_unicode_body" time="0.011" /><testcase classname="responses.tests.test_responses" name="test_auto_calculate_content_length_doesnt_work_for_buffered_reader_body" time="0.011" /><testcase classname="responses.tests.test_responses" name="test_auto_calculate_content_length_doesnt_override_existing_value" time="0.012"><failure message="requests.exceptions.ChunkedEncodingError: ('Connection broken: IncompleteRead(4 bytes read, -2 more expected)', IncompleteRead(4 bytes read, -2 more expected))">Traceback (most recent call last):
  File "/workdir/responses-0.22.0/.tox/graalpylibtest-unit-test-tests/lib/python3.10/site-packages/urllib3/response.py", line 712, in _error_catcher
    yield
  File "/workdir/responses-0.22.0/.tox/graalpylibtest-unit-test-tests/lib/python3.10/site-packages/urllib3/response.py", line 833, in _raw_read
    raise IncompleteRead(self._fp_bytes_read, self.length_remaining)
urllib3.exceptions.IncompleteRead: IncompleteRead(4 bytes read, -2 more expected)

The above exception was the direct cause of the following exception:

Traceback (most recent call last):
  File "/workdir/responses-0.22.0/.tox/graalpylibtest-unit-test-tests/lib/python3.10/site-packages/requests/models.py", line 816, in generate
    yield from self.raw.stream(chunk_size, decode_content=True)
  File "/workdir/responses-0.22.0/.tox/graalpylibtest-unit-test-tests/lib/python3.10/site-packages/urllib3/response.py", line 934, in stream
    data = self.read(amt=amt, decode_content=decode_content)
  File "/workdir/responses-0.22.0/.tox/graalpylibtest-unit-test-tests/lib/python3.10/site-packages/urllib3/response.py", line 905, in read
    data = self._raw_read(amt)
  File "/workdir/responses-0.22.0/.tox/graalpylibtest-unit-test-tests/lib/python3.10/site-packages/urllib3/response.py", line 811, in _raw_read
    with self._error_catcher():
  File "/opt/graalpy/lib/python3.10/contextlib.py", line 153, in __exit__
    self.gen.throw(typ, value, traceback)
  File "/workdir/responses-0.22.0/.tox/graalpylibtest-unit-test-tests/lib/python3.10/site-packages/urllib3/response.py", line 729, in _error_catcher
    raise ProtocolError(f"Connection broken: {e!r}", e) from e
urllib3.exceptions.ProtocolError: ('Connection broken: IncompleteRead(4 bytes read, -2 more expected)', IncompleteRead(4 bytes read, -2 more expected))

During handling of the above exception, another exception occurred:

Traceback (most recent call last):
  File "/workdir/responses-0.22.0/.tox/graalpylibtest-unit-test-tests/lib/python3.10/site-packages/_pytest/runner.py", line 341, in from_call
    result: Optional[TResult] = func()
  File "/workdir/responses-0.22.0/.tox/graalpylibtest-unit-test-tests/lib/python3.10/site-packages/_pytest/runner.py", line 262, in &lt;lambda&gt;
    lambda: ihook(item=item, **kwds), when=when, reraise=reraise
  File "/workdir/responses-0.22.0/.tox/graalpylibtest-unit-test-tests/lib/python3.10/site-packages/pluggy/_hooks.py", line 493, in __call__
    return self._hookexec(self.name, self._hookimpls, kwargs, firstresult)
  File "/workdir/responses-0.22.0/.tox/graalpylibtest-unit-test-tests/lib/python3.10/site-packages/pluggy/_manager.py", line 115, in _hookexec
    return self._inner_hookexec(hook_name, methods, kwargs, firstresult)
  File "/workdir/responses-0.22.0/.tox/graalpylibtest-unit-test-tests/lib/python3.10/site-packages/pluggy/_callers.py", line 152, in _multicall
    return outcome.get_result()
  File "/workdir/responses-0.22.0/.tox/graalpylibtest-unit-test-tests/lib/python3.10/site-packages/pluggy/_result.py", line 114, in get_result
    raise exc.with_traceback(exc.__traceback__)
  File "/workdir/responses-0.22.0/.tox/graalpylibtest-unit-test-tests/lib/python3.10/site-packages/pluggy/_callers.py", line 77, in _multicall
    res = hook_impl.function(*args)
  File "/workdir/responses-0.22.0/.tox/graalpylibtest-unit-test-tests/lib/python3.10/site-packages/_pytest/runner.py", line 177, in pytest_runtest_call
    raise e
  File "/workdir/responses-0.22.0/.tox/graalpylibtest-unit-test-tests/lib/python3.10/site-packages/_pytest/runner.py", line 169, in pytest_runtest_call
    item.runtest()
  File "/workdir/responses-0.22.0/.tox/graalpylibtest-unit-test-tests/lib/python3.10/site-packages/_pytest/python.py", line 1792, in runtest
    self.ihook.pytest_pyfunc_call(pyfuncitem=self)
  File "/workdir/responses-0.22.0/.tox/graalpylibtest-unit-test-tests/lib/python3.10/site-packages/pluggy/_hooks.py", line 493, in __call__
    return self._hookexec(self.name, self._hookimpls, kwargs, firstresult)
  File "/workdir/responses-0.22.0/.tox/graalpylibtest-unit-test-tests/lib/python3.10/site-packages/pluggy/_manager.py", line 115, in _hookexec
    return self._inner_hookexec(hook_name, methods, kwargs, firstresult)
  File "/workdir/responses-0.22.0/.tox/graalpylibtest-unit-test-tests/lib/python3.10/site-packages/pluggy/_callers.py", line 113, in _multicall
    raise exception.with_traceback(exception.__traceback__)
  File "/workdir/responses-0.22.0/.tox/graalpylibtest-unit-test-tests/lib/python3.10/site-packages/pluggy/_callers.py", line 77, in _multicall
    res = hook_impl.function(*args)
  File "/workdir/responses-0.22.0/.tox/graalpylibtest-unit-test-tests/lib/python3.10/site-packages/_pytest/python.py", line 194, in pytest_pyfunc_call
    result = testfunction(**testargs)
  File "/workdir/responses-0.22.0/responses/tests/test_responses.py", line 1483, in test_auto_calculate_content_length_doesnt_override_existing_value
    run()
  File "/workdir/responses-0.22.0/responses/__init__.py", line 218, in wrapper
    return func(*args, **kwargs)
  File "/workdir/responses-0.22.0/responses/tests/test_responses.py", line 1479, in run
    resp = requests.get(url)
  File "/workdir/responses-0.22.0/.tox/graalpylibtest-unit-test-tests/lib/python3.10/site-packages/requests/api.py", line 73, in get
    return request("get", url, params=params, **kwargs)
  File "/workdir/responses-0.22.0/.tox/graalpylibtest-unit-test-tests/lib/python3.10/site-packages/requests/api.py", line 59, in request
    return session.request(method=method, url=url, **kwargs)
  File "/workdir/responses-0.22.0/.tox/graalpylibtest-unit-test-tests/lib/python3.10/site-packages/requests/sessions.py", line 589, in request
    resp = self.send(prep, **send_kwargs)
  File "/workdir/responses-0.22.0/.tox/graalpylibtest-unit-test-tests/lib/python3.10/site-packages/requests/sessions.py", line 747, in send
    r.content
  File "/workdir/responses-0.22.0/.tox/graalpylibtest-unit-test-tests/lib/python3.10/site-packages/requests/models.py", line 899, in content
    self._content = b"".join(self.iter_content(CONTENT_CHUNK_SIZE)) or b""
  File "/workdir/responses-0.22.0/.tox/graalpylibtest-unit-test-tests/lib/python3.10/site-packages/requests/models.py", line 818, in generate
    raise ChunkedEncodingError(e)
requests.exceptions.ChunkedEncodingError: ('Connection broken: IncompleteRead(4 bytes read, -2 more expected)', IncompleteRead(4 bytes read, -2 more expected))</failure></testcase><testcase classname="responses.tests.test_responses" name="test_multiple_responses" time="0.303" /><testcase classname="responses.tests.test_responses" name="test_multiple_responses_intermixed" time="0.061" /><testcase classname="responses.tests.test_responses" name="test_multiple_urls" time="0.026" /><testcase classname="responses.tests.test_responses" name="test_multiple_methods" time="0.018" /><testcase classname="responses.tests.test_responses" name="test_passthrough_flag" time="0.003"><error message="failed on setup with &quot;file /workdir/responses-0.22.0/responses/tests/test_responses.py, line 1568&#10;  def test_passthrough_flag(httpserver):&#10;E       fixture 'httpserver' not found&#10;&gt;       available fixtures: cache, capfd, capfdbinary, caplog, capsys, capsysbinary, doctest_namespace, fruit_basket, monkeypatch, my_fruit, pytestconfig, record_property, record_testsuite_property, record_xml_attribute, recwarn, tmp_path, tmp_path_factory, tmpdir, tmpdir_factory&#10;&gt;       use 'pytest --fixtures [testpath]' for help on them.&#10;&#10;/workdir/responses-0.22.0/responses/tests/test_responses.py:1568&quot;">file /workdir/responses-0.22.0/responses/tests/test_responses.py, line 1568
  def test_passthrough_flag(httpserver):
E       fixture 'httpserver' not found
&gt;       available fixtures: cache, capfd, capfdbinary, caplog, capsys, capsysbinary, doctest_namespace, fruit_basket, monkeypatch, my_fruit, pytestconfig, record_property, record_testsuite_property, record_xml_attribute, recwarn, tmp_path, tmp_path_factory, tmpdir, tmpdir_factory
&gt;       use 'pytest --fixtures [testpath]' for help on them.

/workdir/responses-0.22.0/responses/tests/test_responses.py:1568</error></testcase><testcase classname="responses.tests.test_responses" name="test_passthrough_kwarg" time="0.004"><error message="failed on setup with &quot;file /workdir/responses-0.22.0/responses/tests/test_responses.py, line 1594&#10;  def test_passthrough_kwarg(httpserver):&#10;E       fixture 'httpserver' not found&#10;&gt;       available fixtures: cache, capfd, capfdbinary, caplog, capsys, capsysbinary, doctest_namespace, fruit_basket, monkeypatch, my_fruit, pytestconfig, record_property, record_testsuite_property, record_xml_attribute, recwarn, tmp_path, tmp_path_factory, tmpdir, tmpdir_factory&#10;&gt;       use 'pytest --fixtures [testpath]' for help on them.&#10;&#10;/workdir/responses-0.22.0/responses/tests/test_responses.py:1594&quot;">file /workdir/responses-0.22.0/responses/tests/test_responses.py, line 1594
  def test_passthrough_kwarg(httpserver):
E       fixture 'httpserver' not found
&gt;       available fixtures: cache, capfd, capfdbinary, caplog, capsys, capsysbinary, doctest_namespace, fruit_basket, monkeypatch, my_fruit, pytestconfig, record_property, record_testsuite_property, record_xml_attribute, recwarn, tmp_path, tmp_path_factory, tmpdir, tmpdir_factory
&gt;       use 'pytest --fixtures [testpath]' for help on them.

/workdir/responses-0.22.0/responses/tests/test_responses.py:1594</error></testcase><testcase classname="responses.tests.test_responses" name="test_passthrough_response" time="0.003"><error message="failed on setup with &quot;file /workdir/responses-0.22.0/responses/tests/test_responses.py, line 1620&#10;  def test_passthrough_response(httpserver):&#10;E       fixture 'httpserver' not found&#10;&gt;       available fixtures: cache, capfd, capfdbinary, caplog, capsys, capsysbinary, doctest_namespace, fruit_basket, monkeypatch, my_fruit, pytestconfig, record_property, record_testsuite_property, record_xml_attribute, recwarn, tmp_path, tmp_path_factory, tmpdir, tmpdir_factory&#10;&gt;       use 'pytest --fixtures [testpath]' for help on them.&#10;&#10;/workdir/responses-0.22.0/responses/tests/test_responses.py:1620&quot;">file /workdir/responses-0.22.0/responses/tests/test_responses.py, line 1620
  def test_passthrough_response(httpserver):
E       fixture 'httpserver' not found
&gt;       available fixtures: cache, capfd, capfdbinary, caplog, capsys, capsysbinary, doctest_namespace, fruit_basket, monkeypatch, my_fruit, pytestconfig, record_property, record_testsuite_property, record_xml_attribute, recwarn, tmp_path, tmp_path_factory, tmpdir, tmpdir_factory
&gt;       use 'pytest --fixtures [testpath]' for help on them.

/workdir/responses-0.22.0/responses/tests/test_responses.py:1620</error></testcase><testcase classname="responses.tests.test_responses" name="test_passthrough_response_stream" time="0.003"><error message="failed on setup with &quot;file /workdir/responses-0.22.0/responses/tests/test_responses.py, line 1644&#10;  def test_passthrough_response_stream(httpserver):&#10;E       fixture 'httpserver' not found&#10;&gt;       available fixtures: cache, capfd, capfdbinary, caplog, capsys, capsysbinary, doctest_namespace, fruit_basket, monkeypatch, my_fruit, pytestconfig, record_property, record_testsuite_property, record_xml_attribute, recwarn, tmp_path, tmp_path_factory, tmpdir, tmpdir_factory&#10;&gt;       use 'pytest --fixtures [testpath]' for help on them.&#10;&#10;/workdir/responses-0.22.0/responses/tests/test_responses.py:1644&quot;">file /workdir/responses-0.22.0/responses/tests/test_responses.py, line 1644
  def test_passthrough_response_stream(httpserver):
E       fixture 'httpserver' not found
&gt;       available fixtures: cache, capfd, capfdbinary, caplog, capsys, capsysbinary, doctest_namespace, fruit_basket, monkeypatch, my_fruit, pytestconfig, record_property, record_testsuite_property, record_xml_attribute, recwarn, tmp_path, tmp_path_factory, tmpdir, tmpdir_factory
&gt;       use 'pytest --fixtures [testpath]' for help on them.

/workdir/responses-0.22.0/responses/tests/test_responses.py:1644</error></testcase><testcase classname="responses.tests.test_responses" name="test_passthru_prefixes" time="0.004"><error message="failed on setup with &quot;file /workdir/responses-0.22.0/responses/tests/test_responses.py, line 1660&#10;  def test_passthru_prefixes(httpserver):&#10;E       fixture 'httpserver' not found&#10;&gt;       available fixtures: cache, capfd, capfdbinary, caplog, capsys, capsysbinary, doctest_namespace, fruit_basket, monkeypatch, my_fruit, pytestconfig, record_property, record_testsuite_property, record_xml_attribute, recwarn, tmp_path, tmp_path_factory, tmpdir, tmpdir_factory&#10;&gt;       use 'pytest --fixtures [testpath]' for help on them.&#10;&#10;/workdir/responses-0.22.0/responses/tests/test_responses.py:1660&quot;">file /workdir/responses-0.22.0/responses/tests/test_responses.py, line 1660
  def test_passthru_prefixes(httpserver):
E       fixture 'httpserver' not found
&gt;       available fixtures: cache, capfd, capfdbinary, caplog, capsys, capsysbinary, doctest_namespace, fruit_basket, monkeypatch, my_fruit, pytestconfig, record_property, record_testsuite_property, record_xml_attribute, recwarn, tmp_path, tmp_path_factory, tmpdir, tmpdir_factory
&gt;       use 'pytest --fixtures [testpath]' for help on them.

/workdir/responses-0.22.0/responses/tests/test_responses.py:1660</error></testcase><testcase classname="responses.tests.test_responses" name="test_passthru" time="0.004"><error message="failed on setup with &quot;file /workdir/responses-0.22.0/responses/tests/test_responses.py, line 1683&#10;  def test_passthru(httpserver):&#10;E       fixture 'httpserver' not found&#10;&gt;       available fixtures: cache, capfd, capfdbinary, caplog, capsys, capsysbinary, doctest_namespace, fruit_basket, monkeypatch, my_fruit, pytestconfig, record_property, record_testsuite_property, record_xml_attribute, recwarn, tmp_path, tmp_path_factory, tmpdir, tmpdir_factory&#10;&gt;       use 'pytest --fixtures [testpath]' for help on them.&#10;&#10;/workdir/responses-0.22.0/responses/tests/test_responses.py:1683&quot;">file /workdir/responses-0.22.0/responses/tests/test_responses.py, line 1683
  def test_passthru(httpserver):
E       fixture 'httpserver' not found
&gt;       available fixtures: cache, capfd, capfdbinary, caplog, capsys, capsysbinary, doctest_namespace, fruit_basket, monkeypatch, my_fruit, pytestconfig, record_property, record_testsuite_property, record_xml_attribute, recwarn, tmp_path, tmp_path_factory, tmpdir, tmpdir_factory
&gt;       use 'pytest --fixtures [testpath]' for help on them.

/workdir/responses-0.22.0/responses/tests/test_responses.py:1683</error></testcase><testcase classname="responses.tests.test_responses" name="test_passthru_regex" time="0.004"><error message="failed on setup with &quot;file /workdir/responses-0.22.0/responses/tests/test_responses.py, line 1704&#10;  def test_passthru_regex(httpserver):&#10;E       fixture 'httpserver' not found&#10;&gt;       available fixtures: cache, capfd, capfdbinary, caplog, capsys, capsysbinary, doctest_namespace, fruit_basket, monkeypatch, my_fruit, pytestconfig, record_property, record_testsuite_property, record_xml_attribute, recwarn, tmp_path, tmp_path_factory, tmpdir, tmpdir_factory&#10;&gt;       use 'pytest --fixtures [testpath]' for help on them.&#10;&#10;/workdir/responses-0.22.0/responses/tests/test_responses.py:1704&quot;">file /workdir/responses-0.22.0/responses/tests/test_responses.py, line 1704
  def test_passthru_regex(httpserver):
E       fixture 'httpserver' not found
&gt;       available fixtures: cache, capfd, capfdbinary, caplog, capsys, capsysbinary, doctest_namespace, fruit_basket, monkeypatch, my_fruit, pytestconfig, record_property, record_testsuite_property, record_xml_attribute, recwarn, tmp_path, tmp_path_factory, tmpdir, tmpdir_factory
&gt;       use 'pytest --fixtures [testpath]' for help on them.

/workdir/responses-0.22.0/responses/tests/test_responses.py:1704</error></testcase><testcase classname="responses.tests.test_responses" name="test_passthru_does_not_persist_across_tests" time="0.004"><error message="failed on setup with &quot;file /workdir/responses-0.22.0/responses/tests/test_responses.py, line 1729&#10;  def test_passthru_does_not_persist_across_tests(httpserver):&#10;E       fixture 'httpserver' not found&#10;&gt;       available fixtures: cache, capfd, capfdbinary, caplog, capsys, capsysbinary, doctest_namespace, fruit_basket, monkeypatch, my_fruit, pytestconfig, record_property, record_testsuite_property, record_xml_attribute, recwarn, tmp_path, tmp_path_factory, tmpdir, tmpdir_factory&#10;&gt;       use 'pytest --fixtures [testpath]' for help on them.&#10;&#10;/workdir/responses-0.22.0/responses/tests/test_responses.py:1729&quot;">file /workdir/responses-0.22.0/responses/tests/test_responses.py, line 1729
  def test_passthru_does_not_persist_across_tests(httpserver):
E       fixture 'httpserver' not found
&gt;       available fixtures: cache, capfd, capfdbinary, caplog, capsys, capsysbinary, doctest_namespace, fruit_basket, monkeypatch, my_fruit, pytestconfig, record_property, record_testsuite_property, record_xml_attribute, recwarn, tmp_path, tmp_path_factory, tmpdir, tmpdir_factory
&gt;       use 'pytest --fixtures [testpath]' for help on them.

/workdir/responses-0.22.0/responses/tests/test_responses.py:1729</error></testcase><testcase classname="responses.tests.test_responses" name="test_method_named_param" time="0.013" /><testcase classname="responses.tests.test_responses" name="test_passthru_unicode" time="0.009" /><testcase classname="responses.tests.test_responses" name="test_custom_target" time="0.021" /><testcase classname="responses.tests.test_responses" name="test_request_param[http://example.com]" time="0.020" /><testcase classname="responses.tests.test_responses" name="test_request_param[http://example.com/some/path]" time="0.019" /><testcase classname="responses.tests.test_responses" name="test_request_param[http://example.com/other/path/]" time="0.018" /><testcase classname="responses.tests.test_responses" name="test_request_param_with_multiple_values_for_the_same_key" time="0.013" /><testcase classname="responses.tests.test_responses" name="test_assert_call_count[http://example.com]" time="0.025" /><testcase classname="responses.tests.test_responses" name="test_assert_call_count[http://example.com?hello=world]" time="0.026" /><testcase classname="responses.tests.test_responses" name="test_call_count_with_matcher" time="0.031" /><testcase classname="responses.tests.test_responses" name="test_call_count_without_matcher" time="0.027" /><testcase classname="responses.tests.test_responses" name="test_fail_request_error" time="0.012" /><testcase classname="responses.tests.test_responses" name="test_response_representations[response_params0-&lt;Response(url='http://example.com/' status=200 content_type='text/plain' headers='null')&gt;]" time="0.008" /><testcase classname="responses.tests.test_responses" name="test_response_representations[response_params1-&lt;Response(url='http://another-domain.com/' status=404 content_type='application/json' headers='null')&gt;]" time="0.008" /><testcase classname="responses.tests.test_responses" name="test_response_representations[response_params2-&lt;Response(url='http://abcd.com/' status=500 content_type='text/html' headers='{&quot;X-Test&quot;: &quot;foo&quot;}')&gt;]" time="0.008" /><testcase classname="responses.tests.test_responses" name="test_mocked_responses_list_registered" time="0.006" /><testcase classname="responses.tests.test_responses" name="test_rfc_compliance[http://service-A/foo?q=fizz-http://service-a/foo?q=fizz]" time="0.014" /><testcase classname="responses.tests.test_responses" name="test_rfc_compliance[http://service-a/foo-http://service-A/foo]" time="0.016" /><testcase classname="responses.tests.test_responses" name="test_rfc_compliance[http://someHost-AwAy/-http://somehost-away/]" time="0.015" /><testcase classname="responses.tests.test_responses" name="test_rfc_compliance[http://fizzbuzz/foo-http://fizzbuzz/foo]" time="0.016" /><testcase classname="responses.tests.test_responses" name="test_requests_between_add" time="0.040" /><testcase classname="responses.tests.test_responses" name="test_responses_reuse" time="0.031" /><testcase classname="responses.tests.test_responses" name="test_async_calls" time="0.006"><skipped type="pytest.skip" message="async def function and no async plugin installed (see warnings)">/workdir/responses-0.22.0/.tox/graalpylibtest-unit-test-tests/lib/python3.10/site-packages/_pytest/python.py:184: async def function and no async plugin installed (see warnings)</skipped></testcase><testcase classname="responses.tests.test_responses.TestStrictWrapper" name="test_strict_wrapper" time="0.029" /><testcase classname="responses.tests.test_responses.TestStrictWrapper" name="test_nested_decorators[True]" time="0.016" /><testcase classname="responses.tests.test_responses.TestStrictWrapper" name="test_nested_decorators[False]" time="0.016" /><testcase classname="responses.tests.test_responses.TestStrictWrapper" name="test_nested_decorators[None]" time="0.086" /><testcase classname="responses.tests.test_responses.TestMultipleWrappers" name="test_wrapped" time="0.012" /><testcase classname="responses.tests.test_responses.TestMultipleWrappers" name="test_call_another_wrapped_function" time="0.011" /><testcase classname="responses.tests.test_responses.TestMultipleWrappers" name="test_mock_not_leaked" time="0.003"><error message="failed on setup with &quot;file /workdir/responses-0.22.0/responses/tests/test_responses.py, line 2184&#10;      def test_mock_not_leaked(self, httpserver):&#10;E       fixture 'httpserver' not found&#10;&gt;       available fixtures: cache, capfd, capfdbinary, caplog, capsys, capsysbinary, doctest_namespace, fruit_basket, monkeypatch, my_fruit, pytestconfig, record_property, record_testsuite_property, record_xml_attribute, recwarn, tmp_path, tmp_path_factory, tmpdir, tmpdir_factory&#10;&gt;       use 'pytest --fixtures [testpath]' for help on them.&#10;&#10;/workdir/responses-0.22.0/responses/tests/test_responses.py:2184&quot;">file /workdir/responses-0.22.0/responses/tests/test_responses.py, line 2184
      def test_mock_not_leaked(self, httpserver):
E       fixture 'httpserver' not found
&gt;       available fixtures: cache, capfd, capfdbinary, caplog, capsys, capsysbinary, doctest_namespace, fruit_basket, monkeypatch, my_fruit, pytestconfig, record_property, record_testsuite_property, record_xml_attribute, recwarn, tmp_path, tmp_path_factory, tmpdir, tmpdir_factory
&gt;       use 'pytest --fixtures [testpath]' for help on them.

/workdir/responses-0.22.0/responses/tests/test_responses.py:2184</error></testcase><testcase classname="responses.tests.test_responses.TestShortcuts" name="test_delete" time="0.013" /><testcase classname="responses.tests.test_responses.TestShortcuts" name="test_get" time="0.014" /><testcase classname="responses.tests.test_responses.TestShortcuts" name="test_head" time="0.013" /><testcase classname="responses.tests.test_responses.TestShortcuts" name="test_options" time="0.013" /><testcase classname="responses.tests.test_responses.TestShortcuts" name="test_patch" time="0.013" /><testcase classname="responses.tests.test_responses.TestShortcuts" name="test_post" time="0.013" /><testcase classname="responses.tests.test_responses.TestShortcuts" name="test_put" time="0.012" /><testcase classname="responses.tests.test_responses.TestUnitTestPatchSetup" name="test_function" time="0.023" /><testcase classname="responses.tests.test_responses.TestUnitTestPatchSetupRaises" name="test_function" time="0.017" /><testcase classname="responses.tests.test_responses" name="test_reset_in_the_middle" time="0.013" /><testcase classname="responses.tests.test_responses" name="test_redirect" time="0.041" /><testcase classname="responses.tests.test_responses.TestMaxRetry" name="test_max_retries" time="0.009"><failure message="TypeError: Retry.__init__() got an unexpected keyword argument 'method_whitelist'">Traceback (most recent call last):
  File "/workdir/responses-0.22.0/.tox/graalpylibtest-unit-test-tests/lib/python3.10/site-packages/_pytest/runner.py", line 341, in from_call
    result: Optional[TResult] = func()
  File "/workdir/responses-0.22.0/.tox/graalpylibtest-unit-test-tests/lib/python3.10/site-packages/_pytest/runner.py", line 262, in &lt;lambda&gt;
    lambda: ihook(item=item, **kwds), when=when, reraise=reraise
  File "/workdir/responses-0.22.0/.tox/graalpylibtest-unit-test-tests/lib/python3.10/site-packages/pluggy/_hooks.py", line 493, in __call__
    return self._hookexec(self.name, self._hookimpls, kwargs, firstresult)
  File "/workdir/responses-0.22.0/.tox/graalpylibtest-unit-test-tests/lib/python3.10/site-packages/pluggy/_manager.py", line 115, in _hookexec
    return self._inner_hookexec(hook_name, methods, kwargs, firstresult)
  File "/workdir/responses-0.22.0/.tox/graalpylibtest-unit-test-tests/lib/python3.10/site-packages/pluggy/_callers.py", line 152, in _multicall
    return outcome.get_result()
  File "/workdir/responses-0.22.0/.tox/graalpylibtest-unit-test-tests/lib/python3.10/site-packages/pluggy/_result.py", line 114, in get_result
    raise exc.with_traceback(exc.__traceback__)
  File "/workdir/responses-0.22.0/.tox/graalpylibtest-unit-test-tests/lib/python3.10/site-packages/pluggy/_callers.py", line 77, in _multicall
    res = hook_impl.function(*args)
  File "/workdir/responses-0.22.0/.tox/graalpylibtest-unit-test-tests/lib/python3.10/site-packages/_pytest/runner.py", line 177, in pytest_runtest_call
    raise e
  File "/workdir/responses-0.22.0/.tox/graalpylibtest-unit-test-tests/lib/python3.10/site-packages/_pytest/runner.py", line 169, in pytest_runtest_call
    item.runtest()
  File "/workdir/responses-0.22.0/.tox/graalpylibtest-unit-test-tests/lib/python3.10/site-packages/_pytest/python.py", line 1792, in runtest
    self.ihook.pytest_pyfunc_call(pyfuncitem=self)
  File "/workdir/responses-0.22.0/.tox/graalpylibtest-unit-test-tests/lib/python3.10/site-packages/pluggy/_hooks.py", line 493, in __call__
    return self._hookexec(self.name, self._hookimpls, kwargs, firstresult)
  File "/workdir/responses-0.22.0/.tox/graalpylibtest-unit-test-tests/lib/python3.10/site-packages/pluggy/_manager.py", line 115, in _hookexec
    return self._inner_hookexec(hook_name, methods, kwargs, firstresult)
  File "/workdir/responses-0.22.0/.tox/graalpylibtest-unit-test-tests/lib/python3.10/site-packages/pluggy/_callers.py", line 113, in _multicall
    raise exception.with_traceback(exception.__traceback__)
  File "/workdir/responses-0.22.0/.tox/graalpylibtest-unit-test-tests/lib/python3.10/site-packages/pluggy/_callers.py", line 77, in _multicall
    res = hook_impl.function(*args)
  File "/workdir/responses-0.22.0/.tox/graalpylibtest-unit-test-tests/lib/python3.10/site-packages/_pytest/python.py", line 194, in pytest_pyfunc_call
    result = testfunction(**testargs)
  File "/workdir/responses-0.22.0/responses/tests/test_responses.py", line 2425, in test_max_retries
    run()
  File "/workdir/responses-0.22.0/responses/__init__.py", line 218, in wrapper
    return func(*args, **kwargs)
  File "/workdir/responses-0.22.0/responses/tests/test_responses.py", line 2415, in run
    session = self.set_session()
  File "/workdir/responses-0.22.0/responses/tests/test_responses.py", line 2393, in set_session
    max_retries=Retry(
TypeError: Retry.__init__() got an unexpected keyword argument 'method_whitelist'</failure></testcase><testcase classname="responses.tests.test_responses.TestMaxRetry" name="test_max_retries_exceed[True]" time="0.010"><failure message="TypeError: Retry.__init__() got an unexpected keyword argument 'method_whitelist'">Traceback (most recent call last):
  File "/workdir/responses-0.22.0/.tox/graalpylibtest-unit-test-tests/lib/python3.10/site-packages/_pytest/runner.py", line 341, in from_call
    result: Optional[TResult] = func()
  File "/workdir/responses-0.22.0/.tox/graalpylibtest-unit-test-tests/lib/python3.10/site-packages/_pytest/runner.py", line 262, in &lt;lambda&gt;
    lambda: ihook(item=item, **kwds), when=when, reraise=reraise
  File "/workdir/responses-0.22.0/.tox/graalpylibtest-unit-test-tests/lib/python3.10/site-packages/pluggy/_hooks.py", line 493, in __call__
    return self._hookexec(self.name, self._hookimpls, kwargs, firstresult)
  File "/workdir/responses-0.22.0/.tox/graalpylibtest-unit-test-tests/lib/python3.10/site-packages/pluggy/_manager.py", line 115, in _hookexec
    return self._inner_hookexec(hook_name, methods, kwargs, firstresult)
  File "/workdir/responses-0.22.0/.tox/graalpylibtest-unit-test-tests/lib/python3.10/site-packages/pluggy/_callers.py", line 152, in _multicall
    return outcome.get_result()
  File "/workdir/responses-0.22.0/.tox/graalpylibtest-unit-test-tests/lib/python3.10/site-packages/pluggy/_result.py", line 114, in get_result
    raise exc.with_traceback(exc.__traceback__)
  File "/workdir/responses-0.22.0/.tox/graalpylibtest-unit-test-tests/lib/python3.10/site-packages/pluggy/_callers.py", line 77, in _multicall
    res = hook_impl.function(*args)
  File "/workdir/responses-0.22.0/.tox/graalpylibtest-unit-test-tests/lib/python3.10/site-packages/_pytest/runner.py", line 177, in pytest_runtest_call
    raise e
  File "/workdir/responses-0.22.0/.tox/graalpylibtest-unit-test-tests/lib/python3.10/site-packages/_pytest/runner.py", line 169, in pytest_runtest_call
    item.runtest()
  File "/workdir/responses-0.22.0/.tox/graalpylibtest-unit-test-tests/lib/python3.10/site-packages/_pytest/python.py", line 1792, in runtest
    self.ihook.pytest_pyfunc_call(pyfuncitem=self)
  File "/workdir/responses-0.22.0/.tox/graalpylibtest-unit-test-tests/lib/python3.10/site-packages/pluggy/_hooks.py", line 493, in __call__
    return self._hookexec(self.name, self._hookimpls, kwargs, firstresult)
  File "/workdir/responses-0.22.0/.tox/graalpylibtest-unit-test-tests/lib/python3.10/site-packages/pluggy/_manager.py", line 115, in _hookexec
    return self._inner_hookexec(hook_name, methods, kwargs, firstresult)
  File "/workdir/responses-0.22.0/.tox/graalpylibtest-unit-test-tests/lib/python3.10/site-packages/pluggy/_callers.py", line 113, in _multicall
    raise exception.with_traceback(exception.__traceback__)
  File "/workdir/responses-0.22.0/.tox/graalpylibtest-unit-test-tests/lib/python3.10/site-packages/pluggy/_callers.py", line 77, in _multicall
    res = hook_impl.function(*args)
  File "/workdir/responses-0.22.0/.tox/graalpylibtest-unit-test-tests/lib/python3.10/site-packages/_pytest/python.py", line 194, in pytest_pyfunc_call
    result = testfunction(**testargs)
  File "/workdir/responses-0.22.0/responses/tests/test_responses.py", line 2450, in test_max_retries_exceed
    run()
  File "/workdir/responses-0.22.0/responses/__init__.py", line 218, in wrapper
    return func(*args, **kwargs)
  File "/workdir/responses-0.22.0/responses/tests/test_responses.py", line 2437, in run
    session = self.set_session(total=2, raise_on_status=raise_on_status)
  File "/workdir/responses-0.22.0/responses/tests/test_responses.py", line 2393, in set_session
    max_retries=Retry(
TypeError: Retry.__init__() got an unexpected keyword argument 'method_whitelist'</failure></testcase><testcase classname="responses.tests.test_responses.TestMaxRetry" name="test_max_retries_exceed[False]" time="0.010"><failure message="TypeError: Retry.__init__() got an unexpected keyword argument 'method_whitelist'">Traceback (most recent call last):
  File "/workdir/responses-0.22.0/.tox/graalpylibtest-unit-test-tests/lib/python3.10/site-packages/_pytest/runner.py", line 341, in from_call
    result: Optional[TResult] = func()
  File "/workdir/responses-0.22.0/.tox/graalpylibtest-unit-test-tests/lib/python3.10/site-packages/_pytest/runner.py", line 262, in &lt;lambda&gt;
    lambda: ihook(item=item, **kwds), when=when, reraise=reraise
  File "/workdir/responses-0.22.0/.tox/graalpylibtest-unit-test-tests/lib/python3.10/site-packages/pluggy/_hooks.py", line 493, in __call__
    return self._hookexec(self.name, self._hookimpls, kwargs, firstresult)
  File "/workdir/responses-0.22.0/.tox/graalpylibtest-unit-test-tests/lib/python3.10/site-packages/pluggy/_manager.py", line 115, in _hookexec
    return self._inner_hookexec(hook_name, methods, kwargs, firstresult)
  File "/workdir/responses-0.22.0/.tox/graalpylibtest-unit-test-tests/lib/python3.10/site-packages/pluggy/_callers.py", line 152, in _multicall
    return outcome.get_result()
  File "/workdir/responses-0.22.0/.tox/graalpylibtest-unit-test-tests/lib/python3.10/site-packages/pluggy/_result.py", line 114, in get_result
    raise exc.with_traceback(exc.__traceback__)
  File "/workdir/responses-0.22.0/.tox/graalpylibtest-unit-test-tests/lib/python3.10/site-packages/pluggy/_callers.py", line 77, in _multicall
    res = hook_impl.function(*args)
  File "/workdir/responses-0.22.0/.tox/graalpylibtest-unit-test-tests/lib/python3.10/site-packages/_pytest/runner.py", line 177, in pytest_runtest_call
    raise e
  File "/workdir/responses-0.22.0/.tox/graalpylibtest-unit-test-tests/lib/python3.10/site-packages/_pytest/runner.py", line 169, in pytest_runtest_call
    item.runtest()
  File "/workdir/responses-0.22.0/.tox/graalpylibtest-unit-test-tests/lib/python3.10/site-packages/_pytest/python.py", line 1792, in runtest
    self.ihook.pytest_pyfunc_call(pyfuncitem=self)
  File "/workdir/responses-0.22.0/.tox/graalpylibtest-unit-test-tests/lib/python3.10/site-packages/pluggy/_hooks.py", line 493, in __call__
    return self._hookexec(self.name, self._hookimpls, kwargs, firstresult)
  File "/workdir/responses-0.22.0/.tox/graalpylibtest-unit-test-tests/lib/python3.10/site-packages/pluggy/_manager.py", line 115, in _hookexec
    return self._inner_hookexec(hook_name, methods, kwargs, firstresult)
  File "/workdir/responses-0.22.0/.tox/graalpylibtest-unit-test-tests/lib/python3.10/site-packages/pluggy/_callers.py", line 113, in _multicall
    raise exception.with_traceback(exception.__traceback__)
  File "/workdir/responses-0.22.0/.tox/graalpylibtest-unit-test-tests/lib/python3.10/site-packages/pluggy/_callers.py", line 77, in _multicall
    res = hook_impl.function(*args)
  File "/workdir/responses-0.22.0/.tox/graalpylibtest-unit-test-tests/lib/python3.10/site-packages/_pytest/python.py", line 194, in pytest_pyfunc_call
    result = testfunction(**testargs)
  File "/workdir/responses-0.22.0/responses/tests/test_responses.py", line 2450, in test_max_retries_exceed
    run()
  File "/workdir/responses-0.22.0/responses/__init__.py", line 218, in wrapper
    return func(*args, **kwargs)
  File "/workdir/responses-0.22.0/responses/tests/test_responses.py", line 2437, in run
    session = self.set_session(total=2, raise_on_status=raise_on_status)
  File "/workdir/responses-0.22.0/responses/tests/test_responses.py", line 2393, in set_session
    max_retries=Retry(
TypeError: Retry.__init__() got an unexpected keyword argument 'method_whitelist'</failure></testcase><testcase classname="responses.tests.test_responses.TestMaxRetry" name="test_max_retries_exceed_msg" time="0.007"><failure message="TypeError: Retry.__init__() got an unexpected keyword argument 'method_whitelist'">Traceback (most recent call last):
  File "/workdir/responses-0.22.0/.tox/graalpylibtest-unit-test-tests/lib/python3.10/site-packages/_pytest/runner.py", line 341, in from_call
    result: Optional[TResult] = func()
  File "/workdir/responses-0.22.0/.tox/graalpylibtest-unit-test-tests/lib/python3.10/site-packages/_pytest/runner.py", line 262, in &lt;lambda&gt;
    lambda: ihook(item=item, **kwds), when=when, reraise=reraise
  File "/workdir/responses-0.22.0/.tox/graalpylibtest-unit-test-tests/lib/python3.10/site-packages/pluggy/_hooks.py", line 493, in __call__
    return self._hookexec(self.name, self._hookimpls, kwargs, firstresult)
  File "/workdir/responses-0.22.0/.tox/graalpylibtest-unit-test-tests/lib/python3.10/site-packages/pluggy/_manager.py", line 115, in _hookexec
    return self._inner_hookexec(hook_name, methods, kwargs, firstresult)
  File "/workdir/responses-0.22.0/.tox/graalpylibtest-unit-test-tests/lib/python3.10/site-packages/pluggy/_callers.py", line 152, in _multicall
    return outcome.get_result()
  File "/workdir/responses-0.22.0/.tox/graalpylibtest-unit-test-tests/lib/python3.10/site-packages/pluggy/_result.py", line 114, in get_result
    raise exc.with_traceback(exc.__traceback__)
  File "/workdir/responses-0.22.0/.tox/graalpylibtest-unit-test-tests/lib/python3.10/site-packages/pluggy/_callers.py", line 77, in _multicall
    res = hook_impl.function(*args)
  File "/workdir/responses-0.22.0/.tox/graalpylibtest-unit-test-tests/lib/python3.10/site-packages/_pytest/runner.py", line 177, in pytest_runtest_call
    raise e
  File "/workdir/responses-0.22.0/.tox/graalpylibtest-unit-test-tests/lib/python3.10/site-packages/_pytest/runner.py", line 169, in pytest_runtest_call
    item.runtest()
  File "/workdir/responses-0.22.0/.tox/graalpylibtest-unit-test-tests/lib/python3.10/site-packages/_pytest/python.py", line 1792, in runtest
    self.ihook.pytest_pyfunc_call(pyfuncitem=self)
  File "/workdir/responses-0.22.0/.tox/graalpylibtest-unit-test-tests/lib/python3.10/site-packages/pluggy/_hooks.py", line 493, in __call__
    return self._hookexec(self.name, self._hookimpls, kwargs, firstresult)
  File "/workdir/responses-0.22.0/.tox/graalpylibtest-unit-test-tests/lib/python3.10/site-packages/pluggy/_manager.py", line 115, in _hookexec
    return self._inner_hookexec(hook_name, methods, kwargs, firstresult)
  File "/workdir/responses-0.22.0/.tox/graalpylibtest-unit-test-tests/lib/python3.10/site-packages/pluggy/_callers.py", line 113, in _multicall
    raise exception.with_traceback(exception.__traceback__)
  File "/workdir/responses-0.22.0/.tox/graalpylibtest-unit-test-tests/lib/python3.10/site-packages/pluggy/_callers.py", line 77, in _multicall
    res = hook_impl.function(*args)
  File "/workdir/responses-0.22.0/.tox/graalpylibtest-unit-test-tests/lib/python3.10/site-packages/_pytest/python.py", line 194, in pytest_pyfunc_call
    result = testfunction(**testargs)
  File "/workdir/responses-0.22.0/responses/tests/test_responses.py", line 2467, in test_max_retries_exceed_msg
    run()
  File "/workdir/responses-0.22.0/responses/__init__.py", line 218, in wrapper
    return func(*args, **kwargs)
  File "/workdir/responses-0.22.0/responses/tests/test_responses.py", line 2460, in run
    session = self.set_session(total=1)
  File "/workdir/responses-0.22.0/responses/tests/test_responses.py", line 2393, in set_session
    max_retries=Retry(
TypeError: Retry.__init__() got an unexpected keyword argument 'method_whitelist'</failure></testcase><testcase classname="responses.tests.test_responses.TestMaxRetry" name="test_adapter_retry_untouched" time="0.010"><failure message="TypeError: Retry.__init__() got an unexpected keyword argument 'method_whitelist'">Traceback (most recent call last):
  File "/workdir/responses-0.22.0/.tox/graalpylibtest-unit-test-tests/lib/python3.10/site-packages/_pytest/runner.py", line 341, in from_call
    result: Optional[TResult] = func()
  File "/workdir/responses-0.22.0/.tox/graalpylibtest-unit-test-tests/lib/python3.10/site-packages/_pytest/runner.py", line 262, in &lt;lambda&gt;
    lambda: ihook(item=item, **kwds), when=when, reraise=reraise
  File "/workdir/responses-0.22.0/.tox/graalpylibtest-unit-test-tests/lib/python3.10/site-packages/pluggy/_hooks.py", line 493, in __call__
    return self._hookexec(self.name, self._hookimpls, kwargs, firstresult)
  File "/workdir/responses-0.22.0/.tox/graalpylibtest-unit-test-tests/lib/python3.10/site-packages/pluggy/_manager.py", line 115, in _hookexec
    return self._inner_hookexec(hook_name, methods, kwargs, firstresult)
  File "/workdir/responses-0.22.0/.tox/graalpylibtest-unit-test-tests/lib/python3.10/site-packages/pluggy/_callers.py", line 152, in _multicall
    return outcome.get_result()
  File "/workdir/responses-0.22.0/.tox/graalpylibtest-unit-test-tests/lib/python3.10/site-packages/pluggy/_result.py", line 114, in get_result
    raise exc.with_traceback(exc.__traceback__)
  File "/workdir/responses-0.22.0/.tox/graalpylibtest-unit-test-tests/lib/python3.10/site-packages/pluggy/_callers.py", line 77, in _multicall
    res = hook_impl.function(*args)
  File "/workdir/responses-0.22.0/.tox/graalpylibtest-unit-test-tests/lib/python3.10/site-packages/_pytest/runner.py", line 177, in pytest_runtest_call
    raise e
  File "/workdir/responses-0.22.0/.tox/graalpylibtest-unit-test-tests/lib/python3.10/site-packages/_pytest/runner.py", line 169, in pytest_runtest_call
    item.runtest()
  File "/workdir/responses-0.22.0/.tox/graalpylibtest-unit-test-tests/lib/python3.10/site-packages/_pytest/python.py", line 1792, in runtest
    self.ihook.pytest_pyfunc_call(pyfuncitem=self)
  File "/workdir/responses-0.22.0/.tox/graalpylibtest-unit-test-tests/lib/python3.10/site-packages/pluggy/_hooks.py", line 493, in __call__
    return self._hookexec(self.name, self._hookimpls, kwargs, firstresult)
  File "/workdir/responses-0.22.0/.tox/graalpylibtest-unit-test-tests/lib/python3.10/site-packages/pluggy/_manager.py", line 115, in _hookexec
    return self._inner_hookexec(hook_name, methods, kwargs, firstresult)
  File "/workdir/responses-0.22.0/.tox/graalpylibtest-unit-test-tests/lib/python3.10/site-packages/pluggy/_callers.py", line 113, in _multicall
    raise exception.with_traceback(exception.__traceback__)
  File "/workdir/responses-0.22.0/.tox/graalpylibtest-unit-test-tests/lib/python3.10/site-packages/pluggy/_callers.py", line 77, in _multicall
    res = hook_impl.function(*args)
  File "/workdir/responses-0.22.0/.tox/graalpylibtest-unit-test-tests/lib/python3.10/site-packages/_pytest/python.py", line 194, in pytest_pyfunc_call
    result = testfunction(**testargs)
  File "/workdir/responses-0.22.0/responses/tests/test_responses.py", line 2495, in test_adapter_retry_untouched
    run()
  File "/workdir/responses-0.22.0/responses/__init__.py", line 218, in wrapper
    return func(*args, **kwargs)
  File "/workdir/responses-0.22.0/responses/tests/test_responses.py", line 2486, in run
    session = self.set_session()
  File "/workdir/responses-0.22.0/responses/tests/test_responses.py", line 2393, in set_session
    max_retries=Retry(
TypeError: Retry.__init__() got an unexpected keyword argument 'method_whitelist'</failure></testcase></testsuite></testsuites>