<?xml version="1.0" encoding="utf-8"?><testsuites><testsuite name="pytest" errors="0" failures="0" skipped="0" tests="6" time="0.104" timestamp="2023-11-29T18:51:51.530525" hostname="be2d8ee410eb"><testcase classname="tests.test_ignore" name="test_empty" time="0.001" /><testcase classname="tests.test_ignore" name="test_single_regex" time="0.001" /><testcase classname="tests.test_ignore" name="test_multiple_regex" time="0.001" /><testcase classname="tests.test_ignore" name="test_single_regular" time="0.001" /><testcase classname="tests.test_ignore" name="test_multiple_regular" time="0.002" /><testcase classname="tests.test_ignore" name="test_multiple_both" time="0.001" /></testsuite></testsuites>