.package create: /workdir/dill-0.3.6/.tox/.package
.package installdeps: setuptools>=42
no previously-included directories found matching '.git'
no previously-included directories found matching '.coverage'
no previously-included directories found matching '.eggs'
no previously-included directories found matching '.git'
no previously-included directories found matching '.coverage'
no previously-included directories found matching '.eggs'
cpythonlibtest-unit-test-tests create: /workdir/dill-0.3.6/.tox/cpythonlibtest-unit-test-tests
cpythonlibtest-unit-test-tests installdeps: mock, pytest
cpythonlibtest-unit-test-tests inst: /workdir/dill-0.3.6/.tox/.tmp/package/1/dill-0.3.6.tar.gz
cpythonlibtest-unit-test-tests installed: dill @ file:///workdir/dill-0.3.6/.tox/.tmp/package/1/dill-0.3.6.tar.gz#sha256=c73514c654ceefec54c58cdec4eefe1f730289a2326d0b932624f70dd4778485,exceptiongroup==1.1.3,iniconfig==2.0.0,mock==5.1.0,packaging==23.2,pluggy==1.3.0,pytest==7.4.3,tomli==2.0.1
cpythonlibtest-unit-test-tests run-test-pre: PYTHONHASHSEED='3137266518'
cpythonlibtest-unit-test-tests run-test: commands[0] | pytest -v --tb=native --junitxml /workdir/results/dill/0.3.6/1/cpython-test-results.xml
============================= test session starts ==============================
platform linux -- Python 3.10.8, pytest-7.4.3, pluggy-1.3.0 -- /workdir/dill-0.3.6/.tox/cpythonlibtest-unit-test-tests/bin/python
cachedir: .tox/cpythonlibtest-unit-test-tests/.pytest_cache
rootdir: /workdir/dill-0.3.6
collecting ... collected 83 items / 5 errors

==================================== ERRORS ====================================
__________________ ERROR collecting dill/tests/test_module.py __________________
ImportError while importing test module '/workdir/dill-0.3.6/dill/tests/test_module.py'.
Hint: make sure your test modules/packages have valid Python names.
Traceback:
/usr/local/lib/python3.10/importlib/__init__.py:126: in import_module
    return _bootstrap._gcd_import(name[level:], package, level)
dill/tests/test_module.py:11: in <module>
    import test_mixins as module
dill/__diff.py:220: in _imp
    mod = __import__(*args, **kwds)
E   ModuleNotFoundError: No module named 'test_mixins'
_________________ ERROR collecting dill/tests/test_objects.py __________________
Traceback (most recent call last):
  File "/workdir/dill-0.3.6/.tox/cpythonlibtest-unit-test-tests/lib/python3.10/site-packages/_pytest/runner.py", line 341, in from_call
    result: Optional[TResult] = func()
  File "/workdir/dill-0.3.6/.tox/cpythonlibtest-unit-test-tests/lib/python3.10/site-packages/_pytest/runner.py", line 372, in <lambda>
    call = CallInfo.from_call(lambda: list(collector.collect()), "collect")
  File "/workdir/dill-0.3.6/.tox/cpythonlibtest-unit-test-tests/lib/python3.10/site-packages/_pytest/python.py", line 531, in collect
    self._inject_setup_module_fixture()
  File "/workdir/dill-0.3.6/.tox/cpythonlibtest-unit-test-tests/lib/python3.10/site-packages/_pytest/python.py", line 545, in _inject_setup_module_fixture
    self.obj, ("setUpModule", "setup_module")
  File "/workdir/dill-0.3.6/.tox/cpythonlibtest-unit-test-tests/lib/python3.10/site-packages/_pytest/python.py", line 310, in obj
    self._obj = obj = self._getobj()
  File "/workdir/dill-0.3.6/.tox/cpythonlibtest-unit-test-tests/lib/python3.10/site-packages/_pytest/python.py", line 528, in _getobj
    return self._importtestmodule()
  File "/workdir/dill-0.3.6/.tox/cpythonlibtest-unit-test-tests/lib/python3.10/site-packages/_pytest/python.py", line 617, in _importtestmodule
    mod = import_path(self.path, mode=importmode, root=self.config.rootpath)
  File "/workdir/dill-0.3.6/.tox/cpythonlibtest-unit-test-tests/lib/python3.10/site-packages/_pytest/pathlib.py", line 567, in import_path
    importlib.import_module(module_name)
  File "/usr/local/lib/python3.10/importlib/__init__.py", line 126, in import_module
    return _bootstrap._gcd_import(name[level:], package, level)
  File "<frozen importlib._bootstrap>", line 1050, in _gcd_import
  File "<frozen importlib._bootstrap>", line 1027, in _find_and_load
  File "<frozen importlib._bootstrap>", line 1006, in _find_and_load_unlocked
  File "<frozen importlib._bootstrap>", line 688, in _load_unlocked
  File "/workdir/dill-0.3.6/.tox/cpythonlibtest-unit-test-tests/lib/python3.10/site-packages/_pytest/assertion/rewrite.py", line 186, in exec_module
    exec(co, module.__dict__)
  File "/workdir/dill-0.3.6/dill/tests/test_objects.py", line 20, in <module>
    load_types(pickleable=True,unpickleable=False)
  File "/workdir/dill-0.3.6/dill/__init__.py", line 72, in load_types
    from . import _objects
  File "/workdir/dill-0.3.6/dill/__diff.py", line 223, in _imp
    memorise(sys.modules[m])
  File "/workdir/dill-0.3.6/dill/__diff.py", line 111, in memorise
    [mem(value) for key, value in g.items()]
  File "/workdir/dill-0.3.6/dill/__diff.py", line 111, in <listcomp>
    [mem(value) for key, value in g.items()]
  File "/workdir/dill-0.3.6/dill/__diff.py", line 115, in memorise
    [(mem(key), mem(item))
  File "/workdir/dill-0.3.6/dill/__diff.py", line 115, in <listcomp>
    [(mem(key), mem(item))
  File "/workdir/dill-0.3.6/dill/__diff.py", line 91, in memorise
    g = get_attrs(obj)
  File "/workdir/dill-0.3.6/dill/__diff.py", line 44, in get_attrs
    return getattr(obj, '__dict__', None)
ReferenceError: weakly-referenced object no longer exists
________________ ERROR collecting dill/tests/test_registered.py ________________
Traceback (most recent call last):
  File "/workdir/dill-0.3.6/.tox/cpythonlibtest-unit-test-tests/lib/python3.10/site-packages/_pytest/runner.py", line 341, in from_call
    result: Optional[TResult] = func()
  File "/workdir/dill-0.3.6/.tox/cpythonlibtest-unit-test-tests/lib/python3.10/site-packages/_pytest/runner.py", line 372, in <lambda>
    call = CallInfo.from_call(lambda: list(collector.collect()), "collect")
  File "/workdir/dill-0.3.6/.tox/cpythonlibtest-unit-test-tests/lib/python3.10/site-packages/_pytest/python.py", line 531, in collect
    self._inject_setup_module_fixture()
  File "/workdir/dill-0.3.6/.tox/cpythonlibtest-unit-test-tests/lib/python3.10/site-packages/_pytest/python.py", line 545, in _inject_setup_module_fixture
    self.obj, ("setUpModule", "setup_module")
  File "/workdir/dill-0.3.6/.tox/cpythonlibtest-unit-test-tests/lib/python3.10/site-packages/_pytest/python.py", line 310, in obj
    self._obj = obj = self._getobj()
  File "/workdir/dill-0.3.6/.tox/cpythonlibtest-unit-test-tests/lib/python3.10/site-packages/_pytest/python.py", line 528, in _getobj
    return self._importtestmodule()
  File "/workdir/dill-0.3.6/.tox/cpythonlibtest-unit-test-tests/lib/python3.10/site-packages/_pytest/python.py", line 617, in _importtestmodule
    mod = import_path(self.path, mode=importmode, root=self.config.rootpath)
  File "/workdir/dill-0.3.6/.tox/cpythonlibtest-unit-test-tests/lib/python3.10/site-packages/_pytest/pathlib.py", line 567, in import_path
    importlib.import_module(module_name)
  File "/usr/local/lib/python3.10/importlib/__init__.py", line 126, in import_module
    return _bootstrap._gcd_import(name[level:], package, level)
  File "<frozen importlib._bootstrap>", line 1050, in _gcd_import
  File "<frozen importlib._bootstrap>", line 1027, in _find_and_load
  File "<frozen importlib._bootstrap>", line 1006, in _find_and_load_unlocked
  File "<frozen importlib._bootstrap>", line 688, in _load_unlocked
  File "/workdir/dill-0.3.6/.tox/cpythonlibtest-unit-test-tests/lib/python3.10/site-packages/_pytest/assertion/rewrite.py", line 186, in exec_module
    exec(co, module.__dict__)
  File "/workdir/dill-0.3.6/dill/tests/test_registered.py", line 35, in <module>
    raise e from None
  File "/workdir/dill-0.3.6/dill/tests/test_registered.py", line 32, in <module>
    assert not bool(success)
AssertionError: assert not True
 +  where True = bool(['PrettyPrinterType', 'StreamHandlerType'])
------------------------------- Captured stdout --------------------------------
SUCCESS: ['PrettyPrinterType', 'StreamHandlerType']
_________________ ERROR collecting dill/tests/test_selected.py _________________
Traceback (most recent call last):
  File "/workdir/dill-0.3.6/.tox/cpythonlibtest-unit-test-tests/lib/python3.10/site-packages/_pytest/runner.py", line 341, in from_call
    result: Optional[TResult] = func()
  File "/workdir/dill-0.3.6/.tox/cpythonlibtest-unit-test-tests/lib/python3.10/site-packages/_pytest/runner.py", line 372, in <lambda>
    call = CallInfo.from_call(lambda: list(collector.collect()), "collect")
  File "/workdir/dill-0.3.6/.tox/cpythonlibtest-unit-test-tests/lib/python3.10/site-packages/_pytest/python.py", line 531, in collect
    self._inject_setup_module_fixture()
  File "/workdir/dill-0.3.6/.tox/cpythonlibtest-unit-test-tests/lib/python3.10/site-packages/_pytest/python.py", line 545, in _inject_setup_module_fixture
    self.obj, ("setUpModule", "setup_module")
  File "/workdir/dill-0.3.6/.tox/cpythonlibtest-unit-test-tests/lib/python3.10/site-packages/_pytest/python.py", line 310, in obj
    self._obj = obj = self._getobj()
  File "/workdir/dill-0.3.6/.tox/cpythonlibtest-unit-test-tests/lib/python3.10/site-packages/_pytest/python.py", line 528, in _getobj
    return self._importtestmodule()
  File "/workdir/dill-0.3.6/.tox/cpythonlibtest-unit-test-tests/lib/python3.10/site-packages/_pytest/python.py", line 617, in _importtestmodule
    mod = import_path(self.path, mode=importmode, root=self.config.rootpath)
  File "/workdir/dill-0.3.6/.tox/cpythonlibtest-unit-test-tests/lib/python3.10/site-packages/_pytest/pathlib.py", line 567, in import_path
    importlib.import_module(module_name)
  File "/usr/local/lib/python3.10/importlib/__init__.py", line 126, in import_module
    return _bootstrap._gcd_import(name[level:], package, level)
  File "<frozen importlib._bootstrap>", line 1050, in _gcd_import
  File "<frozen importlib._bootstrap>", line 1027, in _find_and_load
  File "<frozen importlib._bootstrap>", line 1006, in _find_and_load_unlocked
  File "<frozen importlib._bootstrap>", line 688, in _load_unlocked
  File "/workdir/dill-0.3.6/.tox/cpythonlibtest-unit-test-tests/lib/python3.10/site-packages/_pytest/assertion/rewrite.py", line 186, in exec_module
    exec(co, module.__dict__)
  File "/workdir/dill-0.3.6/dill/tests/test_selected.py", line 46, in <module>
    objects['TemporaryFileType'].close()
OSError: [Errno 9] Bad file descriptor
_________________ ERROR collecting dill/tests/test_session.py __________________
ImportError while importing test module '/workdir/dill-0.3.6/dill/tests/test_session.py'.
Hint: make sure your test modules/packages have valid Python names.
Traceback:
/usr/local/lib/python3.10/importlib/__init__.py:126: in import_module
    return _bootstrap._gcd_import(name[level:], package, level)
dill/tests/test_session.py:72: in <module>
    import test_dictviews as local_mod                  # non-builtin top-level module
dill/__diff.py:220: in _imp
    mod = __import__(*args, **kwds)
E   ModuleNotFoundError: No module named 'test_dictviews'
-- generated xml file: /workdir/results/dill/0.3.6/1/cpython-test-results.xml --
=========================== short test summary info ============================
ERROR dill/tests/test_module.py
ERROR dill/tests/test_objects.py - ReferenceError: weakly-referenced object n...
ERROR dill/tests/test_registered.py - AssertionError: assert not True
ERROR dill/tests/test_selected.py - OSError: [Errno 9] Bad file descriptor
ERROR dill/tests/test_session.py
!!!!!!!!!!!!!!!!!!! Interrupted: 5 errors during collection !!!!!!!!!!!!!!!!!!!!
============================== 5 errors in 0.73s ===============================
ERROR: InvocationError for command /workdir/dill-0.3.6/.tox/cpythonlibtest-unit-test-tests/bin/pytest -v --tb=native --junitxml /workdir/results/dill/0.3.6/1/cpython-test-results.xml (exited with code 2)
___________________________________ summary ____________________________________
ERROR:   cpythonlibtest-unit-test-tests: commands failed
