no previously-included directories found matching 'docs/_build'
warning: no previously-included files found matching 'vectors'
warning: no previously-included files matching '*' found under directory 'vectors'
warning: no previously-included files matching '*' found under directory '.github'
warning: no previously-included files found matching 'release.py'
warning: no previously-included files found matching '.coveragerc'
warning: no previously-included files found matching 'codecov.yml'
warning: no previously-included files found matching '.readthedocs.yml'
warning: no previously-included files found matching 'dev-requirements.txt'
warning: no previously-included files found matching 'tox.ini'
warning: no previously-included files found matching 'mypy.ini'
warning: no previously-included files matching '*' found under directory '.zuul.d'
warning: no previously-included files matching '*' found under directory '.zuul.playbooks'
graalpylibtest-unit-test-tests create: /workdir/cryptography-3.4.7/.tox/graalpylibtest-unit-test-tests
graalpylibtest-unit-test-tests installdeps: mock, pytest, -rdev-requirements.txt
ERROR: invocation failed (exit code 1), logfile: /workdir/cryptography-3.4.7/.tox/graalpylibtest-unit-test-tests/log/graalpylibtest-unit-test-tests-1.log
================================== log start ===================================
Obtaining file:///workdir/cryptography-3.4.7 (from -r dev-requirements.txt (line 5))
  Installing build dependencies: started
  Installing build dependencies: finished with status 'done'
  Checking if build backend supports build_editable: started
  Checking if build backend supports build_editable: finished with status 'done'
  Getting requirements to build editable: started
  Getting requirements to build editable: finished with status 'done'
  Preparing editable metadata (pyproject.toml): started
  Preparing editable metadata (pyproject.toml): finished with status 'done'
Obtaining file:///workdir/cryptography-3.4.7/vectors (from -r dev-requirements.txt (line 6))
  Preparing metadata (setup.py): started
  Preparing metadata (setup.py): finished with status 'done'
Collecting mock
  Using cached mock-5.1.0-py3-none-any.whl (30 kB)
Collecting pytest
  Using cached pytest-7.4.3-py3-none-any.whl (325 kB)
Collecting click
  Using cached click-8.1.7-py3-none-any.whl (97 kB)
Collecting coverage
  Using cached coverage-7.3.2-py3-none-any.whl
Collecting tox>=2.4.1
  Using cached tox-3.28.0-py2.py3-none-any.whl (86 kB)
Collecting twine>=1.8.0
  Using cached twine-4.0.2-py3-none-any.whl (36 kB)
Collecting iniconfig
  Using cached iniconfig-2.0.0-py3-none-any.whl (5.9 kB)
Collecting packaging
  Using cached packaging-23.2-py3-none-any.whl (53 kB)
Collecting pluggy<2.0,>=0.12
  Using cached pluggy-1.3.0-py3-none-any.whl (18 kB)
Collecting exceptiongroup>=1.0.0rc8
  Using cached exceptiongroup-1.1.3-py3-none-any.whl (14 kB)
Collecting tomli>=1.0.0
  Using cached tomli-2.0.1-py3-none-any.whl (12 kB)
Collecting filelock>=3.0.0
  Using cached filelock-3.13.1-py3-none-any.whl (11 kB)
Collecting py>=1.4.17
  Using cached py-1.11.0-py2.py3-none-any.whl (98 kB)
Collecting six>=1.14.0
  Using cached six-1.16.0-py2.py3-none-any.whl (11 kB)
Collecting virtualenv!=20.0.0,!=20.0.1,!=20.0.2,!=20.0.3,!=20.0.4,!=20.0.5,!=20.0.6,!=20.0.7,>=16.0.0
  Using cached virtualenv-20.24.6-py3-none-any.whl (3.8 MB)
Collecting pkginfo>=1.8.1
  Using cached pkginfo-1.9.6-py3-none-any.whl (30 kB)
Collecting readme-renderer>=35.0
  Using cached readme_renderer-42.0-py3-none-any.whl (13 kB)
Collecting requests>=2.20
  Using cached requests-2.31.0-py3-none-any.whl (62 kB)
Collecting requests-toolbelt!=0.9.0,>=0.8.0
  Using cached requests_toolbelt-1.0.0-py2.py3-none-any.whl (54 kB)
Collecting urllib3>=1.26.0
  Using cached urllib3-2.1.0-py3-none-any.whl (104 kB)
Collecting importlib-metadata>=3.6
  Using cached importlib_metadata-6.8.0-py3-none-any.whl (22 kB)
Collecting keyring>=15.1
  Using cached keyring-24.3.0-py3-none-any.whl (38 kB)
Collecting rfc3986>=1.4.0
  Using cached rfc3986-2.0.0-py2.py3-none-any.whl (31 kB)
Collecting rich>=12.0.0
  Using cached rich-13.7.0-py3-none-any.whl (240 kB)
Collecting cffi>=1.12
  Using cached cffi-1.15.1-graalpy310-graalpy231_310_native-linux_x86_64.whl
Collecting pytest-cov
  Using cached pytest_cov-4.1.0-py3-none-any.whl (21 kB)
Collecting pytest-subtests
  Downloading pytest_subtests-0.11.0-py3-none-any.whl (6.7 kB)
Collecting pytest-xdist
  Downloading pytest_xdist-3.4.0-py3-none-any.whl (41 kB)
     ━━━━━━━━━━━━━━━━━━━━━━━━━━━━━━━━━━━━━━━━ 41.9/41.9 kB 1.8 MB/s eta 0:00:00
Collecting pretend
  Downloading pretend-1.0.9-py2.py3-none-any.whl (3.8 kB)
Collecting iso8601
  Using cached iso8601-2.1.0-py3-none-any.whl (7.5 kB)
Collecting pytz
  Using cached pytz-2022.2.1-py2.py3-none-any.whl (500 kB)
Collecting hypothesis!=3.79.2,>=1.11.4
  Using cached hypothesis-6.90.0-py3-none-any.whl (423 kB)
Collecting sphinx!=1.8.0,!=3.1.0,!=3.1.1,>=1.6.5
  Using cached sphinx-7.2.6-py3-none-any.whl (3.2 MB)
Collecting sphinx-rtd-theme
  Using cached sphinx_rtd_theme-1.3.0-py2.py3-none-any.whl (2.8 MB)
Collecting doc8
  Downloading doc8-1.1.1-py3-none-any.whl (25 kB)
Collecting pyenchant>=1.6.11
  Downloading pyenchant-3.2.2-py3-none-any.whl (55 kB)
     ━━━━━━━━━━━━━━━━━━━━━━━━━━━━━━━━━━━━━━━━ 55.7/55.7 kB 2.7 MB/s eta 0:00:00
Collecting sphinxcontrib-spelling>=4.0.1
  Downloading sphinxcontrib_spelling-8.0.0-py3-none-any.whl (16 kB)
Collecting black
  Using cached black-23.11.0-py3-none-any.whl (191 kB)
Collecting flake8
  Using cached flake8-6.1.0-py2.py3-none-any.whl (58 kB)
Collecting flake8-import-order
  Downloading flake8_import_order-0.18.2-py2.py3-none-any.whl (15 kB)
Collecting pep8-naming
  Downloading pep8_naming-0.13.3-py3-none-any.whl (8.5 kB)
Collecting pycparser
  Using cached pycparser-2.21-py2.py3-none-any.whl (118 kB)
Collecting attrs>=19.2.0
  Using cached attrs-23.1.0-py3-none-any.whl (61 kB)
Collecting sortedcontainers<3.0.0,>=2.1.0
  Using cached sortedcontainers-2.4.0-py2.py3-none-any.whl (29 kB)
Collecting zipp>=0.5
  Using cached zipp-3.17.0-py3-none-any.whl (7.4 kB)
Collecting jaraco.classes
  Using cached jaraco.classes-3.3.0-py3-none-any.whl (5.9 kB)
Collecting SecretStorage>=3.2
  Using cached SecretStorage-3.3.3-py3-none-any.whl (15 kB)
Collecting jeepney>=0.4.2
  Using cached jeepney-0.8.0-py3-none-any.whl (48 kB)
Collecting nh3>=0.2.14
  Using cached nh3-0.2.14-graalpy310-graalpy231_310_native-linux_x86_64.whl
Collecting docutils>=0.13.1
  Using cached docutils-0.20.1-py3-none-any.whl (572 kB)
Collecting Pygments>=2.5.1
  Using cached pygments-2.17.1-py3-none-any.whl (1.2 MB)
Collecting charset-normalizer<4,>=2
  Using cached charset_normalizer-3.1.0-py3-none-any.whl (46 kB)
Collecting idna<4,>=2.5
  Using cached idna-3.4-py3-none-any.whl (61 kB)
Collecting certifi>=2017.4.17
  Using cached certifi-2023.11.17-py3-none-any.whl (162 kB)
Collecting markdown-it-py>=2.2.0
  Using cached markdown_it_py-3.0.0-py3-none-any.whl (87 kB)
Collecting sphinxcontrib-applehelp
  Using cached sphinxcontrib_applehelp-1.0.7-py3-none-any.whl (120 kB)
Collecting sphinxcontrib-devhelp
  Using cached sphinxcontrib_devhelp-1.0.5-py3-none-any.whl (83 kB)
Collecting sphinxcontrib-jsmath
  Using cached sphinxcontrib_jsmath-1.0.1-py2.py3-none-any.whl (5.1 kB)
Collecting sphinxcontrib-htmlhelp>=2.0.0
  Using cached sphinxcontrib_htmlhelp-2.0.4-py3-none-any.whl (99 kB)
Collecting sphinxcontrib-serializinghtml>=1.1.9
  Using cached sphinxcontrib_serializinghtml-1.1.9-py3-none-any.whl (92 kB)
Collecting sphinxcontrib-qthelp
  Using cached sphinxcontrib_qthelp-1.0.6-py3-none-any.whl (89 kB)
Collecting Jinja2>=3.0
  Using cached Jinja2-3.1.2-py3-none-any.whl (133 kB)
Collecting snowballstemmer>=2.0
  Using cached snowballstemmer-2.2.0-py2.py3-none-any.whl (93 kB)
Collecting babel>=2.9
  Using cached Babel-2.13.1-py3-none-any.whl (10.1 MB)
Collecting alabaster<0.8,>=0.7
  Using cached alabaster-0.7.13-py3-none-any.whl (13 kB)
Collecting imagesize>=1.3
  Using cached imagesize-1.4.1-py2.py3-none-any.whl (8.8 kB)
Collecting distlib<1,>=0.3.7
  Using cached distlib-0.3.7-py2.py3-none-any.whl (468 kB)
Collecting platformdirs<4,>=3.9.1
  Using cached platformdirs-3.11.0-py3-none-any.whl (17 kB)
Collecting mypy-extensions>=0.4.3
  Using cached mypy_extensions-1.0.0-py3-none-any.whl (4.7 kB)
Collecting pathspec>=0.9.0
  Using cached pathspec-0.11.2-py3-none-any.whl (29 kB)
Collecting typing-extensions>=4.0.1
  Using cached typing_extensions-4.8.0-py3-none-any.whl (31 kB)
Collecting restructuredtext-lint>=0.7
  Downloading restructuredtext_lint-1.4.0.tar.gz (16 kB)
Looking for GraalPy patches for restructuredtext_lint
  Preparing metadata (setup.py): started
  Preparing metadata (setup.py): finished with status 'done'
Collecting stevedore
  Using cached stevedore-5.1.0-py3-none-any.whl (49 kB)
Collecting mccabe<0.8.0,>=0.7.0
  Using cached mccabe-0.7.0-py2.py3-none-any.whl (7.3 kB)
Collecting pycodestyle<2.12.0,>=2.11.0
  Using cached pycodestyle-2.11.1-py2.py3-none-any.whl (31 kB)
Collecting pyflakes<3.2.0,>=3.1.0
  Using cached pyflakes-3.1.0-py2.py3-none-any.whl (62 kB)
Requirement already satisfied: setuptools in ./.tox/graalpylibtest-unit-test-tests/lib/python3.10/site-packages (from flake8-import-order->cryptography==3.4.7->-r dev-requirements.txt (line 5)) (63.2.0)
Collecting execnet>=1.1
  Downloading execnet-2.0.2-py3-none-any.whl (37 kB)
Collecting sphinx-rtd-theme
  Downloading sphinx_rtd_theme-1.2.2-py2.py3-none-any.whl (2.8 MB)
     ━━━━━━━━━━━━━━━━━━━━━━━━━━━━━━━━━━━━━━━━ 2.8/2.8 MB 10.1 MB/s eta 0:00:00
Collecting sphinx!=1.8.0,!=3.1.0,!=3.1.1,>=1.6.5
  Downloading sphinx-6.2.1-py3-none-any.whl (3.0 MB)
     ━━━━━━━━━━━━━━━━━━━━━━━━━━━━━━━━━━━━━━━━ 3.0/3.0 MB 9.6 MB/s eta 0:00:00
Collecting sphinx-rtd-theme
  Downloading sphinx_rtd_theme-1.2.1-py2.py3-none-any.whl (2.8 MB)
     ━━━━━━━━━━━━━━━━━━━━━━━━━━━━━━━━━━━━━━━━ 2.8/2.8 MB 10.2 MB/s eta 0:00:00
  Downloading sphinx_rtd_theme-1.2.0-py2.py3-none-any.whl (2.8 MB)
     ━━━━━━━━━━━━━━━━━━━━━━━━━━━━━━━━━━━━━━━━ 2.8/2.8 MB 8.3 MB/s eta 0:00:00
  Downloading sphinx_rtd_theme-1.1.1-py2.py3-none-any.whl (2.8 MB)
     ━━━━━━━━━━━━━━━━━━━━━━━━━━━━━━━━━━━━━━━━ 2.8/2.8 MB 11.3 MB/s eta 0:00:00
Collecting sphinx!=1.8.0,!=3.1.0,!=3.1.1,>=1.6.5
  Downloading sphinx-5.3.0-py3-none-any.whl (3.2 MB)
     ━━━━━━━━━━━━━━━━━━━━━━━━━━━━━━━━━━━━━━━━ 3.2/3.2 MB 12.5 MB/s eta 0:00:00
Collecting sphinx-rtd-theme
  Downloading sphinx_rtd_theme-1.1.0-py2.py3-none-any.whl (2.8 MB)
     ━━━━━━━━━━━━━━━━━━━━━━━━━━━━━━━━━━━━━━━━ 2.8/2.8 MB 12.6 MB/s eta 0:00:00
  Downloading sphinx_rtd_theme-1.0.0-py2.py3-none-any.whl (2.8 MB)
     ━━━━━━━━━━━━━━━━━━━━━━━━━━━━━━━━━━━━━━━━ 2.8/2.8 MB 14.9 MB/s eta 0:00:00
  Downloading sphinx_rtd_theme-0.5.2-py2.py3-none-any.whl (9.1 MB)
     ━━━━━━━━━━━━━━━━━━━━━━━━━━━━━━━━━━━━━━━━ 9.1/9.1 MB 12.5 MB/s eta 0:00:00
  Downloading sphinx_rtd_theme-0.5.1-py2.py3-none-any.whl (2.8 MB)
     ━━━━━━━━━━━━━━━━━━━━━━━━━━━━━━━━━━━━━━━━ 2.8/2.8 MB 14.0 MB/s eta 0:00:00
Collecting MarkupSafe>=2.0
  Using cached MarkupSafe-2.1.3-py3-none-any.whl
Collecting mdurl~=0.1
  Using cached mdurl-0.1.2-py3-none-any.whl (10.0 kB)
Collecting more-itertools
  Using cached more_itertools-10.1.0-py3-none-any.whl (55 kB)
Collecting pbr!=2.1.0,>=2.0.0
  Using cached pbr-6.0.0-py2.py3-none-any.whl (107 kB)
Building wheels for collected packages: cryptography, restructuredtext-lint
  Building editable for cryptography (pyproject.toml): started
  Building editable for cryptography (pyproject.toml): finished with status 'error'
  error: subprocess-exited-with-error
  
  × Building editable for cryptography (pyproject.toml) did not run successfully.
  │ exit code: 1
  ╰─> [621 lines of output]
      running editable_wheel
      creating /tmp/pip-wheel-5h96st5p/.tmp-32jbthmc/cryptography.egg-info
      writing /tmp/pip-wheel-5h96st5p/.tmp-32jbthmc/cryptography.egg-info/PKG-INFO
      writing dependency_links to /tmp/pip-wheel-5h96st5p/.tmp-32jbthmc/cryptography.egg-info/dependency_links.txt
      writing requirements to /tmp/pip-wheel-5h96st5p/.tmp-32jbthmc/cryptography.egg-info/requires.txt
      writing top-level names to /tmp/pip-wheel-5h96st5p/.tmp-32jbthmc/cryptography.egg-info/top_level.txt
      writing manifest file '/tmp/pip-wheel-5h96st5p/.tmp-32jbthmc/cryptography.egg-info/SOURCES.txt'
      reading manifest file '/tmp/pip-wheel-5h96st5p/.tmp-32jbthmc/cryptography.egg-info/SOURCES.txt'
      reading manifest template 'MANIFEST.in'
      no previously-included directories found matching 'docs/_build'
      warning: no previously-included files found matching 'vectors'
      warning: no previously-included files matching '*' found under directory 'vectors'
      warning: no previously-included files matching '*' found under directory '.github'
      warning: no previously-included files found matching 'release.py'
      warning: no previously-included files found matching '.coveragerc'
      warning: no previously-included files found matching 'codecov.yml'
      warning: no previously-included files found matching '.readthedocs.yml'
      warning: no previously-included files found matching 'dev-requirements.txt'
      warning: no previously-included files found matching 'tox.ini'
      warning: no previously-included files found matching 'mypy.ini'
      warning: no previously-included files matching '*' found under directory '.zuul.d'
      warning: no previously-included files matching '*' found under directory '.zuul.playbooks'
      adding license file 'LICENSE'
      adding license file 'LICENSE.APACHE'
      adding license file 'LICENSE.BSD'
      adding license file 'LICENSE.PSF'
      writing manifest file '/tmp/pip-wheel-5h96st5p/.tmp-32jbthmc/cryptography.egg-info/SOURCES.txt'
      creating '/tmp/pip-wheel-5h96st5p/.tmp-32jbthmc/cryptography-3.4.7.dist-info'
      creating /tmp/pip-wheel-5h96st5p/.tmp-32jbthmc/cryptography-3.4.7.dist-info/WHEEL
      running build_py
      running build_ext
      generating cffi module '/tmp/tmpqjatdpgb.build-temp/_padding.c'
      generating cffi module '/tmp/tmpqjatdpgb.build-temp/_openssl.c'
      building '_openssl' extension
      creating /tmp/tmpqjatdpgb.build-temp/tmp
      creating /tmp/tmpqjatdpgb.build-temp/tmp/tmpqjatdpgb.build-temp
      gcc -DNDEBUG -D_GNU_SOURCE=1 -fPIC -I/workdir/cryptography-3.4.7/.tox/graalpylibtest-unit-test-tests/include -I/opt/graalpy/include/python3.10 -c /tmp/tmpqjatdpgb.build-temp/_openssl.c -o /tmp/tmpqjatdpgb.build-temp/tmp/tmpqjatdpgb.build-temp/_openssl.o -Wconversion -Wno-error=sign-conversion
      /tmp/tmpqjatdpgb.build-temp/_openssl.c: In function ‘Cryptography_pem_password_cb’:
      /tmp/tmpqjatdpgb.build-temp/_openssl.c:2386:37: warning: conversion to ‘size_t’ {aka ‘long unsigned int’} from ‘int’ may change the sign of the result [-Wsign-conversion]
               memcpy(buf, st->password, st->length);
                                         ~~^~~~~~~~
      /tmp/tmpqjatdpgb.build-temp/_openssl.c: In function ‘_cffi_d_ASN1_STRING_data’:
      /tmp/tmpqjatdpgb.build-temp/_openssl.c:9133:3: warning: ‘ASN1_STRING_data’ is deprecated [-Wdeprecated-declarations]
         return ASN1_STRING_data(x0);
         ^~~~~~
      In file included from /usr/include/openssl/opensslconf.h:42,
                       from /usr/include/openssl/e_os2.h:13,
                       from /tmp/tmpqjatdpgb.build-temp/_openssl.c:589:
      /usr/include/openssl/asn1.h:554:1: note: declared here
       DEPRECATEDIN_1_1_0(unsigned char *ASN1_STRING_data(ASN1_STRING *x))
       ^~~~~~~~~~~~~~~~~~
      /tmp/tmpqjatdpgb.build-temp/_openssl.c: In function ‘_cffi_f_ASN1_STRING_data’:
      /tmp/tmpqjatdpgb.build-temp/_openssl.c:9156:3: warning: ‘ASN1_STRING_data’ is deprecated [-Wdeprecated-declarations]
         { result = ASN1_STRING_data(x0); }
         ^
      In file included from /usr/include/openssl/opensslconf.h:42,
                       from /usr/include/openssl/e_os2.h:13,
                       from /tmp/tmpqjatdpgb.build-temp/_openssl.c:589:
      /usr/include/openssl/asn1.h:554:1: note: declared here
       DEPRECATEDIN_1_1_0(unsigned char *ASN1_STRING_data(ASN1_STRING *x))
       ^~~~~~~~~~~~~~~~~~
      /tmp/tmpqjatdpgb.build-temp/_openssl.c: In function ‘_cffi_d_BIO_s_datagram’:
      /tmp/tmpqjatdpgb.build-temp/_openssl.c:10325:10: warning: return discards ‘const’ qualifier from pointer target type [-Wdiscarded-qualifiers]
         return BIO_s_datagram();
                ^~~~~~~~~~~~~~~~
      /tmp/tmpqjatdpgb.build-temp/_openssl.c: In function ‘_cffi_f_BIO_s_datagram’:
      /tmp/tmpqjatdpgb.build-temp/_openssl.c:10336:12: warning: assignment discards ‘const’ qualifier from pointer target type [-Wdiscarded-qualifiers]
         { result = BIO_s_datagram(); }
                  ^
      /tmp/tmpqjatdpgb.build-temp/_openssl.c: In function ‘_cffi_d_BIO_s_mem’:
      /tmp/tmpqjatdpgb.build-temp/_openssl.c:10351:10: warning: return discards ‘const’ qualifier from pointer target type [-Wdiscarded-qualifiers]
         return BIO_s_mem();
                ^~~~~~~~~~~
      /tmp/tmpqjatdpgb.build-temp/_openssl.c: In function ‘_cffi_f_BIO_s_mem’:
      /tmp/tmpqjatdpgb.build-temp/_openssl.c:10362:12: warning: assignment discards ‘const’ qualifier from pointer target type [-Wdiscarded-qualifiers]
         { result = BIO_s_mem(); }
                  ^
      /tmp/tmpqjatdpgb.build-temp/_openssl.c: In function ‘_cffi_d_DTLSv1_client_method’:
      /tmp/tmpqjatdpgb.build-temp/_openssl.c:15467:3: warning: ‘DTLSv1_client_method’ is deprecated [-Wdeprecated-declarations]
         return DTLSv1_client_method();
         ^~~~~~
      In file included from /usr/include/openssl/opensslconf.h:42,
                       from /usr/include/openssl/e_os2.h:13,
                       from /tmp/tmpqjatdpgb.build-temp/_openssl.c:589:
      /usr/include/openssl/ssl.h:1897:1: note: declared here
       DEPRECATEDIN_1_1_0(__owur const SSL_METHOD *DTLSv1_client_method(void))
       ^~~~~~~~~~~~~~~~~~
      /tmp/tmpqjatdpgb.build-temp/_openssl.c: In function ‘_cffi_f_DTLSv1_client_method’:
      /tmp/tmpqjatdpgb.build-temp/_openssl.c:15478:3: warning: ‘DTLSv1_client_method’ is deprecated [-Wdeprecated-declarations]
         { result = DTLSv1_client_method(); }
         ^
      In file included from /usr/include/openssl/opensslconf.h:42,
                       from /usr/include/openssl/e_os2.h:13,
                       from /tmp/tmpqjatdpgb.build-temp/_openssl.c:589:
      /usr/include/openssl/ssl.h:1897:1: note: declared here
       DEPRECATEDIN_1_1_0(__owur const SSL_METHOD *DTLSv1_client_method(void))
       ^~~~~~~~~~~~~~~~~~
      /tmp/tmpqjatdpgb.build-temp/_openssl.c: In function ‘_cffi_d_DTLSv1_method’:
      /tmp/tmpqjatdpgb.build-temp/_openssl.c:15531:3: warning: ‘DTLSv1_method’ is deprecated [-Wdeprecated-declarations]
         return DTLSv1_method();
         ^~~~~~
      In file included from /usr/include/openssl/opensslconf.h:42,
                       from /usr/include/openssl/e_os2.h:13,
                       from /tmp/tmpqjatdpgb.build-temp/_openssl.c:589:
      /usr/include/openssl/ssl.h:1895:1: note: declared here
       DEPRECATEDIN_1_1_0(__owur const SSL_METHOD *DTLSv1_method(void)) /* DTLSv1.0 */
       ^~~~~~~~~~~~~~~~~~
      /tmp/tmpqjatdpgb.build-temp/_openssl.c: In function ‘_cffi_f_DTLSv1_method’:
      /tmp/tmpqjatdpgb.build-temp/_openssl.c:15542:3: warning: ‘DTLSv1_method’ is deprecated [-Wdeprecated-declarations]
         { result = DTLSv1_method(); }
         ^
      In file included from /usr/include/openssl/opensslconf.h:42,
                       from /usr/include/openssl/e_os2.h:13,
                       from /tmp/tmpqjatdpgb.build-temp/_openssl.c:589:
      /usr/include/openssl/ssl.h:1895:1: note: declared here
       DEPRECATEDIN_1_1_0(__owur const SSL_METHOD *DTLSv1_method(void)) /* DTLSv1.0 */
       ^~~~~~~~~~~~~~~~~~
      /tmp/tmpqjatdpgb.build-temp/_openssl.c: In function ‘_cffi_d_DTLSv1_server_method’:
      /tmp/tmpqjatdpgb.build-temp/_openssl.c:15557:3: warning: ‘DTLSv1_server_method’ is deprecated [-Wdeprecated-declarations]
         return DTLSv1_server_method();
         ^~~~~~
      In file included from /usr/include/openssl/opensslconf.h:42,
                       from /usr/include/openssl/e_os2.h:13,
                       from /tmp/tmpqjatdpgb.build-temp/_openssl.c:589:
      /usr/include/openssl/ssl.h:1896:1: note: declared here
       DEPRECATEDIN_1_1_0(__owur const SSL_METHOD *DTLSv1_server_method(void))
       ^~~~~~~~~~~~~~~~~~
      /tmp/tmpqjatdpgb.build-temp/_openssl.c: In function ‘_cffi_f_DTLSv1_server_method’:
      /tmp/tmpqjatdpgb.build-temp/_openssl.c:15568:3: warning: ‘DTLSv1_server_method’ is deprecated [-Wdeprecated-declarations]
         { result = DTLSv1_server_method(); }
         ^
      In file included from /usr/include/openssl/opensslconf.h:42,
                       from /usr/include/openssl/e_os2.h:13,
                       from /tmp/tmpqjatdpgb.build-temp/_openssl.c:589:
      /usr/include/openssl/ssl.h:1896:1: note: declared here
       DEPRECATEDIN_1_1_0(__owur const SSL_METHOD *DTLSv1_server_method(void))
       ^~~~~~~~~~~~~~~~~~
      /tmp/tmpqjatdpgb.build-temp/_openssl.c: In function ‘_cffi_d_OCSP_resp_get0_certs’:
      /tmp/tmpqjatdpgb.build-temp/_openssl.c:26207:10: warning: return discards ‘const’ qualifier from pointer target type [-Wdiscarded-qualifiers]
         return OCSP_resp_get0_certs(x0);
                ^~~~~~~~~~~~~~~~~~~~~~~~
      /tmp/tmpqjatdpgb.build-temp/_openssl.c: In function ‘_cffi_f_OCSP_resp_get0_certs’:
      /tmp/tmpqjatdpgb.build-temp/_openssl.c:26230:12: warning: assignment discards ‘const’ qualifier from pointer target type [-Wdiscarded-qualifiers]
         { result = OCSP_resp_get0_certs(x0); }
                  ^
      /tmp/tmpqjatdpgb.build-temp/_openssl.c: In function ‘_cffi_d_OPENSSL_config’:
      /tmp/tmpqjatdpgb.build-temp/_openssl.c:26695:3: warning: ‘OPENSSL_config’ is deprecated [-Wdeprecated-declarations]
         OPENSSL_config(x0);
         ^~~~~~~~~~~~~~
      In file included from /usr/include/openssl/opensslconf.h:42,
                       from /usr/include/openssl/e_os2.h:13,
                       from /tmp/tmpqjatdpgb.build-temp/_openssl.c:589:
      /usr/include/openssl/conf.h:91:1: note: declared here
       DEPRECATEDIN_1_1_0(void OPENSSL_config(const char *config_name))
       ^~~~~~~~~~~~~~~~~~
      /tmp/tmpqjatdpgb.build-temp/_openssl.c: In function ‘_cffi_f_OPENSSL_config’:
      /tmp/tmpqjatdpgb.build-temp/_openssl.c:26716:3: warning: ‘OPENSSL_config’ is deprecated [-Wdeprecated-declarations]
         { OPENSSL_config(x0); }
         ^
      In file included from /usr/include/openssl/opensslconf.h:42,
                       from /usr/include/openssl/e_os2.h:13,
                       from /tmp/tmpqjatdpgb.build-temp/_openssl.c:589:
      /usr/include/openssl/conf.h:91:1: note: declared here
       DEPRECATEDIN_1_1_0(void OPENSSL_config(const char *config_name))
       ^~~~~~~~~~~~~~~~~~
      /tmp/tmpqjatdpgb.build-temp/_openssl.c: In function ‘_cffi_d_SSL_CTX_add_extra_chain_cert’:
      /tmp/tmpqjatdpgb.build-temp/_openssl.c:31586:10: warning: conversion to ‘long unsigned int’ from ‘long int’ may change the sign of the result [-Wsign-conversion]
         return SSL_CTX_add_extra_chain_cert(x0, x1);
                ^~~~~~~~~~~~~~~~~~~~~~~~~~~~
      /tmp/tmpqjatdpgb.build-temp/_openssl.c: In function ‘_cffi_f_SSL_CTX_add_extra_chain_cert’:
      /tmp/tmpqjatdpgb.build-temp/_openssl.c:31624:14: warning: conversion to ‘long unsigned int’ from ‘long int’ may change the sign of the result [-Wsign-conversion]
         { result = SSL_CTX_add_extra_chain_cert(x0, x1); }
                    ^~~~~~~~~~~~~~~~~~~~~~~~~~~~
      /tmp/tmpqjatdpgb.build-temp/_openssl.c: In function ‘_cffi_d_SSL_CTX_clear_mode’:
      /tmp/tmpqjatdpgb.build-temp/_openssl.c:31765:10: warning: conversion to ‘long int’ from ‘long unsigned int’ may change the sign of the result [-Wsign-conversion]
         return SSL_CTX_clear_mode(x0, x1);
                ^~~~~~~~~~~~~~~~~~
      /tmp/tmpqjatdpgb.build-temp/_openssl.c:31765:10: warning: conversion to ‘long unsigned int’ from ‘long int’ may change the sign of the result [-Wsign-conversion]
      /tmp/tmpqjatdpgb.build-temp/_openssl.c: In function ‘_cffi_f_SSL_CTX_clear_mode’:
      /tmp/tmpqjatdpgb.build-temp/_openssl.c:31798:14: warning: conversion to ‘long int’ from ‘long unsigned int’ may change the sign of the result [-Wsign-conversion]
         { result = SSL_CTX_clear_mode(x0, x1); }
                    ^~~~~~~~~~~~~~~~~~
      /tmp/tmpqjatdpgb.build-temp/_openssl.c:31798:14: warning: conversion to ‘long unsigned int’ from ‘long int’ may change the sign of the result [-Wsign-conversion]
      /tmp/tmpqjatdpgb.build-temp/_openssl.c: In function ‘_cffi_d_SSL_CTX_get_mode’:
      /tmp/tmpqjatdpgb.build-temp/_openssl.c:32254:10: warning: conversion to ‘long unsigned int’ from ‘long int’ may change the sign of the result [-Wsign-conversion]
         return SSL_CTX_get_mode(x0);
                ^~~~~~~~~~~~~~~~
      /tmp/tmpqjatdpgb.build-temp/_openssl.c: In function ‘_cffi_f_SSL_CTX_get_mode’:
      /tmp/tmpqjatdpgb.build-temp/_openssl.c:32277:14: warning: conversion to ‘long unsigned int’ from ‘long int’ may change the sign of the result [-Wsign-conversion]
         { result = SSL_CTX_get_mode(x0); }
                    ^~~~~~~~~~~~~~~~
      /tmp/tmpqjatdpgb.build-temp/_openssl.c: In function ‘_cffi_d_SSL_CTX_get_session_cache_mode’:
      /tmp/tmpqjatdpgb.build-temp/_openssl.c:32368:10: warning: conversion to ‘long unsigned int’ from ‘long int’ may change the sign of the result [-Wsign-conversion]
         return SSL_CTX_get_session_cache_mode(x0);
                ^~~~~~~~~~~~~~~~~~~~~~~~~~~~~~
      /tmp/tmpqjatdpgb.build-temp/_openssl.c: In function ‘_cffi_f_SSL_CTX_get_session_cache_mode’:
      /tmp/tmpqjatdpgb.build-temp/_openssl.c:32391:14: warning: conversion to ‘long unsigned int’ from ‘long int’ may change the sign of the result [-Wsign-conversion]
         { result = SSL_CTX_get_session_cache_mode(x0); }
                    ^~~~~~~~~~~~~~~~~~~~~~~~~~~~~~
      /tmp/tmpqjatdpgb.build-temp/_openssl.c: In function ‘_cffi_d_SSL_CTX_set_mode’:
      /tmp/tmpqjatdpgb.build-temp/_openssl.c:34093:10: warning: conversion to ‘long int’ from ‘long unsigned int’ may change the sign of the result [-Wsign-conversion]
         return SSL_CTX_set_mode(x0, x1);
                ^~~~~~~~~~~~~~~~
      /tmp/tmpqjatdpgb.build-temp/_openssl.c:34093:10: warning: conversion to ‘long unsigned int’ from ‘long int’ may change the sign of the result [-Wsign-conversion]
      /tmp/tmpqjatdpgb.build-temp/_openssl.c: In function ‘_cffi_f_SSL_CTX_set_mode’:
      /tmp/tmpqjatdpgb.build-temp/_openssl.c:34126:14: warning: conversion to ‘long int’ from ‘long unsigned int’ may change the sign of the result [-Wsign-conversion]
         { result = SSL_CTX_set_mode(x0, x1); }
                    ^~~~~~~~~~~~~~~~
      /tmp/tmpqjatdpgb.build-temp/_openssl.c:34126:14: warning: conversion to ‘long unsigned int’ from ‘long int’ may change the sign of the result [-Wsign-conversion]
      In file included from /tmp/tmpqjatdpgb.build-temp/_openssl.c:815:
      /tmp/tmpqjatdpgb.build-temp/_openssl.c: In function ‘_cffi_d_SSL_CTX_set_session_cache_mode’:
      /tmp/tmpqjatdpgb.build-temp/_openssl.c:34375:45: warning: conversion to ‘long int’ from ‘long unsigned int’ may change the sign of the result [-Wsign-conversion]
         return SSL_CTX_set_session_cache_mode(x0, x1);
                                                   ^~
      /tmp/tmpqjatdpgb.build-temp/_openssl.c:34375:10: warning: conversion to ‘long unsigned int’ from ‘long int’ may change the sign of the result [-Wsign-conversion]
         return SSL_CTX_set_session_cache_mode(x0, x1);
                ^~~~~~~~~~~~~~~~~~~~~~~~~~~~~~
      In file included from /tmp/tmpqjatdpgb.build-temp/_openssl.c:815:
      /tmp/tmpqjatdpgb.build-temp/_openssl.c: In function ‘_cffi_f_SSL_CTX_set_session_cache_mode’:
      /tmp/tmpqjatdpgb.build-temp/_openssl.c:34408:49: warning: conversion to ‘long int’ from ‘long unsigned int’ may change the sign of the result [-Wsign-conversion]
         { result = SSL_CTX_set_session_cache_mode(x0, x1); }
                                                       ^~
      /tmp/tmpqjatdpgb.build-temp/_openssl.c:34408:14: warning: conversion to ‘long unsigned int’ from ‘long int’ may change the sign of the result [-Wsign-conversion]
         { result = SSL_CTX_set_session_cache_mode(x0, x1); }
                    ^~~~~~~~~~~~~~~~~~~~~~~~~~~~~~
      /tmp/tmpqjatdpgb.build-temp/_openssl.c: In function ‘_cffi_d_SSL_CTX_set_tmp_dh’:
      /tmp/tmpqjatdpgb.build-temp/_openssl.c:34781:10: warning: conversion to ‘long unsigned int’ from ‘long int’ may change the sign of the result [-Wsign-conversion]
         return SSL_CTX_set_tmp_dh(x0, x1);
                ^~~~~~~~~~~~~~~~~~
      /tmp/tmpqjatdpgb.build-temp/_openssl.c: In function ‘_cffi_f_SSL_CTX_set_tmp_dh’:
      /tmp/tmpqjatdpgb.build-temp/_openssl.c:34819:14: warning: conversion to ‘long unsigned int’ from ‘long int’ may change the sign of the result [-Wsign-conversion]
         { result = SSL_CTX_set_tmp_dh(x0, x1); }
                    ^~~~~~~~~~~~~~~~~~
      /tmp/tmpqjatdpgb.build-temp/_openssl.c: In function ‘_cffi_d_SSL_CTX_set_tmp_ecdh’:
      /tmp/tmpqjatdpgb.build-temp/_openssl.c:34834:10: warning: conversion to ‘long unsigned int’ from ‘long int’ may change the sign of the result [-Wsign-conversion]
         return SSL_CTX_set_tmp_ecdh(x0, x1);
                ^~~~~~~~~~~~~~~~~~~~
      /tmp/tmpqjatdpgb.build-temp/_openssl.c: In function ‘_cffi_f_SSL_CTX_set_tmp_ecdh’:
      /tmp/tmpqjatdpgb.build-temp/_openssl.c:34872:14: warning: conversion to ‘long unsigned int’ from ‘long int’ may change the sign of the result [-Wsign-conversion]
         { result = SSL_CTX_set_tmp_ecdh(x0, x1); }
                    ^~~~~~~~~~~~~~~~~~~~
      /tmp/tmpqjatdpgb.build-temp/_openssl.c: In function ‘_cffi_d_SSL_SESSION_get_ticket_lifetime_hint’:
      /tmp/tmpqjatdpgb.build-temp/_openssl.c:35501:10: warning: conversion to ‘long int’ from ‘long unsigned int’ may change the sign of the result [-Wsign-conversion]
         return SSL_SESSION_get_ticket_lifetime_hint(x0);
                ^~~~~~~~~~~~~~~~~~~~~~~~~~~~~~~~~~~~~~~~
      /tmp/tmpqjatdpgb.build-temp/_openssl.c: In function ‘_cffi_f_SSL_SESSION_get_ticket_lifetime_hint’:
      /tmp/tmpqjatdpgb.build-temp/_openssl.c:35524:14: warning: conversion to ‘long int’ from ‘long unsigned int’ may change the sign of the result [-Wsign-conversion]
         { result = SSL_SESSION_get_ticket_lifetime_hint(x0); }
                    ^~~~~~~~~~~~~~~~~~~~~~~~~~~~~~~~~~~~
      /tmp/tmpqjatdpgb.build-temp/_openssl.c: In function ‘_cffi_d_SSL_clear_mode’:
      /tmp/tmpqjatdpgb.build-temp/_openssl.c:35712:10: warning: conversion to ‘long int’ from ‘long unsigned int’ may change the sign of the result [-Wsign-conversion]
         return SSL_clear_mode(x0, x1);
                ^~~~~~~~~~~~~~
      /tmp/tmpqjatdpgb.build-temp/_openssl.c:35712:10: warning: conversion to ‘long unsigned int’ from ‘long int’ may change the sign of the result [-Wsign-conversion]
      /tmp/tmpqjatdpgb.build-temp/_openssl.c: In function ‘_cffi_f_SSL_clear_mode’:
      /tmp/tmpqjatdpgb.build-temp/_openssl.c:35745:14: warning: conversion to ‘long int’ from ‘long unsigned int’ may change the sign of the result [-Wsign-conversion]
         { result = SSL_clear_mode(x0, x1); }
                    ^~~~~~~~~~~~~~
      /tmp/tmpqjatdpgb.build-temp/_openssl.c:35745:14: warning: conversion to ‘long unsigned int’ from ‘long int’ may change the sign of the result [-Wsign-conversion]
      /tmp/tmpqjatdpgb.build-temp/_openssl.c: In function ‘_cffi_d_SSL_get_mode’:
      /tmp/tmpqjatdpgb.build-temp/_openssl.c:36698:10: warning: conversion to ‘long unsigned int’ from ‘long int’ may change the sign of the result [-Wsign-conversion]
         return SSL_get_mode(x0);
                ^~~~~~~~~~~~
      /tmp/tmpqjatdpgb.build-temp/_openssl.c: In function ‘_cffi_f_SSL_get_mode’:
      /tmp/tmpqjatdpgb.build-temp/_openssl.c:36721:14: warning: conversion to ‘long unsigned int’ from ‘long int’ may change the sign of the result [-Wsign-conversion]
         { result = SSL_get_mode(x0); }
                    ^~~~~~~~~~~~
      /tmp/tmpqjatdpgb.build-temp/_openssl.c: In function ‘_cffi_d_SSL_set_mode’:
      /tmp/tmpqjatdpgb.build-temp/_openssl.c:38512:10: warning: conversion to ‘long int’ from ‘long unsigned int’ may change the sign of the result [-Wsign-conversion]
         return SSL_set_mode(x0, x1);
                ^~~~~~~~~~~~
      /tmp/tmpqjatdpgb.build-temp/_openssl.c:38512:10: warning: conversion to ‘long unsigned int’ from ‘long int’ may change the sign of the result [-Wsign-conversion]
      /tmp/tmpqjatdpgb.build-temp/_openssl.c: In function ‘_cffi_f_SSL_set_mode’:
      /tmp/tmpqjatdpgb.build-temp/_openssl.c:38545:14: warning: conversion to ‘long int’ from ‘long unsigned int’ may change the sign of the result [-Wsign-conversion]
         { result = SSL_set_mode(x0, x1); }
                    ^~~~~~~~~~~~
      /tmp/tmpqjatdpgb.build-temp/_openssl.c:38545:14: warning: conversion to ‘long unsigned int’ from ‘long int’ may change the sign of the result [-Wsign-conversion]
      /tmp/tmpqjatdpgb.build-temp/_openssl.c: In function ‘_cffi_d_TLSv1_1_client_method’:
      /tmp/tmpqjatdpgb.build-temp/_openssl.c:39649:3: warning: ‘TLSv1_1_client_method’ is deprecated [-Wdeprecated-declarations]
         return TLSv1_1_client_method();
         ^~~~~~
      In file included from /usr/include/openssl/opensslconf.h:42,
                       from /usr/include/openssl/e_os2.h:13,
                       from /tmp/tmpqjatdpgb.build-temp/_openssl.c:589:
      /usr/include/openssl/ssl.h:1885:1: note: declared here
       DEPRECATEDIN_1_1_0(__owur const SSL_METHOD *TLSv1_1_client_method(void))
       ^~~~~~~~~~~~~~~~~~
      /tmp/tmpqjatdpgb.build-temp/_openssl.c: In function ‘_cffi_f_TLSv1_1_client_method’:
      /tmp/tmpqjatdpgb.build-temp/_openssl.c:39660:3: warning: ‘TLSv1_1_client_method’ is deprecated [-Wdeprecated-declarations]
         { result = TLSv1_1_client_method(); }
         ^
      In file included from /usr/include/openssl/opensslconf.h:42,
                       from /usr/include/openssl/e_os2.h:13,
                       from /tmp/tmpqjatdpgb.build-temp/_openssl.c:589:
      /usr/include/openssl/ssl.h:1885:1: note: declared here
       DEPRECATEDIN_1_1_0(__owur const SSL_METHOD *TLSv1_1_client_method(void))
       ^~~~~~~~~~~~~~~~~~
      /tmp/tmpqjatdpgb.build-temp/_openssl.c: In function ‘_cffi_d_TLSv1_1_method’:
      /tmp/tmpqjatdpgb.build-temp/_openssl.c:39675:3: warning: ‘TLSv1_1_method’ is deprecated [-Wdeprecated-declarations]
         return TLSv1_1_method();
         ^~~~~~
      In file included from /usr/include/openssl/opensslconf.h:42,
                       from /usr/include/openssl/e_os2.h:13,
                       from /tmp/tmpqjatdpgb.build-temp/_openssl.c:589:
      /usr/include/openssl/ssl.h:1883:1: note: declared here
       DEPRECATEDIN_1_1_0(__owur const SSL_METHOD *TLSv1_1_method(void)) /* TLSv1.1 */
       ^~~~~~~~~~~~~~~~~~
      /tmp/tmpqjatdpgb.build-temp/_openssl.c: In function ‘_cffi_f_TLSv1_1_method’:
      /tmp/tmpqjatdpgb.build-temp/_openssl.c:39686:3: warning: ‘TLSv1_1_method’ is deprecated [-Wdeprecated-declarations]
         { result = TLSv1_1_method(); }
         ^
      In file included from /usr/include/openssl/opensslconf.h:42,
                       from /usr/include/openssl/e_os2.h:13,
                       from /tmp/tmpqjatdpgb.build-temp/_openssl.c:589:
      /usr/include/openssl/ssl.h:1883:1: note: declared here
       DEPRECATEDIN_1_1_0(__owur const SSL_METHOD *TLSv1_1_method(void)) /* TLSv1.1 */
       ^~~~~~~~~~~~~~~~~~
      /tmp/tmpqjatdpgb.build-temp/_openssl.c: In function ‘_cffi_d_TLSv1_1_server_method’:
      /tmp/tmpqjatdpgb.build-temp/_openssl.c:39701:3: warning: ‘TLSv1_1_server_method’ is deprecated [-Wdeprecated-declarations]
         return TLSv1_1_server_method();
         ^~~~~~
      In file included from /usr/include/openssl/opensslconf.h:42,
                       from /usr/include/openssl/e_os2.h:13,
                       from /tmp/tmpqjatdpgb.build-temp/_openssl.c:589:
      /usr/include/openssl/ssl.h:1884:1: note: declared here
       DEPRECATEDIN_1_1_0(__owur const SSL_METHOD *TLSv1_1_server_method(void))
       ^~~~~~~~~~~~~~~~~~
      /tmp/tmpqjatdpgb.build-temp/_openssl.c: In function ‘_cffi_f_TLSv1_1_server_method’:
      /tmp/tmpqjatdpgb.build-temp/_openssl.c:39712:3: warning: ‘TLSv1_1_server_method’ is deprecated [-Wdeprecated-declarations]
         { result = TLSv1_1_server_method(); }
         ^
      In file included from /usr/include/openssl/opensslconf.h:42,
                       from /usr/include/openssl/e_os2.h:13,
                       from /tmp/tmpqjatdpgb.build-temp/_openssl.c:589:
      /usr/include/openssl/ssl.h:1884:1: note: declared here
       DEPRECATEDIN_1_1_0(__owur const SSL_METHOD *TLSv1_1_server_method(void))
       ^~~~~~~~~~~~~~~~~~
      /tmp/tmpqjatdpgb.build-temp/_openssl.c: In function ‘_cffi_d_TLSv1_2_client_method’:
      /tmp/tmpqjatdpgb.build-temp/_openssl.c:39727:3: warning: ‘TLSv1_2_client_method’ is deprecated [-Wdeprecated-declarations]
         return TLSv1_2_client_method();
         ^~~~~~
      In file included from /usr/include/openssl/opensslconf.h:42,
                       from /usr/include/openssl/e_os2.h:13,
                       from /tmp/tmpqjatdpgb.build-temp/_openssl.c:589:
      /usr/include/openssl/ssl.h:1891:1: note: declared here
       DEPRECATEDIN_1_1_0(__owur const SSL_METHOD *TLSv1_2_client_method(void))
       ^~~~~~~~~~~~~~~~~~
      /tmp/tmpqjatdpgb.build-temp/_openssl.c: In function ‘_cffi_f_TLSv1_2_client_method’:
      /tmp/tmpqjatdpgb.build-temp/_openssl.c:39738:3: warning: ‘TLSv1_2_client_method’ is deprecated [-Wdeprecated-declarations]
         { result = TLSv1_2_client_method(); }
         ^
      In file included from /usr/include/openssl/opensslconf.h:42,
                       from /usr/include/openssl/e_os2.h:13,
                       from /tmp/tmpqjatdpgb.build-temp/_openssl.c:589:
      /usr/include/openssl/ssl.h:1891:1: note: declared here
       DEPRECATEDIN_1_1_0(__owur const SSL_METHOD *TLSv1_2_client_method(void))
       ^~~~~~~~~~~~~~~~~~
      /tmp/tmpqjatdpgb.build-temp/_openssl.c: In function ‘_cffi_d_TLSv1_2_method’:
      /tmp/tmpqjatdpgb.build-temp/_openssl.c:39753:3: warning: ‘TLSv1_2_method’ is deprecated [-Wdeprecated-declarations]
         return TLSv1_2_method();
         ^~~~~~
      In file included from /usr/include/openssl/opensslconf.h:42,
                       from /usr/include/openssl/e_os2.h:13,
                       from /tmp/tmpqjatdpgb.build-temp/_openssl.c:589:
      /usr/include/openssl/ssl.h:1889:1: note: declared here
       DEPRECATEDIN_1_1_0(__owur const SSL_METHOD *TLSv1_2_method(void)) /* TLSv1.2 */
       ^~~~~~~~~~~~~~~~~~
      /tmp/tmpqjatdpgb.build-temp/_openssl.c: In function ‘_cffi_f_TLSv1_2_method’:
      /tmp/tmpqjatdpgb.build-temp/_openssl.c:39764:3: warning: ‘TLSv1_2_method’ is deprecated [-Wdeprecated-declarations]
         { result = TLSv1_2_method(); }
         ^
      In file included from /usr/include/openssl/opensslconf.h:42,
                       from /usr/include/openssl/e_os2.h:13,
                       from /tmp/tmpqjatdpgb.build-temp/_openssl.c:589:
      /usr/include/openssl/ssl.h:1889:1: note: declared here
       DEPRECATEDIN_1_1_0(__owur const SSL_METHOD *TLSv1_2_method(void)) /* TLSv1.2 */
       ^~~~~~~~~~~~~~~~~~
      /tmp/tmpqjatdpgb.build-temp/_openssl.c: In function ‘_cffi_d_TLSv1_2_server_method’:
      /tmp/tmpqjatdpgb.build-temp/_openssl.c:39779:3: warning: ‘TLSv1_2_server_method’ is deprecated [-Wdeprecated-declarations]
         return TLSv1_2_server_method();
         ^~~~~~
      In file included from /usr/include/openssl/opensslconf.h:42,
                       from /usr/include/openssl/e_os2.h:13,
                       from /tmp/tmpqjatdpgb.build-temp/_openssl.c:589:
      /usr/include/openssl/ssl.h:1890:1: note: declared here
       DEPRECATEDIN_1_1_0(__owur const SSL_METHOD *TLSv1_2_server_method(void))
       ^~~~~~~~~~~~~~~~~~
      /tmp/tmpqjatdpgb.build-temp/_openssl.c: In function ‘_cffi_f_TLSv1_2_server_method’:
      /tmp/tmpqjatdpgb.build-temp/_openssl.c:39790:3: warning: ‘TLSv1_2_server_method’ is deprecated [-Wdeprecated-declarations]
         { result = TLSv1_2_server_method(); }
         ^
      In file included from /usr/include/openssl/opensslconf.h:42,
                       from /usr/include/openssl/e_os2.h:13,
                       from /tmp/tmpqjatdpgb.build-temp/_openssl.c:589:
      /usr/include/openssl/ssl.h:1890:1: note: declared here
       DEPRECATEDIN_1_1_0(__owur const SSL_METHOD *TLSv1_2_server_method(void))
       ^~~~~~~~~~~~~~~~~~
      /tmp/tmpqjatdpgb.build-temp/_openssl.c: In function ‘_cffi_d_TLSv1_client_method’:
      /tmp/tmpqjatdpgb.build-temp/_openssl.c:39805:3: warning: ‘TLSv1_client_method’ is deprecated [-Wdeprecated-declarations]
         return TLSv1_client_method();
         ^~~~~~
      In file included from /usr/include/openssl/opensslconf.h:42,
                       from /usr/include/openssl/e_os2.h:13,
                       from /tmp/tmpqjatdpgb.build-temp/_openssl.c:589:
      /usr/include/openssl/ssl.h:1879:1: note: declared here
       DEPRECATEDIN_1_1_0(__owur const SSL_METHOD *TLSv1_client_method(void))
       ^~~~~~~~~~~~~~~~~~
      /tmp/tmpqjatdpgb.build-temp/_openssl.c: In function ‘_cffi_f_TLSv1_client_method’:
      /tmp/tmpqjatdpgb.build-temp/_openssl.c:39816:3: warning: ‘TLSv1_client_method’ is deprecated [-Wdeprecated-declarations]
         { result = TLSv1_client_method(); }
         ^
      In file included from /usr/include/openssl/opensslconf.h:42,
                       from /usr/include/openssl/e_os2.h:13,
                       from /tmp/tmpqjatdpgb.build-temp/_openssl.c:589:
      /usr/include/openssl/ssl.h:1879:1: note: declared here
       DEPRECATEDIN_1_1_0(__owur const SSL_METHOD *TLSv1_client_method(void))
       ^~~~~~~~~~~~~~~~~~
      /tmp/tmpqjatdpgb.build-temp/_openssl.c: In function ‘_cffi_d_TLSv1_method’:
      /tmp/tmpqjatdpgb.build-temp/_openssl.c:39831:3: warning: ‘TLSv1_method’ is deprecated [-Wdeprecated-declarations]
         return TLSv1_method();
         ^~~~~~
      In file included from /usr/include/openssl/opensslconf.h:42,
                       from /usr/include/openssl/e_os2.h:13,
                       from /tmp/tmpqjatdpgb.build-temp/_openssl.c:589:
      /usr/include/openssl/ssl.h:1877:1: note: declared here
       DEPRECATEDIN_1_1_0(__owur const SSL_METHOD *TLSv1_method(void)) /* TLSv1.0 */
       ^~~~~~~~~~~~~~~~~~
      /tmp/tmpqjatdpgb.build-temp/_openssl.c: In function ‘_cffi_f_TLSv1_method’:
      /tmp/tmpqjatdpgb.build-temp/_openssl.c:39842:3: warning: ‘TLSv1_method’ is deprecated [-Wdeprecated-declarations]
         { result = TLSv1_method(); }
         ^
      In file included from /usr/include/openssl/opensslconf.h:42,
                       from /usr/include/openssl/e_os2.h:13,
                       from /tmp/tmpqjatdpgb.build-temp/_openssl.c:589:
      /usr/include/openssl/ssl.h:1877:1: note: declared here
       DEPRECATEDIN_1_1_0(__owur const SSL_METHOD *TLSv1_method(void)) /* TLSv1.0 */
       ^~~~~~~~~~~~~~~~~~
      /tmp/tmpqjatdpgb.build-temp/_openssl.c: In function ‘_cffi_d_TLSv1_server_method’:
      /tmp/tmpqjatdpgb.build-temp/_openssl.c:39857:3: warning: ‘TLSv1_server_method’ is deprecated [-Wdeprecated-declarations]
         return TLSv1_server_method();
         ^~~~~~
      In file included from /usr/include/openssl/opensslconf.h:42,
                       from /usr/include/openssl/e_os2.h:13,
                       from /tmp/tmpqjatdpgb.build-temp/_openssl.c:589:
      /usr/include/openssl/ssl.h:1878:1: note: declared here
       DEPRECATEDIN_1_1_0(__owur const SSL_METHOD *TLSv1_server_method(void))
       ^~~~~~~~~~~~~~~~~~
      /tmp/tmpqjatdpgb.build-temp/_openssl.c: In function ‘_cffi_f_TLSv1_server_method’:
      /tmp/tmpqjatdpgb.build-temp/_openssl.c:39868:3: warning: ‘TLSv1_server_method’ is deprecated [-Wdeprecated-declarations]
         { result = TLSv1_server_method(); }
         ^
      In file included from /usr/include/openssl/opensslconf.h:42,
                       from /usr/include/openssl/e_os2.h:13,
                       from /tmp/tmpqjatdpgb.build-temp/_openssl.c:589:
      /usr/include/openssl/ssl.h:1878:1: note: declared here
       DEPRECATEDIN_1_1_0(__owur const SSL_METHOD *TLSv1_server_method(void))
       ^~~~~~~~~~~~~~~~~~
      /tmp/tmpqjatdpgb.build-temp/_openssl.c: In function ‘_cffi_d_X509_CRL_get_lastUpdate’:
      /tmp/tmpqjatdpgb.build-temp/_openssl.c:41169:3: warning: ‘X509_CRL_get_lastUpdate’ is deprecated [-Wdeprecated-declarations]
         return X509_CRL_get_lastUpdate(x0);
         ^~~~~~
      In file included from /usr/include/openssl/opensslconf.h:42,
                       from /usr/include/openssl/e_os2.h:13,
                       from /tmp/tmpqjatdpgb.build-temp/_openssl.c:589:
      /usr/include/openssl/x509.h:730:1: note: declared here
       DEPRECATEDIN_1_1_0(ASN1_TIME *X509_CRL_get_lastUpdate(X509_CRL *crl))
       ^~~~~~~~~~~~~~~~~~
      /tmp/tmpqjatdpgb.build-temp/_openssl.c: In function ‘_cffi_f_X509_CRL_get_lastUpdate’:
      /tmp/tmpqjatdpgb.build-temp/_openssl.c:41192:3: warning: ‘X509_CRL_get_lastUpdate’ is deprecated [-Wdeprecated-declarations]
         { result = X509_CRL_get_lastUpdate(x0); }
         ^
      In file included from /usr/include/openssl/opensslconf.h:42,
                       from /usr/include/openssl/e_os2.h:13,
                       from /tmp/tmpqjatdpgb.build-temp/_openssl.c:589:
      /usr/include/openssl/x509.h:730:1: note: declared here
       DEPRECATEDIN_1_1_0(ASN1_TIME *X509_CRL_get_lastUpdate(X509_CRL *crl))
       ^~~~~~~~~~~~~~~~~~
      /tmp/tmpqjatdpgb.build-temp/_openssl.c: In function ‘_cffi_d_X509_CRL_get_nextUpdate’:
      /tmp/tmpqjatdpgb.build-temp/_openssl.c:41207:3: warning: ‘X509_CRL_get_nextUpdate’ is deprecated [-Wdeprecated-declarations]
         return X509_CRL_get_nextUpdate(x0);
         ^~~~~~
      In file included from /usr/include/openssl/opensslconf.h:42,
                       from /usr/include/openssl/e_os2.h:13,
                       from /tmp/tmpqjatdpgb.build-temp/_openssl.c:589:
      /usr/include/openssl/x509.h:731:1: note: declared here
       DEPRECATEDIN_1_1_0(ASN1_TIME *X509_CRL_get_nextUpdate(X509_CRL *crl))
       ^~~~~~~~~~~~~~~~~~
      /tmp/tmpqjatdpgb.build-temp/_openssl.c: In function ‘_cffi_f_X509_CRL_get_nextUpdate’:
      /tmp/tmpqjatdpgb.build-temp/_openssl.c:41230:3: warning: ‘X509_CRL_get_nextUpdate’ is deprecated [-Wdeprecated-declarations]
         { result = X509_CRL_get_nextUpdate(x0); }
         ^
      In file included from /usr/include/openssl/opensslconf.h:42,
                       from /usr/include/openssl/e_os2.h:13,
                       from /tmp/tmpqjatdpgb.build-temp/_openssl.c:589:
      /usr/include/openssl/x509.h:731:1: note: declared here
       DEPRECATEDIN_1_1_0(ASN1_TIME *X509_CRL_get_nextUpdate(X509_CRL *crl))
       ^~~~~~~~~~~~~~~~~~
      creating /tmp/tmpo1khfzfv.build-lib/cryptography
      creating /tmp/tmpo1khfzfv.build-lib/cryptography/hazmat
      creating /tmp/tmpo1khfzfv.build-lib/cryptography/hazmat/bindings
      gcc -shared -fPIC /tmp/tmpqjatdpgb.build-temp/tmp/tmpqjatdpgb.build-temp/_openssl.o -lssl -lcrypto -lpthread -o /tmp/tmpo1khfzfv.build-lib/cryptography/hazmat/bindings/_openssl.pyd
      building '_padding' extension
      gcc -DNDEBUG -D_GNU_SOURCE=1 -fPIC -I/workdir/cryptography-3.4.7/.tox/graalpylibtest-unit-test-tests/include -I/opt/graalpy/include/python3.10 -c /tmp/tmpqjatdpgb.build-temp/_padding.c -o /tmp/tmpqjatdpgb.build-temp/tmp/tmpqjatdpgb.build-temp/_padding.o
      gcc -shared -fPIC /tmp/tmpqjatdpgb.build-temp/tmp/tmpqjatdpgb.build-temp/_padding.o -o /tmp/tmpo1khfzfv.build-lib/cryptography/hazmat/bindings/_padding.pyd
      copying /tmp/tmpo1khfzfv.build-lib/cryptography/hazmat/bindings/_openssl.pyd -> src/cryptography/hazmat/bindings
      copying /tmp/tmpo1khfzfv.build-lib/cryptography/hazmat/bindings/_padding.pyd -> src/cryptography/hazmat/bindings
      running build_rust
      cargo rustc --lib --message-format=json-render-diagnostics --manifest-path src/rust/Cargo.toml -v --features pyo3/abi3-py36 pyo3/extension-module -- --crate-type cdylib
             Fresh unicode-xid v0.2.1
             Fresh proc-macro2 v1.0.24
             Fresh quote v1.0.9
             Fresh syn v1.0.60
             Fresh proc-macro-hack v0.5.19
             Fresh cfg-if v1.0.0
             Fresh instant v0.1.9
             Fresh libc v0.2.85
             Fresh unindent v0.1.7
             Fresh scopeguard v1.1.0
             Fresh smallvec v1.6.1
             Fresh parking_lot_core v0.8.3
             Fresh lock_api v0.4.2
             Fresh indoc-impl v0.3.6
             Fresh paste-impl v0.1.18
             Fresh inventory-impl v0.1.10
             Fresh pyo3-macros-backend v0.13.2
             Fresh ghost v0.1.2
             Fresh ctor v0.1.19
         Compiling pyo3 v0.13.2
             Fresh inventory v0.1.10
           Running `/workdir/cryptography-3.4.7/src/rust/target/debug/build/pyo3-248c4b40a840524f/build-script-build`
             Fresh pyo3-macros v0.13.2
             Fresh paste v0.1.18
             Fresh indoc v0.3.6
             Fresh parking_lot v0.11.1
      error: failed to run custom build command for `pyo3 v0.13.2`
      
      Caused by:
        process didn't exit successfully: `/workdir/cryptography-3.4.7/src/rust/target/debug/build/pyo3-248c4b40a840524f/build-script-build` (exit status: 1)
        --- stderr
        Error: "Invalid interpreter: GraalVM"
      Traceback (most recent call last):
        File "/tmp/pip-build-env-3uxbmjft/overlay/lib/python3.10/site-packages/setuptools_rust/build.py", line 250, in build_extension
          cargo_messages = subprocess.check_output(
        File "/opt/graalpy/lib/python3.10/subprocess.py", line 421, in check_output
          return run(*popenargs, stdout=PIPE, timeout=timeout, check=True,
        File "/opt/graalpy/lib/python3.10/subprocess.py", line 526, in run
          raise CalledProcessError(retcode, process.args,
      subprocess.CalledProcessError: Command '['cargo', 'rustc', '--lib', '--message-format=json-render-diagnostics', '--manifest-path', 'src/rust/Cargo.toml', '-v', '--features', 'pyo3/abi3-py36 pyo3/extension-module', '--', '--crate-type', 'cdylib']' returned non-zero exit status 101.
      
      During handling of the above exception, another exception occurred:
      
      Traceback (most recent call last):
        File "/tmp/pip-build-env-3uxbmjft/overlay/lib/python3.10/site-packages/setuptools/command/editable_wheel.py", line 156, in run
          self._create_wheel_file(bdist_wheel)
        File "/tmp/pip-build-env-3uxbmjft/overlay/lib/python3.10/site-packages/setuptools/command/editable_wheel.py", line 345, in _create_wheel_file
          files, mapping = self._run_build_commands(dist_name, unpacked, lib, tmp)
        File "/tmp/pip-build-env-3uxbmjft/overlay/lib/python3.10/site-packages/setuptools/command/editable_wheel.py", line 268, in _run_build_commands
          self._run_build_subcommands()
        File "/tmp/pip-build-env-3uxbmjft/overlay/lib/python3.10/site-packages/setuptools/command/editable_wheel.py", line 295, in _run_build_subcommands
          self.run_command(name)
        File "/opt/graalpy/lib/python3.10/distutils/cmd.py", line 313, in run_command
          self.distribution.run_command(command)
        File "/tmp/pip-build-env-3uxbmjft/overlay/lib/python3.10/site-packages/setuptools/dist.py", line 963, in run_command
          super().run_command(command)
        File "/opt/graalpy/lib/python3.10/distutils/dist.py", line 985, in run_command
          cmd_obj.run()
        File "/tmp/pip-build-env-3uxbmjft/overlay/lib/python3.10/site-packages/setuptools_rust/setuptools_ext.py", line 168, in run
          build_rust.run()
        File "/tmp/pip-build-env-3uxbmjft/overlay/lib/python3.10/site-packages/setuptools_rust/command.py", line 100, in run
          self.run_for_extension(ext)
        File "/tmp/pip-build-env-3uxbmjft/overlay/lib/python3.10/site-packages/setuptools_rust/build.py", line 136, in run_for_extension
          dylib_paths = self.build_extension(ext, self.target)
        File "/tmp/pip-build-env-3uxbmjft/overlay/lib/python3.10/site-packages/setuptools_rust/build.py", line 259, in build_extension
          raise CompileError(format_called_process_error(e, include_stdout=False))
      distutils.errors.CompileError: `cargo rustc --lib --message-format=json-render-diagnostics --manifest-path src/rust/Cargo.toml -v --features 'pyo3/abi3-py36 pyo3/extension-module' -- --crate-type cdylib` failed with code 101
      /opt/graalpy/lib/python3.10/distutils/dist.py:985: _DebuggingTips: Problem in editable installation.
      !!
      
              ********************************************************************************
              An error happened while installing `cryptography` in editable mode.
      
              The following steps are recommended to help debug this problem:
      
              - Try to install the project normally, without using the editable mode.
                Does the error still persist?
                (If it does, try fixing the problem before attempting the editable mode).
              - If you are using binary extensions, make sure you have all OS-level
                dependencies installed (e.g. compilers, toolchains, binary libraries, ...).
              - Try the latest version of setuptools (maybe the error was already fixed).
              - If you (or your project dependencies) are using any setuptools extension
                or customization, make sure they support the editable mode.
      
              After following the steps above, if the problem still persists and
              you think this is related to how setuptools handles editable installations,
              please submit a reproducible example
              (see https://stackoverflow.com/help/minimal-reproducible-example) to:
      
                  https://github.com/pypa/setuptools/issues
      
              See https://setuptools.pypa.io/en/latest/userguide/development_mode.html for details.
              ********************************************************************************
      
      !!
        cmd_obj.run()
      
          =============================DEBUG ASSISTANCE=============================
          If you are seeing a compilation error please try the following steps to
          successfully install cryptography:
          1) Upgrade to the latest pip and try again. This will fix errors for most
             users. See: https://pip.pypa.io/en/stable/installing/#upgrading-pip
          2) Read https://cryptography.io/en/latest/installation.html for specific
             instructions for your platform.
          3) Check our frequently asked questions for more information:
             https://cryptography.io/en/latest/faq.html
          4) Ensure you have a recent Rust toolchain installed:
             https://cryptography.io/en/latest/installation.html#rust
          5) If you are experiencing issues with Rust for *this release only* you may
             set the environment variable `CRYPTOGRAPHY_DONT_BUILD_RUST=1`.
          =============================DEBUG ASSISTANCE=============================
      
      error: `cargo rustc --lib --message-format=json-render-diagnostics --manifest-path src/rust/Cargo.toml -v --features 'pyo3/abi3-py36 pyo3/extension-module' -- --crate-type cdylib` failed with code 101
      [end of output]
  
  note: This error originates from a subprocess, and is likely not a problem with pip.
  ERROR: Failed building editable for cryptography
  Building wheel for restructuredtext-lint (setup.py): started
  Building wheel for restructuredtext-lint (setup.py): finished with status 'done'
  Created wheel for restructuredtext-lint: filename=restructuredtext_lint-1.4.0-py3-none-any.whl size=13788 sha256=2e9aa7a374790f0221cd469496b82e33810d7011b2d878d1d6e2072d4c0b99f7
  Stored in directory: /workdir/.cache/pip-graalpy/wheels/3e/4e/74/4a8eb60b215ff5b9472c516ed8b0ba6f43481a08ebb47b5ff3
Successfully built restructuredtext-lint
Failed to build cryptography
ERROR: Could not build wheels for cryptography, which is required to install pyproject.toml-based projects

=================================== log end ====================================
ERROR: could not install deps [mock, pytest, -rdev-requirements.txt]; v = InvocationError('/workdir/cryptography-3.4.7/.tox/graalpylibtest-unit-test-tests/bin/python -m pip install mock pytest -rdev-requirements.txt', 1)
___________________________________ summary ____________________________________
ERROR:   graalpylibtest-unit-test-tests: could not install deps [mock, pytest, -rdev-requirements.txt]; v = InvocationError('/workdir/cryptography-3.4.7/.tox/graalpylibtest-unit-test-tests/bin/python -m pip install mock pytest -rdev-requirements.txt', 1)
