GLOB sdist-make: /workdir/joblib-1.2.0/setup.py
cpythonlibtest-unit-test-tests create: /workdir/joblib-1.2.0/.tox/cpythonlibtest-unit-test-tests
cpythonlibtest-unit-test-tests installdeps: mock, pytest
cpythonlibtest-unit-test-tests inst: /workdir/joblib-1.2.0/.tox/.tmp/package/1/joblib-1.2.0.zip
cpythonlibtest-unit-test-tests installed: exceptiongroup==1.2.0,iniconfig==2.0.0,joblib @ file:///workdir/joblib-1.2.0/.tox/.tmp/package/1/joblib-1.2.0.zip#sha256=8808e54185df6af5c6d51ef954533805f56f6028d2a62934b18500332f5b855b,mock==5.1.0,packaging==23.2,pluggy==1.3.0,pytest==7.4.3,tomli==2.0.1
cpythonlibtest-unit-test-tests run-test-pre: PYTHONHASHSEED='2359305940'
cpythonlibtest-unit-test-tests run-test: commands[0] | pytest -v --tb=native --junitxml /workdir/results/joblib/1.2.0/1/cpython-test-results.xml
============================= test session starts ==============================
platform linux -- Python 3.10.8, pytest-7.4.3, pluggy-1.3.0 -- /workdir/joblib-1.2.0/.tox/cpythonlibtest-unit-test-tests/bin/python
cachedir: .tox/cpythonlibtest-unit-test-tests/.pytest_cache
rootdir: /workdir/joblib-1.2.0
configfile: setup.cfg
testpaths: joblib
collecting ... collected 1169 items / 2 skipped

joblib/__init__.py::joblib SKIPPED (doctests are only run for numpy ...) [  0%]
joblib/_utils.py::joblib._utils.eval_expr SKIPPED (doctests are only...) [  0%]
joblib/parallel.py::joblib.parallel.Parallel SKIPPED (doctests are o...) [  0%]
joblib/parallel.py::joblib.parallel.parallel_backend SKIPPED (doctes...) [  0%]
joblib/test/test_backports.py::test_memmap SKIPPED (Test requires numpy) [  0%]
joblib/test/test_backports.py::test_concurrency_safe_rename[None-None] PASSED [  0%]
joblib/test/test_backports.py::test_concurrency_safe_rename[None-dst content] PASSED [  0%]
joblib/test/test_backports.py::test_concurrency_safe_rename[threading-None] PASSED [  0%]
joblib/test/test_backports.py::test_concurrency_safe_rename[threading-dst content] PASSED [  0%]
joblib/test/test_cloudpickle_wrapper.py::test_wrap_non_picklable_objects PASSED [  0%]
joblib/test/test_deprecated_objects.py::test_deprecated_joblib_exceptions PASSED [  0%]
joblib/test/test_deprecated_objects.py::test_deprecated_formatting_utilities PASSED [  1%]
joblib/test/test_disk.py::test_disk_used PASSED                          [  1%]
joblib/test/test_disk.py::test_memstr_to_bytes[80G-85899345920] PASSED   [  1%]
joblib/test/test_disk.py::test_memstr_to_bytes[1.4M-1468006] PASSED      [  1%]
joblib/test/test_disk.py::test_memstr_to_bytes[120M-125829120] PASSED    [  1%]
joblib/test/test_disk.py::test_memstr_to_bytes[53K-54272] PASSED         [  1%]
joblib/test/test_disk.py::test_memstr_to_bytes_exception[fooG-ValueError-Invalid literal for size.*fooG.*] PASSED [  1%]
joblib/test/test_disk.py::test_memstr_to_bytes_exception[1.4N-ValueError-Invalid literal for size.*1.4N.*] PASSED [  1%]
joblib/test/test_disk.py::test_mkdirp PASSED                             [  1%]
joblib/test/test_disk.py::test_rm_subdirs PASSED                         [  1%]
joblib/test/test_format_stack.py::test_safe_repr PASSED                  [  1%]
joblib/test/test_format_stack.py::test_format_records PASSED             [  1%]
joblib/test/test_format_stack.py::test_format_records_file_with_less_lines_than_context PASSED [  2%]
joblib/test/test_format_stack.py::test_format_exc_with_compiled_code SKIPPED [  2%]
joblib/test/test_func_inspect.py::test_filter_args[f-args0-filtered_args0] PASSED [  2%]
joblib/test/test_func_inspect.py::test_filter_args[f-args1-filtered_args1] PASSED [  2%]
joblib/test/test_func_inspect.py::test_filter_args[f-args2-filtered_args2] PASSED [  2%]
joblib/test/test_func_inspect.py::test_filter_args[f-args3-filtered_args3] PASSED [  2%]
joblib/test/test_func_inspect.py::test_filter_args[f-args4-filtered_args4] PASSED [  2%]
joblib/test/test_func_inspect.py::test_filter_args[f-args5-filtered_args5] PASSED [  2%]
joblib/test/test_func_inspect.py::test_filter_args[f-args6-filtered_args6] PASSED [  2%]
joblib/test/test_func_inspect.py::test_filter_args[g-args7-filtered_args7] PASSED [  2%]
joblib/test/test_func_inspect.py::test_filter_args[i-args8-filtered_args8] PASSED [  2%]
joblib/test/test_func_inspect.py::test_filter_args_method PASSED         [  2%]
joblib/test/test_func_inspect.py::test_filter_varargs[h-args0-filtered_args0] PASSED [  3%]
joblib/test/test_func_inspect.py::test_filter_varargs[h-args1-filtered_args1] PASSED [  3%]
joblib/test/test_func_inspect.py::test_filter_varargs[h-args2-filtered_args2] PASSED [  3%]
joblib/test/test_func_inspect.py::test_filter_varargs[h-args3-filtered_args3] PASSED [  3%]
joblib/test/test_func_inspect.py::test_filter_kwargs[k-args0-filtered_args0] PASSED [  3%]
joblib/test/test_func_inspect.py::test_filter_kwargs[k-args1-filtered_args1] PASSED [  3%]
joblib/test/test_func_inspect.py::test_filter_kwargs[m1-args2-filtered_args2] PASSED [  3%]
joblib/test/test_func_inspect.py::test_filter_kwargs[m2-args3-filtered_args3] PASSED [  3%]
joblib/test/test_func_inspect.py::test_filter_args_2 PASSED              [  3%]
joblib/test/test_func_inspect.py::test_func_name[f-f] PASSED             [  3%]
joblib/test/test_func_inspect.py::test_func_name[g-g] PASSED             [  3%]
joblib/test/test_func_inspect.py::test_func_name[cached_func-cached_func] PASSED [  4%]
joblib/test/test_func_inspect.py::test_func_name_on_inner_func PASSED    [  4%]
joblib/test/test_func_inspect.py::test_func_inspect_errors PASSED        [  4%]
joblib/test/test_func_inspect.py::test_filter_args_edge_cases PASSED     [  4%]
joblib/test/test_func_inspect.py::test_bound_methods PASSED              [  4%]
joblib/test/test_func_inspect.py::test_filter_args_error_msg[ValueError-ignore_lst must be a list of parameters to ignore-f-args0] PASSED [  4%]
joblib/test/test_func_inspect.py::test_filter_args_error_msg[ValueError-Ignore list: argument \\'(.*)\\' is not defined-g-args1] PASSED [  4%]
joblib/test/test_func_inspect.py::test_filter_args_error_msg[ValueError-Wrong number of arguments-h-args2] PASSED [  4%]
joblib/test/test_func_inspect.py::test_filter_args_no_kwargs_mutation PASSED [  4%]
joblib/test/test_func_inspect.py::test_clean_win_chars PASSED            [  4%]
joblib/test/test_func_inspect.py::test_format_signature[g-args0-kwargs0-g([0, 1, 2, 3, 4])] PASSED [  4%]
joblib/test/test_func_inspect.py::test_format_signature[k-args1-kwargs1-k(1, 2, (3, 4), y=True)] PASSED [  4%]
joblib/test/test_func_inspect.py::test_format_signature_long_arguments PASSED [  5%]
joblib/test/test_func_inspect.py::test_format_signature_numpy SKIPPED    [  5%]
joblib/test/test_func_inspect.py::test_special_source_encoding PASSED    [  5%]
joblib/test/test_func_inspect.py::test_func_code_consistency PASSED      [  5%]
joblib/test/test_hashing.py::test_trivial_hash[1-1] PASSED               [  5%]
joblib/test/test_hashing.py::test_trivial_hash[1-2] PASSED               [  5%]
joblib/test/test_hashing.py::test_trivial_hash[1-1.0] PASSED             [  5%]
joblib/test/test_hashing.py::test_trivial_hash[1-2.0] PASSED             [  5%]
joblib/test/test_hashing.py::test_trivial_hash[1-(1+1j)] PASSED          [  5%]
joblib/test/test_hashing.py::test_trivial_hash[1-(2+1j)] PASSED          [  5%]
joblib/test/test_hashing.py::test_trivial_hash[1-a] PASSED               [  5%]
joblib/test/test_hashing.py::test_trivial_hash[1-b] PASSED               [  5%]
joblib/test/test_hashing.py::test_trivial_hash[1-obj18] PASSED           [  6%]
joblib/test/test_hashing.py::test_trivial_hash[1-obj19] PASSED           [  6%]
joblib/test/test_hashing.py::test_trivial_hash[1-obj110] PASSED          [  6%]
joblib/test/test_hashing.py::test_trivial_hash[1-obj111] PASSED          [  6%]
joblib/test/test_hashing.py::test_trivial_hash[1-obj112] PASSED          [  6%]
joblib/test/test_hashing.py::test_trivial_hash[1-obj113] PASSED          [  6%]
joblib/test/test_hashing.py::test_trivial_hash[1-obj114] PASSED          [  6%]
joblib/test/test_hashing.py::test_trivial_hash[1-None] PASSED            [  6%]
joblib/test/test_hashing.py::test_trivial_hash[1-collect] PASSED         [  6%]
joblib/test/test_hashing.py::test_trivial_hash[1-append] PASSED          [  6%]
joblib/test/test_hashing.py::test_trivial_hash[1-obj118] PASSED          [  6%]
joblib/test/test_hashing.py::test_trivial_hash[1-obj119] PASSED          [  7%]
joblib/test/test_hashing.py::test_trivial_hash[1-obj120] PASSED          [  7%]
joblib/test/test_hashing.py::test_trivial_hash[1-obj121] PASSED          [  7%]
joblib/test/test_hashing.py::test_trivial_hash[2-1] PASSED               [  7%]
joblib/test/test_hashing.py::test_trivial_hash[2-2] PASSED               [  7%]
joblib/test/test_hashing.py::test_trivial_hash[2-1.0] PASSED             [  7%]
joblib/test/test_hashing.py::test_trivial_hash[2-2.0] PASSED             [  7%]
joblib/test/test_hashing.py::test_trivial_hash[2-(1+1j)] PASSED          [  7%]
joblib/test/test_hashing.py::test_trivial_hash[2-(2+1j)] PASSED          [  7%]
joblib/test/test_hashing.py::test_trivial_hash[2-a] PASSED               [  7%]
joblib/test/test_hashing.py::test_trivial_hash[2-b] PASSED               [  7%]
joblib/test/test_hashing.py::test_trivial_hash[2-obj18] PASSED           [  7%]
joblib/test/test_hashing.py::test_trivial_hash[2-obj19] PASSED           [  8%]
joblib/test/test_hashing.py::test_trivial_hash[2-obj110] PASSED          [  8%]
joblib/test/test_hashing.py::test_trivial_hash[2-obj111] PASSED          [  8%]
joblib/test/test_hashing.py::test_trivial_hash[2-obj112] PASSED          [  8%]
joblib/test/test_hashing.py::test_trivial_hash[2-obj113] PASSED          [  8%]
joblib/test/test_hashing.py::test_trivial_hash[2-obj114] PASSED          [  8%]
joblib/test/test_hashing.py::test_trivial_hash[2-None] PASSED            [  8%]
joblib/test/test_hashing.py::test_trivial_hash[2-collect] PASSED         [  8%]
joblib/test/test_hashing.py::test_trivial_hash[2-append] PASSED          [  8%]
joblib/test/test_hashing.py::test_trivial_hash[2-obj118] PASSED          [  8%]
joblib/test/test_hashing.py::test_trivial_hash[2-obj119] PASSED          [  8%]
joblib/test/test_hashing.py::test_trivial_hash[2-obj120] PASSED          [  8%]
joblib/test/test_hashing.py::test_trivial_hash[2-obj121] PASSED          [  9%]
joblib/test/test_hashing.py::test_trivial_hash[1.0-1] PASSED             [  9%]
joblib/test/test_hashing.py::test_trivial_hash[1.0-2] PASSED             [  9%]
joblib/test/test_hashing.py::test_trivial_hash[1.0-1.0] PASSED           [  9%]
joblib/test/test_hashing.py::test_trivial_hash[1.0-2.0] PASSED           [  9%]
joblib/test/test_hashing.py::test_trivial_hash[1.0-(1+1j)] PASSED        [  9%]
joblib/test/test_hashing.py::test_trivial_hash[1.0-(2+1j)] PASSED        [  9%]
joblib/test/test_hashing.py::test_trivial_hash[1.0-a] PASSED             [  9%]
joblib/test/test_hashing.py::test_trivial_hash[1.0-b] PASSED             [  9%]
joblib/test/test_hashing.py::test_trivial_hash[1.0-obj18] PASSED         [  9%]
joblib/test/test_hashing.py::test_trivial_hash[1.0-obj19] PASSED         [  9%]
joblib/test/test_hashing.py::test_trivial_hash[1.0-obj110] PASSED        [ 10%]
joblib/test/test_hashing.py::test_trivial_hash[1.0-obj111] PASSED        [ 10%]
joblib/test/test_hashing.py::test_trivial_hash[1.0-obj112] PASSED        [ 10%]
joblib/test/test_hashing.py::test_trivial_hash[1.0-obj113] PASSED        [ 10%]
joblib/test/test_hashing.py::test_trivial_hash[1.0-obj114] PASSED        [ 10%]
joblib/test/test_hashing.py::test_trivial_hash[1.0-None] PASSED          [ 10%]
joblib/test/test_hashing.py::test_trivial_hash[1.0-collect] PASSED       [ 10%]
joblib/test/test_hashing.py::test_trivial_hash[1.0-append] PASSED        [ 10%]
joblib/test/test_hashing.py::test_trivial_hash[1.0-obj118] PASSED        [ 10%]
joblib/test/test_hashing.py::test_trivial_hash[1.0-obj119] PASSED        [ 10%]
joblib/test/test_hashing.py::test_trivial_hash[1.0-obj120] PASSED        [ 10%]
joblib/test/test_hashing.py::test_trivial_hash[1.0-obj121] PASSED        [ 10%]
joblib/test/test_hashing.py::test_trivial_hash[2.0-1] PASSED             [ 11%]
joblib/test/test_hashing.py::test_trivial_hash[2.0-2] PASSED             [ 11%]
joblib/test/test_hashing.py::test_trivial_hash[2.0-1.0] PASSED           [ 11%]
joblib/test/test_hashing.py::test_trivial_hash[2.0-2.0] PASSED           [ 11%]
joblib/test/test_hashing.py::test_trivial_hash[2.0-(1+1j)] PASSED        [ 11%]
joblib/test/test_hashing.py::test_trivial_hash[2.0-(2+1j)] PASSED        [ 11%]
joblib/test/test_hashing.py::test_trivial_hash[2.0-a] PASSED             [ 11%]
joblib/test/test_hashing.py::test_trivial_hash[2.0-b] PASSED             [ 11%]
joblib/test/test_hashing.py::test_trivial_hash[2.0-obj18] PASSED         [ 11%]
joblib/test/test_hashing.py::test_trivial_hash[2.0-obj19] PASSED         [ 11%]
joblib/test/test_hashing.py::test_trivial_hash[2.0-obj110] PASSED        [ 11%]
joblib/test/test_hashing.py::test_trivial_hash[2.0-obj111] PASSED        [ 11%]
joblib/test/test_hashing.py::test_trivial_hash[2.0-obj112] PASSED        [ 12%]
joblib/test/test_hashing.py::test_trivial_hash[2.0-obj113] PASSED        [ 12%]
joblib/test/test_hashing.py::test_trivial_hash[2.0-obj114] PASSED        [ 12%]
joblib/test/test_hashing.py::test_trivial_hash[2.0-None] PASSED          [ 12%]
joblib/test/test_hashing.py::test_trivial_hash[2.0-collect] PASSED       [ 12%]
joblib/test/test_hashing.py::test_trivial_hash[2.0-append] PASSED        [ 12%]
joblib/test/test_hashing.py::test_trivial_hash[2.0-obj118] PASSED        [ 12%]
joblib/test/test_hashing.py::test_trivial_hash[2.0-obj119] PASSED        [ 12%]
joblib/test/test_hashing.py::test_trivial_hash[2.0-obj120] PASSED        [ 12%]
joblib/test/test_hashing.py::test_trivial_hash[2.0-obj121] PASSED        [ 12%]
joblib/test/test_hashing.py::test_trivial_hash[(1+1j)-1] PASSED          [ 12%]
joblib/test/test_hashing.py::test_trivial_hash[(1+1j)-2] PASSED          [ 13%]
joblib/test/test_hashing.py::test_trivial_hash[(1+1j)-1.0] PASSED        [ 13%]
joblib/test/test_hashing.py::test_trivial_hash[(1+1j)-2.0] PASSED        [ 13%]
joblib/test/test_hashing.py::test_trivial_hash[(1+1j)-(1+1j)] PASSED     [ 13%]
joblib/test/test_hashing.py::test_trivial_hash[(1+1j)-(2+1j)] PASSED     [ 13%]
joblib/test/test_hashing.py::test_trivial_hash[(1+1j)-a] PASSED          [ 13%]
joblib/test/test_hashing.py::test_trivial_hash[(1+1j)-b] PASSED          [ 13%]
joblib/test/test_hashing.py::test_trivial_hash[(1+1j)-obj18] PASSED      [ 13%]
joblib/test/test_hashing.py::test_trivial_hash[(1+1j)-obj19] PASSED      [ 13%]
joblib/test/test_hashing.py::test_trivial_hash[(1+1j)-obj110] PASSED     [ 13%]
joblib/test/test_hashing.py::test_trivial_hash[(1+1j)-obj111] PASSED     [ 13%]
joblib/test/test_hashing.py::test_trivial_hash[(1+1j)-obj112] PASSED     [ 13%]
joblib/test/test_hashing.py::test_trivial_hash[(1+1j)-obj113] PASSED     [ 14%]
joblib/test/test_hashing.py::test_trivial_hash[(1+1j)-obj114] PASSED     [ 14%]
joblib/test/test_hashing.py::test_trivial_hash[(1+1j)-None] PASSED       [ 14%]
joblib/test/test_hashing.py::test_trivial_hash[(1+1j)-collect] PASSED    [ 14%]
joblib/test/test_hashing.py::test_trivial_hash[(1+1j)-append] PASSED     [ 14%]
joblib/test/test_hashing.py::test_trivial_hash[(1+1j)-obj118] PASSED     [ 14%]
joblib/test/test_hashing.py::test_trivial_hash[(1+1j)-obj119] PASSED     [ 14%]
joblib/test/test_hashing.py::test_trivial_hash[(1+1j)-obj120] PASSED     [ 14%]
joblib/test/test_hashing.py::test_trivial_hash[(1+1j)-obj121] PASSED     [ 14%]
joblib/test/test_hashing.py::test_trivial_hash[(2+1j)-1] PASSED          [ 14%]
joblib/test/test_hashing.py::test_trivial_hash[(2+1j)-2] PASSED          [ 14%]
joblib/test/test_hashing.py::test_trivial_hash[(2+1j)-1.0] PASSED        [ 14%]
joblib/test/test_hashing.py::test_trivial_hash[(2+1j)-2.0] PASSED        [ 15%]
joblib/test/test_hashing.py::test_trivial_hash[(2+1j)-(1+1j)] PASSED     [ 15%]
joblib/test/test_hashing.py::test_trivial_hash[(2+1j)-(2+1j)] PASSED     [ 15%]
joblib/test/test_hashing.py::test_trivial_hash[(2+1j)-a] PASSED          [ 15%]
joblib/test/test_hashing.py::test_trivial_hash[(2+1j)-b] PASSED          [ 15%]
joblib/test/test_hashing.py::test_trivial_hash[(2+1j)-obj18] PASSED      [ 15%]
joblib/test/test_hashing.py::test_trivial_hash[(2+1j)-obj19] PASSED      [ 15%]
joblib/test/test_hashing.py::test_trivial_hash[(2+1j)-obj110] PASSED     [ 15%]
joblib/test/test_hashing.py::test_trivial_hash[(2+1j)-obj111] PASSED     [ 15%]
joblib/test/test_hashing.py::test_trivial_hash[(2+1j)-obj112] PASSED     [ 15%]
joblib/test/test_hashing.py::test_trivial_hash[(2+1j)-obj113] PASSED     [ 15%]
joblib/test/test_hashing.py::test_trivial_hash[(2+1j)-obj114] PASSED     [ 15%]
joblib/test/test_hashing.py::test_trivial_hash[(2+1j)-None] PASSED       [ 16%]
joblib/test/test_hashing.py::test_trivial_hash[(2+1j)-collect] PASSED    [ 16%]
joblib/test/test_hashing.py::test_trivial_hash[(2+1j)-append] PASSED     [ 16%]
joblib/test/test_hashing.py::test_trivial_hash[(2+1j)-obj118] PASSED     [ 16%]
joblib/test/test_hashing.py::test_trivial_hash[(2+1j)-obj119] PASSED     [ 16%]
joblib/test/test_hashing.py::test_trivial_hash[(2+1j)-obj120] PASSED     [ 16%]
joblib/test/test_hashing.py::test_trivial_hash[(2+1j)-obj121] PASSED     [ 16%]
joblib/test/test_hashing.py::test_trivial_hash[a-1] PASSED               [ 16%]
joblib/test/test_hashing.py::test_trivial_hash[a-2] PASSED               [ 16%]
joblib/test/test_hashing.py::test_trivial_hash[a-1.0] PASSED             [ 16%]
joblib/test/test_hashing.py::test_trivial_hash[a-2.0] PASSED             [ 16%]
joblib/test/test_hashing.py::test_trivial_hash[a-(1+1j)] PASSED          [ 17%]
joblib/test/test_hashing.py::test_trivial_hash[a-(2+1j)] PASSED          [ 17%]
joblib/test/test_hashing.py::test_trivial_hash[a-a] PASSED               [ 17%]
joblib/test/test_hashing.py::test_trivial_hash[a-b] PASSED               [ 17%]
joblib/test/test_hashing.py::test_trivial_hash[a-obj18] PASSED           [ 17%]
joblib/test/test_hashing.py::test_trivial_hash[a-obj19] PASSED           [ 17%]
joblib/test/test_hashing.py::test_trivial_hash[a-obj110] PASSED          [ 17%]
joblib/test/test_hashing.py::test_trivial_hash[a-obj111] PASSED          [ 17%]
joblib/test/test_hashing.py::test_trivial_hash[a-obj112] PASSED          [ 17%]
joblib/test/test_hashing.py::test_trivial_hash[a-obj113] PASSED          [ 17%]
joblib/test/test_hashing.py::test_trivial_hash[a-obj114] PASSED          [ 17%]
joblib/test/test_hashing.py::test_trivial_hash[a-None] PASSED            [ 17%]
joblib/test/test_hashing.py::test_trivial_hash[a-collect] PASSED         [ 18%]
joblib/test/test_hashing.py::test_trivial_hash[a-append] PASSED          [ 18%]
joblib/test/test_hashing.py::test_trivial_hash[a-obj118] PASSED          [ 18%]
joblib/test/test_hashing.py::test_trivial_hash[a-obj119] PASSED          [ 18%]
joblib/test/test_hashing.py::test_trivial_hash[a-obj120] PASSED          [ 18%]
joblib/test/test_hashing.py::test_trivial_hash[a-obj121] PASSED          [ 18%]
joblib/test/test_hashing.py::test_trivial_hash[b-1] PASSED               [ 18%]
joblib/test/test_hashing.py::test_trivial_hash[b-2] PASSED               [ 18%]
joblib/test/test_hashing.py::test_trivial_hash[b-1.0] PASSED             [ 18%]
joblib/test/test_hashing.py::test_trivial_hash[b-2.0] PASSED             [ 18%]
joblib/test/test_hashing.py::test_trivial_hash[b-(1+1j)] PASSED          [ 18%]
joblib/test/test_hashing.py::test_trivial_hash[b-(2+1j)] PASSED          [ 18%]
joblib/test/test_hashing.py::test_trivial_hash[b-a] PASSED               [ 19%]
joblib/test/test_hashing.py::test_trivial_hash[b-b] PASSED               [ 19%]
joblib/test/test_hashing.py::test_trivial_hash[b-obj18] PASSED           [ 19%]
joblib/test/test_hashing.py::test_trivial_hash[b-obj19] PASSED           [ 19%]
joblib/test/test_hashing.py::test_trivial_hash[b-obj110] PASSED          [ 19%]
joblib/test/test_hashing.py::test_trivial_hash[b-obj111] PASSED          [ 19%]
joblib/test/test_hashing.py::test_trivial_hash[b-obj112] PASSED          [ 19%]
joblib/test/test_hashing.py::test_trivial_hash[b-obj113] PASSED          [ 19%]
joblib/test/test_hashing.py::test_trivial_hash[b-obj114] PASSED          [ 19%]
joblib/test/test_hashing.py::test_trivial_hash[b-None] PASSED            [ 19%]
joblib/test/test_hashing.py::test_trivial_hash[b-collect] PASSED         [ 19%]
joblib/test/test_hashing.py::test_trivial_hash[b-append] PASSED          [ 20%]
joblib/test/test_hashing.py::test_trivial_hash[b-obj118] PASSED          [ 20%]
joblib/test/test_hashing.py::test_trivial_hash[b-obj119] PASSED          [ 20%]
joblib/test/test_hashing.py::test_trivial_hash[b-obj120] PASSED          [ 20%]
joblib/test/test_hashing.py::test_trivial_hash[b-obj121] PASSED          [ 20%]
joblib/test/test_hashing.py::test_trivial_hash[obj28-1] PASSED           [ 20%]
joblib/test/test_hashing.py::test_trivial_hash[obj28-2] PASSED           [ 20%]
joblib/test/test_hashing.py::test_trivial_hash[obj28-1.0] PASSED         [ 20%]
joblib/test/test_hashing.py::test_trivial_hash[obj28-2.0] PASSED         [ 20%]
joblib/test/test_hashing.py::test_trivial_hash[obj28-(1+1j)] PASSED      [ 20%]
joblib/test/test_hashing.py::test_trivial_hash[obj28-(2+1j)] PASSED      [ 20%]
joblib/test/test_hashing.py::test_trivial_hash[obj28-a] PASSED           [ 20%]
joblib/test/test_hashing.py::test_trivial_hash[obj28-b] PASSED           [ 21%]
joblib/test/test_hashing.py::test_trivial_hash[obj28-obj18] PASSED       [ 21%]
joblib/test/test_hashing.py::test_trivial_hash[obj28-obj19] PASSED       [ 21%]
joblib/test/test_hashing.py::test_trivial_hash[obj28-obj110] PASSED      [ 21%]
joblib/test/test_hashing.py::test_trivial_hash[obj28-obj111] PASSED      [ 21%]
joblib/test/test_hashing.py::test_trivial_hash[obj28-obj112] PASSED      [ 21%]
joblib/test/test_hashing.py::test_trivial_hash[obj28-obj113] PASSED      [ 21%]
joblib/test/test_hashing.py::test_trivial_hash[obj28-obj114] PASSED      [ 21%]
joblib/test/test_hashing.py::test_trivial_hash[obj28-None] PASSED        [ 21%]
joblib/test/test_hashing.py::test_trivial_hash[obj28-collect] PASSED     [ 21%]
joblib/test/test_hashing.py::test_trivial_hash[obj28-append] PASSED      [ 21%]
joblib/test/test_hashing.py::test_trivial_hash[obj28-obj118] PASSED      [ 21%]
joblib/test/test_hashing.py::test_trivial_hash[obj28-obj119] PASSED      [ 22%]
joblib/test/test_hashing.py::test_trivial_hash[obj28-obj120] PASSED      [ 22%]
joblib/test/test_hashing.py::test_trivial_hash[obj28-obj121] PASSED      [ 22%]
joblib/test/test_hashing.py::test_trivial_hash[obj29-1] PASSED           [ 22%]
joblib/test/test_hashing.py::test_trivial_hash[obj29-2] PASSED           [ 22%]
joblib/test/test_hashing.py::test_trivial_hash[obj29-1.0] PASSED         [ 22%]
joblib/test/test_hashing.py::test_trivial_hash[obj29-2.0] PASSED         [ 22%]
joblib/test/test_hashing.py::test_trivial_hash[obj29-(1+1j)] PASSED      [ 22%]
joblib/test/test_hashing.py::test_trivial_hash[obj29-(2+1j)] PASSED      [ 22%]
joblib/test/test_hashing.py::test_trivial_hash[obj29-a] PASSED           [ 22%]
joblib/test/test_hashing.py::test_trivial_hash[obj29-b] PASSED           [ 22%]
joblib/test/test_hashing.py::test_trivial_hash[obj29-obj18] PASSED       [ 23%]
joblib/test/test_hashing.py::test_trivial_hash[obj29-obj19] PASSED       [ 23%]
joblib/test/test_hashing.py::test_trivial_hash[obj29-obj110] PASSED      [ 23%]
joblib/test/test_hashing.py::test_trivial_hash[obj29-obj111] PASSED      [ 23%]
joblib/test/test_hashing.py::test_trivial_hash[obj29-obj112] PASSED      [ 23%]
joblib/test/test_hashing.py::test_trivial_hash[obj29-obj113] PASSED      [ 23%]
joblib/test/test_hashing.py::test_trivial_hash[obj29-obj114] PASSED      [ 23%]
joblib/test/test_hashing.py::test_trivial_hash[obj29-None] PASSED        [ 23%]
joblib/test/test_hashing.py::test_trivial_hash[obj29-collect] PASSED     [ 23%]
joblib/test/test_hashing.py::test_trivial_hash[obj29-append] PASSED      [ 23%]
joblib/test/test_hashing.py::test_trivial_hash[obj29-obj118] PASSED      [ 23%]
joblib/test/test_hashing.py::test_trivial_hash[obj29-obj119] PASSED      [ 23%]
joblib/test/test_hashing.py::test_trivial_hash[obj29-obj120] PASSED      [ 24%]
joblib/test/test_hashing.py::test_trivial_hash[obj29-obj121] PASSED      [ 24%]
joblib/test/test_hashing.py::test_trivial_hash[obj210-1] PASSED          [ 24%]
joblib/test/test_hashing.py::test_trivial_hash[obj210-2] PASSED          [ 24%]
joblib/test/test_hashing.py::test_trivial_hash[obj210-1.0] PASSED        [ 24%]
joblib/test/test_hashing.py::test_trivial_hash[obj210-2.0] PASSED        [ 24%]
joblib/test/test_hashing.py::test_trivial_hash[obj210-(1+1j)] PASSED     [ 24%]
joblib/test/test_hashing.py::test_trivial_hash[obj210-(2+1j)] PASSED     [ 24%]
joblib/test/test_hashing.py::test_trivial_hash[obj210-a] PASSED          [ 24%]
joblib/test/test_hashing.py::test_trivial_hash[obj210-b] PASSED          [ 24%]
joblib/test/test_hashing.py::test_trivial_hash[obj210-obj18] PASSED      [ 24%]
joblib/test/test_hashing.py::test_trivial_hash[obj210-obj19] PASSED      [ 24%]
joblib/test/test_hashing.py::test_trivial_hash[obj210-obj110] PASSED     [ 25%]
joblib/test/test_hashing.py::test_trivial_hash[obj210-obj111] PASSED     [ 25%]
joblib/test/test_hashing.py::test_trivial_hash[obj210-obj112] PASSED     [ 25%]
joblib/test/test_hashing.py::test_trivial_hash[obj210-obj113] PASSED     [ 25%]
joblib/test/test_hashing.py::test_trivial_hash[obj210-obj114] PASSED     [ 25%]
joblib/test/test_hashing.py::test_trivial_hash[obj210-None] PASSED       [ 25%]
joblib/test/test_hashing.py::test_trivial_hash[obj210-collect] PASSED    [ 25%]
joblib/test/test_hashing.py::test_trivial_hash[obj210-append] PASSED     [ 25%]
joblib/test/test_hashing.py::test_trivial_hash[obj210-obj118] PASSED     [ 25%]
joblib/test/test_hashing.py::test_trivial_hash[obj210-obj119] PASSED     [ 25%]
joblib/test/test_hashing.py::test_trivial_hash[obj210-obj120] PASSED     [ 25%]
joblib/test/test_hashing.py::test_trivial_hash[obj210-obj121] PASSED     [ 26%]
joblib/test/test_hashing.py::test_trivial_hash[obj211-1] PASSED          [ 26%]
joblib/test/test_hashing.py::test_trivial_hash[obj211-2] PASSED          [ 26%]
joblib/test/test_hashing.py::test_trivial_hash[obj211-1.0] PASSED        [ 26%]
joblib/test/test_hashing.py::test_trivial_hash[obj211-2.0] PASSED        [ 26%]
joblib/test/test_hashing.py::test_trivial_hash[obj211-(1+1j)] PASSED     [ 26%]
joblib/test/test_hashing.py::test_trivial_hash[obj211-(2+1j)] PASSED     [ 26%]
joblib/test/test_hashing.py::test_trivial_hash[obj211-a] PASSED          [ 26%]
joblib/test/test_hashing.py::test_trivial_hash[obj211-b] PASSED          [ 26%]
joblib/test/test_hashing.py::test_trivial_hash[obj211-obj18] PASSED      [ 26%]
joblib/test/test_hashing.py::test_trivial_hash[obj211-obj19] PASSED      [ 26%]
joblib/test/test_hashing.py::test_trivial_hash[obj211-obj110] PASSED     [ 26%]
joblib/test/test_hashing.py::test_trivial_hash[obj211-obj111] PASSED     [ 27%]
joblib/test/test_hashing.py::test_trivial_hash[obj211-obj112] PASSED     [ 27%]
joblib/test/test_hashing.py::test_trivial_hash[obj211-obj113] PASSED     [ 27%]
joblib/test/test_hashing.py::test_trivial_hash[obj211-obj114] PASSED     [ 27%]
joblib/test/test_hashing.py::test_trivial_hash[obj211-None] PASSED       [ 27%]
joblib/test/test_hashing.py::test_trivial_hash[obj211-collect] PASSED    [ 27%]
joblib/test/test_hashing.py::test_trivial_hash[obj211-append] PASSED     [ 27%]
joblib/test/test_hashing.py::test_trivial_hash[obj211-obj118] PASSED     [ 27%]
joblib/test/test_hashing.py::test_trivial_hash[obj211-obj119] PASSED     [ 27%]
joblib/test/test_hashing.py::test_trivial_hash[obj211-obj120] PASSED     [ 27%]
joblib/test/test_hashing.py::test_trivial_hash[obj211-obj121] PASSED     [ 27%]
joblib/test/test_hashing.py::test_trivial_hash[obj212-1] PASSED          [ 27%]
joblib/test/test_hashing.py::test_trivial_hash[obj212-2] PASSED          [ 28%]
joblib/test/test_hashing.py::test_trivial_hash[obj212-1.0] PASSED        [ 28%]
joblib/test/test_hashing.py::test_trivial_hash[obj212-2.0] PASSED        [ 28%]
joblib/test/test_hashing.py::test_trivial_hash[obj212-(1+1j)] PASSED     [ 28%]
joblib/test/test_hashing.py::test_trivial_hash[obj212-(2+1j)] PASSED     [ 28%]
joblib/test/test_hashing.py::test_trivial_hash[obj212-a] PASSED          [ 28%]
joblib/test/test_hashing.py::test_trivial_hash[obj212-b] PASSED          [ 28%]
joblib/test/test_hashing.py::test_trivial_hash[obj212-obj18] PASSED      [ 28%]
joblib/test/test_hashing.py::test_trivial_hash[obj212-obj19] PASSED      [ 28%]
joblib/test/test_hashing.py::test_trivial_hash[obj212-obj110] PASSED     [ 28%]
joblib/test/test_hashing.py::test_trivial_hash[obj212-obj111] PASSED     [ 28%]
joblib/test/test_hashing.py::test_trivial_hash[obj212-obj112] PASSED     [ 28%]
joblib/test/test_hashing.py::test_trivial_hash[obj212-obj113] PASSED     [ 29%]
joblib/test/test_hashing.py::test_trivial_hash[obj212-obj114] PASSED     [ 29%]
joblib/test/test_hashing.py::test_trivial_hash[obj212-None] PASSED       [ 29%]
joblib/test/test_hashing.py::test_trivial_hash[obj212-collect] PASSED    [ 29%]
joblib/test/test_hashing.py::test_trivial_hash[obj212-append] PASSED     [ 29%]
joblib/test/test_hashing.py::test_trivial_hash[obj212-obj118] PASSED     [ 29%]
joblib/test/test_hashing.py::test_trivial_hash[obj212-obj119] PASSED     [ 29%]
joblib/test/test_hashing.py::test_trivial_hash[obj212-obj120] PASSED     [ 29%]
joblib/test/test_hashing.py::test_trivial_hash[obj212-obj121] PASSED     [ 29%]
joblib/test/test_hashing.py::test_trivial_hash[obj213-1] PASSED          [ 29%]
joblib/test/test_hashing.py::test_trivial_hash[obj213-2] PASSED          [ 29%]
joblib/test/test_hashing.py::test_trivial_hash[obj213-1.0] PASSED        [ 30%]
joblib/test/test_hashing.py::test_trivial_hash[obj213-2.0] PASSED        [ 30%]
joblib/test/test_hashing.py::test_trivial_hash[obj213-(1+1j)] PASSED     [ 30%]
joblib/test/test_hashing.py::test_trivial_hash[obj213-(2+1j)] PASSED     [ 30%]
joblib/test/test_hashing.py::test_trivial_hash[obj213-a] PASSED          [ 30%]
joblib/test/test_hashing.py::test_trivial_hash[obj213-b] PASSED          [ 30%]
joblib/test/test_hashing.py::test_trivial_hash[obj213-obj18] PASSED      [ 30%]
joblib/test/test_hashing.py::test_trivial_hash[obj213-obj19] PASSED      [ 30%]
joblib/test/test_hashing.py::test_trivial_hash[obj213-obj110] PASSED     [ 30%]
joblib/test/test_hashing.py::test_trivial_hash[obj213-obj111] PASSED     [ 30%]
joblib/test/test_hashing.py::test_trivial_hash[obj213-obj112] PASSED     [ 30%]
joblib/test/test_hashing.py::test_trivial_hash[obj213-obj113] PASSED     [ 30%]
joblib/test/test_hashing.py::test_trivial_hash[obj213-obj114] PASSED     [ 31%]
joblib/test/test_hashing.py::test_trivial_hash[obj213-None] PASSED       [ 31%]
joblib/test/test_hashing.py::test_trivial_hash[obj213-collect] PASSED    [ 31%]
joblib/test/test_hashing.py::test_trivial_hash[obj213-append] PASSED     [ 31%]
joblib/test/test_hashing.py::test_trivial_hash[obj213-obj118] PASSED     [ 31%]
joblib/test/test_hashing.py::test_trivial_hash[obj213-obj119] PASSED     [ 31%]
joblib/test/test_hashing.py::test_trivial_hash[obj213-obj120] PASSED     [ 31%]
joblib/test/test_hashing.py::test_trivial_hash[obj213-obj121] PASSED     [ 31%]
joblib/test/test_hashing.py::test_trivial_hash[obj214-1] PASSED          [ 31%]
joblib/test/test_hashing.py::test_trivial_hash[obj214-2] PASSED          [ 31%]
joblib/test/test_hashing.py::test_trivial_hash[obj214-1.0] PASSED        [ 31%]
joblib/test/test_hashing.py::test_trivial_hash[obj214-2.0] PASSED        [ 31%]
joblib/test/test_hashing.py::test_trivial_hash[obj214-(1+1j)] PASSED     [ 32%]
joblib/test/test_hashing.py::test_trivial_hash[obj214-(2+1j)] PASSED     [ 32%]
joblib/test/test_hashing.py::test_trivial_hash[obj214-a] PASSED          [ 32%]
joblib/test/test_hashing.py::test_trivial_hash[obj214-b] PASSED          [ 32%]
joblib/test/test_hashing.py::test_trivial_hash[obj214-obj18] PASSED      [ 32%]
joblib/test/test_hashing.py::test_trivial_hash[obj214-obj19] PASSED      [ 32%]
joblib/test/test_hashing.py::test_trivial_hash[obj214-obj110] PASSED     [ 32%]
joblib/test/test_hashing.py::test_trivial_hash[obj214-obj111] PASSED     [ 32%]
joblib/test/test_hashing.py::test_trivial_hash[obj214-obj112] PASSED     [ 32%]
joblib/test/test_hashing.py::test_trivial_hash[obj214-obj113] PASSED     [ 32%]
joblib/test/test_hashing.py::test_trivial_hash[obj214-obj114] PASSED     [ 32%]
joblib/test/test_hashing.py::test_trivial_hash[obj214-None] PASSED       [ 33%]
joblib/test/test_hashing.py::test_trivial_hash[obj214-collect] PASSED    [ 33%]
joblib/test/test_hashing.py::test_trivial_hash[obj214-append] PASSED     [ 33%]
joblib/test/test_hashing.py::test_trivial_hash[obj214-obj118] PASSED     [ 33%]
joblib/test/test_hashing.py::test_trivial_hash[obj214-obj119] PASSED     [ 33%]
joblib/test/test_hashing.py::test_trivial_hash[obj214-obj120] PASSED     [ 33%]
joblib/test/test_hashing.py::test_trivial_hash[obj214-obj121] PASSED     [ 33%]
joblib/test/test_hashing.py::test_trivial_hash[None-1] PASSED            [ 33%]
joblib/test/test_hashing.py::test_trivial_hash[None-2] PASSED            [ 33%]
joblib/test/test_hashing.py::test_trivial_hash[None-1.0] PASSED          [ 33%]
joblib/test/test_hashing.py::test_trivial_hash[None-2.0] PASSED          [ 33%]
joblib/test/test_hashing.py::test_trivial_hash[None-(1+1j)] PASSED       [ 33%]
joblib/test/test_hashing.py::test_trivial_hash[None-(2+1j)] PASSED       [ 34%]
joblib/test/test_hashing.py::test_trivial_hash[None-a] PASSED            [ 34%]
joblib/test/test_hashing.py::test_trivial_hash[None-b] PASSED            [ 34%]
joblib/test/test_hashing.py::test_trivial_hash[None-obj18] PASSED        [ 34%]
joblib/test/test_hashing.py::test_trivial_hash[None-obj19] PASSED        [ 34%]
joblib/test/test_hashing.py::test_trivial_hash[None-obj110] PASSED       [ 34%]
joblib/test/test_hashing.py::test_trivial_hash[None-obj111] PASSED       [ 34%]
joblib/test/test_hashing.py::test_trivial_hash[None-obj112] PASSED       [ 34%]
joblib/test/test_hashing.py::test_trivial_hash[None-obj113] PASSED       [ 34%]
joblib/test/test_hashing.py::test_trivial_hash[None-obj114] PASSED       [ 34%]
joblib/test/test_hashing.py::test_trivial_hash[None-None] PASSED         [ 34%]
joblib/test/test_hashing.py::test_trivial_hash[None-collect] PASSED      [ 34%]
joblib/test/test_hashing.py::test_trivial_hash[None-append] PASSED       [ 35%]
joblib/test/test_hashing.py::test_trivial_hash[None-obj118] PASSED       [ 35%]
joblib/test/test_hashing.py::test_trivial_hash[None-obj119] PASSED       [ 35%]
joblib/test/test_hashing.py::test_trivial_hash[None-obj120] PASSED       [ 35%]
joblib/test/test_hashing.py::test_trivial_hash[None-obj121] PASSED       [ 35%]
joblib/test/test_hashing.py::test_trivial_hash[collect-1] PASSED         [ 35%]
joblib/test/test_hashing.py::test_trivial_hash[collect-2] PASSED         [ 35%]
joblib/test/test_hashing.py::test_trivial_hash[collect-1.0] PASSED       [ 35%]
joblib/test/test_hashing.py::test_trivial_hash[collect-2.0] PASSED       [ 35%]
joblib/test/test_hashing.py::test_trivial_hash[collect-(1+1j)] PASSED    [ 35%]
joblib/test/test_hashing.py::test_trivial_hash[collect-(2+1j)] PASSED    [ 35%]
joblib/test/test_hashing.py::test_trivial_hash[collect-a] PASSED         [ 36%]
joblib/test/test_hashing.py::test_trivial_hash[collect-b] PASSED         [ 36%]
joblib/test/test_hashing.py::test_trivial_hash[collect-obj18] PASSED     [ 36%]
joblib/test/test_hashing.py::test_trivial_hash[collect-obj19] PASSED     [ 36%]
joblib/test/test_hashing.py::test_trivial_hash[collect-obj110] PASSED    [ 36%]
joblib/test/test_hashing.py::test_trivial_hash[collect-obj111] PASSED    [ 36%]
joblib/test/test_hashing.py::test_trivial_hash[collect-obj112] PASSED    [ 36%]
joblib/test/test_hashing.py::test_trivial_hash[collect-obj113] PASSED    [ 36%]
joblib/test/test_hashing.py::test_trivial_hash[collect-obj114] PASSED    [ 36%]
joblib/test/test_hashing.py::test_trivial_hash[collect-None] PASSED      [ 36%]
joblib/test/test_hashing.py::test_trivial_hash[collect-collect] PASSED   [ 36%]
joblib/test/test_hashing.py::test_trivial_hash[collect-append] PASSED    [ 36%]
joblib/test/test_hashing.py::test_trivial_hash[collect-obj118] PASSED    [ 37%]
joblib/test/test_hashing.py::test_trivial_hash[collect-obj119] PASSED    [ 37%]
joblib/test/test_hashing.py::test_trivial_hash[collect-obj120] PASSED    [ 37%]
joblib/test/test_hashing.py::test_trivial_hash[collect-obj121] PASSED    [ 37%]
joblib/test/test_hashing.py::test_trivial_hash[append-1] PASSED          [ 37%]
joblib/test/test_hashing.py::test_trivial_hash[append-2] PASSED          [ 37%]
joblib/test/test_hashing.py::test_trivial_hash[append-1.0] PASSED        [ 37%]
joblib/test/test_hashing.py::test_trivial_hash[append-2.0] PASSED        [ 37%]
joblib/test/test_hashing.py::test_trivial_hash[append-(1+1j)] PASSED     [ 37%]
joblib/test/test_hashing.py::test_trivial_hash[append-(2+1j)] PASSED     [ 37%]
joblib/test/test_hashing.py::test_trivial_hash[append-a] PASSED          [ 37%]
joblib/test/test_hashing.py::test_trivial_hash[append-b] PASSED          [ 37%]
joblib/test/test_hashing.py::test_trivial_hash[append-obj18] PASSED      [ 38%]
joblib/test/test_hashing.py::test_trivial_hash[append-obj19] PASSED      [ 38%]
joblib/test/test_hashing.py::test_trivial_hash[append-obj110] PASSED     [ 38%]
joblib/test/test_hashing.py::test_trivial_hash[append-obj111] PASSED     [ 38%]
joblib/test/test_hashing.py::test_trivial_hash[append-obj112] PASSED     [ 38%]
joblib/test/test_hashing.py::test_trivial_hash[append-obj113] PASSED     [ 38%]
joblib/test/test_hashing.py::test_trivial_hash[append-obj114] PASSED     [ 38%]
joblib/test/test_hashing.py::test_trivial_hash[append-None] PASSED       [ 38%]
joblib/test/test_hashing.py::test_trivial_hash[append-collect] PASSED    [ 38%]
joblib/test/test_hashing.py::test_trivial_hash[append-append] PASSED     [ 38%]
joblib/test/test_hashing.py::test_trivial_hash[append-obj118] PASSED     [ 38%]
joblib/test/test_hashing.py::test_trivial_hash[append-obj119] PASSED     [ 39%]
joblib/test/test_hashing.py::test_trivial_hash[append-obj120] PASSED     [ 39%]
joblib/test/test_hashing.py::test_trivial_hash[append-obj121] PASSED     [ 39%]
joblib/test/test_hashing.py::test_trivial_hash[obj218-1] PASSED          [ 39%]
joblib/test/test_hashing.py::test_trivial_hash[obj218-2] PASSED          [ 39%]
joblib/test/test_hashing.py::test_trivial_hash[obj218-1.0] PASSED        [ 39%]
joblib/test/test_hashing.py::test_trivial_hash[obj218-2.0] PASSED        [ 39%]
joblib/test/test_hashing.py::test_trivial_hash[obj218-(1+1j)] PASSED     [ 39%]
joblib/test/test_hashing.py::test_trivial_hash[obj218-(2+1j)] PASSED     [ 39%]
joblib/test/test_hashing.py::test_trivial_hash[obj218-a] PASSED          [ 39%]
joblib/test/test_hashing.py::test_trivial_hash[obj218-b] PASSED          [ 39%]
joblib/test/test_hashing.py::test_trivial_hash[obj218-obj18] PASSED      [ 39%]
joblib/test/test_hashing.py::test_trivial_hash[obj218-obj19] PASSED      [ 40%]
joblib/test/test_hashing.py::test_trivial_hash[obj218-obj110] PASSED     [ 40%]
joblib/test/test_hashing.py::test_trivial_hash[obj218-obj111] PASSED     [ 40%]
joblib/test/test_hashing.py::test_trivial_hash[obj218-obj112] PASSED     [ 40%]
joblib/test/test_hashing.py::test_trivial_hash[obj218-obj113] PASSED     [ 40%]
joblib/test/test_hashing.py::test_trivial_hash[obj218-obj114] PASSED     [ 40%]
joblib/test/test_hashing.py::test_trivial_hash[obj218-None] PASSED       [ 40%]
joblib/test/test_hashing.py::test_trivial_hash[obj218-collect] PASSED    [ 40%]
joblib/test/test_hashing.py::test_trivial_hash[obj218-append] PASSED     [ 40%]
joblib/test/test_hashing.py::test_trivial_hash[obj218-obj118] PASSED     [ 40%]
joblib/test/test_hashing.py::test_trivial_hash[obj218-obj119] PASSED     [ 40%]
joblib/test/test_hashing.py::test_trivial_hash[obj218-obj120] PASSED     [ 40%]
joblib/test/test_hashing.py::test_trivial_hash[obj218-obj121] PASSED     [ 41%]
joblib/test/test_hashing.py::test_trivial_hash[obj219-1] PASSED          [ 41%]
joblib/test/test_hashing.py::test_trivial_hash[obj219-2] PASSED          [ 41%]
joblib/test/test_hashing.py::test_trivial_hash[obj219-1.0] PASSED        [ 41%]
joblib/test/test_hashing.py::test_trivial_hash[obj219-2.0] PASSED        [ 41%]
joblib/test/test_hashing.py::test_trivial_hash[obj219-(1+1j)] PASSED     [ 41%]
joblib/test/test_hashing.py::test_trivial_hash[obj219-(2+1j)] PASSED     [ 41%]
joblib/test/test_hashing.py::test_trivial_hash[obj219-a] PASSED          [ 41%]
joblib/test/test_hashing.py::test_trivial_hash[obj219-b] PASSED          [ 41%]
joblib/test/test_hashing.py::test_trivial_hash[obj219-obj18] PASSED      [ 41%]
joblib/test/test_hashing.py::test_trivial_hash[obj219-obj19] PASSED      [ 41%]
joblib/test/test_hashing.py::test_trivial_hash[obj219-obj110] PASSED     [ 42%]
joblib/test/test_hashing.py::test_trivial_hash[obj219-obj111] PASSED     [ 42%]
joblib/test/test_hashing.py::test_trivial_hash[obj219-obj112] PASSED     [ 42%]
joblib/test/test_hashing.py::test_trivial_hash[obj219-obj113] PASSED     [ 42%]
joblib/test/test_hashing.py::test_trivial_hash[obj219-obj114] PASSED     [ 42%]
joblib/test/test_hashing.py::test_trivial_hash[obj219-None] PASSED       [ 42%]
joblib/test/test_hashing.py::test_trivial_hash[obj219-collect] PASSED    [ 42%]
joblib/test/test_hashing.py::test_trivial_hash[obj219-append] PASSED     [ 42%]
joblib/test/test_hashing.py::test_trivial_hash[obj219-obj118] PASSED     [ 42%]
joblib/test/test_hashing.py::test_trivial_hash[obj219-obj119] PASSED     [ 42%]
joblib/test/test_hashing.py::test_trivial_hash[obj219-obj120] PASSED     [ 42%]
joblib/test/test_hashing.py::test_trivial_hash[obj219-obj121] PASSED     [ 42%]
joblib/test/test_hashing.py::test_trivial_hash[obj220-1] PASSED          [ 43%]
joblib/test/test_hashing.py::test_trivial_hash[obj220-2] PASSED          [ 43%]
joblib/test/test_hashing.py::test_trivial_hash[obj220-1.0] PASSED        [ 43%]
joblib/test/test_hashing.py::test_trivial_hash[obj220-2.0] PASSED        [ 43%]
joblib/test/test_hashing.py::test_trivial_hash[obj220-(1+1j)] PASSED     [ 43%]
joblib/test/test_hashing.py::test_trivial_hash[obj220-(2+1j)] PASSED     [ 43%]
joblib/test/test_hashing.py::test_trivial_hash[obj220-a] PASSED          [ 43%]
joblib/test/test_hashing.py::test_trivial_hash[obj220-b] PASSED          [ 43%]
joblib/test/test_hashing.py::test_trivial_hash[obj220-obj18] PASSED      [ 43%]
joblib/test/test_hashing.py::test_trivial_hash[obj220-obj19] PASSED      [ 43%]
joblib/test/test_hashing.py::test_trivial_hash[obj220-obj110] PASSED     [ 43%]
joblib/test/test_hashing.py::test_trivial_hash[obj220-obj111] PASSED     [ 43%]
joblib/test/test_hashing.py::test_trivial_hash[obj220-obj112] PASSED     [ 44%]
joblib/test/test_hashing.py::test_trivial_hash[obj220-obj113] PASSED     [ 44%]
joblib/test/test_hashing.py::test_trivial_hash[obj220-obj114] PASSED     [ 44%]
joblib/test/test_hashing.py::test_trivial_hash[obj220-None] PASSED       [ 44%]
joblib/test/test_hashing.py::test_trivial_hash[obj220-collect] PASSED    [ 44%]
joblib/test/test_hashing.py::test_trivial_hash[obj220-append] PASSED     [ 44%]
joblib/test/test_hashing.py::test_trivial_hash[obj220-obj118] PASSED     [ 44%]
joblib/test/test_hashing.py::test_trivial_hash[obj220-obj119] PASSED     [ 44%]
joblib/test/test_hashing.py::test_trivial_hash[obj220-obj120] PASSED     [ 44%]
joblib/test/test_hashing.py::test_trivial_hash[obj220-obj121] PASSED     [ 44%]
joblib/test/test_hashing.py::test_trivial_hash[obj221-1] PASSED          [ 44%]
joblib/test/test_hashing.py::test_trivial_hash[obj221-2] PASSED          [ 44%]
joblib/test/test_hashing.py::test_trivial_hash[obj221-1.0] PASSED        [ 45%]
joblib/test/test_hashing.py::test_trivial_hash[obj221-2.0] PASSED        [ 45%]
joblib/test/test_hashing.py::test_trivial_hash[obj221-(1+1j)] PASSED     [ 45%]
joblib/test/test_hashing.py::test_trivial_hash[obj221-(2+1j)] PASSED     [ 45%]
joblib/test/test_hashing.py::test_trivial_hash[obj221-a] PASSED          [ 45%]
joblib/test/test_hashing.py::test_trivial_hash[obj221-b] PASSED          [ 45%]
joblib/test/test_hashing.py::test_trivial_hash[obj221-obj18] PASSED      [ 45%]
joblib/test/test_hashing.py::test_trivial_hash[obj221-obj19] PASSED      [ 45%]
joblib/test/test_hashing.py::test_trivial_hash[obj221-obj110] PASSED     [ 45%]
joblib/test/test_hashing.py::test_trivial_hash[obj221-obj111] PASSED     [ 45%]
joblib/test/test_hashing.py::test_trivial_hash[obj221-obj112] PASSED     [ 45%]
joblib/test/test_hashing.py::test_trivial_hash[obj221-obj113] PASSED     [ 46%]
joblib/test/test_hashing.py::test_trivial_hash[obj221-obj114] PASSED     [ 46%]
joblib/test/test_hashing.py::test_trivial_hash[obj221-None] PASSED       [ 46%]
joblib/test/test_hashing.py::test_trivial_hash[obj221-collect] PASSED    [ 46%]
joblib/test/test_hashing.py::test_trivial_hash[obj221-append] PASSED     [ 46%]
joblib/test/test_hashing.py::test_trivial_hash[obj221-obj118] PASSED     [ 46%]
joblib/test/test_hashing.py::test_trivial_hash[obj221-obj119] PASSED     [ 46%]
joblib/test/test_hashing.py::test_trivial_hash[obj221-obj120] PASSED     [ 46%]
joblib/test/test_hashing.py::test_trivial_hash[obj221-obj121] PASSED     [ 46%]
joblib/test/test_hashing.py::test_hash_methods PASSED                    [ 46%]
joblib/test/test_hashing.py::test_hash_numpy_arrays SKIPPED (Test re...) [ 46%]
joblib/test/test_hashing.py::test_hash_numpy_dict_of_arrays SKIPPED      [ 46%]
joblib/test/test_hashing.py::test_numpy_datetime_array SKIPPED (Test...) [ 47%]
joblib/test/test_hashing.py::test_hash_numpy_noncontiguous SKIPPED (...) [ 47%]
joblib/test/test_hashing.py::test_hash_memmap SKIPPED (Test requires...) [ 47%]
joblib/test/test_hashing.py::test_hash_numpy_performance SKIPPED (Te...) [ 47%]
joblib/test/test_hashing.py::test_bound_methods_hash PASSED              [ 47%]
joblib/test/test_hashing.py::test_bound_cached_methods_hash PASSED       [ 47%]
joblib/test/test_hashing.py::test_hash_object_dtype SKIPPED (Test re...) [ 47%]
joblib/test/test_hashing.py::test_numpy_scalar SKIPPED (Test require...) [ 47%]
joblib/test/test_hashing.py::test_dict_hash PASSED                       [ 47%]
joblib/test/test_hashing.py::test_set_hash PASSED                        [ 47%]
joblib/test/test_hashing.py::test_set_decimal_hash PASSED                [ 47%]
joblib/test/test_hashing.py::test_string PASSED                          [ 47%]
joblib/test/test_hashing.py::test_numpy_dtype_pickling SKIPPED (Test...) [ 48%]
joblib/test/test_hashing.py::test_hashes_stay_the_same[This is a string to hash-71b3f47df22cb19431d85d92d0b230b2] PASSED [ 48%]
joblib/test/test_hashing.py::test_hashes_stay_the_same[C'est l\xe9t\xe9-2d8d189e9b2b0b2e384d93c868c0e576] PASSED [ 48%]
joblib/test/test_hashing.py::test_hashes_stay_the_same[to_hash2-e205227dd82250871fa25aa0ec690aa3] PASSED [ 48%]
joblib/test/test_hashing.py::test_hashes_stay_the_same[to_hash3-a11ffad81f9682a7d901e6edc3d16c84] PASSED [ 48%]
joblib/test/test_hashing.py::test_hashes_stay_the_same[to_hash4-aeda150553d4bb5c69f0e69d51b0e2ef] PASSED [ 48%]
joblib/test/test_hashing.py::test_hashes_are_different_between_c_and_fortran_contiguous_arrays SKIPPED [ 48%]
joblib/test/test_hashing.py::test_0d_array SKIPPED (Test requires numpy) [ 48%]
joblib/test/test_hashing.py::test_0d_and_1d_array_hashing_is_different SKIPPED [ 48%]
joblib/test/test_hashing.py::test_hashes_stay_the_same_with_numpy_objects SKIPPED [ 48%]
joblib/test/test_hashing.py::test_hashing_pickling_error PASSED          [ 48%]
joblib/test/test_hashing.py::test_wrong_hash_name PASSED                 [ 49%]
joblib/test/test_init.py::test_import_joblib PASSED                      [ 49%]
joblib/test/test_logger.py::test_print_time PASSED                       [ 49%]
joblib/test/test_memmapping.py::test_memmap_based_array_reducing SKIPPED [ 49%]
joblib/test/test_memmapping.py::test_resource_tracker_retries_when_permissionerror SKIPPED [ 49%]
joblib/test/test_memmapping.py::test_high_dimension_memmap_array_reducing SKIPPED [ 49%]
joblib/test/test_memmapping.py::test__strided_from_memmap SKIPPED (T...) [ 49%]
joblib/test/test_memmapping.py::test_pool_with_memmap SKIPPED (Test ...) [ 49%]
joblib/test/test_memmapping.py::test_pool_with_memmap_array_view SKIPPED [ 49%]
joblib/test/test_memmapping.py::test_permission_error_windows_reference_cycle SKIPPED [ 49%]
joblib/test/test_memmapping.py::test_permission_error_windows_memmap_sent_to_parent SKIPPED [ 49%]
joblib/test/test_memmapping.py::test_parallel_isolated_temp_folders SKIPPED [ 49%]
joblib/test/test_memmapping.py::test_managed_backend_reuse_temp_folder SKIPPED [ 50%]
joblib/test/test_memmapping.py::test_memmapping_temp_folder_thread_safety SKIPPED [ 50%]
joblib/test/test_memmapping.py::test_multithreaded_parallel_termination_resource_tracker_silent SKIPPED [ 50%]
joblib/test/test_memmapping.py::test_many_parallel_calls_on_same_object SKIPPED [ 50%]
joblib/test/test_memmapping.py::test_memmap_returned_as_regular_array SKIPPED [ 50%]
joblib/test/test_memmapping.py::test_resource_tracker_silent_when_reference_cycles SKIPPED [ 50%]
joblib/test/test_memmapping.py::test_memmapping_pool_for_large_arrays SKIPPED [ 50%]
joblib/test/test_memmapping.py::test_child_raises_parent_exits_cleanly SKIPPED [ 50%]
joblib/test/test_memmapping.py::test_memmapping_pool_for_large_arrays_disabled SKIPPED [ 50%]
joblib/test/test_memmapping.py::test_memmapping_on_large_enough_dev_shm SKIPPED [ 50%]
joblib/test/test_memmapping.py::test_memmapping_on_too_small_dev_shm SKIPPED [ 50%]
joblib/test/test_memmapping.py::test_memmapping_pool_for_large_arrays_in_return SKIPPED [ 50%]
joblib/test/test_memmapping.py::test_workaround_against_bad_memmap_with_copied_buffers SKIPPED [ 51%]
joblib/test/test_memmapping.py::test_pool_memmap_with_big_offset SKIPPED [ 51%]
joblib/test/test_memmapping.py::test_pool_get_temp_dir PASSED            [ 51%]
joblib/test/test_memmapping.py::test_numpy_arrays_use_different_memory SKIPPED [ 51%]
joblib/test/test_memmapping.py::test_weak_array_key_map SKIPPED (Tes...) [ 51%]
joblib/test/test_memmapping.py::test_weak_array_key_map_no_pickling PASSED [ 51%]
joblib/test/test_memmapping.py::test_direct_mmap SKIPPED (Test requi...) [ 51%]
joblib/test/test_memory.py::test_memory_integration PASSED               [ 51%]
joblib/test/test_memory.py::test_parallel_call_cached_function_defined_in_jupyter[True] FAILED [ 51%]
joblib/test/test_memory.py::test_parallel_call_cached_function_defined_in_jupyter[False] FAILED [ 51%]
joblib/test/test_memory.py::test_no_memory PASSED                        [ 51%]
joblib/test/test_memory.py::test_memory_kwarg PASSED                     [ 52%]
joblib/test/test_memory.py::test_memory_lambda PASSED                    [ 52%]
joblib/test/test_memory.py::test_memory_name_collision PASSED            [ 52%]
joblib/test/test_memory.py::test_memory_warning_lambda_collisions PASSED [ 52%]
joblib/test/test_memory.py::test_memory_warning_collision_detection PASSED [ 52%]
joblib/test/test_memory.py::test_memory_partial PASSED                   [ 52%]
joblib/test/test_memory.py::test_memory_eval PASSED                      [ 52%]
joblib/test/test_memory.py::test_argument_change PASSED                  [ 52%]
joblib/test/test_memory.py::test_memory_numpy SKIPPED (Test requires...) [ 52%]
joblib/test/test_memory.py::test_memory_numpy_check_mmap_mode SKIPPED    [ 52%]
joblib/test/test_memory.py::test_memory_exception PASSED                 [ 52%]
joblib/test/test_memory.py::test_memory_ignore PASSED                    [ 52%]
joblib/test/test_memory.py::test_memory_ignore_decorated PASSED          [ 53%]
joblib/test/test_memory.py::test_memory_args_as_kwargs PASSED            [ 53%]
joblib/test/test_memory.py::test_partial_decoration[ignore0-100-r] PASSED [ 53%]
joblib/test/test_memory.py::test_partial_decoration[ignore1-10-None] PASSED [ 53%]
joblib/test/test_memory.py::test_func_dir PASSED                         [ 53%]
joblib/test/test_memory.py::test_persistence PASSED                      [ 53%]
joblib/test/test_memory.py::test_check_call_in_cache PASSED              [ 53%]
joblib/test/test_memory.py::test_call_and_shelve PASSED                  [ 53%]
joblib/test/test_memory.py::test_call_and_shelve_argument_hash PASSED    [ 53%]
joblib/test/test_memory.py::test_call_and_shelve_lazily_load_stored_result PASSED [ 53%]
joblib/test/test_memory.py::test_memorized_pickling PASSED               [ 53%]
joblib/test/test_memory.py::test_memorized_repr PASSED                   [ 53%]
joblib/test/test_memory.py::test_memory_file_modification PASSED         [ 54%]
joblib/test/test_memory.py::test_memory_in_memory_function_code_change PASSED [ 54%]
joblib/test/test_memory.py::test_clear_memory_with_none_location PASSED  [ 54%]
joblib/test/test_memory.py::test_memory_func_with_kwonly_args PASSED     [ 54%]
joblib/test/test_memory.py::test_memory_func_with_signature PASSED       [ 54%]
joblib/test/test_memory.py::test__get_items PASSED                       [ 54%]
joblib/test/test_memory.py::test__get_items_to_delete PASSED             [ 54%]
joblib/test/test_memory.py::test_memory_reduce_size PASSED               [ 54%]
joblib/test/test_memory.py::test_memory_clear PASSED                     [ 54%]
joblib/test/test_memory.py::test_cached_function_race_condition_when_persisting_output PASSED [ 54%]
joblib/test/test_memory.py::test_cached_function_race_condition_when_persisting_output_2 PASSED [ 54%]
joblib/test/test_memory.py::test_memory_recomputes_after_an_error_while_loading_results PASSED [ 55%]
joblib/test/test_memory.py::test_register_invalid_store_backends_key[None] PASSED [ 55%]
joblib/test/test_memory.py::test_register_invalid_store_backends_key[invalid_prefix1] PASSED [ 55%]
joblib/test/test_memory.py::test_register_invalid_store_backends_key[invalid_prefix2] PASSED [ 55%]
joblib/test/test_memory.py::test_register_invalid_store_backends_object PASSED [ 55%]
joblib/test/test_memory.py::test_memory_default_store_backend PASSED     [ 55%]
joblib/test/test_memory.py::test_warning_on_unknown_location_type PASSED [ 55%]
joblib/test/test_memory.py::test_instanciate_incomplete_store_backend PASSED [ 55%]
joblib/test/test_memory.py::test_dummy_store_backend PASSED              [ 55%]
joblib/test/test_memory.py::test_instanciate_store_backend_with_pathlib_path PASSED [ 55%]
joblib/test/test_memory.py::test_filesystem_store_backend_repr PASSED    [ 55%]
joblib/test/test_memory.py::test_memory_objects_repr PASSED              [ 55%]
joblib/test/test_memory.py::test_memorized_result_pickle PASSED          [ 56%]
joblib/test/test_memory.py::test_memory_pickle_dump_load[memory_kwargs0] PASSED [ 56%]
joblib/test/test_memory.py::test_memory_pickle_dump_load[memory_kwargs1] PASSED [ 56%]
joblib/test/test_missing_multiprocessing.py::test_missing_multiprocessing PASSED [ 56%]
joblib/test/test_module.py::test_version PASSED                          [ 56%]
joblib/test/test_module.py::test_no_start_method_side_effect_on_import PASSED [ 56%]
joblib/test/test_module.py::test_no_semaphore_tracker_on_import PASSED   [ 56%]
joblib/test/test_module.py::test_no_resource_tracker_on_import PASSED    [ 56%]
joblib/test/test_my_exceptions.py::test_inheritance PASSED               [ 56%]
joblib/test/test_my_exceptions.py::test_inheritance_special_cases PASSED [ 56%]
joblib/test/test_my_exceptions.py::test__mk_exception PASSED             [ 56%]
joblib/test/test_numpy_pickle.py::test_standard_types[None-0] PASSED     [ 56%]
joblib/test/test_numpy_pickle.py::test_standard_types[None-1] PASSED     [ 57%]
joblib/test/test_numpy_pickle.py::test_standard_types[type-0] PASSED     [ 57%]
joblib/test/test_numpy_pickle.py::test_standard_types[type-1] PASSED     [ 57%]
joblib/test/test_numpy_pickle.py::test_standard_types[True-0] PASSED     [ 57%]
joblib/test/test_numpy_pickle.py::test_standard_types[True-1] PASSED     [ 57%]
joblib/test/test_numpy_pickle.py::test_standard_types[10-0] PASSED       [ 57%]
joblib/test/test_numpy_pickle.py::test_standard_types[10-1] PASSED       [ 57%]
joblib/test/test_numpy_pickle.py::test_standard_types[1.0-0] PASSED      [ 57%]
joblib/test/test_numpy_pickle.py::test_standard_types[1.0-1] PASSED      [ 57%]
joblib/test/test_numpy_pickle.py::test_standard_types[(1+0j)-0] PASSED   [ 57%]
joblib/test/test_numpy_pickle.py::test_standard_types[(1+0j)-1] PASSED   [ 57%]
joblib/test/test_numpy_pickle.py::test_standard_types[11-0] PASSED       [ 57%]
joblib/test/test_numpy_pickle.py::test_standard_types[11-1] PASSED       [ 58%]
joblib/test/test_numpy_pickle.py::test_standard_types[member7-0] PASSED  [ 58%]
joblib/test/test_numpy_pickle.py::test_standard_types[member7-1] PASSED  [ 58%]
joblib/test/test_numpy_pickle.py::test_standard_types[member8-0] PASSED  [ 58%]
joblib/test/test_numpy_pickle.py::test_standard_types[member8-1] PASSED  [ 58%]
joblib/test/test_numpy_pickle.py::test_standard_types[member9-0] PASSED  [ 58%]
joblib/test/test_numpy_pickle.py::test_standard_types[member9-1] PASSED  [ 58%]
joblib/test/test_numpy_pickle.py::test_standard_types[len-0] PASSED      [ 58%]
joblib/test/test_numpy_pickle.py::test_standard_types[len-1] PASSED      [ 58%]
joblib/test/test_numpy_pickle.py::test_standard_types[_function-0] PASSED [ 58%]
joblib/test/test_numpy_pickle.py::test_standard_types[_function-1] PASSED [ 58%]
joblib/test/test_numpy_pickle.py::test_standard_types[_class-0] PASSED   [ 59%]
joblib/test/test_numpy_pickle.py::test_standard_types[_class-1] PASSED   [ 59%]
joblib/test/test_numpy_pickle.py::test_standard_types[_newclass-0] PASSED [ 59%]
joblib/test/test_numpy_pickle.py::test_standard_types[_newclass-1] PASSED [ 59%]
joblib/test/test_numpy_pickle.py::test_standard_types[member14-0] PASSED [ 59%]
joblib/test/test_numpy_pickle.py::test_standard_types[member14-1] PASSED [ 59%]
joblib/test/test_numpy_pickle.py::test_standard_types[member15-0] PASSED [ 59%]
joblib/test/test_numpy_pickle.py::test_standard_types[member15-1] PASSED [ 59%]
joblib/test/test_numpy_pickle.py::test_value_error PASSED                [ 59%]
joblib/test/test_numpy_pickle.py::test_compress_level_error[-1] PASSED   [ 59%]
joblib/test/test_numpy_pickle.py::test_compress_level_error[10] PASSED   [ 59%]
joblib/test/test_numpy_pickle.py::test_compress_level_error[wrong_compress2] PASSED [ 59%]
joblib/test/test_numpy_pickle.py::test_numpy_persistence SKIPPED (Te...) [ 60%]
joblib/test/test_numpy_pickle.py::test_numpy_persistence_bufferred_array_compression SKIPPED [ 60%]
joblib/test/test_numpy_pickle.py::test_memmap_persistence SKIPPED (T...) [ 60%]
joblib/test/test_numpy_pickle.py::test_memmap_persistence_mixed_dtypes SKIPPED [ 60%]
joblib/test/test_numpy_pickle.py::test_masked_array_persistence SKIPPED  [ 60%]
joblib/test/test_numpy_pickle.py::test_compress_mmap_mode_warning SKIPPED [ 60%]
joblib/test/test_numpy_pickle.py::test_cache_size_warning SKIPPED (T...) [ 60%]
joblib/test/test_numpy_pickle.py::test_memory_usage SKIPPED (Test re...) [ 60%]
joblib/test/test_numpy_pickle.py::test_compressed_pickle_dump_and_load SKIPPED [ 60%]
joblib/test/test_numpy_pickle.py::test_joblib_pickle_across_python_versions SKIPPED [ 60%]
joblib/test/test_numpy_pickle.py::test_joblib_pickle_across_python_versions_with_mmap SKIPPED [ 60%]
joblib/test/test_numpy_pickle.py::test_numpy_array_byte_order_mismatch_detection SKIPPED [ 60%]
joblib/test/test_numpy_pickle.py::test_compress_tuple_argument[compress_tuple0] PASSED [ 61%]
joblib/test/test_numpy_pickle.py::test_compress_tuple_argument[compress_tuple1] PASSED [ 61%]
joblib/test/test_numpy_pickle.py::test_compress_tuple_argument_exception[compress_tuple0-Compress argument tuple should contain exactly 2 elements] PASSED [ 61%]
joblib/test/test_numpy_pickle.py::test_compress_tuple_argument_exception[compress_tuple1-Non valid compression method given: "wrong"] PASSED [ 61%]
joblib/test/test_numpy_pickle.py::test_compress_tuple_argument_exception[compress_tuple2-Non valid compress level given: "wrong"] PASSED [ 61%]
joblib/test/test_numpy_pickle.py::test_compress_string_argument[zlib] PASSED [ 61%]
joblib/test/test_numpy_pickle.py::test_compress_string_argument[gzip] PASSED [ 61%]
joblib/test/test_numpy_pickle.py::test_joblib_compression_formats SKIPPED [ 61%]
joblib/test/test_numpy_pickle.py::test_load_externally_decompressed_files[.z-_zlib_file_decompress] PASSED [ 61%]
joblib/test/test_numpy_pickle.py::test_load_externally_decompressed_files[.gz-_gzip_file_decompress] PASSED [ 61%]
joblib/test/test_numpy_pickle.py::test_compression_using_file_extension[.z-zlib] PASSED [ 61%]
joblib/test/test_numpy_pickle.py::test_compression_using_file_extension[.gz-gzip] PASSED [ 62%]
joblib/test/test_numpy_pickle.py::test_compression_using_file_extension[.bz2-bz2] PASSED [ 62%]
joblib/test/test_numpy_pickle.py::test_compression_using_file_extension[.lzma-lzma] PASSED [ 62%]
joblib/test/test_numpy_pickle.py::test_compression_using_file_extension[.xz-xz] PASSED [ 62%]
joblib/test/test_numpy_pickle.py::test_compression_using_file_extension[.pkl-not-compressed] PASSED [ 62%]
joblib/test/test_numpy_pickle.py::test_compression_using_file_extension[-not-compressed] PASSED [ 62%]
joblib/test/test_numpy_pickle.py::test_file_handle_persistence SKIPPED   [ 62%]
joblib/test/test_numpy_pickle.py::test_in_memory_persistence SKIPPED     [ 62%]
joblib/test/test_numpy_pickle.py::test_file_handle_persistence_mmap SKIPPED [ 62%]
joblib/test/test_numpy_pickle.py::test_file_handle_persistence_compressed_mmap SKIPPED [ 62%]
joblib/test/test_numpy_pickle.py::test_file_handle_persistence_in_memory_mmap SKIPPED [ 62%]
joblib/test/test_numpy_pickle.py::test_binary_zlibfile[1-a little data as bytes.] PASSED [ 62%]
joblib/test/test_numpy_pickle.py::test_binary_zlibfile[1-a large data as bytes.] PASSED [ 63%]
joblib/test/test_numpy_pickle.py::test_binary_zlibfile[3-a little data as bytes.] PASSED [ 63%]
joblib/test/test_numpy_pickle.py::test_binary_zlibfile[3-a large data as bytes.] PASSED [ 63%]
joblib/test/test_numpy_pickle.py::test_binary_zlibfile[9-a little data as bytes.] PASSED [ 63%]
joblib/test/test_numpy_pickle.py::test_binary_zlibfile[9-a large data as bytes.] PASSED [ 63%]
joblib/test/test_numpy_pickle.py::test_binary_zlibfile_bad_compression_levels[-1] PASSED [ 63%]
joblib/test/test_numpy_pickle.py::test_binary_zlibfile_bad_compression_levels[10] PASSED [ 63%]
joblib/test/test_numpy_pickle.py::test_binary_zlibfile_bad_compression_levels[15] PASSED [ 63%]
joblib/test/test_numpy_pickle.py::test_binary_zlibfile_bad_compression_levels[a] PASSED [ 63%]
joblib/test/test_numpy_pickle.py::test_binary_zlibfile_bad_compression_levels[bad_value4] PASSED [ 63%]
joblib/test/test_numpy_pickle.py::test_binary_zlibfile_bad_compression_levels[bad_value5] PASSED [ 63%]
joblib/test/test_numpy_pickle.py::test_binary_zlibfile_invalid_modes[a] PASSED [ 63%]
joblib/test/test_numpy_pickle.py::test_binary_zlibfile_invalid_modes[x] PASSED [ 64%]
joblib/test/test_numpy_pickle.py::test_binary_zlibfile_invalid_modes[r] PASSED [ 64%]
joblib/test/test_numpy_pickle.py::test_binary_zlibfile_invalid_modes[w] PASSED [ 64%]
joblib/test/test_numpy_pickle.py::test_binary_zlibfile_invalid_modes[1] PASSED [ 64%]
joblib/test/test_numpy_pickle.py::test_binary_zlibfile_invalid_modes[2] PASSED [ 64%]
joblib/test/test_numpy_pickle.py::test_binary_zlibfile_invalid_filename_type[1] PASSED [ 64%]
joblib/test/test_numpy_pickle.py::test_binary_zlibfile_invalid_filename_type[bad_file1] PASSED [ 64%]
joblib/test/test_numpy_pickle.py::test_binary_zlibfile_invalid_filename_type[bad_file2] PASSED [ 64%]
joblib/test/test_numpy_pickle.py::test_numpy_subclass SKIPPED (Test ...) [ 64%]
joblib/test/test_numpy_pickle.py::test_pathlib PASSED                    [ 64%]
joblib/test/test_numpy_pickle.py::test_non_contiguous_array_pickling SKIPPED [ 64%]
joblib/test/test_numpy_pickle.py::test_pickle_highest_protocol SKIPPED   [ 65%]
joblib/test/test_numpy_pickle.py::test_pickle_in_socket SKIPPED (Tes...) [ 65%]
joblib/test/test_numpy_pickle.py::test_load_memmap_with_big_offset SKIPPED [ 65%]
joblib/test/test_numpy_pickle.py::test_register_compressor PASSED        [ 65%]
joblib/test/test_numpy_pickle.py::test_register_compressor_invalid_name[1] PASSED [ 65%]
joblib/test/test_numpy_pickle.py::test_register_compressor_invalid_name[invalid_name1] PASSED [ 65%]
joblib/test/test_numpy_pickle.py::test_register_compressor_invalid_name[invalid_name2] PASSED [ 65%]
joblib/test/test_numpy_pickle.py::test_register_compressor_invalid_fileobj PASSED [ 65%]
joblib/test/test_numpy_pickle.py::test_register_compressor_already_registered PASSED [ 65%]
joblib/test/test_numpy_pickle.py::test_lz4_compression SKIPPED (Need...) [ 65%]
joblib/test/test_numpy_pickle.py::test_lz4_compression_without_lz4 PASSED [ 65%]
joblib/test/test_numpy_pickle.py::test_memmap_alignment_padding SKIPPED  [ 65%]
joblib/test/test_numpy_pickle_compat.py::test_z_file PASSED              [ 66%]
joblib/test/test_numpy_pickle_utils.py::test_binary_zlib_file[test0] PASSED [ 66%]
joblib/test/test_numpy_pickle_utils.py::test_binary_zlib_file[test1] PASSED [ 66%]
joblib/test/test_parallel.py::test_cpu_count PASSED                      [ 66%]
joblib/test/test_parallel.py::test_effective_n_jobs PASSED               [ 66%]
joblib/test/test_parallel.py::test_effective_n_jobs_None[positive-int] PASSED [ 66%]
joblib/test/test_parallel.py::test_effective_n_jobs_None[negative-int] PASSED [ 66%]
joblib/test/test_parallel.py::test_effective_n_jobs_None[None] PASSED    [ 66%]
joblib/test/test_parallel.py::test_simple_parallel[2-1-None] PASSED      [ 66%]
joblib/test/test_parallel.py::test_simple_parallel[2-1-loky] PASSED      [ 66%]
joblib/test/test_parallel.py::test_simple_parallel[2-1-multiprocessing] PASSED [ 66%]
joblib/test/test_parallel.py::test_simple_parallel[2-1-sequential] PASSED [ 66%]
joblib/test/test_parallel.py::test_simple_parallel[2-1-threading] PASSED [ 67%]
joblib/test/test_parallel.py::test_simple_parallel[2-1-backend5] PASSED  [ 67%]
joblib/test/test_parallel.py::test_simple_parallel[2-1-backend6] PASSED  [ 67%]
joblib/test/test_parallel.py::test_simple_parallel[2-1-backend7] PASSED  [ 67%]
joblib/test/test_parallel.py::test_simple_parallel[2-1-backend8] PASSED  [ 67%]
joblib/test/test_parallel.py::test_simple_parallel[2-1-backend9] PASSED  [ 67%]
joblib/test/test_parallel.py::test_simple_parallel[2-2-None] PASSED      [ 67%]
joblib/test/test_parallel.py::test_simple_parallel[2-2-loky] PASSED      [ 67%]
joblib/test/test_parallel.py::test_simple_parallel[2-2-multiprocessing] PASSED [ 67%]
joblib/test/test_parallel.py::test_simple_parallel[2-2-sequential] PASSED [ 67%]
joblib/test/test_parallel.py::test_simple_parallel[2-2-threading] PASSED [ 67%]
joblib/test/test_parallel.py::test_simple_parallel[2-2-backend5] PASSED  [ 68%]
joblib/test/test_parallel.py::test_simple_parallel[2-2-backend6] PASSED  [ 68%]
joblib/test/test_parallel.py::test_simple_parallel[2-2-backend7] PASSED  [ 68%]
joblib/test/test_parallel.py::test_simple_parallel[2-2-backend8] PASSED  [ 68%]
joblib/test/test_parallel.py::test_simple_parallel[2-2-backend9] PASSED  [ 68%]
joblib/test/test_parallel.py::test_simple_parallel[2--1-None] PASSED     [ 68%]
joblib/test/test_parallel.py::test_simple_parallel[2--1-loky] PASSED     [ 68%]
joblib/test/test_parallel.py::test_simple_parallel[2--1-multiprocessing] PASSED [ 68%]
joblib/test/test_parallel.py::test_simple_parallel[2--1-sequential] PASSED [ 68%]
joblib/test/test_parallel.py::test_simple_parallel[2--1-threading] [DEBUG:MainProcess:Thread-44 (worker)] worker exiting after 0 tasks
[DEBUG:MainProcess:Thread-41 (worker)] worker got sentinel -- exiting
[DEBUG:MainProcess:Thread-41 (worker)] worker exiting after 5 tasks
PASSED [ 68%]
joblib/test/test_parallel.py::test_simple_parallel[2--1-backend5] [DEBUG:MainProcess:Thread-49 (worker)] worker exiting after 0 tasks
PASSED [ 68%]
joblib/test/test_parallel.py::test_simple_parallel[2--1-backend6] PASSED [ 68%]
joblib/test/test_parallel.py::test_simple_parallel[2--1-backend7] PASSED [ 69%]
joblib/test/test_parallel.py::test_simple_parallel[2--1-backend8] PASSED [ 69%]
joblib/test/test_parallel.py::test_simple_parallel[2--1-backend9] PASSED [ 69%]
joblib/test/test_parallel.py::test_simple_parallel[2--2-None] PASSED     [ 69%]
joblib/test/test_parallel.py::test_simple_parallel[2--2-loky] PASSED     [ 69%]
joblib/test/test_parallel.py::test_simple_parallel[2--2-multiprocessing] PASSED [ 69%]
joblib/test/test_parallel.py::test_simple_parallel[2--2-sequential] PASSED [ 69%]
joblib/test/test_parallel.py::test_simple_parallel[2--2-threading] PASSED [ 69%]
joblib/test/test_parallel.py::test_simple_parallel[2--2-backend5] PASSED [ 69%]
joblib/test/test_parallel.py::test_simple_parallel[2--2-backend6] PASSED [ 69%]
joblib/test/test_parallel.py::test_simple_parallel[2--2-backend7] PASSED [ 69%]
joblib/test/test_parallel.py::test_simple_parallel[2--2-backend8] PASSED [ 69%]
joblib/test/test_parallel.py::test_simple_parallel[2--2-backend9] PASSED [ 70%]
joblib/test/test_parallel.py::test_simple_parallel[11-1-None] PASSED     [ 70%]
joblib/test/test_parallel.py::test_simple_parallel[11-1-loky] PASSED     [ 70%]
joblib/test/test_parallel.py::test_simple_parallel[11-1-multiprocessing] PASSED [ 70%]
joblib/test/test_parallel.py::test_simple_parallel[11-1-sequential] PASSED [ 70%]
joblib/test/test_parallel.py::test_simple_parallel[11-1-threading] PASSED [ 70%]
joblib/test/test_parallel.py::test_simple_parallel[11-1-backend5] PASSED [ 70%]
joblib/test/test_parallel.py::test_simple_parallel[11-1-backend6] PASSED [ 70%]
joblib/test/test_parallel.py::test_simple_parallel[11-1-backend7] PASSED [ 70%]
joblib/test/test_parallel.py::test_simple_parallel[11-1-backend8] PASSED [ 70%]
joblib/test/test_parallel.py::test_simple_parallel[11-1-backend9] PASSED [ 70%]
joblib/test/test_parallel.py::test_simple_parallel[11-2-None] PASSED     [ 71%]
joblib/test/test_parallel.py::test_simple_parallel[11-2-loky] PASSED     [ 71%]
joblib/test/test_parallel.py::test_simple_parallel[11-2-multiprocessing] PASSED [ 71%]
joblib/test/test_parallel.py::test_simple_parallel[11-2-sequential] PASSED [ 71%]
joblib/test/test_parallel.py::test_simple_parallel[11-2-threading] PASSED [ 71%]
joblib/test/test_parallel.py::test_simple_parallel[11-2-backend5] [DEBUG:MainProcess:Thread-91 (worker)] worker exiting after 0 tasks
PASSED [ 71%]
joblib/test/test_parallel.py::test_simple_parallel[11-2-backend6] PASSED [ 71%]
joblib/test/test_parallel.py::test_simple_parallel[11-2-backend7] PASSED [ 71%]
joblib/test/test_parallel.py::test_simple_parallel[11-2-backend8] PASSED [ 71%]
joblib/test/test_parallel.py::test_simple_parallel[11-2-backend9] PASSED [ 71%]
joblib/test/test_parallel.py::test_simple_parallel[11--1-None] PASSED    [ 71%]
joblib/test/test_parallel.py::test_simple_parallel[11--1-loky] PASSED    [ 71%]
joblib/test/test_parallel.py::test_simple_parallel[11--1-multiprocessing] PASSED [ 72%]
joblib/test/test_parallel.py::test_simple_parallel[11--1-sequential] PASSED [ 72%]
joblib/test/test_parallel.py::test_simple_parallel[11--1-threading] PASSED [ 72%]
joblib/test/test_parallel.py::test_simple_parallel[11--1-backend5] [DEBUG:MainProcess:Thread-114 (worker)] worker exiting after 0 tasks
[DEBUG:MainProcess:Thread-111 (worker)] worker exiting after 5 tasks
PASSED [ 72%][DEBUG:MainProcess:Thread-112 (worker)] worker exiting after 0 tasks

joblib/test/test_parallel.py::test_simple_parallel[11--1-backend6] PASSED [ 72%]
joblib/test/test_parallel.py::test_simple_parallel[11--1-backend7] PASSED [ 72%]
joblib/test/test_parallel.py::test_simple_parallel[11--1-backend8] PASSED [ 72%]
joblib/test/test_parallel.py::test_simple_parallel[11--1-backend9] PASSED [ 72%]
joblib/test/test_parallel.py::test_simple_parallel[11--2-None] PASSED    [ 72%]
joblib/test/test_parallel.py::test_simple_parallel[11--2-loky] PASSED    [ 72%]
joblib/test/test_parallel.py::test_simple_parallel[11--2-multiprocessing] PASSED [ 72%]
joblib/test/test_parallel.py::test_simple_parallel[11--2-sequential] PASSED [ 72%]
joblib/test/test_parallel.py::test_simple_parallel[11--2-threading] PASSED [ 73%]
joblib/test/test_parallel.py::test_simple_parallel[11--2-backend5] PASSED [ 73%]
joblib/test/test_parallel.py::test_simple_parallel[11--2-backend6] PASSED [ 73%]
joblib/test/test_parallel.py::test_simple_parallel[11--2-backend7] PASSED [ 73%]
joblib/test/test_parallel.py::test_simple_parallel[11--2-backend8] PASSED [ 73%]
joblib/test/test_parallel.py::test_simple_parallel[11--2-backend9] PASSED [ 73%]
joblib/test/test_parallel.py::test_simple_parallel[100-1-None] PASSED    [ 73%]
joblib/test/test_parallel.py::test_simple_parallel[100-1-loky] PASSED    [ 73%]
joblib/test/test_parallel.py::test_simple_parallel[100-1-multiprocessing] PASSED [ 73%]
joblib/test/test_parallel.py::test_simple_parallel[100-1-sequential] PASSED [ 73%]
joblib/test/test_parallel.py::test_simple_parallel[100-1-threading] PASSED [ 73%]
joblib/test/test_parallel.py::test_simple_parallel[100-1-backend5] PASSED [ 73%]
joblib/test/test_parallel.py::test_simple_parallel[100-1-backend6] PASSED [ 74%]
joblib/test/test_parallel.py::test_simple_parallel[100-1-backend7] PASSED [ 74%]
joblib/test/test_parallel.py::test_simple_parallel[100-1-backend8] PASSED [ 74%]
joblib/test/test_parallel.py::test_simple_parallel[100-1-backend9] PASSED [ 74%]
joblib/test/test_parallel.py::test_simple_parallel[100-2-None] PASSED    [ 74%]
joblib/test/test_parallel.py::test_simple_parallel[100-2-loky] PASSED    [ 74%]
joblib/test/test_parallel.py::test_simple_parallel[100-2-multiprocessing] PASSED [ 74%]
joblib/test/test_parallel.py::test_simple_parallel[100-2-sequential] PASSED [ 74%]
joblib/test/test_parallel.py::test_simple_parallel[100-2-threading] PASSED [ 74%]
joblib/test/test_parallel.py::test_simple_parallel[100-2-backend5] PASSED [ 74%]
joblib/test/test_parallel.py::test_simple_parallel[100-2-backend6] PASSED [ 74%]
joblib/test/test_parallel.py::test_simple_parallel[100-2-backend7] PASSED [ 75%]
joblib/test/test_parallel.py::test_simple_parallel[100-2-backend8] PASSED [ 75%]
joblib/test/test_parallel.py::test_simple_parallel[100-2-backend9] PASSED [ 75%]
joblib/test/test_parallel.py::test_simple_parallel[100--1-None] PASSED   [ 75%]
joblib/test/test_parallel.py::test_simple_parallel[100--1-loky] PASSED   [ 75%]
joblib/test/test_parallel.py::test_simple_parallel[100--1-multiprocessing] PASSED [ 75%]
joblib/test/test_parallel.py::test_simple_parallel[100--1-sequential] PASSED [ 75%]
joblib/test/test_parallel.py::test_simple_parallel[100--1-threading] PASSED [ 75%]
joblib/test/test_parallel.py::test_simple_parallel[100--1-backend5] PASSED [ 75%]
joblib/test/test_parallel.py::test_simple_parallel[100--1-backend6] PASSED [ 75%]
joblib/test/test_parallel.py::test_simple_parallel[100--1-backend7] PASSED [ 75%]
joblib/test/test_parallel.py::test_simple_parallel[100--1-backend8] PASSED [ 75%]
joblib/test/test_parallel.py::test_simple_parallel[100--1-backend9] PASSED [ 76%]
joblib/test/test_parallel.py::test_simple_parallel[100--2-None] PASSED   [ 76%]
joblib/test/test_parallel.py::test_simple_parallel[100--2-loky] PASSED   [ 76%]
joblib/test/test_parallel.py::test_simple_parallel[100--2-multiprocessing] PASSED [ 76%]
joblib/test/test_parallel.py::test_simple_parallel[100--2-sequential] PASSED [ 76%]
joblib/test/test_parallel.py::test_simple_parallel[100--2-threading] PASSED [ 76%]
joblib/test/test_parallel.py::test_simple_parallel[100--2-backend5] PASSED [ 76%]
joblib/test/test_parallel.py::test_simple_parallel[100--2-backend6] PASSED [ 76%]
joblib/test/test_parallel.py::test_simple_parallel[100--2-backend7] PASSED [ 76%]
joblib/test/test_parallel.py::test_simple_parallel[100--2-backend8] PASSED [ 76%]
joblib/test/test_parallel.py::test_simple_parallel[100--2-backend9] PASSED [ 76%]
joblib/test/test_parallel.py::test_main_thread_renamed_no_warning[None] PASSED [ 76%]
joblib/test/test_parallel.py::test_main_thread_renamed_no_warning[loky] PASSED [ 77%]
joblib/test/test_parallel.py::test_main_thread_renamed_no_warning[multiprocessing] PASSED [ 77%]
joblib/test/test_parallel.py::test_main_thread_renamed_no_warning[sequential] PASSED [ 77%]
joblib/test/test_parallel.py::test_main_thread_renamed_no_warning[threading] PASSED [ 77%]
joblib/test/test_parallel.py::test_main_thread_renamed_no_warning[backend5] PASSED [ 77%]
joblib/test/test_parallel.py::test_main_thread_renamed_no_warning[backend6] PASSED [ 77%]
joblib/test/test_parallel.py::test_main_thread_renamed_no_warning[backend7] PASSED [ 77%]
joblib/test/test_parallel.py::test_main_thread_renamed_no_warning[backend8] PASSED [ 77%]
joblib/test/test_parallel.py::test_main_thread_renamed_no_warning[backend9] PASSED [ 77%]
joblib/test/test_parallel.py::test_nested_parallel_warnings[loky-multiprocessing-True] PASSED [ 77%]
joblib/test/test_parallel.py::test_nested_parallel_warnings[loky-loky-False] PASSED [ 77%]
joblib/test/test_parallel.py::test_nested_parallel_warnings[multiprocessing-multiprocessing-True] PASSED [ 78%]
joblib/test/test_parallel.py::test_nested_parallel_warnings[multiprocessing-loky-True] PASSED [ 78%]
joblib/test/test_parallel.py::test_nested_parallel_warnings[threading-multiprocessing-True] PASSED [ 78%]
joblib/test/test_parallel.py::test_nested_parallel_warnings[threading-loky-True] PASSED [ 78%]
joblib/test/test_parallel.py::test_background_thread_parallelism[loky] PASSED [ 78%]
joblib/test/test_parallel.py::test_background_thread_parallelism[multiprocessing] PASSED [ 78%]
joblib/test/test_parallel.py::test_background_thread_parallelism[threading] PASSED [ 78%]
joblib/test/test_parallel.py::test_nested_loop[threading-threading] PASSED [ 78%]
joblib/test/test_parallel.py::test_nested_loop[threading-sequential] PASSED [ 78%]
joblib/test/test_parallel.py::test_nested_loop[threading-multiprocessing] PASSED [ 78%]
joblib/test/test_parallel.py::test_nested_loop[threading-loky] PASSED    [ 78%]
joblib/test/test_parallel.py::test_nested_loop[threading-back_compat_backend] PASSED [ 78%]
joblib/test/test_parallel.py::test_nested_loop[sequential-threading] PASSED [ 79%]
joblib/test/test_parallel.py::test_nested_loop[sequential-sequential] PASSED [ 79%]
joblib/test/test_parallel.py::test_nested_loop[sequential-multiprocessing] PASSED [ 79%]
joblib/test/test_parallel.py::test_nested_loop[sequential-loky] PASSED   [ 79%]
joblib/test/test_parallel.py::test_nested_loop[sequential-back_compat_backend] PASSED [ 79%]
joblib/test/test_parallel.py::test_nested_loop[multiprocessing-threading] PASSED [ 79%]
joblib/test/test_parallel.py::test_nested_loop[multiprocessing-sequential] PASSED [ 79%]
joblib/test/test_parallel.py::test_nested_loop[multiprocessing-multiprocessing] PASSED [ 79%]
joblib/test/test_parallel.py::test_nested_loop[multiprocessing-loky] PASSED [ 79%]
joblib/test/test_parallel.py::test_nested_loop[multiprocessing-back_compat_backend] PASSED [ 79%]
joblib/test/test_parallel.py::test_nested_loop[loky-threading] PASSED    [ 79%]
joblib/test/test_parallel.py::test_nested_loop[loky-sequential] PASSED   [ 79%]
joblib/test/test_parallel.py::test_nested_loop[loky-multiprocessing] PASSED [ 80%]
joblib/test/test_parallel.py::test_nested_loop[loky-loky] PASSED         [ 80%]
joblib/test/test_parallel.py::test_nested_loop[loky-back_compat_backend] PASSED [ 80%]
joblib/test/test_parallel.py::test_nested_loop[back_compat_backend-threading] PASSED [ 80%]
joblib/test/test_parallel.py::test_nested_loop[back_compat_backend-sequential] PASSED [ 80%]
joblib/test/test_parallel.py::test_nested_loop[back_compat_backend-multiprocessing] PASSED [ 80%]
joblib/test/test_parallel.py::test_nested_loop[back_compat_backend-loky] PASSED [ 80%]
joblib/test/test_parallel.py::test_nested_loop[back_compat_backend-back_compat_backend] PASSED [ 80%]
joblib/test/test_parallel.py::test_nested_loop_with_exception_with_loky PASSED [ 80%][DEBUG:MainProcess:QueueFeederThread] feeder thread got sentinel -- exiting

joblib/test/test_parallel.py::test_mutate_input_with_threads PASSED      [ 80%]
joblib/test/test_parallel.py::test_parallel_kwargs[1] PASSED             [ 80%]
joblib/test/test_parallel.py::test_parallel_kwargs[2] PASSED             [ 81%]
joblib/test/test_parallel.py::test_parallel_kwargs[3] PASSED             [ 81%]
joblib/test/test_parallel.py::test_parallel_as_context_manager[multiprocessing] PASSED [ 81%]
joblib/test/test_parallel.py::test_parallel_as_context_manager[loky] PASSED [ 81%]
joblib/test/test_parallel.py::test_parallel_as_context_manager[threading] PASSED [ 81%]
joblib/test/test_parallel.py::test_parallel_pickling PASSED              [ 81%]
joblib/test/test_parallel.py::test_parallel_timeout_success[multiprocessing] PASSED [ 81%]
joblib/test/test_parallel.py::test_parallel_timeout_success[loky] PASSED [ 81%]
joblib/test/test_parallel.py::test_parallel_timeout_success[threading] PASSED [ 81%]
joblib/test/test_parallel.py::test_parallel_timeout_fail[multiprocessing] PASSED [ 81%]
joblib/test/test_parallel.py::test_parallel_timeout_fail[loky] PASSED    [ 81%]
joblib/test/test_parallel.py::test_parallel_timeout_fail[threading] PASSED [ 81%]
joblib/test/test_parallel.py::test_error_capture[multiprocessing] PASSED [ 82%]
joblib/test/test_parallel.py::test_error_capture[loky] PASSED            [ 82%]
joblib/test/test_parallel.py::test_dispatch_one_job[1-expected_queue0-threading] PASSED [ 82%]
joblib/test/test_parallel.py::test_dispatch_one_job[1-expected_queue0-sequential] PASSED [ 82%]
joblib/test/test_parallel.py::test_dispatch_one_job[1-expected_queue0-multiprocessing] PASSED [ 82%]
joblib/test/test_parallel.py::test_dispatch_one_job[1-expected_queue0-loky] PASSED [ 82%]
joblib/test/test_parallel.py::test_dispatch_one_job[1-expected_queue0-back_compat_backend] PASSED [ 82%]
joblib/test/test_parallel.py::test_dispatch_one_job[4-expected_queue1-threading] PASSED [ 82%]
joblib/test/test_parallel.py::test_dispatch_one_job[4-expected_queue1-sequential] PASSED [ 82%]
joblib/test/test_parallel.py::test_dispatch_one_job[4-expected_queue1-multiprocessing] PASSED [ 82%]
joblib/test/test_parallel.py::test_dispatch_one_job[4-expected_queue1-loky] PASSED [ 82%]
joblib/test/test_parallel.py::test_dispatch_one_job[4-expected_queue1-back_compat_backend] PASSED [ 82%]
joblib/test/test_parallel.py::test_dispatch_multiprocessing[multiprocessing] PASSED [ 83%]
joblib/test/test_parallel.py::test_dispatch_multiprocessing[loky] PASSED [ 83%]
joblib/test/test_parallel.py::test_dispatch_multiprocessing[threading] PASSED [ 83%]
joblib/test/test_parallel.py::test_batching_auto_threading PASSED        [ 83%]
joblib/test/test_parallel.py::test_batching_auto_subprocesses[multiprocessing] PASSED [ 83%]
joblib/test/test_parallel.py::test_batching_auto_subprocesses[loky] PASSED [ 83%]
joblib/test/test_parallel.py::test_exception_dispatch PASSED             [ 83%]
joblib/test/test_parallel.py::test_nested_exception_dispatch[multiprocessing] XPASS [ 83%]
joblib/test/test_parallel.py::test_nested_exception_dispatch[loky] XPASS [ 83%]
joblib/test/test_parallel.py::test_nested_exception_dispatch[threading] [DEBUG:MainProcess:Thread-420 (worker)] worker got sentinel -- exiting
[DEBUG:MainProcess:Thread-418 (worker)] worker exiting after 4 tasks
XPASS [ 83%][DEBUG:MainProcess:Thread-424 (_handle_results)] result handler found thread._state=TERMINATE
[DEBUG:MainProcess:Thread-420 (worker)] worker exiting after 0 tasks

joblib/test/test_parallel.py::test_invalid_backend PASSED                [ 83%]
joblib/test/test_parallel.py::test_invalid_njobs[None] PASSED            [ 84%]
joblib/test/test_parallel.py::test_invalid_njobs[loky] PASSED            [ 84%]
joblib/test/test_parallel.py::test_invalid_njobs[multiprocessing] PASSED [ 84%]
joblib/test/test_parallel.py::test_invalid_njobs[sequential] PASSED      [ 84%]
joblib/test/test_parallel.py::test_invalid_njobs[threading] PASSED       [ 84%]
joblib/test/test_parallel.py::test_invalid_njobs[backend5] PASSED        [ 84%]
joblib/test/test_parallel.py::test_invalid_njobs[backend6] PASSED        [ 84%]
joblib/test/test_parallel.py::test_invalid_njobs[backend7] PASSED        [ 84%]
joblib/test/test_parallel.py::test_invalid_njobs[backend8] PASSED        [ 84%]
joblib/test/test_parallel.py::test_invalid_njobs[backend9] PASSED        [ 84%]
joblib/test/test_parallel.py::test_register_parallel_backend PASSED      [ 84%]
joblib/test/test_parallel.py::test_overwrite_default_backend [DEBUG:MainProcess:Thread-404 (worker)] closing pool
[DEBUG:MainProcess:Thread-422 (_handle_workers)] worker handler exiting
[DEBUG:MainProcess:Thread-423 (_handle_tasks)] task handler got sentinel
[DEBUG:MainProcess:Thread-424 (_handle_results)] result handler exiting: len(cache)=0, thread._state=TERMINATE
PASSED      [ 84%][DEBUG:MainProcess:Thread-403 (worker)] joining task handler
[DEBUG:MainProcess:Thread-423 (_handle_tasks)] task handler sending sentinel to result handler
[DEBUG:MainProcess:Thread-425 (_handle_workers)] worker handler exiting

joblib/test/test_parallel.py::test_backend_no_multiprocessing [DEBUG:MainProcess:Thread-426 (_handle_tasks)] task handler got sentinel
SKIPPED    [ 85%]
joblib/test/test_parallel.py::test_backend_context_manager[multiprocessing] PASSED [ 85%]
joblib/test/test_parallel.py::test_backend_context_manager[loky] PASSED  [ 85%]
joblib/test/test_parallel.py::test_backend_context_manager[threading] PASSED [ 85%]
joblib/test/test_parallel.py::test_backend_context_manager[test_backend_0] PASSED [ 85%]
joblib/test/test_parallel.py::test_backend_context_manager[test_backend_1] [DEBUG:MainProcess:Thread-404 (worker)] finalizing pool
[DEBUG:MainProcess:Thread-423 (_handle_tasks)] task handler sending sentinel to workers
PASSED [ 85%][DEBUG:MainProcess:Thread-426 (_handle_tasks)] task handler sending sentinel to result handler
[DEBUG:MainProcess:Thread-426 (_handle_tasks)] task handler sending sentinel to workers
[DEBUG:MainProcess:Thread-423 (_handle_tasks)] task handler exiting
[DEBUG:MainProcess:Thread-427 (_handle_results)] result handler got sentinel
[DEBUG:MainProcess:Thread-427 (_handle_results)] result handler exiting: len(cache)=0, thread._state=RUN

joblib/test/test_parallel.py::test_backend_context_manager[test_backend_2] [DEBUG:MainProcess:Thread-404 (worker)] helping task handler/workers to finish
[DEBUG:MainProcess:Thread-419 (worker)] worker got sentinel -- exiting
[DEBUG:MainProcess:Thread-419 (worker)] worker exiting after 4 tasks
[DEBUG:MainProcess:Thread-403 (worker)] joining result handler
[DEBUG:MainProcess:Thread-426 (_handle_tasks)] task handler exiting
[DEBUG:MainProcess:Thread-404 (worker)] joining worker handler
[DEBUG:MainProcess:Thread-421 (worker)] worker got sentinel -- exiting
[DEBUG:MainProcess:Thread-403 (worker)] worker got sentinel -- exiting
[DEBUG:MainProcess:Thread-403 (worker)] worker exiting after 2 tasks
PASSED [ 85%][DEBUG:MainProcess:Thread-404 (worker)] joining task handler
[DEBUG:MainProcess:Thread-421 (worker)] worker exiting after 0 tasks
[DEBUG:MainProcess:Thread-404 (worker)] joining result handler
[DEBUG:MainProcess:Thread-404 (worker)] worker got sentinel -- exiting
[DEBUG:MainProcess:Thread-404 (worker)] worker exiting after 2 tasks

joblib/test/test_parallel.py::test_parameterized_backend_context_manager PASSED [ 85%]
joblib/test/test_parallel.py::test_directly_parameterized_backend_context_manager PASSED [ 85%]
joblib/test/test_parallel.py::test_nested_backend_context_manager[threading] PASSED [ 85%]
joblib/test/test_parallel.py::test_nested_backend_context_manager[loky] PASSED [ 85%]
joblib/test/test_parallel.py::test_nested_backend_context_manager[multiprocessing] PASSED [ 85%]
joblib/test/test_parallel.py::test_nested_backend_context_manager[back_compat_backend] PASSED [ 86%]
joblib/test/test_parallel.py::test_nested_backend_in_sequential[multiprocessing-2] PASSED [ 86%]
joblib/test/test_parallel.py::test_nested_backend_in_sequential[multiprocessing--1] PASSED [ 86%]
joblib/test/test_parallel.py::test_nested_backend_in_sequential[multiprocessing-None] PASSED [ 86%]
joblib/test/test_parallel.py::test_nested_backend_in_sequential[loky-2] PASSED [ 86%]
joblib/test/test_parallel.py::test_nested_backend_in_sequential[loky--1] PASSED [ 86%]
joblib/test/test_parallel.py::test_nested_backend_in_sequential[loky-None] PASSED [ 86%]
joblib/test/test_parallel.py::test_nested_backend_in_sequential[threading-2] PASSED [ 86%]
joblib/test/test_parallel.py::test_nested_backend_in_sequential[threading--1] PASSED [ 86%]
joblib/test/test_parallel.py::test_nested_backend_in_sequential[threading-None] PASSED [ 86%]
joblib/test/test_parallel.py::test_backend_nesting_level[multiprocessing-multiprocessing] PASSED [ 86%]
joblib/test/test_parallel.py::test_backend_nesting_level[multiprocessing-loky] PASSED [ 86%]
joblib/test/test_parallel.py::test_backend_nesting_level[multiprocessing-threading] PASSED [ 87%]
joblib/test/test_parallel.py::test_backend_nesting_level[loky-multiprocessing] PASSED [ 87%]
joblib/test/test_parallel.py::test_backend_nesting_level[loky-loky] PASSED [ 87%]
joblib/test/test_parallel.py::test_backend_nesting_level[loky-threading] PASSED [ 87%]
joblib/test/test_parallel.py::test_backend_nesting_level[threading-multiprocessing] PASSED [ 87%]
joblib/test/test_parallel.py::test_backend_nesting_level[threading-loky] PASSED [ 87%]
joblib/test/test_parallel.py::test_backend_nesting_level[threading-threading] PASSED [ 87%]
joblib/test/test_parallel.py::test_retrieval_context PASSED              [ 87%]
joblib/test/test_parallel.py::test_joblib_exception PASSED               [ 87%]
joblib/test/test_parallel.py::test_safe_function PASSED                  [ 87%]
joblib/test/test_parallel.py::test_invalid_batch_size[0] PASSED          [ 87%]
joblib/test/test_parallel.py::test_invalid_batch_size[-1] PASSED         [ 88%]
joblib/test/test_parallel.py::test_invalid_batch_size[1.42] PASSED       [ 88%]
joblib/test/test_parallel.py::test_dispatch_race_condition[2-2-all-auto] PASSED [ 88%]
joblib/test/test_parallel.py::test_dispatch_race_condition[2-2-n_jobs-auto] PASSED [ 88%]
joblib/test/test_parallel.py::test_dispatch_race_condition[10-2-n_jobs-auto0] PASSED [ 88%]
joblib/test/test_parallel.py::test_dispatch_race_condition[517-2-n_jobs-auto] PASSED [ 88%]
joblib/test/test_parallel.py::test_dispatch_race_condition[10-2-n_jobs-auto1] PASSED [ 88%]
joblib/test/test_parallel.py::test_dispatch_race_condition[10-4-n_jobs-auto] PASSED [ 88%]
joblib/test/test_parallel.py::test_dispatch_race_condition[200-12-n_jobs-auto] PASSED [ 88%]
joblib/test/test_parallel.py::test_dispatch_race_condition[25-12-2 * n_jobs-1] PASSED [ 88%]
joblib/test/test_parallel.py::test_dispatch_race_condition[250-12-all-1] PASSED [ 88%]
joblib/test/test_parallel.py::test_dispatch_race_condition[250-12-2 * n_jobs-7] PASSED [ 88%]
joblib/test/test_parallel.py::test_dispatch_race_condition[200-12-2 * n_jobs-auto] PASSED [ 89%]
joblib/test/test_parallel.py::test_default_mp_context PASSED             [ 89%]
joblib/test/test_parallel.py::test_no_blas_crash_or_freeze_with_subprocesses SKIPPED [ 89%]
joblib/test/test_parallel.py::test_parallel_with_interactively_defined_functions[multiprocessing] PASSED [ 89%]
joblib/test/test_parallel.py::test_parallel_with_interactively_defined_functions[loky] PASSED [ 89%]
joblib/test/test_parallel.py::test_parallel_with_unpicklable_functions_in_args[delayed-def square(x):\n    return x ** 2\n-multiprocessing] PASSED [ 89%]
joblib/test/test_parallel.py::test_parallel_with_unpicklable_functions_in_args[delayed-def square(x):\n    return x ** 2\n-loky] PASSED [ 89%]
joblib/test/test_parallel.py::test_parallel_with_unpicklable_functions_in_args[delayed-def square(x):\n    return x ** 2\n-spawn] PASSED [ 89%]
joblib/test/test_parallel.py::test_parallel_with_unpicklable_functions_in_args[delayed-def gen_square():\n    def square(x):\n        return x ** 2\n    return square\nsquare = gen_square()\n-multiprocessing] SKIPPED [ 89%]
joblib/test/test_parallel.py::test_parallel_with_unpicklable_functions_in_args[delayed-def gen_square():\n    def square(x):\n        return x ** 2\n    return square\nsquare = gen_square()\n-loky] PASSED [ 89%]
joblib/test/test_parallel.py::test_parallel_with_unpicklable_functions_in_args[delayed-def gen_square():\n    def square(x):\n        return x ** 2\n    return square\nsquare = gen_square()\n-spawn] SKIPPED [ 89%]
joblib/test/test_parallel.py::test_parallel_with_unpicklable_functions_in_args[delayed-square = lambda x: x ** 2\n-multiprocessing] SKIPPED [ 89%]
joblib/test/test_parallel.py::test_parallel_with_unpicklable_functions_in_args[delayed-square = lambda x: x ** 2\n-loky] PASSED [ 90%]
joblib/test/test_parallel.py::test_parallel_with_unpicklable_functions_in_args[delayed-square = lambda x: x ** 2\n-spawn] SKIPPED [ 90%]
joblib/test/test_parallel.py::test_parallel_with_unpicklable_functions_in_args[args-def square(x):\n    return x ** 2\n-multiprocessing] PASSED [ 90%]
joblib/test/test_parallel.py::test_parallel_with_unpicklable_functions_in_args[args-def square(x):\n    return x ** 2\n-loky] PASSED [ 90%]
joblib/test/test_parallel.py::test_parallel_with_unpicklable_functions_in_args[args-def square(x):\n    return x ** 2\n-spawn] PASSED [ 90%]
joblib/test/test_parallel.py::test_parallel_with_unpicklable_functions_in_args[args-def gen_square():\n    def square(x):\n        return x ** 2\n    return square\nsquare = gen_square()\n-multiprocessing] SKIPPED [ 90%]
joblib/test/test_parallel.py::test_parallel_with_unpicklable_functions_in_args[args-def gen_square():\n    def square(x):\n        return x ** 2\n    return square\nsquare = gen_square()\n-loky] PASSED [ 90%]
joblib/test/test_parallel.py::test_parallel_with_unpicklable_functions_in_args[args-def gen_square():\n    def square(x):\n        return x ** 2\n    return square\nsquare = gen_square()\n-spawn] SKIPPED [ 90%]
joblib/test/test_parallel.py::test_parallel_with_unpicklable_functions_in_args[args-square = lambda x: x ** 2\n-multiprocessing] SKIPPED [ 90%]
joblib/test/test_parallel.py::test_parallel_with_unpicklable_functions_in_args[args-square = lambda x: x ** 2\n-loky] PASSED [ 90%]
joblib/test/test_parallel.py::test_parallel_with_unpicklable_functions_in_args[args-square = lambda x: x ** 2\n-spawn] SKIPPED [ 90%]
joblib/test/test_parallel.py::test_parallel_with_unpicklable_functions_in_args[kwargs-def square(x):\n    return x ** 2\n-multiprocessing] PASSED [ 91%]
joblib/test/test_parallel.py::test_parallel_with_unpicklable_functions_in_args[kwargs-def square(x):\n    return x ** 2\n-loky] PASSED [ 91%]
joblib/test/test_parallel.py::test_parallel_with_unpicklable_functions_in_args[kwargs-def square(x):\n    return x ** 2\n-spawn] PASSED [ 91%]
joblib/test/test_parallel.py::test_parallel_with_unpicklable_functions_in_args[kwargs-def gen_square():\n    def square(x):\n        return x ** 2\n    return square\nsquare = gen_square()\n-multiprocessing] SKIPPED [ 91%]
joblib/test/test_parallel.py::test_parallel_with_unpicklable_functions_in_args[kwargs-def gen_square():\n    def square(x):\n        return x ** 2\n    return square\nsquare = gen_square()\n-loky] PASSED [ 91%]
joblib/test/test_parallel.py::test_parallel_with_unpicklable_functions_in_args[kwargs-def gen_square():\n    def square(x):\n        return x ** 2\n    return square\nsquare = gen_square()\n-spawn] SKIPPED [ 91%]
joblib/test/test_parallel.py::test_parallel_with_unpicklable_functions_in_args[kwargs-square = lambda x: x ** 2\n-multiprocessing] SKIPPED [ 91%]
joblib/test/test_parallel.py::test_parallel_with_unpicklable_functions_in_args[kwargs-square = lambda x: x ** 2\n-loky] PASSED [ 91%]
joblib/test/test_parallel.py::test_parallel_with_unpicklable_functions_in_args[kwargs-square = lambda x: x ** 2\n-spawn] SKIPPED [ 91%]
joblib/test/test_parallel.py::test_parallel_with_interactively_defined_functions_default_backend PASSED [ 91%]
joblib/test/test_parallel.py::test_parallel_with_interactively_defined_bound_method PASSED [ 91%]
joblib/test/test_parallel.py::test_parallel_with_exhausted_iterator PASSED [ 91%]
joblib/test/test_parallel.py::test_auto_memmap_on_arrays_from_generator SKIPPED [ 92%]
joblib/test/test_parallel.py::test_memmap_with_big_offset SKIPPED (T...) [ 92%]
joblib/test/test_parallel.py::test_warning_about_timeout_not_supported_by_backend PASSED [ 92%]
joblib/test/test_parallel.py::test_abort_backend[1-None] PASSED          [ 92%]
joblib/test/test_parallel.py::test_abort_backend[1-loky] PASSED          [ 92%]
joblib/test/test_parallel.py::test_abort_backend[1-multiprocessing] PASSED [ 92%]
joblib/test/test_parallel.py::test_abort_backend[1-sequential] PASSED    [ 92%]
joblib/test/test_parallel.py::test_abort_backend[1-threading] PASSED     [ 92%]
joblib/test/test_parallel.py::test_abort_backend[1-backend5] PASSED      [ 92%]
joblib/test/test_parallel.py::test_abort_backend[1-backend6] PASSED      [ 92%]
joblib/test/test_parallel.py::test_abort_backend[1-backend7] PASSED      [ 92%]
joblib/test/test_parallel.py::test_abort_backend[1-backend8] PASSED      [ 92%]
joblib/test/test_parallel.py::test_abort_backend[1-backend9] PASSED      [ 93%]
joblib/test/test_parallel.py::test_abort_backend[2-None] PASSED          [ 93%]
joblib/test/test_parallel.py::test_abort_backend[2-loky] PASSED          [ 93%]
joblib/test/test_parallel.py::test_abort_backend[2-multiprocessing] PASSED [ 93%]
joblib/test/test_parallel.py::test_abort_backend[2-sequential] PASSED    [ 93%]
joblib/test/test_parallel.py::test_abort_backend[2-threading] PASSED     [ 93%]
joblib/test/test_parallel.py::test_abort_backend[2-backend5] PASSED      [ 93%]
joblib/test/test_parallel.py::test_abort_backend[2-backend6] PASSED      [ 93%]
joblib/test/test_parallel.py::test_abort_backend[2-backend7] PASSED      [ 93%]
joblib/test/test_parallel.py::test_abort_backend[2-backend8] PASSED      [ 93%]
joblib/test/test_parallel.py::test_abort_backend[2-backend9] PASSED      [ 93%]
joblib/test/test_parallel.py::test_abort_backend[-2-None] PASSED         [ 94%]
joblib/test/test_parallel.py::test_abort_backend[-2-loky] PASSED         [ 94%][DEBUG:MainProcess:QueueFeederThread] feeder thread got sentinel -- exiting

joblib/test/test_parallel.py::test_abort_backend[-2-multiprocessing] PASSED [ 94%]
joblib/test/test_parallel.py::test_abort_backend[-2-sequential] PASSED   [ 94%]
joblib/test/test_parallel.py::test_abort_backend[-2-threading] PASSED    [ 94%]
joblib/test/test_parallel.py::test_abort_backend[-2-backend5] PASSED     [ 94%]
joblib/test/test_parallel.py::test_abort_backend[-2-backend6] PASSED     [ 94%]
joblib/test/test_parallel.py::test_abort_backend[-2-backend7] PASSED     [ 94%]
joblib/test/test_parallel.py::test_abort_backend[-2-backend8] PASSED     [ 94%]
joblib/test/test_parallel.py::test_abort_backend[-2-backend9] PASSED     [ 94%]
joblib/test/test_parallel.py::test_abort_backend[-1-None] PASSED         [ 94%]
joblib/test/test_parallel.py::test_abort_backend[-1-loky] PASSED         [ 94%]
joblib/test/test_parallel.py::test_abort_backend[-1-multiprocessing] PASSED [ 95%]
joblib/test/test_parallel.py::test_abort_backend[-1-sequential] PASSED   [ 95%]
joblib/test/test_parallel.py::test_abort_backend[-1-threading] PASSED    [ 95%]
joblib/test/test_parallel.py::test_abort_backend[-1-backend5] PASSED     [ 95%]
joblib/test/test_parallel.py::test_abort_backend[-1-backend6] PASSED     [ 95%]
joblib/test/test_parallel.py::test_abort_backend[-1-backend7] PASSED     [ 95%]
joblib/test/test_parallel.py::test_abort_backend[-1-backend8] PASSED     [ 95%]
joblib/test/test_parallel.py::test_abort_backend[-1-backend9] PASSED     [ 95%]
joblib/test/test_parallel.py::test_memmapping_leaks SKIPPED (Test re...) [ 95%]
joblib/test/test_parallel.py::test_lambda_expression[None] PASSED        [ 95%]
joblib/test/test_parallel.py::test_lambda_expression[loky] PASSED        [ 95%]
joblib/test/test_parallel.py::test_lambda_expression[threading] PASSED   [ 95%]
joblib/test/test_parallel.py::test_backend_batch_statistics_reset[multiprocessing] PASSED [ 96%]
joblib/test/test_parallel.py::test_backend_batch_statistics_reset[loky] PASSED [ 96%]
joblib/test/test_parallel.py::test_backend_hinting_and_constraints PASSED [ 96%]
joblib/test/test_parallel.py::test_backend_hinting_and_constraints_with_custom_backends PASSED [ 96%]
joblib/test/test_parallel.py::test_invalid_backend_hinting_and_constraints PASSED [ 96%]
joblib/test/test_parallel.py::test_global_parallel_backend PASSED        [ 96%]
joblib/test/test_parallel.py::test_external_backends PASSED              [ 96%]
joblib/test/test_parallel.py::test_nested_parallelism_limit[loky] PASSED [ 96%]
joblib/test/test_parallel.py::test_nested_parallelism_limit[threading] PASSED [ 96%]
joblib/test/test_parallel.py::test_nested_parallelism_with_dask SKIPPED  [ 96%]
joblib/test/test_parallel.py::test_thread_bomb_mitigation[loky] PASSED   [ 96%]
joblib/test/test_parallel.py::test_thread_bomb_mitigation[threading] PASSED [ 97%]
joblib/test/test_parallel.py::test_parallel_thread_limit[None] SKIPPED   [ 97%]
joblib/test/test_parallel.py::test_parallel_thread_limit[loky] SKIPPED   [ 97%]
joblib/test/test_parallel.py::test_dask_backend_when_dask_not_installed PASSED [ 97%]
joblib/test/test_parallel.py::test_zero_worker_backend PASSED            [ 97%]
joblib/test/test_parallel.py::test_globals_update_at_each_parallel_call PASSED [ 97%]
joblib/test/test_parallel.py::test_threadpool_limitation_in_child SKIPPED [ 97%]
joblib/test/test_parallel.py::test_threadpool_limitation_in_child_context SKIPPED [ 97%]
joblib/test/test_parallel.py::test_threadpool_limitation_in_child_override[OPENBLAS_NUM_THREADS-2] PASSED [ 97%]
joblib/test/test_parallel.py::test_threadpool_limitation_in_child_override[OPENBLAS_NUM_THREADS--1] PASSED [ 97%]
joblib/test/test_parallel.py::test_threadpool_limitation_in_child_override[MKL_NUM_THREADS-2] PASSED [ 97%]
joblib/test/test_parallel.py::test_threadpool_limitation_in_child_override[MKL_NUM_THREADS--1] PASSED [ 97%]
joblib/test/test_parallel.py::test_threadpool_limitation_in_child_override[OMP_NUM_THREADS-2] PASSED [ 98%]
joblib/test/test_parallel.py::test_threadpool_limitation_in_child_override[OMP_NUM_THREADS--1] PASSED [ 98%]
joblib/test/test_parallel.py::test_threadpool_limitation_in_child_context_error SKIPPED [ 98%]
joblib/test/test_parallel.py::test_loky_reuse_workers[2] PASSED          [ 98%]
joblib/test/test_parallel.py::test_loky_reuse_workers[4] PASSED          [ 98%]
joblib/test/test_parallel.py::test_loky_reuse_workers[-1] PASSED         [ 98%]
joblib/test/test_store_backends.py::test_concurrency_safe_write[multiprocessing] PASSED [ 98%]
joblib/test/test_store_backends.py::test_concurrency_safe_write[loky] PASSED [ 98%]
joblib/test/test_store_backends.py::test_concurrency_safe_write[threading] PASSED [ 98%]
joblib/test/test_testing.py::test_check_subprocess_call PASSED           [ 98%]
joblib/test/test_testing.py::test_check_subprocess_call_non_matching_regex PASSED [ 98%]
joblib/test/test_testing.py::test_check_subprocess_call_wrong_command PASSED [ 98%]
joblib/test/test_testing.py::test_check_subprocess_call_non_zero_return_code PASSED [ 99%]
joblib/test/test_testing.py::test_check_subprocess_call_timeout PASSED   [ 99%]
joblib/test/test_utils.py::test_eval_expr_invalid[exec('import os')] PASSED [ 99%]
joblib/test/test_utils.py::test_eval_expr_invalid[print(1)] PASSED       [ 99%]
joblib/test/test_utils.py::test_eval_expr_invalid[import os] PASSED      [ 99%]
joblib/test/test_utils.py::test_eval_expr_invalid[1+1; import os] PASSED [ 99%]
joblib/test/test_utils.py::test_eval_expr_invalid[1^1] PASSED            [ 99%]
joblib/test/test_utils.py::test_eval_expr_valid[2*6-12] PASSED           [ 99%]
joblib/test/test_utils.py::test_eval_expr_valid[2**6-64] PASSED          [ 99%]
joblib/test/test_utils.py::test_eval_expr_valid[1 + 2*3**(4) / (6 + -7)--161.0] PASSED [ 99%]
joblib/test/test_utils.py::test_eval_expr_valid[(20 // 3) % 5-1] PASSED  [ 99%]
joblib/test/data/create_numpy_pickle.py::joblib.test.data.create_numpy_pickle.get_joblib_version SKIPPED [100%]

=================================== FAILURES ===================================
_________ test_parallel_call_cached_function_defined_in_jupyter[True] __________
Traceback (most recent call last):
  File "/workdir/joblib-1.2.0/.tox/cpythonlibtest-unit-test-tests/lib/python3.10/site-packages/_pytest/runner.py", line 341, in from_call
    result: Optional[TResult] = func()
  File "/workdir/joblib-1.2.0/.tox/cpythonlibtest-unit-test-tests/lib/python3.10/site-packages/_pytest/runner.py", line 262, in <lambda>
    lambda: ihook(item=item, **kwds), when=when, reraise=reraise
  File "/workdir/joblib-1.2.0/.tox/cpythonlibtest-unit-test-tests/lib/python3.10/site-packages/pluggy/_hooks.py", line 493, in __call__
    return self._hookexec(self.name, self._hookimpls, kwargs, firstresult)
  File "/workdir/joblib-1.2.0/.tox/cpythonlibtest-unit-test-tests/lib/python3.10/site-packages/pluggy/_manager.py", line 115, in _hookexec
    return self._inner_hookexec(hook_name, methods, kwargs, firstresult)
  File "/workdir/joblib-1.2.0/.tox/cpythonlibtest-unit-test-tests/lib/python3.10/site-packages/pluggy/_callers.py", line 152, in _multicall
    return outcome.get_result()
  File "/workdir/joblib-1.2.0/.tox/cpythonlibtest-unit-test-tests/lib/python3.10/site-packages/pluggy/_result.py", line 114, in get_result
    raise exc.with_traceback(exc.__traceback__)
  File "/workdir/joblib-1.2.0/.tox/cpythonlibtest-unit-test-tests/lib/python3.10/site-packages/pluggy/_callers.py", line 77, in _multicall
    res = hook_impl.function(*args)
  File "/workdir/joblib-1.2.0/.tox/cpythonlibtest-unit-test-tests/lib/python3.10/site-packages/_pytest/runner.py", line 177, in pytest_runtest_call
    raise e
  File "/workdir/joblib-1.2.0/.tox/cpythonlibtest-unit-test-tests/lib/python3.10/site-packages/_pytest/runner.py", line 169, in pytest_runtest_call
    item.runtest()
  File "/workdir/joblib-1.2.0/.tox/cpythonlibtest-unit-test-tests/lib/python3.10/site-packages/_pytest/python.py", line 1792, in runtest
    self.ihook.pytest_pyfunc_call(pyfuncitem=self)
  File "/workdir/joblib-1.2.0/.tox/cpythonlibtest-unit-test-tests/lib/python3.10/site-packages/pluggy/_hooks.py", line 493, in __call__
    return self._hookexec(self.name, self._hookimpls, kwargs, firstresult)
  File "/workdir/joblib-1.2.0/.tox/cpythonlibtest-unit-test-tests/lib/python3.10/site-packages/pluggy/_manager.py", line 115, in _hookexec
    return self._inner_hookexec(hook_name, methods, kwargs, firstresult)
  File "/workdir/joblib-1.2.0/.tox/cpythonlibtest-unit-test-tests/lib/python3.10/site-packages/pluggy/_callers.py", line 113, in _multicall
    raise exception.with_traceback(exception.__traceback__)
  File "/workdir/joblib-1.2.0/.tox/cpythonlibtest-unit-test-tests/lib/python3.10/site-packages/pluggy/_callers.py", line 77, in _multicall
    res = hook_impl.function(*args)
  File "/workdir/joblib-1.2.0/.tox/cpythonlibtest-unit-test-tests/lib/python3.10/site-packages/_pytest/python.py", line 194, in pytest_pyfunc_call
    result = testfunction(**testargs)
  File "/workdir/joblib-1.2.0/joblib/test/test_memory.py", line 179, in test_parallel_call_cached_function_defined_in_jupyter
    assert 'ipython-input' in f_cache_relative_directory
AssertionError: assert 'ipython-input' in '__main__--workdir-joblib-1'
_________ test_parallel_call_cached_function_defined_in_jupyter[False] _________
Traceback (most recent call last):
  File "/workdir/joblib-1.2.0/.tox/cpythonlibtest-unit-test-tests/lib/python3.10/site-packages/_pytest/runner.py", line 341, in from_call
    result: Optional[TResult] = func()
  File "/workdir/joblib-1.2.0/.tox/cpythonlibtest-unit-test-tests/lib/python3.10/site-packages/_pytest/runner.py", line 262, in <lambda>
    lambda: ihook(item=item, **kwds), when=when, reraise=reraise
  File "/workdir/joblib-1.2.0/.tox/cpythonlibtest-unit-test-tests/lib/python3.10/site-packages/pluggy/_hooks.py", line 493, in __call__
    return self._hookexec(self.name, self._hookimpls, kwargs, firstresult)
  File "/workdir/joblib-1.2.0/.tox/cpythonlibtest-unit-test-tests/lib/python3.10/site-packages/pluggy/_manager.py", line 115, in _hookexec
    return self._inner_hookexec(hook_name, methods, kwargs, firstresult)
  File "/workdir/joblib-1.2.0/.tox/cpythonlibtest-unit-test-tests/lib/python3.10/site-packages/pluggy/_callers.py", line 152, in _multicall
    return outcome.get_result()
  File "/workdir/joblib-1.2.0/.tox/cpythonlibtest-unit-test-tests/lib/python3.10/site-packages/pluggy/_result.py", line 114, in get_result
    raise exc.with_traceback(exc.__traceback__)
  File "/workdir/joblib-1.2.0/.tox/cpythonlibtest-unit-test-tests/lib/python3.10/site-packages/pluggy/_callers.py", line 77, in _multicall
    res = hook_impl.function(*args)
  File "/workdir/joblib-1.2.0/.tox/cpythonlibtest-unit-test-tests/lib/python3.10/site-packages/_pytest/runner.py", line 177, in pytest_runtest_call
    raise e
  File "/workdir/joblib-1.2.0/.tox/cpythonlibtest-unit-test-tests/lib/python3.10/site-packages/_pytest/runner.py", line 169, in pytest_runtest_call
    item.runtest()
  File "/workdir/joblib-1.2.0/.tox/cpythonlibtest-unit-test-tests/lib/python3.10/site-packages/_pytest/python.py", line 1792, in runtest
    self.ihook.pytest_pyfunc_call(pyfuncitem=self)
  File "/workdir/joblib-1.2.0/.tox/cpythonlibtest-unit-test-tests/lib/python3.10/site-packages/pluggy/_hooks.py", line 493, in __call__
    return self._hookexec(self.name, self._hookimpls, kwargs, firstresult)
  File "/workdir/joblib-1.2.0/.tox/cpythonlibtest-unit-test-tests/lib/python3.10/site-packages/pluggy/_manager.py", line 115, in _hookexec
    return self._inner_hookexec(hook_name, methods, kwargs, firstresult)
  File "/workdir/joblib-1.2.0/.tox/cpythonlibtest-unit-test-tests/lib/python3.10/site-packages/pluggy/_callers.py", line 113, in _multicall
    raise exception.with_traceback(exception.__traceback__)
  File "/workdir/joblib-1.2.0/.tox/cpythonlibtest-unit-test-tests/lib/python3.10/site-packages/pluggy/_callers.py", line 77, in _multicall
    res = hook_impl.function(*args)
  File "/workdir/joblib-1.2.0/.tox/cpythonlibtest-unit-test-tests/lib/python3.10/site-packages/_pytest/python.py", line 194, in pytest_pyfunc_call
    result = testfunction(**testargs)
  File "/workdir/joblib-1.2.0/joblib/test/test_memory.py", line 179, in test_parallel_call_cached_function_defined_in_jupyter
    assert 'ipython-input' in f_cache_relative_directory
AssertionError: assert 'ipython-input' in '__main__--workdir-joblib-1'
=============================== warnings summary ===============================
joblib/testing.py:22
  /workdir/joblib-1.2.0/joblib/testing.py:22: PytestUnknownMarkWarning: Unknown pytest.mark.timeout - is this a typo?  You can register custom marks to avoid this warning - for details, see https://docs.pytest.org/en/stable/how-to/mark.html
    timeout = pytest.mark.timeout

joblib/test/test_format_stack.py:9
  /workdir/joblib-1.2.0/joblib/test/test_format_stack.py:9: DeprecationWarning: the imp module is deprecated in favour of importlib and slated for removal in Python 3.12; see the module's documentation for alternative uses
    import imp

joblib/format_stack.py:30
  /workdir/joblib-1.2.0/joblib/format_stack.py:30: DeprecationWarning: safe_repr is deprecated and will be removed from joblib in 0.16
    warn("{} is deprecated and will be removed from joblib "

joblib/format_stack.py:30
  /workdir/joblib-1.2.0/joblib/format_stack.py:30: DeprecationWarning: _fixed_getframes is deprecated and will be removed from joblib in 0.16
    warn("{} is deprecated and will be removed from joblib "

joblib/format_stack.py:30
  /workdir/joblib-1.2.0/joblib/format_stack.py:30: DeprecationWarning: format_records is deprecated and will be removed from joblib in 0.16
    warn("{} is deprecated and will be removed from joblib "

joblib/format_stack.py:30
  /workdir/joblib-1.2.0/joblib/format_stack.py:30: DeprecationWarning: format_exc is deprecated and will be removed from joblib in 0.16
    warn("{} is deprecated and will be removed from joblib "

joblib/executor.py:108
  /workdir/joblib-1.2.0/joblib/executor.py:108: PytestCollectionWarning: cannot collect test class '_TestingMemmappingExecutor' because it has a __init__ constructor (from: joblib/test/test_memmapping.py)
    class _TestingMemmappingExecutor(MemmappingExecutor):

joblib/my_exceptions.py:21
joblib/my_exceptions.py:21
  /workdir/joblib-1.2.0/joblib/my_exceptions.py:21: DeprecationWarning: JoblibException is deprecated and will be removed from joblib in 0.16
    warn("{} is deprecated and will be removed from joblib "

joblib/my_exceptions.py:21
  /workdir/joblib-1.2.0/joblib/my_exceptions.py:21: DeprecationWarning: JoblibNameError is deprecated and will be removed from joblib in 0.16
    warn("{} is deprecated and will be removed from joblib "

joblib/my_exceptions.py:21
  /workdir/joblib-1.2.0/joblib/my_exceptions.py:21: DeprecationWarning: _mk_exception is deprecated and will be removed from joblib in 0.16
    warn("{} is deprecated and will be removed from joblib "

joblib/test/test_func_inspect.py::test_filter_args_2
  /workdir/joblib-1.2.0/joblib/test/test_func_inspect.py:131: UserWarning: Cannot inspect object functools.partial(<function f at 0x7fce89202440>, 1), ignore list will not work.
    assert filter_args(ff, ['y'], (1, )) == {'*': [1], '**': {}}

joblib/test/test_memory.py::test_memory_integration
  /workdir/joblib-1.2.0/joblib/test/test_memory.py:103: UserWarning: Compressed results cannot be memmapped
    memory = Memory(location=tmpdir.strpath, verbose=10,

joblib/test/test_memory.py::test_memory_integration
  /workdir/joblib-1.2.0/joblib/memory.py:128: UserWarning: Compressed items cannot be memmapped in a filesystem store. Option will be ignored.
    obj.configure(location, verbose=verbose,

joblib/test/test_memory.py::test_memory_integration
  /usr/local/lib/python3.10/contextlib.py:135: UserWarning: mmap_mode "r" is not compatible with compressed file /tmp/pytest-of-tester/pytest-18/test_memory_integration0/joblib/joblib/test/test_memory/f/0ee759c0da9422094dd70c9286f8d9b7/output.pkl. "r" flag will be ignored.
    return next(self.gen)

joblib/test/test_parallel.py::test_nested_loop[threading-multiprocessing]
  /workdir/joblib-1.2.0/joblib/parallel.py:775: UserWarning: Multiprocessing-backed parallel loops cannot be nested below threads, setting n_jobs=1
    n_jobs = self._backend.configure(n_jobs=self.n_jobs, parallel=self,

joblib/test/test_parallel.py::test_nested_loop[threading-loky]
joblib/test/test_parallel.py::test_nested_loop[threading-back_compat_backend]
  /workdir/joblib-1.2.0/joblib/parallel.py:775: UserWarning: Loky-backed parallel loops cannot be nested below threads, setting n_jobs=1
    n_jobs = self._backend.configure(n_jobs=self.n_jobs, parallel=self,

joblib/test/test_testing.py::test_check_subprocess_call_timeout
  /workdir/joblib-1.2.0/joblib/testing.py:50: UserWarning: Timeout running ['/workdir/joblib-1.2.0/.tox/cpythonlibtest-unit-test-tests/bin/python', '-c', 'import time\nimport sys\nprint("before sleep on stdout")\nsys.stdout.flush()\nsys.stderr.write("before sleep on stderr")\nsys.stderr.flush()\ntime.sleep(1.1)\nprint("process should have be killed before")\nsys.stdout.flush()']
    warnings.warn("Timeout running {}".format(cmd))

-- Docs: https://docs.pytest.org/en/stable/how-to/capture-warnings.html
- generated xml file: /workdir/results/joblib/1.2.0/1/cpython-test-results.xml -
=========================== short test summary info ============================
FAILED joblib/test/test_memory.py::test_parallel_call_cached_function_defined_in_jupyter[True]
FAILED joblib/test/test_memory.py::test_parallel_call_cached_function_defined_in_jupyter[False]
===== 2 failed, 1067 passed, 99 skipped, 3 xpassed, 19 warnings in 36.01s ======
[DEBUG:MainProcess:MainThread] Interpreter shutting down. Waking up executor_manager_thread [(<_ExecutorManagerThread(ExecutorManagerThread, started 140523385898752)>, (<unlocked _thread.lock object at 0x7fce8704b780>, <joblib.externals.loky.process_executor._ThreadWakeup object at 0x7fce8715a650>))]
[DEBUG:MainProcess:ExecutorManagerThread] releasing worker exit lock on LokyProcess-331
[DEBUG:MainProcess:ExecutorManagerThread] releasing worker exit lock on LokyProcess-332
[DEBUG:MainProcess:ExecutorManagerThread] found 2 processes to stop
[DEBUG:MainProcess:ExecutorManagerThread] sent 2 sentinels to the call queue
[DEBUG:MainProcess:ExecutorManagerThread] closing call_queue
[DEBUG:MainProcess:ExecutorManagerThread] telling queue thread to quit
[DEBUG:MainProcess:ExecutorManagerThread] Queue.join_thread()
[DEBUG:MainProcess:ExecutorManagerThread] closing result_queue
[DEBUG:MainProcess:ExecutorManagerThread] closing thread_wakeup
[DEBUG:MainProcess:ExecutorManagerThread] joining 2 processes
[DEBUG:MainProcess:ExecutorManagerThread] joining process LokyProcess-332 with pid 35678
[DEBUG:MainProcess:QueueFeederThread] feeder thread got sentinel -- exiting
[DEBUG:MainProcess:ExecutorManagerThread] joining process LokyProcess-331 with pid 35677
[DEBUG:MainProcess:ExecutorManagerThread] executor management thread clean shutdown of 2 workers
[DEBUG:MainProcess:MainThread] Interpreter shutting down. Waking up executor_manager_thread [(<_ExecutorManagerThread(ExecutorManagerThread, stopped 140523385898752)>, (<unlocked _thread.lock object at 0x7fce8704b780>, <joblib.externals.loky.process_executor._ThreadWakeup object at 0x7fce8715a650>))]
[DEBUG:MainProcess:MainThread] Interpreter shutting down. Waking up executor_manager_thread [(<_ExecutorManagerThread(ExecutorManagerThread, stopped 140523385898752)>, (<unlocked _thread.lock object at 0x7fce8704b780>, <joblib.externals.loky.process_executor._ThreadWakeup object at 0x7fce8715a650>))]
[DEBUG:MainProcess:MainThread] Interpreter shutting down. Waking up executor_manager_thread [(<_ExecutorManagerThread(ExecutorManagerThread, stopped 140523385898752)>, (<unlocked _thread.lock object at 0x7fce8704b780>, <joblib.externals.loky.process_executor._ThreadWakeup object at 0x7fce8715a650>))]
[DEBUG:MainProcess:MainThread] Interpreter shutting down. Waking up executor_manager_thread [(<_ExecutorManagerThread(ExecutorManagerThread, stopped 140523385898752)>, (<unlocked _thread.lock object at 0x7fce8704b780>, <joblib.externals.loky.process_executor._ThreadWakeup object at 0x7fce8715a650>))]
[DEBUG:MainProcess:MainThread] Interpreter shutting down. Waking up executor_manager_thread [(<_ExecutorManagerThread(ExecutorManagerThread, stopped 140523385898752)>, (<unlocked _thread.lock object at 0x7fce8704b780>, <joblib.externals.loky.process_executor._ThreadWakeup object at 0x7fce8715a650>))]
[DEBUG:MainProcess:MainThread] Interpreter shutting down. Waking up executor_manager_thread [(<_ExecutorManagerThread(ExecutorManagerThread, stopped 140523385898752)>, (<unlocked _thread.lock object at 0x7fce8704b780>, <joblib.externals.loky.process_executor._ThreadWakeup object at 0x7fce8715a650>))]
[DEBUG:MainProcess:MainThread] Interpreter shutting down. Waking up executor_manager_thread [(<_ExecutorManagerThread(ExecutorManagerThread, stopped 140523385898752)>, (<unlocked _thread.lock object at 0x7fce8704b780>, <joblib.externals.loky.process_executor._ThreadWakeup object at 0x7fce8715a650>))]
[DEBUG:MainProcess:MainThread] Interpreter shutting down. Waking up executor_manager_thread [(<_ExecutorManagerThread(ExecutorManagerThread, stopped 140523385898752)>, (<unlocked _thread.lock object at 0x7fce8704b780>, <joblib.externals.loky.process_executor._ThreadWakeup object at 0x7fce8715a650>))]
[DEBUG:MainProcess:MainThread] Interpreter shutting down. Waking up executor_manager_thread [(<_ExecutorManagerThread(ExecutorManagerThread, stopped 140523385898752)>, (<unlocked _thread.lock object at 0x7fce8704b780>, <joblib.externals.loky.process_executor._ThreadWakeup object at 0x7fce8715a650>))]
[DEBUG:MainProcess:MainThread] Interpreter shutting down. Waking up executor_manager_thread [(<_ExecutorManagerThread(ExecutorManagerThread, stopped 140523385898752)>, (<unlocked _thread.lock object at 0x7fce8704b780>, <joblib.externals.loky.process_executor._ThreadWakeup object at 0x7fce8715a650>))]
[DEBUG:MainProcess:MainThread] Interpreter shutting down. Waking up executor_manager_thread [(<_ExecutorManagerThread(ExecutorManagerThread, stopped 140523385898752)>, (<unlocked _thread.lock object at 0x7fce8704b780>, <joblib.externals.loky.process_executor._ThreadWakeup object at 0x7fce8715a650>))]
[DEBUG:MainProcess:MainThread] Interpreter shutting down. Waking up executor_manager_thread [(<_ExecutorManagerThread(ExecutorManagerThread, stopped 140523385898752)>, (<unlocked _thread.lock object at 0x7fce8704b780>, <joblib.externals.loky.process_executor._ThreadWakeup object at 0x7fce8715a650>))]
[DEBUG:MainProcess:MainThread] Interpreter shutting down. Waking up executor_manager_thread [(<_ExecutorManagerThread(ExecutorManagerThread, stopped 140523385898752)>, (<unlocked _thread.lock object at 0x7fce8704b780>, <joblib.externals.loky.process_executor._ThreadWakeup object at 0x7fce8715a650>))]
[DEBUG:MainProcess:MainThread] Interpreter shutting down. Waking up executor_manager_thread [(<_ExecutorManagerThread(ExecutorManagerThread, stopped 140523385898752)>, (<unlocked _thread.lock object at 0x7fce8704b780>, <joblib.externals.loky.process_executor._ThreadWakeup object at 0x7fce8715a650>))]
[DEBUG:MainProcess:MainThread] Interpreter shutting down. Waking up executor_manager_thread [(<_ExecutorManagerThread(ExecutorManagerThread, stopped 140523385898752)>, (<unlocked _thread.lock object at 0x7fce8704b780>, <joblib.externals.loky.process_executor._ThreadWakeup object at 0x7fce8715a650>))]
[DEBUG:MainProcess:MainThread] Interpreter shutting down. Waking up executor_manager_thread [(<_ExecutorManagerThread(ExecutorManagerThread, stopped 140523385898752)>, (<unlocked _thread.lock object at 0x7fce8704b780>, <joblib.externals.loky.process_executor._ThreadWakeup object at 0x7fce8715a650>))]
[DEBUG:MainProcess:MainThread] Interpreter shutting down. Waking up executor_manager_thread [(<_ExecutorManagerThread(ExecutorManagerThread, stopped 140523385898752)>, (<unlocked _thread.lock object at 0x7fce8704b780>, <joblib.externals.loky.process_executor._ThreadWakeup object at 0x7fce8715a650>))]
[DEBUG:MainProcess:MainThread] Interpreter shutting down. Waking up executor_manager_thread [(<_ExecutorManagerThread(ExecutorManagerThread, stopped 140523385898752)>, (<unlocked _thread.lock object at 0x7fce8704b780>, <joblib.externals.loky.process_executor._ThreadWakeup object at 0x7fce8715a650>))]
[DEBUG:MainProcess:MainThread] Interpreter shutting down. Waking up executor_manager_thread [(<_ExecutorManagerThread(ExecutorManagerThread, stopped 140523385898752)>, (<unlocked _thread.lock object at 0x7fce8704b780>, <joblib.externals.loky.process_executor._ThreadWakeup object at 0x7fce8715a650>))]
[DEBUG:MainProcess:MainThread] Interpreter shutting down. Waking up executor_manager_thread [(<_ExecutorManagerThread(ExecutorManagerThread, stopped 140523385898752)>, (<unlocked _thread.lock object at 0x7fce8704b780>, <joblib.externals.loky.process_executor._ThreadWakeup object at 0x7fce8715a650>))]
[DEBUG:MainProcess:MainThread] Interpreter shutting down. Waking up executor_manager_thread [(<_ExecutorManagerThread(ExecutorManagerThread, stopped 140523385898752)>, (<unlocked _thread.lock object at 0x7fce8704b780>, <joblib.externals.loky.process_executor._ThreadWakeup object at 0x7fce8715a650>))]
[DEBUG:MainProcess:MainThread] Interpreter shutting down. Waking up executor_manager_thread [(<_ExecutorManagerThread(ExecutorManagerThread, stopped 140523385898752)>, (<unlocked _thread.lock object at 0x7fce8704b780>, <joblib.externals.loky.process_executor._ThreadWakeup object at 0x7fce8715a650>))]
[DEBUG:MainProcess:MainThread] Interpreter shutting down. Waking up executor_manager_thread [(<_ExecutorManagerThread(ExecutorManagerThread, stopped 140523385898752)>, (<unlocked _thread.lock object at 0x7fce8704b780>, <joblib.externals.loky.process_executor._ThreadWakeup object at 0x7fce8715a650>))]
[DEBUG:MainProcess:MainThread] Interpreter shutting down. Waking up executor_manager_thread [(<_ExecutorManagerThread(ExecutorManagerThread, stopped 140523385898752)>, (<unlocked _thread.lock object at 0x7fce8704b780>, <joblib.externals.loky.process_executor._ThreadWakeup object at 0x7fce8715a650>))]
[DEBUG:MainProcess:MainThread] Interpreter shutting down. Waking up executor_manager_thread [(<_ExecutorManagerThread(ExecutorManagerThread, stopped 140523385898752)>, (<unlocked _thread.lock object at 0x7fce8704b780>, <joblib.externals.loky.process_executor._ThreadWakeup object at 0x7fce8715a650>))]
[DEBUG:MainProcess:MainThread] Interpreter shutting down. Waking up executor_manager_thread [(<_ExecutorManagerThread(ExecutorManagerThread, stopped 140523385898752)>, (<unlocked _thread.lock object at 0x7fce8704b780>, <joblib.externals.loky.process_executor._ThreadWakeup object at 0x7fce8715a650>))]
[DEBUG:MainProcess:MainThread] Interpreter shutting down. Waking up executor_manager_thread [(<_ExecutorManagerThread(ExecutorManagerThread, stopped 140523385898752)>, (<unlocked _thread.lock object at 0x7fce8704b780>, <joblib.externals.loky.process_executor._ThreadWakeup object at 0x7fce8715a650>))]
[DEBUG:MainProcess:MainThread] Interpreter shutting down. Waking up executor_manager_thread [(<_ExecutorManagerThread(ExecutorManagerThread, stopped 140523385898752)>, (<unlocked _thread.lock object at 0x7fce8704b780>, <joblib.externals.loky.process_executor._ThreadWakeup object at 0x7fce8715a650>))]
[DEBUG:MainProcess:MainThread] Interpreter shutting down. Waking up executor_manager_thread [(<_ExecutorManagerThread(ExecutorManagerThread, stopped 140523385898752)>, (<unlocked _thread.lock object at 0x7fce8704b780>, <joblib.externals.loky.process_executor._ThreadWakeup object at 0x7fce8715a650>))]
[DEBUG:MainProcess:MainThread] Interpreter shutting down. Waking up executor_manager_thread [(<_ExecutorManagerThread(ExecutorManagerThread, stopped 140523385898752)>, (<unlocked _thread.lock object at 0x7fce8704b780>, <joblib.externals.loky.process_executor._ThreadWakeup object at 0x7fce8715a650>))]
[DEBUG:MainProcess:MainThread] Interpreter shutting down. Waking up executor_manager_thread [(<_ExecutorManagerThread(ExecutorManagerThread, stopped 140523385898752)>, (<unlocked _thread.lock object at 0x7fce8704b780>, <joblib.externals.loky.process_executor._ThreadWakeup object at 0x7fce8715a650>))]
[DEBUG:MainProcess:MainThread] Interpreter shutting down. Waking up executor_manager_thread [(<_ExecutorManagerThread(ExecutorManagerThread, stopped 140523385898752)>, (<unlocked _thread.lock object at 0x7fce8704b780>, <joblib.externals.loky.process_executor._ThreadWakeup object at 0x7fce8715a650>))]
[DEBUG:MainProcess:MainThread] Interpreter shutting down. Waking up executor_manager_thread [(<_ExecutorManagerThread(ExecutorManagerThread, stopped 140523385898752)>, (<unlocked _thread.lock object at 0x7fce8704b780>, <joblib.externals.loky.process_executor._ThreadWakeup object at 0x7fce8715a650>))]
[DEBUG:MainProcess:MainThread] Interpreter shutting down. Waking up executor_manager_thread [(<_ExecutorManagerThread(ExecutorManagerThread, stopped 140523385898752)>, (<unlocked _thread.lock object at 0x7fce8704b780>, <joblib.externals.loky.process_executor._ThreadWakeup object at 0x7fce8715a650>))]
[DEBUG:MainProcess:MainThread] Interpreter shutting down. Waking up executor_manager_thread [(<_ExecutorManagerThread(ExecutorManagerThread, stopped 140523385898752)>, (<unlocked _thread.lock object at 0x7fce8704b780>, <joblib.externals.loky.process_executor._ThreadWakeup object at 0x7fce8715a650>))]
[DEBUG:MainProcess:MainThread] Interpreter shutting down. Waking up executor_manager_thread [(<_ExecutorManagerThread(ExecutorManagerThread, stopped 140523385898752)>, (<unlocked _thread.lock object at 0x7fce8704b780>, <joblib.externals.loky.process_executor._ThreadWakeup object at 0x7fce8715a650>))]
[DEBUG:MainProcess:MainThread] Interpreter shutting down. Waking up executor_manager_thread [(<_ExecutorManagerThread(ExecutorManagerThread, stopped 140523385898752)>, (<unlocked _thread.lock object at 0x7fce8704b780>, <joblib.externals.loky.process_executor._ThreadWakeup object at 0x7fce8715a650>))]
[DEBUG:MainProcess:MainThread] Interpreter shutting down. Waking up executor_manager_thread [(<_ExecutorManagerThread(ExecutorManagerThread, stopped 140523385898752)>, (<unlocked _thread.lock object at 0x7fce8704b780>, <joblib.externals.loky.process_executor._ThreadWakeup object at 0x7fce8715a650>))]
[DEBUG:MainProcess:MainThread] Interpreter shutting down. Waking up executor_manager_thread [(<_ExecutorManagerThread(ExecutorManagerThread, stopped 140523385898752)>, (<unlocked _thread.lock object at 0x7fce8704b780>, <joblib.externals.loky.process_executor._ThreadWakeup object at 0x7fce8715a650>))]
[DEBUG:MainProcess:MainThread] Interpreter shutting down. Waking up executor_manager_thread [(<_ExecutorManagerThread(ExecutorManagerThread, stopped 140523385898752)>, (<unlocked _thread.lock object at 0x7fce8704b780>, <joblib.externals.loky.process_executor._ThreadWakeup object at 0x7fce8715a650>))]
[DEBUG:MainProcess:MainThread] Interpreter shutting down. Waking up executor_manager_thread [(<_ExecutorManagerThread(ExecutorManagerThread, stopped 140523385898752)>, (<unlocked _thread.lock object at 0x7fce8704b780>, <joblib.externals.loky.process_executor._ThreadWakeup object at 0x7fce8715a650>))]
[DEBUG:MainProcess:MainThread] Interpreter shutting down. Waking up executor_manager_thread [(<_ExecutorManagerThread(ExecutorManagerThread, stopped 140523385898752)>, (<unlocked _thread.lock object at 0x7fce8704b780>, <joblib.externals.loky.process_executor._ThreadWakeup object at 0x7fce8715a650>))]
[DEBUG:MainProcess:MainThread] Interpreter shutting down. Waking up executor_manager_thread [(<_ExecutorManagerThread(ExecutorManagerThread, stopped 140523385898752)>, (<unlocked _thread.lock object at 0x7fce8704b780>, <joblib.externals.loky.process_executor._ThreadWakeup object at 0x7fce8715a650>))]
[DEBUG:MainProcess:MainThread] Interpreter shutting down. Waking up executor_manager_thread [(<_ExecutorManagerThread(ExecutorManagerThread, stopped 140523385898752)>, (<unlocked _thread.lock object at 0x7fce8704b780>, <joblib.externals.loky.process_executor._ThreadWakeup object at 0x7fce8715a650>))]
[DEBUG:MainProcess:MainThread] Interpreter shutting down. Waking up executor_manager_thread [(<_ExecutorManagerThread(ExecutorManagerThread, stopped 140523385898752)>, (<unlocked _thread.lock object at 0x7fce8704b780>, <joblib.externals.loky.process_executor._ThreadWakeup object at 0x7fce8715a650>))]
[DEBUG:MainProcess:MainThread] Interpreter shutting down. Waking up executor_manager_thread [(<_ExecutorManagerThread(ExecutorManagerThread, stopped 140523385898752)>, (<unlocked _thread.lock object at 0x7fce8704b780>, <joblib.externals.loky.process_executor._ThreadWakeup object at 0x7fce8715a650>))]
[DEBUG:MainProcess:MainThread] Interpreter shutting down. Waking up executor_manager_thread [(<_ExecutorManagerThread(ExecutorManagerThread, stopped 140523385898752)>, (<unlocked _thread.lock object at 0x7fce8704b780>, <joblib.externals.loky.process_executor._ThreadWakeup object at 0x7fce8715a650>))]
[DEBUG:MainProcess:MainThread] Interpreter shutting down. Waking up executor_manager_thread [(<_ExecutorManagerThread(ExecutorManagerThread, stopped 140523385898752)>, (<unlocked _thread.lock object at 0x7fce8704b780>, <joblib.externals.loky.process_executor._ThreadWakeup object at 0x7fce8715a650>))]
[DEBUG:MainProcess:MainThread] Interpreter shutting down. Waking up executor_manager_thread [(<_ExecutorManagerThread(ExecutorManagerThread, stopped 140523385898752)>, (<unlocked _thread.lock object at 0x7fce8704b780>, <joblib.externals.loky.process_executor._ThreadWakeup object at 0x7fce8715a650>))]
[DEBUG:MainProcess:MainThread] Interpreter shutting down. Waking up executor_manager_thread [(<_ExecutorManagerThread(ExecutorManagerThread, stopped 140523385898752)>, (<unlocked _thread.lock object at 0x7fce8704b780>, <joblib.externals.loky.process_executor._ThreadWakeup object at 0x7fce8715a650>))]
[INFO:MainProcess:MainThread] process shutting down
[DEBUG:MainProcess:MainThread] running all "atexit" finalizers with priority >= 0
[DEBUG:MainProcess:MainThread] running the remaining "atexit" finalizers
ERROR: InvocationError for command /workdir/joblib-1.2.0/.tox/cpythonlibtest-unit-test-tests/bin/pytest -v --tb=native --junitxml /workdir/results/joblib/1.2.0/1/cpython-test-results.xml (exited with code 1)
___________________________________ summary ____________________________________
ERROR:   cpythonlibtest-unit-test-tests: commands failed
