<?xml version="1.0" encoding="utf-8"?><testsuites><testsuite name="pytest" errors="16" failures="0" skipped="0" tests="16" time="0.830" timestamp="2023-11-22T06:03:10.708857" hostname="80ac3eb7f7f2"><testcase classname="" name="kubernetes.base.dynamic.test_client" time="0.000"><error message="collection failure">ImportError while importing test module '/workdir/kubernetes-25.3.0/kubernetes/base/dynamic/test_client.py'.
Hint: make sure your test modules/packages have valid Python names.
Traceback:
/usr/local/lib/python3.10/importlib/__init__.py:126: in import_module
    return _bootstrap._gcd_import(name[level:], package, level)
kubernetes/base/dynamic/test_client.py:19: in &lt;module&gt;
    from kubernetes.e2e_test import base
E   ModuleNotFoundError: No module named 'kubernetes.e2e_test'</error></testcase><testcase classname="" name="kubernetes.base.dynamic.test_discovery" time="0.000"><error message="collection failure">ImportError while importing test module '/workdir/kubernetes-25.3.0/kubernetes/base/dynamic/test_discovery.py'.
Hint: make sure your test modules/packages have valid Python names.
Traceback:
/usr/local/lib/python3.10/importlib/__init__.py:126: in import_module
    return _bootstrap._gcd_import(name[level:], package, level)
kubernetes/base/dynamic/test_discovery.py:18: in &lt;module&gt;
    from kubernetes.e2e_test import base
E   ModuleNotFoundError: No module named 'kubernetes.e2e_test'</error></testcase><testcase classname="" name="kubernetes.config.dateutil_test" time="0.000"><error message="collection failure">import file mismatch:
imported module 'kubernetes.config.dateutil_test' has this __file__ attribute:
  /workdir/kubernetes-25.3.0/.tox/cpythonlibtest-unit-test-tests/lib/python3.10/site-packages/kubernetes/config/dateutil_test.py
which is not the same as the test file we want to collect:
  /workdir/kubernetes-25.3.0/kubernetes/config/dateutil_test.py
HINT: remove __pycache__ / .pyc files and/or use a unique basename for your test file modules</error></testcase><testcase classname="" name="kubernetes.config.exec_provider_test" time="0.000"><error message="collection failure">import file mismatch:
imported module 'kubernetes.config.exec_provider_test' has this __file__ attribute:
  /workdir/kubernetes-25.3.0/.tox/cpythonlibtest-unit-test-tests/lib/python3.10/site-packages/kubernetes/config/exec_provider_test.py
which is not the same as the test file we want to collect:
  /workdir/kubernetes-25.3.0/kubernetes/config/exec_provider_test.py
HINT: remove __pycache__ / .pyc files and/or use a unique basename for your test file modules</error></testcase><testcase classname="" name="kubernetes.config.incluster_config_test" time="0.000"><error message="collection failure">import file mismatch:
imported module 'kubernetes.config.incluster_config_test' has this __file__ attribute:
  /workdir/kubernetes-25.3.0/.tox/cpythonlibtest-unit-test-tests/lib/python3.10/site-packages/kubernetes/config/incluster_config_test.py
which is not the same as the test file we want to collect:
  /workdir/kubernetes-25.3.0/kubernetes/config/incluster_config_test.py
HINT: remove __pycache__ / .pyc files and/or use a unique basename for your test file modules</error></testcase><testcase classname="" name="kubernetes.config.kube_config_test" time="0.000"><error message="collection failure">import file mismatch:
imported module 'kubernetes.config.kube_config_test' has this __file__ attribute:
  /workdir/kubernetes-25.3.0/.tox/cpythonlibtest-unit-test-tests/lib/python3.10/site-packages/kubernetes/config/kube_config_test.py
which is not the same as the test file we want to collect:
  /workdir/kubernetes-25.3.0/kubernetes/config/kube_config_test.py
HINT: remove __pycache__ / .pyc files and/or use a unique basename for your test file modules</error></testcase><testcase classname="" name="kubernetes.dynamic.test_client" time="0.000"><error message="collection failure">ImportError while importing test module '/workdir/kubernetes-25.3.0/kubernetes/dynamic/test_client.py'.
Hint: make sure your test modules/packages have valid Python names.
Traceback:
/usr/local/lib/python3.10/importlib/__init__.py:126: in import_module
    return _bootstrap._gcd_import(name[level:], package, level)
.tox/cpythonlibtest-unit-test-tests/lib/python3.10/site-packages/kubernetes/dynamic/test_client.py:19: in &lt;module&gt;
    from kubernetes.e2e_test import base
E   ModuleNotFoundError: No module named 'kubernetes.e2e_test'</error></testcase><testcase classname="" name="kubernetes.dynamic.test_discovery" time="0.000"><error message="collection failure">ImportError while importing test module '/workdir/kubernetes-25.3.0/kubernetes/dynamic/test_discovery.py'.
Hint: make sure your test modules/packages have valid Python names.
Traceback:
/usr/local/lib/python3.10/importlib/__init__.py:126: in import_module
    return _bootstrap._gcd_import(name[level:], package, level)
.tox/cpythonlibtest-unit-test-tests/lib/python3.10/site-packages/kubernetes/dynamic/test_discovery.py:18: in &lt;module&gt;
    from kubernetes.e2e_test import base
E   ModuleNotFoundError: No module named 'kubernetes.e2e_test'</error></testcase><testcase classname="" name="kubernetes.e2e_test.test_apps" time="0.000"><error message="collection failure">ImportError while importing test module '/workdir/kubernetes-25.3.0/kubernetes/e2e_test/test_apps.py'.
Hint: make sure your test modules/packages have valid Python names.
Traceback:
/usr/local/lib/python3.10/importlib/__init__.py:126: in import_module
    return _bootstrap._gcd_import(name[level:], package, level)
E   ModuleNotFoundError: No module named 'kubernetes.e2e_test'</error></testcase><testcase classname="" name="kubernetes.e2e_test.test_batch" time="0.000"><error message="collection failure">ImportError while importing test module '/workdir/kubernetes-25.3.0/kubernetes/e2e_test/test_batch.py'.
Hint: make sure your test modules/packages have valid Python names.
Traceback:
/usr/local/lib/python3.10/importlib/__init__.py:126: in import_module
    return _bootstrap._gcd_import(name[level:], package, level)
E   ModuleNotFoundError: No module named 'kubernetes.e2e_test'</error></testcase><testcase classname="" name="kubernetes.e2e_test.test_client" time="0.000"><error message="collection failure">ImportError while importing test module '/workdir/kubernetes-25.3.0/kubernetes/e2e_test/test_client.py'.
Hint: make sure your test modules/packages have valid Python names.
Traceback:
/usr/local/lib/python3.10/importlib/__init__.py:126: in import_module
    return _bootstrap._gcd_import(name[level:], package, level)
E   ModuleNotFoundError: No module named 'kubernetes.e2e_test'</error></testcase><testcase classname="" name="kubernetes.e2e_test.test_utils" time="0.000"><error message="collection failure">ImportError while importing test module '/workdir/kubernetes-25.3.0/kubernetes/e2e_test/test_utils.py'.
Hint: make sure your test modules/packages have valid Python names.
Traceback:
/usr/local/lib/python3.10/importlib/__init__.py:126: in import_module
    return _bootstrap._gcd_import(name[level:], package, level)
E   ModuleNotFoundError: No module named 'kubernetes.e2e_test'</error></testcase><testcase classname="" name="kubernetes.e2e_test.test_watch" time="0.000"><error message="collection failure">ImportError while importing test module '/workdir/kubernetes-25.3.0/kubernetes/e2e_test/test_watch.py'.
Hint: make sure your test modules/packages have valid Python names.
Traceback:
/usr/local/lib/python3.10/importlib/__init__.py:126: in import_module
    return _bootstrap._gcd_import(name[level:], package, level)
E   ModuleNotFoundError: No module named 'kubernetes.e2e_test'</error></testcase><testcase classname="" name="kubernetes.leaderelection.leaderelection_test" time="0.000"><error message="collection failure">import file mismatch:
imported module 'kubernetes.leaderelection.leaderelection_test' has this __file__ attribute:
  /workdir/kubernetes-25.3.0/.tox/cpythonlibtest-unit-test-tests/lib/python3.10/site-packages/kubernetes/leaderelection/leaderelection_test.py
which is not the same as the test file we want to collect:
  /workdir/kubernetes-25.3.0/kubernetes/leaderelection/leaderelection_test.py
HINT: remove __pycache__ / .pyc files and/or use a unique basename for your test file modules</error></testcase><testcase classname="" name="kubernetes.stream.ws_client_test" time="0.000"><error message="collection failure">import file mismatch:
imported module 'kubernetes.stream.ws_client_test' has this __file__ attribute:
  /workdir/kubernetes-25.3.0/.tox/cpythonlibtest-unit-test-tests/lib/python3.10/site-packages/kubernetes/stream/ws_client_test.py
which is not the same as the test file we want to collect:
  /workdir/kubernetes-25.3.0/kubernetes/stream/ws_client_test.py
HINT: remove __pycache__ / .pyc files and/or use a unique basename for your test file modules</error></testcase><testcase classname="" name="kubernetes.watch.watch_test" time="0.000"><error message="collection failure">import file mismatch:
imported module 'kubernetes.watch.watch_test' has this __file__ attribute:
  /workdir/kubernetes-25.3.0/.tox/cpythonlibtest-unit-test-tests/lib/python3.10/site-packages/kubernetes/watch/watch_test.py
which is not the same as the test file we want to collect:
  /workdir/kubernetes-25.3.0/kubernetes/watch/watch_test.py
HINT: remove __pycache__ / .pyc files and/or use a unique basename for your test file modules</error></testcase></testsuite></testsuites>