<?xml version="1.0" encoding="utf-8"?><testsuites><testsuite name="pytest" errors="3" failures="0" skipped="0" tests="3" time="0.203" timestamp="2023-11-23T00:13:24.749987" hostname="80ac3eb7f7f2"><testcase classname="" name="tests.test_android" time="0.000"><error message="collection failure">ImportError while importing test module '/workdir/platformdirs-3.0.0/tests/test_android.py'.
Hint: make sure your test modules/packages have valid Python names.
Traceback:
/usr/local/lib/python3.10/importlib/__init__.py:126: in import_module
    return _bootstrap._gcd_import(name[level:], package, level)
tests/test_android.py:9: in &lt;module&gt;
    from pytest_mock import MockerFixture
E   ModuleNotFoundError: No module named 'pytest_mock'</error></testcase><testcase classname="" name="tests.test_comp_with_appdirs" time="0.000"><error message="collection failure">ImportError while importing test module '/workdir/platformdirs-3.0.0/tests/test_comp_with_appdirs.py'.
Hint: make sure your test modules/packages have valid Python names.
Traceback:
/usr/local/lib/python3.10/importlib/__init__.py:126: in import_module
    return _bootstrap._gcd_import(name[level:], package, level)
tests/test_comp_with_appdirs.py:7: in &lt;module&gt;
    import appdirs
E   ModuleNotFoundError: No module named 'appdirs'</error></testcase><testcase classname="" name="tests.test_unix" time="0.000"><error message="collection failure">ImportError while importing test module '/workdir/platformdirs-3.0.0/tests/test_unix.py'.
Hint: make sure your test modules/packages have valid Python names.
Traceback:
/usr/local/lib/python3.10/importlib/__init__.py:126: in import_module
    return _bootstrap._gcd_import(name[level:], package, level)
tests/test_unix.py:10: in &lt;module&gt;
    from pytest_mock import MockerFixture
E   ModuleNotFoundError: No module named 'pytest_mock'</error></testcase></testsuite></testsuites>