GLOB sdist-make: /workdir/tldextract-3.4.0/setup.py
cpythonlibtest-unit-test-tests create: /workdir/tldextract-3.4.0/.tox/cpythonlibtest-unit-test-tests
cpythonlibtest-unit-test-tests installdeps: mock, pytest
cpythonlibtest-unit-test-tests inst: /workdir/tldextract-3.4.0/.tox/.tmp/package/1/tldextract-3.4.0.zip
cpythonlibtest-unit-test-tests installed: certifi==2023.11.17,charset-normalizer==3.3.2,exceptiongroup==1.2.0,filelock==3.13.1,idna==3.6,iniconfig==2.0.0,mock==5.1.0,packaging==23.2,pluggy==1.3.0,pytest==7.4.3,requests==2.31.0,requests-file==1.5.1,six==1.16.0,tldextract @ file:///workdir/tldextract-3.4.0/.tox/.tmp/package/1/tldextract-3.4.0.zip#sha256=675437a56ead9dcc3cea45c01b4eb77d22060e25e1dc35054e3c8cb32f6895e8,tomli==2.0.1,urllib3==2.1.0
cpythonlibtest-unit-test-tests run-test-pre: PYTHONHASHSEED='4098883743'
cpythonlibtest-unit-test-tests run-test: commands[0] | pytest -v --tb=native --junitxml /workdir/results/tldextract/3.4.0/1/cpython-test-results.xml
============================= test session starts ==============================
platform linux -- Python 3.10.8, pytest-7.4.3, pluggy-1.3.0 -- /workdir/tldextract-3.4.0/.tox/cpythonlibtest-unit-test-tests/bin/python
cachedir: .tox/cpythonlibtest-unit-test-tests/.pytest_cache
rootdir: /workdir/tldextract-3.4.0
configfile: pytest.ini
collecting ... collected 19 items / 4 errors

==================================== ERRORS ====================================
_____________________ ERROR collecting tests/main_test.py ______________________
Traceback (most recent call last):
  File "/workdir/tldextract-3.4.0/.tox/cpythonlibtest-unit-test-tests/lib/python3.10/site-packages/_pytest/runner.py", line 341, in from_call
    result: Optional[TResult] = func()
  File "/workdir/tldextract-3.4.0/.tox/cpythonlibtest-unit-test-tests/lib/python3.10/site-packages/_pytest/runner.py", line 372, in <lambda>
    call = CallInfo.from_call(lambda: list(collector.collect()), "collect")
  File "/workdir/tldextract-3.4.0/.tox/cpythonlibtest-unit-test-tests/lib/python3.10/site-packages/_pytest/doctest.py", line 567, in collect
    module = import_path(
  File "/workdir/tldextract-3.4.0/.tox/cpythonlibtest-unit-test-tests/lib/python3.10/site-packages/_pytest/pathlib.py", line 567, in import_path
    importlib.import_module(module_name)
  File "/usr/local/lib/python3.10/importlib/__init__.py", line 126, in import_module
    return _bootstrap._gcd_import(name[level:], package, level)
  File "<frozen importlib._bootstrap>", line 1050, in _gcd_import
  File "<frozen importlib._bootstrap>", line 1027, in _find_and_load
  File "<frozen importlib._bootstrap>", line 1006, in _find_and_load_unlocked
  File "<frozen importlib._bootstrap>", line 688, in _load_unlocked
  File "/workdir/tldextract-3.4.0/.tox/cpythonlibtest-unit-test-tests/lib/python3.10/site-packages/_pytest/assertion/rewrite.py", line 186, in exec_module
    exec(co, module.__dict__)
  File "/workdir/tldextract-3.4.0/tests/main_test.py", line 9, in <module>
    import responses
ModuleNotFoundError: No module named 'responses'
_____________________ ERROR collecting tests/main_test.py ______________________
ImportError while importing test module '/workdir/tldextract-3.4.0/tests/main_test.py'.
Hint: make sure your test modules/packages have valid Python names.
Traceback:
/usr/local/lib/python3.10/importlib/__init__.py:126: in import_module
    return _bootstrap._gcd_import(name[level:], package, level)
tests/main_test.py:9: in <module>
    import responses
E   ModuleNotFoundError: No module named 'responses'
___________________ ERROR collecting tests/test_parallel.py ____________________
Traceback (most recent call last):
  File "/workdir/tldextract-3.4.0/.tox/cpythonlibtest-unit-test-tests/lib/python3.10/site-packages/_pytest/runner.py", line 341, in from_call
    result: Optional[TResult] = func()
  File "/workdir/tldextract-3.4.0/.tox/cpythonlibtest-unit-test-tests/lib/python3.10/site-packages/_pytest/runner.py", line 372, in <lambda>
    call = CallInfo.from_call(lambda: list(collector.collect()), "collect")
  File "/workdir/tldextract-3.4.0/.tox/cpythonlibtest-unit-test-tests/lib/python3.10/site-packages/_pytest/doctest.py", line 567, in collect
    module = import_path(
  File "/workdir/tldextract-3.4.0/.tox/cpythonlibtest-unit-test-tests/lib/python3.10/site-packages/_pytest/pathlib.py", line 567, in import_path
    importlib.import_module(module_name)
  File "/usr/local/lib/python3.10/importlib/__init__.py", line 126, in import_module
    return _bootstrap._gcd_import(name[level:], package, level)
  File "<frozen importlib._bootstrap>", line 1050, in _gcd_import
  File "<frozen importlib._bootstrap>", line 1027, in _find_and_load
  File "<frozen importlib._bootstrap>", line 1006, in _find_and_load_unlocked
  File "<frozen importlib._bootstrap>", line 688, in _load_unlocked
  File "/workdir/tldextract-3.4.0/.tox/cpythonlibtest-unit-test-tests/lib/python3.10/site-packages/_pytest/assertion/rewrite.py", line 186, in exec_module
    exec(co, module.__dict__)
  File "/workdir/tldextract-3.4.0/tests/test_parallel.py", line 6, in <module>
    import responses
ModuleNotFoundError: No module named 'responses'
___________________ ERROR collecting tests/test_parallel.py ____________________
ImportError while importing test module '/workdir/tldextract-3.4.0/tests/test_parallel.py'.
Hint: make sure your test modules/packages have valid Python names.
Traceback:
/usr/local/lib/python3.10/importlib/__init__.py:126: in import_module
    return _bootstrap._gcd_import(name[level:], package, level)
tests/test_parallel.py:6: in <module>
    import responses
E   ModuleNotFoundError: No module named 'responses'
- generated xml file: /workdir/results/tldextract/3.4.0/1/cpython-test-results.xml -
=========================== short test summary info ============================
ERROR tests/main_test.py - ModuleNotFoundError: No module named 'responses'
ERROR tests/main_test.py
ERROR tests/test_parallel.py - ModuleNotFoundError: No module named 'responses'
ERROR tests/test_parallel.py
!!!!!!!!!!!!!!!!!!! Interrupted: 4 errors during collection !!!!!!!!!!!!!!!!!!!!
============================== 4 errors in 0.17s ===============================
ERROR: InvocationError for command /workdir/tldextract-3.4.0/.tox/cpythonlibtest-unit-test-tests/bin/pytest -v --tb=native --junitxml /workdir/results/tldextract/3.4.0/1/cpython-test-results.xml (exited with code 2)
___________________________________ summary ____________________________________
ERROR:   cpythonlibtest-unit-test-tests: commands failed
