.package create: /workdir/tornado-6.2/.tox/.package
.package installdeps: setuptools, wheel
/workdir/tornado-6.2/.tox/.package/lib/python3.10/site-packages/setuptools/config/setupcfg.py:463: SetuptoolsDeprecationWarning: The license_file parameter is deprecated, use license_files instead.
  warnings.warn(msg, warning_class)
warning: no files found matching '*.yaml' under directory 'demos'
no previously-included directories found matching 'docs/build'
warning: no files found matching 'tornado/test/README'
/workdir/tornado-6.2/.tox/.package/lib/python3.10/site-packages/setuptools/config/setupcfg.py:463: SetuptoolsDeprecationWarning: The license_file parameter is deprecated, use license_files instead.
  warnings.warn(msg, warning_class)
warning: no files found matching '*.yaml' under directory 'demos'
no previously-included directories found matching 'docs/build'
warning: no files found matching 'tornado/test/README'
cpythonlibtest-unit-test-tests create: /workdir/tornado-6.2/.tox/cpythonlibtest-unit-test-tests
cpythonlibtest-unit-test-tests installdeps: mock, pytest, -rmaint/requirements.txt, -rdemos/blog/requirements.txt
ERROR: invocation failed (exit code 1), logfile: /workdir/tornado-6.2/.tox/cpythonlibtest-unit-test-tests/log/cpythonlibtest-unit-test-tests-1.log
================================== log start ===================================
Collecting mock
  Using cached mock-5.1.0-py3-none-any.whl.metadata (3.0 kB)
Collecting pytest
  Using cached pytest-7.4.3-py3-none-any.whl.metadata (7.9 kB)
Collecting appdirs==1.4.4 (from -r maint/requirements.txt (line 1))
  Downloading appdirs-1.4.4-py2.py3-none-any.whl (9.6 kB)
Collecting black==20.8b1 (from -r maint/requirements.txt (line 2))
  Downloading black-20.8b1.tar.gz (1.1 MB)
     ━━━━━━━━━━━━━━━━━━━━━━━━━━━━━━━━━━━━━━━━ 1.1/1.1 MB 13.3 MB/s eta 0:00:00
  Installing build dependencies: started
  Installing build dependencies: finished with status 'done'
  Getting requirements to build wheel: started
  Getting requirements to build wheel: finished with status 'done'
  Preparing metadata (pyproject.toml): started
  Preparing metadata (pyproject.toml): finished with status 'done'
Collecting click==7.1.2 (from -r maint/requirements.txt (line 3))
  Downloading click-7.1.2-py2.py3-none-any.whl (82 kB)
     ━━━━━━━━━━━━━━━━━━━━━━━━━━━━━━━━━━━━━━━━ 82.8/82.8 kB 4.2 MB/s eta 0:00:00
Collecting distlib==0.3.1 (from -r maint/requirements.txt (line 4))
  Downloading distlib-0.3.1-py2.py3-none-any.whl (335 kB)
     ━━━━━━━━━━━━━━━━━━━━━━━━━━━━━━━━━━━━━━ 335.9/335.9 kB 17.5 MB/s eta 0:00:00
Collecting filelock==3.0.12 (from -r maint/requirements.txt (line 5))
  Downloading filelock-3.0.12-py3-none-any.whl (7.6 kB)
Collecting flake8==3.8.4 (from -r maint/requirements.txt (line 6))
  Downloading flake8-3.8.4-py2.py3-none-any.whl (72 kB)
     ━━━━━━━━━━━━━━━━━━━━━━━━━━━━━━━━━━━━━━━━ 72.9/72.9 kB 2.6 MB/s eta 0:00:00
Collecting mccabe==0.6.1 (from -r maint/requirements.txt (line 7))
  Using cached mccabe-0.6.1-py2.py3-none-any.whl (8.6 kB)
Collecting mypy==0.941 (from -r maint/requirements.txt (line 8))
  Downloading mypy-0.941-cp310-cp310-manylinux_2_5_x86_64.manylinux1_x86_64.manylinux_2_12_x86_64.manylinux2010_x86_64.whl (17.1 MB)
     ━━━━━━━━━━━━━━━━━━━━━━━━━━━━━━━━━━━━━━━━ 17.1/17.1 MB 14.8 MB/s eta 0:00:00
Collecting mypy-extensions==0.4.3 (from -r maint/requirements.txt (line 9))
  Downloading mypy_extensions-0.4.3-py2.py3-none-any.whl (4.5 kB)
Collecting packaging==20.4 (from -r maint/requirements.txt (line 10))
  Downloading packaging-20.4-py2.py3-none-any.whl (37 kB)
Collecting pathspec==0.8.0 (from -r maint/requirements.txt (line 11))
  Downloading pathspec-0.8.0-py2.py3-none-any.whl (28 kB)
Collecting pluggy==0.13.1 (from -r maint/requirements.txt (line 12))
  Using cached pluggy-0.13.1-py2.py3-none-any.whl (18 kB)
Collecting py==1.10.0 (from -r maint/requirements.txt (line 13))
  Downloading py-1.10.0-py2.py3-none-any.whl (97 kB)
     ━━━━━━━━━━━━━━━━━━━━━━━━━━━━━━━━━━━━━━━━ 97.6/97.6 kB 8.0 MB/s eta 0:00:00
Collecting pycodestyle==2.6.0 (from -r maint/requirements.txt (line 14))
  Downloading pycodestyle-2.6.0-py2.py3-none-any.whl (41 kB)
     ━━━━━━━━━━━━━━━━━━━━━━━━━━━━━━━━━━━━━━━━ 41.4/41.4 kB 3.1 MB/s eta 0:00:00
Collecting pyflakes==2.2.0 (from -r maint/requirements.txt (line 15))
  Downloading pyflakes-2.2.0-py2.py3-none-any.whl (66 kB)
     ━━━━━━━━━━━━━━━━━━━━━━━━━━━━━━━━━━━━━━━━ 67.0/67.0 kB 3.8 MB/s eta 0:00:00
Collecting pyparsing==2.4.7 (from -r maint/requirements.txt (line 16))
  Downloading pyparsing-2.4.7-py2.py3-none-any.whl (67 kB)
     ━━━━━━━━━━━━━━━━━━━━━━━━━━━━━━━━━━━━━━━━ 67.8/67.8 kB 5.5 MB/s eta 0:00:00
Collecting regex==2020.10.28 (from -r maint/requirements.txt (line 17))
  Downloading regex-2020.10.28.tar.gz (694 kB)
     ━━━━━━━━━━━━━━━━━━━━━━━━━━━━━━━━━━━━━━ 694.4/694.4 kB 12.9 MB/s eta 0:00:00
  Preparing metadata (setup.py): started
  Preparing metadata (setup.py): finished with status 'done'
Collecting six==1.15.0 (from -r maint/requirements.txt (line 18))
  Downloading six-1.15.0-py2.py3-none-any.whl (10 kB)
Collecting toml==0.10.1 (from -r maint/requirements.txt (line 19))
  Downloading toml-0.10.1-py2.py3-none-any.whl (19 kB)
Collecting tomli==2.0.1 (from -r maint/requirements.txt (line 20))
  Using cached tomli-2.0.1-py3-none-any.whl (12 kB)
Collecting tox==3.20.1 (from -r maint/requirements.txt (line 21))
  Downloading tox-3.20.1-py2.py3-none-any.whl (83 kB)
     ━━━━━━━━━━━━━━━━━━━━━━━━━━━━━━━━━━━━━━━━ 83.8/83.8 kB 3.0 MB/s eta 0:00:00
Collecting typed-ast==1.4.1 (from -r maint/requirements.txt (line 22))
  Downloading typed_ast-1.4.1.tar.gz (208 kB)
     ━━━━━━━━━━━━━━━━━━━━━━━━━━━━━━━━━━━━━━ 208.6/208.6 kB 14.0 MB/s eta 0:00:00
  Preparing metadata (setup.py): started
  Preparing metadata (setup.py): finished with status 'done'
Collecting types-pycurl==7.44.7 (from -r maint/requirements.txt (line 23))
  Downloading types_pycurl-7.44.7-py3-none-any.whl (5.8 kB)
Collecting typing-extensions==4.1.1 (from -r maint/requirements.txt (line 24))
  Downloading typing_extensions-4.1.1-py3-none-any.whl (26 kB)
Collecting virtualenv==20.1.0 (from -r maint/requirements.txt (line 25))
  Downloading virtualenv-20.1.0-py2.py3-none-any.whl (4.9 MB)
     ━━━━━━━━━━━━━━━━━━━━━━━━━━━━━━━━━━━━━━━━ 4.9/4.9 MB 23.6 MB/s eta 0:00:00
Collecting aiopg (from -r demos/blog/requirements.txt (line 1))
  Downloading aiopg-1.4.0-py3-none-any.whl (34 kB)
Collecting bcrypt (from -r demos/blog/requirements.txt (line 2))
  Downloading bcrypt-4.1.1-cp37-abi3-manylinux_2_28_x86_64.whl.metadata (9.2 kB)
Collecting markdown (from -r demos/blog/requirements.txt (line 3))
  Using cached Markdown-3.5.1-py3-none-any.whl.metadata (7.1 kB)
Collecting psycopg2 (from -r demos/blog/requirements.txt (line 4))
  Downloading psycopg2-2.9.9.tar.gz (384 kB)
     ━━━━━━━━━━━━━━━━━━━━━━━━━━━━━━━━━━━━━━ 384.9/384.9 kB 14.3 MB/s eta 0:00:00
  Preparing metadata (setup.py): started
  Preparing metadata (setup.py): finished with status 'done'
Collecting tornado (from -r demos/blog/requirements.txt (line 5))
  Using cached tornado-6.4-cp38-abi3-manylinux_2_5_x86_64.manylinux1_x86_64.manylinux_2_17_x86_64.manylinux2014_x86_64.whl.metadata (2.5 kB)
Collecting iniconfig (from pytest)
  Using cached iniconfig-2.0.0-py3-none-any.whl (5.9 kB)
Collecting exceptiongroup>=1.0.0rc8 (from pytest)
  Using cached exceptiongroup-1.2.0-py3-none-any.whl.metadata (6.6 kB)
Collecting psycopg2-binary>=2.9.5 (from aiopg->-r demos/blog/requirements.txt (line 1))
  Downloading psycopg2_binary-2.9.9-cp310-cp310-manylinux_2_17_x86_64.manylinux2014_x86_64.whl.metadata (4.4 kB)
Collecting async-timeout<5.0,>=3.0 (from aiopg->-r demos/blog/requirements.txt (line 1))
  Using cached async_timeout-4.0.3-py3-none-any.whl.metadata (4.2 kB)
Using cached mock-5.1.0-py3-none-any.whl (30 kB)
Using cached pytest-7.4.3-py3-none-any.whl (325 kB)
Downloading bcrypt-4.1.1-cp37-abi3-manylinux_2_28_x86_64.whl (699 kB)
   ━━━━━━━━━━━━━━━━━━━━━━━━━━━━━━━━━━━━━━━━ 699.4/699.4 kB 21.5 MB/s eta 0:00:00
Using cached Markdown-3.5.1-py3-none-any.whl (102 kB)
Using cached tornado-6.4-cp38-abi3-manylinux_2_5_x86_64.manylinux1_x86_64.manylinux_2_17_x86_64.manylinux2014_x86_64.whl (435 kB)
Using cached async_timeout-4.0.3-py3-none-any.whl (5.7 kB)
Using cached exceptiongroup-1.2.0-py3-none-any.whl (16 kB)
Downloading psycopg2_binary-2.9.9-cp310-cp310-manylinux_2_17_x86_64.manylinux2014_x86_64.whl (3.0 MB)
   ━━━━━━━━━━━━━━━━━━━━━━━━━━━━━━━━━━━━━━━━ 3.0/3.0 MB 24.7 MB/s eta 0:00:00
Building wheels for collected packages: black, regex, typed-ast, psycopg2
  Building wheel for black (pyproject.toml): started
  Building wheel for black (pyproject.toml): finished with status 'done'
  Created wheel for black: filename=black-20.8b1-py3-none-any.whl size=124171 sha256=50c07fc241e775d7d63b223b1cbecd45aec8b7bfa774601e1ba39f1d2b88ec11
  Stored in directory: /workdir/.cache/pip/wheels/a6/27/2c/11ae14a58d1591140f9ad31b7954a8ecc5b20fd3164b6fe8ba
  Building wheel for regex (setup.py): started
  Building wheel for regex (setup.py): finished with status 'done'
  Created wheel for regex: filename=regex-2020.10.28-cp310-cp310-linux_x86_64.whl size=674181 sha256=55def5a665233fd822f2edb872e9621c5f7e54185d2bd0cda11c5ef6aa69fedb
  Stored in directory: /workdir/.cache/pip/wheels/7a/c4/cf/a8ad632cc1554508ac9e259aa2308fbfe4ad02fbe5cfc22ca7
  Building wheel for typed-ast (setup.py): started
  Building wheel for typed-ast (setup.py): finished with status 'error'
  error: subprocess-exited-with-error
  
  × python setup.py bdist_wheel did not run successfully.
  │ exit code: 1
  ╰─> [250 lines of output]
      running bdist_wheel
      running build
      running build_py
      creating build
      creating build/lib.linux-x86_64-cpython-310
      creating build/lib.linux-x86_64-cpython-310/typed_ast
      copying typed_ast/ast3.py -> build/lib.linux-x86_64-cpython-310/typed_ast
      copying typed_ast/__init__.py -> build/lib.linux-x86_64-cpython-310/typed_ast
      copying typed_ast/conversions.py -> build/lib.linux-x86_64-cpython-310/typed_ast
      copying typed_ast/ast27.py -> build/lib.linux-x86_64-cpython-310/typed_ast
      creating build/lib.linux-x86_64-cpython-310/typed_ast/tests
      copying ast3/tests/test_basics.py -> build/lib.linux-x86_64-cpython-310/typed_ast/tests
      running build_ext
      building '_ast27' extension
      creating build/temp.linux-x86_64-cpython-310
      creating build/temp.linux-x86_64-cpython-310/ast27
      creating build/temp.linux-x86_64-cpython-310/ast27/Custom
      creating build/temp.linux-x86_64-cpython-310/ast27/Parser
      creating build/temp.linux-x86_64-cpython-310/ast27/Python
      gcc -pthread -Wno-unused-result -Wsign-compare -DNDEBUG -g -fwrapv -O3 -Wall -fPIC -Iast27/Include -I/workdir/tornado-6.2/.tox/cpythonlibtest-unit-test-tests/include -I/usr/local/include/python3.10 -c ast27/Custom/typed_ast.c -o build/temp.linux-x86_64-cpython-310/ast27/Custom/typed_ast.o
      In file included from ast27/Include/Python-ast.h:3,
                       from ast27/Custom/typed_ast.c:2:
      ast27/Include/asdl.h:37:41: error: unknown type name ‘PyArena’
       asdl_seq *asdl_seq_new(Py_ssize_t size, PyArena *arena);
                                               ^~~~~~~
      ast27/Include/asdl.h:38:49: error: unknown type name ‘PyArena’
       asdl_int_seq *asdl_int_seq_new(Py_ssize_t size, PyArena *arena);
                                                       ^~~~~~~
      In file included from ast27/Custom/typed_ast.c:2:
      ast27/Include/Python-ast.h:398:63: error: unknown type name ‘PyArena’
       mod_ty _Ta27_Module(asdl_seq * body, asdl_seq * type_ignores, PyArena *arena);
                                                                     ^~~~~~~
      ast27/Include/Python-ast.h:400:43: error: unknown type name ‘PyArena’
       mod_ty _Ta27_Interactive(asdl_seq * body, PyArena *arena);
                                                 ^~~~~~~
      ast27/Include/Python-ast.h:402:39: error: unknown type name ‘PyArena’
       mod_ty _Ta27_Expression(expr_ty body, PyArena *arena);
                                             ^~~~~~~
      ast27/Include/Python-ast.h:404:65: error: unknown type name ‘PyArena’
       mod_ty _Ta27_FunctionType(asdl_seq * argtypes, expr_ty returns, PyArena *arena);
                                                                       ^~~~~~~
      ast27/Include/Python-ast.h:406:37: error: unknown type name ‘PyArena’
       mod_ty _Ta27_Suite(asdl_seq * body, PyArena *arena);
                                           ^~~~~~~
      ast27/Include/Python-ast.h:409:92: error: unknown type name ‘PyArena’
                                 decorator_list, string type_comment, int lineno, int col_offset, PyArena
                                                                                                  ^~~~~~~
      ast27/Include/Python-ast.h:413:68: error: unknown type name ‘PyArena’
                              decorator_list, int lineno, int col_offset, PyArena *arena);
                                                                          ^~~~~~~
      ast27/Include/Python-ast.h:415:65: error: unknown type name ‘PyArena’
       stmt_ty _Ta27_Return(expr_ty value, int lineno, int col_offset, PyArena *arena);
                                                                       ^~~~~~~
      ast27/Include/Python-ast.h:417:70: error: unknown type name ‘PyArena’
       stmt_ty _Ta27_Delete(asdl_seq * targets, int lineno, int col_offset, PyArena *arena);
                                                                            ^~~~~~~
      ast27/Include/Python-ast.h:420:34: error: unknown type name ‘PyArena’
                            col_offset, PyArena *arena);
                                        ^~~~~~~
      ast27/Include/Python-ast.h:423:25: error: unknown type name ‘PyArena’
                               PyArena *arena);
                               ^~~~~~~
      ast27/Include/Python-ast.h:425:91: error: unknown type name ‘PyArena’
       stmt_ty _Ta27_Print(expr_ty dest, asdl_seq * values, bool nl, int lineno, int col_offset, PyArena
                                                                                                 ^~~~~~~
      ast27/Include/Python-ast.h:429:61: error: unknown type name ‘PyArena’
                         type_comment, int lineno, int col_offset, PyArena *arena);
                                                                   ^~~~~~~
      ast27/Include/Python-ast.h:432:21: error: unknown type name ‘PyArena’
                           PyArena *arena);
                           ^~~~~~~
      ast27/Include/Python-ast.h:435:18: error: unknown type name ‘PyArena’
                        PyArena *arena);
                        ^~~~~~~
      ast27/Include/Python-ast.h:438:62: error: unknown type name ‘PyArena’
                          type_comment, int lineno, int col_offset, PyArena *arena);
                                                                    ^~~~~~~
      ast27/Include/Python-ast.h:440:92: error: unknown type name ‘PyArena’
       stmt_ty _Ta27_Raise(expr_ty type, expr_ty inst, expr_ty tback, int lineno, int col_offset, PyArena
                                                                                                  ^~~~~~~
      ast27/Include/Python-ast.h:444:37: error: unknown type name ‘PyArena’
                               col_offset, PyArena *arena);
                                           ^~~~~~~
      ast27/Include/Python-ast.h:446:93: error: unknown type name ‘PyArena’
       stmt_ty _Ta27_TryFinally(asdl_seq * body, asdl_seq * finalbody, int lineno, int col_offset, PyArena
                                                                                                   ^~~~~~~
      ast27/Include/Python-ast.h:449:77: error: unknown type name ‘PyArena’
       stmt_ty _Ta27_Assert(expr_ty test, expr_ty msg, int lineno, int col_offset, PyArena *arena);
                                                                                   ^~~~~~~
      ast27/Include/Python-ast.h:451:68: error: unknown type name ‘PyArena’
       stmt_ty _Ta27_Import(asdl_seq * names, int lineno, int col_offset, PyArena *arena);
                                                                          ^~~~~~~
      ast27/Include/Python-ast.h:454:38: error: unknown type name ‘PyArena’
                                col_offset, PyArena *arena);
                                            ^~~~~~~
      ast27/Include/Python-ast.h:457:20: error: unknown type name ‘PyArena’
                          PyArena *arena);
                          ^~~~~~~
      ast27/Include/Python-ast.h:459:68: error: unknown type name ‘PyArena’
       stmt_ty _Ta27_Global(asdl_seq * names, int lineno, int col_offset, PyArena *arena);
                                                                          ^~~~~~~
      ast27/Include/Python-ast.h:461:63: error: unknown type name ‘PyArena’
       stmt_ty _Ta27_Expr(expr_ty value, int lineno, int col_offset, PyArena *arena);
                                                                     ^~~~~~~
      ast27/Include/Python-ast.h:463:48: error: unknown type name ‘PyArena’
       stmt_ty _Ta27_Pass(int lineno, int col_offset, PyArena *arena);
                                                      ^~~~~~~
      ast27/Include/Python-ast.h:465:49: error: unknown type name ‘PyArena’
       stmt_ty _Ta27_Break(int lineno, int col_offset, PyArena *arena);
                                                       ^~~~~~~
      ast27/Include/Python-ast.h:467:52: error: unknown type name ‘PyArena’
       stmt_ty _Ta27_Continue(int lineno, int col_offset, PyArena *arena);
                                                          ^~~~~~~
      ast27/Include/Python-ast.h:469:83: error: unknown type name ‘PyArena’
       expr_ty _Ta27_BoolOp(boolop_ty op, asdl_seq * values, int lineno, int col_offset, PyArena *arena);
                                                                                         ^~~~~~~
      ast27/Include/Python-ast.h:472:21: error: unknown type name ‘PyArena’
                           PyArena *arena);
                           ^~~~~~~
      ast27/Include/Python-ast.h:474:83: error: unknown type name ‘PyArena’
       expr_ty _Ta27_UnaryOp(unaryop_ty op, expr_ty operand, int lineno, int col_offset, PyArena *arena);
                                                                                         ^~~~~~~
      ast27/Include/Python-ast.h:476:83: error: unknown type name ‘PyArena’
       expr_ty _Ta27_Lambda(arguments_ty args, expr_ty body, int lineno, int col_offset, PyArena *arena);
                                                                                         ^~~~~~~
      ast27/Include/Python-ast.h:478:93: error: unknown type name ‘PyArena’
       expr_ty _Ta27_IfExp(expr_ty test, expr_ty body, expr_ty orelse, int lineno, int col_offset, PyArena
                                                                                                   ^~~~~~~
      ast27/Include/Python-ast.h:481:84: error: unknown type name ‘PyArena’
       expr_ty _Ta27_Dict(asdl_seq * keys, asdl_seq * values, int lineno, int col_offset, PyArena *arena);
                                                                                          ^~~~~~~
      ast27/Include/Python-ast.h:483:64: error: unknown type name ‘PyArena’
       expr_ty _Ta27_Set(asdl_seq * elts, int lineno, int col_offset, PyArena *arena);
                                                                      ^~~~~~~
      ast27/Include/Python-ast.h:485:88: error: unknown type name ‘PyArena’
       expr_ty _Ta27_ListComp(expr_ty elt, asdl_seq * generators, int lineno, int col_offset, PyArena
                                                                                              ^~~~~~~
      ast27/Include/Python-ast.h:488:87: error: unknown type name ‘PyArena’
       expr_ty _Ta27_SetComp(expr_ty elt, asdl_seq * generators, int lineno, int col_offset, PyArena
                                                                                             ^~~~~~~
      ast27/Include/Python-ast.h:492:36: error: unknown type name ‘PyArena’
                              col_offset, PyArena *arena);
                                          ^~~~~~~
      ast27/Include/Python-ast.h:494:92: error: unknown type name ‘PyArena’
       expr_ty _Ta27_GeneratorExp(expr_ty elt, asdl_seq * generators, int lineno, int col_offset, PyArena
                                                                                                  ^~~~~~~
      ast27/Include/Python-ast.h:497:64: error: unknown type name ‘PyArena’
       expr_ty _Ta27_Yield(expr_ty value, int lineno, int col_offset, PyArena *arena);
                                                                      ^~~~~~~
      ast27/Include/Python-ast.h:500:35: error: unknown type name ‘PyArena’
                             col_offset, PyArena *arena);
                                         ^~~~~~~
      ast27/Include/Python-ast.h:503:56: error: unknown type name ‘PyArena’
                          kwargs, int lineno, int col_offset, PyArena *arena);
                                                              ^~~~~~~
      ast27/Include/Python-ast.h:505:63: error: unknown type name ‘PyArena’
       expr_ty _Ta27_Repr(expr_ty value, int lineno, int col_offset, PyArena *arena);
                                                                     ^~~~~~~
      ast27/Include/Python-ast.h:507:57: error: unknown type name ‘PyArena’
       expr_ty _Ta27_Num(object n, int lineno, int col_offset, PyArena *arena);
                                                               ^~~~~~~
      ast27/Include/Python-ast.h:509:70: error: unknown type name ‘PyArena’
       expr_ty _Ta27_Str(string s, string kind, int lineno, int col_offset, PyArena *arena);
                                                                            ^~~~~~~
      ast27/Include/Python-ast.h:512:37: error: unknown type name ‘PyArena’
                               col_offset, PyArena *arena);
                                           ^~~~~~~
      ast27/Include/Python-ast.h:515:37: error: unknown type name ‘PyArena’
                               col_offset, PyArena *arena);
                                           ^~~~~~~
      ast27/Include/Python-ast.h:517:84: error: unknown type name ‘PyArena’
       expr_ty _Ta27_Name(identifier id, expr_context_ty ctx, int lineno, int col_offset, PyArena *arena);
                                                                                          ^~~~~~~
      ast27/Include/Python-ast.h:519:86: error: unknown type name ‘PyArena’
       expr_ty _Ta27_List(asdl_seq * elts, expr_context_ty ctx, int lineno, int col_offset, PyArena
                                                                                            ^~~~~~~
      ast27/Include/Python-ast.h:522:87: error: unknown type name ‘PyArena’
       expr_ty _Ta27_Tuple(asdl_seq * elts, expr_context_ty ctx, int lineno, int col_offset, PyArena
                                                                                             ^~~~~~~
      ast27/Include/Python-ast.h:525:25: error: unknown type name ‘PyArena’
       slice_ty _Ta27_Ellipsis(PyArena *arena);
                               ^~~~~~~
      ast27/Include/Python-ast.h:527:66: error: unknown type name ‘PyArena’
       slice_ty _Ta27_Slice(expr_ty lower, expr_ty upper, expr_ty step, PyArena *arena);
                                                                        ^~~~~~~
      ast27/Include/Python-ast.h:529:42: error: unknown type name ‘PyArena’
       slice_ty _Ta27_ExtSlice(asdl_seq * dims, PyArena *arena);
                                                ^~~~~~~
      ast27/Include/Python-ast.h:531:37: error: unknown type name ‘PyArena’
       slice_ty _Ta27_Index(expr_ty value, PyArena *arena);
                                           ^~~~~~~
      ast27/Include/Python-ast.h:533:84: error: unknown type name ‘PyArena’
       comprehension_ty _Ta27_comprehension(expr_ty target, expr_ty iter, asdl_seq * ifs, PyArena *arena);
                                                                                          ^~~~~~~
      ast27/Include/Python-ast.h:536:50: error: unknown type name ‘PyArena’
                                            col_offset, PyArena *arena);
                                                        ^~~~~~~
      ast27/Include/Python-ast.h:539:66: error: unknown type name ‘PyArena’
                                    defaults, asdl_seq * type_comments, PyArena *arena);
                                                                        ^~~~~~~
      ast27/Include/Python-ast.h:541:57: error: unknown type name ‘PyArena’
       keyword_ty _Ta27_keyword(identifier arg, expr_ty value, PyArena *arena);
                                                               ^~~~~~~
      ast27/Include/Python-ast.h:543:58: error: unknown type name ‘PyArena’
       alias_ty _Ta27_alias(identifier name, identifier asname, PyArena *arena);
                                                                ^~~~~~~
      ast27/Include/Python-ast.h:545:57: error: unknown type name ‘PyArena’
       type_ignore_ty _Ta27_TypeIgnore(int lineno, string tag, PyArena *arena);
                                                               ^~~~~~~
      ast27/Include/Python-ast.h:548:39: error: unknown type name ‘PyArena’
       mod_ty Ta27AST_obj2mod(PyObject* ast, PyArena* arena, int mode);
                                             ^~~~~~~
      In file included from ast27/Custom/typed_ast.c:7:
      ast27/Include/ast.h:8:21: error: unknown type name ‘PyArena’
             const char *, PyArena *);
                           ^~~~~~~
      ast27/Custom/typed_ast.c:210:54: error: unknown type name ‘PyArena’
                                    PyCompilerFlags *flags, PyArena *arena)
                                                            ^~~~~~~
      ast27/Custom/typed_ast.c: In function ‘string_object_to_py_ast’:
      ast27/Custom/typed_ast.c:244:5: error: unknown type name ‘PyArena’
           PyArena *arena = PyArena_New();
           ^~~~~~~
      ast27/Custom/typed_ast.c:244:22: warning: implicit declaration of function ‘PyArena_New’; did you mean ‘PyGen_New’? [-Wimplicit-function-declaration]
           PyArena *arena = PyArena_New();
                            ^~~~~~~~~~~
                            PyGen_New
      ast27/Custom/typed_ast.c:244:22: warning: initialization of ‘int *’ from ‘int’ makes pointer from integer without a cast [-Wint-conversion]
      ast27/Custom/typed_ast.c:248:11: warning: implicit declaration of function ‘string_object_to_c_ast’; did you mean ‘string_object_to_py_ast’? [-Wimplicit-function-declaration]
           mod = string_object_to_c_ast(str, filename, start, flags, arena);
                 ^~~~~~~~~~~~~~~~~~~~~~
                 string_object_to_py_ast
      ast27/Custom/typed_ast.c:248:9: warning: assignment to ‘mod_ty’ {aka ‘struct _mod *’} from ‘int’ makes pointer from integer without a cast [-Wint-conversion]
           mod = string_object_to_c_ast(str, filename, start, flags, arena);
               ^
      ast27/Custom/typed_ast.c:250:9: warning: implicit declaration of function ‘PyArena_Free’; did you mean ‘PyMem_Free’? [-Wimplicit-function-declaration]
               PyArena_Free(arena);
               ^~~~~~~~~~~~
               PyMem_Free
      At top level:
      ast27/Custom/typed_ast.c:201:1: warning: ‘err_free’ defined but not used [-Wunused-function]
       err_free(perrdetail *err)
       ^~~~~~~~
      ast27/Custom/typed_ast.c:81:1: warning: ‘err_input’ defined but not used [-Wunused-function]
       err_input(perrdetail *err)
       ^~~~~~~~~
      ast27/Custom/typed_ast.c:66:12: warning: ‘PARSER_FLAGS’ defined but not used [-Wunused-function]
       static int PARSER_FLAGS(PyCompilerFlags *flags)
                  ^~~~~~~~~~~~
      error: command '/usr/bin/gcc' failed with exit code 1
      [end of output]
  
  note: This error originates from a subprocess, and is likely not a problem with pip.
  ERROR: Failed building wheel for typed-ast
  Running setup.py clean for typed-ast
  Building wheel for psycopg2 (setup.py): started
  Building wheel for psycopg2 (setup.py): finished with status 'done'
  Created wheel for psycopg2: filename=psycopg2-2.9.9-cp310-cp310-linux_x86_64.whl size=535155 sha256=d2d34f2e84f52e290ee26568292bc617e71995cc8620aeae3fe392250f92eddf
  Stored in directory: /workdir/.cache/pip/wheels/7d/75/13/da1c6d88687ae81bf5e3cfa07d702981ba137963163472b050
Successfully built black regex psycopg2
Failed to build typed-ast
ERROR: Could not build wheels for typed-ast, which is required to install pyproject.toml-based projects

=================================== log end ====================================
ERROR: could not install deps [mock, pytest, -rmaint/requirements.txt, -rdemos/blog/requirements.txt]; v = InvocationError('/workdir/tornado-6.2/.tox/cpythonlibtest-unit-test-tests/bin/python -m pip install mock pytest -rmaint/requirements.txt -rdemos/blog/requirements.txt', 1)
___________________________________ summary ____________________________________
ERROR:   cpythonlibtest-unit-test-tests: could not install deps [mock, pytest, -rmaint/requirements.txt, -rdemos/blog/requirements.txt]; v = InvocationError('/workdir/tornado-6.2/.tox/cpythonlibtest-unit-test-tests/bin/python -m pip install mock pytest -rmaint/requirements.txt -rdemos/blog/requirements.txt', 1)
