<?xml version="1.0" encoding="utf-8"?><testsuites><testsuite name="pytest" errors="129" failures="0" skipped="0" tests="129" time="0.408" timestamp="2023-11-21T20:18:12.109009" hostname="80ac3eb7f7f2"><testcase classname="tests.test_flake8_comprehensions" name="test_version" time="0.001"><error message="failed on setup with &quot;file /workdir/flake8-comprehensions-3.11.1/tests/test_flake8_comprehensions.py, line 28&#10;  def test_version(flake8_path):&#10;file /workdir/flake8-comprehensions-3.11.1/tests/test_flake8_comprehensions.py, line 15&#10;  @pytest.fixture&#10;  def flake8_path(flake8_path):&#10;E       recursive dependency involving fixture 'flake8_path' detected&#10;&gt;       available fixtures: cache, capfd, capfdbinary, caplog, capsys, capsysbinary, doctest_namespace, flake8_path, monkeypatch, pytestconfig, record_property, record_testsuite_property, record_xml_attribute, recwarn, tmp_path, tmp_path_factory, tmpdir, tmpdir_factory&#10;&gt;       use 'pytest --fixtures [testpath]' for help on them.&#10;&#10;/workdir/flake8-comprehensions-3.11.1/tests/test_flake8_comprehensions.py:15&quot;">file /workdir/flake8-comprehensions-3.11.1/tests/test_flake8_comprehensions.py, line 28
  def test_version(flake8_path):
file /workdir/flake8-comprehensions-3.11.1/tests/test_flake8_comprehensions.py, line 15
  @pytest.fixture
  def flake8_path(flake8_path):
E       recursive dependency involving fixture 'flake8_path' detected
&gt;       available fixtures: cache, capfd, capfdbinary, caplog, capsys, capsysbinary, doctest_namespace, flake8_path, monkeypatch, pytestconfig, record_property, record_testsuite_property, record_xml_attribute, recwarn, tmp_path, tmp_path_factory, tmpdir, tmpdir_factory
&gt;       use 'pytest --fixtures [testpath]' for help on them.

/workdir/flake8-comprehensions-3.11.1/tests/test_flake8_comprehensions.py:15</error></testcase><testcase classname="tests.test_flake8_comprehensions" name="test_C400_pass[foo = [x + 1 for x in range(10)]]" time="0.000"><error message="failed on setup with &quot;file /workdir/flake8-comprehensions-3.11.1/tests/test_flake8_comprehensions.py, line 35&#10;  @pytest.mark.parametrize(&#10;      &quot;code&quot;,&#10;      [&#10;          &quot;foo = [x + 1 for x in range(10)]&quot;,&#10;      ],&#10;  )&#10;  def test_C400_pass(code, flake8_path):&#10;file /workdir/flake8-comprehensions-3.11.1/tests/test_flake8_comprehensions.py, line 15&#10;  @pytest.fixture&#10;  def flake8_path(flake8_path):&#10;E       recursive dependency involving fixture 'flake8_path' detected&#10;&gt;       available fixtures: cache, capfd, capfdbinary, caplog, capsys, capsysbinary, doctest_namespace, flake8_path, monkeypatch, pytestconfig, record_property, record_testsuite_property, record_xml_attribute, recwarn, tmp_path, tmp_path_factory, tmpdir, tmpdir_factory&#10;&gt;       use 'pytest --fixtures [testpath]' for help on them.&#10;&#10;/workdir/flake8-comprehensions-3.11.1/tests/test_flake8_comprehensions.py:15&quot;">file /workdir/flake8-comprehensions-3.11.1/tests/test_flake8_comprehensions.py, line 35
  @pytest.mark.parametrize(
      "code",
      [
          "foo = [x + 1 for x in range(10)]",
      ],
  )
  def test_C400_pass(code, flake8_path):
file /workdir/flake8-comprehensions-3.11.1/tests/test_flake8_comprehensions.py, line 15
  @pytest.fixture
  def flake8_path(flake8_path):
E       recursive dependency involving fixture 'flake8_path' detected
&gt;       available fixtures: cache, capfd, capfdbinary, caplog, capsys, capsysbinary, doctest_namespace, flake8_path, monkeypatch, pytestconfig, record_property, record_testsuite_property, record_xml_attribute, recwarn, tmp_path, tmp_path_factory, tmpdir, tmpdir_factory
&gt;       use 'pytest --fixtures [testpath]' for help on them.

/workdir/flake8-comprehensions-3.11.1/tests/test_flake8_comprehensions.py:15</error></testcase><testcase classname="tests.test_flake8_comprehensions" name="test_C400_fail[foo = list(x + 1 for x in range(10))-failures0]" time="0.000"><error message="failed on setup with &quot;file /workdir/flake8-comprehensions-3.11.1/tests/test_flake8_comprehensions.py, line 47&#10;  @pytest.mark.parametrize(&#10;      &quot;code,failures&quot;,&#10;      [&#10;          (&#10;              &quot;foo = list(x + 1 for x in range(10))&quot;,&#10;              [&#10;                  &quot;./example.py:1:7: C400 Unnecessary generator - rewrite as a list &quot;&#10;                  + &quot;comprehension.&quot;&#10;              ],&#10;          ),&#10;          (&#10;              &quot;&quot;&quot;\&#10;              foobar = list(&#10;                  str(x)&#10;                  for x&#10;                  in range(10)&#10;              )&#10;              &quot;&quot;&quot;,&#10;              [&#10;                  &quot;./example.py:1:10: C400 Unnecessary generator - rewrite as a list &quot;&#10;                  + &quot;comprehension.&quot;&#10;              ],&#10;          ),&#10;      ],&#10;  )&#10;  def test_C400_fail(code, failures, flake8_path):&#10;file /workdir/flake8-comprehensions-3.11.1/tests/test_flake8_comprehensions.py, line 15&#10;  @pytest.fixture&#10;  def flake8_path(flake8_path):&#10;E       recursive dependency involving fixture 'flake8_path' detected&#10;&gt;       available fixtures: cache, capfd, capfdbinary, caplog, capsys, capsysbinary, doctest_namespace, flake8_path, monkeypatch, pytestconfig, record_property, record_testsuite_property, record_xml_attribute, recwarn, tmp_path, tmp_path_factory, tmpdir, tmpdir_factory&#10;&gt;       use 'pytest --fixtures [testpath]' for help on them.&#10;&#10;/workdir/flake8-comprehensions-3.11.1/tests/test_flake8_comprehensions.py:15&quot;">file /workdir/flake8-comprehensions-3.11.1/tests/test_flake8_comprehensions.py, line 47
  @pytest.mark.parametrize(
      "code,failures",
      [
          (
              "foo = list(x + 1 for x in range(10))",
              [
                  "./example.py:1:7: C400 Unnecessary generator - rewrite as a list "
                  + "comprehension."
              ],
          ),
          (
              """\
              foobar = list(
                  str(x)
                  for x
                  in range(10)
              )
              """,
              [
                  "./example.py:1:10: C400 Unnecessary generator - rewrite as a list "
                  + "comprehension."
              ],
          ),
      ],
  )
  def test_C400_fail(code, failures, flake8_path):
file /workdir/flake8-comprehensions-3.11.1/tests/test_flake8_comprehensions.py, line 15
  @pytest.fixture
  def flake8_path(flake8_path):
E       recursive dependency involving fixture 'flake8_path' detected
&gt;       available fixtures: cache, capfd, capfdbinary, caplog, capsys, capsysbinary, doctest_namespace, flake8_path, monkeypatch, pytestconfig, record_property, record_testsuite_property, record_xml_attribute, recwarn, tmp_path, tmp_path_factory, tmpdir, tmpdir_factory
&gt;       use 'pytest --fixtures [testpath]' for help on them.

/workdir/flake8-comprehensions-3.11.1/tests/test_flake8_comprehensions.py:15</error></testcase><testcase classname="tests.test_flake8_comprehensions" name="test_C400_fail[            foobar = list(\n                str(x)\n                for x\n                in range(10)\n            )\n            -failures1]" time="0.000"><error message="failed on setup with &quot;file /workdir/flake8-comprehensions-3.11.1/tests/test_flake8_comprehensions.py, line 47&#10;  @pytest.mark.parametrize(&#10;      &quot;code,failures&quot;,&#10;      [&#10;          (&#10;              &quot;foo = list(x + 1 for x in range(10))&quot;,&#10;              [&#10;                  &quot;./example.py:1:7: C400 Unnecessary generator - rewrite as a list &quot;&#10;                  + &quot;comprehension.&quot;&#10;              ],&#10;          ),&#10;          (&#10;              &quot;&quot;&quot;\&#10;              foobar = list(&#10;                  str(x)&#10;                  for x&#10;                  in range(10)&#10;              )&#10;              &quot;&quot;&quot;,&#10;              [&#10;                  &quot;./example.py:1:10: C400 Unnecessary generator - rewrite as a list &quot;&#10;                  + &quot;comprehension.&quot;&#10;              ],&#10;          ),&#10;      ],&#10;  )&#10;  def test_C400_fail(code, failures, flake8_path):&#10;file /workdir/flake8-comprehensions-3.11.1/tests/test_flake8_comprehensions.py, line 15&#10;  @pytest.fixture&#10;  def flake8_path(flake8_path):&#10;E       recursive dependency involving fixture 'flake8_path' detected&#10;&gt;       available fixtures: cache, capfd, capfdbinary, caplog, capsys, capsysbinary, doctest_namespace, flake8_path, monkeypatch, pytestconfig, record_property, record_testsuite_property, record_xml_attribute, recwarn, tmp_path, tmp_path_factory, tmpdir, tmpdir_factory&#10;&gt;       use 'pytest --fixtures [testpath]' for help on them.&#10;&#10;/workdir/flake8-comprehensions-3.11.1/tests/test_flake8_comprehensions.py:15&quot;">file /workdir/flake8-comprehensions-3.11.1/tests/test_flake8_comprehensions.py, line 47
  @pytest.mark.parametrize(
      "code,failures",
      [
          (
              "foo = list(x + 1 for x in range(10))",
              [
                  "./example.py:1:7: C400 Unnecessary generator - rewrite as a list "
                  + "comprehension."
              ],
          ),
          (
              """\
              foobar = list(
                  str(x)
                  for x
                  in range(10)
              )
              """,
              [
                  "./example.py:1:10: C400 Unnecessary generator - rewrite as a list "
                  + "comprehension."
              ],
          ),
      ],
  )
  def test_C400_fail(code, failures, flake8_path):
file /workdir/flake8-comprehensions-3.11.1/tests/test_flake8_comprehensions.py, line 15
  @pytest.fixture
  def flake8_path(flake8_path):
E       recursive dependency involving fixture 'flake8_path' detected
&gt;       available fixtures: cache, capfd, capfdbinary, caplog, capsys, capsysbinary, doctest_namespace, flake8_path, monkeypatch, pytestconfig, record_property, record_testsuite_property, record_xml_attribute, recwarn, tmp_path, tmp_path_factory, tmpdir, tmpdir_factory
&gt;       use 'pytest --fixtures [testpath]' for help on them.

/workdir/flake8-comprehensions-3.11.1/tests/test_flake8_comprehensions.py:15</error></testcase><testcase classname="tests.test_flake8_comprehensions" name="test_C401_pass[foo = {x + 1 for x in range(10)}]" time="0.000"><error message="failed on setup with &quot;file /workdir/flake8-comprehensions-3.11.1/tests/test_flake8_comprehensions.py, line 78&#10;  @pytest.mark.parametrize(&#10;      &quot;code&quot;,&#10;      [&#10;          &quot;foo = {x + 1 for x in range(10)}&quot;,&#10;      ],&#10;  )&#10;  def test_C401_pass(code, flake8_path):&#10;file /workdir/flake8-comprehensions-3.11.1/tests/test_flake8_comprehensions.py, line 15&#10;  @pytest.fixture&#10;  def flake8_path(flake8_path):&#10;E       recursive dependency involving fixture 'flake8_path' detected&#10;&gt;       available fixtures: cache, capfd, capfdbinary, caplog, capsys, capsysbinary, doctest_namespace, flake8_path, monkeypatch, pytestconfig, record_property, record_testsuite_property, record_xml_attribute, recwarn, tmp_path, tmp_path_factory, tmpdir, tmpdir_factory&#10;&gt;       use 'pytest --fixtures [testpath]' for help on them.&#10;&#10;/workdir/flake8-comprehensions-3.11.1/tests/test_flake8_comprehensions.py:15&quot;">file /workdir/flake8-comprehensions-3.11.1/tests/test_flake8_comprehensions.py, line 78
  @pytest.mark.parametrize(
      "code",
      [
          "foo = {x + 1 for x in range(10)}",
      ],
  )
  def test_C401_pass(code, flake8_path):
file /workdir/flake8-comprehensions-3.11.1/tests/test_flake8_comprehensions.py, line 15
  @pytest.fixture
  def flake8_path(flake8_path):
E       recursive dependency involving fixture 'flake8_path' detected
&gt;       available fixtures: cache, capfd, capfdbinary, caplog, capsys, capsysbinary, doctest_namespace, flake8_path, monkeypatch, pytestconfig, record_property, record_testsuite_property, record_xml_attribute, recwarn, tmp_path, tmp_path_factory, tmpdir, tmpdir_factory
&gt;       use 'pytest --fixtures [testpath]' for help on them.

/workdir/flake8-comprehensions-3.11.1/tests/test_flake8_comprehensions.py:15</error></testcase><testcase classname="tests.test_flake8_comprehensions" name="test_C401_fail[foo = set(x + 1 for x in range(10))-failures0]" time="0.001"><error message="failed on setup with &quot;file /workdir/flake8-comprehensions-3.11.1/tests/test_flake8_comprehensions.py, line 90&#10;  @pytest.mark.parametrize(&#10;      &quot;code,failures&quot;,&#10;      [&#10;          (&#10;              &quot;foo = set(x + 1 for x in range(10))&quot;,&#10;              [&#10;                  &quot;./example.py:1:7: C401 Unnecessary generator - rewrite as a set &quot;&#10;                  + &quot;comprehension.&quot;&#10;              ],&#10;          ),&#10;          (&#10;              &quot;&quot;&quot;\&#10;              foobar = set(&#10;                  str(x) for x&#10;                  in range(10)&#10;              )&#10;              &quot;&quot;&quot;,&#10;              [&#10;                  &quot;./example.py:1:10: C401 Unnecessary generator - rewrite as a set &quot;&#10;                  + &quot;comprehension.&quot;&#10;              ],&#10;          ),&#10;      ],&#10;  )&#10;  def test_C401_fail(code, failures, flake8_path):&#10;file /workdir/flake8-comprehensions-3.11.1/tests/test_flake8_comprehensions.py, line 15&#10;  @pytest.fixture&#10;  def flake8_path(flake8_path):&#10;E       recursive dependency involving fixture 'flake8_path' detected&#10;&gt;       available fixtures: cache, capfd, capfdbinary, caplog, capsys, capsysbinary, doctest_namespace, flake8_path, monkeypatch, pytestconfig, record_property, record_testsuite_property, record_xml_attribute, recwarn, tmp_path, tmp_path_factory, tmpdir, tmpdir_factory&#10;&gt;       use 'pytest --fixtures [testpath]' for help on them.&#10;&#10;/workdir/flake8-comprehensions-3.11.1/tests/test_flake8_comprehensions.py:15&quot;">file /workdir/flake8-comprehensions-3.11.1/tests/test_flake8_comprehensions.py, line 90
  @pytest.mark.parametrize(
      "code,failures",
      [
          (
              "foo = set(x + 1 for x in range(10))",
              [
                  "./example.py:1:7: C401 Unnecessary generator - rewrite as a set "
                  + "comprehension."
              ],
          ),
          (
              """\
              foobar = set(
                  str(x) for x
                  in range(10)
              )
              """,
              [
                  "./example.py:1:10: C401 Unnecessary generator - rewrite as a set "
                  + "comprehension."
              ],
          ),
      ],
  )
  def test_C401_fail(code, failures, flake8_path):
file /workdir/flake8-comprehensions-3.11.1/tests/test_flake8_comprehensions.py, line 15
  @pytest.fixture
  def flake8_path(flake8_path):
E       recursive dependency involving fixture 'flake8_path' detected
&gt;       available fixtures: cache, capfd, capfdbinary, caplog, capsys, capsysbinary, doctest_namespace, flake8_path, monkeypatch, pytestconfig, record_property, record_testsuite_property, record_xml_attribute, recwarn, tmp_path, tmp_path_factory, tmpdir, tmpdir_factory
&gt;       use 'pytest --fixtures [testpath]' for help on them.

/workdir/flake8-comprehensions-3.11.1/tests/test_flake8_comprehensions.py:15</error></testcase><testcase classname="tests.test_flake8_comprehensions" name="test_C401_fail[            foobar = set(\n                str(x) for x\n                in range(10)\n            )\n            -failures1]" time="0.001"><error message="failed on setup with &quot;file /workdir/flake8-comprehensions-3.11.1/tests/test_flake8_comprehensions.py, line 90&#10;  @pytest.mark.parametrize(&#10;      &quot;code,failures&quot;,&#10;      [&#10;          (&#10;              &quot;foo = set(x + 1 for x in range(10))&quot;,&#10;              [&#10;                  &quot;./example.py:1:7: C401 Unnecessary generator - rewrite as a set &quot;&#10;                  + &quot;comprehension.&quot;&#10;              ],&#10;          ),&#10;          (&#10;              &quot;&quot;&quot;\&#10;              foobar = set(&#10;                  str(x) for x&#10;                  in range(10)&#10;              )&#10;              &quot;&quot;&quot;,&#10;              [&#10;                  &quot;./example.py:1:10: C401 Unnecessary generator - rewrite as a set &quot;&#10;                  + &quot;comprehension.&quot;&#10;              ],&#10;          ),&#10;      ],&#10;  )&#10;  def test_C401_fail(code, failures, flake8_path):&#10;file /workdir/flake8-comprehensions-3.11.1/tests/test_flake8_comprehensions.py, line 15&#10;  @pytest.fixture&#10;  def flake8_path(flake8_path):&#10;E       recursive dependency involving fixture 'flake8_path' detected&#10;&gt;       available fixtures: cache, capfd, capfdbinary, caplog, capsys, capsysbinary, doctest_namespace, flake8_path, monkeypatch, pytestconfig, record_property, record_testsuite_property, record_xml_attribute, recwarn, tmp_path, tmp_path_factory, tmpdir, tmpdir_factory&#10;&gt;       use 'pytest --fixtures [testpath]' for help on them.&#10;&#10;/workdir/flake8-comprehensions-3.11.1/tests/test_flake8_comprehensions.py:15&quot;">file /workdir/flake8-comprehensions-3.11.1/tests/test_flake8_comprehensions.py, line 90
  @pytest.mark.parametrize(
      "code,failures",
      [
          (
              "foo = set(x + 1 for x in range(10))",
              [
                  "./example.py:1:7: C401 Unnecessary generator - rewrite as a set "
                  + "comprehension."
              ],
          ),
          (
              """\
              foobar = set(
                  str(x) for x
                  in range(10)
              )
              """,
              [
                  "./example.py:1:10: C401 Unnecessary generator - rewrite as a set "
                  + "comprehension."
              ],
          ),
      ],
  )
  def test_C401_fail(code, failures, flake8_path):
file /workdir/flake8-comprehensions-3.11.1/tests/test_flake8_comprehensions.py, line 15
  @pytest.fixture
  def flake8_path(flake8_path):
E       recursive dependency involving fixture 'flake8_path' detected
&gt;       available fixtures: cache, capfd, capfdbinary, caplog, capsys, capsysbinary, doctest_namespace, flake8_path, monkeypatch, pytestconfig, record_property, record_testsuite_property, record_xml_attribute, recwarn, tmp_path, tmp_path_factory, tmpdir, tmpdir_factory
&gt;       use 'pytest --fixtures [testpath]' for help on them.

/workdir/flake8-comprehensions-3.11.1/tests/test_flake8_comprehensions.py:15</error></testcase><testcase classname="tests.test_flake8_comprehensions" name="test_C402_pass[foo = {x: str(x) for x in range(10)}]" time="0.001"><error message="failed on setup with &quot;file /workdir/flake8-comprehensions-3.11.1/tests/test_flake8_comprehensions.py, line 120&#10;  @pytest.mark.parametrize(&#10;      &quot;code&quot;,&#10;      [&#10;          &quot;foo = {x: str(x) for x in range(10)}&quot;,&#10;          &quot;&quot;&quot;\&#10;          foo = ['a=1', 'b=2', 'c=3']&#10;          dict(pair.split('=') for pair in foo)&#10;          &quot;&quot;&quot;,&#10;          &quot;&quot;&quot;\&#10;          foo = [('a', 1), ('b', 2), ('c', 3)]&#10;          dict(pair for pair in foo if pair[1] % 2 == 0)&#10;          &quot;&quot;&quot;,&#10;          # Previously a false positive:&#10;          &quot;dict(((x, str(x)) for x in range(10)), c=1)&quot;,&#10;      ],&#10;  )&#10;  def test_C402_pass(code, flake8_path):&#10;file /workdir/flake8-comprehensions-3.11.1/tests/test_flake8_comprehensions.py, line 15&#10;  @pytest.fixture&#10;  def flake8_path(flake8_path):&#10;E       recursive dependency involving fixture 'flake8_path' detected&#10;&gt;       available fixtures: cache, capfd, capfdbinary, caplog, capsys, capsysbinary, doctest_namespace, flake8_path, monkeypatch, pytestconfig, record_property, record_testsuite_property, record_xml_attribute, recwarn, tmp_path, tmp_path_factory, tmpdir, tmpdir_factory&#10;&gt;       use 'pytest --fixtures [testpath]' for help on them.&#10;&#10;/workdir/flake8-comprehensions-3.11.1/tests/test_flake8_comprehensions.py:15&quot;">file /workdir/flake8-comprehensions-3.11.1/tests/test_flake8_comprehensions.py, line 120
  @pytest.mark.parametrize(
      "code",
      [
          "foo = {x: str(x) for x in range(10)}",
          """\
          foo = ['a=1', 'b=2', 'c=3']
          dict(pair.split('=') for pair in foo)
          """,
          """\
          foo = [('a', 1), ('b', 2), ('c', 3)]
          dict(pair for pair in foo if pair[1] % 2 == 0)
          """,
          # Previously a false positive:
          "dict(((x, str(x)) for x in range(10)), c=1)",
      ],
  )
  def test_C402_pass(code, flake8_path):
file /workdir/flake8-comprehensions-3.11.1/tests/test_flake8_comprehensions.py, line 15
  @pytest.fixture
  def flake8_path(flake8_path):
E       recursive dependency involving fixture 'flake8_path' detected
&gt;       available fixtures: cache, capfd, capfdbinary, caplog, capsys, capsysbinary, doctest_namespace, flake8_path, monkeypatch, pytestconfig, record_property, record_testsuite_property, record_xml_attribute, recwarn, tmp_path, tmp_path_factory, tmpdir, tmpdir_factory
&gt;       use 'pytest --fixtures [testpath]' for help on them.

/workdir/flake8-comprehensions-3.11.1/tests/test_flake8_comprehensions.py:15</error></testcase><testcase classname="tests.test_flake8_comprehensions" name="test_C402_pass[        foo = ['a=1', 'b=2', 'c=3']\n        dict(pair.split('=') for pair in foo)\n        ]" time="0.000"><error message="failed on setup with &quot;file /workdir/flake8-comprehensions-3.11.1/tests/test_flake8_comprehensions.py, line 120&#10;  @pytest.mark.parametrize(&#10;      &quot;code&quot;,&#10;      [&#10;          &quot;foo = {x: str(x) for x in range(10)}&quot;,&#10;          &quot;&quot;&quot;\&#10;          foo = ['a=1', 'b=2', 'c=3']&#10;          dict(pair.split('=') for pair in foo)&#10;          &quot;&quot;&quot;,&#10;          &quot;&quot;&quot;\&#10;          foo = [('a', 1), ('b', 2), ('c', 3)]&#10;          dict(pair for pair in foo if pair[1] % 2 == 0)&#10;          &quot;&quot;&quot;,&#10;          # Previously a false positive:&#10;          &quot;dict(((x, str(x)) for x in range(10)), c=1)&quot;,&#10;      ],&#10;  )&#10;  def test_C402_pass(code, flake8_path):&#10;file /workdir/flake8-comprehensions-3.11.1/tests/test_flake8_comprehensions.py, line 15&#10;  @pytest.fixture&#10;  def flake8_path(flake8_path):&#10;E       recursive dependency involving fixture 'flake8_path' detected&#10;&gt;       available fixtures: cache, capfd, capfdbinary, caplog, capsys, capsysbinary, doctest_namespace, flake8_path, monkeypatch, pytestconfig, record_property, record_testsuite_property, record_xml_attribute, recwarn, tmp_path, tmp_path_factory, tmpdir, tmpdir_factory&#10;&gt;       use 'pytest --fixtures [testpath]' for help on them.&#10;&#10;/workdir/flake8-comprehensions-3.11.1/tests/test_flake8_comprehensions.py:15&quot;">file /workdir/flake8-comprehensions-3.11.1/tests/test_flake8_comprehensions.py, line 120
  @pytest.mark.parametrize(
      "code",
      [
          "foo = {x: str(x) for x in range(10)}",
          """\
          foo = ['a=1', 'b=2', 'c=3']
          dict(pair.split('=') for pair in foo)
          """,
          """\
          foo = [('a', 1), ('b', 2), ('c', 3)]
          dict(pair for pair in foo if pair[1] % 2 == 0)
          """,
          # Previously a false positive:
          "dict(((x, str(x)) for x in range(10)), c=1)",
      ],
  )
  def test_C402_pass(code, flake8_path):
file /workdir/flake8-comprehensions-3.11.1/tests/test_flake8_comprehensions.py, line 15
  @pytest.fixture
  def flake8_path(flake8_path):
E       recursive dependency involving fixture 'flake8_path' detected
&gt;       available fixtures: cache, capfd, capfdbinary, caplog, capsys, capsysbinary, doctest_namespace, flake8_path, monkeypatch, pytestconfig, record_property, record_testsuite_property, record_xml_attribute, recwarn, tmp_path, tmp_path_factory, tmpdir, tmpdir_factory
&gt;       use 'pytest --fixtures [testpath]' for help on them.

/workdir/flake8-comprehensions-3.11.1/tests/test_flake8_comprehensions.py:15</error></testcase><testcase classname="tests.test_flake8_comprehensions" name="test_C402_pass[        foo = [('a', 1), ('b', 2), ('c', 3)]\n        dict(pair for pair in foo if pair[1] % 2 == 0)\n        ]" time="0.000"><error message="failed on setup with &quot;file /workdir/flake8-comprehensions-3.11.1/tests/test_flake8_comprehensions.py, line 120&#10;  @pytest.mark.parametrize(&#10;      &quot;code&quot;,&#10;      [&#10;          &quot;foo = {x: str(x) for x in range(10)}&quot;,&#10;          &quot;&quot;&quot;\&#10;          foo = ['a=1', 'b=2', 'c=3']&#10;          dict(pair.split('=') for pair in foo)&#10;          &quot;&quot;&quot;,&#10;          &quot;&quot;&quot;\&#10;          foo = [('a', 1), ('b', 2), ('c', 3)]&#10;          dict(pair for pair in foo if pair[1] % 2 == 0)&#10;          &quot;&quot;&quot;,&#10;          # Previously a false positive:&#10;          &quot;dict(((x, str(x)) for x in range(10)), c=1)&quot;,&#10;      ],&#10;  )&#10;  def test_C402_pass(code, flake8_path):&#10;file /workdir/flake8-comprehensions-3.11.1/tests/test_flake8_comprehensions.py, line 15&#10;  @pytest.fixture&#10;  def flake8_path(flake8_path):&#10;E       recursive dependency involving fixture 'flake8_path' detected&#10;&gt;       available fixtures: cache, capfd, capfdbinary, caplog, capsys, capsysbinary, doctest_namespace, flake8_path, monkeypatch, pytestconfig, record_property, record_testsuite_property, record_xml_attribute, recwarn, tmp_path, tmp_path_factory, tmpdir, tmpdir_factory&#10;&gt;       use 'pytest --fixtures [testpath]' for help on them.&#10;&#10;/workdir/flake8-comprehensions-3.11.1/tests/test_flake8_comprehensions.py:15&quot;">file /workdir/flake8-comprehensions-3.11.1/tests/test_flake8_comprehensions.py, line 120
  @pytest.mark.parametrize(
      "code",
      [
          "foo = {x: str(x) for x in range(10)}",
          """\
          foo = ['a=1', 'b=2', 'c=3']
          dict(pair.split('=') for pair in foo)
          """,
          """\
          foo = [('a', 1), ('b', 2), ('c', 3)]
          dict(pair for pair in foo if pair[1] % 2 == 0)
          """,
          # Previously a false positive:
          "dict(((x, str(x)) for x in range(10)), c=1)",
      ],
  )
  def test_C402_pass(code, flake8_path):
file /workdir/flake8-comprehensions-3.11.1/tests/test_flake8_comprehensions.py, line 15
  @pytest.fixture
  def flake8_path(flake8_path):
E       recursive dependency involving fixture 'flake8_path' detected
&gt;       available fixtures: cache, capfd, capfdbinary, caplog, capsys, capsysbinary, doctest_namespace, flake8_path, monkeypatch, pytestconfig, record_property, record_testsuite_property, record_xml_attribute, recwarn, tmp_path, tmp_path_factory, tmpdir, tmpdir_factory
&gt;       use 'pytest --fixtures [testpath]' for help on them.

/workdir/flake8-comprehensions-3.11.1/tests/test_flake8_comprehensions.py:15</error></testcase><testcase classname="tests.test_flake8_comprehensions" name="test_C402_pass[dict(((x, str(x)) for x in range(10)), c=1)]" time="0.000"><error message="failed on setup with &quot;file /workdir/flake8-comprehensions-3.11.1/tests/test_flake8_comprehensions.py, line 120&#10;  @pytest.mark.parametrize(&#10;      &quot;code&quot;,&#10;      [&#10;          &quot;foo = {x: str(x) for x in range(10)}&quot;,&#10;          &quot;&quot;&quot;\&#10;          foo = ['a=1', 'b=2', 'c=3']&#10;          dict(pair.split('=') for pair in foo)&#10;          &quot;&quot;&quot;,&#10;          &quot;&quot;&quot;\&#10;          foo = [('a', 1), ('b', 2), ('c', 3)]&#10;          dict(pair for pair in foo if pair[1] % 2 == 0)&#10;          &quot;&quot;&quot;,&#10;          # Previously a false positive:&#10;          &quot;dict(((x, str(x)) for x in range(10)), c=1)&quot;,&#10;      ],&#10;  )&#10;  def test_C402_pass(code, flake8_path):&#10;file /workdir/flake8-comprehensions-3.11.1/tests/test_flake8_comprehensions.py, line 15&#10;  @pytest.fixture&#10;  def flake8_path(flake8_path):&#10;E       recursive dependency involving fixture 'flake8_path' detected&#10;&gt;       available fixtures: cache, capfd, capfdbinary, caplog, capsys, capsysbinary, doctest_namespace, flake8_path, monkeypatch, pytestconfig, record_property, record_testsuite_property, record_xml_attribute, recwarn, tmp_path, tmp_path_factory, tmpdir, tmpdir_factory&#10;&gt;       use 'pytest --fixtures [testpath]' for help on them.&#10;&#10;/workdir/flake8-comprehensions-3.11.1/tests/test_flake8_comprehensions.py:15&quot;">file /workdir/flake8-comprehensions-3.11.1/tests/test_flake8_comprehensions.py, line 120
  @pytest.mark.parametrize(
      "code",
      [
          "foo = {x: str(x) for x in range(10)}",
          """\
          foo = ['a=1', 'b=2', 'c=3']
          dict(pair.split('=') for pair in foo)
          """,
          """\
          foo = [('a', 1), ('b', 2), ('c', 3)]
          dict(pair for pair in foo if pair[1] % 2 == 0)
          """,
          # Previously a false positive:
          "dict(((x, str(x)) for x in range(10)), c=1)",
      ],
  )
  def test_C402_pass(code, flake8_path):
file /workdir/flake8-comprehensions-3.11.1/tests/test_flake8_comprehensions.py, line 15
  @pytest.fixture
  def flake8_path(flake8_path):
E       recursive dependency involving fixture 'flake8_path' detected
&gt;       available fixtures: cache, capfd, capfdbinary, caplog, capsys, capsysbinary, doctest_namespace, flake8_path, monkeypatch, pytestconfig, record_property, record_testsuite_property, record_xml_attribute, recwarn, tmp_path, tmp_path_factory, tmpdir, tmpdir_factory
&gt;       use 'pytest --fixtures [testpath]' for help on them.

/workdir/flake8-comprehensions-3.11.1/tests/test_flake8_comprehensions.py:15</error></testcase><testcase classname="tests.test_flake8_comprehensions" name="test_C402_fail[foo = dict((x, str(x)) for x in range(10))-failures0]" time="0.001"><error message="failed on setup with &quot;file /workdir/flake8-comprehensions-3.11.1/tests/test_flake8_comprehensions.py, line 142&#10;  @pytest.mark.parametrize(&#10;      &quot;code,failures&quot;,&#10;      [&#10;          (&#10;              &quot;foo = dict((x, str(x)) for x in range(10))&quot;,&#10;              [&#10;                  &quot;./example.py:1:7: C402 Unnecessary generator - rewrite as a dict &quot;&#10;                  + &quot;comprehension.&quot;&#10;              ],&#10;          ),&#10;          (&#10;              &quot;&quot;&quot;\&#10;              foobar = dict(&#10;                  (x, str(x))&#10;                  for x&#10;                  in range(10)&#10;              )&#10;              &quot;&quot;&quot;,&#10;              [&#10;                  &quot;./example.py:1:10: C402 Unnecessary generator - rewrite as a dict &quot;&#10;                  + &quot;comprehension.&quot;&#10;              ],&#10;          ),&#10;      ],&#10;  )&#10;  def test_C402_fail(code, failures, flake8_path):&#10;file /workdir/flake8-comprehensions-3.11.1/tests/test_flake8_comprehensions.py, line 15&#10;  @pytest.fixture&#10;  def flake8_path(flake8_path):&#10;E       recursive dependency involving fixture 'flake8_path' detected&#10;&gt;       available fixtures: cache, capfd, capfdbinary, caplog, capsys, capsysbinary, doctest_namespace, flake8_path, monkeypatch, pytestconfig, record_property, record_testsuite_property, record_xml_attribute, recwarn, tmp_path, tmp_path_factory, tmpdir, tmpdir_factory&#10;&gt;       use 'pytest --fixtures [testpath]' for help on them.&#10;&#10;/workdir/flake8-comprehensions-3.11.1/tests/test_flake8_comprehensions.py:15&quot;">file /workdir/flake8-comprehensions-3.11.1/tests/test_flake8_comprehensions.py, line 142
  @pytest.mark.parametrize(
      "code,failures",
      [
          (
              "foo = dict((x, str(x)) for x in range(10))",
              [
                  "./example.py:1:7: C402 Unnecessary generator - rewrite as a dict "
                  + "comprehension."
              ],
          ),
          (
              """\
              foobar = dict(
                  (x, str(x))
                  for x
                  in range(10)
              )
              """,
              [
                  "./example.py:1:10: C402 Unnecessary generator - rewrite as a dict "
                  + "comprehension."
              ],
          ),
      ],
  )
  def test_C402_fail(code, failures, flake8_path):
file /workdir/flake8-comprehensions-3.11.1/tests/test_flake8_comprehensions.py, line 15
  @pytest.fixture
  def flake8_path(flake8_path):
E       recursive dependency involving fixture 'flake8_path' detected
&gt;       available fixtures: cache, capfd, capfdbinary, caplog, capsys, capsysbinary, doctest_namespace, flake8_path, monkeypatch, pytestconfig, record_property, record_testsuite_property, record_xml_attribute, recwarn, tmp_path, tmp_path_factory, tmpdir, tmpdir_factory
&gt;       use 'pytest --fixtures [testpath]' for help on them.

/workdir/flake8-comprehensions-3.11.1/tests/test_flake8_comprehensions.py:15</error></testcase><testcase classname="tests.test_flake8_comprehensions" name="test_C402_fail[            foobar = dict(\n                (x, str(x))\n                for x\n                in range(10)\n            )\n            -failures1]" time="0.000"><error message="failed on setup with &quot;file /workdir/flake8-comprehensions-3.11.1/tests/test_flake8_comprehensions.py, line 142&#10;  @pytest.mark.parametrize(&#10;      &quot;code,failures&quot;,&#10;      [&#10;          (&#10;              &quot;foo = dict((x, str(x)) for x in range(10))&quot;,&#10;              [&#10;                  &quot;./example.py:1:7: C402 Unnecessary generator - rewrite as a dict &quot;&#10;                  + &quot;comprehension.&quot;&#10;              ],&#10;          ),&#10;          (&#10;              &quot;&quot;&quot;\&#10;              foobar = dict(&#10;                  (x, str(x))&#10;                  for x&#10;                  in range(10)&#10;              )&#10;              &quot;&quot;&quot;,&#10;              [&#10;                  &quot;./example.py:1:10: C402 Unnecessary generator - rewrite as a dict &quot;&#10;                  + &quot;comprehension.&quot;&#10;              ],&#10;          ),&#10;      ],&#10;  )&#10;  def test_C402_fail(code, failures, flake8_path):&#10;file /workdir/flake8-comprehensions-3.11.1/tests/test_flake8_comprehensions.py, line 15&#10;  @pytest.fixture&#10;  def flake8_path(flake8_path):&#10;E       recursive dependency involving fixture 'flake8_path' detected&#10;&gt;       available fixtures: cache, capfd, capfdbinary, caplog, capsys, capsysbinary, doctest_namespace, flake8_path, monkeypatch, pytestconfig, record_property, record_testsuite_property, record_xml_attribute, recwarn, tmp_path, tmp_path_factory, tmpdir, tmpdir_factory&#10;&gt;       use 'pytest --fixtures [testpath]' for help on them.&#10;&#10;/workdir/flake8-comprehensions-3.11.1/tests/test_flake8_comprehensions.py:15&quot;">file /workdir/flake8-comprehensions-3.11.1/tests/test_flake8_comprehensions.py, line 142
  @pytest.mark.parametrize(
      "code,failures",
      [
          (
              "foo = dict((x, str(x)) for x in range(10))",
              [
                  "./example.py:1:7: C402 Unnecessary generator - rewrite as a dict "
                  + "comprehension."
              ],
          ),
          (
              """\
              foobar = dict(
                  (x, str(x))
                  for x
                  in range(10)
              )
              """,
              [
                  "./example.py:1:10: C402 Unnecessary generator - rewrite as a dict "
                  + "comprehension."
              ],
          ),
      ],
  )
  def test_C402_fail(code, failures, flake8_path):
file /workdir/flake8-comprehensions-3.11.1/tests/test_flake8_comprehensions.py, line 15
  @pytest.fixture
  def flake8_path(flake8_path):
E       recursive dependency involving fixture 'flake8_path' detected
&gt;       available fixtures: cache, capfd, capfdbinary, caplog, capsys, capsysbinary, doctest_namespace, flake8_path, monkeypatch, pytestconfig, record_property, record_testsuite_property, record_xml_attribute, recwarn, tmp_path, tmp_path_factory, tmpdir, tmpdir_factory
&gt;       use 'pytest --fixtures [testpath]' for help on them.

/workdir/flake8-comprehensions-3.11.1/tests/test_flake8_comprehensions.py:15</error></testcase><testcase classname="tests.test_flake8_comprehensions" name="test_C403_pass[foo = {x + 1 for x in range(10)}]" time="0.000"><error message="failed on setup with &quot;file /workdir/flake8-comprehensions-3.11.1/tests/test_flake8_comprehensions.py, line 173&#10;  @pytest.mark.parametrize(&#10;      &quot;code&quot;,&#10;      [&#10;          &quot;foo = {x + 1 for x in range(10)}&quot;,&#10;      ],&#10;  )&#10;  def test_C403_pass(code, flake8_path):&#10;file /workdir/flake8-comprehensions-3.11.1/tests/test_flake8_comprehensions.py, line 15&#10;  @pytest.fixture&#10;  def flake8_path(flake8_path):&#10;E       recursive dependency involving fixture 'flake8_path' detected&#10;&gt;       available fixtures: cache, capfd, capfdbinary, caplog, capsys, capsysbinary, doctest_namespace, flake8_path, monkeypatch, pytestconfig, record_property, record_testsuite_property, record_xml_attribute, recwarn, tmp_path, tmp_path_factory, tmpdir, tmpdir_factory&#10;&gt;       use 'pytest --fixtures [testpath]' for help on them.&#10;&#10;/workdir/flake8-comprehensions-3.11.1/tests/test_flake8_comprehensions.py:15&quot;">file /workdir/flake8-comprehensions-3.11.1/tests/test_flake8_comprehensions.py, line 173
  @pytest.mark.parametrize(
      "code",
      [
          "foo = {x + 1 for x in range(10)}",
      ],
  )
  def test_C403_pass(code, flake8_path):
file /workdir/flake8-comprehensions-3.11.1/tests/test_flake8_comprehensions.py, line 15
  @pytest.fixture
  def flake8_path(flake8_path):
E       recursive dependency involving fixture 'flake8_path' detected
&gt;       available fixtures: cache, capfd, capfdbinary, caplog, capsys, capsysbinary, doctest_namespace, flake8_path, monkeypatch, pytestconfig, record_property, record_testsuite_property, record_xml_attribute, recwarn, tmp_path, tmp_path_factory, tmpdir, tmpdir_factory
&gt;       use 'pytest --fixtures [testpath]' for help on them.

/workdir/flake8-comprehensions-3.11.1/tests/test_flake8_comprehensions.py:15</error></testcase><testcase classname="tests.test_flake8_comprehensions" name="test_C403_fail[foo = set([x + 1 for x in range(10)])-failures0]" time="0.000"><error message="failed on setup with &quot;file /workdir/flake8-comprehensions-3.11.1/tests/test_flake8_comprehensions.py, line 185&#10;  @pytest.mark.parametrize(&#10;      &quot;code,failures&quot;,&#10;      [&#10;          (&#10;              &quot;foo = set([x + 1 for x in range(10)])&quot;,&#10;              [&#10;                  &quot;./example.py:1:7: C403 Unnecessary list comprehension - rewrite as a &quot;&#10;                  + &quot;set comprehension.&quot;&#10;              ],&#10;          ),&#10;      ],&#10;  )&#10;  def test_C403_fail(code, failures, flake8_path):&#10;file /workdir/flake8-comprehensions-3.11.1/tests/test_flake8_comprehensions.py, line 15&#10;  @pytest.fixture&#10;  def flake8_path(flake8_path):&#10;E       recursive dependency involving fixture 'flake8_path' detected&#10;&gt;       available fixtures: cache, capfd, capfdbinary, caplog, capsys, capsysbinary, doctest_namespace, flake8_path, monkeypatch, pytestconfig, record_property, record_testsuite_property, record_xml_attribute, recwarn, tmp_path, tmp_path_factory, tmpdir, tmpdir_factory&#10;&gt;       use 'pytest --fixtures [testpath]' for help on them.&#10;&#10;/workdir/flake8-comprehensions-3.11.1/tests/test_flake8_comprehensions.py:15&quot;">file /workdir/flake8-comprehensions-3.11.1/tests/test_flake8_comprehensions.py, line 185
  @pytest.mark.parametrize(
      "code,failures",
      [
          (
              "foo = set([x + 1 for x in range(10)])",
              [
                  "./example.py:1:7: C403 Unnecessary list comprehension - rewrite as a "
                  + "set comprehension."
              ],
          ),
      ],
  )
  def test_C403_fail(code, failures, flake8_path):
file /workdir/flake8-comprehensions-3.11.1/tests/test_flake8_comprehensions.py, line 15
  @pytest.fixture
  def flake8_path(flake8_path):
E       recursive dependency involving fixture 'flake8_path' detected
&gt;       available fixtures: cache, capfd, capfdbinary, caplog, capsys, capsysbinary, doctest_namespace, flake8_path, monkeypatch, pytestconfig, record_property, record_testsuite_property, record_xml_attribute, recwarn, tmp_path, tmp_path_factory, tmpdir, tmpdir_factory
&gt;       use 'pytest --fixtures [testpath]' for help on them.

/workdir/flake8-comprehensions-3.11.1/tests/test_flake8_comprehensions.py:15</error></testcase><testcase classname="tests.test_flake8_comprehensions" name="test_C404_pass[foo = {x: x for x in range(10)}]" time="0.001"><error message="failed on setup with &quot;file /workdir/flake8-comprehensions-3.11.1/tests/test_flake8_comprehensions.py, line 203&#10;  @pytest.mark.parametrize(&#10;      &quot;code&quot;,&#10;      [&#10;          &quot;foo = {x: x for x in range(10)}&quot;,&#10;          # Previously a false positive:&#10;          &quot;foo = dict([x.split('=') for x in ['a=1', 'b=2']])&quot;,&#10;          # Previously a false positive:&#10;          &quot;dict([(x, x) for x in range(10)], y=2)&quot;,&#10;      ],&#10;  )&#10;  def test_C404_pass(code, flake8_path):&#10;file /workdir/flake8-comprehensions-3.11.1/tests/test_flake8_comprehensions.py, line 15&#10;  @pytest.fixture&#10;  def flake8_path(flake8_path):&#10;E       recursive dependency involving fixture 'flake8_path' detected&#10;&gt;       available fixtures: cache, capfd, capfdbinary, caplog, capsys, capsysbinary, doctest_namespace, flake8_path, monkeypatch, pytestconfig, record_property, record_testsuite_property, record_xml_attribute, recwarn, tmp_path, tmp_path_factory, tmpdir, tmpdir_factory&#10;&gt;       use 'pytest --fixtures [testpath]' for help on them.&#10;&#10;/workdir/flake8-comprehensions-3.11.1/tests/test_flake8_comprehensions.py:15&quot;">file /workdir/flake8-comprehensions-3.11.1/tests/test_flake8_comprehensions.py, line 203
  @pytest.mark.parametrize(
      "code",
      [
          "foo = {x: x for x in range(10)}",
          # Previously a false positive:
          "foo = dict([x.split('=') for x in ['a=1', 'b=2']])",
          # Previously a false positive:
          "dict([(x, x) for x in range(10)], y=2)",
      ],
  )
  def test_C404_pass(code, flake8_path):
file /workdir/flake8-comprehensions-3.11.1/tests/test_flake8_comprehensions.py, line 15
  @pytest.fixture
  def flake8_path(flake8_path):
E       recursive dependency involving fixture 'flake8_path' detected
&gt;       available fixtures: cache, capfd, capfdbinary, caplog, capsys, capsysbinary, doctest_namespace, flake8_path, monkeypatch, pytestconfig, record_property, record_testsuite_property, record_xml_attribute, recwarn, tmp_path, tmp_path_factory, tmpdir, tmpdir_factory
&gt;       use 'pytest --fixtures [testpath]' for help on them.

/workdir/flake8-comprehensions-3.11.1/tests/test_flake8_comprehensions.py:15</error></testcase><testcase classname="tests.test_flake8_comprehensions" name="test_C404_pass[foo = dict([x.split('=') for x in ['a=1', 'b=2']])]" time="0.000"><error message="failed on setup with &quot;file /workdir/flake8-comprehensions-3.11.1/tests/test_flake8_comprehensions.py, line 203&#10;  @pytest.mark.parametrize(&#10;      &quot;code&quot;,&#10;      [&#10;          &quot;foo = {x: x for x in range(10)}&quot;,&#10;          # Previously a false positive:&#10;          &quot;foo = dict([x.split('=') for x in ['a=1', 'b=2']])&quot;,&#10;          # Previously a false positive:&#10;          &quot;dict([(x, x) for x in range(10)], y=2)&quot;,&#10;      ],&#10;  )&#10;  def test_C404_pass(code, flake8_path):&#10;file /workdir/flake8-comprehensions-3.11.1/tests/test_flake8_comprehensions.py, line 15&#10;  @pytest.fixture&#10;  def flake8_path(flake8_path):&#10;E       recursive dependency involving fixture 'flake8_path' detected&#10;&gt;       available fixtures: cache, capfd, capfdbinary, caplog, capsys, capsysbinary, doctest_namespace, flake8_path, monkeypatch, pytestconfig, record_property, record_testsuite_property, record_xml_attribute, recwarn, tmp_path, tmp_path_factory, tmpdir, tmpdir_factory&#10;&gt;       use 'pytest --fixtures [testpath]' for help on them.&#10;&#10;/workdir/flake8-comprehensions-3.11.1/tests/test_flake8_comprehensions.py:15&quot;">file /workdir/flake8-comprehensions-3.11.1/tests/test_flake8_comprehensions.py, line 203
  @pytest.mark.parametrize(
      "code",
      [
          "foo = {x: x for x in range(10)}",
          # Previously a false positive:
          "foo = dict([x.split('=') for x in ['a=1', 'b=2']])",
          # Previously a false positive:
          "dict([(x, x) for x in range(10)], y=2)",
      ],
  )
  def test_C404_pass(code, flake8_path):
file /workdir/flake8-comprehensions-3.11.1/tests/test_flake8_comprehensions.py, line 15
  @pytest.fixture
  def flake8_path(flake8_path):
E       recursive dependency involving fixture 'flake8_path' detected
&gt;       available fixtures: cache, capfd, capfdbinary, caplog, capsys, capsysbinary, doctest_namespace, flake8_path, monkeypatch, pytestconfig, record_property, record_testsuite_property, record_xml_attribute, recwarn, tmp_path, tmp_path_factory, tmpdir, tmpdir_factory
&gt;       use 'pytest --fixtures [testpath]' for help on them.

/workdir/flake8-comprehensions-3.11.1/tests/test_flake8_comprehensions.py:15</error></testcase><testcase classname="tests.test_flake8_comprehensions" name="test_C404_pass[dict([(x, x) for x in range(10)], y=2)]" time="0.000"><error message="failed on setup with &quot;file /workdir/flake8-comprehensions-3.11.1/tests/test_flake8_comprehensions.py, line 203&#10;  @pytest.mark.parametrize(&#10;      &quot;code&quot;,&#10;      [&#10;          &quot;foo = {x: x for x in range(10)}&quot;,&#10;          # Previously a false positive:&#10;          &quot;foo = dict([x.split('=') for x in ['a=1', 'b=2']])&quot;,&#10;          # Previously a false positive:&#10;          &quot;dict([(x, x) for x in range(10)], y=2)&quot;,&#10;      ],&#10;  )&#10;  def test_C404_pass(code, flake8_path):&#10;file /workdir/flake8-comprehensions-3.11.1/tests/test_flake8_comprehensions.py, line 15&#10;  @pytest.fixture&#10;  def flake8_path(flake8_path):&#10;E       recursive dependency involving fixture 'flake8_path' detected&#10;&gt;       available fixtures: cache, capfd, capfdbinary, caplog, capsys, capsysbinary, doctest_namespace, flake8_path, monkeypatch, pytestconfig, record_property, record_testsuite_property, record_xml_attribute, recwarn, tmp_path, tmp_path_factory, tmpdir, tmpdir_factory&#10;&gt;       use 'pytest --fixtures [testpath]' for help on them.&#10;&#10;/workdir/flake8-comprehensions-3.11.1/tests/test_flake8_comprehensions.py:15&quot;">file /workdir/flake8-comprehensions-3.11.1/tests/test_flake8_comprehensions.py, line 203
  @pytest.mark.parametrize(
      "code",
      [
          "foo = {x: x for x in range(10)}",
          # Previously a false positive:
          "foo = dict([x.split('=') for x in ['a=1', 'b=2']])",
          # Previously a false positive:
          "dict([(x, x) for x in range(10)], y=2)",
      ],
  )
  def test_C404_pass(code, flake8_path):
file /workdir/flake8-comprehensions-3.11.1/tests/test_flake8_comprehensions.py, line 15
  @pytest.fixture
  def flake8_path(flake8_path):
E       recursive dependency involving fixture 'flake8_path' detected
&gt;       available fixtures: cache, capfd, capfdbinary, caplog, capsys, capsysbinary, doctest_namespace, flake8_path, monkeypatch, pytestconfig, record_property, record_testsuite_property, record_xml_attribute, recwarn, tmp_path, tmp_path_factory, tmpdir, tmpdir_factory
&gt;       use 'pytest --fixtures [testpath]' for help on them.

/workdir/flake8-comprehensions-3.11.1/tests/test_flake8_comprehensions.py:15</error></testcase><testcase classname="tests.test_flake8_comprehensions" name="test_C404_fail[foo = dict([(x, x) for x in range(10)])-failures0]" time="0.001"><error message="failed on setup with &quot;file /workdir/flake8-comprehensions-3.11.1/tests/test_flake8_comprehensions.py, line 219&#10;  @pytest.mark.parametrize(&#10;      &quot;code,failures&quot;,&#10;      [&#10;          (&#10;              &quot;foo = dict([(x, x) for x in range(10)])&quot;,&#10;              [&#10;                  &quot;./example.py:1:7: C404 Unnecessary list comprehension - rewrite as a &quot;&#10;                  + &quot;dict comprehension.&quot;&#10;              ],&#10;          ),&#10;      ],&#10;  )&#10;  def test_C404_fail(code, failures, flake8_path):&#10;file /workdir/flake8-comprehensions-3.11.1/tests/test_flake8_comprehensions.py, line 15&#10;  @pytest.fixture&#10;  def flake8_path(flake8_path):&#10;E       recursive dependency involving fixture 'flake8_path' detected&#10;&gt;       available fixtures: cache, capfd, capfdbinary, caplog, capsys, capsysbinary, doctest_namespace, flake8_path, monkeypatch, pytestconfig, record_property, record_testsuite_property, record_xml_attribute, recwarn, tmp_path, tmp_path_factory, tmpdir, tmpdir_factory&#10;&gt;       use 'pytest --fixtures [testpath]' for help on them.&#10;&#10;/workdir/flake8-comprehensions-3.11.1/tests/test_flake8_comprehensions.py:15&quot;">file /workdir/flake8-comprehensions-3.11.1/tests/test_flake8_comprehensions.py, line 219
  @pytest.mark.parametrize(
      "code,failures",
      [
          (
              "foo = dict([(x, x) for x in range(10)])",
              [
                  "./example.py:1:7: C404 Unnecessary list comprehension - rewrite as a "
                  + "dict comprehension."
              ],
          ),
      ],
  )
  def test_C404_fail(code, failures, flake8_path):
file /workdir/flake8-comprehensions-3.11.1/tests/test_flake8_comprehensions.py, line 15
  @pytest.fixture
  def flake8_path(flake8_path):
E       recursive dependency involving fixture 'flake8_path' detected
&gt;       available fixtures: cache, capfd, capfdbinary, caplog, capsys, capsysbinary, doctest_namespace, flake8_path, monkeypatch, pytestconfig, record_property, record_testsuite_property, record_xml_attribute, recwarn, tmp_path, tmp_path_factory, tmpdir, tmpdir_factory
&gt;       use 'pytest --fixtures [testpath]' for help on them.

/workdir/flake8-comprehensions-3.11.1/tests/test_flake8_comprehensions.py:15</error></testcase><testcase classname="tests.test_flake8_comprehensions" name="test_C405_pass[foo = set(range)]" time="0.000"><error message="failed on setup with &quot;file /workdir/flake8-comprehensions-3.11.1/tests/test_flake8_comprehensions.py, line 237&#10;  @pytest.mark.parametrize(&#10;      &quot;code&quot;,&#10;      [&#10;          &quot;foo = set(range)&quot;,&#10;      ],&#10;  )&#10;  def test_C405_pass(code, flake8_path):&#10;file /workdir/flake8-comprehensions-3.11.1/tests/test_flake8_comprehensions.py, line 15&#10;  @pytest.fixture&#10;  def flake8_path(flake8_path):&#10;E       recursive dependency involving fixture 'flake8_path' detected&#10;&gt;       available fixtures: cache, capfd, capfdbinary, caplog, capsys, capsysbinary, doctest_namespace, flake8_path, monkeypatch, pytestconfig, record_property, record_testsuite_property, record_xml_attribute, recwarn, tmp_path, tmp_path_factory, tmpdir, tmpdir_factory&#10;&gt;       use 'pytest --fixtures [testpath]' for help on them.&#10;&#10;/workdir/flake8-comprehensions-3.11.1/tests/test_flake8_comprehensions.py:15&quot;">file /workdir/flake8-comprehensions-3.11.1/tests/test_flake8_comprehensions.py, line 237
  @pytest.mark.parametrize(
      "code",
      [
          "foo = set(range)",
      ],
  )
  def test_C405_pass(code, flake8_path):
file /workdir/flake8-comprehensions-3.11.1/tests/test_flake8_comprehensions.py, line 15
  @pytest.fixture
  def flake8_path(flake8_path):
E       recursive dependency involving fixture 'flake8_path' detected
&gt;       available fixtures: cache, capfd, capfdbinary, caplog, capsys, capsysbinary, doctest_namespace, flake8_path, monkeypatch, pytestconfig, record_property, record_testsuite_property, record_xml_attribute, recwarn, tmp_path, tmp_path_factory, tmpdir, tmpdir_factory
&gt;       use 'pytest --fixtures [testpath]' for help on them.

/workdir/flake8-comprehensions-3.11.1/tests/test_flake8_comprehensions.py:15</error></testcase><testcase classname="tests.test_flake8_comprehensions" name="test_C405_fail[foo = set([])-failures0]" time="0.001"><error message="failed on setup with &quot;file /workdir/flake8-comprehensions-3.11.1/tests/test_flake8_comprehensions.py, line 249&#10;  @pytest.mark.parametrize(&#10;      &quot;code,failures&quot;,&#10;      [&#10;          (&#10;              &quot;foo = set([])&quot;,&#10;              [&#10;                  &quot;./example.py:1:7: C405 Unnecessary list literal - rewrite as a set &quot;&#10;                  + &quot;literal.&quot;&#10;              ],&#10;          ),&#10;          (&#10;              &quot;foo = set([1])&quot;,&#10;              [&#10;                  &quot;./example.py:1:7: C405 Unnecessary list literal - rewrite as a set &quot;&#10;                  + &quot;literal.&quot;&#10;              ],&#10;          ),&#10;          (&#10;              &quot;foo = set(())&quot;,&#10;              [&#10;                  &quot;./example.py:1:7: C405 Unnecessary tuple literal - rewrite as a set &quot;&#10;                  + &quot;literal.&quot;&#10;              ],&#10;          ),&#10;          (&#10;              &quot;foo = set((1,))&quot;,&#10;              [&#10;                  &quot;./example.py:1:7: C405 Unnecessary tuple literal - rewrite as a set &quot;&#10;                  + &quot;literal.&quot;&#10;              ],&#10;          ),&#10;      ],&#10;  )&#10;  def test_C405_fail(code, failures, flake8_path):&#10;file /workdir/flake8-comprehensions-3.11.1/tests/test_flake8_comprehensions.py, line 15&#10;  @pytest.fixture&#10;  def flake8_path(flake8_path):&#10;E       recursive dependency involving fixture 'flake8_path' detected&#10;&gt;       available fixtures: cache, capfd, capfdbinary, caplog, capsys, capsysbinary, doctest_namespace, flake8_path, monkeypatch, pytestconfig, record_property, record_testsuite_property, record_xml_attribute, recwarn, tmp_path, tmp_path_factory, tmpdir, tmpdir_factory&#10;&gt;       use 'pytest --fixtures [testpath]' for help on them.&#10;&#10;/workdir/flake8-comprehensions-3.11.1/tests/test_flake8_comprehensions.py:15&quot;">file /workdir/flake8-comprehensions-3.11.1/tests/test_flake8_comprehensions.py, line 249
  @pytest.mark.parametrize(
      "code,failures",
      [
          (
              "foo = set([])",
              [
                  "./example.py:1:7: C405 Unnecessary list literal - rewrite as a set "
                  + "literal."
              ],
          ),
          (
              "foo = set([1])",
              [
                  "./example.py:1:7: C405 Unnecessary list literal - rewrite as a set "
                  + "literal."
              ],
          ),
          (
              "foo = set(())",
              [
                  "./example.py:1:7: C405 Unnecessary tuple literal - rewrite as a set "
                  + "literal."
              ],
          ),
          (
              "foo = set((1,))",
              [
                  "./example.py:1:7: C405 Unnecessary tuple literal - rewrite as a set "
                  + "literal."
              ],
          ),
      ],
  )
  def test_C405_fail(code, failures, flake8_path):
file /workdir/flake8-comprehensions-3.11.1/tests/test_flake8_comprehensions.py, line 15
  @pytest.fixture
  def flake8_path(flake8_path):
E       recursive dependency involving fixture 'flake8_path' detected
&gt;       available fixtures: cache, capfd, capfdbinary, caplog, capsys, capsysbinary, doctest_namespace, flake8_path, monkeypatch, pytestconfig, record_property, record_testsuite_property, record_xml_attribute, recwarn, tmp_path, tmp_path_factory, tmpdir, tmpdir_factory
&gt;       use 'pytest --fixtures [testpath]' for help on them.

/workdir/flake8-comprehensions-3.11.1/tests/test_flake8_comprehensions.py:15</error></testcase><testcase classname="tests.test_flake8_comprehensions" name="test_C405_fail[foo = set([1])-failures1]" time="0.000"><error message="failed on setup with &quot;file /workdir/flake8-comprehensions-3.11.1/tests/test_flake8_comprehensions.py, line 249&#10;  @pytest.mark.parametrize(&#10;      &quot;code,failures&quot;,&#10;      [&#10;          (&#10;              &quot;foo = set([])&quot;,&#10;              [&#10;                  &quot;./example.py:1:7: C405 Unnecessary list literal - rewrite as a set &quot;&#10;                  + &quot;literal.&quot;&#10;              ],&#10;          ),&#10;          (&#10;              &quot;foo = set([1])&quot;,&#10;              [&#10;                  &quot;./example.py:1:7: C405 Unnecessary list literal - rewrite as a set &quot;&#10;                  + &quot;literal.&quot;&#10;              ],&#10;          ),&#10;          (&#10;              &quot;foo = set(())&quot;,&#10;              [&#10;                  &quot;./example.py:1:7: C405 Unnecessary tuple literal - rewrite as a set &quot;&#10;                  + &quot;literal.&quot;&#10;              ],&#10;          ),&#10;          (&#10;              &quot;foo = set((1,))&quot;,&#10;              [&#10;                  &quot;./example.py:1:7: C405 Unnecessary tuple literal - rewrite as a set &quot;&#10;                  + &quot;literal.&quot;&#10;              ],&#10;          ),&#10;      ],&#10;  )&#10;  def test_C405_fail(code, failures, flake8_path):&#10;file /workdir/flake8-comprehensions-3.11.1/tests/test_flake8_comprehensions.py, line 15&#10;  @pytest.fixture&#10;  def flake8_path(flake8_path):&#10;E       recursive dependency involving fixture 'flake8_path' detected&#10;&gt;       available fixtures: cache, capfd, capfdbinary, caplog, capsys, capsysbinary, doctest_namespace, flake8_path, monkeypatch, pytestconfig, record_property, record_testsuite_property, record_xml_attribute, recwarn, tmp_path, tmp_path_factory, tmpdir, tmpdir_factory&#10;&gt;       use 'pytest --fixtures [testpath]' for help on them.&#10;&#10;/workdir/flake8-comprehensions-3.11.1/tests/test_flake8_comprehensions.py:15&quot;">file /workdir/flake8-comprehensions-3.11.1/tests/test_flake8_comprehensions.py, line 249
  @pytest.mark.parametrize(
      "code,failures",
      [
          (
              "foo = set([])",
              [
                  "./example.py:1:7: C405 Unnecessary list literal - rewrite as a set "
                  + "literal."
              ],
          ),
          (
              "foo = set([1])",
              [
                  "./example.py:1:7: C405 Unnecessary list literal - rewrite as a set "
                  + "literal."
              ],
          ),
          (
              "foo = set(())",
              [
                  "./example.py:1:7: C405 Unnecessary tuple literal - rewrite as a set "
                  + "literal."
              ],
          ),
          (
              "foo = set((1,))",
              [
                  "./example.py:1:7: C405 Unnecessary tuple literal - rewrite as a set "
                  + "literal."
              ],
          ),
      ],
  )
  def test_C405_fail(code, failures, flake8_path):
file /workdir/flake8-comprehensions-3.11.1/tests/test_flake8_comprehensions.py, line 15
  @pytest.fixture
  def flake8_path(flake8_path):
E       recursive dependency involving fixture 'flake8_path' detected
&gt;       available fixtures: cache, capfd, capfdbinary, caplog, capsys, capsysbinary, doctest_namespace, flake8_path, monkeypatch, pytestconfig, record_property, record_testsuite_property, record_xml_attribute, recwarn, tmp_path, tmp_path_factory, tmpdir, tmpdir_factory
&gt;       use 'pytest --fixtures [testpath]' for help on them.

/workdir/flake8-comprehensions-3.11.1/tests/test_flake8_comprehensions.py:15</error></testcase><testcase classname="tests.test_flake8_comprehensions" name="test_C405_fail[foo = set(())-failures2]" time="0.001"><error message="failed on setup with &quot;file /workdir/flake8-comprehensions-3.11.1/tests/test_flake8_comprehensions.py, line 249&#10;  @pytest.mark.parametrize(&#10;      &quot;code,failures&quot;,&#10;      [&#10;          (&#10;              &quot;foo = set([])&quot;,&#10;              [&#10;                  &quot;./example.py:1:7: C405 Unnecessary list literal - rewrite as a set &quot;&#10;                  + &quot;literal.&quot;&#10;              ],&#10;          ),&#10;          (&#10;              &quot;foo = set([1])&quot;,&#10;              [&#10;                  &quot;./example.py:1:7: C405 Unnecessary list literal - rewrite as a set &quot;&#10;                  + &quot;literal.&quot;&#10;              ],&#10;          ),&#10;          (&#10;              &quot;foo = set(())&quot;,&#10;              [&#10;                  &quot;./example.py:1:7: C405 Unnecessary tuple literal - rewrite as a set &quot;&#10;                  + &quot;literal.&quot;&#10;              ],&#10;          ),&#10;          (&#10;              &quot;foo = set((1,))&quot;,&#10;              [&#10;                  &quot;./example.py:1:7: C405 Unnecessary tuple literal - rewrite as a set &quot;&#10;                  + &quot;literal.&quot;&#10;              ],&#10;          ),&#10;      ],&#10;  )&#10;  def test_C405_fail(code, failures, flake8_path):&#10;file /workdir/flake8-comprehensions-3.11.1/tests/test_flake8_comprehensions.py, line 15&#10;  @pytest.fixture&#10;  def flake8_path(flake8_path):&#10;E       recursive dependency involving fixture 'flake8_path' detected&#10;&gt;       available fixtures: cache, capfd, capfdbinary, caplog, capsys, capsysbinary, doctest_namespace, flake8_path, monkeypatch, pytestconfig, record_property, record_testsuite_property, record_xml_attribute, recwarn, tmp_path, tmp_path_factory, tmpdir, tmpdir_factory&#10;&gt;       use 'pytest --fixtures [testpath]' for help on them.&#10;&#10;/workdir/flake8-comprehensions-3.11.1/tests/test_flake8_comprehensions.py:15&quot;">file /workdir/flake8-comprehensions-3.11.1/tests/test_flake8_comprehensions.py, line 249
  @pytest.mark.parametrize(
      "code,failures",
      [
          (
              "foo = set([])",
              [
                  "./example.py:1:7: C405 Unnecessary list literal - rewrite as a set "
                  + "literal."
              ],
          ),
          (
              "foo = set([1])",
              [
                  "./example.py:1:7: C405 Unnecessary list literal - rewrite as a set "
                  + "literal."
              ],
          ),
          (
              "foo = set(())",
              [
                  "./example.py:1:7: C405 Unnecessary tuple literal - rewrite as a set "
                  + "literal."
              ],
          ),
          (
              "foo = set((1,))",
              [
                  "./example.py:1:7: C405 Unnecessary tuple literal - rewrite as a set "
                  + "literal."
              ],
          ),
      ],
  )
  def test_C405_fail(code, failures, flake8_path):
file /workdir/flake8-comprehensions-3.11.1/tests/test_flake8_comprehensions.py, line 15
  @pytest.fixture
  def flake8_path(flake8_path):
E       recursive dependency involving fixture 'flake8_path' detected
&gt;       available fixtures: cache, capfd, capfdbinary, caplog, capsys, capsysbinary, doctest_namespace, flake8_path, monkeypatch, pytestconfig, record_property, record_testsuite_property, record_xml_attribute, recwarn, tmp_path, tmp_path_factory, tmpdir, tmpdir_factory
&gt;       use 'pytest --fixtures [testpath]' for help on them.

/workdir/flake8-comprehensions-3.11.1/tests/test_flake8_comprehensions.py:15</error></testcase><testcase classname="tests.test_flake8_comprehensions" name="test_C405_fail[foo = set((1,))-failures3]" time="0.001"><error message="failed on setup with &quot;file /workdir/flake8-comprehensions-3.11.1/tests/test_flake8_comprehensions.py, line 249&#10;  @pytest.mark.parametrize(&#10;      &quot;code,failures&quot;,&#10;      [&#10;          (&#10;              &quot;foo = set([])&quot;,&#10;              [&#10;                  &quot;./example.py:1:7: C405 Unnecessary list literal - rewrite as a set &quot;&#10;                  + &quot;literal.&quot;&#10;              ],&#10;          ),&#10;          (&#10;              &quot;foo = set([1])&quot;,&#10;              [&#10;                  &quot;./example.py:1:7: C405 Unnecessary list literal - rewrite as a set &quot;&#10;                  + &quot;literal.&quot;&#10;              ],&#10;          ),&#10;          (&#10;              &quot;foo = set(())&quot;,&#10;              [&#10;                  &quot;./example.py:1:7: C405 Unnecessary tuple literal - rewrite as a set &quot;&#10;                  + &quot;literal.&quot;&#10;              ],&#10;          ),&#10;          (&#10;              &quot;foo = set((1,))&quot;,&#10;              [&#10;                  &quot;./example.py:1:7: C405 Unnecessary tuple literal - rewrite as a set &quot;&#10;                  + &quot;literal.&quot;&#10;              ],&#10;          ),&#10;      ],&#10;  )&#10;  def test_C405_fail(code, failures, flake8_path):&#10;file /workdir/flake8-comprehensions-3.11.1/tests/test_flake8_comprehensions.py, line 15&#10;  @pytest.fixture&#10;  def flake8_path(flake8_path):&#10;E       recursive dependency involving fixture 'flake8_path' detected&#10;&gt;       available fixtures: cache, capfd, capfdbinary, caplog, capsys, capsysbinary, doctest_namespace, flake8_path, monkeypatch, pytestconfig, record_property, record_testsuite_property, record_xml_attribute, recwarn, tmp_path, tmp_path_factory, tmpdir, tmpdir_factory&#10;&gt;       use 'pytest --fixtures [testpath]' for help on them.&#10;&#10;/workdir/flake8-comprehensions-3.11.1/tests/test_flake8_comprehensions.py:15&quot;">file /workdir/flake8-comprehensions-3.11.1/tests/test_flake8_comprehensions.py, line 249
  @pytest.mark.parametrize(
      "code,failures",
      [
          (
              "foo = set([])",
              [
                  "./example.py:1:7: C405 Unnecessary list literal - rewrite as a set "
                  + "literal."
              ],
          ),
          (
              "foo = set([1])",
              [
                  "./example.py:1:7: C405 Unnecessary list literal - rewrite as a set "
                  + "literal."
              ],
          ),
          (
              "foo = set(())",
              [
                  "./example.py:1:7: C405 Unnecessary tuple literal - rewrite as a set "
                  + "literal."
              ],
          ),
          (
              "foo = set((1,))",
              [
                  "./example.py:1:7: C405 Unnecessary tuple literal - rewrite as a set "
                  + "literal."
              ],
          ),
      ],
  )
  def test_C405_fail(code, failures, flake8_path):
file /workdir/flake8-comprehensions-3.11.1/tests/test_flake8_comprehensions.py, line 15
  @pytest.fixture
  def flake8_path(flake8_path):
E       recursive dependency involving fixture 'flake8_path' detected
&gt;       available fixtures: cache, capfd, capfdbinary, caplog, capsys, capsysbinary, doctest_namespace, flake8_path, monkeypatch, pytestconfig, record_property, record_testsuite_property, record_xml_attribute, recwarn, tmp_path, tmp_path_factory, tmpdir, tmpdir_factory
&gt;       use 'pytest --fixtures [testpath]' for help on them.

/workdir/flake8-comprehensions-3.11.1/tests/test_flake8_comprehensions.py:15</error></testcase><testcase classname="tests.test_flake8_comprehensions" name="test_C406_pass[foo = dict(range)]" time="0.001"><error message="failed on setup with &quot;file /workdir/flake8-comprehensions-3.11.1/tests/test_flake8_comprehensions.py, line 288&#10;  @pytest.mark.parametrize(&#10;      &quot;code&quot;,&#10;      [&#10;          &quot;foo = dict(range)&quot;,&#10;          &quot;something = (1, 2); dict([something])&quot;,&#10;          &quot;dict([(1,)])&quot;,&#10;      ],&#10;  )&#10;  def test_C406_pass(code, flake8_path):&#10;file /workdir/flake8-comprehensions-3.11.1/tests/test_flake8_comprehensions.py, line 15&#10;  @pytest.fixture&#10;  def flake8_path(flake8_path):&#10;E       recursive dependency involving fixture 'flake8_path' detected&#10;&gt;       available fixtures: cache, capfd, capfdbinary, caplog, capsys, capsysbinary, doctest_namespace, flake8_path, monkeypatch, pytestconfig, record_property, record_testsuite_property, record_xml_attribute, recwarn, tmp_path, tmp_path_factory, tmpdir, tmpdir_factory&#10;&gt;       use 'pytest --fixtures [testpath]' for help on them.&#10;&#10;/workdir/flake8-comprehensions-3.11.1/tests/test_flake8_comprehensions.py:15&quot;">file /workdir/flake8-comprehensions-3.11.1/tests/test_flake8_comprehensions.py, line 288
  @pytest.mark.parametrize(
      "code",
      [
          "foo = dict(range)",
          "something = (1, 2); dict([something])",
          "dict([(1,)])",
      ],
  )
  def test_C406_pass(code, flake8_path):
file /workdir/flake8-comprehensions-3.11.1/tests/test_flake8_comprehensions.py, line 15
  @pytest.fixture
  def flake8_path(flake8_path):
E       recursive dependency involving fixture 'flake8_path' detected
&gt;       available fixtures: cache, capfd, capfdbinary, caplog, capsys, capsysbinary, doctest_namespace, flake8_path, monkeypatch, pytestconfig, record_property, record_testsuite_property, record_xml_attribute, recwarn, tmp_path, tmp_path_factory, tmpdir, tmpdir_factory
&gt;       use 'pytest --fixtures [testpath]' for help on them.

/workdir/flake8-comprehensions-3.11.1/tests/test_flake8_comprehensions.py:15</error></testcase><testcase classname="tests.test_flake8_comprehensions" name="test_C406_pass[something = (1, 2); dict([something])]" time="0.000"><error message="failed on setup with &quot;file /workdir/flake8-comprehensions-3.11.1/tests/test_flake8_comprehensions.py, line 288&#10;  @pytest.mark.parametrize(&#10;      &quot;code&quot;,&#10;      [&#10;          &quot;foo = dict(range)&quot;,&#10;          &quot;something = (1, 2); dict([something])&quot;,&#10;          &quot;dict([(1,)])&quot;,&#10;      ],&#10;  )&#10;  def test_C406_pass(code, flake8_path):&#10;file /workdir/flake8-comprehensions-3.11.1/tests/test_flake8_comprehensions.py, line 15&#10;  @pytest.fixture&#10;  def flake8_path(flake8_path):&#10;E       recursive dependency involving fixture 'flake8_path' detected&#10;&gt;       available fixtures: cache, capfd, capfdbinary, caplog, capsys, capsysbinary, doctest_namespace, flake8_path, monkeypatch, pytestconfig, record_property, record_testsuite_property, record_xml_attribute, recwarn, tmp_path, tmp_path_factory, tmpdir, tmpdir_factory&#10;&gt;       use 'pytest --fixtures [testpath]' for help on them.&#10;&#10;/workdir/flake8-comprehensions-3.11.1/tests/test_flake8_comprehensions.py:15&quot;">file /workdir/flake8-comprehensions-3.11.1/tests/test_flake8_comprehensions.py, line 288
  @pytest.mark.parametrize(
      "code",
      [
          "foo = dict(range)",
          "something = (1, 2); dict([something])",
          "dict([(1,)])",
      ],
  )
  def test_C406_pass(code, flake8_path):
file /workdir/flake8-comprehensions-3.11.1/tests/test_flake8_comprehensions.py, line 15
  @pytest.fixture
  def flake8_path(flake8_path):
E       recursive dependency involving fixture 'flake8_path' detected
&gt;       available fixtures: cache, capfd, capfdbinary, caplog, capsys, capsysbinary, doctest_namespace, flake8_path, monkeypatch, pytestconfig, record_property, record_testsuite_property, record_xml_attribute, recwarn, tmp_path, tmp_path_factory, tmpdir, tmpdir_factory
&gt;       use 'pytest --fixtures [testpath]' for help on them.

/workdir/flake8-comprehensions-3.11.1/tests/test_flake8_comprehensions.py:15</error></testcase><testcase classname="tests.test_flake8_comprehensions" name="test_C406_pass[dict([(1,)])]" time="0.000"><error message="failed on setup with &quot;file /workdir/flake8-comprehensions-3.11.1/tests/test_flake8_comprehensions.py, line 288&#10;  @pytest.mark.parametrize(&#10;      &quot;code&quot;,&#10;      [&#10;          &quot;foo = dict(range)&quot;,&#10;          &quot;something = (1, 2); dict([something])&quot;,&#10;          &quot;dict([(1,)])&quot;,&#10;      ],&#10;  )&#10;  def test_C406_pass(code, flake8_path):&#10;file /workdir/flake8-comprehensions-3.11.1/tests/test_flake8_comprehensions.py, line 15&#10;  @pytest.fixture&#10;  def flake8_path(flake8_path):&#10;E       recursive dependency involving fixture 'flake8_path' detected&#10;&gt;       available fixtures: cache, capfd, capfdbinary, caplog, capsys, capsysbinary, doctest_namespace, flake8_path, monkeypatch, pytestconfig, record_property, record_testsuite_property, record_xml_attribute, recwarn, tmp_path, tmp_path_factory, tmpdir, tmpdir_factory&#10;&gt;       use 'pytest --fixtures [testpath]' for help on them.&#10;&#10;/workdir/flake8-comprehensions-3.11.1/tests/test_flake8_comprehensions.py:15&quot;">file /workdir/flake8-comprehensions-3.11.1/tests/test_flake8_comprehensions.py, line 288
  @pytest.mark.parametrize(
      "code",
      [
          "foo = dict(range)",
          "something = (1, 2); dict([something])",
          "dict([(1,)])",
      ],
  )
  def test_C406_pass(code, flake8_path):
file /workdir/flake8-comprehensions-3.11.1/tests/test_flake8_comprehensions.py, line 15
  @pytest.fixture
  def flake8_path(flake8_path):
E       recursive dependency involving fixture 'flake8_path' detected
&gt;       available fixtures: cache, capfd, capfdbinary, caplog, capsys, capsysbinary, doctest_namespace, flake8_path, monkeypatch, pytestconfig, record_property, record_testsuite_property, record_xml_attribute, recwarn, tmp_path, tmp_path_factory, tmpdir, tmpdir_factory
&gt;       use 'pytest --fixtures [testpath]' for help on them.

/workdir/flake8-comprehensions-3.11.1/tests/test_flake8_comprehensions.py:15</error></testcase><testcase classname="tests.test_flake8_comprehensions" name="test_C406_fail[foo = dict([])-failures0]" time="0.001"><error message="failed on setup with &quot;file /workdir/flake8-comprehensions-3.11.1/tests/test_flake8_comprehensions.py, line 302&#10;  @pytest.mark.parametrize(&#10;      &quot;code,failures&quot;,&#10;      [&#10;          (&#10;              &quot;foo = dict([])&quot;,&#10;              [&#10;                  &quot;./example.py:1:7: C406 Unnecessary list literal - rewrite as a dict &quot;&#10;                  + &quot;literal.&quot;&#10;              ],&#10;          ),&#10;          (&#10;              &quot;foo = dict([(1, 2)])&quot;,&#10;              [&#10;                  &quot;./example.py:1:7: C406 Unnecessary list literal - rewrite as a dict &quot;&#10;                  + &quot;literal.&quot;&#10;              ],&#10;          ),&#10;          (&#10;              &quot;foo = dict(())&quot;,&#10;              [&#10;                  &quot;./example.py:1:7: C406 Unnecessary tuple literal - rewrite as a dict &quot;&#10;                  + &quot;literal.&quot;&#10;              ],&#10;          ),&#10;          (&#10;              &quot;foo = dict(((1, 2),))&quot;,&#10;              [&#10;                  &quot;./example.py:1:7: C406 Unnecessary tuple literal - rewrite as a dict &quot;&#10;                  + &quot;literal.&quot;&#10;              ],&#10;          ),&#10;      ],&#10;  )&#10;  def test_C406_fail(code, failures, flake8_path):&#10;file /workdir/flake8-comprehensions-3.11.1/tests/test_flake8_comprehensions.py, line 15&#10;  @pytest.fixture&#10;  def flake8_path(flake8_path):&#10;E       recursive dependency involving fixture 'flake8_path' detected&#10;&gt;       available fixtures: cache, capfd, capfdbinary, caplog, capsys, capsysbinary, doctest_namespace, flake8_path, monkeypatch, pytestconfig, record_property, record_testsuite_property, record_xml_attribute, recwarn, tmp_path, tmp_path_factory, tmpdir, tmpdir_factory&#10;&gt;       use 'pytest --fixtures [testpath]' for help on them.&#10;&#10;/workdir/flake8-comprehensions-3.11.1/tests/test_flake8_comprehensions.py:15&quot;">file /workdir/flake8-comprehensions-3.11.1/tests/test_flake8_comprehensions.py, line 302
  @pytest.mark.parametrize(
      "code,failures",
      [
          (
              "foo = dict([])",
              [
                  "./example.py:1:7: C406 Unnecessary list literal - rewrite as a dict "
                  + "literal."
              ],
          ),
          (
              "foo = dict([(1, 2)])",
              [
                  "./example.py:1:7: C406 Unnecessary list literal - rewrite as a dict "
                  + "literal."
              ],
          ),
          (
              "foo = dict(())",
              [
                  "./example.py:1:7: C406 Unnecessary tuple literal - rewrite as a dict "
                  + "literal."
              ],
          ),
          (
              "foo = dict(((1, 2),))",
              [
                  "./example.py:1:7: C406 Unnecessary tuple literal - rewrite as a dict "
                  + "literal."
              ],
          ),
      ],
  )
  def test_C406_fail(code, failures, flake8_path):
file /workdir/flake8-comprehensions-3.11.1/tests/test_flake8_comprehensions.py, line 15
  @pytest.fixture
  def flake8_path(flake8_path):
E       recursive dependency involving fixture 'flake8_path' detected
&gt;       available fixtures: cache, capfd, capfdbinary, caplog, capsys, capsysbinary, doctest_namespace, flake8_path, monkeypatch, pytestconfig, record_property, record_testsuite_property, record_xml_attribute, recwarn, tmp_path, tmp_path_factory, tmpdir, tmpdir_factory
&gt;       use 'pytest --fixtures [testpath]' for help on them.

[...]
  @pytest.mark.parametrize(
      "code",
      [
          "map()",
          "map(str, numbers)",
          "list(map())",
          "list(map(str, numbers))",
          "set(map(f, items))",
          "dict(map(enumerate, values))",
          "dict(map(lambda v: data[v], values))",
      ],
  )
  def test_C417_pass(code, flake8_path):
file /workdir/flake8-comprehensions-3.11.1/tests/test_flake8_comprehensions.py, line 15
  @pytest.fixture
  def flake8_path(flake8_path):
E       recursive dependency involving fixture 'flake8_path' detected
&gt;       available fixtures: cache, capfd, capfdbinary, caplog, capsys, capsysbinary, doctest_namespace, flake8_path, monkeypatch, pytestconfig, record_property, record_testsuite_property, record_xml_attribute, recwarn, tmp_path, tmp_path_factory, tmpdir, tmpdir_factory
&gt;       use 'pytest --fixtures [testpath]' for help on them.

/workdir/flake8-comprehensions-3.11.1/tests/test_flake8_comprehensions.py:15</error></testcase><testcase classname="tests.test_flake8_comprehensions" name="test_C417_pass[dict(map(lambda v: data[v], values))]" time="0.001"><error message="failed on setup with &quot;file /workdir/flake8-comprehensions-3.11.1/tests/test_flake8_comprehensions.py, line 841&#10;  @pytest.mark.parametrize(&#10;      &quot;code&quot;,&#10;      [&#10;          &quot;map()&quot;,&#10;          &quot;map(str, numbers)&quot;,&#10;          &quot;list(map())&quot;,&#10;          &quot;list(map(str, numbers))&quot;,&#10;          &quot;set(map(f, items))&quot;,&#10;          &quot;dict(map(enumerate, values))&quot;,&#10;          &quot;dict(map(lambda v: data[v], values))&quot;,&#10;      ],&#10;  )&#10;  def test_C417_pass(code, flake8_path):&#10;file /workdir/flake8-comprehensions-3.11.1/tests/test_flake8_comprehensions.py, line 15&#10;  @pytest.fixture&#10;  def flake8_path(flake8_path):&#10;E       recursive dependency involving fixture 'flake8_path' detected&#10;&gt;       available fixtures: cache, capfd, capfdbinary, caplog, capsys, capsysbinary, doctest_namespace, flake8_path, monkeypatch, pytestconfig, record_property, record_testsuite_property, record_xml_attribute, recwarn, tmp_path, tmp_path_factory, tmpdir, tmpdir_factory&#10;&gt;       use 'pytest --fixtures [testpath]' for help on them.&#10;&#10;/workdir/flake8-comprehensions-3.11.1/tests/test_flake8_comprehensions.py:15&quot;">file /workdir/flake8-comprehensions-3.11.1/tests/test_flake8_comprehensions.py, line 841
  @pytest.mark.parametrize(
      "code",
      [
          "map()",
          "map(str, numbers)",
          "list(map())",
          "list(map(str, numbers))",
          "set(map(f, items))",
          "dict(map(enumerate, values))",
          "dict(map(lambda v: data[v], values))",
      ],
  )
  def test_C417_pass(code, flake8_path):
file /workdir/flake8-comprehensions-3.11.1/tests/test_flake8_comprehensions.py, line 15
  @pytest.fixture
  def flake8_path(flake8_path):
E       recursive dependency involving fixture 'flake8_path' detected
&gt;       available fixtures: cache, capfd, capfdbinary, caplog, capsys, capsysbinary, doctest_namespace, flake8_path, monkeypatch, pytestconfig, record_property, record_testsuite_property, record_xml_attribute, recwarn, tmp_path, tmp_path_factory, tmpdir, tmpdir_factory
&gt;       use 'pytest --fixtures [testpath]' for help on them.

/workdir/flake8-comprehensions-3.11.1/tests/test_flake8_comprehensions.py:15</error></testcase><testcase classname="tests.test_flake8_comprehensions" name="test_C417_fail[map(lambda x: x * 2, iterable)-failures0]" time="0.001"><error message="failed on setup with &quot;file /workdir/flake8-comprehensions-3.11.1/tests/test_flake8_comprehensions.py, line 859&#10;  @pytest.mark.parametrize(&#10;      &quot;code,failures&quot;,&#10;      [&#10;          (&#10;              &quot;map(lambda x: x * 2, iterable)&quot;,&#10;              [&#10;                  &quot;./example.py:1:1: C417 Unnecessary use of map - &quot;&#10;                  + &quot;use a generator expression instead.&quot;,&#10;              ],&#10;          ),&#10;          (&#10;              &quot;list(map(lambda x: x * 2, iterable))&quot;,&#10;              [&#10;                  &quot;./example.py:1:1: C417 Unnecessary use of map - &quot;&#10;                  + &quot;use a list comprehension instead.&quot;,&#10;              ],&#10;          ),&#10;          (&#10;              &quot;set(map(lambda num: num % 2 == 0, nums))&quot;,&#10;              [&#10;                  &quot;./example.py:1:1: C417 Unnecessary use of map - &quot;&#10;                  + &quot;use a set comprehension instead.&quot;,&#10;              ],&#10;          ),&#10;          (&#10;              &quot;dict(map(lambda v: (v, v ** 2), values))&quot;,&#10;              [&#10;                  &quot;./example.py:1:1: C417 Unnecessary use of map - &quot;&#10;                  &quot;use a dict comprehension instead.&quot;,&#10;              ],&#10;          ),&#10;      ],&#10;  )&#10;  def test_C417_fail(code, failures, flake8_path):&#10;file /workdir/flake8-comprehensions-3.11.1/tests/test_flake8_comprehensions.py, line 15&#10;  @pytest.fixture&#10;  def flake8_path(flake8_path):&#10;E       recursive dependency involving fixture 'flake8_path' detected&#10;&gt;       available fixtures: cache, capfd, capfdbinary, caplog, capsys, capsysbinary, doctest_namespace, flake8_path, monkeypatch, pytestconfig, record_property, record_testsuite_property, record_xml_attribute, recwarn, tmp_path, tmp_path_factory, tmpdir, tmpdir_factory&#10;&gt;       use 'pytest --fixtures [testpath]' for help on them.&#10;&#10;/workdir/flake8-comprehensions-3.11.1/tests/test_flake8_comprehensions.py:15&quot;">file /workdir/flake8-comprehensions-3.11.1/tests/test_flake8_comprehensions.py, line 859
  @pytest.mark.parametrize(
      "code,failures",
      [
          (
              "map(lambda x: x * 2, iterable)",
              [
                  "./example.py:1:1: C417 Unnecessary use of map - "
                  + "use a generator expression instead.",
              ],
          ),
          (
              "list(map(lambda x: x * 2, iterable))",
              [
                  "./example.py:1:1: C417 Unnecessary use of map - "
                  + "use a list comprehension instead.",
              ],
          ),
          (
              "set(map(lambda num: num % 2 == 0, nums))",
              [
                  "./example.py:1:1: C417 Unnecessary use of map - "
                  + "use a set comprehension instead.",
              ],
          ),
          (
              "dict(map(lambda v: (v, v ** 2), values))",
              [
                  "./example.py:1:1: C417 Unnecessary use of map - "
                  "use a dict comprehension instead.",
              ],
          ),
      ],
  )
  def test_C417_fail(code, failures, flake8_path):
file /workdir/flake8-comprehensions-3.11.1/tests/test_flake8_comprehensions.py, line 15
  @pytest.fixture
  def flake8_path(flake8_path):
E       recursive dependency involving fixture 'flake8_path' detected
&gt;       available fixtures: cache, capfd, capfdbinary, caplog, capsys, capsysbinary, doctest_namespace, flake8_path, monkeypatch, pytestconfig, record_property, record_testsuite_property, record_xml_attribute, recwarn, tmp_path, tmp_path_factory, tmpdir, tmpdir_factory
&gt;       use 'pytest --fixtures [testpath]' for help on them.

/workdir/flake8-comprehensions-3.11.1/tests/test_flake8_comprehensions.py:15</error></testcase><testcase classname="tests.test_flake8_comprehensions" name="test_C417_fail[list(map(lambda x: x * 2, iterable))-failures1]" time="0.002"><error message="failed on setup with &quot;file /workdir/flake8-comprehensions-3.11.1/tests/test_flake8_comprehensions.py, line 859&#10;  @pytest.mark.parametrize(&#10;      &quot;code,failures&quot;,&#10;      [&#10;          (&#10;              &quot;map(lambda x: x * 2, iterable)&quot;,&#10;              [&#10;                  &quot;./example.py:1:1: C417 Unnecessary use of map - &quot;&#10;                  + &quot;use a generator expression instead.&quot;,&#10;              ],&#10;          ),&#10;          (&#10;              &quot;list(map(lambda x: x * 2, iterable))&quot;,&#10;              [&#10;                  &quot;./example.py:1:1: C417 Unnecessary use of map - &quot;&#10;                  + &quot;use a list comprehension instead.&quot;,&#10;              ],&#10;          ),&#10;          (&#10;              &quot;set(map(lambda num: num % 2 == 0, nums))&quot;,&#10;              [&#10;                  &quot;./example.py:1:1: C417 Unnecessary use of map - &quot;&#10;                  + &quot;use a set comprehension instead.&quot;,&#10;              ],&#10;          ),&#10;          (&#10;              &quot;dict(map(lambda v: (v, v ** 2), values))&quot;,&#10;              [&#10;                  &quot;./example.py:1:1: C417 Unnecessary use of map - &quot;&#10;                  &quot;use a dict comprehension instead.&quot;,&#10;              ],&#10;          ),&#10;      ],&#10;  )&#10;  def test_C417_fail(code, failures, flake8_path):&#10;file /workdir/flake8-comprehensions-3.11.1/tests/test_flake8_comprehensions.py, line 15&#10;  @pytest.fixture&#10;  def flake8_path(flake8_path):&#10;E       recursive dependency involving fixture 'flake8_path' detected&#10;&gt;       available fixtures: cache, capfd, capfdbinary, caplog, capsys, capsysbinary, doctest_namespace, flake8_path, monkeypatch, pytestconfig, record_property, record_testsuite_property, record_xml_attribute, recwarn, tmp_path, tmp_path_factory, tmpdir, tmpdir_factory&#10;&gt;       use 'pytest --fixtures [testpath]' for help on them.&#10;&#10;/workdir/flake8-comprehensions-3.11.1/tests/test_flake8_comprehensions.py:15&quot;">file /workdir/flake8-comprehensions-3.11.1/tests/test_flake8_comprehensions.py, line 859
  @pytest.mark.parametrize(
      "code,failures",
      [
          (
              "map(lambda x: x * 2, iterable)",
              [
                  "./example.py:1:1: C417 Unnecessary use of map - "
                  + "use a generator expression instead.",
              ],
          ),
          (
              "list(map(lambda x: x * 2, iterable))",
              [
                  "./example.py:1:1: C417 Unnecessary use of map - "
                  + "use a list comprehension instead.",
              ],
          ),
          (
              "set(map(lambda num: num % 2 == 0, nums))",
              [
                  "./example.py:1:1: C417 Unnecessary use of map - "
                  + "use a set comprehension instead.",
              ],
          ),
          (
              "dict(map(lambda v: (v, v ** 2), values))",
              [
                  "./example.py:1:1: C417 Unnecessary use of map - "
                  "use a dict comprehension instead.",
              ],
          ),
      ],
  )
  def test_C417_fail(code, failures, flake8_path):
file /workdir/flake8-comprehensions-3.11.1/tests/test_flake8_comprehensions.py, line 15
  @pytest.fixture
  def flake8_path(flake8_path):
E       recursive dependency involving fixture 'flake8_path' detected
&gt;       available fixtures: cache, capfd, capfdbinary, caplog, capsys, capsysbinary, doctest_namespace, flake8_path, monkeypatch, pytestconfig, record_property, record_testsuite_property, record_xml_attribute, recwarn, tmp_path, tmp_path_factory, tmpdir, tmpdir_factory
&gt;       use 'pytest --fixtures [testpath]' for help on them.

/workdir/flake8-comprehensions-3.11.1/tests/test_flake8_comprehensions.py:15</error></testcase><testcase classname="tests.test_flake8_comprehensions" name="test_C417_fail[set(map(lambda num: num % 2 == 0, nums))-failures2]" time="0.001"><error message="failed on setup with &quot;file /workdir/flake8-comprehensions-3.11.1/tests/test_flake8_comprehensions.py, line 859&#10;  @pytest.mark.parametrize(&#10;      &quot;code,failures&quot;,&#10;      [&#10;          (&#10;              &quot;map(lambda x: x * 2, iterable)&quot;,&#10;              [&#10;                  &quot;./example.py:1:1: C417 Unnecessary use of map - &quot;&#10;                  + &quot;use a generator expression instead.&quot;,&#10;              ],&#10;          ),&#10;          (&#10;              &quot;list(map(lambda x: x * 2, iterable))&quot;,&#10;              [&#10;                  &quot;./example.py:1:1: C417 Unnecessary use of map - &quot;&#10;                  + &quot;use a list comprehension instead.&quot;,&#10;              ],&#10;          ),&#10;          (&#10;              &quot;set(map(lambda num: num % 2 == 0, nums))&quot;,&#10;              [&#10;                  &quot;./example.py:1:1: C417 Unnecessary use of map - &quot;&#10;                  + &quot;use a set comprehension instead.&quot;,&#10;              ],&#10;          ),&#10;          (&#10;              &quot;dict(map(lambda v: (v, v ** 2), values))&quot;,&#10;              [&#10;                  &quot;./example.py:1:1: C417 Unnecessary use of map - &quot;&#10;                  &quot;use a dict comprehension instead.&quot;,&#10;              ],&#10;          ),&#10;      ],&#10;  )&#10;  def test_C417_fail(code, failures, flake8_path):&#10;file /workdir/flake8-comprehensions-3.11.1/tests/test_flake8_comprehensions.py, line 15&#10;  @pytest.fixture&#10;  def flake8_path(flake8_path):&#10;E       recursive dependency involving fixture 'flake8_path' detected&#10;&gt;       available fixtures: cache, capfd, capfdbinary, caplog, capsys, capsysbinary, doctest_namespace, flake8_path, monkeypatch, pytestconfig, record_property, record_testsuite_property, record_xml_attribute, recwarn, tmp_path, tmp_path_factory, tmpdir, tmpdir_factory&#10;&gt;       use 'pytest --fixtures [testpath]' for help on them.&#10;&#10;/workdir/flake8-comprehensions-3.11.1/tests/test_flake8_comprehensions.py:15&quot;">file /workdir/flake8-comprehensions-3.11.1/tests/test_flake8_comprehensions.py, line 859
  @pytest.mark.parametrize(
      "code,failures",
      [
          (
              "map(lambda x: x * 2, iterable)",
              [
                  "./example.py:1:1: C417 Unnecessary use of map - "
                  + "use a generator expression instead.",
              ],
          ),
          (
              "list(map(lambda x: x * 2, iterable))",
              [
                  "./example.py:1:1: C417 Unnecessary use of map - "
                  + "use a list comprehension instead.",
              ],
          ),
          (
              "set(map(lambda num: num % 2 == 0, nums))",
              [
                  "./example.py:1:1: C417 Unnecessary use of map - "
                  + "use a set comprehension instead.",
              ],
          ),
          (
              "dict(map(lambda v: (v, v ** 2), values))",
              [
                  "./example.py:1:1: C417 Unnecessary use of map - "
                  "use a dict comprehension instead.",
              ],
          ),
      ],
  )
  def test_C417_fail(code, failures, flake8_path):
file /workdir/flake8-comprehensions-3.11.1/tests/test_flake8_comprehensions.py, line 15
  @pytest.fixture
  def flake8_path(flake8_path):
E       recursive dependency involving fixture 'flake8_path' detected
&gt;       available fixtures: cache, capfd, capfdbinary, caplog, capsys, capsysbinary, doctest_namespace, flake8_path, monkeypatch, pytestconfig, record_property, record_testsuite_property, record_xml_attribute, recwarn, tmp_path, tmp_path_factory, tmpdir, tmpdir_factory
&gt;       use 'pytest --fixtures [testpath]' for help on them.

/workdir/flake8-comprehensions-3.11.1/tests/test_flake8_comprehensions.py:15</error></testcase><testcase classname="tests.test_flake8_comprehensions" name="test_C417_fail[dict(map(lambda v: (v, v ** 2), values))-failures3]" time="0.001"><error message="failed on setup with &quot;file /workdir/flake8-comprehensions-3.11.1/tests/test_flake8_comprehensions.py, line 859&#10;  @pytest.mark.parametrize(&#10;      &quot;code,failures&quot;,&#10;      [&#10;          (&#10;              &quot;map(lambda x: x * 2, iterable)&quot;,&#10;              [&#10;                  &quot;./example.py:1:1: C417 Unnecessary use of map - &quot;&#10;                  + &quot;use a generator expression instead.&quot;,&#10;              ],&#10;          ),&#10;          (&#10;              &quot;list(map(lambda x: x * 2, iterable))&quot;,&#10;              [&#10;                  &quot;./example.py:1:1: C417 Unnecessary use of map - &quot;&#10;                  + &quot;use a list comprehension instead.&quot;,&#10;              ],&#10;          ),&#10;          (&#10;              &quot;set(map(lambda num: num % 2 == 0, nums))&quot;,&#10;              [&#10;                  &quot;./example.py:1:1: C417 Unnecessary use of map - &quot;&#10;                  + &quot;use a set comprehension instead.&quot;,&#10;              ],&#10;          ),&#10;          (&#10;              &quot;dict(map(lambda v: (v, v ** 2), values))&quot;,&#10;              [&#10;                  &quot;./example.py:1:1: C417 Unnecessary use of map - &quot;&#10;                  &quot;use a dict comprehension instead.&quot;,&#10;              ],&#10;          ),&#10;      ],&#10;  )&#10;  def test_C417_fail(code, failures, flake8_path):&#10;file /workdir/flake8-comprehensions-3.11.1/tests/test_flake8_comprehensions.py, line 15&#10;  @pytest.fixture&#10;  def flake8_path(flake8_path):&#10;E       recursive dependency involving fixture 'flake8_path' detected&#10;&gt;       available fixtures: cache, capfd, capfdbinary, caplog, capsys, capsysbinary, doctest_namespace, flake8_path, monkeypatch, pytestconfig, record_property, record_testsuite_property, record_xml_attribute, recwarn, tmp_path, tmp_path_factory, tmpdir, tmpdir_factory&#10;&gt;       use 'pytest --fixtures [testpath]' for help on them.&#10;&#10;/workdir/flake8-comprehensions-3.11.1/tests/test_flake8_comprehensions.py:15&quot;">file /workdir/flake8-comprehensions-3.11.1/tests/test_flake8_comprehensions.py, line 859
  @pytest.mark.parametrize(
      "code,failures",
      [
          (
              "map(lambda x: x * 2, iterable)",
              [
                  "./example.py:1:1: C417 Unnecessary use of map - "
                  + "use a generator expression instead.",
              ],
          ),
          (
              "list(map(lambda x: x * 2, iterable))",
              [
                  "./example.py:1:1: C417 Unnecessary use of map - "
                  + "use a list comprehension instead.",
              ],
          ),
          (
              "set(map(lambda num: num % 2 == 0, nums))",
              [
                  "./example.py:1:1: C417 Unnecessary use of map - "
                  + "use a set comprehension instead.",
              ],
          ),
          (
              "dict(map(lambda v: (v, v ** 2), values))",
              [
                  "./example.py:1:1: C417 Unnecessary use of map - "
                  "use a dict comprehension instead.",
              ],
          ),
      ],
  )
  def test_C417_fail(code, failures, flake8_path):
file /workdir/flake8-comprehensions-3.11.1/tests/test_flake8_comprehensions.py, line 15
  @pytest.fixture
  def flake8_path(flake8_path):
E       recursive dependency involving fixture 'flake8_path' detected
&gt;       available fixtures: cache, capfd, capfdbinary, caplog, capsys, capsysbinary, doctest_namespace, flake8_path, monkeypatch, pytestconfig, record_property, record_testsuite_property, record_xml_attribute, recwarn, tmp_path, tmp_path_factory, tmpdir, tmpdir_factory
&gt;       use 'pytest --fixtures [testpath]' for help on them.

/workdir/flake8-comprehensions-3.11.1/tests/test_flake8_comprehensions.py:15</error></testcase></testsuite></testsuites>