<?xml version="1.0" encoding="utf-8"?><testsuites><testsuite name="pytest" errors="12" failures="0" skipped="0" tests="12" time="3.160" timestamp="2023-11-21T01:41:58.079634" hostname="b80581c01e0f"><testcase classname="" name="dateparser.calendars.hijri" time="0.000"><error message="collection failure">Traceback (most recent call last):
  File "/workdir/dateparser-1.1.4/.tox/cpythonlibtest-unit-test-tests/lib/python3.10/site-packages/_pytest/runner.py", line 341, in from_call
    result: Optional[TResult] = func()
  File "/workdir/dateparser-1.1.4/.tox/cpythonlibtest-unit-test-tests/lib/python3.10/site-packages/_pytest/runner.py", line 372, in &lt;lambda&gt;
    call = CallInfo.from_call(lambda: list(collector.collect()), "collect")
  File "/workdir/dateparser-1.1.4/.tox/cpythonlibtest-unit-test-tests/lib/python3.10/site-packages/_pytest/doctest.py", line 567, in collect
    module = import_path(
  File "/workdir/dateparser-1.1.4/.tox/cpythonlibtest-unit-test-tests/lib/python3.10/site-packages/_pytest/pathlib.py", line 567, in import_path
    importlib.import_module(module_name)
  File "/usr/local/lib/python3.10/importlib/__init__.py", line 126, in import_module
    return _bootstrap._gcd_import(name[level:], package, level)
  File "&lt;frozen importlib._bootstrap&gt;", line 1050, in _gcd_import
  File "&lt;frozen importlib._bootstrap&gt;", line 1027, in _find_and_load
  File "&lt;frozen importlib._bootstrap&gt;", line 1006, in _find_and_load_unlocked
  File "&lt;frozen importlib._bootstrap&gt;", line 688, in _load_unlocked
  File "&lt;frozen importlib._bootstrap_external&gt;", line 883, in exec_module
  File "&lt;frozen importlib._bootstrap&gt;", line 241, in _call_with_frames_removed
  File "/workdir/dateparser-1.1.4/dateparser/calendars/hijri.py", line 2, in &lt;module&gt;
    from dateparser.calendars.hijri_parser import hijri_parser
  File "/workdir/dateparser-1.1.4/dateparser/calendars/hijri_parser.py", line 1, in &lt;module&gt;
    from hijri_converter import convert
ModuleNotFoundError: No module named 'hijri_converter'</error></testcase><testcase classname="" name="dateparser.calendars.hijri_parser" time="0.000"><error message="collection failure">Traceback (most recent call last):
  File "/workdir/dateparser-1.1.4/.tox/cpythonlibtest-unit-test-tests/lib/python3.10/site-packages/_pytest/runner.py", line 341, in from_call
    result: Optional[TResult] = func()
  File "/workdir/dateparser-1.1.4/.tox/cpythonlibtest-unit-test-tests/lib/python3.10/site-packages/_pytest/runner.py", line 372, in &lt;lambda&gt;
    call = CallInfo.from_call(lambda: list(collector.collect()), "collect")
  File "/workdir/dateparser-1.1.4/.tox/cpythonlibtest-unit-test-tests/lib/python3.10/site-packages/_pytest/doctest.py", line 567, in collect
    module = import_path(
  File "/workdir/dateparser-1.1.4/.tox/cpythonlibtest-unit-test-tests/lib/python3.10/site-packages/_pytest/pathlib.py", line 567, in import_path
    importlib.import_module(module_name)
  File "/usr/local/lib/python3.10/importlib/__init__.py", line 126, in import_module
    return _bootstrap._gcd_import(name[level:], package, level)
  File "&lt;frozen importlib._bootstrap&gt;", line 1050, in _gcd_import
  File "&lt;frozen importlib._bootstrap&gt;", line 1027, in _find_and_load
  File "&lt;frozen importlib._bootstrap&gt;", line 1006, in _find_and_load_unlocked
  File "&lt;frozen importlib._bootstrap&gt;", line 688, in _load_unlocked
  File "&lt;frozen importlib._bootstrap_external&gt;", line 883, in exec_module
  File "&lt;frozen importlib._bootstrap&gt;", line 241, in _call_with_frames_removed
  File "/workdir/dateparser-1.1.4/dateparser/calendars/hijri_parser.py", line 1, in &lt;module&gt;
    from hijri_converter import convert
ModuleNotFoundError: No module named 'hijri_converter'</error></testcase><testcase classname="" name="dateparser.calendars.jalali" time="0.000"><error message="collection failure">Traceback (most recent call last):
  File "/workdir/dateparser-1.1.4/.tox/cpythonlibtest-unit-test-tests/lib/python3.10/site-packages/_pytest/runner.py", line 341, in from_call
    result: Optional[TResult] = func()
  File "/workdir/dateparser-1.1.4/.tox/cpythonlibtest-unit-test-tests/lib/python3.10/site-packages/_pytest/runner.py", line 372, in &lt;lambda&gt;
    call = CallInfo.from_call(lambda: list(collector.collect()), "collect")
  File "/workdir/dateparser-1.1.4/.tox/cpythonlibtest-unit-test-tests/lib/python3.10/site-packages/_pytest/doctest.py", line 567, in collect
    module = import_path(
  File "/workdir/dateparser-1.1.4/.tox/cpythonlibtest-unit-test-tests/lib/python3.10/site-packages/_pytest/pathlib.py", line 567, in import_path
    importlib.import_module(module_name)
  File "/usr/local/lib/python3.10/importlib/__init__.py", line 126, in import_module
    return _bootstrap._gcd_import(name[level:], package, level)
  File "&lt;frozen importlib._bootstrap&gt;", line 1050, in _gcd_import
  File "&lt;frozen importlib._bootstrap&gt;", line 1027, in _find_and_load
  File "&lt;frozen importlib._bootstrap&gt;", line 1006, in _find_and_load_unlocked
  File "&lt;frozen importlib._bootstrap&gt;", line 688, in _load_unlocked
  File "&lt;frozen importlib._bootstrap_external&gt;", line 883, in exec_module
  File "&lt;frozen importlib._bootstrap&gt;", line 241, in _call_with_frames_removed
  File "/workdir/dateparser-1.1.4/dateparser/calendars/jalali.py", line 2, in &lt;module&gt;
    from dateparser.calendars.jalali_parser import jalali_parser
  File "/workdir/dateparser-1.1.4/dateparser/calendars/jalali_parser.py", line 4, in &lt;module&gt;
    from convertdate import persian
ModuleNotFoundError: No module named 'convertdate'</error></testcase><testcase classname="" name="dateparser.calendars.jalali_parser" time="0.000"><error message="collection failure">Traceback (most recent call last):
  File "/workdir/dateparser-1.1.4/.tox/cpythonlibtest-unit-test-tests/lib/python3.10/site-packages/_pytest/runner.py", line 341, in from_call
    result: Optional[TResult] = func()
  File "/workdir/dateparser-1.1.4/.tox/cpythonlibtest-unit-test-tests/lib/python3.10/site-packages/_pytest/runner.py", line 372, in &lt;lambda&gt;
    call = CallInfo.from_call(lambda: list(collector.collect()), "collect")
  File "/workdir/dateparser-1.1.4/.tox/cpythonlibtest-unit-test-tests/lib/python3.10/site-packages/_pytest/doctest.py", line 567, in collect
    module = import_path(
  File "/workdir/dateparser-1.1.4/.tox/cpythonlibtest-unit-test-tests/lib/python3.10/site-packages/_pytest/pathlib.py", line 567, in import_path
    importlib.import_module(module_name)
  File "/usr/local/lib/python3.10/importlib/__init__.py", line 126, in import_module
    return _bootstrap._gcd_import(name[level:], package, level)
  File "&lt;frozen importlib._bootstrap&gt;", line 1050, in _gcd_import
  File "&lt;frozen importlib._bootstrap&gt;", line 1027, in _find_and_load
  File "&lt;frozen importlib._bootstrap&gt;", line 1006, in _find_and_load_unlocked
  File "&lt;frozen importlib._bootstrap&gt;", line 688, in _load_unlocked
  File "&lt;frozen importlib._bootstrap_external&gt;", line 883, in exec_module
  File "&lt;frozen importlib._bootstrap&gt;", line 241, in _call_with_frames_removed
  File "/workdir/dateparser-1.1.4/dateparser/calendars/jalali_parser.py", line 4, in &lt;module&gt;
    from convertdate import persian
ModuleNotFoundError: No module named 'convertdate'</error></testcase><testcase classname="" name="dateparser.custom_language_detection.fasttext" time="0.000"><error message="collection failure">Traceback (most recent call last):
  File "/workdir/dateparser-1.1.4/.tox/cpythonlibtest-unit-test-tests/lib/python3.10/site-packages/_pytest/runner.py", line 341, in from_call
    result: Optional[TResult] = func()
  File "/workdir/dateparser-1.1.4/.tox/cpythonlibtest-unit-test-tests/lib/python3.10/site-packages/_pytest/runner.py", line 372, in &lt;lambda&gt;
    call = CallInfo.from_call(lambda: list(collector.collect()), "collect")
  File "/workdir/dateparser-1.1.4/.tox/cpythonlibtest-unit-test-tests/lib/python3.10/site-packages/_pytest/doctest.py", line 567, in collect
    module = import_path(
  File "/workdir/dateparser-1.1.4/.tox/cpythonlibtest-unit-test-tests/lib/python3.10/site-packages/_pytest/pathlib.py", line 567, in import_path
    importlib.import_module(module_name)
  File "/usr/local/lib/python3.10/importlib/__init__.py", line 126, in import_module
    return _bootstrap._gcd_import(name[level:], package, level)
  File "&lt;frozen importlib._bootstrap&gt;", line 1050, in _gcd_import
  File "&lt;frozen importlib._bootstrap&gt;", line 1027, in _find_and_load
  File "&lt;frozen importlib._bootstrap&gt;", line 1006, in _find_and_load_unlocked
  File "&lt;frozen importlib._bootstrap&gt;", line 688, in _load_unlocked
  File "&lt;frozen importlib._bootstrap_external&gt;", line 883, in exec_module
  File "&lt;frozen importlib._bootstrap&gt;", line 241, in _call_with_frames_removed
  File "/workdir/dateparser-1.1.4/dateparser/custom_language_detection/fasttext.py", line 3, in &lt;module&gt;
    import fasttext
ModuleNotFoundError: No module named 'fasttext'</error></testcase><testcase classname="" name="dateparser.custom_language_detection.langdetect" time="0.000"><error message="collection failure">Traceback (most recent call last):
  File "/workdir/dateparser-1.1.4/.tox/cpythonlibtest-unit-test-tests/lib/python3.10/site-packages/_pytest/runner.py", line 341, in from_call
    result: Optional[TResult] = func()
  File "/workdir/dateparser-1.1.4/.tox/cpythonlibtest-unit-test-tests/lib/python3.10/site-packages/_pytest/runner.py", line 372, in &lt;lambda&gt;
    call = CallInfo.from_call(lambda: list(collector.collect()), "collect")
  File "/workdir/dateparser-1.1.4/.tox/cpythonlibtest-unit-test-tests/lib/python3.10/site-packages/_pytest/doctest.py", line 567, in collect
    module = import_path(
  File "/workdir/dateparser-1.1.4/.tox/cpythonlibtest-unit-test-tests/lib/python3.10/site-packages/_pytest/pathlib.py", line 567, in import_path
    importlib.import_module(module_name)
  File "/usr/local/lib/python3.10/importlib/__init__.py", line 126, in import_module
    return _bootstrap._gcd_import(name[level:], package, level)
  File "&lt;frozen importlib._bootstrap&gt;", line 1050, in _gcd_import
  File "&lt;frozen importlib._bootstrap&gt;", line 1027, in _find_and_load
  File "&lt;frozen importlib._bootstrap&gt;", line 1006, in _find_and_load_unlocked
  File "&lt;frozen importlib._bootstrap&gt;", line 688, in _load_unlocked
  File "&lt;frozen importlib._bootstrap_external&gt;", line 883, in exec_module
  File "&lt;frozen importlib._bootstrap&gt;", line 241, in _call_with_frames_removed
  File "/workdir/dateparser-1.1.4/dateparser/custom_language_detection/langdetect.py", line 1, in &lt;module&gt;
    import langdetect
ModuleNotFoundError: No module named 'langdetect'</error></testcase><testcase classname="" name="tests.test_hijri" time="0.000"><error message="collection failure">Traceback (most recent call last):
  File "/workdir/dateparser-1.1.4/.tox/cpythonlibtest-unit-test-tests/lib/python3.10/site-packages/_pytest/runner.py", line 341, in from_call
    result: Optional[TResult] = func()
  File "/workdir/dateparser-1.1.4/.tox/cpythonlibtest-unit-test-tests/lib/python3.10/site-packages/_pytest/runner.py", line 372, in &lt;lambda&gt;
    call = CallInfo.from_call(lambda: list(collector.collect()), "collect")
  File "/workdir/dateparser-1.1.4/.tox/cpythonlibtest-unit-test-tests/lib/python3.10/site-packages/_pytest/doctest.py", line 567, in collect
    module = import_path(
  File "/workdir/dateparser-1.1.4/.tox/cpythonlibtest-unit-test-tests/lib/python3.10/site-packages/_pytest/pathlib.py", line 567, in import_path
    importlib.import_module(module_name)
  File "/usr/local/lib/python3.10/importlib/__init__.py", line 126, in import_module
    return _bootstrap._gcd_import(name[level:], package, level)
  File "&lt;frozen importlib._bootstrap&gt;", line 1050, in _gcd_import
  File "&lt;frozen importlib._bootstrap&gt;", line 1027, in _find_and_load
  File "&lt;frozen importlib._bootstrap&gt;", line 1006, in _find_and_load_unlocked
  File "&lt;frozen importlib._bootstrap&gt;", line 688, in _load_unlocked
  File "&lt;frozen importlib._bootstrap_external&gt;", line 883, in exec_module
  File "&lt;frozen importlib._bootstrap&gt;", line 241, in _call_with_frames_removed
  File "/workdir/dateparser-1.1.4/tests/test_hijri.py", line 9, in &lt;module&gt;
    from dateparser.calendars.hijri import HijriCalendar
  File "/workdir/dateparser-1.1.4/dateparser/calendars/hijri.py", line 2, in &lt;module&gt;
    from dateparser.calendars.hijri_parser import hijri_parser
  File "/workdir/dateparser-1.1.4/dateparser/calendars/hijri_parser.py", line 1, in &lt;module&gt;
    from hijri_converter import convert
ModuleNotFoundError: No module named 'hijri_converter'</error><error message="collection failure">ImportError while importing test module '/workdir/dateparser-1.1.4/tests/test_hijri.py'.
Hint: make sure your test modules/packages have valid Python names.
Traceback:
/usr/local/lib/python3.10/importlib/__init__.py:126: in import_module
    return _bootstrap._gcd_import(name[level:], package, level)
../tests/test_hijri.py:9: in &lt;module&gt;
    from dateparser.calendars.hijri import HijriCalendar
../dateparser/calendars/hijri.py:2: in &lt;module&gt;
    from dateparser.calendars.hijri_parser import hijri_parser
../dateparser/calendars/hijri_parser.py:1: in &lt;module&gt;
    from hijri_converter import convert
E   ModuleNotFoundError: No module named 'hijri_converter'</error></testcase><testcase classname="" name="tests.test_jalali" time="0.000"><error message="collection failure">Traceback (most recent call last):
  File "/workdir/dateparser-1.1.4/.tox/cpythonlibtest-unit-test-tests/lib/python3.10/site-packages/_pytest/runner.py", line 341, in from_call
    result: Optional[TResult] = func()
  File "/workdir/dateparser-1.1.4/.tox/cpythonlibtest-unit-test-tests/lib/python3.10/site-packages/_pytest/runner.py", line 372, in &lt;lambda&gt;
    call = CallInfo.from_call(lambda: list(collector.collect()), "collect")
  File "/workdir/dateparser-1.1.4/.tox/cpythonlibtest-unit-test-tests/lib/python3.10/site-packages/_pytest/doctest.py", line 567, in collect
    module = import_path(
  File "/workdir/dateparser-1.1.4/.tox/cpythonlibtest-unit-test-tests/lib/python3.10/site-packages/_pytest/pathlib.py", line 567, in import_path
    importlib.import_module(module_name)
  File "/usr/local/lib/python3.10/importlib/__init__.py", line 126, in import_module
    return _bootstrap._gcd_import(name[level:], package, level)
  File "&lt;frozen importlib._bootstrap&gt;", line 1050, in _gcd_import
  File "&lt;frozen importlib._bootstrap&gt;", line 1027, in _find_and_load
  File "&lt;frozen importlib._bootstrap&gt;", line 1006, in _find_and_load_unlocked
  File "&lt;frozen importlib._bootstrap&gt;", line 688, in _load_unlocked
  File "&lt;frozen importlib._bootstrap_external&gt;", line 883, in exec_module
  File "&lt;frozen importlib._bootstrap&gt;", line 241, in _call_with_frames_removed
  File "/workdir/dateparser-1.1.4/tests/test_jalali.py", line 4, in &lt;module&gt;
    from dateparser.calendars.jalali import JalaliCalendar
  File "/workdir/dateparser-1.1.4/dateparser/calendars/jalali.py", line 2, in &lt;module&gt;
    from dateparser.calendars.jalali_parser import jalali_parser
  File "/workdir/dateparser-1.1.4/dateparser/calendars/jalali_parser.py", line 4, in &lt;module&gt;
    from convertdate import persian
ModuleNotFoundError: No module named 'convertdate'</error><error message="collection failure">ImportError while importing test module '/workdir/dateparser-1.1.4/tests/test_jalali.py'.
Hint: make sure your test modules/packages have valid Python names.
Traceback:
/usr/local/lib/python3.10/importlib/__init__.py:126: in import_module
    return _bootstrap._gcd_import(name[level:], package, level)
../tests/test_jalali.py:4: in &lt;module&gt;
    from dateparser.calendars.jalali import JalaliCalendar
../dateparser/calendars/jalali.py:2: in &lt;module&gt;
    from dateparser.calendars.jalali_parser import jalali_parser
../dateparser/calendars/jalali_parser.py:4: in &lt;module&gt;
    from convertdate import persian
E   ModuleNotFoundError: No module named 'convertdate'</error></testcase><testcase classname="" name="tests.test_language_detect" time="0.000"><error message="collection failure">Traceback (most recent call last):
  File "/workdir/dateparser-1.1.4/.tox/cpythonlibtest-unit-test-tests/lib/python3.10/site-packages/_pytest/runner.py", line 341, in from_call
    result: Optional[TResult] = func()
  File "/workdir/dateparser-1.1.4/.tox/cpythonlibtest-unit-test-tests/lib/python3.10/site-packages/_pytest/runner.py", line 372, in &lt;lambda&gt;
    call = CallInfo.from_call(lambda: list(collector.collect()), "collect")
  File "/workdir/dateparser-1.1.4/.tox/cpythonlibtest-unit-test-tests/lib/python3.10/site-packages/_pytest/doctest.py", line 567, in collect
    module = import_path(
  File "/workdir/dateparser-1.1.4/.tox/cpythonlibtest-unit-test-tests/lib/python3.10/site-packages/_pytest/pathlib.py", line 567, in import_path
    importlib.import_module(module_name)
  File "/usr/local/lib/python3.10/importlib/__init__.py", line 126, in import_module
    return _bootstrap._gcd_import(name[level:], package, level)
  File "&lt;frozen importlib._bootstrap&gt;", line 1050, in _gcd_import
  File "&lt;frozen importlib._bootstrap&gt;", line 1027, in _find_and_load
  File "&lt;frozen importlib._bootstrap&gt;", line 1006, in _find_and_load_unlocked
  File "&lt;frozen importlib._bootstrap&gt;", line 688, in _load_unlocked
  File "&lt;frozen importlib._bootstrap_external&gt;", line 883, in exec_module
  File "&lt;frozen importlib._bootstrap&gt;", line 241, in _call_with_frames_removed
  File "/workdir/dateparser-1.1.4/tests/test_language_detect.py", line 7, in &lt;module&gt;
    from dateparser.custom_language_detection.fasttext import detect_languages as fast_text_detect_languages
  File "/workdir/dateparser-1.1.4/dateparser/custom_language_detection/fasttext.py", line 3, in &lt;module&gt;
    import fasttext
ModuleNotFoundError: No module named 'fasttext'</error><error message="collection failure">ImportError while importing test module '/workdir/dateparser-1.1.4/tests/test_language_detect.py'.
Hint: make sure your test modules/packages have valid Python names.
Traceback:
/usr/local/lib/python3.10/importlib/__init__.py:126: in import_module
    return _bootstrap._gcd_import(name[level:], package, level)
../tests/test_language_detect.py:7: in &lt;module&gt;
    from dateparser.custom_language_detection.fasttext import detect_languages as fast_text_detect_languages
../dateparser/custom_language_detection/fasttext.py:3: in &lt;module&gt;
    import fasttext
E   ModuleNotFoundError: No module named 'fasttext'</error></testcase></testsuite></testsuites>