GLOB sdist-make: /workdir/llvmlite-0.40.1/setup.py
cpythonlibtest-unit-test-tests create: /workdir/llvmlite-0.40.1/.tox/cpythonlibtest-unit-test-tests
cpythonlibtest-unit-test-tests installdeps: mock, pytest
cpythonlibtest-unit-test-tests inst: /workdir/llvmlite-0.40.1/.tox/.tmp/package/1/llvmlite-0.40.1.zip
cpythonlibtest-unit-test-tests installed: exceptiongroup==1.2.0,iniconfig==2.0.0,llvmlite @ file:///workdir/llvmlite-0.40.1/.tox/.tmp/package/1/llvmlite-0.40.1.zip#sha256=4901cf84196527077ceadd6aa55fbce39f7c8c8db22965b42e323b50964c65bb,mock==5.1.0,packaging==23.2,pluggy==1.3.0,pytest==7.4.3,tomli==2.0.1
cpythonlibtest-unit-test-tests run-test-pre: PYTHONHASHSEED='4268214927'
cpythonlibtest-unit-test-tests run-test: commands[0] | pytest -v --tb=native --junitxml /workdir/results/llvmlite/0.40.1/1/cpython-test-results.xml
============================= test session starts ==============================
platform linux -- Python 3.10.8, pytest-7.4.3, pluggy-1.3.0 -- /workdir/llvmlite-0.40.1/.tox/cpythonlibtest-unit-test-tests/bin/python
cachedir: .tox/cpythonlibtest-unit-test-tests/.pytest_cache
rootdir: /workdir/llvmlite-0.40.1
collecting ... collected 0 items / 5 errors

==================================== ERRORS ====================================
_____________ ERROR collecting conda-recipes/llvmlite/run_test.py ______________
Traceback (most recent call last):
  File "/workdir/llvmlite-0.40.1/.tox/cpythonlibtest-unit-test-tests/lib/python3.10/site-packages/_pytest/runner.py", line 341, in from_call
    result: Optional[TResult] = func()
  File "/workdir/llvmlite-0.40.1/.tox/cpythonlibtest-unit-test-tests/lib/python3.10/site-packages/_pytest/runner.py", line 372, in <lambda>
    call = CallInfo.from_call(lambda: list(collector.collect()), "collect")
  File "/workdir/llvmlite-0.40.1/.tox/cpythonlibtest-unit-test-tests/lib/python3.10/site-packages/_pytest/python.py", line 531, in collect
    self._inject_setup_module_fixture()
  File "/workdir/llvmlite-0.40.1/.tox/cpythonlibtest-unit-test-tests/lib/python3.10/site-packages/_pytest/python.py", line 545, in _inject_setup_module_fixture
    self.obj, ("setUpModule", "setup_module")
  File "/workdir/llvmlite-0.40.1/.tox/cpythonlibtest-unit-test-tests/lib/python3.10/site-packages/_pytest/python.py", line 310, in obj
    self._obj = obj = self._getobj()
  File "/workdir/llvmlite-0.40.1/.tox/cpythonlibtest-unit-test-tests/lib/python3.10/site-packages/_pytest/python.py", line 528, in _getobj
    return self._importtestmodule()
  File "/workdir/llvmlite-0.40.1/.tox/cpythonlibtest-unit-test-tests/lib/python3.10/site-packages/_pytest/python.py", line 617, in _importtestmodule
    mod = import_path(self.path, mode=importmode, root=self.config.rootpath)
  File "/workdir/llvmlite-0.40.1/.tox/cpythonlibtest-unit-test-tests/lib/python3.10/site-packages/_pytest/pathlib.py", line 567, in import_path
    importlib.import_module(module_name)
  File "/usr/local/lib/python3.10/importlib/__init__.py", line 126, in import_module
    return _bootstrap._gcd_import(name[level:], package, level)
  File "<frozen importlib._bootstrap>", line 1050, in _gcd_import
  File "<frozen importlib._bootstrap>", line 1027, in _find_and_load
  File "<frozen importlib._bootstrap>", line 1006, in _find_and_load_unlocked
  File "<frozen importlib._bootstrap>", line 688, in _load_unlocked
  File "/workdir/llvmlite-0.40.1/.tox/cpythonlibtest-unit-test-tests/lib/python3.10/site-packages/_pytest/assertion/rewrite.py", line 186, in exec_module
    exec(co, module.__dict__)
  File "/workdir/llvmlite-0.40.1/conda-recipes/llvmlite/run_test.py", line 6, in <module>
    main()
  File "/workdir/llvmlite-0.40.1/.tox/cpythonlibtest-unit-test-tests/lib/python3.10/site-packages/llvmlite/tests/__init__.py", line 56, in main
    res = run_tests()
  File "/workdir/llvmlite-0.40.1/.tox/cpythonlibtest-unit-test-tests/lib/python3.10/site-packages/llvmlite/tests/__init__.py", line 50, in run_tests
    prog = unittest.main(suite=suite, testRunner=runner, exit=False,
  File "/workdir/llvmlite-0.40.1/.tox/cpythonlibtest-unit-test-tests/lib/python3.10/site-packages/llvmlite/tests/customize.py", line 38, in __init__
    super(NumbaTestProgram, self).__init__(*args, **kwargs)
  File "/usr/local/lib/python3.10/unittest/main.py", line 100, in __init__
    self.parseArgs(argv)
  File "/workdir/llvmlite-0.40.1/.tox/cpythonlibtest-unit-test-tests/lib/python3.10/site-packages/llvmlite/tests/customize.py", line 72, in parseArgs
    super(NumbaTestProgram, self).parseArgs(argv)
  File "/usr/local/lib/python3.10/unittest/main.py", line 133, in parseArgs
    self._main_parser.parse_args(argv[1:], self)
  File "/usr/local/lib/python3.10/argparse.py", line 1829, in parse_args
    self.error(msg % ' '.join(argv))
  File "/usr/local/lib/python3.10/argparse.py", line 2583, in error
    self.exit(2, _('%(prog)s: error: %(message)s\n') % args)
  File "/usr/local/lib/python3.10/argparse.py", line 2570, in exit
    _sys.exit(status)
SystemExit: 2
------------------------------- Captured stderr --------------------------------
usage: pytest [-h] [-v] [-q] [--locals] [-f] [-c] [-b] [-k TESTNAMEPATTERNS]
              [-R] [-m] [--profile]
              [tests ...]
pytest: error: unrecognized arguments: --tb=native --junitxml
_______________ ERROR collecting llvmlite/tests/test_binding.py ________________
import file mismatch:
imported module 'llvmlite.tests.test_binding' has this __file__ attribute:
  /workdir/llvmlite-0.40.1/.tox/cpythonlibtest-unit-test-tests/lib/python3.10/site-packages/llvmlite/tests/test_binding.py
which is not the same as the test file we want to collect:
  /workdir/llvmlite-0.40.1/llvmlite/tests/test_binding.py
HINT: remove __pycache__ / .pyc files and/or use a unique basename for your test file modules
__________________ ERROR collecting llvmlite/tests/test_ir.py __________________
import file mismatch:
imported module 'llvmlite.tests.test_ir' has this __file__ attribute:
  /workdir/llvmlite-0.40.1/.tox/cpythonlibtest-unit-test-tests/lib/python3.10/site-packages/llvmlite/tests/test_ir.py
which is not the same as the test file we want to collect:
  /workdir/llvmlite-0.40.1/llvmlite/tests/test_ir.py
HINT: remove __pycache__ / .pyc files and/or use a unique basename for your test file modules
_______________ ERROR collecting llvmlite/tests/test_refprune.py _______________
import file mismatch:
imported module 'llvmlite.tests.test_refprune' has this __file__ attribute:
  /workdir/llvmlite-0.40.1/.tox/cpythonlibtest-unit-test-tests/lib/python3.10/site-packages/llvmlite/tests/test_refprune.py
which is not the same as the test file we want to collect:
  /workdir/llvmlite-0.40.1/llvmlite/tests/test_refprune.py
HINT: remove __pycache__ / .pyc files and/or use a unique basename for your test file modules
______________ ERROR collecting llvmlite/tests/test_valuerepr.py _______________
import file mismatch:
imported module 'llvmlite.tests.test_valuerepr' has this __file__ attribute:
  /workdir/llvmlite-0.40.1/.tox/cpythonlibtest-unit-test-tests/lib/python3.10/site-packages/llvmlite/tests/test_valuerepr.py
which is not the same as the test file we want to collect:
  /workdir/llvmlite-0.40.1/llvmlite/tests/test_valuerepr.py
HINT: remove __pycache__ / .pyc files and/or use a unique basename for your test file modules
- generated xml file: /workdir/results/llvmlite/0.40.1/1/cpython-test-results.xml -
=========================== short test summary info ============================
ERROR conda-recipes/llvmlite/run_test.py - SystemExit: 2
ERROR llvmlite/tests/test_binding.py
ERROR llvmlite/tests/test_ir.py
ERROR llvmlite/tests/test_refprune.py
ERROR llvmlite/tests/test_valuerepr.py
!!!!!!!!!!!!!!!!!!! Interrupted: 5 errors during collection !!!!!!!!!!!!!!!!!!!!
============================== 5 errors in 0.24s ===============================
ERROR: InvocationError for command /workdir/llvmlite-0.40.1/.tox/cpythonlibtest-unit-test-tests/bin/pytest -v --tb=native --junitxml /workdir/results/llvmlite/0.40.1/1/cpython-test-results.xml (exited with code 2)
___________________________________ summary ____________________________________
ERROR:   cpythonlibtest-unit-test-tests: commands failed
