warning: no previously-included files found matching 'requirements.txt'
warning: no previously-included files found matching 'release.py'
warning: no previously-included files found matching 'mypy.ini'
warning: no previously-included files matching '*' found under directory '.github'
warning: no previously-included files matching '*' found under directory '.circleci'
warning: no previously-included files found matching 'src/_bcrypt/target'
warning: no previously-included files found matching 'requirements.txt'
warning: no previously-included files found matching 'release.py'
warning: no previously-included files found matching 'mypy.ini'
warning: no previously-included files matching '*' found under directory '.github'
warning: no previously-included files matching '*' found under directory '.circleci'
warning: no previously-included files found matching 'src/_bcrypt/target'
graalpylibtest-unit-test-tests create: /workdir/bcrypt-4.0.1/.tox/graalpylibtest-unit-test-tests
graalpylibtest-unit-test-tests installdeps: mock, pytest, -rrequirements.txt
ERROR: invocation failed (exit code 1), logfile: /workdir/bcrypt-4.0.1/.tox/graalpylibtest-unit-test-tests/log/graalpylibtest-unit-test-tests-1.log
================================== log start ===================================
Obtaining file:///workdir/bcrypt-4.0.1 (from -r requirements.txt (line 2))
  Installing build dependencies: started
  Installing build dependencies: finished with status 'done'
  Checking if build backend supports build_editable: started
  Checking if build backend supports build_editable: finished with status 'done'
  Getting requirements to build editable: started
  Getting requirements to build editable: finished with status 'done'
  Preparing editable metadata (pyproject.toml): started
  Preparing editable metadata (pyproject.toml): finished with status 'done'
Collecting mock
  Using cached mock-5.1.0-py3-none-any.whl (30 kB)
Collecting pytest
  Using cached pytest-7.4.3-py3-none-any.whl (325 kB)
Collecting iniconfig
  Using cached iniconfig-2.0.0-py3-none-any.whl (5.9 kB)
Collecting packaging
  Using cached packaging-23.2-py3-none-any.whl (53 kB)
Collecting pluggy<2.0,>=0.12
  Using cached pluggy-1.3.0-py3-none-any.whl (18 kB)
Collecting exceptiongroup>=1.0.0rc8
  Using cached exceptiongroup-1.1.3-py3-none-any.whl (14 kB)
Collecting tomli>=1.0.0
  Using cached tomli-2.0.1-py3-none-any.whl (12 kB)
Building wheels for collected packages: bcrypt
  Building editable for bcrypt (pyproject.toml): started
  Building editable for bcrypt (pyproject.toml): finished with status 'error'
  error: subprocess-exited-with-error
  
  × Building editable for bcrypt (pyproject.toml) did not run successfully.
  │ exit code: 1
  ╰─> [157 lines of output]
      running editable_wheel
      creating /tmp/pip-wheel-y82m2l21/.tmp-n_se_183/bcrypt.egg-info
      writing /tmp/pip-wheel-y82m2l21/.tmp-n_se_183/bcrypt.egg-info/PKG-INFO
      writing dependency_links to /tmp/pip-wheel-y82m2l21/.tmp-n_se_183/bcrypt.egg-info/dependency_links.txt
      writing requirements to /tmp/pip-wheel-y82m2l21/.tmp-n_se_183/bcrypt.egg-info/requires.txt
      writing top-level names to /tmp/pip-wheel-y82m2l21/.tmp-n_se_183/bcrypt.egg-info/top_level.txt
      writing manifest file '/tmp/pip-wheel-y82m2l21/.tmp-n_se_183/bcrypt.egg-info/SOURCES.txt'
      reading manifest file '/tmp/pip-wheel-y82m2l21/.tmp-n_se_183/bcrypt.egg-info/SOURCES.txt'
      reading manifest template 'MANIFEST.in'
      warning: no previously-included files found matching 'requirements.txt'
      warning: no previously-included files found matching 'release.py'
      warning: no previously-included files found matching 'mypy.ini'
      warning: no previously-included files matching '*' found under directory '.github'
      warning: no previously-included files matching '*' found under directory '.circleci'
      warning: no previously-included files found matching 'src/_bcrypt/target'
      adding license file 'LICENSE'
      writing manifest file '/tmp/pip-wheel-y82m2l21/.tmp-n_se_183/bcrypt.egg-info/SOURCES.txt'
      creating '/tmp/pip-wheel-y82m2l21/.tmp-n_se_183/bcrypt-4.0.1.dist-info'
      creating /tmp/pip-wheel-y82m2l21/.tmp-n_se_183/bcrypt-4.0.1.dist-info/WHEEL
      running build_py
      running build_ext
      running build_rust
      cargo rustc --lib --message-format=json-render-diagnostics --manifest-path src/_bcrypt/Cargo.toml -v --features pyo3/abi3-py36 pyo3/extension-module -- --crate-type cdylib
             Fresh version_check v0.9.4
             Fresh typenum v1.15.0
             Fresh generic-array v0.14.6
             Fresh unicode-ident v1.0.4
             Fresh cfg-if v1.0.0
             Fresh proc-macro2 v1.0.46
             Fresh crypto-common v0.1.6
         Compiling pyo3-build-config v0.15.2
             Fresh quote v1.0.21
             Fresh once_cell v1.15.0
             Fresh syn v1.0.102
             Fresh proc-macro-hack v0.5.19
             Fresh libc v0.2.134
             Fresh autocfg v1.1.0
             Fresh inout v0.1.3
             Fresh block-buffer v0.10.3
             Fresh subtle v2.4.1
             Fresh digest v0.10.5
             Fresh cipher v0.4.3
             Fresh instant v0.1.12
             Fresh byteorder v1.4.3
             Fresh smallvec v1.10.0
             Fresh unindent v0.1.10
             Fresh scopeguard v1.1.0
             Fresh blowfish v0.9.1
             Fresh parking_lot_core v0.8.5
             Fresh lock_api v0.4.9
             Fresh indoc-impl v0.3.6
             Fresh paste-impl v0.1.18
             Fresh cpufeatures v0.2.5
             Fresh paste v0.1.18
             Fresh parking_lot v0.11.2
             Fresh sha2 v0.10.6
             Fresh indoc v0.3.6
             Fresh pbkdf2 v0.10.1
             Fresh getrandom v0.2.7
             Fresh zeroize v1.5.7
             Fresh base64 v0.13.0
             Fresh bcrypt v0.13.0
             Fresh bcrypt-pbkdf v0.8.1
           Running `/workdir/bcrypt-4.0.1/src/_bcrypt/target/debug/build/pyo3-build-config-104773a5e8e34232/build-script-build`
      error: failed to run custom build command for `pyo3-build-config v0.15.2`
      
      Caused by:
        process didn't exit successfully: `/workdir/bcrypt-4.0.1/src/_bcrypt/target/debug/build/pyo3-build-config-104773a5e8e34232/build-script-build` (exit status: 1)
        --- stdout
        cargo:rerun-if-env-changed=PYO3_CONFIG_FILE
        cargo:rerun-if-env-changed=PYO3_NO_PYTHON
        cargo:rerun-if-env-changed=PYO3_PYTHON
      
        --- stderr
        error: unknown interpreter: GraalVM
      Traceback (most recent call last):
        File "/tmp/pip-build-env-upa95yp8/overlay/lib/python3.10/site-packages/setuptools_rust/build.py", line 250, in build_extension
          cargo_messages = subprocess.check_output(
        File "/opt/graalpy/lib/python3.10/subprocess.py", line 421, in check_output
          return run(*popenargs, stdout=PIPE, timeout=timeout, check=True,
        File "/opt/graalpy/lib/python3.10/subprocess.py", line 526, in run
          raise CalledProcessError(retcode, process.args,
      subprocess.CalledProcessError: Command '['cargo', 'rustc', '--lib', '--message-format=json-render-diagnostics', '--manifest-path', 'src/_bcrypt/Cargo.toml', '-v', '--features', 'pyo3/abi3-py36 pyo3/extension-module', '--', '--crate-type', 'cdylib']' returned non-zero exit status 101.
      
      During handling of the above exception, another exception occurred:
      
      Traceback (most recent call last):
        File "/tmp/pip-build-env-upa95yp8/overlay/lib/python3.10/site-packages/setuptools/command/editable_wheel.py", line 156, in run
          self._create_wheel_file(bdist_wheel)
        File "/tmp/pip-build-env-upa95yp8/overlay/lib/python3.10/site-packages/setuptools/command/editable_wheel.py", line 345, in _create_wheel_file
          files, mapping = self._run_build_commands(dist_name, unpacked, lib, tmp)
        File "/tmp/pip-build-env-upa95yp8/overlay/lib/python3.10/site-packages/setuptools/command/editable_wheel.py", line 268, in _run_build_commands
          self._run_build_subcommands()
        File "/tmp/pip-build-env-upa95yp8/overlay/lib/python3.10/site-packages/setuptools/command/editable_wheel.py", line 295, in _run_build_subcommands
          self.run_command(name)
        File "/opt/graalpy/lib/python3.10/distutils/cmd.py", line 313, in run_command
          self.distribution.run_command(command)
        File "/tmp/pip-build-env-upa95yp8/overlay/lib/python3.10/site-packages/setuptools/dist.py", line 963, in run_command
          super().run_command(command)
        File "/opt/graalpy/lib/python3.10/distutils/dist.py", line 985, in run_command
          cmd_obj.run()
        File "/tmp/pip-build-env-upa95yp8/overlay/lib/python3.10/site-packages/setuptools_rust/setuptools_ext.py", line 168, in run
          build_rust.run()
        File "/tmp/pip-build-env-upa95yp8/overlay/lib/python3.10/site-packages/setuptools_rust/command.py", line 100, in run
          self.run_for_extension(ext)
        File "/tmp/pip-build-env-upa95yp8/overlay/lib/python3.10/site-packages/setuptools_rust/build.py", line 136, in run_for_extension
          dylib_paths = self.build_extension(ext, self.target)
        File "/tmp/pip-build-env-upa95yp8/overlay/lib/python3.10/site-packages/setuptools_rust/build.py", line 259, in build_extension
          raise CompileError(format_called_process_error(e, include_stdout=False))
      distutils.errors.CompileError: `cargo rustc --lib --message-format=json-render-diagnostics --manifest-path src/_bcrypt/Cargo.toml -v --features 'pyo3/abi3-py36 pyo3/extension-module' -- --crate-type cdylib` failed with code 101
      /opt/graalpy/lib/python3.10/distutils/dist.py:985: _DebuggingTips: Problem in editable installation.
      !!
      
              ********************************************************************************
              An error happened while installing `bcrypt` in editable mode.
      
              The following steps are recommended to help debug this problem:
      
              - Try to install the project normally, without using the editable mode.
                Does the error still persist?
                (If it does, try fixing the problem before attempting the editable mode).
              - If you are using binary extensions, make sure you have all OS-level
                dependencies installed (e.g. compilers, toolchains, binary libraries, ...).
              - Try the latest version of setuptools (maybe the error was already fixed).
              - If you (or your project dependencies) are using any setuptools extension
                or customization, make sure they support the editable mode.
      
              After following the steps above, if the problem still persists and
              you think this is related to how setuptools handles editable installations,
              please submit a reproducible example
              (see https://stackoverflow.com/help/minimal-reproducible-example) to:
      
                  https://github.com/pypa/setuptools/issues
      
              See https://setuptools.pypa.io/en/latest/userguide/development_mode.html for details.
              ********************************************************************************
      
      !!
        cmd_obj.run()
      
          =============================DEBUG ASSISTANCE=============================
          If you are seeing a compilation error please try the following steps to
          successfully install bcrypt:
          1) Upgrade to the latest pip and try again. This will fix errors for most
             users. See: https://pip.pypa.io/en/stable/installing/#upgrading-pip
          2) Ensure you have a recent Rust toolchain installed. bcrypt requires
             rustc >= 1.56.0.
      
          Python: 3.10.8
          platform: Linux-5.15.133.1-microsoft-standard-WSL2-x86_64-with-glibc2.16
          pip: n/a
          setuptools: 69.0.0
          setuptools_rust: 1.8.1
          rustc: 1.62.1 (Red Hat 1.62.1-1.module+el8.7.0+20820+0664b183)
          =============================DEBUG ASSISTANCE=============================
      
      error: `cargo rustc --lib --message-format=json-render-diagnostics --manifest-path src/_bcrypt/Cargo.toml -v --features 'pyo3/abi3-py36 pyo3/extension-module' -- --crate-type cdylib` failed with code 101
      [end of output]
  
  note: This error originates from a subprocess, and is likely not a problem with pip.
  ERROR: Failed building editable for bcrypt
Failed to build bcrypt
ERROR: Could not build wheels for bcrypt, which is required to install pyproject.toml-based projects

=================================== log end ====================================
ERROR: could not install deps [mock, pytest, -rrequirements.txt]; v = InvocationError('/workdir/bcrypt-4.0.1/.tox/graalpylibtest-unit-test-tests/bin/python -m pip install mock pytest -rrequirements.txt', 1)
___________________________________ summary ____________________________________
ERROR:   graalpylibtest-unit-test-tests: could not install deps [mock, pytest, -rrequirements.txt]; v = InvocationError('/workdir/bcrypt-4.0.1/.tox/graalpylibtest-unit-test-tests/bin/python -m pip install mock pytest -rrequirements.txt', 1)
