<?xml version="1.0" encoding="utf-8"?><testsuites><testsuite name="pytest" errors="37" failures="0" skipped="0" tests="37" time="2.933" timestamp="2023-11-22T03:26:36.419975" hostname="80ac3eb7f7f2"><testcase classname="" name="test.integration.test_elastic_spark_tensorflow" time="0.000"><error message="collection failure">ImportError while importing test module '/workdir/horovod-0.28.1/test/integration/test_elastic_spark_tensorflow.py'.
Hint: make sure your test modules/packages have valid Python names.
Traceback:
/usr/local/lib/python3.10/importlib/__init__.py:126: in import_module
    return _bootstrap._gcd_import(name[level:], package, level)
test/integration/test_elastic_spark_tensorflow.py:22: in &lt;module&gt;
    from elastic_spark_common import BaseElasticSparkTests
test/integration/elastic_spark_common.py:29: in &lt;module&gt;
    from parameterized import parameterized
E   ModuleNotFoundError: No module named 'parameterized'</error></testcase><testcase classname="" name="test.integration.test_elastic_spark_tensorflow2" time="0.000"><error message="collection failure">ImportError while importing test module '/workdir/horovod-0.28.1/test/integration/test_elastic_spark_tensorflow2.py'.
Hint: make sure your test modules/packages have valid Python names.
Traceback:
/usr/local/lib/python3.10/importlib/__init__.py:126: in import_module
    return _bootstrap._gcd_import(name[level:], package, level)
test/integration/test_elastic_spark_tensorflow2.py:22: in &lt;module&gt;
    from elastic_spark_common import BaseElasticSparkTests
test/integration/elastic_spark_common.py:29: in &lt;module&gt;
    from parameterized import parameterized
E   ModuleNotFoundError: No module named 'parameterized'</error></testcase><testcase classname="" name="test.integration.test_elastic_spark_torch" time="0.000"><error message="collection failure">ImportError while importing test module '/workdir/horovod-0.28.1/test/integration/test_elastic_spark_torch.py'.
Hint: make sure your test modules/packages have valid Python names.
Traceback:
/usr/local/lib/python3.10/importlib/__init__.py:126: in import_module
    return _bootstrap._gcd_import(name[level:], package, level)
test/integration/test_elastic_spark_torch.py:22: in &lt;module&gt;
    from elastic_spark_common import BaseElasticSparkTests
test/integration/elastic_spark_common.py:29: in &lt;module&gt;
    from parameterized import parameterized
E   ModuleNotFoundError: No module named 'parameterized'</error></testcase><testcase classname="" name="test.integration.test_interactiverun" time="0.000"><error message="collection failure">ImportError while importing test module '/workdir/horovod-0.28.1/test/integration/test_interactiverun.py'.
Hint: make sure your test modules/packages have valid Python names.
Traceback:
/usr/local/lib/python3.10/importlib/__init__.py:126: in import_module
    return _bootstrap._gcd_import(name[level:], package, level)
test/integration/test_interactiverun.py:22: in &lt;module&gt;
    import torch
E   ModuleNotFoundError: No module named 'torch'</error></testcase><testcase classname="" name="test.integration.test_spark" time="0.000"><error message="collection failure">ImportError while importing test module '/workdir/horovod-0.28.1/test/integration/test_spark.py'.
Hint: make sure your test modules/packages have valid Python names.
Traceback:
/usr/local/lib/python3.10/importlib/__init__.py:126: in import_module
    return _bootstrap._gcd_import(name[level:], package, level)
test/integration/test_spark.py:21: in &lt;module&gt;
    from horovod.spark.common.store import FilesystemStore
.tox/cpythonlibtest-unit-test-tests/lib/python3.10/site-packages/horovod/spark/__init__.py:18: in &lt;module&gt;
    from .runner import run, run_elastic
.tox/cpythonlibtest-unit-test-tests/lib/python3.10/site-packages/horovod/spark/runner.py:24: in &lt;module&gt;
    import pyspark
E   ModuleNotFoundError: No module named 'pyspark'</error></testcase><testcase classname="" name="test.integration.test_spark_keras" time="0.000"><error message="collection failure">ImportError while importing test module '/workdir/horovod-0.28.1/test/integration/test_spark_keras.py'.
Hint: make sure your test modules/packages have valid Python names.
Traceback:
/usr/local/lib/python3.10/importlib/__init__.py:126: in import_module
    return _bootstrap._gcd_import(name[level:], package, level)
test/integration/test_spark_keras.py:26: in &lt;module&gt;
    import numpy as np
E   ModuleNotFoundError: No module named 'numpy'</error></testcase><testcase classname="" name="test.integration.test_spark_lightning" time="0.000"><error message="collection failure">ImportError while importing test module '/workdir/horovod-0.28.1/test/integration/test_spark_lightning.py'.
Hint: make sure your test modules/packages have valid Python names.
Traceback:
/usr/local/lib/python3.10/importlib/__init__.py:126: in import_module
    return _bootstrap._gcd_import(name[level:], package, level)
test/integration/test_spark_lightning.py:25: in &lt;module&gt;
    import numpy as np
E   ModuleNotFoundError: No module named 'numpy'</error></testcase><testcase classname="" name="test.integration.test_spark_torch" time="0.000"><error message="collection failure">ImportError while importing test module '/workdir/horovod-0.28.1/test/integration/test_spark_torch.py'.
Hint: make sure your test modules/packages have valid Python names.
Traceback:
/usr/local/lib/python3.10/importlib/__init__.py:126: in import_module
    return _bootstrap._gcd_import(name[level:], package, level)
test/integration/test_spark_torch.py:24: in &lt;module&gt;
    import numpy as np
E   ModuleNotFoundError: No module named 'numpy'</error></testcase><testcase classname="" name="test.integration.test_stall" time="0.000"><error message="collection failure">ImportError while importing test module '/workdir/horovod-0.28.1/test/integration/test_stall.py'.
Hint: make sure your test modules/packages have valid Python names.
Traceback:
/usr/local/lib/python3.10/importlib/__init__.py:126: in import_module
    return _bootstrap._gcd_import(name[level:], package, level)
test/integration/test_stall.py:3: in &lt;module&gt;
    import torch
E   ModuleNotFoundError: No module named 'torch'</error></testcase><testcase classname="" name="test.integration.test_static_run" time="0.000"><error message="collection failure">ImportError while importing test module '/workdir/horovod-0.28.1/test/integration/test_static_run.py'.
Hint: make sure your test modules/packages have valid Python names.
Traceback:
/usr/local/lib/python3.10/importlib/__init__.py:126: in import_module
    return _bootstrap._gcd_import(name[level:], package, level)
test/integration/test_static_run.py:24: in &lt;module&gt;
    from parameterized import parameterized
E   ModuleNotFoundError: No module named 'parameterized'</error></testcase><testcase classname="" name="test.parallel.test_adasum_pytorch" time="0.000"><error message="collection failure">ImportError while importing test module '/workdir/horovod-0.28.1/test/parallel/test_adasum_pytorch.py'.
Hint: make sure your test modules/packages have valid Python names.
Traceback:
/usr/local/lib/python3.10/importlib/__init__.py:126: in import_module
    return _bootstrap._gcd_import(name[level:], package, level)
test/parallel/test_adasum_pytorch.py:16: in &lt;module&gt;
    import torch
E   ModuleNotFoundError: No module named 'torch'</error></testcase><testcase classname="" name="test.parallel.test_adasum_tensorflow" time="0.000"><error message="collection failure">ImportError while importing test module '/workdir/horovod-0.28.1/test/parallel/test_adasum_tensorflow.py'.
Hint: make sure your test modules/packages have valid Python names.
Traceback:
/usr/local/lib/python3.10/importlib/__init__.py:126: in import_module
    return _bootstrap._gcd_import(name[level:], package, level)
test/parallel/test_adasum_tensorflow.py:16: in &lt;module&gt;
    import numpy as np
E   ModuleNotFoundError: No module named 'numpy'</error></testcase><testcase classname="" name="test.parallel.test_compute_worker" time="0.000"><error message="collection failure">ImportError while importing test module '/workdir/horovod-0.28.1/test/parallel/test_compute_worker.py'.
Hint: make sure your test modules/packages have valid Python names.
Traceback:
/usr/local/lib/python3.10/importlib/__init__.py:126: in import_module
    return _bootstrap._gcd_import(name[level:], package, level)
test/parallel/test_compute_worker.py:21: in &lt;module&gt;
    import tensorflow as tf
E   ModuleNotFoundError: No module named 'tensorflow'</error></testcase><testcase classname="" name="test.parallel.test_keras" time="0.000"><error message="collection failure">ImportError while importing test module '/workdir/horovod-0.28.1/test/parallel/test_keras.py'.
Hint: make sure your test modules/packages have valid Python names.
Traceback:
/usr/local/lib/python3.10/importlib/__init__.py:126: in import_module
    return _bootstrap._gcd_import(name[level:], package, level)
test/parallel/test_keras.py:30: in &lt;module&gt;
    import numpy as np
E   ModuleNotFoundError: No module named 'numpy'</error></testcase><testcase classname="" name="test.parallel.test_mxnet1" time="0.000"><error message="collection failure">ImportError while importing test module '/workdir/horovod-0.28.1/test/parallel/test_mxnet1.py'.
Hint: make sure your test modules/packages have valid Python names.
Traceback:
/usr/local/lib/python3.10/importlib/__init__.py:126: in import_module
    return _bootstrap._gcd_import(name[level:], package, level)
test/parallel/test_mxnet1.py:24: in &lt;module&gt;
    import numpy as np
E   ModuleNotFoundError: No module named 'numpy'</error></testcase><testcase classname="" name="test.parallel.test_mxnet2" time="0.000"><error message="collection failure">ImportError while importing test module '/workdir/horovod-0.28.1/test/parallel/test_mxnet2.py'.
Hint: make sure your test modules/packages have valid Python names.
Traceback:
/usr/local/lib/python3.10/importlib/__init__.py:126: in import_module
    return _bootstrap._gcd_import(name[level:], package, level)
test/parallel/test_mxnet2.py:24: in &lt;module&gt;
    import numpy as np
E   ModuleNotFoundError: No module named 'numpy'</error></testcase><testcase classname="" name="test.parallel.test_process_sets_multi_comm" time="0.000"><error message="collection failure">ImportError while importing test module '/workdir/horovod-0.28.1/test/parallel/test_process_sets_multi_comm.py'.
Hint: make sure your test modules/packages have valid Python names.
Traceback:
/usr/local/lib/python3.10/importlib/__init__.py:126: in import_module
    return _bootstrap._gcd_import(name[level:], package, level)
test/parallel/test_process_sets_multi_comm.py:4: in &lt;module&gt;
    import horovod.tensorflow as hvd
.tox/cpythonlibtest-unit-test-tests/lib/python3.10/site-packages/horovod/tensorflow/__init__.py:25: in &lt;module&gt;
    check_extension('horovod.tensorflow', 'HOROVOD_WITH_TENSORFLOW', __file__, 'mpi_lib')
.tox/cpythonlibtest-unit-test-tests/lib/python3.10/site-packages/horovod/common/util.py:56: in check_extension
    raise ImportError(
E   ImportError: Extension horovod.tensorflow has not been built: /workdir/horovod-0.28.1/.tox/cpythonlibtest-unit-test-tests/lib/python3.10/site-packages/horovod/tensorflow/mpi_lib.cpython-310-x86_64-linux-gnu.so not found
E   If this is not expected, reinstall Horovod with HOROVOD_WITH_TENSORFLOW=1 to debug the build error.</error></testcase><testcase classname="" name="test.parallel.test_process_sets_static" time="0.000"><error message="collection failure">ImportError while importing test module '/workdir/horovod-0.28.1/test/parallel/test_process_sets_static.py'.
Hint: make sure your test modules/packages have valid Python names.
Traceback:
/usr/local/lib/python3.10/importlib/__init__.py:126: in import_module
    return _bootstrap._gcd_import(name[level:], package, level)
test/parallel/test_process_sets_static.py:6: in &lt;module&gt;
    import horovod.tensorflow as hvd
.tox/cpythonlibtest-unit-test-tests/lib/python3.10/site-packages/horovod/tensorflow/__init__.py:25: in &lt;module&gt;
    check_extension('horovod.tensorflow', 'HOROVOD_WITH_TENSORFLOW', __file__, 'mpi_lib')
.tox/cpythonlibtest-unit-test-tests/lib/python3.10/site-packages/horovod/common/util.py:56: in check_extension
    raise ImportError(
E   ImportError: Extension horovod.tensorflow has not been built: /workdir/horovod-0.28.1/.tox/cpythonlibtest-unit-test-tests/lib/python3.10/site-packages/horovod/tensorflow/mpi_lib.cpython-310-x86_64-linux-gnu.so not found
E   If this is not expected, reinstall Horovod with HOROVOD_WITH_TENSORFLOW=1 to debug the build error.</error></testcase><testcase classname="" name="test.parallel.test_tensorflow" time="0.000"><error message="collection failure">ImportError while importing test module '/workdir/horovod-0.28.1/test/parallel/test_tensorflow.py'.
Hint: make sure your test modules/packages have valid Python names.
Traceback:
/usr/local/lib/python3.10/importlib/__init__.py:126: in import_module
    return _bootstrap._gcd_import(name[level:], package, level)
test/parallel/test_tensorflow.py:24: in &lt;module&gt;
    import numpy as np
E   ModuleNotFoundError: No module named 'numpy'</error></testcase><testcase classname="" name="test.parallel.test_tensorflow2_keras" time="0.000"><error message="collection failure">ImportError while importing test module '/workdir/horovod-0.28.1/test/parallel/test_tensorflow2_keras.py'.
Hint: make sure your test modules/packages have valid Python names.
Traceback:
/usr/local/lib/python3.10/importlib/__init__.py:126: in import_module
    return _bootstrap._gcd_import(name[level:], package, level)
test/parallel/test_tensorflow2_keras.py:18: in &lt;module&gt;
    import tensorflow as tf
E   ModuleNotFoundError: No module named 'tensorflow'</error></testcase><testcase classname="" name="test.parallel.test_tensorflow2_keras_process_sets" time="0.000"><error message="collection failure">ImportError while importing test module '/workdir/horovod-0.28.1/test/parallel/test_tensorflow2_keras_process_sets.py'.
Hint: make sure your test modules/packages have valid Python names.
Traceback:
/usr/local/lib/python3.10/importlib/__init__.py:126: in import_module
    return _bootstrap._gcd_import(name[level:], package, level)
test/parallel/test_tensorflow2_keras_process_sets.py:8: in &lt;module&gt;
    import tensorflow as tf
E   ModuleNotFoundError: No module named 'tensorflow'</error></testcase><testcase classname="" name="test.parallel.test_tensorflow_keras" time="0.000"><error message="collection failure">ImportError while importing test module '/workdir/horovod-0.28.1/test/parallel/test_tensorflow_keras.py'.
Hint: make sure your test modules/packages have valid Python names.
Traceback:
/usr/local/lib/python3.10/importlib/__init__.py:126: in import_module
    return _bootstrap._gcd_import(name[level:], package, level)
test/parallel/test_tensorflow_keras.py:19: in &lt;module&gt;
    import numpy as np
E   ModuleNotFoundError: No module named 'numpy'</error></testcase><testcase classname="" name="test.parallel.test_tensorflow_process_sets" time="0.000"><error message="collection failure">ImportError while importing test module '/workdir/horovod-0.28.1/test/parallel/test_tensorflow_process_sets.py'.
Hint: make sure your test modules/packages have valid Python names.
Traceback:
/usr/local/lib/python3.10/importlib/__init__.py:126: in import_module
    return _bootstrap._gcd_import(name[level:], package, level)
test/parallel/test_tensorflow_process_sets.py:11: in &lt;module&gt;
    import numpy as np
E   ModuleNotFoundError: No module named 'numpy'</error></testcase><testcase classname="" name="test.parallel.test_tensorflow_process_sets_dynamic" time="0.000"><error message="collection failure">ImportError while importing test module '/workdir/horovod-0.28.1/test/parallel/test_tensorflow_process_sets_dynamic.py'.
Hint: make sure your test modules/packages have valid Python names.
Traceback:
/usr/local/lib/python3.10/importlib/__init__.py:126: in import_module
    return _bootstrap._gcd_import(name[level:], package, level)
test/parallel/test_tensorflow_process_sets_dynamic.py:8: in &lt;module&gt;
    import tensorflow as tf
E   ModuleNotFoundError: No module named 'tensorflow'</error></testcase><testcase classname="" name="test.parallel.test_timeline" time="0.000"><error message="collection failure">ImportError while importing test module '/workdir/horovod-0.28.1/test/parallel/test_timeline.py'.
Hint: make sure your test modules/packages have valid Python names.
Traceback:
/usr/local/lib/python3.10/importlib/__init__.py:126: in import_module
    return _bootstrap._gcd_import(name[level:], package, level)
test/parallel/test_timeline.py:16: in &lt;module&gt;
    import torch
E   ModuleNotFoundError: No module named 'torch'</error></testcase><testcase classname="" name="test.parallel.test_torch" time="0.000"><error message="collection failure">ImportError while importing test module '/workdir/horovod-0.28.1/test/parallel/test_torch.py'.
Hint: make sure your test modules/packages have valid Python names.
Traceback:
/usr/local/lib/python3.10/importlib/__init__.py:126: in import_module
    return _bootstrap._gcd_import(name[level:], package, level)
test/parallel/test_torch.py:33: in &lt;module&gt;
    import numpy as np
E   ModuleNotFoundError: No module named 'numpy'</error></testcase><testcase classname="" name="test.parallel.test_xla" time="0.000"><error message="collection failure">ImportError while importing test module '/workdir/horovod-0.28.1/test/parallel/test_xla.py'.
Hint: make sure your test modules/packages have valid Python names.
Traceback:
/usr/local/lib/python3.10/importlib/__init__.py:126: in import_module
    return _bootstrap._gcd_import(name[level:], package, level)
test/parallel/test_xla.py:25: in &lt;module&gt;
    import numpy as np
E   ModuleNotFoundError: No module named 'numpy'</error></testcase><testcase classname="" name="test.parallel.test_xla_process_sets" time="0.000"><error message="collection failure">ImportError while importing test module '/workdir/horovod-0.28.1/test/parallel/test_xla_process_sets.py'.
Hint: make sure your test modules/packages have valid Python names.
Traceback:
/usr/local/lib/python3.10/importlib/__init__.py:126: in import_module
    return _bootstrap._gcd_import(name[level:], package, level)
test/parallel/test_xla_process_sets.py:29: in &lt;module&gt;
    import numpy as np
E   ModuleNotFoundError: No module named 'numpy'</error></testcase><testcase classname="" name="test.single.test_compute_service" time="0.000"><error message="collection failure">ImportError while importing test module '/workdir/horovod-0.28.1/test/single/test_compute_service.py'.
Hint: make sure your test modules/packages have valid Python names.
Traceback:
/usr/local/lib/python3.10/importlib/__init__.py:126: in import_module
    return _bootstrap._gcd_import(name[level:], package, level)
test/single/test_compute_service.py:19: in &lt;module&gt;
    import tensorflow as tf
E   ModuleNotFoundError: No module named 'tensorflow'</error></testcase><testcase classname="" name="test.single.test_elastic_discovery" time="0.000"><error message="collection failure">ImportError while importing test module '/workdir/horovod-0.28.1/test/single/test_elastic_discovery.py'.
Hint: make sure your test modules/packages have valid Python names.
Traceback:
/usr/local/lib/python3.10/importlib/__init__.py:126: in import_module
    return _bootstrap._gcd_import(name[level:], package, level)
test/single/test_elastic_discovery.py:18: in &lt;module&gt;
    from parameterized import parameterized
E   ModuleNotFoundError: No module named 'parameterized'</error></testcase><testcase classname="" name="test.single.test_ray" time="0.000"><error message="collection failure">ImportError while importing test module '/workdir/horovod-0.28.1/test/single/test_ray.py'.
Hint: make sure your test modules/packages have valid Python names.
Traceback:
/usr/local/lib/python3.10/importlib/__init__.py:126: in import_module
    return _bootstrap._gcd_import(name[level:], package, level)
test/single/test_ray.py:10: in &lt;module&gt;
    import ray
E   ModuleNotFoundError: No module named 'ray'</error></testcase><testcase classname="" name="test.single.test_ray_elastic" time="0.000"><error message="collection failure">ImportError while importing test module '/workdir/horovod-0.28.1/test/single/test_ray_elastic.py'.
Hint: make sure your test modules/packages have valid Python names.
Traceback:
/usr/local/lib/python3.10/importlib/__init__.py:126: in import_module
    return _bootstrap._gcd_import(name[level:], package, level)
test/single/test_ray_elastic.py:12: in &lt;module&gt;
    import ray
E   ModuleNotFoundError: No module named 'ray'</error></testcase><testcase classname="" name="test.single.test_ray_elastic_v2" time="0.000"><error message="collection failure">ImportError while importing test module '/workdir/horovod-0.28.1/test/single/test_ray_elastic_v2.py'.
Hint: make sure your test modules/packages have valid Python names.
Traceback:
/usr/local/lib/python3.10/importlib/__init__.py:126: in import_module
    return _bootstrap._gcd_import(name[level:], package, level)
test/single/test_ray_elastic_v2.py:12: in &lt;module&gt;
    import ray
E   ModuleNotFoundError: No module named 'ray'</error></testcase><testcase classname="" name="test.single.test_torch_elastic" time="0.000"><error message="collection failure">ImportError while importing test module '/workdir/horovod-0.28.1/test/single/test_torch_elastic.py'.
Hint: make sure your test modules/packages have valid Python names.
Traceback:
/usr/local/lib/python3.10/importlib/__init__.py:126: in import_module
    return _bootstrap._gcd_import(name[level:], package, level)
test/single/test_torch_elastic.py:20: in &lt;module&gt;
    import numpy as np
E   ModuleNotFoundError: No module named 'numpy'</error></testcase><testcase classname="" name="third_party.boost.predef.tools.ci.library_test" time="0.000"><error message="collection failure">ImportError while importing test module '/workdir/horovod-0.28.1/third_party/boost/predef/tools/ci/library_test.py'.
Hint: make sure your test modules/packages have valid Python names.
Traceback:
/usr/local/lib/python3.10/importlib/__init__.py:126: in import_module
    return _bootstrap._gcd_import(name[level:], package, level)
third_party/boost/predef/tools/ci/library_test.py:12: in &lt;module&gt;
    from common import toolset_info, main, utils, script_common, ci_cli, set_arg
E   ImportError: cannot import name 'toolset_info' from 'common' (/workdir/horovod-0.28.1/test/utils/common.py)</error></testcase><testcase classname="" name="third_party.flatbuffers.tests.py_flexbuffers_test" time="0.000"><error message="collection failure">ImportError while importing test module '/workdir/horovod-0.28.1/third_party/flatbuffers/tests/py_flexbuffers_test.py'.
Hint: make sure your test modules/packages have valid Python names.
Traceback:
/usr/local/lib/python3.10/importlib/__init__.py:126: in import_module
    return _bootstrap._gcd_import(name[level:], package, level)
third_party/flatbuffers/tests/py_flexbuffers_test.py:22: in &lt;module&gt;
    from flatbuffers import flexbuffers
E   ModuleNotFoundError: No module named 'flatbuffers'</error></testcase><testcase classname="" name="third_party.flatbuffers.tests.py_test" time="0.000"><error message="collection failure">ImportError while importing test module '/workdir/horovod-0.28.1/third_party/flatbuffers/tests/py_test.py'.
Hint: make sure your test modules/packages have valid Python names.
Traceback:
/usr/local/lib/python3.10/importlib/__init__.py:126: in import_module
    return _bootstrap._gcd_import(name[level:], package, level)
third_party/flatbuffers/tests/py_test.py:28: in &lt;module&gt;
    from flatbuffers import compat
E   ModuleNotFoundError: No module named 'flatbuffers'</error></testcase></testsuite></testsuites>